<?xml version="1.0" encoding="UTF-8"?>
<testsuites name="Bespoke Buyer Pages" time="116.344" tests="16" failures="0" errors="0">
   <testsuite name="Bespoke Buyer Pages" tests="16" failures="0" errors="0" time="116.344" timestamp="2020-03-20 09:41:20" hostname="ARCADIER03 - 192.168.254.105" id="Test Suites/Admin/Language/Edit Text/Bespoke/Buyer Pages/Bespoke Buyer Pages">
      <properties>
         <property name="deviceName" value=""/>
         <property name="devicePlatform" value=""/>
         <property name="logFolder" value="C:\\Katalon\\Arctick\\Reports\\20200320_094118\\Admin\\Language\\Edit Text\\Bespoke\\Buyer Pages\\Bespoke Buyer Pages\\20200320_094118"/>
         <property name="logFiles" value="C:\\Katalon\\Arctick\\Reports\\20200320_094118\\Admin\\Language\\Edit Text\\Bespoke\\Buyer Pages\\Bespoke Buyer Pages\\20200320_094118\\execution0.log"/>
         <property name="attachments" value=""/>
         <property name="hostName" value="ARCADIER03 - 192.168.254.105"/>
         <property name="os" value="Windows 7 64bit"/>
         <property name="katalonVersion" value="7.2.6.1"/>
         <property name="browser" value="Chrome 80.0.3987.149"/>
         <property name="hostAddress" value="192.168.254.105"/>
         <property name="sessionId" value="36d01542543bc6b7e6541b3e6dcbd8a9"/>
         <property name="seleniumVersion" value="3.141.59"/>
         <property name="proxyInformation" value="ProxyInformation{proxyOption=NO_PROXY, proxyServerType=HTTP, password=, proxyServerAddress=, proxyServerPort=0, executionList=}"/>
         <property name="platform" value="Windows 7"/>
      </properties>
      <testcase name="Test Cases/ADMIN/Language/Edit Text/Bespoke/Buyer Pages/Onboarding_Settings" time="9.587" classname="Test Cases/ADMIN/Language/Edit Text/Bespoke/Buyer Pages/Onboarding_Settings" status="PASSED">
         <system-out><![CDATA[2020-03-20 09:41:21 - [TEST_CASE][PASSED] - Test Cases/ADMIN/Language/Edit Text/Bespoke/Buyer Pages/Onboarding_Settings: Test Cases/ADMIN/Language/Edit Text/Bespoke/Buyer Pages/Onboarding_Settings

2020-03-20 09:41:22 - [TEST_STEP][PASSED] - waitForElementVisible(findTestObject("ADMIN/Edit Text/Bespoke/Buyer Navigation/dd_language"), 0): Object 'Object Repository/ADMIN/Edit Text/Bespoke/Buyer Navigation/dd_language' is visible

2020-03-20 09:41:22 - [MESSAGE][WARNING] - Timeout '0' is invalid. Using default page load timeout: '30'

2020-03-20 09:41:24 - [MESSAGE][PASSED] - Object 'Object Repository/ADMIN/Edit Text/Bespoke/Buyer Navigation/dd_language' is visible

2020-03-20 09:41:24 - [TEST_STEP][PASSED] - selectOptionByLabel(findTestObject("ADMIN/Edit Text/Bespoke/Buyer Navigation/dd_language"), varLanguage, false): All options with label 'French' are selected in object 'Object Repository/ADMIN/Edit Text/Bespoke/Buyer Navigation/dd_language' 

2020-03-20 09:41:24 - [MESSAGE][PASSED] - All options with label 'French' are selected in object 'Object Repository/ADMIN/Edit Text/Bespoke/Buyer Navigation/dd_language' 

2020-03-20 09:41:24 - [TEST_STEP][PASSED] - sendKeys(findTestObject("ADMIN/Edit Text/Bespoke/Buyer Pages/Onboarding_Settings/input_USER SETTINGS_marketplace-name"), "*"): Keys '*' sent to object: 'Object Repository/ADMIN/Edit Text/Bespoke/Buyer Pages/Onboarding_Settings/input_USER SETTINGS_marketplace-name'

2020-03-20 09:41:24 - [MESSAGE][PASSED] - Keys '*' sent to object: 'Object Repository/ADMIN/Edit Text/Bespoke/Buyer Pages/Onboarding_Settings/input_USER SETTINGS_marketplace-name'

2020-03-20 09:41:24 - [TEST_STEP][PASSED] - sendKeys(findTestObject("ADMIN/Edit Text/Bespoke/Buyer Pages/Onboarding_Settings/input_Configure your profile and your settings here_item_details"), "*"): Keys '*' sent to object: 'Object Repository/ADMIN/Edit Text/Bespoke/Buyer Pages/Onboarding_Settings/input_Configure your profile and your settings here_item_details'

2020-03-20 09:41:25 - [MESSAGE][PASSED] - Keys '*' sent to object: 'Object Repository/ADMIN/Edit Text/Bespoke/Buyer Pages/Onboarding_Settings/input_Configure your profile and your settings here_item_details'

2020-03-20 09:41:25 - [TEST_STEP][PASSED] - sendKeys(findTestObject("ADMIN/Edit Text/Bespoke/Buyer Pages/Onboarding_Settings/input_PROFILE_tab-title"), "*"): Keys '*' sent to object: 'Object Repository/ADMIN/Edit Text/Bespoke/Buyer Pages/Onboarding_Settings/input_PROFILE_tab-title'

2020-03-20 09:41:25 - [MESSAGE][PASSED] - Keys '*' sent to object: 'Object Repository/ADMIN/Edit Text/Bespoke/Buyer Pages/Onboarding_Settings/input_PROFILE_tab-title'

2020-03-20 09:41:25 - [TEST_STEP][PASSED] - sendKeys(findTestObject("ADMIN/Edit Text/Bespoke/Buyer Pages/Onboarding_Settings/input_CHANGE_btn_upload"), "*"): Keys '*' sent to object: 'Object Repository/ADMIN/Edit Text/Bespoke/Buyer Pages/Onboarding_Settings/input_CHANGE_btn_upload'

2020-03-20 09:41:25 - [MESSAGE][PASSED] - Keys '*' sent to object: 'Object Repository/ADMIN/Edit Text/Bespoke/Buyer Pages/Onboarding_Settings/input_CHANGE_btn_upload'

2020-03-20 09:41:25 - [TEST_STEP][PASSED] - sendKeys(findTestObject("ADMIN/Edit Text/Bespoke/Buyer Pages/Onboarding_Settings/input_DISPLAY NAME_display-name"), "*"): Keys '*' sent to object: 'Object Repository/ADMIN/Edit Text/Bespoke/Buyer Pages/Onboarding_Settings/input_DISPLAY NAME_display-name'

2020-03-20 09:41:25 - [MESSAGE][PASSED] - Keys '*' sent to object: 'Object Repository/ADMIN/Edit Text/Bespoke/Buyer Pages/Onboarding_Settings/input_DISPLAY NAME_display-name'

2020-03-20 09:41:25 - [TEST_STEP][PASSED] - sendKeys(findTestObject("ADMIN/Edit Text/Bespoke/Buyer Pages/Onboarding_Settings/input_FIRST NAME_first-name"), "*"): Keys '*' sent to object: 'Object Repository/ADMIN/Edit Text/Bespoke/Buyer Pages/Onboarding_Settings/input_FIRST NAME_first-name'

2020-03-20 09:41:25 - [MESSAGE][PASSED] - Keys '*' sent to object: 'Object Repository/ADMIN/Edit Text/Bespoke/Buyer Pages/Onboarding_Settings/input_FIRST NAME_first-name'

2020-03-20 09:41:25 - [TEST_STEP][PASSED] - sendKeys(findTestObject("ADMIN/Edit Text/Bespoke/Buyer Pages/Onboarding_Settings/input_LAST NAME_last-name"), "*"): Keys '*' sent to object: 'Object Repository/ADMIN/Edit Text/Bespoke/Buyer Pages/Onboarding_Settings/input_LAST NAME_last-name'

2020-03-20 09:41:26 - [MESSAGE][PASSED] - Keys '*' sent to object: 'Object Repository/ADMIN/Edit Text/Bespoke/Buyer Pages/Onboarding_Settings/input_LAST NAME_last-name'

2020-03-20 09:41:26 - [TEST_STEP][PASSED] - sendKeys(findTestObject("ADMIN/Edit Text/Bespoke/Buyer Pages/Onboarding_Settings/input_NOTIFICATION EMAIL_notification-email"), "*"): Keys '*' sent to object: 'Object Repository/ADMIN/Edit Text/Bespoke/Buyer Pages/Onboarding_Settings/input_NOTIFICATION EMAIL_notification-email'

2020-03-20 09:41:26 - [MESSAGE][PASSED] - Keys '*' sent to object: 'Object Repository/ADMIN/Edit Text/Bespoke/Buyer Pages/Onboarding_Settings/input_NOTIFICATION EMAIL_notification-email'

2020-03-20 09:41:26 - [TEST_STEP][PASSED] - sendKeys(findTestObject("ADMIN/Edit Text/Bespoke/Buyer Pages/Onboarding_Settings/input_CONTACT NUMBER_contact-number"), "*"): Keys '*' sent to object: 'Object Repository/ADMIN/Edit Text/Bespoke/Buyer Pages/Onboarding_Settings/input_CONTACT NUMBER_contact-number'

2020-03-20 09:41:26 - [MESSAGE][PASSED] - Keys '*' sent to object: 'Object Repository/ADMIN/Edit Text/Bespoke/Buyer Pages/Onboarding_Settings/input_CONTACT NUMBER_contact-number'

2020-03-20 09:41:26 - [TEST_STEP][PASSED] - sendKeys(findTestObject("ADMIN/Edit Text/Bespoke/Buyer Pages/Onboarding_Settings/input_OPENID LOGIN_open-id-login"), "*"): Keys '*' sent to object: 'Object Repository/ADMIN/Edit Text/Bespoke/Buyer Pages/Onboarding_Settings/input_OPENID LOGIN_open-id-login'

2020-03-20 09:41:26 - [MESSAGE][PASSED] - Keys '*' sent to object: 'Object Repository/ADMIN/Edit Text/Bespoke/Buyer Pages/Onboarding_Settings/input_OPENID LOGIN_open-id-login'

2020-03-20 09:41:26 - [TEST_STEP][PASSED] - sendKeys(findTestObject("ADMIN/Edit Text/Bespoke/Buyer Pages/Onboarding_Settings/input_NEXT_btn_next"), "*"): Keys '*' sent to object: 'Object Repository/ADMIN/Edit Text/Bespoke/Buyer Pages/Onboarding_Settings/input_NEXT_btn_next'

2020-03-20 09:41:26 - [MESSAGE][PASSED] - Keys '*' sent to object: 'Object Repository/ADMIN/Edit Text/Bespoke/Buyer Pages/Onboarding_Settings/input_NEXT_btn_next'

2020-03-20 09:41:26 - [TEST_STEP][PASSED] - sendKeys(findTestObject("ADMIN/Edit Text/Bespoke/Buyer Pages/Onboarding_Settings/input_ADDRESS_tab-title"), "*"): Keys '*' sent to object: 'Object Repository/ADMIN/Edit Text/Bespoke/Buyer Pages/Onboarding_Settings/input_ADDRESS_tab-title'

2020-03-20 09:41:26 - [MESSAGE][PASSED] - Keys '*' sent to object: 'Object Repository/ADMIN/Edit Text/Bespoke/Buyer Pages/Onboarding_Settings/input_ADDRESS_tab-title'

2020-03-20 09:41:26 - [TEST_STEP][PASSED] - sendKeys(findTestObject("ADMIN/Edit Text/Bespoke/Buyer Pages/Onboarding_Settings/input_NEW DELIVERY ADDRESS_new-delivery-address"), "*"): Keys '*' sent to object: 'Object Repository/ADMIN/Edit Text/Bespoke/Buyer Pages/Onboarding_Settings/input_NEW DELIVERY ADDRESS_new-delivery-address'

2020-03-20 09:41:27 - [MESSAGE][PASSED] - Keys '*' sent to object: 'Object Repository/ADMIN/Edit Text/Bespoke/Buyer Pages/Onboarding_Settings/input_NEW DELIVERY ADDRESS_new-delivery-address'

2020-03-20 09:41:27 - [TEST_STEP][PASSED] - sendKeys(findTestObject("ADMIN/Edit Text/Bespoke/Buyer Pages/Onboarding_Settings/input_ADDRESSEE FIRST NAME_addressee-first-name"), "*"): Keys '*' sent to object: 'Object Repository/ADMIN/Edit Text/Bespoke/Buyer Pages/Onboarding_Settings/input_ADDRESSEE FIRST NAME_addressee-first-name'

2020-03-20 09:41:27 - [MESSAGE][PASSED] - Keys '*' sent to object: 'Object Repository/ADMIN/Edit Text/Bespoke/Buyer Pages/Onboarding_Settings/input_ADDRESSEE FIRST NAME_addressee-first-name'

2020-03-20 09:41:27 - [TEST_STEP][PASSED] - sendKeys(findTestObject("ADMIN/Edit Text/Bespoke/Buyer Pages/Onboarding_Settings/input_ADDRESSEE LAST NAME_addressee-last-name"), "*"): Keys '*' sent to object: 'Object Repository/ADMIN/Edit Text/Bespoke/Buyer Pages/Onboarding_Settings/input_ADDRESSEE LAST NAME_addressee-last-name'

2020-03-20 09:41:27 - [MESSAGE][PASSED] - Keys '*' sent to object: 'Object Repository/ADMIN/Edit Text/Bespoke/Buyer Pages/Onboarding_Settings/input_ADDRESSEE LAST NAME_addressee-last-name'

2020-03-20 09:41:27 - [TEST_STEP][PASSED] - sendKeys(findTestObject("ADMIN/Edit Text/Bespoke/Buyer Pages/Onboarding_Settings/input_ADDRESS_address"), "*"): Keys '*' sent to object: 'Object Repository/ADMIN/Edit Text/Bespoke/Buyer Pages/Onboarding_Settings/input_ADDRESS_address'

2020-03-20 09:41:27 - [MESSAGE][PASSED] - Keys '*' sent to object: 'Object Repository/ADMIN/Edit Text/Bespoke/Buyer Pages/Onboarding_Settings/input_ADDRESS_address'

2020-03-20 09:41:27 - [TEST_STEP][PASSED] - sendKeys(findTestObject("ADMIN/Edit Text/Bespoke/Buyer Pages/Onboarding_Settings/input_COUNTRY_address-country"), "*"): Keys '*' sent to object: 'Object Repository/ADMIN/Edit Text/Bespoke/Buyer Pages/Onboarding_Settings/input_COUNTRY_address-country'

2020-03-20 09:41:28 - [MESSAGE][PASSED] - Keys '*' sent to object: 'Object Repository/ADMIN/Edit Text/Bespoke/Buyer Pages/Onboarding_Settings/input_COUNTRY_address-country'

2020-03-20 09:41:28 - [TEST_STEP][PASSED] - sendKeys(findTestObject("ADMIN/Edit Text/Bespoke/Buyer Pages/Onboarding_Settings/input_State_address-state"), "*"): Keys '*' sent to object: 'Object Repository/ADMIN/Edit Text/Bespoke/Buyer Pages/Onboarding_Settings/input_State_address-state'

2020-03-20 09:41:28 - [MESSAGE][PASSED] - Keys '*' sent to object: 'Object Repository/ADMIN/Edit Text/Bespoke/Buyer Pages/Onboarding_Settings/input_State_address-state'

2020-03-20 09:41:28 - [TEST_STEP][PASSED] - sendKeys(findTestObject("ADMIN/Edit Text/Bespoke/Buyer Pages/Onboarding_Settings/input_CITY_address-city"), "*"): Keys '*' sent to object: 'Object Repository/ADMIN/Edit Text/Bespoke/Buyer Pages/Onboarding_Settings/input_CITY_address-city'

2020-03-20 09:41:28 - [MESSAGE][PASSED] - Keys '*' sent to object: 'Object Repository/ADMIN/Edit Text/Bespoke/Buyer Pages/Onboarding_Settings/input_CITY_address-city'

2020-03-20 09:41:28 - [TEST_STEP][PASSED] - sendKeys(findTestObject("ADMIN/Edit Text/Bespoke/Buyer Pages/Onboarding_Settings/input_POSTAL CODE_address-postalcode"), "*"): Keys '*' sent to object: 'Object Repository/ADMIN/Edit Text/Bespoke/Buyer Pages/Onboarding_Settings/input_POSTAL CODE_address-postalcode'

2020-03-20 09:41:28 - [MESSAGE][PASSED] - Keys '*' sent to object: 'Object Repository/ADMIN/Edit Text/Bespoke/Buyer Pages/Onboarding_Settings/input_POSTAL CODE_address-postalcode'

2020-03-20 09:41:28 - [TEST_STEP][PASSED] - sendKeys(findTestObject("ADMIN/Edit Text/Bespoke/Buyer Pages/Onboarding_Settings/input_SELECT COUNTRY_select-country"), "*"): Keys '*' sent to object: 'Object Repository/ADMIN/Edit Text/Bespoke/Buyer Pages/Onboarding_Settings/input_SELECT COUNTRY_select-country'

2020-03-20 09:41:28 - [MESSAGE][PASSED] - Keys '*' sent to object: 'Object Repository/ADMIN/Edit Text/Bespoke/Buyer Pages/Onboarding_Settings/input_SELECT COUNTRY_select-country'

2020-03-20 09:41:28 - [TEST_STEP][PASSED] - sendKeys(findTestObject("ADMIN/Edit Text/Bespoke/Buyer Pages/Onboarding_Settings/input_Select City"), "*"): Keys '*' sent to object: 'Object Repository/ADMIN/Edit Text/Bespoke/Buyer Pages/Onboarding_Settings/input_Select City'

2020-03-20 09:41:28 - [MESSAGE][PASSED] - Keys '*' sent to object: 'Object Repository/ADMIN/Edit Text/Bespoke/Buyer Pages/Onboarding_Settings/input_Select City'

2020-03-20 09:41:28 - [TEST_STEP][PASSED] - sendKeys(findTestObject("ADMIN/Edit Text/Bespoke/Buyer Pages/Onboarding_Settings/input_ADD ADDRESS_btn_add"), "*"): Keys '*' sent to object: 'Object Repository/ADMIN/Edit Text/Bespoke/Buyer Pages/Onboarding_Settings/input_ADD ADDRESS_btn_add'

2020-03-20 09:41:29 - [MESSAGE][PASSED] - Keys '*' sent to object: 'Object Repository/ADMIN/Edit Text/Bespoke/Buyer Pages/Onboarding_Settings/input_ADD ADDRESS_btn_add'

2020-03-20 09:41:29 - [TEST_STEP][PASSED] - sendKeys(findTestObject("ADMIN/Edit Text/Bespoke/Buyer Pages/Onboarding_Settings/input_SAVED ADDRESSES_address-saved"), "*"): Keys '*' sent to object: 'Object Repository/ADMIN/Edit Text/Bespoke/Buyer Pages/Onboarding_Settings/input_SAVED ADDRESSES_address-saved'

2020-03-20 09:41:29 - [MESSAGE][PASSED] - Keys '*' sent to object: 'Object Repository/ADMIN/Edit Text/Bespoke/Buyer Pages/Onboarding_Settings/input_SAVED ADDRESSES_address-saved'

2020-03-20 09:41:29 - [TEST_STEP][PASSED] - sendKeys(findTestObject("ADMIN/Edit Text/Bespoke/Buyer Pages/Onboarding_Settings/input_SAVE_btn_next"), "*"): Keys '*' sent to object: 'Object Repository/ADMIN/Edit Text/Bespoke/Buyer Pages/Onboarding_Settings/input_SAVE_btn_next'

2020-03-20 09:41:29 - [MESSAGE][PASSED] - Keys '*' sent to object: 'Object Repository/ADMIN/Edit Text/Bespoke/Buyer Pages/Onboarding_Settings/input_SAVE_btn_next'

2020-03-20 09:41:29 - [TEST_STEP][PASSED] - sendKeys(findTestObject("ADMIN/Edit Text/Bespoke/Buyer Pages/Onboarding_Settings/input_Are you sure want to delete_popup-title"), "*"): Keys '*' sent to object: 'Object Repository/ADMIN/Edit Text/Bespoke/Buyer Pages/Onboarding_Settings/input_Are you sure want to delete_popup-title'

2020-03-20 09:41:29 - [MESSAGE][PASSED] - Keys '*' sent to object: 'Object Repository/ADMIN/Edit Text/Bespoke/Buyer Pages/Onboarding_Settings/input_Are you sure want to delete_popup-title'

2020-03-20 09:41:29 - [TEST_STEP][PASSED] - sendKeys(findTestObject("ADMIN/Edit Text/Bespoke/Buyer Pages/Onboarding_Settings/input_CANCEL_btn_cancel"), "*"): Keys '*' sent to object: 'Object Repository/ADMIN/Edit Text/Bespoke/Buyer Pages/Onboarding_Settings/input_CANCEL_btn_cancel'

2020-03-20 09:41:29 - [MESSAGE][PASSED] - Keys '*' sent to object: 'Object Repository/ADMIN/Edit Text/Bespoke/Buyer Pages/Onboarding_Settings/input_CANCEL_btn_cancel'

2020-03-20 09:41:29 - [TEST_STEP][PASSED] - sendKeys(findTestObject("ADMIN/Edit Text/Bespoke/Buyer Pages/Onboarding_Settings/input_OK_btn_okay"), "*"): Keys '*' sent to object: 'Object Repository/ADMIN/Edit Text/Bespoke/Buyer Pages/Onboarding_Settings/input_OK_btn_okay'

2020-03-20 09:41:29 - [MESSAGE][PASSED] - Keys '*' sent to object: 'Object Repository/ADMIN/Edit Text/Bespoke/Buyer Pages/Onboarding_Settings/input_OK_btn_okay'

2020-03-20 09:41:29 - [TEST_STEP][PASSED] - click(findTestObject("ADMIN/Edit Text/Bespoke/Buyer Pages/Homepage/button_save"), CONTINUE_ON_FAILURE): Object: 'Object Repository/ADMIN/Edit Text/Bespoke/Buyer Pages/Homepage/button_save' is clicked on

2020-03-20 09:41:30 - [MESSAGE][PASSED] - Object: 'Object Repository/ADMIN/Edit Text/Bespoke/Buyer Pages/Homepage/button_save' is clicked on

2020-03-20 09:41:30 - [TEST_STEP][PASSED] - waitForElementVisible(findTestObject("ADMIN/Edit Text/Bespoke/Buyer Pages/Homepage/toaster_success"), 0): Object 'Object Repository/ADMIN/Edit Text/Bespoke/Buyer Pages/Homepage/toaster_success' is visible

2020-03-20 09:41:30 - [MESSAGE][WARNING] - Timeout '0' is invalid. Using default page load timeout: '30'

2020-03-20 09:41:30 - [MESSAGE][PASSED] - Object 'Object Repository/ADMIN/Edit Text/Bespoke/Buyer Pages/Homepage/toaster_success' is visible]]></system-out>
         <system-err><![CDATA[]]></system-err>
      </testcase>
      <testcase name="Test Cases/ADMIN/Language/Edit Text/Bespoke/Buyer Pages/Onboarding_Settings" time="7.757" classname="Test Cases/ADMIN/Language/Edit Text/Bespoke/Buyer Pages/Onboarding_Settings" status="PASSED">
         <system-out><![CDATA[2020-03-20 09:41:30 - [TEST_CASE][PASSED] - Test Cases/ADMIN/Language/Edit Text/Bespoke/Buyer Pages/Onboarding_Settings: Test Cases/ADMIN/Language/Edit Text/Bespoke/Buyer Pages/Onboarding_Settings

2020-03-20 09:41:30 - [TEST_STEP][PASSED] - waitForElementVisible(findTestObject("ADMIN/Edit Text/Bespoke/Buyer Navigation/dd_language"), 0): Object 'Object Repository/ADMIN/Edit Text/Bespoke/Buyer Navigation/dd_language' is visible

2020-03-20 09:41:31 - [MESSAGE][WARNING] - Timeout '0' is invalid. Using default page load timeout: '30'

2020-03-20 09:41:31 - [MESSAGE][PASSED] - Object 'Object Repository/ADMIN/Edit Text/Bespoke/Buyer Navigation/dd_language' is visible

2020-03-20 09:41:31 - [TEST_STEP][PASSED] - selectOptionByLabel(findTestObject("ADMIN/Edit Text/Bespoke/Buyer Navigation/dd_language"), varLanguage, false): All options with label 'Spanish' are selected in object 'Object Repository/ADMIN/Edit Text/Bespoke/Buyer Navigation/dd_language' 

2020-03-20 09:41:33 - [MESSAGE][PASSED] - All options with label 'Spanish' are selected in object 'Object Repository/ADMIN/Edit Text/Bespoke/Buyer Navigation/dd_language' 

2020-03-20 09:41:33 - [TEST_STEP][PASSED] - sendKeys(findTestObject("ADMIN/Edit Text/Bespoke/Buyer Pages/Onboarding_Settings/input_USER SETTINGS_marketplace-name"), "*"): Keys '*' sent to object: 'Object Repository/ADMIN/Edit Text/Bespoke/Buyer Pages/Onboarding_Settings/input_USER SETTINGS_marketplace-name'

2020-03-20 09:41:33 - [MESSAGE][PASSED] - Keys '*' sent to object: 'Object Repository/ADMIN/Edit Text/Bespoke/Buyer Pages/Onboarding_Settings/input_USER SETTINGS_marketplace-name'

2020-03-20 09:41:33 - [TEST_STEP][PASSED] - sendKeys(findTestObject("ADMIN/Edit Text/Bespoke/Buyer Pages/Onboarding_Settings/input_Configure your profile and your settings here_item_details"), "*"): Keys '*' sent to object: 'Object Repository/ADMIN/Edit Text/Bespoke/Buyer Pages/Onboarding_Settings/input_Configure your profile and your settings here_item_details'

2020-03-20 09:41:34 - [MESSAGE][PASSED] - Keys '*' sent to object: 'Object Repository/ADMIN/Edit Text/Bespoke/Buyer Pages/Onboarding_Settings/input_Configure your profile and your settings here_item_details'

2020-03-20 09:41:34 - [TEST_STEP][PASSED] - sendKeys(findTestObject("ADMIN/Edit Text/Bespoke/Buyer Pages/Onboarding_Settings/input_PROFILE_tab-title"), "*"): Keys '*' sent to object: 'Object Repository/ADMIN/Edit Text/Bespoke/Buyer Pages/Onboarding_Settings/input_PROFILE_tab-title'

2020-03-20 09:41:34 - [MESSAGE][PASSED] - Keys '*' sent to object: 'Object Repository/ADMIN/Edit Text/Bespoke/Buyer Pages/Onboarding_Settings/input_PROFILE_tab-title'

2020-03-20 09:41:34 - [TEST_STEP][PASSED] - sendKeys(findTestObject("ADMIN/Edit Text/Bespoke/Buyer Pages/Onboarding_Settings/input_CHANGE_btn_upload"), "*"): Keys '*' sent to object: 'Object Repository/ADMIN/Edit Text/Bespoke/Buyer Pages/Onboarding_Settings/input_CHANGE_btn_upload'

2020-03-20 09:41:34 - [MESSAGE][PASSED] - Keys '*' sent to object: 'Object Repository/ADMIN/Edit Text/Bespoke/Buyer Pages/Onboarding_Settings/input_CHANGE_btn_upload'

2020-03-20 09:41:34 - [TEST_STEP][PASSED] - sendKeys(findTestObject("ADMIN/Edit Text/Bespoke/Buyer Pages/Onboarding_Settings/input_DISPLAY NAME_display-name"), "*"): Keys '*' sent to object: 'Object Repository/ADMIN/Edit Text/Bespoke/Buyer Pages/Onboarding_Settings/input_DISPLAY NAME_display-name'

2020-03-20 09:41:34 - [MESSAGE][PASSED] - Keys '*' sent to object: 'Object Repository/ADMIN/Edit Text/Bespoke/Buyer Pages/Onboarding_Settings/input_DISPLAY NAME_display-name'

2020-03-20 09:41:34 - [TEST_STEP][PASSED] - sendKeys(findTestObject("ADMIN/Edit Text/Bespoke/Buyer Pages/Onboarding_Settings/input_FIRST NAME_first-name"), "*"): Keys '*' sent to object: 'Object Repository/ADMIN/Edit Text/Bespoke/Buyer Pages/Onboarding_Settings/input_FIRST NAME_first-name'

2020-03-20 09:41:34 - [MESSAGE][PASSED] - Keys '*' sent to object: 'Object Repository/ADMIN/Edit Text/Bespoke/Buyer Pages/Onboarding_Settings/input_FIRST NAME_first-name'

2020-03-20 09:41:34 - [TEST_STEP][PASSED] - sendKeys(findTestObject("ADMIN/Edit Text/Bespoke/Buyer Pages/Onboarding_Settings/input_LAST NAME_last-name"), "*"): Keys '*' sent to object: 'Object Repository/ADMIN/Edit Text/Bespoke/Buyer Pages/Onboarding_Settings/input_LAST NAME_last-name'

2020-03-20 09:41:35 - [MESSAGE][PASSED] - Keys '*' sent to object: 'Object Repository/ADMIN/Edit Text/Bespoke/Buyer Pages/Onboarding_Settings/input_LAST NAME_last-name'

2020-03-20 09:41:35 - [TEST_STEP][PASSED] - sendKeys(findTestObject("ADMIN/Edit Text/Bespoke/Buyer Pages/Onboarding_Settings/input_NOTIFICATION EMAIL_notification-email"), "*"): Keys '*' sent to object: 'Object Repository/ADMIN/Edit Text/Bespoke/Buyer Pages/Onboarding_Settings/input_NOTIFICATION EMAIL_notification-email'

2020-03-20 09:41:35 - [MESSAGE][PASSED] - Keys '*' sent to object: 'Object Repository/ADMIN/Edit Text/Bespoke/Buyer Pages/Onboarding_Settings/input_NOTIFICATION EMAIL_notification-email'

2020-03-20 09:41:35 - [TEST_STEP][PASSED] - sendKeys(findTestObject("ADMIN/Edit Text/Bespoke/Buyer Pages/Onboarding_Settings/input_CONTACT NUMBER_contact-number"), "*"): Keys '*' sent to object: 'Object Repository/ADMIN/Edit Text/Bespoke/Buyer Pages/Onboarding_Settings/input_CONTACT NUMBER_contact-number'

2020-03-20 09:41:35 - [MESSAGE][PASSED] - Keys '*' sent to object: 'Object Repository/ADMIN/Edit Text/Bespoke/Buyer Pages/Onboarding_Settings/input_CONTACT NUMBER_contact-number'

2020-03-20 09:41:35 - [TEST_STEP][PASSED] - sendKeys(findTestObject("ADMIN/Edit Text/Bespoke/Buyer Pages/Onboarding_Settings/input_OPENID LOGIN_open-id-login"), "*"): Keys '*' sent to object: 'Object Repository/ADMIN/Edit Text/Bespoke/Buyer Pages/Onboarding_Settings/input_OPENID LOGIN_open-id-login'

2020-03-20 09:41:35 - [MESSAGE][PASSED] - Keys '*' sent to object: 'Object Repository/ADMIN/Edit Text/Bespoke/Buyer Pages/Onboarding_Settings/input_OPENID LOGIN_open-id-login'

2020-03-20 09:41:35 - [TEST_STEP][PASSED] - sendKeys(findTestObject("ADMIN/Edit Text/Bespoke/Buyer Pages/Onboarding_Settings/input_NEXT_btn_next"), "*"): Keys '*' sent to object: 'Object Repository/ADMIN/Edit Text/Bespoke/Buyer Pages/Onboarding_Settings/input_NEXT_btn_next'

2020-03-20 09:41:35 - [MESSAGE][PASSED] - Keys '*' sent to object: 'Object Repository/ADMIN/Edit Text/Bespoke/Buyer Pages/Onboarding_Settings/input_NEXT_btn_next'

2020-03-20 09:41:35 - [TEST_STEP][PASSED] - sendKeys(findTestObject("ADMIN/Edit Text/Bespoke/Buyer Pages/Onboarding_Settings/input_ADDRESS_tab-title"), "*"): Keys '*' sent to object: 'Object Repository/ADMIN/Edit Text/Bespoke/Buyer Pages/Onboarding_Settings/input_ADDRESS_tab-title'

2020-03-20 09:41:35 - [MESSAGE][PASSED] - Keys '*' sent to object: 'Object Repository/ADMIN/Edit Text/Bespoke/Buyer Pages/Onboarding_Settings/input_ADDRESS_tab-title'

2020-03-20 09:41:35 - [TEST_STEP][PASSED] - sendKeys(findTestObject("ADMIN/Edit Text/Bespoke/Buyer Pages/Onboarding_Settings/input_NEW DELIVERY ADDRESS_new-delivery-address"), "*"): Keys '*' sent to object: 'Object Repository/ADMIN/Edit Text/Bespoke/Buyer Pages/Onboarding_Settings/input_NEW DELIVERY ADDRESS_new-delivery-address'

2020-03-20 09:41:36 - [MESSAGE][PASSED] - Keys '*' sent to object: 'Object Repository/ADMIN/Edit Text/Bespoke/Buyer Pages/Onboarding_Settings/input_NEW DELIVERY ADDRESS_new-delivery-address'

2020-03-20 09:41:36 - [TEST_STEP][PASSED] - sendKeys(findTestObject("ADMIN/Edit Text/Bespoke/Buyer Pages/Onboarding_Settings/input_ADDRESSEE FIRST NAME_addressee-first-name"), "*"): Keys '*' sent to object: 'Object Repository/ADMIN/Edit Text/Bespoke/Buyer Pages/Onboarding_Settings/input_ADDRESSEE FIRST NAME_addressee-first-name'

2020-03-20 09:41:36 - [MESSAGE][PASSED] - Keys '*' sent to object: 'Object Repository/ADMIN/Edit Text/Bespoke/Buyer Pages/Onboarding_Settings/input_ADDRESSEE FIRST NAME_addressee-first-name'

2020-03-20 09:41:36 - [TEST_STEP][PASSED] - sendKeys(findTestObject("ADMIN/Edit Text/Bespoke/Buyer Pages/Onboarding_Settings/input_ADDRESSEE LAST NAME_addressee-last-name"), "*"): Keys '*' sent to object: 'Object Repository/ADMIN/Edit Text/Bespoke/Buyer Pages/Onboarding_Settings/input_ADDRESSEE LAST NAME_addressee-last-name'

2020-03-20 09:41:36 - [MESSAGE][PASSED] - Keys '*' sent to object: 'Object Repository/ADMIN/Edit Text/Bespoke/Buyer Pages/Onboarding_Settings/input_ADDRESSEE LAST NAME_addressee-last-name'

2020-03-20 09:41:36 - [TEST_STEP][PASSED] - sendKeys(findTestObject("ADMIN/Edit Text/Bespoke/Buyer Pages/Onboarding_Settings/input_ADDRESS_address"), "*"): Keys '*' sent to object: 'Object Repository/ADMIN/Edit Text/Bespoke/Buyer Pages/Onboarding_Settings/input_ADDRESS_address'

2020-03-20 09:41:36 - [MESSAGE][PASSED] - Keys '*' sent to object: 'Object Repository/ADMIN/Edit Text/Bespoke/Buyer Pages/Onboarding_Settings/input_ADDRESS_address'

2020-03-20 09:41:36 - [TEST_STEP][PASSED] - sendKeys(findTestObject("ADMIN/Edit Text/Bespoke/Buyer Pages/Onboarding_Settings/input_COUNTRY_address-country"), "*"): Keys '*' sent to object: 'Object Repository/ADMIN/Edit Text/Bespoke/Buyer Pages/Onboarding_Settings/input_COUNTRY_address-country'

2020-03-20 09:41:36 - [MESSAGE][PASSED] - Keys '*' sent to object: 'Object Repository/ADMIN/Edit Text/Bespoke/Buyer Pages/Onboarding_Settings/input_COUNTRY_address-country'

2020-03-20 09:41:36 - [TEST_STEP][PASSED] - sendKeys(findTestObject("ADMIN/Edit Text/Bespoke/Buyer Pages/Onboarding_Settings/input_State_address-state"), "*"): Keys '*' sent to object: 'Object Repository/ADMIN/Edit Text/Bespoke/Buyer Pages/Onboarding_Settings/input_State_address-state'

2020-03-20 09:41:36 - [MESSAGE][PASSED] - Keys '*' sent to object: 'Object Repository/ADMIN/Edit Text/Bespoke/Buyer Pages/Onboarding_Settings/input_State_address-state'

2020-03-20 09:41:36 - [TEST_STEP][PASSED] - sendKeys(findTestObject("ADMIN/Edit Text/Bespoke/Buyer Pages/Onboarding_Settings/input_CITY_address-city"), "*"): Keys '*' sent to object: 'Object Repository/ADMIN/Edit Text/Bespoke/Buyer Pages/Onboarding_Settings/input_CITY_address-city'

2020-03-20 09:41:36 - [MESSAGE][PASSED] - Keys '*' sent to object: 'Object Repository/ADMIN/Edit Text/Bespoke/Buyer Pages/Onboarding_Settings/input_CITY_address-city'

2020-03-20 09:41:36 - [TEST_STEP][PASSED] - sendKeys(findTestObject("ADMIN/Edit Text/Bespoke/Buyer Pages/Onboarding_Settings/input_POSTAL CODE_address-postalcode"), "*"): Keys '*' sent to object: 'Object Repository/ADMIN/Edit Text/Bespoke/Buyer Pages/Onboarding_Settings/input_POSTAL CODE_address-postalcode'

2020-03-20 09:41:36 - [MESSAGE][PASSED] - Keys '*' sent to object: 'Object Repository/ADMIN/Edit Text/Bespoke/Buyer Pages/Onboarding_Settings/input_POSTAL CODE_address-postalcode'

2020-03-20 09:41:36 - [TEST_STEP][PASSED] - sendKeys(findTestObject("ADMIN/Edit Text/Bespoke/Buyer Pages/Onboarding_Settings/input_SELECT COUNTRY_select-country"), "*"): Keys '*' sent to object: 'Object Repository/ADMIN/Edit Text/Bespoke/Buyer Pages/Onboarding_Settings/input_SELECT COUNTRY_select-country'

2020-03-20 09:41:37 - [MESSAGE][PASSED] - Keys '*' sent to object: 'Object Repository/ADMIN/Edit Text/Bespoke/Buyer Pages/Onboarding_Settings/input_SELECT COUNTRY_select-country'

2020-03-20 09:41:37 - [TEST_STEP][PASSED] - sendKeys(findTestObject("ADMIN/Edit Text/Bespoke/Buyer Pages/Onboarding_Settings/input_Select City"), "*"): Keys '*' sent to object: 'Object Repository/ADMIN/Edit Text/Bespoke/Buyer Pages/Onboarding_Settings/input_Select City'

2020-03-20 09:41:37 - [MESSAGE][PASSED] - Keys '*' sent to object: 'Object Repository/ADMIN/Edit Text/Bespoke/Buyer Pages/Onboarding_Settings/input_Select City'

2020-03-20 09:41:37 - [TEST_STEP][PASSED] - sendKeys(findTestObject("ADMIN/Edit Text/Bespoke/Buyer Pages/Onboarding_Settings/input_ADD ADDRESS_btn_add"), "*"): Keys '*' sent to object: 'Object Repository/ADMIN/Edit Text/Bespoke/Buyer Pages/Onboarding_Settings/input_ADD ADDRESS_btn_add'

2020-03-20 09:41:37 - [MESSAGE][PASSED] - Keys '*' sent to object: 'Object Repository/ADMIN/Edit Text/Bespoke/Buyer Pages/Onboarding_Settings/input_ADD ADDRESS_btn_add'

2020-03-20 09:41:37 - [TEST_STEP][PASSED] - sendKeys(findTestObject("ADMIN/Edit Text/Bespoke/Buyer Pages/Onboarding_Settings/input_SAVED ADDRESSES_address-saved"), "*"): Keys '*' sent to object: 'Object Repository/ADMIN/Edit Text/Bespoke/Buyer Pages/Onboarding_Settings/input_SAVED ADDRESSES_address-saved'

2020-03-20 09:41:37 - [MESSAGE][PASSED] - Keys '*' sent to object: 'Object Repository/ADMIN/Edit Text/Bespoke/Buyer Pages/Onboarding_Settings/input_SAVED ADDRESSES_address-saved'

2020-03-20 09:41:37 - [TEST_STEP][PASSED] - sendKeys(findTestObject("ADMIN/Edit Text/Bespoke/Buyer Pages/Onboarding_Settings/input_SAVE_btn_next"), "*"): Keys '*' sent to object: 'Object Repository/ADMIN/Edit Text/Bespoke/Buyer Pages/Onboarding_Settings/input_SAVE_btn_next'

2020-03-20 09:41:37 - [MESSAGE][PASSED] - Keys '*' sent to object: 'Object Repository/ADMIN/Edit Text/Bespoke/Buyer Pages/Onboarding_Settings/input_SAVE_btn_next'

2020-03-20 09:41:37 - [TEST_STEP][PASSED] - sendKeys(findTestObject("ADMIN/Edit Text/Bespoke/Buyer Pages/Onboarding_Settings/input_Are you sure want to delete_popup-title"), "*"): Keys '*' sent to object: 'Object Repository/ADMIN/Edit Text/Bespoke/Buyer Pages/Onboarding_Settings/input_Are you sure want to delete_popup-title'

2020-03-20 09:41:37 - [MESSAGE][PASSED] - Keys '*' sent to object: 'Object Repository/ADMIN/Edit Text/Bespoke/Buyer Pages/Onboarding_Settings/input_Are you sure want to delete_popup-title'

2020-03-20 09:41:37 - [TEST_STEP][PASSED] - sendKeys(findTestObject("ADMIN/Edit Text/Bespoke/Buyer Pages/Onboarding_Settings/input_CANCEL_btn_cancel"), "*"): Keys '*' sent to object: 'Object Repository/ADMIN/Edit Text/Bespoke/Buyer Pages/Onboarding_Settings/input_CANCEL_btn_cancel'

2020-03-20 09:41:38 - [MESSAGE][PASSED] - Keys '*' sent to object: 'Object Repository/ADMIN/Edit Text/Bespoke/Buyer Pages/Onboarding_Settings/input_CANCEL_btn_cancel'

2020-03-20 09:41:38 - [TEST_STEP][PASSED] - sendKeys(findTestObject("ADMIN/Edit Text/Bespoke/Buyer Pages/Onboarding_Settings/input_OK_btn_okay"), "*"): Keys '*' sent to object: 'Object Repository/ADMIN/Edit Text/Bespoke/Buyer Pages/Onboarding_Settings/input_OK_btn_okay'

2020-03-20 09:41:38 - [MESSAGE][PASSED] - Keys '*' sent to object: 'Object Repository/ADMIN/Edit Text/Bespoke/Buyer Pages/Onboarding_Settings/input_OK_btn_okay'

2020-03-20 09:41:38 - [TEST_STEP][PASSED] - click(findTestObject("ADMIN/Edit Text/Bespoke/Buyer Pages/Homepage/button_save"), CONTINUE_ON_FAILURE): Object: 'Object Repository/ADMIN/Edit Text/Bespoke/Buyer Pages/Homepage/button_save' is clicked on

2020-03-20 09:41:38 - [MESSAGE][PASSED] - Object: 'Object Repository/ADMIN/Edit Text/Bespoke/Buyer Pages/Homepage/button_save' is clicked on

2020-03-20 09:41:38 - [TEST_STEP][PASSED] - waitForElementVisible(findTestObject("ADMIN/Edit Text/Bespoke/Buyer Pages/Homepage/toaster_success"), 0): Object 'Object Repository/ADMIN/Edit Text/Bespoke/Buyer Pages/Homepage/toaster_success' is visible

2020-03-20 09:41:38 - [MESSAGE][WARNING] - Timeout '0' is invalid. Using default page load timeout: '30'

2020-03-20 09:41:38 - [MESSAGE][PASSED] - Object 'Object Repository/ADMIN/Edit Text/Bespoke/Buyer Pages/Homepage/toaster_success' is visible]]></system-out>
         <system-err><![CDATA[]]></system-err>
      </testcase>
      <testcase name="Test Cases/ADMIN/Language/Edit Text/Bespoke/Buyer Pages/Onboarding_Settings" time="7.571" classname="Test Cases/ADMIN/Language/Edit Text/Bespoke/Buyer Pages/Onboarding_Settings" status="PASSED">
         <system-out><![CDATA[2020-03-20 09:41:38 - [TEST_CASE][PASSED] - Test Cases/ADMIN/Language/Edit Text/Bespoke/Buyer Pages/Onboarding_Settings: Test Cases/ADMIN/Language/Edit Text/Bespoke/Buyer Pages/Onboarding_Settings

2020-03-20 09:41:38 - [TEST_STEP][PASSED] - waitForElementVisible(findTestObject("ADMIN/Edit Text/Bespoke/Buyer Navigation/dd_language"), 0): Object 'Object Repository/ADMIN/Edit Text/Bespoke/Buyer Navigation/dd_language' is visible

2020-03-20 09:41:38 - [MESSAGE][WARNING] - Timeout '0' is invalid. Using default page load timeout: '30'

2020-03-20 09:41:39 - [MESSAGE][PASSED] - Object 'Object Repository/ADMIN/Edit Text/Bespoke/Buyer Navigation/dd_language' is visible

2020-03-20 09:41:39 - [TEST_STEP][PASSED] - selectOptionByLabel(findTestObject("ADMIN/Edit Text/Bespoke/Buyer Navigation/dd_language"), varLanguage, false): All options with label 'Hindi' are selected in object 'Object Repository/ADMIN/Edit Text/Bespoke/Buyer Navigation/dd_language' 

2020-03-20 09:41:39 - [MESSAGE][PASSED] - All options with label 'Hindi' are selected in object 'Object Repository/ADMIN/Edit Text/Bespoke/Buyer Navigation/dd_language' 

2020-03-20 09:41:39 - [TEST_STEP][PASSED] - sendKeys(findTestObject("ADMIN/Edit Text/Bespoke/Buyer Pages/Onboarding_Settings/input_USER SETTINGS_marketplace-name"), "*"): Keys '*' sent to object: 'Object Repository/ADMIN/Edit Text/Bespoke/Buyer Pages/Onboarding_Settings/input_USER SETTINGS_marketplace-name'

2020-03-20 09:41:41 - [MESSAGE][PASSED] - Keys '*' sent to object: 'Object Repository/ADMIN/Edit Text/Bespoke/Buyer Pages/Onboarding_Settings/input_USER SETTINGS_marketplace-name'

2020-03-20 09:41:41 - [TEST_STEP][PASSED] - sendKeys(findTestObject("ADMIN/Edit Text/Bespoke/Buyer Pages/Onboarding_Settings/input_Configure your profile and your settings here_item_details"), "*"): Keys '*' sent to object: 'Object Repository/ADMIN/Edit Text/Bespoke/Buyer Pages/Onboarding_Settings/input_Configure your profile and your settings here_item_details'

2020-03-20 09:41:41 - [MESSAGE][PASSED] - Keys '*' sent to object: 'Object Repository/ADMIN/Edit Text/Bespoke/Buyer Pages/Onboarding_Settings/input_Configure your profile and your settings here_item_details'

2020-03-20 09:41:41 - [TEST_STEP][PASSED] - sendKeys(findTestObject("ADMIN/Edit Text/Bespoke/Buyer Pages/Onboarding_Settings/input_PROFILE_tab-title"), "*"): Keys '*' sent to object: 'Object Repository/ADMIN/Edit Text/Bespoke/Buyer Pages/Onboarding_Settings/input_PROFILE_tab-title'

2020-03-20 09:41:41 - [MESSAGE][PASSED] - Keys '*' sent to object: 'Object Repository/ADMIN/Edit Text/Bespoke/Buyer Pages/Onboarding_Settings/input_PROFILE_tab-title'

2020-03-20 09:41:41 - [TEST_STEP][PASSED] - sendKeys(findTestObject("ADMIN/Edit Text/Bespoke/Buyer Pages/Onboarding_Settings/input_CHANGE_btn_upload"), "*"): Keys '*' sent to object: 'Object Repository/ADMIN/Edit Text/Bespoke/Buyer Pages/Onboarding_Settings/input_CHANGE_btn_upload'

2020-03-20 09:41:42 - [MESSAGE][PASSED] - Keys '*' sent to object: 'Object Repository/ADMIN/Edit Text/Bespoke/Buyer Pages/Onboarding_Settings/input_CHANGE_btn_upload'

2020-03-20 09:41:42 - [TEST_STEP][PASSED] - sendKeys(findTestObject("ADMIN/Edit Text/Bespoke/Buyer Pages/Onboarding_Settings/input_DISPLAY NAME_display-name"), "*"): Keys '*' sent to object: 'Object Repository/ADMIN/Edit Text/Bespoke/Buyer Pages/Onboarding_Settings/input_DISPLAY NAME_display-name'

2020-03-20 09:41:42 - [MESSAGE][PASSED] - Keys '*' sent to object: 'Object Repository/ADMIN/Edit Text/Bespoke/Buyer Pages/Onboarding_Settings/input_DISPLAY NAME_display-name'

2020-03-20 09:41:42 - [TEST_STEP][PASSED] - sendKeys(findTestObject("ADMIN/Edit Text/Bespoke/Buyer Pages/Onboarding_Settings/input_FIRST NAME_first-name"), "*"): Keys '*' sent to object: 'Object Repository/ADMIN/Edit Text/Bespoke/Buyer Pages/Onboarding_Settings/input_FIRST NAME_first-name'

2020-03-20 09:41:42 - [MESSAGE][PASSED] - Keys '*' sent to object: 'Object Repository/ADMIN/Edit Text/Bespoke/Buyer Pages/Onboarding_Settings/input_FIRST NAME_first-name'

2020-03-20 09:41:42 - [TEST_STEP][PASSED] - sendKeys(findTestObject("ADMIN/Edit Text/Bespoke/Buyer Pages/Onboarding_Settings/input_LAST NAME_last-name"), "*"): Keys '*' sent to object: 'Object Repository/ADMIN/Edit Text/Bespoke/Buyer Pages/Onboarding_Settings/input_LAST NAME_last-name'

2020-03-20 09:41:42 - [MESSAGE][PASSED] - Keys '*' sent to object: 'Object Repository/ADMIN/Edit Text/Bespoke/Buyer Pages/Onboarding_Settings/input_LAST NAME_last-name'

2020-03-20 09:41:42 - [TEST_STEP][PASSED] - sendKeys(findTestObject("ADMIN/Edit Text/Bespoke/Buyer Pages/Onboarding_Settings/input_NOTIFICATION EMAIL_notification-email"), "*"): Keys '*' sent to object: 'Object Repository/ADMIN/Edit Text/Bespoke/Buyer Pages/Onboarding_Settings/input_NOTIFICATION EMAIL_notification-email'

2020-03-20 09:41:42 - [MESSAGE][PASSED] - Keys '*' sent to object: 'Object Repository/ADMIN/Edit Text/Bespoke/Buyer Pages/Onboarding_Settings/input_NOTIFICATION EMAIL_notification-email'

2020-03-20 09:41:42 - [TEST_STEP][PASSED] - sendKeys(findTestObject("ADMIN/Edit Text/Bespoke/Buyer Pages/Onboarding_Settings/input_CONTACT NUMBER_contact-number"), "*"): Keys '*' sent to object: 'Object Repository/ADMIN/Edit Text/Bespoke/Buyer Pages/Onboarding_Settings/input_CONTACT NUMBER_contact-number'

2020-03-20 09:41:42 - [MESSAGE][PASSED] - Keys '*' sent to object: 'Object Repository/ADMIN/Edit Text/Bespoke/Buyer Pages/Onboarding_Settings/input_CONTACT NUMBER_contact-number'

2020-03-20 09:41:42 - [TEST_STEP][PASSED] - sendKeys(findTestObject("ADMIN/Edit Text/Bespoke/Buyer Pages/Onboarding_Settings/input_OPENID LOGIN_open-id-login"), "*"): Keys '*' sent to object: 'Object Repository/ADMIN/Edit Text/Bespoke/Buyer Pages/Onboarding_Settings/input_OPENID LOGIN_open-id-login'

2020-03-20 09:41:42 - [MESSAGE][PASSED] - Keys '*' sent to object: 'Object Repository/ADMIN/Edit Text/Bespoke/Buyer Pages/Onboarding_Settings/input_OPENID LOGIN_open-id-login'

2020-03-20 09:41:42 - [TEST_STEP][PASSED] - sendKeys(findTestObject("ADMIN/Edit Text/Bespoke/Buyer Pages/Onboarding_Settings/input_NEXT_btn_next"), "*"): Keys '*' sent to object: 'Object Repository/ADMIN/Edit Text/Bespoke/Buyer Pages/Onboarding_Settings/input_NEXT_btn_next'

2020-03-20 09:41:42 - [MESSAGE][PASSED] - Keys '*' sent to object: 'Object Repository/ADMIN/Edit Text/Bespoke/Buyer Pages/Onboarding_Settings/input_NEXT_btn_next'

2020-03-20 09:41:42 - [TEST_STEP][PASSED] - sendKeys(findTestObject("ADMIN/Edit Text/Bespoke/Buyer Pages/Onboarding_Settings/input_ADDRESS_tab-title"), "*"): Keys '*' sent to object: 'Object Repository/ADMIN/Edit Text/Bespoke/Buyer Pages/Onboarding_Settings/input_ADDRESS_tab-title'

2020-03-20 09:41:43 - [MESSAGE][PASSED] - Keys '*' sent to object: 'Object Repository/ADMIN/Edit Text/Bespoke/Buyer Pages/Onboarding_Settings/input_ADDRESS_tab-title'

2020-03-20 09:41:43 - [TEST_STEP][PASSED] - sendKeys(findTestObject("ADMIN/Edit Text/Bespoke/Buyer Pages/Onboarding_Settings/input_NEW DELIVERY ADDRESS_new-delivery-address"), "*"): Keys '*' sent to object: 'Object Repository/ADMIN/Edit Text/Bespoke/Buyer Pages/Onboarding_Settings/input_NEW DELIVERY ADDRESS_new-delivery-address'

2020-03-20 09:41:43 - [MESSAGE][PASSED] - Keys '*' sent to object: 'Object Repository/ADMIN/Edit Text/Bespoke/Buyer Pages/Onboarding_Settings/input_NEW DELIVERY ADDRESS_new-delivery-address'

2020-03-20 09:41:43 - [TEST_STEP][PASSED] - sendKeys(findTestObject("ADMIN/Edit Text/Bespoke/Buyer Pages/Onboarding_Settings/input_ADDRESSEE FIRST NAME_addressee-first-name"), "*"): Keys '*' sent to object: 'Object Repository/ADMIN/Edit Text/Bespoke/Buyer Pages/Onboarding_Settings/input_ADDRESSEE FIRST NAME_addressee-first-name'

2020-03-20 09:41:43 - [MESSAGE][PASSED] - Keys '*' sent to object: 'Object Repository/ADMIN/Edit Text/Bespoke/Buyer Pages/Onboarding_Settings/input_ADDRESSEE FIRST NAME_addressee-first-name'

2020-03-20 09:41:43 - [TEST_STEP][PASSED] - sendKeys(findTestObject("ADMIN/Edit Text/Bespoke/Buyer Pages/Onboarding_Settings/input_ADDRESSEE LAST NAME_addressee-last-name"), "*"): Keys '*' sent to object: 'Object Repository/ADMIN/Edit Text/Bespoke/Buyer Pages/Onboarding_Settings/input_ADDRESSEE LAST NAME_addressee-last-name'

2020-03-20 09:41:43 - [MESSAGE][PASSED] - Keys '*' sent to object: 'Object Repository/ADMIN/Edit Text/Bespoke/Buyer Pages/Onboarding_Settings/input_ADDRESSEE LAST NAME_addressee-last-name'

2020-03-20 09:41:43 - [TEST_STEP][PASSED] - sendKeys(findTestObject("ADMIN/Edit Text/Bespoke/Buyer Pages/Onboarding_Settings/input_ADDRESS_address"), "*"): Keys '*' sent to object: 'Object Repository/ADMIN/Edit Text/Bespoke/Buyer Pages/Onboarding_Settings/input_ADDRESS_address'

2020-03-20 09:41:43 - [MESSAGE][PASSED] - Keys '*' sent to object: 'Object Repository/ADMIN/Edit Text/Bespoke/Buyer Pages/Onboarding_Settings/input_ADDRESS_address'

2020-03-20 09:41:43 - [TEST_STEP][PASSED] - sendKeys(findTestObject("ADMIN/Edit Text/Bespoke/Buyer Pages/Onboarding_Settings/input_COUNTRY_address-country"), "*"): Keys '*' sent to object: 'Object Repository/ADMIN/Edit Text/Bespoke/Buyer Pages/Onboarding_Settings/input_COUNTRY_address-country'

2020-03-20 09:41:44 - [MESSAGE][PASSED] - Keys '*' sent to object: 'Object Repository/ADMIN/Edit Text/Bespoke/Buyer Pages/Onboarding_Settings/input_COUNTRY_address-country'

2020-03-20 09:41:44 - [TEST_STEP][PASSED] - sendKeys(findTestObject("ADMIN/Edit Text/Bespoke/Buyer Pages/Onboarding_Settings/input_State_address-state"), "*"): Keys '*' sent to object: 'Object Repository/ADMIN/Edit Text/Bespoke/Buyer Pages/Onboarding_Settings/input_State_address-state'

2020-03-20 09:41:44 - [MESSAGE][PASSED] - Keys '*' sent to object: 'Object Repository/ADMIN/Edit Text/Bespoke/Buyer Pages/Onboarding_Settings/input_State_address-state'

2020-03-20 09:41:44 - [TEST_STEP][PASSED] - sendKeys(findTestObject("ADMIN/Edit Text/Bespoke/Buyer Pages/Onboarding_Settings/input_CITY_address-city"), "*"): Keys '*' sent to object: 'Object Repository/ADMIN/Edit Text/Bespoke/Buyer Pages/Onboarding_Settings/input_CITY_address-city'

2020-03-20 09:41:44 - [MESSAGE][PASSED] - Keys '*' sent to object: 'Object Repository/ADMIN/Edit Text/Bespoke/Buyer Pages/Onboarding_Settings/input_CITY_address-city'

2020-03-20 09:41:44 - [TEST_STEP][PASSED] - sendKeys(findTestObject("ADMIN/Edit Text/Bespoke/Buyer Pages/Onboarding_Settings/input_POSTAL CODE_address-postalcode"), "*"): Keys '*' sent to object: 'Object Repository/ADMIN/Edit Text/Bespoke/Buyer Pages/Onboarding_Settings/input_POSTAL CODE_address-postalcode'

2020-03-20 09:41:44 - [MESSAGE][PASSED] - Keys '*' sent to object: 'Object Repository/ADMIN/Edit Text/Bespoke/Buyer Pages/Onboarding_Settings/input_POSTAL CODE_address-postalcode'

2020-03-20 09:41:44 - [TEST_STEP][PASSED] - sendKeys(findTestObject("ADMIN/Edit Text/Bespoke/Buyer Pages/Onboarding_Settings/input_SELECT COUNTRY_select-country"), "*"): Keys '*' sent to object: 'Object Repository/ADMIN/Edit Text/Bespoke/Buyer Pages/Onboarding_Settings/input_SELECT COUNTRY_select-country'

2020-03-20 09:41:44 - [MESSAGE][PASSED] - Keys '*' sent to object: 'Object Repository/ADMIN/Edit Text/Bespoke/Buyer Pages/Onboarding_Settings/input_SELECT COUNTRY_select-country'

2020-03-20 09:41:44 - [TEST_STEP][PASSED] - sendKeys(findTestObject("ADMIN/Edit Text/Bespoke/Buyer Pages/Onboarding_Settings/input_Select City"), "*"): Keys '*' sent to object: 'Object Repository/ADMIN/Edit Text/Bespoke/Buyer Pages/Onboarding_Settings/input_Select City'

2020-03-20 09:41:44 - [MESSAGE][PASSED] - Keys '*' sent to object: 'Object Repository/ADMIN/Edit Text/Bespoke/Buyer Pages/Onboarding_Settings/input_Select City'

2020-03-20 09:41:44 - [TEST_STEP][PASSED] - sendKeys(findTestObject("ADMIN/Edit Text/Bespoke/Buyer Pages/Onboarding_Settings/input_ADD ADDRESS_btn_add"), "*"): Keys '*' sent to object: 'Object Repository/ADMIN/Edit Text/Bespoke/Buyer Pages/Onboarding_Settings/input_ADD ADDRESS_btn_add'

2020-03-20 09:41:44 - [MESSAGE][PASSED] - Keys '*' sent to object: 'Object Repository/ADMIN/Edit Text/Bespoke/Buyer Pages/Onboarding_Settings/input_ADD ADDRESS_btn_add'

2020-03-20 09:41:44 - [TEST_STEP][PASSED] - sendKeys(findTestObject("ADMIN/Edit Text/Bespoke/Buyer Pages/Onboarding_Settings/input_SAVED ADDRESSES_address-saved"), "*"): Keys '*' sent to object: 'Object Repository/ADMIN/Edit Text/Bespoke/Buyer Pages/Onboarding_Settings/input_SAVED ADDRESSES_address-saved'

2020-03-20 09:41:44 - [MESSAGE][PASSED] - Keys '*' sent to object: 'Object Repository/ADMIN/Edit Text/Bespoke/Buyer Pages/Onboarding_Settings/input_SAVED ADDRESSES_address-saved'

2020-03-20 09:41:44 - [TEST_STEP][PASSED] - sendKeys(findTestObject("ADMIN/Edit Text/Bespoke/Buyer Pages/Onboarding_Settings/input_SAVE_btn_next"), "*"): Keys '*' sent to object: 'Object Repository/ADMIN/Edit Text/Bespoke/Buyer Pages/Onboarding_Settings/input_SAVE_btn_next'

2020-03-20 09:41:45 - [MESSAGE][PASSED] - Keys '*' sent to object: 'Object Repository/ADMIN/Edit Text/Bespoke/Buyer Pages/Onboarding_Settings/input_SAVE_btn_next'

2020-03-20 09:41:45 - [TEST_STEP][PASSED] - sendKeys(findTestObject("ADMIN/Edit Text/Bespoke/Buyer Pages/Onboarding_Settings/input_Are you sure want to delete_popup-title"), "*"): Keys '*' sent to object: 'Object Repository/ADMIN/Edit Text/Bespoke/Buyer Pages/Onboarding_Settings/input_Are you sure want to delete_popup-title'

2020-03-20 09:41:45 - [MESSAGE][PASSED] - Keys '*' sent to object: 'Object Repository/ADMIN/Edit Text/Bespoke/Buyer Pages/Onboarding_Settings/input_Are you sure want to delete_popup-title'

2020-03-20 09:41:45 - [TEST_STEP][PASSED] - sendKeys(findTestObject("ADMIN/Edit Text/Bespoke/Buyer Pages/Onboarding_Settings/input_CANCEL_btn_cancel"), "*"): Keys '*' sent to object: 'Object Repository/ADMIN/Edit Text/Bespoke/Buyer Pages/Onboarding_Settings/input_CANCEL_btn_cancel'

2020-03-20 09:41:45 - [MESSAGE][PASSED] - Keys '*' sent to object: 'Object Repository/ADMIN/Edit Text/Bespoke/Buyer Pages/Onboarding_Settings/input_CANCEL_btn_cancel'

2020-03-20 09:41:45 - [TEST_STEP][PASSED] - sendKeys(findTestObject("ADMIN/Edit Text/Bespoke/Buyer Pages/Onboarding_Settings/input_OK_btn_okay"), "*"): Keys '*' sent to object: 'Object Repository/ADMIN/Edit Text/Bespoke/Buyer Pages/Onboarding_Settings/input_OK_btn_okay'

2020-03-20 09:41:45 - [MESSAGE][PASSED] - Keys '*' sent to object: 'Object Repository/ADMIN/Edit Text/Bespoke/Buyer Pages/Onboarding_Settings/input_OK_btn_okay'

2020-03-20 09:41:45 - [TEST_STEP][PASSED] - click(findTestObject("ADMIN/Edit Text/Bespoke/Buyer Pages/Homepage/button_save"), CONTINUE_ON_FAILURE): Object: 'Object Repository/ADMIN/Edit Text/Bespoke/Buyer Pages/Homepage/button_save' is clicked on

2020-03-20 09:41:45 - [MESSAGE][PASSED] - Object: 'Object Repository/ADMIN/Edit Text/Bespoke/Buyer Pages/Homepage/button_save' is clicked on

2020-03-20 09:41:45 - [TEST_STEP][PASSED] - waitForElementVisible(findTestObject("ADMIN/Edit Text/Bespoke/Buyer Pages/Homepage/toaster_success"), 0): Object 'Object Repository/ADMIN/Edit Text/Bespoke/Buyer Pages/Homepage/toaster_success' is visible

2020-03-20 09:41:45 - [MESSAGE][WARNING] - Timeout '0' is invalid. Using default page load timeout: '30'

2020-03-20 09:41:46 - [MESSAGE][PASSED] - Object 'Object Repository/ADMIN/Edit Text/Bespoke/Buyer Pages/Homepage/toaster_success' is visible]]></system-out>
         <system-err><![CDATA[]]></system-err>
      </testcase>
      <testcase name="Test Cases/ADMIN/Language/Edit Text/Bespoke/Buyer Pages/Onboarding_Settings" time="7.106" classname="Test Cases/ADMIN/Language/Edit Text/Bespoke/Buyer Pages/Onboarding_Settings" status="PASSED">
         <system-out><![CDATA[2020-03-20 09:41:46 - [TEST_CASE][PASSED] - Test Cases/ADMIN/Language/Edit Text/Bespoke/Buyer Pages/Onboarding_Settings: Test Cases/ADMIN/Language/Edit Text/Bespoke/Buyer Pages/Onboarding_Settings

2020-03-20 09:41:46 - [TEST_STEP][PASSED] - waitForElementVisible(findTestObject("ADMIN/Edit Text/Bespoke/Buyer Navigation/dd_language"), 0): Object 'Object Repository/ADMIN/Edit Text/Bespoke/Buyer Navigation/dd_language' is visible

2020-03-20 09:41:46 - [MESSAGE][WARNING] - Timeout '0' is invalid. Using default page load timeout: '30'

2020-03-20 09:41:46 - [MESSAGE][PASSED] - Object 'Object Repository/ADMIN/Edit Text/Bespoke/Buyer Navigation/dd_language' is visible

2020-03-20 09:41:46 - [TEST_STEP][PASSED] - selectOptionByLabel(findTestObject("ADMIN/Edit Text/Bespoke/Buyer Navigation/dd_language"), varLanguage, false): All options with label 'German' are selected in object 'Object Repository/ADMIN/Edit Text/Bespoke/Buyer Navigation/dd_language' 

2020-03-20 09:41:47 - [MESSAGE][PASSED] - All options with label 'German' are selected in object 'Object Repository/ADMIN/Edit Text/Bespoke/Buyer Navigation/dd_language' 

2020-03-20 09:41:47 - [TEST_STEP][PASSED] - sendKeys(findTestObject("ADMIN/Edit Text/Bespoke/Buyer Pages/Onboarding_Settings/input_USER SETTINGS_marketplace-name"), "*"): Keys '*' sent to object: 'Object Repository/ADMIN/Edit Text/Bespoke/Buyer Pages/Onboarding_Settings/input_USER SETTINGS_marketplace-name'

2020-03-20 09:41:48 - [MESSAGE][PASSED] - Keys '*' sent to object: 'Object Repository/ADMIN/Edit Text/Bespoke/Buyer Pages/Onboarding_Settings/input_USER SETTINGS_marketplace-name'

2020-03-20 09:41:48 - [TEST_STEP][PASSED] - sendKeys(findTestObject("ADMIN/Edit Text/Bespoke/Buyer Pages/Onboarding_Settings/input_Configure your profile and your settings here_item_details"), "*"): Keys '*' sent to object: 'Object Repository/ADMIN/Edit Text/Bespoke/Buyer Pages/Onboarding_Settings/input_Configure your profile and your settings here_item_details'

2020-03-20 09:41:49 - [MESSAGE][PASSED] - Keys '*' sent to object: 'Object Repository/ADMIN/Edit Text/Bespoke/Buyer Pages/Onboarding_Settings/input_Configure your profile and your settings here_item_details'

2020-03-20 09:41:49 - [TEST_STEP][PASSED] - sendKeys(findTestObject("ADMIN/Edit Text/Bespoke/Buyer Pages/Onboarding_Settings/input_PROFILE_tab-title"), "*"): Keys '*' sent to object: 'Object Repository/ADMIN/Edit Text/Bespoke/Buyer Pages/Onboarding_Settings/input_PROFILE_tab-title'

2020-03-20 09:41:49 - [MESSAGE][PASSED] - Keys '*' sent to object: 'Object Repository/ADMIN/Edit Text/Bespoke/Buyer Pages/Onboarding_Settings/input_PROFILE_tab-title'

2020-03-20 09:41:49 - [TEST_STEP][PASSED] - sendKeys(findTestObject("ADMIN/Edit Text/Bespoke/Buyer Pages/Onboarding_Settings/input_CHANGE_btn_upload"), "*"): Keys '*' sent to object: 'Object Repository/ADMIN/Edit Text/Bespoke/Buyer Pages/Onboarding_Settings/input_CHANGE_btn_upload'

2020-03-20 09:41:49 - [MESSAGE][PASSED] - Keys '*' sent to object: 'Object Repository/ADMIN/Edit Text/Bespoke/Buyer Pages/Onboarding_Settings/input_CHANGE_btn_upload'

2020-03-20 09:41:49 - [TEST_STEP][PASSED] - sendKeys(findTestObject("ADMIN/Edit Text/Bespoke/Buyer Pages/Onboarding_Settings/input_DISPLAY NAME_display-name"), "*"): Keys '*' sent to object: 'Object Repository/ADMIN/Edit Text/Bespoke/Buyer Pages/Onboarding_Settings/input_DISPLAY NAME_display-name'

2020-03-20 09:41:49 - [MESSAGE][PASSED] - Keys '*' sent to object: 'Object Repository/ADMIN/Edit Text/Bespoke/Buyer Pages/Onboarding_Settings/input_DISPLAY NAME_display-name'

2020-03-20 09:41:49 - [TEST_STEP][PASSED] - sendKeys(findTestObject("ADMIN/Edit Text/Bespoke/Buyer Pages/Onboarding_Settings/input_FIRST NAME_first-name"), "*"): Keys '*' sent to object: 'Object Repository/ADMIN/Edit Text/Bespoke/Buyer Pages/Onboarding_Settings/input_FIRST NAME_first-name'

2020-03-20 09:41:49 - [MESSAGE][PASSED] - Keys '*' sent to object: 'Object Repository/ADMIN/Edit Text/Bespoke/Buyer Pages/Onboarding_Settings/input_FIRST NAME_first-name'

2020-03-20 09:41:49 - [TEST_STEP][PASSED] - sendKeys(findTestObject("ADMIN/Edit Text/Bespoke/Buyer Pages/Onboarding_Settings/input_LAST NAME_last-name"), "*"): Keys '*' sent to object: 'Object Repository/ADMIN/Edit Text/Bespoke/Buyer Pages/Onboarding_Settings/input_LAST NAME_last-name'

2020-03-20 09:41:49 - [MESSAGE][PASSED] - Keys '*' sent to object: 'Object Repository/ADMIN/Edit Text/Bespoke/Buyer Pages/Onboarding_Settings/input_LAST NAME_last-name'

2020-03-20 09:41:49 - [TEST_STEP][PASSED] - sendKeys(findTestObject("ADMIN/Edit Text/Bespoke/Buyer Pages/Onboarding_Settings/input_NOTIFICATION EMAIL_notification-email"), "*"): Keys '*' sent to object: 'Object Repository/ADMIN/Edit Text/Bespoke/Buyer Pages/Onboarding_Settings/input_NOTIFICATION EMAIL_notification-email'

2020-03-20 09:41:49 - [MESSAGE][PASSED] - Keys '*' sent to object: 'Object Repository/ADMIN/Edit Text/Bespoke/Buyer Pages/Onboarding_Settings/input_NOTIFICATION EMAIL_notification-email'

2020-03-20 09:41:49 - [TEST_STEP][PASSED] - sendKeys(findTestObject("ADMIN/Edit Text/Bespoke/Buyer Pages/Onboarding_Settings/input_CONTACT NUMBER_contact-number"), "*"): Keys '*' sent to object: 'Object Repository/ADMIN/Edit Text/Bespoke/Buyer Pages/Onboarding_Settings/input_CONTACT NUMBER_contact-number'

2020-03-20 09:41:50 - [MESSAGE][PASSED] - Keys '*' sent to object: 'Object Repository/ADMIN/Edit Text/Bespoke/Buyer Pages/Onboarding_Settings/input_CONTACT NUMBER_contact-number'

2020-03-20 09:41:50 - [TEST_STEP][PASSED] - sendKeys(findTestObject("ADMIN/Edit Text/Bespoke/Buyer Pages/Onboarding_Settings/input_OPENID LOGIN_open-id-login"), "*"): Keys '*' sent to object: 'Object Repository/ADMIN/Edit Text/Bespoke/Buyer Pages/Onboarding_Settings/input_OPENID LOGIN_open-id-login'

2020-03-20 09:41:50 - [MESSAGE][PASSED] - Keys '*' sent to object: 'Object Repository/ADMIN/Edit Text/Bespoke/Buyer Pages/Onboarding_Settings/input_OPENID LOGIN_open-id-login'

2020-03-20 09:41:50 - [TEST_STEP][PASSED] - sendKeys(findTestObject("ADMIN/Edit Text/Bespoke/Buyer Pages/Onboarding_Settings/input_NEXT_btn_next"), "*"): Keys '*' sent to object: 'Object Repository/ADMIN/Edit Text/Bespoke/Buyer Pages/Onboarding_Settings/input_NEXT_btn_next'

2020-03-20 09:41:50 - [MESSAGE][PASSED] - Keys '*' sent to object: 'Object Repository/ADMIN/Edit Text/Bespoke/Buyer Pages/Onboarding_Settings/input_NEXT_btn_next'

2020-03-20 09:41:50 - [TEST_STEP][PASSED] - sendKeys(findTestObject("ADMIN/Edit Text/Bespoke/Buyer Pages/Onboarding_Settings/input_ADDRESS_tab-title"), "*"): Keys '*' sent to object: 'Object Repository/ADMIN/Edit Text/Bespoke/Buyer Pages/Onboarding_Settings/input_ADDRESS_tab-title'

2020-03-20 09:41:50 - [MESSAGE][PASSED] - Keys '*' sent to object: 'Object Repository/ADMIN/Edit Text/Bespoke/Buyer Pages/Onboarding_Settings/input_ADDRESS_tab-title'

2020-03-20 09:41:50 - [TEST_STEP][PASSED] - sendKeys(findTestObject("ADMIN/Edit Text/Bespoke/Buyer Pages/Onboarding_Settings/input_NEW DELIVERY ADDRESS_new-delivery-address"), "*"): Keys '*' sent to object: 'Object Repository/ADMIN/Edit Text/Bespoke/Buyer Pages/Onboarding_Settings/input_NEW DELIVERY ADDRESS_new-delivery-address'

2020-03-20 09:41:50 - [MESSAGE][PASSED] - Keys '*' sent to object: 'Object Repository/ADMIN/Edit Text/Bespoke/Buyer Pages/Onboarding_Settings/input_NEW DELIVERY ADDRESS_new-delivery-address'

2020-03-20 09:41:50 - [TEST_STEP][PASSED] - sendKeys(findTestObject("ADMIN/Edit Text/Bespoke/Buyer Pages/Onboarding_Settings/input_ADDRESSEE FIRST NAME_addressee-first-name"), "*"): Keys '*' sent to object: 'Object Repository/ADMIN/Edit Text/Bespoke/Buyer Pages/Onboarding_Settings/input_ADDRESSEE FIRST NAME_addressee-first-name'

2020-03-20 09:41:50 - [MESSAGE][PASSED] - Keys '*' sent to object: 'Object Repository/ADMIN/Edit Text/Bespoke/Buyer Pages/Onboarding_Settings/input_ADDRESSEE FIRST NAME_addressee-first-name'

2020-03-20 09:41:50 - [TEST_STEP][PASSED] - sendKeys(findTestObject("ADMIN/Edit Text/Bespoke/Buyer Pages/Onboarding_Settings/input_ADDRESSEE LAST NAME_addressee-last-name"), "*"): Keys '*' sent to object: 'Object Repository/ADMIN/Edit Text/Bespoke/Buyer Pages/Onboarding_Settings/input_ADDRESSEE LAST NAME_addressee-last-name'

2020-03-20 09:41:50 - [MESSAGE][PASSED] - Keys '*' sent to object: 'Object Repository/ADMIN/Edit Text/Bespoke/Buyer Pages/Onboarding_Settings/input_ADDRESSEE LAST NAME_addressee-last-name'

2020-03-20 09:41:50 - [TEST_STEP][PASSED] - sendKeys(findTestObject("ADMIN/Edit Text/Bespoke/Buyer Pages/Onboarding_Settings/input_ADDRESS_address"), "*"): Keys '*' sent to object: 'Object Repository/ADMIN/Edit Text/Bespoke/Buyer Pages/Onboarding_Settings/input_ADDRESS_address'

2020-03-20 09:41:50 - [MESSAGE][PASSED] - Keys '*' sent to object: 'Object Repository/ADMIN/Edit Text/Bespoke/Buyer Pages/Onboarding_Settings/input_ADDRESS_address'

2020-03-20 09:41:50 - [TEST_STEP][PASSED] - sendKeys(findTestObject("ADMIN/Edit Text/Bespoke/Buyer Pages/Onboarding_Settings/input_COUNTRY_address-country"), "*"): Keys '*' sent to object: 'Object Repository/ADMIN/Edit Text/Bespoke/Buyer Pages/Onboarding_Settings/input_COUNTRY_address-country'

2020-03-20 09:41:50 - [MESSAGE][PASSED] - Keys '*' sent to object: 'Object Repository/ADMIN/Edit Text/Bespoke/Buyer Pages/Onboarding_Settings/input_COUNTRY_address-country'

2020-03-20 09:41:50 - [TEST_STEP][PASSED] - sendKeys(findTestObject("ADMIN/Edit Text/Bespoke/Buyer Pages/Onboarding_Settings/input_State_address-state"), "*"): Keys '*' sent to object: 'Object Repository/ADMIN/Edit Text/Bespoke/Buyer Pages/Onboarding_Settings/input_State_address-state'

2020-03-20 09:41:51 - [MESSAGE][PASSED] - Keys '*' sent to object: 'Object Repository/ADMIN/Edit Text/Bespoke/Buyer Pages/Onboarding_Settings/input_State_address-state'

2020-03-20 09:41:51 - [TEST_STEP][PASSED] - sendKeys(findTestObject("ADMIN/Edit Text/Bespoke/Buyer Pages/Onboarding_Settings/input_CITY_address-city"), "*"): Keys '*' sent to object: 'Object Repository/ADMIN/Edit Text/Bespoke/Buyer Pages/Onboarding_Settings/input_CITY_address-city'

2020-03-20 09:41:51 - [MESSAGE][PASSED] - Keys '*' sent to object: 'Object Repository/ADMIN/Edit Text/Bespoke/Buyer Pages/Onboarding_Settings/input_CITY_address-city'

2020-03-20 09:41:51 - [TEST_STEP][PASSED] - sendKeys(findTestObject("ADMIN/Edit Text/Bespoke/Buyer Pages/Onboarding_Settings/input_POSTAL CODE_address-postalcode"), "*"): Keys '*' sent to object: 'Object Repository/ADMIN/Edit Text/Bespoke/Buyer Pages/Onboarding_Settings/input_POSTAL CODE_address-postalcode'

2020-03-20 09:41:51 - [MESSAGE][PASSED] - Keys '*' sent to object: 'Object Repository/ADMIN/Edit Text/Bespoke/Buyer Pages/Onboarding_Settings/input_POSTAL CODE_address-postalcode'

2020-03-20 09:41:51 - [TEST_STEP][PASSED] - sendKeys(findTestObject("ADMIN/Edit Text/Bespoke/Buyer Pages/Onboarding_Settings/input_SELECT COUNTRY_select-country"), "*"): Keys '*' sent to object: 'Object Repository/ADMIN/Edit Text/Bespoke/Buyer Pages/Onboarding_Settings/input_SELECT COUNTRY_select-country'

2020-03-20 09:41:51 - [MESSAGE][PASSED] - Keys '*' sent to object: 'Object Repository/ADMIN/Edit Text/Bespoke/Buyer Pages/Onboarding_Settings/input_SELECT COUNTRY_select-country'

2020-03-20 09:41:51 - [TEST_STEP][PASSED] - sendKeys(findTestObject("ADMIN/Edit Text/Bespoke/Buyer Pages/Onboarding_Settings/input_Select City"), "*"): Keys '*' sent to object: 'Object Repository/ADMIN/Edit Text/Bespoke/Buyer Pages/Onboarding_Settings/input_Select City'

2020-03-20 09:41:51 - [MESSAGE][PASSED] - Keys '*' sent to object: 'Object Repository/ADMIN/Edit Text/Bespoke/Buyer Pages/Onboarding_Settings/input_Select City'

2020-03-20 09:41:51 - [TEST_STEP][PASSED] - sendKeys(findTestObject("ADMIN/Edit Text/Bespoke/Buyer Pages/Onboarding_Settings/input_ADD ADDRESS_btn_add"), "*"): Keys '*' sent to object: 'Object Repository/ADMIN/Edit Text/Bespoke/Buyer Pages/Onboarding_Settings/input_ADD ADDRESS_btn_add'

2020-03-20 09:41:51 - [MESSAGE][PASSED] - Keys '*' sent to object: 'Object Repository/ADMIN/Edit Text/Bespoke/Buyer Pages/Onboarding_Settings/input_ADD ADDRESS_btn_add'

2020-03-20 09:41:51 - [TEST_STEP][PASSED] - sendKeys(findTestObject("ADMIN/Edit Text/Bespoke/Buyer Pages/Onboarding_Settings/input_SAVED ADDRESSES_address-saved"), "*"): Keys '*' sent to object: 'Object Repository/ADMIN/Edit Text/Bespoke/Buyer Pages/Onboarding_Settings/input_SAVED ADDRESSES_address-saved'

2020-03-20 09:41:52 - [MESSAGE][PASSED] - Keys '*' sent to object: 'Object Repository/ADMIN/Edit Text/Bespoke/Buyer Pages/Onboarding_Settings/input_SAVED ADDRESSES_address-saved'

2020-03-20 09:41:52 - [TEST_STEP][PASSED] - sendKeys(findTestObject("ADMIN/Edit Text/Bespoke/Buyer Pages/Onboarding_Settings/input_SAVE_btn_next"), "*"): Keys '*' sent to object: 'Object Repository/ADMIN/Edit Text/Bespoke/Buyer Pages/Onboarding_Settings/input_SAVE_btn_next'

2020-03-20 09:41:52 - [MESSAGE][PASSED] - Keys '*' sent to object: 'Object Repository/ADMIN/Edit Text/Bespoke/Buyer Pages/Onboarding_Settings/input_SAVE_btn_next'

2020-03-20 09:41:52 - [TEST_STEP][PASSED] - sendKeys(findTestObject("ADMIN/Edit Text/Bespoke/Buyer Pages/Onboarding_Settings/input_Are you sure want to delete_popup-title"), "*"): Keys '*' sent to object: 'Object Repository/ADMIN/Edit Text/Bespoke/Buyer Pages/Onboarding_Settings/input_Are you sure want to delete_popup-title'

2020-03-20 09:41:52 - [MESSAGE][PASSED] - Keys '*' sent to object: 'Object Repository/ADMIN/Edit Text/Bespoke/Buyer Pages/Onboarding_Settings/input_Are you sure want to delete_popup-title'

2020-03-20 09:41:52 - [TEST_STEP][PASSED] - sendKeys(findTestObject("ADMIN/Edit Text/Bespoke/Buyer Pages/Onboarding_Settings/input_CANCEL_btn_cancel"), "*"): Keys '*' sent to object: 'Object Repository/ADMIN/Edit Text/Bespoke/Buyer Pages/Onboarding_Settings/input_CANCEL_btn_cancel'

2020-03-20 09:41:52 - [MESSAGE][PASSED] - Keys '*' sent to object: 'Object Repository/ADMIN/Edit Text/Bespoke/Buyer Pages/Onboarding_Settings/input_CANCEL_btn_cancel'

2020-03-20 09:41:52 - [TEST_STEP][PASSED] - sendKeys(findTestObject("ADMIN/Edit Text/Bespoke/Buyer Pages/Onboarding_Settings/input_OK_btn_okay"), "*"): Keys '*' sent to object: 'Object Repository/ADMIN/Edit Text/Bespoke/Buyer Pages/Onboarding_Settings/input_OK_btn_okay'

2020-03-20 09:41:52 - [MESSAGE][PASSED] - Keys '*' sent to object: 'Object Repository/ADMIN/Edit Text/Bespoke/Buyer Pages/Onboarding_Settings/input_OK_btn_okay'

2020-03-20 09:41:52 - [TEST_STEP][PASSED] - click(findTestObject("ADMIN/Edit Text/Bespoke/Buyer Pages/Homepage/button_save"), CONTINUE_ON_FAILURE): Object: 'Object Repository/ADMIN/Edit Text/Bespoke/Buyer Pages/Homepage/button_save' is clicked on

2020-03-20 09:41:52 - [MESSAGE][PASSED] - Object: 'Object Repository/ADMIN/Edit Text/Bespoke/Buyer Pages/Homepage/button_save' is clicked on

2020-03-20 09:41:52 - [TEST_STEP][PASSED] - waitForElementVisible(findTestObject("ADMIN/Edit Text/Bespoke/Buyer Pages/Homepage/toaster_success"), 0): Object 'Object Repository/ADMIN/Edit Text/Bespoke/Buyer Pages/Homepage/toaster_success' is visible

2020-03-20 09:41:52 - [MESSAGE][WARNING] - Timeout '0' is invalid. Using default page load timeout: '30'

2020-03-20 09:41:53 - [MESSAGE][PASSED] - Object 'Object Repository/ADMIN/Edit Text/Bespoke/Buyer Pages/Homepage/toaster_success' is visible]]></system-out>
         <system-err><![CDATA[]]></system-err>
      </testcase>
      <testcase name="Test Cases/ADMIN/Language/Edit Text/Bespoke/Buyer Pages/Onboarding_Settings" time="7.311" classname="Test Cases/ADMIN/Language/Edit Text/Bespoke/Buyer Pages/Onboarding_Settings" status="PASSED">
         <system-out><![CDATA[2020-03-20 09:41:53 - [TEST_CASE][PASSED] - Test Cases/ADMIN/Language/Edit Text/Bespoke/Buyer Pages/Onboarding_Settings: Test Cases/ADMIN/Language/Edit Text/Bespoke/Buyer Pages/Onboarding_Settings

2020-03-20 09:41:53 - [TEST_STEP][PASSED] - waitForElementVisible(findTestObject("ADMIN/Edit Text/Bespoke/Buyer Navigation/dd_language"), 0): Object 'Object Repository/ADMIN/Edit Text/Bespoke/Buyer Navigation/dd_language' is visible

2020-03-20 09:41:53 - [MESSAGE][WARNING] - Timeout '0' is invalid. Using default page load timeout: '30'

2020-03-20 09:41:53 - [MESSAGE][PASSED] - Object 'Object Repository/ADMIN/Edit Text/Bespoke/Buyer Navigation/dd_language' is visible

2020-03-20 09:41:53 - [TEST_STEP][PASSED] - selectOptionByLabel(findTestObject("ADMIN/Edit Text/Bespoke/Buyer Navigation/dd_language"), varLanguage, false): All options with label 'Japanese' are selected in object 'Object Repository/ADMIN/Edit Text/Bespoke/Buyer Navigation/dd_language' 

2020-03-20 09:41:55 - [MESSAGE][PASSED] - All options with label 'Japanese' are selected in object 'Object Repository/ADMIN/Edit Text/Bespoke/Buyer Navigation/dd_language' 

2020-03-20 09:41:55 - [TEST_STEP][PASSED] - sendKeys(findTestObject("ADMIN/Edit Text/Bespoke/Buyer Pages/Onboarding_Settings/input_USER SETTINGS_marketplace-name"), "*"): Keys '*' sent to object: 'Object Repository/ADMIN/Edit Text/Bespoke/Buyer Pages/Onboarding_Settings/input_USER SETTINGS_marketplace-name'

2020-03-20 09:41:55 - [MESSAGE][PASSED] - Keys '*' sent to object: 'Object Repository/ADMIN/Edit Text/Bespoke/Buyer Pages/Onboarding_Settings/input_USER SETTINGS_marketplace-name'

2020-03-20 09:41:55 - [TEST_STEP][PASSED] - sendKeys(findTestObject("ADMIN/Edit Text/Bespoke/Buyer Pages/Onboarding_Settings/input_Configure your profile and your settings here_item_details"), "*"): Keys '*' sent to object: 'Object Repository/ADMIN/Edit Text/Bespoke/Buyer Pages/Onboarding_Settings/input_Configure your profile and your settings here_item_details'

2020-03-20 09:41:56 - [MESSAGE][PASSED] - Keys '*' sent to object: 'Object Repository/ADMIN/Edit Text/Bespoke/Buyer Pages/Onboarding_Settings/input_Configure your profile and your settings here_item_details'

2020-03-20 09:41:56 - [TEST_STEP][PASSED] - sendKeys(findTestObject("ADMIN/Edit Text/Bespoke/Buyer Pages/Onboarding_Settings/input_PROFILE_tab-title"), "*"): Keys '*' sent to object: 'Object Repository/ADMIN/Edit Text/Bespoke/Buyer Pages/Onboarding_Settings/input_PROFILE_tab-title'

2020-03-20 09:41:56 - [MESSAGE][PASSED] - Keys '*' sent to object: 'Object Repository/ADMIN/Edit Text/Bespoke/Buyer Pages/Onboarding_Settings/input_PROFILE_tab-title'

2020-03-20 09:41:56 - [TEST_STEP][PASSED] - sendKeys(findTestObject("ADMIN/Edit Text/Bespoke/Buyer Pages/Onboarding_Settings/input_CHANGE_btn_upload"), "*"): Keys '*' sent to object: 'Object Repository/ADMIN/Edit Text/Bespoke/Buyer Pages/Onboarding_Settings/input_CHANGE_btn_upload'

2020-03-20 09:41:56 - [MESSAGE][PASSED] - Keys '*' sent to object: 'Object Repository/ADMIN/Edit Text/Bespoke/Buyer Pages/Onboarding_Settings/input_CHANGE_btn_upload'

2020-03-20 09:41:56 - [TEST_STEP][PASSED] - sendKeys(findTestObject("ADMIN/Edit Text/Bespoke/Buyer Pages/Onboarding_Settings/input_DISPLAY NAME_display-name"), "*"): Keys '*' sent to object: 'Object Repository/ADMIN/Edit Text/Bespoke/Buyer Pages/Onboarding_Settings/input_DISPLAY NAME_display-name'

2020-03-20 09:41:56 - [MESSAGE][PASSED] - Keys '*' sent to object: 'Object Repository/ADMIN/Edit Text/Bespoke/Buyer Pages/Onboarding_Settings/input_DISPLAY NAME_display-name'

2020-03-20 09:41:56 - [TEST_STEP][PASSED] - sendKeys(findTestObject("ADMIN/Edit Text/Bespoke/Buyer Pages/Onboarding_Settings/input_FIRST NAME_first-name"), "*"): Keys '*' sent to object: 'Object Repository/ADMIN/Edit Text/Bespoke/Buyer Pages/Onboarding_Settings/input_FIRST NAME_first-name'

2020-03-20 09:41:56 - [MESSAGE][PASSED] - Keys '*' sent to object: 'Object Repository/ADMIN/Edit Text/Bespoke/Buyer Pages/Onboarding_Settings/input_FIRST NAME_first-name'

2020-03-20 09:41:56 - [TEST_STEP][PASSED] - sendKeys(findTestObject("ADMIN/Edit Text/Bespoke/Buyer Pages/Onboarding_Settings/input_LAST NAME_last-name"), "*"): Keys '*' sent to object: 'Object Repository/ADMIN/Edit Text/Bespoke/Buyer Pages/Onboarding_Settings/input_LAST NAME_last-name'

2020-03-20 09:41:56 - [MESSAGE][PASSED] - Keys '*' sent to object: 'Object Repository/ADMIN/Edit Text/Bespoke/Buyer Pages/Onboarding_Settings/input_LAST NAME_last-name'

2020-03-20 09:41:56 - [TEST_STEP][PASSED] - sendKeys(findTestObject("ADMIN/Edit Text/Bespoke/Buyer Pages/Onboarding_Settings/input_NOTIFICATION EMAIL_notification-email"), "*"): Keys '*' sent to object: 'Object Repository/ADMIN/Edit Text/Bespoke/Buyer Pages/Onboarding_Settings/input_NOTIFICATION EMAIL_notification-email'

2020-03-20 09:41:56 - [MESSAGE][PASSED] - Keys '*' sent to object: 'Object Repository/ADMIN/Edit Text/Bespoke/Buyer Pages/Onboarding_Settings/input_NOTIFICATION EMAIL_notification-email'

2020-03-20 09:41:56 - [TEST_STEP][PASSED] - sendKeys(findTestObject("ADMIN/Edit Text/Bespoke/Buyer Pages/Onboarding_Settings/input_CONTACT NUMBER_contact-number"), "*"): Keys '*' sent to object: 'Object Repository/ADMIN/Edit Text/Bespoke/Buyer Pages/Onboarding_Settings/input_CONTACT NUMBER_contact-number'

2020-03-20 09:41:57 - [MESSAGE][PASSED] - Keys '*' sent to object: 'Object Repository/ADMIN/Edit Text/Bespoke/Buyer Pages/Onboarding_Settings/input_CONTACT NUMBER_contact-number'

2020-03-20 09:41:57 - [TEST_STEP][PASSED] - sendKeys(findTestObject("ADMIN/Edit Text/Bespoke/Buyer Pages/Onboarding_Settings/input_OPENID LOGIN_open-id-login"), "*"): Keys '*' sent to object: 'Object Repository/ADMIN/Edit Text/Bespoke/Buyer Pages/Onboarding_Settings/input_OPENID LOGIN_open-id-login'

2020-03-20 09:41:57 - [MESSAGE][PASSED] - Keys '*' sent to object: 'Object Repository/ADMIN/Edit Text/Bespoke/Buyer Pages/Onboarding_Settings/input_OPENID LOGIN_open-id-login'

2020-03-20 09:41:57 - [TEST_STEP][PASSED] - sendKeys(findTestObject("ADMIN/Edit Text/Bespoke/Buyer Pages/Onboarding_Settings/input_NEXT_btn_next"), "*"): Keys '*' sent to object: 'Object Repository/ADMIN/Edit Text/Bespoke/Buyer Pages/Onboarding_Settings/input_NEXT_btn_next'

2020-03-20 09:41:57 - [MESSAGE][PASSED] - Keys '*' sent to object: 'Object Repository/ADMIN/Edit Text/Bespoke/Buyer Pages/Onboarding_Settings/input_NEXT_btn_next'

2020-03-20 09:41:57 - [TEST_STEP][PASSED] - sendKeys(findTestObject("ADMIN/Edit Text/Bespoke/Buyer Pages/Onboarding_Settings/input_ADDRESS_tab-title"), "*"): Keys '*' sent to object: 'Object Repository/ADMIN/Edit Text/Bespoke/Buyer Pages/Onboarding_Settings/input_ADDRESS_tab-title'

2020-03-20 09:41:57 - [MESSAGE][PASSED] - Keys '*' sent to object: 'Object Repository/ADMIN/Edit Text/Bespoke/Buyer Pages/Onboarding_Settings/input_ADDRESS_tab-title'

2020-03-20 09:41:57 - [TEST_STEP][PASSED] - sendKeys(findTestObject("ADMIN/Edit Text/Bespoke/Buyer Pages/Onboarding_Settings/input_NEW DELIVERY ADDRESS_new-delivery-address"), "*"): Keys '*' sent to object: 'Object Repository/ADMIN/Edit Text/Bespoke/Buyer Pages/Onboarding_Settings/input_NEW DELIVERY ADDRESS_new-delivery-address'

2020-03-20 09:41:57 - [MESSAGE][PASSED] - Keys '*' sent to object: 'Object Repository/ADMIN/Edit Text/Bespoke/Buyer Pages/Onboarding_Settings/input_NEW DELIVERY ADDRESS_new-delivery-address'

2020-03-20 09:41:57 - [TEST_STEP][PASSED] - sendKeys(findTestObject("ADMIN/Edit Text/Bespoke/Buyer Pages/Onboarding_Settings/input_ADDRESSEE FIRST NAME_addressee-first-name"), "*"): Keys '*' sent to object: 'Object Repository/ADMIN/Edit Text/Bespoke/Buyer Pages/Onboarding_Settings/input_ADDRESSEE FIRST NAME_addressee-first-name'

2020-03-20 09:41:58 - [MESSAGE][PASSED] - Keys '*' sent to object: 'Object Repository/ADMIN/Edit Text/Bespoke/Buyer Pages/Onboarding_Settings/input_ADDRESSEE FIRST NAME_addressee-first-name'

2020-03-20 09:41:58 - [TEST_STEP][PASSED] - sendKeys(findTestObject("ADMIN/Edit Text/Bespoke/Buyer Pages/Onboarding_Settings/input_ADDRESSEE LAST NAME_addressee-last-name"), "*"): Keys '*' sent to object: 'Object Repository/ADMIN/Edit Text/Bespoke/Buyer Pages/Onboarding_Settings/input_ADDRESSEE LAST NAME_addressee-last-name'

2020-03-20 09:41:58 - [MESSAGE][PASSED] - Keys '*' sent to object: 'Object Repository/ADMIN/Edit Text/Bespoke/Buyer Pages/Onboarding_Settings/input_ADDRESSEE LAST NAME_addressee-last-name'

2020-03-20 09:41:58 - [TEST_STEP][PASSED] - sendKeys(findTestObject("ADMIN/Edit Text/Bespoke/Buyer Pages/Onboarding_Settings/input_ADDRESS_address"), "*"): Keys '*' sent to object: 'Object Repository/ADMIN/Edit Text/Bespoke/Buyer Pages/Onboarding_Settings/input_ADDRESS_address'

2020-03-20 09:41:58 - [MESSAGE][PASSED] - Keys '*' sent to object: 'Object Repository/ADMIN/Edit Text/Bespoke/Buyer Pages/Onboarding_Settings/input_ADDRESS_address'

2020-03-20 09:41:58 - [TEST_STEP][PASSED] - sendKeys(findTestObject("ADMIN/Edit Text/Bespoke/Buyer Pages/Onboarding_Settings/input_COUNTRY_address-country"), "*"): Keys '*' sent to object: 'Object Repository/ADMIN/Edit Text/Bespoke/Buyer Pages/Onboarding_Settings/input_COUNTRY_address-country'

2020-03-20 09:41:58 - [MESSAGE][PASSED] - Keys '*' sent to object: 'Object Repository/ADMIN/Edit Text/Bespoke/Buyer Pages/Onboarding_Settings/input_COUNTRY_address-country'

2020-03-20 09:41:58 - [TEST_STEP][PASSED] - sendKeys(findTestObject("ADMIN/Edit Text/Bespoke/Buyer Pages/Onboarding_Settings/input_State_address-state"), "*"): Keys '*' sent to object: 'Object Repository/ADMIN/Edit Text/Bespoke/Buyer Pages/Onboarding_Settings/input_State_address-state'

2020-03-20 09:41:58 - [MESSAGE][PASSED] - Keys '*' sent to object: 'Object Repository/ADMIN/Edit Text/Bespoke/Buyer Pages/Onboarding_Settings/input_State_address-state'

2020-03-20 09:41:58 - [TEST_STEP][PASSED] - sendKeys(findTestObject("ADMIN/Edit Text/Bespoke/Buyer Pages/Onboarding_Settings/input_CITY_address-city"), "*"): Keys '*' sent to object: 'Object Repository/ADMIN/Edit Text/Bespoke/Buyer Pages/Onboarding_Settings/input_CITY_address-city'

2020-03-20 09:41:58 - [MESSAGE][PASSED] - Keys '*' sent to object: 'Object Repository/ADMIN/Edit Text/Bespoke/Buyer Pages/Onboarding_Settings/input_CITY_address-city'

2020-03-20 09:41:58 - [TEST_STEP][PASSED] - sendKeys(findTestObject("ADMIN/Edit Text/Bespoke/Buyer Pages/Onboarding_Settings/input_POSTAL CODE_address-postalcode"), "*"): Keys '*' sent to object: 'Object Repository/ADMIN/Edit Text/Bespoke/Buyer Pages/Onboarding_Settings/input_POSTAL CODE_address-postalcode'

2020-03-20 09:41:58 - [MESSAGE][PASSED] - Keys '*' sent to object: 'Object Repository/ADMIN/Edit Text/Bespoke/Buyer Pages/Onboarding_Settings/input_POSTAL CODE_address-postalcode'

2020-03-20 09:41:58 - [TEST_STEP][PASSED] - sendKeys(findTestObject("ADMIN/Edit Text/Bespoke/Buyer Pages/Onboarding_Settings/input_SELECT COUNTRY_select-country"), "*"): Keys '*' sent to object: 'Object Repository/ADMIN/Edit Text/Bespoke/Buyer Pages/Onboarding_Settings/input_SELECT COUNTRY_select-country'

2020-03-20 09:41:59 - [MESSAGE][PASSED] - Keys '*' sent to object: 'Object Repository/ADMIN/Edit Text/Bespoke/Buyer Pages/Onboarding_Settings/input_SELECT COUNTRY_select-country'

2020-03-20 09:41:59 - [TEST_STEP][PASSED] - sendKeys(findTestObject("ADMIN/Edit Text/Bespoke/Buyer Pages/Onboarding_Settings/input_Select City"), "*"): Keys '*' sent to object: 'Object Repository/ADMIN/Edit Text/Bespoke/Buyer Pages/Onboarding_Settings/input_Select City'

2020-03-20 09:41:59 - [MESSAGE][PASSED] - Keys '*' sent to object: 'Object Repository/ADMIN/Edit Text/Bespoke/Buyer Pages/Onboarding_Settings/input_Select City'

2020-03-20 09:41:59 - [TEST_STEP][PASSED] - sendKeys(findTestObject("ADMIN/Edit Text/Bespoke/Buyer Pages/Onboarding_Settings/input_ADD ADDRESS_btn_add"), "*"): Keys '*' sent to object: 'Object Repository/ADMIN/Edit Text/Bespoke/Buyer Pages/Onboarding_Settings/input_ADD ADDRESS_btn_add'

2020-03-20 09:41:59 - [MESSAGE][PASSED] - Keys '*' sent to object: 'Object Repository/ADMIN/Edit Text/Bespoke/Buyer Pages/Onboarding_Settings/input_ADD ADDRESS_btn_add'

2020-03-20 09:41:59 - [TEST_STEP][PASSED] - sendKeys(findTestObject("ADMIN/Edit Text/Bespoke/Buyer Pages/Onboarding_Settings/input_SAVED ADDRESSES_address-saved"), "*"): Keys '*' sent to object: 'Object Repository/ADMIN/Edit Text/Bespoke/Buyer Pages/Onboarding_Settings/input_SAVED ADDRESSES_address-saved'

2020-03-20 09:41:59 - [MESSAGE][PASSED] - Keys '*' sent to object: 'Object Repository/ADMIN/Edit Text/Bespoke/Buyer Pages/Onboarding_Settings/input_SAVED ADDRESSES_address-saved'

2020-03-20 09:41:59 - [TEST_STEP][PASSED] - sendKeys(findTestObject("ADMIN/Edit Text/Bespoke/Buyer Pages/Onboarding_Settings/input_SAVE_btn_next"), "*"): Keys '*' sent to object: 'Object Repository/ADMIN/Edit Text/Bespoke/Buyer Pages/Onboarding_Settings/input_SAVE_btn_next'

2020-03-20 09:41:59 - [MESSAGE][PASSED] - Keys '*' sent to object: 'Object Repository/ADMIN/Edit Text/Bespoke/Buyer Pages/Onboarding_Settings/input_SAVE_btn_next'

2020-03-20 09:41:59 - [TEST_STEP][PASSED] - sendKeys(findTestObject("ADMIN/Edit Text/Bespoke/Buyer Pages/Onboarding_Settings/input_Are you sure want to delete_popup-title"), "*"): Keys '*' sent to object: 'Object Repository/ADMIN/Edit Text/Bespoke/Buyer Pages/Onboarding_Settings/input_Are you sure want to delete_popup-title'

2020-03-20 09:42:00 - [MESSAGE][PASSED] - Keys '*' sent to object: 'Object Repository/ADMIN/Edit Text/Bespoke/Buyer Pages/Onboarding_Settings/input_Are you sure want to delete_popup-title'

2020-03-20 09:42:00 - [TEST_STEP][PASSED] - sendKeys(findTestObject("ADMIN/Edit Text/Bespoke/Buyer Pages/Onboarding_Settings/input_CANCEL_btn_cancel"), "*"): Keys '*' sent to object: 'Object Repository/ADMIN/Edit Text/Bespoke/Buyer Pages/Onboarding_Settings/input_CANCEL_btn_cancel'

2020-03-20 09:42:00 - [MESSAGE][PASSED] - Keys '*' sent to object: 'Object Repository/ADMIN/Edit Text/Bespoke/Buyer Pages/Onboarding_Settings/input_CANCEL_btn_cancel'

2020-03-20 09:42:00 - [TEST_STEP][PASSED] - sendKeys(findTestObject("ADMIN/Edit Text/Bespoke/Buyer Pages/Onboarding_Settings/input_OK_btn_okay"), "*"): Keys '*' sent to object: 'Object Repository/ADMIN/Edit Text/Bespoke/Buyer Pages/Onboarding_Settings/input_OK_btn_okay'

2020-03-20 09:42:00 - [MESSAGE][PASSED] - Keys '*' sent to object: 'Object Repository/ADMIN/Edit Text/Bespoke/Buyer Pages/Onboarding_Settings/input_OK_btn_okay'

2020-03-20 09:42:00 - [TEST_STEP][PASSED] - click(findTestObject("ADMIN/Edit Text/Bespoke/Buyer Pages/Homepage/button_save"), CONTINUE_ON_FAILURE): Object: 'Object Repository/ADMIN/Edit Text/Bespoke/Buyer Pages/Homepage/button_save' is clicked on

2020-03-20 09:42:00 - [MESSAGE][PASSED] - Object: 'Object Repository/ADMIN/Edit Text/Bespoke/Buyer Pages/Homepage/button_save' is clicked on

2020-03-20 09:42:00 - [TEST_STEP][PASSED] - waitForElementVisible(findTestObject("ADMIN/Edit Text/Bespoke/Buyer Pages/Homepage/toaster_success"), 0): Object 'Object Repository/ADMIN/Edit Text/Bespoke/Buyer Pages/Homepage/toaster_success' is visible

2020-03-20 09:42:00 - [MESSAGE][WARNING] - Timeout '0' is invalid. Using default page load timeout: '30'

2020-03-20 09:42:00 - [MESSAGE][PASSED] - Object 'Object Repository/ADMIN/Edit Text/Bespoke/Buyer Pages/Homepage/toaster_success' is visible]]></system-out>
         <system-err><![CDATA[]]></system-err>
      </testcase>
      <testcase name="Test Cases/ADMIN/Language/Edit Text/Bespoke/Buyer Pages/Onboarding_Settings" time="7.571" classname="Test Cases/ADMIN/Language/Edit Text/Bespoke/Buyer Pages/Onboarding_Settings" status="PASSED">
         <system-out><![CDATA[2020-03-20 09:42:00 - [TEST_CASE][PASSED] - Test Cases/ADMIN/Language/Edit Text/Bespoke/Buyer Pages/Onboarding_Settings: Test Cases/ADMIN/Language/Edit Text/Bespoke/Buyer Pages/Onboarding_Settings

2020-03-20 09:42:00 - [TEST_STEP][PASSED] - waitForElementVisible(findTestObject("ADMIN/Edit Text/Bespoke/Buyer Navigation/dd_language"), 0): Object 'Object Repository/ADMIN/Edit Text/Bespoke/Buyer Navigation/dd_language' is visible

2020-03-20 09:42:00 - [MESSAGE][WARNING] - Timeout '0' is invalid. Using default page load timeout: '30'

2020-03-20 09:42:01 - [MESSAGE][PASSED] - Object 'Object Repository/ADMIN/Edit Text/Bespoke/Buyer Navigation/dd_language' is visible

2020-03-20 09:42:01 - [TEST_STEP][PASSED] - selectOptionByLabel(findTestObject("ADMIN/Edit Text/Bespoke/Buyer Navigation/dd_language"), varLanguage, false): All options with label 'Chinese (Traditional)' are selected in object 'Object Repository/ADMIN/Edit Text/Bespoke/Buyer Navigation/dd_language' 

2020-03-20 09:42:02 - [MESSAGE][PASSED] - All options with label 'Chinese (Traditional)' are selected in object 'Object Repository/ADMIN/Edit Text/Bespoke/Buyer Navigation/dd_language' 

2020-03-20 09:42:02 - [TEST_STEP][PASSED] - sendKeys(findTestObject("ADMIN/Edit Text/Bespoke/Buyer Pages/Onboarding_Settings/input_USER SETTINGS_marketplace-name"), "*"): Keys '*' sent to object: 'Object Repository/ADMIN/Edit Text/Bespoke/Buyer Pages/Onboarding_Settings/input_USER SETTINGS_marketplace-name'

2020-03-20 09:42:03 - [MESSAGE][PASSED] - Keys '*' sent to object: 'Object Repository/ADMIN/Edit Text/Bespoke/Buyer Pages/Onboarding_Settings/input_USER SETTINGS_marketplace-name'

2020-03-20 09:42:03 - [TEST_STEP][PASSED] - sendKeys(findTestObject("ADMIN/Edit Text/Bespoke/Buyer Pages/Onboarding_Settings/input_Configure your profile and your settings here_item_details"), "*"): Keys '*' sent to object: 'Object Repository/ADMIN/Edit Text/Bespoke/Buyer Pages/Onboarding_Settings/input_Configure your profile and your settings here_item_details'

2020-03-20 09:42:03 - [MESSAGE][PASSED] - Keys '*' sent to object: 'Object Repository/ADMIN/Edit Text/Bespoke/Buyer Pages/Onboarding_Settings/input_Configure your profile and your settings here_item_details'

2020-03-20 09:42:03 - [TEST_STEP][PASSED] - sendKeys(findTestObject("ADMIN/Edit Text/Bespoke/Buyer Pages/Onboarding_Settings/input_PROFILE_tab-title"), "*"): Keys '*' sent to object: 'Object Repository/ADMIN/Edit Text/Bespoke/Buyer Pages/Onboarding_Settings/input_PROFILE_tab-title'

2020-03-20 09:42:03 - [MESSAGE][PASSED] - Keys '*' sent to object: 'Object Repository/ADMIN/Edit Text/Bespoke/Buyer Pages/Onboarding_Settings/input_PROFILE_tab-title'

2020-03-20 09:42:03 - [TEST_STEP][PASSED] - sendKeys(findTestObject("ADMIN/Edit Text/Bespoke/Buyer Pages/Onboarding_Settings/input_CHANGE_btn_upload"), "*"): Keys '*' sent to object: 'Object Repository/ADMIN/Edit Text/Bespoke/Buyer Pages/Onboarding_Settings/input_CHANGE_btn_upload'

2020-03-20 09:42:04 - [MESSAGE][PASSED] - Keys '*' sent to object: 'Object Repository/ADMIN/Edit Text/Bespoke/Buyer Pages/Onboarding_Settings/input_CHANGE_btn_upload'

2020-03-20 09:42:04 - [TEST_STEP][PASSED] - sendKeys(findTestObject("ADMIN/Edit Text/Bespoke/Buyer Pages/Onboarding_Settings/input_DISPLAY NAME_display-name"), "*"): Keys '*' sent to object: 'Object Repository/ADMIN/Edit Text/Bespoke/Buyer Pages/Onboarding_Settings/input_DISPLAY NAME_display-name'

2020-03-20 09:42:04 - [MESSAGE][PASSED] - Keys '*' sent to object: 'Object Repository/ADMIN/Edit Text/Bespoke/Buyer Pages/Onboarding_Settings/input_DISPLAY NAME_display-name'

2020-03-20 09:42:04 - [TEST_STEP][PASSED] - sendKeys(findTestObject("ADMIN/Edit Text/Bespoke/Buyer Pages/Onboarding_Settings/input_FIRST NAME_first-name"), "*"): Keys '*' sent to object: 'Object Repository/ADMIN/Edit Text/Bespoke/Buyer Pages/Onboarding_Settings/input_FIRST NAME_first-name'

2020-03-20 09:42:04 - [MESSAGE][PASSED] - Keys '*' sent to object: 'Object Repository/ADMIN/Edit Text/Bespoke/Buyer Pages/Onboarding_Settings/input_FIRST NAME_first-name'

2020-03-20 09:42:04 - [TEST_STEP][PASSED] - sendKeys(findTestObject("ADMIN/Edit Text/Bespoke/Buyer Pages/Onboarding_Settings/input_LAST NAME_last-name"), "*"): Keys '*' sent to object: 'Object Repository/ADMIN/Edit Text/Bespoke/Buyer Pages/Onboarding_Settings/input_LAST NAME_last-name'

2020-03-20 09:42:04 - [MESSAGE][PASSED] - Keys '*' sent to object: 'Object Repository/ADMIN/Edit Text/Bespoke/Buyer Pages/Onboarding_Settings/input_LAST NAME_last-name'

2020-03-20 09:42:04 - [TEST_STEP][PASSED] - sendKeys(findTestObject("ADMIN/Edit Text/Bespoke/Buyer Pages/Onboarding_Settings/input_NOTIFICATION EMAIL_notification-email"), "*"): Keys '*' sent to object: 'Object Repository/ADMIN/Edit Text/Bespoke/Buyer Pages/Onboarding_Settings/input_NOTIFICATION EMAIL_notification-email'

2020-03-20 09:42:04 - [MESSAGE][PASSED] - Keys '*' sent to object: 'Object Repository/ADMIN/Edit Text/Bespoke/Buyer Pages/Onboarding_Settings/input_NOTIFICATION EMAIL_notification-email'

2020-03-20 09:42:04 - [TEST_STEP][PASSED] - sendKeys(findTestObject("ADMIN/Edit Text/Bespoke/Buyer Pages/Onboarding_Settings/input_CONTACT NUMBER_contact-number"), "*"): Keys '*' sent to object: 'Object Repository/ADMIN/Edit Text/Bespoke/Buyer Pages/Onboarding_Settings/input_CONTACT NUMBER_contact-number'

2020-03-20 09:42:04 - [MESSAGE][PASSED] - Keys '*' sent to object: 'Object Repository/ADMIN/Edit Text/Bespoke/Buyer Pages/Onboarding_Settings/input_CONTACT NUMBER_contact-number'

2020-03-20 09:42:04 - [TEST_STEP][PASSED] - sendKeys(findTestObject("ADMIN/Edit Text/Bespoke/Buyer Pages/Onboarding_Settings/input_OPENID LOGIN_open-id-login"), "*"): Keys '*' sent to object: 'Object Repository/ADMIN/Edit Text/Bespoke/Buyer Pages/Onboarding_Settings/input_OPENID LOGIN_open-id-login'

2020-03-20 09:42:05 - [MESSAGE][PASSED] - Keys '*' sent to object: 'Object Repository/ADMIN/Edit Text/Bespoke/Buyer Pages/Onboarding_Settings/input_OPENID LOGIN_open-id-login'

2020-03-20 09:42:05 - [TEST_STEP][PASSED] - sendKeys(findTestObject("ADMIN/Edit Text/Bespoke/Buyer Pages/Onboarding_Settings/input_NEXT_btn_next"), "*"): Keys '*' sent to object: 'Object Repository/ADMIN/Edit Text/Bespoke/Buyer Pages/Onboarding_Settings/input_NEXT_btn_next'

2020-03-20 09:42:05 - [MESSAGE][PASSED] - Keys '*' sent to object: 'Object Repository/ADMIN/Edit Text/Bespoke/Buyer Pages/Onboarding_Settings/input_NEXT_btn_next'

2020-03-20 09:42:05 - [TEST_STEP][PASSED] - sendKeys(findTestObject("ADMIN/Edit Text/Bespoke/Buyer Pages/Onboarding_Settings/input_ADDRESS_tab-title"), "*"): Keys '*' sent to object: 'Object Repository/ADMIN/Edit Text/Bespoke/Buyer Pages/Onboarding_Settings/input_ADDRESS_tab-title'

2020-03-20 09:42:05 - [MESSAGE][PASSED] - Keys '*' sent to object: 'Object Repository/ADMIN/Edit Text/Bespoke/Buyer Pages/Onboarding_Settings/input_ADDRESS_tab-title'

2020-03-20 09:42:05 - [TEST_STEP][PASSED] - sendKeys(findTestObject("ADMIN/Edit Text/Bespoke/Buyer Pages/Onboarding_Settings/input_NEW DELIVERY ADDRESS_new-delivery-address"), "*"): Keys '*' sent to object: 'Object Repository/ADMIN/Edit Text/Bespoke/Buyer Pages/Onboarding_Settings/input_NEW DELIVERY ADDRESS_new-delivery-address'

2020-03-20 09:42:05 - [MESSAGE][PASSED] - Keys '*' sent to object: 'Object Repository/ADMIN/Edit Text/Bespoke/Buyer Pages/Onboarding_Settings/input_NEW DELIVERY ADDRESS_new-delivery-address'

2020-03-20 09:42:05 - [TEST_STEP][PASSED] - sendKeys(findTestObject("ADMIN/Edit Text/Bespoke/Buyer Pages/Onboarding_Settings/input_ADDRESSEE FIRST NAME_addressee-first-name"), "*"): Keys '*' sent to object: 'Object Repository/ADMIN/Edit Text/Bespoke/Buyer Pages/Onboarding_Settings/input_ADDRESSEE FIRST NAME_addressee-first-name'

2020-03-20 09:42:05 - [MESSAGE][PASSED] - Keys '*' sent to object: 'Object Repository/ADMIN/Edit Text/Bespoke/Buyer Pages/Onboarding_Settings/input_ADDRESSEE FIRST NAME_addressee-first-name'

2020-03-20 09:42:05 - [TEST_STEP][PASSED] - sendKeys(findTestObject("ADMIN/Edit Text/Bespoke/Buyer Pages/Onboarding_Settings/input_ADDRESSEE LAST NAME_addressee-last-name"), "*"): Keys '*' sent to object: 'Object Repository/ADMIN/Edit Text/Bespoke/Buyer Pages/Onboarding_Settings/input_ADDRESSEE LAST NAME_addressee-last-name'

2020-03-20 09:42:05 - [MESSAGE][PASSED] - Keys '*' sent to object: 'Object Repository/ADMIN/Edit Text/Bespoke/Buyer Pages/Onboarding_Settings/input_ADDRESSEE LAST NAME_addressee-last-name'

2020-03-20 09:42:05 - [TEST_STEP][PASSED] - sendKeys(findTestObject("ADMIN/Edit Text/Bespoke/Buyer Pages/Onboarding_Settings/input_ADDRESS_address"), "*"): Keys '*' sent to object: 'Object Repository/ADMIN/Edit Text/Bespoke/Buyer Pages/Onboarding_Settings/input_ADDRESS_address'

2020-03-20 09:42:05 - [MESSAGE][PASSED] - Keys '*' sent to object: 'Object Repository/ADMIN/Edit Text/Bespoke/Buyer Pages/Onboarding_Settings/input_ADDRESS_address'

2020-03-20 09:42:05 - [TEST_STEP][PASSED] - sendKeys(findTestObject("ADMIN/Edit Text/Bespoke/Buyer Pages/Onboarding_Settings/input_COUNTRY_address-country"), "*"): Keys '*' sent to object: 'Object Repository/ADMIN/Edit Text/Bespoke/Buyer Pages/Onboarding_Settings/input_COUNTRY_address-country'

2020-03-20 09:42:06 - [MESSAGE][PASSED] - Keys '*' sent to object: 'Object Repository/ADMIN/Edit Text/Bespoke/Buyer Pages/Onboarding_Settings/input_COUNTRY_address-country'

2020-03-20 09:42:06 - [TEST_STEP][PASSED] - sendKeys(findTestObject("ADMIN/Edit Text/Bespoke/Buyer Pages/Onboarding_Settings/input_State_address-state"), "*"): Keys '*' sent to object: 'Object Repository/ADMIN/Edit Text/Bespoke/Buyer Pages/Onboarding_Settings/input_State_address-state'

2020-03-20 09:42:06 - [MESSAGE][PASSED] - Keys '*' sent to object: 'Object Repository/ADMIN/Edit Text/Bespoke/Buyer Pages/Onboarding_Settings/input_State_address-state'

2020-03-20 09:42:06 - [TEST_STEP][PASSED] - sendKeys(findTestObject("ADMIN/Edit Text/Bespoke/Buyer Pages/Onboarding_Settings/input_CITY_address-city"), "*"): Keys '*' sent to object: 'Object Repository/ADMIN/Edit Text/Bespoke/Buyer Pages/Onboarding_Settings/input_CITY_address-city'

2020-03-20 09:42:06 - [MESSAGE][PASSED] - Keys '*' sent to object: 'Object Repository/ADMIN/Edit Text/Bespoke/Buyer Pages/Onboarding_Settings/input_CITY_address-city'

2020-03-20 09:42:06 - [TEST_STEP][PASSED] - sendKeys(findTestObject("ADMIN/Edit Text/Bespoke/Buyer Pages/Onboarding_Settings/input_POSTAL CODE_address-postalcode"), "*"): Keys '*' sent to object: 'Object Repository/ADMIN/Edit Text/Bespoke/Buyer Pages/Onboarding_Settings/input_POSTAL CODE_address-postalcode'

2020-03-20 09:42:06 - [MESSAGE][PASSED] - Keys '*' sent to object: 'Object Repository/ADMIN/Edit Text/Bespoke/Buyer Pages/Onboarding_Settings/input_POSTAL CODE_address-postalcode'

2020-03-20 09:42:06 - [TEST_STEP][PASSED] - sendKeys(findTestObject("ADMIN/Edit Text/Bespoke/Buyer Pages/Onboarding_Settings/input_SELECT COUNTRY_select-country"), "*"): Keys '*' sent to object: 'Object Repository/ADMIN/Edit Text/Bespoke/Buyer Pages/Onboarding_Settings/input_SELECT COUNTRY_select-country'

2020-03-20 09:42:06 - [MESSAGE][PASSED] - Keys '*' sent to object: 'Object Repository/ADMIN/Edit Text/Bespoke/Buyer Pages/Onboarding_Settings/input_SELECT COUNTRY_select-country'

2020-03-20 09:42:06 - [TEST_STEP][PASSED] - sendKeys(findTestObject("ADMIN/Edit Text/Bespoke/Buyer Pages/Onboarding_Settings/input_Select City"), "*"): Keys '*' sent to object: 'Object Repository/ADMIN/Edit Text/Bespoke/Buyer Pages/Onboarding_Settings/input_Select City'

2020-03-20 09:42:06 - [MESSAGE][PASSED] - Keys '*' sent to object: 'Object Repository/ADMIN/Edit Text/Bespoke/Buyer Pages/Onboarding_Settings/input_Select City'

2020-03-20 09:42:06 - [TEST_STEP][PASSED] - sendKeys(findTestObject("ADMIN/Edit Text/Bespoke/Buyer Pages/Onboarding_Settings/input_ADD ADDRESS_btn_add"), "*"): Keys '*' sent to object: 'Object Repository/ADMIN/Edit Text/Bespoke/Buyer Pages/Onboarding_Settings/input_ADD ADDRESS_btn_add'

2020-03-20 09:42:06 - [MESSAGE][PASSED] - Keys '*' sent to object: 'Object Repository/ADMIN/Edit Text/Bespoke/Buyer Pages/Onboarding_Settings/input_ADD ADDRESS_btn_add'

2020-03-20 09:42:06 - [TEST_STEP][PASSED] - sendKeys(findTestObject("ADMIN/Edit Text/Bespoke/Buyer Pages/Onboarding_Settings/input_SAVED ADDRESSES_address-saved"), "*"): Keys '*' sent to object: 'Object Repository/ADMIN/Edit Text/Bespoke/Buyer Pages/Onboarding_Settings/input_SAVED ADDRESSES_address-saved'

2020-03-20 09:42:06 - [MESSAGE][PASSED] - Keys '*' sent to object: 'Object Repository/ADMIN/Edit Text/Bespoke/Buyer Pages/Onboarding_Settings/input_SAVED ADDRESSES_address-saved'

2020-03-20 09:42:06 - [TEST_STEP][PASSED] - sendKeys(findTestObject("ADMIN/Edit Text/Bespoke/Buyer Pages/Onboarding_Settings/input_SAVE_btn_next"), "*"): Keys '*' sent to object: 'Object Repository/ADMIN/Edit Text/Bespoke/Buyer Pages/Onboarding_Settings/input_SAVE_btn_next'

2020-03-20 09:42:07 - [MESSAGE][PASSED] - Keys '*' sent to object: 'Object Repository/ADMIN/Edit Text/Bespoke/Buyer Pages/Onboarding_Settings/input_SAVE_btn_next'

2020-03-20 09:42:07 - [TEST_STEP][PASSED] - sendKeys(findTestObject("ADMIN/Edit Text/Bespoke/Buyer Pages/Onboarding_Settings/input_Are you sure want to delete_popup-title"), "*"): Keys '*' sent to object: 'Object Repository/ADMIN/Edit Text/Bespoke/Buyer Pages/Onboarding_Settings/input_Are you sure want to delete_popup-title'

2020-03-20 09:42:07 - [MESSAGE][PASSED] - Keys '*' sent to object: 'Object Repository/ADMIN/Edit Text/Bespoke/Buyer Pages/Onboarding_Settings/input_Are you sure want to delete_popup-title'

2020-03-20 09:42:07 - [TEST_STEP][PASSED] - sendKeys(findTestObject("ADMIN/Edit Text/Bespoke/Buyer Pages/Onboarding_Settings/input_CANCEL_btn_cancel"), "*"): Keys '*' sent to object: 'Object Repository/ADMIN/Edit Text/Bespoke/Buyer Pages/Onboarding_Settings/input_CANCEL_btn_cancel'

2020-03-20 09:42:07 - [MESSAGE][PASSED] - Keys '*' sent to object: 'Object Repository/ADMIN/Edit Text/Bespoke/Buyer Pages/Onboarding_Settings/input_CANCEL_btn_cancel'

2020-03-20 09:42:07 - [TEST_STEP][PASSED] - sendKeys(findTestObject("ADMIN/Edit Text/Bespoke/Buyer Pages/Onboarding_Settings/input_OK_btn_okay"), "*"): Keys '*' sent to object: 'Object Repository/ADMIN/Edit Text/Bespoke/Buyer Pages/Onboarding_Settings/input_OK_btn_okay'

2020-03-20 09:42:07 - [MESSAGE][PASSED] - Keys '*' sent to object: 'Object Repository/ADMIN/Edit Text/Bespoke/Buyer Pages/Onboarding_Settings/input_OK_btn_okay'

2020-03-20 09:42:07 - [TEST_STEP][PASSED] - click(findTestObject("ADMIN/Edit Text/Bespoke/Buyer Pages/Homepage/button_save"), CONTINUE_ON_FAILURE): Object: 'Object Repository/ADMIN/Edit Text/Bespoke/Buyer Pages/Homepage/button_save' is clicked on

2020-03-20 09:42:07 - [MESSAGE][PASSED] - Object: 'Object Repository/ADMIN/Edit Text/Bespoke/Buyer Pages/Homepage/button_save' is clicked on

2020-03-20 09:42:07 - [TEST_STEP][PASSED] - waitForElementVisible(findTestObject("ADMIN/Edit Text/Bespoke/Buyer Pages/Homepage/toaster_success"), 0): Object 'Object Repository/ADMIN/Edit Text/Bespoke/Buyer Pages/Homepage/toaster_success' is visible

2020-03-20 09:42:07 - [MESSAGE][WARNING] - Timeout '0' is invalid. Using default page load timeout: '30'

2020-03-20 09:42:08 - [MESSAGE][PASSED] - Object 'Object Repository/ADMIN/Edit Text/Bespoke/Buyer Pages/Homepage/toaster_success' is visible]]></system-out>
         <system-err><![CDATA[]]></system-err>
      </testcase>
      <testcase name="Test Cases/ADMIN/Language/Edit Text/Bespoke/Buyer Pages/Onboarding_Settings" time="6.636" classname="Test Cases/ADMIN/Language/Edit Text/Bespoke/Buyer Pages/Onboarding_Settings" status="PASSED">
         <system-out><![CDATA[2020-03-20 09:42:08 - [TEST_CASE][PASSED] - Test Cases/ADMIN/Language/Edit Text/Bespoke/Buyer Pages/Onboarding_Settings: Test Cases/ADMIN/Language/Edit Text/Bespoke/Buyer Pages/Onboarding_Settings

2020-03-20 09:42:08 - [TEST_STEP][PASSED] - waitForElementVisible(findTestObject("ADMIN/Edit Text/Bespoke/Buyer Navigation/dd_language"), 0): Object 'Object Repository/ADMIN/Edit Text/Bespoke/Buyer Navigation/dd_language' is visible

2020-03-20 09:42:08 - [MESSAGE][WARNING] - Timeout '0' is invalid. Using default page load timeout: '30'

2020-03-20 09:42:08 - [MESSAGE][PASSED] - Object 'Object Repository/ADMIN/Edit Text/Bespoke/Buyer Navigation/dd_language' is visible

2020-03-20 09:42:08 - [TEST_STEP][PASSED] - selectOptionByLabel(findTestObject("ADMIN/Edit Text/Bespoke/Buyer Navigation/dd_language"), varLanguage, false): All options with label 'Portuguese' are selected in object 'Object Repository/ADMIN/Edit Text/Bespoke/Buyer Navigation/dd_language' 

2020-03-20 09:42:09 - [MESSAGE][PASSED] - All options with label 'Portuguese' are selected in object 'Object Repository/ADMIN/Edit Text/Bespoke/Buyer Navigation/dd_language' 

2020-03-20 09:42:09 - [TEST_STEP][PASSED] - sendKeys(findTestObject("ADMIN/Edit Text/Bespoke/Buyer Pages/Onboarding_Settings/input_USER SETTINGS_marketplace-name"), "*"): Keys '*' sent to object: 'Object Repository/ADMIN/Edit Text/Bespoke/Buyer Pages/Onboarding_Settings/input_USER SETTINGS_marketplace-name'

2020-03-20 09:42:10 - [MESSAGE][PASSED] - Keys '*' sent to object: 'Object Repository/ADMIN/Edit Text/Bespoke/Buyer Pages/Onboarding_Settings/input_USER SETTINGS_marketplace-name'

2020-03-20 09:42:10 - [TEST_STEP][PASSED] - sendKeys(findTestObject("ADMIN/Edit Text/Bespoke/Buyer Pages/Onboarding_Settings/input_Configure your profile and your settings here_item_details"), "*"): Keys '*' sent to object: 'Object Repository/ADMIN/Edit Text/Bespoke/Buyer Pages/Onboarding_Settings/input_Configure your profile and your settings here_item_details'

2020-03-20 09:42:10 - [MESSAGE][PASSED] - Keys '*' sent to object: 'Object Repository/ADMIN/Edit Text/Bespoke/Buyer Pages/Onboarding_Settings/input_Configure your profile and your settings here_item_details'

2020-03-20 09:42:10 - [TEST_STEP][PASSED] - sendKeys(findTestObject("ADMIN/Edit Text/Bespoke/Buyer Pages/Onboarding_Settings/input_PROFILE_tab-title"), "*"): Keys '*' sent to object: 'Object Repository/ADMIN/Edit Text/Bespoke/Buyer Pages/Onboarding_Settings/input_PROFILE_tab-title'

2020-03-20 09:42:11 - [MESSAGE][PASSED] - Keys '*' sent to object: 'Object Repository/ADMIN/Edit Text/Bespoke/Buyer Pages/Onboarding_Settings/input_PROFILE_tab-title'

2020-03-20 09:42:11 - [TEST_STEP][PASSED] - sendKeys(findTestObject("ADMIN/Edit Text/Bespoke/Buyer Pages/Onboarding_Settings/input_CHANGE_btn_upload"), "*"): Keys '*' sent to object: 'Object Repository/ADMIN/Edit Text/Bespoke/Buyer Pages/Onboarding_Settings/input_CHANGE_btn_upload'

2020-03-20 09:42:11 - [MESSAGE][PASSED] - Keys '*' sent to object: 'Object Repository/ADMIN/Edit Text/Bespoke/Buyer Pages/Onboarding_Settings/input_CHANGE_btn_upload'

2020-03-20 09:42:11 - [TEST_STEP][PASSED] - sendKeys(findTestObject("ADMIN/Edit Text/Bespoke/Buyer Pages/Onboarding_Settings/input_DISPLAY NAME_display-name"), "*"): Keys '*' sent to object: 'Object Repository/ADMIN/Edit Text/Bespoke/Buyer Pages/Onboarding_Settings/input_DISPLAY NAME_display-name'

2020-03-20 09:42:11 - [MESSAGE][PASSED] - Keys '*' sent to object: 'Object Repository/ADMIN/Edit Text/Bespoke/Buyer Pages/Onboarding_Settings/input_DISPLAY NAME_display-name'

2020-03-20 09:42:11 - [TEST_STEP][PASSED] - sendKeys(findTestObject("ADMIN/Edit Text/Bespoke/Buyer Pages/Onboarding_Settings/input_FIRST NAME_first-name"), "*"): Keys '*' sent to object: 'Object Repository/ADMIN/Edit Text/Bespoke/Buyer Pages/Onboarding_Settings/input_FIRST NAME_first-name'

2020-03-20 09:42:11 - [MESSAGE][PASSED] - Keys '*' sent to object: 'Object Repository/ADMIN/Edit Text/Bespoke/Buyer Pages/Onboarding_Settings/input_FIRST NAME_first-name'

2020-03-20 09:42:11 - [TEST_STEP][PASSED] - sendKeys(findTestObject("ADMIN/Edit Text/Bespoke/Buyer Pages/Onboarding_Settings/input_LAST NAME_last-name"), "*"): Keys '*' sent to object: 'Object Repository/ADMIN/Edit Text/Bespoke/Buyer Pages/Onboarding_Settings/input_LAST NAME_last-name'

2020-03-20 09:42:11 - [MESSAGE][PASSED] - Keys '*' sent to object: 'Object Repository/ADMIN/Edit Text/Bespoke/Buyer Pages/Onboarding_Settings/input_LAST NAME_last-name'

2020-03-20 09:42:11 - [TEST_STEP][PASSED] - sendKeys(findTestObject("ADMIN/Edit Text/Bespoke/Buyer Pages/Onboarding_Settings/input_NOTIFICATION EMAIL_notification-email"), "*"): Keys '*' sent to object: 'Object Repository/ADMIN/Edit Text/Bespoke/Buyer Pages/Onboarding_Settings/input_NOTIFICATION EMAIL_notification-email'

2020-03-20 09:42:11 - [MESSAGE][PASSED] - Keys '*' sent to object: 'Object Repository/ADMIN/Edit Text/Bespoke/Buyer Pages/Onboarding_Settings/input_NOTIFICATION EMAIL_notification-email'

2020-03-20 09:42:11 - [TEST_STEP][PASSED] - sendKeys(findTestObject("ADMIN/Edit Text/Bespoke/Buyer Pages/Onboarding_Settings/input_CONTACT NUMBER_contact-number"), "*"): Keys '*' sent to object: 'Object Repository/ADMIN/Edit Text/Bespoke/Buyer Pages/Onboarding_Settings/input_CONTACT NUMBER_contact-number'

2020-03-20 09:42:11 - [MESSAGE][PASSED] - Keys '*' sent to object: 'Object Repository/ADMIN/Edit Text/Bespoke/Buyer Pages/Onboarding_Settings/input_CONTACT NUMBER_contact-number'

2020-03-20 09:42:11 - [TEST_STEP][PASSED] - sendKeys(findTestObject("ADMIN/Edit Text/Bespoke/Buyer Pages/Onboarding_Settings/input_OPENID LOGIN_open-id-login"), "*"): Keys '*' sent to object: 'Object Repository/ADMIN/Edit Text/Bespoke/Buyer Pages/Onboarding_Settings/input_OPENID LOGIN_open-id-login'

2020-03-20 09:42:11 - [MESSAGE][PASSED] - Keys '*' sent to object: 'Object Repository/ADMIN/Edit Text/Bespoke/Buyer Pages/Onboarding_Settings/input_OPENID LOGIN_open-id-login'

2020-03-20 09:42:11 - [TEST_STEP][PASSED] - sendKeys(findTestObject("ADMIN/Edit Text/Bespoke/Buyer Pages/Onboarding_Settings/input_NEXT_btn_next"), "*"): Keys '*' sent to object: 'Object Repository/ADMIN/Edit Text/Bespoke/Buyer Pages/Onboarding_Settings/input_NEXT_btn_next'

2020-03-20 09:42:12 - [MESSAGE][PASSED] - Keys '*' sent to object: 'Object Repository/ADMIN/Edit Text/Bespoke/Buyer Pages/Onboarding_Settings/input_NEXT_btn_next'

2020-03-20 09:42:12 - [TEST_STEP][PASSED] - sendKeys(findTestObject("ADMIN/Edit Text/Bespoke/Buyer Pages/Onboarding_Settings/input_ADDRESS_tab-title"), "*"): Keys '*' sent to object: 'Object Repository/ADMIN/Edit Text/Bespoke/Buyer Pages/Onboarding_Settings/input_ADDRESS_tab-title'

2020-03-20 09:42:12 - [MESSAGE][PASSED] - Keys '*' sent to object: 'Object Repository/ADMIN/Edit Text/Bespoke/Buyer Pages/Onboarding_Settings/input_ADDRESS_tab-title'

2020-03-20 09:42:12 - [TEST_STEP][PASSED] - sendKeys(findTestObject("ADMIN/Edit Text/Bespoke/Buyer Pages/Onboarding_Settings/input_NEW DELIVERY ADDRESS_new-delivery-address"), "*"): Keys '*' sent to object: 'Object Repository/ADMIN/Edit Text/Bespoke/Buyer Pages/Onboarding_Settings/input_NEW DELIVERY ADDRESS_new-delivery-address'

2020-03-20 09:42:12 - [MESSAGE][PASSED] - Keys '*' sent to object: 'Object Repository/ADMIN/Edit Text/Bespoke/Buyer Pages/Onboarding_Settings/input_NEW DELIVERY ADDRESS_new-delivery-address'

2020-03-20 09:42:12 - [TEST_STEP][PASSED] - sendKeys(findTestObject("ADMIN/Edit Text/Bespoke/Buyer Pages/Onboarding_Settings/input_ADDRESSEE FIRST NAME_addressee-first-name"), "*"): Keys '*' sent to object: 'Object Repository/ADMIN/Edit Text/Bespoke/Buyer Pages/Onboarding_Settings/input_ADDRESSEE FIRST NAME_addressee-first-name'

2020-03-20 09:42:12 - [MESSAGE][PASSED] - Keys '*' sent to object: 'Object Repository/ADMIN/Edit Text/Bespoke/Buyer Pages/Onboarding_Settings/input_ADDRESSEE FIRST NAME_addressee-first-name'

2020-03-20 09:42:12 - [TEST_STEP][PASSED] - sendKeys(findTestObject("ADMIN/Edit Text/Bespoke/Buyer Pages/Onboarding_Settings/input_ADDRESSEE LAST NAME_addressee-last-name"), "*"): Keys '*' sent to object: 'Object Repository/ADMIN/Edit Text/Bespoke/Buyer Pages/Onboarding_Settings/input_ADDRESSEE LAST NAME_addressee-last-name'

2020-03-20 09:42:12 - [MESSAGE][PASSED] - Keys '*' sent to object: 'Object Repository/ADMIN/Edit Text/Bespoke/Buyer Pages/Onboarding_Settings/input_ADDRESSEE LAST NAME_addressee-last-name'

2020-03-20 09:42:12 - [TEST_STEP][PASSED] - sendKeys(findTestObject("ADMIN/Edit Text/Bespoke/Buyer Pages/Onboarding_Settings/input_ADDRESS_address"), "*"): Keys '*' sent to object: 'Object Repository/ADMIN/Edit Text/Bespoke/Buyer Pages/Onboarding_Settings/input_ADDRESS_address'

2020-03-20 09:42:12 - [MESSAGE][PASSED] - Keys '*' sent to object: 'Object Repository/ADMIN/Edit Text/Bespoke/Buyer Pages/Onboarding_Settings/input_ADDRESS_address'

2020-03-20 09:42:12 - [TEST_STEP][PASSED] - sendKeys(findTestObject("ADMIN/Edit Text/Bespoke/Buyer Pages/Onboarding_Settings/input_COUNTRY_address-country"), "*"): Keys '*' sent to object: 'Object Repository/ADMIN/Edit Text/Bespoke/Buyer Pages/Onboarding_Settings/input_COUNTRY_address-country'

2020-03-20 09:42:12 - [MESSAGE][PASSED] - Keys '*' sent to object: 'Object Repository/ADMIN/Edit Text/Bespoke/Buyer Pages/Onboarding_Settings/input_COUNTRY_address-country'

2020-03-20 09:42:12 - [TEST_STEP][PASSED] - sendKeys(findTestObject("ADMIN/Edit Text/Bespoke/Buyer Pages/Onboarding_Settings/input_State_address-state"), "*"): Keys '*' sent to object: 'Object Repository/ADMIN/Edit Text/Bespoke/Buyer Pages/Onboarding_Settings/input_State_address-state'

2020-03-20 09:42:12 - [MESSAGE][PASSED] - Keys '*' sent to object: 'Object Repository/ADMIN/Edit Text/Bespoke/Buyer Pages/Onboarding_Settings/input_State_address-state'

2020-03-20 09:42:12 - [TEST_STEP][PASSED] - sendKeys(findTestObject("ADMIN/Edit Text/Bespoke/Buyer Pages/Onboarding_Settings/input_CITY_address-city"), "*"): Keys '*' sent to object: 'Object Repository/ADMIN/Edit Text/Bespoke/Buyer Pages/Onboarding_Settings/input_CITY_address-city'

2020-03-20 09:42:13 - [MESSAGE][PASSED] - Keys '*' sent to object: 'Object Repository/ADMIN/Edit Text/Bespoke/Buyer Pages/Onboarding_Settings/input_CITY_address-city'

2020-03-20 09:42:13 - [TEST_STEP][PASSED] - sendKeys(findTestObject("ADMIN/Edit Text/Bespoke/Buyer Pages/Onboarding_Settings/input_POSTAL CODE_address-postalcode"), "*"): Keys '*' sent to object: 'Object Repository/ADMIN/Edit Text/Bespoke/Buyer Pages/Onboarding_Settings/input_POSTAL CODE_address-postalcode'

2020-03-20 09:42:13 - [MESSAGE][PASSED] - Keys '*' sent to object: 'Object Repository/ADMIN/Edit Text/Bespoke/Buyer Pages/Onboarding_Settings/input_POSTAL CODE_address-postalcode'

2020-03-20 09:42:13 - [TEST_STEP][PASSED] - sendKeys(findTestObject("ADMIN/Edit Text/Bespoke/Buyer Pages/Onboarding_Settings/input_SELECT COUNTRY_select-country"), "*"): Keys '*' sent to object: 'Object Repository/ADMIN/Edit Text/Bespoke/Buyer Pages/Onboarding_Settings/input_SELECT COUNTRY_select-country'

2020-03-20 09:42:13 - [MESSAGE][PASSED] - Keys '*' sent to object: 'Object Repository/ADMIN/Edit Text/Bespoke/Buyer Pages/Onboarding_Settings/input_SELECT COUNTRY_select-country'

2020-03-20 09:42:13 - [TEST_STEP][PASSED] - sendKeys(findTestObject("ADMIN/Edit Text/Bespoke/Buyer Pages/Onboarding_Settings/input_Select City"), "*"): Keys '*' sent to object: 'Object Repository/ADMIN/Edit Text/Bespoke/Buyer Pages/Onboarding_Settings/input_Select City'

2020-03-20 09:42:13 - [MESSAGE][PASSED] - Keys '*' sent to object: 'Object Repository/ADMIN/Edit Text/Bespoke/Buyer Pages/Onboarding_Settings/input_Select City'

2020-03-20 09:42:13 - [TEST_STEP][PASSED] - sendKeys(findTestObject("ADMIN/Edit Text/Bespoke/Buyer Pages/Onboarding_Settings/input_ADD ADDRESS_btn_add"), "*"): Keys '*' sent to object: 'Object Repository/ADMIN/Edit Text/Bespoke/Buyer Pages/Onboarding_Settings/input_ADD ADDRESS_btn_add'

2020-03-20 09:42:13 - [MESSAGE][PASSED] - Keys '*' sent to object: 'Object Repository/ADMIN/Edit Text/Bespoke/Buyer Pages/Onboarding_Settings/input_ADD ADDRESS_btn_add'

2020-03-20 09:42:13 - [TEST_STEP][PASSED] - sendKeys(findTestObject("ADMIN/Edit Text/Bespoke/Buyer Pages/Onboarding_Settings/input_SAVED ADDRESSES_address-saved"), "*"): Keys '*' sent to object: 'Object Repository/ADMIN/Edit Text/Bespoke/Buyer Pages/Onboarding_Settings/input_SAVED ADDRESSES_address-saved'

2020-03-20 09:42:13 - [MESSAGE][PASSED] - Keys '*' sent to object: 'Object Repository/ADMIN/Edit Text/Bespoke/Buyer Pages/Onboarding_Settings/input_SAVED ADDRESSES_address-saved'

2020-03-20 09:42:13 - [TEST_STEP][PASSED] - sendKeys(findTestObject("ADMIN/Edit Text/Bespoke/Buyer Pages/Onboarding_Settings/input_SAVE_btn_next"), "*"): Keys '*' sent to object: 'Object Repository/ADMIN/Edit Text/Bespoke/Buyer Pages/Onboarding_Settings/input_SAVE_btn_next'

2020-03-20 09:42:13 - [MESSAGE][PASSED] - Keys '*' sent to object: 'Object Repository/ADMIN/Edit Text/Bespoke/Buyer Pages/Onboarding_Settings/input_SAVE_btn_next'

2020-03-20 09:42:13 - [TEST_STEP][PASSED] - sendKeys(findTestObject("ADMIN/Edit Text/Bespoke/Buyer Pages/Onboarding_Settings/input_Are you sure want to delete_popup-title"), "*"): Keys '*' sent to object: 'Object Repository/ADMIN/Edit Text/Bespoke/Buyer Pages/Onboarding_Settings/input_Are you sure want to delete_popup-title'

2020-03-20 09:42:13 - [MESSAGE][PASSED] - Keys '*' sent to object: 'Object Repository/ADMIN/Edit Text/Bespoke/Buyer Pages/Onboarding_Settings/input_Are you sure want to delete_popup-title'

2020-03-20 09:42:13 - [TEST_STEP][PASSED] - sendKeys(findTestObject("ADMIN/Edit Text/Bespoke/Buyer Pages/Onboarding_Settings/input_CANCEL_btn_cancel"), "*"): Keys '*' sent to object: 'Object Repository/ADMIN/Edit Text/Bespoke/Buyer Pages/Onboarding_Settings/input_CANCEL_btn_cancel'

2020-03-20 09:42:14 - [MESSAGE][PASSED] - Keys '*' sent to object: 'Object Repository/ADMIN/Edit Text/Bespoke/Buyer Pages/Onboarding_Settings/input_CANCEL_btn_cancel'

2020-03-20 09:42:14 - [TEST_STEP][PASSED] - sendKeys(findTestObject("ADMIN/Edit Text/Bespoke/Buyer Pages/Onboarding_Settings/input_OK_btn_okay"), "*"): Keys '*' sent to object: 'Object Repository/ADMIN/Edit Text/Bespoke/Buyer Pages/Onboarding_Settings/input_OK_btn_okay'

2020-03-20 09:42:14 - [MESSAGE][PASSED] - Keys '*' sent to object: 'Object Repository/ADMIN/Edit Text/Bespoke/Buyer Pages/Onboarding_Settings/input_OK_btn_okay'

2020-03-20 09:42:14 - [TEST_STEP][PASSED] - click(findTestObject("ADMIN/Edit Text/Bespoke/Buyer Pages/Homepage/button_save"), CONTINUE_ON_FAILURE): Object: 'Object Repository/ADMIN/Edit Text/Bespoke/Buyer Pages/Homepage/button_save' is clicked on

2020-03-20 09:42:14 - [MESSAGE][PASSED] - Object: 'Object Repository/ADMIN/Edit Text/Bespoke/Buyer Pages/Homepage/button_save' is clicked on

2020-03-20 09:42:14 - [TEST_STEP][PASSED] - waitForElementVisible(findTestObject("ADMIN/Edit Text/Bespoke/Buyer Pages/Homepage/toaster_success"), 0): Object 'Object Repository/ADMIN/Edit Text/Bespoke/Buyer Pages/Homepage/toaster_success' is visible

2020-03-20 09:42:14 - [MESSAGE][WARNING] - Timeout '0' is invalid. Using default page load timeout: '30'

2020-03-20 09:42:14 - [MESSAGE][PASSED] - Object 'Object Repository/ADMIN/Edit Text/Bespoke/Buyer Pages/Homepage/toaster_success' is visible]]></system-out>
         <system-err><![CDATA[]]></system-err>
      </testcase>
      <testcase name="Test Cases/ADMIN/Language/Edit Text/Bespoke/Buyer Pages/Onboarding_Settings" time="6.352" classname="Test Cases/ADMIN/Language/Edit Text/Bespoke/Buyer Pages/Onboarding_Settings" status="PASSED">
         <system-out><![CDATA[2020-03-20 09:42:15 - [TEST_CASE][PASSED] - Test Cases/ADMIN/Language/Edit Text/Bespoke/Buyer Pages/Onboarding_Settings: Test Cases/ADMIN/Language/Edit Text/Bespoke/Buyer Pages/Onboarding_Settings

2020-03-20 09:42:15 - [TEST_STEP][PASSED] - waitForElementVisible(findTestObject("ADMIN/Edit Text/Bespoke/Buyer Navigation/dd_language"), 0): Object 'Object Repository/ADMIN/Edit Text/Bespoke/Buyer Navigation/dd_language' is visible

2020-03-20 09:42:15 - [MESSAGE][WARNING] - Timeout '0' is invalid. Using default page load timeout: '30'

2020-03-20 09:42:15 - [MESSAGE][PASSED] - Object 'Object Repository/ADMIN/Edit Text/Bespoke/Buyer Navigation/dd_language' is visible

2020-03-20 09:42:15 - [TEST_STEP][PASSED] - selectOptionByLabel(findTestObject("ADMIN/Edit Text/Bespoke/Buyer Navigation/dd_language"), varLanguage, false): All options with label 'Indonesian' are selected in object 'Object Repository/ADMIN/Edit Text/Bespoke/Buyer Navigation/dd_language' 

2020-03-20 09:42:16 - [MESSAGE][PASSED] - All options with label 'Indonesian' are selected in object 'Object Repository/ADMIN/Edit Text/Bespoke/Buyer Navigation/dd_language' 

2020-03-20 09:42:16 - [TEST_STEP][PASSED] - sendKeys(findTestObject("ADMIN/Edit Text/Bespoke/Buyer Pages/Onboarding_Settings/input_USER SETTINGS_marketplace-name"), "*"): Keys '*' sent to object: 'Object Repository/ADMIN/Edit Text/Bespoke/Buyer Pages/Onboarding_Settings/input_USER SETTINGS_marketplace-name'

2020-03-20 09:42:16 - [MESSAGE][PASSED] - Keys '*' sent to object: 'Object Repository/ADMIN/Edit Text/Bespoke/Buyer Pages/Onboarding_Settings/input_USER SETTINGS_marketplace-name'

2020-03-20 09:42:16 - [TEST_STEP][PASSED] - sendKeys(findTestObject("ADMIN/Edit Text/Bespoke/Buyer Pages/Onboarding_Settings/input_Configure your profile and your settings here_item_details"), "*"): Keys '*' sent to object: 'Object Repository/ADMIN/Edit Text/Bespoke/Buyer Pages/Onboarding_Settings/input_Configure your profile and your settings here_item_details'

2020-03-20 09:42:17 - [MESSAGE][PASSED] - Keys '*' sent to object: 'Object Repository/ADMIN/Edit Text/Bespoke/Buyer Pages/Onboarding_Settings/input_Configure your profile and your settings here_item_details'

2020-03-20 09:42:17 - [TEST_STEP][PASSED] - sendKeys(findTestObject("ADMIN/Edit Text/Bespoke/Buyer Pages/Onboarding_Settings/input_PROFILE_tab-title"), "*"): Keys '*' sent to object: 'Object Repository/ADMIN/Edit Text/Bespoke/Buyer Pages/Onboarding_Settings/input_PROFILE_tab-title'

2020-03-20 09:42:17 - [MESSAGE][PASSED] - Keys '*' sent to object: 'Object Repository/ADMIN/Edit Text/Bespoke/Buyer Pages/Onboarding_Settings/input_PROFILE_tab-title'

2020-03-20 09:42:17 - [TEST_STEP][PASSED] - sendKeys(findTestObject("ADMIN/Edit Text/Bespoke/Buyer Pages/Onboarding_Settings/input_CHANGE_btn_upload"), "*"): Keys '*' sent to object: 'Object Repository/ADMIN/Edit Text/Bespoke/Buyer Pages/Onboarding_Settings/input_CHANGE_btn_upload'

2020-03-20 09:42:17 - [MESSAGE][PASSED] - Keys '*' sent to object: 'Object Repository/ADMIN/Edit Text/Bespoke/Buyer Pages/Onboarding_Settings/input_CHANGE_btn_upload'

2020-03-20 09:42:17 - [TEST_STEP][PASSED] - sendKeys(findTestObject("ADMIN/Edit Text/Bespoke/Buyer Pages/Onboarding_Settings/input_DISPLAY NAME_display-name"), "*"): Keys '*' sent to object: 'Object Repository/ADMIN/Edit Text/Bespoke/Buyer Pages/Onboarding_Settings/input_DISPLAY NAME_display-name'

2020-03-20 09:42:17 - [MESSAGE][PASSED] - Keys '*' sent to object: 'Object Repository/ADMIN/Edit Text/Bespoke/Buyer Pages/Onboarding_Settings/input_DISPLAY NAME_display-name'

2020-03-20 09:42:17 - [TEST_STEP][PASSED] - sendKeys(findTestObject("ADMIN/Edit Text/Bespoke/Buyer Pages/Onboarding_Settings/input_FIRST NAME_first-name"), "*"): Keys '*' sent to object: 'Object Repository/ADMIN/Edit Text/Bespoke/Buyer Pages/Onboarding_Settings/input_FIRST NAME_first-name'

2020-03-20 09:42:17 - [MESSAGE][PASSED] - Keys '*' sent to object: 'Object Repository/ADMIN/Edit Text/Bespoke/Buyer Pages/Onboarding_Settings/input_FIRST NAME_first-name'

2020-03-20 09:42:17 - [TEST_STEP][PASSED] - sendKeys(findTestObject("ADMIN/Edit Text/Bespoke/Buyer Pages/Onboarding_Settings/input_LAST NAME_last-name"), "*"): Keys '*' sent to object: 'Object Repository/ADMIN/Edit Text/Bespoke/Buyer Pages/Onboarding_Settings/input_LAST NAME_last-name'

2020-03-20 09:42:18 - [MESSAGE][PASSED] - Keys '*' sent to object: 'Object Repository/ADMIN/Edit Text/Bespoke/Buyer Pages/Onboarding_Settings/input_LAST NAME_last-name'

2020-03-20 09:42:18 - [TEST_STEP][PASSED] - sendKeys(findTestObject("ADMIN/Edit Text/Bespoke/Buyer Pages/Onboarding_Settings/input_NOTIFICATION EMAIL_notification-email"), "*"): Keys '*' sent to object: 'Object Repository/ADMIN/Edit Text/Bespoke/Buyer Pages/Onboarding_Settings/input_NOTIFICATION EMAIL_notification-email'

2020-03-20 09:42:18 - [MESSAGE][PASSED] - Keys '*' sent to object: 'Object Repository/ADMIN/Edit Text/Bespoke/Buyer Pages/Onboarding_Settings/input_NOTIFICATION EMAIL_notification-email'

2020-03-20 09:42:18 - [TEST_STEP][PASSED] - sendKeys(findTestObject("ADMIN/Edit Text/Bespoke/Buyer Pages/Onboarding_Settings/input_CONTACT NUMBER_contact-number"), "*"): Keys '*' sent to object: 'Object Repository/ADMIN/Edit Text/Bespoke/Buyer Pages/Onboarding_Settings/input_CONTACT NUMBER_contact-number'

2020-03-20 09:42:18 - [MESSAGE][PASSED] - Keys '*' sent to object: 'Object Repository/ADMIN/Edit Text/Bespoke/Buyer Pages/Onboarding_Settings/input_CONTACT NUMBER_contact-number'

2020-03-20 09:42:18 - [TEST_STEP][PASSED] - sendKeys(findTestObject("ADMIN/Edit Text/Bespoke/Buyer Pages/Onboarding_Settings/input_OPENID LOGIN_open-id-login"), "*"): Keys '*' sent to object: 'Object Repository/ADMIN/Edit Text/Bespoke/Buyer Pages/Onboarding_Settings/input_OPENID LOGIN_open-id-login'

2020-03-20 09:42:18 - [MESSAGE][PASSED] - Keys '*' sent to object: 'Object Repository/ADMIN/Edit Text/Bespoke/Buyer Pages/Onboarding_Settings/input_OPENID LOGIN_open-id-login'

2020-03-20 09:42:18 - [TEST_STEP][PASSED] - sendKeys(findTestObject("ADMIN/Edit Text/Bespoke/Buyer Pages/Onboarding_Settings/input_NEXT_btn_next"), "*"): Keys '*' sent to object: 'Object Repository/ADMIN/Edit Text/Bespoke/Buyer Pages/Onboarding_Settings/input_NEXT_btn_next'

2020-03-20 09:42:18 - [MESSAGE][PASSED] - Keys '*' sent to object: 'Object Repository/ADMIN/Edit Text/Bespoke/Buyer Pages/Onboarding_Settings/input_NEXT_btn_next'

2020-03-20 09:42:18 - [TEST_STEP][PASSED] - sendKeys(findTestObject("ADMIN/Edit Text/Bespoke/Buyer Pages/Onboarding_Settings/input_ADDRESS_tab-title"), "*"): Keys '*' sent to object: 'Object Repository/ADMIN/Edit Text/Bespoke/Buyer Pages/Onboarding_Settings/input_ADDRESS_tab-title'

2020-03-20 09:42:18 - [MESSAGE][PASSED] - Keys '*' sent to object: 'Object Repository/ADMIN/Edit Text/Bespoke/Buyer Pages/Onboarding_Settings/input_ADDRESS_tab-title'

2020-03-20 09:42:18 - [TEST_STEP][PASSED] - sendKeys(findTestObject("ADMIN/Edit Text/Bespoke/Buyer Pages/Onboarding_Settings/input_NEW DELIVERY ADDRESS_new-delivery-address"), "*"): Keys '*' sent to object: 'Object Repository/ADMIN/Edit Text/Bespoke/Buyer Pages/Onboarding_Settings/input_NEW DELIVERY ADDRESS_new-delivery-address'

2020-03-20 09:42:18 - [MESSAGE][PASSED] - Keys '*' sent to object: 'Object Repository/ADMIN/Edit Text/Bespoke/Buyer Pages/Onboarding_Settings/input_NEW DELIVERY ADDRESS_new-delivery-address'

2020-03-20 09:42:18 - [TEST_STEP][PASSED] - sendKeys(findTestObject("ADMIN/Edit Text/Bespoke/Buyer Pages/Onboarding_Settings/input_ADDRESSEE FIRST NAME_addressee-first-name"), "*"): Keys '*' sent to object: 'Object Repository/ADMIN/Edit Text/Bespoke/Buyer Pages/Onboarding_Settings/input_ADDRESSEE FIRST NAME_addressee-first-name'

2020-03-20 09:42:18 - [MESSAGE][PASSED] - Keys '*' sent to object: 'Object Repository/ADMIN/Edit Text/Bespoke/Buyer Pages/Onboarding_Settings/input_ADDRESSEE FIRST NAME_addressee-first-name'

2020-03-20 09:42:18 - [TEST_STEP][PASSED] - sendKeys(findTestObject("ADMIN/Edit Text/Bespoke/Buyer Pages/Onboarding_Settings/input_ADDRESSEE LAST NAME_addressee-last-name"), "*"): Keys '*' sent to object: 'Object Repository/ADMIN/Edit Text/Bespoke/Buyer Pages/Onboarding_Settings/input_ADDRESSEE LAST NAME_addressee-last-name'

2020-03-20 09:42:19 - [MESSAGE][PASSED] - Keys '*' sent to object: 'Object Repository/ADMIN/Edit Text/Bespoke/Buyer Pages/Onboarding_Settings/input_ADDRESSEE LAST NAME_addressee-last-name'

2020-03-20 09:42:19 - [TEST_STEP][PASSED] - sendKeys(findTestObject("ADMIN/Edit Text/Bespoke/Buyer Pages/Onboarding_Settings/input_ADDRESS_address"), "*"): Keys '*' sent to object: 'Object Repository/ADMIN/Edit Text/Bespoke/Buyer Pages/Onboarding_Settings/input_ADDRESS_address'

2020-03-20 09:42:19 - [MESSAGE][PASSED] - Keys '*' sent to object: 'Object Repository/ADMIN/Edit Text/Bespoke/Buyer Pages/Onboarding_Settings/input_ADDRESS_address'

2020-03-20 09:42:19 - [TEST_STEP][PASSED] - sendKeys(findTestObject("ADMIN/Edit Text/Bespoke/Buyer Pages/Onboarding_Settings/input_COUNTRY_address-country"), "*"): Keys '*' sent to object: 'Object Repository/ADMIN/Edit Text/Bespoke/Buyer Pages/Onboarding_Settings/input_COUNTRY_address-country'

2020-03-20 09:42:19 - [MESSAGE][PASSED] - Keys '*' sent to object: 'Object Repository/ADMIN/Edit Text/Bespoke/Buyer Pages/Onboarding_Settings/input_COUNTRY_address-country'

2020-03-20 09:42:19 - [TEST_STEP][PASSED] - sendKeys(findTestObject("ADMIN/Edit Text/Bespoke/Buyer Pages/Onboarding_Settings/input_State_address-state"), "*"): Keys '*' sent to object: 'Object Repository/ADMIN/Edit Text/Bespoke/Buyer Pages/Onboarding_Settings/input_State_address-state'

2020-03-20 09:42:19 - [MESSAGE][PASSED] - Keys '*' sent to object: 'Object Repository/ADMIN/Edit Text/Bespoke/Buyer Pages/Onboarding_Settings/input_State_address-state'

2020-03-20 09:42:19 - [TEST_STEP][PASSED] - sendKeys(findTestObject("ADMIN/Edit Text/Bespoke/Buyer Pages/Onboarding_Settings/input_CITY_address-city"), "*"): Keys '*' sent to object: 'Object Repository/ADMIN/Edit Text/Bespoke/Buyer Pages/Onboarding_Settings/input_CITY_address-city'

2020-03-20 09:42:19 - [MESSAGE][PASSED] - Keys '*' sent to object: 'Object Repository/ADMIN/Edit Text/Bespoke/Buyer Pages/Onboarding_Settings/input_CITY_address-city'

2020-03-20 09:42:19 - [TEST_STEP][PASSED] - sendKeys(findTestObject("ADMIN/Edit Text/Bespoke/Buyer Pages/Onboarding_Settings/input_POSTAL CODE_address-postalcode"), "*"): Keys '*' sent to object: 'Object Repository/ADMIN/Edit Text/Bespoke/Buyer Pages/Onboarding_Settings/input_POSTAL CODE_address-postalcode'

2020-03-20 09:42:19 - [MESSAGE][PASSED] - Keys '*' sent to object: 'Object Repository/ADMIN/Edit Text/Bespoke/Buyer Pages/Onboarding_Settings/input_POSTAL CODE_address-postalcode'

2020-03-20 09:42:19 - [TEST_STEP][PASSED] - sendKeys(findTestObject("ADMIN/Edit Text/Bespoke/Buyer Pages/Onboarding_Settings/input_SELECT COUNTRY_select-country"), "*"): Keys '*' sent to object: 'Object Repository/ADMIN/Edit Text/Bespoke/Buyer Pages/Onboarding_Settings/input_SELECT COUNTRY_select-country'

2020-03-20 09:42:19 - [MESSAGE][PASSED] - Keys '*' sent to object: 'Object Repository/ADMIN/Edit Text/Bespoke/Buyer Pages/Onboarding_Settings/input_SELECT COUNTRY_select-country'

2020-03-20 09:42:19 - [TEST_STEP][PASSED] - sendKeys(findTestObject("ADMIN/Edit Text/Bespoke/Buyer Pages/Onboarding_Settings/input_Select City"), "*"): Keys '*' sent to object: 'Object Repository/ADMIN/Edit Text/Bespoke/Buyer Pages/Onboarding_Settings/input_Select City'

2020-03-20 09:42:20 - [MESSAGE][PASSED] - Keys '*' sent to object: 'Object Repository/ADMIN/Edit Text/Bespoke/Buyer Pages/Onboarding_Settings/input_Select City'

2020-03-20 09:42:20 - [TEST_STEP][PASSED] - sendKeys(findTestObject("ADMIN/Edit Text/Bespoke/Buyer Pages/Onboarding_Settings/input_ADD ADDRESS_btn_add"), "*"): Keys '*' sent to object: 'Object Repository/ADMIN/Edit Text/Bespoke/Buyer Pages/Onboarding_Settings/input_ADD ADDRESS_btn_add'

2020-03-20 09:42:20 - [MESSAGE][PASSED] - Keys '*' sent to object: 'Object Repository/ADMIN/Edit Text/Bespoke/Buyer Pages/Onboarding_Settings/input_ADD ADDRESS_btn_add'

2020-03-20 09:42:20 - [TEST_STEP][PASSED] - sendKeys(findTestObject("ADMIN/Edit Text/Bespoke/Buyer Pages/Onboarding_Settings/input_SAVED ADDRESSES_address-saved"), "*"): Keys '*' sent to object: 'Object Repository/ADMIN/Edit Text/Bespoke/Buyer Pages/Onboarding_Settings/input_SAVED ADDRESSES_address-saved'

2020-03-20 09:42:20 - [MESSAGE][PASSED] - Keys '*' sent to object: 'Object Repository/ADMIN/Edit Text/Bespoke/Buyer Pages/Onboarding_Settings/input_SAVED ADDRESSES_address-saved'

2020-03-20 09:42:20 - [TEST_STEP][PASSED] - sendKeys(findTestObject("ADMIN/Edit Text/Bespoke/Buyer Pages/Onboarding_Settings/input_SAVE_btn_next"), "*"): Keys '*' sent to object: 'Object Repository/ADMIN/Edit Text/Bespoke/Buyer Pages/Onboarding_Settings/input_SAVE_btn_next'

2020-03-20 09:42:20 - [MESSAGE][PASSED] - Keys '*' sent to object: 'Object Repository/ADMIN/Edit Text/Bespoke/Buyer Pages/Onboarding_Settings/input_SAVE_btn_next'

2020-03-20 09:42:20 - [TEST_STEP][PASSED] - sendKeys(findTestObject("ADMIN/Edit Text/Bespoke/Buyer Pages/Onboarding_Settings/input_Are you sure want to delete_popup-title"), "*"): Keys '*' sent to object: 'Object Repository/ADMIN/Edit Text/Bespoke/Buyer Pages/Onboarding_Settings/input_Are you sure want to delete_popup-title'

2020-03-20 09:42:20 - [MESSAGE][PASSED] - Keys '*' sent to object: 'Object Repository/ADMIN/Edit Text/Bespoke/Buyer Pages/Onboarding_Settings/input_Are you sure want to delete_popup-title'

2020-03-20 09:42:20 - [TEST_STEP][PASSED] - sendKeys(findTestObject("ADMIN/Edit Text/Bespoke/Buyer Pages/Onboarding_Settings/input_CANCEL_btn_cancel"), "*"): Keys '*' sent to object: 'Object Repository/ADMIN/Edit Text/Bespoke/Buyer Pages/Onboarding_Settings/input_CANCEL_btn_cancel'

2020-03-20 09:42:20 - [MESSAGE][PASSED] - Keys '*' sent to object: 'Object Repository/ADMIN/Edit Text/Bespoke/Buyer Pages/Onboarding_Settings/input_CANCEL_btn_cancel'

2020-03-20 09:42:20 - [TEST_STEP][PASSED] - sendKeys(findTestObject("ADMIN/Edit Text/Bespoke/Buyer Pages/Onboarding_Settings/input_OK_btn_okay"), "*"): Keys '*' sent to object: 'Object Repository/ADMIN/Edit Text/Bespoke/Buyer Pages/Onboarding_Settings/input_OK_btn_okay'

2020-03-20 09:42:20 - [MESSAGE][PASSED] - Keys '*' sent to object: 'Object Repository/ADMIN/Edit Text/Bespoke/Buyer Pages/Onboarding_Settings/input_OK_btn_okay'

2020-03-20 09:42:20 - [TEST_STEP][PASSED] - click(findTestObject("ADMIN/Edit Text/Bespoke/Buyer Pages/Homepage/button_save"), CONTINUE_ON_FAILURE): Object: 'Object Repository/ADMIN/Edit Text/Bespoke/Buyer Pages/Homepage/button_save' is clicked on

2020-03-20 09:42:21 - [MESSAGE][PASSED] - Object: 'Object Repository/ADMIN/Edit Text/Bespoke/Buyer Pages/Homepage/button_save' is clicked on

2020-03-20 09:42:21 - [TEST_STEP][PASSED] - waitForElementVisible(findTestObject("ADMIN/Edit Text/Bespoke/Buyer Pages/Homepage/toaster_success"), 0): Object 'Object Repository/ADMIN/Edit Text/Bespoke/Buyer Pages/Homepage/toaster_success' is visible

2020-03-20 09:42:21 - [MESSAGE][WARNING] - Timeout '0' is invalid. Using default page load timeout: '30'

2020-03-20 09:42:21 - [MESSAGE][PASSED] - Object 'Object Repository/ADMIN/Edit Text/Bespoke/Buyer Pages/Homepage/toaster_success' is visible]]></system-out>
         <system-err><![CDATA[]]></system-err>
      </testcase>
      <testcase name="Test Cases/ADMIN/Language/Edit Text/Bespoke/Buyer Pages/Onboarding_Settings" time="6.648" classname="Test Cases/ADMIN/Language/Edit Text/Bespoke/Buyer Pages/Onboarding_Settings" status="PASSED">
         <system-out><![CDATA[2020-03-20 09:42:21 - [TEST_CASE][PASSED] - Test Cases/ADMIN/Language/Edit Text/Bespoke/Buyer Pages/Onboarding_Settings: Test Cases/ADMIN/Language/Edit Text/Bespoke/Buyer Pages/Onboarding_Settings

2020-03-20 09:42:21 - [TEST_STEP][PASSED] - waitForElementVisible(findTestObject("ADMIN/Edit Text/Bespoke/Buyer Navigation/dd_language"), 0): Object 'Object Repository/ADMIN/Edit Text/Bespoke/Buyer Navigation/dd_language' is visible

2020-03-20 09:42:21 - [MESSAGE][WARNING] - Timeout '0' is invalid. Using default page load timeout: '30'

2020-03-20 09:42:21 - [MESSAGE][PASSED] - Object 'Object Repository/ADMIN/Edit Text/Bespoke/Buyer Navigation/dd_language' is visible

2020-03-20 09:42:21 - [TEST_STEP][PASSED] - selectOptionByLabel(findTestObject("ADMIN/Edit Text/Bespoke/Buyer Navigation/dd_language"), varLanguage, false): All options with label 'Russian' are selected in object 'Object Repository/ADMIN/Edit Text/Bespoke/Buyer Navigation/dd_language' 

2020-03-20 09:42:22 - [MESSAGE][PASSED] - All options with label 'Russian' are selected in object 'Object Repository/ADMIN/Edit Text/Bespoke/Buyer Navigation/dd_language' 

2020-03-20 09:42:22 - [TEST_STEP][PASSED] - sendKeys(findTestObject("ADMIN/Edit Text/Bespoke/Buyer Pages/Onboarding_Settings/input_USER SETTINGS_marketplace-name"), "*"): Keys '*' sent to object: 'Object Repository/ADMIN/Edit Text/Bespoke/Buyer Pages/Onboarding_Settings/input_USER SETTINGS_marketplace-name'

2020-03-20 09:42:23 - [MESSAGE][PASSED] - Keys '*' sent to object: 'Object Repository/ADMIN/Edit Text/Bespoke/Buyer Pages/Onboarding_Settings/input_USER SETTINGS_marketplace-name'

2020-03-20 09:42:23 - [TEST_STEP][PASSED] - sendKeys(findTestObject("ADMIN/Edit Text/Bespoke/Buyer Pages/Onboarding_Settings/input_Configure your profile and your settings here_item_details"), "*"): Keys '*' sent to object: 'Object Repository/ADMIN/Edit Text/Bespoke/Buyer Pages/Onboarding_Settings/input_Configure your profile and your settings here_item_details'

2020-03-20 09:42:23 - [MESSAGE][PASSED] - Keys '*' sent to object: 'Object Repository/ADMIN/Edit Text/Bespoke/Buyer Pages/Onboarding_Settings/input_Configure your profile and your settings here_item_details'

2020-03-20 09:42:23 - [TEST_STEP][PASSED] - sendKeys(findTestObject("ADMIN/Edit Text/Bespoke/Buyer Pages/Onboarding_Settings/input_PROFILE_tab-title"), "*"): Keys '*' sent to object: 'Object Repository/ADMIN/Edit Text/Bespoke/Buyer Pages/Onboarding_Settings/input_PROFILE_tab-title'

2020-03-20 09:42:23 - [MESSAGE][PASSED] - Keys '*' sent to object: 'Object Repository/ADMIN/Edit Text/Bespoke/Buyer Pages/Onboarding_Settings/input_PROFILE_tab-title'

2020-03-20 09:42:23 - [TEST_STEP][PASSED] - sendKeys(findTestObject("ADMIN/Edit Text/Bespoke/Buyer Pages/Onboarding_Settings/input_CHANGE_btn_upload"), "*"): Keys '*' sent to object: 'Object Repository/ADMIN/Edit Text/Bespoke/Buyer Pages/Onboarding_Settings/input_CHANGE_btn_upload'

2020-03-20 09:42:24 - [MESSAGE][PASSED] - Keys '*' sent to object: 'Object Repository/ADMIN/Edit Text/Bespoke/Buyer Pages/Onboarding_Settings/input_CHANGE_btn_upload'

2020-03-20 09:42:24 - [TEST_STEP][PASSED] - sendKeys(findTestObject("ADMIN/Edit Text/Bespoke/Buyer Pages/Onboarding_Settings/input_DISPLAY NAME_display-name"), "*"): Keys '*' sent to object: 'Object Repository/ADMIN/Edit Text/Bespoke/Buyer Pages/Onboarding_Settings/input_DISPLAY NAME_display-name'

2020-03-20 09:42:24 - [MESSAGE][PASSED] - Keys '*' sent to object: 'Object Repository/ADMIN/Edit Text/Bespoke/Buyer Pages/Onboarding_Settings/input_DISPLAY NAME_display-name'

2020-03-20 09:42:24 - [TEST_STEP][PASSED] - sendKeys(findTestObject("ADMIN/Edit Text/Bespoke/Buyer Pages/Onboarding_Settings/input_FIRST NAME_first-name"), "*"): Keys '*' sent to object: 'Object Repository/ADMIN/Edit Text/Bespoke/Buyer Pages/Onboarding_Settings/input_FIRST NAME_first-name'

2020-03-20 09:42:24 - [MESSAGE][PASSED] - Keys '*' sent to object: 'Object Repository/ADMIN/Edit Text/Bespoke/Buyer Pages/Onboarding_Settings/input_FIRST NAME_first-name'

2020-03-20 09:42:24 - [TEST_STEP][PASSED] - sendKeys(findTestObject("ADMIN/Edit Text/Bespoke/Buyer Pages/Onboarding_Settings/input_LAST NAME_last-name"), "*"): Keys '*' sent to object: 'Object Repository/ADMIN/Edit Text/Bespoke/Buyer Pages/Onboarding_Settings/input_LAST NAME_last-name'

2020-03-20 09:42:24 - [MESSAGE][PASSED] - Keys '*' sent to object: 'Object Repository/ADMIN/Edit Text/Bespoke/Buyer Pages/Onboarding_Settings/input_LAST NAME_last-name'

2020-03-20 09:42:24 - [TEST_STEP][PASSED] - sendKeys(findTestObject("ADMIN/Edit Text/Bespoke/Buyer Pages/Onboarding_Settings/input_NOTIFICATION EMAIL_notification-email"), "*"): Keys '*' sent to object: 'Object Repository/ADMIN/Edit Text/Bespoke/Buyer Pages/Onboarding_Settings/input_NOTIFICATION EMAIL_notification-email'

2020-03-20 09:42:24 - [MESSAGE][PASSED] - Keys '*' sent to object: 'Object Repository/ADMIN/Edit Text/Bespoke/Buyer Pages/Onboarding_Settings/input_NOTIFICATION EMAIL_notification-email'

2020-03-20 09:42:24 - [TEST_STEP][PASSED] - sendKeys(findTestObject("ADMIN/Edit Text/Bespoke/Buyer Pages/Onboarding_Settings/input_CONTACT NUMBER_contact-number"), "*"): Keys '*' sent to object: 'Object Repository/ADMIN/Edit Text/Bespoke/Buyer Pages/Onboarding_Settings/input_CONTACT NUMBER_contact-number'

2020-03-20 09:42:24 - [MESSAGE][PASSED] - Keys '*' sent to object: 'Object Repository/ADMIN/Edit Text/Bespoke/Buyer Pages/Onboarding_Settings/input_CONTACT NUMBER_contact-number'

2020-03-20 09:42:24 - [TEST_STEP][PASSED] - sendKeys(findTestObject("ADMIN/Edit Text/Bespoke/Buyer Pages/Onboarding_Settings/input_OPENID LOGIN_open-id-login"), "*"): Keys '*' sent to object: 'Object Repository/ADMIN/Edit Text/Bespoke/Buyer Pages/Onboarding_Settings/input_OPENID LOGIN_open-id-login'

2020-03-20 09:42:24 - [MESSAGE][PASSED] - Keys '*' sent to object: 'Object Repository/ADMIN/Edit Text/Bespoke/Buyer Pages/Onboarding_Settings/input_OPENID LOGIN_open-id-login'

2020-03-20 09:42:24 - [TEST_STEP][PASSED] - sendKeys(findTestObject("ADMIN/Edit Text/Bespoke/Buyer Pages/Onboarding_Settings/input_NEXT_btn_next"), "*"): Keys '*' sent to object: 'Object Repository/ADMIN/Edit Text/Bespoke/Buyer Pages/Onboarding_Settings/input_NEXT_btn_next'

2020-03-20 09:42:25 - [MESSAGE][PASSED] - Keys '*' sent to object: 'Object Repository/ADMIN/Edit Text/Bespoke/Buyer Pages/Onboarding_Settings/input_NEXT_btn_next'

2020-03-20 09:42:25 - [TEST_STEP][PASSED] - sendKeys(findTestObject("ADMIN/Edit Text/Bespoke/Buyer Pages/Onboarding_Settings/input_ADDRESS_tab-title"), "*"): Keys '*' sent to object: 'Object Repository/ADMIN/Edit Text/Bespoke/Buyer Pages/Onboarding_Settings/input_ADDRESS_tab-title'

2020-03-20 09:42:25 - [MESSAGE][PASSED] - Keys '*' sent to object: 'Object Repository/ADMIN/Edit Text/Bespoke/Buyer Pages/Onboarding_Settings/input_ADDRESS_tab-title'

2020-03-20 09:42:25 - [TEST_STEP][PASSED] - sendKeys(findTestObject("ADMIN/Edit Text/Bespoke/Buyer Pages/Onboarding_Settings/input_NEW DELIVERY ADDRESS_new-delivery-address"), "*"): Keys '*' sent to object: 'Object Repository/ADMIN/Edit Text/Bespoke/Buyer Pages/Onboarding_Settings/input_NEW DELIVERY ADDRESS_new-delivery-address'

2020-03-20 09:42:25 - [MESSAGE][PASSED] - Keys '*' sent to object: 'Object Repository/ADMIN/Edit Text/Bespoke/Buyer Pages/Onboarding_Settings/input_NEW DELIVERY ADDRESS_new-delivery-address'

2020-03-20 09:42:25 - [TEST_STEP][PASSED] - sendKeys(findTestObject("ADMIN/Edit Text/Bespoke/Buyer Pages/Onboarding_Settings/input_ADDRESSEE FIRST NAME_addressee-first-name"), "*"): Keys '*' sent to object: 'Object Repository/ADMIN/Edit Text/Bespoke/Buyer Pages/Onboarding_Settings/input_ADDRESSEE FIRST NAME_addressee-first-name'

2020-03-20 09:42:25 - [MESSAGE][PASSED] - Keys '*' sent to object: 'Object Repository/ADMIN/Edit Text/Bespoke/Buyer Pages/Onboarding_Settings/input_ADDRESSEE FIRST NAME_addressee-first-name'

2020-03-20 09:42:25 - [TEST_STEP][PASSED] - sendKeys(findTestObject("ADMIN/Edit Text/Bespoke/Buyer Pages/Onboarding_Settings/input_ADDRESSEE LAST NAME_addressee-last-name"), "*"): Keys '*' sent to object: 'Object Repository/ADMIN/Edit Text/Bespoke/Buyer Pages/Onboarding_Settings/input_ADDRESSEE LAST NAME_addressee-last-name'

2020-03-20 09:42:25 - [MESSAGE][PASSED] - Keys '*' sent to object: 'Object Repository/ADMIN/Edit Text/Bespoke/Buyer Pages/Onboarding_Settings/input_ADDRESSEE LAST NAME_addressee-last-name'

2020-03-20 09:42:25 - [TEST_STEP][PASSED] - sendKeys(findTestObject("ADMIN/Edit Text/Bespoke/Buyer Pages/Onboarding_Settings/input_ADDRESS_address"), "*"): Keys '*' sent to object: 'Object Repository/ADMIN/Edit Text/Bespoke/Buyer Pages/Onboarding_Settings/input_ADDRESS_address'

2020-03-20 09:42:25 - [MESSAGE][PASSED] - Keys '*' sent to object: 'Object Repository/ADMIN/Edit Text/Bespoke/Buyer Pages/Onboarding_Settings/input_ADDRESS_address'

2020-03-20 09:42:25 - [TEST_STEP][PASSED] - sendKeys(findTestObject("ADMIN/Edit Text/Bespoke/Buyer Pages/Onboarding_Settings/input_COUNTRY_address-country"), "*"): Keys '*' sent to object: 'Object Repository/ADMIN/Edit Text/Bespoke/Buyer Pages/Onboarding_Settings/input_COUNTRY_address-country'

2020-03-20 09:42:25 - [MESSAGE][PASSED] - Keys '*' sent to object: 'Object Repository/ADMIN/Edit Text/Bespoke/Buyer Pages/Onboarding_Settings/input_COUNTRY_address-country'

2020-03-20 09:42:25 - [TEST_STEP][PASSED] - sendKeys(findTestObject("ADMIN/Edit Text/Bespoke/Buyer Pages/Onboarding_Settings/input_State_address-state"), "*"): Keys '*' sent to object: 'Object Repository/ADMIN/Edit Text/Bespoke/Buyer Pages/Onboarding_Settings/input_State_address-state'

2020-03-20 09:42:25 - [MESSAGE][PASSED] - Keys '*' sent to object: 'Object Repository/ADMIN/Edit Text/Bespoke/Buyer Pages/Onboarding_Settings/input_State_address-state'

2020-03-20 09:42:25 - [TEST_STEP][PASSED] - sendKeys(findTestObject("ADMIN/Edit Text/Bespoke/Buyer Pages/Onboarding_Settings/input_CITY_address-city"), "*"): Keys '*' sent to object: 'Object Repository/ADMIN/Edit Text/Bespoke/Buyer Pages/Onboarding_Settings/input_CITY_address-city'

2020-03-20 09:42:26 - [MESSAGE][PASSED] - Keys '*' sent to object: 'Object Repository/ADMIN/Edit Text/Bespoke/Buyer Pages/Onboarding_Settings/input_CITY_address-city'

2020-03-20 09:42:26 - [TEST_STEP][PASSED] - sendKeys(findTestObject("ADMIN/Edit Text/Bespoke/Buyer Pages/Onboarding_Settings/input_POSTAL CODE_address-postalcode"), "*"): Keys '*' sent to object: 'Object Repository/ADMIN/Edit Text/Bespoke/Buyer Pages/Onboarding_Settings/input_POSTAL CODE_address-postalcode'

2020-03-20 09:42:26 - [MESSAGE][PASSED] - Keys '*' sent to object: 'Object Repository/ADMIN/Edit Text/Bespoke/Buyer Pages/Onboarding_Settings/input_POSTAL CODE_address-postalcode'

2020-03-20 09:42:26 - [TEST_STEP][PASSED] - sendKeys(findTestObject("ADMIN/Edit Text/Bespoke/Buyer Pages/Onboarding_Settings/input_SELECT COUNTRY_select-country"), "*"): Keys '*' sent to object: 'Object Repository/ADMIN/Edit Text/Bespoke/Buyer Pages/Onboarding_Settings/input_SELECT COUNTRY_select-country'

2020-03-20 09:42:26 - [MESSAGE][PASSED] - Keys '*' sent to object: 'Object Repository/ADMIN/Edit Text/Bespoke/Buyer Pages/Onboarding_Settings/input_SELECT COUNTRY_select-country'

2020-03-20 09:42:26 - [TEST_STEP][PASSED] - sendKeys(findTestObject("ADMIN/Edit Text/Bespoke/Buyer Pages/Onboarding_Settings/input_Select City"), "*"): Keys '*' sent to object: 'Object Repository/ADMIN/Edit Text/Bespoke/Buyer Pages/Onboarding_Settings/input_Select City'

2020-03-20 09:42:26 - [MESSAGE][PASSED] - Keys '*' sent to object: 'Object Repository/ADMIN/Edit Text/Bespoke/Buyer Pages/Onboarding_Settings/input_Select City'

2020-03-20 09:42:26 - [TEST_STEP][PASSED] - sendKeys(findTestObject("ADMIN/Edit Text/Bespoke/Buyer Pages/Onboarding_Settings/input_ADD ADDRESS_btn_add"), "*"): Keys '*' sent to object: 'Object Repository/ADMIN/Edit Text/Bespoke/Buyer Pages/Onboarding_Settings/input_ADD ADDRESS_btn_add'

2020-03-20 09:42:26 - [MESSAGE][PASSED] - Keys '*' sent to object: 'Object Repository/ADMIN/Edit Text/Bespoke/Buyer Pages/Onboarding_Settings/input_ADD ADDRESS_btn_add'

2020-03-20 09:42:26 - [TEST_STEP][PASSED] - sendKeys(findTestObject("ADMIN/Edit Text/Bespoke/Buyer Pages/Onboarding_Settings/input_SAVED ADDRESSES_address-saved"), "*"): Keys '*' sent to object: 'Object Repository/ADMIN/Edit Text/Bespoke/Buyer Pages/Onboarding_Settings/input_SAVED ADDRESSES_address-saved'

2020-03-20 09:42:26 - [MESSAGE][PASSED] - Keys '*' sent to object: 'Object Repository/ADMIN/Edit Text/Bespoke/Buyer Pages/Onboarding_Settings/input_SAVED ADDRESSES_address-saved'

2020-03-20 09:42:26 - [TEST_STEP][PASSED] - sendKeys(findTestObject("ADMIN/Edit Text/Bespoke/Buyer Pages/Onboarding_Settings/input_SAVE_btn_next"), "*"): Keys '*' sent to object: 'Object Repository/ADMIN/Edit Text/Bespoke/Buyer Pages/Onboarding_Settings/input_SAVE_btn_next'

2020-03-20 09:42:26 - [MESSAGE][PASSED] - Keys '*' sent to object: 'Object Repository/ADMIN/Edit Text/Bespoke/Buyer Pages/Onboarding_Settings/input_SAVE_btn_next'

2020-03-20 09:42:26 - [TEST_STEP][PASSED] - sendKeys(findTestObject("ADMIN/Edit Text/Bespoke/Buyer Pages/Onboarding_Settings/input_Are you sure want to delete_popup-title"), "*"): Keys '*' sent to object: 'Object Repository/ADMIN/Edit Text/Bespoke/Buyer Pages/Onboarding_Settings/input_Are you sure want to delete_popup-title'

2020-03-20 09:42:27 - [MESSAGE][PASSED] - Keys '*' sent to object: 'Object Repository/ADMIN/Edit Text/Bespoke/Buyer Pages/Onboarding_Settings/input_Are you sure want to delete_popup-title'

2020-03-20 09:42:27 - [TEST_STEP][PASSED] - sendKeys(findTestObject("ADMIN/Edit Text/Bespoke/Buyer Pages/Onboarding_Settings/input_CANCEL_btn_cancel"), "*"): Keys '*' sent to object: 'Object Repository/ADMIN/Edit Text/Bespoke/Buyer Pages/Onboarding_Settings/input_CANCEL_btn_cancel'

2020-03-20 09:42:27 - [MESSAGE][PASSED] - Keys '*' sent to object: 'Object Repository/ADMIN/Edit Text/Bespoke/Buyer Pages/Onboarding_Settings/input_CANCEL_btn_cancel'

2020-03-20 09:42:27 - [TEST_STEP][PASSED] - sendKeys(findTestObject("ADMIN/Edit Text/Bespoke/Buyer Pages/Onboarding_Settings/input_OK_btn_okay"), "*"): Keys '*' sent to object: 'Object Repository/ADMIN/Edit Text/Bespoke/Buyer Pages/Onboarding_Settings/input_OK_btn_okay'

2020-03-20 09:42:27 - [MESSAGE][PASSED] - Keys '*' sent to object: 'Object Repository/ADMIN/Edit Text/Bespoke/Buyer Pages/Onboarding_Settings/input_OK_btn_okay'

2020-03-20 09:42:27 - [TEST_STEP][PASSED] - click(findTestObject("ADMIN/Edit Text/Bespoke/Buyer Pages/Homepage/button_save"), CONTINUE_ON_FAILURE): Object: 'Object Repository/ADMIN/Edit Text/Bespoke/Buyer Pages/Homepage/button_save' is clicked on

2020-03-20 09:42:27 - [MESSAGE][PASSED] - Object: 'Object Repository/ADMIN/Edit Text/Bespoke/Buyer Pages/Homepage/button_save' is clicked on

2020-03-20 09:42:27 - [TEST_STEP][PASSED] - waitForElementVisible(findTestObject("ADMIN/Edit Text/Bespoke/Buyer Pages/Homepage/toaster_success"), 0): Object 'Object Repository/ADMIN/Edit Text/Bespoke/Buyer Pages/Homepage/toaster_success' is visible

2020-03-20 09:42:27 - [MESSAGE][WARNING] - Timeout '0' is invalid. Using default page load timeout: '30'

2020-03-20 09:42:28 - [MESSAGE][PASSED] - Object 'Object Repository/ADMIN/Edit Text/Bespoke/Buyer Pages/Homepage/toaster_success' is visible]]></system-out>
         <system-err><![CDATA[]]></system-err>
      </testcase>
      <testcase name="Test Cases/ADMIN/Language/Edit Text/Bespoke/Buyer Pages/Onboarding_Settings" time="6.362" classname="Test Cases/ADMIN/Language/Edit Text/Bespoke/Buyer Pages/Onboarding_Settings" status="PASSED">
         <system-out><![CDATA[2020-03-20 09:42:28 - [TEST_CASE][PASSED] - Test Cases/ADMIN/Language/Edit Text/Bespoke/Buyer Pages/Onboarding_Settings: Test Cases/ADMIN/Language/Edit Text/Bespoke/Buyer Pages/Onboarding_Settings

2020-03-20 09:42:28 - [TEST_STEP][PASSED] - waitForElementVisible(findTestObject("ADMIN/Edit Text/Bespoke/Buyer Navigation/dd_language"), 0): Object 'Object Repository/ADMIN/Edit Text/Bespoke/Buyer Navigation/dd_language' is visible

2020-03-20 09:42:28 - [MESSAGE][WARNING] - Timeout '0' is invalid. Using default page load timeout: '30'

2020-03-20 09:42:28 - [MESSAGE][PASSED] - Object 'Object Repository/ADMIN/Edit Text/Bespoke/Buyer Navigation/dd_language' is visible

2020-03-20 09:42:28 - [TEST_STEP][PASSED] - selectOptionByLabel(findTestObject("ADMIN/Edit Text/Bespoke/Buyer Navigation/dd_language"), varLanguage, false): All options with label 'Italian' are selected in object 'Object Repository/ADMIN/Edit Text/Bespoke/Buyer Navigation/dd_language' 

2020-03-20 09:42:29 - [MESSAGE][PASSED] - All options with label 'Italian' are selected in object 'Object Repository/ADMIN/Edit Text/Bespoke/Buyer Navigation/dd_language' 

2020-03-20 09:42:29 - [TEST_STEP][PASSED] - sendKeys(findTestObject("ADMIN/Edit Text/Bespoke/Buyer Pages/Onboarding_Settings/input_USER SETTINGS_marketplace-name"), "*"): Keys '*' sent to object: 'Object Repository/ADMIN/Edit Text/Bespoke/Buyer Pages/Onboarding_Settings/input_USER SETTINGS_marketplace-name'

2020-03-20 09:42:30 - [MESSAGE][PASSED] - Keys '*' sent to object: 'Object Repository/ADMIN/Edit Text/Bespoke/Buyer Pages/Onboarding_Settings/input_USER SETTINGS_marketplace-name'

2020-03-20 09:42:30 - [TEST_STEP][PASSED] - sendKeys(findTestObject("ADMIN/Edit Text/Bespoke/Buyer Pages/Onboarding_Settings/input_Configure your profile and your settings here_item_details"), "*"): Keys '*' sent to object: 'Object Repository/ADMIN/Edit Text/Bespoke/Buyer Pages/Onboarding_Settings/input_Configure your profile and your settings here_item_details'

2020-03-20 09:42:30 - [MESSAGE][PASSED] - Keys '*' sent to object: 'Object Repository/ADMIN/Edit Text/Bespoke/Buyer Pages/Onboarding_Settings/input_Configure your profile and your settings here_item_details'

2020-03-20 09:42:30 - [TEST_STEP][PASSED] - sendKeys(findTestObject("ADMIN/Edit Text/Bespoke/Buyer Pages/Onboarding_Settings/input_PROFILE_tab-title"), "*"): Keys '*' sent to object: 'Object Repository/ADMIN/Edit Text/Bespoke/Buyer Pages/Onboarding_Settings/input_PROFILE_tab-title'

2020-03-20 09:42:30 - [MESSAGE][PASSED] - Keys '*' sent to object: 'Object Repository/ADMIN/Edit Text/Bespoke/Buyer Pages/Onboarding_Settings/input_PROFILE_tab-title'

2020-03-20 09:42:30 - [TEST_STEP][PASSED] - sendKeys(findTestObject("ADMIN/Edit Text/Bespoke/Buyer Pages/Onboarding_Settings/input_CHANGE_btn_upload"), "*"): Keys '*' sent to object: 'Object Repository/ADMIN/Edit Text/Bespoke/Buyer Pages/Onboarding_Settings/input_CHANGE_btn_upload'

2020-03-20 09:42:30 - [MESSAGE][PASSED] - Keys '*' sent to object: 'Object Repository/ADMIN/Edit Text/Bespoke/Buyer Pages/Onboarding_Settings/input_CHANGE_btn_upload'

2020-03-20 09:42:30 - [TEST_STEP][PASSED] - sendKeys(findTestObject("ADMIN/Edit Text/Bespoke/Buyer Pages/Onboarding_Settings/input_DISPLAY NAME_display-name"), "*"): Keys '*' sent to object: 'Object Repository/ADMIN/Edit Text/Bespoke/Buyer Pages/Onboarding_Settings/input_DISPLAY NAME_display-name'

2020-03-20 09:42:30 - [MESSAGE][PASSED] - Keys '*' sent to object: 'Object Repository/ADMIN/Edit Text/Bespoke/Buyer Pages/Onboarding_Settings/input_DISPLAY NAME_display-name'

2020-03-20 09:42:30 - [TEST_STEP][PASSED] - sendKeys(findTestObject("ADMIN/Edit Text/Bespoke/Buyer Pages/Onboarding_Settings/input_FIRST NAME_first-name"), "*"): Keys '*' sent to object: 'Object Repository/ADMIN/Edit Text/Bespoke/Buyer Pages/Onboarding_Settings/input_FIRST NAME_first-name'

2020-03-20 09:42:30 - [MESSAGE][PASSED] - Keys '*' sent to object: 'Object Repository/ADMIN/Edit Text/Bespoke/Buyer Pages/Onboarding_Settings/input_FIRST NAME_first-name'

2020-03-20 09:42:30 - [TEST_STEP][PASSED] - sendKeys(findTestObject("ADMIN/Edit Text/Bespoke/Buyer Pages/Onboarding_Settings/input_LAST NAME_last-name"), "*"): Keys '*' sent to object: 'Object Repository/ADMIN/Edit Text/Bespoke/Buyer Pages/Onboarding_Settings/input_LAST NAME_last-name'

2020-03-20 09:42:31 - [MESSAGE][PASSED] - Keys '*' sent to object: 'Object Repository/ADMIN/Edit Text/Bespoke/Buyer Pages/Onboarding_Settings/input_LAST NAME_last-name'

2020-03-20 09:42:31 - [TEST_STEP][PASSED] - sendKeys(findTestObject("ADMIN/Edit Text/Bespoke/Buyer Pages/Onboarding_Settings/input_NOTIFICATION EMAIL_notification-email"), "*"): Keys '*' sent to object: 'Object Repository/ADMIN/Edit Text/Bespoke/Buyer Pages/Onboarding_Settings/input_NOTIFICATION EMAIL_notification-email'

2020-03-20 09:42:31 - [MESSAGE][PASSED] - Keys '*' sent to object: 'Object Repository/ADMIN/Edit Text/Bespoke/Buyer Pages/Onboarding_Settings/input_NOTIFICATION EMAIL_notification-email'

2020-03-20 09:42:31 - [TEST_STEP][PASSED] - sendKeys(findTestObject("ADMIN/Edit Text/Bespoke/Buyer Pages/Onboarding_Settings/input_CONTACT NUMBER_contact-number"), "*"): Keys '*' sent to object: 'Object Repository/ADMIN/Edit Text/Bespoke/Buyer Pages/Onboarding_Settings/input_CONTACT NUMBER_contact-number'

2020-03-20 09:42:31 - [MESSAGE][PASSED] - Keys '*' sent to object: 'Object Repository/ADMIN/Edit Text/Bespoke/Buyer Pages/Onboarding_Settings/input_CONTACT NUMBER_contact-number'

2020-03-20 09:42:31 - [TEST_STEP][PASSED] - sendKeys(findTestObject("ADMIN/Edit Text/Bespoke/Buyer Pages/Onboarding_Settings/input_OPENID LOGIN_open-id-login"), "*"): Keys '*' sent to object: 'Object Repository/ADMIN/Edit Text/Bespoke/Buyer Pages/Onboarding_Settings/input_OPENID LOGIN_open-id-login'

2020-03-20 09:42:31 - [MESSAGE][PASSED] - Keys '*' sent to object: 'Object Repository/ADMIN/Edit Text/Bespoke/Buyer Pages/Onboarding_Settings/input_OPENID LOGIN_open-id-login'

2020-03-20 09:42:31 - [TEST_STEP][PASSED] - sendKeys(findTestObject("ADMIN/Edit Text/Bespoke/Buyer Pages/Onboarding_Settings/input_NEXT_btn_next"), "*"): Keys '*' sent to object: 'Object Repository/ADMIN/Edit Text/Bespoke/Buyer Pages/Onboarding_Settings/input_NEXT_btn_next'

2020-03-20 09:42:31 - [MESSAGE][PASSED] - Keys '*' sent to object: 'Object Repository/ADMIN/Edit Text/Bespoke/Buyer Pages/Onboarding_Settings/input_NEXT_btn_next'

2020-03-20 09:42:31 - [TEST_STEP][PASSED] - sendKeys(findTestObject("ADMIN/Edit Text/Bespoke/Buyer Pages/Onboarding_Settings/input_ADDRESS_tab-title"), "*"): Keys '*' sent to object: 'Object Repository/ADMIN/Edit Text/Bespoke/Buyer Pages/Onboarding_Settings/input_ADDRESS_tab-title'

2020-03-20 09:42:31 - [MESSAGE][PASSED] - Keys '*' sent to object: 'Object Repository/ADMIN/Edit Text/Bespoke/Buyer Pages/Onboarding_Settings/input_ADDRESS_tab-title'

2020-03-20 09:42:31 - [TEST_STEP][PASSED] - sendKeys(findTestObject("ADMIN/Edit Text/Bespoke/Buyer Pages/Onboarding_Settings/input_NEW DELIVERY ADDRESS_new-delivery-address"), "*"): Keys '*' sent to object: 'Object Repository/ADMIN/Edit Text/Bespoke/Buyer Pages/Onboarding_Settings/input_NEW DELIVERY ADDRESS_new-delivery-address'

2020-03-20 09:42:32 - [MESSAGE][PASSED] - Keys '*' sent to object: 'Object Repository/ADMIN/Edit Text/Bespoke/Buyer Pages/Onboarding_Settings/input_NEW DELIVERY ADDRESS_new-delivery-address'

2020-03-20 09:42:32 - [TEST_STEP][PASSED] - sendKeys(findTestObject("ADMIN/Edit Text/Bespoke/Buyer Pages/Onboarding_Settings/input_ADDRESSEE FIRST NAME_addressee-first-name"), "*"): Keys '*' sent to object: 'Object Repository/ADMIN/Edit Text/Bespoke/Buyer Pages/Onboarding_Settings/input_ADDRESSEE FIRST NAME_addressee-first-name'

2020-03-20 09:42:32 - [MESSAGE][PASSED] - Keys '*' sent to object: 'Object Repository/ADMIN/Edit Text/Bespoke/Buyer Pages/Onboarding_Settings/input_ADDRESSEE FIRST NAME_addressee-first-name'

2020-03-20 09:42:32 - [TEST_STEP][PASSED] - sendKeys(findTestObject("ADMIN/Edit Text/Bespoke/Buyer Pages/Onboarding_Settings/input_ADDRESSEE LAST NAME_addressee-last-name"), "*"): Keys '*' sent to object: 'Object Repository/ADMIN/Edit Text/Bespoke/Buyer Pages/Onboarding_Settings/input_ADDRESSEE LAST NAME_addressee-last-name'

2020-03-20 09:42:32 - [MESSAGE][PASSED] - Keys '*' sent to object: 'Object Repository/ADMIN/Edit Text/Bespoke/Buyer Pages/Onboarding_Settings/input_ADDRESSEE LAST NAME_addressee-last-name'

2020-03-20 09:42:32 - [TEST_STEP][PASSED] - sendKeys(findTestObject("ADMIN/Edit Text/Bespoke/Buyer Pages/Onboarding_Settings/input_ADDRESS_address"), "*"): Keys '*' sent to object: 'Object Repository/ADMIN/Edit Text/Bespoke/Buyer Pages/Onboarding_Settings/input_ADDRESS_address'

2020-03-20 09:42:32 - [MESSAGE][PASSED] - Keys '*' sent to object: 'Object Repository/ADMIN/Edit Text/Bespoke/Buyer Pages/Onboarding_Settings/input_ADDRESS_address'

2020-03-20 09:42:32 - [TEST_STEP][PASSED] - sendKeys(findTestObject("ADMIN/Edit Text/Bespoke/Buyer Pages/Onboarding_Settings/input_COUNTRY_address-country"), "*"): Keys '*' sent to object: 'Object Repository/ADMIN/Edit Text/Bespoke/Buyer Pages/Onboarding_Settings/input_COUNTRY_address-country'

2020-03-20 09:42:32 - [MESSAGE][PASSED] - Keys '*' sent to object: 'Object Repository/ADMIN/Edit Text/Bespoke/Buyer Pages/Onboarding_Settings/input_COUNTRY_address-country'

2020-03-20 09:42:32 - [TEST_STEP][PASSED] - sendKeys(findTestObject("ADMIN/Edit Text/Bespoke/Buyer Pages/Onboarding_Settings/input_State_address-state"), "*"): Keys '*' sent to object: 'Object Repository/ADMIN/Edit Text/Bespoke/Buyer Pages/Onboarding_Settings/input_State_address-state'

2020-03-20 09:42:32 - [MESSAGE][PASSED] - Keys '*' sent to object: 'Object Repository/ADMIN/Edit Text/Bespoke/Buyer Pages/Onboarding_Settings/input_State_address-state'

2020-03-20 09:42:32 - [TEST_STEP][PASSED] - sendKeys(findTestObject("ADMIN/Edit Text/Bespoke/Buyer Pages/Onboarding_Settings/input_CITY_address-city"), "*"): Keys '*' sent to object: 'Object Repository/ADMIN/Edit Text/Bespoke/Buyer Pages/Onboarding_Settings/input_CITY_address-city'

2020-03-20 09:42:32 - [MESSAGE][PASSED] - Keys '*' sent to object: 'Object Repository/ADMIN/Edit Text/Bespoke/Buyer Pages/Onboarding_Settings/input_CITY_address-city'

2020-03-20 09:42:32 - [TEST_STEP][PASSED] - sendKeys(findTestObject("ADMIN/Edit Text/Bespoke/Buyer Pages/Onboarding_Settings/input_POSTAL CODE_address-postalcode"), "*"): Keys '*' sent to object: 'Object Repository/ADMIN/Edit Text/Bespoke/Buyer Pages/Onboarding_Settings/input_POSTAL CODE_address-postalcode'

2020-03-20 09:42:33 - [MESSAGE][PASSED] - Keys '*' sent to object: 'Object Repository/ADMIN/Edit Text/Bespoke/Buyer Pages/Onboarding_Settings/input_POSTAL CODE_address-postalcode'

2020-03-20 09:42:33 - [TEST_STEP][PASSED] - sendKeys(findTestObject("ADMIN/Edit Text/Bespoke/Buyer Pages/Onboarding_Settings/input_SELECT COUNTRY_select-country"), "*"): Keys '*' sent to object: 'Object Repository/ADMIN/Edit Text/Bespoke/Buyer Pages/Onboarding_Settings/input_SELECT COUNTRY_select-country'

2020-03-20 09:42:33 - [MESSAGE][PASSED] - Keys '*' sent to object: 'Object Repository/ADMIN/Edit Text/Bespoke/Buyer Pages/Onboarding_Settings/input_SELECT COUNTRY_select-country'

2020-03-20 09:42:33 - [TEST_STEP][PASSED] - sendKeys(findTestObject("ADMIN/Edit Text/Bespoke/Buyer Pages/Onboarding_Settings/input_Select City"), "*"): Keys '*' sent to object: 'Object Repository/ADMIN/Edit Text/Bespoke/Buyer Pages/Onboarding_Settings/input_Select City'

2020-03-20 09:42:33 - [MESSAGE][PASSED] - Keys '*' sent to object: 'Object Repository/ADMIN/Edit Text/Bespoke/Buyer Pages/Onboarding_Settings/input_Select City'

2020-03-20 09:42:33 - [TEST_STEP][PASSED] - sendKeys(findTestObject("ADMIN/Edit Text/Bespoke/Buyer Pages/Onboarding_Settings/input_ADD ADDRESS_btn_add"), "*"): Keys '*' sent to object: 'Object Repository/ADMIN/Edit Text/Bespoke/Buyer Pages/Onboarding_Settings/input_ADD ADDRESS_btn_add'

2020-03-20 09:42:33 - [MESSAGE][PASSED] - Keys '*' sent to object: 'Object Repository/ADMIN/Edit Text/Bespoke/Buyer Pages/Onboarding_Settings/input_ADD ADDRESS_btn_add'

2020-03-20 09:42:33 - [TEST_STEP][PASSED] - sendKeys(findTestObject("ADMIN/Edit Text/Bespoke/Buyer Pages/Onboarding_Settings/input_SAVED ADDRESSES_address-saved"), "*"): Keys '*' sent to object: 'Object Repository/ADMIN/Edit Text/Bespoke/Buyer Pages/Onboarding_Settings/input_SAVED ADDRESSES_address-saved'

2020-03-20 09:42:33 - [MESSAGE][PASSED] - Keys '*' sent to object: 'Object Repository/ADMIN/Edit Text/Bespoke/Buyer Pages/Onboarding_Settings/input_SAVED ADDRESSES_address-saved'

2020-03-20 09:42:33 - [TEST_STEP][PASSED] - sendKeys(findTestObject("ADMIN/Edit Text/Bespoke/Buyer Pages/Onboarding_Settings/input_SAVE_btn_next"), "*"): Keys '*' sent to object: 'Object Repository/ADMIN/Edit Text/Bespoke/Buyer Pages/Onboarding_Settings/input_SAVE_btn_next'

2020-03-20 09:42:33 - [MESSAGE][PASSED] - Keys '*' sent to object: 'Object Repository/ADMIN/Edit Text/Bespoke/Buyer Pages/Onboarding_Settings/input_SAVE_btn_next'

2020-03-20 09:42:33 - [TEST_STEP][PASSED] - sendKeys(findTestObject("ADMIN/Edit Text/Bespoke/Buyer Pages/Onboarding_Settings/input_Are you sure want to delete_popup-title"), "*"): Keys '*' sent to object: 'Object Repository/ADMIN/Edit Text/Bespoke/Buyer Pages/Onboarding_Settings/input_Are you sure want to delete_popup-title'

2020-03-20 09:42:33 - [MESSAGE][PASSED] - Keys '*' sent to object: 'Object Repository/ADMIN/Edit Text/Bespoke/Buyer Pages/Onboarding_Settings/input_Are you sure want to delete_popup-title'

2020-03-20 09:42:33 - [TEST_STEP][PASSED] - sendKeys(findTestObject("ADMIN/Edit Text/Bespoke/Buyer Pages/Onboarding_Settings/input_CANCEL_btn_cancel"), "*"): Keys '*' sent to object: 'Object Repository/ADMIN/Edit Text/Bespoke/Buyer Pages/Onboarding_Settings/input_CANCEL_btn_cancel'

2020-03-20 09:42:33 - [MESSAGE][PASSED] - Keys '*' sent to object: 'Object Repository/ADMIN/Edit Text/Bespoke/Buyer Pages/Onboarding_Settings/input_CANCEL_btn_cancel'

2020-03-20 09:42:33 - [TEST_STEP][PASSED] - sendKeys(findTestObject("ADMIN/Edit Text/Bespoke/Buyer Pages/Onboarding_Settings/input_OK_btn_okay"), "*"): Keys '*' sent to object: 'Object Repository/ADMIN/Edit Text/Bespoke/Buyer Pages/Onboarding_Settings/input_OK_btn_okay'

2020-03-20 09:42:33 - [MESSAGE][PASSED] - Keys '*' sent to object: 'Object Repository/ADMIN/Edit Text/Bespoke/Buyer Pages/Onboarding_Settings/input_OK_btn_okay'

2020-03-20 09:42:33 - [TEST_STEP][PASSED] - click(findTestObject("ADMIN/Edit Text/Bespoke/Buyer Pages/Homepage/button_save"), CONTINUE_ON_FAILURE): Object: 'Object Repository/ADMIN/Edit Text/Bespoke/Buyer Pages/Homepage/button_save' is clicked on

2020-03-20 09:42:34 - [MESSAGE][PASSED] - Object: 'Object Repository/ADMIN/Edit Text/Bespoke/Buyer Pages/Homepage/button_save' is clicked on

2020-03-20 09:42:34 - [TEST_STEP][PASSED] - waitForElementVisible(findTestObject("ADMIN/Edit Text/Bespoke/Buyer Pages/Homepage/toaster_success"), 0): Object 'Object Repository/ADMIN/Edit Text/Bespoke/Buyer Pages/Homepage/toaster_success' is visible

2020-03-20 09:42:34 - [MESSAGE][WARNING] - Timeout '0' is invalid. Using default page load timeout: '30'

2020-03-20 09:42:34 - [MESSAGE][PASSED] - Object 'Object Repository/ADMIN/Edit Text/Bespoke/Buyer Pages/Homepage/toaster_success' is visible]]></system-out>
         <system-err><![CDATA[]]></system-err>
      </testcase>
      <testcase name="Test Cases/ADMIN/Language/Edit Text/Bespoke/Buyer Pages/Onboarding_Settings" time="7.0" classname="Test Cases/ADMIN/Language/Edit Text/Bespoke/Buyer Pages/Onboarding_Settings" status="PASSED">
         <system-out><![CDATA[2020-03-20 09:42:34 - [TEST_CASE][PASSED] - Test Cases/ADMIN/Language/Edit Text/Bespoke/Buyer Pages/Onboarding_Settings: Test Cases/ADMIN/Language/Edit Text/Bespoke/Buyer Pages/Onboarding_Settings

2020-03-20 09:42:34 - [TEST_STEP][PASSED] - waitForElementVisible(findTestObject("ADMIN/Edit Text/Bespoke/Buyer Navigation/dd_language"), 0): Object 'Object Repository/ADMIN/Edit Text/Bespoke/Buyer Navigation/dd_language' is visible

2020-03-20 09:42:34 - [MESSAGE][WARNING] - Timeout '0' is invalid. Using default page load timeout: '30'

2020-03-20 09:42:34 - [MESSAGE][PASSED] - Object 'Object Repository/ADMIN/Edit Text/Bespoke/Buyer Navigation/dd_language' is visible

2020-03-20 09:42:34 - [TEST_STEP][PASSED] - selectOptionByLabel(findTestObject("ADMIN/Edit Text/Bespoke/Buyer Navigation/dd_language"), varLanguage, false): All options with label 'Arabic' are selected in object 'Object Repository/ADMIN/Edit Text/Bespoke/Buyer Navigation/dd_language' 

2020-03-20 09:42:36 - [MESSAGE][PASSED] - All options with label 'Arabic' are selected in object 'Object Repository/ADMIN/Edit Text/Bespoke/Buyer Navigation/dd_language' 

2020-03-20 09:42:36 - [TEST_STEP][PASSED] - sendKeys(findTestObject("ADMIN/Edit Text/Bespoke/Buyer Pages/Onboarding_Settings/input_USER SETTINGS_marketplace-name"), "*"): Keys '*' sent to object: 'Object Repository/ADMIN/Edit Text/Bespoke/Buyer Pages/Onboarding_Settings/input_USER SETTINGS_marketplace-name'

2020-03-20 09:42:36 - [MESSAGE][PASSED] - Keys '*' sent to object: 'Object Repository/ADMIN/Edit Text/Bespoke/Buyer Pages/Onboarding_Settings/input_USER SETTINGS_marketplace-name'

2020-03-20 09:42:36 - [TEST_STEP][PASSED] - sendKeys(findTestObject("ADMIN/Edit Text/Bespoke/Buyer Pages/Onboarding_Settings/input_Configure your profile and your settings here_item_details"), "*"): Keys '*' sent to object: 'Object Repository/ADMIN/Edit Text/Bespoke/Buyer Pages/Onboarding_Settings/input_Configure your profile and your settings here_item_details'

2020-03-20 09:42:36 - [MESSAGE][PASSED] - Keys '*' sent to object: 'Object Repository/ADMIN/Edit Text/Bespoke/Buyer Pages/Onboarding_Settings/input_Configure your profile and your settings here_item_details'

2020-03-20 09:42:36 - [TEST_STEP][PASSED] - sendKeys(findTestObject("ADMIN/Edit Text/Bespoke/Buyer Pages/Onboarding_Settings/input_PROFILE_tab-title"), "*"): Keys '*' sent to object: 'Object Repository/ADMIN/Edit Text/Bespoke/Buyer Pages/Onboarding_Settings/input_PROFILE_tab-title'

2020-03-20 09:42:37 - [MESSAGE][PASSED] - Keys '*' sent to object: 'Object Repository/ADMIN/Edit Text/Bespoke/Buyer Pages/Onboarding_Settings/input_PROFILE_tab-title'

2020-03-20 09:42:37 - [TEST_STEP][PASSED] - sendKeys(findTestObject("ADMIN/Edit Text/Bespoke/Buyer Pages/Onboarding_Settings/input_CHANGE_btn_upload"), "*"): Keys '*' sent to object: 'Object Repository/ADMIN/Edit Text/Bespoke/Buyer Pages/Onboarding_Settings/input_CHANGE_btn_upload'

2020-03-20 09:42:37 - [MESSAGE][PASSED] - Keys '*' sent to object: 'Object Repository/ADMIN/Edit Text/Bespoke/Buyer Pages/Onboarding_Settings/input_CHANGE_btn_upload'

2020-03-20 09:42:37 - [TEST_STEP][PASSED] - sendKeys(findTestObject("ADMIN/Edit Text/Bespoke/Buyer Pages/Onboarding_Settings/input_DISPLAY NAME_display-name"), "*"): Keys '*' sent to object: 'Object Repository/ADMIN/Edit Text/Bespoke/Buyer Pages/Onboarding_Settings/input_DISPLAY NAME_display-name'

2020-03-20 09:42:37 - [MESSAGE][PASSED] - Keys '*' sent to object: 'Object Repository/ADMIN/Edit Text/Bespoke/Buyer Pages/Onboarding_Settings/input_DISPLAY NAME_display-name'

2020-03-20 09:42:37 - [TEST_STEP][PASSED] - sendKeys(findTestObject("ADMIN/Edit Text/Bespoke/Buyer Pages/Onboarding_Settings/input_FIRST NAME_first-name"), "*"): Keys '*' sent to object: 'Object Repository/ADMIN/Edit Text/Bespoke/Buyer Pages/Onboarding_Settings/input_FIRST NAME_first-name'

2020-03-20 09:42:37 - [MESSAGE][PASSED] - Keys '*' sent to object: 'Object Repository/ADMIN/Edit Text/Bespoke/Buyer Pages/Onboarding_Settings/input_FIRST NAME_first-name'

2020-03-20 09:42:37 - [TEST_STEP][PASSED] - sendKeys(findTestObject("ADMIN/Edit Text/Bespoke/Buyer Pages/Onboarding_Settings/input_LAST NAME_last-name"), "*"): Keys '*' sent to object: 'Object Repository/ADMIN/Edit Text/Bespoke/Buyer Pages/Onboarding_Settings/input_LAST NAME_last-name'

2020-03-20 09:42:37 - [MESSAGE][PASSED] - Keys '*' sent to object: 'Object Repository/ADMIN/Edit Text/Bespoke/Buyer Pages/Onboarding_Settings/input_LAST NAME_last-name'

2020-03-20 09:42:37 - [TEST_STEP][PASSED] - sendKeys(findTestObject("ADMIN/Edit Text/Bespoke/Buyer Pages/Onboarding_Settings/input_NOTIFICATION EMAIL_notification-email"), "*"): Keys '*' sent to object: 'Object Repository/ADMIN/Edit Text/Bespoke/Buyer Pages/Onboarding_Settings/input_NOTIFICATION EMAIL_notification-email'

2020-03-20 09:42:37 - [MESSAGE][PASSED] - Keys '*' sent to object: 'Object Repository/ADMIN/Edit Text/Bespoke/Buyer Pages/Onboarding_Settings/input_NOTIFICATION EMAIL_notification-email'

2020-03-20 09:42:37 - [TEST_STEP][PASSED] - sendKeys(findTestObject("ADMIN/Edit Text/Bespoke/Buyer Pages/Onboarding_Settings/input_CONTACT NUMBER_contact-number"), "*"): Keys '*' sent to object: 'Object Repository/ADMIN/Edit Text/Bespoke/Buyer Pages/Onboarding_Settings/input_CONTACT NUMBER_contact-number'

2020-03-20 09:42:38 - [MESSAGE][PASSED] - Keys '*' sent to object: 'Object Repository/ADMIN/Edit Text/Bespoke/Buyer Pages/Onboarding_Settings/input_CONTACT NUMBER_contact-number'

2020-03-20 09:42:38 - [TEST_STEP][PASSED] - sendKeys(findTestObject("ADMIN/Edit Text/Bespoke/Buyer Pages/Onboarding_Settings/input_OPENID LOGIN_open-id-login"), "*"): Keys '*' sent to object: 'Object Repository/ADMIN/Edit Text/Bespoke/Buyer Pages/Onboarding_Settings/input_OPENID LOGIN_open-id-login'

2020-03-20 09:42:38 - [MESSAGE][PASSED] - Keys '*' sent to object: 'Object Repository/ADMIN/Edit Text/Bespoke/Buyer Pages/Onboarding_Settings/input_OPENID LOGIN_open-id-login'

2020-03-20 09:42:38 - [TEST_STEP][PASSED] - sendKeys(findTestObject("ADMIN/Edit Text/Bespoke/Buyer Pages/Onboarding_Settings/input_NEXT_btn_next"), "*"): Keys '*' sent to object: 'Object Repository/ADMIN/Edit Text/Bespoke/Buyer Pages/Onboarding_Settings/input_NEXT_btn_next'

2020-03-20 09:42:38 - [MESSAGE][PASSED] - Keys '*' sent to object: 'Object Repository/ADMIN/Edit Text/Bespoke/Buyer Pages/Onboarding_Settings/input_NEXT_btn_next'

2020-03-20 09:42:38 - [TEST_STEP][PASSED] - sendKeys(findTestObject("ADMIN/Edit Text/Bespoke/Buyer Pages/Onboarding_Settings/input_ADDRESS_tab-title"), "*"): Keys '*' sent to object: 'Object Repository/ADMIN/Edit Text/Bespoke/Buyer Pages/Onboarding_Settings/input_ADDRESS_tab-title'

2020-03-20 09:42:38 - [MESSAGE][PASSED] - Keys '*' sent to object: 'Object Repository/ADMIN/Edit Text/Bespoke/Buyer Pages/Onboarding_Settings/input_ADDRESS_tab-title'

2020-03-20 09:42:38 - [TEST_STEP][PASSED] - sendKeys(findTestObject("ADMIN/Edit Text/Bespoke/Buyer Pages/Onboarding_Settings/input_NEW DELIVERY ADDRESS_new-delivery-address"), "*"): Keys '*' sent to object: 'Object Repository/ADMIN/Edit Text/Bespoke/Buyer Pages/Onboarding_Settings/input_NEW DELIVERY ADDRESS_new-delivery-address'

2020-03-20 09:42:38 - [MESSAGE][PASSED] - Keys '*' sent to object: 'Object Repository/ADMIN/Edit Text/Bespoke/Buyer Pages/Onboarding_Settings/input_NEW DELIVERY ADDRESS_new-delivery-address'

2020-03-20 09:42:38 - [TEST_STEP][PASSED] - sendKeys(findTestObject("ADMIN/Edit Text/Bespoke/Buyer Pages/Onboarding_Settings/input_ADDRESSEE FIRST NAME_addressee-first-name"), "*"): Keys '*' sent to object: 'Object Repository/ADMIN/Edit Text/Bespoke/Buyer Pages/Onboarding_Settings/input_ADDRESSEE FIRST NAME_addressee-first-name'

2020-03-20 09:42:38 - [MESSAGE][PASSED] - Keys '*' sent to object: 'Object Repository/ADMIN/Edit Text/Bespoke/Buyer Pages/Onboarding_Settings/input_ADDRESSEE FIRST NAME_addressee-first-name'

2020-03-20 09:42:38 - [TEST_STEP][PASSED] - sendKeys(findTestObject("ADMIN/Edit Text/Bespoke/Buyer Pages/Onboarding_Settings/input_ADDRESSEE LAST NAME_addressee-last-name"), "*"): Keys '*' sent to object: 'Object Repository/ADMIN/Edit Text/Bespoke/Buyer Pages/Onboarding_Settings/input_ADDRESSEE LAST NAME_addressee-last-name'

2020-03-20 09:42:38 - [MESSAGE][PASSED] - Keys '*' sent to object: 'Object Repository/ADMIN/Edit Text/Bespoke/Buyer Pages/Onboarding_Settings/input_ADDRESSEE LAST NAME_addressee-last-name'

2020-03-20 09:42:38 - [TEST_STEP][PASSED] - sendKeys(findTestObject("ADMIN/Edit Text/Bespoke/Buyer Pages/Onboarding_Settings/input_ADDRESS_address"), "*"): Keys '*' sent to object: 'Object Repository/ADMIN/Edit Text/Bespoke/Buyer Pages/Onboarding_Settings/input_ADDRESS_address'

2020-03-20 09:42:38 - [MESSAGE][PASSED] - Keys '*' sent to object: 'Object Repository/ADMIN/Edit Text/Bespoke/Buyer Pages/Onboarding_Settings/input_ADDRESS_address'

2020-03-20 09:42:38 - [TEST_STEP][PASSED] - sendKeys(findTestObject("ADMIN/Edit Text/Bespoke/Buyer Pages/Onboarding_Settings/input_COUNTRY_address-country"), "*"): Keys '*' sent to object: 'Object Repository/ADMIN/Edit Text/Bespoke/Buyer Pages/Onboarding_Settings/input_COUNTRY_address-country'

2020-03-20 09:42:39 - [MESSAGE][PASSED] - Keys '*' sent to object: 'Object Repository/ADMIN/Edit Text/Bespoke/Buyer Pages/Onboarding_Settings/input_COUNTRY_address-country'

2020-03-20 09:42:39 - [TEST_STEP][PASSED] - sendKeys(findTestObject("ADMIN/Edit Text/Bespoke/Buyer Pages/Onboarding_Settings/input_State_address-state"), "*"): Keys '*' sent to object: 'Object Repository/ADMIN/Edit Text/Bespoke/Buyer Pages/Onboarding_Settings/input_State_address-state'

2020-03-20 09:42:39 - [MESSAGE][PASSED] - Keys '*' sent to object: 'Object Repository/ADMIN/Edit Text/Bespoke/Buyer Pages/Onboarding_Settings/input_State_address-state'

2020-03-20 09:42:39 - [TEST_STEP][PASSED] - sendKeys(findTestObject("ADMIN/Edit Text/Bespoke/Buyer Pages/Onboarding_Settings/input_CITY_address-city"), "*"): Keys '*' sent to object: 'Object Repository/ADMIN/Edit Text/Bespoke/Buyer Pages/Onboarding_Settings/input_CITY_address-city'

2020-03-20 09:42:39 - [MESSAGE][PASSED] - Keys '*' sent to object: 'Object Repository/ADMIN/Edit Text/Bespoke/Buyer Pages/Onboarding_Settings/input_CITY_address-city'

2020-03-20 09:42:39 - [TEST_STEP][PASSED] - sendKeys(findTestObject("ADMIN/Edit Text/Bespoke/Buyer Pages/Onboarding_Settings/input_POSTAL CODE_address-postalcode"), "*"): Keys '*' sent to object: 'Object Repository/ADMIN/Edit Text/Bespoke/Buyer Pages/Onboarding_Settings/input_POSTAL CODE_address-postalcode'

2020-03-20 09:42:39 - [MESSAGE][PASSED] - Keys '*' sent to object: 'Object Repository/ADMIN/Edit Text/Bespoke/Buyer Pages/Onboarding_Settings/input_POSTAL CODE_address-postalcode'

2020-03-20 09:42:39 - [TEST_STEP][PASSED] - sendKeys(findTestObject("ADMIN/Edit Text/Bespoke/Buyer Pages/Onboarding_Settings/input_SELECT COUNTRY_select-country"), "*"): Keys '*' sent to object: 'Object Repository/ADMIN/Edit Text/Bespoke/Buyer Pages/Onboarding_Settings/input_SELECT COUNTRY_select-country'

2020-03-20 09:42:39 - [MESSAGE][PASSED] - Keys '*' sent to object: 'Object Repository/ADMIN/Edit Text/Bespoke/Buyer Pages/Onboarding_Settings/input_SELECT COUNTRY_select-country'

2020-03-20 09:42:39 - [TEST_STEP][PASSED] - sendKeys(findTestObject("ADMIN/Edit Text/Bespoke/Buyer Pages/Onboarding_Settings/input_Select City"), "*"): Keys '*' sent to object: 'Object Repository/ADMIN/Edit Text/Bespoke/Buyer Pages/Onboarding_Settings/input_Select City'

2020-03-20 09:42:39 - [MESSAGE][PASSED] - Keys '*' sent to object: 'Object Repository/ADMIN/Edit Text/Bespoke/Buyer Pages/Onboarding_Settings/input_Select City'

2020-03-20 09:42:39 - [TEST_STEP][PASSED] - sendKeys(findTestObject("ADMIN/Edit Text/Bespoke/Buyer Pages/Onboarding_Settings/input_ADD ADDRESS_btn_add"), "*"): Keys '*' sent to object: 'Object Repository/ADMIN/Edit Text/Bespoke/Buyer Pages/Onboarding_Settings/input_ADD ADDRESS_btn_add'

2020-03-20 09:42:39 - [MESSAGE][PASSED] - Keys '*' sent to object: 'Object Repository/ADMIN/Edit Text/Bespoke/Buyer Pages/Onboarding_Settings/input_ADD ADDRESS_btn_add'

2020-03-20 09:42:39 - [TEST_STEP][PASSED] - sendKeys(findTestObject("ADMIN/Edit Text/Bespoke/Buyer Pages/Onboarding_Settings/input_SAVED ADDRESSES_address-saved"), "*"): Keys '*' sent to object: 'Object Repository/ADMIN/Edit Text/Bespoke/Buyer Pages/Onboarding_Settings/input_SAVED ADDRESSES_address-saved'

2020-03-20 09:42:39 - [MESSAGE][PASSED] - Keys '*' sent to object: 'Object Repository/ADMIN/Edit Text/Bespoke/Buyer Pages/Onboarding_Settings/input_SAVED ADDRESSES_address-saved'

2020-03-20 09:42:39 - [TEST_STEP][PASSED] - sendKeys(findTestObject("ADMIN/Edit Text/Bespoke/Buyer Pages/Onboarding_Settings/input_SAVE_btn_next"), "*"): Keys '*' sent to object: 'Object Repository/ADMIN/Edit Text/Bespoke/Buyer Pages/Onboarding_Settings/input_SAVE_btn_next'

2020-03-20 09:42:40 - [MESSAGE][PASSED] - Keys '*' sent to object: 'Object Repository/ADMIN/Edit Text/Bespoke/Buyer Pages/Onboarding_Settings/input_SAVE_btn_next'

2020-03-20 09:42:40 - [TEST_STEP][PASSED] - sendKeys(findTestObject("ADMIN/Edit Text/Bespoke/Buyer Pages/Onboarding_Settings/input_Are you sure want to delete_popup-title"), "*"): Keys '*' sent to object: 'Object Repository/ADMIN/Edit Text/Bespoke/Buyer Pages/Onboarding_Settings/input_Are you sure want to delete_popup-title'

2020-03-20 09:42:40 - [MESSAGE][PASSED] - Keys '*' sent to object: 'Object Repository/ADMIN/Edit Text/Bespoke/Buyer Pages/Onboarding_Settings/input_Are you sure want to delete_popup-title'

2020-03-20 09:42:40 - [TEST_STEP][PASSED] - sendKeys(findTestObject("ADMIN/Edit Text/Bespoke/Buyer Pages/Onboarding_Settings/input_CANCEL_btn_cancel"), "*"): Keys '*' sent to object: 'Object Repository/ADMIN/Edit Text/Bespoke/Buyer Pages/Onboarding_Settings/input_CANCEL_btn_cancel'

2020-03-20 09:42:40 - [MESSAGE][PASSED] - Keys '*' sent to object: 'Object Repository/ADMIN/Edit Text/Bespoke/Buyer Pages/Onboarding_Settings/input_CANCEL_btn_cancel'

2020-03-20 09:42:40 - [TEST_STEP][PASSED] - sendKeys(findTestObject("ADMIN/Edit Text/Bespoke/Buyer Pages/Onboarding_Settings/input_OK_btn_okay"), "*"): Keys '*' sent to object: 'Object Repository/ADMIN/Edit Text/Bespoke/Buyer Pages/Onboarding_Settings/input_OK_btn_okay'

2020-03-20 09:42:40 - [MESSAGE][PASSED] - Keys '*' sent to object: 'Object Repository/ADMIN/Edit Text/Bespoke/Buyer Pages/Onboarding_Settings/input_OK_btn_okay'

2020-03-20 09:42:40 - [TEST_STEP][PASSED] - click(findTestObject("ADMIN/Edit Text/Bespoke/Buyer Pages/Homepage/button_save"), CONTINUE_ON_FAILURE): Object: 'Object Repository/ADMIN/Edit Text/Bespoke/Buyer Pages/Homepage/button_save' is clicked on

2020-03-20 09:42:40 - [MESSAGE][PASSED] - Object: 'Object Repository/ADMIN/Edit Text/Bespoke/Buyer Pages/Homepage/button_save' is clicked on

2020-03-20 09:42:40 - [TEST_STEP][PASSED] - waitForElementVisible(findTestObject("ADMIN/Edit Text/Bespoke/Buyer Pages/Homepage/toaster_success"), 0): Object 'Object Repository/ADMIN/Edit Text/Bespoke/Buyer Pages/Homepage/toaster_success' is visible

2020-03-20 09:42:40 - [MESSAGE][WARNING] - Timeout '0' is invalid. Using default page load timeout: '30'

2020-03-20 09:42:41 - [MESSAGE][PASSED] - Object 'Object Repository/ADMIN/Edit Text/Bespoke/Buyer Pages/Homepage/toaster_success' is visible]]></system-out>
         <system-err><![CDATA[]]></system-err>
      </testcase>
      <testcase name="Test Cases/ADMIN/Language/Edit Text/Bespoke/Buyer Pages/Onboarding_Settings" time="6.522" classname="Test Cases/ADMIN/Language/Edit Text/Bespoke/Buyer Pages/Onboarding_Settings" status="PASSED">
         <system-out><![CDATA[2020-03-20 09:42:41 - [TEST_CASE][PASSED] - Test Cases/ADMIN/Language/Edit Text/Bespoke/Buyer Pages/Onboarding_Settings: Test Cases/ADMIN/Language/Edit Text/Bespoke/Buyer Pages/Onboarding_Settings

2020-03-20 09:42:41 - [TEST_STEP][PASSED] - waitForElementVisible(findTestObject("ADMIN/Edit Text/Bespoke/Buyer Navigation/dd_language"), 0): Object 'Object Repository/ADMIN/Edit Text/Bespoke/Buyer Navigation/dd_language' is visible

2020-03-20 09:42:41 - [MESSAGE][WARNING] - Timeout '0' is invalid. Using default page load timeout: '30'

2020-03-20 09:42:41 - [MESSAGE][PASSED] - Object 'Object Repository/ADMIN/Edit Text/Bespoke/Buyer Navigation/dd_language' is visible

2020-03-20 09:42:41 - [TEST_STEP][PASSED] - selectOptionByLabel(findTestObject("ADMIN/Edit Text/Bespoke/Buyer Navigation/dd_language"), varLanguage, false): All options with label 'Dutch' are selected in object 'Object Repository/ADMIN/Edit Text/Bespoke/Buyer Navigation/dd_language' 

2020-03-20 09:42:42 - [MESSAGE][PASSED] - All options with label 'Dutch' are selected in object 'Object Repository/ADMIN/Edit Text/Bespoke/Buyer Navigation/dd_language' 

2020-03-20 09:42:42 - [TEST_STEP][PASSED] - sendKeys(findTestObject("ADMIN/Edit Text/Bespoke/Buyer Pages/Onboarding_Settings/input_USER SETTINGS_marketplace-name"), "*"): Keys '*' sent to object: 'Object Repository/ADMIN/Edit Text/Bespoke/Buyer Pages/Onboarding_Settings/input_USER SETTINGS_marketplace-name'

2020-03-20 09:42:43 - [MESSAGE][PASSED] - Keys '*' sent to object: 'Object Repository/ADMIN/Edit Text/Bespoke/Buyer Pages/Onboarding_Settings/input_USER SETTINGS_marketplace-name'

2020-03-20 09:42:43 - [TEST_STEP][PASSED] - sendKeys(findTestObject("ADMIN/Edit Text/Bespoke/Buyer Pages/Onboarding_Settings/input_Configure your profile and your settings here_item_details"), "*"): Keys '*' sent to object: 'Object Repository/ADMIN/Edit Text/Bespoke/Buyer Pages/Onboarding_Settings/input_Configure your profile and your settings here_item_details'

2020-03-20 09:42:43 - [MESSAGE][PASSED] - Keys '*' sent to object: 'Object Repository/ADMIN/Edit Text/Bespoke/Buyer Pages/Onboarding_Settings/input_Configure your profile and your settings here_item_details'

2020-03-20 09:42:43 - [TEST_STEP][PASSED] - sendKeys(findTestObject("ADMIN/Edit Text/Bespoke/Buyer Pages/Onboarding_Settings/input_PROFILE_tab-title"), "*"): Keys '*' sent to object: 'Object Repository/ADMIN/Edit Text/Bespoke/Buyer Pages/Onboarding_Settings/input_PROFILE_tab-title'

2020-03-20 09:42:44 - [MESSAGE][PASSED] - Keys '*' sent to object: 'Object Repository/ADMIN/Edit Text/Bespoke/Buyer Pages/Onboarding_Settings/input_PROFILE_tab-title'

2020-03-20 09:42:44 - [TEST_STEP][PASSED] - sendKeys(findTestObject("ADMIN/Edit Text/Bespoke/Buyer Pages/Onboarding_Settings/input_CHANGE_btn_upload"), "*"): Keys '*' sent to object: 'Object Repository/ADMIN/Edit Text/Bespoke/Buyer Pages/Onboarding_Settings/input_CHANGE_btn_upload'

2020-03-20 09:42:44 - [MESSAGE][PASSED] - Keys '*' sent to object: 'Object Repository/ADMIN/Edit Text/Bespoke/Buyer Pages/Onboarding_Settings/input_CHANGE_btn_upload'

2020-03-20 09:42:44 - [TEST_STEP][PASSED] - sendKeys(findTestObject("ADMIN/Edit Text/Bespoke/Buyer Pages/Onboarding_Settings/input_DISPLAY NAME_display-name"), "*"): Keys '*' sent to object: 'Object Repository/ADMIN/Edit Text/Bespoke/Buyer Pages/Onboarding_Settings/input_DISPLAY NAME_display-name'

2020-03-20 09:42:44 - [MESSAGE][PASSED] - Keys '*' sent to object: 'Object Repository/ADMIN/Edit Text/Bespoke/Buyer Pages/Onboarding_Settings/input_DISPLAY NAME_display-name'

2020-03-20 09:42:44 - [TEST_STEP][PASSED] - sendKeys(findTestObject("ADMIN/Edit Text/Bespoke/Buyer Pages/Onboarding_Settings/input_FIRST NAME_first-name"), "*"): Keys '*' sent to object: 'Object Repository/ADMIN/Edit Text/Bespoke/Buyer Pages/Onboarding_Settings/input_FIRST NAME_first-name'

2020-03-20 09:42:44 - [MESSAGE][PASSED] - Keys '*' sent to object: 'Object Repository/ADMIN/Edit Text/Bespoke/Buyer Pages/Onboarding_Settings/input_FIRST NAME_first-name'

2020-03-20 09:42:44 - [TEST_STEP][PASSED] - sendKeys(findTestObject("ADMIN/Edit Text/Bespoke/Buyer Pages/Onboarding_Settings/input_LAST NAME_last-name"), "*"): Keys '*' sent to object: 'Object Repository/ADMIN/Edit Text/Bespoke/Buyer Pages/Onboarding_Settings/input_LAST NAME_last-name'

2020-03-20 09:42:44 - [MESSAGE][PASSED] - Keys '*' sent to object: 'Object Repository/ADMIN/Edit Text/Bespoke/Buyer Pages/Onboarding_Settings/input_LAST NAME_last-name'

2020-03-20 09:42:44 - [TEST_STEP][PASSED] - sendKeys(findTestObject("ADMIN/Edit Text/Bespoke/Buyer Pages/Onboarding_Settings/input_NOTIFICATION EMAIL_notification-email"), "*"): Keys '*' sent to object: 'Object Repository/ADMIN/Edit Text/Bespoke/Buyer Pages/Onboarding_Settings/input_NOTIFICATION EMAIL_notification-email'

2020-03-20 09:42:44 - [MESSAGE][PASSED] - Keys '*' sent to object: 'Object Repository/ADMIN/Edit Text/Bespoke/Buyer Pages/Onboarding_Settings/input_NOTIFICATION EMAIL_notification-email'

2020-03-20 09:42:44 - [TEST_STEP][PASSED] - sendKeys(findTestObject("ADMIN/Edit Text/Bespoke/Buyer Pages/Onboarding_Settings/input_CONTACT NUMBER_contact-number"), "*"): Keys '*' sent to object: 'Object Repository/ADMIN/Edit Text/Bespoke/Buyer Pages/Onboarding_Settings/input_CONTACT NUMBER_contact-number'

2020-03-20 09:42:45 - [MESSAGE][PASSED] - Keys '*' sent to object: 'Object Repository/ADMIN/Edit Text/Bespoke/Buyer Pages/Onboarding_Settings/input_CONTACT NUMBER_contact-number'

2020-03-20 09:42:45 - [TEST_STEP][PASSED] - sendKeys(findTestObject("ADMIN/Edit Text/Bespoke/Buyer Pages/Onboarding_Settings/input_OPENID LOGIN_open-id-login"), "*"): Keys '*' sent to object: 'Object Repository/ADMIN/Edit Text/Bespoke/Buyer Pages/Onboarding_Settings/input_OPENID LOGIN_open-id-login'

2020-03-20 09:42:45 - [MESSAGE][PASSED] - Keys '*' sent to object: 'Object Repository/ADMIN/Edit Text/Bespoke/Buyer Pages/Onboarding_Settings/input_OPENID LOGIN_open-id-login'

2020-03-20 09:42:45 - [TEST_STEP][PASSED] - sendKeys(findTestObject("ADMIN/Edit Text/Bespoke/Buyer Pages/Onboarding_Settings/input_NEXT_btn_next"), "*"): Keys '*' sent to object: 'Object Repository/ADMIN/Edit Text/Bespoke/Buyer Pages/Onboarding_Settings/input_NEXT_btn_next'

2020-03-20 09:42:45 - [MESSAGE][PASSED] - Keys '*' sent to object: 'Object Repository/ADMIN/Edit Text/Bespoke/Buyer Pages/Onboarding_Settings/input_NEXT_btn_next'

2020-03-20 09:42:45 - [TEST_STEP][PASSED] - sendKeys(findTestObject("ADMIN/Edit Text/Bespoke/Buyer Pages/Onboarding_Settings/input_ADDRESS_tab-title"), "*"): Keys '*' sent to object: 'Object Repository/ADMIN/Edit Text/Bespoke/Buyer Pages/Onboarding_Settings/input_ADDRESS_tab-title'

2020-03-20 09:42:45 - [MESSAGE][PASSED] - Keys '*' sent to object: 'Object Repository/ADMIN/Edit Text/Bespoke/Buyer Pages/Onboarding_Settings/input_ADDRESS_tab-title'

2020-03-20 09:42:45 - [TEST_STEP][PASSED] - sendKeys(findTestObject("ADMIN/Edit Text/Bespoke/Buyer Pages/Onboarding_Settings/input_NEW DELIVERY ADDRESS_new-delivery-address"), "*"): Keys '*' sent to object: 'Object Repository/ADMIN/Edit Text/Bespoke/Buyer Pages/Onboarding_Settings/input_NEW DELIVERY ADDRESS_new-delivery-address'

2020-03-20 09:42:45 - [MESSAGE][PASSED] - Keys '*' sent to object: 'Object Repository/ADMIN/Edit Text/Bespoke/Buyer Pages/Onboarding_Settings/input_NEW DELIVERY ADDRESS_new-delivery-address'

2020-03-20 09:42:45 - [TEST_STEP][PASSED] - sendKeys(findTestObject("ADMIN/Edit Text/Bespoke/Buyer Pages/Onboarding_Settings/input_ADDRESSEE FIRST NAME_addressee-first-name"), "*"): Keys '*' sent to object: 'Object Repository/ADMIN/Edit Text/Bespoke/Buyer Pages/Onboarding_Settings/input_ADDRESSEE FIRST NAME_addressee-first-name'

2020-03-20 09:42:45 - [MESSAGE][PASSED] - Keys '*' sent to object: 'Object Repository/ADMIN/Edit Text/Bespoke/Buyer Pages/Onboarding_Settings/input_ADDRESSEE FIRST NAME_addressee-first-name'

2020-03-20 09:42:45 - [TEST_STEP][PASSED] - sendKeys(findTestObject("ADMIN/Edit Text/Bespoke/Buyer Pages/Onboarding_Settings/input_ADDRESSEE LAST NAME_addressee-last-name"), "*"): Keys '*' sent to object: 'Object Repository/ADMIN/Edit Text/Bespoke/Buyer Pages/Onboarding_Settings/input_ADDRESSEE LAST NAME_addressee-last-name'

2020-03-20 09:42:45 - [MESSAGE][PASSED] - Keys '*' sent to object: 'Object Repository/ADMIN/Edit Text/Bespoke/Buyer Pages/Onboarding_Settings/input_ADDRESSEE LAST NAME_addressee-last-name'

2020-03-20 09:42:45 - [TEST_STEP][PASSED] - sendKeys(findTestObject("ADMIN/Edit Text/Bespoke/Buyer Pages/Onboarding_Settings/input_ADDRESS_address"), "*"): Keys '*' sent to object: 'Object Repository/ADMIN/Edit Text/Bespoke/Buyer Pages/Onboarding_Settings/input_ADDRESS_address'

2020-03-20 09:42:45 - [MESSAGE][PASSED] - Keys '*' sent to object: 'Object Repository/ADMIN/Edit Text/Bespoke/Buyer Pages/Onboarding_Settings/input_ADDRESS_address'

2020-03-20 09:42:45 - [TEST_STEP][PASSED] - sendKeys(findTestObject("ADMIN/Edit Text/Bespoke/Buyer Pages/Onboarding_Settings/input_COUNTRY_address-country"), "*"): Keys '*' sent to object: 'Object Repository/ADMIN/Edit Text/Bespoke/Buyer Pages/Onboarding_Settings/input_COUNTRY_address-country'

2020-03-20 09:42:46 - [MESSAGE][PASSED] - Keys '*' sent to object: 'Object Repository/ADMIN/Edit Text/Bespoke/Buyer Pages/Onboarding_Settings/input_COUNTRY_address-country'

2020-03-20 09:42:46 - [TEST_STEP][PASSED] - sendKeys(findTestObject("ADMIN/Edit Text/Bespoke/Buyer Pages/Onboarding_Settings/input_State_address-state"), "*"): Keys '*' sent to object: 'Object Repository/ADMIN/Edit Text/Bespoke/Buyer Pages/Onboarding_Settings/input_State_address-state'

2020-03-20 09:42:46 - [MESSAGE][PASSED] - Keys '*' sent to object: 'Object Repository/ADMIN/Edit Text/Bespoke/Buyer Pages/Onboarding_Settings/input_State_address-state'

2020-03-20 09:42:46 - [TEST_STEP][PASSED] - sendKeys(findTestObject("ADMIN/Edit Text/Bespoke/Buyer Pages/Onboarding_Settings/input_CITY_address-city"), "*"): Keys '*' sent to object: 'Object Repository/ADMIN/Edit Text/Bespoke/Buyer Pages/Onboarding_Settings/input_CITY_address-city'

2020-03-20 09:42:46 - [MESSAGE][PASSED] - Keys '*' sent to object: 'Object Repository/ADMIN/Edit Text/Bespoke/Buyer Pages/Onboarding_Settings/input_CITY_address-city'

2020-03-20 09:42:46 - [TEST_STEP][PASSED] - sendKeys(findTestObject("ADMIN/Edit Text/Bespoke/Buyer Pages/Onboarding_Settings/input_POSTAL CODE_address-postalcode"), "*"): Keys '*' sent to object: 'Object Repository/ADMIN/Edit Text/Bespoke/Buyer Pages/Onboarding_Settings/input_POSTAL CODE_address-postalcode'

2020-03-20 09:42:46 - [MESSAGE][PASSED] - Keys '*' sent to object: 'Object Repository/ADMIN/Edit Text/Bespoke/Buyer Pages/Onboarding_Settings/input_POSTAL CODE_address-postalcode'

2020-03-20 09:42:46 - [TEST_STEP][PASSED] - sendKeys(findTestObject("ADMIN/Edit Text/Bespoke/Buyer Pages/Onboarding_Settings/input_SELECT COUNTRY_select-country"), "*"): Keys '*' sent to object: 'Object Repository/ADMIN/Edit Text/Bespoke/Buyer Pages/Onboarding_Settings/input_SELECT COUNTRY_select-country'

2020-03-20 09:42:46 - [MESSAGE][PASSED] - Keys '*' sent to object: 'Object Repository/ADMIN/Edit Text/Bespoke/Buyer Pages/Onboarding_Settings/input_SELECT COUNTRY_select-country'

2020-03-20 09:42:46 - [TEST_STEP][PASSED] - sendKeys(findTestObject("ADMIN/Edit Text/Bespoke/Buyer Pages/Onboarding_Settings/input_Select City"), "*"): Keys '*' sent to object: 'Object Repository/ADMIN/Edit Text/Bespoke/Buyer Pages/Onboarding_Settings/input_Select City'

2020-03-20 09:42:46 - [MESSAGE][PASSED] - Keys '*' sent to object: 'Object Repository/ADMIN/Edit Text/Bespoke/Buyer Pages/Onboarding_Settings/input_Select City'

2020-03-20 09:42:46 - [TEST_STEP][PASSED] - sendKeys(findTestObject("ADMIN/Edit Text/Bespoke/Buyer Pages/Onboarding_Settings/input_ADD ADDRESS_btn_add"), "*"): Keys '*' sent to object: 'Object Repository/ADMIN/Edit Text/Bespoke/Buyer Pages/Onboarding_Settings/input_ADD ADDRESS_btn_add'

2020-03-20 09:42:46 - [MESSAGE][PASSED] - Keys '*' sent to object: 'Object Repository/ADMIN/Edit Text/Bespoke/Buyer Pages/Onboarding_Settings/input_ADD ADDRESS_btn_add'

2020-03-20 09:42:46 - [TEST_STEP][PASSED] - sendKeys(findTestObject("ADMIN/Edit Text/Bespoke/Buyer Pages/Onboarding_Settings/input_SAVED ADDRESSES_address-saved"), "*"): Keys '*' sent to object: 'Object Repository/ADMIN/Edit Text/Bespoke/Buyer Pages/Onboarding_Settings/input_SAVED ADDRESSES_address-saved'

2020-03-20 09:42:46 - [MESSAGE][PASSED] - Keys '*' sent to object: 'Object Repository/ADMIN/Edit Text/Bespoke/Buyer Pages/Onboarding_Settings/input_SAVED ADDRESSES_address-saved'

2020-03-20 09:42:46 - [TEST_STEP][PASSED] - sendKeys(findTestObject("ADMIN/Edit Text/Bespoke/Buyer Pages/Onboarding_Settings/input_SAVE_btn_next"), "*"): Keys '*' sent to object: 'Object Repository/ADMIN/Edit Text/Bespoke/Buyer Pages/Onboarding_Settings/input_SAVE_btn_next'

2020-03-20 09:42:47 - [MESSAGE][PASSED] - Keys '*' sent to object: 'Object Repository/ADMIN/Edit Text/Bespoke/Buyer Pages/Onboarding_Settings/input_SAVE_btn_next'

2020-03-20 09:42:47 - [TEST_STEP][PASSED] - sendKeys(findTestObject("ADMIN/Edit Text/Bespoke/Buyer Pages/Onboarding_Settings/input_Are you sure want to delete_popup-title"), "*"): Keys '*' sent to object: 'Object Repository/ADMIN/Edit Text/Bespoke/Buyer Pages/Onboarding_Settings/input_Are you sure want to delete_popup-title'

2020-03-20 09:42:47 - [MESSAGE][PASSED] - Keys '*' sent to object: 'Object Repository/ADMIN/Edit Text/Bespoke/Buyer Pages/Onboarding_Settings/input_Are you sure want to delete_popup-title'

2020-03-20 09:42:47 - [TEST_STEP][PASSED] - sendKeys(findTestObject("ADMIN/Edit Text/Bespoke/Buyer Pages/Onboarding_Settings/input_CANCEL_btn_cancel"), "*"): Keys '*' sent to object: 'Object Repository/ADMIN/Edit Text/Bespoke/Buyer Pages/Onboarding_Settings/input_CANCEL_btn_cancel'

2020-03-20 09:42:47 - [MESSAGE][PASSED] - Keys '*' sent to object: 'Object Repository/ADMIN/Edit Text/Bespoke/Buyer Pages/Onboarding_Settings/input_CANCEL_btn_cancel'

2020-03-20 09:42:47 - [TEST_STEP][PASSED] - sendKeys(findTestObject("ADMIN/Edit Text/Bespoke/Buyer Pages/Onboarding_Settings/input_OK_btn_okay"), "*"): Keys '*' sent to object: 'Object Repository/ADMIN/Edit Text/Bespoke/Buyer Pages/Onboarding_Settings/input_OK_btn_okay'

2020-03-20 09:42:47 - [MESSAGE][PASSED] - Keys '*' sent to object: 'Object Repository/ADMIN/Edit Text/Bespoke/Buyer Pages/Onboarding_Settings/input_OK_btn_okay'

2020-03-20 09:42:47 - [TEST_STEP][PASSED] - click(findTestObject("ADMIN/Edit Text/Bespoke/Buyer Pages/Homepage/button_save"), CONTINUE_ON_FAILURE): Object: 'Object Repository/ADMIN/Edit Text/Bespoke/Buyer Pages/Homepage/button_save' is clicked on

2020-03-20 09:42:47 - [MESSAGE][PASSED] - Object: 'Object Repository/ADMIN/Edit Text/Bespoke/Buyer Pages/Homepage/button_save' is clicked on

2020-03-20 09:42:47 - [TEST_STEP][PASSED] - waitForElementVisible(findTestObject("ADMIN/Edit Text/Bespoke/Buyer Pages/Homepage/toaster_success"), 0): Object 'Object Repository/ADMIN/Edit Text/Bespoke/Buyer Pages/Homepage/toaster_success' is visible

2020-03-20 09:42:47 - [MESSAGE][WARNING] - Timeout '0' is invalid. Using default page load timeout: '30'

2020-03-20 09:42:47 - [MESSAGE][PASSED] - Object 'Object Repository/ADMIN/Edit Text/Bespoke/Buyer Pages/Homepage/toaster_success' is visible]]></system-out>
         <system-err><![CDATA[]]></system-err>
      </testcase>
      <testcase name="Test Cases/ADMIN/Language/Edit Text/Bespoke/Buyer Pages/Onboarding_Settings" time="7.118" classname="Test Cases/ADMIN/Language/Edit Text/Bespoke/Buyer Pages/Onboarding_Settings" status="PASSED">
         <system-out><![CDATA[2020-03-20 09:42:47 - [TEST_CASE][PASSED] - Test Cases/ADMIN/Language/Edit Text/Bespoke/Buyer Pages/Onboarding_Settings: Test Cases/ADMIN/Language/Edit Text/Bespoke/Buyer Pages/Onboarding_Settings

2020-03-20 09:42:47 - [TEST_STEP][PASSED] - waitForElementVisible(findTestObject("ADMIN/Edit Text/Bespoke/Buyer Navigation/dd_language"), 0): Object 'Object Repository/ADMIN/Edit Text/Bespoke/Buyer Navigation/dd_language' is visible

2020-03-20 09:42:48 - [MESSAGE][WARNING] - Timeout '0' is invalid. Using default page load timeout: '30'

2020-03-20 09:42:48 - [MESSAGE][PASSED] - Object 'Object Repository/ADMIN/Edit Text/Bespoke/Buyer Navigation/dd_language' is visible

2020-03-20 09:42:48 - [TEST_STEP][PASSED] - selectOptionByLabel(findTestObject("ADMIN/Edit Text/Bespoke/Buyer Navigation/dd_language"), varLanguage, false): All options with label 'Swedish' are selected in object 'Object Repository/ADMIN/Edit Text/Bespoke/Buyer Navigation/dd_language' 

2020-03-20 09:42:49 - [MESSAGE][PASSED] - All options with label 'Swedish' are selected in object 'Object Repository/ADMIN/Edit Text/Bespoke/Buyer Navigation/dd_language' 

2020-03-20 09:42:49 - [TEST_STEP][PASSED] - sendKeys(findTestObject("ADMIN/Edit Text/Bespoke/Buyer Pages/Onboarding_Settings/input_USER SETTINGS_marketplace-name"), "*"): Keys '*' sent to object: 'Object Repository/ADMIN/Edit Text/Bespoke/Buyer Pages/Onboarding_Settings/input_USER SETTINGS_marketplace-name'

2020-03-20 09:42:49 - [MESSAGE][PASSED] - Keys '*' sent to object: 'Object Repository/ADMIN/Edit Text/Bespoke/Buyer Pages/Onboarding_Settings/input_USER SETTINGS_marketplace-name'

2020-03-20 09:42:49 - [TEST_STEP][PASSED] - sendKeys(findTestObject("ADMIN/Edit Text/Bespoke/Buyer Pages/Onboarding_Settings/input_Configure your profile and your settings here_item_details"), "*"): Keys '*' sent to object: 'Object Repository/ADMIN/Edit Text/Bespoke/Buyer Pages/Onboarding_Settings/input_Configure your profile and your settings here_item_details'

2020-03-20 09:42:50 - [MESSAGE][PASSED] - Keys '*' sent to object: 'Object Repository/ADMIN/Edit Text/Bespoke/Buyer Pages/Onboarding_Settings/input_Configure your profile and your settings here_item_details'

2020-03-20 09:42:50 - [TEST_STEP][PASSED] - sendKeys(findTestObject("ADMIN/Edit Text/Bespoke/Buyer Pages/Onboarding_Settings/input_PROFILE_tab-title"), "*"): Keys '*' sent to object: 'Object Repository/ADMIN/Edit Text/Bespoke/Buyer Pages/Onboarding_Settings/input_PROFILE_tab-title'

2020-03-20 09:42:50 - [MESSAGE][PASSED] - Keys '*' sent to object: 'Object Repository/ADMIN/Edit Text/Bespoke/Buyer Pages/Onboarding_Settings/input_PROFILE_tab-title'

2020-03-20 09:42:50 - [TEST_STEP][PASSED] - sendKeys(findTestObject("ADMIN/Edit Text/Bespoke/Buyer Pages/Onboarding_Settings/input_CHANGE_btn_upload"), "*"): Keys '*' sent to object: 'Object Repository/ADMIN/Edit Text/Bespoke/Buyer Pages/Onboarding_Settings/input_CHANGE_btn_upload'

2020-03-20 09:42:50 - [MESSAGE][PASSED] - Keys '*' sent to object: 'Object Repository/ADMIN/Edit Text/Bespoke/Buyer Pages/Onboarding_Settings/input_CHANGE_btn_upload'

2020-03-20 09:42:50 - [TEST_STEP][PASSED] - sendKeys(findTestObject("ADMIN/Edit Text/Bespoke/Buyer Pages/Onboarding_Settings/input_DISPLAY NAME_display-name"), "*"): Keys '*' sent to object: 'Object Repository/ADMIN/Edit Text/Bespoke/Buyer Pages/Onboarding_Settings/input_DISPLAY NAME_display-name'

2020-03-20 09:42:50 - [MESSAGE][PASSED] - Keys '*' sent to object: 'Object Repository/ADMIN/Edit Text/Bespoke/Buyer Pages/Onboarding_Settings/input_DISPLAY NAME_display-name'

2020-03-20 09:42:50 - [TEST_STEP][PASSED] - sendKeys(findTestObject("ADMIN/Edit Text/Bespoke/Buyer Pages/Onboarding_Settings/input_FIRST NAME_first-name"), "*"): Keys '*' sent to object: 'Object Repository/ADMIN/Edit Text/Bespoke/Buyer Pages/Onboarding_Settings/input_FIRST NAME_first-name'

2020-03-20 09:42:51 - [MESSAGE][PASSED] - Keys '*' sent to object: 'Object Repository/ADMIN/Edit Text/Bespoke/Buyer Pages/Onboarding_Settings/input_FIRST NAME_first-name'

2020-03-20 09:42:51 - [TEST_STEP][PASSED] - sendKeys(findTestObject("ADMIN/Edit Text/Bespoke/Buyer Pages/Onboarding_Settings/input_LAST NAME_last-name"), "*"): Keys '*' sent to object: 'Object Repository/ADMIN/Edit Text/Bespoke/Buyer Pages/Onboarding_Settings/input_LAST NAME_last-name'

2020-03-20 09:42:51 - [MESSAGE][PASSED] - Keys '*' sent to object: 'Object Repository/ADMIN/Edit Text/Bespoke/Buyer Pages/Onboarding_Settings/input_LAST NAME_last-name'

2020-03-20 09:42:51 - [TEST_STEP][PASSED] - sendKeys(findTestObject("ADMIN/Edit Text/Bespoke/Buyer Pages/Onboarding_Settings/input_NOTIFICATION EMAIL_notification-email"), "*"): Keys '*' sent to object: 'Object Repository/ADMIN/Edit Text/Bespoke/Buyer Pages/Onboarding_Settings/input_NOTIFICATION EMAIL_notification-email'

2020-03-20 09:42:51 - [MESSAGE][PASSED] - Keys '*' sent to object: 'Object Repository/ADMIN/Edit Text/Bespoke/Buyer Pages/Onboarding_Settings/input_NOTIFICATION EMAIL_notification-email'

2020-03-20 09:42:51 - [TEST_STEP][PASSED] - sendKeys(findTestObject("ADMIN/Edit Text/Bespoke/Buyer Pages/Onboarding_Settings/input_CONTACT NUMBER_contact-number"), "*"): Keys '*' sent to object: 'Object Repository/ADMIN/Edit Text/Bespoke/Buyer Pages/Onboarding_Settings/input_CONTACT NUMBER_contact-number'

2020-03-20 09:42:51 - [MESSAGE][PASSED] - Keys '*' sent to object: 'Object Repository/ADMIN/Edit Text/Bespoke/Buyer Pages/Onboarding_Settings/input_CONTACT NUMBER_contact-number'

2020-03-20 09:42:51 - [TEST_STEP][PASSED] - sendKeys(findTestObject("ADMIN/Edit Text/Bespoke/Buyer Pages/Onboarding_Settings/input_OPENID LOGIN_open-id-login"), "*"): Keys '*' sent to object: 'Object Repository/ADMIN/Edit Text/Bespoke/Buyer Pages/Onboarding_Settings/input_OPENID LOGIN_open-id-login'

2020-03-20 09:42:51 - [MESSAGE][PASSED] - Keys '*' sent to object: 'Object Repository/ADMIN/Edit Text/Bespoke/Buyer Pages/Onboarding_Settings/input_OPENID LOGIN_open-id-login'

2020-03-20 09:42:51 - [TEST_STEP][PASSED] - sendKeys(findTestObject("ADMIN/Edit Text/Bespoke/Buyer Pages/Onboarding_Settings/input_NEXT_btn_next"), "*"): Keys '*' sent to object: 'Object Repository/ADMIN/Edit Text/Bespoke/Buyer Pages/Onboarding_Settings/input_NEXT_btn_next'

2020-03-20 09:42:51 - [MESSAGE][PASSED] - Keys '*' sent to object: 'Object Repository/ADMIN/Edit Text/Bespoke/Buyer Pages/Onboarding_Settings/input_NEXT_btn_next'

2020-03-20 09:42:51 - [TEST_STEP][PASSED] - sendKeys(findTestObject("ADMIN/Edit Text/Bespoke/Buyer Pages/Onboarding_Settings/input_ADDRESS_tab-title"), "*"): Keys '*' sent to object: 'Object Repository/ADMIN/Edit Text/Bespoke/Buyer Pages/Onboarding_Settings/input_ADDRESS_tab-title'

2020-03-20 09:42:52 - [MESSAGE][PASSED] - Keys '*' sent to object: 'Object Repository/ADMIN/Edit Text/Bespoke/Buyer Pages/Onboarding_Settings/input_ADDRESS_tab-title'

2020-03-20 09:42:52 - [TEST_STEP][PASSED] - sendKeys(findTestObject("ADMIN/Edit Text/Bespoke/Buyer Pages/Onboarding_Settings/input_NEW DELIVERY ADDRESS_new-delivery-address"), "*"): Keys '*' sent to object: 'Object Repository/ADMIN/Edit Text/Bespoke/Buyer Pages/Onboarding_Settings/input_NEW DELIVERY ADDRESS_new-delivery-address'

2020-03-20 09:42:52 - [MESSAGE][PASSED] - Keys '*' sent to object: 'Object Repository/ADMIN/Edit Text/Bespoke/Buyer Pages/Onboarding_Settings/input_NEW DELIVERY ADDRESS_new-delivery-address'

2020-03-20 09:42:52 - [TEST_STEP][PASSED] - sendKeys(findTestObject("ADMIN/Edit Text/Bespoke/Buyer Pages/Onboarding_Settings/input_ADDRESSEE FIRST NAME_addressee-first-name"), "*"): Keys '*' sent to object: 'Object Repository/ADMIN/Edit Text/Bespoke/Buyer Pages/Onboarding_Settings/input_ADDRESSEE FIRST NAME_addressee-first-name'

2020-03-20 09:42:52 - [MESSAGE][PASSED] - Keys '*' sent to object: 'Object Repository/ADMIN/Edit Text/Bespoke/Buyer Pages/Onboarding_Settings/input_ADDRESSEE FIRST NAME_addressee-first-name'

2020-03-20 09:42:52 - [TEST_STEP][PASSED] - sendKeys(findTestObject("ADMIN/Edit Text/Bespoke/Buyer Pages/Onboarding_Settings/input_ADDRESSEE LAST NAME_addressee-last-name"), "*"): Keys '*' sent to object: 'Object Repository/ADMIN/Edit Text/Bespoke/Buyer Pages/Onboarding_Settings/input_ADDRESSEE LAST NAME_addressee-last-name'

2020-03-20 09:42:52 - [MESSAGE][PASSED] - Keys '*' sent to object: 'Object Repository/ADMIN/Edit Text/Bespoke/Buyer Pages/Onboarding_Settings/input_ADDRESSEE LAST NAME_addressee-last-name'

2020-03-20 09:42:52 - [TEST_STEP][PASSED] - sendKeys(findTestObject("ADMIN/Edit Text/Bespoke/Buyer Pages/Onboarding_Settings/input_ADDRESS_address"), "*"): Keys '*' sent to object: 'Object Repository/ADMIN/Edit Text/Bespoke/Buyer Pages/Onboarding_Settings/input_ADDRESS_address'

2020-03-20 09:42:52 - [MESSAGE][PASSED] - Keys '*' sent to object: 'Object Repository/ADMIN/Edit Text/Bespoke/Buyer Pages/Onboarding_Settings/input_ADDRESS_address'

2020-03-20 09:42:52 - [TEST_STEP][PASSED] - sendKeys(findTestObject("ADMIN/Edit Text/Bespoke/Buyer Pages/Onboarding_Settings/input_COUNTRY_address-country"), "*"): Keys '*' sent to object: 'Object Repository/ADMIN/Edit Text/Bespoke/Buyer Pages/Onboarding_Settings/input_COUNTRY_address-country'

2020-03-20 09:42:52 - [MESSAGE][PASSED] - Keys '*' sent to object: 'Object Repository/ADMIN/Edit Text/Bespoke/Buyer Pages/Onboarding_Settings/input_COUNTRY_address-country'

2020-03-20 09:42:52 - [TEST_STEP][PASSED] - sendKeys(findTestObject("ADMIN/Edit Text/Bespoke/Buyer Pages/Onboarding_Settings/input_State_address-state"), "*"): Keys '*' sent to object: 'Object Repository/ADMIN/Edit Text/Bespoke/Buyer Pages/Onboarding_Settings/input_State_address-state'

2020-03-20 09:42:52 - [MESSAGE][PASSED] - Keys '*' sent to object: 'Object Repository/ADMIN/Edit Text/Bespoke/Buyer Pages/Onboarding_Settings/input_State_address-state'

2020-03-20 09:42:52 - [TEST_STEP][PASSED] - sendKeys(findTestObject("ADMIN/Edit Text/Bespoke/Buyer Pages/Onboarding_Settings/input_CITY_address-city"), "*"): Keys '*' sent to object: 'Object Repository/ADMIN/Edit Text/Bespoke/Buyer Pages/Onboarding_Settings/input_CITY_address-city'

2020-03-20 09:42:53 - [MESSAGE][PASSED] - Keys '*' sent to object: 'Object Repository/ADMIN/Edit Text/Bespoke/Buyer Pages/Onboarding_Settings/input_CITY_address-city'

2020-03-20 09:42:53 - [TEST_STEP][PASSED] - sendKeys(findTestObject("ADMIN/Edit Text/Bespoke/Buyer Pages/Onboarding_Settings/input_POSTAL CODE_address-postalcode"), "*"): Keys '*' sent to object: 'Object Repository/ADMIN/Edit Text/Bespoke/Buyer Pages/Onboarding_Settings/input_POSTAL CODE_address-postalcode'

2020-03-20 09:42:53 - [MESSAGE][PASSED] - Keys '*' sent to object: 'Object Repository/ADMIN/Edit Text/Bespoke/Buyer Pages/Onboarding_Settings/input_POSTAL CODE_address-postalcode'

2020-03-20 09:42:53 - [TEST_STEP][PASSED] - sendKeys(findTestObject("ADMIN/Edit Text/Bespoke/Buyer Pages/Onboarding_Settings/input_SELECT COUNTRY_select-country"), "*"): Keys '*' sent to object: 'Object Repository/ADMIN/Edit Text/Bespoke/Buyer Pages/Onboarding_Settings/input_SELECT COUNTRY_select-country'

2020-03-20 09:42:53 - [MESSAGE][PASSED] - Keys '*' sent to object: 'Object Repository/ADMIN/Edit Text/Bespoke/Buyer Pages/Onboarding_Settings/input_SELECT COUNTRY_select-country'

2020-03-20 09:42:53 - [TEST_STEP][PASSED] - sendKeys(findTestObject("ADMIN/Edit Text/Bespoke/Buyer Pages/Onboarding_Settings/input_Select City"), "*"): Keys '*' sent to object: 'Object Repository/ADMIN/Edit Text/Bespoke/Buyer Pages/Onboarding_Settings/input_Select City'

2020-03-20 09:42:53 - [MESSAGE][PASSED] - Keys '*' sent to object: 'Object Repository/ADMIN/Edit Text/Bespoke/Buyer Pages/Onboarding_Settings/input_Select City'

2020-03-20 09:42:53 - [TEST_STEP][PASSED] - sendKeys(findTestObject("ADMIN/Edit Text/Bespoke/Buyer Pages/Onboarding_Settings/input_ADD ADDRESS_btn_add"), "*"): Keys '*' sent to object: 'Object Repository/ADMIN/Edit Text/Bespoke/Buyer Pages/Onboarding_Settings/input_ADD ADDRESS_btn_add'

2020-03-20 09:42:53 - [MESSAGE][PASSED] - Keys '*' sent to object: 'Object Repository/ADMIN/Edit Text/Bespoke/Buyer Pages/Onboarding_Settings/input_ADD ADDRESS_btn_add'

2020-03-20 09:42:53 - [TEST_STEP][PASSED] - sendKeys(findTestObject("ADMIN/Edit Text/Bespoke/Buyer Pages/Onboarding_Settings/input_SAVED ADDRESSES_address-saved"), "*"): Keys '*' sent to object: 'Object Repository/ADMIN/Edit Text/Bespoke/Buyer Pages/Onboarding_Settings/input_SAVED ADDRESSES_address-saved'

2020-03-20 09:42:53 - [MESSAGE][PASSED] - Keys '*' sent to object: 'Object Repository/ADMIN/Edit Text/Bespoke/Buyer Pages/Onboarding_Settings/input_SAVED ADDRESSES_address-saved'

2020-03-20 09:42:53 - [TEST_STEP][PASSED] - sendKeys(findTestObject("ADMIN/Edit Text/Bespoke/Buyer Pages/Onboarding_Settings/input_SAVE_btn_next"), "*"): Keys '*' sent to object: 'Object Repository/ADMIN/Edit Text/Bespoke/Buyer Pages/Onboarding_Settings/input_SAVE_btn_next'

2020-03-20 09:42:53 - [MESSAGE][PASSED] - Keys '*' sent to object: 'Object Repository/ADMIN/Edit Text/Bespoke/Buyer Pages/Onboarding_Settings/input_SAVE_btn_next'

2020-03-20 09:42:53 - [TEST_STEP][PASSED] - sendKeys(findTestObject("ADMIN/Edit Text/Bespoke/Buyer Pages/Onboarding_Settings/input_Are you sure want to delete_popup-title"), "*"): Keys '*' sent to object: 'Object Repository/ADMIN/Edit Text/Bespoke/Buyer Pages/Onboarding_Settings/input_Are you sure want to delete_popup-title'

2020-03-20 09:42:54 - [MESSAGE][PASSED] - Keys '*' sent to object: 'Object Repository/ADMIN/Edit Text/Bespoke/Buyer Pages/Onboarding_Settings/input_Are you sure want to delete_popup-title'

2020-03-20 09:42:54 - [TEST_STEP][PASSED] - sendKeys(findTestObject("ADMIN/Edit Text/Bespoke/Buyer Pages/Onboarding_Settings/input_CANCEL_btn_cancel"), "*"): Keys '*' sent to object: 'Object Repository/ADMIN/Edit Text/Bespoke/Buyer Pages/Onboarding_Settings/input_CANCEL_btn_cancel'

2020-03-20 09:42:54 - [MESSAGE][PASSED] - Keys '*' sent to object: 'Object Repository/ADMIN/Edit Text/Bespoke/Buyer Pages/Onboarding_Settings/input_CANCEL_btn_cancel'

2020-03-20 09:42:54 - [TEST_STEP][PASSED] - sendKeys(findTestObject("ADMIN/Edit Text/Bespoke/Buyer Pages/Onboarding_Settings/input_OK_btn_okay"), "*"): Keys '*' sent to object: 'Object Repository/ADMIN/Edit Text/Bespoke/Buyer Pages/Onboarding_Settings/input_OK_btn_okay'

2020-03-20 09:42:54 - [MESSAGE][PASSED] - Keys '*' sent to object: 'Object Repository/ADMIN/Edit Text/Bespoke/Buyer Pages/Onboarding_Settings/input_OK_btn_okay'

2020-03-20 09:42:54 - [TEST_STEP][PASSED] - click(findTestObject("ADMIN/Edit Text/Bespoke/Buyer Pages/Homepage/button_save"), CONTINUE_ON_FAILURE): Object: 'Object Repository/ADMIN/Edit Text/Bespoke/Buyer Pages/Homepage/button_save' is clicked on

2020-03-20 09:42:54 - [MESSAGE][PASSED] - Object: 'Object Repository/ADMIN/Edit Text/Bespoke/Buyer Pages/Homepage/button_save' is clicked on

2020-03-20 09:42:54 - [TEST_STEP][PASSED] - waitForElementVisible(findTestObject("ADMIN/Edit Text/Bespoke/Buyer Pages/Homepage/toaster_success"), 0): Object 'Object Repository/ADMIN/Edit Text/Bespoke/Buyer Pages/Homepage/toaster_success' is visible

2020-03-20 09:42:54 - [MESSAGE][WARNING] - Timeout '0' is invalid. Using default page load timeout: '30'

2020-03-20 09:42:55 - [MESSAGE][PASSED] - Object 'Object Repository/ADMIN/Edit Text/Bespoke/Buyer Pages/Homepage/toaster_success' is visible]]></system-out>
         <system-err><![CDATA[]]></system-err>
      </testcase>
      <testcase name="Test Cases/ADMIN/Language/Edit Text/Bespoke/Buyer Pages/Onboarding_Settings" time="7.355" classname="Test Cases/ADMIN/Language/Edit Text/Bespoke/Buyer Pages/Onboarding_Settings" status="PASSED">
         <system-out><![CDATA[2020-03-20 09:42:55 - [TEST_CASE][PASSED] - Test Cases/ADMIN/Language/Edit Text/Bespoke/Buyer Pages/Onboarding_Settings: Test Cases/ADMIN/Language/Edit Text/Bespoke/Buyer Pages/Onboarding_Settings

2020-03-20 09:42:55 - [TEST_STEP][PASSED] - waitForElementVisible(findTestObject("ADMIN/Edit Text/Bespoke/Buyer Navigation/dd_language"), 0): Object 'Object Repository/ADMIN/Edit Text/Bespoke/Buyer Navigation/dd_language' is visible

2020-03-20 09:42:55 - [MESSAGE][WARNING] - Timeout '0' is invalid. Using default page load timeout: '30'

2020-03-20 09:42:55 - [MESSAGE][PASSED] - Object 'Object Repository/ADMIN/Edit Text/Bespoke/Buyer Navigation/dd_language' is visible

2020-03-20 09:42:55 - [TEST_STEP][PASSED] - selectOptionByLabel(findTestObject("ADMIN/Edit Text/Bespoke/Buyer Navigation/dd_language"), varLanguage, false): All options with label 'Chinese (Simplified)' are selected in object 'Object Repository/ADMIN/Edit Text/Bespoke/Buyer Navigation/dd_language' 

2020-03-20 09:42:56 - [MESSAGE][PASSED] - All options with label 'Chinese (Simplified)' are selected in object 'Object Repository/ADMIN/Edit Text/Bespoke/Buyer Navigation/dd_language' 

2020-03-20 09:42:56 - [TEST_STEP][PASSED] - sendKeys(findTestObject("ADMIN/Edit Text/Bespoke/Buyer Pages/Onboarding_Settings/input_USER SETTINGS_marketplace-name"), "*"): Keys '*' sent to object: 'Object Repository/ADMIN/Edit Text/Bespoke/Buyer Pages/Onboarding_Settings/input_USER SETTINGS_marketplace-name'

2020-03-20 09:42:57 - [MESSAGE][PASSED] - Keys '*' sent to object: 'Object Repository/ADMIN/Edit Text/Bespoke/Buyer Pages/Onboarding_Settings/input_USER SETTINGS_marketplace-name'

2020-03-20 09:42:57 - [TEST_STEP][PASSED] - sendKeys(findTestObject("ADMIN/Edit Text/Bespoke/Buyer Pages/Onboarding_Settings/input_Configure your profile and your settings here_item_details"), "*"): Keys '*' sent to object: 'Object Repository/ADMIN/Edit Text/Bespoke/Buyer Pages/Onboarding_Settings/input_Configure your profile and your settings here_item_details'

2020-03-20 09:42:57 - [MESSAGE][PASSED] - Keys '*' sent to object: 'Object Repository/ADMIN/Edit Text/Bespoke/Buyer Pages/Onboarding_Settings/input_Configure your profile and your settings here_item_details'

2020-03-20 09:42:57 - [TEST_STEP][PASSED] - sendKeys(findTestObject("ADMIN/Edit Text/Bespoke/Buyer Pages/Onboarding_Settings/input_PROFILE_tab-title"), "*"): Keys '*' sent to object: 'Object Repository/ADMIN/Edit Text/Bespoke/Buyer Pages/Onboarding_Settings/input_PROFILE_tab-title'

2020-03-20 09:42:57 - [MESSAGE][PASSED] - Keys '*' sent to object: 'Object Repository/ADMIN/Edit Text/Bespoke/Buyer Pages/Onboarding_Settings/input_PROFILE_tab-title'

2020-03-20 09:42:57 - [TEST_STEP][PASSED] - sendKeys(findTestObject("ADMIN/Edit Text/Bespoke/Buyer Pages/Onboarding_Settings/input_CHANGE_btn_upload"), "*"): Keys '*' sent to object: 'Object Repository/ADMIN/Edit Text/Bespoke/Buyer Pages/Onboarding_Settings/input_CHANGE_btn_upload'

2020-03-20 09:42:58 - [MESSAGE][PASSED] - Keys '*' sent to object: 'Object Repository/ADMIN/Edit Text/Bespoke/Buyer Pages/Onboarding_Settings/input_CHANGE_btn_upload'

2020-03-20 09:42:58 - [TEST_STEP][PASSED] - sendKeys(findTestObject("ADMIN/Edit Text/Bespoke/Buyer Pages/Onboarding_Settings/input_DISPLAY NAME_display-name"), "*"): Keys '*' sent to object: 'Object Repository/ADMIN/Edit Text/Bespoke/Buyer Pages/Onboarding_Settings/input_DISPLAY NAME_display-name'

2020-03-20 09:42:58 - [MESSAGE][PASSED] - Keys '*' sent to object: 'Object Repository/ADMIN/Edit Text/Bespoke/Buyer Pages/Onboarding_Settings/input_DISPLAY NAME_display-name'

2020-03-20 09:42:58 - [TEST_STEP][PASSED] - sendKeys(findTestObject("ADMIN/Edit Text/Bespoke/Buyer Pages/Onboarding_Settings/input_FIRST NAME_first-name"), "*"): Keys '*' sent to object: 'Object Repository/ADMIN/Edit Text/Bespoke/Buyer Pages/Onboarding_Settings/input_FIRST NAME_first-name'

2020-03-20 09:42:58 - [MESSAGE][PASSED] - Keys '*' sent to object: 'Object Repository/ADMIN/Edit Text/Bespoke/Buyer Pages/Onboarding_Settings/input_FIRST NAME_first-name'

2020-03-20 09:42:58 - [TEST_STEP][PASSED] - sendKeys(findTestObject("ADMIN/Edit Text/Bespoke/Buyer Pages/Onboarding_Settings/input_LAST NAME_last-name"), "*"): Keys '*' sent to object: 'Object Repository/ADMIN/Edit Text/Bespoke/Buyer Pages/Onboarding_Settings/input_LAST NAME_last-name'

2020-03-20 09:42:58 - [MESSAGE][PASSED] - Keys '*' sent to object: 'Object Repository/ADMIN/Edit Text/Bespoke/Buyer Pages/Onboarding_Settings/input_LAST NAME_last-name'

2020-03-20 09:42:58 - [TEST_STEP][PASSED] - sendKeys(findTestObject("ADMIN/Edit Text/Bespoke/Buyer Pages/Onboarding_Settings/input_NOTIFICATION EMAIL_notification-email"), "*"): Keys '*' sent to object: 'Object Repository/ADMIN/Edit Text/Bespoke/Buyer Pages/Onboarding_Settings/input_NOTIFICATION EMAIL_notification-email'

2020-03-20 09:42:58 - [MESSAGE][PASSED] - Keys '*' sent to object: 'Object Repository/ADMIN/Edit Text/Bespoke/Buyer Pages/Onboarding_Settings/input_NOTIFICATION EMAIL_notification-email'

2020-03-20 09:42:58 - [TEST_STEP][PASSED] - sendKeys(findTestObject("ADMIN/Edit Text/Bespoke/Buyer Pages/Onboarding_Settings/input_CONTACT NUMBER_contact-number"), "*"): Keys '*' sent to object: 'Object Repository/ADMIN/Edit Text/Bespoke/Buyer Pages/Onboarding_Settings/input_CONTACT NUMBER_contact-number'

2020-03-20 09:42:58 - [MESSAGE][PASSED] - Keys '*' sent to object: 'Object Repository/ADMIN/Edit Text/Bespoke/Buyer Pages/Onboarding_Settings/input_CONTACT NUMBER_contact-number'

2020-03-20 09:42:58 - [TEST_STEP][PASSED] - sendKeys(findTestObject("ADMIN/Edit Text/Bespoke/Buyer Pages/Onboarding_Settings/input_OPENID LOGIN_open-id-login"), "*"): Keys '*' sent to object: 'Object Repository/ADMIN/Edit Text/Bespoke/Buyer Pages/Onboarding_Settings/input_OPENID LOGIN_open-id-login'

2020-03-20 09:42:58 - [MESSAGE][PASSED] - Keys '*' sent to object: 'Object Repository/ADMIN/Edit Text/Bespoke/Buyer Pages/Onboarding_Settings/input_OPENID LOGIN_open-id-login'

2020-03-20 09:42:58 - [TEST_STEP][PASSED] - sendKeys(findTestObject("ADMIN/Edit Text/Bespoke/Buyer Pages/Onboarding_Settings/input_NEXT_btn_next"), "*"): Keys '*' sent to object: 'Object Repository/ADMIN/Edit Text/Bespoke/Buyer Pages/Onboarding_Settings/input_NEXT_btn_next'

2020-03-20 09:42:58 - [MESSAGE][PASSED] - Keys '*' sent to object: 'Object Repository/ADMIN/Edit Text/Bespoke/Buyer Pages/Onboarding_Settings/input_NEXT_btn_next'

2020-03-20 09:42:58 - [TEST_STEP][PASSED] - sendKeys(findTestObject("ADMIN/Edit Text/Bespoke/Buyer Pages/Onboarding_Settings/input_ADDRESS_tab-title"), "*"): Keys '*' sent to object: 'Object Repository/ADMIN/Edit Text/Bespoke/Buyer Pages/Onboarding_Settings/input_ADDRESS_tab-title'

2020-03-20 09:42:59 - [MESSAGE][PASSED] - Keys '*' sent to object: 'Object Repository/ADMIN/Edit Text/Bespoke/Buyer Pages/Onboarding_Settings/input_ADDRESS_tab-title'

2020-03-20 09:42:59 - [TEST_STEP][PASSED] - sendKeys(findTestObject("ADMIN/Edit Text/Bespoke/Buyer Pages/Onboarding_Settings/input_NEW DELIVERY ADDRESS_new-delivery-address"), "*"): Keys '*' sent to object: 'Object Repository/ADMIN/Edit Text/Bespoke/Buyer Pages/Onboarding_Settings/input_NEW DELIVERY ADDRESS_new-delivery-address'

2020-03-20 09:42:59 - [MESSAGE][PASSED] - Keys '*' sent to object: 'Object Repository/ADMIN/Edit Text/Bespoke/Buyer Pages/Onboarding_Settings/input_NEW DELIVERY ADDRESS_new-delivery-address'

2020-03-20 09:42:59 - [TEST_STEP][PASSED] - sendKeys(findTestObject("ADMIN/Edit Text/Bespoke/Buyer Pages/Onboarding_Settings/input_ADDRESSEE FIRST NAME_addressee-first-name"), "*"): Keys '*' sent to object: 'Object Repository/ADMIN/Edit Text/Bespoke/Buyer Pages/Onboarding_Settings/input_ADDRESSEE FIRST NAME_addressee-first-name'

2020-03-20 09:42:59 - [MESSAGE][PASSED] - Keys '*' sent to object: 'Object Repository/ADMIN/Edit Text/Bespoke/Buyer Pages/Onboarding_Settings/input_ADDRESSEE FIRST NAME_addressee-first-name'

2020-03-20 09:42:59 - [TEST_STEP][PASSED] - sendKeys(findTestObject("ADMIN/Edit Text/Bespoke/Buyer Pages/Onboarding_Settings/input_ADDRESSEE LAST NAME_addressee-last-name"), "*"): Keys '*' sent to object: 'Object Repository/ADMIN/Edit Text/Bespoke/Buyer Pages/Onboarding_Settings/input_ADDRESSEE LAST NAME_addressee-last-name'

2020-03-20 09:42:59 - [MESSAGE][PASSED] - Keys '*' sent to object: 'Object Repository/ADMIN/Edit Text/Bespoke/Buyer Pages/Onboarding_Settings/input_ADDRESSEE LAST NAME_addressee-last-name'

2020-03-20 09:42:59 - [TEST_STEP][PASSED] - sendKeys(findTestObject("ADMIN/Edit Text/Bespoke/Buyer Pages/Onboarding_Settings/input_ADDRESS_address"), "*"): Keys '*' sent to object: 'Object Repository/ADMIN/Edit Text/Bespoke/Buyer Pages/Onboarding_Settings/input_ADDRESS_address'

2020-03-20 09:42:59 - [MESSAGE][PASSED] - Keys '*' sent to object: 'Object Repository/ADMIN/Edit Text/Bespoke/Buyer Pages/Onboarding_Settings/input_ADDRESS_address'

2020-03-20 09:42:59 - [TEST_STEP][PASSED] - sendKeys(findTestObject("ADMIN/Edit Text/Bespoke/Buyer Pages/Onboarding_Settings/input_COUNTRY_address-country"), "*"): Keys '*' sent to object: 'Object Repository/ADMIN/Edit Text/Bespoke/Buyer Pages/Onboarding_Settings/input_COUNTRY_address-country'

2020-03-20 09:42:59 - [MESSAGE][PASSED] - Keys '*' sent to object: 'Object Repository/ADMIN/Edit Text/Bespoke/Buyer Pages/Onboarding_Settings/input_COUNTRY_address-country'

2020-03-20 09:42:59 - [TEST_STEP][PASSED] - sendKeys(findTestObject("ADMIN/Edit Text/Bespoke/Buyer Pages/Onboarding_Settings/input_State_address-state"), "*"): Keys '*' sent to object: 'Object Repository/ADMIN/Edit Text/Bespoke/Buyer Pages/Onboarding_Settings/input_State_address-state'

2020-03-20 09:42:59 - [MESSAGE][PASSED] - Keys '*' sent to object: 'Object Repository/ADMIN/Edit Text/Bespoke/Buyer Pages/Onboarding_Settings/input_State_address-state'

2020-03-20 09:42:59 - [TEST_STEP][PASSED] - sendKeys(findTestObject("ADMIN/Edit Text/Bespoke/Buyer Pages/Onboarding_Settings/input_CITY_address-city"), "*"): Keys '*' sent to object: 'Object Repository/ADMIN/Edit Text/Bespoke/Buyer Pages/Onboarding_Settings/input_CITY_address-city'

2020-03-20 09:43:00 - [MESSAGE][PASSED] - Keys '*' sent to object: 'Object Repository/ADMIN/Edit Text/Bespoke/Buyer Pages/Onboarding_Settings/input_CITY_address-city'

2020-03-20 09:43:00 - [TEST_STEP][PASSED] - sendKeys(findTestObject("ADMIN/Edit Text/Bespoke/Buyer Pages/Onboarding_Settings/input_POSTAL CODE_address-postalcode"), "*"): Keys '*' sent to object: 'Object Repository/ADMIN/Edit Text/Bespoke/Buyer Pages/Onboarding_Settings/input_POSTAL CODE_address-postalcode'

2020-03-20 09:43:00 - [MESSAGE][PASSED] - Keys '*' sent to object: 'Object Repository/ADMIN/Edit Text/Bespoke/Buyer Pages/Onboarding_Settings/input_POSTAL CODE_address-postalcode'

2020-03-20 09:43:00 - [TEST_STEP][PASSED] - sendKeys(findTestObject("ADMIN/Edit Text/Bespoke/Buyer Pages/Onboarding_Settings/input_SELECT COUNTRY_select-country"), "*"): Keys '*' sent to object: 'Object Repository/ADMIN/Edit Text/Bespoke/Buyer Pages/Onboarding_Settings/input_SELECT COUNTRY_select-country'

2020-03-20 09:43:00 - [MESSAGE][PASSED] - Keys '*' sent to object: 'Object Repository/ADMIN/Edit Text/Bespoke/Buyer Pages/Onboarding_Settings/input_SELECT COUNTRY_select-country'

2020-03-20 09:43:00 - [TEST_STEP][PASSED] - sendKeys(findTestObject("ADMIN/Edit Text/Bespoke/Buyer Pages/Onboarding_Settings/input_Select City"), "*"): Keys '*' sent to object: 'Object Repository/ADMIN/Edit Text/Bespoke/Buyer Pages/Onboarding_Settings/input_Select City'

2020-03-20 09:43:00 - [MESSAGE][PASSED] - Keys '*' sent to object: 'Object Repository/ADMIN/Edit Text/Bespoke/Buyer Pages/Onboarding_Settings/input_Select City'

2020-03-20 09:43:00 - [TEST_STEP][PASSED] - sendKeys(findTestObject("ADMIN/Edit Text/Bespoke/Buyer Pages/Onboarding_Settings/input_ADD ADDRESS_btn_add"), "*"): Keys '*' sent to object: 'Object Repository/ADMIN/Edit Text/Bespoke/Buyer Pages/Onboarding_Settings/input_ADD ADDRESS_btn_add'

2020-03-20 09:43:00 - [MESSAGE][PASSED] - Keys '*' sent to object: 'Object Repository/ADMIN/Edit Text/Bespoke/Buyer Pages/Onboarding_Settings/input_ADD ADDRESS_btn_add'

2020-03-20 09:43:00 - [TEST_STEP][PASSED] - sendKeys(findTestObject("ADMIN/Edit Text/Bespoke/Buyer Pages/Onboarding_Settings/input_SAVED ADDRESSES_address-saved"), "*"): Keys '*' sent to object: 'Object Repository/ADMIN/Edit Text/Bespoke/Buyer Pages/Onboarding_Settings/input_SAVED ADDRESSES_address-saved'

2020-03-20 09:43:00 - [MESSAGE][PASSED] - Keys '*' sent to object: 'Object Repository/ADMIN/Edit Text/Bespoke/Buyer Pages/Onboarding_Settings/input_SAVED ADDRESSES_address-saved'

2020-03-20 09:43:00 - [TEST_STEP][PASSED] - sendKeys(findTestObject("ADMIN/Edit Text/Bespoke/Buyer Pages/Onboarding_Settings/input_SAVE_btn_next"), "*"): Keys '*' sent to object: 'Object Repository/ADMIN/Edit Text/Bespoke/Buyer Pages/Onboarding_Settings/input_SAVE_btn_next'

2020-03-20 09:43:01 - [MESSAGE][PASSED] - Keys '*' sent to object: 'Object Repository/ADMIN/Edit Text/Bespoke/Buyer Pages/Onboarding_Settings/input_SAVE_btn_next'

2020-03-20 09:43:01 - [TEST_STEP][PASSED] - sendKeys(findTestObject("ADMIN/Edit Text/Bespoke/Buyer Pages/Onboarding_Settings/input_Are you sure want to delete_popup-title"), "*"): Keys '*' sent to object: 'Object Repository/ADMIN/Edit Text/Bespoke/Buyer Pages/Onboarding_Settings/input_Are you sure want to delete_popup-title'

2020-03-20 09:43:01 - [MESSAGE][PASSED] - Keys '*' sent to object: 'Object Repository/ADMIN/Edit Text/Bespoke/Buyer Pages/Onboarding_Settings/input_Are you sure want to delete_popup-title'

2020-03-20 09:43:01 - [TEST_STEP][PASSED] - sendKeys(findTestObject("ADMIN/Edit Text/Bespoke/Buyer Pages/Onboarding_Settings/input_CANCEL_btn_cancel"), "*"): Keys '*' sent to object: 'Object Repository/ADMIN/Edit Text/Bespoke/Buyer Pages/Onboarding_Settings/input_CANCEL_btn_cancel'

2020-03-20 09:43:01 - [MESSAGE][PASSED] - Keys '*' sent to object: 'Object Repository/ADMIN/Edit Text/Bespoke/Buyer Pages/Onboarding_Settings/input_CANCEL_btn_cancel'

2020-03-20 09:43:01 - [TEST_STEP][PASSED] - sendKeys(findTestObject("ADMIN/Edit Text/Bespoke/Buyer Pages/Onboarding_Settings/input_OK_btn_okay"), "*"): Keys '*' sent to object: 'Object Repository/ADMIN/Edit Text/Bespoke/Buyer Pages/Onboarding_Settings/input_OK_btn_okay'

2020-03-20 09:43:02 - [MESSAGE][PASSED] - Keys '*' sent to object: 'Object Repository/ADMIN/Edit Text/Bespoke/Buyer Pages/Onboarding_Settings/input_OK_btn_okay'

2020-03-20 09:43:02 - [TEST_STEP][PASSED] - click(findTestObject("ADMIN/Edit Text/Bespoke/Buyer Pages/Homepage/button_save"), CONTINUE_ON_FAILURE): Object: 'Object Repository/ADMIN/Edit Text/Bespoke/Buyer Pages/Homepage/button_save' is clicked on

2020-03-20 09:43:02 - [MESSAGE][PASSED] - Object: 'Object Repository/ADMIN/Edit Text/Bespoke/Buyer Pages/Homepage/button_save' is clicked on

2020-03-20 09:43:02 - [TEST_STEP][PASSED] - waitForElementVisible(findTestObject("ADMIN/Edit Text/Bespoke/Buyer Pages/Homepage/toaster_success"), 0): Object 'Object Repository/ADMIN/Edit Text/Bespoke/Buyer Pages/Homepage/toaster_success' is visible

2020-03-20 09:43:02 - [MESSAGE][WARNING] - Timeout '0' is invalid. Using default page load timeout: '30'

2020-03-20 09:43:02 - [MESSAGE][PASSED] - Object 'Object Repository/ADMIN/Edit Text/Bespoke/Buyer Pages/Homepage/toaster_success' is visible]]></system-out>
         <system-err><![CDATA[]]></system-err>
      </testcase>
      <testcase name="Test Cases/ADMIN/Language/Edit Text/Bespoke/Buyer Pages/Onboarding_Settings" time="7.465" classname="Test Cases/ADMIN/Language/Edit Text/Bespoke/Buyer Pages/Onboarding_Settings" status="PASSED">
         <system-out><![CDATA[2020-03-20 09:43:02 - [TEST_CASE][PASSED] - Test Cases/ADMIN/Language/Edit Text/Bespoke/Buyer Pages/Onboarding_Settings: Test Cases/ADMIN/Language/Edit Text/Bespoke/Buyer Pages/Onboarding_Settings

2020-03-20 09:43:02 - [TEST_STEP][PASSED] - waitForElementVisible(findTestObject("ADMIN/Edit Text/Bespoke/Buyer Navigation/dd_language"), 0): Object 'Object Repository/ADMIN/Edit Text/Bespoke/Buyer Navigation/dd_language' is visible

2020-03-20 09:43:02 - [MESSAGE][WARNING] - Timeout '0' is invalid. Using default page load timeout: '30'

2020-03-20 09:43:02 - [MESSAGE][PASSED] - Object 'Object Repository/ADMIN/Edit Text/Bespoke/Buyer Navigation/dd_language' is visible

2020-03-20 09:43:02 - [TEST_STEP][PASSED] - selectOptionByLabel(findTestObject("ADMIN/Edit Text/Bespoke/Buyer Navigation/dd_language"), varLanguage, false): All options with label 'Hebrew' are selected in object 'Object Repository/ADMIN/Edit Text/Bespoke/Buyer Navigation/dd_language' 

2020-03-20 09:43:03 - [MESSAGE][PASSED] - All options with label 'Hebrew' are selected in object 'Object Repository/ADMIN/Edit Text/Bespoke/Buyer Navigation/dd_language' 

2020-03-20 09:43:03 - [TEST_STEP][PASSED] - sendKeys(findTestObject("ADMIN/Edit Text/Bespoke/Buyer Pages/Onboarding_Settings/input_USER SETTINGS_marketplace-name"), "*"): Keys '*' sent to object: 'Object Repository/ADMIN/Edit Text/Bespoke/Buyer Pages/Onboarding_Settings/input_USER SETTINGS_marketplace-name'

2020-03-20 09:43:04 - [MESSAGE][PASSED] - Keys '*' sent to object: 'Object Repository/ADMIN/Edit Text/Bespoke/Buyer Pages/Onboarding_Settings/input_USER SETTINGS_marketplace-name'

2020-03-20 09:43:04 - [TEST_STEP][PASSED] - sendKeys(findTestObject("ADMIN/Edit Text/Bespoke/Buyer Pages/Onboarding_Settings/input_Configure your profile and your settings here_item_details"), "*"): Keys '*' sent to object: 'Object Repository/ADMIN/Edit Text/Bespoke/Buyer Pages/Onboarding_Settings/input_Configure your profile and your settings here_item_details'

2020-03-20 09:43:04 - [MESSAGE][PASSED] - Keys '*' sent to object: 'Object Repository/ADMIN/Edit Text/Bespoke/Buyer Pages/Onboarding_Settings/input_Configure your profile and your settings here_item_details'

2020-03-20 09:43:04 - [TEST_STEP][PASSED] - sendKeys(findTestObject("ADMIN/Edit Text/Bespoke/Buyer Pages/Onboarding_Settings/input_PROFILE_tab-title"), "*"): Keys '*' sent to object: 'Object Repository/ADMIN/Edit Text/Bespoke/Buyer Pages/Onboarding_Settings/input_PROFILE_tab-title'

2020-03-20 09:43:05 - [MESSAGE][PASSED] - Keys '*' sent to object: 'Object Repository/ADMIN/Edit Text/Bespoke/Buyer Pages/Onboarding_Settings/input_PROFILE_tab-title'

2020-03-20 09:43:05 - [TEST_STEP][PASSED] - sendKeys(findTestObject("ADMIN/Edit Text/Bespoke/Buyer Pages/Onboarding_Settings/input_CHANGE_btn_upload"), "*"): Keys '*' sent to object: 'Object Repository/ADMIN/Edit Text/Bespoke/Buyer Pages/Onboarding_Settings/input_CHANGE_btn_upload'

2020-03-20 09:43:05 - [MESSAGE][PASSED] - Keys '*' sent to object: 'Object Repository/ADMIN/Edit Text/Bespoke/Buyer Pages/Onboarding_Settings/input_CHANGE_btn_upload'

2020-03-20 09:43:05 - [TEST_STEP][PASSED] - sendKeys(findTestObject("ADMIN/Edit Text/Bespoke/Buyer Pages/Onboarding_Settings/input_DISPLAY NAME_display-name"), "*"): Keys '*' sent to object: 'Object Repository/ADMIN/Edit Text/Bespoke/Buyer Pages/Onboarding_Settings/input_DISPLAY NAME_display-name'

2020-03-20 09:43:05 - [MESSAGE][PASSED] - Keys '*' sent to object: 'Object Repository/ADMIN/Edit Text/Bespoke/Buyer Pages/Onboarding_Settings/input_DISPLAY NAME_display-name'

2020-03-20 09:43:05 - [TEST_STEP][PASSED] - sendKeys(findTestObject("ADMIN/Edit Text/Bespoke/Buyer Pages/Onboarding_Settings/input_FIRST NAME_first-name"), "*"): Keys '*' sent to object: 'Object Repository/ADMIN/Edit Text/Bespoke/Buyer Pages/Onboarding_Settings/input_FIRST NAME_first-name'

2020-03-20 09:43:05 - [MESSAGE][PASSED] - Keys '*' sent to object: 'Object Repository/ADMIN/Edit Text/Bespoke/Buyer Pages/Onboarding_Settings/input_FIRST NAME_first-name'

2020-03-20 09:43:05 - [TEST_STEP][PASSED] - sendKeys(findTestObject("ADMIN/Edit Text/Bespoke/Buyer Pages/Onboarding_Settings/input_LAST NAME_last-name"), "*"): Keys '*' sent to object: 'Object Repository/ADMIN/Edit Text/Bespoke/Buyer Pages/Onboarding_Settings/input_LAST NAME_last-name'

2020-03-20 09:43:05 - [MESSAGE][PASSED] - Keys '*' sent to object: 'Object Repository/ADMIN/Edit Text/Bespoke/Buyer Pages/Onboarding_Settings/input_LAST NAME_last-name'

2020-03-20 09:43:05 - [TEST_STEP][PASSED] - sendKeys(findTestObject("ADMIN/Edit Text/Bespoke/Buyer Pages/Onboarding_Settings/input_NOTIFICATION EMAIL_notification-email"), "*"): Keys '*' sent to object: 'Object Repository/ADMIN/Edit Text/Bespoke/Buyer Pages/Onboarding_Settings/input_NOTIFICATION EMAIL_notification-email'

2020-03-20 09:43:05 - [MESSAGE][PASSED] - Keys '*' sent to object: 'Object Repository/ADMIN/Edit Text/Bespoke/Buyer Pages/Onboarding_Settings/input_NOTIFICATION EMAIL_notification-email'

2020-03-20 09:43:05 - [TEST_STEP][PASSED] - sendKeys(findTestObject("ADMIN/Edit Text/Bespoke/Buyer Pages/Onboarding_Settings/input_CONTACT NUMBER_contact-number"), "*"): Keys '*' sent to object: 'Object Repository/ADMIN/Edit Text/Bespoke/Buyer Pages/Onboarding_Settings/input_CONTACT NUMBER_contact-number'

2020-03-20 09:43:06 - [MESSAGE][PASSED] - Keys '*' sent to object: 'Object Repository/ADMIN/Edit Text/Bespoke/Buyer Pages/Onboarding_Settings/input_CONTACT NUMBER_contact-number'

2020-03-20 09:43:06 - [TEST_STEP][PASSED] - sendKeys(findTestObject("ADMIN/Edit Text/Bespoke/Buyer Pages/Onboarding_Settings/input_OPENID LOGIN_open-id-login"), "*"): Keys '*' sent to object: 'Object Repository/ADMIN/Edit Text/Bespoke/Buyer Pages/Onboarding_Settings/input_OPENID LOGIN_open-id-login'

2020-03-20 09:43:06 - [MESSAGE][PASSED] - Keys '*' sent to object: 'Object Repository/ADMIN/Edit Text/Bespoke/Buyer Pages/Onboarding_Settings/input_OPENID LOGIN_open-id-login'

2020-03-20 09:43:06 - [TEST_STEP][PASSED] - sendKeys(findTestObject("ADMIN/Edit Text/Bespoke/Buyer Pages/Onboarding_Settings/input_NEXT_btn_next"), "*"): Keys '*' sent to object: 'Object Repository/ADMIN/Edit Text/Bespoke/Buyer Pages/Onboarding_Settings/input_NEXT_btn_next'

2020-03-20 09:43:06 - [MESSAGE][PASSED] - Keys '*' sent to object: 'Object Repository/ADMIN/Edit Text/Bespoke/Buyer Pages/Onboarding_Settings/input_NEXT_btn_next'

2020-03-20 09:43:06 - [TEST_STEP][PASSED] - sendKeys(findTestObject("ADMIN/Edit Text/Bespoke/Buyer Pages/Onboarding_Settings/input_ADDRESS_tab-title"), "*"): Keys '*' sent to object: 'Object Repository/ADMIN/Edit Text/Bespoke/Buyer Pages/Onboarding_Settings/input_ADDRESS_tab-title'

2020-03-20 09:43:06 - [MESSAGE][PASSED] - Keys '*' sent to object: 'Object Repository/ADMIN/Edit Text/Bespoke/Buyer Pages/Onboarding_Settings/input_ADDRESS_tab-title'

2020-03-20 09:43:06 - [TEST_STEP][PASSED] - sendKeys(findTestObject("ADMIN/Edit Text/Bespoke/Buyer Pages/Onboarding_Settings/input_NEW DELIVERY ADDRESS_new-delivery-address"), "*"): Keys '*' sent to object: 'Object Repository/ADMIN/Edit Text/Bespoke/Buyer Pages/Onboarding_Settings/input_NEW DELIVERY ADDRESS_new-delivery-address'

2020-03-20 09:43:06 - [MESSAGE][PASSED] - Keys '*' sent to object: 'Object Repository/ADMIN/Edit Text/Bespoke/Buyer Pages/Onboarding_Settings/input_NEW DELIVERY ADDRESS_new-delivery-address'

2020-03-20 09:43:06 - [TEST_STEP][PASSED] - sendKeys(findTestObject("ADMIN/Edit Text/Bespoke/Buyer Pages/Onboarding_Settings/input_ADDRESSEE FIRST NAME_addressee-first-name"), "*"): Keys '*' sent to object: 'Object Repository/ADMIN/Edit Text/Bespoke/Buyer Pages/Onboarding_Settings/input_ADDRESSEE FIRST NAME_addressee-first-name'

2020-03-20 09:43:07 - [MESSAGE][PASSED] - Keys '*' sent to object: 'Object Repository/ADMIN/Edit Text/Bespoke/Buyer Pages/Onboarding_Settings/input_ADDRESSEE FIRST NAME_addressee-first-name'

2020-03-20 09:43:07 - [TEST_STEP][PASSED] - sendKeys(findTestObject("ADMIN/Edit Text/Bespoke/Buyer Pages/Onboarding_Settings/input_ADDRESSEE LAST NAME_addressee-last-name"), "*"): Keys '*' sent to object: 'Object Repository/ADMIN/Edit Text/Bespoke/Buyer Pages/Onboarding_Settings/input_ADDRESSEE LAST NAME_addressee-last-name'

2020-03-20 09:43:07 - [MESSAGE][PASSED] - Keys '*' sent to object: 'Object Repository/ADMIN/Edit Text/Bespoke/Buyer Pages/Onboarding_Settings/input_ADDRESSEE LAST NAME_addressee-last-name'

2020-03-20 09:43:07 - [TEST_STEP][PASSED] - sendKeys(findTestObject("ADMIN/Edit Text/Bespoke/Buyer Pages/Onboarding_Settings/input_ADDRESS_address"), "*"): Keys '*' sent to object: 'Object Repository/ADMIN/Edit Text/Bespoke/Buyer Pages/Onboarding_Settings/input_ADDRESS_address'

2020-03-20 09:43:07 - [MESSAGE][PASSED] - Keys '*' sent to object: 'Object Repository/ADMIN/Edit Text/Bespoke/Buyer Pages/Onboarding_Settings/input_ADDRESS_address'

2020-03-20 09:43:07 - [TEST_STEP][PASSED] - sendKeys(findTestObject("ADMIN/Edit Text/Bespoke/Buyer Pages/Onboarding_Settings/input_COUNTRY_address-country"), "*"): Keys '*' sent to object: 'Object Repository/ADMIN/Edit Text/Bespoke/Buyer Pages/Onboarding_Settings/input_COUNTRY_address-country'

2020-03-20 09:43:07 - [MESSAGE][PASSED] - Keys '*' sent to object: 'Object Repository/ADMIN/Edit Text/Bespoke/Buyer Pages/Onboarding_Settings/input_COUNTRY_address-country'

2020-03-20 09:43:07 - [TEST_STEP][PASSED] - sendKeys(findTestObject("ADMIN/Edit Text/Bespoke/Buyer Pages/Onboarding_Settings/input_State_address-state"), "*"): Keys '*' sent to object: 'Object Repository/ADMIN/Edit Text/Bespoke/Buyer Pages/Onboarding_Settings/input_State_address-state'

2020-03-20 09:43:07 - [MESSAGE][PASSED] - Keys '*' sent to object: 'Object Repository/ADMIN/Edit Text/Bespoke/Buyer Pages/Onboarding_Settings/input_State_address-state'

2020-03-20 09:43:07 - [TEST_STEP][PASSED] - sendKeys(findTestObject("ADMIN/Edit Text/Bespoke/Buyer Pages/Onboarding_Settings/input_CITY_address-city"), "*"): Keys '*' sent to object: 'Object Repository/ADMIN/Edit Text/Bespoke/Buyer Pages/Onboarding_Settings/input_CITY_address-city'

2020-03-20 09:43:07 - [MESSAGE][PASSED] - Keys '*' sent to object: 'Object Repository/ADMIN/Edit Text/Bespoke/Buyer Pages/Onboarding_Settings/input_CITY_address-city'

2020-03-20 09:43:07 - [TEST_STEP][PASSED] - sendKeys(findTestObject("ADMIN/Edit Text/Bespoke/Buyer Pages/Onboarding_Settings/input_POSTAL CODE_address-postalcode"), "*"): Keys '*' sent to object: 'Object Repository/ADMIN/Edit Text/Bespoke/Buyer Pages/Onboarding_Settings/input_POSTAL CODE_address-postalcode'

2020-03-20 09:43:07 - [MESSAGE][PASSED] - Keys '*' sent to object: 'Object Repository/ADMIN/Edit Text/Bespoke/Buyer Pages/Onboarding_Settings/input_POSTAL CODE_address-postalcode'

2020-03-20 09:43:07 - [TEST_STEP][PASSED] - sendKeys(findTestObject("ADMIN/Edit Text/Bespoke/Buyer Pages/Onboarding_Settings/input_SELECT COUNTRY_select-country"), "*"): Keys '*' sent to object: 'Object Repository/ADMIN/Edit Text/Bespoke/Buyer Pages/Onboarding_Settings/input_SELECT COUNTRY_select-country'

2020-03-20 09:43:08 - [MESSAGE][PASSED] - Keys '*' sent to object: 'Object Repository/ADMIN/Edit Text/Bespoke/Buyer Pages/Onboarding_Settings/input_SELECT COUNTRY_select-country'

2020-03-20 09:43:08 - [TEST_STEP][PASSED] - sendKeys(findTestObject("ADMIN/Edit Text/Bespoke/Buyer Pages/Onboarding_Settings/input_Select City"), "*"): Keys '*' sent to object: 'Object Repository/ADMIN/Edit Text/Bespoke/Buyer Pages/Onboarding_Settings/input_Select City'

2020-03-20 09:43:08 - [MESSAGE][PASSED] - Keys '*' sent to object: 'Object Repository/ADMIN/Edit Text/Bespoke/Buyer Pages/Onboarding_Settings/input_Select City'

2020-03-20 09:43:08 - [TEST_STEP][PASSED] - sendKeys(findTestObject("ADMIN/Edit Text/Bespoke/Buyer Pages/Onboarding_Settings/input_ADD ADDRESS_btn_add"), "*"): Keys '*' sent to object: 'Object Repository/ADMIN/Edit Text/Bespoke/Buyer Pages/Onboarding_Settings/input_ADD ADDRESS_btn_add'

2020-03-20 09:43:08 - [MESSAGE][PASSED] - Keys '*' sent to object: 'Object Repository/ADMIN/Edit Text/Bespoke/Buyer Pages/Onboarding_Settings/input_ADD ADDRESS_btn_add'

2020-03-20 09:43:08 - [TEST_STEP][PASSED] - sendKeys(findTestObject("ADMIN/Edit Text/Bespoke/Buyer Pages/Onboarding_Settings/input_SAVED ADDRESSES_address-saved"), "*"): Keys '*' sent to object: 'Object Repository/ADMIN/Edit Text/Bespoke/Buyer Pages/Onboarding_Settings/input_SAVED ADDRESSES_address-saved'

2020-03-20 09:43:08 - [MESSAGE][PASSED] - Keys '*' sent to object: 'Object Repository/ADMIN/Edit Text/Bespoke/Buyer Pages/Onboarding_Settings/input_SAVED ADDRESSES_address-saved'

2020-03-20 09:43:08 - [TEST_STEP][PASSED] - sendKeys(findTestObject("ADMIN/Edit Text/Bespoke/Buyer Pages/Onboarding_Settings/input_SAVE_btn_next"), "*"): Keys '*' sent to object: 'Object Repository/ADMIN/Edit Text/Bespoke/Buyer Pages/Onboarding_Settings/input_SAVE_btn_next'

2020-03-20 09:43:08 - [MESSAGE][PASSED] - Keys '*' sent to object: 'Object Repository/ADMIN/Edit Text/Bespoke/Buyer Pages/Onboarding_Settings/input_SAVE_btn_next'

2020-03-20 09:43:08 - [TEST_STEP][PASSED] - sendKeys(findTestObject("ADMIN/Edit Text/Bespoke/Buyer Pages/Onboarding_Settings/input_Are you sure want to delete_popup-title"), "*"): Keys '*' sent to object: 'Object Repository/ADMIN/Edit Text/Bespoke/Buyer Pages/Onboarding_Settings/input_Are you sure want to delete_popup-title'

2020-03-20 09:43:08 - [MESSAGE][PASSED] - Keys '*' sent to object: 'Object Repository/ADMIN/Edit Text/Bespoke/Buyer Pages/Onboarding_Settings/input_Are you sure want to delete_popup-title'

2020-03-20 09:43:08 - [TEST_STEP][PASSED] - sendKeys(findTestObject("ADMIN/Edit Text/Bespoke/Buyer Pages/Onboarding_Settings/input_CANCEL_btn_cancel"), "*"): Keys '*' sent to object: 'Object Repository/ADMIN/Edit Text/Bespoke/Buyer Pages/Onboarding_Settings/input_CANCEL_btn_cancel'

2020-03-20 09:43:08 - [MESSAGE][PASSED] - Keys '*' sent to object: 'Object Repository/ADMIN/Edit Text/Bespoke/Buyer Pages/Onboarding_Settings/input_CANCEL_btn_cancel'

2020-03-20 09:43:08 - [TEST_STEP][PASSED] - sendKeys(findTestObject("ADMIN/Edit Text/Bespoke/Buyer Pages/Onboarding_Settings/input_OK_btn_okay"), "*"): Keys '*' sent to object: 'Object Repository/ADMIN/Edit Text/Bespoke/Buyer Pages/Onboarding_Settings/input_OK_btn_okay'

2020-03-20 09:43:09 - [MESSAGE][PASSED] - Keys '*' sent to object: 'Object Repository/ADMIN/Edit Text/Bespoke/Buyer Pages/Onboarding_Settings/input_OK_btn_okay'

2020-03-20 09:43:09 - [TEST_STEP][PASSED] - click(findTestObject("ADMIN/Edit Text/Bespoke/Buyer Pages/Homepage/button_save"), CONTINUE_ON_FAILURE): Object: 'Object Repository/ADMIN/Edit Text/Bespoke/Buyer Pages/Homepage/button_save' is clicked on

2020-03-20 09:43:09 - [MESSAGE][PASSED] - Object: 'Object Repository/ADMIN/Edit Text/Bespoke/Buyer Pages/Homepage/button_save' is clicked on

2020-03-20 09:43:09 - [TEST_STEP][PASSED] - waitForElementVisible(findTestObject("ADMIN/Edit Text/Bespoke/Buyer Pages/Homepage/toaster_success"), 0): Object 'Object Repository/ADMIN/Edit Text/Bespoke/Buyer Pages/Homepage/toaster_success' is visible

2020-03-20 09:43:09 - [MESSAGE][WARNING] - Timeout '0' is invalid. Using default page load timeout: '30'

2020-03-20 09:43:09 - [MESSAGE][PASSED] - Object 'Object Repository/ADMIN/Edit Text/Bespoke/Buyer Pages/Homepage/toaster_success' is visible]]></system-out>
         <system-err><![CDATA[]]></system-err>
      </testcase>
      <testcase name="Test Cases/ADMIN/Language/Edit Text/Bespoke/Buyer Pages/Onboarding_Settings" time="7.201" classname="Test Cases/ADMIN/Language/Edit Text/Bespoke/Buyer Pages/Onboarding_Settings" status="PASSED">
         <system-out><![CDATA[2020-03-20 09:43:09 - [TEST_CASE][PASSED] - Test Cases/ADMIN/Language/Edit Text/Bespoke/Buyer Pages/Onboarding_Settings: Test Cases/ADMIN/Language/Edit Text/Bespoke/Buyer Pages/Onboarding_Settings

2020-03-20 09:43:09 - [TEST_STEP][PASSED] - waitForElementVisible(findTestObject("ADMIN/Edit Text/Bespoke/Buyer Navigation/dd_language"), 0): Object 'Object Repository/ADMIN/Edit Text/Bespoke/Buyer Navigation/dd_language' is visible

2020-03-20 09:43:09 - [MESSAGE][WARNING] - Timeout '0' is invalid. Using default page load timeout: '30'

2020-03-20 09:43:10 - [MESSAGE][PASSED] - Object 'Object Repository/ADMIN/Edit Text/Bespoke/Buyer Navigation/dd_language' is visible

2020-03-20 09:43:10 - [TEST_STEP][PASSED] - selectOptionByLabel(findTestObject("ADMIN/Edit Text/Bespoke/Buyer Navigation/dd_language"), varLanguage, false): All options with label 'English' are selected in object 'Object Repository/ADMIN/Edit Text/Bespoke/Buyer Navigation/dd_language' 

2020-03-20 09:43:11 - [MESSAGE][PASSED] - All options with label 'English' are selected in object 'Object Repository/ADMIN/Edit Text/Bespoke/Buyer Navigation/dd_language' 

2020-03-20 09:43:11 - [TEST_STEP][PASSED] - sendKeys(findTestObject("ADMIN/Edit Text/Bespoke/Buyer Pages/Onboarding_Settings/input_USER SETTINGS_marketplace-name"), "*"): Keys '*' sent to object: 'Object Repository/ADMIN/Edit Text/Bespoke/Buyer Pages/Onboarding_Settings/input_USER SETTINGS_marketplace-name'

2020-03-20 09:43:12 - [MESSAGE][PASSED] - Keys '*' sent to object: 'Object Repository/ADMIN/Edit Text/Bespoke/Buyer Pages/Onboarding_Settings/input_USER SETTINGS_marketplace-name'

2020-03-20 09:43:12 - [TEST_STEP][PASSED] - sendKeys(findTestObject("ADMIN/Edit Text/Bespoke/Buyer Pages/Onboarding_Settings/input_Configure your profile and your settings here_item_details"), "*"): Keys '*' sent to object: 'Object Repository/ADMIN/Edit Text/Bespoke/Buyer Pages/Onboarding_Settings/input_Configure your profile and your settings here_item_details'

2020-03-20 09:43:12 - [MESSAGE][PASSED] - Keys '*' sent to object: 'Object Repository/ADMIN/Edit Text/Bespoke/Buyer Pages/Onboarding_Settings/input_Configure your profile and your settings here_item_details'

2020-03-20 09:43:12 - [TEST_STEP][PASSED] - sendKeys(findTestObject("ADMIN/Edit Text/Bespoke/Buyer Pages/Onboarding_Settings/input_PROFILE_tab-title"), "*"): Keys '*' sent to object: 'Object Repository/ADMIN/Edit Text/Bespoke/Buyer Pages/Onboarding_Settings/input_PROFILE_tab-title'

2020-03-20 09:43:12 - [MESSAGE][PASSED] - Keys '*' sent to object: 'Object Repository/ADMIN/Edit Text/Bespoke/Buyer Pages/Onboarding_Settings/input_PROFILE_tab-title'

2020-03-20 09:43:12 - [TEST_STEP][PASSED] - sendKeys(findTestObject("ADMIN/Edit Text/Bespoke/Buyer Pages/Onboarding_Settings/input_CHANGE_btn_upload"), "*"): Keys '*' sent to object: 'Object Repository/ADMIN/Edit Text/Bespoke/Buyer Pages/Onboarding_Settings/input_CHANGE_btn_upload'

2020-03-20 09:43:12 - [MESSAGE][PASSED] - Keys '*' sent to object: 'Object Repository/ADMIN/Edit Text/Bespoke/Buyer Pages/Onboarding_Settings/input_CHANGE_btn_upload'

2020-03-20 09:43:12 - [TEST_STEP][PASSED] - sendKeys(findTestObject("ADMIN/Edit Text/Bespoke/Buyer Pages/Onboarding_Settings/input_DISPLAY NAME_display-name"), "*"): Keys '*' sent to object: 'Object Repository/ADMIN/Edit Text/Bespoke/Buyer Pages/Onboarding_Settings/input_DISPLAY NAME_display-name'

2020-03-20 09:43:13 - [MESSAGE][PASSED] - Keys '*' sent to object: 'Object Repository/ADMIN/Edit Text/Bespoke/Buyer Pages/Onboarding_Settings/input_DISPLAY NAME_display-name'

2020-03-20 09:43:13 - [TEST_STEP][PASSED] - sendKeys(findTestObject("ADMIN/Edit Text/Bespoke/Buyer Pages/Onboarding_Settings/input_FIRST NAME_first-name"), "*"): Keys '*' sent to object: 'Object Repository/ADMIN/Edit Text/Bespoke/Buyer Pages/Onboarding_Settings/input_FIRST NAME_first-name'

2020-03-20 09:43:13 - [MESSAGE][PASSED] - Keys '*' sent to object: 'Object Repository/ADMIN/Edit Text/Bespoke/Buyer Pages/Onboarding_Settings/input_FIRST NAME_first-name'

2020-03-20 09:43:13 - [TEST_STEP][PASSED] - sendKeys(findTestObject("ADMIN/Edit Text/Bespoke/Buyer Pages/Onboarding_Settings/input_LAST NAME_last-name"), "*"): Keys '*' sent to object: 'Object Repository/ADMIN/Edit Text/Bespoke/Buyer Pages/Onboarding_Settings/input_LAST NAME_last-name'

2020-03-20 09:43:13 - [MESSAGE][PASSED] - Keys '*' sent to object: 'Object Repository/ADMIN/Edit Text/Bespoke/Buyer Pages/Onboarding_Settings/input_LAST NAME_last-name'

2020-03-20 09:43:13 - [TEST_STEP][PASSED] - sendKeys(findTestObject("ADMIN/Edit Text/Bespoke/Buyer Pages/Onboarding_Settings/input_NOTIFICATION EMAIL_notification-email"), "*"): Keys '*' sent to object: 'Object Repository/ADMIN/Edit Text/Bespoke/Buyer Pages/Onboarding_Settings/input_NOTIFICATION EMAIL_notification-email'

2020-03-20 09:43:13 - [MESSAGE][PASSED] - Keys '*' sent to object: 'Object Repository/ADMIN/Edit Text/Bespoke/Buyer Pages/Onboarding_Settings/input_NOTIFICATION EMAIL_notification-email'

2020-03-20 09:43:13 - [TEST_STEP][PASSED] - sendKeys(findTestObject("ADMIN/Edit Text/Bespoke/Buyer Pages/Onboarding_Settings/input_CONTACT NUMBER_contact-number"), "*"): Keys '*' sent to object: 'Object Repository/ADMIN/Edit Text/Bespoke/Buyer Pages/Onboarding_Settings/input_CONTACT NUMBER_contact-number'

2020-03-20 09:43:13 - [MESSAGE][PASSED] - Keys '*' sent to object: 'Object Repository/ADMIN/Edit Text/Bespoke/Buyer Pages/Onboarding_Settings/input_CONTACT NUMBER_contact-number'

2020-03-20 09:43:13 - [TEST_STEP][PASSED] - sendKeys(findTestObject("ADMIN/Edit Text/Bespoke/Buyer Pages/Onboarding_Settings/input_OPENID LOGIN_open-id-login"), "*"): Keys '*' sent to object: 'Object Repository/ADMIN/Edit Text/Bespoke/Buyer Pages/Onboarding_Settings/input_OPENID LOGIN_open-id-login'

2020-03-20 09:43:13 - [MESSAGE][PASSED] - Keys '*' sent to object: 'Object Repository/ADMIN/Edit Text/Bespoke/Buyer Pages/Onboarding_Settings/input_OPENID LOGIN_open-id-login'

2020-03-20 09:43:13 - [TEST_STEP][PASSED] - sendKeys(findTestObject("ADMIN/Edit Text/Bespoke/Buyer Pages/Onboarding_Settings/input_NEXT_btn_next"), "*"): Keys '*' sent to object: 'Object Repository/ADMIN/Edit Text/Bespoke/Buyer Pages/Onboarding_Settings/input_NEXT_btn_next'

2020-03-20 09:43:13 - [MESSAGE][PASSED] - Keys '*' sent to object: 'Object Repository/ADMIN/Edit Text/Bespoke/Buyer Pages/Onboarding_Settings/input_NEXT_btn_next'

2020-03-20 09:43:13 - [TEST_STEP][PASSED] - sendKeys(findTestObject("ADMIN/Edit Text/Bespoke/Buyer Pages/Onboarding_Settings/input_ADDRESS_tab-title"), "*"): Keys '*' sent to object: 'Object Repository/ADMIN/Edit Text/Bespoke/Buyer Pages/Onboarding_Settings/input_ADDRESS_tab-title'

2020-03-20 09:43:14 - [MESSAGE][PASSED] - Keys '*' sent to object: 'Object Repository/ADMIN/Edit Text/Bespoke/Buyer Pages/Onboarding_Settings/input_ADDRESS_tab-title'

2020-03-20 09:43:14 - [TEST_STEP][PASSED] - sendKeys(findTestObject("ADMIN/Edit Text/Bespoke/Buyer Pages/Onboarding_Settings/input_NEW DELIVERY ADDRESS_new-delivery-address"), "*"): Keys '*' sent to object: 'Object Repository/ADMIN/Edit Text/Bespoke/Buyer Pages/Onboarding_Settings/input_NEW DELIVERY ADDRESS_new-delivery-address'

2020-03-20 09:43:14 - [MESSAGE][PASSED] - Keys '*' sent to object: 'Object Repository/ADMIN/Edit Text/Bespoke/Buyer Pages/Onboarding_Settings/input_NEW DELIVERY ADDRESS_new-delivery-address'

2020-03-20 09:43:14 - [TEST_STEP][PASSED] - sendKeys(findTestObject("ADMIN/Edit Text/Bespoke/Buyer Pages/Onboarding_Settings/input_ADDRESSEE FIRST NAME_addressee-first-name"), "*"): Keys '*' sent to object: 'Object Repository/ADMIN/Edit Text/Bespoke/Buyer Pages/Onboarding_Settings/input_ADDRESSEE FIRST NAME_addressee-first-name'

2020-03-20 09:43:14 - [MESSAGE][PASSED] - Keys '*' sent to object: 'Object Repository/ADMIN/Edit Text/Bespoke/Buyer Pages/Onboarding_Settings/input_ADDRESSEE FIRST NAME_addressee-first-name'

2020-03-20 09:43:14 - [TEST_STEP][PASSED] - sendKeys(findTestObject("ADMIN/Edit Text/Bespoke/Buyer Pages/Onboarding_Settings/input_ADDRESSEE LAST NAME_addressee-last-name"), "*"): Keys '*' sent to object: 'Object Repository/ADMIN/Edit Text/Bespoke/Buyer Pages/Onboarding_Settings/input_ADDRESSEE LAST NAME_addressee-last-name'

2020-03-20 09:43:14 - [MESSAGE][PASSED] - Keys '*' sent to object: 'Object Repository/ADMIN/Edit Text/Bespoke/Buyer Pages/Onboarding_Settings/input_ADDRESSEE LAST NAME_addressee-last-name'

2020-03-20 09:43:14 - [TEST_STEP][PASSED] - sendKeys(findTestObject("ADMIN/Edit Text/Bespoke/Buyer Pages/Onboarding_Settings/input_ADDRESS_address"), "*"): Keys '*' sent to object: 'Object Repository/ADMIN/Edit Text/Bespoke/Buyer Pages/Onboarding_Settings/input_ADDRESS_address'

2020-03-20 09:43:14 - [MESSAGE][PASSED] - Keys '*' sent to object: 'Object Repository/ADMIN/Edit Text/Bespoke/Buyer Pages/Onboarding_Settings/input_ADDRESS_address'

2020-03-20 09:43:14 - [TEST_STEP][PASSED] - sendKeys(findTestObject("ADMIN/Edit Text/Bespoke/Buyer Pages/Onboarding_Settings/input_COUNTRY_address-country"), "*"): Keys '*' sent to object: 'Object Repository/ADMIN/Edit Text/Bespoke/Buyer Pages/Onboarding_Settings/input_COUNTRY_address-country'

2020-03-20 09:43:14 - [MESSAGE][PASSED] - Keys '*' sent to object: 'Object Repository/ADMIN/Edit Text/Bespoke/Buyer Pages/Onboarding_Settings/input_COUNTRY_address-country'

2020-03-20 09:43:14 - [TEST_STEP][PASSED] - sendKeys(findTestObject("ADMIN/Edit Text/Bespoke/Buyer Pages/Onboarding_Settings/input_State_address-state"), "*"): Keys '*' sent to object: 'Object Repository/ADMIN/Edit Text/Bespoke/Buyer Pages/Onboarding_Settings/input_State_address-state'

2020-03-20 09:43:15 - [MESSAGE][PASSED] - Keys '*' sent to object: 'Object Repository/ADMIN/Edit Text/Bespoke/Buyer Pages/Onboarding_Settings/input_State_address-state'

2020-03-20 09:43:15 - [TEST_STEP][PASSED] - sendKeys(findTestObject("ADMIN/Edit Text/Bespoke/Buyer Pages/Onboarding_Settings/input_CITY_address-city"), "*"): Keys '*' sent to object: 'Object Repository/ADMIN/Edit Text/Bespoke/Buyer Pages/Onboarding_Settings/input_CITY_address-city'

2020-03-20 09:43:15 - [MESSAGE][PASSED] - Keys '*' sent to object: 'Object Repository/ADMIN/Edit Text/Bespoke/Buyer Pages/Onboarding_Settings/input_CITY_address-city'

2020-03-20 09:43:15 - [TEST_STEP][PASSED] - sendKeys(findTestObject("ADMIN/Edit Text/Bespoke/Buyer Pages/Onboarding_Settings/input_POSTAL CODE_address-postalcode"), "*"): Keys '*' sent to object: 'Object Repository/ADMIN/Edit Text/Bespoke/Buyer Pages/Onboarding_Settings/input_POSTAL CODE_address-postalcode'

2020-03-20 09:43:15 - [MESSAGE][PASSED] - Keys '*' sent to object: 'Object Repository/ADMIN/Edit Text/Bespoke/Buyer Pages/Onboarding_Settings/input_POSTAL CODE_address-postalcode'

2020-03-20 09:43:15 - [TEST_STEP][PASSED] - sendKeys(findTestObject("ADMIN/Edit Text/Bespoke/Buyer Pages/Onboarding_Settings/input_SELECT COUNTRY_select-country"), "*"): Keys '*' sent to object: 'Object Repository/ADMIN/Edit Text/Bespoke/Buyer Pages/Onboarding_Settings/input_SELECT COUNTRY_select-country'

2020-03-20 09:43:15 - [MESSAGE][PASSED] - Keys '*' sent to object: 'Object Repository/ADMIN/Edit Text/Bespoke/Buyer Pages/Onboarding_Settings/input_SELECT COUNTRY_select-country'

2020-03-20 09:43:15 - [TEST_STEP][PASSED] - sendKeys(findTestObject("ADMIN/Edit Text/Bespoke/Buyer Pages/Onboarding_Settings/input_Select City"), "*"): Keys '*' sent to object: 'Object Repository/ADMIN/Edit Text/Bespoke/Buyer Pages/Onboarding_Settings/input_Select City'

2020-03-20 09:43:15 - [MESSAGE][PASSED] - Keys '*' sent to object: 'Object Repository/ADMIN/Edit Text/Bespoke/Buyer Pages/Onboarding_Settings/input_Select City'

2020-03-20 09:43:15 - [TEST_STEP][PASSED] - sendKeys(findTestObject("ADMIN/Edit Text/Bespoke/Buyer Pages/Onboarding_Settings/input_ADD ADDRESS_btn_add"), "*"): Keys '*' sent to object: 'Object Repository/ADMIN/Edit Text/Bespoke/Buyer Pages/Onboarding_Settings/input_ADD ADDRESS_btn_add'

2020-03-20 09:43:15 - [MESSAGE][PASSED] - Keys '*' sent to object: 'Object Repository/ADMIN/Edit Text/Bespoke/Buyer Pages/Onboarding_Settings/input_ADD ADDRESS_btn_add'

2020-03-20 09:43:15 - [TEST_STEP][PASSED] - sendKeys(findTestObject("ADMIN/Edit Text/Bespoke/Buyer Pages/Onboarding_Settings/input_SAVED ADDRESSES_address-saved"), "*"): Keys '*' sent to object: 'Object Repository/ADMIN/Edit Text/Bespoke/Buyer Pages/Onboarding_Settings/input_SAVED ADDRESSES_address-saved'

2020-03-20 09:43:15 - [MESSAGE][PASSED] - Keys '*' sent to object: 'Object Repository/ADMIN/Edit Text/Bespoke/Buyer Pages/Onboarding_Settings/input_SAVED ADDRESSES_address-saved'

2020-03-20 09:43:15 - [TEST_STEP][PASSED] - sendKeys(findTestObject("ADMIN/Edit Text/Bespoke/Buyer Pages/Onboarding_Settings/input_SAVE_btn_next"), "*"): Keys '*' sent to object: 'Object Repository/ADMIN/Edit Text/Bespoke/Buyer Pages/Onboarding_Settings/input_SAVE_btn_next'

2020-03-20 09:43:15 - [MESSAGE][PASSED] - Keys '*' sent to object: 'Object Repository/ADMIN/Edit Text/Bespoke/Buyer Pages/Onboarding_Settings/input_SAVE_btn_next'

2020-03-20 09:43:15 - [TEST_STEP][PASSED] - sendKeys(findTestObject("ADMIN/Edit Text/Bespoke/Buyer Pages/Onboarding_Settings/input_Are you sure want to delete_popup-title"), "*"): Keys '*' sent to object: 'Object Repository/ADMIN/Edit Text/Bespoke/Buyer Pages/Onboarding_Settings/input_Are you sure want to delete_popup-title'

2020-03-20 09:43:16 - [MESSAGE][PASSED] - Keys '*' sent to object: 'Object Repository/ADMIN/Edit Text/Bespoke/Buyer Pages/Onboarding_Settings/input_Are you sure want to delete_popup-title'

2020-03-20 09:43:16 - [TEST_STEP][PASSED] - sendKeys(findTestObject("ADMIN/Edit Text/Bespoke/Buyer Pages/Onboarding_Settings/input_CANCEL_btn_cancel"), "*"): Keys '*' sent to object: 'Object Repository/ADMIN/Edit Text/Bespoke/Buyer Pages/Onboarding_Settings/input_CANCEL_btn_cancel'

2020-03-20 09:43:16 - [MESSAGE][PASSED] - Keys '*' sent to object: 'Object Repository/ADMIN/Edit Text/Bespoke/Buyer Pages/Onboarding_Settings/input_CANCEL_btn_cancel'

2020-03-20 09:43:16 - [TEST_STEP][PASSED] - sendKeys(findTestObject("ADMIN/Edit Text/Bespoke/Buyer Pages/Onboarding_Settings/input_OK_btn_okay"), "*"): Keys '*' sent to object: 'Object Repository/ADMIN/Edit Text/Bespoke/Buyer Pages/Onboarding_Settings/input_OK_btn_okay'

2020-03-20 09:43:16 - [MESSAGE][PASSED] - Keys '*' sent to object: 'Object Repository/ADMIN/Edit Text/Bespoke/Buyer Pages/Onboarding_Settings/input_OK_btn_okay'

2020-03-20 09:43:16 - [TEST_STEP][PASSED] - click(findTestObject("ADMIN/Edit Text/Bespoke/Buyer Pages/Homepage/button_save"), CONTINUE_ON_FAILURE): Object: 'Object Repository/ADMIN/Edit Text/Bespoke/Buyer Pages/Homepage/button_save' is clicked on

2020-03-20 09:43:16 - [MESSAGE][PASSED] - Object: 'Object Repository/ADMIN/Edit Text/Bespoke/Buyer Pages/Homepage/button_save' is clicked on

2020-03-20 09:43:16 - [TEST_STEP][PASSED] - waitForElementVisible(findTestObject("ADMIN/Edit Text/Bespoke/Buyer Pages/Homepage/toaster_success"), 0): Object 'Object Repository/ADMIN/Edit Text/Bespoke/Buyer Pages/Homepage/toaster_success' is visible

2020-03-20 09:43:16 - [MESSAGE][WARNING] - Timeout '0' is invalid. Using default page load timeout: '30'

2020-03-20 09:43:17 - [MESSAGE][PASSED] - Object 'Object Repository/ADMIN/Edit Text/Bespoke/Buyer Pages/Homepage/toaster_success' is visible]]></system-out>
         <system-err><![CDATA[]]></system-err>
      </testcase>
      <system-out><![CDATA[2020-03-20 09:41:20 - [TEST_SUITE][PASSED] - Bespoke Buyer Pages: Test Cases/ADMIN/Language/Edit Text/Bespoke/Buyer Pages/Onboarding_Settings]]></system-out>
      <system-err><![CDATA[]]></system-err>
   </testsuite>
</testsuites>
