<?xml version="1.0" encoding="UTF-8"?>
<testsuites name="Merchant Add Service" time="222" tests="0" failures="1" errors="0">
   <testsuite name="Merchant Add Service" tests="0" failures="1" errors="0" time="222" timestamp="2019-05-17 12:40:48" hostname="Arcadier - Arcadier-PC" id="Test Suites/Suites/Merchant Add Service">
      <properties>
         <property name="deviceName" value=""/>
         <property name="devicePlatform" value=""/>
         <property name="logFolder" value="C:\\Users\\Arcadier\\git\\Arctick\\Reports\\Suites\\Merchant Add Service\\20190517_124046"/>
         <property name="logFiles" value="C:\\Users\\Arcadier\\git\\Arctick\\Reports\\Suites\\Merchant Add Service\\20190517_124046\\execution0.log"/>
         <property name="attachments" value="C:\\Users\\Arcadier\\git\\Arctick\\Reports\\Suites\\Merchant Add Service\\20190517_124046\\1558068058498.png, C:\\Users\\Arcadier\\git\\Arctick\\Reports\\Suites\\Merchant Add Service\\20190517_124046\\1558068076574.png, C:\\Users\\Arcadier\\git\\Arctick\\Reports\\Suites\\Merchant Add Service\\20190517_124046\\1558068109091.png, C:\\Users\\Arcadier\\git\\Arctick\\Reports\\Suites\\Merchant Add Service\\20190517_124046\\1558068141142.png, C:\\Users\\Arcadier\\git\\Arctick\\Reports\\Suites\\Merchant Add Service\\20190517_124046\\1558068173233.png, C:\\Users\\Arcadier\\git\\Arctick\\Reports\\Suites\\Merchant Add Service\\20190517_124046\\1558068205537.png, C:\\Users\\Arcadier\\git\\Arctick\\Reports\\Suites\\Merchant Add Service\\20190517_124046\\1558068237441.png, C:\\Users\\Arcadier\\git\\Arctick\\Reports\\Suites\\Merchant Add Service\\20190517_124046\\1558068269728.png"/>
         <property name="hostName" value="Arcadier - Arcadier-PC"/>
         <property name="os" value="Windows 7 64bit"/>
         <property name="katalonVersion" value="5.4.2.1"/>
         <property name="browser" value="Chrome 74.0.3729.131"/>
         <property name="hostAddress" value="10.10.31.95"/>
         <property name="sessionId" value="ce4672481a6941dd6bb710a9805e487f"/>
         <property name="seleniumVersion" value="3.7.1"/>
         <property name="proxyInformation" value="ProxyInformation{proxyOption=NO_PROXY, proxyServerType=HTTP, password=, proxyServerAddress=, proxyServerPort=0}"/>
         <property name="platform" value="Windows 7"/>
      </properties>
      <testcase name="Test Cases/MERCHANT/SPACETIME/Service Creation/Add Service" classname="Test Cases/MERCHANT/SPACETIME/Service Creation/Add Service" status="FAILED">
         <failure type="FAILED" message="Unable to click on object 'Object Repository/MERCHANT/SpaceTime/Service Creation/Schedule/toggle_24 7' (Root cause: org.openqa.selenium.ElementNotVisibleException: element not visible
  (Session info: chrome=74.0.3729.131)
  (Driver info: chromedriver=2.35.528161 (5b82f2d2aae0ca24b877009200ced9065a772e73),platform=Windows NT 6.1.7601 SP1 x86_64) (WARNING: The server did not provide any stacktrace information)
Command duration or timeout: 0 milliseconds
Build info: version: '3.7.1', revision: '8a0099a', time: '2017-11-06T21:07:36.161Z'
System info: host: 'ARCADIER-PC', ip: '10.10.31.95', os.name: 'Windows 7', os.arch: 'amd64', os.version: '6.1', java.version: '1.8.0_102'
Driver info: com.kms.katalon.core.webui.driver.ExistingRemoteWebDriver
Capabilities {javascriptEnabled: true, platform: ANY, platformName: ANY}
Session ID: ce4672481a6941dd6bb710a9805e487f)"/>
         <system-out><![CDATA[2019-05-17 12:40:48 - [TEST_CASE][FAILED] - Test Cases/MERCHANT/SPACETIME/Service Creation/Add Service: Test Cases/MERCHANT/SPACETIME/Service Creation/Add Service FAILED because (of) Unable to click on object 'Object Repository/MERCHANT/SpaceTime/Service Creation/Schedule/toggle_24 7' (Root cause: org.openqa.selenium.ElementNotVisibleException: element not visible
  (Session info: chrome=74.0.3729.131)
  (Driver info: chromedriver=2.35.528161 (5b82f2d2aae0ca24b877009200ced9065a772e73),platform=Windows NT 6.1.7601 SP1 x86_64) (WARNING: The server did not provide any stacktrace information)
Command duration or timeout: 0 milliseconds
Build info: version: '3.7.1', revision: '8a0099a', time: '2017-11-06T21:07:36.161Z'
System info: host: 'ARCADIER-PC', ip: '10.10.31.95', os.name: 'Windows 7', os.arch: 'amd64', os.version: '6.1', java.version: '1.8.0_102'
Driver info: com.kms.katalon.core.webui.driver.ExistingRemoteWebDriver
Capabilities {javascriptEnabled: true, platform: ANY, platformName: ANY}
Session ID: ce4672481a6941dd6bb710a9805e487f)

2019-05-17 12:40:48 - [TEST_STEP][PASSED] - waitForElementVisible: Object 'Object Repository/MERCHANT/SpaceTime/Listing Page/header_Your Services' is visible

2019-05-17 12:40:49 - [MESSAGE][WARNING] - Timeout '0' is invalid. Using default page load timeout: '30'

2019-05-17 12:40:50 - [MESSAGE][PASSED] - Object 'Object Repository/MERCHANT/SpaceTime/Listing Page/header_Your Services' is visible

2019-05-17 12:40:50 - [TEST_STEP][PASSED] - click: Object: 'Object Repository/MERCHANT/SpaceTime/Listing Page/header_Your Services' is clicked on

2019-05-17 12:40:52 - [MESSAGE][PASSED] - Object: 'Object Repository/MERCHANT/SpaceTime/Listing Page/header_Your Services' is clicked on

2019-05-17 12:40:52 - [TEST_STEP][PASSED] - waitForElementVisible: Object 'Object Repository/MERCHANT/SpaceTime/Listing Page/button_Add listings' is visible

2019-05-17 12:40:52 - [MESSAGE][WARNING] - Timeout '0' is invalid. Using default page load timeout: '30'

2019-05-17 12:40:52 - [MESSAGE][PASSED] - Object 'Object Repository/MERCHANT/SpaceTime/Listing Page/button_Add listings' is visible

2019-05-17 12:40:52 - [TEST_STEP][PASSED] - click: Object: 'Object Repository/MERCHANT/SpaceTime/Listing Page/button_Add listings' is clicked on

2019-05-17 12:40:54 - [MESSAGE][PASSED] - Object: 'Object Repository/MERCHANT/SpaceTime/Listing Page/button_Add listings' is clicked on

2019-05-17 12:40:54 - [TEST_STEP][PASSED] - comment: Basic Details

2019-05-17 12:40:54 - [TEST_STEP][PASSED] - waitForElementVisible: Object 'Object Repository/MERCHANT/SpaceTime/Service Creation/Basic Details/checkbox_cat1' is visible

2019-05-17 12:40:54 - [MESSAGE][WARNING] - Timeout '0' is invalid. Using default page load timeout: '30'

2019-05-17 12:40:55 - [MESSAGE][PASSED] - Object 'Object Repository/MERCHANT/SpaceTime/Service Creation/Basic Details/checkbox_cat1' is visible

2019-05-17 12:40:55 - [TEST_STEP][PASSED] - click: Object: 'Object Repository/MERCHANT/SpaceTime/Service Creation/Basic Details/checkbox_cat1' is clicked on

2019-05-17 12:40:55 - [MESSAGE][PASSED] - Object: 'Object Repository/MERCHANT/SpaceTime/Service Creation/Basic Details/checkbox_cat1' is clicked on

2019-05-17 12:40:55 - [TEST_STEP][PASSED] - setText: Text 'Default' is set on object 'Object Repository/MERCHANT/SpaceTime/Service Creation/Basic Details/textbox_service name'

2019-05-17 12:40:55 - [MESSAGE][PASSED] - Text 'Default' is set on object 'Object Repository/MERCHANT/SpaceTime/Service Creation/Basic Details/textbox_service name'

2019-05-17 12:40:55 - [TEST_STEP][PASSED] - setText: Text 'Lorem ipsum dolor sit amet, consectetur adipiscing elit, sed do eiusmod tempor incididunt ut labore et dolore magna aliqua. Ut enim ad minim veniam, quis nostrud exercitation ullamco laboris nisi ut aliquip ex ea commodo consequat. Duis aute irure dolor in reprehenderit in voluptate velit esse cillum dolore eu fugiat nulla pariatur. Excepteur sint occaecat cupidatat non proident, sunt in culpa qui officia deserunt mollit anim id est laborum.' is set on object 'Object Repository/MERCHANT/SpaceTime/Service Creation/Basic Details/textbox_description'

2019-05-17 12:40:57 - [MESSAGE][PASSED] - Text 'Lorem ipsum dolor sit amet, consectetur adipiscing elit, sed do eiusmod tempor incididunt ut labore et dolore magna aliqua. Ut enim ad minim veniam, quis nostrud exercitation ullamco laboris nisi ut aliquip ex ea commodo consequat. Duis aute irure dolor in reprehenderit in voluptate velit esse cillum dolore eu fugiat nulla pariatur. Excepteur sint occaecat cupidatat non proident, sunt in culpa qui officia deserunt mollit anim id est laborum.' is set on object 'Object Repository/MERCHANT/SpaceTime/Service Creation/Basic Details/textbox_description'

2019-05-17 12:40:57 - [TEST_STEP][PASSED] - click: Object: 'Object Repository/MERCHANT/SpaceTime/Service Creation/Basic Details/dropdown_booking type' is clicked on

2019-05-17 12:40:57 - [MESSAGE][PASSED] - Object: 'Object Repository/MERCHANT/SpaceTime/Service Creation/Basic Details/dropdown_booking type' is clicked on

2019-05-17 12:40:57 - [TEST_STEP][PASSED] - selectOptionByLabel: All options with label 'Default' are selected in object 'Object Repository/MERCHANT/SpaceTime/Service Creation/Basic Details/dropdown_booking type' 

2019-05-17 12:40:57 - [MESSAGE][PASSED] - All options with label 'Default' are selected in object 'Object Repository/MERCHANT/SpaceTime/Service Creation/Basic Details/dropdown_booking type' 

2019-05-17 12:40:57 - [TEST_STEP][PASSED] - click: Object: 'Object Repository/MERCHANT/SpaceTime/Service Creation/Basic Details/Default Duration/label_ day' is clicked on

2019-05-17 12:40:57 - [MESSAGE][PASSED] - Object: 'Object Repository/MERCHANT/SpaceTime/Service Creation/Basic Details/Default Duration/label_ day' is clicked on

2019-05-17 12:40:57 - [TEST_STEP][PASSED] - setText: Text '20' is set on object 'Object Repository/MERCHANT/SpaceTime/Service Creation/Basic Details/textbox_price'

2019-05-17 12:40:57 - [MESSAGE][PASSED] - Text '20' is set on object 'Object Repository/MERCHANT/SpaceTime/Service Creation/Basic Details/textbox_price'

2019-05-17 12:40:57 - [TEST_STEP][PASSED] - Statement - If (varUnlimitedBookings == "yes"): null

2019-05-17 12:40:57 - [TEST_STEP][PASSED] - Statement - Else If (varUnlimitedBookings == "no"): Object 'Object Repository/MERCHANT/SpaceTime/Service Creation/Basic Details/Toggle/span_onoffswitch-switch' is present

2019-05-17 12:40:57 - [TEST_STEP][PASSED] - verifyElementPresent: Object 'Object Repository/MERCHANT/SpaceTime/Service Creation/Basic Details/Toggle/span_onoffswitch-switch' is present

2019-05-17 12:40:57 - [MESSAGE][WARNING] - Timeout '0' is invalid. Using default page load timeout: '30'

2019-05-17 12:40:57 - [MESSAGE][PASSED] - Object 'Object Repository/MERCHANT/SpaceTime/Service Creation/Basic Details/Toggle/span_onoffswitch-switch' is present

2019-05-17 12:40:57 - [TEST_STEP][PASSED] - setText: Text '3' is set on object 'Object Repository/MERCHANT/SpaceTime/Service Creation/Basic Details/textbox_max bookings'

2019-05-17 12:40:58 - [MESSAGE][PASSED] - Text '3' is set on object 'Object Repository/MERCHANT/SpaceTime/Service Creation/Basic Details/textbox_max bookings'

2019-05-17 12:40:58 - [TEST_STEP][PASSED] - Statement - If (varServiceType == "negotiation"): null

2019-05-17 12:40:58 - [TEST_STEP][PASSED] - Statement - Else If (varServiceType == "both"): Object: 'Object Repository/MERCHANT/SpaceTime/Service Creation/Basic Details/button_ Negotiation' is clicked on

2019-05-17 12:40:58 - [TEST_STEP][PASSED] - click: Object: 'Object Repository/MERCHANT/SpaceTime/Service Creation/Basic Details/button_ Negotiation' is clicked on

2019-05-17 12:40:58 - [MESSAGE][PASSED] - Object: 'Object Repository/MERCHANT/SpaceTime/Service Creation/Basic Details/button_ Negotiation' is clicked on

2019-05-17 12:40:58 - [TEST_STEP][PASSED] - click: Object: 'Object Repository/MERCHANT/SpaceTime/Service Creation/Basic Details/button_Next basic details' is clicked on

2019-05-17 12:40:58 - [MESSAGE][PASSED] - Object: 'Object Repository/MERCHANT/SpaceTime/Service Creation/Basic Details/button_Next basic details' is clicked on

2019-05-17 12:40:58 - [TEST_STEP][PASSED] - comment: Schedule

2019-05-17 12:40:58 - [TEST_STEP][PASSED] - waitForElementVisible: Object 'Object Repository/MERCHANT/SpaceTime/Service Creation/Schedule/247 toggle/span_onoffswitch-switch' is visible

2019-05-17 12:40:58 - [MESSAGE][WARNING] - Timeout '0' is invalid. Using default page load timeout: '30'

2019-05-17 12:40:58 - [MESSAGE][PASSED] - Object 'Object Repository/MERCHANT/SpaceTime/Service Creation/Schedule/247 toggle/span_onoffswitch-switch' is visible

2019-05-17 12:40:58 - [TEST_STEP][PASSED] - Statement - If (varOperation == "24/7"): null

2019-05-17 12:40:58 - [TEST_STEP][FAILED] - Statement - Else If (varOperation == "not 24/7"): Unable to click on object 'Object Repository/MERCHANT/SpaceTime/Service Creation/Schedule/toggle_24 7' (Root cause: org.openqa.selenium.ElementNotVisibleException: element not visible
  (Session info: chrome=74.0.3729.131)
  (Driver info: chromedriver=2.35.528161 (5b82f2d2aae0ca24b877009200ced9065a772e73),platform=Windows NT 6.1.7601 SP1 x86_64) (WARNING: The server did not provide any stacktrace information)
Command duration or timeout: 0 milliseconds
Build info: version: '3.7.1', revision: '8a0099a', time: '2017-11-06T21:07:36.161Z'
System info: host: 'ARCADIER-PC', ip: '10.10.31.95', os.name: 'Windows 7', os.arch: 'amd64', os.version: '6.1', java.version: '1.8.0_102'
Driver info: com.kms.katalon.core.webui.driver.ExistingRemoteWebDriver
Capabilities {javascriptEnabled: true, platform: ANY, platformName: ANY}
Session ID: ce4672481a6941dd6bb710a9805e487f)

2019-05-17 12:40:58 - [TEST_STEP][FAILED] - click: Unable to click on object 'Object Repository/MERCHANT/SpaceTime/Service Creation/Schedule/toggle_24 7' (Root cause: org.openqa.selenium.ElementNotVisibleException: element not visible
  (Session info: chrome=74.0.3729.131)
  (Driver info: chromedriver=2.35.528161 (5b82f2d2aae0ca24b877009200ced9065a772e73),platform=Windows NT 6.1.7601 SP1 x86_64) (WARNING: The server did not provide any stacktrace information)
Command duration or timeout: 0 milliseconds
Build info: version: '3.7.1', revision: '8a0099a', time: '2017-11-06T21:07:36.161Z'
System info: host: 'ARCADIER-PC', ip: '10.10.31.95', os.name: 'Windows 7', os.arch: 'amd64', os.version: '6.1', java.version: '1.8.0_102'
Driver info: com.kms.katalon.core.webui.driver.ExistingRemoteWebDriver
Capabilities {javascriptEnabled: true, platform: ANY, platformName: ANY}
Session ID: ce4672481a6941dd6bb710a9805e487f)

2019-05-17 12:40:58 - [MESSAGE][FAILED] - Unable to click on object 'Object Repository/MERCHANT/SpaceTime/Service Creation/Schedule/toggle_24 7' (Root cause: org.openqa.selenium.ElementNotVisibleException: element not visible
  (Session info: chrome=74.0.3729.131)
  (Driver info: chromedriver=2.35.528161 (5b82f2d2aae0ca24b877009200ced9065a772e73),platform=Windows NT 6.1.7601 SP1 x86_64) (WARNING: The server did not provide any stacktrace information)
Command duration or timeout: 0 milliseconds
Build info: version: '3.7.1', revision: '8a0099a', time: '2017-11-06T21:07:36.161Z'
System info: host: 'ARCADIER-PC', ip: '10.10.31.95', os.name: 'Windows 7', os.arch: 'amd64', os.version: '6.1', java.version: '1.8.0_102'
Driver info: com.kms.katalon.core.webui.driver.ExistingRemoteWebDriver
Capabilities {javascriptEnabled: true, platform: ANY, platformName: ANY}
Session ID: ce4672481a6941dd6bb710a9805e487f)
[[ATTACHMENT|C:\\Users\\Arcadier\\git\\Arctick\\Reports\\Suites\\Merchant Add Service\\20190517_124046\\1558068058498.png]]

2019-05-17 12:40:58 - [TEST_STEP][PASSED] - click: Object: 'Object Repository/MERCHANT/SpaceTime/Service Creation/Schedule/247 toggle/span_onoffswitch-switch' is clicked on

2019-05-17 12:40:59 - [MESSAGE][PASSED] - Object: 'Object Repository/MERCHANT/SpaceTime/Service Creation/Schedule/247 toggle/span_onoffswitch-switch' is clicked on

2019-05-17 12:40:59 - [TEST_STEP][PASSED] - click: Object: 'Object Repository/MERCHANT/SpaceTime/Service Creation/Schedule/button_Next schedule' is clicked on

2019-05-17 12:40:59 - [MESSAGE][PASSED] - Object: 'Object Repository/MERCHANT/SpaceTime/Service Creation/Schedule/button_Next schedule' is clicked on

2019-05-17 12:40:59 - [TEST_STEP][PASSED] - comment: Image

2019-05-17 12:40:59 - [TEST_STEP][PASSED] - waitForElementVisible: Object 'Object Repository/MERCHANT/SpaceTime/Service Creation/Images/button_Browse' is visible

2019-05-17 12:40:59 - [MESSAGE][WARNING] - Timeout '0' is invalid. Using default page load timeout: '30'

2019-05-17 12:40:59 - [MESSAGE][PASSED] - Object 'Object Repository/MERCHANT/SpaceTime/Service Creation/Images/button_Browse' is visible

2019-05-17 12:40:59 - [TEST_STEP][PASSED] - click: Object: 'Object Repository/MERCHANT/SpaceTime/Service Creation/Images/button_Browse' is clicked on

2019-05-17 12:40:59 - [MESSAGE][PASSED] - Object: 'Object Repository/MERCHANT/SpaceTime/Service Creation/Images/button_Browse' is clicked on

2019-05-17 12:40:59 - [TEST_STEP][PASSED] - delay: Delayed 1 second(s)

2019-05-17 12:41:00 - [MESSAGE][PASSED] - Delayed 1 second(s)

2019-05-17 12:41:00 - [TEST_STEP][PASSED] - uploadFile: File 'C:\\Katalon\\Image\\pic1.jpg' sent to object: 'Object Repository/MERCHANT/SpaceTime/Service Creation/Images/browse_img/img_upload container'

2019-05-17 12:41:00 - [MESSAGE][PASSED] - File 'C:\\Katalon\\Image\\pic1.jpg' sent to object: 'Object Repository/MERCHANT/SpaceTime/Service Creation/Images/browse_img/img_upload container'

2019-05-17 12:41:00 - [TEST_STEP][PASSED] - click: Object: 'Object Repository/MERCHANT/SpaceTime/Service Creation/Images/browse_img/button_ok' is clicked on

2019-05-17 12:41:00 - [MESSAGE][PASSED] - Object: 'Object Repository/MERCHANT/SpaceTime/Service Creation/Images/browse_img/button_ok' is clicked on

2019-05-17 12:41:00 - [TEST_STEP][PASSED] - delay: Delayed 1 second(s)

2019-05-17 12:41:01 - [MESSAGE][PASSED] - Delayed 1 second(s)

2019-05-17 12:41:01 - [TEST_STEP][PASSED] - scrollToElement: Scroll to object 'Object Repository/MERCHANT/SpaceTime/Service Creation/Images/button_Next images' successfully

2019-05-17 12:41:01 - [MESSAGE][WARNING] - Timeout '0' is invalid. Using default page load timeout: '30'

2019-05-17 12:41:01 - [MESSAGE][PASSED] - Scroll to object 'Object Repository/MERCHANT/SpaceTime/Service Creation/Images/button_Next images' successfully

2019-05-17 12:41:01 - [TEST_STEP][PASSED] - click: Object: 'Object Repository/MERCHANT/SpaceTime/Service Creation/Images/button_Next images' is clicked on

2019-05-17 12:41:01 - [MESSAGE][PASSED] - Object: 'Object Repository/MERCHANT/SpaceTime/Service Creation/Images/button_Next images' is clicked on

2019-05-17 12:41:01 - [TEST_STEP][PASSED] - comment: Add Ons

2019-05-17 12:41:01 - [TEST_STEP][PASSED] - waitForElementVisible: Object 'Object Repository/MERCHANT/SpaceTime/Service Creation/Add Ons/textbox_add on name' is visible

2019-05-17 12:41:01 - [MESSAGE][WARNING] - Timeout '0' is invalid. Using default page load timeout: '30'

2019-05-17 12:41:01 - [MESSAGE][PASSED] - Object 'Object Repository/MERCHANT/SpaceTime/Service Creation/Add Ons/textbox_add on name' is visible

2019-05-17 12:41:01 - [TEST_STEP][PASSED] - setText: Text 'Extra Service' is set on object 'Object Repository/MERCHANT/SpaceTime/Service Creation/Add Ons/textbox_add on name'

2019-05-17 12:41:02 - [MESSAGE][PASSED] - Text 'Extra Service' is set on object 'Object Repository/MERCHANT/SpaceTime/Service Creation/Add Ons/textbox_add on name'

2019-05-17 12:41:02 - [TEST_STEP][PASSED] - setText: Text '20' is set on object 'Object Repository/MERCHANT/SpaceTime/Service Creation/Add Ons/textbox_surcharge'

2019-05-17 12:41:02 - [MESSAGE][PASSED] - Text '20' is set on object 'Object Repository/MERCHANT/SpaceTime/Service Creation/Add Ons/textbox_surcharge'

2019-05-17 12:41:02 - [TEST_STEP][PASSED] - click: Object: 'Object Repository/MERCHANT/SpaceTime/Service Creation/Add Ons/button_Add' is clicked on

2019-05-17 12:41:02 - [MESSAGE][PASSED] - Object: 'Object Repository/MERCHANT/SpaceTime/Service Creation/Add Ons/button_Add' is clicked on

2019-05-17 12:41:02 - [TEST_STEP][PASSED] - click: Object: 'Object Repository/MERCHANT/SpaceTime/Service Creation/Add Ons/button_Next add ons' is clicked on

2019-05-17 12:41:02 - [MESSAGE][PASSED] - Object: 'Object Repository/MERCHANT/SpaceTime/Service Creation/Add Ons/button_Next add ons' is clicked on

2019-05-17 12:41:02 - [TEST_STEP][PASSED] - comment: Location

2019-05-17 12:41:02 - [TEST_STEP][FAILED] - waitForElementVisible: Unable to wait for object 'Object Repository/MERCHANT/SpaceTime/Service Creation/Location/textbox_address' to be visible (Root cause: org.openqa.selenium.StaleElementReferenceException: stale element reference: element is not attached to the page document
  (Session info: chrome=74.0.3729.131)
  (Driver info: chromedriver=2.35.528161 (5b82f2d2aae0ca24b877009200ced9065a772e73),platform=Windows NT 6.1.7601 SP1 x86_64) (WARNING: The server did not provide any stacktrace information)
Command duration or timeout: 0 milliseconds
For documentation on this error, please visit: http://seleniumhq.org/exceptions/stale_element_reference.html
Build info: version: '3.7.1', revision: '8a0099a', time: '2017-11-06T21:07:36.161Z'
System info: host: 'ARCADIER-PC', ip: '10.10.31.95', os.name: 'Windows 7', os.arch: 'amd64', os.version: '6.1', java.version: '1.8.0_102'
Driver info: com.kms.katalon.core.webui.driver.ExistingRemoteWebDriver
Capabilities {javascriptEnabled: true, platform: ANY, platformName: ANY}
Session ID: ce4672481a6941dd6bb710a9805e487f)

2019-05-17 12:41:02 - [MESSAGE][WARNING] - Timeout '0' is invalid. Using default page load timeout: '30'

2019-05-17 12:41:18 - [MESSAGE][FAILED] - Unable to wait for object 'Object Repository/MERCHANT/SpaceTime/Service Creation/Location/textbox_address' to be visible (Root cause: org.openqa.selenium.StaleElementReferenceException: stale element reference: element is not attached to the page document
  (Session info: chrome=74.0.3729.131)
  (Driver info: chromedriver=2.35.528161 (5b82f2d2aae0ca24b877009200ced9065a772e73),platform=Windows NT 6.1.7601 SP1 x86_64) (WARNING: The server did not provide any stacktrace information)
Command duration or timeout: 0 milliseconds
For documentation on this error, please visit: http://seleniumhq.org/exceptions/stale_element_reference.html
Build info: version: '3.7.1', revision: '8a0099a', time: '2017-11-06T21:07:36.161Z'
System info: host: 'ARCADIER-PC', ip: '10.10.31.95', os.name: 'Windows 7', os.arch: 'amd64', os.version: '6.1', java.version: '1.8.0_102'
Driver info: com.kms.katalon.core.webui.driver.ExistingRemoteWebDriver
Capabilities {javascriptEnabled: true, platform: ANY, platformName: ANY}
Session ID: ce4672481a6941dd6bb710a9805e487f)
[[ATTACHMENT|C:\\Users\\Arcadier\\git\\Arctick\\Reports\\Suites\\Merchant Add Service\\20190517_124046\\1558068076574.png]]

2019-05-17 12:41:18 - [TEST_STEP][FAILED] - setText: Unable to set text '6784 Ayala Avenue cor. V.A. Rufino Street, Legaspi Village, ' of object 'Object Repository/MERCHANT/SpaceTime/Service Creation/Location/textbox_address' (Root cause: com.kms.katalon.core.webui.exception.WebElementNotFoundException: Web element with id: 'Object Repository/MERCHANT/SpaceTime/Service Creation/Location/textbox_address' located by 'By.xpath: //input[@type = 'text' and @name = 'address']' not found)

2019-05-17 12:41:50 - [MESSAGE][FAILED] - Unable to set text '6784 Ayala Avenue cor. V.A. Rufino Street, Legaspi Village, ' of object 'Object Repository/MERCHANT/SpaceTime/Service Creation/Location/textbox_address' (Root cause: com.kms.katalon.core.webui.exception.WebElementNotFoundException: Web element with id: 'Object Repository/MERCHANT/SpaceTime/Service Creation/Location/textbox_address' located by 'By.xpath: //input[@type = 'text' and @name = 'address']' not found)
[[ATTACHMENT|C:\\Users\\Arcadier\\git\\Arctick\\Reports\\Suites\\Merchant Add Service\\20190517_124046\\1558068109091.png]]

2019-05-17 12:41:50 - [TEST_STEP][FAILED] - selectOptionByLabel: Unable to select option by label 'Philippines' of object 'Object Repository/MERCHANT/SpaceTime/Service Creation/Location/dropdown_(SELECT COUNTRY)'  (Root cause: com.kms.katalon.core.webui.exception.WebElementNotFoundException: Web element with id: 'Object Repository/MERCHANT/SpaceTime/Service Creation/Location/dropdown_(SELECT COUNTRY)' located by 'By.xpath: //select[@id = 'serviceLocationCountry' and @name = 'country' and (text() = concat('(SELECT COUNTRY)AfghanistanAlbaniaAlgeriaAmerican SamoaAndorraAngolaAnguillaAntarcticaAntigua and BarbudaArgentinaArmeniaArubaAustraliaAustriaAzerbaijanBahamasBahrainBangladeshBarbadosBelarusBelgiumBelizeBeninBermudaBhutanBoliviaBosnia and HerzegovinaBotswanaBouvet IslandBrazilBritish Indian Ocean TerritoryBrunei DarussalamBulgariaBurkina FasoBurundiCambodiaCameroonCanadaCape VerdeCayman IslandsCentral African RepublicChadChileChinaChristmas IslandCocos Keeling IslandsColombiaComorosCongoCongo, the Democratic Republic of theCook IslandsCosta RicaCote D' , "'" , 'IvoireCroatiaCubaCyprusCzech RepublicDenmarkDjiboutiDominicaDominican RepublicEcuadorEgyptEl SalvadorEquatorial GuineaEritreaEstoniaEthiopiaFalkland Islands Malvinas)Faroe IslandsFijiFinlandFranceFrench GuianaFrench PolynesiaFrench Southern TerritoriesGabonGambiaGeorgiaGermanyGhanaGibraltarGreeceGreenlandGrenadaGuadeloupeGuamGuatemalaGuineaGuinea-BissauGuyanaHaitiHeard Island and Mcdonald IslandsHoly See Vatican City State)HondurasHong KongHungaryIcelandIndiaIndonesiaIran, Islamic Republic ofIraqIrelandIsraelItalyJamaicaJapanJordanKazakhstanKenyaKiribatiKorea, Democratic People' , "'" , 's Republic ofKorea, Republic ofKuwaitKyrgyzstanLao People' , "'" , 's Democratic RepublicLatviaLebanonLesothoLiberiaLibyan Arab JamahiriyaLiechtensteinLithuaniaLuxembourgMacaoMacedonia, the Former Yugoslav Republic ofMadagascarMalawiMalaysiaMaldivesMaliMaltaMarshall IslandsMartiniqueMauritaniaMauritiusMayotteMexicoMicronesia, Federated States ofMoldova, Republic ofMonacoMongoliaMontserratMoroccoMozambiqueMyanmarNamibiaNauruNepalNetherlandsNetherlands AntillesNew CaledoniaNew ZealandNicaraguaNigerNigeriaNiueNorfolk IslandNorthern Mariana IslandsNorwayOmanPakistanPalauPalestinian Territory, OccupiedPanamaPapua                 new GuineaParaguayPeruPhilippinesPitcairnPolandPortugalPuerto RicoQatarReunionRomaniaRussian FederationRwandaSaint HelenaSaint Kitts and NevisSaint LuciaSaint Pierre and MiquelonSaint Vincent and the GrenadinesSamoaSan MarinoSao Tome and PrincipeSaudi ArabiaSenegalSerbia and MontenegroSeychellesSierra LeoneSingaporeSlovakiaSloveniaSolomon IslandsSomaliaSouth AfricaSouth Georgia and the South Sandwich IslandsSpainSri LankaSudanSurinameSvalbard and Jan MayenSwazilandSwedenSwitzerlandSyrian Arab RepublicTaiwan, Province of ChinaTajikistanTanzania, United Republic ofThailandTimor-LesteTogoTokelauTongaTrinidad and TobagoTunisiaTurkeyTurkmenistanTurks and Caicos IslandsTuvaluUgandaUkraineUnited Arab EmiratesUnited KingdomUnited StatesUnited States Minor Outlying IslandsUruguayUzbekistanVanuatuVenezuelaViet NamVirgin Islands, BritishVirgin Islands, U.s.Wallis and FutunaWestern SaharaYemenZambiaZimbabwe') or . = concat('(SELECT COUNTRY)AfghanistanAlbaniaAlgeriaAmerican SamoaAndorraAngolaAnguillaAntarcticaAntigua and BarbudaArgentinaArmeniaArubaAustraliaAustriaAzerbaijanBahamasBahrainBangladeshBarbadosBelarusBelgiumBelizeBeninBermudaBhutanBoliviaBosnia and HerzegovinaBotswanaBouvet IslandBrazilBritish Indian Ocean TerritoryBrunei DarussalamBulgariaBurkina FasoBurundiCambodiaCameroonCanadaCape VerdeCayman IslandsCentral African RepublicChadChileChinaChristmas IslandCocos Keeling IslandsColombiaComorosCongoCongo, the Democratic Republic of theCook IslandsCosta RicaCote D' , "'" , 'IvoireCroatiaCubaCyprusCzech RepublicDenmarkDjiboutiDominicaDominican RepublicEcuadorEgyptEl SalvadorEquatorial GuineaEritreaEstoniaEthiopiaFalkland Islands Malvinas)Faroe IslandsFijiFinlandFranceFrench GuianaFrench PolynesiaFrench Southern TerritoriesGabonGambiaGeorgiaGermanyGhanaGibraltarGreeceGreenlandGrenadaGuadeloupeGuamGuatemalaGuineaGuinea-BissauGuyanaHaitiHeard Island and Mcdonald IslandsHoly See Vatican City State)HondurasHong KongHungaryIcelandIndiaIndonesiaIran, Islamic Republic ofIraqIrelandIsraelItalyJamaicaJapanJordanKazakhstanKenyaKiribatiKorea, Democratic People' , "'" , 's Republic ofKorea, Republic ofKuwaitKyrgyzstanLao People' , "'" , 's Democratic RepublicLatviaLebanonLesothoLiberiaLibyan Arab JamahiriyaLiechtensteinLithuaniaLuxembourgMacaoMacedonia, the Former Yugoslav Republic ofMadagascarMalawiMalaysiaMaldivesMaliMaltaMarshall IslandsMartiniqueMauritaniaMauritiusMayotteMexicoMicronesia, Federated States ofMoldova, Republic ofMonacoMongoliaMontserratMoroccoMozambiqueMyanmarNamibiaNauruNepalNetherlandsNetherlands AntillesNew CaledoniaNew ZealandNicaraguaNigerNigeriaNiueNorfolk IslandNorthern Mariana IslandsNorwayOmanPakistanPalauPalestinian Territory, OccupiedPanamaPapua                 new GuineaParaguayPeruPhilippinesPitcairnPolandPortugalPuerto RicoQatarReunionRomaniaRussian FederationRwandaSaint HelenaSaint Kitts and NevisSaint LuciaSaint Pierre and MiquelonSaint Vincent and the GrenadinesSamoaSan MarinoSao Tome and PrincipeSaudi ArabiaSenegalSerbia and MontenegroSeychellesSierra LeoneSingaporeSlovakiaSloveniaSolomon IslandsSomaliaSouth AfricaSouth Georgia and the South Sandwich IslandsSpainSri LankaSudanSurinameSvalbard and Jan MayenSwazilandSwedenSwitzerlandSyrian Arab RepublicTaiwan, Province of ChinaTajikistanTanzania, United Republic ofThailandTimor-LesteTogoTokelauTongaTrinidad and TobagoTunisiaTurkeyTurkmenistanTurks and Caicos IslandsTuvaluUgandaUkraineUnited Arab EmiratesUnited KingdomUnited StatesUnited States Minor Outlying IslandsUruguayUzbekistanVanuatuVenezuelaViet NamVirgin Islands, BritishVirgin Islands, U.s.Wallis and FutunaWestern SaharaYemenZambiaZimbabwe'))]' not found)

2019-05-17 12:42:22 - [MESSAGE][FAILED] - Unable to select option by label 'Philippines' of object 'Object Repository/MERCHANT/SpaceTime/Service Creation/Location/dropdown_(SELECT COUNTRY)'  (Root cause: com.kms.katalon.core.webui.exception.WebElementNotFoundException: Web element with id: 'Object Repository/MERCHANT/SpaceTime/Service Creation/Location/dropdown_(SELECT COUNTRY)' located by 'By.xpath: //select[@id = 'serviceLocationCountry' and @name = 'country' and (text() = concat('(SELECT COUNTRY)AfghanistanAlbaniaAlgeriaAmerican SamoaAndorraAngolaAnguillaAntarcticaAntigua and BarbudaArgentinaArmeniaArubaAustraliaAustriaAzerbaijanBahamasBahrainBangladeshBarbadosBelarusBelgiumBelizeBeninBermudaBhutanBoliviaBosnia and HerzegovinaBotswanaBouvet IslandBrazilBritish Indian Ocean TerritoryBrunei DarussalamBulgariaBurkina FasoBurundiCambodiaCameroonCanadaCape VerdeCayman IslandsCentral African RepublicChadChileChinaChristmas IslandCocos Keeling IslandsColombiaComorosCongoCongo, the Democratic Republic of theCook IslandsCosta RicaCote D' , "'" , 'IvoireCroatiaCubaCyprusCzech RepublicDenmarkDjiboutiDominicaDominican RepublicEcuadorEgyptEl SalvadorEquatorial GuineaEritreaEstoniaEthiopiaFalkland Islands Malvinas)Faroe IslandsFijiFinlandFranceFrench GuianaFrench PolynesiaFrench Southern TerritoriesGabonGambiaGeorgiaGermanyGhanaGibraltarGreeceGreenlandGrenadaGuadeloupeGuamGuatemalaGuineaGuinea-BissauGuyanaHaitiHeard Island and Mcdonald IslandsHoly See Vatican City State)HondurasHong KongHungaryIcelandIndiaIndonesiaIran, Islamic Republic ofIraqIrelandIsraelItalyJamaicaJapanJordanKazakhstanKenyaKiribatiKorea, Democratic People' , "'" , 's Republic ofKorea, Republic ofKuwaitKyrgyzstanLao People' , "'" , 's Democratic RepublicLatviaLebanonLesothoLiberiaLibyan Arab JamahiriyaLiechtensteinLithuaniaLuxembourgMacaoMacedonia, the Former Yugoslav Republic ofMadagascarMalawiMalaysiaMaldivesMaliMaltaMarshall IslandsMartiniqueMauritaniaMauritiusMayotteMexicoMicronesia, Federated States ofMoldova, Republic ofMonacoMongoliaMontserratMoroccoMozambiqueMyanmarNamibiaNauruNepalNetherlandsNetherlands AntillesNew CaledoniaNew ZealandNicaraguaNigerNigeriaNiueNorfolk IslandNorthern Mariana IslandsNorwayOmanPakistanPalauPalestinian Territory, OccupiedPanamaPapua                 new GuineaParaguayPeruPhilippinesPitcairnPolandPortugalPuerto RicoQatarReunionRomaniaRussian FederationRwandaSaint HelenaSaint Kitts and NevisSaint LuciaSaint Pierre and MiquelonSaint Vincent and the GrenadinesSamoaSan MarinoSao Tome and PrincipeSaudi ArabiaSenegalSerbia and MontenegroSeychellesSierra LeoneSingaporeSlovakiaSloveniaSolomon IslandsSomaliaSouth AfricaSouth Georgia and the South Sandwich IslandsSpainSri LankaSudanSurinameSvalbard and Jan MayenSwazilandSwedenSwitzerlandSyrian Arab RepublicTaiwan, Province of ChinaTajikistanTanzania, United Republic ofThailandTimor-LesteTogoTokelauTongaTrinidad and TobagoTunisiaTurkeyTurkmenistanTurks and Caicos IslandsTuvaluUgandaUkraineUnited Arab EmiratesUnited KingdomUnited StatesUnited States Minor Outlying IslandsUruguayUzbekistanVanuatuVenezuelaViet NamVirgin Islands, BritishVirgin Islands, U.s.Wallis and FutunaWestern SaharaYemenZambiaZimbabwe') or . = concat('(SELECT COUNTRY)AfghanistanAlbaniaAlgeriaAmerican SamoaAndorraAngolaAnguillaAntarcticaAntigua and BarbudaArgentinaArmeniaArubaAustraliaAustriaAzerbaijanBahamasBahrainBangladeshBarbadosBelarusBelgiumBelizeBeninBermudaBhutanBoliviaBosnia and HerzegovinaBotswanaBouvet IslandBrazilBritish Indian Ocean TerritoryBrunei DarussalamBulgariaBurkina FasoBurundiCambodiaCameroonCanadaCape VerdeCayman IslandsCentral African RepublicChadChileChinaChristmas IslandCocos Keeling IslandsColombiaComorosCongoCongo, the Democratic Republic of theCook IslandsCosta RicaCote D' , "'" , 'IvoireCroatiaCubaCyprusCzech RepublicDenmarkDjiboutiDominicaDominican RepublicEcuadorEgyptEl SalvadorEquatorial GuineaEritreaEstoniaEthiopiaFalkland Islands Malvinas)Faroe IslandsFijiFinlandFranceFrench GuianaFrench PolynesiaFrench Southern TerritoriesGabonGambiaGeorgiaGermanyGhanaGibraltarGreeceGreenlandGrenadaGuadeloupeGuamGuatemalaGuineaGuinea-BissauGuyanaHaitiHeard Island and Mcdonald IslandsHoly See Vatican City State)HondurasHong KongHungaryIcelandIndiaIndonesiaIran, Islamic Republic ofIraqIrelandIsraelItalyJamaicaJapanJordanKazakhstanKenyaKiribatiKorea, Democratic People' , "'" , 's Republic ofKorea, Republic ofKuwaitKyrgyzstanLao People' , "'" , 's Democratic RepublicLatviaLebanonLesothoLiberiaLibyan Arab JamahiriyaLiechtensteinLithuaniaLuxembourgMacaoMacedonia, the Former Yugoslav Republic ofMadagascarMalawiMalaysiaMaldivesMaliMaltaMarshall IslandsMartiniqueMauritaniaMauritiusMayotteMexicoMicronesia, Federated States ofMoldova, Republic ofMonacoMongoliaMontserratMoroccoMozambiqueMyanmarNamibiaNauruNepalNetherlandsNetherlands AntillesNew CaledoniaNew ZealandNicaraguaNigerNigeriaNiueNorfolk IslandNorthern Mariana IslandsNorwayOmanPakistanPalauPalestinian Territory, OccupiedPanamaPapua                 new GuineaParaguayPeruPhilippinesPitcairnPolandPortugalPuerto RicoQatarReunionRomaniaRussian FederationRwandaSaint HelenaSaint Kitts and NevisSaint LuciaSaint Pierre and MiquelonSaint Vincent and the GrenadinesSamoaSan MarinoSao Tome and PrincipeSaudi ArabiaSenegalSerbia and MontenegroSeychellesSierra LeoneSingaporeSlovakiaSloveniaSolomon IslandsSomaliaSouth AfricaSouth Georgia and the South Sandwich IslandsSpainSri LankaSudanSurinameSvalbard and Jan MayenSwazilandSwedenSwitzerlandSyrian Arab RepublicTaiwan, Province of ChinaTajikistanTanzania, United Republic ofThailandTimor-LesteTogoTokelauTongaTrinidad and TobagoTunisiaTurkeyTurkmenistanTurks and Caicos IslandsTuvaluUgandaUkraineUnited Arab EmiratesUnited KingdomUnited StatesUnited States Minor Outlying IslandsUruguayUzbekistanVanuatuVenezuelaViet NamVirgin Islands, BritishVirgin Islands, U.s.Wallis and FutunaWestern SaharaYemenZambiaZimbabwe'))]' not found)
[[ATTACHMENT|C:\\Users\\Arcadier\\git\\Arctick\\Reports\\Suites\\Merchant Add Service\\20190517_124046\\1558068141142.png]]

2019-05-17 12:42:22 - [TEST_STEP][FAILED] - setText: Unable to set text 'Philippines' of object 'Object Repository/MERCHANT/SpaceTime/Service Creation/Location/textbox_state' (Root cause: com.kms.katalon.core.webui.exception.WebElementNotFoundException: Web element with id: 'Object Repository/MERCHANT/SpaceTime/Service Creation/Location/textbox_state' located by 'By.xpath: //input[@type = 'text' and @id = 'serviceLocationState' and @name = 'state']' not found)

2019-05-17 12:42:54 - [MESSAGE][FAILED] - Unable to set text 'Philippines' of object 'Object Repository/MERCHANT/SpaceTime/Service Creation/Location/textbox_state' (Root cause: com.kms.katalon.core.webui.exception.WebElementNotFoundException: Web element with id: 'Object Repository/MERCHANT/SpaceTime/Service Creation/Location/textbox_state' located by 'By.xpath: //input[@type = 'text' and @id = 'serviceLocationState' and @name = 'state']' not found)
[[ATTACHMENT|C:\\Users\\Arcadier\\git\\Arctick\\Reports\\Suites\\Merchant Add Service\\20190517_124046\\1558068173233.png]]

2019-05-17 12:42:54 - [TEST_STEP][FAILED] - setText: Unable to set text 'Makati' of object 'Object Repository/MERCHANT/SpaceTime/Service Creation/Location/textbox_city' (Root cause: com.kms.katalon.core.webui.exception.WebElementNotFoundException: Web element with id: 'Object Repository/MERCHANT/SpaceTime/Service Creation/Location/textbox_city' located by 'By.xpath: //input[@type = 'text' and @id = 'serviceLocationCity' and @name = 'city']' not found)

2019-05-17 12:43:26 - [MESSAGE][FAILED] - Unable to set text 'Makati' of object 'Object Repository/MERCHANT/SpaceTime/Service Creation/Location/textbox_city' (Root cause: com.kms.katalon.core.webui.exception.WebElementNotFoundException: Web element with id: 'Object Repository/MERCHANT/SpaceTime/Service Creation/Location/textbox_city' located by 'By.xpath: //input[@type = 'text' and @id = 'serviceLocationCity' and @name = 'city']' not found)
[[ATTACHMENT|C:\\Users\\Arcadier\\git\\Arctick\\Reports\\Suites\\Merchant Add Service\\20190517_124046\\1558068205537.png]]

2019-05-17 12:43:26 - [TEST_STEP][FAILED] - setText: Unable to set text '1200' of object 'Object Repository/MERCHANT/SpaceTime/Service Creation/Location/textbox_postalcode' (Root cause: com.kms.katalon.core.webui.exception.WebElementNotFoundException: Web element with id: 'Object Repository/MERCHANT/SpaceTime/Service Creation/Location/textbox_postalcode' located by 'By.xpath: //input[@type = 'text' and @name = 'postalcode']' not found)

2019-05-17 12:43:58 - [MESSAGE][FAILED] - Unable to set text '1200' of object 'Object Repository/MERCHANT/SpaceTime/Service Creation/Location/textbox_postalcode' (Root cause: com.kms.katalon.core.webui.exception.WebElementNotFoundException: Web element with id: 'Object Repository/MERCHANT/SpaceTime/Service Creation/Location/textbox_postalcode' located by 'By.xpath: //input[@type = 'text' and @name = 'postalcode']' not found)
[[ATTACHMENT|C:\\Users\\Arcadier\\git\\Arctick\\Reports\\Suites\\Merchant Add Service\\20190517_124046\\1558068237441.png]]

2019-05-17 12:43:58 - [TEST_STEP][FAILED] - click: Unable to click on object 'Object Repository/MERCHANT/SpaceTime/Service Creation/Location/button_Upload now' (Root cause: com.kms.katalon.core.webui.exception.WebElementNotFoundException: Web element with id: 'Object Repository/MERCHANT/SpaceTime/Service Creation/Location/button_Upload now' located by 'By.xpath: //*[@id="location"]/div/div/div/div[5]/div[2]/a' not found)

2019-05-17 12:44:30 - [MESSAGE][FAILED] - Unable to click on object 'Object Repository/MERCHANT/SpaceTime/Service Creation/Location/button_Upload now' (Root cause: com.kms.katalon.core.webui.exception.WebElementNotFoundException: Web element with id: 'Object Repository/MERCHANT/SpaceTime/Service Creation/Location/button_Upload now' located by 'By.xpath: //*[@id="location"]/div/div/div/div[5]/div[2]/a' not found)
[[ATTACHMENT|C:\\Users\\Arcadier\\git\\Arctick\\Reports\\Suites\\Merchant Add Service\\20190517_124046\\1558068269728.png]]

2019-05-17 12:44:30 - [TEST_STEP][PASSED] - comment: END]]></system-out>
         <system-err><![CDATA[2019-05-17 12:40:48 - [TEST_CASE][FAILED] - Test Cases/MERCHANT/SPACETIME/Service Creation/Add Service: Test Cases/MERCHANT/SPACETIME/Service Creation/Add Service FAILED because (of) Unable to click on object 'Object Repository/MERCHANT/SpaceTime/Service Creation/Schedule/toggle_24 7' (Root cause: org.openqa.selenium.ElementNotVisibleException: element not visible
  (Session info: chrome=74.0.3729.131)
  (Driver info: chromedriver=2.35.528161 (5b82f2d2aae0ca24b877009200ced9065a772e73),platform=Windows NT 6.1.7601 SP1 x86_64) (WARNING: The server did not provide any stacktrace information)
Command duration or timeout: 0 milliseconds
Build info: version: '3.7.1', revision: '8a0099a', time: '2017-11-06T21:07:36.161Z'
System info: host: 'ARCADIER-PC', ip: '10.10.31.95', os.name: 'Windows 7', os.arch: 'amd64', os.version: '6.1', java.version: '1.8.0_102'
Driver info: com.kms.katalon.core.webui.driver.ExistingRemoteWebDriver
Capabilities {javascriptEnabled: true, platform: ANY, platformName: ANY}
Session ID: ce4672481a6941dd6bb710a9805e487f)]]></system-err>
      </testcase>
      <system-out><![CDATA[2019-05-17 12:40:48 - [TEST_SUITE][FAILED] - Merchant Add Service: Test Cases/MERCHANT/SPACETIME/Service Creation/Add Service FAILED because (of) Unable to click on object 'Object Repository/MERCHANT/SpaceTime/Service Creation/Schedule/toggle_24 7' (Root cause: org.openqa.selenium.ElementNotVisibleException: element not visible
  (Session info: chrome=74.0.3729.131)
  (Driver info: chromedriver=2.35.528161 (5b82f2d2aae0ca24b877009200ced9065a772e73),platform=Windows NT 6.1.7601 SP1 x86_64) (WARNING: The server did not provide any stacktrace information)
Command duration or timeout: 0 milliseconds
Build info: version: '3.7.1', revision: '8a0099a', time: '2017-11-06T21:07:36.161Z'
System info: host: 'ARCADIER-PC', ip: '10.10.31.95', os.name: 'Windows 7', os.arch: 'amd64', os.version: '6.1', java.version: '1.8.0_102'
Driver info: com.kms.katalon.core.webui.driver.ExistingRemoteWebDriver
Capabilities {javascriptEnabled: true, platform: ANY, platformName: ANY}
Session ID: ce4672481a6941dd6bb710a9805e487f)]]></system-out>
      <system-err><![CDATA[2019-05-17 12:40:48 - [TEST_SUITE][FAILED] - Merchant Add Service: Test Cases/MERCHANT/SPACETIME/Service Creation/Add Service FAILED because (of) Unable to click on object 'Object Repository/MERCHANT/SpaceTime/Service Creation/Schedule/toggle_24 7' (Root cause: org.openqa.selenium.ElementNotVisibleException: element not visible
  (Session info: chrome=74.0.3729.131)
  (Driver info: chromedriver=2.35.528161 (5b82f2d2aae0ca24b877009200ced9065a772e73),platform=Windows NT 6.1.7601 SP1 x86_64) (WARNING: The server did not provide any stacktrace information)
Command duration or timeout: 0 milliseconds
Build info: version: '3.7.1', revision: '8a0099a', time: '2017-11-06T21:07:36.161Z'
System info: host: 'ARCADIER-PC', ip: '10.10.31.95', os.name: 'Windows 7', os.arch: 'amd64', os.version: '6.1', java.version: '1.8.0_102'
Driver info: com.kms.katalon.core.webui.driver.ExistingRemoteWebDriver
Capabilities {javascriptEnabled: true, platform: ANY, platformName: ANY}
Session ID: ce4672481a6941dd6bb710a9805e487f)]]></system-err>
   </testsuite>
</testsuites>
