<?xml version="1.0" encoding="UTF-8"?>
<testsuites name="Admin Onboarding Only(SPACETIME)" time="291" tests="9" failures="1" errors="0">
   <testsuite name="Admin Onboarding Only(SPACETIME)" tests="9" failures="1" errors="0" time="291" timestamp="2019-05-14 07:36:48" hostname="Arcadier - Arcadier-PC" id="Test Suites/Suites/Admin Onboarding Only(SPACETIME)">
      <properties>
         <property name="deviceName" value=""/>
         <property name="devicePlatform" value=""/>
         <property name="logFolder" value="C:\\Katalon\\Arctick\\Reports\\Suites\\Admin Onboarding Only(SPACETIME)\\20190514_073645"/>
         <property name="logFiles" value="C:\\Katalon\\Arctick\\Reports\\Suites\\Admin Onboarding Only(SPACETIME)\\20190514_073645\\execution0.log"/>
         <property name="attachments" value="C:\\Katalon\\Arctick\\Reports\\Suites\\Admin Onboarding Only(SPACETIME)\\20190514_073645\\1557790713258.png"/>
         <property name="hostName" value="Arcadier - Arcadier-PC"/>
         <property name="os" value="Windows 7 64bit"/>
         <property name="katalonVersion" value="5.4.2.1"/>
         <property name="browser" value="Chrome 74.0.3729.131"/>
         <property name="hostAddress" value="10.10.31.95"/>
         <property name="sessionId" value="940050a5baf45f852f77569503d16f6f"/>
         <property name="seleniumVersion" value="3.7.1"/>
         <property name="proxyInformation" value="ProxyInformation{proxyOption=NO_PROXY, proxyServerType=HTTP, password=, proxyServerAddress=, proxyServerPort=0}"/>
         <property name="platform" value="Windows 7"/>
      </properties>
      <testcase name="Test Cases/ADMIN/Onboarding/Admin_Onboarding_Create_Account" classname="Test Cases/ADMIN/Onboarding/Admin_Onboarding_Create_Account" status="PASSED">
         <system-out><![CDATA[2019-05-14 07:36:49 - [TEST_CASE][PASSED] - Test Cases/ADMIN/Onboarding/Admin_Onboarding_Create_Account: Test Cases/ADMIN/Onboarding/Admin_Onboarding_Create_Account

2019-05-14 07:36:49 - [TEST_STEP][PASSED] - openBrowser: Browser is opened with url: ''

2019-05-14 07:36:55 - [MESSAGE][PASSED] - Browser is opened with url: ''

2019-05-14 07:36:55 - [TEST_STEP][PASSED] - navigateToUrl: Navigate to 'https://www.test.arcadier.io' successfully

2019-05-14 07:37:06 - [MESSAGE][PASSED] - Navigate to 'https://www.test.arcadier.io' successfully

2019-05-14 07:37:06 - [TEST_STEP][PASSED] - maximizeWindow: Current window maximized

2019-05-14 07:37:07 - [MESSAGE][PASSED] - Current window maximized

2019-05-14 07:37:07 - [TEST_STEP][PASSED] - Statement - If (AdminAccount == "custom"): Object: 'Object Repository/ADMIN/Admin Onboarding Page/Admin Onboarding CustomAcc/Button_Sign_Up' is clicked on

2019-05-14 07:37:07 - [TEST_STEP][PASSED] - click: Object: 'Object Repository/ADMIN/Admin Onboarding Page/Create_Account_Page/Button_Create_Account' is clicked on

2019-05-14 07:37:08 - [MESSAGE][PASSED] - Object: 'Object Repository/ADMIN/Admin Onboarding Page/Create_Account_Page/Button_Create_Account' is clicked on

2019-05-14 07:37:08 - [TEST_STEP][PASSED] - verifyElementPresent: Object 'Object Repository/ADMIN/Admin Onboarding Page/Admin Onboarding CustomAcc/Textbox_Username' is present

2019-05-14 07:37:08 - [MESSAGE][WARNING] - Timeout '0' is invalid. Using default page load timeout: '30'

2019-05-14 07:37:08 - [MESSAGE][PASSED] - Object 'Object Repository/ADMIN/Admin Onboarding Page/Admin Onboarding CustomAcc/Textbox_Username' is present

2019-05-14 07:37:08 - [TEST_STEP][PASSED] - setText: Text '0514SR' is set on object 'Object Repository/ADMIN/Admin Onboarding Page/Admin Onboarding CustomAcc/Textbox_Username'

2019-05-14 07:37:08 - [MESSAGE][PASSED] - Text '0514SR' is set on object 'Object Repository/ADMIN/Admin Onboarding Page/Admin Onboarding CustomAcc/Textbox_Username'

2019-05-14 07:37:08 - [TEST_STEP][PASSED] - setText: Text 'welcome8' is set on object 'Object Repository/ADMIN/Admin Onboarding Page/Admin Onboarding CustomAcc/Textbox_Password'

2019-05-14 07:37:09 - [MESSAGE][PASSED] - Text 'welcome8' is set on object 'Object Repository/ADMIN/Admin Onboarding Page/Admin Onboarding CustomAcc/Textbox_Password'

2019-05-14 07:37:09 - [TEST_STEP][PASSED] - setText: Text 'welcome8' is set on object 'Object Repository/ADMIN/Admin Onboarding Page/Admin Onboarding CustomAcc/Textbox_Reconfirm_Password'

2019-05-14 07:37:09 - [MESSAGE][PASSED] - Text 'welcome8' is set on object 'Object Repository/ADMIN/Admin Onboarding Page/Admin Onboarding CustomAcc/Textbox_Reconfirm_Password'

2019-05-14 07:37:09 - [TEST_STEP][PASSED] - click: Object: 'Object Repository/ADMIN/Admin Onboarding Page/Admin Onboarding CustomAcc/Button_Sign_Up' is clicked on

2019-05-14 07:37:20 - [MESSAGE][PASSED] - Object: 'Object Repository/ADMIN/Admin Onboarding Page/Admin Onboarding CustomAcc/Button_Sign_Up' is clicked on]]></system-out>
         <system-err><![CDATA[]]></system-err>
      </testcase>
      <testcase name="Test Cases/ADMIN/Onboarding/Step1_Simple_Test" classname="Test Cases/ADMIN/Onboarding/Step1_Simple_Test" status="PASSED">
         <system-out><![CDATA[2019-05-14 07:37:20 - [TEST_CASE][PASSED] - Test Cases/ADMIN/Onboarding/Step1_Simple_Test: Test Cases/ADMIN/Onboarding/Step1_Simple_Test

2019-05-14 07:37:21 - [TEST_STEP][PASSED] - comment: Select Dropdown and Input

2019-05-14 07:37:21 - [TEST_STEP][PASSED] - selectOptionByLabel: All options with label 'I’m managing them offline' are selected in object 'Object Repository/ADMIN/Admin Onboarding Page/Admin_Onboarding_Step1/1stDropdown_Please select one...Im' 

2019-05-14 07:37:21 - [MESSAGE][PASSED] - All options with label 'I’m managing them offline' are selected in object 'Object Repository/ADMIN/Admin Onboarding Page/Admin_Onboarding_Step1/1stDropdown_Please select one...Im' 

2019-05-14 07:37:21 - [TEST_STEP][PASSED] - selectOptionByLabel: All options with label 'Something else!' are selected in object 'Object Repository/ADMIN/Admin Onboarding Page/Admin_Onboarding_Step1/2ndDropdown_Please select one...Don' 

2019-05-14 07:37:21 - [MESSAGE][PASSED] - All options with label 'Something else!' are selected in object 'Object Repository/ADMIN/Admin Onboarding Page/Admin_Onboarding_Step1/2ndDropdown_Please select one...Don' 

2019-05-14 07:37:21 - [TEST_STEP][PASSED] - setText: Text 'Marketplace' is set on object 'Object Repository/ADMIN/Admin Onboarding Page/Admin_Onboarding_Step1/2nddropdown_textbox_OtherMarketplaceType'

2019-05-14 07:37:22 - [MESSAGE][PASSED] - Text 'Marketplace' is set on object 'Object Repository/ADMIN/Admin Onboarding Page/Admin_Onboarding_Step1/2nddropdown_textbox_OtherMarketplaceType'

2019-05-14 07:37:22 - [TEST_STEP][PASSED] - selectOptionByLabel: All options with label 'Someone else!' are selected in object 'Object Repository/ADMIN/Admin Onboarding Page/Admin_Onboarding_Step1/3rdDropdown_Im an individualIm work' 

2019-05-14 07:37:22 - [MESSAGE][PASSED] - All options with label 'Someone else!' are selected in object 'Object Repository/ADMIN/Admin Onboarding Page/Admin_Onboarding_Step1/3rdDropdown_Im an individualIm work' 

2019-05-14 07:37:22 - [TEST_STEP][PASSED] - setText: Text 'Business Man' is set on object 'Object Repository/ADMIN/Admin Onboarding Page/Admin_Onboarding_Step1/3rddropdown_textbox_OtherEntityType'

2019-05-14 07:37:22 - [MESSAGE][PASSED] - Text 'Business Man' is set on object 'Object Repository/ADMIN/Admin Onboarding Page/Admin_Onboarding_Step1/3rddropdown_textbox_OtherEntityType'

2019-05-14 07:37:22 - [TEST_STEP][PASSED] - comment: Continue to Step 2

2019-05-14 07:37:22 - [TEST_STEP][PASSED] - setText: Text 'Business Man' is set on object 'Object Repository/ADMIN/Admin Onboarding Page/Admin_Onboarding_Step1/3rddropdown_textbox_OtherEntityType'

2019-05-14 07:37:23 - [MESSAGE][PASSED] - Text 'Business Man' is set on object 'Object Repository/ADMIN/Admin Onboarding Page/Admin_Onboarding_Step1/3rddropdown_textbox_OtherEntityType'

2019-05-14 07:37:23 - [TEST_STEP][PASSED] - click: Object: 'Object Repository/ADMIN/Admin Onboarding Page/Admin_Onboarding_Step1/Button_NEXT_Step1' is clicked on

2019-05-14 07:37:35 - [MESSAGE][PASSED] - Object: 'Object Repository/ADMIN/Admin Onboarding Page/Admin_Onboarding_Step1/Button_NEXT_Step1' is clicked on

2019-05-14 07:37:35 - [TEST_STEP][PASSED] - verifyElementText: Actual text and expected text of test object 'Object Repository/ADMIN/Admin Onboarding Page/Admin_Onboarding_Step2/Textlabel_We will like to know mor' are matched.

2019-05-14 07:37:35 - [MESSAGE][PASSED] - Actual text and expected text of test object 'Object Repository/ADMIN/Admin Onboarding Page/Admin_Onboarding_Step2/Textlabel_We will like to know mor' are matched.]]></system-out>
         <system-err><![CDATA[]]></system-err>
      </testcase>
      <testcase name="Test Cases/ADMIN/Onboarding/Step2_Simple_Test" classname="Test Cases/ADMIN/Onboarding/Step2_Simple_Test" status="PASSED">
         <system-out><![CDATA[2019-05-14 07:37:35 - [TEST_CASE][PASSED] - Test Cases/ADMIN/Onboarding/Step2_Simple_Test: Test Cases/ADMIN/Onboarding/Step2_Simple_Test

2019-05-14 07:37:35 - [TEST_STEP][PASSED] - comment: Step 2 (editable variables)

2019-05-14 07:37:35 - [TEST_STEP][PASSED] - waitForElementVisible: Object 'Object Repository/ADMIN/Admin Onboarding Page/Admin_Onboarding_Step2/Textlabel_We will like to know mor' is visible

2019-05-14 07:37:35 - [MESSAGE][WARNING] - Timeout '0' is invalid. Using default page load timeout: '30'

2019-05-14 07:37:35 - [MESSAGE][PASSED] - Object 'Object Repository/ADMIN/Admin Onboarding Page/Admin_Onboarding_Step2/Textlabel_We will like to know mor' is visible

2019-05-14 07:37:35 - [TEST_STEP][PASSED] - comment: Previous button Test

2019-05-14 07:37:35 - [TEST_STEP][PASSED] - click: Object: 'Object Repository/ADMIN/Admin Onboarding Page/Admin_Onboarding_Step2/Button_PREVIOUS_Step2' is clicked on

2019-05-14 07:37:45 - [MESSAGE][PASSED] - Object: 'Object Repository/ADMIN/Admin Onboarding Page/Admin_Onboarding_Step2/Button_PREVIOUS_Step2' is clicked on

2019-05-14 07:37:45 - [TEST_STEP][PASSED] - waitForElementVisible: Object 'Object Repository/ADMIN/Admin Onboarding Page/Admin_Onboarding_Step1/TextLabel_Tell us a little about y' is visible

2019-05-14 07:37:45 - [MESSAGE][WARNING] - Timeout '0' is invalid. Using default page load timeout: '30'

2019-05-14 07:37:45 - [MESSAGE][PASSED] - Object 'Object Repository/ADMIN/Admin Onboarding Page/Admin_Onboarding_Step1/TextLabel_Tell us a little about y' is visible

2019-05-14 07:37:45 - [TEST_STEP][PASSED] - click: Object: 'Object Repository/ADMIN/Admin Onboarding Page/Admin_Onboarding_Step1/Button_NEXT_Step1' is clicked on

2019-05-14 07:37:56 - [MESSAGE][PASSED] - Object: 'Object Repository/ADMIN/Admin Onboarding Page/Admin_Onboarding_Step1/Button_NEXT_Step1' is clicked on

2019-05-14 07:37:56 - [TEST_STEP][PASSED] - waitForElementVisible: Object 'Object Repository/ADMIN/Admin Onboarding Page/Admin_Onboarding_Step2/Textlabel_We will like to know mor' is visible

2019-05-14 07:37:56 - [MESSAGE][WARNING] - Timeout '0' is invalid. Using default page load timeout: '30'

2019-05-14 07:37:56 - [MESSAGE][PASSED] - Object 'Object Repository/ADMIN/Admin Onboarding Page/Admin_Onboarding_Step2/Textlabel_We will like to know mor' is visible

2019-05-14 07:37:56 - [TEST_STEP][PASSED] - comment: Input

2019-05-14 07:37:56 - [TEST_STEP][PASSED] - setText: Text 'John' is set on object 'Object Repository/ADMIN/Admin Onboarding Page/Admin_Onboarding_Step2/Textbox_FirstName'

2019-05-14 07:37:56 - [MESSAGE][PASSED] - Text 'John' is set on object 'Object Repository/ADMIN/Admin Onboarding Page/Admin_Onboarding_Step2/Textbox_FirstName'

2019-05-14 07:37:56 - [TEST_STEP][PASSED] - setText: Text 'Cabug-os' is set on object 'Object Repository/ADMIN/Admin Onboarding Page/Admin_Onboarding_Step2/Textbox_LastName'

2019-05-14 07:37:56 - [MESSAGE][PASSED] - Text 'Cabug-os' is set on object 'Object Repository/ADMIN/Admin Onboarding Page/Admin_Onboarding_Step2/Textbox_LastName'

2019-05-14 07:37:56 - [TEST_STEP][PASSED] - setText: Text 'arcadierteam@gmail.com' is set on object 'Object Repository/ADMIN/Admin Onboarding Page/Admin_Onboarding_Step2/Textbox_Email'

2019-05-14 07:37:57 - [MESSAGE][PASSED] - Text 'arcadierteam@gmail.com' is set on object 'Object Repository/ADMIN/Admin Onboarding Page/Admin_Onboarding_Step2/Textbox_Email'

2019-05-14 07:37:57 - [TEST_STEP][PASSED] - selectOptionByLabel: All options with label 'Malaysia' are selected in object 'Object Repository/ADMIN/Admin Onboarding Page/Admin_Onboarding_Step2/Country_Dropdown' 

2019-05-14 07:37:57 - [MESSAGE][PASSED] - All options with label 'Malaysia' are selected in object 'Object Repository/ADMIN/Admin Onboarding Page/Admin_Onboarding_Step2/Country_Dropdown' 

2019-05-14 07:37:57 - [TEST_STEP][PASSED] - setText: Text 'Cybersouth, Dengkil, Sepang District' is set on object 'Object Repository/ADMIN/Admin Onboarding Page/Admin_Onboarding_Step2/Address_Line1'

2019-05-14 07:37:58 - [MESSAGE][PASSED] - Text 'Cybersouth, Dengkil, Sepang District' is set on object 'Object Repository/ADMIN/Admin Onboarding Page/Admin_Onboarding_Step2/Address_Line1'

2019-05-14 07:37:58 - [TEST_STEP][PASSED] - setText: Text 'Selangor, Malaysia 43800' is set on object 'Object Repository/ADMIN/Admin Onboarding Page/Admin_Onboarding_Step2/Address_Line2'

2019-05-14 07:37:58 - [MESSAGE][PASSED] - Text 'Selangor, Malaysia 43800' is set on object 'Object Repository/ADMIN/Admin Onboarding Page/Admin_Onboarding_Step2/Address_Line2'

2019-05-14 07:37:58 - [TEST_STEP][PASSED] - setText: Text '+631234567890' is set on object 'Object Repository/ADMIN/Admin Onboarding Page/Admin_Onboarding_Step2/Textbox_PhoneNumber'

2019-05-14 07:37:59 - [MESSAGE][PASSED] - Text '+631234567890' is set on object 'Object Repository/ADMIN/Admin Onboarding Page/Admin_Onboarding_Step2/Textbox_PhoneNumber'

2019-05-14 07:37:59 - [TEST_STEP][PASSED] - click: Object: 'Object Repository/ADMIN/Admin Onboarding Page/Admin_Onboarding_Step2/Button_Next_Step2' is clicked on

2019-05-14 07:38:12 - [MESSAGE][PASSED] - Object: 'Object Repository/ADMIN/Admin Onboarding Page/Admin_Onboarding_Step2/Button_Next_Step2' is clicked on]]></system-out>
         <system-err><![CDATA[]]></system-err>
      </testcase>
      <testcase name="Test Cases/ADMIN/Onboarding/Step3_Simple_Test" classname="Test Cases/ADMIN/Onboarding/Step3_Simple_Test" status="PASSED">
         <system-out><![CDATA[2019-05-14 07:38:12 - [TEST_CASE][PASSED] - Test Cases/ADMIN/Onboarding/Step3_Simple_Test: Test Cases/ADMIN/Onboarding/Step3_Simple_Test

2019-05-14 07:38:12 - [TEST_STEP][PASSED] - comment: Step 3

2019-05-14 07:38:12 - [TEST_STEP][PASSED] - waitForElementVisible: Object 'Object Repository/ADMIN/Admin Onboarding Page/Admin_Onboarding_Step3/TextLabel_What type of marketplace' is visible

2019-05-14 07:38:12 - [MESSAGE][WARNING] - Timeout '0' is invalid. Using default page load timeout: '30'

2019-05-14 07:38:13 - [MESSAGE][PASSED] - Object 'Object Repository/ADMIN/Admin Onboarding Page/Admin_Onboarding_Step3/TextLabel_What type of marketplace' is visible

2019-05-14 07:38:13 - [TEST_STEP][PASSED] - comment: Previous Button Test

2019-05-14 07:38:13 - [TEST_STEP][PASSED] - click: Object: 'Object Repository/ADMIN/Admin Onboarding Page/Admin_Onboarding_Step3/Button_PREVIOUS_Step3' is clicked on

2019-05-14 07:38:18 - [MESSAGE][PASSED] - Object: 'Object Repository/ADMIN/Admin Onboarding Page/Admin_Onboarding_Step3/Button_PREVIOUS_Step3' is clicked on

2019-05-14 07:38:18 - [TEST_STEP][PASSED] - waitForElementVisible: Object 'Object Repository/ADMIN/Admin Onboarding Page/Admin_Onboarding_Step2/Textlabel_We will like to know mor' is visible

2019-05-14 07:38:18 - [MESSAGE][WARNING] - Timeout '0' is invalid. Using default page load timeout: '30'

2019-05-14 07:38:18 - [MESSAGE][PASSED] - Object 'Object Repository/ADMIN/Admin Onboarding Page/Admin_Onboarding_Step2/Textlabel_We will like to know mor' is visible

2019-05-14 07:38:18 - [TEST_STEP][PASSED] - click: Object: 'Object Repository/ADMIN/Admin Onboarding Page/Admin_Onboarding_Step2/Button_Next_Step2' is clicked on

2019-05-14 07:38:25 - [MESSAGE][PASSED] - Object: 'Object Repository/ADMIN/Admin Onboarding Page/Admin_Onboarding_Step2/Button_Next_Step2' is clicked on

2019-05-14 07:38:25 - [TEST_STEP][PASSED] - waitForElementVisible: Object 'Object Repository/ADMIN/Admin Onboarding Page/Admin_Onboarding_Step3/TextLabel_What type of marketplace' is visible

2019-05-14 07:38:25 - [MESSAGE][WARNING] - Timeout '0' is invalid. Using default page load timeout: '30'

2019-05-14 07:38:26 - [MESSAGE][PASSED] - Object 'Object Repository/ADMIN/Admin Onboarding Page/Admin_Onboarding_Step3/TextLabel_What type of marketplace' is visible

2019-05-14 07:38:26 - [TEST_STEP][PASSED] - comment: Select Template

2019-05-14 07:38:26 - [TEST_STEP][PASSED] - Statement - If (Template == "Bespoke"): null

2019-05-14 07:38:26 - [TEST_STEP][PASSED] - Statement - Else If (Template == "ServiceBookings(TIME)"): null

2019-05-14 07:38:26 - [TEST_STEP][PASSED] - Statement - Else If (Template == "RentalGoods(TIME)"): null

2019-05-14 07:38:26 - [TEST_STEP][PASSED] - Statement - Else If (Template == "SpaceRental(SPACE)"): Object: 'Object Repository/ADMIN/Admin Onboarding Page/Admin_Onboarding_Step3/Select/a_Select_Space Rental' is clicked on

2019-05-14 07:38:26 - [TEST_STEP][PASSED] - mouseOver: Object: 'Object Repository/ADMIN/Admin Onboarding Page/Admin_Onboarding_Step3/Preview/div_ Preview Select Space Rent' is hovered

2019-05-14 07:38:26 - [MESSAGE][PASSED] - Object: 'Object Repository/ADMIN/Admin Onboarding Page/Admin_Onboarding_Step3/Preview/div_ Preview Select Space Rent' is hovered

2019-05-14 07:38:26 - [TEST_STEP][PASSED] - delay: Delayed 1 second(s)

2019-05-14 07:38:27 - [MESSAGE][PASSED] - Delayed 1 second(s)

2019-05-14 07:38:27 - [TEST_STEP][PASSED] - click: Object: 'Object Repository/ADMIN/Admin Onboarding Page/Admin_Onboarding_Step3/Select/a_Select_Space Rental' is clicked on

2019-05-14 07:38:27 - [MESSAGE][PASSED] - Object: 'Object Repository/ADMIN/Admin Onboarding Page/Admin_Onboarding_Step3/Select/a_Select_Space Rental' is clicked on]]></system-out>
         <system-err><![CDATA[]]></system-err>
      </testcase>
      <testcase name="Test Cases/ADMIN/Onboarding/Step4_Simple_Test" classname="Test Cases/ADMIN/Onboarding/Step4_Simple_Test" status="FAILED">
         <failure type="FAILED" message="Unable to wait for object 'Object Repository/ADMIN/Admin Onboarding Page/Admin_Onboarding_Step3/TextLabel_What type of marketplace' to be visible (Root cause: org.openqa.selenium.StaleElementReferenceException: stale element reference: element is not attached to the page document
  (Session info: chrome=74.0.3729.131)
  (Driver info: chromedriver=2.35.528161 (5b82f2d2aae0ca24b877009200ced9065a772e73),platform=Windows NT 6.1.7601 SP1 x86_64) (WARNING: The server did not provide any stacktrace information)
Command duration or timeout: 0 milliseconds
For documentation on this error, please visit: http://seleniumhq.org/exceptions/stale_element_reference.html
Build info: version: '3.7.1', revision: '8a0099a', time: '2017-11-06T21:07:36.161Z'
System info: host: 'ARCADIER-PC', ip: '10.10.31.95', os.name: 'Windows 7', os.arch: 'amd64', os.version: '6.1', java.version: '1.8.0_102'
Driver info: com.kms.katalon.selenium.driver.CChromeDriver
Capabilities {acceptInsecureCerts: false, acceptSslCerts: false, applicationCacheEnabled: false, browserConnectionEnabled: false, browserName: chrome, chrome: {chromedriverVersion: 2.35.528161 (5b82f2d2aae0ca..., userDataDir: C:\Users\Arcadier\AppData\L...}, cssSelectorsEnabled: true, databaseEnabled: false, handlesAlerts: true, hasTouchScreen: false, javascriptEnabled: true, locationContextEnabled: true, mobileEmulationEnabled: false, nativeEvents: true, networkConnectionEnabled: false, pageLoadStrategy: normal, platform: XP, platformName: XP, rotatable: false, setWindowRect: true, takesHeapSnapshot: true, takesScreenshot: true, unexpectedAlertBehaviour: , unhandledPromptBehavior: , version: 74.0.3729.131, webStorageEnabled: true}
Session ID: 940050a5baf45f852f77569503d16f6f)"/>
         <system-out><![CDATA[2019-05-14 07:38:27 - [TEST_CASE][FAILED] - Test Cases/ADMIN/Onboarding/Step4_Simple_Test: Test Cases/ADMIN/Onboarding/Step4_Simple_Test FAILED because (of) Unable to wait for object 'Object Repository/ADMIN/Admin Onboarding Page/Admin_Onboarding_Step3/TextLabel_What type of marketplace' to be visible (Root cause: org.openqa.selenium.StaleElementReferenceException: stale element reference: element is not attached to the page document
  (Session info: chrome=74.0.3729.131)
  (Driver info: chromedriver=2.35.528161 (5b82f2d2aae0ca24b877009200ced9065a772e73),platform=Windows NT 6.1.7601 SP1 x86_64) (WARNING: The server did not provide any stacktrace information)
Command duration or timeout: 0 milliseconds
For documentation on this error, please visit: http://seleniumhq.org/exceptions/stale_element_reference.html
Build info: version: '3.7.1', revision: '8a0099a', time: '2017-11-06T21:07:36.161Z'
System info: host: 'ARCADIER-PC', ip: '10.10.31.95', os.name: 'Windows 7', os.arch: 'amd64', os.version: '6.1', java.version: '1.8.0_102'
Driver info: com.kms.katalon.selenium.driver.CChromeDriver
Capabilities {acceptInsecureCerts: false, acceptSslCerts: false, applicationCacheEnabled: false, browserConnectionEnabled: false, browserName: chrome, chrome: {chromedriverVersion: 2.35.528161 (5b82f2d2aae0ca..., userDataDir: C:\Users\Arcadier\AppData\L...}, cssSelectorsEnabled: true, databaseEnabled: false, handlesAlerts: true, hasTouchScreen: false, javascriptEnabled: true, locationContextEnabled: true, mobileEmulationEnabled: false, nativeEvents: true, networkConnectionEnabled: false, pageLoadStrategy: normal, platform: XP, platformName: XP, rotatable: false, setWindowRect: true, takesHeapSnapshot: true, takesScreenshot: true, unexpectedAlertBehaviour: , unhandledPromptBehavior: , version: 74.0.3729.131, webStorageEnabled: true}
Session ID: 940050a5baf45f852f77569503d16f6f)

2019-05-14 07:38:27 - [TEST_STEP][PASSED] - comment: Step 3 (editable variables)

2019-05-14 07:38:27 - [TEST_STEP][PASSED] - waitForElementVisible: Object 'Object Repository/ADMIN/Admin Onboarding Page/Admin_Onboarding_Step4/Textlabel_Awesome Now tell us more' is visible

2019-05-14 07:38:27 - [MESSAGE][WARNING] - Timeout '0' is invalid. Using default page load timeout: '30'

2019-05-14 07:38:29 - [MESSAGE][PASSED] - Object 'Object Repository/ADMIN/Admin Onboarding Page/Admin_Onboarding_Step4/Textlabel_Awesome Now tell us more' is visible

2019-05-14 07:38:29 - [TEST_STEP][PASSED] - comment: Previous Button Test

2019-05-14 07:38:29 - [TEST_STEP][PASSED] - click: Object: 'Object Repository/ADMIN/Admin Onboarding Page/Admin_Onboarding_Step4/Button_PREVIOUS_Step4' is clicked on

2019-05-14 07:38:30 - [MESSAGE][PASSED] - Object: 'Object Repository/ADMIN/Admin Onboarding Page/Admin_Onboarding_Step4/Button_PREVIOUS_Step4' is clicked on

2019-05-14 07:38:30 - [TEST_STEP][PASSED] - waitForElementVisible: Object 'Object Repository/ADMIN/Admin Onboarding Page/Admin_Onboarding_Step3/TextLabel_What type of marketplace' is visible

2019-05-14 07:38:30 - [MESSAGE][WARNING] - Timeout '0' is invalid. Using default page load timeout: '30'

2019-05-14 07:38:30 - [MESSAGE][PASSED] - Object 'Object Repository/ADMIN/Admin Onboarding Page/Admin_Onboarding_Step3/TextLabel_What type of marketplace' is visible

2019-05-14 07:38:30 - [TEST_STEP][PASSED] - Statement - If (Template == "Bespoke"): null

2019-05-14 07:38:30 - [TEST_STEP][PASSED] - Statement - Else If (Template == "ServiceBookings(TIME)"): null

2019-05-14 07:38:30 - [TEST_STEP][PASSED] - Statement - Else If (Template == "RentalGoods(TIME)"): null

2019-05-14 07:38:30 - [TEST_STEP][PASSED] - Statement - Else If (Template == "SpaceRental(SPACE)"): Object: 'Object Repository/ADMIN/Admin Onboarding Page/Admin_Onboarding_Step3/Select/a_Select_Space Rental' is clicked on

2019-05-14 07:38:30 - [TEST_STEP][PASSED] - mouseOver: Object: 'Object Repository/ADMIN/Admin Onboarding Page/Admin_Onboarding_Step3/Preview/div_ Preview Select Space Rent' is hovered

2019-05-14 07:38:31 - [MESSAGE][PASSED] - Object: 'Object Repository/ADMIN/Admin Onboarding Page/Admin_Onboarding_Step3/Preview/div_ Preview Select Space Rent' is hovered

2019-05-14 07:38:31 - [TEST_STEP][PASSED] - delay: Delayed 1 second(s)

2019-05-14 07:38:32 - [MESSAGE][PASSED] - Delayed 1 second(s)

2019-05-14 07:38:32 - [TEST_STEP][PASSED] - click: Object: 'Object Repository/ADMIN/Admin Onboarding Page/Admin_Onboarding_Step3/Select/a_Select_Space Rental' is clicked on

2019-05-14 07:38:32 - [MESSAGE][PASSED] - Object: 'Object Repository/ADMIN/Admin Onboarding Page/Admin_Onboarding_Step3/Select/a_Select_Space Rental' is clicked on

2019-05-14 07:38:32 - [TEST_STEP][FAILED] - waitForElementVisible: Unable to wait for object 'Object Repository/ADMIN/Admin Onboarding Page/Admin_Onboarding_Step3/TextLabel_What type of marketplace' to be visible (Root cause: org.openqa.selenium.StaleElementReferenceException: stale element reference: element is not attached to the page document
  (Session info: chrome=74.0.3729.131)
  (Driver info: chromedriver=2.35.528161 (5b82f2d2aae0ca24b877009200ced9065a772e73),platform=Windows NT 6.1.7601 SP1 x86_64) (WARNING: The server did not provide any stacktrace information)
Command duration or timeout: 0 milliseconds
For documentation on this error, please visit: http://seleniumhq.org/exceptions/stale_element_reference.html
Build info: version: '3.7.1', revision: '8a0099a', time: '2017-11-06T21:07:36.161Z'
System info: host: 'ARCADIER-PC', ip: '10.10.31.95', os.name: 'Windows 7', os.arch: 'amd64', os.version: '6.1', java.version: '1.8.0_102'
Driver info: com.kms.katalon.selenium.driver.CChromeDriver
Capabilities {acceptInsecureCerts: false, acceptSslCerts: false, applicationCacheEnabled: false, browserConnectionEnabled: false, browserName: chrome, chrome: {chromedriverVersion: 2.35.528161 (5b82f2d2aae0ca..., userDataDir: C:\Users\Arcadier\AppData\L...}, cssSelectorsEnabled: true, databaseEnabled: false, handlesAlerts: true, hasTouchScreen: false, javascriptEnabled: true, locationContextEnabled: true, mobileEmulationEnabled: false, nativeEvents: true, networkConnectionEnabled: false, pageLoadStrategy: normal, platform: XP, platformName: XP, rotatable: false, setWindowRect: true, takesHeapSnapshot: true, takesScreenshot: true, unexpectedAlertBehaviour: , unhandledPromptBehavior: , version: 74.0.3729.131, webStorageEnabled: true}
Session ID: 940050a5baf45f852f77569503d16f6f)

2019-05-14 07:38:32 - [MESSAGE][WARNING] - Timeout '0' is invalid. Using default page load timeout: '30'

2019-05-14 07:38:33 - [MESSAGE][FAILED] - Unable to wait for object 'Object Repository/ADMIN/Admin Onboarding Page/Admin_Onboarding_Step3/TextLabel_What type of marketplace' to be visible (Root cause: org.openqa.selenium.StaleElementReferenceException: stale element reference: element is not attached to the page document
  (Session info: chrome=74.0.3729.131)
  (Driver info: chromedriver=2.35.528161 (5b82f2d2aae0ca24b877009200ced9065a772e73),platform=Windows NT 6.1.7601 SP1 x86_64) (WARNING: The server did not provide any stacktrace information)
Command duration or timeout: 0 milliseconds
For documentation on this error, please visit: http://seleniumhq.org/exceptions/stale_element_reference.html
Build info: version: '3.7.1', revision: '8a0099a', time: '2017-11-06T21:07:36.161Z'
System info: host: 'ARCADIER-PC', ip: '10.10.31.95', os.name: 'Windows 7', os.arch: 'amd64', os.version: '6.1', java.version: '1.8.0_102'
Driver info: com.kms.katalon.selenium.driver.CChromeDriver
Capabilities {acceptInsecureCerts: false, acceptSslCerts: false, applicationCacheEnabled: false, browserConnectionEnabled: false, browserName: chrome, chrome: {chromedriverVersion: 2.35.528161 (5b82f2d2aae0ca..., userDataDir: C:\Users\Arcadier\AppData\L...}, cssSelectorsEnabled: true, databaseEnabled: false, handlesAlerts: true, hasTouchScreen: false, javascriptEnabled: true, locationContextEnabled: true, mobileEmulationEnabled: false, nativeEvents: true, networkConnectionEnabled: false, pageLoadStrategy: normal, platform: XP, platformName: XP, rotatable: false, setWindowRect: true, takesHeapSnapshot: true, takesScreenshot: true, unexpectedAlertBehaviour: , unhandledPromptBehavior: , version: 74.0.3729.131, webStorageEnabled: true}
Session ID: 940050a5baf45f852f77569503d16f6f)
[[ATTACHMENT|C:\\Katalon\\Arctick\\Reports\\Suites\\Admin Onboarding Only(SPACETIME)\\20190514_073645\\1557790713258.png]]

2019-05-14 07:38:33 - [TEST_STEP][PASSED] - comment: Input

2019-05-14 07:38:33 - [TEST_STEP][PASSED] - uploadFile: File 'C:\\Katalon\\Image\\logo2.jpg' sent to object: 'Object Repository/ADMIN/Admin Onboarding Page/Admin_Onboarding_Step4/Button_Browse_Step4'

2019-05-14 07:38:34 - [MESSAGE][PASSED] - File 'C:\\Katalon\\Image\\logo2.jpg' sent to object: 'Object Repository/ADMIN/Admin Onboarding Page/Admin_Onboarding_Step4/Button_Browse_Step4'

2019-05-14 07:38:34 - [TEST_STEP][PASSED] - setText: Text '0514SR' is set on object 'Object Repository/ADMIN/Admin Onboarding Page/Admin_Onboarding_Step4/Textbox_Marketplace_Name'

2019-05-14 07:38:34 - [MESSAGE][PASSED] - Text '0514SR' is set on object 'Object Repository/ADMIN/Admin Onboarding Page/Admin_Onboarding_Step4/Textbox_Marketplace_Name'

2019-05-14 07:38:34 - [TEST_STEP][PASSED] - setText: Text 'Theme 1' is set on object 'Object Repository/ADMIN/Admin Onboarding Page/Admin_Onboarding_Step4/Textbox_Slogan'

2019-05-14 07:38:34 - [MESSAGE][PASSED] - Text 'Theme 1' is set on object 'Object Repository/ADMIN/Admin Onboarding Page/Admin_Onboarding_Step4/Textbox_Slogan'

2019-05-14 07:38:34 - [TEST_STEP][PASSED] - setText: Text '+631234567890' is set on object 'Object Repository/ADMIN/Admin Onboarding Page/Admin_Onboarding_Step4/Textbox_ContactNumber'

2019-05-14 07:38:34 - [MESSAGE][PASSED] - Text '+631234567890' is set on object 'Object Repository/ADMIN/Admin Onboarding Page/Admin_Onboarding_Step4/Textbox_ContactNumber'

2019-05-14 07:38:34 - [TEST_STEP][PASSED] - setText: Text 'arcadierteam@gmail.com' is set on object 'Object Repository/ADMIN/Admin Onboarding Page/Admin_Onboarding_Step4/Textbox_ContactEmail'

2019-05-14 07:38:35 - [MESSAGE][PASSED] - Text 'arcadierteam@gmail.com' is set on object 'Object Repository/ADMIN/Admin Onboarding Page/Admin_Onboarding_Step4/Textbox_ContactEmail'

2019-05-14 07:38:35 - [TEST_STEP][PASSED] - click: Object: 'Object Repository/ADMIN/Admin Onboarding Page/Admin_Onboarding_Step4/Button_Next_Step4' is clicked on

2019-05-14 07:38:35 - [MESSAGE][PASSED] - Object: 'Object Repository/ADMIN/Admin Onboarding Page/Admin_Onboarding_Step4/Button_Next_Step4' is clicked on]]></system-out>
         <system-err><![CDATA[2019-05-14 07:38:27 - [TEST_CASE][FAILED] - Test Cases/ADMIN/Onboarding/Step4_Simple_Test: Test Cases/ADMIN/Onboarding/Step4_Simple_Test FAILED because (of) Unable to wait for object 'Object Repository/ADMIN/Admin Onboarding Page/Admin_Onboarding_Step3/TextLabel_What type of marketplace' to be visible (Root cause: org.openqa.selenium.StaleElementReferenceException: stale element reference: element is not attached to the page document
  (Session info: chrome=74.0.3729.131)
  (Driver info: chromedriver=2.35.528161 (5b82f2d2aae0ca24b877009200ced9065a772e73),platform=Windows NT 6.1.7601 SP1 x86_64) (WARNING: The server did not provide any stacktrace information)
Command duration or timeout: 0 milliseconds
For documentation on this error, please visit: http://seleniumhq.org/exceptions/stale_element_reference.html
Build info: version: '3.7.1', revision: '8a0099a', time: '2017-11-06T21:07:36.161Z'
System info: host: 'ARCADIER-PC', ip: '10.10.31.95', os.name: 'Windows 7', os.arch: 'amd64', os.version: '6.1', java.version: '1.8.0_102'
Driver info: com.kms.katalon.selenium.driver.CChromeDriver
Capabilities {acceptInsecureCerts: false, acceptSslCerts: false, applicationCacheEnabled: false, browserConnectionEnabled: false, browserName: chrome, chrome: {chromedriverVersion: 2.35.528161 (5b82f2d2aae0ca..., userDataDir: C:\Users\Arcadier\AppData\L...}, cssSelectorsEnabled: true, databaseEnabled: false, handlesAlerts: true, hasTouchScreen: false, javascriptEnabled: true, locationContextEnabled: true, mobileEmulationEnabled: false, nativeEvents: true, networkConnectionEnabled: false, pageLoadStrategy: normal, platform: XP, platformName: XP, rotatable: false, setWindowRect: true, takesHeapSnapshot: true, takesScreenshot: true, unexpectedAlertBehaviour: , unhandledPromptBehavior: , version: 74.0.3729.131, webStorageEnabled: true}
Session ID: 940050a5baf45f852f77569503d16f6f)]]></system-err>
      </testcase>
      <testcase name="Test Cases/ADMIN/Onboarding/Step5_Simple_Test_SpaceTime" classname="Test Cases/ADMIN/Onboarding/Step5_Simple_Test_SpaceTime" status="PASSED">
         <system-out><![CDATA[2019-05-14 07:38:35 - [TEST_CASE][PASSED] - Test Cases/ADMIN/Onboarding/Step5_Simple_Test_SpaceTime: Test Cases/ADMIN/Onboarding/Step5_Simple_Test_SpaceTime

2019-05-14 07:38:35 - [TEST_STEP][PASSED] - comment: Step 5

2019-05-14 07:38:36 - [TEST_STEP][PASSED] - waitForElementVisible: Object 'Object Repository/ADMIN/Admin Onboarding Page/Admin_Onboarding_Step5/h1_5. Preview  pick out a mark' is visible

2019-05-14 07:38:36 - [MESSAGE][WARNING] - Timeout '0' is invalid. Using default page load timeout: '30'

2019-05-14 07:38:41 - [MESSAGE][PASSED] - Object 'Object Repository/ADMIN/Admin Onboarding Page/Admin_Onboarding_Step5/h1_5. Preview  pick out a mark' is visible

2019-05-14 07:38:41 - [TEST_STEP][PASSED] - comment: Previous Button Test

2019-05-14 07:38:41 - [TEST_STEP][PASSED] - click: Object: 'Object Repository/ADMIN/Admin Onboarding Page/Admin_Onboarding_Step5/Button_PREVIOUS_Step5' is clicked on

2019-05-14 07:38:42 - [MESSAGE][PASSED] - Object: 'Object Repository/ADMIN/Admin Onboarding Page/Admin_Onboarding_Step5/Button_PREVIOUS_Step5' is clicked on

2019-05-14 07:38:42 - [TEST_STEP][PASSED] - waitForElementVisible: Object 'Object Repository/ADMIN/Admin Onboarding Page/Admin_Onboarding_Step4/Textlabel_Awesome Now tell us more' is visible

2019-05-14 07:38:42 - [MESSAGE][WARNING] - Timeout '0' is invalid. Using default page load timeout: '30'

2019-05-14 07:38:42 - [MESSAGE][PASSED] - Object 'Object Repository/ADMIN/Admin Onboarding Page/Admin_Onboarding_Step4/Textlabel_Awesome Now tell us more' is visible

2019-05-14 07:38:42 - [TEST_STEP][PASSED] - click: Object: 'Object Repository/ADMIN/Admin Onboarding Page/Admin_Onboarding_Step4/Button_Next_Step4' is clicked on

2019-05-14 07:38:42 - [MESSAGE][PASSED] - Object: 'Object Repository/ADMIN/Admin Onboarding Page/Admin_Onboarding_Step4/Button_Next_Step4' is clicked on

2019-05-14 07:38:42 - [TEST_STEP][PASSED] - waitForElementVisible: Object 'Object Repository/ADMIN/Admin Onboarding Page/Admin_Onboarding_Step5/h1_5. Preview  pick out a mark' is visible

2019-05-14 07:38:42 - [MESSAGE][WARNING] - Timeout '0' is invalid. Using default page load timeout: '30'

2019-05-14 07:38:43 - [MESSAGE][PASSED] - Object 'Object Repository/ADMIN/Admin Onboarding Page/Admin_Onboarding_Step5/h1_5. Preview  pick out a mark' is visible

2019-05-14 07:38:43 - [TEST_STEP][PASSED] - delay: Delayed 2 second(s)

2019-05-14 07:38:45 - [MESSAGE][PASSED] - Delayed 2 second(s)

2019-05-14 07:38:45 - [TEST_STEP][PASSED] - Statement - If (Theme == "Theme 1"): Object: 'Object Repository/ADMIN/Admin Onboarding Page/Admin_Onboarding_Step5/Button_Theme1_Select' is clicked on

2019-05-14 07:38:45 - [TEST_STEP][PASSED] - click: Object: 'Object Repository/ADMIN/Admin Onboarding Page/Admin_Onboarding_Step5/Button_Theme1_Select' is clicked on

2019-05-14 07:38:46 - [MESSAGE][PASSED] - Object: 'Object Repository/ADMIN/Admin Onboarding Page/Admin_Onboarding_Step5/Button_Theme1_Select' is clicked on

2019-05-14 07:38:46 - [TEST_STEP][PASSED] - click: Object: 'Object Repository/ADMIN/Admin Onboarding Page/Admin_Onboarding_Step5/Button_Next_Step5' is clicked on

2019-05-14 07:38:48 - [MESSAGE][PASSED] - Object: 'Object Repository/ADMIN/Admin Onboarding Page/Admin_Onboarding_Step5/Button_Next_Step5' is clicked on]]></system-out>
         <system-err><![CDATA[]]></system-err>
      </testcase>
      <testcase name="Test Cases/ADMIN/Onboarding/Step6_Simple_Test" classname="Test Cases/ADMIN/Onboarding/Step6_Simple_Test" status="PASSED">
         <system-out><![CDATA[2019-05-14 07:38:48 - [TEST_CASE][PASSED] - Test Cases/ADMIN/Onboarding/Step6_Simple_Test: Test Cases/ADMIN/Onboarding/Step6_Simple_Test

2019-05-14 07:38:48 - [TEST_STEP][PASSED] - comment: Step 6 (editable variables)

2019-05-14 07:38:48 - [TEST_STEP][PASSED] - waitForElementVisible: Object 'Object Repository/ADMIN/Admin Onboarding Page/Admin_Onboarding_Step6/Textlabel_Select your marketplace' is visible

2019-05-14 07:38:48 - [MESSAGE][WARNING] - Timeout '0' is invalid. Using default page load timeout: '30'

2019-05-14 07:38:48 - [MESSAGE][PASSED] - Object 'Object Repository/ADMIN/Admin Onboarding Page/Admin_Onboarding_Step6/Textlabel_Select your marketplace' is visible

2019-05-14 07:38:48 - [TEST_STEP][PASSED] - comment: Previous Button Test

2019-05-14 07:38:48 - [TEST_STEP][PASSED] - click: Object: 'Object Repository/ADMIN/Admin Onboarding Page/Admin_Onboarding_Step6/Button_PREVIOUS_Step6' is clicked on

2019-05-14 07:38:49 - [MESSAGE][PASSED] - Object: 'Object Repository/ADMIN/Admin Onboarding Page/Admin_Onboarding_Step6/Button_PREVIOUS_Step6' is clicked on

2019-05-14 07:38:49 - [TEST_STEP][PASSED] - waitForElementVisible: Object 'Object Repository/ADMIN/Admin Onboarding Page/Admin_Onboarding_Step5/h1_5. Preview  pick out a mark' is visible

2019-05-14 07:38:49 - [MESSAGE][WARNING] - Timeout '0' is invalid. Using default page load timeout: '30'

2019-05-14 07:38:49 - [MESSAGE][PASSED] - Object 'Object Repository/ADMIN/Admin Onboarding Page/Admin_Onboarding_Step5/h1_5. Preview  pick out a mark' is visible

2019-05-14 07:38:49 - [TEST_STEP][PASSED] - click: Object: 'Object Repository/ADMIN/Admin Onboarding Page/Admin_Onboarding_Step5/Button_Next_Step5' is clicked on

2019-05-14 07:38:50 - [MESSAGE][PASSED] - Object: 'Object Repository/ADMIN/Admin Onboarding Page/Admin_Onboarding_Step5/Button_Next_Step5' is clicked on

2019-05-14 07:38:50 - [TEST_STEP][PASSED] - waitForElementVisible: Object 'Object Repository/ADMIN/Admin Onboarding Page/Admin_Onboarding_Step6/Textlabel_Select your marketplace' is visible

2019-05-14 07:38:50 - [MESSAGE][WARNING] - Timeout '0' is invalid. Using default page load timeout: '30'

2019-05-14 07:38:50 - [MESSAGE][PASSED] - Object 'Object Repository/ADMIN/Admin Onboarding Page/Admin_Onboarding_Step6/Textlabel_Select your marketplace' is visible

2019-05-14 07:38:50 - [TEST_STEP][PASSED] - comment: Upload Cover Image

2019-05-14 07:38:50 - [TEST_STEP][PASSED] - delay: Delayed 2 second(s)

2019-05-14 07:38:52 - [MESSAGE][PASSED] - Delayed 2 second(s)

2019-05-14 07:38:52 - [TEST_STEP][PASSED] - click: Object: 'Object Repository/ADMIN/Admin Onboarding Page/Admin_Onboarding_Step6/Button_Browse_Step6' is clicked on

2019-05-14 07:38:52 - [MESSAGE][PASSED] - Object: 'Object Repository/ADMIN/Admin Onboarding Page/Admin_Onboarding_Step6/Button_Browse_Step6' is clicked on

2019-05-14 07:38:52 - [TEST_STEP][PASSED] - delay: Delayed 2 second(s)

2019-05-14 07:38:54 - [MESSAGE][PASSED] - Delayed 2 second(s)

2019-05-14 07:38:54 - [TEST_STEP][PASSED] - uploadFile: File 'C:\\Katalon\\Image\\coverimage2.jpg' sent to object: 'Object Repository/ADMIN/Admin Onboarding Page/Admin_Onboarding_Step6/Image_Container'

2019-05-14 07:38:55 - [MESSAGE][PASSED] - File 'C:\\Katalon\\Image\\coverimage2.jpg' sent to object: 'Object Repository/ADMIN/Admin Onboarding Page/Admin_Onboarding_Step6/Image_Container'

2019-05-14 07:38:55 - [TEST_STEP][PASSED] - waitForElementVisible: Object 'Object Repository/ADMIN/Admin Onboarding Page/Admin_Onboarding_Step6/Image Cropper/div_btn btn-success btn-ok' is visible

2019-05-14 07:38:55 - [MESSAGE][WARNING] - Timeout '0' is invalid. Using default page load timeout: '30'

2019-05-14 07:38:55 - [MESSAGE][PASSED] - Object 'Object Repository/ADMIN/Admin Onboarding Page/Admin_Onboarding_Step6/Image Cropper/div_btn btn-success btn-ok' is visible

2019-05-14 07:38:55 - [TEST_STEP][PASSED] - click: Object: 'Object Repository/ADMIN/Admin Onboarding Page/Admin_Onboarding_Step6/Image Cropper/div_btn btn-success btn-ok' is clicked on

2019-05-14 07:38:55 - [MESSAGE][PASSED] - Object: 'Object Repository/ADMIN/Admin Onboarding Page/Admin_Onboarding_Step6/Image Cropper/div_btn btn-success btn-ok' is clicked on

2019-05-14 07:38:55 - [TEST_STEP][PASSED] - waitForElementVisible: Object 'Object Repository/ADMIN/Admin Onboarding Page/Admin_Onboarding_Step6/Image Cropper/a_Save Photo' is visible

2019-05-14 07:38:55 - [MESSAGE][WARNING] - Timeout '0' is invalid. Using default page load timeout: '30'

2019-05-14 07:38:55 - [MESSAGE][PASSED] - Object 'Object Repository/ADMIN/Admin Onboarding Page/Admin_Onboarding_Step6/Image Cropper/a_Save Photo' is visible

2019-05-14 07:38:55 - [TEST_STEP][PASSED] - click: Object: 'Object Repository/ADMIN/Admin Onboarding Page/Admin_Onboarding_Step6/Image Cropper/a_Save Photo' is clicked on

2019-05-14 07:38:55 - [MESSAGE][PASSED] - Object: 'Object Repository/ADMIN/Admin Onboarding Page/Admin_Onboarding_Step6/Image Cropper/a_Save Photo' is clicked on

2019-05-14 07:38:55 - [TEST_STEP][PASSED] - delay: Delayed 1 second(s)

2019-05-14 07:38:56 - [MESSAGE][PASSED] - Delayed 1 second(s)

2019-05-14 07:38:56 - [TEST_STEP][PASSED] - click: Object: 'Object Repository/ADMIN/Admin Onboarding Page/Admin_Onboarding_Step6/Button_Next_Step6' is clicked on

2019-05-14 07:38:56 - [MESSAGE][PASSED] - Object: 'Object Repository/ADMIN/Admin Onboarding Page/Admin_Onboarding_Step6/Button_Next_Step6' is clicked on]]></system-out>
         <system-err><![CDATA[]]></system-err>
      </testcase>
      <testcase name="Test Cases/ADMIN/Onboarding/Step7_Simple_Test" classname="Test Cases/ADMIN/Onboarding/Step7_Simple_Test" status="PASSED">
         <system-out><![CDATA[2019-05-14 07:38:56 - [TEST_CASE][PASSED] - Test Cases/ADMIN/Onboarding/Step7_Simple_Test: Test Cases/ADMIN/Onboarding/Step7_Simple_Test

2019-05-14 07:38:56 - [TEST_STEP][PASSED] - comment: Step 7 (editable variables)

2019-05-14 07:38:56 - [TEST_STEP][PASSED] - waitForElementVisible: Object 'Object Repository/ADMIN/Admin Onboarding Page/Admin_Onboarding_Step7/Textlabel_7. Now how would you like t' is visible

2019-05-14 07:38:56 - [MESSAGE][WARNING] - Timeout '0' is invalid. Using default page load timeout: '30'

2019-05-14 07:39:00 - [MESSAGE][PASSED] - Object 'Object Repository/ADMIN/Admin Onboarding Page/Admin_Onboarding_Step7/Textlabel_7. Now how would you like t' is visible

2019-05-14 07:39:00 - [TEST_STEP][PASSED] - comment: Previous Button Test

2019-05-14 07:39:00 - [TEST_STEP][PASSED] - click: Object: 'Object Repository/ADMIN/Admin Onboarding Page/Admin_Onboarding_Step7/Button_PREVIOUS_Step7' is clicked on

2019-05-14 07:39:01 - [MESSAGE][PASSED] - Object: 'Object Repository/ADMIN/Admin Onboarding Page/Admin_Onboarding_Step7/Button_PREVIOUS_Step7' is clicked on

2019-05-14 07:39:01 - [TEST_STEP][PASSED] - waitForElementVisible: Object 'Object Repository/ADMIN/Admin Onboarding Page/Admin_Onboarding_Step6/Textlabel_Select your marketplace' is visible

2019-05-14 07:39:01 - [MESSAGE][WARNING] - Timeout '0' is invalid. Using default page load timeout: '30'

2019-05-14 07:39:01 - [MESSAGE][PASSED] - Object 'Object Repository/ADMIN/Admin Onboarding Page/Admin_Onboarding_Step6/Textlabel_Select your marketplace' is visible

2019-05-14 07:39:01 - [TEST_STEP][PASSED] - click: Object: 'Object Repository/ADMIN/Admin Onboarding Page/Admin_Onboarding_Step6/Button_Next_Step6' is clicked on

2019-05-14 07:39:01 - [MESSAGE][PASSED] - Object: 'Object Repository/ADMIN/Admin Onboarding Page/Admin_Onboarding_Step6/Button_Next_Step6' is clicked on

2019-05-14 07:39:01 - [TEST_STEP][PASSED] - waitForElementVisible: Object 'Object Repository/ADMIN/Admin Onboarding Page/Admin_Onboarding_Step7/Textlabel_7. Now how would you like t' is visible

2019-05-14 07:39:01 - [MESSAGE][WARNING] - Timeout '0' is invalid. Using default page load timeout: '30'

2019-05-14 07:39:12 - [MESSAGE][PASSED] - Object 'Object Repository/ADMIN/Admin Onboarding Page/Admin_Onboarding_Step7/Textlabel_7. Now how would you like t' is visible

2019-05-14 07:39:12 - [TEST_STEP][PASSED] - comment: Input

2019-05-14 07:39:12 - [TEST_STEP][PASSED] - selectOptionByLabel: All options with label 'SGD' are selected in object 'Object Repository/ADMIN/Admin Onboarding Page/Admin_Onboarding_Step7/Dropdown_Currency' 

2019-05-14 07:39:12 - [MESSAGE][PASSED] - All options with label 'SGD' are selected in object 'Object Repository/ADMIN/Admin Onboarding Page/Admin_Onboarding_Step7/Dropdown_Currency' 

2019-05-14 07:39:12 - [TEST_STEP][PASSED] - setText: Text '98' is set on object 'Object Repository/ADMIN/Admin Onboarding Page/Admin_Onboarding_Step7/Textbox_TransactionFee'

2019-05-14 07:39:13 - [MESSAGE][PASSED] - Text '98' is set on object 'Object Repository/ADMIN/Admin Onboarding Page/Admin_Onboarding_Step7/Textbox_TransactionFee'

2019-05-14 07:39:13 - [TEST_STEP][PASSED] - click: Object: 'Object Repository/ADMIN/Admin Onboarding Page/Admin_Onboarding_Step7/Button_Next_Step7' is clicked on

2019-05-14 07:39:32 - [MESSAGE][PASSED] - Object: 'Object Repository/ADMIN/Admin Onboarding Page/Admin_Onboarding_Step7/Button_Next_Step7' is clicked on]]></system-out>
         <system-err><![CDATA[]]></system-err>
      </testcase>
      <testcase name="Test Cases/ADMIN/Onboarding/Step8_Simple_Test" classname="Test Cases/ADMIN/Onboarding/Step8_Simple_Test" status="PASSED">
         <system-out><![CDATA[2019-05-14 07:39:32 - [TEST_CASE][PASSED] - Test Cases/ADMIN/Onboarding/Step8_Simple_Test: Test Cases/ADMIN/Onboarding/Step8_Simple_Test

2019-05-14 07:39:33 - [TEST_STEP][PASSED] - comment: Step 8

2019-05-14 07:39:33 - [TEST_STEP][PASSED] - waitForElementVisible: Object 'Object Repository/ADMIN/Admin Onboarding Page/Admin_Onboarding_Step8/Textlabel_Review your marketplace pol' is visible

2019-05-14 07:39:33 - [MESSAGE][WARNING] - Timeout '0' is invalid. Using default page load timeout: '30'

2019-05-14 07:39:33 - [MESSAGE][PASSED] - Object 'Object Repository/ADMIN/Admin Onboarding Page/Admin_Onboarding_Step8/Textlabel_Review your marketplace pol' is visible

2019-05-14 07:39:33 - [TEST_STEP][PASSED] - comment: Previous Button Test

2019-05-14 07:39:33 - [TEST_STEP][PASSED] - click: Object: 'Object Repository/ADMIN/Admin Onboarding Page/Admin_Onboarding_Step8/Button_PREVIOUS_Step8' is clicked on

2019-05-14 07:39:42 - [MESSAGE][PASSED] - Object: 'Object Repository/ADMIN/Admin Onboarding Page/Admin_Onboarding_Step8/Button_PREVIOUS_Step8' is clicked on

2019-05-14 07:39:42 - [TEST_STEP][PASSED] - waitForElementVisible: Object 'Object Repository/ADMIN/Admin Onboarding Page/Admin_Onboarding_Step7/Textlabel_7. Now how would you like t' is visible

2019-05-14 07:39:42 - [MESSAGE][WARNING] - Timeout '0' is invalid. Using default page load timeout: '30'

2019-05-14 07:39:42 - [MESSAGE][PASSED] - Object 'Object Repository/ADMIN/Admin Onboarding Page/Admin_Onboarding_Step7/Textlabel_7. Now how would you like t' is visible

2019-05-14 07:39:42 - [TEST_STEP][PASSED] - click: Object: 'Object Repository/ADMIN/Admin Onboarding Page/Admin_Onboarding_Step7/Button_Next_Step7' is clicked on

2019-05-14 07:39:47 - [MESSAGE][PASSED] - Object: 'Object Repository/ADMIN/Admin Onboarding Page/Admin_Onboarding_Step7/Button_Next_Step7' is clicked on

2019-05-14 07:39:47 - [TEST_STEP][PASSED] - waitForElementVisible: Object 'Object Repository/ADMIN/Admin Onboarding Page/Admin_Onboarding_Step8/Textlabel_Review your marketplace pol' is visible

2019-05-14 07:39:47 - [MESSAGE][WARNING] - Timeout '0' is invalid. Using default page load timeout: '30'

2019-05-14 07:39:47 - [MESSAGE][PASSED] - Object 'Object Repository/ADMIN/Admin Onboarding Page/Admin_Onboarding_Step8/Textlabel_Review your marketplace pol' is visible

2019-05-14 07:39:47 - [TEST_STEP][PASSED] - comment: Checkbox Return Policy

2019-05-14 07:39:47 - [TEST_STEP][PASSED] - click: Object: 'Object Repository/ADMIN/Admin Onboarding Page/Admin_Onboarding_Step8/Checkbox_ReturnPolicy' is clicked on

2019-05-14 07:39:48 - [MESSAGE][PASSED] - Object: 'Object Repository/ADMIN/Admin Onboarding Page/Admin_Onboarding_Step8/Checkbox_ReturnPolicy' is clicked on

2019-05-14 07:39:48 - [TEST_STEP][PASSED] - comment: Terms and Condition

2019-05-14 07:39:48 - [TEST_STEP][PASSED] - click: Object: 'Object Repository/ADMIN/Admin Onboarding Page/Admin_Onboarding_Step8/Checkbox_IsAgreed' is clicked on

2019-05-14 07:39:48 - [MESSAGE][PASSED] - Object: 'Object Repository/ADMIN/Admin Onboarding Page/Admin_Onboarding_Step8/Checkbox_IsAgreed' is clicked on

2019-05-14 07:39:48 - [TEST_STEP][PASSED] - click: Object: 'Object Repository/ADMIN/Admin Onboarding Page/Admin_Onboarding_Step8/Button_Next_Step8' is clicked on

2019-05-14 07:40:16 - [MESSAGE][PASSED] - Object: 'Object Repository/ADMIN/Admin Onboarding Page/Admin_Onboarding_Step8/Button_Next_Step8' is clicked on]]></system-out>
         <system-err><![CDATA[]]></system-err>
      </testcase>
      <testcase name="Test Cases/ADMIN/Onboarding/Take Me There" classname="Test Cases/ADMIN/Onboarding/Take Me There" status="PASSED">
         <system-out><![CDATA[2019-05-14 07:40:16 - [TEST_CASE][PASSED] - Test Cases/ADMIN/Onboarding/Take Me There: Test Cases/ADMIN/Onboarding/Take Me There

2019-05-14 07:40:16 - [TEST_STEP][PASSED] - waitForElementVisible: Web element with id: 'Object Repository/ADMIN/Admin Onboarding Page/Take_Me_There/Button_Take me there' located by 'By.xpath: //a[@href = 'https://katalonmp.test.arcadier.io/account/signintodomain?code=11d003d5cfc748c49854d7dab8d2a7fc&returnUrl=/admin/start' and (text() = 'Take me there!' or . = 'Take me there!')]' not found

2019-05-14 07:40:16 - [MESSAGE][WARNING] - Timeout '0' is invalid. Using default page load timeout: '30'

2019-05-14 07:40:49 - [MESSAGE][WARNING] - Web element with id: 'Object Repository/ADMIN/Admin Onboarding Page/Take_Me_There/Button_Take me there' located by 'By.xpath: //a[@href = 'https://katalonmp.test.arcadier.io/account/signintodomain?code=11d003d5cfc748c49854d7dab8d2a7fc&returnUrl=/admin/start' and (text() = 'Take me there!' or . = 'Take me there!')]' not found

2019-05-14 07:40:49 - [TEST_STEP][PASSED] - comment: Auto Login Admin

2019-05-14 07:40:49 - [TEST_STEP][PASSED] - waitForElementVisible: Object 'Object Repository/ADMIN/Admin Onboarding Page/Congratulations_Page/Popup_Congratulations' is visible

2019-05-14 07:40:49 - [MESSAGE][WARNING] - Timeout '0' is invalid. Using default page load timeout: '30'

2019-05-14 07:41:38 - [MESSAGE][PASSED] - Object 'Object Repository/ADMIN/Admin Onboarding Page/Congratulations_Page/Popup_Congratulations' is visible

2019-05-14 07:41:38 - [TEST_STEP][PASSED] - verifyElementPresent: Object 'Object Repository/ADMIN/Admin Onboarding Page/Congratulations_Page/Animation_Congratulations' is present

2019-05-14 07:41:38 - [MESSAGE][WARNING] - Timeout '0' is invalid. Using default page load timeout: '30'

2019-05-14 07:41:38 - [MESSAGE][PASSED] - Object 'Object Repository/ADMIN/Admin Onboarding Page/Congratulations_Page/Animation_Congratulations' is present

2019-05-14 07:41:38 - [TEST_STEP][PASSED] - verifyElementText: Actual text and expected text of test object 'Object Repository/ADMIN/Admin Onboarding Page/Congratulations_Page/Textlabel_Congratulations' are matched.

2019-05-14 07:41:38 - [MESSAGE][PASSED] - Actual text and expected text of test object 'Object Repository/ADMIN/Admin Onboarding Page/Congratulations_Page/Textlabel_Congratulations' are matched.

2019-05-14 07:41:38 - [TEST_STEP][PASSED] - verifyElementText: Actual text and expected text of test object 'Object Repository/ADMIN/Admin Onboarding Page/Congratulations_Page/Textlabel_on opening your brand new' are matched.

2019-05-14 07:41:38 - [MESSAGE][PASSED] - Actual text and expected text of test object 'Object Repository/ADMIN/Admin Onboarding Page/Congratulations_Page/Textlabel_on opening your brand new' are matched.

2019-05-14 07:41:38 - [TEST_STEP][PASSED] - verifyElementText: Actual text and expected text of test object 'Object Repository/ADMIN/Admin Onboarding Page/Congratulations_Page/Textlabel_Welcome to your admin portal' are matched.

2019-05-14 07:41:38 - [MESSAGE][PASSED] - Actual text and expected text of test object 'Object Repository/ADMIN/Admin Onboarding Page/Congratulations_Page/Textlabel_Welcome to your admin portal' are matched.

2019-05-14 07:41:38 - [TEST_STEP][PASSED] - click: Object: 'Object Repository/ADMIN/Admin Onboarding Page/Congratulations_Page/Button_Okay_Congratulations' is clicked on

2019-05-14 07:41:38 - [MESSAGE][PASSED] - Object: 'Object Repository/ADMIN/Admin Onboarding Page/Congratulations_Page/Button_Okay_Congratulations' is clicked on

2019-05-14 07:41:38 - [TEST_STEP][PASSED] - click: Object: 'Object Repository/Utilities/Admin Logout/button_Logout' is clicked on

2019-05-14 07:41:39 - [MESSAGE][PASSED] - Object: 'Object Repository/Utilities/Admin Logout/button_Logout' is clicked on

2019-05-14 07:41:39 - [TEST_STEP][PASSED] - closeBrowser: Browser is closed

2019-05-14 07:41:40 - [MESSAGE][PASSED] - Browser is closed]]></system-out>
         <system-err><![CDATA[]]></system-err>
      </testcase>
      <system-out><![CDATA[2019-05-14 07:36:48 - [TEST_SUITE][FAILED] - Admin Onboarding Only(SPACETIME): Test Cases/ADMIN/Onboarding/Step4_Simple_Test FAILED because (of) Unable to wait for object 'Object Repository/ADMIN/Admin Onboarding Page/Admin_Onboarding_Step3/TextLabel_What type of marketplace' to be visible (Root cause: org.openqa.selenium.StaleElementReferenceException: stale element reference: element is not attached to the page document
  (Session info: chrome=74.0.3729.131)
  (Driver info: chromedriver=2.35.528161 (5b82f2d2aae0ca24b877009200ced9065a772e73),platform=Windows NT 6.1.7601 SP1 x86_64) (WARNING: The server did not provide any stacktrace information)
Command duration or timeout: 0 milliseconds
For documentation on this error, please visit: http://seleniumhq.org/exceptions/stale_element_reference.html
Build info: version: '3.7.1', revision: '8a0099a', time: '2017-11-06T21:07:36.161Z'
System info: host: 'ARCADIER-PC', ip: '10.10.31.95', os.name: 'Windows 7', os.arch: 'amd64', os.version: '6.1', java.version: '1.8.0_102'
Driver info: com.kms.katalon.selenium.driver.CChromeDriver
Capabilities {acceptInsecureCerts: false, acceptSslCerts: false, applicationCacheEnabled: false, browserConnectionEnabled: false, browserName: chrome, chrome: {chromedriverVersion: 2.35.528161 (5b82f2d2aae0ca..., userDataDir: C:\Users\Arcadier\AppData\L...}, cssSelectorsEnabled: true, databaseEnabled: false, handlesAlerts: true, hasTouchScreen: false, javascriptEnabled: true, locationContextEnabled: true, mobileEmulationEnabled: false, nativeEvents: true, networkConnectionEnabled: false, pageLoadStrategy: normal, platform: XP, platformName: XP, rotatable: false, setWindowRect: true, takesHeapSnapshot: true, takesScreenshot: true, unexpectedAlertBehaviour: , unhandledPromptBehavior: , version: 74.0.3729.131, webStorageEnabled: true}
Session ID: 940050a5baf45f852f77569503d16f6f)]]></system-out>
      <system-err><![CDATA[2019-05-14 07:36:48 - [TEST_SUITE][FAILED] - Admin Onboarding Only(SPACETIME): Test Cases/ADMIN/Onboarding/Step4_Simple_Test FAILED because (of) Unable to wait for object 'Object Repository/ADMIN/Admin Onboarding Page/Admin_Onboarding_Step3/TextLabel_What type of marketplace' to be visible (Root cause: org.openqa.selenium.StaleElementReferenceException: stale element reference: element is not attached to the page document
  (Session info: chrome=74.0.3729.131)
  (Driver info: chromedriver=2.35.528161 (5b82f2d2aae0ca24b877009200ced9065a772e73),platform=Windows NT 6.1.7601 SP1 x86_64) (WARNING: The server did not provide any stacktrace information)
Command duration or timeout: 0 milliseconds
For documentation on this error, please visit: http://seleniumhq.org/exceptions/stale_element_reference.html
Build info: version: '3.7.1', revision: '8a0099a', time: '2017-11-06T21:07:36.161Z'
System info: host: 'ARCADIER-PC', ip: '10.10.31.95', os.name: 'Windows 7', os.arch: 'amd64', os.version: '6.1', java.version: '1.8.0_102'
Driver info: com.kms.katalon.selenium.driver.CChromeDriver
Capabilities {acceptInsecureCerts: false, acceptSslCerts: false, applicationCacheEnabled: false, browserConnectionEnabled: false, browserName: chrome, chrome: {chromedriverVersion: 2.35.528161 (5b82f2d2aae0ca..., userDataDir: C:\Users\Arcadier\AppData\L...}, cssSelectorsEnabled: true, databaseEnabled: false, handlesAlerts: true, hasTouchScreen: false, javascriptEnabled: true, locationContextEnabled: true, mobileEmulationEnabled: false, nativeEvents: true, networkConnectionEnabled: false, pageLoadStrategy: normal, platform: XP, platformName: XP, rotatable: false, setWindowRect: true, takesHeapSnapshot: true, takesScreenshot: true, unexpectedAlertBehaviour: , unhandledPromptBehavior: , version: 74.0.3729.131, webStorageEnabled: true}
Session ID: 940050a5baf45f852f77569503d16f6f)]]></system-err>
   </testsuite>
</testsuites>
