<?xml version="1.0" encoding="UTF-8"?>
<testsuites name="Merchant Add Service" time="2" tests="0" failures="1" errors="0">
   <testsuite name="Merchant Add Service" tests="0" failures="1" errors="0" time="2" timestamp="2019-06-11 14:44:31" hostname="Arcadier - Arcadier-PC" id="Test Suites/Suites/Merchant Add Service">
      <properties>
         <property name="deviceName" value=""/>
         <property name="devicePlatform" value=""/>
         <property name="logFolder" value="C:\\Users\\Arcadier\\git\\Arctick\\Reports\\Suites\\Merchant Add Service\\20190611_144429"/>
         <property name="logFiles" value="C:\\Users\\Arcadier\\git\\Arctick\\Reports\\Suites\\Merchant Add Service\\20190611_144429\\execution0.log"/>
         <property name="attachments" value=""/>
         <property name="hostName" value="Arcadier - Arcadier-PC"/>
         <property name="hostAddress" value="10.10.31.95"/>
         <property name="os" value="Windows 7 64bit"/>
         <property name="katalonVersion" value="5.4.2.1"/>
      </properties>
      <testcase name="Test Cases/MERCHANT/SPACETIME/Service Creation/Add Service" classname="Test Cases/MERCHANT/SPACETIME/Service Creation/Add Service" status="FAILED">
         <failure type="FAILED" message="Unable to wait for object 'Object Repository/MERCHANT/SpaceTime/Listing Page/header_Your Services' to be visible (Root cause: com.kms.katalon.core.webui.exception.BrowserNotOpenedException: Browser is not opened
Build info: version: '3.7.1', revision: '8a0099a', time: '2017-11-06T21:07:36.161Z'
System info: host: 'ARCADIER-PC', ip: '10.10.31.95', os.name: 'Windows 7', os.arch: 'amd64', os.version: '6.1', java.version: '1.8.0_102'
Driver info: driver.version: unknown)"/>
         <system-out><![CDATA[2019-06-11 14:44:31 - [TEST_CASE][FAILED] - Test Cases/MERCHANT/SPACETIME/Service Creation/Add Service: Test Cases/MERCHANT/SPACETIME/Service Creation/Add Service FAILED because (of) Unable to wait for object 'Object Repository/MERCHANT/SpaceTime/Listing Page/header_Your Services' to be visible (Root cause: com.kms.katalon.core.webui.exception.BrowserNotOpenedException: Browser is not opened
Build info: version: '3.7.1', revision: '8a0099a', time: '2017-11-06T21:07:36.161Z'
System info: host: 'ARCADIER-PC', ip: '10.10.31.95', os.name: 'Windows 7', os.arch: 'amd64', os.version: '6.1', java.version: '1.8.0_102'
Driver info: driver.version: unknown)

2019-06-11 14:44:32 - [TEST_STEP][FAILED] - waitForElementVisible: Unable to wait for object 'Object Repository/MERCHANT/SpaceTime/Listing Page/header_Your Services' to be visible (Root cause: com.kms.katalon.core.webui.exception.BrowserNotOpenedException: Browser is not opened
Build info: version: '3.7.1', revision: '8a0099a', time: '2017-11-06T21:07:36.161Z'
System info: host: 'ARCADIER-PC', ip: '10.10.31.95', os.name: 'Windows 7', os.arch: 'amd64', os.version: '6.1', java.version: '1.8.0_102'
Driver info: driver.version: unknown)

2019-06-11 14:44:32 - [MESSAGE][WARNING] - Timeout '0' is invalid. Using default page load timeout: '30'

2019-06-11 14:44:32 - [MESSAGE][WARNING] - Cannot take screenshot

2019-06-11 14:44:32 - [MESSAGE][FAILED] - Unable to wait for object 'Object Repository/MERCHANT/SpaceTime/Listing Page/header_Your Services' to be visible (Root cause: com.kms.katalon.core.webui.exception.BrowserNotOpenedException: Browser is not opened
Build info: version: '3.7.1', revision: '8a0099a', time: '2017-11-06T21:07:36.161Z'
System info: host: 'ARCADIER-PC', ip: '10.10.31.95', os.name: 'Windows 7', os.arch: 'amd64', os.version: '6.1', java.version: '1.8.0_102'
Driver info: driver.version: unknown)

2019-06-11 14:44:32 - [TEST_STEP][FAILED] - click: Unable to click on object 'Object Repository/MERCHANT/SpaceTime/Listing Page/header_Your Services' (Root cause: com.kms.katalon.core.webui.exception.BrowserNotOpenedException: Browser is not opened
Build info: version: '3.7.1', revision: '8a0099a', time: '2017-11-06T21:07:36.161Z'
System info: host: 'ARCADIER-PC', ip: '10.10.31.95', os.name: 'Windows 7', os.arch: 'amd64', os.version: '6.1', java.version: '1.8.0_102'
Driver info: driver.version: unknown)

2019-06-11 14:44:32 - [MESSAGE][WARNING] - Cannot take screenshot

2019-06-11 14:44:32 - [MESSAGE][FAILED] - Unable to click on object 'Object Repository/MERCHANT/SpaceTime/Listing Page/header_Your Services' (Root cause: com.kms.katalon.core.webui.exception.BrowserNotOpenedException: Browser is not opened
Build info: version: '3.7.1', revision: '8a0099a', time: '2017-11-06T21:07:36.161Z'
System info: host: 'ARCADIER-PC', ip: '10.10.31.95', os.name: 'Windows 7', os.arch: 'amd64', os.version: '6.1', java.version: '1.8.0_102'
Driver info: driver.version: unknown)

2019-06-11 14:44:32 - [TEST_STEP][FAILED] - waitForElementVisible: Unable to wait for object 'Object Repository/MERCHANT/SpaceTime/Listing Page/button_Add listings' to be visible (Root cause: com.kms.katalon.core.webui.exception.BrowserNotOpenedException: Browser is not opened
Build info: version: '3.7.1', revision: '8a0099a', time: '2017-11-06T21:07:36.161Z'
System info: host: 'ARCADIER-PC', ip: '10.10.31.95', os.name: 'Windows 7', os.arch: 'amd64', os.version: '6.1', java.version: '1.8.0_102'
Driver info: driver.version: unknown)

2019-06-11 14:44:32 - [MESSAGE][WARNING] - Timeout '0' is invalid. Using default page load timeout: '30'

2019-06-11 14:44:32 - [MESSAGE][WARNING] - Cannot take screenshot

2019-06-11 14:44:32 - [MESSAGE][FAILED] - Unable to wait for object 'Object Repository/MERCHANT/SpaceTime/Listing Page/button_Add listings' to be visible (Root cause: com.kms.katalon.core.webui.exception.BrowserNotOpenedException: Browser is not opened
Build info: version: '3.7.1', revision: '8a0099a', time: '2017-11-06T21:07:36.161Z'
System info: host: 'ARCADIER-PC', ip: '10.10.31.95', os.name: 'Windows 7', os.arch: 'amd64', os.version: '6.1', java.version: '1.8.0_102'
Driver info: driver.version: unknown)

2019-06-11 14:44:32 - [TEST_STEP][FAILED] - click: Unable to click on object 'Object Repository/MERCHANT/SpaceTime/Listing Page/button_Add listings' (Root cause: com.kms.katalon.core.webui.exception.BrowserNotOpenedException: Browser is not opened
Build info: version: '3.7.1', revision: '8a0099a', time: '2017-11-06T21:07:36.161Z'
System info: host: 'ARCADIER-PC', ip: '10.10.31.95', os.name: 'Windows 7', os.arch: 'amd64', os.version: '6.1', java.version: '1.8.0_102'
Driver info: driver.version: unknown)

2019-06-11 14:44:32 - [MESSAGE][WARNING] - Cannot take screenshot

2019-06-11 14:44:32 - [MESSAGE][FAILED] - Unable to click on object 'Object Repository/MERCHANT/SpaceTime/Listing Page/button_Add listings' (Root cause: com.kms.katalon.core.webui.exception.BrowserNotOpenedException: Browser is not opened
Build info: version: '3.7.1', revision: '8a0099a', time: '2017-11-06T21:07:36.161Z'
System info: host: 'ARCADIER-PC', ip: '10.10.31.95', os.name: 'Windows 7', os.arch: 'amd64', os.version: '6.1', java.version: '1.8.0_102'
Driver info: driver.version: unknown)

2019-06-11 14:44:32 - [TEST_STEP][PASSED] - comment: Basic Details

2019-06-11 14:44:32 - [TEST_STEP][FAILED] - waitForElementVisible: Unable to wait for object 'Object Repository/MERCHANT/SpaceTime/Service Creation/Basic Details/textbox_search cat' to be visible (Root cause: com.kms.katalon.core.webui.exception.BrowserNotOpenedException: Browser is not opened
Build info: version: '3.7.1', revision: '8a0099a', time: '2017-11-06T21:07:36.161Z'
System info: host: 'ARCADIER-PC', ip: '10.10.31.95', os.name: 'Windows 7', os.arch: 'amd64', os.version: '6.1', java.version: '1.8.0_102'
Driver info: driver.version: unknown)

2019-06-11 14:44:32 - [MESSAGE][WARNING] - Timeout '0' is invalid. Using default page load timeout: '30'

2019-06-11 14:44:32 - [MESSAGE][WARNING] - Cannot take screenshot

2019-06-11 14:44:32 - [MESSAGE][FAILED] - Unable to wait for object 'Object Repository/MERCHANT/SpaceTime/Service Creation/Basic Details/textbox_search cat' to be visible (Root cause: com.kms.katalon.core.webui.exception.BrowserNotOpenedException: Browser is not opened
Build info: version: '3.7.1', revision: '8a0099a', time: '2017-11-06T21:07:36.161Z'
System info: host: 'ARCADIER-PC', ip: '10.10.31.95', os.name: 'Windows 7', os.arch: 'amd64', os.version: '6.1', java.version: '1.8.0_102'
Driver info: driver.version: unknown)

2019-06-11 14:44:32 - [TEST_STEP][FAILED] - setText: Unable to set text 'Category 19' of object 'Object Repository/MERCHANT/SpaceTime/Service Creation/Basic Details/textbox_search cat' (Root cause: com.kms.katalon.core.webui.exception.BrowserNotOpenedException: Browser is not opened
Build info: version: '3.7.1', revision: '8a0099a', time: '2017-11-06T21:07:36.161Z'
System info: host: 'ARCADIER-PC', ip: '10.10.31.95', os.name: 'Windows 7', os.arch: 'amd64', os.version: '6.1', java.version: '1.8.0_102'
Driver info: driver.version: unknown)

2019-06-11 14:44:32 - [MESSAGE][WARNING] - Cannot take screenshot

2019-06-11 14:44:32 - [MESSAGE][FAILED] - Unable to set text 'Category 19' of object 'Object Repository/MERCHANT/SpaceTime/Service Creation/Basic Details/textbox_search cat' (Root cause: com.kms.katalon.core.webui.exception.BrowserNotOpenedException: Browser is not opened
Build info: version: '3.7.1', revision: '8a0099a', time: '2017-11-06T21:07:36.161Z'
System info: host: 'ARCADIER-PC', ip: '10.10.31.95', os.name: 'Windows 7', os.arch: 'amd64', os.version: '6.1', java.version: '1.8.0_102'
Driver info: driver.version: unknown)

2019-06-11 14:44:32 - [TEST_STEP][PASSED] - comment: Select Category

2019-06-11 14:44:32 - [TEST_STEP][FAILED] - Statement - If (varCategory == "Category 19"): Unable to click on object 'Object Repository/MERCHANT/SpaceTime/Service Creation/Category List/checkbox_cat19' (Root cause: com.kms.katalon.core.webui.exception.BrowserNotOpenedException: Browser is not opened
Build info: version: '3.7.1', revision: '8a0099a', time: '2017-11-06T21:07:36.161Z'
System info: host: 'ARCADIER-PC', ip: '10.10.31.95', os.name: 'Windows 7', os.arch: 'amd64', os.version: '6.1', java.version: '1.8.0_102'
Driver info: driver.version: unknown)

2019-06-11 14:44:32 - [TEST_STEP][FAILED] - click: Unable to click on object 'Object Repository/MERCHANT/SpaceTime/Service Creation/Category List/checkbox_cat19' (Root cause: com.kms.katalon.core.webui.exception.BrowserNotOpenedException: Browser is not opened
Build info: version: '3.7.1', revision: '8a0099a', time: '2017-11-06T21:07:36.161Z'
System info: host: 'ARCADIER-PC', ip: '10.10.31.95', os.name: 'Windows 7', os.arch: 'amd64', os.version: '6.1', java.version: '1.8.0_102'
Driver info: driver.version: unknown)

2019-06-11 14:44:32 - [MESSAGE][WARNING] - Cannot take screenshot

2019-06-11 14:44:32 - [MESSAGE][FAILED] - Unable to click on object 'Object Repository/MERCHANT/SpaceTime/Service Creation/Category List/checkbox_cat19' (Root cause: com.kms.katalon.core.webui.exception.BrowserNotOpenedException: Browser is not opened
Build info: version: '3.7.1', revision: '8a0099a', time: '2017-11-06T21:07:36.161Z'
System info: host: 'ARCADIER-PC', ip: '10.10.31.95', os.name: 'Windows 7', os.arch: 'amd64', os.version: '6.1', java.version: '1.8.0_102'
Driver info: driver.version: unknown)

2019-06-11 14:44:32 - [TEST_STEP][FAILED] - setText: Unable to set text 'Service per hour 24/7' of object 'Object Repository/MERCHANT/SpaceTime/Service Creation/Basic Details/textbox_service name' (Root cause: com.kms.katalon.core.webui.exception.BrowserNotOpenedException: Browser is not opened
Build info: version: '3.7.1', revision: '8a0099a', time: '2017-11-06T21:07:36.161Z'
System info: host: 'ARCADIER-PC', ip: '10.10.31.95', os.name: 'Windows 7', os.arch: 'amd64', os.version: '6.1', java.version: '1.8.0_102'
Driver info: driver.version: unknown)

2019-06-11 14:44:32 - [MESSAGE][WARNING] - Cannot take screenshot

2019-06-11 14:44:32 - [MESSAGE][FAILED] - Unable to set text 'Service per hour 24/7' of object 'Object Repository/MERCHANT/SpaceTime/Service Creation/Basic Details/textbox_service name' (Root cause: com.kms.katalon.core.webui.exception.BrowserNotOpenedException: Browser is not opened
Build info: version: '3.7.1', revision: '8a0099a', time: '2017-11-06T21:07:36.161Z'
System info: host: 'ARCADIER-PC', ip: '10.10.31.95', os.name: 'Windows 7', os.arch: 'amd64', os.version: '6.1', java.version: '1.8.0_102'
Driver info: driver.version: unknown)

2019-06-11 14:44:32 - [TEST_STEP][FAILED] - setText: Unable to set text 'Lorem ipsum dolor sit amet, consectetur adipiscing elit, sed do eiusmod tempor incididunt ut labore et dolore magna aliqua. Ut enim ad minim veniam, quis nostrud exercitation ullamco laboris nisi ut aliquip ex ea commodo consequat. Duis aute irure dolor in reprehenderit in voluptate velit esse cillum dolore eu fugiat nulla pariatur. Excepteur sint occaecat cupidatat non proident, sunt in culpa qui officia deserunt mollit anim id est laborum.' of object 'Object Repository/MERCHANT/SpaceTime/Service Creation/Basic Details/textbox_description' (Root cause: com.kms.katalon.core.webui.exception.BrowserNotOpenedException: Browser is not opened
Build info: version: '3.7.1', revision: '8a0099a', time: '2017-11-06T21:07:36.161Z'
System info: host: 'ARCADIER-PC', ip: '10.10.31.95', os.name: 'Windows 7', os.arch: 'amd64', os.version: '6.1', java.version: '1.8.0_102'
Driver info: driver.version: unknown)

2019-06-11 14:44:32 - [MESSAGE][WARNING] - Cannot take screenshot

2019-06-11 14:44:32 - [MESSAGE][FAILED] - Unable to set text 'Lorem ipsum dolor sit amet, consectetur adipiscing elit, sed do eiusmod tempor incididunt ut labore et dolore magna aliqua. Ut enim ad minim veniam, quis nostrud exercitation ullamco laboris nisi ut aliquip ex ea commodo consequat. Duis aute irure dolor in reprehenderit in voluptate velit esse cillum dolore eu fugiat nulla pariatur. Excepteur sint occaecat cupidatat non proident, sunt in culpa qui officia deserunt mollit anim id est laborum.' of object 'Object Repository/MERCHANT/SpaceTime/Service Creation/Basic Details/textbox_description' (Root cause: com.kms.katalon.core.webui.exception.BrowserNotOpenedException: Browser is not opened
Build info: version: '3.7.1', revision: '8a0099a', time: '2017-11-06T21:07:36.161Z'
System info: host: 'ARCADIER-PC', ip: '10.10.31.95', os.name: 'Windows 7', os.arch: 'amd64', os.version: '6.1', java.version: '1.8.0_102'
Driver info: driver.version: unknown)

2019-06-11 14:44:32 - [TEST_STEP][FAILED] - click: Unable to click on object 'Object Repository/MERCHANT/SpaceTime/Service Creation/Basic Details/dropdown_booking type' (Root cause: com.kms.katalon.core.webui.exception.BrowserNotOpenedException: Browser is not opened
Build info: version: '3.7.1', revision: '8a0099a', time: '2017-11-06T21:07:36.161Z'
System info: host: 'ARCADIER-PC', ip: '10.10.31.95', os.name: 'Windows 7', os.arch: 'amd64', os.version: '6.1', java.version: '1.8.0_102'
Driver info: driver.version: unknown)

2019-06-11 14:44:32 - [MESSAGE][WARNING] - Cannot take screenshot

2019-06-11 14:44:32 - [MESSAGE][FAILED] - Unable to click on object 'Object Repository/MERCHANT/SpaceTime/Service Creation/Basic Details/dropdown_booking type' (Root cause: com.kms.katalon.core.webui.exception.BrowserNotOpenedException: Browser is not opened
Build info: version: '3.7.1', revision: '8a0099a', time: '2017-11-06T21:07:36.161Z'
System info: host: 'ARCADIER-PC', ip: '10.10.31.95', os.name: 'Windows 7', os.arch: 'amd64', os.version: '6.1', java.version: '1.8.0_102'
Driver info: driver.version: unknown)

2019-06-11 14:44:32 - [TEST_STEP][FAILED] - selectOptionByLabel: Unable to select option by label 'Day 31' of object 'Object Repository/MERCHANT/SpaceTime/Service Creation/Basic Details/dropdown_booking type'  (Root cause: com.kms.katalon.core.webui.exception.BrowserNotOpenedException: Browser is not opened
Build info: version: '3.7.1', revision: '8a0099a', time: '2017-11-06T21:07:36.161Z'
System info: host: 'ARCADIER-PC', ip: '10.10.31.95', os.name: 'Windows 7', os.arch: 'amd64', os.version: '6.1', java.version: '1.8.0_102'
Driver info: driver.version: unknown)

2019-06-11 14:44:33 - [MESSAGE][WARNING] - Cannot take screenshot

2019-06-11 14:44:33 - [MESSAGE][FAILED] - Unable to select option by label 'Day 31' of object 'Object Repository/MERCHANT/SpaceTime/Service Creation/Basic Details/dropdown_booking type'  (Root cause: com.kms.katalon.core.webui.exception.BrowserNotOpenedException: Browser is not opened
Build info: version: '3.7.1', revision: '8a0099a', time: '2017-11-06T21:07:36.161Z'
System info: host: 'ARCADIER-PC', ip: '10.10.31.95', os.name: 'Windows 7', os.arch: 'amd64', os.version: '6.1', java.version: '1.8.0_102'
Driver info: driver.version: unknown)

2019-06-11 14:44:33 - [TEST_STEP][PASSED] - comment: Service Duration

2019-06-11 14:44:33 - [TEST_STEP][PASSED] - Statement - If (varServiceDuration == "hour"): null

2019-06-11 14:44:33 - [TEST_STEP][FAILED] - Statement - Else If (varServiceDuration == "day"): Finding Test Object with id 'Object Repository/MERCHANT/SpaceTime/Service Creation/Basic Details/Default Duration/label_ day'

2019-06-11 14:44:33 - [TEST_STEP][FAILED] - waitForElementVisible: Unable to wait for object 'Object Repository/MERCHANT/SpaceTime/Service Creation/Basic Details/Default Duration/label_ day' to be visible (Root cause: com.kms.katalon.core.webui.exception.BrowserNotOpenedException: Browser is not opened
Build info: version: '3.7.1', revision: '8a0099a', time: '2017-11-06T21:07:36.161Z'
System info: host: 'ARCADIER-PC', ip: '10.10.31.95', os.name: 'Windows 7', os.arch: 'amd64', os.version: '6.1', java.version: '1.8.0_102'
Driver info: driver.version: unknown)

2019-06-11 14:44:33 - [MESSAGE][WARNING] - Timeout '0' is invalid. Using default page load timeout: '30'

2019-06-11 14:44:33 - [MESSAGE][WARNING] - Cannot take screenshot

2019-06-11 14:44:33 - [MESSAGE][FAILED] - Unable to wait for object 'Object Repository/MERCHANT/SpaceTime/Service Creation/Basic Details/Default Duration/label_ day' to be visible (Root cause: com.kms.katalon.core.webui.exception.BrowserNotOpenedException: Browser is not opened
Build info: version: '3.7.1', revision: '8a0099a', time: '2017-11-06T21:07:36.161Z'
System info: host: 'ARCADIER-PC', ip: '10.10.31.95', os.name: 'Windows 7', os.arch: 'amd64', os.version: '6.1', java.version: '1.8.0_102'
Driver info: driver.version: unknown)

2019-06-11 14:44:33 - [TEST_STEP][PASSED] - click: Finding Test Object with id 'Object Repository/MERCHANT/SpaceTime/Service Creation/Basic Details/Default Duration/label_ day']]></system-out>
         <system-err><![CDATA[2019-06-11 14:44:31 - [TEST_CASE][FAILED] - Test Cases/MERCHANT/SPACETIME/Service Creation/Add Service: Test Cases/MERCHANT/SPACETIME/Service Creation/Add Service FAILED because (of) Unable to wait for object 'Object Repository/MERCHANT/SpaceTime/Listing Page/header_Your Services' to be visible (Root cause: com.kms.katalon.core.webui.exception.BrowserNotOpenedException: Browser is not opened
Build info: version: '3.7.1', revision: '8a0099a', time: '2017-11-06T21:07:36.161Z'
System info: host: 'ARCADIER-PC', ip: '10.10.31.95', os.name: 'Windows 7', os.arch: 'amd64', os.version: '6.1', java.version: '1.8.0_102'
Driver info: driver.version: unknown)]]></system-err>
      </testcase>
      <system-out><![CDATA[2019-06-11 14:44:31 - [TEST_SUITE][FAILED] - Merchant Add Service: Test Cases/MERCHANT/SPACETIME/Service Creation/Add Service FAILED because (of) Unable to wait for object 'Object Repository/MERCHANT/SpaceTime/Listing Page/header_Your Services' to be visible (Root cause: com.kms.katalon.core.webui.exception.BrowserNotOpenedException: Browser is not opened
Build info: version: '3.7.1', revision: '8a0099a', time: '2017-11-06T21:07:36.161Z'
System info: host: 'ARCADIER-PC', ip: '10.10.31.95', os.name: 'Windows 7', os.arch: 'amd64', os.version: '6.1', java.version: '1.8.0_102'
Driver info: driver.version: unknown)]]></system-out>
      <system-err><![CDATA[2019-06-11 14:44:31 - [TEST_SUITE][FAILED] - Merchant Add Service: Test Cases/MERCHANT/SPACETIME/Service Creation/Add Service FAILED because (of) Unable to wait for object 'Object Repository/MERCHANT/SpaceTime/Listing Page/header_Your Services' to be visible (Root cause: com.kms.katalon.core.webui.exception.BrowserNotOpenedException: Browser is not opened
Build info: version: '3.7.1', revision: '8a0099a', time: '2017-11-06T21:07:36.161Z'
System info: host: 'ARCADIER-PC', ip: '10.10.31.95', os.name: 'Windows 7', os.arch: 'amd64', os.version: '6.1', java.version: '1.8.0_102'
Driver info: driver.version: unknown)]]></system-err>
   </testsuite>
</testsuites>
