<?xml version="1.0" encoding="UTF-8"?>
<testsuites name="Bespoke Buyer Pages" time="133.383" tests="17" failures="0" errors="0">
   <testsuite name="Bespoke Buyer Pages" tests="17" failures="0" errors="0" time="133.383" timestamp="2020-03-20 10:19:31" hostname="ARCADIER03 - 192.168.254.105" id="Test Suites/Admin/Language/Edit Text/Bespoke/Buyer Pages/Bespoke Buyer Pages">
      <properties>
         <property name="deviceName" value=""/>
         <property name="devicePlatform" value=""/>
         <property name="logFolder" value="C:\\Katalon\\Arctick\\Reports\\20200320_101928\\Admin\\Language\\Edit Text\\Bespoke\\Buyer Pages\\Bespoke Buyer Pages\\20200320_101928"/>
         <property name="logFiles" value="C:\\Katalon\\Arctick\\Reports\\20200320_101928\\Admin\\Language\\Edit Text\\Bespoke\\Buyer Pages\\Bespoke Buyer Pages\\20200320_101928\\execution0.log"/>
         <property name="attachments" value=""/>
         <property name="hostName" value="ARCADIER03 - 192.168.254.105"/>
         <property name="os" value="Windows 7 64bit"/>
         <property name="katalonVersion" value="7.2.6.1"/>
         <property name="browser" value="Chrome 80.0.3987.149"/>
         <property name="hostAddress" value="192.168.254.105"/>
         <property name="sessionId" value="36d01542543bc6b7e6541b3e6dcbd8a9"/>
         <property name="seleniumVersion" value="3.141.59"/>
         <property name="proxyInformation" value="ProxyInformation{proxyOption=NO_PROXY, proxyServerType=HTTP, password=, proxyServerAddress=, proxyServerPort=0, executionList=}"/>
         <property name="platform" value="Windows 7"/>
      </properties>
      <testcase name="Test Cases/ADMIN/Language/Edit Text/Bespoke/Buyer Pages/Purchase Details Navigation" time="8.225" classname="Test Cases/ADMIN/Language/Edit Text/Bespoke/Buyer Pages/Purchase Details Navigation" status="PASSED">
         <system-out><![CDATA[2020-03-20 10:19:31 - [TEST_CASE][PASSED] - Test Cases/ADMIN/Language/Edit Text/Bespoke/Buyer Pages/Purchase Details Navigation: Test Cases/ADMIN/Language/Edit Text/Bespoke/Buyer Pages/Purchase Details Navigation

2020-03-20 10:19:32 - [TEST_STEP][PASSED] - waitForElementVisible(findTestObject("ADMIN/Language/sidemenu_Language"), 0): Object 'Object Repository/ADMIN/Language/sidemenu_Language' is visible

2020-03-20 10:19:33 - [MESSAGE][WARNING] - Timeout '0' is invalid. Using default page load timeout: '30'

2020-03-20 10:19:34 - [MESSAGE][PASSED] - Object 'Object Repository/ADMIN/Language/sidemenu_Language' is visible

2020-03-20 10:19:34 - [TEST_STEP][PASSED] - click(findTestObject("ADMIN/Language/sidemenu_Language"), CONTINUE_ON_FAILURE): Object: 'Object Repository/ADMIN/Language/sidemenu_Language' is clicked on

2020-03-20 10:19:34 - [MESSAGE][PASSED] - Object: 'Object Repository/ADMIN/Language/sidemenu_Language' is clicked on

2020-03-20 10:19:34 - [TEST_STEP][PASSED] - waitForElementVisible(findTestObject("ADMIN/Language/sidemenu_Edit Text"), 0): Object 'Object Repository/ADMIN/Language/sidemenu_Edit Text' is visible

2020-03-20 10:19:34 - [MESSAGE][WARNING] - Timeout '0' is invalid. Using default page load timeout: '30'

2020-03-20 10:19:35 - [MESSAGE][PASSED] - Object 'Object Repository/ADMIN/Language/sidemenu_Edit Text' is visible

2020-03-20 10:19:35 - [TEST_STEP][PASSED] - click(findTestObject("ADMIN/Language/sidemenu_Edit Text"), CONTINUE_ON_FAILURE): Object: 'Object Repository/ADMIN/Language/sidemenu_Edit Text' is clicked on

2020-03-20 10:19:36 - [MESSAGE][PASSED] - Object: 'Object Repository/ADMIN/Language/sidemenu_Edit Text' is clicked on

2020-03-20 10:19:36 - [TEST_STEP][PASSED] - waitForElementVisible(findTestObject("ADMIN/Edit Text/Bespoke/Buyer Navigation/icon_dd"), 0): Object 'Object Repository/ADMIN/Edit Text/Bespoke/Buyer Navigation/icon_dd' is visible

2020-03-20 10:19:36 - [MESSAGE][WARNING] - Timeout '0' is invalid. Using default page load timeout: '30'

2020-03-20 10:19:37 - [MESSAGE][PASSED] - Object 'Object Repository/ADMIN/Edit Text/Bespoke/Buyer Navigation/icon_dd' is visible

2020-03-20 10:19:37 - [TEST_STEP][PASSED] - click(findTestObject("ADMIN/Edit Text/Bespoke/Buyer Navigation/icon_dd"), CONTINUE_ON_FAILURE): Object: 'Object Repository/ADMIN/Edit Text/Bespoke/Buyer Navigation/icon_dd' is clicked on

2020-03-20 10:19:37 - [MESSAGE][PASSED] - Object: 'Object Repository/ADMIN/Edit Text/Bespoke/Buyer Navigation/icon_dd' is clicked on

2020-03-20 10:19:37 - [TEST_STEP][PASSED] - waitForElementVisible(findTestObject("ADMIN/Edit Text/Bespoke/Buyer Navigation/textlink_Purchase History Details"), 0): Object 'Object Repository/ADMIN/Edit Text/Bespoke/Buyer Navigation/textlink_Purchase History Details' is visible

2020-03-20 10:19:37 - [MESSAGE][WARNING] - Timeout '0' is invalid. Using default page load timeout: '30'

2020-03-20 10:19:37 - [MESSAGE][PASSED] - Object 'Object Repository/ADMIN/Edit Text/Bespoke/Buyer Navigation/textlink_Purchase History Details' is visible

2020-03-20 10:19:37 - [TEST_STEP][PASSED] - click(findTestObject("ADMIN/Edit Text/Bespoke/Buyer Navigation/textlink_Purchase History Details"), CONTINUE_ON_FAILURE): Object: 'Object Repository/ADMIN/Edit Text/Bespoke/Buyer Navigation/textlink_Purchase History Details' is clicked on

2020-03-20 10:19:39 - [MESSAGE][PASSED] - Object: 'Object Repository/ADMIN/Edit Text/Bespoke/Buyer Navigation/textlink_Purchase History Details' is clicked on

2020-03-20 10:19:39 - [TEST_STEP][PASSED] - waitForElementVisible(findTestObject("ADMIN/Edit Text/Bespoke/Buyer Navigation/dd_language"), 0): Object 'Object Repository/ADMIN/Edit Text/Bespoke/Buyer Navigation/dd_language' is visible

2020-03-20 10:19:39 - [MESSAGE][WARNING] - Timeout '0' is invalid. Using default page load timeout: '30'

2020-03-20 10:19:40 - [MESSAGE][PASSED] - Object 'Object Repository/ADMIN/Edit Text/Bespoke/Buyer Navigation/dd_language' is visible]]></system-out>
         <system-err><![CDATA[]]></system-err>
      </testcase>
      <testcase name="Test Cases/ADMIN/Language/Edit Text/Bespoke/Buyer Pages/Purchase Details" time="8.918" classname="Test Cases/ADMIN/Language/Edit Text/Bespoke/Buyer Pages/Purchase Details" status="PASSED">
         <system-out><![CDATA[2020-03-20 10:19:40 - [TEST_CASE][PASSED] - Test Cases/ADMIN/Language/Edit Text/Bespoke/Buyer Pages/Purchase Details: Test Cases/ADMIN/Language/Edit Text/Bespoke/Buyer Pages/Purchase Details

2020-03-20 10:19:40 - [TEST_STEP][PASSED] - waitForElementVisible(findTestObject("ADMIN/Edit Text/Bespoke/Buyer Navigation/dd_language"), 0): Object 'Object Repository/ADMIN/Edit Text/Bespoke/Buyer Navigation/dd_language' is visible

2020-03-20 10:19:40 - [MESSAGE][WARNING] - Timeout '0' is invalid. Using default page load timeout: '30'

2020-03-20 10:19:40 - [MESSAGE][PASSED] - Object 'Object Repository/ADMIN/Edit Text/Bespoke/Buyer Navigation/dd_language' is visible

2020-03-20 10:19:40 - [TEST_STEP][PASSED] - selectOptionByLabel(findTestObject("ADMIN/Edit Text/Bespoke/Buyer Navigation/dd_language"), varLanguage, false): All options with label 'French' are selected in object 'Object Repository/ADMIN/Edit Text/Bespoke/Buyer Navigation/dd_language' 

2020-03-20 10:19:42 - [MESSAGE][PASSED] - All options with label 'French' are selected in object 'Object Repository/ADMIN/Edit Text/Bespoke/Buyer Navigation/dd_language' 

2020-03-20 10:19:42 - [TEST_STEP][PASSED] - sendKeys(findTestObject("ADMIN/Edit Text/Bespoke/Buyer Pages/Purchase Details/input_INVOICE ID_purchase-invoice-id"), "*"): Keys '*' sent to object: 'Object Repository/ADMIN/Edit Text/Bespoke/Buyer Pages/Purchase Details/input_INVOICE ID_purchase-invoice-id'

2020-03-20 10:19:42 - [MESSAGE][PASSED] - Keys '*' sent to object: 'Object Repository/ADMIN/Edit Text/Bespoke/Buyer Pages/Purchase Details/input_INVOICE ID_purchase-invoice-id'

2020-03-20 10:19:42 - [TEST_STEP][PASSED] - sendKeys(findTestObject("ADMIN/Edit Text/Bespoke/Buyer Pages/Purchase Details/input_TIMESTAMP_purchase-timestamp"), "*"): Keys '*' sent to object: 'Object Repository/ADMIN/Edit Text/Bespoke/Buyer Pages/Purchase Details/input_TIMESTAMP_purchase-timestamp'

2020-03-20 10:19:42 - [MESSAGE][PASSED] - Keys '*' sent to object: 'Object Repository/ADMIN/Edit Text/Bespoke/Buyer Pages/Purchase Details/input_TIMESTAMP_purchase-timestamp'

2020-03-20 10:19:42 - [TEST_STEP][PASSED] - sendKeys(findTestObject("ADMIN/Edit Text/Bespoke/Buyer Pages/Purchase Details/input_DELIVERY ADDRESS_purchase-delivery"), "*"): Keys '*' sent to object: 'Object Repository/ADMIN/Edit Text/Bespoke/Buyer Pages/Purchase Details/input_DELIVERY ADDRESS_purchase-delivery'

2020-03-20 10:19:43 - [MESSAGE][PASSED] - Keys '*' sent to object: 'Object Repository/ADMIN/Edit Text/Bespoke/Buyer Pages/Purchase Details/input_DELIVERY ADDRESS_purchase-delivery'

2020-03-20 10:19:43 - [TEST_STEP][PASSED] - sendKeys(findTestObject("ADMIN/Edit Text/Bespoke/Buyer Pages/Purchase Details/input_TRANSACTION TOTAL_purchase-transaction-total"), "*"): Keys '*' sent to object: 'Object Repository/ADMIN/Edit Text/Bespoke/Buyer Pages/Purchase Details/input_TRANSACTION TOTAL_purchase-transaction-total'

2020-03-20 10:19:43 - [MESSAGE][PASSED] - Keys '*' sent to object: 'Object Repository/ADMIN/Edit Text/Bespoke/Buyer Pages/Purchase Details/input_TRANSACTION TOTAL_purchase-transaction-total'

2020-03-20 10:19:43 - [TEST_STEP][PASSED] - sendKeys(findTestObject("ADMIN/Edit Text/Bespoke/Buyer Pages/Purchase Details/input_Subtotal_purchase-subtotal-txt"), "*"): Keys '*' sent to object: 'Object Repository/ADMIN/Edit Text/Bespoke/Buyer Pages/Purchase Details/input_Subtotal_purchase-subtotal-txt'

2020-03-20 10:19:43 - [MESSAGE][PASSED] - Keys '*' sent to object: 'Object Repository/ADMIN/Edit Text/Bespoke/Buyer Pages/Purchase Details/input_Subtotal_purchase-subtotal-txt'

2020-03-20 10:19:43 - [TEST_STEP][PASSED] - sendKeys(findTestObject("ADMIN/Edit Text/Bespoke/Buyer Pages/Purchase Details/input_PAYMENT METHOD_payment_method"), "*"): Keys '*' sent to object: 'Object Repository/ADMIN/Edit Text/Bespoke/Buyer Pages/Purchase Details/input_PAYMENT METHOD_payment_method'

2020-03-20 10:19:44 - [MESSAGE][PASSED] - Keys '*' sent to object: 'Object Repository/ADMIN/Edit Text/Bespoke/Buyer Pages/Purchase Details/input_PAYMENT METHOD_payment_method'

2020-03-20 10:19:44 - [TEST_STEP][PASSED] - sendKeys(findTestObject("ADMIN/Edit Text/Bespoke/Buyer Pages/Purchase Details/input_Delivery_purchase-delivery-txt"), "*"): Keys '*' sent to object: 'Object Repository/ADMIN/Edit Text/Bespoke/Buyer Pages/Purchase Details/input_Delivery_purchase-delivery-txt'

2020-03-20 10:19:44 - [MESSAGE][PASSED] - Keys '*' sent to object: 'Object Repository/ADMIN/Edit Text/Bespoke/Buyer Pages/Purchase Details/input_Delivery_purchase-delivery-txt'

2020-03-20 10:19:44 - [TEST_STEP][PASSED] - sendKeys(findTestObject("ADMIN/Edit Text/Bespoke/Buyer Pages/Purchase Details/input_PAYMENT STATUS_payment_status"), "*"): Keys '*' sent to object: 'Object Repository/ADMIN/Edit Text/Bespoke/Buyer Pages/Purchase Details/input_PAYMENT STATUS_payment_status'

2020-03-20 10:19:44 - [MESSAGE][PASSED] - Keys '*' sent to object: 'Object Repository/ADMIN/Edit Text/Bespoke/Buyer Pages/Purchase Details/input_PAYMENT STATUS_payment_status'

2020-03-20 10:19:44 - [TEST_STEP][PASSED] - sendKeys(findTestObject("ADMIN/Edit Text/Bespoke/Buyer Pages/Purchase Details/input_Bulk Delivery Discount_purchase-bulk-delivery-discount-txt"), "*"): Keys '*' sent to object: 'Object Repository/ADMIN/Edit Text/Bespoke/Buyer Pages/Purchase Details/input_Bulk Delivery Discount_purchase-bulk-delivery-discount-txt'

2020-03-20 10:19:44 - [MESSAGE][PASSED] - Keys '*' sent to object: 'Object Repository/ADMIN/Edit Text/Bespoke/Buyer Pages/Purchase Details/input_Bulk Delivery Discount_purchase-bulk-delivery-discount-txt'

2020-03-20 10:19:44 - [TEST_STEP][PASSED] - sendKeys(findTestObject("ADMIN/Edit Text/Bespoke/Buyer Pages/Purchase Details/input_ITEM_purchase-item-txt"), "*"): Keys '*' sent to object: 'Object Repository/ADMIN/Edit Text/Bespoke/Buyer Pages/Purchase Details/input_ITEM_purchase-item-txt'

2020-03-20 10:19:44 - [MESSAGE][PASSED] - Keys '*' sent to object: 'Object Repository/ADMIN/Edit Text/Bespoke/Buyer Pages/Purchase Details/input_ITEM_purchase-item-txt'

2020-03-20 10:19:44 - [TEST_STEP][PASSED] - sendKeys(findTestObject("ADMIN/Edit Text/Bespoke/Buyer Pages/Purchase Details/input_PRICE_purchase-price-txt"), "*"): Keys '*' sent to object: 'Object Repository/ADMIN/Edit Text/Bespoke/Buyer Pages/Purchase Details/input_PRICE_purchase-price-txt'

2020-03-20 10:19:44 - [MESSAGE][PASSED] - Keys '*' sent to object: 'Object Repository/ADMIN/Edit Text/Bespoke/Buyer Pages/Purchase Details/input_PRICE_purchase-price-txt'

2020-03-20 10:19:44 - [TEST_STEP][PASSED] - sendKeys(findTestObject("ADMIN/Edit Text/Bespoke/Buyer Pages/Purchase Details/input_QTY_purchase-qty-txt"), "*"): Keys '*' sent to object: 'Object Repository/ADMIN/Edit Text/Bespoke/Buyer Pages/Purchase Details/input_QTY_purchase-qty-txt'

2020-03-20 10:19:44 - [MESSAGE][PASSED] - Keys '*' sent to object: 'Object Repository/ADMIN/Edit Text/Bespoke/Buyer Pages/Purchase Details/input_QTY_purchase-qty-txt'

2020-03-20 10:19:44 - [TEST_STEP][PASSED] - sendKeys(findTestObject("ADMIN/Edit Text/Bespoke/Buyer Pages/Purchase Details/input_DELIVERY_purchase-delivery-txt (1)"), "*"): Keys '*' sent to object: 'Object Repository/ADMIN/Edit Text/Bespoke/Buyer Pages/Purchase Details/input_DELIVERY_purchase-delivery-txt (1)'

2020-03-20 10:19:45 - [MESSAGE][PASSED] - Keys '*' sent to object: 'Object Repository/ADMIN/Edit Text/Bespoke/Buyer Pages/Purchase Details/input_DELIVERY_purchase-delivery-txt (1)'

2020-03-20 10:19:45 - [TEST_STEP][PASSED] - sendKeys(findTestObject("ADMIN/Edit Text/Bespoke/Buyer Pages/Purchase Details/input_ORDER STATUS_purchase-orderstatus-txt"), "*"): Keys '*' sent to object: 'Object Repository/ADMIN/Edit Text/Bespoke/Buyer Pages/Purchase Details/input_ORDER STATUS_purchase-orderstatus-txt'

2020-03-20 10:19:45 - [MESSAGE][PASSED] - Keys '*' sent to object: 'Object Repository/ADMIN/Edit Text/Bespoke/Buyer Pages/Purchase Details/input_ORDER STATUS_purchase-orderstatus-txt'

2020-03-20 10:19:45 - [TEST_STEP][PASSED] - sendKeys(findTestObject("ADMIN/Edit Text/Bespoke/Buyer Pages/Purchase Details/input_REVIEWS_purchase-review-txt"), "*"): Keys '*' sent to object: 'Object Repository/ADMIN/Edit Text/Bespoke/Buyer Pages/Purchase Details/input_REVIEWS_purchase-review-txt'

2020-03-20 10:19:45 - [MESSAGE][PASSED] - Keys '*' sent to object: 'Object Repository/ADMIN/Edit Text/Bespoke/Buyer Pages/Purchase Details/input_REVIEWS_purchase-review-txt'

2020-03-20 10:19:45 - [TEST_STEP][PASSED] - sendKeys(findTestObject("ADMIN/Edit Text/Bespoke/Buyer Pages/Purchase Details/input_Sold By_sold-by"), "*"): Keys '*' sent to object: 'Object Repository/ADMIN/Edit Text/Bespoke/Buyer Pages/Purchase Details/input_Sold By_sold-by'

2020-03-20 10:19:45 - [MESSAGE][PASSED] - Keys '*' sent to object: 'Object Repository/ADMIN/Edit Text/Bespoke/Buyer Pages/Purchase Details/input_Sold By_sold-by'

2020-03-20 10:19:45 - [TEST_STEP][PASSED] - sendKeys(findTestObject("ADMIN/Edit Text/Bespoke/Buyer Pages/Purchase Details/input_Contact_Contact"), "*"): Keys '*' sent to object: 'Object Repository/ADMIN/Edit Text/Bespoke/Buyer Pages/Purchase Details/input_Contact_Contact'

2020-03-20 10:19:45 - [MESSAGE][PASSED] - Keys '*' sent to object: 'Object Repository/ADMIN/Edit Text/Bespoke/Buyer Pages/Purchase Details/input_Contact_Contact'

2020-03-20 10:19:45 - [TEST_STEP][PASSED] - sendKeys(findTestObject("ADMIN/Edit Text/Bespoke/Buyer Pages/Purchase Details/input_Delivery_Delivery"), "*"): Keys '*' sent to object: 'Object Repository/ADMIN/Edit Text/Bespoke/Buyer Pages/Purchase Details/input_Delivery_Delivery'

2020-03-20 10:19:45 - [MESSAGE][PASSED] - Keys '*' sent to object: 'Object Repository/ADMIN/Edit Text/Bespoke/Buyer Pages/Purchase Details/input_Delivery_Delivery'

2020-03-20 10:19:45 - [TEST_STEP][PASSED] - sendKeys(findTestObject("ADMIN/Edit Text/Bespoke/Buyer Pages/Purchase Details/input_Pickup_Pickup"), "*"): Keys '*' sent to object: 'Object Repository/ADMIN/Edit Text/Bespoke/Buyer Pages/Purchase Details/input_Pickup_Pickup'

2020-03-20 10:19:46 - [MESSAGE][PASSED] - Keys '*' sent to object: 'Object Repository/ADMIN/Edit Text/Bespoke/Buyer Pages/Purchase Details/input_Pickup_Pickup'

2020-03-20 10:19:46 - [TEST_STEP][PASSED] - sendKeys(findTestObject("ADMIN/Edit Text/Bespoke/Buyer Pages/Purchase Details/input_Leave a feedback_purchase-leave-feedback-txt"), "*"): Keys '*' sent to object: 'Object Repository/ADMIN/Edit Text/Bespoke/Buyer Pages/Purchase Details/input_Leave a feedback_purchase-leave-feedback-txt'

2020-03-20 10:19:46 - [MESSAGE][PASSED] - Keys '*' sent to object: 'Object Repository/ADMIN/Edit Text/Bespoke/Buyer Pages/Purchase Details/input_Leave a feedback_purchase-leave-feedback-txt'

2020-03-20 10:19:46 - [TEST_STEP][PASSED] - sendKeys(findTestObject("ADMIN/Edit Text/Bespoke/Buyer Pages/Purchase Details/input_Left feedback_purchase-left-feedback-txt"), "*"): Keys '*' sent to object: 'Object Repository/ADMIN/Edit Text/Bespoke/Buyer Pages/Purchase Details/input_Left feedback_purchase-left-feedback-txt'

2020-03-20 10:19:46 - [MESSAGE][PASSED] - Keys '*' sent to object: 'Object Repository/ADMIN/Edit Text/Bespoke/Buyer Pages/Purchase Details/input_Left feedback_purchase-left-feedback-txt'

2020-03-20 10:19:46 - [TEST_STEP][PASSED] - sendKeys(findTestObject("ADMIN/Edit Text/Bespoke/Buyer Pages/Purchase Details/input_BACK TO LIST_btn_back"), "*"): Keys '*' sent to object: 'Object Repository/ADMIN/Edit Text/Bespoke/Buyer Pages/Purchase Details/input_BACK TO LIST_btn_back'

2020-03-20 10:19:46 - [MESSAGE][PASSED] - Keys '*' sent to object: 'Object Repository/ADMIN/Edit Text/Bespoke/Buyer Pages/Purchase Details/input_BACK TO LIST_btn_back'

2020-03-20 10:19:46 - [TEST_STEP][PASSED] - sendKeys(findTestObject("ADMIN/Edit Text/Bespoke/Buyer Pages/Purchase Details/input_LEFT A FEEDBACK FOR_popup-title"), "*"): Keys '*' sent to object: 'Object Repository/ADMIN/Edit Text/Bespoke/Buyer Pages/Purchase Details/input_LEFT A FEEDBACK FOR_popup-title'

2020-03-20 10:19:46 - [MESSAGE][PASSED] - Keys '*' sent to object: 'Object Repository/ADMIN/Edit Text/Bespoke/Buyer Pages/Purchase Details/input_LEFT A FEEDBACK FOR_popup-title'

2020-03-20 10:19:46 - [TEST_STEP][PASSED] - sendKeys(findTestObject("ADMIN/Edit Text/Bespoke/Buyer Pages/Purchase Details/input_How much do you rate this item_popup-desc"), "*"): Keys '*' sent to object: 'Object Repository/ADMIN/Edit Text/Bespoke/Buyer Pages/Purchase Details/input_How much do you rate this item_popup-desc'

2020-03-20 10:19:47 - [MESSAGE][PASSED] - Keys '*' sent to object: 'Object Repository/ADMIN/Edit Text/Bespoke/Buyer Pages/Purchase Details/input_How much do you rate this item_popup-desc'

2020-03-20 10:19:47 - [TEST_STEP][PASSED] - sendKeys(findTestObject("ADMIN/Edit Text/Bespoke/Buyer Pages/Purchase Details/input_Leave a feedback_leave-feedback"), "*"): Keys '*' sent to object: 'Object Repository/ADMIN/Edit Text/Bespoke/Buyer Pages/Purchase Details/input_Leave a feedback_leave-feedback'

2020-03-20 10:19:47 - [MESSAGE][PASSED] - Keys '*' sent to object: 'Object Repository/ADMIN/Edit Text/Bespoke/Buyer Pages/Purchase Details/input_Leave a feedback_leave-feedback'

2020-03-20 10:19:47 - [TEST_STEP][PASSED] - sendKeys(findTestObject("ADMIN/Edit Text/Bespoke/Buyer Pages/Purchase Details/input_Excellent_excellent"), "*"): Keys '*' sent to object: 'Object Repository/ADMIN/Edit Text/Bespoke/Buyer Pages/Purchase Details/input_Excellent_excellent'

2020-03-20 10:19:47 - [MESSAGE][PASSED] - Keys '*' sent to object: 'Object Repository/ADMIN/Edit Text/Bespoke/Buyer Pages/Purchase Details/input_Excellent_excellent'

2020-03-20 10:19:47 - [TEST_STEP][PASSED] - sendKeys(findTestObject("ADMIN/Edit Text/Bespoke/Buyer Pages/Purchase Details/input_Great_great"), "*"): Keys '*' sent to object: 'Object Repository/ADMIN/Edit Text/Bespoke/Buyer Pages/Purchase Details/input_Great_great'

2020-03-20 10:19:47 - [MESSAGE][PASSED] - Keys '*' sent to object: 'Object Repository/ADMIN/Edit Text/Bespoke/Buyer Pages/Purchase Details/input_Great_great'

2020-03-20 10:19:47 - [TEST_STEP][PASSED] - sendKeys(findTestObject("ADMIN/Edit Text/Bespoke/Buyer Pages/Purchase Details/input_Good_good"), "*"): Keys '*' sent to object: 'Object Repository/ADMIN/Edit Text/Bespoke/Buyer Pages/Purchase Details/input_Good_good'

2020-03-20 10:19:47 - [MESSAGE][PASSED] - Keys '*' sent to object: 'Object Repository/ADMIN/Edit Text/Bespoke/Buyer Pages/Purchase Details/input_Good_good'

2020-03-20 10:19:47 - [TEST_STEP][PASSED] - sendKeys(findTestObject("ADMIN/Edit Text/Bespoke/Buyer Pages/Purchase Details/input_Okay_ok"), "*"): Keys '*' sent to object: 'Object Repository/ADMIN/Edit Text/Bespoke/Buyer Pages/Purchase Details/input_Okay_ok'

2020-03-20 10:19:48 - [MESSAGE][PASSED] - Keys '*' sent to object: 'Object Repository/ADMIN/Edit Text/Bespoke/Buyer Pages/Purchase Details/input_Okay_ok'

2020-03-20 10:19:48 - [TEST_STEP][PASSED] - sendKeys(findTestObject("ADMIN/Edit Text/Bespoke/Buyer Pages/Purchase Details/input_Unsatisfied_Unsatisfied"), "*"): Keys '*' sent to object: 'Object Repository/ADMIN/Edit Text/Bespoke/Buyer Pages/Purchase Details/input_Unsatisfied_Unsatisfied'

2020-03-20 10:19:48 - [MESSAGE][PASSED] - Keys '*' sent to object: 'Object Repository/ADMIN/Edit Text/Bespoke/Buyer Pages/Purchase Details/input_Unsatisfied_Unsatisfied'

2020-03-20 10:19:48 - [TEST_STEP][PASSED] - sendKeys(findTestObject("ADMIN/Edit Text/Bespoke/Buyer Pages/Purchase Details/input_SUBMIT_btn_okay"), "*"): Keys '*' sent to object: 'Object Repository/ADMIN/Edit Text/Bespoke/Buyer Pages/Purchase Details/input_SUBMIT_btn_okay'

2020-03-20 10:19:48 - [MESSAGE][PASSED] - Keys '*' sent to object: 'Object Repository/ADMIN/Edit Text/Bespoke/Buyer Pages/Purchase Details/input_SUBMIT_btn_okay'

2020-03-20 10:19:48 - [TEST_STEP][PASSED] - click(findTestObject("ADMIN/Edit Text/Bespoke/Buyer Pages/Homepage/button_save"), CONTINUE_ON_FAILURE): Object: 'Object Repository/ADMIN/Edit Text/Bespoke/Buyer Pages/Homepage/button_save' is clicked on

2020-03-20 10:19:48 - [MESSAGE][PASSED] - Object: 'Object Repository/ADMIN/Edit Text/Bespoke/Buyer Pages/Homepage/button_save' is clicked on

2020-03-20 10:19:48 - [TEST_STEP][PASSED] - waitForElementVisible(findTestObject("ADMIN/Edit Text/Bespoke/Buyer Pages/Homepage/toaster_success"), 0): Object 'Object Repository/ADMIN/Edit Text/Bespoke/Buyer Pages/Homepage/toaster_success' is visible

2020-03-20 10:19:48 - [MESSAGE][WARNING] - Timeout '0' is invalid. Using default page load timeout: '30'

2020-03-20 10:19:49 - [MESSAGE][PASSED] - Object 'Object Repository/ADMIN/Edit Text/Bespoke/Buyer Pages/Homepage/toaster_success' is visible]]></system-out>
         <system-err><![CDATA[]]></system-err>
      </testcase>
      <testcase name="Test Cases/ADMIN/Language/Edit Text/Bespoke/Buyer Pages/Purchase Details" time="7.907" classname="Test Cases/ADMIN/Language/Edit Text/Bespoke/Buyer Pages/Purchase Details" status="PASSED">
         <system-out><![CDATA[2020-03-20 10:19:49 - [TEST_CASE][PASSED] - Test Cases/ADMIN/Language/Edit Text/Bespoke/Buyer Pages/Purchase Details: Test Cases/ADMIN/Language/Edit Text/Bespoke/Buyer Pages/Purchase Details

2020-03-20 10:19:49 - [TEST_STEP][PASSED] - waitForElementVisible(findTestObject("ADMIN/Edit Text/Bespoke/Buyer Navigation/dd_language"), 0): Object 'Object Repository/ADMIN/Edit Text/Bespoke/Buyer Navigation/dd_language' is visible

2020-03-20 10:19:49 - [MESSAGE][WARNING] - Timeout '0' is invalid. Using default page load timeout: '30'

2020-03-20 10:19:49 - [MESSAGE][PASSED] - Object 'Object Repository/ADMIN/Edit Text/Bespoke/Buyer Navigation/dd_language' is visible

2020-03-20 10:19:49 - [TEST_STEP][PASSED] - selectOptionByLabel(findTestObject("ADMIN/Edit Text/Bespoke/Buyer Navigation/dd_language"), varLanguage, false): All options with label 'Spanish' are selected in object 'Object Repository/ADMIN/Edit Text/Bespoke/Buyer Navigation/dd_language' 

2020-03-20 10:19:50 - [MESSAGE][PASSED] - All options with label 'Spanish' are selected in object 'Object Repository/ADMIN/Edit Text/Bespoke/Buyer Navigation/dd_language' 

2020-03-20 10:19:50 - [TEST_STEP][PASSED] - sendKeys(findTestObject("ADMIN/Edit Text/Bespoke/Buyer Pages/Purchase Details/input_INVOICE ID_purchase-invoice-id"), "*"): Keys '*' sent to object: 'Object Repository/ADMIN/Edit Text/Bespoke/Buyer Pages/Purchase Details/input_INVOICE ID_purchase-invoice-id'

2020-03-20 10:19:51 - [MESSAGE][PASSED] - Keys '*' sent to object: 'Object Repository/ADMIN/Edit Text/Bespoke/Buyer Pages/Purchase Details/input_INVOICE ID_purchase-invoice-id'

2020-03-20 10:19:51 - [TEST_STEP][PASSED] - sendKeys(findTestObject("ADMIN/Edit Text/Bespoke/Buyer Pages/Purchase Details/input_TIMESTAMP_purchase-timestamp"), "*"): Keys '*' sent to object: 'Object Repository/ADMIN/Edit Text/Bespoke/Buyer Pages/Purchase Details/input_TIMESTAMP_purchase-timestamp'

2020-03-20 10:19:51 - [MESSAGE][PASSED] - Keys '*' sent to object: 'Object Repository/ADMIN/Edit Text/Bespoke/Buyer Pages/Purchase Details/input_TIMESTAMP_purchase-timestamp'

2020-03-20 10:19:51 - [TEST_STEP][PASSED] - sendKeys(findTestObject("ADMIN/Edit Text/Bespoke/Buyer Pages/Purchase Details/input_DELIVERY ADDRESS_purchase-delivery"), "*"): Keys '*' sent to object: 'Object Repository/ADMIN/Edit Text/Bespoke/Buyer Pages/Purchase Details/input_DELIVERY ADDRESS_purchase-delivery'

2020-03-20 10:19:51 - [MESSAGE][PASSED] - Keys '*' sent to object: 'Object Repository/ADMIN/Edit Text/Bespoke/Buyer Pages/Purchase Details/input_DELIVERY ADDRESS_purchase-delivery'

2020-03-20 10:19:51 - [TEST_STEP][PASSED] - sendKeys(findTestObject("ADMIN/Edit Text/Bespoke/Buyer Pages/Purchase Details/input_TRANSACTION TOTAL_purchase-transaction-total"), "*"): Keys '*' sent to object: 'Object Repository/ADMIN/Edit Text/Bespoke/Buyer Pages/Purchase Details/input_TRANSACTION TOTAL_purchase-transaction-total'

2020-03-20 10:19:52 - [MESSAGE][PASSED] - Keys '*' sent to object: 'Object Repository/ADMIN/Edit Text/Bespoke/Buyer Pages/Purchase Details/input_TRANSACTION TOTAL_purchase-transaction-total'

2020-03-20 10:19:52 - [TEST_STEP][PASSED] - sendKeys(findTestObject("ADMIN/Edit Text/Bespoke/Buyer Pages/Purchase Details/input_Subtotal_purchase-subtotal-txt"), "*"): Keys '*' sent to object: 'Object Repository/ADMIN/Edit Text/Bespoke/Buyer Pages/Purchase Details/input_Subtotal_purchase-subtotal-txt'

2020-03-20 10:19:52 - [MESSAGE][PASSED] - Keys '*' sent to object: 'Object Repository/ADMIN/Edit Text/Bespoke/Buyer Pages/Purchase Details/input_Subtotal_purchase-subtotal-txt'

2020-03-20 10:19:52 - [TEST_STEP][PASSED] - sendKeys(findTestObject("ADMIN/Edit Text/Bespoke/Buyer Pages/Purchase Details/input_PAYMENT METHOD_payment_method"), "*"): Keys '*' sent to object: 'Object Repository/ADMIN/Edit Text/Bespoke/Buyer Pages/Purchase Details/input_PAYMENT METHOD_payment_method'

2020-03-20 10:19:52 - [MESSAGE][PASSED] - Keys '*' sent to object: 'Object Repository/ADMIN/Edit Text/Bespoke/Buyer Pages/Purchase Details/input_PAYMENT METHOD_payment_method'

2020-03-20 10:19:52 - [TEST_STEP][PASSED] - sendKeys(findTestObject("ADMIN/Edit Text/Bespoke/Buyer Pages/Purchase Details/input_Delivery_purchase-delivery-txt"), "*"): Keys '*' sent to object: 'Object Repository/ADMIN/Edit Text/Bespoke/Buyer Pages/Purchase Details/input_Delivery_purchase-delivery-txt'

2020-03-20 10:19:52 - [MESSAGE][PASSED] - Keys '*' sent to object: 'Object Repository/ADMIN/Edit Text/Bespoke/Buyer Pages/Purchase Details/input_Delivery_purchase-delivery-txt'

2020-03-20 10:19:52 - [TEST_STEP][PASSED] - sendKeys(findTestObject("ADMIN/Edit Text/Bespoke/Buyer Pages/Purchase Details/input_PAYMENT STATUS_payment_status"), "*"): Keys '*' sent to object: 'Object Repository/ADMIN/Edit Text/Bespoke/Buyer Pages/Purchase Details/input_PAYMENT STATUS_payment_status'

2020-03-20 10:19:52 - [MESSAGE][PASSED] - Keys '*' sent to object: 'Object Repository/ADMIN/Edit Text/Bespoke/Buyer Pages/Purchase Details/input_PAYMENT STATUS_payment_status'

2020-03-20 10:19:52 - [TEST_STEP][PASSED] - sendKeys(findTestObject("ADMIN/Edit Text/Bespoke/Buyer Pages/Purchase Details/input_Bulk Delivery Discount_purchase-bulk-delivery-discount-txt"), "*"): Keys '*' sent to object: 'Object Repository/ADMIN/Edit Text/Bespoke/Buyer Pages/Purchase Details/input_Bulk Delivery Discount_purchase-bulk-delivery-discount-txt'

2020-03-20 10:19:52 - [MESSAGE][PASSED] - Keys '*' sent to object: 'Object Repository/ADMIN/Edit Text/Bespoke/Buyer Pages/Purchase Details/input_Bulk Delivery Discount_purchase-bulk-delivery-discount-txt'

2020-03-20 10:19:52 - [TEST_STEP][PASSED] - sendKeys(findTestObject("ADMIN/Edit Text/Bespoke/Buyer Pages/Purchase Details/input_ITEM_purchase-item-txt"), "*"): Keys '*' sent to object: 'Object Repository/ADMIN/Edit Text/Bespoke/Buyer Pages/Purchase Details/input_ITEM_purchase-item-txt'

2020-03-20 10:19:53 - [MESSAGE][PASSED] - Keys '*' sent to object: 'Object Repository/ADMIN/Edit Text/Bespoke/Buyer Pages/Purchase Details/input_ITEM_purchase-item-txt'

2020-03-20 10:19:53 - [TEST_STEP][PASSED] - sendKeys(findTestObject("ADMIN/Edit Text/Bespoke/Buyer Pages/Purchase Details/input_PRICE_purchase-price-txt"), "*"): Keys '*' sent to object: 'Object Repository/ADMIN/Edit Text/Bespoke/Buyer Pages/Purchase Details/input_PRICE_purchase-price-txt'

2020-03-20 10:19:53 - [MESSAGE][PASSED] - Keys '*' sent to object: 'Object Repository/ADMIN/Edit Text/Bespoke/Buyer Pages/Purchase Details/input_PRICE_purchase-price-txt'

2020-03-20 10:19:53 - [TEST_STEP][PASSED] - sendKeys(findTestObject("ADMIN/Edit Text/Bespoke/Buyer Pages/Purchase Details/input_QTY_purchase-qty-txt"), "*"): Keys '*' sent to object: 'Object Repository/ADMIN/Edit Text/Bespoke/Buyer Pages/Purchase Details/input_QTY_purchase-qty-txt'

2020-03-20 10:19:53 - [MESSAGE][PASSED] - Keys '*' sent to object: 'Object Repository/ADMIN/Edit Text/Bespoke/Buyer Pages/Purchase Details/input_QTY_purchase-qty-txt'

2020-03-20 10:19:53 - [TEST_STEP][PASSED] - sendKeys(findTestObject("ADMIN/Edit Text/Bespoke/Buyer Pages/Purchase Details/input_DELIVERY_purchase-delivery-txt (1)"), "*"): Keys '*' sent to object: 'Object Repository/ADMIN/Edit Text/Bespoke/Buyer Pages/Purchase Details/input_DELIVERY_purchase-delivery-txt (1)'

2020-03-20 10:19:53 - [MESSAGE][PASSED] - Keys '*' sent to object: 'Object Repository/ADMIN/Edit Text/Bespoke/Buyer Pages/Purchase Details/input_DELIVERY_purchase-delivery-txt (1)'

2020-03-20 10:19:53 - [TEST_STEP][PASSED] - sendKeys(findTestObject("ADMIN/Edit Text/Bespoke/Buyer Pages/Purchase Details/input_ORDER STATUS_purchase-orderstatus-txt"), "*"): Keys '*' sent to object: 'Object Repository/ADMIN/Edit Text/Bespoke/Buyer Pages/Purchase Details/input_ORDER STATUS_purchase-orderstatus-txt'

2020-03-20 10:19:53 - [MESSAGE][PASSED] - Keys '*' sent to object: 'Object Repository/ADMIN/Edit Text/Bespoke/Buyer Pages/Purchase Details/input_ORDER STATUS_purchase-orderstatus-txt'

2020-03-20 10:19:53 - [TEST_STEP][PASSED] - sendKeys(findTestObject("ADMIN/Edit Text/Bespoke/Buyer Pages/Purchase Details/input_REVIEWS_purchase-review-txt"), "*"): Keys '*' sent to object: 'Object Repository/ADMIN/Edit Text/Bespoke/Buyer Pages/Purchase Details/input_REVIEWS_purchase-review-txt'

2020-03-20 10:19:53 - [MESSAGE][PASSED] - Keys '*' sent to object: 'Object Repository/ADMIN/Edit Text/Bespoke/Buyer Pages/Purchase Details/input_REVIEWS_purchase-review-txt'

2020-03-20 10:19:53 - [TEST_STEP][PASSED] - sendKeys(findTestObject("ADMIN/Edit Text/Bespoke/Buyer Pages/Purchase Details/input_Sold By_sold-by"), "*"): Keys '*' sent to object: 'Object Repository/ADMIN/Edit Text/Bespoke/Buyer Pages/Purchase Details/input_Sold By_sold-by'

2020-03-20 10:19:53 - [MESSAGE][PASSED] - Keys '*' sent to object: 'Object Repository/ADMIN/Edit Text/Bespoke/Buyer Pages/Purchase Details/input_Sold By_sold-by'

2020-03-20 10:19:53 - [TEST_STEP][PASSED] - sendKeys(findTestObject("ADMIN/Edit Text/Bespoke/Buyer Pages/Purchase Details/input_Contact_Contact"), "*"): Keys '*' sent to object: 'Object Repository/ADMIN/Edit Text/Bespoke/Buyer Pages/Purchase Details/input_Contact_Contact'

2020-03-20 10:19:53 - [MESSAGE][PASSED] - Keys '*' sent to object: 'Object Repository/ADMIN/Edit Text/Bespoke/Buyer Pages/Purchase Details/input_Contact_Contact'

2020-03-20 10:19:53 - [TEST_STEP][PASSED] - sendKeys(findTestObject("ADMIN/Edit Text/Bespoke/Buyer Pages/Purchase Details/input_Delivery_Delivery"), "*"): Keys '*' sent to object: 'Object Repository/ADMIN/Edit Text/Bespoke/Buyer Pages/Purchase Details/input_Delivery_Delivery'

2020-03-20 10:19:54 - [MESSAGE][PASSED] - Keys '*' sent to object: 'Object Repository/ADMIN/Edit Text/Bespoke/Buyer Pages/Purchase Details/input_Delivery_Delivery'

2020-03-20 10:19:54 - [TEST_STEP][PASSED] - sendKeys(findTestObject("ADMIN/Edit Text/Bespoke/Buyer Pages/Purchase Details/input_Pickup_Pickup"), "*"): Keys '*' sent to object: 'Object Repository/ADMIN/Edit Text/Bespoke/Buyer Pages/Purchase Details/input_Pickup_Pickup'

2020-03-20 10:19:54 - [MESSAGE][PASSED] - Keys '*' sent to object: 'Object Repository/ADMIN/Edit Text/Bespoke/Buyer Pages/Purchase Details/input_Pickup_Pickup'

2020-03-20 10:19:54 - [TEST_STEP][PASSED] - sendKeys(findTestObject("ADMIN/Edit Text/Bespoke/Buyer Pages/Purchase Details/input_Leave a feedback_purchase-leave-feedback-txt"), "*"): Keys '*' sent to object: 'Object Repository/ADMIN/Edit Text/Bespoke/Buyer Pages/Purchase Details/input_Leave a feedback_purchase-leave-feedback-txt'

2020-03-20 10:19:54 - [MESSAGE][PASSED] - Keys '*' sent to object: 'Object Repository/ADMIN/Edit Text/Bespoke/Buyer Pages/Purchase Details/input_Leave a feedback_purchase-leave-feedback-txt'

2020-03-20 10:19:54 - [TEST_STEP][PASSED] - sendKeys(findTestObject("ADMIN/Edit Text/Bespoke/Buyer Pages/Purchase Details/input_Left feedback_purchase-left-feedback-txt"), "*"): Keys '*' sent to object: 'Object Repository/ADMIN/Edit Text/Bespoke/Buyer Pages/Purchase Details/input_Left feedback_purchase-left-feedback-txt'

2020-03-20 10:19:54 - [MESSAGE][PASSED] - Keys '*' sent to object: 'Object Repository/ADMIN/Edit Text/Bespoke/Buyer Pages/Purchase Details/input_Left feedback_purchase-left-feedback-txt'

2020-03-20 10:19:54 - [TEST_STEP][PASSED] - sendKeys(findTestObject("ADMIN/Edit Text/Bespoke/Buyer Pages/Purchase Details/input_BACK TO LIST_btn_back"), "*"): Keys '*' sent to object: 'Object Repository/ADMIN/Edit Text/Bespoke/Buyer Pages/Purchase Details/input_BACK TO LIST_btn_back'

2020-03-20 10:19:54 - [MESSAGE][PASSED] - Keys '*' sent to object: 'Object Repository/ADMIN/Edit Text/Bespoke/Buyer Pages/Purchase Details/input_BACK TO LIST_btn_back'

2020-03-20 10:19:54 - [TEST_STEP][PASSED] - sendKeys(findTestObject("ADMIN/Edit Text/Bespoke/Buyer Pages/Purchase Details/input_LEFT A FEEDBACK FOR_popup-title"), "*"): Keys '*' sent to object: 'Object Repository/ADMIN/Edit Text/Bespoke/Buyer Pages/Purchase Details/input_LEFT A FEEDBACK FOR_popup-title'

2020-03-20 10:19:54 - [MESSAGE][PASSED] - Keys '*' sent to object: 'Object Repository/ADMIN/Edit Text/Bespoke/Buyer Pages/Purchase Details/input_LEFT A FEEDBACK FOR_popup-title'

2020-03-20 10:19:54 - [TEST_STEP][PASSED] - sendKeys(findTestObject("ADMIN/Edit Text/Bespoke/Buyer Pages/Purchase Details/input_How much do you rate this item_popup-desc"), "*"): Keys '*' sent to object: 'Object Repository/ADMIN/Edit Text/Bespoke/Buyer Pages/Purchase Details/input_How much do you rate this item_popup-desc'

2020-03-20 10:19:54 - [MESSAGE][PASSED] - Keys '*' sent to object: 'Object Repository/ADMIN/Edit Text/Bespoke/Buyer Pages/Purchase Details/input_How much do you rate this item_popup-desc'

2020-03-20 10:19:54 - [TEST_STEP][PASSED] - sendKeys(findTestObject("ADMIN/Edit Text/Bespoke/Buyer Pages/Purchase Details/input_Leave a feedback_leave-feedback"), "*"): Keys '*' sent to object: 'Object Repository/ADMIN/Edit Text/Bespoke/Buyer Pages/Purchase Details/input_Leave a feedback_leave-feedback'

2020-03-20 10:19:55 - [MESSAGE][PASSED] - Keys '*' sent to object: 'Object Repository/ADMIN/Edit Text/Bespoke/Buyer Pages/Purchase Details/input_Leave a feedback_leave-feedback'

2020-03-20 10:19:55 - [TEST_STEP][PASSED] - sendKeys(findTestObject("ADMIN/Edit Text/Bespoke/Buyer Pages/Purchase Details/input_Excellent_excellent"), "*"): Keys '*' sent to object: 'Object Repository/ADMIN/Edit Text/Bespoke/Buyer Pages/Purchase Details/input_Excellent_excellent'

2020-03-20 10:19:55 - [MESSAGE][PASSED] - Keys '*' sent to object: 'Object Repository/ADMIN/Edit Text/Bespoke/Buyer Pages/Purchase Details/input_Excellent_excellent'

2020-03-20 10:19:55 - [TEST_STEP][PASSED] - sendKeys(findTestObject("ADMIN/Edit Text/Bespoke/Buyer Pages/Purchase Details/input_Great_great"), "*"): Keys '*' sent to object: 'Object Repository/ADMIN/Edit Text/Bespoke/Buyer Pages/Purchase Details/input_Great_great'

2020-03-20 10:19:55 - [MESSAGE][PASSED] - Keys '*' sent to object: 'Object Repository/ADMIN/Edit Text/Bespoke/Buyer Pages/Purchase Details/input_Great_great'

2020-03-20 10:19:55 - [TEST_STEP][PASSED] - sendKeys(findTestObject("ADMIN/Edit Text/Bespoke/Buyer Pages/Purchase Details/input_Good_good"), "*"): Keys '*' sent to object: 'Object Repository/ADMIN/Edit Text/Bespoke/Buyer Pages/Purchase Details/input_Good_good'

2020-03-20 10:19:55 - [MESSAGE][PASSED] - Keys '*' sent to object: 'Object Repository/ADMIN/Edit Text/Bespoke/Buyer Pages/Purchase Details/input_Good_good'

2020-03-20 10:19:55 - [TEST_STEP][PASSED] - sendKeys(findTestObject("ADMIN/Edit Text/Bespoke/Buyer Pages/Purchase Details/input_Okay_ok"), "*"): Keys '*' sent to object: 'Object Repository/ADMIN/Edit Text/Bespoke/Buyer Pages/Purchase Details/input_Okay_ok'

2020-03-20 10:19:55 - [MESSAGE][PASSED] - Keys '*' sent to object: 'Object Repository/ADMIN/Edit Text/Bespoke/Buyer Pages/Purchase Details/input_Okay_ok'

2020-03-20 10:19:55 - [TEST_STEP][PASSED] - sendKeys(findTestObject("ADMIN/Edit Text/Bespoke/Buyer Pages/Purchase Details/input_Unsatisfied_Unsatisfied"), "*"): Keys '*' sent to object: 'Object Repository/ADMIN/Edit Text/Bespoke/Buyer Pages/Purchase Details/input_Unsatisfied_Unsatisfied'

2020-03-20 10:19:55 - [MESSAGE][PASSED] - Keys '*' sent to object: 'Object Repository/ADMIN/Edit Text/Bespoke/Buyer Pages/Purchase Details/input_Unsatisfied_Unsatisfied'

2020-03-20 10:19:55 - [TEST_STEP][PASSED] - sendKeys(findTestObject("ADMIN/Edit Text/Bespoke/Buyer Pages/Purchase Details/input_SUBMIT_btn_okay"), "*"): Keys '*' sent to object: 'Object Repository/ADMIN/Edit Text/Bespoke/Buyer Pages/Purchase Details/input_SUBMIT_btn_okay'

2020-03-20 10:19:56 - [MESSAGE][PASSED] - Keys '*' sent to object: 'Object Repository/ADMIN/Edit Text/Bespoke/Buyer Pages/Purchase Details/input_SUBMIT_btn_okay'

2020-03-20 10:19:56 - [TEST_STEP][PASSED] - click(findTestObject("ADMIN/Edit Text/Bespoke/Buyer Pages/Homepage/button_save"), CONTINUE_ON_FAILURE): Object: 'Object Repository/ADMIN/Edit Text/Bespoke/Buyer Pages/Homepage/button_save' is clicked on

2020-03-20 10:19:56 - [MESSAGE][PASSED] - Object: 'Object Repository/ADMIN/Edit Text/Bespoke/Buyer Pages/Homepage/button_save' is clicked on

2020-03-20 10:19:56 - [TEST_STEP][PASSED] - waitForElementVisible(findTestObject("ADMIN/Edit Text/Bespoke/Buyer Pages/Homepage/toaster_success"), 0): Object 'Object Repository/ADMIN/Edit Text/Bespoke/Buyer Pages/Homepage/toaster_success' is visible

2020-03-20 10:19:56 - [MESSAGE][WARNING] - Timeout '0' is invalid. Using default page load timeout: '30'

2020-03-20 10:19:57 - [MESSAGE][PASSED] - Object 'Object Repository/ADMIN/Edit Text/Bespoke/Buyer Pages/Homepage/toaster_success' is visible]]></system-out>
         <system-err><![CDATA[]]></system-err>
      </testcase>
      <testcase name="Test Cases/ADMIN/Language/Edit Text/Bespoke/Buyer Pages/Purchase Details" time="7.616" classname="Test Cases/ADMIN/Language/Edit Text/Bespoke/Buyer Pages/Purchase Details" status="PASSED">
         <system-out><![CDATA[2020-03-20 10:19:57 - [TEST_CASE][PASSED] - Test Cases/ADMIN/Language/Edit Text/Bespoke/Buyer Pages/Purchase Details: Test Cases/ADMIN/Language/Edit Text/Bespoke/Buyer Pages/Purchase Details

2020-03-20 10:19:57 - [TEST_STEP][PASSED] - waitForElementVisible(findTestObject("ADMIN/Edit Text/Bespoke/Buyer Navigation/dd_language"), 0): Object 'Object Repository/ADMIN/Edit Text/Bespoke/Buyer Navigation/dd_language' is visible

2020-03-20 10:19:57 - [MESSAGE][WARNING] - Timeout '0' is invalid. Using default page load timeout: '30'

2020-03-20 10:19:57 - [MESSAGE][PASSED] - Object 'Object Repository/ADMIN/Edit Text/Bespoke/Buyer Navigation/dd_language' is visible

2020-03-20 10:19:57 - [TEST_STEP][PASSED] - selectOptionByLabel(findTestObject("ADMIN/Edit Text/Bespoke/Buyer Navigation/dd_language"), varLanguage, false): All options with label 'Hindi' are selected in object 'Object Repository/ADMIN/Edit Text/Bespoke/Buyer Navigation/dd_language' 

2020-03-20 10:19:59 - [MESSAGE][PASSED] - All options with label 'Hindi' are selected in object 'Object Repository/ADMIN/Edit Text/Bespoke/Buyer Navigation/dd_language' 

2020-03-20 10:19:59 - [TEST_STEP][PASSED] - sendKeys(findTestObject("ADMIN/Edit Text/Bespoke/Buyer Pages/Purchase Details/input_INVOICE ID_purchase-invoice-id"), "*"): Keys '*' sent to object: 'Object Repository/ADMIN/Edit Text/Bespoke/Buyer Pages/Purchase Details/input_INVOICE ID_purchase-invoice-id'

2020-03-20 10:19:59 - [MESSAGE][PASSED] - Keys '*' sent to object: 'Object Repository/ADMIN/Edit Text/Bespoke/Buyer Pages/Purchase Details/input_INVOICE ID_purchase-invoice-id'

2020-03-20 10:19:59 - [TEST_STEP][PASSED] - sendKeys(findTestObject("ADMIN/Edit Text/Bespoke/Buyer Pages/Purchase Details/input_TIMESTAMP_purchase-timestamp"), "*"): Keys '*' sent to object: 'Object Repository/ADMIN/Edit Text/Bespoke/Buyer Pages/Purchase Details/input_TIMESTAMP_purchase-timestamp'

2020-03-20 10:19:59 - [MESSAGE][PASSED] - Keys '*' sent to object: 'Object Repository/ADMIN/Edit Text/Bespoke/Buyer Pages/Purchase Details/input_TIMESTAMP_purchase-timestamp'

2020-03-20 10:19:59 - [TEST_STEP][PASSED] - sendKeys(findTestObject("ADMIN/Edit Text/Bespoke/Buyer Pages/Purchase Details/input_DELIVERY ADDRESS_purchase-delivery"), "*"): Keys '*' sent to object: 'Object Repository/ADMIN/Edit Text/Bespoke/Buyer Pages/Purchase Details/input_DELIVERY ADDRESS_purchase-delivery'

2020-03-20 10:19:59 - [MESSAGE][PASSED] - Keys '*' sent to object: 'Object Repository/ADMIN/Edit Text/Bespoke/Buyer Pages/Purchase Details/input_DELIVERY ADDRESS_purchase-delivery'

2020-03-20 10:19:59 - [TEST_STEP][PASSED] - sendKeys(findTestObject("ADMIN/Edit Text/Bespoke/Buyer Pages/Purchase Details/input_TRANSACTION TOTAL_purchase-transaction-total"), "*"): Keys '*' sent to object: 'Object Repository/ADMIN/Edit Text/Bespoke/Buyer Pages/Purchase Details/input_TRANSACTION TOTAL_purchase-transaction-total'

2020-03-20 10:19:59 - [MESSAGE][PASSED] - Keys '*' sent to object: 'Object Repository/ADMIN/Edit Text/Bespoke/Buyer Pages/Purchase Details/input_TRANSACTION TOTAL_purchase-transaction-total'

2020-03-20 10:19:59 - [TEST_STEP][PASSED] - sendKeys(findTestObject("ADMIN/Edit Text/Bespoke/Buyer Pages/Purchase Details/input_Subtotal_purchase-subtotal-txt"), "*"): Keys '*' sent to object: 'Object Repository/ADMIN/Edit Text/Bespoke/Buyer Pages/Purchase Details/input_Subtotal_purchase-subtotal-txt'

2020-03-20 10:20:00 - [MESSAGE][PASSED] - Keys '*' sent to object: 'Object Repository/ADMIN/Edit Text/Bespoke/Buyer Pages/Purchase Details/input_Subtotal_purchase-subtotal-txt'

2020-03-20 10:20:00 - [TEST_STEP][PASSED] - sendKeys(findTestObject("ADMIN/Edit Text/Bespoke/Buyer Pages/Purchase Details/input_PAYMENT METHOD_payment_method"), "*"): Keys '*' sent to object: 'Object Repository/ADMIN/Edit Text/Bespoke/Buyer Pages/Purchase Details/input_PAYMENT METHOD_payment_method'

2020-03-20 10:20:00 - [MESSAGE][PASSED] - Keys '*' sent to object: 'Object Repository/ADMIN/Edit Text/Bespoke/Buyer Pages/Purchase Details/input_PAYMENT METHOD_payment_method'

2020-03-20 10:20:00 - [TEST_STEP][PASSED] - sendKeys(findTestObject("ADMIN/Edit Text/Bespoke/Buyer Pages/Purchase Details/input_Delivery_purchase-delivery-txt"), "*"): Keys '*' sent to object: 'Object Repository/ADMIN/Edit Text/Bespoke/Buyer Pages/Purchase Details/input_Delivery_purchase-delivery-txt'

2020-03-20 10:20:00 - [MESSAGE][PASSED] - Keys '*' sent to object: 'Object Repository/ADMIN/Edit Text/Bespoke/Buyer Pages/Purchase Details/input_Delivery_purchase-delivery-txt'

2020-03-20 10:20:00 - [TEST_STEP][PASSED] - sendKeys(findTestObject("ADMIN/Edit Text/Bespoke/Buyer Pages/Purchase Details/input_PAYMENT STATUS_payment_status"), "*"): Keys '*' sent to object: 'Object Repository/ADMIN/Edit Text/Bespoke/Buyer Pages/Purchase Details/input_PAYMENT STATUS_payment_status'

2020-03-20 10:20:00 - [MESSAGE][PASSED] - Keys '*' sent to object: 'Object Repository/ADMIN/Edit Text/Bespoke/Buyer Pages/Purchase Details/input_PAYMENT STATUS_payment_status'

2020-03-20 10:20:00 - [TEST_STEP][PASSED] - sendKeys(findTestObject("ADMIN/Edit Text/Bespoke/Buyer Pages/Purchase Details/input_Bulk Delivery Discount_purchase-bulk-delivery-discount-txt"), "*"): Keys '*' sent to object: 'Object Repository/ADMIN/Edit Text/Bespoke/Buyer Pages/Purchase Details/input_Bulk Delivery Discount_purchase-bulk-delivery-discount-txt'

2020-03-20 10:20:00 - [MESSAGE][PASSED] - Keys '*' sent to object: 'Object Repository/ADMIN/Edit Text/Bespoke/Buyer Pages/Purchase Details/input_Bulk Delivery Discount_purchase-bulk-delivery-discount-txt'

2020-03-20 10:20:00 - [TEST_STEP][PASSED] - sendKeys(findTestObject("ADMIN/Edit Text/Bespoke/Buyer Pages/Purchase Details/input_ITEM_purchase-item-txt"), "*"): Keys '*' sent to object: 'Object Repository/ADMIN/Edit Text/Bespoke/Buyer Pages/Purchase Details/input_ITEM_purchase-item-txt'

2020-03-20 10:20:00 - [MESSAGE][PASSED] - Keys '*' sent to object: 'Object Repository/ADMIN/Edit Text/Bespoke/Buyer Pages/Purchase Details/input_ITEM_purchase-item-txt'

2020-03-20 10:20:00 - [TEST_STEP][PASSED] - sendKeys(findTestObject("ADMIN/Edit Text/Bespoke/Buyer Pages/Purchase Details/input_PRICE_purchase-price-txt"), "*"): Keys '*' sent to object: 'Object Repository/ADMIN/Edit Text/Bespoke/Buyer Pages/Purchase Details/input_PRICE_purchase-price-txt'

2020-03-20 10:20:00 - [MESSAGE][PASSED] - Keys '*' sent to object: 'Object Repository/ADMIN/Edit Text/Bespoke/Buyer Pages/Purchase Details/input_PRICE_purchase-price-txt'

2020-03-20 10:20:00 - [TEST_STEP][PASSED] - sendKeys(findTestObject("ADMIN/Edit Text/Bespoke/Buyer Pages/Purchase Details/input_QTY_purchase-qty-txt"), "*"): Keys '*' sent to object: 'Object Repository/ADMIN/Edit Text/Bespoke/Buyer Pages/Purchase Details/input_QTY_purchase-qty-txt'

2020-03-20 10:20:01 - [MESSAGE][PASSED] - Keys '*' sent to object: 'Object Repository/ADMIN/Edit Text/Bespoke/Buyer Pages/Purchase Details/input_QTY_purchase-qty-txt'

2020-03-20 10:20:01 - [TEST_STEP][PASSED] - sendKeys(findTestObject("ADMIN/Edit Text/Bespoke/Buyer Pages/Purchase Details/input_DELIVERY_purchase-delivery-txt (1)"), "*"): Keys '*' sent to object: 'Object Repository/ADMIN/Edit Text/Bespoke/Buyer Pages/Purchase Details/input_DELIVERY_purchase-delivery-txt (1)'

2020-03-20 10:20:01 - [MESSAGE][PASSED] - Keys '*' sent to object: 'Object Repository/ADMIN/Edit Text/Bespoke/Buyer Pages/Purchase Details/input_DELIVERY_purchase-delivery-txt (1)'

2020-03-20 10:20:01 - [TEST_STEP][PASSED] - sendKeys(findTestObject("ADMIN/Edit Text/Bespoke/Buyer Pages/Purchase Details/input_ORDER STATUS_purchase-orderstatus-txt"), "*"): Keys '*' sent to object: 'Object Repository/ADMIN/Edit Text/Bespoke/Buyer Pages/Purchase Details/input_ORDER STATUS_purchase-orderstatus-txt'

2020-03-20 10:20:01 - [MESSAGE][PASSED] - Keys '*' sent to object: 'Object Repository/ADMIN/Edit Text/Bespoke/Buyer Pages/Purchase Details/input_ORDER STATUS_purchase-orderstatus-txt'

2020-03-20 10:20:01 - [TEST_STEP][PASSED] - sendKeys(findTestObject("ADMIN/Edit Text/Bespoke/Buyer Pages/Purchase Details/input_REVIEWS_purchase-review-txt"), "*"): Keys '*' sent to object: 'Object Repository/ADMIN/Edit Text/Bespoke/Buyer Pages/Purchase Details/input_REVIEWS_purchase-review-txt'

2020-03-20 10:20:01 - [MESSAGE][PASSED] - Keys '*' sent to object: 'Object Repository/ADMIN/Edit Text/Bespoke/Buyer Pages/Purchase Details/input_REVIEWS_purchase-review-txt'

2020-03-20 10:20:01 - [TEST_STEP][PASSED] - sendKeys(findTestObject("ADMIN/Edit Text/Bespoke/Buyer Pages/Purchase Details/input_Sold By_sold-by"), "*"): Keys '*' sent to object: 'Object Repository/ADMIN/Edit Text/Bespoke/Buyer Pages/Purchase Details/input_Sold By_sold-by'

2020-03-20 10:20:01 - [MESSAGE][PASSED] - Keys '*' sent to object: 'Object Repository/ADMIN/Edit Text/Bespoke/Buyer Pages/Purchase Details/input_Sold By_sold-by'

2020-03-20 10:20:01 - [TEST_STEP][PASSED] - sendKeys(findTestObject("ADMIN/Edit Text/Bespoke/Buyer Pages/Purchase Details/input_Contact_Contact"), "*"): Keys '*' sent to object: 'Object Repository/ADMIN/Edit Text/Bespoke/Buyer Pages/Purchase Details/input_Contact_Contact'

2020-03-20 10:20:01 - [MESSAGE][PASSED] - Keys '*' sent to object: 'Object Repository/ADMIN/Edit Text/Bespoke/Buyer Pages/Purchase Details/input_Contact_Contact'

2020-03-20 10:20:01 - [TEST_STEP][PASSED] - sendKeys(findTestObject("ADMIN/Edit Text/Bespoke/Buyer Pages/Purchase Details/input_Delivery_Delivery"), "*"): Keys '*' sent to object: 'Object Repository/ADMIN/Edit Text/Bespoke/Buyer Pages/Purchase Details/input_Delivery_Delivery'

2020-03-20 10:20:01 - [MESSAGE][PASSED] - Keys '*' sent to object: 'Object Repository/ADMIN/Edit Text/Bespoke/Buyer Pages/Purchase Details/input_Delivery_Delivery'

2020-03-20 10:20:01 - [TEST_STEP][PASSED] - sendKeys(findTestObject("ADMIN/Edit Text/Bespoke/Buyer Pages/Purchase Details/input_Pickup_Pickup"), "*"): Keys '*' sent to object: 'Object Repository/ADMIN/Edit Text/Bespoke/Buyer Pages/Purchase Details/input_Pickup_Pickup'

2020-03-20 10:20:01 - [MESSAGE][PASSED] - Keys '*' sent to object: 'Object Repository/ADMIN/Edit Text/Bespoke/Buyer Pages/Purchase Details/input_Pickup_Pickup'

2020-03-20 10:20:01 - [TEST_STEP][PASSED] - sendKeys(findTestObject("ADMIN/Edit Text/Bespoke/Buyer Pages/Purchase Details/input_Leave a feedback_purchase-leave-feedback-txt"), "*"): Keys '*' sent to object: 'Object Repository/ADMIN/Edit Text/Bespoke/Buyer Pages/Purchase Details/input_Leave a feedback_purchase-leave-feedback-txt'

2020-03-20 10:20:02 - [MESSAGE][PASSED] - Keys '*' sent to object: 'Object Repository/ADMIN/Edit Text/Bespoke/Buyer Pages/Purchase Details/input_Leave a feedback_purchase-leave-feedback-txt'

2020-03-20 10:20:02 - [TEST_STEP][PASSED] - sendKeys(findTestObject("ADMIN/Edit Text/Bespoke/Buyer Pages/Purchase Details/input_Left feedback_purchase-left-feedback-txt"), "*"): Keys '*' sent to object: 'Object Repository/ADMIN/Edit Text/Bespoke/Buyer Pages/Purchase Details/input_Left feedback_purchase-left-feedback-txt'

2020-03-20 10:20:02 - [MESSAGE][PASSED] - Keys '*' sent to object: 'Object Repository/ADMIN/Edit Text/Bespoke/Buyer Pages/Purchase Details/input_Left feedback_purchase-left-feedback-txt'

2020-03-20 10:20:02 - [TEST_STEP][PASSED] - sendKeys(findTestObject("ADMIN/Edit Text/Bespoke/Buyer Pages/Purchase Details/input_BACK TO LIST_btn_back"), "*"): Keys '*' sent to object: 'Object Repository/ADMIN/Edit Text/Bespoke/Buyer Pages/Purchase Details/input_BACK TO LIST_btn_back'

2020-03-20 10:20:02 - [MESSAGE][PASSED] - Keys '*' sent to object: 'Object Repository/ADMIN/Edit Text/Bespoke/Buyer Pages/Purchase Details/input_BACK TO LIST_btn_back'

2020-03-20 10:20:02 - [TEST_STEP][PASSED] - sendKeys(findTestObject("ADMIN/Edit Text/Bespoke/Buyer Pages/Purchase Details/input_LEFT A FEEDBACK FOR_popup-title"), "*"): Keys '*' sent to object: 'Object Repository/ADMIN/Edit Text/Bespoke/Buyer Pages/Purchase Details/input_LEFT A FEEDBACK FOR_popup-title'

2020-03-20 10:20:02 - [MESSAGE][PASSED] - Keys '*' sent to object: 'Object Repository/ADMIN/Edit Text/Bespoke/Buyer Pages/Purchase Details/input_LEFT A FEEDBACK FOR_popup-title'

2020-03-20 10:20:02 - [TEST_STEP][PASSED] - sendKeys(findTestObject("ADMIN/Edit Text/Bespoke/Buyer Pages/Purchase Details/input_How much do you rate this item_popup-desc"), "*"): Keys '*' sent to object: 'Object Repository/ADMIN/Edit Text/Bespoke/Buyer Pages/Purchase Details/input_How much do you rate this item_popup-desc'

2020-03-20 10:20:03 - [MESSAGE][PASSED] - Keys '*' sent to object: 'Object Repository/ADMIN/Edit Text/Bespoke/Buyer Pages/Purchase Details/input_How much do you rate this item_popup-desc'

2020-03-20 10:20:03 - [TEST_STEP][PASSED] - sendKeys(findTestObject("ADMIN/Edit Text/Bespoke/Buyer Pages/Purchase Details/input_Leave a feedback_leave-feedback"), "*"): Keys '*' sent to object: 'Object Repository/ADMIN/Edit Text/Bespoke/Buyer Pages/Purchase Details/input_Leave a feedback_leave-feedback'

2020-03-20 10:20:03 - [MESSAGE][PASSED] - Keys '*' sent to object: 'Object Repository/ADMIN/Edit Text/Bespoke/Buyer Pages/Purchase Details/input_Leave a feedback_leave-feedback'

2020-03-20 10:20:03 - [TEST_STEP][PASSED] - sendKeys(findTestObject("ADMIN/Edit Text/Bespoke/Buyer Pages/Purchase Details/input_Excellent_excellent"), "*"): Keys '*' sent to object: 'Object Repository/ADMIN/Edit Text/Bespoke/Buyer Pages/Purchase Details/input_Excellent_excellent'

2020-03-20 10:20:03 - [MESSAGE][PASSED] - Keys '*' sent to object: 'Object Repository/ADMIN/Edit Text/Bespoke/Buyer Pages/Purchase Details/input_Excellent_excellent'

2020-03-20 10:20:03 - [TEST_STEP][PASSED] - sendKeys(findTestObject("ADMIN/Edit Text/Bespoke/Buyer Pages/Purchase Details/input_Great_great"), "*"): Keys '*' sent to object: 'Object Repository/ADMIN/Edit Text/Bespoke/Buyer Pages/Purchase Details/input_Great_great'

2020-03-20 10:20:03 - [MESSAGE][PASSED] - Keys '*' sent to object: 'Object Repository/ADMIN/Edit Text/Bespoke/Buyer Pages/Purchase Details/input_Great_great'

2020-03-20 10:20:03 - [TEST_STEP][PASSED] - sendKeys(findTestObject("ADMIN/Edit Text/Bespoke/Buyer Pages/Purchase Details/input_Good_good"), "*"): Keys '*' sent to object: 'Object Repository/ADMIN/Edit Text/Bespoke/Buyer Pages/Purchase Details/input_Good_good'

2020-03-20 10:20:03 - [MESSAGE][PASSED] - Keys '*' sent to object: 'Object Repository/ADMIN/Edit Text/Bespoke/Buyer Pages/Purchase Details/input_Good_good'

2020-03-20 10:20:03 - [TEST_STEP][PASSED] - sendKeys(findTestObject("ADMIN/Edit Text/Bespoke/Buyer Pages/Purchase Details/input_Okay_ok"), "*"): Keys '*' sent to object: 'Object Repository/ADMIN/Edit Text/Bespoke/Buyer Pages/Purchase Details/input_Okay_ok'

2020-03-20 10:20:03 - [MESSAGE][PASSED] - Keys '*' sent to object: 'Object Repository/ADMIN/Edit Text/Bespoke/Buyer Pages/Purchase Details/input_Okay_ok'

2020-03-20 10:20:03 - [TEST_STEP][PASSED] - sendKeys(findTestObject("ADMIN/Edit Text/Bespoke/Buyer Pages/Purchase Details/input_Unsatisfied_Unsatisfied"), "*"): Keys '*' sent to object: 'Object Repository/ADMIN/Edit Text/Bespoke/Buyer Pages/Purchase Details/input_Unsatisfied_Unsatisfied'

2020-03-20 10:20:03 - [MESSAGE][PASSED] - Keys '*' sent to object: 'Object Repository/ADMIN/Edit Text/Bespoke/Buyer Pages/Purchase Details/input_Unsatisfied_Unsatisfied'

2020-03-20 10:20:03 - [TEST_STEP][PASSED] - sendKeys(findTestObject("ADMIN/Edit Text/Bespoke/Buyer Pages/Purchase Details/input_SUBMIT_btn_okay"), "*"): Keys '*' sent to object: 'Object Repository/ADMIN/Edit Text/Bespoke/Buyer Pages/Purchase Details/input_SUBMIT_btn_okay'

2020-03-20 10:20:03 - [MESSAGE][PASSED] - Keys '*' sent to object: 'Object Repository/ADMIN/Edit Text/Bespoke/Buyer Pages/Purchase Details/input_SUBMIT_btn_okay'

2020-03-20 10:20:03 - [TEST_STEP][PASSED] - click(findTestObject("ADMIN/Edit Text/Bespoke/Buyer Pages/Homepage/button_save"), CONTINUE_ON_FAILURE): Object: 'Object Repository/ADMIN/Edit Text/Bespoke/Buyer Pages/Homepage/button_save' is clicked on

2020-03-20 10:20:04 - [MESSAGE][PASSED] - Object: 'Object Repository/ADMIN/Edit Text/Bespoke/Buyer Pages/Homepage/button_save' is clicked on

2020-03-20 10:20:04 - [TEST_STEP][PASSED] - waitForElementVisible(findTestObject("ADMIN/Edit Text/Bespoke/Buyer Pages/Homepage/toaster_success"), 0): Object 'Object Repository/ADMIN/Edit Text/Bespoke/Buyer Pages/Homepage/toaster_success' is visible

2020-03-20 10:20:04 - [MESSAGE][WARNING] - Timeout '0' is invalid. Using default page load timeout: '30'

2020-03-20 10:20:04 - [MESSAGE][PASSED] - Object 'Object Repository/ADMIN/Edit Text/Bespoke/Buyer Pages/Homepage/toaster_success' is visible]]></system-out>
         <system-err><![CDATA[]]></system-err>
      </testcase>
      <testcase name="Test Cases/ADMIN/Language/Edit Text/Bespoke/Buyer Pages/Purchase Details" time="8.413" classname="Test Cases/ADMIN/Language/Edit Text/Bespoke/Buyer Pages/Purchase Details" status="PASSED">
         <system-out><![CDATA[2020-03-20 10:20:04 - [TEST_CASE][PASSED] - Test Cases/ADMIN/Language/Edit Text/Bespoke/Buyer Pages/Purchase Details: Test Cases/ADMIN/Language/Edit Text/Bespoke/Buyer Pages/Purchase Details

2020-03-20 10:20:04 - [TEST_STEP][PASSED] - waitForElementVisible(findTestObject("ADMIN/Edit Text/Bespoke/Buyer Navigation/dd_language"), 0): Object 'Object Repository/ADMIN/Edit Text/Bespoke/Buyer Navigation/dd_language' is visible

2020-03-20 10:20:04 - [MESSAGE][WARNING] - Timeout '0' is invalid. Using default page load timeout: '30'

2020-03-20 10:20:04 - [MESSAGE][PASSED] - Object 'Object Repository/ADMIN/Edit Text/Bespoke/Buyer Navigation/dd_language' is visible

2020-03-20 10:20:04 - [TEST_STEP][PASSED] - selectOptionByLabel(findTestObject("ADMIN/Edit Text/Bespoke/Buyer Navigation/dd_language"), varLanguage, false): All options with label 'German' are selected in object 'Object Repository/ADMIN/Edit Text/Bespoke/Buyer Navigation/dd_language' 

2020-03-20 10:20:06 - [MESSAGE][PASSED] - All options with label 'German' are selected in object 'Object Repository/ADMIN/Edit Text/Bespoke/Buyer Navigation/dd_language' 

2020-03-20 10:20:06 - [TEST_STEP][PASSED] - sendKeys(findTestObject("ADMIN/Edit Text/Bespoke/Buyer Pages/Purchase Details/input_INVOICE ID_purchase-invoice-id"), "*"): Keys '*' sent to object: 'Object Repository/ADMIN/Edit Text/Bespoke/Buyer Pages/Purchase Details/input_INVOICE ID_purchase-invoice-id'

2020-03-20 10:20:07 - [MESSAGE][PASSED] - Keys '*' sent to object: 'Object Repository/ADMIN/Edit Text/Bespoke/Buyer Pages/Purchase Details/input_INVOICE ID_purchase-invoice-id'

2020-03-20 10:20:07 - [TEST_STEP][PASSED] - sendKeys(findTestObject("ADMIN/Edit Text/Bespoke/Buyer Pages/Purchase Details/input_TIMESTAMP_purchase-timestamp"), "*"): Keys '*' sent to object: 'Object Repository/ADMIN/Edit Text/Bespoke/Buyer Pages/Purchase Details/input_TIMESTAMP_purchase-timestamp'

2020-03-20 10:20:07 - [MESSAGE][PASSED] - Keys '*' sent to object: 'Object Repository/ADMIN/Edit Text/Bespoke/Buyer Pages/Purchase Details/input_TIMESTAMP_purchase-timestamp'

2020-03-20 10:20:07 - [TEST_STEP][PASSED] - sendKeys(findTestObject("ADMIN/Edit Text/Bespoke/Buyer Pages/Purchase Details/input_DELIVERY ADDRESS_purchase-delivery"), "*"): Keys '*' sent to object: 'Object Repository/ADMIN/Edit Text/Bespoke/Buyer Pages/Purchase Details/input_DELIVERY ADDRESS_purchase-delivery'

2020-03-20 10:20:07 - [MESSAGE][PASSED] - Keys '*' sent to object: 'Object Repository/ADMIN/Edit Text/Bespoke/Buyer Pages/Purchase Details/input_DELIVERY ADDRESS_purchase-delivery'

2020-03-20 10:20:07 - [TEST_STEP][PASSED] - sendKeys(findTestObject("ADMIN/Edit Text/Bespoke/Buyer Pages/Purchase Details/input_TRANSACTION TOTAL_purchase-transaction-total"), "*"): Keys '*' sent to object: 'Object Repository/ADMIN/Edit Text/Bespoke/Buyer Pages/Purchase Details/input_TRANSACTION TOTAL_purchase-transaction-total'

2020-03-20 10:20:08 - [MESSAGE][PASSED] - Keys '*' sent to object: 'Object Repository/ADMIN/Edit Text/Bespoke/Buyer Pages/Purchase Details/input_TRANSACTION TOTAL_purchase-transaction-total'

2020-03-20 10:20:08 - [TEST_STEP][PASSED] - sendKeys(findTestObject("ADMIN/Edit Text/Bespoke/Buyer Pages/Purchase Details/input_Subtotal_purchase-subtotal-txt"), "*"): Keys '*' sent to object: 'Object Repository/ADMIN/Edit Text/Bespoke/Buyer Pages/Purchase Details/input_Subtotal_purchase-subtotal-txt'

2020-03-20 10:20:08 - [MESSAGE][PASSED] - Keys '*' sent to object: 'Object Repository/ADMIN/Edit Text/Bespoke/Buyer Pages/Purchase Details/input_Subtotal_purchase-subtotal-txt'

2020-03-20 10:20:08 - [TEST_STEP][PASSED] - sendKeys(findTestObject("ADMIN/Edit Text/Bespoke/Buyer Pages/Purchase Details/input_PAYMENT METHOD_payment_method"), "*"): Keys '*' sent to object: 'Object Repository/ADMIN/Edit Text/Bespoke/Buyer Pages/Purchase Details/input_PAYMENT METHOD_payment_method'

2020-03-20 10:20:08 - [MESSAGE][PASSED] - Keys '*' sent to object: 'Object Repository/ADMIN/Edit Text/Bespoke/Buyer Pages/Purchase Details/input_PAYMENT METHOD_payment_method'

2020-03-20 10:20:08 - [TEST_STEP][PASSED] - sendKeys(findTestObject("ADMIN/Edit Text/Bespoke/Buyer Pages/Purchase Details/input_Delivery_purchase-delivery-txt"), "*"): Keys '*' sent to object: 'Object Repository/ADMIN/Edit Text/Bespoke/Buyer Pages/Purchase Details/input_Delivery_purchase-delivery-txt'

2020-03-20 10:20:08 - [MESSAGE][PASSED] - Keys '*' sent to object: 'Object Repository/ADMIN/Edit Text/Bespoke/Buyer Pages/Purchase Details/input_Delivery_purchase-delivery-txt'

2020-03-20 10:20:08 - [TEST_STEP][PASSED] - sendKeys(findTestObject("ADMIN/Edit Text/Bespoke/Buyer Pages/Purchase Details/input_PAYMENT STATUS_payment_status"), "*"): Keys '*' sent to object: 'Object Repository/ADMIN/Edit Text/Bespoke/Buyer Pages/Purchase Details/input_PAYMENT STATUS_payment_status'

2020-03-20 10:20:08 - [MESSAGE][PASSED] - Keys '*' sent to object: 'Object Repository/ADMIN/Edit Text/Bespoke/Buyer Pages/Purchase Details/input_PAYMENT STATUS_payment_status'

2020-03-20 10:20:08 - [TEST_STEP][PASSED] - sendKeys(findTestObject("ADMIN/Edit Text/Bespoke/Buyer Pages/Purchase Details/input_Bulk Delivery Discount_purchase-bulk-delivery-discount-txt"), "*"): Keys '*' sent to object: 'Object Repository/ADMIN/Edit Text/Bespoke/Buyer Pages/Purchase Details/input_Bulk Delivery Discount_purchase-bulk-delivery-discount-txt'

2020-03-20 10:20:08 - [MESSAGE][PASSED] - Keys '*' sent to object: 'Object Repository/ADMIN/Edit Text/Bespoke/Buyer Pages/Purchase Details/input_Bulk Delivery Discount_purchase-bulk-delivery-discount-txt'

2020-03-20 10:20:08 - [TEST_STEP][PASSED] - sendKeys(findTestObject("ADMIN/Edit Text/Bespoke/Buyer Pages/Purchase Details/input_ITEM_purchase-item-txt"), "*"): Keys '*' sent to object: 'Object Repository/ADMIN/Edit Text/Bespoke/Buyer Pages/Purchase Details/input_ITEM_purchase-item-txt'

2020-03-20 10:20:09 - [MESSAGE][PASSED] - Keys '*' sent to object: 'Object Repository/ADMIN/Edit Text/Bespoke/Buyer Pages/Purchase Details/input_ITEM_purchase-item-txt'

2020-03-20 10:20:09 - [TEST_STEP][PASSED] - sendKeys(findTestObject("ADMIN/Edit Text/Bespoke/Buyer Pages/Purchase Details/input_PRICE_purchase-price-txt"), "*"): Keys '*' sent to object: 'Object Repository/ADMIN/Edit Text/Bespoke/Buyer Pages/Purchase Details/input_PRICE_purchase-price-txt'

2020-03-20 10:20:09 - [MESSAGE][PASSED] - Keys '*' sent to object: 'Object Repository/ADMIN/Edit Text/Bespoke/Buyer Pages/Purchase Details/input_PRICE_purchase-price-txt'

2020-03-20 10:20:09 - [TEST_STEP][PASSED] - sendKeys(findTestObject("ADMIN/Edit Text/Bespoke/Buyer Pages/Purchase Details/input_QTY_purchase-qty-txt"), "*"): Keys '*' sent to object: 'Object Repository/ADMIN/Edit Text/Bespoke/Buyer Pages/Purchase Details/input_QTY_purchase-qty-txt'

2020-03-20 10:20:09 - [MESSAGE][PASSED] - Keys '*' sent to object: 'Object Repository/ADMIN/Edit Text/Bespoke/Buyer Pages/Purchase Details/input_QTY_purchase-qty-txt'

2020-03-20 10:20:09 - [TEST_STEP][PASSED] - sendKeys(findTestObject("ADMIN/Edit Text/Bespoke/Buyer Pages/Purchase Details/input_DELIVERY_purchase-delivery-txt (1)"), "*"): Keys '*' sent to object: 'Object Repository/ADMIN/Edit Text/Bespoke/Buyer Pages/Purchase Details/input_DELIVERY_purchase-delivery-txt (1)'

2020-03-20 10:20:09 - [MESSAGE][PASSED] - Keys '*' sent to object: 'Object Repository/ADMIN/Edit Text/Bespoke/Buyer Pages/Purchase Details/input_DELIVERY_purchase-delivery-txt (1)'

2020-03-20 10:20:09 - [TEST_STEP][PASSED] - sendKeys(findTestObject("ADMIN/Edit Text/Bespoke/Buyer Pages/Purchase Details/input_ORDER STATUS_purchase-orderstatus-txt"), "*"): Keys '*' sent to object: 'Object Repository/ADMIN/Edit Text/Bespoke/Buyer Pages/Purchase Details/input_ORDER STATUS_purchase-orderstatus-txt'

2020-03-20 10:20:09 - [MESSAGE][PASSED] - Keys '*' sent to object: 'Object Repository/ADMIN/Edit Text/Bespoke/Buyer Pages/Purchase Details/input_ORDER STATUS_purchase-orderstatus-txt'

2020-03-20 10:20:09 - [TEST_STEP][PASSED] - sendKeys(findTestObject("ADMIN/Edit Text/Bespoke/Buyer Pages/Purchase Details/input_REVIEWS_purchase-review-txt"), "*"): Keys '*' sent to object: 'Object Repository/ADMIN/Edit Text/Bespoke/Buyer Pages/Purchase Details/input_REVIEWS_purchase-review-txt'

2020-03-20 10:20:09 - [MESSAGE][PASSED] - Keys '*' sent to object: 'Object Repository/ADMIN/Edit Text/Bespoke/Buyer Pages/Purchase Details/input_REVIEWS_purchase-review-txt'

2020-03-20 10:20:09 - [TEST_STEP][PASSED] - sendKeys(findTestObject("ADMIN/Edit Text/Bespoke/Buyer Pages/Purchase Details/input_Sold By_sold-by"), "*"): Keys '*' sent to object: 'Object Repository/ADMIN/Edit Text/Bespoke/Buyer Pages/Purchase Details/input_Sold By_sold-by'

2020-03-20 10:20:09 - [MESSAGE][PASSED] - Keys '*' sent to object: 'Object Repository/ADMIN/Edit Text/Bespoke/Buyer Pages/Purchase Details/input_Sold By_sold-by'

2020-03-20 10:20:09 - [TEST_STEP][PASSED] - sendKeys(findTestObject("ADMIN/Edit Text/Bespoke/Buyer Pages/Purchase Details/input_Contact_Contact"), "*"): Keys '*' sent to object: 'Object Repository/ADMIN/Edit Text/Bespoke/Buyer Pages/Purchase Details/input_Contact_Contact'

2020-03-20 10:20:10 - [MESSAGE][PASSED] - Keys '*' sent to object: 'Object Repository/ADMIN/Edit Text/Bespoke/Buyer Pages/Purchase Details/input_Contact_Contact'

2020-03-20 10:20:10 - [TEST_STEP][PASSED] - sendKeys(findTestObject("ADMIN/Edit Text/Bespoke/Buyer Pages/Purchase Details/input_Delivery_Delivery"), "*"): Keys '*' sent to object: 'Object Repository/ADMIN/Edit Text/Bespoke/Buyer Pages/Purchase Details/input_Delivery_Delivery'

2020-03-20 10:20:10 - [MESSAGE][PASSED] - Keys '*' sent to object: 'Object Repository/ADMIN/Edit Text/Bespoke/Buyer Pages/Purchase Details/input_Delivery_Delivery'

2020-03-20 10:20:10 - [TEST_STEP][PASSED] - sendKeys(findTestObject("ADMIN/Edit Text/Bespoke/Buyer Pages/Purchase Details/input_Pickup_Pickup"), "*"): Keys '*' sent to object: 'Object Repository/ADMIN/Edit Text/Bespoke/Buyer Pages/Purchase Details/input_Pickup_Pickup'

2020-03-20 10:20:10 - [MESSAGE][PASSED] - Keys '*' sent to object: 'Object Repository/ADMIN/Edit Text/Bespoke/Buyer Pages/Purchase Details/input_Pickup_Pickup'

2020-03-20 10:20:10 - [TEST_STEP][PASSED] - sendKeys(findTestObject("ADMIN/Edit Text/Bespoke/Buyer Pages/Purchase Details/input_Leave a feedback_purchase-leave-feedback-txt"), "*"): Keys '*' sent to object: 'Object Repository/ADMIN/Edit Text/Bespoke/Buyer Pages/Purchase Details/input_Leave a feedback_purchase-leave-feedback-txt'

2020-03-20 10:20:10 - [MESSAGE][PASSED] - Keys '*' sent to object: 'Object Repository/ADMIN/Edit Text/Bespoke/Buyer Pages/Purchase Details/input_Leave a feedback_purchase-leave-feedback-txt'

2020-03-20 10:20:10 - [TEST_STEP][PASSED] - sendKeys(findTestObject("ADMIN/Edit Text/Bespoke/Buyer Pages/Purchase Details/input_Left feedback_purchase-left-feedback-txt"), "*"): Keys '*' sent to object: 'Object Repository/ADMIN/Edit Text/Bespoke/Buyer Pages/Purchase Details/input_Left feedback_purchase-left-feedback-txt'

2020-03-20 10:20:10 - [MESSAGE][PASSED] - Keys '*' sent to object: 'Object Repository/ADMIN/Edit Text/Bespoke/Buyer Pages/Purchase Details/input_Left feedback_purchase-left-feedback-txt'

2020-03-20 10:20:10 - [TEST_STEP][PASSED] - sendKeys(findTestObject("ADMIN/Edit Text/Bespoke/Buyer Pages/Purchase Details/input_BACK TO LIST_btn_back"), "*"): Keys '*' sent to object: 'Object Repository/ADMIN/Edit Text/Bespoke/Buyer Pages/Purchase Details/input_BACK TO LIST_btn_back'

2020-03-20 10:20:10 - [MESSAGE][PASSED] - Keys '*' sent to object: 'Object Repository/ADMIN/Edit Text/Bespoke/Buyer Pages/Purchase Details/input_BACK TO LIST_btn_back'

2020-03-20 10:20:10 - [TEST_STEP][PASSED] - sendKeys(findTestObject("ADMIN/Edit Text/Bespoke/Buyer Pages/Purchase Details/input_LEFT A FEEDBACK FOR_popup-title"), "*"): Keys '*' sent to object: 'Object Repository/ADMIN/Edit Text/Bespoke/Buyer Pages/Purchase Details/input_LEFT A FEEDBACK FOR_popup-title'

2020-03-20 10:20:11 - [MESSAGE][PASSED] - Keys '*' sent to object: 'Object Repository/ADMIN/Edit Text/Bespoke/Buyer Pages/Purchase Details/input_LEFT A FEEDBACK FOR_popup-title'

2020-03-20 10:20:11 - [TEST_STEP][PASSED] - sendKeys(findTestObject("ADMIN/Edit Text/Bespoke/Buyer Pages/Purchase Details/input_How much do you rate this item_popup-desc"), "*"): Keys '*' sent to object: 'Object Repository/ADMIN/Edit Text/Bespoke/Buyer Pages/Purchase Details/input_How much do you rate this item_popup-desc'

2020-03-20 10:20:11 - [MESSAGE][PASSED] - Keys '*' sent to object: 'Object Repository/ADMIN/Edit Text/Bespoke/Buyer Pages/Purchase Details/input_How much do you rate this item_popup-desc'

2020-03-20 10:20:11 - [TEST_STEP][PASSED] - sendKeys(findTestObject("ADMIN/Edit Text/Bespoke/Buyer Pages/Purchase Details/input_Leave a feedback_leave-feedback"), "*"): Keys '*' sent to object: 'Object Repository/ADMIN/Edit Text/Bespoke/Buyer Pages/Purchase Details/input_Leave a feedback_leave-feedback'

2020-03-20 10:20:11 - [MESSAGE][PASSED] - Keys '*' sent to object: 'Object Repository/ADMIN/Edit Text/Bespoke/Buyer Pages/Purchase Details/input_Leave a feedback_leave-feedback'

2020-03-20 10:20:11 - [TEST_STEP][PASSED] - sendKeys(findTestObject("ADMIN/Edit Text/Bespoke/Buyer Pages/Purchase Details/input_Excellent_excellent"), "*"): Keys '*' sent to object: 'Object Repository/ADMIN/Edit Text/Bespoke/Buyer Pages/Purchase Details/input_Excellent_excellent'

2020-03-20 10:20:11 - [MESSAGE][PASSED] - Keys '*' sent to object: 'Object Repository/ADMIN/Edit Text/Bespoke/Buyer Pages/Purchase Details/input_Excellent_excellent'

2020-03-20 10:20:11 - [TEST_STEP][PASSED] - sendKeys(findTestObject("ADMIN/Edit Text/Bespoke/Buyer Pages/Purchase Details/input_Great_great"), "*"): Keys '*' sent to object: 'Object Repository/ADMIN/Edit Text/Bespoke/Buyer Pages/Purchase Details/input_Great_great'

2020-03-20 10:20:11 - [MESSAGE][PASSED] - Keys '*' sent to object: 'Object Repository/ADMIN/Edit Text/Bespoke/Buyer Pages/Purchase Details/input_Great_great'

2020-03-20 10:20:11 - [TEST_STEP][PASSED] - sendKeys(findTestObject("ADMIN/Edit Text/Bespoke/Buyer Pages/Purchase Details/input_Good_good"), "*"): Keys '*' sent to object: 'Object Repository/ADMIN/Edit Text/Bespoke/Buyer Pages/Purchase Details/input_Good_good'

2020-03-20 10:20:11 - [MESSAGE][PASSED] - Keys '*' sent to object: 'Object Repository/ADMIN/Edit Text/Bespoke/Buyer Pages/Purchase Details/input_Good_good'

2020-03-20 10:20:11 - [TEST_STEP][PASSED] - sendKeys(findTestObject("ADMIN/Edit Text/Bespoke/Buyer Pages/Purchase Details/input_Okay_ok"), "*"): Keys '*' sent to object: 'Object Repository/ADMIN/Edit Text/Bespoke/Buyer Pages/Purchase Details/input_Okay_ok'

2020-03-20 10:20:12 - [MESSAGE][PASSED] - Keys '*' sent to object: 'Object Repository/ADMIN/Edit Text/Bespoke/Buyer Pages/Purchase Details/input_Okay_ok'

2020-03-20 10:20:12 - [TEST_STEP][PASSED] - sendKeys(findTestObject("ADMIN/Edit Text/Bespoke/Buyer Pages/Purchase Details/input_Unsatisfied_Unsatisfied"), "*"): Keys '*' sent to object: 'Object Repository/ADMIN/Edit Text/Bespoke/Buyer Pages/Purchase Details/input_Unsatisfied_Unsatisfied'

2020-03-20 10:20:12 - [MESSAGE][PASSED] - Keys '*' sent to object: 'Object Repository/ADMIN/Edit Text/Bespoke/Buyer Pages/Purchase Details/input_Unsatisfied_Unsatisfied'

2020-03-20 10:20:12 - [TEST_STEP][PASSED] - sendKeys(findTestObject("ADMIN/Edit Text/Bespoke/Buyer Pages/Purchase Details/input_SUBMIT_btn_okay"), "*"): Keys '*' sent to object: 'Object Repository/ADMIN/Edit Text/Bespoke/Buyer Pages/Purchase Details/input_SUBMIT_btn_okay'

2020-03-20 10:20:12 - [MESSAGE][PASSED] - Keys '*' sent to object: 'Object Repository/ADMIN/Edit Text/Bespoke/Buyer Pages/Purchase Details/input_SUBMIT_btn_okay'

2020-03-20 10:20:12 - [TEST_STEP][PASSED] - click(findTestObject("ADMIN/Edit Text/Bespoke/Buyer Pages/Homepage/button_save"), CONTINUE_ON_FAILURE): Object: 'Object Repository/ADMIN/Edit Text/Bespoke/Buyer Pages/Homepage/button_save' is clicked on

2020-03-20 10:20:12 - [MESSAGE][PASSED] - Object: 'Object Repository/ADMIN/Edit Text/Bespoke/Buyer Pages/Homepage/button_save' is clicked on

2020-03-20 10:20:12 - [TEST_STEP][PASSED] - waitForElementVisible(findTestObject("ADMIN/Edit Text/Bespoke/Buyer Pages/Homepage/toaster_success"), 0): Object 'Object Repository/ADMIN/Edit Text/Bespoke/Buyer Pages/Homepage/toaster_success' is visible

2020-03-20 10:20:12 - [MESSAGE][WARNING] - Timeout '0' is invalid. Using default page load timeout: '30'

2020-03-20 10:20:13 - [MESSAGE][PASSED] - Object 'Object Repository/ADMIN/Edit Text/Bespoke/Buyer Pages/Homepage/toaster_success' is visible]]></system-out>
         <system-err><![CDATA[]]></system-err>
      </testcase>
      <testcase name="Test Cases/ADMIN/Language/Edit Text/Bespoke/Buyer Pages/Purchase Details" time="8.205" classname="Test Cases/ADMIN/Language/Edit Text/Bespoke/Buyer Pages/Purchase Details" status="PASSED">
         <system-out><![CDATA[2020-03-20 10:20:13 - [TEST_CASE][PASSED] - Test Cases/ADMIN/Language/Edit Text/Bespoke/Buyer Pages/Purchase Details: Test Cases/ADMIN/Language/Edit Text/Bespoke/Buyer Pages/Purchase Details

2020-03-20 10:20:13 - [TEST_STEP][PASSED] - waitForElementVisible(findTestObject("ADMIN/Edit Text/Bespoke/Buyer Navigation/dd_language"), 0): Object 'Object Repository/ADMIN/Edit Text/Bespoke/Buyer Navigation/dd_language' is visible

2020-03-20 10:20:13 - [MESSAGE][WARNING] - Timeout '0' is invalid. Using default page load timeout: '30'

2020-03-20 10:20:13 - [MESSAGE][PASSED] - Object 'Object Repository/ADMIN/Edit Text/Bespoke/Buyer Navigation/dd_language' is visible

2020-03-20 10:20:13 - [TEST_STEP][PASSED] - selectOptionByLabel(findTestObject("ADMIN/Edit Text/Bespoke/Buyer Navigation/dd_language"), varLanguage, false): All options with label 'Japanese' are selected in object 'Object Repository/ADMIN/Edit Text/Bespoke/Buyer Navigation/dd_language' 

2020-03-20 10:20:15 - [MESSAGE][PASSED] - All options with label 'Japanese' are selected in object 'Object Repository/ADMIN/Edit Text/Bespoke/Buyer Navigation/dd_language' 

2020-03-20 10:20:15 - [TEST_STEP][PASSED] - sendKeys(findTestObject("ADMIN/Edit Text/Bespoke/Buyer Pages/Purchase Details/input_INVOICE ID_purchase-invoice-id"), "*"): Keys '*' sent to object: 'Object Repository/ADMIN/Edit Text/Bespoke/Buyer Pages/Purchase Details/input_INVOICE ID_purchase-invoice-id'

2020-03-20 10:20:15 - [MESSAGE][PASSED] - Keys '*' sent to object: 'Object Repository/ADMIN/Edit Text/Bespoke/Buyer Pages/Purchase Details/input_INVOICE ID_purchase-invoice-id'

2020-03-20 10:20:15 - [TEST_STEP][PASSED] - sendKeys(findTestObject("ADMIN/Edit Text/Bespoke/Buyer Pages/Purchase Details/input_TIMESTAMP_purchase-timestamp"), "*"): Keys '*' sent to object: 'Object Repository/ADMIN/Edit Text/Bespoke/Buyer Pages/Purchase Details/input_TIMESTAMP_purchase-timestamp'

2020-03-20 10:20:16 - [MESSAGE][PASSED] - Keys '*' sent to object: 'Object Repository/ADMIN/Edit Text/Bespoke/Buyer Pages/Purchase Details/input_TIMESTAMP_purchase-timestamp'

2020-03-20 10:20:16 - [TEST_STEP][PASSED] - sendKeys(findTestObject("ADMIN/Edit Text/Bespoke/Buyer Pages/Purchase Details/input_DELIVERY ADDRESS_purchase-delivery"), "*"): Keys '*' sent to object: 'Object Repository/ADMIN/Edit Text/Bespoke/Buyer Pages/Purchase Details/input_DELIVERY ADDRESS_purchase-delivery'

2020-03-20 10:20:16 - [MESSAGE][PASSED] - Keys '*' sent to object: 'Object Repository/ADMIN/Edit Text/Bespoke/Buyer Pages/Purchase Details/input_DELIVERY ADDRESS_purchase-delivery'

2020-03-20 10:20:16 - [TEST_STEP][PASSED] - sendKeys(findTestObject("ADMIN/Edit Text/Bespoke/Buyer Pages/Purchase Details/input_TRANSACTION TOTAL_purchase-transaction-total"), "*"): Keys '*' sent to object: 'Object Repository/ADMIN/Edit Text/Bespoke/Buyer Pages/Purchase Details/input_TRANSACTION TOTAL_purchase-transaction-total'

2020-03-20 10:20:16 - [MESSAGE][PASSED] - Keys '*' sent to object: 'Object Repository/ADMIN/Edit Text/Bespoke/Buyer Pages/Purchase Details/input_TRANSACTION TOTAL_purchase-transaction-total'

2020-03-20 10:20:16 - [TEST_STEP][PASSED] - sendKeys(findTestObject("ADMIN/Edit Text/Bespoke/Buyer Pages/Purchase Details/input_Subtotal_purchase-subtotal-txt"), "*"): Keys '*' sent to object: 'Object Repository/ADMIN/Edit Text/Bespoke/Buyer Pages/Purchase Details/input_Subtotal_purchase-subtotal-txt'

2020-03-20 10:20:16 - [MESSAGE][PASSED] - Keys '*' sent to object: 'Object Repository/ADMIN/Edit Text/Bespoke/Buyer Pages/Purchase Details/input_Subtotal_purchase-subtotal-txt'

2020-03-20 10:20:16 - [TEST_STEP][PASSED] - sendKeys(findTestObject("ADMIN/Edit Text/Bespoke/Buyer Pages/Purchase Details/input_PAYMENT METHOD_payment_method"), "*"): Keys '*' sent to object: 'Object Repository/ADMIN/Edit Text/Bespoke/Buyer Pages/Purchase Details/input_PAYMENT METHOD_payment_method'

2020-03-20 10:20:16 - [MESSAGE][PASSED] - Keys '*' sent to object: 'Object Repository/ADMIN/Edit Text/Bespoke/Buyer Pages/Purchase Details/input_PAYMENT METHOD_payment_method'

2020-03-20 10:20:16 - [TEST_STEP][PASSED] - sendKeys(findTestObject("ADMIN/Edit Text/Bespoke/Buyer Pages/Purchase Details/input_Delivery_purchase-delivery-txt"), "*"): Keys '*' sent to object: 'Object Repository/ADMIN/Edit Text/Bespoke/Buyer Pages/Purchase Details/input_Delivery_purchase-delivery-txt'

2020-03-20 10:20:16 - [MESSAGE][PASSED] - Keys '*' sent to object: 'Object Repository/ADMIN/Edit Text/Bespoke/Buyer Pages/Purchase Details/input_Delivery_purchase-delivery-txt'

2020-03-20 10:20:16 - [TEST_STEP][PASSED] - sendKeys(findTestObject("ADMIN/Edit Text/Bespoke/Buyer Pages/Purchase Details/input_PAYMENT STATUS_payment_status"), "*"): Keys '*' sent to object: 'Object Repository/ADMIN/Edit Text/Bespoke/Buyer Pages/Purchase Details/input_PAYMENT STATUS_payment_status'

2020-03-20 10:20:16 - [MESSAGE][PASSED] - Keys '*' sent to object: 'Object Repository/ADMIN/Edit Text/Bespoke/Buyer Pages/Purchase Details/input_PAYMENT STATUS_payment_status'

2020-03-20 10:20:16 - [TEST_STEP][PASSED] - sendKeys(findTestObject("ADMIN/Edit Text/Bespoke/Buyer Pages/Purchase Details/input_Bulk Delivery Discount_purchase-bulk-delivery-discount-txt"), "*"): Keys '*' sent to object: 'Object Repository/ADMIN/Edit Text/Bespoke/Buyer Pages/Purchase Details/input_Bulk Delivery Discount_purchase-bulk-delivery-discount-txt'

2020-03-20 10:20:17 - [MESSAGE][PASSED] - Keys '*' sent to object: 'Object Repository/ADMIN/Edit Text/Bespoke/Buyer Pages/Purchase Details/input_Bulk Delivery Discount_purchase-bulk-delivery-discount-txt'

2020-03-20 10:20:17 - [TEST_STEP][PASSED] - sendKeys(findTestObject("ADMIN/Edit Text/Bespoke/Buyer Pages/Purchase Details/input_ITEM_purchase-item-txt"), "*"): Keys '*' sent to object: 'Object Repository/ADMIN/Edit Text/Bespoke/Buyer Pages/Purchase Details/input_ITEM_purchase-item-txt'

2020-03-20 10:20:17 - [MESSAGE][PASSED] - Keys '*' sent to object: 'Object Repository/ADMIN/Edit Text/Bespoke/Buyer Pages/Purchase Details/input_ITEM_purchase-item-txt'

2020-03-20 10:20:17 - [TEST_STEP][PASSED] - sendKeys(findTestObject("ADMIN/Edit Text/Bespoke/Buyer Pages/Purchase Details/input_PRICE_purchase-price-txt"), "*"): Keys '*' sent to object: 'Object Repository/ADMIN/Edit Text/Bespoke/Buyer Pages/Purchase Details/input_PRICE_purchase-price-txt'

2020-03-20 10:20:17 - [MESSAGE][PASSED] - Keys '*' sent to object: 'Object Repository/ADMIN/Edit Text/Bespoke/Buyer Pages/Purchase Details/input_PRICE_purchase-price-txt'

2020-03-20 10:20:17 - [TEST_STEP][PASSED] - sendKeys(findTestObject("ADMIN/Edit Text/Bespoke/Buyer Pages/Purchase Details/input_QTY_purchase-qty-txt"), "*"): Keys '*' sent to object: 'Object Repository/ADMIN/Edit Text/Bespoke/Buyer Pages/Purchase Details/input_QTY_purchase-qty-txt'

2020-03-20 10:20:17 - [MESSAGE][PASSED] - Keys '*' sent to object: 'Object Repository/ADMIN/Edit Text/Bespoke/Buyer Pages/Purchase Details/input_QTY_purchase-qty-txt'

2020-03-20 10:20:17 - [TEST_STEP][PASSED] - sendKeys(findTestObject("ADMIN/Edit Text/Bespoke/Buyer Pages/Purchase Details/input_DELIVERY_purchase-delivery-txt (1)"), "*"): Keys '*' sent to object: 'Object Repository/ADMIN/Edit Text/Bespoke/Buyer Pages/Purchase Details/input_DELIVERY_purchase-delivery-txt (1)'

2020-03-20 10:20:17 - [MESSAGE][PASSED] - Keys '*' sent to object: 'Object Repository/ADMIN/Edit Text/Bespoke/Buyer Pages/Purchase Details/input_DELIVERY_purchase-delivery-txt (1)'

2020-03-20 10:20:17 - [TEST_STEP][PASSED] - sendKeys(findTestObject("ADMIN/Edit Text/Bespoke/Buyer Pages/Purchase Details/input_ORDER STATUS_purchase-orderstatus-txt"), "*"): Keys '*' sent to object: 'Object Repository/ADMIN/Edit Text/Bespoke/Buyer Pages/Purchase Details/input_ORDER STATUS_purchase-orderstatus-txt'

2020-03-20 10:20:17 - [MESSAGE][PASSED] - Keys '*' sent to object: 'Object Repository/ADMIN/Edit Text/Bespoke/Buyer Pages/Purchase Details/input_ORDER STATUS_purchase-orderstatus-txt'

2020-03-20 10:20:17 - [TEST_STEP][PASSED] - sendKeys(findTestObject("ADMIN/Edit Text/Bespoke/Buyer Pages/Purchase Details/input_REVIEWS_purchase-review-txt"), "*"): Keys '*' sent to object: 'Object Repository/ADMIN/Edit Text/Bespoke/Buyer Pages/Purchase Details/input_REVIEWS_purchase-review-txt'

2020-03-20 10:20:17 - [MESSAGE][PASSED] - Keys '*' sent to object: 'Object Repository/ADMIN/Edit Text/Bespoke/Buyer Pages/Purchase Details/input_REVIEWS_purchase-review-txt'

2020-03-20 10:20:17 - [TEST_STEP][PASSED] - sendKeys(findTestObject("ADMIN/Edit Text/Bespoke/Buyer Pages/Purchase Details/input_Sold By_sold-by"), "*"): Keys '*' sent to object: 'Object Repository/ADMIN/Edit Text/Bespoke/Buyer Pages/Purchase Details/input_Sold By_sold-by'

2020-03-20 10:20:17 - [MESSAGE][PASSED] - Keys '*' sent to object: 'Object Repository/ADMIN/Edit Text/Bespoke/Buyer Pages/Purchase Details/input_Sold By_sold-by'

2020-03-20 10:20:17 - [TEST_STEP][PASSED] - sendKeys(findTestObject("ADMIN/Edit Text/Bespoke/Buyer Pages/Purchase Details/input_Contact_Contact"), "*"): Keys '*' sent to object: 'Object Repository/ADMIN/Edit Text/Bespoke/Buyer Pages/Purchase Details/input_Contact_Contact'

2020-03-20 10:20:18 - [MESSAGE][PASSED] - Keys '*' sent to object: 'Object Repository/ADMIN/Edit Text/Bespoke/Buyer Pages/Purchase Details/input_Contact_Contact'

2020-03-20 10:20:18 - [TEST_STEP][PASSED] - sendKeys(findTestObject("ADMIN/Edit Text/Bespoke/Buyer Pages/Purchase Details/input_Delivery_Delivery"), "*"): Keys '*' sent to object: 'Object Repository/ADMIN/Edit Text/Bespoke/Buyer Pages/Purchase Details/input_Delivery_Delivery'

2020-03-20 10:20:18 - [MESSAGE][PASSED] - Keys '*' sent to object: 'Object Repository/ADMIN/Edit Text/Bespoke/Buyer Pages/Purchase Details/input_Delivery_Delivery'

2020-03-20 10:20:18 - [TEST_STEP][PASSED] - sendKeys(findTestObject("ADMIN/Edit Text/Bespoke/Buyer Pages/Purchase Details/input_Pickup_Pickup"), "*"): Keys '*' sent to object: 'Object Repository/ADMIN/Edit Text/Bespoke/Buyer Pages/Purchase Details/input_Pickup_Pickup'

2020-03-20 10:20:18 - [MESSAGE][PASSED] - Keys '*' sent to object: 'Object Repository/ADMIN/Edit Text/Bespoke/Buyer Pages/Purchase Details/input_Pickup_Pickup'

2020-03-20 10:20:18 - [TEST_STEP][PASSED] - sendKeys(findTestObject("ADMIN/Edit Text/Bespoke/Buyer Pages/Purchase Details/input_Leave a feedback_purchase-leave-feedback-txt"), "*"): Keys '*' sent to object: 'Object Repository/ADMIN/Edit Text/Bespoke/Buyer Pages/Purchase Details/input_Leave a feedback_purchase-leave-feedback-txt'

2020-03-20 10:20:18 - [MESSAGE][PASSED] - Keys '*' sent to object: 'Object Repository/ADMIN/Edit Text/Bespoke/Buyer Pages/Purchase Details/input_Leave a feedback_purchase-leave-feedback-txt'

2020-03-20 10:20:18 - [TEST_STEP][PASSED] - sendKeys(findTestObject("ADMIN/Edit Text/Bespoke/Buyer Pages/Purchase Details/input_Left feedback_purchase-left-feedback-txt"), "*"): Keys '*' sent to object: 'Object Repository/ADMIN/Edit Text/Bespoke/Buyer Pages/Purchase Details/input_Left feedback_purchase-left-feedback-txt'

2020-03-20 10:20:18 - [MESSAGE][PASSED] - Keys '*' sent to object: 'Object Repository/ADMIN/Edit Text/Bespoke/Buyer Pages/Purchase Details/input_Left feedback_purchase-left-feedback-txt'

2020-03-20 10:20:18 - [TEST_STEP][PASSED] - sendKeys(findTestObject("ADMIN/Edit Text/Bespoke/Buyer Pages/Purchase Details/input_BACK TO LIST_btn_back"), "*"): Keys '*' sent to object: 'Object Repository/ADMIN/Edit Text/Bespoke/Buyer Pages/Purchase Details/input_BACK TO LIST_btn_back'

2020-03-20 10:20:18 - [MESSAGE][PASSED] - Keys '*' sent to object: 'Object Repository/ADMIN/Edit Text/Bespoke/Buyer Pages/Purchase Details/input_BACK TO LIST_btn_back'

2020-03-20 10:20:18 - [TEST_STEP][PASSED] - sendKeys(findTestObject("ADMIN/Edit Text/Bespoke/Buyer Pages/Purchase Details/input_LEFT A FEEDBACK FOR_popup-title"), "*"): Keys '*' sent to object: 'Object Repository/ADMIN/Edit Text/Bespoke/Buyer Pages/Purchase Details/input_LEFT A FEEDBACK FOR_popup-title'

2020-03-20 10:20:19 - [MESSAGE][PASSED] - Keys '*' sent to object: 'Object Repository/ADMIN/Edit Text/Bespoke/Buyer Pages/Purchase Details/input_LEFT A FEEDBACK FOR_popup-title'

2020-03-20 10:20:19 - [TEST_STEP][PASSED] - sendKeys(findTestObject("ADMIN/Edit Text/Bespoke/Buyer Pages/Purchase Details/input_How much do you rate this item_popup-desc"), "*"): Keys '*' sent to object: 'Object Repository/ADMIN/Edit Text/Bespoke/Buyer Pages/Purchase Details/input_How much do you rate this item_popup-desc'

2020-03-20 10:20:19 - [MESSAGE][PASSED] - Keys '*' sent to object: 'Object Repository/ADMIN/Edit Text/Bespoke/Buyer Pages/Purchase Details/input_How much do you rate this item_popup-desc'

2020-03-20 10:20:19 - [TEST_STEP][PASSED] - sendKeys(findTestObject("ADMIN/Edit Text/Bespoke/Buyer Pages/Purchase Details/input_Leave a feedback_leave-feedback"), "*"): Keys '*' sent to object: 'Object Repository/ADMIN/Edit Text/Bespoke/Buyer Pages/Purchase Details/input_Leave a feedback_leave-feedback'

2020-03-20 10:20:19 - [MESSAGE][PASSED] - Keys '*' sent to object: 'Object Repository/ADMIN/Edit Text/Bespoke/Buyer Pages/Purchase Details/input_Leave a feedback_leave-feedback'

2020-03-20 10:20:19 - [TEST_STEP][PASSED] - sendKeys(findTestObject("ADMIN/Edit Text/Bespoke/Buyer Pages/Purchase Details/input_Excellent_excellent"), "*"): Keys '*' sent to object: 'Object Repository/ADMIN/Edit Text/Bespoke/Buyer Pages/Purchase Details/input_Excellent_excellent'

2020-03-20 10:20:19 - [MESSAGE][PASSED] - Keys '*' sent to object: 'Object Repository/ADMIN/Edit Text/Bespoke/Buyer Pages/Purchase Details/input_Excellent_excellent'

2020-03-20 10:20:19 - [TEST_STEP][PASSED] - sendKeys(findTestObject("ADMIN/Edit Text/Bespoke/Buyer Pages/Purchase Details/input_Great_great"), "*"): Keys '*' sent to object: 'Object Repository/ADMIN/Edit Text/Bespoke/Buyer Pages/Purchase Details/input_Great_great'

2020-03-20 10:20:19 - [MESSAGE][PASSED] - Keys '*' sent to object: 'Object Repository/ADMIN/Edit Text/Bespoke/Buyer Pages/Purchase Details/input_Great_great'

2020-03-20 10:20:19 - [TEST_STEP][PASSED] - sendKeys(findTestObject("ADMIN/Edit Text/Bespoke/Buyer Pages/Purchase Details/input_Good_good"), "*"): Keys '*' sent to object: 'Object Repository/ADMIN/Edit Text/Bespoke/Buyer Pages/Purchase Details/input_Good_good'

2020-03-20 10:20:19 - [MESSAGE][PASSED] - Keys '*' sent to object: 'Object Repository/ADMIN/Edit Text/Bespoke/Buyer Pages/Purchase Details/input_Good_good'

2020-03-20 10:20:19 - [TEST_STEP][PASSED] - sendKeys(findTestObject("ADMIN/Edit Text/Bespoke/Buyer Pages/Purchase Details/input_Okay_ok"), "*"): Keys '*' sent to object: 'Object Repository/ADMIN/Edit Text/Bespoke/Buyer Pages/Purchase Details/input_Okay_ok'

2020-03-20 10:20:19 - [MESSAGE][PASSED] - Keys '*' sent to object: 'Object Repository/ADMIN/Edit Text/Bespoke/Buyer Pages/Purchase Details/input_Okay_ok'

2020-03-20 10:20:19 - [TEST_STEP][PASSED] - sendKeys(findTestObject("ADMIN/Edit Text/Bespoke/Buyer Pages/Purchase Details/input_Unsatisfied_Unsatisfied"), "*"): Keys '*' sent to object: 'Object Repository/ADMIN/Edit Text/Bespoke/Buyer Pages/Purchase Details/input_Unsatisfied_Unsatisfied'

2020-03-20 10:20:19 - [MESSAGE][PASSED] - Keys '*' sent to object: 'Object Repository/ADMIN/Edit Text/Bespoke/Buyer Pages/Purchase Details/input_Unsatisfied_Unsatisfied'

2020-03-20 10:20:19 - [TEST_STEP][PASSED] - sendKeys(findTestObject("ADMIN/Edit Text/Bespoke/Buyer Pages/Purchase Details/input_SUBMIT_btn_okay"), "*"): Keys '*' sent to object: 'Object Repository/ADMIN/Edit Text/Bespoke/Buyer Pages/Purchase Details/input_SUBMIT_btn_okay'

2020-03-20 10:20:20 - [MESSAGE][PASSED] - Keys '*' sent to object: 'Object Repository/ADMIN/Edit Text/Bespoke/Buyer Pages/Purchase Details/input_SUBMIT_btn_okay'

2020-03-20 10:20:20 - [TEST_STEP][PASSED] - click(findTestObject("ADMIN/Edit Text/Bespoke/Buyer Pages/Homepage/button_save"), CONTINUE_ON_FAILURE): Object: 'Object Repository/ADMIN/Edit Text/Bespoke/Buyer Pages/Homepage/button_save' is clicked on

2020-03-20 10:20:20 - [MESSAGE][PASSED] - Object: 'Object Repository/ADMIN/Edit Text/Bespoke/Buyer Pages/Homepage/button_save' is clicked on

2020-03-20 10:20:20 - [TEST_STEP][PASSED] - waitForElementVisible(findTestObject("ADMIN/Edit Text/Bespoke/Buyer Pages/Homepage/toaster_success"), 0): Object 'Object Repository/ADMIN/Edit Text/Bespoke/Buyer Pages/Homepage/toaster_success' is visible

2020-03-20 10:20:20 - [MESSAGE][WARNING] - Timeout '0' is invalid. Using default page load timeout: '30'

2020-03-20 10:20:21 - [MESSAGE][PASSED] - Object 'Object Repository/ADMIN/Edit Text/Bespoke/Buyer Pages/Homepage/toaster_success' is visible]]></system-out>
         <system-err><![CDATA[]]></system-err>
      </testcase>
      <testcase name="Test Cases/ADMIN/Language/Edit Text/Bespoke/Buyer Pages/Purchase Details" time="6.953" classname="Test Cases/ADMIN/Language/Edit Text/Bespoke/Buyer Pages/Purchase Details" status="PASSED">
         <system-out><![CDATA[2020-03-20 10:20:21 - [TEST_CASE][PASSED] - Test Cases/ADMIN/Language/Edit Text/Bespoke/Buyer Pages/Purchase Details: Test Cases/ADMIN/Language/Edit Text/Bespoke/Buyer Pages/Purchase Details

2020-03-20 10:20:21 - [TEST_STEP][PASSED] - waitForElementVisible(findTestObject("ADMIN/Edit Text/Bespoke/Buyer Navigation/dd_language"), 0): Object 'Object Repository/ADMIN/Edit Text/Bespoke/Buyer Navigation/dd_language' is visible

2020-03-20 10:20:21 - [MESSAGE][WARNING] - Timeout '0' is invalid. Using default page load timeout: '30'

2020-03-20 10:20:21 - [MESSAGE][PASSED] - Object 'Object Repository/ADMIN/Edit Text/Bespoke/Buyer Navigation/dd_language' is visible

2020-03-20 10:20:21 - [TEST_STEP][PASSED] - selectOptionByLabel(findTestObject("ADMIN/Edit Text/Bespoke/Buyer Navigation/dd_language"), varLanguage, false): All options with label 'Chinese (Traditional)' are selected in object 'Object Repository/ADMIN/Edit Text/Bespoke/Buyer Navigation/dd_language' 

2020-03-20 10:20:22 - [MESSAGE][PASSED] - All options with label 'Chinese (Traditional)' are selected in object 'Object Repository/ADMIN/Edit Text/Bespoke/Buyer Navigation/dd_language' 

2020-03-20 10:20:22 - [TEST_STEP][PASSED] - sendKeys(findTestObject("ADMIN/Edit Text/Bespoke/Buyer Pages/Purchase Details/input_INVOICE ID_purchase-invoice-id"), "*"): Keys '*' sent to object: 'Object Repository/ADMIN/Edit Text/Bespoke/Buyer Pages/Purchase Details/input_INVOICE ID_purchase-invoice-id'

2020-03-20 10:20:23 - [MESSAGE][PASSED] - Keys '*' sent to object: 'Object Repository/ADMIN/Edit Text/Bespoke/Buyer Pages/Purchase Details/input_INVOICE ID_purchase-invoice-id'

2020-03-20 10:20:23 - [TEST_STEP][PASSED] - sendKeys(findTestObject("ADMIN/Edit Text/Bespoke/Buyer Pages/Purchase Details/input_TIMESTAMP_purchase-timestamp"), "*"): Keys '*' sent to object: 'Object Repository/ADMIN/Edit Text/Bespoke/Buyer Pages/Purchase Details/input_TIMESTAMP_purchase-timestamp'

2020-03-20 10:20:23 - [MESSAGE][PASSED] - Keys '*' sent to object: 'Object Repository/ADMIN/Edit Text/Bespoke/Buyer Pages/Purchase Details/input_TIMESTAMP_purchase-timestamp'

2020-03-20 10:20:23 - [TEST_STEP][PASSED] - sendKeys(findTestObject("ADMIN/Edit Text/Bespoke/Buyer Pages/Purchase Details/input_DELIVERY ADDRESS_purchase-delivery"), "*"): Keys '*' sent to object: 'Object Repository/ADMIN/Edit Text/Bespoke/Buyer Pages/Purchase Details/input_DELIVERY ADDRESS_purchase-delivery'

2020-03-20 10:20:24 - [MESSAGE][PASSED] - Keys '*' sent to object: 'Object Repository/ADMIN/Edit Text/Bespoke/Buyer Pages/Purchase Details/input_DELIVERY ADDRESS_purchase-delivery'

2020-03-20 10:20:24 - [TEST_STEP][PASSED] - sendKeys(findTestObject("ADMIN/Edit Text/Bespoke/Buyer Pages/Purchase Details/input_TRANSACTION TOTAL_purchase-transaction-total"), "*"): Keys '*' sent to object: 'Object Repository/ADMIN/Edit Text/Bespoke/Buyer Pages/Purchase Details/input_TRANSACTION TOTAL_purchase-transaction-total'

2020-03-20 10:20:24 - [MESSAGE][PASSED] - Keys '*' sent to object: 'Object Repository/ADMIN/Edit Text/Bespoke/Buyer Pages/Purchase Details/input_TRANSACTION TOTAL_purchase-transaction-total'

2020-03-20 10:20:24 - [TEST_STEP][PASSED] - sendKeys(findTestObject("ADMIN/Edit Text/Bespoke/Buyer Pages/Purchase Details/input_Subtotal_purchase-subtotal-txt"), "*"): Keys '*' sent to object: 'Object Repository/ADMIN/Edit Text/Bespoke/Buyer Pages/Purchase Details/input_Subtotal_purchase-subtotal-txt'

2020-03-20 10:20:24 - [MESSAGE][PASSED] - Keys '*' sent to object: 'Object Repository/ADMIN/Edit Text/Bespoke/Buyer Pages/Purchase Details/input_Subtotal_purchase-subtotal-txt'

2020-03-20 10:20:24 - [TEST_STEP][PASSED] - sendKeys(findTestObject("ADMIN/Edit Text/Bespoke/Buyer Pages/Purchase Details/input_PAYMENT METHOD_payment_method"), "*"): Keys '*' sent to object: 'Object Repository/ADMIN/Edit Text/Bespoke/Buyer Pages/Purchase Details/input_PAYMENT METHOD_payment_method'

2020-03-20 10:20:24 - [MESSAGE][PASSED] - Keys '*' sent to object: 'Object Repository/ADMIN/Edit Text/Bespoke/Buyer Pages/Purchase Details/input_PAYMENT METHOD_payment_method'

2020-03-20 10:20:24 - [TEST_STEP][PASSED] - sendKeys(findTestObject("ADMIN/Edit Text/Bespoke/Buyer Pages/Purchase Details/input_Delivery_purchase-delivery-txt"), "*"): Keys '*' sent to object: 'Object Repository/ADMIN/Edit Text/Bespoke/Buyer Pages/Purchase Details/input_Delivery_purchase-delivery-txt'

2020-03-20 10:20:24 - [MESSAGE][PASSED] - Keys '*' sent to object: 'Object Repository/ADMIN/Edit Text/Bespoke/Buyer Pages/Purchase Details/input_Delivery_purchase-delivery-txt'

2020-03-20 10:20:24 - [TEST_STEP][PASSED] - sendKeys(findTestObject("ADMIN/Edit Text/Bespoke/Buyer Pages/Purchase Details/input_PAYMENT STATUS_payment_status"), "*"): Keys '*' sent to object: 'Object Repository/ADMIN/Edit Text/Bespoke/Buyer Pages/Purchase Details/input_PAYMENT STATUS_payment_status'

2020-03-20 10:20:24 - [MESSAGE][PASSED] - Keys '*' sent to object: 'Object Repository/ADMIN/Edit Text/Bespoke/Buyer Pages/Purchase Details/input_PAYMENT STATUS_payment_status'

2020-03-20 10:20:24 - [TEST_STEP][PASSED] - sendKeys(findTestObject("ADMIN/Edit Text/Bespoke/Buyer Pages/Purchase Details/input_Bulk Delivery Discount_purchase-bulk-delivery-discount-txt"), "*"): Keys '*' sent to object: 'Object Repository/ADMIN/Edit Text/Bespoke/Buyer Pages/Purchase Details/input_Bulk Delivery Discount_purchase-bulk-delivery-discount-txt'

2020-03-20 10:20:24 - [MESSAGE][PASSED] - Keys '*' sent to object: 'Object Repository/ADMIN/Edit Text/Bespoke/Buyer Pages/Purchase Details/input_Bulk Delivery Discount_purchase-bulk-delivery-discount-txt'

2020-03-20 10:20:24 - [TEST_STEP][PASSED] - sendKeys(findTestObject("ADMIN/Edit Text/Bespoke/Buyer Pages/Purchase Details/input_ITEM_purchase-item-txt"), "*"): Keys '*' sent to object: 'Object Repository/ADMIN/Edit Text/Bespoke/Buyer Pages/Purchase Details/input_ITEM_purchase-item-txt'

2020-03-20 10:20:24 - [MESSAGE][PASSED] - Keys '*' sent to object: 'Object Repository/ADMIN/Edit Text/Bespoke/Buyer Pages/Purchase Details/input_ITEM_purchase-item-txt'

2020-03-20 10:20:24 - [TEST_STEP][PASSED] - sendKeys(findTestObject("ADMIN/Edit Text/Bespoke/Buyer Pages/Purchase Details/input_PRICE_purchase-price-txt"), "*"): Keys '*' sent to object: 'Object Repository/ADMIN/Edit Text/Bespoke/Buyer Pages/Purchase Details/input_PRICE_purchase-price-txt'

2020-03-20 10:20:25 - [MESSAGE][PASSED] - Keys '*' sent to object: 'Object Repository/ADMIN/Edit Text/Bespoke/Buyer Pages/Purchase Details/input_PRICE_purchase-price-txt'

2020-03-20 10:20:25 - [TEST_STEP][PASSED] - sendKeys(findTestObject("ADMIN/Edit Text/Bespoke/Buyer Pages/Purchase Details/input_QTY_purchase-qty-txt"), "*"): Keys '*' sent to object: 'Object Repository/ADMIN/Edit Text/Bespoke/Buyer Pages/Purchase Details/input_QTY_purchase-qty-txt'

2020-03-20 10:20:25 - [MESSAGE][PASSED] - Keys '*' sent to object: 'Object Repository/ADMIN/Edit Text/Bespoke/Buyer Pages/Purchase Details/input_QTY_purchase-qty-txt'

2020-03-20 10:20:25 - [TEST_STEP][PASSED] - sendKeys(findTestObject("ADMIN/Edit Text/Bespoke/Buyer Pages/Purchase Details/input_DELIVERY_purchase-delivery-txt (1)"), "*"): Keys '*' sent to object: 'Object Repository/ADMIN/Edit Text/Bespoke/Buyer Pages/Purchase Details/input_DELIVERY_purchase-delivery-txt (1)'

2020-03-20 10:20:25 - [MESSAGE][PASSED] - Keys '*' sent to object: 'Object Repository/ADMIN/Edit Text/Bespoke/Buyer Pages/Purchase Details/input_DELIVERY_purchase-delivery-txt (1)'

2020-03-20 10:20:25 - [TEST_STEP][PASSED] - sendKeys(findTestObject("ADMIN/Edit Text/Bespoke/Buyer Pages/Purchase Details/input_ORDER STATUS_purchase-orderstatus-txt"), "*"): Keys '*' sent to object: 'Object Repository/ADMIN/Edit Text/Bespoke/Buyer Pages/Purchase Details/input_ORDER STATUS_purchase-orderstatus-txt'

2020-03-20 10:20:25 - [MESSAGE][PASSED] - Keys '*' sent to object: 'Object Repository/ADMIN/Edit Text/Bespoke/Buyer Pages/Purchase Details/input_ORDER STATUS_purchase-orderstatus-txt'

2020-03-20 10:20:25 - [TEST_STEP][PASSED] - sendKeys(findTestObject("ADMIN/Edit Text/Bespoke/Buyer Pages/Purchase Details/input_REVIEWS_purchase-review-txt"), "*"): Keys '*' sent to object: 'Object Repository/ADMIN/Edit Text/Bespoke/Buyer Pages/Purchase Details/input_REVIEWS_purchase-review-txt'

2020-03-20 10:20:25 - [MESSAGE][PASSED] - Keys '*' sent to object: 'Object Repository/ADMIN/Edit Text/Bespoke/Buyer Pages/Purchase Details/input_REVIEWS_purchase-review-txt'

2020-03-20 10:20:25 - [TEST_STEP][PASSED] - sendKeys(findTestObject("ADMIN/Edit Text/Bespoke/Buyer Pages/Purchase Details/input_Sold By_sold-by"), "*"): Keys '*' sent to object: 'Object Repository/ADMIN/Edit Text/Bespoke/Buyer Pages/Purchase Details/input_Sold By_sold-by'

2020-03-20 10:20:25 - [MESSAGE][PASSED] - Keys '*' sent to object: 'Object Repository/ADMIN/Edit Text/Bespoke/Buyer Pages/Purchase Details/input_Sold By_sold-by'

2020-03-20 10:20:25 - [TEST_STEP][PASSED] - sendKeys(findTestObject("ADMIN/Edit Text/Bespoke/Buyer Pages/Purchase Details/input_Contact_Contact"), "*"): Keys '*' sent to object: 'Object Repository/ADMIN/Edit Text/Bespoke/Buyer Pages/Purchase Details/input_Contact_Contact'

2020-03-20 10:20:25 - [MESSAGE][PASSED] - Keys '*' sent to object: 'Object Repository/ADMIN/Edit Text/Bespoke/Buyer Pages/Purchase Details/input_Contact_Contact'

2020-03-20 10:20:25 - [TEST_STEP][PASSED] - sendKeys(findTestObject("ADMIN/Edit Text/Bespoke/Buyer Pages/Purchase Details/input_Delivery_Delivery"), "*"): Keys '*' sent to object: 'Object Repository/ADMIN/Edit Text/Bespoke/Buyer Pages/Purchase Details/input_Delivery_Delivery'

2020-03-20 10:20:25 - [MESSAGE][PASSED] - Keys '*' sent to object: 'Object Repository/ADMIN/Edit Text/Bespoke/Buyer Pages/Purchase Details/input_Delivery_Delivery'

2020-03-20 10:20:25 - [TEST_STEP][PASSED] - sendKeys(findTestObject("ADMIN/Edit Text/Bespoke/Buyer Pages/Purchase Details/input_Pickup_Pickup"), "*"): Keys '*' sent to object: 'Object Repository/ADMIN/Edit Text/Bespoke/Buyer Pages/Purchase Details/input_Pickup_Pickup'

2020-03-20 10:20:26 - [MESSAGE][PASSED] - Keys '*' sent to object: 'Object Repository/ADMIN/Edit Text/Bespoke/Buyer Pages/Purchase Details/input_Pickup_Pickup'

2020-03-20 10:20:26 - [TEST_STEP][PASSED] - sendKeys(findTestObject("ADMIN/Edit Text/Bespoke/Buyer Pages/Purchase Details/input_Leave a feedback_purchase-leave-feedback-txt"), "*"): Keys '*' sent to object: 'Object Repository/ADMIN/Edit Text/Bespoke/Buyer Pages/Purchase Details/input_Leave a feedback_purchase-leave-feedback-txt'

2020-03-20 10:20:26 - [MESSAGE][PASSED] - Keys '*' sent to object: 'Object Repository/ADMIN/Edit Text/Bespoke/Buyer Pages/Purchase Details/input_Leave a feedback_purchase-leave-feedback-txt'

2020-03-20 10:20:26 - [TEST_STEP][PASSED] - sendKeys(findTestObject("ADMIN/Edit Text/Bespoke/Buyer Pages/Purchase Details/input_Left feedback_purchase-left-feedback-txt"), "*"): Keys '*' sent to object: 'Object Repository/ADMIN/Edit Text/Bespoke/Buyer Pages/Purchase Details/input_Left feedback_purchase-left-feedback-txt'

2020-03-20 10:20:26 - [MESSAGE][PASSED] - Keys '*' sent to object: 'Object Repository/ADMIN/Edit Text/Bespoke/Buyer Pages/Purchase Details/input_Left feedback_purchase-left-feedback-txt'

2020-03-20 10:20:26 - [TEST_STEP][PASSED] - sendKeys(findTestObject("ADMIN/Edit Text/Bespoke/Buyer Pages/Purchase Details/input_BACK TO LIST_btn_back"), "*"): Keys '*' sent to object: 'Object Repository/ADMIN/Edit Text/Bespoke/Buyer Pages/Purchase Details/input_BACK TO LIST_btn_back'

2020-03-20 10:20:26 - [MESSAGE][PASSED] - Keys '*' sent to object: 'Object Repository/ADMIN/Edit Text/Bespoke/Buyer Pages/Purchase Details/input_BACK TO LIST_btn_back'

2020-03-20 10:20:26 - [TEST_STEP][PASSED] - sendKeys(findTestObject("ADMIN/Edit Text/Bespoke/Buyer Pages/Purchase Details/input_LEFT A FEEDBACK FOR_popup-title"), "*"): Keys '*' sent to object: 'Object Repository/ADMIN/Edit Text/Bespoke/Buyer Pages/Purchase Details/input_LEFT A FEEDBACK FOR_popup-title'

2020-03-20 10:20:26 - [MESSAGE][PASSED] - Keys '*' sent to object: 'Object Repository/ADMIN/Edit Text/Bespoke/Buyer Pages/Purchase Details/input_LEFT A FEEDBACK FOR_popup-title'

2020-03-20 10:20:26 - [TEST_STEP][PASSED] - sendKeys(findTestObject("ADMIN/Edit Text/Bespoke/Buyer Pages/Purchase Details/input_How much do you rate this item_popup-desc"), "*"): Keys '*' sent to object: 'Object Repository/ADMIN/Edit Text/Bespoke/Buyer Pages/Purchase Details/input_How much do you rate this item_popup-desc'

2020-03-20 10:20:26 - [MESSAGE][PASSED] - Keys '*' sent to object: 'Object Repository/ADMIN/Edit Text/Bespoke/Buyer Pages/Purchase Details/input_How much do you rate this item_popup-desc'

2020-03-20 10:20:26 - [TEST_STEP][PASSED] - sendKeys(findTestObject("ADMIN/Edit Text/Bespoke/Buyer Pages/Purchase Details/input_Leave a feedback_leave-feedback"), "*"): Keys '*' sent to object: 'Object Repository/ADMIN/Edit Text/Bespoke/Buyer Pages/Purchase Details/input_Leave a feedback_leave-feedback'

2020-03-20 10:20:26 - [MESSAGE][PASSED] - Keys '*' sent to object: 'Object Repository/ADMIN/Edit Text/Bespoke/Buyer Pages/Purchase Details/input_Leave a feedback_leave-feedback'

2020-03-20 10:20:26 - [TEST_STEP][PASSED] - sendKeys(findTestObject("ADMIN/Edit Text/Bespoke/Buyer Pages/Purchase Details/input_Excellent_excellent"), "*"): Keys '*' sent to object: 'Object Repository/ADMIN/Edit Text/Bespoke/Buyer Pages/Purchase Details/input_Excellent_excellent'

2020-03-20 10:20:26 - [MESSAGE][PASSED] - Keys '*' sent to object: 'Object Repository/ADMIN/Edit Text/Bespoke/Buyer Pages/Purchase Details/input_Excellent_excellent'

2020-03-20 10:20:26 - [TEST_STEP][PASSED] - sendKeys(findTestObject("ADMIN/Edit Text/Bespoke/Buyer Pages/Purchase Details/input_Great_great"), "*"): Keys '*' sent to object: 'Object Repository/ADMIN/Edit Text/Bespoke/Buyer Pages/Purchase Details/input_Great_great'

2020-03-20 10:20:26 - [MESSAGE][PASSED] - Keys '*' sent to object: 'Object Repository/ADMIN/Edit Text/Bespoke/Buyer Pages/Purchase Details/input_Great_great'

2020-03-20 10:20:26 - [TEST_STEP][PASSED] - sendKeys(findTestObject("ADMIN/Edit Text/Bespoke/Buyer Pages/Purchase Details/input_Good_good"), "*"): Keys '*' sent to object: 'Object Repository/ADMIN/Edit Text/Bespoke/Buyer Pages/Purchase Details/input_Good_good'

2020-03-20 10:20:27 - [MESSAGE][PASSED] - Keys '*' sent to object: 'Object Repository/ADMIN/Edit Text/Bespoke/Buyer Pages/Purchase Details/input_Good_good'

2020-03-20 10:20:27 - [TEST_STEP][PASSED] - sendKeys(findTestObject("ADMIN/Edit Text/Bespoke/Buyer Pages/Purchase Details/input_Okay_ok"), "*"): Keys '*' sent to object: 'Object Repository/ADMIN/Edit Text/Bespoke/Buyer Pages/Purchase Details/input_Okay_ok'

2020-03-20 10:20:27 - [MESSAGE][PASSED] - Keys '*' sent to object: 'Object Repository/ADMIN/Edit Text/Bespoke/Buyer Pages/Purchase Details/input_Okay_ok'

2020-03-20 10:20:27 - [TEST_STEP][PASSED] - sendKeys(findTestObject("ADMIN/Edit Text/Bespoke/Buyer Pages/Purchase Details/input_Unsatisfied_Unsatisfied"), "*"): Keys '*' sent to object: 'Object Repository/ADMIN/Edit Text/Bespoke/Buyer Pages/Purchase Details/input_Unsatisfied_Unsatisfied'

2020-03-20 10:20:27 - [MESSAGE][PASSED] - Keys '*' sent to object: 'Object Repository/ADMIN/Edit Text/Bespoke/Buyer Pages/Purchase Details/input_Unsatisfied_Unsatisfied'

2020-03-20 10:20:27 - [TEST_STEP][PASSED] - sendKeys(findTestObject("ADMIN/Edit Text/Bespoke/Buyer Pages/Purchase Details/input_SUBMIT_btn_okay"), "*"): Keys '*' sent to object: 'Object Repository/ADMIN/Edit Text/Bespoke/Buyer Pages/Purchase Details/input_SUBMIT_btn_okay'

2020-03-20 10:20:27 - [MESSAGE][PASSED] - Keys '*' sent to object: 'Object Repository/ADMIN/Edit Text/Bespoke/Buyer Pages/Purchase Details/input_SUBMIT_btn_okay'

2020-03-20 10:20:27 - [TEST_STEP][PASSED] - click(findTestObject("ADMIN/Edit Text/Bespoke/Buyer Pages/Homepage/button_save"), CONTINUE_ON_FAILURE): Object: 'Object Repository/ADMIN/Edit Text/Bespoke/Buyer Pages/Homepage/button_save' is clicked on

2020-03-20 10:20:27 - [MESSAGE][PASSED] - Object: 'Object Repository/ADMIN/Edit Text/Bespoke/Buyer Pages/Homepage/button_save' is clicked on

2020-03-20 10:20:27 - [TEST_STEP][PASSED] - waitForElementVisible(findTestObject("ADMIN/Edit Text/Bespoke/Buyer Pages/Homepage/toaster_success"), 0): Object 'Object Repository/ADMIN/Edit Text/Bespoke/Buyer Pages/Homepage/toaster_success' is visible

2020-03-20 10:20:27 - [MESSAGE][WARNING] - Timeout '0' is invalid. Using default page load timeout: '30'

2020-03-20 10:20:28 - [MESSAGE][PASSED] - Object 'Object Repository/ADMIN/Edit Text/Bespoke/Buyer Pages/Homepage/toaster_success' is visible]]></system-out>
         <system-err><![CDATA[]]></system-err>
      </testcase>
      <testcase name="Test Cases/ADMIN/Language/Edit Text/Bespoke/Buyer Pages/Purchase Details" time="7.954" classname="Test Cases/ADMIN/Language/Edit Text/Bespoke/Buyer Pages/Purchase Details" status="PASSED">
         <system-out><![CDATA[2020-03-20 10:20:28 - [TEST_CASE][PASSED] - Test Cases/ADMIN/Language/Edit Text/Bespoke/Buyer Pages/Purchase Details: Test Cases/ADMIN/Language/Edit Text/Bespoke/Buyer Pages/Purchase Details

2020-03-20 10:20:28 - [TEST_STEP][PASSED] - waitForElementVisible(findTestObject("ADMIN/Edit Text/Bespoke/Buyer Navigation/dd_language"), 0): Object 'Object Repository/ADMIN/Edit Text/Bespoke/Buyer Navigation/dd_language' is visible

2020-03-20 10:20:28 - [MESSAGE][WARNING] - Timeout '0' is invalid. Using default page load timeout: '30'

2020-03-20 10:20:28 - [MESSAGE][PASSED] - Object 'Object Repository/ADMIN/Edit Text/Bespoke/Buyer Navigation/dd_language' is visible

2020-03-20 10:20:28 - [TEST_STEP][PASSED] - selectOptionByLabel(findTestObject("ADMIN/Edit Text/Bespoke/Buyer Navigation/dd_language"), varLanguage, false): All options with label 'Portuguese' are selected in object 'Object Repository/ADMIN/Edit Text/Bespoke/Buyer Navigation/dd_language' 

2020-03-20 10:20:30 - [MESSAGE][PASSED] - All options with label 'Portuguese' are selected in object 'Object Repository/ADMIN/Edit Text/Bespoke/Buyer Navigation/dd_language' 

2020-03-20 10:20:30 - [TEST_STEP][PASSED] - sendKeys(findTestObject("ADMIN/Edit Text/Bespoke/Buyer Pages/Purchase Details/input_INVOICE ID_purchase-invoice-id"), "*"): Keys '*' sent to object: 'Object Repository/ADMIN/Edit Text/Bespoke/Buyer Pages/Purchase Details/input_INVOICE ID_purchase-invoice-id'

2020-03-20 10:20:30 - [MESSAGE][PASSED] - Keys '*' sent to object: 'Object Repository/ADMIN/Edit Text/Bespoke/Buyer Pages/Purchase Details/input_INVOICE ID_purchase-invoice-id'

2020-03-20 10:20:30 - [TEST_STEP][PASSED] - sendKeys(findTestObject("ADMIN/Edit Text/Bespoke/Buyer Pages/Purchase Details/input_TIMESTAMP_purchase-timestamp"), "*"): Keys '*' sent to object: 'Object Repository/ADMIN/Edit Text/Bespoke/Buyer Pages/Purchase Details/input_TIMESTAMP_purchase-timestamp'

2020-03-20 10:20:31 - [MESSAGE][PASSED] - Keys '*' sent to object: 'Object Repository/ADMIN/Edit Text/Bespoke/Buyer Pages/Purchase Details/input_TIMESTAMP_purchase-timestamp'

2020-03-20 10:20:31 - [TEST_STEP][PASSED] - sendKeys(findTestObject("ADMIN/Edit Text/Bespoke/Buyer Pages/Purchase Details/input_DELIVERY ADDRESS_purchase-delivery"), "*"): Keys '*' sent to object: 'Object Repository/ADMIN/Edit Text/Bespoke/Buyer Pages/Purchase Details/input_DELIVERY ADDRESS_purchase-delivery'

2020-03-20 10:20:31 - [MESSAGE][PASSED] - Keys '*' sent to object: 'Object Repository/ADMIN/Edit Text/Bespoke/Buyer Pages/Purchase Details/input_DELIVERY ADDRESS_purchase-delivery'

2020-03-20 10:20:31 - [TEST_STEP][PASSED] - sendKeys(findTestObject("ADMIN/Edit Text/Bespoke/Buyer Pages/Purchase Details/input_TRANSACTION TOTAL_purchase-transaction-total"), "*"): Keys '*' sent to object: 'Object Repository/ADMIN/Edit Text/Bespoke/Buyer Pages/Purchase Details/input_TRANSACTION TOTAL_purchase-transaction-total'

2020-03-20 10:20:31 - [MESSAGE][PASSED] - Keys '*' sent to object: 'Object Repository/ADMIN/Edit Text/Bespoke/Buyer Pages/Purchase Details/input_TRANSACTION TOTAL_purchase-transaction-total'

2020-03-20 10:20:31 - [TEST_STEP][PASSED] - sendKeys(findTestObject("ADMIN/Edit Text/Bespoke/Buyer Pages/Purchase Details/input_Subtotal_purchase-subtotal-txt"), "*"): Keys '*' sent to object: 'Object Repository/ADMIN/Edit Text/Bespoke/Buyer Pages/Purchase Details/input_Subtotal_purchase-subtotal-txt'

2020-03-20 10:20:31 - [MESSAGE][PASSED] - Keys '*' sent to object: 'Object Repository/ADMIN/Edit Text/Bespoke/Buyer Pages/Purchase Details/input_Subtotal_purchase-subtotal-txt'

2020-03-20 10:20:31 - [TEST_STEP][PASSED] - sendKeys(findTestObject("ADMIN/Edit Text/Bespoke/Buyer Pages/Purchase Details/input_PAYMENT METHOD_payment_method"), "*"): Keys '*' sent to object: 'Object Repository/ADMIN/Edit Text/Bespoke/Buyer Pages/Purchase Details/input_PAYMENT METHOD_payment_method'

2020-03-20 10:20:31 - [MESSAGE][PASSED] - Keys '*' sent to object: 'Object Repository/ADMIN/Edit Text/Bespoke/Buyer Pages/Purchase Details/input_PAYMENT METHOD_payment_method'

2020-03-20 10:20:31 - [TEST_STEP][PASSED] - sendKeys(findTestObject("ADMIN/Edit Text/Bespoke/Buyer Pages/Purchase Details/input_Delivery_purchase-delivery-txt"), "*"): Keys '*' sent to object: 'Object Repository/ADMIN/Edit Text/Bespoke/Buyer Pages/Purchase Details/input_Delivery_purchase-delivery-txt'

2020-03-20 10:20:32 - [MESSAGE][PASSED] - Keys '*' sent to object: 'Object Repository/ADMIN/Edit Text/Bespoke/Buyer Pages/Purchase Details/input_Delivery_purchase-delivery-txt'

2020-03-20 10:20:32 - [TEST_STEP][PASSED] - sendKeys(findTestObject("ADMIN/Edit Text/Bespoke/Buyer Pages/Purchase Details/input_PAYMENT STATUS_payment_status"), "*"): Keys '*' sent to object: 'Object Repository/ADMIN/Edit Text/Bespoke/Buyer Pages/Purchase Details/input_PAYMENT STATUS_payment_status'

2020-03-20 10:20:32 - [MESSAGE][PASSED] - Keys '*' sent to object: 'Object Repository/ADMIN/Edit Text/Bespoke/Buyer Pages/Purchase Details/input_PAYMENT STATUS_payment_status'

2020-03-20 10:20:32 - [TEST_STEP][PASSED] - sendKeys(findTestObject("ADMIN/Edit Text/Bespoke/Buyer Pages/Purchase Details/input_Bulk Delivery Discount_purchase-bulk-delivery-discount-txt"), "*"): Keys '*' sent to object: 'Object Repository/ADMIN/Edit Text/Bespoke/Buyer Pages/Purchase Details/input_Bulk Delivery Discount_purchase-bulk-delivery-discount-txt'

2020-03-20 10:20:32 - [MESSAGE][PASSED] - Keys '*' sent to object: 'Object Repository/ADMIN/Edit Text/Bespoke/Buyer Pages/Purchase Details/input_Bulk Delivery Discount_purchase-bulk-delivery-discount-txt'

2020-03-20 10:20:32 - [TEST_STEP][PASSED] - sendKeys(findTestObject("ADMIN/Edit Text/Bespoke/Buyer Pages/Purchase Details/input_ITEM_purchase-item-txt"), "*"): Keys '*' sent to object: 'Object Repository/ADMIN/Edit Text/Bespoke/Buyer Pages/Purchase Details/input_ITEM_purchase-item-txt'

2020-03-20 10:20:32 - [MESSAGE][PASSED] - Keys '*' sent to object: 'Object Repository/ADMIN/Edit Text/Bespoke/Buyer Pages/Purchase Details/input_ITEM_purchase-item-txt'

2020-03-20 10:20:32 - [TEST_STEP][PASSED] - sendKeys(findTestObject("ADMIN/Edit Text/Bespoke/Buyer Pages/Purchase Details/input_PRICE_purchase-price-txt"), "*"): Keys '*' sent to object: 'Object Repository/ADMIN/Edit Text/Bespoke/Buyer Pages/Purchase Details/input_PRICE_purchase-price-txt'

2020-03-20 10:20:32 - [MESSAGE][PASSED] - Keys '*' sent to object: 'Object Repository/ADMIN/Edit Text/Bespoke/Buyer Pages/Purchase Details/input_PRICE_purchase-price-txt'

2020-03-20 10:20:32 - [TEST_STEP][PASSED] - sendKeys(findTestObject("ADMIN/Edit Text/Bespoke/Buyer Pages/Purchase Details/input_QTY_purchase-qty-txt"), "*"): Keys '*' sent to object: 'Object Repository/ADMIN/Edit Text/Bespoke/Buyer Pages/Purchase Details/input_QTY_purchase-qty-txt'

2020-03-20 10:20:32 - [MESSAGE][PASSED] - Keys '*' sent to object: 'Object Repository/ADMIN/Edit Text/Bespoke/Buyer Pages/Purchase Details/input_QTY_purchase-qty-txt'

2020-03-20 10:20:32 - [TEST_STEP][PASSED] - sendKeys(findTestObject("ADMIN/Edit Text/Bespoke/Buyer Pages/Purchase Details/input_DELIVERY_purchase-delivery-txt (1)"), "*"): Keys '*' sent to object: 'Object Repository/ADMIN/Edit Text/Bespoke/Buyer Pages/Purchase Details/input_DELIVERY_purchase-delivery-txt (1)'

2020-03-20 10:20:32 - [MESSAGE][PASSED] - Keys '*' sent to object: 'Object Repository/ADMIN/Edit Text/Bespoke/Buyer Pages/Purchase Details/input_DELIVERY_purchase-delivery-txt (1)'

2020-03-20 10:20:32 - [TEST_STEP][PASSED] - sendKeys(findTestObject("ADMIN/Edit Text/Bespoke/Buyer Pages/Purchase Details/input_ORDER STATUS_purchase-orderstatus-txt"), "*"): Keys '*' sent to object: 'Object Repository/ADMIN/Edit Text/Bespoke/Buyer Pages/Purchase Details/input_ORDER STATUS_purchase-orderstatus-txt'

2020-03-20 10:20:33 - [MESSAGE][PASSED] - Keys '*' sent to object: 'Object Repository/ADMIN/Edit Text/Bespoke/Buyer Pages/Purchase Details/input_ORDER STATUS_purchase-orderstatus-txt'

2020-03-20 10:20:33 - [TEST_STEP][PASSED] - sendKeys(findTestObject("ADMIN/Edit Text/Bespoke/Buyer Pages/Purchase Details/input_REVIEWS_purchase-review-txt"), "*"): Keys '*' sent to object: 'Object Repository/ADMIN/Edit Text/Bespoke/Buyer Pages/Purchase Details/input_REVIEWS_purchase-review-txt'

2020-03-20 10:20:33 - [MESSAGE][PASSED] - Keys '*' sent to object: 'Object Repository/ADMIN/Edit Text/Bespoke/Buyer Pages/Purchase Details/input_REVIEWS_purchase-review-txt'

2020-03-20 10:20:33 - [TEST_STEP][PASSED] - sendKeys(findTestObject("ADMIN/Edit Text/Bespoke/Buyer Pages/Purchase Details/input_Sold By_sold-by"), "*"): Keys '*' sent to object: 'Object Repository/ADMIN/Edit Text/Bespoke/Buyer Pages/Purchase Details/input_Sold By_sold-by'

2020-03-20 10:20:33 - [MESSAGE][PASSED] - Keys '*' sent to object: 'Object Repository/ADMIN/Edit Text/Bespoke/Buyer Pages/Purchase Details/input_Sold By_sold-by'

2020-03-20 10:20:33 - [TEST_STEP][PASSED] - sendKeys(findTestObject("ADMIN/Edit Text/Bespoke/Buyer Pages/Purchase Details/input_Contact_Contact"), "*"): Keys '*' sent to object: 'Object Repository/ADMIN/Edit Text/Bespoke/Buyer Pages/Purchase Details/input_Contact_Contact'

2020-03-20 10:20:33 - [MESSAGE][PASSED] - Keys '*' sent to object: 'Object Repository/ADMIN/Edit Text/Bespoke/Buyer Pages/Purchase Details/input_Contact_Contact'

2020-03-20 10:20:33 - [TEST_STEP][PASSED] - sendKeys(findTestObject("ADMIN/Edit Text/Bespoke/Buyer Pages/Purchase Details/input_Delivery_Delivery"), "*"): Keys '*' sent to object: 'Object Repository/ADMIN/Edit Text/Bespoke/Buyer Pages/Purchase Details/input_Delivery_Delivery'

2020-03-20 10:20:33 - [MESSAGE][PASSED] - Keys '*' sent to object: 'Object Repository/ADMIN/Edit Text/Bespoke/Buyer Pages/Purchase Details/input_Delivery_Delivery'

2020-03-20 10:20:33 - [TEST_STEP][PASSED] - sendKeys(findTestObject("ADMIN/Edit Text/Bespoke/Buyer Pages/Purchase Details/input_Pickup_Pickup"), "*"): Keys '*' sent to object: 'Object Repository/ADMIN/Edit Text/Bespoke/Buyer Pages/Purchase Details/input_Pickup_Pickup'

2020-03-20 10:20:33 - [MESSAGE][PASSED] - Keys '*' sent to object: 'Object Repository/ADMIN/Edit Text/Bespoke/Buyer Pages/Purchase Details/input_Pickup_Pickup'

2020-03-20 10:20:33 - [TEST_STEP][PASSED] - sendKeys(findTestObject("ADMIN/Edit Text/Bespoke/Buyer Pages/Purchase Details/input_Leave a feedback_purchase-leave-feedback-txt"), "*"): Keys '*' sent to object: 'Object Repository/ADMIN/Edit Text/Bespoke/Buyer Pages/Purchase Details/input_Leave a feedback_purchase-leave-feedback-txt'

2020-03-20 10:20:33 - [MESSAGE][PASSED] - Keys '*' sent to object: 'Object Repository/ADMIN/Edit Text/Bespoke/Buyer Pages/Purchase Details/input_Leave a feedback_purchase-leave-feedback-txt'

2020-03-20 10:20:33 - [TEST_STEP][PASSED] - sendKeys(findTestObject("ADMIN/Edit Text/Bespoke/Buyer Pages/Purchase Details/input_Left feedback_purchase-left-feedback-txt"), "*"): Keys '*' sent to object: 'Object Repository/ADMIN/Edit Text/Bespoke/Buyer Pages/Purchase Details/input_Left feedback_purchase-left-feedback-txt'

2020-03-20 10:20:34 - [MESSAGE][PASSED] - Keys '*' sent to object: 'Object Repository/ADMIN/Edit Text/Bespoke/Buyer Pages/Purchase Details/input_Left feedback_purchase-left-feedback-txt'

2020-03-20 10:20:34 - [TEST_STEP][PASSED] - sendKeys(findTestObject("ADMIN/Edit Text/Bespoke/Buyer Pages/Purchase Details/input_BACK TO LIST_btn_back"), "*"): Keys '*' sent to object: 'Object Repository/ADMIN/Edit Text/Bespoke/Buyer Pages/Purchase Details/input_BACK TO LIST_btn_back'

2020-03-20 10:20:34 - [MESSAGE][PASSED] - Keys '*' sent to object: 'Object Repository/ADMIN/Edit Text/Bespoke/Buyer Pages/Purchase Details/input_BACK TO LIST_btn_back'

2020-03-20 10:20:34 - [TEST_STEP][PASSED] - sendKeys(findTestObject("ADMIN/Edit Text/Bespoke/Buyer Pages/Purchase Details/input_LEFT A FEEDBACK FOR_popup-title"), "*"): Keys '*' sent to object: 'Object Repository/ADMIN/Edit Text/Bespoke/Buyer Pages/Purchase Details/input_LEFT A FEEDBACK FOR_popup-title'

2020-03-20 10:20:34 - [MESSAGE][PASSED] - Keys '*' sent to object: 'Object Repository/ADMIN/Edit Text/Bespoke/Buyer Pages/Purchase Details/input_LEFT A FEEDBACK FOR_popup-title'

2020-03-20 10:20:34 - [TEST_STEP][PASSED] - sendKeys(findTestObject("ADMIN/Edit Text/Bespoke/Buyer Pages/Purchase Details/input_How much do you rate this item_popup-desc"), "*"): Keys '*' sent to object: 'Object Repository/ADMIN/Edit Text/Bespoke/Buyer Pages/Purchase Details/input_How much do you rate this item_popup-desc'

2020-03-20 10:20:34 - [MESSAGE][PASSED] - Keys '*' sent to object: 'Object Repository/ADMIN/Edit Text/Bespoke/Buyer Pages/Purchase Details/input_How much do you rate this item_popup-desc'

2020-03-20 10:20:34 - [TEST_STEP][PASSED] - sendKeys(findTestObject("ADMIN/Edit Text/Bespoke/Buyer Pages/Purchase Details/input_Leave a feedback_leave-feedback"), "*"): Keys '*' sent to object: 'Object Repository/ADMIN/Edit Text/Bespoke/Buyer Pages/Purchase Details/input_Leave a feedback_leave-feedback'

2020-03-20 10:20:34 - [MESSAGE][PASSED] - Keys '*' sent to object: 'Object Repository/ADMIN/Edit Text/Bespoke/Buyer Pages/Purchase Details/input_Leave a feedback_leave-feedback'

2020-03-20 10:20:34 - [TEST_STEP][PASSED] - sendKeys(findTestObject("ADMIN/Edit Text/Bespoke/Buyer Pages/Purchase Details/input_Excellent_excellent"), "*"): Keys '*' sent to object: 'Object Repository/ADMIN/Edit Text/Bespoke/Buyer Pages/Purchase Details/input_Excellent_excellent'

2020-03-20 10:20:34 - [MESSAGE][PASSED] - Keys '*' sent to object: 'Object Repository/ADMIN/Edit Text/Bespoke/Buyer Pages/Purchase Details/input_Excellent_excellent'

2020-03-20 10:20:34 - [TEST_STEP][PASSED] - sendKeys(findTestObject("ADMIN/Edit Text/Bespoke/Buyer Pages/Purchase Details/input_Great_great"), "*"): Keys '*' sent to object: 'Object Repository/ADMIN/Edit Text/Bespoke/Buyer Pages/Purchase Details/input_Great_great'

2020-03-20 10:20:34 - [MESSAGE][PASSED] - Keys '*' sent to object: 'Object Repository/ADMIN/Edit Text/Bespoke/Buyer Pages/Purchase Details/input_Great_great'

2020-03-20 10:20:34 - [TEST_STEP][PASSED] - sendKeys(findTestObject("ADMIN/Edit Text/Bespoke/Buyer Pages/Purchase Details/input_Good_good"), "*"): Keys '*' sent to object: 'Object Repository/ADMIN/Edit Text/Bespoke/Buyer Pages/Purchase Details/input_Good_good'

2020-03-20 10:20:35 - [MESSAGE][PASSED] - Keys '*' sent to object: 'Object Repository/ADMIN/Edit Text/Bespoke/Buyer Pages/Purchase Details/input_Good_good'

2020-03-20 10:20:35 - [TEST_STEP][PASSED] - sendKeys(findTestObject("ADMIN/Edit Text/Bespoke/Buyer Pages/Purchase Details/input_Okay_ok"), "*"): Keys '*' sent to object: 'Object Repository/ADMIN/Edit Text/Bespoke/Buyer Pages/Purchase Details/input_Okay_ok'

2020-03-20 10:20:35 - [MESSAGE][PASSED] - Keys '*' sent to object: 'Object Repository/ADMIN/Edit Text/Bespoke/Buyer Pages/Purchase Details/input_Okay_ok'

2020-03-20 10:20:35 - [TEST_STEP][PASSED] - sendKeys(findTestObject("ADMIN/Edit Text/Bespoke/Buyer Pages/Purchase Details/input_Unsatisfied_Unsatisfied"), "*"): Keys '*' sent to object: 'Object Repository/ADMIN/Edit Text/Bespoke/Buyer Pages/Purchase Details/input_Unsatisfied_Unsatisfied'

2020-03-20 10:20:35 - [MESSAGE][PASSED] - Keys '*' sent to object: 'Object Repository/ADMIN/Edit Text/Bespoke/Buyer Pages/Purchase Details/input_Unsatisfied_Unsatisfied'

2020-03-20 10:20:35 - [TEST_STEP][PASSED] - sendKeys(findTestObject("ADMIN/Edit Text/Bespoke/Buyer Pages/Purchase Details/input_SUBMIT_btn_okay"), "*"): Keys '*' sent to object: 'Object Repository/ADMIN/Edit Text/Bespoke/Buyer Pages/Purchase Details/input_SUBMIT_btn_okay'

2020-03-20 10:20:35 - [MESSAGE][PASSED] - Keys '*' sent to object: 'Object Repository/ADMIN/Edit Text/Bespoke/Buyer Pages/Purchase Details/input_SUBMIT_btn_okay'

2020-03-20 10:20:35 - [TEST_STEP][PASSED] - click(findTestObject("ADMIN/Edit Text/Bespoke/Buyer Pages/Homepage/button_save"), CONTINUE_ON_FAILURE): Object: 'Object Repository/ADMIN/Edit Text/Bespoke/Buyer Pages/Homepage/button_save' is clicked on

2020-03-20 10:20:35 - [MESSAGE][PASSED] - Object: 'Object Repository/ADMIN/Edit Text/Bespoke/Buyer Pages/Homepage/button_save' is clicked on

2020-03-20 10:20:35 - [TEST_STEP][PASSED] - waitForElementVisible(findTestObject("ADMIN/Edit Text/Bespoke/Buyer Pages/Homepage/toaster_success"), 0): Object 'Object Repository/ADMIN/Edit Text/Bespoke/Buyer Pages/Homepage/toaster_success' is visible

2020-03-20 10:20:35 - [MESSAGE][WARNING] - Timeout '0' is invalid. Using default page load timeout: '30'

2020-03-20 10:20:36 - [MESSAGE][PASSED] - Object 'Object Repository/ADMIN/Edit Text/Bespoke/Buyer Pages/Homepage/toaster_success' is visible]]></system-out>
         <system-err><![CDATA[]]></system-err>
      </testcase>
      <testcase name="Test Cases/ADMIN/Language/Edit Text/Bespoke/Buyer Pages/Purchase Details" time="7.655" classname="Test Cases/ADMIN/Language/Edit Text/Bespoke/Buyer Pages/Purchase Details" status="PASSED">
         <system-out><![CDATA[2020-03-20 10:20:36 - [TEST_CASE][PASSED] - Test Cases/ADMIN/Language/Edit Text/Bespoke/Buyer Pages/Purchase Details: Test Cases/ADMIN/Language/Edit Text/Bespoke/Buyer Pages/Purchase Details

2020-03-20 10:20:36 - [TEST_STEP][PASSED] - waitForElementVisible(findTestObject("ADMIN/Edit Text/Bespoke/Buyer Navigation/dd_language"), 0): Object 'Object Repository/ADMIN/Edit Text/Bespoke/Buyer Navigation/dd_language' is visible

2020-03-20 10:20:36 - [MESSAGE][WARNING] - Timeout '0' is invalid. Using default page load timeout: '30'

2020-03-20 10:20:36 - [MESSAGE][PASSED] - Object 'Object Repository/ADMIN/Edit Text/Bespoke/Buyer Navigation/dd_language' is visible

2020-03-20 10:20:36 - [TEST_STEP][PASSED] - selectOptionByLabel(findTestObject("ADMIN/Edit Text/Bespoke/Buyer Navigation/dd_language"), varLanguage, false): All options with label 'Indonesian' are selected in object 'Object Repository/ADMIN/Edit Text/Bespoke/Buyer Navigation/dd_language' 

2020-03-20 10:20:38 - [MESSAGE][PASSED] - All options with label 'Indonesian' are selected in object 'Object Repository/ADMIN/Edit Text/Bespoke/Buyer Navigation/dd_language' 

2020-03-20 10:20:38 - [TEST_STEP][PASSED] - sendKeys(findTestObject("ADMIN/Edit Text/Bespoke/Buyer Pages/Purchase Details/input_INVOICE ID_purchase-invoice-id"), "*"): Keys '*' sent to object: 'Object Repository/ADMIN/Edit Text/Bespoke/Buyer Pages/Purchase Details/input_INVOICE ID_purchase-invoice-id'

2020-03-20 10:20:38 - [MESSAGE][PASSED] - Keys '*' sent to object: 'Object Repository/ADMIN/Edit Text/Bespoke/Buyer Pages/Purchase Details/input_INVOICE ID_purchase-invoice-id'

2020-03-20 10:20:38 - [TEST_STEP][PASSED] - sendKeys(findTestObject("ADMIN/Edit Text/Bespoke/Buyer Pages/Purchase Details/input_TIMESTAMP_purchase-timestamp"), "*"): Keys '*' sent to object: 'Object Repository/ADMIN/Edit Text/Bespoke/Buyer Pages/Purchase Details/input_TIMESTAMP_purchase-timestamp'

2020-03-20 10:20:38 - [MESSAGE][PASSED] - Keys '*' sent to object: 'Object Repository/ADMIN/Edit Text/Bespoke/Buyer Pages/Purchase Details/input_TIMESTAMP_purchase-timestamp'

2020-03-20 10:20:38 - [TEST_STEP][PASSED] - sendKeys(findTestObject("ADMIN/Edit Text/Bespoke/Buyer Pages/Purchase Details/input_DELIVERY ADDRESS_purchase-delivery"), "*"): Keys '*' sent to object: 'Object Repository/ADMIN/Edit Text/Bespoke/Buyer Pages/Purchase Details/input_DELIVERY ADDRESS_purchase-delivery'

2020-03-20 10:20:39 - [MESSAGE][PASSED] - Keys '*' sent to object: 'Object Repository/ADMIN/Edit Text/Bespoke/Buyer Pages/Purchase Details/input_DELIVERY ADDRESS_purchase-delivery'

2020-03-20 10:20:39 - [TEST_STEP][PASSED] - sendKeys(findTestObject("ADMIN/Edit Text/Bespoke/Buyer Pages/Purchase Details/input_TRANSACTION TOTAL_purchase-transaction-total"), "*"): Keys '*' sent to object: 'Object Repository/ADMIN/Edit Text/Bespoke/Buyer Pages/Purchase Details/input_TRANSACTION TOTAL_purchase-transaction-total'

2020-03-20 10:20:39 - [MESSAGE][PASSED] - Keys '*' sent to object: 'Object Repository/ADMIN/Edit Text/Bespoke/Buyer Pages/Purchase Details/input_TRANSACTION TOTAL_purchase-transaction-total'

2020-03-20 10:20:39 - [TEST_STEP][PASSED] - sendKeys(findTestObject("ADMIN/Edit Text/Bespoke/Buyer Pages/Purchase Details/input_Subtotal_purchase-subtotal-txt"), "*"): Keys '*' sent to object: 'Object Repository/ADMIN/Edit Text/Bespoke/Buyer Pages/Purchase Details/input_Subtotal_purchase-subtotal-txt'

2020-03-20 10:20:39 - [MESSAGE][PASSED] - Keys '*' sent to object: 'Object Repository/ADMIN/Edit Text/Bespoke/Buyer Pages/Purchase Details/input_Subtotal_purchase-subtotal-txt'

2020-03-20 10:20:39 - [TEST_STEP][PASSED] - sendKeys(findTestObject("ADMIN/Edit Text/Bespoke/Buyer Pages/Purchase Details/input_PAYMENT METHOD_payment_method"), "*"): Keys '*' sent to object: 'Object Repository/ADMIN/Edit Text/Bespoke/Buyer Pages/Purchase Details/input_PAYMENT METHOD_payment_method'

2020-03-20 10:20:39 - [MESSAGE][PASSED] - Keys '*' sent to object: 'Object Repository/ADMIN/Edit Text/Bespoke/Buyer Pages/Purchase Details/input_PAYMENT METHOD_payment_method'

2020-03-20 10:20:39 - [TEST_STEP][PASSED] - sendKeys(findTestObject("ADMIN/Edit Text/Bespoke/Buyer Pages/Purchase Details/input_Delivery_purchase-delivery-txt"), "*"): Keys '*' sent to object: 'Object Repository/ADMIN/Edit Text/Bespoke/Buyer Pages/Purchase Details/input_Delivery_purchase-delivery-txt'

2020-03-20 10:20:39 - [MESSAGE][PASSED] - Keys '*' sent to object: 'Object Repository/ADMIN/Edit Text/Bespoke/Buyer Pages/Purchase Details/input_Delivery_purchase-delivery-txt'

2020-03-20 10:20:39 - [TEST_STEP][PASSED] - sendKeys(findTestObject("ADMIN/Edit Text/Bespoke/Buyer Pages/Purchase Details/input_PAYMENT STATUS_payment_status"), "*"): Keys '*' sent to object: 'Object Repository/ADMIN/Edit Text/Bespoke/Buyer Pages/Purchase Details/input_PAYMENT STATUS_payment_status'

2020-03-20 10:20:39 - [MESSAGE][PASSED] - Keys '*' sent to object: 'Object Repository/ADMIN/Edit Text/Bespoke/Buyer Pages/Purchase Details/input_PAYMENT STATUS_payment_status'

2020-03-20 10:20:39 - [TEST_STEP][PASSED] - sendKeys(findTestObject("ADMIN/Edit Text/Bespoke/Buyer Pages/Purchase Details/input_Bulk Delivery Discount_purchase-bulk-delivery-discount-txt"), "*"): Keys '*' sent to object: 'Object Repository/ADMIN/Edit Text/Bespoke/Buyer Pages/Purchase Details/input_Bulk Delivery Discount_purchase-bulk-delivery-discount-txt'

2020-03-20 10:20:40 - [MESSAGE][PASSED] - Keys '*' sent to object: 'Object Repository/ADMIN/Edit Text/Bespoke/Buyer Pages/Purchase Details/input_Bulk Delivery Discount_purchase-bulk-delivery-discount-txt'

2020-03-20 10:20:40 - [TEST_STEP][PASSED] - sendKeys(findTestObject("ADMIN/Edit Text/Bespoke/Buyer Pages/Purchase Details/input_ITEM_purchase-item-txt"), "*"): Keys '*' sent to object: 'Object Repository/ADMIN/Edit Text/Bespoke/Buyer Pages/Purchase Details/input_ITEM_purchase-item-txt'

2020-03-20 10:20:40 - [MESSAGE][PASSED] - Keys '*' sent to object: 'Object Repository/ADMIN/Edit Text/Bespoke/Buyer Pages/Purchase Details/input_ITEM_purchase-item-txt'

2020-03-20 10:20:40 - [TEST_STEP][PASSED] - sendKeys(findTestObject("ADMIN/Edit Text/Bespoke/Buyer Pages/Purchase Details/input_PRICE_purchase-price-txt"), "*"): Keys '*' sent to object: 'Object Repository/ADMIN/Edit Text/Bespoke/Buyer Pages/Purchase Details/input_PRICE_purchase-price-txt'

2020-03-20 10:20:40 - [MESSAGE][PASSED] - Keys '*' sent to object: 'Object Repository/ADMIN/Edit Text/Bespoke/Buyer Pages/Purchase Details/input_PRICE_purchase-price-txt'

2020-03-20 10:20:40 - [TEST_STEP][PASSED] - sendKeys(findTestObject("ADMIN/Edit Text/Bespoke/Buyer Pages/Purchase Details/input_QTY_purchase-qty-txt"), "*"): Keys '*' sent to object: 'Object Repository/ADMIN/Edit Text/Bespoke/Buyer Pages/Purchase Details/input_QTY_purchase-qty-txt'

2020-03-20 10:20:40 - [MESSAGE][PASSED] - Keys '*' sent to object: 'Object Repository/ADMIN/Edit Text/Bespoke/Buyer Pages/Purchase Details/input_QTY_purchase-qty-txt'

2020-03-20 10:20:40 - [TEST_STEP][PASSED] - sendKeys(findTestObject("ADMIN/Edit Text/Bespoke/Buyer Pages/Purchase Details/input_DELIVERY_purchase-delivery-txt (1)"), "*"): Keys '*' sent to object: 'Object Repository/ADMIN/Edit Text/Bespoke/Buyer Pages/Purchase Details/input_DELIVERY_purchase-delivery-txt (1)'

2020-03-20 10:20:40 - [MESSAGE][PASSED] - Keys '*' sent to object: 'Object Repository/ADMIN/Edit Text/Bespoke/Buyer Pages/Purchase Details/input_DELIVERY_purchase-delivery-txt (1)'

2020-03-20 10:20:40 - [TEST_STEP][PASSED] - sendKeys(findTestObject("ADMIN/Edit Text/Bespoke/Buyer Pages/Purchase Details/input_ORDER STATUS_purchase-orderstatus-txt"), "*"): Keys '*' sent to object: 'Object Repository/ADMIN/Edit Text/Bespoke/Buyer Pages/Purchase Details/input_ORDER STATUS_purchase-orderstatus-txt'

2020-03-20 10:20:40 - [MESSAGE][PASSED] - Keys '*' sent to object: 'Object Repository/ADMIN/Edit Text/Bespoke/Buyer Pages/Purchase Details/input_ORDER STATUS_purchase-orderstatus-txt'

2020-03-20 10:20:40 - [TEST_STEP][PASSED] - sendKeys(findTestObject("ADMIN/Edit Text/Bespoke/Buyer Pages/Purchase Details/input_REVIEWS_purchase-review-txt"), "*"): Keys '*' sent to object: 'Object Repository/ADMIN/Edit Text/Bespoke/Buyer Pages/Purchase Details/input_REVIEWS_purchase-review-txt'

2020-03-20 10:20:40 - [MESSAGE][PASSED] - Keys '*' sent to object: 'Object Repository/ADMIN/Edit Text/Bespoke/Buyer Pages/Purchase Details/input_REVIEWS_purchase-review-txt'

2020-03-20 10:20:40 - [TEST_STEP][PASSED] - sendKeys(findTestObject("ADMIN/Edit Text/Bespoke/Buyer Pages/Purchase Details/input_Sold By_sold-by"), "*"): Keys '*' sent to object: 'Object Repository/ADMIN/Edit Text/Bespoke/Buyer Pages/Purchase Details/input_Sold By_sold-by'

2020-03-20 10:20:40 - [MESSAGE][PASSED] - Keys '*' sent to object: 'Object Repository/ADMIN/Edit Text/Bespoke/Buyer Pages/Purchase Details/input_Sold By_sold-by'

2020-03-20 10:20:40 - [TEST_STEP][PASSED] - sendKeys(findTestObject("ADMIN/Edit Text/Bespoke/Buyer Pages/Purchase Details/input_Contact_Contact"), "*"): Keys '*' sent to object: 'Object Repository/ADMIN/Edit Text/Bespoke/Buyer Pages/Purchase Details/input_Contact_Contact'

2020-03-20 10:20:41 - [MESSAGE][PASSED] - Keys '*' sent to object: 'Object Repository/ADMIN/Edit Text/Bespoke/Buyer Pages/Purchase Details/input_Contact_Contact'

2020-03-20 10:20:41 - [TEST_STEP][PASSED] - sendKeys(findTestObject("ADMIN/Edit Text/Bespoke/Buyer Pages/Purchase Details/input_Delivery_Delivery"), "*"): Keys '*' sent to object: 'Object Repository/ADMIN/Edit Text/Bespoke/Buyer Pages/Purchase Details/input_Delivery_Delivery'

2020-03-20 10:20:41 - [MESSAGE][PASSED] - Keys '*' sent to object: 'Object Repository/ADMIN/Edit Text/Bespoke/Buyer Pages/Purchase Details/input_Delivery_Delivery'

2020-03-20 10:20:41 - [TEST_STEP][PASSED] - sendKeys(findTestObject("ADMIN/Edit Text/Bespoke/Buyer Pages/Purchase Details/input_Pickup_Pickup"), "*"): Keys '*' sent to object: 'Object Repository/ADMIN/Edit Text/Bespoke/Buyer Pages/Purchase Details/input_Pickup_Pickup'

2020-03-20 10:20:41 - [MESSAGE][PASSED] - Keys '*' sent to object: 'Object Repository/ADMIN/Edit Text/Bespoke/Buyer Pages/Purchase Details/input_Pickup_Pickup'

2020-03-20 10:20:41 - [TEST_STEP][PASSED] - sendKeys(findTestObject("ADMIN/Edit Text/Bespoke/Buyer Pages/Purchase Details/input_Leave a feedback_purchase-leave-feedback-txt"), "*"): Keys '*' sent to object: 'Object Repository/ADMIN/Edit Text/Bespoke/Buyer Pages/Purchase Details/input_Leave a feedback_purchase-leave-feedback-txt'

2020-03-20 10:20:41 - [MESSAGE][PASSED] - Keys '*' sent to object: 'Object Repository/ADMIN/Edit Text/Bespoke/Buyer Pages/Purchase Details/input_Leave a feedback_purchase-leave-feedback-txt'

2020-03-20 10:20:41 - [TEST_STEP][PASSED] - sendKeys(findTestObject("ADMIN/Edit Text/Bespoke/Buyer Pages/Purchase Details/input_Left feedback_purchase-left-feedback-txt"), "*"): Keys '*' sent to object: 'Object Repository/ADMIN/Edit Text/Bespoke/Buyer Pages/Purchase Details/input_Left feedback_purchase-left-feedback-txt'

2020-03-20 10:20:41 - [MESSAGE][PASSED] - Keys '*' sent to object: 'Object Repository/ADMIN/Edit Text/Bespoke/Buyer Pages/Purchase Details/input_Left feedback_purchase-left-feedback-txt'

2020-03-20 10:20:41 - [TEST_STEP][PASSED] - sendKeys(findTestObject("ADMIN/Edit Text/Bespoke/Buyer Pages/Purchase Details/input_BACK TO LIST_btn_back"), "*"): Keys '*' sent to object: 'Object Repository/ADMIN/Edit Text/Bespoke/Buyer Pages/Purchase Details/input_BACK TO LIST_btn_back'

2020-03-20 10:20:41 - [MESSAGE][PASSED] - Keys '*' sent to object: 'Object Repository/ADMIN/Edit Text/Bespoke/Buyer Pages/Purchase Details/input_BACK TO LIST_btn_back'

2020-03-20 10:20:41 - [TEST_STEP][PASSED] - sendKeys(findTestObject("ADMIN/Edit Text/Bespoke/Buyer Pages/Purchase Details/input_LEFT A FEEDBACK FOR_popup-title"), "*"): Keys '*' sent to object: 'Object Repository/ADMIN/Edit Text/Bespoke/Buyer Pages/Purchase Details/input_LEFT A FEEDBACK FOR_popup-title'

2020-03-20 10:20:41 - [MESSAGE][PASSED] - Keys '*' sent to object: 'Object Repository/ADMIN/Edit Text/Bespoke/Buyer Pages/Purchase Details/input_LEFT A FEEDBACK FOR_popup-title'

2020-03-20 10:20:41 - [TEST_STEP][PASSED] - sendKeys(findTestObject("ADMIN/Edit Text/Bespoke/Buyer Pages/Purchase Details/input_How much do you rate this item_popup-desc"), "*"): Keys '*' sent to object: 'Object Repository/ADMIN/Edit Text/Bespoke/Buyer Pages/Purchase Details/input_How much do you rate this item_popup-desc'

2020-03-20 10:20:42 - [MESSAGE][PASSED] - Keys '*' sent to object: 'Object Repository/ADMIN/Edit Text/Bespoke/Buyer Pages/Purchase Details/input_How much do you rate this item_popup-desc'

2020-03-20 10:20:42 - [TEST_STEP][PASSED] - sendKeys(findTestObject("ADMIN/Edit Text/Bespoke/Buyer Pages/Purchase Details/input_Leave a feedback_leave-feedback"), "*"): Keys '*' sent to object: 'Object Repository/ADMIN/Edit Text/Bespoke/Buyer Pages/Purchase Details/input_Leave a feedback_leave-feedback'

2020-03-20 10:20:42 - [MESSAGE][PASSED] - Keys '*' sent to object: 'Object Repository/ADMIN/Edit Text/Bespoke/Buyer Pages/Purchase Details/input_Leave a feedback_leave-feedback'

2020-03-20 10:20:42 - [TEST_STEP][PASSED] - sendKeys(findTestObject("ADMIN/Edit Text/Bespoke/Buyer Pages/Purchase Details/input_Excellent_excellent"), "*"): Keys '*' sent to object: 'Object Repository/ADMIN/Edit Text/Bespoke/Buyer Pages/Purchase Details/input_Excellent_excellent'

2020-03-20 10:20:42 - [MESSAGE][PASSED] - Keys '*' sent to object: 'Object Repository/ADMIN/Edit Text/Bespoke/Buyer Pages/Purchase Details/input_Excellent_excellent'

2020-03-20 10:20:42 - [TEST_STEP][PASSED] - sendKeys(findTestObject("ADMIN/Edit Text/Bespoke/Buyer Pages/Purchase Details/input_Great_great"), "*"): Keys '*' sent to object: 'Object Repository/ADMIN/Edit Text/Bespoke/Buyer Pages/Purchase Details/input_Great_great'

2020-03-20 10:20:42 - [MESSAGE][PASSED] - Keys '*' sent to object: 'Object Repository/ADMIN/Edit Text/Bespoke/Buyer Pages/Purchase Details/input_Great_great'

2020-03-20 10:20:42 - [TEST_STEP][PASSED] - sendKeys(findTestObject("ADMIN/Edit Text/Bespoke/Buyer Pages/Purchase Details/input_Good_good"), "*"): Keys '*' sent to object: 'Object Repository/ADMIN/Edit Text/Bespoke/Buyer Pages/Purchase Details/input_Good_good'

2020-03-20 10:20:42 - [MESSAGE][PASSED] - Keys '*' sent to object: 'Object Repository/ADMIN/Edit Text/Bespoke/Buyer Pages/Purchase Details/input_Good_good'

2020-03-20 10:20:42 - [TEST_STEP][PASSED] - sendKeys(findTestObject("ADMIN/Edit Text/Bespoke/Buyer Pages/Purchase Details/input_Okay_ok"), "*"): Keys '*' sent to object: 'Object Repository/ADMIN/Edit Text/Bespoke/Buyer Pages/Purchase Details/input_Okay_ok'

2020-03-20 10:20:42 - [MESSAGE][PASSED] - Keys '*' sent to object: 'Object Repository/ADMIN/Edit Text/Bespoke/Buyer Pages/Purchase Details/input_Okay_ok'

2020-03-20 10:20:42 - [TEST_STEP][PASSED] - sendKeys(findTestObject("ADMIN/Edit Text/Bespoke/Buyer Pages/Purchase Details/input_Unsatisfied_Unsatisfied"), "*"): Keys '*' sent to object: 'Object Repository/ADMIN/Edit Text/Bespoke/Buyer Pages/Purchase Details/input_Unsatisfied_Unsatisfied'

2020-03-20 10:20:42 - [MESSAGE][PASSED] - Keys '*' sent to object: 'Object Repository/ADMIN/Edit Text/Bespoke/Buyer Pages/Purchase Details/input_Unsatisfied_Unsatisfied'

2020-03-20 10:20:42 - [TEST_STEP][PASSED] - sendKeys(findTestObject("ADMIN/Edit Text/Bespoke/Buyer Pages/Purchase Details/input_SUBMIT_btn_okay"), "*"): Keys '*' sent to object: 'Object Repository/ADMIN/Edit Text/Bespoke/Buyer Pages/Purchase Details/input_SUBMIT_btn_okay'

2020-03-20 10:20:43 - [MESSAGE][PASSED] - Keys '*' sent to object: 'Object Repository/ADMIN/Edit Text/Bespoke/Buyer Pages/Purchase Details/input_SUBMIT_btn_okay'

2020-03-20 10:20:43 - [TEST_STEP][PASSED] - click(findTestObject("ADMIN/Edit Text/Bespoke/Buyer Pages/Homepage/button_save"), CONTINUE_ON_FAILURE): Object: 'Object Repository/ADMIN/Edit Text/Bespoke/Buyer Pages/Homepage/button_save' is clicked on

2020-03-20 10:20:43 - [MESSAGE][PASSED] - Object: 'Object Repository/ADMIN/Edit Text/Bespoke/Buyer Pages/Homepage/button_save' is clicked on

2020-03-20 10:20:43 - [TEST_STEP][PASSED] - waitForElementVisible(findTestObject("ADMIN/Edit Text/Bespoke/Buyer Pages/Homepage/toaster_success"), 0): Object 'Object Repository/ADMIN/Edit Text/Bespoke/Buyer Pages/Homepage/toaster_success' is visible

2020-03-20 10:20:43 - [MESSAGE][WARNING] - Timeout '0' is invalid. Using default page load timeout: '30'

2020-03-20 10:20:43 - [MESSAGE][PASSED] - Object 'Object Repository/ADMIN/Edit Text/Bespoke/Buyer Pages/Homepage/toaster_success' is visible]]></system-out>
         <system-err><![CDATA[]]></system-err>
      </testcase>
      <testcase name="Test Cases/ADMIN/Language/Edit Text/Bespoke/Buyer Pages/Purchase Details" time="7.45" classname="Test Cases/ADMIN/Language/Edit Text/Bespoke/Buyer Pages/Purchase Details" status="PASSED">
         <system-out><![CDATA[2020-03-20 10:20:43 - [TEST_CASE][PASSED] - Test Cases/ADMIN/Language/Edit Text/Bespoke/Buyer Pages/Purchase Details: Test Cases/ADMIN/Language/Edit Text/Bespoke/Buyer Pages/Purchase Details

2020-03-20 10:20:43 - [TEST_STEP][PASSED] - waitForElementVisible(findTestObject("ADMIN/Edit Text/Bespoke/Buyer Navigation/dd_language"), 0): Object 'Object Repository/ADMIN/Edit Text/Bespoke/Buyer Navigation/dd_language' is visible

2020-03-20 10:20:44 - [MESSAGE][WARNING] - Timeout '0' is invalid. Using default page load timeout: '30'

2020-03-20 10:20:44 - [MESSAGE][PASSED] - Object 'Object Repository/ADMIN/Edit Text/Bespoke/Buyer Navigation/dd_language' is visible

2020-03-20 10:20:44 - [TEST_STEP][PASSED] - selectOptionByLabel(findTestObject("ADMIN/Edit Text/Bespoke/Buyer Navigation/dd_language"), varLanguage, false): All options with label 'Russian' are selected in object 'Object Repository/ADMIN/Edit Text/Bespoke/Buyer Navigation/dd_language' 

2020-03-20 10:20:46 - [MESSAGE][PASSED] - All options with label 'Russian' are selected in object 'Object Repository/ADMIN/Edit Text/Bespoke/Buyer Navigation/dd_language' 

2020-03-20 10:20:46 - [TEST_STEP][PASSED] - sendKeys(findTestObject("ADMIN/Edit Text/Bespoke/Buyer Pages/Purchase Details/input_INVOICE ID_purchase-invoice-id"), "*"): Keys '*' sent to object: 'Object Repository/ADMIN/Edit Text/Bespoke/Buyer Pages/Purchase Details/input_INVOICE ID_purchase-invoice-id'

2020-03-20 10:20:46 - [MESSAGE][PASSED] - Keys '*' sent to object: 'Object Repository/ADMIN/Edit Text/Bespoke/Buyer Pages/Purchase Details/input_INVOICE ID_purchase-invoice-id'

2020-03-20 10:20:46 - [TEST_STEP][PASSED] - sendKeys(findTestObject("ADMIN/Edit Text/Bespoke/Buyer Pages/Purchase Details/input_TIMESTAMP_purchase-timestamp"), "*"): Keys '*' sent to object: 'Object Repository/ADMIN/Edit Text/Bespoke/Buyer Pages/Purchase Details/input_TIMESTAMP_purchase-timestamp'

2020-03-20 10:20:46 - [MESSAGE][PASSED] - Keys '*' sent to object: 'Object Repository/ADMIN/Edit Text/Bespoke/Buyer Pages/Purchase Details/input_TIMESTAMP_purchase-timestamp'

2020-03-20 10:20:46 - [TEST_STEP][PASSED] - sendKeys(findTestObject("ADMIN/Edit Text/Bespoke/Buyer Pages/Purchase Details/input_DELIVERY ADDRESS_purchase-delivery"), "*"): Keys '*' sent to object: 'Object Repository/ADMIN/Edit Text/Bespoke/Buyer Pages/Purchase Details/input_DELIVERY ADDRESS_purchase-delivery'

2020-03-20 10:20:47 - [MESSAGE][PASSED] - Keys '*' sent to object: 'Object Repository/ADMIN/Edit Text/Bespoke/Buyer Pages/Purchase Details/input_DELIVERY ADDRESS_purchase-delivery'

2020-03-20 10:20:47 - [TEST_STEP][PASSED] - sendKeys(findTestObject("ADMIN/Edit Text/Bespoke/Buyer Pages/Purchase Details/input_TRANSACTION TOTAL_purchase-transaction-total"), "*"): Keys '*' sent to object: 'Object Repository/ADMIN/Edit Text/Bespoke/Buyer Pages/Purchase Details/input_TRANSACTION TOTAL_purchase-transaction-total'

2020-03-20 10:20:47 - [MESSAGE][PASSED] - Keys '*' sent to object: 'Object Repository/ADMIN/Edit Text/Bespoke/Buyer Pages/Purchase Details/input_TRANSACTION TOTAL_purchase-transaction-total'

2020-03-20 10:20:47 - [TEST_STEP][PASSED] - sendKeys(findTestObject("ADMIN/Edit Text/Bespoke/Buyer Pages/Purchase Details/input_Subtotal_purchase-subtotal-txt"), "*"): Keys '*' sent to object: 'Object Repository/ADMIN/Edit Text/Bespoke/Buyer Pages/Purchase Details/input_Subtotal_purchase-subtotal-txt'

2020-03-20 10:20:47 - [MESSAGE][PASSED] - Keys '*' sent to object: 'Object Repository/ADMIN/Edit Text/Bespoke/Buyer Pages/Purchase Details/input_Subtotal_purchase-subtotal-txt'

2020-03-20 10:20:47 - [TEST_STEP][PASSED] - sendKeys(findTestObject("ADMIN/Edit Text/Bespoke/Buyer Pages/Purchase Details/input_PAYMENT METHOD_payment_method"), "*"): Keys '*' sent to object: 'Object Repository/ADMIN/Edit Text/Bespoke/Buyer Pages/Purchase Details/input_PAYMENT METHOD_payment_method'

2020-03-20 10:20:47 - [MESSAGE][PASSED] - Keys '*' sent to object: 'Object Repository/ADMIN/Edit Text/Bespoke/Buyer Pages/Purchase Details/input_PAYMENT METHOD_payment_method'

2020-03-20 10:20:47 - [TEST_STEP][PASSED] - sendKeys(findTestObject("ADMIN/Edit Text/Bespoke/Buyer Pages/Purchase Details/input_Delivery_purchase-delivery-txt"), "*"): Keys '*' sent to object: 'Object Repository/ADMIN/Edit Text/Bespoke/Buyer Pages/Purchase Details/input_Delivery_purchase-delivery-txt'

2020-03-20 10:20:47 - [MESSAGE][PASSED] - Keys '*' sent to object: 'Object Repository/ADMIN/Edit Text/Bespoke/Buyer Pages/Purchase Details/input_Delivery_purchase-delivery-txt'

2020-03-20 10:20:47 - [TEST_STEP][PASSED] - sendKeys(findTestObject("ADMIN/Edit Text/Bespoke/Buyer Pages/Purchase Details/input_PAYMENT STATUS_payment_status"), "*"): Keys '*' sent to object: 'Object Repository/ADMIN/Edit Text/Bespoke/Buyer Pages/Purchase Details/input_PAYMENT STATUS_payment_status'

2020-03-20 10:20:47 - [MESSAGE][PASSED] - Keys '*' sent to object: 'Object Repository/ADMIN/Edit Text/Bespoke/Buyer Pages/Purchase Details/input_PAYMENT STATUS_payment_status'

2020-03-20 10:20:47 - [TEST_STEP][PASSED] - sendKeys(findTestObject("ADMIN/Edit Text/Bespoke/Buyer Pages/Purchase Details/input_Bulk Delivery Discount_purchase-bulk-delivery-discount-txt"), "*"): Keys '*' sent to object: 'Object Repository/ADMIN/Edit Text/Bespoke/Buyer Pages/Purchase Details/input_Bulk Delivery Discount_purchase-bulk-delivery-discount-txt'

2020-03-20 10:20:47 - [MESSAGE][PASSED] - Keys '*' sent to object: 'Object Repository/ADMIN/Edit Text/Bespoke/Buyer Pages/Purchase Details/input_Bulk Delivery Discount_purchase-bulk-delivery-discount-txt'

2020-03-20 10:20:47 - [TEST_STEP][PASSED] - sendKeys(findTestObject("ADMIN/Edit Text/Bespoke/Buyer Pages/Purchase Details/input_ITEM_purchase-item-txt"), "*"): Keys '*' sent to object: 'Object Repository/ADMIN/Edit Text/Bespoke/Buyer Pages/Purchase Details/input_ITEM_purchase-item-txt'

2020-03-20 10:20:48 - [MESSAGE][PASSED] - Keys '*' sent to object: 'Object Repository/ADMIN/Edit Text/Bespoke/Buyer Pages/Purchase Details/input_ITEM_purchase-item-txt'

2020-03-20 10:20:48 - [TEST_STEP][PASSED] - sendKeys(findTestObject("ADMIN/Edit Text/Bespoke/Buyer Pages/Purchase Details/input_PRICE_purchase-price-txt"), "*"): Keys '*' sent to object: 'Object Repository/ADMIN/Edit Text/Bespoke/Buyer Pages/Purchase Details/input_PRICE_purchase-price-txt'

2020-03-20 10:20:48 - [MESSAGE][PASSED] - Keys '*' sent to object: 'Object Repository/ADMIN/Edit Text/Bespoke/Buyer Pages/Purchase Details/input_PRICE_purchase-price-txt'

2020-03-20 10:20:48 - [TEST_STEP][PASSED] - sendKeys(findTestObject("ADMIN/Edit Text/Bespoke/Buyer Pages/Purchase Details/input_QTY_purchase-qty-txt"), "*"): Keys '*' sent to object: 'Object Repository/ADMIN/Edit Text/Bespoke/Buyer Pages/Purchase Details/input_QTY_purchase-qty-txt'

2020-03-20 10:20:48 - [MESSAGE][PASSED] - Keys '*' sent to object: 'Object Repository/ADMIN/Edit Text/Bespoke/Buyer Pages/Purchase Details/input_QTY_purchase-qty-txt'

2020-03-20 10:20:48 - [TEST_STEP][PASSED] - sendKeys(findTestObject("ADMIN/Edit Text/Bespoke/Buyer Pages/Purchase Details/input_DELIVERY_purchase-delivery-txt (1)"), "*"): Keys '*' sent to object: 'Object Repository/ADMIN/Edit Text/Bespoke/Buyer Pages/Purchase Details/input_DELIVERY_purchase-delivery-txt (1)'

2020-03-20 10:20:48 - [MESSAGE][PASSED] - Keys '*' sent to object: 'Object Repository/ADMIN/Edit Text/Bespoke/Buyer Pages/Purchase Details/input_DELIVERY_purchase-delivery-txt (1)'

2020-03-20 10:20:48 - [TEST_STEP][PASSED] - sendKeys(findTestObject("ADMIN/Edit Text/Bespoke/Buyer Pages/Purchase Details/input_ORDER STATUS_purchase-orderstatus-txt"), "*"): Keys '*' sent to object: 'Object Repository/ADMIN/Edit Text/Bespoke/Buyer Pages/Purchase Details/input_ORDER STATUS_purchase-orderstatus-txt'

2020-03-20 10:20:48 - [MESSAGE][PASSED] - Keys '*' sent to object: 'Object Repository/ADMIN/Edit Text/Bespoke/Buyer Pages/Purchase Details/input_ORDER STATUS_purchase-orderstatus-txt'

2020-03-20 10:20:48 - [TEST_STEP][PASSED] - sendKeys(findTestObject("ADMIN/Edit Text/Bespoke/Buyer Pages/Purchase Details/input_REVIEWS_purchase-review-txt"), "*"): Keys '*' sent to object: 'Object Repository/ADMIN/Edit Text/Bespoke/Buyer Pages/Purchase Details/input_REVIEWS_purchase-review-txt'

2020-03-20 10:20:48 - [MESSAGE][PASSED] - Keys '*' sent to object: 'Object Repository/ADMIN/Edit Text/Bespoke/Buyer Pages/Purchase Details/input_REVIEWS_purchase-review-txt'

2020-03-20 10:20:48 - [TEST_STEP][PASSED] - sendKeys(findTestObject("ADMIN/Edit Text/Bespoke/Buyer Pages/Purchase Details/input_Sold By_sold-by"), "*"): Keys '*' sent to object: 'Object Repository/ADMIN/Edit Text/Bespoke/Buyer Pages/Purchase Details/input_Sold By_sold-by'

2020-03-20 10:20:48 - [MESSAGE][PASSED] - Keys '*' sent to object: 'Object Repository/ADMIN/Edit Text/Bespoke/Buyer Pages/Purchase Details/input_Sold By_sold-by'

2020-03-20 10:20:48 - [TEST_STEP][PASSED] - sendKeys(findTestObject("ADMIN/Edit Text/Bespoke/Buyer Pages/Purchase Details/input_Contact_Contact"), "*"): Keys '*' sent to object: 'Object Repository/ADMIN/Edit Text/Bespoke/Buyer Pages/Purchase Details/input_Contact_Contact'

2020-03-20 10:20:48 - [MESSAGE][PASSED] - Keys '*' sent to object: 'Object Repository/ADMIN/Edit Text/Bespoke/Buyer Pages/Purchase Details/input_Contact_Contact'

2020-03-20 10:20:48 - [TEST_STEP][PASSED] - sendKeys(findTestObject("ADMIN/Edit Text/Bespoke/Buyer Pages/Purchase Details/input_Delivery_Delivery"), "*"): Keys '*' sent to object: 'Object Repository/ADMIN/Edit Text/Bespoke/Buyer Pages/Purchase Details/input_Delivery_Delivery'

2020-03-20 10:20:49 - [MESSAGE][PASSED] - Keys '*' sent to object: 'Object Repository/ADMIN/Edit Text/Bespoke/Buyer Pages/Purchase Details/input_Delivery_Delivery'

2020-03-20 10:20:49 - [TEST_STEP][PASSED] - sendKeys(findTestObject("ADMIN/Edit Text/Bespoke/Buyer Pages/Purchase Details/input_Pickup_Pickup"), "*"): Keys '*' sent to object: 'Object Repository/ADMIN/Edit Text/Bespoke/Buyer Pages/Purchase Details/input_Pickup_Pickup'

2020-03-20 10:20:49 - [MESSAGE][PASSED] - Keys '*' sent to object: 'Object Repository/ADMIN/Edit Text/Bespoke/Buyer Pages/Purchase Details/input_Pickup_Pickup'

2020-03-20 10:20:49 - [TEST_STEP][PASSED] - sendKeys(findTestObject("ADMIN/Edit Text/Bespoke/Buyer Pages/Purchase Details/input_Leave a feedback_purchase-leave-feedback-txt"), "*"): Keys '*' sent to object: 'Object Repository/ADMIN/Edit Text/Bespoke/Buyer Pages/Purchase Details/input_Leave a feedback_purchase-leave-feedback-txt'

2020-03-20 10:20:49 - [MESSAGE][PASSED] - Keys '*' sent to object: 'Object Repository/ADMIN/Edit Text/Bespoke/Buyer Pages/Purchase Details/input_Leave a feedback_purchase-leave-feedback-txt'

2020-03-20 10:20:49 - [TEST_STEP][PASSED] - sendKeys(findTestObject("ADMIN/Edit Text/Bespoke/Buyer Pages/Purchase Details/input_Left feedback_purchase-left-feedback-txt"), "*"): Keys '*' sent to object: 'Object Repository/ADMIN/Edit Text/Bespoke/Buyer Pages/Purchase Details/input_Left feedback_purchase-left-feedback-txt'

2020-03-20 10:20:49 - [MESSAGE][PASSED] - Keys '*' sent to object: 'Object Repository/ADMIN/Edit Text/Bespoke/Buyer Pages/Purchase Details/input_Left feedback_purchase-left-feedback-txt'

2020-03-20 10:20:49 - [TEST_STEP][PASSED] - sendKeys(findTestObject("ADMIN/Edit Text/Bespoke/Buyer Pages/Purchase Details/input_BACK TO LIST_btn_back"), "*"): Keys '*' sent to object: 'Object Repository/ADMIN/Edit Text/Bespoke/Buyer Pages/Purchase Details/input_BACK TO LIST_btn_back'

2020-03-20 10:20:49 - [MESSAGE][PASSED] - Keys '*' sent to object: 'Object Repository/ADMIN/Edit Text/Bespoke/Buyer Pages/Purchase Details/input_BACK TO LIST_btn_back'

2020-03-20 10:20:49 - [TEST_STEP][PASSED] - sendKeys(findTestObject("ADMIN/Edit Text/Bespoke/Buyer Pages/Purchase Details/input_LEFT A FEEDBACK FOR_popup-title"), "*"): Keys '*' sent to object: 'Object Repository/ADMIN/Edit Text/Bespoke/Buyer Pages/Purchase Details/input_LEFT A FEEDBACK FOR_popup-title'

2020-03-20 10:20:49 - [MESSAGE][PASSED] - Keys '*' sent to object: 'Object Repository/ADMIN/Edit Text/Bespoke/Buyer Pages/Purchase Details/input_LEFT A FEEDBACK FOR_popup-title'

2020-03-20 10:20:49 - [TEST_STEP][PASSED] - sendKeys(findTestObject("ADMIN/Edit Text/Bespoke/Buyer Pages/Purchase Details/input_How much do you rate this item_popup-desc"), "*"): Keys '*' sent to object: 'Object Repository/ADMIN/Edit Text/Bespoke/Buyer Pages/Purchase Details/input_How much do you rate this item_popup-desc'

2020-03-20 10:20:49 - [MESSAGE][PASSED] - Keys '*' sent to object: 'Object Repository/ADMIN/Edit Text/Bespoke/Buyer Pages/Purchase Details/input_How much do you rate this item_popup-desc'

2020-03-20 10:20:49 - [TEST_STEP][PASSED] - sendKeys(findTestObject("ADMIN/Edit Text/Bespoke/Buyer Pages/Purchase Details/input_Leave a feedback_leave-feedback"), "*"): Keys '*' sent to object: 'Object Repository/ADMIN/Edit Text/Bespoke/Buyer Pages/Purchase Details/input_Leave a feedback_leave-feedback'

2020-03-20 10:20:49 - [MESSAGE][PASSED] - Keys '*' sent to object: 'Object Repository/ADMIN/Edit Text/Bespoke/Buyer Pages/Purchase Details/input_Leave a feedback_leave-feedback'

2020-03-20 10:20:49 - [TEST_STEP][PASSED] - sendKeys(findTestObject("ADMIN/Edit Text/Bespoke/Buyer Pages/Purchase Details/input_Excellent_excellent"), "*"): Keys '*' sent to object: 'Object Repository/ADMIN/Edit Text/Bespoke/Buyer Pages/Purchase Details/input_Excellent_excellent'

2020-03-20 10:20:50 - [MESSAGE][PASSED] - Keys '*' sent to object: 'Object Repository/ADMIN/Edit Text/Bespoke/Buyer Pages/Purchase Details/input_Excellent_excellent'

2020-03-20 10:20:50 - [TEST_STEP][PASSED] - sendKeys(findTestObject("ADMIN/Edit Text/Bespoke/Buyer Pages/Purchase Details/input_Great_great"), "*"): Keys '*' sent to object: 'Object Repository/ADMIN/Edit Text/Bespoke/Buyer Pages/Purchase Details/input_Great_great'

2020-03-20 10:20:50 - [MESSAGE][PASSED] - Keys '*' sent to object: 'Object Repository/ADMIN/Edit Text/Bespoke/Buyer Pages/Purchase Details/input_Great_great'

2020-03-20 10:20:50 - [TEST_STEP][PASSED] - sendKeys(findTestObject("ADMIN/Edit Text/Bespoke/Buyer Pages/Purchase Details/input_Good_good"), "*"): Keys '*' sent to object: 'Object Repository/ADMIN/Edit Text/Bespoke/Buyer Pages/Purchase Details/input_Good_good'

2020-03-20 10:20:50 - [MESSAGE][PASSED] - Keys '*' sent to object: 'Object Repository/ADMIN/Edit Text/Bespoke/Buyer Pages/Purchase Details/input_Good_good'

2020-03-20 10:20:50 - [TEST_STEP][PASSED] - sendKeys(findTestObject("ADMIN/Edit Text/Bespoke/Buyer Pages/Purchase Details/input_Okay_ok"), "*"): Keys '*' sent to object: 'Object Repository/ADMIN/Edit Text/Bespoke/Buyer Pages/Purchase Details/input_Okay_ok'

2020-03-20 10:20:50 - [MESSAGE][PASSED] - Keys '*' sent to object: 'Object Repository/ADMIN/Edit Text/Bespoke/Buyer Pages/Purchase Details/input_Okay_ok'

2020-03-20 10:20:50 - [TEST_STEP][PASSED] - sendKeys(findTestObject("ADMIN/Edit Text/Bespoke/Buyer Pages/Purchase Details/input_Unsatisfied_Unsatisfied"), "*"): Keys '*' sent to object: 'Object Repository/ADMIN/Edit Text/Bespoke/Buyer Pages/Purchase Details/input_Unsatisfied_Unsatisfied'

2020-03-20 10:20:50 - [MESSAGE][PASSED] - Keys '*' sent to object: 'Object Repository/ADMIN/Edit Text/Bespoke/Buyer Pages/Purchase Details/input_Unsatisfied_Unsatisfied'

2020-03-20 10:20:50 - [TEST_STEP][PASSED] - sendKeys(findTestObject("ADMIN/Edit Text/Bespoke/Buyer Pages/Purchase Details/input_SUBMIT_btn_okay"), "*"): Keys '*' sent to object: 'Object Repository/ADMIN/Edit Text/Bespoke/Buyer Pages/Purchase Details/input_SUBMIT_btn_okay'

2020-03-20 10:20:50 - [MESSAGE][PASSED] - Keys '*' sent to object: 'Object Repository/ADMIN/Edit Text/Bespoke/Buyer Pages/Purchase Details/input_SUBMIT_btn_okay'

2020-03-20 10:20:50 - [TEST_STEP][PASSED] - click(findTestObject("ADMIN/Edit Text/Bespoke/Buyer Pages/Homepage/button_save"), CONTINUE_ON_FAILURE): Object: 'Object Repository/ADMIN/Edit Text/Bespoke/Buyer Pages/Homepage/button_save' is clicked on

2020-03-20 10:20:50 - [MESSAGE][PASSED] - Object: 'Object Repository/ADMIN/Edit Text/Bespoke/Buyer Pages/Homepage/button_save' is clicked on

2020-03-20 10:20:50 - [TEST_STEP][PASSED] - waitForElementVisible(findTestObject("ADMIN/Edit Text/Bespoke/Buyer Pages/Homepage/toaster_success"), 0): Object 'Object Repository/ADMIN/Edit Text/Bespoke/Buyer Pages/Homepage/toaster_success' is visible

2020-03-20 10:20:50 - [MESSAGE][WARNING] - Timeout '0' is invalid. Using default page load timeout: '30'

2020-03-20 10:20:51 - [MESSAGE][PASSED] - Object 'Object Repository/ADMIN/Edit Text/Bespoke/Buyer Pages/Homepage/toaster_success' is visible]]></system-out>
         <system-err><![CDATA[]]></system-err>
      </testcase>
      <testcase name="Test Cases/ADMIN/Language/Edit Text/Bespoke/Buyer Pages/Purchase Details" time="7.547" classname="Test Cases/ADMIN/Language/Edit Text/Bespoke/Buyer Pages/Purchase Details" status="PASSED">
         <system-out><![CDATA[2020-03-20 10:20:51 - [TEST_CASE][PASSED] - Test Cases/ADMIN/Language/Edit Text/Bespoke/Buyer Pages/Purchase Details: Test Cases/ADMIN/Language/Edit Text/Bespoke/Buyer Pages/Purchase Details

2020-03-20 10:20:51 - [TEST_STEP][PASSED] - waitForElementVisible(findTestObject("ADMIN/Edit Text/Bespoke/Buyer Navigation/dd_language"), 0): Object 'Object Repository/ADMIN/Edit Text/Bespoke/Buyer Navigation/dd_language' is visible

2020-03-20 10:20:51 - [MESSAGE][WARNING] - Timeout '0' is invalid. Using default page load timeout: '30'

2020-03-20 10:20:51 - [MESSAGE][PASSED] - Object 'Object Repository/ADMIN/Edit Text/Bespoke/Buyer Navigation/dd_language' is visible

2020-03-20 10:20:51 - [TEST_STEP][PASSED] - selectOptionByLabel(findTestObject("ADMIN/Edit Text/Bespoke/Buyer Navigation/dd_language"), varLanguage, false): All options with label 'Italian' are selected in object 'Object Repository/ADMIN/Edit Text/Bespoke/Buyer Navigation/dd_language' 

2020-03-20 10:20:52 - [MESSAGE][PASSED] - All options with label 'Italian' are selected in object 'Object Repository/ADMIN/Edit Text/Bespoke/Buyer Navigation/dd_language' 

2020-03-20 10:20:52 - [TEST_STEP][PASSED] - sendKeys(findTestObject("ADMIN/Edit Text/Bespoke/Buyer Pages/Purchase Details/input_INVOICE ID_purchase-invoice-id"), "*"): Keys '*' sent to object: 'Object Repository/ADMIN/Edit Text/Bespoke/Buyer Pages/Purchase Details/input_INVOICE ID_purchase-invoice-id'

2020-03-20 10:20:54 - [MESSAGE][PASSED] - Keys '*' sent to object: 'Object Repository/ADMIN/Edit Text/Bespoke/Buyer Pages/Purchase Details/input_INVOICE ID_purchase-invoice-id'

2020-03-20 10:20:54 - [TEST_STEP][PASSED] - sendKeys(findTestObject("ADMIN/Edit Text/Bespoke/Buyer Pages/Purchase Details/input_TIMESTAMP_purchase-timestamp"), "*"): Keys '*' sent to object: 'Object Repository/ADMIN/Edit Text/Bespoke/Buyer Pages/Purchase Details/input_TIMESTAMP_purchase-timestamp'

2020-03-20 10:20:54 - [MESSAGE][PASSED] - Keys '*' sent to object: 'Object Repository/ADMIN/Edit Text/Bespoke/Buyer Pages/Purchase Details/input_TIMESTAMP_purchase-timestamp'

2020-03-20 10:20:54 - [TEST_STEP][PASSED] - sendKeys(findTestObject("ADMIN/Edit Text/Bespoke/Buyer Pages/Purchase Details/input_DELIVERY ADDRESS_purchase-delivery"), "*"): Keys '*' sent to object: 'Object Repository/ADMIN/Edit Text/Bespoke/Buyer Pages/Purchase Details/input_DELIVERY ADDRESS_purchase-delivery'

2020-03-20 10:20:54 - [MESSAGE][PASSED] - Keys '*' sent to object: 'Object Repository/ADMIN/Edit Text/Bespoke/Buyer Pages/Purchase Details/input_DELIVERY ADDRESS_purchase-delivery'

2020-03-20 10:20:54 - [TEST_STEP][PASSED] - sendKeys(findTestObject("ADMIN/Edit Text/Bespoke/Buyer Pages/Purchase Details/input_TRANSACTION TOTAL_purchase-transaction-total"), "*"): Keys '*' sent to object: 'Object Repository/ADMIN/Edit Text/Bespoke/Buyer Pages/Purchase Details/input_TRANSACTION TOTAL_purchase-transaction-total'

2020-03-20 10:20:54 - [MESSAGE][PASSED] - Keys '*' sent to object: 'Object Repository/ADMIN/Edit Text/Bespoke/Buyer Pages/Purchase Details/input_TRANSACTION TOTAL_purchase-transaction-total'

2020-03-20 10:20:54 - [TEST_STEP][PASSED] - sendKeys(findTestObject("ADMIN/Edit Text/Bespoke/Buyer Pages/Purchase Details/input_Subtotal_purchase-subtotal-txt"), "*"): Keys '*' sent to object: 'Object Repository/ADMIN/Edit Text/Bespoke/Buyer Pages/Purchase Details/input_Subtotal_purchase-subtotal-txt'

2020-03-20 10:20:54 - [MESSAGE][PASSED] - Keys '*' sent to object: 'Object Repository/ADMIN/Edit Text/Bespoke/Buyer Pages/Purchase Details/input_Subtotal_purchase-subtotal-txt'

2020-03-20 10:20:54 - [TEST_STEP][PASSED] - sendKeys(findTestObject("ADMIN/Edit Text/Bespoke/Buyer Pages/Purchase Details/input_PAYMENT METHOD_payment_method"), "*"): Keys '*' sent to object: 'Object Repository/ADMIN/Edit Text/Bespoke/Buyer Pages/Purchase Details/input_PAYMENT METHOD_payment_method'

2020-03-20 10:20:54 - [MESSAGE][PASSED] - Keys '*' sent to object: 'Object Repository/ADMIN/Edit Text/Bespoke/Buyer Pages/Purchase Details/input_PAYMENT METHOD_payment_method'

2020-03-20 10:20:54 - [TEST_STEP][PASSED] - sendKeys(findTestObject("ADMIN/Edit Text/Bespoke/Buyer Pages/Purchase Details/input_Delivery_purchase-delivery-txt"), "*"): Keys '*' sent to object: 'Object Repository/ADMIN/Edit Text/Bespoke/Buyer Pages/Purchase Details/input_Delivery_purchase-delivery-txt'

2020-03-20 10:20:54 - [MESSAGE][PASSED] - Keys '*' sent to object: 'Object Repository/ADMIN/Edit Text/Bespoke/Buyer Pages/Purchase Details/input_Delivery_purchase-delivery-txt'

2020-03-20 10:20:54 - [TEST_STEP][PASSED] - sendKeys(findTestObject("ADMIN/Edit Text/Bespoke/Buyer Pages/Purchase Details/input_PAYMENT STATUS_payment_status"), "*"): Keys '*' sent to object: 'Object Repository/ADMIN/Edit Text/Bespoke/Buyer Pages/Purchase Details/input_PAYMENT STATUS_payment_status'

2020-03-20 10:20:54 - [MESSAGE][PASSED] - Keys '*' sent to object: 'Object Repository/ADMIN/Edit Text/Bespoke/Buyer Pages/Purchase Details/input_PAYMENT STATUS_payment_status'

2020-03-20 10:20:54 - [TEST_STEP][PASSED] - sendKeys(findTestObject("ADMIN/Edit Text/Bespoke/Buyer Pages/Purchase Details/input_Bulk Delivery Discount_purchase-bulk-delivery-discount-txt"), "*"): Keys '*' sent to object: 'Object Repository/ADMIN/Edit Text/Bespoke/Buyer Pages/Purchase Details/input_Bulk Delivery Discount_purchase-bulk-delivery-discount-txt'

2020-03-20 10:20:55 - [MESSAGE][PASSED] - Keys '*' sent to object: 'Object Repository/ADMIN/Edit Text/Bespoke/Buyer Pages/Purchase Details/input_Bulk Delivery Discount_purchase-bulk-delivery-discount-txt'

2020-03-20 10:20:55 - [TEST_STEP][PASSED] - sendKeys(findTestObject("ADMIN/Edit Text/Bespoke/Buyer Pages/Purchase Details/input_ITEM_purchase-item-txt"), "*"): Keys '*' sent to object: 'Object Repository/ADMIN/Edit Text/Bespoke/Buyer Pages/Purchase Details/input_ITEM_purchase-item-txt'

2020-03-20 10:20:55 - [MESSAGE][PASSED] - Keys '*' sent to object: 'Object Repository/ADMIN/Edit Text/Bespoke/Buyer Pages/Purchase Details/input_ITEM_purchase-item-txt'

2020-03-20 10:20:55 - [TEST_STEP][PASSED] - sendKeys(findTestObject("ADMIN/Edit Text/Bespoke/Buyer Pages/Purchase Details/input_PRICE_purchase-price-txt"), "*"): Keys '*' sent to object: 'Object Repository/ADMIN/Edit Text/Bespoke/Buyer Pages/Purchase Details/input_PRICE_purchase-price-txt'

2020-03-20 10:20:55 - [MESSAGE][PASSED] - Keys '*' sent to object: 'Object Repository/ADMIN/Edit Text/Bespoke/Buyer Pages/Purchase Details/input_PRICE_purchase-price-txt'

2020-03-20 10:20:55 - [TEST_STEP][PASSED] - sendKeys(findTestObject("ADMIN/Edit Text/Bespoke/Buyer Pages/Purchase Details/input_QTY_purchase-qty-txt"), "*"): Keys '*' sent to object: 'Object Repository/ADMIN/Edit Text/Bespoke/Buyer Pages/Purchase Details/input_QTY_purchase-qty-txt'

2020-03-20 10:20:55 - [MESSAGE][PASSED] - Keys '*' sent to object: 'Object Repository/ADMIN/Edit Text/Bespoke/Buyer Pages/Purchase Details/input_QTY_purchase-qty-txt'

2020-03-20 10:20:55 - [TEST_STEP][PASSED] - sendKeys(findTestObject("ADMIN/Edit Text/Bespoke/Buyer Pages/Purchase Details/input_DELIVERY_purchase-delivery-txt (1)"), "*"): Keys '*' sent to object: 'Object Repository/ADMIN/Edit Text/Bespoke/Buyer Pages/Purchase Details/input_DELIVERY_purchase-delivery-txt (1)'

2020-03-20 10:20:55 - [MESSAGE][PASSED] - Keys '*' sent to object: 'Object Repository/ADMIN/Edit Text/Bespoke/Buyer Pages/Purchase Details/input_DELIVERY_purchase-delivery-txt (1)'

2020-03-20 10:20:55 - [TEST_STEP][PASSED] - sendKeys(findTestObject("ADMIN/Edit Text/Bespoke/Buyer Pages/Purchase Details/input_ORDER STATUS_purchase-orderstatus-txt"), "*"): Keys '*' sent to object: 'Object Repository/ADMIN/Edit Text/Bespoke/Buyer Pages/Purchase Details/input_ORDER STATUS_purchase-orderstatus-txt'

2020-03-20 10:20:55 - [MESSAGE][PASSED] - Keys '*' sent to object: 'Object Repository/ADMIN/Edit Text/Bespoke/Buyer Pages/Purchase Details/input_ORDER STATUS_purchase-orderstatus-txt'

2020-03-20 10:20:55 - [TEST_STEP][PASSED] - sendKeys(findTestObject("ADMIN/Edit Text/Bespoke/Buyer Pages/Purchase Details/input_REVIEWS_purchase-review-txt"), "*"): Keys '*' sent to object: 'Object Repository/ADMIN/Edit Text/Bespoke/Buyer Pages/Purchase Details/input_REVIEWS_purchase-review-txt'

2020-03-20 10:20:55 - [MESSAGE][PASSED] - Keys '*' sent to object: 'Object Repository/ADMIN/Edit Text/Bespoke/Buyer Pages/Purchase Details/input_REVIEWS_purchase-review-txt'

2020-03-20 10:20:55 - [TEST_STEP][PASSED] - sendKeys(findTestObject("ADMIN/Edit Text/Bespoke/Buyer Pages/Purchase Details/input_Sold By_sold-by"), "*"): Keys '*' sent to object: 'Object Repository/ADMIN/Edit Text/Bespoke/Buyer Pages/Purchase Details/input_Sold By_sold-by'

2020-03-20 10:20:55 - [MESSAGE][PASSED] - Keys '*' sent to object: 'Object Repository/ADMIN/Edit Text/Bespoke/Buyer Pages/Purchase Details/input_Sold By_sold-by'

2020-03-20 10:20:55 - [TEST_STEP][PASSED] - sendKeys(findTestObject("ADMIN/Edit Text/Bespoke/Buyer Pages/Purchase Details/input_Contact_Contact"), "*"): Keys '*' sent to object: 'Object Repository/ADMIN/Edit Text/Bespoke/Buyer Pages/Purchase Details/input_Contact_Contact'

2020-03-20 10:20:56 - [MESSAGE][PASSED] - Keys '*' sent to object: 'Object Repository/ADMIN/Edit Text/Bespoke/Buyer Pages/Purchase Details/input_Contact_Contact'

2020-03-20 10:20:56 - [TEST_STEP][PASSED] - sendKeys(findTestObject("ADMIN/Edit Text/Bespoke/Buyer Pages/Purchase Details/input_Delivery_Delivery"), "*"): Keys '*' sent to object: 'Object Repository/ADMIN/Edit Text/Bespoke/Buyer Pages/Purchase Details/input_Delivery_Delivery'

2020-03-20 10:20:56 - [MESSAGE][PASSED] - Keys '*' sent to object: 'Object Repository/ADMIN/Edit Text/Bespoke/Buyer Pages/Purchase Details/input_Delivery_Delivery'

2020-03-20 10:20:56 - [TEST_STEP][PASSED] - sendKeys(findTestObject("ADMIN/Edit Text/Bespoke/Buyer Pages/Purchase Details/input_Pickup_Pickup"), "*"): Keys '*' sent to object: 'Object Repository/ADMIN/Edit Text/Bespoke/Buyer Pages/Purchase Details/input_Pickup_Pickup'

2020-03-20 10:20:56 - [MESSAGE][PASSED] - Keys '*' sent to object: 'Object Repository/ADMIN/Edit Text/Bespoke/Buyer Pages/Purchase Details/input_Pickup_Pickup'

2020-03-20 10:20:56 - [TEST_STEP][PASSED] - sendKeys(findTestObject("ADMIN/Edit Text/Bespoke/Buyer Pages/Purchase Details/input_Leave a feedback_purchase-leave-feedback-txt"), "*"): Keys '*' sent to object: 'Object Repository/ADMIN/Edit Text/Bespoke/Buyer Pages/Purchase Details/input_Leave a feedback_purchase-leave-feedback-txt'

2020-03-20 10:20:56 - [MESSAGE][PASSED] - Keys '*' sent to object: 'Object Repository/ADMIN/Edit Text/Bespoke/Buyer Pages/Purchase Details/input_Leave a feedback_purchase-leave-feedback-txt'

2020-03-20 10:20:56 - [TEST_STEP][PASSED] - sendKeys(findTestObject("ADMIN/Edit Text/Bespoke/Buyer Pages/Purchase Details/input_Left feedback_purchase-left-feedback-txt"), "*"): Keys '*' sent to object: 'Object Repository/ADMIN/Edit Text/Bespoke/Buyer Pages/Purchase Details/input_Left feedback_purchase-left-feedback-txt'

2020-03-20 10:20:56 - [MESSAGE][PASSED] - Keys '*' sent to object: 'Object Repository/ADMIN/Edit Text/Bespoke/Buyer Pages/Purchase Details/input_Left feedback_purchase-left-feedback-txt'

2020-03-20 10:20:56 - [TEST_STEP][PASSED] - sendKeys(findTestObject("ADMIN/Edit Text/Bespoke/Buyer Pages/Purchase Details/input_BACK TO LIST_btn_back"), "*"): Keys '*' sent to object: 'Object Repository/ADMIN/Edit Text/Bespoke/Buyer Pages/Purchase Details/input_BACK TO LIST_btn_back'

2020-03-20 10:20:56 - [MESSAGE][PASSED] - Keys '*' sent to object: 'Object Repository/ADMIN/Edit Text/Bespoke/Buyer Pages/Purchase Details/input_BACK TO LIST_btn_back'

2020-03-20 10:20:56 - [TEST_STEP][PASSED] - sendKeys(findTestObject("ADMIN/Edit Text/Bespoke/Buyer Pages/Purchase Details/input_LEFT A FEEDBACK FOR_popup-title"), "*"): Keys '*' sent to object: 'Object Repository/ADMIN/Edit Text/Bespoke/Buyer Pages/Purchase Details/input_LEFT A FEEDBACK FOR_popup-title'

2020-03-20 10:20:57 - [MESSAGE][PASSED] - Keys '*' sent to object: 'Object Repository/ADMIN/Edit Text/Bespoke/Buyer Pages/Purchase Details/input_LEFT A FEEDBACK FOR_popup-title'

2020-03-20 10:20:57 - [TEST_STEP][PASSED] - sendKeys(findTestObject("ADMIN/Edit Text/Bespoke/Buyer Pages/Purchase Details/input_How much do you rate this item_popup-desc"), "*"): Keys '*' sent to object: 'Object Repository/ADMIN/Edit Text/Bespoke/Buyer Pages/Purchase Details/input_How much do you rate this item_popup-desc'

2020-03-20 10:20:57 - [MESSAGE][PASSED] - Keys '*' sent to object: 'Object Repository/ADMIN/Edit Text/Bespoke/Buyer Pages/Purchase Details/input_How much do you rate this item_popup-desc'

2020-03-20 10:20:57 - [TEST_STEP][PASSED] - sendKeys(findTestObject("ADMIN/Edit Text/Bespoke/Buyer Pages/Purchase Details/input_Leave a feedback_leave-feedback"), "*"): Keys '*' sent to object: 'Object Repository/ADMIN/Edit Text/Bespoke/Buyer Pages/Purchase Details/input_Leave a feedback_leave-feedback'

2020-03-20 10:20:57 - [MESSAGE][PASSED] - Keys '*' sent to object: 'Object Repository/ADMIN/Edit Text/Bespoke/Buyer Pages/Purchase Details/input_Leave a feedback_leave-feedback'

2020-03-20 10:20:57 - [TEST_STEP][PASSED] - sendKeys(findTestObject("ADMIN/Edit Text/Bespoke/Buyer Pages/Purchase Details/input_Excellent_excellent"), "*"): Keys '*' sent to object: 'Object Repository/ADMIN/Edit Text/Bespoke/Buyer Pages/Purchase Details/input_Excellent_excellent'

2020-03-20 10:20:57 - [MESSAGE][PASSED] - Keys '*' sent to object: 'Object Repository/ADMIN/Edit Text/Bespoke/Buyer Pages/Purchase Details/input_Excellent_excellent'

2020-03-20 10:20:57 - [TEST_STEP][PASSED] - sendKeys(findTestObject("ADMIN/Edit Text/Bespoke/Buyer Pages/Purchase Details/input_Great_great"), "*"): Keys '*' sent to object: 'Object Repository/ADMIN/Edit Text/Bespoke/Buyer Pages/Purchase Details/input_Great_great'

2020-03-20 10:20:57 - [MESSAGE][PASSED] - Keys '*' sent to object: 'Object Repository/ADMIN/Edit Text/Bespoke/Buyer Pages/Purchase Details/input_Great_great'

2020-03-20 10:20:57 - [TEST_STEP][PASSED] - sendKeys(findTestObject("ADMIN/Edit Text/Bespoke/Buyer Pages/Purchase Details/input_Good_good"), "*"): Keys '*' sent to object: 'Object Repository/ADMIN/Edit Text/Bespoke/Buyer Pages/Purchase Details/input_Good_good'

2020-03-20 10:20:57 - [MESSAGE][PASSED] - Keys '*' sent to object: 'Object Repository/ADMIN/Edit Text/Bespoke/Buyer Pages/Purchase Details/input_Good_good'

2020-03-20 10:20:57 - [TEST_STEP][PASSED] - sendKeys(findTestObject("ADMIN/Edit Text/Bespoke/Buyer Pages/Purchase Details/input_Okay_ok"), "*"): Keys '*' sent to object: 'Object Repository/ADMIN/Edit Text/Bespoke/Buyer Pages/Purchase Details/input_Okay_ok'

2020-03-20 10:20:57 - [MESSAGE][PASSED] - Keys '*' sent to object: 'Object Repository/ADMIN/Edit Text/Bespoke/Buyer Pages/Purchase Details/input_Okay_ok'

2020-03-20 10:20:57 - [TEST_STEP][PASSED] - sendKeys(findTestObject("ADMIN/Edit Text/Bespoke/Buyer Pages/Purchase Details/input_Unsatisfied_Unsatisfied"), "*"): Keys '*' sent to object: 'Object Repository/ADMIN/Edit Text/Bespoke/Buyer Pages/Purchase Details/input_Unsatisfied_Unsatisfied'

2020-03-20 10:20:58 - [MESSAGE][PASSED] - Keys '*' sent to object: 'Object Repository/ADMIN/Edit Text/Bespoke/Buyer Pages/Purchase Details/input_Unsatisfied_Unsatisfied'

2020-03-20 10:20:58 - [TEST_STEP][PASSED] - sendKeys(findTestObject("ADMIN/Edit Text/Bespoke/Buyer Pages/Purchase Details/input_SUBMIT_btn_okay"), "*"): Keys '*' sent to object: 'Object Repository/ADMIN/Edit Text/Bespoke/Buyer Pages/Purchase Details/input_SUBMIT_btn_okay'

2020-03-20 10:20:58 - [MESSAGE][PASSED] - Keys '*' sent to object: 'Object Repository/ADMIN/Edit Text/Bespoke/Buyer Pages/Purchase Details/input_SUBMIT_btn_okay'

2020-03-20 10:20:58 - [TEST_STEP][PASSED] - click(findTestObject("ADMIN/Edit Text/Bespoke/Buyer Pages/Homepage/button_save"), CONTINUE_ON_FAILURE): Object: 'Object Repository/ADMIN/Edit Text/Bespoke/Buyer Pages/Homepage/button_save' is clicked on

2020-03-20 10:20:58 - [MESSAGE][PASSED] - Object: 'Object Repository/ADMIN/Edit Text/Bespoke/Buyer Pages/Homepage/button_save' is clicked on

2020-03-20 10:20:58 - [TEST_STEP][PASSED] - waitForElementVisible(findTestObject("ADMIN/Edit Text/Bespoke/Buyer Pages/Homepage/toaster_success"), 0): Object 'Object Repository/ADMIN/Edit Text/Bespoke/Buyer Pages/Homepage/toaster_success' is visible

2020-03-20 10:20:58 - [MESSAGE][WARNING] - Timeout '0' is invalid. Using default page load timeout: '30'

2020-03-20 10:20:58 - [MESSAGE][PASSED] - Object 'Object Repository/ADMIN/Edit Text/Bespoke/Buyer Pages/Homepage/toaster_success' is visible]]></system-out>
         <system-err><![CDATA[]]></system-err>
      </testcase>
      <testcase name="Test Cases/ADMIN/Language/Edit Text/Bespoke/Buyer Pages/Purchase Details" time="7.233" classname="Test Cases/ADMIN/Language/Edit Text/Bespoke/Buyer Pages/Purchase Details" status="PASSED">
         <system-out><![CDATA[2020-03-20 10:20:58 - [TEST_CASE][PASSED] - Test Cases/ADMIN/Language/Edit Text/Bespoke/Buyer Pages/Purchase Details: Test Cases/ADMIN/Language/Edit Text/Bespoke/Buyer Pages/Purchase Details

2020-03-20 10:20:59 - [TEST_STEP][PASSED] - waitForElementVisible(findTestObject("ADMIN/Edit Text/Bespoke/Buyer Navigation/dd_language"), 0): Object 'Object Repository/ADMIN/Edit Text/Bespoke/Buyer Navigation/dd_language' is visible

2020-03-20 10:20:59 - [MESSAGE][WARNING] - Timeout '0' is invalid. Using default page load timeout: '30'

2020-03-20 10:20:59 - [MESSAGE][PASSED] - Object 'Object Repository/ADMIN/Edit Text/Bespoke/Buyer Navigation/dd_language' is visible

2020-03-20 10:20:59 - [TEST_STEP][PASSED] - selectOptionByLabel(findTestObject("ADMIN/Edit Text/Bespoke/Buyer Navigation/dd_language"), varLanguage, false): All options with label 'Arabic' are selected in object 'Object Repository/ADMIN/Edit Text/Bespoke/Buyer Navigation/dd_language' 

2020-03-20 10:21:01 - [MESSAGE][PASSED] - All options with label 'Arabic' are selected in object 'Object Repository/ADMIN/Edit Text/Bespoke/Buyer Navigation/dd_language' 

2020-03-20 10:21:01 - [TEST_STEP][PASSED] - sendKeys(findTestObject("ADMIN/Edit Text/Bespoke/Buyer Pages/Purchase Details/input_INVOICE ID_purchase-invoice-id"), "*"): Keys '*' sent to object: 'Object Repository/ADMIN/Edit Text/Bespoke/Buyer Pages/Purchase Details/input_INVOICE ID_purchase-invoice-id'

2020-03-20 10:21:01 - [MESSAGE][PASSED] - Keys '*' sent to object: 'Object Repository/ADMIN/Edit Text/Bespoke/Buyer Pages/Purchase Details/input_INVOICE ID_purchase-invoice-id'

2020-03-20 10:21:01 - [TEST_STEP][PASSED] - sendKeys(findTestObject("ADMIN/Edit Text/Bespoke/Buyer Pages/Purchase Details/input_TIMESTAMP_purchase-timestamp"), "*"): Keys '*' sent to object: 'Object Repository/ADMIN/Edit Text/Bespoke/Buyer Pages/Purchase Details/input_TIMESTAMP_purchase-timestamp'

2020-03-20 10:21:01 - [MESSAGE][PASSED] - Keys '*' sent to object: 'Object Repository/ADMIN/Edit Text/Bespoke/Buyer Pages/Purchase Details/input_TIMESTAMP_purchase-timestamp'

2020-03-20 10:21:01 - [TEST_STEP][PASSED] - sendKeys(findTestObject("ADMIN/Edit Text/Bespoke/Buyer Pages/Purchase Details/input_DELIVERY ADDRESS_purchase-delivery"), "*"): Keys '*' sent to object: 'Object Repository/ADMIN/Edit Text/Bespoke/Buyer Pages/Purchase Details/input_DELIVERY ADDRESS_purchase-delivery'

2020-03-20 10:21:01 - [MESSAGE][PASSED] - Keys '*' sent to object: 'Object Repository/ADMIN/Edit Text/Bespoke/Buyer Pages/Purchase Details/input_DELIVERY ADDRESS_purchase-delivery'

2020-03-20 10:21:01 - [TEST_STEP][PASSED] - sendKeys(findTestObject("ADMIN/Edit Text/Bespoke/Buyer Pages/Purchase Details/input_TRANSACTION TOTAL_purchase-transaction-total"), "*"): Keys '*' sent to object: 'Object Repository/ADMIN/Edit Text/Bespoke/Buyer Pages/Purchase Details/input_TRANSACTION TOTAL_purchase-transaction-total'

2020-03-20 10:21:02 - [MESSAGE][PASSED] - Keys '*' sent to object: 'Object Repository/ADMIN/Edit Text/Bespoke/Buyer Pages/Purchase Details/input_TRANSACTION TOTAL_purchase-transaction-total'

2020-03-20 10:21:02 - [TEST_STEP][PASSED] - sendKeys(findTestObject("ADMIN/Edit Text/Bespoke/Buyer Pages/Purchase Details/input_Subtotal_purchase-subtotal-txt"), "*"): Keys '*' sent to object: 'Object Repository/ADMIN/Edit Text/Bespoke/Buyer Pages/Purchase Details/input_Subtotal_purchase-subtotal-txt'

2020-03-20 10:21:02 - [MESSAGE][PASSED] - Keys '*' sent to object: 'Object Repository/ADMIN/Edit Text/Bespoke/Buyer Pages/Purchase Details/input_Subtotal_purchase-subtotal-txt'

2020-03-20 10:21:02 - [TEST_STEP][PASSED] - sendKeys(findTestObject("ADMIN/Edit Text/Bespoke/Buyer Pages/Purchase Details/input_PAYMENT METHOD_payment_method"), "*"): Keys '*' sent to object: 'Object Repository/ADMIN/Edit Text/Bespoke/Buyer Pages/Purchase Details/input_PAYMENT METHOD_payment_method'

2020-03-20 10:21:02 - [MESSAGE][PASSED] - Keys '*' sent to object: 'Object Repository/ADMIN/Edit Text/Bespoke/Buyer Pages/Purchase Details/input_PAYMENT METHOD_payment_method'

2020-03-20 10:21:02 - [TEST_STEP][PASSED] - sendKeys(findTestObject("ADMIN/Edit Text/Bespoke/Buyer Pages/Purchase Details/input_Delivery_purchase-delivery-txt"), "*"): Keys '*' sent to object: 'Object Repository/ADMIN/Edit Text/Bespoke/Buyer Pages/Purchase Details/input_Delivery_purchase-delivery-txt'

2020-03-20 10:21:02 - [MESSAGE][PASSED] - Keys '*' sent to object: 'Object Repository/ADMIN/Edit Text/Bespoke/Buyer Pages/Purchase Details/input_Delivery_purchase-delivery-txt'

2020-03-20 10:21:02 - [TEST_STEP][PASSED] - sendKeys(findTestObject("ADMIN/Edit Text/Bespoke/Buyer Pages/Purchase Details/input_PAYMENT STATUS_payment_status"), "*"): Keys '*' sent to object: 'Object Repository/ADMIN/Edit Text/Bespoke/Buyer Pages/Purchase Details/input_PAYMENT STATUS_payment_status'

2020-03-20 10:21:02 - [MESSAGE][PASSED] - Keys '*' sent to object: 'Object Repository/ADMIN/Edit Text/Bespoke/Buyer Pages/Purchase Details/input_PAYMENT STATUS_payment_status'

2020-03-20 10:21:02 - [TEST_STEP][PASSED] - sendKeys(findTestObject("ADMIN/Edit Text/Bespoke/Buyer Pages/Purchase Details/input_Bulk Delivery Discount_purchase-bulk-delivery-discount-txt"), "*"): Keys '*' sent to object: 'Object Repository/ADMIN/Edit Text/Bespoke/Buyer Pages/Purchase Details/input_Bulk Delivery Discount_purchase-bulk-delivery-discount-txt'

2020-03-20 10:21:02 - [MESSAGE][PASSED] - Keys '*' sent to object: 'Object Repository/ADMIN/Edit Text/Bespoke/Buyer Pages/Purchase Details/input_Bulk Delivery Discount_purchase-bulk-delivery-discount-txt'

2020-03-20 10:21:02 - [TEST_STEP][PASSED] - sendKeys(findTestObject("ADMIN/Edit Text/Bespoke/Buyer Pages/Purchase Details/input_ITEM_purchase-item-txt"), "*"): Keys '*' sent to object: 'Object Repository/ADMIN/Edit Text/Bespoke/Buyer Pages/Purchase Details/input_ITEM_purchase-item-txt'

2020-03-20 10:21:02 - [MESSAGE][PASSED] - Keys '*' sent to object: 'Object Repository/ADMIN/Edit Text/Bespoke/Buyer Pages/Purchase Details/input_ITEM_purchase-item-txt'

2020-03-20 10:21:02 - [TEST_STEP][PASSED] - sendKeys(findTestObject("ADMIN/Edit Text/Bespoke/Buyer Pages/Purchase Details/input_PRICE_purchase-price-txt"), "*"): Keys '*' sent to object: 'Object Repository/ADMIN/Edit Text/Bespoke/Buyer Pages/Purchase Details/input_PRICE_purchase-price-txt'

2020-03-20 10:21:02 - [MESSAGE][PASSED] - Keys '*' sent to object: 'Object Repository/ADMIN/Edit Text/Bespoke/Buyer Pages/Purchase Details/input_PRICE_purchase-price-txt'

2020-03-20 10:21:02 - [TEST_STEP][PASSED] - sendKeys(findTestObject("ADMIN/Edit Text/Bespoke/Buyer Pages/Purchase Details/input_QTY_purchase-qty-txt"), "*"): Keys '*' sent to object: 'Object Repository/ADMIN/Edit Text/Bespoke/Buyer Pages/Purchase Details/input_QTY_purchase-qty-txt'

2020-03-20 10:21:03 - [MESSAGE][PASSED] - Keys '*' sent to object: 'Object Repository/ADMIN/Edit Text/Bespoke/Buyer Pages/Purchase Details/input_QTY_purchase-qty-txt'

2020-03-20 10:21:03 - [TEST_STEP][PASSED] - sendKeys(findTestObject("ADMIN/Edit Text/Bespoke/Buyer Pages/Purchase Details/input_DELIVERY_purchase-delivery-txt (1)"), "*"): Keys '*' sent to object: 'Object Repository/ADMIN/Edit Text/Bespoke/Buyer Pages/Purchase Details/input_DELIVERY_purchase-delivery-txt (1)'

2020-03-20 10:21:03 - [MESSAGE][PASSED] - Keys '*' sent to object: 'Object Repository/ADMIN/Edit Text/Bespoke/Buyer Pages/Purchase Details/input_DELIVERY_purchase-delivery-txt (1)'

2020-03-20 10:21:03 - [TEST_STEP][PASSED] - sendKeys(findTestObject("ADMIN/Edit Text/Bespoke/Buyer Pages/Purchase Details/input_ORDER STATUS_purchase-orderstatus-txt"), "*"): Keys '*' sent to object: 'Object Repository/ADMIN/Edit Text/Bespoke/Buyer Pages/Purchase Details/input_ORDER STATUS_purchase-orderstatus-txt'

2020-03-20 10:21:03 - [MESSAGE][PASSED] - Keys '*' sent to object: 'Object Repository/ADMIN/Edit Text/Bespoke/Buyer Pages/Purchase Details/input_ORDER STATUS_purchase-orderstatus-txt'

2020-03-20 10:21:03 - [TEST_STEP][PASSED] - sendKeys(findTestObject("ADMIN/Edit Text/Bespoke/Buyer Pages/Purchase Details/input_REVIEWS_purchase-review-txt"), "*"): Keys '*' sent to object: 'Object Repository/ADMIN/Edit Text/Bespoke/Buyer Pages/Purchase Details/input_REVIEWS_purchase-review-txt'

2020-03-20 10:21:03 - [MESSAGE][PASSED] - Keys '*' sent to object: 'Object Repository/ADMIN/Edit Text/Bespoke/Buyer Pages/Purchase Details/input_REVIEWS_purchase-review-txt'

2020-03-20 10:21:03 - [TEST_STEP][PASSED] - sendKeys(findTestObject("ADMIN/Edit Text/Bespoke/Buyer Pages/Purchase Details/input_Sold By_sold-by"), "*"): Keys '*' sent to object: 'Object Repository/ADMIN/Edit Text/Bespoke/Buyer Pages/Purchase Details/input_Sold By_sold-by'

2020-03-20 10:21:03 - [MESSAGE][PASSED] - Keys '*' sent to object: 'Object Repository/ADMIN/Edit Text/Bespoke/Buyer Pages/Purchase Details/input_Sold By_sold-by'

2020-03-20 10:21:03 - [TEST_STEP][PASSED] - sendKeys(findTestObject("ADMIN/Edit Text/Bespoke/Buyer Pages/Purchase Details/input_Contact_Contact"), "*"): Keys '*' sent to object: 'Object Repository/ADMIN/Edit Text/Bespoke/Buyer Pages/Purchase Details/input_Contact_Contact'

2020-03-20 10:21:03 - [MESSAGE][PASSED] - Keys '*' sent to object: 'Object Repository/ADMIN/Edit Text/Bespoke/Buyer Pages/Purchase Details/input_Contact_Contact'

2020-03-20 10:21:03 - [TEST_STEP][PASSED] - sendKeys(findTestObject("ADMIN/Edit Text/Bespoke/Buyer Pages/Purchase Details/input_Delivery_Delivery"), "*"): Keys '*' sent to object: 'Object Repository/ADMIN/Edit Text/Bespoke/Buyer Pages/Purchase Details/input_Delivery_Delivery'

2020-03-20 10:21:03 - [MESSAGE][PASSED] - Keys '*' sent to object: 'Object Repository/ADMIN/Edit Text/Bespoke/Buyer Pages/Purchase Details/input_Delivery_Delivery'

2020-03-20 10:21:03 - [TEST_STEP][PASSED] - sendKeys(findTestObject("ADMIN/Edit Text/Bespoke/Buyer Pages/Purchase Details/input_Pickup_Pickup"), "*"): Keys '*' sent to object: 'Object Repository/ADMIN/Edit Text/Bespoke/Buyer Pages/Purchase Details/input_Pickup_Pickup'

2020-03-20 10:21:03 - [MESSAGE][PASSED] - Keys '*' sent to object: 'Object Repository/ADMIN/Edit Text/Bespoke/Buyer Pages/Purchase Details/input_Pickup_Pickup'

2020-03-20 10:21:03 - [TEST_STEP][PASSED] - sendKeys(findTestObject("ADMIN/Edit Text/Bespoke/Buyer Pages/Purchase Details/input_Leave a feedback_purchase-leave-feedback-txt"), "*"): Keys '*' sent to object: 'Object Repository/ADMIN/Edit Text/Bespoke/Buyer Pages/Purchase Details/input_Leave a feedback_purchase-leave-feedback-txt'

2020-03-20 10:21:04 - [MESSAGE][PASSED] - Keys '*' sent to object: 'Object Repository/ADMIN/Edit Text/Bespoke/Buyer Pages/Purchase Details/input_Leave a feedback_purchase-leave-feedback-txt'

2020-03-20 10:21:04 - [TEST_STEP][PASSED] - sendKeys(findTestObject("ADMIN/Edit Text/Bespoke/Buyer Pages/Purchase Details/input_Left feedback_purchase-left-feedback-txt"), "*"): Keys '*' sent to object: 'Object Repository/ADMIN/Edit Text/Bespoke/Buyer Pages/Purchase Details/input_Left feedback_purchase-left-feedback-txt'

2020-03-20 10:21:04 - [MESSAGE][PASSED] - Keys '*' sent to object: 'Object Repository/ADMIN/Edit Text/Bespoke/Buyer Pages/Purchase Details/input_Left feedback_purchase-left-feedback-txt'

2020-03-20 10:21:04 - [TEST_STEP][PASSED] - sendKeys(findTestObject("ADMIN/Edit Text/Bespoke/Buyer Pages/Purchase Details/input_BACK TO LIST_btn_back"), "*"): Keys '*' sent to object: 'Object Repository/ADMIN/Edit Text/Bespoke/Buyer Pages/Purchase Details/input_BACK TO LIST_btn_back'

2020-03-20 10:21:04 - [MESSAGE][PASSED] - Keys '*' sent to object: 'Object Repository/ADMIN/Edit Text/Bespoke/Buyer Pages/Purchase Details/input_BACK TO LIST_btn_back'

2020-03-20 10:21:04 - [TEST_STEP][PASSED] - sendKeys(findTestObject("ADMIN/Edit Text/Bespoke/Buyer Pages/Purchase Details/input_LEFT A FEEDBACK FOR_popup-title"), "*"): Keys '*' sent to object: 'Object Repository/ADMIN/Edit Text/Bespoke/Buyer Pages/Purchase Details/input_LEFT A FEEDBACK FOR_popup-title'

2020-03-20 10:21:04 - [MESSAGE][PASSED] - Keys '*' sent to object: 'Object Repository/ADMIN/Edit Text/Bespoke/Buyer Pages/Purchase Details/input_LEFT A FEEDBACK FOR_popup-title'

2020-03-20 10:21:04 - [TEST_STEP][PASSED] - sendKeys(findTestObject("ADMIN/Edit Text/Bespoke/Buyer Pages/Purchase Details/input_How much do you rate this item_popup-desc"), "*"): Keys '*' sent to object: 'Object Repository/ADMIN/Edit Text/Bespoke/Buyer Pages/Purchase Details/input_How much do you rate this item_popup-desc'

2020-03-20 10:21:04 - [MESSAGE][PASSED] - Keys '*' sent to object: 'Object Repository/ADMIN/Edit Text/Bespoke/Buyer Pages/Purchase Details/input_How much do you rate this item_popup-desc'

2020-03-20 10:21:04 - [TEST_STEP][PASSED] - sendKeys(findTestObject("ADMIN/Edit Text/Bespoke/Buyer Pages/Purchase Details/input_Leave a feedback_leave-feedback"), "*"): Keys '*' sent to object: 'Object Repository/ADMIN/Edit Text/Bespoke/Buyer Pages/Purchase Details/input_Leave a feedback_leave-feedback'

2020-03-20 10:21:04 - [MESSAGE][PASSED] - Keys '*' sent to object: 'Object Repository/ADMIN/Edit Text/Bespoke/Buyer Pages/Purchase Details/input_Leave a feedback_leave-feedback'

2020-03-20 10:21:04 - [TEST_STEP][PASSED] - sendKeys(findTestObject("ADMIN/Edit Text/Bespoke/Buyer Pages/Purchase Details/input_Excellent_excellent"), "*"): Keys '*' sent to object: 'Object Repository/ADMIN/Edit Text/Bespoke/Buyer Pages/Purchase Details/input_Excellent_excellent'

2020-03-20 10:21:04 - [MESSAGE][PASSED] - Keys '*' sent to object: 'Object Repository/ADMIN/Edit Text/Bespoke/Buyer Pages/Purchase Details/input_Excellent_excellent'

2020-03-20 10:21:04 - [TEST_STEP][PASSED] - sendKeys(findTestObject("ADMIN/Edit Text/Bespoke/Buyer Pages/Purchase Details/input_Great_great"), "*"): Keys '*' sent to object: 'Object Repository/ADMIN/Edit Text/Bespoke/Buyer Pages/Purchase Details/input_Great_great'

2020-03-20 10:21:04 - [MESSAGE][PASSED] - Keys '*' sent to object: 'Object Repository/ADMIN/Edit Text/Bespoke/Buyer Pages/Purchase Details/input_Great_great'

2020-03-20 10:21:04 - [TEST_STEP][PASSED] - sendKeys(findTestObject("ADMIN/Edit Text/Bespoke/Buyer Pages/Purchase Details/input_Good_good"), "*"): Keys '*' sent to object: 'Object Repository/ADMIN/Edit Text/Bespoke/Buyer Pages/Purchase Details/input_Good_good'

2020-03-20 10:21:05 - [MESSAGE][PASSED] - Keys '*' sent to object: 'Object Repository/ADMIN/Edit Text/Bespoke/Buyer Pages/Purchase Details/input_Good_good'

2020-03-20 10:21:05 - [TEST_STEP][PASSED] - sendKeys(findTestObject("ADMIN/Edit Text/Bespoke/Buyer Pages/Purchase Details/input_Okay_ok"), "*"): Keys '*' sent to object: 'Object Repository/ADMIN/Edit Text/Bespoke/Buyer Pages/Purchase Details/input_Okay_ok'

2020-03-20 10:21:05 - [MESSAGE][PASSED] - Keys '*' sent to object: 'Object Repository/ADMIN/Edit Text/Bespoke/Buyer Pages/Purchase Details/input_Okay_ok'

2020-03-20 10:21:05 - [TEST_STEP][PASSED] - sendKeys(findTestObject("ADMIN/Edit Text/Bespoke/Buyer Pages/Purchase Details/input_Unsatisfied_Unsatisfied"), "*"): Keys '*' sent to object: 'Object Repository/ADMIN/Edit Text/Bespoke/Buyer Pages/Purchase Details/input_Unsatisfied_Unsatisfied'

2020-03-20 10:21:05 - [MESSAGE][PASSED] - Keys '*' sent to object: 'Object Repository/ADMIN/Edit Text/Bespoke/Buyer Pages/Purchase Details/input_Unsatisfied_Unsatisfied'

2020-03-20 10:21:05 - [TEST_STEP][PASSED] - sendKeys(findTestObject("ADMIN/Edit Text/Bespoke/Buyer Pages/Purchase Details/input_SUBMIT_btn_okay"), "*"): Keys '*' sent to object: 'Object Repository/ADMIN/Edit Text/Bespoke/Buyer Pages/Purchase Details/input_SUBMIT_btn_okay'

2020-03-20 10:21:05 - [MESSAGE][PASSED] - Keys '*' sent to object: 'Object Repository/ADMIN/Edit Text/Bespoke/Buyer Pages/Purchase Details/input_SUBMIT_btn_okay'

2020-03-20 10:21:05 - [TEST_STEP][PASSED] - click(findTestObject("ADMIN/Edit Text/Bespoke/Buyer Pages/Homepage/button_save"), CONTINUE_ON_FAILURE): Object: 'Object Repository/ADMIN/Edit Text/Bespoke/Buyer Pages/Homepage/button_save' is clicked on

2020-03-20 10:21:05 - [MESSAGE][PASSED] - Object: 'Object Repository/ADMIN/Edit Text/Bespoke/Buyer Pages/Homepage/button_save' is clicked on

2020-03-20 10:21:05 - [TEST_STEP][PASSED] - waitForElementVisible(findTestObject("ADMIN/Edit Text/Bespoke/Buyer Pages/Homepage/toaster_success"), 0): Object 'Object Repository/ADMIN/Edit Text/Bespoke/Buyer Pages/Homepage/toaster_success' is visible

2020-03-20 10:21:05 - [MESSAGE][WARNING] - Timeout '0' is invalid. Using default page load timeout: '30'

2020-03-20 10:21:06 - [MESSAGE][PASSED] - Object 'Object Repository/ADMIN/Edit Text/Bespoke/Buyer Pages/Homepage/toaster_success' is visible]]></system-out>
         <system-err><![CDATA[]]></system-err>
      </testcase>
      <testcase name="Test Cases/ADMIN/Language/Edit Text/Bespoke/Buyer Pages/Purchase Details" time="7.95" classname="Test Cases/ADMIN/Language/Edit Text/Bespoke/Buyer Pages/Purchase Details" status="PASSED">
         <system-out><![CDATA[2020-03-20 10:21:06 - [TEST_CASE][PASSED] - Test Cases/ADMIN/Language/Edit Text/Bespoke/Buyer Pages/Purchase Details: Test Cases/ADMIN/Language/Edit Text/Bespoke/Buyer Pages/Purchase Details

2020-03-20 10:21:06 - [TEST_STEP][PASSED] - waitForElementVisible(findTestObject("ADMIN/Edit Text/Bespoke/Buyer Navigation/dd_language"), 0): Object 'Object Repository/ADMIN/Edit Text/Bespoke/Buyer Navigation/dd_language' is visible

2020-03-20 10:21:06 - [MESSAGE][WARNING] - Timeout '0' is invalid. Using default page load timeout: '30'

2020-03-20 10:21:06 - [MESSAGE][PASSED] - Object 'Object Repository/ADMIN/Edit Text/Bespoke/Buyer Navigation/dd_language' is visible

2020-03-20 10:21:06 - [TEST_STEP][PASSED] - selectOptionByLabel(findTestObject("ADMIN/Edit Text/Bespoke/Buyer Navigation/dd_language"), varLanguage, false): All options with label 'Dutch' are selected in object 'Object Repository/ADMIN/Edit Text/Bespoke/Buyer Navigation/dd_language' 

2020-03-20 10:21:08 - [MESSAGE][PASSED] - All options with label 'Dutch' are selected in object 'Object Repository/ADMIN/Edit Text/Bespoke/Buyer Navigation/dd_language' 

2020-03-20 10:21:08 - [TEST_STEP][PASSED] - sendKeys(findTestObject("ADMIN/Edit Text/Bespoke/Buyer Pages/Purchase Details/input_INVOICE ID_purchase-invoice-id"), "*"): Keys '*' sent to object: 'Object Repository/ADMIN/Edit Text/Bespoke/Buyer Pages/Purchase Details/input_INVOICE ID_purchase-invoice-id'

2020-03-20 10:21:08 - [MESSAGE][PASSED] - Keys '*' sent to object: 'Object Repository/ADMIN/Edit Text/Bespoke/Buyer Pages/Purchase Details/input_INVOICE ID_purchase-invoice-id'

2020-03-20 10:21:08 - [TEST_STEP][PASSED] - sendKeys(findTestObject("ADMIN/Edit Text/Bespoke/Buyer Pages/Purchase Details/input_TIMESTAMP_purchase-timestamp"), "*"): Keys '*' sent to object: 'Object Repository/ADMIN/Edit Text/Bespoke/Buyer Pages/Purchase Details/input_TIMESTAMP_purchase-timestamp'

2020-03-20 10:21:08 - [MESSAGE][PASSED] - Keys '*' sent to object: 'Object Repository/ADMIN/Edit Text/Bespoke/Buyer Pages/Purchase Details/input_TIMESTAMP_purchase-timestamp'

2020-03-20 10:21:08 - [TEST_STEP][PASSED] - sendKeys(findTestObject("ADMIN/Edit Text/Bespoke/Buyer Pages/Purchase Details/input_DELIVERY ADDRESS_purchase-delivery"), "*"): Keys '*' sent to object: 'Object Repository/ADMIN/Edit Text/Bespoke/Buyer Pages/Purchase Details/input_DELIVERY ADDRESS_purchase-delivery'

2020-03-20 10:21:09 - [MESSAGE][PASSED] - Keys '*' sent to object: 'Object Repository/ADMIN/Edit Text/Bespoke/Buyer Pages/Purchase Details/input_DELIVERY ADDRESS_purchase-delivery'

2020-03-20 10:21:09 - [TEST_STEP][PASSED] - sendKeys(findTestObject("ADMIN/Edit Text/Bespoke/Buyer Pages/Purchase Details/input_TRANSACTION TOTAL_purchase-transaction-total"), "*"): Keys '*' sent to object: 'Object Repository/ADMIN/Edit Text/Bespoke/Buyer Pages/Purchase Details/input_TRANSACTION TOTAL_purchase-transaction-total'

2020-03-20 10:21:09 - [MESSAGE][PASSED] - Keys '*' sent to object: 'Object Repository/ADMIN/Edit Text/Bespoke/Buyer Pages/Purchase Details/input_TRANSACTION TOTAL_purchase-transaction-total'

2020-03-20 10:21:09 - [TEST_STEP][PASSED] - sendKeys(findTestObject("ADMIN/Edit Text/Bespoke/Buyer Pages/Purchase Details/input_Subtotal_purchase-subtotal-txt"), "*"): Keys '*' sent to object: 'Object Repository/ADMIN/Edit Text/Bespoke/Buyer Pages/Purchase Details/input_Subtotal_purchase-subtotal-txt'

2020-03-20 10:21:09 - [MESSAGE][PASSED] - Keys '*' sent to object: 'Object Repository/ADMIN/Edit Text/Bespoke/Buyer Pages/Purchase Details/input_Subtotal_purchase-subtotal-txt'

2020-03-20 10:21:09 - [TEST_STEP][PASSED] - sendKeys(findTestObject("ADMIN/Edit Text/Bespoke/Buyer Pages/Purchase Details/input_PAYMENT METHOD_payment_method"), "*"): Keys '*' sent to object: 'Object Repository/ADMIN/Edit Text/Bespoke/Buyer Pages/Purchase Details/input_PAYMENT METHOD_payment_method'

2020-03-20 10:21:09 - [MESSAGE][PASSED] - Keys '*' sent to object: 'Object Repository/ADMIN/Edit Text/Bespoke/Buyer Pages/Purchase Details/input_PAYMENT METHOD_payment_method'

2020-03-20 10:21:09 - [TEST_STEP][PASSED] - sendKeys(findTestObject("ADMIN/Edit Text/Bespoke/Buyer Pages/Purchase Details/input_Delivery_purchase-delivery-txt"), "*"): Keys '*' sent to object: 'Object Repository/ADMIN/Edit Text/Bespoke/Buyer Pages/Purchase Details/input_Delivery_purchase-delivery-txt'

2020-03-20 10:21:09 - [MESSAGE][PASSED] - Keys '*' sent to object: 'Object Repository/ADMIN/Edit Text/Bespoke/Buyer Pages/Purchase Details/input_Delivery_purchase-delivery-txt'

2020-03-20 10:21:09 - [TEST_STEP][PASSED] - sendKeys(findTestObject("ADMIN/Edit Text/Bespoke/Buyer Pages/Purchase Details/input_PAYMENT STATUS_payment_status"), "*"): Keys '*' sent to object: 'Object Repository/ADMIN/Edit Text/Bespoke/Buyer Pages/Purchase Details/input_PAYMENT STATUS_payment_status'

2020-03-20 10:21:09 - [MESSAGE][PASSED] - Keys '*' sent to object: 'Object Repository/ADMIN/Edit Text/Bespoke/Buyer Pages/Purchase Details/input_PAYMENT STATUS_payment_status'

2020-03-20 10:21:09 - [TEST_STEP][PASSED] - sendKeys(findTestObject("ADMIN/Edit Text/Bespoke/Buyer Pages/Purchase Details/input_Bulk Delivery Discount_purchase-bulk-delivery-discount-txt"), "*"): Keys '*' sent to object: 'Object Repository/ADMIN/Edit Text/Bespoke/Buyer Pages/Purchase Details/input_Bulk Delivery Discount_purchase-bulk-delivery-discount-txt'

2020-03-20 10:21:10 - [MESSAGE][PASSED] - Keys '*' sent to object: 'Object Repository/ADMIN/Edit Text/Bespoke/Buyer Pages/Purchase Details/input_Bulk Delivery Discount_purchase-bulk-delivery-discount-txt'

2020-03-20 10:21:10 - [TEST_STEP][PASSED] - sendKeys(findTestObject("ADMIN/Edit Text/Bespoke/Buyer Pages/Purchase Details/input_ITEM_purchase-item-txt"), "*"): Keys '*' sent to object: 'Object Repository/ADMIN/Edit Text/Bespoke/Buyer Pages/Purchase Details/input_ITEM_purchase-item-txt'

2020-03-20 10:21:10 - [MESSAGE][PASSED] - Keys '*' sent to object: 'Object Repository/ADMIN/Edit Text/Bespoke/Buyer Pages/Purchase Details/input_ITEM_purchase-item-txt'

2020-03-20 10:21:10 - [TEST_STEP][PASSED] - sendKeys(findTestObject("ADMIN/Edit Text/Bespoke/Buyer Pages/Purchase Details/input_PRICE_purchase-price-txt"), "*"): Keys '*' sent to object: 'Object Repository/ADMIN/Edit Text/Bespoke/Buyer Pages/Purchase Details/input_PRICE_purchase-price-txt'

2020-03-20 10:21:10 - [MESSAGE][PASSED] - Keys '*' sent to object: 'Object Repository/ADMIN/Edit Text/Bespoke/Buyer Pages/Purchase Details/input_PRICE_purchase-price-txt'

2020-03-20 10:21:10 - [TEST_STEP][PASSED] - sendKeys(findTestObject("ADMIN/Edit Text/Bespoke/Buyer Pages/Purchase Details/input_QTY_purchase-qty-txt"), "*"): Keys '*' sent to object: 'Object Repository/ADMIN/Edit Text/Bespoke/Buyer Pages/Purchase Details/input_QTY_purchase-qty-txt'

2020-03-20 10:21:10 - [MESSAGE][PASSED] - Keys '*' sent to object: 'Object Repository/ADMIN/Edit Text/Bespoke/Buyer Pages/Purchase Details/input_QTY_purchase-qty-txt'

2020-03-20 10:21:10 - [TEST_STEP][PASSED] - sendKeys(findTestObject("ADMIN/Edit Text/Bespoke/Buyer Pages/Purchase Details/input_DELIVERY_purchase-delivery-txt (1)"), "*"): Keys '*' sent to object: 'Object Repository/ADMIN/Edit Text/Bespoke/Buyer Pages/Purchase Details/input_DELIVERY_purchase-delivery-txt (1)'

2020-03-20 10:21:10 - [MESSAGE][PASSED] - Keys '*' sent to object: 'Object Repository/ADMIN/Edit Text/Bespoke/Buyer Pages/Purchase Details/input_DELIVERY_purchase-delivery-txt (1)'

2020-03-20 10:21:10 - [TEST_STEP][PASSED] - sendKeys(findTestObject("ADMIN/Edit Text/Bespoke/Buyer Pages/Purchase Details/input_ORDER STATUS_purchase-orderstatus-txt"), "*"): Keys '*' sent to object: 'Object Repository/ADMIN/Edit Text/Bespoke/Buyer Pages/Purchase Details/input_ORDER STATUS_purchase-orderstatus-txt'

2020-03-20 10:21:10 - [MESSAGE][PASSED] - Keys '*' sent to object: 'Object Repository/ADMIN/Edit Text/Bespoke/Buyer Pages/Purchase Details/input_ORDER STATUS_purchase-orderstatus-txt'

2020-03-20 10:21:10 - [TEST_STEP][PASSED] - sendKeys(findTestObject("ADMIN/Edit Text/Bespoke/Buyer Pages/Purchase Details/input_REVIEWS_purchase-review-txt"), "*"): Keys '*' sent to object: 'Object Repository/ADMIN/Edit Text/Bespoke/Buyer Pages/Purchase Details/input_REVIEWS_purchase-review-txt'

2020-03-20 10:21:10 - [MESSAGE][PASSED] - Keys '*' sent to object: 'Object Repository/ADMIN/Edit Text/Bespoke/Buyer Pages/Purchase Details/input_REVIEWS_purchase-review-txt'

2020-03-20 10:21:10 - [TEST_STEP][PASSED] - sendKeys(findTestObject("ADMIN/Edit Text/Bespoke/Buyer Pages/Purchase Details/input_Sold By_sold-by"), "*"): Keys '*' sent to object: 'Object Repository/ADMIN/Edit Text/Bespoke/Buyer Pages/Purchase Details/input_Sold By_sold-by'

2020-03-20 10:21:11 - [MESSAGE][PASSED] - Keys '*' sent to object: 'Object Repository/ADMIN/Edit Text/Bespoke/Buyer Pages/Purchase Details/input_Sold By_sold-by'

2020-03-20 10:21:11 - [TEST_STEP][PASSED] - sendKeys(findTestObject("ADMIN/Edit Text/Bespoke/Buyer Pages/Purchase Details/input_Contact_Contact"), "*"): Keys '*' sent to object: 'Object Repository/ADMIN/Edit Text/Bespoke/Buyer Pages/Purchase Details/input_Contact_Contact'

2020-03-20 10:21:11 - [MESSAGE][PASSED] - Keys '*' sent to object: 'Object Repository/ADMIN/Edit Text/Bespoke/Buyer Pages/Purchase Details/input_Contact_Contact'

2020-03-20 10:21:11 - [TEST_STEP][PASSED] - sendKeys(findTestObject("ADMIN/Edit Text/Bespoke/Buyer Pages/Purchase Details/input_Delivery_Delivery"), "*"): Keys '*' sent to object: 'Object Repository/ADMIN/Edit Text/Bespoke/Buyer Pages/Purchase Details/input_Delivery_Delivery'

2020-03-20 10:21:11 - [MESSAGE][PASSED] - Keys '*' sent to object: 'Object Repository/ADMIN/Edit Text/Bespoke/Buyer Pages/Purchase Details/input_Delivery_Delivery'

2020-03-20 10:21:11 - [TEST_STEP][PASSED] - sendKeys(findTestObject("ADMIN/Edit Text/Bespoke/Buyer Pages/Purchase Details/input_Pickup_Pickup"), "*"): Keys '*' sent to object: 'Object Repository/ADMIN/Edit Text/Bespoke/Buyer Pages/Purchase Details/input_Pickup_Pickup'

2020-03-20 10:21:11 - [MESSAGE][PASSED] - Keys '*' sent to object: 'Object Repository/ADMIN/Edit Text/Bespoke/Buyer Pages/Purchase Details/input_Pickup_Pickup'

2020-03-20 10:21:11 - [TEST_STEP][PASSED] - sendKeys(findTestObject("ADMIN/Edit Text/Bespoke/Buyer Pages/Purchase Details/input_Leave a feedback_purchase-leave-feedback-txt"), "*"): Keys '*' sent to object: 'Object Repository/ADMIN/Edit Text/Bespoke/Buyer Pages/Purchase Details/input_Leave a feedback_purchase-leave-feedback-txt'

2020-03-20 10:21:11 - [MESSAGE][PASSED] - Keys '*' sent to object: 'Object Repository/ADMIN/Edit Text/Bespoke/Buyer Pages/Purchase Details/input_Leave a feedback_purchase-leave-feedback-txt'

2020-03-20 10:21:11 - [TEST_STEP][PASSED] - sendKeys(findTestObject("ADMIN/Edit Text/Bespoke/Buyer Pages/Purchase Details/input_Left feedback_purchase-left-feedback-txt"), "*"): Keys '*' sent to object: 'Object Repository/ADMIN/Edit Text/Bespoke/Buyer Pages/Purchase Details/input_Left feedback_purchase-left-feedback-txt'

2020-03-20 10:21:11 - [MESSAGE][PASSED] - Keys '*' sent to object: 'Object Repository/ADMIN/Edit Text/Bespoke/Buyer Pages/Purchase Details/input_Left feedback_purchase-left-feedback-txt'

2020-03-20 10:21:11 - [TEST_STEP][PASSED] - sendKeys(findTestObject("ADMIN/Edit Text/Bespoke/Buyer Pages/Purchase Details/input_BACK TO LIST_btn_back"), "*"): Keys '*' sent to object: 'Object Repository/ADMIN/Edit Text/Bespoke/Buyer Pages/Purchase Details/input_BACK TO LIST_btn_back'

2020-03-20 10:21:11 - [MESSAGE][PASSED] - Keys '*' sent to object: 'Object Repository/ADMIN/Edit Text/Bespoke/Buyer Pages/Purchase Details/input_BACK TO LIST_btn_back'

2020-03-20 10:21:11 - [TEST_STEP][PASSED] - sendKeys(findTestObject("ADMIN/Edit Text/Bespoke/Buyer Pages/Purchase Details/input_LEFT A FEEDBACK FOR_popup-title"), "*"): Keys '*' sent to object: 'Object Repository/ADMIN/Edit Text/Bespoke/Buyer Pages/Purchase Details/input_LEFT A FEEDBACK FOR_popup-title'

2020-03-20 10:21:12 - [MESSAGE][PASSED] - Keys '*' sent to object: 'Object Repository/ADMIN/Edit Text/Bespoke/Buyer Pages/Purchase Details/input_LEFT A FEEDBACK FOR_popup-title'

2020-03-20 10:21:12 - [TEST_STEP][PASSED] - sendKeys(findTestObject("ADMIN/Edit Text/Bespoke/Buyer Pages/Purchase Details/input_How much do you rate this item_popup-desc"), "*"): Keys '*' sent to object: 'Object Repository/ADMIN/Edit Text/Bespoke/Buyer Pages/Purchase Details/input_How much do you rate this item_popup-desc'

2020-03-20 10:21:12 - [MESSAGE][PASSED] - Keys '*' sent to object: 'Object Repository/ADMIN/Edit Text/Bespoke/Buyer Pages/Purchase Details/input_How much do you rate this item_popup-desc'

2020-03-20 10:21:12 - [TEST_STEP][PASSED] - sendKeys(findTestObject("ADMIN/Edit Text/Bespoke/Buyer Pages/Purchase Details/input_Leave a feedback_leave-feedback"), "*"): Keys '*' sent to object: 'Object Repository/ADMIN/Edit Text/Bespoke/Buyer Pages/Purchase Details/input_Leave a feedback_leave-feedback'

2020-03-20 10:21:12 - [MESSAGE][PASSED] - Keys '*' sent to object: 'Object Repository/ADMIN/Edit Text/Bespoke/Buyer Pages/Purchase Details/input_Leave a feedback_leave-feedback'

2020-03-20 10:21:12 - [TEST_STEP][PASSED] - sendKeys(findTestObject("ADMIN/Edit Text/Bespoke/Buyer Pages/Purchase Details/input_Excellent_excellent"), "*"): Keys '*' sent to object: 'Object Repository/ADMIN/Edit Text/Bespoke/Buyer Pages/Purchase Details/input_Excellent_excellent'

2020-03-20 10:21:12 - [MESSAGE][PASSED] - Keys '*' sent to object: 'Object Repository/ADMIN/Edit Text/Bespoke/Buyer Pages/Purchase Details/input_Excellent_excellent'

2020-03-20 10:21:12 - [TEST_STEP][PASSED] - sendKeys(findTestObject("ADMIN/Edit Text/Bespoke/Buyer Pages/Purchase Details/input_Great_great"), "*"): Keys '*' sent to object: 'Object Repository/ADMIN/Edit Text/Bespoke/Buyer Pages/Purchase Details/input_Great_great'

2020-03-20 10:21:12 - [MESSAGE][PASSED] - Keys '*' sent to object: 'Object Repository/ADMIN/Edit Text/Bespoke/Buyer Pages/Purchase Details/input_Great_great'

2020-03-20 10:21:12 - [TEST_STEP][PASSED] - sendKeys(findTestObject("ADMIN/Edit Text/Bespoke/Buyer Pages/Purchase Details/input_Good_good"), "*"): Keys '*' sent to object: 'Object Repository/ADMIN/Edit Text/Bespoke/Buyer Pages/Purchase Details/input_Good_good'

2020-03-20 10:21:12 - [MESSAGE][PASSED] - Keys '*' sent to object: 'Object Repository/ADMIN/Edit Text/Bespoke/Buyer Pages/Purchase Details/input_Good_good'

2020-03-20 10:21:12 - [TEST_STEP][PASSED] - sendKeys(findTestObject("ADMIN/Edit Text/Bespoke/Buyer Pages/Purchase Details/input_Okay_ok"), "*"): Keys '*' sent to object: 'Object Repository/ADMIN/Edit Text/Bespoke/Buyer Pages/Purchase Details/input_Okay_ok'

2020-03-20 10:21:13 - [MESSAGE][PASSED] - Keys '*' sent to object: 'Object Repository/ADMIN/Edit Text/Bespoke/Buyer Pages/Purchase Details/input_Okay_ok'

2020-03-20 10:21:13 - [TEST_STEP][PASSED] - sendKeys(findTestObject("ADMIN/Edit Text/Bespoke/Buyer Pages/Purchase Details/input_Unsatisfied_Unsatisfied"), "*"): Keys '*' sent to object: 'Object Repository/ADMIN/Edit Text/Bespoke/Buyer Pages/Purchase Details/input_Unsatisfied_Unsatisfied'

2020-03-20 10:21:13 - [MESSAGE][PASSED] - Keys '*' sent to object: 'Object Repository/ADMIN/Edit Text/Bespoke/Buyer Pages/Purchase Details/input_Unsatisfied_Unsatisfied'

2020-03-20 10:21:13 - [TEST_STEP][PASSED] - sendKeys(findTestObject("ADMIN/Edit Text/Bespoke/Buyer Pages/Purchase Details/input_SUBMIT_btn_okay"), "*"): Keys '*' sent to object: 'Object Repository/ADMIN/Edit Text/Bespoke/Buyer Pages/Purchase Details/input_SUBMIT_btn_okay'

2020-03-20 10:21:13 - [MESSAGE][PASSED] - Keys '*' sent to object: 'Object Repository/ADMIN/Edit Text/Bespoke/Buyer Pages/Purchase Details/input_SUBMIT_btn_okay'

2020-03-20 10:21:13 - [TEST_STEP][PASSED] - click(findTestObject("ADMIN/Edit Text/Bespoke/Buyer Pages/Homepage/button_save"), CONTINUE_ON_FAILURE): Object: 'Object Repository/ADMIN/Edit Text/Bespoke/Buyer Pages/Homepage/button_save' is clicked on

2020-03-20 10:21:13 - [MESSAGE][PASSED] - Object: 'Object Repository/ADMIN/Edit Text/Bespoke/Buyer Pages/Homepage/button_save' is clicked on

2020-03-20 10:21:13 - [TEST_STEP][PASSED] - waitForElementVisible(findTestObject("ADMIN/Edit Text/Bespoke/Buyer Pages/Homepage/toaster_success"), 0): Object 'Object Repository/ADMIN/Edit Text/Bespoke/Buyer Pages/Homepage/toaster_success' is visible

2020-03-20 10:21:13 - [MESSAGE][WARNING] - Timeout '0' is invalid. Using default page load timeout: '30'

2020-03-20 10:21:14 - [MESSAGE][PASSED] - Object 'Object Repository/ADMIN/Edit Text/Bespoke/Buyer Pages/Homepage/toaster_success' is visible]]></system-out>
         <system-err><![CDATA[]]></system-err>
      </testcase>
      <testcase name="Test Cases/ADMIN/Language/Edit Text/Bespoke/Buyer Pages/Purchase Details" time="8.064" classname="Test Cases/ADMIN/Language/Edit Text/Bespoke/Buyer Pages/Purchase Details" status="PASSED">
         <system-out><![CDATA[2020-03-20 10:21:14 - [TEST_CASE][PASSED] - Test Cases/ADMIN/Language/Edit Text/Bespoke/Buyer Pages/Purchase Details: Test Cases/ADMIN/Language/Edit Text/Bespoke/Buyer Pages/Purchase Details

2020-03-20 10:21:14 - [TEST_STEP][PASSED] - waitForElementVisible(findTestObject("ADMIN/Edit Text/Bespoke/Buyer Navigation/dd_language"), 0): Object 'Object Repository/ADMIN/Edit Text/Bespoke/Buyer Navigation/dd_language' is visible

2020-03-20 10:21:14 - [MESSAGE][WARNING] - Timeout '0' is invalid. Using default page load timeout: '30'

2020-03-20 10:21:14 - [MESSAGE][PASSED] - Object 'Object Repository/ADMIN/Edit Text/Bespoke/Buyer Navigation/dd_language' is visible

2020-03-20 10:21:14 - [TEST_STEP][PASSED] - selectOptionByLabel(findTestObject("ADMIN/Edit Text/Bespoke/Buyer Navigation/dd_language"), varLanguage, false): All options with label 'Swedish' are selected in object 'Object Repository/ADMIN/Edit Text/Bespoke/Buyer Navigation/dd_language' 

2020-03-20 10:21:16 - [MESSAGE][PASSED] - All options with label 'Swedish' are selected in object 'Object Repository/ADMIN/Edit Text/Bespoke/Buyer Navigation/dd_language' 

2020-03-20 10:21:16 - [TEST_STEP][PASSED] - sendKeys(findTestObject("ADMIN/Edit Text/Bespoke/Buyer Pages/Purchase Details/input_INVOICE ID_purchase-invoice-id"), "*"): Keys '*' sent to object: 'Object Repository/ADMIN/Edit Text/Bespoke/Buyer Pages/Purchase Details/input_INVOICE ID_purchase-invoice-id'

2020-03-20 10:21:16 - [MESSAGE][PASSED] - Keys '*' sent to object: 'Object Repository/ADMIN/Edit Text/Bespoke/Buyer Pages/Purchase Details/input_INVOICE ID_purchase-invoice-id'

2020-03-20 10:21:16 - [TEST_STEP][PASSED] - sendKeys(findTestObject("ADMIN/Edit Text/Bespoke/Buyer Pages/Purchase Details/input_TIMESTAMP_purchase-timestamp"), "*"): Keys '*' sent to object: 'Object Repository/ADMIN/Edit Text/Bespoke/Buyer Pages/Purchase Details/input_TIMESTAMP_purchase-timestamp'

2020-03-20 10:21:16 - [MESSAGE][PASSED] - Keys '*' sent to object: 'Object Repository/ADMIN/Edit Text/Bespoke/Buyer Pages/Purchase Details/input_TIMESTAMP_purchase-timestamp'

2020-03-20 10:21:16 - [TEST_STEP][PASSED] - sendKeys(findTestObject("ADMIN/Edit Text/Bespoke/Buyer Pages/Purchase Details/input_DELIVERY ADDRESS_purchase-delivery"), "*"): Keys '*' sent to object: 'Object Repository/ADMIN/Edit Text/Bespoke/Buyer Pages/Purchase Details/input_DELIVERY ADDRESS_purchase-delivery'

2020-03-20 10:21:17 - [MESSAGE][PASSED] - Keys '*' sent to object: 'Object Repository/ADMIN/Edit Text/Bespoke/Buyer Pages/Purchase Details/input_DELIVERY ADDRESS_purchase-delivery'

2020-03-20 10:21:17 - [TEST_STEP][PASSED] - sendKeys(findTestObject("ADMIN/Edit Text/Bespoke/Buyer Pages/Purchase Details/input_TRANSACTION TOTAL_purchase-transaction-total"), "*"): Keys '*' sent to object: 'Object Repository/ADMIN/Edit Text/Bespoke/Buyer Pages/Purchase Details/input_TRANSACTION TOTAL_purchase-transaction-total'

2020-03-20 10:21:17 - [MESSAGE][PASSED] - Keys '*' sent to object: 'Object Repository/ADMIN/Edit Text/Bespoke/Buyer Pages/Purchase Details/input_TRANSACTION TOTAL_purchase-transaction-total'

2020-03-20 10:21:17 - [TEST_STEP][PASSED] - sendKeys(findTestObject("ADMIN/Edit Text/Bespoke/Buyer Pages/Purchase Details/input_Subtotal_purchase-subtotal-txt"), "*"): Keys '*' sent to object: 'Object Repository/ADMIN/Edit Text/Bespoke/Buyer Pages/Purchase Details/input_Subtotal_purchase-subtotal-txt'

2020-03-20 10:21:17 - [MESSAGE][PASSED] - Keys '*' sent to object: 'Object Repository/ADMIN/Edit Text/Bespoke/Buyer Pages/Purchase Details/input_Subtotal_purchase-subtotal-txt'

2020-03-20 10:21:17 - [TEST_STEP][PASSED] - sendKeys(findTestObject("ADMIN/Edit Text/Bespoke/Buyer Pages/Purchase Details/input_PAYMENT METHOD_payment_method"), "*"): Keys '*' sent to object: 'Object Repository/ADMIN/Edit Text/Bespoke/Buyer Pages/Purchase Details/input_PAYMENT METHOD_payment_method'

2020-03-20 10:21:17 - [MESSAGE][PASSED] - Keys '*' sent to object: 'Object Repository/ADMIN/Edit Text/Bespoke/Buyer Pages/Purchase Details/input_PAYMENT METHOD_payment_method'

2020-03-20 10:21:17 - [TEST_STEP][PASSED] - sendKeys(findTestObject("ADMIN/Edit Text/Bespoke/Buyer Pages/Purchase Details/input_Delivery_purchase-delivery-txt"), "*"): Keys '*' sent to object: 'Object Repository/ADMIN/Edit Text/Bespoke/Buyer Pages/Purchase Details/input_Delivery_purchase-delivery-txt'

2020-03-20 10:21:17 - [MESSAGE][PASSED] - Keys '*' sent to object: 'Object Repository/ADMIN/Edit Text/Bespoke/Buyer Pages/Purchase Details/input_Delivery_purchase-delivery-txt'

2020-03-20 10:21:17 - [TEST_STEP][PASSED] - sendKeys(findTestObject("ADMIN/Edit Text/Bespoke/Buyer Pages/Purchase Details/input_PAYMENT STATUS_payment_status"), "*"): Keys '*' sent to object: 'Object Repository/ADMIN/Edit Text/Bespoke/Buyer Pages/Purchase Details/input_PAYMENT STATUS_payment_status'

2020-03-20 10:21:17 - [MESSAGE][PASSED] - Keys '*' sent to object: 'Object Repository/ADMIN/Edit Text/Bespoke/Buyer Pages/Purchase Details/input_PAYMENT STATUS_payment_status'

2020-03-20 10:21:17 - [TEST_STEP][PASSED] - sendKeys(findTestObject("ADMIN/Edit Text/Bespoke/Buyer Pages/Purchase Details/input_Bulk Delivery Discount_purchase-bulk-delivery-discount-txt"), "*"): Keys '*' sent to object: 'Object Repository/ADMIN/Edit Text/Bespoke/Buyer Pages/Purchase Details/input_Bulk Delivery Discount_purchase-bulk-delivery-discount-txt'

2020-03-20 10:21:17 - [MESSAGE][PASSED] - Keys '*' sent to object: 'Object Repository/ADMIN/Edit Text/Bespoke/Buyer Pages/Purchase Details/input_Bulk Delivery Discount_purchase-bulk-delivery-discount-txt'

2020-03-20 10:21:17 - [TEST_STEP][PASSED] - sendKeys(findTestObject("ADMIN/Edit Text/Bespoke/Buyer Pages/Purchase Details/input_ITEM_purchase-item-txt"), "*"): Keys '*' sent to object: 'Object Repository/ADMIN/Edit Text/Bespoke/Buyer Pages/Purchase Details/input_ITEM_purchase-item-txt'

2020-03-20 10:21:17 - [MESSAGE][PASSED] - Keys '*' sent to object: 'Object Repository/ADMIN/Edit Text/Bespoke/Buyer Pages/Purchase Details/input_ITEM_purchase-item-txt'

2020-03-20 10:21:17 - [TEST_STEP][PASSED] - sendKeys(findTestObject("ADMIN/Edit Text/Bespoke/Buyer Pages/Purchase Details/input_PRICE_purchase-price-txt"), "*"): Keys '*' sent to object: 'Object Repository/ADMIN/Edit Text/Bespoke/Buyer Pages/Purchase Details/input_PRICE_purchase-price-txt'

2020-03-20 10:21:18 - [MESSAGE][PASSED] - Keys '*' sent to object: 'Object Repository/ADMIN/Edit Text/Bespoke/Buyer Pages/Purchase Details/input_PRICE_purchase-price-txt'

2020-03-20 10:21:18 - [TEST_STEP][PASSED] - sendKeys(findTestObject("ADMIN/Edit Text/Bespoke/Buyer Pages/Purchase Details/input_QTY_purchase-qty-txt"), "*"): Keys '*' sent to object: 'Object Repository/ADMIN/Edit Text/Bespoke/Buyer Pages/Purchase Details/input_QTY_purchase-qty-txt'

2020-03-20 10:21:18 - [MESSAGE][PASSED] - Keys '*' sent to object: 'Object Repository/ADMIN/Edit Text/Bespoke/Buyer Pages/Purchase Details/input_QTY_purchase-qty-txt'

2020-03-20 10:21:18 - [TEST_STEP][PASSED] - sendKeys(findTestObject("ADMIN/Edit Text/Bespoke/Buyer Pages/Purchase Details/input_DELIVERY_purchase-delivery-txt (1)"), "*"): Keys '*' sent to object: 'Object Repository/ADMIN/Edit Text/Bespoke/Buyer Pages/Purchase Details/input_DELIVERY_purchase-delivery-txt (1)'

2020-03-20 10:21:18 - [MESSAGE][PASSED] - Keys '*' sent to object: 'Object Repository/ADMIN/Edit Text/Bespoke/Buyer Pages/Purchase Details/input_DELIVERY_purchase-delivery-txt (1)'

2020-03-20 10:21:18 - [TEST_STEP][PASSED] - sendKeys(findTestObject("ADMIN/Edit Text/Bespoke/Buyer Pages/Purchase Details/input_ORDER STATUS_purchase-orderstatus-txt"), "*"): Keys '*' sent to object: 'Object Repository/ADMIN/Edit Text/Bespoke/Buyer Pages/Purchase Details/input_ORDER STATUS_purchase-orderstatus-txt'

2020-03-20 10:21:18 - [MESSAGE][PASSED] - Keys '*' sent to object: 'Object Repository/ADMIN/Edit Text/Bespoke/Buyer Pages/Purchase Details/input_ORDER STATUS_purchase-orderstatus-txt'

2020-03-20 10:21:18 - [TEST_STEP][PASSED] - sendKeys(findTestObject("ADMIN/Edit Text/Bespoke/Buyer Pages/Purchase Details/input_REVIEWS_purchase-review-txt"), "*"): Keys '*' sent to object: 'Object Repository/ADMIN/Edit Text/Bespoke/Buyer Pages/Purchase Details/input_REVIEWS_purchase-review-txt'

2020-03-20 10:21:18 - [MESSAGE][PASSED] - Keys '*' sent to object: 'Object Repository/ADMIN/Edit Text/Bespoke/Buyer Pages/Purchase Details/input_REVIEWS_purchase-review-txt'

2020-03-20 10:21:18 - [TEST_STEP][PASSED] - sendKeys(findTestObject("ADMIN/Edit Text/Bespoke/Buyer Pages/Purchase Details/input_Sold By_sold-by"), "*"): Keys '*' sent to object: 'Object Repository/ADMIN/Edit Text/Bespoke/Buyer Pages/Purchase Details/input_Sold By_sold-by'

2020-03-20 10:21:18 - [MESSAGE][PASSED] - Keys '*' sent to object: 'Object Repository/ADMIN/Edit Text/Bespoke/Buyer Pages/Purchase Details/input_Sold By_sold-by'

2020-03-20 10:21:18 - [TEST_STEP][PASSED] - sendKeys(findTestObject("ADMIN/Edit Text/Bespoke/Buyer Pages/Purchase Details/input_Contact_Contact"), "*"): Keys '*' sent to object: 'Object Repository/ADMIN/Edit Text/Bespoke/Buyer Pages/Purchase Details/input_Contact_Contact'

2020-03-20 10:21:19 - [MESSAGE][PASSED] - Keys '*' sent to object: 'Object Repository/ADMIN/Edit Text/Bespoke/Buyer Pages/Purchase Details/input_Contact_Contact'

2020-03-20 10:21:19 - [TEST_STEP][PASSED] - sendKeys(findTestObject("ADMIN/Edit Text/Bespoke/Buyer Pages/Purchase Details/input_Delivery_Delivery"), "*"): Keys '*' sent to object: 'Object Repository/ADMIN/Edit Text/Bespoke/Buyer Pages/Purchase Details/input_Delivery_Delivery'

2020-03-20 10:21:19 - [MESSAGE][PASSED] - Keys '*' sent to object: 'Object Repository/ADMIN/Edit Text/Bespoke/Buyer Pages/Purchase Details/input_Delivery_Delivery'

2020-03-20 10:21:19 - [TEST_STEP][PASSED] - sendKeys(findTestObject("ADMIN/Edit Text/Bespoke/Buyer Pages/Purchase Details/input_Pickup_Pickup"), "*"): Keys '*' sent to object: 'Object Repository/ADMIN/Edit Text/Bespoke/Buyer Pages/Purchase Details/input_Pickup_Pickup'

2020-03-20 10:21:19 - [MESSAGE][PASSED] - Keys '*' sent to object: 'Object Repository/ADMIN/Edit Text/Bespoke/Buyer Pages/Purchase Details/input_Pickup_Pickup'

2020-03-20 10:21:19 - [TEST_STEP][PASSED] - sendKeys(findTestObject("ADMIN/Edit Text/Bespoke/Buyer Pages/Purchase Details/input_Leave a feedback_purchase-leave-feedback-txt"), "*"): Keys '*' sent to object: 'Object Repository/ADMIN/Edit Text/Bespoke/Buyer Pages/Purchase Details/input_Leave a feedback_purchase-leave-feedback-txt'

2020-03-20 10:21:19 - [MESSAGE][PASSED] - Keys '*' sent to object: 'Object Repository/ADMIN/Edit Text/Bespoke/Buyer Pages/Purchase Details/input_Leave a feedback_purchase-leave-feedback-txt'

2020-03-20 10:21:19 - [TEST_STEP][PASSED] - sendKeys(findTestObject("ADMIN/Edit Text/Bespoke/Buyer Pages/Purchase Details/input_Left feedback_purchase-left-feedback-txt"), "*"): Keys '*' sent to object: 'Object Repository/ADMIN/Edit Text/Bespoke/Buyer Pages/Purchase Details/input_Left feedback_purchase-left-feedback-txt'

2020-03-20 10:21:19 - [MESSAGE][PASSED] - Keys '*' sent to object: 'Object Repository/ADMIN/Edit Text/Bespoke/Buyer Pages/Purchase Details/input_Left feedback_purchase-left-feedback-txt'

2020-03-20 10:21:19 - [TEST_STEP][PASSED] - sendKeys(findTestObject("ADMIN/Edit Text/Bespoke/Buyer Pages/Purchase Details/input_BACK TO LIST_btn_back"), "*"): Keys '*' sent to object: 'Object Repository/ADMIN/Edit Text/Bespoke/Buyer Pages/Purchase Details/input_BACK TO LIST_btn_back'

2020-03-20 10:21:19 - [MESSAGE][PASSED] - Keys '*' sent to object: 'Object Repository/ADMIN/Edit Text/Bespoke/Buyer Pages/Purchase Details/input_BACK TO LIST_btn_back'

2020-03-20 10:21:19 - [TEST_STEP][PASSED] - sendKeys(findTestObject("ADMIN/Edit Text/Bespoke/Buyer Pages/Purchase Details/input_LEFT A FEEDBACK FOR_popup-title"), "*"): Keys '*' sent to object: 'Object Repository/ADMIN/Edit Text/Bespoke/Buyer Pages/Purchase Details/input_LEFT A FEEDBACK FOR_popup-title'

2020-03-20 10:21:20 - [MESSAGE][PASSED] - Keys '*' sent to object: 'Object Repository/ADMIN/Edit Text/Bespoke/Buyer Pages/Purchase Details/input_LEFT A FEEDBACK FOR_popup-title'

2020-03-20 10:21:20 - [TEST_STEP][PASSED] - sendKeys(findTestObject("ADMIN/Edit Text/Bespoke/Buyer Pages/Purchase Details/input_How much do you rate this item_popup-desc"), "*"): Keys '*' sent to object: 'Object Repository/ADMIN/Edit Text/Bespoke/Buyer Pages/Purchase Details/input_How much do you rate this item_popup-desc'

2020-03-20 10:21:20 - [MESSAGE][PASSED] - Keys '*' sent to object: 'Object Repository/ADMIN/Edit Text/Bespoke/Buyer Pages/Purchase Details/input_How much do you rate this item_popup-desc'

2020-03-20 10:21:20 - [TEST_STEP][PASSED] - sendKeys(findTestObject("ADMIN/Edit Text/Bespoke/Buyer Pages/Purchase Details/input_Leave a feedback_leave-feedback"), "*"): Keys '*' sent to object: 'Object Repository/ADMIN/Edit Text/Bespoke/Buyer Pages/Purchase Details/input_Leave a feedback_leave-feedback'

2020-03-20 10:21:20 - [MESSAGE][PASSED] - Keys '*' sent to object: 'Object Repository/ADMIN/Edit Text/Bespoke/Buyer Pages/Purchase Details/input_Leave a feedback_leave-feedback'

2020-03-20 10:21:20 - [TEST_STEP][PASSED] - sendKeys(findTestObject("ADMIN/Edit Text/Bespoke/Buyer Pages/Purchase Details/input_Excellent_excellent"), "*"): Keys '*' sent to object: 'Object Repository/ADMIN/Edit Text/Bespoke/Buyer Pages/Purchase Details/input_Excellent_excellent'

2020-03-20 10:21:20 - [MESSAGE][PASSED] - Keys '*' sent to object: 'Object Repository/ADMIN/Edit Text/Bespoke/Buyer Pages/Purchase Details/input_Excellent_excellent'

2020-03-20 10:21:20 - [TEST_STEP][PASSED] - sendKeys(findTestObject("ADMIN/Edit Text/Bespoke/Buyer Pages/Purchase Details/input_Great_great"), "*"): Keys '*' sent to object: 'Object Repository/ADMIN/Edit Text/Bespoke/Buyer Pages/Purchase Details/input_Great_great'

2020-03-20 10:21:20 - [MESSAGE][PASSED] - Keys '*' sent to object: 'Object Repository/ADMIN/Edit Text/Bespoke/Buyer Pages/Purchase Details/input_Great_great'

2020-03-20 10:21:20 - [TEST_STEP][PASSED] - sendKeys(findTestObject("ADMIN/Edit Text/Bespoke/Buyer Pages/Purchase Details/input_Good_good"), "*"): Keys '*' sent to object: 'Object Repository/ADMIN/Edit Text/Bespoke/Buyer Pages/Purchase Details/input_Good_good'

2020-03-20 10:21:20 - [MESSAGE][PASSED] - Keys '*' sent to object: 'Object Repository/ADMIN/Edit Text/Bespoke/Buyer Pages/Purchase Details/input_Good_good'

2020-03-20 10:21:20 - [TEST_STEP][PASSED] - sendKeys(findTestObject("ADMIN/Edit Text/Bespoke/Buyer Pages/Purchase Details/input_Okay_ok"), "*"): Keys '*' sent to object: 'Object Repository/ADMIN/Edit Text/Bespoke/Buyer Pages/Purchase Details/input_Okay_ok'

2020-03-20 10:21:21 - [MESSAGE][PASSED] - Keys '*' sent to object: 'Object Repository/ADMIN/Edit Text/Bespoke/Buyer Pages/Purchase Details/input_Okay_ok'

2020-03-20 10:21:21 - [TEST_STEP][PASSED] - sendKeys(findTestObject("ADMIN/Edit Text/Bespoke/Buyer Pages/Purchase Details/input_Unsatisfied_Unsatisfied"), "*"): Keys '*' sent to object: 'Object Repository/ADMIN/Edit Text/Bespoke/Buyer Pages/Purchase Details/input_Unsatisfied_Unsatisfied'

2020-03-20 10:21:21 - [MESSAGE][PASSED] - Keys '*' sent to object: 'Object Repository/ADMIN/Edit Text/Bespoke/Buyer Pages/Purchase Details/input_Unsatisfied_Unsatisfied'

2020-03-20 10:21:21 - [TEST_STEP][PASSED] - sendKeys(findTestObject("ADMIN/Edit Text/Bespoke/Buyer Pages/Purchase Details/input_SUBMIT_btn_okay"), "*"): Keys '*' sent to object: 'Object Repository/ADMIN/Edit Text/Bespoke/Buyer Pages/Purchase Details/input_SUBMIT_btn_okay'

2020-03-20 10:21:21 - [MESSAGE][PASSED] - Keys '*' sent to object: 'Object Repository/ADMIN/Edit Text/Bespoke/Buyer Pages/Purchase Details/input_SUBMIT_btn_okay'

2020-03-20 10:21:21 - [TEST_STEP][PASSED] - click(findTestObject("ADMIN/Edit Text/Bespoke/Buyer Pages/Homepage/button_save"), CONTINUE_ON_FAILURE): Object: 'Object Repository/ADMIN/Edit Text/Bespoke/Buyer Pages/Homepage/button_save' is clicked on

2020-03-20 10:21:21 - [MESSAGE][PASSED] - Object: 'Object Repository/ADMIN/Edit Text/Bespoke/Buyer Pages/Homepage/button_save' is clicked on

2020-03-20 10:21:21 - [TEST_STEP][PASSED] - waitForElementVisible(findTestObject("ADMIN/Edit Text/Bespoke/Buyer Pages/Homepage/toaster_success"), 0): Object 'Object Repository/ADMIN/Edit Text/Bespoke/Buyer Pages/Homepage/toaster_success' is visible

2020-03-20 10:21:21 - [MESSAGE][WARNING] - Timeout '0' is invalid. Using default page load timeout: '30'

2020-03-20 10:21:22 - [MESSAGE][PASSED] - Object 'Object Repository/ADMIN/Edit Text/Bespoke/Buyer Pages/Homepage/toaster_success' is visible]]></system-out>
         <system-err><![CDATA[]]></system-err>
      </testcase>
      <testcase name="Test Cases/ADMIN/Language/Edit Text/Bespoke/Buyer Pages/Purchase Details" time="7.852" classname="Test Cases/ADMIN/Language/Edit Text/Bespoke/Buyer Pages/Purchase Details" status="PASSED">
         <system-out><![CDATA[2020-03-20 10:21:22 - [TEST_CASE][PASSED] - Test Cases/ADMIN/Language/Edit Text/Bespoke/Buyer Pages/Purchase Details: Test Cases/ADMIN/Language/Edit Text/Bespoke/Buyer Pages/Purchase Details

2020-03-20 10:21:22 - [TEST_STEP][PASSED] - waitForElementVisible(findTestObject("ADMIN/Edit Text/Bespoke/Buyer Navigation/dd_language"), 0): Object 'Object Repository/ADMIN/Edit Text/Bespoke/Buyer Navigation/dd_language' is visible

2020-03-20 10:21:22 - [MESSAGE][WARNING] - Timeout '0' is invalid. Using default page load timeout: '30'

2020-03-20 10:21:22 - [MESSAGE][PASSED] - Object 'Object Repository/ADMIN/Edit Text/Bespoke/Buyer Navigation/dd_language' is visible

2020-03-20 10:21:22 - [TEST_STEP][PASSED] - selectOptionByLabel(findTestObject("ADMIN/Edit Text/Bespoke/Buyer Navigation/dd_language"), varLanguage, false): All options with label 'Chinese (Simplified)' are selected in object 'Object Repository/ADMIN/Edit Text/Bespoke/Buyer Navigation/dd_language' 

2020-03-20 10:21:23 - [MESSAGE][PASSED] - All options with label 'Chinese (Simplified)' are selected in object 'Object Repository/ADMIN/Edit Text/Bespoke/Buyer Navigation/dd_language' 

2020-03-20 10:21:23 - [TEST_STEP][PASSED] - sendKeys(findTestObject("ADMIN/Edit Text/Bespoke/Buyer Pages/Purchase Details/input_INVOICE ID_purchase-invoice-id"), "*"): Keys '*' sent to object: 'Object Repository/ADMIN/Edit Text/Bespoke/Buyer Pages/Purchase Details/input_INVOICE ID_purchase-invoice-id'

2020-03-20 10:21:24 - [MESSAGE][PASSED] - Keys '*' sent to object: 'Object Repository/ADMIN/Edit Text/Bespoke/Buyer Pages/Purchase Details/input_INVOICE ID_purchase-invoice-id'

2020-03-20 10:21:24 - [TEST_STEP][PASSED] - sendKeys(findTestObject("ADMIN/Edit Text/Bespoke/Buyer Pages/Purchase Details/input_TIMESTAMP_purchase-timestamp"), "*"): Keys '*' sent to object: 'Object Repository/ADMIN/Edit Text/Bespoke/Buyer Pages/Purchase Details/input_TIMESTAMP_purchase-timestamp'

2020-03-20 10:21:24 - [MESSAGE][PASSED] - Keys '*' sent to object: 'Object Repository/ADMIN/Edit Text/Bespoke/Buyer Pages/Purchase Details/input_TIMESTAMP_purchase-timestamp'

2020-03-20 10:21:24 - [TEST_STEP][PASSED] - sendKeys(findTestObject("ADMIN/Edit Text/Bespoke/Buyer Pages/Purchase Details/input_DELIVERY ADDRESS_purchase-delivery"), "*"): Keys '*' sent to object: 'Object Repository/ADMIN/Edit Text/Bespoke/Buyer Pages/Purchase Details/input_DELIVERY ADDRESS_purchase-delivery'

2020-03-20 10:21:25 - [MESSAGE][PASSED] - Keys '*' sent to object: 'Object Repository/ADMIN/Edit Text/Bespoke/Buyer Pages/Purchase Details/input_DELIVERY ADDRESS_purchase-delivery'

2020-03-20 10:21:25 - [TEST_STEP][PASSED] - sendKeys(findTestObject("ADMIN/Edit Text/Bespoke/Buyer Pages/Purchase Details/input_TRANSACTION TOTAL_purchase-transaction-total"), "*"): Keys '*' sent to object: 'Object Repository/ADMIN/Edit Text/Bespoke/Buyer Pages/Purchase Details/input_TRANSACTION TOTAL_purchase-transaction-total'

2020-03-20 10:21:25 - [MESSAGE][PASSED] - Keys '*' sent to object: 'Object Repository/ADMIN/Edit Text/Bespoke/Buyer Pages/Purchase Details/input_TRANSACTION TOTAL_purchase-transaction-total'

2020-03-20 10:21:25 - [TEST_STEP][PASSED] - sendKeys(findTestObject("ADMIN/Edit Text/Bespoke/Buyer Pages/Purchase Details/input_Subtotal_purchase-subtotal-txt"), "*"): Keys '*' sent to object: 'Object Repository/ADMIN/Edit Text/Bespoke/Buyer Pages/Purchase Details/input_Subtotal_purchase-subtotal-txt'

2020-03-20 10:21:25 - [MESSAGE][PASSED] - Keys '*' sent to object: 'Object Repository/ADMIN/Edit Text/Bespoke/Buyer Pages/Purchase Details/input_Subtotal_purchase-subtotal-txt'

2020-03-20 10:21:25 - [TEST_STEP][PASSED] - sendKeys(findTestObject("ADMIN/Edit Text/Bespoke/Buyer Pages/Purchase Details/input_PAYMENT METHOD_payment_method"), "*"): Keys '*' sent to object: 'Object Repository/ADMIN/Edit Text/Bespoke/Buyer Pages/Purchase Details/input_PAYMENT METHOD_payment_method'

2020-03-20 10:21:25 - [MESSAGE][PASSED] - Keys '*' sent to object: 'Object Repository/ADMIN/Edit Text/Bespoke/Buyer Pages/Purchase Details/input_PAYMENT METHOD_payment_method'

2020-03-20 10:21:25 - [TEST_STEP][PASSED] - sendKeys(findTestObject("ADMIN/Edit Text/Bespoke/Buyer Pages/Purchase Details/input_Delivery_purchase-delivery-txt"), "*"): Keys '*' sent to object: 'Object Repository/ADMIN/Edit Text/Bespoke/Buyer Pages/Purchase Details/input_Delivery_purchase-delivery-txt'

2020-03-20 10:21:25 - [MESSAGE][PASSED] - Keys '*' sent to object: 'Object Repository/ADMIN/Edit Text/Bespoke/Buyer Pages/Purchase Details/input_Delivery_purchase-delivery-txt'

2020-03-20 10:21:25 - [TEST_STEP][PASSED] - sendKeys(findTestObject("ADMIN/Edit Text/Bespoke/Buyer Pages/Purchase Details/input_PAYMENT STATUS_payment_status"), "*"): Keys '*' sent to object: 'Object Repository/ADMIN/Edit Text/Bespoke/Buyer Pages/Purchase Details/input_PAYMENT STATUS_payment_status'

2020-03-20 10:21:25 - [MESSAGE][PASSED] - Keys '*' sent to object: 'Object Repository/ADMIN/Edit Text/Bespoke/Buyer Pages/Purchase Details/input_PAYMENT STATUS_payment_status'

2020-03-20 10:21:25 - [TEST_STEP][PASSED] - sendKeys(findTestObject("ADMIN/Edit Text/Bespoke/Buyer Pages/Purchase Details/input_Bulk Delivery Discount_purchase-bulk-delivery-discount-txt"), "*"): Keys '*' sent to object: 'Object Repository/ADMIN/Edit Text/Bespoke/Buyer Pages/Purchase Details/input_Bulk Delivery Discount_purchase-bulk-delivery-discount-txt'

2020-03-20 10:21:26 - [MESSAGE][PASSED] - Keys '*' sent to object: 'Object Repository/ADMIN/Edit Text/Bespoke/Buyer Pages/Purchase Details/input_Bulk Delivery Discount_purchase-bulk-delivery-discount-txt'

2020-03-20 10:21:26 - [TEST_STEP][PASSED] - sendKeys(findTestObject("ADMIN/Edit Text/Bespoke/Buyer Pages/Purchase Details/input_ITEM_purchase-item-txt"), "*"): Keys '*' sent to object: 'Object Repository/ADMIN/Edit Text/Bespoke/Buyer Pages/Purchase Details/input_ITEM_purchase-item-txt'

2020-03-20 10:21:26 - [MESSAGE][PASSED] - Keys '*' sent to object: 'Object Repository/ADMIN/Edit Text/Bespoke/Buyer Pages/Purchase Details/input_ITEM_purchase-item-txt'

2020-03-20 10:21:26 - [TEST_STEP][PASSED] - sendKeys(findTestObject("ADMIN/Edit Text/Bespoke/Buyer Pages/Purchase Details/input_PRICE_purchase-price-txt"), "*"): Keys '*' sent to object: 'Object Repository/ADMIN/Edit Text/Bespoke/Buyer Pages/Purchase Details/input_PRICE_purchase-price-txt'

2020-03-20 10:21:26 - [MESSAGE][PASSED] - Keys '*' sent to object: 'Object Repository/ADMIN/Edit Text/Bespoke/Buyer Pages/Purchase Details/input_PRICE_purchase-price-txt'

2020-03-20 10:21:26 - [TEST_STEP][PASSED] - sendKeys(findTestObject("ADMIN/Edit Text/Bespoke/Buyer Pages/Purchase Details/input_QTY_purchase-qty-txt"), "*"): Keys '*' sent to object: 'Object Repository/ADMIN/Edit Text/Bespoke/Buyer Pages/Purchase Details/input_QTY_purchase-qty-txt'

2020-03-20 10:21:26 - [MESSAGE][PASSED] - Keys '*' sent to object: 'Object Repository/ADMIN/Edit Text/Bespoke/Buyer Pages/Purchase Details/input_QTY_purchase-qty-txt'

2020-03-20 10:21:26 - [TEST_STEP][PASSED] - sendKeys(findTestObject("ADMIN/Edit Text/Bespoke/Buyer Pages/Purchase Details/input_DELIVERY_purchase-delivery-txt (1)"), "*"): Keys '*' sent to object: 'Object Repository/ADMIN/Edit Text/Bespoke/Buyer Pages/Purchase Details/input_DELIVERY_purchase-delivery-txt (1)'

2020-03-20 10:21:26 - [MESSAGE][PASSED] - Keys '*' sent to object: 'Object Repository/ADMIN/Edit Text/Bespoke/Buyer Pages/Purchase Details/input_DELIVERY_purchase-delivery-txt (1)'

2020-03-20 10:21:26 - [TEST_STEP][PASSED] - sendKeys(findTestObject("ADMIN/Edit Text/Bespoke/Buyer Pages/Purchase Details/input_ORDER STATUS_purchase-orderstatus-txt"), "*"): Keys '*' sent to object: 'Object Repository/ADMIN/Edit Text/Bespoke/Buyer Pages/Purchase Details/input_ORDER STATUS_purchase-orderstatus-txt'

2020-03-20 10:21:26 - [MESSAGE][PASSED] - Keys '*' sent to object: 'Object Repository/ADMIN/Edit Text/Bespoke/Buyer Pages/Purchase Details/input_ORDER STATUS_purchase-orderstatus-txt'

2020-03-20 10:21:26 - [TEST_STEP][PASSED] - sendKeys(findTestObject("ADMIN/Edit Text/Bespoke/Buyer Pages/Purchase Details/input_REVIEWS_purchase-review-txt"), "*"): Keys '*' sent to object: 'Object Repository/ADMIN/Edit Text/Bespoke/Buyer Pages/Purchase Details/input_REVIEWS_purchase-review-txt'

2020-03-20 10:21:26 - [MESSAGE][PASSED] - Keys '*' sent to object: 'Object Repository/ADMIN/Edit Text/Bespoke/Buyer Pages/Purchase Details/input_REVIEWS_purchase-review-txt'

2020-03-20 10:21:26 - [TEST_STEP][PASSED] - sendKeys(findTestObject("ADMIN/Edit Text/Bespoke/Buyer Pages/Purchase Details/input_Sold By_sold-by"), "*"): Keys '*' sent to object: 'Object Repository/ADMIN/Edit Text/Bespoke/Buyer Pages/Purchase Details/input_Sold By_sold-by'

2020-03-20 10:21:27 - [MESSAGE][PASSED] - Keys '*' sent to object: 'Object Repository/ADMIN/Edit Text/Bespoke/Buyer Pages/Purchase Details/input_Sold By_sold-by'

2020-03-20 10:21:27 - [TEST_STEP][PASSED] - sendKeys(findTestObject("ADMIN/Edit Text/Bespoke/Buyer Pages/Purchase Details/input_Contact_Contact"), "*"): Keys '*' sent to object: 'Object Repository/ADMIN/Edit Text/Bespoke/Buyer Pages/Purchase Details/input_Contact_Contact'

2020-03-20 10:21:27 - [MESSAGE][PASSED] - Keys '*' sent to object: 'Object Repository/ADMIN/Edit Text/Bespoke/Buyer Pages/Purchase Details/input_Contact_Contact'

2020-03-20 10:21:27 - [TEST_STEP][PASSED] - sendKeys(findTestObject("ADMIN/Edit Text/Bespoke/Buyer Pages/Purchase Details/input_Delivery_Delivery"), "*"): Keys '*' sent to object: 'Object Repository/ADMIN/Edit Text/Bespoke/Buyer Pages/Purchase Details/input_Delivery_Delivery'

2020-03-20 10:21:27 - [MESSAGE][PASSED] - Keys '*' sent to object: 'Object Repository/ADMIN/Edit Text/Bespoke/Buyer Pages/Purchase Details/input_Delivery_Delivery'

2020-03-20 10:21:27 - [TEST_STEP][PASSED] - sendKeys(findTestObject("ADMIN/Edit Text/Bespoke/Buyer Pages/Purchase Details/input_Pickup_Pickup"), "*"): Keys '*' sent to object: 'Object Repository/ADMIN/Edit Text/Bespoke/Buyer Pages/Purchase Details/input_Pickup_Pickup'

2020-03-20 10:21:27 - [MESSAGE][PASSED] - Keys '*' sent to object: 'Object Repository/ADMIN/Edit Text/Bespoke/Buyer Pages/Purchase Details/input_Pickup_Pickup'

2020-03-20 10:21:27 - [TEST_STEP][PASSED] - sendKeys(findTestObject("ADMIN/Edit Text/Bespoke/Buyer Pages/Purchase Details/input_Leave a feedback_purchase-leave-feedback-txt"), "*"): Keys '*' sent to object: 'Object Repository/ADMIN/Edit Text/Bespoke/Buyer Pages/Purchase Details/input_Leave a feedback_purchase-leave-feedback-txt'

2020-03-20 10:21:27 - [MESSAGE][PASSED] - Keys '*' sent to object: 'Object Repository/ADMIN/Edit Text/Bespoke/Buyer Pages/Purchase Details/input_Leave a feedback_purchase-leave-feedback-txt'

2020-03-20 10:21:27 - [TEST_STEP][PASSED] - sendKeys(findTestObject("ADMIN/Edit Text/Bespoke/Buyer Pages/Purchase Details/input_Left feedback_purchase-left-feedback-txt"), "*"): Keys '*' sent to object: 'Object Repository/ADMIN/Edit Text/Bespoke/Buyer Pages/Purchase Details/input_Left feedback_purchase-left-feedback-txt'

2020-03-20 10:21:27 - [MESSAGE][PASSED] - Keys '*' sent to object: 'Object Repository/ADMIN/Edit Text/Bespoke/Buyer Pages/Purchase Details/input_Left feedback_purchase-left-feedback-txt'

2020-03-20 10:21:27 - [TEST_STEP][PASSED] - sendKeys(findTestObject("ADMIN/Edit Text/Bespoke/Buyer Pages/Purchase Details/input_BACK TO LIST_btn_back"), "*"): Keys '*' sent to object: 'Object Repository/ADMIN/Edit Text/Bespoke/Buyer Pages/Purchase Details/input_BACK TO LIST_btn_back'

2020-03-20 10:21:27 - [MESSAGE][PASSED] - Keys '*' sent to object: 'Object Repository/ADMIN/Edit Text/Bespoke/Buyer Pages/Purchase Details/input_BACK TO LIST_btn_back'

2020-03-20 10:21:27 - [TEST_STEP][PASSED] - sendKeys(findTestObject("ADMIN/Edit Text/Bespoke/Buyer Pages/Purchase Details/input_LEFT A FEEDBACK FOR_popup-title"), "*"): Keys '*' sent to object: 'Object Repository/ADMIN/Edit Text/Bespoke/Buyer Pages/Purchase Details/input_LEFT A FEEDBACK FOR_popup-title'

2020-03-20 10:21:27 - [MESSAGE][PASSED] - Keys '*' sent to object: 'Object Repository/ADMIN/Edit Text/Bespoke/Buyer Pages/Purchase Details/input_LEFT A FEEDBACK FOR_popup-title'

2020-03-20 10:21:27 - [TEST_STEP][PASSED] - sendKeys(findTestObject("ADMIN/Edit Text/Bespoke/Buyer Pages/Purchase Details/input_How much do you rate this item_popup-desc"), "*"): Keys '*' sent to object: 'Object Repository/ADMIN/Edit Text/Bespoke/Buyer Pages/Purchase Details/input_How much do you rate this item_popup-desc'

2020-03-20 10:21:28 - [MESSAGE][PASSED] - Keys '*' sent to object: 'Object Repository/ADMIN/Edit Text/Bespoke/Buyer Pages/Purchase Details/input_How much do you rate this item_popup-desc'

2020-03-20 10:21:28 - [TEST_STEP][PASSED] - sendKeys(findTestObject("ADMIN/Edit Text/Bespoke/Buyer Pages/Purchase Details/input_Leave a feedback_leave-feedback"), "*"): Keys '*' sent to object: 'Object Repository/ADMIN/Edit Text/Bespoke/Buyer Pages/Purchase Details/input_Leave a feedback_leave-feedback'

2020-03-20 10:21:28 - [MESSAGE][PASSED] - Keys '*' sent to object: 'Object Repository/ADMIN/Edit Text/Bespoke/Buyer Pages/Purchase Details/input_Leave a feedback_leave-feedback'

2020-03-20 10:21:28 - [TEST_STEP][PASSED] - sendKeys(findTestObject("ADMIN/Edit Text/Bespoke/Buyer Pages/Purchase Details/input_Excellent_excellent"), "*"): Keys '*' sent to object: 'Object Repository/ADMIN/Edit Text/Bespoke/Buyer Pages/Purchase Details/input_Excellent_excellent'

2020-03-20 10:21:28 - [MESSAGE][PASSED] - Keys '*' sent to object: 'Object Repository/ADMIN/Edit Text/Bespoke/Buyer Pages/Purchase Details/input_Excellent_excellent'

2020-03-20 10:21:28 - [TEST_STEP][PASSED] - sendKeys(findTestObject("ADMIN/Edit Text/Bespoke/Buyer Pages/Purchase Details/input_Great_great"), "*"): Keys '*' sent to object: 'Object Repository/ADMIN/Edit Text/Bespoke/Buyer Pages/Purchase Details/input_Great_great'

2020-03-20 10:21:28 - [MESSAGE][PASSED] - Keys '*' sent to object: 'Object Repository/ADMIN/Edit Text/Bespoke/Buyer Pages/Purchase Details/input_Great_great'

2020-03-20 10:21:28 - [TEST_STEP][PASSED] - sendKeys(findTestObject("ADMIN/Edit Text/Bespoke/Buyer Pages/Purchase Details/input_Good_good"), "*"): Keys '*' sent to object: 'Object Repository/ADMIN/Edit Text/Bespoke/Buyer Pages/Purchase Details/input_Good_good'

2020-03-20 10:21:28 - [MESSAGE][PASSED] - Keys '*' sent to object: 'Object Repository/ADMIN/Edit Text/Bespoke/Buyer Pages/Purchase Details/input_Good_good'

2020-03-20 10:21:28 - [TEST_STEP][PASSED] - sendKeys(findTestObject("ADMIN/Edit Text/Bespoke/Buyer Pages/Purchase Details/input_Okay_ok"), "*"): Keys '*' sent to object: 'Object Repository/ADMIN/Edit Text/Bespoke/Buyer Pages/Purchase Details/input_Okay_ok'

2020-03-20 10:21:28 - [MESSAGE][PASSED] - Keys '*' sent to object: 'Object Repository/ADMIN/Edit Text/Bespoke/Buyer Pages/Purchase Details/input_Okay_ok'

2020-03-20 10:21:28 - [TEST_STEP][PASSED] - sendKeys(findTestObject("ADMIN/Edit Text/Bespoke/Buyer Pages/Purchase Details/input_Unsatisfied_Unsatisfied"), "*"): Keys '*' sent to object: 'Object Repository/ADMIN/Edit Text/Bespoke/Buyer Pages/Purchase Details/input_Unsatisfied_Unsatisfied'

2020-03-20 10:21:28 - [MESSAGE][PASSED] - Keys '*' sent to object: 'Object Repository/ADMIN/Edit Text/Bespoke/Buyer Pages/Purchase Details/input_Unsatisfied_Unsatisfied'

2020-03-20 10:21:28 - [TEST_STEP][PASSED] - sendKeys(findTestObject("ADMIN/Edit Text/Bespoke/Buyer Pages/Purchase Details/input_SUBMIT_btn_okay"), "*"): Keys '*' sent to object: 'Object Repository/ADMIN/Edit Text/Bespoke/Buyer Pages/Purchase Details/input_SUBMIT_btn_okay'

2020-03-20 10:21:29 - [MESSAGE][PASSED] - Keys '*' sent to object: 'Object Repository/ADMIN/Edit Text/Bespoke/Buyer Pages/Purchase Details/input_SUBMIT_btn_okay'

2020-03-20 10:21:29 - [TEST_STEP][PASSED] - click(findTestObject("ADMIN/Edit Text/Bespoke/Buyer Pages/Homepage/button_save"), CONTINUE_ON_FAILURE): Object: 'Object Repository/ADMIN/Edit Text/Bespoke/Buyer Pages/Homepage/button_save' is clicked on

2020-03-20 10:21:29 - [MESSAGE][PASSED] - Object: 'Object Repository/ADMIN/Edit Text/Bespoke/Buyer Pages/Homepage/button_save' is clicked on

2020-03-20 10:21:29 - [TEST_STEP][PASSED] - waitForElementVisible(findTestObject("ADMIN/Edit Text/Bespoke/Buyer Pages/Homepage/toaster_success"), 0): Object 'Object Repository/ADMIN/Edit Text/Bespoke/Buyer Pages/Homepage/toaster_success' is visible

2020-03-20 10:21:29 - [MESSAGE][WARNING] - Timeout '0' is invalid. Using default page load timeout: '30'

2020-03-20 10:21:30 - [MESSAGE][PASSED] - Object 'Object Repository/ADMIN/Edit Text/Bespoke/Buyer Pages/Homepage/toaster_success' is visible]]></system-out>
         <system-err><![CDATA[]]></system-err>
      </testcase>
      <testcase name="Test Cases/ADMIN/Language/Edit Text/Bespoke/Buyer Pages/Purchase Details" time="7.669" classname="Test Cases/ADMIN/Language/Edit Text/Bespoke/Buyer Pages/Purchase Details" status="PASSED">
         <system-out><![CDATA[2020-03-20 10:21:30 - [TEST_CASE][PASSED] - Test Cases/ADMIN/Language/Edit Text/Bespoke/Buyer Pages/Purchase Details: Test Cases/ADMIN/Language/Edit Text/Bespoke/Buyer Pages/Purchase Details

2020-03-20 10:21:30 - [TEST_STEP][PASSED] - waitForElementVisible(findTestObject("ADMIN/Edit Text/Bespoke/Buyer Navigation/dd_language"), 0): Object 'Object Repository/ADMIN/Edit Text/Bespoke/Buyer Navigation/dd_language' is visible

2020-03-20 10:21:30 - [MESSAGE][WARNING] - Timeout '0' is invalid. Using default page load timeout: '30'

2020-03-20 10:21:30 - [MESSAGE][PASSED] - Object 'Object Repository/ADMIN/Edit Text/Bespoke/Buyer Navigation/dd_language' is visible

2020-03-20 10:21:30 - [TEST_STEP][PASSED] - selectOptionByLabel(findTestObject("ADMIN/Edit Text/Bespoke/Buyer Navigation/dd_language"), varLanguage, false): All options with label 'Hebrew' are selected in object 'Object Repository/ADMIN/Edit Text/Bespoke/Buyer Navigation/dd_language' 

2020-03-20 10:21:31 - [MESSAGE][PASSED] - All options with label 'Hebrew' are selected in object 'Object Repository/ADMIN/Edit Text/Bespoke/Buyer Navigation/dd_language' 

2020-03-20 10:21:31 - [TEST_STEP][PASSED] - sendKeys(findTestObject("ADMIN/Edit Text/Bespoke/Buyer Pages/Purchase Details/input_INVOICE ID_purchase-invoice-id"), "*"): Keys '*' sent to object: 'Object Repository/ADMIN/Edit Text/Bespoke/Buyer Pages/Purchase Details/input_INVOICE ID_purchase-invoice-id'

2020-03-20 10:21:32 - [MESSAGE][PASSED] - Keys '*' sent to object: 'Object Repository/ADMIN/Edit Text/Bespoke/Buyer Pages/Purchase Details/input_INVOICE ID_purchase-invoice-id'

2020-03-20 10:21:32 - [TEST_STEP][PASSED] - sendKeys(findTestObject("ADMIN/Edit Text/Bespoke/Buyer Pages/Purchase Details/input_TIMESTAMP_purchase-timestamp"), "*"): Keys '*' sent to object: 'Object Repository/ADMIN/Edit Text/Bespoke/Buyer Pages/Purchase Details/input_TIMESTAMP_purchase-timestamp'

2020-03-20 10:21:32 - [MESSAGE][PASSED] - Keys '*' sent to object: 'Object Repository/ADMIN/Edit Text/Bespoke/Buyer Pages/Purchase Details/input_TIMESTAMP_purchase-timestamp'

2020-03-20 10:21:32 - [TEST_STEP][PASSED] - sendKeys(findTestObject("ADMIN/Edit Text/Bespoke/Buyer Pages/Purchase Details/input_DELIVERY ADDRESS_purchase-delivery"), "*"): Keys '*' sent to object: 'Object Repository/ADMIN/Edit Text/Bespoke/Buyer Pages/Purchase Details/input_DELIVERY ADDRESS_purchase-delivery'

2020-03-20 10:21:32 - [MESSAGE][PASSED] - Keys '*' sent to object: 'Object Repository/ADMIN/Edit Text/Bespoke/Buyer Pages/Purchase Details/input_DELIVERY ADDRESS_purchase-delivery'

2020-03-20 10:21:32 - [TEST_STEP][PASSED] - sendKeys(findTestObject("ADMIN/Edit Text/Bespoke/Buyer Pages/Purchase Details/input_TRANSACTION TOTAL_purchase-transaction-total"), "*"): Keys '*' sent to object: 'Object Repository/ADMIN/Edit Text/Bespoke/Buyer Pages/Purchase Details/input_TRANSACTION TOTAL_purchase-transaction-total'

2020-03-20 10:21:33 - [MESSAGE][PASSED] - Keys '*' sent to object: 'Object Repository/ADMIN/Edit Text/Bespoke/Buyer Pages/Purchase Details/input_TRANSACTION TOTAL_purchase-transaction-total'

2020-03-20 10:21:33 - [TEST_STEP][PASSED] - sendKeys(findTestObject("ADMIN/Edit Text/Bespoke/Buyer Pages/Purchase Details/input_Subtotal_purchase-subtotal-txt"), "*"): Keys '*' sent to object: 'Object Repository/ADMIN/Edit Text/Bespoke/Buyer Pages/Purchase Details/input_Subtotal_purchase-subtotal-txt'

2020-03-20 10:21:33 - [MESSAGE][PASSED] - Keys '*' sent to object: 'Object Repository/ADMIN/Edit Text/Bespoke/Buyer Pages/Purchase Details/input_Subtotal_purchase-subtotal-txt'

2020-03-20 10:21:33 - [TEST_STEP][PASSED] - sendKeys(findTestObject("ADMIN/Edit Text/Bespoke/Buyer Pages/Purchase Details/input_PAYMENT METHOD_payment_method"), "*"): Keys '*' sent to object: 'Object Repository/ADMIN/Edit Text/Bespoke/Buyer Pages/Purchase Details/input_PAYMENT METHOD_payment_method'

2020-03-20 10:21:33 - [MESSAGE][PASSED] - Keys '*' sent to object: 'Object Repository/ADMIN/Edit Text/Bespoke/Buyer Pages/Purchase Details/input_PAYMENT METHOD_payment_method'

2020-03-20 10:21:33 - [TEST_STEP][PASSED] - sendKeys(findTestObject("ADMIN/Edit Text/Bespoke/Buyer Pages/Purchase Details/input_Delivery_purchase-delivery-txt"), "*"): Keys '*' sent to object: 'Object Repository/ADMIN/Edit Text/Bespoke/Buyer Pages/Purchase Details/input_Delivery_purchase-delivery-txt'

2020-03-20 10:21:33 - [MESSAGE][PASSED] - Keys '*' sent to object: 'Object Repository/ADMIN/Edit Text/Bespoke/Buyer Pages/Purchase Details/input_Delivery_purchase-delivery-txt'

2020-03-20 10:21:33 - [TEST_STEP][PASSED] - sendKeys(findTestObject("ADMIN/Edit Text/Bespoke/Buyer Pages/Purchase Details/input_PAYMENT STATUS_payment_status"), "*"): Keys '*' sent to object: 'Object Repository/ADMIN/Edit Text/Bespoke/Buyer Pages/Purchase Details/input_PAYMENT STATUS_payment_status'

2020-03-20 10:21:33 - [MESSAGE][PASSED] - Keys '*' sent to object: 'Object Repository/ADMIN/Edit Text/Bespoke/Buyer Pages/Purchase Details/input_PAYMENT STATUS_payment_status'

2020-03-20 10:21:33 - [TEST_STEP][PASSED] - sendKeys(findTestObject("ADMIN/Edit Text/Bespoke/Buyer Pages/Purchase Details/input_Bulk Delivery Discount_purchase-bulk-delivery-discount-txt"), "*"): Keys '*' sent to object: 'Object Repository/ADMIN/Edit Text/Bespoke/Buyer Pages/Purchase Details/input_Bulk Delivery Discount_purchase-bulk-delivery-discount-txt'

2020-03-20 10:21:33 - [MESSAGE][PASSED] - Keys '*' sent to object: 'Object Repository/ADMIN/Edit Text/Bespoke/Buyer Pages/Purchase Details/input_Bulk Delivery Discount_purchase-bulk-delivery-discount-txt'

2020-03-20 10:21:33 - [TEST_STEP][PASSED] - sendKeys(findTestObject("ADMIN/Edit Text/Bespoke/Buyer Pages/Purchase Details/input_ITEM_purchase-item-txt"), "*"): Keys '*' sent to object: 'Object Repository/ADMIN/Edit Text/Bespoke/Buyer Pages/Purchase Details/input_ITEM_purchase-item-txt'

2020-03-20 10:21:33 - [MESSAGE][PASSED] - Keys '*' sent to object: 'Object Repository/ADMIN/Edit Text/Bespoke/Buyer Pages/Purchase Details/input_ITEM_purchase-item-txt'

2020-03-20 10:21:33 - [TEST_STEP][PASSED] - sendKeys(findTestObject("ADMIN/Edit Text/Bespoke/Buyer Pages/Purchase Details/input_PRICE_purchase-price-txt"), "*"): Keys '*' sent to object: 'Object Repository/ADMIN/Edit Text/Bespoke/Buyer Pages/Purchase Details/input_PRICE_purchase-price-txt'

2020-03-20 10:21:34 - [MESSAGE][PASSED] - Keys '*' sent to object: 'Object Repository/ADMIN/Edit Text/Bespoke/Buyer Pages/Purchase Details/input_PRICE_purchase-price-txt'

2020-03-20 10:21:34 - [TEST_STEP][PASSED] - sendKeys(findTestObject("ADMIN/Edit Text/Bespoke/Buyer Pages/Purchase Details/input_QTY_purchase-qty-txt"), "*"): Keys '*' sent to object: 'Object Repository/ADMIN/Edit Text/Bespoke/Buyer Pages/Purchase Details/input_QTY_purchase-qty-txt'

2020-03-20 10:21:34 - [MESSAGE][PASSED] - Keys '*' sent to object: 'Object Repository/ADMIN/Edit Text/Bespoke/Buyer Pages/Purchase Details/input_QTY_purchase-qty-txt'

2020-03-20 10:21:34 - [TEST_STEP][PASSED] - sendKeys(findTestObject("ADMIN/Edit Text/Bespoke/Buyer Pages/Purchase Details/input_DELIVERY_purchase-delivery-txt (1)"), "*"): Keys '*' sent to object: 'Object Repository/ADMIN/Edit Text/Bespoke/Buyer Pages/Purchase Details/input_DELIVERY_purchase-delivery-txt (1)'

2020-03-20 10:21:34 - [MESSAGE][PASSED] - Keys '*' sent to object: 'Object Repository/ADMIN/Edit Text/Bespoke/Buyer Pages/Purchase Details/input_DELIVERY_purchase-delivery-txt (1)'

2020-03-20 10:21:34 - [TEST_STEP][PASSED] - sendKeys(findTestObject("ADMIN/Edit Text/Bespoke/Buyer Pages/Purchase Details/input_ORDER STATUS_purchase-orderstatus-txt"), "*"): Keys '*' sent to object: 'Object Repository/ADMIN/Edit Text/Bespoke/Buyer Pages/Purchase Details/input_ORDER STATUS_purchase-orderstatus-txt'

2020-03-20 10:21:34 - [MESSAGE][PASSED] - Keys '*' sent to object: 'Object Repository/ADMIN/Edit Text/Bespoke/Buyer Pages/Purchase Details/input_ORDER STATUS_purchase-orderstatus-txt'

2020-03-20 10:21:34 - [TEST_STEP][PASSED] - sendKeys(findTestObject("ADMIN/Edit Text/Bespoke/Buyer Pages/Purchase Details/input_REVIEWS_purchase-review-txt"), "*"): Keys '*' sent to object: 'Object Repository/ADMIN/Edit Text/Bespoke/Buyer Pages/Purchase Details/input_REVIEWS_purchase-review-txt'

2020-03-20 10:21:34 - [MESSAGE][PASSED] - Keys '*' sent to object: 'Object Repository/ADMIN/Edit Text/Bespoke/Buyer Pages/Purchase Details/input_REVIEWS_purchase-review-txt'

2020-03-20 10:21:34 - [TEST_STEP][PASSED] - sendKeys(findTestObject("ADMIN/Edit Text/Bespoke/Buyer Pages/Purchase Details/input_Sold By_sold-by"), "*"): Keys '*' sent to object: 'Object Repository/ADMIN/Edit Text/Bespoke/Buyer Pages/Purchase Details/input_Sold By_sold-by'

2020-03-20 10:21:34 - [MESSAGE][PASSED] - Keys '*' sent to object: 'Object Repository/ADMIN/Edit Text/Bespoke/Buyer Pages/Purchase Details/input_Sold By_sold-by'

2020-03-20 10:21:34 - [TEST_STEP][PASSED] - sendKeys(findTestObject("ADMIN/Edit Text/Bespoke/Buyer Pages/Purchase Details/input_Contact_Contact"), "*"): Keys '*' sent to object: 'Object Repository/ADMIN/Edit Text/Bespoke/Buyer Pages/Purchase Details/input_Contact_Contact'

2020-03-20 10:21:34 - [MESSAGE][PASSED] - Keys '*' sent to object: 'Object Repository/ADMIN/Edit Text/Bespoke/Buyer Pages/Purchase Details/input_Contact_Contact'

2020-03-20 10:21:34 - [TEST_STEP][PASSED] - sendKeys(findTestObject("ADMIN/Edit Text/Bespoke/Buyer Pages/Purchase Details/input_Delivery_Delivery"), "*"): Keys '*' sent to object: 'Object Repository/ADMIN/Edit Text/Bespoke/Buyer Pages/Purchase Details/input_Delivery_Delivery'

2020-03-20 10:21:35 - [MESSAGE][PASSED] - Keys '*' sent to object: 'Object Repository/ADMIN/Edit Text/Bespoke/Buyer Pages/Purchase Details/input_Delivery_Delivery'

2020-03-20 10:21:35 - [TEST_STEP][PASSED] - sendKeys(findTestObject("ADMIN/Edit Text/Bespoke/Buyer Pages/Purchase Details/input_Pickup_Pickup"), "*"): Keys '*' sent to object: 'Object Repository/ADMIN/Edit Text/Bespoke/Buyer Pages/Purchase Details/input_Pickup_Pickup'

2020-03-20 10:21:35 - [MESSAGE][PASSED] - Keys '*' sent to object: 'Object Repository/ADMIN/Edit Text/Bespoke/Buyer Pages/Purchase Details/input_Pickup_Pickup'

2020-03-20 10:21:35 - [TEST_STEP][PASSED] - sendKeys(findTestObject("ADMIN/Edit Text/Bespoke/Buyer Pages/Purchase Details/input_Leave a feedback_purchase-leave-feedback-txt"), "*"): Keys '*' sent to object: 'Object Repository/ADMIN/Edit Text/Bespoke/Buyer Pages/Purchase Details/input_Leave a feedback_purchase-leave-feedback-txt'

2020-03-20 10:21:35 - [MESSAGE][PASSED] - Keys '*' sent to object: 'Object Repository/ADMIN/Edit Text/Bespoke/Buyer Pages/Purchase Details/input_Leave a feedback_purchase-leave-feedback-txt'

2020-03-20 10:21:35 - [TEST_STEP][PASSED] - sendKeys(findTestObject("ADMIN/Edit Text/Bespoke/Buyer Pages/Purchase Details/input_Left feedback_purchase-left-feedback-txt"), "*"): Keys '*' sent to object: 'Object Repository/ADMIN/Edit Text/Bespoke/Buyer Pages/Purchase Details/input_Left feedback_purchase-left-feedback-txt'

2020-03-20 10:21:35 - [MESSAGE][PASSED] - Keys '*' sent to object: 'Object Repository/ADMIN/Edit Text/Bespoke/Buyer Pages/Purchase Details/input_Left feedback_purchase-left-feedback-txt'

2020-03-20 10:21:35 - [TEST_STEP][PASSED] - sendKeys(findTestObject("ADMIN/Edit Text/Bespoke/Buyer Pages/Purchase Details/input_BACK TO LIST_btn_back"), "*"): Keys '*' sent to object: 'Object Repository/ADMIN/Edit Text/Bespoke/Buyer Pages/Purchase Details/input_BACK TO LIST_btn_back'

2020-03-20 10:21:35 - [MESSAGE][PASSED] - Keys '*' sent to object: 'Object Repository/ADMIN/Edit Text/Bespoke/Buyer Pages/Purchase Details/input_BACK TO LIST_btn_back'

2020-03-20 10:21:35 - [TEST_STEP][PASSED] - sendKeys(findTestObject("ADMIN/Edit Text/Bespoke/Buyer Pages/Purchase Details/input_LEFT A FEEDBACK FOR_popup-title"), "*"): Keys '*' sent to object: 'Object Repository/ADMIN/Edit Text/Bespoke/Buyer Pages/Purchase Details/input_LEFT A FEEDBACK FOR_popup-title'

2020-03-20 10:21:35 - [MESSAGE][PASSED] - Keys '*' sent to object: 'Object Repository/ADMIN/Edit Text/Bespoke/Buyer Pages/Purchase Details/input_LEFT A FEEDBACK FOR_popup-title'

2020-03-20 10:21:35 - [TEST_STEP][PASSED] - sendKeys(findTestObject("ADMIN/Edit Text/Bespoke/Buyer Pages/Purchase Details/input_How much do you rate this item_popup-desc"), "*"): Keys '*' sent to object: 'Object Repository/ADMIN/Edit Text/Bespoke/Buyer Pages/Purchase Details/input_How much do you rate this item_popup-desc'

2020-03-20 10:21:36 - [MESSAGE][PASSED] - Keys '*' sent to object: 'Object Repository/ADMIN/Edit Text/Bespoke/Buyer Pages/Purchase Details/input_How much do you rate this item_popup-desc'

2020-03-20 10:21:36 - [TEST_STEP][PASSED] - sendKeys(findTestObject("ADMIN/Edit Text/Bespoke/Buyer Pages/Purchase Details/input_Leave a feedback_leave-feedback"), "*"): Keys '*' sent to object: 'Object Repository/ADMIN/Edit Text/Bespoke/Buyer Pages/Purchase Details/input_Leave a feedback_leave-feedback'

2020-03-20 10:21:36 - [MESSAGE][PASSED] - Keys '*' sent to object: 'Object Repository/ADMIN/Edit Text/Bespoke/Buyer Pages/Purchase Details/input_Leave a feedback_leave-feedback'

2020-03-20 10:21:36 - [TEST_STEP][PASSED] - sendKeys(findTestObject("ADMIN/Edit Text/Bespoke/Buyer Pages/Purchase Details/input_Excellent_excellent"), "*"): Keys '*' sent to object: 'Object Repository/ADMIN/Edit Text/Bespoke/Buyer Pages/Purchase Details/input_Excellent_excellent'

2020-03-20 10:21:36 - [MESSAGE][PASSED] - Keys '*' sent to object: 'Object Repository/ADMIN/Edit Text/Bespoke/Buyer Pages/Purchase Details/input_Excellent_excellent'

2020-03-20 10:21:36 - [TEST_STEP][PASSED] - sendKeys(findTestObject("ADMIN/Edit Text/Bespoke/Buyer Pages/Purchase Details/input_Great_great"), "*"): Keys '*' sent to object: 'Object Repository/ADMIN/Edit Text/Bespoke/Buyer Pages/Purchase Details/input_Great_great'

2020-03-20 10:21:36 - [MESSAGE][PASSED] - Keys '*' sent to object: 'Object Repository/ADMIN/Edit Text/Bespoke/Buyer Pages/Purchase Details/input_Great_great'

2020-03-20 10:21:36 - [TEST_STEP][PASSED] - sendKeys(findTestObject("ADMIN/Edit Text/Bespoke/Buyer Pages/Purchase Details/input_Good_good"), "*"): Keys '*' sent to object: 'Object Repository/ADMIN/Edit Text/Bespoke/Buyer Pages/Purchase Details/input_Good_good'

2020-03-20 10:21:36 - [MESSAGE][PASSED] - Keys '*' sent to object: 'Object Repository/ADMIN/Edit Text/Bespoke/Buyer Pages/Purchase Details/input_Good_good'

2020-03-20 10:21:36 - [TEST_STEP][PASSED] - sendKeys(findTestObject("ADMIN/Edit Text/Bespoke/Buyer Pages/Purchase Details/input_Okay_ok"), "*"): Keys '*' sent to object: 'Object Repository/ADMIN/Edit Text/Bespoke/Buyer Pages/Purchase Details/input_Okay_ok'

2020-03-20 10:21:36 - [MESSAGE][PASSED] - Keys '*' sent to object: 'Object Repository/ADMIN/Edit Text/Bespoke/Buyer Pages/Purchase Details/input_Okay_ok'

2020-03-20 10:21:36 - [TEST_STEP][PASSED] - sendKeys(findTestObject("ADMIN/Edit Text/Bespoke/Buyer Pages/Purchase Details/input_Unsatisfied_Unsatisfied"), "*"): Keys '*' sent to object: 'Object Repository/ADMIN/Edit Text/Bespoke/Buyer Pages/Purchase Details/input_Unsatisfied_Unsatisfied'

2020-03-20 10:21:36 - [MESSAGE][PASSED] - Keys '*' sent to object: 'Object Repository/ADMIN/Edit Text/Bespoke/Buyer Pages/Purchase Details/input_Unsatisfied_Unsatisfied'

2020-03-20 10:21:36 - [TEST_STEP][PASSED] - sendKeys(findTestObject("ADMIN/Edit Text/Bespoke/Buyer Pages/Purchase Details/input_SUBMIT_btn_okay"), "*"): Keys '*' sent to object: 'Object Repository/ADMIN/Edit Text/Bespoke/Buyer Pages/Purchase Details/input_SUBMIT_btn_okay'

2020-03-20 10:21:37 - [MESSAGE][PASSED] - Keys '*' sent to object: 'Object Repository/ADMIN/Edit Text/Bespoke/Buyer Pages/Purchase Details/input_SUBMIT_btn_okay'

2020-03-20 10:21:37 - [TEST_STEP][PASSED] - click(findTestObject("ADMIN/Edit Text/Bespoke/Buyer Pages/Homepage/button_save"), CONTINUE_ON_FAILURE): Object: 'Object Repository/ADMIN/Edit Text/Bespoke/Buyer Pages/Homepage/button_save' is clicked on

2020-03-20 10:21:37 - [MESSAGE][PASSED] - Object: 'Object Repository/ADMIN/Edit Text/Bespoke/Buyer Pages/Homepage/button_save' is clicked on

2020-03-20 10:21:37 - [TEST_STEP][PASSED] - waitForElementVisible(findTestObject("ADMIN/Edit Text/Bespoke/Buyer Pages/Homepage/toaster_success"), 0): Object 'Object Repository/ADMIN/Edit Text/Bespoke/Buyer Pages/Homepage/toaster_success' is visible

2020-03-20 10:21:37 - [MESSAGE][WARNING] - Timeout '0' is invalid. Using default page load timeout: '30'

2020-03-20 10:21:37 - [MESSAGE][PASSED] - Object 'Object Repository/ADMIN/Edit Text/Bespoke/Buyer Pages/Homepage/toaster_success' is visible]]></system-out>
         <system-err><![CDATA[]]></system-err>
      </testcase>
      <testcase name="Test Cases/ADMIN/Language/Edit Text/Bespoke/Buyer Pages/Purchase Details" time="7.225" classname="Test Cases/ADMIN/Language/Edit Text/Bespoke/Buyer Pages/Purchase Details" status="PASSED">
         <system-out><![CDATA[2020-03-20 10:21:37 - [TEST_CASE][PASSED] - Test Cases/ADMIN/Language/Edit Text/Bespoke/Buyer Pages/Purchase Details: Test Cases/ADMIN/Language/Edit Text/Bespoke/Buyer Pages/Purchase Details

2020-03-20 10:21:37 - [TEST_STEP][PASSED] - waitForElementVisible(findTestObject("ADMIN/Edit Text/Bespoke/Buyer Navigation/dd_language"), 0): Object 'Object Repository/ADMIN/Edit Text/Bespoke/Buyer Navigation/dd_language' is visible

2020-03-20 10:21:37 - [MESSAGE][WARNING] - Timeout '0' is invalid. Using default page load timeout: '30'

2020-03-20 10:21:37 - [MESSAGE][PASSED] - Object 'Object Repository/ADMIN/Edit Text/Bespoke/Buyer Navigation/dd_language' is visible

2020-03-20 10:21:37 - [TEST_STEP][PASSED] - selectOptionByLabel(findTestObject("ADMIN/Edit Text/Bespoke/Buyer Navigation/dd_language"), varLanguage, false): All options with label 'English' are selected in object 'Object Repository/ADMIN/Edit Text/Bespoke/Buyer Navigation/dd_language' 

2020-03-20 10:21:39 - [MESSAGE][PASSED] - All options with label 'English' are selected in object 'Object Repository/ADMIN/Edit Text/Bespoke/Buyer Navigation/dd_language' 

2020-03-20 10:21:39 - [TEST_STEP][PASSED] - sendKeys(findTestObject("ADMIN/Edit Text/Bespoke/Buyer Pages/Purchase Details/input_INVOICE ID_purchase-invoice-id"), "*"): Keys '*' sent to object: 'Object Repository/ADMIN/Edit Text/Bespoke/Buyer Pages/Purchase Details/input_INVOICE ID_purchase-invoice-id'

2020-03-20 10:21:40 - [MESSAGE][PASSED] - Keys '*' sent to object: 'Object Repository/ADMIN/Edit Text/Bespoke/Buyer Pages/Purchase Details/input_INVOICE ID_purchase-invoice-id'

2020-03-20 10:21:40 - [TEST_STEP][PASSED] - sendKeys(findTestObject("ADMIN/Edit Text/Bespoke/Buyer Pages/Purchase Details/input_TIMESTAMP_purchase-timestamp"), "*"): Keys '*' sent to object: 'Object Repository/ADMIN/Edit Text/Bespoke/Buyer Pages/Purchase Details/input_TIMESTAMP_purchase-timestamp'

2020-03-20 10:21:40 - [MESSAGE][PASSED] - Keys '*' sent to object: 'Object Repository/ADMIN/Edit Text/Bespoke/Buyer Pages/Purchase Details/input_TIMESTAMP_purchase-timestamp'

2020-03-20 10:21:40 - [TEST_STEP][PASSED] - sendKeys(findTestObject("ADMIN/Edit Text/Bespoke/Buyer Pages/Purchase Details/input_DELIVERY ADDRESS_purchase-delivery"), "*"): Keys '*' sent to object: 'Object Repository/ADMIN/Edit Text/Bespoke/Buyer Pages/Purchase Details/input_DELIVERY ADDRESS_purchase-delivery'

2020-03-20 10:21:40 - [MESSAGE][PASSED] - Keys '*' sent to object: 'Object Repository/ADMIN/Edit Text/Bespoke/Buyer Pages/Purchase Details/input_DELIVERY ADDRESS_purchase-delivery'

2020-03-20 10:21:40 - [TEST_STEP][PASSED] - sendKeys(findTestObject("ADMIN/Edit Text/Bespoke/Buyer Pages/Purchase Details/input_TRANSACTION TOTAL_purchase-transaction-total"), "*"): Keys '*' sent to object: 'Object Repository/ADMIN/Edit Text/Bespoke/Buyer Pages/Purchase Details/input_TRANSACTION TOTAL_purchase-transaction-total'

2020-03-20 10:21:40 - [MESSAGE][PASSED] - Keys '*' sent to object: 'Object Repository/ADMIN/Edit Text/Bespoke/Buyer Pages/Purchase Details/input_TRANSACTION TOTAL_purchase-transaction-total'

2020-03-20 10:21:40 - [TEST_STEP][PASSED] - sendKeys(findTestObject("ADMIN/Edit Text/Bespoke/Buyer Pages/Purchase Details/input_Subtotal_purchase-subtotal-txt"), "*"): Keys '*' sent to object: 'Object Repository/ADMIN/Edit Text/Bespoke/Buyer Pages/Purchase Details/input_Subtotal_purchase-subtotal-txt'

2020-03-20 10:21:40 - [MESSAGE][PASSED] - Keys '*' sent to object: 'Object Repository/ADMIN/Edit Text/Bespoke/Buyer Pages/Purchase Details/input_Subtotal_purchase-subtotal-txt'

2020-03-20 10:21:40 - [TEST_STEP][PASSED] - sendKeys(findTestObject("ADMIN/Edit Text/Bespoke/Buyer Pages/Purchase Details/input_PAYMENT METHOD_payment_method"), "*"): Keys '*' sent to object: 'Object Repository/ADMIN/Edit Text/Bespoke/Buyer Pages/Purchase Details/input_PAYMENT METHOD_payment_method'

2020-03-20 10:21:40 - [MESSAGE][PASSED] - Keys '*' sent to object: 'Object Repository/ADMIN/Edit Text/Bespoke/Buyer Pages/Purchase Details/input_PAYMENT METHOD_payment_method'

2020-03-20 10:21:40 - [TEST_STEP][PASSED] - sendKeys(findTestObject("ADMIN/Edit Text/Bespoke/Buyer Pages/Purchase Details/input_Delivery_purchase-delivery-txt"), "*"): Keys '*' sent to object: 'Object Repository/ADMIN/Edit Text/Bespoke/Buyer Pages/Purchase Details/input_Delivery_purchase-delivery-txt'

2020-03-20 10:21:41 - [MESSAGE][PASSED] - Keys '*' sent to object: 'Object Repository/ADMIN/Edit Text/Bespoke/Buyer Pages/Purchase Details/input_Delivery_purchase-delivery-txt'

2020-03-20 10:21:41 - [TEST_STEP][PASSED] - sendKeys(findTestObject("ADMIN/Edit Text/Bespoke/Buyer Pages/Purchase Details/input_PAYMENT STATUS_payment_status"), "*"): Keys '*' sent to object: 'Object Repository/ADMIN/Edit Text/Bespoke/Buyer Pages/Purchase Details/input_PAYMENT STATUS_payment_status'

2020-03-20 10:21:41 - [MESSAGE][PASSED] - Keys '*' sent to object: 'Object Repository/ADMIN/Edit Text/Bespoke/Buyer Pages/Purchase Details/input_PAYMENT STATUS_payment_status'

2020-03-20 10:21:41 - [TEST_STEP][PASSED] - sendKeys(findTestObject("ADMIN/Edit Text/Bespoke/Buyer Pages/Purchase Details/input_Bulk Delivery Discount_purchase-bulk-delivery-discount-txt"), "*"): Keys '*' sent to object: 'Object Repository/ADMIN/Edit Text/Bespoke/Buyer Pages/Purchase Details/input_Bulk Delivery Discount_purchase-bulk-delivery-discount-txt'

2020-03-20 10:21:41 - [MESSAGE][PASSED] - Keys '*' sent to object: 'Object Repository/ADMIN/Edit Text/Bespoke/Buyer Pages/Purchase Details/input_Bulk Delivery Discount_purchase-bulk-delivery-discount-txt'

2020-03-20 10:21:41 - [TEST_STEP][PASSED] - sendKeys(findTestObject("ADMIN/Edit Text/Bespoke/Buyer Pages/Purchase Details/input_ITEM_purchase-item-txt"), "*"): Keys '*' sent to object: 'Object Repository/ADMIN/Edit Text/Bespoke/Buyer Pages/Purchase Details/input_ITEM_purchase-item-txt'

2020-03-20 10:21:41 - [MESSAGE][PASSED] - Keys '*' sent to object: 'Object Repository/ADMIN/Edit Text/Bespoke/Buyer Pages/Purchase Details/input_ITEM_purchase-item-txt'

2020-03-20 10:21:41 - [TEST_STEP][PASSED] - sendKeys(findTestObject("ADMIN/Edit Text/Bespoke/Buyer Pages/Purchase Details/input_PRICE_purchase-price-txt"), "*"): Keys '*' sent to object: 'Object Repository/ADMIN/Edit Text/Bespoke/Buyer Pages/Purchase Details/input_PRICE_purchase-price-txt'

2020-03-20 10:21:41 - [MESSAGE][PASSED] - Keys '*' sent to object: 'Object Repository/ADMIN/Edit Text/Bespoke/Buyer Pages/Purchase Details/input_PRICE_purchase-price-txt'

2020-03-20 10:21:41 - [TEST_STEP][PASSED] - sendKeys(findTestObject("ADMIN/Edit Text/Bespoke/Buyer Pages/Purchase Details/input_QTY_purchase-qty-txt"), "*"): Keys '*' sent to object: 'Object Repository/ADMIN/Edit Text/Bespoke/Buyer Pages/Purchase Details/input_QTY_purchase-qty-txt'

2020-03-20 10:21:41 - [MESSAGE][PASSED] - Keys '*' sent to object: 'Object Repository/ADMIN/Edit Text/Bespoke/Buyer Pages/Purchase Details/input_QTY_purchase-qty-txt'

2020-03-20 10:21:41 - [TEST_STEP][PASSED] - sendKeys(findTestObject("ADMIN/Edit Text/Bespoke/Buyer Pages/Purchase Details/input_DELIVERY_purchase-delivery-txt (1)"), "*"): Keys '*' sent to object: 'Object Repository/ADMIN/Edit Text/Bespoke/Buyer Pages/Purchase Details/input_DELIVERY_purchase-delivery-txt (1)'

2020-03-20 10:21:41 - [MESSAGE][PASSED] - Keys '*' sent to object: 'Object Repository/ADMIN/Edit Text/Bespoke/Buyer Pages/Purchase Details/input_DELIVERY_purchase-delivery-txt (1)'

2020-03-20 10:21:41 - [TEST_STEP][PASSED] - sendKeys(findTestObject("ADMIN/Edit Text/Bespoke/Buyer Pages/Purchase Details/input_ORDER STATUS_purchase-orderstatus-txt"), "*"): Keys '*' sent to object: 'Object Repository/ADMIN/Edit Text/Bespoke/Buyer Pages/Purchase Details/input_ORDER STATUS_purchase-orderstatus-txt'

2020-03-20 10:21:41 - [MESSAGE][PASSED] - Keys '*' sent to object: 'Object Repository/ADMIN/Edit Text/Bespoke/Buyer Pages/Purchase Details/input_ORDER STATUS_purchase-orderstatus-txt'

2020-03-20 10:21:41 - [TEST_STEP][PASSED] - sendKeys(findTestObject("ADMIN/Edit Text/Bespoke/Buyer Pages/Purchase Details/input_REVIEWS_purchase-review-txt"), "*"): Keys '*' sent to object: 'Object Repository/ADMIN/Edit Text/Bespoke/Buyer Pages/Purchase Details/input_REVIEWS_purchase-review-txt'

2020-03-20 10:21:42 - [MESSAGE][PASSED] - Keys '*' sent to object: 'Object Repository/ADMIN/Edit Text/Bespoke/Buyer Pages/Purchase Details/input_REVIEWS_purchase-review-txt'

2020-03-20 10:21:42 - [TEST_STEP][PASSED] - sendKeys(findTestObject("ADMIN/Edit Text/Bespoke/Buyer Pages/Purchase Details/input_Sold By_sold-by"), "*"): Keys '*' sent to object: 'Object Repository/ADMIN/Edit Text/Bespoke/Buyer Pages/Purchase Details/input_Sold By_sold-by'

2020-03-20 10:21:42 - [MESSAGE][PASSED] - Keys '*' sent to object: 'Object Repository/ADMIN/Edit Text/Bespoke/Buyer Pages/Purchase Details/input_Sold By_sold-by'

2020-03-20 10:21:42 - [TEST_STEP][PASSED] - sendKeys(findTestObject("ADMIN/Edit Text/Bespoke/Buyer Pages/Purchase Details/input_Contact_Contact"), "*"): Keys '*' sent to object: 'Object Repository/ADMIN/Edit Text/Bespoke/Buyer Pages/Purchase Details/input_Contact_Contact'

2020-03-20 10:21:42 - [MESSAGE][PASSED] - Keys '*' sent to object: 'Object Repository/ADMIN/Edit Text/Bespoke/Buyer Pages/Purchase Details/input_Contact_Contact'

2020-03-20 10:21:42 - [TEST_STEP][PASSED] - sendKeys(findTestObject("ADMIN/Edit Text/Bespoke/Buyer Pages/Purchase Details/input_Delivery_Delivery"), "*"): Keys '*' sent to object: 'Object Repository/ADMIN/Edit Text/Bespoke/Buyer Pages/Purchase Details/input_Delivery_Delivery'

2020-03-20 10:21:42 - [MESSAGE][PASSED] - Keys '*' sent to object: 'Object Repository/ADMIN/Edit Text/Bespoke/Buyer Pages/Purchase Details/input_Delivery_Delivery'

2020-03-20 10:21:42 - [TEST_STEP][PASSED] - sendKeys(findTestObject("ADMIN/Edit Text/Bespoke/Buyer Pages/Purchase Details/input_Pickup_Pickup"), "*"): Keys '*' sent to object: 'Object Repository/ADMIN/Edit Text/Bespoke/Buyer Pages/Purchase Details/input_Pickup_Pickup'

2020-03-20 10:21:42 - [MESSAGE][PASSED] - Keys '*' sent to object: 'Object Repository/ADMIN/Edit Text/Bespoke/Buyer Pages/Purchase Details/input_Pickup_Pickup'

2020-03-20 10:21:42 - [TEST_STEP][PASSED] - sendKeys(findTestObject("ADMIN/Edit Text/Bespoke/Buyer Pages/Purchase Details/input_Leave a feedback_purchase-leave-feedback-txt"), "*"): Keys '*' sent to object: 'Object Repository/ADMIN/Edit Text/Bespoke/Buyer Pages/Purchase Details/input_Leave a feedback_purchase-leave-feedback-txt'

2020-03-20 10:21:42 - [MESSAGE][PASSED] - Keys '*' sent to object: 'Object Repository/ADMIN/Edit Text/Bespoke/Buyer Pages/Purchase Details/input_Leave a feedback_purchase-leave-feedback-txt'

2020-03-20 10:21:42 - [TEST_STEP][PASSED] - sendKeys(findTestObject("ADMIN/Edit Text/Bespoke/Buyer Pages/Purchase Details/input_Left feedback_purchase-left-feedback-txt"), "*"): Keys '*' sent to object: 'Object Repository/ADMIN/Edit Text/Bespoke/Buyer Pages/Purchase Details/input_Left feedback_purchase-left-feedback-txt'

2020-03-20 10:21:42 - [MESSAGE][PASSED] - Keys '*' sent to object: 'Object Repository/ADMIN/Edit Text/Bespoke/Buyer Pages/Purchase Details/input_Left feedback_purchase-left-feedback-txt'

2020-03-20 10:21:42 - [TEST_STEP][PASSED] - sendKeys(findTestObject("ADMIN/Edit Text/Bespoke/Buyer Pages/Purchase Details/input_BACK TO LIST_btn_back"), "*"): Keys '*' sent to object: 'Object Repository/ADMIN/Edit Text/Bespoke/Buyer Pages/Purchase Details/input_BACK TO LIST_btn_back'

2020-03-20 10:21:42 - [MESSAGE][PASSED] - Keys '*' sent to object: 'Object Repository/ADMIN/Edit Text/Bespoke/Buyer Pages/Purchase Details/input_BACK TO LIST_btn_back'

2020-03-20 10:21:42 - [TEST_STEP][PASSED] - sendKeys(findTestObject("ADMIN/Edit Text/Bespoke/Buyer Pages/Purchase Details/input_LEFT A FEEDBACK FOR_popup-title"), "*"): Keys '*' sent to object: 'Object Repository/ADMIN/Edit Text/Bespoke/Buyer Pages/Purchase Details/input_LEFT A FEEDBACK FOR_popup-title'

2020-03-20 10:21:43 - [MESSAGE][PASSED] - Keys '*' sent to object: 'Object Repository/ADMIN/Edit Text/Bespoke/Buyer Pages/Purchase Details/input_LEFT A FEEDBACK FOR_popup-title'

2020-03-20 10:21:43 - [TEST_STEP][PASSED] - sendKeys(findTestObject("ADMIN/Edit Text/Bespoke/Buyer Pages/Purchase Details/input_How much do you rate this item_popup-desc"), "*"): Keys '*' sent to object: 'Object Repository/ADMIN/Edit Text/Bespoke/Buyer Pages/Purchase Details/input_How much do you rate this item_popup-desc'

2020-03-20 10:21:43 - [MESSAGE][PASSED] - Keys '*' sent to object: 'Object Repository/ADMIN/Edit Text/Bespoke/Buyer Pages/Purchase Details/input_How much do you rate this item_popup-desc'

2020-03-20 10:21:43 - [TEST_STEP][PASSED] - sendKeys(findTestObject("ADMIN/Edit Text/Bespoke/Buyer Pages/Purchase Details/input_Leave a feedback_leave-feedback"), "*"): Keys '*' sent to object: 'Object Repository/ADMIN/Edit Text/Bespoke/Buyer Pages/Purchase Details/input_Leave a feedback_leave-feedback'

2020-03-20 10:21:43 - [MESSAGE][PASSED] - Keys '*' sent to object: 'Object Repository/ADMIN/Edit Text/Bespoke/Buyer Pages/Purchase Details/input_Leave a feedback_leave-feedback'

2020-03-20 10:21:43 - [TEST_STEP][PASSED] - sendKeys(findTestObject("ADMIN/Edit Text/Bespoke/Buyer Pages/Purchase Details/input_Excellent_excellent"), "*"): Keys '*' sent to object: 'Object Repository/ADMIN/Edit Text/Bespoke/Buyer Pages/Purchase Details/input_Excellent_excellent'

2020-03-20 10:21:43 - [MESSAGE][PASSED] - Keys '*' sent to object: 'Object Repository/ADMIN/Edit Text/Bespoke/Buyer Pages/Purchase Details/input_Excellent_excellent'

2020-03-20 10:21:43 - [TEST_STEP][PASSED] - sendKeys(findTestObject("ADMIN/Edit Text/Bespoke/Buyer Pages/Purchase Details/input_Great_great"), "*"): Keys '*' sent to object: 'Object Repository/ADMIN/Edit Text/Bespoke/Buyer Pages/Purchase Details/input_Great_great'

2020-03-20 10:21:43 - [MESSAGE][PASSED] - Keys '*' sent to object: 'Object Repository/ADMIN/Edit Text/Bespoke/Buyer Pages/Purchase Details/input_Great_great'

2020-03-20 10:21:43 - [TEST_STEP][PASSED] - sendKeys(findTestObject("ADMIN/Edit Text/Bespoke/Buyer Pages/Purchase Details/input_Good_good"), "*"): Keys '*' sent to object: 'Object Repository/ADMIN/Edit Text/Bespoke/Buyer Pages/Purchase Details/input_Good_good'

2020-03-20 10:21:43 - [MESSAGE][PASSED] - Keys '*' sent to object: 'Object Repository/ADMIN/Edit Text/Bespoke/Buyer Pages/Purchase Details/input_Good_good'

2020-03-20 10:21:43 - [TEST_STEP][PASSED] - sendKeys(findTestObject("ADMIN/Edit Text/Bespoke/Buyer Pages/Purchase Details/input_Okay_ok"), "*"): Keys '*' sent to object: 'Object Repository/ADMIN/Edit Text/Bespoke/Buyer Pages/Purchase Details/input_Okay_ok'

2020-03-20 10:21:43 - [MESSAGE][PASSED] - Keys '*' sent to object: 'Object Repository/ADMIN/Edit Text/Bespoke/Buyer Pages/Purchase Details/input_Okay_ok'

2020-03-20 10:21:43 - [TEST_STEP][PASSED] - sendKeys(findTestObject("ADMIN/Edit Text/Bespoke/Buyer Pages/Purchase Details/input_Unsatisfied_Unsatisfied"), "*"): Keys '*' sent to object: 'Object Repository/ADMIN/Edit Text/Bespoke/Buyer Pages/Purchase Details/input_Unsatisfied_Unsatisfied'

2020-03-20 10:21:43 - [MESSAGE][PASSED] - Keys '*' sent to object: 'Object Repository/ADMIN/Edit Text/Bespoke/Buyer Pages/Purchase Details/input_Unsatisfied_Unsatisfied'

2020-03-20 10:21:43 - [TEST_STEP][PASSED] - sendKeys(findTestObject("ADMIN/Edit Text/Bespoke/Buyer Pages/Purchase Details/input_SUBMIT_btn_okay"), "*"): Keys '*' sent to object: 'Object Repository/ADMIN/Edit Text/Bespoke/Buyer Pages/Purchase Details/input_SUBMIT_btn_okay'

2020-03-20 10:21:44 - [MESSAGE][PASSED] - Keys '*' sent to object: 'Object Repository/ADMIN/Edit Text/Bespoke/Buyer Pages/Purchase Details/input_SUBMIT_btn_okay'

2020-03-20 10:21:44 - [TEST_STEP][PASSED] - click(findTestObject("ADMIN/Edit Text/Bespoke/Buyer Pages/Homepage/button_save"), CONTINUE_ON_FAILURE): Object: 'Object Repository/ADMIN/Edit Text/Bespoke/Buyer Pages/Homepage/button_save' is clicked on

2020-03-20 10:21:44 - [MESSAGE][PASSED] - Object: 'Object Repository/ADMIN/Edit Text/Bespoke/Buyer Pages/Homepage/button_save' is clicked on

2020-03-20 10:21:44 - [TEST_STEP][PASSED] - waitForElementVisible(findTestObject("ADMIN/Edit Text/Bespoke/Buyer Pages/Homepage/toaster_success"), 0): Object 'Object Repository/ADMIN/Edit Text/Bespoke/Buyer Pages/Homepage/toaster_success' is visible

2020-03-20 10:21:44 - [MESSAGE][WARNING] - Timeout '0' is invalid. Using default page load timeout: '30'

2020-03-20 10:21:45 - [MESSAGE][PASSED] - Object 'Object Repository/ADMIN/Edit Text/Bespoke/Buyer Pages/Homepage/toaster_success' is visible]]></system-out>
         <system-err><![CDATA[]]></system-err>
      </testcase>
      <system-out><![CDATA[2020-03-20 10:19:31 - [TEST_SUITE][PASSED] - Bespoke Buyer Pages: Test Cases/ADMIN/Language/Edit Text/Bespoke/Buyer Pages/Purchase Details]]></system-out>
      <system-err><![CDATA[]]></system-err>
   </testsuite>
</testsuites>
