<?xml version="1.0" encoding="UTF-8"?>
<testsuites name="Item Creation Bespoke" time="5" tests="0" failures="0" errors="1">
   <testsuite name="Item Creation Bespoke" tests="0" failures="0" errors="1" time="5" timestamp="2019-05-21 08:04:56" hostname="Arcadier - Arcadier-PC" id="Test Suites/Suites/Item Creation Bespoke">
      <properties>
         <property name="deviceName" value=""/>
         <property name="devicePlatform" value=""/>
         <property name="logFolder" value="C:\\Users\\Arcadier\\git\\Arctick\\Reports\\Suites\\Item Creation Bespoke\\20190521_080455"/>
         <property name="logFiles" value="C:\\Users\\Arcadier\\git\\Arctick\\Reports\\Suites\\Item Creation Bespoke\\20190521_080455\\execution0.log"/>
         <property name="attachments" value=""/>
         <property name="hostName" value="Arcadier - Arcadier-PC"/>
         <property name="os" value="Windows 7 64bit"/>
         <property name="katalonVersion" value="5.4.2.1"/>
         <property name="browser" value="Chrome 74.0.3729.157"/>
         <property name="hostAddress" value="10.10.31.95"/>
         <property name="sessionId" value="80a7e57ef25c1f35c0006c5558399ee2"/>
         <property name="seleniumVersion" value="3.7.1"/>
         <property name="proxyInformation" value="ProxyInformation{proxyOption=NO_PROXY, proxyServerType=HTTP, password=, proxyServerAddress=, proxyServerPort=0}"/>
         <property name="platform" value="Windows 7"/>
      </properties>
      <testcase name="Test Cases/MERCHANT/BESPOKE/Upload/Item Creation" classname="Test Cases/MERCHANT/BESPOKE/Upload/Item Creation" status="ERROR">
         <error type="ERROR" message="Test Cases/MERCHANT/BESPOKE/Upload/Item Creation FAILED because (of) groovy.lang.MissingMethodException: No signature of method: static com.kms.katalon.core.webui.keyword.WebUiBuiltInKeywords.setText() is applicable for argument types: (com.kms.katalon.core.testobject.TestObject, com.kms.katalon.core.testdata.reader.SheetPOI) values: [TestObject - 'Object Repository/MERCHANT/Bespoke/Upload Page/input_item-name', ...]
Possible solutions: setText(com.kms.katalon.core.testobject.TestObject, java.lang.String), getText(com.kms.katalon.core.testobject.TestObject), getText(com.kms.katalon.core.testobject.TestObject, com.kms.katalon.core.model.FailureHandling), setText(com.kms.katalon.core.testobject.TestObject, java.lang.String, com.kms.katalon.core.model.FailureHandling), clearText(com.kms.katalon.core.testobject.TestObject), clearText(com.kms.katalon.core.testobject.TestObject, com.kms.katalon.core.model.FailureHandling)"/>
         <system-out><![CDATA[2019-05-21 08:04:56 - [TEST_CASE][ERROR] - Test Cases/MERCHANT/BESPOKE/Upload/Item Creation: Test Cases/MERCHANT/BESPOKE/Upload/Item Creation FAILED because (of) groovy.lang.MissingMethodException: No signature of method: static com.kms.katalon.core.webui.keyword.WebUiBuiltInKeywords.setText() is applicable for argument types: (com.kms.katalon.core.testobject.TestObject, com.kms.katalon.core.testdata.reader.SheetPOI) values: [TestObject - 'Object Repository/MERCHANT/Bespoke/Upload Page/input_item-name', ...]
Possible solutions: setText(com.kms.katalon.core.testobject.TestObject, java.lang.String), getText(com.kms.katalon.core.testobject.TestObject), getText(com.kms.katalon.core.testobject.TestObject, com.kms.katalon.core.model.FailureHandling), setText(com.kms.katalon.core.testobject.TestObject, java.lang.String, com.kms.katalon.core.model.FailureHandling), clearText(com.kms.katalon.core.testobject.TestObject), clearText(com.kms.katalon.core.testobject.TestObject, com.kms.katalon.core.model.FailureHandling)

2019-05-21 08:04:58 - [TEST_STEP][PASSED] - waitForElementVisible: Object 'Object Repository/Utilities/Header/BESPOKE/Merchant Header/linktext_Upload' is visible

2019-05-21 08:04:58 - [MESSAGE][WARNING] - Timeout '0' is invalid. Using default page load timeout: '30'

2019-05-21 08:04:59 - [MESSAGE][PASSED] - Object 'Object Repository/Utilities/Header/BESPOKE/Merchant Header/linktext_Upload' is visible

2019-05-21 08:04:59 - [TEST_STEP][PASSED] - click: Object: 'Object Repository/Utilities/Header/BESPOKE/Merchant Header/linktext_Upload' is clicked on

2019-05-21 08:05:01 - [MESSAGE][PASSED] - Object: 'Object Repository/Utilities/Header/BESPOKE/Merchant Header/linktext_Upload' is clicked on

2019-05-21 08:05:01 - [TEST_STEP][PASSED] - comment: Category

2019-05-21 08:05:01 - [TEST_STEP][PASSED] - waitForElementVisible: Object 'Object Repository/MERCHANT/Bespoke/Upload Page/textlabel_Category(s)' is visible

2019-05-21 08:05:01 - [MESSAGE][WARNING] - Timeout '0' is invalid. Using default page load timeout: '30'

2019-05-21 08:05:01 - [MESSAGE][PASSED] - Object 'Object Repository/MERCHANT/Bespoke/Upload Page/textlabel_Category(s)' is visible

2019-05-21 08:05:01 - [TEST_STEP][PASSED] - click: Object: 'Object Repository/MERCHANT/Bespoke/Upload Page/checkbox_cat1' is clicked on

2019-05-21 08:05:02 - [MESSAGE][PASSED] - Object: 'Object Repository/MERCHANT/Bespoke/Upload Page/checkbox_cat1' is clicked on

2019-05-21 08:05:02 - [TEST_STEP][PASSED] - comment: Item Name

2019-05-21 08:05:02 - [TEST_STEP][PASSED] - setText: Finding Test Object with id 'Object Repository/MERCHANT/Bespoke/Upload Page/input_item-name']]></system-out>
         <system-err><![CDATA[2019-05-21 08:04:56 - [TEST_CASE][ERROR] - Test Cases/MERCHANT/BESPOKE/Upload/Item Creation: Test Cases/MERCHANT/BESPOKE/Upload/Item Creation FAILED because (of) groovy.lang.MissingMethodException: No signature of method: static com.kms.katalon.core.webui.keyword.WebUiBuiltInKeywords.setText() is applicable for argument types: (com.kms.katalon.core.testobject.TestObject, com.kms.katalon.core.testdata.reader.SheetPOI) values: [TestObject - 'Object Repository/MERCHANT/Bespoke/Upload Page/input_item-name', ...]
Possible solutions: setText(com.kms.katalon.core.testobject.TestObject, java.lang.String), getText(com.kms.katalon.core.testobject.TestObject), getText(com.kms.katalon.core.testobject.TestObject, com.kms.katalon.core.model.FailureHandling), setText(com.kms.katalon.core.testobject.TestObject, java.lang.String, com.kms.katalon.core.model.FailureHandling), clearText(com.kms.katalon.core.testobject.TestObject), clearText(com.kms.katalon.core.testobject.TestObject, com.kms.katalon.core.model.FailureHandling)]]></system-err>
      </testcase>
      <system-out><![CDATA[2019-05-21 08:04:56 - [TEST_SUITE][ERROR] - Item Creation Bespoke: Test Cases/MERCHANT/BESPOKE/Upload/Item Creation FAILED because (of) groovy.lang.MissingMethodException: No signature of method: static com.kms.katalon.core.webui.keyword.WebUiBuiltInKeywords.setText() is applicable for argument types: (com.kms.katalon.core.testobject.TestObject, com.kms.katalon.core.testdata.reader.SheetPOI) values: [TestObject - 'Object Repository/MERCHANT/Bespoke/Upload Page/input_item-name', ...]
Possible solutions: setText(com.kms.katalon.core.testobject.TestObject, java.lang.String), getText(com.kms.katalon.core.testobject.TestObject), getText(com.kms.katalon.core.testobject.TestObject, com.kms.katalon.core.model.FailureHandling), setText(com.kms.katalon.core.testobject.TestObject, java.lang.String, com.kms.katalon.core.model.FailureHandling), clearText(com.kms.katalon.core.testobject.TestObject), clearText(com.kms.katalon.core.testobject.TestObject, com.kms.katalon.core.model.FailureHandling)]]></system-out>
      <system-err><![CDATA[2019-05-21 08:04:56 - [TEST_SUITE][ERROR] - Item Creation Bespoke: Test Cases/MERCHANT/BESPOKE/Upload/Item Creation FAILED because (of) groovy.lang.MissingMethodException: No signature of method: static com.kms.katalon.core.webui.keyword.WebUiBuiltInKeywords.setText() is applicable for argument types: (com.kms.katalon.core.testobject.TestObject, com.kms.katalon.core.testdata.reader.SheetPOI) values: [TestObject - 'Object Repository/MERCHANT/Bespoke/Upload Page/input_item-name', ...]
Possible solutions: setText(com.kms.katalon.core.testobject.TestObject, java.lang.String), getText(com.kms.katalon.core.testobject.TestObject), getText(com.kms.katalon.core.testobject.TestObject, com.kms.katalon.core.model.FailureHandling), setText(com.kms.katalon.core.testobject.TestObject, java.lang.String, com.kms.katalon.core.model.FailureHandling), clearText(com.kms.katalon.core.testobject.TestObject), clearText(com.kms.katalon.core.testobject.TestObject, com.kms.katalon.core.model.FailureHandling)]]></system-err>
   </testsuite>
</testsuites>
