<?xml version="1.0" encoding="UTF-8"?>
<testsuites name="Bespoke Seller Pages" time="200.735" tests="17" failures="0" errors="0">
   <testsuite name="Bespoke Seller Pages" tests="17" failures="0" errors="0" time="200.735" timestamp="2020-03-20 10:30:56" hostname="ARCADIER03 - 192.168.254.105" id="Test Suites/Admin/Language/Edit Text/Bespoke/Seller Pages/Bespoke Seller Pages">
      <properties>
         <property name="deviceName" value=""/>
         <property name="devicePlatform" value=""/>
         <property name="logFolder" value="C:\\Katalon\\Arctick\\Reports\\20200320_103053\\Admin\\Language\\Edit Text\\Bespoke\\Seller Pages\\Bespoke Seller Pages\\20200320_103053"/>
         <property name="logFiles" value="C:\\Katalon\\Arctick\\Reports\\20200320_103053\\Admin\\Language\\Edit Text\\Bespoke\\Seller Pages\\Bespoke Seller Pages\\20200320_103053\\execution0.log"/>
         <property name="attachments" value=""/>
         <property name="hostName" value="ARCADIER03 - 192.168.254.105"/>
         <property name="os" value="Windows 7 64bit"/>
         <property name="katalonVersion" value="7.2.6.1"/>
         <property name="browser" value="Chrome 80.0.3987.149"/>
         <property name="hostAddress" value="192.168.254.105"/>
         <property name="sessionId" value="36d01542543bc6b7e6541b3e6dcbd8a9"/>
         <property name="seleniumVersion" value="3.141.59"/>
         <property name="proxyInformation" value="ProxyInformation{proxyOption=NO_PROXY, proxyServerType=HTTP, password=, proxyServerAddress=, proxyServerPort=0, executionList=}"/>
         <property name="platform" value="Windows 7"/>
      </properties>
      <testcase name="Test Cases/ADMIN/Language/Edit Text/Bespoke/Seller/Add_Edit Item Navigation" time="9.864" classname="Test Cases/ADMIN/Language/Edit Text/Bespoke/Seller/Add_Edit Item Navigation" status="PASSED">
         <system-out><![CDATA[2020-03-20 10:30:56 - [TEST_CASE][PASSED] - Test Cases/ADMIN/Language/Edit Text/Bespoke/Seller/Add_Edit Item Navigation: Test Cases/ADMIN/Language/Edit Text/Bespoke/Seller/Add_Edit Item Navigation

2020-03-20 10:30:57 - [TEST_STEP][PASSED] - waitForElementVisible(findTestObject("ADMIN/Language/sidemenu_Language"), 0): Object 'Object Repository/ADMIN/Language/sidemenu_Language' is visible

2020-03-20 10:30:58 - [MESSAGE][WARNING] - Timeout '0' is invalid. Using default page load timeout: '30'

2020-03-20 10:30:59 - [MESSAGE][PASSED] - Object 'Object Repository/ADMIN/Language/sidemenu_Language' is visible

2020-03-20 10:30:59 - [TEST_STEP][PASSED] - click(findTestObject("ADMIN/Language/sidemenu_Language"), CONTINUE_ON_FAILURE): Object: 'Object Repository/ADMIN/Language/sidemenu_Language' is clicked on

2020-03-20 10:31:00 - [MESSAGE][PASSED] - Object: 'Object Repository/ADMIN/Language/sidemenu_Language' is clicked on

2020-03-20 10:31:00 - [TEST_STEP][PASSED] - waitForElementVisible(findTestObject("ADMIN/Language/sidemenu_Edit Text"), 0): Object 'Object Repository/ADMIN/Language/sidemenu_Edit Text' is visible

2020-03-20 10:31:00 - [MESSAGE][WARNING] - Timeout '0' is invalid. Using default page load timeout: '30'

2020-03-20 10:31:00 - [MESSAGE][PASSED] - Object 'Object Repository/ADMIN/Language/sidemenu_Edit Text' is visible

2020-03-20 10:31:00 - [TEST_STEP][PASSED] - click(findTestObject("ADMIN/Language/sidemenu_Edit Text"), CONTINUE_ON_FAILURE): Object: 'Object Repository/ADMIN/Language/sidemenu_Edit Text' is clicked on

2020-03-20 10:31:03 - [MESSAGE][PASSED] - Object: 'Object Repository/ADMIN/Language/sidemenu_Edit Text' is clicked on

2020-03-20 10:31:03 - [TEST_STEP][PASSED] - waitForElementVisible(findTestObject("ADMIN/Edit Text/Bespoke/Seller Navigation/dd_icon seller"), 0): Object 'Object Repository/ADMIN/Edit Text/Bespoke/Seller Navigation/dd_icon seller' is visible

2020-03-20 10:31:03 - [MESSAGE][WARNING] - Timeout '0' is invalid. Using default page load timeout: '30'

2020-03-20 10:31:03 - [MESSAGE][PASSED] - Object 'Object Repository/ADMIN/Edit Text/Bespoke/Seller Navigation/dd_icon seller' is visible

2020-03-20 10:31:03 - [TEST_STEP][PASSED] - click(findTestObject("ADMIN/Edit Text/Bespoke/Seller Navigation/dd_icon seller"), CONTINUE_ON_FAILURE): Object: 'Object Repository/ADMIN/Edit Text/Bespoke/Seller Navigation/dd_icon seller' is clicked on

2020-03-20 10:31:03 - [MESSAGE][PASSED] - Object: 'Object Repository/ADMIN/Edit Text/Bespoke/Seller Navigation/dd_icon seller' is clicked on

2020-03-20 10:31:03 - [TEST_STEP][PASSED] - waitForElementVisible(findTestObject("ADMIN/Edit Text/Bespoke/Seller Navigation/span_Item Upload Edit Page"), 0): Object 'Object Repository/ADMIN/Edit Text/Bespoke/Seller Navigation/span_Item Upload Edit Page' is visible

2020-03-20 10:31:03 - [MESSAGE][WARNING] - Timeout '0' is invalid. Using default page load timeout: '30'

2020-03-20 10:31:04 - [MESSAGE][PASSED] - Object 'Object Repository/ADMIN/Edit Text/Bespoke/Seller Navigation/span_Item Upload Edit Page' is visible

2020-03-20 10:31:04 - [TEST_STEP][PASSED] - click(findTestObject("ADMIN/Edit Text/Bespoke/Seller Navigation/span_Item Upload Edit Page"), CONTINUE_ON_FAILURE): Object: 'Object Repository/ADMIN/Edit Text/Bespoke/Seller Navigation/span_Item Upload Edit Page' is clicked on

2020-03-20 10:31:05 - [MESSAGE][PASSED] - Object: 'Object Repository/ADMIN/Edit Text/Bespoke/Seller Navigation/span_Item Upload Edit Page' is clicked on

2020-03-20 10:31:05 - [TEST_STEP][PASSED] - waitForElementVisible(findTestObject("ADMIN/Edit Text/Bespoke/Buyer Navigation/dd_language"), 0): Object 'Object Repository/ADMIN/Edit Text/Bespoke/Buyer Navigation/dd_language' is visible

2020-03-20 10:31:05 - [MESSAGE][WARNING] - Timeout '0' is invalid. Using default page load timeout: '30'

2020-03-20 10:31:06 - [MESSAGE][PASSED] - Object 'Object Repository/ADMIN/Edit Text/Bespoke/Buyer Navigation/dd_language' is visible]]></system-out>
         <system-err><![CDATA[]]></system-err>
      </testcase>
      <testcase name="Test Cases/ADMIN/Language/Edit Text/Bespoke/Seller/Add_Edit Item" time="14.049" classname="Test Cases/ADMIN/Language/Edit Text/Bespoke/Seller/Add_Edit Item" status="PASSED">
         <system-out><![CDATA[2020-03-20 10:31:06 - [TEST_CASE][PASSED] - Test Cases/ADMIN/Language/Edit Text/Bespoke/Seller/Add_Edit Item: Test Cases/ADMIN/Language/Edit Text/Bespoke/Seller/Add_Edit Item

2020-03-20 10:31:07 - [TEST_STEP][PASSED] - waitForElementVisible(findTestObject("ADMIN/Edit Text/Bespoke/Buyer Navigation/dd_language"), 0): Object 'Object Repository/ADMIN/Edit Text/Bespoke/Buyer Navigation/dd_language' is visible

2020-03-20 10:31:07 - [MESSAGE][WARNING] - Timeout '0' is invalid. Using default page load timeout: '30'

2020-03-20 10:31:07 - [MESSAGE][PASSED] - Object 'Object Repository/ADMIN/Edit Text/Bespoke/Buyer Navigation/dd_language' is visible

2020-03-20 10:31:07 - [TEST_STEP][PASSED] - selectOptionByLabel(findTestObject("ADMIN/Edit Text/Bespoke/Buyer Navigation/dd_language"), varLanguage, false): All options with label 'French' are selected in object 'Object Repository/ADMIN/Edit Text/Bespoke/Buyer Navigation/dd_language' 

2020-03-20 10:31:08 - [MESSAGE][PASSED] - All options with label 'French' are selected in object 'Object Repository/ADMIN/Edit Text/Bespoke/Buyer Navigation/dd_language' 

2020-03-20 10:31:08 - [TEST_STEP][PASSED] - sendKeys(findTestObject("ADMIN/Edit Text/Bespoke/Seller Pages/Add_Edit Item/input_YOUR ITEMS_item_name"), "*"): Keys '*' sent to object: 'Object Repository/ADMIN/Edit Text/Bespoke/Seller Pages/Add_Edit Item/input_YOUR ITEMS_item_name'

2020-03-20 10:31:09 - [MESSAGE][PASSED] - Keys '*' sent to object: 'Object Repository/ADMIN/Edit Text/Bespoke/Seller Pages/Add_Edit Item/input_YOUR ITEMS_item_name'

2020-03-20 10:31:09 - [TEST_STEP][PASSED] - sendKeys(findTestObject("ADMIN/Edit Text/Bespoke/Seller Pages/Add_Edit Item/input_Fill in your item details here_item_details"), "*"): Keys '*' sent to object: 'Object Repository/ADMIN/Edit Text/Bespoke/Seller Pages/Add_Edit Item/input_Fill in your item details here_item_details'

2020-03-20 10:31:10 - [MESSAGE][PASSED] - Keys '*' sent to object: 'Object Repository/ADMIN/Edit Text/Bespoke/Seller Pages/Add_Edit Item/input_Fill in your item details here_item_details'

2020-03-20 10:31:10 - [TEST_STEP][PASSED] - sendKeys(findTestObject("ADMIN/Edit Text/Bespoke/Seller Pages/Add_Edit Item/input_Category_category"), "*"): Keys '*' sent to object: 'Object Repository/ADMIN/Edit Text/Bespoke/Seller Pages/Add_Edit Item/input_Category_category'

2020-03-20 10:31:10 - [MESSAGE][PASSED] - Keys '*' sent to object: 'Object Repository/ADMIN/Edit Text/Bespoke/Seller Pages/Add_Edit Item/input_Category_category'

2020-03-20 10:31:10 - [TEST_STEP][PASSED] - sendKeys(findTestObject("ADMIN/Edit Text/Bespoke/Seller Pages/Add_Edit Item/input_Select a Category_category"), "*"): Keys '*' sent to object: 'Object Repository/ADMIN/Edit Text/Bespoke/Seller Pages/Add_Edit Item/input_Select a Category_category'

2020-03-20 10:31:10 - [MESSAGE][PASSED] - Keys '*' sent to object: 'Object Repository/ADMIN/Edit Text/Bespoke/Seller Pages/Add_Edit Item/input_Select a Category_category'

2020-03-20 10:31:10 - [TEST_STEP][PASSED] - sendKeys(findTestObject("ADMIN/Edit Text/Bespoke/Seller Pages/Add_Edit Item/input_Item Name_item_name"), "*"): Keys '*' sent to object: 'Object Repository/ADMIN/Edit Text/Bespoke/Seller Pages/Add_Edit Item/input_Item Name_item_name'

2020-03-20 10:31:10 - [MESSAGE][PASSED] - Keys '*' sent to object: 'Object Repository/ADMIN/Edit Text/Bespoke/Seller Pages/Add_Edit Item/input_Item Name_item_name'

2020-03-20 10:31:10 - [TEST_STEP][PASSED] - sendKeys(findTestObject("ADMIN/Edit Text/Bespoke/Seller Pages/Add_Edit Item/input_Price_price"), "*"): Keys '*' sent to object: 'Object Repository/ADMIN/Edit Text/Bespoke/Seller Pages/Add_Edit Item/input_Price_price'

2020-03-20 10:31:10 - [MESSAGE][PASSED] - Keys '*' sent to object: 'Object Repository/ADMIN/Edit Text/Bespoke/Seller Pages/Add_Edit Item/input_Price_price'

2020-03-20 10:31:10 - [TEST_STEP][PASSED] - sendKeys(findTestObject("ADMIN/Edit Text/Bespoke/Seller Pages/Add_Edit Item/input_SELECT ALL_category"), "*"): Keys '*' sent to object: 'Object Repository/ADMIN/Edit Text/Bespoke/Seller Pages/Add_Edit Item/input_SELECT ALL_category'

2020-03-20 10:31:10 - [MESSAGE][PASSED] - Keys '*' sent to object: 'Object Repository/ADMIN/Edit Text/Bespoke/Seller Pages/Add_Edit Item/input_SELECT ALL_category'

2020-03-20 10:31:10 - [TEST_STEP][PASSED] - sendKeys(findTestObject("ADMIN/Edit Text/Bespoke/Seller Pages/Add_Edit Item/input_SELECT NONE_category"), "*"): Keys '*' sent to object: 'Object Repository/ADMIN/Edit Text/Bespoke/Seller Pages/Add_Edit Item/input_SELECT NONE_category'

2020-03-20 10:31:11 - [MESSAGE][PASSED] - Keys '*' sent to object: 'Object Repository/ADMIN/Edit Text/Bespoke/Seller Pages/Add_Edit Item/input_SELECT NONE_category'

2020-03-20 10:31:11 - [TEST_STEP][PASSED] - sendKeys(findTestObject("ADMIN/Edit Text/Bespoke/Seller Pages/Add_Edit Item/input_Item Description_item_description"), "*"): Keys '*' sent to object: 'Object Repository/ADMIN/Edit Text/Bespoke/Seller Pages/Add_Edit Item/input_Item Description_item_description'

2020-03-20 10:31:11 - [MESSAGE][PASSED] - Keys '*' sent to object: 'Object Repository/ADMIN/Edit Text/Bespoke/Seller Pages/Add_Edit Item/input_Item Description_item_description'

2020-03-20 10:31:11 - [TEST_STEP][PASSED] - sendKeys(findTestObject("ADMIN/Edit Text/Bespoke/Seller Pages/Add_Edit Item/input_ITEM COVER IMAGE_item_cover_image"), "*"): Keys '*' sent to object: 'Object Repository/ADMIN/Edit Text/Bespoke/Seller Pages/Add_Edit Item/input_ITEM COVER IMAGE_item_cover_image'

2020-03-20 10:31:11 - [MESSAGE][PASSED] - Keys '*' sent to object: 'Object Repository/ADMIN/Edit Text/Bespoke/Seller Pages/Add_Edit Item/input_ITEM COVER IMAGE_item_cover_image'

2020-03-20 10:31:11 - [TEST_STEP][PASSED] - sendKeys(findTestObject("ADMIN/Edit Text/Bespoke/Seller Pages/Add_Edit Item/input_ITEM COVER IMAGE_item_cover_details"), "*"): Keys '*' sent to object: 'Object Repository/ADMIN/Edit Text/Bespoke/Seller Pages/Add_Edit Item/input_ITEM COVER IMAGE_item_cover_details'

2020-03-20 10:31:11 - [MESSAGE][PASSED] - Keys '*' sent to object: 'Object Repository/ADMIN/Edit Text/Bespoke/Seller Pages/Add_Edit Item/input_ITEM COVER IMAGE_item_cover_details'

2020-03-20 10:31:11 - [TEST_STEP][PASSED] - sendKeys(findTestObject("ADMIN/Edit Text/Bespoke/Seller Pages/Add_Edit Item/input_BROWSE_browse_btn"), "*"): Keys '*' sent to object: 'Object Repository/ADMIN/Edit Text/Bespoke/Seller Pages/Add_Edit Item/input_BROWSE_browse_btn'

2020-03-20 10:31:11 - [MESSAGE][PASSED] - Keys '*' sent to object: 'Object Repository/ADMIN/Edit Text/Bespoke/Seller Pages/Add_Edit Item/input_BROWSE_browse_btn'

2020-03-20 10:31:11 - [TEST_STEP][PASSED] - sendKeys(findTestObject("ADMIN/Edit Text/Bespoke/Seller Pages/Add_Edit Item/input_Quantity_quantity"), "*"): Keys '*' sent to object: 'Object Repository/ADMIN/Edit Text/Bespoke/Seller Pages/Add_Edit Item/input_Quantity_quantity'

2020-03-20 10:31:12 - [MESSAGE][PASSED] - Keys '*' sent to object: 'Object Repository/ADMIN/Edit Text/Bespoke/Seller Pages/Add_Edit Item/input_Quantity_quantity'

2020-03-20 10:31:12 - [TEST_STEP][PASSED] - sendKeys(findTestObject("ADMIN/Edit Text/Bespoke/Seller Pages/Add_Edit Item/input_Unlimited Stock_unlimited_stock"), "*"): Keys '*' sent to object: 'Object Repository/ADMIN/Edit Text/Bespoke/Seller Pages/Add_Edit Item/input_Unlimited Stock_unlimited_stock'

2020-03-20 10:31:12 - [MESSAGE][PASSED] - Keys '*' sent to object: 'Object Repository/ADMIN/Edit Text/Bespoke/Seller Pages/Add_Edit Item/input_Unlimited Stock_unlimited_stock'

2020-03-20 10:31:12 - [TEST_STEP][PASSED] - sendKeys(findTestObject("ADMIN/Edit Text/Bespoke/Seller Pages/Add_Edit Item/input_YES_yes-txt"), "*"): Keys '*' sent to object: 'Object Repository/ADMIN/Edit Text/Bespoke/Seller Pages/Add_Edit Item/input_YES_yes-txt'

2020-03-20 10:31:12 - [MESSAGE][PASSED] - Keys '*' sent to object: 'Object Repository/ADMIN/Edit Text/Bespoke/Seller Pages/Add_Edit Item/input_YES_yes-txt'

2020-03-20 10:31:12 - [TEST_STEP][PASSED] - sendKeys(findTestObject("ADMIN/Edit Text/Bespoke/Seller Pages/Add_Edit Item/input_NO_no-txt"), "*"): Keys '*' sent to object: 'Object Repository/ADMIN/Edit Text/Bespoke/Seller Pages/Add_Edit Item/input_NO_no-txt'

2020-03-20 10:31:12 - [MESSAGE][PASSED] - Keys '*' sent to object: 'Object Repository/ADMIN/Edit Text/Bespoke/Seller Pages/Add_Edit Item/input_NO_no-txt'

2020-03-20 10:31:12 - [TEST_STEP][PASSED] - sendKeys(findTestObject("ADMIN/Edit Text/Bespoke/Seller Pages/Add_Edit Item/input_Variants_variants"), "*"): Keys '*' sent to object: 'Object Repository/ADMIN/Edit Text/Bespoke/Seller Pages/Add_Edit Item/input_Variants_variants'

2020-03-20 10:31:12 - [MESSAGE][PASSED] - Keys '*' sent to object: 'Object Repository/ADMIN/Edit Text/Bespoke/Seller Pages/Add_Edit Item/input_Variants_variants'

2020-03-20 10:31:12 - [TEST_STEP][PASSED] - sendKeys(findTestObject("ADMIN/Edit Text/Bespoke/Seller Pages/Add_Edit Item/input_Variant(s)_variant_s"), "*"): Keys '*' sent to object: 'Object Repository/ADMIN/Edit Text/Bespoke/Seller Pages/Add_Edit Item/input_Variant(s)_variant_s'

2020-03-20 10:31:13 - [MESSAGE][PASSED] - Keys '*' sent to object: 'Object Repository/ADMIN/Edit Text/Bespoke/Seller Pages/Add_Edit Item/input_Variant(s)_variant_s'

2020-03-20 10:31:13 - [TEST_STEP][PASSED] - sendKeys(findTestObject("ADMIN/Edit Text/Bespoke/Seller Pages/Add_Edit Item/input_Add up to 3 different available options for the item eg  Colour Size and Material_item_addUpto3Variants"), "*"): Keys '*' sent to object: 'Object Repository/ADMIN/Edit Text/Bespoke/Seller Pages/Add_Edit Item/input_Add up to 3 different available options for the item eg  Colour Size and Material_item_addUpto3Variants'

2020-03-20 10:31:13 - [MESSAGE][PASSED] - Keys '*' sent to object: 'Object Repository/ADMIN/Edit Text/Bespoke/Seller Pages/Add_Edit Item/input_Add up to 3 different available options for the item eg  Colour Size and Material_item_addUpto3Variants'

2020-03-20 10:31:13 - [TEST_STEP][PASSED] - sendKeys(findTestObject("ADMIN/Edit Text/Bespoke/Seller Pages/Add_Edit Item/input_Change_variants-change"), "*"): Keys '*' sent to object: 'Object Repository/ADMIN/Edit Text/Bespoke/Seller Pages/Add_Edit Item/input_Change_variants-change'

2020-03-20 10:31:13 - [MESSAGE][PASSED] - Keys '*' sent to object: 'Object Repository/ADMIN/Edit Text/Bespoke/Seller Pages/Add_Edit Item/input_Change_variants-change'

2020-03-20 10:31:13 - [TEST_STEP][PASSED] - sendKeys(findTestObject("ADMIN/Edit Text/Bespoke/Seller Pages/Add_Edit Item/input_Okay_variants-change"), "*"): Keys '*' sent to object: 'Object Repository/ADMIN/Edit Text/Bespoke/Seller Pages/Add_Edit Item/input_Okay_variants-change'

2020-03-20 10:31:13 - [MESSAGE][PASSED] - Keys '*' sent to object: 'Object Repository/ADMIN/Edit Text/Bespoke/Seller Pages/Add_Edit Item/input_Okay_variants-change'

2020-03-20 10:31:13 - [TEST_STEP][PASSED] - sendKeys(findTestObject("ADMIN/Edit Text/Bespoke/Seller Pages/Add_Edit Item/input_Cancel_variants-change"), "*"): Keys '*' sent to object: 'Object Repository/ADMIN/Edit Text/Bespoke/Seller Pages/Add_Edit Item/input_Cancel_variants-change'

2020-03-20 10:31:13 - [MESSAGE][PASSED] - Keys '*' sent to object: 'Object Repository/ADMIN/Edit Text/Bespoke/Seller Pages/Add_Edit Item/input_Cancel_variants-change'

2020-03-20 10:31:13 - [TEST_STEP][PASSED] - sendKeys(findTestObject("ADMIN/Edit Text/Bespoke/Seller Pages/Add_Edit Item/input_Add Variants_variants_btn"), "*"): Keys '*' sent to object: 'Object Repository/ADMIN/Edit Text/Bespoke/Seller Pages/Add_Edit Item/input_Add Variants_variants_btn'

2020-03-20 10:31:13 - [MESSAGE][PASSED] - Keys '*' sent to object: 'Object Repository/ADMIN/Edit Text/Bespoke/Seller Pages/Add_Edit Item/input_Add Variants_variants_btn'

2020-03-20 10:31:13 - [TEST_STEP][PASSED] - sendKeys(findTestObject("ADMIN/Edit Text/Bespoke/Seller Pages/Add_Edit Item/input_VARIANTS OPTIONS_option_name"), "*"): Keys '*' sent to object: 'Object Repository/ADMIN/Edit Text/Bespoke/Seller Pages/Add_Edit Item/input_VARIANTS OPTIONS_option_name'

2020-03-20 10:31:13 - [MESSAGE][PASSED] - Keys '*' sent to object: 'Object Repository/ADMIN/Edit Text/Bespoke/Seller Pages/Add_Edit Item/input_VARIANTS OPTIONS_option_name'

2020-03-20 10:31:13 - [TEST_STEP][PASSED] - sendKeys(findTestObject("ADMIN/Edit Text/Bespoke/Seller Pages/Add_Edit Item/input_VARIANTS CHOICES_option_choices"), "*"): Keys '*' sent to object: 'Object Repository/ADMIN/Edit Text/Bespoke/Seller Pages/Add_Edit Item/input_VARIANTS CHOICES_option_choices'

2020-03-20 10:31:14 - [MESSAGE][PASSED] - Keys '*' sent to object: 'Object Repository/ADMIN/Edit Text/Bespoke/Seller Pages/Add_Edit Item/input_VARIANTS CHOICES_option_choices'

2020-03-20 10:31:14 - [TEST_STEP][PASSED] - sendKeys(findTestObject("ADMIN/Edit Text/Bespoke/Seller Pages/Add_Edit Item/input_eg Colour_place_egcolour"), "*"): Keys '*' sent to object: 'Object Repository/ADMIN/Edit Text/Bespoke/Seller Pages/Add_Edit Item/input_eg Colour_place_egcolour'

2020-03-20 10:31:14 - [MESSAGE][PASSED] - Keys '*' sent to object: 'Object Repository/ADMIN/Edit Text/Bespoke/Seller Pages/Add_Edit Item/input_eg Colour_place_egcolour'

2020-03-20 10:31:14 - [TEST_STEP][PASSED] - sendKeys(findTestObject("ADMIN/Edit Text/Bespoke/Seller Pages/Add_Edit Item/input_eg Red_place_option"), "*"): Keys '*' sent to object: 'Object Repository/ADMIN/Edit Text/Bespoke/Seller Pages/Add_Edit Item/input_eg Red_place_option'

2020-03-20 10:31:14 - [MESSAGE][PASSED] - Keys '*' sent to object: 'Object Repository/ADMIN/Edit Text/Bespoke/Seller Pages/Add_Edit Item/input_eg Red_place_option'

2020-03-20 10:31:14 - [TEST_STEP][PASSED] - sendKeys(findTestObject("ADMIN/Edit Text/Bespoke/Seller Pages/Add_Edit Item/input_Color_place_colour"), "*"): Keys '*' sent to object: 'Object Repository/ADMIN/Edit Text/Bespoke/Seller Pages/Add_Edit Item/input_Color_place_colour'

2020-03-20 10:31:14 - [MESSAGE][PASSED] - Keys '*' sent to object: 'Object Repository/ADMIN/Edit Text/Bespoke/Seller Pages/Add_Edit Item/input_Color_place_colour'

2020-03-20 10:31:14 - [TEST_STEP][PASSED] - sendKeys(findTestObject("ADMIN/Edit Text/Bespoke/Seller Pages/Add_Edit Item/input_Red_place_option"), "*"): Keys '*' sent to object: 'Object Repository/ADMIN/Edit Text/Bespoke/Seller Pages/Add_Edit Item/input_Red_place_option'

2020-03-20 10:31:14 - [MESSAGE][PASSED] - Keys '*' sent to object: 'Object Repository/ADMIN/Edit Text/Bespoke/Seller Pages/Add_Edit Item/input_Red_place_option'

2020-03-20 10:31:14 - [TEST_STEP][PASSED] - sendKeys(findTestObject("ADMIN/Edit Text/Bespoke/Seller Pages/Add_Edit Item/input_Image_tbl_lbe_img"), "*"): Keys '*' sent to object: 'Object Repository/ADMIN/Edit Text/Bespoke/Seller Pages/Add_Edit Item/input_Image_tbl_lbe_img'

2020-03-20 10:31:15 - [MESSAGE][PASSED] - Keys '*' sent to object: 'Object Repository/ADMIN/Edit Text/Bespoke/Seller Pages/Add_Edit Item/input_Image_tbl_lbe_img'

2020-03-20 10:31:15 - [TEST_STEP][PASSED] - sendKeys(findTestObject("ADMIN/Edit Text/Bespoke/Seller Pages/Add_Edit Item/input_Same Image_tbl_lbe_same_img"), "*"): Keys '*' sent to object: 'Object Repository/ADMIN/Edit Text/Bespoke/Seller Pages/Add_Edit Item/input_Same Image_tbl_lbe_same_img'

2020-03-20 10:31:15 - [MESSAGE][PASSED] - Keys '*' sent to object: 'Object Repository/ADMIN/Edit Text/Bespoke/Seller Pages/Add_Edit Item/input_Same Image_tbl_lbe_same_img'

2020-03-20 10:31:15 - [TEST_STEP][PASSED] - sendKeys(findTestObject("ADMIN/Edit Text/Bespoke/Seller Pages/Add_Edit Item/input_Surcharge_tbl_lbe_surcharge"), "*"): Keys '*' sent to object: 'Object Repository/ADMIN/Edit Text/Bespoke/Seller Pages/Add_Edit Item/input_Surcharge_tbl_lbe_surcharge'

2020-03-20 10:31:15 - [MESSAGE][PASSED] - Keys '*' sent to object: 'Object Repository/ADMIN/Edit Text/Bespoke/Seller Pages/Add_Edit Item/input_Surcharge_tbl_lbe_surcharge'

2020-03-20 10:31:15 - [TEST_STEP][PASSED] - sendKeys(findTestObject("ADMIN/Edit Text/Bespoke/Seller Pages/Add_Edit Item/input_Total Price_tbl_lbe_price"), "*"): Keys '*' sent to object: 'Object Repository/ADMIN/Edit Text/Bespoke/Seller Pages/Add_Edit Item/input_Total Price_tbl_lbe_price'

2020-03-20 10:31:15 - [MESSAGE][PASSED] - Keys '*' sent to object: 'Object Repository/ADMIN/Edit Text/Bespoke/Seller Pages/Add_Edit Item/input_Total Price_tbl_lbe_price'

2020-03-20 10:31:15 - [TEST_STEP][PASSED] - sendKeys(findTestObject("ADMIN/Edit Text/Bespoke/Seller Pages/Add_Edit Item/input_Stock_tbl_lbe_stock"), "*"): Keys '*' sent to object: 'Object Repository/ADMIN/Edit Text/Bespoke/Seller Pages/Add_Edit Item/input_Stock_tbl_lbe_stock'

2020-03-20 10:31:15 - [MESSAGE][PASSED] - Keys '*' sent to object: 'Object Repository/ADMIN/Edit Text/Bespoke/Seller Pages/Add_Edit Item/input_Stock_tbl_lbe_stock'

2020-03-20 10:31:15 - [TEST_STEP][PASSED] - sendKeys(findTestObject("ADMIN/Edit Text/Bespoke/Seller Pages/Add_Edit Item/input_Unlimited_tbl_lbe_unlimited"), "*"): Keys '*' sent to object: 'Object Repository/ADMIN/Edit Text/Bespoke/Seller Pages/Add_Edit Item/input_Unlimited_tbl_lbe_unlimited'

2020-03-20 10:31:15 - [MESSAGE][PASSED] - Keys '*' sent to object: 'Object Repository/ADMIN/Edit Text/Bespoke/Seller Pages/Add_Edit Item/input_Unlimited_tbl_lbe_unlimited'

2020-03-20 10:31:15 - [TEST_STEP][PASSED] - sendKeys(findTestObject("ADMIN/Edit Text/Bespoke/Seller Pages/Add_Edit Item/input_DELIVERY OPTIONS_delivery_options"), "*"): Keys '*' sent to object: 'Object Repository/ADMIN/Edit Text/Bespoke/Seller Pages/Add_Edit Item/input_DELIVERY OPTIONS_delivery_options'

2020-03-20 10:31:16 - [MESSAGE][PASSED] - Keys '*' sent to object: 'Object Repository/ADMIN/Edit Text/Bespoke/Seller Pages/Add_Edit Item/input_DELIVERY OPTIONS_delivery_options'

2020-03-20 10:31:16 - [TEST_STEP][PASSED] - sendKeys(findTestObject("ADMIN/Edit Text/Bespoke/Seller Pages/Add_Edit Item/input_DELIVERY OPTIONS_delivery-txt2"), "*"): Keys '*' sent to object: 'Object Repository/ADMIN/Edit Text/Bespoke/Seller Pages/Add_Edit Item/input_DELIVERY OPTIONS_delivery-txt2'

2020-03-20 10:31:16 - [MESSAGE][PASSED] - Keys '*' sent to object: 'Object Repository/ADMIN/Edit Text/Bespoke/Seller Pages/Add_Edit Item/input_DELIVERY OPTIONS_delivery-txt2'

2020-03-20 10:31:16 - [TEST_STEP][PASSED] - sendKeys(findTestObject("ADMIN/Edit Text/Bespoke/Seller Pages/Add_Edit Item/input_Offer reduced shipping costs to buyers when they buy more than one item from you_delivery-txt2"), "*"): Keys '*' sent to object: 'Object Repository/ADMIN/Edit Text/Bespoke/Seller Pages/Add_Edit Item/input_Offer reduced shipping costs to buyers when they buy more than one item from you_delivery-txt2'

2020-03-20 10:31:16 - [MESSAGE][PASSED] - Keys '*' sent to object: 'Object Repository/ADMIN/Edit Text/Bespoke/Seller Pages/Add_Edit Item/input_Offer reduced shipping costs to buyers when they buy more than one item from you_delivery-txt2'

2020-03-20 10:31:16 - [TEST_STEP][PASSED] - sendKeys(findTestObject("ADMIN/Edit Text/Bespoke/Seller Pages/Add_Edit Item/input_total delivery"), "*"): Keys '*' sent to object: 'Object Repository/ADMIN/Edit Text/Bespoke/Seller Pages/Add_Edit Item/input_total delivery'

2020-03-20 10:31:16 - [MESSAGE][PASSED] - Keys '*' sent to object: 'Object Repository/ADMIN/Edit Text/Bespoke/Seller Pages/Add_Edit Item/input_total delivery'

2020-03-20 10:31:16 - [TEST_STEP][PASSED] - sendKeys(findTestObject("ADMIN/Edit Text/Bespoke/Seller Pages/Add_Edit Item/input_DELIVERY SERVICE_delivery_service"), "*"): Keys '*' sent to object: 'Object Repository/ADMIN/Edit Text/Bespoke/Seller Pages/Add_Edit Item/input_DELIVERY SERVICE_delivery_service'

2020-03-20 10:31:16 - [MESSAGE][PASSED] - Keys '*' sent to object: 'Object Repository/ADMIN/Edit Text/Bespoke/Seller Pages/Add_Edit Item/input_DELIVERY SERVICE_delivery_service'

2020-03-20 10:31:16 - [TEST_STEP][PASSED] - sendKeys(findTestObject("ADMIN/Edit Text/Bespoke/Seller Pages/Add_Edit Item/input_SINGLE ITEM DELIVERY (A)_delivery_surchrge"), "*"): Keys '*' sent to object: 'Object Repository/ADMIN/Edit Text/Bespoke/Seller Pages/Add_Edit Item/input_SINGLE ITEM DELIVERY (A)_delivery_surchrge'

2020-03-20 10:31:17 - [MESSAGE][PASSED] - Keys '*' sent to object: 'Object Repository/ADMIN/Edit Text/Bespoke/Seller Pages/Add_Edit Item/input_SINGLE ITEM DELIVERY (A)_delivery_surchrge'

2020-03-20 10:31:17 - [TEST_STEP][PASSED] - sendKeys(findTestObject("ADMIN/Edit Text/Bespoke/Seller Pages/Add_Edit Item/input_SINGLE ITEM (A)_additional_item"), "*"): Keys '*' sent to object: 'Object Repository/ADMIN/Edit Text/Bespoke/Seller Pages/Add_Edit Item/input_SINGLE ITEM (A)_additional_item'

2020-03-20 10:31:17 - [MESSAGE][PASSED] - Keys '*' sent to object: 'Object Repository/ADMIN/Edit Text/Bespoke/Seller Pages/Add_Edit Item/input_SINGLE ITEM (A)_additional_item'

2020-03-20 10:31:17 - [TEST_STEP][PASSED] - sendKeys(findTestObject("ADMIN/Edit Text/Bespoke/Seller Pages/Add_Edit Item/input_WITH OTHER ITEM (B)_additional_item"), "*"): Keys '*' sent to object: 'Object Repository/ADMIN/Edit Text/Bespoke/Seller Pages/Add_Edit Item/input_WITH OTHER ITEM (B)_additional_item'

2020-03-20 10:31:17 - [MESSAGE][PASSED] - Keys '*' sent to object: 'Object Repository/ADMIN/Edit Text/Bespoke/Seller Pages/Add_Edit Item/input_WITH OTHER ITEM (B)_additional_item'

2020-03-20 10:31:17 - [TEST_STEP][PASSED] - sendKeys(findTestObject("ADMIN/Edit Text/Bespoke/Seller Pages/Add_Edit Item/input_ADD NEW_btn_add_new"), "*"): Keys '*' sent to object: 'Object Repository/ADMIN/Edit Text/Bespoke/Seller Pages/Add_Edit Item/input_ADD NEW_btn_add_new'

2020-03-20 10:31:17 - [MESSAGE][PASSED] - Keys '*' sent to object: 'Object Repository/ADMIN/Edit Text/Bespoke/Seller Pages/Add_Edit Item/input_ADD NEW_btn_add_new'

2020-03-20 10:31:17 - [TEST_STEP][PASSED] - sendKeys(findTestObject("ADMIN/Edit Text/Bespoke/Seller Pages/Add_Edit Item/input_PICK-UP LOCATION_location_service"), "*"): Keys '*' sent to object: 'Object Repository/ADMIN/Edit Text/Bespoke/Seller Pages/Add_Edit Item/input_PICK-UP LOCATION_location_service'

2020-03-20 10:31:18 - [MESSAGE][PASSED] - Keys '*' sent to object: 'Object Repository/ADMIN/Edit Text/Bespoke/Seller Pages/Add_Edit Item/input_PICK-UP LOCATION_location_service'

2020-03-20 10:31:18 - [TEST_STEP][PASSED] - sendKeys(findTestObject("ADMIN/Edit Text/Bespoke/Seller Pages/Add_Edit Item/textarea_Please provide the address where the item may be collected by the buyer(You must select at least one delivery option or pickup location)"), "*"): Keys '*' sent to object: 'Object Repository/ADMIN/Edit Text/Bespoke/Seller Pages/Add_Edit Item/textarea_Please provide the address where the item may be collected by the buyer(You must select at least one delivery option or pickup location)'

2020-03-20 10:31:18 - [MESSAGE][PASSED] - Keys '*' sent to object: 'Object Repository/ADMIN/Edit Text/Bespoke/Seller Pages/Add_Edit Item/textarea_Please provide the address where the item may be collected by the buyer(You must select at least one delivery option or pickup location)'

2020-03-20 10:31:18 - [TEST_STEP][PASSED] - sendKeys(findTestObject("ADMIN/Edit Text/Bespoke/Seller Pages/Add_Edit Item/input_PICKUP LOCATION ADDRESS_location_address"), "*"): Keys '*' sent to object: 'Object Repository/ADMIN/Edit Text/Bespoke/Seller Pages/Add_Edit Item/input_PICKUP LOCATION ADDRESS_location_address'

2020-03-20 10:31:18 - [MESSAGE][PASSED] - Keys '*' sent to object: 'Object Repository/ADMIN/Edit Text/Bespoke/Seller Pages/Add_Edit Item/input_PICKUP LOCATION ADDRESS_location_address'

2020-03-20 10:31:18 - [TEST_STEP][PASSED] - sendKeys(findTestObject("ADMIN/Edit Text/Bespoke/Seller Pages/Add_Edit Item/input_add new 2"), "*"): Keys '*' sent to object: 'Object Repository/ADMIN/Edit Text/Bespoke/Seller Pages/Add_Edit Item/input_add new 2'

2020-03-20 10:31:18 - [MESSAGE][PASSED] - Keys '*' sent to object: 'Object Repository/ADMIN/Edit Text/Bespoke/Seller Pages/Add_Edit Item/input_add new 2'

2020-03-20 10:31:18 - [TEST_STEP][PASSED] - sendKeys(findTestObject("ADMIN/Edit Text/Bespoke/Seller Pages/Add_Edit Item/input_SAVE_btn_save"), "*"): Keys '*' sent to object: 'Object Repository/ADMIN/Edit Text/Bespoke/Seller Pages/Add_Edit Item/input_SAVE_btn_save'

2020-03-20 10:31:18 - [MESSAGE][PASSED] - Keys '*' sent to object: 'Object Repository/ADMIN/Edit Text/Bespoke/Seller Pages/Add_Edit Item/input_SAVE_btn_save'

2020-03-20 10:31:18 - [TEST_STEP][PASSED] - sendKeys(findTestObject("ADMIN/Edit Text/Bespoke/Seller Pages/Add_Edit Item/input_Item Saved_popup-title"), "*"): Keys '*' sent to object: 'Object Repository/ADMIN/Edit Text/Bespoke/Seller Pages/Add_Edit Item/input_Item Saved_popup-title'

2020-03-20 10:31:18 - [MESSAGE][PASSED] - Keys '*' sent to object: 'Object Repository/ADMIN/Edit Text/Bespoke/Seller Pages/Add_Edit Item/input_Item Saved_popup-title'

2020-03-20 10:31:18 - [TEST_STEP][PASSED] - sendKeys(findTestObject("ADMIN/Edit Text/Bespoke/Seller Pages/Add_Edit Item/input_This item has been saved in_popup-title2"), "*"): Keys '*' sent to object: 'Object Repository/ADMIN/Edit Text/Bespoke/Seller Pages/Add_Edit Item/input_This item has been saved in_popup-title2'

2020-03-20 10:31:18 - [MESSAGE][PASSED] - Keys '*' sent to object: 'Object Repository/ADMIN/Edit Text/Bespoke/Seller Pages/Add_Edit Item/input_This item has been saved in_popup-title2'

2020-03-20 10:31:18 - [TEST_STEP][PASSED] - sendKeys(findTestObject("ADMIN/Edit Text/Bespoke/Seller Pages/Add_Edit Item/input_The default language of the buyer pages is_popup-title2"), "*"): Keys '*' sent to object: 'Object Repository/ADMIN/Edit Text/Bespoke/Seller Pages/Add_Edit Item/input_The default language of the buyer pages is_popup-title2'

2020-03-20 10:31:19 - [MESSAGE][PASSED] - Keys '*' sent to object: 'Object Repository/ADMIN/Edit Text/Bespoke/Seller Pages/Add_Edit Item/input_The default language of the buyer pages is_popup-title2'

2020-03-20 10:31:19 - [TEST_STEP][PASSED] - sendKeys(findTestObject("ADMIN/Edit Text/Bespoke/Seller Pages/Add_Edit Item/input_We recommend you at least add a translation in that language_popup-title2"), "*"): Keys '*' sent to object: 'Object Repository/ADMIN/Edit Text/Bespoke/Seller Pages/Add_Edit Item/input_We recommend you at least add a translation in that language_popup-title2'

2020-03-20 10:31:19 - [MESSAGE][PASSED] - Keys '*' sent to object: 'Object Repository/ADMIN/Edit Text/Bespoke/Seller Pages/Add_Edit Item/input_We recommend you at least add a translation in that language_popup-title2'

2020-03-20 10:31:19 - [TEST_STEP][PASSED] - sendKeys(findTestObject("ADMIN/Edit Text/Bespoke/Seller Pages/Add_Edit Item/input_concat(I  ll do it later)_btn_okay"), "*"): Keys '*' sent to object: 'Object Repository/ADMIN/Edit Text/Bespoke/Seller Pages/Add_Edit Item/input_concat(I  ll do it later)_btn_okay'

2020-03-20 10:31:19 - [MESSAGE][PASSED] - Keys '*' sent to object: 'Object Repository/ADMIN/Edit Text/Bespoke/Seller Pages/Add_Edit Item/input_concat(I  ll do it later)_btn_okay'

2020-03-20 10:31:19 - [TEST_STEP][PASSED] - sendKeys(findTestObject("ADMIN/Edit Text/Bespoke/Seller Pages/Add_Edit Item/input_Add Translations_btn_okay"), "*"): Keys '*' sent to object: 'Object Repository/ADMIN/Edit Text/Bespoke/Seller Pages/Add_Edit Item/input_Add Translations_btn_okay'

2020-03-20 10:31:19 - [MESSAGE][PASSED] - Keys '*' sent to object: 'Object Repository/ADMIN/Edit Text/Bespoke/Seller Pages/Add_Edit Item/input_Add Translations_btn_okay'

2020-03-20 10:31:19 - [TEST_STEP][PASSED] - sendKeys(findTestObject("ADMIN/Edit Text/Bespoke/Seller Pages/Add_Edit Item/input_Edit Translations_btn_okay"), "*"): Keys '*' sent to object: 'Object Repository/ADMIN/Edit Text/Bespoke/Seller Pages/Add_Edit Item/input_Edit Translations_btn_okay'

2020-03-20 10:31:19 - [MESSAGE][PASSED] - Keys '*' sent to object: 'Object Repository/ADMIN/Edit Text/Bespoke/Seller Pages/Add_Edit Item/input_Edit Translations_btn_okay'

2020-03-20 10:31:19 - [TEST_STEP][PASSED] - click(findTestObject("ADMIN/Edit Text/Bespoke/Buyer Pages/Homepage/button_save"), CONTINUE_ON_FAILURE): Object: 'Object Repository/ADMIN/Edit Text/Bespoke/Buyer Pages/Homepage/button_save' is clicked on

2020-03-20 10:31:19 - [MESSAGE][PASSED] - Object: 'Object Repository/ADMIN/Edit Text/Bespoke/Buyer Pages/Homepage/button_save' is clicked on

2020-03-20 10:31:19 - [TEST_STEP][PASSED] - waitForElementVisible(findTestObject("ADMIN/Edit Text/Bespoke/Buyer Pages/Homepage/toaster_success"), 0): Object 'Object Repository/ADMIN/Edit Text/Bespoke/Buyer Pages/Homepage/toaster_success' is visible

2020-03-20 10:31:19 - [MESSAGE][WARNING] - Timeout '0' is invalid. Using default page load timeout: '30'

2020-03-20 10:31:20 - [MESSAGE][PASSED] - Object 'Object Repository/ADMIN/Edit Text/Bespoke/Buyer Pages/Homepage/toaster_success' is visible]]></system-out>
         <system-err><![CDATA[]]></system-err>
      </testcase>
      <testcase name="Test Cases/ADMIN/Language/Edit Text/Bespoke/Seller/Add_Edit Item" time="13.416" classname="Test Cases/ADMIN/Language/Edit Text/Bespoke/Seller/Add_Edit Item" status="PASSED">
         <system-out><![CDATA[2020-03-20 10:31:20 - [TEST_CASE][PASSED] - Test Cases/ADMIN/Language/Edit Text/Bespoke/Seller/Add_Edit Item: Test Cases/ADMIN/Language/Edit Text/Bespoke/Seller/Add_Edit Item

2020-03-20 10:31:20 - [TEST_STEP][PASSED] - waitForElementVisible(findTestObject("ADMIN/Edit Text/Bespoke/Buyer Navigation/dd_language"), 0): Object 'Object Repository/ADMIN/Edit Text/Bespoke/Buyer Navigation/dd_language' is visible

2020-03-20 10:31:20 - [MESSAGE][WARNING] - Timeout '0' is invalid. Using default page load timeout: '30'

2020-03-20 10:31:21 - [MESSAGE][PASSED] - Object 'Object Repository/ADMIN/Edit Text/Bespoke/Buyer Navigation/dd_language' is visible

2020-03-20 10:31:21 - [TEST_STEP][PASSED] - selectOptionByLabel(findTestObject("ADMIN/Edit Text/Bespoke/Buyer Navigation/dd_language"), varLanguage, false): All options with label 'Spanish' are selected in object 'Object Repository/ADMIN/Edit Text/Bespoke/Buyer Navigation/dd_language' 

2020-03-20 10:31:22 - [MESSAGE][PASSED] - All options with label 'Spanish' are selected in object 'Object Repository/ADMIN/Edit Text/Bespoke/Buyer Navigation/dd_language' 

2020-03-20 10:31:22 - [TEST_STEP][PASSED] - sendKeys(findTestObject("ADMIN/Edit Text/Bespoke/Seller Pages/Add_Edit Item/input_YOUR ITEMS_item_name"), "*"): Keys '*' sent to object: 'Object Repository/ADMIN/Edit Text/Bespoke/Seller Pages/Add_Edit Item/input_YOUR ITEMS_item_name'

2020-03-20 10:31:23 - [MESSAGE][PASSED] - Keys '*' sent to object: 'Object Repository/ADMIN/Edit Text/Bespoke/Seller Pages/Add_Edit Item/input_YOUR ITEMS_item_name'

2020-03-20 10:31:23 - [TEST_STEP][PASSED] - sendKeys(findTestObject("ADMIN/Edit Text/Bespoke/Seller Pages/Add_Edit Item/input_Fill in your item details here_item_details"), "*"): Keys '*' sent to object: 'Object Repository/ADMIN/Edit Text/Bespoke/Seller Pages/Add_Edit Item/input_Fill in your item details here_item_details'

2020-03-20 10:31:23 - [MESSAGE][PASSED] - Keys '*' sent to object: 'Object Repository/ADMIN/Edit Text/Bespoke/Seller Pages/Add_Edit Item/input_Fill in your item details here_item_details'

2020-03-20 10:31:23 - [TEST_STEP][PASSED] - sendKeys(findTestObject("ADMIN/Edit Text/Bespoke/Seller Pages/Add_Edit Item/input_Category_category"), "*"): Keys '*' sent to object: 'Object Repository/ADMIN/Edit Text/Bespoke/Seller Pages/Add_Edit Item/input_Category_category'

2020-03-20 10:31:23 - [MESSAGE][PASSED] - Keys '*' sent to object: 'Object Repository/ADMIN/Edit Text/Bespoke/Seller Pages/Add_Edit Item/input_Category_category'

2020-03-20 10:31:23 - [TEST_STEP][PASSED] - sendKeys(findTestObject("ADMIN/Edit Text/Bespoke/Seller Pages/Add_Edit Item/input_Select a Category_category"), "*"): Keys '*' sent to object: 'Object Repository/ADMIN/Edit Text/Bespoke/Seller Pages/Add_Edit Item/input_Select a Category_category'

2020-03-20 10:31:23 - [MESSAGE][PASSED] - Keys '*' sent to object: 'Object Repository/ADMIN/Edit Text/Bespoke/Seller Pages/Add_Edit Item/input_Select a Category_category'

2020-03-20 10:31:23 - [TEST_STEP][PASSED] - sendKeys(findTestObject("ADMIN/Edit Text/Bespoke/Seller Pages/Add_Edit Item/input_Item Name_item_name"), "*"): Keys '*' sent to object: 'Object Repository/ADMIN/Edit Text/Bespoke/Seller Pages/Add_Edit Item/input_Item Name_item_name'

2020-03-20 10:31:23 - [MESSAGE][PASSED] - Keys '*' sent to object: 'Object Repository/ADMIN/Edit Text/Bespoke/Seller Pages/Add_Edit Item/input_Item Name_item_name'

2020-03-20 10:31:23 - [TEST_STEP][PASSED] - sendKeys(findTestObject("ADMIN/Edit Text/Bespoke/Seller Pages/Add_Edit Item/input_Price_price"), "*"): Keys '*' sent to object: 'Object Repository/ADMIN/Edit Text/Bespoke/Seller Pages/Add_Edit Item/input_Price_price'

2020-03-20 10:31:24 - [MESSAGE][PASSED] - Keys '*' sent to object: 'Object Repository/ADMIN/Edit Text/Bespoke/Seller Pages/Add_Edit Item/input_Price_price'

2020-03-20 10:31:24 - [TEST_STEP][PASSED] - sendKeys(findTestObject("ADMIN/Edit Text/Bespoke/Seller Pages/Add_Edit Item/input_SELECT ALL_category"), "*"): Keys '*' sent to object: 'Object Repository/ADMIN/Edit Text/Bespoke/Seller Pages/Add_Edit Item/input_SELECT ALL_category'

2020-03-20 10:31:24 - [MESSAGE][PASSED] - Keys '*' sent to object: 'Object Repository/ADMIN/Edit Text/Bespoke/Seller Pages/Add_Edit Item/input_SELECT ALL_category'

2020-03-20 10:31:24 - [TEST_STEP][PASSED] - sendKeys(findTestObject("ADMIN/Edit Text/Bespoke/Seller Pages/Add_Edit Item/input_SELECT NONE_category"), "*"): Keys '*' sent to object: 'Object Repository/ADMIN/Edit Text/Bespoke/Seller Pages/Add_Edit Item/input_SELECT NONE_category'

2020-03-20 10:31:24 - [MESSAGE][PASSED] - Keys '*' sent to object: 'Object Repository/ADMIN/Edit Text/Bespoke/Seller Pages/Add_Edit Item/input_SELECT NONE_category'

2020-03-20 10:31:24 - [TEST_STEP][PASSED] - sendKeys(findTestObject("ADMIN/Edit Text/Bespoke/Seller Pages/Add_Edit Item/input_Item Description_item_description"), "*"): Keys '*' sent to object: 'Object Repository/ADMIN/Edit Text/Bespoke/Seller Pages/Add_Edit Item/input_Item Description_item_description'

2020-03-20 10:31:24 - [MESSAGE][PASSED] - Keys '*' sent to object: 'Object Repository/ADMIN/Edit Text/Bespoke/Seller Pages/Add_Edit Item/input_Item Description_item_description'

2020-03-20 10:31:24 - [TEST_STEP][PASSED] - sendKeys(findTestObject("ADMIN/Edit Text/Bespoke/Seller Pages/Add_Edit Item/input_ITEM COVER IMAGE_item_cover_image"), "*"): Keys '*' sent to object: 'Object Repository/ADMIN/Edit Text/Bespoke/Seller Pages/Add_Edit Item/input_ITEM COVER IMAGE_item_cover_image'

2020-03-20 10:31:24 - [MESSAGE][PASSED] - Keys '*' sent to object: 'Object Repository/ADMIN/Edit Text/Bespoke/Seller Pages/Add_Edit Item/input_ITEM COVER IMAGE_item_cover_image'

2020-03-20 10:31:24 - [TEST_STEP][PASSED] - sendKeys(findTestObject("ADMIN/Edit Text/Bespoke/Seller Pages/Add_Edit Item/input_ITEM COVER IMAGE_item_cover_details"), "*"): Keys '*' sent to object: 'Object Repository/ADMIN/Edit Text/Bespoke/Seller Pages/Add_Edit Item/input_ITEM COVER IMAGE_item_cover_details'

2020-03-20 10:31:25 - [MESSAGE][PASSED] - Keys '*' sent to object: 'Object Repository/ADMIN/Edit Text/Bespoke/Seller Pages/Add_Edit Item/input_ITEM COVER IMAGE_item_cover_details'

2020-03-20 10:31:25 - [TEST_STEP][PASSED] - sendKeys(findTestObject("ADMIN/Edit Text/Bespoke/Seller Pages/Add_Edit Item/input_BROWSE_browse_btn"), "*"): Keys '*' sent to object: 'Object Repository/ADMIN/Edit Text/Bespoke/Seller Pages/Add_Edit Item/input_BROWSE_browse_btn'

2020-03-20 10:31:25 - [MESSAGE][PASSED] - Keys '*' sent to object: 'Object Repository/ADMIN/Edit Text/Bespoke/Seller Pages/Add_Edit Item/input_BROWSE_browse_btn'

2020-03-20 10:31:25 - [TEST_STEP][PASSED] - sendKeys(findTestObject("ADMIN/Edit Text/Bespoke/Seller Pages/Add_Edit Item/input_Quantity_quantity"), "*"): Keys '*' sent to object: 'Object Repository/ADMIN/Edit Text/Bespoke/Seller Pages/Add_Edit Item/input_Quantity_quantity'

2020-03-20 10:31:25 - [MESSAGE][PASSED] - Keys '*' sent to object: 'Object Repository/ADMIN/Edit Text/Bespoke/Seller Pages/Add_Edit Item/input_Quantity_quantity'

2020-03-20 10:31:25 - [TEST_STEP][PASSED] - sendKeys(findTestObject("ADMIN/Edit Text/Bespoke/Seller Pages/Add_Edit Item/input_Unlimited Stock_unlimited_stock"), "*"): Keys '*' sent to object: 'Object Repository/ADMIN/Edit Text/Bespoke/Seller Pages/Add_Edit Item/input_Unlimited Stock_unlimited_stock'

2020-03-20 10:31:25 - [MESSAGE][PASSED] - Keys '*' sent to object: 'Object Repository/ADMIN/Edit Text/Bespoke/Seller Pages/Add_Edit Item/input_Unlimited Stock_unlimited_stock'

2020-03-20 10:31:25 - [TEST_STEP][PASSED] - sendKeys(findTestObject("ADMIN/Edit Text/Bespoke/Seller Pages/Add_Edit Item/input_YES_yes-txt"), "*"): Keys '*' sent to object: 'Object Repository/ADMIN/Edit Text/Bespoke/Seller Pages/Add_Edit Item/input_YES_yes-txt'

2020-03-20 10:31:25 - [MESSAGE][PASSED] - Keys '*' sent to object: 'Object Repository/ADMIN/Edit Text/Bespoke/Seller Pages/Add_Edit Item/input_YES_yes-txt'

2020-03-20 10:31:25 - [TEST_STEP][PASSED] - sendKeys(findTestObject("ADMIN/Edit Text/Bespoke/Seller Pages/Add_Edit Item/input_NO_no-txt"), "*"): Keys '*' sent to object: 'Object Repository/ADMIN/Edit Text/Bespoke/Seller Pages/Add_Edit Item/input_NO_no-txt'

2020-03-20 10:31:25 - [MESSAGE][PASSED] - Keys '*' sent to object: 'Object Repository/ADMIN/Edit Text/Bespoke/Seller Pages/Add_Edit Item/input_NO_no-txt'

2020-03-20 10:31:25 - [TEST_STEP][PASSED] - sendKeys(findTestObject("ADMIN/Edit Text/Bespoke/Seller Pages/Add_Edit Item/input_Variants_variants"), "*"): Keys '*' sent to object: 'Object Repository/ADMIN/Edit Text/Bespoke/Seller Pages/Add_Edit Item/input_Variants_variants'

2020-03-20 10:31:25 - [MESSAGE][PASSED] - Keys '*' sent to object: 'Object Repository/ADMIN/Edit Text/Bespoke/Seller Pages/Add_Edit Item/input_Variants_variants'

2020-03-20 10:31:25 - [TEST_STEP][PASSED] - sendKeys(findTestObject("ADMIN/Edit Text/Bespoke/Seller Pages/Add_Edit Item/input_Variant(s)_variant_s"), "*"): Keys '*' sent to object: 'Object Repository/ADMIN/Edit Text/Bespoke/Seller Pages/Add_Edit Item/input_Variant(s)_variant_s'

2020-03-20 10:31:26 - [MESSAGE][PASSED] - Keys '*' sent to object: 'Object Repository/ADMIN/Edit Text/Bespoke/Seller Pages/Add_Edit Item/input_Variant(s)_variant_s'

2020-03-20 10:31:26 - [TEST_STEP][PASSED] - sendKeys(findTestObject("ADMIN/Edit Text/Bespoke/Seller Pages/Add_Edit Item/input_Add up to 3 different available options for the item eg  Colour Size and Material_item_addUpto3Variants"), "*"): Keys '*' sent to object: 'Object Repository/ADMIN/Edit Text/Bespoke/Seller Pages/Add_Edit Item/input_Add up to 3 different available options for the item eg  Colour Size and Material_item_addUpto3Variants'

2020-03-20 10:31:26 - [MESSAGE][PASSED] - Keys '*' sent to object: 'Object Repository/ADMIN/Edit Text/Bespoke/Seller Pages/Add_Edit Item/input_Add up to 3 different available options for the item eg  Colour Size and Material_item_addUpto3Variants'

2020-03-20 10:31:26 - [TEST_STEP][PASSED] - sendKeys(findTestObject("ADMIN/Edit Text/Bespoke/Seller Pages/Add_Edit Item/input_Change_variants-change"), "*"): Keys '*' sent to object: 'Object Repository/ADMIN/Edit Text/Bespoke/Seller Pages/Add_Edit Item/input_Change_variants-change'

2020-03-20 10:31:26 - [MESSAGE][PASSED] - Keys '*' sent to object: 'Object Repository/ADMIN/Edit Text/Bespoke/Seller Pages/Add_Edit Item/input_Change_variants-change'

2020-03-20 10:31:26 - [TEST_STEP][PASSED] - sendKeys(findTestObject("ADMIN/Edit Text/Bespoke/Seller Pages/Add_Edit Item/input_Okay_variants-change"), "*"): Keys '*' sent to object: 'Object Repository/ADMIN/Edit Text/Bespoke/Seller Pages/Add_Edit Item/input_Okay_variants-change'

2020-03-20 10:31:26 - [MESSAGE][PASSED] - Keys '*' sent to object: 'Object Repository/ADMIN/Edit Text/Bespoke/Seller Pages/Add_Edit Item/input_Okay_variants-change'

2020-03-20 10:31:26 - [TEST_STEP][PASSED] - sendKeys(findTestObject("ADMIN/Edit Text/Bespoke/Seller Pages/Add_Edit Item/input_Cancel_variants-change"), "*"): Keys '*' sent to object: 'Object Repository/ADMIN/Edit Text/Bespoke/Seller Pages/Add_Edit Item/input_Cancel_variants-change'

2020-03-20 10:31:26 - [MESSAGE][PASSED] - Keys '*' sent to object: 'Object Repository/ADMIN/Edit Text/Bespoke/Seller Pages/Add_Edit Item/input_Cancel_variants-change'

2020-03-20 10:31:26 - [TEST_STEP][PASSED] - sendKeys(findTestObject("ADMIN/Edit Text/Bespoke/Seller Pages/Add_Edit Item/input_Add Variants_variants_btn"), "*"): Keys '*' sent to object: 'Object Repository/ADMIN/Edit Text/Bespoke/Seller Pages/Add_Edit Item/input_Add Variants_variants_btn'

2020-03-20 10:31:27 - [MESSAGE][PASSED] - Keys '*' sent to object: 'Object Repository/ADMIN/Edit Text/Bespoke/Seller Pages/Add_Edit Item/input_Add Variants_variants_btn'

2020-03-20 10:31:27 - [TEST_STEP][PASSED] - sendKeys(findTestObject("ADMIN/Edit Text/Bespoke/Seller Pages/Add_Edit Item/input_VARIANTS OPTIONS_option_name"), "*"): Keys '*' sent to object: 'Object Repository/ADMIN/Edit Text/Bespoke/Seller Pages/Add_Edit Item/input_VARIANTS OPTIONS_option_name'

2020-03-20 10:31:27 - [MESSAGE][PASSED] - Keys '*' sent to object: 'Object Repository/ADMIN/Edit Text/Bespoke/Seller Pages/Add_Edit Item/input_VARIANTS OPTIONS_option_name'

2020-03-20 10:31:27 - [TEST_STEP][PASSED] - sendKeys(findTestObject("ADMIN/Edit Text/Bespoke/Seller Pages/Add_Edit Item/input_VARIANTS CHOICES_option_choices"), "*"): Keys '*' sent to object: 'Object Repository/ADMIN/Edit Text/Bespoke/Seller Pages/Add_Edit Item/input_VARIANTS CHOICES_option_choices'

2020-03-20 10:31:27 - [MESSAGE][PASSED] - Keys '*' sent to object: 'Object Repository/ADMIN/Edit Text/Bespoke/Seller Pages/Add_Edit Item/input_VARIANTS CHOICES_option_choices'

2020-03-20 10:31:27 - [TEST_STEP][PASSED] - sendKeys(findTestObject("ADMIN/Edit Text/Bespoke/Seller Pages/Add_Edit Item/input_eg Colour_place_egcolour"), "*"): Keys '*' sent to object: 'Object Repository/ADMIN/Edit Text/Bespoke/Seller Pages/Add_Edit Item/input_eg Colour_place_egcolour'

2020-03-20 10:31:27 - [MESSAGE][PASSED] - Keys '*' sent to object: 'Object Repository/ADMIN/Edit Text/Bespoke/Seller Pages/Add_Edit Item/input_eg Colour_place_egcolour'

2020-03-20 10:31:27 - [TEST_STEP][PASSED] - sendKeys(findTestObject("ADMIN/Edit Text/Bespoke/Seller Pages/Add_Edit Item/input_eg Red_place_option"), "*"): Keys '*' sent to object: 'Object Repository/ADMIN/Edit Text/Bespoke/Seller Pages/Add_Edit Item/input_eg Red_place_option'

2020-03-20 10:31:27 - [MESSAGE][PASSED] - Keys '*' sent to object: 'Object Repository/ADMIN/Edit Text/Bespoke/Seller Pages/Add_Edit Item/input_eg Red_place_option'

2020-03-20 10:31:27 - [TEST_STEP][PASSED] - sendKeys(findTestObject("ADMIN/Edit Text/Bespoke/Seller Pages/Add_Edit Item/input_Color_place_colour"), "*"): Keys '*' sent to object: 'Object Repository/ADMIN/Edit Text/Bespoke/Seller Pages/Add_Edit Item/input_Color_place_colour'

2020-03-20 10:31:27 - [MESSAGE][PASSED] - Keys '*' sent to object: 'Object Repository/ADMIN/Edit Text/Bespoke/Seller Pages/Add_Edit Item/input_Color_place_colour'

2020-03-20 10:31:27 - [TEST_STEP][PASSED] - sendKeys(findTestObject("ADMIN/Edit Text/Bespoke/Seller Pages/Add_Edit Item/input_Red_place_option"), "*"): Keys '*' sent to object: 'Object Repository/ADMIN/Edit Text/Bespoke/Seller Pages/Add_Edit Item/input_Red_place_option'

2020-03-20 10:31:27 - [MESSAGE][PASSED] - Keys '*' sent to object: 'Object Repository/ADMIN/Edit Text/Bespoke/Seller Pages/Add_Edit Item/input_Red_place_option'

2020-03-20 10:31:27 - [TEST_STEP][PASSED] - sendKeys(findTestObject("ADMIN/Edit Text/Bespoke/Seller Pages/Add_Edit Item/input_Image_tbl_lbe_img"), "*"): Keys '*' sent to object: 'Object Repository/ADMIN/Edit Text/Bespoke/Seller Pages/Add_Edit Item/input_Image_tbl_lbe_img'

2020-03-20 10:31:28 - [MESSAGE][PASSED] - Keys '*' sent to object: 'Object Repository/ADMIN/Edit Text/Bespoke/Seller Pages/Add_Edit Item/input_Image_tbl_lbe_img'

2020-03-20 10:31:28 - [TEST_STEP][PASSED] - sendKeys(findTestObject("ADMIN/Edit Text/Bespoke/Seller Pages/Add_Edit Item/input_Same Image_tbl_lbe_same_img"), "*"): Keys '*' sent to object: 'Object Repository/ADMIN/Edit Text/Bespoke/Seller Pages/Add_Edit Item/input_Same Image_tbl_lbe_same_img'

2020-03-20 10:31:28 - [MESSAGE][PASSED] - Keys '*' sent to object: 'Object Repository/ADMIN/Edit Text/Bespoke/Seller Pages/Add_Edit Item/input_Same Image_tbl_lbe_same_img'

2020-03-20 10:31:28 - [TEST_STEP][PASSED] - sendKeys(findTestObject("ADMIN/Edit Text/Bespoke/Seller Pages/Add_Edit Item/input_Surcharge_tbl_lbe_surcharge"), "*"): Keys '*' sent to object: 'Object Repository/ADMIN/Edit Text/Bespoke/Seller Pages/Add_Edit Item/input_Surcharge_tbl_lbe_surcharge'

2020-03-20 10:31:28 - [MESSAGE][PASSED] - Keys '*' sent to object: 'Object Repository/ADMIN/Edit Text/Bespoke/Seller Pages/Add_Edit Item/input_Surcharge_tbl_lbe_surcharge'

2020-03-20 10:31:28 - [TEST_STEP][PASSED] - sendKeys(findTestObject("ADMIN/Edit Text/Bespoke/Seller Pages/Add_Edit Item/input_Total Price_tbl_lbe_price"), "*"): Keys '*' sent to object: 'Object Repository/ADMIN/Edit Text/Bespoke/Seller Pages/Add_Edit Item/input_Total Price_tbl_lbe_price'

2020-03-20 10:31:28 - [MESSAGE][PASSED] - Keys '*' sent to object: 'Object Repository/ADMIN/Edit Text/Bespoke/Seller Pages/Add_Edit Item/input_Total Price_tbl_lbe_price'

2020-03-20 10:31:28 - [TEST_STEP][PASSED] - sendKeys(findTestObject("ADMIN/Edit Text/Bespoke/Seller Pages/Add_Edit Item/input_Stock_tbl_lbe_stock"), "*"): Keys '*' sent to object: 'Object Repository/ADMIN/Edit Text/Bespoke/Seller Pages/Add_Edit Item/input_Stock_tbl_lbe_stock'

2020-03-20 10:31:28 - [MESSAGE][PASSED] - Keys '*' sent to object: 'Object Repository/ADMIN/Edit Text/Bespoke/Seller Pages/Add_Edit Item/input_Stock_tbl_lbe_stock'

2020-03-20 10:31:28 - [TEST_STEP][PASSED] - sendKeys(findTestObject("ADMIN/Edit Text/Bespoke/Seller Pages/Add_Edit Item/input_Unlimited_tbl_lbe_unlimited"), "*"): Keys '*' sent to object: 'Object Repository/ADMIN/Edit Text/Bespoke/Seller Pages/Add_Edit Item/input_Unlimited_tbl_lbe_unlimited'

2020-03-20 10:31:28 - [MESSAGE][PASSED] - Keys '*' sent to object: 'Object Repository/ADMIN/Edit Text/Bespoke/Seller Pages/Add_Edit Item/input_Unlimited_tbl_lbe_unlimited'

2020-03-20 10:31:28 - [TEST_STEP][PASSED] - sendKeys(findTestObject("ADMIN/Edit Text/Bespoke/Seller Pages/Add_Edit Item/input_DELIVERY OPTIONS_delivery_options"), "*"): Keys '*' sent to object: 'Object Repository/ADMIN/Edit Text/Bespoke/Seller Pages/Add_Edit Item/input_DELIVERY OPTIONS_delivery_options'

2020-03-20 10:31:29 - [MESSAGE][PASSED] - Keys '*' sent to object: 'Object Repository/ADMIN/Edit Text/Bespoke/Seller Pages/Add_Edit Item/input_DELIVERY OPTIONS_delivery_options'

2020-03-20 10:31:29 - [TEST_STEP][PASSED] - sendKeys(findTestObject("ADMIN/Edit Text/Bespoke/Seller Pages/Add_Edit Item/input_DELIVERY OPTIONS_delivery-txt2"), "*"): Keys '*' sent to object: 'Object Repository/ADMIN/Edit Text/Bespoke/Seller Pages/Add_Edit Item/input_DELIVERY OPTIONS_delivery-txt2'

2020-03-20 10:31:29 - [MESSAGE][PASSED] - Keys '*' sent to object: 'Object Repository/ADMIN/Edit Text/Bespoke/Seller Pages/Add_Edit Item/input_DELIVERY OPTIONS_delivery-txt2'

2020-03-20 10:31:29 - [TEST_STEP][PASSED] - sendKeys(findTestObject("ADMIN/Edit Text/Bespoke/Seller Pages/Add_Edit Item/input_Offer reduced shipping costs to buyers when they buy more than one item from you_delivery-txt2"), "*"): Keys '*' sent to object: 'Object Repository/ADMIN/Edit Text/Bespoke/Seller Pages/Add_Edit Item/input_Offer reduced shipping costs to buyers when they buy more than one item from you_delivery-txt2'

2020-03-20 10:31:29 - [MESSAGE][PASSED] - Keys '*' sent to object: 'Object Repository/ADMIN/Edit Text/Bespoke/Seller Pages/Add_Edit Item/input_Offer reduced shipping costs to buyers when they buy more than one item from you_delivery-txt2'

2020-03-20 10:31:29 - [TEST_STEP][PASSED] - sendKeys(findTestObject("ADMIN/Edit Text/Bespoke/Seller Pages/Add_Edit Item/input_total delivery"), "*"): Keys '*' sent to object: 'Object Repository/ADMIN/Edit Text/Bespoke/Seller Pages/Add_Edit Item/input_total delivery'

2020-03-20 10:31:29 - [MESSAGE][PASSED] - Keys '*' sent to object: 'Object Repository/ADMIN/Edit Text/Bespoke/Seller Pages/Add_Edit Item/input_total delivery'

2020-03-20 10:31:29 - [TEST_STEP][PASSED] - sendKeys(findTestObject("ADMIN/Edit Text/Bespoke/Seller Pages/Add_Edit Item/input_DELIVERY SERVICE_delivery_service"), "*"): Keys '*' sent to object: 'Object Repository/ADMIN/Edit Text/Bespoke/Seller Pages/Add_Edit Item/input_DELIVERY SERVICE_delivery_service'

2020-03-20 10:31:29 - [MESSAGE][PASSED] - Keys '*' sent to object: 'Object Repository/ADMIN/Edit Text/Bespoke/Seller Pages/Add_Edit Item/input_DELIVERY SERVICE_delivery_service'

2020-03-20 10:31:29 - [TEST_STEP][PASSED] - sendKeys(findTestObject("ADMIN/Edit Text/Bespoke/Seller Pages/Add_Edit Item/input_SINGLE ITEM DELIVERY (A)_delivery_surchrge"), "*"): Keys '*' sent to object: 'Object Repository/ADMIN/Edit Text/Bespoke/Seller Pages/Add_Edit Item/input_SINGLE ITEM DELIVERY (A)_delivery_surchrge'

2020-03-20 10:31:29 - [MESSAGE][PASSED] - Keys '*' sent to object: 'Object Repository/ADMIN/Edit Text/Bespoke/Seller Pages/Add_Edit Item/input_SINGLE ITEM DELIVERY (A)_delivery_surchrge'

2020-03-20 10:31:29 - [TEST_STEP][PASSED] - sendKeys(findTestObject("ADMIN/Edit Text/Bespoke/Seller Pages/Add_Edit Item/input_SINGLE ITEM (A)_additional_item"), "*"): Keys '*' sent to object: 'Object Repository/ADMIN/Edit Text/Bespoke/Seller Pages/Add_Edit Item/input_SINGLE ITEM (A)_additional_item'

2020-03-20 10:31:30 - [MESSAGE][PASSED] - Keys '*' sent to object: 'Object Repository/ADMIN/Edit Text/Bespoke/Seller Pages/Add_Edit Item/input_SINGLE ITEM (A)_additional_item'

2020-03-20 10:31:30 - [TEST_STEP][PASSED] - sendKeys(findTestObject("ADMIN/Edit Text/Bespoke/Seller Pages/Add_Edit Item/input_WITH OTHER ITEM (B)_additional_item"), "*"): Keys '*' sent to object: 'Object Repository/ADMIN/Edit Text/Bespoke/Seller Pages/Add_Edit Item/input_WITH OTHER ITEM (B)_additional_item'

2020-03-20 10:31:30 - [MESSAGE][PASSED] - Keys '*' sent to object: 'Object Repository/ADMIN/Edit Text/Bespoke/Seller Pages/Add_Edit Item/input_WITH OTHER ITEM (B)_additional_item'

2020-03-20 10:31:30 - [TEST_STEP][PASSED] - sendKeys(findTestObject("ADMIN/Edit Text/Bespoke/Seller Pages/Add_Edit Item/input_ADD NEW_btn_add_new"), "*"): Keys '*' sent to object: 'Object Repository/ADMIN/Edit Text/Bespoke/Seller Pages/Add_Edit Item/input_ADD NEW_btn_add_new'

2020-03-20 10:31:30 - [MESSAGE][PASSED] - Keys '*' sent to object: 'Object Repository/ADMIN/Edit Text/Bespoke/Seller Pages/Add_Edit Item/input_ADD NEW_btn_add_new'

2020-03-20 10:31:30 - [TEST_STEP][PASSED] - sendKeys(findTestObject("ADMIN/Edit Text/Bespoke/Seller Pages/Add_Edit Item/input_PICK-UP LOCATION_location_service"), "*"): Keys '*' sent to object: 'Object Repository/ADMIN/Edit Text/Bespoke/Seller Pages/Add_Edit Item/input_PICK-UP LOCATION_location_service'

2020-03-20 10:31:30 - [MESSAGE][PASSED] - Keys '*' sent to object: 'Object Repository/ADMIN/Edit Text/Bespoke/Seller Pages/Add_Edit Item/input_PICK-UP LOCATION_location_service'

2020-03-20 10:31:30 - [TEST_STEP][PASSED] - sendKeys(findTestObject("ADMIN/Edit Text/Bespoke/Seller Pages/Add_Edit Item/textarea_Please provide the address where the item may be collected by the buyer(You must select at least one delivery option or pickup location)"), "*"): Keys '*' sent to object: 'Object Repository/ADMIN/Edit Text/Bespoke/Seller Pages/Add_Edit Item/textarea_Please provide the address where the item may be collected by the buyer(You must select at least one delivery option or pickup location)'

2020-03-20 10:31:31 - [MESSAGE][PASSED] - Keys '*' sent to object: 'Object Repository/ADMIN/Edit Text/Bespoke/Seller Pages/Add_Edit Item/textarea_Please provide the address where the item may be collected by the buyer(You must select at least one delivery option or pickup location)'

2020-03-20 10:31:31 - [TEST_STEP][PASSED] - sendKeys(findTestObject("ADMIN/Edit Text/Bespoke/Seller Pages/Add_Edit Item/input_PICKUP LOCATION ADDRESS_location_address"), "*"): Keys '*' sent to object: 'Object Repository/ADMIN/Edit Text/Bespoke/Seller Pages/Add_Edit Item/input_PICKUP LOCATION ADDRESS_location_address'

2020-03-20 10:31:31 - [MESSAGE][PASSED] - Keys '*' sent to object: 'Object Repository/ADMIN/Edit Text/Bespoke/Seller Pages/Add_Edit Item/input_PICKUP LOCATION ADDRESS_location_address'

2020-03-20 10:31:31 - [TEST_STEP][PASSED] - sendKeys(findTestObject("ADMIN/Edit Text/Bespoke/Seller Pages/Add_Edit Item/input_add new 2"), "*"): Keys '*' sent to object: 'Object Repository/ADMIN/Edit Text/Bespoke/Seller Pages/Add_Edit Item/input_add new 2'

2020-03-20 10:31:31 - [MESSAGE][PASSED] - Keys '*' sent to object: 'Object Repository/ADMIN/Edit Text/Bespoke/Seller Pages/Add_Edit Item/input_add new 2'

2020-03-20 10:31:31 - [TEST_STEP][PASSED] - sendKeys(findTestObject("ADMIN/Edit Text/Bespoke/Seller Pages/Add_Edit Item/input_SAVE_btn_save"), "*"): Keys '*' sent to object: 'Object Repository/ADMIN/Edit Text/Bespoke/Seller Pages/Add_Edit Item/input_SAVE_btn_save'

2020-03-20 10:31:31 - [MESSAGE][PASSED] - Keys '*' sent to object: 'Object Repository/ADMIN/Edit Text/Bespoke/Seller Pages/Add_Edit Item/input_SAVE_btn_save'

2020-03-20 10:31:31 - [TEST_STEP][PASSED] - sendKeys(findTestObject("ADMIN/Edit Text/Bespoke/Seller Pages/Add_Edit Item/input_Item Saved_popup-title"), "*"): Keys '*' sent to object: 'Object Repository/ADMIN/Edit Text/Bespoke/Seller Pages/Add_Edit Item/input_Item Saved_popup-title'

2020-03-20 10:31:32 - [MESSAGE][PASSED] - Keys '*' sent to object: 'Object Repository/ADMIN/Edit Text/Bespoke/Seller Pages/Add_Edit Item/input_Item Saved_popup-title'

2020-03-20 10:31:32 - [TEST_STEP][PASSED] - sendKeys(findTestObject("ADMIN/Edit Text/Bespoke/Seller Pages/Add_Edit Item/input_This item has been saved in_popup-title2"), "*"): Keys '*' sent to object: 'Object Repository/ADMIN/Edit Text/Bespoke/Seller Pages/Add_Edit Item/input_This item has been saved in_popup-title2'

2020-03-20 10:31:32 - [MESSAGE][PASSED] - Keys '*' sent to object: 'Object Repository/ADMIN/Edit Text/Bespoke/Seller Pages/Add_Edit Item/input_This item has been saved in_popup-title2'

2020-03-20 10:31:32 - [TEST_STEP][PASSED] - sendKeys(findTestObject("ADMIN/Edit Text/Bespoke/Seller Pages/Add_Edit Item/input_The default language of the buyer pages is_popup-title2"), "*"): Keys '*' sent to object: 'Object Repository/ADMIN/Edit Text/Bespoke/Seller Pages/Add_Edit Item/input_The default language of the buyer pages is_popup-title2'

2020-03-20 10:31:32 - [MESSAGE][PASSED] - Keys '*' sent to object: 'Object Repository/ADMIN/Edit Text/Bespoke/Seller Pages/Add_Edit Item/input_The default language of the buyer pages is_popup-title2'

2020-03-20 10:31:32 - [TEST_STEP][PASSED] - sendKeys(findTestObject("ADMIN/Edit Text/Bespoke/Seller Pages/Add_Edit Item/input_We recommend you at least add a translation in that language_popup-title2"), "*"): Keys '*' sent to object: 'Object Repository/ADMIN/Edit Text/Bespoke/Seller Pages/Add_Edit Item/input_We recommend you at least add a translation in that language_popup-title2'

2020-03-20 10:31:32 - [MESSAGE][PASSED] - Keys '*' sent to object: 'Object Repository/ADMIN/Edit Text/Bespoke/Seller Pages/Add_Edit Item/input_We recommend you at least add a translation in that language_popup-title2'

2020-03-20 10:31:32 - [TEST_STEP][PASSED] - sendKeys(findTestObject("ADMIN/Edit Text/Bespoke/Seller Pages/Add_Edit Item/input_concat(I  ll do it later)_btn_okay"), "*"): Keys '*' sent to object: 'Object Repository/ADMIN/Edit Text/Bespoke/Seller Pages/Add_Edit Item/input_concat(I  ll do it later)_btn_okay'

2020-03-20 10:31:32 - [MESSAGE][PASSED] - Keys '*' sent to object: 'Object Repository/ADMIN/Edit Text/Bespoke/Seller Pages/Add_Edit Item/input_concat(I  ll do it later)_btn_okay'

2020-03-20 10:31:32 - [TEST_STEP][PASSED] - sendKeys(findTestObject("ADMIN/Edit Text/Bespoke/Seller Pages/Add_Edit Item/input_Add Translations_btn_okay"), "*"): Keys '*' sent to object: 'Object Repository/ADMIN/Edit Text/Bespoke/Seller Pages/Add_Edit Item/input_Add Translations_btn_okay'

2020-03-20 10:31:32 - [MESSAGE][PASSED] - Keys '*' sent to object: 'Object Repository/ADMIN/Edit Text/Bespoke/Seller Pages/Add_Edit Item/input_Add Translations_btn_okay'

2020-03-20 10:31:32 - [TEST_STEP][PASSED] - sendKeys(findTestObject("ADMIN/Edit Text/Bespoke/Seller Pages/Add_Edit Item/input_Edit Translations_btn_okay"), "*"): Keys '*' sent to object: 'Object Repository/ADMIN/Edit Text/Bespoke/Seller Pages/Add_Edit Item/input_Edit Translations_btn_okay'

2020-03-20 10:31:32 - [MESSAGE][PASSED] - Keys '*' sent to object: 'Object Repository/ADMIN/Edit Text/Bespoke/Seller Pages/Add_Edit Item/input_Edit Translations_btn_okay'

2020-03-20 10:31:32 - [TEST_STEP][PASSED] - click(findTestObject("ADMIN/Edit Text/Bespoke/Buyer Pages/Homepage/button_save"), CONTINUE_ON_FAILURE): Object: 'Object Repository/ADMIN/Edit Text/Bespoke/Buyer Pages/Homepage/button_save' is clicked on

2020-03-20 10:31:33 - [MESSAGE][PASSED] - Object: 'Object Repository/ADMIN/Edit Text/Bespoke/Buyer Pages/Homepage/button_save' is clicked on

2020-03-20 10:31:33 - [TEST_STEP][PASSED] - waitForElementVisible(findTestObject("ADMIN/Edit Text/Bespoke/Buyer Pages/Homepage/toaster_success"), 0): Object 'Object Repository/ADMIN/Edit Text/Bespoke/Buyer Pages/Homepage/toaster_success' is visible

2020-03-20 10:31:33 - [MESSAGE][WARNING] - Timeout '0' is invalid. Using default page load timeout: '30'

2020-03-20 10:31:34 - [MESSAGE][PASSED] - Object 'Object Repository/ADMIN/Edit Text/Bespoke/Buyer Pages/Homepage/toaster_success' is visible]]></system-out>
         <system-err><![CDATA[]]></system-err>
      </testcase>
      <testcase name="Test Cases/ADMIN/Language/Edit Text/Bespoke/Seller/Add_Edit Item" time="13.27" classname="Test Cases/ADMIN/Language/Edit Text/Bespoke/Seller/Add_Edit Item" status="PASSED">
         <system-out><![CDATA[2020-03-20 10:31:34 - [TEST_CASE][PASSED] - Test Cases/ADMIN/Language/Edit Text/Bespoke/Seller/Add_Edit Item: Test Cases/ADMIN/Language/Edit Text/Bespoke/Seller/Add_Edit Item

2020-03-20 10:31:34 - [TEST_STEP][PASSED] - waitForElementVisible(findTestObject("ADMIN/Edit Text/Bespoke/Buyer Navigation/dd_language"), 0): Object 'Object Repository/ADMIN/Edit Text/Bespoke/Buyer Navigation/dd_language' is visible

2020-03-20 10:31:34 - [MESSAGE][WARNING] - Timeout '0' is invalid. Using default page load timeout: '30'

2020-03-20 10:31:34 - [MESSAGE][PASSED] - Object 'Object Repository/ADMIN/Edit Text/Bespoke/Buyer Navigation/dd_language' is visible

2020-03-20 10:31:34 - [TEST_STEP][PASSED] - selectOptionByLabel(findTestObject("ADMIN/Edit Text/Bespoke/Buyer Navigation/dd_language"), varLanguage, false): All options with label 'Hindi' are selected in object 'Object Repository/ADMIN/Edit Text/Bespoke/Buyer Navigation/dd_language' 

2020-03-20 10:31:36 - [MESSAGE][PASSED] - All options with label 'Hindi' are selected in object 'Object Repository/ADMIN/Edit Text/Bespoke/Buyer Navigation/dd_language' 

2020-03-20 10:31:36 - [TEST_STEP][PASSED] - sendKeys(findTestObject("ADMIN/Edit Text/Bespoke/Seller Pages/Add_Edit Item/input_YOUR ITEMS_item_name"), "*"): Keys '*' sent to object: 'Object Repository/ADMIN/Edit Text/Bespoke/Seller Pages/Add_Edit Item/input_YOUR ITEMS_item_name'

2020-03-20 10:31:37 - [MESSAGE][PASSED] - Keys '*' sent to object: 'Object Repository/ADMIN/Edit Text/Bespoke/Seller Pages/Add_Edit Item/input_YOUR ITEMS_item_name'

2020-03-20 10:31:37 - [TEST_STEP][PASSED] - sendKeys(findTestObject("ADMIN/Edit Text/Bespoke/Seller Pages/Add_Edit Item/input_Fill in your item details here_item_details"), "*"): Keys '*' sent to object: 'Object Repository/ADMIN/Edit Text/Bespoke/Seller Pages/Add_Edit Item/input_Fill in your item details here_item_details'

2020-03-20 10:31:37 - [MESSAGE][PASSED] - Keys '*' sent to object: 'Object Repository/ADMIN/Edit Text/Bespoke/Seller Pages/Add_Edit Item/input_Fill in your item details here_item_details'

2020-03-20 10:31:37 - [TEST_STEP][PASSED] - sendKeys(findTestObject("ADMIN/Edit Text/Bespoke/Seller Pages/Add_Edit Item/input_Category_category"), "*"): Keys '*' sent to object: 'Object Repository/ADMIN/Edit Text/Bespoke/Seller Pages/Add_Edit Item/input_Category_category'

2020-03-20 10:31:37 - [MESSAGE][PASSED] - Keys '*' sent to object: 'Object Repository/ADMIN/Edit Text/Bespoke/Seller Pages/Add_Edit Item/input_Category_category'

2020-03-20 10:31:37 - [TEST_STEP][PASSED] - sendKeys(findTestObject("ADMIN/Edit Text/Bespoke/Seller Pages/Add_Edit Item/input_Select a Category_category"), "*"): Keys '*' sent to object: 'Object Repository/ADMIN/Edit Text/Bespoke/Seller Pages/Add_Edit Item/input_Select a Category_category'

2020-03-20 10:31:37 - [MESSAGE][PASSED] - Keys '*' sent to object: 'Object Repository/ADMIN/Edit Text/Bespoke/Seller Pages/Add_Edit Item/input_Select a Category_category'

2020-03-20 10:31:37 - [TEST_STEP][PASSED] - sendKeys(findTestObject("ADMIN/Edit Text/Bespoke/Seller Pages/Add_Edit Item/input_Item Name_item_name"), "*"): Keys '*' sent to object: 'Object Repository/ADMIN/Edit Text/Bespoke/Seller Pages/Add_Edit Item/input_Item Name_item_name'

2020-03-20 10:31:37 - [MESSAGE][PASSED] - Keys '*' sent to object: 'Object Repository/ADMIN/Edit Text/Bespoke/Seller Pages/Add_Edit Item/input_Item Name_item_name'

2020-03-20 10:31:37 - [TEST_STEP][PASSED] - sendKeys(findTestObject("ADMIN/Edit Text/Bespoke/Seller Pages/Add_Edit Item/input_Price_price"), "*"): Keys '*' sent to object: 'Object Repository/ADMIN/Edit Text/Bespoke/Seller Pages/Add_Edit Item/input_Price_price'

2020-03-20 10:31:37 - [MESSAGE][PASSED] - Keys '*' sent to object: 'Object Repository/ADMIN/Edit Text/Bespoke/Seller Pages/Add_Edit Item/input_Price_price'

2020-03-20 10:31:37 - [TEST_STEP][PASSED] - sendKeys(findTestObject("ADMIN/Edit Text/Bespoke/Seller Pages/Add_Edit Item/input_SELECT ALL_category"), "*"): Keys '*' sent to object: 'Object Repository/ADMIN/Edit Text/Bespoke/Seller Pages/Add_Edit Item/input_SELECT ALL_category'

2020-03-20 10:31:37 - [MESSAGE][PASSED] - Keys '*' sent to object: 'Object Repository/ADMIN/Edit Text/Bespoke/Seller Pages/Add_Edit Item/input_SELECT ALL_category'

2020-03-20 10:31:37 - [TEST_STEP][PASSED] - sendKeys(findTestObject("ADMIN/Edit Text/Bespoke/Seller Pages/Add_Edit Item/input_SELECT NONE_category"), "*"): Keys '*' sent to object: 'Object Repository/ADMIN/Edit Text/Bespoke/Seller Pages/Add_Edit Item/input_SELECT NONE_category'

2020-03-20 10:31:38 - [MESSAGE][PASSED] - Keys '*' sent to object: 'Object Repository/ADMIN/Edit Text/Bespoke/Seller Pages/Add_Edit Item/input_SELECT NONE_category'

2020-03-20 10:31:38 - [TEST_STEP][PASSED] - sendKeys(findTestObject("ADMIN/Edit Text/Bespoke/Seller Pages/Add_Edit Item/input_Item Description_item_description"), "*"): Keys '*' sent to object: 'Object Repository/ADMIN/Edit Text/Bespoke/Seller Pages/Add_Edit Item/input_Item Description_item_description'

2020-03-20 10:31:38 - [MESSAGE][PASSED] - Keys '*' sent to object: 'Object Repository/ADMIN/Edit Text/Bespoke/Seller Pages/Add_Edit Item/input_Item Description_item_description'

2020-03-20 10:31:38 - [TEST_STEP][PASSED] - sendKeys(findTestObject("ADMIN/Edit Text/Bespoke/Seller Pages/Add_Edit Item/input_ITEM COVER IMAGE_item_cover_image"), "*"): Keys '*' sent to object: 'Object Repository/ADMIN/Edit Text/Bespoke/Seller Pages/Add_Edit Item/input_ITEM COVER IMAGE_item_cover_image'

2020-03-20 10:31:38 - [MESSAGE][PASSED] - Keys '*' sent to object: 'Object Repository/ADMIN/Edit Text/Bespoke/Seller Pages/Add_Edit Item/input_ITEM COVER IMAGE_item_cover_image'

2020-03-20 10:31:38 - [TEST_STEP][PASSED] - sendKeys(findTestObject("ADMIN/Edit Text/Bespoke/Seller Pages/Add_Edit Item/input_ITEM COVER IMAGE_item_cover_details"), "*"): Keys '*' sent to object: 'Object Repository/ADMIN/Edit Text/Bespoke/Seller Pages/Add_Edit Item/input_ITEM COVER IMAGE_item_cover_details'

2020-03-20 10:31:38 - [MESSAGE][PASSED] - Keys '*' sent to object: 'Object Repository/ADMIN/Edit Text/Bespoke/Seller Pages/Add_Edit Item/input_ITEM COVER IMAGE_item_cover_details'

2020-03-20 10:31:38 - [TEST_STEP][PASSED] - sendKeys(findTestObject("ADMIN/Edit Text/Bespoke/Seller Pages/Add_Edit Item/input_BROWSE_browse_btn"), "*"): Keys '*' sent to object: 'Object Repository/ADMIN/Edit Text/Bespoke/Seller Pages/Add_Edit Item/input_BROWSE_browse_btn'

2020-03-20 10:31:38 - [MESSAGE][PASSED] - Keys '*' sent to object: 'Object Repository/ADMIN/Edit Text/Bespoke/Seller Pages/Add_Edit Item/input_BROWSE_browse_btn'

2020-03-20 10:31:38 - [TEST_STEP][PASSED] - sendKeys(findTestObject("ADMIN/Edit Text/Bespoke/Seller Pages/Add_Edit Item/input_Quantity_quantity"), "*"): Keys '*' sent to object: 'Object Repository/ADMIN/Edit Text/Bespoke/Seller Pages/Add_Edit Item/input_Quantity_quantity'

2020-03-20 10:31:38 - [MESSAGE][PASSED] - Keys '*' sent to object: 'Object Repository/ADMIN/Edit Text/Bespoke/Seller Pages/Add_Edit Item/input_Quantity_quantity'

2020-03-20 10:31:38 - [TEST_STEP][PASSED] - sendKeys(findTestObject("ADMIN/Edit Text/Bespoke/Seller Pages/Add_Edit Item/input_Unlimited Stock_unlimited_stock"), "*"): Keys '*' sent to object: 'Object Repository/ADMIN/Edit Text/Bespoke/Seller Pages/Add_Edit Item/input_Unlimited Stock_unlimited_stock'

2020-03-20 10:31:39 - [MESSAGE][PASSED] - Keys '*' sent to object: 'Object Repository/ADMIN/Edit Text/Bespoke/Seller Pages/Add_Edit Item/input_Unlimited Stock_unlimited_stock'

2020-03-20 10:31:39 - [TEST_STEP][PASSED] - sendKeys(findTestObject("ADMIN/Edit Text/Bespoke/Seller Pages/Add_Edit Item/input_YES_yes-txt"), "*"): Keys '*' sent to object: 'Object Repository/ADMIN/Edit Text/Bespoke/Seller Pages/Add_Edit Item/input_YES_yes-txt'

2020-03-20 10:31:39 - [MESSAGE][PASSED] - Keys '*' sent to object: 'Object Repository/ADMIN/Edit Text/Bespoke/Seller Pages/Add_Edit Item/input_YES_yes-txt'

2020-03-20 10:31:39 - [TEST_STEP][PASSED] - sendKeys(findTestObject("ADMIN/Edit Text/Bespoke/Seller Pages/Add_Edit Item/input_NO_no-txt"), "*"): Keys '*' sent to object: 'Object Repository/ADMIN/Edit Text/Bespoke/Seller Pages/Add_Edit Item/input_NO_no-txt'

2020-03-20 10:31:39 - [MESSAGE][PASSED] - Keys '*' sent to object: 'Object Repository/ADMIN/Edit Text/Bespoke/Seller Pages/Add_Edit Item/input_NO_no-txt'

2020-03-20 10:31:39 - [TEST_STEP][PASSED] - sendKeys(findTestObject("ADMIN/Edit Text/Bespoke/Seller Pages/Add_Edit Item/input_Variants_variants"), "*"): Keys '*' sent to object: 'Object Repository/ADMIN/Edit Text/Bespoke/Seller Pages/Add_Edit Item/input_Variants_variants'

2020-03-20 10:31:39 - [MESSAGE][PASSED] - Keys '*' sent to object: 'Object Repository/ADMIN/Edit Text/Bespoke/Seller Pages/Add_Edit Item/input_Variants_variants'

2020-03-20 10:31:39 - [TEST_STEP][PASSED] - sendKeys(findTestObject("ADMIN/Edit Text/Bespoke/Seller Pages/Add_Edit Item/input_Variant(s)_variant_s"), "*"): Keys '*' sent to object: 'Object Repository/ADMIN/Edit Text/Bespoke/Seller Pages/Add_Edit Item/input_Variant(s)_variant_s'

2020-03-20 10:31:39 - [MESSAGE][PASSED] - Keys '*' sent to object: 'Object Repository/ADMIN/Edit Text/Bespoke/Seller Pages/Add_Edit Item/input_Variant(s)_variant_s'

2020-03-20 10:31:39 - [TEST_STEP][PASSED] - sendKeys(findTestObject("ADMIN/Edit Text/Bespoke/Seller Pages/Add_Edit Item/input_Add up to 3 different available options for the item eg  Colour Size and Material_item_addUpto3Variants"), "*"): Keys '*' sent to object: 'Object Repository/ADMIN/Edit Text/Bespoke/Seller Pages/Add_Edit Item/input_Add up to 3 different available options for the item eg  Colour Size and Material_item_addUpto3Variants'

2020-03-20 10:31:39 - [MESSAGE][PASSED] - Keys '*' sent to object: 'Object Repository/ADMIN/Edit Text/Bespoke/Seller Pages/Add_Edit Item/input_Add up to 3 different available options for the item eg  Colour Size and Material_item_addUpto3Variants'

2020-03-20 10:31:39 - [TEST_STEP][PASSED] - sendKeys(findTestObject("ADMIN/Edit Text/Bespoke/Seller Pages/Add_Edit Item/input_Change_variants-change"), "*"): Keys '*' sent to object: 'Object Repository/ADMIN/Edit Text/Bespoke/Seller Pages/Add_Edit Item/input_Change_variants-change'

2020-03-20 10:31:40 - [MESSAGE][PASSED] - Keys '*' sent to object: 'Object Repository/ADMIN/Edit Text/Bespoke/Seller Pages/Add_Edit Item/input_Change_variants-change'

2020-03-20 10:31:40 - [TEST_STEP][PASSED] - sendKeys(findTestObject("ADMIN/Edit Text/Bespoke/Seller Pages/Add_Edit Item/input_Okay_variants-change"), "*"): Keys '*' sent to object: 'Object Repository/ADMIN/Edit Text/Bespoke/Seller Pages/Add_Edit Item/input_Okay_variants-change'

2020-03-20 10:31:40 - [MESSAGE][PASSED] - Keys '*' sent to object: 'Object Repository/ADMIN/Edit Text/Bespoke/Seller Pages/Add_Edit Item/input_Okay_variants-change'

2020-03-20 10:31:40 - [TEST_STEP][PASSED] - sendKeys(findTestObject("ADMIN/Edit Text/Bespoke/Seller Pages/Add_Edit Item/input_Cancel_variants-change"), "*"): Keys '*' sent to object: 'Object Repository/ADMIN/Edit Text/Bespoke/Seller Pages/Add_Edit Item/input_Cancel_variants-change'

2020-03-20 10:31:40 - [MESSAGE][PASSED] - Keys '*' sent to object: 'Object Repository/ADMIN/Edit Text/Bespoke/Seller Pages/Add_Edit Item/input_Cancel_variants-change'

2020-03-20 10:31:40 - [TEST_STEP][PASSED] - sendKeys(findTestObject("ADMIN/Edit Text/Bespoke/Seller Pages/Add_Edit Item/input_Add Variants_variants_btn"), "*"): Keys '*' sent to object: 'Object Repository/ADMIN/Edit Text/Bespoke/Seller Pages/Add_Edit Item/input_Add Variants_variants_btn'

2020-03-20 10:31:40 - [MESSAGE][PASSED] - Keys '*' sent to object: 'Object Repository/ADMIN/Edit Text/Bespoke/Seller Pages/Add_Edit Item/input_Add Variants_variants_btn'

2020-03-20 10:31:40 - [TEST_STEP][PASSED] - sendKeys(findTestObject("ADMIN/Edit Text/Bespoke/Seller Pages/Add_Edit Item/input_VARIANTS OPTIONS_option_name"), "*"): Keys '*' sent to object: 'Object Repository/ADMIN/Edit Text/Bespoke/Seller Pages/Add_Edit Item/input_VARIANTS OPTIONS_option_name'

2020-03-20 10:31:40 - [MESSAGE][PASSED] - Keys '*' sent to object: 'Object Repository/ADMIN/Edit Text/Bespoke/Seller Pages/Add_Edit Item/input_VARIANTS OPTIONS_option_name'

2020-03-20 10:31:40 - [TEST_STEP][PASSED] - sendKeys(findTestObject("ADMIN/Edit Text/Bespoke/Seller Pages/Add_Edit Item/input_VARIANTS CHOICES_option_choices"), "*"): Keys '*' sent to object: 'Object Repository/ADMIN/Edit Text/Bespoke/Seller Pages/Add_Edit Item/input_VARIANTS CHOICES_option_choices'

2020-03-20 10:31:40 - [MESSAGE][PASSED] - Keys '*' sent to object: 'Object Repository/ADMIN/Edit Text/Bespoke/Seller Pages/Add_Edit Item/input_VARIANTS CHOICES_option_choices'

2020-03-20 10:31:40 - [TEST_STEP][PASSED] - sendKeys(findTestObject("ADMIN/Edit Text/Bespoke/Seller Pages/Add_Edit Item/input_eg Colour_place_egcolour"), "*"): Keys '*' sent to object: 'Object Repository/ADMIN/Edit Text/Bespoke/Seller Pages/Add_Edit Item/input_eg Colour_place_egcolour'

2020-03-20 10:31:41 - [MESSAGE][PASSED] - Keys '*' sent to object: 'Object Repository/ADMIN/Edit Text/Bespoke/Seller Pages/Add_Edit Item/input_eg Colour_place_egcolour'

2020-03-20 10:31:41 - [TEST_STEP][PASSED] - sendKeys(findTestObject("ADMIN/Edit Text/Bespoke/Seller Pages/Add_Edit Item/input_eg Red_place_option"), "*"): Keys '*' sent to object: 'Object Repository/ADMIN/Edit Text/Bespoke/Seller Pages/Add_Edit Item/input_eg Red_place_option'

2020-03-20 10:31:41 - [MESSAGE][PASSED] - Keys '*' sent to object: 'Object Repository/ADMIN/Edit Text/Bespoke/Seller Pages/Add_Edit Item/input_eg Red_place_option'

2020-03-20 10:31:41 - [TEST_STEP][PASSED] - sendKeys(findTestObject("ADMIN/Edit Text/Bespoke/Seller Pages/Add_Edit Item/input_Color_place_colour"), "*"): Keys '*' sent to object: 'Object Repository/ADMIN/Edit Text/Bespoke/Seller Pages/Add_Edit Item/input_Color_place_colour'

2020-03-20 10:31:41 - [MESSAGE][PASSED] - Keys '*' sent to object: 'Object Repository/ADMIN/Edit Text/Bespoke/Seller Pages/Add_Edit Item/input_Color_place_colour'

2020-03-20 10:31:41 - [TEST_STEP][PASSED] - sendKeys(findTestObject("ADMIN/Edit Text/Bespoke/Seller Pages/Add_Edit Item/input_Red_place_option"), "*"): Keys '*' sent to object: 'Object Repository/ADMIN/Edit Text/Bespoke/Seller Pages/Add_Edit Item/input_Red_place_option'

2020-03-20 10:31:41 - [MESSAGE][PASSED] - Keys '*' sent to object: 'Object Repository/ADMIN/Edit Text/Bespoke/Seller Pages/Add_Edit Item/input_Red_place_option'

2020-03-20 10:31:41 - [TEST_STEP][PASSED] - sendKeys(findTestObject("ADMIN/Edit Text/Bespoke/Seller Pages/Add_Edit Item/input_Image_tbl_lbe_img"), "*"): Keys '*' sent to object: 'Object Repository/ADMIN/Edit Text/Bespoke/Seller Pages/Add_Edit Item/input_Image_tbl_lbe_img'

2020-03-20 10:31:41 - [MESSAGE][PASSED] - Keys '*' sent to object: 'Object Repository/ADMIN/Edit Text/Bespoke/Seller Pages/Add_Edit Item/input_Image_tbl_lbe_img'

2020-03-20 10:31:41 - [TEST_STEP][PASSED] - sendKeys(findTestObject("ADMIN/Edit Text/Bespoke/Seller Pages/Add_Edit Item/input_Same Image_tbl_lbe_same_img"), "*"): Keys '*' sent to object: 'Object Repository/ADMIN/Edit Text/Bespoke/Seller Pages/Add_Edit Item/input_Same Image_tbl_lbe_same_img'

2020-03-20 10:31:41 - [MESSAGE][PASSED] - Keys '*' sent to object: 'Object Repository/ADMIN/Edit Text/Bespoke/Seller Pages/Add_Edit Item/input_Same Image_tbl_lbe_same_img'

2020-03-20 10:31:41 - [TEST_STEP][PASSED] - sendKeys(findTestObject("ADMIN/Edit Text/Bespoke/Seller Pages/Add_Edit Item/input_Surcharge_tbl_lbe_surcharge"), "*"): Keys '*' sent to object: 'Object Repository/ADMIN/Edit Text/Bespoke/Seller Pages/Add_Edit Item/input_Surcharge_tbl_lbe_surcharge'

2020-03-20 10:31:42 - [MESSAGE][PASSED] - Keys '*' sent to object: 'Object Repository/ADMIN/Edit Text/Bespoke/Seller Pages/Add_Edit Item/input_Surcharge_tbl_lbe_surcharge'

2020-03-20 10:31:42 - [TEST_STEP][PASSED] - sendKeys(findTestObject("ADMIN/Edit Text/Bespoke/Seller Pages/Add_Edit Item/input_Total Price_tbl_lbe_price"), "*"): Keys '*' sent to object: 'Object Repository/ADMIN/Edit Text/Bespoke/Seller Pages/Add_Edit Item/input_Total Price_tbl_lbe_price'

2020-03-20 10:31:42 - [MESSAGE][PASSED] - Keys '*' sent to object: 'Object Repository/ADMIN/Edit Text/Bespoke/Seller Pages/Add_Edit Item/input_Total Price_tbl_lbe_price'

2020-03-20 10:31:42 - [TEST_STEP][PASSED] - sendKeys(findTestObject("ADMIN/Edit Text/Bespoke/Seller Pages/Add_Edit Item/input_Stock_tbl_lbe_stock"), "*"): Keys '*' sent to object: 'Object Repository/ADMIN/Edit Text/Bespoke/Seller Pages/Add_Edit Item/input_Stock_tbl_lbe_stock'

2020-03-20 10:31:42 - [MESSAGE][PASSED] - Keys '*' sent to object: 'Object Repository/ADMIN/Edit Text/Bespoke/Seller Pages/Add_Edit Item/input_Stock_tbl_lbe_stock'

2020-03-20 10:31:42 - [TEST_STEP][PASSED] - sendKeys(findTestObject("ADMIN/Edit Text/Bespoke/Seller Pages/Add_Edit Item/input_Unlimited_tbl_lbe_unlimited"), "*"): Keys '*' sent to object: 'Object Repository/ADMIN/Edit Text/Bespoke/Seller Pages/Add_Edit Item/input_Unlimited_tbl_lbe_unlimited'

2020-03-20 10:31:42 - [MESSAGE][PASSED] - Keys '*' sent to object: 'Object Repository/ADMIN/Edit Text/Bespoke/Seller Pages/Add_Edit Item/input_Unlimited_tbl_lbe_unlimited'

2020-03-20 10:31:42 - [TEST_STEP][PASSED] - sendKeys(findTestObject("ADMIN/Edit Text/Bespoke/Seller Pages/Add_Edit Item/input_DELIVERY OPTIONS_delivery_options"), "*"): Keys '*' sent to object: 'Object Repository/ADMIN/Edit Text/Bespoke/Seller Pages/Add_Edit Item/input_DELIVERY OPTIONS_delivery_options'

2020-03-20 10:31:42 - [MESSAGE][PASSED] - Keys '*' sent to object: 'Object Repository/ADMIN/Edit Text/Bespoke/Seller Pages/Add_Edit Item/input_DELIVERY OPTIONS_delivery_options'

2020-03-20 10:31:42 - [TEST_STEP][PASSED] - sendKeys(findTestObject("ADMIN/Edit Text/Bespoke/Seller Pages/Add_Edit Item/input_DELIVERY OPTIONS_delivery-txt2"), "*"): Keys '*' sent to object: 'Object Repository/ADMIN/Edit Text/Bespoke/Seller Pages/Add_Edit Item/input_DELIVERY OPTIONS_delivery-txt2'

2020-03-20 10:31:42 - [MESSAGE][PASSED] - Keys '*' sent to object: 'Object Repository/ADMIN/Edit Text/Bespoke/Seller Pages/Add_Edit Item/input_DELIVERY OPTIONS_delivery-txt2'

2020-03-20 10:31:42 - [TEST_STEP][PASSED] - sendKeys(findTestObject("ADMIN/Edit Text/Bespoke/Seller Pages/Add_Edit Item/input_Offer reduced shipping costs to buyers when they buy more than one item from you_delivery-txt2"), "*"): Keys '*' sent to object: 'Object Repository/ADMIN/Edit Text/Bespoke/Seller Pages/Add_Edit Item/input_Offer reduced shipping costs to buyers when they buy more than one item from you_delivery-txt2'

2020-03-20 10:31:42 - [MESSAGE][PASSED] - Keys '*' sent to object: 'Object Repository/ADMIN/Edit Text/Bespoke/Seller Pages/Add_Edit Item/input_Offer reduced shipping costs to buyers when they buy more than one item from you_delivery-txt2'

2020-03-20 10:31:42 - [TEST_STEP][PASSED] - sendKeys(findTestObject("ADMIN/Edit Text/Bespoke/Seller Pages/Add_Edit Item/input_total delivery"), "*"): Keys '*' sent to object: 'Object Repository/ADMIN/Edit Text/Bespoke/Seller Pages/Add_Edit Item/input_total delivery'

2020-03-20 10:31:43 - [MESSAGE][PASSED] - Keys '*' sent to object: 'Object Repository/ADMIN/Edit Text/Bespoke/Seller Pages/Add_Edit Item/input_total delivery'

2020-03-20 10:31:43 - [TEST_STEP][PASSED] - sendKeys(findTestObject("ADMIN/Edit Text/Bespoke/Seller Pages/Add_Edit Item/input_DELIVERY SERVICE_delivery_service"), "*"): Keys '*' sent to object: 'Object Repository/ADMIN/Edit Text/Bespoke/Seller Pages/Add_Edit Item/input_DELIVERY SERVICE_delivery_service'

2020-03-20 10:31:43 - [MESSAGE][PASSED] - Keys '*' sent to object: 'Object Repository/ADMIN/Edit Text/Bespoke/Seller Pages/Add_Edit Item/input_DELIVERY SERVICE_delivery_service'

2020-03-20 10:31:43 - [TEST_STEP][PASSED] - sendKeys(findTestObject("ADMIN/Edit Text/Bespoke/Seller Pages/Add_Edit Item/input_SINGLE ITEM DELIVERY (A)_delivery_surchrge"), "*"): Keys '*' sent to object: 'Object Repository/ADMIN/Edit Text/Bespoke/Seller Pages/Add_Edit Item/input_SINGLE ITEM DELIVERY (A)_delivery_surchrge'

2020-03-20 10:31:43 - [MESSAGE][PASSED] - Keys '*' sent to object: 'Object Repository/ADMIN/Edit Text/Bespoke/Seller Pages/Add_Edit Item/input_SINGLE ITEM DELIVERY (A)_delivery_surchrge'

2020-03-20 10:31:43 - [TEST_STEP][PASSED] - sendKeys(findTestObject("ADMIN/Edit Text/Bespoke/Seller Pages/Add_Edit Item/input_SINGLE ITEM (A)_additional_item"), "*"): Keys '*' sent to object: 'Object Repository/ADMIN/Edit Text/Bespoke/Seller Pages/Add_Edit Item/input_SINGLE ITEM (A)_additional_item'

2020-03-20 10:31:43 - [MESSAGE][PASSED] - Keys '*' sent to object: 'Object Repository/ADMIN/Edit Text/Bespoke/Seller Pages/Add_Edit Item/input_SINGLE ITEM (A)_additional_item'

2020-03-20 10:31:43 - [TEST_STEP][PASSED] - sendKeys(findTestObject("ADMIN/Edit Text/Bespoke/Seller Pages/Add_Edit Item/input_WITH OTHER ITEM (B)_additional_item"), "*"): Keys '*' sent to object: 'Object Repository/ADMIN/Edit Text/Bespoke/Seller Pages/Add_Edit Item/input_WITH OTHER ITEM (B)_additional_item'

2020-03-20 10:31:43 - [MESSAGE][PASSED] - Keys '*' sent to object: 'Object Repository/ADMIN/Edit Text/Bespoke/Seller Pages/Add_Edit Item/input_WITH OTHER ITEM (B)_additional_item'

2020-03-20 10:31:43 - [TEST_STEP][PASSED] - sendKeys(findTestObject("ADMIN/Edit Text/Bespoke/Seller Pages/Add_Edit Item/input_ADD NEW_btn_add_new"), "*"): Keys '*' sent to object: 'Object Repository/ADMIN/Edit Text/Bespoke/Seller Pages/Add_Edit Item/input_ADD NEW_btn_add_new'

2020-03-20 10:31:44 - [MESSAGE][PASSED] - Keys '*' sent to object: 'Object Repository/ADMIN/Edit Text/Bespoke/Seller Pages/Add_Edit Item/input_ADD NEW_btn_add_new'

2020-03-20 10:31:44 - [TEST_STEP][PASSED] - sendKeys(findTestObject("ADMIN/Edit Text/Bespoke/Seller Pages/Add_Edit Item/input_PICK-UP LOCATION_location_service"), "*"): Keys '*' sent to object: 'Object Repository/ADMIN/Edit Text/Bespoke/Seller Pages/Add_Edit Item/input_PICK-UP LOCATION_location_service'

2020-03-20 10:31:44 - [MESSAGE][PASSED] - Keys '*' sent to object: 'Object Repository/ADMIN/Edit Text/Bespoke/Seller Pages/Add_Edit Item/input_PICK-UP LOCATION_location_service'

2020-03-20 10:31:44 - [TEST_STEP][PASSED] - sendKeys(findTestObject("ADMIN/Edit Text/Bespoke/Seller Pages/Add_Edit Item/textarea_Please provide the address where the item may be collected by the buyer(You must select at least one delivery option or pickup location)"), "*"): Keys '*' sent to object: 'Object Repository/ADMIN/Edit Text/Bespoke/Seller Pages/Add_Edit Item/textarea_Please provide the address where the item may be collected by the buyer(You must select at least one delivery option or pickup location)'

2020-03-20 10:31:44 - [MESSAGE][PASSED] - Keys '*' sent to object: 'Object Repository/ADMIN/Edit Text/Bespoke/Seller Pages/Add_Edit Item/textarea_Please provide the address where the item may be collected by the buyer(You must select at least one delivery option or pickup location)'

2020-03-20 10:31:44 - [TEST_STEP][PASSED] - sendKeys(findTestObject("ADMIN/Edit Text/Bespoke/Seller Pages/Add_Edit Item/input_PICKUP LOCATION ADDRESS_location_address"), "*"): Keys '*' sent to object: 'Object Repository/ADMIN/Edit Text/Bespoke/Seller Pages/Add_Edit Item/input_PICKUP LOCATION ADDRESS_location_address'

2020-03-20 10:31:44 - [MESSAGE][PASSED] - Keys '*' sent to object: 'Object Repository/ADMIN/Edit Text/Bespoke/Seller Pages/Add_Edit Item/input_PICKUP LOCATION ADDRESS_location_address'

2020-03-20 10:31:44 - [TEST_STEP][PASSED] - sendKeys(findTestObject("ADMIN/Edit Text/Bespoke/Seller Pages/Add_Edit Item/input_add new 2"), "*"): Keys '*' sent to object: 'Object Repository/ADMIN/Edit Text/Bespoke/Seller Pages/Add_Edit Item/input_add new 2'

2020-03-20 10:31:44 - [MESSAGE][PASSED] - Keys '*' sent to object: 'Object Repository/ADMIN/Edit Text/Bespoke/Seller Pages/Add_Edit Item/input_add new 2'

2020-03-20 10:31:44 - [TEST_STEP][PASSED] - sendKeys(findTestObject("ADMIN/Edit Text/Bespoke/Seller Pages/Add_Edit Item/input_SAVE_btn_save"), "*"): Keys '*' sent to object: 'Object Repository/ADMIN/Edit Text/Bespoke/Seller Pages/Add_Edit Item/input_SAVE_btn_save'

2020-03-20 10:31:44 - [MESSAGE][PASSED] - Keys '*' sent to object: 'Object Repository/ADMIN/Edit Text/Bespoke/Seller Pages/Add_Edit Item/input_SAVE_btn_save'

2020-03-20 10:31:44 - [TEST_STEP][PASSED] - sendKeys(findTestObject("ADMIN/Edit Text/Bespoke/Seller Pages/Add_Edit Item/input_Item Saved_popup-title"), "*"): Keys '*' sent to object: 'Object Repository/ADMIN/Edit Text/Bespoke/Seller Pages/Add_Edit Item/input_Item Saved_popup-title'

2020-03-20 10:31:45 - [MESSAGE][PASSED] - Keys '*' sent to object: 'Object Repository/ADMIN/Edit Text/Bespoke/Seller Pages/Add_Edit Item/input_Item Saved_popup-title'

2020-03-20 10:31:45 - [TEST_STEP][PASSED] - sendKeys(findTestObject("ADMIN/Edit Text/Bespoke/Seller Pages/Add_Edit Item/input_This item has been saved in_popup-title2"), "*"): Keys '*' sent to object: 'Object Repository/ADMIN/Edit Text/Bespoke/Seller Pages/Add_Edit Item/input_This item has been saved in_popup-title2'

2020-03-20 10:31:45 - [MESSAGE][PASSED] - Keys '*' sent to object: 'Object Repository/ADMIN/Edit Text/Bespoke/Seller Pages/Add_Edit Item/input_This item has been saved in_popup-title2'

2020-03-20 10:31:45 - [TEST_STEP][PASSED] - sendKeys(findTestObject("ADMIN/Edit Text/Bespoke/Seller Pages/Add_Edit Item/input_The default language of the buyer pages is_popup-title2"), "*"): Keys '*' sent to object: 'Object Repository/ADMIN/Edit Text/Bespoke/Seller Pages/Add_Edit Item/input_The default language of the buyer pages is_popup-title2'

2020-03-20 10:31:45 - [MESSAGE][PASSED] - Keys '*' sent to object: 'Object Repository/ADMIN/Edit Text/Bespoke/Seller Pages/Add_Edit Item/input_The default language of the buyer pages is_popup-title2'

2020-03-20 10:31:45 - [TEST_STEP][PASSED] - sendKeys(findTestObject("ADMIN/Edit Text/Bespoke/Seller Pages/Add_Edit Item/input_We recommend you at least add a translation in that language_popup-title2"), "*"): Keys '*' sent to object: 'Object Repository/ADMIN/Edit Text/Bespoke/Seller Pages/Add_Edit Item/input_We recommend you at least add a translation in that language_popup-title2'

2020-03-20 10:31:45 - [MESSAGE][PASSED] - Keys '*' sent to object: 'Object Repository/ADMIN/Edit Text/Bespoke/Seller Pages/Add_Edit Item/input_We recommend you at least add a translation in that language_popup-title2'

2020-03-20 10:31:45 - [TEST_STEP][PASSED] - sendKeys(findTestObject("ADMIN/Edit Text/Bespoke/Seller Pages/Add_Edit Item/input_concat(I  ll do it later)_btn_okay"), "*"): Keys '*' sent to object: 'Object Repository/ADMIN/Edit Text/Bespoke/Seller Pages/Add_Edit Item/input_concat(I  ll do it later)_btn_okay'

2020-03-20 10:31:45 - [MESSAGE][PASSED] - Keys '*' sent to object: 'Object Repository/ADMIN/Edit Text/Bespoke/Seller Pages/Add_Edit Item/input_concat(I  ll do it later)_btn_okay'

2020-03-20 10:31:45 - [TEST_STEP][PASSED] - sendKeys(findTestObject("ADMIN/Edit Text/Bespoke/Seller Pages/Add_Edit Item/input_Add Translations_btn_okay"), "*"): Keys '*' sent to object: 'Object Repository/ADMIN/Edit Text/Bespoke/Seller Pages/Add_Edit Item/input_Add Translations_btn_okay'

2020-03-20 10:31:45 - [MESSAGE][PASSED] - Keys '*' sent to object: 'Object Repository/ADMIN/Edit Text/Bespoke/Seller Pages/Add_Edit Item/input_Add Translations_btn_okay'

2020-03-20 10:31:45 - [TEST_STEP][PASSED] - sendKeys(findTestObject("ADMIN/Edit Text/Bespoke/Seller Pages/Add_Edit Item/input_Edit Translations_btn_okay"), "*"): Keys '*' sent to object: 'Object Repository/ADMIN/Edit Text/Bespoke/Seller Pages/Add_Edit Item/input_Edit Translations_btn_okay'

2020-03-20 10:31:46 - [MESSAGE][PASSED] - Keys '*' sent to object: 'Object Repository/ADMIN/Edit Text/Bespoke/Seller Pages/Add_Edit Item/input_Edit Translations_btn_okay'

2020-03-20 10:31:46 - [TEST_STEP][PASSED] - click(findTestObject("ADMIN/Edit Text/Bespoke/Buyer Pages/Homepage/button_save"), CONTINUE_ON_FAILURE): Object: 'Object Repository/ADMIN/Edit Text/Bespoke/Buyer Pages/Homepage/button_save' is clicked on

2020-03-20 10:31:46 - [MESSAGE][PASSED] - Object: 'Object Repository/ADMIN/Edit Text/Bespoke/Buyer Pages/Homepage/button_save' is clicked on

2020-03-20 10:31:46 - [TEST_STEP][PASSED] - waitForElementVisible(findTestObject("ADMIN/Edit Text/Bespoke/Buyer Pages/Homepage/toaster_success"), 0): Object 'Object Repository/ADMIN/Edit Text/Bespoke/Buyer Pages/Homepage/toaster_success' is visible

2020-03-20 10:31:46 - [MESSAGE][WARNING] - Timeout '0' is invalid. Using default page load timeout: '30'

2020-03-20 10:31:47 - [MESSAGE][PASSED] - Object 'Object Repository/ADMIN/Edit Text/Bespoke/Buyer Pages/Homepage/toaster_success' is visible]]></system-out>
         <system-err><![CDATA[]]></system-err>
      </testcase>
      <testcase name="Test Cases/ADMIN/Language/Edit Text/Bespoke/Seller/Add_Edit Item" time="13.088" classname="Test Cases/ADMIN/Language/Edit Text/Bespoke/Seller/Add_Edit Item" status="PASSED">
         <system-out><![CDATA[2020-03-20 10:31:47 - [TEST_CASE][PASSED] - Test Cases/ADMIN/Language/Edit Text/Bespoke/Seller/Add_Edit Item: Test Cases/ADMIN/Language/Edit Text/Bespoke/Seller/Add_Edit Item

2020-03-20 10:31:47 - [TEST_STEP][PASSED] - waitForElementVisible(findTestObject("ADMIN/Edit Text/Bespoke/Buyer Navigation/dd_language"), 0): Object 'Object Repository/ADMIN/Edit Text/Bespoke/Buyer Navigation/dd_language' is visible

2020-03-20 10:31:47 - [MESSAGE][WARNING] - Timeout '0' is invalid. Using default page load timeout: '30'

2020-03-20 10:31:47 - [MESSAGE][PASSED] - Object 'Object Repository/ADMIN/Edit Text/Bespoke/Buyer Navigation/dd_language' is visible

2020-03-20 10:31:47 - [TEST_STEP][PASSED] - selectOptionByLabel(findTestObject("ADMIN/Edit Text/Bespoke/Buyer Navigation/dd_language"), varLanguage, false): All options with label 'German' are selected in object 'Object Repository/ADMIN/Edit Text/Bespoke/Buyer Navigation/dd_language' 

2020-03-20 10:31:49 - [MESSAGE][PASSED] - All options with label 'German' are selected in object 'Object Repository/ADMIN/Edit Text/Bespoke/Buyer Navigation/dd_language' 

2020-03-20 10:31:49 - [TEST_STEP][PASSED] - sendKeys(findTestObject("ADMIN/Edit Text/Bespoke/Seller Pages/Add_Edit Item/input_YOUR ITEMS_item_name"), "*"): Keys '*' sent to object: 'Object Repository/ADMIN/Edit Text/Bespoke/Seller Pages/Add_Edit Item/input_YOUR ITEMS_item_name'

2020-03-20 10:31:50 - [MESSAGE][PASSED] - Keys '*' sent to object: 'Object Repository/ADMIN/Edit Text/Bespoke/Seller Pages/Add_Edit Item/input_YOUR ITEMS_item_name'

2020-03-20 10:31:50 - [TEST_STEP][PASSED] - sendKeys(findTestObject("ADMIN/Edit Text/Bespoke/Seller Pages/Add_Edit Item/input_Fill in your item details here_item_details"), "*"): Keys '*' sent to object: 'Object Repository/ADMIN/Edit Text/Bespoke/Seller Pages/Add_Edit Item/input_Fill in your item details here_item_details'

2020-03-20 10:31:50 - [MESSAGE][PASSED] - Keys '*' sent to object: 'Object Repository/ADMIN/Edit Text/Bespoke/Seller Pages/Add_Edit Item/input_Fill in your item details here_item_details'

2020-03-20 10:31:50 - [TEST_STEP][PASSED] - sendKeys(findTestObject("ADMIN/Edit Text/Bespoke/Seller Pages/Add_Edit Item/input_Category_category"), "*"): Keys '*' sent to object: 'Object Repository/ADMIN/Edit Text/Bespoke/Seller Pages/Add_Edit Item/input_Category_category'

2020-03-20 10:31:50 - [MESSAGE][PASSED] - Keys '*' sent to object: 'Object Repository/ADMIN/Edit Text/Bespoke/Seller Pages/Add_Edit Item/input_Category_category'

2020-03-20 10:31:50 - [TEST_STEP][PASSED] - sendKeys(findTestObject("ADMIN/Edit Text/Bespoke/Seller Pages/Add_Edit Item/input_Select a Category_category"), "*"): Keys '*' sent to object: 'Object Repository/ADMIN/Edit Text/Bespoke/Seller Pages/Add_Edit Item/input_Select a Category_category'

2020-03-20 10:31:50 - [MESSAGE][PASSED] - Keys '*' sent to object: 'Object Repository/ADMIN/Edit Text/Bespoke/Seller Pages/Add_Edit Item/input_Select a Category_category'

2020-03-20 10:31:50 - [TEST_STEP][PASSED] - sendKeys(findTestObject("ADMIN/Edit Text/Bespoke/Seller Pages/Add_Edit Item/input_Item Name_item_name"), "*"): Keys '*' sent to object: 'Object Repository/ADMIN/Edit Text/Bespoke/Seller Pages/Add_Edit Item/input_Item Name_item_name'

2020-03-20 10:31:50 - [MESSAGE][PASSED] - Keys '*' sent to object: 'Object Repository/ADMIN/Edit Text/Bespoke/Seller Pages/Add_Edit Item/input_Item Name_item_name'

2020-03-20 10:31:50 - [TEST_STEP][PASSED] - sendKeys(findTestObject("ADMIN/Edit Text/Bespoke/Seller Pages/Add_Edit Item/input_Price_price"), "*"): Keys '*' sent to object: 'Object Repository/ADMIN/Edit Text/Bespoke/Seller Pages/Add_Edit Item/input_Price_price'

2020-03-20 10:31:50 - [MESSAGE][PASSED] - Keys '*' sent to object: 'Object Repository/ADMIN/Edit Text/Bespoke/Seller Pages/Add_Edit Item/input_Price_price'

2020-03-20 10:31:50 - [TEST_STEP][PASSED] - sendKeys(findTestObject("ADMIN/Edit Text/Bespoke/Seller Pages/Add_Edit Item/input_SELECT ALL_category"), "*"): Keys '*' sent to object: 'Object Repository/ADMIN/Edit Text/Bespoke/Seller Pages/Add_Edit Item/input_SELECT ALL_category'

2020-03-20 10:31:51 - [MESSAGE][PASSED] - Keys '*' sent to object: 'Object Repository/ADMIN/Edit Text/Bespoke/Seller Pages/Add_Edit Item/input_SELECT ALL_category'

2020-03-20 10:31:51 - [TEST_STEP][PASSED] - sendKeys(findTestObject("ADMIN/Edit Text/Bespoke/Seller Pages/Add_Edit Item/input_SELECT NONE_category"), "*"): Keys '*' sent to object: 'Object Repository/ADMIN/Edit Text/Bespoke/Seller Pages/Add_Edit Item/input_SELECT NONE_category'

2020-03-20 10:31:51 - [MESSAGE][PASSED] - Keys '*' sent to object: 'Object Repository/ADMIN/Edit Text/Bespoke/Seller Pages/Add_Edit Item/input_SELECT NONE_category'

2020-03-20 10:31:51 - [TEST_STEP][PASSED] - sendKeys(findTestObject("ADMIN/Edit Text/Bespoke/Seller Pages/Add_Edit Item/input_Item Description_item_description"), "*"): Keys '*' sent to object: 'Object Repository/ADMIN/Edit Text/Bespoke/Seller Pages/Add_Edit Item/input_Item Description_item_description'

2020-03-20 10:31:51 - [MESSAGE][PASSED] - Keys '*' sent to object: 'Object Repository/ADMIN/Edit Text/Bespoke/Seller Pages/Add_Edit Item/input_Item Description_item_description'

2020-03-20 10:31:51 - [TEST_STEP][PASSED] - sendKeys(findTestObject("ADMIN/Edit Text/Bespoke/Seller Pages/Add_Edit Item/input_ITEM COVER IMAGE_item_cover_image"), "*"): Keys '*' sent to object: 'Object Repository/ADMIN/Edit Text/Bespoke/Seller Pages/Add_Edit Item/input_ITEM COVER IMAGE_item_cover_image'

2020-03-20 10:31:51 - [MESSAGE][PASSED] - Keys '*' sent to object: 'Object Repository/ADMIN/Edit Text/Bespoke/Seller Pages/Add_Edit Item/input_ITEM COVER IMAGE_item_cover_image'

2020-03-20 10:31:51 - [TEST_STEP][PASSED] - sendKeys(findTestObject("ADMIN/Edit Text/Bespoke/Seller Pages/Add_Edit Item/input_ITEM COVER IMAGE_item_cover_details"), "*"): Keys '*' sent to object: 'Object Repository/ADMIN/Edit Text/Bespoke/Seller Pages/Add_Edit Item/input_ITEM COVER IMAGE_item_cover_details'

2020-03-20 10:31:51 - [MESSAGE][PASSED] - Keys '*' sent to object: 'Object Repository/ADMIN/Edit Text/Bespoke/Seller Pages/Add_Edit Item/input_ITEM COVER IMAGE_item_cover_details'

2020-03-20 10:31:51 - [TEST_STEP][PASSED] - sendKeys(findTestObject("ADMIN/Edit Text/Bespoke/Seller Pages/Add_Edit Item/input_BROWSE_browse_btn"), "*"): Keys '*' sent to object: 'Object Repository/ADMIN/Edit Text/Bespoke/Seller Pages/Add_Edit Item/input_BROWSE_browse_btn'

2020-03-20 10:31:51 - [MESSAGE][PASSED] - Keys '*' sent to object: 'Object Repository/ADMIN/Edit Text/Bespoke/Seller Pages/Add_Edit Item/input_BROWSE_browse_btn'

2020-03-20 10:31:51 - [TEST_STEP][PASSED] - sendKeys(findTestObject("ADMIN/Edit Text/Bespoke/Seller Pages/Add_Edit Item/input_Quantity_quantity"), "*"): Keys '*' sent to object: 'Object Repository/ADMIN/Edit Text/Bespoke/Seller Pages/Add_Edit Item/input_Quantity_quantity'

2020-03-20 10:31:51 - [MESSAGE][PASSED] - Keys '*' sent to object: 'Object Repository/ADMIN/Edit Text/Bespoke/Seller Pages/Add_Edit Item/input_Quantity_quantity'

2020-03-20 10:31:51 - [TEST_STEP][PASSED] - sendKeys(findTestObject("ADMIN/Edit Text/Bespoke/Seller Pages/Add_Edit Item/input_Unlimited Stock_unlimited_stock"), "*"): Keys '*' sent to object: 'Object Repository/ADMIN/Edit Text/Bespoke/Seller Pages/Add_Edit Item/input_Unlimited Stock_unlimited_stock'

2020-03-20 10:31:52 - [MESSAGE][PASSED] - Keys '*' sent to object: 'Object Repository/ADMIN/Edit Text/Bespoke/Seller Pages/Add_Edit Item/input_Unlimited Stock_unlimited_stock'

2020-03-20 10:31:52 - [TEST_STEP][PASSED] - sendKeys(findTestObject("ADMIN/Edit Text/Bespoke/Seller Pages/Add_Edit Item/input_YES_yes-txt"), "*"): Keys '*' sent to object: 'Object Repository/ADMIN/Edit Text/Bespoke/Seller Pages/Add_Edit Item/input_YES_yes-txt'

2020-03-20 10:31:52 - [MESSAGE][PASSED] - Keys '*' sent to object: 'Object Repository/ADMIN/Edit Text/Bespoke/Seller Pages/Add_Edit Item/input_YES_yes-txt'

2020-03-20 10:31:52 - [TEST_STEP][PASSED] - sendKeys(findTestObject("ADMIN/Edit Text/Bespoke/Seller Pages/Add_Edit Item/input_NO_no-txt"), "*"): Keys '*' sent to object: 'Object Repository/ADMIN/Edit Text/Bespoke/Seller Pages/Add_Edit Item/input_NO_no-txt'

2020-03-20 10:31:52 - [MESSAGE][PASSED] - Keys '*' sent to object: 'Object Repository/ADMIN/Edit Text/Bespoke/Seller Pages/Add_Edit Item/input_NO_no-txt'

2020-03-20 10:31:52 - [TEST_STEP][PASSED] - sendKeys(findTestObject("ADMIN/Edit Text/Bespoke/Seller Pages/Add_Edit Item/input_Variants_variants"), "*"): Keys '*' sent to object: 'Object Repository/ADMIN/Edit Text/Bespoke/Seller Pages/Add_Edit Item/input_Variants_variants'

2020-03-20 10:31:52 - [MESSAGE][PASSED] - Keys '*' sent to object: 'Object Repository/ADMIN/Edit Text/Bespoke/Seller Pages/Add_Edit Item/input_Variants_variants'

2020-03-20 10:31:52 - [TEST_STEP][PASSED] - sendKeys(findTestObject("ADMIN/Edit Text/Bespoke/Seller Pages/Add_Edit Item/input_Variant(s)_variant_s"), "*"): Keys '*' sent to object: 'Object Repository/ADMIN/Edit Text/Bespoke/Seller Pages/Add_Edit Item/input_Variant(s)_variant_s'

2020-03-20 10:31:52 - [MESSAGE][PASSED] - Keys '*' sent to object: 'Object Repository/ADMIN/Edit Text/Bespoke/Seller Pages/Add_Edit Item/input_Variant(s)_variant_s'

2020-03-20 10:31:52 - [TEST_STEP][PASSED] - sendKeys(findTestObject("ADMIN/Edit Text/Bespoke/Seller Pages/Add_Edit Item/input_Add up to 3 different available options for the item eg  Colour Size and Material_item_addUpto3Variants"), "*"): Keys '*' sent to object: 'Object Repository/ADMIN/Edit Text/Bespoke/Seller Pages/Add_Edit Item/input_Add up to 3 different available options for the item eg  Colour Size and Material_item_addUpto3Variants'

2020-03-20 10:31:52 - [MESSAGE][PASSED] - Keys '*' sent to object: 'Object Repository/ADMIN/Edit Text/Bespoke/Seller Pages/Add_Edit Item/input_Add up to 3 different available options for the item eg  Colour Size and Material_item_addUpto3Variants'

2020-03-20 10:31:52 - [TEST_STEP][PASSED] - sendKeys(findTestObject("ADMIN/Edit Text/Bespoke/Seller Pages/Add_Edit Item/input_Change_variants-change"), "*"): Keys '*' sent to object: 'Object Repository/ADMIN/Edit Text/Bespoke/Seller Pages/Add_Edit Item/input_Change_variants-change'

2020-03-20 10:31:53 - [MESSAGE][PASSED] - Keys '*' sent to object: 'Object Repository/ADMIN/Edit Text/Bespoke/Seller Pages/Add_Edit Item/input_Change_variants-change'

2020-03-20 10:31:53 - [TEST_STEP][PASSED] - sendKeys(findTestObject("ADMIN/Edit Text/Bespoke/Seller Pages/Add_Edit Item/input_Okay_variants-change"), "*"): Keys '*' sent to object: 'Object Repository/ADMIN/Edit Text/Bespoke/Seller Pages/Add_Edit Item/input_Okay_variants-change'

2020-03-20 10:31:53 - [MESSAGE][PASSED] - Keys '*' sent to object: 'Object Repository/ADMIN/Edit Text/Bespoke/Seller Pages/Add_Edit Item/input_Okay_variants-change'

2020-03-20 10:31:53 - [TEST_STEP][PASSED] - sendKeys(findTestObject("ADMIN/Edit Text/Bespoke/Seller Pages/Add_Edit Item/input_Cancel_variants-change"), "*"): Keys '*' sent to object: 'Object Repository/ADMIN/Edit Text/Bespoke/Seller Pages/Add_Edit Item/input_Cancel_variants-change'

2020-03-20 10:31:53 - [MESSAGE][PASSED] - Keys '*' sent to object: 'Object Repository/ADMIN/Edit Text/Bespoke/Seller Pages/Add_Edit Item/input_Cancel_variants-change'

2020-03-20 10:31:53 - [TEST_STEP][PASSED] - sendKeys(findTestObject("ADMIN/Edit Text/Bespoke/Seller Pages/Add_Edit Item/input_Add Variants_variants_btn"), "*"): Keys '*' sent to object: 'Object Repository/ADMIN/Edit Text/Bespoke/Seller Pages/Add_Edit Item/input_Add Variants_variants_btn'

2020-03-20 10:31:53 - [MESSAGE][PASSED] - Keys '*' sent to object: 'Object Repository/ADMIN/Edit Text/Bespoke/Seller Pages/Add_Edit Item/input_Add Variants_variants_btn'

2020-03-20 10:31:53 - [TEST_STEP][PASSED] - sendKeys(findTestObject("ADMIN/Edit Text/Bespoke/Seller Pages/Add_Edit Item/input_VARIANTS OPTIONS_option_name"), "*"): Keys '*' sent to object: 'Object Repository/ADMIN/Edit Text/Bespoke/Seller Pages/Add_Edit Item/input_VARIANTS OPTIONS_option_name'

2020-03-20 10:31:53 - [MESSAGE][PASSED] - Keys '*' sent to object: 'Object Repository/ADMIN/Edit Text/Bespoke/Seller Pages/Add_Edit Item/input_VARIANTS OPTIONS_option_name'

2020-03-20 10:31:53 - [TEST_STEP][PASSED] - sendKeys(findTestObject("ADMIN/Edit Text/Bespoke/Seller Pages/Add_Edit Item/input_VARIANTS CHOICES_option_choices"), "*"): Keys '*' sent to object: 'Object Repository/ADMIN/Edit Text/Bespoke/Seller Pages/Add_Edit Item/input_VARIANTS CHOICES_option_choices'

2020-03-20 10:31:53 - [MESSAGE][PASSED] - Keys '*' sent to object: 'Object Repository/ADMIN/Edit Text/Bespoke/Seller Pages/Add_Edit Item/input_VARIANTS CHOICES_option_choices'

2020-03-20 10:31:53 - [TEST_STEP][PASSED] - sendKeys(findTestObject("ADMIN/Edit Text/Bespoke/Seller Pages/Add_Edit Item/input_eg Colour_place_egcolour"), "*"): Keys '*' sent to object: 'Object Repository/ADMIN/Edit Text/Bespoke/Seller Pages/Add_Edit Item/input_eg Colour_place_egcolour'

2020-03-20 10:31:53 - [MESSAGE][PASSED] - Keys '*' sent to object: 'Object Repository/ADMIN/Edit Text/Bespoke/Seller Pages/Add_Edit Item/input_eg Colour_place_egcolour'

2020-03-20 10:31:53 - [TEST_STEP][PASSED] - sendKeys(findTestObject("ADMIN/Edit Text/Bespoke/Seller Pages/Add_Edit Item/input_eg Red_place_option"), "*"): Keys '*' sent to object: 'Object Repository/ADMIN/Edit Text/Bespoke/Seller Pages/Add_Edit Item/input_eg Red_place_option'

2020-03-20 10:31:54 - [MESSAGE][PASSED] - Keys '*' sent to object: 'Object Repository/ADMIN/Edit Text/Bespoke/Seller Pages/Add_Edit Item/input_eg Red_place_option'

2020-03-20 10:31:54 - [TEST_STEP][PASSED] - sendKeys(findTestObject("ADMIN/Edit Text/Bespoke/Seller Pages/Add_Edit Item/input_Color_place_colour"), "*"): Keys '*' sent to object: 'Object Repository/ADMIN/Edit Text/Bespoke/Seller Pages/Add_Edit Item/input_Color_place_colour'

2020-03-20 10:31:54 - [MESSAGE][PASSED] - Keys '*' sent to object: 'Object Repository/ADMIN/Edit Text/Bespoke/Seller Pages/Add_Edit Item/input_Color_place_colour'

2020-03-20 10:31:54 - [TEST_STEP][PASSED] - sendKeys(findTestObject("ADMIN/Edit Text/Bespoke/Seller Pages/Add_Edit Item/input_Red_place_option"), "*"): Keys '*' sent to object: 'Object Repository/ADMIN/Edit Text/Bespoke/Seller Pages/Add_Edit Item/input_Red_place_option'

2020-03-20 10:31:54 - [MESSAGE][PASSED] - Keys '*' sent to object: 'Object Repository/ADMIN/Edit Text/Bespoke/Seller Pages/Add_Edit Item/input_Red_place_option'

2020-03-20 10:31:54 - [TEST_STEP][PASSED] - sendKeys(findTestObject("ADMIN/Edit Text/Bespoke/Seller Pages/Add_Edit Item/input_Image_tbl_lbe_img"), "*"): Keys '*' sent to object: 'Object Repository/ADMIN/Edit Text/Bespoke/Seller Pages/Add_Edit Item/input_Image_tbl_lbe_img'

2020-03-20 10:31:54 - [MESSAGE][PASSED] - Keys '*' sent to object: 'Object Repository/ADMIN/Edit Text/Bespoke/Seller Pages/Add_Edit Item/input_Image_tbl_lbe_img'

2020-03-20 10:31:54 - [TEST_STEP][PASSED] - sendKeys(findTestObject("ADMIN/Edit Text/Bespoke/Seller Pages/Add_Edit Item/input_Same Image_tbl_lbe_same_img"), "*"): Keys '*' sent to object: 'Object Repository/ADMIN/Edit Text/Bespoke/Seller Pages/Add_Edit Item/input_Same Image_tbl_lbe_same_img'

2020-03-20 10:31:54 - [MESSAGE][PASSED] - Keys '*' sent to object: 'Object Repository/ADMIN/Edit Text/Bespoke/Seller Pages/Add_Edit Item/input_Same Image_tbl_lbe_same_img'

2020-03-20 10:31:54 - [TEST_STEP][PASSED] - sendKeys(findTestObject("ADMIN/Edit Text/Bespoke/Seller Pages/Add_Edit Item/input_Surcharge_tbl_lbe_surcharge"), "*"): Keys '*' sent to object: 'Object Repository/ADMIN/Edit Text/Bespoke/Seller Pages/Add_Edit Item/input_Surcharge_tbl_lbe_surcharge'

2020-03-20 10:31:55 - [MESSAGE][PASSED] - Keys '*' sent to object: 'Object Repository/ADMIN/Edit Text/Bespoke/Seller Pages/Add_Edit Item/input_Surcharge_tbl_lbe_surcharge'

2020-03-20 10:31:55 - [TEST_STEP][PASSED] - sendKeys(findTestObject("ADMIN/Edit Text/Bespoke/Seller Pages/Add_Edit Item/input_Total Price_tbl_lbe_price"), "*"): Keys '*' sent to object: 'Object Repository/ADMIN/Edit Text/Bespoke/Seller Pages/Add_Edit Item/input_Total Price_tbl_lbe_price'

2020-03-20 10:31:55 - [MESSAGE][PASSED] - Keys '*' sent to object: 'Object Repository/ADMIN/Edit Text/Bespoke/Seller Pages/Add_Edit Item/input_Total Price_tbl_lbe_price'

2020-03-20 10:31:55 - [TEST_STEP][PASSED] - sendKeys(findTestObject("ADMIN/Edit Text/Bespoke/Seller Pages/Add_Edit Item/input_Stock_tbl_lbe_stock"), "*"): Keys '*' sent to object: 'Object Repository/ADMIN/Edit Text/Bespoke/Seller Pages/Add_Edit Item/input_Stock_tbl_lbe_stock'

2020-03-20 10:31:55 - [MESSAGE][PASSED] - Keys '*' sent to object: 'Object Repository/ADMIN/Edit Text/Bespoke/Seller Pages/Add_Edit Item/input_Stock_tbl_lbe_stock'

2020-03-20 10:31:55 - [TEST_STEP][PASSED] - sendKeys(findTestObject("ADMIN/Edit Text/Bespoke/Seller Pages/Add_Edit Item/input_Unlimited_tbl_lbe_unlimited"), "*"): Keys '*' sent to object: 'Object Repository/ADMIN/Edit Text/Bespoke/Seller Pages/Add_Edit Item/input_Unlimited_tbl_lbe_unlimited'

2020-03-20 10:31:55 - [MESSAGE][PASSED] - Keys '*' sent to object: 'Object Repository/ADMIN/Edit Text/Bespoke/Seller Pages/Add_Edit Item/input_Unlimited_tbl_lbe_unlimited'

2020-03-20 10:31:55 - [TEST_STEP][PASSED] - sendKeys(findTestObject("ADMIN/Edit Text/Bespoke/Seller Pages/Add_Edit Item/input_DELIVERY OPTIONS_delivery_options"), "*"): Keys '*' sent to object: 'Object Repository/ADMIN/Edit Text/Bespoke/Seller Pages/Add_Edit Item/input_DELIVERY OPTIONS_delivery_options'

2020-03-20 10:31:55 - [MESSAGE][PASSED] - Keys '*' sent to object: 'Object Repository/ADMIN/Edit Text/Bespoke/Seller Pages/Add_Edit Item/input_DELIVERY OPTIONS_delivery_options'

2020-03-20 10:31:55 - [TEST_STEP][PASSED] - sendKeys(findTestObject("ADMIN/Edit Text/Bespoke/Seller Pages/Add_Edit Item/input_DELIVERY OPTIONS_delivery-txt2"), "*"): Keys '*' sent to object: 'Object Repository/ADMIN/Edit Text/Bespoke/Seller Pages/Add_Edit Item/input_DELIVERY OPTIONS_delivery-txt2'

2020-03-20 10:31:55 - [MESSAGE][PASSED] - Keys '*' sent to object: 'Object Repository/ADMIN/Edit Text/Bespoke/Seller Pages/Add_Edit Item/input_DELIVERY OPTIONS_delivery-txt2'

2020-03-20 10:31:55 - [TEST_STEP][PASSED] - sendKeys(findTestObject("ADMIN/Edit Text/Bespoke/Seller Pages/Add_Edit Item/input_Offer reduced shipping costs to buyers when they buy more than one item from you_delivery-txt2"), "*"): Keys '*' sent to object: 'Object Repository/ADMIN/Edit Text/Bespoke/Seller Pages/Add_Edit Item/input_Offer reduced shipping costs to buyers when they buy more than one item from you_delivery-txt2'

2020-03-20 10:31:55 - [MESSAGE][PASSED] - Keys '*' sent to object: 'Object Repository/ADMIN/Edit Text/Bespoke/Seller Pages/Add_Edit Item/input_Offer reduced shipping costs to buyers when they buy more than one item from you_delivery-txt2'

2020-03-20 10:31:55 - [TEST_STEP][PASSED] - sendKeys(findTestObject("ADMIN/Edit Text/Bespoke/Seller Pages/Add_Edit Item/input_total delivery"), "*"): Keys '*' sent to object: 'Object Repository/ADMIN/Edit Text/Bespoke/Seller Pages/Add_Edit Item/input_total delivery'

2020-03-20 10:31:55 - [MESSAGE][PASSED] - Keys '*' sent to object: 'Object Repository/ADMIN/Edit Text/Bespoke/Seller Pages/Add_Edit Item/input_total delivery'

2020-03-20 10:31:55 - [TEST_STEP][PASSED] - sendKeys(findTestObject("ADMIN/Edit Text/Bespoke/Seller Pages/Add_Edit Item/input_DELIVERY SERVICE_delivery_service"), "*"): Keys '*' sent to object: 'Object Repository/ADMIN/Edit Text/Bespoke/Seller Pages/Add_Edit Item/input_DELIVERY SERVICE_delivery_service'

2020-03-20 10:31:56 - [MESSAGE][PASSED] - Keys '*' sent to object: 'Object Repository/ADMIN/Edit Text/Bespoke/Seller Pages/Add_Edit Item/input_DELIVERY SERVICE_delivery_service'

2020-03-20 10:31:56 - [TEST_STEP][PASSED] - sendKeys(findTestObject("ADMIN/Edit Text/Bespoke/Seller Pages/Add_Edit Item/input_SINGLE ITEM DELIVERY (A)_delivery_surchrge"), "*"): Keys '*' sent to object: 'Object Repository/ADMIN/Edit Text/Bespoke/Seller Pages/Add_Edit Item/input_SINGLE ITEM DELIVERY (A)_delivery_surchrge'

2020-03-20 10:31:56 - [MESSAGE][PASSED] - Keys '*' sent to object: 'Object Repository/ADMIN/Edit Text/Bespoke/Seller Pages/Add_Edit Item/input_SINGLE ITEM DELIVERY (A)_delivery_surchrge'

2020-03-20 10:31:56 - [TEST_STEP][PASSED] - sendKeys(findTestObject("ADMIN/Edit Text/Bespoke/Seller Pages/Add_Edit Item/input_SINGLE ITEM (A)_additional_item"), "*"): Keys '*' sent to object: 'Object Repository/ADMIN/Edit Text/Bespoke/Seller Pages/Add_Edit Item/input_SINGLE ITEM (A)_additional_item'

2020-03-20 10:31:56 - [MESSAGE][PASSED] - Keys '*' sent to object: 'Object Repository/ADMIN/Edit Text/Bespoke/Seller Pages/Add_Edit Item/input_SINGLE ITEM (A)_additional_item'

2020-03-20 10:31:56 - [TEST_STEP][PASSED] - sendKeys(findTestObject("ADMIN/Edit Text/Bespoke/Seller Pages/Add_Edit Item/input_WITH OTHER ITEM (B)_additional_item"), "*"): Keys '*' sent to object: 'Object Repository/ADMIN/Edit Text/Bespoke/Seller Pages/Add_Edit Item/input_WITH OTHER ITEM (B)_additional_item'

2020-03-20 10:31:56 - [MESSAGE][PASSED] - Keys '*' sent to object: 'Object Repository/ADMIN/Edit Text/Bespoke/Seller Pages/Add_Edit Item/input_WITH OTHER ITEM (B)_additional_item'

2020-03-20 10:31:56 - [TEST_STEP][PASSED] - sendKeys(findTestObject("ADMIN/Edit Text/Bespoke/Seller Pages/Add_Edit Item/input_ADD NEW_btn_add_new"), "*"): Keys '*' sent to object: 'Object Repository/ADMIN/Edit Text/Bespoke/Seller Pages/Add_Edit Item/input_ADD NEW_btn_add_new'

2020-03-20 10:31:56 - [MESSAGE][PASSED] - Keys '*' sent to object: 'Object Repository/ADMIN/Edit Text/Bespoke/Seller Pages/Add_Edit Item/input_ADD NEW_btn_add_new'

2020-03-20 10:31:56 - [TEST_STEP][PASSED] - sendKeys(findTestObject("ADMIN/Edit Text/Bespoke/Seller Pages/Add_Edit Item/input_PICK-UP LOCATION_location_service"), "*"): Keys '*' sent to object: 'Object Repository/ADMIN/Edit Text/Bespoke/Seller Pages/Add_Edit Item/input_PICK-UP LOCATION_location_service'

2020-03-20 10:31:57 - [MESSAGE][PASSED] - Keys '*' sent to object: 'Object Repository/ADMIN/Edit Text/Bespoke/Seller Pages/Add_Edit Item/input_PICK-UP LOCATION_location_service'

2020-03-20 10:31:57 - [TEST_STEP][PASSED] - sendKeys(findTestObject("ADMIN/Edit Text/Bespoke/Seller Pages/Add_Edit Item/textarea_Please provide the address where the item may be collected by the buyer(You must select at least one delivery option or pickup location)"), "*"): Keys '*' sent to object: 'Object Repository/ADMIN/Edit Text/Bespoke/Seller Pages/Add_Edit Item/textarea_Please provide the address where the item may be collected by the buyer(You must select at least one delivery option or pickup location)'

2020-03-20 10:31:57 - [MESSAGE][PASSED] - Keys '*' sent to object: 'Object Repository/ADMIN/Edit Text/Bespoke/Seller Pages/Add_Edit Item/textarea_Please provide the address where the item may be collected by the buyer(You must select at least one delivery option or pickup location)'

2020-03-20 10:31:57 - [TEST_STEP][PASSED] - sendKeys(findTestObject("ADMIN/Edit Text/Bespoke/Seller Pages/Add_Edit Item/input_PICKUP LOCATION ADDRESS_location_address"), "*"): Keys '*' sent to object: 'Object Repository/ADMIN/Edit Text/Bespoke/Seller Pages/Add_Edit Item/input_PICKUP LOCATION ADDRESS_location_address'

2020-03-20 10:31:57 - [MESSAGE][PASSED] - Keys '*' sent to object: 'Object Repository/ADMIN/Edit Text/Bespoke/Seller Pages/Add_Edit Item/input_PICKUP LOCATION ADDRESS_location_address'

2020-03-20 10:31:57 - [TEST_STEP][PASSED] - sendKeys(findTestObject("ADMIN/Edit Text/Bespoke/Seller Pages/Add_Edit Item/input_add new 2"), "*"): Keys '*' sent to object: 'Object Repository/ADMIN/Edit Text/Bespoke/Seller Pages/Add_Edit Item/input_add new 2'

2020-03-20 10:31:57 - [MESSAGE][PASSED] - Keys '*' sent to object: 'Object Repository/ADMIN/Edit Text/Bespoke/Seller Pages/Add_Edit Item/input_add new 2'

2020-03-20 10:31:57 - [TEST_STEP][PASSED] - sendKeys(findTestObject("ADMIN/Edit Text/Bespoke/Seller Pages/Add_Edit Item/input_SAVE_btn_save"), "*"): Keys '*' sent to object: 'Object Repository/ADMIN/Edit Text/Bespoke/Seller Pages/Add_Edit Item/input_SAVE_btn_save'

2020-03-20 10:31:58 - [MESSAGE][PASSED] - Keys '*' sent to object: 'Object Repository/ADMIN/Edit Text/Bespoke/Seller Pages/Add_Edit Item/input_SAVE_btn_save'

2020-03-20 10:31:58 - [TEST_STEP][PASSED] - sendKeys(findTestObject("ADMIN/Edit Text/Bespoke/Seller Pages/Add_Edit Item/input_Item Saved_popup-title"), "*"): Keys '*' sent to object: 'Object Repository/ADMIN/Edit Text/Bespoke/Seller Pages/Add_Edit Item/input_Item Saved_popup-title'

2020-03-20 10:31:58 - [MESSAGE][PASSED] - Keys '*' sent to object: 'Object Repository/ADMIN/Edit Text/Bespoke/Seller Pages/Add_Edit Item/input_Item Saved_popup-title'

2020-03-20 10:31:58 - [TEST_STEP][PASSED] - sendKeys(findTestObject("ADMIN/Edit Text/Bespoke/Seller Pages/Add_Edit Item/input_This item has been saved in_popup-title2"), "*"): Keys '*' sent to object: 'Object Repository/ADMIN/Edit Text/Bespoke/Seller Pages/Add_Edit Item/input_This item has been saved in_popup-title2'

2020-03-20 10:31:58 - [MESSAGE][PASSED] - Keys '*' sent to object: 'Object Repository/ADMIN/Edit Text/Bespoke/Seller Pages/Add_Edit Item/input_This item has been saved in_popup-title2'

2020-03-20 10:31:58 - [TEST_STEP][PASSED] - sendKeys(findTestObject("ADMIN/Edit Text/Bespoke/Seller Pages/Add_Edit Item/input_The default language of the buyer pages is_popup-title2"), "*"): Keys '*' sent to object: 'Object Repository/ADMIN/Edit Text/Bespoke/Seller Pages/Add_Edit Item/input_The default language of the buyer pages is_popup-title2'

2020-03-20 10:31:58 - [MESSAGE][PASSED] - Keys '*' sent to object: 'Object Repository/ADMIN/Edit Text/Bespoke/Seller Pages/Add_Edit Item/input_The default language of the buyer pages is_popup-title2'

2020-03-20 10:31:58 - [TEST_STEP][PASSED] - sendKeys(findTestObject("ADMIN/Edit Text/Bespoke/Seller Pages/Add_Edit Item/input_We recommend you at least add a translation in that language_popup-title2"), "*"): Keys '*' sent to object: 'Object Repository/ADMIN/Edit Text/Bespoke/Seller Pages/Add_Edit Item/input_We recommend you at least add a translation in that language_popup-title2'

2020-03-20 10:31:58 - [MESSAGE][PASSED] - Keys '*' sent to object: 'Object Repository/ADMIN/Edit Text/Bespoke/Seller Pages/Add_Edit Item/input_We recommend you at least add a translation in that language_popup-title2'

2020-03-20 10:31:58 - [TEST_STEP][PASSED] - sendKeys(findTestObject("ADMIN/Edit Text/Bespoke/Seller Pages/Add_Edit Item/input_concat(I  ll do it later)_btn_okay"), "*"): Keys '*' sent to object: 'Object Repository/ADMIN/Edit Text/Bespoke/Seller Pages/Add_Edit Item/input_concat(I  ll do it later)_btn_okay'

2020-03-20 10:31:59 - [MESSAGE][PASSED] - Keys '*' sent to object: 'Object Repository/ADMIN/Edit Text/Bespoke/Seller Pages/Add_Edit Item/input_concat(I  ll do it later)_btn_okay'

2020-03-20 10:31:59 - [TEST_STEP][PASSED] - sendKeys(findTestObject("ADMIN/Edit Text/Bespoke/Seller Pages/Add_Edit Item/input_Add Translations_btn_okay"), "*"): Keys '*' sent to object: 'Object Repository/ADMIN/Edit Text/Bespoke/Seller Pages/Add_Edit Item/input_Add Translations_btn_okay'

2020-03-20 10:31:59 - [MESSAGE][PASSED] - Keys '*' sent to object: 'Object Repository/ADMIN/Edit Text/Bespoke/Seller Pages/Add_Edit Item/input_Add Translations_btn_okay'

2020-03-20 10:31:59 - [TEST_STEP][PASSED] - sendKeys(findTestObject("ADMIN/Edit Text/Bespoke/Seller Pages/Add_Edit Item/input_Edit Translations_btn_okay"), "*"): Keys '*' sent to object: 'Object Repository/ADMIN/Edit Text/Bespoke/Seller Pages/Add_Edit Item/input_Edit Translations_btn_okay'

2020-03-20 10:31:59 - [MESSAGE][PASSED] - Keys '*' sent to object: 'Object Repository/ADMIN/Edit Text/Bespoke/Seller Pages/Add_Edit Item/input_Edit Translations_btn_okay'

2020-03-20 10:31:59 - [TEST_STEP][PASSED] - click(findTestObject("ADMIN/Edit Text/Bespoke/Buyer Pages/Homepage/button_save"), CONTINUE_ON_FAILURE): Object: 'Object Repository/ADMIN/Edit Text/Bespoke/Buyer Pages/Homepage/button_save' is clicked on

2020-03-20 10:31:59 - [MESSAGE][PASSED] - Object: 'Object Repository/ADMIN/Edit Text/Bespoke/Buyer Pages/Homepage/button_save' is clicked on

2020-03-20 10:31:59 - [TEST_STEP][PASSED] - waitForElementVisible(findTestObject("ADMIN/Edit Text/Bespoke/Buyer Pages/Homepage/toaster_success"), 0): Object 'Object Repository/ADMIN/Edit Text/Bespoke/Buyer Pages/Homepage/toaster_success' is visible

2020-03-20 10:31:59 - [MESSAGE][WARNING] - Timeout '0' is invalid. Using default page load timeout: '30'

2020-03-20 10:32:00 - [MESSAGE][PASSED] - Object 'Object Repository/ADMIN/Edit Text/Bespoke/Buyer Pages/Homepage/toaster_success' is visible]]></system-out>
         <system-err><![CDATA[]]></system-err>
      </testcase>
      <testcase name="Test Cases/ADMIN/Language/Edit Text/Bespoke/Seller/Add_Edit Item" time="11.878" classname="Test Cases/ADMIN/Language/Edit Text/Bespoke/Seller/Add_Edit Item" status="PASSED">
         <system-out><![CDATA[2020-03-20 10:32:00 - [TEST_CASE][PASSED] - Test Cases/ADMIN/Language/Edit Text/Bespoke/Seller/Add_Edit Item: Test Cases/ADMIN/Language/Edit Text/Bespoke/Seller/Add_Edit Item

2020-03-20 10:32:00 - [TEST_STEP][PASSED] - waitForElementVisible(findTestObject("ADMIN/Edit Text/Bespoke/Buyer Navigation/dd_language"), 0): Object 'Object Repository/ADMIN/Edit Text/Bespoke/Buyer Navigation/dd_language' is visible

2020-03-20 10:32:00 - [MESSAGE][WARNING] - Timeout '0' is invalid. Using default page load timeout: '30'

2020-03-20 10:32:00 - [MESSAGE][PASSED] - Object 'Object Repository/ADMIN/Edit Text/Bespoke/Buyer Navigation/dd_language' is visible

2020-03-20 10:32:00 - [TEST_STEP][PASSED] - selectOptionByLabel(findTestObject("ADMIN/Edit Text/Bespoke/Buyer Navigation/dd_language"), varLanguage, false): All options with label 'Japanese' are selected in object 'Object Repository/ADMIN/Edit Text/Bespoke/Buyer Navigation/dd_language' 

2020-03-20 10:32:03 - [MESSAGE][PASSED] - All options with label 'Japanese' are selected in object 'Object Repository/ADMIN/Edit Text/Bespoke/Buyer Navigation/dd_language' 

2020-03-20 10:32:03 - [TEST_STEP][PASSED] - sendKeys(findTestObject("ADMIN/Edit Text/Bespoke/Seller Pages/Add_Edit Item/input_YOUR ITEMS_item_name"), "*"): Keys '*' sent to object: 'Object Repository/ADMIN/Edit Text/Bespoke/Seller Pages/Add_Edit Item/input_YOUR ITEMS_item_name'

2020-03-20 10:32:03 - [MESSAGE][PASSED] - Keys '*' sent to object: 'Object Repository/ADMIN/Edit Text/Bespoke/Seller Pages/Add_Edit Item/input_YOUR ITEMS_item_name'

2020-03-20 10:32:03 - [TEST_STEP][PASSED] - sendKeys(findTestObject("ADMIN/Edit Text/Bespoke/Seller Pages/Add_Edit Item/input_Fill in your item details here_item_details"), "*"): Keys '*' sent to object: 'Object Repository/ADMIN/Edit Text/Bespoke/Seller Pages/Add_Edit Item/input_Fill in your item details here_item_details'

2020-03-20 10:32:03 - [MESSAGE][PASSED] - Keys '*' sent to object: 'Object Repository/ADMIN/Edit Text/Bespoke/Seller Pages/Add_Edit Item/input_Fill in your item details here_item_details'

2020-03-20 10:32:03 - [TEST_STEP][PASSED] - sendKeys(findTestObject("ADMIN/Edit Text/Bespoke/Seller Pages/Add_Edit Item/input_Category_category"), "*"): Keys '*' sent to object: 'Object Repository/ADMIN/Edit Text/Bespoke/Seller Pages/Add_Edit Item/input_Category_category'

2020-03-20 10:32:03 - [MESSAGE][PASSED] - Keys '*' sent to object: 'Object Repository/ADMIN/Edit Text/Bespoke/Seller Pages/Add_Edit Item/input_Category_category'

2020-03-20 10:32:03 - [TEST_STEP][PASSED] - sendKeys(findTestObject("ADMIN/Edit Text/Bespoke/Seller Pages/Add_Edit Item/input_Select a Category_category"), "*"): Keys '*' sent to object: 'Object Repository/ADMIN/Edit Text/Bespoke/Seller Pages/Add_Edit Item/input_Select a Category_category'

2020-03-20 10:32:03 - [MESSAGE][PASSED] - Keys '*' sent to object: 'Object Repository/ADMIN/Edit Text/Bespoke/Seller Pages/Add_Edit Item/input_Select a Category_category'

2020-03-20 10:32:03 - [TEST_STEP][PASSED] - sendKeys(findTestObject("ADMIN/Edit Text/Bespoke/Seller Pages/Add_Edit Item/input_Item Name_item_name"), "*"): Keys '*' sent to object: 'Object Repository/ADMIN/Edit Text/Bespoke/Seller Pages/Add_Edit Item/input_Item Name_item_name'

2020-03-20 10:32:04 - [MESSAGE][PASSED] - Keys '*' sent to object: 'Object Repository/ADMIN/Edit Text/Bespoke/Seller Pages/Add_Edit Item/input_Item Name_item_name'

2020-03-20 10:32:04 - [TEST_STEP][PASSED] - sendKeys(findTestObject("ADMIN/Edit Text/Bespoke/Seller Pages/Add_Edit Item/input_Price_price"), "*"): Keys '*' sent to object: 'Object Repository/ADMIN/Edit Text/Bespoke/Seller Pages/Add_Edit Item/input_Price_price'

2020-03-20 10:32:04 - [MESSAGE][PASSED] - Keys '*' sent to object: 'Object Repository/ADMIN/Edit Text/Bespoke/Seller Pages/Add_Edit Item/input_Price_price'

2020-03-20 10:32:04 - [TEST_STEP][PASSED] - sendKeys(findTestObject("ADMIN/Edit Text/Bespoke/Seller Pages/Add_Edit Item/input_SELECT ALL_category"), "*"): Keys '*' sent to object: 'Object Repository/ADMIN/Edit Text/Bespoke/Seller Pages/Add_Edit Item/input_SELECT ALL_category'

2020-03-20 10:32:04 - [MESSAGE][PASSED] - Keys '*' sent to object: 'Object Repository/ADMIN/Edit Text/Bespoke/Seller Pages/Add_Edit Item/input_SELECT ALL_category'

2020-03-20 10:32:04 - [TEST_STEP][PASSED] - sendKeys(findTestObject("ADMIN/Edit Text/Bespoke/Seller Pages/Add_Edit Item/input_SELECT NONE_category"), "*"): Keys '*' sent to object: 'Object Repository/ADMIN/Edit Text/Bespoke/Seller Pages/Add_Edit Item/input_SELECT NONE_category'

2020-03-20 10:32:04 - [MESSAGE][PASSED] - Keys '*' sent to object: 'Object Repository/ADMIN/Edit Text/Bespoke/Seller Pages/Add_Edit Item/input_SELECT NONE_category'

2020-03-20 10:32:04 - [TEST_STEP][PASSED] - sendKeys(findTestObject("ADMIN/Edit Text/Bespoke/Seller Pages/Add_Edit Item/input_Item Description_item_description"), "*"): Keys '*' sent to object: 'Object Repository/ADMIN/Edit Text/Bespoke/Seller Pages/Add_Edit Item/input_Item Description_item_description'

2020-03-20 10:32:04 - [MESSAGE][PASSED] - Keys '*' sent to object: 'Object Repository/ADMIN/Edit Text/Bespoke/Seller Pages/Add_Edit Item/input_Item Description_item_description'

2020-03-20 10:32:04 - [TEST_STEP][PASSED] - sendKeys(findTestObject("ADMIN/Edit Text/Bespoke/Seller Pages/Add_Edit Item/input_ITEM COVER IMAGE_item_cover_image"), "*"): Keys '*' sent to object: 'Object Repository/ADMIN/Edit Text/Bespoke/Seller Pages/Add_Edit Item/input_ITEM COVER IMAGE_item_cover_image'

2020-03-20 10:32:04 - [MESSAGE][PASSED] - Keys '*' sent to object: 'Object Repository/ADMIN/Edit Text/Bespoke/Seller Pages/Add_Edit Item/input_ITEM COVER IMAGE_item_cover_image'

2020-03-20 10:32:04 - [TEST_STEP][PASSED] - sendKeys(findTestObject("ADMIN/Edit Text/Bespoke/Seller Pages/Add_Edit Item/input_ITEM COVER IMAGE_item_cover_details"), "*"): Keys '*' sent to object: 'Object Repository/ADMIN/Edit Text/Bespoke/Seller Pages/Add_Edit Item/input_ITEM COVER IMAGE_item_cover_details'

2020-03-20 10:32:04 - [MESSAGE][PASSED] - Keys '*' sent to object: 'Object Repository/ADMIN/Edit Text/Bespoke/Seller Pages/Add_Edit Item/input_ITEM COVER IMAGE_item_cover_details'

2020-03-20 10:32:04 - [TEST_STEP][PASSED] - sendKeys(findTestObject("ADMIN/Edit Text/Bespoke/Seller Pages/Add_Edit Item/input_BROWSE_browse_btn"), "*"): Keys '*' sent to object: 'Object Repository/ADMIN/Edit Text/Bespoke/Seller Pages/Add_Edit Item/input_BROWSE_browse_btn'

2020-03-20 10:32:05 - [MESSAGE][PASSED] - Keys '*' sent to object: 'Object Repository/ADMIN/Edit Text/Bespoke/Seller Pages/Add_Edit Item/input_BROWSE_browse_btn'

2020-03-20 10:32:05 - [TEST_STEP][PASSED] - sendKeys(findTestObject("ADMIN/Edit Text/Bespoke/Seller Pages/Add_Edit Item/input_Quantity_quantity"), "*"): Keys '*' sent to object: 'Object Repository/ADMIN/Edit Text/Bespoke/Seller Pages/Add_Edit Item/input_Quantity_quantity'

2020-03-20 10:32:05 - [MESSAGE][PASSED] - Keys '*' sent to object: 'Object Repository/ADMIN/Edit Text/Bespoke/Seller Pages/Add_Edit Item/input_Quantity_quantity'

2020-03-20 10:32:05 - [TEST_STEP][PASSED] - sendKeys(findTestObject("ADMIN/Edit Text/Bespoke/Seller Pages/Add_Edit Item/input_Unlimited Stock_unlimited_stock"), "*"): Keys '*' sent to object: 'Object Repository/ADMIN/Edit Text/Bespoke/Seller Pages/Add_Edit Item/input_Unlimited Stock_unlimited_stock'

2020-03-20 10:32:05 - [MESSAGE][PASSED] - Keys '*' sent to object: 'Object Repository/ADMIN/Edit Text/Bespoke/Seller Pages/Add_Edit Item/input_Unlimited Stock_unlimited_stock'

2020-03-20 10:32:05 - [TEST_STEP][PASSED] - sendKeys(findTestObject("ADMIN/Edit Text/Bespoke/Seller Pages/Add_Edit Item/input_YES_yes-txt"), "*"): Keys '*' sent to object: 'Object Repository/ADMIN/Edit Text/Bespoke/Seller Pages/Add_Edit Item/input_YES_yes-txt'

2020-03-20 10:32:05 - [MESSAGE][PASSED] - Keys '*' sent to object: 'Object Repository/ADMIN/Edit Text/Bespoke/Seller Pages/Add_Edit Item/input_YES_yes-txt'

2020-03-20 10:32:05 - [TEST_STEP][PASSED] - sendKeys(findTestObject("ADMIN/Edit Text/Bespoke/Seller Pages/Add_Edit Item/input_NO_no-txt"), "*"): Keys '*' sent to object: 'Object Repository/ADMIN/Edit Text/Bespoke/Seller Pages/Add_Edit Item/input_NO_no-txt'

2020-03-20 10:32:05 - [MESSAGE][PASSED] - Keys '*' sent to object: 'Object Repository/ADMIN/Edit Text/Bespoke/Seller Pages/Add_Edit Item/input_NO_no-txt'

2020-03-20 10:32:05 - [TEST_STEP][PASSED] - sendKeys(findTestObject("ADMIN/Edit Text/Bespoke/Seller Pages/Add_Edit Item/input_Variants_variants"), "*"): Keys '*' sent to object: 'Object Repository/ADMIN/Edit Text/Bespoke/Seller Pages/Add_Edit Item/input_Variants_variants'

2020-03-20 10:32:05 - [MESSAGE][PASSED] - Keys '*' sent to object: 'Object Repository/ADMIN/Edit Text/Bespoke/Seller Pages/Add_Edit Item/input_Variants_variants'

2020-03-20 10:32:05 - [TEST_STEP][PASSED] - sendKeys(findTestObject("ADMIN/Edit Text/Bespoke/Seller Pages/Add_Edit Item/input_Variant(s)_variant_s"), "*"): Keys '*' sent to object: 'Object Repository/ADMIN/Edit Text/Bespoke/Seller Pages/Add_Edit Item/input_Variant(s)_variant_s'

2020-03-20 10:32:05 - [MESSAGE][PASSED] - Keys '*' sent to object: 'Object Repository/ADMIN/Edit Text/Bespoke/Seller Pages/Add_Edit Item/input_Variant(s)_variant_s'

2020-03-20 10:32:05 - [TEST_STEP][PASSED] - sendKeys(findTestObject("ADMIN/Edit Text/Bespoke/Seller Pages/Add_Edit Item/input_Add up to 3 different available options for the item eg  Colour Size and Material_item_addUpto3Variants"), "*"): Keys '*' sent to object: 'Object Repository/ADMIN/Edit Text/Bespoke/Seller Pages/Add_Edit Item/input_Add up to 3 different available options for the item eg  Colour Size and Material_item_addUpto3Variants'

2020-03-20 10:32:05 - [MESSAGE][PASSED] - Keys '*' sent to object: 'Object Repository/ADMIN/Edit Text/Bespoke/Seller Pages/Add_Edit Item/input_Add up to 3 different available options for the item eg  Colour Size and Material_item_addUpto3Variants'

2020-03-20 10:32:05 - [TEST_STEP][PASSED] - sendKeys(findTestObject("ADMIN/Edit Text/Bespoke/Seller Pages/Add_Edit Item/input_Change_variants-change"), "*"): Keys '*' sent to object: 'Object Repository/ADMIN/Edit Text/Bespoke/Seller Pages/Add_Edit Item/input_Change_variants-change'

2020-03-20 10:32:06 - [MESSAGE][PASSED] - Keys '*' sent to object: 'Object Repository/ADMIN/Edit Text/Bespoke/Seller Pages/Add_Edit Item/input_Change_variants-change'

2020-03-20 10:32:06 - [TEST_STEP][PASSED] - sendKeys(findTestObject("ADMIN/Edit Text/Bespoke/Seller Pages/Add_Edit Item/input_Okay_variants-change"), "*"): Keys '*' sent to object: 'Object Repository/ADMIN/Edit Text/Bespoke/Seller Pages/Add_Edit Item/input_Okay_variants-change'

2020-03-20 10:32:06 - [MESSAGE][PASSED] - Keys '*' sent to object: 'Object Repository/ADMIN/Edit Text/Bespoke/Seller Pages/Add_Edit Item/input_Okay_variants-change'

2020-03-20 10:32:06 - [TEST_STEP][PASSED] - sendKeys(findTestObject("ADMIN/Edit Text/Bespoke/Seller Pages/Add_Edit Item/input_Cancel_variants-change"), "*"): Keys '*' sent to object: 'Object Repository/ADMIN/Edit Text/Bespoke/Seller Pages/Add_Edit Item/input_Cancel_variants-change'

2020-03-20 10:32:06 - [MESSAGE][PASSED] - Keys '*' sent to object: 'Object Repository/ADMIN/Edit Text/Bespoke/Seller Pages/Add_Edit Item/input_Cancel_variants-change'

2020-03-20 10:32:06 - [TEST_STEP][PASSED] - sendKeys(findTestObject("ADMIN/Edit Text/Bespoke/Seller Pages/Add_Edit Item/input_Add Variants_variants_btn"), "*"): Keys '*' sent to object: 'Object Repository/ADMIN/Edit Text/Bespoke/Seller Pages/Add_Edit Item/input_Add Variants_variants_btn'

2020-03-20 10:32:06 - [MESSAGE][PASSED] - Keys '*' sent to object: 'Object Repository/ADMIN/Edit Text/Bespoke/Seller Pages/Add_Edit Item/input_Add Variants_variants_btn'

2020-03-20 10:32:06 - [TEST_STEP][PASSED] - sendKeys(findTestObject("ADMIN/Edit Text/Bespoke/Seller Pages/Add_Edit Item/input_VARIANTS OPTIONS_option_name"), "*"): Keys '*' sent to object: 'Object Repository/ADMIN/Edit Text/Bespoke/Seller Pages/Add_Edit Item/input_VARIANTS OPTIONS_option_name'

2020-03-20 10:32:06 - [MESSAGE][PASSED] - Keys '*' sent to object: 'Object Repository/ADMIN/Edit Text/Bespoke/Seller Pages/Add_Edit Item/input_VARIANTS OPTIONS_option_name'

2020-03-20 10:32:06 - [TEST_STEP][PASSED] - sendKeys(findTestObject("ADMIN/Edit Text/Bespoke/Seller Pages/Add_Edit Item/input_VARIANTS CHOICES_option_choices"), "*"): Keys '*' sent to object: 'Object Repository/ADMIN/Edit Text/Bespoke/Seller Pages/Add_Edit Item/input_VARIANTS CHOICES_option_choices'

2020-03-20 10:32:06 - [MESSAGE][PASSED] - Keys '*' sent to object: 'Object Repository/ADMIN/Edit Text/Bespoke/Seller Pages/Add_Edit Item/input_VARIANTS CHOICES_option_choices'

2020-03-20 10:32:06 - [TEST_STEP][PASSED] - sendKeys(findTestObject("ADMIN/Edit Text/Bespoke/Seller Pages/Add_Edit Item/input_eg Colour_place_egcolour"), "*"): Keys '*' sent to object: 'Object Repository/ADMIN/Edit Text/Bespoke/Seller Pages/Add_Edit Item/input_eg Colour_place_egcolour'

2020-03-20 10:32:06 - [MESSAGE][PASSED] - Keys '*' sent to object: 'Object Repository/ADMIN/Edit Text/Bespoke/Seller Pages/Add_Edit Item/input_eg Colour_place_egcolour'

2020-03-20 10:32:06 - [TEST_STEP][PASSED] - sendKeys(findTestObject("ADMIN/Edit Text/Bespoke/Seller Pages/Add_Edit Item/input_eg Red_place_option"), "*"): Keys '*' sent to object: 'Object Repository/ADMIN/Edit Text/Bespoke/Seller Pages/Add_Edit Item/input_eg Red_place_option'

2020-03-20 10:32:07 - [MESSAGE][PASSED] - Keys '*' sent to object: 'Object Repository/ADMIN/Edit Text/Bespoke/Seller Pages/Add_Edit Item/input_eg Red_place_option'

2020-03-20 10:32:07 - [TEST_STEP][PASSED] - sendKeys(findTestObject("ADMIN/Edit Text/Bespoke/Seller Pages/Add_Edit Item/input_Color_place_colour"), "*"): Keys '*' sent to object: 'Object Repository/ADMIN/Edit Text/Bespoke/Seller Pages/Add_Edit Item/input_Color_place_colour'

2020-03-20 10:32:07 - [MESSAGE][PASSED] - Keys '*' sent to object: 'Object Repository/ADMIN/Edit Text/Bespoke/Seller Pages/Add_Edit Item/input_Color_place_colour'

2020-03-20 10:32:07 - [TEST_STEP][PASSED] - sendKeys(findTestObject("ADMIN/Edit Text/Bespoke/Seller Pages/Add_Edit Item/input_Red_place_option"), "*"): Keys '*' sent to object: 'Object Repository/ADMIN/Edit Text/Bespoke/Seller Pages/Add_Edit Item/input_Red_place_option'

2020-03-20 10:32:07 - [MESSAGE][PASSED] - Keys '*' sent to object: 'Object Repository/ADMIN/Edit Text/Bespoke/Seller Pages/Add_Edit Item/input_Red_place_option'

2020-03-20 10:32:07 - [TEST_STEP][PASSED] - sendKeys(findTestObject("ADMIN/Edit Text/Bespoke/Seller Pages/Add_Edit Item/input_Image_tbl_lbe_img"), "*"): Keys '*' sent to object: 'Object Repository/ADMIN/Edit Text/Bespoke/Seller Pages/Add_Edit Item/input_Image_tbl_lbe_img'

2020-03-20 10:32:07 - [MESSAGE][PASSED] - Keys '*' sent to object: 'Object Repository/ADMIN/Edit Text/Bespoke/Seller Pages/Add_Edit Item/input_Image_tbl_lbe_img'

2020-03-20 10:32:07 - [TEST_STEP][PASSED] - sendKeys(findTestObject("ADMIN/Edit Text/Bespoke/Seller Pages/Add_Edit Item/input_Same Image_tbl_lbe_same_img"), "*"): Keys '*' sent to object: 'Object Repository/ADMIN/Edit Text/Bespoke/Seller Pages/Add_Edit Item/input_Same Image_tbl_lbe_same_img'

2020-03-20 10:32:07 - [MESSAGE][PASSED] - Keys '*' sent to object: 'Object Repository/ADMIN/Edit Text/Bespoke/Seller Pages/Add_Edit Item/input_Same Image_tbl_lbe_same_img'

2020-03-20 10:32:07 - [TEST_STEP][PASSED] - sendKeys(findTestObject("ADMIN/Edit Text/Bespoke/Seller Pages/Add_Edit Item/input_Surcharge_tbl_lbe_surcharge"), "*"): Keys '*' sent to object: 'Object Repository/ADMIN/Edit Text/Bespoke/Seller Pages/Add_Edit Item/input_Surcharge_tbl_lbe_surcharge'

2020-03-20 10:32:07 - [MESSAGE][PASSED] - Keys '*' sent to object: 'Object Repository/ADMIN/Edit Text/Bespoke/Seller Pages/Add_Edit Item/input_Surcharge_tbl_lbe_surcharge'

2020-03-20 10:32:07 - [TEST_STEP][PASSED] - sendKeys(findTestObject("ADMIN/Edit Text/Bespoke/Seller Pages/Add_Edit Item/input_Total Price_tbl_lbe_price"), "*"): Keys '*' sent to object: 'Object Repository/ADMIN/Edit Text/Bespoke/Seller Pages/Add_Edit Item/input_Total Price_tbl_lbe_price'

2020-03-20 10:32:07 - [MESSAGE][PASSED] - Keys '*' sent to object: 'Object Repository/ADMIN/Edit Text/Bespoke/Seller Pages/Add_Edit Item/input_Total Price_tbl_lbe_price'

2020-03-20 10:32:07 - [TEST_STEP][PASSED] - sendKeys(findTestObject("ADMIN/Edit Text/Bespoke/Seller Pages/Add_Edit Item/input_Stock_tbl_lbe_stock"), "*"): Keys '*' sent to object: 'Object Repository/ADMIN/Edit Text/Bespoke/Seller Pages/Add_Edit Item/input_Stock_tbl_lbe_stock'

2020-03-20 10:32:07 - [MESSAGE][PASSED] - Keys '*' sent to object: 'Object Repository/ADMIN/Edit Text/Bespoke/Seller Pages/Add_Edit Item/input_Stock_tbl_lbe_stock'

2020-03-20 10:32:07 - [TEST_STEP][PASSED] - sendKeys(findTestObject("ADMIN/Edit Text/Bespoke/Seller Pages/Add_Edit Item/input_Unlimited_tbl_lbe_unlimited"), "*"): Keys '*' sent to object: 'Object Repository/ADMIN/Edit Text/Bespoke/Seller Pages/Add_Edit Item/input_Unlimited_tbl_lbe_unlimited'

2020-03-20 10:32:08 - [MESSAGE][PASSED] - Keys '*' sent to object: 'Object Repository/ADMIN/Edit Text/Bespoke/Seller Pages/Add_Edit Item/input_Unlimited_tbl_lbe_unlimited'

2020-03-20 10:32:08 - [TEST_STEP][PASSED] - sendKeys(findTestObject("ADMIN/Edit Text/Bespoke/Seller Pages/Add_Edit Item/input_DELIVERY OPTIONS_delivery_options"), "*"): Keys '*' sent to object: 'Object Repository/ADMIN/Edit Text/Bespoke/Seller Pages/Add_Edit Item/input_DELIVERY OPTIONS_delivery_options'

2020-03-20 10:32:08 - [MESSAGE][PASSED] - Keys '*' sent to object: 'Object Repository/ADMIN/Edit Text/Bespoke/Seller Pages/Add_Edit Item/input_DELIVERY OPTIONS_delivery_options'

2020-03-20 10:32:08 - [TEST_STEP][PASSED] - sendKeys(findTestObject("ADMIN/Edit Text/Bespoke/Seller Pages/Add_Edit Item/input_DELIVERY OPTIONS_delivery-txt2"), "*"): Keys '*' sent to object: 'Object Repository/ADMIN/Edit Text/Bespoke/Seller Pages/Add_Edit Item/input_DELIVERY OPTIONS_delivery-txt2'

2020-03-20 10:32:08 - [MESSAGE][PASSED] - Keys '*' sent to object: 'Object Repository/ADMIN/Edit Text/Bespoke/Seller Pages/Add_Edit Item/input_DELIVERY OPTIONS_delivery-txt2'

2020-03-20 10:32:08 - [TEST_STEP][PASSED] - sendKeys(findTestObject("ADMIN/Edit Text/Bespoke/Seller Pages/Add_Edit Item/input_Offer reduced shipping costs to buyers when they buy more than one item from you_delivery-txt2"), "*"): Keys '*' sent to object: 'Object Repository/ADMIN/Edit Text/Bespoke/Seller Pages/Add_Edit Item/input_Offer reduced shipping costs to buyers when they buy more than one item from you_delivery-txt2'

2020-03-20 10:32:08 - [MESSAGE][PASSED] - Keys '*' sent to object: 'Object Repository/ADMIN/Edit Text/Bespoke/Seller Pages/Add_Edit Item/input_Offer reduced shipping costs to buyers when they buy more than one item from you_delivery-txt2'

2020-03-20 10:32:08 - [TEST_STEP][PASSED] - sendKeys(findTestObject("ADMIN/Edit Text/Bespoke/Seller Pages/Add_Edit Item/input_total delivery"), "*"): Keys '*' sent to object: 'Object Repository/ADMIN/Edit Text/Bespoke/Seller Pages/Add_Edit Item/input_total delivery'

2020-03-20 10:32:08 - [MESSAGE][PASSED] - Keys '*' sent to object: 'Object Repository/ADMIN/Edit Text/Bespoke/Seller Pages/Add_Edit Item/input_total delivery'

2020-03-20 10:32:08 - [TEST_STEP][PASSED] - sendKeys(findTestObject("ADMIN/Edit Text/Bespoke/Seller Pages/Add_Edit Item/input_DELIVERY SERVICE_delivery_service"), "*"): Keys '*' sent to object: 'Object Repository/ADMIN/Edit Text/Bespoke/Seller Pages/Add_Edit Item/input_DELIVERY SERVICE_delivery_service'

2020-03-20 10:32:08 - [MESSAGE][PASSED] - Keys '*' sent to object: 'Object Repository/ADMIN/Edit Text/Bespoke/Seller Pages/Add_Edit Item/input_DELIVERY SERVICE_delivery_service'

2020-03-20 10:32:08 - [TEST_STEP][PASSED] - sendKeys(findTestObject("ADMIN/Edit Text/Bespoke/Seller Pages/Add_Edit Item/input_SINGLE ITEM DELIVERY (A)_delivery_surchrge"), "*"): Keys '*' sent to object: 'Object Repository/ADMIN/Edit Text/Bespoke/Seller Pages/Add_Edit Item/input_SINGLE ITEM DELIVERY (A)_delivery_surchrge'

2020-03-20 10:32:09 - [MESSAGE][PASSED] - Keys '*' sent to object: 'Object Repository/ADMIN/Edit Text/Bespoke/Seller Pages/Add_Edit Item/input_SINGLE ITEM DELIVERY (A)_delivery_surchrge'

2020-03-20 10:32:09 - [TEST_STEP][PASSED] - sendKeys(findTestObject("ADMIN/Edit Text/Bespoke/Seller Pages/Add_Edit Item/input_SINGLE ITEM (A)_additional_item"), "*"): Keys '*' sent to object: 'Object Repository/ADMIN/Edit Text/Bespoke/Seller Pages/Add_Edit Item/input_SINGLE ITEM (A)_additional_item'

2020-03-20 10:32:09 - [MESSAGE][PASSED] - Keys '*' sent to object: 'Object Repository/ADMIN/Edit Text/Bespoke/Seller Pages/Add_Edit Item/input_SINGLE ITEM (A)_additional_item'

2020-03-20 10:32:09 - [TEST_STEP][PASSED] - sendKeys(findTestObject("ADMIN/Edit Text/Bespoke/Seller Pages/Add_Edit Item/input_WITH OTHER ITEM (B)_additional_item"), "*"): Keys '*' sent to object: 'Object Repository/ADMIN/Edit Text/Bespoke/Seller Pages/Add_Edit Item/input_WITH OTHER ITEM (B)_additional_item'

2020-03-20 10:32:09 - [MESSAGE][PASSED] - Keys '*' sent to object: 'Object Repository/ADMIN/Edit Text/Bespoke/Seller Pages/Add_Edit Item/input_WITH OTHER ITEM (B)_additional_item'

2020-03-20 10:32:09 - [TEST_STEP][PASSED] - sendKeys(findTestObject("ADMIN/Edit Text/Bespoke/Seller Pages/Add_Edit Item/input_ADD NEW_btn_add_new"), "*"): Keys '*' sent to object: 'Object Repository/ADMIN/Edit Text/Bespoke/Seller Pages/Add_Edit Item/input_ADD NEW_btn_add_new'

2020-03-20 10:32:09 - [MESSAGE][PASSED] - Keys '*' sent to object: 'Object Repository/ADMIN/Edit Text/Bespoke/Seller Pages/Add_Edit Item/input_ADD NEW_btn_add_new'

2020-03-20 10:32:09 - [TEST_STEP][PASSED] - sendKeys(findTestObject("ADMIN/Edit Text/Bespoke/Seller Pages/Add_Edit Item/input_PICK-UP LOCATION_location_service"), "*"): Keys '*' sent to object: 'Object Repository/ADMIN/Edit Text/Bespoke/Seller Pages/Add_Edit Item/input_PICK-UP LOCATION_location_service'

2020-03-20 10:32:09 - [MESSAGE][PASSED] - Keys '*' sent to object: 'Object Repository/ADMIN/Edit Text/Bespoke/Seller Pages/Add_Edit Item/input_PICK-UP LOCATION_location_service'

2020-03-20 10:32:09 - [TEST_STEP][PASSED] - sendKeys(findTestObject("ADMIN/Edit Text/Bespoke/Seller Pages/Add_Edit Item/textarea_Please provide the address where the item may be collected by the buyer(You must select at least one delivery option or pickup location)"), "*"): Keys '*' sent to object: 'Object Repository/ADMIN/Edit Text/Bespoke/Seller Pages/Add_Edit Item/textarea_Please provide the address where the item may be collected by the buyer(You must select at least one delivery option or pickup location)'

2020-03-20 10:32:09 - [MESSAGE][PASSED] - Keys '*' sent to object: 'Object Repository/ADMIN/Edit Text/Bespoke/Seller Pages/Add_Edit Item/textarea_Please provide the address where the item may be collected by the buyer(You must select at least one delivery option or pickup location)'

2020-03-20 10:32:09 - [TEST_STEP][PASSED] - sendKeys(findTestObject("ADMIN/Edit Text/Bespoke/Seller Pages/Add_Edit Item/input_PICKUP LOCATION ADDRESS_location_address"), "*"): Keys '*' sent to object: 'Object Repository/ADMIN/Edit Text/Bespoke/Seller Pages/Add_Edit Item/input_PICKUP LOCATION ADDRESS_location_address'

2020-03-20 10:32:10 - [MESSAGE][PASSED] - Keys '*' sent to object: 'Object Repository/ADMIN/Edit Text/Bespoke/Seller Pages/Add_Edit Item/input_PICKUP LOCATION ADDRESS_location_address'

2020-03-20 10:32:10 - [TEST_STEP][PASSED] - sendKeys(findTestObject("ADMIN/Edit Text/Bespoke/Seller Pages/Add_Edit Item/input_add new 2"), "*"): Keys '*' sent to object: 'Object Repository/ADMIN/Edit Text/Bespoke/Seller Pages/Add_Edit Item/input_add new 2'

2020-03-20 10:32:10 - [MESSAGE][PASSED] - Keys '*' sent to object: 'Object Repository/ADMIN/Edit Text/Bespoke/Seller Pages/Add_Edit Item/input_add new 2'

2020-03-20 10:32:10 - [TEST_STEP][PASSED] - sendKeys(findTestObject("ADMIN/Edit Text/Bespoke/Seller Pages/Add_Edit Item/input_SAVE_btn_save"), "*"): Keys '*' sent to object: 'Object Repository/ADMIN/Edit Text/Bespoke/Seller Pages/Add_Edit Item/input_SAVE_btn_save'

2020-03-20 10:32:10 - [MESSAGE][PASSED] - Keys '*' sent to object: 'Object Repository/ADMIN/Edit Text/Bespoke/Seller Pages/Add_Edit Item/input_SAVE_btn_save'

2020-03-20 10:32:10 - [TEST_STEP][PASSED] - sendKeys(findTestObject("ADMIN/Edit Text/Bespoke/Seller Pages/Add_Edit Item/input_Item Saved_popup-title"), "*"): Keys '*' sent to object: 'Object Repository/ADMIN/Edit Text/Bespoke/Seller Pages/Add_Edit Item/input_Item Saved_popup-title'

2020-03-20 10:32:10 - [MESSAGE][PASSED] - Keys '*' sent to object: 'Object Repository/ADMIN/Edit Text/Bespoke/Seller Pages/Add_Edit Item/input_Item Saved_popup-title'

2020-03-20 10:32:10 - [TEST_STEP][PASSED] - sendKeys(findTestObject("ADMIN/Edit Text/Bespoke/Seller Pages/Add_Edit Item/input_This item has been saved in_popup-title2"), "*"): Keys '*' sent to object: 'Object Repository/ADMIN/Edit Text/Bespoke/Seller Pages/Add_Edit Item/input_This item has been saved in_popup-title2'

2020-03-20 10:32:10 - [MESSAGE][PASSED] - Keys '*' sent to object: 'Object Repository/ADMIN/Edit Text/Bespoke/Seller Pages/Add_Edit Item/input_This item has been saved in_popup-title2'

2020-03-20 10:32:10 - [TEST_STEP][PASSED] - sendKeys(findTestObject("ADMIN/Edit Text/Bespoke/Seller Pages/Add_Edit Item/input_The default language of the buyer pages is_popup-title2"), "*"): Keys '*' sent to object: 'Object Repository/ADMIN/Edit Text/Bespoke/Seller Pages/Add_Edit Item/input_The default language of the buyer pages is_popup-title2'

2020-03-20 10:32:10 - [MESSAGE][PASSED] - Keys '*' sent to object: 'Object Repository/ADMIN/Edit Text/Bespoke/Seller Pages/Add_Edit Item/input_The default language of the buyer pages is_popup-title2'

2020-03-20 10:32:10 - [TEST_STEP][PASSED] - sendKeys(findTestObject("ADMIN/Edit Text/Bespoke/Seller Pages/Add_Edit Item/input_We recommend you at least add a translation in that language_popup-title2"), "*"): Keys '*' sent to object: 'Object Repository/ADMIN/Edit Text/Bespoke/Seller Pages/Add_Edit Item/input_We recommend you at least add a translation in that language_popup-title2'

2020-03-20 10:32:11 - [MESSAGE][PASSED] - Keys '*' sent to object: 'Object Repository/ADMIN/Edit Text/Bespoke/Seller Pages/Add_Edit Item/input_We recommend you at least add a translation in that language_popup-title2'

2020-03-20 10:32:11 - [TEST_STEP][PASSED] - sendKeys(findTestObject("ADMIN/Edit Text/Bespoke/Seller Pages/Add_Edit Item/input_concat(I  ll do it later)_btn_okay"), "*"): Keys '*' sent to object: 'Object Repository/ADMIN/Edit Text/Bespoke/Seller Pages/Add_Edit Item/input_concat(I  ll do it later)_btn_okay'

2020-03-20 10:32:11 - [MESSAGE][PASSED] - Keys '*' sent to object: 'Object Repository/ADMIN/Edit Text/Bespoke/Seller Pages/Add_Edit Item/input_concat(I  ll do it later)_btn_okay'

2020-03-20 10:32:11 - [TEST_STEP][PASSED] - sendKeys(findTestObject("ADMIN/Edit Text/Bespoke/Seller Pages/Add_Edit Item/input_Add Translations_btn_okay"), "*"): Keys '*' sent to object: 'Object Repository/ADMIN/Edit Text/Bespoke/Seller Pages/Add_Edit Item/input_Add Translations_btn_okay'

2020-03-20 10:32:11 - [MESSAGE][PASSED] - Keys '*' sent to object: 'Object Repository/ADMIN/Edit Text/Bespoke/Seller Pages/Add_Edit Item/input_Add Translations_btn_okay'

2020-03-20 10:32:11 - [TEST_STEP][PASSED] - sendKeys(findTestObject("ADMIN/Edit Text/Bespoke/Seller Pages/Add_Edit Item/input_Edit Translations_btn_okay"), "*"): Keys '*' sent to object: 'Object Repository/ADMIN/Edit Text/Bespoke/Seller Pages/Add_Edit Item/input_Edit Translations_btn_okay'

2020-03-20 10:32:11 - [MESSAGE][PASSED] - Keys '*' sent to object: 'Object Repository/ADMIN/Edit Text/Bespoke/Seller Pages/Add_Edit Item/input_Edit Translations_btn_okay'

2020-03-20 10:32:11 - [TEST_STEP][PASSED] - click(findTestObject("ADMIN/Edit Text/Bespoke/Buyer Pages/Homepage/button_save"), CONTINUE_ON_FAILURE): Object: 'Object Repository/ADMIN/Edit Text/Bespoke/Buyer Pages/Homepage/button_save' is clicked on

2020-03-20 10:32:11 - [MESSAGE][PASSED] - Object: 'Object Repository/ADMIN/Edit Text/Bespoke/Buyer Pages/Homepage/button_save' is clicked on

2020-03-20 10:32:11 - [TEST_STEP][PASSED] - waitForElementVisible(findTestObject("ADMIN/Edit Text/Bespoke/Buyer Pages/Homepage/toaster_success"), 0): Object 'Object Repository/ADMIN/Edit Text/Bespoke/Buyer Pages/Homepage/toaster_success' is visible

2020-03-20 10:32:11 - [MESSAGE][WARNING] - Timeout '0' is invalid. Using default page load timeout: '30'

2020-03-20 10:32:12 - [MESSAGE][PASSED] - Object 'Object Repository/ADMIN/Edit Text/Bespoke/Buyer Pages/Homepage/toaster_success' is visible]]></system-out>
         <system-err><![CDATA[]]></system-err>
      </testcase>
      <testcase name="Test Cases/ADMIN/Language/Edit Text/Bespoke/Seller/Add_Edit Item" time="12.459" classname="Test Cases/ADMIN/Language/Edit Text/Bespoke/Seller/Add_Edit Item" status="PASSED">
         <system-out><![CDATA[2020-03-20 10:32:12 - [TEST_CASE][PASSED] - Test Cases/ADMIN/Language/Edit Text/Bespoke/Seller/Add_Edit Item: Test Cases/ADMIN/Language/Edit Text/Bespoke/Seller/Add_Edit Item

2020-03-20 10:32:12 - [TEST_STEP][PASSED] - waitForElementVisible(findTestObject("ADMIN/Edit Text/Bespoke/Buyer Navigation/dd_language"), 0): Object 'Object Repository/ADMIN/Edit Text/Bespoke/Buyer Navigation/dd_language' is visible

2020-03-20 10:32:12 - [MESSAGE][WARNING] - Timeout '0' is invalid. Using default page load timeout: '30'

2020-03-20 10:32:12 - [MESSAGE][PASSED] - Object 'Object Repository/ADMIN/Edit Text/Bespoke/Buyer Navigation/dd_language' is visible

2020-03-20 10:32:12 - [TEST_STEP][PASSED] - selectOptionByLabel(findTestObject("ADMIN/Edit Text/Bespoke/Buyer Navigation/dd_language"), varLanguage, false): All options with label 'Chinese (Traditional)' are selected in object 'Object Repository/ADMIN/Edit Text/Bespoke/Buyer Navigation/dd_language' 

2020-03-20 10:32:14 - [MESSAGE][PASSED] - All options with label 'Chinese (Traditional)' are selected in object 'Object Repository/ADMIN/Edit Text/Bespoke/Buyer Navigation/dd_language' 

2020-03-20 10:32:14 - [TEST_STEP][PASSED] - sendKeys(findTestObject("ADMIN/Edit Text/Bespoke/Seller Pages/Add_Edit Item/input_YOUR ITEMS_item_name"), "*"): Keys '*' sent to object: 'Object Repository/ADMIN/Edit Text/Bespoke/Seller Pages/Add_Edit Item/input_YOUR ITEMS_item_name'

2020-03-20 10:32:15 - [MESSAGE][PASSED] - Keys '*' sent to object: 'Object Repository/ADMIN/Edit Text/Bespoke/Seller Pages/Add_Edit Item/input_YOUR ITEMS_item_name'

2020-03-20 10:32:15 - [TEST_STEP][PASSED] - sendKeys(findTestObject("ADMIN/Edit Text/Bespoke/Seller Pages/Add_Edit Item/input_Fill in your item details here_item_details"), "*"): Keys '*' sent to object: 'Object Repository/ADMIN/Edit Text/Bespoke/Seller Pages/Add_Edit Item/input_Fill in your item details here_item_details'

2020-03-20 10:32:15 - [MESSAGE][PASSED] - Keys '*' sent to object: 'Object Repository/ADMIN/Edit Text/Bespoke/Seller Pages/Add_Edit Item/input_Fill in your item details here_item_details'

2020-03-20 10:32:15 - [TEST_STEP][PASSED] - sendKeys(findTestObject("ADMIN/Edit Text/Bespoke/Seller Pages/Add_Edit Item/input_Category_category"), "*"): Keys '*' sent to object: 'Object Repository/ADMIN/Edit Text/Bespoke/Seller Pages/Add_Edit Item/input_Category_category'

2020-03-20 10:32:15 - [MESSAGE][PASSED] - Keys '*' sent to object: 'Object Repository/ADMIN/Edit Text/Bespoke/Seller Pages/Add_Edit Item/input_Category_category'

2020-03-20 10:32:15 - [TEST_STEP][PASSED] - sendKeys(findTestObject("ADMIN/Edit Text/Bespoke/Seller Pages/Add_Edit Item/input_Select a Category_category"), "*"): Keys '*' sent to object: 'Object Repository/ADMIN/Edit Text/Bespoke/Seller Pages/Add_Edit Item/input_Select a Category_category'

2020-03-20 10:32:15 - [MESSAGE][PASSED] - Keys '*' sent to object: 'Object Repository/ADMIN/Edit Text/Bespoke/Seller Pages/Add_Edit Item/input_Select a Category_category'

2020-03-20 10:32:15 - [TEST_STEP][PASSED] - sendKeys(findTestObject("ADMIN/Edit Text/Bespoke/Seller Pages/Add_Edit Item/input_Item Name_item_name"), "*"): Keys '*' sent to object: 'Object Repository/ADMIN/Edit Text/Bespoke/Seller Pages/Add_Edit Item/input_Item Name_item_name'

2020-03-20 10:32:15 - [MESSAGE][PASSED] - Keys '*' sent to object: 'Object Repository/ADMIN/Edit Text/Bespoke/Seller Pages/Add_Edit Item/input_Item Name_item_name'

2020-03-20 10:32:15 - [TEST_STEP][PASSED] - sendKeys(findTestObject("ADMIN/Edit Text/Bespoke/Seller Pages/Add_Edit Item/input_Price_price"), "*"): Keys '*' sent to object: 'Object Repository/ADMIN/Edit Text/Bespoke/Seller Pages/Add_Edit Item/input_Price_price'

2020-03-20 10:32:15 - [MESSAGE][PASSED] - Keys '*' sent to object: 'Object Repository/ADMIN/Edit Text/Bespoke/Seller Pages/Add_Edit Item/input_Price_price'

2020-03-20 10:32:15 - [TEST_STEP][PASSED] - sendKeys(findTestObject("ADMIN/Edit Text/Bespoke/Seller Pages/Add_Edit Item/input_SELECT ALL_category"), "*"): Keys '*' sent to object: 'Object Repository/ADMIN/Edit Text/Bespoke/Seller Pages/Add_Edit Item/input_SELECT ALL_category'

2020-03-20 10:32:16 - [MESSAGE][PASSED] - Keys '*' sent to object: 'Object Repository/ADMIN/Edit Text/Bespoke/Seller Pages/Add_Edit Item/input_SELECT ALL_category'

2020-03-20 10:32:16 - [TEST_STEP][PASSED] - sendKeys(findTestObject("ADMIN/Edit Text/Bespoke/Seller Pages/Add_Edit Item/input_SELECT NONE_category"), "*"): Keys '*' sent to object: 'Object Repository/ADMIN/Edit Text/Bespoke/Seller Pages/Add_Edit Item/input_SELECT NONE_category'

2020-03-20 10:32:16 - [MESSAGE][PASSED] - Keys '*' sent to object: 'Object Repository/ADMIN/Edit Text/Bespoke/Seller Pages/Add_Edit Item/input_SELECT NONE_category'

2020-03-20 10:32:16 - [TEST_STEP][PASSED] - sendKeys(findTestObject("ADMIN/Edit Text/Bespoke/Seller Pages/Add_Edit Item/input_Item Description_item_description"), "*"): Keys '*' sent to object: 'Object Repository/ADMIN/Edit Text/Bespoke/Seller Pages/Add_Edit Item/input_Item Description_item_description'

2020-03-20 10:32:16 - [MESSAGE][PASSED] - Keys '*' sent to object: 'Object Repository/ADMIN/Edit Text/Bespoke/Seller Pages/Add_Edit Item/input_Item Description_item_description'

2020-03-20 10:32:16 - [TEST_STEP][PASSED] - sendKeys(findTestObject("ADMIN/Edit Text/Bespoke/Seller Pages/Add_Edit Item/input_ITEM COVER IMAGE_item_cover_image"), "*"): Keys '*' sent to object: 'Object Repository/ADMIN/Edit Text/Bespoke/Seller Pages/Add_Edit Item/input_ITEM COVER IMAGE_item_cover_image'

2020-03-20 10:32:16 - [MESSAGE][PASSED] - Keys '*' sent to object: 'Object Repository/ADMIN/Edit Text/Bespoke/Seller Pages/Add_Edit Item/input_ITEM COVER IMAGE_item_cover_image'

2020-03-20 10:32:16 - [TEST_STEP][PASSED] - sendKeys(findTestObject("ADMIN/Edit Text/Bespoke/Seller Pages/Add_Edit Item/input_ITEM COVER IMAGE_item_cover_details"), "*"): Keys '*' sent to object: 'Object Repository/ADMIN/Edit Text/Bespoke/Seller Pages/Add_Edit Item/input_ITEM COVER IMAGE_item_cover_details'

2020-03-20 10:32:16 - [MESSAGE][PASSED] - Keys '*' sent to object: 'Object Repository/ADMIN/Edit Text/Bespoke/Seller Pages/Add_Edit Item/input_ITEM COVER IMAGE_item_cover_details'

2020-03-20 10:32:16 - [TEST_STEP][PASSED] - sendKeys(findTestObject("ADMIN/Edit Text/Bespoke/Seller Pages/Add_Edit Item/input_BROWSE_browse_btn"), "*"): Keys '*' sent to object: 'Object Repository/ADMIN/Edit Text/Bespoke/Seller Pages/Add_Edit Item/input_BROWSE_browse_btn'

2020-03-20 10:32:16 - [MESSAGE][PASSED] - Keys '*' sent to object: 'Object Repository/ADMIN/Edit Text/Bespoke/Seller Pages/Add_Edit Item/input_BROWSE_browse_btn'

2020-03-20 10:32:16 - [TEST_STEP][PASSED] - sendKeys(findTestObject("ADMIN/Edit Text/Bespoke/Seller Pages/Add_Edit Item/input_Quantity_quantity"), "*"): Keys '*' sent to object: 'Object Repository/ADMIN/Edit Text/Bespoke/Seller Pages/Add_Edit Item/input_Quantity_quantity'

2020-03-20 10:32:16 - [MESSAGE][PASSED] - Keys '*' sent to object: 'Object Repository/ADMIN/Edit Text/Bespoke/Seller Pages/Add_Edit Item/input_Quantity_quantity'

2020-03-20 10:32:16 - [TEST_STEP][PASSED] - sendKeys(findTestObject("ADMIN/Edit Text/Bespoke/Seller Pages/Add_Edit Item/input_Unlimited Stock_unlimited_stock"), "*"): Keys '*' sent to object: 'Object Repository/ADMIN/Edit Text/Bespoke/Seller Pages/Add_Edit Item/input_Unlimited Stock_unlimited_stock'

2020-03-20 10:32:16 - [MESSAGE][PASSED] - Keys '*' sent to object: 'Object Repository/ADMIN/Edit Text/Bespoke/Seller Pages/Add_Edit Item/input_Unlimited Stock_unlimited_stock'

2020-03-20 10:32:16 - [TEST_STEP][PASSED] - sendKeys(findTestObject("ADMIN/Edit Text/Bespoke/Seller Pages/Add_Edit Item/input_YES_yes-txt"), "*"): Keys '*' sent to object: 'Object Repository/ADMIN/Edit Text/Bespoke/Seller Pages/Add_Edit Item/input_YES_yes-txt'

2020-03-20 10:32:17 - [MESSAGE][PASSED] - Keys '*' sent to object: 'Object Repository/ADMIN/Edit Text/Bespoke/Seller Pages/Add_Edit Item/input_YES_yes-txt'

2020-03-20 10:32:17 - [TEST_STEP][PASSED] - sendKeys(findTestObject("ADMIN/Edit Text/Bespoke/Seller Pages/Add_Edit Item/input_NO_no-txt"), "*"): Keys '*' sent to object: 'Object Repository/ADMIN/Edit Text/Bespoke/Seller Pages/Add_Edit Item/input_NO_no-txt'

2020-03-20 10:32:17 - [MESSAGE][PASSED] - Keys '*' sent to object: 'Object Repository/ADMIN/Edit Text/Bespoke/Seller Pages/Add_Edit Item/input_NO_no-txt'

2020-03-20 10:32:17 - [TEST_STEP][PASSED] - sendKeys(findTestObject("ADMIN/Edit Text/Bespoke/Seller Pages/Add_Edit Item/input_Variants_variants"), "*"): Keys '*' sent to object: 'Object Repository/ADMIN/Edit Text/Bespoke/Seller Pages/Add_Edit Item/input_Variants_variants'

2020-03-20 10:32:17 - [MESSAGE][PASSED] - Keys '*' sent to object: 'Object Repository/ADMIN/Edit Text/Bespoke/Seller Pages/Add_Edit Item/input_Variants_variants'

2020-03-20 10:32:17 - [TEST_STEP][PASSED] - sendKeys(findTestObject("ADMIN/Edit Text/Bespoke/Seller Pages/Add_Edit Item/input_Variant(s)_variant_s"), "*"): Keys '*' sent to object: 'Object Repository/ADMIN/Edit Text/Bespoke/Seller Pages/Add_Edit Item/input_Variant(s)_variant_s'

2020-03-20 10:32:17 - [MESSAGE][PASSED] - Keys '*' sent to object: 'Object Repository/ADMIN/Edit Text/Bespoke/Seller Pages/Add_Edit Item/input_Variant(s)_variant_s'

2020-03-20 10:32:17 - [TEST_STEP][PASSED] - sendKeys(findTestObject("ADMIN/Edit Text/Bespoke/Seller Pages/Add_Edit Item/input_Add up to 3 different available options for the item eg  Colour Size and Material_item_addUpto3Variants"), "*"): Keys '*' sent to object: 'Object Repository/ADMIN/Edit Text/Bespoke/Seller Pages/Add_Edit Item/input_Add up to 3 different available options for the item eg  Colour Size and Material_item_addUpto3Variants'

2020-03-20 10:32:17 - [MESSAGE][PASSED] - Keys '*' sent to object: 'Object Repository/ADMIN/Edit Text/Bespoke/Seller Pages/Add_Edit Item/input_Add up to 3 different available options for the item eg  Colour Size and Material_item_addUpto3Variants'

2020-03-20 10:32:17 - [TEST_STEP][PASSED] - sendKeys(findTestObject("ADMIN/Edit Text/Bespoke/Seller Pages/Add_Edit Item/input_Change_variants-change"), "*"): Keys '*' sent to object: 'Object Repository/ADMIN/Edit Text/Bespoke/Seller Pages/Add_Edit Item/input_Change_variants-change'

2020-03-20 10:32:17 - [MESSAGE][PASSED] - Keys '*' sent to object: 'Object Repository/ADMIN/Edit Text/Bespoke/Seller Pages/Add_Edit Item/input_Change_variants-change'

2020-03-20 10:32:17 - [TEST_STEP][PASSED] - sendKeys(findTestObject("ADMIN/Edit Text/Bespoke/Seller Pages/Add_Edit Item/input_Okay_variants-change"), "*"): Keys '*' sent to object: 'Object Repository/ADMIN/Edit Text/Bespoke/Seller Pages/Add_Edit Item/input_Okay_variants-change'

2020-03-20 10:32:17 - [MESSAGE][PASSED] - Keys '*' sent to object: 'Object Repository/ADMIN/Edit Text/Bespoke/Seller Pages/Add_Edit Item/input_Okay_variants-change'

2020-03-20 10:32:17 - [TEST_STEP][PASSED] - sendKeys(findTestObject("ADMIN/Edit Text/Bespoke/Seller Pages/Add_Edit Item/input_Cancel_variants-change"), "*"): Keys '*' sent to object: 'Object Repository/ADMIN/Edit Text/Bespoke/Seller Pages/Add_Edit Item/input_Cancel_variants-change'

2020-03-20 10:32:17 - [MESSAGE][PASSED] - Keys '*' sent to object: 'Object Repository/ADMIN/Edit Text/Bespoke/Seller Pages/Add_Edit Item/input_Cancel_variants-change'

2020-03-20 10:32:17 - [TEST_STEP][PASSED] - sendKeys(findTestObject("ADMIN/Edit Text/Bespoke/Seller Pages/Add_Edit Item/input_Add Variants_variants_btn"), "*"): Keys '*' sent to object: 'Object Repository/ADMIN/Edit Text/Bespoke/Seller Pages/Add_Edit Item/input_Add Variants_variants_btn'

2020-03-20 10:32:18 - [MESSAGE][PASSED] - Keys '*' sent to object: 'Object Repository/ADMIN/Edit Text/Bespoke/Seller Pages/Add_Edit Item/input_Add Variants_variants_btn'

2020-03-20 10:32:18 - [TEST_STEP][PASSED] - sendKeys(findTestObject("ADMIN/Edit Text/Bespoke/Seller Pages/Add_Edit Item/input_VARIANTS OPTIONS_option_name"), "*"): Keys '*' sent to object: 'Object Repository/ADMIN/Edit Text/Bespoke/Seller Pages/Add_Edit Item/input_VARIANTS OPTIONS_option_name'

2020-03-20 10:32:18 - [MESSAGE][PASSED] - Keys '*' sent to object: 'Object Repository/ADMIN/Edit Text/Bespoke/Seller Pages/Add_Edit Item/input_VARIANTS OPTIONS_option_name'

2020-03-20 10:32:18 - [TEST_STEP][PASSED] - sendKeys(findTestObject("ADMIN/Edit Text/Bespoke/Seller Pages/Add_Edit Item/input_VARIANTS CHOICES_option_choices"), "*"): Keys '*' sent to object: 'Object Repository/ADMIN/Edit Text/Bespoke/Seller Pages/Add_Edit Item/input_VARIANTS CHOICES_option_choices'

2020-03-20 10:32:18 - [MESSAGE][PASSED] - Keys '*' sent to object: 'Object Repository/ADMIN/Edit Text/Bespoke/Seller Pages/Add_Edit Item/input_VARIANTS CHOICES_option_choices'

2020-03-20 10:32:18 - [TEST_STEP][PASSED] - sendKeys(findTestObject("ADMIN/Edit Text/Bespoke/Seller Pages/Add_Edit Item/input_eg Colour_place_egcolour"), "*"): Keys '*' sent to object: 'Object Repository/ADMIN/Edit Text/Bespoke/Seller Pages/Add_Edit Item/input_eg Colour_place_egcolour'

2020-03-20 10:32:18 - [MESSAGE][PASSED] - Keys '*' sent to object: 'Object Repository/ADMIN/Edit Text/Bespoke/Seller Pages/Add_Edit Item/input_eg Colour_place_egcolour'

2020-03-20 10:32:18 - [TEST_STEP][PASSED] - sendKeys(findTestObject("ADMIN/Edit Text/Bespoke/Seller Pages/Add_Edit Item/input_eg Red_place_option"), "*"): Keys '*' sent to object: 'Object Repository/ADMIN/Edit Text/Bespoke/Seller Pages/Add_Edit Item/input_eg Red_place_option'

2020-03-20 10:32:18 - [MESSAGE][PASSED] - Keys '*' sent to object: 'Object Repository/ADMIN/Edit Text/Bespoke/Seller Pages/Add_Edit Item/input_eg Red_place_option'

2020-03-20 10:32:18 - [TEST_STEP][PASSED] - sendKeys(findTestObject("ADMIN/Edit Text/Bespoke/Seller Pages/Add_Edit Item/input_Color_place_colour"), "*"): Keys '*' sent to object: 'Object Repository/ADMIN/Edit Text/Bespoke/Seller Pages/Add_Edit Item/input_Color_place_colour'

2020-03-20 10:32:18 - [MESSAGE][PASSED] - Keys '*' sent to object: 'Object Repository/ADMIN/Edit Text/Bespoke/Seller Pages/Add_Edit Item/input_Color_place_colour'

2020-03-20 10:32:18 - [TEST_STEP][PASSED] - sendKeys(findTestObject("ADMIN/Edit Text/Bespoke/Seller Pages/Add_Edit Item/input_Red_place_option"), "*"): Keys '*' sent to object: 'Object Repository/ADMIN/Edit Text/Bespoke/Seller Pages/Add_Edit Item/input_Red_place_option'

2020-03-20 10:32:18 - [MESSAGE][PASSED] - Keys '*' sent to object: 'Object Repository/ADMIN/Edit Text/Bespoke/Seller Pages/Add_Edit Item/input_Red_place_option'

2020-03-20 10:32:18 - [TEST_STEP][PASSED] - sendKeys(findTestObject("ADMIN/Edit Text/Bespoke/Seller Pages/Add_Edit Item/input_Image_tbl_lbe_img"), "*"): Keys '*' sent to object: 'Object Repository/ADMIN/Edit Text/Bespoke/Seller Pages/Add_Edit Item/input_Image_tbl_lbe_img'

2020-03-20 10:32:18 - [MESSAGE][PASSED] - Keys '*' sent to object: 'Object Repository/ADMIN/Edit Text/Bespoke/Seller Pages/Add_Edit Item/input_Image_tbl_lbe_img'

2020-03-20 10:32:19 - [TEST_STEP][PASSED] - sendKeys(findTestObject("ADMIN/Edit Text/Bespoke/Seller Pages/Add_Edit Item/input_Same Image_tbl_lbe_same_img"), "*"): Keys '*' sent to object: 'Object Repository/ADMIN/Edit Text/Bespoke/Seller Pages/Add_Edit Item/input_Same Image_tbl_lbe_same_img'

2020-03-20 10:32:19 - [MESSAGE][PASSED] - Keys '*' sent to object: 'Object Repository/ADMIN/Edit Text/Bespoke/Seller Pages/Add_Edit Item/input_Same Image_tbl_lbe_same_img'

2020-03-20 10:32:19 - [TEST_STEP][PASSED] - sendKeys(findTestObject("ADMIN/Edit Text/Bespoke/Seller Pages/Add_Edit Item/input_Surcharge_tbl_lbe_surcharge"), "*"): Keys '*' sent to object: 'Object Repository/ADMIN/Edit Text/Bespoke/Seller Pages/Add_Edit Item/input_Surcharge_tbl_lbe_surcharge'

2020-03-20 10:32:19 - [MESSAGE][PASSED] - Keys '*' sent to object: 'Object Repository/ADMIN/Edit Text/Bespoke/Seller Pages/Add_Edit Item/input_Surcharge_tbl_lbe_surcharge'

2020-03-20 10:32:19 - [TEST_STEP][PASSED] - sendKeys(findTestObject("ADMIN/Edit Text/Bespoke/Seller Pages/Add_Edit Item/input_Total Price_tbl_lbe_price"), "*"): Keys '*' sent to object: 'Object Repository/ADMIN/Edit Text/Bespoke/Seller Pages/Add_Edit Item/input_Total Price_tbl_lbe_price'

2020-03-20 10:32:19 - [MESSAGE][PASSED] - Keys '*' sent to object: 'Object Repository/ADMIN/Edit Text/Bespoke/Seller Pages/Add_Edit Item/input_Total Price_tbl_lbe_price'

2020-03-20 10:32:19 - [TEST_STEP][PASSED] - sendKeys(findTestObject("ADMIN/Edit Text/Bespoke/Seller Pages/Add_Edit Item/input_Stock_tbl_lbe_stock"), "*"): Keys '*' sent to object: 'Object Repository/ADMIN/Edit Text/Bespoke/Seller Pages/Add_Edit Item/input_Stock_tbl_lbe_stock'

2020-03-20 10:32:19 - [MESSAGE][PASSED] - Keys '*' sent to object: 'Object Repository/ADMIN/Edit Text/Bespoke/Seller Pages/Add_Edit Item/input_Stock_tbl_lbe_stock'

2020-03-20 10:32:19 - [TEST_STEP][PASSED] - sendKeys(findTestObject("ADMIN/Edit Text/Bespoke/Seller Pages/Add_Edit Item/input_Unlimited_tbl_lbe_unlimited"), "*"): Keys '*' sent to object: 'Object Repository/ADMIN/Edit Text/Bespoke/Seller Pages/Add_Edit Item/input_Unlimited_tbl_lbe_unlimited'

2020-03-20 10:32:20 - [MESSAGE][PASSED] - Keys '*' sent to object: 'Object Repository/ADMIN/Edit Text/Bespoke/Seller Pages/Add_Edit Item/input_Unlimited_tbl_lbe_unlimited'

2020-03-20 10:32:20 - [TEST_STEP][PASSED] - sendKeys(findTestObject("ADMIN/Edit Text/Bespoke/Seller Pages/Add_Edit Item/input_DELIVERY OPTIONS_delivery_options"), "*"): Keys '*' sent to object: 'Object Repository/ADMIN/Edit Text/Bespoke/Seller Pages/Add_Edit Item/input_DELIVERY OPTIONS_delivery_options'

2020-03-20 10:32:20 - [MESSAGE][PASSED] - Keys '*' sent to object: 'Object Repository/ADMIN/Edit Text/Bespoke/Seller Pages/Add_Edit Item/input_DELIVERY OPTIONS_delivery_options'

2020-03-20 10:32:20 - [TEST_STEP][PASSED] - sendKeys(findTestObject("ADMIN/Edit Text/Bespoke/Seller Pages/Add_Edit Item/input_DELIVERY OPTIONS_delivery-txt2"), "*"): Keys '*' sent to object: 'Object Repository/ADMIN/Edit Text/Bespoke/Seller Pages/Add_Edit Item/input_DELIVERY OPTIONS_delivery-txt2'

2020-03-20 10:32:20 - [MESSAGE][PASSED] - Keys '*' sent to object: 'Object Repository/ADMIN/Edit Text/Bespoke/Seller Pages/Add_Edit Item/input_DELIVERY OPTIONS_delivery-txt2'

2020-03-20 10:32:20 - [TEST_STEP][PASSED] - sendKeys(findTestObject("ADMIN/Edit Text/Bespoke/Seller Pages/Add_Edit Item/input_Offer reduced shipping costs to buyers when they buy more than one item from you_delivery-txt2"), "*"): Keys '*' sent to object: 'Object Repository/ADMIN/Edit Text/Bespoke/Seller Pages/Add_Edit Item/input_Offer reduced shipping costs to buyers when they buy more than one item from you_delivery-txt2'

2020-03-20 10:32:20 - [MESSAGE][PASSED] - Keys '*' sent to object: 'Object Repository/ADMIN/Edit Text/Bespoke/Seller Pages/Add_Edit Item/input_Offer reduced shipping costs to buyers when they buy more than one item from you_delivery-txt2'

2020-03-20 10:32:20 - [TEST_STEP][PASSED] - sendKeys(findTestObject("ADMIN/Edit Text/Bespoke/Seller Pages/Add_Edit Item/input_total delivery"), "*"): Keys '*' sent to object: 'Object Repository/ADMIN/Edit Text/Bespoke/Seller Pages/Add_Edit Item/input_total delivery'

2020-03-20 10:32:20 - [MESSAGE][PASSED] - Keys '*' sent to object: 'Object Repository/ADMIN/Edit Text/Bespoke/Seller Pages/Add_Edit Item/input_total delivery'

2020-03-20 10:32:20 - [TEST_STEP][PASSED] - sendKeys(findTestObject("ADMIN/Edit Text/Bespoke/Seller Pages/Add_Edit Item/input_DELIVERY SERVICE_delivery_service"), "*"): Keys '*' sent to object: 'Object Repository/ADMIN/Edit Text/Bespoke/Seller Pages/Add_Edit Item/input_DELIVERY SERVICE_delivery_service'

2020-03-20 10:32:20 - [MESSAGE][PASSED] - Keys '*' sent to object: 'Object Repository/ADMIN/Edit Text/Bespoke/Seller Pages/Add_Edit Item/input_DELIVERY SERVICE_delivery_service'

2020-03-20 10:32:20 - [TEST_STEP][PASSED] - sendKeys(findTestObject("ADMIN/Edit Text/Bespoke/Seller Pages/Add_Edit Item/input_SINGLE ITEM DELIVERY (A)_delivery_surchrge"), "*"): Keys '*' sent to object: 'Object Repository/ADMIN/Edit Text/Bespoke/Seller Pages/Add_Edit Item/input_SINGLE ITEM DELIVERY (A)_delivery_surchrge'

2020-03-20 10:32:20 - [MESSAGE][PASSED] - Keys '*' sent to object: 'Object Repository/ADMIN/Edit Text/Bespoke/Seller Pages/Add_Edit Item/input_SINGLE ITEM DELIVERY (A)_delivery_surchrge'

2020-03-20 10:32:20 - [TEST_STEP][PASSED] - sendKeys(findTestObject("ADMIN/Edit Text/Bespoke/Seller Pages/Add_Edit Item/input_SINGLE ITEM (A)_additional_item"), "*"): Keys '*' sent to object: 'Object Repository/ADMIN/Edit Text/Bespoke/Seller Pages/Add_Edit Item/input_SINGLE ITEM (A)_additional_item'

2020-03-20 10:32:21 - [MESSAGE][PASSED] - Keys '*' sent to object: 'Object Repository/ADMIN/Edit Text/Bespoke/Seller Pages/Add_Edit Item/input_SINGLE ITEM (A)_additional_item'

2020-03-20 10:32:21 - [TEST_STEP][PASSED] - sendKeys(findTestObject("ADMIN/Edit Text/Bespoke/Seller Pages/Add_Edit Item/input_WITH OTHER ITEM (B)_additional_item"), "*"): Keys '*' sent to object: 'Object Repository/ADMIN/Edit Text/Bespoke/Seller Pages/Add_Edit Item/input_WITH OTHER ITEM (B)_additional_item'

2020-03-20 10:32:21 - [MESSAGE][PASSED] - Keys '*' sent to object: 'Object Repository/ADMIN/Edit Text/Bespoke/Seller Pages/Add_Edit Item/input_WITH OTHER ITEM (B)_additional_item'

2020-03-20 10:32:21 - [TEST_STEP][PASSED] - sendKeys(findTestObject("ADMIN/Edit Text/Bespoke/Seller Pages/Add_Edit Item/input_ADD NEW_btn_add_new"), "*"): Keys '*' sent to object: 'Object Repository/ADMIN/Edit Text/Bespoke/Seller Pages/Add_Edit Item/input_ADD NEW_btn_add_new'

2020-03-20 10:32:21 - [MESSAGE][PASSED] - Keys '*' sent to object: 'Object Repository/ADMIN/Edit Text/Bespoke/Seller Pages/Add_Edit Item/input_ADD NEW_btn_add_new'

2020-03-20 10:32:21 - [TEST_STEP][PASSED] - sendKeys(findTestObject("ADMIN/Edit Text/Bespoke/Seller Pages/Add_Edit Item/input_PICK-UP LOCATION_location_service"), "*"): Keys '*' sent to object: 'Object Repository/ADMIN/Edit Text/Bespoke/Seller Pages/Add_Edit Item/input_PICK-UP LOCATION_location_service'

2020-03-20 10:32:21 - [MESSAGE][PASSED] - Keys '*' sent to object: 'Object Repository/ADMIN/Edit Text/Bespoke/Seller Pages/Add_Edit Item/input_PICK-UP LOCATION_location_service'

2020-03-20 10:32:21 - [TEST_STEP][PASSED] - sendKeys(findTestObject("ADMIN/Edit Text/Bespoke/Seller Pages/Add_Edit Item/textarea_Please provide the address where the item may be collected by the buyer(You must select at least one delivery option or pickup location)"), "*"): Keys '*' sent to object: 'Object Repository/ADMIN/Edit Text/Bespoke/Seller Pages/Add_Edit Item/textarea_Please provide the address where the item may be collected by the buyer(You must select at least one delivery option or pickup location)'

2020-03-20 10:32:21 - [MESSAGE][PASSED] - Keys '*' sent to object: 'Object Repository/ADMIN/Edit Text/Bespoke/Seller Pages/Add_Edit Item/textarea_Please provide the address where the item may be collected by the buyer(You must select at least one delivery option or pickup location)'

2020-03-20 10:32:21 - [TEST_STEP][PASSED] - sendKeys(findTestObject("ADMIN/Edit Text/Bespoke/Seller Pages/Add_Edit Item/input_PICKUP LOCATION ADDRESS_location_address"), "*"): Keys '*' sent to object: 'Object Repository/ADMIN/Edit Text/Bespoke/Seller Pages/Add_Edit Item/input_PICKUP LOCATION ADDRESS_location_address'

2020-03-20 10:32:22 - [MESSAGE][PASSED] - Keys '*' sent to object: 'Object Repository/ADMIN/Edit Text/Bespoke/Seller Pages/Add_Edit Item/input_PICKUP LOCATION ADDRESS_location_address'

2020-03-20 10:32:22 - [TEST_STEP][PASSED] - sendKeys(findTestObject("ADMIN/Edit Text/Bespoke/Seller Pages/Add_Edit Item/input_add new 2"), "*"): Keys '*' sent to object: 'Object Repository/ADMIN/Edit Text/Bespoke/Seller Pages/Add_Edit Item/input_add new 2'

2020-03-20 10:32:22 - [MESSAGE][PASSED] - Keys '*' sent to object: 'Object Repository/ADMIN/Edit Text/Bespoke/Seller Pages/Add_Edit Item/input_add new 2'

2020-03-20 10:32:22 - [TEST_STEP][PASSED] - sendKeys(findTestObject("ADMIN/Edit Text/Bespoke/Seller Pages/Add_Edit Item/input_SAVE_btn_save"), "*"): Keys '*' sent to object: 'Object Repository/ADMIN/Edit Text/Bespoke/Seller Pages/Add_Edit Item/input_SAVE_btn_save'

2020-03-20 10:32:22 - [MESSAGE][PASSED] - Keys '*' sent to object: 'Object Repository/ADMIN/Edit Text/Bespoke/Seller Pages/Add_Edit Item/input_SAVE_btn_save'

2020-03-20 10:32:22 - [TEST_STEP][PASSED] - sendKeys(findTestObject("ADMIN/Edit Text/Bespoke/Seller Pages/Add_Edit Item/input_Item Saved_popup-title"), "*"): Keys '*' sent to object: 'Object Repository/ADMIN/Edit Text/Bespoke/Seller Pages/Add_Edit Item/input_Item Saved_popup-title'

2020-03-20 10:32:22 - [MESSAGE][PASSED] - Keys '*' sent to object: 'Object Repository/ADMIN/Edit Text/Bespoke/Seller Pages/Add_Edit Item/input_Item Saved_popup-title'

2020-03-20 10:32:22 - [TEST_STEP][PASSED] - sendKeys(findTestObject("ADMIN/Edit Text/Bespoke/Seller Pages/Add_Edit Item/input_This item has been saved in_popup-title2"), "*"): Keys '*' sent to object: 'Object Repository/ADMIN/Edit Text/Bespoke/Seller Pages/Add_Edit Item/input_This item has been saved in_popup-title2'

2020-03-20 10:32:22 - [MESSAGE][PASSED] - Keys '*' sent to object: 'Object Repository/ADMIN/Edit Text/Bespoke/Seller Pages/Add_Edit Item/input_This item has been saved in_popup-title2'

2020-03-20 10:32:22 - [TEST_STEP][PASSED] - sendKeys(findTestObject("ADMIN/Edit Text/Bespoke/Seller Pages/Add_Edit Item/input_The default language of the buyer pages is_popup-title2"), "*"): Keys '*' sent to object: 'Object Repository/ADMIN/Edit Text/Bespoke/Seller Pages/Add_Edit Item/input_The default language of the buyer pages is_popup-title2'

2020-03-20 10:32:22 - [MESSAGE][PASSED] - Keys '*' sent to object: 'Object Repository/ADMIN/Edit Text/Bespoke/Seller Pages/Add_Edit Item/input_The default language of the buyer pages is_popup-title2'

2020-03-20 10:32:22 - [TEST_STEP][PASSED] - sendKeys(findTestObject("ADMIN/Edit Text/Bespoke/Seller Pages/Add_Edit Item/input_We recommend you at least add a translation in that language_popup-title2"), "*"): Keys '*' sent to object: 'Object Repository/ADMIN/Edit Text/Bespoke/Seller Pages/Add_Edit Item/input_We recommend you at least add a translation in that language_popup-title2'

2020-03-20 10:32:23 - [MESSAGE][PASSED] - Keys '*' sent to object: 'Object Repository/ADMIN/Edit Text/Bespoke/Seller Pages/Add_Edit Item/input_We recommend you at least add a translation in that language_popup-title2'

2020-03-20 10:32:23 - [TEST_STEP][PASSED] - sendKeys(findTestObject("ADMIN/Edit Text/Bespoke/Seller Pages/Add_Edit Item/input_concat(I  ll do it later)_btn_okay"), "*"): Keys '*' sent to object: 'Object Repository/ADMIN/Edit Text/Bespoke/Seller Pages/Add_Edit Item/input_concat(I  ll do it later)_btn_okay'

2020-03-20 10:32:23 - [MESSAGE][PASSED] - Keys '*' sent to object: 'Object Repository/ADMIN/Edit Text/Bespoke/Seller Pages/Add_Edit Item/input_concat(I  ll do it later)_btn_okay'

2020-03-20 10:32:23 - [TEST_STEP][PASSED] - sendKeys(findTestObject("ADMIN/Edit Text/Bespoke/Seller Pages/Add_Edit Item/input_Add Translations_btn_okay"), "*"): Keys '*' sent to object: 'Object Repository/ADMIN/Edit Text/Bespoke/Seller Pages/Add_Edit Item/input_Add Translations_btn_okay'

2020-03-20 10:32:23 - [MESSAGE][PASSED] - Keys '*' sent to object: 'Object Repository/ADMIN/Edit Text/Bespoke/Seller Pages/Add_Edit Item/input_Add Translations_btn_okay'

2020-03-20 10:32:23 - [TEST_STEP][PASSED] - sendKeys(findTestObject("ADMIN/Edit Text/Bespoke/Seller Pages/Add_Edit Item/input_Edit Translations_btn_okay"), "*"): Keys '*' sent to object: 'Object Repository/ADMIN/Edit Text/Bespoke/Seller Pages/Add_Edit Item/input_Edit Translations_btn_okay'

2020-03-20 10:32:23 - [MESSAGE][PASSED] - Keys '*' sent to object: 'Object Repository/ADMIN/Edit Text/Bespoke/Seller Pages/Add_Edit Item/input_Edit Translations_btn_okay'

2020-03-20 10:32:23 - [TEST_STEP][PASSED] - click(findTestObject("ADMIN/Edit Text/Bespoke/Buyer Pages/Homepage/button_save"), CONTINUE_ON_FAILURE): Object: 'Object Repository/ADMIN/Edit Text/Bespoke/Buyer Pages/Homepage/button_save' is clicked on

2020-03-20 10:32:23 - [MESSAGE][PASSED] - Object: 'Object Repository/ADMIN/Edit Text/Bespoke/Buyer Pages/Homepage/button_save' is clicked on

2020-03-20 10:32:23 - [TEST_STEP][PASSED] - waitForElementVisible(findTestObject("ADMIN/Edit Text/Bespoke/Buyer Pages/Homepage/toaster_success"), 0): Object 'Object Repository/ADMIN/Edit Text/Bespoke/Buyer Pages/Homepage/toaster_success' is visible

2020-03-20 10:32:23 - [MESSAGE][WARNING] - Timeout '0' is invalid. Using default page load timeout: '30'

2020-03-20 10:32:25 - [MESSAGE][PASSED] - Object 'Object Repository/ADMIN/Edit Text/Bespoke/Buyer Pages/Homepage/toaster_success' is visible]]></system-out>
         <system-err><![CDATA[]]></system-err>
      </testcase>
      <testcase name="Test Cases/ADMIN/Language/Edit Text/Bespoke/Seller/Add_Edit Item" time="12.661" classname="Test Cases/ADMIN/Language/Edit Text/Bespoke/Seller/Add_Edit Item" status="PASSED">
         <system-out><![CDATA[2020-03-20 10:32:25 - [TEST_CASE][PASSED] - Test Cases/ADMIN/Language/Edit Text/Bespoke/Seller/Add_Edit Item: Test Cases/ADMIN/Language/Edit Text/Bespoke/Seller/Add_Edit Item

2020-03-20 10:32:25 - [TEST_STEP][PASSED] - waitForElementVisible(findTestObject("ADMIN/Edit Text/Bespoke/Buyer Navigation/dd_language"), 0): Object 'Object Repository/ADMIN/Edit Text/Bespoke/Buyer Navigation/dd_language' is visible

2020-03-20 10:32:25 - [MESSAGE][WARNING] - Timeout '0' is invalid. Using default page load timeout: '30'

2020-03-20 10:32:25 - [MESSAGE][PASSED] - Object 'Object Repository/ADMIN/Edit Text/Bespoke/Buyer Navigation/dd_language' is visible

2020-03-20 10:32:25 - [TEST_STEP][PASSED] - selectOptionByLabel(findTestObject("ADMIN/Edit Text/Bespoke/Buyer Navigation/dd_language"), varLanguage, false): All options with label 'Portuguese' are selected in object 'Object Repository/ADMIN/Edit Text/Bespoke/Buyer Navigation/dd_language' 

2020-03-20 10:32:27 - [MESSAGE][PASSED] - All options with label 'Portuguese' are selected in object 'Object Repository/ADMIN/Edit Text/Bespoke/Buyer Navigation/dd_language' 

2020-03-20 10:32:27 - [TEST_STEP][PASSED] - sendKeys(findTestObject("ADMIN/Edit Text/Bespoke/Seller Pages/Add_Edit Item/input_YOUR ITEMS_item_name"), "*"): Keys '*' sent to object: 'Object Repository/ADMIN/Edit Text/Bespoke/Seller Pages/Add_Edit Item/input_YOUR ITEMS_item_name'

2020-03-20 10:32:27 - [MESSAGE][PASSED] - Keys '*' sent to object: 'Object Repository/ADMIN/Edit Text/Bespoke/Seller Pages/Add_Edit Item/input_YOUR ITEMS_item_name'

2020-03-20 10:32:27 - [TEST_STEP][PASSED] - sendKeys(findTestObject("ADMIN/Edit Text/Bespoke/Seller Pages/Add_Edit Item/input_Fill in your item details here_item_details"), "*"): Keys '*' sent to object: 'Object Repository/ADMIN/Edit Text/Bespoke/Seller Pages/Add_Edit Item/input_Fill in your item details here_item_details'

2020-03-20 10:32:27 - [MESSAGE][PASSED] - Keys '*' sent to object: 'Object Repository/ADMIN/Edit Text/Bespoke/Seller Pages/Add_Edit Item/input_Fill in your item details here_item_details'

2020-03-20 10:32:27 - [TEST_STEP][PASSED] - sendKeys(findTestObject("ADMIN/Edit Text/Bespoke/Seller Pages/Add_Edit Item/input_Category_category"), "*"): Keys '*' sent to object: 'Object Repository/ADMIN/Edit Text/Bespoke/Seller Pages/Add_Edit Item/input_Category_category'

2020-03-20 10:32:28 - [MESSAGE][PASSED] - Keys '*' sent to object: 'Object Repository/ADMIN/Edit Text/Bespoke/Seller Pages/Add_Edit Item/input_Category_category'

2020-03-20 10:32:28 - [TEST_STEP][PASSED] - sendKeys(findTestObject("ADMIN/Edit Text/Bespoke/Seller Pages/Add_Edit Item/input_Select a Category_category"), "*"): Keys '*' sent to object: 'Object Repository/ADMIN/Edit Text/Bespoke/Seller Pages/Add_Edit Item/input_Select a Category_category'

2020-03-20 10:32:28 - [MESSAGE][PASSED] - Keys '*' sent to object: 'Object Repository/ADMIN/Edit Text/Bespoke/Seller Pages/Add_Edit Item/input_Select a Category_category'

2020-03-20 10:32:28 - [TEST_STEP][PASSED] - sendKeys(findTestObject("ADMIN/Edit Text/Bespoke/Seller Pages/Add_Edit Item/input_Item Name_item_name"), "*"): Keys '*' sent to object: 'Object Repository/ADMIN/Edit Text/Bespoke/Seller Pages/Add_Edit Item/input_Item Name_item_name'

2020-03-20 10:32:28 - [MESSAGE][PASSED] - Keys '*' sent to object: 'Object Repository/ADMIN/Edit Text/Bespoke/Seller Pages/Add_Edit Item/input_Item Name_item_name'

2020-03-20 10:32:28 - [TEST_STEP][PASSED] - sendKeys(findTestObject("ADMIN/Edit Text/Bespoke/Seller Pages/Add_Edit Item/input_Price_price"), "*"): Keys '*' sent to object: 'Object Repository/ADMIN/Edit Text/Bespoke/Seller Pages/Add_Edit Item/input_Price_price'

2020-03-20 10:32:28 - [MESSAGE][PASSED] - Keys '*' sent to object: 'Object Repository/ADMIN/Edit Text/Bespoke/Seller Pages/Add_Edit Item/input_Price_price'

2020-03-20 10:32:28 - [TEST_STEP][PASSED] - sendKeys(findTestObject("ADMIN/Edit Text/Bespoke/Seller Pages/Add_Edit Item/input_SELECT ALL_category"), "*"): Keys '*' sent to object: 'Object Repository/ADMIN/Edit Text/Bespoke/Seller Pages/Add_Edit Item/input_SELECT ALL_category'

2020-03-20 10:32:28 - [MESSAGE][PASSED] - Keys '*' sent to object: 'Object Repository/ADMIN/Edit Text/Bespoke/Seller Pages/Add_Edit Item/input_SELECT ALL_category'

2020-03-20 10:32:28 - [TEST_STEP][PASSED] - sendKeys(findTestObject("ADMIN/Edit Text/Bespoke/Seller Pages/Add_Edit Item/input_SELECT NONE_category"), "*"): Keys '*' sent to object: 'Object Repository/ADMIN/Edit Text/Bespoke/Seller Pages/Add_Edit Item/input_SELECT NONE_category'

2020-03-20 10:32:28 - [MESSAGE][PASSED] - Keys '*' sent to object: 'Object Repository/ADMIN/Edit Text/Bespoke/Seller Pages/Add_Edit Item/input_SELECT NONE_category'

2020-03-20 10:32:28 - [TEST_STEP][PASSED] - sendKeys(findTestObject("ADMIN/Edit Text/Bespoke/Seller Pages/Add_Edit Item/input_Item Description_item_description"), "*"): Keys '*' sent to object: 'Object Repository/ADMIN/Edit Text/Bespoke/Seller Pages/Add_Edit Item/input_Item Description_item_description'

2020-03-20 10:32:28 - [MESSAGE][PASSED] - Keys '*' sent to object: 'Object Repository/ADMIN/Edit Text/Bespoke/Seller Pages/Add_Edit Item/input_Item Description_item_description'

2020-03-20 10:32:28 - [TEST_STEP][PASSED] - sendKeys(findTestObject("ADMIN/Edit Text/Bespoke/Seller Pages/Add_Edit Item/input_ITEM COVER IMAGE_item_cover_image"), "*"): Keys '*' sent to object: 'Object Repository/ADMIN/Edit Text/Bespoke/Seller Pages/Add_Edit Item/input_ITEM COVER IMAGE_item_cover_image'

2020-03-20 10:32:29 - [MESSAGE][PASSED] - Keys '*' sent to object: 'Object Repository/ADMIN/Edit Text/Bespoke/Seller Pages/Add_Edit Item/input_ITEM COVER IMAGE_item_cover_image'

2020-03-20 10:32:29 - [TEST_STEP][PASSED] - sendKeys(findTestObject("ADMIN/Edit Text/Bespoke/Seller Pages/Add_Edit Item/input_ITEM COVER IMAGE_item_cover_details"), "*"): Keys '*' sent to object: 'Object Repository/ADMIN/Edit Text/Bespoke/Seller Pages/Add_Edit Item/input_ITEM COVER IMAGE_item_cover_details'

2020-03-20 10:32:29 - [MESSAGE][PASSED] - Keys '*' sent to object: 'Object Repository/ADMIN/Edit Text/Bespoke/Seller Pages/Add_Edit Item/input_ITEM COVER IMAGE_item_cover_details'

2020-03-20 10:32:29 - [TEST_STEP][PASSED] - sendKeys(findTestObject("ADMIN/Edit Text/Bespoke/Seller Pages/Add_Edit Item/input_BROWSE_browse_btn"), "*"): Keys '*' sent to object: 'Object Repository/ADMIN/Edit Text/Bespoke/Seller Pages/Add_Edit Item/input_BROWSE_browse_btn'

2020-03-20 10:32:29 - [MESSAGE][PASSED] - Keys '*' sent to object: 'Object Repository/ADMIN/Edit Text/Bespoke/Seller Pages/Add_Edit Item/input_BROWSE_browse_btn'

2020-03-20 10:32:29 - [TEST_STEP][PASSED] - sendKeys(findTestObject("ADMIN/Edit Text/Bespoke/Seller Pages/Add_Edit Item/input_Quantity_quantity"), "*"): Keys '*' sent to object: 'Object Repository/ADMIN/Edit Text/Bespoke/Seller Pages/Add_Edit Item/input_Quantity_quantity'

2020-03-20 10:32:29 - [MESSAGE][PASSED] - Keys '*' sent to object: 'Object Repository/ADMIN/Edit Text/Bespoke/Seller Pages/Add_Edit Item/input_Quantity_quantity'

2020-03-20 10:32:29 - [TEST_STEP][PASSED] - sendKeys(findTestObject("ADMIN/Edit Text/Bespoke/Seller Pages/Add_Edit Item/input_Unlimited Stock_unlimited_stock"), "*"): Keys '*' sent to object: 'Object Repository/ADMIN/Edit Text/Bespoke/Seller Pages/Add_Edit Item/input_Unlimited Stock_unlimited_stock'

2020-03-20 10:32:29 - [MESSAGE][PASSED] - Keys '*' sent to object: 'Object Repository/ADMIN/Edit Text/Bespoke/Seller Pages/Add_Edit Item/input_Unlimited Stock_unlimited_stock'

2020-03-20 10:32:29 - [TEST_STEP][PASSED] - sendKeys(findTestObject("ADMIN/Edit Text/Bespoke/Seller Pages/Add_Edit Item/input_YES_yes-txt"), "*"): Keys '*' sent to object: 'Object Repository/ADMIN/Edit Text/Bespoke/Seller Pages/Add_Edit Item/input_YES_yes-txt'

2020-03-20 10:32:29 - [MESSAGE][PASSED] - Keys '*' sent to object: 'Object Repository/ADMIN/Edit Text/Bespoke/Seller Pages/Add_Edit Item/input_YES_yes-txt'

2020-03-20 10:32:29 - [TEST_STEP][PASSED] - sendKeys(findTestObject("ADMIN/Edit Text/Bespoke/Seller Pages/Add_Edit Item/input_NO_no-txt"), "*"): Keys '*' sent to object: 'Object Repository/ADMIN/Edit Text/Bespoke/Seller Pages/Add_Edit Item/input_NO_no-txt'

2020-03-20 10:32:29 - [MESSAGE][PASSED] - Keys '*' sent to object: 'Object Repository/ADMIN/Edit Text/Bespoke/Seller Pages/Add_Edit Item/input_NO_no-txt'

2020-03-20 10:32:29 - [TEST_STEP][PASSED] - sendKeys(findTestObject("ADMIN/Edit Text/Bespoke/Seller Pages/Add_Edit Item/input_Variants_variants"), "*"): Keys '*' sent to object: 'Object Repository/ADMIN/Edit Text/Bespoke/Seller Pages/Add_Edit Item/input_Variants_variants'

2020-03-20 10:32:30 - [MESSAGE][PASSED] - Keys '*' sent to object: 'Object Repository/ADMIN/Edit Text/Bespoke/Seller Pages/Add_Edit Item/input_Variants_variants'

2020-03-20 10:32:30 - [TEST_STEP][PASSED] - sendKeys(findTestObject("ADMIN/Edit Text/Bespoke/Seller Pages/Add_Edit Item/input_Variant(s)_variant_s"), "*"): Keys '*' sent to object: 'Object Repository/ADMIN/Edit Text/Bespoke/Seller Pages/Add_Edit Item/input_Variant(s)_variant_s'

2020-03-20 10:32:30 - [MESSAGE][PASSED] - Keys '*' sent to object: 'Object Repository/ADMIN/Edit Text/Bespoke/Seller Pages/Add_Edit Item/input_Variant(s)_variant_s'

2020-03-20 10:32:30 - [TEST_STEP][PASSED] - sendKeys(findTestObject("ADMIN/Edit Text/Bespoke/Seller Pages/Add_Edit Item/input_Add up to 3 different available options for the item eg  Colour Size and Material_item_addUpto3Variants"), "*"): Keys '*' sent to object: 'Object Repository/ADMIN/Edit Text/Bespoke/Seller Pages/Add_Edit Item/input_Add up to 3 different available options for the item eg  Colour Size and Material_item_addUpto3Variants'

2020-03-20 10:32:30 - [MESSAGE][PASSED] - Keys '*' sent to object: 'Object Repository/ADMIN/Edit Text/Bespoke/Seller Pages/Add_Edit Item/input_Add up to 3 different available options for the item eg  Colour Size and Material_item_addUpto3Variants'

2020-03-20 10:32:30 - [TEST_STEP][PASSED] - sendKeys(findTestObject("ADMIN/Edit Text/Bespoke/Seller Pages/Add_Edit Item/input_Change_variants-change"), "*"): Keys '*' sent to object: 'Object Repository/ADMIN/Edit Text/Bespoke/Seller Pages/Add_Edit Item/input_Change_variants-change'

2020-03-20 10:32:30 - [MESSAGE][PASSED] - Keys '*' sent to object: 'Object Repository/ADMIN/Edit Text/Bespoke/Seller Pages/Add_Edit Item/input_Change_variants-change'

2020-03-20 10:32:30 - [TEST_STEP][PASSED] - sendKeys(findTestObject("ADMIN/Edit Text/Bespoke/Seller Pages/Add_Edit Item/input_Okay_variants-change"), "*"): Keys '*' sent to object: 'Object Repository/ADMIN/Edit Text/Bespoke/Seller Pages/Add_Edit Item/input_Okay_variants-change'

2020-03-20 10:32:30 - [MESSAGE][PASSED] - Keys '*' sent to object: 'Object Repository/ADMIN/Edit Text/Bespoke/Seller Pages/Add_Edit Item/input_Okay_variants-change'

2020-03-20 10:32:30 - [TEST_STEP][PASSED] - sendKeys(findTestObject("ADMIN/Edit Text/Bespoke/Seller Pages/Add_Edit Item/input_Cancel_variants-change"), "*"): Keys '*' sent to object: 'Object Repository/ADMIN/Edit Text/Bespoke/Seller Pages/Add_Edit Item/input_Cancel_variants-change'

2020-03-20 10:32:30 - [MESSAGE][PASSED] - Keys '*' sent to object: 'Object Repository/ADMIN/Edit Text/Bespoke/Seller Pages/Add_Edit Item/input_Cancel_variants-change'

2020-03-20 10:32:30 - [TEST_STEP][PASSED] - sendKeys(findTestObject("ADMIN/Edit Text/Bespoke/Seller Pages/Add_Edit Item/input_Add Variants_variants_btn"), "*"): Keys '*' sent to object: 'Object Repository/ADMIN/Edit Text/Bespoke/Seller Pages/Add_Edit Item/input_Add Variants_variants_btn'

2020-03-20 10:32:30 - [MESSAGE][PASSED] - Keys '*' sent to object: 'Object Repository/ADMIN/Edit Text/Bespoke/Seller Pages/Add_Edit Item/input_Add Variants_variants_btn'

2020-03-20 10:32:30 - [TEST_STEP][PASSED] - sendKeys(findTestObject("ADMIN/Edit Text/Bespoke/Seller Pages/Add_Edit Item/input_VARIANTS OPTIONS_option_name"), "*"): Keys '*' sent to object: 'Object Repository/ADMIN/Edit Text/Bespoke/Seller Pages/Add_Edit Item/input_VARIANTS OPTIONS_option_name'

2020-03-20 10:32:31 - [MESSAGE][PASSED] - Keys '*' sent to object: 'Object Repository/ADMIN/Edit Text/Bespoke/Seller Pages/Add_Edit Item/input_VARIANTS OPTIONS_option_name'

2020-03-20 10:32:31 - [TEST_STEP][PASSED] - sendKeys(findTestObject("ADMIN/Edit Text/Bespoke/Seller Pages/Add_Edit Item/input_VARIANTS CHOICES_option_choices"), "*"): Keys '*' sent to object: 'Object Repository/ADMIN/Edit Text/Bespoke/Seller Pages/Add_Edit Item/input_VARIANTS CHOICES_option_choices'

2020-03-20 10:32:31 - [MESSAGE][PASSED] - Keys '*' sent to object: 'Object Repository/ADMIN/Edit Text/Bespoke/Seller Pages/Add_Edit Item/input_VARIANTS CHOICES_option_choices'

2020-03-20 10:32:31 - [TEST_STEP][PASSED] - sendKeys(findTestObject("ADMIN/Edit Text/Bespoke/Seller Pages/Add_Edit Item/input_eg Colour_place_egcolour"), "*"): Keys '*' sent to object: 'Object Repository/ADMIN/Edit Text/Bespoke/Seller Pages/Add_Edit Item/input_eg Colour_place_egcolour'

2020-03-20 10:32:31 - [MESSAGE][PASSED] - Keys '*' sent to object: 'Object Repository/ADMIN/Edit Text/Bespoke/Seller Pages/Add_Edit Item/input_eg Colour_place_egcolour'

2020-03-20 10:32:31 - [TEST_STEP][PASSED] - sendKeys(findTestObject("ADMIN/Edit Text/Bespoke/Seller Pages/Add_Edit Item/input_eg Red_place_option"), "*"): Keys '*' sent to object: 'Object Repository/ADMIN/Edit Text/Bespoke/Seller Pages/Add_Edit Item/input_eg Red_place_option'

2020-03-20 10:32:31 - [MESSAGE][PASSED] - Keys '*' sent to object: 'Object Repository/ADMIN/Edit Text/Bespoke/Seller Pages/Add_Edit Item/input_eg Red_place_option'

2020-03-20 10:32:31 - [TEST_STEP][PASSED] - sendKeys(findTestObject("ADMIN/Edit Text/Bespoke/Seller Pages/Add_Edit Item/input_Color_place_colour"), "*"): Keys '*' sent to object: 'Object Repository/ADMIN/Edit Text/Bespoke/Seller Pages/Add_Edit Item/input_Color_place_colour'

2020-03-20 10:32:31 - [MESSAGE][PASSED] - Keys '*' sent to object: 'Object Repository/ADMIN/Edit Text/Bespoke/Seller Pages/Add_Edit Item/input_Color_place_colour'

2020-03-20 10:32:31 - [TEST_STEP][PASSED] - sendKeys(findTestObject("ADMIN/Edit Text/Bespoke/Seller Pages/Add_Edit Item/input_Red_place_option"), "*"): Keys '*' sent to object: 'Object Repository/ADMIN/Edit Text/Bespoke/Seller Pages/Add_Edit Item/input_Red_place_option'

2020-03-20 10:32:31 - [MESSAGE][PASSED] - Keys '*' sent to object: 'Object Repository/ADMIN/Edit Text/Bespoke/Seller Pages/Add_Edit Item/input_Red_place_option'

2020-03-20 10:32:31 - [TEST_STEP][PASSED] - sendKeys(findTestObject("ADMIN/Edit Text/Bespoke/Seller Pages/Add_Edit Item/input_Image_tbl_lbe_img"), "*"): Keys '*' sent to object: 'Object Repository/ADMIN/Edit Text/Bespoke/Seller Pages/Add_Edit Item/input_Image_tbl_lbe_img'

2020-03-20 10:32:32 - [MESSAGE][PASSED] - Keys '*' sent to object: 'Object Repository/ADMIN/Edit Text/Bespoke/Seller Pages/Add_Edit Item/input_Image_tbl_lbe_img'

2020-03-20 10:32:32 - [TEST_STEP][PASSED] - sendKeys(findTestObject("ADMIN/Edit Text/Bespoke/Seller Pages/Add_Edit Item/input_Same Image_tbl_lbe_same_img"), "*"): Keys '*' sent to object: 'Object Repository/ADMIN/Edit Text/Bespoke/Seller Pages/Add_Edit Item/input_Same Image_tbl_lbe_same_img'

2020-03-20 10:32:32 - [MESSAGE][PASSED] - Keys '*' sent to object: 'Object Repository/ADMIN/Edit Text/Bespoke/Seller Pages/Add_Edit Item/input_Same Image_tbl_lbe_same_img'

2020-03-20 10:32:32 - [TEST_STEP][PASSED] - sendKeys(findTestObject("ADMIN/Edit Text/Bespoke/Seller Pages/Add_Edit Item/input_Surcharge_tbl_lbe_surcharge"), "*"): Keys '*' sent to object: 'Object Repository/ADMIN/Edit Text/Bespoke/Seller Pages/Add_Edit Item/input_Surcharge_tbl_lbe_surcharge'

2020-03-20 10:32:32 - [MESSAGE][PASSED] - Keys '*' sent to object: 'Object Repository/ADMIN/Edit Text/Bespoke/Seller Pages/Add_Edit Item/input_Surcharge_tbl_lbe_surcharge'

2020-03-20 10:32:32 - [TEST_STEP][PASSED] - sendKeys(findTestObject("ADMIN/Edit Text/Bespoke/Seller Pages/Add_Edit Item/input_Total Price_tbl_lbe_price"), "*"): Keys '*' sent to object: 'Object Repository/ADMIN/Edit Text/Bespoke/Seller Pages/Add_Edit Item/input_Total Price_tbl_lbe_price'

2020-03-20 10:32:32 - [MESSAGE][PASSED] - Keys '*' sent to object: 'Object Repository/ADMIN/Edit Text/Bespoke/Seller Pages/Add_Edit Item/input_Total Price_tbl_lbe_price'

2020-03-20 10:32:32 - [TEST_STEP][PASSED] - sendKeys(findTestObject("ADMIN/Edit Text/Bespoke/Seller Pages/Add_Edit Item/input_Stock_tbl_lbe_stock"), "*"): Keys '*' sent to object: 'Object Repository/ADMIN/Edit Text/Bespoke/Seller Pages/Add_Edit Item/input_Stock_tbl_lbe_stock'

2020-03-20 10:32:32 - [MESSAGE][PASSED] - Keys '*' sent to object: 'Object Repository/ADMIN/Edit Text/Bespoke/Seller Pages/Add_Edit Item/input_Stock_tbl_lbe_stock'

2020-03-20 10:32:32 - [TEST_STEP][PASSED] - sendKeys(findTestObject("ADMIN/Edit Text/Bespoke/Seller Pages/Add_Edit Item/input_Unlimited_tbl_lbe_unlimited"), "*"): Keys '*' sent to object: 'Object Repository/ADMIN/Edit Text/Bespoke/Seller Pages/Add_Edit Item/input_Unlimited_tbl_lbe_unlimited'

2020-03-20 10:32:32 - [MESSAGE][PASSED] - Keys '*' sent to object: 'Object Repository/ADMIN/Edit Text/Bespoke/Seller Pages/Add_Edit Item/input_Unlimited_tbl_lbe_unlimited'

2020-03-20 10:32:32 - [TEST_STEP][PASSED] - sendKeys(findTestObject("ADMIN/Edit Text/Bespoke/Seller Pages/Add_Edit Item/input_DELIVERY OPTIONS_delivery_options"), "*"): Keys '*' sent to object: 'Object Repository/ADMIN/Edit Text/Bespoke/Seller Pages/Add_Edit Item/input_DELIVERY OPTIONS_delivery_options'

2020-03-20 10:32:32 - [MESSAGE][PASSED] - Keys '*' sent to object: 'Object Repository/ADMIN/Edit Text/Bespoke/Seller Pages/Add_Edit Item/input_DELIVERY OPTIONS_delivery_options'

2020-03-20 10:32:32 - [TEST_STEP][PASSED] - sendKeys(findTestObject("ADMIN/Edit Text/Bespoke/Seller Pages/Add_Edit Item/input_DELIVERY OPTIONS_delivery-txt2"), "*"): Keys '*' sent to object: 'Object Repository/ADMIN/Edit Text/Bespoke/Seller Pages/Add_Edit Item/input_DELIVERY OPTIONS_delivery-txt2'

2020-03-20 10:32:33 - [MESSAGE][PASSED] - Keys '*' sent to object: 'Object Repository/ADMIN/Edit Text/Bespoke/Seller Pages/Add_Edit Item/input_DELIVERY OPTIONS_delivery-txt2'

2020-03-20 10:32:33 - [TEST_STEP][PASSED] - sendKeys(findTestObject("ADMIN/Edit Text/Bespoke/Seller Pages/Add_Edit Item/input_Offer reduced shipping costs to buyers when they buy more than one item from you_delivery-txt2"), "*"): Keys '*' sent to object: 'Object Repository/ADMIN/Edit Text/Bespoke/Seller Pages/Add_Edit Item/input_Offer reduced shipping costs to buyers when they buy more than one item from you_delivery-txt2'

2020-03-20 10:32:33 - [MESSAGE][PASSED] - Keys '*' sent to object: 'Object Repository/ADMIN/Edit Text/Bespoke/Seller Pages/Add_Edit Item/input_Offer reduced shipping costs to buyers when they buy more than one item from you_delivery-txt2'

2020-03-20 10:32:33 - [TEST_STEP][PASSED] - sendKeys(findTestObject("ADMIN/Edit Text/Bespoke/Seller Pages/Add_Edit Item/input_total delivery"), "*"): Keys '*' sent to object: 'Object Repository/ADMIN/Edit Text/Bespoke/Seller Pages/Add_Edit Item/input_total delivery'

2020-03-20 10:32:33 - [MESSAGE][PASSED] - Keys '*' sent to object: 'Object Repository/ADMIN/Edit Text/Bespoke/Seller Pages/Add_Edit Item/input_total delivery'

2020-03-20 10:32:33 - [TEST_STEP][PASSED] - sendKeys(findTestObject("ADMIN/Edit Text/Bespoke/Seller Pages/Add_Edit Item/input_DELIVERY SERVICE_delivery_service"), "*"): Keys '*' sent to object: 'Object Repository/ADMIN/Edit Text/Bespoke/Seller Pages/Add_Edit Item/input_DELIVERY SERVICE_delivery_service'

2020-03-20 10:32:33 - [MESSAGE][PASSED] - Keys '*' sent to object: 'Object Repository/ADMIN/Edit Text/Bespoke/Seller Pages/Add_Edit Item/input_DELIVERY SERVICE_delivery_service'

2020-03-20 10:32:33 - [TEST_STEP][PASSED] - sendKeys(findTestObject("ADMIN/Edit Text/Bespoke/Seller Pages/Add_Edit Item/input_SINGLE ITEM DELIVERY (A)_delivery_surchrge"), "*"): Keys '*' sent to object: 'Object Repository/ADMIN/Edit Text/Bespoke/Seller Pages/Add_Edit Item/input_SINGLE ITEM DELIVERY (A)_delivery_surchrge'

2020-03-20 10:32:33 - [MESSAGE][PASSED] - Keys '*' sent to object: 'Object Repository/ADMIN/Edit Text/Bespoke/Seller Pages/Add_Edit Item/input_SINGLE ITEM DELIVERY (A)_delivery_surchrge'

2020-03-20 10:32:33 - [TEST_STEP][PASSED] - sendKeys(findTestObject("ADMIN/Edit Text/Bespoke/Seller Pages/Add_Edit Item/input_SINGLE ITEM (A)_additional_item"), "*"): Keys '*' sent to object: 'Object Repository/ADMIN/Edit Text/Bespoke/Seller Pages/Add_Edit Item/input_SINGLE ITEM (A)_additional_item'

2020-03-20 10:32:33 - [MESSAGE][PASSED] - Keys '*' sent to object: 'Object Repository/ADMIN/Edit Text/Bespoke/Seller Pages/Add_Edit Item/input_SINGLE ITEM (A)_additional_item'

2020-03-20 10:32:33 - [TEST_STEP][PASSED] - sendKeys(findTestObject("ADMIN/Edit Text/Bespoke/Seller Pages/Add_Edit Item/input_WITH OTHER ITEM (B)_additional_item"), "*"): Keys '*' sent to object: 'Object Repository/ADMIN/Edit Text/Bespoke/Seller Pages/Add_Edit Item/input_WITH OTHER ITEM (B)_additional_item'

2020-03-20 10:32:34 - [MESSAGE][PASSED] - Keys '*' sent to object: 'Object Repository/ADMIN/Edit Text/Bespoke/Seller Pages/Add_Edit Item/input_WITH OTHER ITEM (B)_additional_item'

2020-03-20 10:32:34 - [TEST_STEP][PASSED] - sendKeys(findTestObject("ADMIN/Edit Text/Bespoke/Seller Pages/Add_Edit Item/input_ADD NEW_btn_add_new"), "*"): Keys '*' sent to object: 'Object Repository/ADMIN/Edit Text/Bespoke/Seller Pages/Add_Edit Item/input_ADD NEW_btn_add_new'

2020-03-20 10:32:34 - [MESSAGE][PASSED] - Keys '*' sent to object: 'Object Repository/ADMIN/Edit Text/Bespoke/Seller Pages/Add_Edit Item/input_ADD NEW_btn_add_new'

2020-03-20 10:32:34 - [TEST_STEP][PASSED] - sendKeys(findTestObject("ADMIN/Edit Text/Bespoke/Seller Pages/Add_Edit Item/input_PICK-UP LOCATION_location_service"), "*"): Keys '*' sent to object: 'Object Repository/ADMIN/Edit Text/Bespoke/Seller Pages/Add_Edit Item/input_PICK-UP LOCATION_location_service'

2020-03-20 10:32:34 - [MESSAGE][PASSED] - Keys '*' sent to object: 'Object Repository/ADMIN/Edit Text/Bespoke/Seller Pages/Add_Edit Item/input_PICK-UP LOCATION_location_service'

2020-03-20 10:32:34 - [TEST_STEP][PASSED] - sendKeys(findTestObject("ADMIN/Edit Text/Bespoke/Seller Pages/Add_Edit Item/textarea_Please provide the address where the item may be collected by the buyer(You must select at least one delivery option or pickup location)"), "*"): Keys '*' sent to object: 'Object Repository/ADMIN/Edit Text/Bespoke/Seller Pages/Add_Edit Item/textarea_Please provide the address where the item may be collected by the buyer(You must select at least one delivery option or pickup location)'

2020-03-20 10:32:34 - [MESSAGE][PASSED] - Keys '*' sent to object: 'Object Repository/ADMIN/Edit Text/Bespoke/Seller Pages/Add_Edit Item/textarea_Please provide the address where the item may be collected by the buyer(You must select at least one delivery option or pickup location)'

2020-03-20 10:32:34 - [TEST_STEP][PASSED] - sendKeys(findTestObject("ADMIN/Edit Text/Bespoke/Seller Pages/Add_Edit Item/input_PICKUP LOCATION ADDRESS_location_address"), "*"): Keys '*' sent to object: 'Object Repository/ADMIN/Edit Text/Bespoke/Seller Pages/Add_Edit Item/input_PICKUP LOCATION ADDRESS_location_address'

2020-03-20 10:32:34 - [MESSAGE][PASSED] - Keys '*' sent to object: 'Object Repository/ADMIN/Edit Text/Bespoke/Seller Pages/Add_Edit Item/input_PICKUP LOCATION ADDRESS_location_address'

2020-03-20 10:32:34 - [TEST_STEP][PASSED] - sendKeys(findTestObject("ADMIN/Edit Text/Bespoke/Seller Pages/Add_Edit Item/input_add new 2"), "*"): Keys '*' sent to object: 'Object Repository/ADMIN/Edit Text/Bespoke/Seller Pages/Add_Edit Item/input_add new 2'

2020-03-20 10:32:35 - [MESSAGE][PASSED] - Keys '*' sent to object: 'Object Repository/ADMIN/Edit Text/Bespoke/Seller Pages/Add_Edit Item/input_add new 2'

2020-03-20 10:32:35 - [TEST_STEP][PASSED] - sendKeys(findTestObject("ADMIN/Edit Text/Bespoke/Seller Pages/Add_Edit Item/input_SAVE_btn_save"), "*"): Keys '*' sent to object: 'Object Repository/ADMIN/Edit Text/Bespoke/Seller Pages/Add_Edit Item/input_SAVE_btn_save'

2020-03-20 10:32:35 - [MESSAGE][PASSED] - Keys '*' sent to object: 'Object Repository/ADMIN/Edit Text/Bespoke/Seller Pages/Add_Edit Item/input_SAVE_btn_save'

2020-03-20 10:32:35 - [TEST_STEP][PASSED] - sendKeys(findTestObject("ADMIN/Edit Text/Bespoke/Seller Pages/Add_Edit Item/input_Item Saved_popup-title"), "*"): Keys '*' sent to object: 'Object Repository/ADMIN/Edit Text/Bespoke/Seller Pages/Add_Edit Item/input_Item Saved_popup-title'

2020-03-20 10:32:35 - [MESSAGE][PASSED] - Keys '*' sent to object: 'Object Repository/ADMIN/Edit Text/Bespoke/Seller Pages/Add_Edit Item/input_Item Saved_popup-title'

2020-03-20 10:32:35 - [TEST_STEP][PASSED] - sendKeys(findTestObject("ADMIN/Edit Text/Bespoke/Seller Pages/Add_Edit Item/input_This item has been saved in_popup-title2"), "*"): Keys '*' sent to object: 'Object Repository/ADMIN/Edit Text/Bespoke/Seller Pages/Add_Edit Item/input_This item has been saved in_popup-title2'

2020-03-20 10:32:35 - [MESSAGE][PASSED] - Keys '*' sent to object: 'Object Repository/ADMIN/Edit Text/Bespoke/Seller Pages/Add_Edit Item/input_This item has been saved in_popup-title2'

2020-03-20 10:32:35 - [TEST_STEP][PASSED] - sendKeys(findTestObject("ADMIN/Edit Text/Bespoke/Seller Pages/Add_Edit Item/input_The default language of the buyer pages is_popup-title2"), "*"): Keys '*' sent to object: 'Object Repository/ADMIN/Edit Text/Bespoke/Seller Pages/Add_Edit Item/input_The default language of the buyer pages is_popup-title2'

2020-03-20 10:32:35 - [MESSAGE][PASSED] - Keys '*' sent to object: 'Object Repository/ADMIN/Edit Text/Bespoke/Seller Pages/Add_Edit Item/input_The default language of the buyer pages is_popup-title2'

2020-03-20 10:32:35 - [TEST_STEP][PASSED] - sendKeys(findTestObject("ADMIN/Edit Text/Bespoke/Seller Pages/Add_Edit Item/input_We recommend you at least add a translation in that language_popup-title2"), "*"): Keys '*' sent to object: 'Object Repository/ADMIN/Edit Text/Bespoke/Seller Pages/Add_Edit Item/input_We recommend you at least add a translation in that language_popup-title2'

2020-03-20 10:32:36 - [MESSAGE][PASSED] - Keys '*' sent to object: 'Object Repository/ADMIN/Edit Text/Bespoke/Seller Pages/Add_Edit Item/input_We recommend you at least add a translation in that language_popup-title2'

2020-03-20 10:32:36 - [TEST_STEP][PASSED] - sendKeys(findTestObject("ADMIN/Edit Text/Bespoke/Seller Pages/Add_Edit Item/input_concat(I  ll do it later)_btn_okay"), "*"): Keys '*' sent to object: 'Object Repository/ADMIN/Edit Text/Bespoke/Seller Pages/Add_Edit Item/input_concat(I  ll do it later)_btn_okay'

2020-03-20 10:32:36 - [MESSAGE][PASSED] - Keys '*' sent to object: 'Object Repository/ADMIN/Edit Text/Bespoke/Seller Pages/Add_Edit Item/input_concat(I  ll do it later)_btn_okay'

2020-03-20 10:32:36 - [TEST_STEP][PASSED] - sendKeys(findTestObject("ADMIN/Edit Text/Bespoke/Seller Pages/Add_Edit Item/input_Add Translations_btn_okay"), "*"): Keys '*' sent to object: 'Object Repository/ADMIN/Edit Text/Bespoke/Seller Pages/Add_Edit Item/input_Add Translations_btn_okay'

2020-03-20 10:32:36 - [MESSAGE][PASSED] - Keys '*' sent to object: 'Object Repository/ADMIN/Edit Text/Bespoke/Seller Pages/Add_Edit Item/input_Add Translations_btn_okay'

2020-03-20 10:32:36 - [TEST_STEP][PASSED] - sendKeys(findTestObject("ADMIN/Edit Text/Bespoke/Seller Pages/Add_Edit Item/input_Edit Translations_btn_okay"), "*"): Keys '*' sent to object: 'Object Repository/ADMIN/Edit Text/Bespoke/Seller Pages/Add_Edit Item/input_Edit Translations_btn_okay'

2020-03-20 10:32:36 - [MESSAGE][PASSED] - Keys '*' sent to object: 'Object Repository/ADMIN/Edit Text/Bespoke/Seller Pages/Add_Edit Item/input_Edit Translations_btn_okay'

2020-03-20 10:32:36 - [TEST_STEP][PASSED] - click(findTestObject("ADMIN/Edit Text/Bespoke/Buyer Pages/Homepage/button_save"), CONTINUE_ON_FAILURE): Object: 'Object Repository/ADMIN/Edit Text/Bespoke/Buyer Pages/Homepage/button_save' is clicked on

2020-03-20 10:32:36 - [MESSAGE][PASSED] - Object: 'Object Repository/ADMIN/Edit Text/Bespoke/Buyer Pages/Homepage/button_save' is clicked on

2020-03-20 10:32:36 - [TEST_STEP][PASSED] - waitForElementVisible(findTestObject("ADMIN/Edit Text/Bespoke/Buyer Pages/Homepage/toaster_success"), 0): Object 'Object Repository/ADMIN/Edit Text/Bespoke/Buyer Pages/Homepage/toaster_success' is visible

2020-03-20 10:32:36 - [MESSAGE][WARNING] - Timeout '0' is invalid. Using default page load timeout: '30'

2020-03-20 10:32:37 - [MESSAGE][PASSED] - Object 'Object Repository/ADMIN/Edit Text/Bespoke/Buyer Pages/Homepage/toaster_success' is visible]]></system-out>
         <system-err><![CDATA[]]></system-err>
      </testcase>
      <testcase name="Test Cases/ADMIN/Language/Edit Text/Bespoke/Seller/Add_Edit Item" time="13.317" classname="Test Cases/ADMIN/Language/Edit Text/Bespoke/Seller/Add_Edit Item" status="PASSED">
         <system-out><![CDATA[2020-03-20 10:32:37 - [TEST_CASE][PASSED] - Test Cases/ADMIN/Language/Edit Text/Bespoke/Seller/Add_Edit Item: Test Cases/ADMIN/Language/Edit Text/Bespoke/Seller/Add_Edit Item

2020-03-20 10:32:37 - [TEST_STEP][PASSED] - waitForElementVisible(findTestObject("ADMIN/Edit Text/Bespoke/Buyer Navigation/dd_language"), 0): Object 'Object Repository/ADMIN/Edit Text/Bespoke/Buyer Navigation/dd_language' is visible

2020-03-20 10:32:37 - [MESSAGE][WARNING] - Timeout '0' is invalid. Using default page load timeout: '30'

2020-03-20 10:32:37 - [MESSAGE][PASSED] - Object 'Object Repository/ADMIN/Edit Text/Bespoke/Buyer Navigation/dd_language' is visible

2020-03-20 10:32:37 - [TEST_STEP][PASSED] - selectOptionByLabel(findTestObject("ADMIN/Edit Text/Bespoke/Buyer Navigation/dd_language"), varLanguage, false): All options with label 'Indonesian' are selected in object 'Object Repository/ADMIN/Edit Text/Bespoke/Buyer Navigation/dd_language' 

2020-03-20 10:32:39 - [MESSAGE][PASSED] - All options with label 'Indonesian' are selected in object 'Object Repository/ADMIN/Edit Text/Bespoke/Buyer Navigation/dd_language' 

2020-03-20 10:32:39 - [TEST_STEP][PASSED] - sendKeys(findTestObject("ADMIN/Edit Text/Bespoke/Seller Pages/Add_Edit Item/input_YOUR ITEMS_item_name"), "*"): Keys '*' sent to object: 'Object Repository/ADMIN/Edit Text/Bespoke/Seller Pages/Add_Edit Item/input_YOUR ITEMS_item_name'

2020-03-20 10:32:40 - [MESSAGE][PASSED] - Keys '*' sent to object: 'Object Repository/ADMIN/Edit Text/Bespoke/Seller Pages/Add_Edit Item/input_YOUR ITEMS_item_name'

2020-03-20 10:32:40 - [TEST_STEP][PASSED] - sendKeys(findTestObject("ADMIN/Edit Text/Bespoke/Seller Pages/Add_Edit Item/input_Fill in your item details here_item_details"), "*"): Keys '*' sent to object: 'Object Repository/ADMIN/Edit Text/Bespoke/Seller Pages/Add_Edit Item/input_Fill in your item details here_item_details'

2020-03-20 10:32:40 - [MESSAGE][PASSED] - Keys '*' sent to object: 'Object Repository/ADMIN/Edit Text/Bespoke/Seller Pages/Add_Edit Item/input_Fill in your item details here_item_details'

2020-03-20 10:32:40 - [TEST_STEP][PASSED] - sendKeys(findTestObject("ADMIN/Edit Text/Bespoke/Seller Pages/Add_Edit Item/input_Category_category"), "*"): Keys '*' sent to object: 'Object Repository/ADMIN/Edit Text/Bespoke/Seller Pages/Add_Edit Item/input_Category_category'

2020-03-20 10:32:40 - [MESSAGE][PASSED] - Keys '*' sent to object: 'Object Repository/ADMIN/Edit Text/Bespoke/Seller Pages/Add_Edit Item/input_Category_category'

2020-03-20 10:32:40 - [TEST_STEP][PASSED] - sendKeys(findTestObject("ADMIN/Edit Text/Bespoke/Seller Pages/Add_Edit Item/input_Select a Category_category"), "*"): Keys '*' sent to object: 'Object Repository/ADMIN/Edit Text/Bespoke/Seller Pages/Add_Edit Item/input_Select a Category_category'

2020-03-20 10:32:40 - [MESSAGE][PASSED] - Keys '*' sent to object: 'Object Repository/ADMIN/Edit Text/Bespoke/Seller Pages/Add_Edit Item/input_Select a Category_category'

2020-03-20 10:32:40 - [TEST_STEP][PASSED] - sendKeys(findTestObject("ADMIN/Edit Text/Bespoke/Seller Pages/Add_Edit Item/input_Item Name_item_name"), "*"): Keys '*' sent to object: 'Object Repository/ADMIN/Edit Text/Bespoke/Seller Pages/Add_Edit Item/input_Item Name_item_name'

2020-03-20 10:32:40 - [MESSAGE][PASSED] - Keys '*' sent to object: 'Object Repository/ADMIN/Edit Text/Bespoke/Seller Pages/Add_Edit Item/input_Item Name_item_name'

2020-03-20 10:32:40 - [TEST_STEP][PASSED] - sendKeys(findTestObject("ADMIN/Edit Text/Bespoke/Seller Pages/Add_Edit Item/input_Price_price"), "*"): Keys '*' sent to object: 'Object Repository/ADMIN/Edit Text/Bespoke/Seller Pages/Add_Edit Item/input_Price_price'

2020-03-20 10:32:41 - [MESSAGE][PASSED] - Keys '*' sent to object: 'Object Repository/ADMIN/Edit Text/Bespoke/Seller Pages/Add_Edit Item/input_Price_price'

2020-03-20 10:32:41 - [TEST_STEP][PASSED] - sendKeys(findTestObject("ADMIN/Edit Text/Bespoke/Seller Pages/Add_Edit Item/input_SELECT ALL_category"), "*"): Keys '*' sent to object: 'Object Repository/ADMIN/Edit Text/Bespoke/Seller Pages/Add_Edit Item/input_SELECT ALL_category'

2020-03-20 10:32:41 - [MESSAGE][PASSED] - Keys '*' sent to object: 'Object Repository/ADMIN/Edit Text/Bespoke/Seller Pages/Add_Edit Item/input_SELECT ALL_category'

2020-03-20 10:32:41 - [TEST_STEP][PASSED] - sendKeys(findTestObject("ADMIN/Edit Text/Bespoke/Seller Pages/Add_Edit Item/input_SELECT NONE_category"), "*"): Keys '*' sent to object: 'Object Repository/ADMIN/Edit Text/Bespoke/Seller Pages/Add_Edit Item/input_SELECT NONE_category'

2020-03-20 10:32:41 - [MESSAGE][PASSED] - Keys '*' sent to object: 'Object Repository/ADMIN/Edit Text/Bespoke/Seller Pages/Add_Edit Item/input_SELECT NONE_category'

2020-03-20 10:32:41 - [TEST_STEP][PASSED] - sendKeys(findTestObject("ADMIN/Edit Text/Bespoke/Seller Pages/Add_Edit Item/input_Item Description_item_description"), "*"): Keys '*' sent to object: 'Object Repository/ADMIN/Edit Text/Bespoke/Seller Pages/Add_Edit Item/input_Item Description_item_description'

2020-03-20 10:32:41 - [MESSAGE][PASSED] - Keys '*' sent to object: 'Object Repository/ADMIN/Edit Text/Bespoke/Seller Pages/Add_Edit Item/input_Item Description_item_description'

2020-03-20 10:32:41 - [TEST_STEP][PASSED] - sendKeys(findTestObject("ADMIN/Edit Text/Bespoke/Seller Pages/Add_Edit Item/input_ITEM COVER IMAGE_item_cover_image"), "*"): Keys '*' sent to object: 'Object Repository/ADMIN/Edit Text/Bespoke/Seller Pages/Add_Edit Item/input_ITEM COVER IMAGE_item_cover_image'

2020-03-20 10:32:41 - [MESSAGE][PASSED] - Keys '*' sent to object: 'Object Repository/ADMIN/Edit Text/Bespoke/Seller Pages/Add_Edit Item/input_ITEM COVER IMAGE_item_cover_image'

2020-03-20 10:32:41 - [TEST_STEP][PASSED] - sendKeys(findTestObject("ADMIN/Edit Text/Bespoke/Seller Pages/Add_Edit Item/input_ITEM COVER IMAGE_item_cover_details"), "*"): Keys '*' sent to object: 'Object Repository/ADMIN/Edit Text/Bespoke/Seller Pages/Add_Edit Item/input_ITEM COVER IMAGE_item_cover_details'

2020-03-20 10:32:41 - [MESSAGE][PASSED] - Keys '*' sent to object: 'Object Repository/ADMIN/Edit Text/Bespoke/Seller Pages/Add_Edit Item/input_ITEM COVER IMAGE_item_cover_details'

2020-03-20 10:32:41 - [TEST_STEP][PASSED] - sendKeys(findTestObject("ADMIN/Edit Text/Bespoke/Seller Pages/Add_Edit Item/input_BROWSE_browse_btn"), "*"): Keys '*' sent to object: 'Object Repository/ADMIN/Edit Text/Bespoke/Seller Pages/Add_Edit Item/input_BROWSE_browse_btn'

2020-03-20 10:32:41 - [MESSAGE][PASSED] - Keys '*' sent to object: 'Object Repository/ADMIN/Edit Text/Bespoke/Seller Pages/Add_Edit Item/input_BROWSE_browse_btn'

2020-03-20 10:32:41 - [TEST_STEP][PASSED] - sendKeys(findTestObject("ADMIN/Edit Text/Bespoke/Seller Pages/Add_Edit Item/input_Quantity_quantity"), "*"): Keys '*' sent to object: 'Object Repository/ADMIN/Edit Text/Bespoke/Seller Pages/Add_Edit Item/input_Quantity_quantity'

2020-03-20 10:32:41 - [MESSAGE][PASSED] - Keys '*' sent to object: 'Object Repository/ADMIN/Edit Text/Bespoke/Seller Pages/Add_Edit Item/input_Quantity_quantity'

2020-03-20 10:32:41 - [TEST_STEP][PASSED] - sendKeys(findTestObject("ADMIN/Edit Text/Bespoke/Seller Pages/Add_Edit Item/input_Unlimited Stock_unlimited_stock"), "*"): Keys '*' sent to object: 'Object Repository/ADMIN/Edit Text/Bespoke/Seller Pages/Add_Edit Item/input_Unlimited Stock_unlimited_stock'

2020-03-20 10:32:42 - [MESSAGE][PASSED] - Keys '*' sent to object: 'Object Repository/ADMIN/Edit Text/Bespoke/Seller Pages/Add_Edit Item/input_Unlimited Stock_unlimited_stock'

2020-03-20 10:32:42 - [TEST_STEP][PASSED] - sendKeys(findTestObject("ADMIN/Edit Text/Bespoke/Seller Pages/Add_Edit Item/input_YES_yes-txt"), "*"): Keys '*' sent to object: 'Object Repository/ADMIN/Edit Text/Bespoke/Seller Pages/Add_Edit Item/input_YES_yes-txt'

2020-03-20 10:32:42 - [MESSAGE][PASSED] - Keys '*' sent to object: 'Object Repository/ADMIN/Edit Text/Bespoke/Seller Pages/Add_Edit Item/input_YES_yes-txt'

2020-03-20 10:32:42 - [TEST_STEP][PASSED] - sendKeys(findTestObject("ADMIN/Edit Text/Bespoke/Seller Pages/Add_Edit Item/input_NO_no-txt"), "*"): Keys '*' sent to object: 'Object Repository/ADMIN/Edit Text/Bespoke/Seller Pages/Add_Edit Item/input_NO_no-txt'

2020-03-20 10:32:42 - [MESSAGE][PASSED] - Keys '*' sent to object: 'Object Repository/ADMIN/Edit Text/Bespoke/Seller Pages/Add_Edit Item/input_NO_no-txt'

2020-03-20 10:32:42 - [TEST_STEP][PASSED] - sendKeys(findTestObject("ADMIN/Edit Text/Bespoke/Seller Pages/Add_Edit Item/input_Variants_variants"), "*"): Keys '*' sent to object: 'Object Repository/ADMIN/Edit Text/Bespoke/Seller Pages/Add_Edit Item/input_Variants_variants'

2020-03-20 10:32:42 - [MESSAGE][PASSED] - Keys '*' sent to object: 'Object Repository/ADMIN/Edit Text/Bespoke/Seller Pages/Add_Edit Item/input_Variants_variants'

2020-03-20 10:32:42 - [TEST_STEP][PASSED] - sendKeys(findTestObject("ADMIN/Edit Text/Bespoke/Seller Pages/Add_Edit Item/input_Variant(s)_variant_s"), "*"): Keys '*' sent to object: 'Object Repository/ADMIN/Edit Text/Bespoke/Seller Pages/Add_Edit Item/input_Variant(s)_variant_s'

2020-03-20 10:32:42 - [MESSAGE][PASSED] - Keys '*' sent to object: 'Object Repository/ADMIN/Edit Text/Bespoke/Seller Pages/Add_Edit Item/input_Variant(s)_variant_s'

2020-03-20 10:32:42 - [TEST_STEP][PASSED] - sendKeys(findTestObject("ADMIN/Edit Text/Bespoke/Seller Pages/Add_Edit Item/input_Add up to 3 different available options for the item eg  Colour Size and Material_item_addUpto3Variants"), "*"): Keys '*' sent to object: 'Object Repository/ADMIN/Edit Text/Bespoke/Seller Pages/Add_Edit Item/input_Add up to 3 different available options for the item eg  Colour Size and Material_item_addUpto3Variants'

2020-03-20 10:32:43 - [MESSAGE][PASSED] - Keys '*' sent to object: 'Object Repository/ADMIN/Edit Text/Bespoke/Seller Pages/Add_Edit Item/input_Add up to 3 different available options for the item eg  Colour Size and Material_item_addUpto3Variants'

2020-03-20 10:32:43 - [TEST_STEP][PASSED] - sendKeys(findTestObject("ADMIN/Edit Text/Bespoke/Seller Pages/Add_Edit Item/input_Change_variants-change"), "*"): Keys '*' sent to object: 'Object Repository/ADMIN/Edit Text/Bespoke/Seller Pages/Add_Edit Item/input_Change_variants-change'

2020-03-20 10:32:43 - [MESSAGE][PASSED] - Keys '*' sent to object: 'Object Repository/ADMIN/Edit Text/Bespoke/Seller Pages/Add_Edit Item/input_Change_variants-change'

2020-03-20 10:32:43 - [TEST_STEP][PASSED] - sendKeys(findTestObject("ADMIN/Edit Text/Bespoke/Seller Pages/Add_Edit Item/input_Okay_variants-change"), "*"): Keys '*' sent to object: 'Object Repository/ADMIN/Edit Text/Bespoke/Seller Pages/Add_Edit Item/input_Okay_variants-change'

2020-03-20 10:32:43 - [MESSAGE][PASSED] - Keys '*' sent to object: 'Object Repository/ADMIN/Edit Text/Bespoke/Seller Pages/Add_Edit Item/input_Okay_variants-change'

2020-03-20 10:32:43 - [TEST_STEP][PASSED] - sendKeys(findTestObject("ADMIN/Edit Text/Bespoke/Seller Pages/Add_Edit Item/input_Cancel_variants-change"), "*"): Keys '*' sent to object: 'Object Repository/ADMIN/Edit Text/Bespoke/Seller Pages/Add_Edit Item/input_Cancel_variants-change'

2020-03-20 10:32:43 - [MESSAGE][PASSED] - Keys '*' sent to object: 'Object Repository/ADMIN/Edit Text/Bespoke/Seller Pages/Add_Edit Item/input_Cancel_variants-change'

2020-03-20 10:32:43 - [TEST_STEP][PASSED] - sendKeys(findTestObject("ADMIN/Edit Text/Bespoke/Seller Pages/Add_Edit Item/input_Add Variants_variants_btn"), "*"): Keys '*' sent to object: 'Object Repository/ADMIN/Edit Text/Bespoke/Seller Pages/Add_Edit Item/input_Add Variants_variants_btn'

2020-03-20 10:32:43 - [MESSAGE][PASSED] - Keys '*' sent to object: 'Object Repository/ADMIN/Edit Text/Bespoke/Seller Pages/Add_Edit Item/input_Add Variants_variants_btn'

2020-03-20 10:32:43 - [TEST_STEP][PASSED] - sendKeys(findTestObject("ADMIN/Edit Text/Bespoke/Seller Pages/Add_Edit Item/input_VARIANTS OPTIONS_option_name"), "*"): Keys '*' sent to object: 'Object Repository/ADMIN/Edit Text/Bespoke/Seller Pages/Add_Edit Item/input_VARIANTS OPTIONS_option_name'

2020-03-20 10:32:43 - [MESSAGE][PASSED] - Keys '*' sent to object: 'Object Repository/ADMIN/Edit Text/Bespoke/Seller Pages/Add_Edit Item/input_VARIANTS OPTIONS_option_name'

2020-03-20 10:32:43 - [TEST_STEP][PASSED] - sendKeys(findTestObject("ADMIN/Edit Text/Bespoke/Seller Pages/Add_Edit Item/input_VARIANTS CHOICES_option_choices"), "*"): Keys '*' sent to object: 'Object Repository/ADMIN/Edit Text/Bespoke/Seller Pages/Add_Edit Item/input_VARIANTS CHOICES_option_choices'

2020-03-20 10:32:44 - [MESSAGE][PASSED] - Keys '*' sent to object: 'Object Repository/ADMIN/Edit Text/Bespoke/Seller Pages/Add_Edit Item/input_VARIANTS CHOICES_option_choices'

2020-03-20 10:32:44 - [TEST_STEP][PASSED] - sendKeys(findTestObject("ADMIN/Edit Text/Bespoke/Seller Pages/Add_Edit Item/input_eg Colour_place_egcolour"), "*"): Keys '*' sent to object: 'Object Repository/ADMIN/Edit Text/Bespoke/Seller Pages/Add_Edit Item/input_eg Colour_place_egcolour'

2020-03-20 10:32:44 - [MESSAGE][PASSED] - Keys '*' sent to object: 'Object Repository/ADMIN/Edit Text/Bespoke/Seller Pages/Add_Edit Item/input_eg Colour_place_egcolour'

2020-03-20 10:32:44 - [TEST_STEP][PASSED] - sendKeys(findTestObject("ADMIN/Edit Text/Bespoke/Seller Pages/Add_Edit Item/input_eg Red_place_option"), "*"): Keys '*' sent to object: 'Object Repository/ADMIN/Edit Text/Bespoke/Seller Pages/Add_Edit Item/input_eg Red_place_option'

2020-03-20 10:32:44 - [MESSAGE][PASSED] - Keys '*' sent to object: 'Object Repository/ADMIN/Edit Text/Bespoke/Seller Pages/Add_Edit Item/input_eg Red_place_option'

2020-03-20 10:32:44 - [TEST_STEP][PASSED] - sendKeys(findTestObject("ADMIN/Edit Text/Bespoke/Seller Pages/Add_Edit Item/input_Color_place_colour"), "*"): Keys '*' sent to object: 'Object Repository/ADMIN/Edit Text/Bespoke/Seller Pages/Add_Edit Item/input_Color_place_colour'

2020-03-20 10:32:44 - [MESSAGE][PASSED] - Keys '*' sent to object: 'Object Repository/ADMIN/Edit Text/Bespoke/Seller Pages/Add_Edit Item/input_Color_place_colour'

2020-03-20 10:32:44 - [TEST_STEP][PASSED] - sendKeys(findTestObject("ADMIN/Edit Text/Bespoke/Seller Pages/Add_Edit Item/input_Red_place_option"), "*"): Keys '*' sent to object: 'Object Repository/ADMIN/Edit Text/Bespoke/Seller Pages/Add_Edit Item/input_Red_place_option'

2020-03-20 10:32:44 - [MESSAGE][PASSED] - Keys '*' sent to object: 'Object Repository/ADMIN/Edit Text/Bespoke/Seller Pages/Add_Edit Item/input_Red_place_option'

2020-03-20 10:32:44 - [TEST_STEP][PASSED] - sendKeys(findTestObject("ADMIN/Edit Text/Bespoke/Seller Pages/Add_Edit Item/input_Image_tbl_lbe_img"), "*"): Keys '*' sent to object: 'Object Repository/ADMIN/Edit Text/Bespoke/Seller Pages/Add_Edit Item/input_Image_tbl_lbe_img'

2020-03-20 10:32:44 - [MESSAGE][PASSED] - Keys '*' sent to object: 'Object Repository/ADMIN/Edit Text/Bespoke/Seller Pages/Add_Edit Item/input_Image_tbl_lbe_img'

2020-03-20 10:32:44 - [TEST_STEP][PASSED] - sendKeys(findTestObject("ADMIN/Edit Text/Bespoke/Seller Pages/Add_Edit Item/input_Same Image_tbl_lbe_same_img"), "*"): Keys '*' sent to object: 'Object Repository/ADMIN/Edit Text/Bespoke/Seller Pages/Add_Edit Item/input_Same Image_tbl_lbe_same_img'

2020-03-20 10:32:44 - [MESSAGE][PASSED] - Keys '*' sent to object: 'Object Repository/ADMIN/Edit Text/Bespoke/Seller Pages/Add_Edit Item/input_Same Image_tbl_lbe_same_img'

2020-03-20 10:32:44 - [TEST_STEP][PASSED] - sendKeys(findTestObject("ADMIN/Edit Text/Bespoke/Seller Pages/Add_Edit Item/input_Surcharge_tbl_lbe_surcharge"), "*"): Keys '*' sent to object: 'Object Repository/ADMIN/Edit Text/Bespoke/Seller Pages/Add_Edit Item/input_Surcharge_tbl_lbe_surcharge'

2020-03-20 10:32:45 - [MESSAGE][PASSED] - Keys '*' sent to object: 'Object Repository/ADMIN/Edit Text/Bespoke/Seller Pages/Add_Edit Item/input_Surcharge_tbl_lbe_surcharge'

2020-03-20 10:32:45 - [TEST_STEP][PASSED] - sendKeys(findTestObject("ADMIN/Edit Text/Bespoke/Seller Pages/Add_Edit Item/input_Total Price_tbl_lbe_price"), "*"): Keys '*' sent to object: 'Object Repository/ADMIN/Edit Text/Bespoke/Seller Pages/Add_Edit Item/input_Total Price_tbl_lbe_price'

2020-03-20 10:32:45 - [MESSAGE][PASSED] - Keys '*' sent to object: 'Object Repository/ADMIN/Edit Text/Bespoke/Seller Pages/Add_Edit Item/input_Total Price_tbl_lbe_price'

2020-03-20 10:32:45 - [TEST_STEP][PASSED] - sendKeys(findTestObject("ADMIN/Edit Text/Bespoke/Seller Pages/Add_Edit Item/input_Stock_tbl_lbe_stock"), "*"): Keys '*' sent to object: 'Object Repository/ADMIN/Edit Text/Bespoke/Seller Pages/Add_Edit Item/input_Stock_tbl_lbe_stock'

2020-03-20 10:32:45 - [MESSAGE][PASSED] - Keys '*' sent to object: 'Object Repository/ADMIN/Edit Text/Bespoke/Seller Pages/Add_Edit Item/input_Stock_tbl_lbe_stock'

2020-03-20 10:32:45 - [TEST_STEP][PASSED] - sendKeys(findTestObject("ADMIN/Edit Text/Bespoke/Seller Pages/Add_Edit Item/input_Unlimited_tbl_lbe_unlimited"), "*"): Keys '*' sent to object: 'Object Repository/ADMIN/Edit Text/Bespoke/Seller Pages/Add_Edit Item/input_Unlimited_tbl_lbe_unlimited'

2020-03-20 10:32:45 - [MESSAGE][PASSED] - Keys '*' sent to object: 'Object Repository/ADMIN/Edit Text/Bespoke/Seller Pages/Add_Edit Item/input_Unlimited_tbl_lbe_unlimited'

2020-03-20 10:32:45 - [TEST_STEP][PASSED] - sendKeys(findTestObject("ADMIN/Edit Text/Bespoke/Seller Pages/Add_Edit Item/input_DELIVERY OPTIONS_delivery_options"), "*"): Keys '*' sent to object: 'Object Repository/ADMIN/Edit Text/Bespoke/Seller Pages/Add_Edit Item/input_DELIVERY OPTIONS_delivery_options'

2020-03-20 10:32:45 - [MESSAGE][PASSED] - Keys '*' sent to object: 'Object Repository/ADMIN/Edit Text/Bespoke/Seller Pages/Add_Edit Item/input_DELIVERY OPTIONS_delivery_options'

2020-03-20 10:32:45 - [TEST_STEP][PASSED] - sendKeys(findTestObject("ADMIN/Edit Text/Bespoke/Seller Pages/Add_Edit Item/input_DELIVERY OPTIONS_delivery-txt2"), "*"): Keys '*' sent to object: 'Object Repository/ADMIN/Edit Text/Bespoke/Seller Pages/Add_Edit Item/input_DELIVERY OPTIONS_delivery-txt2'

2020-03-20 10:32:46 - [MESSAGE][PASSED] - Keys '*' sent to object: 'Object Repository/ADMIN/Edit Text/Bespoke/Seller Pages/Add_Edit Item/input_DELIVERY OPTIONS_delivery-txt2'

2020-03-20 10:32:46 - [TEST_STEP][PASSED] - sendKeys(findTestObject("ADMIN/Edit Text/Bespoke/Seller Pages/Add_Edit Item/input_Offer reduced shipping costs to buyers when they buy more than one item from you_delivery-txt2"), "*"): Keys '*' sent to object: 'Object Repository/ADMIN/Edit Text/Bespoke/Seller Pages/Add_Edit Item/input_Offer reduced shipping costs to buyers when they buy more than one item from you_delivery-txt2'

2020-03-20 10:32:46 - [MESSAGE][PASSED] - Keys '*' sent to object: 'Object Repository/ADMIN/Edit Text/Bespoke/Seller Pages/Add_Edit Item/input_Offer reduced shipping costs to buyers when they buy more than one item from you_delivery-txt2'

2020-03-20 10:32:46 - [TEST_STEP][PASSED] - sendKeys(findTestObject("ADMIN/Edit Text/Bespoke/Seller Pages/Add_Edit Item/input_total delivery"), "*"): Keys '*' sent to object: 'Object Repository/ADMIN/Edit Text/Bespoke/Seller Pages/Add_Edit Item/input_total delivery'

2020-03-20 10:32:46 - [MESSAGE][PASSED] - Keys '*' sent to object: 'Object Repository/ADMIN/Edit Text/Bespoke/Seller Pages/Add_Edit Item/input_total delivery'

2020-03-20 10:32:46 - [TEST_STEP][PASSED] - sendKeys(findTestObject("ADMIN/Edit Text/Bespoke/Seller Pages/Add_Edit Item/input_DELIVERY SERVICE_delivery_service"), "*"): Keys '*' sent to object: 'Object Repository/ADMIN/Edit Text/Bespoke/Seller Pages/Add_Edit Item/input_DELIVERY SERVICE_delivery_service'

2020-03-20 10:32:46 - [MESSAGE][PASSED] - Keys '*' sent to object: 'Object Repository/ADMIN/Edit Text/Bespoke/Seller Pages/Add_Edit Item/input_DELIVERY SERVICE_delivery_service'

2020-03-20 10:32:46 - [TEST_STEP][PASSED] - sendKeys(findTestObject("ADMIN/Edit Text/Bespoke/Seller Pages/Add_Edit Item/input_SINGLE ITEM DELIVERY (A)_delivery_surchrge"), "*"): Keys '*' sent to object: 'Object Repository/ADMIN/Edit Text/Bespoke/Seller Pages/Add_Edit Item/input_SINGLE ITEM DELIVERY (A)_delivery_surchrge'

2020-03-20 10:32:46 - [MESSAGE][PASSED] - Keys '*' sent to object: 'Object Repository/ADMIN/Edit Text/Bespoke/Seller Pages/Add_Edit Item/input_SINGLE ITEM DELIVERY (A)_delivery_surchrge'

2020-03-20 10:32:46 - [TEST_STEP][PASSED] - sendKeys(findTestObject("ADMIN/Edit Text/Bespoke/Seller Pages/Add_Edit Item/input_SINGLE ITEM (A)_additional_item"), "*"): Keys '*' sent to object: 'Object Repository/ADMIN/Edit Text/Bespoke/Seller Pages/Add_Edit Item/input_SINGLE ITEM (A)_additional_item'

2020-03-20 10:32:46 - [MESSAGE][PASSED] - Keys '*' sent to object: 'Object Repository/ADMIN/Edit Text/Bespoke/Seller Pages/Add_Edit Item/input_SINGLE ITEM (A)_additional_item'

2020-03-20 10:32:46 - [TEST_STEP][PASSED] - sendKeys(findTestObject("ADMIN/Edit Text/Bespoke/Seller Pages/Add_Edit Item/input_WITH OTHER ITEM (B)_additional_item"), "*"): Keys '*' sent to object: 'Object Repository/ADMIN/Edit Text/Bespoke/Seller Pages/Add_Edit Item/input_WITH OTHER ITEM (B)_additional_item'

2020-03-20 10:32:47 - [MESSAGE][PASSED] - Keys '*' sent to object: 'Object Repository/ADMIN/Edit Text/Bespoke/Seller Pages/Add_Edit Item/input_WITH OTHER ITEM (B)_additional_item'

2020-03-20 10:32:47 - [TEST_STEP][PASSED] - sendKeys(findTestObject("ADMIN/Edit Text/Bespoke/Seller Pages/Add_Edit Item/input_ADD NEW_btn_add_new"), "*"): Keys '*' sent to object: 'Object Repository/ADMIN/Edit Text/Bespoke/Seller Pages/Add_Edit Item/input_ADD NEW_btn_add_new'

2020-03-20 10:32:47 - [MESSAGE][PASSED] - Keys '*' sent to object: 'Object Repository/ADMIN/Edit Text/Bespoke/Seller Pages/Add_Edit Item/input_ADD NEW_btn_add_new'

2020-03-20 10:32:47 - [TEST_STEP][PASSED] - sendKeys(findTestObject("ADMIN/Edit Text/Bespoke/Seller Pages/Add_Edit Item/input_PICK-UP LOCATION_location_service"), "*"): Keys '*' sent to object: 'Object Repository/ADMIN/Edit Text/Bespoke/Seller Pages/Add_Edit Item/input_PICK-UP LOCATION_location_service'

2020-03-20 10:32:47 - [MESSAGE][PASSED] - Keys '*' sent to object: 'Object Repository/ADMIN/Edit Text/Bespoke/Seller Pages/Add_Edit Item/input_PICK-UP LOCATION_location_service'

2020-03-20 10:32:47 - [TEST_STEP][PASSED] - sendKeys(findTestObject("ADMIN/Edit Text/Bespoke/Seller Pages/Add_Edit Item/textarea_Please provide the address where the item may be collected by the buyer(You must select at least one delivery option or pickup location)"), "*"): Keys '*' sent to object: 'Object Repository/ADMIN/Edit Text/Bespoke/Seller Pages/Add_Edit Item/textarea_Please provide the address where the item may be collected by the buyer(You must select at least one delivery option or pickup location)'

2020-03-20 10:32:47 - [MESSAGE][PASSED] - Keys '*' sent to object: 'Object Repository/ADMIN/Edit Text/Bespoke/Seller Pages/Add_Edit Item/textarea_Please provide the address where the item may be collected by the buyer(You must select at least one delivery option or pickup location)'

2020-03-20 10:32:47 - [TEST_STEP][PASSED] - sendKeys(findTestObject("ADMIN/Edit Text/Bespoke/Seller Pages/Add_Edit Item/input_PICKUP LOCATION ADDRESS_location_address"), "*"): Keys '*' sent to object: 'Object Repository/ADMIN/Edit Text/Bespoke/Seller Pages/Add_Edit Item/input_PICKUP LOCATION ADDRESS_location_address'

2020-03-20 10:32:48 - [MESSAGE][PASSED] - Keys '*' sent to object: 'Object Repository/ADMIN/Edit Text/Bespoke/Seller Pages/Add_Edit Item/input_PICKUP LOCATION ADDRESS_location_address'

2020-03-20 10:32:48 - [TEST_STEP][PASSED] - sendKeys(findTestObject("ADMIN/Edit Text/Bespoke/Seller Pages/Add_Edit Item/input_add new 2"), "*"): Keys '*' sent to object: 'Object Repository/ADMIN/Edit Text/Bespoke/Seller Pages/Add_Edit Item/input_add new 2'

2020-03-20 10:32:48 - [MESSAGE][PASSED] - Keys '*' sent to object: 'Object Repository/ADMIN/Edit Text/Bespoke/Seller Pages/Add_Edit Item/input_add new 2'

2020-03-20 10:32:48 - [TEST_STEP][PASSED] - sendKeys(findTestObject("ADMIN/Edit Text/Bespoke/Seller Pages/Add_Edit Item/input_SAVE_btn_save"), "*"): Keys '*' sent to object: 'Object Repository/ADMIN/Edit Text/Bespoke/Seller Pages/Add_Edit Item/input_SAVE_btn_save'

2020-03-20 10:32:48 - [MESSAGE][PASSED] - Keys '*' sent to object: 'Object Repository/ADMIN/Edit Text/Bespoke/Seller Pages/Add_Edit Item/input_SAVE_btn_save'

2020-03-20 10:32:48 - [TEST_STEP][PASSED] - sendKeys(findTestObject("ADMIN/Edit Text/Bespoke/Seller Pages/Add_Edit Item/input_Item Saved_popup-title"), "*"): Keys '*' sent to object: 'Object Repository/ADMIN/Edit Text/Bespoke/Seller Pages/Add_Edit Item/input_Item Saved_popup-title'

2020-03-20 10:32:48 - [MESSAGE][PASSED] - Keys '*' sent to object: 'Object Repository/ADMIN/Edit Text/Bespoke/Seller Pages/Add_Edit Item/input_Item Saved_popup-title'

2020-03-20 10:32:48 - [TEST_STEP][PASSED] - sendKeys(findTestObject("ADMIN/Edit Text/Bespoke/Seller Pages/Add_Edit Item/input_This item has been saved in_popup-title2"), "*"): Keys '*' sent to object: 'Object Repository/ADMIN/Edit Text/Bespoke/Seller Pages/Add_Edit Item/input_This item has been saved in_popup-title2'

2020-03-20 10:32:49 - [MESSAGE][PASSED] - Keys '*' sent to object: 'Object Repository/ADMIN/Edit Text/Bespoke/Seller Pages/Add_Edit Item/input_This item has been saved in_popup-title2'

2020-03-20 10:32:49 - [TEST_STEP][PASSED] - sendKeys(findTestObject("ADMIN/Edit Text/Bespoke/Seller Pages/Add_Edit Item/input_The default language of the buyer pages is_popup-title2"), "*"): Keys '*' sent to object: 'Object Repository/ADMIN/Edit Text/Bespoke/Seller Pages/Add_Edit Item/input_The default language of the buyer pages is_popup-title2'

2020-03-20 10:32:49 - [MESSAGE][PASSED] - Keys '*' sent to object: 'Object Repository/ADMIN/Edit Text/Bespoke/Seller Pages/Add_Edit Item/input_The default language of the buyer pages is_popup-title2'

2020-03-20 10:32:49 - [TEST_STEP][PASSED] - sendKeys(findTestObject("ADMIN/Edit Text/Bespoke/Seller Pages/Add_Edit Item/input_We recommend you at least add a translation in that language_popup-title2"), "*"): Keys '*' sent to object: 'Object Repository/ADMIN/Edit Text/Bespoke/Seller Pages/Add_Edit Item/input_We recommend you at least add a translation in that language_popup-title2'

2020-03-20 10:32:49 - [MESSAGE][PASSED] - Keys '*' sent to object: 'Object Repository/ADMIN/Edit Text/Bespoke/Seller Pages/Add_Edit Item/input_We recommend you at least add a translation in that language_popup-title2'

2020-03-20 10:32:49 - [TEST_STEP][PASSED] - sendKeys(findTestObject("ADMIN/Edit Text/Bespoke/Seller Pages/Add_Edit Item/input_concat(I  ll do it later)_btn_okay"), "*"): Keys '*' sent to object: 'Object Repository/ADMIN/Edit Text/Bespoke/Seller Pages/Add_Edit Item/input_concat(I  ll do it later)_btn_okay'

2020-03-20 10:32:49 - [MESSAGE][PASSED] - Keys '*' sent to object: 'Object Repository/ADMIN/Edit Text/Bespoke/Seller Pages/Add_Edit Item/input_concat(I  ll do it later)_btn_okay'

2020-03-20 10:32:49 - [TEST_STEP][PASSED] - sendKeys(findTestObject("ADMIN/Edit Text/Bespoke/Seller Pages/Add_Edit Item/input_Add Translations_btn_okay"), "*"): Keys '*' sent to object: 'Object Repository/ADMIN/Edit Text/Bespoke/Seller Pages/Add_Edit Item/input_Add Translations_btn_okay'

2020-03-20 10:32:49 - [MESSAGE][PASSED] - Keys '*' sent to object: 'Object Repository/ADMIN/Edit Text/Bespoke/Seller Pages/Add_Edit Item/input_Add Translations_btn_okay'

2020-03-20 10:32:49 - [TEST_STEP][PASSED] - sendKeys(findTestObject("ADMIN/Edit Text/Bespoke/Seller Pages/Add_Edit Item/input_Edit Translations_btn_okay"), "*"): Keys '*' sent to object: 'Object Repository/ADMIN/Edit Text/Bespoke/Seller Pages/Add_Edit Item/input_Edit Translations_btn_okay'

2020-03-20 10:32:49 - [MESSAGE][PASSED] - Keys '*' sent to object: 'Object Repository/ADMIN/Edit Text/Bespoke/Seller Pages/Add_Edit Item/input_Edit Translations_btn_okay'

2020-03-20 10:32:49 - [TEST_STEP][PASSED] - click(findTestObject("ADMIN/Edit Text/Bespoke/Buyer Pages/Homepage/button_save"), CONTINUE_ON_FAILURE): Object: 'Object Repository/ADMIN/Edit Text/Bespoke/Buyer Pages/Homepage/button_save' is clicked on

2020-03-20 10:32:49 - [MESSAGE][PASSED] - Object: 'Object Repository/ADMIN/Edit Text/Bespoke/Buyer Pages/Homepage/button_save' is clicked on

2020-03-20 10:32:49 - [TEST_STEP][PASSED] - waitForElementVisible(findTestObject("ADMIN/Edit Text/Bespoke/Buyer Pages/Homepage/toaster_success"), 0): Object 'Object Repository/ADMIN/Edit Text/Bespoke/Buyer Pages/Homepage/toaster_success' is visible

2020-03-20 10:32:49 - [MESSAGE][WARNING] - Timeout '0' is invalid. Using default page load timeout: '30'

2020-03-20 10:32:51 - [MESSAGE][PASSED] - Object 'Object Repository/ADMIN/Edit Text/Bespoke/Buyer Pages/Homepage/toaster_success' is visible]]></system-out>
         <system-err><![CDATA[]]></system-err>
      </testcase>
      <testcase name="Test Cases/ADMIN/Language/Edit Text/Bespoke/Seller/Add_Edit Item" time="12.535" classname="Test Cases/ADMIN/Language/Edit Text/Bespoke/Seller/Add_Edit Item" status="PASSED">
         <system-out><![CDATA[2020-03-20 10:32:51 - [TEST_CASE][PASSED] - Test Cases/ADMIN/Language/Edit Text/Bespoke/Seller/Add_Edit Item: Test Cases/ADMIN/Language/Edit Text/Bespoke/Seller/Add_Edit Item

2020-03-20 10:32:51 - [TEST_STEP][PASSED] - waitForElementVisible(findTestObject("ADMIN/Edit Text/Bespoke/Buyer Navigation/dd_language"), 0): Object 'Object Repository/ADMIN/Edit Text/Bespoke/Buyer Navigation/dd_language' is visible

2020-03-20 10:32:51 - [MESSAGE][WARNING] - Timeout '0' is invalid. Using default page load timeout: '30'

2020-03-20 10:32:51 - [MESSAGE][PASSED] - Object 'Object Repository/ADMIN/Edit Text/Bespoke/Buyer Navigation/dd_language' is visible

2020-03-20 10:32:51 - [TEST_STEP][PASSED] - selectOptionByLabel(findTestObject("ADMIN/Edit Text/Bespoke/Buyer Navigation/dd_language"), varLanguage, false): All options with label 'Russian' are selected in object 'Object Repository/ADMIN/Edit Text/Bespoke/Buyer Navigation/dd_language' 

2020-03-20 10:32:53 - [MESSAGE][PASSED] - All options with label 'Russian' are selected in object 'Object Repository/ADMIN/Edit Text/Bespoke/Buyer Navigation/dd_language' 

2020-03-20 10:32:53 - [TEST_STEP][PASSED] - sendKeys(findTestObject("ADMIN/Edit Text/Bespoke/Seller Pages/Add_Edit Item/input_YOUR ITEMS_item_name"), "*"): Keys '*' sent to object: 'Object Repository/ADMIN/Edit Text/Bespoke/Seller Pages/Add_Edit Item/input_YOUR ITEMS_item_name'

2020-03-20 10:32:53 - [MESSAGE][PASSED] - Keys '*' sent to object: 'Object Repository/ADMIN/Edit Text/Bespoke/Seller Pages/Add_Edit Item/input_YOUR ITEMS_item_name'

2020-03-20 10:32:53 - [TEST_STEP][PASSED] - sendKeys(findTestObject("ADMIN/Edit Text/Bespoke/Seller Pages/Add_Edit Item/input_Fill in your item details here_item_details"), "*"): Keys '*' sent to object: 'Object Repository/ADMIN/Edit Text/Bespoke/Seller Pages/Add_Edit Item/input_Fill in your item details here_item_details'

2020-03-20 10:32:53 - [MESSAGE][PASSED] - Keys '*' sent to object: 'Object Repository/ADMIN/Edit Text/Bespoke/Seller Pages/Add_Edit Item/input_Fill in your item details here_item_details'

2020-03-20 10:32:53 - [TEST_STEP][PASSED] - sendKeys(findTestObject("ADMIN/Edit Text/Bespoke/Seller Pages/Add_Edit Item/input_Category_category"), "*"): Keys '*' sent to object: 'Object Repository/ADMIN/Edit Text/Bespoke/Seller Pages/Add_Edit Item/input_Category_category'

2020-03-20 10:32:54 - [MESSAGE][PASSED] - Keys '*' sent to object: 'Object Repository/ADMIN/Edit Text/Bespoke/Seller Pages/Add_Edit Item/input_Category_category'

2020-03-20 10:32:54 - [TEST_STEP][PASSED] - sendKeys(findTestObject("ADMIN/Edit Text/Bespoke/Seller Pages/Add_Edit Item/input_Select a Category_category"), "*"): Keys '*' sent to object: 'Object Repository/ADMIN/Edit Text/Bespoke/Seller Pages/Add_Edit Item/input_Select a Category_category'

2020-03-20 10:32:54 - [MESSAGE][PASSED] - Keys '*' sent to object: 'Object Repository/ADMIN/Edit Text/Bespoke/Seller Pages/Add_Edit Item/input_Select a Category_category'

2020-03-20 10:32:54 - [TEST_STEP][PASSED] - sendKeys(findTestObject("ADMIN/Edit Text/Bespoke/Seller Pages/Add_Edit Item/input_Item Name_item_name"), "*"): Keys '*' sent to object: 'Object Repository/ADMIN/Edit Text/Bespoke/Seller Pages/Add_Edit Item/input_Item Name_item_name'

2020-03-20 10:32:54 - [MESSAGE][PASSED] - Keys '*' sent to object: 'Object Repository/ADMIN/Edit Text/Bespoke/Seller Pages/Add_Edit Item/input_Item Name_item_name'

2020-03-20 10:32:54 - [TEST_STEP][PASSED] - sendKeys(findTestObject("ADMIN/Edit Text/Bespoke/Seller Pages/Add_Edit Item/input_Price_price"), "*"): Keys '*' sent to object: 'Object Repository/ADMIN/Edit Text/Bespoke/Seller Pages/Add_Edit Item/input_Price_price'

2020-03-20 10:32:54 - [MESSAGE][PASSED] - Keys '*' sent to object: 'Object Repository/ADMIN/Edit Text/Bespoke/Seller Pages/Add_Edit Item/input_Price_price'

2020-03-20 10:32:54 - [TEST_STEP][PASSED] - sendKeys(findTestObject("ADMIN/Edit Text/Bespoke/Seller Pages/Add_Edit Item/input_SELECT ALL_category"), "*"): Keys '*' sent to object: 'Object Repository/ADMIN/Edit Text/Bespoke/Seller Pages/Add_Edit Item/input_SELECT ALL_category'

2020-03-20 10:32:54 - [MESSAGE][PASSED] - Keys '*' sent to object: 'Object Repository/ADMIN/Edit Text/Bespoke/Seller Pages/Add_Edit Item/input_SELECT ALL_category'

2020-03-20 10:32:54 - [TEST_STEP][PASSED] - sendKeys(findTestObject("ADMIN/Edit Text/Bespoke/Seller Pages/Add_Edit Item/input_SELECT NONE_category"), "*"): Keys '*' sent to object: 'Object Repository/ADMIN/Edit Text/Bespoke/Seller Pages/Add_Edit Item/input_SELECT NONE_category'

2020-03-20 10:32:54 - [MESSAGE][PASSED] - Keys '*' sent to object: 'Object Repository/ADMIN/Edit Text/Bespoke/Seller Pages/Add_Edit Item/input_SELECT NONE_category'

2020-03-20 10:32:54 - [TEST_STEP][PASSED] - sendKeys(findTestObject("ADMIN/Edit Text/Bespoke/Seller Pages/Add_Edit Item/input_Item Description_item_description"), "*"): Keys '*' sent to object: 'Object Repository/ADMIN/Edit Text/Bespoke/Seller Pages/Add_Edit Item/input_Item Description_item_description'

2020-03-20 10:32:54 - [MESSAGE][PASSED] - Keys '*' sent to object: 'Object Repository/ADMIN/Edit Text/Bespoke/Seller Pages/Add_Edit Item/input_Item Description_item_description'

2020-03-20 10:32:54 - [TEST_STEP][PASSED] - sendKeys(findTestObject("ADMIN/Edit Text/Bespoke/Seller Pages/Add_Edit Item/input_ITEM COVER IMAGE_item_cover_image"), "*"): Keys '*' sent to object: 'Object Repository/ADMIN/Edit Text/Bespoke/Seller Pages/Add_Edit Item/input_ITEM COVER IMAGE_item_cover_image'

2020-03-20 10:32:55 - [MESSAGE][PASSED] - Keys '*' sent to object: 'Object Repository/ADMIN/Edit Text/Bespoke/Seller Pages/Add_Edit Item/input_ITEM COVER IMAGE_item_cover_image'

2020-03-20 10:32:55 - [TEST_STEP][PASSED] - sendKeys(findTestObject("ADMIN/Edit Text/Bespoke/Seller Pages/Add_Edit Item/input_ITEM COVER IMAGE_item_cover_details"), "*"): Keys '*' sent to object: 'Object Repository/ADMIN/Edit Text/Bespoke/Seller Pages/Add_Edit Item/input_ITEM COVER IMAGE_item_cover_details'

2020-03-20 10:32:55 - [MESSAGE][PASSED] - Keys '*' sent to object: 'Object Repository/ADMIN/Edit Text/Bespoke/Seller Pages/Add_Edit Item/input_ITEM COVER IMAGE_item_cover_details'

2020-03-20 10:32:55 - [TEST_STEP][PASSED] - sendKeys(findTestObject("ADMIN/Edit Text/Bespoke/Seller Pages/Add_Edit Item/input_BROWSE_browse_btn"), "*"): Keys '*' sent to object: 'Object Repository/ADMIN/Edit Text/Bespoke/Seller Pages/Add_Edit Item/input_BROWSE_browse_btn'

2020-03-20 10:32:55 - [MESSAGE][PASSED] - Keys '*' sent to object: 'Object Repository/ADMIN/Edit Text/Bespoke/Seller Pages/Add_Edit Item/input_BROWSE_browse_btn'

2020-03-20 10:32:55 - [TEST_STEP][PASSED] - sendKeys(findTestObject("ADMIN/Edit Text/Bespoke/Seller Pages/Add_Edit Item/input_Quantity_quantity"), "*"): Keys '*' sent to object: 'Object Repository/ADMIN/Edit Text/Bespoke/Seller Pages/Add_Edit Item/input_Quantity_quantity'

2020-03-20 10:32:55 - [MESSAGE][PASSED] - Keys '*' sent to object: 'Object Repository/ADMIN/Edit Text/Bespoke/Seller Pages/Add_Edit Item/input_Quantity_quantity'

2020-03-20 10:32:55 - [TEST_STEP][PASSED] - sendKeys(findTestObject("ADMIN/Edit Text/Bespoke/Seller Pages/Add_Edit Item/input_Unlimited Stock_unlimited_stock"), "*"): Keys '*' sent to object: 'Object Repository/ADMIN/Edit Text/Bespoke/Seller Pages/Add_Edit Item/input_Unlimited Stock_unlimited_stock'

2020-03-20 10:32:55 - [MESSAGE][PASSED] - Keys '*' sent to object: 'Object Repository/ADMIN/Edit Text/Bespoke/Seller Pages/Add_Edit Item/input_Unlimited Stock_unlimited_stock'

2020-03-20 10:32:55 - [TEST_STEP][PASSED] - sendKeys(findTestObject("ADMIN/Edit Text/Bespoke/Seller Pages/Add_Edit Item/input_YES_yes-txt"), "*"): Keys '*' sent to object: 'Object Repository/ADMIN/Edit Text/Bespoke/Seller Pages/Add_Edit Item/input_YES_yes-txt'

2020-03-20 10:32:55 - [MESSAGE][PASSED] - Keys '*' sent to object: 'Object Repository/ADMIN/Edit Text/Bespoke/Seller Pages/Add_Edit Item/input_YES_yes-txt'

2020-03-20 10:32:55 - [TEST_STEP][PASSED] - sendKeys(findTestObject("ADMIN/Edit Text/Bespoke/Seller Pages/Add_Edit Item/input_NO_no-txt"), "*"): Keys '*' sent to object: 'Object Repository/ADMIN/Edit Text/Bespoke/Seller Pages/Add_Edit Item/input_NO_no-txt'

2020-03-20 10:32:55 - [MESSAGE][PASSED] - Keys '*' sent to object: 'Object Repository/ADMIN/Edit Text/Bespoke/Seller Pages/Add_Edit Item/input_NO_no-txt'

2020-03-20 10:32:55 - [TEST_STEP][PASSED] - sendKeys(findTestObject("ADMIN/Edit Text/Bespoke/Seller Pages/Add_Edit Item/input_Variants_variants"), "*"): Keys '*' sent to object: 'Object Repository/ADMIN/Edit Text/Bespoke/Seller Pages/Add_Edit Item/input_Variants_variants'

2020-03-20 10:32:56 - [MESSAGE][PASSED] - Keys '*' sent to object: 'Object Repository/ADMIN/Edit Text/Bespoke/Seller Pages/Add_Edit Item/input_Variants_variants'

2020-03-20 10:32:56 - [TEST_STEP][PASSED] - sendKeys(findTestObject("ADMIN/Edit Text/Bespoke/Seller Pages/Add_Edit Item/input_Variant(s)_variant_s"), "*"): Keys '*' sent to object: 'Object Repository/ADMIN/Edit Text/Bespoke/Seller Pages/Add_Edit Item/input_Variant(s)_variant_s'

2020-03-20 10:32:56 - [MESSAGE][PASSED] - Keys '*' sent to object: 'Object Repository/ADMIN/Edit Text/Bespoke/Seller Pages/Add_Edit Item/input_Variant(s)_variant_s'

2020-03-20 10:32:56 - [TEST_STEP][PASSED] - sendKeys(findTestObject("ADMIN/Edit Text/Bespoke/Seller Pages/Add_Edit Item/input_Add up to 3 different available options for the item eg  Colour Size and Material_item_addUpto3Variants"), "*"): Keys '*' sent to object: 'Object Repository/ADMIN/Edit Text/Bespoke/Seller Pages/Add_Edit Item/input_Add up to 3 different available options for the item eg  Colour Size and Material_item_addUpto3Variants'

2020-03-20 10:32:56 - [MESSAGE][PASSED] - Keys '*' sent to object: 'Object Repository/ADMIN/Edit Text/Bespoke/Seller Pages/Add_Edit Item/input_Add up to 3 different available options for the item eg  Colour Size and Material_item_addUpto3Variants'

2020-03-20 10:32:56 - [TEST_STEP][PASSED] - sendKeys(findTestObject("ADMIN/Edit Text/Bespoke/Seller Pages/Add_Edit Item/input_Change_variants-change"), "*"): Keys '*' sent to object: 'Object Repository/ADMIN/Edit Text/Bespoke/Seller Pages/Add_Edit Item/input_Change_variants-change'

2020-03-20 10:32:56 - [MESSAGE][PASSED] - Keys '*' sent to object: 'Object Repository/ADMIN/Edit Text/Bespoke/Seller Pages/Add_Edit Item/input_Change_variants-change'

2020-03-20 10:32:56 - [TEST_STEP][PASSED] - sendKeys(findTestObject("ADMIN/Edit Text/Bespoke/Seller Pages/Add_Edit Item/input_Okay_variants-change"), "*"): Keys '*' sent to object: 'Object Repository/ADMIN/Edit Text/Bespoke/Seller Pages/Add_Edit Item/input_Okay_variants-change'

2020-03-20 10:32:56 - [MESSAGE][PASSED] - Keys '*' sent to object: 'Object Repository/ADMIN/Edit Text/Bespoke/Seller Pages/Add_Edit Item/input_Okay_variants-change'

2020-03-20 10:32:56 - [TEST_STEP][PASSED] - sendKeys(findTestObject("ADMIN/Edit Text/Bespoke/Seller Pages/Add_Edit Item/input_Cancel_variants-change"), "*"): Keys '*' sent to object: 'Object Repository/ADMIN/Edit Text/Bespoke/Seller Pages/Add_Edit Item/input_Cancel_variants-change'

2020-03-20 10:32:56 - [MESSAGE][PASSED] - Keys '*' sent to object: 'Object Repository/ADMIN/Edit Text/Bespoke/Seller Pages/Add_Edit Item/input_Cancel_variants-change'

2020-03-20 10:32:56 - [TEST_STEP][PASSED] - sendKeys(findTestObject("ADMIN/Edit Text/Bespoke/Seller Pages/Add_Edit Item/input_Add Variants_variants_btn"), "*"): Keys '*' sent to object: 'Object Repository/ADMIN/Edit Text/Bespoke/Seller Pages/Add_Edit Item/input_Add Variants_variants_btn'

2020-03-20 10:32:56 - [MESSAGE][PASSED] - Keys '*' sent to object: 'Object Repository/ADMIN/Edit Text/Bespoke/Seller Pages/Add_Edit Item/input_Add Variants_variants_btn'

2020-03-20 10:32:56 - [TEST_STEP][PASSED] - sendKeys(findTestObject("ADMIN/Edit Text/Bespoke/Seller Pages/Add_Edit Item/input_VARIANTS OPTIONS_option_name"), "*"): Keys '*' sent to object: 'Object Repository/ADMIN/Edit Text/Bespoke/Seller Pages/Add_Edit Item/input_VARIANTS OPTIONS_option_name'

2020-03-20 10:32:57 - [MESSAGE][PASSED] - Keys '*' sent to object: 'Object Repository/ADMIN/Edit Text/Bespoke/Seller Pages/Add_Edit Item/input_VARIANTS OPTIONS_option_name'

2020-03-20 10:32:57 - [TEST_STEP][PASSED] - sendKeys(findTestObject("ADMIN/Edit Text/Bespoke/Seller Pages/Add_Edit Item/input_VARIANTS CHOICES_option_choices"), "*"): Keys '*' sent to object: 'Object Repository/ADMIN/Edit Text/Bespoke/Seller Pages/Add_Edit Item/input_VARIANTS CHOICES_option_choices'

2020-03-20 10:32:57 - [MESSAGE][PASSED] - Keys '*' sent to object: 'Object Repository/ADMIN/Edit Text/Bespoke/Seller Pages/Add_Edit Item/input_VARIANTS CHOICES_option_choices'

2020-03-20 10:32:57 - [TEST_STEP][PASSED] - sendKeys(findTestObject("ADMIN/Edit Text/Bespoke/Seller Pages/Add_Edit Item/input_eg Colour_place_egcolour"), "*"): Keys '*' sent to object: 'Object Repository/ADMIN/Edit Text/Bespoke/Seller Pages/Add_Edit Item/input_eg Colour_place_egcolour'

2020-03-20 10:32:57 - [MESSAGE][PASSED] - Keys '*' sent to object: 'Object Repository/ADMIN/Edit Text/Bespoke/Seller Pages/Add_Edit Item/input_eg Colour_place_egcolour'

2020-03-20 10:32:57 - [TEST_STEP][PASSED] - sendKeys(findTestObject("ADMIN/Edit Text/Bespoke/Seller Pages/Add_Edit Item/input_eg Red_place_option"), "*"): Keys '*' sent to object: 'Object Repository/ADMIN/Edit Text/Bespoke/Seller Pages/Add_Edit Item/input_eg Red_place_option'

2020-03-20 10:32:57 - [MESSAGE][PASSED] - Keys '*' sent to object: 'Object Repository/ADMIN/Edit Text/Bespoke/Seller Pages/Add_Edit Item/input_eg Red_place_option'

2020-03-20 10:32:57 - [TEST_STEP][PASSED] - sendKeys(findTestObject("ADMIN/Edit Text/Bespoke/Seller Pages/Add_Edit Item/input_Color_place_colour"), "*"): Keys '*' sent to object: 'Object Repository/ADMIN/Edit Text/Bespoke/Seller Pages/Add_Edit Item/input_Color_place_colour'

2020-03-20 10:32:57 - [MESSAGE][PASSED] - Keys '*' sent to object: 'Object Repository/ADMIN/Edit Text/Bespoke/Seller Pages/Add_Edit Item/input_Color_place_colour'

2020-03-20 10:32:57 - [TEST_STEP][PASSED] - sendKeys(findTestObject("ADMIN/Edit Text/Bespoke/Seller Pages/Add_Edit Item/input_Red_place_option"), "*"): Keys '*' sent to object: 'Object Repository/ADMIN/Edit Text/Bespoke/Seller Pages/Add_Edit Item/input_Red_place_option'

2020-03-20 10:32:57 - [MESSAGE][PASSED] - Keys '*' sent to object: 'Object Repository/ADMIN/Edit Text/Bespoke/Seller Pages/Add_Edit Item/input_Red_place_option'

2020-03-20 10:32:57 - [TEST_STEP][PASSED] - sendKeys(findTestObject("ADMIN/Edit Text/Bespoke/Seller Pages/Add_Edit Item/input_Image_tbl_lbe_img"), "*"): Keys '*' sent to object: 'Object Repository/ADMIN/Edit Text/Bespoke/Seller Pages/Add_Edit Item/input_Image_tbl_lbe_img'

2020-03-20 10:32:57 - [MESSAGE][PASSED] - Keys '*' sent to object: 'Object Repository/ADMIN/Edit Text/Bespoke/Seller Pages/Add_Edit Item/input_Image_tbl_lbe_img'

2020-03-20 10:32:57 - [TEST_STEP][PASSED] - sendKeys(findTestObject("ADMIN/Edit Text/Bespoke/Seller Pages/Add_Edit Item/input_Same Image_tbl_lbe_same_img"), "*"): Keys '*' sent to object: 'Object Repository/ADMIN/Edit Text/Bespoke/Seller Pages/Add_Edit Item/input_Same Image_tbl_lbe_same_img'

2020-03-20 10:32:57 - [MESSAGE][PASSED] - Keys '*' sent to object: 'Object Repository/ADMIN/Edit Text/Bespoke/Seller Pages/Add_Edit Item/input_Same Image_tbl_lbe_same_img'

2020-03-20 10:32:57 - [TEST_STEP][PASSED] - sendKeys(findTestObject("ADMIN/Edit Text/Bespoke/Seller Pages/Add_Edit Item/input_Surcharge_tbl_lbe_surcharge"), "*"): Keys '*' sent to object: 'Object Repository/ADMIN/Edit Text/Bespoke/Seller Pages/Add_Edit Item/input_Surcharge_tbl_lbe_surcharge'

2020-03-20 10:32:58 - [MESSAGE][PASSED] - Keys '*' sent to object: 'Object Repository/ADMIN/Edit Text/Bespoke/Seller Pages/Add_Edit Item/input_Surcharge_tbl_lbe_surcharge'

2020-03-20 10:32:58 - [TEST_STEP][PASSED] - sendKeys(findTestObject("ADMIN/Edit Text/Bespoke/Seller Pages/Add_Edit Item/input_Total Price_tbl_lbe_price"), "*"): Keys '*' sent to object: 'Object Repository/ADMIN/Edit Text/Bespoke/Seller Pages/Add_Edit Item/input_Total Price_tbl_lbe_price'

2020-03-20 10:32:58 - [MESSAGE][PASSED] - Keys '*' sent to object: 'Object Repository/ADMIN/Edit Text/Bespoke/Seller Pages/Add_Edit Item/input_Total Price_tbl_lbe_price'

2020-03-20 10:32:58 - [TEST_STEP][PASSED] - sendKeys(findTestObject("ADMIN/Edit Text/Bespoke/Seller Pages/Add_Edit Item/input_Stock_tbl_lbe_stock"), "*"): Keys '*' sent to object: 'Object Repository/ADMIN/Edit Text/Bespoke/Seller Pages/Add_Edit Item/input_Stock_tbl_lbe_stock'

2020-03-20 10:32:58 - [MESSAGE][PASSED] - Keys '*' sent to object: 'Object Repository/ADMIN/Edit Text/Bespoke/Seller Pages/Add_Edit Item/input_Stock_tbl_lbe_stock'

2020-03-20 10:32:58 - [TEST_STEP][PASSED] - sendKeys(findTestObject("ADMIN/Edit Text/Bespoke/Seller Pages/Add_Edit Item/input_Unlimited_tbl_lbe_unlimited"), "*"): Keys '*' sent to object: 'Object Repository/ADMIN/Edit Text/Bespoke/Seller Pages/Add_Edit Item/input_Unlimited_tbl_lbe_unlimited'

2020-03-20 10:32:58 - [MESSAGE][PASSED] - Keys '*' sent to object: 'Object Repository/ADMIN/Edit Text/Bespoke/Seller Pages/Add_Edit Item/input_Unlimited_tbl_lbe_unlimited'

2020-03-20 10:32:58 - [TEST_STEP][PASSED] - sendKeys(findTestObject("ADMIN/Edit Text/Bespoke/Seller Pages/Add_Edit Item/input_DELIVERY OPTIONS_delivery_options"), "*"): Keys '*' sent to object: 'Object Repository/ADMIN/Edit Text/Bespoke/Seller Pages/Add_Edit Item/input_DELIVERY OPTIONS_delivery_options'

2020-03-20 10:32:58 - [MESSAGE][PASSED] - Keys '*' sent to object: 'Object Repository/ADMIN/Edit Text/Bespoke/Seller Pages/Add_Edit Item/input_DELIVERY OPTIONS_delivery_options'

2020-03-20 10:32:58 - [TEST_STEP][PASSED] - sendKeys(findTestObject("ADMIN/Edit Text/Bespoke/Seller Pages/Add_Edit Item/input_DELIVERY OPTIONS_delivery-txt2"), "*"): Keys '*' sent to object: 'Object Repository/ADMIN/Edit Text/Bespoke/Seller Pages/Add_Edit Item/input_DELIVERY OPTIONS_delivery-txt2'

2020-03-20 10:32:58 - [MESSAGE][PASSED] - Keys '*' sent to object: 'Object Repository/ADMIN/Edit Text/Bespoke/Seller Pages/Add_Edit Item/input_DELIVERY OPTIONS_delivery-txt2'

2020-03-20 10:32:58 - [TEST_STEP][PASSED] - sendKeys(findTestObject("ADMIN/Edit Text/Bespoke/Seller Pages/Add_Edit Item/input_Offer reduced shipping costs to buyers when they buy more than one item from you_delivery-txt2"), "*"): Keys '*' sent to object: 'Object Repository/ADMIN/Edit Text/Bespoke/Seller Pages/Add_Edit Item/input_Offer reduced shipping costs to buyers when they buy more than one item from you_delivery-txt2'

2020-03-20 10:32:58 - [MESSAGE][PASSED] - Keys '*' sent to object: 'Object Repository/ADMIN/Edit Text/Bespoke/Seller Pages/Add_Edit Item/input_Offer reduced shipping costs to buyers when they buy more than one item from you_delivery-txt2'

2020-03-20 10:32:58 - [TEST_STEP][PASSED] - sendKeys(findTestObject("ADMIN/Edit Text/Bespoke/Seller Pages/Add_Edit Item/input_total delivery"), "*"): Keys '*' sent to object: 'Object Repository/ADMIN/Edit Text/Bespoke/Seller Pages/Add_Edit Item/input_total delivery'

2020-03-20 10:32:59 - [MESSAGE][PASSED] - Keys '*' sent to object: 'Object Repository/ADMIN/Edit Text/Bespoke/Seller Pages/Add_Edit Item/input_total delivery'

2020-03-20 10:32:59 - [TEST_STEP][PASSED] - sendKeys(findTestObject("ADMIN/Edit Text/Bespoke/Seller Pages/Add_Edit Item/input_DELIVERY SERVICE_delivery_service"), "*"): Keys '*' sent to object: 'Object Repository/ADMIN/Edit Text/Bespoke/Seller Pages/Add_Edit Item/input_DELIVERY SERVICE_delivery_service'

2020-03-20 10:32:59 - [MESSAGE][PASSED] - Keys '*' sent to object: 'Object Repository/ADMIN/Edit Text/Bespoke/Seller Pages/Add_Edit Item/input_DELIVERY SERVICE_delivery_service'

2020-03-20 10:32:59 - [TEST_STEP][PASSED] - sendKeys(findTestObject("ADMIN/Edit Text/Bespoke/Seller Pages/Add_Edit Item/input_SINGLE ITEM DELIVERY (A)_delivery_surchrge"), "*"): Keys '*' sent to object: 'Object Repository/ADMIN/Edit Text/Bespoke/Seller Pages/Add_Edit Item/input_SINGLE ITEM DELIVERY (A)_delivery_surchrge'

2020-03-20 10:32:59 - [MESSAGE][PASSED] - Keys '*' sent to object: 'Object Repository/ADMIN/Edit Text/Bespoke/Seller Pages/Add_Edit Item/input_SINGLE ITEM DELIVERY (A)_delivery_surchrge'

2020-03-20 10:32:59 - [TEST_STEP][PASSED] - sendKeys(findTestObject("ADMIN/Edit Text/Bespoke/Seller Pages/Add_Edit Item/input_SINGLE ITEM (A)_additional_item"), "*"): Keys '*' sent to object: 'Object Repository/ADMIN/Edit Text/Bespoke/Seller Pages/Add_Edit Item/input_SINGLE ITEM (A)_additional_item'

2020-03-20 10:32:59 - [MESSAGE][PASSED] - Keys '*' sent to object: 'Object Repository/ADMIN/Edit Text/Bespoke/Seller Pages/Add_Edit Item/input_SINGLE ITEM (A)_additional_item'

2020-03-20 10:32:59 - [TEST_STEP][PASSED] - sendKeys(findTestObject("ADMIN/Edit Text/Bespoke/Seller Pages/Add_Edit Item/input_WITH OTHER ITEM (B)_additional_item"), "*"): Keys '*' sent to object: 'Object Repository/ADMIN/Edit Text/Bespoke/Seller Pages/Add_Edit Item/input_WITH OTHER ITEM (B)_additional_item'

2020-03-20 10:32:59 - [MESSAGE][PASSED] - Keys '*' sent to object: 'Object Repository/ADMIN/Edit Text/Bespoke/Seller Pages/Add_Edit Item/input_WITH OTHER ITEM (B)_additional_item'

2020-03-20 10:32:59 - [TEST_STEP][PASSED] - sendKeys(findTestObject("ADMIN/Edit Text/Bespoke/Seller Pages/Add_Edit Item/input_ADD NEW_btn_add_new"), "*"): Keys '*' sent to object: 'Object Repository/ADMIN/Edit Text/Bespoke/Seller Pages/Add_Edit Item/input_ADD NEW_btn_add_new'

2020-03-20 10:32:59 - [MESSAGE][PASSED] - Keys '*' sent to object: 'Object Repository/ADMIN/Edit Text/Bespoke/Seller Pages/Add_Edit Item/input_ADD NEW_btn_add_new'

2020-03-20 10:32:59 - [TEST_STEP][PASSED] - sendKeys(findTestObject("ADMIN/Edit Text/Bespoke/Seller Pages/Add_Edit Item/input_PICK-UP LOCATION_location_service"), "*"): Keys '*' sent to object: 'Object Repository/ADMIN/Edit Text/Bespoke/Seller Pages/Add_Edit Item/input_PICK-UP LOCATION_location_service'

2020-03-20 10:32:59 - [MESSAGE][PASSED] - Keys '*' sent to object: 'Object Repository/ADMIN/Edit Text/Bespoke/Seller Pages/Add_Edit Item/input_PICK-UP LOCATION_location_service'

2020-03-20 10:32:59 - [TEST_STEP][PASSED] - sendKeys(findTestObject("ADMIN/Edit Text/Bespoke/Seller Pages/Add_Edit Item/textarea_Please provide the address where the item may be collected by the buyer(You must select at least one delivery option or pickup location)"), "*"): Keys '*' sent to object: 'Object Repository/ADMIN/Edit Text/Bespoke/Seller Pages/Add_Edit Item/textarea_Please provide the address where the item may be collected by the buyer(You must select at least one delivery option or pickup location)'

2020-03-20 10:33:00 - [MESSAGE][PASSED] - Keys '*' sent to object: 'Object Repository/ADMIN/Edit Text/Bespoke/Seller Pages/Add_Edit Item/textarea_Please provide the address where the item may be collected by the buyer(You must select at least one delivery option or pickup location)'

2020-03-20 10:33:00 - [TEST_STEP][PASSED] - sendKeys(findTestObject("ADMIN/Edit Text/Bespoke/Seller Pages/Add_Edit Item/input_PICKUP LOCATION ADDRESS_location_address"), "*"): Keys '*' sent to object: 'Object Repository/ADMIN/Edit Text/Bespoke/Seller Pages/Add_Edit Item/input_PICKUP LOCATION ADDRESS_location_address'

2020-03-20 10:33:00 - [MESSAGE][PASSED] - Keys '*' sent to object: 'Object Repository/ADMIN/Edit Text/Bespoke/Seller Pages/Add_Edit Item/input_PICKUP LOCATION ADDRESS_location_address'

2020-03-20 10:33:00 - [TEST_STEP][PASSED] - sendKeys(findTestObject("ADMIN/Edit Text/Bespoke/Seller Pages/Add_Edit Item/input_add new 2"), "*"): Keys '*' sent to object: 'Object Repository/ADMIN/Edit Text/Bespoke/Seller Pages/Add_Edit Item/input_add new 2'

2020-03-20 10:33:00 - [MESSAGE][PASSED] - Keys '*' sent to object: 'Object Repository/ADMIN/Edit Text/Bespoke/Seller Pages/Add_Edit Item/input_add new 2'

2020-03-20 10:33:00 - [TEST_STEP][PASSED] - sendKeys(findTestObject("ADMIN/Edit Text/Bespoke/Seller Pages/Add_Edit Item/input_SAVE_btn_save"), "*"): Keys '*' sent to object: 'Object Repository/ADMIN/Edit Text/Bespoke/Seller Pages/Add_Edit Item/input_SAVE_btn_save'

2020-03-20 10:33:00 - [MESSAGE][PASSED] - Keys '*' sent to object: 'Object Repository/ADMIN/Edit Text/Bespoke/Seller Pages/Add_Edit Item/input_SAVE_btn_save'

2020-03-20 10:33:00 - [TEST_STEP][PASSED] - sendKeys(findTestObject("ADMIN/Edit Text/Bespoke/Seller Pages/Add_Edit Item/input_Item Saved_popup-title"), "*"): Keys '*' sent to object: 'Object Repository/ADMIN/Edit Text/Bespoke/Seller Pages/Add_Edit Item/input_Item Saved_popup-title'

2020-03-20 10:33:00 - [MESSAGE][PASSED] - Keys '*' sent to object: 'Object Repository/ADMIN/Edit Text/Bespoke/Seller Pages/Add_Edit Item/input_Item Saved_popup-title'

2020-03-20 10:33:00 - [TEST_STEP][PASSED] - sendKeys(findTestObject("ADMIN/Edit Text/Bespoke/Seller Pages/Add_Edit Item/input_This item has been saved in_popup-title2"), "*"): Keys '*' sent to object: 'Object Repository/ADMIN/Edit Text/Bespoke/Seller Pages/Add_Edit Item/input_This item has been saved in_popup-title2'

2020-03-20 10:33:01 - [MESSAGE][PASSED] - Keys '*' sent to object: 'Object Repository/ADMIN/Edit Text/Bespoke/Seller Pages/Add_Edit Item/input_This item has been saved in_popup-title2'

2020-03-20 10:33:01 - [TEST_STEP][PASSED] - sendKeys(findTestObject("ADMIN/Edit Text/Bespoke/Seller Pages/Add_Edit Item/input_The default language of the buyer pages is_popup-title2"), "*"): Keys '*' sent to object: 'Object Repository/ADMIN/Edit Text/Bespoke/Seller Pages/Add_Edit Item/input_The default language of the buyer pages is_popup-title2'

2020-03-20 10:33:01 - [MESSAGE][PASSED] - Keys '*' sent to object: 'Object Repository/ADMIN/Edit Text/Bespoke/Seller Pages/Add_Edit Item/input_The default language of the buyer pages is_popup-title2'

2020-03-20 10:33:01 - [TEST_STEP][PASSED] - sendKeys(findTestObject("ADMIN/Edit Text/Bespoke/Seller Pages/Add_Edit Item/input_We recommend you at least add a translation in that language_popup-title2"), "*"): Keys '*' sent to object: 'Object Repository/ADMIN/Edit Text/Bespoke/Seller Pages/Add_Edit Item/input_We recommend you at least add a translation in that language_popup-title2'

2020-03-20 10:33:01 - [MESSAGE][PASSED] - Keys '*' sent to object: 'Object Repository/ADMIN/Edit Text/Bespoke/Seller Pages/Add_Edit Item/input_We recommend you at least add a translation in that language_popup-title2'

2020-03-20 10:33:01 - [TEST_STEP][PASSED] - sendKeys(findTestObject("ADMIN/Edit Text/Bespoke/Seller Pages/Add_Edit Item/input_concat(I  ll do it later)_btn_okay"), "*"): Keys '*' sent to object: 'Object Repository/ADMIN/Edit Text/Bespoke/Seller Pages/Add_Edit Item/input_concat(I  ll do it later)_btn_okay'

2020-03-20 10:33:01 - [MESSAGE][PASSED] - Keys '*' sent to object: 'Object Repository/ADMIN/Edit Text/Bespoke/Seller Pages/Add_Edit Item/input_concat(I  ll do it later)_btn_okay'

2020-03-20 10:33:01 - [TEST_STEP][PASSED] - sendKeys(findTestObject("ADMIN/Edit Text/Bespoke/Seller Pages/Add_Edit Item/input_Add Translations_btn_okay"), "*"): Keys '*' sent to object: 'Object Repository/ADMIN/Edit Text/Bespoke/Seller Pages/Add_Edit Item/input_Add Translations_btn_okay'

2020-03-20 10:33:02 - [MESSAGE][PASSED] - Keys '*' sent to object: 'Object Repository/ADMIN/Edit Text/Bespoke/Seller Pages/Add_Edit Item/input_Add Translations_btn_okay'

2020-03-20 10:33:02 - [TEST_STEP][PASSED] - sendKeys(findTestObject("ADMIN/Edit Text/Bespoke/Seller Pages/Add_Edit Item/input_Edit Translations_btn_okay"), "*"): Keys '*' sent to object: 'Object Repository/ADMIN/Edit Text/Bespoke/Seller Pages/Add_Edit Item/input_Edit Translations_btn_okay'

2020-03-20 10:33:02 - [MESSAGE][PASSED] - Keys '*' sent to object: 'Object Repository/ADMIN/Edit Text/Bespoke/Seller Pages/Add_Edit Item/input_Edit Translations_btn_okay'

2020-03-20 10:33:02 - [TEST_STEP][PASSED] - click(findTestObject("ADMIN/Edit Text/Bespoke/Buyer Pages/Homepage/button_save"), CONTINUE_ON_FAILURE): Object: 'Object Repository/ADMIN/Edit Text/Bespoke/Buyer Pages/Homepage/button_save' is clicked on

2020-03-20 10:33:02 - [MESSAGE][PASSED] - Object: 'Object Repository/ADMIN/Edit Text/Bespoke/Buyer Pages/Homepage/button_save' is clicked on

2020-03-20 10:33:02 - [TEST_STEP][PASSED] - waitForElementVisible(findTestObject("ADMIN/Edit Text/Bespoke/Buyer Pages/Homepage/toaster_success"), 0): Object 'Object Repository/ADMIN/Edit Text/Bespoke/Buyer Pages/Homepage/toaster_success' is visible

2020-03-20 10:33:02 - [MESSAGE][WARNING] - Timeout '0' is invalid. Using default page load timeout: '30'

2020-03-20 10:33:03 - [MESSAGE][PASSED] - Object 'Object Repository/ADMIN/Edit Text/Bespoke/Buyer Pages/Homepage/toaster_success' is visible]]></system-out>
         <system-err><![CDATA[]]></system-err>
      </testcase>
      <testcase name="Test Cases/ADMIN/Language/Edit Text/Bespoke/Seller/Add_Edit Item" time="13.118" classname="Test Cases/ADMIN/Language/Edit Text/Bespoke/Seller/Add_Edit Item" status="PASSED">
         <system-out><![CDATA[2020-03-20 10:33:03 - [TEST_CASE][PASSED] - Test Cases/ADMIN/Language/Edit Text/Bespoke/Seller/Add_Edit Item: Test Cases/ADMIN/Language/Edit Text/Bespoke/Seller/Add_Edit Item

2020-03-20 10:33:03 - [TEST_STEP][PASSED] - waitForElementVisible(findTestObject("ADMIN/Edit Text/Bespoke/Buyer Navigation/dd_language"), 0): Object 'Object Repository/ADMIN/Edit Text/Bespoke/Buyer Navigation/dd_language' is visible

2020-03-20 10:33:03 - [MESSAGE][WARNING] - Timeout '0' is invalid. Using default page load timeout: '30'

2020-03-20 10:33:03 - [MESSAGE][PASSED] - Object 'Object Repository/ADMIN/Edit Text/Bespoke/Buyer Navigation/dd_language' is visible

2020-03-20 10:33:03 - [TEST_STEP][PASSED] - selectOptionByLabel(findTestObject("ADMIN/Edit Text/Bespoke/Buyer Navigation/dd_language"), varLanguage, false): All options with label 'Italian' are selected in object 'Object Repository/ADMIN/Edit Text/Bespoke/Buyer Navigation/dd_language' 

2020-03-20 10:33:05 - [MESSAGE][PASSED] - All options with label 'Italian' are selected in object 'Object Repository/ADMIN/Edit Text/Bespoke/Buyer Navigation/dd_language' 

2020-03-20 10:33:05 - [TEST_STEP][PASSED] - sendKeys(findTestObject("ADMIN/Edit Text/Bespoke/Seller Pages/Add_Edit Item/input_YOUR ITEMS_item_name"), "*"): Keys '*' sent to object: 'Object Repository/ADMIN/Edit Text/Bespoke/Seller Pages/Add_Edit Item/input_YOUR ITEMS_item_name'

2020-03-20 10:33:06 - [MESSAGE][PASSED] - Keys '*' sent to object: 'Object Repository/ADMIN/Edit Text/Bespoke/Seller Pages/Add_Edit Item/input_YOUR ITEMS_item_name'

2020-03-20 10:33:06 - [TEST_STEP][PASSED] - sendKeys(findTestObject("ADMIN/Edit Text/Bespoke/Seller Pages/Add_Edit Item/input_Fill in your item details here_item_details"), "*"): Keys '*' sent to object: 'Object Repository/ADMIN/Edit Text/Bespoke/Seller Pages/Add_Edit Item/input_Fill in your item details here_item_details'

2020-03-20 10:33:06 - [MESSAGE][PASSED] - Keys '*' sent to object: 'Object Repository/ADMIN/Edit Text/Bespoke/Seller Pages/Add_Edit Item/input_Fill in your item details here_item_details'

2020-03-20 10:33:06 - [TEST_STEP][PASSED] - sendKeys(findTestObject("ADMIN/Edit Text/Bespoke/Seller Pages/Add_Edit Item/input_Category_category"), "*"): Keys '*' sent to object: 'Object Repository/ADMIN/Edit Text/Bespoke/Seller Pages/Add_Edit Item/input_Category_category'

2020-03-20 10:33:06 - [MESSAGE][PASSED] - Keys '*' sent to object: 'Object Repository/ADMIN/Edit Text/Bespoke/Seller Pages/Add_Edit Item/input_Category_category'

2020-03-20 10:33:06 - [TEST_STEP][PASSED] - sendKeys(findTestObject("ADMIN/Edit Text/Bespoke/Seller Pages/Add_Edit Item/input_Select a Category_category"), "*"): Keys '*' sent to object: 'Object Repository/ADMIN/Edit Text/Bespoke/Seller Pages/Add_Edit Item/input_Select a Category_category'

2020-03-20 10:33:06 - [MESSAGE][PASSED] - Keys '*' sent to object: 'Object Repository/ADMIN/Edit Text/Bespoke/Seller Pages/Add_Edit Item/input_Select a Category_category'

2020-03-20 10:33:06 - [TEST_STEP][PASSED] - sendKeys(findTestObject("ADMIN/Edit Text/Bespoke/Seller Pages/Add_Edit Item/input_Item Name_item_name"), "*"): Keys '*' sent to object: 'Object Repository/ADMIN/Edit Text/Bespoke/Seller Pages/Add_Edit Item/input_Item Name_item_name'

2020-03-20 10:33:07 - [MESSAGE][PASSED] - Keys '*' sent to object: 'Object Repository/ADMIN/Edit Text/Bespoke/Seller Pages/Add_Edit Item/input_Item Name_item_name'

2020-03-20 10:33:07 - [TEST_STEP][PASSED] - sendKeys(findTestObject("ADMIN/Edit Text/Bespoke/Seller Pages/Add_Edit Item/input_Price_price"), "*"): Keys '*' sent to object: 'Object Repository/ADMIN/Edit Text/Bespoke/Seller Pages/Add_Edit Item/input_Price_price'

2020-03-20 10:33:07 - [MESSAGE][PASSED] - Keys '*' sent to object: 'Object Repository/ADMIN/Edit Text/Bespoke/Seller Pages/Add_Edit Item/input_Price_price'

2020-03-20 10:33:07 - [TEST_STEP][PASSED] - sendKeys(findTestObject("ADMIN/Edit Text/Bespoke/Seller Pages/Add_Edit Item/input_SELECT ALL_category"), "*"): Keys '*' sent to object: 'Object Repository/ADMIN/Edit Text/Bespoke/Seller Pages/Add_Edit Item/input_SELECT ALL_category'

2020-03-20 10:33:07 - [MESSAGE][PASSED] - Keys '*' sent to object: 'Object Repository/ADMIN/Edit Text/Bespoke/Seller Pages/Add_Edit Item/input_SELECT ALL_category'

2020-03-20 10:33:07 - [TEST_STEP][PASSED] - sendKeys(findTestObject("ADMIN/Edit Text/Bespoke/Seller Pages/Add_Edit Item/input_SELECT NONE_category"), "*"): Keys '*' sent to object: 'Object Repository/ADMIN/Edit Text/Bespoke/Seller Pages/Add_Edit Item/input_SELECT NONE_category'

2020-03-20 10:33:07 - [MESSAGE][PASSED] - Keys '*' sent to object: 'Object Repository/ADMIN/Edit Text/Bespoke/Seller Pages/Add_Edit Item/input_SELECT NONE_category'

2020-03-20 10:33:07 - [TEST_STEP][PASSED] - sendKeys(findTestObject("ADMIN/Edit Text/Bespoke/Seller Pages/Add_Edit Item/input_Item Description_item_description"), "*"): Keys '*' sent to object: 'Object Repository/ADMIN/Edit Text/Bespoke/Seller Pages/Add_Edit Item/input_Item Description_item_description'

2020-03-20 10:33:07 - [MESSAGE][PASSED] - Keys '*' sent to object: 'Object Repository/ADMIN/Edit Text/Bespoke/Seller Pages/Add_Edit Item/input_Item Description_item_description'

2020-03-20 10:33:07 - [TEST_STEP][PASSED] - sendKeys(findTestObject("ADMIN/Edit Text/Bespoke/Seller Pages/Add_Edit Item/input_ITEM COVER IMAGE_item_cover_image"), "*"): Keys '*' sent to object: 'Object Repository/ADMIN/Edit Text/Bespoke/Seller Pages/Add_Edit Item/input_ITEM COVER IMAGE_item_cover_image'

2020-03-20 10:33:07 - [MESSAGE][PASSED] - Keys '*' sent to object: 'Object Repository/ADMIN/Edit Text/Bespoke/Seller Pages/Add_Edit Item/input_ITEM COVER IMAGE_item_cover_image'

2020-03-20 10:33:07 - [TEST_STEP][PASSED] - sendKeys(findTestObject("ADMIN/Edit Text/Bespoke/Seller Pages/Add_Edit Item/input_ITEM COVER IMAGE_item_cover_details"), "*"): Keys '*' sent to object: 'Object Repository/ADMIN/Edit Text/Bespoke/Seller Pages/Add_Edit Item/input_ITEM COVER IMAGE_item_cover_details'

2020-03-20 10:33:08 - [MESSAGE][PASSED] - Keys '*' sent to object: 'Object Repository/ADMIN/Edit Text/Bespoke/Seller Pages/Add_Edit Item/input_ITEM COVER IMAGE_item_cover_details'

2020-03-20 10:33:08 - [TEST_STEP][PASSED] - sendKeys(findTestObject("ADMIN/Edit Text/Bespoke/Seller Pages/Add_Edit Item/input_BROWSE_browse_btn"), "*"): Keys '*' sent to object: 'Object Repository/ADMIN/Edit Text/Bespoke/Seller Pages/Add_Edit Item/input_BROWSE_browse_btn'

2020-03-20 10:33:08 - [MESSAGE][PASSED] - Keys '*' sent to object: 'Object Repository/ADMIN/Edit Text/Bespoke/Seller Pages/Add_Edit Item/input_BROWSE_browse_btn'

2020-03-20 10:33:08 - [TEST_STEP][PASSED] - sendKeys(findTestObject("ADMIN/Edit Text/Bespoke/Seller Pages/Add_Edit Item/input_Quantity_quantity"), "*"): Keys '*' sent to object: 'Object Repository/ADMIN/Edit Text/Bespoke/Seller Pages/Add_Edit Item/input_Quantity_quantity'

2020-03-20 10:33:08 - [MESSAGE][PASSED] - Keys '*' sent to object: 'Object Repository/ADMIN/Edit Text/Bespoke/Seller Pages/Add_Edit Item/input_Quantity_quantity'

2020-03-20 10:33:08 - [TEST_STEP][PASSED] - sendKeys(findTestObject("ADMIN/Edit Text/Bespoke/Seller Pages/Add_Edit Item/input_Unlimited Stock_unlimited_stock"), "*"): Keys '*' sent to object: 'Object Repository/ADMIN/Edit Text/Bespoke/Seller Pages/Add_Edit Item/input_Unlimited Stock_unlimited_stock'

2020-03-20 10:33:08 - [MESSAGE][PASSED] - Keys '*' sent to object: 'Object Repository/ADMIN/Edit Text/Bespoke/Seller Pages/Add_Edit Item/input_Unlimited Stock_unlimited_stock'

2020-03-20 10:33:08 - [TEST_STEP][PASSED] - sendKeys(findTestObject("ADMIN/Edit Text/Bespoke/Seller Pages/Add_Edit Item/input_YES_yes-txt"), "*"): Keys '*' sent to object: 'Object Repository/ADMIN/Edit Text/Bespoke/Seller Pages/Add_Edit Item/input_YES_yes-txt'

2020-03-20 10:33:08 - [MESSAGE][PASSED] - Keys '*' sent to object: 'Object Repository/ADMIN/Edit Text/Bespoke/Seller Pages/Add_Edit Item/input_YES_yes-txt'

2020-03-20 10:33:08 - [TEST_STEP][PASSED] - sendKeys(findTestObject("ADMIN/Edit Text/Bespoke/Seller Pages/Add_Edit Item/input_NO_no-txt"), "*"): Keys '*' sent to object: 'Object Repository/ADMIN/Edit Text/Bespoke/Seller Pages/Add_Edit Item/input_NO_no-txt'

2020-03-20 10:33:08 - [MESSAGE][PASSED] - Keys '*' sent to object: 'Object Repository/ADMIN/Edit Text/Bespoke/Seller Pages/Add_Edit Item/input_NO_no-txt'

2020-03-20 10:33:08 - [TEST_STEP][PASSED] - sendKeys(findTestObject("ADMIN/Edit Text/Bespoke/Seller Pages/Add_Edit Item/input_Variants_variants"), "*"): Keys '*' sent to object: 'Object Repository/ADMIN/Edit Text/Bespoke/Seller Pages/Add_Edit Item/input_Variants_variants'

2020-03-20 10:33:08 - [MESSAGE][PASSED] - Keys '*' sent to object: 'Object Repository/ADMIN/Edit Text/Bespoke/Seller Pages/Add_Edit Item/input_Variants_variants'

2020-03-20 10:33:08 - [TEST_STEP][PASSED] - sendKeys(findTestObject("ADMIN/Edit Text/Bespoke/Seller Pages/Add_Edit Item/input_Variant(s)_variant_s"), "*"): Keys '*' sent to object: 'Object Repository/ADMIN/Edit Text/Bespoke/Seller Pages/Add_Edit Item/input_Variant(s)_variant_s'

2020-03-20 10:33:09 - [MESSAGE][PASSED] - Keys '*' sent to object: 'Object Repository/ADMIN/Edit Text/Bespoke/Seller Pages/Add_Edit Item/input_Variant(s)_variant_s'

2020-03-20 10:33:09 - [TEST_STEP][PASSED] - sendKeys(findTestObject("ADMIN/Edit Text/Bespoke/Seller Pages/Add_Edit Item/input_Add up to 3 different available options for the item eg  Colour Size and Material_item_addUpto3Variants"), "*"): Keys '*' sent to object: 'Object Repository/ADMIN/Edit Text/Bespoke/Seller Pages/Add_Edit Item/input_Add up to 3 different available options for the item eg  Colour Size and Material_item_addUpto3Variants'

2020-03-20 10:33:09 - [MESSAGE][PASSED] - Keys '*' sent to object: 'Object Repository/ADMIN/Edit Text/Bespoke/Seller Pages/Add_Edit Item/input_Add up to 3 different available options for the item eg  Colour Size and Material_item_addUpto3Variants'

2020-03-20 10:33:09 - [TEST_STEP][PASSED] - sendKeys(findTestObject("ADMIN/Edit Text/Bespoke/Seller Pages/Add_Edit Item/input_Change_variants-change"), "*"): Keys '*' sent to object: 'Object Repository/ADMIN/Edit Text/Bespoke/Seller Pages/Add_Edit Item/input_Change_variants-change'

2020-03-20 10:33:09 - [MESSAGE][PASSED] - Keys '*' sent to object: 'Object Repository/ADMIN/Edit Text/Bespoke/Seller Pages/Add_Edit Item/input_Change_variants-change'

2020-03-20 10:33:09 - [TEST_STEP][PASSED] - sendKeys(findTestObject("ADMIN/Edit Text/Bespoke/Seller Pages/Add_Edit Item/input_Okay_variants-change"), "*"): Keys '*' sent to object: 'Object Repository/ADMIN/Edit Text/Bespoke/Seller Pages/Add_Edit Item/input_Okay_variants-change'

2020-03-20 10:33:09 - [MESSAGE][PASSED] - Keys '*' sent to object: 'Object Repository/ADMIN/Edit Text/Bespoke/Seller Pages/Add_Edit Item/input_Okay_variants-change'

2020-03-20 10:33:09 - [TEST_STEP][PASSED] - sendKeys(findTestObject("ADMIN/Edit Text/Bespoke/Seller Pages/Add_Edit Item/input_Cancel_variants-change"), "*"): Keys '*' sent to object: 'Object Repository/ADMIN/Edit Text/Bespoke/Seller Pages/Add_Edit Item/input_Cancel_variants-change'

2020-03-20 10:33:09 - [MESSAGE][PASSED] - Keys '*' sent to object: 'Object Repository/ADMIN/Edit Text/Bespoke/Seller Pages/Add_Edit Item/input_Cancel_variants-change'

2020-03-20 10:33:09 - [TEST_STEP][PASSED] - sendKeys(findTestObject("ADMIN/Edit Text/Bespoke/Seller Pages/Add_Edit Item/input_Add Variants_variants_btn"), "*"): Keys '*' sent to object: 'Object Repository/ADMIN/Edit Text/Bespoke/Seller Pages/Add_Edit Item/input_Add Variants_variants_btn'

2020-03-20 10:33:09 - [MESSAGE][PASSED] - Keys '*' sent to object: 'Object Repository/ADMIN/Edit Text/Bespoke/Seller Pages/Add_Edit Item/input_Add Variants_variants_btn'

2020-03-20 10:33:09 - [TEST_STEP][PASSED] - sendKeys(findTestObject("ADMIN/Edit Text/Bespoke/Seller Pages/Add_Edit Item/input_VARIANTS OPTIONS_option_name"), "*"): Keys '*' sent to object: 'Object Repository/ADMIN/Edit Text/Bespoke/Seller Pages/Add_Edit Item/input_VARIANTS OPTIONS_option_name'

2020-03-20 10:33:09 - [MESSAGE][PASSED] - Keys '*' sent to object: 'Object Repository/ADMIN/Edit Text/Bespoke/Seller Pages/Add_Edit Item/input_VARIANTS OPTIONS_option_name'

2020-03-20 10:33:09 - [TEST_STEP][PASSED] - sendKeys(findTestObject("ADMIN/Edit Text/Bespoke/Seller Pages/Add_Edit Item/input_VARIANTS CHOICES_option_choices"), "*"): Keys '*' sent to object: 'Object Repository/ADMIN/Edit Text/Bespoke/Seller Pages/Add_Edit Item/input_VARIANTS CHOICES_option_choices'

2020-03-20 10:33:10 - [MESSAGE][PASSED] - Keys '*' sent to object: 'Object Repository/ADMIN/Edit Text/Bespoke/Seller Pages/Add_Edit Item/input_VARIANTS CHOICES_option_choices'

2020-03-20 10:33:10 - [TEST_STEP][PASSED] - sendKeys(findTestObject("ADMIN/Edit Text/Bespoke/Seller Pages/Add_Edit Item/input_eg Colour_place_egcolour"), "*"): Keys '*' sent to object: 'Object Repository/ADMIN/Edit Text/Bespoke/Seller Pages/Add_Edit Item/input_eg Colour_place_egcolour'

2020-03-20 10:33:10 - [MESSAGE][PASSED] - Keys '*' sent to object: 'Object Repository/ADMIN/Edit Text/Bespoke/Seller Pages/Add_Edit Item/input_eg Colour_place_egcolour'

2020-03-20 10:33:10 - [TEST_STEP][PASSED] - sendKeys(findTestObject("ADMIN/Edit Text/Bespoke/Seller Pages/Add_Edit Item/input_eg Red_place_option"), "*"): Keys '*' sent to object: 'Object Repository/ADMIN/Edit Text/Bespoke/Seller Pages/Add_Edit Item/input_eg Red_place_option'

2020-03-20 10:33:10 - [MESSAGE][PASSED] - Keys '*' sent to object: 'Object Repository/ADMIN/Edit Text/Bespoke/Seller Pages/Add_Edit Item/input_eg Red_place_option'

2020-03-20 10:33:10 - [TEST_STEP][PASSED] - sendKeys(findTestObject("ADMIN/Edit Text/Bespoke/Seller Pages/Add_Edit Item/input_Color_place_colour"), "*"): Keys '*' sent to object: 'Object Repository/ADMIN/Edit Text/Bespoke/Seller Pages/Add_Edit Item/input_Color_place_colour'

2020-03-20 10:33:10 - [MESSAGE][PASSED] - Keys '*' sent to object: 'Object Repository/ADMIN/Edit Text/Bespoke/Seller Pages/Add_Edit Item/input_Color_place_colour'

2020-03-20 10:33:10 - [TEST_STEP][PASSED] - sendKeys(findTestObject("ADMIN/Edit Text/Bespoke/Seller Pages/Add_Edit Item/input_Red_place_option"), "*"): Keys '*' sent to object: 'Object Repository/ADMIN/Edit Text/Bespoke/Seller Pages/Add_Edit Item/input_Red_place_option'

2020-03-20 10:33:10 - [MESSAGE][PASSED] - Keys '*' sent to object: 'Object Repository/ADMIN/Edit Text/Bespoke/Seller Pages/Add_Edit Item/input_Red_place_option'

2020-03-20 10:33:10 - [TEST_STEP][PASSED] - sendKeys(findTestObject("ADMIN/Edit Text/Bespoke/Seller Pages/Add_Edit Item/input_Image_tbl_lbe_img"), "*"): Keys '*' sent to object: 'Object Repository/ADMIN/Edit Text/Bespoke/Seller Pages/Add_Edit Item/input_Image_tbl_lbe_img'

2020-03-20 10:33:10 - [MESSAGE][PASSED] - Keys '*' sent to object: 'Object Repository/ADMIN/Edit Text/Bespoke/Seller Pages/Add_Edit Item/input_Image_tbl_lbe_img'

2020-03-20 10:33:10 - [TEST_STEP][PASSED] - sendKeys(findTestObject("ADMIN/Edit Text/Bespoke/Seller Pages/Add_Edit Item/input_Same Image_tbl_lbe_same_img"), "*"): Keys '*' sent to object: 'Object Repository/ADMIN/Edit Text/Bespoke/Seller Pages/Add_Edit Item/input_Same Image_tbl_lbe_same_img'

2020-03-20 10:33:10 - [MESSAGE][PASSED] - Keys '*' sent to object: 'Object Repository/ADMIN/Edit Text/Bespoke/Seller Pages/Add_Edit Item/input_Same Image_tbl_lbe_same_img'

2020-03-20 10:33:10 - [TEST_STEP][PASSED] - sendKeys(findTestObject("ADMIN/Edit Text/Bespoke/Seller Pages/Add_Edit Item/input_Surcharge_tbl_lbe_surcharge"), "*"): Keys '*' sent to object: 'Object Repository/ADMIN/Edit Text/Bespoke/Seller Pages/Add_Edit Item/input_Surcharge_tbl_lbe_surcharge'

2020-03-20 10:33:10 - [MESSAGE][PASSED] - Keys '*' sent to object: 'Object Repository/ADMIN/Edit Text/Bespoke/Seller Pages/Add_Edit Item/input_Surcharge_tbl_lbe_surcharge'

2020-03-20 10:33:10 - [TEST_STEP][PASSED] - sendKeys(findTestObject("ADMIN/Edit Text/Bespoke/Seller Pages/Add_Edit Item/input_Total Price_tbl_lbe_price"), "*"): Keys '*' sent to object: 'Object Repository/ADMIN/Edit Text/Bespoke/Seller Pages/Add_Edit Item/input_Total Price_tbl_lbe_price'

2020-03-20 10:33:11 - [MESSAGE][PASSED] - Keys '*' sent to object: 'Object Repository/ADMIN/Edit Text/Bespoke/Seller Pages/Add_Edit Item/input_Total Price_tbl_lbe_price'

2020-03-20 10:33:11 - [TEST_STEP][PASSED] - sendKeys(findTestObject("ADMIN/Edit Text/Bespoke/Seller Pages/Add_Edit Item/input_Stock_tbl_lbe_stock"), "*"): Keys '*' sent to object: 'Object Repository/ADMIN/Edit Text/Bespoke/Seller Pages/Add_Edit Item/input_Stock_tbl_lbe_stock'

2020-03-20 10:33:11 - [MESSAGE][PASSED] - Keys '*' sent to object: 'Object Repository/ADMIN/Edit Text/Bespoke/Seller Pages/Add_Edit Item/input_Stock_tbl_lbe_stock'

2020-03-20 10:33:11 - [TEST_STEP][PASSED] - sendKeys(findTestObject("ADMIN/Edit Text/Bespoke/Seller Pages/Add_Edit Item/input_Unlimited_tbl_lbe_unlimited"), "*"): Keys '*' sent to object: 'Object Repository/ADMIN/Edit Text/Bespoke/Seller Pages/Add_Edit Item/input_Unlimited_tbl_lbe_unlimited'

2020-03-20 10:33:11 - [MESSAGE][PASSED] - Keys '*' sent to object: 'Object Repository/ADMIN/Edit Text/Bespoke/Seller Pages/Add_Edit Item/input_Unlimited_tbl_lbe_unlimited'

2020-03-20 10:33:11 - [TEST_STEP][PASSED] - sendKeys(findTestObject("ADMIN/Edit Text/Bespoke/Seller Pages/Add_Edit Item/input_DELIVERY OPTIONS_delivery_options"), "*"): Keys '*' sent to object: 'Object Repository/ADMIN/Edit Text/Bespoke/Seller Pages/Add_Edit Item/input_DELIVERY OPTIONS_delivery_options'

2020-03-20 10:33:11 - [MESSAGE][PASSED] - Keys '*' sent to object: 'Object Repository/ADMIN/Edit Text/Bespoke/Seller Pages/Add_Edit Item/input_DELIVERY OPTIONS_delivery_options'

2020-03-20 10:33:11 - [TEST_STEP][PASSED] - sendKeys(findTestObject("ADMIN/Edit Text/Bespoke/Seller Pages/Add_Edit Item/input_DELIVERY OPTIONS_delivery-txt2"), "*"): Keys '*' sent to object: 'Object Repository/ADMIN/Edit Text/Bespoke/Seller Pages/Add_Edit Item/input_DELIVERY OPTIONS_delivery-txt2'

2020-03-20 10:33:11 - [MESSAGE][PASSED] - Keys '*' sent to object: 'Object Repository/ADMIN/Edit Text/Bespoke/Seller Pages/Add_Edit Item/input_DELIVERY OPTIONS_delivery-txt2'

2020-03-20 10:33:11 - [TEST_STEP][PASSED] - sendKeys(findTestObject("ADMIN/Edit Text/Bespoke/Seller Pages/Add_Edit Item/input_Offer reduced shipping costs to buyers when they buy more than one item from you_delivery-txt2"), "*"): Keys '*' sent to object: 'Object Repository/ADMIN/Edit Text/Bespoke/Seller Pages/Add_Edit Item/input_Offer reduced shipping costs to buyers when they buy more than one item from you_delivery-txt2'

2020-03-20 10:33:12 - [MESSAGE][PASSED] - Keys '*' sent to object: 'Object Repository/ADMIN/Edit Text/Bespoke/Seller Pages/Add_Edit Item/input_Offer reduced shipping costs to buyers when they buy more than one item from you_delivery-txt2'

2020-03-20 10:33:12 - [TEST_STEP][PASSED] - sendKeys(findTestObject("ADMIN/Edit Text/Bespoke/Seller Pages/Add_Edit Item/input_total delivery"), "*"): Keys '*' sent to object: 'Object Repository/ADMIN/Edit Text/Bespoke/Seller Pages/Add_Edit Item/input_total delivery'

2020-03-20 10:33:12 - [MESSAGE][PASSED] - Keys '*' sent to object: 'Object Repository/ADMIN/Edit Text/Bespoke/Seller Pages/Add_Edit Item/input_total delivery'

2020-03-20 10:33:12 - [TEST_STEP][PASSED] - sendKeys(findTestObject("ADMIN/Edit Text/Bespoke/Seller Pages/Add_Edit Item/input_DELIVERY SERVICE_delivery_service"), "*"): Keys '*' sent to object: 'Object Repository/ADMIN/Edit Text/Bespoke/Seller Pages/Add_Edit Item/input_DELIVERY SERVICE_delivery_service'

2020-03-20 10:33:12 - [MESSAGE][PASSED] - Keys '*' sent to object: 'Object Repository/ADMIN/Edit Text/Bespoke/Seller Pages/Add_Edit Item/input_DELIVERY SERVICE_delivery_service'

2020-03-20 10:33:12 - [TEST_STEP][PASSED] - sendKeys(findTestObject("ADMIN/Edit Text/Bespoke/Seller Pages/Add_Edit Item/input_SINGLE ITEM DELIVERY (A)_delivery_surchrge"), "*"): Keys '*' sent to object: 'Object Repository/ADMIN/Edit Text/Bespoke/Seller Pages/Add_Edit Item/input_SINGLE ITEM DELIVERY (A)_delivery_surchrge'

2020-03-20 10:33:12 - [MESSAGE][PASSED] - Keys '*' sent to object: 'Object Repository/ADMIN/Edit Text/Bespoke/Seller Pages/Add_Edit Item/input_SINGLE ITEM DELIVERY (A)_delivery_surchrge'

2020-03-20 10:33:12 - [TEST_STEP][PASSED] - sendKeys(findTestObject("ADMIN/Edit Text/Bespoke/Seller Pages/Add_Edit Item/input_SINGLE ITEM (A)_additional_item"), "*"): Keys '*' sent to object: 'Object Repository/ADMIN/Edit Text/Bespoke/Seller Pages/Add_Edit Item/input_SINGLE ITEM (A)_additional_item'

2020-03-20 10:33:12 - [MESSAGE][PASSED] - Keys '*' sent to object: 'Object Repository/ADMIN/Edit Text/Bespoke/Seller Pages/Add_Edit Item/input_SINGLE ITEM (A)_additional_item'

2020-03-20 10:33:12 - [TEST_STEP][PASSED] - sendKeys(findTestObject("ADMIN/Edit Text/Bespoke/Seller Pages/Add_Edit Item/input_WITH OTHER ITEM (B)_additional_item"), "*"): Keys '*' sent to object: 'Object Repository/ADMIN/Edit Text/Bespoke/Seller Pages/Add_Edit Item/input_WITH OTHER ITEM (B)_additional_item'

2020-03-20 10:33:12 - [MESSAGE][PASSED] - Keys '*' sent to object: 'Object Repository/ADMIN/Edit Text/Bespoke/Seller Pages/Add_Edit Item/input_WITH OTHER ITEM (B)_additional_item'

2020-03-20 10:33:12 - [TEST_STEP][PASSED] - sendKeys(findTestObject("ADMIN/Edit Text/Bespoke/Seller Pages/Add_Edit Item/input_ADD NEW_btn_add_new"), "*"): Keys '*' sent to object: 'Object Repository/ADMIN/Edit Text/Bespoke/Seller Pages/Add_Edit Item/input_ADD NEW_btn_add_new'

2020-03-20 10:33:13 - [MESSAGE][PASSED] - Keys '*' sent to object: 'Object Repository/ADMIN/Edit Text/Bespoke/Seller Pages/Add_Edit Item/input_ADD NEW_btn_add_new'

2020-03-20 10:33:13 - [TEST_STEP][PASSED] - sendKeys(findTestObject("ADMIN/Edit Text/Bespoke/Seller Pages/Add_Edit Item/input_PICK-UP LOCATION_location_service"), "*"): Keys '*' sent to object: 'Object Repository/ADMIN/Edit Text/Bespoke/Seller Pages/Add_Edit Item/input_PICK-UP LOCATION_location_service'

2020-03-20 10:33:13 - [MESSAGE][PASSED] - Keys '*' sent to object: 'Object Repository/ADMIN/Edit Text/Bespoke/Seller Pages/Add_Edit Item/input_PICK-UP LOCATION_location_service'

2020-03-20 10:33:13 - [TEST_STEP][PASSED] - sendKeys(findTestObject("ADMIN/Edit Text/Bespoke/Seller Pages/Add_Edit Item/textarea_Please provide the address where the item may be collected by the buyer(You must select at least one delivery option or pickup location)"), "*"): Keys '*' sent to object: 'Object Repository/ADMIN/Edit Text/Bespoke/Seller Pages/Add_Edit Item/textarea_Please provide the address where the item may be collected by the buyer(You must select at least one delivery option or pickup location)'

2020-03-20 10:33:13 - [MESSAGE][PASSED] - Keys '*' sent to object: 'Object Repository/ADMIN/Edit Text/Bespoke/Seller Pages/Add_Edit Item/textarea_Please provide the address where the item may be collected by the buyer(You must select at least one delivery option or pickup location)'

2020-03-20 10:33:13 - [TEST_STEP][PASSED] - sendKeys(findTestObject("ADMIN/Edit Text/Bespoke/Seller Pages/Add_Edit Item/input_PICKUP LOCATION ADDRESS_location_address"), "*"): Keys '*' sent to object: 'Object Repository/ADMIN/Edit Text/Bespoke/Seller Pages/Add_Edit Item/input_PICKUP LOCATION ADDRESS_location_address'

2020-03-20 10:33:13 - [MESSAGE][PASSED] - Keys '*' sent to object: 'Object Repository/ADMIN/Edit Text/Bespoke/Seller Pages/Add_Edit Item/input_PICKUP LOCATION ADDRESS_location_address'

2020-03-20 10:33:13 - [TEST_STEP][PASSED] - sendKeys(findTestObject("ADMIN/Edit Text/Bespoke/Seller Pages/Add_Edit Item/input_add new 2"), "*"): Keys '*' sent to object: 'Object Repository/ADMIN/Edit Text/Bespoke/Seller Pages/Add_Edit Item/input_add new 2'

2020-03-20 10:33:13 - [MESSAGE][PASSED] - Keys '*' sent to object: 'Object Repository/ADMIN/Edit Text/Bespoke/Seller Pages/Add_Edit Item/input_add new 2'

2020-03-20 10:33:13 - [TEST_STEP][PASSED] - sendKeys(findTestObject("ADMIN/Edit Text/Bespoke/Seller Pages/Add_Edit Item/input_SAVE_btn_save"), "*"): Keys '*' sent to object: 'Object Repository/ADMIN/Edit Text/Bespoke/Seller Pages/Add_Edit Item/input_SAVE_btn_save'

2020-03-20 10:33:13 - [MESSAGE][PASSED] - Keys '*' sent to object: 'Object Repository/ADMIN/Edit Text/Bespoke/Seller Pages/Add_Edit Item/input_SAVE_btn_save'

2020-03-20 10:33:13 - [TEST_STEP][PASSED] - sendKeys(findTestObject("ADMIN/Edit Text/Bespoke/Seller Pages/Add_Edit Item/input_Item Saved_popup-title"), "*"): Keys '*' sent to object: 'Object Repository/ADMIN/Edit Text/Bespoke/Seller Pages/Add_Edit Item/input_Item Saved_popup-title'

2020-03-20 10:33:14 - [MESSAGE][PASSED] - Keys '*' sent to object: 'Object Repository/ADMIN/Edit Text/Bespoke/Seller Pages/Add_Edit Item/input_Item Saved_popup-title'

2020-03-20 10:33:14 - [TEST_STEP][PASSED] - sendKeys(findTestObject("ADMIN/Edit Text/Bespoke/Seller Pages/Add_Edit Item/input_This item has been saved in_popup-title2"), "*"): Keys '*' sent to object: 'Object Repository/ADMIN/Edit Text/Bespoke/Seller Pages/Add_Edit Item/input_This item has been saved in_popup-title2'

2020-03-20 10:33:14 - [MESSAGE][PASSED] - Keys '*' sent to object: 'Object Repository/ADMIN/Edit Text/Bespoke/Seller Pages/Add_Edit Item/input_This item has been saved in_popup-title2'

2020-03-20 10:33:14 - [TEST_STEP][PASSED] - sendKeys(findTestObject("ADMIN/Edit Text/Bespoke/Seller Pages/Add_Edit Item/input_The default language of the buyer pages is_popup-title2"), "*"): Keys '*' sent to object: 'Object Repository/ADMIN/Edit Text/Bespoke/Seller Pages/Add_Edit Item/input_The default language of the buyer pages is_popup-title2'

2020-03-20 10:33:14 - [MESSAGE][PASSED] - Keys '*' sent to object: 'Object Repository/ADMIN/Edit Text/Bespoke/Seller Pages/Add_Edit Item/input_The default language of the buyer pages is_popup-title2'

2020-03-20 10:33:14 - [TEST_STEP][PASSED] - sendKeys(findTestObject("ADMIN/Edit Text/Bespoke/Seller Pages/Add_Edit Item/input_We recommend you at least add a translation in that language_popup-title2"), "*"): Keys '*' sent to object: 'Object Repository/ADMIN/Edit Text/Bespoke/Seller Pages/Add_Edit Item/input_We recommend you at least add a translation in that language_popup-title2'

2020-03-20 10:33:14 - [MESSAGE][PASSED] - Keys '*' sent to object: 'Object Repository/ADMIN/Edit Text/Bespoke/Seller Pages/Add_Edit Item/input_We recommend you at least add a translation in that language_popup-title2'

2020-03-20 10:33:14 - [TEST_STEP][PASSED] - sendKeys(findTestObject("ADMIN/Edit Text/Bespoke/Seller Pages/Add_Edit Item/input_concat(I  ll do it later)_btn_okay"), "*"): Keys '*' sent to object: 'Object Repository/ADMIN/Edit Text/Bespoke/Seller Pages/Add_Edit Item/input_concat(I  ll do it later)_btn_okay'

2020-03-20 10:33:14 - [MESSAGE][PASSED] - Keys '*' sent to object: 'Object Repository/ADMIN/Edit Text/Bespoke/Seller Pages/Add_Edit Item/input_concat(I  ll do it later)_btn_okay'

2020-03-20 10:33:14 - [TEST_STEP][PASSED] - sendKeys(findTestObject("ADMIN/Edit Text/Bespoke/Seller Pages/Add_Edit Item/input_Add Translations_btn_okay"), "*"): Keys '*' sent to object: 'Object Repository/ADMIN/Edit Text/Bespoke/Seller Pages/Add_Edit Item/input_Add Translations_btn_okay'

2020-03-20 10:33:15 - [MESSAGE][PASSED] - Keys '*' sent to object: 'Object Repository/ADMIN/Edit Text/Bespoke/Seller Pages/Add_Edit Item/input_Add Translations_btn_okay'

2020-03-20 10:33:15 - [TEST_STEP][PASSED] - sendKeys(findTestObject("ADMIN/Edit Text/Bespoke/Seller Pages/Add_Edit Item/input_Edit Translations_btn_okay"), "*"): Keys '*' sent to object: 'Object Repository/ADMIN/Edit Text/Bespoke/Seller Pages/Add_Edit Item/input_Edit Translations_btn_okay'

2020-03-20 10:33:15 - [MESSAGE][PASSED] - Keys '*' sent to object: 'Object Repository/ADMIN/Edit Text/Bespoke/Seller Pages/Add_Edit Item/input_Edit Translations_btn_okay'

2020-03-20 10:33:15 - [TEST_STEP][PASSED] - click(findTestObject("ADMIN/Edit Text/Bespoke/Buyer Pages/Homepage/button_save"), CONTINUE_ON_FAILURE): Object: 'Object Repository/ADMIN/Edit Text/Bespoke/Buyer Pages/Homepage/button_save' is clicked on

2020-03-20 10:33:15 - [MESSAGE][PASSED] - Object: 'Object Repository/ADMIN/Edit Text/Bespoke/Buyer Pages/Homepage/button_save' is clicked on

2020-03-20 10:33:15 - [TEST_STEP][PASSED] - waitForElementVisible(findTestObject("ADMIN/Edit Text/Bespoke/Buyer Pages/Homepage/toaster_success"), 0): Object 'Object Repository/ADMIN/Edit Text/Bespoke/Buyer Pages/Homepage/toaster_success' is visible

2020-03-20 10:33:15 - [MESSAGE][WARNING] - Timeout '0' is invalid. Using default page load timeout: '30'

2020-03-20 10:33:16 - [MESSAGE][PASSED] - Object 'Object Repository/ADMIN/Edit Text/Bespoke/Buyer Pages/Homepage/toaster_success' is visible]]></system-out>
         <system-err><![CDATA[]]></system-err>
      </testcase>
      <testcase name="Test Cases/ADMIN/Language/Edit Text/Bespoke/Seller/Add_Edit Item" time="16.7" classname="Test Cases/ADMIN/Language/Edit Text/Bespoke/Seller/Add_Edit Item" status="PASSED">
         <system-out><![CDATA[2020-03-20 10:33:16 - [TEST_CASE][PASSED] - Test Cases/ADMIN/Language/Edit Text/Bespoke/Seller/Add_Edit Item: Test Cases/ADMIN/Language/Edit Text/Bespoke/Seller/Add_Edit Item

2020-03-20 10:33:16 - [TEST_STEP][PASSED] - waitForElementVisible(findTestObject("ADMIN/Edit Text/Bespoke/Buyer Navigation/dd_language"), 0): Object 'Object Repository/ADMIN/Edit Text/Bespoke/Buyer Navigation/dd_language' is visible

2020-03-20 10:33:16 - [MESSAGE][WARNING] - Timeout '0' is invalid. Using default page load timeout: '30'

2020-03-20 10:33:16 - [MESSAGE][PASSED] - Object 'Object Repository/ADMIN/Edit Text/Bespoke/Buyer Navigation/dd_language' is visible

2020-03-20 10:33:16 - [TEST_STEP][PASSED] - selectOptionByLabel(findTestObject("ADMIN/Edit Text/Bespoke/Buyer Navigation/dd_language"), varLanguage, false): All options with label 'Arabic' are selected in object 'Object Repository/ADMIN/Edit Text/Bespoke/Buyer Navigation/dd_language' 

2020-03-20 10:33:18 - [MESSAGE][PASSED] - All options with label 'Arabic' are selected in object 'Object Repository/ADMIN/Edit Text/Bespoke/Buyer Navigation/dd_language' 

2020-03-20 10:33:18 - [TEST_STEP][PASSED] - sendKeys(findTestObject("ADMIN/Edit Text/Bespoke/Seller Pages/Add_Edit Item/input_YOUR ITEMS_item_name"), "*"): Keys '*' sent to object: 'Object Repository/ADMIN/Edit Text/Bespoke/Seller Pages/Add_Edit Item/input_YOUR ITEMS_item_name'

2020-03-20 10:33:19 - [MESSAGE][PASSED] - Keys '*' sent to object: 'Object Repository/ADMIN/Edit Text/Bespoke/Seller Pages/Add_Edit Item/input_YOUR ITEMS_item_name'

2020-03-20 10:33:19 - [TEST_STEP][PASSED] - sendKeys(findTestObject("ADMIN/Edit Text/Bespoke/Seller Pages/Add_Edit Item/input_Fill in your item details here_item_details"), "*"): Keys '*' sent to object: 'Object Repository/ADMIN/Edit Text/Bespoke/Seller Pages/Add_Edit Item/input_Fill in your item details here_item_details'

2020-03-20 10:33:19 - [MESSAGE][PASSED] - Keys '*' sent to object: 'Object Repository/ADMIN/Edit Text/Bespoke/Seller Pages/Add_Edit Item/input_Fill in your item details here_item_details'

2020-03-20 10:33:19 - [TEST_STEP][PASSED] - sendKeys(findTestObject("ADMIN/Edit Text/Bespoke/Seller Pages/Add_Edit Item/input_Category_category"), "*"): Keys '*' sent to object: 'Object Repository/ADMIN/Edit Text/Bespoke/Seller Pages/Add_Edit Item/input_Category_category'

2020-03-20 10:33:19 - [MESSAGE][PASSED] - Keys '*' sent to object: 'Object Repository/ADMIN/Edit Text/Bespoke/Seller Pages/Add_Edit Item/input_Category_category'

2020-03-20 10:33:19 - [TEST_STEP][PASSED] - sendKeys(findTestObject("ADMIN/Edit Text/Bespoke/Seller Pages/Add_Edit Item/input_Select a Category_category"), "*"): Keys '*' sent to object: 'Object Repository/ADMIN/Edit Text/Bespoke/Seller Pages/Add_Edit Item/input_Select a Category_category'

2020-03-20 10:33:19 - [MESSAGE][PASSED] - Keys '*' sent to object: 'Object Repository/ADMIN/Edit Text/Bespoke/Seller Pages/Add_Edit Item/input_Select a Category_category'

2020-03-20 10:33:19 - [TEST_STEP][PASSED] - sendKeys(findTestObject("ADMIN/Edit Text/Bespoke/Seller Pages/Add_Edit Item/input_Item Name_item_name"), "*"): Keys '*' sent to object: 'Object Repository/ADMIN/Edit Text/Bespoke/Seller Pages/Add_Edit Item/input_Item Name_item_name'

2020-03-20 10:33:19 - [MESSAGE][PASSED] - Keys '*' sent to object: 'Object Repository/ADMIN/Edit Text/Bespoke/Seller Pages/Add_Edit Item/input_Item Name_item_name'

2020-03-20 10:33:19 - [TEST_STEP][PASSED] - sendKeys(findTestObject("ADMIN/Edit Text/Bespoke/Seller Pages/Add_Edit Item/input_Price_price"), "*"): Keys '*' sent to object: 'Object Repository/ADMIN/Edit Text/Bespoke/Seller Pages/Add_Edit Item/input_Price_price'

2020-03-20 10:33:19 - [MESSAGE][PASSED] - Keys '*' sent to object: 'Object Repository/ADMIN/Edit Text/Bespoke/Seller Pages/Add_Edit Item/input_Price_price'

2020-03-20 10:33:19 - [TEST_STEP][PASSED] - sendKeys(findTestObject("ADMIN/Edit Text/Bespoke/Seller Pages/Add_Edit Item/input_SELECT ALL_category"), "*"): Keys '*' sent to object: 'Object Repository/ADMIN/Edit Text/Bespoke/Seller Pages/Add_Edit Item/input_SELECT ALL_category'

2020-03-20 10:33:20 - [MESSAGE][PASSED] - Keys '*' sent to object: 'Object Repository/ADMIN/Edit Text/Bespoke/Seller Pages/Add_Edit Item/input_SELECT ALL_category'

2020-03-20 10:33:20 - [TEST_STEP][PASSED] - sendKeys(findTestObject("ADMIN/Edit Text/Bespoke/Seller Pages/Add_Edit Item/input_SELECT NONE_category"), "*"): Keys '*' sent to object: 'Object Repository/ADMIN/Edit Text/Bespoke/Seller Pages/Add_Edit Item/input_SELECT NONE_category'

2020-03-20 10:33:20 - [MESSAGE][PASSED] - Keys '*' sent to object: 'Object Repository/ADMIN/Edit Text/Bespoke/Seller Pages/Add_Edit Item/input_SELECT NONE_category'

2020-03-20 10:33:20 - [TEST_STEP][PASSED] - sendKeys(findTestObject("ADMIN/Edit Text/Bespoke/Seller Pages/Add_Edit Item/input_Item Description_item_description"), "*"): Keys '*' sent to object: 'Object Repository/ADMIN/Edit Text/Bespoke/Seller Pages/Add_Edit Item/input_Item Description_item_description'

2020-03-20 10:33:20 - [MESSAGE][PASSED] - Keys '*' sent to object: 'Object Repository/ADMIN/Edit Text/Bespoke/Seller Pages/Add_Edit Item/input_Item Description_item_description'

2020-03-20 10:33:20 - [TEST_STEP][PASSED] - sendKeys(findTestObject("ADMIN/Edit Text/Bespoke/Seller Pages/Add_Edit Item/input_ITEM COVER IMAGE_item_cover_image"), "*"): Keys '*' sent to object: 'Object Repository/ADMIN/Edit Text/Bespoke/Seller Pages/Add_Edit Item/input_ITEM COVER IMAGE_item_cover_image'

2020-03-20 10:33:20 - [MESSAGE][PASSED] - Keys '*' sent to object: 'Object Repository/ADMIN/Edit Text/Bespoke/Seller Pages/Add_Edit Item/input_ITEM COVER IMAGE_item_cover_image'

2020-03-20 10:33:20 - [TEST_STEP][PASSED] - sendKeys(findTestObject("ADMIN/Edit Text/Bespoke/Seller Pages/Add_Edit Item/input_ITEM COVER IMAGE_item_cover_details"), "*"): Keys '*' sent to object: 'Object Repository/ADMIN/Edit Text/Bespoke/Seller Pages/Add_Edit Item/input_ITEM COVER IMAGE_item_cover_details'

2020-03-20 10:33:20 - [MESSAGE][PASSED] - Keys '*' sent to object: 'Object Repository/ADMIN/Edit Text/Bespoke/Seller Pages/Add_Edit Item/input_ITEM COVER IMAGE_item_cover_details'

2020-03-20 10:33:20 - [TEST_STEP][PASSED] - sendKeys(findTestObject("ADMIN/Edit Text/Bespoke/Seller Pages/Add_Edit Item/input_BROWSE_browse_btn"), "*"): Keys '*' sent to object: 'Object Repository/ADMIN/Edit Text/Bespoke/Seller Pages/Add_Edit Item/input_BROWSE_browse_btn'

2020-03-20 10:33:20 - [MESSAGE][PASSED] - Keys '*' sent to object: 'Object Repository/ADMIN/Edit Text/Bespoke/Seller Pages/Add_Edit Item/input_BROWSE_browse_btn'

2020-03-20 10:33:20 - [TEST_STEP][PASSED] - sendKeys(findTestObject("ADMIN/Edit Text/Bespoke/Seller Pages/Add_Edit Item/input_Quantity_quantity"), "*"): Keys '*' sent to object: 'Object Repository/ADMIN/Edit Text/Bespoke/Seller Pages/Add_Edit Item/input_Quantity_quantity'

2020-03-20 10:33:20 - [MESSAGE][PASSED] - Keys '*' sent to object: 'Object Repository/ADMIN/Edit Text/Bespoke/Seller Pages/Add_Edit Item/input_Quantity_quantity'

2020-03-20 10:33:20 - [TEST_STEP][PASSED] - sendKeys(findTestObject("ADMIN/Edit Text/Bespoke/Seller Pages/Add_Edit Item/input_Unlimited Stock_unlimited_stock"), "*"): Keys '*' sent to object: 'Object Repository/ADMIN/Edit Text/Bespoke/Seller Pages/Add_Edit Item/input_Unlimited Stock_unlimited_stock'

2020-03-20 10:33:20 - [MESSAGE][PASSED] - Keys '*' sent to object: 'Object Repository/ADMIN/Edit Text/Bespoke/Seller Pages/Add_Edit Item/input_Unlimited Stock_unlimited_stock'

2020-03-20 10:33:20 - [TEST_STEP][PASSED] - sendKeys(findTestObject("ADMIN/Edit Text/Bespoke/Seller Pages/Add_Edit Item/input_YES_yes-txt"), "*"): Keys '*' sent to object: 'Object Repository/ADMIN/Edit Text/Bespoke/Seller Pages/Add_Edit Item/input_YES_yes-txt'

2020-03-20 10:33:21 - [MESSAGE][PASSED] - Keys '*' sent to object: 'Object Repository/ADMIN/Edit Text/Bespoke/Seller Pages/Add_Edit Item/input_YES_yes-txt'

2020-03-20 10:33:21 - [TEST_STEP][PASSED] - sendKeys(findTestObject("ADMIN/Edit Text/Bespoke/Seller Pages/Add_Edit Item/input_NO_no-txt"), "*"): Keys '*' sent to object: 'Object Repository/ADMIN/Edit Text/Bespoke/Seller Pages/Add_Edit Item/input_NO_no-txt'

2020-03-20 10:33:21 - [MESSAGE][PASSED] - Keys '*' sent to object: 'Object Repository/ADMIN/Edit Text/Bespoke/Seller Pages/Add_Edit Item/input_NO_no-txt'

2020-03-20 10:33:21 - [TEST_STEP][PASSED] - sendKeys(findTestObject("ADMIN/Edit Text/Bespoke/Seller Pages/Add_Edit Item/input_Variants_variants"), "*"): Keys '*' sent to object: 'Object Repository/ADMIN/Edit Text/Bespoke/Seller Pages/Add_Edit Item/input_Variants_variants'

2020-03-20 10:33:21 - [MESSAGE][PASSED] - Keys '*' sent to object: 'Object Repository/ADMIN/Edit Text/Bespoke/Seller Pages/Add_Edit Item/input_Variants_variants'

2020-03-20 10:33:21 - [TEST_STEP][PASSED] - sendKeys(findTestObject("ADMIN/Edit Text/Bespoke/Seller Pages/Add_Edit Item/input_Variant(s)_variant_s"), "*"): Keys '*' sent to object: 'Object Repository/ADMIN/Edit Text/Bespoke/Seller Pages/Add_Edit Item/input_Variant(s)_variant_s'

2020-03-20 10:33:21 - [MESSAGE][PASSED] - Keys '*' sent to object: 'Object Repository/ADMIN/Edit Text/Bespoke/Seller Pages/Add_Edit Item/input_Variant(s)_variant_s'

2020-03-20 10:33:21 - [TEST_STEP][PASSED] - sendKeys(findTestObject("ADMIN/Edit Text/Bespoke/Seller Pages/Add_Edit Item/input_Add up to 3 different available options for the item eg  Colour Size and Material_item_addUpto3Variants"), "*"): Keys '*' sent to object: 'Object Repository/ADMIN/Edit Text/Bespoke/Seller Pages/Add_Edit Item/input_Add up to 3 different available options for the item eg  Colour Size and Material_item_addUpto3Variants'

2020-03-20 10:33:21 - [MESSAGE][PASSED] - Keys '*' sent to object: 'Object Repository/ADMIN/Edit Text/Bespoke/Seller Pages/Add_Edit Item/input_Add up to 3 different available options for the item eg  Colour Size and Material_item_addUpto3Variants'

2020-03-20 10:33:21 - [TEST_STEP][PASSED] - sendKeys(findTestObject("ADMIN/Edit Text/Bespoke/Seller Pages/Add_Edit Item/input_Change_variants-change"), "*"): Keys '*' sent to object: 'Object Repository/ADMIN/Edit Text/Bespoke/Seller Pages/Add_Edit Item/input_Change_variants-change'

2020-03-20 10:33:21 - [MESSAGE][PASSED] - Keys '*' sent to object: 'Object Repository/ADMIN/Edit Text/Bespoke/Seller Pages/Add_Edit Item/input_Change_variants-change'

2020-03-20 10:33:21 - [TEST_STEP][PASSED] - sendKeys(findTestObject("ADMIN/Edit Text/Bespoke/Seller Pages/Add_Edit Item/input_Okay_variants-change"), "*"): Keys '*' sent to object: 'Object Repository/ADMIN/Edit Text/Bespoke/Seller Pages/Add_Edit Item/input_Okay_variants-change'

2020-03-20 10:33:21 - [MESSAGE][PASSED] - Keys '*' sent to object: 'Object Repository/ADMIN/Edit Text/Bespoke/Seller Pages/Add_Edit Item/input_Okay_variants-change'

2020-03-20 10:33:21 - [TEST_STEP][PASSED] - sendKeys(findTestObject("ADMIN/Edit Text/Bespoke/Seller Pages/Add_Edit Item/input_Cancel_variants-change"), "*"): Keys '*' sent to object: 'Object Repository/ADMIN/Edit Text/Bespoke/Seller Pages/Add_Edit Item/input_Cancel_variants-change'

2020-03-20 10:33:22 - [MESSAGE][PASSED] - Keys '*' sent to object: 'Object Repository/ADMIN/Edit Text/Bespoke/Seller Pages/Add_Edit Item/input_Cancel_variants-change'

2020-03-20 10:33:22 - [TEST_STEP][PASSED] - sendKeys(findTestObject("ADMIN/Edit Text/Bespoke/Seller Pages/Add_Edit Item/input_Add Variants_variants_btn"), "*"): Keys '*' sent to object: 'Object Repository/ADMIN/Edit Text/Bespoke/Seller Pages/Add_Edit Item/input_Add Variants_variants_btn'

2020-03-20 10:33:22 - [MESSAGE][PASSED] - Keys '*' sent to object: 'Object Repository/ADMIN/Edit Text/Bespoke/Seller Pages/Add_Edit Item/input_Add Variants_variants_btn'

2020-03-20 10:33:22 - [TEST_STEP][PASSED] - sendKeys(findTestObject("ADMIN/Edit Text/Bespoke/Seller Pages/Add_Edit Item/input_VARIANTS OPTIONS_option_name"), "*"): Keys '*' sent to object: 'Object Repository/ADMIN/Edit Text/Bespoke/Seller Pages/Add_Edit Item/input_VARIANTS OPTIONS_option_name'

2020-03-20 10:33:22 - [MESSAGE][PASSED] - Keys '*' sent to object: 'Object Repository/ADMIN/Edit Text/Bespoke/Seller Pages/Add_Edit Item/input_VARIANTS OPTIONS_option_name'

2020-03-20 10:33:22 - [TEST_STEP][PASSED] - sendKeys(findTestObject("ADMIN/Edit Text/Bespoke/Seller Pages/Add_Edit Item/input_VARIANTS CHOICES_option_choices"), "*"): Keys '*' sent to object: 'Object Repository/ADMIN/Edit Text/Bespoke/Seller Pages/Add_Edit Item/input_VARIANTS CHOICES_option_choices'

2020-03-20 10:33:22 - [MESSAGE][PASSED] - Keys '*' sent to object: 'Object Repository/ADMIN/Edit Text/Bespoke/Seller Pages/Add_Edit Item/input_VARIANTS CHOICES_option_choices'

2020-03-20 10:33:22 - [TEST_STEP][PASSED] - sendKeys(findTestObject("ADMIN/Edit Text/Bespoke/Seller Pages/Add_Edit Item/input_eg Colour_place_egcolour"), "*"): Keys '*' sent to object: 'Object Repository/ADMIN/Edit Text/Bespoke/Seller Pages/Add_Edit Item/input_eg Colour_place_egcolour'

2020-03-20 10:33:22 - [MESSAGE][PASSED] - Keys '*' sent to object: 'Object Repository/ADMIN/Edit Text/Bespoke/Seller Pages/Add_Edit Item/input_eg Colour_place_egcolour'

2020-03-20 10:33:22 - [TEST_STEP][PASSED] - sendKeys(findTestObject("ADMIN/Edit Text/Bespoke/Seller Pages/Add_Edit Item/input_eg Red_place_option"), "*"): Keys '*' sent to object: 'Object Repository/ADMIN/Edit Text/Bespoke/Seller Pages/Add_Edit Item/input_eg Red_place_option'

2020-03-20 10:33:22 - [MESSAGE][PASSED] - Keys '*' sent to object: 'Object Repository/ADMIN/Edit Text/Bespoke/Seller Pages/Add_Edit Item/input_eg Red_place_option'

2020-03-20 10:33:22 - [TEST_STEP][PASSED] - sendKeys(findTestObject("ADMIN/Edit Text/Bespoke/Seller Pages/Add_Edit Item/input_Color_place_colour"), "*"): Keys '*' sent to object: 'Object Repository/ADMIN/Edit Text/Bespoke/Seller Pages/Add_Edit Item/input_Color_place_colour'

2020-03-20 10:33:22 - [MESSAGE][PASSED] - Keys '*' sent to object: 'Object Repository/ADMIN/Edit Text/Bespoke/Seller Pages/Add_Edit Item/input_Color_place_colour'

2020-03-20 10:33:22 - [TEST_STEP][PASSED] - sendKeys(findTestObject("ADMIN/Edit Text/Bespoke/Seller Pages/Add_Edit Item/input_Red_place_option"), "*"): Keys '*' sent to object: 'Object Repository/ADMIN/Edit Text/Bespoke/Seller Pages/Add_Edit Item/input_Red_place_option'

2020-03-20 10:33:23 - [MESSAGE][PASSED] - Keys '*' sent to object: 'Object Repository/ADMIN/Edit Text/Bespoke/Seller Pages/Add_Edit Item/input_Red_place_option'

2020-03-20 10:33:23 - [TEST_STEP][PASSED] - sendKeys(findTestObject("ADMIN/Edit Text/Bespoke/Seller Pages/Add_Edit Item/input_Image_tbl_lbe_img"), "*"): Keys '*' sent to object: 'Object Repository/ADMIN/Edit Text/Bespoke/Seller Pages/Add_Edit Item/input_Image_tbl_lbe_img'

2020-03-20 10:33:23 - [MESSAGE][PASSED] - Keys '*' sent to object: 'Object Repository/ADMIN/Edit Text/Bespoke/Seller Pages/Add_Edit Item/input_Image_tbl_lbe_img'

2020-03-20 10:33:23 - [TEST_STEP][PASSED] - sendKeys(findTestObject("ADMIN/Edit Text/Bespoke/Seller Pages/Add_Edit Item/input_Same Image_tbl_lbe_same_img"), "*"): Keys '*' sent to object: 'Object Repository/ADMIN/Edit Text/Bespoke/Seller Pages/Add_Edit Item/input_Same Image_tbl_lbe_same_img'

2020-03-20 10:33:23 - [MESSAGE][PASSED] - Keys '*' sent to object: 'Object Repository/ADMIN/Edit Text/Bespoke/Seller Pages/Add_Edit Item/input_Same Image_tbl_lbe_same_img'

2020-03-20 10:33:23 - [TEST_STEP][PASSED] - sendKeys(findTestObject("ADMIN/Edit Text/Bespoke/Seller Pages/Add_Edit Item/input_Surcharge_tbl_lbe_surcharge"), "*"): Keys '*' sent to object: 'Object Repository/ADMIN/Edit Text/Bespoke/Seller Pages/Add_Edit Item/input_Surcharge_tbl_lbe_surcharge'

2020-03-20 10:33:23 - [MESSAGE][PASSED] - Keys '*' sent to object: 'Object Repository/ADMIN/Edit Text/Bespoke/Seller Pages/Add_Edit Item/input_Surcharge_tbl_lbe_surcharge'

2020-03-20 10:33:23 - [TEST_STEP][PASSED] - sendKeys(findTestObject("ADMIN/Edit Text/Bespoke/Seller Pages/Add_Edit Item/input_Total Price_tbl_lbe_price"), "*"): Keys '*' sent to object: 'Object Repository/ADMIN/Edit Text/Bespoke/Seller Pages/Add_Edit Item/input_Total Price_tbl_lbe_price'

2020-03-20 10:33:28 - [MESSAGE][PASSED] - Keys '*' sent to object: 'Object Repository/ADMIN/Edit Text/Bespoke/Seller Pages/Add_Edit Item/input_Total Price_tbl_lbe_price'

2020-03-20 10:33:28 - [TEST_STEP][PASSED] - sendKeys(findTestObject("ADMIN/Edit Text/Bespoke/Seller Pages/Add_Edit Item/input_Stock_tbl_lbe_stock"), "*"): Keys '*' sent to object: 'Object Repository/ADMIN/Edit Text/Bespoke/Seller Pages/Add_Edit Item/input_Stock_tbl_lbe_stock'

2020-03-20 10:33:28 - [MESSAGE][PASSED] - Keys '*' sent to object: 'Object Repository/ADMIN/Edit Text/Bespoke/Seller Pages/Add_Edit Item/input_Stock_tbl_lbe_stock'

2020-03-20 10:33:28 - [TEST_STEP][PASSED] - sendKeys(findTestObject("ADMIN/Edit Text/Bespoke/Seller Pages/Add_Edit Item/input_Unlimited_tbl_lbe_unlimited"), "*"): Keys '*' sent to object: 'Object Repository/ADMIN/Edit Text/Bespoke/Seller Pages/Add_Edit Item/input_Unlimited_tbl_lbe_unlimited'

2020-03-20 10:33:28 - [MESSAGE][PASSED] - Keys '*' sent to object: 'Object Repository/ADMIN/Edit Text/Bespoke/Seller Pages/Add_Edit Item/input_Unlimited_tbl_lbe_unlimited'

2020-03-20 10:33:28 - [TEST_STEP][PASSED] - sendKeys(findTestObject("ADMIN/Edit Text/Bespoke/Seller Pages/Add_Edit Item/input_DELIVERY OPTIONS_delivery_options"), "*"): Keys '*' sent to object: 'Object Repository/ADMIN/Edit Text/Bespoke/Seller Pages/Add_Edit Item/input_DELIVERY OPTIONS_delivery_options'

2020-03-20 10:33:28 - [MESSAGE][PASSED] - Keys '*' sent to object: 'Object Repository/ADMIN/Edit Text/Bespoke/Seller Pages/Add_Edit Item/input_DELIVERY OPTIONS_delivery_options'

2020-03-20 10:33:28 - [TEST_STEP][PASSED] - sendKeys(findTestObject("ADMIN/Edit Text/Bespoke/Seller Pages/Add_Edit Item/input_DELIVERY OPTIONS_delivery-txt2"), "*"): Keys '*' sent to object: 'Object Repository/ADMIN/Edit Text/Bespoke/Seller Pages/Add_Edit Item/input_DELIVERY OPTIONS_delivery-txt2'

2020-03-20 10:33:28 - [MESSAGE][PASSED] - Keys '*' sent to object: 'Object Repository/ADMIN/Edit Text/Bespoke/Seller Pages/Add_Edit Item/input_DELIVERY OPTIONS_delivery-txt2'

2020-03-20 10:33:28 - [TEST_STEP][PASSED] - sendKeys(findTestObject("ADMIN/Edit Text/Bespoke/Seller Pages/Add_Edit Item/input_Offer reduced shipping costs to buyers when they buy more than one item from you_delivery-txt2"), "*"): Keys '*' sent to object: 'Object Repository/ADMIN/Edit Text/Bespoke/Seller Pages/Add_Edit Item/input_Offer reduced shipping costs to buyers when they buy more than one item from you_delivery-txt2'

2020-03-20 10:33:28 - [MESSAGE][PASSED] - Keys '*' sent to object: 'Object Repository/ADMIN/Edit Text/Bespoke/Seller Pages/Add_Edit Item/input_Offer reduced shipping costs to buyers when they buy more than one item from you_delivery-txt2'

2020-03-20 10:33:28 - [TEST_STEP][PASSED] - sendKeys(findTestObject("ADMIN/Edit Text/Bespoke/Seller Pages/Add_Edit Item/input_total delivery"), "*"): Keys '*' sent to object: 'Object Repository/ADMIN/Edit Text/Bespoke/Seller Pages/Add_Edit Item/input_total delivery'

2020-03-20 10:33:28 - [MESSAGE][PASSED] - Keys '*' sent to object: 'Object Repository/ADMIN/Edit Text/Bespoke/Seller Pages/Add_Edit Item/input_total delivery'

2020-03-20 10:33:28 - [TEST_STEP][PASSED] - sendKeys(findTestObject("ADMIN/Edit Text/Bespoke/Seller Pages/Add_Edit Item/input_DELIVERY SERVICE_delivery_service"), "*"): Keys '*' sent to object: 'Object Repository/ADMIN/Edit Text/Bespoke/Seller Pages/Add_Edit Item/input_DELIVERY SERVICE_delivery_service'

2020-03-20 10:33:29 - [MESSAGE][PASSED] - Keys '*' sent to object: 'Object Repository/ADMIN/Edit Text/Bespoke/Seller Pages/Add_Edit Item/input_DELIVERY SERVICE_delivery_service'

2020-03-20 10:33:29 - [TEST_STEP][PASSED] - sendKeys(findTestObject("ADMIN/Edit Text/Bespoke/Seller Pages/Add_Edit Item/input_SINGLE ITEM DELIVERY (A)_delivery_surchrge"), "*"): Keys '*' sent to object: 'Object Repository/ADMIN/Edit Text/Bespoke/Seller Pages/Add_Edit Item/input_SINGLE ITEM DELIVERY (A)_delivery_surchrge'

2020-03-20 10:33:29 - [MESSAGE][PASSED] - Keys '*' sent to object: 'Object Repository/ADMIN/Edit Text/Bespoke/Seller Pages/Add_Edit Item/input_SINGLE ITEM DELIVERY (A)_delivery_surchrge'

2020-03-20 10:33:29 - [TEST_STEP][PASSED] - sendKeys(findTestObject("ADMIN/Edit Text/Bespoke/Seller Pages/Add_Edit Item/input_SINGLE ITEM (A)_additional_item"), "*"): Keys '*' sent to object: 'Object Repository/ADMIN/Edit Text/Bespoke/Seller Pages/Add_Edit Item/input_SINGLE ITEM (A)_additional_item'

2020-03-20 10:33:29 - [MESSAGE][PASSED] - Keys '*' sent to object: 'Object Repository/ADMIN/Edit Text/Bespoke/Seller Pages/Add_Edit Item/input_SINGLE ITEM (A)_additional_item'

2020-03-20 10:33:29 - [TEST_STEP][PASSED] - sendKeys(findTestObject("ADMIN/Edit Text/Bespoke/Seller Pages/Add_Edit Item/input_WITH OTHER ITEM (B)_additional_item"), "*"): Keys '*' sent to object: 'Object Repository/ADMIN/Edit Text/Bespoke/Seller Pages/Add_Edit Item/input_WITH OTHER ITEM (B)_additional_item'

2020-03-20 10:33:29 - [MESSAGE][PASSED] - Keys '*' sent to object: 'Object Repository/ADMIN/Edit Text/Bespoke/Seller Pages/Add_Edit Item/input_WITH OTHER ITEM (B)_additional_item'

2020-03-20 10:33:29 - [TEST_STEP][PASSED] - sendKeys(findTestObject("ADMIN/Edit Text/Bespoke/Seller Pages/Add_Edit Item/input_ADD NEW_btn_add_new"), "*"): Keys '*' sent to object: 'Object Repository/ADMIN/Edit Text/Bespoke/Seller Pages/Add_Edit Item/input_ADD NEW_btn_add_new'

2020-03-20 10:33:30 - [MESSAGE][PASSED] - Keys '*' sent to object: 'Object Repository/ADMIN/Edit Text/Bespoke/Seller Pages/Add_Edit Item/input_ADD NEW_btn_add_new'

2020-03-20 10:33:30 - [TEST_STEP][PASSED] - sendKeys(findTestObject("ADMIN/Edit Text/Bespoke/Seller Pages/Add_Edit Item/input_PICK-UP LOCATION_location_service"), "*"): Keys '*' sent to object: 'Object Repository/ADMIN/Edit Text/Bespoke/Seller Pages/Add_Edit Item/input_PICK-UP LOCATION_location_service'

2020-03-20 10:33:30 - [MESSAGE][PASSED] - Keys '*' sent to object: 'Object Repository/ADMIN/Edit Text/Bespoke/Seller Pages/Add_Edit Item/input_PICK-UP LOCATION_location_service'

2020-03-20 10:33:30 - [TEST_STEP][PASSED] - sendKeys(findTestObject("ADMIN/Edit Text/Bespoke/Seller Pages/Add_Edit Item/textarea_Please provide the address where the item may be collected by the buyer(You must select at least one delivery option or pickup location)"), "*"): Keys '*' sent to object: 'Object Repository/ADMIN/Edit Text/Bespoke/Seller Pages/Add_Edit Item/textarea_Please provide the address where the item may be collected by the buyer(You must select at least one delivery option or pickup location)'

2020-03-20 10:33:30 - [MESSAGE][PASSED] - Keys '*' sent to object: 'Object Repository/ADMIN/Edit Text/Bespoke/Seller Pages/Add_Edit Item/textarea_Please provide the address where the item may be collected by the buyer(You must select at least one delivery option or pickup location)'

2020-03-20 10:33:30 - [TEST_STEP][PASSED] - sendKeys(findTestObject("ADMIN/Edit Text/Bespoke/Seller Pages/Add_Edit Item/input_PICKUP LOCATION ADDRESS_location_address"), "*"): Keys '*' sent to object: 'Object Repository/ADMIN/Edit Text/Bespoke/Seller Pages/Add_Edit Item/input_PICKUP LOCATION ADDRESS_location_address'

2020-03-20 10:33:30 - [MESSAGE][PASSED] - Keys '*' sent to object: 'Object Repository/ADMIN/Edit Text/Bespoke/Seller Pages/Add_Edit Item/input_PICKUP LOCATION ADDRESS_location_address'

2020-03-20 10:33:30 - [TEST_STEP][PASSED] - sendKeys(findTestObject("ADMIN/Edit Text/Bespoke/Seller Pages/Add_Edit Item/input_add new 2"), "*"): Keys '*' sent to object: 'Object Repository/ADMIN/Edit Text/Bespoke/Seller Pages/Add_Edit Item/input_add new 2'

2020-03-20 10:33:30 - [MESSAGE][PASSED] - Keys '*' sent to object: 'Object Repository/ADMIN/Edit Text/Bespoke/Seller Pages/Add_Edit Item/input_add new 2'

2020-03-20 10:33:30 - [TEST_STEP][PASSED] - sendKeys(findTestObject("ADMIN/Edit Text/Bespoke/Seller Pages/Add_Edit Item/input_SAVE_btn_save"), "*"): Keys '*' sent to object: 'Object Repository/ADMIN/Edit Text/Bespoke/Seller Pages/Add_Edit Item/input_SAVE_btn_save'

2020-03-20 10:33:30 - [MESSAGE][PASSED] - Keys '*' sent to object: 'Object Repository/ADMIN/Edit Text/Bespoke/Seller Pages/Add_Edit Item/input_SAVE_btn_save'

2020-03-20 10:33:30 - [TEST_STEP][PASSED] - sendKeys(findTestObject("ADMIN/Edit Text/Bespoke/Seller Pages/Add_Edit Item/input_Item Saved_popup-title"), "*"): Keys '*' sent to object: 'Object Repository/ADMIN/Edit Text/Bespoke/Seller Pages/Add_Edit Item/input_Item Saved_popup-title'

2020-03-20 10:33:31 - [MESSAGE][PASSED] - Keys '*' sent to object: 'Object Repository/ADMIN/Edit Text/Bespoke/Seller Pages/Add_Edit Item/input_Item Saved_popup-title'

2020-03-20 10:33:31 - [TEST_STEP][PASSED] - sendKeys(findTestObject("ADMIN/Edit Text/Bespoke/Seller Pages/Add_Edit Item/input_This item has been saved in_popup-title2"), "*"): Keys '*' sent to object: 'Object Repository/ADMIN/Edit Text/Bespoke/Seller Pages/Add_Edit Item/input_This item has been saved in_popup-title2'

2020-03-20 10:33:31 - [MESSAGE][PASSED] - Keys '*' sent to object: 'Object Repository/ADMIN/Edit Text/Bespoke/Seller Pages/Add_Edit Item/input_This item has been saved in_popup-title2'

2020-03-20 10:33:31 - [TEST_STEP][PASSED] - sendKeys(findTestObject("ADMIN/Edit Text/Bespoke/Seller Pages/Add_Edit Item/input_The default language of the buyer pages is_popup-title2"), "*"): Keys '*' sent to object: 'Object Repository/ADMIN/Edit Text/Bespoke/Seller Pages/Add_Edit Item/input_The default language of the buyer pages is_popup-title2'

2020-03-20 10:33:31 - [MESSAGE][PASSED] - Keys '*' sent to object: 'Object Repository/ADMIN/Edit Text/Bespoke/Seller Pages/Add_Edit Item/input_The default language of the buyer pages is_popup-title2'

2020-03-20 10:33:31 - [TEST_STEP][PASSED] - sendKeys(findTestObject("ADMIN/Edit Text/Bespoke/Seller Pages/Add_Edit Item/input_We recommend you at least add a translation in that language_popup-title2"), "*"): Keys '*' sent to object: 'Object Repository/ADMIN/Edit Text/Bespoke/Seller Pages/Add_Edit Item/input_We recommend you at least add a translation in that language_popup-title2'

2020-03-20 10:33:31 - [MESSAGE][PASSED] - Keys '*' sent to object: 'Object Repository/ADMIN/Edit Text/Bespoke/Seller Pages/Add_Edit Item/input_We recommend you at least add a translation in that language_popup-title2'

2020-03-20 10:33:31 - [TEST_STEP][PASSED] - sendKeys(findTestObject("ADMIN/Edit Text/Bespoke/Seller Pages/Add_Edit Item/input_concat(I  ll do it later)_btn_okay"), "*"): Keys '*' sent to object: 'Object Repository/ADMIN/Edit Text/Bespoke/Seller Pages/Add_Edit Item/input_concat(I  ll do it later)_btn_okay'

2020-03-20 10:33:31 - [MESSAGE][PASSED] - Keys '*' sent to object: 'Object Repository/ADMIN/Edit Text/Bespoke/Seller Pages/Add_Edit Item/input_concat(I  ll do it later)_btn_okay'

2020-03-20 10:33:31 - [TEST_STEP][PASSED] - sendKeys(findTestObject("ADMIN/Edit Text/Bespoke/Seller Pages/Add_Edit Item/input_Add Translations_btn_okay"), "*"): Keys '*' sent to object: 'Object Repository/ADMIN/Edit Text/Bespoke/Seller Pages/Add_Edit Item/input_Add Translations_btn_okay'

2020-03-20 10:33:31 - [MESSAGE][PASSED] - Keys '*' sent to object: 'Object Repository/ADMIN/Edit Text/Bespoke/Seller Pages/Add_Edit Item/input_Add Translations_btn_okay'

2020-03-20 10:33:31 - [TEST_STEP][PASSED] - sendKeys(findTestObject("ADMIN/Edit Text/Bespoke/Seller Pages/Add_Edit Item/input_Edit Translations_btn_okay"), "*"): Keys '*' sent to object: 'Object Repository/ADMIN/Edit Text/Bespoke/Seller Pages/Add_Edit Item/input_Edit Translations_btn_okay'

2020-03-20 10:33:31 - [MESSAGE][PASSED] - Keys '*' sent to object: 'Object Repository/ADMIN/Edit Text/Bespoke/Seller Pages/Add_Edit Item/input_Edit Translations_btn_okay'

2020-03-20 10:33:31 - [TEST_STEP][PASSED] - click(findTestObject("ADMIN/Edit Text/Bespoke/Buyer Pages/Homepage/button_save"), CONTINUE_ON_FAILURE): Object: 'Object Repository/ADMIN/Edit Text/Bespoke/Buyer Pages/Homepage/button_save' is clicked on

2020-03-20 10:33:32 - [MESSAGE][PASSED] - Object: 'Object Repository/ADMIN/Edit Text/Bespoke/Buyer Pages/Homepage/button_save' is clicked on

2020-03-20 10:33:32 - [TEST_STEP][PASSED] - waitForElementVisible(findTestObject("ADMIN/Edit Text/Bespoke/Buyer Pages/Homepage/toaster_success"), 0): Object 'Object Repository/ADMIN/Edit Text/Bespoke/Buyer Pages/Homepage/toaster_success' is visible

2020-03-20 10:33:32 - [MESSAGE][WARNING] - Timeout '0' is invalid. Using default page load timeout: '30'

2020-03-20 10:33:33 - [MESSAGE][PASSED] - Object 'Object Repository/ADMIN/Edit Text/Bespoke/Buyer Pages/Homepage/toaster_success' is visible]]></system-out>
         <system-err><![CDATA[]]></system-err>
      </testcase>
      <testcase name="Test Cases/ADMIN/Language/Edit Text/Bespoke/Seller/Add_Edit Item" time="10.08" classname="Test Cases/ADMIN/Language/Edit Text/Bespoke/Seller/Add_Edit Item" status="PASSED">
         <system-out><![CDATA[2020-03-20 10:33:33 - [TEST_CASE][PASSED] - Test Cases/ADMIN/Language/Edit Text/Bespoke/Seller/Add_Edit Item: Test Cases/ADMIN/Language/Edit Text/Bespoke/Seller/Add_Edit Item

2020-03-20 10:33:33 - [TEST_STEP][PASSED] - waitForElementVisible(findTestObject("ADMIN/Edit Text/Bespoke/Buyer Navigation/dd_language"), 0): Object 'Object Repository/ADMIN/Edit Text/Bespoke/Buyer Navigation/dd_language' is visible

2020-03-20 10:33:33 - [MESSAGE][WARNING] - Timeout '0' is invalid. Using default page load timeout: '30'

2020-03-20 10:33:33 - [MESSAGE][PASSED] - Object 'Object Repository/ADMIN/Edit Text/Bespoke/Buyer Navigation/dd_language' is visible

2020-03-20 10:33:33 - [TEST_STEP][PASSED] - selectOptionByLabel(findTestObject("ADMIN/Edit Text/Bespoke/Buyer Navigation/dd_language"), varLanguage, false): All options with label 'Dutch' are selected in object 'Object Repository/ADMIN/Edit Text/Bespoke/Buyer Navigation/dd_language' 

2020-03-20 10:33:34 - [MESSAGE][PASSED] - All options with label 'Dutch' are selected in object 'Object Repository/ADMIN/Edit Text/Bespoke/Buyer Navigation/dd_language' 

2020-03-20 10:33:34 - [TEST_STEP][PASSED] - sendKeys(findTestObject("ADMIN/Edit Text/Bespoke/Seller Pages/Add_Edit Item/input_YOUR ITEMS_item_name"), "*"): Keys '*' sent to object: 'Object Repository/ADMIN/Edit Text/Bespoke/Seller Pages/Add_Edit Item/input_YOUR ITEMS_item_name'

2020-03-20 10:33:34 - [MESSAGE][PASSED] - Keys '*' sent to object: 'Object Repository/ADMIN/Edit Text/Bespoke/Seller Pages/Add_Edit Item/input_YOUR ITEMS_item_name'

2020-03-20 10:33:34 - [TEST_STEP][PASSED] - sendKeys(findTestObject("ADMIN/Edit Text/Bespoke/Seller Pages/Add_Edit Item/input_Fill in your item details here_item_details"), "*"): Keys '*' sent to object: 'Object Repository/ADMIN/Edit Text/Bespoke/Seller Pages/Add_Edit Item/input_Fill in your item details here_item_details'

2020-03-20 10:33:34 - [MESSAGE][PASSED] - Keys '*' sent to object: 'Object Repository/ADMIN/Edit Text/Bespoke/Seller Pages/Add_Edit Item/input_Fill in your item details here_item_details'

2020-03-20 10:33:34 - [TEST_STEP][PASSED] - sendKeys(findTestObject("ADMIN/Edit Text/Bespoke/Seller Pages/Add_Edit Item/input_Category_category"), "*"): Keys '*' sent to object: 'Object Repository/ADMIN/Edit Text/Bespoke/Seller Pages/Add_Edit Item/input_Category_category'

2020-03-20 10:33:35 - [MESSAGE][PASSED] - Keys '*' sent to object: 'Object Repository/ADMIN/Edit Text/Bespoke/Seller Pages/Add_Edit Item/input_Category_category'

2020-03-20 10:33:35 - [TEST_STEP][PASSED] - sendKeys(findTestObject("ADMIN/Edit Text/Bespoke/Seller Pages/Add_Edit Item/input_Select a Category_category"), "*"): Keys '*' sent to object: 'Object Repository/ADMIN/Edit Text/Bespoke/Seller Pages/Add_Edit Item/input_Select a Category_category'

2020-03-20 10:33:35 - [MESSAGE][PASSED] - Keys '*' sent to object: 'Object Repository/ADMIN/Edit Text/Bespoke/Seller Pages/Add_Edit Item/input_Select a Category_category'

2020-03-20 10:33:35 - [TEST_STEP][PASSED] - sendKeys(findTestObject("ADMIN/Edit Text/Bespoke/Seller Pages/Add_Edit Item/input_Item Name_item_name"), "*"): Keys '*' sent to object: 'Object Repository/ADMIN/Edit Text/Bespoke/Seller Pages/Add_Edit Item/input_Item Name_item_name'

2020-03-20 10:33:35 - [MESSAGE][PASSED] - Keys '*' sent to object: 'Object Repository/ADMIN/Edit Text/Bespoke/Seller Pages/Add_Edit Item/input_Item Name_item_name'

2020-03-20 10:33:35 - [TEST_STEP][PASSED] - sendKeys(findTestObject("ADMIN/Edit Text/Bespoke/Seller Pages/Add_Edit Item/input_Price_price"), "*"): Keys '*' sent to object: 'Object Repository/ADMIN/Edit Text/Bespoke/Seller Pages/Add_Edit Item/input_Price_price'

2020-03-20 10:33:35 - [MESSAGE][PASSED] - Keys '*' sent to object: 'Object Repository/ADMIN/Edit Text/Bespoke/Seller Pages/Add_Edit Item/input_Price_price'

2020-03-20 10:33:35 - [TEST_STEP][PASSED] - sendKeys(findTestObject("ADMIN/Edit Text/Bespoke/Seller Pages/Add_Edit Item/input_SELECT ALL_category"), "*"): Keys '*' sent to object: 'Object Repository/ADMIN/Edit Text/Bespoke/Seller Pages/Add_Edit Item/input_SELECT ALL_category'

2020-03-20 10:33:35 - [MESSAGE][PASSED] - Keys '*' sent to object: 'Object Repository/ADMIN/Edit Text/Bespoke/Seller Pages/Add_Edit Item/input_SELECT ALL_category'

2020-03-20 10:33:35 - [TEST_STEP][PASSED] - sendKeys(findTestObject("ADMIN/Edit Text/Bespoke/Seller Pages/Add_Edit Item/input_SELECT NONE_category"), "*"): Keys '*' sent to object: 'Object Repository/ADMIN/Edit Text/Bespoke/Seller Pages/Add_Edit Item/input_SELECT NONE_category'

2020-03-20 10:33:35 - [MESSAGE][PASSED] - Keys '*' sent to object: 'Object Repository/ADMIN/Edit Text/Bespoke/Seller Pages/Add_Edit Item/input_SELECT NONE_category'

2020-03-20 10:33:35 - [TEST_STEP][PASSED] - sendKeys(findTestObject("ADMIN/Edit Text/Bespoke/Seller Pages/Add_Edit Item/input_Item Description_item_description"), "*"): Keys '*' sent to object: 'Object Repository/ADMIN/Edit Text/Bespoke/Seller Pages/Add_Edit Item/input_Item Description_item_description'

2020-03-20 10:33:36 - [MESSAGE][PASSED] - Keys '*' sent to object: 'Object Repository/ADMIN/Edit Text/Bespoke/Seller Pages/Add_Edit Item/input_Item Description_item_description'

2020-03-20 10:33:36 - [TEST_STEP][PASSED] - sendKeys(findTestObject("ADMIN/Edit Text/Bespoke/Seller Pages/Add_Edit Item/input_ITEM COVER IMAGE_item_cover_image"), "*"): Keys '*' sent to object: 'Object Repository/ADMIN/Edit Text/Bespoke/Seller Pages/Add_Edit Item/input_ITEM COVER IMAGE_item_cover_image'

2020-03-20 10:33:36 - [MESSAGE][PASSED] - Keys '*' sent to object: 'Object Repository/ADMIN/Edit Text/Bespoke/Seller Pages/Add_Edit Item/input_ITEM COVER IMAGE_item_cover_image'

2020-03-20 10:33:36 - [TEST_STEP][PASSED] - sendKeys(findTestObject("ADMIN/Edit Text/Bespoke/Seller Pages/Add_Edit Item/input_ITEM COVER IMAGE_item_cover_details"), "*"): Keys '*' sent to object: 'Object Repository/ADMIN/Edit Text/Bespoke/Seller Pages/Add_Edit Item/input_ITEM COVER IMAGE_item_cover_details'

2020-03-20 10:33:36 - [MESSAGE][PASSED] - Keys '*' sent to object: 'Object Repository/ADMIN/Edit Text/Bespoke/Seller Pages/Add_Edit Item/input_ITEM COVER IMAGE_item_cover_details'

2020-03-20 10:33:36 - [TEST_STEP][PASSED] - sendKeys(findTestObject("ADMIN/Edit Text/Bespoke/Seller Pages/Add_Edit Item/input_BROWSE_browse_btn"), "*"): Keys '*' sent to object: 'Object Repository/ADMIN/Edit Text/Bespoke/Seller Pages/Add_Edit Item/input_BROWSE_browse_btn'

2020-03-20 10:33:36 - [MESSAGE][PASSED] - Keys '*' sent to object: 'Object Repository/ADMIN/Edit Text/Bespoke/Seller Pages/Add_Edit Item/input_BROWSE_browse_btn'

2020-03-20 10:33:36 - [TEST_STEP][PASSED] - sendKeys(findTestObject("ADMIN/Edit Text/Bespoke/Seller Pages/Add_Edit Item/input_Quantity_quantity"), "*"): Keys '*' sent to object: 'Object Repository/ADMIN/Edit Text/Bespoke/Seller Pages/Add_Edit Item/input_Quantity_quantity'

2020-03-20 10:33:36 - [MESSAGE][PASSED] - Keys '*' sent to object: 'Object Repository/ADMIN/Edit Text/Bespoke/Seller Pages/Add_Edit Item/input_Quantity_quantity'

2020-03-20 10:33:36 - [TEST_STEP][PASSED] - sendKeys(findTestObject("ADMIN/Edit Text/Bespoke/Seller Pages/Add_Edit Item/input_Unlimited Stock_unlimited_stock"), "*"): Keys '*' sent to object: 'Object Repository/ADMIN/Edit Text/Bespoke/Seller Pages/Add_Edit Item/input_Unlimited Stock_unlimited_stock'

2020-03-20 10:33:36 - [MESSAGE][PASSED] - Keys '*' sent to object: 'Object Repository/ADMIN/Edit Text/Bespoke/Seller Pages/Add_Edit Item/input_Unlimited Stock_unlimited_stock'

2020-03-20 10:33:36 - [TEST_STEP][PASSED] - sendKeys(findTestObject("ADMIN/Edit Text/Bespoke/Seller Pages/Add_Edit Item/input_YES_yes-txt"), "*"): Keys '*' sent to object: 'Object Repository/ADMIN/Edit Text/Bespoke/Seller Pages/Add_Edit Item/input_YES_yes-txt'

2020-03-20 10:33:37 - [MESSAGE][PASSED] - Keys '*' sent to object: 'Object Repository/ADMIN/Edit Text/Bespoke/Seller Pages/Add_Edit Item/input_YES_yes-txt'

2020-03-20 10:33:37 - [TEST_STEP][PASSED] - sendKeys(findTestObject("ADMIN/Edit Text/Bespoke/Seller Pages/Add_Edit Item/input_NO_no-txt"), "*"): Keys '*' sent to object: 'Object Repository/ADMIN/Edit Text/Bespoke/Seller Pages/Add_Edit Item/input_NO_no-txt'

2020-03-20 10:33:37 - [MESSAGE][PASSED] - Keys '*' sent to object: 'Object Repository/ADMIN/Edit Text/Bespoke/Seller Pages/Add_Edit Item/input_NO_no-txt'

2020-03-20 10:33:37 - [TEST_STEP][PASSED] - sendKeys(findTestObject("ADMIN/Edit Text/Bespoke/Seller Pages/Add_Edit Item/input_Variants_variants"), "*"): Keys '*' sent to object: 'Object Repository/ADMIN/Edit Text/Bespoke/Seller Pages/Add_Edit Item/input_Variants_variants'

2020-03-20 10:33:37 - [MESSAGE][PASSED] - Keys '*' sent to object: 'Object Repository/ADMIN/Edit Text/Bespoke/Seller Pages/Add_Edit Item/input_Variants_variants'

2020-03-20 10:33:37 - [TEST_STEP][PASSED] - sendKeys(findTestObject("ADMIN/Edit Text/Bespoke/Seller Pages/Add_Edit Item/input_Variant(s)_variant_s"), "*"): Keys '*' sent to object: 'Object Repository/ADMIN/Edit Text/Bespoke/Seller Pages/Add_Edit Item/input_Variant(s)_variant_s'

2020-03-20 10:33:37 - [MESSAGE][PASSED] - Keys '*' sent to object: 'Object Repository/ADMIN/Edit Text/Bespoke/Seller Pages/Add_Edit Item/input_Variant(s)_variant_s'

2020-03-20 10:33:37 - [TEST_STEP][PASSED] - sendKeys(findTestObject("ADMIN/Edit Text/Bespoke/Seller Pages/Add_Edit Item/input_Add up to 3 different available options for the item eg  Colour Size and Material_item_addUpto3Variants"), "*"): Keys '*' sent to object: 'Object Repository/ADMIN/Edit Text/Bespoke/Seller Pages/Add_Edit Item/input_Add up to 3 different available options for the item eg  Colour Size and Material_item_addUpto3Variants'

2020-03-20 10:33:37 - [MESSAGE][PASSED] - Keys '*' sent to object: 'Object Repository/ADMIN/Edit Text/Bespoke/Seller Pages/Add_Edit Item/input_Add up to 3 different available options for the item eg  Colour Size and Material_item_addUpto3Variants'

2020-03-20 10:33:37 - [TEST_STEP][PASSED] - sendKeys(findTestObject("ADMIN/Edit Text/Bespoke/Seller Pages/Add_Edit Item/input_Change_variants-change"), "*"): Keys '*' sent to object: 'Object Repository/ADMIN/Edit Text/Bespoke/Seller Pages/Add_Edit Item/input_Change_variants-change'

2020-03-20 10:33:37 - [MESSAGE][PASSED] - Keys '*' sent to object: 'Object Repository/ADMIN/Edit Text/Bespoke/Seller Pages/Add_Edit Item/input_Change_variants-change'

2020-03-20 10:33:37 - [TEST_STEP][PASSED] - sendKeys(findTestObject("ADMIN/Edit Text/Bespoke/Seller Pages/Add_Edit Item/input_Okay_variants-change"), "*"): Keys '*' sent to object: 'Object Repository/ADMIN/Edit Text/Bespoke/Seller Pages/Add_Edit Item/input_Okay_variants-change'

2020-03-20 10:33:37 - [MESSAGE][PASSED] - Keys '*' sent to object: 'Object Repository/ADMIN/Edit Text/Bespoke/Seller Pages/Add_Edit Item/input_Okay_variants-change'

2020-03-20 10:33:37 - [TEST_STEP][PASSED] - sendKeys(findTestObject("ADMIN/Edit Text/Bespoke/Seller Pages/Add_Edit Item/input_Cancel_variants-change"), "*"): Keys '*' sent to object: 'Object Repository/ADMIN/Edit Text/Bespoke/Seller Pages/Add_Edit Item/input_Cancel_variants-change'

2020-03-20 10:33:37 - [MESSAGE][PASSED] - Keys '*' sent to object: 'Object Repository/ADMIN/Edit Text/Bespoke/Seller Pages/Add_Edit Item/input_Cancel_variants-change'

2020-03-20 10:33:37 - [TEST_STEP][PASSED] - sendKeys(findTestObject("ADMIN/Edit Text/Bespoke/Seller Pages/Add_Edit Item/input_Add Variants_variants_btn"), "*"): Keys '*' sent to object: 'Object Repository/ADMIN/Edit Text/Bespoke/Seller Pages/Add_Edit Item/input_Add Variants_variants_btn'

2020-03-20 10:33:37 - [MESSAGE][PASSED] - Keys '*' sent to object: 'Object Repository/ADMIN/Edit Text/Bespoke/Seller Pages/Add_Edit Item/input_Add Variants_variants_btn'

2020-03-20 10:33:37 - [TEST_STEP][PASSED] - sendKeys(findTestObject("ADMIN/Edit Text/Bespoke/Seller Pages/Add_Edit Item/input_VARIANTS OPTIONS_option_name"), "*"): Keys '*' sent to object: 'Object Repository/ADMIN/Edit Text/Bespoke/Seller Pages/Add_Edit Item/input_VARIANTS OPTIONS_option_name'

2020-03-20 10:33:38 - [MESSAGE][PASSED] - Keys '*' sent to object: 'Object Repository/ADMIN/Edit Text/Bespoke/Seller Pages/Add_Edit Item/input_VARIANTS OPTIONS_option_name'

2020-03-20 10:33:38 - [TEST_STEP][PASSED] - sendKeys(findTestObject("ADMIN/Edit Text/Bespoke/Seller Pages/Add_Edit Item/input_VARIANTS CHOICES_option_choices"), "*"): Keys '*' sent to object: 'Object Repository/ADMIN/Edit Text/Bespoke/Seller Pages/Add_Edit Item/input_VARIANTS CHOICES_option_choices'

2020-03-20 10:33:38 - [MESSAGE][PASSED] - Keys '*' sent to object: 'Object Repository/ADMIN/Edit Text/Bespoke/Seller Pages/Add_Edit Item/input_VARIANTS CHOICES_option_choices'

2020-03-20 10:33:38 - [TEST_STEP][PASSED] - sendKeys(findTestObject("ADMIN/Edit Text/Bespoke/Seller Pages/Add_Edit Item/input_eg Colour_place_egcolour"), "*"): Keys '*' sent to object: 'Object Repository/ADMIN/Edit Text/Bespoke/Seller Pages/Add_Edit Item/input_eg Colour_place_egcolour'

2020-03-20 10:33:38 - [MESSAGE][PASSED] - Keys '*' sent to object: 'Object Repository/ADMIN/Edit Text/Bespoke/Seller Pages/Add_Edit Item/input_eg Colour_place_egcolour'

2020-03-20 10:33:38 - [TEST_STEP][PASSED] - sendKeys(findTestObject("ADMIN/Edit Text/Bespoke/Seller Pages/Add_Edit Item/input_eg Red_place_option"), "*"): Keys '*' sent to object: 'Object Repository/ADMIN/Edit Text/Bespoke/Seller Pages/Add_Edit Item/input_eg Red_place_option'

2020-03-20 10:33:38 - [MESSAGE][PASSED] - Keys '*' sent to object: 'Object Repository/ADMIN/Edit Text/Bespoke/Seller Pages/Add_Edit Item/input_eg Red_place_option'

2020-03-20 10:33:38 - [TEST_STEP][PASSED] - sendKeys(findTestObject("ADMIN/Edit Text/Bespoke/Seller Pages/Add_Edit Item/input_Color_place_colour"), "*"): Keys '*' sent to object: 'Object Repository/ADMIN/Edit Text/Bespoke/Seller Pages/Add_Edit Item/input_Color_place_colour'

2020-03-20 10:33:38 - [MESSAGE][PASSED] - Keys '*' sent to object: 'Object Repository/ADMIN/Edit Text/Bespoke/Seller Pages/Add_Edit Item/input_Color_place_colour'

2020-03-20 10:33:38 - [TEST_STEP][PASSED] - sendKeys(findTestObject("ADMIN/Edit Text/Bespoke/Seller Pages/Add_Edit Item/input_Red_place_option"), "*"): Keys '*' sent to object: 'Object Repository/ADMIN/Edit Text/Bespoke/Seller Pages/Add_Edit Item/input_Red_place_option'

2020-03-20 10:33:38 - [MESSAGE][PASSED] - Keys '*' sent to object: 'Object Repository/ADMIN/Edit Text/Bespoke/Seller Pages/Add_Edit Item/input_Red_place_option'

2020-03-20 10:33:38 - [TEST_STEP][PASSED] - sendKeys(findTestObject("ADMIN/Edit Text/Bespoke/Seller Pages/Add_Edit Item/input_Image_tbl_lbe_img"), "*"): Keys '*' sent to object: 'Object Repository/ADMIN/Edit Text/Bespoke/Seller Pages/Add_Edit Item/input_Image_tbl_lbe_img'

2020-03-20 10:33:38 - [MESSAGE][PASSED] - Keys '*' sent to object: 'Object Repository/ADMIN/Edit Text/Bespoke/Seller Pages/Add_Edit Item/input_Image_tbl_lbe_img'

2020-03-20 10:33:38 - [TEST_STEP][PASSED] - sendKeys(findTestObject("ADMIN/Edit Text/Bespoke/Seller Pages/Add_Edit Item/input_Same Image_tbl_lbe_same_img"), "*"): Keys '*' sent to object: 'Object Repository/ADMIN/Edit Text/Bespoke/Seller Pages/Add_Edit Item/input_Same Image_tbl_lbe_same_img'

2020-03-20 10:33:39 - [MESSAGE][PASSED] - Keys '*' sent to object: 'Object Repository/ADMIN/Edit Text/Bespoke/Seller Pages/Add_Edit Item/input_Same Image_tbl_lbe_same_img'

2020-03-20 10:33:39 - [TEST_STEP][PASSED] - sendKeys(findTestObject("ADMIN/Edit Text/Bespoke/Seller Pages/Add_Edit Item/input_Surcharge_tbl_lbe_surcharge"), "*"): Keys '*' sent to object: 'Object Repository/ADMIN/Edit Text/Bespoke/Seller Pages/Add_Edit Item/input_Surcharge_tbl_lbe_surcharge'

2020-03-20 10:33:39 - [MESSAGE][PASSED] - Keys '*' sent to object: 'Object Repository/ADMIN/Edit Text/Bespoke/Seller Pages/Add_Edit Item/input_Surcharge_tbl_lbe_surcharge'

2020-03-20 10:33:39 - [TEST_STEP][PASSED] - sendKeys(findTestObject("ADMIN/Edit Text/Bespoke/Seller Pages/Add_Edit Item/input_Total Price_tbl_lbe_price"), "*"): Keys '*' sent to object: 'Object Repository/ADMIN/Edit Text/Bespoke/Seller Pages/Add_Edit Item/input_Total Price_tbl_lbe_price'

2020-03-20 10:33:39 - [MESSAGE][PASSED] - Keys '*' sent to object: 'Object Repository/ADMIN/Edit Text/Bespoke/Seller Pages/Add_Edit Item/input_Total Price_tbl_lbe_price'

2020-03-20 10:33:39 - [TEST_STEP][PASSED] - sendKeys(findTestObject("ADMIN/Edit Text/Bespoke/Seller Pages/Add_Edit Item/input_Stock_tbl_lbe_stock"), "*"): Keys '*' sent to object: 'Object Repository/ADMIN/Edit Text/Bespoke/Seller Pages/Add_Edit Item/input_Stock_tbl_lbe_stock'

2020-03-20 10:33:39 - [MESSAGE][PASSED] - Keys '*' sent to object: 'Object Repository/ADMIN/Edit Text/Bespoke/Seller Pages/Add_Edit Item/input_Stock_tbl_lbe_stock'

2020-03-20 10:33:39 - [TEST_STEP][PASSED] - sendKeys(findTestObject("ADMIN/Edit Text/Bespoke/Seller Pages/Add_Edit Item/input_Unlimited_tbl_lbe_unlimited"), "*"): Keys '*' sent to object: 'Object Repository/ADMIN/Edit Text/Bespoke/Seller Pages/Add_Edit Item/input_Unlimited_tbl_lbe_unlimited'

2020-03-20 10:33:39 - [MESSAGE][PASSED] - Keys '*' sent to object: 'Object Repository/ADMIN/Edit Text/Bespoke/Seller Pages/Add_Edit Item/input_Unlimited_tbl_lbe_unlimited'

2020-03-20 10:33:39 - [TEST_STEP][PASSED] - sendKeys(findTestObject("ADMIN/Edit Text/Bespoke/Seller Pages/Add_Edit Item/input_DELIVERY OPTIONS_delivery_options"), "*"): Keys '*' sent to object: 'Object Repository/ADMIN/Edit Text/Bespoke/Seller Pages/Add_Edit Item/input_DELIVERY OPTIONS_delivery_options'

2020-03-20 10:33:39 - [MESSAGE][PASSED] - Keys '*' sent to object: 'Object Repository/ADMIN/Edit Text/Bespoke/Seller Pages/Add_Edit Item/input_DELIVERY OPTIONS_delivery_options'

2020-03-20 10:33:39 - [TEST_STEP][PASSED] - sendKeys(findTestObject("ADMIN/Edit Text/Bespoke/Seller Pages/Add_Edit Item/input_DELIVERY OPTIONS_delivery-txt2"), "*"): Keys '*' sent to object: 'Object Repository/ADMIN/Edit Text/Bespoke/Seller Pages/Add_Edit Item/input_DELIVERY OPTIONS_delivery-txt2'

2020-03-20 10:33:39 - [MESSAGE][PASSED] - Keys '*' sent to object: 'Object Repository/ADMIN/Edit Text/Bespoke/Seller Pages/Add_Edit Item/input_DELIVERY OPTIONS_delivery-txt2'

2020-03-20 10:33:39 - [TEST_STEP][PASSED] - sendKeys(findTestObject("ADMIN/Edit Text/Bespoke/Seller Pages/Add_Edit Item/input_Offer reduced shipping costs to buyers when they buy more than one item from you_delivery-txt2"), "*"): Keys '*' sent to object: 'Object Repository/ADMIN/Edit Text/Bespoke/Seller Pages/Add_Edit Item/input_Offer reduced shipping costs to buyers when they buy more than one item from you_delivery-txt2'

2020-03-20 10:33:40 - [MESSAGE][PASSED] - Keys '*' sent to object: 'Object Repository/ADMIN/Edit Text/Bespoke/Seller Pages/Add_Edit Item/input_Offer reduced shipping costs to buyers when they buy more than one item from you_delivery-txt2'

2020-03-20 10:33:40 - [TEST_STEP][PASSED] - sendKeys(findTestObject("ADMIN/Edit Text/Bespoke/Seller Pages/Add_Edit Item/input_total delivery"), "*"): Keys '*' sent to object: 'Object Repository/ADMIN/Edit Text/Bespoke/Seller Pages/Add_Edit Item/input_total delivery'

2020-03-20 10:33:40 - [MESSAGE][PASSED] - Keys '*' sent to object: 'Object Repository/ADMIN/Edit Text/Bespoke/Seller Pages/Add_Edit Item/input_total delivery'

2020-03-20 10:33:40 - [TEST_STEP][PASSED] - sendKeys(findTestObject("ADMIN/Edit Text/Bespoke/Seller Pages/Add_Edit Item/input_DELIVERY SERVICE_delivery_service"), "*"): Keys '*' sent to object: 'Object Repository/ADMIN/Edit Text/Bespoke/Seller Pages/Add_Edit Item/input_DELIVERY SERVICE_delivery_service'

2020-03-20 10:33:40 - [MESSAGE][PASSED] - Keys '*' sent to object: 'Object Repository/ADMIN/Edit Text/Bespoke/Seller Pages/Add_Edit Item/input_DELIVERY SERVICE_delivery_service'

2020-03-20 10:33:40 - [TEST_STEP][PASSED] - sendKeys(findTestObject("ADMIN/Edit Text/Bespoke/Seller Pages/Add_Edit Item/input_SINGLE ITEM DELIVERY (A)_delivery_surchrge"), "*"): Keys '*' sent to object: 'Object Repository/ADMIN/Edit Text/Bespoke/Seller Pages/Add_Edit Item/input_SINGLE ITEM DELIVERY (A)_delivery_surchrge'

2020-03-20 10:33:40 - [MESSAGE][PASSED] - Keys '*' sent to object: 'Object Repository/ADMIN/Edit Text/Bespoke/Seller Pages/Add_Edit Item/input_SINGLE ITEM DELIVERY (A)_delivery_surchrge'

2020-03-20 10:33:40 - [TEST_STEP][PASSED] - sendKeys(findTestObject("ADMIN/Edit Text/Bespoke/Seller Pages/Add_Edit Item/input_SINGLE ITEM (A)_additional_item"), "*"): Keys '*' sent to object: 'Object Repository/ADMIN/Edit Text/Bespoke/Seller Pages/Add_Edit Item/input_SINGLE ITEM (A)_additional_item'

2020-03-20 10:33:40 - [MESSAGE][PASSED] - Keys '*' sent to object: 'Object Repository/ADMIN/Edit Text/Bespoke/Seller Pages/Add_Edit Item/input_SINGLE ITEM (A)_additional_item'

2020-03-20 10:33:40 - [TEST_STEP][PASSED] - sendKeys(findTestObject("ADMIN/Edit Text/Bespoke/Seller Pages/Add_Edit Item/input_WITH OTHER ITEM (B)_additional_item"), "*"): Keys '*' sent to object: 'Object Repository/ADMIN/Edit Text/Bespoke/Seller Pages/Add_Edit Item/input_WITH OTHER ITEM (B)_additional_item'

2020-03-20 10:33:40 - [MESSAGE][PASSED] - Keys '*' sent to object: 'Object Repository/ADMIN/Edit Text/Bespoke/Seller Pages/Add_Edit Item/input_WITH OTHER ITEM (B)_additional_item'

2020-03-20 10:33:40 - [TEST_STEP][PASSED] - sendKeys(findTestObject("ADMIN/Edit Text/Bespoke/Seller Pages/Add_Edit Item/input_ADD NEW_btn_add_new"), "*"): Keys '*' sent to object: 'Object Repository/ADMIN/Edit Text/Bespoke/Seller Pages/Add_Edit Item/input_ADD NEW_btn_add_new'

2020-03-20 10:33:41 - [MESSAGE][PASSED] - Keys '*' sent to object: 'Object Repository/ADMIN/Edit Text/Bespoke/Seller Pages/Add_Edit Item/input_ADD NEW_btn_add_new'

2020-03-20 10:33:41 - [TEST_STEP][PASSED] - sendKeys(findTestObject("ADMIN/Edit Text/Bespoke/Seller Pages/Add_Edit Item/input_PICK-UP LOCATION_location_service"), "*"): Keys '*' sent to object: 'Object Repository/ADMIN/Edit Text/Bespoke/Seller Pages/Add_Edit Item/input_PICK-UP LOCATION_location_service'

2020-03-20 10:33:41 - [MESSAGE][PASSED] - Keys '*' sent to object: 'Object Repository/ADMIN/Edit Text/Bespoke/Seller Pages/Add_Edit Item/input_PICK-UP LOCATION_location_service'

2020-03-20 10:33:41 - [TEST_STEP][PASSED] - sendKeys(findTestObject("ADMIN/Edit Text/Bespoke/Seller Pages/Add_Edit Item/textarea_Please provide the address where the item may be collected by the buyer(You must select at least one delivery option or pickup location)"), "*"): Keys '*' sent to object: 'Object Repository/ADMIN/Edit Text/Bespoke/Seller Pages/Add_Edit Item/textarea_Please provide the address where the item may be collected by the buyer(You must select at least one delivery option or pickup location)'

2020-03-20 10:33:41 - [MESSAGE][PASSED] - Keys '*' sent to object: 'Object Repository/ADMIN/Edit Text/Bespoke/Seller Pages/Add_Edit Item/textarea_Please provide the address where the item may be collected by the buyer(You must select at least one delivery option or pickup location)'

2020-03-20 10:33:41 - [TEST_STEP][PASSED] - sendKeys(findTestObject("ADMIN/Edit Text/Bespoke/Seller Pages/Add_Edit Item/input_PICKUP LOCATION ADDRESS_location_address"), "*"): Keys '*' sent to object: 'Object Repository/ADMIN/Edit Text/Bespoke/Seller Pages/Add_Edit Item/input_PICKUP LOCATION ADDRESS_location_address'

2020-03-20 10:33:41 - [MESSAGE][PASSED] - Keys '*' sent to object: 'Object Repository/ADMIN/Edit Text/Bespoke/Seller Pages/Add_Edit Item/input_PICKUP LOCATION ADDRESS_location_address'

2020-03-20 10:33:41 - [TEST_STEP][PASSED] - sendKeys(findTestObject("ADMIN/Edit Text/Bespoke/Seller Pages/Add_Edit Item/input_add new 2"), "*"): Keys '*' sent to object: 'Object Repository/ADMIN/Edit Text/Bespoke/Seller Pages/Add_Edit Item/input_add new 2'

2020-03-20 10:33:41 - [MESSAGE][PASSED] - Keys '*' sent to object: 'Object Repository/ADMIN/Edit Text/Bespoke/Seller Pages/Add_Edit Item/input_add new 2'

2020-03-20 10:33:41 - [TEST_STEP][PASSED] - sendKeys(findTestObject("ADMIN/Edit Text/Bespoke/Seller Pages/Add_Edit Item/input_SAVE_btn_save"), "*"): Keys '*' sent to object: 'Object Repository/ADMIN/Edit Text/Bespoke/Seller Pages/Add_Edit Item/input_SAVE_btn_save'

2020-03-20 10:33:41 - [MESSAGE][PASSED] - Keys '*' sent to object: 'Object Repository/ADMIN/Edit Text/Bespoke/Seller Pages/Add_Edit Item/input_SAVE_btn_save'

2020-03-20 10:33:41 - [TEST_STEP][PASSED] - sendKeys(findTestObject("ADMIN/Edit Text/Bespoke/Seller Pages/Add_Edit Item/input_Item Saved_popup-title"), "*"): Keys '*' sent to object: 'Object Repository/ADMIN/Edit Text/Bespoke/Seller Pages/Add_Edit Item/input_Item Saved_popup-title'

2020-03-20 10:33:41 - [MESSAGE][PASSED] - Keys '*' sent to object: 'Object Repository/ADMIN/Edit Text/Bespoke/Seller Pages/Add_Edit Item/input_Item Saved_popup-title'

2020-03-20 10:33:41 - [TEST_STEP][PASSED] - sendKeys(findTestObject("ADMIN/Edit Text/Bespoke/Seller Pages/Add_Edit Item/input_This item has been saved in_popup-title2"), "*"): Keys '*' sent to object: 'Object Repository/ADMIN/Edit Text/Bespoke/Seller Pages/Add_Edit Item/input_This item has been saved in_popup-title2'

2020-03-20 10:33:42 - [MESSAGE][PASSED] - Keys '*' sent to object: 'Object Repository/ADMIN/Edit Text/Bespoke/Seller Pages/Add_Edit Item/input_This item has been saved in_popup-title2'

2020-03-20 10:33:42 - [TEST_STEP][PASSED] - sendKeys(findTestObject("ADMIN/Edit Text/Bespoke/Seller Pages/Add_Edit Item/input_The default language of the buyer pages is_popup-title2"), "*"): Keys '*' sent to object: 'Object Repository/ADMIN/Edit Text/Bespoke/Seller Pages/Add_Edit Item/input_The default language of the buyer pages is_popup-title2'

2020-03-20 10:33:42 - [MESSAGE][PASSED] - Keys '*' sent to object: 'Object Repository/ADMIN/Edit Text/Bespoke/Seller Pages/Add_Edit Item/input_The default language of the buyer pages is_popup-title2'

2020-03-20 10:33:42 - [TEST_STEP][PASSED] - sendKeys(findTestObject("ADMIN/Edit Text/Bespoke/Seller Pages/Add_Edit Item/input_We recommend you at least add a translation in that language_popup-title2"), "*"): Keys '*' sent to object: 'Object Repository/ADMIN/Edit Text/Bespoke/Seller Pages/Add_Edit Item/input_We recommend you at least add a translation in that language_popup-title2'

2020-03-20 10:33:42 - [MESSAGE][PASSED] - Keys '*' sent to object: 'Object Repository/ADMIN/Edit Text/Bespoke/Seller Pages/Add_Edit Item/input_We recommend you at least add a translation in that language_popup-title2'

2020-03-20 10:33:42 - [TEST_STEP][PASSED] - sendKeys(findTestObject("ADMIN/Edit Text/Bespoke/Seller Pages/Add_Edit Item/input_concat(I  ll do it later)_btn_okay"), "*"): Keys '*' sent to object: 'Object Repository/ADMIN/Edit Text/Bespoke/Seller Pages/Add_Edit Item/input_concat(I  ll do it later)_btn_okay'

2020-03-20 10:33:42 - [MESSAGE][PASSED] - Keys '*' sent to object: 'Object Repository/ADMIN/Edit Text/Bespoke/Seller Pages/Add_Edit Item/input_concat(I  ll do it later)_btn_okay'

2020-03-20 10:33:42 - [TEST_STEP][PASSED] - sendKeys(findTestObject("ADMIN/Edit Text/Bespoke/Seller Pages/Add_Edit Item/input_Add Translations_btn_okay"), "*"): Keys '*' sent to object: 'Object Repository/ADMIN/Edit Text/Bespoke/Seller Pages/Add_Edit Item/input_Add Translations_btn_okay'

2020-03-20 10:33:42 - [MESSAGE][PASSED] - Keys '*' sent to object: 'Object Repository/ADMIN/Edit Text/Bespoke/Seller Pages/Add_Edit Item/input_Add Translations_btn_okay'

2020-03-20 10:33:42 - [TEST_STEP][PASSED] - sendKeys(findTestObject("ADMIN/Edit Text/Bespoke/Seller Pages/Add_Edit Item/input_Edit Translations_btn_okay"), "*"): Keys '*' sent to object: 'Object Repository/ADMIN/Edit Text/Bespoke/Seller Pages/Add_Edit Item/input_Edit Translations_btn_okay'

2020-03-20 10:33:42 - [MESSAGE][PASSED] - Keys '*' sent to object: 'Object Repository/ADMIN/Edit Text/Bespoke/Seller Pages/Add_Edit Item/input_Edit Translations_btn_okay'

2020-03-20 10:33:42 - [TEST_STEP][PASSED] - click(findTestObject("ADMIN/Edit Text/Bespoke/Buyer Pages/Homepage/button_save"), CONTINUE_ON_FAILURE): Object: 'Object Repository/ADMIN/Edit Text/Bespoke/Buyer Pages/Homepage/button_save' is clicked on

2020-03-20 10:33:42 - [MESSAGE][PASSED] - Object: 'Object Repository/ADMIN/Edit Text/Bespoke/Buyer Pages/Homepage/button_save' is clicked on

2020-03-20 10:33:42 - [TEST_STEP][PASSED] - waitForElementVisible(findTestObject("ADMIN/Edit Text/Bespoke/Buyer Pages/Homepage/toaster_success"), 0): Object 'Object Repository/ADMIN/Edit Text/Bespoke/Buyer Pages/Homepage/toaster_success' is visible

2020-03-20 10:33:42 - [MESSAGE][WARNING] - Timeout '0' is invalid. Using default page load timeout: '30'

2020-03-20 10:33:43 - [MESSAGE][PASSED] - Object 'Object Repository/ADMIN/Edit Text/Bespoke/Buyer Pages/Homepage/toaster_success' is visible]]></system-out>
         <system-err><![CDATA[]]></system-err>
      </testcase>
      <testcase name="Test Cases/ADMIN/Language/Edit Text/Bespoke/Seller/Add_Edit Item" time="7.359" classname="Test Cases/ADMIN/Language/Edit Text/Bespoke/Seller/Add_Edit Item" status="PASSED">
         <system-out><![CDATA[2020-03-20 10:33:43 - [TEST_CASE][PASSED] - Test Cases/ADMIN/Language/Edit Text/Bespoke/Seller/Add_Edit Item: Test Cases/ADMIN/Language/Edit Text/Bespoke/Seller/Add_Edit Item

2020-03-20 10:33:43 - [TEST_STEP][PASSED] - waitForElementVisible(findTestObject("ADMIN/Edit Text/Bespoke/Buyer Navigation/dd_language"), 0): Object 'Object Repository/ADMIN/Edit Text/Bespoke/Buyer Navigation/dd_language' is visible

2020-03-20 10:33:43 - [MESSAGE][WARNING] - Timeout '0' is invalid. Using default page load timeout: '30'

2020-03-20 10:33:43 - [MESSAGE][PASSED] - Object 'Object Repository/ADMIN/Edit Text/Bespoke/Buyer Navigation/dd_language' is visible

2020-03-20 10:33:43 - [TEST_STEP][PASSED] - selectOptionByLabel(findTestObject("ADMIN/Edit Text/Bespoke/Buyer Navigation/dd_language"), varLanguage, false): All options with label 'Swedish' are selected in object 'Object Repository/ADMIN/Edit Text/Bespoke/Buyer Navigation/dd_language' 

2020-03-20 10:33:44 - [MESSAGE][PASSED] - All options with label 'Swedish' are selected in object 'Object Repository/ADMIN/Edit Text/Bespoke/Buyer Navigation/dd_language' 

2020-03-20 10:33:44 - [TEST_STEP][PASSED] - sendKeys(findTestObject("ADMIN/Edit Text/Bespoke/Seller Pages/Add_Edit Item/input_YOUR ITEMS_item_name"), "*"): Keys '*' sent to object: 'Object Repository/ADMIN/Edit Text/Bespoke/Seller Pages/Add_Edit Item/input_YOUR ITEMS_item_name'

2020-03-20 10:33:45 - [MESSAGE][PASSED] - Keys '*' sent to object: 'Object Repository/ADMIN/Edit Text/Bespoke/Seller Pages/Add_Edit Item/input_YOUR ITEMS_item_name'

2020-03-20 10:33:45 - [TEST_STEP][PASSED] - sendKeys(findTestObject("ADMIN/Edit Text/Bespoke/Seller Pages/Add_Edit Item/input_Fill in your item details here_item_details"), "*"): Keys '*' sent to object: 'Object Repository/ADMIN/Edit Text/Bespoke/Seller Pages/Add_Edit Item/input_Fill in your item details here_item_details'

2020-03-20 10:33:45 - [MESSAGE][PASSED] - Keys '*' sent to object: 'Object Repository/ADMIN/Edit Text/Bespoke/Seller Pages/Add_Edit Item/input_Fill in your item details here_item_details'

2020-03-20 10:33:45 - [TEST_STEP][PASSED] - sendKeys(findTestObject("ADMIN/Edit Text/Bespoke/Seller Pages/Add_Edit Item/input_Category_category"), "*"): Keys '*' sent to object: 'Object Repository/ADMIN/Edit Text/Bespoke/Seller Pages/Add_Edit Item/input_Category_category'

2020-03-20 10:33:45 - [MESSAGE][PASSED] - Keys '*' sent to object: 'Object Repository/ADMIN/Edit Text/Bespoke/Seller Pages/Add_Edit Item/input_Category_category'

2020-03-20 10:33:45 - [TEST_STEP][PASSED] - sendKeys(findTestObject("ADMIN/Edit Text/Bespoke/Seller Pages/Add_Edit Item/input_Select a Category_category"), "*"): Keys '*' sent to object: 'Object Repository/ADMIN/Edit Text/Bespoke/Seller Pages/Add_Edit Item/input_Select a Category_category'

2020-03-20 10:33:45 - [MESSAGE][PASSED] - Keys '*' sent to object: 'Object Repository/ADMIN/Edit Text/Bespoke/Seller Pages/Add_Edit Item/input_Select a Category_category'

2020-03-20 10:33:45 - [TEST_STEP][PASSED] - sendKeys(findTestObject("ADMIN/Edit Text/Bespoke/Seller Pages/Add_Edit Item/input_Item Name_item_name"), "*"): Keys '*' sent to object: 'Object Repository/ADMIN/Edit Text/Bespoke/Seller Pages/Add_Edit Item/input_Item Name_item_name'

2020-03-20 10:33:45 - [MESSAGE][PASSED] - Keys '*' sent to object: 'Object Repository/ADMIN/Edit Text/Bespoke/Seller Pages/Add_Edit Item/input_Item Name_item_name'

2020-03-20 10:33:45 - [TEST_STEP][PASSED] - sendKeys(findTestObject("ADMIN/Edit Text/Bespoke/Seller Pages/Add_Edit Item/input_Price_price"), "*"): Keys '*' sent to object: 'Object Repository/ADMIN/Edit Text/Bespoke/Seller Pages/Add_Edit Item/input_Price_price'

2020-03-20 10:33:45 - [MESSAGE][PASSED] - Keys '*' sent to object: 'Object Repository/ADMIN/Edit Text/Bespoke/Seller Pages/Add_Edit Item/input_Price_price'

2020-03-20 10:33:45 - [TEST_STEP][PASSED] - sendKeys(findTestObject("ADMIN/Edit Text/Bespoke/Seller Pages/Add_Edit Item/input_SELECT ALL_category"), "*"): Keys '*' sent to object: 'Object Repository/ADMIN/Edit Text/Bespoke/Seller Pages/Add_Edit Item/input_SELECT ALL_category'

2020-03-20 10:33:45 - [MESSAGE][PASSED] - Keys '*' sent to object: 'Object Repository/ADMIN/Edit Text/Bespoke/Seller Pages/Add_Edit Item/input_SELECT ALL_category'

2020-03-20 10:33:45 - [TEST_STEP][PASSED] - sendKeys(findTestObject("ADMIN/Edit Text/Bespoke/Seller Pages/Add_Edit Item/input_SELECT NONE_category"), "*"): Keys '*' sent to object: 'Object Repository/ADMIN/Edit Text/Bespoke/Seller Pages/Add_Edit Item/input_SELECT NONE_category'

2020-03-20 10:33:45 - [MESSAGE][PASSED] - Keys '*' sent to object: 'Object Repository/ADMIN/Edit Text/Bespoke/Seller Pages/Add_Edit Item/input_SELECT NONE_category'

2020-03-20 10:33:45 - [TEST_STEP][PASSED] - sendKeys(findTestObject("ADMIN/Edit Text/Bespoke/Seller Pages/Add_Edit Item/input_Item Description_item_description"), "*"): Keys '*' sent to object: 'Object Repository/ADMIN/Edit Text/Bespoke/Seller Pages/Add_Edit Item/input_Item Description_item_description'

2020-03-20 10:33:45 - [MESSAGE][PASSED] - Keys '*' sent to object: 'Object Repository/ADMIN/Edit Text/Bespoke/Seller Pages/Add_Edit Item/input_Item Description_item_description'

2020-03-20 10:33:45 - [TEST_STEP][PASSED] - sendKeys(findTestObject("ADMIN/Edit Text/Bespoke/Seller Pages/Add_Edit Item/input_ITEM COVER IMAGE_item_cover_image"), "*"): Keys '*' sent to object: 'Object Repository/ADMIN/Edit Text/Bespoke/Seller Pages/Add_Edit Item/input_ITEM COVER IMAGE_item_cover_image'

2020-03-20 10:33:46 - [MESSAGE][PASSED] - Keys '*' sent to object: 'Object Repository/ADMIN/Edit Text/Bespoke/Seller Pages/Add_Edit Item/input_ITEM COVER IMAGE_item_cover_image'

2020-03-20 10:33:46 - [TEST_STEP][PASSED] - sendKeys(findTestObject("ADMIN/Edit Text/Bespoke/Seller Pages/Add_Edit Item/input_ITEM COVER IMAGE_item_cover_details"), "*"): Keys '*' sent to object: 'Object Repository/ADMIN/Edit Text/Bespoke/Seller Pages/Add_Edit Item/input_ITEM COVER IMAGE_item_cover_details'

2020-03-20 10:33:46 - [MESSAGE][PASSED] - Keys '*' sent to object: 'Object Repository/ADMIN/Edit Text/Bespoke/Seller Pages/Add_Edit Item/input_ITEM COVER IMAGE_item_cover_details'

2020-03-20 10:33:46 - [TEST_STEP][PASSED] - sendKeys(findTestObject("ADMIN/Edit Text/Bespoke/Seller Pages/Add_Edit Item/input_BROWSE_browse_btn"), "*"): Keys '*' sent to object: 'Object Repository/ADMIN/Edit Text/Bespoke/Seller Pages/Add_Edit Item/input_BROWSE_browse_btn'

2020-03-20 10:33:46 - [MESSAGE][PASSED] - Keys '*' sent to object: 'Object Repository/ADMIN/Edit Text/Bespoke/Seller Pages/Add_Edit Item/input_BROWSE_browse_btn'

2020-03-20 10:33:46 - [TEST_STEP][PASSED] - sendKeys(findTestObject("ADMIN/Edit Text/Bespoke/Seller Pages/Add_Edit Item/input_Quantity_quantity"), "*"): Keys '*' sent to object: 'Object Repository/ADMIN/Edit Text/Bespoke/Seller Pages/Add_Edit Item/input_Quantity_quantity'

2020-03-20 10:33:46 - [MESSAGE][PASSED] - Keys '*' sent to object: 'Object Repository/ADMIN/Edit Text/Bespoke/Seller Pages/Add_Edit Item/input_Quantity_quantity'

2020-03-20 10:33:46 - [TEST_STEP][PASSED] - sendKeys(findTestObject("ADMIN/Edit Text/Bespoke/Seller Pages/Add_Edit Item/input_Unlimited Stock_unlimited_stock"), "*"): Keys '*' sent to object: 'Object Repository/ADMIN/Edit Text/Bespoke/Seller Pages/Add_Edit Item/input_Unlimited Stock_unlimited_stock'

2020-03-20 10:33:46 - [MESSAGE][PASSED] - Keys '*' sent to object: 'Object Repository/ADMIN/Edit Text/Bespoke/Seller Pages/Add_Edit Item/input_Unlimited Stock_unlimited_stock'

2020-03-20 10:33:46 - [TEST_STEP][PASSED] - sendKeys(findTestObject("ADMIN/Edit Text/Bespoke/Seller Pages/Add_Edit Item/input_YES_yes-txt"), "*"): Keys '*' sent to object: 'Object Repository/ADMIN/Edit Text/Bespoke/Seller Pages/Add_Edit Item/input_YES_yes-txt'

2020-03-20 10:33:46 - [MESSAGE][PASSED] - Keys '*' sent to object: 'Object Repository/ADMIN/Edit Text/Bespoke/Seller Pages/Add_Edit Item/input_YES_yes-txt'

2020-03-20 10:33:46 - [TEST_STEP][PASSED] - sendKeys(findTestObject("ADMIN/Edit Text/Bespoke/Seller Pages/Add_Edit Item/input_NO_no-txt"), "*"): Keys '*' sent to object: 'Object Repository/ADMIN/Edit Text/Bespoke/Seller Pages/Add_Edit Item/input_NO_no-txt'

2020-03-20 10:33:46 - [MESSAGE][PASSED] - Keys '*' sent to object: 'Object Repository/ADMIN/Edit Text/Bespoke/Seller Pages/Add_Edit Item/input_NO_no-txt'

2020-03-20 10:33:46 - [TEST_STEP][PASSED] - sendKeys(findTestObject("ADMIN/Edit Text/Bespoke/Seller Pages/Add_Edit Item/input_Variants_variants"), "*"): Keys '*' sent to object: 'Object Repository/ADMIN/Edit Text/Bespoke/Seller Pages/Add_Edit Item/input_Variants_variants'

2020-03-20 10:33:46 - [MESSAGE][PASSED] - Keys '*' sent to object: 'Object Repository/ADMIN/Edit Text/Bespoke/Seller Pages/Add_Edit Item/input_Variants_variants'

2020-03-20 10:33:46 - [TEST_STEP][PASSED] - sendKeys(findTestObject("ADMIN/Edit Text/Bespoke/Seller Pages/Add_Edit Item/input_Variant(s)_variant_s"), "*"): Keys '*' sent to object: 'Object Repository/ADMIN/Edit Text/Bespoke/Seller Pages/Add_Edit Item/input_Variant(s)_variant_s'

2020-03-20 10:33:47 - [MESSAGE][PASSED] - Keys '*' sent to object: 'Object Repository/ADMIN/Edit Text/Bespoke/Seller Pages/Add_Edit Item/input_Variant(s)_variant_s'

2020-03-20 10:33:47 - [TEST_STEP][PASSED] - sendKeys(findTestObject("ADMIN/Edit Text/Bespoke/Seller Pages/Add_Edit Item/input_Add up to 3 different available options for the item eg  Colour Size and Material_item_addUpto3Variants"), "*"): Keys '*' sent to object: 'Object Repository/ADMIN/Edit Text/Bespoke/Seller Pages/Add_Edit Item/input_Add up to 3 different available options for the item eg  Colour Size and Material_item_addUpto3Variants'

2020-03-20 10:33:47 - [MESSAGE][PASSED] - Keys '*' sent to object: 'Object Repository/ADMIN/Edit Text/Bespoke/Seller Pages/Add_Edit Item/input_Add up to 3 different available options for the item eg  Colour Size and Material_item_addUpto3Variants'

2020-03-20 10:33:47 - [TEST_STEP][PASSED] - sendKeys(findTestObject("ADMIN/Edit Text/Bespoke/Seller Pages/Add_Edit Item/input_Change_variants-change"), "*"): Keys '*' sent to object: 'Object Repository/ADMIN/Edit Text/Bespoke/Seller Pages/Add_Edit Item/input_Change_variants-change'

2020-03-20 10:33:47 - [MESSAGE][PASSED] - Keys '*' sent to object: 'Object Repository/ADMIN/Edit Text/Bespoke/Seller Pages/Add_Edit Item/input_Change_variants-change'

2020-03-20 10:33:47 - [TEST_STEP][PASSED] - sendKeys(findTestObject("ADMIN/Edit Text/Bespoke/Seller Pages/Add_Edit Item/input_Okay_variants-change"), "*"): Keys '*' sent to object: 'Object Repository/ADMIN/Edit Text/Bespoke/Seller Pages/Add_Edit Item/input_Okay_variants-change'

2020-03-20 10:33:47 - [MESSAGE][PASSED] - Keys '*' sent to object: 'Object Repository/ADMIN/Edit Text/Bespoke/Seller Pages/Add_Edit Item/input_Okay_variants-change'

2020-03-20 10:33:47 - [TEST_STEP][PASSED] - sendKeys(findTestObject("ADMIN/Edit Text/Bespoke/Seller Pages/Add_Edit Item/input_Cancel_variants-change"), "*"): Keys '*' sent to object: 'Object Repository/ADMIN/Edit Text/Bespoke/Seller Pages/Add_Edit Item/input_Cancel_variants-change'

2020-03-20 10:33:47 - [MESSAGE][PASSED] - Keys '*' sent to object: 'Object Repository/ADMIN/Edit Text/Bespoke/Seller Pages/Add_Edit Item/input_Cancel_variants-change'

2020-03-20 10:33:47 - [TEST_STEP][PASSED] - sendKeys(findTestObject("ADMIN/Edit Text/Bespoke/Seller Pages/Add_Edit Item/input_Add Variants_variants_btn"), "*"): Keys '*' sent to object: 'Object Repository/ADMIN/Edit Text/Bespoke/Seller Pages/Add_Edit Item/input_Add Variants_variants_btn'

2020-03-20 10:33:47 - [MESSAGE][PASSED] - Keys '*' sent to object: 'Object Repository/ADMIN/Edit Text/Bespoke/Seller Pages/Add_Edit Item/input_Add Variants_variants_btn'

2020-03-20 10:33:47 - [TEST_STEP][PASSED] - sendKeys(findTestObject("ADMIN/Edit Text/Bespoke/Seller Pages/Add_Edit Item/input_VARIANTS OPTIONS_option_name"), "*"): Keys '*' sent to object: 'Object Repository/ADMIN/Edit Text/Bespoke/Seller Pages/Add_Edit Item/input_VARIANTS OPTIONS_option_name'

2020-03-20 10:33:47 - [MESSAGE][PASSED] - Keys '*' sent to object: 'Object Repository/ADMIN/Edit Text/Bespoke/Seller Pages/Add_Edit Item/input_VARIANTS OPTIONS_option_name'

2020-03-20 10:33:47 - [TEST_STEP][PASSED] - sendKeys(findTestObject("ADMIN/Edit Text/Bespoke/Seller Pages/Add_Edit Item/input_VARIANTS CHOICES_option_choices"), "*"): Keys '*' sent to object: 'Object Repository/ADMIN/Edit Text/Bespoke/Seller Pages/Add_Edit Item/input_VARIANTS CHOICES_option_choices'

2020-03-20 10:33:47 - [MESSAGE][PASSED] - Keys '*' sent to object: 'Object Repository/ADMIN/Edit Text/Bespoke/Seller Pages/Add_Edit Item/input_VARIANTS CHOICES_option_choices'

2020-03-20 10:33:47 - [TEST_STEP][PASSED] - sendKeys(findTestObject("ADMIN/Edit Text/Bespoke/Seller Pages/Add_Edit Item/input_eg Colour_place_egcolour"), "*"): Keys '*' sent to object: 'Object Repository/ADMIN/Edit Text/Bespoke/Seller Pages/Add_Edit Item/input_eg Colour_place_egcolour'

2020-03-20 10:33:47 - [MESSAGE][PASSED] - Keys '*' sent to object: 'Object Repository/ADMIN/Edit Text/Bespoke/Seller Pages/Add_Edit Item/input_eg Colour_place_egcolour'

2020-03-20 10:33:47 - [TEST_STEP][PASSED] - sendKeys(findTestObject("ADMIN/Edit Text/Bespoke/Seller Pages/Add_Edit Item/input_eg Red_place_option"), "*"): Keys '*' sent to object: 'Object Repository/ADMIN/Edit Text/Bespoke/Seller Pages/Add_Edit Item/input_eg Red_place_option'

2020-03-20 10:33:47 - [MESSAGE][PASSED] - Keys '*' sent to object: 'Object Repository/ADMIN/Edit Text/Bespoke/Seller Pages/Add_Edit Item/input_eg Red_place_option'

2020-03-20 10:33:47 - [TEST_STEP][PASSED] - sendKeys(findTestObject("ADMIN/Edit Text/Bespoke/Seller Pages/Add_Edit Item/input_Color_place_colour"), "*"): Keys '*' sent to object: 'Object Repository/ADMIN/Edit Text/Bespoke/Seller Pages/Add_Edit Item/input_Color_place_colour'

2020-03-20 10:33:47 - [MESSAGE][PASSED] - Keys '*' sent to object: 'Object Repository/ADMIN/Edit Text/Bespoke/Seller Pages/Add_Edit Item/input_Color_place_colour'

2020-03-20 10:33:47 - [TEST_STEP][PASSED] - sendKeys(findTestObject("ADMIN/Edit Text/Bespoke/Seller Pages/Add_Edit Item/input_Red_place_option"), "*"): Keys '*' sent to object: 'Object Repository/ADMIN/Edit Text/Bespoke/Seller Pages/Add_Edit Item/input_Red_place_option'

2020-03-20 10:33:47 - [MESSAGE][PASSED] - Keys '*' sent to object: 'Object Repository/ADMIN/Edit Text/Bespoke/Seller Pages/Add_Edit Item/input_Red_place_option'

2020-03-20 10:33:47 - [TEST_STEP][PASSED] - sendKeys(findTestObject("ADMIN/Edit Text/Bespoke/Seller Pages/Add_Edit Item/input_Image_tbl_lbe_img"), "*"): Keys '*' sent to object: 'Object Repository/ADMIN/Edit Text/Bespoke/Seller Pages/Add_Edit Item/input_Image_tbl_lbe_img'

2020-03-20 10:33:48 - [MESSAGE][PASSED] - Keys '*' sent to object: 'Object Repository/ADMIN/Edit Text/Bespoke/Seller Pages/Add_Edit Item/input_Image_tbl_lbe_img'

2020-03-20 10:33:48 - [TEST_STEP][PASSED] - sendKeys(findTestObject("ADMIN/Edit Text/Bespoke/Seller Pages/Add_Edit Item/input_Same Image_tbl_lbe_same_img"), "*"): Keys '*' sent to object: 'Object Repository/ADMIN/Edit Text/Bespoke/Seller Pages/Add_Edit Item/input_Same Image_tbl_lbe_same_img'

2020-03-20 10:33:48 - [MESSAGE][PASSED] - Keys '*' sent to object: 'Object Repository/ADMIN/Edit Text/Bespoke/Seller Pages/Add_Edit Item/input_Same Image_tbl_lbe_same_img'

2020-03-20 10:33:48 - [TEST_STEP][PASSED] - sendKeys(findTestObject("ADMIN/Edit Text/Bespoke/Seller Pages/Add_Edit Item/input_Surcharge_tbl_lbe_surcharge"), "*"): Keys '*' sent to object: 'Object Repository/ADMIN/Edit Text/Bespoke/Seller Pages/Add_Edit Item/input_Surcharge_tbl_lbe_surcharge'

2020-03-20 10:33:48 - [MESSAGE][PASSED] - Keys '*' sent to object: 'Object Repository/ADMIN/Edit Text/Bespoke/Seller Pages/Add_Edit Item/input_Surcharge_tbl_lbe_surcharge'

2020-03-20 10:33:48 - [TEST_STEP][PASSED] - sendKeys(findTestObject("ADMIN/Edit Text/Bespoke/Seller Pages/Add_Edit Item/input_Total Price_tbl_lbe_price"), "*"): Keys '*' sent to object: 'Object Repository/ADMIN/Edit Text/Bespoke/Seller Pages/Add_Edit Item/input_Total Price_tbl_lbe_price'

2020-03-20 10:33:48 - [MESSAGE][PASSED] - Keys '*' sent to object: 'Object Repository/ADMIN/Edit Text/Bespoke/Seller Pages/Add_Edit Item/input_Total Price_tbl_lbe_price'

2020-03-20 10:33:48 - [TEST_STEP][PASSED] - sendKeys(findTestObject("ADMIN/Edit Text/Bespoke/Seller Pages/Add_Edit Item/input_Stock_tbl_lbe_stock"), "*"): Keys '*' sent to object: 'Object Repository/ADMIN/Edit Text/Bespoke/Seller Pages/Add_Edit Item/input_Stock_tbl_lbe_stock'

2020-03-20 10:33:48 - [MESSAGE][PASSED] - Keys '*' sent to object: 'Object Repository/ADMIN/Edit Text/Bespoke/Seller Pages/Add_Edit Item/input_Stock_tbl_lbe_stock'

2020-03-20 10:33:48 - [TEST_STEP][PASSED] - sendKeys(findTestObject("ADMIN/Edit Text/Bespoke/Seller Pages/Add_Edit Item/input_Unlimited_tbl_lbe_unlimited"), "*"): Keys '*' sent to object: 'Object Repository/ADMIN/Edit Text/Bespoke/Seller Pages/Add_Edit Item/input_Unlimited_tbl_lbe_unlimited'

2020-03-20 10:33:48 - [MESSAGE][PASSED] - Keys '*' sent to object: 'Object Repository/ADMIN/Edit Text/Bespoke/Seller Pages/Add_Edit Item/input_Unlimited_tbl_lbe_unlimited'

2020-03-20 10:33:48 - [TEST_STEP][PASSED] - sendKeys(findTestObject("ADMIN/Edit Text/Bespoke/Seller Pages/Add_Edit Item/input_DELIVERY OPTIONS_delivery_options"), "*"): Keys '*' sent to object: 'Object Repository/ADMIN/Edit Text/Bespoke/Seller Pages/Add_Edit Item/input_DELIVERY OPTIONS_delivery_options'

2020-03-20 10:33:48 - [MESSAGE][PASSED] - Keys '*' sent to object: 'Object Repository/ADMIN/Edit Text/Bespoke/Seller Pages/Add_Edit Item/input_DELIVERY OPTIONS_delivery_options'

2020-03-20 10:33:48 - [TEST_STEP][PASSED] - sendKeys(findTestObject("ADMIN/Edit Text/Bespoke/Seller Pages/Add_Edit Item/input_DELIVERY OPTIONS_delivery-txt2"), "*"): Keys '*' sent to object: 'Object Repository/ADMIN/Edit Text/Bespoke/Seller Pages/Add_Edit Item/input_DELIVERY OPTIONS_delivery-txt2'

2020-03-20 10:33:48 - [MESSAGE][PASSED] - Keys '*' sent to object: 'Object Repository/ADMIN/Edit Text/Bespoke/Seller Pages/Add_Edit Item/input_DELIVERY OPTIONS_delivery-txt2'

2020-03-20 10:33:48 - [TEST_STEP][PASSED] - sendKeys(findTestObject("ADMIN/Edit Text/Bespoke/Seller Pages/Add_Edit Item/input_Offer reduced shipping costs to buyers when they buy more than one item from you_delivery-txt2"), "*"): Keys '*' sent to object: 'Object Repository/ADMIN/Edit Text/Bespoke/Seller Pages/Add_Edit Item/input_Offer reduced shipping costs to buyers when they buy more than one item from you_delivery-txt2'

2020-03-20 10:33:48 - [MESSAGE][PASSED] - Keys '*' sent to object: 'Object Repository/ADMIN/Edit Text/Bespoke/Seller Pages/Add_Edit Item/input_Offer reduced shipping costs to buyers when they buy more than one item from you_delivery-txt2'

2020-03-20 10:33:48 - [TEST_STEP][PASSED] - sendKeys(findTestObject("ADMIN/Edit Text/Bespoke/Seller Pages/Add_Edit Item/input_total delivery"), "*"): Keys '*' sent to object: 'Object Repository/ADMIN/Edit Text/Bespoke/Seller Pages/Add_Edit Item/input_total delivery'

2020-03-20 10:33:48 - [MESSAGE][PASSED] - Keys '*' sent to object: 'Object Repository/ADMIN/Edit Text/Bespoke/Seller Pages/Add_Edit Item/input_total delivery'

2020-03-20 10:33:48 - [TEST_STEP][PASSED] - sendKeys(findTestObject("ADMIN/Edit Text/Bespoke/Seller Pages/Add_Edit Item/input_DELIVERY SERVICE_delivery_service"), "*"): Keys '*' sent to object: 'Object Repository/ADMIN/Edit Text/Bespoke/Seller Pages/Add_Edit Item/input_DELIVERY SERVICE_delivery_service'

2020-03-20 10:33:48 - [MESSAGE][PASSED] - Keys '*' sent to object: 'Object Repository/ADMIN/Edit Text/Bespoke/Seller Pages/Add_Edit Item/input_DELIVERY SERVICE_delivery_service'

2020-03-20 10:33:48 - [TEST_STEP][PASSED] - sendKeys(findTestObject("ADMIN/Edit Text/Bespoke/Seller Pages/Add_Edit Item/input_SINGLE ITEM DELIVERY (A)_delivery_surchrge"), "*"): Keys '*' sent to object: 'Object Repository/ADMIN/Edit Text/Bespoke/Seller Pages/Add_Edit Item/input_SINGLE ITEM DELIVERY (A)_delivery_surchrge'

2020-03-20 10:33:48 - [MESSAGE][PASSED] - Keys '*' sent to object: 'Object Repository/ADMIN/Edit Text/Bespoke/Seller Pages/Add_Edit Item/input_SINGLE ITEM DELIVERY (A)_delivery_surchrge'

2020-03-20 10:33:48 - [TEST_STEP][PASSED] - sendKeys(findTestObject("ADMIN/Edit Text/Bespoke/Seller Pages/Add_Edit Item/input_SINGLE ITEM (A)_additional_item"), "*"): Keys '*' sent to object: 'Object Repository/ADMIN/Edit Text/Bespoke/Seller Pages/Add_Edit Item/input_SINGLE ITEM (A)_additional_item'

2020-03-20 10:33:48 - [MESSAGE][PASSED] - Keys '*' sent to object: 'Object Repository/ADMIN/Edit Text/Bespoke/Seller Pages/Add_Edit Item/input_SINGLE ITEM (A)_additional_item'

2020-03-20 10:33:48 - [TEST_STEP][PASSED] - sendKeys(findTestObject("ADMIN/Edit Text/Bespoke/Seller Pages/Add_Edit Item/input_WITH OTHER ITEM (B)_additional_item"), "*"): Keys '*' sent to object: 'Object Repository/ADMIN/Edit Text/Bespoke/Seller Pages/Add_Edit Item/input_WITH OTHER ITEM (B)_additional_item'

2020-03-20 10:33:49 - [MESSAGE][PASSED] - Keys '*' sent to object: 'Object Repository/ADMIN/Edit Text/Bespoke/Seller Pages/Add_Edit Item/input_WITH OTHER ITEM (B)_additional_item'

2020-03-20 10:33:49 - [TEST_STEP][PASSED] - sendKeys(findTestObject("ADMIN/Edit Text/Bespoke/Seller Pages/Add_Edit Item/input_ADD NEW_btn_add_new"), "*"): Keys '*' sent to object: 'Object Repository/ADMIN/Edit Text/Bespoke/Seller Pages/Add_Edit Item/input_ADD NEW_btn_add_new'

2020-03-20 10:33:49 - [MESSAGE][PASSED] - Keys '*' sent to object: 'Object Repository/ADMIN/Edit Text/Bespoke/Seller Pages/Add_Edit Item/input_ADD NEW_btn_add_new'

2020-03-20 10:33:49 - [TEST_STEP][PASSED] - sendKeys(findTestObject("ADMIN/Edit Text/Bespoke/Seller Pages/Add_Edit Item/input_PICK-UP LOCATION_location_service"), "*"): Keys '*' sent to object: 'Object Repository/ADMIN/Edit Text/Bespoke/Seller Pages/Add_Edit Item/input_PICK-UP LOCATION_location_service'

2020-03-20 10:33:49 - [MESSAGE][PASSED] - Keys '*' sent to object: 'Object Repository/ADMIN/Edit Text/Bespoke/Seller Pages/Add_Edit Item/input_PICK-UP LOCATION_location_service'

2020-03-20 10:33:49 - [TEST_STEP][PASSED] - sendKeys(findTestObject("ADMIN/Edit Text/Bespoke/Seller Pages/Add_Edit Item/textarea_Please provide the address where the item may be collected by the buyer(You must select at least one delivery option or pickup location)"), "*"): Keys '*' sent to object: 'Object Repository/ADMIN/Edit Text/Bespoke/Seller Pages/Add_Edit Item/textarea_Please provide the address where the item may be collected by the buyer(You must select at least one delivery option or pickup location)'

2020-03-20 10:33:49 - [MESSAGE][PASSED] - Keys '*' sent to object: 'Object Repository/ADMIN/Edit Text/Bespoke/Seller Pages/Add_Edit Item/textarea_Please provide the address where the item may be collected by the buyer(You must select at least one delivery option or pickup location)'

2020-03-20 10:33:49 - [TEST_STEP][PASSED] - sendKeys(findTestObject("ADMIN/Edit Text/Bespoke/Seller Pages/Add_Edit Item/input_PICKUP LOCATION ADDRESS_location_address"), "*"): Keys '*' sent to object: 'Object Repository/ADMIN/Edit Text/Bespoke/Seller Pages/Add_Edit Item/input_PICKUP LOCATION ADDRESS_location_address'

2020-03-20 10:33:49 - [MESSAGE][PASSED] - Keys '*' sent to object: 'Object Repository/ADMIN/Edit Text/Bespoke/Seller Pages/Add_Edit Item/input_PICKUP LOCATION ADDRESS_location_address'

2020-03-20 10:33:49 - [TEST_STEP][PASSED] - sendKeys(findTestObject("ADMIN/Edit Text/Bespoke/Seller Pages/Add_Edit Item/input_add new 2"), "*"): Keys '*' sent to object: 'Object Repository/ADMIN/Edit Text/Bespoke/Seller Pages/Add_Edit Item/input_add new 2'

2020-03-20 10:33:49 - [MESSAGE][PASSED] - Keys '*' sent to object: 'Object Repository/ADMIN/Edit Text/Bespoke/Seller Pages/Add_Edit Item/input_add new 2'

2020-03-20 10:33:49 - [TEST_STEP][PASSED] - sendKeys(findTestObject("ADMIN/Edit Text/Bespoke/Seller Pages/Add_Edit Item/input_SAVE_btn_save"), "*"): Keys '*' sent to object: 'Object Repository/ADMIN/Edit Text/Bespoke/Seller Pages/Add_Edit Item/input_SAVE_btn_save'

2020-03-20 10:33:49 - [MESSAGE][PASSED] - Keys '*' sent to object: 'Object Repository/ADMIN/Edit Text/Bespoke/Seller Pages/Add_Edit Item/input_SAVE_btn_save'

2020-03-20 10:33:49 - [TEST_STEP][PASSED] - sendKeys(findTestObject("ADMIN/Edit Text/Bespoke/Seller Pages/Add_Edit Item/input_Item Saved_popup-title"), "*"): Keys '*' sent to object: 'Object Repository/ADMIN/Edit Text/Bespoke/Seller Pages/Add_Edit Item/input_Item Saved_popup-title'

2020-03-20 10:33:49 - [MESSAGE][PASSED] - Keys '*' sent to object: 'Object Repository/ADMIN/Edit Text/Bespoke/Seller Pages/Add_Edit Item/input_Item Saved_popup-title'

2020-03-20 10:33:49 - [TEST_STEP][PASSED] - sendKeys(findTestObject("ADMIN/Edit Text/Bespoke/Seller Pages/Add_Edit Item/input_This item has been saved in_popup-title2"), "*"): Keys '*' sent to object: 'Object Repository/ADMIN/Edit Text/Bespoke/Seller Pages/Add_Edit Item/input_This item has been saved in_popup-title2'

2020-03-20 10:33:49 - [MESSAGE][PASSED] - Keys '*' sent to object: 'Object Repository/ADMIN/Edit Text/Bespoke/Seller Pages/Add_Edit Item/input_This item has been saved in_popup-title2'

2020-03-20 10:33:49 - [TEST_STEP][PASSED] - sendKeys(findTestObject("ADMIN/Edit Text/Bespoke/Seller Pages/Add_Edit Item/input_The default language of the buyer pages is_popup-title2"), "*"): Keys '*' sent to object: 'Object Repository/ADMIN/Edit Text/Bespoke/Seller Pages/Add_Edit Item/input_The default language of the buyer pages is_popup-title2'

2020-03-20 10:33:49 - [MESSAGE][PASSED] - Keys '*' sent to object: 'Object Repository/ADMIN/Edit Text/Bespoke/Seller Pages/Add_Edit Item/input_The default language of the buyer pages is_popup-title2'

2020-03-20 10:33:49 - [TEST_STEP][PASSED] - sendKeys(findTestObject("ADMIN/Edit Text/Bespoke/Seller Pages/Add_Edit Item/input_We recommend you at least add a translation in that language_popup-title2"), "*"): Keys '*' sent to object: 'Object Repository/ADMIN/Edit Text/Bespoke/Seller Pages/Add_Edit Item/input_We recommend you at least add a translation in that language_popup-title2'

2020-03-20 10:33:49 - [MESSAGE][PASSED] - Keys '*' sent to object: 'Object Repository/ADMIN/Edit Text/Bespoke/Seller Pages/Add_Edit Item/input_We recommend you at least add a translation in that language_popup-title2'

2020-03-20 10:33:49 - [TEST_STEP][PASSED] - sendKeys(findTestObject("ADMIN/Edit Text/Bespoke/Seller Pages/Add_Edit Item/input_concat(I  ll do it later)_btn_okay"), "*"): Keys '*' sent to object: 'Object Repository/ADMIN/Edit Text/Bespoke/Seller Pages/Add_Edit Item/input_concat(I  ll do it later)_btn_okay'

2020-03-20 10:33:49 - [MESSAGE][PASSED] - Keys '*' sent to object: 'Object Repository/ADMIN/Edit Text/Bespoke/Seller Pages/Add_Edit Item/input_concat(I  ll do it later)_btn_okay'

2020-03-20 10:33:49 - [TEST_STEP][PASSED] - sendKeys(findTestObject("ADMIN/Edit Text/Bespoke/Seller Pages/Add_Edit Item/input_Add Translations_btn_okay"), "*"): Keys '*' sent to object: 'Object Repository/ADMIN/Edit Text/Bespoke/Seller Pages/Add_Edit Item/input_Add Translations_btn_okay'

2020-03-20 10:33:50 - [MESSAGE][PASSED] - Keys '*' sent to object: 'Object Repository/ADMIN/Edit Text/Bespoke/Seller Pages/Add_Edit Item/input_Add Translations_btn_okay'

2020-03-20 10:33:50 - [TEST_STEP][PASSED] - sendKeys(findTestObject("ADMIN/Edit Text/Bespoke/Seller Pages/Add_Edit Item/input_Edit Translations_btn_okay"), "*"): Keys '*' sent to object: 'Object Repository/ADMIN/Edit Text/Bespoke/Seller Pages/Add_Edit Item/input_Edit Translations_btn_okay'

2020-03-20 10:33:50 - [MESSAGE][PASSED] - Keys '*' sent to object: 'Object Repository/ADMIN/Edit Text/Bespoke/Seller Pages/Add_Edit Item/input_Edit Translations_btn_okay'

2020-03-20 10:33:50 - [TEST_STEP][PASSED] - click(findTestObject("ADMIN/Edit Text/Bespoke/Buyer Pages/Homepage/button_save"), CONTINUE_ON_FAILURE): Object: 'Object Repository/ADMIN/Edit Text/Bespoke/Buyer Pages/Homepage/button_save' is clicked on

2020-03-20 10:33:50 - [MESSAGE][PASSED] - Object: 'Object Repository/ADMIN/Edit Text/Bespoke/Buyer Pages/Homepage/button_save' is clicked on

2020-03-20 10:33:50 - [TEST_STEP][PASSED] - waitForElementVisible(findTestObject("ADMIN/Edit Text/Bespoke/Buyer Pages/Homepage/toaster_success"), 0): Object 'Object Repository/ADMIN/Edit Text/Bespoke/Buyer Pages/Homepage/toaster_success' is visible

2020-03-20 10:33:50 - [MESSAGE][WARNING] - Timeout '0' is invalid. Using default page load timeout: '30'

2020-03-20 10:33:50 - [MESSAGE][PASSED] - Object 'Object Repository/ADMIN/Edit Text/Bespoke/Buyer Pages/Homepage/toaster_success' is visible]]></system-out>
         <system-err><![CDATA[]]></system-err>
      </testcase>
      <testcase name="Test Cases/ADMIN/Language/Edit Text/Bespoke/Seller/Add_Edit Item" time="6.84" classname="Test Cases/ADMIN/Language/Edit Text/Bespoke/Seller/Add_Edit Item" status="PASSED">
         <system-out><![CDATA[2020-03-20 10:33:50 - [TEST_CASE][PASSED] - Test Cases/ADMIN/Language/Edit Text/Bespoke/Seller/Add_Edit Item: Test Cases/ADMIN/Language/Edit Text/Bespoke/Seller/Add_Edit Item

2020-03-20 10:33:50 - [TEST_STEP][PASSED] - waitForElementVisible(findTestObject("ADMIN/Edit Text/Bespoke/Buyer Navigation/dd_language"), 0): Object 'Object Repository/ADMIN/Edit Text/Bespoke/Buyer Navigation/dd_language' is visible

2020-03-20 10:33:50 - [MESSAGE][WARNING] - Timeout '0' is invalid. Using default page load timeout: '30'

2020-03-20 10:33:50 - [MESSAGE][PASSED] - Object 'Object Repository/ADMIN/Edit Text/Bespoke/Buyer Navigation/dd_language' is visible

2020-03-20 10:33:50 - [TEST_STEP][PASSED] - selectOptionByLabel(findTestObject("ADMIN/Edit Text/Bespoke/Buyer Navigation/dd_language"), varLanguage, false): All options with label 'Chinese (Simplified)' are selected in object 'Object Repository/ADMIN/Edit Text/Bespoke/Buyer Navigation/dd_language' 

2020-03-20 10:33:51 - [MESSAGE][PASSED] - All options with label 'Chinese (Simplified)' are selected in object 'Object Repository/ADMIN/Edit Text/Bespoke/Buyer Navigation/dd_language' 

2020-03-20 10:33:51 - [TEST_STEP][PASSED] - sendKeys(findTestObject("ADMIN/Edit Text/Bespoke/Seller Pages/Add_Edit Item/input_YOUR ITEMS_item_name"), "*"): Keys '*' sent to object: 'Object Repository/ADMIN/Edit Text/Bespoke/Seller Pages/Add_Edit Item/input_YOUR ITEMS_item_name'

2020-03-20 10:33:52 - [MESSAGE][PASSED] - Keys '*' sent to object: 'Object Repository/ADMIN/Edit Text/Bespoke/Seller Pages/Add_Edit Item/input_YOUR ITEMS_item_name'

2020-03-20 10:33:52 - [TEST_STEP][PASSED] - sendKeys(findTestObject("ADMIN/Edit Text/Bespoke/Seller Pages/Add_Edit Item/input_Fill in your item details here_item_details"), "*"): Keys '*' sent to object: 'Object Repository/ADMIN/Edit Text/Bespoke/Seller Pages/Add_Edit Item/input_Fill in your item details here_item_details'

2020-03-20 10:33:52 - [MESSAGE][PASSED] - Keys '*' sent to object: 'Object Repository/ADMIN/Edit Text/Bespoke/Seller Pages/Add_Edit Item/input_Fill in your item details here_item_details'

2020-03-20 10:33:52 - [TEST_STEP][PASSED] - sendKeys(findTestObject("ADMIN/Edit Text/Bespoke/Seller Pages/Add_Edit Item/input_Category_category"), "*"): Keys '*' sent to object: 'Object Repository/ADMIN/Edit Text/Bespoke/Seller Pages/Add_Edit Item/input_Category_category'

2020-03-20 10:33:52 - [MESSAGE][PASSED] - Keys '*' sent to object: 'Object Repository/ADMIN/Edit Text/Bespoke/Seller Pages/Add_Edit Item/input_Category_category'

2020-03-20 10:33:52 - [TEST_STEP][PASSED] - sendKeys(findTestObject("ADMIN/Edit Text/Bespoke/Seller Pages/Add_Edit Item/input_Select a Category_category"), "*"): Keys '*' sent to object: 'Object Repository/ADMIN/Edit Text/Bespoke/Seller Pages/Add_Edit Item/input_Select a Category_category'

2020-03-20 10:33:52 - [MESSAGE][PASSED] - Keys '*' sent to object: 'Object Repository/ADMIN/Edit Text/Bespoke/Seller Pages/Add_Edit Item/input_Select a Category_category'

2020-03-20 10:33:52 - [TEST_STEP][PASSED] - sendKeys(findTestObject("ADMIN/Edit Text/Bespoke/Seller Pages/Add_Edit Item/input_Item Name_item_name"), "*"): Keys '*' sent to object: 'Object Repository/ADMIN/Edit Text/Bespoke/Seller Pages/Add_Edit Item/input_Item Name_item_name'

2020-03-20 10:33:52 - [MESSAGE][PASSED] - Keys '*' sent to object: 'Object Repository/ADMIN/Edit Text/Bespoke/Seller Pages/Add_Edit Item/input_Item Name_item_name'

2020-03-20 10:33:52 - [TEST_STEP][PASSED] - sendKeys(findTestObject("ADMIN/Edit Text/Bespoke/Seller Pages/Add_Edit Item/input_Price_price"), "*"): Keys '*' sent to object: 'Object Repository/ADMIN/Edit Text/Bespoke/Seller Pages/Add_Edit Item/input_Price_price'

2020-03-20 10:33:52 - [MESSAGE][PASSED] - Keys '*' sent to object: 'Object Repository/ADMIN/Edit Text/Bespoke/Seller Pages/Add_Edit Item/input_Price_price'

2020-03-20 10:33:52 - [TEST_STEP][PASSED] - sendKeys(findTestObject("ADMIN/Edit Text/Bespoke/Seller Pages/Add_Edit Item/input_SELECT ALL_category"), "*"): Keys '*' sent to object: 'Object Repository/ADMIN/Edit Text/Bespoke/Seller Pages/Add_Edit Item/input_SELECT ALL_category'

2020-03-20 10:33:52 - [MESSAGE][PASSED] - Keys '*' sent to object: 'Object Repository/ADMIN/Edit Text/Bespoke/Seller Pages/Add_Edit Item/input_SELECT ALL_category'

2020-03-20 10:33:52 - [TEST_STEP][PASSED] - sendKeys(findTestObject("ADMIN/Edit Text/Bespoke/Seller Pages/Add_Edit Item/input_SELECT NONE_category"), "*"): Keys '*' sent to object: 'Object Repository/ADMIN/Edit Text/Bespoke/Seller Pages/Add_Edit Item/input_SELECT NONE_category'

2020-03-20 10:33:52 - [MESSAGE][PASSED] - Keys '*' sent to object: 'Object Repository/ADMIN/Edit Text/Bespoke/Seller Pages/Add_Edit Item/input_SELECT NONE_category'

2020-03-20 10:33:52 - [TEST_STEP][PASSED] - sendKeys(findTestObject("ADMIN/Edit Text/Bespoke/Seller Pages/Add_Edit Item/input_Item Description_item_description"), "*"): Keys '*' sent to object: 'Object Repository/ADMIN/Edit Text/Bespoke/Seller Pages/Add_Edit Item/input_Item Description_item_description'

2020-03-20 10:33:52 - [MESSAGE][PASSED] - Keys '*' sent to object: 'Object Repository/ADMIN/Edit Text/Bespoke/Seller Pages/Add_Edit Item/input_Item Description_item_description'

2020-03-20 10:33:52 - [TEST_STEP][PASSED] - sendKeys(findTestObject("ADMIN/Edit Text/Bespoke/Seller Pages/Add_Edit Item/input_ITEM COVER IMAGE_item_cover_image"), "*"): Keys '*' sent to object: 'Object Repository/ADMIN/Edit Text/Bespoke/Seller Pages/Add_Edit Item/input_ITEM COVER IMAGE_item_cover_image'

2020-03-20 10:33:52 - [MESSAGE][PASSED] - Keys '*' sent to object: 'Object Repository/ADMIN/Edit Text/Bespoke/Seller Pages/Add_Edit Item/input_ITEM COVER IMAGE_item_cover_image'

2020-03-20 10:33:52 - [TEST_STEP][PASSED] - sendKeys(findTestObject("ADMIN/Edit Text/Bespoke/Seller Pages/Add_Edit Item/input_ITEM COVER IMAGE_item_cover_details"), "*"): Keys '*' sent to object: 'Object Repository/ADMIN/Edit Text/Bespoke/Seller Pages/Add_Edit Item/input_ITEM COVER IMAGE_item_cover_details'

2020-03-20 10:33:52 - [MESSAGE][PASSED] - Keys '*' sent to object: 'Object Repository/ADMIN/Edit Text/Bespoke/Seller Pages/Add_Edit Item/input_ITEM COVER IMAGE_item_cover_details'

2020-03-20 10:33:52 - [TEST_STEP][PASSED] - sendKeys(findTestObject("ADMIN/Edit Text/Bespoke/Seller Pages/Add_Edit Item/input_BROWSE_browse_btn"), "*"): Keys '*' sent to object: 'Object Repository/ADMIN/Edit Text/Bespoke/Seller Pages/Add_Edit Item/input_BROWSE_browse_btn'

2020-03-20 10:33:52 - [MESSAGE][PASSED] - Keys '*' sent to object: 'Object Repository/ADMIN/Edit Text/Bespoke/Seller Pages/Add_Edit Item/input_BROWSE_browse_btn'

2020-03-20 10:33:52 - [TEST_STEP][PASSED] - sendKeys(findTestObject("ADMIN/Edit Text/Bespoke/Seller Pages/Add_Edit Item/input_Quantity_quantity"), "*"): Keys '*' sent to object: 'Object Repository/ADMIN/Edit Text/Bespoke/Seller Pages/Add_Edit Item/input_Quantity_quantity'

2020-03-20 10:33:52 - [MESSAGE][PASSED] - Keys '*' sent to object: 'Object Repository/ADMIN/Edit Text/Bespoke/Seller Pages/Add_Edit Item/input_Quantity_quantity'

2020-03-20 10:33:52 - [TEST_STEP][PASSED] - sendKeys(findTestObject("ADMIN/Edit Text/Bespoke/Seller Pages/Add_Edit Item/input_Unlimited Stock_unlimited_stock"), "*"): Keys '*' sent to object: 'Object Repository/ADMIN/Edit Text/Bespoke/Seller Pages/Add_Edit Item/input_Unlimited Stock_unlimited_stock'

2020-03-20 10:33:53 - [MESSAGE][PASSED] - Keys '*' sent to object: 'Object Repository/ADMIN/Edit Text/Bespoke/Seller Pages/Add_Edit Item/input_Unlimited Stock_unlimited_stock'

2020-03-20 10:33:53 - [TEST_STEP][PASSED] - sendKeys(findTestObject("ADMIN/Edit Text/Bespoke/Seller Pages/Add_Edit Item/input_YES_yes-txt"), "*"): Keys '*' sent to object: 'Object Repository/ADMIN/Edit Text/Bespoke/Seller Pages/Add_Edit Item/input_YES_yes-txt'

2020-03-20 10:33:53 - [MESSAGE][PASSED] - Keys '*' sent to object: 'Object Repository/ADMIN/Edit Text/Bespoke/Seller Pages/Add_Edit Item/input_YES_yes-txt'

2020-03-20 10:33:53 - [TEST_STEP][PASSED] - sendKeys(findTestObject("ADMIN/Edit Text/Bespoke/Seller Pages/Add_Edit Item/input_NO_no-txt"), "*"): Keys '*' sent to object: 'Object Repository/ADMIN/Edit Text/Bespoke/Seller Pages/Add_Edit Item/input_NO_no-txt'

2020-03-20 10:33:53 - [MESSAGE][PASSED] - Keys '*' sent to object: 'Object Repository/ADMIN/Edit Text/Bespoke/Seller Pages/Add_Edit Item/input_NO_no-txt'

2020-03-20 10:33:53 - [TEST_STEP][PASSED] - sendKeys(findTestObject("ADMIN/Edit Text/Bespoke/Seller Pages/Add_Edit Item/input_Variants_variants"), "*"): Keys '*' sent to object: 'Object Repository/ADMIN/Edit Text/Bespoke/Seller Pages/Add_Edit Item/input_Variants_variants'

2020-03-20 10:33:53 - [MESSAGE][PASSED] - Keys '*' sent to object: 'Object Repository/ADMIN/Edit Text/Bespoke/Seller Pages/Add_Edit Item/input_Variants_variants'

2020-03-20 10:33:53 - [TEST_STEP][PASSED] - sendKeys(findTestObject("ADMIN/Edit Text/Bespoke/Seller Pages/Add_Edit Item/input_Variant(s)_variant_s"), "*"): Keys '*' sent to object: 'Object Repository/ADMIN/Edit Text/Bespoke/Seller Pages/Add_Edit Item/input_Variant(s)_variant_s'

2020-03-20 10:33:53 - [MESSAGE][PASSED] - Keys '*' sent to object: 'Object Repository/ADMIN/Edit Text/Bespoke/Seller Pages/Add_Edit Item/input_Variant(s)_variant_s'

2020-03-20 10:33:53 - [TEST_STEP][PASSED] - sendKeys(findTestObject("ADMIN/Edit Text/Bespoke/Seller Pages/Add_Edit Item/input_Add up to 3 different available options for the item eg  Colour Size and Material_item_addUpto3Variants"), "*"): Keys '*' sent to object: 'Object Repository/ADMIN/Edit Text/Bespoke/Seller Pages/Add_Edit Item/input_Add up to 3 different available options for the item eg  Colour Size and Material_item_addUpto3Variants'

2020-03-20 10:33:53 - [MESSAGE][PASSED] - Keys '*' sent to object: 'Object Repository/ADMIN/Edit Text/Bespoke/Seller Pages/Add_Edit Item/input_Add up to 3 different available options for the item eg  Colour Size and Material_item_addUpto3Variants'

2020-03-20 10:33:53 - [TEST_STEP][PASSED] - sendKeys(findTestObject("ADMIN/Edit Text/Bespoke/Seller Pages/Add_Edit Item/input_Change_variants-change"), "*"): Keys '*' sent to object: 'Object Repository/ADMIN/Edit Text/Bespoke/Seller Pages/Add_Edit Item/input_Change_variants-change'

2020-03-20 10:33:53 - [MESSAGE][PASSED] - Keys '*' sent to object: 'Object Repository/ADMIN/Edit Text/Bespoke/Seller Pages/Add_Edit Item/input_Change_variants-change'

2020-03-20 10:33:53 - [TEST_STEP][PASSED] - sendKeys(findTestObject("ADMIN/Edit Text/Bespoke/Seller Pages/Add_Edit Item/input_Okay_variants-change"), "*"): Keys '*' sent to object: 'Object Repository/ADMIN/Edit Text/Bespoke/Seller Pages/Add_Edit Item/input_Okay_variants-change'

2020-03-20 10:33:53 - [MESSAGE][PASSED] - Keys '*' sent to object: 'Object Repository/ADMIN/Edit Text/Bespoke/Seller Pages/Add_Edit Item/input_Okay_variants-change'

2020-03-20 10:33:53 - [TEST_STEP][PASSED] - sendKeys(findTestObject("ADMIN/Edit Text/Bespoke/Seller Pages/Add_Edit Item/input_Cancel_variants-change"), "*"): Keys '*' sent to object: 'Object Repository/ADMIN/Edit Text/Bespoke/Seller Pages/Add_Edit Item/input_Cancel_variants-change'

2020-03-20 10:33:53 - [MESSAGE][PASSED] - Keys '*' sent to object: 'Object Repository/ADMIN/Edit Text/Bespoke/Seller Pages/Add_Edit Item/input_Cancel_variants-change'

2020-03-20 10:33:53 - [TEST_STEP][PASSED] - sendKeys(findTestObject("ADMIN/Edit Text/Bespoke/Seller Pages/Add_Edit Item/input_Add Variants_variants_btn"), "*"): Keys '*' sent to object: 'Object Repository/ADMIN/Edit Text/Bespoke/Seller Pages/Add_Edit Item/input_Add Variants_variants_btn'

2020-03-20 10:33:53 - [MESSAGE][PASSED] - Keys '*' sent to object: 'Object Repository/ADMIN/Edit Text/Bespoke/Seller Pages/Add_Edit Item/input_Add Variants_variants_btn'

2020-03-20 10:33:53 - [TEST_STEP][PASSED] - sendKeys(findTestObject("ADMIN/Edit Text/Bespoke/Seller Pages/Add_Edit Item/input_VARIANTS OPTIONS_option_name"), "*"): Keys '*' sent to object: 'Object Repository/ADMIN/Edit Text/Bespoke/Seller Pages/Add_Edit Item/input_VARIANTS OPTIONS_option_name'

2020-03-20 10:33:53 - [MESSAGE][PASSED] - Keys '*' sent to object: 'Object Repository/ADMIN/Edit Text/Bespoke/Seller Pages/Add_Edit Item/input_VARIANTS OPTIONS_option_name'

2020-03-20 10:33:53 - [TEST_STEP][PASSED] - sendKeys(findTestObject("ADMIN/Edit Text/Bespoke/Seller Pages/Add_Edit Item/input_VARIANTS CHOICES_option_choices"), "*"): Keys '*' sent to object: 'Object Repository/ADMIN/Edit Text/Bespoke/Seller Pages/Add_Edit Item/input_VARIANTS CHOICES_option_choices'

2020-03-20 10:33:54 - [MESSAGE][PASSED] - Keys '*' sent to object: 'Object Repository/ADMIN/Edit Text/Bespoke/Seller Pages/Add_Edit Item/input_VARIANTS CHOICES_option_choices'

2020-03-20 10:33:54 - [TEST_STEP][PASSED] - sendKeys(findTestObject("ADMIN/Edit Text/Bespoke/Seller Pages/Add_Edit Item/input_eg Colour_place_egcolour"), "*"): Keys '*' sent to object: 'Object Repository/ADMIN/Edit Text/Bespoke/Seller Pages/Add_Edit Item/input_eg Colour_place_egcolour'

2020-03-20 10:33:54 - [MESSAGE][PASSED] - Keys '*' sent to object: 'Object Repository/ADMIN/Edit Text/Bespoke/Seller Pages/Add_Edit Item/input_eg Colour_place_egcolour'

2020-03-20 10:33:54 - [TEST_STEP][PASSED] - sendKeys(findTestObject("ADMIN/Edit Text/Bespoke/Seller Pages/Add_Edit Item/input_eg Red_place_option"), "*"): Keys '*' sent to object: 'Object Repository/ADMIN/Edit Text/Bespoke/Seller Pages/Add_Edit Item/input_eg Red_place_option'

2020-03-20 10:33:54 - [MESSAGE][PASSED] - Keys '*' sent to object: 'Object Repository/ADMIN/Edit Text/Bespoke/Seller Pages/Add_Edit Item/input_eg Red_place_option'

2020-03-20 10:33:54 - [TEST_STEP][PASSED] - sendKeys(findTestObject("ADMIN/Edit Text/Bespoke/Seller Pages/Add_Edit Item/input_Color_place_colour"), "*"): Keys '*' sent to object: 'Object Repository/ADMIN/Edit Text/Bespoke/Seller Pages/Add_Edit Item/input_Color_place_colour'

2020-03-20 10:33:54 - [MESSAGE][PASSED] - Keys '*' sent to object: 'Object Repository/ADMIN/Edit Text/Bespoke/Seller Pages/Add_Edit Item/input_Color_place_colour'

2020-03-20 10:33:54 - [TEST_STEP][PASSED] - sendKeys(findTestObject("ADMIN/Edit Text/Bespoke/Seller Pages/Add_Edit Item/input_Red_place_option"), "*"): Keys '*' sent to object: 'Object Repository/ADMIN/Edit Text/Bespoke/Seller Pages/Add_Edit Item/input_Red_place_option'

2020-03-20 10:33:54 - [MESSAGE][PASSED] - Keys '*' sent to object: 'Object Repository/ADMIN/Edit Text/Bespoke/Seller Pages/Add_Edit Item/input_Red_place_option'

2020-03-20 10:33:54 - [TEST_STEP][PASSED] - sendKeys(findTestObject("ADMIN/Edit Text/Bespoke/Seller Pages/Add_Edit Item/input_Image_tbl_lbe_img"), "*"): Keys '*' sent to object: 'Object Repository/ADMIN/Edit Text/Bespoke/Seller Pages/Add_Edit Item/input_Image_tbl_lbe_img'

2020-03-20 10:33:54 - [MESSAGE][PASSED] - Keys '*' sent to object: 'Object Repository/ADMIN/Edit Text/Bespoke/Seller Pages/Add_Edit Item/input_Image_tbl_lbe_img'

2020-03-20 10:33:54 - [TEST_STEP][PASSED] - sendKeys(findTestObject("ADMIN/Edit Text/Bespoke/Seller Pages/Add_Edit Item/input_Same Image_tbl_lbe_same_img"), "*"): Keys '*' sent to object: 'Object Repository/ADMIN/Edit Text/Bespoke/Seller Pages/Add_Edit Item/input_Same Image_tbl_lbe_same_img'

2020-03-20 10:33:54 - [MESSAGE][PASSED] - Keys '*' sent to object: 'Object Repository/ADMIN/Edit Text/Bespoke/Seller Pages/Add_Edit Item/input_Same Image_tbl_lbe_same_img'

2020-03-20 10:33:54 - [TEST_STEP][PASSED] - sendKeys(findTestObject("ADMIN/Edit Text/Bespoke/Seller Pages/Add_Edit Item/input_Surcharge_tbl_lbe_surcharge"), "*"): Keys '*' sent to object: 'Object Repository/ADMIN/Edit Text/Bespoke/Seller Pages/Add_Edit Item/input_Surcharge_tbl_lbe_surcharge'

2020-03-20 10:33:54 - [MESSAGE][PASSED] - Keys '*' sent to object: 'Object Repository/ADMIN/Edit Text/Bespoke/Seller Pages/Add_Edit Item/input_Surcharge_tbl_lbe_surcharge'

2020-03-20 10:33:54 - [TEST_STEP][PASSED] - sendKeys(findTestObject("ADMIN/Edit Text/Bespoke/Seller Pages/Add_Edit Item/input_Total Price_tbl_lbe_price"), "*"): Keys '*' sent to object: 'Object Repository/ADMIN/Edit Text/Bespoke/Seller Pages/Add_Edit Item/input_Total Price_tbl_lbe_price'

2020-03-20 10:33:54 - [MESSAGE][PASSED] - Keys '*' sent to object: 'Object Repository/ADMIN/Edit Text/Bespoke/Seller Pages/Add_Edit Item/input_Total Price_tbl_lbe_price'

2020-03-20 10:33:54 - [TEST_STEP][PASSED] - sendKeys(findTestObject("ADMIN/Edit Text/Bespoke/Seller Pages/Add_Edit Item/input_Stock_tbl_lbe_stock"), "*"): Keys '*' sent to object: 'Object Repository/ADMIN/Edit Text/Bespoke/Seller Pages/Add_Edit Item/input_Stock_tbl_lbe_stock'

2020-03-20 10:33:54 - [MESSAGE][PASSED] - Keys '*' sent to object: 'Object Repository/ADMIN/Edit Text/Bespoke/Seller Pages/Add_Edit Item/input_Stock_tbl_lbe_stock'

2020-03-20 10:33:54 - [TEST_STEP][PASSED] - sendKeys(findTestObject("ADMIN/Edit Text/Bespoke/Seller Pages/Add_Edit Item/input_Unlimited_tbl_lbe_unlimited"), "*"): Keys '*' sent to object: 'Object Repository/ADMIN/Edit Text/Bespoke/Seller Pages/Add_Edit Item/input_Unlimited_tbl_lbe_unlimited'

2020-03-20 10:33:54 - [MESSAGE][PASSED] - Keys '*' sent to object: 'Object Repository/ADMIN/Edit Text/Bespoke/Seller Pages/Add_Edit Item/input_Unlimited_tbl_lbe_unlimited'

2020-03-20 10:33:54 - [TEST_STEP][PASSED] - sendKeys(findTestObject("ADMIN/Edit Text/Bespoke/Seller Pages/Add_Edit Item/input_DELIVERY OPTIONS_delivery_options"), "*"): Keys '*' sent to object: 'Object Repository/ADMIN/Edit Text/Bespoke/Seller Pages/Add_Edit Item/input_DELIVERY OPTIONS_delivery_options'

2020-03-20 10:33:54 - [MESSAGE][PASSED] - Keys '*' sent to object: 'Object Repository/ADMIN/Edit Text/Bespoke/Seller Pages/Add_Edit Item/input_DELIVERY OPTIONS_delivery_options'

2020-03-20 10:33:54 - [TEST_STEP][PASSED] - sendKeys(findTestObject("ADMIN/Edit Text/Bespoke/Seller Pages/Add_Edit Item/input_DELIVERY OPTIONS_delivery-txt2"), "*"): Keys '*' sent to object: 'Object Repository/ADMIN/Edit Text/Bespoke/Seller Pages/Add_Edit Item/input_DELIVERY OPTIONS_delivery-txt2'

2020-03-20 10:33:55 - [MESSAGE][PASSED] - Keys '*' sent to object: 'Object Repository/ADMIN/Edit Text/Bespoke/Seller Pages/Add_Edit Item/input_DELIVERY OPTIONS_delivery-txt2'

2020-03-20 10:33:55 - [TEST_STEP][PASSED] - sendKeys(findTestObject("ADMIN/Edit Text/Bespoke/Seller Pages/Add_Edit Item/input_Offer reduced shipping costs to buyers when they buy more than one item from you_delivery-txt2"), "*"): Keys '*' sent to object: 'Object Repository/ADMIN/Edit Text/Bespoke/Seller Pages/Add_Edit Item/input_Offer reduced shipping costs to buyers when they buy more than one item from you_delivery-txt2'

2020-03-20 10:33:55 - [MESSAGE][PASSED] - Keys '*' sent to object: 'Object Repository/ADMIN/Edit Text/Bespoke/Seller Pages/Add_Edit Item/input_Offer reduced shipping costs to buyers when they buy more than one item from you_delivery-txt2'

2020-03-20 10:33:55 - [TEST_STEP][PASSED] - sendKeys(findTestObject("ADMIN/Edit Text/Bespoke/Seller Pages/Add_Edit Item/input_total delivery"), "*"): Keys '*' sent to object: 'Object Repository/ADMIN/Edit Text/Bespoke/Seller Pages/Add_Edit Item/input_total delivery'

2020-03-20 10:33:55 - [MESSAGE][PASSED] - Keys '*' sent to object: 'Object Repository/ADMIN/Edit Text/Bespoke/Seller Pages/Add_Edit Item/input_total delivery'

2020-03-20 10:33:55 - [TEST_STEP][PASSED] - sendKeys(findTestObject("ADMIN/Edit Text/Bespoke/Seller Pages/Add_Edit Item/input_DELIVERY SERVICE_delivery_service"), "*"): Keys '*' sent to object: 'Object Repository/ADMIN/Edit Text/Bespoke/Seller Pages/Add_Edit Item/input_DELIVERY SERVICE_delivery_service'

2020-03-20 10:33:55 - [MESSAGE][PASSED] - Keys '*' sent to object: 'Object Repository/ADMIN/Edit Text/Bespoke/Seller Pages/Add_Edit Item/input_DELIVERY SERVICE_delivery_service'

2020-03-20 10:33:55 - [TEST_STEP][PASSED] - sendKeys(findTestObject("ADMIN/Edit Text/Bespoke/Seller Pages/Add_Edit Item/input_SINGLE ITEM DELIVERY (A)_delivery_surchrge"), "*"): Keys '*' sent to object: 'Object Repository/ADMIN/Edit Text/Bespoke/Seller Pages/Add_Edit Item/input_SINGLE ITEM DELIVERY (A)_delivery_surchrge'

2020-03-20 10:33:55 - [MESSAGE][PASSED] - Keys '*' sent to object: 'Object Repository/ADMIN/Edit Text/Bespoke/Seller Pages/Add_Edit Item/input_SINGLE ITEM DELIVERY (A)_delivery_surchrge'

2020-03-20 10:33:55 - [TEST_STEP][PASSED] - sendKeys(findTestObject("ADMIN/Edit Text/Bespoke/Seller Pages/Add_Edit Item/input_SINGLE ITEM (A)_additional_item"), "*"): Keys '*' sent to object: 'Object Repository/ADMIN/Edit Text/Bespoke/Seller Pages/Add_Edit Item/input_SINGLE ITEM (A)_additional_item'

2020-03-20 10:33:55 - [MESSAGE][PASSED] - Keys '*' sent to object: 'Object Repository/ADMIN/Edit Text/Bespoke/Seller Pages/Add_Edit Item/input_SINGLE ITEM (A)_additional_item'

2020-03-20 10:33:55 - [TEST_STEP][PASSED] - sendKeys(findTestObject("ADMIN/Edit Text/Bespoke/Seller Pages/Add_Edit Item/input_WITH OTHER ITEM (B)_additional_item"), "*"): Keys '*' sent to object: 'Object Repository/ADMIN/Edit Text/Bespoke/Seller Pages/Add_Edit Item/input_WITH OTHER ITEM (B)_additional_item'

2020-03-20 10:33:55 - [MESSAGE][PASSED] - Keys '*' sent to object: 'Object Repository/ADMIN/Edit Text/Bespoke/Seller Pages/Add_Edit Item/input_WITH OTHER ITEM (B)_additional_item'

2020-03-20 10:33:55 - [TEST_STEP][PASSED] - sendKeys(findTestObject("ADMIN/Edit Text/Bespoke/Seller Pages/Add_Edit Item/input_ADD NEW_btn_add_new"), "*"): Keys '*' sent to object: 'Object Repository/ADMIN/Edit Text/Bespoke/Seller Pages/Add_Edit Item/input_ADD NEW_btn_add_new'

2020-03-20 10:33:55 - [MESSAGE][PASSED] - Keys '*' sent to object: 'Object Repository/ADMIN/Edit Text/Bespoke/Seller Pages/Add_Edit Item/input_ADD NEW_btn_add_new'

2020-03-20 10:33:55 - [TEST_STEP][PASSED] - sendKeys(findTestObject("ADMIN/Edit Text/Bespoke/Seller Pages/Add_Edit Item/input_PICK-UP LOCATION_location_service"), "*"): Keys '*' sent to object: 'Object Repository/ADMIN/Edit Text/Bespoke/Seller Pages/Add_Edit Item/input_PICK-UP LOCATION_location_service'

2020-03-20 10:33:55 - [MESSAGE][PASSED] - Keys '*' sent to object: 'Object Repository/ADMIN/Edit Text/Bespoke/Seller Pages/Add_Edit Item/input_PICK-UP LOCATION_location_service'

2020-03-20 10:33:55 - [TEST_STEP][PASSED] - sendKeys(findTestObject("ADMIN/Edit Text/Bespoke/Seller Pages/Add_Edit Item/textarea_Please provide the address where the item may be collected by the buyer(You must select at least one delivery option or pickup location)"), "*"): Keys '*' sent to object: 'Object Repository/ADMIN/Edit Text/Bespoke/Seller Pages/Add_Edit Item/textarea_Please provide the address where the item may be collected by the buyer(You must select at least one delivery option or pickup location)'

2020-03-20 10:33:55 - [MESSAGE][PASSED] - Keys '*' sent to object: 'Object Repository/ADMIN/Edit Text/Bespoke/Seller Pages/Add_Edit Item/textarea_Please provide the address where the item may be collected by the buyer(You must select at least one delivery option or pickup location)'

2020-03-20 10:33:55 - [TEST_STEP][PASSED] - sendKeys(findTestObject("ADMIN/Edit Text/Bespoke/Seller Pages/Add_Edit Item/input_PICKUP LOCATION ADDRESS_location_address"), "*"): Keys '*' sent to object: 'Object Repository/ADMIN/Edit Text/Bespoke/Seller Pages/Add_Edit Item/input_PICKUP LOCATION ADDRESS_location_address'

2020-03-20 10:33:56 - [MESSAGE][PASSED] - Keys '*' sent to object: 'Object Repository/ADMIN/Edit Text/Bespoke/Seller Pages/Add_Edit Item/input_PICKUP LOCATION ADDRESS_location_address'

2020-03-20 10:33:56 - [TEST_STEP][PASSED] - sendKeys(findTestObject("ADMIN/Edit Text/Bespoke/Seller Pages/Add_Edit Item/input_add new 2"), "*"): Keys '*' sent to object: 'Object Repository/ADMIN/Edit Text/Bespoke/Seller Pages/Add_Edit Item/input_add new 2'

2020-03-20 10:33:56 - [MESSAGE][PASSED] - Keys '*' sent to object: 'Object Repository/ADMIN/Edit Text/Bespoke/Seller Pages/Add_Edit Item/input_add new 2'

2020-03-20 10:33:56 - [TEST_STEP][PASSED] - sendKeys(findTestObject("ADMIN/Edit Text/Bespoke/Seller Pages/Add_Edit Item/input_SAVE_btn_save"), "*"): Keys '*' sent to object: 'Object Repository/ADMIN/Edit Text/Bespoke/Seller Pages/Add_Edit Item/input_SAVE_btn_save'

2020-03-20 10:33:56 - [MESSAGE][PASSED] - Keys '*' sent to object: 'Object Repository/ADMIN/Edit Text/Bespoke/Seller Pages/Add_Edit Item/input_SAVE_btn_save'

2020-03-20 10:33:56 - [TEST_STEP][PASSED] - sendKeys(findTestObject("ADMIN/Edit Text/Bespoke/Seller Pages/Add_Edit Item/input_Item Saved_popup-title"), "*"): Keys '*' sent to object: 'Object Repository/ADMIN/Edit Text/Bespoke/Seller Pages/Add_Edit Item/input_Item Saved_popup-title'

2020-03-20 10:33:56 - [MESSAGE][PASSED] - Keys '*' sent to object: 'Object Repository/ADMIN/Edit Text/Bespoke/Seller Pages/Add_Edit Item/input_Item Saved_popup-title'

2020-03-20 10:33:56 - [TEST_STEP][PASSED] - sendKeys(findTestObject("ADMIN/Edit Text/Bespoke/Seller Pages/Add_Edit Item/input_This item has been saved in_popup-title2"), "*"): Keys '*' sent to object: 'Object Repository/ADMIN/Edit Text/Bespoke/Seller Pages/Add_Edit Item/input_This item has been saved in_popup-title2'

2020-03-20 10:33:56 - [MESSAGE][PASSED] - Keys '*' sent to object: 'Object Repository/ADMIN/Edit Text/Bespoke/Seller Pages/Add_Edit Item/input_This item has been saved in_popup-title2'

2020-03-20 10:33:56 - [TEST_STEP][PASSED] - sendKeys(findTestObject("ADMIN/Edit Text/Bespoke/Seller Pages/Add_Edit Item/input_The default language of the buyer pages is_popup-title2"), "*"): Keys '*' sent to object: 'Object Repository/ADMIN/Edit Text/Bespoke/Seller Pages/Add_Edit Item/input_The default language of the buyer pages is_popup-title2'

2020-03-20 10:33:56 - [MESSAGE][PASSED] - Keys '*' sent to object: 'Object Repository/ADMIN/Edit Text/Bespoke/Seller Pages/Add_Edit Item/input_The default language of the buyer pages is_popup-title2'

2020-03-20 10:33:56 - [TEST_STEP][PASSED] - sendKeys(findTestObject("ADMIN/Edit Text/Bespoke/Seller Pages/Add_Edit Item/input_We recommend you at least add a translation in that language_popup-title2"), "*"): Keys '*' sent to object: 'Object Repository/ADMIN/Edit Text/Bespoke/Seller Pages/Add_Edit Item/input_We recommend you at least add a translation in that language_popup-title2'

2020-03-20 10:33:56 - [MESSAGE][PASSED] - Keys '*' sent to object: 'Object Repository/ADMIN/Edit Text/Bespoke/Seller Pages/Add_Edit Item/input_We recommend you at least add a translation in that language_popup-title2'

2020-03-20 10:33:56 - [TEST_STEP][PASSED] - sendKeys(findTestObject("ADMIN/Edit Text/Bespoke/Seller Pages/Add_Edit Item/input_concat(I  ll do it later)_btn_okay"), "*"): Keys '*' sent to object: 'Object Repository/ADMIN/Edit Text/Bespoke/Seller Pages/Add_Edit Item/input_concat(I  ll do it later)_btn_okay'

2020-03-20 10:33:56 - [MESSAGE][PASSED] - Keys '*' sent to object: 'Object Repository/ADMIN/Edit Text/Bespoke/Seller Pages/Add_Edit Item/input_concat(I  ll do it later)_btn_okay'

2020-03-20 10:33:56 - [TEST_STEP][PASSED] - sendKeys(findTestObject("ADMIN/Edit Text/Bespoke/Seller Pages/Add_Edit Item/input_Add Translations_btn_okay"), "*"): Keys '*' sent to object: 'Object Repository/ADMIN/Edit Text/Bespoke/Seller Pages/Add_Edit Item/input_Add Translations_btn_okay'

2020-03-20 10:33:56 - [MESSAGE][PASSED] - Keys '*' sent to object: 'Object Repository/ADMIN/Edit Text/Bespoke/Seller Pages/Add_Edit Item/input_Add Translations_btn_okay'

2020-03-20 10:33:56 - [TEST_STEP][PASSED] - sendKeys(findTestObject("ADMIN/Edit Text/Bespoke/Seller Pages/Add_Edit Item/input_Edit Translations_btn_okay"), "*"): Keys '*' sent to object: 'Object Repository/ADMIN/Edit Text/Bespoke/Seller Pages/Add_Edit Item/input_Edit Translations_btn_okay'

2020-03-20 10:33:57 - [MESSAGE][PASSED] - Keys '*' sent to object: 'Object Repository/ADMIN/Edit Text/Bespoke/Seller Pages/Add_Edit Item/input_Edit Translations_btn_okay'

2020-03-20 10:33:57 - [TEST_STEP][PASSED] - click(findTestObject("ADMIN/Edit Text/Bespoke/Buyer Pages/Homepage/button_save"), CONTINUE_ON_FAILURE): Object: 'Object Repository/ADMIN/Edit Text/Bespoke/Buyer Pages/Homepage/button_save' is clicked on

2020-03-20 10:33:57 - [MESSAGE][PASSED] - Object: 'Object Repository/ADMIN/Edit Text/Bespoke/Buyer Pages/Homepage/button_save' is clicked on

2020-03-20 10:33:57 - [TEST_STEP][PASSED] - waitForElementVisible(findTestObject("ADMIN/Edit Text/Bespoke/Buyer Pages/Homepage/toaster_success"), 0): Object 'Object Repository/ADMIN/Edit Text/Bespoke/Buyer Pages/Homepage/toaster_success' is visible

2020-03-20 10:33:57 - [MESSAGE][WARNING] - Timeout '0' is invalid. Using default page load timeout: '30'

2020-03-20 10:33:57 - [MESSAGE][PASSED] - Object 'Object Repository/ADMIN/Edit Text/Bespoke/Buyer Pages/Homepage/toaster_success' is visible]]></system-out>
         <system-err><![CDATA[]]></system-err>
      </testcase>
      <testcase name="Test Cases/ADMIN/Language/Edit Text/Bespoke/Seller/Add_Edit Item" time="9.909" classname="Test Cases/ADMIN/Language/Edit Text/Bespoke/Seller/Add_Edit Item" status="PASSED">
         <system-out><![CDATA[2020-03-20 10:33:57 - [TEST_CASE][PASSED] - Test Cases/ADMIN/Language/Edit Text/Bespoke/Seller/Add_Edit Item: Test Cases/ADMIN/Language/Edit Text/Bespoke/Seller/Add_Edit Item

2020-03-20 10:33:57 - [TEST_STEP][PASSED] - waitForElementVisible(findTestObject("ADMIN/Edit Text/Bespoke/Buyer Navigation/dd_language"), 0): Object 'Object Repository/ADMIN/Edit Text/Bespoke/Buyer Navigation/dd_language' is visible

2020-03-20 10:33:57 - [MESSAGE][WARNING] - Timeout '0' is invalid. Using default page load timeout: '30'

2020-03-20 10:33:57 - [MESSAGE][PASSED] - Object 'Object Repository/ADMIN/Edit Text/Bespoke/Buyer Navigation/dd_language' is visible

2020-03-20 10:33:57 - [TEST_STEP][PASSED] - selectOptionByLabel(findTestObject("ADMIN/Edit Text/Bespoke/Buyer Navigation/dd_language"), varLanguage, false): All options with label 'Hebrew' are selected in object 'Object Repository/ADMIN/Edit Text/Bespoke/Buyer Navigation/dd_language' 

2020-03-20 10:33:58 - [MESSAGE][PASSED] - All options with label 'Hebrew' are selected in object 'Object Repository/ADMIN/Edit Text/Bespoke/Buyer Navigation/dd_language' 

2020-03-20 10:33:58 - [TEST_STEP][PASSED] - sendKeys(findTestObject("ADMIN/Edit Text/Bespoke/Seller Pages/Add_Edit Item/input_YOUR ITEMS_item_name"), "*"): Keys '*' sent to object: 'Object Repository/ADMIN/Edit Text/Bespoke/Seller Pages/Add_Edit Item/input_YOUR ITEMS_item_name'

2020-03-20 10:33:59 - [MESSAGE][PASSED] - Keys '*' sent to object: 'Object Repository/ADMIN/Edit Text/Bespoke/Seller Pages/Add_Edit Item/input_YOUR ITEMS_item_name'

2020-03-20 10:33:59 - [TEST_STEP][PASSED] - sendKeys(findTestObject("ADMIN/Edit Text/Bespoke/Seller Pages/Add_Edit Item/input_Fill in your item details here_item_details"), "*"): Keys '*' sent to object: 'Object Repository/ADMIN/Edit Text/Bespoke/Seller Pages/Add_Edit Item/input_Fill in your item details here_item_details'

2020-03-20 10:33:59 - [MESSAGE][PASSED] - Keys '*' sent to object: 'Object Repository/ADMIN/Edit Text/Bespoke/Seller Pages/Add_Edit Item/input_Fill in your item details here_item_details'

2020-03-20 10:33:59 - [TEST_STEP][PASSED] - sendKeys(findTestObject("ADMIN/Edit Text/Bespoke/Seller Pages/Add_Edit Item/input_Category_category"), "*"): Keys '*' sent to object: 'Object Repository/ADMIN/Edit Text/Bespoke/Seller Pages/Add_Edit Item/input_Category_category'

2020-03-20 10:33:59 - [MESSAGE][PASSED] - Keys '*' sent to object: 'Object Repository/ADMIN/Edit Text/Bespoke/Seller Pages/Add_Edit Item/input_Category_category'

2020-03-20 10:33:59 - [TEST_STEP][PASSED] - sendKeys(findTestObject("ADMIN/Edit Text/Bespoke/Seller Pages/Add_Edit Item/input_Select a Category_category"), "*"): Keys '*' sent to object: 'Object Repository/ADMIN/Edit Text/Bespoke/Seller Pages/Add_Edit Item/input_Select a Category_category'

2020-03-20 10:33:59 - [MESSAGE][PASSED] - Keys '*' sent to object: 'Object Repository/ADMIN/Edit Text/Bespoke/Seller Pages/Add_Edit Item/input_Select a Category_category'

2020-03-20 10:33:59 - [TEST_STEP][PASSED] - sendKeys(findTestObject("ADMIN/Edit Text/Bespoke/Seller Pages/Add_Edit Item/input_Item Name_item_name"), "*"): Keys '*' sent to object: 'Object Repository/ADMIN/Edit Text/Bespoke/Seller Pages/Add_Edit Item/input_Item Name_item_name'

2020-03-20 10:33:59 - [MESSAGE][PASSED] - Keys '*' sent to object: 'Object Repository/ADMIN/Edit Text/Bespoke/Seller Pages/Add_Edit Item/input_Item Name_item_name'

2020-03-20 10:33:59 - [TEST_STEP][PASSED] - sendKeys(findTestObject("ADMIN/Edit Text/Bespoke/Seller Pages/Add_Edit Item/input_Price_price"), "*"): Keys '*' sent to object: 'Object Repository/ADMIN/Edit Text/Bespoke/Seller Pages/Add_Edit Item/input_Price_price'

2020-03-20 10:33:59 - [MESSAGE][PASSED] - Keys '*' sent to object: 'Object Repository/ADMIN/Edit Text/Bespoke/Seller Pages/Add_Edit Item/input_Price_price'

2020-03-20 10:33:59 - [TEST_STEP][PASSED] - sendKeys(findTestObject("ADMIN/Edit Text/Bespoke/Seller Pages/Add_Edit Item/input_SELECT ALL_category"), "*"): Keys '*' sent to object: 'Object Repository/ADMIN/Edit Text/Bespoke/Seller Pages/Add_Edit Item/input_SELECT ALL_category'

2020-03-20 10:34:00 - [MESSAGE][PASSED] - Keys '*' sent to object: 'Object Repository/ADMIN/Edit Text/Bespoke/Seller Pages/Add_Edit Item/input_SELECT ALL_category'

2020-03-20 10:34:00 - [TEST_STEP][PASSED] - sendKeys(findTestObject("ADMIN/Edit Text/Bespoke/Seller Pages/Add_Edit Item/input_SELECT NONE_category"), "*"): Keys '*' sent to object: 'Object Repository/ADMIN/Edit Text/Bespoke/Seller Pages/Add_Edit Item/input_SELECT NONE_category'

2020-03-20 10:34:00 - [MESSAGE][PASSED] - Keys '*' sent to object: 'Object Repository/ADMIN/Edit Text/Bespoke/Seller Pages/Add_Edit Item/input_SELECT NONE_category'

2020-03-20 10:34:00 - [TEST_STEP][PASSED] - sendKeys(findTestObject("ADMIN/Edit Text/Bespoke/Seller Pages/Add_Edit Item/input_Item Description_item_description"), "*"): Keys '*' sent to object: 'Object Repository/ADMIN/Edit Text/Bespoke/Seller Pages/Add_Edit Item/input_Item Description_item_description'

2020-03-20 10:34:00 - [MESSAGE][PASSED] - Keys '*' sent to object: 'Object Repository/ADMIN/Edit Text/Bespoke/Seller Pages/Add_Edit Item/input_Item Description_item_description'

2020-03-20 10:34:00 - [TEST_STEP][PASSED] - sendKeys(findTestObject("ADMIN/Edit Text/Bespoke/Seller Pages/Add_Edit Item/input_ITEM COVER IMAGE_item_cover_image"), "*"): Keys '*' sent to object: 'Object Repository/ADMIN/Edit Text/Bespoke/Seller Pages/Add_Edit Item/input_ITEM COVER IMAGE_item_cover_image'

2020-03-20 10:34:00 - [MESSAGE][PASSED] - Keys '*' sent to object: 'Object Repository/ADMIN/Edit Text/Bespoke/Seller Pages/Add_Edit Item/input_ITEM COVER IMAGE_item_cover_image'

2020-03-20 10:34:00 - [TEST_STEP][PASSED] - sendKeys(findTestObject("ADMIN/Edit Text/Bespoke/Seller Pages/Add_Edit Item/input_ITEM COVER IMAGE_item_cover_details"), "*"): Keys '*' sent to object: 'Object Repository/ADMIN/Edit Text/Bespoke/Seller Pages/Add_Edit Item/input_ITEM COVER IMAGE_item_cover_details'

2020-03-20 10:34:00 - [MESSAGE][PASSED] - Keys '*' sent to object: 'Object Repository/ADMIN/Edit Text/Bespoke/Seller Pages/Add_Edit Item/input_ITEM COVER IMAGE_item_cover_details'

2020-03-20 10:34:00 - [TEST_STEP][PASSED] - sendKeys(findTestObject("ADMIN/Edit Text/Bespoke/Seller Pages/Add_Edit Item/input_BROWSE_browse_btn"), "*"): Keys '*' sent to object: 'Object Repository/ADMIN/Edit Text/Bespoke/Seller Pages/Add_Edit Item/input_BROWSE_browse_btn'

2020-03-20 10:34:00 - [MESSAGE][PASSED] - Keys '*' sent to object: 'Object Repository/ADMIN/Edit Text/Bespoke/Seller Pages/Add_Edit Item/input_BROWSE_browse_btn'

2020-03-20 10:34:00 - [TEST_STEP][PASSED] - sendKeys(findTestObject("ADMIN/Edit Text/Bespoke/Seller Pages/Add_Edit Item/input_Quantity_quantity"), "*"): Keys '*' sent to object: 'Object Repository/ADMIN/Edit Text/Bespoke/Seller Pages/Add_Edit Item/input_Quantity_quantity'

2020-03-20 10:34:00 - [MESSAGE][PASSED] - Keys '*' sent to object: 'Object Repository/ADMIN/Edit Text/Bespoke/Seller Pages/Add_Edit Item/input_Quantity_quantity'

2020-03-20 10:34:00 - [TEST_STEP][PASSED] - sendKeys(findTestObject("ADMIN/Edit Text/Bespoke/Seller Pages/Add_Edit Item/input_Unlimited Stock_unlimited_stock"), "*"): Keys '*' sent to object: 'Object Repository/ADMIN/Edit Text/Bespoke/Seller Pages/Add_Edit Item/input_Unlimited Stock_unlimited_stock'

2020-03-20 10:34:00 - [MESSAGE][PASSED] - Keys '*' sent to object: 'Object Repository/ADMIN/Edit Text/Bespoke/Seller Pages/Add_Edit Item/input_Unlimited Stock_unlimited_stock'

2020-03-20 10:34:00 - [TEST_STEP][PASSED] - sendKeys(findTestObject("ADMIN/Edit Text/Bespoke/Seller Pages/Add_Edit Item/input_YES_yes-txt"), "*"): Keys '*' sent to object: 'Object Repository/ADMIN/Edit Text/Bespoke/Seller Pages/Add_Edit Item/input_YES_yes-txt'

2020-03-20 10:34:01 - [MESSAGE][PASSED] - Keys '*' sent to object: 'Object Repository/ADMIN/Edit Text/Bespoke/Seller Pages/Add_Edit Item/input_YES_yes-txt'

2020-03-20 10:34:01 - [TEST_STEP][PASSED] - sendKeys(findTestObject("ADMIN/Edit Text/Bespoke/Seller Pages/Add_Edit Item/input_NO_no-txt"), "*"): Keys '*' sent to object: 'Object Repository/ADMIN/Edit Text/Bespoke/Seller Pages/Add_Edit Item/input_NO_no-txt'

2020-03-20 10:34:01 - [MESSAGE][PASSED] - Keys '*' sent to object: 'Object Repository/ADMIN/Edit Text/Bespoke/Seller Pages/Add_Edit Item/input_NO_no-txt'

2020-03-20 10:34:01 - [TEST_STEP][PASSED] - sendKeys(findTestObject("ADMIN/Edit Text/Bespoke/Seller Pages/Add_Edit Item/input_Variants_variants"), "*"): Keys '*' sent to object: 'Object Repository/ADMIN/Edit Text/Bespoke/Seller Pages/Add_Edit Item/input_Variants_variants'

2020-03-20 10:34:01 - [MESSAGE][PASSED] - Keys '*' sent to object: 'Object Repository/ADMIN/Edit Text/Bespoke/Seller Pages/Add_Edit Item/input_Variants_variants'

2020-03-20 10:34:01 - [TEST_STEP][PASSED] - sendKeys(findTestObject("ADMIN/Edit Text/Bespoke/Seller Pages/Add_Edit Item/input_Variant(s)_variant_s"), "*"): Keys '*' sent to object: 'Object Repository/ADMIN/Edit Text/Bespoke/Seller Pages/Add_Edit Item/input_Variant(s)_variant_s'

2020-03-20 10:34:01 - [MESSAGE][PASSED] - Keys '*' sent to object: 'Object Repository/ADMIN/Edit Text/Bespoke/Seller Pages/Add_Edit Item/input_Variant(s)_variant_s'

2020-03-20 10:34:01 - [TEST_STEP][PASSED] - sendKeys(findTestObject("ADMIN/Edit Text/Bespoke/Seller Pages/Add_Edit Item/input_Add up to 3 different available options for the item eg  Colour Size and Material_item_addUpto3Variants"), "*"): Keys '*' sent to object: 'Object Repository/ADMIN/Edit Text/Bespoke/Seller Pages/Add_Edit Item/input_Add up to 3 different available options for the item eg  Colour Size and Material_item_addUpto3Variants'

2020-03-20 10:34:01 - [MESSAGE][PASSED] - Keys '*' sent to object: 'Object Repository/ADMIN/Edit Text/Bespoke/Seller Pages/Add_Edit Item/input_Add up to 3 different available options for the item eg  Colour Size and Material_item_addUpto3Variants'

2020-03-20 10:34:01 - [TEST_STEP][PASSED] - sendKeys(findTestObject("ADMIN/Edit Text/Bespoke/Seller Pages/Add_Edit Item/input_Change_variants-change"), "*"): Keys '*' sent to object: 'Object Repository/ADMIN/Edit Text/Bespoke/Seller Pages/Add_Edit Item/input_Change_variants-change'

2020-03-20 10:34:01 - [MESSAGE][PASSED] - Keys '*' sent to object: 'Object Repository/ADMIN/Edit Text/Bespoke/Seller Pages/Add_Edit Item/input_Change_variants-change'

2020-03-20 10:34:01 - [TEST_STEP][PASSED] - sendKeys(findTestObject("ADMIN/Edit Text/Bespoke/Seller Pages/Add_Edit Item/input_Okay_variants-change"), "*"): Keys '*' sent to object: 'Object Repository/ADMIN/Edit Text/Bespoke/Seller Pages/Add_Edit Item/input_Okay_variants-change'

2020-03-20 10:34:02 - [MESSAGE][PASSED] - Keys '*' sent to object: 'Object Repository/ADMIN/Edit Text/Bespoke/Seller Pages/Add_Edit Item/input_Okay_variants-change'

2020-03-20 10:34:02 - [TEST_STEP][PASSED] - sendKeys(findTestObject("ADMIN/Edit Text/Bespoke/Seller Pages/Add_Edit Item/input_Cancel_variants-change"), "*"): Keys '*' sent to object: 'Object Repository/ADMIN/Edit Text/Bespoke/Seller Pages/Add_Edit Item/input_Cancel_variants-change'

2020-03-20 10:34:02 - [MESSAGE][PASSED] - Keys '*' sent to object: 'Object Repository/ADMIN/Edit Text/Bespoke/Seller Pages/Add_Edit Item/input_Cancel_variants-change'

2020-03-20 10:34:02 - [TEST_STEP][PASSED] - sendKeys(findTestObject("ADMIN/Edit Text/Bespoke/Seller Pages/Add_Edit Item/input_Add Variants_variants_btn"), "*"): Keys '*' sent to object: 'Object Repository/ADMIN/Edit Text/Bespoke/Seller Pages/Add_Edit Item/input_Add Variants_variants_btn'

2020-03-20 10:34:02 - [MESSAGE][PASSED] - Keys '*' sent to object: 'Object Repository/ADMIN/Edit Text/Bespoke/Seller Pages/Add_Edit Item/input_Add Variants_variants_btn'

2020-03-20 10:34:02 - [TEST_STEP][PASSED] - sendKeys(findTestObject("ADMIN/Edit Text/Bespoke/Seller Pages/Add_Edit Item/input_VARIANTS OPTIONS_option_name"), "*"): Keys '*' sent to object: 'Object Repository/ADMIN/Edit Text/Bespoke/Seller Pages/Add_Edit Item/input_VARIANTS OPTIONS_option_name'

2020-03-20 10:34:02 - [MESSAGE][PASSED] - Keys '*' sent to object: 'Object Repository/ADMIN/Edit Text/Bespoke/Seller Pages/Add_Edit Item/input_VARIANTS OPTIONS_option_name'

2020-03-20 10:34:02 - [TEST_STEP][PASSED] - sendKeys(findTestObject("ADMIN/Edit Text/Bespoke/Seller Pages/Add_Edit Item/input_VARIANTS CHOICES_option_choices"), "*"): Keys '*' sent to object: 'Object Repository/ADMIN/Edit Text/Bespoke/Seller Pages/Add_Edit Item/input_VARIANTS CHOICES_option_choices'

2020-03-20 10:34:02 - [MESSAGE][PASSED] - Keys '*' sent to object: 'Object Repository/ADMIN/Edit Text/Bespoke/Seller Pages/Add_Edit Item/input_VARIANTS CHOICES_option_choices'

2020-03-20 10:34:02 - [TEST_STEP][PASSED] - sendKeys(findTestObject("ADMIN/Edit Text/Bespoke/Seller Pages/Add_Edit Item/input_eg Colour_place_egcolour"), "*"): Keys '*' sent to object: 'Object Repository/ADMIN/Edit Text/Bespoke/Seller Pages/Add_Edit Item/input_eg Colour_place_egcolour'

2020-03-20 10:34:02 - [MESSAGE][PASSED] - Keys '*' sent to object: 'Object Repository/ADMIN/Edit Text/Bespoke/Seller Pages/Add_Edit Item/input_eg Colour_place_egcolour'

2020-03-20 10:34:02 - [TEST_STEP][PASSED] - sendKeys(findTestObject("ADMIN/Edit Text/Bespoke/Seller Pages/Add_Edit Item/input_eg Red_place_option"), "*"): Keys '*' sent to object: 'Object Repository/ADMIN/Edit Text/Bespoke/Seller Pages/Add_Edit Item/input_eg Red_place_option'

2020-03-20 10:34:02 - [MESSAGE][PASSED] - Keys '*' sent to object: 'Object Repository/ADMIN/Edit Text/Bespoke/Seller Pages/Add_Edit Item/input_eg Red_place_option'

2020-03-20 10:34:02 - [TEST_STEP][PASSED] - sendKeys(findTestObject("ADMIN/Edit Text/Bespoke/Seller Pages/Add_Edit Item/input_Color_place_colour"), "*"): Keys '*' sent to object: 'Object Repository/ADMIN/Edit Text/Bespoke/Seller Pages/Add_Edit Item/input_Color_place_colour'

2020-03-20 10:34:03 - [MESSAGE][PASSED] - Keys '*' sent to object: 'Object Repository/ADMIN/Edit Text/Bespoke/Seller Pages/Add_Edit Item/input_Color_place_colour'

2020-03-20 10:34:03 - [TEST_STEP][PASSED] - sendKeys(findTestObject("ADMIN/Edit Text/Bespoke/Seller Pages/Add_Edit Item/input_Red_place_option"), "*"): Keys '*' sent to object: 'Object Repository/ADMIN/Edit Text/Bespoke/Seller Pages/Add_Edit Item/input_Red_place_option'

2020-03-20 10:34:03 - [MESSAGE][PASSED] - Keys '*' sent to object: 'Object Repository/ADMIN/Edit Text/Bespoke/Seller Pages/Add_Edit Item/input_Red_place_option'

2020-03-20 10:34:03 - [TEST_STEP][PASSED] - sendKeys(findTestObject("ADMIN/Edit Text/Bespoke/Seller Pages/Add_Edit Item/input_Image_tbl_lbe_img"), "*"): Keys '*' sent to object: 'Object Repository/ADMIN/Edit Text/Bespoke/Seller Pages/Add_Edit Item/input_Image_tbl_lbe_img'

2020-03-20 10:34:03 - [MESSAGE][PASSED] - Keys '*' sent to object: 'Object Repository/ADMIN/Edit Text/Bespoke/Seller Pages/Add_Edit Item/input_Image_tbl_lbe_img'

2020-03-20 10:34:03 - [TEST_STEP][PASSED] - sendKeys(findTestObject("ADMIN/Edit Text/Bespoke/Seller Pages/Add_Edit Item/input_Same Image_tbl_lbe_same_img"), "*"): Keys '*' sent to object: 'Object Repository/ADMIN/Edit Text/Bespoke/Seller Pages/Add_Edit Item/input_Same Image_tbl_lbe_same_img'

2020-03-20 10:34:03 - [MESSAGE][PASSED] - Keys '*' sent to object: 'Object Repository/ADMIN/Edit Text/Bespoke/Seller Pages/Add_Edit Item/input_Same Image_tbl_lbe_same_img'

2020-03-20 10:34:03 - [TEST_STEP][PASSED] - sendKeys(findTestObject("ADMIN/Edit Text/Bespoke/Seller Pages/Add_Edit Item/input_Surcharge_tbl_lbe_surcharge"), "*"): Keys '*' sent to object: 'Object Repository/ADMIN/Edit Text/Bespoke/Seller Pages/Add_Edit Item/input_Surcharge_tbl_lbe_surcharge'

2020-03-20 10:34:03 - [MESSAGE][PASSED] - Keys '*' sent to object: 'Object Repository/ADMIN/Edit Text/Bespoke/Seller Pages/Add_Edit Item/input_Surcharge_tbl_lbe_surcharge'

2020-03-20 10:34:03 - [TEST_STEP][PASSED] - sendKeys(findTestObject("ADMIN/Edit Text/Bespoke/Seller Pages/Add_Edit Item/input_Total Price_tbl_lbe_price"), "*"): Keys '*' sent to object: 'Object Repository/ADMIN/Edit Text/Bespoke/Seller Pages/Add_Edit Item/input_Total Price_tbl_lbe_price'

2020-03-20 10:34:04 - [MESSAGE][PASSED] - Keys '*' sent to object: 'Object Repository/ADMIN/Edit Text/Bespoke/Seller Pages/Add_Edit Item/input_Total Price_tbl_lbe_price'

2020-03-20 10:34:04 - [TEST_STEP][PASSED] - sendKeys(findTestObject("ADMIN/Edit Text/Bespoke/Seller Pages/Add_Edit Item/input_Stock_tbl_lbe_stock"), "*"): Keys '*' sent to object: 'Object Repository/ADMIN/Edit Text/Bespoke/Seller Pages/Add_Edit Item/input_Stock_tbl_lbe_stock'

2020-03-20 10:34:04 - [MESSAGE][PASSED] - Keys '*' sent to object: 'Object Repository/ADMIN/Edit Text/Bespoke/Seller Pages/Add_Edit Item/input_Stock_tbl_lbe_stock'

2020-03-20 10:34:04 - [TEST_STEP][PASSED] - sendKeys(findTestObject("ADMIN/Edit Text/Bespoke/Seller Pages/Add_Edit Item/input_Unlimited_tbl_lbe_unlimited"), "*"): Keys '*' sent to object: 'Object Repository/ADMIN/Edit Text/Bespoke/Seller Pages/Add_Edit Item/input_Unlimited_tbl_lbe_unlimited'

2020-03-20 10:34:04 - [MESSAGE][PASSED] - Keys '*' sent to object: 'Object Repository/ADMIN/Edit Text/Bespoke/Seller Pages/Add_Edit Item/input_Unlimited_tbl_lbe_unlimited'

2020-03-20 10:34:04 - [TEST_STEP][PASSED] - sendKeys(findTestObject("ADMIN/Edit Text/Bespoke/Seller Pages/Add_Edit Item/input_DELIVERY OPTIONS_delivery_options"), "*"): Keys '*' sent to object: 'Object Repository/ADMIN/Edit Text/Bespoke/Seller Pages/Add_Edit Item/input_DELIVERY OPTIONS_delivery_options'

2020-03-20 10:34:04 - [MESSAGE][PASSED] - Keys '*' sent to object: 'Object Repository/ADMIN/Edit Text/Bespoke/Seller Pages/Add_Edit Item/input_DELIVERY OPTIONS_delivery_options'

2020-03-20 10:34:04 - [TEST_STEP][PASSED] - sendKeys(findTestObject("ADMIN/Edit Text/Bespoke/Seller Pages/Add_Edit Item/input_DELIVERY OPTIONS_delivery-txt2"), "*"): Keys '*' sent to object: 'Object Repository/ADMIN/Edit Text/Bespoke/Seller Pages/Add_Edit Item/input_DELIVERY OPTIONS_delivery-txt2'

2020-03-20 10:34:04 - [MESSAGE][PASSED] - Keys '*' sent to object: 'Object Repository/ADMIN/Edit Text/Bespoke/Seller Pages/Add_Edit Item/input_DELIVERY OPTIONS_delivery-txt2'

2020-03-20 10:34:04 - [TEST_STEP][PASSED] - sendKeys(findTestObject("ADMIN/Edit Text/Bespoke/Seller Pages/Add_Edit Item/input_Offer reduced shipping costs to buyers when they buy more than one item from you_delivery-txt2"), "*"): Keys '*' sent to object: 'Object Repository/ADMIN/Edit Text/Bespoke/Seller Pages/Add_Edit Item/input_Offer reduced shipping costs to buyers when they buy more than one item from you_delivery-txt2'

2020-03-20 10:34:04 - [MESSAGE][PASSED] - Keys '*' sent to object: 'Object Repository/ADMIN/Edit Text/Bespoke/Seller Pages/Add_Edit Item/input_Offer reduced shipping costs to buyers when they buy more than one item from you_delivery-txt2'

2020-03-20 10:34:04 - [TEST_STEP][PASSED] - sendKeys(findTestObject("ADMIN/Edit Text/Bespoke/Seller Pages/Add_Edit Item/input_total delivery"), "*"): Keys '*' sent to object: 'Object Repository/ADMIN/Edit Text/Bespoke/Seller Pages/Add_Edit Item/input_total delivery'

2020-03-20 10:34:04 - [MESSAGE][PASSED] - Keys '*' sent to object: 'Object Repository/ADMIN/Edit Text/Bespoke/Seller Pages/Add_Edit Item/input_total delivery'

2020-03-20 10:34:04 - [TEST_STEP][PASSED] - sendKeys(findTestObject("ADMIN/Edit Text/Bespoke/Seller Pages/Add_Edit Item/input_DELIVERY SERVICE_delivery_service"), "*"): Keys '*' sent to object: 'Object Repository/ADMIN/Edit Text/Bespoke/Seller Pages/Add_Edit Item/input_DELIVERY SERVICE_delivery_service'

2020-03-20 10:34:04 - [MESSAGE][PASSED] - Keys '*' sent to object: 'Object Repository/ADMIN/Edit Text/Bespoke/Seller Pages/Add_Edit Item/input_DELIVERY SERVICE_delivery_service'

2020-03-20 10:34:04 - [TEST_STEP][PASSED] - sendKeys(findTestObject("ADMIN/Edit Text/Bespoke/Seller Pages/Add_Edit Item/input_SINGLE ITEM DELIVERY (A)_delivery_surchrge"), "*"): Keys '*' sent to object: 'Object Repository/ADMIN/Edit Text/Bespoke/Seller Pages/Add_Edit Item/input_SINGLE ITEM DELIVERY (A)_delivery_surchrge'

2020-03-20 10:34:05 - [MESSAGE][PASSED] - Keys '*' sent to object: 'Object Repository/ADMIN/Edit Text/Bespoke/Seller Pages/Add_Edit Item/input_SINGLE ITEM DELIVERY (A)_delivery_surchrge'

2020-03-20 10:34:05 - [TEST_STEP][PASSED] - sendKeys(findTestObject("ADMIN/Edit Text/Bespoke/Seller Pages/Add_Edit Item/input_SINGLE ITEM (A)_additional_item"), "*"): Keys '*' sent to object: 'Object Repository/ADMIN/Edit Text/Bespoke/Seller Pages/Add_Edit Item/input_SINGLE ITEM (A)_additional_item'

2020-03-20 10:34:05 - [MESSAGE][PASSED] - Keys '*' sent to object: 'Object Repository/ADMIN/Edit Text/Bespoke/Seller Pages/Add_Edit Item/input_SINGLE ITEM (A)_additional_item'

2020-03-20 10:34:05 - [TEST_STEP][PASSED] - sendKeys(findTestObject("ADMIN/Edit Text/Bespoke/Seller Pages/Add_Edit Item/input_WITH OTHER ITEM (B)_additional_item"), "*"): Keys '*' sent to object: 'Object Repository/ADMIN/Edit Text/Bespoke/Seller Pages/Add_Edit Item/input_WITH OTHER ITEM (B)_additional_item'

2020-03-20 10:34:05 - [MESSAGE][PASSED] - Keys '*' sent to object: 'Object Repository/ADMIN/Edit Text/Bespoke/Seller Pages/Add_Edit Item/input_WITH OTHER ITEM (B)_additional_item'

2020-03-20 10:34:05 - [TEST_STEP][PASSED] - sendKeys(findTestObject("ADMIN/Edit Text/Bespoke/Seller Pages/Add_Edit Item/input_ADD NEW_btn_add_new"), "*"): Keys '*' sent to object: 'Object Repository/ADMIN/Edit Text/Bespoke/Seller Pages/Add_Edit Item/input_ADD NEW_btn_add_new'

2020-03-20 10:34:05 - [MESSAGE][PASSED] - Keys '*' sent to object: 'Object Repository/ADMIN/Edit Text/Bespoke/Seller Pages/Add_Edit Item/input_ADD NEW_btn_add_new'

2020-03-20 10:34:05 - [TEST_STEP][PASSED] - sendKeys(findTestObject("ADMIN/Edit Text/Bespoke/Seller Pages/Add_Edit Item/input_PICK-UP LOCATION_location_service"), "*"): Keys '*' sent to object: 'Object Repository/ADMIN/Edit Text/Bespoke/Seller Pages/Add_Edit Item/input_PICK-UP LOCATION_location_service'

2020-03-20 10:34:05 - [MESSAGE][PASSED] - Keys '*' sent to object: 'Object Repository/ADMIN/Edit Text/Bespoke/Seller Pages/Add_Edit Item/input_PICK-UP LOCATION_location_service'

2020-03-20 10:34:05 - [TEST_STEP][PASSED] - sendKeys(findTestObject("ADMIN/Edit Text/Bespoke/Seller Pages/Add_Edit Item/textarea_Please provide the address where the item may be collected by the buyer(You must select at least one delivery option or pickup location)"), "*"): Keys '*' sent to object: 'Object Repository/ADMIN/Edit Text/Bespoke/Seller Pages/Add_Edit Item/textarea_Please provide the address where the item may be collected by the buyer(You must select at least one delivery option or pickup location)'

2020-03-20 10:34:05 - [MESSAGE][PASSED] - Keys '*' sent to object: 'Object Repository/ADMIN/Edit Text/Bespoke/Seller Pages/Add_Edit Item/textarea_Please provide the address where the item may be collected by the buyer(You must select at least one delivery option or pickup location)'

2020-03-20 10:34:05 - [TEST_STEP][PASSED] - sendKeys(findTestObject("ADMIN/Edit Text/Bespoke/Seller Pages/Add_Edit Item/input_PICKUP LOCATION ADDRESS_location_address"), "*"): Keys '*' sent to object: 'Object Repository/ADMIN/Edit Text/Bespoke/Seller Pages/Add_Edit Item/input_PICKUP LOCATION ADDRESS_location_address'

2020-03-20 10:34:05 - [MESSAGE][PASSED] - Keys '*' sent to object: 'Object Repository/ADMIN/Edit Text/Bespoke/Seller Pages/Add_Edit Item/input_PICKUP LOCATION ADDRESS_location_address'

2020-03-20 10:34:05 - [TEST_STEP][PASSED] - sendKeys(findTestObject("ADMIN/Edit Text/Bespoke/Seller Pages/Add_Edit Item/input_add new 2"), "*"): Keys '*' sent to object: 'Object Repository/ADMIN/Edit Text/Bespoke/Seller Pages/Add_Edit Item/input_add new 2'

2020-03-20 10:34:05 - [MESSAGE][PASSED] - Keys '*' sent to object: 'Object Repository/ADMIN/Edit Text/Bespoke/Seller Pages/Add_Edit Item/input_add new 2'

2020-03-20 10:34:05 - [TEST_STEP][PASSED] - sendKeys(findTestObject("ADMIN/Edit Text/Bespoke/Seller Pages/Add_Edit Item/input_SAVE_btn_save"), "*"): Keys '*' sent to object: 'Object Repository/ADMIN/Edit Text/Bespoke/Seller Pages/Add_Edit Item/input_SAVE_btn_save'

2020-03-20 10:34:06 - [MESSAGE][PASSED] - Keys '*' sent to object: 'Object Repository/ADMIN/Edit Text/Bespoke/Seller Pages/Add_Edit Item/input_SAVE_btn_save'

2020-03-20 10:34:06 - [TEST_STEP][PASSED] - sendKeys(findTestObject("ADMIN/Edit Text/Bespoke/Seller Pages/Add_Edit Item/input_Item Saved_popup-title"), "*"): Keys '*' sent to object: 'Object Repository/ADMIN/Edit Text/Bespoke/Seller Pages/Add_Edit Item/input_Item Saved_popup-title'

2020-03-20 10:34:06 - [MESSAGE][PASSED] - Keys '*' sent to object: 'Object Repository/ADMIN/Edit Text/Bespoke/Seller Pages/Add_Edit Item/input_Item Saved_popup-title'

2020-03-20 10:34:06 - [TEST_STEP][PASSED] - sendKeys(findTestObject("ADMIN/Edit Text/Bespoke/Seller Pages/Add_Edit Item/input_This item has been saved in_popup-title2"), "*"): Keys '*' sent to object: 'Object Repository/ADMIN/Edit Text/Bespoke/Seller Pages/Add_Edit Item/input_This item has been saved in_popup-title2'

2020-03-20 10:34:06 - [MESSAGE][PASSED] - Keys '*' sent to object: 'Object Repository/ADMIN/Edit Text/Bespoke/Seller Pages/Add_Edit Item/input_This item has been saved in_popup-title2'

2020-03-20 10:34:06 - [TEST_STEP][PASSED] - sendKeys(findTestObject("ADMIN/Edit Text/Bespoke/Seller Pages/Add_Edit Item/input_The default language of the buyer pages is_popup-title2"), "*"): Keys '*' sent to object: 'Object Repository/ADMIN/Edit Text/Bespoke/Seller Pages/Add_Edit Item/input_The default language of the buyer pages is_popup-title2'

2020-03-20 10:34:06 - [MESSAGE][PASSED] - Keys '*' sent to object: 'Object Repository/ADMIN/Edit Text/Bespoke/Seller Pages/Add_Edit Item/input_The default language of the buyer pages is_popup-title2'

2020-03-20 10:34:06 - [TEST_STEP][PASSED] - sendKeys(findTestObject("ADMIN/Edit Text/Bespoke/Seller Pages/Add_Edit Item/input_We recommend you at least add a translation in that language_popup-title2"), "*"): Keys '*' sent to object: 'Object Repository/ADMIN/Edit Text/Bespoke/Seller Pages/Add_Edit Item/input_We recommend you at least add a translation in that language_popup-title2'

2020-03-20 10:34:06 - [MESSAGE][PASSED] - Keys '*' sent to object: 'Object Repository/ADMIN/Edit Text/Bespoke/Seller Pages/Add_Edit Item/input_We recommend you at least add a translation in that language_popup-title2'

2020-03-20 10:34:06 - [TEST_STEP][PASSED] - sendKeys(findTestObject("ADMIN/Edit Text/Bespoke/Seller Pages/Add_Edit Item/input_concat(I  ll do it later)_btn_okay"), "*"): Keys '*' sent to object: 'Object Repository/ADMIN/Edit Text/Bespoke/Seller Pages/Add_Edit Item/input_concat(I  ll do it later)_btn_okay'

2020-03-20 10:34:06 - [MESSAGE][PASSED] - Keys '*' sent to object: 'Object Repository/ADMIN/Edit Text/Bespoke/Seller Pages/Add_Edit Item/input_concat(I  ll do it later)_btn_okay'

2020-03-20 10:34:06 - [TEST_STEP][PASSED] - sendKeys(findTestObject("ADMIN/Edit Text/Bespoke/Seller Pages/Add_Edit Item/input_Add Translations_btn_okay"), "*"): Keys '*' sent to object: 'Object Repository/ADMIN/Edit Text/Bespoke/Seller Pages/Add_Edit Item/input_Add Translations_btn_okay'

2020-03-20 10:34:06 - [MESSAGE][PASSED] - Keys '*' sent to object: 'Object Repository/ADMIN/Edit Text/Bespoke/Seller Pages/Add_Edit Item/input_Add Translations_btn_okay'

2020-03-20 10:34:06 - [TEST_STEP][PASSED] - sendKeys(findTestObject("ADMIN/Edit Text/Bespoke/Seller Pages/Add_Edit Item/input_Edit Translations_btn_okay"), "*"): Keys '*' sent to object: 'Object Repository/ADMIN/Edit Text/Bespoke/Seller Pages/Add_Edit Item/input_Edit Translations_btn_okay'

2020-03-20 10:34:06 - [MESSAGE][PASSED] - Keys '*' sent to object: 'Object Repository/ADMIN/Edit Text/Bespoke/Seller Pages/Add_Edit Item/input_Edit Translations_btn_okay'

2020-03-20 10:34:06 - [TEST_STEP][PASSED] - click(findTestObject("ADMIN/Edit Text/Bespoke/Buyer Pages/Homepage/button_save"), CONTINUE_ON_FAILURE): Object: 'Object Repository/ADMIN/Edit Text/Bespoke/Buyer Pages/Homepage/button_save' is clicked on

2020-03-20 10:34:07 - [MESSAGE][PASSED] - Object: 'Object Repository/ADMIN/Edit Text/Bespoke/Buyer Pages/Homepage/button_save' is clicked on

2020-03-20 10:34:07 - [TEST_STEP][PASSED] - waitForElementVisible(findTestObject("ADMIN/Edit Text/Bespoke/Buyer Pages/Homepage/toaster_success"), 0): Object 'Object Repository/ADMIN/Edit Text/Bespoke/Buyer Pages/Homepage/toaster_success' is visible

2020-03-20 10:34:07 - [MESSAGE][WARNING] - Timeout '0' is invalid. Using default page load timeout: '30'

2020-03-20 10:34:07 - [MESSAGE][PASSED] - Object 'Object Repository/ADMIN/Edit Text/Bespoke/Buyer Pages/Homepage/toaster_success' is visible]]></system-out>
         <system-err><![CDATA[]]></system-err>
      </testcase>
      <testcase name="Test Cases/ADMIN/Language/Edit Text/Bespoke/Seller/Add_Edit Item" time="9.575" classname="Test Cases/ADMIN/Language/Edit Text/Bespoke/Seller/Add_Edit Item" status="PASSED">
         <system-out><![CDATA[2020-03-20 10:34:07 - [TEST_CASE][PASSED] - Test Cases/ADMIN/Language/Edit Text/Bespoke/Seller/Add_Edit Item: Test Cases/ADMIN/Language/Edit Text/Bespoke/Seller/Add_Edit Item

2020-03-20 10:34:07 - [TEST_STEP][PASSED] - waitForElementVisible(findTestObject("ADMIN/Edit Text/Bespoke/Buyer Navigation/dd_language"), 0): Object 'Object Repository/ADMIN/Edit Text/Bespoke/Buyer Navigation/dd_language' is visible

2020-03-20 10:34:07 - [MESSAGE][WARNING] - Timeout '0' is invalid. Using default page load timeout: '30'

2020-03-20 10:34:07 - [MESSAGE][PASSED] - Object 'Object Repository/ADMIN/Edit Text/Bespoke/Buyer Navigation/dd_language' is visible

2020-03-20 10:34:07 - [TEST_STEP][PASSED] - selectOptionByLabel(findTestObject("ADMIN/Edit Text/Bespoke/Buyer Navigation/dd_language"), varLanguage, false): All options with label 'English' are selected in object 'Object Repository/ADMIN/Edit Text/Bespoke/Buyer Navigation/dd_language' 

2020-03-20 10:34:09 - [MESSAGE][PASSED] - All options with label 'English' are selected in object 'Object Repository/ADMIN/Edit Text/Bespoke/Buyer Navigation/dd_language' 

2020-03-20 10:34:09 - [TEST_STEP][PASSED] - sendKeys(findTestObject("ADMIN/Edit Text/Bespoke/Seller Pages/Add_Edit Item/input_YOUR ITEMS_item_name"), "*"): Keys '*' sent to object: 'Object Repository/ADMIN/Edit Text/Bespoke/Seller Pages/Add_Edit Item/input_YOUR ITEMS_item_name'

2020-03-20 10:34:09 - [MESSAGE][PASSED] - Keys '*' sent to object: 'Object Repository/ADMIN/Edit Text/Bespoke/Seller Pages/Add_Edit Item/input_YOUR ITEMS_item_name'

2020-03-20 10:34:09 - [TEST_STEP][PASSED] - sendKeys(findTestObject("ADMIN/Edit Text/Bespoke/Seller Pages/Add_Edit Item/input_Fill in your item details here_item_details"), "*"): Keys '*' sent to object: 'Object Repository/ADMIN/Edit Text/Bespoke/Seller Pages/Add_Edit Item/input_Fill in your item details here_item_details'

2020-03-20 10:34:09 - [MESSAGE][PASSED] - Keys '*' sent to object: 'Object Repository/ADMIN/Edit Text/Bespoke/Seller Pages/Add_Edit Item/input_Fill in your item details here_item_details'

2020-03-20 10:34:09 - [TEST_STEP][PASSED] - sendKeys(findTestObject("ADMIN/Edit Text/Bespoke/Seller Pages/Add_Edit Item/input_Category_category"), "*"): Keys '*' sent to object: 'Object Repository/ADMIN/Edit Text/Bespoke/Seller Pages/Add_Edit Item/input_Category_category'

2020-03-20 10:34:09 - [MESSAGE][PASSED] - Keys '*' sent to object: 'Object Repository/ADMIN/Edit Text/Bespoke/Seller Pages/Add_Edit Item/input_Category_category'

2020-03-20 10:34:09 - [TEST_STEP][PASSED] - sendKeys(findTestObject("ADMIN/Edit Text/Bespoke/Seller Pages/Add_Edit Item/input_Select a Category_category"), "*"): Keys '*' sent to object: 'Object Repository/ADMIN/Edit Text/Bespoke/Seller Pages/Add_Edit Item/input_Select a Category_category'

2020-03-20 10:34:09 - [MESSAGE][PASSED] - Keys '*' sent to object: 'Object Repository/ADMIN/Edit Text/Bespoke/Seller Pages/Add_Edit Item/input_Select a Category_category'

2020-03-20 10:34:09 - [TEST_STEP][PASSED] - sendKeys(findTestObject("ADMIN/Edit Text/Bespoke/Seller Pages/Add_Edit Item/input_Item Name_item_name"), "*"): Keys '*' sent to object: 'Object Repository/ADMIN/Edit Text/Bespoke/Seller Pages/Add_Edit Item/input_Item Name_item_name'

2020-03-20 10:34:09 - [MESSAGE][PASSED] - Keys '*' sent to object: 'Object Repository/ADMIN/Edit Text/Bespoke/Seller Pages/Add_Edit Item/input_Item Name_item_name'

2020-03-20 10:34:09 - [TEST_STEP][PASSED] - sendKeys(findTestObject("ADMIN/Edit Text/Bespoke/Seller Pages/Add_Edit Item/input_Price_price"), "*"): Keys '*' sent to object: 'Object Repository/ADMIN/Edit Text/Bespoke/Seller Pages/Add_Edit Item/input_Price_price'

2020-03-20 10:34:09 - [MESSAGE][PASSED] - Keys '*' sent to object: 'Object Repository/ADMIN/Edit Text/Bespoke/Seller Pages/Add_Edit Item/input_Price_price'

2020-03-20 10:34:09 - [TEST_STEP][PASSED] - sendKeys(findTestObject("ADMIN/Edit Text/Bespoke/Seller Pages/Add_Edit Item/input_SELECT ALL_category"), "*"): Keys '*' sent to object: 'Object Repository/ADMIN/Edit Text/Bespoke/Seller Pages/Add_Edit Item/input_SELECT ALL_category'

2020-03-20 10:34:10 - [MESSAGE][PASSED] - Keys '*' sent to object: 'Object Repository/ADMIN/Edit Text/Bespoke/Seller Pages/Add_Edit Item/input_SELECT ALL_category'

2020-03-20 10:34:10 - [TEST_STEP][PASSED] - sendKeys(findTestObject("ADMIN/Edit Text/Bespoke/Seller Pages/Add_Edit Item/input_SELECT NONE_category"), "*"): Keys '*' sent to object: 'Object Repository/ADMIN/Edit Text/Bespoke/Seller Pages/Add_Edit Item/input_SELECT NONE_category'

2020-03-20 10:34:10 - [MESSAGE][PASSED] - Keys '*' sent to object: 'Object Repository/ADMIN/Edit Text/Bespoke/Seller Pages/Add_Edit Item/input_SELECT NONE_category'

2020-03-20 10:34:10 - [TEST_STEP][PASSED] - sendKeys(findTestObject("ADMIN/Edit Text/Bespoke/Seller Pages/Add_Edit Item/input_Item Description_item_description"), "*"): Keys '*' sent to object: 'Object Repository/ADMIN/Edit Text/Bespoke/Seller Pages/Add_Edit Item/input_Item Description_item_description'

2020-03-20 10:34:10 - [MESSAGE][PASSED] - Keys '*' sent to object: 'Object Repository/ADMIN/Edit Text/Bespoke/Seller Pages/Add_Edit Item/input_Item Description_item_description'

2020-03-20 10:34:10 - [TEST_STEP][PASSED] - sendKeys(findTestObject("ADMIN/Edit Text/Bespoke/Seller Pages/Add_Edit Item/input_ITEM COVER IMAGE_item_cover_image"), "*"): Keys '*' sent to object: 'Object Repository/ADMIN/Edit Text/Bespoke/Seller Pages/Add_Edit Item/input_ITEM COVER IMAGE_item_cover_image'

2020-03-20 10:34:10 - [MESSAGE][PASSED] - Keys '*' sent to object: 'Object Repository/ADMIN/Edit Text/Bespoke/Seller Pages/Add_Edit Item/input_ITEM COVER IMAGE_item_cover_image'

2020-03-20 10:34:10 - [TEST_STEP][PASSED] - sendKeys(findTestObject("ADMIN/Edit Text/Bespoke/Seller Pages/Add_Edit Item/input_ITEM COVER IMAGE_item_cover_details"), "*"): Keys '*' sent to object: 'Object Repository/ADMIN/Edit Text/Bespoke/Seller Pages/Add_Edit Item/input_ITEM COVER IMAGE_item_cover_details'

2020-03-20 10:34:10 - [MESSAGE][PASSED] - Keys '*' sent to object: 'Object Repository/ADMIN/Edit Text/Bespoke/Seller Pages/Add_Edit Item/input_ITEM COVER IMAGE_item_cover_details'

2020-03-20 10:34:10 - [TEST_STEP][PASSED] - sendKeys(findTestObject("ADMIN/Edit Text/Bespoke/Seller Pages/Add_Edit Item/input_BROWSE_browse_btn"), "*"): Keys '*' sent to object: 'Object Repository/ADMIN/Edit Text/Bespoke/Seller Pages/Add_Edit Item/input_BROWSE_browse_btn'

2020-03-20 10:34:10 - [MESSAGE][PASSED] - Keys '*' sent to object: 'Object Repository/ADMIN/Edit Text/Bespoke/Seller Pages/Add_Edit Item/input_BROWSE_browse_btn'

2020-03-20 10:34:10 - [TEST_STEP][PASSED] - sendKeys(findTestObject("ADMIN/Edit Text/Bespoke/Seller Pages/Add_Edit Item/input_Quantity_quantity"), "*"): Keys '*' sent to object: 'Object Repository/ADMIN/Edit Text/Bespoke/Seller Pages/Add_Edit Item/input_Quantity_quantity'

2020-03-20 10:34:10 - [MESSAGE][PASSED] - Keys '*' sent to object: 'Object Repository/ADMIN/Edit Text/Bespoke/Seller Pages/Add_Edit Item/input_Quantity_quantity'

2020-03-20 10:34:10 - [TEST_STEP][PASSED] - sendKeys(findTestObject("ADMIN/Edit Text/Bespoke/Seller Pages/Add_Edit Item/input_Unlimited Stock_unlimited_stock"), "*"): Keys '*' sent to object: 'Object Repository/ADMIN/Edit Text/Bespoke/Seller Pages/Add_Edit Item/input_Unlimited Stock_unlimited_stock'

2020-03-20 10:34:11 - [MESSAGE][PASSED] - Keys '*' sent to object: 'Object Repository/ADMIN/Edit Text/Bespoke/Seller Pages/Add_Edit Item/input_Unlimited Stock_unlimited_stock'

2020-03-20 10:34:11 - [TEST_STEP][PASSED] - sendKeys(findTestObject("ADMIN/Edit Text/Bespoke/Seller Pages/Add_Edit Item/input_YES_yes-txt"), "*"): Keys '*' sent to object: 'Object Repository/ADMIN/Edit Text/Bespoke/Seller Pages/Add_Edit Item/input_YES_yes-txt'

2020-03-20 10:34:11 - [MESSAGE][PASSED] - Keys '*' sent to object: 'Object Repository/ADMIN/Edit Text/Bespoke/Seller Pages/Add_Edit Item/input_YES_yes-txt'

2020-03-20 10:34:11 - [TEST_STEP][PASSED] - sendKeys(findTestObject("ADMIN/Edit Text/Bespoke/Seller Pages/Add_Edit Item/input_NO_no-txt"), "*"): Keys '*' sent to object: 'Object Repository/ADMIN/Edit Text/Bespoke/Seller Pages/Add_Edit Item/input_NO_no-txt'

2020-03-20 10:34:11 - [MESSAGE][PASSED] - Keys '*' sent to object: 'Object Repository/ADMIN/Edit Text/Bespoke/Seller Pages/Add_Edit Item/input_NO_no-txt'

2020-03-20 10:34:11 - [TEST_STEP][PASSED] - sendKeys(findTestObject("ADMIN/Edit Text/Bespoke/Seller Pages/Add_Edit Item/input_Variants_variants"), "*"): Keys '*' sent to object: 'Object Repository/ADMIN/Edit Text/Bespoke/Seller Pages/Add_Edit Item/input_Variants_variants'

2020-03-20 10:34:11 - [MESSAGE][PASSED] - Keys '*' sent to object: 'Object Repository/ADMIN/Edit Text/Bespoke/Seller Pages/Add_Edit Item/input_Variants_variants'

2020-03-20 10:34:11 - [TEST_STEP][PASSED] - sendKeys(findTestObject("ADMIN/Edit Text/Bespoke/Seller Pages/Add_Edit Item/input_Variant(s)_variant_s"), "*"): Keys '*' sent to object: 'Object Repository/ADMIN/Edit Text/Bespoke/Seller Pages/Add_Edit Item/input_Variant(s)_variant_s'

2020-03-20 10:34:11 - [MESSAGE][PASSED] - Keys '*' sent to object: 'Object Repository/ADMIN/Edit Text/Bespoke/Seller Pages/Add_Edit Item/input_Variant(s)_variant_s'

2020-03-20 10:34:11 - [TEST_STEP][PASSED] - sendKeys(findTestObject("ADMIN/Edit Text/Bespoke/Seller Pages/Add_Edit Item/input_Add up to 3 different available options for the item eg  Colour Size and Material_item_addUpto3Variants"), "*"): Keys '*' sent to object: 'Object Repository/ADMIN/Edit Text/Bespoke/Seller Pages/Add_Edit Item/input_Add up to 3 different available options for the item eg  Colour Size and Material_item_addUpto3Variants'

2020-03-20 10:34:11 - [MESSAGE][PASSED] - Keys '*' sent to object: 'Object Repository/ADMIN/Edit Text/Bespoke/Seller Pages/Add_Edit Item/input_Add up to 3 different available options for the item eg  Colour Size and Material_item_addUpto3Variants'

2020-03-20 10:34:11 - [TEST_STEP][PASSED] - sendKeys(findTestObject("ADMIN/Edit Text/Bespoke/Seller Pages/Add_Edit Item/input_Change_variants-change"), "*"): Keys '*' sent to object: 'Object Repository/ADMIN/Edit Text/Bespoke/Seller Pages/Add_Edit Item/input_Change_variants-change'

2020-03-20 10:34:11 - [MESSAGE][PASSED] - Keys '*' sent to object: 'Object Repository/ADMIN/Edit Text/Bespoke/Seller Pages/Add_Edit Item/input_Change_variants-change'

2020-03-20 10:34:11 - [TEST_STEP][PASSED] - sendKeys(findTestObject("ADMIN/Edit Text/Bespoke/Seller Pages/Add_Edit Item/input_Okay_variants-change"), "*"): Keys '*' sent to object: 'Object Repository/ADMIN/Edit Text/Bespoke/Seller Pages/Add_Edit Item/input_Okay_variants-change'

2020-03-20 10:34:12 - [MESSAGE][PASSED] - Keys '*' sent to object: 'Object Repository/ADMIN/Edit Text/Bespoke/Seller Pages/Add_Edit Item/input_Okay_variants-change'

2020-03-20 10:34:12 - [TEST_STEP][PASSED] - sendKeys(findTestObject("ADMIN/Edit Text/Bespoke/Seller Pages/Add_Edit Item/input_Cancel_variants-change"), "*"): Keys '*' sent to object: 'Object Repository/ADMIN/Edit Text/Bespoke/Seller Pages/Add_Edit Item/input_Cancel_variants-change'

2020-03-20 10:34:12 - [MESSAGE][PASSED] - Keys '*' sent to object: 'Object Repository/ADMIN/Edit Text/Bespoke/Seller Pages/Add_Edit Item/input_Cancel_variants-change'

2020-03-20 10:34:12 - [TEST_STEP][PASSED] - sendKeys(findTestObject("ADMIN/Edit Text/Bespoke/Seller Pages/Add_Edit Item/input_Add Variants_variants_btn"), "*"): Keys '*' sent to object: 'Object Repository/ADMIN/Edit Text/Bespoke/Seller Pages/Add_Edit Item/input_Add Variants_variants_btn'

2020-03-20 10:34:12 - [MESSAGE][PASSED] - Keys '*' sent to object: 'Object Repository/ADMIN/Edit Text/Bespoke/Seller Pages/Add_Edit Item/input_Add Variants_variants_btn'

2020-03-20 10:34:12 - [TEST_STEP][PASSED] - sendKeys(findTestObject("ADMIN/Edit Text/Bespoke/Seller Pages/Add_Edit Item/input_VARIANTS OPTIONS_option_name"), "*"): Keys '*' sent to object: 'Object Repository/ADMIN/Edit Text/Bespoke/Seller Pages/Add_Edit Item/input_VARIANTS OPTIONS_option_name'

2020-03-20 10:34:12 - [MESSAGE][PASSED] - Keys '*' sent to object: 'Object Repository/ADMIN/Edit Text/Bespoke/Seller Pages/Add_Edit Item/input_VARIANTS OPTIONS_option_name'

2020-03-20 10:34:12 - [TEST_STEP][PASSED] - sendKeys(findTestObject("ADMIN/Edit Text/Bespoke/Seller Pages/Add_Edit Item/input_VARIANTS CHOICES_option_choices"), "*"): Keys '*' sent to object: 'Object Repository/ADMIN/Edit Text/Bespoke/Seller Pages/Add_Edit Item/input_VARIANTS CHOICES_option_choices'

2020-03-20 10:34:12 - [MESSAGE][PASSED] - Keys '*' sent to object: 'Object Repository/ADMIN/Edit Text/Bespoke/Seller Pages/Add_Edit Item/input_VARIANTS CHOICES_option_choices'

2020-03-20 10:34:12 - [TEST_STEP][PASSED] - sendKeys(findTestObject("ADMIN/Edit Text/Bespoke/Seller Pages/Add_Edit Item/input_eg Colour_place_egcolour"), "*"): Keys '*' sent to object: 'Object Repository/ADMIN/Edit Text/Bespoke/Seller Pages/Add_Edit Item/input_eg Colour_place_egcolour'

2020-03-20 10:34:12 - [MESSAGE][PASSED] - Keys '*' sent to object: 'Object Repository/ADMIN/Edit Text/Bespoke/Seller Pages/Add_Edit Item/input_eg Colour_place_egcolour'

2020-03-20 10:34:12 - [TEST_STEP][PASSED] - sendKeys(findTestObject("ADMIN/Edit Text/Bespoke/Seller Pages/Add_Edit Item/input_eg Red_place_option"), "*"): Keys '*' sent to object: 'Object Repository/ADMIN/Edit Text/Bespoke/Seller Pages/Add_Edit Item/input_eg Red_place_option'

2020-03-20 10:34:12 - [MESSAGE][PASSED] - Keys '*' sent to object: 'Object Repository/ADMIN/Edit Text/Bespoke/Seller Pages/Add_Edit Item/input_eg Red_place_option'

2020-03-20 10:34:12 - [TEST_STEP][PASSED] - sendKeys(findTestObject("ADMIN/Edit Text/Bespoke/Seller Pages/Add_Edit Item/input_Color_place_colour"), "*"): Keys '*' sent to object: 'Object Repository/ADMIN/Edit Text/Bespoke/Seller Pages/Add_Edit Item/input_Color_place_colour'

2020-03-20 10:34:12 - [MESSAGE][PASSED] - Keys '*' sent to object: 'Object Repository/ADMIN/Edit Text/Bespoke/Seller Pages/Add_Edit Item/input_Color_place_colour'

2020-03-20 10:34:12 - [TEST_STEP][PASSED] - sendKeys(findTestObject("ADMIN/Edit Text/Bespoke/Seller Pages/Add_Edit Item/input_Red_place_option"), "*"): Keys '*' sent to object: 'Object Repository/ADMIN/Edit Text/Bespoke/Seller Pages/Add_Edit Item/input_Red_place_option'

2020-03-20 10:34:12 - [MESSAGE][PASSED] - Keys '*' sent to object: 'Object Repository/ADMIN/Edit Text/Bespoke/Seller Pages/Add_Edit Item/input_Red_place_option'

2020-03-20 10:34:12 - [TEST_STEP][PASSED] - sendKeys(findTestObject("ADMIN/Edit Text/Bespoke/Seller Pages/Add_Edit Item/input_Image_tbl_lbe_img"), "*"): Keys '*' sent to object: 'Object Repository/ADMIN/Edit Text/Bespoke/Seller Pages/Add_Edit Item/input_Image_tbl_lbe_img'

2020-03-20 10:34:13 - [MESSAGE][PASSED] - Keys '*' sent to object: 'Object Repository/ADMIN/Edit Text/Bespoke/Seller Pages/Add_Edit Item/input_Image_tbl_lbe_img'

2020-03-20 10:34:13 - [TEST_STEP][PASSED] - sendKeys(findTestObject("ADMIN/Edit Text/Bespoke/Seller Pages/Add_Edit Item/input_Same Image_tbl_lbe_same_img"), "*"): Keys '*' sent to object: 'Object Repository/ADMIN/Edit Text/Bespoke/Seller Pages/Add_Edit Item/input_Same Image_tbl_lbe_same_img'

2020-03-20 10:34:13 - [MESSAGE][PASSED] - Keys '*' sent to object: 'Object Repository/ADMIN/Edit Text/Bespoke/Seller Pages/Add_Edit Item/input_Same Image_tbl_lbe_same_img'

2020-03-20 10:34:13 - [TEST_STEP][PASSED] - sendKeys(findTestObject("ADMIN/Edit Text/Bespoke/Seller Pages/Add_Edit Item/input_Surcharge_tbl_lbe_surcharge"), "*"): Keys '*' sent to object: 'Object Repository/ADMIN/Edit Text/Bespoke/Seller Pages/Add_Edit Item/input_Surcharge_tbl_lbe_surcharge'

2020-03-20 10:34:13 - [MESSAGE][PASSED] - Keys '*' sent to object: 'Object Repository/ADMIN/Edit Text/Bespoke/Seller Pages/Add_Edit Item/input_Surcharge_tbl_lbe_surcharge'

2020-03-20 10:34:13 - [TEST_STEP][PASSED] - sendKeys(findTestObject("ADMIN/Edit Text/Bespoke/Seller Pages/Add_Edit Item/input_Total Price_tbl_lbe_price"), "*"): Keys '*' sent to object: 'Object Repository/ADMIN/Edit Text/Bespoke/Seller Pages/Add_Edit Item/input_Total Price_tbl_lbe_price'

2020-03-20 10:34:13 - [MESSAGE][PASSED] - Keys '*' sent to object: 'Object Repository/ADMIN/Edit Text/Bespoke/Seller Pages/Add_Edit Item/input_Total Price_tbl_lbe_price'

2020-03-20 10:34:13 - [TEST_STEP][PASSED] - sendKeys(findTestObject("ADMIN/Edit Text/Bespoke/Seller Pages/Add_Edit Item/input_Stock_tbl_lbe_stock"), "*"): Keys '*' sent to object: 'Object Repository/ADMIN/Edit Text/Bespoke/Seller Pages/Add_Edit Item/input_Stock_tbl_lbe_stock'

2020-03-20 10:34:13 - [MESSAGE][PASSED] - Keys '*' sent to object: 'Object Repository/ADMIN/Edit Text/Bespoke/Seller Pages/Add_Edit Item/input_Stock_tbl_lbe_stock'

2020-03-20 10:34:13 - [TEST_STEP][PASSED] - sendKeys(findTestObject("ADMIN/Edit Text/Bespoke/Seller Pages/Add_Edit Item/input_Unlimited_tbl_lbe_unlimited"), "*"): Keys '*' sent to object: 'Object Repository/ADMIN/Edit Text/Bespoke/Seller Pages/Add_Edit Item/input_Unlimited_tbl_lbe_unlimited'

2020-03-20 10:34:13 - [MESSAGE][PASSED] - Keys '*' sent to object: 'Object Repository/ADMIN/Edit Text/Bespoke/Seller Pages/Add_Edit Item/input_Unlimited_tbl_lbe_unlimited'

2020-03-20 10:34:13 - [TEST_STEP][PASSED] - sendKeys(findTestObject("ADMIN/Edit Text/Bespoke/Seller Pages/Add_Edit Item/input_DELIVERY OPTIONS_delivery_options"), "*"): Keys '*' sent to object: 'Object Repository/ADMIN/Edit Text/Bespoke/Seller Pages/Add_Edit Item/input_DELIVERY OPTIONS_delivery_options'

2020-03-20 10:34:13 - [MESSAGE][PASSED] - Keys '*' sent to object: 'Object Repository/ADMIN/Edit Text/Bespoke/Seller Pages/Add_Edit Item/input_DELIVERY OPTIONS_delivery_options'

2020-03-20 10:34:13 - [TEST_STEP][PASSED] - sendKeys(findTestObject("ADMIN/Edit Text/Bespoke/Seller Pages/Add_Edit Item/input_DELIVERY OPTIONS_delivery-txt2"), "*"): Keys '*' sent to object: 'Object Repository/ADMIN/Edit Text/Bespoke/Seller Pages/Add_Edit Item/input_DELIVERY OPTIONS_delivery-txt2'

2020-03-20 10:34:13 - [MESSAGE][PASSED] - Keys '*' sent to object: 'Object Repository/ADMIN/Edit Text/Bespoke/Seller Pages/Add_Edit Item/input_DELIVERY OPTIONS_delivery-txt2'

2020-03-20 10:34:13 - [TEST_STEP][PASSED] - sendKeys(findTestObject("ADMIN/Edit Text/Bespoke/Seller Pages/Add_Edit Item/input_Offer reduced shipping costs to buyers when they buy more than one item from you_delivery-txt2"), "*"): Keys '*' sent to object: 'Object Repository/ADMIN/Edit Text/Bespoke/Seller Pages/Add_Edit Item/input_Offer reduced shipping costs to buyers when they buy more than one item from you_delivery-txt2'

2020-03-20 10:34:14 - [MESSAGE][PASSED] - Keys '*' sent to object: 'Object Repository/ADMIN/Edit Text/Bespoke/Seller Pages/Add_Edit Item/input_Offer reduced shipping costs to buyers when they buy more than one item from you_delivery-txt2'

2020-03-20 10:34:14 - [TEST_STEP][PASSED] - sendKeys(findTestObject("ADMIN/Edit Text/Bespoke/Seller Pages/Add_Edit Item/input_total delivery"), "*"): Keys '*' sent to object: 'Object Repository/ADMIN/Edit Text/Bespoke/Seller Pages/Add_Edit Item/input_total delivery'

2020-03-20 10:34:14 - [MESSAGE][PASSED] - Keys '*' sent to object: 'Object Repository/ADMIN/Edit Text/Bespoke/Seller Pages/Add_Edit Item/input_total delivery'

2020-03-20 10:34:14 - [TEST_STEP][PASSED] - sendKeys(findTestObject("ADMIN/Edit Text/Bespoke/Seller Pages/Add_Edit Item/input_DELIVERY SERVICE_delivery_service"), "*"): Keys '*' sent to object: 'Object Repository/ADMIN/Edit Text/Bespoke/Seller Pages/Add_Edit Item/input_DELIVERY SERVICE_delivery_service'

2020-03-20 10:34:14 - [MESSAGE][PASSED] - Keys '*' sent to object: 'Object Repository/ADMIN/Edit Text/Bespoke/Seller Pages/Add_Edit Item/input_DELIVERY SERVICE_delivery_service'

2020-03-20 10:34:14 - [TEST_STEP][PASSED] - sendKeys(findTestObject("ADMIN/Edit Text/Bespoke/Seller Pages/Add_Edit Item/input_SINGLE ITEM DELIVERY (A)_delivery_surchrge"), "*"): Keys '*' sent to object: 'Object Repository/ADMIN/Edit Text/Bespoke/Seller Pages/Add_Edit Item/input_SINGLE ITEM DELIVERY (A)_delivery_surchrge'

2020-03-20 10:34:14 - [MESSAGE][PASSED] - Keys '*' sent to object: 'Object Repository/ADMIN/Edit Text/Bespoke/Seller Pages/Add_Edit Item/input_SINGLE ITEM DELIVERY (A)_delivery_surchrge'

2020-03-20 10:34:14 - [TEST_STEP][PASSED] - sendKeys(findTestObject("ADMIN/Edit Text/Bespoke/Seller Pages/Add_Edit Item/input_SINGLE ITEM (A)_additional_item"), "*"): Keys '*' sent to object: 'Object Repository/ADMIN/Edit Text/Bespoke/Seller Pages/Add_Edit Item/input_SINGLE ITEM (A)_additional_item'

2020-03-20 10:34:14 - [MESSAGE][PASSED] - Keys '*' sent to object: 'Object Repository/ADMIN/Edit Text/Bespoke/Seller Pages/Add_Edit Item/input_SINGLE ITEM (A)_additional_item'

2020-03-20 10:34:14 - [TEST_STEP][PASSED] - sendKeys(findTestObject("ADMIN/Edit Text/Bespoke/Seller Pages/Add_Edit Item/input_WITH OTHER ITEM (B)_additional_item"), "*"): Keys '*' sent to object: 'Object Repository/ADMIN/Edit Text/Bespoke/Seller Pages/Add_Edit Item/input_WITH OTHER ITEM (B)_additional_item'

2020-03-20 10:34:14 - [MESSAGE][PASSED] - Keys '*' sent to object: 'Object Repository/ADMIN/Edit Text/Bespoke/Seller Pages/Add_Edit Item/input_WITH OTHER ITEM (B)_additional_item'

2020-03-20 10:34:14 - [TEST_STEP][PASSED] - sendKeys(findTestObject("ADMIN/Edit Text/Bespoke/Seller Pages/Add_Edit Item/input_ADD NEW_btn_add_new"), "*"): Keys '*' sent to object: 'Object Repository/ADMIN/Edit Text/Bespoke/Seller Pages/Add_Edit Item/input_ADD NEW_btn_add_new'

2020-03-20 10:34:14 - [MESSAGE][PASSED] - Keys '*' sent to object: 'Object Repository/ADMIN/Edit Text/Bespoke/Seller Pages/Add_Edit Item/input_ADD NEW_btn_add_new'

2020-03-20 10:34:14 - [TEST_STEP][PASSED] - sendKeys(findTestObject("ADMIN/Edit Text/Bespoke/Seller Pages/Add_Edit Item/input_PICK-UP LOCATION_location_service"), "*"): Keys '*' sent to object: 'Object Repository/ADMIN/Edit Text/Bespoke/Seller Pages/Add_Edit Item/input_PICK-UP LOCATION_location_service'

2020-03-20 10:34:15 - [MESSAGE][PASSED] - Keys '*' sent to object: 'Object Repository/ADMIN/Edit Text/Bespoke/Seller Pages/Add_Edit Item/input_PICK-UP LOCATION_location_service'

2020-03-20 10:34:15 - [TEST_STEP][PASSED] - sendKeys(findTestObject("ADMIN/Edit Text/Bespoke/Seller Pages/Add_Edit Item/textarea_Please provide the address where the item may be collected by the buyer(You must select at least one delivery option or pickup location)"), "*"): Keys '*' sent to object: 'Object Repository/ADMIN/Edit Text/Bespoke/Seller Pages/Add_Edit Item/textarea_Please provide the address where the item may be collected by the buyer(You must select at least one delivery option or pickup location)'

2020-03-20 10:34:15 - [MESSAGE][PASSED] - Keys '*' sent to object: 'Object Repository/ADMIN/Edit Text/Bespoke/Seller Pages/Add_Edit Item/textarea_Please provide the address where the item may be collected by the buyer(You must select at least one delivery option or pickup location)'

2020-03-20 10:34:15 - [TEST_STEP][PASSED] - sendKeys(findTestObject("ADMIN/Edit Text/Bespoke/Seller Pages/Add_Edit Item/input_PICKUP LOCATION ADDRESS_location_address"), "*"): Keys '*' sent to object: 'Object Repository/ADMIN/Edit Text/Bespoke/Seller Pages/Add_Edit Item/input_PICKUP LOCATION ADDRESS_location_address'

2020-03-20 10:34:15 - [MESSAGE][PASSED] - Keys '*' sent to object: 'Object Repository/ADMIN/Edit Text/Bespoke/Seller Pages/Add_Edit Item/input_PICKUP LOCATION ADDRESS_location_address'

2020-03-20 10:34:15 - [TEST_STEP][PASSED] - sendKeys(findTestObject("ADMIN/Edit Text/Bespoke/Seller Pages/Add_Edit Item/input_add new 2"), "*"): Keys '*' sent to object: 'Object Repository/ADMIN/Edit Text/Bespoke/Seller Pages/Add_Edit Item/input_add new 2'

2020-03-20 10:34:15 - [MESSAGE][PASSED] - Keys '*' sent to object: 'Object Repository/ADMIN/Edit Text/Bespoke/Seller Pages/Add_Edit Item/input_add new 2'

2020-03-20 10:34:15 - [TEST_STEP][PASSED] - sendKeys(findTestObject("ADMIN/Edit Text/Bespoke/Seller Pages/Add_Edit Item/input_SAVE_btn_save"), "*"): Keys '*' sent to object: 'Object Repository/ADMIN/Edit Text/Bespoke/Seller Pages/Add_Edit Item/input_SAVE_btn_save'

2020-03-20 10:34:15 - [MESSAGE][PASSED] - Keys '*' sent to object: 'Object Repository/ADMIN/Edit Text/Bespoke/Seller Pages/Add_Edit Item/input_SAVE_btn_save'

2020-03-20 10:34:15 - [TEST_STEP][PASSED] - sendKeys(findTestObject("ADMIN/Edit Text/Bespoke/Seller Pages/Add_Edit Item/input_Item Saved_popup-title"), "*"): Keys '*' sent to object: 'Object Repository/ADMIN/Edit Text/Bespoke/Seller Pages/Add_Edit Item/input_Item Saved_popup-title'

2020-03-20 10:34:15 - [MESSAGE][PASSED] - Keys '*' sent to object: 'Object Repository/ADMIN/Edit Text/Bespoke/Seller Pages/Add_Edit Item/input_Item Saved_popup-title'

2020-03-20 10:34:15 - [TEST_STEP][PASSED] - sendKeys(findTestObject("ADMIN/Edit Text/Bespoke/Seller Pages/Add_Edit Item/input_This item has been saved in_popup-title2"), "*"): Keys '*' sent to object: 'Object Repository/ADMIN/Edit Text/Bespoke/Seller Pages/Add_Edit Item/input_This item has been saved in_popup-title2'

2020-03-20 10:34:15 - [MESSAGE][PASSED] - Keys '*' sent to object: 'Object Repository/ADMIN/Edit Text/Bespoke/Seller Pages/Add_Edit Item/input_This item has been saved in_popup-title2'

2020-03-20 10:34:15 - [TEST_STEP][PASSED] - sendKeys(findTestObject("ADMIN/Edit Text/Bespoke/Seller Pages/Add_Edit Item/input_The default language of the buyer pages is_popup-title2"), "*"): Keys '*' sent to object: 'Object Repository/ADMIN/Edit Text/Bespoke/Seller Pages/Add_Edit Item/input_The default language of the buyer pages is_popup-title2'

2020-03-20 10:34:15 - [MESSAGE][PASSED] - Keys '*' sent to object: 'Object Repository/ADMIN/Edit Text/Bespoke/Seller Pages/Add_Edit Item/input_The default language of the buyer pages is_popup-title2'

2020-03-20 10:34:15 - [TEST_STEP][PASSED] - sendKeys(findTestObject("ADMIN/Edit Text/Bespoke/Seller Pages/Add_Edit Item/input_We recommend you at least add a translation in that language_popup-title2"), "*"): Keys '*' sent to object: 'Object Repository/ADMIN/Edit Text/Bespoke/Seller Pages/Add_Edit Item/input_We recommend you at least add a translation in that language_popup-title2'

2020-03-20 10:34:16 - [MESSAGE][PASSED] - Keys '*' sent to object: 'Object Repository/ADMIN/Edit Text/Bespoke/Seller Pages/Add_Edit Item/input_We recommend you at least add a translation in that language_popup-title2'

2020-03-20 10:34:16 - [TEST_STEP][PASSED] - sendKeys(findTestObject("ADMIN/Edit Text/Bespoke/Seller Pages/Add_Edit Item/input_concat(I  ll do it later)_btn_okay"), "*"): Keys '*' sent to object: 'Object Repository/ADMIN/Edit Text/Bespoke/Seller Pages/Add_Edit Item/input_concat(I  ll do it later)_btn_okay'

2020-03-20 10:34:16 - [MESSAGE][PASSED] - Keys '*' sent to object: 'Object Repository/ADMIN/Edit Text/Bespoke/Seller Pages/Add_Edit Item/input_concat(I  ll do it later)_btn_okay'

2020-03-20 10:34:16 - [TEST_STEP][PASSED] - sendKeys(findTestObject("ADMIN/Edit Text/Bespoke/Seller Pages/Add_Edit Item/input_Add Translations_btn_okay"), "*"): Keys '*' sent to object: 'Object Repository/ADMIN/Edit Text/Bespoke/Seller Pages/Add_Edit Item/input_Add Translations_btn_okay'

2020-03-20 10:34:16 - [MESSAGE][PASSED] - Keys '*' sent to object: 'Object Repository/ADMIN/Edit Text/Bespoke/Seller Pages/Add_Edit Item/input_Add Translations_btn_okay'

2020-03-20 10:34:16 - [TEST_STEP][PASSED] - sendKeys(findTestObject("ADMIN/Edit Text/Bespoke/Seller Pages/Add_Edit Item/input_Edit Translations_btn_okay"), "*"): Keys '*' sent to object: 'Object Repository/ADMIN/Edit Text/Bespoke/Seller Pages/Add_Edit Item/input_Edit Translations_btn_okay'

2020-03-20 10:34:16 - [MESSAGE][PASSED] - Keys '*' sent to object: 'Object Repository/ADMIN/Edit Text/Bespoke/Seller Pages/Add_Edit Item/input_Edit Translations_btn_okay'

2020-03-20 10:34:16 - [TEST_STEP][PASSED] - click(findTestObject("ADMIN/Edit Text/Bespoke/Buyer Pages/Homepage/button_save"), CONTINUE_ON_FAILURE): Object: 'Object Repository/ADMIN/Edit Text/Bespoke/Buyer Pages/Homepage/button_save' is clicked on

2020-03-20 10:34:16 - [MESSAGE][PASSED] - Object: 'Object Repository/ADMIN/Edit Text/Bespoke/Buyer Pages/Homepage/button_save' is clicked on

2020-03-20 10:34:16 - [TEST_STEP][PASSED] - waitForElementVisible(findTestObject("ADMIN/Edit Text/Bespoke/Buyer Pages/Homepage/toaster_success"), 0): Object 'Object Repository/ADMIN/Edit Text/Bespoke/Buyer Pages/Homepage/toaster_success' is visible

2020-03-20 10:34:16 - [MESSAGE][WARNING] - Timeout '0' is invalid. Using default page load timeout: '30'

2020-03-20 10:34:17 - [MESSAGE][PASSED] - Object 'Object Repository/ADMIN/Edit Text/Bespoke/Buyer Pages/Homepage/toaster_success' is visible]]></system-out>
         <system-err><![CDATA[]]></system-err>
      </testcase>
      <system-out><![CDATA[2020-03-20 10:30:56 - [TEST_SUITE][PASSED] - Bespoke Seller Pages: Test Cases/ADMIN/Language/Edit Text/Bespoke/Seller/Add_Edit Item]]></system-out>
      <system-err><![CDATA[]]></system-err>
   </testsuite>
</testsuites>
