<?xml version="1.0" encoding="UTF-8"?>
<testsuites name="Add_Custom fields" time="114" tests="13" failures="0" errors="0">
   <testsuite name="Add_Custom fields" tests="13" failures="0" errors="0" time="114" timestamp="2019-05-27 14:15:16" hostname="April - April-PC" id="Test Suites/Custom Fields/Add_Custom fields">
      <properties>
         <property name="deviceName" value=""/>
         <property name="devicePlatform" value=""/>
         <property name="logFolder" value="C:\\Users\\April\\git\\Arctick\\Arctick\\Reports\\Custom Fields\\Add_Custom fields\\20190527_141514"/>
         <property name="logFiles" value="C:\\Users\\April\\git\\Arctick\\Arctick\\Reports\\Custom Fields\\Add_Custom fields\\20190527_141514\\execution0.log"/>
         <property name="attachments" value=""/>
         <property name="hostName" value="April - April-PC"/>
         <property name="os" value="Windows 7 64bit"/>
         <property name="katalonVersion" value="5.4.2.1"/>
         <property name="browser" value="Chrome 74.0.3729.169"/>
         <property name="hostAddress" value="10.10.31.66"/>
         <property name="sessionId" value="78eaf0bd5f96199009a30ec158abe421"/>
         <property name="seleniumVersion" value="3.7.1"/>
         <property name="proxyInformation" value="ProxyInformation{proxyOption=NO_PROXY, proxyServerType=HTTP, password=, proxyServerAddress=, proxyServerPort=0}"/>
         <property name="platform" value="Windows 7"/>
      </properties>
      <testcase name="Test Cases/Utilities/ADMIN/Admin Login" classname="Test Cases/Utilities/ADMIN/Admin Login" status="PASSED">
         <system-out><![CDATA[2019-05-27 14:15:16 - [TEST_CASE][PASSED] - Test Cases/Utilities/ADMIN/Admin Login: Test Cases/Utilities/ADMIN/Admin Login

2019-05-27 14:15:16 - [TEST_STEP][PASSED] - openBrowser: Browser is opened with url: ''

2019-05-27 14:15:20 - [MESSAGE][PASSED] - Browser is opened with url: ''

2019-05-27 14:15:20 - [TEST_STEP][PASSED] - maximizeWindow: Current window maximized

2019-05-27 14:15:21 - [MESSAGE][PASSED] - Current window maximized

2019-05-27 14:15:21 - [TEST_STEP][PASSED] - navigateToUrl: Navigate to 'http://0527st1.test.arcadier.io/admin' successfully

2019-05-27 14:15:23 - [MESSAGE][PASSED] - Navigate to 'http://0527st1.test.arcadier.io/admin' successfully

2019-05-27 14:15:23 - [TEST_STEP][PASSED] - Statement - If (AdminAccountType == "custom"): Object: 'Object Repository/ADMIN/Admin Login/Admin Login/btn_signin' is clicked on

2019-05-27 14:15:23 - [TEST_STEP][PASSED] - waitForElementVisible: Object 'Object Repository/ADMIN/Admin Login/Admin Login/txtbox_username' is visible

2019-05-27 14:15:23 - [MESSAGE][WARNING] - Timeout '0' is invalid. Using default page load timeout: '30'

2019-05-27 14:15:23 - [MESSAGE][PASSED] - Object 'Object Repository/ADMIN/Admin Login/Admin Login/txtbox_username' is visible

2019-05-27 14:15:23 - [TEST_STEP][PASSED] - setText: Text '0527st1' is set on object 'Object Repository/ADMIN/Admin Login/Admin Login/txtbox_username'

2019-05-27 14:15:24 - [MESSAGE][PASSED] - Text '0527st1' is set on object 'Object Repository/ADMIN/Admin Login/Admin Login/txtbox_username'

2019-05-27 14:15:24 - [TEST_STEP][PASSED] - setText: Text 'welcome8' is set on object 'Object Repository/ADMIN/Admin Login/Admin Login/txtbox_password'

2019-05-27 14:15:24 - [MESSAGE][PASSED] - Text 'welcome8' is set on object 'Object Repository/ADMIN/Admin Login/Admin Login/txtbox_password'

2019-05-27 14:15:24 - [TEST_STEP][PASSED] - click: Object: 'Object Repository/ADMIN/Admin Login/Admin Login/btn_signin' is clicked on

2019-05-27 14:15:28 - [MESSAGE][PASSED] - Object: 'Object Repository/ADMIN/Admin Login/Admin Login/btn_signin' is clicked on]]></system-out>
         <system-err><![CDATA[]]></system-err>
      </testcase>
      <testcase name="Test Cases/ADMIN/Custom Fields Page/Add Custom Item Fields/Add_Textfield" classname="Test Cases/ADMIN/Custom Fields Page/Add Custom Item Fields/Add_Textfield" status="PASSED">
         <system-out><![CDATA[2019-05-27 14:15:28 - [TEST_CASE][PASSED] - Test Cases/ADMIN/Custom Fields Page/Add Custom Item Fields/Add_Textfield: Test Cases/ADMIN/Custom Fields Page/Add Custom Item Fields/Add_Textfield

2019-05-27 14:15:28 - [TEST_STEP][PASSED] - waitForElementVisible: Object 'Object Repository/ADMIN/Custom Item Fields List Page/menulink_Content Mgmt.' is visible

2019-05-27 14:15:28 - [MESSAGE][WARNING] - Timeout '0' is invalid. Using default page load timeout: '30'

2019-05-27 14:15:28 - [MESSAGE][PASSED] - Object 'Object Repository/ADMIN/Custom Item Fields List Page/menulink_Content Mgmt.' is visible

2019-05-27 14:15:28 - [TEST_STEP][PASSED] - click: Object: 'Object Repository/ADMIN/Custom Item Fields List Page/menulink_Content Mgmt.' is clicked on

2019-05-27 14:15:29 - [MESSAGE][PASSED] - Object: 'Object Repository/ADMIN/Custom Item Fields List Page/menulink_Content Mgmt.' is clicked on

2019-05-27 14:15:29 - [TEST_STEP][PASSED] - waitForElementVisible: Object 'Object Repository/ADMIN/Custom Item Fields List Page/submenulink_Custom Fields' is visible

2019-05-27 14:15:29 - [MESSAGE][WARNING] - Timeout '0' is invalid. Using default page load timeout: '30'

2019-05-27 14:15:29 - [MESSAGE][PASSED] - Object 'Object Repository/ADMIN/Custom Item Fields List Page/submenulink_Custom Fields' is visible

2019-05-27 14:15:29 - [TEST_STEP][PASSED] - click: Object: 'Object Repository/ADMIN/Custom Item Fields List Page/submenulink_Custom Fields' is clicked on

2019-05-27 14:15:31 - [MESSAGE][PASSED] - Object: 'Object Repository/ADMIN/Custom Item Fields List Page/submenulink_Custom Fields' is clicked on

2019-05-27 14:15:31 - [TEST_STEP][PASSED] - waitForElementVisible: Object 'Object Repository/ADMIN/Custom Item Fields List Page/button_Add Field' is visible

2019-05-27 14:15:31 - [MESSAGE][WARNING] - Timeout '0' is invalid. Using default page load timeout: '30'

2019-05-27 14:15:31 - [MESSAGE][PASSED] - Object 'Object Repository/ADMIN/Custom Item Fields List Page/button_Add Field' is visible

2019-05-27 14:15:31 - [TEST_STEP][PASSED] - click: Object: 'Object Repository/ADMIN/Custom Item Fields List Page/button_Add Field' is clicked on

2019-05-27 14:15:32 - [MESSAGE][PASSED] - Object: 'Object Repository/ADMIN/Custom Item Fields List Page/button_Add Field' is clicked on

2019-05-27 14:15:32 - [TEST_STEP][PASSED] - waitForElementVisible: Object 'Object Repository/ADMIN/Custom Item Fields Page/a_Default/dropdown_fieldtype' is visible

2019-05-27 14:15:32 - [MESSAGE][WARNING] - Timeout '0' is invalid. Using default page load timeout: '30'

2019-05-27 14:15:32 - [MESSAGE][PASSED] - Object 'Object Repository/ADMIN/Custom Item Fields Page/a_Default/dropdown_fieldtype' is visible

2019-05-27 14:15:32 - [TEST_STEP][PASSED] - waitForPageLoad: Wait for page load successfully

2019-05-27 14:15:32 - [MESSAGE][WARNING] - Timeout '0' is invalid. Using default page load timeout: '30'

2019-05-27 14:15:32 - [MESSAGE][PASSED] - Wait for page load successfully

2019-05-27 14:15:32 - [TEST_STEP][PASSED] - click: Object: 'Object Repository/ADMIN/Custom Item Fields Page/a_Default/dropdown_fieldtype' is clicked on

2019-05-27 14:15:32 - [MESSAGE][PASSED] - Object: 'Object Repository/ADMIN/Custom Item Fields Page/a_Default/dropdown_fieldtype' is clicked on

2019-05-27 14:15:32 - [TEST_STEP][PASSED] - delay: Delayed 2 second(s)

2019-05-27 14:15:34 - [MESSAGE][PASSED] - Delayed 2 second(s)

2019-05-27 14:15:34 - [TEST_STEP][PASSED] - selectOptionByLabel: All options with label 'Text Field' are selected in object 'Object Repository/ADMIN/Custom Item Fields Page/a_Default/dropdown_fieldtype' 

2019-05-27 14:15:34 - [MESSAGE][PASSED] - All options with label 'Text Field' are selected in object 'Object Repository/ADMIN/Custom Item Fields Page/a_Default/dropdown_fieldtype' 

2019-05-27 14:15:34 - [TEST_STEP][PASSED] - setText: Text 'Textfield' is set on object 'Object Repository/ADMIN/Custom Item Fields Page/a_Default/textfield_fieldname'

2019-05-27 14:15:34 - [MESSAGE][PASSED] - Text 'Textfield' is set on object 'Object Repository/ADMIN/Custom Item Fields Page/a_Default/textfield_fieldname'

2019-05-27 14:15:34 - [TEST_STEP][PASSED] - scrollToElement: Scroll to object 'Object Repository/ADMIN/Custom Item Fields Page/a_Default/button_SelectCategories' successfully

2019-05-27 14:15:34 - [MESSAGE][WARNING] - Timeout '0' is invalid. Using default page load timeout: '30'

2019-05-27 14:15:34 - [MESSAGE][PASSED] - Scroll to object 'Object Repository/ADMIN/Custom Item Fields Page/a_Default/button_SelectCategories' successfully

2019-05-27 14:15:34 - [TEST_STEP][PASSED] - click: Object: 'Object Repository/ADMIN/Custom Item Fields Page/a_Default/button_SelectCategories' is clicked on

2019-05-27 14:15:34 - [MESSAGE][PASSED] - Object: 'Object Repository/ADMIN/Custom Item Fields Page/a_Default/button_SelectCategories' is clicked on

2019-05-27 14:15:34 - [TEST_STEP][PASSED] - waitForElementVisible: Object 'Object Repository/ADMIN/Custom Item Fields List Page/a_SelectCategories/linktext_SelectAll' is visible

2019-05-27 14:15:34 - [MESSAGE][WARNING] - Timeout '0' is invalid. Using default page load timeout: '30'

2019-05-27 14:15:35 - [MESSAGE][PASSED] - Object 'Object Repository/ADMIN/Custom Item Fields List Page/a_SelectCategories/linktext_SelectAll' is visible

2019-05-27 14:15:35 - [TEST_STEP][PASSED] - click: Object: 'Object Repository/ADMIN/Custom Item Fields List Page/a_SelectCategories/linktext_SelectAll' is clicked on

2019-05-27 14:15:35 - [MESSAGE][PASSED] - Object: 'Object Repository/ADMIN/Custom Item Fields List Page/a_SelectCategories/linktext_SelectAll' is clicked on

2019-05-27 14:15:35 - [TEST_STEP][PASSED] - click: Object: 'Object Repository/ADMIN/Custom Item Fields List Page/a_SelectCategories/button_Save' is clicked on

2019-05-27 14:15:35 - [MESSAGE][PASSED] - Object: 'Object Repository/ADMIN/Custom Item Fields List Page/a_SelectCategories/button_Save' is clicked on

2019-05-27 14:15:35 - [TEST_STEP][PASSED] - delay: Delayed 1 second(s)

2019-05-27 14:15:36 - [MESSAGE][PASSED] - Delayed 1 second(s)

2019-05-27 14:15:36 - [TEST_STEP][PASSED] - scrollToElement: Scroll to object 'Object Repository/ADMIN/Custom Item Fields Page/a_Default/button_Save1' successfully

2019-05-27 14:15:36 - [MESSAGE][WARNING] - Timeout '0' is invalid. Using default page load timeout: '30'

2019-05-27 14:15:36 - [MESSAGE][PASSED] - Scroll to object 'Object Repository/ADMIN/Custom Item Fields Page/a_Default/button_Save1' successfully

2019-05-27 14:15:36 - [TEST_STEP][PASSED] - click: Object: 'Object Repository/ADMIN/Custom Item Fields Page/a_Default/button_Save1' is clicked on

2019-05-27 14:15:36 - [MESSAGE][PASSED] - Object: 'Object Repository/ADMIN/Custom Item Fields Page/a_Default/button_Save1' is clicked on]]></system-out>
         <system-err><![CDATA[]]></system-err>
      </testcase>
      <testcase name="Test Cases/ADMIN/Custom Fields Page/Add Custom Item Fields/Add_HyperlinkURL" classname="Test Cases/ADMIN/Custom Fields Page/Add Custom Item Fields/Add_HyperlinkURL" status="PASSED">
         <system-out><![CDATA[2019-05-27 14:15:36 - [TEST_CASE][PASSED] - Test Cases/ADMIN/Custom Fields Page/Add Custom Item Fields/Add_HyperlinkURL: Test Cases/ADMIN/Custom Fields Page/Add Custom Item Fields/Add_HyperlinkURL

2019-05-27 14:15:36 - [TEST_STEP][PASSED] - waitForElementVisible: Object 'Object Repository/ADMIN/Custom Item Fields List Page/button_Add Field' is visible

2019-05-27 14:15:37 - [MESSAGE][WARNING] - Timeout '0' is invalid. Using default page load timeout: '30'

2019-05-27 14:15:38 - [MESSAGE][PASSED] - Object 'Object Repository/ADMIN/Custom Item Fields List Page/button_Add Field' is visible

2019-05-27 14:15:38 - [TEST_STEP][PASSED] - click: Object: 'Object Repository/ADMIN/Custom Item Fields List Page/button_Add Field' is clicked on

2019-05-27 14:15:39 - [MESSAGE][PASSED] - Object: 'Object Repository/ADMIN/Custom Item Fields List Page/button_Add Field' is clicked on

2019-05-27 14:15:39 - [TEST_STEP][PASSED] - waitForElementVisible: Object 'Object Repository/ADMIN/Custom Item Fields Page/a_Default/dropdown_fieldtype' is visible

2019-05-27 14:15:39 - [MESSAGE][WARNING] - Timeout '0' is invalid. Using default page load timeout: '30'

2019-05-27 14:15:39 - [MESSAGE][PASSED] - Object 'Object Repository/ADMIN/Custom Item Fields Page/a_Default/dropdown_fieldtype' is visible

2019-05-27 14:15:39 - [TEST_STEP][PASSED] - waitForPageLoad: Wait for page load successfully

2019-05-27 14:15:39 - [MESSAGE][WARNING] - Timeout '0' is invalid. Using default page load timeout: '30'

2019-05-27 14:15:39 - [MESSAGE][PASSED] - Wait for page load successfully

2019-05-27 14:15:39 - [TEST_STEP][PASSED] - click: Object: 'Object Repository/ADMIN/Custom Item Fields Page/a_Default/dropdown_fieldtype' is clicked on

2019-05-27 14:15:39 - [MESSAGE][PASSED] - Object: 'Object Repository/ADMIN/Custom Item Fields Page/a_Default/dropdown_fieldtype' is clicked on

2019-05-27 14:15:39 - [TEST_STEP][PASSED] - delay: Delayed 2 second(s)

2019-05-27 14:15:41 - [MESSAGE][PASSED] - Delayed 2 second(s)

2019-05-27 14:15:41 - [TEST_STEP][PASSED] - selectOptionByLabel: All options with label 'Hyperlink / URL' are selected in object 'Object Repository/ADMIN/Custom Item Fields Page/a_Default/dropdown_fieldtype' 

2019-05-27 14:15:41 - [MESSAGE][PASSED] - All options with label 'Hyperlink / URL' are selected in object 'Object Repository/ADMIN/Custom Item Fields Page/a_Default/dropdown_fieldtype' 

2019-05-27 14:15:41 - [TEST_STEP][PASSED] - verifyOptionSelectedByLabel: All options with label 'Hyperlink / URL' are selected in object 'Object Repository/ADMIN/Custom Item Fields Page/a_Default/dropdown_fieldtype' 

2019-05-27 14:15:41 - [MESSAGE][WARNING] - Timeout '0' is invalid. Using default page load timeout: '30'

2019-05-27 14:15:42 - [MESSAGE][PASSED] - All options with label 'Hyperlink / URL' are selected in object 'Object Repository/ADMIN/Custom Item Fields Page/a_Default/dropdown_fieldtype' 

2019-05-27 14:15:42 - [TEST_STEP][PASSED] - setText: Text 'URL' is set on object 'Object Repository/ADMIN/Custom Item Fields Page/a_Default/textfield_fieldname'

2019-05-27 14:15:42 - [MESSAGE][PASSED] - Text 'URL' is set on object 'Object Repository/ADMIN/Custom Item Fields Page/a_Default/textfield_fieldname'

2019-05-27 14:15:42 - [TEST_STEP][PASSED] - scrollToElement: Scroll to object 'Object Repository/ADMIN/Custom Item Fields Page/a_Default/button_SelectCategories' successfully

2019-05-27 14:15:42 - [MESSAGE][WARNING] - Timeout '0' is invalid. Using default page load timeout: '30'

2019-05-27 14:15:42 - [MESSAGE][PASSED] - Scroll to object 'Object Repository/ADMIN/Custom Item Fields Page/a_Default/button_SelectCategories' successfully

2019-05-27 14:15:42 - [TEST_STEP][PASSED] - click: Object: 'Object Repository/ADMIN/Custom Item Fields Page/a_Default/button_SelectCategories' is clicked on

2019-05-27 14:15:42 - [MESSAGE][PASSED] - Object: 'Object Repository/ADMIN/Custom Item Fields Page/a_Default/button_SelectCategories' is clicked on

2019-05-27 14:15:42 - [TEST_STEP][PASSED] - waitForElementVisible: Object 'Object Repository/ADMIN/Custom Item Fields List Page/a_SelectCategories/linktext_SelectAll' is visible

2019-05-27 14:15:42 - [MESSAGE][WARNING] - Timeout '0' is invalid. Using default page load timeout: '30'

2019-05-27 14:15:42 - [MESSAGE][PASSED] - Object 'Object Repository/ADMIN/Custom Item Fields List Page/a_SelectCategories/linktext_SelectAll' is visible

2019-05-27 14:15:42 - [TEST_STEP][PASSED] - scrollToElement: Scroll to object 'Object Repository/ADMIN/Custom Item Fields List Page/a_SelectCategories/a_Categories/checkbox_2' successfully

2019-05-27 14:15:42 - [MESSAGE][WARNING] - Timeout '0' is invalid. Using default page load timeout: '30'

2019-05-27 14:15:42 - [MESSAGE][PASSED] - Scroll to object 'Object Repository/ADMIN/Custom Item Fields List Page/a_SelectCategories/a_Categories/checkbox_2' successfully

2019-05-27 14:15:42 - [TEST_STEP][PASSED] - click: Object: 'Object Repository/ADMIN/Custom Item Fields List Page/a_SelectCategories/a_Categories/checkbox_2' is clicked on

2019-05-27 14:15:43 - [MESSAGE][PASSED] - Object: 'Object Repository/ADMIN/Custom Item Fields List Page/a_SelectCategories/a_Categories/checkbox_2' is clicked on

2019-05-27 14:15:43 - [TEST_STEP][PASSED] - click: Object: 'Object Repository/ADMIN/Custom Item Fields List Page/a_SelectCategories/button_Save' is clicked on

2019-05-27 14:15:43 - [MESSAGE][PASSED] - Object: 'Object Repository/ADMIN/Custom Item Fields List Page/a_SelectCategories/button_Save' is clicked on

2019-05-27 14:15:43 - [TEST_STEP][PASSED] - delay: Delayed 1 second(s)

2019-05-27 14:15:44 - [MESSAGE][PASSED] - Delayed 1 second(s)

2019-05-27 14:15:44 - [TEST_STEP][PASSED] - scrollToElement: Scroll to object 'Object Repository/ADMIN/Custom Item Fields Page/a_Default/button_Save1' successfully

2019-05-27 14:15:44 - [MESSAGE][WARNING] - Timeout '0' is invalid. Using default page load timeout: '30'

2019-05-27 14:15:44 - [MESSAGE][PASSED] - Scroll to object 'Object Repository/ADMIN/Custom Item Fields Page/a_Default/button_Save1' successfully

2019-05-27 14:15:44 - [TEST_STEP][PASSED] - click: Object: 'Object Repository/ADMIN/Custom Item Fields Page/a_Default/button_Save1' is clicked on

2019-05-27 14:15:44 - [MESSAGE][PASSED] - Object: 'Object Repository/ADMIN/Custom Item Fields Page/a_Default/button_Save1' is clicked on]]></system-out>
         <system-err><![CDATA[]]></system-err>
      </testcase>
      <testcase name="Test Cases/ADMIN/Custom Fields Page/Add Custom Item Fields/Add_Email" classname="Test Cases/ADMIN/Custom Fields Page/Add Custom Item Fields/Add_Email" status="PASSED">
         <system-out><![CDATA[2019-05-27 14:15:44 - [TEST_CASE][PASSED] - Test Cases/ADMIN/Custom Fields Page/Add Custom Item Fields/Add_Email: Test Cases/ADMIN/Custom Fields Page/Add Custom Item Fields/Add_Email

2019-05-27 14:15:44 - [TEST_STEP][PASSED] - waitForElementVisible: Object 'Object Repository/ADMIN/Custom Item Fields List Page/button_Add Field' is visible

2019-05-27 14:15:44 - [MESSAGE][WARNING] - Timeout '0' is invalid. Using default page load timeout: '30'

2019-05-27 14:15:46 - [MESSAGE][PASSED] - Object 'Object Repository/ADMIN/Custom Item Fields List Page/button_Add Field' is visible

2019-05-27 14:15:46 - [TEST_STEP][PASSED] - click: Object: 'Object Repository/ADMIN/Custom Item Fields List Page/button_Add Field' is clicked on

2019-05-27 14:15:46 - [MESSAGE][PASSED] - Object: 'Object Repository/ADMIN/Custom Item Fields List Page/button_Add Field' is clicked on

2019-05-27 14:15:46 - [TEST_STEP][PASSED] - waitForElementVisible: Object 'Object Repository/ADMIN/Custom Item Fields Page/a_Default/dropdown_fieldtype' is visible

2019-05-27 14:15:46 - [MESSAGE][WARNING] - Timeout '0' is invalid. Using default page load timeout: '30'

2019-05-27 14:15:47 - [MESSAGE][PASSED] - Object 'Object Repository/ADMIN/Custom Item Fields Page/a_Default/dropdown_fieldtype' is visible

2019-05-27 14:15:47 - [TEST_STEP][PASSED] - waitForPageLoad: Wait for page load successfully

2019-05-27 14:15:47 - [MESSAGE][WARNING] - Timeout '0' is invalid. Using default page load timeout: '30'

2019-05-27 14:15:47 - [MESSAGE][PASSED] - Wait for page load successfully

2019-05-27 14:15:47 - [TEST_STEP][PASSED] - click: Object: 'Object Repository/ADMIN/Custom Item Fields Page/a_Default/dropdown_fieldtype' is clicked on

2019-05-27 14:15:47 - [MESSAGE][PASSED] - Object: 'Object Repository/ADMIN/Custom Item Fields Page/a_Default/dropdown_fieldtype' is clicked on

2019-05-27 14:15:47 - [TEST_STEP][PASSED] - delay: Delayed 2 second(s)

2019-05-27 14:15:49 - [MESSAGE][PASSED] - Delayed 2 second(s)

2019-05-27 14:15:49 - [TEST_STEP][PASSED] - selectOptionByLabel: All options with label 'Email' are selected in object 'Object Repository/ADMIN/Custom Item Fields Page/a_Default/dropdown_fieldtype' 

2019-05-27 14:15:49 - [MESSAGE][PASSED] - All options with label 'Email' are selected in object 'Object Repository/ADMIN/Custom Item Fields Page/a_Default/dropdown_fieldtype' 

2019-05-27 14:15:49 - [TEST_STEP][PASSED] - verifyOptionSelectedByLabel: All options with label 'Email' are selected in object 'Object Repository/ADMIN/Custom Item Fields Page/a_Default/dropdown_fieldtype' 

2019-05-27 14:15:49 - [MESSAGE][WARNING] - Timeout '0' is invalid. Using default page load timeout: '30'

2019-05-27 14:15:49 - [MESSAGE][PASSED] - All options with label 'Email' are selected in object 'Object Repository/ADMIN/Custom Item Fields Page/a_Default/dropdown_fieldtype' 

2019-05-27 14:15:49 - [TEST_STEP][PASSED] - setText: Text 'Email Address' is set on object 'Object Repository/ADMIN/Custom Item Fields Page/a_Default/textfield_fieldname'

2019-05-27 14:15:50 - [MESSAGE][PASSED] - Text 'Email Address' is set on object 'Object Repository/ADMIN/Custom Item Fields Page/a_Default/textfield_fieldname'

2019-05-27 14:15:50 - [TEST_STEP][PASSED] - scrollToElement: Scroll to object 'Object Repository/ADMIN/Custom Item Fields Page/a_Default/button_SelectCategories' successfully

2019-05-27 14:15:50 - [MESSAGE][WARNING] - Timeout '0' is invalid. Using default page load timeout: '30'

2019-05-27 14:15:50 - [MESSAGE][PASSED] - Scroll to object 'Object Repository/ADMIN/Custom Item Fields Page/a_Default/button_SelectCategories' successfully

2019-05-27 14:15:50 - [TEST_STEP][PASSED] - click: Object: 'Object Repository/ADMIN/Custom Item Fields Page/a_Default/button_SelectCategories' is clicked on

2019-05-27 14:15:50 - [MESSAGE][PASSED] - Object: 'Object Repository/ADMIN/Custom Item Fields Page/a_Default/button_SelectCategories' is clicked on

2019-05-27 14:15:50 - [TEST_STEP][PASSED] - waitForElementVisible: Object 'Object Repository/ADMIN/Custom Item Fields List Page/a_SelectCategories/linktext_SelectAll' is visible

2019-05-27 14:15:50 - [MESSAGE][WARNING] - Timeout '0' is invalid. Using default page load timeout: '30'

2019-05-27 14:15:50 - [MESSAGE][PASSED] - Object 'Object Repository/ADMIN/Custom Item Fields List Page/a_SelectCategories/linktext_SelectAll' is visible

2019-05-27 14:15:50 - [TEST_STEP][PASSED] - click: Object: 'Object Repository/ADMIN/Custom Item Fields List Page/a_SelectCategories/linktext_SelectAll' is clicked on

2019-05-27 14:15:50 - [MESSAGE][PASSED] - Object: 'Object Repository/ADMIN/Custom Item Fields List Page/a_SelectCategories/linktext_SelectAll' is clicked on

2019-05-27 14:15:50 - [TEST_STEP][PASSED] - click: Object: 'Object Repository/ADMIN/Custom Item Fields List Page/a_SelectCategories/button_Save' is clicked on

2019-05-27 14:15:51 - [MESSAGE][PASSED] - Object: 'Object Repository/ADMIN/Custom Item Fields List Page/a_SelectCategories/button_Save' is clicked on

2019-05-27 14:15:51 - [TEST_STEP][PASSED] - delay: Delayed 1 second(s)

2019-05-27 14:15:52 - [MESSAGE][PASSED] - Delayed 1 second(s)

2019-05-27 14:15:52 - [TEST_STEP][PASSED] - click: Object: 'Object Repository/ADMIN/Custom Item Fields Page/a_Default/button_Save1' is clicked on

2019-05-27 14:15:52 - [MESSAGE][PASSED] - Object: 'Object Repository/ADMIN/Custom Item Fields Page/a_Default/button_Save1' is clicked on]]></system-out>
         <system-err><![CDATA[]]></system-err>
      </testcase>
      <testcase name="Test Cases/ADMIN/Custom Fields Page/Add Custom Item Fields/Add_Percentage" classname="Test Cases/ADMIN/Custom Fields Page/Add Custom Item Fields/Add_Percentage" status="PASSED">
         <system-out><![CDATA[2019-05-27 14:15:52 - [TEST_CASE][PASSED] - Test Cases/ADMIN/Custom Fields Page/Add Custom Item Fields/Add_Percentage: Test Cases/ADMIN/Custom Fields Page/Add Custom Item Fields/Add_Percentage

2019-05-27 14:15:52 - [TEST_STEP][PASSED] - waitForElementVisible: Object 'Object Repository/ADMIN/Custom Item Fields List Page/button_Add Field' is visible

2019-05-27 14:15:52 - [MESSAGE][WARNING] - Timeout '0' is invalid. Using default page load timeout: '30'

2019-05-27 14:15:54 - [MESSAGE][PASSED] - Object 'Object Repository/ADMIN/Custom Item Fields List Page/button_Add Field' is visible

2019-05-27 14:15:54 - [TEST_STEP][PASSED] - click: Object: 'Object Repository/ADMIN/Custom Item Fields List Page/button_Add Field' is clicked on

2019-05-27 14:15:55 - [MESSAGE][PASSED] - Object: 'Object Repository/ADMIN/Custom Item Fields List Page/button_Add Field' is clicked on

2019-05-27 14:15:55 - [TEST_STEP][PASSED] - waitForElementVisible: Object 'Object Repository/ADMIN/Custom Item Fields Page/a_Default/dropdown_fieldtype' is visible

2019-05-27 14:15:55 - [MESSAGE][WARNING] - Timeout '0' is invalid. Using default page load timeout: '30'

2019-05-27 14:15:55 - [MESSAGE][PASSED] - Object 'Object Repository/ADMIN/Custom Item Fields Page/a_Default/dropdown_fieldtype' is visible

2019-05-27 14:15:55 - [TEST_STEP][PASSED] - waitForPageLoad: Wait for page load successfully

2019-05-27 14:15:55 - [MESSAGE][WARNING] - Timeout '0' is invalid. Using default page load timeout: '30'

2019-05-27 14:15:55 - [MESSAGE][PASSED] - Wait for page load successfully

2019-05-27 14:15:55 - [TEST_STEP][PASSED] - click: Object: 'Object Repository/ADMIN/Custom Item Fields Page/a_Default/dropdown_fieldtype' is clicked on

2019-05-27 14:15:55 - [MESSAGE][PASSED] - Object: 'Object Repository/ADMIN/Custom Item Fields Page/a_Default/dropdown_fieldtype' is clicked on

2019-05-27 14:15:55 - [TEST_STEP][PASSED] - delay: Delayed 2 second(s)

2019-05-27 14:15:57 - [MESSAGE][PASSED] - Delayed 2 second(s)

2019-05-27 14:15:57 - [TEST_STEP][PASSED] - selectOptionByLabel: All options with label 'Percentage' are selected in object 'Object Repository/ADMIN/Custom Item Fields Page/a_Default/dropdown_fieldtype' 

2019-05-27 14:15:57 - [MESSAGE][PASSED] - All options with label 'Percentage' are selected in object 'Object Repository/ADMIN/Custom Item Fields Page/a_Default/dropdown_fieldtype' 

2019-05-27 14:15:57 - [TEST_STEP][PASSED] - verifyOptionSelectedByLabel: All options with label 'Percentage' are selected in object 'Object Repository/ADMIN/Custom Item Fields Page/a_Default/dropdown_fieldtype' 

2019-05-27 14:15:57 - [MESSAGE][WARNING] - Timeout '0' is invalid. Using default page load timeout: '30'

2019-05-27 14:15:58 - [MESSAGE][PASSED] - All options with label 'Percentage' are selected in object 'Object Repository/ADMIN/Custom Item Fields Page/a_Default/dropdown_fieldtype' 

2019-05-27 14:15:58 - [TEST_STEP][PASSED] - setText: Text 'Percentage' is set on object 'Object Repository/ADMIN/Custom Item Fields Page/a_Default/textfield_fieldname'

2019-05-27 14:15:58 - [MESSAGE][PASSED] - Text 'Percentage' is set on object 'Object Repository/ADMIN/Custom Item Fields Page/a_Default/textfield_fieldname'

2019-05-27 14:15:58 - [TEST_STEP][PASSED] - scrollToElement: Scroll to object 'Object Repository/ADMIN/Custom Item Fields Page/a_Default/button_SelectCategories' successfully

2019-05-27 14:15:58 - [MESSAGE][WARNING] - Timeout '0' is invalid. Using default page load timeout: '30'

2019-05-27 14:15:58 - [MESSAGE][PASSED] - Scroll to object 'Object Repository/ADMIN/Custom Item Fields Page/a_Default/button_SelectCategories' successfully

2019-05-27 14:15:58 - [TEST_STEP][PASSED] - click: Object: 'Object Repository/ADMIN/Custom Item Fields Page/a_Default/button_SelectCategories' is clicked on

2019-05-27 14:15:58 - [MESSAGE][PASSED] - Object: 'Object Repository/ADMIN/Custom Item Fields Page/a_Default/button_SelectCategories' is clicked on

2019-05-27 14:15:58 - [TEST_STEP][PASSED] - waitForElementVisible: Object 'Object Repository/ADMIN/Custom Item Fields List Page/a_SelectCategories/linktext_SelectAll' is visible

2019-05-27 14:15:58 - [MESSAGE][WARNING] - Timeout '0' is invalid. Using default page load timeout: '30'

2019-05-27 14:15:58 - [MESSAGE][PASSED] - Object 'Object Repository/ADMIN/Custom Item Fields List Page/a_SelectCategories/linktext_SelectAll' is visible

2019-05-27 14:15:58 - [TEST_STEP][PASSED] - scrollToElement: Scroll to object 'Object Repository/ADMIN/Custom Item Fields List Page/a_SelectCategories/a_Categories/checkbox_1.3' successfully

2019-05-27 14:15:58 - [MESSAGE][WARNING] - Timeout '0' is invalid. Using default page load timeout: '30'

2019-05-27 14:15:58 - [MESSAGE][PASSED] - Scroll to object 'Object Repository/ADMIN/Custom Item Fields List Page/a_SelectCategories/a_Categories/checkbox_1.3' successfully

2019-05-27 14:15:58 - [TEST_STEP][PASSED] - click: Object: 'Object Repository/ADMIN/Custom Item Fields List Page/a_SelectCategories/a_Categories/checkbox_1.3' is clicked on

2019-05-27 14:15:59 - [MESSAGE][PASSED] - Object: 'Object Repository/ADMIN/Custom Item Fields List Page/a_SelectCategories/a_Categories/checkbox_1.3' is clicked on

2019-05-27 14:15:59 - [TEST_STEP][PASSED] - click: Object: 'Object Repository/ADMIN/Custom Item Fields List Page/a_SelectCategories/button_Save' is clicked on

2019-05-27 14:15:59 - [MESSAGE][PASSED] - Object: 'Object Repository/ADMIN/Custom Item Fields List Page/a_SelectCategories/button_Save' is clicked on

2019-05-27 14:15:59 - [TEST_STEP][PASSED] - delay: Delayed 1 second(s)

2019-05-27 14:16:00 - [MESSAGE][PASSED] - Delayed 1 second(s)

2019-05-27 14:16:00 - [TEST_STEP][PASSED] - scrollToElement: Scroll to object 'Object Repository/ADMIN/Custom Item Fields Page/a_Default/button_Save1' successfully

2019-05-27 14:16:00 - [MESSAGE][WARNING] - Timeout '0' is invalid. Using default page load timeout: '30'

2019-05-27 14:16:00 - [MESSAGE][PASSED] - Scroll to object 'Object Repository/ADMIN/Custom Item Fields Page/a_Default/button_Save1' successfully

2019-05-27 14:16:00 - [TEST_STEP][PASSED] - click: Object: 'Object Repository/ADMIN/Custom Item Fields Page/a_Default/button_Save1' is clicked on

2019-05-27 14:16:00 - [MESSAGE][PASSED] - Object: 'Object Repository/ADMIN/Custom Item Fields Page/a_Default/button_Save1' is clicked on]]></system-out>
         <system-err><![CDATA[]]></system-err>
      </testcase>
      <testcase name="Test Cases/ADMIN/Custom Fields Page/Add Custom Item Fields/Add_Number" classname="Test Cases/ADMIN/Custom Fields Page/Add Custom Item Fields/Add_Number" status="PASSED">
         <system-out><![CDATA[2019-05-27 14:16:00 - [TEST_CASE][PASSED] - Test Cases/ADMIN/Custom Fields Page/Add Custom Item Fields/Add_Number: Test Cases/ADMIN/Custom Fields Page/Add Custom Item Fields/Add_Number

2019-05-27 14:16:00 - [TEST_STEP][PASSED] - waitForElementVisible: Object 'Object Repository/ADMIN/Custom Item Fields List Page/button_Add Field' is visible

2019-05-27 14:16:00 - [MESSAGE][WARNING] - Timeout '0' is invalid. Using default page load timeout: '30'

2019-05-27 14:16:02 - [MESSAGE][PASSED] - Object 'Object Repository/ADMIN/Custom Item Fields List Page/button_Add Field' is visible

2019-05-27 14:16:02 - [TEST_STEP][PASSED] - click: Object: 'Object Repository/ADMIN/Custom Item Fields List Page/button_Add Field' is clicked on

2019-05-27 14:16:02 - [MESSAGE][PASSED] - Object: 'Object Repository/ADMIN/Custom Item Fields List Page/button_Add Field' is clicked on

2019-05-27 14:16:02 - [TEST_STEP][PASSED] - waitForElementVisible: Object 'Object Repository/ADMIN/Custom Item Fields Page/a_Default/dropdown_fieldtype' is visible

2019-05-27 14:16:02 - [MESSAGE][WARNING] - Timeout '0' is invalid. Using default page load timeout: '30'

2019-05-27 14:16:03 - [MESSAGE][PASSED] - Object 'Object Repository/ADMIN/Custom Item Fields Page/a_Default/dropdown_fieldtype' is visible

2019-05-27 14:16:03 - [TEST_STEP][PASSED] - waitForPageLoad: Wait for page load successfully

2019-05-27 14:16:03 - [MESSAGE][WARNING] - Timeout '0' is invalid. Using default page load timeout: '30'

2019-05-27 14:16:03 - [MESSAGE][PASSED] - Wait for page load successfully

2019-05-27 14:16:03 - [TEST_STEP][PASSED] - click: Object: 'Object Repository/ADMIN/Custom Item Fields Page/a_Default/dropdown_fieldtype' is clicked on

2019-05-27 14:16:03 - [MESSAGE][PASSED] - Object: 'Object Repository/ADMIN/Custom Item Fields Page/a_Default/dropdown_fieldtype' is clicked on

2019-05-27 14:16:03 - [TEST_STEP][PASSED] - delay: Delayed 2 second(s)

2019-05-27 14:16:05 - [MESSAGE][PASSED] - Delayed 2 second(s)

2019-05-27 14:16:05 - [TEST_STEP][PASSED] - selectOptionByLabel: All options with label 'Number' are selected in object 'Object Repository/ADMIN/Custom Item Fields Page/a_Default/dropdown_fieldtype' 

2019-05-27 14:16:05 - [MESSAGE][PASSED] - All options with label 'Number' are selected in object 'Object Repository/ADMIN/Custom Item Fields Page/a_Default/dropdown_fieldtype' 

2019-05-27 14:16:05 - [TEST_STEP][NOT_RUN] - verifyOptionSelectedByLabel: NOT_RUN: verifyOptionSelectedByLabel

2019-05-27 14:16:05 - [MESSAGE][NOT_RUN] - NOT_RUN: verifyOptionSelectedByLabel

2019-05-27 14:16:05 - [TEST_STEP][PASSED] - setText: Text 'Number' is set on object 'Object Repository/ADMIN/Custom Item Fields Page/a_Default/textfield_fieldname'

2019-05-27 14:16:05 - [MESSAGE][PASSED] - Text 'Number' is set on object 'Object Repository/ADMIN/Custom Item Fields Page/a_Default/textfield_fieldname'

2019-05-27 14:16:05 - [TEST_STEP][PASSED] - setText: Text '0' is set on object 'Object Repository/ADMIN/Custom Item Fields Page/a_Number/textfield_minimum'

2019-05-27 14:16:05 - [MESSAGE][PASSED] - Text '0' is set on object 'Object Repository/ADMIN/Custom Item Fields Page/a_Number/textfield_minimum'

2019-05-27 14:16:05 - [TEST_STEP][PASSED] - setText: Text '9999' is set on object 'Object Repository/ADMIN/Custom Item Fields Page/a_Number/textfield_maximum'

2019-05-27 14:16:05 - [MESSAGE][PASSED] - Text '9999' is set on object 'Object Repository/ADMIN/Custom Item Fields Page/a_Number/textfield_maximum'

2019-05-27 14:16:05 - [TEST_STEP][PASSED] - scrollToElement: Scroll to object 'Object Repository/ADMIN/Custom Item Fields Page/a_Default/button_SelectCategories' successfully

2019-05-27 14:16:05 - [MESSAGE][WARNING] - Timeout '0' is invalid. Using default page load timeout: '30'

2019-05-27 14:16:05 - [MESSAGE][PASSED] - Scroll to object 'Object Repository/ADMIN/Custom Item Fields Page/a_Default/button_SelectCategories' successfully

2019-05-27 14:16:05 - [TEST_STEP][PASSED] - click: Object: 'Object Repository/ADMIN/Custom Item Fields Page/a_Default/button_SelectCategories' is clicked on

2019-05-27 14:16:05 - [MESSAGE][PASSED] - Object: 'Object Repository/ADMIN/Custom Item Fields Page/a_Default/button_SelectCategories' is clicked on

2019-05-27 14:16:05 - [TEST_STEP][PASSED] - waitForElementVisible: Object 'Object Repository/ADMIN/Custom Item Fields List Page/a_SelectCategories/linktext_SelectAll' is visible

2019-05-27 14:16:05 - [MESSAGE][WARNING] - Timeout '0' is invalid. Using default page load timeout: '30'

2019-05-27 14:16:06 - [MESSAGE][PASSED] - Object 'Object Repository/ADMIN/Custom Item Fields List Page/a_SelectCategories/linktext_SelectAll' is visible

2019-05-27 14:16:06 - [TEST_STEP][PASSED] - click: Object: 'Object Repository/ADMIN/Custom Item Fields List Page/a_SelectCategories/linktext_SelectAll' is clicked on

2019-05-27 14:16:06 - [MESSAGE][PASSED] - Object: 'Object Repository/ADMIN/Custom Item Fields List Page/a_SelectCategories/linktext_SelectAll' is clicked on

2019-05-27 14:16:06 - [TEST_STEP][PASSED] - click: Object: 'Object Repository/ADMIN/Custom Item Fields List Page/a_SelectCategories/button_Save' is clicked on

2019-05-27 14:16:06 - [MESSAGE][PASSED] - Object: 'Object Repository/ADMIN/Custom Item Fields List Page/a_SelectCategories/button_Save' is clicked on

2019-05-27 14:16:06 - [TEST_STEP][PASSED] - delay: Delayed 1 second(s)

2019-05-27 14:16:07 - [MESSAGE][PASSED] - Delayed 1 second(s)

2019-05-27 14:16:07 - [TEST_STEP][PASSED] - scrollToElement: Scroll to object 'Object Repository/ADMIN/Custom Item Fields Page/a_Default/button_Save1' successfully

2019-05-27 14:16:07 - [MESSAGE][WARNING] - Timeout '0' is invalid. Using default page load timeout: '30'

2019-05-27 14:16:07 - [MESSAGE][PASSED] - Scroll to object 'Object Repository/ADMIN/Custom Item Fields Page/a_Default/button_Save1' successfully

2019-05-27 14:16:07 - [TEST_STEP][PASSED] - click: Object: 'Object Repository/ADMIN/Custom Item Fields Page/a_Default/button_Save1' is clicked on

2019-05-27 14:16:07 - [MESSAGE][PASSED] - Object: 'Object Repository/ADMIN/Custom Item Fields Page/a_Default/button_Save1' is clicked on]]></system-out>
         <system-err><![CDATA[]]></system-err>
      </testcase>
      <testcase name="Test Cases/ADMIN/Custom Fields Page/Add Custom Item Fields/Add_Checkbox" classname="Test Cases/ADMIN/Custom Fields Page/Add Custom Item Fields/Add_Checkbox" status="PASSED">
         <system-out><![CDATA[2019-05-27 14:16:07 - [TEST_CASE][PASSED] - Test Cases/ADMIN/Custom Fields Page/Add Custom Item Fields/Add_Checkbox: Test Cases/ADMIN/Custom Fields Page/Add Custom Item Fields/Add_Checkbox

2019-05-27 14:16:07 - [TEST_STEP][PASSED] - waitForElementVisible: Object 'Object Repository/ADMIN/Custom Item Fields List Page/button_Add Field' is visible

2019-05-27 14:16:07 - [MESSAGE][WARNING] - Timeout '0' is invalid. Using default page load timeout: '30'

2019-05-27 14:16:09 - [MESSAGE][PASSED] - Object 'Object Repository/ADMIN/Custom Item Fields List Page/button_Add Field' is visible

2019-05-27 14:16:09 - [TEST_STEP][PASSED] - click: Object: 'Object Repository/ADMIN/Custom Item Fields List Page/button_Add Field' is clicked on

2019-05-27 14:16:10 - [MESSAGE][PASSED] - Object: 'Object Repository/ADMIN/Custom Item Fields List Page/button_Add Field' is clicked on

2019-05-27 14:16:10 - [TEST_STEP][PASSED] - waitForElementVisible: Object 'Object Repository/ADMIN/Custom Item Fields Page/a_Default/dropdown_fieldtype' is visible

2019-05-27 14:16:10 - [MESSAGE][WARNING] - Timeout '0' is invalid. Using default page load timeout: '30'

2019-05-27 14:16:10 - [MESSAGE][PASSED] - Object 'Object Repository/ADMIN/Custom Item Fields Page/a_Default/dropdown_fieldtype' is visible

2019-05-27 14:16:10 - [TEST_STEP][PASSED] - waitForPageLoad: Wait for page load successfully

2019-05-27 14:16:10 - [MESSAGE][WARNING] - Timeout '0' is invalid. Using default page load timeout: '30'

2019-05-27 14:16:10 - [MESSAGE][PASSED] - Wait for page load successfully

2019-05-27 14:16:10 - [TEST_STEP][PASSED] - click: Object: 'Object Repository/ADMIN/Custom Item Fields Page/a_Default/dropdown_fieldtype' is clicked on

2019-05-27 14:16:10 - [MESSAGE][PASSED] - Object: 'Object Repository/ADMIN/Custom Item Fields Page/a_Default/dropdown_fieldtype' is clicked on

2019-05-27 14:16:10 - [TEST_STEP][PASSED] - delay: Delayed 2 second(s)

2019-05-27 14:16:12 - [MESSAGE][PASSED] - Delayed 2 second(s)

2019-05-27 14:16:12 - [TEST_STEP][PASSED] - selectOptionByLabel: All options with label 'Checkbox' are selected in object 'Object Repository/ADMIN/Custom Item Fields Page/a_Default/dropdown_fieldtype' 

2019-05-27 14:16:12 - [MESSAGE][PASSED] - All options with label 'Checkbox' are selected in object 'Object Repository/ADMIN/Custom Item Fields Page/a_Default/dropdown_fieldtype' 

2019-05-27 14:16:12 - [TEST_STEP][NOT_RUN] - verifyOptionSelectedByLabel: NOT_RUN: verifyOptionSelectedByLabel

2019-05-27 14:16:12 - [MESSAGE][NOT_RUN] - NOT_RUN: verifyOptionSelectedByLabel

2019-05-27 14:16:12 - [TEST_STEP][PASSED] - setText: Text 'Checkbox Mandatory' is set on object 'Object Repository/ADMIN/Custom Item Fields Page/a_Default/textfield_fieldname'

2019-05-27 14:16:13 - [MESSAGE][PASSED] - Text 'Checkbox Mandatory' is set on object 'Object Repository/ADMIN/Custom Item Fields Page/a_Default/textfield_fieldname'

2019-05-27 14:16:13 - [TEST_STEP][PASSED] - waitForElementVisible: Object 'Object Repository/ADMIN/Custom Item Fields Page/a_Checkbox/textfield_option1' is visible

2019-05-27 14:16:13 - [MESSAGE][WARNING] - Timeout '0' is invalid. Using default page load timeout: '30'

2019-05-27 14:16:13 - [MESSAGE][PASSED] - Object 'Object Repository/ADMIN/Custom Item Fields Page/a_Checkbox/textfield_option1' is visible

2019-05-27 14:16:13 - [TEST_STEP][PASSED] - click: Object: 'Object Repository/ADMIN/Custom Item Fields Page/a_Checkbox/button_addoption' is clicked on

2019-05-27 14:16:13 - [MESSAGE][PASSED] - Object: 'Object Repository/ADMIN/Custom Item Fields Page/a_Checkbox/button_addoption' is clicked on

2019-05-27 14:16:13 - [TEST_STEP][PASSED] - waitForElementVisible: Object 'Object Repository/ADMIN/Custom Item Fields Page/a_Checkbox/textfield_option3' is visible

2019-05-27 14:16:13 - [MESSAGE][WARNING] - Timeout '0' is invalid. Using default page load timeout: '30'

2019-05-27 14:16:13 - [MESSAGE][PASSED] - Object 'Object Repository/ADMIN/Custom Item Fields Page/a_Checkbox/textfield_option3' is visible

2019-05-27 14:16:13 - [TEST_STEP][PASSED] - click: Object: 'Object Repository/ADMIN/Custom Item Fields Page/a_Checkbox/button_addoption' is clicked on

2019-05-27 14:16:13 - [MESSAGE][PASSED] - Object: 'Object Repository/ADMIN/Custom Item Fields Page/a_Checkbox/button_addoption' is clicked on

2019-05-27 14:16:13 - [TEST_STEP][PASSED] - waitForElementVisible: Object 'Object Repository/ADMIN/Custom Item Fields Page/a_Checkbox/textfield_option4' is visible

2019-05-27 14:16:13 - [MESSAGE][WARNING] - Timeout '0' is invalid. Using default page load timeout: '30'

2019-05-27 14:16:13 - [MESSAGE][PASSED] - Object 'Object Repository/ADMIN/Custom Item Fields Page/a_Checkbox/textfield_option4' is visible

2019-05-27 14:16:13 - [TEST_STEP][PASSED] - click: Object: 'Object Repository/ADMIN/Custom Item Fields Page/a_Checkbox/button_addoption' is clicked on

2019-05-27 14:16:13 - [MESSAGE][PASSED] - Object: 'Object Repository/ADMIN/Custom Item Fields Page/a_Checkbox/button_addoption' is clicked on

2019-05-27 14:16:13 - [TEST_STEP][PASSED] - waitForElementVisible: Object 'Object Repository/ADMIN/Custom Item Fields Page/a_Checkbox/textfield_option5' is visible

2019-05-27 14:16:13 - [MESSAGE][WARNING] - Timeout '0' is invalid. Using default page load timeout: '30'

2019-05-27 14:16:13 - [MESSAGE][PASSED] - Object 'Object Repository/ADMIN/Custom Item Fields Page/a_Checkbox/textfield_option5' is visible

2019-05-27 14:16:13 - [TEST_STEP][PASSED] - setText: Text 'Checkbox 1' is set on object 'Object Repository/ADMIN/Custom Item Fields Page/a_Checkbox/textfield_option1'

2019-05-27 14:16:13 - [MESSAGE][PASSED] - Text 'Checkbox 1' is set on object 'Object Repository/ADMIN/Custom Item Fields Page/a_Checkbox/textfield_option1'

2019-05-27 14:16:13 - [TEST_STEP][PASSED] - setText: Text 'Checkbox 2' is set on object 'Object Repository/ADMIN/Custom Item Fields Page/a_Checkbox/textfield_option2'

2019-05-27 14:16:13 - [MESSAGE][PASSED] - Text 'Checkbox 2' is set on object 'Object Repository/ADMIN/Custom Item Fields Page/a_Checkbox/textfield_option2'

2019-05-27 14:16:13 - [TEST_STEP][PASSED] - setText: Text 'Checkbox 3' is set on object 'Object Repository/ADMIN/Custom Item Fields Page/a_Checkbox/textfield_option3'

2019-05-27 14:16:14 - [MESSAGE][PASSED] - Text 'Checkbox 3' is set on object 'Object Repository/ADMIN/Custom Item Fields Page/a_Checkbox/textfield_option3'

2019-05-27 14:16:14 - [TEST_STEP][PASSED] - setText: Text 'Checkbox 4' is set on object 'Object Repository/ADMIN/Custom Item Fields Page/a_Checkbox/textfield_option4'

2019-05-27 14:16:14 - [MESSAGE][PASSED] - Text 'Checkbox 4' is set on object 'Object Repository/ADMIN/Custom Item Fields Page/a_Checkbox/textfield_option4'

2019-05-27 14:16:14 - [TEST_STEP][PASSED] - setText: Text 'Checkbox 5' is set on object 'Object Repository/ADMIN/Custom Item Fields Page/a_Checkbox/textfield_option5'

2019-05-27 14:16:14 - [MESSAGE][PASSED] - Text 'Checkbox 5' is set on object 'Object Repository/ADMIN/Custom Item Fields Page/a_Checkbox/textfield_option5'

2019-05-27 14:16:14 - [TEST_STEP][PASSED] - scrollToElement: Scroll to object 'Object Repository/ADMIN/Custom Item Fields Page/a_Default/button_SelectCategories' successfully

2019-05-27 14:16:14 - [MESSAGE][WARNING] - Timeout '0' is invalid. Using default page load timeout: '30'

2019-05-27 14:16:14 - [MESSAGE][PASSED] - Scroll to object 'Object Repository/ADMIN/Custom Item Fields Page/a_Default/button_SelectCategories' successfully

2019-05-27 14:16:14 - [TEST_STEP][PASSED] - click: Object: 'Object Repository/ADMIN/Custom Item Fields Page/a_Default/button_SelectCategories' is clicked on

2019-05-27 14:16:14 - [MESSAGE][PASSED] - Object: 'Object Repository/ADMIN/Custom Item Fields Page/a_Default/button_SelectCategories' is clicked on

2019-05-27 14:16:14 - [TEST_STEP][PASSED] - waitForElementVisible: Object 'Object Repository/ADMIN/Custom Item Fields List Page/a_SelectCategories/linktext_SelectAll' is visible

2019-05-27 14:16:14 - [MESSAGE][WARNING] - Timeout '0' is invalid. Using default page load timeout: '30'

2019-05-27 14:16:15 - [MESSAGE][PASSED] - Object 'Object Repository/ADMIN/Custom Item Fields List Page/a_SelectCategories/linktext_SelectAll' is visible

2019-05-27 14:16:15 - [TEST_STEP][PASSED] - scrollToElement: Scroll to object 'Object Repository/ADMIN/Custom Item Fields List Page/a_SelectCategories/a_Categories/checkbox_2' successfully

2019-05-27 14:16:15 - [MESSAGE][WARNING] - Timeout '0' is invalid. Using default page load timeout: '30'

2019-05-27 14:16:15 - [MESSAGE][PASSED] - Scroll to object 'Object Repository/ADMIN/Custom Item Fields List Page/a_SelectCategories/a_Categories/checkbox_2' successfully

2019-05-27 14:16:15 - [TEST_STEP][PASSED] - click: Object: 'Object Repository/ADMIN/Custom Item Fields List Page/a_SelectCategories/a_Categories/checkbox_2' is clicked on

2019-05-27 14:16:15 - [MESSAGE][PASSED] - Object: 'Object Repository/ADMIN/Custom Item Fields List Page/a_SelectCategories/a_Categories/checkbox_2' is clicked on

2019-05-27 14:16:15 - [TEST_STEP][PASSED] - click: Object: 'Object Repository/ADMIN/Custom Item Fields List Page/a_SelectCategories/button_Save' is clicked on

2019-05-27 14:16:15 - [MESSAGE][PASSED] - Object: 'Object Repository/ADMIN/Custom Item Fields List Page/a_SelectCategories/button_Save' is clicked on

2019-05-27 14:16:15 - [TEST_STEP][PASSED] - delay: Delayed 1 second(s)

2019-05-27 14:16:16 - [MESSAGE][PASSED] - Delayed 1 second(s)

2019-05-27 14:16:16 - [TEST_STEP][PASSED] - scrollToElement: Scroll to object 'Object Repository/ADMIN/Custom Item Fields Page/a_Default/button_Save1' successfully

2019-05-27 14:16:16 - [MESSAGE][WARNING] - Timeout '0' is invalid. Using default page load timeout: '30'

2019-05-27 14:16:16 - [MESSAGE][PASSED] - Scroll to object 'Object Repository/ADMIN/Custom Item Fields Page/a_Default/button_Save1' successfully

2019-05-27 14:16:16 - [TEST_STEP][PASSED] - click: Object: 'Object Repository/ADMIN/Custom Item Fields Page/a_Default/button_Save1' is clicked on

2019-05-27 14:16:16 - [MESSAGE][PASSED] - Object: 'Object Repository/ADMIN/Custom Item Fields Page/a_Default/button_Save1' is clicked on

2019-05-27 14:16:16 - [TEST_STEP][PASSED] - waitForElementVisible: Object 'Object Repository/ADMIN/Custom Item Fields List Page/button_Add Field' is visible

2019-05-27 14:16:16 - [MESSAGE][WARNING] - Timeout '0' is invalid. Using default page load timeout: '30'

2019-05-27 14:16:18 - [MESSAGE][PASSED] - Object 'Object Repository/ADMIN/Custom Item Fields List Page/button_Add Field' is visible

2019-05-27 14:16:18 - [TEST_STEP][PASSED] - click: Object: 'Object Repository/ADMIN/Custom Item Fields List Page/button_Add Field' is clicked on

2019-05-27 14:16:19 - [MESSAGE][PASSED] - Object: 'Object Repository/ADMIN/Custom Item Fields List Page/button_Add Field' is clicked on

2019-05-27 14:16:19 - [TEST_STEP][PASSED] - waitForElementVisible: Object 'Object Repository/ADMIN/Custom Item Fields Page/a_Default/dropdown_fieldtype' is visible

2019-05-27 14:16:19 - [MESSAGE][WARNING] - Timeout '0' is invalid. Using default page load timeout: '30'

2019-05-27 14:16:19 - [MESSAGE][PASSED] - Object 'Object Repository/ADMIN/Custom Item Fields Page/a_Default/dropdown_fieldtype' is visible

2019-05-27 14:16:19 - [TEST_STEP][PASSED] - waitForPageLoad: Wait for page load successfully

2019-05-27 14:16:19 - [MESSAGE][WARNING] - Timeout '0' is invalid. Using default page load timeout: '30'

2019-05-27 14:16:19 - [MESSAGE][PASSED] - Wait for page load successfully

2019-05-27 14:16:19 - [TEST_STEP][PASSED] - click: Object: 'Object Repository/ADMIN/Custom Item Fields Page/a_Default/dropdown_fieldtype' is clicked on

2019-05-27 14:16:19 - [MESSAGE][PASSED] - Object: 'Object Repository/ADMIN/Custom Item Fields Page/a_Default/dropdown_fieldtype' is clicked on

2019-05-27 14:16:19 - [TEST_STEP][PASSED] - delay: Delayed 2 second(s)

2019-05-27 14:16:21 - [MESSAGE][PASSED] - Delayed 2 second(s)

2019-05-27 14:16:21 - [TEST_STEP][PASSED] - selectOptionByLabel: All options with label 'Checkbox' are selected in object 'Object Repository/ADMIN/Custom Item Fields Page/a_Default/dropdown_fieldtype' 

2019-05-27 14:16:21 - [MESSAGE][PASSED] - All options with label 'Checkbox' are selected in object 'Object Repository/ADMIN/Custom Item Fields Page/a_Default/dropdown_fieldtype' 

2019-05-27 14:16:21 - [TEST_STEP][NOT_RUN] - verifyOptionSelectedByLabel: NOT_RUN: verifyOptionSelectedByLabel

2019-05-27 14:16:21 - [MESSAGE][NOT_RUN] - NOT_RUN: verifyOptionSelectedByLabel

2019-05-27 14:16:21 - [TEST_STEP][PASSED] - setText: Text 'Checkbox Non-Mandatory' is set on object 'Object Repository/ADMIN/Custom Item Fields Page/a_Default/textfield_fieldname'

2019-05-27 14:16:21 - [MESSAGE][PASSED] - Text 'Checkbox Non-Mandatory' is set on object 'Object Repository/ADMIN/Custom Item Fields Page/a_Default/textfield_fieldname'

2019-05-27 14:16:21 - [TEST_STEP][PASSED] - waitForElementVisible: Object 'Object Repository/ADMIN/Custom Item Fields Page/a_Checkbox/textfield_option1' is visible

2019-05-27 14:16:21 - [MESSAGE][WARNING] - Timeout '0' is invalid. Using default page load timeout: '30'

2019-05-27 14:16:21 - [MESSAGE][PASSED] - Object 'Object Repository/ADMIN/Custom Item Fields Page/a_Checkbox/textfield_option1' is visible

2019-05-27 14:16:21 - [TEST_STEP][PASSED] - click: Object: 'Object Repository/ADMIN/Custom Item Fields Page/a_Default/togglebutton_mandatory' is clicked on

2019-05-27 14:16:22 - [MESSAGE][PASSED] - Object: 'Object Repository/ADMIN/Custom Item Fields Page/a_Default/togglebutton_mandatory' is clicked on

2019-05-27 14:16:22 - [TEST_STEP][PASSED] - delay: Delayed 0 second(s)

2019-05-27 14:16:22 - [MESSAGE][PASSED] - Delayed 0 second(s)

2019-05-27 14:16:22 - [TEST_STEP][PASSED] - click: Object: 'Object Repository/ADMIN/Custom Item Fields Page/a_Checkbox/button_addoption' is clicked on

2019-05-27 14:16:22 - [MESSAGE][PASSED] - Object: 'Object Repository/ADMIN/Custom Item Fields Page/a_Checkbox/button_addoption' is clicked on

2019-05-27 14:16:22 - [TEST_STEP][PASSED] - waitForElementVisible: Object 'Object Repository/ADMIN/Custom Item Fields Page/a_Checkbox/textfield_option3' is visible

2019-05-27 14:16:22 - [MESSAGE][WARNING] - Timeout '0' is invalid. Using default page load timeout: '30'

2019-05-27 14:16:22 - [MESSAGE][PASSED] - Object 'Object Repository/ADMIN/Custom Item Fields Page/a_Checkbox/textfield_option3' is visible

2019-05-27 14:16:22 - [TEST_STEP][PASSED] - click: Object: 'Object Repository/ADMIN/Custom Item Fields Page/a_Checkbox/button_addoption' is clicked on

2019-05-27 14:16:22 - [MESSAGE][PASSED] - Object: 'Object Repository/ADMIN/Custom Item Fields Page/a_Checkbox/button_addoption' is clicked on

2019-05-27 14:16:22 - [TEST_STEP][PASSED] - waitForElementVisible: Object 'Object Repository/ADMIN/Custom Item Fields Page/a_Checkbox/textfield_option4' is visible

2019-05-27 14:16:22 - [MESSAGE][WARNING] - Timeout '0' is invalid. Using default page load timeout: '30'

2019-05-27 14:16:22 - [MESSAGE][PASSED] - Object 'Object Repository/ADMIN/Custom Item Fields Page/a_Checkbox/textfield_option4' is visible

2019-05-27 14:16:22 - [TEST_STEP][PASSED] - click: Object: 'Object Repository/ADMIN/Custom Item Fields Page/a_Checkbox/button_addoption' is clicked on

2019-05-27 14:16:22 - [MESSAGE][PASSED] - Object: 'Object Repository/ADMIN/Custom Item Fields Page/a_Checkbox/button_addoption' is clicked on

2019-05-27 14:16:22 - [TEST_STEP][PASSED] - waitForElementVisible: Object 'Object Repository/ADMIN/Custom Item Fields Page/a_Checkbox/textfield_option5' is visible

2019-05-27 14:16:22 - [MESSAGE][WARNING] - Timeout '0' is invalid. Using default page load timeout: '30'

2019-05-27 14:16:22 - [MESSAGE][PASSED] - Object 'Object Repository/ADMIN/Custom Item Fields Page/a_Checkbox/textfield_option5' is visible

2019-05-27 14:16:22 - [TEST_STEP][PASSED] - setText: Text 'Checkbox 1' is set on object 'Object Repository/ADMIN/Custom Item Fields Page/a_Checkbox/textfield_option1'

2019-05-27 14:16:22 - [MESSAGE][PASSED] - Text 'Checkbox 1' is set on object 'Object Repository/ADMIN/Custom Item Fields Page/a_Checkbox/textfield_option1'

2019-05-27 14:16:22 - [TEST_STEP][PASSED] - setText: Text 'Checkbox 2' is set on object 'Object Repository/ADMIN/Custom Item Fields Page/a_Checkbox/textfield_option2'

2019-05-27 14:16:22 - [MESSAGE][PASSED] - Text 'Checkbox 2' is set on object 'Object Repository/ADMIN/Custom Item Fields Page/a_Checkbox/textfield_option2'

2019-05-27 14:16:22 - [TEST_STEP][PASSED] - setText: Text 'Checkbox 3' is set on object 'Object Repository/ADMIN/Custom Item Fields Page/a_Checkbox/textfield_option3'

2019-05-27 14:16:22 - [MESSAGE][PASSED] - Text 'Checkbox 3' is set on object 'Object Repository/ADMIN/Custom Item Fields Page/a_Checkbox/textfield_option3'

2019-05-27 14:16:22 - [TEST_STEP][PASSED] - setText: Text 'Checkbox 4' is set on object 'Object Repository/ADMIN/Custom Item Fields Page/a_Checkbox/textfield_option4'

2019-05-27 14:16:23 - [MESSAGE][PASSED] - Text 'Checkbox 4' is set on object 'Object Repository/ADMIN/Custom Item Fields Page/a_Checkbox/textfield_option4'

2019-05-27 14:16:23 - [TEST_STEP][PASSED] - setText: Text 'Checkbox 5' is set on object 'Object Repository/ADMIN/Custom Item Fields Page/a_Checkbox/textfield_option5'

2019-05-27 14:16:23 - [MESSAGE][PASSED] - Text 'Checkbox 5' is set on object 'Object Repository/ADMIN/Custom Item Fields Page/a_Checkbox/textfield_option5'

2019-05-27 14:16:23 - [TEST_STEP][PASSED] - click: Object: 'Object Repository/ADMIN/Custom Item Fields Page/a_Default/button_Save1' is clicked on

2019-05-27 14:16:23 - [MESSAGE][PASSED] - Object: 'Object Repository/ADMIN/Custom Item Fields Page/a_Default/button_Save1' is clicked on]]></system-out>
         <system-err><![CDATA[]]></system-err>
      </testcase>
      <testcase name="Test Cases/ADMIN/Custom Fields Page/Add Custom Item Fields/Add_Dropdown" classname="Test Cases/ADMIN/Custom Fields Page/Add Custom Item Fields/Add_Dropdown" status="PASSED">
         <system-out><![CDATA[2019-05-27 14:16:23 - [TEST_CASE][PASSED] - Test Cases/ADMIN/Custom Fields Page/Add Custom Item Fields/Add_Dropdown: Test Cases/ADMIN/Custom Fields Page/Add Custom Item Fields/Add_Dropdown

2019-05-27 14:16:23 - [TEST_STEP][PASSED] - waitForElementVisible: Object 'Object Repository/ADMIN/Custom Item Fields List Page/button_Add Field' is visible

2019-05-27 14:16:23 - [MESSAGE][WARNING] - Timeout '0' is invalid. Using default page load timeout: '30'

2019-05-27 14:16:24 - [MESSAGE][PASSED] - Object 'Object Repository/ADMIN/Custom Item Fields List Page/button_Add Field' is visible

2019-05-27 14:16:24 - [TEST_STEP][PASSED] - click: Object: 'Object Repository/ADMIN/Custom Item Fields List Page/button_Add Field' is clicked on

2019-05-27 14:16:25 - [MESSAGE][PASSED] - Object: 'Object Repository/ADMIN/Custom Item Fields List Page/button_Add Field' is clicked on

2019-05-27 14:16:25 - [TEST_STEP][PASSED] - waitForElementVisible: Object 'Object Repository/ADMIN/Custom Item Fields Page/a_Default/dropdown_fieldtype' is visible

2019-05-27 14:16:25 - [MESSAGE][WARNING] - Timeout '0' is invalid. Using default page load timeout: '30'

2019-05-27 14:16:25 - [MESSAGE][PASSED] - Object 'Object Repository/ADMIN/Custom Item Fields Page/a_Default/dropdown_fieldtype' is visible

2019-05-27 14:16:25 - [TEST_STEP][PASSED] - waitForPageLoad: Wait for page load successfully

2019-05-27 14:16:25 - [MESSAGE][WARNING] - Timeout '0' is invalid. Using default page load timeout: '30'

2019-05-27 14:16:25 - [MESSAGE][PASSED] - Wait for page load successfully

2019-05-27 14:16:25 - [TEST_STEP][PASSED] - click: Object: 'Object Repository/ADMIN/Custom Item Fields Page/a_Default/dropdown_fieldtype' is clicked on

2019-05-27 14:16:26 - [MESSAGE][PASSED] - Object: 'Object Repository/ADMIN/Custom Item Fields Page/a_Default/dropdown_fieldtype' is clicked on

2019-05-27 14:16:26 - [TEST_STEP][PASSED] - delay: Delayed 2 second(s)

2019-05-27 14:16:28 - [MESSAGE][PASSED] - Delayed 2 second(s)

2019-05-27 14:16:28 - [TEST_STEP][PASSED] - selectOptionByLabel: All options with label 'Drop Down' are selected in object 'Object Repository/ADMIN/Custom Item Fields Page/a_Default/dropdown_fieldtype' 

2019-05-27 14:16:28 - [MESSAGE][PASSED] - All options with label 'Drop Down' are selected in object 'Object Repository/ADMIN/Custom Item Fields Page/a_Default/dropdown_fieldtype' 

2019-05-27 14:16:28 - [TEST_STEP][NOT_RUN] - verifyOptionSelectedByLabel: NOT_RUN: verifyOptionSelectedByLabel

2019-05-27 14:16:28 - [MESSAGE][NOT_RUN] - NOT_RUN: verifyOptionSelectedByLabel

2019-05-27 14:16:28 - [TEST_STEP][PASSED] - setText: Text 'Dropdown Mandatory' is set on object 'Object Repository/ADMIN/Custom Item Fields Page/a_Default/textfield_fieldname'

2019-05-27 14:16:28 - [MESSAGE][PASSED] - Text 'Dropdown Mandatory' is set on object 'Object Repository/ADMIN/Custom Item Fields Page/a_Default/textfield_fieldname'

2019-05-27 14:16:28 - [TEST_STEP][PASSED] - waitForElementVisible: Object 'Object Repository/ADMIN/Custom Item Fields Page/a_Dropdown/textfield_dropdownOpt1' is visible

2019-05-27 14:16:28 - [MESSAGE][WARNING] - Timeout '0' is invalid. Using default page load timeout: '30'

2019-05-27 14:16:28 - [MESSAGE][PASSED] - Object 'Object Repository/ADMIN/Custom Item Fields Page/a_Dropdown/textfield_dropdownOpt1' is visible

2019-05-27 14:16:28 - [TEST_STEP][PASSED] - delay: Delayed 0 second(s)

2019-05-27 14:16:28 - [MESSAGE][PASSED] - Delayed 0 second(s)

2019-05-27 14:16:28 - [TEST_STEP][PASSED] - scrollToElement: Scroll to object 'Object Repository/ADMIN/Custom Item Fields Page/a_Dropdown/button_addOpt' successfully

2019-05-27 14:16:28 - [MESSAGE][WARNING] - Timeout '0' is invalid. Using default page load timeout: '30'

2019-05-27 14:16:28 - [MESSAGE][PASSED] - Scroll to object 'Object Repository/ADMIN/Custom Item Fields Page/a_Dropdown/button_addOpt' successfully

2019-05-27 14:16:28 - [TEST_STEP][PASSED] - click: Object: 'Object Repository/ADMIN/Custom Item Fields Page/a_Dropdown/button_addOpt' is clicked on

2019-05-27 14:16:28 - [MESSAGE][PASSED] - Object: 'Object Repository/ADMIN/Custom Item Fields Page/a_Dropdown/button_addOpt' is clicked on

2019-05-27 14:16:28 - [TEST_STEP][PASSED] - waitForElementVisible: Object 'Object Repository/ADMIN/Custom Item Fields Page/a_Dropdown/textfield_dropdownOpt3' is visible

2019-05-27 14:16:28 - [MESSAGE][WARNING] - Timeout '0' is invalid. Using default page load timeout: '30'

2019-05-27 14:16:28 - [MESSAGE][PASSED] - Object 'Object Repository/ADMIN/Custom Item Fields Page/a_Dropdown/textfield_dropdownOpt3' is visible

2019-05-27 14:16:28 - [TEST_STEP][PASSED] - click: Object: 'Object Repository/ADMIN/Custom Item Fields Page/a_Dropdown/button_addOpt' is clicked on

2019-05-27 14:16:28 - [MESSAGE][PASSED] - Object: 'Object Repository/ADMIN/Custom Item Fields Page/a_Dropdown/button_addOpt' is clicked on

2019-05-27 14:16:28 - [TEST_STEP][PASSED] - waitForElementVisible: Object 'Object Repository/ADMIN/Custom Item Fields Page/a_Dropdown/textfield_dropdownOpt4' is visible

2019-05-27 14:16:28 - [MESSAGE][WARNING] - Timeout '0' is invalid. Using default page load timeout: '30'

2019-05-27 14:16:28 - [MESSAGE][PASSED] - Object 'Object Repository/ADMIN/Custom Item Fields Page/a_Dropdown/textfield_dropdownOpt4' is visible

2019-05-27 14:16:28 - [TEST_STEP][PASSED] - click: Object: 'Object Repository/ADMIN/Custom Item Fields Page/a_Dropdown/button_addOpt' is clicked on

2019-05-27 14:16:28 - [MESSAGE][PASSED] - Object: 'Object Repository/ADMIN/Custom Item Fields Page/a_Dropdown/button_addOpt' is clicked on

2019-05-27 14:16:28 - [TEST_STEP][PASSED] - waitForElementVisible: Object 'Object Repository/ADMIN/Custom Item Fields Page/a_Dropdown/textfield_dropdownOpt5' is visible

2019-05-27 14:16:28 - [MESSAGE][WARNING] - Timeout '0' is invalid. Using default page load timeout: '30'

2019-05-27 14:16:28 - [MESSAGE][PASSED] - Object 'Object Repository/ADMIN/Custom Item Fields Page/a_Dropdown/textfield_dropdownOpt5' is visible

2019-05-27 14:16:28 - [TEST_STEP][PASSED] - setText: Text 'Select 1' is set on object 'Object Repository/ADMIN/Custom Item Fields Page/a_Dropdown/textfield_dropdownOpt1'

2019-05-27 14:16:28 - [MESSAGE][PASSED] - Text 'Select 1' is set on object 'Object Repository/ADMIN/Custom Item Fields Page/a_Dropdown/textfield_dropdownOpt1'

2019-05-27 14:16:28 - [TEST_STEP][PASSED] - setText: Text 'Select 2' is set on object 'Object Repository/ADMIN/Custom Item Fields Page/a_Dropdown/textfield_dropdownOpt2'

2019-05-27 14:16:29 - [MESSAGE][PASSED] - Text 'Select 2' is set on object 'Object Repository/ADMIN/Custom Item Fields Page/a_Dropdown/textfield_dropdownOpt2'

2019-05-27 14:16:29 - [TEST_STEP][PASSED] - setText: Text 'Select 3' is set on object 'Object Repository/ADMIN/Custom Item Fields Page/a_Dropdown/textfield_dropdownOpt3'

2019-05-27 14:16:29 - [MESSAGE][PASSED] - Text 'Select 3' is set on object 'Object Repository/ADMIN/Custom Item Fields Page/a_Dropdown/textfield_dropdownOpt3'

2019-05-27 14:16:29 - [TEST_STEP][PASSED] - setText: Text 'Select 4' is set on object 'Object Repository/ADMIN/Custom Item Fields Page/a_Dropdown/textfield_dropdownOpt4'

2019-05-27 14:16:29 - [MESSAGE][PASSED] - Text 'Select 4' is set on object 'Object Repository/ADMIN/Custom Item Fields Page/a_Dropdown/textfield_dropdownOpt4'

2019-05-27 14:16:29 - [TEST_STEP][PASSED] - setText: Text 'Select 5' is set on object 'Object Repository/ADMIN/Custom Item Fields Page/a_Dropdown/textfield_dropdownOpt5'

2019-05-27 14:16:29 - [MESSAGE][PASSED] - Text 'Select 5' is set on object 'Object Repository/ADMIN/Custom Item Fields Page/a_Dropdown/textfield_dropdownOpt5'

2019-05-27 14:16:29 - [TEST_STEP][PASSED] - scrollToElement: Scroll to object 'Object Repository/ADMIN/Custom Item Fields Page/a_Default/button_SelectCategories' successfully

2019-05-27 14:16:29 - [MESSAGE][WARNING] - Timeout '0' is invalid. Using default page load timeout: '30'

2019-05-27 14:16:29 - [MESSAGE][PASSED] - Scroll to object 'Object Repository/ADMIN/Custom Item Fields Page/a_Default/button_SelectCategories' successfully

2019-05-27 14:16:29 - [TEST_STEP][PASSED] - click: Object: 'Object Repository/ADMIN/Custom Item Fields Page/a_Default/button_SelectCategories' is clicked on

2019-05-27 14:16:29 - [MESSAGE][PASSED] - Object: 'Object Repository/ADMIN/Custom Item Fields Page/a_Default/button_SelectCategories' is clicked on

2019-05-27 14:16:29 - [TEST_STEP][PASSED] - waitForElementVisible: Object 'Object Repository/ADMIN/Custom Item Fields List Page/a_SelectCategories/linktext_SelectAll' is visible

2019-05-27 14:16:29 - [MESSAGE][WARNING] - Timeout '0' is invalid. Using default page load timeout: '30'

2019-05-27 14:16:30 - [MESSAGE][PASSED] - Object 'Object Repository/ADMIN/Custom Item Fields List Page/a_SelectCategories/linktext_SelectAll' is visible

2019-05-27 14:16:30 - [TEST_STEP][PASSED] - scrollToElement: Scroll to object 'Object Repository/ADMIN/Custom Item Fields List Page/a_SelectCategories/a_Categories/checkbox_6' successfully

2019-05-27 14:16:30 - [MESSAGE][WARNING] - Timeout '0' is invalid. Using default page load timeout: '30'

2019-05-27 14:16:30 - [MESSAGE][PASSED] - Scroll to object 'Object Repository/ADMIN/Custom Item Fields List Page/a_SelectCategories/a_Categories/checkbox_6' successfully

2019-05-27 14:16:30 - [TEST_STEP][PASSED] - click: Object: 'Object Repository/ADMIN/Custom Item Fields List Page/a_SelectCategories/a_Categories/checkbox_6' is clicked on

2019-05-27 14:16:30 - [MESSAGE][PASSED] - Object: 'Object Repository/ADMIN/Custom Item Fields List Page/a_SelectCategories/a_Categories/checkbox_6' is clicked on

2019-05-27 14:16:30 - [TEST_STEP][PASSED] - click: Object: 'Object Repository/ADMIN/Custom Item Fields List Page/a_SelectCategories/button_Save' is clicked on

2019-05-27 14:16:30 - [MESSAGE][PASSED] - Object: 'Object Repository/ADMIN/Custom Item Fields List Page/a_SelectCategories/button_Save' is clicked on

2019-05-27 14:16:30 - [TEST_STEP][PASSED] - delay: Delayed 1 second(s)

2019-05-27 14:16:31 - [MESSAGE][PASSED] - Delayed 1 second(s)

2019-05-27 14:16:31 - [TEST_STEP][PASSED] - scrollToElement: Scroll to object 'Object Repository/ADMIN/Custom Item Fields Page/a_Default/button_Save1' successfully

2019-05-27 14:16:31 - [MESSAGE][WARNING] - Timeout '0' is invalid. Using default page load timeout: '30'

2019-05-27 14:16:31 - [MESSAGE][PASSED] - Scroll to object 'Object Repository/ADMIN/Custom Item Fields Page/a_Default/button_Save1' successfully

2019-05-27 14:16:31 - [TEST_STEP][PASSED] - click: Object: 'Object Repository/ADMIN/Custom Item Fields Page/a_Default/button_Save1' is clicked on

2019-05-27 14:16:31 - [MESSAGE][PASSED] - Object: 'Object Repository/ADMIN/Custom Item Fields Page/a_Default/button_Save1' is clicked on

2019-05-27 14:16:31 - [TEST_STEP][PASSED] - waitForElementVisible: Object 'Object Repository/ADMIN/Custom Item Fields List Page/button_Add Field' is visible

2019-05-27 14:16:31 - [MESSAGE][WARNING] - Timeout '0' is invalid. Using default page load timeout: '30'

2019-05-27 14:16:33 - [MESSAGE][PASSED] - Object 'Object Repository/ADMIN/Custom Item Fields List Page/button_Add Field' is visible

2019-05-27 14:16:33 - [TEST_STEP][PASSED] - click: Object: 'Object Repository/ADMIN/Custom Item Fields List Page/button_Add Field' is clicked on

2019-05-27 14:16:33 - [MESSAGE][PASSED] - Object: 'Object Repository/ADMIN/Custom Item Fields List Page/button_Add Field' is clicked on

2019-05-27 14:16:33 - [TEST_STEP][PASSED] - waitForElementVisible: Object 'Object Repository/ADMIN/Custom Item Fields Page/a_Default/dropdown_fieldtype' is visible

2019-05-27 14:16:33 - [MESSAGE][WARNING] - Timeout '0' is invalid. Using default page load timeout: '30'

2019-05-27 14:16:33 - [MESSAGE][PASSED] - Object 'Object Repository/ADMIN/Custom Item Fields Page/a_Default/dropdown_fieldtype' is visible

2019-05-27 14:16:33 - [TEST_STEP][PASSED] - waitForPageLoad: Wait for page load successfully

2019-05-27 14:16:33 - [MESSAGE][WARNING] - Timeout '0' is invalid. Using default page load timeout: '30'

2019-05-27 14:16:33 - [MESSAGE][PASSED] - Wait for page load successfully

2019-05-27 14:16:33 - [TEST_STEP][PASSED] - click: Object: 'Object Repository/ADMIN/Custom Item Fields Page/a_Default/dropdown_fieldtype' is clicked on

2019-05-27 14:16:34 - [MESSAGE][PASSED] - Object: 'Object Repository/ADMIN/Custom Item Fields Page/a_Default/dropdown_fieldtype' is clicked on

2019-05-27 14:16:34 - [TEST_STEP][PASSED] - delay: Delayed 2 second(s)

2019-05-27 14:16:36 - [MESSAGE][PASSED] - Delayed 2 second(s)

2019-05-27 14:16:36 - [TEST_STEP][PASSED] - selectOptionByLabel: All options with label 'Drop Down' are selected in object 'Object Repository/ADMIN/Custom Item Fields Page/a_Default/dropdown_fieldtype' 

2019-05-27 14:16:36 - [MESSAGE][PASSED] - All options with label 'Drop Down' are selected in object 'Object Repository/ADMIN/Custom Item Fields Page/a_Default/dropdown_fieldtype' 

2019-05-27 14:16:36 - [TEST_STEP][NOT_RUN] - verifyOptionSelectedByLabel: NOT_RUN: verifyOptionSelectedByLabel

2019-05-27 14:16:36 - [MESSAGE][NOT_RUN] - NOT_RUN: verifyOptionSelectedByLabel

2019-05-27 14:16:36 - [TEST_STEP][PASSED] - setText: Text 'Dropdown Non-Mandatory' is set on object 'Object Repository/ADMIN/Custom Item Fields Page/a_Default/textfield_fieldname'

2019-05-27 14:16:36 - [MESSAGE][PASSED] - Text 'Dropdown Non-Mandatory' is set on object 'Object Repository/ADMIN/Custom Item Fields Page/a_Default/textfield_fieldname'

2019-05-27 14:16:36 - [TEST_STEP][PASSED] - waitForElementVisible: Object 'Object Repository/ADMIN/Custom Item Fields Page/a_Dropdown/textfield_dropdownOpt1' is visible

2019-05-27 14:16:36 - [MESSAGE][WARNING] - Timeout '0' is invalid. Using default page load timeout: '30'

2019-05-27 14:16:36 - [MESSAGE][PASSED] - Object 'Object Repository/ADMIN/Custom Item Fields Page/a_Dropdown/textfield_dropdownOpt1' is visible

2019-05-27 14:16:36 - [TEST_STEP][PASSED] - click: Object: 'Object Repository/ADMIN/Custom Item Fields Page/a_Default/togglebutton_mandatory' is clicked on

2019-05-27 14:16:36 - [MESSAGE][PASSED] - Object: 'Object Repository/ADMIN/Custom Item Fields Page/a_Default/togglebutton_mandatory' is clicked on

2019-05-27 14:16:36 - [TEST_STEP][PASSED] - delay: Delayed 0 second(s)

2019-05-27 14:16:36 - [MESSAGE][PASSED] - Delayed 0 second(s)

2019-05-27 14:16:36 - [TEST_STEP][PASSED] - scrollToElement: Scroll to object 'Object Repository/ADMIN/Custom Item Fields Page/a_Dropdown/button_addOpt' successfully

2019-05-27 14:16:36 - [MESSAGE][WARNING] - Timeout '0' is invalid. Using default page load timeout: '30'

2019-05-27 14:16:36 - [MESSAGE][PASSED] - Scroll to object 'Object Repository/ADMIN/Custom Item Fields Page/a_Dropdown/button_addOpt' successfully

2019-05-27 14:16:36 - [TEST_STEP][PASSED] - click: Object: 'Object Repository/ADMIN/Custom Item Fields Page/a_Dropdown/button_addOpt' is clicked on

2019-05-27 14:16:36 - [MESSAGE][PASSED] - Object: 'Object Repository/ADMIN/Custom Item Fields Page/a_Dropdown/button_addOpt' is clicked on

2019-05-27 14:16:36 - [TEST_STEP][PASSED] - waitForElementVisible: Object 'Object Repository/ADMIN/Custom Item Fields Page/a_Dropdown/textfield_dropdownOpt3' is visible

2019-05-27 14:16:36 - [MESSAGE][WARNING] - Timeout '0' is invalid. Using default page load timeout: '30'

2019-05-27 14:16:36 - [MESSAGE][PASSED] - Object 'Object Repository/ADMIN/Custom Item Fields Page/a_Dropdown/textfield_dropdownOpt3' is visible

2019-05-27 14:16:36 - [TEST_STEP][PASSED] - click: Object: 'Object Repository/ADMIN/Custom Item Fields Page/a_Dropdown/button_addOpt' is clicked on

2019-05-27 14:16:36 - [MESSAGE][PASSED] - Object: 'Object Repository/ADMIN/Custom Item Fields Page/a_Dropdown/button_addOpt' is clicked on

2019-05-27 14:16:36 - [TEST_STEP][PASSED] - waitForElementVisible: Object 'Object Repository/ADMIN/Custom Item Fields Page/a_Dropdown/textfield_dropdownOpt4' is visible

2019-05-27 14:16:36 - [MESSAGE][WARNING] - Timeout '0' is invalid. Using default page load timeout: '30'

2019-05-27 14:16:36 - [MESSAGE][PASSED] - Object 'Object Repository/ADMIN/Custom Item Fields Page/a_Dropdown/textfield_dropdownOpt4' is visible

2019-05-27 14:16:36 - [TEST_STEP][PASSED] - click: Object: 'Object Repository/ADMIN/Custom Item Fields Page/a_Dropdown/button_addOpt' is clicked on

2019-05-27 14:16:36 - [MESSAGE][PASSED] - Object: 'Object Repository/ADMIN/Custom Item Fields Page/a_Dropdown/button_addOpt' is clicked on

2019-05-27 14:16:36 - [TEST_STEP][PASSED] - waitForElementVisible: Object 'Object Repository/ADMIN/Custom Item Fields Page/a_Dropdown/textfield_dropdownOpt5' is visible

2019-05-27 14:16:36 - [MESSAGE][WARNING] - Timeout '0' is invalid. Using default page load timeout: '30'

2019-05-27 14:16:36 - [MESSAGE][PASSED] - Object 'Object Repository/ADMIN/Custom Item Fields Page/a_Dropdown/textfield_dropdownOpt5' is visible

2019-05-27 14:16:36 - [TEST_STEP][PASSED] - setText: Text 'Select 1' is set on object 'Object Repository/ADMIN/Custom Item Fields Page/a_Dropdown/textfield_dropdownOpt1'

2019-05-27 14:16:37 - [MESSAGE][PASSED] - Text 'Select 1' is set on object 'Object Repository/ADMIN/Custom Item Fields Page/a_Dropdown/textfield_dropdownOpt1'

2019-05-27 14:16:37 - [TEST_STEP][PASSED] - setText: Text 'Select 2' is set on object 'Object Repository/ADMIN/Custom Item Fields Page/a_Dropdown/textfield_dropdownOpt2'

2019-05-27 14:16:37 - [MESSAGE][PASSED] - Text 'Select 2' is set on object 'Object Repository/ADMIN/Custom Item Fields Page/a_Dropdown/textfield_dropdownOpt2'

2019-05-27 14:16:37 - [TEST_STEP][PASSED] - setText: Text 'Select 3' is set on object 'Object Repository/ADMIN/Custom Item Fields Page/a_Dropdown/textfield_dropdownOpt3'

2019-05-27 14:16:37 - [MESSAGE][PASSED] - Text 'Select 3' is set on object 'Object Repository/ADMIN/Custom Item Fields Page/a_Dropdown/textfield_dropdownOpt3'

2019-05-27 14:16:37 - [TEST_STEP][PASSED] - setText: Text 'Select 4' is set on object 'Object Repository/ADMIN/Custom Item Fields Page/a_Dropdown/textfield_dropdownOpt4'

2019-05-27 14:16:37 - [MESSAGE][PASSED] - Text 'Select 4' is set on object 'Object Repository/ADMIN/Custom Item Fields Page/a_Dropdown/textfield_dropdownOpt4'

2019-05-27 14:16:37 - [TEST_STEP][PASSED] - setText: Text 'Select 5' is set on object 'Object Repository/ADMIN/Custom Item Fields Page/a_Dropdown/textfield_dropdownOpt5'

2019-05-27 14:16:38 - [MESSAGE][PASSED] - Text 'Select 5' is set on object 'Object Repository/ADMIN/Custom Item Fields Page/a_Dropdown/textfield_dropdownOpt5'

2019-05-27 14:16:38 - [TEST_STEP][PASSED] - scrollToElement: Scroll to object 'Object Repository/ADMIN/Custom Item Fields Page/a_Default/button_SelectCategories' successfully

2019-05-27 14:16:38 - [MESSAGE][WARNING] - Timeout '0' is invalid. Using default page load timeout: '30'

2019-05-27 14:16:38 - [MESSAGE][PASSED] - Scroll to object 'Object Repository/ADMIN/Custom Item Fields Page/a_Default/button_SelectCategories' successfully

2019-05-27 14:16:38 - [TEST_STEP][PASSED] - click: Object: 'Object Repository/ADMIN/Custom Item Fields Page/a_Default/button_SelectCategories' is clicked on

2019-05-27 14:16:38 - [MESSAGE][PASSED] - Object: 'Object Repository/ADMIN/Custom Item Fields Page/a_Default/button_SelectCategories' is clicked on

2019-05-27 14:16:38 - [TEST_STEP][PASSED] - waitForElementVisible: Object 'Object Repository/ADMIN/Custom Item Fields List Page/a_SelectCategories/linktext_SelectAll' is visible

2019-05-27 14:16:38 - [MESSAGE][WARNING] - Timeout '0' is invalid. Using default page load timeout: '30'

2019-05-27 14:16:38 - [MESSAGE][PASSED] - Object 'Object Repository/ADMIN/Custom Item Fields List Page/a_SelectCategories/linktext_SelectAll' is visible

2019-05-27 14:16:38 - [TEST_STEP][PASSED] - scrollToElement: Scroll to object 'Object Repository/ADMIN/Custom Item Fields List Page/a_SelectCategories/a_Categories/checkbox_6' successfully

2019-05-27 14:16:38 - [MESSAGE][WARNING] - Timeout '0' is invalid. Using default page load timeout: '30'

2019-05-27 14:16:38 - [MESSAGE][PASSED] - Scroll to object 'Object Repository/ADMIN/Custom Item Fields List Page/a_SelectCategories/a_Categories/checkbox_6' successfully

2019-05-27 14:16:38 - [TEST_STEP][PASSED] - click: Object: 'Object Repository/ADMIN/Custom Item Fields List Page/a_SelectCategories/a_Categories/checkbox_6' is clicked on

2019-05-27 14:16:39 - [MESSAGE][PASSED] - Object: 'Object Repository/ADMIN/Custom Item Fields List Page/a_SelectCategories/a_Categories/checkbox_6' is clicked on

2019-05-27 14:16:39 - [TEST_STEP][PASSED] - click: Object: 'Object Repository/ADMIN/Custom Item Fields List Page/a_SelectCategories/button_Save' is clicked on

2019-05-27 14:16:39 - [MESSAGE][PASSED] - Object: 'Object Repository/ADMIN/Custom Item Fields List Page/a_SelectCategories/button_Save' is clicked on

2019-05-27 14:16:39 - [TEST_STEP][PASSED] - delay: Delayed 1 second(s)

2019-05-27 14:16:40 - [MESSAGE][PASSED] - Delayed 1 second(s)

2019-05-27 14:16:40 - [TEST_STEP][PASSED] - scrollToElement: Scroll to object 'Object Repository/ADMIN/Custom Item Fields Page/a_Default/button_Save1' successfully

2019-05-27 14:16:40 - [MESSAGE][WARNING] - Timeout '0' is invalid. Using default page load timeout: '30'

2019-05-27 14:16:40 - [MESSAGE][PASSED] - Scroll to object 'Object Repository/ADMIN/Custom Item Fields Page/a_Default/button_Save1' successfully

2019-05-27 14:16:40 - [TEST_STEP][PASSED] - click: Object: 'Object Repository/ADMIN/Custom Item Fields Page/a_Default/button_Save1' is clicked on

2019-05-27 14:16:40 - [MESSAGE][PASSED] - Object: 'Object Repository/ADMIN/Custom Item Fields Page/a_Default/button_Save1' is clicked on]]></system-out>
         <system-err><![CDATA[]]></system-err>
      </testcase>
      <testcase name="Test Cases/ADMIN/Custom Fields Page/Add Custom Item Fields/Add_Location" classname="Test Cases/ADMIN/Custom Fields Page/Add Custom Item Fields/Add_Location" status="PASSED">
         <system-out><![CDATA[2019-05-27 14:16:40 - [TEST_CASE][PASSED] - Test Cases/ADMIN/Custom Fields Page/Add Custom Item Fields/Add_Location: Test Cases/ADMIN/Custom Fields Page/Add Custom Item Fields/Add_Location

2019-05-27 14:16:40 - [TEST_STEP][PASSED] - waitForElementVisible: Object 'Object Repository/ADMIN/Custom Item Fields List Page/button_Add Field' is visible

2019-05-27 14:16:40 - [MESSAGE][WARNING] - Timeout '0' is invalid. Using default page load timeout: '30'

2019-05-27 14:16:41 - [MESSAGE][PASSED] - Object 'Object Repository/ADMIN/Custom Item Fields List Page/button_Add Field' is visible

2019-05-27 14:16:41 - [TEST_STEP][PASSED] - click: Object: 'Object Repository/ADMIN/Custom Item Fields List Page/button_Add Field' is clicked on

2019-05-27 14:16:42 - [MESSAGE][PASSED] - Object: 'Object Repository/ADMIN/Custom Item Fields List Page/button_Add Field' is clicked on

2019-05-27 14:16:42 - [TEST_STEP][PASSED] - waitForElementVisible: Object 'Object Repository/ADMIN/Custom Item Fields Page/a_Default/dropdown_fieldtype' is visible

2019-05-27 14:16:42 - [MESSAGE][WARNING] - Timeout '0' is invalid. Using default page load timeout: '30'

2019-05-27 14:16:42 - [MESSAGE][PASSED] - Object 'Object Repository/ADMIN/Custom Item Fields Page/a_Default/dropdown_fieldtype' is visible

2019-05-27 14:16:42 - [TEST_STEP][PASSED] - waitForPageLoad: Wait for page load successfully

2019-05-27 14:16:42 - [MESSAGE][WARNING] - Timeout '0' is invalid. Using default page load timeout: '30'

2019-05-27 14:16:42 - [MESSAGE][PASSED] - Wait for page load successfully

2019-05-27 14:16:42 - [TEST_STEP][PASSED] - click: Object: 'Object Repository/ADMIN/Custom Item Fields Page/a_Default/dropdown_fieldtype' is clicked on

2019-05-27 14:16:42 - [MESSAGE][PASSED] - Object: 'Object Repository/ADMIN/Custom Item Fields Page/a_Default/dropdown_fieldtype' is clicked on

2019-05-27 14:16:42 - [TEST_STEP][PASSED] - delay: Delayed 2 second(s)

2019-05-27 14:16:44 - [MESSAGE][PASSED] - Delayed 2 second(s)

2019-05-27 14:16:44 - [TEST_STEP][PASSED] - selectOptionByLabel: All options with label 'Location' are selected in object 'Object Repository/ADMIN/Custom Item Fields Page/a_Default/dropdown_fieldtype' 

2019-05-27 14:16:44 - [MESSAGE][PASSED] - All options with label 'Location' are selected in object 'Object Repository/ADMIN/Custom Item Fields Page/a_Default/dropdown_fieldtype' 

2019-05-27 14:16:44 - [TEST_STEP][NOT_RUN] - verifyOptionSelectedByLabel: NOT_RUN: verifyOptionSelectedByLabel

2019-05-27 14:16:44 - [MESSAGE][NOT_RUN] - NOT_RUN: verifyOptionSelectedByLabel

2019-05-27 14:16:44 - [TEST_STEP][PASSED] - setText: Text 'Location' is set on object 'Object Repository/ADMIN/Custom Item Fields Page/a_Default/textfield_fieldname'

2019-05-27 14:16:45 - [MESSAGE][PASSED] - Text 'Location' is set on object 'Object Repository/ADMIN/Custom Item Fields Page/a_Default/textfield_fieldname'

2019-05-27 14:16:45 - [TEST_STEP][PASSED] - click: Object: 'Object Repository/ADMIN/Custom Item Fields Page/a_Default/button_SelectCategories' is clicked on

2019-05-27 14:16:45 - [MESSAGE][PASSED] - Object: 'Object Repository/ADMIN/Custom Item Fields Page/a_Default/button_SelectCategories' is clicked on

2019-05-27 14:16:45 - [TEST_STEP][PASSED] - waitForElementVisible: Object 'Object Repository/ADMIN/Custom Item Fields List Page/a_SelectCategories/linktext_SelectAll' is visible

2019-05-27 14:16:45 - [MESSAGE][WARNING] - Timeout '0' is invalid. Using default page load timeout: '30'

2019-05-27 14:16:45 - [MESSAGE][PASSED] - Object 'Object Repository/ADMIN/Custom Item Fields List Page/a_SelectCategories/linktext_SelectAll' is visible

2019-05-27 14:16:45 - [TEST_STEP][PASSED] - scrollToElement: Scroll to object 'Object Repository/ADMIN/Custom Item Fields List Page/a_SelectCategories/a_Categories/checkbox_4' successfully

2019-05-27 14:16:45 - [MESSAGE][WARNING] - Timeout '0' is invalid. Using default page load timeout: '30'

2019-05-27 14:16:45 - [MESSAGE][PASSED] - Scroll to object 'Object Repository/ADMIN/Custom Item Fields List Page/a_SelectCategories/a_Categories/checkbox_4' successfully

2019-05-27 14:16:45 - [TEST_STEP][PASSED] - click: Object: 'Object Repository/ADMIN/Custom Item Fields List Page/a_SelectCategories/a_Categories/checkbox_4' is clicked on

2019-05-27 14:16:45 - [MESSAGE][PASSED] - Object: 'Object Repository/ADMIN/Custom Item Fields List Page/a_SelectCategories/a_Categories/checkbox_4' is clicked on

2019-05-27 14:16:45 - [TEST_STEP][PASSED] - scrollToElement: Scroll to object 'Object Repository/ADMIN/Custom Item Fields List Page/a_SelectCategories/a_Categories/checkbox_5' successfully

2019-05-27 14:16:45 - [MESSAGE][WARNING] - Timeout '0' is invalid. Using default page load timeout: '30'

2019-05-27 14:16:45 - [MESSAGE][PASSED] - Scroll to object 'Object Repository/ADMIN/Custom Item Fields List Page/a_SelectCategories/a_Categories/checkbox_5' successfully

2019-05-27 14:16:45 - [TEST_STEP][PASSED] - click: Object: 'Object Repository/ADMIN/Custom Item Fields List Page/a_SelectCategories/a_Categories/checkbox_5' is clicked on

2019-05-27 14:16:46 - [MESSAGE][PASSED] - Object: 'Object Repository/ADMIN/Custom Item Fields List Page/a_SelectCategories/a_Categories/checkbox_5' is clicked on

2019-05-27 14:16:46 - [TEST_STEP][PASSED] - click: Object: 'Object Repository/ADMIN/Custom Item Fields List Page/a_SelectCategories/button_Save' is clicked on

2019-05-27 14:16:46 - [MESSAGE][PASSED] - Object: 'Object Repository/ADMIN/Custom Item Fields List Page/a_SelectCategories/button_Save' is clicked on

2019-05-27 14:16:46 - [TEST_STEP][PASSED] - delay: Delayed 1 second(s)

2019-05-27 14:16:47 - [MESSAGE][PASSED] - Delayed 1 second(s)

2019-05-27 14:16:47 - [TEST_STEP][PASSED] - scrollToElement: Scroll to object 'Object Repository/ADMIN/Custom Item Fields Page/a_Default/button_Save1' successfully

2019-05-27 14:16:47 - [MESSAGE][WARNING] - Timeout '0' is invalid. Using default page load timeout: '30'

2019-05-27 14:16:47 - [MESSAGE][PASSED] - Scroll to object 'Object Repository/ADMIN/Custom Item Fields Page/a_Default/button_Save1' successfully

2019-05-27 14:16:47 - [TEST_STEP][PASSED] - click: Object: 'Object Repository/ADMIN/Custom Item Fields Page/a_Default/button_Save1' is clicked on

2019-05-27 14:16:47 - [MESSAGE][PASSED] - Object: 'Object Repository/ADMIN/Custom Item Fields Page/a_Default/button_Save1' is clicked on]]></system-out>
         <system-err><![CDATA[]]></system-err>
      </testcase>
      <testcase name="Test Cases/ADMIN/Custom Fields Page/Add Custom Item Fields/Add_DateTime" classname="Test Cases/ADMIN/Custom Fields Page/Add Custom Item Fields/Add_DateTime" status="PASSED">
         <system-out><![CDATA[2019-05-27 14:16:47 - [TEST_CASE][PASSED] - Test Cases/ADMIN/Custom Fields Page/Add Custom Item Fields/Add_DateTime: Test Cases/ADMIN/Custom Fields Page/Add Custom Item Fields/Add_DateTime

2019-05-27 14:16:47 - [TEST_STEP][PASSED] - waitForElementVisible: Object 'Object Repository/ADMIN/Custom Item Fields List Page/button_Add Field' is visible

2019-05-27 14:16:47 - [MESSAGE][WARNING] - Timeout '0' is invalid. Using default page load timeout: '30'

2019-05-27 14:16:49 - [MESSAGE][PASSED] - Object 'Object Repository/ADMIN/Custom Item Fields List Page/button_Add Field' is visible

2019-05-27 14:16:49 - [TEST_STEP][PASSED] - click: Object: 'Object Repository/ADMIN/Custom Item Fields List Page/button_Add Field' is clicked on

2019-05-27 14:16:49 - [MESSAGE][PASSED] - Object: 'Object Repository/ADMIN/Custom Item Fields List Page/button_Add Field' is clicked on

2019-05-27 14:16:49 - [TEST_STEP][PASSED] - waitForElementVisible: Object 'Object Repository/ADMIN/Custom Item Fields Page/a_Default/dropdown_fieldtype' is visible

2019-05-27 14:16:49 - [MESSAGE][WARNING] - Timeout '0' is invalid. Using default page load timeout: '30'

2019-05-27 14:16:49 - [MESSAGE][PASSED] - Object 'Object Repository/ADMIN/Custom Item Fields Page/a_Default/dropdown_fieldtype' is visible

2019-05-27 14:16:49 - [TEST_STEP][PASSED] - waitForPageLoad: Wait for page load successfully

2019-05-27 14:16:49 - [MESSAGE][WARNING] - Timeout '0' is invalid. Using default page load timeout: '30'

2019-05-27 14:16:49 - [MESSAGE][PASSED] - Wait for page load successfully

2019-05-27 14:16:49 - [TEST_STEP][PASSED] - click: Object: 'Object Repository/ADMIN/Custom Item Fields Page/a_Default/dropdown_fieldtype' is clicked on

2019-05-27 14:16:50 - [MESSAGE][PASSED] - Object: 'Object Repository/ADMIN/Custom Item Fields Page/a_Default/dropdown_fieldtype' is clicked on

2019-05-27 14:16:50 - [TEST_STEP][PASSED] - delay: Delayed 2 second(s)

2019-05-27 14:16:52 - [MESSAGE][PASSED] - Delayed 2 second(s)

2019-05-27 14:16:52 - [TEST_STEP][PASSED] - selectOptionByLabel: All options with label 'Date / Time picker' are selected in object 'Object Repository/ADMIN/Custom Item Fields Page/a_Default/dropdown_fieldtype' 

2019-05-27 14:16:52 - [MESSAGE][PASSED] - All options with label 'Date / Time picker' are selected in object 'Object Repository/ADMIN/Custom Item Fields Page/a_Default/dropdown_fieldtype' 

2019-05-27 14:16:52 - [TEST_STEP][NOT_RUN] - verifyOptionSelectedByLabel: NOT_RUN: verifyOptionSelectedByLabel

2019-05-27 14:16:52 - [MESSAGE][NOT_RUN] - NOT_RUN: verifyOptionSelectedByLabel

2019-05-27 14:16:52 - [TEST_STEP][PASSED] - waitForElementVisible: Object 'Object Repository/ADMIN/Custom Item Fields Page/a_DateTimePicker/togglebutton_timeneeded' is visible

2019-05-27 14:16:52 - [MESSAGE][WARNING] - Timeout '0' is invalid. Using default page load timeout: '30'

2019-05-27 14:16:52 - [MESSAGE][PASSED] - Object 'Object Repository/ADMIN/Custom Item Fields Page/a_DateTimePicker/togglebutton_timeneeded' is visible

2019-05-27 14:16:52 - [TEST_STEP][PASSED] - setText: Text 'Date / Time' is set on object 'Object Repository/ADMIN/Custom Item Fields Page/a_Default/textfield_fieldname'

2019-05-27 14:16:52 - [MESSAGE][PASSED] - Text 'Date / Time' is set on object 'Object Repository/ADMIN/Custom Item Fields Page/a_Default/textfield_fieldname'

2019-05-27 14:16:52 - [TEST_STEP][PASSED] - click: Object: 'Object Repository/ADMIN/Custom Item Fields Page/a_Default/button_SelectCategories' is clicked on

2019-05-27 14:16:52 - [MESSAGE][PASSED] - Object: 'Object Repository/ADMIN/Custom Item Fields Page/a_Default/button_SelectCategories' is clicked on

2019-05-27 14:16:52 - [TEST_STEP][PASSED] - waitForElementVisible: Object 'Object Repository/ADMIN/Custom Item Fields List Page/a_SelectCategories/linktext_SelectAll' is visible

2019-05-27 14:16:52 - [MESSAGE][WARNING] - Timeout '0' is invalid. Using default page load timeout: '30'

2019-05-27 14:16:53 - [MESSAGE][PASSED] - Object 'Object Repository/ADMIN/Custom Item Fields List Page/a_SelectCategories/linktext_SelectAll' is visible

2019-05-27 14:16:53 - [TEST_STEP][PASSED] - scrollToElement: Scroll to object 'Object Repository/ADMIN/Custom Item Fields List Page/a_SelectCategories/a_Categories/checkbox_1' successfully

2019-05-27 14:16:53 - [MESSAGE][WARNING] - Timeout '0' is invalid. Using default page load timeout: '30'

2019-05-27 14:16:53 - [MESSAGE][PASSED] - Scroll to object 'Object Repository/ADMIN/Custom Item Fields List Page/a_SelectCategories/a_Categories/checkbox_1' successfully

2019-05-27 14:16:53 - [TEST_STEP][PASSED] - click: Object: 'Object Repository/ADMIN/Custom Item Fields List Page/a_SelectCategories/a_Categories/checkbox_1' is clicked on

2019-05-27 14:16:53 - [MESSAGE][PASSED] - Object: 'Object Repository/ADMIN/Custom Item Fields List Page/a_SelectCategories/a_Categories/checkbox_1' is clicked on

2019-05-27 14:16:53 - [TEST_STEP][PASSED] - scrollToElement: Scroll to object 'Object Repository/ADMIN/Custom Item Fields List Page/a_SelectCategories/a_Categories/checkbox_2' successfully

2019-05-27 14:16:53 - [MESSAGE][WARNING] - Timeout '0' is invalid. Using default page load timeout: '30'

2019-05-27 14:16:53 - [MESSAGE][PASSED] - Scroll to object 'Object Repository/ADMIN/Custom Item Fields List Page/a_SelectCategories/a_Categories/checkbox_2' successfully

2019-05-27 14:16:53 - [TEST_STEP][PASSED] - click: Object: 'Object Repository/ADMIN/Custom Item Fields List Page/a_SelectCategories/a_Categories/checkbox_2' is clicked on

2019-05-27 14:16:53 - [MESSAGE][PASSED] - Object: 'Object Repository/ADMIN/Custom Item Fields List Page/a_SelectCategories/a_Categories/checkbox_2' is clicked on

2019-05-27 14:16:53 - [TEST_STEP][PASSED] - scrollToElement: Scroll to object 'Object Repository/ADMIN/Custom Item Fields List Page/a_SelectCategories/a_Categories/checkbox_3' successfully

2019-05-27 14:16:53 - [MESSAGE][WARNING] - Timeout '0' is invalid. Using default page load timeout: '30'

2019-05-27 14:16:53 - [MESSAGE][PASSED] - Scroll to object 'Object Repository/ADMIN/Custom Item Fields List Page/a_SelectCategories/a_Categories/checkbox_3' successfully

2019-05-27 14:16:53 - [TEST_STEP][PASSED] - click: Object: 'Object Repository/ADMIN/Custom Item Fields List Page/a_SelectCategories/a_Categories/checkbox_3' is clicked on

2019-05-27 14:16:53 - [MESSAGE][PASSED] - Object: 'Object Repository/ADMIN/Custom Item Fields List Page/a_SelectCategories/a_Categories/checkbox_3' is clicked on

2019-05-27 14:16:53 - [TEST_STEP][PASSED] - click: Object: 'Object Repository/ADMIN/Custom Item Fields List Page/a_SelectCategories/button_Save' is clicked on

2019-05-27 14:16:53 - [MESSAGE][PASSED] - Object: 'Object Repository/ADMIN/Custom Item Fields List Page/a_SelectCategories/button_Save' is clicked on

2019-05-27 14:16:53 - [TEST_STEP][PASSED] - delay: Delayed 1 second(s)

2019-05-27 14:16:54 - [MESSAGE][PASSED] - Delayed 1 second(s)

2019-05-27 14:16:54 - [TEST_STEP][PASSED] - scrollToElement: Scroll to object 'Object Repository/ADMIN/Custom Item Fields Page/a_Default/button_Save1' successfully

2019-05-27 14:16:54 - [MESSAGE][WARNING] - Timeout '0' is invalid. Using default page load timeout: '30'

2019-05-27 14:16:54 - [MESSAGE][PASSED] - Scroll to object 'Object Repository/ADMIN/Custom Item Fields Page/a_Default/button_Save1' successfully

2019-05-27 14:16:54 - [TEST_STEP][PASSED] - click: Object: 'Object Repository/ADMIN/Custom Item Fields Page/a_Default/button_Save1' is clicked on

2019-05-27 14:16:54 - [MESSAGE][PASSED] - Object: 'Object Repository/ADMIN/Custom Item Fields Page/a_Default/button_Save1' is clicked on]]></system-out>
         <system-err><![CDATA[]]></system-err>
      </testcase>
      <testcase name="Test Cases/ADMIN/Custom Fields Page/Add Custom Item Fields/Add_PDF" classname="Test Cases/ADMIN/Custom Fields Page/Add Custom Item Fields/Add_PDF" status="PASSED">
         <system-out><![CDATA[2019-05-27 14:16:54 - [TEST_CASE][PASSED] - Test Cases/ADMIN/Custom Fields Page/Add Custom Item Fields/Add_PDF: Test Cases/ADMIN/Custom Fields Page/Add Custom Item Fields/Add_PDF

2019-05-27 14:16:55 - [TEST_STEP][PASSED] - waitForElementVisible: Object 'Object Repository/ADMIN/Custom Item Fields List Page/button_Add Field' is visible

2019-05-27 14:16:55 - [MESSAGE][WARNING] - Timeout '0' is invalid. Using default page load timeout: '30'

2019-05-27 14:16:57 - [MESSAGE][PASSED] - Object 'Object Repository/ADMIN/Custom Item Fields List Page/button_Add Field' is visible

2019-05-27 14:16:57 - [TEST_STEP][PASSED] - click: Object: 'Object Repository/ADMIN/Custom Item Fields List Page/button_Add Field' is clicked on

2019-05-27 14:16:57 - [MESSAGE][PASSED] - Object: 'Object Repository/ADMIN/Custom Item Fields List Page/button_Add Field' is clicked on

2019-05-27 14:16:57 - [TEST_STEP][PASSED] - waitForElementVisible: Object 'Object Repository/ADMIN/Custom Item Fields Page/a_Default/dropdown_fieldtype' is visible

2019-05-27 14:16:57 - [MESSAGE][WARNING] - Timeout '0' is invalid. Using default page load timeout: '30'

2019-05-27 14:16:57 - [MESSAGE][PASSED] - Object 'Object Repository/ADMIN/Custom Item Fields Page/a_Default/dropdown_fieldtype' is visible

2019-05-27 14:16:57 - [TEST_STEP][PASSED] - waitForPageLoad: Wait for page load successfully

2019-05-27 14:16:57 - [MESSAGE][WARNING] - Timeout '0' is invalid. Using default page load timeout: '30'

2019-05-27 14:16:57 - [MESSAGE][PASSED] - Wait for page load successfully

2019-05-27 14:16:57 - [TEST_STEP][PASSED] - click: Object: 'Object Repository/ADMIN/Custom Item Fields Page/a_Default/dropdown_fieldtype' is clicked on

2019-05-27 14:16:57 - [MESSAGE][PASSED] - Object: 'Object Repository/ADMIN/Custom Item Fields Page/a_Default/dropdown_fieldtype' is clicked on

2019-05-27 14:16:58 - [TEST_STEP][PASSED] - delay: Delayed 2 second(s)

2019-05-27 14:17:00 - [MESSAGE][PASSED] - Delayed 2 second(s)

2019-05-27 14:17:00 - [TEST_STEP][PASSED] - selectOptionByLabel: All options with label 'PDF File' are selected in object 'Object Repository/ADMIN/Custom Item Fields Page/a_Default/dropdown_fieldtype' 

2019-05-27 14:17:00 - [MESSAGE][PASSED] - All options with label 'PDF File' are selected in object 'Object Repository/ADMIN/Custom Item Fields Page/a_Default/dropdown_fieldtype' 

2019-05-27 14:17:00 - [TEST_STEP][NOT_RUN] - verifyOptionSelectedByLabel: NOT_RUN: verifyOptionSelectedByLabel

2019-05-27 14:17:00 - [MESSAGE][NOT_RUN] - NOT_RUN: verifyOptionSelectedByLabel

2019-05-27 14:17:00 - [TEST_STEP][PASSED] - waitForElementVisible: Object 'Object Repository/ADMIN/Custom Item Fields Page/a_PDF File/textlabel_PDFFile' is visible

2019-05-27 14:17:00 - [MESSAGE][WARNING] - Timeout '0' is invalid. Using default page load timeout: '30'

2019-05-27 14:17:00 - [MESSAGE][PASSED] - Object 'Object Repository/ADMIN/Custom Item Fields Page/a_PDF File/textlabel_PDFFile' is visible

2019-05-27 14:17:00 - [TEST_STEP][PASSED] - setText: Text 'Document' is set on object 'Object Repository/ADMIN/Custom Item Fields Page/a_Default/textfield_fieldname'

2019-05-27 14:17:00 - [MESSAGE][PASSED] - Text 'Document' is set on object 'Object Repository/ADMIN/Custom Item Fields Page/a_Default/textfield_fieldname'

2019-05-27 14:17:00 - [TEST_STEP][PASSED] - scrollToElement: Scroll to object 'Object Repository/ADMIN/Custom Item Fields Page/a_Default/button_SelectCategories' successfully

2019-05-27 14:17:00 - [MESSAGE][WARNING] - Timeout '0' is invalid. Using default page load timeout: '30'

2019-05-27 14:17:00 - [MESSAGE][PASSED] - Scroll to object 'Object Repository/ADMIN/Custom Item Fields Page/a_Default/button_SelectCategories' successfully

2019-05-27 14:17:00 - [TEST_STEP][PASSED] - click: Object: 'Object Repository/ADMIN/Custom Item Fields Page/a_Default/button_SelectCategories' is clicked on

2019-05-27 14:17:00 - [MESSAGE][PASSED] - Object: 'Object Repository/ADMIN/Custom Item Fields Page/a_Default/button_SelectCategories' is clicked on

2019-05-27 14:17:00 - [TEST_STEP][PASSED] - waitForElementVisible: Object 'Object Repository/ADMIN/Custom Item Fields List Page/a_SelectCategories/linktext_SelectAll' is visible

2019-05-27 14:17:00 - [MESSAGE][WARNING] - Timeout '0' is invalid. Using default page load timeout: '30'

2019-05-27 14:17:00 - [MESSAGE][PASSED] - Object 'Object Repository/ADMIN/Custom Item Fields List Page/a_SelectCategories/linktext_SelectAll' is visible

2019-05-27 14:17:00 - [TEST_STEP][PASSED] - click: Object: 'Object Repository/ADMIN/Custom Item Fields List Page/a_SelectCategories/linktext_SelectAll' is clicked on

2019-05-27 14:17:01 - [MESSAGE][PASSED] - Object: 'Object Repository/ADMIN/Custom Item Fields List Page/a_SelectCategories/linktext_SelectAll' is clicked on

2019-05-27 14:17:01 - [TEST_STEP][PASSED] - click: Object: 'Object Repository/ADMIN/Custom Item Fields List Page/a_SelectCategories/button_Save' is clicked on

2019-05-27 14:17:01 - [MESSAGE][PASSED] - Object: 'Object Repository/ADMIN/Custom Item Fields List Page/a_SelectCategories/button_Save' is clicked on

2019-05-27 14:17:01 - [TEST_STEP][PASSED] - delay: Delayed 1 second(s)

2019-05-27 14:17:02 - [MESSAGE][PASSED] - Delayed 1 second(s)

2019-05-27 14:17:02 - [TEST_STEP][PASSED] - click: Object: 'Object Repository/ADMIN/Custom Item Fields Page/a_Default/button_Save1' is clicked on

2019-05-27 14:17:02 - [MESSAGE][PASSED] - Object: 'Object Repository/ADMIN/Custom Item Fields Page/a_Default/button_Save1' is clicked on]]></system-out>
         <system-err><![CDATA[]]></system-err>
      </testcase>
      <testcase name="Test Cases/ADMIN/Custom Fields Page/Add Custom Item Fields/Add_EmbedVideo" classname="Test Cases/ADMIN/Custom Fields Page/Add Custom Item Fields/Add_EmbedVideo" status="PASSED">
         <system-out><![CDATA[2019-05-27 14:17:02 - [TEST_CASE][PASSED] - Test Cases/ADMIN/Custom Fields Page/Add Custom Item Fields/Add_EmbedVideo: Test Cases/ADMIN/Custom Fields Page/Add Custom Item Fields/Add_EmbedVideo

2019-05-27 14:17:02 - [TEST_STEP][PASSED] - waitForElementVisible: Object 'Object Repository/ADMIN/Custom Item Fields List Page/button_Add Field' is visible

2019-05-27 14:17:02 - [MESSAGE][WARNING] - Timeout '0' is invalid. Using default page load timeout: '30'

2019-05-27 14:17:04 - [MESSAGE][PASSED] - Object 'Object Repository/ADMIN/Custom Item Fields List Page/button_Add Field' is visible

2019-05-27 14:17:04 - [TEST_STEP][PASSED] - click: Object: 'Object Repository/ADMIN/Custom Item Fields List Page/button_Add Field' is clicked on

2019-05-27 14:17:05 - [MESSAGE][PASSED] - Object: 'Object Repository/ADMIN/Custom Item Fields List Page/button_Add Field' is clicked on

2019-05-27 14:17:05 - [TEST_STEP][PASSED] - waitForElementVisible: Object 'Object Repository/ADMIN/Custom Item Fields Page/a_Default/dropdown_fieldtype' is visible

2019-05-27 14:17:05 - [MESSAGE][WARNING] - Timeout '0' is invalid. Using default page load timeout: '30'

2019-05-27 14:17:05 - [MESSAGE][PASSED] - Object 'Object Repository/ADMIN/Custom Item Fields Page/a_Default/dropdown_fieldtype' is visible

2019-05-27 14:17:05 - [TEST_STEP][PASSED] - waitForPageLoad: Wait for page load successfully

2019-05-27 14:17:05 - [MESSAGE][WARNING] - Timeout '0' is invalid. Using default page load timeout: '30'

2019-05-27 14:17:05 - [MESSAGE][PASSED] - Wait for page load successfully

2019-05-27 14:17:05 - [TEST_STEP][PASSED] - click: Object: 'Object Repository/ADMIN/Custom Item Fields Page/a_Default/dropdown_fieldtype' is clicked on

2019-05-27 14:17:05 - [MESSAGE][PASSED] - Object: 'Object Repository/ADMIN/Custom Item Fields Page/a_Default/dropdown_fieldtype' is clicked on

2019-05-27 14:17:05 - [TEST_STEP][PASSED] - delay: Delayed 2 second(s)

2019-05-27 14:17:07 - [MESSAGE][PASSED] - Delayed 2 second(s)

2019-05-27 14:17:07 - [TEST_STEP][PASSED] - selectOptionByLabel: All options with label 'Embed Video' are selected in object 'Object Repository/ADMIN/Custom Item Fields Page/a_Default/dropdown_fieldtype' 

2019-05-27 14:17:07 - [MESSAGE][PASSED] - All options with label 'Embed Video' are selected in object 'Object Repository/ADMIN/Custom Item Fields Page/a_Default/dropdown_fieldtype' 

2019-05-27 14:17:07 - [TEST_STEP][NOT_RUN] - verifyOptionSelectedByLabel: NOT_RUN: verifyOptionSelectedByLabel

2019-05-27 14:17:07 - [MESSAGE][NOT_RUN] - NOT_RUN: verifyOptionSelectedByLabel

2019-05-27 14:17:07 - [TEST_STEP][PASSED] - setText: Text 'Video' is set on object 'Object Repository/ADMIN/Custom Item Fields Page/a_Default/textfield_fieldname'

2019-05-27 14:17:07 - [MESSAGE][PASSED] - Text 'Video' is set on object 'Object Repository/ADMIN/Custom Item Fields Page/a_Default/textfield_fieldname'

2019-05-27 14:17:07 - [TEST_STEP][PASSED] - click: Object: 'Object Repository/ADMIN/Custom Item Fields Page/a_Default/button_SelectCategories' is clicked on

2019-05-27 14:17:08 - [MESSAGE][PASSED] - Object: 'Object Repository/ADMIN/Custom Item Fields Page/a_Default/button_SelectCategories' is clicked on

2019-05-27 14:17:08 - [TEST_STEP][PASSED] - waitForElementVisible: Object 'Object Repository/ADMIN/Custom Item Fields List Page/a_SelectCategories/linktext_SelectAll' is visible

2019-05-27 14:17:08 - [MESSAGE][WARNING] - Timeout '0' is invalid. Using default page load timeout: '30'

2019-05-27 14:17:08 - [MESSAGE][PASSED] - Object 'Object Repository/ADMIN/Custom Item Fields List Page/a_SelectCategories/linktext_SelectAll' is visible

2019-05-27 14:17:08 - [TEST_STEP][PASSED] - scrollToElement: Scroll to object 'Object Repository/ADMIN/Custom Item Fields List Page/a_SelectCategories/a_Categories/checkbox_6' successfully

2019-05-27 14:17:08 - [MESSAGE][WARNING] - Timeout '0' is invalid. Using default page load timeout: '30'

2019-05-27 14:17:08 - [MESSAGE][PASSED] - Scroll to object 'Object Repository/ADMIN/Custom Item Fields List Page/a_SelectCategories/a_Categories/checkbox_6' successfully

2019-05-27 14:17:08 - [TEST_STEP][PASSED] - click: Object: 'Object Repository/ADMIN/Custom Item Fields List Page/a_SelectCategories/a_Categories/checkbox_6' is clicked on

2019-05-27 14:17:08 - [MESSAGE][PASSED] - Object: 'Object Repository/ADMIN/Custom Item Fields List Page/a_SelectCategories/a_Categories/checkbox_6' is clicked on

2019-05-27 14:17:08 - [TEST_STEP][PASSED] - click: Object: 'Object Repository/ADMIN/Custom Item Fields List Page/a_SelectCategories/button_Save' is clicked on

2019-05-27 14:17:08 - [MESSAGE][PASSED] - Object: 'Object Repository/ADMIN/Custom Item Fields List Page/a_SelectCategories/button_Save' is clicked on

2019-05-27 14:17:08 - [TEST_STEP][PASSED] - delay: Delayed 1 second(s)

2019-05-27 14:17:09 - [MESSAGE][PASSED] - Delayed 1 second(s)

2019-05-27 14:17:09 - [TEST_STEP][PASSED] - click: Object: 'Object Repository/ADMIN/Custom Item Fields Page/a_Default/button_Save1' is clicked on

2019-05-27 14:17:09 - [MESSAGE][PASSED] - Object: 'Object Repository/ADMIN/Custom Item Fields Page/a_Default/button_Save1' is clicked on]]></system-out>
         <system-err><![CDATA[]]></system-err>
      </testcase>
      <testcase name="Test Cases/Utilities/ADMIN/Admin Logout" classname="Test Cases/Utilities/ADMIN/Admin Logout" status="PASSED">
         <system-out><![CDATA[2019-05-27 14:17:09 - [TEST_CASE][PASSED] - Test Cases/Utilities/ADMIN/Admin Logout: Test Cases/Utilities/ADMIN/Admin Logout

2019-05-27 14:17:10 - [TEST_STEP][PASSED] - waitForElementVisible: Object 'Object Repository/Utilities/Admin Logout/button_Logout' is visible

2019-05-27 14:17:10 - [MESSAGE][WARNING] - Timeout '0' is invalid. Using default page load timeout: '30'

2019-05-27 14:17:10 - [MESSAGE][PASSED] - Object 'Object Repository/Utilities/Admin Logout/button_Logout' is visible

2019-05-27 14:17:10 - [TEST_STEP][PASSED] - click: Object: 'Object Repository/Utilities/Admin Logout/button_Logout' is clicked on

2019-05-27 14:17:10 - [MESSAGE][PASSED] - Object: 'Object Repository/Utilities/Admin Logout/button_Logout' is clicked on]]></system-out>
         <system-err><![CDATA[]]></system-err>
      </testcase>
      <system-out><![CDATA[2019-05-27 14:15:16 - [TEST_SUITE][PASSED] - Add_Custom fields: Test Cases/Utilities/ADMIN/Admin Logout]]></system-out>
      <system-err><![CDATA[]]></system-err>
   </testsuite>
</testsuites>
