<?xml version="1.0" encoding="UTF-8"?>
<testsuites name="Bespoke Seller Pages" time="192.965" tests="17" failures="0" errors="0">
   <testsuite name="Bespoke Seller Pages" tests="17" failures="0" errors="0" time="192.965" timestamp="2020-03-20 10:34:59" hostname="ARCADIER03 - 192.168.254.105" id="Test Suites/Admin/Language/Edit Text/Bespoke/Seller Pages/Bespoke Seller Pages">
      <properties>
         <property name="deviceName" value=""/>
         <property name="devicePlatform" value=""/>
         <property name="logFolder" value="C:\\Katalon\\Arctick\\Reports\\20200320_103457\\Admin\\Language\\Edit Text\\Bespoke\\Seller Pages\\Bespoke Seller Pages\\20200320_103457"/>
         <property name="logFiles" value="C:\\Katalon\\Arctick\\Reports\\20200320_103457\\Admin\\Language\\Edit Text\\Bespoke\\Seller Pages\\Bespoke Seller Pages\\20200320_103457\\execution0.log"/>
         <property name="attachments" value=""/>
         <property name="hostName" value="ARCADIER03 - 192.168.254.105"/>
         <property name="os" value="Windows 7 64bit"/>
         <property name="katalonVersion" value="7.2.6.1"/>
         <property name="browser" value="Chrome 80.0.3987.149"/>
         <property name="hostAddress" value="192.168.254.105"/>
         <property name="sessionId" value="36d01542543bc6b7e6541b3e6dcbd8a9"/>
         <property name="seleniumVersion" value="3.141.59"/>
         <property name="proxyInformation" value="ProxyInformation{proxyOption=NO_PROXY, proxyServerType=HTTP, password=, proxyServerAddress=, proxyServerPort=0, executionList=}"/>
         <property name="platform" value="Windows 7"/>
      </properties>
      <testcase name="Test Cases/ADMIN/Language/Edit Text/Bespoke/Seller/Onboarding_Settings Navigation" time="6.831" classname="Test Cases/ADMIN/Language/Edit Text/Bespoke/Seller/Onboarding_Settings Navigation" status="PASSED">
         <system-out><![CDATA[2020-03-20 10:35:00 - [TEST_CASE][PASSED] - Test Cases/ADMIN/Language/Edit Text/Bespoke/Seller/Onboarding_Settings Navigation: Test Cases/ADMIN/Language/Edit Text/Bespoke/Seller/Onboarding_Settings Navigation

2020-03-20 10:35:00 - [TEST_STEP][PASSED] - waitForElementVisible(findTestObject("ADMIN/Language/sidemenu_Language"), 0): Object 'Object Repository/ADMIN/Language/sidemenu_Language' is visible

2020-03-20 10:35:01 - [MESSAGE][WARNING] - Timeout '0' is invalid. Using default page load timeout: '30'

2020-03-20 10:35:02 - [MESSAGE][PASSED] - Object 'Object Repository/ADMIN/Language/sidemenu_Language' is visible

2020-03-20 10:35:02 - [TEST_STEP][PASSED] - click(findTestObject("ADMIN/Language/sidemenu_Language"), CONTINUE_ON_FAILURE): Object: 'Object Repository/ADMIN/Language/sidemenu_Language' is clicked on

2020-03-20 10:35:02 - [MESSAGE][PASSED] - Object: 'Object Repository/ADMIN/Language/sidemenu_Language' is clicked on

2020-03-20 10:35:02 - [TEST_STEP][PASSED] - waitForElementVisible(findTestObject("ADMIN/Language/sidemenu_Edit Text"), 0): Object 'Object Repository/ADMIN/Language/sidemenu_Edit Text' is visible

2020-03-20 10:35:03 - [MESSAGE][WARNING] - Timeout '0' is invalid. Using default page load timeout: '30'

2020-03-20 10:35:03 - [MESSAGE][PASSED] - Object 'Object Repository/ADMIN/Language/sidemenu_Edit Text' is visible

2020-03-20 10:35:03 - [TEST_STEP][PASSED] - click(findTestObject("ADMIN/Language/sidemenu_Edit Text"), CONTINUE_ON_FAILURE): Object: 'Object Repository/ADMIN/Language/sidemenu_Edit Text' is clicked on

2020-03-20 10:35:04 - [MESSAGE][PASSED] - Object: 'Object Repository/ADMIN/Language/sidemenu_Edit Text' is clicked on

2020-03-20 10:35:04 - [TEST_STEP][PASSED] - waitForElementVisible(findTestObject("ADMIN/Edit Text/Bespoke/Seller Navigation/dd_icon seller"), 0): Object 'Object Repository/ADMIN/Edit Text/Bespoke/Seller Navigation/dd_icon seller' is visible

2020-03-20 10:35:04 - [MESSAGE][WARNING] - Timeout '0' is invalid. Using default page load timeout: '30'

2020-03-20 10:35:05 - [MESSAGE][PASSED] - Object 'Object Repository/ADMIN/Edit Text/Bespoke/Seller Navigation/dd_icon seller' is visible

2020-03-20 10:35:05 - [TEST_STEP][PASSED] - click(findTestObject("ADMIN/Edit Text/Bespoke/Seller Navigation/dd_icon seller"), CONTINUE_ON_FAILURE): Object: 'Object Repository/ADMIN/Edit Text/Bespoke/Seller Navigation/dd_icon seller' is clicked on

2020-03-20 10:35:05 - [MESSAGE][PASSED] - Object: 'Object Repository/ADMIN/Edit Text/Bespoke/Seller Navigation/dd_icon seller' is clicked on

2020-03-20 10:35:05 - [TEST_STEP][PASSED] - waitForElementVisible(findTestObject("ADMIN/Edit Text/Bespoke/Seller Navigation/span_Onboarding Settings"), 0): Object 'Object Repository/ADMIN/Edit Text/Bespoke/Seller Navigation/span_Onboarding Settings' is visible

2020-03-20 10:35:05 - [MESSAGE][WARNING] - Timeout '0' is invalid. Using default page load timeout: '30'

2020-03-20 10:35:05 - [MESSAGE][PASSED] - Object 'Object Repository/ADMIN/Edit Text/Bespoke/Seller Navigation/span_Onboarding Settings' is visible

2020-03-20 10:35:05 - [TEST_STEP][PASSED] - click(findTestObject("ADMIN/Edit Text/Bespoke/Seller Navigation/span_Onboarding Settings"), CONTINUE_ON_FAILURE): Object: 'Object Repository/ADMIN/Edit Text/Bespoke/Seller Navigation/span_Onboarding Settings' is clicked on

2020-03-20 10:35:06 - [MESSAGE][PASSED] - Object: 'Object Repository/ADMIN/Edit Text/Bespoke/Seller Navigation/span_Onboarding Settings' is clicked on

2020-03-20 10:35:06 - [TEST_STEP][PASSED] - waitForElementVisible(findTestObject("ADMIN/Edit Text/Bespoke/Buyer Navigation/dd_language"), 0): Object 'Object Repository/ADMIN/Edit Text/Bespoke/Buyer Navigation/dd_language' is visible

2020-03-20 10:35:06 - [MESSAGE][WARNING] - Timeout '0' is invalid. Using default page load timeout: '30'

2020-03-20 10:35:07 - [MESSAGE][PASSED] - Object 'Object Repository/ADMIN/Edit Text/Bespoke/Buyer Navigation/dd_language' is visible]]></system-out>
         <system-err><![CDATA[]]></system-err>
      </testcase>
      <testcase name="Test Cases/ADMIN/Language/Edit Text/Bespoke/Seller/Onboarding_Settings" time="13.078" classname="Test Cases/ADMIN/Language/Edit Text/Bespoke/Seller/Onboarding_Settings" status="PASSED">
         <system-out><![CDATA[2020-03-20 10:35:07 - [TEST_CASE][PASSED] - Test Cases/ADMIN/Language/Edit Text/Bespoke/Seller/Onboarding_Settings: Test Cases/ADMIN/Language/Edit Text/Bespoke/Seller/Onboarding_Settings

2020-03-20 10:35:07 - [TEST_STEP][PASSED] - waitForElementVisible(findTestObject("ADMIN/Edit Text/Bespoke/Buyer Navigation/dd_language"), 0): Object 'Object Repository/ADMIN/Edit Text/Bespoke/Buyer Navigation/dd_language' is visible

2020-03-20 10:35:07 - [MESSAGE][WARNING] - Timeout '0' is invalid. Using default page load timeout: '30'

2020-03-20 10:35:07 - [MESSAGE][PASSED] - Object 'Object Repository/ADMIN/Edit Text/Bespoke/Buyer Navigation/dd_language' is visible

2020-03-20 10:35:07 - [TEST_STEP][PASSED] - selectOptionByLabel(findTestObject("ADMIN/Edit Text/Bespoke/Buyer Navigation/dd_language"), varLanguage, false): All options with label 'French' are selected in object 'Object Repository/ADMIN/Edit Text/Bespoke/Buyer Navigation/dd_language' 

2020-03-20 10:35:08 - [MESSAGE][PASSED] - All options with label 'French' are selected in object 'Object Repository/ADMIN/Edit Text/Bespoke/Buyer Navigation/dd_language' 

2020-03-20 10:35:08 - [TEST_STEP][PASSED] - sendKeys(findTestObject("ADMIN/Edit Text/Bespoke/Seller Pages/Onboarding_Settings/input_USER SETTINGS_marketplace-name"), "*"): Keys '*' sent to object: 'Object Repository/ADMIN/Edit Text/Bespoke/Seller Pages/Onboarding_Settings/input_USER SETTINGS_marketplace-name'

2020-03-20 10:35:09 - [MESSAGE][PASSED] - Keys '*' sent to object: 'Object Repository/ADMIN/Edit Text/Bespoke/Seller Pages/Onboarding_Settings/input_USER SETTINGS_marketplace-name'

2020-03-20 10:35:09 - [TEST_STEP][PASSED] - sendKeys(findTestObject("ADMIN/Edit Text/Bespoke/Seller Pages/Onboarding_Settings/input_Configure your profile your delivery methods and how you receive payments_item_details"), "*"): Keys '*' sent to object: 'Object Repository/ADMIN/Edit Text/Bespoke/Seller Pages/Onboarding_Settings/input_Configure your profile your delivery methods and how you receive payments_item_details'

2020-03-20 10:35:09 - [MESSAGE][PASSED] - Keys '*' sent to object: 'Object Repository/ADMIN/Edit Text/Bespoke/Seller Pages/Onboarding_Settings/input_Configure your profile your delivery methods and how you receive payments_item_details'

2020-03-20 10:35:09 - [TEST_STEP][PASSED] - sendKeys(findTestObject("ADMIN/Edit Text/Bespoke/Seller Pages/Onboarding_Settings/input_PROFILE_tab-title"), "*"): Keys '*' sent to object: 'Object Repository/ADMIN/Edit Text/Bespoke/Seller Pages/Onboarding_Settings/input_PROFILE_tab-title'

2020-03-20 10:35:09 - [MESSAGE][PASSED] - Keys '*' sent to object: 'Object Repository/ADMIN/Edit Text/Bespoke/Seller Pages/Onboarding_Settings/input_PROFILE_tab-title'

2020-03-20 10:35:09 - [TEST_STEP][PASSED] - sendKeys(findTestObject("ADMIN/Edit Text/Bespoke/Seller Pages/Onboarding_Settings/input_CHANGE_btn_upload"), "*"): Keys '*' sent to object: 'Object Repository/ADMIN/Edit Text/Bespoke/Seller Pages/Onboarding_Settings/input_CHANGE_btn_upload'

2020-03-20 10:35:09 - [MESSAGE][PASSED] - Keys '*' sent to object: 'Object Repository/ADMIN/Edit Text/Bespoke/Seller Pages/Onboarding_Settings/input_CHANGE_btn_upload'

2020-03-20 10:35:09 - [TEST_STEP][PASSED] - sendKeys(findTestObject("ADMIN/Edit Text/Bespoke/Seller Pages/Onboarding_Settings/input_DISPLAY NAME_display-name"), "*"): Keys '*' sent to object: 'Object Repository/ADMIN/Edit Text/Bespoke/Seller Pages/Onboarding_Settings/input_DISPLAY NAME_display-name'

2020-03-20 10:35:09 - [MESSAGE][PASSED] - Keys '*' sent to object: 'Object Repository/ADMIN/Edit Text/Bespoke/Seller Pages/Onboarding_Settings/input_DISPLAY NAME_display-name'

2020-03-20 10:35:09 - [TEST_STEP][PASSED] - sendKeys(findTestObject("ADMIN/Edit Text/Bespoke/Seller Pages/Onboarding_Settings/input_DESCRIPTION_description"), "*"): Keys '*' sent to object: 'Object Repository/ADMIN/Edit Text/Bespoke/Seller Pages/Onboarding_Settings/input_DESCRIPTION_description'

2020-03-20 10:35:09 - [MESSAGE][PASSED] - Keys '*' sent to object: 'Object Repository/ADMIN/Edit Text/Bespoke/Seller Pages/Onboarding_Settings/input_DESCRIPTION_description'

2020-03-20 10:35:09 - [TEST_STEP][PASSED] - sendKeys(findTestObject("ADMIN/Edit Text/Bespoke/Seller Pages/Onboarding_Settings/input_FIRST NAME_first-name"), "*"): Keys '*' sent to object: 'Object Repository/ADMIN/Edit Text/Bespoke/Seller Pages/Onboarding_Settings/input_FIRST NAME_first-name'

2020-03-20 10:35:10 - [MESSAGE][PASSED] - Keys '*' sent to object: 'Object Repository/ADMIN/Edit Text/Bespoke/Seller Pages/Onboarding_Settings/input_FIRST NAME_first-name'

2020-03-20 10:35:10 - [TEST_STEP][PASSED] - sendKeys(findTestObject("ADMIN/Edit Text/Bespoke/Seller Pages/Onboarding_Settings/input_LAST NAME_last-name"), "*"): Keys '*' sent to object: 'Object Repository/ADMIN/Edit Text/Bespoke/Seller Pages/Onboarding_Settings/input_LAST NAME_last-name'

2020-03-20 10:35:10 - [MESSAGE][PASSED] - Keys '*' sent to object: 'Object Repository/ADMIN/Edit Text/Bespoke/Seller Pages/Onboarding_Settings/input_LAST NAME_last-name'

2020-03-20 10:35:10 - [TEST_STEP][PASSED] - sendKeys(findTestObject("ADMIN/Edit Text/Bespoke/Seller Pages/Onboarding_Settings/input_NOTIFICATION EMAIL_notification-email"), "*"): Keys '*' sent to object: 'Object Repository/ADMIN/Edit Text/Bespoke/Seller Pages/Onboarding_Settings/input_NOTIFICATION EMAIL_notification-email'

2020-03-20 10:35:10 - [MESSAGE][PASSED] - Keys '*' sent to object: 'Object Repository/ADMIN/Edit Text/Bespoke/Seller Pages/Onboarding_Settings/input_NOTIFICATION EMAIL_notification-email'

2020-03-20 10:35:10 - [TEST_STEP][PASSED] - sendKeys(findTestObject("ADMIN/Edit Text/Bespoke/Seller Pages/Onboarding_Settings/input_CONTACT NUMBER_contact-number"), "*"): Keys '*' sent to object: 'Object Repository/ADMIN/Edit Text/Bespoke/Seller Pages/Onboarding_Settings/input_CONTACT NUMBER_contact-number'

2020-03-20 10:35:10 - [MESSAGE][PASSED] - Keys '*' sent to object: 'Object Repository/ADMIN/Edit Text/Bespoke/Seller Pages/Onboarding_Settings/input_CONTACT NUMBER_contact-number'

2020-03-20 10:35:10 - [TEST_STEP][PASSED] - sendKeys(findTestObject("ADMIN/Edit Text/Bespoke/Seller Pages/Onboarding_Settings/input_OPENID LOGIN_open-id-login"), "*"): Keys '*' sent to object: 'Object Repository/ADMIN/Edit Text/Bespoke/Seller Pages/Onboarding_Settings/input_OPENID LOGIN_open-id-login'

2020-03-20 10:35:10 - [MESSAGE][PASSED] - Keys '*' sent to object: 'Object Repository/ADMIN/Edit Text/Bespoke/Seller Pages/Onboarding_Settings/input_OPENID LOGIN_open-id-login'

2020-03-20 10:35:10 - [TEST_STEP][PASSED] - sendKeys(findTestObject("ADMIN/Edit Text/Bespoke/Seller Pages/Onboarding_Settings/input_SELLER LOCATION_seller_location"), "*"): Keys '*' sent to object: 'Object Repository/ADMIN/Edit Text/Bespoke/Seller Pages/Onboarding_Settings/input_SELLER LOCATION_seller_location'

2020-03-20 10:35:10 - [MESSAGE][PASSED] - Keys '*' sent to object: 'Object Repository/ADMIN/Edit Text/Bespoke/Seller Pages/Onboarding_Settings/input_SELLER LOCATION_seller_location'

2020-03-20 10:35:10 - [TEST_STEP][PASSED] - sendKeys(findTestObject("ADMIN/Edit Text/Bespoke/Seller Pages/Onboarding_Settings/textarea_For each transaction that is made through the marketplace there will be a seller transaction fee of"), "*"): Keys '*' sent to object: 'Object Repository/ADMIN/Edit Text/Bespoke/Seller Pages/Onboarding_Settings/textarea_For each transaction that is made through the marketplace there will be a seller transaction fee of'

2020-03-20 10:35:11 - [MESSAGE][PASSED] - Keys '*' sent to object: 'Object Repository/ADMIN/Edit Text/Bespoke/Seller Pages/Onboarding_Settings/textarea_For each transaction that is made through the marketplace there will be a seller transaction fee of'

2020-03-20 10:35:11 - [TEST_STEP][PASSED] - sendKeys(findTestObject("ADMIN/Edit Text/Bespoke/Seller Pages/Onboarding_Settings/input_NEXT_btn_next"), "*"): Keys '*' sent to object: 'Object Repository/ADMIN/Edit Text/Bespoke/Seller Pages/Onboarding_Settings/input_NEXT_btn_next'

2020-03-20 10:35:11 - [MESSAGE][PASSED] - Keys '*' sent to object: 'Object Repository/ADMIN/Edit Text/Bespoke/Seller Pages/Onboarding_Settings/input_NEXT_btn_next'

2020-03-20 10:35:11 - [TEST_STEP][PASSED] - sendKeys(findTestObject("ADMIN/Edit Text/Bespoke/Seller Pages/Onboarding_Settings/input_ADDRESS_tab-title"), "*"): Keys '*' sent to object: 'Object Repository/ADMIN/Edit Text/Bespoke/Seller Pages/Onboarding_Settings/input_ADDRESS_tab-title'

2020-03-20 10:35:11 - [MESSAGE][PASSED] - Keys '*' sent to object: 'Object Repository/ADMIN/Edit Text/Bespoke/Seller Pages/Onboarding_Settings/input_ADDRESS_tab-title'

2020-03-20 10:35:11 - [TEST_STEP][PASSED] - sendKeys(findTestObject("ADMIN/Edit Text/Bespoke/Seller Pages/Onboarding_Settings/input_NEW DELIVERY ADDRESS_new-delivery-address"), "*"): Keys '*' sent to object: 'Object Repository/ADMIN/Edit Text/Bespoke/Seller Pages/Onboarding_Settings/input_NEW DELIVERY ADDRESS_new-delivery-address'

2020-03-20 10:35:11 - [MESSAGE][PASSED] - Keys '*' sent to object: 'Object Repository/ADMIN/Edit Text/Bespoke/Seller Pages/Onboarding_Settings/input_NEW DELIVERY ADDRESS_new-delivery-address'

2020-03-20 10:35:11 - [TEST_STEP][PASSED] - sendKeys(findTestObject("ADMIN/Edit Text/Bespoke/Seller Pages/Onboarding_Settings/input_ADDRESSEE FIRST NAME_addressee-first-name"), "*"): Keys '*' sent to object: 'Object Repository/ADMIN/Edit Text/Bespoke/Seller Pages/Onboarding_Settings/input_ADDRESSEE FIRST NAME_addressee-first-name'

2020-03-20 10:35:11 - [MESSAGE][PASSED] - Keys '*' sent to object: 'Object Repository/ADMIN/Edit Text/Bespoke/Seller Pages/Onboarding_Settings/input_ADDRESSEE FIRST NAME_addressee-first-name'

2020-03-20 10:35:11 - [TEST_STEP][PASSED] - sendKeys(findTestObject("ADMIN/Edit Text/Bespoke/Seller Pages/Onboarding_Settings/input_ADDRESSEE LAST NAME_addressee-last-name"), "*"): Keys '*' sent to object: 'Object Repository/ADMIN/Edit Text/Bespoke/Seller Pages/Onboarding_Settings/input_ADDRESSEE LAST NAME_addressee-last-name'

2020-03-20 10:35:11 - [MESSAGE][PASSED] - Keys '*' sent to object: 'Object Repository/ADMIN/Edit Text/Bespoke/Seller Pages/Onboarding_Settings/input_ADDRESSEE LAST NAME_addressee-last-name'

2020-03-20 10:35:11 - [TEST_STEP][PASSED] - sendKeys(findTestObject("ADMIN/Edit Text/Bespoke/Seller Pages/Onboarding_Settings/input_ADDRESS_address"), "*"): Keys '*' sent to object: 'Object Repository/ADMIN/Edit Text/Bespoke/Seller Pages/Onboarding_Settings/input_ADDRESS_address'

2020-03-20 10:35:12 - [MESSAGE][PASSED] - Keys '*' sent to object: 'Object Repository/ADMIN/Edit Text/Bespoke/Seller Pages/Onboarding_Settings/input_ADDRESS_address'

2020-03-20 10:35:12 - [TEST_STEP][PASSED] - sendKeys(findTestObject("ADMIN/Edit Text/Bespoke/Seller Pages/Onboarding_Settings/input_SELECT COUNTRY_select-country"), "*"): Keys '*' sent to object: 'Object Repository/ADMIN/Edit Text/Bespoke/Seller Pages/Onboarding_Settings/input_SELECT COUNTRY_select-country'

2020-03-20 10:35:12 - [MESSAGE][PASSED] - Keys '*' sent to object: 'Object Repository/ADMIN/Edit Text/Bespoke/Seller Pages/Onboarding_Settings/input_SELECT COUNTRY_select-country'

2020-03-20 10:35:12 - [TEST_STEP][PASSED] - sendKeys(findTestObject("ADMIN/Edit Text/Bespoke/Seller Pages/Onboarding_Settings/input_COUNTRY_address-country"), "*"): Keys '*' sent to object: 'Object Repository/ADMIN/Edit Text/Bespoke/Seller Pages/Onboarding_Settings/input_COUNTRY_address-country'

2020-03-20 10:35:12 - [MESSAGE][PASSED] - Keys '*' sent to object: 'Object Repository/ADMIN/Edit Text/Bespoke/Seller Pages/Onboarding_Settings/input_COUNTRY_address-country'

2020-03-20 10:35:12 - [TEST_STEP][PASSED] - sendKeys(findTestObject("ADMIN/Edit Text/Bespoke/Seller Pages/Onboarding_Settings/input_STATE_address-state"), "*"): Keys '*' sent to object: 'Object Repository/ADMIN/Edit Text/Bespoke/Seller Pages/Onboarding_Settings/input_STATE_address-state'

2020-03-20 10:35:12 - [MESSAGE][PASSED] - Keys '*' sent to object: 'Object Repository/ADMIN/Edit Text/Bespoke/Seller Pages/Onboarding_Settings/input_STATE_address-state'

2020-03-20 10:35:12 - [TEST_STEP][PASSED] - sendKeys(findTestObject("ADMIN/Edit Text/Bespoke/Seller Pages/Onboarding_Settings/input_CITY_address-city"), "*"): Keys '*' sent to object: 'Object Repository/ADMIN/Edit Text/Bespoke/Seller Pages/Onboarding_Settings/input_CITY_address-city'

2020-03-20 10:35:12 - [MESSAGE][PASSED] - Keys '*' sent to object: 'Object Repository/ADMIN/Edit Text/Bespoke/Seller Pages/Onboarding_Settings/input_CITY_address-city'

2020-03-20 10:35:12 - [TEST_STEP][PASSED] - sendKeys(findTestObject("ADMIN/Edit Text/Bespoke/Seller Pages/Onboarding_Settings/input_POSTAL CODE_address-postalcode"), "*"): Keys '*' sent to object: 'Object Repository/ADMIN/Edit Text/Bespoke/Seller Pages/Onboarding_Settings/input_POSTAL CODE_address-postalcode'

2020-03-20 10:35:12 - [MESSAGE][PASSED] - Keys '*' sent to object: 'Object Repository/ADMIN/Edit Text/Bespoke/Seller Pages/Onboarding_Settings/input_POSTAL CODE_address-postalcode'

2020-03-20 10:35:12 - [TEST_STEP][PASSED] - sendKeys(findTestObject("ADMIN/Edit Text/Bespoke/Seller Pages/Onboarding_Settings/input_ADD ADDRESS_btn_add"), "*"): Keys '*' sent to object: 'Object Repository/ADMIN/Edit Text/Bespoke/Seller Pages/Onboarding_Settings/input_ADD ADDRESS_btn_add'

2020-03-20 10:35:13 - [MESSAGE][PASSED] - Keys '*' sent to object: 'Object Repository/ADMIN/Edit Text/Bespoke/Seller Pages/Onboarding_Settings/input_ADD ADDRESS_btn_add'

2020-03-20 10:35:13 - [TEST_STEP][PASSED] - sendKeys(findTestObject("ADMIN/Edit Text/Bespoke/Seller Pages/Onboarding_Settings/input_SAVED ADDRESSES_address-saved"), "*"): Keys '*' sent to object: 'Object Repository/ADMIN/Edit Text/Bespoke/Seller Pages/Onboarding_Settings/input_SAVED ADDRESSES_address-saved'

2020-03-20 10:35:13 - [MESSAGE][PASSED] - Keys '*' sent to object: 'Object Repository/ADMIN/Edit Text/Bespoke/Seller Pages/Onboarding_Settings/input_SAVED ADDRESSES_address-saved'

2020-03-20 10:35:13 - [TEST_STEP][PASSED] - sendKeys(findTestObject("ADMIN/Edit Text/Bespoke/Seller Pages/Onboarding_Settings/input_Next_btn_next (1)"), "*"): Keys '*' sent to object: 'Object Repository/ADMIN/Edit Text/Bespoke/Seller Pages/Onboarding_Settings/input_Next_btn_next (1)'

2020-03-20 10:35:13 - [MESSAGE][PASSED] - Keys '*' sent to object: 'Object Repository/ADMIN/Edit Text/Bespoke/Seller Pages/Onboarding_Settings/input_Next_btn_next (1)'

2020-03-20 10:35:13 - [TEST_STEP][PASSED] - sendKeys(findTestObject("ADMIN/Edit Text/Bespoke/Seller Pages/Onboarding_Settings/input_PAYMENT ACCEPTANCE_tan-title"), "*"): Keys '*' sent to object: 'Object Repository/ADMIN/Edit Text/Bespoke/Seller Pages/Onboarding_Settings/input_PAYMENT ACCEPTANCE_tan-title'

2020-03-20 10:35:13 - [MESSAGE][PASSED] - Keys '*' sent to object: 'Object Repository/ADMIN/Edit Text/Bespoke/Seller Pages/Onboarding_Settings/input_PAYMENT ACCEPTANCE_tan-title'

2020-03-20 10:35:13 - [TEST_STEP][PASSED] - sendKeys(findTestObject("ADMIN/Edit Text/Bespoke/Seller Pages/Onboarding_Settings/input_PAYMENT METHOD_payment_method"), "*"): Keys '*' sent to object: 'Object Repository/ADMIN/Edit Text/Bespoke/Seller Pages/Onboarding_Settings/input_PAYMENT METHOD_payment_method'

2020-03-20 10:35:13 - [MESSAGE][PASSED] - Keys '*' sent to object: 'Object Repository/ADMIN/Edit Text/Bespoke/Seller Pages/Onboarding_Settings/input_PAYMENT METHOD_payment_method'

2020-03-20 10:35:13 - [TEST_STEP][PASSED] - sendKeys(findTestObject("ADMIN/Edit Text/Bespoke/Seller Pages/Onboarding_Settings/input_Select your preferred payment method_select_payment_method"), "*"): Keys '*' sent to object: 'Object Repository/ADMIN/Edit Text/Bespoke/Seller Pages/Onboarding_Settings/input_Select your preferred payment method_select_payment_method'

2020-03-20 10:35:13 - [MESSAGE][PASSED] - Keys '*' sent to object: 'Object Repository/ADMIN/Edit Text/Bespoke/Seller Pages/Onboarding_Settings/input_Select your preferred payment method_select_payment_method'

2020-03-20 10:35:13 - [TEST_STEP][PASSED] - sendKeys(findTestObject("ADMIN/Edit Text/Bespoke/Seller Pages/Onboarding_Settings/input_LINK ACCOUNT_btn_link_account"), "*"): Keys '*' sent to object: 'Object Repository/ADMIN/Edit Text/Bespoke/Seller Pages/Onboarding_Settings/input_LINK ACCOUNT_btn_link_account'

2020-03-20 10:35:14 - [MESSAGE][PASSED] - Keys '*' sent to object: 'Object Repository/ADMIN/Edit Text/Bespoke/Seller Pages/Onboarding_Settings/input_LINK ACCOUNT_btn_link_account'

2020-03-20 10:35:14 - [TEST_STEP][PASSED] - sendKeys(findTestObject("ADMIN/Edit Text/Bespoke/Seller Pages/Onboarding_Settings/input_VERIFIED_verified"), "*"): Keys '*' sent to object: 'Object Repository/ADMIN/Edit Text/Bespoke/Seller Pages/Onboarding_Settings/input_VERIFIED_verified'

2020-03-20 10:35:14 - [MESSAGE][PASSED] - Keys '*' sent to object: 'Object Repository/ADMIN/Edit Text/Bespoke/Seller Pages/Onboarding_Settings/input_VERIFIED_verified'

2020-03-20 10:35:14 - [TEST_STEP][PASSED] - sendKeys(findTestObject("ADMIN/Edit Text/Bespoke/Seller Pages/Onboarding_Settings/input_This payment method is compulsory_this_method_compulsory"), "*"): Keys '*' sent to object: 'Object Repository/ADMIN/Edit Text/Bespoke/Seller Pages/Onboarding_Settings/input_This payment method is compulsory_this_method_compulsory'

2020-03-20 10:35:14 - [MESSAGE][PASSED] - Keys '*' sent to object: 'Object Repository/ADMIN/Edit Text/Bespoke/Seller Pages/Onboarding_Settings/input_This payment method is compulsory_this_method_compulsory'

2020-03-20 10:35:14 - [TEST_STEP][PASSED] - sendKeys(findTestObject("ADMIN/Edit Text/Bespoke/Seller Pages/Onboarding_Settings/input_No account linked yet_no-account-linked"), "*"): Keys '*' sent to object: 'Object Repository/ADMIN/Edit Text/Bespoke/Seller Pages/Onboarding_Settings/input_No account linked yet_no-account-linked'

2020-03-20 10:35:14 - [MESSAGE][PASSED] - Keys '*' sent to object: 'Object Repository/ADMIN/Edit Text/Bespoke/Seller Pages/Onboarding_Settings/input_No account linked yet_no-account-linked'

2020-03-20 10:35:14 - [TEST_STEP][PASSED] - sendKeys(findTestObject("ADMIN/Edit Text/Bespoke/Seller Pages/Onboarding_Settings/input_next3"), "*"): Keys '*' sent to object: 'Object Repository/ADMIN/Edit Text/Bespoke/Seller Pages/Onboarding_Settings/input_next3'

2020-03-20 10:35:14 - [MESSAGE][PASSED] - Keys '*' sent to object: 'Object Repository/ADMIN/Edit Text/Bespoke/Seller Pages/Onboarding_Settings/input_next3'

2020-03-20 10:35:14 - [TEST_STEP][PASSED] - sendKeys(findTestObject("ADMIN/Edit Text/Bespoke/Seller Pages/Onboarding_Settings/input_DELIVERY METHODS_tab-title1"), "*"): Keys '*' sent to object: 'Object Repository/ADMIN/Edit Text/Bespoke/Seller Pages/Onboarding_Settings/input_DELIVERY METHODS_tab-title1'

2020-03-20 10:35:15 - [MESSAGE][PASSED] - Keys '*' sent to object: 'Object Repository/ADMIN/Edit Text/Bespoke/Seller Pages/Onboarding_Settings/input_DELIVERY METHODS_tab-title1'

2020-03-20 10:35:15 - [TEST_STEP][PASSED] - sendKeys(findTestObject("ADMIN/Edit Text/Bespoke/Seller Pages/Onboarding_Settings/input_DELIVERY OPTIONS_delivery-option"), "*"): Keys '*' sent to object: 'Object Repository/ADMIN/Edit Text/Bespoke/Seller Pages/Onboarding_Settings/input_DELIVERY OPTIONS_delivery-option'

2020-03-20 10:35:15 - [MESSAGE][PASSED] - Keys '*' sent to object: 'Object Repository/ADMIN/Edit Text/Bespoke/Seller Pages/Onboarding_Settings/input_DELIVERY OPTIONS_delivery-option'

2020-03-20 10:35:15 - [TEST_STEP][PASSED] - sendKeys(findTestObject("ADMIN/Edit Text/Bespoke/Seller Pages/Onboarding_Settings/input_DELIVERY OPTIONS_delivery-txt2"), "*"): Keys '*' sent to object: 'Object Repository/ADMIN/Edit Text/Bespoke/Seller Pages/Onboarding_Settings/input_DELIVERY OPTIONS_delivery-txt2'

2020-03-20 10:35:15 - [MESSAGE][PASSED] - Keys '*' sent to object: 'Object Repository/ADMIN/Edit Text/Bespoke/Seller Pages/Onboarding_Settings/input_DELIVERY OPTIONS_delivery-txt2'

2020-03-20 10:35:15 - [TEST_STEP][PASSED] - sendKeys(findTestObject("ADMIN/Edit Text/Bespoke/Seller Pages/Onboarding_Settings/input_DELIVERY SERVICE_delivery-service"), "*"): Keys '*' sent to object: 'Object Repository/ADMIN/Edit Text/Bespoke/Seller Pages/Onboarding_Settings/input_DELIVERY SERVICE_delivery-service'

2020-03-20 10:35:15 - [MESSAGE][PASSED] - Keys '*' sent to object: 'Object Repository/ADMIN/Edit Text/Bespoke/Seller Pages/Onboarding_Settings/input_DELIVERY SERVICE_delivery-service'

2020-03-20 10:35:15 - [TEST_STEP][PASSED] - sendKeys(findTestObject("ADMIN/Edit Text/Bespoke/Seller Pages/Onboarding_Settings/input_SINGLE ITEM DELIVERY (A)_single-item-delivery"), "*"): Keys '*' sent to object: 'Object Repository/ADMIN/Edit Text/Bespoke/Seller Pages/Onboarding_Settings/input_SINGLE ITEM DELIVERY (A)_single-item-delivery'

2020-03-20 10:35:15 - [MESSAGE][PASSED] - Keys '*' sent to object: 'Object Repository/ADMIN/Edit Text/Bespoke/Seller Pages/Onboarding_Settings/input_SINGLE ITEM DELIVERY (A)_single-item-delivery'

2020-03-20 10:35:15 - [TEST_STEP][PASSED] - sendKeys(findTestObject("ADMIN/Edit Text/Bespoke/Seller Pages/Onboarding_Settings/input_WITH OTHER ITEM (B)_with-other-item"), "*"): Keys '*' sent to object: 'Object Repository/ADMIN/Edit Text/Bespoke/Seller Pages/Onboarding_Settings/input_WITH OTHER ITEM (B)_with-other-item'

2020-03-20 10:35:15 - [MESSAGE][PASSED] - Keys '*' sent to object: 'Object Repository/ADMIN/Edit Text/Bespoke/Seller Pages/Onboarding_Settings/input_WITH OTHER ITEM (B)_with-other-item'

2020-03-20 10:35:15 - [TEST_STEP][PASSED] - sendKeys(findTestObject("ADMIN/Edit Text/Bespoke/Seller Pages/Onboarding_Settings/input_ADD_btn_add"), "*"): Keys '*' sent to object: 'Object Repository/ADMIN/Edit Text/Bespoke/Seller Pages/Onboarding_Settings/input_ADD_btn_add'

2020-03-20 10:35:15 - [MESSAGE][PASSED] - Keys '*' sent to object: 'Object Repository/ADMIN/Edit Text/Bespoke/Seller Pages/Onboarding_Settings/input_ADD_btn_add'

2020-03-20 10:35:15 - [TEST_STEP][PASSED] - sendKeys(findTestObject("ADMIN/Edit Text/Bespoke/Seller Pages/Onboarding_Settings/input_PICK-UP LOCATIONS_pick-up-option"), "*"): Keys '*' sent to object: 'Object Repository/ADMIN/Edit Text/Bespoke/Seller Pages/Onboarding_Settings/input_PICK-UP LOCATIONS_pick-up-option'

2020-03-20 10:35:15 - [MESSAGE][PASSED] - Keys '*' sent to object: 'Object Repository/ADMIN/Edit Text/Bespoke/Seller Pages/Onboarding_Settings/input_PICK-UP LOCATIONS_pick-up-option'

2020-03-20 10:35:15 - [TEST_STEP][PASSED] - sendKeys(findTestObject("ADMIN/Edit Text/Bespoke/Seller Pages/Onboarding_Settings/textarea_Define the full address where the buyer can pick up from (You must have at least a delivery option or a pick-up location selected)"), "*"): Keys '*' sent to object: 'Object Repository/ADMIN/Edit Text/Bespoke/Seller Pages/Onboarding_Settings/textarea_Define the full address where the buyer can pick up from (You must have at least a delivery option or a pick-up location selected)'

2020-03-20 10:35:16 - [MESSAGE][PASSED] - Keys '*' sent to object: 'Object Repository/ADMIN/Edit Text/Bespoke/Seller Pages/Onboarding_Settings/textarea_Define the full address where the buyer can pick up from (You must have at least a delivery option or a pick-up location selected)'

2020-03-20 10:35:16 - [TEST_STEP][PASSED] - sendKeys(findTestObject("ADMIN/Edit Text/Bespoke/Seller Pages/Onboarding_Settings/input_Offer reduced shipping costs to buyers when they buy more than one item from you_delivery-txt2"), "*"): Keys '*' sent to object: 'Object Repository/ADMIN/Edit Text/Bespoke/Seller Pages/Onboarding_Settings/input_Offer reduced shipping costs to buyers when they buy more than one item from you_delivery-txt2'

2020-03-20 10:35:16 - [MESSAGE][PASSED] - Keys '*' sent to object: 'Object Repository/ADMIN/Edit Text/Bespoke/Seller Pages/Onboarding_Settings/input_Offer reduced shipping costs to buyers when they buy more than one item from you_delivery-txt2'

2020-03-20 10:35:16 - [TEST_STEP][PASSED] - sendKeys(findTestObject("ADMIN/Edit Text/Bespoke/Seller Pages/Onboarding_Settings/input_total delivery"), "*"): Keys '*' sent to object: 'Object Repository/ADMIN/Edit Text/Bespoke/Seller Pages/Onboarding_Settings/input_total delivery'

2020-03-20 10:35:16 - [MESSAGE][PASSED] - Keys '*' sent to object: 'Object Repository/ADMIN/Edit Text/Bespoke/Seller Pages/Onboarding_Settings/input_total delivery'

2020-03-20 10:35:16 - [TEST_STEP][PASSED] - sendKeys(findTestObject("ADMIN/Edit Text/Bespoke/Seller Pages/Onboarding_Settings/input_add1"), "*"): Keys '*' sent to object: 'Object Repository/ADMIN/Edit Text/Bespoke/Seller Pages/Onboarding_Settings/input_add1'

2020-03-20 10:35:16 - [MESSAGE][PASSED] - Keys '*' sent to object: 'Object Repository/ADMIN/Edit Text/Bespoke/Seller Pages/Onboarding_Settings/input_add1'

2020-03-20 10:35:16 - [TEST_STEP][PASSED] - sendKeys(findTestObject("ADMIN/Edit Text/Bespoke/Seller Pages/Onboarding_Settings/input_PICK-UP LOCATION ADDRESS_pick-up-address"), "*"): Keys '*' sent to object: 'Object Repository/ADMIN/Edit Text/Bespoke/Seller Pages/Onboarding_Settings/input_PICK-UP LOCATION ADDRESS_pick-up-address'

2020-03-20 10:35:16 - [MESSAGE][PASSED] - Keys '*' sent to object: 'Object Repository/ADMIN/Edit Text/Bespoke/Seller Pages/Onboarding_Settings/input_PICK-UP LOCATION ADDRESS_pick-up-address'

2020-03-20 10:35:16 - [TEST_STEP][PASSED] - sendKeys(findTestObject("ADMIN/Edit Text/Bespoke/Seller Pages/Onboarding_Settings/input_SAVE_btn_save"), "*"): Keys '*' sent to object: 'Object Repository/ADMIN/Edit Text/Bespoke/Seller Pages/Onboarding_Settings/input_SAVE_btn_save'

2020-03-20 10:35:16 - [MESSAGE][PASSED] - Keys '*' sent to object: 'Object Repository/ADMIN/Edit Text/Bespoke/Seller Pages/Onboarding_Settings/input_SAVE_btn_save'

2020-03-20 10:35:16 - [TEST_STEP][PASSED] - sendKeys(findTestObject("ADMIN/Edit Text/Bespoke/Seller Pages/Onboarding_Settings/input_Are you sure want to delete_popup-title"), "*"): Keys '*' sent to object: 'Object Repository/ADMIN/Edit Text/Bespoke/Seller Pages/Onboarding_Settings/input_Are you sure want to delete_popup-title'

2020-03-20 10:35:17 - [MESSAGE][PASSED] - Keys '*' sent to object: 'Object Repository/ADMIN/Edit Text/Bespoke/Seller Pages/Onboarding_Settings/input_Are you sure want to delete_popup-title'

2020-03-20 10:35:17 - [TEST_STEP][PASSED] - sendKeys(findTestObject("ADMIN/Edit Text/Bespoke/Seller Pages/Onboarding_Settings/input_CANCEL_btn_cancel"), "*"): Keys '*' sent to object: 'Object Repository/ADMIN/Edit Text/Bespoke/Seller Pages/Onboarding_Settings/input_CANCEL_btn_cancel'

2020-03-20 10:35:17 - [MESSAGE][PASSED] - Keys '*' sent to object: 'Object Repository/ADMIN/Edit Text/Bespoke/Seller Pages/Onboarding_Settings/input_CANCEL_btn_cancel'

2020-03-20 10:35:17 - [TEST_STEP][PASSED] - sendKeys(findTestObject("ADMIN/Edit Text/Bespoke/Seller Pages/Onboarding_Settings/input_Okay_btn_okay"), "*"): Keys '*' sent to object: 'Object Repository/ADMIN/Edit Text/Bespoke/Seller Pages/Onboarding_Settings/input_Okay_btn_okay'

2020-03-20 10:35:17 - [MESSAGE][PASSED] - Keys '*' sent to object: 'Object Repository/ADMIN/Edit Text/Bespoke/Seller Pages/Onboarding_Settings/input_Okay_btn_okay'

2020-03-20 10:35:17 - [TEST_STEP][PASSED] - sendKeys(findTestObject("ADMIN/Edit Text/Bespoke/Seller Pages/Onboarding_Settings/input_REMOVE ITEM_popup-title"), "*"): Keys '*' sent to object: 'Object Repository/ADMIN/Edit Text/Bespoke/Seller Pages/Onboarding_Settings/input_REMOVE ITEM_popup-title'

2020-03-20 10:35:17 - [MESSAGE][PASSED] - Keys '*' sent to object: 'Object Repository/ADMIN/Edit Text/Bespoke/Seller Pages/Onboarding_Settings/input_REMOVE ITEM_popup-title'

2020-03-20 10:35:17 - [TEST_STEP][PASSED] - sendKeys(findTestObject("ADMIN/Edit Text/Bespoke/Seller Pages/Onboarding_Settings/input_concat(Are you sure about removing this item from your list (It  ll be gone forever))_popup-title"), "*"): Keys '*' sent to object: 'Object Repository/ADMIN/Edit Text/Bespoke/Seller Pages/Onboarding_Settings/input_concat(Are you sure about removing this item from your list (It  ll be gone forever))_popup-title'

2020-03-20 10:35:17 - [MESSAGE][PASSED] - Keys '*' sent to object: 'Object Repository/ADMIN/Edit Text/Bespoke/Seller Pages/Onboarding_Settings/input_concat(Are you sure about removing this item from your list (It  ll be gone forever))_popup-title'

2020-03-20 10:35:17 - [TEST_STEP][PASSED] - sendKeys(findTestObject("ADMIN/Edit Text/Bespoke/Seller Pages/Onboarding_Settings/input_CANCEL_btn_cancel2"), "*"): Keys '*' sent to object: 'Object Repository/ADMIN/Edit Text/Bespoke/Seller Pages/Onboarding_Settings/input_CANCEL_btn_cancel2'

2020-03-20 10:35:17 - [MESSAGE][PASSED] - Keys '*' sent to object: 'Object Repository/ADMIN/Edit Text/Bespoke/Seller Pages/Onboarding_Settings/input_CANCEL_btn_cancel2'

2020-03-20 10:35:17 - [TEST_STEP][PASSED] - sendKeys(findTestObject("ADMIN/Edit Text/Bespoke/Seller Pages/Onboarding_Settings/input_Okay_btn_okay2"), "*"): Keys '*' sent to object: 'Object Repository/ADMIN/Edit Text/Bespoke/Seller Pages/Onboarding_Settings/input_Okay_btn_okay2'

2020-03-20 10:35:18 - [MESSAGE][PASSED] - Keys '*' sent to object: 'Object Repository/ADMIN/Edit Text/Bespoke/Seller Pages/Onboarding_Settings/input_Okay_btn_okay2'

2020-03-20 10:35:18 - [TEST_STEP][PASSED] - sendKeys(findTestObject("ADMIN/Edit Text/Bespoke/Seller Pages/Onboarding_Settings/input_Back_tab-title"), "*"): Keys '*' sent to object: 'Object Repository/ADMIN/Edit Text/Bespoke/Seller Pages/Onboarding_Settings/input_Back_tab-title'

2020-03-20 10:35:18 - [MESSAGE][PASSED] - Keys '*' sent to object: 'Object Repository/ADMIN/Edit Text/Bespoke/Seller Pages/Onboarding_Settings/input_Back_tab-title'

2020-03-20 10:35:18 - [TEST_STEP][PASSED] - sendKeys(findTestObject("ADMIN/Edit Text/Bespoke/Seller Pages/Onboarding_Settings/input_ACCOUNT CONFIGURATION_tab-title"), "*"): Keys '*' sent to object: 'Object Repository/ADMIN/Edit Text/Bespoke/Seller Pages/Onboarding_Settings/input_ACCOUNT CONFIGURATION_tab-title'

2020-03-20 10:35:18 - [MESSAGE][PASSED] - Keys '*' sent to object: 'Object Repository/ADMIN/Edit Text/Bespoke/Seller Pages/Onboarding_Settings/input_ACCOUNT CONFIGURATION_tab-title'

2020-03-20 10:35:18 - [TEST_STEP][PASSED] - sendKeys(findTestObject("ADMIN/Edit Text/Bespoke/Seller Pages/Onboarding_Settings/textarea_Your details entered here will be saved and verified by Omise Money you earn from your sales will be accredited to your bank account directly"), "*"): Keys '*' sent to object: 'Object Repository/ADMIN/Edit Text/Bespoke/Seller Pages/Onboarding_Settings/textarea_Your details entered here will be saved and verified by Omise Money you earn from your sales will be accredited to your bank account directly'

2020-03-20 10:35:18 - [MESSAGE][PASSED] - Keys '*' sent to object: 'Object Repository/ADMIN/Edit Text/Bespoke/Seller Pages/Onboarding_Settings/textarea_Your details entered here will be saved and verified by Omise Money you earn from your sales will be accredited to your bank account directly'

2020-03-20 10:35:18 - [TEST_STEP][PASSED] - sendKeys(findTestObject("ADMIN/Edit Text/Bespoke/Seller Pages/Onboarding_Settings/input_TYPE_tab-title"), "*"): Keys '*' sent to object: 'Object Repository/ADMIN/Edit Text/Bespoke/Seller Pages/Onboarding_Settings/input_TYPE_tab-title'

2020-03-20 10:35:18 - [MESSAGE][PASSED] - Keys '*' sent to object: 'Object Repository/ADMIN/Edit Text/Bespoke/Seller Pages/Onboarding_Settings/input_TYPE_tab-title'

2020-03-20 10:35:18 - [TEST_STEP][PASSED] - sendKeys(findTestObject("ADMIN/Edit Text/Bespoke/Seller Pages/Onboarding_Settings/input_Tax identification number (optional)_tab-title"), "*"): Keys '*' sent to object: 'Object Repository/ADMIN/Edit Text/Bespoke/Seller Pages/Onboarding_Settings/input_Tax identification number (optional)_tab-title'

2020-03-20 10:35:18 - [MESSAGE][PASSED] - Keys '*' sent to object: 'Object Repository/ADMIN/Edit Text/Bespoke/Seller Pages/Onboarding_Settings/input_Tax identification number (optional)_tab-title'

2020-03-20 10:35:18 - [TEST_STEP][PASSED] - sendKeys(findTestObject("ADMIN/Edit Text/Bespoke/Seller Pages/Onboarding_Settings/input_Individual_tab-title"), "*"): Keys '*' sent to object: 'Object Repository/ADMIN/Edit Text/Bespoke/Seller Pages/Onboarding_Settings/input_Individual_tab-title'

2020-03-20 10:35:18 - [MESSAGE][PASSED] - Keys '*' sent to object: 'Object Repository/ADMIN/Edit Text/Bespoke/Seller Pages/Onboarding_Settings/input_Individual_tab-title'

2020-03-20 10:35:18 - [TEST_STEP][PASSED] - sendKeys(findTestObject("ADMIN/Edit Text/Bespoke/Seller Pages/Onboarding_Settings/input_Corporate_tab-title"), "*"): Keys '*' sent to object: 'Object Repository/ADMIN/Edit Text/Bespoke/Seller Pages/Onboarding_Settings/input_Corporate_tab-title'

2020-03-20 10:35:18 - [MESSAGE][PASSED] - Keys '*' sent to object: 'Object Repository/ADMIN/Edit Text/Bespoke/Seller Pages/Onboarding_Settings/input_Corporate_tab-title'

2020-03-20 10:35:18 - [TEST_STEP][PASSED] - sendKeys(findTestObject("ADMIN/Edit Text/Bespoke/Seller Pages/Onboarding_Settings/input_Bank  branch code_tab-title"), "*"): Keys '*' sent to object: 'Object Repository/ADMIN/Edit Text/Bespoke/Seller Pages/Onboarding_Settings/input_Bank  branch code_tab-title'

2020-03-20 10:35:19 - [MESSAGE][PASSED] - Keys '*' sent to object: 'Object Repository/ADMIN/Edit Text/Bespoke/Seller Pages/Onboarding_Settings/input_Bank  branch code_tab-title'

2020-03-20 10:35:19 - [TEST_STEP][PASSED] - sendKeys(findTestObject("ADMIN/Edit Text/Bespoke/Seller Pages/Onboarding_Settings/input_Bank account number_tab-title"), "*"): Keys '*' sent to object: 'Object Repository/ADMIN/Edit Text/Bespoke/Seller Pages/Onboarding_Settings/input_Bank account number_tab-title'

2020-03-20 10:35:19 - [MESSAGE][PASSED] - Keys '*' sent to object: 'Object Repository/ADMIN/Edit Text/Bespoke/Seller Pages/Onboarding_Settings/input_Bank account number_tab-title'

2020-03-20 10:35:19 - [TEST_STEP][PASSED] - sendKeys(findTestObject("ADMIN/Edit Text/Bespoke/Seller Pages/Onboarding_Settings/input_Bank account name_tab-title"), "*"): Keys '*' sent to object: 'Object Repository/ADMIN/Edit Text/Bespoke/Seller Pages/Onboarding_Settings/input_Bank account name_tab-title'

2020-03-20 10:35:19 - [MESSAGE][PASSED] - Keys '*' sent to object: 'Object Repository/ADMIN/Edit Text/Bespoke/Seller Pages/Onboarding_Settings/input_Bank account name_tab-title'

2020-03-20 10:35:19 - [TEST_STEP][PASSED] - click(findTestObject("ADMIN/Edit Text/Bespoke/Buyer Pages/Homepage/button_save"), CONTINUE_ON_FAILURE): Object: 'Object Repository/ADMIN/Edit Text/Bespoke/Buyer Pages/Homepage/button_save' is clicked on

2020-03-20 10:35:19 - [MESSAGE][PASSED] - Object: 'Object Repository/ADMIN/Edit Text/Bespoke/Buyer Pages/Homepage/button_save' is clicked on

2020-03-20 10:35:19 - [TEST_STEP][PASSED] - waitForElementVisible(findTestObject("ADMIN/Edit Text/Bespoke/Buyer Pages/Homepage/toaster_success"), 0): Object 'Object Repository/ADMIN/Edit Text/Bespoke/Buyer Pages/Homepage/toaster_success' is visible

2020-03-20 10:35:19 - [MESSAGE][WARNING] - Timeout '0' is invalid. Using default page load timeout: '30'

2020-03-20 10:35:20 - [MESSAGE][PASSED] - Object 'Object Repository/ADMIN/Edit Text/Bespoke/Buyer Pages/Homepage/toaster_success' is visible]]></system-out>
         <system-err><![CDATA[]]></system-err>
      </testcase>
      <testcase name="Test Cases/ADMIN/Language/Edit Text/Bespoke/Seller/Onboarding_Settings" time="12.689" classname="Test Cases/ADMIN/Language/Edit Text/Bespoke/Seller/Onboarding_Settings" status="PASSED">
         <system-out><![CDATA[2020-03-20 10:35:20 - [TEST_CASE][PASSED] - Test Cases/ADMIN/Language/Edit Text/Bespoke/Seller/Onboarding_Settings: Test Cases/ADMIN/Language/Edit Text/Bespoke/Seller/Onboarding_Settings

2020-03-20 10:35:20 - [TEST_STEP][PASSED] - waitForElementVisible(findTestObject("ADMIN/Edit Text/Bespoke/Buyer Navigation/dd_language"), 0): Object 'Object Repository/ADMIN/Edit Text/Bespoke/Buyer Navigation/dd_language' is visible

2020-03-20 10:35:20 - [MESSAGE][WARNING] - Timeout '0' is invalid. Using default page load timeout: '30'

2020-03-20 10:35:20 - [MESSAGE][PASSED] - Object 'Object Repository/ADMIN/Edit Text/Bespoke/Buyer Navigation/dd_language' is visible

2020-03-20 10:35:20 - [TEST_STEP][PASSED] - selectOptionByLabel(findTestObject("ADMIN/Edit Text/Bespoke/Buyer Navigation/dd_language"), varLanguage, false): All options with label 'Spanish' are selected in object 'Object Repository/ADMIN/Edit Text/Bespoke/Buyer Navigation/dd_language' 

2020-03-20 10:35:21 - [MESSAGE][PASSED] - All options with label 'Spanish' are selected in object 'Object Repository/ADMIN/Edit Text/Bespoke/Buyer Navigation/dd_language' 

2020-03-20 10:35:21 - [TEST_STEP][PASSED] - sendKeys(findTestObject("ADMIN/Edit Text/Bespoke/Seller Pages/Onboarding_Settings/input_USER SETTINGS_marketplace-name"), "*"): Keys '*' sent to object: 'Object Repository/ADMIN/Edit Text/Bespoke/Seller Pages/Onboarding_Settings/input_USER SETTINGS_marketplace-name'

2020-03-20 10:35:21 - [MESSAGE][PASSED] - Keys '*' sent to object: 'Object Repository/ADMIN/Edit Text/Bespoke/Seller Pages/Onboarding_Settings/input_USER SETTINGS_marketplace-name'

2020-03-20 10:35:21 - [TEST_STEP][PASSED] - sendKeys(findTestObject("ADMIN/Edit Text/Bespoke/Seller Pages/Onboarding_Settings/input_Configure your profile your delivery methods and how you receive payments_item_details"), "*"): Keys '*' sent to object: 'Object Repository/ADMIN/Edit Text/Bespoke/Seller Pages/Onboarding_Settings/input_Configure your profile your delivery methods and how you receive payments_item_details'

2020-03-20 10:35:22 - [MESSAGE][PASSED] - Keys '*' sent to object: 'Object Repository/ADMIN/Edit Text/Bespoke/Seller Pages/Onboarding_Settings/input_Configure your profile your delivery methods and how you receive payments_item_details'

2020-03-20 10:35:22 - [TEST_STEP][PASSED] - sendKeys(findTestObject("ADMIN/Edit Text/Bespoke/Seller Pages/Onboarding_Settings/input_PROFILE_tab-title"), "*"): Keys '*' sent to object: 'Object Repository/ADMIN/Edit Text/Bespoke/Seller Pages/Onboarding_Settings/input_PROFILE_tab-title'

2020-03-20 10:35:22 - [MESSAGE][PASSED] - Keys '*' sent to object: 'Object Repository/ADMIN/Edit Text/Bespoke/Seller Pages/Onboarding_Settings/input_PROFILE_tab-title'

2020-03-20 10:35:22 - [TEST_STEP][PASSED] - sendKeys(findTestObject("ADMIN/Edit Text/Bespoke/Seller Pages/Onboarding_Settings/input_CHANGE_btn_upload"), "*"): Keys '*' sent to object: 'Object Repository/ADMIN/Edit Text/Bespoke/Seller Pages/Onboarding_Settings/input_CHANGE_btn_upload'

2020-03-20 10:35:22 - [MESSAGE][PASSED] - Keys '*' sent to object: 'Object Repository/ADMIN/Edit Text/Bespoke/Seller Pages/Onboarding_Settings/input_CHANGE_btn_upload'

2020-03-20 10:35:22 - [TEST_STEP][PASSED] - sendKeys(findTestObject("ADMIN/Edit Text/Bespoke/Seller Pages/Onboarding_Settings/input_DISPLAY NAME_display-name"), "*"): Keys '*' sent to object: 'Object Repository/ADMIN/Edit Text/Bespoke/Seller Pages/Onboarding_Settings/input_DISPLAY NAME_display-name'

2020-03-20 10:35:22 - [MESSAGE][PASSED] - Keys '*' sent to object: 'Object Repository/ADMIN/Edit Text/Bespoke/Seller Pages/Onboarding_Settings/input_DISPLAY NAME_display-name'

2020-03-20 10:35:22 - [TEST_STEP][PASSED] - sendKeys(findTestObject("ADMIN/Edit Text/Bespoke/Seller Pages/Onboarding_Settings/input_DESCRIPTION_description"), "*"): Keys '*' sent to object: 'Object Repository/ADMIN/Edit Text/Bespoke/Seller Pages/Onboarding_Settings/input_DESCRIPTION_description'

2020-03-20 10:35:22 - [MESSAGE][PASSED] - Keys '*' sent to object: 'Object Repository/ADMIN/Edit Text/Bespoke/Seller Pages/Onboarding_Settings/input_DESCRIPTION_description'

2020-03-20 10:35:22 - [TEST_STEP][PASSED] - sendKeys(findTestObject("ADMIN/Edit Text/Bespoke/Seller Pages/Onboarding_Settings/input_FIRST NAME_first-name"), "*"): Keys '*' sent to object: 'Object Repository/ADMIN/Edit Text/Bespoke/Seller Pages/Onboarding_Settings/input_FIRST NAME_first-name'

2020-03-20 10:35:22 - [MESSAGE][PASSED] - Keys '*' sent to object: 'Object Repository/ADMIN/Edit Text/Bespoke/Seller Pages/Onboarding_Settings/input_FIRST NAME_first-name'

2020-03-20 10:35:22 - [TEST_STEP][PASSED] - sendKeys(findTestObject("ADMIN/Edit Text/Bespoke/Seller Pages/Onboarding_Settings/input_LAST NAME_last-name"), "*"): Keys '*' sent to object: 'Object Repository/ADMIN/Edit Text/Bespoke/Seller Pages/Onboarding_Settings/input_LAST NAME_last-name'

2020-03-20 10:35:22 - [MESSAGE][PASSED] - Keys '*' sent to object: 'Object Repository/ADMIN/Edit Text/Bespoke/Seller Pages/Onboarding_Settings/input_LAST NAME_last-name'

2020-03-20 10:35:22 - [TEST_STEP][PASSED] - sendKeys(findTestObject("ADMIN/Edit Text/Bespoke/Seller Pages/Onboarding_Settings/input_NOTIFICATION EMAIL_notification-email"), "*"): Keys '*' sent to object: 'Object Repository/ADMIN/Edit Text/Bespoke/Seller Pages/Onboarding_Settings/input_NOTIFICATION EMAIL_notification-email'

2020-03-20 10:35:22 - [MESSAGE][PASSED] - Keys '*' sent to object: 'Object Repository/ADMIN/Edit Text/Bespoke/Seller Pages/Onboarding_Settings/input_NOTIFICATION EMAIL_notification-email'

2020-03-20 10:35:22 - [TEST_STEP][PASSED] - sendKeys(findTestObject("ADMIN/Edit Text/Bespoke/Seller Pages/Onboarding_Settings/input_CONTACT NUMBER_contact-number"), "*"): Keys '*' sent to object: 'Object Repository/ADMIN/Edit Text/Bespoke/Seller Pages/Onboarding_Settings/input_CONTACT NUMBER_contact-number'

2020-03-20 10:35:23 - [MESSAGE][PASSED] - Keys '*' sent to object: 'Object Repository/ADMIN/Edit Text/Bespoke/Seller Pages/Onboarding_Settings/input_CONTACT NUMBER_contact-number'

2020-03-20 10:35:23 - [TEST_STEP][PASSED] - sendKeys(findTestObject("ADMIN/Edit Text/Bespoke/Seller Pages/Onboarding_Settings/input_OPENID LOGIN_open-id-login"), "*"): Keys '*' sent to object: 'Object Repository/ADMIN/Edit Text/Bespoke/Seller Pages/Onboarding_Settings/input_OPENID LOGIN_open-id-login'

2020-03-20 10:35:23 - [MESSAGE][PASSED] - Keys '*' sent to object: 'Object Repository/ADMIN/Edit Text/Bespoke/Seller Pages/Onboarding_Settings/input_OPENID LOGIN_open-id-login'

2020-03-20 10:35:23 - [TEST_STEP][PASSED] - sendKeys(findTestObject("ADMIN/Edit Text/Bespoke/Seller Pages/Onboarding_Settings/input_SELLER LOCATION_seller_location"), "*"): Keys '*' sent to object: 'Object Repository/ADMIN/Edit Text/Bespoke/Seller Pages/Onboarding_Settings/input_SELLER LOCATION_seller_location'

2020-03-20 10:35:23 - [MESSAGE][PASSED] - Keys '*' sent to object: 'Object Repository/ADMIN/Edit Text/Bespoke/Seller Pages/Onboarding_Settings/input_SELLER LOCATION_seller_location'

2020-03-20 10:35:23 - [TEST_STEP][PASSED] - sendKeys(findTestObject("ADMIN/Edit Text/Bespoke/Seller Pages/Onboarding_Settings/textarea_For each transaction that is made through the marketplace there will be a seller transaction fee of"), "*"): Keys '*' sent to object: 'Object Repository/ADMIN/Edit Text/Bespoke/Seller Pages/Onboarding_Settings/textarea_For each transaction that is made through the marketplace there will be a seller transaction fee of'

2020-03-20 10:35:23 - [MESSAGE][PASSED] - Keys '*' sent to object: 'Object Repository/ADMIN/Edit Text/Bespoke/Seller Pages/Onboarding_Settings/textarea_For each transaction that is made through the marketplace there will be a seller transaction fee of'

2020-03-20 10:35:23 - [TEST_STEP][PASSED] - sendKeys(findTestObject("ADMIN/Edit Text/Bespoke/Seller Pages/Onboarding_Settings/input_NEXT_btn_next"), "*"): Keys '*' sent to object: 'Object Repository/ADMIN/Edit Text/Bespoke/Seller Pages/Onboarding_Settings/input_NEXT_btn_next'

2020-03-20 10:35:23 - [MESSAGE][PASSED] - Keys '*' sent to object: 'Object Repository/ADMIN/Edit Text/Bespoke/Seller Pages/Onboarding_Settings/input_NEXT_btn_next'

2020-03-20 10:35:23 - [TEST_STEP][PASSED] - sendKeys(findTestObject("ADMIN/Edit Text/Bespoke/Seller Pages/Onboarding_Settings/input_ADDRESS_tab-title"), "*"): Keys '*' sent to object: 'Object Repository/ADMIN/Edit Text/Bespoke/Seller Pages/Onboarding_Settings/input_ADDRESS_tab-title'

2020-03-20 10:35:23 - [MESSAGE][PASSED] - Keys '*' sent to object: 'Object Repository/ADMIN/Edit Text/Bespoke/Seller Pages/Onboarding_Settings/input_ADDRESS_tab-title'

2020-03-20 10:35:23 - [TEST_STEP][PASSED] - sendKeys(findTestObject("ADMIN/Edit Text/Bespoke/Seller Pages/Onboarding_Settings/input_NEW DELIVERY ADDRESS_new-delivery-address"), "*"): Keys '*' sent to object: 'Object Repository/ADMIN/Edit Text/Bespoke/Seller Pages/Onboarding_Settings/input_NEW DELIVERY ADDRESS_new-delivery-address'

2020-03-20 10:35:23 - [MESSAGE][PASSED] - Keys '*' sent to object: 'Object Repository/ADMIN/Edit Text/Bespoke/Seller Pages/Onboarding_Settings/input_NEW DELIVERY ADDRESS_new-delivery-address'

2020-03-20 10:35:23 - [TEST_STEP][PASSED] - sendKeys(findTestObject("ADMIN/Edit Text/Bespoke/Seller Pages/Onboarding_Settings/input_ADDRESSEE FIRST NAME_addressee-first-name"), "*"): Keys '*' sent to object: 'Object Repository/ADMIN/Edit Text/Bespoke/Seller Pages/Onboarding_Settings/input_ADDRESSEE FIRST NAME_addressee-first-name'

2020-03-20 10:35:24 - [MESSAGE][PASSED] - Keys '*' sent to object: 'Object Repository/ADMIN/Edit Text/Bespoke/Seller Pages/Onboarding_Settings/input_ADDRESSEE FIRST NAME_addressee-first-name'

2020-03-20 10:35:24 - [TEST_STEP][PASSED] - sendKeys(findTestObject("ADMIN/Edit Text/Bespoke/Seller Pages/Onboarding_Settings/input_ADDRESSEE LAST NAME_addressee-last-name"), "*"): Keys '*' sent to object: 'Object Repository/ADMIN/Edit Text/Bespoke/Seller Pages/Onboarding_Settings/input_ADDRESSEE LAST NAME_addressee-last-name'

2020-03-20 10:35:24 - [MESSAGE][PASSED] - Keys '*' sent to object: 'Object Repository/ADMIN/Edit Text/Bespoke/Seller Pages/Onboarding_Settings/input_ADDRESSEE LAST NAME_addressee-last-name'

2020-03-20 10:35:24 - [TEST_STEP][PASSED] - sendKeys(findTestObject("ADMIN/Edit Text/Bespoke/Seller Pages/Onboarding_Settings/input_ADDRESS_address"), "*"): Keys '*' sent to object: 'Object Repository/ADMIN/Edit Text/Bespoke/Seller Pages/Onboarding_Settings/input_ADDRESS_address'

2020-03-20 10:35:24 - [MESSAGE][PASSED] - Keys '*' sent to object: 'Object Repository/ADMIN/Edit Text/Bespoke/Seller Pages/Onboarding_Settings/input_ADDRESS_address'

2020-03-20 10:35:24 - [TEST_STEP][PASSED] - sendKeys(findTestObject("ADMIN/Edit Text/Bespoke/Seller Pages/Onboarding_Settings/input_SELECT COUNTRY_select-country"), "*"): Keys '*' sent to object: 'Object Repository/ADMIN/Edit Text/Bespoke/Seller Pages/Onboarding_Settings/input_SELECT COUNTRY_select-country'

2020-03-20 10:35:24 - [MESSAGE][PASSED] - Keys '*' sent to object: 'Object Repository/ADMIN/Edit Text/Bespoke/Seller Pages/Onboarding_Settings/input_SELECT COUNTRY_select-country'

2020-03-20 10:35:24 - [TEST_STEP][PASSED] - sendKeys(findTestObject("ADMIN/Edit Text/Bespoke/Seller Pages/Onboarding_Settings/input_COUNTRY_address-country"), "*"): Keys '*' sent to object: 'Object Repository/ADMIN/Edit Text/Bespoke/Seller Pages/Onboarding_Settings/input_COUNTRY_address-country'

2020-03-20 10:35:24 - [MESSAGE][PASSED] - Keys '*' sent to object: 'Object Repository/ADMIN/Edit Text/Bespoke/Seller Pages/Onboarding_Settings/input_COUNTRY_address-country'

2020-03-20 10:35:24 - [TEST_STEP][PASSED] - sendKeys(findTestObject("ADMIN/Edit Text/Bespoke/Seller Pages/Onboarding_Settings/input_STATE_address-state"), "*"): Keys '*' sent to object: 'Object Repository/ADMIN/Edit Text/Bespoke/Seller Pages/Onboarding_Settings/input_STATE_address-state'

2020-03-20 10:35:24 - [MESSAGE][PASSED] - Keys '*' sent to object: 'Object Repository/ADMIN/Edit Text/Bespoke/Seller Pages/Onboarding_Settings/input_STATE_address-state'

2020-03-20 10:35:24 - [TEST_STEP][PASSED] - sendKeys(findTestObject("ADMIN/Edit Text/Bespoke/Seller Pages/Onboarding_Settings/input_CITY_address-city"), "*"): Keys '*' sent to object: 'Object Repository/ADMIN/Edit Text/Bespoke/Seller Pages/Onboarding_Settings/input_CITY_address-city'

2020-03-20 10:35:25 - [MESSAGE][PASSED] - Keys '*' sent to object: 'Object Repository/ADMIN/Edit Text/Bespoke/Seller Pages/Onboarding_Settings/input_CITY_address-city'

2020-03-20 10:35:25 - [TEST_STEP][PASSED] - sendKeys(findTestObject("ADMIN/Edit Text/Bespoke/Seller Pages/Onboarding_Settings/input_POSTAL CODE_address-postalcode"), "*"): Keys '*' sent to object: 'Object Repository/ADMIN/Edit Text/Bespoke/Seller Pages/Onboarding_Settings/input_POSTAL CODE_address-postalcode'

2020-03-20 10:35:25 - [MESSAGE][PASSED] - Keys '*' sent to object: 'Object Repository/ADMIN/Edit Text/Bespoke/Seller Pages/Onboarding_Settings/input_POSTAL CODE_address-postalcode'

2020-03-20 10:35:25 - [TEST_STEP][PASSED] - sendKeys(findTestObject("ADMIN/Edit Text/Bespoke/Seller Pages/Onboarding_Settings/input_ADD ADDRESS_btn_add"), "*"): Keys '*' sent to object: 'Object Repository/ADMIN/Edit Text/Bespoke/Seller Pages/Onboarding_Settings/input_ADD ADDRESS_btn_add'

2020-03-20 10:35:25 - [MESSAGE][PASSED] - Keys '*' sent to object: 'Object Repository/ADMIN/Edit Text/Bespoke/Seller Pages/Onboarding_Settings/input_ADD ADDRESS_btn_add'

2020-03-20 10:35:25 - [TEST_STEP][PASSED] - sendKeys(findTestObject("ADMIN/Edit Text/Bespoke/Seller Pages/Onboarding_Settings/input_SAVED ADDRESSES_address-saved"), "*"): Keys '*' sent to object: 'Object Repository/ADMIN/Edit Text/Bespoke/Seller Pages/Onboarding_Settings/input_SAVED ADDRESSES_address-saved'

2020-03-20 10:35:25 - [MESSAGE][PASSED] - Keys '*' sent to object: 'Object Repository/ADMIN/Edit Text/Bespoke/Seller Pages/Onboarding_Settings/input_SAVED ADDRESSES_address-saved'

2020-03-20 10:35:25 - [TEST_STEP][PASSED] - sendKeys(findTestObject("ADMIN/Edit Text/Bespoke/Seller Pages/Onboarding_Settings/input_Next_btn_next (1)"), "*"): Keys '*' sent to object: 'Object Repository/ADMIN/Edit Text/Bespoke/Seller Pages/Onboarding_Settings/input_Next_btn_next (1)'

2020-03-20 10:35:25 - [MESSAGE][PASSED] - Keys '*' sent to object: 'Object Repository/ADMIN/Edit Text/Bespoke/Seller Pages/Onboarding_Settings/input_Next_btn_next (1)'

2020-03-20 10:35:25 - [TEST_STEP][PASSED] - sendKeys(findTestObject("ADMIN/Edit Text/Bespoke/Seller Pages/Onboarding_Settings/input_PAYMENT ACCEPTANCE_tan-title"), "*"): Keys '*' sent to object: 'Object Repository/ADMIN/Edit Text/Bespoke/Seller Pages/Onboarding_Settings/input_PAYMENT ACCEPTANCE_tan-title'

2020-03-20 10:35:25 - [MESSAGE][PASSED] - Keys '*' sent to object: 'Object Repository/ADMIN/Edit Text/Bespoke/Seller Pages/Onboarding_Settings/input_PAYMENT ACCEPTANCE_tan-title'

2020-03-20 10:35:25 - [TEST_STEP][PASSED] - sendKeys(findTestObject("ADMIN/Edit Text/Bespoke/Seller Pages/Onboarding_Settings/input_PAYMENT METHOD_payment_method"), "*"): Keys '*' sent to object: 'Object Repository/ADMIN/Edit Text/Bespoke/Seller Pages/Onboarding_Settings/input_PAYMENT METHOD_payment_method'

2020-03-20 10:35:25 - [MESSAGE][PASSED] - Keys '*' sent to object: 'Object Repository/ADMIN/Edit Text/Bespoke/Seller Pages/Onboarding_Settings/input_PAYMENT METHOD_payment_method'

2020-03-20 10:35:25 - [TEST_STEP][PASSED] - sendKeys(findTestObject("ADMIN/Edit Text/Bespoke/Seller Pages/Onboarding_Settings/input_Select your preferred payment method_select_payment_method"), "*"): Keys '*' sent to object: 'Object Repository/ADMIN/Edit Text/Bespoke/Seller Pages/Onboarding_Settings/input_Select your preferred payment method_select_payment_method'

2020-03-20 10:35:25 - [MESSAGE][PASSED] - Keys '*' sent to object: 'Object Repository/ADMIN/Edit Text/Bespoke/Seller Pages/Onboarding_Settings/input_Select your preferred payment method_select_payment_method'

2020-03-20 10:35:25 - [TEST_STEP][PASSED] - sendKeys(findTestObject("ADMIN/Edit Text/Bespoke/Seller Pages/Onboarding_Settings/input_LINK ACCOUNT_btn_link_account"), "*"): Keys '*' sent to object: 'Object Repository/ADMIN/Edit Text/Bespoke/Seller Pages/Onboarding_Settings/input_LINK ACCOUNT_btn_link_account'

2020-03-20 10:35:26 - [MESSAGE][PASSED] - Keys '*' sent to object: 'Object Repository/ADMIN/Edit Text/Bespoke/Seller Pages/Onboarding_Settings/input_LINK ACCOUNT_btn_link_account'

2020-03-20 10:35:26 - [TEST_STEP][PASSED] - sendKeys(findTestObject("ADMIN/Edit Text/Bespoke/Seller Pages/Onboarding_Settings/input_VERIFIED_verified"), "*"): Keys '*' sent to object: 'Object Repository/ADMIN/Edit Text/Bespoke/Seller Pages/Onboarding_Settings/input_VERIFIED_verified'

2020-03-20 10:35:26 - [MESSAGE][PASSED] - Keys '*' sent to object: 'Object Repository/ADMIN/Edit Text/Bespoke/Seller Pages/Onboarding_Settings/input_VERIFIED_verified'

2020-03-20 10:35:26 - [TEST_STEP][PASSED] - sendKeys(findTestObject("ADMIN/Edit Text/Bespoke/Seller Pages/Onboarding_Settings/input_This payment method is compulsory_this_method_compulsory"), "*"): Keys '*' sent to object: 'Object Repository/ADMIN/Edit Text/Bespoke/Seller Pages/Onboarding_Settings/input_This payment method is compulsory_this_method_compulsory'

2020-03-20 10:35:26 - [MESSAGE][PASSED] - Keys '*' sent to object: 'Object Repository/ADMIN/Edit Text/Bespoke/Seller Pages/Onboarding_Settings/input_This payment method is compulsory_this_method_compulsory'

2020-03-20 10:35:26 - [TEST_STEP][PASSED] - sendKeys(findTestObject("ADMIN/Edit Text/Bespoke/Seller Pages/Onboarding_Settings/input_No account linked yet_no-account-linked"), "*"): Keys '*' sent to object: 'Object Repository/ADMIN/Edit Text/Bespoke/Seller Pages/Onboarding_Settings/input_No account linked yet_no-account-linked'

2020-03-20 10:35:26 - [MESSAGE][PASSED] - Keys '*' sent to object: 'Object Repository/ADMIN/Edit Text/Bespoke/Seller Pages/Onboarding_Settings/input_No account linked yet_no-account-linked'

2020-03-20 10:35:26 - [TEST_STEP][PASSED] - sendKeys(findTestObject("ADMIN/Edit Text/Bespoke/Seller Pages/Onboarding_Settings/input_next3"), "*"): Keys '*' sent to object: 'Object Repository/ADMIN/Edit Text/Bespoke/Seller Pages/Onboarding_Settings/input_next3'

2020-03-20 10:35:26 - [MESSAGE][PASSED] - Keys '*' sent to object: 'Object Repository/ADMIN/Edit Text/Bespoke/Seller Pages/Onboarding_Settings/input_next3'

2020-03-20 10:35:26 - [TEST_STEP][PASSED] - sendKeys(findTestObject("ADMIN/Edit Text/Bespoke/Seller Pages/Onboarding_Settings/input_DELIVERY METHODS_tab-title1"), "*"): Keys '*' sent to object: 'Object Repository/ADMIN/Edit Text/Bespoke/Seller Pages/Onboarding_Settings/input_DELIVERY METHODS_tab-title1'

2020-03-20 10:35:26 - [MESSAGE][PASSED] - Keys '*' sent to object: 'Object Repository/ADMIN/Edit Text/Bespoke/Seller Pages/Onboarding_Settings/input_DELIVERY METHODS_tab-title1'

2020-03-20 10:35:26 - [TEST_STEP][PASSED] - sendKeys(findTestObject("ADMIN/Edit Text/Bespoke/Seller Pages/Onboarding_Settings/input_DELIVERY OPTIONS_delivery-option"), "*"): Keys '*' sent to object: 'Object Repository/ADMIN/Edit Text/Bespoke/Seller Pages/Onboarding_Settings/input_DELIVERY OPTIONS_delivery-option'

2020-03-20 10:35:27 - [MESSAGE][PASSED] - Keys '*' sent to object: 'Object Repository/ADMIN/Edit Text/Bespoke/Seller Pages/Onboarding_Settings/input_DELIVERY OPTIONS_delivery-option'

2020-03-20 10:35:27 - [TEST_STEP][PASSED] - sendKeys(findTestObject("ADMIN/Edit Text/Bespoke/Seller Pages/Onboarding_Settings/input_DELIVERY OPTIONS_delivery-txt2"), "*"): Keys '*' sent to object: 'Object Repository/ADMIN/Edit Text/Bespoke/Seller Pages/Onboarding_Settings/input_DELIVERY OPTIONS_delivery-txt2'

2020-03-20 10:35:27 - [MESSAGE][PASSED] - Keys '*' sent to object: 'Object Repository/ADMIN/Edit Text/Bespoke/Seller Pages/Onboarding_Settings/input_DELIVERY OPTIONS_delivery-txt2'

2020-03-20 10:35:27 - [TEST_STEP][PASSED] - sendKeys(findTestObject("ADMIN/Edit Text/Bespoke/Seller Pages/Onboarding_Settings/input_DELIVERY SERVICE_delivery-service"), "*"): Keys '*' sent to object: 'Object Repository/ADMIN/Edit Text/Bespoke/Seller Pages/Onboarding_Settings/input_DELIVERY SERVICE_delivery-service'

2020-03-20 10:35:27 - [MESSAGE][PASSED] - Keys '*' sent to object: 'Object Repository/ADMIN/Edit Text/Bespoke/Seller Pages/Onboarding_Settings/input_DELIVERY SERVICE_delivery-service'

2020-03-20 10:35:27 - [TEST_STEP][PASSED] - sendKeys(findTestObject("ADMIN/Edit Text/Bespoke/Seller Pages/Onboarding_Settings/input_SINGLE ITEM DELIVERY (A)_single-item-delivery"), "*"): Keys '*' sent to object: 'Object Repository/ADMIN/Edit Text/Bespoke/Seller Pages/Onboarding_Settings/input_SINGLE ITEM DELIVERY (A)_single-item-delivery'

2020-03-20 10:35:27 - [MESSAGE][PASSED] - Keys '*' sent to object: 'Object Repository/ADMIN/Edit Text/Bespoke/Seller Pages/Onboarding_Settings/input_SINGLE ITEM DELIVERY (A)_single-item-delivery'

2020-03-20 10:35:27 - [TEST_STEP][PASSED] - sendKeys(findTestObject("ADMIN/Edit Text/Bespoke/Seller Pages/Onboarding_Settings/input_WITH OTHER ITEM (B)_with-other-item"), "*"): Keys '*' sent to object: 'Object Repository/ADMIN/Edit Text/Bespoke/Seller Pages/Onboarding_Settings/input_WITH OTHER ITEM (B)_with-other-item'

2020-03-20 10:35:27 - [MESSAGE][PASSED] - Keys '*' sent to object: 'Object Repository/ADMIN/Edit Text/Bespoke/Seller Pages/Onboarding_Settings/input_WITH OTHER ITEM (B)_with-other-item'

2020-03-20 10:35:27 - [TEST_STEP][PASSED] - sendKeys(findTestObject("ADMIN/Edit Text/Bespoke/Seller Pages/Onboarding_Settings/input_ADD_btn_add"), "*"): Keys '*' sent to object: 'Object Repository/ADMIN/Edit Text/Bespoke/Seller Pages/Onboarding_Settings/input_ADD_btn_add'

2020-03-20 10:35:27 - [MESSAGE][PASSED] - Keys '*' sent to object: 'Object Repository/ADMIN/Edit Text/Bespoke/Seller Pages/Onboarding_Settings/input_ADD_btn_add'

2020-03-20 10:35:27 - [TEST_STEP][PASSED] - sendKeys(findTestObject("ADMIN/Edit Text/Bespoke/Seller Pages/Onboarding_Settings/input_PICK-UP LOCATIONS_pick-up-option"), "*"): Keys '*' sent to object: 'Object Repository/ADMIN/Edit Text/Bespoke/Seller Pages/Onboarding_Settings/input_PICK-UP LOCATIONS_pick-up-option'

2020-03-20 10:35:27 - [MESSAGE][PASSED] - Keys '*' sent to object: 'Object Repository/ADMIN/Edit Text/Bespoke/Seller Pages/Onboarding_Settings/input_PICK-UP LOCATIONS_pick-up-option'

2020-03-20 10:35:27 - [TEST_STEP][PASSED] - sendKeys(findTestObject("ADMIN/Edit Text/Bespoke/Seller Pages/Onboarding_Settings/textarea_Define the full address where the buyer can pick up from (You must have at least a delivery option or a pick-up location selected)"), "*"): Keys '*' sent to object: 'Object Repository/ADMIN/Edit Text/Bespoke/Seller Pages/Onboarding_Settings/textarea_Define the full address where the buyer can pick up from (You must have at least a delivery option or a pick-up location selected)'

2020-03-20 10:35:28 - [MESSAGE][PASSED] - Keys '*' sent to object: 'Object Repository/ADMIN/Edit Text/Bespoke/Seller Pages/Onboarding_Settings/textarea_Define the full address where the buyer can pick up from (You must have at least a delivery option or a pick-up location selected)'

2020-03-20 10:35:28 - [TEST_STEP][PASSED] - sendKeys(findTestObject("ADMIN/Edit Text/Bespoke/Seller Pages/Onboarding_Settings/input_Offer reduced shipping costs to buyers when they buy more than one item from you_delivery-txt2"), "*"): Keys '*' sent to object: 'Object Repository/ADMIN/Edit Text/Bespoke/Seller Pages/Onboarding_Settings/input_Offer reduced shipping costs to buyers when they buy more than one item from you_delivery-txt2'

2020-03-20 10:35:28 - [MESSAGE][PASSED] - Keys '*' sent to object: 'Object Repository/ADMIN/Edit Text/Bespoke/Seller Pages/Onboarding_Settings/input_Offer reduced shipping costs to buyers when they buy more than one item from you_delivery-txt2'

2020-03-20 10:35:28 - [TEST_STEP][PASSED] - sendKeys(findTestObject("ADMIN/Edit Text/Bespoke/Seller Pages/Onboarding_Settings/input_total delivery"), "*"): Keys '*' sent to object: 'Object Repository/ADMIN/Edit Text/Bespoke/Seller Pages/Onboarding_Settings/input_total delivery'

2020-03-20 10:35:28 - [MESSAGE][PASSED] - Keys '*' sent to object: 'Object Repository/ADMIN/Edit Text/Bespoke/Seller Pages/Onboarding_Settings/input_total delivery'

2020-03-20 10:35:28 - [TEST_STEP][PASSED] - sendKeys(findTestObject("ADMIN/Edit Text/Bespoke/Seller Pages/Onboarding_Settings/input_add1"), "*"): Keys '*' sent to object: 'Object Repository/ADMIN/Edit Text/Bespoke/Seller Pages/Onboarding_Settings/input_add1'

2020-03-20 10:35:28 - [MESSAGE][PASSED] - Keys '*' sent to object: 'Object Repository/ADMIN/Edit Text/Bespoke/Seller Pages/Onboarding_Settings/input_add1'

2020-03-20 10:35:28 - [TEST_STEP][PASSED] - sendKeys(findTestObject("ADMIN/Edit Text/Bespoke/Seller Pages/Onboarding_Settings/input_PICK-UP LOCATION ADDRESS_pick-up-address"), "*"): Keys '*' sent to object: 'Object Repository/ADMIN/Edit Text/Bespoke/Seller Pages/Onboarding_Settings/input_PICK-UP LOCATION ADDRESS_pick-up-address'

2020-03-20 10:35:28 - [MESSAGE][PASSED] - Keys '*' sent to object: 'Object Repository/ADMIN/Edit Text/Bespoke/Seller Pages/Onboarding_Settings/input_PICK-UP LOCATION ADDRESS_pick-up-address'

2020-03-20 10:35:28 - [TEST_STEP][PASSED] - sendKeys(findTestObject("ADMIN/Edit Text/Bespoke/Seller Pages/Onboarding_Settings/input_SAVE_btn_save"), "*"): Keys '*' sent to object: 'Object Repository/ADMIN/Edit Text/Bespoke/Seller Pages/Onboarding_Settings/input_SAVE_btn_save'

2020-03-20 10:35:28 - [MESSAGE][PASSED] - Keys '*' sent to object: 'Object Repository/ADMIN/Edit Text/Bespoke/Seller Pages/Onboarding_Settings/input_SAVE_btn_save'

2020-03-20 10:35:28 - [TEST_STEP][PASSED] - sendKeys(findTestObject("ADMIN/Edit Text/Bespoke/Seller Pages/Onboarding_Settings/input_Are you sure want to delete_popup-title"), "*"): Keys '*' sent to object: 'Object Repository/ADMIN/Edit Text/Bespoke/Seller Pages/Onboarding_Settings/input_Are you sure want to delete_popup-title'

2020-03-20 10:35:29 - [MESSAGE][PASSED] - Keys '*' sent to object: 'Object Repository/ADMIN/Edit Text/Bespoke/Seller Pages/Onboarding_Settings/input_Are you sure want to delete_popup-title'

2020-03-20 10:35:29 - [TEST_STEP][PASSED] - sendKeys(findTestObject("ADMIN/Edit Text/Bespoke/Seller Pages/Onboarding_Settings/input_CANCEL_btn_cancel"), "*"): Keys '*' sent to object: 'Object Repository/ADMIN/Edit Text/Bespoke/Seller Pages/Onboarding_Settings/input_CANCEL_btn_cancel'

2020-03-20 10:35:29 - [MESSAGE][PASSED] - Keys '*' sent to object: 'Object Repository/ADMIN/Edit Text/Bespoke/Seller Pages/Onboarding_Settings/input_CANCEL_btn_cancel'

2020-03-20 10:35:29 - [TEST_STEP][PASSED] - sendKeys(findTestObject("ADMIN/Edit Text/Bespoke/Seller Pages/Onboarding_Settings/input_Okay_btn_okay"), "*"): Keys '*' sent to object: 'Object Repository/ADMIN/Edit Text/Bespoke/Seller Pages/Onboarding_Settings/input_Okay_btn_okay'

2020-03-20 10:35:29 - [MESSAGE][PASSED] - Keys '*' sent to object: 'Object Repository/ADMIN/Edit Text/Bespoke/Seller Pages/Onboarding_Settings/input_Okay_btn_okay'

2020-03-20 10:35:29 - [TEST_STEP][PASSED] - sendKeys(findTestObject("ADMIN/Edit Text/Bespoke/Seller Pages/Onboarding_Settings/input_REMOVE ITEM_popup-title"), "*"): Keys '*' sent to object: 'Object Repository/ADMIN/Edit Text/Bespoke/Seller Pages/Onboarding_Settings/input_REMOVE ITEM_popup-title'

2020-03-20 10:35:29 - [MESSAGE][PASSED] - Keys '*' sent to object: 'Object Repository/ADMIN/Edit Text/Bespoke/Seller Pages/Onboarding_Settings/input_REMOVE ITEM_popup-title'

2020-03-20 10:35:29 - [TEST_STEP][PASSED] - sendKeys(findTestObject("ADMIN/Edit Text/Bespoke/Seller Pages/Onboarding_Settings/input_concat(Are you sure about removing this item from your list (It  ll be gone forever))_popup-title"), "*"): Keys '*' sent to object: 'Object Repository/ADMIN/Edit Text/Bespoke/Seller Pages/Onboarding_Settings/input_concat(Are you sure about removing this item from your list (It  ll be gone forever))_popup-title'

2020-03-20 10:35:29 - [MESSAGE][PASSED] - Keys '*' sent to object: 'Object Repository/ADMIN/Edit Text/Bespoke/Seller Pages/Onboarding_Settings/input_concat(Are you sure about removing this item from your list (It  ll be gone forever))_popup-title'

2020-03-20 10:35:29 - [TEST_STEP][PASSED] - sendKeys(findTestObject("ADMIN/Edit Text/Bespoke/Seller Pages/Onboarding_Settings/input_CANCEL_btn_cancel2"), "*"): Keys '*' sent to object: 'Object Repository/ADMIN/Edit Text/Bespoke/Seller Pages/Onboarding_Settings/input_CANCEL_btn_cancel2'

2020-03-20 10:35:29 - [MESSAGE][PASSED] - Keys '*' sent to object: 'Object Repository/ADMIN/Edit Text/Bespoke/Seller Pages/Onboarding_Settings/input_CANCEL_btn_cancel2'

2020-03-20 10:35:29 - [TEST_STEP][PASSED] - sendKeys(findTestObject("ADMIN/Edit Text/Bespoke/Seller Pages/Onboarding_Settings/input_Okay_btn_okay2"), "*"): Keys '*' sent to object: 'Object Repository/ADMIN/Edit Text/Bespoke/Seller Pages/Onboarding_Settings/input_Okay_btn_okay2'

2020-03-20 10:35:30 - [MESSAGE][PASSED] - Keys '*' sent to object: 'Object Repository/ADMIN/Edit Text/Bespoke/Seller Pages/Onboarding_Settings/input_Okay_btn_okay2'

2020-03-20 10:35:30 - [TEST_STEP][PASSED] - sendKeys(findTestObject("ADMIN/Edit Text/Bespoke/Seller Pages/Onboarding_Settings/input_Back_tab-title"), "*"): Keys '*' sent to object: 'Object Repository/ADMIN/Edit Text/Bespoke/Seller Pages/Onboarding_Settings/input_Back_tab-title'

2020-03-20 10:35:30 - [MESSAGE][PASSED] - Keys '*' sent to object: 'Object Repository/ADMIN/Edit Text/Bespoke/Seller Pages/Onboarding_Settings/input_Back_tab-title'

2020-03-20 10:35:30 - [TEST_STEP][PASSED] - sendKeys(findTestObject("ADMIN/Edit Text/Bespoke/Seller Pages/Onboarding_Settings/input_ACCOUNT CONFIGURATION_tab-title"), "*"): Keys '*' sent to object: 'Object Repository/ADMIN/Edit Text/Bespoke/Seller Pages/Onboarding_Settings/input_ACCOUNT CONFIGURATION_tab-title'

2020-03-20 10:35:30 - [MESSAGE][PASSED] - Keys '*' sent to object: 'Object Repository/ADMIN/Edit Text/Bespoke/Seller Pages/Onboarding_Settings/input_ACCOUNT CONFIGURATION_tab-title'

2020-03-20 10:35:30 - [TEST_STEP][PASSED] - sendKeys(findTestObject("ADMIN/Edit Text/Bespoke/Seller Pages/Onboarding_Settings/textarea_Your details entered here will be saved and verified by Omise Money you earn from your sales will be accredited to your bank account directly"), "*"): Keys '*' sent to object: 'Object Repository/ADMIN/Edit Text/Bespoke/Seller Pages/Onboarding_Settings/textarea_Your details entered here will be saved and verified by Omise Money you earn from your sales will be accredited to your bank account directly'

2020-03-20 10:35:30 - [MESSAGE][PASSED] - Keys '*' sent to object: 'Object Repository/ADMIN/Edit Text/Bespoke/Seller Pages/Onboarding_Settings/textarea_Your details entered here will be saved and verified by Omise Money you earn from your sales will be accredited to your bank account directly'

2020-03-20 10:35:30 - [TEST_STEP][PASSED] - sendKeys(findTestObject("ADMIN/Edit Text/Bespoke/Seller Pages/Onboarding_Settings/input_TYPE_tab-title"), "*"): Keys '*' sent to object: 'Object Repository/ADMIN/Edit Text/Bespoke/Seller Pages/Onboarding_Settings/input_TYPE_tab-title'

2020-03-20 10:35:30 - [MESSAGE][PASSED] - Keys '*' sent to object: 'Object Repository/ADMIN/Edit Text/Bespoke/Seller Pages/Onboarding_Settings/input_TYPE_tab-title'

2020-03-20 10:35:30 - [TEST_STEP][PASSED] - sendKeys(findTestObject("ADMIN/Edit Text/Bespoke/Seller Pages/Onboarding_Settings/input_Tax identification number (optional)_tab-title"), "*"): Keys '*' sent to object: 'Object Repository/ADMIN/Edit Text/Bespoke/Seller Pages/Onboarding_Settings/input_Tax identification number (optional)_tab-title'

2020-03-20 10:35:30 - [MESSAGE][PASSED] - Keys '*' sent to object: 'Object Repository/ADMIN/Edit Text/Bespoke/Seller Pages/Onboarding_Settings/input_Tax identification number (optional)_tab-title'

2020-03-20 10:35:30 - [TEST_STEP][PASSED] - sendKeys(findTestObject("ADMIN/Edit Text/Bespoke/Seller Pages/Onboarding_Settings/input_Individual_tab-title"), "*"): Keys '*' sent to object: 'Object Repository/ADMIN/Edit Text/Bespoke/Seller Pages/Onboarding_Settings/input_Individual_tab-title'

2020-03-20 10:35:30 - [MESSAGE][PASSED] - Keys '*' sent to object: 'Object Repository/ADMIN/Edit Text/Bespoke/Seller Pages/Onboarding_Settings/input_Individual_tab-title'

2020-03-20 10:35:30 - [TEST_STEP][PASSED] - sendKeys(findTestObject("ADMIN/Edit Text/Bespoke/Seller Pages/Onboarding_Settings/input_Corporate_tab-title"), "*"): Keys '*' sent to object: 'Object Repository/ADMIN/Edit Text/Bespoke/Seller Pages/Onboarding_Settings/input_Corporate_tab-title'

2020-03-20 10:35:30 - [MESSAGE][PASSED] - Keys '*' sent to object: 'Object Repository/ADMIN/Edit Text/Bespoke/Seller Pages/Onboarding_Settings/input_Corporate_tab-title'

2020-03-20 10:35:30 - [TEST_STEP][PASSED] - sendKeys(findTestObject("ADMIN/Edit Text/Bespoke/Seller Pages/Onboarding_Settings/input_Bank  branch code_tab-title"), "*"): Keys '*' sent to object: 'Object Repository/ADMIN/Edit Text/Bespoke/Seller Pages/Onboarding_Settings/input_Bank  branch code_tab-title'

2020-03-20 10:35:31 - [MESSAGE][PASSED] - Keys '*' sent to object: 'Object Repository/ADMIN/Edit Text/Bespoke/Seller Pages/Onboarding_Settings/input_Bank  branch code_tab-title'

2020-03-20 10:35:31 - [TEST_STEP][PASSED] - sendKeys(findTestObject("ADMIN/Edit Text/Bespoke/Seller Pages/Onboarding_Settings/input_Bank account number_tab-title"), "*"): Keys '*' sent to object: 'Object Repository/ADMIN/Edit Text/Bespoke/Seller Pages/Onboarding_Settings/input_Bank account number_tab-title'

2020-03-20 10:35:31 - [MESSAGE][PASSED] - Keys '*' sent to object: 'Object Repository/ADMIN/Edit Text/Bespoke/Seller Pages/Onboarding_Settings/input_Bank account number_tab-title'

2020-03-20 10:35:31 - [TEST_STEP][PASSED] - sendKeys(findTestObject("ADMIN/Edit Text/Bespoke/Seller Pages/Onboarding_Settings/input_Bank account name_tab-title"), "*"): Keys '*' sent to object: 'Object Repository/ADMIN/Edit Text/Bespoke/Seller Pages/Onboarding_Settings/input_Bank account name_tab-title'

2020-03-20 10:35:31 - [MESSAGE][PASSED] - Keys '*' sent to object: 'Object Repository/ADMIN/Edit Text/Bespoke/Seller Pages/Onboarding_Settings/input_Bank account name_tab-title'

2020-03-20 10:35:31 - [TEST_STEP][PASSED] - click(findTestObject("ADMIN/Edit Text/Bespoke/Buyer Pages/Homepage/button_save"), CONTINUE_ON_FAILURE): Object: 'Object Repository/ADMIN/Edit Text/Bespoke/Buyer Pages/Homepage/button_save' is clicked on

2020-03-20 10:35:31 - [MESSAGE][PASSED] - Object: 'Object Repository/ADMIN/Edit Text/Bespoke/Buyer Pages/Homepage/button_save' is clicked on

2020-03-20 10:35:31 - [TEST_STEP][PASSED] - waitForElementVisible(findTestObject("ADMIN/Edit Text/Bespoke/Buyer Pages/Homepage/toaster_success"), 0): Object 'Object Repository/ADMIN/Edit Text/Bespoke/Buyer Pages/Homepage/toaster_success' is visible

2020-03-20 10:35:31 - [MESSAGE][WARNING] - Timeout '0' is invalid. Using default page load timeout: '30'

2020-03-20 10:35:32 - [MESSAGE][PASSED] - Object 'Object Repository/ADMIN/Edit Text/Bespoke/Buyer Pages/Homepage/toaster_success' is visible]]></system-out>
         <system-err><![CDATA[]]></system-err>
      </testcase>
      <testcase name="Test Cases/ADMIN/Language/Edit Text/Bespoke/Seller/Onboarding_Settings" time="12.002" classname="Test Cases/ADMIN/Language/Edit Text/Bespoke/Seller/Onboarding_Settings" status="PASSED">
         <system-out><![CDATA[2020-03-20 10:35:32 - [TEST_CASE][PASSED] - Test Cases/ADMIN/Language/Edit Text/Bespoke/Seller/Onboarding_Settings: Test Cases/ADMIN/Language/Edit Text/Bespoke/Seller/Onboarding_Settings

2020-03-20 10:35:33 - [TEST_STEP][PASSED] - waitForElementVisible(findTestObject("ADMIN/Edit Text/Bespoke/Buyer Navigation/dd_language"), 0): Object 'Object Repository/ADMIN/Edit Text/Bespoke/Buyer Navigation/dd_language' is visible

2020-03-20 10:35:33 - [MESSAGE][WARNING] - Timeout '0' is invalid. Using default page load timeout: '30'

2020-03-20 10:35:33 - [MESSAGE][PASSED] - Object 'Object Repository/ADMIN/Edit Text/Bespoke/Buyer Navigation/dd_language' is visible

2020-03-20 10:35:33 - [TEST_STEP][PASSED] - selectOptionByLabel(findTestObject("ADMIN/Edit Text/Bespoke/Buyer Navigation/dd_language"), varLanguage, false): All options with label 'Hindi' are selected in object 'Object Repository/ADMIN/Edit Text/Bespoke/Buyer Navigation/dd_language' 

2020-03-20 10:35:34 - [MESSAGE][PASSED] - All options with label 'Hindi' are selected in object 'Object Repository/ADMIN/Edit Text/Bespoke/Buyer Navigation/dd_language' 

2020-03-20 10:35:34 - [TEST_STEP][PASSED] - sendKeys(findTestObject("ADMIN/Edit Text/Bespoke/Seller Pages/Onboarding_Settings/input_USER SETTINGS_marketplace-name"), "*"): Keys '*' sent to object: 'Object Repository/ADMIN/Edit Text/Bespoke/Seller Pages/Onboarding_Settings/input_USER SETTINGS_marketplace-name'

2020-03-20 10:35:34 - [MESSAGE][PASSED] - Keys '*' sent to object: 'Object Repository/ADMIN/Edit Text/Bespoke/Seller Pages/Onboarding_Settings/input_USER SETTINGS_marketplace-name'

2020-03-20 10:35:34 - [TEST_STEP][PASSED] - sendKeys(findTestObject("ADMIN/Edit Text/Bespoke/Seller Pages/Onboarding_Settings/input_Configure your profile your delivery methods and how you receive payments_item_details"), "*"): Keys '*' sent to object: 'Object Repository/ADMIN/Edit Text/Bespoke/Seller Pages/Onboarding_Settings/input_Configure your profile your delivery methods and how you receive payments_item_details'

2020-03-20 10:35:34 - [MESSAGE][PASSED] - Keys '*' sent to object: 'Object Repository/ADMIN/Edit Text/Bespoke/Seller Pages/Onboarding_Settings/input_Configure your profile your delivery methods and how you receive payments_item_details'

2020-03-20 10:35:34 - [TEST_STEP][PASSED] - sendKeys(findTestObject("ADMIN/Edit Text/Bespoke/Seller Pages/Onboarding_Settings/input_PROFILE_tab-title"), "*"): Keys '*' sent to object: 'Object Repository/ADMIN/Edit Text/Bespoke/Seller Pages/Onboarding_Settings/input_PROFILE_tab-title'

2020-03-20 10:35:34 - [MESSAGE][PASSED] - Keys '*' sent to object: 'Object Repository/ADMIN/Edit Text/Bespoke/Seller Pages/Onboarding_Settings/input_PROFILE_tab-title'

2020-03-20 10:35:34 - [TEST_STEP][PASSED] - sendKeys(findTestObject("ADMIN/Edit Text/Bespoke/Seller Pages/Onboarding_Settings/input_CHANGE_btn_upload"), "*"): Keys '*' sent to object: 'Object Repository/ADMIN/Edit Text/Bespoke/Seller Pages/Onboarding_Settings/input_CHANGE_btn_upload'

2020-03-20 10:35:35 - [MESSAGE][PASSED] - Keys '*' sent to object: 'Object Repository/ADMIN/Edit Text/Bespoke/Seller Pages/Onboarding_Settings/input_CHANGE_btn_upload'

2020-03-20 10:35:35 - [TEST_STEP][PASSED] - sendKeys(findTestObject("ADMIN/Edit Text/Bespoke/Seller Pages/Onboarding_Settings/input_DISPLAY NAME_display-name"), "*"): Keys '*' sent to object: 'Object Repository/ADMIN/Edit Text/Bespoke/Seller Pages/Onboarding_Settings/input_DISPLAY NAME_display-name'

2020-03-20 10:35:35 - [MESSAGE][PASSED] - Keys '*' sent to object: 'Object Repository/ADMIN/Edit Text/Bespoke/Seller Pages/Onboarding_Settings/input_DISPLAY NAME_display-name'

2020-03-20 10:35:35 - [TEST_STEP][PASSED] - sendKeys(findTestObject("ADMIN/Edit Text/Bespoke/Seller Pages/Onboarding_Settings/input_DESCRIPTION_description"), "*"): Keys '*' sent to object: 'Object Repository/ADMIN/Edit Text/Bespoke/Seller Pages/Onboarding_Settings/input_DESCRIPTION_description'

2020-03-20 10:35:35 - [MESSAGE][PASSED] - Keys '*' sent to object: 'Object Repository/ADMIN/Edit Text/Bespoke/Seller Pages/Onboarding_Settings/input_DESCRIPTION_description'

2020-03-20 10:35:35 - [TEST_STEP][PASSED] - sendKeys(findTestObject("ADMIN/Edit Text/Bespoke/Seller Pages/Onboarding_Settings/input_FIRST NAME_first-name"), "*"): Keys '*' sent to object: 'Object Repository/ADMIN/Edit Text/Bespoke/Seller Pages/Onboarding_Settings/input_FIRST NAME_first-name'

2020-03-20 10:35:35 - [MESSAGE][PASSED] - Keys '*' sent to object: 'Object Repository/ADMIN/Edit Text/Bespoke/Seller Pages/Onboarding_Settings/input_FIRST NAME_first-name'

2020-03-20 10:35:35 - [TEST_STEP][PASSED] - sendKeys(findTestObject("ADMIN/Edit Text/Bespoke/Seller Pages/Onboarding_Settings/input_LAST NAME_last-name"), "*"): Keys '*' sent to object: 'Object Repository/ADMIN/Edit Text/Bespoke/Seller Pages/Onboarding_Settings/input_LAST NAME_last-name'

2020-03-20 10:35:35 - [MESSAGE][PASSED] - Keys '*' sent to object: 'Object Repository/ADMIN/Edit Text/Bespoke/Seller Pages/Onboarding_Settings/input_LAST NAME_last-name'

2020-03-20 10:35:35 - [TEST_STEP][PASSED] - sendKeys(findTestObject("ADMIN/Edit Text/Bespoke/Seller Pages/Onboarding_Settings/input_NOTIFICATION EMAIL_notification-email"), "*"): Keys '*' sent to object: 'Object Repository/ADMIN/Edit Text/Bespoke/Seller Pages/Onboarding_Settings/input_NOTIFICATION EMAIL_notification-email'

2020-03-20 10:35:35 - [MESSAGE][PASSED] - Keys '*' sent to object: 'Object Repository/ADMIN/Edit Text/Bespoke/Seller Pages/Onboarding_Settings/input_NOTIFICATION EMAIL_notification-email'

2020-03-20 10:35:35 - [TEST_STEP][PASSED] - sendKeys(findTestObject("ADMIN/Edit Text/Bespoke/Seller Pages/Onboarding_Settings/input_CONTACT NUMBER_contact-number"), "*"): Keys '*' sent to object: 'Object Repository/ADMIN/Edit Text/Bespoke/Seller Pages/Onboarding_Settings/input_CONTACT NUMBER_contact-number'

2020-03-20 10:35:35 - [MESSAGE][PASSED] - Keys '*' sent to object: 'Object Repository/ADMIN/Edit Text/Bespoke/Seller Pages/Onboarding_Settings/input_CONTACT NUMBER_contact-number'

2020-03-20 10:35:35 - [TEST_STEP][PASSED] - sendKeys(findTestObject("ADMIN/Edit Text/Bespoke/Seller Pages/Onboarding_Settings/input_OPENID LOGIN_open-id-login"), "*"): Keys '*' sent to object: 'Object Repository/ADMIN/Edit Text/Bespoke/Seller Pages/Onboarding_Settings/input_OPENID LOGIN_open-id-login'

2020-03-20 10:35:36 - [MESSAGE][PASSED] - Keys '*' sent to object: 'Object Repository/ADMIN/Edit Text/Bespoke/Seller Pages/Onboarding_Settings/input_OPENID LOGIN_open-id-login'

2020-03-20 10:35:36 - [TEST_STEP][PASSED] - sendKeys(findTestObject("ADMIN/Edit Text/Bespoke/Seller Pages/Onboarding_Settings/input_SELLER LOCATION_seller_location"), "*"): Keys '*' sent to object: 'Object Repository/ADMIN/Edit Text/Bespoke/Seller Pages/Onboarding_Settings/input_SELLER LOCATION_seller_location'

2020-03-20 10:35:36 - [MESSAGE][PASSED] - Keys '*' sent to object: 'Object Repository/ADMIN/Edit Text/Bespoke/Seller Pages/Onboarding_Settings/input_SELLER LOCATION_seller_location'

2020-03-20 10:35:36 - [TEST_STEP][PASSED] - sendKeys(findTestObject("ADMIN/Edit Text/Bespoke/Seller Pages/Onboarding_Settings/textarea_For each transaction that is made through the marketplace there will be a seller transaction fee of"), "*"): Keys '*' sent to object: 'Object Repository/ADMIN/Edit Text/Bespoke/Seller Pages/Onboarding_Settings/textarea_For each transaction that is made through the marketplace there will be a seller transaction fee of'

2020-03-20 10:35:36 - [MESSAGE][PASSED] - Keys '*' sent to object: 'Object Repository/ADMIN/Edit Text/Bespoke/Seller Pages/Onboarding_Settings/textarea_For each transaction that is made through the marketplace there will be a seller transaction fee of'

2020-03-20 10:35:36 - [TEST_STEP][PASSED] - sendKeys(findTestObject("ADMIN/Edit Text/Bespoke/Seller Pages/Onboarding_Settings/input_NEXT_btn_next"), "*"): Keys '*' sent to object: 'Object Repository/ADMIN/Edit Text/Bespoke/Seller Pages/Onboarding_Settings/input_NEXT_btn_next'

2020-03-20 10:35:36 - [MESSAGE][PASSED] - Keys '*' sent to object: 'Object Repository/ADMIN/Edit Text/Bespoke/Seller Pages/Onboarding_Settings/input_NEXT_btn_next'

2020-03-20 10:35:36 - [TEST_STEP][PASSED] - sendKeys(findTestObject("ADMIN/Edit Text/Bespoke/Seller Pages/Onboarding_Settings/input_ADDRESS_tab-title"), "*"): Keys '*' sent to object: 'Object Repository/ADMIN/Edit Text/Bespoke/Seller Pages/Onboarding_Settings/input_ADDRESS_tab-title'

2020-03-20 10:35:36 - [MESSAGE][PASSED] - Keys '*' sent to object: 'Object Repository/ADMIN/Edit Text/Bespoke/Seller Pages/Onboarding_Settings/input_ADDRESS_tab-title'

2020-03-20 10:35:36 - [TEST_STEP][PASSED] - sendKeys(findTestObject("ADMIN/Edit Text/Bespoke/Seller Pages/Onboarding_Settings/input_NEW DELIVERY ADDRESS_new-delivery-address"), "*"): Keys '*' sent to object: 'Object Repository/ADMIN/Edit Text/Bespoke/Seller Pages/Onboarding_Settings/input_NEW DELIVERY ADDRESS_new-delivery-address'

2020-03-20 10:35:36 - [MESSAGE][PASSED] - Keys '*' sent to object: 'Object Repository/ADMIN/Edit Text/Bespoke/Seller Pages/Onboarding_Settings/input_NEW DELIVERY ADDRESS_new-delivery-address'

2020-03-20 10:35:36 - [TEST_STEP][PASSED] - sendKeys(findTestObject("ADMIN/Edit Text/Bespoke/Seller Pages/Onboarding_Settings/input_ADDRESSEE FIRST NAME_addressee-first-name"), "*"): Keys '*' sent to object: 'Object Repository/ADMIN/Edit Text/Bespoke/Seller Pages/Onboarding_Settings/input_ADDRESSEE FIRST NAME_addressee-first-name'

2020-03-20 10:35:36 - [MESSAGE][PASSED] - Keys '*' sent to object: 'Object Repository/ADMIN/Edit Text/Bespoke/Seller Pages/Onboarding_Settings/input_ADDRESSEE FIRST NAME_addressee-first-name'

2020-03-20 10:35:36 - [TEST_STEP][PASSED] - sendKeys(findTestObject("ADMIN/Edit Text/Bespoke/Seller Pages/Onboarding_Settings/input_ADDRESSEE LAST NAME_addressee-last-name"), "*"): Keys '*' sent to object: 'Object Repository/ADMIN/Edit Text/Bespoke/Seller Pages/Onboarding_Settings/input_ADDRESSEE LAST NAME_addressee-last-name'

2020-03-20 10:35:37 - [MESSAGE][PASSED] - Keys '*' sent to object: 'Object Repository/ADMIN/Edit Text/Bespoke/Seller Pages/Onboarding_Settings/input_ADDRESSEE LAST NAME_addressee-last-name'

2020-03-20 10:35:37 - [TEST_STEP][PASSED] - sendKeys(findTestObject("ADMIN/Edit Text/Bespoke/Seller Pages/Onboarding_Settings/input_ADDRESS_address"), "*"): Keys '*' sent to object: 'Object Repository/ADMIN/Edit Text/Bespoke/Seller Pages/Onboarding_Settings/input_ADDRESS_address'

2020-03-20 10:35:37 - [MESSAGE][PASSED] - Keys '*' sent to object: 'Object Repository/ADMIN/Edit Text/Bespoke/Seller Pages/Onboarding_Settings/input_ADDRESS_address'

2020-03-20 10:35:37 - [TEST_STEP][PASSED] - sendKeys(findTestObject("ADMIN/Edit Text/Bespoke/Seller Pages/Onboarding_Settings/input_SELECT COUNTRY_select-country"), "*"): Keys '*' sent to object: 'Object Repository/ADMIN/Edit Text/Bespoke/Seller Pages/Onboarding_Settings/input_SELECT COUNTRY_select-country'

2020-03-20 10:35:37 - [MESSAGE][PASSED] - Keys '*' sent to object: 'Object Repository/ADMIN/Edit Text/Bespoke/Seller Pages/Onboarding_Settings/input_SELECT COUNTRY_select-country'

2020-03-20 10:35:37 - [TEST_STEP][PASSED] - sendKeys(findTestObject("ADMIN/Edit Text/Bespoke/Seller Pages/Onboarding_Settings/input_COUNTRY_address-country"), "*"): Keys '*' sent to object: 'Object Repository/ADMIN/Edit Text/Bespoke/Seller Pages/Onboarding_Settings/input_COUNTRY_address-country'

2020-03-20 10:35:37 - [MESSAGE][PASSED] - Keys '*' sent to object: 'Object Repository/ADMIN/Edit Text/Bespoke/Seller Pages/Onboarding_Settings/input_COUNTRY_address-country'

2020-03-20 10:35:37 - [TEST_STEP][PASSED] - sendKeys(findTestObject("ADMIN/Edit Text/Bespoke/Seller Pages/Onboarding_Settings/input_STATE_address-state"), "*"): Keys '*' sent to object: 'Object Repository/ADMIN/Edit Text/Bespoke/Seller Pages/Onboarding_Settings/input_STATE_address-state'

2020-03-20 10:35:37 - [MESSAGE][PASSED] - Keys '*' sent to object: 'Object Repository/ADMIN/Edit Text/Bespoke/Seller Pages/Onboarding_Settings/input_STATE_address-state'

2020-03-20 10:35:37 - [TEST_STEP][PASSED] - sendKeys(findTestObject("ADMIN/Edit Text/Bespoke/Seller Pages/Onboarding_Settings/input_CITY_address-city"), "*"): Keys '*' sent to object: 'Object Repository/ADMIN/Edit Text/Bespoke/Seller Pages/Onboarding_Settings/input_CITY_address-city'

2020-03-20 10:35:37 - [MESSAGE][PASSED] - Keys '*' sent to object: 'Object Repository/ADMIN/Edit Text/Bespoke/Seller Pages/Onboarding_Settings/input_CITY_address-city'

2020-03-20 10:35:37 - [TEST_STEP][PASSED] - sendKeys(findTestObject("ADMIN/Edit Text/Bespoke/Seller Pages/Onboarding_Settings/input_POSTAL CODE_address-postalcode"), "*"): Keys '*' sent to object: 'Object Repository/ADMIN/Edit Text/Bespoke/Seller Pages/Onboarding_Settings/input_POSTAL CODE_address-postalcode'

2020-03-20 10:35:37 - [MESSAGE][PASSED] - Keys '*' sent to object: 'Object Repository/ADMIN/Edit Text/Bespoke/Seller Pages/Onboarding_Settings/input_POSTAL CODE_address-postalcode'

2020-03-20 10:35:37 - [TEST_STEP][PASSED] - sendKeys(findTestObject("ADMIN/Edit Text/Bespoke/Seller Pages/Onboarding_Settings/input_ADD ADDRESS_btn_add"), "*"): Keys '*' sent to object: 'Object Repository/ADMIN/Edit Text/Bespoke/Seller Pages/Onboarding_Settings/input_ADD ADDRESS_btn_add'

2020-03-20 10:35:38 - [MESSAGE][PASSED] - Keys '*' sent to object: 'Object Repository/ADMIN/Edit Text/Bespoke/Seller Pages/Onboarding_Settings/input_ADD ADDRESS_btn_add'

2020-03-20 10:35:38 - [TEST_STEP][PASSED] - sendKeys(findTestObject("ADMIN/Edit Text/Bespoke/Seller Pages/Onboarding_Settings/input_SAVED ADDRESSES_address-saved"), "*"): Keys '*' sent to object: 'Object Repository/ADMIN/Edit Text/Bespoke/Seller Pages/Onboarding_Settings/input_SAVED ADDRESSES_address-saved'

2020-03-20 10:35:38 - [MESSAGE][PASSED] - Keys '*' sent to object: 'Object Repository/ADMIN/Edit Text/Bespoke/Seller Pages/Onboarding_Settings/input_SAVED ADDRESSES_address-saved'

2020-03-20 10:35:38 - [TEST_STEP][PASSED] - sendKeys(findTestObject("ADMIN/Edit Text/Bespoke/Seller Pages/Onboarding_Settings/input_Next_btn_next (1)"), "*"): Keys '*' sent to object: 'Object Repository/ADMIN/Edit Text/Bespoke/Seller Pages/Onboarding_Settings/input_Next_btn_next (1)'

2020-03-20 10:35:38 - [MESSAGE][PASSED] - Keys '*' sent to object: 'Object Repository/ADMIN/Edit Text/Bespoke/Seller Pages/Onboarding_Settings/input_Next_btn_next (1)'

2020-03-20 10:35:38 - [TEST_STEP][PASSED] - sendKeys(findTestObject("ADMIN/Edit Text/Bespoke/Seller Pages/Onboarding_Settings/input_PAYMENT ACCEPTANCE_tan-title"), "*"): Keys '*' sent to object: 'Object Repository/ADMIN/Edit Text/Bespoke/Seller Pages/Onboarding_Settings/input_PAYMENT ACCEPTANCE_tan-title'

2020-03-20 10:35:38 - [MESSAGE][PASSED] - Keys '*' sent to object: 'Object Repository/ADMIN/Edit Text/Bespoke/Seller Pages/Onboarding_Settings/input_PAYMENT ACCEPTANCE_tan-title'

2020-03-20 10:35:38 - [TEST_STEP][PASSED] - sendKeys(findTestObject("ADMIN/Edit Text/Bespoke/Seller Pages/Onboarding_Settings/input_PAYMENT METHOD_payment_method"), "*"): Keys '*' sent to object: 'Object Repository/ADMIN/Edit Text/Bespoke/Seller Pages/Onboarding_Settings/input_PAYMENT METHOD_payment_method'

2020-03-20 10:35:38 - [MESSAGE][PASSED] - Keys '*' sent to object: 'Object Repository/ADMIN/Edit Text/Bespoke/Seller Pages/Onboarding_Settings/input_PAYMENT METHOD_payment_method'

2020-03-20 10:35:38 - [TEST_STEP][PASSED] - sendKeys(findTestObject("ADMIN/Edit Text/Bespoke/Seller Pages/Onboarding_Settings/input_Select your preferred payment method_select_payment_method"), "*"): Keys '*' sent to object: 'Object Repository/ADMIN/Edit Text/Bespoke/Seller Pages/Onboarding_Settings/input_Select your preferred payment method_select_payment_method'

2020-03-20 10:35:38 - [MESSAGE][PASSED] - Keys '*' sent to object: 'Object Repository/ADMIN/Edit Text/Bespoke/Seller Pages/Onboarding_Settings/input_Select your preferred payment method_select_payment_method'

2020-03-20 10:35:38 - [TEST_STEP][PASSED] - sendKeys(findTestObject("ADMIN/Edit Text/Bespoke/Seller Pages/Onboarding_Settings/input_LINK ACCOUNT_btn_link_account"), "*"): Keys '*' sent to object: 'Object Repository/ADMIN/Edit Text/Bespoke/Seller Pages/Onboarding_Settings/input_LINK ACCOUNT_btn_link_account'

2020-03-20 10:35:38 - [MESSAGE][PASSED] - Keys '*' sent to object: 'Object Repository/ADMIN/Edit Text/Bespoke/Seller Pages/Onboarding_Settings/input_LINK ACCOUNT_btn_link_account'

2020-03-20 10:35:38 - [TEST_STEP][PASSED] - sendKeys(findTestObject("ADMIN/Edit Text/Bespoke/Seller Pages/Onboarding_Settings/input_VERIFIED_verified"), "*"): Keys '*' sent to object: 'Object Repository/ADMIN/Edit Text/Bespoke/Seller Pages/Onboarding_Settings/input_VERIFIED_verified'

2020-03-20 10:35:39 - [MESSAGE][PASSED] - Keys '*' sent to object: 'Object Repository/ADMIN/Edit Text/Bespoke/Seller Pages/Onboarding_Settings/input_VERIFIED_verified'

2020-03-20 10:35:39 - [TEST_STEP][PASSED] - sendKeys(findTestObject("ADMIN/Edit Text/Bespoke/Seller Pages/Onboarding_Settings/input_This payment method is compulsory_this_method_compulsory"), "*"): Keys '*' sent to object: 'Object Repository/ADMIN/Edit Text/Bespoke/Seller Pages/Onboarding_Settings/input_This payment method is compulsory_this_method_compulsory'

2020-03-20 10:35:39 - [MESSAGE][PASSED] - Keys '*' sent to object: 'Object Repository/ADMIN/Edit Text/Bespoke/Seller Pages/Onboarding_Settings/input_This payment method is compulsory_this_method_compulsory'

2020-03-20 10:35:39 - [TEST_STEP][PASSED] - sendKeys(findTestObject("ADMIN/Edit Text/Bespoke/Seller Pages/Onboarding_Settings/input_No account linked yet_no-account-linked"), "*"): Keys '*' sent to object: 'Object Repository/ADMIN/Edit Text/Bespoke/Seller Pages/Onboarding_Settings/input_No account linked yet_no-account-linked'

2020-03-20 10:35:39 - [MESSAGE][PASSED] - Keys '*' sent to object: 'Object Repository/ADMIN/Edit Text/Bespoke/Seller Pages/Onboarding_Settings/input_No account linked yet_no-account-linked'

2020-03-20 10:35:39 - [TEST_STEP][PASSED] - sendKeys(findTestObject("ADMIN/Edit Text/Bespoke/Seller Pages/Onboarding_Settings/input_next3"), "*"): Keys '*' sent to object: 'Object Repository/ADMIN/Edit Text/Bespoke/Seller Pages/Onboarding_Settings/input_next3'

2020-03-20 10:35:39 - [MESSAGE][PASSED] - Keys '*' sent to object: 'Object Repository/ADMIN/Edit Text/Bespoke/Seller Pages/Onboarding_Settings/input_next3'

2020-03-20 10:35:39 - [TEST_STEP][PASSED] - sendKeys(findTestObject("ADMIN/Edit Text/Bespoke/Seller Pages/Onboarding_Settings/input_DELIVERY METHODS_tab-title1"), "*"): Keys '*' sent to object: 'Object Repository/ADMIN/Edit Text/Bespoke/Seller Pages/Onboarding_Settings/input_DELIVERY METHODS_tab-title1'

2020-03-20 10:35:39 - [MESSAGE][PASSED] - Keys '*' sent to object: 'Object Repository/ADMIN/Edit Text/Bespoke/Seller Pages/Onboarding_Settings/input_DELIVERY METHODS_tab-title1'

2020-03-20 10:35:39 - [TEST_STEP][PASSED] - sendKeys(findTestObject("ADMIN/Edit Text/Bespoke/Seller Pages/Onboarding_Settings/input_DELIVERY OPTIONS_delivery-option"), "*"): Keys '*' sent to object: 'Object Repository/ADMIN/Edit Text/Bespoke/Seller Pages/Onboarding_Settings/input_DELIVERY OPTIONS_delivery-option'

2020-03-20 10:35:39 - [MESSAGE][PASSED] - Keys '*' sent to object: 'Object Repository/ADMIN/Edit Text/Bespoke/Seller Pages/Onboarding_Settings/input_DELIVERY OPTIONS_delivery-option'

2020-03-20 10:35:39 - [TEST_STEP][PASSED] - sendKeys(findTestObject("ADMIN/Edit Text/Bespoke/Seller Pages/Onboarding_Settings/input_DELIVERY OPTIONS_delivery-txt2"), "*"): Keys '*' sent to object: 'Object Repository/ADMIN/Edit Text/Bespoke/Seller Pages/Onboarding_Settings/input_DELIVERY OPTIONS_delivery-txt2'

2020-03-20 10:35:40 - [MESSAGE][PASSED] - Keys '*' sent to object: 'Object Repository/ADMIN/Edit Text/Bespoke/Seller Pages/Onboarding_Settings/input_DELIVERY OPTIONS_delivery-txt2'

2020-03-20 10:35:40 - [TEST_STEP][PASSED] - sendKeys(findTestObject("ADMIN/Edit Text/Bespoke/Seller Pages/Onboarding_Settings/input_DELIVERY SERVICE_delivery-service"), "*"): Keys '*' sent to object: 'Object Repository/ADMIN/Edit Text/Bespoke/Seller Pages/Onboarding_Settings/input_DELIVERY SERVICE_delivery-service'

2020-03-20 10:35:40 - [MESSAGE][PASSED] - Keys '*' sent to object: 'Object Repository/ADMIN/Edit Text/Bespoke/Seller Pages/Onboarding_Settings/input_DELIVERY SERVICE_delivery-service'

2020-03-20 10:35:40 - [TEST_STEP][PASSED] - sendKeys(findTestObject("ADMIN/Edit Text/Bespoke/Seller Pages/Onboarding_Settings/input_SINGLE ITEM DELIVERY (A)_single-item-delivery"), "*"): Keys '*' sent to object: 'Object Repository/ADMIN/Edit Text/Bespoke/Seller Pages/Onboarding_Settings/input_SINGLE ITEM DELIVERY (A)_single-item-delivery'

2020-03-20 10:35:40 - [MESSAGE][PASSED] - Keys '*' sent to object: 'Object Repository/ADMIN/Edit Text/Bespoke/Seller Pages/Onboarding_Settings/input_SINGLE ITEM DELIVERY (A)_single-item-delivery'

2020-03-20 10:35:40 - [TEST_STEP][PASSED] - sendKeys(findTestObject("ADMIN/Edit Text/Bespoke/Seller Pages/Onboarding_Settings/input_WITH OTHER ITEM (B)_with-other-item"), "*"): Keys '*' sent to object: 'Object Repository/ADMIN/Edit Text/Bespoke/Seller Pages/Onboarding_Settings/input_WITH OTHER ITEM (B)_with-other-item'

2020-03-20 10:35:40 - [MESSAGE][PASSED] - Keys '*' sent to object: 'Object Repository/ADMIN/Edit Text/Bespoke/Seller Pages/Onboarding_Settings/input_WITH OTHER ITEM (B)_with-other-item'

2020-03-20 10:35:40 - [TEST_STEP][PASSED] - sendKeys(findTestObject("ADMIN/Edit Text/Bespoke/Seller Pages/Onboarding_Settings/input_ADD_btn_add"), "*"): Keys '*' sent to object: 'Object Repository/ADMIN/Edit Text/Bespoke/Seller Pages/Onboarding_Settings/input_ADD_btn_add'

2020-03-20 10:35:40 - [MESSAGE][PASSED] - Keys '*' sent to object: 'Object Repository/ADMIN/Edit Text/Bespoke/Seller Pages/Onboarding_Settings/input_ADD_btn_add'

2020-03-20 10:35:40 - [TEST_STEP][PASSED] - sendKeys(findTestObject("ADMIN/Edit Text/Bespoke/Seller Pages/Onboarding_Settings/input_PICK-UP LOCATIONS_pick-up-option"), "*"): Keys '*' sent to object: 'Object Repository/ADMIN/Edit Text/Bespoke/Seller Pages/Onboarding_Settings/input_PICK-UP LOCATIONS_pick-up-option'

2020-03-20 10:35:40 - [MESSAGE][PASSED] - Keys '*' sent to object: 'Object Repository/ADMIN/Edit Text/Bespoke/Seller Pages/Onboarding_Settings/input_PICK-UP LOCATIONS_pick-up-option'

2020-03-20 10:35:40 - [TEST_STEP][PASSED] - sendKeys(findTestObject("ADMIN/Edit Text/Bespoke/Seller Pages/Onboarding_Settings/textarea_Define the full address where the buyer can pick up from (You must have at least a delivery option or a pick-up location selected)"), "*"): Keys '*' sent to object: 'Object Repository/ADMIN/Edit Text/Bespoke/Seller Pages/Onboarding_Settings/textarea_Define the full address where the buyer can pick up from (You must have at least a delivery option or a pick-up location selected)'

2020-03-20 10:35:40 - [MESSAGE][PASSED] - Keys '*' sent to object: 'Object Repository/ADMIN/Edit Text/Bespoke/Seller Pages/Onboarding_Settings/textarea_Define the full address where the buyer can pick up from (You must have at least a delivery option or a pick-up location selected)'

2020-03-20 10:35:40 - [TEST_STEP][PASSED] - sendKeys(findTestObject("ADMIN/Edit Text/Bespoke/Seller Pages/Onboarding_Settings/input_Offer reduced shipping costs to buyers when they buy more than one item from you_delivery-txt2"), "*"): Keys '*' sent to object: 'Object Repository/ADMIN/Edit Text/Bespoke/Seller Pages/Onboarding_Settings/input_Offer reduced shipping costs to buyers when they buy more than one item from you_delivery-txt2'

2020-03-20 10:35:41 - [MESSAGE][PASSED] - Keys '*' sent to object: 'Object Repository/ADMIN/Edit Text/Bespoke/Seller Pages/Onboarding_Settings/input_Offer reduced shipping costs to buyers when they buy more than one item from you_delivery-txt2'

2020-03-20 10:35:41 - [TEST_STEP][PASSED] - sendKeys(findTestObject("ADMIN/Edit Text/Bespoke/Seller Pages/Onboarding_Settings/input_total delivery"), "*"): Keys '*' sent to object: 'Object Repository/ADMIN/Edit Text/Bespoke/Seller Pages/Onboarding_Settings/input_total delivery'

2020-03-20 10:35:41 - [MESSAGE][PASSED] - Keys '*' sent to object: 'Object Repository/ADMIN/Edit Text/Bespoke/Seller Pages/Onboarding_Settings/input_total delivery'

2020-03-20 10:35:41 - [TEST_STEP][PASSED] - sendKeys(findTestObject("ADMIN/Edit Text/Bespoke/Seller Pages/Onboarding_Settings/input_add1"), "*"): Keys '*' sent to object: 'Object Repository/ADMIN/Edit Text/Bespoke/Seller Pages/Onboarding_Settings/input_add1'

2020-03-20 10:35:41 - [MESSAGE][PASSED] - Keys '*' sent to object: 'Object Repository/ADMIN/Edit Text/Bespoke/Seller Pages/Onboarding_Settings/input_add1'

2020-03-20 10:35:41 - [TEST_STEP][PASSED] - sendKeys(findTestObject("ADMIN/Edit Text/Bespoke/Seller Pages/Onboarding_Settings/input_PICK-UP LOCATION ADDRESS_pick-up-address"), "*"): Keys '*' sent to object: 'Object Repository/ADMIN/Edit Text/Bespoke/Seller Pages/Onboarding_Settings/input_PICK-UP LOCATION ADDRESS_pick-up-address'

2020-03-20 10:35:41 - [MESSAGE][PASSED] - Keys '*' sent to object: 'Object Repository/ADMIN/Edit Text/Bespoke/Seller Pages/Onboarding_Settings/input_PICK-UP LOCATION ADDRESS_pick-up-address'

2020-03-20 10:35:41 - [TEST_STEP][PASSED] - sendKeys(findTestObject("ADMIN/Edit Text/Bespoke/Seller Pages/Onboarding_Settings/input_SAVE_btn_save"), "*"): Keys '*' sent to object: 'Object Repository/ADMIN/Edit Text/Bespoke/Seller Pages/Onboarding_Settings/input_SAVE_btn_save'

2020-03-20 10:35:41 - [MESSAGE][PASSED] - Keys '*' sent to object: 'Object Repository/ADMIN/Edit Text/Bespoke/Seller Pages/Onboarding_Settings/input_SAVE_btn_save'

2020-03-20 10:35:41 - [TEST_STEP][PASSED] - sendKeys(findTestObject("ADMIN/Edit Text/Bespoke/Seller Pages/Onboarding_Settings/input_Are you sure want to delete_popup-title"), "*"): Keys '*' sent to object: 'Object Repository/ADMIN/Edit Text/Bespoke/Seller Pages/Onboarding_Settings/input_Are you sure want to delete_popup-title'

2020-03-20 10:35:41 - [MESSAGE][PASSED] - Keys '*' sent to object: 'Object Repository/ADMIN/Edit Text/Bespoke/Seller Pages/Onboarding_Settings/input_Are you sure want to delete_popup-title'

2020-03-20 10:35:41 - [TEST_STEP][PASSED] - sendKeys(findTestObject("ADMIN/Edit Text/Bespoke/Seller Pages/Onboarding_Settings/input_CANCEL_btn_cancel"), "*"): Keys '*' sent to object: 'Object Repository/ADMIN/Edit Text/Bespoke/Seller Pages/Onboarding_Settings/input_CANCEL_btn_cancel'

2020-03-20 10:35:41 - [MESSAGE][PASSED] - Keys '*' sent to object: 'Object Repository/ADMIN/Edit Text/Bespoke/Seller Pages/Onboarding_Settings/input_CANCEL_btn_cancel'

2020-03-20 10:35:41 - [TEST_STEP][PASSED] - sendKeys(findTestObject("ADMIN/Edit Text/Bespoke/Seller Pages/Onboarding_Settings/input_Okay_btn_okay"), "*"): Keys '*' sent to object: 'Object Repository/ADMIN/Edit Text/Bespoke/Seller Pages/Onboarding_Settings/input_Okay_btn_okay'

2020-03-20 10:35:42 - [MESSAGE][PASSED] - Keys '*' sent to object: 'Object Repository/ADMIN/Edit Text/Bespoke/Seller Pages/Onboarding_Settings/input_Okay_btn_okay'

2020-03-20 10:35:42 - [TEST_STEP][PASSED] - sendKeys(findTestObject("ADMIN/Edit Text/Bespoke/Seller Pages/Onboarding_Settings/input_REMOVE ITEM_popup-title"), "*"): Keys '*' sent to object: 'Object Repository/ADMIN/Edit Text/Bespoke/Seller Pages/Onboarding_Settings/input_REMOVE ITEM_popup-title'

2020-03-20 10:35:42 - [MESSAGE][PASSED] - Keys '*' sent to object: 'Object Repository/ADMIN/Edit Text/Bespoke/Seller Pages/Onboarding_Settings/input_REMOVE ITEM_popup-title'

2020-03-20 10:35:42 - [TEST_STEP][PASSED] - sendKeys(findTestObject("ADMIN/Edit Text/Bespoke/Seller Pages/Onboarding_Settings/input_concat(Are you sure about removing this item from your list (It  ll be gone forever))_popup-title"), "*"): Keys '*' sent to object: 'Object Repository/ADMIN/Edit Text/Bespoke/Seller Pages/Onboarding_Settings/input_concat(Are you sure about removing this item from your list (It  ll be gone forever))_popup-title'

2020-03-20 10:35:42 - [MESSAGE][PASSED] - Keys '*' sent to object: 'Object Repository/ADMIN/Edit Text/Bespoke/Seller Pages/Onboarding_Settings/input_concat(Are you sure about removing this item from your list (It  ll be gone forever))_popup-title'

2020-03-20 10:35:42 - [TEST_STEP][PASSED] - sendKeys(findTestObject("ADMIN/Edit Text/Bespoke/Seller Pages/Onboarding_Settings/input_CANCEL_btn_cancel2"), "*"): Keys '*' sent to object: 'Object Repository/ADMIN/Edit Text/Bespoke/Seller Pages/Onboarding_Settings/input_CANCEL_btn_cancel2'

2020-03-20 10:35:42 - [MESSAGE][PASSED] - Keys '*' sent to object: 'Object Repository/ADMIN/Edit Text/Bespoke/Seller Pages/Onboarding_Settings/input_CANCEL_btn_cancel2'

2020-03-20 10:35:42 - [TEST_STEP][PASSED] - sendKeys(findTestObject("ADMIN/Edit Text/Bespoke/Seller Pages/Onboarding_Settings/input_Okay_btn_okay2"), "*"): Keys '*' sent to object: 'Object Repository/ADMIN/Edit Text/Bespoke/Seller Pages/Onboarding_Settings/input_Okay_btn_okay2'

2020-03-20 10:35:42 - [MESSAGE][PASSED] - Keys '*' sent to object: 'Object Repository/ADMIN/Edit Text/Bespoke/Seller Pages/Onboarding_Settings/input_Okay_btn_okay2'

2020-03-20 10:35:42 - [TEST_STEP][PASSED] - sendKeys(findTestObject("ADMIN/Edit Text/Bespoke/Seller Pages/Onboarding_Settings/input_Back_tab-title"), "*"): Keys '*' sent to object: 'Object Repository/ADMIN/Edit Text/Bespoke/Seller Pages/Onboarding_Settings/input_Back_tab-title'

2020-03-20 10:35:42 - [MESSAGE][PASSED] - Keys '*' sent to object: 'Object Repository/ADMIN/Edit Text/Bespoke/Seller Pages/Onboarding_Settings/input_Back_tab-title'

2020-03-20 10:35:42 - [TEST_STEP][PASSED] - sendKeys(findTestObject("ADMIN/Edit Text/Bespoke/Seller Pages/Onboarding_Settings/input_ACCOUNT CONFIGURATION_tab-title"), "*"): Keys '*' sent to object: 'Object Repository/ADMIN/Edit Text/Bespoke/Seller Pages/Onboarding_Settings/input_ACCOUNT CONFIGURATION_tab-title'

2020-03-20 10:35:42 - [MESSAGE][PASSED] - Keys '*' sent to object: 'Object Repository/ADMIN/Edit Text/Bespoke/Seller Pages/Onboarding_Settings/input_ACCOUNT CONFIGURATION_tab-title'

2020-03-20 10:35:42 - [TEST_STEP][PASSED] - sendKeys(findTestObject("ADMIN/Edit Text/Bespoke/Seller Pages/Onboarding_Settings/textarea_Your details entered here will be saved and verified by Omise Money you earn from your sales will be accredited to your bank account directly"), "*"): Keys '*' sent to object: 'Object Repository/ADMIN/Edit Text/Bespoke/Seller Pages/Onboarding_Settings/textarea_Your details entered here will be saved and verified by Omise Money you earn from your sales will be accredited to your bank account directly'

2020-03-20 10:35:43 - [MESSAGE][PASSED] - Keys '*' sent to object: 'Object Repository/ADMIN/Edit Text/Bespoke/Seller Pages/Onboarding_Settings/textarea_Your details entered here will be saved and verified by Omise Money you earn from your sales will be accredited to your bank account directly'

2020-03-20 10:35:43 - [TEST_STEP][PASSED] - sendKeys(findTestObject("ADMIN/Edit Text/Bespoke/Seller Pages/Onboarding_Settings/input_TYPE_tab-title"), "*"): Keys '*' sent to object: 'Object Repository/ADMIN/Edit Text/Bespoke/Seller Pages/Onboarding_Settings/input_TYPE_tab-title'

2020-03-20 10:35:43 - [MESSAGE][PASSED] - Keys '*' sent to object: 'Object Repository/ADMIN/Edit Text/Bespoke/Seller Pages/Onboarding_Settings/input_TYPE_tab-title'

2020-03-20 10:35:43 - [TEST_STEP][PASSED] - sendKeys(findTestObject("ADMIN/Edit Text/Bespoke/Seller Pages/Onboarding_Settings/input_Tax identification number (optional)_tab-title"), "*"): Keys '*' sent to object: 'Object Repository/ADMIN/Edit Text/Bespoke/Seller Pages/Onboarding_Settings/input_Tax identification number (optional)_tab-title'

2020-03-20 10:35:43 - [MESSAGE][PASSED] - Keys '*' sent to object: 'Object Repository/ADMIN/Edit Text/Bespoke/Seller Pages/Onboarding_Settings/input_Tax identification number (optional)_tab-title'

2020-03-20 10:35:43 - [TEST_STEP][PASSED] - sendKeys(findTestObject("ADMIN/Edit Text/Bespoke/Seller Pages/Onboarding_Settings/input_Individual_tab-title"), "*"): Keys '*' sent to object: 'Object Repository/ADMIN/Edit Text/Bespoke/Seller Pages/Onboarding_Settings/input_Individual_tab-title'

2020-03-20 10:35:43 - [MESSAGE][PASSED] - Keys '*' sent to object: 'Object Repository/ADMIN/Edit Text/Bespoke/Seller Pages/Onboarding_Settings/input_Individual_tab-title'

2020-03-20 10:35:43 - [TEST_STEP][PASSED] - sendKeys(findTestObject("ADMIN/Edit Text/Bespoke/Seller Pages/Onboarding_Settings/input_Corporate_tab-title"), "*"): Keys '*' sent to object: 'Object Repository/ADMIN/Edit Text/Bespoke/Seller Pages/Onboarding_Settings/input_Corporate_tab-title'

2020-03-20 10:35:43 - [MESSAGE][PASSED] - Keys '*' sent to object: 'Object Repository/ADMIN/Edit Text/Bespoke/Seller Pages/Onboarding_Settings/input_Corporate_tab-title'

2020-03-20 10:35:43 - [TEST_STEP][PASSED] - sendKeys(findTestObject("ADMIN/Edit Text/Bespoke/Seller Pages/Onboarding_Settings/input_Bank  branch code_tab-title"), "*"): Keys '*' sent to object: 'Object Repository/ADMIN/Edit Text/Bespoke/Seller Pages/Onboarding_Settings/input_Bank  branch code_tab-title'

2020-03-20 10:35:44 - [MESSAGE][PASSED] - Keys '*' sent to object: 'Object Repository/ADMIN/Edit Text/Bespoke/Seller Pages/Onboarding_Settings/input_Bank  branch code_tab-title'

2020-03-20 10:35:44 - [TEST_STEP][PASSED] - sendKeys(findTestObject("ADMIN/Edit Text/Bespoke/Seller Pages/Onboarding_Settings/input_Bank account number_tab-title"), "*"): Keys '*' sent to object: 'Object Repository/ADMIN/Edit Text/Bespoke/Seller Pages/Onboarding_Settings/input_Bank account number_tab-title'

2020-03-20 10:35:44 - [MESSAGE][PASSED] - Keys '*' sent to object: 'Object Repository/ADMIN/Edit Text/Bespoke/Seller Pages/Onboarding_Settings/input_Bank account number_tab-title'

2020-03-20 10:35:44 - [TEST_STEP][PASSED] - sendKeys(findTestObject("ADMIN/Edit Text/Bespoke/Seller Pages/Onboarding_Settings/input_Bank account name_tab-title"), "*"): Keys '*' sent to object: 'Object Repository/ADMIN/Edit Text/Bespoke/Seller Pages/Onboarding_Settings/input_Bank account name_tab-title'

2020-03-20 10:35:44 - [MESSAGE][PASSED] - Keys '*' sent to object: 'Object Repository/ADMIN/Edit Text/Bespoke/Seller Pages/Onboarding_Settings/input_Bank account name_tab-title'

2020-03-20 10:35:44 - [TEST_STEP][PASSED] - click(findTestObject("ADMIN/Edit Text/Bespoke/Buyer Pages/Homepage/button_save"), CONTINUE_ON_FAILURE): Object: 'Object Repository/ADMIN/Edit Text/Bespoke/Buyer Pages/Homepage/button_save' is clicked on

2020-03-20 10:35:44 - [MESSAGE][PASSED] - Object: 'Object Repository/ADMIN/Edit Text/Bespoke/Buyer Pages/Homepage/button_save' is clicked on

2020-03-20 10:35:44 - [TEST_STEP][PASSED] - waitForElementVisible(findTestObject("ADMIN/Edit Text/Bespoke/Buyer Pages/Homepage/toaster_success"), 0): Object 'Object Repository/ADMIN/Edit Text/Bespoke/Buyer Pages/Homepage/toaster_success' is visible

2020-03-20 10:35:44 - [MESSAGE][WARNING] - Timeout '0' is invalid. Using default page load timeout: '30'

2020-03-20 10:35:44 - [MESSAGE][PASSED] - Object 'Object Repository/ADMIN/Edit Text/Bespoke/Buyer Pages/Homepage/toaster_success' is visible]]></system-out>
         <system-err><![CDATA[]]></system-err>
      </testcase>
      <testcase name="Test Cases/ADMIN/Language/Edit Text/Bespoke/Seller/Onboarding_Settings" time="11.541" classname="Test Cases/ADMIN/Language/Edit Text/Bespoke/Seller/Onboarding_Settings" status="PASSED">
         <system-out><![CDATA[2020-03-20 10:35:44 - [TEST_CASE][PASSED] - Test Cases/ADMIN/Language/Edit Text/Bespoke/Seller/Onboarding_Settings: Test Cases/ADMIN/Language/Edit Text/Bespoke/Seller/Onboarding_Settings

2020-03-20 10:35:45 - [TEST_STEP][PASSED] - waitForElementVisible(findTestObject("ADMIN/Edit Text/Bespoke/Buyer Navigation/dd_language"), 0): Object 'Object Repository/ADMIN/Edit Text/Bespoke/Buyer Navigation/dd_language' is visible

2020-03-20 10:35:45 - [MESSAGE][WARNING] - Timeout '0' is invalid. Using default page load timeout: '30'

2020-03-20 10:35:45 - [MESSAGE][PASSED] - Object 'Object Repository/ADMIN/Edit Text/Bespoke/Buyer Navigation/dd_language' is visible

2020-03-20 10:35:45 - [TEST_STEP][PASSED] - selectOptionByLabel(findTestObject("ADMIN/Edit Text/Bespoke/Buyer Navigation/dd_language"), varLanguage, false): All options with label 'German' are selected in object 'Object Repository/ADMIN/Edit Text/Bespoke/Buyer Navigation/dd_language' 

2020-03-20 10:35:46 - [MESSAGE][PASSED] - All options with label 'German' are selected in object 'Object Repository/ADMIN/Edit Text/Bespoke/Buyer Navigation/dd_language' 

2020-03-20 10:35:46 - [TEST_STEP][PASSED] - sendKeys(findTestObject("ADMIN/Edit Text/Bespoke/Seller Pages/Onboarding_Settings/input_USER SETTINGS_marketplace-name"), "*"): Keys '*' sent to object: 'Object Repository/ADMIN/Edit Text/Bespoke/Seller Pages/Onboarding_Settings/input_USER SETTINGS_marketplace-name'

2020-03-20 10:35:46 - [MESSAGE][PASSED] - Keys '*' sent to object: 'Object Repository/ADMIN/Edit Text/Bespoke/Seller Pages/Onboarding_Settings/input_USER SETTINGS_marketplace-name'

2020-03-20 10:35:46 - [TEST_STEP][PASSED] - sendKeys(findTestObject("ADMIN/Edit Text/Bespoke/Seller Pages/Onboarding_Settings/input_Configure your profile your delivery methods and how you receive payments_item_details"), "*"): Keys '*' sent to object: 'Object Repository/ADMIN/Edit Text/Bespoke/Seller Pages/Onboarding_Settings/input_Configure your profile your delivery methods and how you receive payments_item_details'

2020-03-20 10:35:46 - [MESSAGE][PASSED] - Keys '*' sent to object: 'Object Repository/ADMIN/Edit Text/Bespoke/Seller Pages/Onboarding_Settings/input_Configure your profile your delivery methods and how you receive payments_item_details'

2020-03-20 10:35:46 - [TEST_STEP][PASSED] - sendKeys(findTestObject("ADMIN/Edit Text/Bespoke/Seller Pages/Onboarding_Settings/input_PROFILE_tab-title"), "*"): Keys '*' sent to object: 'Object Repository/ADMIN/Edit Text/Bespoke/Seller Pages/Onboarding_Settings/input_PROFILE_tab-title'

2020-03-20 10:35:46 - [MESSAGE][PASSED] - Keys '*' sent to object: 'Object Repository/ADMIN/Edit Text/Bespoke/Seller Pages/Onboarding_Settings/input_PROFILE_tab-title'

2020-03-20 10:35:46 - [TEST_STEP][PASSED] - sendKeys(findTestObject("ADMIN/Edit Text/Bespoke/Seller Pages/Onboarding_Settings/input_CHANGE_btn_upload"), "*"): Keys '*' sent to object: 'Object Repository/ADMIN/Edit Text/Bespoke/Seller Pages/Onboarding_Settings/input_CHANGE_btn_upload'

2020-03-20 10:35:47 - [MESSAGE][PASSED] - Keys '*' sent to object: 'Object Repository/ADMIN/Edit Text/Bespoke/Seller Pages/Onboarding_Settings/input_CHANGE_btn_upload'

2020-03-20 10:35:47 - [TEST_STEP][PASSED] - sendKeys(findTestObject("ADMIN/Edit Text/Bespoke/Seller Pages/Onboarding_Settings/input_DISPLAY NAME_display-name"), "*"): Keys '*' sent to object: 'Object Repository/ADMIN/Edit Text/Bespoke/Seller Pages/Onboarding_Settings/input_DISPLAY NAME_display-name'

2020-03-20 10:35:47 - [MESSAGE][PASSED] - Keys '*' sent to object: 'Object Repository/ADMIN/Edit Text/Bespoke/Seller Pages/Onboarding_Settings/input_DISPLAY NAME_display-name'

2020-03-20 10:35:47 - [TEST_STEP][PASSED] - sendKeys(findTestObject("ADMIN/Edit Text/Bespoke/Seller Pages/Onboarding_Settings/input_DESCRIPTION_description"), "*"): Keys '*' sent to object: 'Object Repository/ADMIN/Edit Text/Bespoke/Seller Pages/Onboarding_Settings/input_DESCRIPTION_description'

2020-03-20 10:35:47 - [MESSAGE][PASSED] - Keys '*' sent to object: 'Object Repository/ADMIN/Edit Text/Bespoke/Seller Pages/Onboarding_Settings/input_DESCRIPTION_description'

2020-03-20 10:35:47 - [TEST_STEP][PASSED] - sendKeys(findTestObject("ADMIN/Edit Text/Bespoke/Seller Pages/Onboarding_Settings/input_FIRST NAME_first-name"), "*"): Keys '*' sent to object: 'Object Repository/ADMIN/Edit Text/Bespoke/Seller Pages/Onboarding_Settings/input_FIRST NAME_first-name'

2020-03-20 10:35:47 - [MESSAGE][PASSED] - Keys '*' sent to object: 'Object Repository/ADMIN/Edit Text/Bespoke/Seller Pages/Onboarding_Settings/input_FIRST NAME_first-name'

2020-03-20 10:35:47 - [TEST_STEP][PASSED] - sendKeys(findTestObject("ADMIN/Edit Text/Bespoke/Seller Pages/Onboarding_Settings/input_LAST NAME_last-name"), "*"): Keys '*' sent to object: 'Object Repository/ADMIN/Edit Text/Bespoke/Seller Pages/Onboarding_Settings/input_LAST NAME_last-name'

2020-03-20 10:35:47 - [MESSAGE][PASSED] - Keys '*' sent to object: 'Object Repository/ADMIN/Edit Text/Bespoke/Seller Pages/Onboarding_Settings/input_LAST NAME_last-name'

2020-03-20 10:35:47 - [TEST_STEP][PASSED] - sendKeys(findTestObject("ADMIN/Edit Text/Bespoke/Seller Pages/Onboarding_Settings/input_NOTIFICATION EMAIL_notification-email"), "*"): Keys '*' sent to object: 'Object Repository/ADMIN/Edit Text/Bespoke/Seller Pages/Onboarding_Settings/input_NOTIFICATION EMAIL_notification-email'

2020-03-20 10:35:47 - [MESSAGE][PASSED] - Keys '*' sent to object: 'Object Repository/ADMIN/Edit Text/Bespoke/Seller Pages/Onboarding_Settings/input_NOTIFICATION EMAIL_notification-email'

2020-03-20 10:35:47 - [TEST_STEP][PASSED] - sendKeys(findTestObject("ADMIN/Edit Text/Bespoke/Seller Pages/Onboarding_Settings/input_CONTACT NUMBER_contact-number"), "*"): Keys '*' sent to object: 'Object Repository/ADMIN/Edit Text/Bespoke/Seller Pages/Onboarding_Settings/input_CONTACT NUMBER_contact-number'

2020-03-20 10:35:48 - [MESSAGE][PASSED] - Keys '*' sent to object: 'Object Repository/ADMIN/Edit Text/Bespoke/Seller Pages/Onboarding_Settings/input_CONTACT NUMBER_contact-number'

2020-03-20 10:35:48 - [TEST_STEP][PASSED] - sendKeys(findTestObject("ADMIN/Edit Text/Bespoke/Seller Pages/Onboarding_Settings/input_OPENID LOGIN_open-id-login"), "*"): Keys '*' sent to object: 'Object Repository/ADMIN/Edit Text/Bespoke/Seller Pages/Onboarding_Settings/input_OPENID LOGIN_open-id-login'

2020-03-20 10:35:48 - [MESSAGE][PASSED] - Keys '*' sent to object: 'Object Repository/ADMIN/Edit Text/Bespoke/Seller Pages/Onboarding_Settings/input_OPENID LOGIN_open-id-login'

2020-03-20 10:35:48 - [TEST_STEP][PASSED] - sendKeys(findTestObject("ADMIN/Edit Text/Bespoke/Seller Pages/Onboarding_Settings/input_SELLER LOCATION_seller_location"), "*"): Keys '*' sent to object: 'Object Repository/ADMIN/Edit Text/Bespoke/Seller Pages/Onboarding_Settings/input_SELLER LOCATION_seller_location'

2020-03-20 10:35:48 - [MESSAGE][PASSED] - Keys '*' sent to object: 'Object Repository/ADMIN/Edit Text/Bespoke/Seller Pages/Onboarding_Settings/input_SELLER LOCATION_seller_location'

2020-03-20 10:35:48 - [TEST_STEP][PASSED] - sendKeys(findTestObject("ADMIN/Edit Text/Bespoke/Seller Pages/Onboarding_Settings/textarea_For each transaction that is made through the marketplace there will be a seller transaction fee of"), "*"): Keys '*' sent to object: 'Object Repository/ADMIN/Edit Text/Bespoke/Seller Pages/Onboarding_Settings/textarea_For each transaction that is made through the marketplace there will be a seller transaction fee of'

2020-03-20 10:35:48 - [MESSAGE][PASSED] - Keys '*' sent to object: 'Object Repository/ADMIN/Edit Text/Bespoke/Seller Pages/Onboarding_Settings/textarea_For each transaction that is made through the marketplace there will be a seller transaction fee of'

2020-03-20 10:35:48 - [TEST_STEP][PASSED] - sendKeys(findTestObject("ADMIN/Edit Text/Bespoke/Seller Pages/Onboarding_Settings/input_NEXT_btn_next"), "*"): Keys '*' sent to object: 'Object Repository/ADMIN/Edit Text/Bespoke/Seller Pages/Onboarding_Settings/input_NEXT_btn_next'

2020-03-20 10:35:48 - [MESSAGE][PASSED] - Keys '*' sent to object: 'Object Repository/ADMIN/Edit Text/Bespoke/Seller Pages/Onboarding_Settings/input_NEXT_btn_next'

2020-03-20 10:35:48 - [TEST_STEP][PASSED] - sendKeys(findTestObject("ADMIN/Edit Text/Bespoke/Seller Pages/Onboarding_Settings/input_ADDRESS_tab-title"), "*"): Keys '*' sent to object: 'Object Repository/ADMIN/Edit Text/Bespoke/Seller Pages/Onboarding_Settings/input_ADDRESS_tab-title'

2020-03-20 10:35:48 - [MESSAGE][PASSED] - Keys '*' sent to object: 'Object Repository/ADMIN/Edit Text/Bespoke/Seller Pages/Onboarding_Settings/input_ADDRESS_tab-title'

2020-03-20 10:35:48 - [TEST_STEP][PASSED] - sendKeys(findTestObject("ADMIN/Edit Text/Bespoke/Seller Pages/Onboarding_Settings/input_NEW DELIVERY ADDRESS_new-delivery-address"), "*"): Keys '*' sent to object: 'Object Repository/ADMIN/Edit Text/Bespoke/Seller Pages/Onboarding_Settings/input_NEW DELIVERY ADDRESS_new-delivery-address'

2020-03-20 10:35:48 - [MESSAGE][PASSED] - Keys '*' sent to object: 'Object Repository/ADMIN/Edit Text/Bespoke/Seller Pages/Onboarding_Settings/input_NEW DELIVERY ADDRESS_new-delivery-address'

2020-03-20 10:35:48 - [TEST_STEP][PASSED] - sendKeys(findTestObject("ADMIN/Edit Text/Bespoke/Seller Pages/Onboarding_Settings/input_ADDRESSEE FIRST NAME_addressee-first-name"), "*"): Keys '*' sent to object: 'Object Repository/ADMIN/Edit Text/Bespoke/Seller Pages/Onboarding_Settings/input_ADDRESSEE FIRST NAME_addressee-first-name'

2020-03-20 10:35:48 - [MESSAGE][PASSED] - Keys '*' sent to object: 'Object Repository/ADMIN/Edit Text/Bespoke/Seller Pages/Onboarding_Settings/input_ADDRESSEE FIRST NAME_addressee-first-name'

2020-03-20 10:35:48 - [TEST_STEP][PASSED] - sendKeys(findTestObject("ADMIN/Edit Text/Bespoke/Seller Pages/Onboarding_Settings/input_ADDRESSEE LAST NAME_addressee-last-name"), "*"): Keys '*' sent to object: 'Object Repository/ADMIN/Edit Text/Bespoke/Seller Pages/Onboarding_Settings/input_ADDRESSEE LAST NAME_addressee-last-name'

2020-03-20 10:35:49 - [MESSAGE][PASSED] - Keys '*' sent to object: 'Object Repository/ADMIN/Edit Text/Bespoke/Seller Pages/Onboarding_Settings/input_ADDRESSEE LAST NAME_addressee-last-name'

2020-03-20 10:35:49 - [TEST_STEP][PASSED] - sendKeys(findTestObject("ADMIN/Edit Text/Bespoke/Seller Pages/Onboarding_Settings/input_ADDRESS_address"), "*"): Keys '*' sent to object: 'Object Repository/ADMIN/Edit Text/Bespoke/Seller Pages/Onboarding_Settings/input_ADDRESS_address'

2020-03-20 10:35:49 - [MESSAGE][PASSED] - Keys '*' sent to object: 'Object Repository/ADMIN/Edit Text/Bespoke/Seller Pages/Onboarding_Settings/input_ADDRESS_address'

2020-03-20 10:35:49 - [TEST_STEP][PASSED] - sendKeys(findTestObject("ADMIN/Edit Text/Bespoke/Seller Pages/Onboarding_Settings/input_SELECT COUNTRY_select-country"), "*"): Keys '*' sent to object: 'Object Repository/ADMIN/Edit Text/Bespoke/Seller Pages/Onboarding_Settings/input_SELECT COUNTRY_select-country'

2020-03-20 10:35:49 - [MESSAGE][PASSED] - Keys '*' sent to object: 'Object Repository/ADMIN/Edit Text/Bespoke/Seller Pages/Onboarding_Settings/input_SELECT COUNTRY_select-country'

2020-03-20 10:35:49 - [TEST_STEP][PASSED] - sendKeys(findTestObject("ADMIN/Edit Text/Bespoke/Seller Pages/Onboarding_Settings/input_COUNTRY_address-country"), "*"): Keys '*' sent to object: 'Object Repository/ADMIN/Edit Text/Bespoke/Seller Pages/Onboarding_Settings/input_COUNTRY_address-country'

2020-03-20 10:35:49 - [MESSAGE][PASSED] - Keys '*' sent to object: 'Object Repository/ADMIN/Edit Text/Bespoke/Seller Pages/Onboarding_Settings/input_COUNTRY_address-country'

2020-03-20 10:35:49 - [TEST_STEP][PASSED] - sendKeys(findTestObject("ADMIN/Edit Text/Bespoke/Seller Pages/Onboarding_Settings/input_STATE_address-state"), "*"): Keys '*' sent to object: 'Object Repository/ADMIN/Edit Text/Bespoke/Seller Pages/Onboarding_Settings/input_STATE_address-state'

2020-03-20 10:35:49 - [MESSAGE][PASSED] - Keys '*' sent to object: 'Object Repository/ADMIN/Edit Text/Bespoke/Seller Pages/Onboarding_Settings/input_STATE_address-state'

2020-03-20 10:35:49 - [TEST_STEP][PASSED] - sendKeys(findTestObject("ADMIN/Edit Text/Bespoke/Seller Pages/Onboarding_Settings/input_CITY_address-city"), "*"): Keys '*' sent to object: 'Object Repository/ADMIN/Edit Text/Bespoke/Seller Pages/Onboarding_Settings/input_CITY_address-city'

2020-03-20 10:35:49 - [MESSAGE][PASSED] - Keys '*' sent to object: 'Object Repository/ADMIN/Edit Text/Bespoke/Seller Pages/Onboarding_Settings/input_CITY_address-city'

2020-03-20 10:35:49 - [TEST_STEP][PASSED] - sendKeys(findTestObject("ADMIN/Edit Text/Bespoke/Seller Pages/Onboarding_Settings/input_POSTAL CODE_address-postalcode"), "*"): Keys '*' sent to object: 'Object Repository/ADMIN/Edit Text/Bespoke/Seller Pages/Onboarding_Settings/input_POSTAL CODE_address-postalcode'

2020-03-20 10:35:49 - [MESSAGE][PASSED] - Keys '*' sent to object: 'Object Repository/ADMIN/Edit Text/Bespoke/Seller Pages/Onboarding_Settings/input_POSTAL CODE_address-postalcode'

2020-03-20 10:35:49 - [TEST_STEP][PASSED] - sendKeys(findTestObject("ADMIN/Edit Text/Bespoke/Seller Pages/Onboarding_Settings/input_ADD ADDRESS_btn_add"), "*"): Keys '*' sent to object: 'Object Repository/ADMIN/Edit Text/Bespoke/Seller Pages/Onboarding_Settings/input_ADD ADDRESS_btn_add'

2020-03-20 10:35:50 - [MESSAGE][PASSED] - Keys '*' sent to object: 'Object Repository/ADMIN/Edit Text/Bespoke/Seller Pages/Onboarding_Settings/input_ADD ADDRESS_btn_add'

2020-03-20 10:35:50 - [TEST_STEP][PASSED] - sendKeys(findTestObject("ADMIN/Edit Text/Bespoke/Seller Pages/Onboarding_Settings/input_SAVED ADDRESSES_address-saved"), "*"): Keys '*' sent to object: 'Object Repository/ADMIN/Edit Text/Bespoke/Seller Pages/Onboarding_Settings/input_SAVED ADDRESSES_address-saved'

2020-03-20 10:35:50 - [MESSAGE][PASSED] - Keys '*' sent to object: 'Object Repository/ADMIN/Edit Text/Bespoke/Seller Pages/Onboarding_Settings/input_SAVED ADDRESSES_address-saved'

2020-03-20 10:35:50 - [TEST_STEP][PASSED] - sendKeys(findTestObject("ADMIN/Edit Text/Bespoke/Seller Pages/Onboarding_Settings/input_Next_btn_next (1)"), "*"): Keys '*' sent to object: 'Object Repository/ADMIN/Edit Text/Bespoke/Seller Pages/Onboarding_Settings/input_Next_btn_next (1)'

2020-03-20 10:35:50 - [MESSAGE][PASSED] - Keys '*' sent to object: 'Object Repository/ADMIN/Edit Text/Bespoke/Seller Pages/Onboarding_Settings/input_Next_btn_next (1)'

2020-03-20 10:35:50 - [TEST_STEP][PASSED] - sendKeys(findTestObject("ADMIN/Edit Text/Bespoke/Seller Pages/Onboarding_Settings/input_PAYMENT ACCEPTANCE_tan-title"), "*"): Keys '*' sent to object: 'Object Repository/ADMIN/Edit Text/Bespoke/Seller Pages/Onboarding_Settings/input_PAYMENT ACCEPTANCE_tan-title'

2020-03-20 10:35:50 - [MESSAGE][PASSED] - Keys '*' sent to object: 'Object Repository/ADMIN/Edit Text/Bespoke/Seller Pages/Onboarding_Settings/input_PAYMENT ACCEPTANCE_tan-title'

2020-03-20 10:35:50 - [TEST_STEP][PASSED] - sendKeys(findTestObject("ADMIN/Edit Text/Bespoke/Seller Pages/Onboarding_Settings/input_PAYMENT METHOD_payment_method"), "*"): Keys '*' sent to object: 'Object Repository/ADMIN/Edit Text/Bespoke/Seller Pages/Onboarding_Settings/input_PAYMENT METHOD_payment_method'

2020-03-20 10:35:50 - [MESSAGE][PASSED] - Keys '*' sent to object: 'Object Repository/ADMIN/Edit Text/Bespoke/Seller Pages/Onboarding_Settings/input_PAYMENT METHOD_payment_method'

2020-03-20 10:35:50 - [TEST_STEP][PASSED] - sendKeys(findTestObject("ADMIN/Edit Text/Bespoke/Seller Pages/Onboarding_Settings/input_Select your preferred payment method_select_payment_method"), "*"): Keys '*' sent to object: 'Object Repository/ADMIN/Edit Text/Bespoke/Seller Pages/Onboarding_Settings/input_Select your preferred payment method_select_payment_method'

2020-03-20 10:35:50 - [MESSAGE][PASSED] - Keys '*' sent to object: 'Object Repository/ADMIN/Edit Text/Bespoke/Seller Pages/Onboarding_Settings/input_Select your preferred payment method_select_payment_method'

2020-03-20 10:35:50 - [TEST_STEP][PASSED] - sendKeys(findTestObject("ADMIN/Edit Text/Bespoke/Seller Pages/Onboarding_Settings/input_LINK ACCOUNT_btn_link_account"), "*"): Keys '*' sent to object: 'Object Repository/ADMIN/Edit Text/Bespoke/Seller Pages/Onboarding_Settings/input_LINK ACCOUNT_btn_link_account'

2020-03-20 10:35:50 - [MESSAGE][PASSED] - Keys '*' sent to object: 'Object Repository/ADMIN/Edit Text/Bespoke/Seller Pages/Onboarding_Settings/input_LINK ACCOUNT_btn_link_account'

2020-03-20 10:35:50 - [TEST_STEP][PASSED] - sendKeys(findTestObject("ADMIN/Edit Text/Bespoke/Seller Pages/Onboarding_Settings/input_VERIFIED_verified"), "*"): Keys '*' sent to object: 'Object Repository/ADMIN/Edit Text/Bespoke/Seller Pages/Onboarding_Settings/input_VERIFIED_verified'

2020-03-20 10:35:51 - [MESSAGE][PASSED] - Keys '*' sent to object: 'Object Repository/ADMIN/Edit Text/Bespoke/Seller Pages/Onboarding_Settings/input_VERIFIED_verified'

2020-03-20 10:35:51 - [TEST_STEP][PASSED] - sendKeys(findTestObject("ADMIN/Edit Text/Bespoke/Seller Pages/Onboarding_Settings/input_This payment method is compulsory_this_method_compulsory"), "*"): Keys '*' sent to object: 'Object Repository/ADMIN/Edit Text/Bespoke/Seller Pages/Onboarding_Settings/input_This payment method is compulsory_this_method_compulsory'

2020-03-20 10:35:51 - [MESSAGE][PASSED] - Keys '*' sent to object: 'Object Repository/ADMIN/Edit Text/Bespoke/Seller Pages/Onboarding_Settings/input_This payment method is compulsory_this_method_compulsory'

2020-03-20 10:35:51 - [TEST_STEP][PASSED] - sendKeys(findTestObject("ADMIN/Edit Text/Bespoke/Seller Pages/Onboarding_Settings/input_No account linked yet_no-account-linked"), "*"): Keys '*' sent to object: 'Object Repository/ADMIN/Edit Text/Bespoke/Seller Pages/Onboarding_Settings/input_No account linked yet_no-account-linked'

2020-03-20 10:35:51 - [MESSAGE][PASSED] - Keys '*' sent to object: 'Object Repository/ADMIN/Edit Text/Bespoke/Seller Pages/Onboarding_Settings/input_No account linked yet_no-account-linked'

2020-03-20 10:35:51 - [TEST_STEP][PASSED] - sendKeys(findTestObject("ADMIN/Edit Text/Bespoke/Seller Pages/Onboarding_Settings/input_next3"), "*"): Keys '*' sent to object: 'Object Repository/ADMIN/Edit Text/Bespoke/Seller Pages/Onboarding_Settings/input_next3'

2020-03-20 10:35:51 - [MESSAGE][PASSED] - Keys '*' sent to object: 'Object Repository/ADMIN/Edit Text/Bespoke/Seller Pages/Onboarding_Settings/input_next3'

2020-03-20 10:35:51 - [TEST_STEP][PASSED] - sendKeys(findTestObject("ADMIN/Edit Text/Bespoke/Seller Pages/Onboarding_Settings/input_DELIVERY METHODS_tab-title1"), "*"): Keys '*' sent to object: 'Object Repository/ADMIN/Edit Text/Bespoke/Seller Pages/Onboarding_Settings/input_DELIVERY METHODS_tab-title1'

2020-03-20 10:35:51 - [MESSAGE][PASSED] - Keys '*' sent to object: 'Object Repository/ADMIN/Edit Text/Bespoke/Seller Pages/Onboarding_Settings/input_DELIVERY METHODS_tab-title1'

2020-03-20 10:35:51 - [TEST_STEP][PASSED] - sendKeys(findTestObject("ADMIN/Edit Text/Bespoke/Seller Pages/Onboarding_Settings/input_DELIVERY OPTIONS_delivery-option"), "*"): Keys '*' sent to object: 'Object Repository/ADMIN/Edit Text/Bespoke/Seller Pages/Onboarding_Settings/input_DELIVERY OPTIONS_delivery-option'

2020-03-20 10:35:51 - [MESSAGE][PASSED] - Keys '*' sent to object: 'Object Repository/ADMIN/Edit Text/Bespoke/Seller Pages/Onboarding_Settings/input_DELIVERY OPTIONS_delivery-option'

2020-03-20 10:35:51 - [TEST_STEP][PASSED] - sendKeys(findTestObject("ADMIN/Edit Text/Bespoke/Seller Pages/Onboarding_Settings/input_DELIVERY OPTIONS_delivery-txt2"), "*"): Keys '*' sent to object: 'Object Repository/ADMIN/Edit Text/Bespoke/Seller Pages/Onboarding_Settings/input_DELIVERY OPTIONS_delivery-txt2'

2020-03-20 10:35:52 - [MESSAGE][PASSED] - Keys '*' sent to object: 'Object Repository/ADMIN/Edit Text/Bespoke/Seller Pages/Onboarding_Settings/input_DELIVERY OPTIONS_delivery-txt2'

2020-03-20 10:35:52 - [TEST_STEP][PASSED] - sendKeys(findTestObject("ADMIN/Edit Text/Bespoke/Seller Pages/Onboarding_Settings/input_DELIVERY SERVICE_delivery-service"), "*"): Keys '*' sent to object: 'Object Repository/ADMIN/Edit Text/Bespoke/Seller Pages/Onboarding_Settings/input_DELIVERY SERVICE_delivery-service'

2020-03-20 10:35:52 - [MESSAGE][PASSED] - Keys '*' sent to object: 'Object Repository/ADMIN/Edit Text/Bespoke/Seller Pages/Onboarding_Settings/input_DELIVERY SERVICE_delivery-service'

2020-03-20 10:35:52 - [TEST_STEP][PASSED] - sendKeys(findTestObject("ADMIN/Edit Text/Bespoke/Seller Pages/Onboarding_Settings/input_SINGLE ITEM DELIVERY (A)_single-item-delivery"), "*"): Keys '*' sent to object: 'Object Repository/ADMIN/Edit Text/Bespoke/Seller Pages/Onboarding_Settings/input_SINGLE ITEM DELIVERY (A)_single-item-delivery'

2020-03-20 10:35:52 - [MESSAGE][PASSED] - Keys '*' sent to object: 'Object Repository/ADMIN/Edit Text/Bespoke/Seller Pages/Onboarding_Settings/input_SINGLE ITEM DELIVERY (A)_single-item-delivery'

2020-03-20 10:35:52 - [TEST_STEP][PASSED] - sendKeys(findTestObject("ADMIN/Edit Text/Bespoke/Seller Pages/Onboarding_Settings/input_WITH OTHER ITEM (B)_with-other-item"), "*"): Keys '*' sent to object: 'Object Repository/ADMIN/Edit Text/Bespoke/Seller Pages/Onboarding_Settings/input_WITH OTHER ITEM (B)_with-other-item'

2020-03-20 10:35:52 - [MESSAGE][PASSED] - Keys '*' sent to object: 'Object Repository/ADMIN/Edit Text/Bespoke/Seller Pages/Onboarding_Settings/input_WITH OTHER ITEM (B)_with-other-item'

2020-03-20 10:35:52 - [TEST_STEP][PASSED] - sendKeys(findTestObject("ADMIN/Edit Text/Bespoke/Seller Pages/Onboarding_Settings/input_ADD_btn_add"), "*"): Keys '*' sent to object: 'Object Repository/ADMIN/Edit Text/Bespoke/Seller Pages/Onboarding_Settings/input_ADD_btn_add'

2020-03-20 10:35:52 - [MESSAGE][PASSED] - Keys '*' sent to object: 'Object Repository/ADMIN/Edit Text/Bespoke/Seller Pages/Onboarding_Settings/input_ADD_btn_add'

2020-03-20 10:35:52 - [TEST_STEP][PASSED] - sendKeys(findTestObject("ADMIN/Edit Text/Bespoke/Seller Pages/Onboarding_Settings/input_PICK-UP LOCATIONS_pick-up-option"), "*"): Keys '*' sent to object: 'Object Repository/ADMIN/Edit Text/Bespoke/Seller Pages/Onboarding_Settings/input_PICK-UP LOCATIONS_pick-up-option'

2020-03-20 10:35:52 - [MESSAGE][PASSED] - Keys '*' sent to object: 'Object Repository/ADMIN/Edit Text/Bespoke/Seller Pages/Onboarding_Settings/input_PICK-UP LOCATIONS_pick-up-option'

2020-03-20 10:35:52 - [TEST_STEP][PASSED] - sendKeys(findTestObject("ADMIN/Edit Text/Bespoke/Seller Pages/Onboarding_Settings/textarea_Define the full address where the buyer can pick up from (You must have at least a delivery option or a pick-up location selected)"), "*"): Keys '*' sent to object: 'Object Repository/ADMIN/Edit Text/Bespoke/Seller Pages/Onboarding_Settings/textarea_Define the full address where the buyer can pick up from (You must have at least a delivery option or a pick-up location selected)'

2020-03-20 10:35:52 - [MESSAGE][PASSED] - Keys '*' sent to object: 'Object Repository/ADMIN/Edit Text/Bespoke/Seller Pages/Onboarding_Settings/textarea_Define the full address where the buyer can pick up from (You must have at least a delivery option or a pick-up location selected)'

2020-03-20 10:35:52 - [TEST_STEP][PASSED] - sendKeys(findTestObject("ADMIN/Edit Text/Bespoke/Seller Pages/Onboarding_Settings/input_Offer reduced shipping costs to buyers when they buy more than one item from you_delivery-txt2"), "*"): Keys '*' sent to object: 'Object Repository/ADMIN/Edit Text/Bespoke/Seller Pages/Onboarding_Settings/input_Offer reduced shipping costs to buyers when they buy more than one item from you_delivery-txt2'

2020-03-20 10:35:53 - [MESSAGE][PASSED] - Keys '*' sent to object: 'Object Repository/ADMIN/Edit Text/Bespoke/Seller Pages/Onboarding_Settings/input_Offer reduced shipping costs to buyers when they buy more than one item from you_delivery-txt2'

2020-03-20 10:35:53 - [TEST_STEP][PASSED] - sendKeys(findTestObject("ADMIN/Edit Text/Bespoke/Seller Pages/Onboarding_Settings/input_total delivery"), "*"): Keys '*' sent to object: 'Object Repository/ADMIN/Edit Text/Bespoke/Seller Pages/Onboarding_Settings/input_total delivery'

2020-03-20 10:35:53 - [MESSAGE][PASSED] - Keys '*' sent to object: 'Object Repository/ADMIN/Edit Text/Bespoke/Seller Pages/Onboarding_Settings/input_total delivery'

2020-03-20 10:35:53 - [TEST_STEP][PASSED] - sendKeys(findTestObject("ADMIN/Edit Text/Bespoke/Seller Pages/Onboarding_Settings/input_add1"), "*"): Keys '*' sent to object: 'Object Repository/ADMIN/Edit Text/Bespoke/Seller Pages/Onboarding_Settings/input_add1'

2020-03-20 10:35:53 - [MESSAGE][PASSED] - Keys '*' sent to object: 'Object Repository/ADMIN/Edit Text/Bespoke/Seller Pages/Onboarding_Settings/input_add1'

2020-03-20 10:35:53 - [TEST_STEP][PASSED] - sendKeys(findTestObject("ADMIN/Edit Text/Bespoke/Seller Pages/Onboarding_Settings/input_PICK-UP LOCATION ADDRESS_pick-up-address"), "*"): Keys '*' sent to object: 'Object Repository/ADMIN/Edit Text/Bespoke/Seller Pages/Onboarding_Settings/input_PICK-UP LOCATION ADDRESS_pick-up-address'

2020-03-20 10:35:53 - [MESSAGE][PASSED] - Keys '*' sent to object: 'Object Repository/ADMIN/Edit Text/Bespoke/Seller Pages/Onboarding_Settings/input_PICK-UP LOCATION ADDRESS_pick-up-address'

2020-03-20 10:35:53 - [TEST_STEP][PASSED] - sendKeys(findTestObject("ADMIN/Edit Text/Bespoke/Seller Pages/Onboarding_Settings/input_SAVE_btn_save"), "*"): Keys '*' sent to object: 'Object Repository/ADMIN/Edit Text/Bespoke/Seller Pages/Onboarding_Settings/input_SAVE_btn_save'

2020-03-20 10:35:53 - [MESSAGE][PASSED] - Keys '*' sent to object: 'Object Repository/ADMIN/Edit Text/Bespoke/Seller Pages/Onboarding_Settings/input_SAVE_btn_save'

2020-03-20 10:35:53 - [TEST_STEP][PASSED] - sendKeys(findTestObject("ADMIN/Edit Text/Bespoke/Seller Pages/Onboarding_Settings/input_Are you sure want to delete_popup-title"), "*"): Keys '*' sent to object: 'Object Repository/ADMIN/Edit Text/Bespoke/Seller Pages/Onboarding_Settings/input_Are you sure want to delete_popup-title'

2020-03-20 10:35:53 - [MESSAGE][PASSED] - Keys '*' sent to object: 'Object Repository/ADMIN/Edit Text/Bespoke/Seller Pages/Onboarding_Settings/input_Are you sure want to delete_popup-title'

2020-03-20 10:35:53 - [TEST_STEP][PASSED] - sendKeys(findTestObject("ADMIN/Edit Text/Bespoke/Seller Pages/Onboarding_Settings/input_CANCEL_btn_cancel"), "*"): Keys '*' sent to object: 'Object Repository/ADMIN/Edit Text/Bespoke/Seller Pages/Onboarding_Settings/input_CANCEL_btn_cancel'

2020-03-20 10:35:53 - [MESSAGE][PASSED] - Keys '*' sent to object: 'Object Repository/ADMIN/Edit Text/Bespoke/Seller Pages/Onboarding_Settings/input_CANCEL_btn_cancel'

2020-03-20 10:35:53 - [TEST_STEP][PASSED] - sendKeys(findTestObject("ADMIN/Edit Text/Bespoke/Seller Pages/Onboarding_Settings/input_Okay_btn_okay"), "*"): Keys '*' sent to object: 'Object Repository/ADMIN/Edit Text/Bespoke/Seller Pages/Onboarding_Settings/input_Okay_btn_okay'

2020-03-20 10:35:53 - [MESSAGE][PASSED] - Keys '*' sent to object: 'Object Repository/ADMIN/Edit Text/Bespoke/Seller Pages/Onboarding_Settings/input_Okay_btn_okay'

2020-03-20 10:35:53 - [TEST_STEP][PASSED] - sendKeys(findTestObject("ADMIN/Edit Text/Bespoke/Seller Pages/Onboarding_Settings/input_REMOVE ITEM_popup-title"), "*"): Keys '*' sent to object: 'Object Repository/ADMIN/Edit Text/Bespoke/Seller Pages/Onboarding_Settings/input_REMOVE ITEM_popup-title'

2020-03-20 10:35:54 - [MESSAGE][PASSED] - Keys '*' sent to object: 'Object Repository/ADMIN/Edit Text/Bespoke/Seller Pages/Onboarding_Settings/input_REMOVE ITEM_popup-title'

2020-03-20 10:35:54 - [TEST_STEP][PASSED] - sendKeys(findTestObject("ADMIN/Edit Text/Bespoke/Seller Pages/Onboarding_Settings/input_concat(Are you sure about removing this item from your list (It  ll be gone forever))_popup-title"), "*"): Keys '*' sent to object: 'Object Repository/ADMIN/Edit Text/Bespoke/Seller Pages/Onboarding_Settings/input_concat(Are you sure about removing this item from your list (It  ll be gone forever))_popup-title'

2020-03-20 10:35:54 - [MESSAGE][PASSED] - Keys '*' sent to object: 'Object Repository/ADMIN/Edit Text/Bespoke/Seller Pages/Onboarding_Settings/input_concat(Are you sure about removing this item from your list (It  ll be gone forever))_popup-title'

2020-03-20 10:35:54 - [TEST_STEP][PASSED] - sendKeys(findTestObject("ADMIN/Edit Text/Bespoke/Seller Pages/Onboarding_Settings/input_CANCEL_btn_cancel2"), "*"): Keys '*' sent to object: 'Object Repository/ADMIN/Edit Text/Bespoke/Seller Pages/Onboarding_Settings/input_CANCEL_btn_cancel2'

2020-03-20 10:35:54 - [MESSAGE][PASSED] - Keys '*' sent to object: 'Object Repository/ADMIN/Edit Text/Bespoke/Seller Pages/Onboarding_Settings/input_CANCEL_btn_cancel2'

2020-03-20 10:35:54 - [TEST_STEP][PASSED] - sendKeys(findTestObject("ADMIN/Edit Text/Bespoke/Seller Pages/Onboarding_Settings/input_Okay_btn_okay2"), "*"): Keys '*' sent to object: 'Object Repository/ADMIN/Edit Text/Bespoke/Seller Pages/Onboarding_Settings/input_Okay_btn_okay2'

2020-03-20 10:35:54 - [MESSAGE][PASSED] - Keys '*' sent to object: 'Object Repository/ADMIN/Edit Text/Bespoke/Seller Pages/Onboarding_Settings/input_Okay_btn_okay2'

2020-03-20 10:35:54 - [TEST_STEP][PASSED] - sendKeys(findTestObject("ADMIN/Edit Text/Bespoke/Seller Pages/Onboarding_Settings/input_Back_tab-title"), "*"): Keys '*' sent to object: 'Object Repository/ADMIN/Edit Text/Bespoke/Seller Pages/Onboarding_Settings/input_Back_tab-title'

2020-03-20 10:35:54 - [MESSAGE][PASSED] - Keys '*' sent to object: 'Object Repository/ADMIN/Edit Text/Bespoke/Seller Pages/Onboarding_Settings/input_Back_tab-title'

2020-03-20 10:35:54 - [TEST_STEP][PASSED] - sendKeys(findTestObject("ADMIN/Edit Text/Bespoke/Seller Pages/Onboarding_Settings/input_ACCOUNT CONFIGURATION_tab-title"), "*"): Keys '*' sent to object: 'Object Repository/ADMIN/Edit Text/Bespoke/Seller Pages/Onboarding_Settings/input_ACCOUNT CONFIGURATION_tab-title'

2020-03-20 10:35:54 - [MESSAGE][PASSED] - Keys '*' sent to object: 'Object Repository/ADMIN/Edit Text/Bespoke/Seller Pages/Onboarding_Settings/input_ACCOUNT CONFIGURATION_tab-title'

2020-03-20 10:35:54 - [TEST_STEP][PASSED] - sendKeys(findTestObject("ADMIN/Edit Text/Bespoke/Seller Pages/Onboarding_Settings/textarea_Your details entered here will be saved and verified by Omise Money you earn from your sales will be accredited to your bank account directly"), "*"): Keys '*' sent to object: 'Object Repository/ADMIN/Edit Text/Bespoke/Seller Pages/Onboarding_Settings/textarea_Your details entered here will be saved and verified by Omise Money you earn from your sales will be accredited to your bank account directly'

2020-03-20 10:35:54 - [MESSAGE][PASSED] - Keys '*' sent to object: 'Object Repository/ADMIN/Edit Text/Bespoke/Seller Pages/Onboarding_Settings/textarea_Your details entered here will be saved and verified by Omise Money you earn from your sales will be accredited to your bank account directly'

2020-03-20 10:35:54 - [TEST_STEP][PASSED] - sendKeys(findTestObject("ADMIN/Edit Text/Bespoke/Seller Pages/Onboarding_Settings/input_TYPE_tab-title"), "*"): Keys '*' sent to object: 'Object Repository/ADMIN/Edit Text/Bespoke/Seller Pages/Onboarding_Settings/input_TYPE_tab-title'

2020-03-20 10:35:54 - [MESSAGE][PASSED] - Keys '*' sent to object: 'Object Repository/ADMIN/Edit Text/Bespoke/Seller Pages/Onboarding_Settings/input_TYPE_tab-title'

2020-03-20 10:35:54 - [TEST_STEP][PASSED] - sendKeys(findTestObject("ADMIN/Edit Text/Bespoke/Seller Pages/Onboarding_Settings/input_Tax identification number (optional)_tab-title"), "*"): Keys '*' sent to object: 'Object Repository/ADMIN/Edit Text/Bespoke/Seller Pages/Onboarding_Settings/input_Tax identification number (optional)_tab-title'

2020-03-20 10:35:54 - [MESSAGE][PASSED] - Keys '*' sent to object: 'Object Repository/ADMIN/Edit Text/Bespoke/Seller Pages/Onboarding_Settings/input_Tax identification number (optional)_tab-title'

2020-03-20 10:35:54 - [TEST_STEP][PASSED] - sendKeys(findTestObject("ADMIN/Edit Text/Bespoke/Seller Pages/Onboarding_Settings/input_Individual_tab-title"), "*"): Keys '*' sent to object: 'Object Repository/ADMIN/Edit Text/Bespoke/Seller Pages/Onboarding_Settings/input_Individual_tab-title'

2020-03-20 10:35:55 - [MESSAGE][PASSED] - Keys '*' sent to object: 'Object Repository/ADMIN/Edit Text/Bespoke/Seller Pages/Onboarding_Settings/input_Individual_tab-title'

2020-03-20 10:35:55 - [TEST_STEP][PASSED] - sendKeys(findTestObject("ADMIN/Edit Text/Bespoke/Seller Pages/Onboarding_Settings/input_Corporate_tab-title"), "*"): Keys '*' sent to object: 'Object Repository/ADMIN/Edit Text/Bespoke/Seller Pages/Onboarding_Settings/input_Corporate_tab-title'

2020-03-20 10:35:55 - [MESSAGE][PASSED] - Keys '*' sent to object: 'Object Repository/ADMIN/Edit Text/Bespoke/Seller Pages/Onboarding_Settings/input_Corporate_tab-title'

2020-03-20 10:35:55 - [TEST_STEP][PASSED] - sendKeys(findTestObject("ADMIN/Edit Text/Bespoke/Seller Pages/Onboarding_Settings/input_Bank  branch code_tab-title"), "*"): Keys '*' sent to object: 'Object Repository/ADMIN/Edit Text/Bespoke/Seller Pages/Onboarding_Settings/input_Bank  branch code_tab-title'

2020-03-20 10:35:55 - [MESSAGE][PASSED] - Keys '*' sent to object: 'Object Repository/ADMIN/Edit Text/Bespoke/Seller Pages/Onboarding_Settings/input_Bank  branch code_tab-title'

2020-03-20 10:35:55 - [TEST_STEP][PASSED] - sendKeys(findTestObject("ADMIN/Edit Text/Bespoke/Seller Pages/Onboarding_Settings/input_Bank account number_tab-title"), "*"): Keys '*' sent to object: 'Object Repository/ADMIN/Edit Text/Bespoke/Seller Pages/Onboarding_Settings/input_Bank account number_tab-title'

2020-03-20 10:35:55 - [MESSAGE][PASSED] - Keys '*' sent to object: 'Object Repository/ADMIN/Edit Text/Bespoke/Seller Pages/Onboarding_Settings/input_Bank account number_tab-title'

2020-03-20 10:35:55 - [TEST_STEP][PASSED] - sendKeys(findTestObject("ADMIN/Edit Text/Bespoke/Seller Pages/Onboarding_Settings/input_Bank account name_tab-title"), "*"): Keys '*' sent to object: 'Object Repository/ADMIN/Edit Text/Bespoke/Seller Pages/Onboarding_Settings/input_Bank account name_tab-title'

2020-03-20 10:35:55 - [MESSAGE][PASSED] - Keys '*' sent to object: 'Object Repository/ADMIN/Edit Text/Bespoke/Seller Pages/Onboarding_Settings/input_Bank account name_tab-title'

2020-03-20 10:35:55 - [TEST_STEP][PASSED] - click(findTestObject("ADMIN/Edit Text/Bespoke/Buyer Pages/Homepage/button_save"), CONTINUE_ON_FAILURE): Object: 'Object Repository/ADMIN/Edit Text/Bespoke/Buyer Pages/Homepage/button_save' is clicked on

2020-03-20 10:35:55 - [MESSAGE][PASSED] - Object: 'Object Repository/ADMIN/Edit Text/Bespoke/Buyer Pages/Homepage/button_save' is clicked on

2020-03-20 10:35:55 - [TEST_STEP][PASSED] - waitForElementVisible(findTestObject("ADMIN/Edit Text/Bespoke/Buyer Pages/Homepage/toaster_success"), 0): Object 'Object Repository/ADMIN/Edit Text/Bespoke/Buyer Pages/Homepage/toaster_success' is visible

2020-03-20 10:35:55 - [MESSAGE][WARNING] - Timeout '0' is invalid. Using default page load timeout: '30'

2020-03-20 10:35:56 - [MESSAGE][PASSED] - Object 'Object Repository/ADMIN/Edit Text/Bespoke/Buyer Pages/Homepage/toaster_success' is visible]]></system-out>
         <system-err><![CDATA[]]></system-err>
      </testcase>
      <testcase name="Test Cases/ADMIN/Language/Edit Text/Bespoke/Seller/Onboarding_Settings" time="11.324" classname="Test Cases/ADMIN/Language/Edit Text/Bespoke/Seller/Onboarding_Settings" status="PASSED">
         <system-out><![CDATA[2020-03-20 10:35:56 - [TEST_CASE][PASSED] - Test Cases/ADMIN/Language/Edit Text/Bespoke/Seller/Onboarding_Settings: Test Cases/ADMIN/Language/Edit Text/Bespoke/Seller/Onboarding_Settings

2020-03-20 10:35:56 - [TEST_STEP][PASSED] - waitForElementVisible(findTestObject("ADMIN/Edit Text/Bespoke/Buyer Navigation/dd_language"), 0): Object 'Object Repository/ADMIN/Edit Text/Bespoke/Buyer Navigation/dd_language' is visible

2020-03-20 10:35:56 - [MESSAGE][WARNING] - Timeout '0' is invalid. Using default page load timeout: '30'

2020-03-20 10:35:56 - [MESSAGE][PASSED] - Object 'Object Repository/ADMIN/Edit Text/Bespoke/Buyer Navigation/dd_language' is visible

2020-03-20 10:35:56 - [TEST_STEP][PASSED] - selectOptionByLabel(findTestObject("ADMIN/Edit Text/Bespoke/Buyer Navigation/dd_language"), varLanguage, false): All options with label 'Japanese' are selected in object 'Object Repository/ADMIN/Edit Text/Bespoke/Buyer Navigation/dd_language' 

2020-03-20 10:35:57 - [MESSAGE][PASSED] - All options with label 'Japanese' are selected in object 'Object Repository/ADMIN/Edit Text/Bespoke/Buyer Navigation/dd_language' 

2020-03-20 10:35:57 - [TEST_STEP][PASSED] - sendKeys(findTestObject("ADMIN/Edit Text/Bespoke/Seller Pages/Onboarding_Settings/input_USER SETTINGS_marketplace-name"), "*"): Keys '*' sent to object: 'Object Repository/ADMIN/Edit Text/Bespoke/Seller Pages/Onboarding_Settings/input_USER SETTINGS_marketplace-name'

2020-03-20 10:35:57 - [MESSAGE][PASSED] - Keys '*' sent to object: 'Object Repository/ADMIN/Edit Text/Bespoke/Seller Pages/Onboarding_Settings/input_USER SETTINGS_marketplace-name'

2020-03-20 10:35:57 - [TEST_STEP][PASSED] - sendKeys(findTestObject("ADMIN/Edit Text/Bespoke/Seller Pages/Onboarding_Settings/input_Configure your profile your delivery methods and how you receive payments_item_details"), "*"): Keys '*' sent to object: 'Object Repository/ADMIN/Edit Text/Bespoke/Seller Pages/Onboarding_Settings/input_Configure your profile your delivery methods and how you receive payments_item_details'

2020-03-20 10:35:58 - [MESSAGE][PASSED] - Keys '*' sent to object: 'Object Repository/ADMIN/Edit Text/Bespoke/Seller Pages/Onboarding_Settings/input_Configure your profile your delivery methods and how you receive payments_item_details'

2020-03-20 10:35:58 - [TEST_STEP][PASSED] - sendKeys(findTestObject("ADMIN/Edit Text/Bespoke/Seller Pages/Onboarding_Settings/input_PROFILE_tab-title"), "*"): Keys '*' sent to object: 'Object Repository/ADMIN/Edit Text/Bespoke/Seller Pages/Onboarding_Settings/input_PROFILE_tab-title'

2020-03-20 10:35:58 - [MESSAGE][PASSED] - Keys '*' sent to object: 'Object Repository/ADMIN/Edit Text/Bespoke/Seller Pages/Onboarding_Settings/input_PROFILE_tab-title'

2020-03-20 10:35:58 - [TEST_STEP][PASSED] - sendKeys(findTestObject("ADMIN/Edit Text/Bespoke/Seller Pages/Onboarding_Settings/input_CHANGE_btn_upload"), "*"): Keys '*' sent to object: 'Object Repository/ADMIN/Edit Text/Bespoke/Seller Pages/Onboarding_Settings/input_CHANGE_btn_upload'

2020-03-20 10:35:58 - [MESSAGE][PASSED] - Keys '*' sent to object: 'Object Repository/ADMIN/Edit Text/Bespoke/Seller Pages/Onboarding_Settings/input_CHANGE_btn_upload'

2020-03-20 10:35:58 - [TEST_STEP][PASSED] - sendKeys(findTestObject("ADMIN/Edit Text/Bespoke/Seller Pages/Onboarding_Settings/input_DISPLAY NAME_display-name"), "*"): Keys '*' sent to object: 'Object Repository/ADMIN/Edit Text/Bespoke/Seller Pages/Onboarding_Settings/input_DISPLAY NAME_display-name'

2020-03-20 10:35:58 - [MESSAGE][PASSED] - Keys '*' sent to object: 'Object Repository/ADMIN/Edit Text/Bespoke/Seller Pages/Onboarding_Settings/input_DISPLAY NAME_display-name'

2020-03-20 10:35:58 - [TEST_STEP][PASSED] - sendKeys(findTestObject("ADMIN/Edit Text/Bespoke/Seller Pages/Onboarding_Settings/input_DESCRIPTION_description"), "*"): Keys '*' sent to object: 'Object Repository/ADMIN/Edit Text/Bespoke/Seller Pages/Onboarding_Settings/input_DESCRIPTION_description'

2020-03-20 10:35:58 - [MESSAGE][PASSED] - Keys '*' sent to object: 'Object Repository/ADMIN/Edit Text/Bespoke/Seller Pages/Onboarding_Settings/input_DESCRIPTION_description'

2020-03-20 10:35:58 - [TEST_STEP][PASSED] - sendKeys(findTestObject("ADMIN/Edit Text/Bespoke/Seller Pages/Onboarding_Settings/input_FIRST NAME_first-name"), "*"): Keys '*' sent to object: 'Object Repository/ADMIN/Edit Text/Bespoke/Seller Pages/Onboarding_Settings/input_FIRST NAME_first-name'

2020-03-20 10:35:58 - [MESSAGE][PASSED] - Keys '*' sent to object: 'Object Repository/ADMIN/Edit Text/Bespoke/Seller Pages/Onboarding_Settings/input_FIRST NAME_first-name'

2020-03-20 10:35:58 - [TEST_STEP][PASSED] - sendKeys(findTestObject("ADMIN/Edit Text/Bespoke/Seller Pages/Onboarding_Settings/input_LAST NAME_last-name"), "*"): Keys '*' sent to object: 'Object Repository/ADMIN/Edit Text/Bespoke/Seller Pages/Onboarding_Settings/input_LAST NAME_last-name'

2020-03-20 10:35:58 - [MESSAGE][PASSED] - Keys '*' sent to object: 'Object Repository/ADMIN/Edit Text/Bespoke/Seller Pages/Onboarding_Settings/input_LAST NAME_last-name'

2020-03-20 10:35:58 - [TEST_STEP][PASSED] - sendKeys(findTestObject("ADMIN/Edit Text/Bespoke/Seller Pages/Onboarding_Settings/input_NOTIFICATION EMAIL_notification-email"), "*"): Keys '*' sent to object: 'Object Repository/ADMIN/Edit Text/Bespoke/Seller Pages/Onboarding_Settings/input_NOTIFICATION EMAIL_notification-email'

2020-03-20 10:35:58 - [MESSAGE][PASSED] - Keys '*' sent to object: 'Object Repository/ADMIN/Edit Text/Bespoke/Seller Pages/Onboarding_Settings/input_NOTIFICATION EMAIL_notification-email'

2020-03-20 10:35:58 - [TEST_STEP][PASSED] - sendKeys(findTestObject("ADMIN/Edit Text/Bespoke/Seller Pages/Onboarding_Settings/input_CONTACT NUMBER_contact-number"), "*"): Keys '*' sent to object: 'Object Repository/ADMIN/Edit Text/Bespoke/Seller Pages/Onboarding_Settings/input_CONTACT NUMBER_contact-number'

2020-03-20 10:35:58 - [MESSAGE][PASSED] - Keys '*' sent to object: 'Object Repository/ADMIN/Edit Text/Bespoke/Seller Pages/Onboarding_Settings/input_CONTACT NUMBER_contact-number'

2020-03-20 10:35:58 - [TEST_STEP][PASSED] - sendKeys(findTestObject("ADMIN/Edit Text/Bespoke/Seller Pages/Onboarding_Settings/input_OPENID LOGIN_open-id-login"), "*"): Keys '*' sent to object: 'Object Repository/ADMIN/Edit Text/Bespoke/Seller Pages/Onboarding_Settings/input_OPENID LOGIN_open-id-login'

2020-03-20 10:35:59 - [MESSAGE][PASSED] - Keys '*' sent to object: 'Object Repository/ADMIN/Edit Text/Bespoke/Seller Pages/Onboarding_Settings/input_OPENID LOGIN_open-id-login'

2020-03-20 10:35:59 - [TEST_STEP][PASSED] - sendKeys(findTestObject("ADMIN/Edit Text/Bespoke/Seller Pages/Onboarding_Settings/input_SELLER LOCATION_seller_location"), "*"): Keys '*' sent to object: 'Object Repository/ADMIN/Edit Text/Bespoke/Seller Pages/Onboarding_Settings/input_SELLER LOCATION_seller_location'

2020-03-20 10:35:59 - [MESSAGE][PASSED] - Keys '*' sent to object: 'Object Repository/ADMIN/Edit Text/Bespoke/Seller Pages/Onboarding_Settings/input_SELLER LOCATION_seller_location'

2020-03-20 10:35:59 - [TEST_STEP][PASSED] - sendKeys(findTestObject("ADMIN/Edit Text/Bespoke/Seller Pages/Onboarding_Settings/textarea_For each transaction that is made through the marketplace there will be a seller transaction fee of"), "*"): Keys '*' sent to object: 'Object Repository/ADMIN/Edit Text/Bespoke/Seller Pages/Onboarding_Settings/textarea_For each transaction that is made through the marketplace there will be a seller transaction fee of'

2020-03-20 10:35:59 - [MESSAGE][PASSED] - Keys '*' sent to object: 'Object Repository/ADMIN/Edit Text/Bespoke/Seller Pages/Onboarding_Settings/textarea_For each transaction that is made through the marketplace there will be a seller transaction fee of'

2020-03-20 10:35:59 - [TEST_STEP][PASSED] - sendKeys(findTestObject("ADMIN/Edit Text/Bespoke/Seller Pages/Onboarding_Settings/input_NEXT_btn_next"), "*"): Keys '*' sent to object: 'Object Repository/ADMIN/Edit Text/Bespoke/Seller Pages/Onboarding_Settings/input_NEXT_btn_next'

2020-03-20 10:35:59 - [MESSAGE][PASSED] - Keys '*' sent to object: 'Object Repository/ADMIN/Edit Text/Bespoke/Seller Pages/Onboarding_Settings/input_NEXT_btn_next'

2020-03-20 10:35:59 - [TEST_STEP][PASSED] - sendKeys(findTestObject("ADMIN/Edit Text/Bespoke/Seller Pages/Onboarding_Settings/input_ADDRESS_tab-title"), "*"): Keys '*' sent to object: 'Object Repository/ADMIN/Edit Text/Bespoke/Seller Pages/Onboarding_Settings/input_ADDRESS_tab-title'

2020-03-20 10:35:59 - [MESSAGE][PASSED] - Keys '*' sent to object: 'Object Repository/ADMIN/Edit Text/Bespoke/Seller Pages/Onboarding_Settings/input_ADDRESS_tab-title'

2020-03-20 10:35:59 - [TEST_STEP][PASSED] - sendKeys(findTestObject("ADMIN/Edit Text/Bespoke/Seller Pages/Onboarding_Settings/input_NEW DELIVERY ADDRESS_new-delivery-address"), "*"): Keys '*' sent to object: 'Object Repository/ADMIN/Edit Text/Bespoke/Seller Pages/Onboarding_Settings/input_NEW DELIVERY ADDRESS_new-delivery-address'

2020-03-20 10:35:59 - [MESSAGE][PASSED] - Keys '*' sent to object: 'Object Repository/ADMIN/Edit Text/Bespoke/Seller Pages/Onboarding_Settings/input_NEW DELIVERY ADDRESS_new-delivery-address'

2020-03-20 10:35:59 - [TEST_STEP][PASSED] - sendKeys(findTestObject("ADMIN/Edit Text/Bespoke/Seller Pages/Onboarding_Settings/input_ADDRESSEE FIRST NAME_addressee-first-name"), "*"): Keys '*' sent to object: 'Object Repository/ADMIN/Edit Text/Bespoke/Seller Pages/Onboarding_Settings/input_ADDRESSEE FIRST NAME_addressee-first-name'

2020-03-20 10:36:00 - [MESSAGE][PASSED] - Keys '*' sent to object: 'Object Repository/ADMIN/Edit Text/Bespoke/Seller Pages/Onboarding_Settings/input_ADDRESSEE FIRST NAME_addressee-first-name'

2020-03-20 10:36:00 - [TEST_STEP][PASSED] - sendKeys(findTestObject("ADMIN/Edit Text/Bespoke/Seller Pages/Onboarding_Settings/input_ADDRESSEE LAST NAME_addressee-last-name"), "*"): Keys '*' sent to object: 'Object Repository/ADMIN/Edit Text/Bespoke/Seller Pages/Onboarding_Settings/input_ADDRESSEE LAST NAME_addressee-last-name'

2020-03-20 10:36:00 - [MESSAGE][PASSED] - Keys '*' sent to object: 'Object Repository/ADMIN/Edit Text/Bespoke/Seller Pages/Onboarding_Settings/input_ADDRESSEE LAST NAME_addressee-last-name'

2020-03-20 10:36:00 - [TEST_STEP][PASSED] - sendKeys(findTestObject("ADMIN/Edit Text/Bespoke/Seller Pages/Onboarding_Settings/input_ADDRESS_address"), "*"): Keys '*' sent to object: 'Object Repository/ADMIN/Edit Text/Bespoke/Seller Pages/Onboarding_Settings/input_ADDRESS_address'

2020-03-20 10:36:00 - [MESSAGE][PASSED] - Keys '*' sent to object: 'Object Repository/ADMIN/Edit Text/Bespoke/Seller Pages/Onboarding_Settings/input_ADDRESS_address'

2020-03-20 10:36:00 - [TEST_STEP][PASSED] - sendKeys(findTestObject("ADMIN/Edit Text/Bespoke/Seller Pages/Onboarding_Settings/input_SELECT COUNTRY_select-country"), "*"): Keys '*' sent to object: 'Object Repository/ADMIN/Edit Text/Bespoke/Seller Pages/Onboarding_Settings/input_SELECT COUNTRY_select-country'

2020-03-20 10:36:00 - [MESSAGE][PASSED] - Keys '*' sent to object: 'Object Repository/ADMIN/Edit Text/Bespoke/Seller Pages/Onboarding_Settings/input_SELECT COUNTRY_select-country'

2020-03-20 10:36:00 - [TEST_STEP][PASSED] - sendKeys(findTestObject("ADMIN/Edit Text/Bespoke/Seller Pages/Onboarding_Settings/input_COUNTRY_address-country"), "*"): Keys '*' sent to object: 'Object Repository/ADMIN/Edit Text/Bespoke/Seller Pages/Onboarding_Settings/input_COUNTRY_address-country'

2020-03-20 10:36:00 - [MESSAGE][PASSED] - Keys '*' sent to object: 'Object Repository/ADMIN/Edit Text/Bespoke/Seller Pages/Onboarding_Settings/input_COUNTRY_address-country'

2020-03-20 10:36:00 - [TEST_STEP][PASSED] - sendKeys(findTestObject("ADMIN/Edit Text/Bespoke/Seller Pages/Onboarding_Settings/input_STATE_address-state"), "*"): Keys '*' sent to object: 'Object Repository/ADMIN/Edit Text/Bespoke/Seller Pages/Onboarding_Settings/input_STATE_address-state'

2020-03-20 10:36:00 - [MESSAGE][PASSED] - Keys '*' sent to object: 'Object Repository/ADMIN/Edit Text/Bespoke/Seller Pages/Onboarding_Settings/input_STATE_address-state'

2020-03-20 10:36:00 - [TEST_STEP][PASSED] - sendKeys(findTestObject("ADMIN/Edit Text/Bespoke/Seller Pages/Onboarding_Settings/input_CITY_address-city"), "*"): Keys '*' sent to object: 'Object Repository/ADMIN/Edit Text/Bespoke/Seller Pages/Onboarding_Settings/input_CITY_address-city'

2020-03-20 10:36:00 - [MESSAGE][PASSED] - Keys '*' sent to object: 'Object Repository/ADMIN/Edit Text/Bespoke/Seller Pages/Onboarding_Settings/input_CITY_address-city'

2020-03-20 10:36:00 - [TEST_STEP][PASSED] - sendKeys(findTestObject("ADMIN/Edit Text/Bespoke/Seller Pages/Onboarding_Settings/input_POSTAL CODE_address-postalcode"), "*"): Keys '*' sent to object: 'Object Repository/ADMIN/Edit Text/Bespoke/Seller Pages/Onboarding_Settings/input_POSTAL CODE_address-postalcode'

2020-03-20 10:36:00 - [MESSAGE][PASSED] - Keys '*' sent to object: 'Object Repository/ADMIN/Edit Text/Bespoke/Seller Pages/Onboarding_Settings/input_POSTAL CODE_address-postalcode'

2020-03-20 10:36:00 - [TEST_STEP][PASSED] - sendKeys(findTestObject("ADMIN/Edit Text/Bespoke/Seller Pages/Onboarding_Settings/input_ADD ADDRESS_btn_add"), "*"): Keys '*' sent to object: 'Object Repository/ADMIN/Edit Text/Bespoke/Seller Pages/Onboarding_Settings/input_ADD ADDRESS_btn_add'

2020-03-20 10:36:01 - [MESSAGE][PASSED] - Keys '*' sent to object: 'Object Repository/ADMIN/Edit Text/Bespoke/Seller Pages/Onboarding_Settings/input_ADD ADDRESS_btn_add'

2020-03-20 10:36:01 - [TEST_STEP][PASSED] - sendKeys(findTestObject("ADMIN/Edit Text/Bespoke/Seller Pages/Onboarding_Settings/input_SAVED ADDRESSES_address-saved"), "*"): Keys '*' sent to object: 'Object Repository/ADMIN/Edit Text/Bespoke/Seller Pages/Onboarding_Settings/input_SAVED ADDRESSES_address-saved'

2020-03-20 10:36:01 - [MESSAGE][PASSED] - Keys '*' sent to object: 'Object Repository/ADMIN/Edit Text/Bespoke/Seller Pages/Onboarding_Settings/input_SAVED ADDRESSES_address-saved'

2020-03-20 10:36:01 - [TEST_STEP][PASSED] - sendKeys(findTestObject("ADMIN/Edit Text/Bespoke/Seller Pages/Onboarding_Settings/input_Next_btn_next (1)"), "*"): Keys '*' sent to object: 'Object Repository/ADMIN/Edit Text/Bespoke/Seller Pages/Onboarding_Settings/input_Next_btn_next (1)'

2020-03-20 10:36:01 - [MESSAGE][PASSED] - Keys '*' sent to object: 'Object Repository/ADMIN/Edit Text/Bespoke/Seller Pages/Onboarding_Settings/input_Next_btn_next (1)'

2020-03-20 10:36:01 - [TEST_STEP][PASSED] - sendKeys(findTestObject("ADMIN/Edit Text/Bespoke/Seller Pages/Onboarding_Settings/input_PAYMENT ACCEPTANCE_tan-title"), "*"): Keys '*' sent to object: 'Object Repository/ADMIN/Edit Text/Bespoke/Seller Pages/Onboarding_Settings/input_PAYMENT ACCEPTANCE_tan-title'

2020-03-20 10:36:01 - [MESSAGE][PASSED] - Keys '*' sent to object: 'Object Repository/ADMIN/Edit Text/Bespoke/Seller Pages/Onboarding_Settings/input_PAYMENT ACCEPTANCE_tan-title'

2020-03-20 10:36:01 - [TEST_STEP][PASSED] - sendKeys(findTestObject("ADMIN/Edit Text/Bespoke/Seller Pages/Onboarding_Settings/input_PAYMENT METHOD_payment_method"), "*"): Keys '*' sent to object: 'Object Repository/ADMIN/Edit Text/Bespoke/Seller Pages/Onboarding_Settings/input_PAYMENT METHOD_payment_method'

2020-03-20 10:36:01 - [MESSAGE][PASSED] - Keys '*' sent to object: 'Object Repository/ADMIN/Edit Text/Bespoke/Seller Pages/Onboarding_Settings/input_PAYMENT METHOD_payment_method'

2020-03-20 10:36:01 - [TEST_STEP][PASSED] - sendKeys(findTestObject("ADMIN/Edit Text/Bespoke/Seller Pages/Onboarding_Settings/input_Select your preferred payment method_select_payment_method"), "*"): Keys '*' sent to object: 'Object Repository/ADMIN/Edit Text/Bespoke/Seller Pages/Onboarding_Settings/input_Select your preferred payment method_select_payment_method'

2020-03-20 10:36:01 - [MESSAGE][PASSED] - Keys '*' sent to object: 'Object Repository/ADMIN/Edit Text/Bespoke/Seller Pages/Onboarding_Settings/input_Select your preferred payment method_select_payment_method'

2020-03-20 10:36:01 - [TEST_STEP][PASSED] - sendKeys(findTestObject("ADMIN/Edit Text/Bespoke/Seller Pages/Onboarding_Settings/input_LINK ACCOUNT_btn_link_account"), "*"): Keys '*' sent to object: 'Object Repository/ADMIN/Edit Text/Bespoke/Seller Pages/Onboarding_Settings/input_LINK ACCOUNT_btn_link_account'

2020-03-20 10:36:02 - [MESSAGE][PASSED] - Keys '*' sent to object: 'Object Repository/ADMIN/Edit Text/Bespoke/Seller Pages/Onboarding_Settings/input_LINK ACCOUNT_btn_link_account'

2020-03-20 10:36:02 - [TEST_STEP][PASSED] - sendKeys(findTestObject("ADMIN/Edit Text/Bespoke/Seller Pages/Onboarding_Settings/input_VERIFIED_verified"), "*"): Keys '*' sent to object: 'Object Repository/ADMIN/Edit Text/Bespoke/Seller Pages/Onboarding_Settings/input_VERIFIED_verified'

2020-03-20 10:36:02 - [MESSAGE][PASSED] - Keys '*' sent to object: 'Object Repository/ADMIN/Edit Text/Bespoke/Seller Pages/Onboarding_Settings/input_VERIFIED_verified'

2020-03-20 10:36:02 - [TEST_STEP][PASSED] - sendKeys(findTestObject("ADMIN/Edit Text/Bespoke/Seller Pages/Onboarding_Settings/input_This payment method is compulsory_this_method_compulsory"), "*"): Keys '*' sent to object: 'Object Repository/ADMIN/Edit Text/Bespoke/Seller Pages/Onboarding_Settings/input_This payment method is compulsory_this_method_compulsory'

2020-03-20 10:36:02 - [MESSAGE][PASSED] - Keys '*' sent to object: 'Object Repository/ADMIN/Edit Text/Bespoke/Seller Pages/Onboarding_Settings/input_This payment method is compulsory_this_method_compulsory'

2020-03-20 10:36:02 - [TEST_STEP][PASSED] - sendKeys(findTestObject("ADMIN/Edit Text/Bespoke/Seller Pages/Onboarding_Settings/input_No account linked yet_no-account-linked"), "*"): Keys '*' sent to object: 'Object Repository/ADMIN/Edit Text/Bespoke/Seller Pages/Onboarding_Settings/input_No account linked yet_no-account-linked'

2020-03-20 10:36:02 - [MESSAGE][PASSED] - Keys '*' sent to object: 'Object Repository/ADMIN/Edit Text/Bespoke/Seller Pages/Onboarding_Settings/input_No account linked yet_no-account-linked'

2020-03-20 10:36:02 - [TEST_STEP][PASSED] - sendKeys(findTestObject("ADMIN/Edit Text/Bespoke/Seller Pages/Onboarding_Settings/input_next3"), "*"): Keys '*' sent to object: 'Object Repository/ADMIN/Edit Text/Bespoke/Seller Pages/Onboarding_Settings/input_next3'

2020-03-20 10:36:02 - [MESSAGE][PASSED] - Keys '*' sent to object: 'Object Repository/ADMIN/Edit Text/Bespoke/Seller Pages/Onboarding_Settings/input_next3'

2020-03-20 10:36:02 - [TEST_STEP][PASSED] - sendKeys(findTestObject("ADMIN/Edit Text/Bespoke/Seller Pages/Onboarding_Settings/input_DELIVERY METHODS_tab-title1"), "*"): Keys '*' sent to object: 'Object Repository/ADMIN/Edit Text/Bespoke/Seller Pages/Onboarding_Settings/input_DELIVERY METHODS_tab-title1'

2020-03-20 10:36:02 - [MESSAGE][PASSED] - Keys '*' sent to object: 'Object Repository/ADMIN/Edit Text/Bespoke/Seller Pages/Onboarding_Settings/input_DELIVERY METHODS_tab-title1'

2020-03-20 10:36:02 - [TEST_STEP][PASSED] - sendKeys(findTestObject("ADMIN/Edit Text/Bespoke/Seller Pages/Onboarding_Settings/input_DELIVERY OPTIONS_delivery-option"), "*"): Keys '*' sent to object: 'Object Repository/ADMIN/Edit Text/Bespoke/Seller Pages/Onboarding_Settings/input_DELIVERY OPTIONS_delivery-option'

2020-03-20 10:36:02 - [MESSAGE][PASSED] - Keys '*' sent to object: 'Object Repository/ADMIN/Edit Text/Bespoke/Seller Pages/Onboarding_Settings/input_DELIVERY OPTIONS_delivery-option'

2020-03-20 10:36:02 - [TEST_STEP][PASSED] - sendKeys(findTestObject("ADMIN/Edit Text/Bespoke/Seller Pages/Onboarding_Settings/input_DELIVERY OPTIONS_delivery-txt2"), "*"): Keys '*' sent to object: 'Object Repository/ADMIN/Edit Text/Bespoke/Seller Pages/Onboarding_Settings/input_DELIVERY OPTIONS_delivery-txt2'

2020-03-20 10:36:03 - [MESSAGE][PASSED] - Keys '*' sent to object: 'Object Repository/ADMIN/Edit Text/Bespoke/Seller Pages/Onboarding_Settings/input_DELIVERY OPTIONS_delivery-txt2'

2020-03-20 10:36:03 - [TEST_STEP][PASSED] - sendKeys(findTestObject("ADMIN/Edit Text/Bespoke/Seller Pages/Onboarding_Settings/input_DELIVERY SERVICE_delivery-service"), "*"): Keys '*' sent to object: 'Object Repository/ADMIN/Edit Text/Bespoke/Seller Pages/Onboarding_Settings/input_DELIVERY SERVICE_delivery-service'

2020-03-20 10:36:03 - [MESSAGE][PASSED] - Keys '*' sent to object: 'Object Repository/ADMIN/Edit Text/Bespoke/Seller Pages/Onboarding_Settings/input_DELIVERY SERVICE_delivery-service'

2020-03-20 10:36:03 - [TEST_STEP][PASSED] - sendKeys(findTestObject("ADMIN/Edit Text/Bespoke/Seller Pages/Onboarding_Settings/input_SINGLE ITEM DELIVERY (A)_single-item-delivery"), "*"): Keys '*' sent to object: 'Object Repository/ADMIN/Edit Text/Bespoke/Seller Pages/Onboarding_Settings/input_SINGLE ITEM DELIVERY (A)_single-item-delivery'

2020-03-20 10:36:03 - [MESSAGE][PASSED] - Keys '*' sent to object: 'Object Repository/ADMIN/Edit Text/Bespoke/Seller Pages/Onboarding_Settings/input_SINGLE ITEM DELIVERY (A)_single-item-delivery'

2020-03-20 10:36:03 - [TEST_STEP][PASSED] - sendKeys(findTestObject("ADMIN/Edit Text/Bespoke/Seller Pages/Onboarding_Settings/input_WITH OTHER ITEM (B)_with-other-item"), "*"): Keys '*' sent to object: 'Object Repository/ADMIN/Edit Text/Bespoke/Seller Pages/Onboarding_Settings/input_WITH OTHER ITEM (B)_with-other-item'

2020-03-20 10:36:03 - [MESSAGE][PASSED] - Keys '*' sent to object: 'Object Repository/ADMIN/Edit Text/Bespoke/Seller Pages/Onboarding_Settings/input_WITH OTHER ITEM (B)_with-other-item'

2020-03-20 10:36:03 - [TEST_STEP][PASSED] - sendKeys(findTestObject("ADMIN/Edit Text/Bespoke/Seller Pages/Onboarding_Settings/input_ADD_btn_add"), "*"): Keys '*' sent to object: 'Object Repository/ADMIN/Edit Text/Bespoke/Seller Pages/Onboarding_Settings/input_ADD_btn_add'

2020-03-20 10:36:03 - [MESSAGE][PASSED] - Keys '*' sent to object: 'Object Repository/ADMIN/Edit Text/Bespoke/Seller Pages/Onboarding_Settings/input_ADD_btn_add'

2020-03-20 10:36:03 - [TEST_STEP][PASSED] - sendKeys(findTestObject("ADMIN/Edit Text/Bespoke/Seller Pages/Onboarding_Settings/input_PICK-UP LOCATIONS_pick-up-option"), "*"): Keys '*' sent to object: 'Object Repository/ADMIN/Edit Text/Bespoke/Seller Pages/Onboarding_Settings/input_PICK-UP LOCATIONS_pick-up-option'

2020-03-20 10:36:03 - [MESSAGE][PASSED] - Keys '*' sent to object: 'Object Repository/ADMIN/Edit Text/Bespoke/Seller Pages/Onboarding_Settings/input_PICK-UP LOCATIONS_pick-up-option'

2020-03-20 10:36:03 - [TEST_STEP][PASSED] - sendKeys(findTestObject("ADMIN/Edit Text/Bespoke/Seller Pages/Onboarding_Settings/textarea_Define the full address where the buyer can pick up from (You must have at least a delivery option or a pick-up location selected)"), "*"): Keys '*' sent to object: 'Object Repository/ADMIN/Edit Text/Bespoke/Seller Pages/Onboarding_Settings/textarea_Define the full address where the buyer can pick up from (You must have at least a delivery option or a pick-up location selected)'

2020-03-20 10:36:03 - [MESSAGE][PASSED] - Keys '*' sent to object: 'Object Repository/ADMIN/Edit Text/Bespoke/Seller Pages/Onboarding_Settings/textarea_Define the full address where the buyer can pick up from (You must have at least a delivery option or a pick-up location selected)'

2020-03-20 10:36:03 - [TEST_STEP][PASSED] - sendKeys(findTestObject("ADMIN/Edit Text/Bespoke/Seller Pages/Onboarding_Settings/input_Offer reduced shipping costs to buyers when they buy more than one item from you_delivery-txt2"), "*"): Keys '*' sent to object: 'Object Repository/ADMIN/Edit Text/Bespoke/Seller Pages/Onboarding_Settings/input_Offer reduced shipping costs to buyers when they buy more than one item from you_delivery-txt2'

2020-03-20 10:36:03 - [MESSAGE][PASSED] - Keys '*' sent to object: 'Object Repository/ADMIN/Edit Text/Bespoke/Seller Pages/Onboarding_Settings/input_Offer reduced shipping costs to buyers when they buy more than one item from you_delivery-txt2'

2020-03-20 10:36:03 - [TEST_STEP][PASSED] - sendKeys(findTestObject("ADMIN/Edit Text/Bespoke/Seller Pages/Onboarding_Settings/input_total delivery"), "*"): Keys '*' sent to object: 'Object Repository/ADMIN/Edit Text/Bespoke/Seller Pages/Onboarding_Settings/input_total delivery'

2020-03-20 10:36:04 - [MESSAGE][PASSED] - Keys '*' sent to object: 'Object Repository/ADMIN/Edit Text/Bespoke/Seller Pages/Onboarding_Settings/input_total delivery'

2020-03-20 10:36:04 - [TEST_STEP][PASSED] - sendKeys(findTestObject("ADMIN/Edit Text/Bespoke/Seller Pages/Onboarding_Settings/input_add1"), "*"): Keys '*' sent to object: 'Object Repository/ADMIN/Edit Text/Bespoke/Seller Pages/Onboarding_Settings/input_add1'

2020-03-20 10:36:04 - [MESSAGE][PASSED] - Keys '*' sent to object: 'Object Repository/ADMIN/Edit Text/Bespoke/Seller Pages/Onboarding_Settings/input_add1'

2020-03-20 10:36:04 - [TEST_STEP][PASSED] - sendKeys(findTestObject("ADMIN/Edit Text/Bespoke/Seller Pages/Onboarding_Settings/input_PICK-UP LOCATION ADDRESS_pick-up-address"), "*"): Keys '*' sent to object: 'Object Repository/ADMIN/Edit Text/Bespoke/Seller Pages/Onboarding_Settings/input_PICK-UP LOCATION ADDRESS_pick-up-address'

2020-03-20 10:36:04 - [MESSAGE][PASSED] - Keys '*' sent to object: 'Object Repository/ADMIN/Edit Text/Bespoke/Seller Pages/Onboarding_Settings/input_PICK-UP LOCATION ADDRESS_pick-up-address'

2020-03-20 10:36:04 - [TEST_STEP][PASSED] - sendKeys(findTestObject("ADMIN/Edit Text/Bespoke/Seller Pages/Onboarding_Settings/input_SAVE_btn_save"), "*"): Keys '*' sent to object: 'Object Repository/ADMIN/Edit Text/Bespoke/Seller Pages/Onboarding_Settings/input_SAVE_btn_save'

2020-03-20 10:36:04 - [MESSAGE][PASSED] - Keys '*' sent to object: 'Object Repository/ADMIN/Edit Text/Bespoke/Seller Pages/Onboarding_Settings/input_SAVE_btn_save'

2020-03-20 10:36:04 - [TEST_STEP][PASSED] - sendKeys(findTestObject("ADMIN/Edit Text/Bespoke/Seller Pages/Onboarding_Settings/input_Are you sure want to delete_popup-title"), "*"): Keys '*' sent to object: 'Object Repository/ADMIN/Edit Text/Bespoke/Seller Pages/Onboarding_Settings/input_Are you sure want to delete_popup-title'

2020-03-20 10:36:04 - [MESSAGE][PASSED] - Keys '*' sent to object: 'Object Repository/ADMIN/Edit Text/Bespoke/Seller Pages/Onboarding_Settings/input_Are you sure want to delete_popup-title'

2020-03-20 10:36:04 - [TEST_STEP][PASSED] - sendKeys(findTestObject("ADMIN/Edit Text/Bespoke/Seller Pages/Onboarding_Settings/input_CANCEL_btn_cancel"), "*"): Keys '*' sent to object: 'Object Repository/ADMIN/Edit Text/Bespoke/Seller Pages/Onboarding_Settings/input_CANCEL_btn_cancel'

2020-03-20 10:36:04 - [MESSAGE][PASSED] - Keys '*' sent to object: 'Object Repository/ADMIN/Edit Text/Bespoke/Seller Pages/Onboarding_Settings/input_CANCEL_btn_cancel'

2020-03-20 10:36:04 - [TEST_STEP][PASSED] - sendKeys(findTestObject("ADMIN/Edit Text/Bespoke/Seller Pages/Onboarding_Settings/input_Okay_btn_okay"), "*"): Keys '*' sent to object: 'Object Repository/ADMIN/Edit Text/Bespoke/Seller Pages/Onboarding_Settings/input_Okay_btn_okay'

2020-03-20 10:36:04 - [MESSAGE][PASSED] - Keys '*' sent to object: 'Object Repository/ADMIN/Edit Text/Bespoke/Seller Pages/Onboarding_Settings/input_Okay_btn_okay'

2020-03-20 10:36:04 - [TEST_STEP][PASSED] - sendKeys(findTestObject("ADMIN/Edit Text/Bespoke/Seller Pages/Onboarding_Settings/input_REMOVE ITEM_popup-title"), "*"): Keys '*' sent to object: 'Object Repository/ADMIN/Edit Text/Bespoke/Seller Pages/Onboarding_Settings/input_REMOVE ITEM_popup-title'

2020-03-20 10:36:05 - [MESSAGE][PASSED] - Keys '*' sent to object: 'Object Repository/ADMIN/Edit Text/Bespoke/Seller Pages/Onboarding_Settings/input_REMOVE ITEM_popup-title'

2020-03-20 10:36:05 - [TEST_STEP][PASSED] - sendKeys(findTestObject("ADMIN/Edit Text/Bespoke/Seller Pages/Onboarding_Settings/input_concat(Are you sure about removing this item from your list (It  ll be gone forever))_popup-title"), "*"): Keys '*' sent to object: 'Object Repository/ADMIN/Edit Text/Bespoke/Seller Pages/Onboarding_Settings/input_concat(Are you sure about removing this item from your list (It  ll be gone forever))_popup-title'

2020-03-20 10:36:05 - [MESSAGE][PASSED] - Keys '*' sent to object: 'Object Repository/ADMIN/Edit Text/Bespoke/Seller Pages/Onboarding_Settings/input_concat(Are you sure about removing this item from your list (It  ll be gone forever))_popup-title'

2020-03-20 10:36:05 - [TEST_STEP][PASSED] - sendKeys(findTestObject("ADMIN/Edit Text/Bespoke/Seller Pages/Onboarding_Settings/input_CANCEL_btn_cancel2"), "*"): Keys '*' sent to object: 'Object Repository/ADMIN/Edit Text/Bespoke/Seller Pages/Onboarding_Settings/input_CANCEL_btn_cancel2'

2020-03-20 10:36:05 - [MESSAGE][PASSED] - Keys '*' sent to object: 'Object Repository/ADMIN/Edit Text/Bespoke/Seller Pages/Onboarding_Settings/input_CANCEL_btn_cancel2'

2020-03-20 10:36:05 - [TEST_STEP][PASSED] - sendKeys(findTestObject("ADMIN/Edit Text/Bespoke/Seller Pages/Onboarding_Settings/input_Okay_btn_okay2"), "*"): Keys '*' sent to object: 'Object Repository/ADMIN/Edit Text/Bespoke/Seller Pages/Onboarding_Settings/input_Okay_btn_okay2'

2020-03-20 10:36:05 - [MESSAGE][PASSED] - Keys '*' sent to object: 'Object Repository/ADMIN/Edit Text/Bespoke/Seller Pages/Onboarding_Settings/input_Okay_btn_okay2'

2020-03-20 10:36:05 - [TEST_STEP][PASSED] - sendKeys(findTestObject("ADMIN/Edit Text/Bespoke/Seller Pages/Onboarding_Settings/input_Back_tab-title"), "*"): Keys '*' sent to object: 'Object Repository/ADMIN/Edit Text/Bespoke/Seller Pages/Onboarding_Settings/input_Back_tab-title'

2020-03-20 10:36:05 - [MESSAGE][PASSED] - Keys '*' sent to object: 'Object Repository/ADMIN/Edit Text/Bespoke/Seller Pages/Onboarding_Settings/input_Back_tab-title'

2020-03-20 10:36:05 - [TEST_STEP][PASSED] - sendKeys(findTestObject("ADMIN/Edit Text/Bespoke/Seller Pages/Onboarding_Settings/input_ACCOUNT CONFIGURATION_tab-title"), "*"): Keys '*' sent to object: 'Object Repository/ADMIN/Edit Text/Bespoke/Seller Pages/Onboarding_Settings/input_ACCOUNT CONFIGURATION_tab-title'

2020-03-20 10:36:06 - [MESSAGE][PASSED] - Keys '*' sent to object: 'Object Repository/ADMIN/Edit Text/Bespoke/Seller Pages/Onboarding_Settings/input_ACCOUNT CONFIGURATION_tab-title'

2020-03-20 10:36:06 - [TEST_STEP][PASSED] - sendKeys(findTestObject("ADMIN/Edit Text/Bespoke/Seller Pages/Onboarding_Settings/textarea_Your details entered here will be saved and verified by Omise Money you earn from your sales will be accredited to your bank account directly"), "*"): Keys '*' sent to object: 'Object Repository/ADMIN/Edit Text/Bespoke/Seller Pages/Onboarding_Settings/textarea_Your details entered here will be saved and verified by Omise Money you earn from your sales will be accredited to your bank account directly'

2020-03-20 10:36:06 - [MESSAGE][PASSED] - Keys '*' sent to object: 'Object Repository/ADMIN/Edit Text/Bespoke/Seller Pages/Onboarding_Settings/textarea_Your details entered here will be saved and verified by Omise Money you earn from your sales will be accredited to your bank account directly'

2020-03-20 10:36:06 - [TEST_STEP][PASSED] - sendKeys(findTestObject("ADMIN/Edit Text/Bespoke/Seller Pages/Onboarding_Settings/input_TYPE_tab-title"), "*"): Keys '*' sent to object: 'Object Repository/ADMIN/Edit Text/Bespoke/Seller Pages/Onboarding_Settings/input_TYPE_tab-title'

2020-03-20 10:36:06 - [MESSAGE][PASSED] - Keys '*' sent to object: 'Object Repository/ADMIN/Edit Text/Bespoke/Seller Pages/Onboarding_Settings/input_TYPE_tab-title'

2020-03-20 10:36:06 - [TEST_STEP][PASSED] - sendKeys(findTestObject("ADMIN/Edit Text/Bespoke/Seller Pages/Onboarding_Settings/input_Tax identification number (optional)_tab-title"), "*"): Keys '*' sent to object: 'Object Repository/ADMIN/Edit Text/Bespoke/Seller Pages/Onboarding_Settings/input_Tax identification number (optional)_tab-title'

2020-03-20 10:36:06 - [MESSAGE][PASSED] - Keys '*' sent to object: 'Object Repository/ADMIN/Edit Text/Bespoke/Seller Pages/Onboarding_Settings/input_Tax identification number (optional)_tab-title'

2020-03-20 10:36:06 - [TEST_STEP][PASSED] - sendKeys(findTestObject("ADMIN/Edit Text/Bespoke/Seller Pages/Onboarding_Settings/input_Individual_tab-title"), "*"): Keys '*' sent to object: 'Object Repository/ADMIN/Edit Text/Bespoke/Seller Pages/Onboarding_Settings/input_Individual_tab-title'

2020-03-20 10:36:06 - [MESSAGE][PASSED] - Keys '*' sent to object: 'Object Repository/ADMIN/Edit Text/Bespoke/Seller Pages/Onboarding_Settings/input_Individual_tab-title'

2020-03-20 10:36:06 - [TEST_STEP][PASSED] - sendKeys(findTestObject("ADMIN/Edit Text/Bespoke/Seller Pages/Onboarding_Settings/input_Corporate_tab-title"), "*"): Keys '*' sent to object: 'Object Repository/ADMIN/Edit Text/Bespoke/Seller Pages/Onboarding_Settings/input_Corporate_tab-title'

2020-03-20 10:36:06 - [MESSAGE][PASSED] - Keys '*' sent to object: 'Object Repository/ADMIN/Edit Text/Bespoke/Seller Pages/Onboarding_Settings/input_Corporate_tab-title'

2020-03-20 10:36:06 - [TEST_STEP][PASSED] - sendKeys(findTestObject("ADMIN/Edit Text/Bespoke/Seller Pages/Onboarding_Settings/input_Bank  branch code_tab-title"), "*"): Keys '*' sent to object: 'Object Repository/ADMIN/Edit Text/Bespoke/Seller Pages/Onboarding_Settings/input_Bank  branch code_tab-title'

2020-03-20 10:36:06 - [MESSAGE][PASSED] - Keys '*' sent to object: 'Object Repository/ADMIN/Edit Text/Bespoke/Seller Pages/Onboarding_Settings/input_Bank  branch code_tab-title'

2020-03-20 10:36:06 - [TEST_STEP][PASSED] - sendKeys(findTestObject("ADMIN/Edit Text/Bespoke/Seller Pages/Onboarding_Settings/input_Bank account number_tab-title"), "*"): Keys '*' sent to object: 'Object Repository/ADMIN/Edit Text/Bespoke/Seller Pages/Onboarding_Settings/input_Bank account number_tab-title'

2020-03-20 10:36:06 - [MESSAGE][PASSED] - Keys '*' sent to object: 'Object Repository/ADMIN/Edit Text/Bespoke/Seller Pages/Onboarding_Settings/input_Bank account number_tab-title'

2020-03-20 10:36:06 - [TEST_STEP][PASSED] - sendKeys(findTestObject("ADMIN/Edit Text/Bespoke/Seller Pages/Onboarding_Settings/input_Bank account name_tab-title"), "*"): Keys '*' sent to object: 'Object Repository/ADMIN/Edit Text/Bespoke/Seller Pages/Onboarding_Settings/input_Bank account name_tab-title'

2020-03-20 10:36:07 - [MESSAGE][PASSED] - Keys '*' sent to object: 'Object Repository/ADMIN/Edit Text/Bespoke/Seller Pages/Onboarding_Settings/input_Bank account name_tab-title'

2020-03-20 10:36:07 - [TEST_STEP][PASSED] - click(findTestObject("ADMIN/Edit Text/Bespoke/Buyer Pages/Homepage/button_save"), CONTINUE_ON_FAILURE): Object: 'Object Repository/ADMIN/Edit Text/Bespoke/Buyer Pages/Homepage/button_save' is clicked on

2020-03-20 10:36:07 - [MESSAGE][PASSED] - Object: 'Object Repository/ADMIN/Edit Text/Bespoke/Buyer Pages/Homepage/button_save' is clicked on

2020-03-20 10:36:07 - [TEST_STEP][PASSED] - waitForElementVisible(findTestObject("ADMIN/Edit Text/Bespoke/Buyer Pages/Homepage/toaster_success"), 0): Object 'Object Repository/ADMIN/Edit Text/Bespoke/Buyer Pages/Homepage/toaster_success' is visible

2020-03-20 10:36:07 - [MESSAGE][WARNING] - Timeout '0' is invalid. Using default page load timeout: '30'

2020-03-20 10:36:07 - [MESSAGE][PASSED] - Object 'Object Repository/ADMIN/Edit Text/Bespoke/Buyer Pages/Homepage/toaster_success' is visible]]></system-out>
         <system-err><![CDATA[]]></system-err>
      </testcase>
      <testcase name="Test Cases/ADMIN/Language/Edit Text/Bespoke/Seller/Onboarding_Settings" time="11.137" classname="Test Cases/ADMIN/Language/Edit Text/Bespoke/Seller/Onboarding_Settings" status="PASSED">
         <system-out><![CDATA[2020-03-20 10:36:07 - [TEST_CASE][PASSED] - Test Cases/ADMIN/Language/Edit Text/Bespoke/Seller/Onboarding_Settings: Test Cases/ADMIN/Language/Edit Text/Bespoke/Seller/Onboarding_Settings

2020-03-20 10:36:07 - [TEST_STEP][PASSED] - waitForElementVisible(findTestObject("ADMIN/Edit Text/Bespoke/Buyer Navigation/dd_language"), 0): Object 'Object Repository/ADMIN/Edit Text/Bespoke/Buyer Navigation/dd_language' is visible

2020-03-20 10:36:07 - [MESSAGE][WARNING] - Timeout '0' is invalid. Using default page load timeout: '30'

2020-03-20 10:36:08 - [MESSAGE][PASSED] - Object 'Object Repository/ADMIN/Edit Text/Bespoke/Buyer Navigation/dd_language' is visible

2020-03-20 10:36:08 - [TEST_STEP][PASSED] - selectOptionByLabel(findTestObject("ADMIN/Edit Text/Bespoke/Buyer Navigation/dd_language"), varLanguage, false): All options with label 'Chinese (Traditional)' are selected in object 'Object Repository/ADMIN/Edit Text/Bespoke/Buyer Navigation/dd_language' 

2020-03-20 10:36:08 - [MESSAGE][PASSED] - All options with label 'Chinese (Traditional)' are selected in object 'Object Repository/ADMIN/Edit Text/Bespoke/Buyer Navigation/dd_language' 

2020-03-20 10:36:08 - [TEST_STEP][PASSED] - sendKeys(findTestObject("ADMIN/Edit Text/Bespoke/Seller Pages/Onboarding_Settings/input_USER SETTINGS_marketplace-name"), "*"): Keys '*' sent to object: 'Object Repository/ADMIN/Edit Text/Bespoke/Seller Pages/Onboarding_Settings/input_USER SETTINGS_marketplace-name'

2020-03-20 10:36:09 - [MESSAGE][PASSED] - Keys '*' sent to object: 'Object Repository/ADMIN/Edit Text/Bespoke/Seller Pages/Onboarding_Settings/input_USER SETTINGS_marketplace-name'

2020-03-20 10:36:09 - [TEST_STEP][PASSED] - sendKeys(findTestObject("ADMIN/Edit Text/Bespoke/Seller Pages/Onboarding_Settings/input_Configure your profile your delivery methods and how you receive payments_item_details"), "*"): Keys '*' sent to object: 'Object Repository/ADMIN/Edit Text/Bespoke/Seller Pages/Onboarding_Settings/input_Configure your profile your delivery methods and how you receive payments_item_details'

2020-03-20 10:36:09 - [MESSAGE][PASSED] - Keys '*' sent to object: 'Object Repository/ADMIN/Edit Text/Bespoke/Seller Pages/Onboarding_Settings/input_Configure your profile your delivery methods and how you receive payments_item_details'

2020-03-20 10:36:09 - [TEST_STEP][PASSED] - sendKeys(findTestObject("ADMIN/Edit Text/Bespoke/Seller Pages/Onboarding_Settings/input_PROFILE_tab-title"), "*"): Keys '*' sent to object: 'Object Repository/ADMIN/Edit Text/Bespoke/Seller Pages/Onboarding_Settings/input_PROFILE_tab-title'

2020-03-20 10:36:09 - [MESSAGE][PASSED] - Keys '*' sent to object: 'Object Repository/ADMIN/Edit Text/Bespoke/Seller Pages/Onboarding_Settings/input_PROFILE_tab-title'

2020-03-20 10:36:09 - [TEST_STEP][PASSED] - sendKeys(findTestObject("ADMIN/Edit Text/Bespoke/Seller Pages/Onboarding_Settings/input_CHANGE_btn_upload"), "*"): Keys '*' sent to object: 'Object Repository/ADMIN/Edit Text/Bespoke/Seller Pages/Onboarding_Settings/input_CHANGE_btn_upload'

2020-03-20 10:36:09 - [MESSAGE][PASSED] - Keys '*' sent to object: 'Object Repository/ADMIN/Edit Text/Bespoke/Seller Pages/Onboarding_Settings/input_CHANGE_btn_upload'

2020-03-20 10:36:09 - [TEST_STEP][PASSED] - sendKeys(findTestObject("ADMIN/Edit Text/Bespoke/Seller Pages/Onboarding_Settings/input_DISPLAY NAME_display-name"), "*"): Keys '*' sent to object: 'Object Repository/ADMIN/Edit Text/Bespoke/Seller Pages/Onboarding_Settings/input_DISPLAY NAME_display-name'

2020-03-20 10:36:09 - [MESSAGE][PASSED] - Keys '*' sent to object: 'Object Repository/ADMIN/Edit Text/Bespoke/Seller Pages/Onboarding_Settings/input_DISPLAY NAME_display-name'

2020-03-20 10:36:09 - [TEST_STEP][PASSED] - sendKeys(findTestObject("ADMIN/Edit Text/Bespoke/Seller Pages/Onboarding_Settings/input_DESCRIPTION_description"), "*"): Keys '*' sent to object: 'Object Repository/ADMIN/Edit Text/Bespoke/Seller Pages/Onboarding_Settings/input_DESCRIPTION_description'

2020-03-20 10:36:10 - [MESSAGE][PASSED] - Keys '*' sent to object: 'Object Repository/ADMIN/Edit Text/Bespoke/Seller Pages/Onboarding_Settings/input_DESCRIPTION_description'

2020-03-20 10:36:10 - [TEST_STEP][PASSED] - sendKeys(findTestObject("ADMIN/Edit Text/Bespoke/Seller Pages/Onboarding_Settings/input_FIRST NAME_first-name"), "*"): Keys '*' sent to object: 'Object Repository/ADMIN/Edit Text/Bespoke/Seller Pages/Onboarding_Settings/input_FIRST NAME_first-name'

2020-03-20 10:36:10 - [MESSAGE][PASSED] - Keys '*' sent to object: 'Object Repository/ADMIN/Edit Text/Bespoke/Seller Pages/Onboarding_Settings/input_FIRST NAME_first-name'

2020-03-20 10:36:10 - [TEST_STEP][PASSED] - sendKeys(findTestObject("ADMIN/Edit Text/Bespoke/Seller Pages/Onboarding_Settings/input_LAST NAME_last-name"), "*"): Keys '*' sent to object: 'Object Repository/ADMIN/Edit Text/Bespoke/Seller Pages/Onboarding_Settings/input_LAST NAME_last-name'

2020-03-20 10:36:10 - [MESSAGE][PASSED] - Keys '*' sent to object: 'Object Repository/ADMIN/Edit Text/Bespoke/Seller Pages/Onboarding_Settings/input_LAST NAME_last-name'

2020-03-20 10:36:10 - [TEST_STEP][PASSED] - sendKeys(findTestObject("ADMIN/Edit Text/Bespoke/Seller Pages/Onboarding_Settings/input_NOTIFICATION EMAIL_notification-email"), "*"): Keys '*' sent to object: 'Object Repository/ADMIN/Edit Text/Bespoke/Seller Pages/Onboarding_Settings/input_NOTIFICATION EMAIL_notification-email'

2020-03-20 10:36:10 - [MESSAGE][PASSED] - Keys '*' sent to object: 'Object Repository/ADMIN/Edit Text/Bespoke/Seller Pages/Onboarding_Settings/input_NOTIFICATION EMAIL_notification-email'

2020-03-20 10:36:10 - [TEST_STEP][PASSED] - sendKeys(findTestObject("ADMIN/Edit Text/Bespoke/Seller Pages/Onboarding_Settings/input_CONTACT NUMBER_contact-number"), "*"): Keys '*' sent to object: 'Object Repository/ADMIN/Edit Text/Bespoke/Seller Pages/Onboarding_Settings/input_CONTACT NUMBER_contact-number'

2020-03-20 10:36:10 - [MESSAGE][PASSED] - Keys '*' sent to object: 'Object Repository/ADMIN/Edit Text/Bespoke/Seller Pages/Onboarding_Settings/input_CONTACT NUMBER_contact-number'

2020-03-20 10:36:10 - [TEST_STEP][PASSED] - sendKeys(findTestObject("ADMIN/Edit Text/Bespoke/Seller Pages/Onboarding_Settings/input_OPENID LOGIN_open-id-login"), "*"): Keys '*' sent to object: 'Object Repository/ADMIN/Edit Text/Bespoke/Seller Pages/Onboarding_Settings/input_OPENID LOGIN_open-id-login'

2020-03-20 10:36:10 - [MESSAGE][PASSED] - Keys '*' sent to object: 'Object Repository/ADMIN/Edit Text/Bespoke/Seller Pages/Onboarding_Settings/input_OPENID LOGIN_open-id-login'

2020-03-20 10:36:10 - [TEST_STEP][PASSED] - sendKeys(findTestObject("ADMIN/Edit Text/Bespoke/Seller Pages/Onboarding_Settings/input_SELLER LOCATION_seller_location"), "*"): Keys '*' sent to object: 'Object Repository/ADMIN/Edit Text/Bespoke/Seller Pages/Onboarding_Settings/input_SELLER LOCATION_seller_location'

2020-03-20 10:36:10 - [MESSAGE][PASSED] - Keys '*' sent to object: 'Object Repository/ADMIN/Edit Text/Bespoke/Seller Pages/Onboarding_Settings/input_SELLER LOCATION_seller_location'

2020-03-20 10:36:10 - [TEST_STEP][PASSED] - sendKeys(findTestObject("ADMIN/Edit Text/Bespoke/Seller Pages/Onboarding_Settings/textarea_For each transaction that is made through the marketplace there will be a seller transaction fee of"), "*"): Keys '*' sent to object: 'Object Repository/ADMIN/Edit Text/Bespoke/Seller Pages/Onboarding_Settings/textarea_For each transaction that is made through the marketplace there will be a seller transaction fee of'

2020-03-20 10:36:10 - [MESSAGE][PASSED] - Keys '*' sent to object: 'Object Repository/ADMIN/Edit Text/Bespoke/Seller Pages/Onboarding_Settings/textarea_For each transaction that is made through the marketplace there will be a seller transaction fee of'

2020-03-20 10:36:10 - [TEST_STEP][PASSED] - sendKeys(findTestObject("ADMIN/Edit Text/Bespoke/Seller Pages/Onboarding_Settings/input_NEXT_btn_next"), "*"): Keys '*' sent to object: 'Object Repository/ADMIN/Edit Text/Bespoke/Seller Pages/Onboarding_Settings/input_NEXT_btn_next'

2020-03-20 10:36:11 - [MESSAGE][PASSED] - Keys '*' sent to object: 'Object Repository/ADMIN/Edit Text/Bespoke/Seller Pages/Onboarding_Settings/input_NEXT_btn_next'

2020-03-20 10:36:11 - [TEST_STEP][PASSED] - sendKeys(findTestObject("ADMIN/Edit Text/Bespoke/Seller Pages/Onboarding_Settings/input_ADDRESS_tab-title"), "*"): Keys '*' sent to object: 'Object Repository/ADMIN/Edit Text/Bespoke/Seller Pages/Onboarding_Settings/input_ADDRESS_tab-title'

2020-03-20 10:36:11 - [MESSAGE][PASSED] - Keys '*' sent to object: 'Object Repository/ADMIN/Edit Text/Bespoke/Seller Pages/Onboarding_Settings/input_ADDRESS_tab-title'

2020-03-20 10:36:11 - [TEST_STEP][PASSED] - sendKeys(findTestObject("ADMIN/Edit Text/Bespoke/Seller Pages/Onboarding_Settings/input_NEW DELIVERY ADDRESS_new-delivery-address"), "*"): Keys '*' sent to object: 'Object Repository/ADMIN/Edit Text/Bespoke/Seller Pages/Onboarding_Settings/input_NEW DELIVERY ADDRESS_new-delivery-address'

2020-03-20 10:36:11 - [MESSAGE][PASSED] - Keys '*' sent to object: 'Object Repository/ADMIN/Edit Text/Bespoke/Seller Pages/Onboarding_Settings/input_NEW DELIVERY ADDRESS_new-delivery-address'

2020-03-20 10:36:11 - [TEST_STEP][PASSED] - sendKeys(findTestObject("ADMIN/Edit Text/Bespoke/Seller Pages/Onboarding_Settings/input_ADDRESSEE FIRST NAME_addressee-first-name"), "*"): Keys '*' sent to object: 'Object Repository/ADMIN/Edit Text/Bespoke/Seller Pages/Onboarding_Settings/input_ADDRESSEE FIRST NAME_addressee-first-name'

2020-03-20 10:36:11 - [MESSAGE][PASSED] - Keys '*' sent to object: 'Object Repository/ADMIN/Edit Text/Bespoke/Seller Pages/Onboarding_Settings/input_ADDRESSEE FIRST NAME_addressee-first-name'

2020-03-20 10:36:11 - [TEST_STEP][PASSED] - sendKeys(findTestObject("ADMIN/Edit Text/Bespoke/Seller Pages/Onboarding_Settings/input_ADDRESSEE LAST NAME_addressee-last-name"), "*"): Keys '*' sent to object: 'Object Repository/ADMIN/Edit Text/Bespoke/Seller Pages/Onboarding_Settings/input_ADDRESSEE LAST NAME_addressee-last-name'

2020-03-20 10:36:11 - [MESSAGE][PASSED] - Keys '*' sent to object: 'Object Repository/ADMIN/Edit Text/Bespoke/Seller Pages/Onboarding_Settings/input_ADDRESSEE LAST NAME_addressee-last-name'

2020-03-20 10:36:11 - [TEST_STEP][PASSED] - sendKeys(findTestObject("ADMIN/Edit Text/Bespoke/Seller Pages/Onboarding_Settings/input_ADDRESS_address"), "*"): Keys '*' sent to object: 'Object Repository/ADMIN/Edit Text/Bespoke/Seller Pages/Onboarding_Settings/input_ADDRESS_address'

2020-03-20 10:36:11 - [MESSAGE][PASSED] - Keys '*' sent to object: 'Object Repository/ADMIN/Edit Text/Bespoke/Seller Pages/Onboarding_Settings/input_ADDRESS_address'

2020-03-20 10:36:11 - [TEST_STEP][PASSED] - sendKeys(findTestObject("ADMIN/Edit Text/Bespoke/Seller Pages/Onboarding_Settings/input_SELECT COUNTRY_select-country"), "*"): Keys '*' sent to object: 'Object Repository/ADMIN/Edit Text/Bespoke/Seller Pages/Onboarding_Settings/input_SELECT COUNTRY_select-country'

2020-03-20 10:36:11 - [MESSAGE][PASSED] - Keys '*' sent to object: 'Object Repository/ADMIN/Edit Text/Bespoke/Seller Pages/Onboarding_Settings/input_SELECT COUNTRY_select-country'

2020-03-20 10:36:11 - [TEST_STEP][PASSED] - sendKeys(findTestObject("ADMIN/Edit Text/Bespoke/Seller Pages/Onboarding_Settings/input_COUNTRY_address-country"), "*"): Keys '*' sent to object: 'Object Repository/ADMIN/Edit Text/Bespoke/Seller Pages/Onboarding_Settings/input_COUNTRY_address-country'

2020-03-20 10:36:11 - [MESSAGE][PASSED] - Keys '*' sent to object: 'Object Repository/ADMIN/Edit Text/Bespoke/Seller Pages/Onboarding_Settings/input_COUNTRY_address-country'

2020-03-20 10:36:11 - [TEST_STEP][PASSED] - sendKeys(findTestObject("ADMIN/Edit Text/Bespoke/Seller Pages/Onboarding_Settings/input_STATE_address-state"), "*"): Keys '*' sent to object: 'Object Repository/ADMIN/Edit Text/Bespoke/Seller Pages/Onboarding_Settings/input_STATE_address-state'

2020-03-20 10:36:12 - [MESSAGE][PASSED] - Keys '*' sent to object: 'Object Repository/ADMIN/Edit Text/Bespoke/Seller Pages/Onboarding_Settings/input_STATE_address-state'

2020-03-20 10:36:12 - [TEST_STEP][PASSED] - sendKeys(findTestObject("ADMIN/Edit Text/Bespoke/Seller Pages/Onboarding_Settings/input_CITY_address-city"), "*"): Keys '*' sent to object: 'Object Repository/ADMIN/Edit Text/Bespoke/Seller Pages/Onboarding_Settings/input_CITY_address-city'

2020-03-20 10:36:12 - [MESSAGE][PASSED] - Keys '*' sent to object: 'Object Repository/ADMIN/Edit Text/Bespoke/Seller Pages/Onboarding_Settings/input_CITY_address-city'

2020-03-20 10:36:12 - [TEST_STEP][PASSED] - sendKeys(findTestObject("ADMIN/Edit Text/Bespoke/Seller Pages/Onboarding_Settings/input_POSTAL CODE_address-postalcode"), "*"): Keys '*' sent to object: 'Object Repository/ADMIN/Edit Text/Bespoke/Seller Pages/Onboarding_Settings/input_POSTAL CODE_address-postalcode'

2020-03-20 10:36:12 - [MESSAGE][PASSED] - Keys '*' sent to object: 'Object Repository/ADMIN/Edit Text/Bespoke/Seller Pages/Onboarding_Settings/input_POSTAL CODE_address-postalcode'

2020-03-20 10:36:12 - [TEST_STEP][PASSED] - sendKeys(findTestObject("ADMIN/Edit Text/Bespoke/Seller Pages/Onboarding_Settings/input_ADD ADDRESS_btn_add"), "*"): Keys '*' sent to object: 'Object Repository/ADMIN/Edit Text/Bespoke/Seller Pages/Onboarding_Settings/input_ADD ADDRESS_btn_add'

2020-03-20 10:36:12 - [MESSAGE][PASSED] - Keys '*' sent to object: 'Object Repository/ADMIN/Edit Text/Bespoke/Seller Pages/Onboarding_Settings/input_ADD ADDRESS_btn_add'

2020-03-20 10:36:12 - [TEST_STEP][PASSED] - sendKeys(findTestObject("ADMIN/Edit Text/Bespoke/Seller Pages/Onboarding_Settings/input_SAVED ADDRESSES_address-saved"), "*"): Keys '*' sent to object: 'Object Repository/ADMIN/Edit Text/Bespoke/Seller Pages/Onboarding_Settings/input_SAVED ADDRESSES_address-saved'

2020-03-20 10:36:12 - [MESSAGE][PASSED] - Keys '*' sent to object: 'Object Repository/ADMIN/Edit Text/Bespoke/Seller Pages/Onboarding_Settings/input_SAVED ADDRESSES_address-saved'

2020-03-20 10:36:12 - [TEST_STEP][PASSED] - sendKeys(findTestObject("ADMIN/Edit Text/Bespoke/Seller Pages/Onboarding_Settings/input_Next_btn_next (1)"), "*"): Keys '*' sent to object: 'Object Repository/ADMIN/Edit Text/Bespoke/Seller Pages/Onboarding_Settings/input_Next_btn_next (1)'

2020-03-20 10:36:12 - [MESSAGE][PASSED] - Keys '*' sent to object: 'Object Repository/ADMIN/Edit Text/Bespoke/Seller Pages/Onboarding_Settings/input_Next_btn_next (1)'

2020-03-20 10:36:12 - [TEST_STEP][PASSED] - sendKeys(findTestObject("ADMIN/Edit Text/Bespoke/Seller Pages/Onboarding_Settings/input_PAYMENT ACCEPTANCE_tan-title"), "*"): Keys '*' sent to object: 'Object Repository/ADMIN/Edit Text/Bespoke/Seller Pages/Onboarding_Settings/input_PAYMENT ACCEPTANCE_tan-title'

2020-03-20 10:36:12 - [MESSAGE][PASSED] - Keys '*' sent to object: 'Object Repository/ADMIN/Edit Text/Bespoke/Seller Pages/Onboarding_Settings/input_PAYMENT ACCEPTANCE_tan-title'

2020-03-20 10:36:12 - [TEST_STEP][PASSED] - sendKeys(findTestObject("ADMIN/Edit Text/Bespoke/Seller Pages/Onboarding_Settings/input_PAYMENT METHOD_payment_method"), "*"): Keys '*' sent to object: 'Object Repository/ADMIN/Edit Text/Bespoke/Seller Pages/Onboarding_Settings/input_PAYMENT METHOD_payment_method'

2020-03-20 10:36:12 - [MESSAGE][PASSED] - Keys '*' sent to object: 'Object Repository/ADMIN/Edit Text/Bespoke/Seller Pages/Onboarding_Settings/input_PAYMENT METHOD_payment_method'

2020-03-20 10:36:12 - [TEST_STEP][PASSED] - sendKeys(findTestObject("ADMIN/Edit Text/Bespoke/Seller Pages/Onboarding_Settings/input_Select your preferred payment method_select_payment_method"), "*"): Keys '*' sent to object: 'Object Repository/ADMIN/Edit Text/Bespoke/Seller Pages/Onboarding_Settings/input_Select your preferred payment method_select_payment_method'

2020-03-20 10:36:13 - [MESSAGE][PASSED] - Keys '*' sent to object: 'Object Repository/ADMIN/Edit Text/Bespoke/Seller Pages/Onboarding_Settings/input_Select your preferred payment method_select_payment_method'

2020-03-20 10:36:13 - [TEST_STEP][PASSED] - sendKeys(findTestObject("ADMIN/Edit Text/Bespoke/Seller Pages/Onboarding_Settings/input_LINK ACCOUNT_btn_link_account"), "*"): Keys '*' sent to object: 'Object Repository/ADMIN/Edit Text/Bespoke/Seller Pages/Onboarding_Settings/input_LINK ACCOUNT_btn_link_account'

2020-03-20 10:36:13 - [MESSAGE][PASSED] - Keys '*' sent to object: 'Object Repository/ADMIN/Edit Text/Bespoke/Seller Pages/Onboarding_Settings/input_LINK ACCOUNT_btn_link_account'

2020-03-20 10:36:13 - [TEST_STEP][PASSED] - sendKeys(findTestObject("ADMIN/Edit Text/Bespoke/Seller Pages/Onboarding_Settings/input_VERIFIED_verified"), "*"): Keys '*' sent to object: 'Object Repository/ADMIN/Edit Text/Bespoke/Seller Pages/Onboarding_Settings/input_VERIFIED_verified'

2020-03-20 10:36:13 - [MESSAGE][PASSED] - Keys '*' sent to object: 'Object Repository/ADMIN/Edit Text/Bespoke/Seller Pages/Onboarding_Settings/input_VERIFIED_verified'

2020-03-20 10:36:13 - [TEST_STEP][PASSED] - sendKeys(findTestObject("ADMIN/Edit Text/Bespoke/Seller Pages/Onboarding_Settings/input_This payment method is compulsory_this_method_compulsory"), "*"): Keys '*' sent to object: 'Object Repository/ADMIN/Edit Text/Bespoke/Seller Pages/Onboarding_Settings/input_This payment method is compulsory_this_method_compulsory'

2020-03-20 10:36:13 - [MESSAGE][PASSED] - Keys '*' sent to object: 'Object Repository/ADMIN/Edit Text/Bespoke/Seller Pages/Onboarding_Settings/input_This payment method is compulsory_this_method_compulsory'

2020-03-20 10:36:13 - [TEST_STEP][PASSED] - sendKeys(findTestObject("ADMIN/Edit Text/Bespoke/Seller Pages/Onboarding_Settings/input_No account linked yet_no-account-linked"), "*"): Keys '*' sent to object: 'Object Repository/ADMIN/Edit Text/Bespoke/Seller Pages/Onboarding_Settings/input_No account linked yet_no-account-linked'

2020-03-20 10:36:13 - [MESSAGE][PASSED] - Keys '*' sent to object: 'Object Repository/ADMIN/Edit Text/Bespoke/Seller Pages/Onboarding_Settings/input_No account linked yet_no-account-linked'

2020-03-20 10:36:13 - [TEST_STEP][PASSED] - sendKeys(findTestObject("ADMIN/Edit Text/Bespoke/Seller Pages/Onboarding_Settings/input_next3"), "*"): Keys '*' sent to object: 'Object Repository/ADMIN/Edit Text/Bespoke/Seller Pages/Onboarding_Settings/input_next3'

2020-03-20 10:36:13 - [MESSAGE][PASSED] - Keys '*' sent to object: 'Object Repository/ADMIN/Edit Text/Bespoke/Seller Pages/Onboarding_Settings/input_next3'

2020-03-20 10:36:13 - [TEST_STEP][PASSED] - sendKeys(findTestObject("ADMIN/Edit Text/Bespoke/Seller Pages/Onboarding_Settings/input_DELIVERY METHODS_tab-title1"), "*"): Keys '*' sent to object: 'Object Repository/ADMIN/Edit Text/Bespoke/Seller Pages/Onboarding_Settings/input_DELIVERY METHODS_tab-title1'

2020-03-20 10:36:14 - [MESSAGE][PASSED] - Keys '*' sent to object: 'Object Repository/ADMIN/Edit Text/Bespoke/Seller Pages/Onboarding_Settings/input_DELIVERY METHODS_tab-title1'

2020-03-20 10:36:14 - [TEST_STEP][PASSED] - sendKeys(findTestObject("ADMIN/Edit Text/Bespoke/Seller Pages/Onboarding_Settings/input_DELIVERY OPTIONS_delivery-option"), "*"): Keys '*' sent to object: 'Object Repository/ADMIN/Edit Text/Bespoke/Seller Pages/Onboarding_Settings/input_DELIVERY OPTIONS_delivery-option'

2020-03-20 10:36:14 - [MESSAGE][PASSED] - Keys '*' sent to object: 'Object Repository/ADMIN/Edit Text/Bespoke/Seller Pages/Onboarding_Settings/input_DELIVERY OPTIONS_delivery-option'

2020-03-20 10:36:14 - [TEST_STEP][PASSED] - sendKeys(findTestObject("ADMIN/Edit Text/Bespoke/Seller Pages/Onboarding_Settings/input_DELIVERY OPTIONS_delivery-txt2"), "*"): Keys '*' sent to object: 'Object Repository/ADMIN/Edit Text/Bespoke/Seller Pages/Onboarding_Settings/input_DELIVERY OPTIONS_delivery-txt2'

2020-03-20 10:36:14 - [MESSAGE][PASSED] - Keys '*' sent to object: 'Object Repository/ADMIN/Edit Text/Bespoke/Seller Pages/Onboarding_Settings/input_DELIVERY OPTIONS_delivery-txt2'

2020-03-20 10:36:14 - [TEST_STEP][PASSED] - sendKeys(findTestObject("ADMIN/Edit Text/Bespoke/Seller Pages/Onboarding_Settings/input_DELIVERY SERVICE_delivery-service"), "*"): Keys '*' sent to object: 'Object Repository/ADMIN/Edit Text/Bespoke/Seller Pages/Onboarding_Settings/input_DELIVERY SERVICE_delivery-service'

2020-03-20 10:36:14 - [MESSAGE][PASSED] - Keys '*' sent to object: 'Object Repository/ADMIN/Edit Text/Bespoke/Seller Pages/Onboarding_Settings/input_DELIVERY SERVICE_delivery-service'

2020-03-20 10:36:14 - [TEST_STEP][PASSED] - sendKeys(findTestObject("ADMIN/Edit Text/Bespoke/Seller Pages/Onboarding_Settings/input_SINGLE ITEM DELIVERY (A)_single-item-delivery"), "*"): Keys '*' sent to object: 'Object Repository/ADMIN/Edit Text/Bespoke/Seller Pages/Onboarding_Settings/input_SINGLE ITEM DELIVERY (A)_single-item-delivery'

2020-03-20 10:36:14 - [MESSAGE][PASSED] - Keys '*' sent to object: 'Object Repository/ADMIN/Edit Text/Bespoke/Seller Pages/Onboarding_Settings/input_SINGLE ITEM DELIVERY (A)_single-item-delivery'

2020-03-20 10:36:14 - [TEST_STEP][PASSED] - sendKeys(findTestObject("ADMIN/Edit Text/Bespoke/Seller Pages/Onboarding_Settings/input_WITH OTHER ITEM (B)_with-other-item"), "*"): Keys '*' sent to object: 'Object Repository/ADMIN/Edit Text/Bespoke/Seller Pages/Onboarding_Settings/input_WITH OTHER ITEM (B)_with-other-item'

2020-03-20 10:36:14 - [MESSAGE][PASSED] - Keys '*' sent to object: 'Object Repository/ADMIN/Edit Text/Bespoke/Seller Pages/Onboarding_Settings/input_WITH OTHER ITEM (B)_with-other-item'

2020-03-20 10:36:14 - [TEST_STEP][PASSED] - sendKeys(findTestObject("ADMIN/Edit Text/Bespoke/Seller Pages/Onboarding_Settings/input_ADD_btn_add"), "*"): Keys '*' sent to object: 'Object Repository/ADMIN/Edit Text/Bespoke/Seller Pages/Onboarding_Settings/input_ADD_btn_add'

2020-03-20 10:36:14 - [MESSAGE][PASSED] - Keys '*' sent to object: 'Object Repository/ADMIN/Edit Text/Bespoke/Seller Pages/Onboarding_Settings/input_ADD_btn_add'

2020-03-20 10:36:14 - [TEST_STEP][PASSED] - sendKeys(findTestObject("ADMIN/Edit Text/Bespoke/Seller Pages/Onboarding_Settings/input_PICK-UP LOCATIONS_pick-up-option"), "*"): Keys '*' sent to object: 'Object Repository/ADMIN/Edit Text/Bespoke/Seller Pages/Onboarding_Settings/input_PICK-UP LOCATIONS_pick-up-option'

2020-03-20 10:36:15 - [MESSAGE][PASSED] - Keys '*' sent to object: 'Object Repository/ADMIN/Edit Text/Bespoke/Seller Pages/Onboarding_Settings/input_PICK-UP LOCATIONS_pick-up-option'

2020-03-20 10:36:15 - [TEST_STEP][PASSED] - sendKeys(findTestObject("ADMIN/Edit Text/Bespoke/Seller Pages/Onboarding_Settings/textarea_Define the full address where the buyer can pick up from (You must have at least a delivery option or a pick-up location selected)"), "*"): Keys '*' sent to object: 'Object Repository/ADMIN/Edit Text/Bespoke/Seller Pages/Onboarding_Settings/textarea_Define the full address where the buyer can pick up from (You must have at least a delivery option or a pick-up location selected)'

2020-03-20 10:36:15 - [MESSAGE][PASSED] - Keys '*' sent to object: 'Object Repository/ADMIN/Edit Text/Bespoke/Seller Pages/Onboarding_Settings/textarea_Define the full address where the buyer can pick up from (You must have at least a delivery option or a pick-up location selected)'

2020-03-20 10:36:15 - [TEST_STEP][PASSED] - sendKeys(findTestObject("ADMIN/Edit Text/Bespoke/Seller Pages/Onboarding_Settings/input_Offer reduced shipping costs to buyers when they buy more than one item from you_delivery-txt2"), "*"): Keys '*' sent to object: 'Object Repository/ADMIN/Edit Text/Bespoke/Seller Pages/Onboarding_Settings/input_Offer reduced shipping costs to buyers when they buy more than one item from you_delivery-txt2'

2020-03-20 10:36:15 - [MESSAGE][PASSED] - Keys '*' sent to object: 'Object Repository/ADMIN/Edit Text/Bespoke/Seller Pages/Onboarding_Settings/input_Offer reduced shipping costs to buyers when they buy more than one item from you_delivery-txt2'

2020-03-20 10:36:15 - [TEST_STEP][PASSED] - sendKeys(findTestObject("ADMIN/Edit Text/Bespoke/Seller Pages/Onboarding_Settings/input_total delivery"), "*"): Keys '*' sent to object: 'Object Repository/ADMIN/Edit Text/Bespoke/Seller Pages/Onboarding_Settings/input_total delivery'

2020-03-20 10:36:15 - [MESSAGE][PASSED] - Keys '*' sent to object: 'Object Repository/ADMIN/Edit Text/Bespoke/Seller Pages/Onboarding_Settings/input_total delivery'

2020-03-20 10:36:15 - [TEST_STEP][PASSED] - sendKeys(findTestObject("ADMIN/Edit Text/Bespoke/Seller Pages/Onboarding_Settings/input_add1"), "*"): Keys '*' sent to object: 'Object Repository/ADMIN/Edit Text/Bespoke/Seller Pages/Onboarding_Settings/input_add1'

2020-03-20 10:36:15 - [MESSAGE][PASSED] - Keys '*' sent to object: 'Object Repository/ADMIN/Edit Text/Bespoke/Seller Pages/Onboarding_Settings/input_add1'

2020-03-20 10:36:15 - [TEST_STEP][PASSED] - sendKeys(findTestObject("ADMIN/Edit Text/Bespoke/Seller Pages/Onboarding_Settings/input_PICK-UP LOCATION ADDRESS_pick-up-address"), "*"): Keys '*' sent to object: 'Object Repository/ADMIN/Edit Text/Bespoke/Seller Pages/Onboarding_Settings/input_PICK-UP LOCATION ADDRESS_pick-up-address'

2020-03-20 10:36:15 - [MESSAGE][PASSED] - Keys '*' sent to object: 'Object Repository/ADMIN/Edit Text/Bespoke/Seller Pages/Onboarding_Settings/input_PICK-UP LOCATION ADDRESS_pick-up-address'

2020-03-20 10:36:15 - [TEST_STEP][PASSED] - sendKeys(findTestObject("ADMIN/Edit Text/Bespoke/Seller Pages/Onboarding_Settings/input_SAVE_btn_save"), "*"): Keys '*' sent to object: 'Object Repository/ADMIN/Edit Text/Bespoke/Seller Pages/Onboarding_Settings/input_SAVE_btn_save'

2020-03-20 10:36:15 - [MESSAGE][PASSED] - Keys '*' sent to object: 'Object Repository/ADMIN/Edit Text/Bespoke/Seller Pages/Onboarding_Settings/input_SAVE_btn_save'

2020-03-20 10:36:15 - [TEST_STEP][PASSED] - sendKeys(findTestObject("ADMIN/Edit Text/Bespoke/Seller Pages/Onboarding_Settings/input_Are you sure want to delete_popup-title"), "*"): Keys '*' sent to object: 'Object Repository/ADMIN/Edit Text/Bespoke/Seller Pages/Onboarding_Settings/input_Are you sure want to delete_popup-title'

2020-03-20 10:36:16 - [MESSAGE][PASSED] - Keys '*' sent to object: 'Object Repository/ADMIN/Edit Text/Bespoke/Seller Pages/Onboarding_Settings/input_Are you sure want to delete_popup-title'

2020-03-20 10:36:16 - [TEST_STEP][PASSED] - sendKeys(findTestObject("ADMIN/Edit Text/Bespoke/Seller Pages/Onboarding_Settings/input_CANCEL_btn_cancel"), "*"): Keys '*' sent to object: 'Object Repository/ADMIN/Edit Text/Bespoke/Seller Pages/Onboarding_Settings/input_CANCEL_btn_cancel'

2020-03-20 10:36:16 - [MESSAGE][PASSED] - Keys '*' sent to object: 'Object Repository/ADMIN/Edit Text/Bespoke/Seller Pages/Onboarding_Settings/input_CANCEL_btn_cancel'

2020-03-20 10:36:16 - [TEST_STEP][PASSED] - sendKeys(findTestObject("ADMIN/Edit Text/Bespoke/Seller Pages/Onboarding_Settings/input_Okay_btn_okay"), "*"): Keys '*' sent to object: 'Object Repository/ADMIN/Edit Text/Bespoke/Seller Pages/Onboarding_Settings/input_Okay_btn_okay'

2020-03-20 10:36:16 - [MESSAGE][PASSED] - Keys '*' sent to object: 'Object Repository/ADMIN/Edit Text/Bespoke/Seller Pages/Onboarding_Settings/input_Okay_btn_okay'

2020-03-20 10:36:16 - [TEST_STEP][PASSED] - sendKeys(findTestObject("ADMIN/Edit Text/Bespoke/Seller Pages/Onboarding_Settings/input_REMOVE ITEM_popup-title"), "*"): Keys '*' sent to object: 'Object Repository/ADMIN/Edit Text/Bespoke/Seller Pages/Onboarding_Settings/input_REMOVE ITEM_popup-title'

2020-03-20 10:36:16 - [MESSAGE][PASSED] - Keys '*' sent to object: 'Object Repository/ADMIN/Edit Text/Bespoke/Seller Pages/Onboarding_Settings/input_REMOVE ITEM_popup-title'

2020-03-20 10:36:16 - [TEST_STEP][PASSED] - sendKeys(findTestObject("ADMIN/Edit Text/Bespoke/Seller Pages/Onboarding_Settings/input_concat(Are you sure about removing this item from your list (It  ll be gone forever))_popup-title"), "*"): Keys '*' sent to object: 'Object Repository/ADMIN/Edit Text/Bespoke/Seller Pages/Onboarding_Settings/input_concat(Are you sure about removing this item from your list (It  ll be gone forever))_popup-title'

2020-03-20 10:36:16 - [MESSAGE][PASSED] - Keys '*' sent to object: 'Object Repository/ADMIN/Edit Text/Bespoke/Seller Pages/Onboarding_Settings/input_concat(Are you sure about removing this item from your list (It  ll be gone forever))_popup-title'

2020-03-20 10:36:16 - [TEST_STEP][PASSED] - sendKeys(findTestObject("ADMIN/Edit Text/Bespoke/Seller Pages/Onboarding_Settings/input_CANCEL_btn_cancel2"), "*"): Keys '*' sent to object: 'Object Repository/ADMIN/Edit Text/Bespoke/Seller Pages/Onboarding_Settings/input_CANCEL_btn_cancel2'

2020-03-20 10:36:16 - [MESSAGE][PASSED] - Keys '*' sent to object: 'Object Repository/ADMIN/Edit Text/Bespoke/Seller Pages/Onboarding_Settings/input_CANCEL_btn_cancel2'

2020-03-20 10:36:16 - [TEST_STEP][PASSED] - sendKeys(findTestObject("ADMIN/Edit Text/Bespoke/Seller Pages/Onboarding_Settings/input_Okay_btn_okay2"), "*"): Keys '*' sent to object: 'Object Repository/ADMIN/Edit Text/Bespoke/Seller Pages/Onboarding_Settings/input_Okay_btn_okay2'

2020-03-20 10:36:16 - [MESSAGE][PASSED] - Keys '*' sent to object: 'Object Repository/ADMIN/Edit Text/Bespoke/Seller Pages/Onboarding_Settings/input_Okay_btn_okay2'

2020-03-20 10:36:16 - [TEST_STEP][PASSED] - sendKeys(findTestObject("ADMIN/Edit Text/Bespoke/Seller Pages/Onboarding_Settings/input_Back_tab-title"), "*"): Keys '*' sent to object: 'Object Repository/ADMIN/Edit Text/Bespoke/Seller Pages/Onboarding_Settings/input_Back_tab-title'

2020-03-20 10:36:16 - [MESSAGE][PASSED] - Keys '*' sent to object: 'Object Repository/ADMIN/Edit Text/Bespoke/Seller Pages/Onboarding_Settings/input_Back_tab-title'

2020-03-20 10:36:16 - [TEST_STEP][PASSED] - sendKeys(findTestObject("ADMIN/Edit Text/Bespoke/Seller Pages/Onboarding_Settings/input_ACCOUNT CONFIGURATION_tab-title"), "*"): Keys '*' sent to object: 'Object Repository/ADMIN/Edit Text/Bespoke/Seller Pages/Onboarding_Settings/input_ACCOUNT CONFIGURATION_tab-title'

2020-03-20 10:36:17 - [MESSAGE][PASSED] - Keys '*' sent to object: 'Object Repository/ADMIN/Edit Text/Bespoke/Seller Pages/Onboarding_Settings/input_ACCOUNT CONFIGURATION_tab-title'

2020-03-20 10:36:17 - [TEST_STEP][PASSED] - sendKeys(findTestObject("ADMIN/Edit Text/Bespoke/Seller Pages/Onboarding_Settings/textarea_Your details entered here will be saved and verified by Omise Money you earn from your sales will be accredited to your bank account directly"), "*"): Keys '*' sent to object: 'Object Repository/ADMIN/Edit Text/Bespoke/Seller Pages/Onboarding_Settings/textarea_Your details entered here will be saved and verified by Omise Money you earn from your sales will be accredited to your bank account directly'

2020-03-20 10:36:17 - [MESSAGE][PASSED] - Keys '*' sent to object: 'Object Repository/ADMIN/Edit Text/Bespoke/Seller Pages/Onboarding_Settings/textarea_Your details entered here will be saved and verified by Omise Money you earn from your sales will be accredited to your bank account directly'

2020-03-20 10:36:17 - [TEST_STEP][PASSED] - sendKeys(findTestObject("ADMIN/Edit Text/Bespoke/Seller Pages/Onboarding_Settings/input_TYPE_tab-title"), "*"): Keys '*' sent to object: 'Object Repository/ADMIN/Edit Text/Bespoke/Seller Pages/Onboarding_Settings/input_TYPE_tab-title'

2020-03-20 10:36:17 - [MESSAGE][PASSED] - Keys '*' sent to object: 'Object Repository/ADMIN/Edit Text/Bespoke/Seller Pages/Onboarding_Settings/input_TYPE_tab-title'

2020-03-20 10:36:17 - [TEST_STEP][PASSED] - sendKeys(findTestObject("ADMIN/Edit Text/Bespoke/Seller Pages/Onboarding_Settings/input_Tax identification number (optional)_tab-title"), "*"): Keys '*' sent to object: 'Object Repository/ADMIN/Edit Text/Bespoke/Seller Pages/Onboarding_Settings/input_Tax identification number (optional)_tab-title'

2020-03-20 10:36:17 - [MESSAGE][PASSED] - Keys '*' sent to object: 'Object Repository/ADMIN/Edit Text/Bespoke/Seller Pages/Onboarding_Settings/input_Tax identification number (optional)_tab-title'

2020-03-20 10:36:17 - [TEST_STEP][PASSED] - sendKeys(findTestObject("ADMIN/Edit Text/Bespoke/Seller Pages/Onboarding_Settings/input_Individual_tab-title"), "*"): Keys '*' sent to object: 'Object Repository/ADMIN/Edit Text/Bespoke/Seller Pages/Onboarding_Settings/input_Individual_tab-title'

2020-03-20 10:36:17 - [MESSAGE][PASSED] - Keys '*' sent to object: 'Object Repository/ADMIN/Edit Text/Bespoke/Seller Pages/Onboarding_Settings/input_Individual_tab-title'

2020-03-20 10:36:17 - [TEST_STEP][PASSED] - sendKeys(findTestObject("ADMIN/Edit Text/Bespoke/Seller Pages/Onboarding_Settings/input_Corporate_tab-title"), "*"): Keys '*' sent to object: 'Object Repository/ADMIN/Edit Text/Bespoke/Seller Pages/Onboarding_Settings/input_Corporate_tab-title'

2020-03-20 10:36:17 - [MESSAGE][PASSED] - Keys '*' sent to object: 'Object Repository/ADMIN/Edit Text/Bespoke/Seller Pages/Onboarding_Settings/input_Corporate_tab-title'

2020-03-20 10:36:17 - [TEST_STEP][PASSED] - sendKeys(findTestObject("ADMIN/Edit Text/Bespoke/Seller Pages/Onboarding_Settings/input_Bank  branch code_tab-title"), "*"): Keys '*' sent to object: 'Object Repository/ADMIN/Edit Text/Bespoke/Seller Pages/Onboarding_Settings/input_Bank  branch code_tab-title'

2020-03-20 10:36:17 - [MESSAGE][PASSED] - Keys '*' sent to object: 'Object Repository/ADMIN/Edit Text/Bespoke/Seller Pages/Onboarding_Settings/input_Bank  branch code_tab-title'

2020-03-20 10:36:17 - [TEST_STEP][PASSED] - sendKeys(findTestObject("ADMIN/Edit Text/Bespoke/Seller Pages/Onboarding_Settings/input_Bank account number_tab-title"), "*"): Keys '*' sent to object: 'Object Repository/ADMIN/Edit Text/Bespoke/Seller Pages/Onboarding_Settings/input_Bank account number_tab-title'

2020-03-20 10:36:18 - [MESSAGE][PASSED] - Keys '*' sent to object: 'Object Repository/ADMIN/Edit Text/Bespoke/Seller Pages/Onboarding_Settings/input_Bank account number_tab-title'

2020-03-20 10:36:18 - [TEST_STEP][PASSED] - sendKeys(findTestObject("ADMIN/Edit Text/Bespoke/Seller Pages/Onboarding_Settings/input_Bank account name_tab-title"), "*"): Keys '*' sent to object: 'Object Repository/ADMIN/Edit Text/Bespoke/Seller Pages/Onboarding_Settings/input_Bank account name_tab-title'

2020-03-20 10:36:18 - [MESSAGE][PASSED] - Keys '*' sent to object: 'Object Repository/ADMIN/Edit Text/Bespoke/Seller Pages/Onboarding_Settings/input_Bank account name_tab-title'

2020-03-20 10:36:18 - [TEST_STEP][PASSED] - click(findTestObject("ADMIN/Edit Text/Bespoke/Buyer Pages/Homepage/button_save"), CONTINUE_ON_FAILURE): Object: 'Object Repository/ADMIN/Edit Text/Bespoke/Buyer Pages/Homepage/button_save' is clicked on

2020-03-20 10:36:18 - [MESSAGE][PASSED] - Object: 'Object Repository/ADMIN/Edit Text/Bespoke/Buyer Pages/Homepage/button_save' is clicked on

2020-03-20 10:36:18 - [TEST_STEP][PASSED] - waitForElementVisible(findTestObject("ADMIN/Edit Text/Bespoke/Buyer Pages/Homepage/toaster_success"), 0): Object 'Object Repository/ADMIN/Edit Text/Bespoke/Buyer Pages/Homepage/toaster_success' is visible

2020-03-20 10:36:18 - [MESSAGE][WARNING] - Timeout '0' is invalid. Using default page load timeout: '30'

2020-03-20 10:36:19 - [MESSAGE][PASSED] - Object 'Object Repository/ADMIN/Edit Text/Bespoke/Buyer Pages/Homepage/toaster_success' is visible]]></system-out>
         <system-err><![CDATA[]]></system-err>
      </testcase>
      <testcase name="Test Cases/ADMIN/Language/Edit Text/Bespoke/Seller/Onboarding_Settings" time="11.975" classname="Test Cases/ADMIN/Language/Edit Text/Bespoke/Seller/Onboarding_Settings" status="PASSED">
         <system-out><![CDATA[2020-03-20 10:36:19 - [TEST_CASE][PASSED] - Test Cases/ADMIN/Language/Edit Text/Bespoke/Seller/Onboarding_Settings: Test Cases/ADMIN/Language/Edit Text/Bespoke/Seller/Onboarding_Settings

2020-03-20 10:36:19 - [TEST_STEP][PASSED] - waitForElementVisible(findTestObject("ADMIN/Edit Text/Bespoke/Buyer Navigation/dd_language"), 0): Object 'Object Repository/ADMIN/Edit Text/Bespoke/Buyer Navigation/dd_language' is visible

2020-03-20 10:36:19 - [MESSAGE][WARNING] - Timeout '0' is invalid. Using default page load timeout: '30'

2020-03-20 10:36:19 - [MESSAGE][PASSED] - Object 'Object Repository/ADMIN/Edit Text/Bespoke/Buyer Navigation/dd_language' is visible

2020-03-20 10:36:19 - [TEST_STEP][PASSED] - selectOptionByLabel(findTestObject("ADMIN/Edit Text/Bespoke/Buyer Navigation/dd_language"), varLanguage, false): All options with label 'Portuguese' are selected in object 'Object Repository/ADMIN/Edit Text/Bespoke/Buyer Navigation/dd_language' 

2020-03-20 10:36:19 - [MESSAGE][PASSED] - All options with label 'Portuguese' are selected in object 'Object Repository/ADMIN/Edit Text/Bespoke/Buyer Navigation/dd_language' 

2020-03-20 10:36:19 - [TEST_STEP][PASSED] - sendKeys(findTestObject("ADMIN/Edit Text/Bespoke/Seller Pages/Onboarding_Settings/input_USER SETTINGS_marketplace-name"), "*"): Keys '*' sent to object: 'Object Repository/ADMIN/Edit Text/Bespoke/Seller Pages/Onboarding_Settings/input_USER SETTINGS_marketplace-name'

2020-03-20 10:36:20 - [MESSAGE][PASSED] - Keys '*' sent to object: 'Object Repository/ADMIN/Edit Text/Bespoke/Seller Pages/Onboarding_Settings/input_USER SETTINGS_marketplace-name'

2020-03-20 10:36:20 - [TEST_STEP][PASSED] - sendKeys(findTestObject("ADMIN/Edit Text/Bespoke/Seller Pages/Onboarding_Settings/input_Configure your profile your delivery methods and how you receive payments_item_details"), "*"): Keys '*' sent to object: 'Object Repository/ADMIN/Edit Text/Bespoke/Seller Pages/Onboarding_Settings/input_Configure your profile your delivery methods and how you receive payments_item_details'

2020-03-20 10:36:20 - [MESSAGE][PASSED] - Keys '*' sent to object: 'Object Repository/ADMIN/Edit Text/Bespoke/Seller Pages/Onboarding_Settings/input_Configure your profile your delivery methods and how you receive payments_item_details'

2020-03-20 10:36:20 - [TEST_STEP][PASSED] - sendKeys(findTestObject("ADMIN/Edit Text/Bespoke/Seller Pages/Onboarding_Settings/input_PROFILE_tab-title"), "*"): Keys '*' sent to object: 'Object Repository/ADMIN/Edit Text/Bespoke/Seller Pages/Onboarding_Settings/input_PROFILE_tab-title'

2020-03-20 10:36:20 - [MESSAGE][PASSED] - Keys '*' sent to object: 'Object Repository/ADMIN/Edit Text/Bespoke/Seller Pages/Onboarding_Settings/input_PROFILE_tab-title'

2020-03-20 10:36:20 - [TEST_STEP][PASSED] - sendKeys(findTestObject("ADMIN/Edit Text/Bespoke/Seller Pages/Onboarding_Settings/input_CHANGE_btn_upload"), "*"): Keys '*' sent to object: 'Object Repository/ADMIN/Edit Text/Bespoke/Seller Pages/Onboarding_Settings/input_CHANGE_btn_upload'

2020-03-20 10:36:20 - [MESSAGE][PASSED] - Keys '*' sent to object: 'Object Repository/ADMIN/Edit Text/Bespoke/Seller Pages/Onboarding_Settings/input_CHANGE_btn_upload'

2020-03-20 10:36:20 - [TEST_STEP][PASSED] - sendKeys(findTestObject("ADMIN/Edit Text/Bespoke/Seller Pages/Onboarding_Settings/input_DISPLAY NAME_display-name"), "*"): Keys '*' sent to object: 'Object Repository/ADMIN/Edit Text/Bespoke/Seller Pages/Onboarding_Settings/input_DISPLAY NAME_display-name'

2020-03-20 10:36:21 - [MESSAGE][PASSED] - Keys '*' sent to object: 'Object Repository/ADMIN/Edit Text/Bespoke/Seller Pages/Onboarding_Settings/input_DISPLAY NAME_display-name'

2020-03-20 10:36:21 - [TEST_STEP][PASSED] - sendKeys(findTestObject("ADMIN/Edit Text/Bespoke/Seller Pages/Onboarding_Settings/input_DESCRIPTION_description"), "*"): Keys '*' sent to object: 'Object Repository/ADMIN/Edit Text/Bespoke/Seller Pages/Onboarding_Settings/input_DESCRIPTION_description'

2020-03-20 10:36:21 - [MESSAGE][PASSED] - Keys '*' sent to object: 'Object Repository/ADMIN/Edit Text/Bespoke/Seller Pages/Onboarding_Settings/input_DESCRIPTION_description'

2020-03-20 10:36:21 - [TEST_STEP][PASSED] - sendKeys(findTestObject("ADMIN/Edit Text/Bespoke/Seller Pages/Onboarding_Settings/input_FIRST NAME_first-name"), "*"): Keys '*' sent to object: 'Object Repository/ADMIN/Edit Text/Bespoke/Seller Pages/Onboarding_Settings/input_FIRST NAME_first-name'

2020-03-20 10:36:21 - [MESSAGE][PASSED] - Keys '*' sent to object: 'Object Repository/ADMIN/Edit Text/Bespoke/Seller Pages/Onboarding_Settings/input_FIRST NAME_first-name'

2020-03-20 10:36:21 - [TEST_STEP][PASSED] - sendKeys(findTestObject("ADMIN/Edit Text/Bespoke/Seller Pages/Onboarding_Settings/input_LAST NAME_last-name"), "*"): Keys '*' sent to object: 'Object Repository/ADMIN/Edit Text/Bespoke/Seller Pages/Onboarding_Settings/input_LAST NAME_last-name'

2020-03-20 10:36:21 - [MESSAGE][PASSED] - Keys '*' sent to object: 'Object Repository/ADMIN/Edit Text/Bespoke/Seller Pages/Onboarding_Settings/input_LAST NAME_last-name'

2020-03-20 10:36:21 - [TEST_STEP][PASSED] - sendKeys(findTestObject("ADMIN/Edit Text/Bespoke/Seller Pages/Onboarding_Settings/input_NOTIFICATION EMAIL_notification-email"), "*"): Keys '*' sent to object: 'Object Repository/ADMIN/Edit Text/Bespoke/Seller Pages/Onboarding_Settings/input_NOTIFICATION EMAIL_notification-email'

2020-03-20 10:36:21 - [MESSAGE][PASSED] - Keys '*' sent to object: 'Object Repository/ADMIN/Edit Text/Bespoke/Seller Pages/Onboarding_Settings/input_NOTIFICATION EMAIL_notification-email'

2020-03-20 10:36:21 - [TEST_STEP][PASSED] - sendKeys(findTestObject("ADMIN/Edit Text/Bespoke/Seller Pages/Onboarding_Settings/input_CONTACT NUMBER_contact-number"), "*"): Keys '*' sent to object: 'Object Repository/ADMIN/Edit Text/Bespoke/Seller Pages/Onboarding_Settings/input_CONTACT NUMBER_contact-number'

2020-03-20 10:36:21 - [MESSAGE][PASSED] - Keys '*' sent to object: 'Object Repository/ADMIN/Edit Text/Bespoke/Seller Pages/Onboarding_Settings/input_CONTACT NUMBER_contact-number'

2020-03-20 10:36:21 - [TEST_STEP][PASSED] - sendKeys(findTestObject("ADMIN/Edit Text/Bespoke/Seller Pages/Onboarding_Settings/input_OPENID LOGIN_open-id-login"), "*"): Keys '*' sent to object: 'Object Repository/ADMIN/Edit Text/Bespoke/Seller Pages/Onboarding_Settings/input_OPENID LOGIN_open-id-login'

2020-03-20 10:36:21 - [MESSAGE][PASSED] - Keys '*' sent to object: 'Object Repository/ADMIN/Edit Text/Bespoke/Seller Pages/Onboarding_Settings/input_OPENID LOGIN_open-id-login'

2020-03-20 10:36:21 - [TEST_STEP][PASSED] - sendKeys(findTestObject("ADMIN/Edit Text/Bespoke/Seller Pages/Onboarding_Settings/input_SELLER LOCATION_seller_location"), "*"): Keys '*' sent to object: 'Object Repository/ADMIN/Edit Text/Bespoke/Seller Pages/Onboarding_Settings/input_SELLER LOCATION_seller_location'

2020-03-20 10:36:21 - [MESSAGE][PASSED] - Keys '*' sent to object: 'Object Repository/ADMIN/Edit Text/Bespoke/Seller Pages/Onboarding_Settings/input_SELLER LOCATION_seller_location'

2020-03-20 10:36:21 - [TEST_STEP][PASSED] - sendKeys(findTestObject("ADMIN/Edit Text/Bespoke/Seller Pages/Onboarding_Settings/textarea_For each transaction that is made through the marketplace there will be a seller transaction fee of"), "*"): Keys '*' sent to object: 'Object Repository/ADMIN/Edit Text/Bespoke/Seller Pages/Onboarding_Settings/textarea_For each transaction that is made through the marketplace there will be a seller transaction fee of'

2020-03-20 10:36:22 - [MESSAGE][PASSED] - Keys '*' sent to object: 'Object Repository/ADMIN/Edit Text/Bespoke/Seller Pages/Onboarding_Settings/textarea_For each transaction that is made through the marketplace there will be a seller transaction fee of'

2020-03-20 10:36:22 - [TEST_STEP][PASSED] - sendKeys(findTestObject("ADMIN/Edit Text/Bespoke/Seller Pages/Onboarding_Settings/input_NEXT_btn_next"), "*"): Keys '*' sent to object: 'Object Repository/ADMIN/Edit Text/Bespoke/Seller Pages/Onboarding_Settings/input_NEXT_btn_next'

2020-03-20 10:36:22 - [MESSAGE][PASSED] - Keys '*' sent to object: 'Object Repository/ADMIN/Edit Text/Bespoke/Seller Pages/Onboarding_Settings/input_NEXT_btn_next'

2020-03-20 10:36:22 - [TEST_STEP][PASSED] - sendKeys(findTestObject("ADMIN/Edit Text/Bespoke/Seller Pages/Onboarding_Settings/input_ADDRESS_tab-title"), "*"): Keys '*' sent to object: 'Object Repository/ADMIN/Edit Text/Bespoke/Seller Pages/Onboarding_Settings/input_ADDRESS_tab-title'

2020-03-20 10:36:22 - [MESSAGE][PASSED] - Keys '*' sent to object: 'Object Repository/ADMIN/Edit Text/Bespoke/Seller Pages/Onboarding_Settings/input_ADDRESS_tab-title'

2020-03-20 10:36:22 - [TEST_STEP][PASSED] - sendKeys(findTestObject("ADMIN/Edit Text/Bespoke/Seller Pages/Onboarding_Settings/input_NEW DELIVERY ADDRESS_new-delivery-address"), "*"): Keys '*' sent to object: 'Object Repository/ADMIN/Edit Text/Bespoke/Seller Pages/Onboarding_Settings/input_NEW DELIVERY ADDRESS_new-delivery-address'

2020-03-20 10:36:22 - [MESSAGE][PASSED] - Keys '*' sent to object: 'Object Repository/ADMIN/Edit Text/Bespoke/Seller Pages/Onboarding_Settings/input_NEW DELIVERY ADDRESS_new-delivery-address'

2020-03-20 10:36:22 - [TEST_STEP][PASSED] - sendKeys(findTestObject("ADMIN/Edit Text/Bespoke/Seller Pages/Onboarding_Settings/input_ADDRESSEE FIRST NAME_addressee-first-name"), "*"): Keys '*' sent to object: 'Object Repository/ADMIN/Edit Text/Bespoke/Seller Pages/Onboarding_Settings/input_ADDRESSEE FIRST NAME_addressee-first-name'

2020-03-20 10:36:22 - [MESSAGE][PASSED] - Keys '*' sent to object: 'Object Repository/ADMIN/Edit Text/Bespoke/Seller Pages/Onboarding_Settings/input_ADDRESSEE FIRST NAME_addressee-first-name'

2020-03-20 10:36:22 - [TEST_STEP][PASSED] - sendKeys(findTestObject("ADMIN/Edit Text/Bespoke/Seller Pages/Onboarding_Settings/input_ADDRESSEE LAST NAME_addressee-last-name"), "*"): Keys '*' sent to object: 'Object Repository/ADMIN/Edit Text/Bespoke/Seller Pages/Onboarding_Settings/input_ADDRESSEE LAST NAME_addressee-last-name'

2020-03-20 10:36:22 - [MESSAGE][PASSED] - Keys '*' sent to object: 'Object Repository/ADMIN/Edit Text/Bespoke/Seller Pages/Onboarding_Settings/input_ADDRESSEE LAST NAME_addressee-last-name'

2020-03-20 10:36:22 - [TEST_STEP][PASSED] - sendKeys(findTestObject("ADMIN/Edit Text/Bespoke/Seller Pages/Onboarding_Settings/input_ADDRESS_address"), "*"): Keys '*' sent to object: 'Object Repository/ADMIN/Edit Text/Bespoke/Seller Pages/Onboarding_Settings/input_ADDRESS_address'

2020-03-20 10:36:23 - [MESSAGE][PASSED] - Keys '*' sent to object: 'Object Repository/ADMIN/Edit Text/Bespoke/Seller Pages/Onboarding_Settings/input_ADDRESS_address'

2020-03-20 10:36:23 - [TEST_STEP][PASSED] - sendKeys(findTestObject("ADMIN/Edit Text/Bespoke/Seller Pages/Onboarding_Settings/input_SELECT COUNTRY_select-country"), "*"): Keys '*' sent to object: 'Object Repository/ADMIN/Edit Text/Bespoke/Seller Pages/Onboarding_Settings/input_SELECT COUNTRY_select-country'

2020-03-20 10:36:23 - [MESSAGE][PASSED] - Keys '*' sent to object: 'Object Repository/ADMIN/Edit Text/Bespoke/Seller Pages/Onboarding_Settings/input_SELECT COUNTRY_select-country'

2020-03-20 10:36:23 - [TEST_STEP][PASSED] - sendKeys(findTestObject("ADMIN/Edit Text/Bespoke/Seller Pages/Onboarding_Settings/input_COUNTRY_address-country"), "*"): Keys '*' sent to object: 'Object Repository/ADMIN/Edit Text/Bespoke/Seller Pages/Onboarding_Settings/input_COUNTRY_address-country'

2020-03-20 10:36:23 - [MESSAGE][PASSED] - Keys '*' sent to object: 'Object Repository/ADMIN/Edit Text/Bespoke/Seller Pages/Onboarding_Settings/input_COUNTRY_address-country'

2020-03-20 10:36:23 - [TEST_STEP][PASSED] - sendKeys(findTestObject("ADMIN/Edit Text/Bespoke/Seller Pages/Onboarding_Settings/input_STATE_address-state"), "*"): Keys '*' sent to object: 'Object Repository/ADMIN/Edit Text/Bespoke/Seller Pages/Onboarding_Settings/input_STATE_address-state'

2020-03-20 10:36:23 - [MESSAGE][PASSED] - Keys '*' sent to object: 'Object Repository/ADMIN/Edit Text/Bespoke/Seller Pages/Onboarding_Settings/input_STATE_address-state'

2020-03-20 10:36:23 - [TEST_STEP][PASSED] - sendKeys(findTestObject("ADMIN/Edit Text/Bespoke/Seller Pages/Onboarding_Settings/input_CITY_address-city"), "*"): Keys '*' sent to object: 'Object Repository/ADMIN/Edit Text/Bespoke/Seller Pages/Onboarding_Settings/input_CITY_address-city'

2020-03-20 10:36:23 - [MESSAGE][PASSED] - Keys '*' sent to object: 'Object Repository/ADMIN/Edit Text/Bespoke/Seller Pages/Onboarding_Settings/input_CITY_address-city'

2020-03-20 10:36:23 - [TEST_STEP][PASSED] - sendKeys(findTestObject("ADMIN/Edit Text/Bespoke/Seller Pages/Onboarding_Settings/input_POSTAL CODE_address-postalcode"), "*"): Keys '*' sent to object: 'Object Repository/ADMIN/Edit Text/Bespoke/Seller Pages/Onboarding_Settings/input_POSTAL CODE_address-postalcode'

2020-03-20 10:36:23 - [MESSAGE][PASSED] - Keys '*' sent to object: 'Object Repository/ADMIN/Edit Text/Bespoke/Seller Pages/Onboarding_Settings/input_POSTAL CODE_address-postalcode'

2020-03-20 10:36:23 - [TEST_STEP][PASSED] - sendKeys(findTestObject("ADMIN/Edit Text/Bespoke/Seller Pages/Onboarding_Settings/input_ADD ADDRESS_btn_add"), "*"): Keys '*' sent to object: 'Object Repository/ADMIN/Edit Text/Bespoke/Seller Pages/Onboarding_Settings/input_ADD ADDRESS_btn_add'

2020-03-20 10:36:24 - [MESSAGE][PASSED] - Keys '*' sent to object: 'Object Repository/ADMIN/Edit Text/Bespoke/Seller Pages/Onboarding_Settings/input_ADD ADDRESS_btn_add'

2020-03-20 10:36:24 - [TEST_STEP][PASSED] - sendKeys(findTestObject("ADMIN/Edit Text/Bespoke/Seller Pages/Onboarding_Settings/input_SAVED ADDRESSES_address-saved"), "*"): Keys '*' sent to object: 'Object Repository/ADMIN/Edit Text/Bespoke/Seller Pages/Onboarding_Settings/input_SAVED ADDRESSES_address-saved'

2020-03-20 10:36:24 - [MESSAGE][PASSED] - Keys '*' sent to object: 'Object Repository/ADMIN/Edit Text/Bespoke/Seller Pages/Onboarding_Settings/input_SAVED ADDRESSES_address-saved'

2020-03-20 10:36:24 - [TEST_STEP][PASSED] - sendKeys(findTestObject("ADMIN/Edit Text/Bespoke/Seller Pages/Onboarding_Settings/input_Next_btn_next (1)"), "*"): Keys '*' sent to object: 'Object Repository/ADMIN/Edit Text/Bespoke/Seller Pages/Onboarding_Settings/input_Next_btn_next (1)'

2020-03-20 10:36:24 - [MESSAGE][PASSED] - Keys '*' sent to object: 'Object Repository/ADMIN/Edit Text/Bespoke/Seller Pages/Onboarding_Settings/input_Next_btn_next (1)'

2020-03-20 10:36:24 - [TEST_STEP][PASSED] - sendKeys(findTestObject("ADMIN/Edit Text/Bespoke/Seller Pages/Onboarding_Settings/input_PAYMENT ACCEPTANCE_tan-title"), "*"): Keys '*' sent to object: 'Object Repository/ADMIN/Edit Text/Bespoke/Seller Pages/Onboarding_Settings/input_PAYMENT ACCEPTANCE_tan-title'

2020-03-20 10:36:24 - [MESSAGE][PASSED] - Keys '*' sent to object: 'Object Repository/ADMIN/Edit Text/Bespoke/Seller Pages/Onboarding_Settings/input_PAYMENT ACCEPTANCE_tan-title'

2020-03-20 10:36:24 - [TEST_STEP][PASSED] - sendKeys(findTestObject("ADMIN/Edit Text/Bespoke/Seller Pages/Onboarding_Settings/input_PAYMENT METHOD_payment_method"), "*"): Keys '*' sent to object: 'Object Repository/ADMIN/Edit Text/Bespoke/Seller Pages/Onboarding_Settings/input_PAYMENT METHOD_payment_method'

2020-03-20 10:36:24 - [MESSAGE][PASSED] - Keys '*' sent to object: 'Object Repository/ADMIN/Edit Text/Bespoke/Seller Pages/Onboarding_Settings/input_PAYMENT METHOD_payment_method'

2020-03-20 10:36:24 - [TEST_STEP][PASSED] - sendKeys(findTestObject("ADMIN/Edit Text/Bespoke/Seller Pages/Onboarding_Settings/input_Select your preferred payment method_select_payment_method"), "*"): Keys '*' sent to object: 'Object Repository/ADMIN/Edit Text/Bespoke/Seller Pages/Onboarding_Settings/input_Select your preferred payment method_select_payment_method'

2020-03-20 10:36:24 - [MESSAGE][PASSED] - Keys '*' sent to object: 'Object Repository/ADMIN/Edit Text/Bespoke/Seller Pages/Onboarding_Settings/input_Select your preferred payment method_select_payment_method'

2020-03-20 10:36:24 - [TEST_STEP][PASSED] - sendKeys(findTestObject("ADMIN/Edit Text/Bespoke/Seller Pages/Onboarding_Settings/input_LINK ACCOUNT_btn_link_account"), "*"): Keys '*' sent to object: 'Object Repository/ADMIN/Edit Text/Bespoke/Seller Pages/Onboarding_Settings/input_LINK ACCOUNT_btn_link_account'

2020-03-20 10:36:24 - [MESSAGE][PASSED] - Keys '*' sent to object: 'Object Repository/ADMIN/Edit Text/Bespoke/Seller Pages/Onboarding_Settings/input_LINK ACCOUNT_btn_link_account'

2020-03-20 10:36:24 - [TEST_STEP][PASSED] - sendKeys(findTestObject("ADMIN/Edit Text/Bespoke/Seller Pages/Onboarding_Settings/input_VERIFIED_verified"), "*"): Keys '*' sent to object: 'Object Repository/ADMIN/Edit Text/Bespoke/Seller Pages/Onboarding_Settings/input_VERIFIED_verified'

2020-03-20 10:36:25 - [MESSAGE][PASSED] - Keys '*' sent to object: 'Object Repository/ADMIN/Edit Text/Bespoke/Seller Pages/Onboarding_Settings/input_VERIFIED_verified'

2020-03-20 10:36:25 - [TEST_STEP][PASSED] - sendKeys(findTestObject("ADMIN/Edit Text/Bespoke/Seller Pages/Onboarding_Settings/input_This payment method is compulsory_this_method_compulsory"), "*"): Keys '*' sent to object: 'Object Repository/ADMIN/Edit Text/Bespoke/Seller Pages/Onboarding_Settings/input_This payment method is compulsory_this_method_compulsory'

2020-03-20 10:36:25 - [MESSAGE][PASSED] - Keys '*' sent to object: 'Object Repository/ADMIN/Edit Text/Bespoke/Seller Pages/Onboarding_Settings/input_This payment method is compulsory_this_method_compulsory'

2020-03-20 10:36:25 - [TEST_STEP][PASSED] - sendKeys(findTestObject("ADMIN/Edit Text/Bespoke/Seller Pages/Onboarding_Settings/input_No account linked yet_no-account-linked"), "*"): Keys '*' sent to object: 'Object Repository/ADMIN/Edit Text/Bespoke/Seller Pages/Onboarding_Settings/input_No account linked yet_no-account-linked'

2020-03-20 10:36:25 - [MESSAGE][PASSED] - Keys '*' sent to object: 'Object Repository/ADMIN/Edit Text/Bespoke/Seller Pages/Onboarding_Settings/input_No account linked yet_no-account-linked'

2020-03-20 10:36:25 - [TEST_STEP][PASSED] - sendKeys(findTestObject("ADMIN/Edit Text/Bespoke/Seller Pages/Onboarding_Settings/input_next3"), "*"): Keys '*' sent to object: 'Object Repository/ADMIN/Edit Text/Bespoke/Seller Pages/Onboarding_Settings/input_next3'

2020-03-20 10:36:25 - [MESSAGE][PASSED] - Keys '*' sent to object: 'Object Repository/ADMIN/Edit Text/Bespoke/Seller Pages/Onboarding_Settings/input_next3'

2020-03-20 10:36:25 - [TEST_STEP][PASSED] - sendKeys(findTestObject("ADMIN/Edit Text/Bespoke/Seller Pages/Onboarding_Settings/input_DELIVERY METHODS_tab-title1"), "*"): Keys '*' sent to object: 'Object Repository/ADMIN/Edit Text/Bespoke/Seller Pages/Onboarding_Settings/input_DELIVERY METHODS_tab-title1'

2020-03-20 10:36:25 - [MESSAGE][PASSED] - Keys '*' sent to object: 'Object Repository/ADMIN/Edit Text/Bespoke/Seller Pages/Onboarding_Settings/input_DELIVERY METHODS_tab-title1'

2020-03-20 10:36:25 - [TEST_STEP][PASSED] - sendKeys(findTestObject("ADMIN/Edit Text/Bespoke/Seller Pages/Onboarding_Settings/input_DELIVERY OPTIONS_delivery-option"), "*"): Keys '*' sent to object: 'Object Repository/ADMIN/Edit Text/Bespoke/Seller Pages/Onboarding_Settings/input_DELIVERY OPTIONS_delivery-option'

2020-03-20 10:36:25 - [MESSAGE][PASSED] - Keys '*' sent to object: 'Object Repository/ADMIN/Edit Text/Bespoke/Seller Pages/Onboarding_Settings/input_DELIVERY OPTIONS_delivery-option'

2020-03-20 10:36:25 - [TEST_STEP][PASSED] - sendKeys(findTestObject("ADMIN/Edit Text/Bespoke/Seller Pages/Onboarding_Settings/input_DELIVERY OPTIONS_delivery-txt2"), "*"): Keys '*' sent to object: 'Object Repository/ADMIN/Edit Text/Bespoke/Seller Pages/Onboarding_Settings/input_DELIVERY OPTIONS_delivery-txt2'

2020-03-20 10:36:25 - [MESSAGE][PASSED] - Keys '*' sent to object: 'Object Repository/ADMIN/Edit Text/Bespoke/Seller Pages/Onboarding_Settings/input_DELIVERY OPTIONS_delivery-txt2'

2020-03-20 10:36:25 - [TEST_STEP][PASSED] - sendKeys(findTestObject("ADMIN/Edit Text/Bespoke/Seller Pages/Onboarding_Settings/input_DELIVERY SERVICE_delivery-service"), "*"): Keys '*' sent to object: 'Object Repository/ADMIN/Edit Text/Bespoke/Seller Pages/Onboarding_Settings/input_DELIVERY SERVICE_delivery-service'

2020-03-20 10:36:26 - [MESSAGE][PASSED] - Keys '*' sent to object: 'Object Repository/ADMIN/Edit Text/Bespoke/Seller Pages/Onboarding_Settings/input_DELIVERY SERVICE_delivery-service'

2020-03-20 10:36:26 - [TEST_STEP][PASSED] - sendKeys(findTestObject("ADMIN/Edit Text/Bespoke/Seller Pages/Onboarding_Settings/input_SINGLE ITEM DELIVERY (A)_single-item-delivery"), "*"): Keys '*' sent to object: 'Object Repository/ADMIN/Edit Text/Bespoke/Seller Pages/Onboarding_Settings/input_SINGLE ITEM DELIVERY (A)_single-item-delivery'

2020-03-20 10:36:26 - [MESSAGE][PASSED] - Keys '*' sent to object: 'Object Repository/ADMIN/Edit Text/Bespoke/Seller Pages/Onboarding_Settings/input_SINGLE ITEM DELIVERY (A)_single-item-delivery'

2020-03-20 10:36:26 - [TEST_STEP][PASSED] - sendKeys(findTestObject("ADMIN/Edit Text/Bespoke/Seller Pages/Onboarding_Settings/input_WITH OTHER ITEM (B)_with-other-item"), "*"): Keys '*' sent to object: 'Object Repository/ADMIN/Edit Text/Bespoke/Seller Pages/Onboarding_Settings/input_WITH OTHER ITEM (B)_with-other-item'

2020-03-20 10:36:26 - [MESSAGE][PASSED] - Keys '*' sent to object: 'Object Repository/ADMIN/Edit Text/Bespoke/Seller Pages/Onboarding_Settings/input_WITH OTHER ITEM (B)_with-other-item'

2020-03-20 10:36:26 - [TEST_STEP][PASSED] - sendKeys(findTestObject("ADMIN/Edit Text/Bespoke/Seller Pages/Onboarding_Settings/input_ADD_btn_add"), "*"): Keys '*' sent to object: 'Object Repository/ADMIN/Edit Text/Bespoke/Seller Pages/Onboarding_Settings/input_ADD_btn_add'

2020-03-20 10:36:26 - [MESSAGE][PASSED] - Keys '*' sent to object: 'Object Repository/ADMIN/Edit Text/Bespoke/Seller Pages/Onboarding_Settings/input_ADD_btn_add'

2020-03-20 10:36:26 - [TEST_STEP][PASSED] - sendKeys(findTestObject("ADMIN/Edit Text/Bespoke/Seller Pages/Onboarding_Settings/input_PICK-UP LOCATIONS_pick-up-option"), "*"): Keys '*' sent to object: 'Object Repository/ADMIN/Edit Text/Bespoke/Seller Pages/Onboarding_Settings/input_PICK-UP LOCATIONS_pick-up-option'

2020-03-20 10:36:26 - [MESSAGE][PASSED] - Keys '*' sent to object: 'Object Repository/ADMIN/Edit Text/Bespoke/Seller Pages/Onboarding_Settings/input_PICK-UP LOCATIONS_pick-up-option'

2020-03-20 10:36:26 - [TEST_STEP][PASSED] - sendKeys(findTestObject("ADMIN/Edit Text/Bespoke/Seller Pages/Onboarding_Settings/textarea_Define the full address where the buyer can pick up from (You must have at least a delivery option or a pick-up location selected)"), "*"): Keys '*' sent to object: 'Object Repository/ADMIN/Edit Text/Bespoke/Seller Pages/Onboarding_Settings/textarea_Define the full address where the buyer can pick up from (You must have at least a delivery option or a pick-up location selected)'

2020-03-20 10:36:26 - [MESSAGE][PASSED] - Keys '*' sent to object: 'Object Repository/ADMIN/Edit Text/Bespoke/Seller Pages/Onboarding_Settings/textarea_Define the full address where the buyer can pick up from (You must have at least a delivery option or a pick-up location selected)'

2020-03-20 10:36:26 - [TEST_STEP][PASSED] - sendKeys(findTestObject("ADMIN/Edit Text/Bespoke/Seller Pages/Onboarding_Settings/input_Offer reduced shipping costs to buyers when they buy more than one item from you_delivery-txt2"), "*"): Keys '*' sent to object: 'Object Repository/ADMIN/Edit Text/Bespoke/Seller Pages/Onboarding_Settings/input_Offer reduced shipping costs to buyers when they buy more than one item from you_delivery-txt2'

2020-03-20 10:36:26 - [MESSAGE][PASSED] - Keys '*' sent to object: 'Object Repository/ADMIN/Edit Text/Bespoke/Seller Pages/Onboarding_Settings/input_Offer reduced shipping costs to buyers when they buy more than one item from you_delivery-txt2'

2020-03-20 10:36:26 - [TEST_STEP][PASSED] - sendKeys(findTestObject("ADMIN/Edit Text/Bespoke/Seller Pages/Onboarding_Settings/input_total delivery"), "*"): Keys '*' sent to object: 'Object Repository/ADMIN/Edit Text/Bespoke/Seller Pages/Onboarding_Settings/input_total delivery'

2020-03-20 10:36:27 - [MESSAGE][PASSED] - Keys '*' sent to object: 'Object Repository/ADMIN/Edit Text/Bespoke/Seller Pages/Onboarding_Settings/input_total delivery'

2020-03-20 10:36:27 - [TEST_STEP][PASSED] - sendKeys(findTestObject("ADMIN/Edit Text/Bespoke/Seller Pages/Onboarding_Settings/input_add1"), "*"): Keys '*' sent to object: 'Object Repository/ADMIN/Edit Text/Bespoke/Seller Pages/Onboarding_Settings/input_add1'

2020-03-20 10:36:27 - [MESSAGE][PASSED] - Keys '*' sent to object: 'Object Repository/ADMIN/Edit Text/Bespoke/Seller Pages/Onboarding_Settings/input_add1'

2020-03-20 10:36:27 - [TEST_STEP][PASSED] - sendKeys(findTestObject("ADMIN/Edit Text/Bespoke/Seller Pages/Onboarding_Settings/input_PICK-UP LOCATION ADDRESS_pick-up-address"), "*"): Keys '*' sent to object: 'Object Repository/ADMIN/Edit Text/Bespoke/Seller Pages/Onboarding_Settings/input_PICK-UP LOCATION ADDRESS_pick-up-address'

2020-03-20 10:36:27 - [MESSAGE][PASSED] - Keys '*' sent to object: 'Object Repository/ADMIN/Edit Text/Bespoke/Seller Pages/Onboarding_Settings/input_PICK-UP LOCATION ADDRESS_pick-up-address'

2020-03-20 10:36:27 - [TEST_STEP][PASSED] - sendKeys(findTestObject("ADMIN/Edit Text/Bespoke/Seller Pages/Onboarding_Settings/input_SAVE_btn_save"), "*"): Keys '*' sent to object: 'Object Repository/ADMIN/Edit Text/Bespoke/Seller Pages/Onboarding_Settings/input_SAVE_btn_save'

2020-03-20 10:36:27 - [MESSAGE][PASSED] - Keys '*' sent to object: 'Object Repository/ADMIN/Edit Text/Bespoke/Seller Pages/Onboarding_Settings/input_SAVE_btn_save'

2020-03-20 10:36:27 - [TEST_STEP][PASSED] - sendKeys(findTestObject("ADMIN/Edit Text/Bespoke/Seller Pages/Onboarding_Settings/input_Are you sure want to delete_popup-title"), "*"): Keys '*' sent to object: 'Object Repository/ADMIN/Edit Text/Bespoke/Seller Pages/Onboarding_Settings/input_Are you sure want to delete_popup-title'

2020-03-20 10:36:27 - [MESSAGE][PASSED] - Keys '*' sent to object: 'Object Repository/ADMIN/Edit Text/Bespoke/Seller Pages/Onboarding_Settings/input_Are you sure want to delete_popup-title'

2020-03-20 10:36:27 - [TEST_STEP][PASSED] - sendKeys(findTestObject("ADMIN/Edit Text/Bespoke/Seller Pages/Onboarding_Settings/input_CANCEL_btn_cancel"), "*"): Keys '*' sent to object: 'Object Repository/ADMIN/Edit Text/Bespoke/Seller Pages/Onboarding_Settings/input_CANCEL_btn_cancel'

2020-03-20 10:36:27 - [MESSAGE][PASSED] - Keys '*' sent to object: 'Object Repository/ADMIN/Edit Text/Bespoke/Seller Pages/Onboarding_Settings/input_CANCEL_btn_cancel'

2020-03-20 10:36:27 - [TEST_STEP][PASSED] - sendKeys(findTestObject("ADMIN/Edit Text/Bespoke/Seller Pages/Onboarding_Settings/input_Okay_btn_okay"), "*"): Keys '*' sent to object: 'Object Repository/ADMIN/Edit Text/Bespoke/Seller Pages/Onboarding_Settings/input_Okay_btn_okay'

2020-03-20 10:36:28 - [MESSAGE][PASSED] - Keys '*' sent to object: 'Object Repository/ADMIN/Edit Text/Bespoke/Seller Pages/Onboarding_Settings/input_Okay_btn_okay'

2020-03-20 10:36:28 - [TEST_STEP][PASSED] - sendKeys(findTestObject("ADMIN/Edit Text/Bespoke/Seller Pages/Onboarding_Settings/input_REMOVE ITEM_popup-title"), "*"): Keys '*' sent to object: 'Object Repository/ADMIN/Edit Text/Bespoke/Seller Pages/Onboarding_Settings/input_REMOVE ITEM_popup-title'

2020-03-20 10:36:28 - [MESSAGE][PASSED] - Keys '*' sent to object: 'Object Repository/ADMIN/Edit Text/Bespoke/Seller Pages/Onboarding_Settings/input_REMOVE ITEM_popup-title'

2020-03-20 10:36:28 - [TEST_STEP][PASSED] - sendKeys(findTestObject("ADMIN/Edit Text/Bespoke/Seller Pages/Onboarding_Settings/input_concat(Are you sure about removing this item from your list (It  ll be gone forever))_popup-title"), "*"): Keys '*' sent to object: 'Object Repository/ADMIN/Edit Text/Bespoke/Seller Pages/Onboarding_Settings/input_concat(Are you sure about removing this item from your list (It  ll be gone forever))_popup-title'

2020-03-20 10:36:28 - [MESSAGE][PASSED] - Keys '*' sent to object: 'Object Repository/ADMIN/Edit Text/Bespoke/Seller Pages/Onboarding_Settings/input_concat(Are you sure about removing this item from your list (It  ll be gone forever))_popup-title'

2020-03-20 10:36:28 - [TEST_STEP][PASSED] - sendKeys(findTestObject("ADMIN/Edit Text/Bespoke/Seller Pages/Onboarding_Settings/input_CANCEL_btn_cancel2"), "*"): Keys '*' sent to object: 'Object Repository/ADMIN/Edit Text/Bespoke/Seller Pages/Onboarding_Settings/input_CANCEL_btn_cancel2'

2020-03-20 10:36:28 - [MESSAGE][PASSED] - Keys '*' sent to object: 'Object Repository/ADMIN/Edit Text/Bespoke/Seller Pages/Onboarding_Settings/input_CANCEL_btn_cancel2'

2020-03-20 10:36:28 - [TEST_STEP][PASSED] - sendKeys(findTestObject("ADMIN/Edit Text/Bespoke/Seller Pages/Onboarding_Settings/input_Okay_btn_okay2"), "*"): Keys '*' sent to object: 'Object Repository/ADMIN/Edit Text/Bespoke/Seller Pages/Onboarding_Settings/input_Okay_btn_okay2'

2020-03-20 10:36:28 - [MESSAGE][PASSED] - Keys '*' sent to object: 'Object Repository/ADMIN/Edit Text/Bespoke/Seller Pages/Onboarding_Settings/input_Okay_btn_okay2'

2020-03-20 10:36:28 - [TEST_STEP][PASSED] - sendKeys(findTestObject("ADMIN/Edit Text/Bespoke/Seller Pages/Onboarding_Settings/input_Back_tab-title"), "*"): Keys '*' sent to object: 'Object Repository/ADMIN/Edit Text/Bespoke/Seller Pages/Onboarding_Settings/input_Back_tab-title'

2020-03-20 10:36:28 - [MESSAGE][PASSED] - Keys '*' sent to object: 'Object Repository/ADMIN/Edit Text/Bespoke/Seller Pages/Onboarding_Settings/input_Back_tab-title'

2020-03-20 10:36:28 - [TEST_STEP][PASSED] - sendKeys(findTestObject("ADMIN/Edit Text/Bespoke/Seller Pages/Onboarding_Settings/input_ACCOUNT CONFIGURATION_tab-title"), "*"): Keys '*' sent to object: 'Object Repository/ADMIN/Edit Text/Bespoke/Seller Pages/Onboarding_Settings/input_ACCOUNT CONFIGURATION_tab-title'

2020-03-20 10:36:29 - [MESSAGE][PASSED] - Keys '*' sent to object: 'Object Repository/ADMIN/Edit Text/Bespoke/Seller Pages/Onboarding_Settings/input_ACCOUNT CONFIGURATION_tab-title'

2020-03-20 10:36:29 - [TEST_STEP][PASSED] - sendKeys(findTestObject("ADMIN/Edit Text/Bespoke/Seller Pages/Onboarding_Settings/textarea_Your details entered here will be saved and verified by Omise Money you earn from your sales will be accredited to your bank account directly"), "*"): Keys '*' sent to object: 'Object Repository/ADMIN/Edit Text/Bespoke/Seller Pages/Onboarding_Settings/textarea_Your details entered here will be saved and verified by Omise Money you earn from your sales will be accredited to your bank account directly'

2020-03-20 10:36:29 - [MESSAGE][PASSED] - Keys '*' sent to object: 'Object Repository/ADMIN/Edit Text/Bespoke/Seller Pages/Onboarding_Settings/textarea_Your details entered here will be saved and verified by Omise Money you earn from your sales will be accredited to your bank account directly'

2020-03-20 10:36:29 - [TEST_STEP][PASSED] - sendKeys(findTestObject("ADMIN/Edit Text/Bespoke/Seller Pages/Onboarding_Settings/input_TYPE_tab-title"), "*"): Keys '*' sent to object: 'Object Repository/ADMIN/Edit Text/Bespoke/Seller Pages/Onboarding_Settings/input_TYPE_tab-title'

2020-03-20 10:36:29 - [MESSAGE][PASSED] - Keys '*' sent to object: 'Object Repository/ADMIN/Edit Text/Bespoke/Seller Pages/Onboarding_Settings/input_TYPE_tab-title'

2020-03-20 10:36:29 - [TEST_STEP][PASSED] - sendKeys(findTestObject("ADMIN/Edit Text/Bespoke/Seller Pages/Onboarding_Settings/input_Tax identification number (optional)_tab-title"), "*"): Keys '*' sent to object: 'Object Repository/ADMIN/Edit Text/Bespoke/Seller Pages/Onboarding_Settings/input_Tax identification number (optional)_tab-title'

2020-03-20 10:36:29 - [MESSAGE][PASSED] - Keys '*' sent to object: 'Object Repository/ADMIN/Edit Text/Bespoke/Seller Pages/Onboarding_Settings/input_Tax identification number (optional)_tab-title'

2020-03-20 10:36:29 - [TEST_STEP][PASSED] - sendKeys(findTestObject("ADMIN/Edit Text/Bespoke/Seller Pages/Onboarding_Settings/input_Individual_tab-title"), "*"): Keys '*' sent to object: 'Object Repository/ADMIN/Edit Text/Bespoke/Seller Pages/Onboarding_Settings/input_Individual_tab-title'

2020-03-20 10:36:29 - [MESSAGE][PASSED] - Keys '*' sent to object: 'Object Repository/ADMIN/Edit Text/Bespoke/Seller Pages/Onboarding_Settings/input_Individual_tab-title'

2020-03-20 10:36:29 - [TEST_STEP][PASSED] - sendKeys(findTestObject("ADMIN/Edit Text/Bespoke/Seller Pages/Onboarding_Settings/input_Corporate_tab-title"), "*"): Keys '*' sent to object: 'Object Repository/ADMIN/Edit Text/Bespoke/Seller Pages/Onboarding_Settings/input_Corporate_tab-title'

2020-03-20 10:36:29 - [MESSAGE][PASSED] - Keys '*' sent to object: 'Object Repository/ADMIN/Edit Text/Bespoke/Seller Pages/Onboarding_Settings/input_Corporate_tab-title'

2020-03-20 10:36:29 - [TEST_STEP][PASSED] - sendKeys(findTestObject("ADMIN/Edit Text/Bespoke/Seller Pages/Onboarding_Settings/input_Bank  branch code_tab-title"), "*"): Keys '*' sent to object: 'Object Repository/ADMIN/Edit Text/Bespoke/Seller Pages/Onboarding_Settings/input_Bank  branch code_tab-title'

2020-03-20 10:36:29 - [MESSAGE][PASSED] - Keys '*' sent to object: 'Object Repository/ADMIN/Edit Text/Bespoke/Seller Pages/Onboarding_Settings/input_Bank  branch code_tab-title'

2020-03-20 10:36:29 - [TEST_STEP][PASSED] - sendKeys(findTestObject("ADMIN/Edit Text/Bespoke/Seller Pages/Onboarding_Settings/input_Bank account number_tab-title"), "*"): Keys '*' sent to object: 'Object Repository/ADMIN/Edit Text/Bespoke/Seller Pages/Onboarding_Settings/input_Bank account number_tab-title'

2020-03-20 10:36:30 - [MESSAGE][PASSED] - Keys '*' sent to object: 'Object Repository/ADMIN/Edit Text/Bespoke/Seller Pages/Onboarding_Settings/input_Bank account number_tab-title'

2020-03-20 10:36:30 - [TEST_STEP][PASSED] - sendKeys(findTestObject("ADMIN/Edit Text/Bespoke/Seller Pages/Onboarding_Settings/input_Bank account name_tab-title"), "*"): Keys '*' sent to object: 'Object Repository/ADMIN/Edit Text/Bespoke/Seller Pages/Onboarding_Settings/input_Bank account name_tab-title'

2020-03-20 10:36:30 - [MESSAGE][PASSED] - Keys '*' sent to object: 'Object Repository/ADMIN/Edit Text/Bespoke/Seller Pages/Onboarding_Settings/input_Bank account name_tab-title'

2020-03-20 10:36:30 - [TEST_STEP][PASSED] - click(findTestObject("ADMIN/Edit Text/Bespoke/Buyer Pages/Homepage/button_save"), CONTINUE_ON_FAILURE): Object: 'Object Repository/ADMIN/Edit Text/Bespoke/Buyer Pages/Homepage/button_save' is clicked on

2020-03-20 10:36:30 - [MESSAGE][PASSED] - Object: 'Object Repository/ADMIN/Edit Text/Bespoke/Buyer Pages/Homepage/button_save' is clicked on

2020-03-20 10:36:30 - [TEST_STEP][PASSED] - waitForElementVisible(findTestObject("ADMIN/Edit Text/Bespoke/Buyer Pages/Homepage/toaster_success"), 0): Object 'Object Repository/ADMIN/Edit Text/Bespoke/Buyer Pages/Homepage/toaster_success' is visible

2020-03-20 10:36:30 - [MESSAGE][WARNING] - Timeout '0' is invalid. Using default page load timeout: '30'

2020-03-20 10:36:30 - [MESSAGE][PASSED] - Object 'Object Repository/ADMIN/Edit Text/Bespoke/Buyer Pages/Homepage/toaster_success' is visible]]></system-out>
         <system-err><![CDATA[]]></system-err>
      </testcase>
      <testcase name="Test Cases/ADMIN/Language/Edit Text/Bespoke/Seller/Onboarding_Settings" time="11.41" classname="Test Cases/ADMIN/Language/Edit Text/Bespoke/Seller/Onboarding_Settings" status="PASSED">
         <system-out><![CDATA[2020-03-20 10:36:31 - [TEST_CASE][PASSED] - Test Cases/ADMIN/Language/Edit Text/Bespoke/Seller/Onboarding_Settings: Test Cases/ADMIN/Language/Edit Text/Bespoke/Seller/Onboarding_Settings

2020-03-20 10:36:31 - [TEST_STEP][PASSED] - waitForElementVisible(findTestObject("ADMIN/Edit Text/Bespoke/Buyer Navigation/dd_language"), 0): Object 'Object Repository/ADMIN/Edit Text/Bespoke/Buyer Navigation/dd_language' is visible

2020-03-20 10:36:31 - [MESSAGE][WARNING] - Timeout '0' is invalid. Using default page load timeout: '30'

2020-03-20 10:36:31 - [MESSAGE][PASSED] - Object 'Object Repository/ADMIN/Edit Text/Bespoke/Buyer Navigation/dd_language' is visible

2020-03-20 10:36:31 - [TEST_STEP][PASSED] - selectOptionByLabel(findTestObject("ADMIN/Edit Text/Bespoke/Buyer Navigation/dd_language"), varLanguage, false): All options with label 'Indonesian' are selected in object 'Object Repository/ADMIN/Edit Text/Bespoke/Buyer Navigation/dd_language' 

2020-03-20 10:36:31 - [MESSAGE][PASSED] - All options with label 'Indonesian' are selected in object 'Object Repository/ADMIN/Edit Text/Bespoke/Buyer Navigation/dd_language' 

2020-03-20 10:36:31 - [TEST_STEP][PASSED] - sendKeys(findTestObject("ADMIN/Edit Text/Bespoke/Seller Pages/Onboarding_Settings/input_USER SETTINGS_marketplace-name"), "*"): Keys '*' sent to object: 'Object Repository/ADMIN/Edit Text/Bespoke/Seller Pages/Onboarding_Settings/input_USER SETTINGS_marketplace-name'

2020-03-20 10:36:32 - [MESSAGE][PASSED] - Keys '*' sent to object: 'Object Repository/ADMIN/Edit Text/Bespoke/Seller Pages/Onboarding_Settings/input_USER SETTINGS_marketplace-name'

2020-03-20 10:36:32 - [TEST_STEP][PASSED] - sendKeys(findTestObject("ADMIN/Edit Text/Bespoke/Seller Pages/Onboarding_Settings/input_Configure your profile your delivery methods and how you receive payments_item_details"), "*"): Keys '*' sent to object: 'Object Repository/ADMIN/Edit Text/Bespoke/Seller Pages/Onboarding_Settings/input_Configure your profile your delivery methods and how you receive payments_item_details'

2020-03-20 10:36:32 - [MESSAGE][PASSED] - Keys '*' sent to object: 'Object Repository/ADMIN/Edit Text/Bespoke/Seller Pages/Onboarding_Settings/input_Configure your profile your delivery methods and how you receive payments_item_details'

2020-03-20 10:36:32 - [TEST_STEP][PASSED] - sendKeys(findTestObject("ADMIN/Edit Text/Bespoke/Seller Pages/Onboarding_Settings/input_PROFILE_tab-title"), "*"): Keys '*' sent to object: 'Object Repository/ADMIN/Edit Text/Bespoke/Seller Pages/Onboarding_Settings/input_PROFILE_tab-title'

2020-03-20 10:36:32 - [MESSAGE][PASSED] - Keys '*' sent to object: 'Object Repository/ADMIN/Edit Text/Bespoke/Seller Pages/Onboarding_Settings/input_PROFILE_tab-title'

2020-03-20 10:36:32 - [TEST_STEP][PASSED] - sendKeys(findTestObject("ADMIN/Edit Text/Bespoke/Seller Pages/Onboarding_Settings/input_CHANGE_btn_upload"), "*"): Keys '*' sent to object: 'Object Repository/ADMIN/Edit Text/Bespoke/Seller Pages/Onboarding_Settings/input_CHANGE_btn_upload'

2020-03-20 10:36:32 - [MESSAGE][PASSED] - Keys '*' sent to object: 'Object Repository/ADMIN/Edit Text/Bespoke/Seller Pages/Onboarding_Settings/input_CHANGE_btn_upload'

2020-03-20 10:36:32 - [TEST_STEP][PASSED] - sendKeys(findTestObject("ADMIN/Edit Text/Bespoke/Seller Pages/Onboarding_Settings/input_DISPLAY NAME_display-name"), "*"): Keys '*' sent to object: 'Object Repository/ADMIN/Edit Text/Bespoke/Seller Pages/Onboarding_Settings/input_DISPLAY NAME_display-name'

2020-03-20 10:36:33 - [MESSAGE][PASSED] - Keys '*' sent to object: 'Object Repository/ADMIN/Edit Text/Bespoke/Seller Pages/Onboarding_Settings/input_DISPLAY NAME_display-name'

2020-03-20 10:36:33 - [TEST_STEP][PASSED] - sendKeys(findTestObject("ADMIN/Edit Text/Bespoke/Seller Pages/Onboarding_Settings/input_DESCRIPTION_description"), "*"): Keys '*' sent to object: 'Object Repository/ADMIN/Edit Text/Bespoke/Seller Pages/Onboarding_Settings/input_DESCRIPTION_description'

2020-03-20 10:36:33 - [MESSAGE][PASSED] - Keys '*' sent to object: 'Object Repository/ADMIN/Edit Text/Bespoke/Seller Pages/Onboarding_Settings/input_DESCRIPTION_description'

2020-03-20 10:36:33 - [TEST_STEP][PASSED] - sendKeys(findTestObject("ADMIN/Edit Text/Bespoke/Seller Pages/Onboarding_Settings/input_FIRST NAME_first-name"), "*"): Keys '*' sent to object: 'Object Repository/ADMIN/Edit Text/Bespoke/Seller Pages/Onboarding_Settings/input_FIRST NAME_first-name'

2020-03-20 10:36:33 - [MESSAGE][PASSED] - Keys '*' sent to object: 'Object Repository/ADMIN/Edit Text/Bespoke/Seller Pages/Onboarding_Settings/input_FIRST NAME_first-name'

2020-03-20 10:36:33 - [TEST_STEP][PASSED] - sendKeys(findTestObject("ADMIN/Edit Text/Bespoke/Seller Pages/Onboarding_Settings/input_LAST NAME_last-name"), "*"): Keys '*' sent to object: 'Object Repository/ADMIN/Edit Text/Bespoke/Seller Pages/Onboarding_Settings/input_LAST NAME_last-name'

2020-03-20 10:36:33 - [MESSAGE][PASSED] - Keys '*' sent to object: 'Object Repository/ADMIN/Edit Text/Bespoke/Seller Pages/Onboarding_Settings/input_LAST NAME_last-name'

2020-03-20 10:36:33 - [TEST_STEP][PASSED] - sendKeys(findTestObject("ADMIN/Edit Text/Bespoke/Seller Pages/Onboarding_Settings/input_NOTIFICATION EMAIL_notification-email"), "*"): Keys '*' sent to object: 'Object Repository/ADMIN/Edit Text/Bespoke/Seller Pages/Onboarding_Settings/input_NOTIFICATION EMAIL_notification-email'

2020-03-20 10:36:33 - [MESSAGE][PASSED] - Keys '*' sent to object: 'Object Repository/ADMIN/Edit Text/Bespoke/Seller Pages/Onboarding_Settings/input_NOTIFICATION EMAIL_notification-email'

2020-03-20 10:36:33 - [TEST_STEP][PASSED] - sendKeys(findTestObject("ADMIN/Edit Text/Bespoke/Seller Pages/Onboarding_Settings/input_CONTACT NUMBER_contact-number"), "*"): Keys '*' sent to object: 'Object Repository/ADMIN/Edit Text/Bespoke/Seller Pages/Onboarding_Settings/input_CONTACT NUMBER_contact-number'

2020-03-20 10:36:33 - [MESSAGE][PASSED] - Keys '*' sent to object: 'Object Repository/ADMIN/Edit Text/Bespoke/Seller Pages/Onboarding_Settings/input_CONTACT NUMBER_contact-number'

2020-03-20 10:36:33 - [TEST_STEP][PASSED] - sendKeys(findTestObject("ADMIN/Edit Text/Bespoke/Seller Pages/Onboarding_Settings/input_OPENID LOGIN_open-id-login"), "*"): Keys '*' sent to object: 'Object Repository/ADMIN/Edit Text/Bespoke/Seller Pages/Onboarding_Settings/input_OPENID LOGIN_open-id-login'

2020-03-20 10:36:33 - [MESSAGE][PASSED] - Keys '*' sent to object: 'Object Repository/ADMIN/Edit Text/Bespoke/Seller Pages/Onboarding_Settings/input_OPENID LOGIN_open-id-login'

2020-03-20 10:36:33 - [TEST_STEP][PASSED] - sendKeys(findTestObject("ADMIN/Edit Text/Bespoke/Seller Pages/Onboarding_Settings/input_SELLER LOCATION_seller_location"), "*"): Keys '*' sent to object: 'Object Repository/ADMIN/Edit Text/Bespoke/Seller Pages/Onboarding_Settings/input_SELLER LOCATION_seller_location'

2020-03-20 10:36:33 - [MESSAGE][PASSED] - Keys '*' sent to object: 'Object Repository/ADMIN/Edit Text/Bespoke/Seller Pages/Onboarding_Settings/input_SELLER LOCATION_seller_location'

2020-03-20 10:36:33 - [TEST_STEP][PASSED] - sendKeys(findTestObject("ADMIN/Edit Text/Bespoke/Seller Pages/Onboarding_Settings/textarea_For each transaction that is made through the marketplace there will be a seller transaction fee of"), "*"): Keys '*' sent to object: 'Object Repository/ADMIN/Edit Text/Bespoke/Seller Pages/Onboarding_Settings/textarea_For each transaction that is made through the marketplace there will be a seller transaction fee of'

2020-03-20 10:36:34 - [MESSAGE][PASSED] - Keys '*' sent to object: 'Object Repository/ADMIN/Edit Text/Bespoke/Seller Pages/Onboarding_Settings/textarea_For each transaction that is made through the marketplace there will be a seller transaction fee of'

2020-03-20 10:36:34 - [TEST_STEP][PASSED] - sendKeys(findTestObject("ADMIN/Edit Text/Bespoke/Seller Pages/Onboarding_Settings/input_NEXT_btn_next"), "*"): Keys '*' sent to object: 'Object Repository/ADMIN/Edit Text/Bespoke/Seller Pages/Onboarding_Settings/input_NEXT_btn_next'

2020-03-20 10:36:34 - [MESSAGE][PASSED] - Keys '*' sent to object: 'Object Repository/ADMIN/Edit Text/Bespoke/Seller Pages/Onboarding_Settings/input_NEXT_btn_next'

2020-03-20 10:36:34 - [TEST_STEP][PASSED] - sendKeys(findTestObject("ADMIN/Edit Text/Bespoke/Seller Pages/Onboarding_Settings/input_ADDRESS_tab-title"), "*"): Keys '*' sent to object: 'Object Repository/ADMIN/Edit Text/Bespoke/Seller Pages/Onboarding_Settings/input_ADDRESS_tab-title'

2020-03-20 10:36:34 - [MESSAGE][PASSED] - Keys '*' sent to object: 'Object Repository/ADMIN/Edit Text/Bespoke/Seller Pages/Onboarding_Settings/input_ADDRESS_tab-title'

2020-03-20 10:36:34 - [TEST_STEP][PASSED] - sendKeys(findTestObject("ADMIN/Edit Text/Bespoke/Seller Pages/Onboarding_Settings/input_NEW DELIVERY ADDRESS_new-delivery-address"), "*"): Keys '*' sent to object: 'Object Repository/ADMIN/Edit Text/Bespoke/Seller Pages/Onboarding_Settings/input_NEW DELIVERY ADDRESS_new-delivery-address'

2020-03-20 10:36:34 - [MESSAGE][PASSED] - Keys '*' sent to object: 'Object Repository/ADMIN/Edit Text/Bespoke/Seller Pages/Onboarding_Settings/input_NEW DELIVERY ADDRESS_new-delivery-address'

2020-03-20 10:36:34 - [TEST_STEP][PASSED] - sendKeys(findTestObject("ADMIN/Edit Text/Bespoke/Seller Pages/Onboarding_Settings/input_ADDRESSEE FIRST NAME_addressee-first-name"), "*"): Keys '*' sent to object: 'Object Repository/ADMIN/Edit Text/Bespoke/Seller Pages/Onboarding_Settings/input_ADDRESSEE FIRST NAME_addressee-first-name'

2020-03-20 10:36:34 - [MESSAGE][PASSED] - Keys '*' sent to object: 'Object Repository/ADMIN/Edit Text/Bespoke/Seller Pages/Onboarding_Settings/input_ADDRESSEE FIRST NAME_addressee-first-name'

2020-03-20 10:36:34 - [TEST_STEP][PASSED] - sendKeys(findTestObject("ADMIN/Edit Text/Bespoke/Seller Pages/Onboarding_Settings/input_ADDRESSEE LAST NAME_addressee-last-name"), "*"): Keys '*' sent to object: 'Object Repository/ADMIN/Edit Text/Bespoke/Seller Pages/Onboarding_Settings/input_ADDRESSEE LAST NAME_addressee-last-name'

2020-03-20 10:36:34 - [MESSAGE][PASSED] - Keys '*' sent to object: 'Object Repository/ADMIN/Edit Text/Bespoke/Seller Pages/Onboarding_Settings/input_ADDRESSEE LAST NAME_addressee-last-name'

2020-03-20 10:36:34 - [TEST_STEP][PASSED] - sendKeys(findTestObject("ADMIN/Edit Text/Bespoke/Seller Pages/Onboarding_Settings/input_ADDRESS_address"), "*"): Keys '*' sent to object: 'Object Repository/ADMIN/Edit Text/Bespoke/Seller Pages/Onboarding_Settings/input_ADDRESS_address'

2020-03-20 10:36:34 - [MESSAGE][PASSED] - Keys '*' sent to object: 'Object Repository/ADMIN/Edit Text/Bespoke/Seller Pages/Onboarding_Settings/input_ADDRESS_address'

2020-03-20 10:36:34 - [TEST_STEP][PASSED] - sendKeys(findTestObject("ADMIN/Edit Text/Bespoke/Seller Pages/Onboarding_Settings/input_SELECT COUNTRY_select-country"), "*"): Keys '*' sent to object: 'Object Repository/ADMIN/Edit Text/Bespoke/Seller Pages/Onboarding_Settings/input_SELECT COUNTRY_select-country'

2020-03-20 10:36:35 - [MESSAGE][PASSED] - Keys '*' sent to object: 'Object Repository/ADMIN/Edit Text/Bespoke/Seller Pages/Onboarding_Settings/input_SELECT COUNTRY_select-country'

2020-03-20 10:36:35 - [TEST_STEP][PASSED] - sendKeys(findTestObject("ADMIN/Edit Text/Bespoke/Seller Pages/Onboarding_Settings/input_COUNTRY_address-country"), "*"): Keys '*' sent to object: 'Object Repository/ADMIN/Edit Text/Bespoke/Seller Pages/Onboarding_Settings/input_COUNTRY_address-country'

2020-03-20 10:36:35 - [MESSAGE][PASSED] - Keys '*' sent to object: 'Object Repository/ADMIN/Edit Text/Bespoke/Seller Pages/Onboarding_Settings/input_COUNTRY_address-country'

2020-03-20 10:36:35 - [TEST_STEP][PASSED] - sendKeys(findTestObject("ADMIN/Edit Text/Bespoke/Seller Pages/Onboarding_Settings/input_STATE_address-state"), "*"): Keys '*' sent to object: 'Object Repository/ADMIN/Edit Text/Bespoke/Seller Pages/Onboarding_Settings/input_STATE_address-state'

2020-03-20 10:36:35 - [MESSAGE][PASSED] - Keys '*' sent to object: 'Object Repository/ADMIN/Edit Text/Bespoke/Seller Pages/Onboarding_Settings/input_STATE_address-state'

2020-03-20 10:36:35 - [TEST_STEP][PASSED] - sendKeys(findTestObject("ADMIN/Edit Text/Bespoke/Seller Pages/Onboarding_Settings/input_CITY_address-city"), "*"): Keys '*' sent to object: 'Object Repository/ADMIN/Edit Text/Bespoke/Seller Pages/Onboarding_Settings/input_CITY_address-city'

2020-03-20 10:36:35 - [MESSAGE][PASSED] - Keys '*' sent to object: 'Object Repository/ADMIN/Edit Text/Bespoke/Seller Pages/Onboarding_Settings/input_CITY_address-city'

2020-03-20 10:36:35 - [TEST_STEP][PASSED] - sendKeys(findTestObject("ADMIN/Edit Text/Bespoke/Seller Pages/Onboarding_Settings/input_POSTAL CODE_address-postalcode"), "*"): Keys '*' sent to object: 'Object Repository/ADMIN/Edit Text/Bespoke/Seller Pages/Onboarding_Settings/input_POSTAL CODE_address-postalcode'

2020-03-20 10:36:35 - [MESSAGE][PASSED] - Keys '*' sent to object: 'Object Repository/ADMIN/Edit Text/Bespoke/Seller Pages/Onboarding_Settings/input_POSTAL CODE_address-postalcode'

2020-03-20 10:36:35 - [TEST_STEP][PASSED] - sendKeys(findTestObject("ADMIN/Edit Text/Bespoke/Seller Pages/Onboarding_Settings/input_ADD ADDRESS_btn_add"), "*"): Keys '*' sent to object: 'Object Repository/ADMIN/Edit Text/Bespoke/Seller Pages/Onboarding_Settings/input_ADD ADDRESS_btn_add'

2020-03-20 10:36:35 - [MESSAGE][PASSED] - Keys '*' sent to object: 'Object Repository/ADMIN/Edit Text/Bespoke/Seller Pages/Onboarding_Settings/input_ADD ADDRESS_btn_add'

2020-03-20 10:36:35 - [TEST_STEP][PASSED] - sendKeys(findTestObject("ADMIN/Edit Text/Bespoke/Seller Pages/Onboarding_Settings/input_SAVED ADDRESSES_address-saved"), "*"): Keys '*' sent to object: 'Object Repository/ADMIN/Edit Text/Bespoke/Seller Pages/Onboarding_Settings/input_SAVED ADDRESSES_address-saved'

2020-03-20 10:36:35 - [MESSAGE][PASSED] - Keys '*' sent to object: 'Object Repository/ADMIN/Edit Text/Bespoke/Seller Pages/Onboarding_Settings/input_SAVED ADDRESSES_address-saved'

2020-03-20 10:36:35 - [TEST_STEP][PASSED] - sendKeys(findTestObject("ADMIN/Edit Text/Bespoke/Seller Pages/Onboarding_Settings/input_Next_btn_next (1)"), "*"): Keys '*' sent to object: 'Object Repository/ADMIN/Edit Text/Bespoke/Seller Pages/Onboarding_Settings/input_Next_btn_next (1)'

2020-03-20 10:36:35 - [MESSAGE][PASSED] - Keys '*' sent to object: 'Object Repository/ADMIN/Edit Text/Bespoke/Seller Pages/Onboarding_Settings/input_Next_btn_next (1)'

2020-03-20 10:36:35 - [TEST_STEP][PASSED] - sendKeys(findTestObject("ADMIN/Edit Text/Bespoke/Seller Pages/Onboarding_Settings/input_PAYMENT ACCEPTANCE_tan-title"), "*"): Keys '*' sent to object: 'Object Repository/ADMIN/Edit Text/Bespoke/Seller Pages/Onboarding_Settings/input_PAYMENT ACCEPTANCE_tan-title'

2020-03-20 10:36:36 - [MESSAGE][PASSED] - Keys '*' sent to object: 'Object Repository/ADMIN/Edit Text/Bespoke/Seller Pages/Onboarding_Settings/input_PAYMENT ACCEPTANCE_tan-title'

2020-03-20 10:36:36 - [TEST_STEP][PASSED] - sendKeys(findTestObject("ADMIN/Edit Text/Bespoke/Seller Pages/Onboarding_Settings/input_PAYMENT METHOD_payment_method"), "*"): Keys '*' sent to object: 'Object Repository/ADMIN/Edit Text/Bespoke/Seller Pages/Onboarding_Settings/input_PAYMENT METHOD_payment_method'

2020-03-20 10:36:36 - [MESSAGE][PASSED] - Keys '*' sent to object: 'Object Repository/ADMIN/Edit Text/Bespoke/Seller Pages/Onboarding_Settings/input_PAYMENT METHOD_payment_method'

2020-03-20 10:36:36 - [TEST_STEP][PASSED] - sendKeys(findTestObject("ADMIN/Edit Text/Bespoke/Seller Pages/Onboarding_Settings/input_Select your preferred payment method_select_payment_method"), "*"): Keys '*' sent to object: 'Object Repository/ADMIN/Edit Text/Bespoke/Seller Pages/Onboarding_Settings/input_Select your preferred payment method_select_payment_method'

2020-03-20 10:36:36 - [MESSAGE][PASSED] - Keys '*' sent to object: 'Object Repository/ADMIN/Edit Text/Bespoke/Seller Pages/Onboarding_Settings/input_Select your preferred payment method_select_payment_method'

2020-03-20 10:36:36 - [TEST_STEP][PASSED] - sendKeys(findTestObject("ADMIN/Edit Text/Bespoke/Seller Pages/Onboarding_Settings/input_LINK ACCOUNT_btn_link_account"), "*"): Keys '*' sent to object: 'Object Repository/ADMIN/Edit Text/Bespoke/Seller Pages/Onboarding_Settings/input_LINK ACCOUNT_btn_link_account'

2020-03-20 10:36:36 - [MESSAGE][PASSED] - Keys '*' sent to object: 'Object Repository/ADMIN/Edit Text/Bespoke/Seller Pages/Onboarding_Settings/input_LINK ACCOUNT_btn_link_account'

2020-03-20 10:36:36 - [TEST_STEP][PASSED] - sendKeys(findTestObject("ADMIN/Edit Text/Bespoke/Seller Pages/Onboarding_Settings/input_VERIFIED_verified"), "*"): Keys '*' sent to object: 'Object Repository/ADMIN/Edit Text/Bespoke/Seller Pages/Onboarding_Settings/input_VERIFIED_verified'

2020-03-20 10:36:36 - [MESSAGE][PASSED] - Keys '*' sent to object: 'Object Repository/ADMIN/Edit Text/Bespoke/Seller Pages/Onboarding_Settings/input_VERIFIED_verified'

2020-03-20 10:36:36 - [TEST_STEP][PASSED] - sendKeys(findTestObject("ADMIN/Edit Text/Bespoke/Seller Pages/Onboarding_Settings/input_This payment method is compulsory_this_method_compulsory"), "*"): Keys '*' sent to object: 'Object Repository/ADMIN/Edit Text/Bespoke/Seller Pages/Onboarding_Settings/input_This payment method is compulsory_this_method_compulsory'

2020-03-20 10:36:36 - [MESSAGE][PASSED] - Keys '*' sent to object: 'Object Repository/ADMIN/Edit Text/Bespoke/Seller Pages/Onboarding_Settings/input_This payment method is compulsory_this_method_compulsory'

2020-03-20 10:36:36 - [TEST_STEP][PASSED] - sendKeys(findTestObject("ADMIN/Edit Text/Bespoke/Seller Pages/Onboarding_Settings/input_No account linked yet_no-account-linked"), "*"): Keys '*' sent to object: 'Object Repository/ADMIN/Edit Text/Bespoke/Seller Pages/Onboarding_Settings/input_No account linked yet_no-account-linked'

2020-03-20 10:36:37 - [MESSAGE][PASSED] - Keys '*' sent to object: 'Object Repository/ADMIN/Edit Text/Bespoke/Seller Pages/Onboarding_Settings/input_No account linked yet_no-account-linked'

2020-03-20 10:36:37 - [TEST_STEP][PASSED] - sendKeys(findTestObject("ADMIN/Edit Text/Bespoke/Seller Pages/Onboarding_Settings/input_next3"), "*"): Keys '*' sent to object: 'Object Repository/ADMIN/Edit Text/Bespoke/Seller Pages/Onboarding_Settings/input_next3'

2020-03-20 10:36:37 - [MESSAGE][PASSED] - Keys '*' sent to object: 'Object Repository/ADMIN/Edit Text/Bespoke/Seller Pages/Onboarding_Settings/input_next3'

2020-03-20 10:36:37 - [TEST_STEP][PASSED] - sendKeys(findTestObject("ADMIN/Edit Text/Bespoke/Seller Pages/Onboarding_Settings/input_DELIVERY METHODS_tab-title1"), "*"): Keys '*' sent to object: 'Object Repository/ADMIN/Edit Text/Bespoke/Seller Pages/Onboarding_Settings/input_DELIVERY METHODS_tab-title1'

2020-03-20 10:36:37 - [MESSAGE][PASSED] - Keys '*' sent to object: 'Object Repository/ADMIN/Edit Text/Bespoke/Seller Pages/Onboarding_Settings/input_DELIVERY METHODS_tab-title1'

2020-03-20 10:36:37 - [TEST_STEP][PASSED] - sendKeys(findTestObject("ADMIN/Edit Text/Bespoke/Seller Pages/Onboarding_Settings/input_DELIVERY OPTIONS_delivery-option"), "*"): Keys '*' sent to object: 'Object Repository/ADMIN/Edit Text/Bespoke/Seller Pages/Onboarding_Settings/input_DELIVERY OPTIONS_delivery-option'

2020-03-20 10:36:37 - [MESSAGE][PASSED] - Keys '*' sent to object: 'Object Repository/ADMIN/Edit Text/Bespoke/Seller Pages/Onboarding_Settings/input_DELIVERY OPTIONS_delivery-option'

2020-03-20 10:36:37 - [TEST_STEP][PASSED] - sendKeys(findTestObject("ADMIN/Edit Text/Bespoke/Seller Pages/Onboarding_Settings/input_DELIVERY OPTIONS_delivery-txt2"), "*"): Keys '*' sent to object: 'Object Repository/ADMIN/Edit Text/Bespoke/Seller Pages/Onboarding_Settings/input_DELIVERY OPTIONS_delivery-txt2'

2020-03-20 10:36:37 - [MESSAGE][PASSED] - Keys '*' sent to object: 'Object Repository/ADMIN/Edit Text/Bespoke/Seller Pages/Onboarding_Settings/input_DELIVERY OPTIONS_delivery-txt2'

2020-03-20 10:36:37 - [TEST_STEP][PASSED] - sendKeys(findTestObject("ADMIN/Edit Text/Bespoke/Seller Pages/Onboarding_Settings/input_DELIVERY SERVICE_delivery-service"), "*"): Keys '*' sent to object: 'Object Repository/ADMIN/Edit Text/Bespoke/Seller Pages/Onboarding_Settings/input_DELIVERY SERVICE_delivery-service'

2020-03-20 10:36:37 - [MESSAGE][PASSED] - Keys '*' sent to object: 'Object Repository/ADMIN/Edit Text/Bespoke/Seller Pages/Onboarding_Settings/input_DELIVERY SERVICE_delivery-service'

2020-03-20 10:36:37 - [TEST_STEP][PASSED] - sendKeys(findTestObject("ADMIN/Edit Text/Bespoke/Seller Pages/Onboarding_Settings/input_SINGLE ITEM DELIVERY (A)_single-item-delivery"), "*"): Keys '*' sent to object: 'Object Repository/ADMIN/Edit Text/Bespoke/Seller Pages/Onboarding_Settings/input_SINGLE ITEM DELIVERY (A)_single-item-delivery'

2020-03-20 10:36:37 - [MESSAGE][PASSED] - Keys '*' sent to object: 'Object Repository/ADMIN/Edit Text/Bespoke/Seller Pages/Onboarding_Settings/input_SINGLE ITEM DELIVERY (A)_single-item-delivery'

2020-03-20 10:36:37 - [TEST_STEP][PASSED] - sendKeys(findTestObject("ADMIN/Edit Text/Bespoke/Seller Pages/Onboarding_Settings/input_WITH OTHER ITEM (B)_with-other-item"), "*"): Keys '*' sent to object: 'Object Repository/ADMIN/Edit Text/Bespoke/Seller Pages/Onboarding_Settings/input_WITH OTHER ITEM (B)_with-other-item'

2020-03-20 10:36:38 - [MESSAGE][PASSED] - Keys '*' sent to object: 'Object Repository/ADMIN/Edit Text/Bespoke/Seller Pages/Onboarding_Settings/input_WITH OTHER ITEM (B)_with-other-item'

2020-03-20 10:36:38 - [TEST_STEP][PASSED] - sendKeys(findTestObject("ADMIN/Edit Text/Bespoke/Seller Pages/Onboarding_Settings/input_ADD_btn_add"), "*"): Keys '*' sent to object: 'Object Repository/ADMIN/Edit Text/Bespoke/Seller Pages/Onboarding_Settings/input_ADD_btn_add'

2020-03-20 10:36:38 - [MESSAGE][PASSED] - Keys '*' sent to object: 'Object Repository/ADMIN/Edit Text/Bespoke/Seller Pages/Onboarding_Settings/input_ADD_btn_add'

2020-03-20 10:36:38 - [TEST_STEP][PASSED] - sendKeys(findTestObject("ADMIN/Edit Text/Bespoke/Seller Pages/Onboarding_Settings/input_PICK-UP LOCATIONS_pick-up-option"), "*"): Keys '*' sent to object: 'Object Repository/ADMIN/Edit Text/Bespoke/Seller Pages/Onboarding_Settings/input_PICK-UP LOCATIONS_pick-up-option'

2020-03-20 10:36:38 - [MESSAGE][PASSED] - Keys '*' sent to object: 'Object Repository/ADMIN/Edit Text/Bespoke/Seller Pages/Onboarding_Settings/input_PICK-UP LOCATIONS_pick-up-option'

2020-03-20 10:36:38 - [TEST_STEP][PASSED] - sendKeys(findTestObject("ADMIN/Edit Text/Bespoke/Seller Pages/Onboarding_Settings/textarea_Define the full address where the buyer can pick up from (You must have at least a delivery option or a pick-up location selected)"), "*"): Keys '*' sent to object: 'Object Repository/ADMIN/Edit Text/Bespoke/Seller Pages/Onboarding_Settings/textarea_Define the full address where the buyer can pick up from (You must have at least a delivery option or a pick-up location selected)'

2020-03-20 10:36:38 - [MESSAGE][PASSED] - Keys '*' sent to object: 'Object Repository/ADMIN/Edit Text/Bespoke/Seller Pages/Onboarding_Settings/textarea_Define the full address where the buyer can pick up from (You must have at least a delivery option or a pick-up location selected)'

2020-03-20 10:36:38 - [TEST_STEP][PASSED] - sendKeys(findTestObject("ADMIN/Edit Text/Bespoke/Seller Pages/Onboarding_Settings/input_Offer reduced shipping costs to buyers when they buy more than one item from you_delivery-txt2"), "*"): Keys '*' sent to object: 'Object Repository/ADMIN/Edit Text/Bespoke/Seller Pages/Onboarding_Settings/input_Offer reduced shipping costs to buyers when they buy more than one item from you_delivery-txt2'

2020-03-20 10:36:38 - [MESSAGE][PASSED] - Keys '*' sent to object: 'Object Repository/ADMIN/Edit Text/Bespoke/Seller Pages/Onboarding_Settings/input_Offer reduced shipping costs to buyers when they buy more than one item from you_delivery-txt2'

2020-03-20 10:36:38 - [TEST_STEP][PASSED] - sendKeys(findTestObject("ADMIN/Edit Text/Bespoke/Seller Pages/Onboarding_Settings/input_total delivery"), "*"): Keys '*' sent to object: 'Object Repository/ADMIN/Edit Text/Bespoke/Seller Pages/Onboarding_Settings/input_total delivery'

2020-03-20 10:36:38 - [MESSAGE][PASSED] - Keys '*' sent to object: 'Object Repository/ADMIN/Edit Text/Bespoke/Seller Pages/Onboarding_Settings/input_total delivery'

2020-03-20 10:36:38 - [TEST_STEP][PASSED] - sendKeys(findTestObject("ADMIN/Edit Text/Bespoke/Seller Pages/Onboarding_Settings/input_add1"), "*"): Keys '*' sent to object: 'Object Repository/ADMIN/Edit Text/Bespoke/Seller Pages/Onboarding_Settings/input_add1'

2020-03-20 10:36:38 - [MESSAGE][PASSED] - Keys '*' sent to object: 'Object Repository/ADMIN/Edit Text/Bespoke/Seller Pages/Onboarding_Settings/input_add1'

2020-03-20 10:36:38 - [TEST_STEP][PASSED] - sendKeys(findTestObject("ADMIN/Edit Text/Bespoke/Seller Pages/Onboarding_Settings/input_PICK-UP LOCATION ADDRESS_pick-up-address"), "*"): Keys '*' sent to object: 'Object Repository/ADMIN/Edit Text/Bespoke/Seller Pages/Onboarding_Settings/input_PICK-UP LOCATION ADDRESS_pick-up-address'

2020-03-20 10:36:39 - [MESSAGE][PASSED] - Keys '*' sent to object: 'Object Repository/ADMIN/Edit Text/Bespoke/Seller Pages/Onboarding_Settings/input_PICK-UP LOCATION ADDRESS_pick-up-address'

2020-03-20 10:36:39 - [TEST_STEP][PASSED] - sendKeys(findTestObject("ADMIN/Edit Text/Bespoke/Seller Pages/Onboarding_Settings/input_SAVE_btn_save"), "*"): Keys '*' sent to object: 'Object Repository/ADMIN/Edit Text/Bespoke/Seller Pages/Onboarding_Settings/input_SAVE_btn_save'

2020-03-20 10:36:39 - [MESSAGE][PASSED] - Keys '*' sent to object: 'Object Repository/ADMIN/Edit Text/Bespoke/Seller Pages/Onboarding_Settings/input_SAVE_btn_save'

2020-03-20 10:36:39 - [TEST_STEP][PASSED] - sendKeys(findTestObject("ADMIN/Edit Text/Bespoke/Seller Pages/Onboarding_Settings/input_Are you sure want to delete_popup-title"), "*"): Keys '*' sent to object: 'Object Repository/ADMIN/Edit Text/Bespoke/Seller Pages/Onboarding_Settings/input_Are you sure want to delete_popup-title'

2020-03-20 10:36:39 - [MESSAGE][PASSED] - Keys '*' sent to object: 'Object Repository/ADMIN/Edit Text/Bespoke/Seller Pages/Onboarding_Settings/input_Are you sure want to delete_popup-title'

2020-03-20 10:36:39 - [TEST_STEP][PASSED] - sendKeys(findTestObject("ADMIN/Edit Text/Bespoke/Seller Pages/Onboarding_Settings/input_CANCEL_btn_cancel"), "*"): Keys '*' sent to object: 'Object Repository/ADMIN/Edit Text/Bespoke/Seller Pages/Onboarding_Settings/input_CANCEL_btn_cancel'

2020-03-20 10:36:39 - [MESSAGE][PASSED] - Keys '*' sent to object: 'Object Repository/ADMIN/Edit Text/Bespoke/Seller Pages/Onboarding_Settings/input_CANCEL_btn_cancel'

2020-03-20 10:36:39 - [TEST_STEP][PASSED] - sendKeys(findTestObject("ADMIN/Edit Text/Bespoke/Seller Pages/Onboarding_Settings/input_Okay_btn_okay"), "*"): Keys '*' sent to object: 'Object Repository/ADMIN/Edit Text/Bespoke/Seller Pages/Onboarding_Settings/input_Okay_btn_okay'

2020-03-20 10:36:39 - [MESSAGE][PASSED] - Keys '*' sent to object: 'Object Repository/ADMIN/Edit Text/Bespoke/Seller Pages/Onboarding_Settings/input_Okay_btn_okay'

2020-03-20 10:36:39 - [TEST_STEP][PASSED] - sendKeys(findTestObject("ADMIN/Edit Text/Bespoke/Seller Pages/Onboarding_Settings/input_REMOVE ITEM_popup-title"), "*"): Keys '*' sent to object: 'Object Repository/ADMIN/Edit Text/Bespoke/Seller Pages/Onboarding_Settings/input_REMOVE ITEM_popup-title'

2020-03-20 10:36:39 - [MESSAGE][PASSED] - Keys '*' sent to object: 'Object Repository/ADMIN/Edit Text/Bespoke/Seller Pages/Onboarding_Settings/input_REMOVE ITEM_popup-title'

2020-03-20 10:36:39 - [TEST_STEP][PASSED] - sendKeys(findTestObject("ADMIN/Edit Text/Bespoke/Seller Pages/Onboarding_Settings/input_concat(Are you sure about removing this item from your list (It  ll be gone forever))_popup-title"), "*"): Keys '*' sent to object: 'Object Repository/ADMIN/Edit Text/Bespoke/Seller Pages/Onboarding_Settings/input_concat(Are you sure about removing this item from your list (It  ll be gone forever))_popup-title'

2020-03-20 10:36:39 - [MESSAGE][PASSED] - Keys '*' sent to object: 'Object Repository/ADMIN/Edit Text/Bespoke/Seller Pages/Onboarding_Settings/input_concat(Are you sure about removing this item from your list (It  ll be gone forever))_popup-title'

2020-03-20 10:36:39 - [TEST_STEP][PASSED] - sendKeys(findTestObject("ADMIN/Edit Text/Bespoke/Seller Pages/Onboarding_Settings/input_CANCEL_btn_cancel2"), "*"): Keys '*' sent to object: 'Object Repository/ADMIN/Edit Text/Bespoke/Seller Pages/Onboarding_Settings/input_CANCEL_btn_cancel2'

2020-03-20 10:36:40 - [MESSAGE][PASSED] - Keys '*' sent to object: 'Object Repository/ADMIN/Edit Text/Bespoke/Seller Pages/Onboarding_Settings/input_CANCEL_btn_cancel2'

2020-03-20 10:36:40 - [TEST_STEP][PASSED] - sendKeys(findTestObject("ADMIN/Edit Text/Bespoke/Seller Pages/Onboarding_Settings/input_Okay_btn_okay2"), "*"): Keys '*' sent to object: 'Object Repository/ADMIN/Edit Text/Bespoke/Seller Pages/Onboarding_Settings/input_Okay_btn_okay2'

2020-03-20 10:36:40 - [MESSAGE][PASSED] - Keys '*' sent to object: 'Object Repository/ADMIN/Edit Text/Bespoke/Seller Pages/Onboarding_Settings/input_Okay_btn_okay2'

2020-03-20 10:36:40 - [TEST_STEP][PASSED] - sendKeys(findTestObject("ADMIN/Edit Text/Bespoke/Seller Pages/Onboarding_Settings/input_Back_tab-title"), "*"): Keys '*' sent to object: 'Object Repository/ADMIN/Edit Text/Bespoke/Seller Pages/Onboarding_Settings/input_Back_tab-title'

2020-03-20 10:36:40 - [MESSAGE][PASSED] - Keys '*' sent to object: 'Object Repository/ADMIN/Edit Text/Bespoke/Seller Pages/Onboarding_Settings/input_Back_tab-title'

2020-03-20 10:36:40 - [TEST_STEP][PASSED] - sendKeys(findTestObject("ADMIN/Edit Text/Bespoke/Seller Pages/Onboarding_Settings/input_ACCOUNT CONFIGURATION_tab-title"), "*"): Keys '*' sent to object: 'Object Repository/ADMIN/Edit Text/Bespoke/Seller Pages/Onboarding_Settings/input_ACCOUNT CONFIGURATION_tab-title'

2020-03-20 10:36:40 - [MESSAGE][PASSED] - Keys '*' sent to object: 'Object Repository/ADMIN/Edit Text/Bespoke/Seller Pages/Onboarding_Settings/input_ACCOUNT CONFIGURATION_tab-title'

2020-03-20 10:36:40 - [TEST_STEP][PASSED] - sendKeys(findTestObject("ADMIN/Edit Text/Bespoke/Seller Pages/Onboarding_Settings/textarea_Your details entered here will be saved and verified by Omise Money you earn from your sales will be accredited to your bank account directly"), "*"): Keys '*' sent to object: 'Object Repository/ADMIN/Edit Text/Bespoke/Seller Pages/Onboarding_Settings/textarea_Your details entered here will be saved and verified by Omise Money you earn from your sales will be accredited to your bank account directly'

2020-03-20 10:36:40 - [MESSAGE][PASSED] - Keys '*' sent to object: 'Object Repository/ADMIN/Edit Text/Bespoke/Seller Pages/Onboarding_Settings/textarea_Your details entered here will be saved and verified by Omise Money you earn from your sales will be accredited to your bank account directly'

2020-03-20 10:36:40 - [TEST_STEP][PASSED] - sendKeys(findTestObject("ADMIN/Edit Text/Bespoke/Seller Pages/Onboarding_Settings/input_TYPE_tab-title"), "*"): Keys '*' sent to object: 'Object Repository/ADMIN/Edit Text/Bespoke/Seller Pages/Onboarding_Settings/input_TYPE_tab-title'

2020-03-20 10:36:40 - [MESSAGE][PASSED] - Keys '*' sent to object: 'Object Repository/ADMIN/Edit Text/Bespoke/Seller Pages/Onboarding_Settings/input_TYPE_tab-title'

2020-03-20 10:36:40 - [TEST_STEP][PASSED] - sendKeys(findTestObject("ADMIN/Edit Text/Bespoke/Seller Pages/Onboarding_Settings/input_Tax identification number (optional)_tab-title"), "*"): Keys '*' sent to object: 'Object Repository/ADMIN/Edit Text/Bespoke/Seller Pages/Onboarding_Settings/input_Tax identification number (optional)_tab-title'

2020-03-20 10:36:40 - [MESSAGE][PASSED] - Keys '*' sent to object: 'Object Repository/ADMIN/Edit Text/Bespoke/Seller Pages/Onboarding_Settings/input_Tax identification number (optional)_tab-title'

2020-03-20 10:36:40 - [TEST_STEP][PASSED] - sendKeys(findTestObject("ADMIN/Edit Text/Bespoke/Seller Pages/Onboarding_Settings/input_Individual_tab-title"), "*"): Keys '*' sent to object: 'Object Repository/ADMIN/Edit Text/Bespoke/Seller Pages/Onboarding_Settings/input_Individual_tab-title'

2020-03-20 10:36:40 - [MESSAGE][PASSED] - Keys '*' sent to object: 'Object Repository/ADMIN/Edit Text/Bespoke/Seller Pages/Onboarding_Settings/input_Individual_tab-title'

2020-03-20 10:36:40 - [TEST_STEP][PASSED] - sendKeys(findTestObject("ADMIN/Edit Text/Bespoke/Seller Pages/Onboarding_Settings/input_Corporate_tab-title"), "*"): Keys '*' sent to object: 'Object Repository/ADMIN/Edit Text/Bespoke/Seller Pages/Onboarding_Settings/input_Corporate_tab-title'

2020-03-20 10:36:40 - [MESSAGE][PASSED] - Keys '*' sent to object: 'Object Repository/ADMIN/Edit Text/Bespoke/Seller Pages/Onboarding_Settings/input_Corporate_tab-title'

2020-03-20 10:36:40 - [TEST_STEP][PASSED] - sendKeys(findTestObject("ADMIN/Edit Text/Bespoke/Seller Pages/Onboarding_Settings/input_Bank  branch code_tab-title"), "*"): Keys '*' sent to object: 'Object Repository/ADMIN/Edit Text/Bespoke/Seller Pages/Onboarding_Settings/input_Bank  branch code_tab-title'

2020-03-20 10:36:41 - [MESSAGE][PASSED] - Keys '*' sent to object: 'Object Repository/ADMIN/Edit Text/Bespoke/Seller Pages/Onboarding_Settings/input_Bank  branch code_tab-title'

2020-03-20 10:36:41 - [TEST_STEP][PASSED] - sendKeys(findTestObject("ADMIN/Edit Text/Bespoke/Seller Pages/Onboarding_Settings/input_Bank account number_tab-title"), "*"): Keys '*' sent to object: 'Object Repository/ADMIN/Edit Text/Bespoke/Seller Pages/Onboarding_Settings/input_Bank account number_tab-title'

2020-03-20 10:36:41 - [MESSAGE][PASSED] - Keys '*' sent to object: 'Object Repository/ADMIN/Edit Text/Bespoke/Seller Pages/Onboarding_Settings/input_Bank account number_tab-title'

2020-03-20 10:36:41 - [TEST_STEP][PASSED] - sendKeys(findTestObject("ADMIN/Edit Text/Bespoke/Seller Pages/Onboarding_Settings/input_Bank account name_tab-title"), "*"): Keys '*' sent to object: 'Object Repository/ADMIN/Edit Text/Bespoke/Seller Pages/Onboarding_Settings/input_Bank account name_tab-title'

2020-03-20 10:36:41 - [MESSAGE][PASSED] - Keys '*' sent to object: 'Object Repository/ADMIN/Edit Text/Bespoke/Seller Pages/Onboarding_Settings/input_Bank account name_tab-title'

2020-03-20 10:36:41 - [TEST_STEP][PASSED] - click(findTestObject("ADMIN/Edit Text/Bespoke/Buyer Pages/Homepage/button_save"), CONTINUE_ON_FAILURE): Object: 'Object Repository/ADMIN/Edit Text/Bespoke/Buyer Pages/Homepage/button_save' is clicked on

2020-03-20 10:36:41 - [MESSAGE][PASSED] - Object: 'Object Repository/ADMIN/Edit Text/Bespoke/Buyer Pages/Homepage/button_save' is clicked on

2020-03-20 10:36:41 - [TEST_STEP][PASSED] - waitForElementVisible(findTestObject("ADMIN/Edit Text/Bespoke/Buyer Pages/Homepage/toaster_success"), 0): Object 'Object Repository/ADMIN/Edit Text/Bespoke/Buyer Pages/Homepage/toaster_success' is visible

2020-03-20 10:36:41 - [MESSAGE][WARNING] - Timeout '0' is invalid. Using default page load timeout: '30'

2020-03-20 10:36:42 - [MESSAGE][PASSED] - Object 'Object Repository/ADMIN/Edit Text/Bespoke/Buyer Pages/Homepage/toaster_success' is visible]]></system-out>
         <system-err><![CDATA[]]></system-err>
      </testcase>
      <testcase name="Test Cases/ADMIN/Language/Edit Text/Bespoke/Seller/Onboarding_Settings" time="11.238" classname="Test Cases/ADMIN/Language/Edit Text/Bespoke/Seller/Onboarding_Settings" status="PASSED">
         <system-out><![CDATA[2020-03-20 10:36:42 - [TEST_CASE][PASSED] - Test Cases/ADMIN/Language/Edit Text/Bespoke/Seller/Onboarding_Settings: Test Cases/ADMIN/Language/Edit Text/Bespoke/Seller/Onboarding_Settings

2020-03-20 10:36:42 - [TEST_STEP][PASSED] - waitForElementVisible(findTestObject("ADMIN/Edit Text/Bespoke/Buyer Navigation/dd_language"), 0): Object 'Object Repository/ADMIN/Edit Text/Bespoke/Buyer Navigation/dd_language' is visible

2020-03-20 10:36:42 - [MESSAGE][WARNING] - Timeout '0' is invalid. Using default page load timeout: '30'

2020-03-20 10:36:42 - [MESSAGE][PASSED] - Object 'Object Repository/ADMIN/Edit Text/Bespoke/Buyer Navigation/dd_language' is visible

2020-03-20 10:36:42 - [TEST_STEP][PASSED] - selectOptionByLabel(findTestObject("ADMIN/Edit Text/Bespoke/Buyer Navigation/dd_language"), varLanguage, false): All options with label 'Russian' are selected in object 'Object Repository/ADMIN/Edit Text/Bespoke/Buyer Navigation/dd_language' 

2020-03-20 10:36:43 - [MESSAGE][PASSED] - All options with label 'Russian' are selected in object 'Object Repository/ADMIN/Edit Text/Bespoke/Buyer Navigation/dd_language' 

2020-03-20 10:36:43 - [TEST_STEP][PASSED] - sendKeys(findTestObject("ADMIN/Edit Text/Bespoke/Seller Pages/Onboarding_Settings/input_USER SETTINGS_marketplace-name"), "*"): Keys '*' sent to object: 'Object Repository/ADMIN/Edit Text/Bespoke/Seller Pages/Onboarding_Settings/input_USER SETTINGS_marketplace-name'

2020-03-20 10:36:43 - [MESSAGE][PASSED] - Keys '*' sent to object: 'Object Repository/ADMIN/Edit Text/Bespoke/Seller Pages/Onboarding_Settings/input_USER SETTINGS_marketplace-name'

2020-03-20 10:36:43 - [TEST_STEP][PASSED] - sendKeys(findTestObject("ADMIN/Edit Text/Bespoke/Seller Pages/Onboarding_Settings/input_Configure your profile your delivery methods and how you receive payments_item_details"), "*"): Keys '*' sent to object: 'Object Repository/ADMIN/Edit Text/Bespoke/Seller Pages/Onboarding_Settings/input_Configure your profile your delivery methods and how you receive payments_item_details'

2020-03-20 10:36:43 - [MESSAGE][PASSED] - Keys '*' sent to object: 'Object Repository/ADMIN/Edit Text/Bespoke/Seller Pages/Onboarding_Settings/input_Configure your profile your delivery methods and how you receive payments_item_details'

2020-03-20 10:36:43 - [TEST_STEP][PASSED] - sendKeys(findTestObject("ADMIN/Edit Text/Bespoke/Seller Pages/Onboarding_Settings/input_PROFILE_tab-title"), "*"): Keys '*' sent to object: 'Object Repository/ADMIN/Edit Text/Bespoke/Seller Pages/Onboarding_Settings/input_PROFILE_tab-title'

2020-03-20 10:36:44 - [MESSAGE][PASSED] - Keys '*' sent to object: 'Object Repository/ADMIN/Edit Text/Bespoke/Seller Pages/Onboarding_Settings/input_PROFILE_tab-title'

2020-03-20 10:36:44 - [TEST_STEP][PASSED] - sendKeys(findTestObject("ADMIN/Edit Text/Bespoke/Seller Pages/Onboarding_Settings/input_CHANGE_btn_upload"), "*"): Keys '*' sent to object: 'Object Repository/ADMIN/Edit Text/Bespoke/Seller Pages/Onboarding_Settings/input_CHANGE_btn_upload'

2020-03-20 10:36:44 - [MESSAGE][PASSED] - Keys '*' sent to object: 'Object Repository/ADMIN/Edit Text/Bespoke/Seller Pages/Onboarding_Settings/input_CHANGE_btn_upload'

2020-03-20 10:36:44 - [TEST_STEP][PASSED] - sendKeys(findTestObject("ADMIN/Edit Text/Bespoke/Seller Pages/Onboarding_Settings/input_DISPLAY NAME_display-name"), "*"): Keys '*' sent to object: 'Object Repository/ADMIN/Edit Text/Bespoke/Seller Pages/Onboarding_Settings/input_DISPLAY NAME_display-name'

2020-03-20 10:36:44 - [MESSAGE][PASSED] - Keys '*' sent to object: 'Object Repository/ADMIN/Edit Text/Bespoke/Seller Pages/Onboarding_Settings/input_DISPLAY NAME_display-name'

2020-03-20 10:36:44 - [TEST_STEP][PASSED] - sendKeys(findTestObject("ADMIN/Edit Text/Bespoke/Seller Pages/Onboarding_Settings/input_DESCRIPTION_description"), "*"): Keys '*' sent to object: 'Object Repository/ADMIN/Edit Text/Bespoke/Seller Pages/Onboarding_Settings/input_DESCRIPTION_description'

2020-03-20 10:36:44 - [MESSAGE][PASSED] - Keys '*' sent to object: 'Object Repository/ADMIN/Edit Text/Bespoke/Seller Pages/Onboarding_Settings/input_DESCRIPTION_description'

2020-03-20 10:36:44 - [TEST_STEP][PASSED] - sendKeys(findTestObject("ADMIN/Edit Text/Bespoke/Seller Pages/Onboarding_Settings/input_FIRST NAME_first-name"), "*"): Keys '*' sent to object: 'Object Repository/ADMIN/Edit Text/Bespoke/Seller Pages/Onboarding_Settings/input_FIRST NAME_first-name'

2020-03-20 10:36:44 - [MESSAGE][PASSED] - Keys '*' sent to object: 'Object Repository/ADMIN/Edit Text/Bespoke/Seller Pages/Onboarding_Settings/input_FIRST NAME_first-name'

2020-03-20 10:36:44 - [TEST_STEP][PASSED] - sendKeys(findTestObject("ADMIN/Edit Text/Bespoke/Seller Pages/Onboarding_Settings/input_LAST NAME_last-name"), "*"): Keys '*' sent to object: 'Object Repository/ADMIN/Edit Text/Bespoke/Seller Pages/Onboarding_Settings/input_LAST NAME_last-name'

2020-03-20 10:36:44 - [MESSAGE][PASSED] - Keys '*' sent to object: 'Object Repository/ADMIN/Edit Text/Bespoke/Seller Pages/Onboarding_Settings/input_LAST NAME_last-name'

2020-03-20 10:36:44 - [TEST_STEP][PASSED] - sendKeys(findTestObject("ADMIN/Edit Text/Bespoke/Seller Pages/Onboarding_Settings/input_NOTIFICATION EMAIL_notification-email"), "*"): Keys '*' sent to object: 'Object Repository/ADMIN/Edit Text/Bespoke/Seller Pages/Onboarding_Settings/input_NOTIFICATION EMAIL_notification-email'

2020-03-20 10:36:44 - [MESSAGE][PASSED] - Keys '*' sent to object: 'Object Repository/ADMIN/Edit Text/Bespoke/Seller Pages/Onboarding_Settings/input_NOTIFICATION EMAIL_notification-email'

2020-03-20 10:36:44 - [TEST_STEP][PASSED] - sendKeys(findTestObject("ADMIN/Edit Text/Bespoke/Seller Pages/Onboarding_Settings/input_CONTACT NUMBER_contact-number"), "*"): Keys '*' sent to object: 'Object Repository/ADMIN/Edit Text/Bespoke/Seller Pages/Onboarding_Settings/input_CONTACT NUMBER_contact-number'

2020-03-20 10:36:45 - [MESSAGE][PASSED] - Keys '*' sent to object: 'Object Repository/ADMIN/Edit Text/Bespoke/Seller Pages/Onboarding_Settings/input_CONTACT NUMBER_contact-number'

2020-03-20 10:36:45 - [TEST_STEP][PASSED] - sendKeys(findTestObject("ADMIN/Edit Text/Bespoke/Seller Pages/Onboarding_Settings/input_OPENID LOGIN_open-id-login"), "*"): Keys '*' sent to object: 'Object Repository/ADMIN/Edit Text/Bespoke/Seller Pages/Onboarding_Settings/input_OPENID LOGIN_open-id-login'

2020-03-20 10:36:45 - [MESSAGE][PASSED] - Keys '*' sent to object: 'Object Repository/ADMIN/Edit Text/Bespoke/Seller Pages/Onboarding_Settings/input_OPENID LOGIN_open-id-login'

2020-03-20 10:36:45 - [TEST_STEP][PASSED] - sendKeys(findTestObject("ADMIN/Edit Text/Bespoke/Seller Pages/Onboarding_Settings/input_SELLER LOCATION_seller_location"), "*"): Keys '*' sent to object: 'Object Repository/ADMIN/Edit Text/Bespoke/Seller Pages/Onboarding_Settings/input_SELLER LOCATION_seller_location'

2020-03-20 10:36:45 - [MESSAGE][PASSED] - Keys '*' sent to object: 'Object Repository/ADMIN/Edit Text/Bespoke/Seller Pages/Onboarding_Settings/input_SELLER LOCATION_seller_location'

2020-03-20 10:36:45 - [TEST_STEP][PASSED] - sendKeys(findTestObject("ADMIN/Edit Text/Bespoke/Seller Pages/Onboarding_Settings/textarea_For each transaction that is made through the marketplace there will be a seller transaction fee of"), "*"): Keys '*' sent to object: 'Object Repository/ADMIN/Edit Text/Bespoke/Seller Pages/Onboarding_Settings/textarea_For each transaction that is made through the marketplace there will be a seller transaction fee of'

2020-03-20 10:36:45 - [MESSAGE][PASSED] - Keys '*' sent to object: 'Object Repository/ADMIN/Edit Text/Bespoke/Seller Pages/Onboarding_Settings/textarea_For each transaction that is made through the marketplace there will be a seller transaction fee of'

2020-03-20 10:36:45 - [TEST_STEP][PASSED] - sendKeys(findTestObject("ADMIN/Edit Text/Bespoke/Seller Pages/Onboarding_Settings/input_NEXT_btn_next"), "*"): Keys '*' sent to object: 'Object Repository/ADMIN/Edit Text/Bespoke/Seller Pages/Onboarding_Settings/input_NEXT_btn_next'

2020-03-20 10:36:45 - [MESSAGE][PASSED] - Keys '*' sent to object: 'Object Repository/ADMIN/Edit Text/Bespoke/Seller Pages/Onboarding_Settings/input_NEXT_btn_next'

2020-03-20 10:36:45 - [TEST_STEP][PASSED] - sendKeys(findTestObject("ADMIN/Edit Text/Bespoke/Seller Pages/Onboarding_Settings/input_ADDRESS_tab-title"), "*"): Keys '*' sent to object: 'Object Repository/ADMIN/Edit Text/Bespoke/Seller Pages/Onboarding_Settings/input_ADDRESS_tab-title'

2020-03-20 10:36:45 - [MESSAGE][PASSED] - Keys '*' sent to object: 'Object Repository/ADMIN/Edit Text/Bespoke/Seller Pages/Onboarding_Settings/input_ADDRESS_tab-title'

2020-03-20 10:36:45 - [TEST_STEP][PASSED] - sendKeys(findTestObject("ADMIN/Edit Text/Bespoke/Seller Pages/Onboarding_Settings/input_NEW DELIVERY ADDRESS_new-delivery-address"), "*"): Keys '*' sent to object: 'Object Repository/ADMIN/Edit Text/Bespoke/Seller Pages/Onboarding_Settings/input_NEW DELIVERY ADDRESS_new-delivery-address'

2020-03-20 10:36:45 - [MESSAGE][PASSED] - Keys '*' sent to object: 'Object Repository/ADMIN/Edit Text/Bespoke/Seller Pages/Onboarding_Settings/input_NEW DELIVERY ADDRESS_new-delivery-address'

2020-03-20 10:36:45 - [TEST_STEP][PASSED] - sendKeys(findTestObject("ADMIN/Edit Text/Bespoke/Seller Pages/Onboarding_Settings/input_ADDRESSEE FIRST NAME_addressee-first-name"), "*"): Keys '*' sent to object: 'Object Repository/ADMIN/Edit Text/Bespoke/Seller Pages/Onboarding_Settings/input_ADDRESSEE FIRST NAME_addressee-first-name'

2020-03-20 10:36:45 - [MESSAGE][PASSED] - Keys '*' sent to object: 'Object Repository/ADMIN/Edit Text/Bespoke/Seller Pages/Onboarding_Settings/input_ADDRESSEE FIRST NAME_addressee-first-name'

2020-03-20 10:36:45 - [TEST_STEP][PASSED] - sendKeys(findTestObject("ADMIN/Edit Text/Bespoke/Seller Pages/Onboarding_Settings/input_ADDRESSEE LAST NAME_addressee-last-name"), "*"): Keys '*' sent to object: 'Object Repository/ADMIN/Edit Text/Bespoke/Seller Pages/Onboarding_Settings/input_ADDRESSEE LAST NAME_addressee-last-name'

2020-03-20 10:36:46 - [MESSAGE][PASSED] - Keys '*' sent to object: 'Object Repository/ADMIN/Edit Text/Bespoke/Seller Pages/Onboarding_Settings/input_ADDRESSEE LAST NAME_addressee-last-name'

2020-03-20 10:36:46 - [TEST_STEP][PASSED] - sendKeys(findTestObject("ADMIN/Edit Text/Bespoke/Seller Pages/Onboarding_Settings/input_ADDRESS_address"), "*"): Keys '*' sent to object: 'Object Repository/ADMIN/Edit Text/Bespoke/Seller Pages/Onboarding_Settings/input_ADDRESS_address'

2020-03-20 10:36:46 - [MESSAGE][PASSED] - Keys '*' sent to object: 'Object Repository/ADMIN/Edit Text/Bespoke/Seller Pages/Onboarding_Settings/input_ADDRESS_address'

2020-03-20 10:36:46 - [TEST_STEP][PASSED] - sendKeys(findTestObject("ADMIN/Edit Text/Bespoke/Seller Pages/Onboarding_Settings/input_SELECT COUNTRY_select-country"), "*"): Keys '*' sent to object: 'Object Repository/ADMIN/Edit Text/Bespoke/Seller Pages/Onboarding_Settings/input_SELECT COUNTRY_select-country'

2020-03-20 10:36:46 - [MESSAGE][PASSED] - Keys '*' sent to object: 'Object Repository/ADMIN/Edit Text/Bespoke/Seller Pages/Onboarding_Settings/input_SELECT COUNTRY_select-country'

2020-03-20 10:36:46 - [TEST_STEP][PASSED] - sendKeys(findTestObject("ADMIN/Edit Text/Bespoke/Seller Pages/Onboarding_Settings/input_COUNTRY_address-country"), "*"): Keys '*' sent to object: 'Object Repository/ADMIN/Edit Text/Bespoke/Seller Pages/Onboarding_Settings/input_COUNTRY_address-country'

2020-03-20 10:36:46 - [MESSAGE][PASSED] - Keys '*' sent to object: 'Object Repository/ADMIN/Edit Text/Bespoke/Seller Pages/Onboarding_Settings/input_COUNTRY_address-country'

2020-03-20 10:36:46 - [TEST_STEP][PASSED] - sendKeys(findTestObject("ADMIN/Edit Text/Bespoke/Seller Pages/Onboarding_Settings/input_STATE_address-state"), "*"): Keys '*' sent to object: 'Object Repository/ADMIN/Edit Text/Bespoke/Seller Pages/Onboarding_Settings/input_STATE_address-state'

2020-03-20 10:36:46 - [MESSAGE][PASSED] - Keys '*' sent to object: 'Object Repository/ADMIN/Edit Text/Bespoke/Seller Pages/Onboarding_Settings/input_STATE_address-state'

2020-03-20 10:36:46 - [TEST_STEP][PASSED] - sendKeys(findTestObject("ADMIN/Edit Text/Bespoke/Seller Pages/Onboarding_Settings/input_CITY_address-city"), "*"): Keys '*' sent to object: 'Object Repository/ADMIN/Edit Text/Bespoke/Seller Pages/Onboarding_Settings/input_CITY_address-city'

2020-03-20 10:36:46 - [MESSAGE][PASSED] - Keys '*' sent to object: 'Object Repository/ADMIN/Edit Text/Bespoke/Seller Pages/Onboarding_Settings/input_CITY_address-city'

2020-03-20 10:36:46 - [TEST_STEP][PASSED] - sendKeys(findTestObject("ADMIN/Edit Text/Bespoke/Seller Pages/Onboarding_Settings/input_POSTAL CODE_address-postalcode"), "*"): Keys '*' sent to object: 'Object Repository/ADMIN/Edit Text/Bespoke/Seller Pages/Onboarding_Settings/input_POSTAL CODE_address-postalcode'

2020-03-20 10:36:47 - [MESSAGE][PASSED] - Keys '*' sent to object: 'Object Repository/ADMIN/Edit Text/Bespoke/Seller Pages/Onboarding_Settings/input_POSTAL CODE_address-postalcode'

2020-03-20 10:36:47 - [TEST_STEP][PASSED] - sendKeys(findTestObject("ADMIN/Edit Text/Bespoke/Seller Pages/Onboarding_Settings/input_ADD ADDRESS_btn_add"), "*"): Keys '*' sent to object: 'Object Repository/ADMIN/Edit Text/Bespoke/Seller Pages/Onboarding_Settings/input_ADD ADDRESS_btn_add'

2020-03-20 10:36:47 - [MESSAGE][PASSED] - Keys '*' sent to object: 'Object Repository/ADMIN/Edit Text/Bespoke/Seller Pages/Onboarding_Settings/input_ADD ADDRESS_btn_add'

2020-03-20 10:36:47 - [TEST_STEP][PASSED] - sendKeys(findTestObject("ADMIN/Edit Text/Bespoke/Seller Pages/Onboarding_Settings/input_SAVED ADDRESSES_address-saved"), "*"): Keys '*' sent to object: 'Object Repository/ADMIN/Edit Text/Bespoke/Seller Pages/Onboarding_Settings/input_SAVED ADDRESSES_address-saved'

2020-03-20 10:36:47 - [MESSAGE][PASSED] - Keys '*' sent to object: 'Object Repository/ADMIN/Edit Text/Bespoke/Seller Pages/Onboarding_Settings/input_SAVED ADDRESSES_address-saved'

2020-03-20 10:36:47 - [TEST_STEP][PASSED] - sendKeys(findTestObject("ADMIN/Edit Text/Bespoke/Seller Pages/Onboarding_Settings/input_Next_btn_next (1)"), "*"): Keys '*' sent to object: 'Object Repository/ADMIN/Edit Text/Bespoke/Seller Pages/Onboarding_Settings/input_Next_btn_next (1)'

2020-03-20 10:36:47 - [MESSAGE][PASSED] - Keys '*' sent to object: 'Object Repository/ADMIN/Edit Text/Bespoke/Seller Pages/Onboarding_Settings/input_Next_btn_next (1)'

2020-03-20 10:36:47 - [TEST_STEP][PASSED] - sendKeys(findTestObject("ADMIN/Edit Text/Bespoke/Seller Pages/Onboarding_Settings/input_PAYMENT ACCEPTANCE_tan-title"), "*"): Keys '*' sent to object: 'Object Repository/ADMIN/Edit Text/Bespoke/Seller Pages/Onboarding_Settings/input_PAYMENT ACCEPTANCE_tan-title'

2020-03-20 10:36:47 - [MESSAGE][PASSED] - Keys '*' sent to object: 'Object Repository/ADMIN/Edit Text/Bespoke/Seller Pages/Onboarding_Settings/input_PAYMENT ACCEPTANCE_tan-title'

2020-03-20 10:36:47 - [TEST_STEP][PASSED] - sendKeys(findTestObject("ADMIN/Edit Text/Bespoke/Seller Pages/Onboarding_Settings/input_PAYMENT METHOD_payment_method"), "*"): Keys '*' sent to object: 'Object Repository/ADMIN/Edit Text/Bespoke/Seller Pages/Onboarding_Settings/input_PAYMENT METHOD_payment_method'

2020-03-20 10:36:48 - [MESSAGE][PASSED] - Keys '*' sent to object: 'Object Repository/ADMIN/Edit Text/Bespoke/Seller Pages/Onboarding_Settings/input_PAYMENT METHOD_payment_method'

2020-03-20 10:36:48 - [TEST_STEP][PASSED] - sendKeys(findTestObject("ADMIN/Edit Text/Bespoke/Seller Pages/Onboarding_Settings/input_Select your preferred payment method_select_payment_method"), "*"): Keys '*' sent to object: 'Object Repository/ADMIN/Edit Text/Bespoke/Seller Pages/Onboarding_Settings/input_Select your preferred payment method_select_payment_method'

2020-03-20 10:36:48 - [MESSAGE][PASSED] - Keys '*' sent to object: 'Object Repository/ADMIN/Edit Text/Bespoke/Seller Pages/Onboarding_Settings/input_Select your preferred payment method_select_payment_method'

2020-03-20 10:36:48 - [TEST_STEP][PASSED] - sendKeys(findTestObject("ADMIN/Edit Text/Bespoke/Seller Pages/Onboarding_Settings/input_LINK ACCOUNT_btn_link_account"), "*"): Keys '*' sent to object: 'Object Repository/ADMIN/Edit Text/Bespoke/Seller Pages/Onboarding_Settings/input_LINK ACCOUNT_btn_link_account'

2020-03-20 10:36:48 - [MESSAGE][PASSED] - Keys '*' sent to object: 'Object Repository/ADMIN/Edit Text/Bespoke/Seller Pages/Onboarding_Settings/input_LINK ACCOUNT_btn_link_account'

2020-03-20 10:36:48 - [TEST_STEP][PASSED] - sendKeys(findTestObject("ADMIN/Edit Text/Bespoke/Seller Pages/Onboarding_Settings/input_VERIFIED_verified"), "*"): Keys '*' sent to object: 'Object Repository/ADMIN/Edit Text/Bespoke/Seller Pages/Onboarding_Settings/input_VERIFIED_verified'

2020-03-20 10:36:48 - [MESSAGE][PASSED] - Keys '*' sent to object: 'Object Repository/ADMIN/Edit Text/Bespoke/Seller Pages/Onboarding_Settings/input_VERIFIED_verified'

2020-03-20 10:36:48 - [TEST_STEP][PASSED] - sendKeys(findTestObject("ADMIN/Edit Text/Bespoke/Seller Pages/Onboarding_Settings/input_This payment method is compulsory_this_method_compulsory"), "*"): Keys '*' sent to object: 'Object Repository/ADMIN/Edit Text/Bespoke/Seller Pages/Onboarding_Settings/input_This payment method is compulsory_this_method_compulsory'

2020-03-20 10:36:48 - [MESSAGE][PASSED] - Keys '*' sent to object: 'Object Repository/ADMIN/Edit Text/Bespoke/Seller Pages/Onboarding_Settings/input_This payment method is compulsory_this_method_compulsory'

2020-03-20 10:36:48 - [TEST_STEP][PASSED] - sendKeys(findTestObject("ADMIN/Edit Text/Bespoke/Seller Pages/Onboarding_Settings/input_No account linked yet_no-account-linked"), "*"): Keys '*' sent to object: 'Object Repository/ADMIN/Edit Text/Bespoke/Seller Pages/Onboarding_Settings/input_No account linked yet_no-account-linked'

2020-03-20 10:36:48 - [MESSAGE][PASSED] - Keys '*' sent to object: 'Object Repository/ADMIN/Edit Text/Bespoke/Seller Pages/Onboarding_Settings/input_No account linked yet_no-account-linked'

2020-03-20 10:36:48 - [TEST_STEP][PASSED] - sendKeys(findTestObject("ADMIN/Edit Text/Bespoke/Seller Pages/Onboarding_Settings/input_next3"), "*"): Keys '*' sent to object: 'Object Repository/ADMIN/Edit Text/Bespoke/Seller Pages/Onboarding_Settings/input_next3'

2020-03-20 10:36:49 - [MESSAGE][PASSED] - Keys '*' sent to object: 'Object Repository/ADMIN/Edit Text/Bespoke/Seller Pages/Onboarding_Settings/input_next3'

2020-03-20 10:36:49 - [TEST_STEP][PASSED] - sendKeys(findTestObject("ADMIN/Edit Text/Bespoke/Seller Pages/Onboarding_Settings/input_DELIVERY METHODS_tab-title1"), "*"): Keys '*' sent to object: 'Object Repository/ADMIN/Edit Text/Bespoke/Seller Pages/Onboarding_Settings/input_DELIVERY METHODS_tab-title1'

2020-03-20 10:36:49 - [MESSAGE][PASSED] - Keys '*' sent to object: 'Object Repository/ADMIN/Edit Text/Bespoke/Seller Pages/Onboarding_Settings/input_DELIVERY METHODS_tab-title1'

2020-03-20 10:36:49 - [TEST_STEP][PASSED] - sendKeys(findTestObject("ADMIN/Edit Text/Bespoke/Seller Pages/Onboarding_Settings/input_DELIVERY OPTIONS_delivery-option"), "*"): Keys '*' sent to object: 'Object Repository/ADMIN/Edit Text/Bespoke/Seller Pages/Onboarding_Settings/input_DELIVERY OPTIONS_delivery-option'

2020-03-20 10:36:49 - [MESSAGE][PASSED] - Keys '*' sent to object: 'Object Repository/ADMIN/Edit Text/Bespoke/Seller Pages/Onboarding_Settings/input_DELIVERY OPTIONS_delivery-option'

2020-03-20 10:36:49 - [TEST_STEP][PASSED] - sendKeys(findTestObject("ADMIN/Edit Text/Bespoke/Seller Pages/Onboarding_Settings/input_DELIVERY OPTIONS_delivery-txt2"), "*"): Keys '*' sent to object: 'Object Repository/ADMIN/Edit Text/Bespoke/Seller Pages/Onboarding_Settings/input_DELIVERY OPTIONS_delivery-txt2'

2020-03-20 10:36:49 - [MESSAGE][PASSED] - Keys '*' sent to object: 'Object Repository/ADMIN/Edit Text/Bespoke/Seller Pages/Onboarding_Settings/input_DELIVERY OPTIONS_delivery-txt2'

2020-03-20 10:36:49 - [TEST_STEP][PASSED] - sendKeys(findTestObject("ADMIN/Edit Text/Bespoke/Seller Pages/Onboarding_Settings/input_DELIVERY SERVICE_delivery-service"), "*"): Keys '*' sent to object: 'Object Repository/ADMIN/Edit Text/Bespoke/Seller Pages/Onboarding_Settings/input_DELIVERY SERVICE_delivery-service'

2020-03-20 10:36:49 - [MESSAGE][PASSED] - Keys '*' sent to object: 'Object Repository/ADMIN/Edit Text/Bespoke/Seller Pages/Onboarding_Settings/input_DELIVERY SERVICE_delivery-service'

2020-03-20 10:36:49 - [TEST_STEP][PASSED] - sendKeys(findTestObject("ADMIN/Edit Text/Bespoke/Seller Pages/Onboarding_Settings/input_SINGLE ITEM DELIVERY (A)_single-item-delivery"), "*"): Keys '*' sent to object: 'Object Repository/ADMIN/Edit Text/Bespoke/Seller Pages/Onboarding_Settings/input_SINGLE ITEM DELIVERY (A)_single-item-delivery'

2020-03-20 10:36:49 - [MESSAGE][PASSED] - Keys '*' sent to object: 'Object Repository/ADMIN/Edit Text/Bespoke/Seller Pages/Onboarding_Settings/input_SINGLE ITEM DELIVERY (A)_single-item-delivery'

2020-03-20 10:36:49 - [TEST_STEP][PASSED] - sendKeys(findTestObject("ADMIN/Edit Text/Bespoke/Seller Pages/Onboarding_Settings/input_WITH OTHER ITEM (B)_with-other-item"), "*"): Keys '*' sent to object: 'Object Repository/ADMIN/Edit Text/Bespoke/Seller Pages/Onboarding_Settings/input_WITH OTHER ITEM (B)_with-other-item'

2020-03-20 10:36:49 - [MESSAGE][PASSED] - Keys '*' sent to object: 'Object Repository/ADMIN/Edit Text/Bespoke/Seller Pages/Onboarding_Settings/input_WITH OTHER ITEM (B)_with-other-item'

2020-03-20 10:36:49 - [TEST_STEP][PASSED] - sendKeys(findTestObject("ADMIN/Edit Text/Bespoke/Seller Pages/Onboarding_Settings/input_ADD_btn_add"), "*"): Keys '*' sent to object: 'Object Repository/ADMIN/Edit Text/Bespoke/Seller Pages/Onboarding_Settings/input_ADD_btn_add'

2020-03-20 10:36:49 - [MESSAGE][PASSED] - Keys '*' sent to object: 'Object Repository/ADMIN/Edit Text/Bespoke/Seller Pages/Onboarding_Settings/input_ADD_btn_add'

2020-03-20 10:36:49 - [TEST_STEP][PASSED] - sendKeys(findTestObject("ADMIN/Edit Text/Bespoke/Seller Pages/Onboarding_Settings/input_PICK-UP LOCATIONS_pick-up-option"), "*"): Keys '*' sent to object: 'Object Repository/ADMIN/Edit Text/Bespoke/Seller Pages/Onboarding_Settings/input_PICK-UP LOCATIONS_pick-up-option'

2020-03-20 10:36:50 - [MESSAGE][PASSED] - Keys '*' sent to object: 'Object Repository/ADMIN/Edit Text/Bespoke/Seller Pages/Onboarding_Settings/input_PICK-UP LOCATIONS_pick-up-option'

2020-03-20 10:36:50 - [TEST_STEP][PASSED] - sendKeys(findTestObject("ADMIN/Edit Text/Bespoke/Seller Pages/Onboarding_Settings/textarea_Define the full address where the buyer can pick up from (You must have at least a delivery option or a pick-up location selected)"), "*"): Keys '*' sent to object: 'Object Repository/ADMIN/Edit Text/Bespoke/Seller Pages/Onboarding_Settings/textarea_Define the full address where the buyer can pick up from (You must have at least a delivery option or a pick-up location selected)'

2020-03-20 10:36:50 - [MESSAGE][PASSED] - Keys '*' sent to object: 'Object Repository/ADMIN/Edit Text/Bespoke/Seller Pages/Onboarding_Settings/textarea_Define the full address where the buyer can pick up from (You must have at least a delivery option or a pick-up location selected)'

2020-03-20 10:36:50 - [TEST_STEP][PASSED] - sendKeys(findTestObject("ADMIN/Edit Text/Bespoke/Seller Pages/Onboarding_Settings/input_Offer reduced shipping costs to buyers when they buy more than one item from you_delivery-txt2"), "*"): Keys '*' sent to object: 'Object Repository/ADMIN/Edit Text/Bespoke/Seller Pages/Onboarding_Settings/input_Offer reduced shipping costs to buyers when they buy more than one item from you_delivery-txt2'

2020-03-20 10:36:50 - [MESSAGE][PASSED] - Keys '*' sent to object: 'Object Repository/ADMIN/Edit Text/Bespoke/Seller Pages/Onboarding_Settings/input_Offer reduced shipping costs to buyers when they buy more than one item from you_delivery-txt2'

2020-03-20 10:36:50 - [TEST_STEP][PASSED] - sendKeys(findTestObject("ADMIN/Edit Text/Bespoke/Seller Pages/Onboarding_Settings/input_total delivery"), "*"): Keys '*' sent to object: 'Object Repository/ADMIN/Edit Text/Bespoke/Seller Pages/Onboarding_Settings/input_total delivery'

2020-03-20 10:36:50 - [MESSAGE][PASSED] - Keys '*' sent to object: 'Object Repository/ADMIN/Edit Text/Bespoke/Seller Pages/Onboarding_Settings/input_total delivery'

2020-03-20 10:36:50 - [TEST_STEP][PASSED] - sendKeys(findTestObject("ADMIN/Edit Text/Bespoke/Seller Pages/Onboarding_Settings/input_add1"), "*"): Keys '*' sent to object: 'Object Repository/ADMIN/Edit Text/Bespoke/Seller Pages/Onboarding_Settings/input_add1'

2020-03-20 10:36:50 - [MESSAGE][PASSED] - Keys '*' sent to object: 'Object Repository/ADMIN/Edit Text/Bespoke/Seller Pages/Onboarding_Settings/input_add1'

2020-03-20 10:36:50 - [TEST_STEP][PASSED] - sendKeys(findTestObject("ADMIN/Edit Text/Bespoke/Seller Pages/Onboarding_Settings/input_PICK-UP LOCATION ADDRESS_pick-up-address"), "*"): Keys '*' sent to object: 'Object Repository/ADMIN/Edit Text/Bespoke/Seller Pages/Onboarding_Settings/input_PICK-UP LOCATION ADDRESS_pick-up-address'

2020-03-20 10:36:50 - [MESSAGE][PASSED] - Keys '*' sent to object: 'Object Repository/ADMIN/Edit Text/Bespoke/Seller Pages/Onboarding_Settings/input_PICK-UP LOCATION ADDRESS_pick-up-address'

2020-03-20 10:36:50 - [TEST_STEP][PASSED] - sendKeys(findTestObject("ADMIN/Edit Text/Bespoke/Seller Pages/Onboarding_Settings/input_SAVE_btn_save"), "*"): Keys '*' sent to object: 'Object Repository/ADMIN/Edit Text/Bespoke/Seller Pages/Onboarding_Settings/input_SAVE_btn_save'

2020-03-20 10:36:50 - [MESSAGE][PASSED] - Keys '*' sent to object: 'Object Repository/ADMIN/Edit Text/Bespoke/Seller Pages/Onboarding_Settings/input_SAVE_btn_save'

2020-03-20 10:36:50 - [TEST_STEP][PASSED] - sendKeys(findTestObject("ADMIN/Edit Text/Bespoke/Seller Pages/Onboarding_Settings/input_Are you sure want to delete_popup-title"), "*"): Keys '*' sent to object: 'Object Repository/ADMIN/Edit Text/Bespoke/Seller Pages/Onboarding_Settings/input_Are you sure want to delete_popup-title'

2020-03-20 10:36:50 - [MESSAGE][PASSED] - Keys '*' sent to object: 'Object Repository/ADMIN/Edit Text/Bespoke/Seller Pages/Onboarding_Settings/input_Are you sure want to delete_popup-title'

2020-03-20 10:36:50 - [TEST_STEP][PASSED] - sendKeys(findTestObject("ADMIN/Edit Text/Bespoke/Seller Pages/Onboarding_Settings/input_CANCEL_btn_cancel"), "*"): Keys '*' sent to object: 'Object Repository/ADMIN/Edit Text/Bespoke/Seller Pages/Onboarding_Settings/input_CANCEL_btn_cancel'

2020-03-20 10:36:50 - [MESSAGE][PASSED] - Keys '*' sent to object: 'Object Repository/ADMIN/Edit Text/Bespoke/Seller Pages/Onboarding_Settings/input_CANCEL_btn_cancel'

2020-03-20 10:36:50 - [TEST_STEP][PASSED] - sendKeys(findTestObject("ADMIN/Edit Text/Bespoke/Seller Pages/Onboarding_Settings/input_Okay_btn_okay"), "*"): Keys '*' sent to object: 'Object Repository/ADMIN/Edit Text/Bespoke/Seller Pages/Onboarding_Settings/input_Okay_btn_okay'

2020-03-20 10:36:51 - [MESSAGE][PASSED] - Keys '*' sent to object: 'Object Repository/ADMIN/Edit Text/Bespoke/Seller Pages/Onboarding_Settings/input_Okay_btn_okay'

2020-03-20 10:36:51 - [TEST_STEP][PASSED] - sendKeys(findTestObject("ADMIN/Edit Text/Bespoke/Seller Pages/Onboarding_Settings/input_REMOVE ITEM_popup-title"), "*"): Keys '*' sent to object: 'Object Repository/ADMIN/Edit Text/Bespoke/Seller Pages/Onboarding_Settings/input_REMOVE ITEM_popup-title'

2020-03-20 10:36:51 - [MESSAGE][PASSED] - Keys '*' sent to object: 'Object Repository/ADMIN/Edit Text/Bespoke/Seller Pages/Onboarding_Settings/input_REMOVE ITEM_popup-title'

2020-03-20 10:36:51 - [TEST_STEP][PASSED] - sendKeys(findTestObject("ADMIN/Edit Text/Bespoke/Seller Pages/Onboarding_Settings/input_concat(Are you sure about removing this item from your list (It  ll be gone forever))_popup-title"), "*"): Keys '*' sent to object: 'Object Repository/ADMIN/Edit Text/Bespoke/Seller Pages/Onboarding_Settings/input_concat(Are you sure about removing this item from your list (It  ll be gone forever))_popup-title'

2020-03-20 10:36:51 - [MESSAGE][PASSED] - Keys '*' sent to object: 'Object Repository/ADMIN/Edit Text/Bespoke/Seller Pages/Onboarding_Settings/input_concat(Are you sure about removing this item from your list (It  ll be gone forever))_popup-title'

2020-03-20 10:36:51 - [TEST_STEP][PASSED] - sendKeys(findTestObject("ADMIN/Edit Text/Bespoke/Seller Pages/Onboarding_Settings/input_CANCEL_btn_cancel2"), "*"): Keys '*' sent to object: 'Object Repository/ADMIN/Edit Text/Bespoke/Seller Pages/Onboarding_Settings/input_CANCEL_btn_cancel2'

2020-03-20 10:36:51 - [MESSAGE][PASSED] - Keys '*' sent to object: 'Object Repository/ADMIN/Edit Text/Bespoke/Seller Pages/Onboarding_Settings/input_CANCEL_btn_cancel2'

2020-03-20 10:36:51 - [TEST_STEP][PASSED] - sendKeys(findTestObject("ADMIN/Edit Text/Bespoke/Seller Pages/Onboarding_Settings/input_Okay_btn_okay2"), "*"): Keys '*' sent to object: 'Object Repository/ADMIN/Edit Text/Bespoke/Seller Pages/Onboarding_Settings/input_Okay_btn_okay2'

2020-03-20 10:36:51 - [MESSAGE][PASSED] - Keys '*' sent to object: 'Object Repository/ADMIN/Edit Text/Bespoke/Seller Pages/Onboarding_Settings/input_Okay_btn_okay2'

2020-03-20 10:36:51 - [TEST_STEP][PASSED] - sendKeys(findTestObject("ADMIN/Edit Text/Bespoke/Seller Pages/Onboarding_Settings/input_Back_tab-title"), "*"): Keys '*' sent to object: 'Object Repository/ADMIN/Edit Text/Bespoke/Seller Pages/Onboarding_Settings/input_Back_tab-title'

2020-03-20 10:36:51 - [MESSAGE][PASSED] - Keys '*' sent to object: 'Object Repository/ADMIN/Edit Text/Bespoke/Seller Pages/Onboarding_Settings/input_Back_tab-title'

2020-03-20 10:36:51 - [TEST_STEP][PASSED] - sendKeys(findTestObject("ADMIN/Edit Text/Bespoke/Seller Pages/Onboarding_Settings/input_ACCOUNT CONFIGURATION_tab-title"), "*"): Keys '*' sent to object: 'Object Repository/ADMIN/Edit Text/Bespoke/Seller Pages/Onboarding_Settings/input_ACCOUNT CONFIGURATION_tab-title'

2020-03-20 10:36:51 - [MESSAGE][PASSED] - Keys '*' sent to object: 'Object Repository/ADMIN/Edit Text/Bespoke/Seller Pages/Onboarding_Settings/input_ACCOUNT CONFIGURATION_tab-title'

2020-03-20 10:36:51 - [TEST_STEP][PASSED] - sendKeys(findTestObject("ADMIN/Edit Text/Bespoke/Seller Pages/Onboarding_Settings/textarea_Your details entered here will be saved and verified by Omise Money you earn from your sales will be accredited to your bank account directly"), "*"): Keys '*' sent to object: 'Object Repository/ADMIN/Edit Text/Bespoke/Seller Pages/Onboarding_Settings/textarea_Your details entered here will be saved and verified by Omise Money you earn from your sales will be accredited to your bank account directly'

2020-03-20 10:36:51 - [MESSAGE][PASSED] - Keys '*' sent to object: 'Object Repository/ADMIN/Edit Text/Bespoke/Seller Pages/Onboarding_Settings/textarea_Your details entered here will be saved and verified by Omise Money you earn from your sales will be accredited to your bank account directly'

2020-03-20 10:36:51 - [TEST_STEP][PASSED] - sendKeys(findTestObject("ADMIN/Edit Text/Bespoke/Seller Pages/Onboarding_Settings/input_TYPE_tab-title"), "*"): Keys '*' sent to object: 'Object Repository/ADMIN/Edit Text/Bespoke/Seller Pages/Onboarding_Settings/input_TYPE_tab-title'

2020-03-20 10:36:52 - [MESSAGE][PASSED] - Keys '*' sent to object: 'Object Repository/ADMIN/Edit Text/Bespoke/Seller Pages/Onboarding_Settings/input_TYPE_tab-title'

2020-03-20 10:36:52 - [TEST_STEP][PASSED] - sendKeys(findTestObject("ADMIN/Edit Text/Bespoke/Seller Pages/Onboarding_Settings/input_Tax identification number (optional)_tab-title"), "*"): Keys '*' sent to object: 'Object Repository/ADMIN/Edit Text/Bespoke/Seller Pages/Onboarding_Settings/input_Tax identification number (optional)_tab-title'

2020-03-20 10:36:52 - [MESSAGE][PASSED] - Keys '*' sent to object: 'Object Repository/ADMIN/Edit Text/Bespoke/Seller Pages/Onboarding_Settings/input_Tax identification number (optional)_tab-title'

2020-03-20 10:36:52 - [TEST_STEP][PASSED] - sendKeys(findTestObject("ADMIN/Edit Text/Bespoke/Seller Pages/Onboarding_Settings/input_Individual_tab-title"), "*"): Keys '*' sent to object: 'Object Repository/ADMIN/Edit Text/Bespoke/Seller Pages/Onboarding_Settings/input_Individual_tab-title'

2020-03-20 10:36:52 - [MESSAGE][PASSED] - Keys '*' sent to object: 'Object Repository/ADMIN/Edit Text/Bespoke/Seller Pages/Onboarding_Settings/input_Individual_tab-title'

2020-03-20 10:36:52 - [TEST_STEP][PASSED] - sendKeys(findTestObject("ADMIN/Edit Text/Bespoke/Seller Pages/Onboarding_Settings/input_Corporate_tab-title"), "*"): Keys '*' sent to object: 'Object Repository/ADMIN/Edit Text/Bespoke/Seller Pages/Onboarding_Settings/input_Corporate_tab-title'

2020-03-20 10:36:52 - [MESSAGE][PASSED] - Keys '*' sent to object: 'Object Repository/ADMIN/Edit Text/Bespoke/Seller Pages/Onboarding_Settings/input_Corporate_tab-title'

2020-03-20 10:36:52 - [TEST_STEP][PASSED] - sendKeys(findTestObject("ADMIN/Edit Text/Bespoke/Seller Pages/Onboarding_Settings/input_Bank  branch code_tab-title"), "*"): Keys '*' sent to object: 'Object Repository/ADMIN/Edit Text/Bespoke/Seller Pages/Onboarding_Settings/input_Bank  branch code_tab-title'

2020-03-20 10:36:52 - [MESSAGE][PASSED] - Keys '*' sent to object: 'Object Repository/ADMIN/Edit Text/Bespoke/Seller Pages/Onboarding_Settings/input_Bank  branch code_tab-title'

2020-03-20 10:36:52 - [TEST_STEP][PASSED] - sendKeys(findTestObject("ADMIN/Edit Text/Bespoke/Seller Pages/Onboarding_Settings/input_Bank account number_tab-title"), "*"): Keys '*' sent to object: 'Object Repository/ADMIN/Edit Text/Bespoke/Seller Pages/Onboarding_Settings/input_Bank account number_tab-title'

2020-03-20 10:36:52 - [MESSAGE][PASSED] - Keys '*' sent to object: 'Object Repository/ADMIN/Edit Text/Bespoke/Seller Pages/Onboarding_Settings/input_Bank account number_tab-title'

2020-03-20 10:36:52 - [TEST_STEP][PASSED] - sendKeys(findTestObject("ADMIN/Edit Text/Bespoke/Seller Pages/Onboarding_Settings/input_Bank account name_tab-title"), "*"): Keys '*' sent to object: 'Object Repository/ADMIN/Edit Text/Bespoke/Seller Pages/Onboarding_Settings/input_Bank account name_tab-title'

2020-03-20 10:36:52 - [MESSAGE][PASSED] - Keys '*' sent to object: 'Object Repository/ADMIN/Edit Text/Bespoke/Seller Pages/Onboarding_Settings/input_Bank account name_tab-title'

2020-03-20 10:36:52 - [TEST_STEP][PASSED] - click(findTestObject("ADMIN/Edit Text/Bespoke/Buyer Pages/Homepage/button_save"), CONTINUE_ON_FAILURE): Object: 'Object Repository/ADMIN/Edit Text/Bespoke/Buyer Pages/Homepage/button_save' is clicked on

2020-03-20 10:36:53 - [MESSAGE][PASSED] - Object: 'Object Repository/ADMIN/Edit Text/Bespoke/Buyer Pages/Homepage/button_save' is clicked on

2020-03-20 10:36:53 - [TEST_STEP][PASSED] - waitForElementVisible(findTestObject("ADMIN/Edit Text/Bespoke/Buyer Pages/Homepage/toaster_success"), 0): Object 'Object Repository/ADMIN/Edit Text/Bespoke/Buyer Pages/Homepage/toaster_success' is visible

2020-03-20 10:36:53 - [MESSAGE][WARNING] - Timeout '0' is invalid. Using default page load timeout: '30'

2020-03-20 10:36:53 - [MESSAGE][PASSED] - Object 'Object Repository/ADMIN/Edit Text/Bespoke/Buyer Pages/Homepage/toaster_success' is visible]]></system-out>
         <system-err><![CDATA[]]></system-err>
      </testcase>
      <testcase name="Test Cases/ADMIN/Language/Edit Text/Bespoke/Seller/Onboarding_Settings" time="12.285" classname="Test Cases/ADMIN/Language/Edit Text/Bespoke/Seller/Onboarding_Settings" status="PASSED">
         <system-out><![CDATA[2020-03-20 10:36:53 - [TEST_CASE][PASSED] - Test Cases/ADMIN/Language/Edit Text/Bespoke/Seller/Onboarding_Settings: Test Cases/ADMIN/Language/Edit Text/Bespoke/Seller/Onboarding_Settings

2020-03-20 10:36:53 - [TEST_STEP][PASSED] - waitForElementVisible(findTestObject("ADMIN/Edit Text/Bespoke/Buyer Navigation/dd_language"), 0): Object 'Object Repository/ADMIN/Edit Text/Bespoke/Buyer Navigation/dd_language' is visible

2020-03-20 10:36:53 - [MESSAGE][WARNING] - Timeout '0' is invalid. Using default page load timeout: '30'

2020-03-20 10:36:53 - [MESSAGE][PASSED] - Object 'Object Repository/ADMIN/Edit Text/Bespoke/Buyer Navigation/dd_language' is visible

2020-03-20 10:36:53 - [TEST_STEP][PASSED] - selectOptionByLabel(findTestObject("ADMIN/Edit Text/Bespoke/Buyer Navigation/dd_language"), varLanguage, false): All options with label 'Italian' are selected in object 'Object Repository/ADMIN/Edit Text/Bespoke/Buyer Navigation/dd_language' 

2020-03-20 10:36:55 - [MESSAGE][PASSED] - All options with label 'Italian' are selected in object 'Object Repository/ADMIN/Edit Text/Bespoke/Buyer Navigation/dd_language' 

2020-03-20 10:36:55 - [TEST_STEP][PASSED] - sendKeys(findTestObject("ADMIN/Edit Text/Bespoke/Seller Pages/Onboarding_Settings/input_USER SETTINGS_marketplace-name"), "*"): Keys '*' sent to object: 'Object Repository/ADMIN/Edit Text/Bespoke/Seller Pages/Onboarding_Settings/input_USER SETTINGS_marketplace-name'

2020-03-20 10:36:56 - [MESSAGE][PASSED] - Keys '*' sent to object: 'Object Repository/ADMIN/Edit Text/Bespoke/Seller Pages/Onboarding_Settings/input_USER SETTINGS_marketplace-name'

2020-03-20 10:36:56 - [TEST_STEP][PASSED] - sendKeys(findTestObject("ADMIN/Edit Text/Bespoke/Seller Pages/Onboarding_Settings/input_Configure your profile your delivery methods and how you receive payments_item_details"), "*"): Keys '*' sent to object: 'Object Repository/ADMIN/Edit Text/Bespoke/Seller Pages/Onboarding_Settings/input_Configure your profile your delivery methods and how you receive payments_item_details'

2020-03-20 10:36:56 - [MESSAGE][PASSED] - Keys '*' sent to object: 'Object Repository/ADMIN/Edit Text/Bespoke/Seller Pages/Onboarding_Settings/input_Configure your profile your delivery methods and how you receive payments_item_details'

2020-03-20 10:36:56 - [TEST_STEP][PASSED] - sendKeys(findTestObject("ADMIN/Edit Text/Bespoke/Seller Pages/Onboarding_Settings/input_PROFILE_tab-title"), "*"): Keys '*' sent to object: 'Object Repository/ADMIN/Edit Text/Bespoke/Seller Pages/Onboarding_Settings/input_PROFILE_tab-title'

2020-03-20 10:36:56 - [MESSAGE][PASSED] - Keys '*' sent to object: 'Object Repository/ADMIN/Edit Text/Bespoke/Seller Pages/Onboarding_Settings/input_PROFILE_tab-title'

2020-03-20 10:36:56 - [TEST_STEP][PASSED] - sendKeys(findTestObject("ADMIN/Edit Text/Bespoke/Seller Pages/Onboarding_Settings/input_CHANGE_btn_upload"), "*"): Keys '*' sent to object: 'Object Repository/ADMIN/Edit Text/Bespoke/Seller Pages/Onboarding_Settings/input_CHANGE_btn_upload'

2020-03-20 10:36:56 - [MESSAGE][PASSED] - Keys '*' sent to object: 'Object Repository/ADMIN/Edit Text/Bespoke/Seller Pages/Onboarding_Settings/input_CHANGE_btn_upload'

2020-03-20 10:36:56 - [TEST_STEP][PASSED] - sendKeys(findTestObject("ADMIN/Edit Text/Bespoke/Seller Pages/Onboarding_Settings/input_DISPLAY NAME_display-name"), "*"): Keys '*' sent to object: 'Object Repository/ADMIN/Edit Text/Bespoke/Seller Pages/Onboarding_Settings/input_DISPLAY NAME_display-name'

2020-03-20 10:36:56 - [MESSAGE][PASSED] - Keys '*' sent to object: 'Object Repository/ADMIN/Edit Text/Bespoke/Seller Pages/Onboarding_Settings/input_DISPLAY NAME_display-name'

2020-03-20 10:36:56 - [TEST_STEP][PASSED] - sendKeys(findTestObject("ADMIN/Edit Text/Bespoke/Seller Pages/Onboarding_Settings/input_DESCRIPTION_description"), "*"): Keys '*' sent to object: 'Object Repository/ADMIN/Edit Text/Bespoke/Seller Pages/Onboarding_Settings/input_DESCRIPTION_description'

2020-03-20 10:36:57 - [MESSAGE][PASSED] - Keys '*' sent to object: 'Object Repository/ADMIN/Edit Text/Bespoke/Seller Pages/Onboarding_Settings/input_DESCRIPTION_description'

2020-03-20 10:36:57 - [TEST_STEP][PASSED] - sendKeys(findTestObject("ADMIN/Edit Text/Bespoke/Seller Pages/Onboarding_Settings/input_FIRST NAME_first-name"), "*"): Keys '*' sent to object: 'Object Repository/ADMIN/Edit Text/Bespoke/Seller Pages/Onboarding_Settings/input_FIRST NAME_first-name'

2020-03-20 10:36:57 - [MESSAGE][PASSED] - Keys '*' sent to object: 'Object Repository/ADMIN/Edit Text/Bespoke/Seller Pages/Onboarding_Settings/input_FIRST NAME_first-name'

2020-03-20 10:36:57 - [TEST_STEP][PASSED] - sendKeys(findTestObject("ADMIN/Edit Text/Bespoke/Seller Pages/Onboarding_Settings/input_LAST NAME_last-name"), "*"): Keys '*' sent to object: 'Object Repository/ADMIN/Edit Text/Bespoke/Seller Pages/Onboarding_Settings/input_LAST NAME_last-name'

2020-03-20 10:36:57 - [MESSAGE][PASSED] - Keys '*' sent to object: 'Object Repository/ADMIN/Edit Text/Bespoke/Seller Pages/Onboarding_Settings/input_LAST NAME_last-name'

2020-03-20 10:36:57 - [TEST_STEP][PASSED] - sendKeys(findTestObject("ADMIN/Edit Text/Bespoke/Seller Pages/Onboarding_Settings/input_NOTIFICATION EMAIL_notification-email"), "*"): Keys '*' sent to object: 'Object Repository/ADMIN/Edit Text/Bespoke/Seller Pages/Onboarding_Settings/input_NOTIFICATION EMAIL_notification-email'

2020-03-20 10:36:57 - [MESSAGE][PASSED] - Keys '*' sent to object: 'Object Repository/ADMIN/Edit Text/Bespoke/Seller Pages/Onboarding_Settings/input_NOTIFICATION EMAIL_notification-email'

2020-03-20 10:36:57 - [TEST_STEP][PASSED] - sendKeys(findTestObject("ADMIN/Edit Text/Bespoke/Seller Pages/Onboarding_Settings/input_CONTACT NUMBER_contact-number"), "*"): Keys '*' sent to object: 'Object Repository/ADMIN/Edit Text/Bespoke/Seller Pages/Onboarding_Settings/input_CONTACT NUMBER_contact-number'

2020-03-20 10:36:57 - [MESSAGE][PASSED] - Keys '*' sent to object: 'Object Repository/ADMIN/Edit Text/Bespoke/Seller Pages/Onboarding_Settings/input_CONTACT NUMBER_contact-number'

2020-03-20 10:36:57 - [TEST_STEP][PASSED] - sendKeys(findTestObject("ADMIN/Edit Text/Bespoke/Seller Pages/Onboarding_Settings/input_OPENID LOGIN_open-id-login"), "*"): Keys '*' sent to object: 'Object Repository/ADMIN/Edit Text/Bespoke/Seller Pages/Onboarding_Settings/input_OPENID LOGIN_open-id-login'

2020-03-20 10:36:57 - [MESSAGE][PASSED] - Keys '*' sent to object: 'Object Repository/ADMIN/Edit Text/Bespoke/Seller Pages/Onboarding_Settings/input_OPENID LOGIN_open-id-login'

2020-03-20 10:36:57 - [TEST_STEP][PASSED] - sendKeys(findTestObject("ADMIN/Edit Text/Bespoke/Seller Pages/Onboarding_Settings/input_SELLER LOCATION_seller_location"), "*"): Keys '*' sent to object: 'Object Repository/ADMIN/Edit Text/Bespoke/Seller Pages/Onboarding_Settings/input_SELLER LOCATION_seller_location'

2020-03-20 10:36:57 - [MESSAGE][PASSED] - Keys '*' sent to object: 'Object Repository/ADMIN/Edit Text/Bespoke/Seller Pages/Onboarding_Settings/input_SELLER LOCATION_seller_location'

2020-03-20 10:36:57 - [TEST_STEP][PASSED] - sendKeys(findTestObject("ADMIN/Edit Text/Bespoke/Seller Pages/Onboarding_Settings/textarea_For each transaction that is made through the marketplace there will be a seller transaction fee of"), "*"): Keys '*' sent to object: 'Object Repository/ADMIN/Edit Text/Bespoke/Seller Pages/Onboarding_Settings/textarea_For each transaction that is made through the marketplace there will be a seller transaction fee of'

2020-03-20 10:36:57 - [MESSAGE][PASSED] - Keys '*' sent to object: 'Object Repository/ADMIN/Edit Text/Bespoke/Seller Pages/Onboarding_Settings/textarea_For each transaction that is made through the marketplace there will be a seller transaction fee of'

2020-03-20 10:36:57 - [TEST_STEP][PASSED] - sendKeys(findTestObject("ADMIN/Edit Text/Bespoke/Seller Pages/Onboarding_Settings/input_NEXT_btn_next"), "*"): Keys '*' sent to object: 'Object Repository/ADMIN/Edit Text/Bespoke/Seller Pages/Onboarding_Settings/input_NEXT_btn_next'

2020-03-20 10:36:57 - [MESSAGE][PASSED] - Keys '*' sent to object: 'Object Repository/ADMIN/Edit Text/Bespoke/Seller Pages/Onboarding_Settings/input_NEXT_btn_next'

2020-03-20 10:36:57 - [TEST_STEP][PASSED] - sendKeys(findTestObject("ADMIN/Edit Text/Bespoke/Seller Pages/Onboarding_Settings/input_ADDRESS_tab-title"), "*"): Keys '*' sent to object: 'Object Repository/ADMIN/Edit Text/Bespoke/Seller Pages/Onboarding_Settings/input_ADDRESS_tab-title'

2020-03-20 10:36:58 - [MESSAGE][PASSED] - Keys '*' sent to object: 'Object Repository/ADMIN/Edit Text/Bespoke/Seller Pages/Onboarding_Settings/input_ADDRESS_tab-title'

2020-03-20 10:36:58 - [TEST_STEP][PASSED] - sendKeys(findTestObject("ADMIN/Edit Text/Bespoke/Seller Pages/Onboarding_Settings/input_NEW DELIVERY ADDRESS_new-delivery-address"), "*"): Keys '*' sent to object: 'Object Repository/ADMIN/Edit Text/Bespoke/Seller Pages/Onboarding_Settings/input_NEW DELIVERY ADDRESS_new-delivery-address'

2020-03-20 10:36:58 - [MESSAGE][PASSED] - Keys '*' sent to object: 'Object Repository/ADMIN/Edit Text/Bespoke/Seller Pages/Onboarding_Settings/input_NEW DELIVERY ADDRESS_new-delivery-address'

2020-03-20 10:36:58 - [TEST_STEP][PASSED] - sendKeys(findTestObject("ADMIN/Edit Text/Bespoke/Seller Pages/Onboarding_Settings/input_ADDRESSEE FIRST NAME_addressee-first-name"), "*"): Keys '*' sent to object: 'Object Repository/ADMIN/Edit Text/Bespoke/Seller Pages/Onboarding_Settings/input_ADDRESSEE FIRST NAME_addressee-first-name'

2020-03-20 10:36:58 - [MESSAGE][PASSED] - Keys '*' sent to object: 'Object Repository/ADMIN/Edit Text/Bespoke/Seller Pages/Onboarding_Settings/input_ADDRESSEE FIRST NAME_addressee-first-name'

2020-03-20 10:36:58 - [TEST_STEP][PASSED] - sendKeys(findTestObject("ADMIN/Edit Text/Bespoke/Seller Pages/Onboarding_Settings/input_ADDRESSEE LAST NAME_addressee-last-name"), "*"): Keys '*' sent to object: 'Object Repository/ADMIN/Edit Text/Bespoke/Seller Pages/Onboarding_Settings/input_ADDRESSEE LAST NAME_addressee-last-name'

2020-03-20 10:36:58 - [MESSAGE][PASSED] - Keys '*' sent to object: 'Object Repository/ADMIN/Edit Text/Bespoke/Seller Pages/Onboarding_Settings/input_ADDRESSEE LAST NAME_addressee-last-name'

2020-03-20 10:36:58 - [TEST_STEP][PASSED] - sendKeys(findTestObject("ADMIN/Edit Text/Bespoke/Seller Pages/Onboarding_Settings/input_ADDRESS_address"), "*"): Keys '*' sent to object: 'Object Repository/ADMIN/Edit Text/Bespoke/Seller Pages/Onboarding_Settings/input_ADDRESS_address'

2020-03-20 10:36:58 - [MESSAGE][PASSED] - Keys '*' sent to object: 'Object Repository/ADMIN/Edit Text/Bespoke/Seller Pages/Onboarding_Settings/input_ADDRESS_address'

2020-03-20 10:36:58 - [TEST_STEP][PASSED] - sendKeys(findTestObject("ADMIN/Edit Text/Bespoke/Seller Pages/Onboarding_Settings/input_SELECT COUNTRY_select-country"), "*"): Keys '*' sent to object: 'Object Repository/ADMIN/Edit Text/Bespoke/Seller Pages/Onboarding_Settings/input_SELECT COUNTRY_select-country'

2020-03-20 10:36:59 - [MESSAGE][PASSED] - Keys '*' sent to object: 'Object Repository/ADMIN/Edit Text/Bespoke/Seller Pages/Onboarding_Settings/input_SELECT COUNTRY_select-country'

2020-03-20 10:36:59 - [TEST_STEP][PASSED] - sendKeys(findTestObject("ADMIN/Edit Text/Bespoke/Seller Pages/Onboarding_Settings/input_COUNTRY_address-country"), "*"): Keys '*' sent to object: 'Object Repository/ADMIN/Edit Text/Bespoke/Seller Pages/Onboarding_Settings/input_COUNTRY_address-country'

2020-03-20 10:36:59 - [MESSAGE][PASSED] - Keys '*' sent to object: 'Object Repository/ADMIN/Edit Text/Bespoke/Seller Pages/Onboarding_Settings/input_COUNTRY_address-country'

2020-03-20 10:36:59 - [TEST_STEP][PASSED] - sendKeys(findTestObject("ADMIN/Edit Text/Bespoke/Seller Pages/Onboarding_Settings/input_STATE_address-state"), "*"): Keys '*' sent to object: 'Object Repository/ADMIN/Edit Text/Bespoke/Seller Pages/Onboarding_Settings/input_STATE_address-state'

2020-03-20 10:36:59 - [MESSAGE][PASSED] - Keys '*' sent to object: 'Object Repository/ADMIN/Edit Text/Bespoke/Seller Pages/Onboarding_Settings/input_STATE_address-state'

2020-03-20 10:36:59 - [TEST_STEP][PASSED] - sendKeys(findTestObject("ADMIN/Edit Text/Bespoke/Seller Pages/Onboarding_Settings/input_CITY_address-city"), "*"): Keys '*' sent to object: 'Object Repository/ADMIN/Edit Text/Bespoke/Seller Pages/Onboarding_Settings/input_CITY_address-city'

2020-03-20 10:36:59 - [MESSAGE][PASSED] - Keys '*' sent to object: 'Object Repository/ADMIN/Edit Text/Bespoke/Seller Pages/Onboarding_Settings/input_CITY_address-city'

2020-03-20 10:36:59 - [TEST_STEP][PASSED] - sendKeys(findTestObject("ADMIN/Edit Text/Bespoke/Seller Pages/Onboarding_Settings/input_POSTAL CODE_address-postalcode"), "*"): Keys '*' sent to object: 'Object Repository/ADMIN/Edit Text/Bespoke/Seller Pages/Onboarding_Settings/input_POSTAL CODE_address-postalcode'

2020-03-20 10:36:59 - [MESSAGE][PASSED] - Keys '*' sent to object: 'Object Repository/ADMIN/Edit Text/Bespoke/Seller Pages/Onboarding_Settings/input_POSTAL CODE_address-postalcode'

2020-03-20 10:36:59 - [TEST_STEP][PASSED] - sendKeys(findTestObject("ADMIN/Edit Text/Bespoke/Seller Pages/Onboarding_Settings/input_ADD ADDRESS_btn_add"), "*"): Keys '*' sent to object: 'Object Repository/ADMIN/Edit Text/Bespoke/Seller Pages/Onboarding_Settings/input_ADD ADDRESS_btn_add'

2020-03-20 10:36:59 - [MESSAGE][PASSED] - Keys '*' sent to object: 'Object Repository/ADMIN/Edit Text/Bespoke/Seller Pages/Onboarding_Settings/input_ADD ADDRESS_btn_add'

2020-03-20 10:36:59 - [TEST_STEP][PASSED] - sendKeys(findTestObject("ADMIN/Edit Text/Bespoke/Seller Pages/Onboarding_Settings/input_SAVED ADDRESSES_address-saved"), "*"): Keys '*' sent to object: 'Object Repository/ADMIN/Edit Text/Bespoke/Seller Pages/Onboarding_Settings/input_SAVED ADDRESSES_address-saved'

2020-03-20 10:36:59 - [MESSAGE][PASSED] - Keys '*' sent to object: 'Object Repository/ADMIN/Edit Text/Bespoke/Seller Pages/Onboarding_Settings/input_SAVED ADDRESSES_address-saved'

2020-03-20 10:36:59 - [TEST_STEP][PASSED] - sendKeys(findTestObject("ADMIN/Edit Text/Bespoke/Seller Pages/Onboarding_Settings/input_Next_btn_next (1)"), "*"): Keys '*' sent to object: 'Object Repository/ADMIN/Edit Text/Bespoke/Seller Pages/Onboarding_Settings/input_Next_btn_next (1)'

2020-03-20 10:36:59 - [MESSAGE][PASSED] - Keys '*' sent to object: 'Object Repository/ADMIN/Edit Text/Bespoke/Seller Pages/Onboarding_Settings/input_Next_btn_next (1)'

2020-03-20 10:36:59 - [TEST_STEP][PASSED] - sendKeys(findTestObject("ADMIN/Edit Text/Bespoke/Seller Pages/Onboarding_Settings/input_PAYMENT ACCEPTANCE_tan-title"), "*"): Keys '*' sent to object: 'Object Repository/ADMIN/Edit Text/Bespoke/Seller Pages/Onboarding_Settings/input_PAYMENT ACCEPTANCE_tan-title'

2020-03-20 10:36:59 - [MESSAGE][PASSED] - Keys '*' sent to object: 'Object Repository/ADMIN/Edit Text/Bespoke/Seller Pages/Onboarding_Settings/input_PAYMENT ACCEPTANCE_tan-title'

2020-03-20 10:36:59 - [TEST_STEP][PASSED] - sendKeys(findTestObject("ADMIN/Edit Text/Bespoke/Seller Pages/Onboarding_Settings/input_PAYMENT METHOD_payment_method"), "*"): Keys '*' sent to object: 'Object Repository/ADMIN/Edit Text/Bespoke/Seller Pages/Onboarding_Settings/input_PAYMENT METHOD_payment_method'

2020-03-20 10:37:00 - [MESSAGE][PASSED] - Keys '*' sent to object: 'Object Repository/ADMIN/Edit Text/Bespoke/Seller Pages/Onboarding_Settings/input_PAYMENT METHOD_payment_method'

2020-03-20 10:37:00 - [TEST_STEP][PASSED] - sendKeys(findTestObject("ADMIN/Edit Text/Bespoke/Seller Pages/Onboarding_Settings/input_Select your preferred payment method_select_payment_method"), "*"): Keys '*' sent to object: 'Object Repository/ADMIN/Edit Text/Bespoke/Seller Pages/Onboarding_Settings/input_Select your preferred payment method_select_payment_method'

2020-03-20 10:37:00 - [MESSAGE][PASSED] - Keys '*' sent to object: 'Object Repository/ADMIN/Edit Text/Bespoke/Seller Pages/Onboarding_Settings/input_Select your preferred payment method_select_payment_method'

2020-03-20 10:37:00 - [TEST_STEP][PASSED] - sendKeys(findTestObject("ADMIN/Edit Text/Bespoke/Seller Pages/Onboarding_Settings/input_LINK ACCOUNT_btn_link_account"), "*"): Keys '*' sent to object: 'Object Repository/ADMIN/Edit Text/Bespoke/Seller Pages/Onboarding_Settings/input_LINK ACCOUNT_btn_link_account'

2020-03-20 10:37:00 - [MESSAGE][PASSED] - Keys '*' sent to object: 'Object Repository/ADMIN/Edit Text/Bespoke/Seller Pages/Onboarding_Settings/input_LINK ACCOUNT_btn_link_account'

2020-03-20 10:37:00 - [TEST_STEP][PASSED] - sendKeys(findTestObject("ADMIN/Edit Text/Bespoke/Seller Pages/Onboarding_Settings/input_VERIFIED_verified"), "*"): Keys '*' sent to object: 'Object Repository/ADMIN/Edit Text/Bespoke/Seller Pages/Onboarding_Settings/input_VERIFIED_verified'

2020-03-20 10:37:00 - [MESSAGE][PASSED] - Keys '*' sent to object: 'Object Repository/ADMIN/Edit Text/Bespoke/Seller Pages/Onboarding_Settings/input_VERIFIED_verified'

2020-03-20 10:37:00 - [TEST_STEP][PASSED] - sendKeys(findTestObject("ADMIN/Edit Text/Bespoke/Seller Pages/Onboarding_Settings/input_This payment method is compulsory_this_method_compulsory"), "*"): Keys '*' sent to object: 'Object Repository/ADMIN/Edit Text/Bespoke/Seller Pages/Onboarding_Settings/input_This payment method is compulsory_this_method_compulsory'

2020-03-20 10:37:00 - [MESSAGE][PASSED] - Keys '*' sent to object: 'Object Repository/ADMIN/Edit Text/Bespoke/Seller Pages/Onboarding_Settings/input_This payment method is compulsory_this_method_compulsory'

2020-03-20 10:37:00 - [TEST_STEP][PASSED] - sendKeys(findTestObject("ADMIN/Edit Text/Bespoke/Seller Pages/Onboarding_Settings/input_No account linked yet_no-account-linked"), "*"): Keys '*' sent to object: 'Object Repository/ADMIN/Edit Text/Bespoke/Seller Pages/Onboarding_Settings/input_No account linked yet_no-account-linked'

2020-03-20 10:37:01 - [MESSAGE][PASSED] - Keys '*' sent to object: 'Object Repository/ADMIN/Edit Text/Bespoke/Seller Pages/Onboarding_Settings/input_No account linked yet_no-account-linked'

2020-03-20 10:37:01 - [TEST_STEP][PASSED] - sendKeys(findTestObject("ADMIN/Edit Text/Bespoke/Seller Pages/Onboarding_Settings/input_next3"), "*"): Keys '*' sent to object: 'Object Repository/ADMIN/Edit Text/Bespoke/Seller Pages/Onboarding_Settings/input_next3'

2020-03-20 10:37:01 - [MESSAGE][PASSED] - Keys '*' sent to object: 'Object Repository/ADMIN/Edit Text/Bespoke/Seller Pages/Onboarding_Settings/input_next3'

2020-03-20 10:37:01 - [TEST_STEP][PASSED] - sendKeys(findTestObject("ADMIN/Edit Text/Bespoke/Seller Pages/Onboarding_Settings/input_DELIVERY METHODS_tab-title1"), "*"): Keys '*' sent to object: 'Object Repository/ADMIN/Edit Text/Bespoke/Seller Pages/Onboarding_Settings/input_DELIVERY METHODS_tab-title1'

2020-03-20 10:37:01 - [MESSAGE][PASSED] - Keys '*' sent to object: 'Object Repository/ADMIN/Edit Text/Bespoke/Seller Pages/Onboarding_Settings/input_DELIVERY METHODS_tab-title1'

2020-03-20 10:37:01 - [TEST_STEP][PASSED] - sendKeys(findTestObject("ADMIN/Edit Text/Bespoke/Seller Pages/Onboarding_Settings/input_DELIVERY OPTIONS_delivery-option"), "*"): Keys '*' sent to object: 'Object Repository/ADMIN/Edit Text/Bespoke/Seller Pages/Onboarding_Settings/input_DELIVERY OPTIONS_delivery-option'

2020-03-20 10:37:01 - [MESSAGE][PASSED] - Keys '*' sent to object: 'Object Repository/ADMIN/Edit Text/Bespoke/Seller Pages/Onboarding_Settings/input_DELIVERY OPTIONS_delivery-option'

2020-03-20 10:37:01 - [TEST_STEP][PASSED] - sendKeys(findTestObject("ADMIN/Edit Text/Bespoke/Seller Pages/Onboarding_Settings/input_DELIVERY OPTIONS_delivery-txt2"), "*"): Keys '*' sent to object: 'Object Repository/ADMIN/Edit Text/Bespoke/Seller Pages/Onboarding_Settings/input_DELIVERY OPTIONS_delivery-txt2'

2020-03-20 10:37:01 - [MESSAGE][PASSED] - Keys '*' sent to object: 'Object Repository/ADMIN/Edit Text/Bespoke/Seller Pages/Onboarding_Settings/input_DELIVERY OPTIONS_delivery-txt2'

2020-03-20 10:37:01 - [TEST_STEP][PASSED] - sendKeys(findTestObject("ADMIN/Edit Text/Bespoke/Seller Pages/Onboarding_Settings/input_DELIVERY SERVICE_delivery-service"), "*"): Keys '*' sent to object: 'Object Repository/ADMIN/Edit Text/Bespoke/Seller Pages/Onboarding_Settings/input_DELIVERY SERVICE_delivery-service'

2020-03-20 10:37:01 - [MESSAGE][PASSED] - Keys '*' sent to object: 'Object Repository/ADMIN/Edit Text/Bespoke/Seller Pages/Onboarding_Settings/input_DELIVERY SERVICE_delivery-service'

2020-03-20 10:37:01 - [TEST_STEP][PASSED] - sendKeys(findTestObject("ADMIN/Edit Text/Bespoke/Seller Pages/Onboarding_Settings/input_SINGLE ITEM DELIVERY (A)_single-item-delivery"), "*"): Keys '*' sent to object: 'Object Repository/ADMIN/Edit Text/Bespoke/Seller Pages/Onboarding_Settings/input_SINGLE ITEM DELIVERY (A)_single-item-delivery'

2020-03-20 10:37:01 - [MESSAGE][PASSED] - Keys '*' sent to object: 'Object Repository/ADMIN/Edit Text/Bespoke/Seller Pages/Onboarding_Settings/input_SINGLE ITEM DELIVERY (A)_single-item-delivery'

2020-03-20 10:37:01 - [TEST_STEP][PASSED] - sendKeys(findTestObject("ADMIN/Edit Text/Bespoke/Seller Pages/Onboarding_Settings/input_WITH OTHER ITEM (B)_with-other-item"), "*"): Keys '*' sent to object: 'Object Repository/ADMIN/Edit Text/Bespoke/Seller Pages/Onboarding_Settings/input_WITH OTHER ITEM (B)_with-other-item'

2020-03-20 10:37:01 - [MESSAGE][PASSED] - Keys '*' sent to object: 'Object Repository/ADMIN/Edit Text/Bespoke/Seller Pages/Onboarding_Settings/input_WITH OTHER ITEM (B)_with-other-item'

2020-03-20 10:37:01 - [TEST_STEP][PASSED] - sendKeys(findTestObject("ADMIN/Edit Text/Bespoke/Seller Pages/Onboarding_Settings/input_ADD_btn_add"), "*"): Keys '*' sent to object: 'Object Repository/ADMIN/Edit Text/Bespoke/Seller Pages/Onboarding_Settings/input_ADD_btn_add'

2020-03-20 10:37:02 - [MESSAGE][PASSED] - Keys '*' sent to object: 'Object Repository/ADMIN/Edit Text/Bespoke/Seller Pages/Onboarding_Settings/input_ADD_btn_add'

2020-03-20 10:37:02 - [TEST_STEP][PASSED] - sendKeys(findTestObject("ADMIN/Edit Text/Bespoke/Seller Pages/Onboarding_Settings/input_PICK-UP LOCATIONS_pick-up-option"), "*"): Keys '*' sent to object: 'Object Repository/ADMIN/Edit Text/Bespoke/Seller Pages/Onboarding_Settings/input_PICK-UP LOCATIONS_pick-up-option'

2020-03-20 10:37:02 - [MESSAGE][PASSED] - Keys '*' sent to object: 'Object Repository/ADMIN/Edit Text/Bespoke/Seller Pages/Onboarding_Settings/input_PICK-UP LOCATIONS_pick-up-option'

2020-03-20 10:37:02 - [TEST_STEP][PASSED] - sendKeys(findTestObject("ADMIN/Edit Text/Bespoke/Seller Pages/Onboarding_Settings/textarea_Define the full address where the buyer can pick up from (You must have at least a delivery option or a pick-up location selected)"), "*"): Keys '*' sent to object: 'Object Repository/ADMIN/Edit Text/Bespoke/Seller Pages/Onboarding_Settings/textarea_Define the full address where the buyer can pick up from (You must have at least a delivery option or a pick-up location selected)'

2020-03-20 10:37:02 - [MESSAGE][PASSED] - Keys '*' sent to object: 'Object Repository/ADMIN/Edit Text/Bespoke/Seller Pages/Onboarding_Settings/textarea_Define the full address where the buyer can pick up from (You must have at least a delivery option or a pick-up location selected)'

2020-03-20 10:37:02 - [TEST_STEP][PASSED] - sendKeys(findTestObject("ADMIN/Edit Text/Bespoke/Seller Pages/Onboarding_Settings/input_Offer reduced shipping costs to buyers when they buy more than one item from you_delivery-txt2"), "*"): Keys '*' sent to object: 'Object Repository/ADMIN/Edit Text/Bespoke/Seller Pages/Onboarding_Settings/input_Offer reduced shipping costs to buyers when they buy more than one item from you_delivery-txt2'

2020-03-20 10:37:02 - [MESSAGE][PASSED] - Keys '*' sent to object: 'Object Repository/ADMIN/Edit Text/Bespoke/Seller Pages/Onboarding_Settings/input_Offer reduced shipping costs to buyers when they buy more than one item from you_delivery-txt2'

2020-03-20 10:37:02 - [TEST_STEP][PASSED] - sendKeys(findTestObject("ADMIN/Edit Text/Bespoke/Seller Pages/Onboarding_Settings/input_total delivery"), "*"): Keys '*' sent to object: 'Object Repository/ADMIN/Edit Text/Bespoke/Seller Pages/Onboarding_Settings/input_total delivery'

2020-03-20 10:37:02 - [MESSAGE][PASSED] - Keys '*' sent to object: 'Object Repository/ADMIN/Edit Text/Bespoke/Seller Pages/Onboarding_Settings/input_total delivery'

2020-03-20 10:37:02 - [TEST_STEP][PASSED] - sendKeys(findTestObject("ADMIN/Edit Text/Bespoke/Seller Pages/Onboarding_Settings/input_add1"), "*"): Keys '*' sent to object: 'Object Repository/ADMIN/Edit Text/Bespoke/Seller Pages/Onboarding_Settings/input_add1'

2020-03-20 10:37:02 - [MESSAGE][PASSED] - Keys '*' sent to object: 'Object Repository/ADMIN/Edit Text/Bespoke/Seller Pages/Onboarding_Settings/input_add1'

2020-03-20 10:37:02 - [TEST_STEP][PASSED] - sendKeys(findTestObject("ADMIN/Edit Text/Bespoke/Seller Pages/Onboarding_Settings/input_PICK-UP LOCATION ADDRESS_pick-up-address"), "*"): Keys '*' sent to object: 'Object Repository/ADMIN/Edit Text/Bespoke/Seller Pages/Onboarding_Settings/input_PICK-UP LOCATION ADDRESS_pick-up-address'

2020-03-20 10:37:02 - [MESSAGE][PASSED] - Keys '*' sent to object: 'Object Repository/ADMIN/Edit Text/Bespoke/Seller Pages/Onboarding_Settings/input_PICK-UP LOCATION ADDRESS_pick-up-address'

2020-03-20 10:37:02 - [TEST_STEP][PASSED] - sendKeys(findTestObject("ADMIN/Edit Text/Bespoke/Seller Pages/Onboarding_Settings/input_SAVE_btn_save"), "*"): Keys '*' sent to object: 'Object Repository/ADMIN/Edit Text/Bespoke/Seller Pages/Onboarding_Settings/input_SAVE_btn_save'

2020-03-20 10:37:03 - [MESSAGE][PASSED] - Keys '*' sent to object: 'Object Repository/ADMIN/Edit Text/Bespoke/Seller Pages/Onboarding_Settings/input_SAVE_btn_save'

2020-03-20 10:37:03 - [TEST_STEP][PASSED] - sendKeys(findTestObject("ADMIN/Edit Text/Bespoke/Seller Pages/Onboarding_Settings/input_Are you sure want to delete_popup-title"), "*"): Keys '*' sent to object: 'Object Repository/ADMIN/Edit Text/Bespoke/Seller Pages/Onboarding_Settings/input_Are you sure want to delete_popup-title'

2020-03-20 10:37:03 - [MESSAGE][PASSED] - Keys '*' sent to object: 'Object Repository/ADMIN/Edit Text/Bespoke/Seller Pages/Onboarding_Settings/input_Are you sure want to delete_popup-title'

2020-03-20 10:37:03 - [TEST_STEP][PASSED] - sendKeys(findTestObject("ADMIN/Edit Text/Bespoke/Seller Pages/Onboarding_Settings/input_CANCEL_btn_cancel"), "*"): Keys '*' sent to object: 'Object Repository/ADMIN/Edit Text/Bespoke/Seller Pages/Onboarding_Settings/input_CANCEL_btn_cancel'

2020-03-20 10:37:03 - [MESSAGE][PASSED] - Keys '*' sent to object: 'Object Repository/ADMIN/Edit Text/Bespoke/Seller Pages/Onboarding_Settings/input_CANCEL_btn_cancel'

2020-03-20 10:37:03 - [TEST_STEP][PASSED] - sendKeys(findTestObject("ADMIN/Edit Text/Bespoke/Seller Pages/Onboarding_Settings/input_Okay_btn_okay"), "*"): Keys '*' sent to object: 'Object Repository/ADMIN/Edit Text/Bespoke/Seller Pages/Onboarding_Settings/input_Okay_btn_okay'

2020-03-20 10:37:03 - [MESSAGE][PASSED] - Keys '*' sent to object: 'Object Repository/ADMIN/Edit Text/Bespoke/Seller Pages/Onboarding_Settings/input_Okay_btn_okay'

2020-03-20 10:37:03 - [TEST_STEP][PASSED] - sendKeys(findTestObject("ADMIN/Edit Text/Bespoke/Seller Pages/Onboarding_Settings/input_REMOVE ITEM_popup-title"), "*"): Keys '*' sent to object: 'Object Repository/ADMIN/Edit Text/Bespoke/Seller Pages/Onboarding_Settings/input_REMOVE ITEM_popup-title'

2020-03-20 10:37:03 - [MESSAGE][PASSED] - Keys '*' sent to object: 'Object Repository/ADMIN/Edit Text/Bespoke/Seller Pages/Onboarding_Settings/input_REMOVE ITEM_popup-title'

2020-03-20 10:37:03 - [TEST_STEP][PASSED] - sendKeys(findTestObject("ADMIN/Edit Text/Bespoke/Seller Pages/Onboarding_Settings/input_concat(Are you sure about removing this item from your list (It  ll be gone forever))_popup-title"), "*"): Keys '*' sent to object: 'Object Repository/ADMIN/Edit Text/Bespoke/Seller Pages/Onboarding_Settings/input_concat(Are you sure about removing this item from your list (It  ll be gone forever))_popup-title'

2020-03-20 10:37:03 - [MESSAGE][PASSED] - Keys '*' sent to object: 'Object Repository/ADMIN/Edit Text/Bespoke/Seller Pages/Onboarding_Settings/input_concat(Are you sure about removing this item from your list (It  ll be gone forever))_popup-title'

2020-03-20 10:37:03 - [TEST_STEP][PASSED] - sendKeys(findTestObject("ADMIN/Edit Text/Bespoke/Seller Pages/Onboarding_Settings/input_CANCEL_btn_cancel2"), "*"): Keys '*' sent to object: 'Object Repository/ADMIN/Edit Text/Bespoke/Seller Pages/Onboarding_Settings/input_CANCEL_btn_cancel2'

2020-03-20 10:37:03 - [MESSAGE][PASSED] - Keys '*' sent to object: 'Object Repository/ADMIN/Edit Text/Bespoke/Seller Pages/Onboarding_Settings/input_CANCEL_btn_cancel2'

2020-03-20 10:37:03 - [TEST_STEP][PASSED] - sendKeys(findTestObject("ADMIN/Edit Text/Bespoke/Seller Pages/Onboarding_Settings/input_Okay_btn_okay2"), "*"): Keys '*' sent to object: 'Object Repository/ADMIN/Edit Text/Bespoke/Seller Pages/Onboarding_Settings/input_Okay_btn_okay2'

2020-03-20 10:37:03 - [MESSAGE][PASSED] - Keys '*' sent to object: 'Object Repository/ADMIN/Edit Text/Bespoke/Seller Pages/Onboarding_Settings/input_Okay_btn_okay2'

2020-03-20 10:37:03 - [TEST_STEP][PASSED] - sendKeys(findTestObject("ADMIN/Edit Text/Bespoke/Seller Pages/Onboarding_Settings/input_Back_tab-title"), "*"): Keys '*' sent to object: 'Object Repository/ADMIN/Edit Text/Bespoke/Seller Pages/Onboarding_Settings/input_Back_tab-title'

2020-03-20 10:37:04 - [MESSAGE][PASSED] - Keys '*' sent to object: 'Object Repository/ADMIN/Edit Text/Bespoke/Seller Pages/Onboarding_Settings/input_Back_tab-title'

2020-03-20 10:37:04 - [TEST_STEP][PASSED] - sendKeys(findTestObject("ADMIN/Edit Text/Bespoke/Seller Pages/Onboarding_Settings/input_ACCOUNT CONFIGURATION_tab-title"), "*"): Keys '*' sent to object: 'Object Repository/ADMIN/Edit Text/Bespoke/Seller Pages/Onboarding_Settings/input_ACCOUNT CONFIGURATION_tab-title'

2020-03-20 10:37:04 - [MESSAGE][PASSED] - Keys '*' sent to object: 'Object Repository/ADMIN/Edit Text/Bespoke/Seller Pages/Onboarding_Settings/input_ACCOUNT CONFIGURATION_tab-title'

2020-03-20 10:37:04 - [TEST_STEP][PASSED] - sendKeys(findTestObject("ADMIN/Edit Text/Bespoke/Seller Pages/Onboarding_Settings/textarea_Your details entered here will be saved and verified by Omise Money you earn from your sales will be accredited to your bank account directly"), "*"): Keys '*' sent to object: 'Object Repository/ADMIN/Edit Text/Bespoke/Seller Pages/Onboarding_Settings/textarea_Your details entered here will be saved and verified by Omise Money you earn from your sales will be accredited to your bank account directly'

2020-03-20 10:37:04 - [MESSAGE][PASSED] - Keys '*' sent to object: 'Object Repository/ADMIN/Edit Text/Bespoke/Seller Pages/Onboarding_Settings/textarea_Your details entered here will be saved and verified by Omise Money you earn from your sales will be accredited to your bank account directly'

2020-03-20 10:37:04 - [TEST_STEP][PASSED] - sendKeys(findTestObject("ADMIN/Edit Text/Bespoke/Seller Pages/Onboarding_Settings/input_TYPE_tab-title"), "*"): Keys '*' sent to object: 'Object Repository/ADMIN/Edit Text/Bespoke/Seller Pages/Onboarding_Settings/input_TYPE_tab-title'

2020-03-20 10:37:04 - [MESSAGE][PASSED] - Keys '*' sent to object: 'Object Repository/ADMIN/Edit Text/Bespoke/Seller Pages/Onboarding_Settings/input_TYPE_tab-title'

2020-03-20 10:37:04 - [TEST_STEP][PASSED] - sendKeys(findTestObject("ADMIN/Edit Text/Bespoke/Seller Pages/Onboarding_Settings/input_Tax identification number (optional)_tab-title"), "*"): Keys '*' sent to object: 'Object Repository/ADMIN/Edit Text/Bespoke/Seller Pages/Onboarding_Settings/input_Tax identification number (optional)_tab-title'

2020-03-20 10:37:04 - [MESSAGE][PASSED] - Keys '*' sent to object: 'Object Repository/ADMIN/Edit Text/Bespoke/Seller Pages/Onboarding_Settings/input_Tax identification number (optional)_tab-title'

2020-03-20 10:37:04 - [TEST_STEP][PASSED] - sendKeys(findTestObject("ADMIN/Edit Text/Bespoke/Seller Pages/Onboarding_Settings/input_Individual_tab-title"), "*"): Keys '*' sent to object: 'Object Repository/ADMIN/Edit Text/Bespoke/Seller Pages/Onboarding_Settings/input_Individual_tab-title'

2020-03-20 10:37:04 - [MESSAGE][PASSED] - Keys '*' sent to object: 'Object Repository/ADMIN/Edit Text/Bespoke/Seller Pages/Onboarding_Settings/input_Individual_tab-title'

2020-03-20 10:37:04 - [TEST_STEP][PASSED] - sendKeys(findTestObject("ADMIN/Edit Text/Bespoke/Seller Pages/Onboarding_Settings/input_Corporate_tab-title"), "*"): Keys '*' sent to object: 'Object Repository/ADMIN/Edit Text/Bespoke/Seller Pages/Onboarding_Settings/input_Corporate_tab-title'

2020-03-20 10:37:04 - [MESSAGE][PASSED] - Keys '*' sent to object: 'Object Repository/ADMIN/Edit Text/Bespoke/Seller Pages/Onboarding_Settings/input_Corporate_tab-title'

2020-03-20 10:37:04 - [TEST_STEP][PASSED] - sendKeys(findTestObject("ADMIN/Edit Text/Bespoke/Seller Pages/Onboarding_Settings/input_Bank  branch code_tab-title"), "*"): Keys '*' sent to object: 'Object Repository/ADMIN/Edit Text/Bespoke/Seller Pages/Onboarding_Settings/input_Bank  branch code_tab-title'

2020-03-20 10:37:05 - [MESSAGE][PASSED] - Keys '*' sent to object: 'Object Repository/ADMIN/Edit Text/Bespoke/Seller Pages/Onboarding_Settings/input_Bank  branch code_tab-title'

2020-03-20 10:37:05 - [TEST_STEP][PASSED] - sendKeys(findTestObject("ADMIN/Edit Text/Bespoke/Seller Pages/Onboarding_Settings/input_Bank account number_tab-title"), "*"): Keys '*' sent to object: 'Object Repository/ADMIN/Edit Text/Bespoke/Seller Pages/Onboarding_Settings/input_Bank account number_tab-title'

2020-03-20 10:37:05 - [MESSAGE][PASSED] - Keys '*' sent to object: 'Object Repository/ADMIN/Edit Text/Bespoke/Seller Pages/Onboarding_Settings/input_Bank account number_tab-title'

2020-03-20 10:37:05 - [TEST_STEP][PASSED] - sendKeys(findTestObject("ADMIN/Edit Text/Bespoke/Seller Pages/Onboarding_Settings/input_Bank account name_tab-title"), "*"): Keys '*' sent to object: 'Object Repository/ADMIN/Edit Text/Bespoke/Seller Pages/Onboarding_Settings/input_Bank account name_tab-title'

2020-03-20 10:37:05 - [MESSAGE][PASSED] - Keys '*' sent to object: 'Object Repository/ADMIN/Edit Text/Bespoke/Seller Pages/Onboarding_Settings/input_Bank account name_tab-title'

2020-03-20 10:37:05 - [TEST_STEP][PASSED] - click(findTestObject("ADMIN/Edit Text/Bespoke/Buyer Pages/Homepage/button_save"), CONTINUE_ON_FAILURE): Object: 'Object Repository/ADMIN/Edit Text/Bespoke/Buyer Pages/Homepage/button_save' is clicked on

2020-03-20 10:37:05 - [MESSAGE][PASSED] - Object: 'Object Repository/ADMIN/Edit Text/Bespoke/Buyer Pages/Homepage/button_save' is clicked on

2020-03-20 10:37:05 - [TEST_STEP][PASSED] - waitForElementVisible(findTestObject("ADMIN/Edit Text/Bespoke/Buyer Pages/Homepage/toaster_success"), 0): Object 'Object Repository/ADMIN/Edit Text/Bespoke/Buyer Pages/Homepage/toaster_success' is visible

2020-03-20 10:37:05 - [MESSAGE][WARNING] - Timeout '0' is invalid. Using default page load timeout: '30'

2020-03-20 10:37:05 - [MESSAGE][PASSED] - Object 'Object Repository/ADMIN/Edit Text/Bespoke/Buyer Pages/Homepage/toaster_success' is visible]]></system-out>
         <system-err><![CDATA[]]></system-err>
      </testcase>
      <testcase name="Test Cases/ADMIN/Language/Edit Text/Bespoke/Seller/Onboarding_Settings" time="11.284" classname="Test Cases/ADMIN/Language/Edit Text/Bespoke/Seller/Onboarding_Settings" status="PASSED">
         <system-out><![CDATA[2020-03-20 10:37:05 - [TEST_CASE][PASSED] - Test Cases/ADMIN/Language/Edit Text/Bespoke/Seller/Onboarding_Settings: Test Cases/ADMIN/Language/Edit Text/Bespoke/Seller/Onboarding_Settings

2020-03-20 10:37:05 - [TEST_STEP][PASSED] - waitForElementVisible(findTestObject("ADMIN/Edit Text/Bespoke/Buyer Navigation/dd_language"), 0): Object 'Object Repository/ADMIN/Edit Text/Bespoke/Buyer Navigation/dd_language' is visible

2020-03-20 10:37:05 - [MESSAGE][WARNING] - Timeout '0' is invalid. Using default page load timeout: '30'

2020-03-20 10:37:06 - [MESSAGE][PASSED] - Object 'Object Repository/ADMIN/Edit Text/Bespoke/Buyer Navigation/dd_language' is visible

2020-03-20 10:37:06 - [TEST_STEP][PASSED] - selectOptionByLabel(findTestObject("ADMIN/Edit Text/Bespoke/Buyer Navigation/dd_language"), varLanguage, false): All options with label 'Arabic' are selected in object 'Object Repository/ADMIN/Edit Text/Bespoke/Buyer Navigation/dd_language' 

2020-03-20 10:37:07 - [MESSAGE][PASSED] - All options with label 'Arabic' are selected in object 'Object Repository/ADMIN/Edit Text/Bespoke/Buyer Navigation/dd_language' 

2020-03-20 10:37:07 - [TEST_STEP][PASSED] - sendKeys(findTestObject("ADMIN/Edit Text/Bespoke/Seller Pages/Onboarding_Settings/input_USER SETTINGS_marketplace-name"), "*"): Keys '*' sent to object: 'Object Repository/ADMIN/Edit Text/Bespoke/Seller Pages/Onboarding_Settings/input_USER SETTINGS_marketplace-name'

2020-03-20 10:37:07 - [MESSAGE][PASSED] - Keys '*' sent to object: 'Object Repository/ADMIN/Edit Text/Bespoke/Seller Pages/Onboarding_Settings/input_USER SETTINGS_marketplace-name'

2020-03-20 10:37:07 - [TEST_STEP][PASSED] - sendKeys(findTestObject("ADMIN/Edit Text/Bespoke/Seller Pages/Onboarding_Settings/input_Configure your profile your delivery methods and how you receive payments_item_details"), "*"): Keys '*' sent to object: 'Object Repository/ADMIN/Edit Text/Bespoke/Seller Pages/Onboarding_Settings/input_Configure your profile your delivery methods and how you receive payments_item_details'

2020-03-20 10:37:07 - [MESSAGE][PASSED] - Keys '*' sent to object: 'Object Repository/ADMIN/Edit Text/Bespoke/Seller Pages/Onboarding_Settings/input_Configure your profile your delivery methods and how you receive payments_item_details'

2020-03-20 10:37:07 - [TEST_STEP][PASSED] - sendKeys(findTestObject("ADMIN/Edit Text/Bespoke/Seller Pages/Onboarding_Settings/input_PROFILE_tab-title"), "*"): Keys '*' sent to object: 'Object Repository/ADMIN/Edit Text/Bespoke/Seller Pages/Onboarding_Settings/input_PROFILE_tab-title'

2020-03-20 10:37:07 - [MESSAGE][PASSED] - Keys '*' sent to object: 'Object Repository/ADMIN/Edit Text/Bespoke/Seller Pages/Onboarding_Settings/input_PROFILE_tab-title'

2020-03-20 10:37:07 - [TEST_STEP][PASSED] - sendKeys(findTestObject("ADMIN/Edit Text/Bespoke/Seller Pages/Onboarding_Settings/input_CHANGE_btn_upload"), "*"): Keys '*' sent to object: 'Object Repository/ADMIN/Edit Text/Bespoke/Seller Pages/Onboarding_Settings/input_CHANGE_btn_upload'

2020-03-20 10:37:07 - [MESSAGE][PASSED] - Keys '*' sent to object: 'Object Repository/ADMIN/Edit Text/Bespoke/Seller Pages/Onboarding_Settings/input_CHANGE_btn_upload'

2020-03-20 10:37:07 - [TEST_STEP][PASSED] - sendKeys(findTestObject("ADMIN/Edit Text/Bespoke/Seller Pages/Onboarding_Settings/input_DISPLAY NAME_display-name"), "*"): Keys '*' sent to object: 'Object Repository/ADMIN/Edit Text/Bespoke/Seller Pages/Onboarding_Settings/input_DISPLAY NAME_display-name'

2020-03-20 10:37:08 - [MESSAGE][PASSED] - Keys '*' sent to object: 'Object Repository/ADMIN/Edit Text/Bespoke/Seller Pages/Onboarding_Settings/input_DISPLAY NAME_display-name'

2020-03-20 10:37:08 - [TEST_STEP][PASSED] - sendKeys(findTestObject("ADMIN/Edit Text/Bespoke/Seller Pages/Onboarding_Settings/input_DESCRIPTION_description"), "*"): Keys '*' sent to object: 'Object Repository/ADMIN/Edit Text/Bespoke/Seller Pages/Onboarding_Settings/input_DESCRIPTION_description'

2020-03-20 10:37:08 - [MESSAGE][PASSED] - Keys '*' sent to object: 'Object Repository/ADMIN/Edit Text/Bespoke/Seller Pages/Onboarding_Settings/input_DESCRIPTION_description'

2020-03-20 10:37:08 - [TEST_STEP][PASSED] - sendKeys(findTestObject("ADMIN/Edit Text/Bespoke/Seller Pages/Onboarding_Settings/input_FIRST NAME_first-name"), "*"): Keys '*' sent to object: 'Object Repository/ADMIN/Edit Text/Bespoke/Seller Pages/Onboarding_Settings/input_FIRST NAME_first-name'

2020-03-20 10:37:08 - [MESSAGE][PASSED] - Keys '*' sent to object: 'Object Repository/ADMIN/Edit Text/Bespoke/Seller Pages/Onboarding_Settings/input_FIRST NAME_first-name'

2020-03-20 10:37:08 - [TEST_STEP][PASSED] - sendKeys(findTestObject("ADMIN/Edit Text/Bespoke/Seller Pages/Onboarding_Settings/input_LAST NAME_last-name"), "*"): Keys '*' sent to object: 'Object Repository/ADMIN/Edit Text/Bespoke/Seller Pages/Onboarding_Settings/input_LAST NAME_last-name'

2020-03-20 10:37:08 - [MESSAGE][PASSED] - Keys '*' sent to object: 'Object Repository/ADMIN/Edit Text/Bespoke/Seller Pages/Onboarding_Settings/input_LAST NAME_last-name'

2020-03-20 10:37:08 - [TEST_STEP][PASSED] - sendKeys(findTestObject("ADMIN/Edit Text/Bespoke/Seller Pages/Onboarding_Settings/input_NOTIFICATION EMAIL_notification-email"), "*"): Keys '*' sent to object: 'Object Repository/ADMIN/Edit Text/Bespoke/Seller Pages/Onboarding_Settings/input_NOTIFICATION EMAIL_notification-email'

2020-03-20 10:37:08 - [MESSAGE][PASSED] - Keys '*' sent to object: 'Object Repository/ADMIN/Edit Text/Bespoke/Seller Pages/Onboarding_Settings/input_NOTIFICATION EMAIL_notification-email'

2020-03-20 10:37:08 - [TEST_STEP][PASSED] - sendKeys(findTestObject("ADMIN/Edit Text/Bespoke/Seller Pages/Onboarding_Settings/input_CONTACT NUMBER_contact-number"), "*"): Keys '*' sent to object: 'Object Repository/ADMIN/Edit Text/Bespoke/Seller Pages/Onboarding_Settings/input_CONTACT NUMBER_contact-number'

2020-03-20 10:37:08 - [MESSAGE][PASSED] - Keys '*' sent to object: 'Object Repository/ADMIN/Edit Text/Bespoke/Seller Pages/Onboarding_Settings/input_CONTACT NUMBER_contact-number'

2020-03-20 10:37:08 - [TEST_STEP][PASSED] - sendKeys(findTestObject("ADMIN/Edit Text/Bespoke/Seller Pages/Onboarding_Settings/input_OPENID LOGIN_open-id-login"), "*"): Keys '*' sent to object: 'Object Repository/ADMIN/Edit Text/Bespoke/Seller Pages/Onboarding_Settings/input_OPENID LOGIN_open-id-login'

2020-03-20 10:37:09 - [MESSAGE][PASSED] - Keys '*' sent to object: 'Object Repository/ADMIN/Edit Text/Bespoke/Seller Pages/Onboarding_Settings/input_OPENID LOGIN_open-id-login'

2020-03-20 10:37:09 - [TEST_STEP][PASSED] - sendKeys(findTestObject("ADMIN/Edit Text/Bespoke/Seller Pages/Onboarding_Settings/input_SELLER LOCATION_seller_location"), "*"): Keys '*' sent to object: 'Object Repository/ADMIN/Edit Text/Bespoke/Seller Pages/Onboarding_Settings/input_SELLER LOCATION_seller_location'

2020-03-20 10:37:09 - [MESSAGE][PASSED] - Keys '*' sent to object: 'Object Repository/ADMIN/Edit Text/Bespoke/Seller Pages/Onboarding_Settings/input_SELLER LOCATION_seller_location'

2020-03-20 10:37:09 - [TEST_STEP][PASSED] - sendKeys(findTestObject("ADMIN/Edit Text/Bespoke/Seller Pages/Onboarding_Settings/textarea_For each transaction that is made through the marketplace there will be a seller transaction fee of"), "*"): Keys '*' sent to object: 'Object Repository/ADMIN/Edit Text/Bespoke/Seller Pages/Onboarding_Settings/textarea_For each transaction that is made through the marketplace there will be a seller transaction fee of'

2020-03-20 10:37:09 - [MESSAGE][PASSED] - Keys '*' sent to object: 'Object Repository/ADMIN/Edit Text/Bespoke/Seller Pages/Onboarding_Settings/textarea_For each transaction that is made through the marketplace there will be a seller transaction fee of'

2020-03-20 10:37:09 - [TEST_STEP][PASSED] - sendKeys(findTestObject("ADMIN/Edit Text/Bespoke/Seller Pages/Onboarding_Settings/input_NEXT_btn_next"), "*"): Keys '*' sent to object: 'Object Repository/ADMIN/Edit Text/Bespoke/Seller Pages/Onboarding_Settings/input_NEXT_btn_next'

2020-03-20 10:37:09 - [MESSAGE][PASSED] - Keys '*' sent to object: 'Object Repository/ADMIN/Edit Text/Bespoke/Seller Pages/Onboarding_Settings/input_NEXT_btn_next'

2020-03-20 10:37:09 - [TEST_STEP][PASSED] - sendKeys(findTestObject("ADMIN/Edit Text/Bespoke/Seller Pages/Onboarding_Settings/input_ADDRESS_tab-title"), "*"): Keys '*' sent to object: 'Object Repository/ADMIN/Edit Text/Bespoke/Seller Pages/Onboarding_Settings/input_ADDRESS_tab-title'

2020-03-20 10:37:09 - [MESSAGE][PASSED] - Keys '*' sent to object: 'Object Repository/ADMIN/Edit Text/Bespoke/Seller Pages/Onboarding_Settings/input_ADDRESS_tab-title'

2020-03-20 10:37:09 - [TEST_STEP][PASSED] - sendKeys(findTestObject("ADMIN/Edit Text/Bespoke/Seller Pages/Onboarding_Settings/input_NEW DELIVERY ADDRESS_new-delivery-address"), "*"): Keys '*' sent to object: 'Object Repository/ADMIN/Edit Text/Bespoke/Seller Pages/Onboarding_Settings/input_NEW DELIVERY ADDRESS_new-delivery-address'

2020-03-20 10:37:09 - [MESSAGE][PASSED] - Keys '*' sent to object: 'Object Repository/ADMIN/Edit Text/Bespoke/Seller Pages/Onboarding_Settings/input_NEW DELIVERY ADDRESS_new-delivery-address'

2020-03-20 10:37:09 - [TEST_STEP][PASSED] - sendKeys(findTestObject("ADMIN/Edit Text/Bespoke/Seller Pages/Onboarding_Settings/input_ADDRESSEE FIRST NAME_addressee-first-name"), "*"): Keys '*' sent to object: 'Object Repository/ADMIN/Edit Text/Bespoke/Seller Pages/Onboarding_Settings/input_ADDRESSEE FIRST NAME_addressee-first-name'

2020-03-20 10:37:10 - [MESSAGE][PASSED] - Keys '*' sent to object: 'Object Repository/ADMIN/Edit Text/Bespoke/Seller Pages/Onboarding_Settings/input_ADDRESSEE FIRST NAME_addressee-first-name'

2020-03-20 10:37:10 - [TEST_STEP][PASSED] - sendKeys(findTestObject("ADMIN/Edit Text/Bespoke/Seller Pages/Onboarding_Settings/input_ADDRESSEE LAST NAME_addressee-last-name"), "*"): Keys '*' sent to object: 'Object Repository/ADMIN/Edit Text/Bespoke/Seller Pages/Onboarding_Settings/input_ADDRESSEE LAST NAME_addressee-last-name'

2020-03-20 10:37:10 - [MESSAGE][PASSED] - Keys '*' sent to object: 'Object Repository/ADMIN/Edit Text/Bespoke/Seller Pages/Onboarding_Settings/input_ADDRESSEE LAST NAME_addressee-last-name'

2020-03-20 10:37:10 - [TEST_STEP][PASSED] - sendKeys(findTestObject("ADMIN/Edit Text/Bespoke/Seller Pages/Onboarding_Settings/input_ADDRESS_address"), "*"): Keys '*' sent to object: 'Object Repository/ADMIN/Edit Text/Bespoke/Seller Pages/Onboarding_Settings/input_ADDRESS_address'

2020-03-20 10:37:10 - [MESSAGE][PASSED] - Keys '*' sent to object: 'Object Repository/ADMIN/Edit Text/Bespoke/Seller Pages/Onboarding_Settings/input_ADDRESS_address'

2020-03-20 10:37:10 - [TEST_STEP][PASSED] - sendKeys(findTestObject("ADMIN/Edit Text/Bespoke/Seller Pages/Onboarding_Settings/input_SELECT COUNTRY_select-country"), "*"): Keys '*' sent to object: 'Object Repository/ADMIN/Edit Text/Bespoke/Seller Pages/Onboarding_Settings/input_SELECT COUNTRY_select-country'

2020-03-20 10:37:10 - [MESSAGE][PASSED] - Keys '*' sent to object: 'Object Repository/ADMIN/Edit Text/Bespoke/Seller Pages/Onboarding_Settings/input_SELECT COUNTRY_select-country'

2020-03-20 10:37:10 - [TEST_STEP][PASSED] - sendKeys(findTestObject("ADMIN/Edit Text/Bespoke/Seller Pages/Onboarding_Settings/input_COUNTRY_address-country"), "*"): Keys '*' sent to object: 'Object Repository/ADMIN/Edit Text/Bespoke/Seller Pages/Onboarding_Settings/input_COUNTRY_address-country'

2020-03-20 10:37:10 - [MESSAGE][PASSED] - Keys '*' sent to object: 'Object Repository/ADMIN/Edit Text/Bespoke/Seller Pages/Onboarding_Settings/input_COUNTRY_address-country'

2020-03-20 10:37:10 - [TEST_STEP][PASSED] - sendKeys(findTestObject("ADMIN/Edit Text/Bespoke/Seller Pages/Onboarding_Settings/input_STATE_address-state"), "*"): Keys '*' sent to object: 'Object Repository/ADMIN/Edit Text/Bespoke/Seller Pages/Onboarding_Settings/input_STATE_address-state'

2020-03-20 10:37:10 - [MESSAGE][PASSED] - Keys '*' sent to object: 'Object Repository/ADMIN/Edit Text/Bespoke/Seller Pages/Onboarding_Settings/input_STATE_address-state'

2020-03-20 10:37:10 - [TEST_STEP][PASSED] - sendKeys(findTestObject("ADMIN/Edit Text/Bespoke/Seller Pages/Onboarding_Settings/input_CITY_address-city"), "*"): Keys '*' sent to object: 'Object Repository/ADMIN/Edit Text/Bespoke/Seller Pages/Onboarding_Settings/input_CITY_address-city'

2020-03-20 10:37:10 - [MESSAGE][PASSED] - Keys '*' sent to object: 'Object Repository/ADMIN/Edit Text/Bespoke/Seller Pages/Onboarding_Settings/input_CITY_address-city'

2020-03-20 10:37:10 - [TEST_STEP][PASSED] - sendKeys(findTestObject("ADMIN/Edit Text/Bespoke/Seller Pages/Onboarding_Settings/input_POSTAL CODE_address-postalcode"), "*"): Keys '*' sent to object: 'Object Repository/ADMIN/Edit Text/Bespoke/Seller Pages/Onboarding_Settings/input_POSTAL CODE_address-postalcode'

2020-03-20 10:37:10 - [MESSAGE][PASSED] - Keys '*' sent to object: 'Object Repository/ADMIN/Edit Text/Bespoke/Seller Pages/Onboarding_Settings/input_POSTAL CODE_address-postalcode'

2020-03-20 10:37:10 - [TEST_STEP][PASSED] - sendKeys(findTestObject("ADMIN/Edit Text/Bespoke/Seller Pages/Onboarding_Settings/input_ADD ADDRESS_btn_add"), "*"): Keys '*' sent to object: 'Object Repository/ADMIN/Edit Text/Bespoke/Seller Pages/Onboarding_Settings/input_ADD ADDRESS_btn_add'

2020-03-20 10:37:10 - [MESSAGE][PASSED] - Keys '*' sent to object: 'Object Repository/ADMIN/Edit Text/Bespoke/Seller Pages/Onboarding_Settings/input_ADD ADDRESS_btn_add'

2020-03-20 10:37:10 - [TEST_STEP][PASSED] - sendKeys(findTestObject("ADMIN/Edit Text/Bespoke/Seller Pages/Onboarding_Settings/input_SAVED ADDRESSES_address-saved"), "*"): Keys '*' sent to object: 'Object Repository/ADMIN/Edit Text/Bespoke/Seller Pages/Onboarding_Settings/input_SAVED ADDRESSES_address-saved'

2020-03-20 10:37:11 - [MESSAGE][PASSED] - Keys '*' sent to object: 'Object Repository/ADMIN/Edit Text/Bespoke/Seller Pages/Onboarding_Settings/input_SAVED ADDRESSES_address-saved'

2020-03-20 10:37:11 - [TEST_STEP][PASSED] - sendKeys(findTestObject("ADMIN/Edit Text/Bespoke/Seller Pages/Onboarding_Settings/input_Next_btn_next (1)"), "*"): Keys '*' sent to object: 'Object Repository/ADMIN/Edit Text/Bespoke/Seller Pages/Onboarding_Settings/input_Next_btn_next (1)'

2020-03-20 10:37:11 - [MESSAGE][PASSED] - Keys '*' sent to object: 'Object Repository/ADMIN/Edit Text/Bespoke/Seller Pages/Onboarding_Settings/input_Next_btn_next (1)'

2020-03-20 10:37:11 - [TEST_STEP][PASSED] - sendKeys(findTestObject("ADMIN/Edit Text/Bespoke/Seller Pages/Onboarding_Settings/input_PAYMENT ACCEPTANCE_tan-title"), "*"): Keys '*' sent to object: 'Object Repository/ADMIN/Edit Text/Bespoke/Seller Pages/Onboarding_Settings/input_PAYMENT ACCEPTANCE_tan-title'

2020-03-20 10:37:11 - [MESSAGE][PASSED] - Keys '*' sent to object: 'Object Repository/ADMIN/Edit Text/Bespoke/Seller Pages/Onboarding_Settings/input_PAYMENT ACCEPTANCE_tan-title'

2020-03-20 10:37:11 - [TEST_STEP][PASSED] - sendKeys(findTestObject("ADMIN/Edit Text/Bespoke/Seller Pages/Onboarding_Settings/input_PAYMENT METHOD_payment_method"), "*"): Keys '*' sent to object: 'Object Repository/ADMIN/Edit Text/Bespoke/Seller Pages/Onboarding_Settings/input_PAYMENT METHOD_payment_method'

2020-03-20 10:37:11 - [MESSAGE][PASSED] - Keys '*' sent to object: 'Object Repository/ADMIN/Edit Text/Bespoke/Seller Pages/Onboarding_Settings/input_PAYMENT METHOD_payment_method'

2020-03-20 10:37:11 - [TEST_STEP][PASSED] - sendKeys(findTestObject("ADMIN/Edit Text/Bespoke/Seller Pages/Onboarding_Settings/input_Select your preferred payment method_select_payment_method"), "*"): Keys '*' sent to object: 'Object Repository/ADMIN/Edit Text/Bespoke/Seller Pages/Onboarding_Settings/input_Select your preferred payment method_select_payment_method'

2020-03-20 10:37:11 - [MESSAGE][PASSED] - Keys '*' sent to object: 'Object Repository/ADMIN/Edit Text/Bespoke/Seller Pages/Onboarding_Settings/input_Select your preferred payment method_select_payment_method'

2020-03-20 10:37:11 - [TEST_STEP][PASSED] - sendKeys(findTestObject("ADMIN/Edit Text/Bespoke/Seller Pages/Onboarding_Settings/input_LINK ACCOUNT_btn_link_account"), "*"): Keys '*' sent to object: 'Object Repository/ADMIN/Edit Text/Bespoke/Seller Pages/Onboarding_Settings/input_LINK ACCOUNT_btn_link_account'

2020-03-20 10:37:11 - [MESSAGE][PASSED] - Keys '*' sent to object: 'Object Repository/ADMIN/Edit Text/Bespoke/Seller Pages/Onboarding_Settings/input_LINK ACCOUNT_btn_link_account'

2020-03-20 10:37:11 - [TEST_STEP][PASSED] - sendKeys(findTestObject("ADMIN/Edit Text/Bespoke/Seller Pages/Onboarding_Settings/input_VERIFIED_verified"), "*"): Keys '*' sent to object: 'Object Repository/ADMIN/Edit Text/Bespoke/Seller Pages/Onboarding_Settings/input_VERIFIED_verified'

2020-03-20 10:37:11 - [MESSAGE][PASSED] - Keys '*' sent to object: 'Object Repository/ADMIN/Edit Text/Bespoke/Seller Pages/Onboarding_Settings/input_VERIFIED_verified'

2020-03-20 10:37:11 - [TEST_STEP][PASSED] - sendKeys(findTestObject("ADMIN/Edit Text/Bespoke/Seller Pages/Onboarding_Settings/input_This payment method is compulsory_this_method_compulsory"), "*"): Keys '*' sent to object: 'Object Repository/ADMIN/Edit Text/Bespoke/Seller Pages/Onboarding_Settings/input_This payment method is compulsory_this_method_compulsory'

2020-03-20 10:37:11 - [MESSAGE][PASSED] - Keys '*' sent to object: 'Object Repository/ADMIN/Edit Text/Bespoke/Seller Pages/Onboarding_Settings/input_This payment method is compulsory_this_method_compulsory'

2020-03-20 10:37:11 - [TEST_STEP][PASSED] - sendKeys(findTestObject("ADMIN/Edit Text/Bespoke/Seller Pages/Onboarding_Settings/input_No account linked yet_no-account-linked"), "*"): Keys '*' sent to object: 'Object Repository/ADMIN/Edit Text/Bespoke/Seller Pages/Onboarding_Settings/input_No account linked yet_no-account-linked'

2020-03-20 10:37:12 - [MESSAGE][PASSED] - Keys '*' sent to object: 'Object Repository/ADMIN/Edit Text/Bespoke/Seller Pages/Onboarding_Settings/input_No account linked yet_no-account-linked'

2020-03-20 10:37:12 - [TEST_STEP][PASSED] - sendKeys(findTestObject("ADMIN/Edit Text/Bespoke/Seller Pages/Onboarding_Settings/input_next3"), "*"): Keys '*' sent to object: 'Object Repository/ADMIN/Edit Text/Bespoke/Seller Pages/Onboarding_Settings/input_next3'

2020-03-20 10:37:12 - [MESSAGE][PASSED] - Keys '*' sent to object: 'Object Repository/ADMIN/Edit Text/Bespoke/Seller Pages/Onboarding_Settings/input_next3'

2020-03-20 10:37:12 - [TEST_STEP][PASSED] - sendKeys(findTestObject("ADMIN/Edit Text/Bespoke/Seller Pages/Onboarding_Settings/input_DELIVERY METHODS_tab-title1"), "*"): Keys '*' sent to object: 'Object Repository/ADMIN/Edit Text/Bespoke/Seller Pages/Onboarding_Settings/input_DELIVERY METHODS_tab-title1'

2020-03-20 10:37:12 - [MESSAGE][PASSED] - Keys '*' sent to object: 'Object Repository/ADMIN/Edit Text/Bespoke/Seller Pages/Onboarding_Settings/input_DELIVERY METHODS_tab-title1'

2020-03-20 10:37:12 - [TEST_STEP][PASSED] - sendKeys(findTestObject("ADMIN/Edit Text/Bespoke/Seller Pages/Onboarding_Settings/input_DELIVERY OPTIONS_delivery-option"), "*"): Keys '*' sent to object: 'Object Repository/ADMIN/Edit Text/Bespoke/Seller Pages/Onboarding_Settings/input_DELIVERY OPTIONS_delivery-option'

2020-03-20 10:37:12 - [MESSAGE][PASSED] - Keys '*' sent to object: 'Object Repository/ADMIN/Edit Text/Bespoke/Seller Pages/Onboarding_Settings/input_DELIVERY OPTIONS_delivery-option'

2020-03-20 10:37:12 - [TEST_STEP][PASSED] - sendKeys(findTestObject("ADMIN/Edit Text/Bespoke/Seller Pages/Onboarding_Settings/input_DELIVERY OPTIONS_delivery-txt2"), "*"): Keys '*' sent to object: 'Object Repository/ADMIN/Edit Text/Bespoke/Seller Pages/Onboarding_Settings/input_DELIVERY OPTIONS_delivery-txt2'

2020-03-20 10:37:12 - [MESSAGE][PASSED] - Keys '*' sent to object: 'Object Repository/ADMIN/Edit Text/Bespoke/Seller Pages/Onboarding_Settings/input_DELIVERY OPTIONS_delivery-txt2'

2020-03-20 10:37:12 - [TEST_STEP][PASSED] - sendKeys(findTestObject("ADMIN/Edit Text/Bespoke/Seller Pages/Onboarding_Settings/input_DELIVERY SERVICE_delivery-service"), "*"): Keys '*' sent to object: 'Object Repository/ADMIN/Edit Text/Bespoke/Seller Pages/Onboarding_Settings/input_DELIVERY SERVICE_delivery-service'

2020-03-20 10:37:12 - [MESSAGE][PASSED] - Keys '*' sent to object: 'Object Repository/ADMIN/Edit Text/Bespoke/Seller Pages/Onboarding_Settings/input_DELIVERY SERVICE_delivery-service'

2020-03-20 10:37:12 - [TEST_STEP][PASSED] - sendKeys(findTestObject("ADMIN/Edit Text/Bespoke/Seller Pages/Onboarding_Settings/input_SINGLE ITEM DELIVERY (A)_single-item-delivery"), "*"): Keys '*' sent to object: 'Object Repository/ADMIN/Edit Text/Bespoke/Seller Pages/Onboarding_Settings/input_SINGLE ITEM DELIVERY (A)_single-item-delivery'

2020-03-20 10:37:12 - [MESSAGE][PASSED] - Keys '*' sent to object: 'Object Repository/ADMIN/Edit Text/Bespoke/Seller Pages/Onboarding_Settings/input_SINGLE ITEM DELIVERY (A)_single-item-delivery'

2020-03-20 10:37:12 - [TEST_STEP][PASSED] - sendKeys(findTestObject("ADMIN/Edit Text/Bespoke/Seller Pages/Onboarding_Settings/input_WITH OTHER ITEM (B)_with-other-item"), "*"): Keys '*' sent to object: 'Object Repository/ADMIN/Edit Text/Bespoke/Seller Pages/Onboarding_Settings/input_WITH OTHER ITEM (B)_with-other-item'

2020-03-20 10:37:13 - [MESSAGE][PASSED] - Keys '*' sent to object: 'Object Repository/ADMIN/Edit Text/Bespoke/Seller Pages/Onboarding_Settings/input_WITH OTHER ITEM (B)_with-other-item'

2020-03-20 10:37:13 - [TEST_STEP][PASSED] - sendKeys(findTestObject("ADMIN/Edit Text/Bespoke/Seller Pages/Onboarding_Settings/input_ADD_btn_add"), "*"): Keys '*' sent to object: 'Object Repository/ADMIN/Edit Text/Bespoke/Seller Pages/Onboarding_Settings/input_ADD_btn_add'

2020-03-20 10:37:13 - [MESSAGE][PASSED] - Keys '*' sent to object: 'Object Repository/ADMIN/Edit Text/Bespoke/Seller Pages/Onboarding_Settings/input_ADD_btn_add'

2020-03-20 10:37:13 - [TEST_STEP][PASSED] - sendKeys(findTestObject("ADMIN/Edit Text/Bespoke/Seller Pages/Onboarding_Settings/input_PICK-UP LOCATIONS_pick-up-option"), "*"): Keys '*' sent to object: 'Object Repository/ADMIN/Edit Text/Bespoke/Seller Pages/Onboarding_Settings/input_PICK-UP LOCATIONS_pick-up-option'

2020-03-20 10:37:13 - [MESSAGE][PASSED] - Keys '*' sent to object: 'Object Repository/ADMIN/Edit Text/Bespoke/Seller Pages/Onboarding_Settings/input_PICK-UP LOCATIONS_pick-up-option'

2020-03-20 10:37:13 - [TEST_STEP][PASSED] - sendKeys(findTestObject("ADMIN/Edit Text/Bespoke/Seller Pages/Onboarding_Settings/textarea_Define the full address where the buyer can pick up from (You must have at least a delivery option or a pick-up location selected)"), "*"): Keys '*' sent to object: 'Object Repository/ADMIN/Edit Text/Bespoke/Seller Pages/Onboarding_Settings/textarea_Define the full address where the buyer can pick up from (You must have at least a delivery option or a pick-up location selected)'

2020-03-20 10:37:13 - [MESSAGE][PASSED] - Keys '*' sent to object: 'Object Repository/ADMIN/Edit Text/Bespoke/Seller Pages/Onboarding_Settings/textarea_Define the full address where the buyer can pick up from (You must have at least a delivery option or a pick-up location selected)'

2020-03-20 10:37:13 - [TEST_STEP][PASSED] - sendKeys(findTestObject("ADMIN/Edit Text/Bespoke/Seller Pages/Onboarding_Settings/input_Offer reduced shipping costs to buyers when they buy more than one item from you_delivery-txt2"), "*"): Keys '*' sent to object: 'Object Repository/ADMIN/Edit Text/Bespoke/Seller Pages/Onboarding_Settings/input_Offer reduced shipping costs to buyers when they buy more than one item from you_delivery-txt2'

2020-03-20 10:37:13 - [MESSAGE][PASSED] - Keys '*' sent to object: 'Object Repository/ADMIN/Edit Text/Bespoke/Seller Pages/Onboarding_Settings/input_Offer reduced shipping costs to buyers when they buy more than one item from you_delivery-txt2'

2020-03-20 10:37:13 - [TEST_STEP][PASSED] - sendKeys(findTestObject("ADMIN/Edit Text/Bespoke/Seller Pages/Onboarding_Settings/input_total delivery"), "*"): Keys '*' sent to object: 'Object Repository/ADMIN/Edit Text/Bespoke/Seller Pages/Onboarding_Settings/input_total delivery'

2020-03-20 10:37:13 - [MESSAGE][PASSED] - Keys '*' sent to object: 'Object Repository/ADMIN/Edit Text/Bespoke/Seller Pages/Onboarding_Settings/input_total delivery'

2020-03-20 10:37:13 - [TEST_STEP][PASSED] - sendKeys(findTestObject("ADMIN/Edit Text/Bespoke/Seller Pages/Onboarding_Settings/input_add1"), "*"): Keys '*' sent to object: 'Object Repository/ADMIN/Edit Text/Bespoke/Seller Pages/Onboarding_Settings/input_add1'

2020-03-20 10:37:13 - [MESSAGE][PASSED] - Keys '*' sent to object: 'Object Repository/ADMIN/Edit Text/Bespoke/Seller Pages/Onboarding_Settings/input_add1'

2020-03-20 10:37:13 - [TEST_STEP][PASSED] - sendKeys(findTestObject("ADMIN/Edit Text/Bespoke/Seller Pages/Onboarding_Settings/input_PICK-UP LOCATION ADDRESS_pick-up-address"), "*"): Keys '*' sent to object: 'Object Repository/ADMIN/Edit Text/Bespoke/Seller Pages/Onboarding_Settings/input_PICK-UP LOCATION ADDRESS_pick-up-address'

2020-03-20 10:37:13 - [MESSAGE][PASSED] - Keys '*' sent to object: 'Object Repository/ADMIN/Edit Text/Bespoke/Seller Pages/Onboarding_Settings/input_PICK-UP LOCATION ADDRESS_pick-up-address'

2020-03-20 10:37:13 - [TEST_STEP][PASSED] - sendKeys(findTestObject("ADMIN/Edit Text/Bespoke/Seller Pages/Onboarding_Settings/input_SAVE_btn_save"), "*"): Keys '*' sent to object: 'Object Repository/ADMIN/Edit Text/Bespoke/Seller Pages/Onboarding_Settings/input_SAVE_btn_save'

2020-03-20 10:37:13 - [MESSAGE][PASSED] - Keys '*' sent to object: 'Object Repository/ADMIN/Edit Text/Bespoke/Seller Pages/Onboarding_Settings/input_SAVE_btn_save'

2020-03-20 10:37:13 - [TEST_STEP][PASSED] - sendKeys(findTestObject("ADMIN/Edit Text/Bespoke/Seller Pages/Onboarding_Settings/input_Are you sure want to delete_popup-title"), "*"): Keys '*' sent to object: 'Object Repository/ADMIN/Edit Text/Bespoke/Seller Pages/Onboarding_Settings/input_Are you sure want to delete_popup-title'

2020-03-20 10:37:14 - [MESSAGE][PASSED] - Keys '*' sent to object: 'Object Repository/ADMIN/Edit Text/Bespoke/Seller Pages/Onboarding_Settings/input_Are you sure want to delete_popup-title'

2020-03-20 10:37:14 - [TEST_STEP][PASSED] - sendKeys(findTestObject("ADMIN/Edit Text/Bespoke/Seller Pages/Onboarding_Settings/input_CANCEL_btn_cancel"), "*"): Keys '*' sent to object: 'Object Repository/ADMIN/Edit Text/Bespoke/Seller Pages/Onboarding_Settings/input_CANCEL_btn_cancel'

2020-03-20 10:37:14 - [MESSAGE][PASSED] - Keys '*' sent to object: 'Object Repository/ADMIN/Edit Text/Bespoke/Seller Pages/Onboarding_Settings/input_CANCEL_btn_cancel'

2020-03-20 10:37:14 - [TEST_STEP][PASSED] - sendKeys(findTestObject("ADMIN/Edit Text/Bespoke/Seller Pages/Onboarding_Settings/input_Okay_btn_okay"), "*"): Keys '*' sent to object: 'Object Repository/ADMIN/Edit Text/Bespoke/Seller Pages/Onboarding_Settings/input_Okay_btn_okay'

2020-03-20 10:37:14 - [MESSAGE][PASSED] - Keys '*' sent to object: 'Object Repository/ADMIN/Edit Text/Bespoke/Seller Pages/Onboarding_Settings/input_Okay_btn_okay'

2020-03-20 10:37:14 - [TEST_STEP][PASSED] - sendKeys(findTestObject("ADMIN/Edit Text/Bespoke/Seller Pages/Onboarding_Settings/input_REMOVE ITEM_popup-title"), "*"): Keys '*' sent to object: 'Object Repository/ADMIN/Edit Text/Bespoke/Seller Pages/Onboarding_Settings/input_REMOVE ITEM_popup-title'

2020-03-20 10:37:14 - [MESSAGE][PASSED] - Keys '*' sent to object: 'Object Repository/ADMIN/Edit Text/Bespoke/Seller Pages/Onboarding_Settings/input_REMOVE ITEM_popup-title'

2020-03-20 10:37:14 - [TEST_STEP][PASSED] - sendKeys(findTestObject("ADMIN/Edit Text/Bespoke/Seller Pages/Onboarding_Settings/input_concat(Are you sure about removing this item from your list (It  ll be gone forever))_popup-title"), "*"): Keys '*' sent to object: 'Object Repository/ADMIN/Edit Text/Bespoke/Seller Pages/Onboarding_Settings/input_concat(Are you sure about removing this item from your list (It  ll be gone forever))_popup-title'

2020-03-20 10:37:14 - [MESSAGE][PASSED] - Keys '*' sent to object: 'Object Repository/ADMIN/Edit Text/Bespoke/Seller Pages/Onboarding_Settings/input_concat(Are you sure about removing this item from your list (It  ll be gone forever))_popup-title'

2020-03-20 10:37:14 - [TEST_STEP][PASSED] - sendKeys(findTestObject("ADMIN/Edit Text/Bespoke/Seller Pages/Onboarding_Settings/input_CANCEL_btn_cancel2"), "*"): Keys '*' sent to object: 'Object Repository/ADMIN/Edit Text/Bespoke/Seller Pages/Onboarding_Settings/input_CANCEL_btn_cancel2'

2020-03-20 10:37:14 - [MESSAGE][PASSED] - Keys '*' sent to object: 'Object Repository/ADMIN/Edit Text/Bespoke/Seller Pages/Onboarding_Settings/input_CANCEL_btn_cancel2'

2020-03-20 10:37:14 - [TEST_STEP][PASSED] - sendKeys(findTestObject("ADMIN/Edit Text/Bespoke/Seller Pages/Onboarding_Settings/input_Okay_btn_okay2"), "*"): Keys '*' sent to object: 'Object Repository/ADMIN/Edit Text/Bespoke/Seller Pages/Onboarding_Settings/input_Okay_btn_okay2'

2020-03-20 10:37:14 - [MESSAGE][PASSED] - Keys '*' sent to object: 'Object Repository/ADMIN/Edit Text/Bespoke/Seller Pages/Onboarding_Settings/input_Okay_btn_okay2'

2020-03-20 10:37:14 - [TEST_STEP][PASSED] - sendKeys(findTestObject("ADMIN/Edit Text/Bespoke/Seller Pages/Onboarding_Settings/input_Back_tab-title"), "*"): Keys '*' sent to object: 'Object Repository/ADMIN/Edit Text/Bespoke/Seller Pages/Onboarding_Settings/input_Back_tab-title'

2020-03-20 10:37:14 - [MESSAGE][PASSED] - Keys '*' sent to object: 'Object Repository/ADMIN/Edit Text/Bespoke/Seller Pages/Onboarding_Settings/input_Back_tab-title'

2020-03-20 10:37:14 - [TEST_STEP][PASSED] - sendKeys(findTestObject("ADMIN/Edit Text/Bespoke/Seller Pages/Onboarding_Settings/input_ACCOUNT CONFIGURATION_tab-title"), "*"): Keys '*' sent to object: 'Object Repository/ADMIN/Edit Text/Bespoke/Seller Pages/Onboarding_Settings/input_ACCOUNT CONFIGURATION_tab-title'

2020-03-20 10:37:15 - [MESSAGE][PASSED] - Keys '*' sent to object: 'Object Repository/ADMIN/Edit Text/Bespoke/Seller Pages/Onboarding_Settings/input_ACCOUNT CONFIGURATION_tab-title'

2020-03-20 10:37:15 - [TEST_STEP][PASSED] - sendKeys(findTestObject("ADMIN/Edit Text/Bespoke/Seller Pages/Onboarding_Settings/textarea_Your details entered here will be saved and verified by Omise Money you earn from your sales will be accredited to your bank account directly"), "*"): Keys '*' sent to object: 'Object Repository/ADMIN/Edit Text/Bespoke/Seller Pages/Onboarding_Settings/textarea_Your details entered here will be saved and verified by Omise Money you earn from your sales will be accredited to your bank account directly'

2020-03-20 10:37:15 - [MESSAGE][PASSED] - Keys '*' sent to object: 'Object Repository/ADMIN/Edit Text/Bespoke/Seller Pages/Onboarding_Settings/textarea_Your details entered here will be saved and verified by Omise Money you earn from your sales will be accredited to your bank account directly'

2020-03-20 10:37:15 - [TEST_STEP][PASSED] - sendKeys(findTestObject("ADMIN/Edit Text/Bespoke/Seller Pages/Onboarding_Settings/input_TYPE_tab-title"), "*"): Keys '*' sent to object: 'Object Repository/ADMIN/Edit Text/Bespoke/Seller Pages/Onboarding_Settings/input_TYPE_tab-title'

2020-03-20 10:37:15 - [MESSAGE][PASSED] - Keys '*' sent to object: 'Object Repository/ADMIN/Edit Text/Bespoke/Seller Pages/Onboarding_Settings/input_TYPE_tab-title'

2020-03-20 10:37:15 - [TEST_STEP][PASSED] - sendKeys(findTestObject("ADMIN/Edit Text/Bespoke/Seller Pages/Onboarding_Settings/input_Tax identification number (optional)_tab-title"), "*"): Keys '*' sent to object: 'Object Repository/ADMIN/Edit Text/Bespoke/Seller Pages/Onboarding_Settings/input_Tax identification number (optional)_tab-title'

2020-03-20 10:37:15 - [MESSAGE][PASSED] - Keys '*' sent to object: 'Object Repository/ADMIN/Edit Text/Bespoke/Seller Pages/Onboarding_Settings/input_Tax identification number (optional)_tab-title'

2020-03-20 10:37:15 - [TEST_STEP][PASSED] - sendKeys(findTestObject("ADMIN/Edit Text/Bespoke/Seller Pages/Onboarding_Settings/input_Individual_tab-title"), "*"): Keys '*' sent to object: 'Object Repository/ADMIN/Edit Text/Bespoke/Seller Pages/Onboarding_Settings/input_Individual_tab-title'

2020-03-20 10:37:15 - [MESSAGE][PASSED] - Keys '*' sent to object: 'Object Repository/ADMIN/Edit Text/Bespoke/Seller Pages/Onboarding_Settings/input_Individual_tab-title'

2020-03-20 10:37:15 - [TEST_STEP][PASSED] - sendKeys(findTestObject("ADMIN/Edit Text/Bespoke/Seller Pages/Onboarding_Settings/input_Corporate_tab-title"), "*"): Keys '*' sent to object: 'Object Repository/ADMIN/Edit Text/Bespoke/Seller Pages/Onboarding_Settings/input_Corporate_tab-title'

2020-03-20 10:37:15 - [MESSAGE][PASSED] - Keys '*' sent to object: 'Object Repository/ADMIN/Edit Text/Bespoke/Seller Pages/Onboarding_Settings/input_Corporate_tab-title'

2020-03-20 10:37:15 - [TEST_STEP][PASSED] - sendKeys(findTestObject("ADMIN/Edit Text/Bespoke/Seller Pages/Onboarding_Settings/input_Bank  branch code_tab-title"), "*"): Keys '*' sent to object: 'Object Repository/ADMIN/Edit Text/Bespoke/Seller Pages/Onboarding_Settings/input_Bank  branch code_tab-title'

2020-03-20 10:37:16 - [MESSAGE][PASSED] - Keys '*' sent to object: 'Object Repository/ADMIN/Edit Text/Bespoke/Seller Pages/Onboarding_Settings/input_Bank  branch code_tab-title'

2020-03-20 10:37:16 - [TEST_STEP][PASSED] - sendKeys(findTestObject("ADMIN/Edit Text/Bespoke/Seller Pages/Onboarding_Settings/input_Bank account number_tab-title"), "*"): Keys '*' sent to object: 'Object Repository/ADMIN/Edit Text/Bespoke/Seller Pages/Onboarding_Settings/input_Bank account number_tab-title'

2020-03-20 10:37:16 - [MESSAGE][PASSED] - Keys '*' sent to object: 'Object Repository/ADMIN/Edit Text/Bespoke/Seller Pages/Onboarding_Settings/input_Bank account number_tab-title'

2020-03-20 10:37:16 - [TEST_STEP][PASSED] - sendKeys(findTestObject("ADMIN/Edit Text/Bespoke/Seller Pages/Onboarding_Settings/input_Bank account name_tab-title"), "*"): Keys '*' sent to object: 'Object Repository/ADMIN/Edit Text/Bespoke/Seller Pages/Onboarding_Settings/input_Bank account name_tab-title'

2020-03-20 10:37:16 - [MESSAGE][PASSED] - Keys '*' sent to object: 'Object Repository/ADMIN/Edit Text/Bespoke/Seller Pages/Onboarding_Settings/input_Bank account name_tab-title'

2020-03-20 10:37:16 - [TEST_STEP][PASSED] - click(findTestObject("ADMIN/Edit Text/Bespoke/Buyer Pages/Homepage/button_save"), CONTINUE_ON_FAILURE): Object: 'Object Repository/ADMIN/Edit Text/Bespoke/Buyer Pages/Homepage/button_save' is clicked on

2020-03-20 10:37:16 - [MESSAGE][PASSED] - Object: 'Object Repository/ADMIN/Edit Text/Bespoke/Buyer Pages/Homepage/button_save' is clicked on

2020-03-20 10:37:16 - [TEST_STEP][PASSED] - waitForElementVisible(findTestObject("ADMIN/Edit Text/Bespoke/Buyer Pages/Homepage/toaster_success"), 0): Object 'Object Repository/ADMIN/Edit Text/Bespoke/Buyer Pages/Homepage/toaster_success' is visible

2020-03-20 10:37:16 - [MESSAGE][WARNING] - Timeout '0' is invalid. Using default page load timeout: '30'

2020-03-20 10:37:17 - [MESSAGE][PASSED] - Object 'Object Repository/ADMIN/Edit Text/Bespoke/Buyer Pages/Homepage/toaster_success' is visible]]></system-out>
         <system-err><![CDATA[]]></system-err>
      </testcase>
      <testcase name="Test Cases/ADMIN/Language/Edit Text/Bespoke/Seller/Onboarding_Settings" time="11.051" classname="Test Cases/ADMIN/Language/Edit Text/Bespoke/Seller/Onboarding_Settings" status="PASSED">
         <system-out><![CDATA[2020-03-20 10:37:17 - [TEST_CASE][PASSED] - Test Cases/ADMIN/Language/Edit Text/Bespoke/Seller/Onboarding_Settings: Test Cases/ADMIN/Language/Edit Text/Bespoke/Seller/Onboarding_Settings

2020-03-20 10:37:17 - [TEST_STEP][PASSED] - waitForElementVisible(findTestObject("ADMIN/Edit Text/Bespoke/Buyer Navigation/dd_language"), 0): Object 'Object Repository/ADMIN/Edit Text/Bespoke/Buyer Navigation/dd_language' is visible

2020-03-20 10:37:17 - [MESSAGE][WARNING] - Timeout '0' is invalid. Using default page load timeout: '30'

2020-03-20 10:37:17 - [MESSAGE][PASSED] - Object 'Object Repository/ADMIN/Edit Text/Bespoke/Buyer Navigation/dd_language' is visible

2020-03-20 10:37:17 - [TEST_STEP][PASSED] - selectOptionByLabel(findTestObject("ADMIN/Edit Text/Bespoke/Buyer Navigation/dd_language"), varLanguage, false): All options with label 'Dutch' are selected in object 'Object Repository/ADMIN/Edit Text/Bespoke/Buyer Navigation/dd_language' 

2020-03-20 10:37:18 - [MESSAGE][PASSED] - All options with label 'Dutch' are selected in object 'Object Repository/ADMIN/Edit Text/Bespoke/Buyer Navigation/dd_language' 

2020-03-20 10:37:18 - [TEST_STEP][PASSED] - sendKeys(findTestObject("ADMIN/Edit Text/Bespoke/Seller Pages/Onboarding_Settings/input_USER SETTINGS_marketplace-name"), "*"): Keys '*' sent to object: 'Object Repository/ADMIN/Edit Text/Bespoke/Seller Pages/Onboarding_Settings/input_USER SETTINGS_marketplace-name'

2020-03-20 10:37:18 - [MESSAGE][PASSED] - Keys '*' sent to object: 'Object Repository/ADMIN/Edit Text/Bespoke/Seller Pages/Onboarding_Settings/input_USER SETTINGS_marketplace-name'

2020-03-20 10:37:18 - [TEST_STEP][PASSED] - sendKeys(findTestObject("ADMIN/Edit Text/Bespoke/Seller Pages/Onboarding_Settings/input_Configure your profile your delivery methods and how you receive payments_item_details"), "*"): Keys '*' sent to object: 'Object Repository/ADMIN/Edit Text/Bespoke/Seller Pages/Onboarding_Settings/input_Configure your profile your delivery methods and how you receive payments_item_details'

2020-03-20 10:37:18 - [MESSAGE][PASSED] - Keys '*' sent to object: 'Object Repository/ADMIN/Edit Text/Bespoke/Seller Pages/Onboarding_Settings/input_Configure your profile your delivery methods and how you receive payments_item_details'

2020-03-20 10:37:18 - [TEST_STEP][PASSED] - sendKeys(findTestObject("ADMIN/Edit Text/Bespoke/Seller Pages/Onboarding_Settings/input_PROFILE_tab-title"), "*"): Keys '*' sent to object: 'Object Repository/ADMIN/Edit Text/Bespoke/Seller Pages/Onboarding_Settings/input_PROFILE_tab-title'

2020-03-20 10:37:19 - [MESSAGE][PASSED] - Keys '*' sent to object: 'Object Repository/ADMIN/Edit Text/Bespoke/Seller Pages/Onboarding_Settings/input_PROFILE_tab-title'

2020-03-20 10:37:19 - [TEST_STEP][PASSED] - sendKeys(findTestObject("ADMIN/Edit Text/Bespoke/Seller Pages/Onboarding_Settings/input_CHANGE_btn_upload"), "*"): Keys '*' sent to object: 'Object Repository/ADMIN/Edit Text/Bespoke/Seller Pages/Onboarding_Settings/input_CHANGE_btn_upload'

2020-03-20 10:37:19 - [MESSAGE][PASSED] - Keys '*' sent to object: 'Object Repository/ADMIN/Edit Text/Bespoke/Seller Pages/Onboarding_Settings/input_CHANGE_btn_upload'

2020-03-20 10:37:19 - [TEST_STEP][PASSED] - sendKeys(findTestObject("ADMIN/Edit Text/Bespoke/Seller Pages/Onboarding_Settings/input_DISPLAY NAME_display-name"), "*"): Keys '*' sent to object: 'Object Repository/ADMIN/Edit Text/Bespoke/Seller Pages/Onboarding_Settings/input_DISPLAY NAME_display-name'

2020-03-20 10:37:19 - [MESSAGE][PASSED] - Keys '*' sent to object: 'Object Repository/ADMIN/Edit Text/Bespoke/Seller Pages/Onboarding_Settings/input_DISPLAY NAME_display-name'

2020-03-20 10:37:19 - [TEST_STEP][PASSED] - sendKeys(findTestObject("ADMIN/Edit Text/Bespoke/Seller Pages/Onboarding_Settings/input_DESCRIPTION_description"), "*"): Keys '*' sent to object: 'Object Repository/ADMIN/Edit Text/Bespoke/Seller Pages/Onboarding_Settings/input_DESCRIPTION_description'

2020-03-20 10:37:19 - [MESSAGE][PASSED] - Keys '*' sent to object: 'Object Repository/ADMIN/Edit Text/Bespoke/Seller Pages/Onboarding_Settings/input_DESCRIPTION_description'

2020-03-20 10:37:19 - [TEST_STEP][PASSED] - sendKeys(findTestObject("ADMIN/Edit Text/Bespoke/Seller Pages/Onboarding_Settings/input_FIRST NAME_first-name"), "*"): Keys '*' sent to object: 'Object Repository/ADMIN/Edit Text/Bespoke/Seller Pages/Onboarding_Settings/input_FIRST NAME_first-name'

2020-03-20 10:37:19 - [MESSAGE][PASSED] - Keys '*' sent to object: 'Object Repository/ADMIN/Edit Text/Bespoke/Seller Pages/Onboarding_Settings/input_FIRST NAME_first-name'

2020-03-20 10:37:19 - [TEST_STEP][PASSED] - sendKeys(findTestObject("ADMIN/Edit Text/Bespoke/Seller Pages/Onboarding_Settings/input_LAST NAME_last-name"), "*"): Keys '*' sent to object: 'Object Repository/ADMIN/Edit Text/Bespoke/Seller Pages/Onboarding_Settings/input_LAST NAME_last-name'

2020-03-20 10:37:19 - [MESSAGE][PASSED] - Keys '*' sent to object: 'Object Repository/ADMIN/Edit Text/Bespoke/Seller Pages/Onboarding_Settings/input_LAST NAME_last-name'

2020-03-20 10:37:19 - [TEST_STEP][PASSED] - sendKeys(findTestObject("ADMIN/Edit Text/Bespoke/Seller Pages/Onboarding_Settings/input_NOTIFICATION EMAIL_notification-email"), "*"): Keys '*' sent to object: 'Object Repository/ADMIN/Edit Text/Bespoke/Seller Pages/Onboarding_Settings/input_NOTIFICATION EMAIL_notification-email'

2020-03-20 10:37:19 - [MESSAGE][PASSED] - Keys '*' sent to object: 'Object Repository/ADMIN/Edit Text/Bespoke/Seller Pages/Onboarding_Settings/input_NOTIFICATION EMAIL_notification-email'

2020-03-20 10:37:19 - [TEST_STEP][PASSED] - sendKeys(findTestObject("ADMIN/Edit Text/Bespoke/Seller Pages/Onboarding_Settings/input_CONTACT NUMBER_contact-number"), "*"): Keys '*' sent to object: 'Object Repository/ADMIN/Edit Text/Bespoke/Seller Pages/Onboarding_Settings/input_CONTACT NUMBER_contact-number'

2020-03-20 10:37:19 - [MESSAGE][PASSED] - Keys '*' sent to object: 'Object Repository/ADMIN/Edit Text/Bespoke/Seller Pages/Onboarding_Settings/input_CONTACT NUMBER_contact-number'

2020-03-20 10:37:19 - [TEST_STEP][PASSED] - sendKeys(findTestObject("ADMIN/Edit Text/Bespoke/Seller Pages/Onboarding_Settings/input_OPENID LOGIN_open-id-login"), "*"): Keys '*' sent to object: 'Object Repository/ADMIN/Edit Text/Bespoke/Seller Pages/Onboarding_Settings/input_OPENID LOGIN_open-id-login'

2020-03-20 10:37:20 - [MESSAGE][PASSED] - Keys '*' sent to object: 'Object Repository/ADMIN/Edit Text/Bespoke/Seller Pages/Onboarding_Settings/input_OPENID LOGIN_open-id-login'

2020-03-20 10:37:20 - [TEST_STEP][PASSED] - sendKeys(findTestObject("ADMIN/Edit Text/Bespoke/Seller Pages/Onboarding_Settings/input_SELLER LOCATION_seller_location"), "*"): Keys '*' sent to object: 'Object Repository/ADMIN/Edit Text/Bespoke/Seller Pages/Onboarding_Settings/input_SELLER LOCATION_seller_location'

2020-03-20 10:37:20 - [MESSAGE][PASSED] - Keys '*' sent to object: 'Object Repository/ADMIN/Edit Text/Bespoke/Seller Pages/Onboarding_Settings/input_SELLER LOCATION_seller_location'

2020-03-20 10:37:20 - [TEST_STEP][PASSED] - sendKeys(findTestObject("ADMIN/Edit Text/Bespoke/Seller Pages/Onboarding_Settings/textarea_For each transaction that is made through the marketplace there will be a seller transaction fee of"), "*"): Keys '*' sent to object: 'Object Repository/ADMIN/Edit Text/Bespoke/Seller Pages/Onboarding_Settings/textarea_For each transaction that is made through the marketplace there will be a seller transaction fee of'

2020-03-20 10:37:20 - [MESSAGE][PASSED] - Keys '*' sent to object: 'Object Repository/ADMIN/Edit Text/Bespoke/Seller Pages/Onboarding_Settings/textarea_For each transaction that is made through the marketplace there will be a seller transaction fee of'

2020-03-20 10:37:20 - [TEST_STEP][PASSED] - sendKeys(findTestObject("ADMIN/Edit Text/Bespoke/Seller Pages/Onboarding_Settings/input_NEXT_btn_next"), "*"): Keys '*' sent to object: 'Object Repository/ADMIN/Edit Text/Bespoke/Seller Pages/Onboarding_Settings/input_NEXT_btn_next'

2020-03-20 10:37:20 - [MESSAGE][PASSED] - Keys '*' sent to object: 'Object Repository/ADMIN/Edit Text/Bespoke/Seller Pages/Onboarding_Settings/input_NEXT_btn_next'

2020-03-20 10:37:20 - [TEST_STEP][PASSED] - sendKeys(findTestObject("ADMIN/Edit Text/Bespoke/Seller Pages/Onboarding_Settings/input_ADDRESS_tab-title"), "*"): Keys '*' sent to object: 'Object Repository/ADMIN/Edit Text/Bespoke/Seller Pages/Onboarding_Settings/input_ADDRESS_tab-title'

2020-03-20 10:37:20 - [MESSAGE][PASSED] - Keys '*' sent to object: 'Object Repository/ADMIN/Edit Text/Bespoke/Seller Pages/Onboarding_Settings/input_ADDRESS_tab-title'

2020-03-20 10:37:20 - [TEST_STEP][PASSED] - sendKeys(findTestObject("ADMIN/Edit Text/Bespoke/Seller Pages/Onboarding_Settings/input_NEW DELIVERY ADDRESS_new-delivery-address"), "*"): Keys '*' sent to object: 'Object Repository/ADMIN/Edit Text/Bespoke/Seller Pages/Onboarding_Settings/input_NEW DELIVERY ADDRESS_new-delivery-address'

2020-03-20 10:37:20 - [MESSAGE][PASSED] - Keys '*' sent to object: 'Object Repository/ADMIN/Edit Text/Bespoke/Seller Pages/Onboarding_Settings/input_NEW DELIVERY ADDRESS_new-delivery-address'

2020-03-20 10:37:20 - [TEST_STEP][PASSED] - sendKeys(findTestObject("ADMIN/Edit Text/Bespoke/Seller Pages/Onboarding_Settings/input_ADDRESSEE FIRST NAME_addressee-first-name"), "*"): Keys '*' sent to object: 'Object Repository/ADMIN/Edit Text/Bespoke/Seller Pages/Onboarding_Settings/input_ADDRESSEE FIRST NAME_addressee-first-name'

2020-03-20 10:37:20 - [MESSAGE][PASSED] - Keys '*' sent to object: 'Object Repository/ADMIN/Edit Text/Bespoke/Seller Pages/Onboarding_Settings/input_ADDRESSEE FIRST NAME_addressee-first-name'

2020-03-20 10:37:20 - [TEST_STEP][PASSED] - sendKeys(findTestObject("ADMIN/Edit Text/Bespoke/Seller Pages/Onboarding_Settings/input_ADDRESSEE LAST NAME_addressee-last-name"), "*"): Keys '*' sent to object: 'Object Repository/ADMIN/Edit Text/Bespoke/Seller Pages/Onboarding_Settings/input_ADDRESSEE LAST NAME_addressee-last-name'

2020-03-20 10:37:20 - [MESSAGE][PASSED] - Keys '*' sent to object: 'Object Repository/ADMIN/Edit Text/Bespoke/Seller Pages/Onboarding_Settings/input_ADDRESSEE LAST NAME_addressee-last-name'

2020-03-20 10:37:20 - [TEST_STEP][PASSED] - sendKeys(findTestObject("ADMIN/Edit Text/Bespoke/Seller Pages/Onboarding_Settings/input_ADDRESS_address"), "*"): Keys '*' sent to object: 'Object Repository/ADMIN/Edit Text/Bespoke/Seller Pages/Onboarding_Settings/input_ADDRESS_address'

2020-03-20 10:37:21 - [MESSAGE][PASSED] - Keys '*' sent to object: 'Object Repository/ADMIN/Edit Text/Bespoke/Seller Pages/Onboarding_Settings/input_ADDRESS_address'

2020-03-20 10:37:21 - [TEST_STEP][PASSED] - sendKeys(findTestObject("ADMIN/Edit Text/Bespoke/Seller Pages/Onboarding_Settings/input_SELECT COUNTRY_select-country"), "*"): Keys '*' sent to object: 'Object Repository/ADMIN/Edit Text/Bespoke/Seller Pages/Onboarding_Settings/input_SELECT COUNTRY_select-country'

2020-03-20 10:37:21 - [MESSAGE][PASSED] - Keys '*' sent to object: 'Object Repository/ADMIN/Edit Text/Bespoke/Seller Pages/Onboarding_Settings/input_SELECT COUNTRY_select-country'

2020-03-20 10:37:21 - [TEST_STEP][PASSED] - sendKeys(findTestObject("ADMIN/Edit Text/Bespoke/Seller Pages/Onboarding_Settings/input_COUNTRY_address-country"), "*"): Keys '*' sent to object: 'Object Repository/ADMIN/Edit Text/Bespoke/Seller Pages/Onboarding_Settings/input_COUNTRY_address-country'

2020-03-20 10:37:21 - [MESSAGE][PASSED] - Keys '*' sent to object: 'Object Repository/ADMIN/Edit Text/Bespoke/Seller Pages/Onboarding_Settings/input_COUNTRY_address-country'

2020-03-20 10:37:21 - [TEST_STEP][PASSED] - sendKeys(findTestObject("ADMIN/Edit Text/Bespoke/Seller Pages/Onboarding_Settings/input_STATE_address-state"), "*"): Keys '*' sent to object: 'Object Repository/ADMIN/Edit Text/Bespoke/Seller Pages/Onboarding_Settings/input_STATE_address-state'

2020-03-20 10:37:21 - [MESSAGE][PASSED] - Keys '*' sent to object: 'Object Repository/ADMIN/Edit Text/Bespoke/Seller Pages/Onboarding_Settings/input_STATE_address-state'

2020-03-20 10:37:21 - [TEST_STEP][PASSED] - sendKeys(findTestObject("ADMIN/Edit Text/Bespoke/Seller Pages/Onboarding_Settings/input_CITY_address-city"), "*"): Keys '*' sent to object: 'Object Repository/ADMIN/Edit Text/Bespoke/Seller Pages/Onboarding_Settings/input_CITY_address-city'

2020-03-20 10:37:21 - [MESSAGE][PASSED] - Keys '*' sent to object: 'Object Repository/ADMIN/Edit Text/Bespoke/Seller Pages/Onboarding_Settings/input_CITY_address-city'

2020-03-20 10:37:21 - [TEST_STEP][PASSED] - sendKeys(findTestObject("ADMIN/Edit Text/Bespoke/Seller Pages/Onboarding_Settings/input_POSTAL CODE_address-postalcode"), "*"): Keys '*' sent to object: 'Object Repository/ADMIN/Edit Text/Bespoke/Seller Pages/Onboarding_Settings/input_POSTAL CODE_address-postalcode'

2020-03-20 10:37:21 - [MESSAGE][PASSED] - Keys '*' sent to object: 'Object Repository/ADMIN/Edit Text/Bespoke/Seller Pages/Onboarding_Settings/input_POSTAL CODE_address-postalcode'

2020-03-20 10:37:21 - [TEST_STEP][PASSED] - sendKeys(findTestObject("ADMIN/Edit Text/Bespoke/Seller Pages/Onboarding_Settings/input_ADD ADDRESS_btn_add"), "*"): Keys '*' sent to object: 'Object Repository/ADMIN/Edit Text/Bespoke/Seller Pages/Onboarding_Settings/input_ADD ADDRESS_btn_add'

2020-03-20 10:37:21 - [MESSAGE][PASSED] - Keys '*' sent to object: 'Object Repository/ADMIN/Edit Text/Bespoke/Seller Pages/Onboarding_Settings/input_ADD ADDRESS_btn_add'

2020-03-20 10:37:21 - [TEST_STEP][PASSED] - sendKeys(findTestObject("ADMIN/Edit Text/Bespoke/Seller Pages/Onboarding_Settings/input_SAVED ADDRESSES_address-saved"), "*"): Keys '*' sent to object: 'Object Repository/ADMIN/Edit Text/Bespoke/Seller Pages/Onboarding_Settings/input_SAVED ADDRESSES_address-saved'

2020-03-20 10:37:22 - [MESSAGE][PASSED] - Keys '*' sent to object: 'Object Repository/ADMIN/Edit Text/Bespoke/Seller Pages/Onboarding_Settings/input_SAVED ADDRESSES_address-saved'

2020-03-20 10:37:22 - [TEST_STEP][PASSED] - sendKeys(findTestObject("ADMIN/Edit Text/Bespoke/Seller Pages/Onboarding_Settings/input_Next_btn_next (1)"), "*"): Keys '*' sent to object: 'Object Repository/ADMIN/Edit Text/Bespoke/Seller Pages/Onboarding_Settings/input_Next_btn_next (1)'

2020-03-20 10:37:22 - [MESSAGE][PASSED] - Keys '*' sent to object: 'Object Repository/ADMIN/Edit Text/Bespoke/Seller Pages/Onboarding_Settings/input_Next_btn_next (1)'

2020-03-20 10:37:22 - [TEST_STEP][PASSED] - sendKeys(findTestObject("ADMIN/Edit Text/Bespoke/Seller Pages/Onboarding_Settings/input_PAYMENT ACCEPTANCE_tan-title"), "*"): Keys '*' sent to object: 'Object Repository/ADMIN/Edit Text/Bespoke/Seller Pages/Onboarding_Settings/input_PAYMENT ACCEPTANCE_tan-title'

2020-03-20 10:37:22 - [MESSAGE][PASSED] - Keys '*' sent to object: 'Object Repository/ADMIN/Edit Text/Bespoke/Seller Pages/Onboarding_Settings/input_PAYMENT ACCEPTANCE_tan-title'

2020-03-20 10:37:22 - [TEST_STEP][PASSED] - sendKeys(findTestObject("ADMIN/Edit Text/Bespoke/Seller Pages/Onboarding_Settings/input_PAYMENT METHOD_payment_method"), "*"): Keys '*' sent to object: 'Object Repository/ADMIN/Edit Text/Bespoke/Seller Pages/Onboarding_Settings/input_PAYMENT METHOD_payment_method'

2020-03-20 10:37:22 - [MESSAGE][PASSED] - Keys '*' sent to object: 'Object Repository/ADMIN/Edit Text/Bespoke/Seller Pages/Onboarding_Settings/input_PAYMENT METHOD_payment_method'

2020-03-20 10:37:22 - [TEST_STEP][PASSED] - sendKeys(findTestObject("ADMIN/Edit Text/Bespoke/Seller Pages/Onboarding_Settings/input_Select your preferred payment method_select_payment_method"), "*"): Keys '*' sent to object: 'Object Repository/ADMIN/Edit Text/Bespoke/Seller Pages/Onboarding_Settings/input_Select your preferred payment method_select_payment_method'

2020-03-20 10:37:22 - [MESSAGE][PASSED] - Keys '*' sent to object: 'Object Repository/ADMIN/Edit Text/Bespoke/Seller Pages/Onboarding_Settings/input_Select your preferred payment method_select_payment_method'

2020-03-20 10:37:22 - [TEST_STEP][PASSED] - sendKeys(findTestObject("ADMIN/Edit Text/Bespoke/Seller Pages/Onboarding_Settings/input_LINK ACCOUNT_btn_link_account"), "*"): Keys '*' sent to object: 'Object Repository/ADMIN/Edit Text/Bespoke/Seller Pages/Onboarding_Settings/input_LINK ACCOUNT_btn_link_account'

2020-03-20 10:37:22 - [MESSAGE][PASSED] - Keys '*' sent to object: 'Object Repository/ADMIN/Edit Text/Bespoke/Seller Pages/Onboarding_Settings/input_LINK ACCOUNT_btn_link_account'

2020-03-20 10:37:22 - [TEST_STEP][PASSED] - sendKeys(findTestObject("ADMIN/Edit Text/Bespoke/Seller Pages/Onboarding_Settings/input_VERIFIED_verified"), "*"): Keys '*' sent to object: 'Object Repository/ADMIN/Edit Text/Bespoke/Seller Pages/Onboarding_Settings/input_VERIFIED_verified'

2020-03-20 10:37:23 - [MESSAGE][PASSED] - Keys '*' sent to object: 'Object Repository/ADMIN/Edit Text/Bespoke/Seller Pages/Onboarding_Settings/input_VERIFIED_verified'

2020-03-20 10:37:23 - [TEST_STEP][PASSED] - sendKeys(findTestObject("ADMIN/Edit Text/Bespoke/Seller Pages/Onboarding_Settings/input_This payment method is compulsory_this_method_compulsory"), "*"): Keys '*' sent to object: 'Object Repository/ADMIN/Edit Text/Bespoke/Seller Pages/Onboarding_Settings/input_This payment method is compulsory_this_method_compulsory'

2020-03-20 10:37:23 - [MESSAGE][PASSED] - Keys '*' sent to object: 'Object Repository/ADMIN/Edit Text/Bespoke/Seller Pages/Onboarding_Settings/input_This payment method is compulsory_this_method_compulsory'

2020-03-20 10:37:23 - [TEST_STEP][PASSED] - sendKeys(findTestObject("ADMIN/Edit Text/Bespoke/Seller Pages/Onboarding_Settings/input_No account linked yet_no-account-linked"), "*"): Keys '*' sent to object: 'Object Repository/ADMIN/Edit Text/Bespoke/Seller Pages/Onboarding_Settings/input_No account linked yet_no-account-linked'

2020-03-20 10:37:23 - [MESSAGE][PASSED] - Keys '*' sent to object: 'Object Repository/ADMIN/Edit Text/Bespoke/Seller Pages/Onboarding_Settings/input_No account linked yet_no-account-linked'

2020-03-20 10:37:23 - [TEST_STEP][PASSED] - sendKeys(findTestObject("ADMIN/Edit Text/Bespoke/Seller Pages/Onboarding_Settings/input_next3"), "*"): Keys '*' sent to object: 'Object Repository/ADMIN/Edit Text/Bespoke/Seller Pages/Onboarding_Settings/input_next3'

2020-03-20 10:37:23 - [MESSAGE][PASSED] - Keys '*' sent to object: 'Object Repository/ADMIN/Edit Text/Bespoke/Seller Pages/Onboarding_Settings/input_next3'

2020-03-20 10:37:23 - [TEST_STEP][PASSED] - sendKeys(findTestObject("ADMIN/Edit Text/Bespoke/Seller Pages/Onboarding_Settings/input_DELIVERY METHODS_tab-title1"), "*"): Keys '*' sent to object: 'Object Repository/ADMIN/Edit Text/Bespoke/Seller Pages/Onboarding_Settings/input_DELIVERY METHODS_tab-title1'

2020-03-20 10:37:23 - [MESSAGE][PASSED] - Keys '*' sent to object: 'Object Repository/ADMIN/Edit Text/Bespoke/Seller Pages/Onboarding_Settings/input_DELIVERY METHODS_tab-title1'

2020-03-20 10:37:23 - [TEST_STEP][PASSED] - sendKeys(findTestObject("ADMIN/Edit Text/Bespoke/Seller Pages/Onboarding_Settings/input_DELIVERY OPTIONS_delivery-option"), "*"): Keys '*' sent to object: 'Object Repository/ADMIN/Edit Text/Bespoke/Seller Pages/Onboarding_Settings/input_DELIVERY OPTIONS_delivery-option'

2020-03-20 10:37:23 - [MESSAGE][PASSED] - Keys '*' sent to object: 'Object Repository/ADMIN/Edit Text/Bespoke/Seller Pages/Onboarding_Settings/input_DELIVERY OPTIONS_delivery-option'

2020-03-20 10:37:23 - [TEST_STEP][PASSED] - sendKeys(findTestObject("ADMIN/Edit Text/Bespoke/Seller Pages/Onboarding_Settings/input_DELIVERY OPTIONS_delivery-txt2"), "*"): Keys '*' sent to object: 'Object Repository/ADMIN/Edit Text/Bespoke/Seller Pages/Onboarding_Settings/input_DELIVERY OPTIONS_delivery-txt2'

2020-03-20 10:37:23 - [MESSAGE][PASSED] - Keys '*' sent to object: 'Object Repository/ADMIN/Edit Text/Bespoke/Seller Pages/Onboarding_Settings/input_DELIVERY OPTIONS_delivery-txt2'

2020-03-20 10:37:23 - [TEST_STEP][PASSED] - sendKeys(findTestObject("ADMIN/Edit Text/Bespoke/Seller Pages/Onboarding_Settings/input_DELIVERY SERVICE_delivery-service"), "*"): Keys '*' sent to object: 'Object Repository/ADMIN/Edit Text/Bespoke/Seller Pages/Onboarding_Settings/input_DELIVERY SERVICE_delivery-service'

2020-03-20 10:37:23 - [MESSAGE][PASSED] - Keys '*' sent to object: 'Object Repository/ADMIN/Edit Text/Bespoke/Seller Pages/Onboarding_Settings/input_DELIVERY SERVICE_delivery-service'

2020-03-20 10:37:23 - [TEST_STEP][PASSED] - sendKeys(findTestObject("ADMIN/Edit Text/Bespoke/Seller Pages/Onboarding_Settings/input_SINGLE ITEM DELIVERY (A)_single-item-delivery"), "*"): Keys '*' sent to object: 'Object Repository/ADMIN/Edit Text/Bespoke/Seller Pages/Onboarding_Settings/input_SINGLE ITEM DELIVERY (A)_single-item-delivery'

2020-03-20 10:37:24 - [MESSAGE][PASSED] - Keys '*' sent to object: 'Object Repository/ADMIN/Edit Text/Bespoke/Seller Pages/Onboarding_Settings/input_SINGLE ITEM DELIVERY (A)_single-item-delivery'

2020-03-20 10:37:24 - [TEST_STEP][PASSED] - sendKeys(findTestObject("ADMIN/Edit Text/Bespoke/Seller Pages/Onboarding_Settings/input_WITH OTHER ITEM (B)_with-other-item"), "*"): Keys '*' sent to object: 'Object Repository/ADMIN/Edit Text/Bespoke/Seller Pages/Onboarding_Settings/input_WITH OTHER ITEM (B)_with-other-item'

2020-03-20 10:37:24 - [MESSAGE][PASSED] - Keys '*' sent to object: 'Object Repository/ADMIN/Edit Text/Bespoke/Seller Pages/Onboarding_Settings/input_WITH OTHER ITEM (B)_with-other-item'

2020-03-20 10:37:24 - [TEST_STEP][PASSED] - sendKeys(findTestObject("ADMIN/Edit Text/Bespoke/Seller Pages/Onboarding_Settings/input_ADD_btn_add"), "*"): Keys '*' sent to object: 'Object Repository/ADMIN/Edit Text/Bespoke/Seller Pages/Onboarding_Settings/input_ADD_btn_add'

2020-03-20 10:37:24 - [MESSAGE][PASSED] - Keys '*' sent to object: 'Object Repository/ADMIN/Edit Text/Bespoke/Seller Pages/Onboarding_Settings/input_ADD_btn_add'

2020-03-20 10:37:24 - [TEST_STEP][PASSED] - sendKeys(findTestObject("ADMIN/Edit Text/Bespoke/Seller Pages/Onboarding_Settings/input_PICK-UP LOCATIONS_pick-up-option"), "*"): Keys '*' sent to object: 'Object Repository/ADMIN/Edit Text/Bespoke/Seller Pages/Onboarding_Settings/input_PICK-UP LOCATIONS_pick-up-option'

2020-03-20 10:37:24 - [MESSAGE][PASSED] - Keys '*' sent to object: 'Object Repository/ADMIN/Edit Text/Bespoke/Seller Pages/Onboarding_Settings/input_PICK-UP LOCATIONS_pick-up-option'

2020-03-20 10:37:24 - [TEST_STEP][PASSED] - sendKeys(findTestObject("ADMIN/Edit Text/Bespoke/Seller Pages/Onboarding_Settings/textarea_Define the full address where the buyer can pick up from (You must have at least a delivery option or a pick-up location selected)"), "*"): Keys '*' sent to object: 'Object Repository/ADMIN/Edit Text/Bespoke/Seller Pages/Onboarding_Settings/textarea_Define the full address where the buyer can pick up from (You must have at least a delivery option or a pick-up location selected)'

2020-03-20 10:37:24 - [MESSAGE][PASSED] - Keys '*' sent to object: 'Object Repository/ADMIN/Edit Text/Bespoke/Seller Pages/Onboarding_Settings/textarea_Define the full address where the buyer can pick up from (You must have at least a delivery option or a pick-up location selected)'

2020-03-20 10:37:24 - [TEST_STEP][PASSED] - sendKeys(findTestObject("ADMIN/Edit Text/Bespoke/Seller Pages/Onboarding_Settings/input_Offer reduced shipping costs to buyers when they buy more than one item from you_delivery-txt2"), "*"): Keys '*' sent to object: 'Object Repository/ADMIN/Edit Text/Bespoke/Seller Pages/Onboarding_Settings/input_Offer reduced shipping costs to buyers when they buy more than one item from you_delivery-txt2'

2020-03-20 10:37:24 - [MESSAGE][PASSED] - Keys '*' sent to object: 'Object Repository/ADMIN/Edit Text/Bespoke/Seller Pages/Onboarding_Settings/input_Offer reduced shipping costs to buyers when they buy more than one item from you_delivery-txt2'

2020-03-20 10:37:24 - [TEST_STEP][PASSED] - sendKeys(findTestObject("ADMIN/Edit Text/Bespoke/Seller Pages/Onboarding_Settings/input_total delivery"), "*"): Keys '*' sent to object: 'Object Repository/ADMIN/Edit Text/Bespoke/Seller Pages/Onboarding_Settings/input_total delivery'

2020-03-20 10:37:24 - [MESSAGE][PASSED] - Keys '*' sent to object: 'Object Repository/ADMIN/Edit Text/Bespoke/Seller Pages/Onboarding_Settings/input_total delivery'

2020-03-20 10:37:24 - [TEST_STEP][PASSED] - sendKeys(findTestObject("ADMIN/Edit Text/Bespoke/Seller Pages/Onboarding_Settings/input_add1"), "*"): Keys '*' sent to object: 'Object Repository/ADMIN/Edit Text/Bespoke/Seller Pages/Onboarding_Settings/input_add1'

2020-03-20 10:37:24 - [MESSAGE][PASSED] - Keys '*' sent to object: 'Object Repository/ADMIN/Edit Text/Bespoke/Seller Pages/Onboarding_Settings/input_add1'

2020-03-20 10:37:24 - [TEST_STEP][PASSED] - sendKeys(findTestObject("ADMIN/Edit Text/Bespoke/Seller Pages/Onboarding_Settings/input_PICK-UP LOCATION ADDRESS_pick-up-address"), "*"): Keys '*' sent to object: 'Object Repository/ADMIN/Edit Text/Bespoke/Seller Pages/Onboarding_Settings/input_PICK-UP LOCATION ADDRESS_pick-up-address'

2020-03-20 10:37:24 - [MESSAGE][PASSED] - Keys '*' sent to object: 'Object Repository/ADMIN/Edit Text/Bespoke/Seller Pages/Onboarding_Settings/input_PICK-UP LOCATION ADDRESS_pick-up-address'

2020-03-20 10:37:24 - [TEST_STEP][PASSED] - sendKeys(findTestObject("ADMIN/Edit Text/Bespoke/Seller Pages/Onboarding_Settings/input_SAVE_btn_save"), "*"): Keys '*' sent to object: 'Object Repository/ADMIN/Edit Text/Bespoke/Seller Pages/Onboarding_Settings/input_SAVE_btn_save'

2020-03-20 10:37:25 - [MESSAGE][PASSED] - Keys '*' sent to object: 'Object Repository/ADMIN/Edit Text/Bespoke/Seller Pages/Onboarding_Settings/input_SAVE_btn_save'

2020-03-20 10:37:25 - [TEST_STEP][PASSED] - sendKeys(findTestObject("ADMIN/Edit Text/Bespoke/Seller Pages/Onboarding_Settings/input_Are you sure want to delete_popup-title"), "*"): Keys '*' sent to object: 'Object Repository/ADMIN/Edit Text/Bespoke/Seller Pages/Onboarding_Settings/input_Are you sure want to delete_popup-title'

2020-03-20 10:37:25 - [MESSAGE][PASSED] - Keys '*' sent to object: 'Object Repository/ADMIN/Edit Text/Bespoke/Seller Pages/Onboarding_Settings/input_Are you sure want to delete_popup-title'

2020-03-20 10:37:25 - [TEST_STEP][PASSED] - sendKeys(findTestObject("ADMIN/Edit Text/Bespoke/Seller Pages/Onboarding_Settings/input_CANCEL_btn_cancel"), "*"): Keys '*' sent to object: 'Object Repository/ADMIN/Edit Text/Bespoke/Seller Pages/Onboarding_Settings/input_CANCEL_btn_cancel'

2020-03-20 10:37:25 - [MESSAGE][PASSED] - Keys '*' sent to object: 'Object Repository/ADMIN/Edit Text/Bespoke/Seller Pages/Onboarding_Settings/input_CANCEL_btn_cancel'

2020-03-20 10:37:25 - [TEST_STEP][PASSED] - sendKeys(findTestObject("ADMIN/Edit Text/Bespoke/Seller Pages/Onboarding_Settings/input_Okay_btn_okay"), "*"): Keys '*' sent to object: 'Object Repository/ADMIN/Edit Text/Bespoke/Seller Pages/Onboarding_Settings/input_Okay_btn_okay'

2020-03-20 10:37:25 - [MESSAGE][PASSED] - Keys '*' sent to object: 'Object Repository/ADMIN/Edit Text/Bespoke/Seller Pages/Onboarding_Settings/input_Okay_btn_okay'

2020-03-20 10:37:25 - [TEST_STEP][PASSED] - sendKeys(findTestObject("ADMIN/Edit Text/Bespoke/Seller Pages/Onboarding_Settings/input_REMOVE ITEM_popup-title"), "*"): Keys '*' sent to object: 'Object Repository/ADMIN/Edit Text/Bespoke/Seller Pages/Onboarding_Settings/input_REMOVE ITEM_popup-title'

2020-03-20 10:37:25 - [MESSAGE][PASSED] - Keys '*' sent to object: 'Object Repository/ADMIN/Edit Text/Bespoke/Seller Pages/Onboarding_Settings/input_REMOVE ITEM_popup-title'

2020-03-20 10:37:25 - [TEST_STEP][PASSED] - sendKeys(findTestObject("ADMIN/Edit Text/Bespoke/Seller Pages/Onboarding_Settings/input_concat(Are you sure about removing this item from your list (It  ll be gone forever))_popup-title"), "*"): Keys '*' sent to object: 'Object Repository/ADMIN/Edit Text/Bespoke/Seller Pages/Onboarding_Settings/input_concat(Are you sure about removing this item from your list (It  ll be gone forever))_popup-title'

2020-03-20 10:37:25 - [MESSAGE][PASSED] - Keys '*' sent to object: 'Object Repository/ADMIN/Edit Text/Bespoke/Seller Pages/Onboarding_Settings/input_concat(Are you sure about removing this item from your list (It  ll be gone forever))_popup-title'

2020-03-20 10:37:25 - [TEST_STEP][PASSED] - sendKeys(findTestObject("ADMIN/Edit Text/Bespoke/Seller Pages/Onboarding_Settings/input_CANCEL_btn_cancel2"), "*"): Keys '*' sent to object: 'Object Repository/ADMIN/Edit Text/Bespoke/Seller Pages/Onboarding_Settings/input_CANCEL_btn_cancel2'

2020-03-20 10:37:26 - [MESSAGE][PASSED] - Keys '*' sent to object: 'Object Repository/ADMIN/Edit Text/Bespoke/Seller Pages/Onboarding_Settings/input_CANCEL_btn_cancel2'

2020-03-20 10:37:26 - [TEST_STEP][PASSED] - sendKeys(findTestObject("ADMIN/Edit Text/Bespoke/Seller Pages/Onboarding_Settings/input_Okay_btn_okay2"), "*"): Keys '*' sent to object: 'Object Repository/ADMIN/Edit Text/Bespoke/Seller Pages/Onboarding_Settings/input_Okay_btn_okay2'

2020-03-20 10:37:26 - [MESSAGE][PASSED] - Keys '*' sent to object: 'Object Repository/ADMIN/Edit Text/Bespoke/Seller Pages/Onboarding_Settings/input_Okay_btn_okay2'

2020-03-20 10:37:26 - [TEST_STEP][PASSED] - sendKeys(findTestObject("ADMIN/Edit Text/Bespoke/Seller Pages/Onboarding_Settings/input_Back_tab-title"), "*"): Keys '*' sent to object: 'Object Repository/ADMIN/Edit Text/Bespoke/Seller Pages/Onboarding_Settings/input_Back_tab-title'

2020-03-20 10:37:26 - [MESSAGE][PASSED] - Keys '*' sent to object: 'Object Repository/ADMIN/Edit Text/Bespoke/Seller Pages/Onboarding_Settings/input_Back_tab-title'

2020-03-20 10:37:26 - [TEST_STEP][PASSED] - sendKeys(findTestObject("ADMIN/Edit Text/Bespoke/Seller Pages/Onboarding_Settings/input_ACCOUNT CONFIGURATION_tab-title"), "*"): Keys '*' sent to object: 'Object Repository/ADMIN/Edit Text/Bespoke/Seller Pages/Onboarding_Settings/input_ACCOUNT CONFIGURATION_tab-title'

2020-03-20 10:37:26 - [MESSAGE][PASSED] - Keys '*' sent to object: 'Object Repository/ADMIN/Edit Text/Bespoke/Seller Pages/Onboarding_Settings/input_ACCOUNT CONFIGURATION_tab-title'

2020-03-20 10:37:26 - [TEST_STEP][PASSED] - sendKeys(findTestObject("ADMIN/Edit Text/Bespoke/Seller Pages/Onboarding_Settings/textarea_Your details entered here will be saved and verified by Omise Money you earn from your sales will be accredited to your bank account directly"), "*"): Keys '*' sent to object: 'Object Repository/ADMIN/Edit Text/Bespoke/Seller Pages/Onboarding_Settings/textarea_Your details entered here will be saved and verified by Omise Money you earn from your sales will be accredited to your bank account directly'

2020-03-20 10:37:26 - [MESSAGE][PASSED] - Keys '*' sent to object: 'Object Repository/ADMIN/Edit Text/Bespoke/Seller Pages/Onboarding_Settings/textarea_Your details entered here will be saved and verified by Omise Money you earn from your sales will be accredited to your bank account directly'

2020-03-20 10:37:26 - [TEST_STEP][PASSED] - sendKeys(findTestObject("ADMIN/Edit Text/Bespoke/Seller Pages/Onboarding_Settings/input_TYPE_tab-title"), "*"): Keys '*' sent to object: 'Object Repository/ADMIN/Edit Text/Bespoke/Seller Pages/Onboarding_Settings/input_TYPE_tab-title'

2020-03-20 10:37:26 - [MESSAGE][PASSED] - Keys '*' sent to object: 'Object Repository/ADMIN/Edit Text/Bespoke/Seller Pages/Onboarding_Settings/input_TYPE_tab-title'

2020-03-20 10:37:26 - [TEST_STEP][PASSED] - sendKeys(findTestObject("ADMIN/Edit Text/Bespoke/Seller Pages/Onboarding_Settings/input_Tax identification number (optional)_tab-title"), "*"): Keys '*' sent to object: 'Object Repository/ADMIN/Edit Text/Bespoke/Seller Pages/Onboarding_Settings/input_Tax identification number (optional)_tab-title'

2020-03-20 10:37:26 - [MESSAGE][PASSED] - Keys '*' sent to object: 'Object Repository/ADMIN/Edit Text/Bespoke/Seller Pages/Onboarding_Settings/input_Tax identification number (optional)_tab-title'

2020-03-20 10:37:26 - [TEST_STEP][PASSED] - sendKeys(findTestObject("ADMIN/Edit Text/Bespoke/Seller Pages/Onboarding_Settings/input_Individual_tab-title"), "*"): Keys '*' sent to object: 'Object Repository/ADMIN/Edit Text/Bespoke/Seller Pages/Onboarding_Settings/input_Individual_tab-title'

2020-03-20 10:37:26 - [MESSAGE][PASSED] - Keys '*' sent to object: 'Object Repository/ADMIN/Edit Text/Bespoke/Seller Pages/Onboarding_Settings/input_Individual_tab-title'

2020-03-20 10:37:26 - [TEST_STEP][PASSED] - sendKeys(findTestObject("ADMIN/Edit Text/Bespoke/Seller Pages/Onboarding_Settings/input_Corporate_tab-title"), "*"): Keys '*' sent to object: 'Object Repository/ADMIN/Edit Text/Bespoke/Seller Pages/Onboarding_Settings/input_Corporate_tab-title'

2020-03-20 10:37:27 - [MESSAGE][PASSED] - Keys '*' sent to object: 'Object Repository/ADMIN/Edit Text/Bespoke/Seller Pages/Onboarding_Settings/input_Corporate_tab-title'

2020-03-20 10:37:27 - [TEST_STEP][PASSED] - sendKeys(findTestObject("ADMIN/Edit Text/Bespoke/Seller Pages/Onboarding_Settings/input_Bank  branch code_tab-title"), "*"): Keys '*' sent to object: 'Object Repository/ADMIN/Edit Text/Bespoke/Seller Pages/Onboarding_Settings/input_Bank  branch code_tab-title'

2020-03-20 10:37:27 - [MESSAGE][PASSED] - Keys '*' sent to object: 'Object Repository/ADMIN/Edit Text/Bespoke/Seller Pages/Onboarding_Settings/input_Bank  branch code_tab-title'

2020-03-20 10:37:27 - [TEST_STEP][PASSED] - sendKeys(findTestObject("ADMIN/Edit Text/Bespoke/Seller Pages/Onboarding_Settings/input_Bank account number_tab-title"), "*"): Keys '*' sent to object: 'Object Repository/ADMIN/Edit Text/Bespoke/Seller Pages/Onboarding_Settings/input_Bank account number_tab-title'

2020-03-20 10:37:27 - [MESSAGE][PASSED] - Keys '*' sent to object: 'Object Repository/ADMIN/Edit Text/Bespoke/Seller Pages/Onboarding_Settings/input_Bank account number_tab-title'

2020-03-20 10:37:27 - [TEST_STEP][PASSED] - sendKeys(findTestObject("ADMIN/Edit Text/Bespoke/Seller Pages/Onboarding_Settings/input_Bank account name_tab-title"), "*"): Keys '*' sent to object: 'Object Repository/ADMIN/Edit Text/Bespoke/Seller Pages/Onboarding_Settings/input_Bank account name_tab-title'

2020-03-20 10:37:27 - [MESSAGE][PASSED] - Keys '*' sent to object: 'Object Repository/ADMIN/Edit Text/Bespoke/Seller Pages/Onboarding_Settings/input_Bank account name_tab-title'

2020-03-20 10:37:27 - [TEST_STEP][PASSED] - click(findTestObject("ADMIN/Edit Text/Bespoke/Buyer Pages/Homepage/button_save"), CONTINUE_ON_FAILURE): Object: 'Object Repository/ADMIN/Edit Text/Bespoke/Buyer Pages/Homepage/button_save' is clicked on

2020-03-20 10:37:27 - [MESSAGE][PASSED] - Object: 'Object Repository/ADMIN/Edit Text/Bespoke/Buyer Pages/Homepage/button_save' is clicked on

2020-03-20 10:37:27 - [TEST_STEP][PASSED] - waitForElementVisible(findTestObject("ADMIN/Edit Text/Bespoke/Buyer Pages/Homepage/toaster_success"), 0): Object 'Object Repository/ADMIN/Edit Text/Bespoke/Buyer Pages/Homepage/toaster_success' is visible

2020-03-20 10:37:27 - [MESSAGE][WARNING] - Timeout '0' is invalid. Using default page load timeout: '30'

2020-03-20 10:37:28 - [MESSAGE][PASSED] - Object 'Object Repository/ADMIN/Edit Text/Bespoke/Buyer Pages/Homepage/toaster_success' is visible]]></system-out>
         <system-err><![CDATA[]]></system-err>
      </testcase>
      <testcase name="Test Cases/ADMIN/Language/Edit Text/Bespoke/Seller/Onboarding_Settings" time="10.647" classname="Test Cases/ADMIN/Language/Edit Text/Bespoke/Seller/Onboarding_Settings" status="PASSED">
         <system-out><![CDATA[2020-03-20 10:37:28 - [TEST_CASE][PASSED] - Test Cases/ADMIN/Language/Edit Text/Bespoke/Seller/Onboarding_Settings: Test Cases/ADMIN/Language/Edit Text/Bespoke/Seller/Onboarding_Settings

2020-03-20 10:37:28 - [TEST_STEP][PASSED] - waitForElementVisible(findTestObject("ADMIN/Edit Text/Bespoke/Buyer Navigation/dd_language"), 0): Object 'Object Repository/ADMIN/Edit Text/Bespoke/Buyer Navigation/dd_language' is visible

2020-03-20 10:37:28 - [MESSAGE][WARNING] - Timeout '0' is invalid. Using default page load timeout: '30'

2020-03-20 10:37:28 - [MESSAGE][PASSED] - Object 'Object Repository/ADMIN/Edit Text/Bespoke/Buyer Navigation/dd_language' is visible

2020-03-20 10:37:28 - [TEST_STEP][PASSED] - selectOptionByLabel(findTestObject("ADMIN/Edit Text/Bespoke/Buyer Navigation/dd_language"), varLanguage, false): All options with label 'Swedish' are selected in object 'Object Repository/ADMIN/Edit Text/Bespoke/Buyer Navigation/dd_language' 

2020-03-20 10:37:29 - [MESSAGE][PASSED] - All options with label 'Swedish' are selected in object 'Object Repository/ADMIN/Edit Text/Bespoke/Buyer Navigation/dd_language' 

2020-03-20 10:37:29 - [TEST_STEP][PASSED] - sendKeys(findTestObject("ADMIN/Edit Text/Bespoke/Seller Pages/Onboarding_Settings/input_USER SETTINGS_marketplace-name"), "*"): Keys '*' sent to object: 'Object Repository/ADMIN/Edit Text/Bespoke/Seller Pages/Onboarding_Settings/input_USER SETTINGS_marketplace-name'

2020-03-20 10:37:29 - [MESSAGE][PASSED] - Keys '*' sent to object: 'Object Repository/ADMIN/Edit Text/Bespoke/Seller Pages/Onboarding_Settings/input_USER SETTINGS_marketplace-name'

2020-03-20 10:37:29 - [TEST_STEP][PASSED] - sendKeys(findTestObject("ADMIN/Edit Text/Bespoke/Seller Pages/Onboarding_Settings/input_Configure your profile your delivery methods and how you receive payments_item_details"), "*"): Keys '*' sent to object: 'Object Repository/ADMIN/Edit Text/Bespoke/Seller Pages/Onboarding_Settings/input_Configure your profile your delivery methods and how you receive payments_item_details'

2020-03-20 10:37:29 - [MESSAGE][PASSED] - Keys '*' sent to object: 'Object Repository/ADMIN/Edit Text/Bespoke/Seller Pages/Onboarding_Settings/input_Configure your profile your delivery methods and how you receive payments_item_details'

2020-03-20 10:37:29 - [TEST_STEP][PASSED] - sendKeys(findTestObject("ADMIN/Edit Text/Bespoke/Seller Pages/Onboarding_Settings/input_PROFILE_tab-title"), "*"): Keys '*' sent to object: 'Object Repository/ADMIN/Edit Text/Bespoke/Seller Pages/Onboarding_Settings/input_PROFILE_tab-title'

2020-03-20 10:37:30 - [MESSAGE][PASSED] - Keys '*' sent to object: 'Object Repository/ADMIN/Edit Text/Bespoke/Seller Pages/Onboarding_Settings/input_PROFILE_tab-title'

2020-03-20 10:37:30 - [TEST_STEP][PASSED] - sendKeys(findTestObject("ADMIN/Edit Text/Bespoke/Seller Pages/Onboarding_Settings/input_CHANGE_btn_upload"), "*"): Keys '*' sent to object: 'Object Repository/ADMIN/Edit Text/Bespoke/Seller Pages/Onboarding_Settings/input_CHANGE_btn_upload'

2020-03-20 10:37:30 - [MESSAGE][PASSED] - Keys '*' sent to object: 'Object Repository/ADMIN/Edit Text/Bespoke/Seller Pages/Onboarding_Settings/input_CHANGE_btn_upload'

2020-03-20 10:37:30 - [TEST_STEP][PASSED] - sendKeys(findTestObject("ADMIN/Edit Text/Bespoke/Seller Pages/Onboarding_Settings/input_DISPLAY NAME_display-name"), "*"): Keys '*' sent to object: 'Object Repository/ADMIN/Edit Text/Bespoke/Seller Pages/Onboarding_Settings/input_DISPLAY NAME_display-name'

2020-03-20 10:37:30 - [MESSAGE][PASSED] - Keys '*' sent to object: 'Object Repository/ADMIN/Edit Text/Bespoke/Seller Pages/Onboarding_Settings/input_DISPLAY NAME_display-name'

2020-03-20 10:37:30 - [TEST_STEP][PASSED] - sendKeys(findTestObject("ADMIN/Edit Text/Bespoke/Seller Pages/Onboarding_Settings/input_DESCRIPTION_description"), "*"): Keys '*' sent to object: 'Object Repository/ADMIN/Edit Text/Bespoke/Seller Pages/Onboarding_Settings/input_DESCRIPTION_description'

2020-03-20 10:37:30 - [MESSAGE][PASSED] - Keys '*' sent to object: 'Object Repository/ADMIN/Edit Text/Bespoke/Seller Pages/Onboarding_Settings/input_DESCRIPTION_description'

2020-03-20 10:37:30 - [TEST_STEP][PASSED] - sendKeys(findTestObject("ADMIN/Edit Text/Bespoke/Seller Pages/Onboarding_Settings/input_FIRST NAME_first-name"), "*"): Keys '*' sent to object: 'Object Repository/ADMIN/Edit Text/Bespoke/Seller Pages/Onboarding_Settings/input_FIRST NAME_first-name'

2020-03-20 10:37:30 - [MESSAGE][PASSED] - Keys '*' sent to object: 'Object Repository/ADMIN/Edit Text/Bespoke/Seller Pages/Onboarding_Settings/input_FIRST NAME_first-name'

2020-03-20 10:37:30 - [TEST_STEP][PASSED] - sendKeys(findTestObject("ADMIN/Edit Text/Bespoke/Seller Pages/Onboarding_Settings/input_LAST NAME_last-name"), "*"): Keys '*' sent to object: 'Object Repository/ADMIN/Edit Text/Bespoke/Seller Pages/Onboarding_Settings/input_LAST NAME_last-name'

2020-03-20 10:37:30 - [MESSAGE][PASSED] - Keys '*' sent to object: 'Object Repository/ADMIN/Edit Text/Bespoke/Seller Pages/Onboarding_Settings/input_LAST NAME_last-name'

2020-03-20 10:37:30 - [TEST_STEP][PASSED] - sendKeys(findTestObject("ADMIN/Edit Text/Bespoke/Seller Pages/Onboarding_Settings/input_NOTIFICATION EMAIL_notification-email"), "*"): Keys '*' sent to object: 'Object Repository/ADMIN/Edit Text/Bespoke/Seller Pages/Onboarding_Settings/input_NOTIFICATION EMAIL_notification-email'

2020-03-20 10:37:30 - [MESSAGE][PASSED] - Keys '*' sent to object: 'Object Repository/ADMIN/Edit Text/Bespoke/Seller Pages/Onboarding_Settings/input_NOTIFICATION EMAIL_notification-email'

2020-03-20 10:37:30 - [TEST_STEP][PASSED] - sendKeys(findTestObject("ADMIN/Edit Text/Bespoke/Seller Pages/Onboarding_Settings/input_CONTACT NUMBER_contact-number"), "*"): Keys '*' sent to object: 'Object Repository/ADMIN/Edit Text/Bespoke/Seller Pages/Onboarding_Settings/input_CONTACT NUMBER_contact-number'

2020-03-20 10:37:30 - [MESSAGE][PASSED] - Keys '*' sent to object: 'Object Repository/ADMIN/Edit Text/Bespoke/Seller Pages/Onboarding_Settings/input_CONTACT NUMBER_contact-number'

2020-03-20 10:37:30 - [TEST_STEP][PASSED] - sendKeys(findTestObject("ADMIN/Edit Text/Bespoke/Seller Pages/Onboarding_Settings/input_OPENID LOGIN_open-id-login"), "*"): Keys '*' sent to object: 'Object Repository/ADMIN/Edit Text/Bespoke/Seller Pages/Onboarding_Settings/input_OPENID LOGIN_open-id-login'

2020-03-20 10:37:30 - [MESSAGE][PASSED] - Keys '*' sent to object: 'Object Repository/ADMIN/Edit Text/Bespoke/Seller Pages/Onboarding_Settings/input_OPENID LOGIN_open-id-login'

2020-03-20 10:37:30 - [TEST_STEP][PASSED] - sendKeys(findTestObject("ADMIN/Edit Text/Bespoke/Seller Pages/Onboarding_Settings/input_SELLER LOCATION_seller_location"), "*"): Keys '*' sent to object: 'Object Repository/ADMIN/Edit Text/Bespoke/Seller Pages/Onboarding_Settings/input_SELLER LOCATION_seller_location'

2020-03-20 10:37:31 - [MESSAGE][PASSED] - Keys '*' sent to object: 'Object Repository/ADMIN/Edit Text/Bespoke/Seller Pages/Onboarding_Settings/input_SELLER LOCATION_seller_location'

2020-03-20 10:37:31 - [TEST_STEP][PASSED] - sendKeys(findTestObject("ADMIN/Edit Text/Bespoke/Seller Pages/Onboarding_Settings/textarea_For each transaction that is made through the marketplace there will be a seller transaction fee of"), "*"): Keys '*' sent to object: 'Object Repository/ADMIN/Edit Text/Bespoke/Seller Pages/Onboarding_Settings/textarea_For each transaction that is made through the marketplace there will be a seller transaction fee of'

2020-03-20 10:37:31 - [MESSAGE][PASSED] - Keys '*' sent to object: 'Object Repository/ADMIN/Edit Text/Bespoke/Seller Pages/Onboarding_Settings/textarea_For each transaction that is made through the marketplace there will be a seller transaction fee of'

2020-03-20 10:37:31 - [TEST_STEP][PASSED] - sendKeys(findTestObject("ADMIN/Edit Text/Bespoke/Seller Pages/Onboarding_Settings/input_NEXT_btn_next"), "*"): Keys '*' sent to object: 'Object Repository/ADMIN/Edit Text/Bespoke/Seller Pages/Onboarding_Settings/input_NEXT_btn_next'

2020-03-20 10:37:31 - [MESSAGE][PASSED] - Keys '*' sent to object: 'Object Repository/ADMIN/Edit Text/Bespoke/Seller Pages/Onboarding_Settings/input_NEXT_btn_next'

2020-03-20 10:37:31 - [TEST_STEP][PASSED] - sendKeys(findTestObject("ADMIN/Edit Text/Bespoke/Seller Pages/Onboarding_Settings/input_ADDRESS_tab-title"), "*"): Keys '*' sent to object: 'Object Repository/ADMIN/Edit Text/Bespoke/Seller Pages/Onboarding_Settings/input_ADDRESS_tab-title'

2020-03-20 10:37:31 - [MESSAGE][PASSED] - Keys '*' sent to object: 'Object Repository/ADMIN/Edit Text/Bespoke/Seller Pages/Onboarding_Settings/input_ADDRESS_tab-title'

2020-03-20 10:37:31 - [TEST_STEP][PASSED] - sendKeys(findTestObject("ADMIN/Edit Text/Bespoke/Seller Pages/Onboarding_Settings/input_NEW DELIVERY ADDRESS_new-delivery-address"), "*"): Keys '*' sent to object: 'Object Repository/ADMIN/Edit Text/Bespoke/Seller Pages/Onboarding_Settings/input_NEW DELIVERY ADDRESS_new-delivery-address'

2020-03-20 10:37:31 - [MESSAGE][PASSED] - Keys '*' sent to object: 'Object Repository/ADMIN/Edit Text/Bespoke/Seller Pages/Onboarding_Settings/input_NEW DELIVERY ADDRESS_new-delivery-address'

2020-03-20 10:37:31 - [TEST_STEP][PASSED] - sendKeys(findTestObject("ADMIN/Edit Text/Bespoke/Seller Pages/Onboarding_Settings/input_ADDRESSEE FIRST NAME_addressee-first-name"), "*"): Keys '*' sent to object: 'Object Repository/ADMIN/Edit Text/Bespoke/Seller Pages/Onboarding_Settings/input_ADDRESSEE FIRST NAME_addressee-first-name'

2020-03-20 10:37:31 - [MESSAGE][PASSED] - Keys '*' sent to object: 'Object Repository/ADMIN/Edit Text/Bespoke/Seller Pages/Onboarding_Settings/input_ADDRESSEE FIRST NAME_addressee-first-name'

2020-03-20 10:37:31 - [TEST_STEP][PASSED] - sendKeys(findTestObject("ADMIN/Edit Text/Bespoke/Seller Pages/Onboarding_Settings/input_ADDRESSEE LAST NAME_addressee-last-name"), "*"): Keys '*' sent to object: 'Object Repository/ADMIN/Edit Text/Bespoke/Seller Pages/Onboarding_Settings/input_ADDRESSEE LAST NAME_addressee-last-name'

2020-03-20 10:37:31 - [MESSAGE][PASSED] - Keys '*' sent to object: 'Object Repository/ADMIN/Edit Text/Bespoke/Seller Pages/Onboarding_Settings/input_ADDRESSEE LAST NAME_addressee-last-name'

2020-03-20 10:37:31 - [TEST_STEP][PASSED] - sendKeys(findTestObject("ADMIN/Edit Text/Bespoke/Seller Pages/Onboarding_Settings/input_ADDRESS_address"), "*"): Keys '*' sent to object: 'Object Repository/ADMIN/Edit Text/Bespoke/Seller Pages/Onboarding_Settings/input_ADDRESS_address'

2020-03-20 10:37:32 - [MESSAGE][PASSED] - Keys '*' sent to object: 'Object Repository/ADMIN/Edit Text/Bespoke/Seller Pages/Onboarding_Settings/input_ADDRESS_address'

2020-03-20 10:37:32 - [TEST_STEP][PASSED] - sendKeys(findTestObject("ADMIN/Edit Text/Bespoke/Seller Pages/Onboarding_Settings/input_SELECT COUNTRY_select-country"), "*"): Keys '*' sent to object: 'Object Repository/ADMIN/Edit Text/Bespoke/Seller Pages/Onboarding_Settings/input_SELECT COUNTRY_select-country'

2020-03-20 10:37:32 - [MESSAGE][PASSED] - Keys '*' sent to object: 'Object Repository/ADMIN/Edit Text/Bespoke/Seller Pages/Onboarding_Settings/input_SELECT COUNTRY_select-country'

2020-03-20 10:37:32 - [TEST_STEP][PASSED] - sendKeys(findTestObject("ADMIN/Edit Text/Bespoke/Seller Pages/Onboarding_Settings/input_COUNTRY_address-country"), "*"): Keys '*' sent to object: 'Object Repository/ADMIN/Edit Text/Bespoke/Seller Pages/Onboarding_Settings/input_COUNTRY_address-country'

2020-03-20 10:37:32 - [MESSAGE][PASSED] - Keys '*' sent to object: 'Object Repository/ADMIN/Edit Text/Bespoke/Seller Pages/Onboarding_Settings/input_COUNTRY_address-country'

2020-03-20 10:37:32 - [TEST_STEP][PASSED] - sendKeys(findTestObject("ADMIN/Edit Text/Bespoke/Seller Pages/Onboarding_Settings/input_STATE_address-state"), "*"): Keys '*' sent to object: 'Object Repository/ADMIN/Edit Text/Bespoke/Seller Pages/Onboarding_Settings/input_STATE_address-state'

2020-03-20 10:37:32 - [MESSAGE][PASSED] - Keys '*' sent to object: 'Object Repository/ADMIN/Edit Text/Bespoke/Seller Pages/Onboarding_Settings/input_STATE_address-state'

2020-03-20 10:37:32 - [TEST_STEP][PASSED] - sendKeys(findTestObject("ADMIN/Edit Text/Bespoke/Seller Pages/Onboarding_Settings/input_CITY_address-city"), "*"): Keys '*' sent to object: 'Object Repository/ADMIN/Edit Text/Bespoke/Seller Pages/Onboarding_Settings/input_CITY_address-city'

2020-03-20 10:37:32 - [MESSAGE][PASSED] - Keys '*' sent to object: 'Object Repository/ADMIN/Edit Text/Bespoke/Seller Pages/Onboarding_Settings/input_CITY_address-city'

2020-03-20 10:37:32 - [TEST_STEP][PASSED] - sendKeys(findTestObject("ADMIN/Edit Text/Bespoke/Seller Pages/Onboarding_Settings/input_POSTAL CODE_address-postalcode"), "*"): Keys '*' sent to object: 'Object Repository/ADMIN/Edit Text/Bespoke/Seller Pages/Onboarding_Settings/input_POSTAL CODE_address-postalcode'

2020-03-20 10:37:32 - [MESSAGE][PASSED] - Keys '*' sent to object: 'Object Repository/ADMIN/Edit Text/Bespoke/Seller Pages/Onboarding_Settings/input_POSTAL CODE_address-postalcode'

2020-03-20 10:37:32 - [TEST_STEP][PASSED] - sendKeys(findTestObject("ADMIN/Edit Text/Bespoke/Seller Pages/Onboarding_Settings/input_ADD ADDRESS_btn_add"), "*"): Keys '*' sent to object: 'Object Repository/ADMIN/Edit Text/Bespoke/Seller Pages/Onboarding_Settings/input_ADD ADDRESS_btn_add'

2020-03-20 10:37:32 - [MESSAGE][PASSED] - Keys '*' sent to object: 'Object Repository/ADMIN/Edit Text/Bespoke/Seller Pages/Onboarding_Settings/input_ADD ADDRESS_btn_add'

2020-03-20 10:37:32 - [TEST_STEP][PASSED] - sendKeys(findTestObject("ADMIN/Edit Text/Bespoke/Seller Pages/Onboarding_Settings/input_SAVED ADDRESSES_address-saved"), "*"): Keys '*' sent to object: 'Object Repository/ADMIN/Edit Text/Bespoke/Seller Pages/Onboarding_Settings/input_SAVED ADDRESSES_address-saved'

2020-03-20 10:37:32 - [MESSAGE][PASSED] - Keys '*' sent to object: 'Object Repository/ADMIN/Edit Text/Bespoke/Seller Pages/Onboarding_Settings/input_SAVED ADDRESSES_address-saved'

2020-03-20 10:37:32 - [TEST_STEP][PASSED] - sendKeys(findTestObject("ADMIN/Edit Text/Bespoke/Seller Pages/Onboarding_Settings/input_Next_btn_next (1)"), "*"): Keys '*' sent to object: 'Object Repository/ADMIN/Edit Text/Bespoke/Seller Pages/Onboarding_Settings/input_Next_btn_next (1)'

2020-03-20 10:37:33 - [MESSAGE][PASSED] - Keys '*' sent to object: 'Object Repository/ADMIN/Edit Text/Bespoke/Seller Pages/Onboarding_Settings/input_Next_btn_next (1)'

2020-03-20 10:37:33 - [TEST_STEP][PASSED] - sendKeys(findTestObject("ADMIN/Edit Text/Bespoke/Seller Pages/Onboarding_Settings/input_PAYMENT ACCEPTANCE_tan-title"), "*"): Keys '*' sent to object: 'Object Repository/ADMIN/Edit Text/Bespoke/Seller Pages/Onboarding_Settings/input_PAYMENT ACCEPTANCE_tan-title'

2020-03-20 10:37:33 - [MESSAGE][PASSED] - Keys '*' sent to object: 'Object Repository/ADMIN/Edit Text/Bespoke/Seller Pages/Onboarding_Settings/input_PAYMENT ACCEPTANCE_tan-title'

2020-03-20 10:37:33 - [TEST_STEP][PASSED] - sendKeys(findTestObject("ADMIN/Edit Text/Bespoke/Seller Pages/Onboarding_Settings/input_PAYMENT METHOD_payment_method"), "*"): Keys '*' sent to object: 'Object Repository/ADMIN/Edit Text/Bespoke/Seller Pages/Onboarding_Settings/input_PAYMENT METHOD_payment_method'

2020-03-20 10:37:33 - [MESSAGE][PASSED] - Keys '*' sent to object: 'Object Repository/ADMIN/Edit Text/Bespoke/Seller Pages/Onboarding_Settings/input_PAYMENT METHOD_payment_method'

2020-03-20 10:37:33 - [TEST_STEP][PASSED] - sendKeys(findTestObject("ADMIN/Edit Text/Bespoke/Seller Pages/Onboarding_Settings/input_Select your preferred payment method_select_payment_method"), "*"): Keys '*' sent to object: 'Object Repository/ADMIN/Edit Text/Bespoke/Seller Pages/Onboarding_Settings/input_Select your preferred payment method_select_payment_method'

2020-03-20 10:37:33 - [MESSAGE][PASSED] - Keys '*' sent to object: 'Object Repository/ADMIN/Edit Text/Bespoke/Seller Pages/Onboarding_Settings/input_Select your preferred payment method_select_payment_method'

2020-03-20 10:37:33 - [TEST_STEP][PASSED] - sendKeys(findTestObject("ADMIN/Edit Text/Bespoke/Seller Pages/Onboarding_Settings/input_LINK ACCOUNT_btn_link_account"), "*"): Keys '*' sent to object: 'Object Repository/ADMIN/Edit Text/Bespoke/Seller Pages/Onboarding_Settings/input_LINK ACCOUNT_btn_link_account'

2020-03-20 10:37:33 - [MESSAGE][PASSED] - Keys '*' sent to object: 'Object Repository/ADMIN/Edit Text/Bespoke/Seller Pages/Onboarding_Settings/input_LINK ACCOUNT_btn_link_account'

2020-03-20 10:37:33 - [TEST_STEP][PASSED] - sendKeys(findTestObject("ADMIN/Edit Text/Bespoke/Seller Pages/Onboarding_Settings/input_VERIFIED_verified"), "*"): Keys '*' sent to object: 'Object Repository/ADMIN/Edit Text/Bespoke/Seller Pages/Onboarding_Settings/input_VERIFIED_verified'

2020-03-20 10:37:33 - [MESSAGE][PASSED] - Keys '*' sent to object: 'Object Repository/ADMIN/Edit Text/Bespoke/Seller Pages/Onboarding_Settings/input_VERIFIED_verified'

2020-03-20 10:37:33 - [TEST_STEP][PASSED] - sendKeys(findTestObject("ADMIN/Edit Text/Bespoke/Seller Pages/Onboarding_Settings/input_This payment method is compulsory_this_method_compulsory"), "*"): Keys '*' sent to object: 'Object Repository/ADMIN/Edit Text/Bespoke/Seller Pages/Onboarding_Settings/input_This payment method is compulsory_this_method_compulsory'

2020-03-20 10:37:34 - [MESSAGE][PASSED] - Keys '*' sent to object: 'Object Repository/ADMIN/Edit Text/Bespoke/Seller Pages/Onboarding_Settings/input_This payment method is compulsory_this_method_compulsory'

2020-03-20 10:37:34 - [TEST_STEP][PASSED] - sendKeys(findTestObject("ADMIN/Edit Text/Bespoke/Seller Pages/Onboarding_Settings/input_No account linked yet_no-account-linked"), "*"): Keys '*' sent to object: 'Object Repository/ADMIN/Edit Text/Bespoke/Seller Pages/Onboarding_Settings/input_No account linked yet_no-account-linked'

2020-03-20 10:37:34 - [MESSAGE][PASSED] - Keys '*' sent to object: 'Object Repository/ADMIN/Edit Text/Bespoke/Seller Pages/Onboarding_Settings/input_No account linked yet_no-account-linked'

2020-03-20 10:37:34 - [TEST_STEP][PASSED] - sendKeys(findTestObject("ADMIN/Edit Text/Bespoke/Seller Pages/Onboarding_Settings/input_next3"), "*"): Keys '*' sent to object: 'Object Repository/ADMIN/Edit Text/Bespoke/Seller Pages/Onboarding_Settings/input_next3'

2020-03-20 10:37:34 - [MESSAGE][PASSED] - Keys '*' sent to object: 'Object Repository/ADMIN/Edit Text/Bespoke/Seller Pages/Onboarding_Settings/input_next3'

2020-03-20 10:37:34 - [TEST_STEP][PASSED] - sendKeys(findTestObject("ADMIN/Edit Text/Bespoke/Seller Pages/Onboarding_Settings/input_DELIVERY METHODS_tab-title1"), "*"): Keys '*' sent to object: 'Object Repository/ADMIN/Edit Text/Bespoke/Seller Pages/Onboarding_Settings/input_DELIVERY METHODS_tab-title1'

2020-03-20 10:37:34 - [MESSAGE][PASSED] - Keys '*' sent to object: 'Object Repository/ADMIN/Edit Text/Bespoke/Seller Pages/Onboarding_Settings/input_DELIVERY METHODS_tab-title1'

2020-03-20 10:37:34 - [TEST_STEP][PASSED] - sendKeys(findTestObject("ADMIN/Edit Text/Bespoke/Seller Pages/Onboarding_Settings/input_DELIVERY OPTIONS_delivery-option"), "*"): Keys '*' sent to object: 'Object Repository/ADMIN/Edit Text/Bespoke/Seller Pages/Onboarding_Settings/input_DELIVERY OPTIONS_delivery-option'

2020-03-20 10:37:34 - [MESSAGE][PASSED] - Keys '*' sent to object: 'Object Repository/ADMIN/Edit Text/Bespoke/Seller Pages/Onboarding_Settings/input_DELIVERY OPTIONS_delivery-option'

2020-03-20 10:37:34 - [TEST_STEP][PASSED] - sendKeys(findTestObject("ADMIN/Edit Text/Bespoke/Seller Pages/Onboarding_Settings/input_DELIVERY OPTIONS_delivery-txt2"), "*"): Keys '*' sent to object: 'Object Repository/ADMIN/Edit Text/Bespoke/Seller Pages/Onboarding_Settings/input_DELIVERY OPTIONS_delivery-txt2'

2020-03-20 10:37:34 - [MESSAGE][PASSED] - Keys '*' sent to object: 'Object Repository/ADMIN/Edit Text/Bespoke/Seller Pages/Onboarding_Settings/input_DELIVERY OPTIONS_delivery-txt2'

2020-03-20 10:37:34 - [TEST_STEP][PASSED] - sendKeys(findTestObject("ADMIN/Edit Text/Bespoke/Seller Pages/Onboarding_Settings/input_DELIVERY SERVICE_delivery-service"), "*"): Keys '*' sent to object: 'Object Repository/ADMIN/Edit Text/Bespoke/Seller Pages/Onboarding_Settings/input_DELIVERY SERVICE_delivery-service'

2020-03-20 10:37:34 - [MESSAGE][PASSED] - Keys '*' sent to object: 'Object Repository/ADMIN/Edit Text/Bespoke/Seller Pages/Onboarding_Settings/input_DELIVERY SERVICE_delivery-service'

2020-03-20 10:37:34 - [TEST_STEP][PASSED] - sendKeys(findTestObject("ADMIN/Edit Text/Bespoke/Seller Pages/Onboarding_Settings/input_SINGLE ITEM DELIVERY (A)_single-item-delivery"), "*"): Keys '*' sent to object: 'Object Repository/ADMIN/Edit Text/Bespoke/Seller Pages/Onboarding_Settings/input_SINGLE ITEM DELIVERY (A)_single-item-delivery'

2020-03-20 10:37:35 - [MESSAGE][PASSED] - Keys '*' sent to object: 'Object Repository/ADMIN/Edit Text/Bespoke/Seller Pages/Onboarding_Settings/input_SINGLE ITEM DELIVERY (A)_single-item-delivery'

2020-03-20 10:37:35 - [TEST_STEP][PASSED] - sendKeys(findTestObject("ADMIN/Edit Text/Bespoke/Seller Pages/Onboarding_Settings/input_WITH OTHER ITEM (B)_with-other-item"), "*"): Keys '*' sent to object: 'Object Repository/ADMIN/Edit Text/Bespoke/Seller Pages/Onboarding_Settings/input_WITH OTHER ITEM (B)_with-other-item'

2020-03-20 10:37:35 - [MESSAGE][PASSED] - Keys '*' sent to object: 'Object Repository/ADMIN/Edit Text/Bespoke/Seller Pages/Onboarding_Settings/input_WITH OTHER ITEM (B)_with-other-item'

2020-03-20 10:37:35 - [TEST_STEP][PASSED] - sendKeys(findTestObject("ADMIN/Edit Text/Bespoke/Seller Pages/Onboarding_Settings/input_ADD_btn_add"), "*"): Keys '*' sent to object: 'Object Repository/ADMIN/Edit Text/Bespoke/Seller Pages/Onboarding_Settings/input_ADD_btn_add'

2020-03-20 10:37:35 - [MESSAGE][PASSED] - Keys '*' sent to object: 'Object Repository/ADMIN/Edit Text/Bespoke/Seller Pages/Onboarding_Settings/input_ADD_btn_add'

2020-03-20 10:37:35 - [TEST_STEP][PASSED] - sendKeys(findTestObject("ADMIN/Edit Text/Bespoke/Seller Pages/Onboarding_Settings/input_PICK-UP LOCATIONS_pick-up-option"), "*"): Keys '*' sent to object: 'Object Repository/ADMIN/Edit Text/Bespoke/Seller Pages/Onboarding_Settings/input_PICK-UP LOCATIONS_pick-up-option'

2020-03-20 10:37:35 - [MESSAGE][PASSED] - Keys '*' sent to object: 'Object Repository/ADMIN/Edit Text/Bespoke/Seller Pages/Onboarding_Settings/input_PICK-UP LOCATIONS_pick-up-option'

2020-03-20 10:37:35 - [TEST_STEP][PASSED] - sendKeys(findTestObject("ADMIN/Edit Text/Bespoke/Seller Pages/Onboarding_Settings/textarea_Define the full address where the buyer can pick up from (You must have at least a delivery option or a pick-up location selected)"), "*"): Keys '*' sent to object: 'Object Repository/ADMIN/Edit Text/Bespoke/Seller Pages/Onboarding_Settings/textarea_Define the full address where the buyer can pick up from (You must have at least a delivery option or a pick-up location selected)'

2020-03-20 10:37:35 - [MESSAGE][PASSED] - Keys '*' sent to object: 'Object Repository/ADMIN/Edit Text/Bespoke/Seller Pages/Onboarding_Settings/textarea_Define the full address where the buyer can pick up from (You must have at least a delivery option or a pick-up location selected)'

2020-03-20 10:37:35 - [TEST_STEP][PASSED] - sendKeys(findTestObject("ADMIN/Edit Text/Bespoke/Seller Pages/Onboarding_Settings/input_Offer reduced shipping costs to buyers when they buy more than one item from you_delivery-txt2"), "*"): Keys '*' sent to object: 'Object Repository/ADMIN/Edit Text/Bespoke/Seller Pages/Onboarding_Settings/input_Offer reduced shipping costs to buyers when they buy more than one item from you_delivery-txt2'

2020-03-20 10:37:35 - [MESSAGE][PASSED] - Keys '*' sent to object: 'Object Repository/ADMIN/Edit Text/Bespoke/Seller Pages/Onboarding_Settings/input_Offer reduced shipping costs to buyers when they buy more than one item from you_delivery-txt2'

2020-03-20 10:37:35 - [TEST_STEP][PASSED] - sendKeys(findTestObject("ADMIN/Edit Text/Bespoke/Seller Pages/Onboarding_Settings/input_total delivery"), "*"): Keys '*' sent to object: 'Object Repository/ADMIN/Edit Text/Bespoke/Seller Pages/Onboarding_Settings/input_total delivery'

2020-03-20 10:37:35 - [MESSAGE][PASSED] - Keys '*' sent to object: 'Object Repository/ADMIN/Edit Text/Bespoke/Seller Pages/Onboarding_Settings/input_total delivery'

2020-03-20 10:37:35 - [TEST_STEP][PASSED] - sendKeys(findTestObject("ADMIN/Edit Text/Bespoke/Seller Pages/Onboarding_Settings/input_add1"), "*"): Keys '*' sent to object: 'Object Repository/ADMIN/Edit Text/Bespoke/Seller Pages/Onboarding_Settings/input_add1'

2020-03-20 10:37:35 - [MESSAGE][PASSED] - Keys '*' sent to object: 'Object Repository/ADMIN/Edit Text/Bespoke/Seller Pages/Onboarding_Settings/input_add1'

2020-03-20 10:37:35 - [TEST_STEP][PASSED] - sendKeys(findTestObject("ADMIN/Edit Text/Bespoke/Seller Pages/Onboarding_Settings/input_PICK-UP LOCATION ADDRESS_pick-up-address"), "*"): Keys '*' sent to object: 'Object Repository/ADMIN/Edit Text/Bespoke/Seller Pages/Onboarding_Settings/input_PICK-UP LOCATION ADDRESS_pick-up-address'

2020-03-20 10:37:35 - [MESSAGE][PASSED] - Keys '*' sent to object: 'Object Repository/ADMIN/Edit Text/Bespoke/Seller Pages/Onboarding_Settings/input_PICK-UP LOCATION ADDRESS_pick-up-address'

2020-03-20 10:37:35 - [TEST_STEP][PASSED] - sendKeys(findTestObject("ADMIN/Edit Text/Bespoke/Seller Pages/Onboarding_Settings/input_SAVE_btn_save"), "*"): Keys '*' sent to object: 'Object Repository/ADMIN/Edit Text/Bespoke/Seller Pages/Onboarding_Settings/input_SAVE_btn_save'

2020-03-20 10:37:36 - [MESSAGE][PASSED] - Keys '*' sent to object: 'Object Repository/ADMIN/Edit Text/Bespoke/Seller Pages/Onboarding_Settings/input_SAVE_btn_save'

2020-03-20 10:37:36 - [TEST_STEP][PASSED] - sendKeys(findTestObject("ADMIN/Edit Text/Bespoke/Seller Pages/Onboarding_Settings/input_Are you sure want to delete_popup-title"), "*"): Keys '*' sent to object: 'Object Repository/ADMIN/Edit Text/Bespoke/Seller Pages/Onboarding_Settings/input_Are you sure want to delete_popup-title'

2020-03-20 10:37:36 - [MESSAGE][PASSED] - Keys '*' sent to object: 'Object Repository/ADMIN/Edit Text/Bespoke/Seller Pages/Onboarding_Settings/input_Are you sure want to delete_popup-title'

2020-03-20 10:37:36 - [TEST_STEP][PASSED] - sendKeys(findTestObject("ADMIN/Edit Text/Bespoke/Seller Pages/Onboarding_Settings/input_CANCEL_btn_cancel"), "*"): Keys '*' sent to object: 'Object Repository/ADMIN/Edit Text/Bespoke/Seller Pages/Onboarding_Settings/input_CANCEL_btn_cancel'

2020-03-20 10:37:36 - [MESSAGE][PASSED] - Keys '*' sent to object: 'Object Repository/ADMIN/Edit Text/Bespoke/Seller Pages/Onboarding_Settings/input_CANCEL_btn_cancel'

2020-03-20 10:37:36 - [TEST_STEP][PASSED] - sendKeys(findTestObject("ADMIN/Edit Text/Bespoke/Seller Pages/Onboarding_Settings/input_Okay_btn_okay"), "*"): Keys '*' sent to object: 'Object Repository/ADMIN/Edit Text/Bespoke/Seller Pages/Onboarding_Settings/input_Okay_btn_okay'

2020-03-20 10:37:36 - [MESSAGE][PASSED] - Keys '*' sent to object: 'Object Repository/ADMIN/Edit Text/Bespoke/Seller Pages/Onboarding_Settings/input_Okay_btn_okay'

2020-03-20 10:37:36 - [TEST_STEP][PASSED] - sendKeys(findTestObject("ADMIN/Edit Text/Bespoke/Seller Pages/Onboarding_Settings/input_REMOVE ITEM_popup-title"), "*"): Keys '*' sent to object: 'Object Repository/ADMIN/Edit Text/Bespoke/Seller Pages/Onboarding_Settings/input_REMOVE ITEM_popup-title'

2020-03-20 10:37:36 - [MESSAGE][PASSED] - Keys '*' sent to object: 'Object Repository/ADMIN/Edit Text/Bespoke/Seller Pages/Onboarding_Settings/input_REMOVE ITEM_popup-title'

2020-03-20 10:37:36 - [TEST_STEP][PASSED] - sendKeys(findTestObject("ADMIN/Edit Text/Bespoke/Seller Pages/Onboarding_Settings/input_concat(Are you sure about removing this item from your list (It  ll be gone forever))_popup-title"), "*"): Keys '*' sent to object: 'Object Repository/ADMIN/Edit Text/Bespoke/Seller Pages/Onboarding_Settings/input_concat(Are you sure about removing this item from your list (It  ll be gone forever))_popup-title'

2020-03-20 10:37:36 - [MESSAGE][PASSED] - Keys '*' sent to object: 'Object Repository/ADMIN/Edit Text/Bespoke/Seller Pages/Onboarding_Settings/input_concat(Are you sure about removing this item from your list (It  ll be gone forever))_popup-title'

2020-03-20 10:37:36 - [TEST_STEP][PASSED] - sendKeys(findTestObject("ADMIN/Edit Text/Bespoke/Seller Pages/Onboarding_Settings/input_CANCEL_btn_cancel2"), "*"): Keys '*' sent to object: 'Object Repository/ADMIN/Edit Text/Bespoke/Seller Pages/Onboarding_Settings/input_CANCEL_btn_cancel2'

2020-03-20 10:37:36 - [MESSAGE][PASSED] - Keys '*' sent to object: 'Object Repository/ADMIN/Edit Text/Bespoke/Seller Pages/Onboarding_Settings/input_CANCEL_btn_cancel2'

2020-03-20 10:37:36 - [TEST_STEP][PASSED] - sendKeys(findTestObject("ADMIN/Edit Text/Bespoke/Seller Pages/Onboarding_Settings/input_Okay_btn_okay2"), "*"): Keys '*' sent to object: 'Object Repository/ADMIN/Edit Text/Bespoke/Seller Pages/Onboarding_Settings/input_Okay_btn_okay2'

2020-03-20 10:37:37 - [MESSAGE][PASSED] - Keys '*' sent to object: 'Object Repository/ADMIN/Edit Text/Bespoke/Seller Pages/Onboarding_Settings/input_Okay_btn_okay2'

2020-03-20 10:37:37 - [TEST_STEP][PASSED] - sendKeys(findTestObject("ADMIN/Edit Text/Bespoke/Seller Pages/Onboarding_Settings/input_Back_tab-title"), "*"): Keys '*' sent to object: 'Object Repository/ADMIN/Edit Text/Bespoke/Seller Pages/Onboarding_Settings/input_Back_tab-title'

2020-03-20 10:37:37 - [MESSAGE][PASSED] - Keys '*' sent to object: 'Object Repository/ADMIN/Edit Text/Bespoke/Seller Pages/Onboarding_Settings/input_Back_tab-title'

2020-03-20 10:37:37 - [TEST_STEP][PASSED] - sendKeys(findTestObject("ADMIN/Edit Text/Bespoke/Seller Pages/Onboarding_Settings/input_ACCOUNT CONFIGURATION_tab-title"), "*"): Keys '*' sent to object: 'Object Repository/ADMIN/Edit Text/Bespoke/Seller Pages/Onboarding_Settings/input_ACCOUNT CONFIGURATION_tab-title'

2020-03-20 10:37:37 - [MESSAGE][PASSED] - Keys '*' sent to object: 'Object Repository/ADMIN/Edit Text/Bespoke/Seller Pages/Onboarding_Settings/input_ACCOUNT CONFIGURATION_tab-title'

2020-03-20 10:37:37 - [TEST_STEP][PASSED] - sendKeys(findTestObject("ADMIN/Edit Text/Bespoke/Seller Pages/Onboarding_Settings/textarea_Your details entered here will be saved and verified by Omise Money you earn from your sales will be accredited to your bank account directly"), "*"): Keys '*' sent to object: 'Object Repository/ADMIN/Edit Text/Bespoke/Seller Pages/Onboarding_Settings/textarea_Your details entered here will be saved and verified by Omise Money you earn from your sales will be accredited to your bank account directly'

2020-03-20 10:37:37 - [MESSAGE][PASSED] - Keys '*' sent to object: 'Object Repository/ADMIN/Edit Text/Bespoke/Seller Pages/Onboarding_Settings/textarea_Your details entered here will be saved and verified by Omise Money you earn from your sales will be accredited to your bank account directly'

2020-03-20 10:37:37 - [TEST_STEP][PASSED] - sendKeys(findTestObject("ADMIN/Edit Text/Bespoke/Seller Pages/Onboarding_Settings/input_TYPE_tab-title"), "*"): Keys '*' sent to object: 'Object Repository/ADMIN/Edit Text/Bespoke/Seller Pages/Onboarding_Settings/input_TYPE_tab-title'

2020-03-20 10:37:37 - [MESSAGE][PASSED] - Keys '*' sent to object: 'Object Repository/ADMIN/Edit Text/Bespoke/Seller Pages/Onboarding_Settings/input_TYPE_tab-title'

2020-03-20 10:37:37 - [TEST_STEP][PASSED] - sendKeys(findTestObject("ADMIN/Edit Text/Bespoke/Seller Pages/Onboarding_Settings/input_Tax identification number (optional)_tab-title"), "*"): Keys '*' sent to object: 'Object Repository/ADMIN/Edit Text/Bespoke/Seller Pages/Onboarding_Settings/input_Tax identification number (optional)_tab-title'

2020-03-20 10:37:37 - [MESSAGE][PASSED] - Keys '*' sent to object: 'Object Repository/ADMIN/Edit Text/Bespoke/Seller Pages/Onboarding_Settings/input_Tax identification number (optional)_tab-title'

2020-03-20 10:37:37 - [TEST_STEP][PASSED] - sendKeys(findTestObject("ADMIN/Edit Text/Bespoke/Seller Pages/Onboarding_Settings/input_Individual_tab-title"), "*"): Keys '*' sent to object: 'Object Repository/ADMIN/Edit Text/Bespoke/Seller Pages/Onboarding_Settings/input_Individual_tab-title'

2020-03-20 10:37:37 - [MESSAGE][PASSED] - Keys '*' sent to object: 'Object Repository/ADMIN/Edit Text/Bespoke/Seller Pages/Onboarding_Settings/input_Individual_tab-title'

2020-03-20 10:37:37 - [TEST_STEP][PASSED] - sendKeys(findTestObject("ADMIN/Edit Text/Bespoke/Seller Pages/Onboarding_Settings/input_Corporate_tab-title"), "*"): Keys '*' sent to object: 'Object Repository/ADMIN/Edit Text/Bespoke/Seller Pages/Onboarding_Settings/input_Corporate_tab-title'

2020-03-20 10:37:37 - [MESSAGE][PASSED] - Keys '*' sent to object: 'Object Repository/ADMIN/Edit Text/Bespoke/Seller Pages/Onboarding_Settings/input_Corporate_tab-title'

2020-03-20 10:37:37 - [TEST_STEP][PASSED] - sendKeys(findTestObject("ADMIN/Edit Text/Bespoke/Seller Pages/Onboarding_Settings/input_Bank  branch code_tab-title"), "*"): Keys '*' sent to object: 'Object Repository/ADMIN/Edit Text/Bespoke/Seller Pages/Onboarding_Settings/input_Bank  branch code_tab-title'

2020-03-20 10:37:37 - [MESSAGE][PASSED] - Keys '*' sent to object: 'Object Repository/ADMIN/Edit Text/Bespoke/Seller Pages/Onboarding_Settings/input_Bank  branch code_tab-title'

2020-03-20 10:37:37 - [TEST_STEP][PASSED] - sendKeys(findTestObject("ADMIN/Edit Text/Bespoke/Seller Pages/Onboarding_Settings/input_Bank account number_tab-title"), "*"): Keys '*' sent to object: 'Object Repository/ADMIN/Edit Text/Bespoke/Seller Pages/Onboarding_Settings/input_Bank account number_tab-title'

2020-03-20 10:37:38 - [MESSAGE][PASSED] - Keys '*' sent to object: 'Object Repository/ADMIN/Edit Text/Bespoke/Seller Pages/Onboarding_Settings/input_Bank account number_tab-title'

2020-03-20 10:37:38 - [TEST_STEP][PASSED] - sendKeys(findTestObject("ADMIN/Edit Text/Bespoke/Seller Pages/Onboarding_Settings/input_Bank account name_tab-title"), "*"): Keys '*' sent to object: 'Object Repository/ADMIN/Edit Text/Bespoke/Seller Pages/Onboarding_Settings/input_Bank account name_tab-title'

2020-03-20 10:37:38 - [MESSAGE][PASSED] - Keys '*' sent to object: 'Object Repository/ADMIN/Edit Text/Bespoke/Seller Pages/Onboarding_Settings/input_Bank account name_tab-title'

2020-03-20 10:37:38 - [TEST_STEP][PASSED] - click(findTestObject("ADMIN/Edit Text/Bespoke/Buyer Pages/Homepage/button_save"), CONTINUE_ON_FAILURE): Object: 'Object Repository/ADMIN/Edit Text/Bespoke/Buyer Pages/Homepage/button_save' is clicked on

2020-03-20 10:37:38 - [MESSAGE][PASSED] - Object: 'Object Repository/ADMIN/Edit Text/Bespoke/Buyer Pages/Homepage/button_save' is clicked on

2020-03-20 10:37:38 - [TEST_STEP][PASSED] - waitForElementVisible(findTestObject("ADMIN/Edit Text/Bespoke/Buyer Pages/Homepage/toaster_success"), 0): Object 'Object Repository/ADMIN/Edit Text/Bespoke/Buyer Pages/Homepage/toaster_success' is visible

2020-03-20 10:37:38 - [MESSAGE][WARNING] - Timeout '0' is invalid. Using default page load timeout: '30'

2020-03-20 10:37:38 - [MESSAGE][PASSED] - Object 'Object Repository/ADMIN/Edit Text/Bespoke/Buyer Pages/Homepage/toaster_success' is visible]]></system-out>
         <system-err><![CDATA[]]></system-err>
      </testcase>
      <testcase name="Test Cases/ADMIN/Language/Edit Text/Bespoke/Seller/Onboarding_Settings" time="11.386" classname="Test Cases/ADMIN/Language/Edit Text/Bespoke/Seller/Onboarding_Settings" status="PASSED">
         <system-out><![CDATA[2020-03-20 10:37:38 - [TEST_CASE][PASSED] - Test Cases/ADMIN/Language/Edit Text/Bespoke/Seller/Onboarding_Settings: Test Cases/ADMIN/Language/Edit Text/Bespoke/Seller/Onboarding_Settings

2020-03-20 10:37:38 - [TEST_STEP][PASSED] - waitForElementVisible(findTestObject("ADMIN/Edit Text/Bespoke/Buyer Navigation/dd_language"), 0): Object 'Object Repository/ADMIN/Edit Text/Bespoke/Buyer Navigation/dd_language' is visible

2020-03-20 10:37:39 - [MESSAGE][WARNING] - Timeout '0' is invalid. Using default page load timeout: '30'

2020-03-20 10:37:39 - [MESSAGE][PASSED] - Object 'Object Repository/ADMIN/Edit Text/Bespoke/Buyer Navigation/dd_language' is visible

2020-03-20 10:37:39 - [TEST_STEP][PASSED] - selectOptionByLabel(findTestObject("ADMIN/Edit Text/Bespoke/Buyer Navigation/dd_language"), varLanguage, false): All options with label 'Chinese (Simplified)' are selected in object 'Object Repository/ADMIN/Edit Text/Bespoke/Buyer Navigation/dd_language' 

2020-03-20 10:37:39 - [MESSAGE][PASSED] - All options with label 'Chinese (Simplified)' are selected in object 'Object Repository/ADMIN/Edit Text/Bespoke/Buyer Navigation/dd_language' 

2020-03-20 10:37:39 - [TEST_STEP][PASSED] - sendKeys(findTestObject("ADMIN/Edit Text/Bespoke/Seller Pages/Onboarding_Settings/input_USER SETTINGS_marketplace-name"), "*"): Keys '*' sent to object: 'Object Repository/ADMIN/Edit Text/Bespoke/Seller Pages/Onboarding_Settings/input_USER SETTINGS_marketplace-name'

2020-03-20 10:37:40 - [MESSAGE][PASSED] - Keys '*' sent to object: 'Object Repository/ADMIN/Edit Text/Bespoke/Seller Pages/Onboarding_Settings/input_USER SETTINGS_marketplace-name'

2020-03-20 10:37:40 - [TEST_STEP][PASSED] - sendKeys(findTestObject("ADMIN/Edit Text/Bespoke/Seller Pages/Onboarding_Settings/input_Configure your profile your delivery methods and how you receive payments_item_details"), "*"): Keys '*' sent to object: 'Object Repository/ADMIN/Edit Text/Bespoke/Seller Pages/Onboarding_Settings/input_Configure your profile your delivery methods and how you receive payments_item_details'

2020-03-20 10:37:40 - [MESSAGE][PASSED] - Keys '*' sent to object: 'Object Repository/ADMIN/Edit Text/Bespoke/Seller Pages/Onboarding_Settings/input_Configure your profile your delivery methods and how you receive payments_item_details'

2020-03-20 10:37:40 - [TEST_STEP][PASSED] - sendKeys(findTestObject("ADMIN/Edit Text/Bespoke/Seller Pages/Onboarding_Settings/input_PROFILE_tab-title"), "*"): Keys '*' sent to object: 'Object Repository/ADMIN/Edit Text/Bespoke/Seller Pages/Onboarding_Settings/input_PROFILE_tab-title'

2020-03-20 10:37:40 - [MESSAGE][PASSED] - Keys '*' sent to object: 'Object Repository/ADMIN/Edit Text/Bespoke/Seller Pages/Onboarding_Settings/input_PROFILE_tab-title'

2020-03-20 10:37:40 - [TEST_STEP][PASSED] - sendKeys(findTestObject("ADMIN/Edit Text/Bespoke/Seller Pages/Onboarding_Settings/input_CHANGE_btn_upload"), "*"): Keys '*' sent to object: 'Object Repository/ADMIN/Edit Text/Bespoke/Seller Pages/Onboarding_Settings/input_CHANGE_btn_upload'

2020-03-20 10:37:40 - [MESSAGE][PASSED] - Keys '*' sent to object: 'Object Repository/ADMIN/Edit Text/Bespoke/Seller Pages/Onboarding_Settings/input_CHANGE_btn_upload'

2020-03-20 10:37:40 - [TEST_STEP][PASSED] - sendKeys(findTestObject("ADMIN/Edit Text/Bespoke/Seller Pages/Onboarding_Settings/input_DISPLAY NAME_display-name"), "*"): Keys '*' sent to object: 'Object Repository/ADMIN/Edit Text/Bespoke/Seller Pages/Onboarding_Settings/input_DISPLAY NAME_display-name'

2020-03-20 10:37:40 - [MESSAGE][PASSED] - Keys '*' sent to object: 'Object Repository/ADMIN/Edit Text/Bespoke/Seller Pages/Onboarding_Settings/input_DISPLAY NAME_display-name'

2020-03-20 10:37:40 - [TEST_STEP][PASSED] - sendKeys(findTestObject("ADMIN/Edit Text/Bespoke/Seller Pages/Onboarding_Settings/input_DESCRIPTION_description"), "*"): Keys '*' sent to object: 'Object Repository/ADMIN/Edit Text/Bespoke/Seller Pages/Onboarding_Settings/input_DESCRIPTION_description'

2020-03-20 10:37:40 - [MESSAGE][PASSED] - Keys '*' sent to object: 'Object Repository/ADMIN/Edit Text/Bespoke/Seller Pages/Onboarding_Settings/input_DESCRIPTION_description'

2020-03-20 10:37:40 - [TEST_STEP][PASSED] - sendKeys(findTestObject("ADMIN/Edit Text/Bespoke/Seller Pages/Onboarding_Settings/input_FIRST NAME_first-name"), "*"): Keys '*' sent to object: 'Object Repository/ADMIN/Edit Text/Bespoke/Seller Pages/Onboarding_Settings/input_FIRST NAME_first-name'

2020-03-20 10:37:41 - [MESSAGE][PASSED] - Keys '*' sent to object: 'Object Repository/ADMIN/Edit Text/Bespoke/Seller Pages/Onboarding_Settings/input_FIRST NAME_first-name'

2020-03-20 10:37:41 - [TEST_STEP][PASSED] - sendKeys(findTestObject("ADMIN/Edit Text/Bespoke/Seller Pages/Onboarding_Settings/input_LAST NAME_last-name"), "*"): Keys '*' sent to object: 'Object Repository/ADMIN/Edit Text/Bespoke/Seller Pages/Onboarding_Settings/input_LAST NAME_last-name'

2020-03-20 10:37:41 - [MESSAGE][PASSED] - Keys '*' sent to object: 'Object Repository/ADMIN/Edit Text/Bespoke/Seller Pages/Onboarding_Settings/input_LAST NAME_last-name'

2020-03-20 10:37:41 - [TEST_STEP][PASSED] - sendKeys(findTestObject("ADMIN/Edit Text/Bespoke/Seller Pages/Onboarding_Settings/input_NOTIFICATION EMAIL_notification-email"), "*"): Keys '*' sent to object: 'Object Repository/ADMIN/Edit Text/Bespoke/Seller Pages/Onboarding_Settings/input_NOTIFICATION EMAIL_notification-email'

2020-03-20 10:37:41 - [MESSAGE][PASSED] - Keys '*' sent to object: 'Object Repository/ADMIN/Edit Text/Bespoke/Seller Pages/Onboarding_Settings/input_NOTIFICATION EMAIL_notification-email'

2020-03-20 10:37:41 - [TEST_STEP][PASSED] - sendKeys(findTestObject("ADMIN/Edit Text/Bespoke/Seller Pages/Onboarding_Settings/input_CONTACT NUMBER_contact-number"), "*"): Keys '*' sent to object: 'Object Repository/ADMIN/Edit Text/Bespoke/Seller Pages/Onboarding_Settings/input_CONTACT NUMBER_contact-number'

2020-03-20 10:37:41 - [MESSAGE][PASSED] - Keys '*' sent to object: 'Object Repository/ADMIN/Edit Text/Bespoke/Seller Pages/Onboarding_Settings/input_CONTACT NUMBER_contact-number'

2020-03-20 10:37:41 - [TEST_STEP][PASSED] - sendKeys(findTestObject("ADMIN/Edit Text/Bespoke/Seller Pages/Onboarding_Settings/input_OPENID LOGIN_open-id-login"), "*"): Keys '*' sent to object: 'Object Repository/ADMIN/Edit Text/Bespoke/Seller Pages/Onboarding_Settings/input_OPENID LOGIN_open-id-login'

2020-03-20 10:37:41 - [MESSAGE][PASSED] - Keys '*' sent to object: 'Object Repository/ADMIN/Edit Text/Bespoke/Seller Pages/Onboarding_Settings/input_OPENID LOGIN_open-id-login'

2020-03-20 10:37:41 - [TEST_STEP][PASSED] - sendKeys(findTestObject("ADMIN/Edit Text/Bespoke/Seller Pages/Onboarding_Settings/input_SELLER LOCATION_seller_location"), "*"): Keys '*' sent to object: 'Object Repository/ADMIN/Edit Text/Bespoke/Seller Pages/Onboarding_Settings/input_SELLER LOCATION_seller_location'

2020-03-20 10:37:41 - [MESSAGE][PASSED] - Keys '*' sent to object: 'Object Repository/ADMIN/Edit Text/Bespoke/Seller Pages/Onboarding_Settings/input_SELLER LOCATION_seller_location'

2020-03-20 10:37:41 - [TEST_STEP][PASSED] - sendKeys(findTestObject("ADMIN/Edit Text/Bespoke/Seller Pages/Onboarding_Settings/textarea_For each transaction that is made through the marketplace there will be a seller transaction fee of"), "*"): Keys '*' sent to object: 'Object Repository/ADMIN/Edit Text/Bespoke/Seller Pages/Onboarding_Settings/textarea_For each transaction that is made through the marketplace there will be a seller transaction fee of'

2020-03-20 10:37:41 - [MESSAGE][PASSED] - Keys '*' sent to object: 'Object Repository/ADMIN/Edit Text/Bespoke/Seller Pages/Onboarding_Settings/textarea_For each transaction that is made through the marketplace there will be a seller transaction fee of'

2020-03-20 10:37:41 - [TEST_STEP][PASSED] - sendKeys(findTestObject("ADMIN/Edit Text/Bespoke/Seller Pages/Onboarding_Settings/input_NEXT_btn_next"), "*"): Keys '*' sent to object: 'Object Repository/ADMIN/Edit Text/Bespoke/Seller Pages/Onboarding_Settings/input_NEXT_btn_next'

2020-03-20 10:37:42 - [MESSAGE][PASSED] - Keys '*' sent to object: 'Object Repository/ADMIN/Edit Text/Bespoke/Seller Pages/Onboarding_Settings/input_NEXT_btn_next'

2020-03-20 10:37:42 - [TEST_STEP][PASSED] - sendKeys(findTestObject("ADMIN/Edit Text/Bespoke/Seller Pages/Onboarding_Settings/input_ADDRESS_tab-title"), "*"): Keys '*' sent to object: 'Object Repository/ADMIN/Edit Text/Bespoke/Seller Pages/Onboarding_Settings/input_ADDRESS_tab-title'

2020-03-20 10:37:42 - [MESSAGE][PASSED] - Keys '*' sent to object: 'Object Repository/ADMIN/Edit Text/Bespoke/Seller Pages/Onboarding_Settings/input_ADDRESS_tab-title'

2020-03-20 10:37:42 - [TEST_STEP][PASSED] - sendKeys(findTestObject("ADMIN/Edit Text/Bespoke/Seller Pages/Onboarding_Settings/input_NEW DELIVERY ADDRESS_new-delivery-address"), "*"): Keys '*' sent to object: 'Object Repository/ADMIN/Edit Text/Bespoke/Seller Pages/Onboarding_Settings/input_NEW DELIVERY ADDRESS_new-delivery-address'

2020-03-20 10:37:42 - [MESSAGE][PASSED] - Keys '*' sent to object: 'Object Repository/ADMIN/Edit Text/Bespoke/Seller Pages/Onboarding_Settings/input_NEW DELIVERY ADDRESS_new-delivery-address'

2020-03-20 10:37:42 - [TEST_STEP][PASSED] - sendKeys(findTestObject("ADMIN/Edit Text/Bespoke/Seller Pages/Onboarding_Settings/input_ADDRESSEE FIRST NAME_addressee-first-name"), "*"): Keys '*' sent to object: 'Object Repository/ADMIN/Edit Text/Bespoke/Seller Pages/Onboarding_Settings/input_ADDRESSEE FIRST NAME_addressee-first-name'

2020-03-20 10:37:42 - [MESSAGE][PASSED] - Keys '*' sent to object: 'Object Repository/ADMIN/Edit Text/Bespoke/Seller Pages/Onboarding_Settings/input_ADDRESSEE FIRST NAME_addressee-first-name'

2020-03-20 10:37:42 - [TEST_STEP][PASSED] - sendKeys(findTestObject("ADMIN/Edit Text/Bespoke/Seller Pages/Onboarding_Settings/input_ADDRESSEE LAST NAME_addressee-last-name"), "*"): Keys '*' sent to object: 'Object Repository/ADMIN/Edit Text/Bespoke/Seller Pages/Onboarding_Settings/input_ADDRESSEE LAST NAME_addressee-last-name'

2020-03-20 10:37:42 - [MESSAGE][PASSED] - Keys '*' sent to object: 'Object Repository/ADMIN/Edit Text/Bespoke/Seller Pages/Onboarding_Settings/input_ADDRESSEE LAST NAME_addressee-last-name'

2020-03-20 10:37:42 - [TEST_STEP][PASSED] - sendKeys(findTestObject("ADMIN/Edit Text/Bespoke/Seller Pages/Onboarding_Settings/input_ADDRESS_address"), "*"): Keys '*' sent to object: 'Object Repository/ADMIN/Edit Text/Bespoke/Seller Pages/Onboarding_Settings/input_ADDRESS_address'

2020-03-20 10:37:42 - [MESSAGE][PASSED] - Keys '*' sent to object: 'Object Repository/ADMIN/Edit Text/Bespoke/Seller Pages/Onboarding_Settings/input_ADDRESS_address'

2020-03-20 10:37:42 - [TEST_STEP][PASSED] - sendKeys(findTestObject("ADMIN/Edit Text/Bespoke/Seller Pages/Onboarding_Settings/input_SELECT COUNTRY_select-country"), "*"): Keys '*' sent to object: 'Object Repository/ADMIN/Edit Text/Bespoke/Seller Pages/Onboarding_Settings/input_SELECT COUNTRY_select-country'

2020-03-20 10:37:42 - [MESSAGE][PASSED] - Keys '*' sent to object: 'Object Repository/ADMIN/Edit Text/Bespoke/Seller Pages/Onboarding_Settings/input_SELECT COUNTRY_select-country'

2020-03-20 10:37:42 - [TEST_STEP][PASSED] - sendKeys(findTestObject("ADMIN/Edit Text/Bespoke/Seller Pages/Onboarding_Settings/input_COUNTRY_address-country"), "*"): Keys '*' sent to object: 'Object Repository/ADMIN/Edit Text/Bespoke/Seller Pages/Onboarding_Settings/input_COUNTRY_address-country'

2020-03-20 10:37:43 - [MESSAGE][PASSED] - Keys '*' sent to object: 'Object Repository/ADMIN/Edit Text/Bespoke/Seller Pages/Onboarding_Settings/input_COUNTRY_address-country'

2020-03-20 10:37:43 - [TEST_STEP][PASSED] - sendKeys(findTestObject("ADMIN/Edit Text/Bespoke/Seller Pages/Onboarding_Settings/input_STATE_address-state"), "*"): Keys '*' sent to object: 'Object Repository/ADMIN/Edit Text/Bespoke/Seller Pages/Onboarding_Settings/input_STATE_address-state'

2020-03-20 10:37:43 - [MESSAGE][PASSED] - Keys '*' sent to object: 'Object Repository/ADMIN/Edit Text/Bespoke/Seller Pages/Onboarding_Settings/input_STATE_address-state'

2020-03-20 10:37:43 - [TEST_STEP][PASSED] - sendKeys(findTestObject("ADMIN/Edit Text/Bespoke/Seller Pages/Onboarding_Settings/input_CITY_address-city"), "*"): Keys '*' sent to object: 'Object Repository/ADMIN/Edit Text/Bespoke/Seller Pages/Onboarding_Settings/input_CITY_address-city'

2020-03-20 10:37:43 - [MESSAGE][PASSED] - Keys '*' sent to object: 'Object Repository/ADMIN/Edit Text/Bespoke/Seller Pages/Onboarding_Settings/input_CITY_address-city'

2020-03-20 10:37:43 - [TEST_STEP][PASSED] - sendKeys(findTestObject("ADMIN/Edit Text/Bespoke/Seller Pages/Onboarding_Settings/input_POSTAL CODE_address-postalcode"), "*"): Keys '*' sent to object: 'Object Repository/ADMIN/Edit Text/Bespoke/Seller Pages/Onboarding_Settings/input_POSTAL CODE_address-postalcode'

2020-03-20 10:37:43 - [MESSAGE][PASSED] - Keys '*' sent to object: 'Object Repository/ADMIN/Edit Text/Bespoke/Seller Pages/Onboarding_Settings/input_POSTAL CODE_address-postalcode'

2020-03-20 10:37:43 - [TEST_STEP][PASSED] - sendKeys(findTestObject("ADMIN/Edit Text/Bespoke/Seller Pages/Onboarding_Settings/input_ADD ADDRESS_btn_add"), "*"): Keys '*' sent to object: 'Object Repository/ADMIN/Edit Text/Bespoke/Seller Pages/Onboarding_Settings/input_ADD ADDRESS_btn_add'

2020-03-20 10:37:43 - [MESSAGE][PASSED] - Keys '*' sent to object: 'Object Repository/ADMIN/Edit Text/Bespoke/Seller Pages/Onboarding_Settings/input_ADD ADDRESS_btn_add'

2020-03-20 10:37:43 - [TEST_STEP][PASSED] - sendKeys(findTestObject("ADMIN/Edit Text/Bespoke/Seller Pages/Onboarding_Settings/input_SAVED ADDRESSES_address-saved"), "*"): Keys '*' sent to object: 'Object Repository/ADMIN/Edit Text/Bespoke/Seller Pages/Onboarding_Settings/input_SAVED ADDRESSES_address-saved'

2020-03-20 10:37:43 - [MESSAGE][PASSED] - Keys '*' sent to object: 'Object Repository/ADMIN/Edit Text/Bespoke/Seller Pages/Onboarding_Settings/input_SAVED ADDRESSES_address-saved'

2020-03-20 10:37:43 - [TEST_STEP][PASSED] - sendKeys(findTestObject("ADMIN/Edit Text/Bespoke/Seller Pages/Onboarding_Settings/input_Next_btn_next (1)"), "*"): Keys '*' sent to object: 'Object Repository/ADMIN/Edit Text/Bespoke/Seller Pages/Onboarding_Settings/input_Next_btn_next (1)'

2020-03-20 10:37:43 - [MESSAGE][PASSED] - Keys '*' sent to object: 'Object Repository/ADMIN/Edit Text/Bespoke/Seller Pages/Onboarding_Settings/input_Next_btn_next (1)'

2020-03-20 10:37:43 - [TEST_STEP][PASSED] - sendKeys(findTestObject("ADMIN/Edit Text/Bespoke/Seller Pages/Onboarding_Settings/input_PAYMENT ACCEPTANCE_tan-title"), "*"): Keys '*' sent to object: 'Object Repository/ADMIN/Edit Text/Bespoke/Seller Pages/Onboarding_Settings/input_PAYMENT ACCEPTANCE_tan-title'

2020-03-20 10:37:44 - [MESSAGE][PASSED] - Keys '*' sent to object: 'Object Repository/ADMIN/Edit Text/Bespoke/Seller Pages/Onboarding_Settings/input_PAYMENT ACCEPTANCE_tan-title'

2020-03-20 10:37:44 - [TEST_STEP][PASSED] - sendKeys(findTestObject("ADMIN/Edit Text/Bespoke/Seller Pages/Onboarding_Settings/input_PAYMENT METHOD_payment_method"), "*"): Keys '*' sent to object: 'Object Repository/ADMIN/Edit Text/Bespoke/Seller Pages/Onboarding_Settings/input_PAYMENT METHOD_payment_method'

2020-03-20 10:37:44 - [MESSAGE][PASSED] - Keys '*' sent to object: 'Object Repository/ADMIN/Edit Text/Bespoke/Seller Pages/Onboarding_Settings/input_PAYMENT METHOD_payment_method'

2020-03-20 10:37:44 - [TEST_STEP][PASSED] - sendKeys(findTestObject("ADMIN/Edit Text/Bespoke/Seller Pages/Onboarding_Settings/input_Select your preferred payment method_select_payment_method"), "*"): Keys '*' sent to object: 'Object Repository/ADMIN/Edit Text/Bespoke/Seller Pages/Onboarding_Settings/input_Select your preferred payment method_select_payment_method'

2020-03-20 10:37:44 - [MESSAGE][PASSED] - Keys '*' sent to object: 'Object Repository/ADMIN/Edit Text/Bespoke/Seller Pages/Onboarding_Settings/input_Select your preferred payment method_select_payment_method'

2020-03-20 10:37:44 - [TEST_STEP][PASSED] - sendKeys(findTestObject("ADMIN/Edit Text/Bespoke/Seller Pages/Onboarding_Settings/input_LINK ACCOUNT_btn_link_account"), "*"): Keys '*' sent to object: 'Object Repository/ADMIN/Edit Text/Bespoke/Seller Pages/Onboarding_Settings/input_LINK ACCOUNT_btn_link_account'

2020-03-20 10:37:44 - [MESSAGE][PASSED] - Keys '*' sent to object: 'Object Repository/ADMIN/Edit Text/Bespoke/Seller Pages/Onboarding_Settings/input_LINK ACCOUNT_btn_link_account'

2020-03-20 10:37:44 - [TEST_STEP][PASSED] - sendKeys(findTestObject("ADMIN/Edit Text/Bespoke/Seller Pages/Onboarding_Settings/input_VERIFIED_verified"), "*"): Keys '*' sent to object: 'Object Repository/ADMIN/Edit Text/Bespoke/Seller Pages/Onboarding_Settings/input_VERIFIED_verified'

2020-03-20 10:37:44 - [MESSAGE][PASSED] - Keys '*' sent to object: 'Object Repository/ADMIN/Edit Text/Bespoke/Seller Pages/Onboarding_Settings/input_VERIFIED_verified'

2020-03-20 10:37:44 - [TEST_STEP][PASSED] - sendKeys(findTestObject("ADMIN/Edit Text/Bespoke/Seller Pages/Onboarding_Settings/input_This payment method is compulsory_this_method_compulsory"), "*"): Keys '*' sent to object: 'Object Repository/ADMIN/Edit Text/Bespoke/Seller Pages/Onboarding_Settings/input_This payment method is compulsory_this_method_compulsory'

2020-03-20 10:37:44 - [MESSAGE][PASSED] - Keys '*' sent to object: 'Object Repository/ADMIN/Edit Text/Bespoke/Seller Pages/Onboarding_Settings/input_This payment method is compulsory_this_method_compulsory'

2020-03-20 10:37:44 - [TEST_STEP][PASSED] - sendKeys(findTestObject("ADMIN/Edit Text/Bespoke/Seller Pages/Onboarding_Settings/input_No account linked yet_no-account-linked"), "*"): Keys '*' sent to object: 'Object Repository/ADMIN/Edit Text/Bespoke/Seller Pages/Onboarding_Settings/input_No account linked yet_no-account-linked'

2020-03-20 10:37:44 - [MESSAGE][PASSED] - Keys '*' sent to object: 'Object Repository/ADMIN/Edit Text/Bespoke/Seller Pages/Onboarding_Settings/input_No account linked yet_no-account-linked'

2020-03-20 10:37:44 - [TEST_STEP][PASSED] - sendKeys(findTestObject("ADMIN/Edit Text/Bespoke/Seller Pages/Onboarding_Settings/input_next3"), "*"): Keys '*' sent to object: 'Object Repository/ADMIN/Edit Text/Bespoke/Seller Pages/Onboarding_Settings/input_next3'

2020-03-20 10:37:44 - [MESSAGE][PASSED] - Keys '*' sent to object: 'Object Repository/ADMIN/Edit Text/Bespoke/Seller Pages/Onboarding_Settings/input_next3'

2020-03-20 10:37:44 - [TEST_STEP][PASSED] - sendKeys(findTestObject("ADMIN/Edit Text/Bespoke/Seller Pages/Onboarding_Settings/input_DELIVERY METHODS_tab-title1"), "*"): Keys '*' sent to object: 'Object Repository/ADMIN/Edit Text/Bespoke/Seller Pages/Onboarding_Settings/input_DELIVERY METHODS_tab-title1'

2020-03-20 10:37:45 - [MESSAGE][PASSED] - Keys '*' sent to object: 'Object Repository/ADMIN/Edit Text/Bespoke/Seller Pages/Onboarding_Settings/input_DELIVERY METHODS_tab-title1'

2020-03-20 10:37:45 - [TEST_STEP][PASSED] - sendKeys(findTestObject("ADMIN/Edit Text/Bespoke/Seller Pages/Onboarding_Settings/input_DELIVERY OPTIONS_delivery-option"), "*"): Keys '*' sent to object: 'Object Repository/ADMIN/Edit Text/Bespoke/Seller Pages/Onboarding_Settings/input_DELIVERY OPTIONS_delivery-option'

2020-03-20 10:37:45 - [MESSAGE][PASSED] - Keys '*' sent to object: 'Object Repository/ADMIN/Edit Text/Bespoke/Seller Pages/Onboarding_Settings/input_DELIVERY OPTIONS_delivery-option'

2020-03-20 10:37:45 - [TEST_STEP][PASSED] - sendKeys(findTestObject("ADMIN/Edit Text/Bespoke/Seller Pages/Onboarding_Settings/input_DELIVERY OPTIONS_delivery-txt2"), "*"): Keys '*' sent to object: 'Object Repository/ADMIN/Edit Text/Bespoke/Seller Pages/Onboarding_Settings/input_DELIVERY OPTIONS_delivery-txt2'

2020-03-20 10:37:45 - [MESSAGE][PASSED] - Keys '*' sent to object: 'Object Repository/ADMIN/Edit Text/Bespoke/Seller Pages/Onboarding_Settings/input_DELIVERY OPTIONS_delivery-txt2'

2020-03-20 10:37:45 - [TEST_STEP][PASSED] - sendKeys(findTestObject("ADMIN/Edit Text/Bespoke/Seller Pages/Onboarding_Settings/input_DELIVERY SERVICE_delivery-service"), "*"): Keys '*' sent to object: 'Object Repository/ADMIN/Edit Text/Bespoke/Seller Pages/Onboarding_Settings/input_DELIVERY SERVICE_delivery-service'

2020-03-20 10:37:45 - [MESSAGE][PASSED] - Keys '*' sent to object: 'Object Repository/ADMIN/Edit Text/Bespoke/Seller Pages/Onboarding_Settings/input_DELIVERY SERVICE_delivery-service'

2020-03-20 10:37:45 - [TEST_STEP][PASSED] - sendKeys(findTestObject("ADMIN/Edit Text/Bespoke/Seller Pages/Onboarding_Settings/input_SINGLE ITEM DELIVERY (A)_single-item-delivery"), "*"): Keys '*' sent to object: 'Object Repository/ADMIN/Edit Text/Bespoke/Seller Pages/Onboarding_Settings/input_SINGLE ITEM DELIVERY (A)_single-item-delivery'

2020-03-20 10:37:45 - [MESSAGE][PASSED] - Keys '*' sent to object: 'Object Repository/ADMIN/Edit Text/Bespoke/Seller Pages/Onboarding_Settings/input_SINGLE ITEM DELIVERY (A)_single-item-delivery'

2020-03-20 10:37:45 - [TEST_STEP][PASSED] - sendKeys(findTestObject("ADMIN/Edit Text/Bespoke/Seller Pages/Onboarding_Settings/input_WITH OTHER ITEM (B)_with-other-item"), "*"): Keys '*' sent to object: 'Object Repository/ADMIN/Edit Text/Bespoke/Seller Pages/Onboarding_Settings/input_WITH OTHER ITEM (B)_with-other-item'

2020-03-20 10:37:45 - [MESSAGE][PASSED] - Keys '*' sent to object: 'Object Repository/ADMIN/Edit Text/Bespoke/Seller Pages/Onboarding_Settings/input_WITH OTHER ITEM (B)_with-other-item'

2020-03-20 10:37:45 - [TEST_STEP][PASSED] - sendKeys(findTestObject("ADMIN/Edit Text/Bespoke/Seller Pages/Onboarding_Settings/input_ADD_btn_add"), "*"): Keys '*' sent to object: 'Object Repository/ADMIN/Edit Text/Bespoke/Seller Pages/Onboarding_Settings/input_ADD_btn_add'

2020-03-20 10:37:46 - [MESSAGE][PASSED] - Keys '*' sent to object: 'Object Repository/ADMIN/Edit Text/Bespoke/Seller Pages/Onboarding_Settings/input_ADD_btn_add'

2020-03-20 10:37:46 - [TEST_STEP][PASSED] - sendKeys(findTestObject("ADMIN/Edit Text/Bespoke/Seller Pages/Onboarding_Settings/input_PICK-UP LOCATIONS_pick-up-option"), "*"): Keys '*' sent to object: 'Object Repository/ADMIN/Edit Text/Bespoke/Seller Pages/Onboarding_Settings/input_PICK-UP LOCATIONS_pick-up-option'

2020-03-20 10:37:46 - [MESSAGE][PASSED] - Keys '*' sent to object: 'Object Repository/ADMIN/Edit Text/Bespoke/Seller Pages/Onboarding_Settings/input_PICK-UP LOCATIONS_pick-up-option'

2020-03-20 10:37:46 - [TEST_STEP][PASSED] - sendKeys(findTestObject("ADMIN/Edit Text/Bespoke/Seller Pages/Onboarding_Settings/textarea_Define the full address where the buyer can pick up from (You must have at least a delivery option or a pick-up location selected)"), "*"): Keys '*' sent to object: 'Object Repository/ADMIN/Edit Text/Bespoke/Seller Pages/Onboarding_Settings/textarea_Define the full address where the buyer can pick up from (You must have at least a delivery option or a pick-up location selected)'

2020-03-20 10:37:46 - [MESSAGE][PASSED] - Keys '*' sent to object: 'Object Repository/ADMIN/Edit Text/Bespoke/Seller Pages/Onboarding_Settings/textarea_Define the full address where the buyer can pick up from (You must have at least a delivery option or a pick-up location selected)'

2020-03-20 10:37:46 - [TEST_STEP][PASSED] - sendKeys(findTestObject("ADMIN/Edit Text/Bespoke/Seller Pages/Onboarding_Settings/input_Offer reduced shipping costs to buyers when they buy more than one item from you_delivery-txt2"), "*"): Keys '*' sent to object: 'Object Repository/ADMIN/Edit Text/Bespoke/Seller Pages/Onboarding_Settings/input_Offer reduced shipping costs to buyers when they buy more than one item from you_delivery-txt2'

2020-03-20 10:37:46 - [MESSAGE][PASSED] - Keys '*' sent to object: 'Object Repository/ADMIN/Edit Text/Bespoke/Seller Pages/Onboarding_Settings/input_Offer reduced shipping costs to buyers when they buy more than one item from you_delivery-txt2'

2020-03-20 10:37:46 - [TEST_STEP][PASSED] - sendKeys(findTestObject("ADMIN/Edit Text/Bespoke/Seller Pages/Onboarding_Settings/input_total delivery"), "*"): Keys '*' sent to object: 'Object Repository/ADMIN/Edit Text/Bespoke/Seller Pages/Onboarding_Settings/input_total delivery'

2020-03-20 10:37:46 - [MESSAGE][PASSED] - Keys '*' sent to object: 'Object Repository/ADMIN/Edit Text/Bespoke/Seller Pages/Onboarding_Settings/input_total delivery'

2020-03-20 10:37:46 - [TEST_STEP][PASSED] - sendKeys(findTestObject("ADMIN/Edit Text/Bespoke/Seller Pages/Onboarding_Settings/input_add1"), "*"): Keys '*' sent to object: 'Object Repository/ADMIN/Edit Text/Bespoke/Seller Pages/Onboarding_Settings/input_add1'

2020-03-20 10:37:46 - [MESSAGE][PASSED] - Keys '*' sent to object: 'Object Repository/ADMIN/Edit Text/Bespoke/Seller Pages/Onboarding_Settings/input_add1'

2020-03-20 10:37:46 - [TEST_STEP][PASSED] - sendKeys(findTestObject("ADMIN/Edit Text/Bespoke/Seller Pages/Onboarding_Settings/input_PICK-UP LOCATION ADDRESS_pick-up-address"), "*"): Keys '*' sent to object: 'Object Repository/ADMIN/Edit Text/Bespoke/Seller Pages/Onboarding_Settings/input_PICK-UP LOCATION ADDRESS_pick-up-address'

2020-03-20 10:37:46 - [MESSAGE][PASSED] - Keys '*' sent to object: 'Object Repository/ADMIN/Edit Text/Bespoke/Seller Pages/Onboarding_Settings/input_PICK-UP LOCATION ADDRESS_pick-up-address'

2020-03-20 10:37:46 - [TEST_STEP][PASSED] - sendKeys(findTestObject("ADMIN/Edit Text/Bespoke/Seller Pages/Onboarding_Settings/input_SAVE_btn_save"), "*"): Keys '*' sent to object: 'Object Repository/ADMIN/Edit Text/Bespoke/Seller Pages/Onboarding_Settings/input_SAVE_btn_save'

2020-03-20 10:37:47 - [MESSAGE][PASSED] - Keys '*' sent to object: 'Object Repository/ADMIN/Edit Text/Bespoke/Seller Pages/Onboarding_Settings/input_SAVE_btn_save'

2020-03-20 10:37:47 - [TEST_STEP][PASSED] - sendKeys(findTestObject("ADMIN/Edit Text/Bespoke/Seller Pages/Onboarding_Settings/input_Are you sure want to delete_popup-title"), "*"): Keys '*' sent to object: 'Object Repository/ADMIN/Edit Text/Bespoke/Seller Pages/Onboarding_Settings/input_Are you sure want to delete_popup-title'

2020-03-20 10:37:47 - [MESSAGE][PASSED] - Keys '*' sent to object: 'Object Repository/ADMIN/Edit Text/Bespoke/Seller Pages/Onboarding_Settings/input_Are you sure want to delete_popup-title'

2020-03-20 10:37:47 - [TEST_STEP][PASSED] - sendKeys(findTestObject("ADMIN/Edit Text/Bespoke/Seller Pages/Onboarding_Settings/input_CANCEL_btn_cancel"), "*"): Keys '*' sent to object: 'Object Repository/ADMIN/Edit Text/Bespoke/Seller Pages/Onboarding_Settings/input_CANCEL_btn_cancel'

2020-03-20 10:37:47 - [MESSAGE][PASSED] - Keys '*' sent to object: 'Object Repository/ADMIN/Edit Text/Bespoke/Seller Pages/Onboarding_Settings/input_CANCEL_btn_cancel'

2020-03-20 10:37:47 - [TEST_STEP][PASSED] - sendKeys(findTestObject("ADMIN/Edit Text/Bespoke/Seller Pages/Onboarding_Settings/input_Okay_btn_okay"), "*"): Keys '*' sent to object: 'Object Repository/ADMIN/Edit Text/Bespoke/Seller Pages/Onboarding_Settings/input_Okay_btn_okay'

2020-03-20 10:37:47 - [MESSAGE][PASSED] - Keys '*' sent to object: 'Object Repository/ADMIN/Edit Text/Bespoke/Seller Pages/Onboarding_Settings/input_Okay_btn_okay'

2020-03-20 10:37:47 - [TEST_STEP][PASSED] - sendKeys(findTestObject("ADMIN/Edit Text/Bespoke/Seller Pages/Onboarding_Settings/input_REMOVE ITEM_popup-title"), "*"): Keys '*' sent to object: 'Object Repository/ADMIN/Edit Text/Bespoke/Seller Pages/Onboarding_Settings/input_REMOVE ITEM_popup-title'

2020-03-20 10:37:47 - [MESSAGE][PASSED] - Keys '*' sent to object: 'Object Repository/ADMIN/Edit Text/Bespoke/Seller Pages/Onboarding_Settings/input_REMOVE ITEM_popup-title'

2020-03-20 10:37:47 - [TEST_STEP][PASSED] - sendKeys(findTestObject("ADMIN/Edit Text/Bespoke/Seller Pages/Onboarding_Settings/input_concat(Are you sure about removing this item from your list (It  ll be gone forever))_popup-title"), "*"): Keys '*' sent to object: 'Object Repository/ADMIN/Edit Text/Bespoke/Seller Pages/Onboarding_Settings/input_concat(Are you sure about removing this item from your list (It  ll be gone forever))_popup-title'

2020-03-20 10:37:47 - [MESSAGE][PASSED] - Keys '*' sent to object: 'Object Repository/ADMIN/Edit Text/Bespoke/Seller Pages/Onboarding_Settings/input_concat(Are you sure about removing this item from your list (It  ll be gone forever))_popup-title'

2020-03-20 10:37:47 - [TEST_STEP][PASSED] - sendKeys(findTestObject("ADMIN/Edit Text/Bespoke/Seller Pages/Onboarding_Settings/input_CANCEL_btn_cancel2"), "*"): Keys '*' sent to object: 'Object Repository/ADMIN/Edit Text/Bespoke/Seller Pages/Onboarding_Settings/input_CANCEL_btn_cancel2'

2020-03-20 10:37:47 - [MESSAGE][PASSED] - Keys '*' sent to object: 'Object Repository/ADMIN/Edit Text/Bespoke/Seller Pages/Onboarding_Settings/input_CANCEL_btn_cancel2'

2020-03-20 10:37:47 - [TEST_STEP][PASSED] - sendKeys(findTestObject("ADMIN/Edit Text/Bespoke/Seller Pages/Onboarding_Settings/input_Okay_btn_okay2"), "*"): Keys '*' sent to object: 'Object Repository/ADMIN/Edit Text/Bespoke/Seller Pages/Onboarding_Settings/input_Okay_btn_okay2'

2020-03-20 10:37:47 - [MESSAGE][PASSED] - Keys '*' sent to object: 'Object Repository/ADMIN/Edit Text/Bespoke/Seller Pages/Onboarding_Settings/input_Okay_btn_okay2'

2020-03-20 10:37:47 - [TEST_STEP][PASSED] - sendKeys(findTestObject("ADMIN/Edit Text/Bespoke/Seller Pages/Onboarding_Settings/input_Back_tab-title"), "*"): Keys '*' sent to object: 'Object Repository/ADMIN/Edit Text/Bespoke/Seller Pages/Onboarding_Settings/input_Back_tab-title'

2020-03-20 10:37:48 - [MESSAGE][PASSED] - Keys '*' sent to object: 'Object Repository/ADMIN/Edit Text/Bespoke/Seller Pages/Onboarding_Settings/input_Back_tab-title'

2020-03-20 10:37:48 - [TEST_STEP][PASSED] - sendKeys(findTestObject("ADMIN/Edit Text/Bespoke/Seller Pages/Onboarding_Settings/input_ACCOUNT CONFIGURATION_tab-title"), "*"): Keys '*' sent to object: 'Object Repository/ADMIN/Edit Text/Bespoke/Seller Pages/Onboarding_Settings/input_ACCOUNT CONFIGURATION_tab-title'

2020-03-20 10:37:48 - [MESSAGE][PASSED] - Keys '*' sent to object: 'Object Repository/ADMIN/Edit Text/Bespoke/Seller Pages/Onboarding_Settings/input_ACCOUNT CONFIGURATION_tab-title'

2020-03-20 10:37:48 - [TEST_STEP][PASSED] - sendKeys(findTestObject("ADMIN/Edit Text/Bespoke/Seller Pages/Onboarding_Settings/textarea_Your details entered here will be saved and verified by Omise Money you earn from your sales will be accredited to your bank account directly"), "*"): Keys '*' sent to object: 'Object Repository/ADMIN/Edit Text/Bespoke/Seller Pages/Onboarding_Settings/textarea_Your details entered here will be saved and verified by Omise Money you earn from your sales will be accredited to your bank account directly'

2020-03-20 10:37:48 - [MESSAGE][PASSED] - Keys '*' sent to object: 'Object Repository/ADMIN/Edit Text/Bespoke/Seller Pages/Onboarding_Settings/textarea_Your details entered here will be saved and verified by Omise Money you earn from your sales will be accredited to your bank account directly'

2020-03-20 10:37:48 - [TEST_STEP][PASSED] - sendKeys(findTestObject("ADMIN/Edit Text/Bespoke/Seller Pages/Onboarding_Settings/input_TYPE_tab-title"), "*"): Keys '*' sent to object: 'Object Repository/ADMIN/Edit Text/Bespoke/Seller Pages/Onboarding_Settings/input_TYPE_tab-title'

2020-03-20 10:37:48 - [MESSAGE][PASSED] - Keys '*' sent to object: 'Object Repository/ADMIN/Edit Text/Bespoke/Seller Pages/Onboarding_Settings/input_TYPE_tab-title'

2020-03-20 10:37:48 - [TEST_STEP][PASSED] - sendKeys(findTestObject("ADMIN/Edit Text/Bespoke/Seller Pages/Onboarding_Settings/input_Tax identification number (optional)_tab-title"), "*"): Keys '*' sent to object: 'Object Repository/ADMIN/Edit Text/Bespoke/Seller Pages/Onboarding_Settings/input_Tax identification number (optional)_tab-title'

2020-03-20 10:37:48 - [MESSAGE][PASSED] - Keys '*' sent to object: 'Object Repository/ADMIN/Edit Text/Bespoke/Seller Pages/Onboarding_Settings/input_Tax identification number (optional)_tab-title'

2020-03-20 10:37:48 - [TEST_STEP][PASSED] - sendKeys(findTestObject("ADMIN/Edit Text/Bespoke/Seller Pages/Onboarding_Settings/input_Individual_tab-title"), "*"): Keys '*' sent to object: 'Object Repository/ADMIN/Edit Text/Bespoke/Seller Pages/Onboarding_Settings/input_Individual_tab-title'

2020-03-20 10:37:48 - [MESSAGE][PASSED] - Keys '*' sent to object: 'Object Repository/ADMIN/Edit Text/Bespoke/Seller Pages/Onboarding_Settings/input_Individual_tab-title'

2020-03-20 10:37:48 - [TEST_STEP][PASSED] - sendKeys(findTestObject("ADMIN/Edit Text/Bespoke/Seller Pages/Onboarding_Settings/input_Corporate_tab-title"), "*"): Keys '*' sent to object: 'Object Repository/ADMIN/Edit Text/Bespoke/Seller Pages/Onboarding_Settings/input_Corporate_tab-title'

2020-03-20 10:37:49 - [MESSAGE][PASSED] - Keys '*' sent to object: 'Object Repository/ADMIN/Edit Text/Bespoke/Seller Pages/Onboarding_Settings/input_Corporate_tab-title'

2020-03-20 10:37:49 - [TEST_STEP][PASSED] - sendKeys(findTestObject("ADMIN/Edit Text/Bespoke/Seller Pages/Onboarding_Settings/input_Bank  branch code_tab-title"), "*"): Keys '*' sent to object: 'Object Repository/ADMIN/Edit Text/Bespoke/Seller Pages/Onboarding_Settings/input_Bank  branch code_tab-title'

2020-03-20 10:37:49 - [MESSAGE][PASSED] - Keys '*' sent to object: 'Object Repository/ADMIN/Edit Text/Bespoke/Seller Pages/Onboarding_Settings/input_Bank  branch code_tab-title'

2020-03-20 10:37:49 - [TEST_STEP][PASSED] - sendKeys(findTestObject("ADMIN/Edit Text/Bespoke/Seller Pages/Onboarding_Settings/input_Bank account number_tab-title"), "*"): Keys '*' sent to object: 'Object Repository/ADMIN/Edit Text/Bespoke/Seller Pages/Onboarding_Settings/input_Bank account number_tab-title'

2020-03-20 10:37:49 - [MESSAGE][PASSED] - Keys '*' sent to object: 'Object Repository/ADMIN/Edit Text/Bespoke/Seller Pages/Onboarding_Settings/input_Bank account number_tab-title'

2020-03-20 10:37:49 - [TEST_STEP][PASSED] - sendKeys(findTestObject("ADMIN/Edit Text/Bespoke/Seller Pages/Onboarding_Settings/input_Bank account name_tab-title"), "*"): Keys '*' sent to object: 'Object Repository/ADMIN/Edit Text/Bespoke/Seller Pages/Onboarding_Settings/input_Bank account name_tab-title'

2020-03-20 10:37:49 - [MESSAGE][PASSED] - Keys '*' sent to object: 'Object Repository/ADMIN/Edit Text/Bespoke/Seller Pages/Onboarding_Settings/input_Bank account name_tab-title'

2020-03-20 10:37:49 - [TEST_STEP][PASSED] - click(findTestObject("ADMIN/Edit Text/Bespoke/Buyer Pages/Homepage/button_save"), CONTINUE_ON_FAILURE): Object: 'Object Repository/ADMIN/Edit Text/Bespoke/Buyer Pages/Homepage/button_save' is clicked on

2020-03-20 10:37:49 - [MESSAGE][PASSED] - Object: 'Object Repository/ADMIN/Edit Text/Bespoke/Buyer Pages/Homepage/button_save' is clicked on

2020-03-20 10:37:49 - [TEST_STEP][PASSED] - waitForElementVisible(findTestObject("ADMIN/Edit Text/Bespoke/Buyer Pages/Homepage/toaster_success"), 0): Object 'Object Repository/ADMIN/Edit Text/Bespoke/Buyer Pages/Homepage/toaster_success' is visible

2020-03-20 10:37:49 - [MESSAGE][WARNING] - Timeout '0' is invalid. Using default page load timeout: '30'

2020-03-20 10:37:50 - [MESSAGE][PASSED] - Object 'Object Repository/ADMIN/Edit Text/Bespoke/Buyer Pages/Homepage/toaster_success' is visible]]></system-out>
         <system-err><![CDATA[]]></system-err>
      </testcase>
      <testcase name="Test Cases/ADMIN/Language/Edit Text/Bespoke/Seller/Onboarding_Settings" time="10.758" classname="Test Cases/ADMIN/Language/Edit Text/Bespoke/Seller/Onboarding_Settings" status="PASSED">
         <system-out><![CDATA[2020-03-20 10:37:50 - [TEST_CASE][PASSED] - Test Cases/ADMIN/Language/Edit Text/Bespoke/Seller/Onboarding_Settings: Test Cases/ADMIN/Language/Edit Text/Bespoke/Seller/Onboarding_Settings

2020-03-20 10:37:50 - [TEST_STEP][PASSED] - waitForElementVisible(findTestObject("ADMIN/Edit Text/Bespoke/Buyer Navigation/dd_language"), 0): Object 'Object Repository/ADMIN/Edit Text/Bespoke/Buyer Navigation/dd_language' is visible

2020-03-20 10:37:50 - [MESSAGE][WARNING] - Timeout '0' is invalid. Using default page load timeout: '30'

2020-03-20 10:37:50 - [MESSAGE][PASSED] - Object 'Object Repository/ADMIN/Edit Text/Bespoke/Buyer Navigation/dd_language' is visible

2020-03-20 10:37:50 - [TEST_STEP][PASSED] - selectOptionByLabel(findTestObject("ADMIN/Edit Text/Bespoke/Buyer Navigation/dd_language"), varLanguage, false): All options with label 'Hebrew' are selected in object 'Object Repository/ADMIN/Edit Text/Bespoke/Buyer Navigation/dd_language' 

2020-03-20 10:37:51 - [MESSAGE][PASSED] - All options with label 'Hebrew' are selected in object 'Object Repository/ADMIN/Edit Text/Bespoke/Buyer Navigation/dd_language' 

2020-03-20 10:37:51 - [TEST_STEP][PASSED] - sendKeys(findTestObject("ADMIN/Edit Text/Bespoke/Seller Pages/Onboarding_Settings/input_USER SETTINGS_marketplace-name"), "*"): Keys '*' sent to object: 'Object Repository/ADMIN/Edit Text/Bespoke/Seller Pages/Onboarding_Settings/input_USER SETTINGS_marketplace-name'

2020-03-20 10:37:51 - [MESSAGE][PASSED] - Keys '*' sent to object: 'Object Repository/ADMIN/Edit Text/Bespoke/Seller Pages/Onboarding_Settings/input_USER SETTINGS_marketplace-name'

2020-03-20 10:37:51 - [TEST_STEP][PASSED] - sendKeys(findTestObject("ADMIN/Edit Text/Bespoke/Seller Pages/Onboarding_Settings/input_Configure your profile your delivery methods and how you receive payments_item_details"), "*"): Keys '*' sent to object: 'Object Repository/ADMIN/Edit Text/Bespoke/Seller Pages/Onboarding_Settings/input_Configure your profile your delivery methods and how you receive payments_item_details'

2020-03-20 10:37:52 - [MESSAGE][PASSED] - Keys '*' sent to object: 'Object Repository/ADMIN/Edit Text/Bespoke/Seller Pages/Onboarding_Settings/input_Configure your profile your delivery methods and how you receive payments_item_details'

2020-03-20 10:37:52 - [TEST_STEP][PASSED] - sendKeys(findTestObject("ADMIN/Edit Text/Bespoke/Seller Pages/Onboarding_Settings/input_PROFILE_tab-title"), "*"): Keys '*' sent to object: 'Object Repository/ADMIN/Edit Text/Bespoke/Seller Pages/Onboarding_Settings/input_PROFILE_tab-title'

2020-03-20 10:37:52 - [MESSAGE][PASSED] - Keys '*' sent to object: 'Object Repository/ADMIN/Edit Text/Bespoke/Seller Pages/Onboarding_Settings/input_PROFILE_tab-title'

2020-03-20 10:37:52 - [TEST_STEP][PASSED] - sendKeys(findTestObject("ADMIN/Edit Text/Bespoke/Seller Pages/Onboarding_Settings/input_CHANGE_btn_upload"), "*"): Keys '*' sent to object: 'Object Repository/ADMIN/Edit Text/Bespoke/Seller Pages/Onboarding_Settings/input_CHANGE_btn_upload'

2020-03-20 10:37:52 - [MESSAGE][PASSED] - Keys '*' sent to object: 'Object Repository/ADMIN/Edit Text/Bespoke/Seller Pages/Onboarding_Settings/input_CHANGE_btn_upload'

2020-03-20 10:37:52 - [TEST_STEP][PASSED] - sendKeys(findTestObject("ADMIN/Edit Text/Bespoke/Seller Pages/Onboarding_Settings/input_DISPLAY NAME_display-name"), "*"): Keys '*' sent to object: 'Object Repository/ADMIN/Edit Text/Bespoke/Seller Pages/Onboarding_Settings/input_DISPLAY NAME_display-name'

2020-03-20 10:37:52 - [MESSAGE][PASSED] - Keys '*' sent to object: 'Object Repository/ADMIN/Edit Text/Bespoke/Seller Pages/Onboarding_Settings/input_DISPLAY NAME_display-name'

2020-03-20 10:37:52 - [TEST_STEP][PASSED] - sendKeys(findTestObject("ADMIN/Edit Text/Bespoke/Seller Pages/Onboarding_Settings/input_DESCRIPTION_description"), "*"): Keys '*' sent to object: 'Object Repository/ADMIN/Edit Text/Bespoke/Seller Pages/Onboarding_Settings/input_DESCRIPTION_description'

2020-03-20 10:37:52 - [MESSAGE][PASSED] - Keys '*' sent to object: 'Object Repository/ADMIN/Edit Text/Bespoke/Seller Pages/Onboarding_Settings/input_DESCRIPTION_description'

2020-03-20 10:37:52 - [TEST_STEP][PASSED] - sendKeys(findTestObject("ADMIN/Edit Text/Bespoke/Seller Pages/Onboarding_Settings/input_FIRST NAME_first-name"), "*"): Keys '*' sent to object: 'Object Repository/ADMIN/Edit Text/Bespoke/Seller Pages/Onboarding_Settings/input_FIRST NAME_first-name'

2020-03-20 10:37:52 - [MESSAGE][PASSED] - Keys '*' sent to object: 'Object Repository/ADMIN/Edit Text/Bespoke/Seller Pages/Onboarding_Settings/input_FIRST NAME_first-name'

2020-03-20 10:37:52 - [TEST_STEP][PASSED] - sendKeys(findTestObject("ADMIN/Edit Text/Bespoke/Seller Pages/Onboarding_Settings/input_LAST NAME_last-name"), "*"): Keys '*' sent to object: 'Object Repository/ADMIN/Edit Text/Bespoke/Seller Pages/Onboarding_Settings/input_LAST NAME_last-name'

2020-03-20 10:37:52 - [MESSAGE][PASSED] - Keys '*' sent to object: 'Object Repository/ADMIN/Edit Text/Bespoke/Seller Pages/Onboarding_Settings/input_LAST NAME_last-name'

2020-03-20 10:37:52 - [TEST_STEP][PASSED] - sendKeys(findTestObject("ADMIN/Edit Text/Bespoke/Seller Pages/Onboarding_Settings/input_NOTIFICATION EMAIL_notification-email"), "*"): Keys '*' sent to object: 'Object Repository/ADMIN/Edit Text/Bespoke/Seller Pages/Onboarding_Settings/input_NOTIFICATION EMAIL_notification-email'

2020-03-20 10:37:52 - [MESSAGE][PASSED] - Keys '*' sent to object: 'Object Repository/ADMIN/Edit Text/Bespoke/Seller Pages/Onboarding_Settings/input_NOTIFICATION EMAIL_notification-email'

2020-03-20 10:37:52 - [TEST_STEP][PASSED] - sendKeys(findTestObject("ADMIN/Edit Text/Bespoke/Seller Pages/Onboarding_Settings/input_CONTACT NUMBER_contact-number"), "*"): Keys '*' sent to object: 'Object Repository/ADMIN/Edit Text/Bespoke/Seller Pages/Onboarding_Settings/input_CONTACT NUMBER_contact-number'

2020-03-20 10:37:53 - [MESSAGE][PASSED] - Keys '*' sent to object: 'Object Repository/ADMIN/Edit Text/Bespoke/Seller Pages/Onboarding_Settings/input_CONTACT NUMBER_contact-number'

2020-03-20 10:37:53 - [TEST_STEP][PASSED] - sendKeys(findTestObject("ADMIN/Edit Text/Bespoke/Seller Pages/Onboarding_Settings/input_OPENID LOGIN_open-id-login"), "*"): Keys '*' sent to object: 'Object Repository/ADMIN/Edit Text/Bespoke/Seller Pages/Onboarding_Settings/input_OPENID LOGIN_open-id-login'

2020-03-20 10:37:53 - [MESSAGE][PASSED] - Keys '*' sent to object: 'Object Repository/ADMIN/Edit Text/Bespoke/Seller Pages/Onboarding_Settings/input_OPENID LOGIN_open-id-login'

2020-03-20 10:37:53 - [TEST_STEP][PASSED] - sendKeys(findTestObject("ADMIN/Edit Text/Bespoke/Seller Pages/Onboarding_Settings/input_SELLER LOCATION_seller_location"), "*"): Keys '*' sent to object: 'Object Repository/ADMIN/Edit Text/Bespoke/Seller Pages/Onboarding_Settings/input_SELLER LOCATION_seller_location'

2020-03-20 10:37:53 - [MESSAGE][PASSED] - Keys '*' sent to object: 'Object Repository/ADMIN/Edit Text/Bespoke/Seller Pages/Onboarding_Settings/input_SELLER LOCATION_seller_location'

2020-03-20 10:37:53 - [TEST_STEP][PASSED] - sendKeys(findTestObject("ADMIN/Edit Text/Bespoke/Seller Pages/Onboarding_Settings/textarea_For each transaction that is made through the marketplace there will be a seller transaction fee of"), "*"): Keys '*' sent to object: 'Object Repository/ADMIN/Edit Text/Bespoke/Seller Pages/Onboarding_Settings/textarea_For each transaction that is made through the marketplace there will be a seller transaction fee of'

2020-03-20 10:37:53 - [MESSAGE][PASSED] - Keys '*' sent to object: 'Object Repository/ADMIN/Edit Text/Bespoke/Seller Pages/Onboarding_Settings/textarea_For each transaction that is made through the marketplace there will be a seller transaction fee of'

2020-03-20 10:37:53 - [TEST_STEP][PASSED] - sendKeys(findTestObject("ADMIN/Edit Text/Bespoke/Seller Pages/Onboarding_Settings/input_NEXT_btn_next"), "*"): Keys '*' sent to object: 'Object Repository/ADMIN/Edit Text/Bespoke/Seller Pages/Onboarding_Settings/input_NEXT_btn_next'

2020-03-20 10:37:53 - [MESSAGE][PASSED] - Keys '*' sent to object: 'Object Repository/ADMIN/Edit Text/Bespoke/Seller Pages/Onboarding_Settings/input_NEXT_btn_next'

2020-03-20 10:37:53 - [TEST_STEP][PASSED] - sendKeys(findTestObject("ADMIN/Edit Text/Bespoke/Seller Pages/Onboarding_Settings/input_ADDRESS_tab-title"), "*"): Keys '*' sent to object: 'Object Repository/ADMIN/Edit Text/Bespoke/Seller Pages/Onboarding_Settings/input_ADDRESS_tab-title'

2020-03-20 10:37:53 - [MESSAGE][PASSED] - Keys '*' sent to object: 'Object Repository/ADMIN/Edit Text/Bespoke/Seller Pages/Onboarding_Settings/input_ADDRESS_tab-title'

2020-03-20 10:37:53 - [TEST_STEP][PASSED] - sendKeys(findTestObject("ADMIN/Edit Text/Bespoke/Seller Pages/Onboarding_Settings/input_NEW DELIVERY ADDRESS_new-delivery-address"), "*"): Keys '*' sent to object: 'Object Repository/ADMIN/Edit Text/Bespoke/Seller Pages/Onboarding_Settings/input_NEW DELIVERY ADDRESS_new-delivery-address'

2020-03-20 10:37:53 - [MESSAGE][PASSED] - Keys '*' sent to object: 'Object Repository/ADMIN/Edit Text/Bespoke/Seller Pages/Onboarding_Settings/input_NEW DELIVERY ADDRESS_new-delivery-address'

2020-03-20 10:37:53 - [TEST_STEP][PASSED] - sendKeys(findTestObject("ADMIN/Edit Text/Bespoke/Seller Pages/Onboarding_Settings/input_ADDRESSEE FIRST NAME_addressee-first-name"), "*"): Keys '*' sent to object: 'Object Repository/ADMIN/Edit Text/Bespoke/Seller Pages/Onboarding_Settings/input_ADDRESSEE FIRST NAME_addressee-first-name'

2020-03-20 10:37:53 - [MESSAGE][PASSED] - Keys '*' sent to object: 'Object Repository/ADMIN/Edit Text/Bespoke/Seller Pages/Onboarding_Settings/input_ADDRESSEE FIRST NAME_addressee-first-name'

2020-03-20 10:37:53 - [TEST_STEP][PASSED] - sendKeys(findTestObject("ADMIN/Edit Text/Bespoke/Seller Pages/Onboarding_Settings/input_ADDRESSEE LAST NAME_addressee-last-name"), "*"): Keys '*' sent to object: 'Object Repository/ADMIN/Edit Text/Bespoke/Seller Pages/Onboarding_Settings/input_ADDRESSEE LAST NAME_addressee-last-name'

2020-03-20 10:37:54 - [MESSAGE][PASSED] - Keys '*' sent to object: 'Object Repository/ADMIN/Edit Text/Bespoke/Seller Pages/Onboarding_Settings/input_ADDRESSEE LAST NAME_addressee-last-name'

2020-03-20 10:37:54 - [TEST_STEP][PASSED] - sendKeys(findTestObject("ADMIN/Edit Text/Bespoke/Seller Pages/Onboarding_Settings/input_ADDRESS_address"), "*"): Keys '*' sent to object: 'Object Repository/ADMIN/Edit Text/Bespoke/Seller Pages/Onboarding_Settings/input_ADDRESS_address'

2020-03-20 10:37:54 - [MESSAGE][PASSED] - Keys '*' sent to object: 'Object Repository/ADMIN/Edit Text/Bespoke/Seller Pages/Onboarding_Settings/input_ADDRESS_address'

2020-03-20 10:37:54 - [TEST_STEP][PASSED] - sendKeys(findTestObject("ADMIN/Edit Text/Bespoke/Seller Pages/Onboarding_Settings/input_SELECT COUNTRY_select-country"), "*"): Keys '*' sent to object: 'Object Repository/ADMIN/Edit Text/Bespoke/Seller Pages/Onboarding_Settings/input_SELECT COUNTRY_select-country'

2020-03-20 10:37:54 - [MESSAGE][PASSED] - Keys '*' sent to object: 'Object Repository/ADMIN/Edit Text/Bespoke/Seller Pages/Onboarding_Settings/input_SELECT COUNTRY_select-country'

2020-03-20 10:37:54 - [TEST_STEP][PASSED] - sendKeys(findTestObject("ADMIN/Edit Text/Bespoke/Seller Pages/Onboarding_Settings/input_COUNTRY_address-country"), "*"): Keys '*' sent to object: 'Object Repository/ADMIN/Edit Text/Bespoke/Seller Pages/Onboarding_Settings/input_COUNTRY_address-country'

2020-03-20 10:37:54 - [MESSAGE][PASSED] - Keys '*' sent to object: 'Object Repository/ADMIN/Edit Text/Bespoke/Seller Pages/Onboarding_Settings/input_COUNTRY_address-country'

2020-03-20 10:37:54 - [TEST_STEP][PASSED] - sendKeys(findTestObject("ADMIN/Edit Text/Bespoke/Seller Pages/Onboarding_Settings/input_STATE_address-state"), "*"): Keys '*' sent to object: 'Object Repository/ADMIN/Edit Text/Bespoke/Seller Pages/Onboarding_Settings/input_STATE_address-state'

2020-03-20 10:37:54 - [MESSAGE][PASSED] - Keys '*' sent to object: 'Object Repository/ADMIN/Edit Text/Bespoke/Seller Pages/Onboarding_Settings/input_STATE_address-state'

2020-03-20 10:37:54 - [TEST_STEP][PASSED] - sendKeys(findTestObject("ADMIN/Edit Text/Bespoke/Seller Pages/Onboarding_Settings/input_CITY_address-city"), "*"): Keys '*' sent to object: 'Object Repository/ADMIN/Edit Text/Bespoke/Seller Pages/Onboarding_Settings/input_CITY_address-city'

2020-03-20 10:37:54 - [MESSAGE][PASSED] - Keys '*' sent to object: 'Object Repository/ADMIN/Edit Text/Bespoke/Seller Pages/Onboarding_Settings/input_CITY_address-city'

2020-03-20 10:37:54 - [TEST_STEP][PASSED] - sendKeys(findTestObject("ADMIN/Edit Text/Bespoke/Seller Pages/Onboarding_Settings/input_POSTAL CODE_address-postalcode"), "*"): Keys '*' sent to object: 'Object Repository/ADMIN/Edit Text/Bespoke/Seller Pages/Onboarding_Settings/input_POSTAL CODE_address-postalcode'

2020-03-20 10:37:54 - [MESSAGE][PASSED] - Keys '*' sent to object: 'Object Repository/ADMIN/Edit Text/Bespoke/Seller Pages/Onboarding_Settings/input_POSTAL CODE_address-postalcode'

2020-03-20 10:37:54 - [TEST_STEP][PASSED] - sendKeys(findTestObject("ADMIN/Edit Text/Bespoke/Seller Pages/Onboarding_Settings/input_ADD ADDRESS_btn_add"), "*"): Keys '*' sent to object: 'Object Repository/ADMIN/Edit Text/Bespoke/Seller Pages/Onboarding_Settings/input_ADD ADDRESS_btn_add'

2020-03-20 10:37:55 - [MESSAGE][PASSED] - Keys '*' sent to object: 'Object Repository/ADMIN/Edit Text/Bespoke/Seller Pages/Onboarding_Settings/input_ADD ADDRESS_btn_add'

2020-03-20 10:37:55 - [TEST_STEP][PASSED] - sendKeys(findTestObject("ADMIN/Edit Text/Bespoke/Seller Pages/Onboarding_Settings/input_SAVED ADDRESSES_address-saved"), "*"): Keys '*' sent to object: 'Object Repository/ADMIN/Edit Text/Bespoke/Seller Pages/Onboarding_Settings/input_SAVED ADDRESSES_address-saved'

2020-03-20 10:37:55 - [MESSAGE][PASSED] - Keys '*' sent to object: 'Object Repository/ADMIN/Edit Text/Bespoke/Seller Pages/Onboarding_Settings/input_SAVED ADDRESSES_address-saved'

2020-03-20 10:37:55 - [TEST_STEP][PASSED] - sendKeys(findTestObject("ADMIN/Edit Text/Bespoke/Seller Pages/Onboarding_Settings/input_Next_btn_next (1)"), "*"): Keys '*' sent to object: 'Object Repository/ADMIN/Edit Text/Bespoke/Seller Pages/Onboarding_Settings/input_Next_btn_next (1)'

2020-03-20 10:37:55 - [MESSAGE][PASSED] - Keys '*' sent to object: 'Object Repository/ADMIN/Edit Text/Bespoke/Seller Pages/Onboarding_Settings/input_Next_btn_next (1)'

2020-03-20 10:37:55 - [TEST_STEP][PASSED] - sendKeys(findTestObject("ADMIN/Edit Text/Bespoke/Seller Pages/Onboarding_Settings/input_PAYMENT ACCEPTANCE_tan-title"), "*"): Keys '*' sent to object: 'Object Repository/ADMIN/Edit Text/Bespoke/Seller Pages/Onboarding_Settings/input_PAYMENT ACCEPTANCE_tan-title'

2020-03-20 10:37:55 - [MESSAGE][PASSED] - Keys '*' sent to object: 'Object Repository/ADMIN/Edit Text/Bespoke/Seller Pages/Onboarding_Settings/input_PAYMENT ACCEPTANCE_tan-title'

2020-03-20 10:37:55 - [TEST_STEP][PASSED] - sendKeys(findTestObject("ADMIN/Edit Text/Bespoke/Seller Pages/Onboarding_Settings/input_PAYMENT METHOD_payment_method"), "*"): Keys '*' sent to object: 'Object Repository/ADMIN/Edit Text/Bespoke/Seller Pages/Onboarding_Settings/input_PAYMENT METHOD_payment_method'

2020-03-20 10:37:55 - [MESSAGE][PASSED] - Keys '*' sent to object: 'Object Repository/ADMIN/Edit Text/Bespoke/Seller Pages/Onboarding_Settings/input_PAYMENT METHOD_payment_method'

2020-03-20 10:37:55 - [TEST_STEP][PASSED] - sendKeys(findTestObject("ADMIN/Edit Text/Bespoke/Seller Pages/Onboarding_Settings/input_Select your preferred payment method_select_payment_method"), "*"): Keys '*' sent to object: 'Object Repository/ADMIN/Edit Text/Bespoke/Seller Pages/Onboarding_Settings/input_Select your preferred payment method_select_payment_method'

2020-03-20 10:37:55 - [MESSAGE][PASSED] - Keys '*' sent to object: 'Object Repository/ADMIN/Edit Text/Bespoke/Seller Pages/Onboarding_Settings/input_Select your preferred payment method_select_payment_method'

2020-03-20 10:37:55 - [TEST_STEP][PASSED] - sendKeys(findTestObject("ADMIN/Edit Text/Bespoke/Seller Pages/Onboarding_Settings/input_LINK ACCOUNT_btn_link_account"), "*"): Keys '*' sent to object: 'Object Repository/ADMIN/Edit Text/Bespoke/Seller Pages/Onboarding_Settings/input_LINK ACCOUNT_btn_link_account'

2020-03-20 10:37:55 - [MESSAGE][PASSED] - Keys '*' sent to object: 'Object Repository/ADMIN/Edit Text/Bespoke/Seller Pages/Onboarding_Settings/input_LINK ACCOUNT_btn_link_account'

2020-03-20 10:37:55 - [TEST_STEP][PASSED] - sendKeys(findTestObject("ADMIN/Edit Text/Bespoke/Seller Pages/Onboarding_Settings/input_VERIFIED_verified"), "*"): Keys '*' sent to object: 'Object Repository/ADMIN/Edit Text/Bespoke/Seller Pages/Onboarding_Settings/input_VERIFIED_verified'

2020-03-20 10:37:55 - [MESSAGE][PASSED] - Keys '*' sent to object: 'Object Repository/ADMIN/Edit Text/Bespoke/Seller Pages/Onboarding_Settings/input_VERIFIED_verified'

2020-03-20 10:37:55 - [TEST_STEP][PASSED] - sendKeys(findTestObject("ADMIN/Edit Text/Bespoke/Seller Pages/Onboarding_Settings/input_This payment method is compulsory_this_method_compulsory"), "*"): Keys '*' sent to object: 'Object Repository/ADMIN/Edit Text/Bespoke/Seller Pages/Onboarding_Settings/input_This payment method is compulsory_this_method_compulsory'

2020-03-20 10:37:56 - [MESSAGE][PASSED] - Keys '*' sent to object: 'Object Repository/ADMIN/Edit Text/Bespoke/Seller Pages/Onboarding_Settings/input_This payment method is compulsory_this_method_compulsory'

2020-03-20 10:37:56 - [TEST_STEP][PASSED] - sendKeys(findTestObject("ADMIN/Edit Text/Bespoke/Seller Pages/Onboarding_Settings/input_No account linked yet_no-account-linked"), "*"): Keys '*' sent to object: 'Object Repository/ADMIN/Edit Text/Bespoke/Seller Pages/Onboarding_Settings/input_No account linked yet_no-account-linked'

2020-03-20 10:37:56 - [MESSAGE][PASSED] - Keys '*' sent to object: 'Object Repository/ADMIN/Edit Text/Bespoke/Seller Pages/Onboarding_Settings/input_No account linked yet_no-account-linked'

2020-03-20 10:37:56 - [TEST_STEP][PASSED] - sendKeys(findTestObject("ADMIN/Edit Text/Bespoke/Seller Pages/Onboarding_Settings/input_next3"), "*"): Keys '*' sent to object: 'Object Repository/ADMIN/Edit Text/Bespoke/Seller Pages/Onboarding_Settings/input_next3'

2020-03-20 10:37:56 - [MESSAGE][PASSED] - Keys '*' sent to object: 'Object Repository/ADMIN/Edit Text/Bespoke/Seller Pages/Onboarding_Settings/input_next3'

2020-03-20 10:37:56 - [TEST_STEP][PASSED] - sendKeys(findTestObject("ADMIN/Edit Text/Bespoke/Seller Pages/Onboarding_Settings/input_DELIVERY METHODS_tab-title1"), "*"): Keys '*' sent to object: 'Object Repository/ADMIN/Edit Text/Bespoke/Seller Pages/Onboarding_Settings/input_DELIVERY METHODS_tab-title1'

2020-03-20 10:37:56 - [MESSAGE][PASSED] - Keys '*' sent to object: 'Object Repository/ADMIN/Edit Text/Bespoke/Seller Pages/Onboarding_Settings/input_DELIVERY METHODS_tab-title1'

2020-03-20 10:37:56 - [TEST_STEP][PASSED] - sendKeys(findTestObject("ADMIN/Edit Text/Bespoke/Seller Pages/Onboarding_Settings/input_DELIVERY OPTIONS_delivery-option"), "*"): Keys '*' sent to object: 'Object Repository/ADMIN/Edit Text/Bespoke/Seller Pages/Onboarding_Settings/input_DELIVERY OPTIONS_delivery-option'

2020-03-20 10:37:56 - [MESSAGE][PASSED] - Keys '*' sent to object: 'Object Repository/ADMIN/Edit Text/Bespoke/Seller Pages/Onboarding_Settings/input_DELIVERY OPTIONS_delivery-option'

2020-03-20 10:37:56 - [TEST_STEP][PASSED] - sendKeys(findTestObject("ADMIN/Edit Text/Bespoke/Seller Pages/Onboarding_Settings/input_DELIVERY OPTIONS_delivery-txt2"), "*"): Keys '*' sent to object: 'Object Repository/ADMIN/Edit Text/Bespoke/Seller Pages/Onboarding_Settings/input_DELIVERY OPTIONS_delivery-txt2'

2020-03-20 10:37:56 - [MESSAGE][PASSED] - Keys '*' sent to object: 'Object Repository/ADMIN/Edit Text/Bespoke/Seller Pages/Onboarding_Settings/input_DELIVERY OPTIONS_delivery-txt2'

2020-03-20 10:37:56 - [TEST_STEP][PASSED] - sendKeys(findTestObject("ADMIN/Edit Text/Bespoke/Seller Pages/Onboarding_Settings/input_DELIVERY SERVICE_delivery-service"), "*"): Keys '*' sent to object: 'Object Repository/ADMIN/Edit Text/Bespoke/Seller Pages/Onboarding_Settings/input_DELIVERY SERVICE_delivery-service'

2020-03-20 10:37:56 - [MESSAGE][PASSED] - Keys '*' sent to object: 'Object Repository/ADMIN/Edit Text/Bespoke/Seller Pages/Onboarding_Settings/input_DELIVERY SERVICE_delivery-service'

2020-03-20 10:37:56 - [TEST_STEP][PASSED] - sendKeys(findTestObject("ADMIN/Edit Text/Bespoke/Seller Pages/Onboarding_Settings/input_SINGLE ITEM DELIVERY (A)_single-item-delivery"), "*"): Keys '*' sent to object: 'Object Repository/ADMIN/Edit Text/Bespoke/Seller Pages/Onboarding_Settings/input_SINGLE ITEM DELIVERY (A)_single-item-delivery'

2020-03-20 10:37:56 - [MESSAGE][PASSED] - Keys '*' sent to object: 'Object Repository/ADMIN/Edit Text/Bespoke/Seller Pages/Onboarding_Settings/input_SINGLE ITEM DELIVERY (A)_single-item-delivery'

2020-03-20 10:37:56 - [TEST_STEP][PASSED] - sendKeys(findTestObject("ADMIN/Edit Text/Bespoke/Seller Pages/Onboarding_Settings/input_WITH OTHER ITEM (B)_with-other-item"), "*"): Keys '*' sent to object: 'Object Repository/ADMIN/Edit Text/Bespoke/Seller Pages/Onboarding_Settings/input_WITH OTHER ITEM (B)_with-other-item'

2020-03-20 10:37:57 - [MESSAGE][PASSED] - Keys '*' sent to object: 'Object Repository/ADMIN/Edit Text/Bespoke/Seller Pages/Onboarding_Settings/input_WITH OTHER ITEM (B)_with-other-item'

2020-03-20 10:37:57 - [TEST_STEP][PASSED] - sendKeys(findTestObject("ADMIN/Edit Text/Bespoke/Seller Pages/Onboarding_Settings/input_ADD_btn_add"), "*"): Keys '*' sent to object: 'Object Repository/ADMIN/Edit Text/Bespoke/Seller Pages/Onboarding_Settings/input_ADD_btn_add'

2020-03-20 10:37:57 - [MESSAGE][PASSED] - Keys '*' sent to object: 'Object Repository/ADMIN/Edit Text/Bespoke/Seller Pages/Onboarding_Settings/input_ADD_btn_add'

2020-03-20 10:37:57 - [TEST_STEP][PASSED] - sendKeys(findTestObject("ADMIN/Edit Text/Bespoke/Seller Pages/Onboarding_Settings/input_PICK-UP LOCATIONS_pick-up-option"), "*"): Keys '*' sent to object: 'Object Repository/ADMIN/Edit Text/Bespoke/Seller Pages/Onboarding_Settings/input_PICK-UP LOCATIONS_pick-up-option'

2020-03-20 10:37:57 - [MESSAGE][PASSED] - Keys '*' sent to object: 'Object Repository/ADMIN/Edit Text/Bespoke/Seller Pages/Onboarding_Settings/input_PICK-UP LOCATIONS_pick-up-option'

2020-03-20 10:37:57 - [TEST_STEP][PASSED] - sendKeys(findTestObject("ADMIN/Edit Text/Bespoke/Seller Pages/Onboarding_Settings/textarea_Define the full address where the buyer can pick up from (You must have at least a delivery option or a pick-up location selected)"), "*"): Keys '*' sent to object: 'Object Repository/ADMIN/Edit Text/Bespoke/Seller Pages/Onboarding_Settings/textarea_Define the full address where the buyer can pick up from (You must have at least a delivery option or a pick-up location selected)'

2020-03-20 10:37:57 - [MESSAGE][PASSED] - Keys '*' sent to object: 'Object Repository/ADMIN/Edit Text/Bespoke/Seller Pages/Onboarding_Settings/textarea_Define the full address where the buyer can pick up from (You must have at least a delivery option or a pick-up location selected)'

2020-03-20 10:37:57 - [TEST_STEP][PASSED] - sendKeys(findTestObject("ADMIN/Edit Text/Bespoke/Seller Pages/Onboarding_Settings/input_Offer reduced shipping costs to buyers when they buy more than one item from you_delivery-txt2"), "*"): Keys '*' sent to object: 'Object Repository/ADMIN/Edit Text/Bespoke/Seller Pages/Onboarding_Settings/input_Offer reduced shipping costs to buyers when they buy more than one item from you_delivery-txt2'

2020-03-20 10:37:57 - [MESSAGE][PASSED] - Keys '*' sent to object: 'Object Repository/ADMIN/Edit Text/Bespoke/Seller Pages/Onboarding_Settings/input_Offer reduced shipping costs to buyers when they buy more than one item from you_delivery-txt2'

2020-03-20 10:37:57 - [TEST_STEP][PASSED] - sendKeys(findTestObject("ADMIN/Edit Text/Bespoke/Seller Pages/Onboarding_Settings/input_total delivery"), "*"): Keys '*' sent to object: 'Object Repository/ADMIN/Edit Text/Bespoke/Seller Pages/Onboarding_Settings/input_total delivery'

2020-03-20 10:37:57 - [MESSAGE][PASSED] - Keys '*' sent to object: 'Object Repository/ADMIN/Edit Text/Bespoke/Seller Pages/Onboarding_Settings/input_total delivery'

2020-03-20 10:37:57 - [TEST_STEP][PASSED] - sendKeys(findTestObject("ADMIN/Edit Text/Bespoke/Seller Pages/Onboarding_Settings/input_add1"), "*"): Keys '*' sent to object: 'Object Repository/ADMIN/Edit Text/Bespoke/Seller Pages/Onboarding_Settings/input_add1'

2020-03-20 10:37:57 - [MESSAGE][PASSED] - Keys '*' sent to object: 'Object Repository/ADMIN/Edit Text/Bespoke/Seller Pages/Onboarding_Settings/input_add1'

2020-03-20 10:37:57 - [TEST_STEP][PASSED] - sendKeys(findTestObject("ADMIN/Edit Text/Bespoke/Seller Pages/Onboarding_Settings/input_PICK-UP LOCATION ADDRESS_pick-up-address"), "*"): Keys '*' sent to object: 'Object Repository/ADMIN/Edit Text/Bespoke/Seller Pages/Onboarding_Settings/input_PICK-UP LOCATION ADDRESS_pick-up-address'

2020-03-20 10:37:58 - [MESSAGE][PASSED] - Keys '*' sent to object: 'Object Repository/ADMIN/Edit Text/Bespoke/Seller Pages/Onboarding_Settings/input_PICK-UP LOCATION ADDRESS_pick-up-address'

2020-03-20 10:37:58 - [TEST_STEP][PASSED] - sendKeys(findTestObject("ADMIN/Edit Text/Bespoke/Seller Pages/Onboarding_Settings/input_SAVE_btn_save"), "*"): Keys '*' sent to object: 'Object Repository/ADMIN/Edit Text/Bespoke/Seller Pages/Onboarding_Settings/input_SAVE_btn_save'

2020-03-20 10:37:58 - [MESSAGE][PASSED] - Keys '*' sent to object: 'Object Repository/ADMIN/Edit Text/Bespoke/Seller Pages/Onboarding_Settings/input_SAVE_btn_save'

2020-03-20 10:37:58 - [TEST_STEP][PASSED] - sendKeys(findTestObject("ADMIN/Edit Text/Bespoke/Seller Pages/Onboarding_Settings/input_Are you sure want to delete_popup-title"), "*"): Keys '*' sent to object: 'Object Repository/ADMIN/Edit Text/Bespoke/Seller Pages/Onboarding_Settings/input_Are you sure want to delete_popup-title'

2020-03-20 10:37:58 - [MESSAGE][PASSED] - Keys '*' sent to object: 'Object Repository/ADMIN/Edit Text/Bespoke/Seller Pages/Onboarding_Settings/input_Are you sure want to delete_popup-title'

2020-03-20 10:37:58 - [TEST_STEP][PASSED] - sendKeys(findTestObject("ADMIN/Edit Text/Bespoke/Seller Pages/Onboarding_Settings/input_CANCEL_btn_cancel"), "*"): Keys '*' sent to object: 'Object Repository/ADMIN/Edit Text/Bespoke/Seller Pages/Onboarding_Settings/input_CANCEL_btn_cancel'

2020-03-20 10:37:58 - [MESSAGE][PASSED] - Keys '*' sent to object: 'Object Repository/ADMIN/Edit Text/Bespoke/Seller Pages/Onboarding_Settings/input_CANCEL_btn_cancel'

2020-03-20 10:37:58 - [TEST_STEP][PASSED] - sendKeys(findTestObject("ADMIN/Edit Text/Bespoke/Seller Pages/Onboarding_Settings/input_Okay_btn_okay"), "*"): Keys '*' sent to object: 'Object Repository/ADMIN/Edit Text/Bespoke/Seller Pages/Onboarding_Settings/input_Okay_btn_okay'

2020-03-20 10:37:58 - [MESSAGE][PASSED] - Keys '*' sent to object: 'Object Repository/ADMIN/Edit Text/Bespoke/Seller Pages/Onboarding_Settings/input_Okay_btn_okay'

2020-03-20 10:37:58 - [TEST_STEP][PASSED] - sendKeys(findTestObject("ADMIN/Edit Text/Bespoke/Seller Pages/Onboarding_Settings/input_REMOVE ITEM_popup-title"), "*"): Keys '*' sent to object: 'Object Repository/ADMIN/Edit Text/Bespoke/Seller Pages/Onboarding_Settings/input_REMOVE ITEM_popup-title'

2020-03-20 10:37:58 - [MESSAGE][PASSED] - Keys '*' sent to object: 'Object Repository/ADMIN/Edit Text/Bespoke/Seller Pages/Onboarding_Settings/input_REMOVE ITEM_popup-title'

2020-03-20 10:37:58 - [TEST_STEP][PASSED] - sendKeys(findTestObject("ADMIN/Edit Text/Bespoke/Seller Pages/Onboarding_Settings/input_concat(Are you sure about removing this item from your list (It  ll be gone forever))_popup-title"), "*"): Keys '*' sent to object: 'Object Repository/ADMIN/Edit Text/Bespoke/Seller Pages/Onboarding_Settings/input_concat(Are you sure about removing this item from your list (It  ll be gone forever))_popup-title'

2020-03-20 10:37:58 - [MESSAGE][PASSED] - Keys '*' sent to object: 'Object Repository/ADMIN/Edit Text/Bespoke/Seller Pages/Onboarding_Settings/input_concat(Are you sure about removing this item from your list (It  ll be gone forever))_popup-title'

2020-03-20 10:37:58 - [TEST_STEP][PASSED] - sendKeys(findTestObject("ADMIN/Edit Text/Bespoke/Seller Pages/Onboarding_Settings/input_CANCEL_btn_cancel2"), "*"): Keys '*' sent to object: 'Object Repository/ADMIN/Edit Text/Bespoke/Seller Pages/Onboarding_Settings/input_CANCEL_btn_cancel2'

2020-03-20 10:37:58 - [MESSAGE][PASSED] - Keys '*' sent to object: 'Object Repository/ADMIN/Edit Text/Bespoke/Seller Pages/Onboarding_Settings/input_CANCEL_btn_cancel2'

2020-03-20 10:37:58 - [TEST_STEP][PASSED] - sendKeys(findTestObject("ADMIN/Edit Text/Bespoke/Seller Pages/Onboarding_Settings/input_Okay_btn_okay2"), "*"): Keys '*' sent to object: 'Object Repository/ADMIN/Edit Text/Bespoke/Seller Pages/Onboarding_Settings/input_Okay_btn_okay2'

2020-03-20 10:37:59 - [MESSAGE][PASSED] - Keys '*' sent to object: 'Object Repository/ADMIN/Edit Text/Bespoke/Seller Pages/Onboarding_Settings/input_Okay_btn_okay2'

2020-03-20 10:37:59 - [TEST_STEP][PASSED] - sendKeys(findTestObject("ADMIN/Edit Text/Bespoke/Seller Pages/Onboarding_Settings/input_Back_tab-title"), "*"): Keys '*' sent to object: 'Object Repository/ADMIN/Edit Text/Bespoke/Seller Pages/Onboarding_Settings/input_Back_tab-title'

2020-03-20 10:37:59 - [MESSAGE][PASSED] - Keys '*' sent to object: 'Object Repository/ADMIN/Edit Text/Bespoke/Seller Pages/Onboarding_Settings/input_Back_tab-title'

2020-03-20 10:37:59 - [TEST_STEP][PASSED] - sendKeys(findTestObject("ADMIN/Edit Text/Bespoke/Seller Pages/Onboarding_Settings/input_ACCOUNT CONFIGURATION_tab-title"), "*"): Keys '*' sent to object: 'Object Repository/ADMIN/Edit Text/Bespoke/Seller Pages/Onboarding_Settings/input_ACCOUNT CONFIGURATION_tab-title'

2020-03-20 10:37:59 - [MESSAGE][PASSED] - Keys '*' sent to object: 'Object Repository/ADMIN/Edit Text/Bespoke/Seller Pages/Onboarding_Settings/input_ACCOUNT CONFIGURATION_tab-title'

2020-03-20 10:37:59 - [TEST_STEP][PASSED] - sendKeys(findTestObject("ADMIN/Edit Text/Bespoke/Seller Pages/Onboarding_Settings/textarea_Your details entered here will be saved and verified by Omise Money you earn from your sales will be accredited to your bank account directly"), "*"): Keys '*' sent to object: 'Object Repository/ADMIN/Edit Text/Bespoke/Seller Pages/Onboarding_Settings/textarea_Your details entered here will be saved and verified by Omise Money you earn from your sales will be accredited to your bank account directly'

2020-03-20 10:37:59 - [MESSAGE][PASSED] - Keys '*' sent to object: 'Object Repository/ADMIN/Edit Text/Bespoke/Seller Pages/Onboarding_Settings/textarea_Your details entered here will be saved and verified by Omise Money you earn from your sales will be accredited to your bank account directly'

2020-03-20 10:37:59 - [TEST_STEP][PASSED] - sendKeys(findTestObject("ADMIN/Edit Text/Bespoke/Seller Pages/Onboarding_Settings/input_TYPE_tab-title"), "*"): Keys '*' sent to object: 'Object Repository/ADMIN/Edit Text/Bespoke/Seller Pages/Onboarding_Settings/input_TYPE_tab-title'

2020-03-20 10:37:59 - [MESSAGE][PASSED] - Keys '*' sent to object: 'Object Repository/ADMIN/Edit Text/Bespoke/Seller Pages/Onboarding_Settings/input_TYPE_tab-title'

2020-03-20 10:37:59 - [TEST_STEP][PASSED] - sendKeys(findTestObject("ADMIN/Edit Text/Bespoke/Seller Pages/Onboarding_Settings/input_Tax identification number (optional)_tab-title"), "*"): Keys '*' sent to object: 'Object Repository/ADMIN/Edit Text/Bespoke/Seller Pages/Onboarding_Settings/input_Tax identification number (optional)_tab-title'

2020-03-20 10:37:59 - [MESSAGE][PASSED] - Keys '*' sent to object: 'Object Repository/ADMIN/Edit Text/Bespoke/Seller Pages/Onboarding_Settings/input_Tax identification number (optional)_tab-title'

2020-03-20 10:37:59 - [TEST_STEP][PASSED] - sendKeys(findTestObject("ADMIN/Edit Text/Bespoke/Seller Pages/Onboarding_Settings/input_Individual_tab-title"), "*"): Keys '*' sent to object: 'Object Repository/ADMIN/Edit Text/Bespoke/Seller Pages/Onboarding_Settings/input_Individual_tab-title'

2020-03-20 10:37:59 - [MESSAGE][PASSED] - Keys '*' sent to object: 'Object Repository/ADMIN/Edit Text/Bespoke/Seller Pages/Onboarding_Settings/input_Individual_tab-title'

2020-03-20 10:37:59 - [TEST_STEP][PASSED] - sendKeys(findTestObject("ADMIN/Edit Text/Bespoke/Seller Pages/Onboarding_Settings/input_Corporate_tab-title"), "*"): Keys '*' sent to object: 'Object Repository/ADMIN/Edit Text/Bespoke/Seller Pages/Onboarding_Settings/input_Corporate_tab-title'

2020-03-20 10:37:59 - [MESSAGE][PASSED] - Keys '*' sent to object: 'Object Repository/ADMIN/Edit Text/Bespoke/Seller Pages/Onboarding_Settings/input_Corporate_tab-title'

2020-03-20 10:37:59 - [TEST_STEP][PASSED] - sendKeys(findTestObject("ADMIN/Edit Text/Bespoke/Seller Pages/Onboarding_Settings/input_Bank  branch code_tab-title"), "*"): Keys '*' sent to object: 'Object Repository/ADMIN/Edit Text/Bespoke/Seller Pages/Onboarding_Settings/input_Bank  branch code_tab-title'

2020-03-20 10:38:00 - [MESSAGE][PASSED] - Keys '*' sent to object: 'Object Repository/ADMIN/Edit Text/Bespoke/Seller Pages/Onboarding_Settings/input_Bank  branch code_tab-title'

2020-03-20 10:38:00 - [TEST_STEP][PASSED] - sendKeys(findTestObject("ADMIN/Edit Text/Bespoke/Seller Pages/Onboarding_Settings/input_Bank account number_tab-title"), "*"): Keys '*' sent to object: 'Object Repository/ADMIN/Edit Text/Bespoke/Seller Pages/Onboarding_Settings/input_Bank account number_tab-title'

2020-03-20 10:38:00 - [MESSAGE][PASSED] - Keys '*' sent to object: 'Object Repository/ADMIN/Edit Text/Bespoke/Seller Pages/Onboarding_Settings/input_Bank account number_tab-title'

2020-03-20 10:38:00 - [TEST_STEP][PASSED] - sendKeys(findTestObject("ADMIN/Edit Text/Bespoke/Seller Pages/Onboarding_Settings/input_Bank account name_tab-title"), "*"): Keys '*' sent to object: 'Object Repository/ADMIN/Edit Text/Bespoke/Seller Pages/Onboarding_Settings/input_Bank account name_tab-title'

2020-03-20 10:38:00 - [MESSAGE][PASSED] - Keys '*' sent to object: 'Object Repository/ADMIN/Edit Text/Bespoke/Seller Pages/Onboarding_Settings/input_Bank account name_tab-title'

2020-03-20 10:38:00 - [TEST_STEP][PASSED] - click(findTestObject("ADMIN/Edit Text/Bespoke/Buyer Pages/Homepage/button_save"), CONTINUE_ON_FAILURE): Object: 'Object Repository/ADMIN/Edit Text/Bespoke/Buyer Pages/Homepage/button_save' is clicked on

2020-03-20 10:38:00 - [MESSAGE][PASSED] - Object: 'Object Repository/ADMIN/Edit Text/Bespoke/Buyer Pages/Homepage/button_save' is clicked on

2020-03-20 10:38:00 - [TEST_STEP][PASSED] - waitForElementVisible(findTestObject("ADMIN/Edit Text/Bespoke/Buyer Pages/Homepage/toaster_success"), 0): Object 'Object Repository/ADMIN/Edit Text/Bespoke/Buyer Pages/Homepage/toaster_success' is visible

2020-03-20 10:38:00 - [MESSAGE][WARNING] - Timeout '0' is invalid. Using default page load timeout: '30'

2020-03-20 10:38:01 - [MESSAGE][PASSED] - Object 'Object Repository/ADMIN/Edit Text/Bespoke/Buyer Pages/Homepage/toaster_success' is visible]]></system-out>
         <system-err><![CDATA[]]></system-err>
      </testcase>
      <testcase name="Test Cases/ADMIN/Language/Edit Text/Bespoke/Seller/Onboarding_Settings" time="11.837" classname="Test Cases/ADMIN/Language/Edit Text/Bespoke/Seller/Onboarding_Settings" status="PASSED">
         <system-out><![CDATA[2020-03-20 10:38:01 - [TEST_CASE][PASSED] - Test Cases/ADMIN/Language/Edit Text/Bespoke/Seller/Onboarding_Settings: Test Cases/ADMIN/Language/Edit Text/Bespoke/Seller/Onboarding_Settings

2020-03-20 10:38:01 - [TEST_STEP][PASSED] - waitForElementVisible(findTestObject("ADMIN/Edit Text/Bespoke/Buyer Navigation/dd_language"), 0): Object 'Object Repository/ADMIN/Edit Text/Bespoke/Buyer Navigation/dd_language' is visible

2020-03-20 10:38:01 - [MESSAGE][WARNING] - Timeout '0' is invalid. Using default page load timeout: '30'

2020-03-20 10:38:01 - [MESSAGE][PASSED] - Object 'Object Repository/ADMIN/Edit Text/Bespoke/Buyer Navigation/dd_language' is visible

2020-03-20 10:38:01 - [TEST_STEP][PASSED] - selectOptionByLabel(findTestObject("ADMIN/Edit Text/Bespoke/Buyer Navigation/dd_language"), varLanguage, false): All options with label 'English' are selected in object 'Object Repository/ADMIN/Edit Text/Bespoke/Buyer Navigation/dd_language' 

2020-03-20 10:38:02 - [MESSAGE][PASSED] - All options with label 'English' are selected in object 'Object Repository/ADMIN/Edit Text/Bespoke/Buyer Navigation/dd_language' 

2020-03-20 10:38:02 - [TEST_STEP][PASSED] - sendKeys(findTestObject("ADMIN/Edit Text/Bespoke/Seller Pages/Onboarding_Settings/input_USER SETTINGS_marketplace-name"), "*"): Keys '*' sent to object: 'Object Repository/ADMIN/Edit Text/Bespoke/Seller Pages/Onboarding_Settings/input_USER SETTINGS_marketplace-name'

2020-03-20 10:38:02 - [MESSAGE][PASSED] - Keys '*' sent to object: 'Object Repository/ADMIN/Edit Text/Bespoke/Seller Pages/Onboarding_Settings/input_USER SETTINGS_marketplace-name'

2020-03-20 10:38:02 - [TEST_STEP][PASSED] - sendKeys(findTestObject("ADMIN/Edit Text/Bespoke/Seller Pages/Onboarding_Settings/input_Configure your profile your delivery methods and how you receive payments_item_details"), "*"): Keys '*' sent to object: 'Object Repository/ADMIN/Edit Text/Bespoke/Seller Pages/Onboarding_Settings/input_Configure your profile your delivery methods and how you receive payments_item_details'

2020-03-20 10:38:02 - [MESSAGE][PASSED] - Keys '*' sent to object: 'Object Repository/ADMIN/Edit Text/Bespoke/Seller Pages/Onboarding_Settings/input_Configure your profile your delivery methods and how you receive payments_item_details'

2020-03-20 10:38:02 - [TEST_STEP][PASSED] - sendKeys(findTestObject("ADMIN/Edit Text/Bespoke/Seller Pages/Onboarding_Settings/input_PROFILE_tab-title"), "*"): Keys '*' sent to object: 'Object Repository/ADMIN/Edit Text/Bespoke/Seller Pages/Onboarding_Settings/input_PROFILE_tab-title'

2020-03-20 10:38:02 - [MESSAGE][PASSED] - Keys '*' sent to object: 'Object Repository/ADMIN/Edit Text/Bespoke/Seller Pages/Onboarding_Settings/input_PROFILE_tab-title'

2020-03-20 10:38:02 - [TEST_STEP][PASSED] - sendKeys(findTestObject("ADMIN/Edit Text/Bespoke/Seller Pages/Onboarding_Settings/input_CHANGE_btn_upload"), "*"): Keys '*' sent to object: 'Object Repository/ADMIN/Edit Text/Bespoke/Seller Pages/Onboarding_Settings/input_CHANGE_btn_upload'

2020-03-20 10:38:03 - [MESSAGE][PASSED] - Keys '*' sent to object: 'Object Repository/ADMIN/Edit Text/Bespoke/Seller Pages/Onboarding_Settings/input_CHANGE_btn_upload'

2020-03-20 10:38:03 - [TEST_STEP][PASSED] - sendKeys(findTestObject("ADMIN/Edit Text/Bespoke/Seller Pages/Onboarding_Settings/input_DISPLAY NAME_display-name"), "*"): Keys '*' sent to object: 'Object Repository/ADMIN/Edit Text/Bespoke/Seller Pages/Onboarding_Settings/input_DISPLAY NAME_display-name'

2020-03-20 10:38:03 - [MESSAGE][PASSED] - Keys '*' sent to object: 'Object Repository/ADMIN/Edit Text/Bespoke/Seller Pages/Onboarding_Settings/input_DISPLAY NAME_display-name'

2020-03-20 10:38:03 - [TEST_STEP][PASSED] - sendKeys(findTestObject("ADMIN/Edit Text/Bespoke/Seller Pages/Onboarding_Settings/input_DESCRIPTION_description"), "*"): Keys '*' sent to object: 'Object Repository/ADMIN/Edit Text/Bespoke/Seller Pages/Onboarding_Settings/input_DESCRIPTION_description'

2020-03-20 10:38:03 - [MESSAGE][PASSED] - Keys '*' sent to object: 'Object Repository/ADMIN/Edit Text/Bespoke/Seller Pages/Onboarding_Settings/input_DESCRIPTION_description'

2020-03-20 10:38:03 - [TEST_STEP][PASSED] - sendKeys(findTestObject("ADMIN/Edit Text/Bespoke/Seller Pages/Onboarding_Settings/input_FIRST NAME_first-name"), "*"): Keys '*' sent to object: 'Object Repository/ADMIN/Edit Text/Bespoke/Seller Pages/Onboarding_Settings/input_FIRST NAME_first-name'

2020-03-20 10:38:03 - [MESSAGE][PASSED] - Keys '*' sent to object: 'Object Repository/ADMIN/Edit Text/Bespoke/Seller Pages/Onboarding_Settings/input_FIRST NAME_first-name'

2020-03-20 10:38:03 - [TEST_STEP][PASSED] - sendKeys(findTestObject("ADMIN/Edit Text/Bespoke/Seller Pages/Onboarding_Settings/input_LAST NAME_last-name"), "*"): Keys '*' sent to object: 'Object Repository/ADMIN/Edit Text/Bespoke/Seller Pages/Onboarding_Settings/input_LAST NAME_last-name'

2020-03-20 10:38:03 - [MESSAGE][PASSED] - Keys '*' sent to object: 'Object Repository/ADMIN/Edit Text/Bespoke/Seller Pages/Onboarding_Settings/input_LAST NAME_last-name'

2020-03-20 10:38:03 - [TEST_STEP][PASSED] - sendKeys(findTestObject("ADMIN/Edit Text/Bespoke/Seller Pages/Onboarding_Settings/input_NOTIFICATION EMAIL_notification-email"), "*"): Keys '*' sent to object: 'Object Repository/ADMIN/Edit Text/Bespoke/Seller Pages/Onboarding_Settings/input_NOTIFICATION EMAIL_notification-email'

2020-03-20 10:38:04 - [MESSAGE][PASSED] - Keys '*' sent to object: 'Object Repository/ADMIN/Edit Text/Bespoke/Seller Pages/Onboarding_Settings/input_NOTIFICATION EMAIL_notification-email'

2020-03-20 10:38:04 - [TEST_STEP][PASSED] - sendKeys(findTestObject("ADMIN/Edit Text/Bespoke/Seller Pages/Onboarding_Settings/input_CONTACT NUMBER_contact-number"), "*"): Keys '*' sent to object: 'Object Repository/ADMIN/Edit Text/Bespoke/Seller Pages/Onboarding_Settings/input_CONTACT NUMBER_contact-number'

2020-03-20 10:38:04 - [MESSAGE][PASSED] - Keys '*' sent to object: 'Object Repository/ADMIN/Edit Text/Bespoke/Seller Pages/Onboarding_Settings/input_CONTACT NUMBER_contact-number'

2020-03-20 10:38:04 - [TEST_STEP][PASSED] - sendKeys(findTestObject("ADMIN/Edit Text/Bespoke/Seller Pages/Onboarding_Settings/input_OPENID LOGIN_open-id-login"), "*"): Keys '*' sent to object: 'Object Repository/ADMIN/Edit Text/Bespoke/Seller Pages/Onboarding_Settings/input_OPENID LOGIN_open-id-login'

2020-03-20 10:38:04 - [MESSAGE][PASSED] - Keys '*' sent to object: 'Object Repository/ADMIN/Edit Text/Bespoke/Seller Pages/Onboarding_Settings/input_OPENID LOGIN_open-id-login'

2020-03-20 10:38:04 - [TEST_STEP][PASSED] - sendKeys(findTestObject("ADMIN/Edit Text/Bespoke/Seller Pages/Onboarding_Settings/input_SELLER LOCATION_seller_location"), "*"): Keys '*' sent to object: 'Object Repository/ADMIN/Edit Text/Bespoke/Seller Pages/Onboarding_Settings/input_SELLER LOCATION_seller_location'

2020-03-20 10:38:04 - [MESSAGE][PASSED] - Keys '*' sent to object: 'Object Repository/ADMIN/Edit Text/Bespoke/Seller Pages/Onboarding_Settings/input_SELLER LOCATION_seller_location'

2020-03-20 10:38:04 - [TEST_STEP][PASSED] - sendKeys(findTestObject("ADMIN/Edit Text/Bespoke/Seller Pages/Onboarding_Settings/textarea_For each transaction that is made through the marketplace there will be a seller transaction fee of"), "*"): Keys '*' sent to object: 'Object Repository/ADMIN/Edit Text/Bespoke/Seller Pages/Onboarding_Settings/textarea_For each transaction that is made through the marketplace there will be a seller transaction fee of'

2020-03-20 10:38:04 - [MESSAGE][PASSED] - Keys '*' sent to object: 'Object Repository/ADMIN/Edit Text/Bespoke/Seller Pages/Onboarding_Settings/textarea_For each transaction that is made through the marketplace there will be a seller transaction fee of'

2020-03-20 10:38:04 - [TEST_STEP][PASSED] - sendKeys(findTestObject("ADMIN/Edit Text/Bespoke/Seller Pages/Onboarding_Settings/input_NEXT_btn_next"), "*"): Keys '*' sent to object: 'Object Repository/ADMIN/Edit Text/Bespoke/Seller Pages/Onboarding_Settings/input_NEXT_btn_next'

2020-03-20 10:38:04 - [MESSAGE][PASSED] - Keys '*' sent to object: 'Object Repository/ADMIN/Edit Text/Bespoke/Seller Pages/Onboarding_Settings/input_NEXT_btn_next'

2020-03-20 10:38:04 - [TEST_STEP][PASSED] - sendKeys(findTestObject("ADMIN/Edit Text/Bespoke/Seller Pages/Onboarding_Settings/input_ADDRESS_tab-title"), "*"): Keys '*' sent to object: 'Object Repository/ADMIN/Edit Text/Bespoke/Seller Pages/Onboarding_Settings/input_ADDRESS_tab-title'

2020-03-20 10:38:04 - [MESSAGE][PASSED] - Keys '*' sent to object: 'Object Repository/ADMIN/Edit Text/Bespoke/Seller Pages/Onboarding_Settings/input_ADDRESS_tab-title'

2020-03-20 10:38:04 - [TEST_STEP][PASSED] - sendKeys(findTestObject("ADMIN/Edit Text/Bespoke/Seller Pages/Onboarding_Settings/input_NEW DELIVERY ADDRESS_new-delivery-address"), "*"): Keys '*' sent to object: 'Object Repository/ADMIN/Edit Text/Bespoke/Seller Pages/Onboarding_Settings/input_NEW DELIVERY ADDRESS_new-delivery-address'

2020-03-20 10:38:05 - [MESSAGE][PASSED] - Keys '*' sent to object: 'Object Repository/ADMIN/Edit Text/Bespoke/Seller Pages/Onboarding_Settings/input_NEW DELIVERY ADDRESS_new-delivery-address'

2020-03-20 10:38:05 - [TEST_STEP][PASSED] - sendKeys(findTestObject("ADMIN/Edit Text/Bespoke/Seller Pages/Onboarding_Settings/input_ADDRESSEE FIRST NAME_addressee-first-name"), "*"): Keys '*' sent to object: 'Object Repository/ADMIN/Edit Text/Bespoke/Seller Pages/Onboarding_Settings/input_ADDRESSEE FIRST NAME_addressee-first-name'

2020-03-20 10:38:05 - [MESSAGE][PASSED] - Keys '*' sent to object: 'Object Repository/ADMIN/Edit Text/Bespoke/Seller Pages/Onboarding_Settings/input_ADDRESSEE FIRST NAME_addressee-first-name'

2020-03-20 10:38:05 - [TEST_STEP][PASSED] - sendKeys(findTestObject("ADMIN/Edit Text/Bespoke/Seller Pages/Onboarding_Settings/input_ADDRESSEE LAST NAME_addressee-last-name"), "*"): Keys '*' sent to object: 'Object Repository/ADMIN/Edit Text/Bespoke/Seller Pages/Onboarding_Settings/input_ADDRESSEE LAST NAME_addressee-last-name'

2020-03-20 10:38:05 - [MESSAGE][PASSED] - Keys '*' sent to object: 'Object Repository/ADMIN/Edit Text/Bespoke/Seller Pages/Onboarding_Settings/input_ADDRESSEE LAST NAME_addressee-last-name'

2020-03-20 10:38:05 - [TEST_STEP][PASSED] - sendKeys(findTestObject("ADMIN/Edit Text/Bespoke/Seller Pages/Onboarding_Settings/input_ADDRESS_address"), "*"): Keys '*' sent to object: 'Object Repository/ADMIN/Edit Text/Bespoke/Seller Pages/Onboarding_Settings/input_ADDRESS_address'

2020-03-20 10:38:05 - [MESSAGE][PASSED] - Keys '*' sent to object: 'Object Repository/ADMIN/Edit Text/Bespoke/Seller Pages/Onboarding_Settings/input_ADDRESS_address'

2020-03-20 10:38:05 - [TEST_STEP][PASSED] - sendKeys(findTestObject("ADMIN/Edit Text/Bespoke/Seller Pages/Onboarding_Settings/input_SELECT COUNTRY_select-country"), "*"): Keys '*' sent to object: 'Object Repository/ADMIN/Edit Text/Bespoke/Seller Pages/Onboarding_Settings/input_SELECT COUNTRY_select-country'

2020-03-20 10:38:05 - [MESSAGE][PASSED] - Keys '*' sent to object: 'Object Repository/ADMIN/Edit Text/Bespoke/Seller Pages/Onboarding_Settings/input_SELECT COUNTRY_select-country'

2020-03-20 10:38:05 - [TEST_STEP][PASSED] - sendKeys(findTestObject("ADMIN/Edit Text/Bespoke/Seller Pages/Onboarding_Settings/input_COUNTRY_address-country"), "*"): Keys '*' sent to object: 'Object Repository/ADMIN/Edit Text/Bespoke/Seller Pages/Onboarding_Settings/input_COUNTRY_address-country'

2020-03-20 10:38:05 - [MESSAGE][PASSED] - Keys '*' sent to object: 'Object Repository/ADMIN/Edit Text/Bespoke/Seller Pages/Onboarding_Settings/input_COUNTRY_address-country'

2020-03-20 10:38:05 - [TEST_STEP][PASSED] - sendKeys(findTestObject("ADMIN/Edit Text/Bespoke/Seller Pages/Onboarding_Settings/input_STATE_address-state"), "*"): Keys '*' sent to object: 'Object Repository/ADMIN/Edit Text/Bespoke/Seller Pages/Onboarding_Settings/input_STATE_address-state'

2020-03-20 10:38:06 - [MESSAGE][PASSED] - Keys '*' sent to object: 'Object Repository/ADMIN/Edit Text/Bespoke/Seller Pages/Onboarding_Settings/input_STATE_address-state'

2020-03-20 10:38:06 - [TEST_STEP][PASSED] - sendKeys(findTestObject("ADMIN/Edit Text/Bespoke/Seller Pages/Onboarding_Settings/input_CITY_address-city"), "*"): Keys '*' sent to object: 'Object Repository/ADMIN/Edit Text/Bespoke/Seller Pages/Onboarding_Settings/input_CITY_address-city'

2020-03-20 10:38:06 - [MESSAGE][PASSED] - Keys '*' sent to object: 'Object Repository/ADMIN/Edit Text/Bespoke/Seller Pages/Onboarding_Settings/input_CITY_address-city'

2020-03-20 10:38:06 - [TEST_STEP][PASSED] - sendKeys(findTestObject("ADMIN/Edit Text/Bespoke/Seller Pages/Onboarding_Settings/input_POSTAL CODE_address-postalcode"), "*"): Keys '*' sent to object: 'Object Repository/ADMIN/Edit Text/Bespoke/Seller Pages/Onboarding_Settings/input_POSTAL CODE_address-postalcode'

2020-03-20 10:38:06 - [MESSAGE][PASSED] - Keys '*' sent to object: 'Object Repository/ADMIN/Edit Text/Bespoke/Seller Pages/Onboarding_Settings/input_POSTAL CODE_address-postalcode'

2020-03-20 10:38:06 - [TEST_STEP][PASSED] - sendKeys(findTestObject("ADMIN/Edit Text/Bespoke/Seller Pages/Onboarding_Settings/input_ADD ADDRESS_btn_add"), "*"): Keys '*' sent to object: 'Object Repository/ADMIN/Edit Text/Bespoke/Seller Pages/Onboarding_Settings/input_ADD ADDRESS_btn_add'

2020-03-20 10:38:06 - [MESSAGE][PASSED] - Keys '*' sent to object: 'Object Repository/ADMIN/Edit Text/Bespoke/Seller Pages/Onboarding_Settings/input_ADD ADDRESS_btn_add'

2020-03-20 10:38:06 - [TEST_STEP][PASSED] - sendKeys(findTestObject("ADMIN/Edit Text/Bespoke/Seller Pages/Onboarding_Settings/input_SAVED ADDRESSES_address-saved"), "*"): Keys '*' sent to object: 'Object Repository/ADMIN/Edit Text/Bespoke/Seller Pages/Onboarding_Settings/input_SAVED ADDRESSES_address-saved'

2020-03-20 10:38:06 - [MESSAGE][PASSED] - Keys '*' sent to object: 'Object Repository/ADMIN/Edit Text/Bespoke/Seller Pages/Onboarding_Settings/input_SAVED ADDRESSES_address-saved'

2020-03-20 10:38:06 - [TEST_STEP][PASSED] - sendKeys(findTestObject("ADMIN/Edit Text/Bespoke/Seller Pages/Onboarding_Settings/input_Next_btn_next (1)"), "*"): Keys '*' sent to object: 'Object Repository/ADMIN/Edit Text/Bespoke/Seller Pages/Onboarding_Settings/input_Next_btn_next (1)'

2020-03-20 10:38:06 - [MESSAGE][PASSED] - Keys '*' sent to object: 'Object Repository/ADMIN/Edit Text/Bespoke/Seller Pages/Onboarding_Settings/input_Next_btn_next (1)'

2020-03-20 10:38:06 - [TEST_STEP][PASSED] - sendKeys(findTestObject("ADMIN/Edit Text/Bespoke/Seller Pages/Onboarding_Settings/input_PAYMENT ACCEPTANCE_tan-title"), "*"): Keys '*' sent to object: 'Object Repository/ADMIN/Edit Text/Bespoke/Seller Pages/Onboarding_Settings/input_PAYMENT ACCEPTANCE_tan-title'

2020-03-20 10:38:06 - [MESSAGE][PASSED] - Keys '*' sent to object: 'Object Repository/ADMIN/Edit Text/Bespoke/Seller Pages/Onboarding_Settings/input_PAYMENT ACCEPTANCE_tan-title'

2020-03-20 10:38:06 - [TEST_STEP][PASSED] - sendKeys(findTestObject("ADMIN/Edit Text/Bespoke/Seller Pages/Onboarding_Settings/input_PAYMENT METHOD_payment_method"), "*"): Keys '*' sent to object: 'Object Repository/ADMIN/Edit Text/Bespoke/Seller Pages/Onboarding_Settings/input_PAYMENT METHOD_payment_method'

2020-03-20 10:38:06 - [MESSAGE][PASSED] - Keys '*' sent to object: 'Object Repository/ADMIN/Edit Text/Bespoke/Seller Pages/Onboarding_Settings/input_PAYMENT METHOD_payment_method'

2020-03-20 10:38:06 - [TEST_STEP][PASSED] - sendKeys(findTestObject("ADMIN/Edit Text/Bespoke/Seller Pages/Onboarding_Settings/input_Select your preferred payment method_select_payment_method"), "*"): Keys '*' sent to object: 'Object Repository/ADMIN/Edit Text/Bespoke/Seller Pages/Onboarding_Settings/input_Select your preferred payment method_select_payment_method'

2020-03-20 10:38:07 - [MESSAGE][PASSED] - Keys '*' sent to object: 'Object Repository/ADMIN/Edit Text/Bespoke/Seller Pages/Onboarding_Settings/input_Select your preferred payment method_select_payment_method'

2020-03-20 10:38:07 - [TEST_STEP][PASSED] - sendKeys(findTestObject("ADMIN/Edit Text/Bespoke/Seller Pages/Onboarding_Settings/input_LINK ACCOUNT_btn_link_account"), "*"): Keys '*' sent to object: 'Object Repository/ADMIN/Edit Text/Bespoke/Seller Pages/Onboarding_Settings/input_LINK ACCOUNT_btn_link_account'

2020-03-20 10:38:07 - [MESSAGE][PASSED] - Keys '*' sent to object: 'Object Repository/ADMIN/Edit Text/Bespoke/Seller Pages/Onboarding_Settings/input_LINK ACCOUNT_btn_link_account'

2020-03-20 10:38:07 - [TEST_STEP][PASSED] - sendKeys(findTestObject("ADMIN/Edit Text/Bespoke/Seller Pages/Onboarding_Settings/input_VERIFIED_verified"), "*"): Keys '*' sent to object: 'Object Repository/ADMIN/Edit Text/Bespoke/Seller Pages/Onboarding_Settings/input_VERIFIED_verified'

2020-03-20 10:38:07 - [MESSAGE][PASSED] - Keys '*' sent to object: 'Object Repository/ADMIN/Edit Text/Bespoke/Seller Pages/Onboarding_Settings/input_VERIFIED_verified'

2020-03-20 10:38:07 - [TEST_STEP][PASSED] - sendKeys(findTestObject("ADMIN/Edit Text/Bespoke/Seller Pages/Onboarding_Settings/input_This payment method is compulsory_this_method_compulsory"), "*"): Keys '*' sent to object: 'Object Repository/ADMIN/Edit Text/Bespoke/Seller Pages/Onboarding_Settings/input_This payment method is compulsory_this_method_compulsory'

2020-03-20 10:38:07 - [MESSAGE][PASSED] - Keys '*' sent to object: 'Object Repository/ADMIN/Edit Text/Bespoke/Seller Pages/Onboarding_Settings/input_This payment method is compulsory_this_method_compulsory'

2020-03-20 10:38:07 - [TEST_STEP][PASSED] - sendKeys(findTestObject("ADMIN/Edit Text/Bespoke/Seller Pages/Onboarding_Settings/input_No account linked yet_no-account-linked"), "*"): Keys '*' sent to object: 'Object Repository/ADMIN/Edit Text/Bespoke/Seller Pages/Onboarding_Settings/input_No account linked yet_no-account-linked'

2020-03-20 10:38:07 - [MESSAGE][PASSED] - Keys '*' sent to object: 'Object Repository/ADMIN/Edit Text/Bespoke/Seller Pages/Onboarding_Settings/input_No account linked yet_no-account-linked'

2020-03-20 10:38:07 - [TEST_STEP][PASSED] - sendKeys(findTestObject("ADMIN/Edit Text/Bespoke/Seller Pages/Onboarding_Settings/input_next3"), "*"): Keys '*' sent to object: 'Object Repository/ADMIN/Edit Text/Bespoke/Seller Pages/Onboarding_Settings/input_next3'

2020-03-20 10:38:07 - [MESSAGE][PASSED] - Keys '*' sent to object: 'Object Repository/ADMIN/Edit Text/Bespoke/Seller Pages/Onboarding_Settings/input_next3'

2020-03-20 10:38:07 - [TEST_STEP][PASSED] - sendKeys(findTestObject("ADMIN/Edit Text/Bespoke/Seller Pages/Onboarding_Settings/input_DELIVERY METHODS_tab-title1"), "*"): Keys '*' sent to object: 'Object Repository/ADMIN/Edit Text/Bespoke/Seller Pages/Onboarding_Settings/input_DELIVERY METHODS_tab-title1'

2020-03-20 10:38:08 - [MESSAGE][PASSED] - Keys '*' sent to object: 'Object Repository/ADMIN/Edit Text/Bespoke/Seller Pages/Onboarding_Settings/input_DELIVERY METHODS_tab-title1'

2020-03-20 10:38:08 - [TEST_STEP][PASSED] - sendKeys(findTestObject("ADMIN/Edit Text/Bespoke/Seller Pages/Onboarding_Settings/input_DELIVERY OPTIONS_delivery-option"), "*"): Keys '*' sent to object: 'Object Repository/ADMIN/Edit Text/Bespoke/Seller Pages/Onboarding_Settings/input_DELIVERY OPTIONS_delivery-option'

2020-03-20 10:38:08 - [MESSAGE][PASSED] - Keys '*' sent to object: 'Object Repository/ADMIN/Edit Text/Bespoke/Seller Pages/Onboarding_Settings/input_DELIVERY OPTIONS_delivery-option'

2020-03-20 10:38:08 - [TEST_STEP][PASSED] - sendKeys(findTestObject("ADMIN/Edit Text/Bespoke/Seller Pages/Onboarding_Settings/input_DELIVERY OPTIONS_delivery-txt2"), "*"): Keys '*' sent to object: 'Object Repository/ADMIN/Edit Text/Bespoke/Seller Pages/Onboarding_Settings/input_DELIVERY OPTIONS_delivery-txt2'

2020-03-20 10:38:08 - [MESSAGE][PASSED] - Keys '*' sent to object: 'Object Repository/ADMIN/Edit Text/Bespoke/Seller Pages/Onboarding_Settings/input_DELIVERY OPTIONS_delivery-txt2'

2020-03-20 10:38:08 - [TEST_STEP][PASSED] - sendKeys(findTestObject("ADMIN/Edit Text/Bespoke/Seller Pages/Onboarding_Settings/input_DELIVERY SERVICE_delivery-service"), "*"): Keys '*' sent to object: 'Object Repository/ADMIN/Edit Text/Bespoke/Seller Pages/Onboarding_Settings/input_DELIVERY SERVICE_delivery-service'

2020-03-20 10:38:08 - [MESSAGE][PASSED] - Keys '*' sent to object: 'Object Repository/ADMIN/Edit Text/Bespoke/Seller Pages/Onboarding_Settings/input_DELIVERY SERVICE_delivery-service'

2020-03-20 10:38:08 - [TEST_STEP][PASSED] - sendKeys(findTestObject("ADMIN/Edit Text/Bespoke/Seller Pages/Onboarding_Settings/input_SINGLE ITEM DELIVERY (A)_single-item-delivery"), "*"): Keys '*' sent to object: 'Object Repository/ADMIN/Edit Text/Bespoke/Seller Pages/Onboarding_Settings/input_SINGLE ITEM DELIVERY (A)_single-item-delivery'

2020-03-20 10:38:08 - [MESSAGE][PASSED] - Keys '*' sent to object: 'Object Repository/ADMIN/Edit Text/Bespoke/Seller Pages/Onboarding_Settings/input_SINGLE ITEM DELIVERY (A)_single-item-delivery'

2020-03-20 10:38:08 - [TEST_STEP][PASSED] - sendKeys(findTestObject("ADMIN/Edit Text/Bespoke/Seller Pages/Onboarding_Settings/input_WITH OTHER ITEM (B)_with-other-item"), "*"): Keys '*' sent to object: 'Object Repository/ADMIN/Edit Text/Bespoke/Seller Pages/Onboarding_Settings/input_WITH OTHER ITEM (B)_with-other-item'

2020-03-20 10:38:08 - [MESSAGE][PASSED] - Keys '*' sent to object: 'Object Repository/ADMIN/Edit Text/Bespoke/Seller Pages/Onboarding_Settings/input_WITH OTHER ITEM (B)_with-other-item'

2020-03-20 10:38:08 - [TEST_STEP][PASSED] - sendKeys(findTestObject("ADMIN/Edit Text/Bespoke/Seller Pages/Onboarding_Settings/input_ADD_btn_add"), "*"): Keys '*' sent to object: 'Object Repository/ADMIN/Edit Text/Bespoke/Seller Pages/Onboarding_Settings/input_ADD_btn_add'

2020-03-20 10:38:08 - [MESSAGE][PASSED] - Keys '*' sent to object: 'Object Repository/ADMIN/Edit Text/Bespoke/Seller Pages/Onboarding_Settings/input_ADD_btn_add'

2020-03-20 10:38:08 - [TEST_STEP][PASSED] - sendKeys(findTestObject("ADMIN/Edit Text/Bespoke/Seller Pages/Onboarding_Settings/input_PICK-UP LOCATIONS_pick-up-option"), "*"): Keys '*' sent to object: 'Object Repository/ADMIN/Edit Text/Bespoke/Seller Pages/Onboarding_Settings/input_PICK-UP LOCATIONS_pick-up-option'

2020-03-20 10:38:08 - [MESSAGE][PASSED] - Keys '*' sent to object: 'Object Repository/ADMIN/Edit Text/Bespoke/Seller Pages/Onboarding_Settings/input_PICK-UP LOCATIONS_pick-up-option'

2020-03-20 10:38:08 - [TEST_STEP][PASSED] - sendKeys(findTestObject("ADMIN/Edit Text/Bespoke/Seller Pages/Onboarding_Settings/textarea_Define the full address where the buyer can pick up from (You must have at least a delivery option or a pick-up location selected)"), "*"): Keys '*' sent to object: 'Object Repository/ADMIN/Edit Text/Bespoke/Seller Pages/Onboarding_Settings/textarea_Define the full address where the buyer can pick up from (You must have at least a delivery option or a pick-up location selected)'

2020-03-20 10:38:09 - [MESSAGE][PASSED] - Keys '*' sent to object: 'Object Repository/ADMIN/Edit Text/Bespoke/Seller Pages/Onboarding_Settings/textarea_Define the full address where the buyer can pick up from (You must have at least a delivery option or a pick-up location selected)'

2020-03-20 10:38:09 - [TEST_STEP][PASSED] - sendKeys(findTestObject("ADMIN/Edit Text/Bespoke/Seller Pages/Onboarding_Settings/input_Offer reduced shipping costs to buyers when they buy more than one item from you_delivery-txt2"), "*"): Keys '*' sent to object: 'Object Repository/ADMIN/Edit Text/Bespoke/Seller Pages/Onboarding_Settings/input_Offer reduced shipping costs to buyers when they buy more than one item from you_delivery-txt2'

2020-03-20 10:38:09 - [MESSAGE][PASSED] - Keys '*' sent to object: 'Object Repository/ADMIN/Edit Text/Bespoke/Seller Pages/Onboarding_Settings/input_Offer reduced shipping costs to buyers when they buy more than one item from you_delivery-txt2'

2020-03-20 10:38:09 - [TEST_STEP][PASSED] - sendKeys(findTestObject("ADMIN/Edit Text/Bespoke/Seller Pages/Onboarding_Settings/input_total delivery"), "*"): Keys '*' sent to object: 'Object Repository/ADMIN/Edit Text/Bespoke/Seller Pages/Onboarding_Settings/input_total delivery'

2020-03-20 10:38:09 - [MESSAGE][PASSED] - Keys '*' sent to object: 'Object Repository/ADMIN/Edit Text/Bespoke/Seller Pages/Onboarding_Settings/input_total delivery'

2020-03-20 10:38:09 - [TEST_STEP][PASSED] - sendKeys(findTestObject("ADMIN/Edit Text/Bespoke/Seller Pages/Onboarding_Settings/input_add1"), "*"): Keys '*' sent to object: 'Object Repository/ADMIN/Edit Text/Bespoke/Seller Pages/Onboarding_Settings/input_add1'

2020-03-20 10:38:09 - [MESSAGE][PASSED] - Keys '*' sent to object: 'Object Repository/ADMIN/Edit Text/Bespoke/Seller Pages/Onboarding_Settings/input_add1'

2020-03-20 10:38:09 - [TEST_STEP][PASSED] - sendKeys(findTestObject("ADMIN/Edit Text/Bespoke/Seller Pages/Onboarding_Settings/input_PICK-UP LOCATION ADDRESS_pick-up-address"), "*"): Keys '*' sent to object: 'Object Repository/ADMIN/Edit Text/Bespoke/Seller Pages/Onboarding_Settings/input_PICK-UP LOCATION ADDRESS_pick-up-address'

2020-03-20 10:38:09 - [MESSAGE][PASSED] - Keys '*' sent to object: 'Object Repository/ADMIN/Edit Text/Bespoke/Seller Pages/Onboarding_Settings/input_PICK-UP LOCATION ADDRESS_pick-up-address'

2020-03-20 10:38:09 - [TEST_STEP][PASSED] - sendKeys(findTestObject("ADMIN/Edit Text/Bespoke/Seller Pages/Onboarding_Settings/input_SAVE_btn_save"), "*"): Keys '*' sent to object: 'Object Repository/ADMIN/Edit Text/Bespoke/Seller Pages/Onboarding_Settings/input_SAVE_btn_save'

2020-03-20 10:38:09 - [MESSAGE][PASSED] - Keys '*' sent to object: 'Object Repository/ADMIN/Edit Text/Bespoke/Seller Pages/Onboarding_Settings/input_SAVE_btn_save'

2020-03-20 10:38:09 - [TEST_STEP][PASSED] - sendKeys(findTestObject("ADMIN/Edit Text/Bespoke/Seller Pages/Onboarding_Settings/input_Are you sure want to delete_popup-title"), "*"): Keys '*' sent to object: 'Object Repository/ADMIN/Edit Text/Bespoke/Seller Pages/Onboarding_Settings/input_Are you sure want to delete_popup-title'

2020-03-20 10:38:09 - [MESSAGE][PASSED] - Keys '*' sent to object: 'Object Repository/ADMIN/Edit Text/Bespoke/Seller Pages/Onboarding_Settings/input_Are you sure want to delete_popup-title'

2020-03-20 10:38:09 - [TEST_STEP][PASSED] - sendKeys(findTestObject("ADMIN/Edit Text/Bespoke/Seller Pages/Onboarding_Settings/input_CANCEL_btn_cancel"), "*"): Keys '*' sent to object: 'Object Repository/ADMIN/Edit Text/Bespoke/Seller Pages/Onboarding_Settings/input_CANCEL_btn_cancel'

2020-03-20 10:38:10 - [MESSAGE][PASSED] - Keys '*' sent to object: 'Object Repository/ADMIN/Edit Text/Bespoke/Seller Pages/Onboarding_Settings/input_CANCEL_btn_cancel'

2020-03-20 10:38:10 - [TEST_STEP][PASSED] - sendKeys(findTestObject("ADMIN/Edit Text/Bespoke/Seller Pages/Onboarding_Settings/input_Okay_btn_okay"), "*"): Keys '*' sent to object: 'Object Repository/ADMIN/Edit Text/Bespoke/Seller Pages/Onboarding_Settings/input_Okay_btn_okay'

2020-03-20 10:38:10 - [MESSAGE][PASSED] - Keys '*' sent to object: 'Object Repository/ADMIN/Edit Text/Bespoke/Seller Pages/Onboarding_Settings/input_Okay_btn_okay'

2020-03-20 10:38:10 - [TEST_STEP][PASSED] - sendKeys(findTestObject("ADMIN/Edit Text/Bespoke/Seller Pages/Onboarding_Settings/input_REMOVE ITEM_popup-title"), "*"): Keys '*' sent to object: 'Object Repository/ADMIN/Edit Text/Bespoke/Seller Pages/Onboarding_Settings/input_REMOVE ITEM_popup-title'

2020-03-20 10:38:10 - [MESSAGE][PASSED] - Keys '*' sent to object: 'Object Repository/ADMIN/Edit Text/Bespoke/Seller Pages/Onboarding_Settings/input_REMOVE ITEM_popup-title'

2020-03-20 10:38:10 - [TEST_STEP][PASSED] - sendKeys(findTestObject("ADMIN/Edit Text/Bespoke/Seller Pages/Onboarding_Settings/input_concat(Are you sure about removing this item from your list (It  ll be gone forever))_popup-title"), "*"): Keys '*' sent to object: 'Object Repository/ADMIN/Edit Text/Bespoke/Seller Pages/Onboarding_Settings/input_concat(Are you sure about removing this item from your list (It  ll be gone forever))_popup-title'

2020-03-20 10:38:10 - [MESSAGE][PASSED] - Keys '*' sent to object: 'Object Repository/ADMIN/Edit Text/Bespoke/Seller Pages/Onboarding_Settings/input_concat(Are you sure about removing this item from your list (It  ll be gone forever))_popup-title'

2020-03-20 10:38:10 - [TEST_STEP][PASSED] - sendKeys(findTestObject("ADMIN/Edit Text/Bespoke/Seller Pages/Onboarding_Settings/input_CANCEL_btn_cancel2"), "*"): Keys '*' sent to object: 'Object Repository/ADMIN/Edit Text/Bespoke/Seller Pages/Onboarding_Settings/input_CANCEL_btn_cancel2'

2020-03-20 10:38:10 - [MESSAGE][PASSED] - Keys '*' sent to object: 'Object Repository/ADMIN/Edit Text/Bespoke/Seller Pages/Onboarding_Settings/input_CANCEL_btn_cancel2'

2020-03-20 10:38:10 - [TEST_STEP][PASSED] - sendKeys(findTestObject("ADMIN/Edit Text/Bespoke/Seller Pages/Onboarding_Settings/input_Okay_btn_okay2"), "*"): Keys '*' sent to object: 'Object Repository/ADMIN/Edit Text/Bespoke/Seller Pages/Onboarding_Settings/input_Okay_btn_okay2'

2020-03-20 10:38:10 - [MESSAGE][PASSED] - Keys '*' sent to object: 'Object Repository/ADMIN/Edit Text/Bespoke/Seller Pages/Onboarding_Settings/input_Okay_btn_okay2'

2020-03-20 10:38:10 - [TEST_STEP][PASSED] - sendKeys(findTestObject("ADMIN/Edit Text/Bespoke/Seller Pages/Onboarding_Settings/input_Back_tab-title"), "*"): Keys '*' sent to object: 'Object Repository/ADMIN/Edit Text/Bespoke/Seller Pages/Onboarding_Settings/input_Back_tab-title'

2020-03-20 10:38:10 - [MESSAGE][PASSED] - Keys '*' sent to object: 'Object Repository/ADMIN/Edit Text/Bespoke/Seller Pages/Onboarding_Settings/input_Back_tab-title'

2020-03-20 10:38:10 - [TEST_STEP][PASSED] - sendKeys(findTestObject("ADMIN/Edit Text/Bespoke/Seller Pages/Onboarding_Settings/input_ACCOUNT CONFIGURATION_tab-title"), "*"): Keys '*' sent to object: 'Object Repository/ADMIN/Edit Text/Bespoke/Seller Pages/Onboarding_Settings/input_ACCOUNT CONFIGURATION_tab-title'

2020-03-20 10:38:11 - [MESSAGE][PASSED] - Keys '*' sent to object: 'Object Repository/ADMIN/Edit Text/Bespoke/Seller Pages/Onboarding_Settings/input_ACCOUNT CONFIGURATION_tab-title'

2020-03-20 10:38:11 - [TEST_STEP][PASSED] - sendKeys(findTestObject("ADMIN/Edit Text/Bespoke/Seller Pages/Onboarding_Settings/textarea_Your details entered here will be saved and verified by Omise Money you earn from your sales will be accredited to your bank account directly"), "*"): Keys '*' sent to object: 'Object Repository/ADMIN/Edit Text/Bespoke/Seller Pages/Onboarding_Settings/textarea_Your details entered here will be saved and verified by Omise Money you earn from your sales will be accredited to your bank account directly'

2020-03-20 10:38:11 - [MESSAGE][PASSED] - Keys '*' sent to object: 'Object Repository/ADMIN/Edit Text/Bespoke/Seller Pages/Onboarding_Settings/textarea_Your details entered here will be saved and verified by Omise Money you earn from your sales will be accredited to your bank account directly'

2020-03-20 10:38:11 - [TEST_STEP][PASSED] - sendKeys(findTestObject("ADMIN/Edit Text/Bespoke/Seller Pages/Onboarding_Settings/input_TYPE_tab-title"), "*"): Keys '*' sent to object: 'Object Repository/ADMIN/Edit Text/Bespoke/Seller Pages/Onboarding_Settings/input_TYPE_tab-title'

2020-03-20 10:38:11 - [MESSAGE][PASSED] - Keys '*' sent to object: 'Object Repository/ADMIN/Edit Text/Bespoke/Seller Pages/Onboarding_Settings/input_TYPE_tab-title'

2020-03-20 10:38:11 - [TEST_STEP][PASSED] - sendKeys(findTestObject("ADMIN/Edit Text/Bespoke/Seller Pages/Onboarding_Settings/input_Tax identification number (optional)_tab-title"), "*"): Keys '*' sent to object: 'Object Repository/ADMIN/Edit Text/Bespoke/Seller Pages/Onboarding_Settings/input_Tax identification number (optional)_tab-title'

2020-03-20 10:38:11 - [MESSAGE][PASSED] - Keys '*' sent to object: 'Object Repository/ADMIN/Edit Text/Bespoke/Seller Pages/Onboarding_Settings/input_Tax identification number (optional)_tab-title'

2020-03-20 10:38:11 - [TEST_STEP][PASSED] - sendKeys(findTestObject("ADMIN/Edit Text/Bespoke/Seller Pages/Onboarding_Settings/input_Individual_tab-title"), "*"): Keys '*' sent to object: 'Object Repository/ADMIN/Edit Text/Bespoke/Seller Pages/Onboarding_Settings/input_Individual_tab-title'

2020-03-20 10:38:11 - [MESSAGE][PASSED] - Keys '*' sent to object: 'Object Repository/ADMIN/Edit Text/Bespoke/Seller Pages/Onboarding_Settings/input_Individual_tab-title'

2020-03-20 10:38:11 - [TEST_STEP][PASSED] - sendKeys(findTestObject("ADMIN/Edit Text/Bespoke/Seller Pages/Onboarding_Settings/input_Corporate_tab-title"), "*"): Keys '*' sent to object: 'Object Repository/ADMIN/Edit Text/Bespoke/Seller Pages/Onboarding_Settings/input_Corporate_tab-title'

2020-03-20 10:38:11 - [MESSAGE][PASSED] - Keys '*' sent to object: 'Object Repository/ADMIN/Edit Text/Bespoke/Seller Pages/Onboarding_Settings/input_Corporate_tab-title'

2020-03-20 10:38:11 - [TEST_STEP][PASSED] - sendKeys(findTestObject("ADMIN/Edit Text/Bespoke/Seller Pages/Onboarding_Settings/input_Bank  branch code_tab-title"), "*"): Keys '*' sent to object: 'Object Repository/ADMIN/Edit Text/Bespoke/Seller Pages/Onboarding_Settings/input_Bank  branch code_tab-title'

2020-03-20 10:38:11 - [MESSAGE][PASSED] - Keys '*' sent to object: 'Object Repository/ADMIN/Edit Text/Bespoke/Seller Pages/Onboarding_Settings/input_Bank  branch code_tab-title'

2020-03-20 10:38:11 - [TEST_STEP][PASSED] - sendKeys(findTestObject("ADMIN/Edit Text/Bespoke/Seller Pages/Onboarding_Settings/input_Bank account number_tab-title"), "*"): Keys '*' sent to object: 'Object Repository/ADMIN/Edit Text/Bespoke/Seller Pages/Onboarding_Settings/input_Bank account number_tab-title'

2020-03-20 10:38:11 - [MESSAGE][PASSED] - Keys '*' sent to object: 'Object Repository/ADMIN/Edit Text/Bespoke/Seller Pages/Onboarding_Settings/input_Bank account number_tab-title'

2020-03-20 10:38:11 - [TEST_STEP][PASSED] - sendKeys(findTestObject("ADMIN/Edit Text/Bespoke/Seller Pages/Onboarding_Settings/input_Bank account name_tab-title"), "*"): Keys '*' sent to object: 'Object Repository/ADMIN/Edit Text/Bespoke/Seller Pages/Onboarding_Settings/input_Bank account name_tab-title'

2020-03-20 10:38:12 - [MESSAGE][PASSED] - Keys '*' sent to object: 'Object Repository/ADMIN/Edit Text/Bespoke/Seller Pages/Onboarding_Settings/input_Bank account name_tab-title'

2020-03-20 10:38:12 - [TEST_STEP][PASSED] - click(findTestObject("ADMIN/Edit Text/Bespoke/Buyer Pages/Homepage/button_save"), CONTINUE_ON_FAILURE): Object: 'Object Repository/ADMIN/Edit Text/Bespoke/Buyer Pages/Homepage/button_save' is clicked on

2020-03-20 10:38:12 - [MESSAGE][PASSED] - Object: 'Object Repository/ADMIN/Edit Text/Bespoke/Buyer Pages/Homepage/button_save' is clicked on

2020-03-20 10:38:12 - [TEST_STEP][PASSED] - waitForElementVisible(findTestObject("ADMIN/Edit Text/Bespoke/Buyer Pages/Homepage/toaster_success"), 0): Object 'Object Repository/ADMIN/Edit Text/Bespoke/Buyer Pages/Homepage/toaster_success' is visible

2020-03-20 10:38:12 - [MESSAGE][WARNING] - Timeout '0' is invalid. Using default page load timeout: '30'

2020-03-20 10:38:12 - [MESSAGE][PASSED] - Object 'Object Repository/ADMIN/Edit Text/Bespoke/Buyer Pages/Homepage/toaster_success' is visible]]></system-out>
         <system-err><![CDATA[]]></system-err>
      </testcase>
      <system-out><![CDATA[2020-03-20 10:34:59 - [TEST_SUITE][PASSED] - Bespoke Seller Pages: Test Cases/ADMIN/Language/Edit Text/Bespoke/Seller/Onboarding_Settings]]></system-out>
      <system-err><![CDATA[]]></system-err>
   </testsuite>
</testsuites>
