<?xml version="1.0" encoding="UTF-8"?>
<testsuites name="Item Creation Bespoke" time="9" tests="0" failures="1" errors="0">
   <testsuite name="Item Creation Bespoke" tests="0" failures="1" errors="0" time="9" timestamp="2019-05-21 08:07:02" hostname="Arcadier - Arcadier-PC" id="Test Suites/Suites/Item Creation Bespoke">
      <properties>
         <property name="deviceName" value=""/>
         <property name="devicePlatform" value=""/>
         <property name="logFolder" value="C:\\Users\\Arcadier\\git\\Arctick\\Reports\\Suites\\Item Creation Bespoke\\20190521_080701"/>
         <property name="logFiles" value="C:\\Users\\Arcadier\\git\\Arctick\\Reports\\Suites\\Item Creation Bespoke\\20190521_080701\\execution0.log"/>
         <property name="attachments" value="C:\\Users\\Arcadier\\git\\Arctick\\Reports\\Suites\\Item Creation Bespoke\\20190521_080701\\1558397231075.png, C:\\Users\\Arcadier\\git\\Arctick\\Reports\\Suites\\Item Creation Bespoke\\20190521_080701\\1558397231487.png"/>
         <property name="hostName" value="Arcadier - Arcadier-PC"/>
         <property name="os" value="Windows 7 64bit"/>
         <property name="katalonVersion" value="5.4.2.1"/>
         <property name="browser" value="Chrome 74.0.3729.157"/>
         <property name="hostAddress" value="10.10.31.95"/>
         <property name="sessionId" value="80a7e57ef25c1f35c0006c5558399ee2"/>
         <property name="seleniumVersion" value="3.7.1"/>
         <property name="proxyInformation" value="ProxyInformation{proxyOption=NO_PROXY, proxyServerType=HTTP, password=, proxyServerAddress=, proxyServerPort=0}"/>
         <property name="platform" value="Windows 7"/>
      </properties>
      <testcase name="Test Cases/MERCHANT/BESPOKE/Upload/Item Creation" classname="Test Cases/MERCHANT/BESPOKE/Upload/Item Creation" status="FAILED">
         <failure type="FAILED" message="Unable to set text 'Color' of object 'Object Repository/MERCHANT/Bespoke/Upload Page/Variants/textbox_opt1' (Root cause: org.openqa.selenium.InvalidElementStateException: invalid element state: Element must be user-editable in order to clear it.
  (Session info: chrome=74.0.3729.157)
  (Driver info: chromedriver=2.35.528161 (5b82f2d2aae0ca24b877009200ced9065a772e73),platform=Windows NT 6.1.7601 SP1 x86_64) (WARNING: The server did not provide any stacktrace information)
Command duration or timeout: 0 milliseconds
Build info: version: '3.7.1', revision: '8a0099a', time: '2017-11-06T21:07:36.161Z'
System info: host: 'ARCADIER-PC', ip: '10.10.31.95', os.name: 'Windows 7', os.arch: 'amd64', os.version: '6.1', java.version: '1.8.0_102'
Driver info: com.kms.katalon.core.webui.driver.ExistingRemoteWebDriver
Capabilities {javascriptEnabled: true, platform: ANY, platformName: ANY}
Session ID: 80a7e57ef25c1f35c0006c5558399ee2)"/>
         <system-out><![CDATA[2019-05-21 08:07:02 - [TEST_CASE][FAILED] - Test Cases/MERCHANT/BESPOKE/Upload/Item Creation: Test Cases/MERCHANT/BESPOKE/Upload/Item Creation FAILED because (of) Unable to set text 'Color' of object 'Object Repository/MERCHANT/Bespoke/Upload Page/Variants/textbox_opt1' (Root cause: org.openqa.selenium.InvalidElementStateException: invalid element state: Element must be user-editable in order to clear it.
  (Session info: chrome=74.0.3729.157)
  (Driver info: chromedriver=2.35.528161 (5b82f2d2aae0ca24b877009200ced9065a772e73),platform=Windows NT 6.1.7601 SP1 x86_64) (WARNING: The server did not provide any stacktrace information)
Command duration or timeout: 0 milliseconds
Build info: version: '3.7.1', revision: '8a0099a', time: '2017-11-06T21:07:36.161Z'
System info: host: 'ARCADIER-PC', ip: '10.10.31.95', os.name: 'Windows 7', os.arch: 'amd64', os.version: '6.1', java.version: '1.8.0_102'
Driver info: com.kms.katalon.core.webui.driver.ExistingRemoteWebDriver
Capabilities {javascriptEnabled: true, platform: ANY, platformName: ANY}
Session ID: 80a7e57ef25c1f35c0006c5558399ee2)

2019-05-21 08:07:03 - [TEST_STEP][PASSED] - waitForElementVisible: Object 'Object Repository/Utilities/Header/BESPOKE/Merchant Header/linktext_Upload' is visible

2019-05-21 08:07:03 - [MESSAGE][WARNING] - Timeout '0' is invalid. Using default page load timeout: '30'

2019-05-21 08:07:04 - [MESSAGE][PASSED] - Object 'Object Repository/Utilities/Header/BESPOKE/Merchant Header/linktext_Upload' is visible

2019-05-21 08:07:04 - [TEST_STEP][PASSED] - click: Object: 'Object Repository/Utilities/Header/BESPOKE/Merchant Header/linktext_Upload' is clicked on

2019-05-21 08:07:06 - [MESSAGE][PASSED] - Object: 'Object Repository/Utilities/Header/BESPOKE/Merchant Header/linktext_Upload' is clicked on

2019-05-21 08:07:06 - [TEST_STEP][PASSED] - comment: Category

2019-05-21 08:07:06 - [TEST_STEP][PASSED] - waitForElementVisible: Object 'Object Repository/MERCHANT/Bespoke/Upload Page/textlabel_Category(s)' is visible

2019-05-21 08:07:06 - [MESSAGE][WARNING] - Timeout '0' is invalid. Using default page load timeout: '30'

2019-05-21 08:07:06 - [MESSAGE][PASSED] - Object 'Object Repository/MERCHANT/Bespoke/Upload Page/textlabel_Category(s)' is visible

2019-05-21 08:07:06 - [TEST_STEP][PASSED] - click: Object: 'Object Repository/MERCHANT/Bespoke/Upload Page/checkbox_cat1' is clicked on

2019-05-21 08:07:06 - [MESSAGE][PASSED] - Object: 'Object Repository/MERCHANT/Bespoke/Upload Page/checkbox_cat1' is clicked on

2019-05-21 08:07:06 - [TEST_STEP][PASSED] - comment: Item Name

2019-05-21 08:07:06 - [TEST_STEP][PASSED] - setText: Text 'Item A' is set on object 'Object Repository/MERCHANT/Bespoke/Upload Page/input_item-name'

2019-05-21 08:07:06 - [MESSAGE][PASSED] - Text 'Item A' is set on object 'Object Repository/MERCHANT/Bespoke/Upload Page/input_item-name'

2019-05-21 08:07:06 - [TEST_STEP][PASSED] - comment: Price

2019-05-21 08:07:06 - [TEST_STEP][PASSED] - setText: Text '20' is set on object 'Object Repository/MERCHANT/Bespoke/Upload Page/textbox_item-price'

2019-05-21 08:07:07 - [MESSAGE][PASSED] - Text '20' is set on object 'Object Repository/MERCHANT/Bespoke/Upload Page/textbox_item-price'

2019-05-21 08:07:07 - [TEST_STEP][PASSED] - comment: SKU

2019-05-21 08:07:07 - [TEST_STEP][PASSED] - setText: Text 'ITEM000001' is set on object 'Object Repository/MERCHANT/Bespoke/Upload Page/textbox_sku-field'

2019-05-21 08:07:07 - [MESSAGE][PASSED] - Text 'ITEM000001' is set on object 'Object Repository/MERCHANT/Bespoke/Upload Page/textbox_sku-field'

2019-05-21 08:07:07 - [TEST_STEP][PASSED] - comment: Item Description

2019-05-21 08:07:07 - [TEST_STEP][PASSED] - setText: Text 'Lorem ipsum dolor sit amet, consectetur adipiscing elit, sed do eiusmod tempor incididunt ut labore et dolore magna aliqua. Ut enim ad minim veniam, quis nostrud exercitation ullamco laboris nisi ut aliquip ex ea commodo consequat. Duis aute irure dolor in reprehenderit in voluptate velit esse cillum dolore eu fugiat nulla pariatur. Excepteur sint occaecat cupidatat non proident, sunt in culpa qui officia deserunt mollit anim id est laborum.' is set on object 'Object Repository/MERCHANT/Bespoke/Upload Page/textarea_item-description'

2019-05-21 08:07:08 - [MESSAGE][PASSED] - Text 'Lorem ipsum dolor sit amet, consectetur adipiscing elit, sed do eiusmod tempor incididunt ut labore et dolore magna aliqua. Ut enim ad minim veniam, quis nostrud exercitation ullamco laboris nisi ut aliquip ex ea commodo consequat. Duis aute irure dolor in reprehenderit in voluptate velit esse cillum dolore eu fugiat nulla pariatur. Excepteur sint occaecat cupidatat non proident, sunt in culpa qui officia deserunt mollit anim id est laborum.' is set on object 'Object Repository/MERCHANT/Bespoke/Upload Page/textarea_item-description'

2019-05-21 08:07:08 - [TEST_STEP][PASSED] - comment: Image

2019-05-21 08:07:08 - [TEST_STEP][PASSED] - click: Object: 'Object Repository/MERCHANT/Bespoke/Upload Page/button_BROWSE' is clicked on

2019-05-21 08:07:08 - [MESSAGE][PASSED] - Object: 'Object Repository/MERCHANT/Bespoke/Upload Page/button_BROWSE' is clicked on

2019-05-21 08:07:08 - [TEST_STEP][PASSED] - delay: Delayed 1 second(s)

2019-05-21 08:07:09 - [MESSAGE][PASSED] - Delayed 1 second(s)

2019-05-21 08:07:09 - [TEST_STEP][PASSED] - uploadFile: File 'C:\\Katalon\\Image\\pic1.jpg' sent to object: 'Object Repository/MERCHANT/SpaceTime/Service Creation/Images/browse_img/img_upload container'

2019-05-21 08:07:09 - [MESSAGE][PASSED] - File 'C:\\Katalon\\Image\\pic1.jpg' sent to object: 'Object Repository/MERCHANT/SpaceTime/Service Creation/Images/browse_img/img_upload container'

2019-05-21 08:07:09 - [TEST_STEP][PASSED] - click: Object: 'Object Repository/MERCHANT/SpaceTime/Service Creation/Images/browse_img/button_ok' is clicked on

2019-05-21 08:07:09 - [MESSAGE][PASSED] - Object: 'Object Repository/MERCHANT/SpaceTime/Service Creation/Images/browse_img/button_ok' is clicked on

2019-05-21 08:07:09 - [TEST_STEP][PASSED] - delay: Delayed 1 second(s)

2019-05-21 08:07:10 - [MESSAGE][PASSED] - Delayed 1 second(s)

2019-05-21 08:07:10 - [TEST_STEP][PASSED] - comment: Variants & Quantity

2019-05-21 08:07:10 - [TEST_STEP][FAILED] - Statement - If (varVariants == "yes"): Unable to set text 'Pink,Violet,Orange' of object 'Object Repository/MERCHANT/Bespoke/Upload Page/Variants/textbox_choices1' (Root cause: org.openqa.selenium.InvalidElementStateException: invalid element state: Element must be user-editable in order to clear it.
  (Session info: chrome=74.0.3729.157)
  (Driver info: chromedriver=2.35.528161 (5b82f2d2aae0ca24b877009200ced9065a772e73),platform=Windows NT 6.1.7601 SP1 x86_64) (WARNING: The server did not provide any stacktrace information)
Command duration or timeout: 0 milliseconds
Build info: version: '3.7.1', revision: '8a0099a', time: '2017-11-06T21:07:36.161Z'
System info: host: 'ARCADIER-PC', ip: '10.10.31.95', os.name: 'Windows 7', os.arch: 'amd64', os.version: '6.1', java.version: '1.8.0_102'
Driver info: com.kms.katalon.core.webui.driver.ExistingRemoteWebDriver
Capabilities {javascriptEnabled: true, platform: ANY, platformName: ANY}
Session ID: 80a7e57ef25c1f35c0006c5558399ee2)

2019-05-21 08:07:10 - [TEST_STEP][FAILED] - setText: Unable to set text 'Color' of object 'Object Repository/MERCHANT/Bespoke/Upload Page/Variants/textbox_opt1' (Root cause: org.openqa.selenium.InvalidElementStateException: invalid element state: Element must be user-editable in order to clear it.
  (Session info: chrome=74.0.3729.157)
  (Driver info: chromedriver=2.35.528161 (5b82f2d2aae0ca24b877009200ced9065a772e73),platform=Windows NT 6.1.7601 SP1 x86_64) (WARNING: The server did not provide any stacktrace information)
Command duration or timeout: 0 milliseconds
Build info: version: '3.7.1', revision: '8a0099a', time: '2017-11-06T21:07:36.161Z'
System info: host: 'ARCADIER-PC', ip: '10.10.31.95', os.name: 'Windows 7', os.arch: 'amd64', os.version: '6.1', java.version: '1.8.0_102'
Driver info: com.kms.katalon.core.webui.driver.ExistingRemoteWebDriver
Capabilities {javascriptEnabled: true, platform: ANY, platformName: ANY}
Session ID: 80a7e57ef25c1f35c0006c5558399ee2)

2019-05-21 08:07:11 - [MESSAGE][FAILED] - Unable to set text 'Color' of object 'Object Repository/MERCHANT/Bespoke/Upload Page/Variants/textbox_opt1' (Root cause: org.openqa.selenium.InvalidElementStateException: invalid element state: Element must be user-editable in order to clear it.
  (Session info: chrome=74.0.3729.157)
  (Driver info: chromedriver=2.35.528161 (5b82f2d2aae0ca24b877009200ced9065a772e73),platform=Windows NT 6.1.7601 SP1 x86_64) (WARNING: The server did not provide any stacktrace information)
Command duration or timeout: 0 milliseconds
Build info: version: '3.7.1', revision: '8a0099a', time: '2017-11-06T21:07:36.161Z'
System info: host: 'ARCADIER-PC', ip: '10.10.31.95', os.name: 'Windows 7', os.arch: 'amd64', os.version: '6.1', java.version: '1.8.0_102'
Driver info: com.kms.katalon.core.webui.driver.ExistingRemoteWebDriver
Capabilities {javascriptEnabled: true, platform: ANY, platformName: ANY}
Session ID: 80a7e57ef25c1f35c0006c5558399ee2)
[[ATTACHMENT|C:\\Users\\Arcadier\\git\\Arctick\\Reports\\Suites\\Item Creation Bespoke\\20190521_080701\\1558397231075.png]]

2019-05-21 08:07:11 - [TEST_STEP][FAILED] - setText: Unable to set text 'Pink,Violet,Orange' of object 'Object Repository/MERCHANT/Bespoke/Upload Page/Variants/textbox_choices1' (Root cause: org.openqa.selenium.InvalidElementStateException: invalid element state: Element must be user-editable in order to clear it.
  (Session info: chrome=74.0.3729.157)
  (Driver info: chromedriver=2.35.528161 (5b82f2d2aae0ca24b877009200ced9065a772e73),platform=Windows NT 6.1.7601 SP1 x86_64) (WARNING: The server did not provide any stacktrace information)
Command duration or timeout: 0 milliseconds
Build info: version: '3.7.1', revision: '8a0099a', time: '2017-11-06T21:07:36.161Z'
System info: host: 'ARCADIER-PC', ip: '10.10.31.95', os.name: 'Windows 7', os.arch: 'amd64', os.version: '6.1', java.version: '1.8.0_102'
Driver info: com.kms.katalon.core.webui.driver.ExistingRemoteWebDriver
Capabilities {javascriptEnabled: true, platform: ANY, platformName: ANY}
Session ID: 80a7e57ef25c1f35c0006c5558399ee2)

2019-05-21 08:07:11 - [MESSAGE][FAILED] - Unable to set text 'Pink,Violet,Orange' of object 'Object Repository/MERCHANT/Bespoke/Upload Page/Variants/textbox_choices1' (Root cause: org.openqa.selenium.InvalidElementStateException: invalid element state: Element must be user-editable in order to clear it.
  (Session info: chrome=74.0.3729.157)
  (Driver info: chromedriver=2.35.528161 (5b82f2d2aae0ca24b877009200ced9065a772e73),platform=Windows NT 6.1.7601 SP1 x86_64) (WARNING: The server did not provide any stacktrace information)
Command duration or timeout: 0 milliseconds
Build info: version: '3.7.1', revision: '8a0099a', time: '2017-11-06T21:07:36.161Z'
System info: host: 'ARCADIER-PC', ip: '10.10.31.95', os.name: 'Windows 7', os.arch: 'amd64', os.version: '6.1', java.version: '1.8.0_102'
Driver info: com.kms.katalon.core.webui.driver.ExistingRemoteWebDriver
Capabilities {javascriptEnabled: true, platform: ANY, platformName: ANY}
Session ID: 80a7e57ef25c1f35c0006c5558399ee2)
[[ATTACHMENT|C:\\Users\\Arcadier\\git\\Arctick\\Reports\\Suites\\Item Creation Bespoke\\20190521_080701\\1558397231487.png]]]]></system-out>
         <system-err><![CDATA[2019-05-21 08:07:02 - [TEST_CASE][FAILED] - Test Cases/MERCHANT/BESPOKE/Upload/Item Creation: Test Cases/MERCHANT/BESPOKE/Upload/Item Creation FAILED because (of) Unable to set text 'Color' of object 'Object Repository/MERCHANT/Bespoke/Upload Page/Variants/textbox_opt1' (Root cause: org.openqa.selenium.InvalidElementStateException: invalid element state: Element must be user-editable in order to clear it.
  (Session info: chrome=74.0.3729.157)
  (Driver info: chromedriver=2.35.528161 (5b82f2d2aae0ca24b877009200ced9065a772e73),platform=Windows NT 6.1.7601 SP1 x86_64) (WARNING: The server did not provide any stacktrace information)
Command duration or timeout: 0 milliseconds
Build info: version: '3.7.1', revision: '8a0099a', time: '2017-11-06T21:07:36.161Z'
System info: host: 'ARCADIER-PC', ip: '10.10.31.95', os.name: 'Windows 7', os.arch: 'amd64', os.version: '6.1', java.version: '1.8.0_102'
Driver info: com.kms.katalon.core.webui.driver.ExistingRemoteWebDriver
Capabilities {javascriptEnabled: true, platform: ANY, platformName: ANY}
Session ID: 80a7e57ef25c1f35c0006c5558399ee2)]]></system-err>
      </testcase>
      <system-out><![CDATA[2019-05-21 08:07:02 - [TEST_SUITE][FAILED] - Item Creation Bespoke: Test Cases/MERCHANT/BESPOKE/Upload/Item Creation FAILED because (of) Unable to set text 'Color' of object 'Object Repository/MERCHANT/Bespoke/Upload Page/Variants/textbox_opt1' (Root cause: org.openqa.selenium.InvalidElementStateException: invalid element state: Element must be user-editable in order to clear it.
  (Session info: chrome=74.0.3729.157)
  (Driver info: chromedriver=2.35.528161 (5b82f2d2aae0ca24b877009200ced9065a772e73),platform=Windows NT 6.1.7601 SP1 x86_64) (WARNING: The server did not provide any stacktrace information)
Command duration or timeout: 0 milliseconds
Build info: version: '3.7.1', revision: '8a0099a', time: '2017-11-06T21:07:36.161Z'
System info: host: 'ARCADIER-PC', ip: '10.10.31.95', os.name: 'Windows 7', os.arch: 'amd64', os.version: '6.1', java.version: '1.8.0_102'
Driver info: com.kms.katalon.core.webui.driver.ExistingRemoteWebDriver
Capabilities {javascriptEnabled: true, platform: ANY, platformName: ANY}
Session ID: 80a7e57ef25c1f35c0006c5558399ee2)]]></system-out>
      <system-err><![CDATA[2019-05-21 08:07:02 - [TEST_SUITE][FAILED] - Item Creation Bespoke: Test Cases/MERCHANT/BESPOKE/Upload/Item Creation FAILED because (of) Unable to set text 'Color' of object 'Object Repository/MERCHANT/Bespoke/Upload Page/Variants/textbox_opt1' (Root cause: org.openqa.selenium.InvalidElementStateException: invalid element state: Element must be user-editable in order to clear it.
  (Session info: chrome=74.0.3729.157)
  (Driver info: chromedriver=2.35.528161 (5b82f2d2aae0ca24b877009200ced9065a772e73),platform=Windows NT 6.1.7601 SP1 x86_64) (WARNING: The server did not provide any stacktrace information)
Command duration or timeout: 0 milliseconds
Build info: version: '3.7.1', revision: '8a0099a', time: '2017-11-06T21:07:36.161Z'
System info: host: 'ARCADIER-PC', ip: '10.10.31.95', os.name: 'Windows 7', os.arch: 'amd64', os.version: '6.1', java.version: '1.8.0_102'
Driver info: com.kms.katalon.core.webui.driver.ExistingRemoteWebDriver
Capabilities {javascriptEnabled: true, platform: ANY, platformName: ANY}
Session ID: 80a7e57ef25c1f35c0006c5558399ee2)]]></system-err>
   </testsuite>
</testsuites>
