<?xml version="1.0" encoding="UTF-8"?>
<testsuites name="Bespoke Buyer Pages" time="65.216" tests="17" failures="0" errors="0">
   <testsuite name="Bespoke Buyer Pages" tests="17" failures="0" errors="0" time="65.216" timestamp="2020-03-20 10:22:23" hostname="ARCADIER03 - 192.168.254.105" id="Test Suites/Admin/Language/Edit Text/Bespoke/Buyer Pages/Bespoke Buyer Pages">
      <properties>
         <property name="deviceName" value=""/>
         <property name="devicePlatform" value=""/>
         <property name="logFolder" value="C:\\Katalon\\Arctick\\Reports\\20200320_102220\\Admin\\Language\\Edit Text\\Bespoke\\Buyer Pages\\Bespoke Buyer Pages\\20200320_102220"/>
         <property name="logFiles" value="C:\\Katalon\\Arctick\\Reports\\20200320_102220\\Admin\\Language\\Edit Text\\Bespoke\\Buyer Pages\\Bespoke Buyer Pages\\20200320_102220\\execution0.log"/>
         <property name="attachments" value=""/>
         <property name="hostName" value="ARCADIER03 - 192.168.254.105"/>
         <property name="os" value="Windows 7 64bit"/>
         <property name="katalonVersion" value="7.2.6.1"/>
         <property name="browser" value="Chrome 80.0.3987.149"/>
         <property name="hostAddress" value="192.168.254.105"/>
         <property name="sessionId" value="36d01542543bc6b7e6541b3e6dcbd8a9"/>
         <property name="seleniumVersion" value="3.141.59"/>
         <property name="proxyInformation" value="ProxyInformation{proxyOption=NO_PROXY, proxyServerType=HTTP, password=, proxyServerAddress=, proxyServerPort=0, executionList=}"/>
         <property name="platform" value="Windows 7"/>
      </properties>
      <testcase name="Test Cases/ADMIN/Language/Edit Text/Bespoke/Buyer Pages/Inbox Navigation" time="8.954" classname="Test Cases/ADMIN/Language/Edit Text/Bespoke/Buyer Pages/Inbox Navigation" status="PASSED">
         <system-out><![CDATA[2020-03-20 10:22:23 - [TEST_CASE][PASSED] - Test Cases/ADMIN/Language/Edit Text/Bespoke/Buyer Pages/Inbox Navigation: Test Cases/ADMIN/Language/Edit Text/Bespoke/Buyer Pages/Inbox Navigation

2020-03-20 10:22:24 - [TEST_STEP][PASSED] - waitForElementVisible(findTestObject("ADMIN/Language/sidemenu_Language"), 0): Object 'Object Repository/ADMIN/Language/sidemenu_Language' is visible

2020-03-20 10:22:24 - [MESSAGE][WARNING] - Timeout '0' is invalid. Using default page load timeout: '30'

2020-03-20 10:22:26 - [MESSAGE][PASSED] - Object 'Object Repository/ADMIN/Language/sidemenu_Language' is visible

2020-03-20 10:22:26 - [TEST_STEP][PASSED] - click(findTestObject("ADMIN/Language/sidemenu_Language"), CONTINUE_ON_FAILURE): Object: 'Object Repository/ADMIN/Language/sidemenu_Language' is clicked on

2020-03-20 10:22:26 - [MESSAGE][PASSED] - Object: 'Object Repository/ADMIN/Language/sidemenu_Language' is clicked on

2020-03-20 10:22:26 - [TEST_STEP][PASSED] - waitForElementVisible(findTestObject("ADMIN/Language/sidemenu_Edit Text"), 0): Object 'Object Repository/ADMIN/Language/sidemenu_Edit Text' is visible

2020-03-20 10:22:26 - [MESSAGE][WARNING] - Timeout '0' is invalid. Using default page load timeout: '30'

2020-03-20 10:22:26 - [MESSAGE][PASSED] - Object 'Object Repository/ADMIN/Language/sidemenu_Edit Text' is visible

2020-03-20 10:22:26 - [TEST_STEP][PASSED] - click(findTestObject("ADMIN/Language/sidemenu_Edit Text"), CONTINUE_ON_FAILURE): Object: 'Object Repository/ADMIN/Language/sidemenu_Edit Text' is clicked on

2020-03-20 10:22:28 - [MESSAGE][PASSED] - Object: 'Object Repository/ADMIN/Language/sidemenu_Edit Text' is clicked on

2020-03-20 10:22:28 - [TEST_STEP][PASSED] - waitForElementVisible(findTestObject("ADMIN/Edit Text/Bespoke/Buyer Navigation/icon_dd"), 0): Object 'Object Repository/ADMIN/Edit Text/Bespoke/Buyer Navigation/icon_dd' is visible

2020-03-20 10:22:28 - [MESSAGE][WARNING] - Timeout '0' is invalid. Using default page load timeout: '30'

2020-03-20 10:22:29 - [MESSAGE][PASSED] - Object 'Object Repository/ADMIN/Edit Text/Bespoke/Buyer Navigation/icon_dd' is visible

2020-03-20 10:22:29 - [TEST_STEP][PASSED] - click(findTestObject("ADMIN/Edit Text/Bespoke/Buyer Navigation/icon_dd"), CONTINUE_ON_FAILURE): Object: 'Object Repository/ADMIN/Edit Text/Bespoke/Buyer Navigation/icon_dd' is clicked on

2020-03-20 10:22:29 - [MESSAGE][PASSED] - Object: 'Object Repository/ADMIN/Edit Text/Bespoke/Buyer Navigation/icon_dd' is clicked on

2020-03-20 10:22:29 - [TEST_STEP][PASSED] - waitForElementVisible(findTestObject("ADMIN/Edit Text/Bespoke/Buyer Navigation/textlink_Inbox"), 0): Object 'Object Repository/ADMIN/Edit Text/Bespoke/Buyer Navigation/textlink_Inbox' is visible

2020-03-20 10:22:29 - [MESSAGE][WARNING] - Timeout '0' is invalid. Using default page load timeout: '30'

2020-03-20 10:22:30 - [MESSAGE][PASSED] - Object 'Object Repository/ADMIN/Edit Text/Bespoke/Buyer Navigation/textlink_Inbox' is visible

2020-03-20 10:22:30 - [TEST_STEP][PASSED] - click(findTestObject("ADMIN/Edit Text/Bespoke/Buyer Navigation/textlink_Inbox"), CONTINUE_ON_FAILURE): Object: 'Object Repository/ADMIN/Edit Text/Bespoke/Buyer Navigation/textlink_Inbox' is clicked on

2020-03-20 10:22:31 - [MESSAGE][PASSED] - Object: 'Object Repository/ADMIN/Edit Text/Bespoke/Buyer Navigation/textlink_Inbox' is clicked on

2020-03-20 10:22:31 - [TEST_STEP][PASSED] - waitForElementVisible(findTestObject("ADMIN/Edit Text/Bespoke/Buyer Navigation/dd_language"), 0): Object 'Object Repository/ADMIN/Edit Text/Bespoke/Buyer Navigation/dd_language' is visible

2020-03-20 10:22:31 - [MESSAGE][WARNING] - Timeout '0' is invalid. Using default page load timeout: '30'

2020-03-20 10:22:32 - [MESSAGE][PASSED] - Object 'Object Repository/ADMIN/Edit Text/Bespoke/Buyer Navigation/dd_language' is visible]]></system-out>
         <system-err><![CDATA[]]></system-err>
      </testcase>
      <testcase name="Test Cases/ADMIN/Language/Edit Text/Bespoke/Buyer Pages/Inbox" time="3.59" classname="Test Cases/ADMIN/Language/Edit Text/Bespoke/Buyer Pages/Inbox" status="PASSED">
         <system-out><![CDATA[2020-03-20 10:22:32 - [TEST_CASE][PASSED] - Test Cases/ADMIN/Language/Edit Text/Bespoke/Buyer Pages/Inbox: Test Cases/ADMIN/Language/Edit Text/Bespoke/Buyer Pages/Inbox

2020-03-20 10:22:32 - [TEST_STEP][PASSED] - waitForElementVisible(findTestObject("ADMIN/Edit Text/Bespoke/Buyer Navigation/dd_language"), 0): Object 'Object Repository/ADMIN/Edit Text/Bespoke/Buyer Navigation/dd_language' is visible

2020-03-20 10:22:32 - [MESSAGE][WARNING] - Timeout '0' is invalid. Using default page load timeout: '30'

2020-03-20 10:22:33 - [MESSAGE][PASSED] - Object 'Object Repository/ADMIN/Edit Text/Bespoke/Buyer Navigation/dd_language' is visible

2020-03-20 10:22:33 - [TEST_STEP][PASSED] - selectOptionByLabel(findTestObject("ADMIN/Edit Text/Bespoke/Buyer Navigation/dd_language"), varLanguage, false): All options with label 'French' are selected in object 'Object Repository/ADMIN/Edit Text/Bespoke/Buyer Navigation/dd_language' 

2020-03-20 10:22:34 - [MESSAGE][PASSED] - All options with label 'French' are selected in object 'Object Repository/ADMIN/Edit Text/Bespoke/Buyer Navigation/dd_language' 

2020-03-20 10:22:34 - [TEST_STEP][PASSED] - sendKeys(findTestObject("ADMIN/Edit Text/Bespoke/Buyer Pages/Inbox/input_Inbox_item-feedbak"), "*"): Keys '*' sent to object: 'Object Repository/ADMIN/Edit Text/Bespoke/Buyer Pages/Inbox/input_Inbox_item-feedbak'

2020-03-20 10:22:35 - [MESSAGE][PASSED] - Keys '*' sent to object: 'Object Repository/ADMIN/Edit Text/Bespoke/Buyer Pages/Inbox/input_Inbox_item-feedbak'

2020-03-20 10:22:35 - [TEST_STEP][PASSED] - sendKeys(findTestObject("ADMIN/Edit Text/Bespoke/Buyer Pages/Inbox/input_Sellers_seller"), "*"): Keys '*' sent to object: 'Object Repository/ADMIN/Edit Text/Bespoke/Buyer Pages/Inbox/input_Sellers_seller'

2020-03-20 10:22:35 - [MESSAGE][PASSED] - Keys '*' sent to object: 'Object Repository/ADMIN/Edit Text/Bespoke/Buyer Pages/Inbox/input_Sellers_seller'

2020-03-20 10:22:35 - [TEST_STEP][PASSED] - sendKeys(findTestObject("ADMIN/Edit Text/Bespoke/Buyer Pages/Inbox/input_Buyers_buyers"), "*"): Keys '*' sent to object: 'Object Repository/ADMIN/Edit Text/Bespoke/Buyer Pages/Inbox/input_Buyers_buyers'

2020-03-20 10:22:35 - [MESSAGE][PASSED] - Keys '*' sent to object: 'Object Repository/ADMIN/Edit Text/Bespoke/Buyer Pages/Inbox/input_Buyers_buyers'

2020-03-20 10:22:35 - [TEST_STEP][PASSED] - sendKeys(findTestObject("ADMIN/Edit Text/Bespoke/Buyer Pages/Inbox/input_Search by name and message_search-by-name-message"), "*"): Keys '*' sent to object: 'Object Repository/ADMIN/Edit Text/Bespoke/Buyer Pages/Inbox/input_Search by name and message_search-by-name-message'

2020-03-20 10:22:35 - [MESSAGE][PASSED] - Keys '*' sent to object: 'Object Repository/ADMIN/Edit Text/Bespoke/Buyer Pages/Inbox/input_Search by name and message_search-by-name-message'

2020-03-20 10:22:35 - [TEST_STEP][PASSED] - click(findTestObject("ADMIN/Edit Text/Bespoke/Buyer Pages/Homepage/button_save"), CONTINUE_ON_FAILURE): Object: 'Object Repository/ADMIN/Edit Text/Bespoke/Buyer Pages/Homepage/button_save' is clicked on

2020-03-20 10:22:35 - [MESSAGE][PASSED] - Object: 'Object Repository/ADMIN/Edit Text/Bespoke/Buyer Pages/Homepage/button_save' is clicked on

2020-03-20 10:22:35 - [TEST_STEP][PASSED] - waitForElementVisible(findTestObject("ADMIN/Edit Text/Bespoke/Buyer Pages/Homepage/toaster_success"), 0): Object 'Object Repository/ADMIN/Edit Text/Bespoke/Buyer Pages/Homepage/toaster_success' is visible

2020-03-20 10:22:36 - [MESSAGE][WARNING] - Timeout '0' is invalid. Using default page load timeout: '30'

2020-03-20 10:22:36 - [MESSAGE][PASSED] - Object 'Object Repository/ADMIN/Edit Text/Bespoke/Buyer Pages/Homepage/toaster_success' is visible]]></system-out>
         <system-err><![CDATA[]]></system-err>
      </testcase>
      <testcase name="Test Cases/ADMIN/Language/Edit Text/Bespoke/Buyer Pages/Inbox" time="3.552" classname="Test Cases/ADMIN/Language/Edit Text/Bespoke/Buyer Pages/Inbox" status="PASSED">
         <system-out><![CDATA[2020-03-20 10:22:36 - [TEST_CASE][PASSED] - Test Cases/ADMIN/Language/Edit Text/Bespoke/Buyer Pages/Inbox: Test Cases/ADMIN/Language/Edit Text/Bespoke/Buyer Pages/Inbox

2020-03-20 10:22:36 - [TEST_STEP][PASSED] - waitForElementVisible(findTestObject("ADMIN/Edit Text/Bespoke/Buyer Navigation/dd_language"), 0): Object 'Object Repository/ADMIN/Edit Text/Bespoke/Buyer Navigation/dd_language' is visible

2020-03-20 10:22:36 - [MESSAGE][WARNING] - Timeout '0' is invalid. Using default page load timeout: '30'

2020-03-20 10:22:36 - [MESSAGE][PASSED] - Object 'Object Repository/ADMIN/Edit Text/Bespoke/Buyer Navigation/dd_language' is visible

2020-03-20 10:22:36 - [TEST_STEP][PASSED] - selectOptionByLabel(findTestObject("ADMIN/Edit Text/Bespoke/Buyer Navigation/dd_language"), varLanguage, false): All options with label 'Spanish' are selected in object 'Object Repository/ADMIN/Edit Text/Bespoke/Buyer Navigation/dd_language' 

2020-03-20 10:22:37 - [MESSAGE][PASSED] - All options with label 'Spanish' are selected in object 'Object Repository/ADMIN/Edit Text/Bespoke/Buyer Navigation/dd_language' 

2020-03-20 10:22:37 - [TEST_STEP][PASSED] - sendKeys(findTestObject("ADMIN/Edit Text/Bespoke/Buyer Pages/Inbox/input_Inbox_item-feedbak"), "*"): Keys '*' sent to object: 'Object Repository/ADMIN/Edit Text/Bespoke/Buyer Pages/Inbox/input_Inbox_item-feedbak'

2020-03-20 10:22:38 - [MESSAGE][PASSED] - Keys '*' sent to object: 'Object Repository/ADMIN/Edit Text/Bespoke/Buyer Pages/Inbox/input_Inbox_item-feedbak'

2020-03-20 10:22:38 - [TEST_STEP][PASSED] - sendKeys(findTestObject("ADMIN/Edit Text/Bespoke/Buyer Pages/Inbox/input_Sellers_seller"), "*"): Keys '*' sent to object: 'Object Repository/ADMIN/Edit Text/Bespoke/Buyer Pages/Inbox/input_Sellers_seller'

2020-03-20 10:22:38 - [MESSAGE][PASSED] - Keys '*' sent to object: 'Object Repository/ADMIN/Edit Text/Bespoke/Buyer Pages/Inbox/input_Sellers_seller'

2020-03-20 10:22:38 - [TEST_STEP][PASSED] - sendKeys(findTestObject("ADMIN/Edit Text/Bespoke/Buyer Pages/Inbox/input_Buyers_buyers"), "*"): Keys '*' sent to object: 'Object Repository/ADMIN/Edit Text/Bespoke/Buyer Pages/Inbox/input_Buyers_buyers'

2020-03-20 10:22:38 - [MESSAGE][PASSED] - Keys '*' sent to object: 'Object Repository/ADMIN/Edit Text/Bespoke/Buyer Pages/Inbox/input_Buyers_buyers'

2020-03-20 10:22:38 - [TEST_STEP][PASSED] - sendKeys(findTestObject("ADMIN/Edit Text/Bespoke/Buyer Pages/Inbox/input_Search by name and message_search-by-name-message"), "*"): Keys '*' sent to object: 'Object Repository/ADMIN/Edit Text/Bespoke/Buyer Pages/Inbox/input_Search by name and message_search-by-name-message'

2020-03-20 10:22:39 - [MESSAGE][PASSED] - Keys '*' sent to object: 'Object Repository/ADMIN/Edit Text/Bespoke/Buyer Pages/Inbox/input_Search by name and message_search-by-name-message'

2020-03-20 10:22:39 - [TEST_STEP][PASSED] - click(findTestObject("ADMIN/Edit Text/Bespoke/Buyer Pages/Homepage/button_save"), CONTINUE_ON_FAILURE): Object: 'Object Repository/ADMIN/Edit Text/Bespoke/Buyer Pages/Homepage/button_save' is clicked on

2020-03-20 10:22:39 - [MESSAGE][PASSED] - Object: 'Object Repository/ADMIN/Edit Text/Bespoke/Buyer Pages/Homepage/button_save' is clicked on

2020-03-20 10:22:39 - [TEST_STEP][PASSED] - waitForElementVisible(findTestObject("ADMIN/Edit Text/Bespoke/Buyer Pages/Homepage/toaster_success"), 0): Object 'Object Repository/ADMIN/Edit Text/Bespoke/Buyer Pages/Homepage/toaster_success' is visible

2020-03-20 10:22:39 - [MESSAGE][WARNING] - Timeout '0' is invalid. Using default page load timeout: '30'

2020-03-20 10:22:39 - [MESSAGE][PASSED] - Object 'Object Repository/ADMIN/Edit Text/Bespoke/Buyer Pages/Homepage/toaster_success' is visible]]></system-out>
         <system-err><![CDATA[]]></system-err>
      </testcase>
      <testcase name="Test Cases/ADMIN/Language/Edit Text/Bespoke/Buyer Pages/Inbox" time="3.436" classname="Test Cases/ADMIN/Language/Edit Text/Bespoke/Buyer Pages/Inbox" status="PASSED">
         <system-out><![CDATA[2020-03-20 10:22:39 - [TEST_CASE][PASSED] - Test Cases/ADMIN/Language/Edit Text/Bespoke/Buyer Pages/Inbox: Test Cases/ADMIN/Language/Edit Text/Bespoke/Buyer Pages/Inbox

2020-03-20 10:22:39 - [TEST_STEP][PASSED] - waitForElementVisible(findTestObject("ADMIN/Edit Text/Bespoke/Buyer Navigation/dd_language"), 0): Object 'Object Repository/ADMIN/Edit Text/Bespoke/Buyer Navigation/dd_language' is visible

2020-03-20 10:22:39 - [MESSAGE][WARNING] - Timeout '0' is invalid. Using default page load timeout: '30'

2020-03-20 10:22:40 - [MESSAGE][PASSED] - Object 'Object Repository/ADMIN/Edit Text/Bespoke/Buyer Navigation/dd_language' is visible

2020-03-20 10:22:40 - [TEST_STEP][PASSED] - selectOptionByLabel(findTestObject("ADMIN/Edit Text/Bespoke/Buyer Navigation/dd_language"), varLanguage, false): All options with label 'Hindi' are selected in object 'Object Repository/ADMIN/Edit Text/Bespoke/Buyer Navigation/dd_language' 

2020-03-20 10:22:41 - [MESSAGE][PASSED] - All options with label 'Hindi' are selected in object 'Object Repository/ADMIN/Edit Text/Bespoke/Buyer Navigation/dd_language' 

2020-03-20 10:22:41 - [TEST_STEP][PASSED] - sendKeys(findTestObject("ADMIN/Edit Text/Bespoke/Buyer Pages/Inbox/input_Inbox_item-feedbak"), "*"): Keys '*' sent to object: 'Object Repository/ADMIN/Edit Text/Bespoke/Buyer Pages/Inbox/input_Inbox_item-feedbak'

2020-03-20 10:22:42 - [MESSAGE][PASSED] - Keys '*' sent to object: 'Object Repository/ADMIN/Edit Text/Bespoke/Buyer Pages/Inbox/input_Inbox_item-feedbak'

2020-03-20 10:22:42 - [TEST_STEP][PASSED] - sendKeys(findTestObject("ADMIN/Edit Text/Bespoke/Buyer Pages/Inbox/input_Sellers_seller"), "*"): Keys '*' sent to object: 'Object Repository/ADMIN/Edit Text/Bespoke/Buyer Pages/Inbox/input_Sellers_seller'

2020-03-20 10:22:42 - [MESSAGE][PASSED] - Keys '*' sent to object: 'Object Repository/ADMIN/Edit Text/Bespoke/Buyer Pages/Inbox/input_Sellers_seller'

2020-03-20 10:22:42 - [TEST_STEP][PASSED] - sendKeys(findTestObject("ADMIN/Edit Text/Bespoke/Buyer Pages/Inbox/input_Buyers_buyers"), "*"): Keys '*' sent to object: 'Object Repository/ADMIN/Edit Text/Bespoke/Buyer Pages/Inbox/input_Buyers_buyers'

2020-03-20 10:22:42 - [MESSAGE][PASSED] - Keys '*' sent to object: 'Object Repository/ADMIN/Edit Text/Bespoke/Buyer Pages/Inbox/input_Buyers_buyers'

2020-03-20 10:22:42 - [TEST_STEP][PASSED] - sendKeys(findTestObject("ADMIN/Edit Text/Bespoke/Buyer Pages/Inbox/input_Search by name and message_search-by-name-message"), "*"): Keys '*' sent to object: 'Object Repository/ADMIN/Edit Text/Bespoke/Buyer Pages/Inbox/input_Search by name and message_search-by-name-message'

2020-03-20 10:22:42 - [MESSAGE][PASSED] - Keys '*' sent to object: 'Object Repository/ADMIN/Edit Text/Bespoke/Buyer Pages/Inbox/input_Search by name and message_search-by-name-message'

2020-03-20 10:22:42 - [TEST_STEP][PASSED] - click(findTestObject("ADMIN/Edit Text/Bespoke/Buyer Pages/Homepage/button_save"), CONTINUE_ON_FAILURE): Object: 'Object Repository/ADMIN/Edit Text/Bespoke/Buyer Pages/Homepage/button_save' is clicked on

2020-03-20 10:22:42 - [MESSAGE][PASSED] - Object: 'Object Repository/ADMIN/Edit Text/Bespoke/Buyer Pages/Homepage/button_save' is clicked on

2020-03-20 10:22:42 - [TEST_STEP][PASSED] - waitForElementVisible(findTestObject("ADMIN/Edit Text/Bespoke/Buyer Pages/Homepage/toaster_success"), 0): Object 'Object Repository/ADMIN/Edit Text/Bespoke/Buyer Pages/Homepage/toaster_success' is visible

2020-03-20 10:22:42 - [MESSAGE][WARNING] - Timeout '0' is invalid. Using default page load timeout: '30'

2020-03-20 10:22:43 - [MESSAGE][PASSED] - Object 'Object Repository/ADMIN/Edit Text/Bespoke/Buyer Pages/Homepage/toaster_success' is visible]]></system-out>
         <system-err><![CDATA[]]></system-err>
      </testcase>
      <testcase name="Test Cases/ADMIN/Language/Edit Text/Bespoke/Buyer Pages/Inbox" time="3.593" classname="Test Cases/ADMIN/Language/Edit Text/Bespoke/Buyer Pages/Inbox" status="PASSED">
         <system-out><![CDATA[2020-03-20 10:22:43 - [TEST_CASE][PASSED] - Test Cases/ADMIN/Language/Edit Text/Bespoke/Buyer Pages/Inbox: Test Cases/ADMIN/Language/Edit Text/Bespoke/Buyer Pages/Inbox

2020-03-20 10:22:43 - [TEST_STEP][PASSED] - waitForElementVisible(findTestObject("ADMIN/Edit Text/Bespoke/Buyer Navigation/dd_language"), 0): Object 'Object Repository/ADMIN/Edit Text/Bespoke/Buyer Navigation/dd_language' is visible

2020-03-20 10:22:43 - [MESSAGE][WARNING] - Timeout '0' is invalid. Using default page load timeout: '30'

2020-03-20 10:22:43 - [MESSAGE][PASSED] - Object 'Object Repository/ADMIN/Edit Text/Bespoke/Buyer Navigation/dd_language' is visible

2020-03-20 10:22:43 - [TEST_STEP][PASSED] - selectOptionByLabel(findTestObject("ADMIN/Edit Text/Bespoke/Buyer Navigation/dd_language"), varLanguage, false): All options with label 'German' are selected in object 'Object Repository/ADMIN/Edit Text/Bespoke/Buyer Navigation/dd_language' 

2020-03-20 10:22:44 - [MESSAGE][PASSED] - All options with label 'German' are selected in object 'Object Repository/ADMIN/Edit Text/Bespoke/Buyer Navigation/dd_language' 

2020-03-20 10:22:44 - [TEST_STEP][PASSED] - sendKeys(findTestObject("ADMIN/Edit Text/Bespoke/Buyer Pages/Inbox/input_Inbox_item-feedbak"), "*"): Keys '*' sent to object: 'Object Repository/ADMIN/Edit Text/Bespoke/Buyer Pages/Inbox/input_Inbox_item-feedbak'

2020-03-20 10:22:45 - [MESSAGE][PASSED] - Keys '*' sent to object: 'Object Repository/ADMIN/Edit Text/Bespoke/Buyer Pages/Inbox/input_Inbox_item-feedbak'

2020-03-20 10:22:45 - [TEST_STEP][PASSED] - sendKeys(findTestObject("ADMIN/Edit Text/Bespoke/Buyer Pages/Inbox/input_Sellers_seller"), "*"): Keys '*' sent to object: 'Object Repository/ADMIN/Edit Text/Bespoke/Buyer Pages/Inbox/input_Sellers_seller'

2020-03-20 10:22:45 - [MESSAGE][PASSED] - Keys '*' sent to object: 'Object Repository/ADMIN/Edit Text/Bespoke/Buyer Pages/Inbox/input_Sellers_seller'

2020-03-20 10:22:45 - [TEST_STEP][PASSED] - sendKeys(findTestObject("ADMIN/Edit Text/Bespoke/Buyer Pages/Inbox/input_Buyers_buyers"), "*"): Keys '*' sent to object: 'Object Repository/ADMIN/Edit Text/Bespoke/Buyer Pages/Inbox/input_Buyers_buyers'

2020-03-20 10:22:45 - [MESSAGE][PASSED] - Keys '*' sent to object: 'Object Repository/ADMIN/Edit Text/Bespoke/Buyer Pages/Inbox/input_Buyers_buyers'

2020-03-20 10:22:45 - [TEST_STEP][PASSED] - sendKeys(findTestObject("ADMIN/Edit Text/Bespoke/Buyer Pages/Inbox/input_Search by name and message_search-by-name-message"), "*"): Keys '*' sent to object: 'Object Repository/ADMIN/Edit Text/Bespoke/Buyer Pages/Inbox/input_Search by name and message_search-by-name-message'

2020-03-20 10:22:46 - [MESSAGE][PASSED] - Keys '*' sent to object: 'Object Repository/ADMIN/Edit Text/Bespoke/Buyer Pages/Inbox/input_Search by name and message_search-by-name-message'

2020-03-20 10:22:46 - [TEST_STEP][PASSED] - click(findTestObject("ADMIN/Edit Text/Bespoke/Buyer Pages/Homepage/button_save"), CONTINUE_ON_FAILURE): Object: 'Object Repository/ADMIN/Edit Text/Bespoke/Buyer Pages/Homepage/button_save' is clicked on

2020-03-20 10:22:46 - [MESSAGE][PASSED] - Object: 'Object Repository/ADMIN/Edit Text/Bespoke/Buyer Pages/Homepage/button_save' is clicked on

2020-03-20 10:22:46 - [TEST_STEP][PASSED] - waitForElementVisible(findTestObject("ADMIN/Edit Text/Bespoke/Buyer Pages/Homepage/toaster_success"), 0): Object 'Object Repository/ADMIN/Edit Text/Bespoke/Buyer Pages/Homepage/toaster_success' is visible

2020-03-20 10:22:46 - [MESSAGE][WARNING] - Timeout '0' is invalid. Using default page load timeout: '30'

2020-03-20 10:22:46 - [MESSAGE][PASSED] - Object 'Object Repository/ADMIN/Edit Text/Bespoke/Buyer Pages/Homepage/toaster_success' is visible]]></system-out>
         <system-err><![CDATA[]]></system-err>
      </testcase>
      <testcase name="Test Cases/ADMIN/Language/Edit Text/Bespoke/Buyer Pages/Inbox" time="3.406" classname="Test Cases/ADMIN/Language/Edit Text/Bespoke/Buyer Pages/Inbox" status="PASSED">
         <system-out><![CDATA[2020-03-20 10:22:46 - [TEST_CASE][PASSED] - Test Cases/ADMIN/Language/Edit Text/Bespoke/Buyer Pages/Inbox: Test Cases/ADMIN/Language/Edit Text/Bespoke/Buyer Pages/Inbox

2020-03-20 10:22:46 - [TEST_STEP][PASSED] - waitForElementVisible(findTestObject("ADMIN/Edit Text/Bespoke/Buyer Navigation/dd_language"), 0): Object 'Object Repository/ADMIN/Edit Text/Bespoke/Buyer Navigation/dd_language' is visible

2020-03-20 10:22:46 - [MESSAGE][WARNING] - Timeout '0' is invalid. Using default page load timeout: '30'

2020-03-20 10:22:46 - [MESSAGE][PASSED] - Object 'Object Repository/ADMIN/Edit Text/Bespoke/Buyer Navigation/dd_language' is visible

2020-03-20 10:22:46 - [TEST_STEP][PASSED] - selectOptionByLabel(findTestObject("ADMIN/Edit Text/Bespoke/Buyer Navigation/dd_language"), varLanguage, false): All options with label 'Japanese' are selected in object 'Object Repository/ADMIN/Edit Text/Bespoke/Buyer Navigation/dd_language' 

2020-03-20 10:22:48 - [MESSAGE][PASSED] - All options with label 'Japanese' are selected in object 'Object Repository/ADMIN/Edit Text/Bespoke/Buyer Navigation/dd_language' 

2020-03-20 10:22:48 - [TEST_STEP][PASSED] - sendKeys(findTestObject("ADMIN/Edit Text/Bespoke/Buyer Pages/Inbox/input_Inbox_item-feedbak"), "*"): Keys '*' sent to object: 'Object Repository/ADMIN/Edit Text/Bespoke/Buyer Pages/Inbox/input_Inbox_item-feedbak'

2020-03-20 10:22:49 - [MESSAGE][PASSED] - Keys '*' sent to object: 'Object Repository/ADMIN/Edit Text/Bespoke/Buyer Pages/Inbox/input_Inbox_item-feedbak'

2020-03-20 10:22:49 - [TEST_STEP][PASSED] - sendKeys(findTestObject("ADMIN/Edit Text/Bespoke/Buyer Pages/Inbox/input_Sellers_seller"), "*"): Keys '*' sent to object: 'Object Repository/ADMIN/Edit Text/Bespoke/Buyer Pages/Inbox/input_Sellers_seller'

2020-03-20 10:22:49 - [MESSAGE][PASSED] - Keys '*' sent to object: 'Object Repository/ADMIN/Edit Text/Bespoke/Buyer Pages/Inbox/input_Sellers_seller'

2020-03-20 10:22:49 - [TEST_STEP][PASSED] - sendKeys(findTestObject("ADMIN/Edit Text/Bespoke/Buyer Pages/Inbox/input_Buyers_buyers"), "*"): Keys '*' sent to object: 'Object Repository/ADMIN/Edit Text/Bespoke/Buyer Pages/Inbox/input_Buyers_buyers'

2020-03-20 10:22:49 - [MESSAGE][PASSED] - Keys '*' sent to object: 'Object Repository/ADMIN/Edit Text/Bespoke/Buyer Pages/Inbox/input_Buyers_buyers'

2020-03-20 10:22:49 - [TEST_STEP][PASSED] - sendKeys(findTestObject("ADMIN/Edit Text/Bespoke/Buyer Pages/Inbox/input_Search by name and message_search-by-name-message"), "*"): Keys '*' sent to object: 'Object Repository/ADMIN/Edit Text/Bespoke/Buyer Pages/Inbox/input_Search by name and message_search-by-name-message'

2020-03-20 10:22:49 - [MESSAGE][PASSED] - Keys '*' sent to object: 'Object Repository/ADMIN/Edit Text/Bespoke/Buyer Pages/Inbox/input_Search by name and message_search-by-name-message'

2020-03-20 10:22:49 - [TEST_STEP][PASSED] - click(findTestObject("ADMIN/Edit Text/Bespoke/Buyer Pages/Homepage/button_save"), CONTINUE_ON_FAILURE): Object: 'Object Repository/ADMIN/Edit Text/Bespoke/Buyer Pages/Homepage/button_save' is clicked on

2020-03-20 10:22:49 - [MESSAGE][PASSED] - Object: 'Object Repository/ADMIN/Edit Text/Bespoke/Buyer Pages/Homepage/button_save' is clicked on

2020-03-20 10:22:49 - [TEST_STEP][PASSED] - waitForElementVisible(findTestObject("ADMIN/Edit Text/Bespoke/Buyer Pages/Homepage/toaster_success"), 0): Object 'Object Repository/ADMIN/Edit Text/Bespoke/Buyer Pages/Homepage/toaster_success' is visible

2020-03-20 10:22:49 - [MESSAGE][WARNING] - Timeout '0' is invalid. Using default page load timeout: '30'

2020-03-20 10:22:50 - [MESSAGE][PASSED] - Object 'Object Repository/ADMIN/Edit Text/Bespoke/Buyer Pages/Homepage/toaster_success' is visible]]></system-out>
         <system-err><![CDATA[]]></system-err>
      </testcase>
      <testcase name="Test Cases/ADMIN/Language/Edit Text/Bespoke/Buyer Pages/Inbox" time="3.449" classname="Test Cases/ADMIN/Language/Edit Text/Bespoke/Buyer Pages/Inbox" status="PASSED">
         <system-out><![CDATA[2020-03-20 10:22:50 - [TEST_CASE][PASSED] - Test Cases/ADMIN/Language/Edit Text/Bespoke/Buyer Pages/Inbox: Test Cases/ADMIN/Language/Edit Text/Bespoke/Buyer Pages/Inbox

2020-03-20 10:22:50 - [TEST_STEP][PASSED] - waitForElementVisible(findTestObject("ADMIN/Edit Text/Bespoke/Buyer Navigation/dd_language"), 0): Object 'Object Repository/ADMIN/Edit Text/Bespoke/Buyer Navigation/dd_language' is visible

2020-03-20 10:22:50 - [MESSAGE][WARNING] - Timeout '0' is invalid. Using default page load timeout: '30'

2020-03-20 10:22:50 - [MESSAGE][PASSED] - Object 'Object Repository/ADMIN/Edit Text/Bespoke/Buyer Navigation/dd_language' is visible

2020-03-20 10:22:50 - [TEST_STEP][PASSED] - selectOptionByLabel(findTestObject("ADMIN/Edit Text/Bespoke/Buyer Navigation/dd_language"), varLanguage, false): All options with label 'Chinese (Traditional)' are selected in object 'Object Repository/ADMIN/Edit Text/Bespoke/Buyer Navigation/dd_language' 

2020-03-20 10:22:51 - [MESSAGE][PASSED] - All options with label 'Chinese (Traditional)' are selected in object 'Object Repository/ADMIN/Edit Text/Bespoke/Buyer Navigation/dd_language' 

2020-03-20 10:22:51 - [TEST_STEP][PASSED] - sendKeys(findTestObject("ADMIN/Edit Text/Bespoke/Buyer Pages/Inbox/input_Inbox_item-feedbak"), "*"): Keys '*' sent to object: 'Object Repository/ADMIN/Edit Text/Bespoke/Buyer Pages/Inbox/input_Inbox_item-feedbak'

2020-03-20 10:22:52 - [MESSAGE][PASSED] - Keys '*' sent to object: 'Object Repository/ADMIN/Edit Text/Bespoke/Buyer Pages/Inbox/input_Inbox_item-feedbak'

2020-03-20 10:22:52 - [TEST_STEP][PASSED] - sendKeys(findTestObject("ADMIN/Edit Text/Bespoke/Buyer Pages/Inbox/input_Sellers_seller"), "*"): Keys '*' sent to object: 'Object Repository/ADMIN/Edit Text/Bespoke/Buyer Pages/Inbox/input_Sellers_seller'

2020-03-20 10:22:52 - [MESSAGE][PASSED] - Keys '*' sent to object: 'Object Repository/ADMIN/Edit Text/Bespoke/Buyer Pages/Inbox/input_Sellers_seller'

2020-03-20 10:22:52 - [TEST_STEP][PASSED] - sendKeys(findTestObject("ADMIN/Edit Text/Bespoke/Buyer Pages/Inbox/input_Buyers_buyers"), "*"): Keys '*' sent to object: 'Object Repository/ADMIN/Edit Text/Bespoke/Buyer Pages/Inbox/input_Buyers_buyers'

2020-03-20 10:22:52 - [MESSAGE][PASSED] - Keys '*' sent to object: 'Object Repository/ADMIN/Edit Text/Bespoke/Buyer Pages/Inbox/input_Buyers_buyers'

2020-03-20 10:22:52 - [TEST_STEP][PASSED] - sendKeys(findTestObject("ADMIN/Edit Text/Bespoke/Buyer Pages/Inbox/input_Search by name and message_search-by-name-message"), "*"): Keys '*' sent to object: 'Object Repository/ADMIN/Edit Text/Bespoke/Buyer Pages/Inbox/input_Search by name and message_search-by-name-message'

2020-03-20 10:22:52 - [MESSAGE][PASSED] - Keys '*' sent to object: 'Object Repository/ADMIN/Edit Text/Bespoke/Buyer Pages/Inbox/input_Search by name and message_search-by-name-message'

2020-03-20 10:22:52 - [TEST_STEP][PASSED] - click(findTestObject("ADMIN/Edit Text/Bespoke/Buyer Pages/Homepage/button_save"), CONTINUE_ON_FAILURE): Object: 'Object Repository/ADMIN/Edit Text/Bespoke/Buyer Pages/Homepage/button_save' is clicked on

2020-03-20 10:22:53 - [MESSAGE][PASSED] - Object: 'Object Repository/ADMIN/Edit Text/Bespoke/Buyer Pages/Homepage/button_save' is clicked on

2020-03-20 10:22:53 - [TEST_STEP][PASSED] - waitForElementVisible(findTestObject("ADMIN/Edit Text/Bespoke/Buyer Pages/Homepage/toaster_success"), 0): Object 'Object Repository/ADMIN/Edit Text/Bespoke/Buyer Pages/Homepage/toaster_success' is visible

2020-03-20 10:22:53 - [MESSAGE][WARNING] - Timeout '0' is invalid. Using default page load timeout: '30'

2020-03-20 10:22:53 - [MESSAGE][PASSED] - Object 'Object Repository/ADMIN/Edit Text/Bespoke/Buyer Pages/Homepage/toaster_success' is visible]]></system-out>
         <system-err><![CDATA[]]></system-err>
      </testcase>
      <testcase name="Test Cases/ADMIN/Language/Edit Text/Bespoke/Buyer Pages/Inbox" time="3.381" classname="Test Cases/ADMIN/Language/Edit Text/Bespoke/Buyer Pages/Inbox" status="PASSED">
         <system-out><![CDATA[2020-03-20 10:22:53 - [TEST_CASE][PASSED] - Test Cases/ADMIN/Language/Edit Text/Bespoke/Buyer Pages/Inbox: Test Cases/ADMIN/Language/Edit Text/Bespoke/Buyer Pages/Inbox

2020-03-20 10:22:53 - [TEST_STEP][PASSED] - waitForElementVisible(findTestObject("ADMIN/Edit Text/Bespoke/Buyer Navigation/dd_language"), 0): Object 'Object Repository/ADMIN/Edit Text/Bespoke/Buyer Navigation/dd_language' is visible

2020-03-20 10:22:53 - [MESSAGE][WARNING] - Timeout '0' is invalid. Using default page load timeout: '30'

2020-03-20 10:22:53 - [MESSAGE][PASSED] - Object 'Object Repository/ADMIN/Edit Text/Bespoke/Buyer Navigation/dd_language' is visible

2020-03-20 10:22:53 - [TEST_STEP][PASSED] - selectOptionByLabel(findTestObject("ADMIN/Edit Text/Bespoke/Buyer Navigation/dd_language"), varLanguage, false): All options with label 'Portuguese' are selected in object 'Object Repository/ADMIN/Edit Text/Bespoke/Buyer Navigation/dd_language' 

2020-03-20 10:22:55 - [MESSAGE][PASSED] - All options with label 'Portuguese' are selected in object 'Object Repository/ADMIN/Edit Text/Bespoke/Buyer Navigation/dd_language' 

2020-03-20 10:22:55 - [TEST_STEP][PASSED] - sendKeys(findTestObject("ADMIN/Edit Text/Bespoke/Buyer Pages/Inbox/input_Inbox_item-feedbak"), "*"): Keys '*' sent to object: 'Object Repository/ADMIN/Edit Text/Bespoke/Buyer Pages/Inbox/input_Inbox_item-feedbak'

2020-03-20 10:22:56 - [MESSAGE][PASSED] - Keys '*' sent to object: 'Object Repository/ADMIN/Edit Text/Bespoke/Buyer Pages/Inbox/input_Inbox_item-feedbak'

2020-03-20 10:22:56 - [TEST_STEP][PASSED] - sendKeys(findTestObject("ADMIN/Edit Text/Bespoke/Buyer Pages/Inbox/input_Sellers_seller"), "*"): Keys '*' sent to object: 'Object Repository/ADMIN/Edit Text/Bespoke/Buyer Pages/Inbox/input_Sellers_seller'

2020-03-20 10:22:56 - [MESSAGE][PASSED] - Keys '*' sent to object: 'Object Repository/ADMIN/Edit Text/Bespoke/Buyer Pages/Inbox/input_Sellers_seller'

2020-03-20 10:22:56 - [TEST_STEP][PASSED] - sendKeys(findTestObject("ADMIN/Edit Text/Bespoke/Buyer Pages/Inbox/input_Buyers_buyers"), "*"): Keys '*' sent to object: 'Object Repository/ADMIN/Edit Text/Bespoke/Buyer Pages/Inbox/input_Buyers_buyers'

2020-03-20 10:22:56 - [MESSAGE][PASSED] - Keys '*' sent to object: 'Object Repository/ADMIN/Edit Text/Bespoke/Buyer Pages/Inbox/input_Buyers_buyers'

2020-03-20 10:22:56 - [TEST_STEP][PASSED] - sendKeys(findTestObject("ADMIN/Edit Text/Bespoke/Buyer Pages/Inbox/input_Search by name and message_search-by-name-message"), "*"): Keys '*' sent to object: 'Object Repository/ADMIN/Edit Text/Bespoke/Buyer Pages/Inbox/input_Search by name and message_search-by-name-message'

2020-03-20 10:22:56 - [MESSAGE][PASSED] - Keys '*' sent to object: 'Object Repository/ADMIN/Edit Text/Bespoke/Buyer Pages/Inbox/input_Search by name and message_search-by-name-message'

2020-03-20 10:22:56 - [TEST_STEP][PASSED] - click(findTestObject("ADMIN/Edit Text/Bespoke/Buyer Pages/Homepage/button_save"), CONTINUE_ON_FAILURE): Object: 'Object Repository/ADMIN/Edit Text/Bespoke/Buyer Pages/Homepage/button_save' is clicked on

2020-03-20 10:22:56 - [MESSAGE][PASSED] - Object: 'Object Repository/ADMIN/Edit Text/Bespoke/Buyer Pages/Homepage/button_save' is clicked on

2020-03-20 10:22:56 - [TEST_STEP][PASSED] - waitForElementVisible(findTestObject("ADMIN/Edit Text/Bespoke/Buyer Pages/Homepage/toaster_success"), 0): Object 'Object Repository/ADMIN/Edit Text/Bespoke/Buyer Pages/Homepage/toaster_success' is visible

2020-03-20 10:22:56 - [MESSAGE][WARNING] - Timeout '0' is invalid. Using default page load timeout: '30'

2020-03-20 10:22:57 - [MESSAGE][PASSED] - Object 'Object Repository/ADMIN/Edit Text/Bespoke/Buyer Pages/Homepage/toaster_success' is visible]]></system-out>
         <system-err><![CDATA[]]></system-err>
      </testcase>
      <testcase name="Test Cases/ADMIN/Language/Edit Text/Bespoke/Buyer Pages/Inbox" time="3.53" classname="Test Cases/ADMIN/Language/Edit Text/Bespoke/Buyer Pages/Inbox" status="PASSED">
         <system-out><![CDATA[2020-03-20 10:22:57 - [TEST_CASE][PASSED] - Test Cases/ADMIN/Language/Edit Text/Bespoke/Buyer Pages/Inbox: Test Cases/ADMIN/Language/Edit Text/Bespoke/Buyer Pages/Inbox

2020-03-20 10:22:57 - [TEST_STEP][PASSED] - waitForElementVisible(findTestObject("ADMIN/Edit Text/Bespoke/Buyer Navigation/dd_language"), 0): Object 'Object Repository/ADMIN/Edit Text/Bespoke/Buyer Navigation/dd_language' is visible

2020-03-20 10:22:57 - [MESSAGE][WARNING] - Timeout '0' is invalid. Using default page load timeout: '30'

2020-03-20 10:22:57 - [MESSAGE][PASSED] - Object 'Object Repository/ADMIN/Edit Text/Bespoke/Buyer Navigation/dd_language' is visible

2020-03-20 10:22:57 - [TEST_STEP][PASSED] - selectOptionByLabel(findTestObject("ADMIN/Edit Text/Bespoke/Buyer Navigation/dd_language"), varLanguage, false): All options with label 'Indonesian' are selected in object 'Object Repository/ADMIN/Edit Text/Bespoke/Buyer Navigation/dd_language' 

2020-03-20 10:22:58 - [MESSAGE][PASSED] - All options with label 'Indonesian' are selected in object 'Object Repository/ADMIN/Edit Text/Bespoke/Buyer Navigation/dd_language' 

2020-03-20 10:22:58 - [TEST_STEP][PASSED] - sendKeys(findTestObject("ADMIN/Edit Text/Bespoke/Buyer Pages/Inbox/input_Inbox_item-feedbak"), "*"): Keys '*' sent to object: 'Object Repository/ADMIN/Edit Text/Bespoke/Buyer Pages/Inbox/input_Inbox_item-feedbak'

2020-03-20 10:22:59 - [MESSAGE][PASSED] - Keys '*' sent to object: 'Object Repository/ADMIN/Edit Text/Bespoke/Buyer Pages/Inbox/input_Inbox_item-feedbak'

2020-03-20 10:22:59 - [TEST_STEP][PASSED] - sendKeys(findTestObject("ADMIN/Edit Text/Bespoke/Buyer Pages/Inbox/input_Sellers_seller"), "*"): Keys '*' sent to object: 'Object Repository/ADMIN/Edit Text/Bespoke/Buyer Pages/Inbox/input_Sellers_seller'

2020-03-20 10:22:59 - [MESSAGE][PASSED] - Keys '*' sent to object: 'Object Repository/ADMIN/Edit Text/Bespoke/Buyer Pages/Inbox/input_Sellers_seller'

2020-03-20 10:22:59 - [TEST_STEP][PASSED] - sendKeys(findTestObject("ADMIN/Edit Text/Bespoke/Buyer Pages/Inbox/input_Buyers_buyers"), "*"): Keys '*' sent to object: 'Object Repository/ADMIN/Edit Text/Bespoke/Buyer Pages/Inbox/input_Buyers_buyers'

2020-03-20 10:22:59 - [MESSAGE][PASSED] - Keys '*' sent to object: 'Object Repository/ADMIN/Edit Text/Bespoke/Buyer Pages/Inbox/input_Buyers_buyers'

2020-03-20 10:22:59 - [TEST_STEP][PASSED] - sendKeys(findTestObject("ADMIN/Edit Text/Bespoke/Buyer Pages/Inbox/input_Search by name and message_search-by-name-message"), "*"): Keys '*' sent to object: 'Object Repository/ADMIN/Edit Text/Bespoke/Buyer Pages/Inbox/input_Search by name and message_search-by-name-message'

2020-03-20 10:22:59 - [MESSAGE][PASSED] - Keys '*' sent to object: 'Object Repository/ADMIN/Edit Text/Bespoke/Buyer Pages/Inbox/input_Search by name and message_search-by-name-message'

2020-03-20 10:22:59 - [TEST_STEP][PASSED] - click(findTestObject("ADMIN/Edit Text/Bespoke/Buyer Pages/Homepage/button_save"), CONTINUE_ON_FAILURE): Object: 'Object Repository/ADMIN/Edit Text/Bespoke/Buyer Pages/Homepage/button_save' is clicked on

2020-03-20 10:23:00 - [MESSAGE][PASSED] - Object: 'Object Repository/ADMIN/Edit Text/Bespoke/Buyer Pages/Homepage/button_save' is clicked on

2020-03-20 10:23:00 - [TEST_STEP][PASSED] - waitForElementVisible(findTestObject("ADMIN/Edit Text/Bespoke/Buyer Pages/Homepage/toaster_success"), 0): Object 'Object Repository/ADMIN/Edit Text/Bespoke/Buyer Pages/Homepage/toaster_success' is visible

2020-03-20 10:23:00 - [MESSAGE][WARNING] - Timeout '0' is invalid. Using default page load timeout: '30'

2020-03-20 10:23:00 - [MESSAGE][PASSED] - Object 'Object Repository/ADMIN/Edit Text/Bespoke/Buyer Pages/Homepage/toaster_success' is visible]]></system-out>
         <system-err><![CDATA[]]></system-err>
      </testcase>
      <testcase name="Test Cases/ADMIN/Language/Edit Text/Bespoke/Buyer Pages/Inbox" time="3.162" classname="Test Cases/ADMIN/Language/Edit Text/Bespoke/Buyer Pages/Inbox" status="PASSED">
         <system-out><![CDATA[2020-03-20 10:23:00 - [TEST_CASE][PASSED] - Test Cases/ADMIN/Language/Edit Text/Bespoke/Buyer Pages/Inbox: Test Cases/ADMIN/Language/Edit Text/Bespoke/Buyer Pages/Inbox

2020-03-20 10:23:00 - [TEST_STEP][PASSED] - waitForElementVisible(findTestObject("ADMIN/Edit Text/Bespoke/Buyer Navigation/dd_language"), 0): Object 'Object Repository/ADMIN/Edit Text/Bespoke/Buyer Navigation/dd_language' is visible

2020-03-20 10:23:00 - [MESSAGE][WARNING] - Timeout '0' is invalid. Using default page load timeout: '30'

2020-03-20 10:23:00 - [MESSAGE][PASSED] - Object 'Object Repository/ADMIN/Edit Text/Bespoke/Buyer Navigation/dd_language' is visible

2020-03-20 10:23:00 - [TEST_STEP][PASSED] - selectOptionByLabel(findTestObject("ADMIN/Edit Text/Bespoke/Buyer Navigation/dd_language"), varLanguage, false): All options with label 'Russian' are selected in object 'Object Repository/ADMIN/Edit Text/Bespoke/Buyer Navigation/dd_language' 

2020-03-20 10:23:02 - [MESSAGE][PASSED] - All options with label 'Russian' are selected in object 'Object Repository/ADMIN/Edit Text/Bespoke/Buyer Navigation/dd_language' 

2020-03-20 10:23:02 - [TEST_STEP][PASSED] - sendKeys(findTestObject("ADMIN/Edit Text/Bespoke/Buyer Pages/Inbox/input_Inbox_item-feedbak"), "*"): Keys '*' sent to object: 'Object Repository/ADMIN/Edit Text/Bespoke/Buyer Pages/Inbox/input_Inbox_item-feedbak'

2020-03-20 10:23:02 - [MESSAGE][PASSED] - Keys '*' sent to object: 'Object Repository/ADMIN/Edit Text/Bespoke/Buyer Pages/Inbox/input_Inbox_item-feedbak'

2020-03-20 10:23:02 - [TEST_STEP][PASSED] - sendKeys(findTestObject("ADMIN/Edit Text/Bespoke/Buyer Pages/Inbox/input_Sellers_seller"), "*"): Keys '*' sent to object: 'Object Repository/ADMIN/Edit Text/Bespoke/Buyer Pages/Inbox/input_Sellers_seller'

2020-03-20 10:23:02 - [MESSAGE][PASSED] - Keys '*' sent to object: 'Object Repository/ADMIN/Edit Text/Bespoke/Buyer Pages/Inbox/input_Sellers_seller'

2020-03-20 10:23:02 - [TEST_STEP][PASSED] - sendKeys(findTestObject("ADMIN/Edit Text/Bespoke/Buyer Pages/Inbox/input_Buyers_buyers"), "*"): Keys '*' sent to object: 'Object Repository/ADMIN/Edit Text/Bespoke/Buyer Pages/Inbox/input_Buyers_buyers'

2020-03-20 10:23:03 - [MESSAGE][PASSED] - Keys '*' sent to object: 'Object Repository/ADMIN/Edit Text/Bespoke/Buyer Pages/Inbox/input_Buyers_buyers'

2020-03-20 10:23:03 - [TEST_STEP][PASSED] - sendKeys(findTestObject("ADMIN/Edit Text/Bespoke/Buyer Pages/Inbox/input_Search by name and message_search-by-name-message"), "*"): Keys '*' sent to object: 'Object Repository/ADMIN/Edit Text/Bespoke/Buyer Pages/Inbox/input_Search by name and message_search-by-name-message'

2020-03-20 10:23:03 - [MESSAGE][PASSED] - Keys '*' sent to object: 'Object Repository/ADMIN/Edit Text/Bespoke/Buyer Pages/Inbox/input_Search by name and message_search-by-name-message'

2020-03-20 10:23:03 - [TEST_STEP][PASSED] - click(findTestObject("ADMIN/Edit Text/Bespoke/Buyer Pages/Homepage/button_save"), CONTINUE_ON_FAILURE): Object: 'Object Repository/ADMIN/Edit Text/Bespoke/Buyer Pages/Homepage/button_save' is clicked on

2020-03-20 10:23:03 - [MESSAGE][PASSED] - Object: 'Object Repository/ADMIN/Edit Text/Bespoke/Buyer Pages/Homepage/button_save' is clicked on

2020-03-20 10:23:03 - [TEST_STEP][PASSED] - waitForElementVisible(findTestObject("ADMIN/Edit Text/Bespoke/Buyer Pages/Homepage/toaster_success"), 0): Object 'Object Repository/ADMIN/Edit Text/Bespoke/Buyer Pages/Homepage/toaster_success' is visible

2020-03-20 10:23:03 - [MESSAGE][WARNING] - Timeout '0' is invalid. Using default page load timeout: '30'

2020-03-20 10:23:03 - [MESSAGE][PASSED] - Object 'Object Repository/ADMIN/Edit Text/Bespoke/Buyer Pages/Homepage/toaster_success' is visible]]></system-out>
         <system-err><![CDATA[]]></system-err>
      </testcase>
      <testcase name="Test Cases/ADMIN/Language/Edit Text/Bespoke/Buyer Pages/Inbox" time="3.565" classname="Test Cases/ADMIN/Language/Edit Text/Bespoke/Buyer Pages/Inbox" status="PASSED">
         <system-out><![CDATA[2020-03-20 10:23:03 - [TEST_CASE][PASSED] - Test Cases/ADMIN/Language/Edit Text/Bespoke/Buyer Pages/Inbox: Test Cases/ADMIN/Language/Edit Text/Bespoke/Buyer Pages/Inbox

2020-03-20 10:23:03 - [TEST_STEP][PASSED] - waitForElementVisible(findTestObject("ADMIN/Edit Text/Bespoke/Buyer Navigation/dd_language"), 0): Object 'Object Repository/ADMIN/Edit Text/Bespoke/Buyer Navigation/dd_language' is visible

2020-03-20 10:23:03 - [MESSAGE][WARNING] - Timeout '0' is invalid. Using default page load timeout: '30'

2020-03-20 10:23:04 - [MESSAGE][PASSED] - Object 'Object Repository/ADMIN/Edit Text/Bespoke/Buyer Navigation/dd_language' is visible

2020-03-20 10:23:04 - [TEST_STEP][PASSED] - selectOptionByLabel(findTestObject("ADMIN/Edit Text/Bespoke/Buyer Navigation/dd_language"), varLanguage, false): All options with label 'Italian' are selected in object 'Object Repository/ADMIN/Edit Text/Bespoke/Buyer Navigation/dd_language' 

2020-03-20 10:23:05 - [MESSAGE][PASSED] - All options with label 'Italian' are selected in object 'Object Repository/ADMIN/Edit Text/Bespoke/Buyer Navigation/dd_language' 

2020-03-20 10:23:05 - [TEST_STEP][PASSED] - sendKeys(findTestObject("ADMIN/Edit Text/Bespoke/Buyer Pages/Inbox/input_Inbox_item-feedbak"), "*"): Keys '*' sent to object: 'Object Repository/ADMIN/Edit Text/Bespoke/Buyer Pages/Inbox/input_Inbox_item-feedbak'

2020-03-20 10:23:06 - [MESSAGE][PASSED] - Keys '*' sent to object: 'Object Repository/ADMIN/Edit Text/Bespoke/Buyer Pages/Inbox/input_Inbox_item-feedbak'

2020-03-20 10:23:06 - [TEST_STEP][PASSED] - sendKeys(findTestObject("ADMIN/Edit Text/Bespoke/Buyer Pages/Inbox/input_Sellers_seller"), "*"): Keys '*' sent to object: 'Object Repository/ADMIN/Edit Text/Bespoke/Buyer Pages/Inbox/input_Sellers_seller'

2020-03-20 10:23:06 - [MESSAGE][PASSED] - Keys '*' sent to object: 'Object Repository/ADMIN/Edit Text/Bespoke/Buyer Pages/Inbox/input_Sellers_seller'

2020-03-20 10:23:06 - [TEST_STEP][PASSED] - sendKeys(findTestObject("ADMIN/Edit Text/Bespoke/Buyer Pages/Inbox/input_Buyers_buyers"), "*"): Keys '*' sent to object: 'Object Repository/ADMIN/Edit Text/Bespoke/Buyer Pages/Inbox/input_Buyers_buyers'

2020-03-20 10:23:06 - [MESSAGE][PASSED] - Keys '*' sent to object: 'Object Repository/ADMIN/Edit Text/Bespoke/Buyer Pages/Inbox/input_Buyers_buyers'

2020-03-20 10:23:06 - [TEST_STEP][PASSED] - sendKeys(findTestObject("ADMIN/Edit Text/Bespoke/Buyer Pages/Inbox/input_Search by name and message_search-by-name-message"), "*"): Keys '*' sent to object: 'Object Repository/ADMIN/Edit Text/Bespoke/Buyer Pages/Inbox/input_Search by name and message_search-by-name-message'

2020-03-20 10:23:06 - [MESSAGE][PASSED] - Keys '*' sent to object: 'Object Repository/ADMIN/Edit Text/Bespoke/Buyer Pages/Inbox/input_Search by name and message_search-by-name-message'

2020-03-20 10:23:06 - [TEST_STEP][PASSED] - click(findTestObject("ADMIN/Edit Text/Bespoke/Buyer Pages/Homepage/button_save"), CONTINUE_ON_FAILURE): Object: 'Object Repository/ADMIN/Edit Text/Bespoke/Buyer Pages/Homepage/button_save' is clicked on

2020-03-20 10:23:06 - [MESSAGE][PASSED] - Object: 'Object Repository/ADMIN/Edit Text/Bespoke/Buyer Pages/Homepage/button_save' is clicked on

2020-03-20 10:23:06 - [TEST_STEP][PASSED] - waitForElementVisible(findTestObject("ADMIN/Edit Text/Bespoke/Buyer Pages/Homepage/toaster_success"), 0): Object 'Object Repository/ADMIN/Edit Text/Bespoke/Buyer Pages/Homepage/toaster_success' is visible

2020-03-20 10:23:06 - [MESSAGE][WARNING] - Timeout '0' is invalid. Using default page load timeout: '30'

2020-03-20 10:23:07 - [MESSAGE][PASSED] - Object 'Object Repository/ADMIN/Edit Text/Bespoke/Buyer Pages/Homepage/toaster_success' is visible]]></system-out>
         <system-err><![CDATA[]]></system-err>
      </testcase>
      <testcase name="Test Cases/ADMIN/Language/Edit Text/Bespoke/Buyer Pages/Inbox" time="3.45" classname="Test Cases/ADMIN/Language/Edit Text/Bespoke/Buyer Pages/Inbox" status="PASSED">
         <system-out><![CDATA[2020-03-20 10:23:07 - [TEST_CASE][PASSED] - Test Cases/ADMIN/Language/Edit Text/Bespoke/Buyer Pages/Inbox: Test Cases/ADMIN/Language/Edit Text/Bespoke/Buyer Pages/Inbox

2020-03-20 10:23:07 - [TEST_STEP][PASSED] - waitForElementVisible(findTestObject("ADMIN/Edit Text/Bespoke/Buyer Navigation/dd_language"), 0): Object 'Object Repository/ADMIN/Edit Text/Bespoke/Buyer Navigation/dd_language' is visible

2020-03-20 10:23:07 - [MESSAGE][WARNING] - Timeout '0' is invalid. Using default page load timeout: '30'

2020-03-20 10:23:07 - [MESSAGE][PASSED] - Object 'Object Repository/ADMIN/Edit Text/Bespoke/Buyer Navigation/dd_language' is visible

2020-03-20 10:23:07 - [TEST_STEP][PASSED] - selectOptionByLabel(findTestObject("ADMIN/Edit Text/Bespoke/Buyer Navigation/dd_language"), varLanguage, false): All options with label 'Arabic' are selected in object 'Object Repository/ADMIN/Edit Text/Bespoke/Buyer Navigation/dd_language' 

2020-03-20 10:23:08 - [MESSAGE][PASSED] - All options with label 'Arabic' are selected in object 'Object Repository/ADMIN/Edit Text/Bespoke/Buyer Navigation/dd_language' 

2020-03-20 10:23:08 - [TEST_STEP][PASSED] - sendKeys(findTestObject("ADMIN/Edit Text/Bespoke/Buyer Pages/Inbox/input_Inbox_item-feedbak"), "*"): Keys '*' sent to object: 'Object Repository/ADMIN/Edit Text/Bespoke/Buyer Pages/Inbox/input_Inbox_item-feedbak'

2020-03-20 10:23:09 - [MESSAGE][PASSED] - Keys '*' sent to object: 'Object Repository/ADMIN/Edit Text/Bespoke/Buyer Pages/Inbox/input_Inbox_item-feedbak'

2020-03-20 10:23:09 - [TEST_STEP][PASSED] - sendKeys(findTestObject("ADMIN/Edit Text/Bespoke/Buyer Pages/Inbox/input_Sellers_seller"), "*"): Keys '*' sent to object: 'Object Repository/ADMIN/Edit Text/Bespoke/Buyer Pages/Inbox/input_Sellers_seller'

2020-03-20 10:23:09 - [MESSAGE][PASSED] - Keys '*' sent to object: 'Object Repository/ADMIN/Edit Text/Bespoke/Buyer Pages/Inbox/input_Sellers_seller'

2020-03-20 10:23:09 - [TEST_STEP][PASSED] - sendKeys(findTestObject("ADMIN/Edit Text/Bespoke/Buyer Pages/Inbox/input_Buyers_buyers"), "*"): Keys '*' sent to object: 'Object Repository/ADMIN/Edit Text/Bespoke/Buyer Pages/Inbox/input_Buyers_buyers'

2020-03-20 10:23:10 - [MESSAGE][PASSED] - Keys '*' sent to object: 'Object Repository/ADMIN/Edit Text/Bespoke/Buyer Pages/Inbox/input_Buyers_buyers'

2020-03-20 10:23:10 - [TEST_STEP][PASSED] - sendKeys(findTestObject("ADMIN/Edit Text/Bespoke/Buyer Pages/Inbox/input_Search by name and message_search-by-name-message"), "*"): Keys '*' sent to object: 'Object Repository/ADMIN/Edit Text/Bespoke/Buyer Pages/Inbox/input_Search by name and message_search-by-name-message'

2020-03-20 10:23:10 - [MESSAGE][PASSED] - Keys '*' sent to object: 'Object Repository/ADMIN/Edit Text/Bespoke/Buyer Pages/Inbox/input_Search by name and message_search-by-name-message'

2020-03-20 10:23:10 - [TEST_STEP][PASSED] - click(findTestObject("ADMIN/Edit Text/Bespoke/Buyer Pages/Homepage/button_save"), CONTINUE_ON_FAILURE): Object: 'Object Repository/ADMIN/Edit Text/Bespoke/Buyer Pages/Homepage/button_save' is clicked on

2020-03-20 10:23:10 - [MESSAGE][PASSED] - Object: 'Object Repository/ADMIN/Edit Text/Bespoke/Buyer Pages/Homepage/button_save' is clicked on

2020-03-20 10:23:10 - [TEST_STEP][PASSED] - waitForElementVisible(findTestObject("ADMIN/Edit Text/Bespoke/Buyer Pages/Homepage/toaster_success"), 0): Object 'Object Repository/ADMIN/Edit Text/Bespoke/Buyer Pages/Homepage/toaster_success' is visible

2020-03-20 10:23:10 - [MESSAGE][WARNING] - Timeout '0' is invalid. Using default page load timeout: '30'

2020-03-20 10:23:10 - [MESSAGE][PASSED] - Object 'Object Repository/ADMIN/Edit Text/Bespoke/Buyer Pages/Homepage/toaster_success' is visible]]></system-out>
         <system-err><![CDATA[]]></system-err>
      </testcase>
      <testcase name="Test Cases/ADMIN/Language/Edit Text/Bespoke/Buyer Pages/Inbox" time="3.017" classname="Test Cases/ADMIN/Language/Edit Text/Bespoke/Buyer Pages/Inbox" status="PASSED">
         <system-out><![CDATA[2020-03-20 10:23:10 - [TEST_CASE][PASSED] - Test Cases/ADMIN/Language/Edit Text/Bespoke/Buyer Pages/Inbox: Test Cases/ADMIN/Language/Edit Text/Bespoke/Buyer Pages/Inbox

2020-03-20 10:23:10 - [TEST_STEP][PASSED] - waitForElementVisible(findTestObject("ADMIN/Edit Text/Bespoke/Buyer Navigation/dd_language"), 0): Object 'Object Repository/ADMIN/Edit Text/Bespoke/Buyer Navigation/dd_language' is visible

2020-03-20 10:23:10 - [MESSAGE][WARNING] - Timeout '0' is invalid. Using default page load timeout: '30'

2020-03-20 10:23:11 - [MESSAGE][PASSED] - Object 'Object Repository/ADMIN/Edit Text/Bespoke/Buyer Navigation/dd_language' is visible

2020-03-20 10:23:11 - [TEST_STEP][PASSED] - selectOptionByLabel(findTestObject("ADMIN/Edit Text/Bespoke/Buyer Navigation/dd_language"), varLanguage, false): All options with label 'Dutch' are selected in object 'Object Repository/ADMIN/Edit Text/Bespoke/Buyer Navigation/dd_language' 

2020-03-20 10:23:12 - [MESSAGE][PASSED] - All options with label 'Dutch' are selected in object 'Object Repository/ADMIN/Edit Text/Bespoke/Buyer Navigation/dd_language' 

2020-03-20 10:23:12 - [TEST_STEP][PASSED] - sendKeys(findTestObject("ADMIN/Edit Text/Bespoke/Buyer Pages/Inbox/input_Inbox_item-feedbak"), "*"): Keys '*' sent to object: 'Object Repository/ADMIN/Edit Text/Bespoke/Buyer Pages/Inbox/input_Inbox_item-feedbak'

2020-03-20 10:23:13 - [MESSAGE][PASSED] - Keys '*' sent to object: 'Object Repository/ADMIN/Edit Text/Bespoke/Buyer Pages/Inbox/input_Inbox_item-feedbak'

2020-03-20 10:23:13 - [TEST_STEP][PASSED] - sendKeys(findTestObject("ADMIN/Edit Text/Bespoke/Buyer Pages/Inbox/input_Sellers_seller"), "*"): Keys '*' sent to object: 'Object Repository/ADMIN/Edit Text/Bespoke/Buyer Pages/Inbox/input_Sellers_seller'

2020-03-20 10:23:13 - [MESSAGE][PASSED] - Keys '*' sent to object: 'Object Repository/ADMIN/Edit Text/Bespoke/Buyer Pages/Inbox/input_Sellers_seller'

2020-03-20 10:23:13 - [TEST_STEP][PASSED] - sendKeys(findTestObject("ADMIN/Edit Text/Bespoke/Buyer Pages/Inbox/input_Buyers_buyers"), "*"): Keys '*' sent to object: 'Object Repository/ADMIN/Edit Text/Bespoke/Buyer Pages/Inbox/input_Buyers_buyers'

2020-03-20 10:23:13 - [MESSAGE][PASSED] - Keys '*' sent to object: 'Object Repository/ADMIN/Edit Text/Bespoke/Buyer Pages/Inbox/input_Buyers_buyers'

2020-03-20 10:23:13 - [TEST_STEP][PASSED] - sendKeys(findTestObject("ADMIN/Edit Text/Bespoke/Buyer Pages/Inbox/input_Search by name and message_search-by-name-message"), "*"): Keys '*' sent to object: 'Object Repository/ADMIN/Edit Text/Bespoke/Buyer Pages/Inbox/input_Search by name and message_search-by-name-message'

2020-03-20 10:23:13 - [MESSAGE][PASSED] - Keys '*' sent to object: 'Object Repository/ADMIN/Edit Text/Bespoke/Buyer Pages/Inbox/input_Search by name and message_search-by-name-message'

2020-03-20 10:23:13 - [TEST_STEP][PASSED] - click(findTestObject("ADMIN/Edit Text/Bespoke/Buyer Pages/Homepage/button_save"), CONTINUE_ON_FAILURE): Object: 'Object Repository/ADMIN/Edit Text/Bespoke/Buyer Pages/Homepage/button_save' is clicked on

2020-03-20 10:23:13 - [MESSAGE][PASSED] - Object: 'Object Repository/ADMIN/Edit Text/Bespoke/Buyer Pages/Homepage/button_save' is clicked on

2020-03-20 10:23:13 - [TEST_STEP][PASSED] - waitForElementVisible(findTestObject("ADMIN/Edit Text/Bespoke/Buyer Pages/Homepage/toaster_success"), 0): Object 'Object Repository/ADMIN/Edit Text/Bespoke/Buyer Pages/Homepage/toaster_success' is visible

2020-03-20 10:23:13 - [MESSAGE][WARNING] - Timeout '0' is invalid. Using default page load timeout: '30'

2020-03-20 10:23:13 - [MESSAGE][PASSED] - Object 'Object Repository/ADMIN/Edit Text/Bespoke/Buyer Pages/Homepage/toaster_success' is visible]]></system-out>
         <system-err><![CDATA[]]></system-err>
      </testcase>
      <testcase name="Test Cases/ADMIN/Language/Edit Text/Bespoke/Buyer Pages/Inbox" time="3.548" classname="Test Cases/ADMIN/Language/Edit Text/Bespoke/Buyer Pages/Inbox" status="PASSED">
         <system-out><![CDATA[2020-03-20 10:23:13 - [TEST_CASE][PASSED] - Test Cases/ADMIN/Language/Edit Text/Bespoke/Buyer Pages/Inbox: Test Cases/ADMIN/Language/Edit Text/Bespoke/Buyer Pages/Inbox

2020-03-20 10:23:13 - [TEST_STEP][PASSED] - waitForElementVisible(findTestObject("ADMIN/Edit Text/Bespoke/Buyer Navigation/dd_language"), 0): Object 'Object Repository/ADMIN/Edit Text/Bespoke/Buyer Navigation/dd_language' is visible

2020-03-20 10:23:14 - [MESSAGE][WARNING] - Timeout '0' is invalid. Using default page load timeout: '30'

2020-03-20 10:23:14 - [MESSAGE][PASSED] - Object 'Object Repository/ADMIN/Edit Text/Bespoke/Buyer Navigation/dd_language' is visible

2020-03-20 10:23:14 - [TEST_STEP][PASSED] - selectOptionByLabel(findTestObject("ADMIN/Edit Text/Bespoke/Buyer Navigation/dd_language"), varLanguage, false): All options with label 'Swedish' are selected in object 'Object Repository/ADMIN/Edit Text/Bespoke/Buyer Navigation/dd_language' 

2020-03-20 10:23:15 - [MESSAGE][PASSED] - All options with label 'Swedish' are selected in object 'Object Repository/ADMIN/Edit Text/Bespoke/Buyer Navigation/dd_language' 

2020-03-20 10:23:15 - [TEST_STEP][PASSED] - sendKeys(findTestObject("ADMIN/Edit Text/Bespoke/Buyer Pages/Inbox/input_Inbox_item-feedbak"), "*"): Keys '*' sent to object: 'Object Repository/ADMIN/Edit Text/Bespoke/Buyer Pages/Inbox/input_Inbox_item-feedbak'

2020-03-20 10:23:16 - [MESSAGE][PASSED] - Keys '*' sent to object: 'Object Repository/ADMIN/Edit Text/Bespoke/Buyer Pages/Inbox/input_Inbox_item-feedbak'

2020-03-20 10:23:16 - [TEST_STEP][PASSED] - sendKeys(findTestObject("ADMIN/Edit Text/Bespoke/Buyer Pages/Inbox/input_Sellers_seller"), "*"): Keys '*' sent to object: 'Object Repository/ADMIN/Edit Text/Bespoke/Buyer Pages/Inbox/input_Sellers_seller'

2020-03-20 10:23:16 - [MESSAGE][PASSED] - Keys '*' sent to object: 'Object Repository/ADMIN/Edit Text/Bespoke/Buyer Pages/Inbox/input_Sellers_seller'

2020-03-20 10:23:16 - [TEST_STEP][PASSED] - sendKeys(findTestObject("ADMIN/Edit Text/Bespoke/Buyer Pages/Inbox/input_Buyers_buyers"), "*"): Keys '*' sent to object: 'Object Repository/ADMIN/Edit Text/Bespoke/Buyer Pages/Inbox/input_Buyers_buyers'

2020-03-20 10:23:16 - [MESSAGE][PASSED] - Keys '*' sent to object: 'Object Repository/ADMIN/Edit Text/Bespoke/Buyer Pages/Inbox/input_Buyers_buyers'

2020-03-20 10:23:16 - [TEST_STEP][PASSED] - sendKeys(findTestObject("ADMIN/Edit Text/Bespoke/Buyer Pages/Inbox/input_Search by name and message_search-by-name-message"), "*"): Keys '*' sent to object: 'Object Repository/ADMIN/Edit Text/Bespoke/Buyer Pages/Inbox/input_Search by name and message_search-by-name-message'

2020-03-20 10:23:16 - [MESSAGE][PASSED] - Keys '*' sent to object: 'Object Repository/ADMIN/Edit Text/Bespoke/Buyer Pages/Inbox/input_Search by name and message_search-by-name-message'

2020-03-20 10:23:16 - [TEST_STEP][PASSED] - click(findTestObject("ADMIN/Edit Text/Bespoke/Buyer Pages/Homepage/button_save"), CONTINUE_ON_FAILURE): Object: 'Object Repository/ADMIN/Edit Text/Bespoke/Buyer Pages/Homepage/button_save' is clicked on

2020-03-20 10:23:16 - [MESSAGE][PASSED] - Object: 'Object Repository/ADMIN/Edit Text/Bespoke/Buyer Pages/Homepage/button_save' is clicked on

2020-03-20 10:23:16 - [TEST_STEP][PASSED] - waitForElementVisible(findTestObject("ADMIN/Edit Text/Bespoke/Buyer Pages/Homepage/toaster_success"), 0): Object 'Object Repository/ADMIN/Edit Text/Bespoke/Buyer Pages/Homepage/toaster_success' is visible

2020-03-20 10:23:16 - [MESSAGE][WARNING] - Timeout '0' is invalid. Using default page load timeout: '30'

2020-03-20 10:23:17 - [MESSAGE][PASSED] - Object 'Object Repository/ADMIN/Edit Text/Bespoke/Buyer Pages/Homepage/toaster_success' is visible]]></system-out>
         <system-err><![CDATA[]]></system-err>
      </testcase>
      <testcase name="Test Cases/ADMIN/Language/Edit Text/Bespoke/Buyer Pages/Inbox" time="3.784" classname="Test Cases/ADMIN/Language/Edit Text/Bespoke/Buyer Pages/Inbox" status="PASSED">
         <system-out><![CDATA[2020-03-20 10:23:17 - [TEST_CASE][PASSED] - Test Cases/ADMIN/Language/Edit Text/Bespoke/Buyer Pages/Inbox: Test Cases/ADMIN/Language/Edit Text/Bespoke/Buyer Pages/Inbox

2020-03-20 10:23:17 - [TEST_STEP][PASSED] - waitForElementVisible(findTestObject("ADMIN/Edit Text/Bespoke/Buyer Navigation/dd_language"), 0): Object 'Object Repository/ADMIN/Edit Text/Bespoke/Buyer Navigation/dd_language' is visible

2020-03-20 10:23:17 - [MESSAGE][WARNING] - Timeout '0' is invalid. Using default page load timeout: '30'

2020-03-20 10:23:17 - [MESSAGE][PASSED] - Object 'Object Repository/ADMIN/Edit Text/Bespoke/Buyer Navigation/dd_language' is visible

2020-03-20 10:23:17 - [TEST_STEP][PASSED] - selectOptionByLabel(findTestObject("ADMIN/Edit Text/Bespoke/Buyer Navigation/dd_language"), varLanguage, false): All options with label 'Chinese (Simplified)' are selected in object 'Object Repository/ADMIN/Edit Text/Bespoke/Buyer Navigation/dd_language' 

2020-03-20 10:23:18 - [MESSAGE][PASSED] - All options with label 'Chinese (Simplified)' are selected in object 'Object Repository/ADMIN/Edit Text/Bespoke/Buyer Navigation/dd_language' 

2020-03-20 10:23:18 - [TEST_STEP][PASSED] - sendKeys(findTestObject("ADMIN/Edit Text/Bespoke/Buyer Pages/Inbox/input_Inbox_item-feedbak"), "*"): Keys '*' sent to object: 'Object Repository/ADMIN/Edit Text/Bespoke/Buyer Pages/Inbox/input_Inbox_item-feedbak'

2020-03-20 10:23:19 - [MESSAGE][PASSED] - Keys '*' sent to object: 'Object Repository/ADMIN/Edit Text/Bespoke/Buyer Pages/Inbox/input_Inbox_item-feedbak'

2020-03-20 10:23:19 - [TEST_STEP][PASSED] - sendKeys(findTestObject("ADMIN/Edit Text/Bespoke/Buyer Pages/Inbox/input_Sellers_seller"), "*"): Keys '*' sent to object: 'Object Repository/ADMIN/Edit Text/Bespoke/Buyer Pages/Inbox/input_Sellers_seller'

2020-03-20 10:23:19 - [MESSAGE][PASSED] - Keys '*' sent to object: 'Object Repository/ADMIN/Edit Text/Bespoke/Buyer Pages/Inbox/input_Sellers_seller'

2020-03-20 10:23:19 - [TEST_STEP][PASSED] - sendKeys(findTestObject("ADMIN/Edit Text/Bespoke/Buyer Pages/Inbox/input_Buyers_buyers"), "*"): Keys '*' sent to object: 'Object Repository/ADMIN/Edit Text/Bespoke/Buyer Pages/Inbox/input_Buyers_buyers'

2020-03-20 10:23:19 - [MESSAGE][PASSED] - Keys '*' sent to object: 'Object Repository/ADMIN/Edit Text/Bespoke/Buyer Pages/Inbox/input_Buyers_buyers'

2020-03-20 10:23:19 - [TEST_STEP][PASSED] - sendKeys(findTestObject("ADMIN/Edit Text/Bespoke/Buyer Pages/Inbox/input_Search by name and message_search-by-name-message"), "*"): Keys '*' sent to object: 'Object Repository/ADMIN/Edit Text/Bespoke/Buyer Pages/Inbox/input_Search by name and message_search-by-name-message'

2020-03-20 10:23:20 - [MESSAGE][PASSED] - Keys '*' sent to object: 'Object Repository/ADMIN/Edit Text/Bespoke/Buyer Pages/Inbox/input_Search by name and message_search-by-name-message'

2020-03-20 10:23:20 - [TEST_STEP][PASSED] - click(findTestObject("ADMIN/Edit Text/Bespoke/Buyer Pages/Homepage/button_save"), CONTINUE_ON_FAILURE): Object: 'Object Repository/ADMIN/Edit Text/Bespoke/Buyer Pages/Homepage/button_save' is clicked on

2020-03-20 10:23:20 - [MESSAGE][PASSED] - Object: 'Object Repository/ADMIN/Edit Text/Bespoke/Buyer Pages/Homepage/button_save' is clicked on

2020-03-20 10:23:20 - [TEST_STEP][PASSED] - waitForElementVisible(findTestObject("ADMIN/Edit Text/Bespoke/Buyer Pages/Homepage/toaster_success"), 0): Object 'Object Repository/ADMIN/Edit Text/Bespoke/Buyer Pages/Homepage/toaster_success' is visible

2020-03-20 10:23:20 - [MESSAGE][WARNING] - Timeout '0' is invalid. Using default page load timeout: '30'

2020-03-20 10:23:21 - [MESSAGE][PASSED] - Object 'Object Repository/ADMIN/Edit Text/Bespoke/Buyer Pages/Homepage/toaster_success' is visible]]></system-out>
         <system-err><![CDATA[]]></system-err>
      </testcase>
      <testcase name="Test Cases/ADMIN/Language/Edit Text/Bespoke/Buyer Pages/Inbox" time="3.536" classname="Test Cases/ADMIN/Language/Edit Text/Bespoke/Buyer Pages/Inbox" status="PASSED">
         <system-out><![CDATA[2020-03-20 10:23:21 - [TEST_CASE][PASSED] - Test Cases/ADMIN/Language/Edit Text/Bespoke/Buyer Pages/Inbox: Test Cases/ADMIN/Language/Edit Text/Bespoke/Buyer Pages/Inbox

2020-03-20 10:23:21 - [TEST_STEP][PASSED] - waitForElementVisible(findTestObject("ADMIN/Edit Text/Bespoke/Buyer Navigation/dd_language"), 0): Object 'Object Repository/ADMIN/Edit Text/Bespoke/Buyer Navigation/dd_language' is visible

2020-03-20 10:23:21 - [MESSAGE][WARNING] - Timeout '0' is invalid. Using default page load timeout: '30'

2020-03-20 10:23:21 - [MESSAGE][PASSED] - Object 'Object Repository/ADMIN/Edit Text/Bespoke/Buyer Navigation/dd_language' is visible

2020-03-20 10:23:21 - [TEST_STEP][PASSED] - selectOptionByLabel(findTestObject("ADMIN/Edit Text/Bespoke/Buyer Navigation/dd_language"), varLanguage, false): All options with label 'Hebrew' are selected in object 'Object Repository/ADMIN/Edit Text/Bespoke/Buyer Navigation/dd_language' 

2020-03-20 10:23:22 - [MESSAGE][PASSED] - All options with label 'Hebrew' are selected in object 'Object Repository/ADMIN/Edit Text/Bespoke/Buyer Navigation/dd_language' 

2020-03-20 10:23:22 - [TEST_STEP][PASSED] - sendKeys(findTestObject("ADMIN/Edit Text/Bespoke/Buyer Pages/Inbox/input_Inbox_item-feedbak"), "*"): Keys '*' sent to object: 'Object Repository/ADMIN/Edit Text/Bespoke/Buyer Pages/Inbox/input_Inbox_item-feedbak'

2020-03-20 10:23:23 - [MESSAGE][PASSED] - Keys '*' sent to object: 'Object Repository/ADMIN/Edit Text/Bespoke/Buyer Pages/Inbox/input_Inbox_item-feedbak'

2020-03-20 10:23:23 - [TEST_STEP][PASSED] - sendKeys(findTestObject("ADMIN/Edit Text/Bespoke/Buyer Pages/Inbox/input_Sellers_seller"), "*"): Keys '*' sent to object: 'Object Repository/ADMIN/Edit Text/Bespoke/Buyer Pages/Inbox/input_Sellers_seller'

2020-03-20 10:23:23 - [MESSAGE][PASSED] - Keys '*' sent to object: 'Object Repository/ADMIN/Edit Text/Bespoke/Buyer Pages/Inbox/input_Sellers_seller'

2020-03-20 10:23:23 - [TEST_STEP][PASSED] - sendKeys(findTestObject("ADMIN/Edit Text/Bespoke/Buyer Pages/Inbox/input_Buyers_buyers"), "*"): Keys '*' sent to object: 'Object Repository/ADMIN/Edit Text/Bespoke/Buyer Pages/Inbox/input_Buyers_buyers'

2020-03-20 10:23:23 - [MESSAGE][PASSED] - Keys '*' sent to object: 'Object Repository/ADMIN/Edit Text/Bespoke/Buyer Pages/Inbox/input_Buyers_buyers'

2020-03-20 10:23:23 - [TEST_STEP][PASSED] - sendKeys(findTestObject("ADMIN/Edit Text/Bespoke/Buyer Pages/Inbox/input_Search by name and message_search-by-name-message"), "*"): Keys '*' sent to object: 'Object Repository/ADMIN/Edit Text/Bespoke/Buyer Pages/Inbox/input_Search by name and message_search-by-name-message'

2020-03-20 10:23:24 - [MESSAGE][PASSED] - Keys '*' sent to object: 'Object Repository/ADMIN/Edit Text/Bespoke/Buyer Pages/Inbox/input_Search by name and message_search-by-name-message'

2020-03-20 10:23:24 - [TEST_STEP][PASSED] - click(findTestObject("ADMIN/Edit Text/Bespoke/Buyer Pages/Homepage/button_save"), CONTINUE_ON_FAILURE): Object: 'Object Repository/ADMIN/Edit Text/Bespoke/Buyer Pages/Homepage/button_save' is clicked on

2020-03-20 10:23:24 - [MESSAGE][PASSED] - Object: 'Object Repository/ADMIN/Edit Text/Bespoke/Buyer Pages/Homepage/button_save' is clicked on

2020-03-20 10:23:24 - [TEST_STEP][PASSED] - waitForElementVisible(findTestObject("ADMIN/Edit Text/Bespoke/Buyer Pages/Homepage/toaster_success"), 0): Object 'Object Repository/ADMIN/Edit Text/Bespoke/Buyer Pages/Homepage/toaster_success' is visible

2020-03-20 10:23:24 - [MESSAGE][WARNING] - Timeout '0' is invalid. Using default page load timeout: '30'

2020-03-20 10:23:24 - [MESSAGE][PASSED] - Object 'Object Repository/ADMIN/Edit Text/Bespoke/Buyer Pages/Homepage/toaster_success' is visible]]></system-out>
         <system-err><![CDATA[]]></system-err>
      </testcase>
      <testcase name="Test Cases/ADMIN/Language/Edit Text/Bespoke/Buyer Pages/Inbox" time="3.67" classname="Test Cases/ADMIN/Language/Edit Text/Bespoke/Buyer Pages/Inbox" status="PASSED">
         <system-out><![CDATA[2020-03-20 10:23:24 - [TEST_CASE][PASSED] - Test Cases/ADMIN/Language/Edit Text/Bespoke/Buyer Pages/Inbox: Test Cases/ADMIN/Language/Edit Text/Bespoke/Buyer Pages/Inbox

2020-03-20 10:23:24 - [TEST_STEP][PASSED] - waitForElementVisible(findTestObject("ADMIN/Edit Text/Bespoke/Buyer Navigation/dd_language"), 0): Object 'Object Repository/ADMIN/Edit Text/Bespoke/Buyer Navigation/dd_language' is visible

2020-03-20 10:23:24 - [MESSAGE][WARNING] - Timeout '0' is invalid. Using default page load timeout: '30'

2020-03-20 10:23:24 - [MESSAGE][PASSED] - Object 'Object Repository/ADMIN/Edit Text/Bespoke/Buyer Navigation/dd_language' is visible

2020-03-20 10:23:24 - [TEST_STEP][PASSED] - selectOptionByLabel(findTestObject("ADMIN/Edit Text/Bespoke/Buyer Navigation/dd_language"), varLanguage, false): All options with label 'English' are selected in object 'Object Repository/ADMIN/Edit Text/Bespoke/Buyer Navigation/dd_language' 

2020-03-20 10:23:26 - [MESSAGE][PASSED] - All options with label 'English' are selected in object 'Object Repository/ADMIN/Edit Text/Bespoke/Buyer Navigation/dd_language' 

2020-03-20 10:23:26 - [TEST_STEP][PASSED] - sendKeys(findTestObject("ADMIN/Edit Text/Bespoke/Buyer Pages/Inbox/input_Inbox_item-feedbak"), "*"): Keys '*' sent to object: 'Object Repository/ADMIN/Edit Text/Bespoke/Buyer Pages/Inbox/input_Inbox_item-feedbak'

2020-03-20 10:23:27 - [MESSAGE][PASSED] - Keys '*' sent to object: 'Object Repository/ADMIN/Edit Text/Bespoke/Buyer Pages/Inbox/input_Inbox_item-feedbak'

2020-03-20 10:23:27 - [TEST_STEP][PASSED] - sendKeys(findTestObject("ADMIN/Edit Text/Bespoke/Buyer Pages/Inbox/input_Sellers_seller"), "*"): Keys '*' sent to object: 'Object Repository/ADMIN/Edit Text/Bespoke/Buyer Pages/Inbox/input_Sellers_seller'

2020-03-20 10:23:27 - [MESSAGE][PASSED] - Keys '*' sent to object: 'Object Repository/ADMIN/Edit Text/Bespoke/Buyer Pages/Inbox/input_Sellers_seller'

2020-03-20 10:23:27 - [TEST_STEP][PASSED] - sendKeys(findTestObject("ADMIN/Edit Text/Bespoke/Buyer Pages/Inbox/input_Buyers_buyers"), "*"): Keys '*' sent to object: 'Object Repository/ADMIN/Edit Text/Bespoke/Buyer Pages/Inbox/input_Buyers_buyers'

2020-03-20 10:23:27 - [MESSAGE][PASSED] - Keys '*' sent to object: 'Object Repository/ADMIN/Edit Text/Bespoke/Buyer Pages/Inbox/input_Buyers_buyers'

2020-03-20 10:23:27 - [TEST_STEP][PASSED] - sendKeys(findTestObject("ADMIN/Edit Text/Bespoke/Buyer Pages/Inbox/input_Search by name and message_search-by-name-message"), "*"): Keys '*' sent to object: 'Object Repository/ADMIN/Edit Text/Bespoke/Buyer Pages/Inbox/input_Search by name and message_search-by-name-message'

2020-03-20 10:23:27 - [MESSAGE][PASSED] - Keys '*' sent to object: 'Object Repository/ADMIN/Edit Text/Bespoke/Buyer Pages/Inbox/input_Search by name and message_search-by-name-message'

2020-03-20 10:23:27 - [TEST_STEP][PASSED] - click(findTestObject("ADMIN/Edit Text/Bespoke/Buyer Pages/Homepage/button_save"), CONTINUE_ON_FAILURE): Object: 'Object Repository/ADMIN/Edit Text/Bespoke/Buyer Pages/Homepage/button_save' is clicked on

2020-03-20 10:23:27 - [MESSAGE][PASSED] - Object: 'Object Repository/ADMIN/Edit Text/Bespoke/Buyer Pages/Homepage/button_save' is clicked on

2020-03-20 10:23:27 - [TEST_STEP][PASSED] - waitForElementVisible(findTestObject("ADMIN/Edit Text/Bespoke/Buyer Pages/Homepage/toaster_success"), 0): Object 'Object Repository/ADMIN/Edit Text/Bespoke/Buyer Pages/Homepage/toaster_success' is visible

2020-03-20 10:23:27 - [MESSAGE][WARNING] - Timeout '0' is invalid. Using default page load timeout: '30'

2020-03-20 10:23:28 - [MESSAGE][PASSED] - Object 'Object Repository/ADMIN/Edit Text/Bespoke/Buyer Pages/Homepage/toaster_success' is visible]]></system-out>
         <system-err><![CDATA[]]></system-err>
      </testcase>
      <system-out><![CDATA[2020-03-20 10:22:23 - [TEST_SUITE][PASSED] - Bespoke Buyer Pages: Test Cases/ADMIN/Language/Edit Text/Bespoke/Buyer Pages/Inbox]]></system-out>
      <system-err><![CDATA[]]></system-err>
   </testsuite>
</testsuites>
