<?xml version="1.0" encoding="UTF-8"?>
<testsuites name="Create a Page" time="34" tests="0" failures="1" errors="0">
   <testsuite name="Create a Page" tests="0" failures="1" errors="0" time="34" timestamp="2019-10-31 09:14:42" hostname="ARCADIER01 - ARCADIER-01" id="Test Suites/Plugins/Create a Page">
      <properties>
         <property name="deviceName" value=""/>
         <property name="devicePlatform" value=""/>
         <property name="logFolder" value="C:\\Users\\ARCADIER01\\git\\Arctick\\Reports\\Plugins\\Create a Page\\20191031_091441"/>
         <property name="logFiles" value="C:\\Users\\ARCADIER01\\git\\Arctick\\Reports\\Plugins\\Create a Page\\20191031_091441\\execution0.log"/>
         <property name="attachments" value="C:\\Users\\ARCADIER01\\git\\Arctick\\Reports\\Plugins\\Create a Page\\20191031_091441\\1572484516500.png"/>
         <property name="hostName" value="ARCADIER01 - ARCADIER-01"/>
         <property name="os" value="Windows 7 64bit"/>
         <property name="katalonVersion" value="5.4.2.1"/>
         <property name="browser" value="Chrome 77.0.3865.120"/>
         <property name="hostAddress" value="10.10.31.88"/>
         <property name="sessionId" value="fd86ca63c939fab093e03aae431388d4"/>
         <property name="seleniumVersion" value="3.7.1"/>
         <property name="proxyInformation" value="ProxyInformation{proxyOption=NO_PROXY, proxyServerType=HTTP, password=, proxyServerAddress=, proxyServerPort=0}"/>
         <property name="platform" value="Windows 7"/>
      </properties>
      <testcase name="Test Cases/PLUGINS/Create a Page/Add New Page" classname="Test Cases/PLUGINS/Create a Page/Add New Page" status="FAILED">
         <failure type="FAILED" message="Unable to set text 'diana' of object 'Object Repository/ADMIN/Plugins/Web Page Builder/texteditor_Content' (Root cause: com.kms.katalon.core.webui.exception.WebElementNotFoundException: Web element with id: 'Object Repository/ADMIN/Plugins/Web Page Builder/texteditor_Content' located by 'By.xpath: //div[@id = 'cke_editor1' and (text() = 'Rich Text Editor, editor1Editor toolbarsClipboard/Undo UndoKeyboard shortcut Ctrl+Z RedoKeyboard shortcut Ctrl+YEditing Select AllBasic Styles BoldKeyboard shortcut Ctrl+B ItalicKeyboard shortcut Ctrl+I UnderlineKeyboard shortcut Ctrl+U Strikethrough Subscript SuperscriptParagraph Insert/Remove Numbered List Insert/Remove Bulleted List Decrease Indent Increase Indent Block Quote Align Left Center Align Right JustifyLinks LinkKeyboard shortcut Ctrl+K UnlinkInsert Image Table Insert Horizontal Line Smiley Insert Special CharacterStylesFormatNormalFontFontSizeSizeColors Text Color Background ColorPress ALT 0 for help◢' or . = 'Rich Text Editor, editor1Editor toolbarsClipboard/Undo UndoKeyboard shortcut Ctrl+Z RedoKeyboard shortcut Ctrl+YEditing Select AllBasic Styles BoldKeyboard shortcut Ctrl+B ItalicKeyboard shortcut Ctrl+I UnderlineKeyboard shortcut Ctrl+U Strikethrough Subscript SuperscriptParagraph Insert/Remove Numbered List Insert/Remove Bulleted List Decrease Indent Increase Indent Block Quote Align Left Center Align Right JustifyLinks LinkKeyboard shortcut Ctrl+K UnlinkInsert Image Table Insert Horizontal Line Smiley Insert Special CharacterStylesFormatNormalFontFontSizeSizeColors Text Color Background ColorPress ALT 0 for help◢')]' not found)"/>
         <system-out><![CDATA[2019-10-31 09:14:42 - [TEST_CASE][FAILED] - Test Cases/PLUGINS/Create a Page/Add New Page: Test Cases/PLUGINS/Create a Page/Add New Page FAILED because (of) Unable to set text 'diana' of object 'Object Repository/ADMIN/Plugins/Web Page Builder/texteditor_Content' (Root cause: com.kms.katalon.core.webui.exception.WebElementNotFoundException: Web element with id: 'Object Repository/ADMIN/Plugins/Web Page Builder/texteditor_Content' located by 'By.xpath: //div[@id = 'cke_editor1' and (text() = 'Rich Text Editor, editor1Editor toolbarsClipboard/Undo UndoKeyboard shortcut Ctrl+Z RedoKeyboard shortcut Ctrl+YEditing Select AllBasic Styles BoldKeyboard shortcut Ctrl+B ItalicKeyboard shortcut Ctrl+I UnderlineKeyboard shortcut Ctrl+U Strikethrough Subscript SuperscriptParagraph Insert/Remove Numbered List Insert/Remove Bulleted List Decrease Indent Increase Indent Block Quote Align Left Center Align Right JustifyLinks LinkKeyboard shortcut Ctrl+K UnlinkInsert Image Table Insert Horizontal Line Smiley Insert Special CharacterStylesFormatNormalFontFontSizeSizeColors Text Color Background ColorPress ALT 0 for help◢' or . = 'Rich Text Editor, editor1Editor toolbarsClipboard/Undo UndoKeyboard shortcut Ctrl+Z RedoKeyboard shortcut Ctrl+YEditing Select AllBasic Styles BoldKeyboard shortcut Ctrl+B ItalicKeyboard shortcut Ctrl+I UnderlineKeyboard shortcut Ctrl+U Strikethrough Subscript SuperscriptParagraph Insert/Remove Numbered List Insert/Remove Bulleted List Decrease Indent Increase Indent Block Quote Align Left Center Align Right JustifyLinks LinkKeyboard shortcut Ctrl+K UnlinkInsert Image Table Insert Horizontal Line Smiley Insert Special CharacterStylesFormatNormalFontFontSizeSizeColors Text Color Background ColorPress ALT 0 for help◢')]' not found)

2019-10-31 09:14:43 - [TEST_STEP][PASSED] - click: Object: 'Object Repository/ADMIN/Plugins/Web Page Builder/button_CreateAPage' is clicked on

2019-10-31 09:14:44 - [MESSAGE][PASSED] - Object: 'Object Repository/ADMIN/Plugins/Web Page Builder/button_CreateAPage' is clicked on

2019-10-31 09:14:44 - [TEST_STEP][PASSED] - waitForElementVisible: Object 'Object Repository/ADMIN/Plugins/Web Page Builder/textlabel_headerWebpageBuilder' is visible

2019-10-31 09:14:45 - [MESSAGE][WARNING] - Timeout '0' is invalid. Using default page load timeout: '30'

2019-10-31 09:14:45 - [MESSAGE][PASSED] - Object 'Object Repository/ADMIN/Plugins/Web Page Builder/textlabel_headerWebpageBuilder' is visible

2019-10-31 09:14:45 - [TEST_STEP][PASSED] - Statement - beforeURL = com.kms.katalon.core.webui.keyword.WebUiBuiltInKeywords.getText(com.kms.katalon.core.testobject.ObjectRepository.findTestObject(ADMIN/Plugins/Web Page Builder/textfield_WebURL)): Text of object 'Object Repository/ADMIN/Plugins/Web Page Builder/textfield_WebURL' is: 'https://0613bpdiana.test.arcadier.io/pages/'

2019-10-31 09:14:45 - [MESSAGE][PASSED] - Text of object 'Object Repository/ADMIN/Plugins/Web Page Builder/textfield_WebURL' is: 'https://0613bpdiana.test.arcadier.io/pages/'

2019-10-31 09:14:45 - [TEST_STEP][PASSED] - Statement - log = new com.kms.katalon.core.logging.KeywordLogger(): null

2019-10-31 09:14:45 - [TEST_STEP][PASSED] - Statement - log.logInfo(beforeURL): https://0613bpdiana.test.arcadier.io/pages/

2019-10-31 09:14:45 - [TEST_STEP][PASSED] - setText: Text 'diana' is set on object 'Object Repository/ADMIN/Plugins/Web Page Builder/textfield_PageTitle'

2019-10-31 09:14:45 - [MESSAGE][PASSED] - Text 'diana' is set on object 'Object Repository/ADMIN/Plugins/Web Page Builder/textfield_PageTitle'

2019-10-31 09:14:45 - [TEST_STEP][FAILED] - setText: Unable to set text 'diana' of object 'Object Repository/ADMIN/Plugins/Web Page Builder/texteditor_Content' (Root cause: com.kms.katalon.core.webui.exception.WebElementNotFoundException: Web element with id: 'Object Repository/ADMIN/Plugins/Web Page Builder/texteditor_Content' located by 'By.xpath: //div[@id = 'cke_editor1' and (text() = 'Rich Text Editor, editor1Editor toolbarsClipboard/Undo UndoKeyboard shortcut Ctrl+Z RedoKeyboard shortcut Ctrl+YEditing Select AllBasic Styles BoldKeyboard shortcut Ctrl+B ItalicKeyboard shortcut Ctrl+I UnderlineKeyboard shortcut Ctrl+U Strikethrough Subscript SuperscriptParagraph Insert/Remove Numbered List Insert/Remove Bulleted List Decrease Indent Increase Indent Block Quote Align Left Center Align Right JustifyLinks LinkKeyboard shortcut Ctrl+K UnlinkInsert Image Table Insert Horizontal Line Smiley Insert Special CharacterStylesFormatNormalFontFontSizeSizeColors Text Color Background ColorPress ALT 0 for help◢' or . = 'Rich Text Editor, editor1Editor toolbarsClipboard/Undo UndoKeyboard shortcut Ctrl+Z RedoKeyboard shortcut Ctrl+YEditing Select AllBasic Styles BoldKeyboard shortcut Ctrl+B ItalicKeyboard shortcut Ctrl+I UnderlineKeyboard shortcut Ctrl+U Strikethrough Subscript SuperscriptParagraph Insert/Remove Numbered List Insert/Remove Bulleted List Decrease Indent Increase Indent Block Quote Align Left Center Align Right JustifyLinks LinkKeyboard shortcut Ctrl+K UnlinkInsert Image Table Insert Horizontal Line Smiley Insert Special CharacterStylesFormatNormalFontFontSizeSizeColors Text Color Background ColorPress ALT 0 for help◢')]' not found)

2019-10-31 09:15:16 - [MESSAGE][FAILED] - Unable to set text 'diana' of object 'Object Repository/ADMIN/Plugins/Web Page Builder/texteditor_Content' (Root cause: com.kms.katalon.core.webui.exception.WebElementNotFoundException: Web element with id: 'Object Repository/ADMIN/Plugins/Web Page Builder/texteditor_Content' located by 'By.xpath: //div[@id = 'cke_editor1' and (text() = 'Rich Text Editor, editor1Editor toolbarsClipboard/Undo UndoKeyboard shortcut Ctrl+Z RedoKeyboard shortcut Ctrl+YEditing Select AllBasic Styles BoldKeyboard shortcut Ctrl+B ItalicKeyboard shortcut Ctrl+I UnderlineKeyboard shortcut Ctrl+U Strikethrough Subscript SuperscriptParagraph Insert/Remove Numbered List Insert/Remove Bulleted List Decrease Indent Increase Indent Block Quote Align Left Center Align Right JustifyLinks LinkKeyboard shortcut Ctrl+K UnlinkInsert Image Table Insert Horizontal Line Smiley Insert Special CharacterStylesFormatNormalFontFontSizeSizeColors Text Color Background ColorPress ALT 0 for help◢' or . = 'Rich Text Editor, editor1Editor toolbarsClipboard/Undo UndoKeyboard shortcut Ctrl+Z RedoKeyboard shortcut Ctrl+YEditing Select AllBasic Styles BoldKeyboard shortcut Ctrl+B ItalicKeyboard shortcut Ctrl+I UnderlineKeyboard shortcut Ctrl+U Strikethrough Subscript SuperscriptParagraph Insert/Remove Numbered List Insert/Remove Bulleted List Decrease Indent Increase Indent Block Quote Align Left Center Align Right JustifyLinks LinkKeyboard shortcut Ctrl+K UnlinkInsert Image Table Insert Horizontal Line Smiley Insert Special CharacterStylesFormatNormalFontFontSizeSizeColors Text Color Background ColorPress ALT 0 for help◢')]' not found)
[[ATTACHMENT|C:\\Users\\ARCADIER01\\git\\Arctick\\Reports\\Plugins\\Create a Page\\20191031_091441\\1572484516500.png]]]]></system-out>
         <system-err><![CDATA[2019-10-31 09:14:42 - [TEST_CASE][FAILED] - Test Cases/PLUGINS/Create a Page/Add New Page: Test Cases/PLUGINS/Create a Page/Add New Page FAILED because (of) Unable to set text 'diana' of object 'Object Repository/ADMIN/Plugins/Web Page Builder/texteditor_Content' (Root cause: com.kms.katalon.core.webui.exception.WebElementNotFoundException: Web element with id: 'Object Repository/ADMIN/Plugins/Web Page Builder/texteditor_Content' located by 'By.xpath: //div[@id = 'cke_editor1' and (text() = 'Rich Text Editor, editor1Editor toolbarsClipboard/Undo UndoKeyboard shortcut Ctrl+Z RedoKeyboard shortcut Ctrl+YEditing Select AllBasic Styles BoldKeyboard shortcut Ctrl+B ItalicKeyboard shortcut Ctrl+I UnderlineKeyboard shortcut Ctrl+U Strikethrough Subscript SuperscriptParagraph Insert/Remove Numbered List Insert/Remove Bulleted List Decrease Indent Increase Indent Block Quote Align Left Center Align Right JustifyLinks LinkKeyboard shortcut Ctrl+K UnlinkInsert Image Table Insert Horizontal Line Smiley Insert Special CharacterStylesFormatNormalFontFontSizeSizeColors Text Color Background ColorPress ALT 0 for help◢' or . = 'Rich Text Editor, editor1Editor toolbarsClipboard/Undo UndoKeyboard shortcut Ctrl+Z RedoKeyboard shortcut Ctrl+YEditing Select AllBasic Styles BoldKeyboard shortcut Ctrl+B ItalicKeyboard shortcut Ctrl+I UnderlineKeyboard shortcut Ctrl+U Strikethrough Subscript SuperscriptParagraph Insert/Remove Numbered List Insert/Remove Bulleted List Decrease Indent Increase Indent Block Quote Align Left Center Align Right JustifyLinks LinkKeyboard shortcut Ctrl+K UnlinkInsert Image Table Insert Horizontal Line Smiley Insert Special CharacterStylesFormatNormalFontFontSizeSizeColors Text Color Background ColorPress ALT 0 for help◢')]' not found)]]></system-err>
      </testcase>
      <system-out><![CDATA[2019-10-31 09:14:42 - [TEST_SUITE][FAILED] - Create a Page: Test Cases/PLUGINS/Create a Page/Add New Page FAILED because (of) Unable to set text 'diana' of object 'Object Repository/ADMIN/Plugins/Web Page Builder/texteditor_Content' (Root cause: com.kms.katalon.core.webui.exception.WebElementNotFoundException: Web element with id: 'Object Repository/ADMIN/Plugins/Web Page Builder/texteditor_Content' located by 'By.xpath: //div[@id = 'cke_editor1' and (text() = 'Rich Text Editor, editor1Editor toolbarsClipboard/Undo UndoKeyboard shortcut Ctrl+Z RedoKeyboard shortcut Ctrl+YEditing Select AllBasic Styles BoldKeyboard shortcut Ctrl+B ItalicKeyboard shortcut Ctrl+I UnderlineKeyboard shortcut Ctrl+U Strikethrough Subscript SuperscriptParagraph Insert/Remove Numbered List Insert/Remove Bulleted List Decrease Indent Increase Indent Block Quote Align Left Center Align Right JustifyLinks LinkKeyboard shortcut Ctrl+K UnlinkInsert Image Table Insert Horizontal Line Smiley Insert Special CharacterStylesFormatNormalFontFontSizeSizeColors Text Color Background ColorPress ALT 0 for help◢' or . = 'Rich Text Editor, editor1Editor toolbarsClipboard/Undo UndoKeyboard shortcut Ctrl+Z RedoKeyboard shortcut Ctrl+YEditing Select AllBasic Styles BoldKeyboard shortcut Ctrl+B ItalicKeyboard shortcut Ctrl+I UnderlineKeyboard shortcut Ctrl+U Strikethrough Subscript SuperscriptParagraph Insert/Remove Numbered List Insert/Remove Bulleted List Decrease Indent Increase Indent Block Quote Align Left Center Align Right JustifyLinks LinkKeyboard shortcut Ctrl+K UnlinkInsert Image Table Insert Horizontal Line Smiley Insert Special CharacterStylesFormatNormalFontFontSizeSizeColors Text Color Background ColorPress ALT 0 for help◢')]' not found)]]></system-out>
      <system-err><![CDATA[2019-10-31 09:14:42 - [TEST_SUITE][FAILED] - Create a Page: Test Cases/PLUGINS/Create a Page/Add New Page FAILED because (of) Unable to set text 'diana' of object 'Object Repository/ADMIN/Plugins/Web Page Builder/texteditor_Content' (Root cause: com.kms.katalon.core.webui.exception.WebElementNotFoundException: Web element with id: 'Object Repository/ADMIN/Plugins/Web Page Builder/texteditor_Content' located by 'By.xpath: //div[@id = 'cke_editor1' and (text() = 'Rich Text Editor, editor1Editor toolbarsClipboard/Undo UndoKeyboard shortcut Ctrl+Z RedoKeyboard shortcut Ctrl+YEditing Select AllBasic Styles BoldKeyboard shortcut Ctrl+B ItalicKeyboard shortcut Ctrl+I UnderlineKeyboard shortcut Ctrl+U Strikethrough Subscript SuperscriptParagraph Insert/Remove Numbered List Insert/Remove Bulleted List Decrease Indent Increase Indent Block Quote Align Left Center Align Right JustifyLinks LinkKeyboard shortcut Ctrl+K UnlinkInsert Image Table Insert Horizontal Line Smiley Insert Special CharacterStylesFormatNormalFontFontSizeSizeColors Text Color Background ColorPress ALT 0 for help◢' or . = 'Rich Text Editor, editor1Editor toolbarsClipboard/Undo UndoKeyboard shortcut Ctrl+Z RedoKeyboard shortcut Ctrl+YEditing Select AllBasic Styles BoldKeyboard shortcut Ctrl+B ItalicKeyboard shortcut Ctrl+I UnderlineKeyboard shortcut Ctrl+U Strikethrough Subscript SuperscriptParagraph Insert/Remove Numbered List Insert/Remove Bulleted List Decrease Indent Increase Indent Block Quote Align Left Center Align Right JustifyLinks LinkKeyboard shortcut Ctrl+K UnlinkInsert Image Table Insert Horizontal Line Smiley Insert Special CharacterStylesFormatNormalFontFontSizeSizeColors Text Color Background ColorPress ALT 0 for help◢')]' not found)]]></system-err>
   </testsuite>
</testsuites>
