<?xml version="1.0" encoding="UTF-8"?>
<testsuites name="Admin Add Category" time="1509.07" tests="79" failures="40" errors="1">
   <testsuite name="Admin Add Category" tests="79" failures="40" errors="1" time="1509.07" timestamp="2020-03-19 14:16:49" hostname="ARCADIER03 - 192.168.254.105" id="Test Suites/Admin/Admin Add Category">
      <properties>
         <property name="deviceName" value=""/>
         <property name="devicePlatform" value=""/>
         <property name="logFolder" value="C:\\Katalon\\Arctick\\Reports\\20200319_141647\\Admin\\Admin Add Category\\20200319_141647"/>
         <property name="logFiles" value="C:\\Katalon\\Arctick\\Reports\\20200319_141647\\Admin\\Admin Add Category\\20200319_141647\\execution0.log"/>
         <property name="attachments" value="C:\\Katalon\\Arctick\\Reports\\20200319_141647\\Admin\\Admin Add Category\\20200319_141647\\1584598616527.png, C:\\Katalon\\Arctick\\Reports\\20200319_141647\\Admin\\Admin Add Category\\20200319_141647\\1584598681737.png, C:\\Katalon\\Arctick\\Reports\\20200319_141647\\Admin\\Admin Add Category\\20200319_141647\\1584598696953.png, C:\\Katalon\\Arctick\\Reports\\20200319_141647\\Admin\\Admin Add Category\\20200319_141647\\1584598790123.png, C:\\Katalon\\Arctick\\Reports\\20200319_141647\\Admin\\Admin Add Category\\20200319_141647\\1584598805032.png, C:\\Katalon\\Arctick\\Reports\\20200319_141647\\Admin\\Admin Add Category\\20200319_141647\\1584598900738.png, C:\\Katalon\\Arctick\\Reports\\20200319_141647\\Admin\\Admin Add Category\\20200319_141647\\1584598915700.png, C:\\Katalon\\Arctick\\Reports\\20200319_141647\\Admin\\Admin Add Category\\20200319_141647\\1584598946097.png, C:\\Katalon\\Arctick\\Reports\\20200319_141647\\Admin\\Admin Add Category\\20200319_141647\\1584598960434.png, C:\\Katalon\\Arctick\\Reports\\20200319_141647\\Admin\\Admin Add Category\\20200319_141647\\1584599036686.png, C:\\Katalon\\Arctick\\Reports\\20200319_141647\\Admin\\Admin Add Category\\20200319_141647\\1584599051081.png, C:\\Katalon\\Arctick\\Reports\\20200319_141647\\Admin\\Admin Add Category\\20200319_141647\\1584599095955.png, C:\\Katalon\\Arctick\\Reports\\20200319_141647\\Admin\\Admin Add Category\\20200319_141647\\1584599110707.png, C:\\Katalon\\Arctick\\Reports\\20200319_141647\\Admin\\Admin Add Category\\20200319_141647\\1584599125489.png, C:\\Katalon\\Arctick\\Reports\\20200319_141647\\Admin\\Admin Add Category\\20200319_141647\\1584599156687.png, C:\\Katalon\\Arctick\\Reports\\20200319_141647\\Admin\\Admin Add Category\\20200319_141647\\1584599171438.png, C:\\Katalon\\Arctick\\Reports\\20200319_141647\\Admin\\Admin Add Category\\20200319_141647\\1584599186476.png, C:\\Katalon\\Arctick\\Reports\\20200319_141647\\Admin\\Admin Add Category\\20200319_141647\\1584599201273.png, C:\\Katalon\\Arctick\\Reports\\20200319_141647\\Admin\\Admin Add Category\\20200319_141647\\1584599216205.png, C:\\Katalon\\Arctick\\Reports\\20200319_141647\\Admin\\Admin Add Category\\20200319_141647\\1584599231130.png, C:\\Katalon\\Arctick\\Reports\\20200319_141647\\Admin\\Admin Add Category\\20200319_141647\\1584599276476.png, C:\\Katalon\\Arctick\\Reports\\20200319_141647\\Admin\\Admin Add Category\\20200319_141647\\1584599291224.png, C:\\Katalon\\Arctick\\Reports\\20200319_141647\\Admin\\Admin Add Category\\20200319_141647\\1584599305876.png, C:\\Katalon\\Arctick\\Reports\\20200319_141647\\Admin\\Admin Add Category\\20200319_141647\\1584599336677.png, C:\\Katalon\\Arctick\\Reports\\20200319_141647\\Admin\\Admin Add Category\\20200319_141647\\1584599352274.png, C:\\Katalon\\Arctick\\Reports\\20200319_141647\\Admin\\Admin Add Category\\20200319_141647\\1584599432116.png, C:\\Katalon\\Arctick\\Reports\\20200319_141647\\Admin\\Admin Add Category\\20200319_141647\\1584599478014.png, C:\\Katalon\\Arctick\\Reports\\20200319_141647\\Admin\\Admin Add Category\\20200319_141647\\1584599492811.png, C:\\Katalon\\Arctick\\Reports\\20200319_141647\\Admin\\Admin Add Category\\20200319_141647\\1584599507563.png, C:\\Katalon\\Arctick\\Reports\\20200319_141647\\Admin\\Admin Add Category\\20200319_141647\\1584599521924.png, C:\\Katalon\\Arctick\\Reports\\20200319_141647\\Admin\\Admin Add Category\\20200319_141647\\1584599536820.png, C:\\Katalon\\Arctick\\Reports\\20200319_141647\\Admin\\Admin Add Category\\20200319_141647\\1584599583652.png, C:\\Katalon\\Arctick\\Reports\\20200319_141647\\Admin\\Admin Add Category\\20200319_141647\\1584599628872.png, C:\\Katalon\\Arctick\\Reports\\20200319_141647\\Admin\\Admin Add Category\\20200319_141647\\1584599675248.png, C:\\Katalon\\Arctick\\Reports\\20200319_141647\\Admin\\Admin Add Category\\20200319_141647\\1584599724448.png, C:\\Katalon\\Arctick\\Reports\\20200319_141647\\Admin\\Admin Add Category\\20200319_141647\\1584599761420.png, C:\\Katalon\\Arctick\\Reports\\20200319_141647\\Admin\\Admin Add Category\\20200319_141647\\1584599794915.png, C:\\Katalon\\Arctick\\Reports\\20200319_141647\\Admin\\Admin Add Category\\20200319_141647\\1584599829868.png, C:\\Katalon\\Arctick\\Reports\\20200319_141647\\Admin\\Admin Add Category\\20200319_141647\\1584599844104.png, C:\\Katalon\\Arctick\\Reports\\20200319_141647\\Admin\\Admin Add Category\\20200319_141647\\1584599913161.png, C:\\Katalon\\Arctick\\Reports\\20200319_141647\\Admin\\Admin Add Category\\20200319_141647\\1584599979586.png, C:\\Katalon\\Arctick\\Reports\\20200319_141647\\Admin\\Admin Add Category\\20200319_141647\\1584599980014.png, C:\\Katalon\\Arctick\\Reports\\20200319_141647\\Admin\\Admin Add Category\\20200319_141647\\1584599980440.png, C:\\Katalon\\Arctick\\Reports\\20200319_141647\\Admin\\Admin Add Category\\20200319_141647\\1584600014464.png, C:\\Katalon\\Arctick\\Reports\\20200319_141647\\Admin\\Admin Add Category\\20200319_141647\\1584600029194.png, C:\\Katalon\\Arctick\\Reports\\20200319_141647\\Admin\\Admin Add Category\\20200319_141647\\1584600060943.png, C:\\Katalon\\Arctick\\Reports\\20200319_141647\\Admin\\Admin Add Category\\20200319_141647\\1584600076198.png, C:\\Katalon\\Arctick\\Reports\\20200319_141647\\Admin\\Admin Add Category\\20200319_141647\\1584600111859.png, C:\\Katalon\\Arctick\\Reports\\20200319_141647\\Admin\\Admin Add Category\\20200319_141647\\1584600113558.png, C:\\Katalon\\Arctick\\Reports\\20200319_141647\\Admin\\Admin Add Category\\20200319_141647\\1584600115057.png"/>
         <property name="hostName" value="ARCADIER03 - 192.168.254.105"/>
         <property name="os" value="Windows 7 64bit"/>
         <property name="katalonVersion" value="7.2.6.1"/>
         <property name="browser" value="Chrome 80.0.3987.132"/>
         <property name="hostAddress" value="192.168.254.105"/>
         <property name="sessionId" value="66da7635ded2d355388026ca8e7d8eff"/>
         <property name="seleniumVersion" value="3.141.59"/>
         <property name="proxyInformation" value="ProxyInformation{proxyOption=NO_PROXY, proxyServerType=HTTP, password=, proxyServerAddress=, proxyServerPort=0, executionList=}"/>
         <property name="platform" value="Windows 7"/>
      </properties>
      <testcase name="Test Cases/ADMIN/Content Mgmt/Categories/Category Add-Edit/Add Category" time="20.709" classname="Test Cases/ADMIN/Content Mgmt/Categories/Category Add-Edit/Add Category" status="FAILED">
         <failure type="FAILED" message="Test Cases/ADMIN/Content Mgmt/Categories/Category Add-Edit/Add Category FAILED.
Reason:
com.kms.katalon.core.exception.StepFailedException: Unable to click on object 'Object Repository/ADMIN/Categories/Category List/button_Categories' (Root cause: com.kms.katalon.core.exception.StepFailedException: Unable to click on object 'Object Repository/ADMIN/Categories/Category List/button_Categories'
	at com.kms.katalon.core.webui.keyword.internal.WebUIKeywordMain.stepFailed(WebUIKeywordMain.groovy:64)
	at com.kms.katalon.core.webui.keyword.internal.WebUIKeywordMain.runKeyword(WebUIKeywordMain.groovy:26)
	at com.kms.katalon.core.webui.keyword.builtin.ClickKeyword.click(ClickKeyword.groovy:76)
	at com.kms.katalon.core.webui.keyword.builtin.ClickKeyword.execute(ClickKeyword.groovy:43)
	at com.kms.katalon.core.keyword.internal.KeywordExecutor.executeKeywordForPlatform(KeywordExecutor.groovy:72)
	at com.kms.katalon.core.webui.keyword.WebUiBuiltInKeywords.click(WebUiBuiltInKeywords.groovy:616)
	at com.kms.katalon.core.webui.keyword.WebUiBuiltInKeywords$click$0.call(Unknown Source)
	at Add Category.run(Add Category:28)
	at com.kms.katalon.core.main.ScriptEngine.run(ScriptEngine.java:194)
	at com.kms.katalon.core.main.ScriptEngine.runScriptAsRawText(ScriptEngine.java:119)
	at com.kms.katalon.core.main.TestCaseExecutor.runScript(TestCaseExecutor.java:337)
	at com.kms.katalon.core.main.TestCaseExecutor.doExecute(TestCaseExecutor.java:328)
	at com.kms.katalon.core.main.TestCaseExecutor.processExecutionPhase(TestCaseExecutor.java:307)
	at com.kms.katalon.core.main.TestCaseExecutor.accessMainPhase(TestCaseExecutor.java:299)
	at com.kms.katalon.core.main.TestCaseExecutor.execute(TestCaseExecutor.java:233)
	at com.kms.katalon.core.main.TestSuiteExecutor.accessTestCaseMainPhase(TestSuiteExecutor.java:169)
	at com.kms.katalon.core.main.TestSuiteExecutor.accessTestSuiteMainPhase(TestSuiteExecutor.java:142)
	at com.kms.katalon.core.main.TestSuiteExecutor.execute(TestSuiteExecutor.java:91)
	at com.kms.katalon.core.main.TestCaseMain.startTestSuite(TestCaseMain.java:157)
	at com.kms.katalon.core.main.TestCaseMain$startTestSuite$0.call(Unknown Source)
	at TempTestSuite1584598607274.run(TempTestSuite1584598607274.groovy:36)
Caused by: org.openqa.selenium.ElementClickInterceptedException: element click intercepted: Element &lt;a href=&quot;/admin/categorymanager/index&quot;>...&lt;/a> is not clickable at point (129, 406). Other element would receive the click: &lt;div class=&quot;modal-backdrop in&quot;>&lt;/div>
  (Session info: chrome=80.0.3987.132)
Build info: version: '3.141.59', revision: 'e82be7d358', time: '2018-11-14T08:25:53'
System info: host: 'ARCADIER-03', ip: '192.168.254.105', os.name: 'Windows 7', os.arch: 'amd64', os.version: '6.1', java.version: '1.8.0_181'
Driver info: com.kms.katalon.core.webui.driver.ExistingRemoteWebDriver
Capabilities {javascriptEnabled: true, platform: ANY, platformName: ANY}
Session ID: 66da7635ded2d355388026ca8e7d8eff
	at org.openqa.selenium.remote.http.W3CHttpResponseCodec.createException(W3CHttpResponseCodec.java:187)
	at org.openqa.selenium.remote.http.W3CHttpResponseCodec.decode(W3CHttpResponseCodec.java:122)
	at org.openqa.selenium.remote.http.W3CHttpResponseCodec.decode(W3CHttpResponseCodec.java:49)
	at org.openqa.selenium.remote.HttpCommandExecutor.execute(HttpCommandExecutor.java:158)
	at org.openqa.selenium.remote.RemoteWebDriver.execute(RemoteWebDriver.java:552)
	at com.kms.katalon.core.webui.driver.ExistingRemoteWebDriver.execute(ExistingRemoteWebDriver.java:108)
	at org.openqa.selenium.remote.RemoteWebElement.execute(RemoteWebElement.java:285)
	at org.openqa.selenium.remote.RemoteWebElement.click(RemoteWebElement.java:84)
	at org.openqa.selenium.support.events.EventFiringWebDriver$EventFiringWebElement.lambda$new$0(EventFiringWebDriver.java:404)
	at com.sun.proxy.$Proxy9.click(Unknown Source)
	at org.openqa.selenium.support.events.EventFiringWebDriver$EventFiringWebElement.click(EventFiringWebDriver.java:417)
	at com.kms.katalon.core.webui.keyword.builtin.ClickKeyword$_click_closure1.doCall(ClickKeyword.groovy:69)
	at com.kms.katalon.core.webui.keyword.builtin.ClickKeyword$_click_closure1.call(ClickKeyword.groovy)
	at com.kms.katalon.core.webui.keyword.internal.WebUIKeywordMain.runKeyword(WebUIKeywordMain.groovy:20)
	at com.kms.katalon.core.webui.keyword.builtin.ClickKeyword.click(ClickKeyword.groovy:76)
	at com.kms.katalon.core.webui.keyword.builtin.ClickKeyword.execute(ClickKeyword.groovy:43)
	at com.kms.katalon.core.keyword.internal.KeywordExecutor.executeKeywordForPlatform(KeywordExecutor.groovy:72)
	at com.kms.katalon.core.webui.keyword.WebUiBuiltInKeywords.click(WebUiBuiltInKeywords.groovy:616)
	at com.kms.katalon.core.webui.keyword.WebUiBuiltInKeywords$click$0.call(Unknown Source)
	at Script1549506362832.run(Script1549506362832.groovy:28)
	... 13 more
)
	at com.kms.katalon.core.keyword.internal.KeywordMain.stepFailed(KeywordMain.groovy:39)
	at com.kms.katalon.core.webui.keyword.internal.WebUIKeywordMain.stepFailed(WebUIKeywordMain.groovy:64)
	at com.kms.katalon.core.webui.keyword.internal.WebUIKeywordMain.runKeyword(WebUIKeywordMain.groovy:26)
	at com.kms.katalon.core.webui.keyword.builtin.ClickKeyword.click(ClickKeyword.groovy:76)
	at com.kms.katalon.core.webui.keyword.builtin.ClickKeyword.execute(ClickKeyword.groovy:43)
	at com.kms.katalon.core.keyword.internal.KeywordExecutor.executeKeywordForPlatform(KeywordExecutor.groovy:72)
	at com.kms.katalon.core.webui.keyword.WebUiBuiltInKeywords.click(WebUiBuiltInKeywords.groovy:616)
	at com.kms.katalon.core.webui.keyword.WebUiBuiltInKeywords$click$0.call(Unknown Source)
	at Add Category.run(Add Category:28)
	at com.kms.katalon.core.main.ScriptEngine.run(ScriptEngine.java:194)
	at com.kms.katalon.core.main.ScriptEngine.runScriptAsRawText(ScriptEngine.java:119)
	at com.kms.katalon.core.main.TestCaseExecutor.runScript(TestCaseExecutor.java:337)
	at com.kms.katalon.core.main.TestCaseExecutor.doExecute(TestCaseExecutor.java:328)
	at com.kms.katalon.core.main.TestCaseExecutor.processExecutionPhase(TestCaseExecutor.java:307)
	at com.kms.katalon.core.main.TestCaseExecutor.accessMainPhase(TestCaseExecutor.java:299)
	at com.kms.katalon.core.main.TestCaseExecutor.execute(TestCaseExecutor.java:233)
	at com.kms.katalon.core.main.TestSuiteExecutor.accessTestCaseMainPhase(TestSuiteExecutor.java:169)
	at com.kms.katalon.core.main.TestSuiteExecutor.accessTestSuiteMainPhase(TestSuiteExecutor.java:142)
	at com.kms.katalon.core.main.TestSuiteExecutor.execute(TestSuiteExecutor.java:91)
	at com.kms.katalon.core.main.TestCaseMain.startTestSuite(TestCaseMain.java:157)
	at com.kms.katalon.core.main.TestCaseMain$startTestSuite$0.call(Unknown Source)
	at TempTestSuite1584598607274.run(TempTestSuite1584598607274.groovy:36)
Caused by: com.kms.katalon.core.exception.StepFailedException: Unable to click on object 'Object Repository/ADMIN/Categories/Category List/button_Categories'
	... 21 more
Caused by: org.openqa.selenium.ElementClickInterceptedException: element click intercepted: Element &lt;a href=&quot;/admin/categorymanager/index&quot;>...&lt;/a> is not clickable at point (129, 406). Other element would receive the click: &lt;div class=&quot;modal-backdrop in&quot;>&lt;/div>
  (Session info: chrome=80.0.3987.132)
Build info: version: '3.141.59', revision: 'e82be7d358', time: '2018-11-14T08:25:53'
System info: host: 'ARCADIER-03', ip: '192.168.254.105', os.name: 'Windows 7', os.arch: 'amd64', os.version: '6.1', java.version: '1.8.0_181'
Driver info: com.kms.katalon.core.webui.driver.ExistingRemoteWebDriver
Capabilities {javascriptEnabled: true, platform: ANY, platformName: ANY}
Session ID: 66da7635ded2d355388026ca8e7d8eff
	at org.openqa.selenium.remote.http.W3CHttpResponseCodec.createException(W3CHttpResponseCodec.java:187)
	at org.openqa.selenium.remote.http.W3CHttpResponseCodec.decode(W3CHttpResponseCodec.java:122)
	at org.openqa.selenium.remote.http.W3CHttpResponseCodec.decode(W3CHttpResponseCodec.java:49)
	at org.openqa.selenium.remote.HttpCommandExecutor.execute(HttpCommandExecutor.java:158)
	at org.openqa.selenium.remote.RemoteWebDriver.execute(RemoteWebDriver.java:552)
	at com.kms.katalon.core.webui.driver.ExistingRemoteWebDriver.execute(ExistingRemoteWebDriver.java:108)
	at org.openqa.selenium.remote.RemoteWebElement.execute(RemoteWebElement.java:285)
	at org.openqa.selenium.remote.RemoteWebElement.click(RemoteWebElement.java:84)
	at org.openqa.selenium.support.events.EventFiringWebDriver$EventFiringWebElement.lambda$new$0(EventFiringWebDriver.java:404)
	at com.sun.proxy.$Proxy9.click(Unknown Source)
	at org.openqa.selenium.support.events.EventFiringWebDriver$EventFiringWebElement.click(EventFiringWebDriver.java:417)
	at com.kms.katalon.core.webui.keyword.builtin.ClickKeyword$_click_closure1.doCall(ClickKeyword.groovy:69)
	at com.kms.katalon.core.webui.keyword.builtin.ClickKeyword$_click_closure1.call(ClickKeyword.groovy)
	at com.kms.katalon.core.webui.keyword.internal.WebUIKeywordMain.runKeyword(WebUIKeywordMain.groovy:20)
	... 19 more
"/>
         <system-out><![CDATA[2020-03-19 14:16:50 - [TEST_CASE][FAILED] - Test Cases/ADMIN/Content Mgmt/Categories/Category Add-Edit/Add Category: Test Cases/ADMIN/Content Mgmt/Categories/Category Add-Edit/Add Category FAILED.
Reason:
com.kms.katalon.core.exception.StepFailedException: Unable to click on object 'Object Repository/ADMIN/Categories/Category List/button_Categories' (Root cause: com.kms.katalon.core.exception.StepFailedException: Unable to click on object 'Object Repository/ADMIN/Categories/Category List/button_Categories'
	at com.kms.katalon.core.webui.keyword.internal.WebUIKeywordMain.stepFailed(WebUIKeywordMain.groovy:64)
	at com.kms.katalon.core.webui.keyword.internal.WebUIKeywordMain.runKeyword(WebUIKeywordMain.groovy:26)
	at com.kms.katalon.core.webui.keyword.builtin.ClickKeyword.click(ClickKeyword.groovy:76)
	at com.kms.katalon.core.webui.keyword.builtin.ClickKeyword.execute(ClickKeyword.groovy:43)
	at com.kms.katalon.core.keyword.internal.KeywordExecutor.executeKeywordForPlatform(KeywordExecutor.groovy:72)
	at com.kms.katalon.core.webui.keyword.WebUiBuiltInKeywords.click(WebUiBuiltInKeywords.groovy:616)
	at com.kms.katalon.core.webui.keyword.WebUiBuiltInKeywords$click$0.call(Unknown Source)
	at Add Category.run(Add Category:28)
	at com.kms.katalon.core.main.ScriptEngine.run(ScriptEngine.java:194)
	at com.kms.katalon.core.main.ScriptEngine.runScriptAsRawText(ScriptEngine.java:119)
	at com.kms.katalon.core.main.TestCaseExecutor.runScript(TestCaseExecutor.java:337)
	at com.kms.katalon.core.main.TestCaseExecutor.doExecute(TestCaseExecutor.java:328)
	at com.kms.katalon.core.main.TestCaseExecutor.processExecutionPhase(TestCaseExecutor.java:307)
	at com.kms.katalon.core.main.TestCaseExecutor.accessMainPhase(TestCaseExecutor.java:299)
	at com.kms.katalon.core.main.TestCaseExecutor.execute(TestCaseExecutor.java:233)
	at com.kms.katalon.core.main.TestSuiteExecutor.accessTestCaseMainPhase(TestSuiteExecutor.java:169)
	at com.kms.katalon.core.main.TestSuiteExecutor.accessTestSuiteMainPhase(TestSuiteExecutor.java:142)
	at com.kms.katalon.core.main.TestSuiteExecutor.execute(TestSuiteExecutor.java:91)
	at com.kms.katalon.core.main.TestCaseMain.startTestSuite(TestCaseMain.java:157)
	at com.kms.katalon.core.main.TestCaseMain$startTestSuite$0.call(Unknown Source)
	at TempTestSuite1584598607274.run(TempTestSuite1584598607274.groovy:36)
Caused by: org.openqa.selenium.ElementClickInterceptedException: element click intercepted: Element <a href="/admin/categorymanager/index">...</a> is not clickable at point (129, 406). Other element would receive the click: <div class="modal-backdrop in"></div>
  (Session info: chrome=80.0.3987.132)
Build info: version: '3.141.59', revision: 'e82be7d358', time: '2018-11-14T08:25:53'
System info: host: 'ARCADIER-03', ip: '192.168.254.105', os.name: 'Windows 7', os.arch: 'amd64', os.version: '6.1', java.version: '1.8.0_181'
Driver info: com.kms.katalon.core.webui.driver.ExistingRemoteWebDriver
Capabilities {javascriptEnabled: true, platform: ANY, platformName: ANY}
Session ID: 66da7635ded2d355388026ca8e7d8eff
	at org.openqa.selenium.remote.http.W3CHttpResponseCodec.createException(W3CHttpResponseCodec.java:187)
	at org.openqa.selenium.remote.http.W3CHttpResponseCodec.decode(W3CHttpResponseCodec.java:122)
	at org.openqa.selenium.remote.http.W3CHttpResponseCodec.decode(W3CHttpResponseCodec.java:49)
	at org.openqa.selenium.remote.HttpCommandExecutor.execute(HttpCommandExecutor.java:158)
	at org.openqa.selenium.remote.RemoteWebDriver.execute(RemoteWebDriver.java:552)
	at com.kms.katalon.core.webui.driver.ExistingRemoteWebDriver.execute(ExistingRemoteWebDriver.java:108)
	at org.openqa.selenium.remote.RemoteWebElement.execute(RemoteWebElement.java:285)
	at org.openqa.selenium.remote.RemoteWebElement.click(RemoteWebElement.java:84)
	at org.openqa.selenium.support.events.EventFiringWebDriver$EventFiringWebElement.lambda$new$0(EventFiringWebDriver.java:404)
	at com.sun.proxy.$Proxy9.click(Unknown Source)
	at org.openqa.selenium.support.events.EventFiringWebDriver$EventFiringWebElement.click(EventFiringWebDriver.java:417)
	at com.kms.katalon.core.webui.keyword.builtin.ClickKeyword$_click_closure1.doCall(ClickKeyword.groovy:69)
	at com.kms.katalon.core.webui.keyword.builtin.ClickKeyword$_click_closure1.call(ClickKeyword.groovy)
	at com.kms.katalon.core.webui.keyword.internal.WebUIKeywordMain.runKeyword(WebUIKeywordMain.groovy:20)
	at com.kms.katalon.core.webui.keyword.builtin.ClickKeyword.click(ClickKeyword.groovy:76)
	at com.kms.katalon.core.webui.keyword.builtin.ClickKeyword.execute(ClickKeyword.groovy:43)
	at com.kms.katalon.core.keyword.internal.KeywordExecutor.executeKeywordForPlatform(KeywordExecutor.groovy:72)
	at com.kms.katalon.core.webui.keyword.WebUiBuiltInKeywords.click(WebUiBuiltInKeywords.groovy:616)
	at com.kms.katalon.core.webui.keyword.WebUiBuiltInKeywords$click$0.call(Unknown Source)
	at Script1549506362832.run(Script1549506362832.groovy:28)
	... 13 more
)
	at com.kms.katalon.core.keyword.internal.KeywordMain.stepFailed(KeywordMain.groovy:39)
	at com.kms.katalon.core.webui.keyword.internal.WebUIKeywordMain.stepFailed(WebUIKeywordMain.groovy:64)
	at com.kms.katalon.core.webui.keyword.internal.WebUIKeywordMain.runKeyword(WebUIKeywordMain.groovy:26)
	at com.kms.katalon.core.webui.keyword.builtin.ClickKeyword.click(ClickKeyword.groovy:76)
	at com.kms.katalon.core.webui.keyword.builtin.ClickKeyword.execute(ClickKeyword.groovy:43)
	at com.kms.katalon.core.keyword.internal.KeywordExecutor.executeKeywordForPlatform(KeywordExecutor.groovy:72)
	at com.kms.katalon.core.webui.keyword.WebUiBuiltInKeywords.click(WebUiBuiltInKeywords.groovy:616)
	at com.kms.katalon.core.webui.keyword.WebUiBuiltInKeywords$click$0.call(Unknown Source)
	at Add Category.run(Add Category:28)
	at com.kms.katalon.core.main.ScriptEngine.run(ScriptEngine.java:194)
	at com.kms.katalon.core.main.ScriptEngine.runScriptAsRawText(ScriptEngine.java:119)
	at com.kms.katalon.core.main.TestCaseExecutor.runScript(TestCaseExecutor.java:337)
	at com.kms.katalon.core.main.TestCaseExecutor.doExecute(TestCaseExecutor.java:328)
	at com.kms.katalon.core.main.TestCaseExecutor.processExecutionPhase(TestCaseExecutor.java:307)
	at com.kms.katalon.core.main.TestCaseExecutor.accessMainPhase(TestCaseExecutor.java:299)
	at com.kms.katalon.core.main.TestCaseExecutor.execute(TestCaseExecutor.java:233)
	at com.kms.katalon.core.main.TestSuiteExecutor.accessTestCaseMainPhase(TestSuiteExecutor.java:169)
	at com.kms.katalon.core.main.TestSuiteExecutor.accessTestSuiteMainPhase(TestSuiteExecutor.java:142)
	at com.kms.katalon.core.main.TestSuiteExecutor.execute(TestSuiteExecutor.java:91)
	at com.kms.katalon.core.main.TestCaseMain.startTestSuite(TestCaseMain.java:157)
	at com.kms.katalon.core.main.TestCaseMain$startTestSuite$0.call(Unknown Source)
	at TempTestSuite1584598607274.run(TempTestSuite1584598607274.groovy:36)
Caused by: com.kms.katalon.core.exception.StepFailedException: Unable to click on object 'Object Repository/ADMIN/Categories/Category List/button_Categories'
	... 21 more
Caused by: org.openqa.selenium.ElementClickInterceptedException: element click intercepted: Element <a href="/admin/categorymanager/index">...</a> is not clickable at point (129, 406). Other element would receive the click: <div class="modal-backdrop in"></div>
  (Session info: chrome=80.0.3987.132)
Build info: version: '3.141.59', revision: 'e82be7d358', time: '2018-11-14T08:25:53'
System info: host: 'ARCADIER-03', ip: '192.168.254.105', os.name: 'Windows 7', os.arch: 'amd64', os.version: '6.1', java.version: '1.8.0_181'
Driver info: com.kms.katalon.core.webui.driver.ExistingRemoteWebDriver
Capabilities {javascriptEnabled: true, platform: ANY, platformName: ANY}
Session ID: 66da7635ded2d355388026ca8e7d8eff
	at org.openqa.selenium.remote.http.W3CHttpResponseCodec.createException(W3CHttpResponseCodec.java:187)
	at org.openqa.selenium.remote.http.W3CHttpResponseCodec.decode(W3CHttpResponseCodec.java:122)
	at org.openqa.selenium.remote.http.W3CHttpResponseCodec.decode(W3CHttpResponseCodec.java:49)
	at org.openqa.selenium.remote.HttpCommandExecutor.execute(HttpCommandExecutor.java:158)
	at org.openqa.selenium.remote.RemoteWebDriver.execute(RemoteWebDriver.java:552)
	at com.kms.katalon.core.webui.driver.ExistingRemoteWebDriver.execute(ExistingRemoteWebDriver.java:108)
	at org.openqa.selenium.remote.RemoteWebElement.execute(RemoteWebElement.java:285)
	at org.openqa.selenium.remote.RemoteWebElement.click(RemoteWebElement.java:84)
	at org.openqa.selenium.support.events.EventFiringWebDriver$EventFiringWebElement.lambda$new$0(EventFiringWebDriver.java:404)
	at com.sun.proxy.$Proxy9.click(Unknown Source)
	at org.openqa.selenium.support.events.EventFiringWebDriver$EventFiringWebElement.click(EventFiringWebDriver.java:417)
	at com.kms.katalon.core.webui.keyword.builtin.ClickKeyword$_click_closure1.doCall(ClickKeyword.groovy:69)
	at com.kms.katalon.core.webui.keyword.builtin.ClickKeyword$_click_closure1.call(ClickKeyword.groovy)
	at com.kms.katalon.core.webui.keyword.internal.WebUIKeywordMain.runKeyword(WebUIKeywordMain.groovy:20)
	... 19 more


2020-03-19 14:16:51 - [TEST_STEP][PASSED] - waitForElementVisible(findTestObject("ADMIN/Categories/Category List/button_Content Mgmt"), 0): Object 'Object Repository/ADMIN/Categories/Category List/button_Content Mgmt' is visible

2020-03-19 14:16:51 - [MESSAGE][WARNING] - Timeout '0' is invalid. Using default page load timeout: '30'

2020-03-19 14:16:54 - [MESSAGE][PASSED] - Object 'Object Repository/ADMIN/Categories/Category List/button_Content Mgmt' is visible

2020-03-19 14:16:54 - [TEST_STEP][PASSED] - click(findTestObject("ADMIN/Categories/Category List/button_Content Mgmt")): Object: 'Object Repository/ADMIN/Categories/Category List/button_Content Mgmt' is clicked on

2020-03-19 14:16:54 - [MESSAGE][PASSED] - Object: 'Object Repository/ADMIN/Categories/Category List/button_Content Mgmt' is clicked on

2020-03-19 14:16:54 - [TEST_STEP][PASSED] - waitForElementVisible(findTestObject("ADMIN/Categories/Category List/button_Categories"), 0): Object 'Object Repository/ADMIN/Categories/Category List/button_Categories' is visible

2020-03-19 14:16:54 - [MESSAGE][WARNING] - Timeout '0' is invalid. Using default page load timeout: '30'

2020-03-19 14:16:55 - [MESSAGE][PASSED] - Object 'Object Repository/ADMIN/Categories/Category List/button_Categories' is visible

2020-03-19 14:16:55 - [TEST_STEP][FAILED] - click(findTestObject("ADMIN/Categories/Category List/button_Categories")): Unable to click on object 'Object Repository/ADMIN/Categories/Category List/button_Categories' (Root cause: com.kms.katalon.core.exception.StepFailedException: Unable to click on object 'Object Repository/ADMIN/Categories/Category List/button_Categories'
	at com.kms.katalon.core.webui.keyword.internal.WebUIKeywordMain.stepFailed(WebUIKeywordMain.groovy:64)
	at com.kms.katalon.core.webui.keyword.internal.WebUIKeywordMain.runKeyword(WebUIKeywordMain.groovy:26)
	at com.kms.katalon.core.webui.keyword.builtin.ClickKeyword.click(ClickKeyword.groovy:76)
	at com.kms.katalon.core.webui.keyword.builtin.ClickKeyword.execute(ClickKeyword.groovy:43)
	at com.kms.katalon.core.keyword.internal.KeywordExecutor.executeKeywordForPlatform(KeywordExecutor.groovy:72)
	at com.kms.katalon.core.webui.keyword.WebUiBuiltInKeywords.click(WebUiBuiltInKeywords.groovy:616)
	at com.kms.katalon.core.webui.keyword.WebUiBuiltInKeywords$click$0.call(Unknown Source)
	at Add Category.run(Add Category:28)
	at com.kms.katalon.core.main.ScriptEngine.run(ScriptEngine.java:194)
	at com.kms.katalon.core.main.ScriptEngine.runScriptAsRawText(ScriptEngine.java:119)
	at com.kms.katalon.core.main.TestCaseExecutor.runScript(TestCaseExecutor.java:337)
	at com.kms.katalon.core.main.TestCaseExecutor.doExecute(TestCaseExecutor.java:328)
	at com.kms.katalon.core.main.TestCaseExecutor.processExecutionPhase(TestCaseExecutor.java:307)
	at com.kms.katalon.core.main.TestCaseExecutor.accessMainPhase(TestCaseExecutor.java:299)
	at com.kms.katalon.core.main.TestCaseExecutor.execute(TestCaseExecutor.java:233)
	at com.kms.katalon.core.main.TestSuiteExecutor.accessTestCaseMainPhase(TestSuiteExecutor.java:169)
	at com.kms.katalon.core.main.TestSuiteExecutor.accessTestSuiteMainPhase(TestSuiteExecutor.java:142)
	at com.kms.katalon.core.main.TestSuiteExecutor.execute(TestSuiteExecutor.java:91)
	at com.kms.katalon.core.main.TestCaseMain.startTestSuite(TestCaseMain.java:157)
	at com.kms.katalon.core.main.TestCaseMain$startTestSuite$0.call(Unknown Source)
	at TempTestSuite1584598607274.run(TempTestSuite1584598607274.groovy:36)
Caused by: org.openqa.selenium.ElementClickInterceptedException: element click intercepted: Element <a href="/admin/categorymanager/index">...</a> is not clickable at point (129, 406). Other element would receive the click: <div class="modal-backdrop in"></div>
  (Session info: chrome=80.0.3987.132)
Build info: version: '3.141.59', revision: 'e82be7d358', time: '2018-11-14T08:25:53'
System info: host: 'ARCADIER-03', ip: '192.168.254.105', os.name: 'Windows 7', os.arch: 'amd64', os.version: '6.1', java.version: '1.8.0_181'
Driver info: com.kms.katalon.core.webui.driver.ExistingRemoteWebDriver
Capabilities {javascriptEnabled: true, platform: ANY, platformName: ANY}
Session ID: 66da7635ded2d355388026ca8e7d8eff
	at org.openqa.selenium.remote.http.W3CHttpResponseCodec.createException(W3CHttpResponseCodec.java:187)
	at org.openqa.selenium.remote.http.W3CHttpResponseCodec.decode(W3CHttpResponseCodec.java:122)
	at org.openqa.selenium.remote.http.W3CHttpResponseCodec.decode(W3CHttpResponseCodec.java:49)
	at org.openqa.selenium.remote.HttpCommandExecutor.execute(HttpCommandExecutor.java:158)
	at org.openqa.selenium.remote.RemoteWebDriver.execute(RemoteWebDriver.java:552)
	at com.kms.katalon.core.webui.driver.ExistingRemoteWebDriver.execute(ExistingRemoteWebDriver.java:108)
	at org.openqa.selenium.remote.RemoteWebElement.execute(RemoteWebElement.java:285)
	at org.openqa.selenium.remote.RemoteWebElement.click(RemoteWebElement.java:84)
	at org.openqa.selenium.support.events.EventFiringWebDriver$EventFiringWebElement.lambda$new$0(EventFiringWebDriver.java:404)
	at com.sun.proxy.$Proxy9.click(Unknown Source)
	at org.openqa.selenium.support.events.EventFiringWebDriver$EventFiringWebElement.click(EventFiringWebDriver.java:417)
	at com.kms.katalon.core.webui.keyword.builtin.ClickKeyword$_click_closure1.doCall(ClickKeyword.groovy:69)
	at com.kms.katalon.core.webui.keyword.builtin.ClickKeyword$_click_closure1.call(ClickKeyword.groovy)
	at com.kms.katalon.core.webui.keyword.internal.WebUIKeywordMain.runKeyword(WebUIKeywordMain.groovy:20)
	at com.kms.katalon.core.webui.keyword.builtin.ClickKeyword.click(ClickKeyword.groovy:76)
	at com.kms.katalon.core.webui.keyword.builtin.ClickKeyword.execute(ClickKeyword.groovy:43)
	at com.kms.katalon.core.keyword.internal.KeywordExecutor.executeKeywordForPlatform(KeywordExecutor.groovy:72)
	at com.kms.katalon.core.webui.keyword.WebUiBuiltInKeywords.click(WebUiBuiltInKeywords.groovy:616)
	at com.kms.katalon.core.webui.keyword.WebUiBuiltInKeywords$click$0.call(Unknown Source)
	at Script1549506362832.run(Script1549506362832.groovy:28)
	... 13 more
)

2020-03-19 14:16:57 - [MESSAGE][FAILED] - Unable to click on object 'Object Repository/ADMIN/Categories/Category List/button_Categories' (Root cause: com.kms.katalon.core.exception.StepFailedException: Unable to click on object 'Object Repository/ADMIN/Categories/Category List/button_Categories'
	at com.kms.katalon.core.webui.keyword.internal.WebUIKeywordMain.stepFailed(WebUIKeywordMain.groovy:64)
	at com.kms.katalon.core.webui.keyword.internal.WebUIKeywordMain.runKeyword(WebUIKeywordMain.groovy:26)
	at com.kms.katalon.core.webui.keyword.builtin.ClickKeyword.click(ClickKeyword.groovy:76)
	at com.kms.katalon.core.webui.keyword.builtin.ClickKeyword.execute(ClickKeyword.groovy:43)
	at com.kms.katalon.core.keyword.internal.KeywordExecutor.executeKeywordForPlatform(KeywordExecutor.groovy:72)
	at com.kms.katalon.core.webui.keyword.WebUiBuiltInKeywords.click(WebUiBuiltInKeywords.groovy:616)
	at com.kms.katalon.core.webui.keyword.WebUiBuiltInKeywords$click$0.call(Unknown Source)
	at Add Category.run(Add Category:28)
	at com.kms.katalon.core.main.ScriptEngine.run(ScriptEngine.java:194)
	at com.kms.katalon.core.main.ScriptEngine.runScriptAsRawText(ScriptEngine.java:119)
	at com.kms.katalon.core.main.TestCaseExecutor.runScript(TestCaseExecutor.java:337)
	at com.kms.katalon.core.main.TestCaseExecutor.doExecute(TestCaseExecutor.java:328)
	at com.kms.katalon.core.main.TestCaseExecutor.processExecutionPhase(TestCaseExecutor.java:307)
	at com.kms.katalon.core.main.TestCaseExecutor.accessMainPhase(TestCaseExecutor.java:299)
	at com.kms.katalon.core.main.TestCaseExecutor.execute(TestCaseExecutor.java:233)
	at com.kms.katalon.core.main.TestSuiteExecutor.accessTestCaseMainPhase(TestSuiteExecutor.java:169)
	at com.kms.katalon.core.main.TestSuiteExecutor.accessTestSuiteMainPhase(TestSuiteExecutor.java:142)
	at com.kms.katalon.core.main.TestSuiteExecutor.execute(TestSuiteExecutor.java:91)
	at com.kms.katalon.core.main.TestCaseMain.startTestSuite(TestCaseMain.java:157)
	at com.kms.katalon.core.main.TestCaseMain$startTestSuite$0.call(Unknown Source)
	at TempTestSuite1584598607274.run(TempTestSuite1584598607274.groovy:36)
Caused by: org.openqa.selenium.ElementClickInterceptedException: element click intercepted: Element <a href="/admin/categorymanager/index">...</a> is not clickable at point (129, 406). Other element would receive the click: <div class="modal-backdrop in"></div>
  (Session info: chrome=80.0.3987.132)
Build info: version: '3.141.59', revision: 'e82be7d358', time: '2018-11-14T08:25:53'
System info: host: 'ARCADIER-03', ip: '192.168.254.105', os.name: 'Windows 7', os.arch: 'amd64', os.version: '6.1', java.version: '1.8.0_181'
Driver info: com.kms.katalon.core.webui.driver.ExistingRemoteWebDriver
Capabilities {javascriptEnabled: true, platform: ANY, platformName: ANY}
Session ID: 66da7635ded2d355388026ca8e7d8eff
	at org.openqa.selenium.remote.http.W3CHttpResponseCodec.createException(W3CHttpResponseCodec.java:187)
	at org.openqa.selenium.remote.http.W3CHttpResponseCodec.decode(W3CHttpResponseCodec.java:122)
	at org.openqa.selenium.remote.http.W3CHttpResponseCodec.decode(W3CHttpResponseCodec.java:49)
	at org.openqa.selenium.remote.HttpCommandExecutor.execute(HttpCommandExecutor.java:158)
	at org.openqa.selenium.remote.RemoteWebDriver.execute(RemoteWebDriver.java:552)
	at com.kms.katalon.core.webui.driver.ExistingRemoteWebDriver.execute(ExistingRemoteWebDriver.java:108)
	at org.openqa.selenium.remote.RemoteWebElement.execute(RemoteWebElement.java:285)
	at org.openqa.selenium.remote.RemoteWebElement.click(RemoteWebElement.java:84)
	at org.openqa.selenium.support.events.EventFiringWebDriver$EventFiringWebElement.lambda$new$0(EventFiringWebDriver.java:404)
	at com.sun.proxy.$Proxy9.click(Unknown Source)
	at org.openqa.selenium.support.events.EventFiringWebDriver$EventFiringWebElement.click(EventFiringWebDriver.java:417)
	at com.kms.katalon.core.webui.keyword.builtin.ClickKeyword$_click_closure1.doCall(ClickKeyword.groovy:69)
	at com.kms.katalon.core.webui.keyword.builtin.ClickKeyword$_click_closure1.call(ClickKeyword.groovy)
	at com.kms.katalon.core.webui.keyword.internal.WebUIKeywordMain.runKeyword(WebUIKeywordMain.groovy:20)
	at com.kms.katalon.core.webui.keyword.builtin.ClickKeyword.click(ClickKeyword.groovy:76)
	at com.kms.katalon.core.webui.keyword.builtin.ClickKeyword.execute(ClickKeyword.groovy:43)
	at com.kms.katalon.core.keyword.internal.KeywordExecutor.executeKeywordForPlatform(KeywordExecutor.groovy:72)
	at com.kms.katalon.core.webui.keyword.WebUiBuiltInKeywords.click(WebUiBuiltInKeywords.groovy:616)
	at com.kms.katalon.core.webui.keyword.WebUiBuiltInKeywords$click$0.call(Unknown Source)
	at Script1549506362832.run(Script1549506362832.groovy:28)
	... 13 more
)
[[ATTACHMENT|C:\\Katalon\\Arctick\\Reports\\20200319_141647\\Admin\\Admin Add Category\\20200319_141647\\1584598616527.png]]

2020-03-19 14:16:57 - [TEST_STEP][PASSED] - waitForPageLoad(0, STOP_ON_FAILURE): Wait for page load successfully

2020-03-19 14:16:57 - [MESSAGE][WARNING] - Timeout '0' is invalid. Using default page load timeout: '30'

2020-03-19 14:16:57 - [MESSAGE][PASSED] - Wait for page load successfully

2020-03-19 14:16:57 - [TEST_STEP][PASSED] - click(findTestObject("ADMIN/Categories/Category List/button_Add a Category")): Object: 'Object Repository/ADMIN/Categories/Category List/button_Add a Category' is clicked on

2020-03-19 14:17:00 - [MESSAGE][PASSED] - Object: 'Object Repository/ADMIN/Categories/Category List/button_Add a Category' is clicked on

2020-03-19 14:17:00 - [TEST_STEP][PASSED] - waitForElementPresent(findTestObject("ADMIN/Categories/Category/dropdown_Parent"), 2): Object 'Object Repository/ADMIN/Categories/Category/dropdown_Parent' is present

2020-03-19 14:17:00 - [MESSAGE][PASSED] - Object 'Object Repository/ADMIN/Categories/Category/dropdown_Parent' is present

2020-03-19 14:17:00 - [TEST_STEP][PASSED] - delay(1): Delayed 1 second(s)

2020-03-19 14:17:01 - [MESSAGE][PASSED] - Delayed 1 second(s)

2020-03-19 14:17:01 - [TEST_STEP][PASSED] - setText(findTestObject("ADMIN/Categories/Category/textfield_Category Name"), CategoryNametext): Text 'Category 01' is set on object 'Object Repository/ADMIN/Categories/Category/textfield_Category Name'

2020-03-19 14:17:01 - [MESSAGE][PASSED] - Text 'Category 01' is set on object 'Object Repository/ADMIN/Categories/Category/textfield_Category Name'

2020-03-19 14:17:01 - [TEST_STEP][PASSED] - click(findTestObject("ADMIN/Categories/Category/dropdown_Parent")): Object: 'Object Repository/ADMIN/Categories/Category/dropdown_Parent' is clicked on

2020-03-19 14:17:01 - [MESSAGE][PASSED] - Object: 'Object Repository/ADMIN/Categories/Category/dropdown_Parent' is clicked on

2020-03-19 14:17:01 - [TEST_STEP][PASSED] - delay(2): Delayed 2 second(s)

2020-03-19 14:17:03 - [MESSAGE][PASSED] - Delayed 2 second(s)

2020-03-19 14:17:03 - [TEST_STEP][PASSED] - click(findTestObject("ADMIN/Categories/Category/dropdown_Parent")): Object: 'Object Repository/ADMIN/Categories/Category/dropdown_Parent' is clicked on

2020-03-19 14:17:03 - [MESSAGE][PASSED] - Object: 'Object Repository/ADMIN/Categories/Category/dropdown_Parent' is clicked on

2020-03-19 14:17:03 - [TEST_STEP][PASSED] - selectOptionByLabel(findTestObject("ADMIN/Categories/Category/dropdown_Parent"), ParentName, false): All options with label '-' are selected in object 'Object Repository/ADMIN/Categories/Category/dropdown_Parent' 

2020-03-19 14:17:04 - [MESSAGE][PASSED] - All options with label '-' are selected in object 'Object Repository/ADMIN/Categories/Category/dropdown_Parent' 

2020-03-19 14:17:04 - [TEST_STEP][PASSED] - click(findTestObject("ADMIN/Categories/Category/button_Browse")): Object: 'Object Repository/ADMIN/Categories/Category/button_Browse' is clicked on

2020-03-19 14:17:04 - [MESSAGE][PASSED] - Object: 'Object Repository/ADMIN/Categories/Category/button_Browse' is clicked on

2020-03-19 14:17:04 - [TEST_STEP][PASSED] - delay(2): Delayed 2 second(s)

2020-03-19 14:17:06 - [MESSAGE][PASSED] - Delayed 2 second(s)

2020-03-19 14:17:06 - [TEST_STEP][PASSED] - uploadFile(findTestObject("ADMIN/Categories/Category/image_input image"), CategoryImageUpload): File 'C:\\Katalon\\Arctick\\Images\\Category\\1.png' sent to object: 'Object Repository/ADMIN/Categories/Category/image_input image'

2020-03-19 14:17:06 - [MESSAGE][PASSED] - File 'C:\\Katalon\\Arctick\\Images\\Category\\1.png' sent to object: 'Object Repository/ADMIN/Categories/Category/image_input image'

2020-03-19 14:17:06 - [TEST_STEP][PASSED] - waitForElementVisible(findTestObject("ADMIN/Categories/Category/button_upload check"), 0): Object 'Object Repository/ADMIN/Categories/Category/button_upload check' is visible

2020-03-19 14:17:06 - [MESSAGE][WARNING] - Timeout '0' is invalid. Using default page load timeout: '30'

2020-03-19 14:17:06 - [MESSAGE][PASSED] - Object 'Object Repository/ADMIN/Categories/Category/button_upload check' is visible

2020-03-19 14:17:06 - [TEST_STEP][PASSED] - click(findTestObject("ADMIN/Categories/Category/button_upload check")): Object: 'Object Repository/ADMIN/Categories/Category/button_upload check' is clicked on

2020-03-19 14:17:06 - [MESSAGE][PASSED] - Object: 'Object Repository/ADMIN/Categories/Category/button_upload check' is clicked on

2020-03-19 14:17:06 - [TEST_STEP][PASSED] - waitForElementVisible(findTestObject("ADMIN/Categories/Category/button_upload save"), 0): Object 'Object Repository/ADMIN/Categories/Category/button_upload save' is visible

2020-03-19 14:17:06 - [MESSAGE][WARNING] - Timeout '0' is invalid. Using default page load timeout: '30'

2020-03-19 14:17:06 - [MESSAGE][PASSED] - Object 'Object Repository/ADMIN/Categories/Category/button_upload save' is visible

2020-03-19 14:17:06 - [TEST_STEP][PASSED] - click(findTestObject("ADMIN/Categories/Category/button_upload save")): Object: 'Object Repository/ADMIN/Categories/Category/button_upload save' is clicked on

2020-03-19 14:17:07 - [MESSAGE][PASSED] - Object: 'Object Repository/ADMIN/Categories/Category/button_upload save' is clicked on

2020-03-19 14:17:07 - [TEST_STEP][PASSED] - setText(findTestObject("ADMIN/Categories/Category/textfield_category_description"), Description): Text 'Description1' is set on object 'Object Repository/ADMIN/Categories/Category/textfield_category_description'

2020-03-19 14:17:07 - [MESSAGE][PASSED] - Text 'Description1' is set on object 'Object Repository/ADMIN/Categories/Category/textfield_category_description'

2020-03-19 14:17:07 - [TEST_STEP][PASSED] - click(findTestObject("ADMIN/Categories/Category/button_Save")): Object: 'Object Repository/ADMIN/Categories/Category/button_Save' is clicked on

2020-03-19 14:17:07 - [MESSAGE][PASSED] - Object: 'Object Repository/ADMIN/Categories/Category/button_Save' is clicked on

2020-03-19 14:17:07 - [TEST_STEP][PASSED] - waitForElementVisible(findTestObject("ADMIN/Categories/Category/label_edit popup"), 0): Object 'Object Repository/ADMIN/Categories/Category/label_edit popup' is visible

2020-03-19 14:17:07 - [MESSAGE][WARNING] - Timeout '0' is invalid. Using default page load timeout: '30'

2020-03-19 14:17:08 - [MESSAGE][PASSED] - Object 'Object Repository/ADMIN/Categories/Category/label_edit popup' is visible

2020-03-19 14:17:08 - [TEST_STEP][PASSED] - waitForElementNotPresent(findTestObject("ADMIN/Categories/Category/label_edit popup"), 0): Web element with id: 'Object Repository/ADMIN/Categories/Category/label_edit popup' located by 'By.xpath: //div[(text() = 'Category was successfully saved.' or . = 'Category was successfully saved.')]' is not present after '30' second(s)

2020-03-19 14:17:08 - [MESSAGE][WARNING] - Timeout '0' is invalid. Using default page load timeout: '30'

2020-03-19 14:17:11 - [MESSAGE][PASSED] - Web element with id: 'Object Repository/ADMIN/Categories/Category/label_edit popup' located by 'By.xpath: //div[(text() = 'Category was successfully saved.' or . = 'Category was successfully saved.')]' is not present after '30' second(s)]]></system-out>
         <system-err><![CDATA[2020-03-19 14:16:50 - [TEST_CASE][FAILED] - Test Cases/ADMIN/Content Mgmt/Categories/Category Add-Edit/Add Category: Test Cases/ADMIN/Content Mgmt/Categories/Category Add-Edit/Add Category FAILED.
Reason:
com.kms.katalon.core.exception.StepFailedException: Unable to click on object 'Object Repository/ADMIN/Categories/Category List/button_Categories' (Root cause: com.kms.katalon.core.exception.StepFailedException: Unable to click on object 'Object Repository/ADMIN/Categories/Category List/button_Categories'
	at com.kms.katalon.core.webui.keyword.internal.WebUIKeywordMain.stepFailed(WebUIKeywordMain.groovy:64)
	at com.kms.katalon.core.webui.keyword.internal.WebUIKeywordMain.runKeyword(WebUIKeywordMain.groovy:26)
	at com.kms.katalon.core.webui.keyword.builtin.ClickKeyword.click(ClickKeyword.groovy:76)
	at com.kms.katalon.core.webui.keyword.builtin.ClickKeyword.execute(ClickKeyword.groovy:43)
	at com.kms.katalon.core.keyword.internal.KeywordExecutor.executeKeywordForPlatform(KeywordExecutor.groovy:72)
	at com.kms.katalon.core.webui.keyword.WebUiBuiltInKeywords.click(WebUiBuiltInKeywords.groovy:616)
	at com.kms.katalon.core.webui.keyword.WebUiBuiltInKeywords$click$0.call(Unknown Source)
	at Add Category.run(Add Category:28)
	at com.kms.katalon.core.main.ScriptEngine.run(ScriptEngine.java:194)
	at com.kms.katalon.core.main.ScriptEngine.runScriptAsRawText(ScriptEngine.java:119)
	at com.kms.katalon.core.main.TestCaseExecutor.runScript(TestCaseExecutor.java:337)
	at com.kms.katalon.core.main.TestCaseExecutor.doExecute(TestCaseExecutor.java:328)
	at com.kms.katalon.core.main.TestCaseExecutor.processExecutionPhase(TestCaseExecutor.java:307)
	at com.kms.katalon.core.main.TestCaseExecutor.accessMainPhase(TestCaseExecutor.java:299)
	at com.kms.katalon.core.main.TestCaseExecutor.execute(TestCaseExecutor.java:233)
	at com.kms.katalon.core.main.TestSuiteExecutor.accessTestCaseMainPhase(TestSuiteExecutor.java:169)
	at com.kms.katalon.core.main.TestSuiteExecutor.accessTestSuiteMainPhase(TestSuiteExecutor.java:142)
	at com.kms.katalon.core.main.TestSuiteExecutor.execute(TestSuiteExecutor.java:91)
	at com.kms.katalon.core.main.TestCaseMain.startTestSuite(TestCaseMain.java:157)
	at com.kms.katalon.core.main.TestCaseMain$startTestSuite$0.call(Unknown Source)
	at TempTestSuite1584598607274.run(TempTestSuite1584598607274.groovy:36)
Caused by: org.openqa.selenium.ElementClickInterceptedException: element click intercepted: Element <a href="/admin/categorymanager/index">...</a> is not clickable at point (129, 406). Other element would receive the click: <div class="modal-backdrop in"></div>
  (Session info: chrome=80.0.3987.132)
Build info: version: '3.141.59', revision: 'e82be7d358', time: '2018-11-14T08:25:53'
System info: host: 'ARCADIER-03', ip: '192.168.254.105', os.name: 'Windows 7', os.arch: 'amd64', os.version: '6.1', java.version: '1.8.0_181'
Driver info: com.kms.katalon.core.webui.driver.ExistingRemoteWebDriver
Capabilities {javascriptEnabled: true, platform: ANY, platformName: ANY}
Session ID: 66da7635ded2d355388026ca8e7d8eff
	at org.openqa.selenium.remote.http.W3CHttpResponseCodec.createException(W3CHttpResponseCodec.java:187)
	at org.openqa.selenium.remote.http.W3CHttpResponseCodec.decode(W3CHttpResponseCodec.java:122)
	at org.openqa.selenium.remote.http.W3CHttpResponseCodec.decode(W3CHttpResponseCodec.java:49)
	at org.openqa.selenium.remote.HttpCommandExecutor.execute(HttpCommandExecutor.java:158)
	at org.openqa.selenium.remote.RemoteWebDriver.execute(RemoteWebDriver.java:552)
	at com.kms.katalon.core.webui.driver.ExistingRemoteWebDriver.execute(ExistingRemoteWebDriver.java:108)
	at org.openqa.selenium.remote.RemoteWebElement.execute(RemoteWebElement.java:285)
	at org.openqa.selenium.remote.RemoteWebElement.click(RemoteWebElement.java:84)
	at org.openqa.selenium.support.events.EventFiringWebDriver$EventFiringWebElement.lambda$new$0(EventFiringWebDriver.java:404)
	at com.sun.proxy.$Proxy9.click(Unknown Source)
	at org.openqa.selenium.support.events.EventFiringWebDriver$EventFiringWebElement.click(EventFiringWebDriver.java:417)
	at com.kms.katalon.core.webui.keyword.builtin.ClickKeyword$_click_closure1.doCall(ClickKeyword.groovy:69)
	at com.kms.katalon.core.webui.keyword.builtin.ClickKeyword$_click_closure1.call(ClickKeyword.groovy)
	at com.kms.katalon.core.webui.keyword.internal.WebUIKeywordMain.runKeyword(WebUIKeywordMain.groovy:20)
	at com.kms.katalon.core.webui.keyword.builtin.ClickKeyword.click(ClickKeyword.groovy:76)
	at com.kms.katalon.core.webui.keyword.builtin.ClickKeyword.execute(ClickKeyword.groovy:43)
	at com.kms.katalon.core.keyword.internal.KeywordExecutor.executeKeywordForPlatform(KeywordExecutor.groovy:72)
	at com.kms.katalon.core.webui.keyword.WebUiBuiltInKeywords.click(WebUiBuiltInKeywords.groovy:616)
	at com.kms.katalon.core.webui.keyword.WebUiBuiltInKeywords$click$0.call(Unknown Source)
	at Script1549506362832.run(Script1549506362832.groovy:28)
	... 13 more
)
	at com.kms.katalon.core.keyword.internal.KeywordMain.stepFailed(KeywordMain.groovy:39)
	at com.kms.katalon.core.webui.keyword.internal.WebUIKeywordMain.stepFailed(WebUIKeywordMain.groovy:64)
	at com.kms.katalon.core.webui.keyword.internal.WebUIKeywordMain.runKeyword(WebUIKeywordMain.groovy:26)
	at com.kms.katalon.core.webui.keyword.builtin.ClickKeyword.click(ClickKeyword.groovy:76)
	at com.kms.katalon.core.webui.keyword.builtin.ClickKeyword.execute(ClickKeyword.groovy:43)
	at com.kms.katalon.core.keyword.internal.KeywordExecutor.executeKeywordForPlatform(KeywordExecutor.groovy:72)
	at com.kms.katalon.core.webui.keyword.WebUiBuiltInKeywords.click(WebUiBuiltInKeywords.groovy:616)
	at com.kms.katalon.core.webui.keyword.WebUiBuiltInKeywords$click$0.call(Unknown Source)
	at Add Category.run(Add Category:28)
	at com.kms.katalon.core.main.ScriptEngine.run(ScriptEngine.java:194)
	at com.kms.katalon.core.main.ScriptEngine.runScriptAsRawText(ScriptEngine.java:119)
	at com.kms.katalon.core.main.TestCaseExecutor.runScript(TestCaseExecutor.java:337)
	at com.kms.katalon.core.main.TestCaseExecutor.doExecute(TestCaseExecutor.java:328)
	at com.kms.katalon.core.main.TestCaseExecutor.processExecutionPhase(TestCaseExecutor.java:307)
	at com.kms.katalon.core.main.TestCaseExecutor.accessMainPhase(TestCaseExecutor.java:299)
	at com.kms.katalon.core.main.TestCaseExecutor.execute(TestCaseExecutor.java:233)
	at com.kms.katalon.core.main.TestSuiteExecutor.accessTestCaseMainPhase(TestSuiteExecutor.java:169)
	at com.kms.katalon.core.main.TestSuiteExecutor.accessTestSuiteMainPhase(TestSuiteExecutor.java:142)
	at com.kms.katalon.core.main.TestSuiteExecutor.execute(TestSuiteExecutor.java:91)
	at com.kms.katalon.core.main.TestCaseMain.startTestSuite(TestCaseMain.java:157)
	at com.kms.katalon.core.main.TestCaseMain$startTestSuite$0.call(Unknown Source)
	at TempTestSuite1584598607274.run(TempTestSuite1584598607274.groovy:36)
Caused by: com.kms.katalon.core.exception.StepFailedException: Unable to click on object 'Object Repository/ADMIN/Categories/Category List/button_Categories'
	... 21 more
Caused by: org.openqa.selenium.ElementClickInterceptedException: element click intercepted: Element <a href="/admin/categorymanager/index">...</a> is not clickable at point (129, 406). Other element would receive the click: <div class="modal-backdrop in"></div>
  (Session info: chrome=80.0.3987.132)
Build info: version: '3.141.59', revision: 'e82be7d358', time: '2018-11-14T08:25:53'
System info: host: 'ARCADIER-03', ip: '192.168.254.105', os.name: 'Windows 7', os.arch: 'amd64', os.version: '6.1', java.version: '1.8.0_181'
Driver info: com.kms.katalon.core.webui.driver.ExistingRemoteWebDriver
Capabilities {javascriptEnabled: true, platform: ANY, platformName: ANY}
Session ID: 66da7635ded2d355388026ca8e7d8eff
	at org.openqa.selenium.remote.http.W3CHttpResponseCodec.createException(W3CHttpResponseCodec.java:187)
	at org.openqa.selenium.remote.http.W3CHttpResponseCodec.decode(W3CHttpResponseCodec.java:122)
	at org.openqa.selenium.remote.http.W3CHttpResponseCodec.decode(W3CHttpResponseCodec.java:49)
	at org.openqa.selenium.remote.HttpCommandExecutor.execute(HttpCommandExecutor.java:158)
	at org.openqa.selenium.remote.RemoteWebDriver.execute(RemoteWebDriver.java:552)
	at com.kms.katalon.core.webui.driver.ExistingRemoteWebDriver.execute(ExistingRemoteWebDriver.java:108)
	at org.openqa.selenium.remote.RemoteWebElement.execute(RemoteWebElement.java:285)
	at org.openqa.selenium.remote.RemoteWebElement.click(RemoteWebElement.java:84)
	at org.openqa.selenium.support.events.EventFiringWebDriver$EventFiringWebElement.lambda$new$0(EventFiringWebDriver.java:404)
	at com.sun.proxy.$Proxy9.click(Unknown Source)
	at org.openqa.selenium.support.events.EventFiringWebDriver$EventFiringWebElement.click(EventFiringWebDriver.java:417)
	at com.kms.katalon.core.webui.keyword.builtin.ClickKeyword$_click_closure1.doCall(ClickKeyword.groovy:69)
	at com.kms.katalon.core.webui.keyword.builtin.ClickKeyword$_click_closure1.call(ClickKeyword.groovy)
	at com.kms.katalon.core.webui.keyword.internal.WebUIKeywordMain.runKeyword(WebUIKeywordMain.groovy:20)
	... 19 more]]></system-err>
      </testcase>
      <testcase name="Test Cases/ADMIN/Content Mgmt/Categories/Category Add-Edit/Add Category" time="16.842" classname="Test Cases/ADMIN/Content Mgmt/Categories/Category Add-Edit/Add Category" status="PASSED">
         <system-out><![CDATA[2020-03-19 14:17:11 - [TEST_CASE][PASSED] - Test Cases/ADMIN/Content Mgmt/Categories/Category Add-Edit/Add Category: Test Cases/ADMIN/Content Mgmt/Categories/Category Add-Edit/Add Category

2020-03-19 14:17:11 - [TEST_STEP][PASSED] - waitForElementVisible(findTestObject("ADMIN/Categories/Category List/button_Content Mgmt"), 0): Object 'Object Repository/ADMIN/Categories/Category List/button_Content Mgmt' is visible

2020-03-19 14:17:11 - [MESSAGE][WARNING] - Timeout '0' is invalid. Using default page load timeout: '30'

2020-03-19 14:17:11 - [MESSAGE][PASSED] - Object 'Object Repository/ADMIN/Categories/Category List/button_Content Mgmt' is visible

2020-03-19 14:17:11 - [TEST_STEP][PASSED] - click(findTestObject("ADMIN/Categories/Category List/button_Content Mgmt")): Object: 'Object Repository/ADMIN/Categories/Category List/button_Content Mgmt' is clicked on

2020-03-19 14:17:12 - [MESSAGE][PASSED] - Object: 'Object Repository/ADMIN/Categories/Category List/button_Content Mgmt' is clicked on

2020-03-19 14:17:12 - [TEST_STEP][PASSED] - waitForElementVisible(findTestObject("ADMIN/Categories/Category List/button_Categories"), 0): Object 'Object Repository/ADMIN/Categories/Category List/button_Categories' is visible

2020-03-19 14:17:12 - [MESSAGE][WARNING] - Timeout '0' is invalid. Using default page load timeout: '30'

2020-03-19 14:17:12 - [MESSAGE][PASSED] - Object 'Object Repository/ADMIN/Categories/Category List/button_Categories' is visible

2020-03-19 14:17:12 - [TEST_STEP][PASSED] - click(findTestObject("ADMIN/Categories/Category List/button_Categories")): Object: 'Object Repository/ADMIN/Categories/Category List/button_Categories' is clicked on

2020-03-19 14:17:13 - [MESSAGE][PASSED] - Object: 'Object Repository/ADMIN/Categories/Category List/button_Categories' is clicked on

2020-03-19 14:17:13 - [TEST_STEP][PASSED] - waitForPageLoad(0, STOP_ON_FAILURE): Wait for page load successfully

2020-03-19 14:17:13 - [MESSAGE][WARNING] - Timeout '0' is invalid. Using default page load timeout: '30'

2020-03-19 14:17:13 - [MESSAGE][PASSED] - Wait for page load successfully

2020-03-19 14:17:13 - [TEST_STEP][PASSED] - click(findTestObject("ADMIN/Categories/Category List/button_Add a Category")): Object: 'Object Repository/ADMIN/Categories/Category List/button_Add a Category' is clicked on

2020-03-19 14:17:14 - [MESSAGE][PASSED] - Object: 'Object Repository/ADMIN/Categories/Category List/button_Add a Category' is clicked on

2020-03-19 14:17:14 - [TEST_STEP][PASSED] - waitForElementPresent(findTestObject("ADMIN/Categories/Category/dropdown_Parent"), 2): Object 'Object Repository/ADMIN/Categories/Category/dropdown_Parent' is present

2020-03-19 14:17:14 - [MESSAGE][PASSED] - Object 'Object Repository/ADMIN/Categories/Category/dropdown_Parent' is present

2020-03-19 14:17:14 - [TEST_STEP][PASSED] - delay(1): Delayed 1 second(s)

2020-03-19 14:17:15 - [MESSAGE][PASSED] - Delayed 1 second(s)

2020-03-19 14:17:15 - [TEST_STEP][PASSED] - setText(findTestObject("ADMIN/Categories/Category/textfield_Category Name"), CategoryNametext): Text 'Category 02' is set on object 'Object Repository/ADMIN/Categories/Category/textfield_Category Name'

2020-03-19 14:17:15 - [MESSAGE][PASSED] - Text 'Category 02' is set on object 'Object Repository/ADMIN/Categories/Category/textfield_Category Name'

2020-03-19 14:17:15 - [TEST_STEP][PASSED] - click(findTestObject("ADMIN/Categories/Category/dropdown_Parent")): Object: 'Object Repository/ADMIN/Categories/Category/dropdown_Parent' is clicked on

2020-03-19 14:17:15 - [MESSAGE][PASSED] - Object: 'Object Repository/ADMIN/Categories/Category/dropdown_Parent' is clicked on

2020-03-19 14:17:15 - [TEST_STEP][PASSED] - delay(2): Delayed 2 second(s)

2020-03-19 14:17:17 - [MESSAGE][PASSED] - Delayed 2 second(s)

2020-03-19 14:17:17 - [TEST_STEP][PASSED] - click(findTestObject("ADMIN/Categories/Category/dropdown_Parent")): Object: 'Object Repository/ADMIN/Categories/Category/dropdown_Parent' is clicked on

2020-03-19 14:17:18 - [MESSAGE][PASSED] - Object: 'Object Repository/ADMIN/Categories/Category/dropdown_Parent' is clicked on

2020-03-19 14:17:18 - [TEST_STEP][PASSED] - selectOptionByLabel(findTestObject("ADMIN/Categories/Category/dropdown_Parent"), ParentName, false): All options with label '-' are selected in object 'Object Repository/ADMIN/Categories/Category/dropdown_Parent' 

2020-03-19 14:17:18 - [MESSAGE][PASSED] - All options with label '-' are selected in object 'Object Repository/ADMIN/Categories/Category/dropdown_Parent' 

2020-03-19 14:17:18 - [TEST_STEP][PASSED] - click(findTestObject("ADMIN/Categories/Category/button_Browse")): Object: 'Object Repository/ADMIN/Categories/Category/button_Browse' is clicked on

2020-03-19 14:17:18 - [MESSAGE][PASSED] - Object: 'Object Repository/ADMIN/Categories/Category/button_Browse' is clicked on

2020-03-19 14:17:18 - [TEST_STEP][PASSED] - delay(2): Delayed 2 second(s)

2020-03-19 14:17:20 - [MESSAGE][PASSED] - Delayed 2 second(s)

2020-03-19 14:17:20 - [TEST_STEP][PASSED] - uploadFile(findTestObject("ADMIN/Categories/Category/image_input image"), CategoryImageUpload): File 'C:\\Katalon\\Arctick\\Images\\Category\\2.png' sent to object: 'Object Repository/ADMIN/Categories/Category/image_input image'

2020-03-19 14:17:20 - [MESSAGE][PASSED] - File 'C:\\Katalon\\Arctick\\Images\\Category\\2.png' sent to object: 'Object Repository/ADMIN/Categories/Category/image_input image'

2020-03-19 14:17:20 - [TEST_STEP][PASSED] - waitForElementVisible(findTestObject("ADMIN/Categories/Category/button_upload check"), 0): Object 'Object Repository/ADMIN/Categories/Category/button_upload check' is visible

2020-03-19 14:17:20 - [MESSAGE][WARNING] - Timeout '0' is invalid. Using default page load timeout: '30'

2020-03-19 14:17:20 - [MESSAGE][PASSED] - Object 'Object Repository/ADMIN/Categories/Category/button_upload check' is visible

2020-03-19 14:17:20 - [TEST_STEP][PASSED] - click(findTestObject("ADMIN/Categories/Category/button_upload check")): Object: 'Object Repository/ADMIN/Categories/Category/button_upload check' is clicked on

2020-03-19 14:17:20 - [MESSAGE][PASSED] - Object: 'Object Repository/ADMIN/Categories/Category/button_upload check' is clicked on

2020-03-19 14:17:20 - [TEST_STEP][PASSED] - waitForElementVisible(findTestObject("ADMIN/Categories/Category/button_upload save"), 0): Object 'Object Repository/ADMIN/Categories/Category/button_upload save' is visible

2020-03-19 14:17:20 - [MESSAGE][WARNING] - Timeout '0' is invalid. Using default page load timeout: '30'

2020-03-19 14:17:20 - [MESSAGE][PASSED] - Object 'Object Repository/ADMIN/Categories/Category/button_upload save' is visible

2020-03-19 14:17:20 - [TEST_STEP][PASSED] - click(findTestObject("ADMIN/Categories/Category/button_upload save")): Object: 'Object Repository/ADMIN/Categories/Category/button_upload save' is clicked on

2020-03-19 14:17:21 - [MESSAGE][PASSED] - Object: 'Object Repository/ADMIN/Categories/Category/button_upload save' is clicked on

2020-03-19 14:17:21 - [TEST_STEP][PASSED] - setText(findTestObject("ADMIN/Categories/Category/textfield_category_description"), Description): Text 'Description2' is set on object 'Object Repository/ADMIN/Categories/Category/textfield_category_description'

2020-03-19 14:17:21 - [MESSAGE][PASSED] - Text 'Description2' is set on object 'Object Repository/ADMIN/Categories/Category/textfield_category_description'

2020-03-19 14:17:21 - [TEST_STEP][PASSED] - click(findTestObject("ADMIN/Categories/Category/button_Save")): Object: 'Object Repository/ADMIN/Categories/Category/button_Save' is clicked on

2020-03-19 14:17:21 - [MESSAGE][PASSED] - Object: 'Object Repository/ADMIN/Categories/Category/button_Save' is clicked on

2020-03-19 14:17:21 - [TEST_STEP][PASSED] - waitForElementVisible(findTestObject("ADMIN/Categories/Category/label_edit popup"), 0): Object 'Object Repository/ADMIN/Categories/Category/label_edit popup' is visible

2020-03-19 14:17:21 - [MESSAGE][WARNING] - Timeout '0' is invalid. Using default page load timeout: '30'

2020-03-19 14:17:22 - [MESSAGE][PASSED] - Object 'Object Repository/ADMIN/Categories/Category/label_edit popup' is visible

2020-03-19 14:17:22 - [TEST_STEP][PASSED] - waitForElementNotPresent(findTestObject("ADMIN/Categories/Category/label_edit popup"), 0): Web element with id: 'Object Repository/ADMIN/Categories/Category/label_edit popup' located by 'By.xpath: //div[(text() = 'Category was successfully saved.' or . = 'Category was successfully saved.')]' is not present after '30' second(s)

2020-03-19 14:17:22 - [MESSAGE][WARNING] - Timeout '0' is invalid. Using default page load timeout: '30'

2020-03-19 14:17:28 - [MESSAGE][PASSED] - Web element with id: 'Object Repository/ADMIN/Categories/Category/label_edit popup' located by 'By.xpath: //div[(text() = 'Category was successfully saved.' or . = 'Category was successfully saved.')]' is not present after '30' second(s)]]></system-out>
         <system-err><![CDATA[]]></system-err>
      </testcase>
      <testcase name="Test Cases/ADMIN/Content Mgmt/Categories/Category Add-Edit/Add Category" time="15.957" classname="Test Cases/ADMIN/Content Mgmt/Categories/Category Add-Edit/Add Category" status="PASSED">
         <system-out><![CDATA[2020-03-19 14:17:28 - [TEST_CASE][PASSED] - Test Cases/ADMIN/Content Mgmt/Categories/Category Add-Edit/Add Category: Test Cases/ADMIN/Content Mgmt/Categories/Category Add-Edit/Add Category

2020-03-19 14:17:28 - [TEST_STEP][PASSED] - waitForElementVisible(findTestObject("ADMIN/Categories/Category List/button_Content Mgmt"), 0): Object 'Object Repository/ADMIN/Categories/Category List/button_Content Mgmt' is visible

2020-03-19 14:17:28 - [MESSAGE][WARNING] - Timeout '0' is invalid. Using default page load timeout: '30'

2020-03-19 14:17:28 - [MESSAGE][PASSED] - Object 'Object Repository/ADMIN/Categories/Category List/button_Content Mgmt' is visible

2020-03-19 14:17:28 - [TEST_STEP][PASSED] - click(findTestObject("ADMIN/Categories/Category List/button_Content Mgmt")): Object: 'Object Repository/ADMIN/Categories/Category List/button_Content Mgmt' is clicked on

2020-03-19 14:17:28 - [MESSAGE][PASSED] - Object: 'Object Repository/ADMIN/Categories/Category List/button_Content Mgmt' is clicked on

2020-03-19 14:17:28 - [TEST_STEP][PASSED] - waitForElementVisible(findTestObject("ADMIN/Categories/Category List/button_Categories"), 0): Object 'Object Repository/ADMIN/Categories/Category List/button_Categories' is visible

2020-03-19 14:17:28 - [MESSAGE][WARNING] - Timeout '0' is invalid. Using default page load timeout: '30'

2020-03-19 14:17:29 - [MESSAGE][PASSED] - Object 'Object Repository/ADMIN/Categories/Category List/button_Categories' is visible

2020-03-19 14:17:29 - [TEST_STEP][PASSED] - click(findTestObject("ADMIN/Categories/Category List/button_Categories")): Object: 'Object Repository/ADMIN/Categories/Category List/button_Categories' is clicked on

2020-03-19 14:17:29 - [MESSAGE][PASSED] - Object: 'Object Repository/ADMIN/Categories/Category List/button_Categories' is clicked on

2020-03-19 14:17:29 - [TEST_STEP][PASSED] - waitForPageLoad(0, STOP_ON_FAILURE): Wait for page load successfully

2020-03-19 14:17:29 - [MESSAGE][WARNING] - Timeout '0' is invalid. Using default page load timeout: '30'

2020-03-19 14:17:30 - [MESSAGE][PASSED] - Wait for page load successfully

2020-03-19 14:17:30 - [TEST_STEP][PASSED] - click(findTestObject("ADMIN/Categories/Category List/button_Add a Category")): Object: 'Object Repository/ADMIN/Categories/Category List/button_Add a Category' is clicked on

2020-03-19 14:17:30 - [MESSAGE][PASSED] - Object: 'Object Repository/ADMIN/Categories/Category List/button_Add a Category' is clicked on

2020-03-19 14:17:30 - [TEST_STEP][PASSED] - waitForElementPresent(findTestObject("ADMIN/Categories/Category/dropdown_Parent"), 2): Object 'Object Repository/ADMIN/Categories/Category/dropdown_Parent' is present

2020-03-19 14:17:30 - [MESSAGE][PASSED] - Object 'Object Repository/ADMIN/Categories/Category/dropdown_Parent' is present

2020-03-19 14:17:30 - [TEST_STEP][PASSED] - delay(1): Delayed 1 second(s)

2020-03-19 14:17:31 - [MESSAGE][PASSED] - Delayed 1 second(s)

2020-03-19 14:17:31 - [TEST_STEP][PASSED] - setText(findTestObject("ADMIN/Categories/Category/textfield_Category Name"), CategoryNametext): Text 'Category 2.1' is set on object 'Object Repository/ADMIN/Categories/Category/textfield_Category Name'

2020-03-19 14:17:31 - [MESSAGE][PASSED] - Text 'Category 2.1' is set on object 'Object Repository/ADMIN/Categories/Category/textfield_Category Name'

2020-03-19 14:17:31 - [TEST_STEP][PASSED] - click(findTestObject("ADMIN/Categories/Category/dropdown_Parent")): Object: 'Object Repository/ADMIN/Categories/Category/dropdown_Parent' is clicked on

2020-03-19 14:17:31 - [MESSAGE][PASSED] - Object: 'Object Repository/ADMIN/Categories/Category/dropdown_Parent' is clicked on

2020-03-19 14:17:31 - [TEST_STEP][PASSED] - delay(2): Delayed 2 second(s)

2020-03-19 14:17:33 - [MESSAGE][PASSED] - Delayed 2 second(s)

2020-03-19 14:17:33 - [TEST_STEP][PASSED] - click(findTestObject("ADMIN/Categories/Category/dropdown_Parent")): Object: 'Object Repository/ADMIN/Categories/Category/dropdown_Parent' is clicked on

2020-03-19 14:17:34 - [MESSAGE][PASSED] - Object: 'Object Repository/ADMIN/Categories/Category/dropdown_Parent' is clicked on

2020-03-19 14:17:34 - [TEST_STEP][PASSED] - selectOptionByLabel(findTestObject("ADMIN/Categories/Category/dropdown_Parent"), ParentName, false): All options with label 'Category 02' are selected in object 'Object Repository/ADMIN/Categories/Category/dropdown_Parent' 

2020-03-19 14:17:34 - [MESSAGE][PASSED] - All options with label 'Category 02' are selected in object 'Object Repository/ADMIN/Categories/Category/dropdown_Parent' 

2020-03-19 14:17:34 - [TEST_STEP][PASSED] - click(findTestObject("ADMIN/Categories/Category/button_Browse")): Object: 'Object Repository/ADMIN/Categories/Category/button_Browse' is clicked on

2020-03-19 14:17:34 - [MESSAGE][PASSED] - Object: 'Object Repository/ADMIN/Categories/Category/button_Browse' is clicked on

2020-03-19 14:17:34 - [TEST_STEP][PASSED] - delay(2): Delayed 2 second(s)

2020-03-19 14:17:36 - [MESSAGE][PASSED] - Delayed 2 second(s)

2020-03-19 14:17:36 - [TEST_STEP][PASSED] - uploadFile(findTestObject("ADMIN/Categories/Category/image_input image"), CategoryImageUpload): File 'C:\\Katalon\\Arctick\\Images\\Category\\2.png' sent to object: 'Object Repository/ADMIN/Categories/Category/image_input image'

2020-03-19 14:17:36 - [MESSAGE][PASSED] - File 'C:\\Katalon\\Arctick\\Images\\Category\\2.png' sent to object: 'Object Repository/ADMIN/Categories/Category/image_input image'

2020-03-19 14:17:36 - [TEST_STEP][PASSED] - waitForElementVisible(findTestObject("ADMIN/Categories/Category/button_upload check"), 0): Object 'Object Repository/ADMIN/Categories/Category/button_upload check' is visible

2020-03-19 14:17:36 - [MESSAGE][WARNING] - Timeout '0' is invalid. Using default page load timeout: '30'

2020-03-19 14:17:36 - [MESSAGE][PASSED] - Object 'Object Repository/ADMIN/Categories/Category/button_upload check' is visible

2020-03-19 14:17:36 - [TEST_STEP][PASSED] - click(findTestObject("ADMIN/Categories/Category/button_upload check")): Object: 'Object Repository/ADMIN/Categories/Category/button_upload check' is clicked on

2020-03-19 14:17:36 - [MESSAGE][PASSED] - Object: 'Object Repository/ADMIN/Categories/Category/button_upload check' is clicked on

2020-03-19 14:17:36 - [TEST_STEP][PASSED] - waitForElementVisible(findTestObject("ADMIN/Categories/Category/button_upload save"), 0): Object 'Object Repository/ADMIN/Categories/Category/button_upload save' is visible

2020-03-19 14:17:36 - [MESSAGE][WARNING] - Timeout '0' is invalid. Using default page load timeout: '30'

2020-03-19 14:17:36 - [MESSAGE][PASSED] - Object 'Object Repository/ADMIN/Categories/Category/button_upload save' is visible

2020-03-19 14:17:36 - [TEST_STEP][PASSED] - click(findTestObject("ADMIN/Categories/Category/button_upload save")): Object: 'Object Repository/ADMIN/Categories/Category/button_upload save' is clicked on

2020-03-19 14:17:37 - [MESSAGE][PASSED] - Object: 'Object Repository/ADMIN/Categories/Category/button_upload save' is clicked on

2020-03-19 14:17:37 - [TEST_STEP][PASSED] - setText(findTestObject("ADMIN/Categories/Category/textfield_category_description"), Description): Text 'Description3' is set on object 'Object Repository/ADMIN/Categories/Category/textfield_category_description'

2020-03-19 14:17:37 - [MESSAGE][PASSED] - Text 'Description3' is set on object 'Object Repository/ADMIN/Categories/Category/textfield_category_description'

2020-03-19 14:17:37 - [TEST_STEP][PASSED] - click(findTestObject("ADMIN/Categories/Category/button_Save")): Object: 'Object Repository/ADMIN/Categories/Category/button_Save' is clicked on

2020-03-19 14:17:37 - [MESSAGE][PASSED] - Object: 'Object Repository/ADMIN/Categories/Category/button_Save' is clicked on

2020-03-19 14:17:37 - [TEST_STEP][PASSED] - waitForElementVisible(findTestObject("ADMIN/Categories/Category/label_edit popup"), 0): Object 'Object Repository/ADMIN/Categories/Category/label_edit popup' is visible

2020-03-19 14:17:37 - [MESSAGE][WARNING] - Timeout '0' is invalid. Using default page load timeout: '30'

2020-03-19 14:17:38 - [MESSAGE][PASSED] - Object 'Object Repository/ADMIN/Categories/Category/label_edit popup' is visible

2020-03-19 14:17:38 - [TEST_STEP][PASSED] - waitForElementNotPresent(findTestObject("ADMIN/Categories/Category/label_edit popup"), 0): Web element with id: 'Object Repository/ADMIN/Categories/Category/label_edit popup' located by 'By.xpath: //div[(text() = 'Category was successfully saved.' or . = 'Category was successfully saved.')]' is not present after '30' second(s)

2020-03-19 14:17:38 - [MESSAGE][WARNING] - Timeout '0' is invalid. Using default page load timeout: '30'

2020-03-19 14:17:44 - [MESSAGE][PASSED] - Web element with id: 'Object Repository/ADMIN/Categories/Category/label_edit popup' located by 'By.xpath: //div[(text() = 'Category was successfully saved.' or . = 'Category was successfully saved.')]' is not present after '30' second(s)]]></system-out>
         <system-err><![CDATA[]]></system-err>
      </testcase>
      <testcase name="Test Cases/ADMIN/Content Mgmt/Categories/Category Add-Edit/Add Category" time="16.915" classname="Test Cases/ADMIN/Content Mgmt/Categories/Category Add-Edit/Add Category" status="PASSED">
         <system-out><![CDATA[2020-03-19 14:17:44 - [TEST_CASE][PASSED] - Test Cases/ADMIN/Content Mgmt/Categories/Category Add-Edit/Add Category: Test Cases/ADMIN/Content Mgmt/Categories/Category Add-Edit/Add Category

2020-03-19 14:17:44 - [TEST_STEP][PASSED] - waitForElementVisible(findTestObject("ADMIN/Categories/Category List/button_Content Mgmt"), 0): Object 'Object Repository/ADMIN/Categories/Category List/button_Content Mgmt' is visible

2020-03-19 14:17:44 - [MESSAGE][WARNING] - Timeout '0' is invalid. Using default page load timeout: '30'

2020-03-19 14:17:44 - [MESSAGE][PASSED] - Object 'Object Repository/ADMIN/Categories/Category List/button_Content Mgmt' is visible

2020-03-19 14:17:44 - [TEST_STEP][PASSED] - click(findTestObject("ADMIN/Categories/Category List/button_Content Mgmt")): Object: 'Object Repository/ADMIN/Categories/Category List/button_Content Mgmt' is clicked on

2020-03-19 14:17:44 - [MESSAGE][PASSED] - Object: 'Object Repository/ADMIN/Categories/Category List/button_Content Mgmt' is clicked on

2020-03-19 14:17:44 - [TEST_STEP][PASSED] - waitForElementVisible(findTestObject("ADMIN/Categories/Category List/button_Categories"), 0): Object 'Object Repository/ADMIN/Categories/Category List/button_Categories' is visible

2020-03-19 14:17:45 - [MESSAGE][WARNING] - Timeout '0' is invalid. Using default page load timeout: '30'

2020-03-19 14:17:46 - [MESSAGE][PASSED] - Object 'Object Repository/ADMIN/Categories/Category List/button_Categories' is visible

2020-03-19 14:17:46 - [TEST_STEP][PASSED] - click(findTestObject("ADMIN/Categories/Category List/button_Categories")): Object: 'Object Repository/ADMIN/Categories/Category List/button_Categories' is clicked on

2020-03-19 14:17:46 - [MESSAGE][PASSED] - Object: 'Object Repository/ADMIN/Categories/Category List/button_Categories' is clicked on

2020-03-19 14:17:46 - [TEST_STEP][PASSED] - waitForPageLoad(0, STOP_ON_FAILURE): Wait for page load successfully

2020-03-19 14:17:46 - [MESSAGE][WARNING] - Timeout '0' is invalid. Using default page load timeout: '30'

2020-03-19 14:17:47 - [MESSAGE][PASSED] - Wait for page load successfully

2020-03-19 14:17:47 - [TEST_STEP][PASSED] - click(findTestObject("ADMIN/Categories/Category List/button_Add a Category")): Object: 'Object Repository/ADMIN/Categories/Category List/button_Add a Category' is clicked on

2020-03-19 14:17:47 - [MESSAGE][PASSED] - Object: 'Object Repository/ADMIN/Categories/Category List/button_Add a Category' is clicked on

2020-03-19 14:17:47 - [TEST_STEP][PASSED] - waitForElementPresent(findTestObject("ADMIN/Categories/Category/dropdown_Parent"), 2): Object 'Object Repository/ADMIN/Categories/Category/dropdown_Parent' is present

2020-03-19 14:17:47 - [MESSAGE][PASSED] - Object 'Object Repository/ADMIN/Categories/Category/dropdown_Parent' is present

2020-03-19 14:17:47 - [TEST_STEP][PASSED] - delay(1): Delayed 1 second(s)

2020-03-19 14:17:48 - [MESSAGE][PASSED] - Delayed 1 second(s)

2020-03-19 14:17:48 - [TEST_STEP][PASSED] - setText(findTestObject("ADMIN/Categories/Category/textfield_Category Name"), CategoryNametext): Text 'Category 2.2' is set on object 'Object Repository/ADMIN/Categories/Category/textfield_Category Name'

2020-03-19 14:17:48 - [MESSAGE][PASSED] - Text 'Category 2.2' is set on object 'Object Repository/ADMIN/Categories/Category/textfield_Category Name'

2020-03-19 14:17:48 - [TEST_STEP][PASSED] - click(findTestObject("ADMIN/Categories/Category/dropdown_Parent")): Object: 'Object Repository/ADMIN/Categories/Category/dropdown_Parent' is clicked on

2020-03-19 14:17:48 - [MESSAGE][PASSED] - Object: 'Object Repository/ADMIN/Categories/Category/dropdown_Parent' is clicked on

2020-03-19 14:17:48 - [TEST_STEP][PASSED] - delay(2): Delayed 2 second(s)

2020-03-19 14:17:50 - [MESSAGE][PASSED] - Delayed 2 second(s)

2020-03-19 14:17:50 - [TEST_STEP][PASSED] - click(findTestObject("ADMIN/Categories/Category/dropdown_Parent")): Object: 'Object Repository/ADMIN/Categories/Category/dropdown_Parent' is clicked on

2020-03-19 14:17:51 - [MESSAGE][PASSED] - Object: 'Object Repository/ADMIN/Categories/Category/dropdown_Parent' is clicked on

2020-03-19 14:17:51 - [TEST_STEP][PASSED] - selectOptionByLabel(findTestObject("ADMIN/Categories/Category/dropdown_Parent"), ParentName, false): All options with label 'Category 02' are selected in object 'Object Repository/ADMIN/Categories/Category/dropdown_Parent' 

2020-03-19 14:17:51 - [MESSAGE][PASSED] - All options with label 'Category 02' are selected in object 'Object Repository/ADMIN/Categories/Category/dropdown_Parent' 

2020-03-19 14:17:51 - [TEST_STEP][PASSED] - click(findTestObject("ADMIN/Categories/Category/button_Browse")): Object: 'Object Repository/ADMIN/Categories/Category/button_Browse' is clicked on

2020-03-19 14:17:51 - [MESSAGE][PASSED] - Object: 'Object Repository/ADMIN/Categories/Category/button_Browse' is clicked on

2020-03-19 14:17:51 - [TEST_STEP][PASSED] - delay(2): Delayed 2 second(s)

2020-03-19 14:17:53 - [MESSAGE][PASSED] - Delayed 2 second(s)

2020-03-19 14:17:53 - [TEST_STEP][PASSED] - uploadFile(findTestObject("ADMIN/Categories/Category/image_input image"), CategoryImageUpload): File 'C:\\Katalon\\Arctick\\Images\\Category\\2.png' sent to object: 'Object Repository/ADMIN/Categories/Category/image_input image'

2020-03-19 14:17:53 - [MESSAGE][PASSED] - File 'C:\\Katalon\\Arctick\\Images\\Category\\2.png' sent to object: 'Object Repository/ADMIN/Categories/Category/image_input image'

2020-03-19 14:17:53 - [TEST_STEP][PASSED] - waitForElementVisible(findTestObject("ADMIN/Categories/Category/button_upload check"), 0): Object 'Object Repository/ADMIN/Categories/Category/button_upload check' is visible

2020-03-19 14:17:53 - [MESSAGE][WARNING] - Timeout '0' is invalid. Using default page load timeout: '30'

2020-03-19 14:17:53 - [MESSAGE][PASSED] - Object 'Object Repository/ADMIN/Categories/Category/button_upload check' is visible

2020-03-19 14:17:53 - [TEST_STEP][PASSED] - click(findTestObject("ADMIN/Categories/Category/button_upload check")): Object: 'Object Repository/ADMIN/Categories/Category/button_upload check' is clicked on

2020-03-19 14:17:53 - [MESSAGE][PASSED] - Object: 'Object Repository/ADMIN/Categories/Category/button_upload check' is clicked on

2020-03-19 14:17:53 - [TEST_STEP][PASSED] - waitForElementVisible(findTestObject("ADMIN/Categories/Category/button_upload save"), 0): Object 'Object Repository/ADMIN/Categories/Category/button_upload save' is visible

2020-03-19 14:17:53 - [MESSAGE][WARNING] - Timeout '0' is invalid. Using default page load timeout: '30'

2020-03-19 14:17:53 - [MESSAGE][PASSED] - Object 'Object Repository/ADMIN/Categories/Category/button_upload save' is visible

2020-03-19 14:17:53 - [TEST_STEP][PASSED] - click(findTestObject("ADMIN/Categories/Category/button_upload save")): Object: 'Object Repository/ADMIN/Categories/Category/button_upload save' is clicked on

2020-03-19 14:17:54 - [MESSAGE][PASSED] - Object: 'Object Repository/ADMIN/Categories/Category/button_upload save' is clicked on

2020-03-19 14:17:54 - [TEST_STEP][PASSED] - setText(findTestObject("ADMIN/Categories/Category/textfield_category_description"), Description): Text 'Description4' is set on object 'Object Repository/ADMIN/Categories/Category/textfield_category_description'

2020-03-19 14:17:54 - [MESSAGE][PASSED] - Text 'Description4' is set on object 'Object Repository/ADMIN/Categories/Category/textfield_category_description'

2020-03-19 14:17:54 - [TEST_STEP][PASSED] - click(findTestObject("ADMIN/Categories/Category/button_Save")): Object: 'Object Repository/ADMIN/Categories/Category/button_Save' is clicked on

2020-03-19 14:17:54 - [MESSAGE][PASSED] - Object: 'Object Repository/ADMIN/Categories/Category/button_Save' is clicked on

2020-03-19 14:17:54 - [TEST_STEP][PASSED] - waitForElementVisible(findTestObject("ADMIN/Categories/Category/label_edit popup"), 0): Object 'Object Repository/ADMIN/Categories/Category/label_edit popup' is visible

2020-03-19 14:17:54 - [MESSAGE][WARNING] - Timeout '0' is invalid. Using default page load timeout: '30'

2020-03-19 14:17:55 - [MESSAGE][PASSED] - Object 'Object Repository/ADMIN/Categories/Category/label_edit popup' is visible

2020-03-19 14:17:55 - [TEST_STEP][PASSED] - waitForElementNotPresent(findTestObject("ADMIN/Categories/Category/label_edit popup"), 0): Web element with id: 'Object Repository/ADMIN/Categories/Category/label_edit popup' located by 'By.xpath: //div[(text() = 'Category was successfully saved.' or . = 'Category was successfully saved.')]' is not present after '30' second(s)

2020-03-19 14:17:55 - [MESSAGE][WARNING] - Timeout '0' is invalid. Using default page load timeout: '30'

2020-03-19 14:18:01 - [MESSAGE][PASSED] - Web element with id: 'Object Repository/ADMIN/Categories/Category/label_edit popup' located by 'By.xpath: //div[(text() = 'Category was successfully saved.' or . = 'Category was successfully saved.')]' is not present after '30' second(s)]]></system-out>
         <system-err><![CDATA[]]></system-err>
      </testcase>
      <testcase name="Test Cases/ADMIN/Content Mgmt/Categories/Category Add-Edit/Add Category" time="14.985" classname="Test Cases/ADMIN/Content Mgmt/Categories/Category Add-Edit/Add Category" status="FAILED">
         <failure type="FAILED" message="Test Cases/ADMIN/Content Mgmt/Categories/Category Add-Edit/Add Category FAILED.
Reason:
com.kms.katalon.core.exception.StepFailedException: Unable to click on object 'Object Repository/ADMIN/Categories/Category List/button_Categories' (Root cause: com.kms.katalon.core.exception.StepFailedException: Unable to click on object 'Object Repository/ADMIN/Categories/Category List/button_Categories'
	at com.kms.katalon.core.webui.keyword.internal.WebUIKeywordMain.stepFailed(WebUIKeywordMain.groovy:64)
	at com.kms.katalon.core.webui.keyword.internal.WebUIKeywordMain.runKeyword(WebUIKeywordMain.groovy:26)
	at com.kms.katalon.core.webui.keyword.builtin.ClickKeyword.click(ClickKeyword.groovy:76)
	at com.kms.katalon.core.webui.keyword.builtin.ClickKeyword.execute(ClickKeyword.groovy:43)
	at com.kms.katalon.core.keyword.internal.KeywordExecutor.executeKeywordForPlatform(KeywordExecutor.groovy:72)
	at com.kms.katalon.core.webui.keyword.WebUiBuiltInKeywords.click(WebUiBuiltInKeywords.groovy:616)
	at com.kms.katalon.core.webui.keyword.WebUiBuiltInKeywords$click$0.call(Unknown Source)
	at Add Category.run(Add Category:28)
	at com.kms.katalon.core.main.ScriptEngine.run(ScriptEngine.java:194)
	at com.kms.katalon.core.main.ScriptEngine.runScriptAsRawText(ScriptEngine.java:119)
	at com.kms.katalon.core.main.TestCaseExecutor.runScript(TestCaseExecutor.java:337)
	at com.kms.katalon.core.main.TestCaseExecutor.doExecute(TestCaseExecutor.java:328)
	at com.kms.katalon.core.main.TestCaseExecutor.processExecutionPhase(TestCaseExecutor.java:307)
	at com.kms.katalon.core.main.TestCaseExecutor.accessMainPhase(TestCaseExecutor.java:299)
	at com.kms.katalon.core.main.TestCaseExecutor.execute(TestCaseExecutor.java:233)
	at com.kms.katalon.core.main.TestSuiteExecutor.accessTestCaseMainPhase(TestSuiteExecutor.java:169)
	at com.kms.katalon.core.main.TestSuiteExecutor.accessTestSuiteMainPhase(TestSuiteExecutor.java:142)
	at com.kms.katalon.core.main.TestSuiteExecutor.execute(TestSuiteExecutor.java:91)
	at com.kms.katalon.core.main.TestCaseMain.startTestSuite(TestCaseMain.java:157)
	at com.kms.katalon.core.main.TestCaseMain$startTestSuite$0.call(Unknown Source)
	at TempTestSuite1584598607274.run(TempTestSuite1584598607274.groovy:36)
Caused by: org.openqa.selenium.ElementNotInteractableException: element not interactable
  (Session info: chrome=80.0.3987.132)
Build info: version: '3.141.59', revision: 'e82be7d358', time: '2018-11-14T08:25:53'
System info: host: 'ARCADIER-03', ip: '192.168.254.105', os.name: 'Windows 7', os.arch: 'amd64', os.version: '6.1', java.version: '1.8.0_181'
Driver info: com.kms.katalon.core.webui.driver.ExistingRemoteWebDriver
Capabilities {javascriptEnabled: true, platform: ANY, platformName: ANY}
Session ID: 66da7635ded2d355388026ca8e7d8eff
	at org.openqa.selenium.remote.http.W3CHttpResponseCodec.createException(W3CHttpResponseCodec.java:187)
	at org.openqa.selenium.remote.http.W3CHttpResponseCodec.decode(W3CHttpResponseCodec.java:122)
	at org.openqa.selenium.remote.http.W3CHttpResponseCodec.decode(W3CHttpResponseCodec.java:49)
	at org.openqa.selenium.remote.HttpCommandExecutor.execute(HttpCommandExecutor.java:158)
	at org.openqa.selenium.remote.RemoteWebDriver.execute(RemoteWebDriver.java:552)
	at com.kms.katalon.core.webui.driver.ExistingRemoteWebDriver.execute(ExistingRemoteWebDriver.java:108)
	at org.openqa.selenium.remote.RemoteWebElement.execute(RemoteWebElement.java:285)
	at org.openqa.selenium.remote.RemoteWebElement.click(RemoteWebElement.java:84)
	at org.openqa.selenium.support.events.EventFiringWebDriver$EventFiringWebElement.lambda$new$0(EventFiringWebDriver.java:404)
	at com.sun.proxy.$Proxy9.click(Unknown Source)
	at org.openqa.selenium.support.events.EventFiringWebDriver$EventFiringWebElement.click(EventFiringWebDriver.java:417)
	at com.kms.katalon.core.webui.keyword.builtin.ClickKeyword$_click_closure1.doCall(ClickKeyword.groovy:69)
	at com.kms.katalon.core.webui.keyword.builtin.ClickKeyword$_click_closure1.call(ClickKeyword.groovy)
	at com.kms.katalon.core.webui.keyword.internal.WebUIKeywordMain.runKeyword(WebUIKeywordMain.groovy:20)
	at com.kms.katalon.core.webui.keyword.builtin.ClickKeyword.click(ClickKeyword.groovy:76)
	at com.kms.katalon.core.webui.keyword.builtin.ClickKeyword.execute(ClickKeyword.groovy:43)
	at com.kms.katalon.core.keyword.internal.KeywordExecutor.executeKeywordForPlatform(KeywordExecutor.groovy:72)
	at com.kms.katalon.core.webui.keyword.WebUiBuiltInKeywords.click(WebUiBuiltInKeywords.groovy:616)
	at com.kms.katalon.core.webui.keyword.WebUiBuiltInKeywords$click$0.call(Unknown Source)
	at Script1549506362832.run(Script1549506362832.groovy:28)
	... 13 more
)
	at com.kms.katalon.core.keyword.internal.KeywordMain.stepFailed(KeywordMain.groovy:39)
	at com.kms.katalon.core.webui.keyword.internal.WebUIKeywordMain.stepFailed(WebUIKeywordMain.groovy:64)
	at com.kms.katalon.core.webui.keyword.internal.WebUIKeywordMain.runKeyword(WebUIKeywordMain.groovy:26)
	at com.kms.katalon.core.webui.keyword.builtin.ClickKeyword.click(ClickKeyword.groovy:76)
	at com.kms.katalon.core.webui.keyword.builtin.ClickKeyword.execute(ClickKeyword.groovy:43)
	at com.kms.katalon.core.keyword.internal.KeywordExecutor.executeKeywordForPlatform(KeywordExecutor.groovy:72)
	at com.kms.katalon.core.webui.keyword.WebUiBuiltInKeywords.click(WebUiBuiltInKeywords.groovy:616)
	at com.kms.katalon.core.webui.keyword.WebUiBuiltInKeywords$click$0.call(Unknown Source)
	at Add Category.run(Add Category:28)
	at com.kms.katalon.core.main.ScriptEngine.run(ScriptEngine.java:194)
	at com.kms.katalon.core.main.ScriptEngine.runScriptAsRawText(ScriptEngine.java:119)
	at com.kms.katalon.core.main.TestCaseExecutor.runScript(TestCaseExecutor.java:337)
	at com.kms.katalon.core.main.TestCaseExecutor.doExecute(TestCaseExecutor.java:328)
	at com.kms.katalon.core.main.TestCaseExecutor.processExecutionPhase(TestCaseExecutor.java:307)
	at com.kms.katalon.core.main.TestCaseExecutor.accessMainPhase(TestCaseExecutor.java:299)
	at com.kms.katalon.core.main.TestCaseExecutor.execute(TestCaseExecutor.java:233)
	at com.kms.katalon.core.main.TestSuiteExecutor.accessTestCaseMainPhase(TestSuiteExecutor.java:169)
	at com.kms.katalon.core.main.TestSuiteExecutor.accessTestSuiteMainPhase(TestSuiteExecutor.java:142)
	at com.kms.katalon.core.main.TestSuiteExecutor.execute(TestSuiteExecutor.java:91)
	at com.kms.katalon.core.main.TestCaseMain.startTestSuite(TestCaseMain.java:157)
	at com.kms.katalon.core.main.TestCaseMain$startTestSuite$0.call(Unknown Source)
	at TempTestSuite1584598607274.run(TempTestSuite1584598607274.groovy:36)
Caused by: com.kms.katalon.core.exception.StepFailedException: Unable to click on object 'Object Repository/ADMIN/Categories/Category List/button_Categories'
	... 21 more
Caused by: org.openqa.selenium.ElementNotInteractableException: element not interactable
  (Session info: chrome=80.0.3987.132)
Build info: version: '3.141.59', revision: 'e82be7d358', time: '2018-11-14T08:25:53'
System info: host: 'ARCADIER-03', ip: '192.168.254.105', os.name: 'Windows 7', os.arch: 'amd64', os.version: '6.1', java.version: '1.8.0_181'
Driver info: com.kms.katalon.core.webui.driver.ExistingRemoteWebDriver
Capabilities {javascriptEnabled: true, platform: ANY, platformName: ANY}
Session ID: 66da7635ded2d355388026ca8e7d8eff
	at org.openqa.selenium.remote.http.W3CHttpResponseCodec.createException(W3CHttpResponseCodec.java:187)
	at org.openqa.selenium.remote.http.W3CHttpResponseCodec.decode(W3CHttpResponseCodec.java:122)
	at org.openqa.selenium.remote.http.W3CHttpResponseCodec.decode(W3CHttpResponseCodec.java:49)
	at org.openqa.selenium.remote.HttpCommandExecutor.execute(HttpCommandExecutor.java:158)
	at org.openqa.selenium.remote.RemoteWebDriver.execute(RemoteWebDriver.java:552)
	at com.kms.katalon.core.webui.driver.ExistingRemoteWebDriver.execute(ExistingRemoteWebDriver.java:108)
	at org.openqa.selenium.remote.RemoteWebElement.execute(RemoteWebElement.java:285)
	at org.openqa.selenium.remote.RemoteWebElement.click(RemoteWebElement.java:84)
	at org.openqa.selenium.support.events.EventFiringWebDriver$EventFiringWebElement.lambda$new$0(EventFiringWebDriver.java:404)
	at com.sun.proxy.$Proxy9.click(Unknown Source)
	at org.openqa.selenium.support.events.EventFiringWebDriver$EventFiringWebElement.click(EventFiringWebDriver.java:417)
	at com.kms.katalon.core.webui.keyword.builtin.ClickKeyword$_click_closure1.doCall(ClickKeyword.groovy:69)
	at com.kms.katalon.core.webui.keyword.builtin.ClickKeyword$_click_closure1.call(ClickKeyword.groovy)
	at com.kms.katalon.core.webui.keyword.internal.WebUIKeywordMain.runKeyword(WebUIKeywordMain.groovy:20)
	... 19 more
"/>
         <system-out><![CDATA[2020-03-19 14:18:01 - [TEST_CASE][FAILED] - Test Cases/ADMIN/Content Mgmt/Categories/Category Add-Edit/Add Category: Test Cases/ADMIN/Content Mgmt/Categories/Category Add-Edit/Add Category FAILED.
Reason:
com.kms.katalon.core.exception.StepFailedException: Unable to click on object 'Object Repository/ADMIN/Categories/Category List/button_Categories' (Root cause: com.kms.katalon.core.exception.StepFailedException: Unable to click on object 'Object Repository/ADMIN/Categories/Category List/button_Categories'
	at com.kms.katalon.core.webui.keyword.internal.WebUIKeywordMain.stepFailed(WebUIKeywordMain.groovy:64)
	at com.kms.katalon.core.webui.keyword.internal.WebUIKeywordMain.runKeyword(WebUIKeywordMain.groovy:26)
	at com.kms.katalon.core.webui.keyword.builtin.ClickKeyword.click(ClickKeyword.groovy:76)
	at com.kms.katalon.core.webui.keyword.builtin.ClickKeyword.execute(ClickKeyword.groovy:43)
	at com.kms.katalon.core.keyword.internal.KeywordExecutor.executeKeywordForPlatform(KeywordExecutor.groovy:72)
	at com.kms.katalon.core.webui.keyword.WebUiBuiltInKeywords.click(WebUiBuiltInKeywords.groovy:616)
	at com.kms.katalon.core.webui.keyword.WebUiBuiltInKeywords$click$0.call(Unknown Source)
	at Add Category.run(Add Category:28)
	at com.kms.katalon.core.main.ScriptEngine.run(ScriptEngine.java:194)
	at com.kms.katalon.core.main.ScriptEngine.runScriptAsRawText(ScriptEngine.java:119)
	at com.kms.katalon.core.main.TestCaseExecutor.runScript(TestCaseExecutor.java:337)
	at com.kms.katalon.core.main.TestCaseExecutor.doExecute(TestCaseExecutor.java:328)
	at com.kms.katalon.core.main.TestCaseExecutor.processExecutionPhase(TestCaseExecutor.java:307)
	at com.kms.katalon.core.main.TestCaseExecutor.accessMainPhase(TestCaseExecutor.java:299)
	at com.kms.katalon.core.main.TestCaseExecutor.execute(TestCaseExecutor.java:233)
	at com.kms.katalon.core.main.TestSuiteExecutor.accessTestCaseMainPhase(TestSuiteExecutor.java:169)
	at com.kms.katalon.core.main.TestSuiteExecutor.accessTestSuiteMainPhase(TestSuiteExecutor.java:142)
	at com.kms.katalon.core.main.TestSuiteExecutor.execute(TestSuiteExecutor.java:91)
	at com.kms.katalon.core.main.TestCaseMain.startTestSuite(TestCaseMain.java:157)
	at com.kms.katalon.core.main.TestCaseMain$startTestSuite$0.call(Unknown Source)
	at TempTestSuite1584598607274.run(TempTestSuite1584598607274.groovy:36)
Caused by: org.openqa.selenium.ElementNotInteractableException: element not interactable
  (Session info: chrome=80.0.3987.132)
Build info: version: '3.141.59', revision: 'e82be7d358', time: '2018-11-14T08:25:53'
System info: host: 'ARCADIER-03', ip: '192.168.254.105', os.name: 'Windows 7', os.arch: 'amd64', os.version: '6.1', java.version: '1.8.0_181'
Driver info: com.kms.katalon.core.webui.driver.ExistingRemoteWebDriver
Capabilities {javascriptEnabled: true, platform: ANY, platformName: ANY}
Session ID: 66da7635ded2d355388026ca8e7d8eff
	at org.openqa.selenium.remote.http.W3CHttpResponseCodec.createException(W3CHttpResponseCodec.java:187)
	at org.openqa.selenium.remote.http.W3CHttpResponseCodec.decode(W3CHttpResponseCodec.java:122)
	at org.openqa.selenium.remote.http.W3CHttpResponseCodec.decode(W3CHttpResponseCodec.java:49)
	at org.openqa.selenium.remote.HttpCommandExecutor.execute(HttpCommandExecutor.java:158)
	at org.openqa.selenium.remote.RemoteWebDriver.execute(RemoteWebDriver.java:552)
	at com.kms.katalon.core.webui.driver.ExistingRemoteWebDriver.execute(ExistingRemoteWebDriver.java:108)
	at org.openqa.selenium.remote.RemoteWebElement.execute(RemoteWebElement.java:285)
	at org.openqa.selenium.remote.RemoteWebElement.click(RemoteWebElement.java:84)
	at org.openqa.selenium.support.events.EventFiringWebDriver$EventFiringWebElement.lambda$new$0(EventFiringWebDriver.java:404)
	at com.sun.proxy.$Proxy9.click(Unknown Source)
	at org.openqa.selenium.support.events.EventFiringWebDriver$EventFiringWebElement.click(EventFiringWebDriver.java:417)
	at com.kms.katalon.core.webui.keyword.builtin.ClickKeyword$_click_closure1.doCall(ClickKeyword.groovy:69)
	at com.kms.katalon.core.webui.keyword.builtin.ClickKeyword$_click_closure1.call(ClickKeyword.groovy)
	at com.kms.katalon.core.webui.keyword.internal.WebUIKeywordMain.runKeyword(WebUIKeywordMain.groovy:20)
	at com.kms.katalon.core.webui.keyword.builtin.ClickKeyword.click(ClickKeyword.groovy:76)
	at com.kms.katalon.core.webui.keyword.builtin.ClickKeyword.execute(ClickKeyword.groovy:43)
	at com.kms.katalon.core.keyword.internal.KeywordExecutor.executeKeywordForPlatform(KeywordExecutor.groovy:72)
	at com.kms.katalon.core.webui.keyword.WebUiBuiltInKeywords.click(WebUiBuiltInKeywords.groovy:616)
	at com.kms.katalon.core.webui.keyword.WebUiBuiltInKeywords$click$0.call(Unknown Source)
	at Script1549506362832.run(Script1549506362832.groovy:28)
	... 13 more
)
	at com.kms.katalon.core.keyword.internal.KeywordMain.stepFailed(KeywordMain.groovy:39)
	at com.kms.katalon.core.webui.keyword.internal.WebUIKeywordMain.stepFailed(WebUIKeywordMain.groovy:64)
	at com.kms.katalon.core.webui.keyword.internal.WebUIKeywordMain.runKeyword(WebUIKeywordMain.groovy:26)
	at com.kms.katalon.core.webui.keyword.builtin.ClickKeyword.click(ClickKeyword.groovy:76)
	at com.kms.katalon.core.webui.keyword.builtin.ClickKeyword.execute(ClickKeyword.groovy:43)
	at com.kms.katalon.core.keyword.internal.KeywordExecutor.executeKeywordForPlatform(KeywordExecutor.groovy:72)
	at com.kms.katalon.core.webui.keyword.WebUiBuiltInKeywords.click(WebUiBuiltInKeywords.groovy:616)
	at com.kms.katalon.core.webui.keyword.WebUiBuiltInKeywords$click$0.call(Unknown Source)
	at Add Category.run(Add Category:28)
	at com.kms.katalon.core.main.ScriptEngine.run(ScriptEngine.java:194)
	at com.kms.katalon.core.main.ScriptEngine.runScriptAsRawText(ScriptEngine.java:119)
	at com.kms.katalon.core.main.TestCaseExecutor.runScript(TestCaseExecutor.java:337)
	at com.kms.katalon.core.main.TestCaseExecutor.doExecute(TestCaseExecutor.java:328)
	at com.kms.katalon.core.main.TestCaseExecutor.processExecutionPhase(TestCaseExecutor.java:307)
	at com.kms.katalon.core.main.TestCaseExecutor.accessMainPhase(TestCaseExecutor.java:299)
	at com.kms.katalon.core.main.TestCaseExecutor.execute(TestCaseExecutor.java:233)
	at com.kms.katalon.core.main.TestSuiteExecutor.accessTestCaseMainPhase(TestSuiteExecutor.java:169)
	at com.kms.katalon.core.main.TestSuiteExecutor.accessTestSuiteMainPhase(TestSuiteExecutor.java:142)
	at com.kms.katalon.core.main.TestSuiteExecutor.execute(TestSuiteExecutor.java:91)
	at com.kms.katalon.core.main.TestCaseMain.startTestSuite(TestCaseMain.java:157)
	at com.kms.katalon.core.main.TestCaseMain$startTestSuite$0.call(Unknown Source)
	at TempTestSuite1584598607274.run(TempTestSuite1584598607274.groovy:36)
Caused by: com.kms.katalon.core.exception.StepFailedException: Unable to click on object 'Object Repository/ADMIN/Categories/Category List/button_Categories'
	... 21 more
Caused by: org.openqa.selenium.ElementNotInteractableException: element not interactable
  (Session info: chrome=80.0.3987.132)
Build info: version: '3.141.59', revision: 'e82be7d358', time: '2018-11-14T08:25:53'
System info: host: 'ARCADIER-03', ip: '192.168.254.105', os.name: 'Windows 7', os.arch: 'amd64', os.version: '6.1', java.version: '1.8.0_181'
Driver info: com.kms.katalon.core.webui.driver.ExistingRemoteWebDriver
Capabilities {javascriptEnabled: true, platform: ANY, platformName: ANY}
Session ID: 66da7635ded2d355388026ca8e7d8eff
	at org.openqa.selenium.remote.http.W3CHttpResponseCodec.createException(W3CHttpResponseCodec.java:187)
	at org.openqa.selenium.remote.http.W3CHttpResponseCodec.decode(W3CHttpResponseCodec.java:122)
	at org.openqa.selenium.remote.http.W3CHttpResponseCodec.decode(W3CHttpResponseCodec.java:49)
	at org.openqa.selenium.remote.HttpCommandExecutor.execute(HttpCommandExecutor.java:158)
	at org.openqa.selenium.remote.RemoteWebDriver.execute(RemoteWebDriver.java:552)
	at com.kms.katalon.core.webui.driver.ExistingRemoteWebDriver.execute(ExistingRemoteWebDriver.java:108)
	at org.openqa.selenium.remote.RemoteWebElement.execute(RemoteWebElement.java:285)
	at org.openqa.selenium.remote.RemoteWebElement.click(RemoteWebElement.java:84)
	at org.openqa.selenium.support.events.EventFiringWebDriver$EventFiringWebElement.lambda$new$0(EventFiringWebDriver.java:404)
	at com.sun.proxy.$Proxy9.click(Unknown Source)
	at org.openqa.selenium.support.events.EventFiringWebDriver$EventFiringWebElement.click(EventFiringWebDriver.java:417)
	at com.kms.katalon.core.webui.keyword.builtin.ClickKeyword$_click_closure1.doCall(ClickKeyword.groovy:69)
	at com.kms.katalon.core.webui.keyword.builtin.ClickKeyword$_click_closure1.call(ClickKeyword.groovy)
	at com.kms.katalon.core.webui.keyword.internal.WebUIKeywordMain.runKeyword(WebUIKeywordMain.groovy:20)
	... 19 more


2020-03-19 14:18:01 - [TEST_STEP][PASSED] - waitForElementVisible(findTestObject("ADMIN/Categories/Category List/button_Content Mgmt"), 0): Object 'Object Repository/ADMIN/Categories/Category List/button_Content Mgmt' is visible

2020-03-19 14:18:01 - [MESSAGE][WARNING] - Timeout '0' is invalid. Using default page load timeout: '30'

2020-03-19 14:18:01 - [MESSAGE][PASSED] - Object 'Object Repository/ADMIN/Categories/Category List/button_Content Mgmt' is visible

2020-03-19 14:18:01 - [TEST_STEP][PASSED] - click(findTestObject("ADMIN/Categories/Category List/button_Content Mgmt")): Object: 'Object Repository/ADMIN/Categories/Category List/button_Content Mgmt' is clicked on

2020-03-19 14:18:01 - [MESSAGE][PASSED] - Object: 'Object Repository/ADMIN/Categories/Category List/button_Content Mgmt' is clicked on

2020-03-19 14:18:01 - [TEST_STEP][PASSED] - waitForElementVisible(findTestObject("ADMIN/Categories/Category List/button_Categories"), 0): Object 'Object Repository/ADMIN/Categories/Category List/button_Categories' is visible

2020-03-19 14:18:01 - [MESSAGE][WARNING] - Timeout '0' is invalid. Using default page load timeout: '30'

2020-03-19 14:18:01 - [MESSAGE][PASSED] - Object 'Object Repository/ADMIN/Categories/Category List/button_Categories' is visible

2020-03-19 14:18:01 - [TEST_STEP][FAILED] - click(findTestObject("ADMIN/Categories/Category List/button_Categories")): Unable to click on object 'Object Repository/ADMIN/Categories/Category List/button_Categories' (Root cause: com.kms.katalon.core.exception.StepFailedException: Unable to click on object 'Object Repository/ADMIN/Categories/Category List/button_Categories'
	at com.kms.katalon.core.webui.keyword.internal.WebUIKeywordMain.stepFailed(WebUIKeywordMain.groovy:64)
	at com.kms.katalon.core.webui.keyword.internal.WebUIKeywordMain.runKeyword(WebUIKeywordMain.groovy:26)
	at com.kms.katalon.core.webui.keyword.builtin.ClickKeyword.click(ClickKeyword.groovy:76)
	at com.kms.katalon.core.webui.keyword.builtin.ClickKeyword.execute(ClickKeyword.groovy:43)
	at com.kms.katalon.core.keyword.internal.KeywordExecutor.executeKeywordForPlatform(KeywordExecutor.groovy:72)
	at com.kms.katalon.core.webui.keyword.WebUiBuiltInKeywords.click(WebUiBuiltInKeywords.groovy:616)
	at com.kms.katalon.core.webui.keyword.WebUiBuiltInKeywords$click$0.call(Unknown Source)
	at Add Category.run(Add Category:28)
	at com.kms.katalon.core.main.ScriptEngine.run(ScriptEngine.java:194)
	at com.kms.katalon.core.main.ScriptEngine.runScriptAsRawText(ScriptEngine.java:119)
	at com.kms.katalon.core.main.TestCaseExecutor.runScript(TestCaseExecutor.java:337)
	at com.kms.katalon.core.main.TestCaseExecutor.doExecute(TestCaseExecutor.java:328)
	at com.kms.katalon.core.main.TestCaseExecutor.processExecutionPhase(TestCaseExecutor.java:307)
	at com.kms.katalon.core.main.TestCaseExecutor.accessMainPhase(TestCaseExecutor.java:299)
	at com.kms.katalon.core.main.TestCaseExecutor.execute(TestCaseExecutor.java:233)
	at com.kms.katalon.core.main.TestSuiteExecutor.accessTestCaseMainPhase(TestSuiteExecutor.java:169)
	at com.kms.katalon.core.main.TestSuiteExecutor.accessTestSuiteMainPhase(TestSuiteExecutor.java:142)
	at com.kms.katalon.core.main.TestSuiteExecutor.execute(TestSuiteExecutor.java:91)
	at com.kms.katalon.core.main.TestCaseMain.startTestSuite(TestCaseMain.java:157)
	at com.kms.katalon.core.main.TestCaseMain$startTestSuite$0.call(Unknown Source)
	at TempTestSuite1584598607274.run(TempTestSuite1584598607274.groovy:36)
Caused by: org.openqa.selenium.ElementNotInteractableException: element not interactable
  (Session info: chrome=80.0.3987.132)
Build info: version: '3.141.59', revision: 'e82be7d358', time: '2018-11-14T08:25:53'
System info: host: 'ARCADIER-03', ip: '192.168.254.105', os.name: 'Windows 7', os.arch: 'amd64', os.version: '6.1', java.version: '1.8.0_181'
Driver info: com.kms.katalon.core.webui.driver.ExistingRemoteWebDriver
Capabilities {javascriptEnabled: true, platform: ANY, platformName: ANY}
Session ID: 66da7635ded2d355388026ca8e7d8eff
	at org.openqa.selenium.remote.http.W3CHttpResponseCodec.createException(W3CHttpResponseCodec.java:187)
	at org.openqa.selenium.remote.http.W3CHttpResponseCodec.decode(W3CHttpResponseCodec.java:122)
	at org.openqa.selenium.remote.http.W3CHttpResponseCodec.decode(W3CHttpResponseCodec.java:49)
	at org.openqa.selenium.remote.HttpCommandExecutor.execute(HttpCommandExecutor.java:158)
	at org.openqa.selenium.remote.RemoteWebDriver.execute(RemoteWebDriver.java:552)
	at com.kms.katalon.core.webui.driver.ExistingRemoteWebDriver.execute(ExistingRemoteWebDriver.java:108)
	at org.openqa.selenium.remote.RemoteWebElement.execute(RemoteWebElement.java:285)
	at org.openqa.selenium.remote.RemoteWebElement.click(RemoteWebElement.java:84)
	at org.openqa.selenium.support.events.EventFiringWebDriver$EventFiringWebElement.lambda$new$0(EventFiringWebDriver.java:404)
	at com.sun.proxy.$Proxy9.click(Unknown Source)
	at org.openqa.selenium.support.events.EventFiringWebDriver$EventFiringWebElement.click(EventFiringWebDriver.java:417)
	at com.kms.katalon.core.webui.keyword.builtin.ClickKeyword$_click_closure1.doCall(ClickKeyword.groovy:69)
	at com.kms.katalon.core.webui.keyword.builtin.ClickKeyword$_click_closure1.call(ClickKeyword.groovy)
	at com.kms.katalon.core.webui.keyword.internal.WebUIKeywordMain.runKeyword(WebUIKeywordMain.groovy:20)
	at com.kms.katalon.core.webui.keyword.builtin.ClickKeyword.click(ClickKeyword.groovy:76)
	at com.kms.katalon.core.webui.keyword.builtin.ClickKeyword.execute(ClickKeyword.groovy:43)
	at com.kms.katalon.core.keyword.internal.KeywordExecutor.executeKeywordForPlatform(KeywordExecutor.groovy:72)
	at com.kms.katalon.core.webui.keyword.WebUiBuiltInKeywords.click(WebUiBuiltInKeywords.groovy:616)
	at com.kms.katalon.core.webui.keyword.WebUiBuiltInKeywords$click$0.call(Unknown Source)
	at Script1549506362832.run(Script1549506362832.groovy:28)
	... 13 more
)

2020-03-19 14:18:02 - [MESSAGE][FAILED] - Unable to click on object 'Object Repository/ADMIN/Categories/Category List/button_Categories' (Root cause: com.kms.katalon.core.exception.StepFailedException: Unable to click on object 'Object Repository/ADMIN/Categories/Category List/button_Categories'
	at com.kms.katalon.core.webui.keyword.internal.WebUIKeywordMain.stepFailed(WebUIKeywordMain.groovy:64)
	at com.kms.katalon.core.webui.keyword.internal.WebUIKeywordMain.runKeyword(WebUIKeywordMain.groovy:26)
	at com.kms.katalon.core.webui.keyword.builtin.ClickKeyword.click(ClickKeyword.groovy:76)
	at com.kms.katalon.core.webui.keyword.builtin.ClickKeyword.execute(ClickKeyword.groovy:43)
	at com.kms.katalon.core.keyword.internal.KeywordExecutor.executeKeywordForPlatform(KeywordExecutor.groovy:72)
	at com.kms.katalon.core.webui.keyword.WebUiBuiltInKeywords.click(WebUiBuiltInKeywords.groovy:616)
	at com.kms.katalon.core.webui.keyword.WebUiBuiltInKeywords$click$0.call(Unknown Source)
	at Add Category.run(Add Category:28)
	at com.kms.katalon.core.main.ScriptEngine.run(ScriptEngine.java:194)
	at com.kms.katalon.core.main.ScriptEngine.runScriptAsRawText(ScriptEngine.java:119)
	at com.kms.katalon.core.main.TestCaseExecutor.runScript(TestCaseExecutor.java:337)
	at com.kms.katalon.core.main.TestCaseExecutor.doExecute(TestCaseExecutor.java:328)
	at com.kms.katalon.core.main.TestCaseExecutor.processExecutionPhase(TestCaseExecutor.java:307)
	at com.kms.katalon.core.main.TestCaseExecutor.accessMainPhase(TestCaseExecutor.java:299)
	at com.kms.katalon.core.main.TestCaseExecutor.execute(TestCaseExecutor.java:233)
	at com.kms.katalon.core.main.TestSuiteExecutor.accessTestCaseMainPhase(TestSuiteExecutor.java:169)
	at com.kms.katalon.core.main.TestSuiteExecutor.accessTestSuiteMainPhase(TestSuiteExecutor.java:142)
	at com.kms.katalon.core.main.TestSuiteExecutor.execute(TestSuiteExecutor.java:91)
	at com.kms.katalon.core.main.TestCaseMain.startTestSuite(TestCaseMain.java:157)
	at com.kms.katalon.core.main.TestCaseMain$startTestSuite$0.call(Unknown Source)
	at TempTestSuite1584598607274.run(TempTestSuite1584598607274.groovy:36)
Caused by: org.openqa.selenium.ElementNotInteractableException: element not interactable
  (Session info: chrome=80.0.3987.132)
Build info: version: '3.141.59', revision: 'e82be7d358', time: '2018-11-14T08:25:53'
System info: host: 'ARCADIER-03', ip: '192.168.254.105', os.name: 'Windows 7', os.arch: 'amd64', os.version: '6.1', java.version: '1.8.0_181'
Driver info: com.kms.katalon.core.webui.driver.ExistingRemoteWebDriver
Capabilities {javascriptEnabled: true, platform: ANY, platformName: ANY}
Session ID: 66da7635ded2d355388026ca8e7d8eff
	at org.openqa.selenium.remote.http.W3CHttpResponseCodec.createException(W3CHttpResponseCodec.java:187)
	at org.openqa.selenium.remote.http.W3CHttpResponseCodec.decode(W3CHttpResponseCodec.java:122)
	at org.openqa.selenium.remote.http.W3CHttpResponseCodec.decode(W3CHttpResponseCodec.java:49)
	at org.openqa.selenium.remote.HttpCommandExecutor.execute(HttpCommandExecutor.java:158)
	at org.openqa.selenium.remote.RemoteWebDriver.execute(RemoteWebDriver.java:552)
	at com.kms.katalon.core.webui.driver.ExistingRemoteWebDriver.execute(ExistingRemoteWebDriver.java:108)
	at org.openqa.selenium.remote.RemoteWebElement.execute(RemoteWebElement.java:285)
	at org.openqa.selenium.remote.RemoteWebElement.click(RemoteWebElement.java:84)
	at org.openqa.selenium.support.events.EventFiringWebDriver$EventFiringWebElement.lambda$new$0(EventFiringWebDriver.java:404)
	at com.sun.proxy.$Proxy9.click(Unknown Source)
	at org.openqa.selenium.support.events.EventFiringWebDriver$EventFiringWebElement.click(EventFiringWebDriver.java:417)
	at com.kms.katalon.core.webui.keyword.builtin.ClickKeyword$_click_closure1.doCall(ClickKeyword.groovy:69)
	at com.kms.katalon.core.webui.keyword.builtin.ClickKeyword$_click_closure1.call(ClickKeyword.groovy)
	at com.kms.katalon.core.webui.keyword.internal.WebUIKeywordMain.runKeyword(WebUIKeywordMain.groovy:20)
	at com.kms.katalon.core.webui.keyword.builtin.ClickKeyword.click(ClickKeyword.groovy:76)
	at com.kms.katalon.core.webui.keyword.builtin.ClickKeyword.execute(ClickKeyword.groovy:43)
	at com.kms.katalon.core.keyword.internal.KeywordExecutor.executeKeywordForPlatform(KeywordExecutor.groovy:72)
	at com.kms.katalon.core.webui.keyword.WebUiBuiltInKeywords.click(WebUiBuiltInKeywords.groovy:616)
	at com.kms.katalon.core.webui.keyword.WebUiBuiltInKeywords$click$0.call(Unknown Source)
	at Script1549506362832.run(Script1549506362832.groovy:28)
	... 13 more
)
[[ATTACHMENT|C:\\Katalon\\Arctick\\Reports\\20200319_141647\\Admin\\Admin Add Category\\20200319_141647\\1584598681737.png]]

2020-03-19 14:18:02 - [TEST_STEP][PASSED] - waitForPageLoad(0, STOP_ON_FAILURE): Wait for page load successfully

2020-03-19 14:18:02 - [MESSAGE][WARNING] - Timeout '0' is invalid. Using default page load timeout: '30'

2020-03-19 14:18:02 - [MESSAGE][PASSED] - Wait for page load successfully

2020-03-19 14:18:02 - [TEST_STEP][PASSED] - click(findTestObject("ADMIN/Categories/Category List/button_Add a Category")): Object: 'Object Repository/ADMIN/Categories/Category List/button_Add a Category' is clicked on

2020-03-19 14:18:02 - [MESSAGE][PASSED] - Object: 'Object Repository/ADMIN/Categories/Category List/button_Add a Category' is clicked on

2020-03-19 14:18:02 - [TEST_STEP][PASSED] - waitForElementPresent(findTestObject("ADMIN/Categories/Category/dropdown_Parent"), 2): Object 'Object Repository/ADMIN/Categories/Category/dropdown_Parent' is present

2020-03-19 14:18:02 - [MESSAGE][PASSED] - Object 'Object Repository/ADMIN/Categories/Category/dropdown_Parent' is present

2020-03-19 14:18:02 - [TEST_STEP][PASSED] - delay(1): Delayed 1 second(s)

2020-03-19 14:18:03 - [MESSAGE][PASSED] - Delayed 1 second(s)

2020-03-19 14:18:03 - [TEST_STEP][PASSED] - setText(findTestObject("ADMIN/Categories/Category/textfield_Category Name"), CategoryNametext): Text 'Category 03' is set on object 'Object Repository/ADMIN/Categories/Category/textfield_Category Name'

2020-03-19 14:18:03 - [MESSAGE][PASSED] - Text 'Category 03' is set on object 'Object Repository/ADMIN/Categories/Category/textfield_Category Name'

2020-03-19 14:18:03 - [TEST_STEP][PASSED] - click(findTestObject("ADMIN/Categories/Category/dropdown_Parent")): Object: 'Object Repository/ADMIN/Categories/Category/dropdown_Parent' is clicked on

2020-03-19 14:18:03 - [MESSAGE][PASSED] - Object: 'Object Repository/ADMIN/Categories/Category/dropdown_Parent' is clicked on

2020-03-19 14:18:03 - [TEST_STEP][PASSED] - delay(2): Delayed 2 second(s)

2020-03-19 14:18:05 - [MESSAGE][PASSED] - Delayed 2 second(s)

2020-03-19 14:18:05 - [TEST_STEP][PASSED] - click(findTestObject("ADMIN/Categories/Category/dropdown_Parent")): Object: 'Object Repository/ADMIN/Categories/Category/dropdown_Parent' is clicked on

2020-03-19 14:18:05 - [MESSAGE][PASSED] - Object: 'Object Repository/ADMIN/Categories/Category/dropdown_Parent' is clicked on

2020-03-19 14:18:05 - [TEST_STEP][PASSED] - selectOptionByLabel(findTestObject("ADMIN/Categories/Category/dropdown_Parent"), ParentName, false): All options with label '-' are selected in object 'Object Repository/ADMIN/Categories/Category/dropdown_Parent' 

2020-03-19 14:18:06 - [MESSAGE][PASSED] - All options with label '-' are selected in object 'Object Repository/ADMIN/Categories/Category/dropdown_Parent' 

2020-03-19 14:18:06 - [TEST_STEP][PASSED] - click(findTestObject("ADMIN/Categories/Category/button_Browse")): Object: 'Object Repository/ADMIN/Categories/Category/button_Browse' is clicked on

2020-03-19 14:18:06 - [MESSAGE][PASSED] - Object: 'Object Repository/ADMIN/Categories/Category/button_Browse' is clicked on

2020-03-19 14:18:06 - [TEST_STEP][PASSED] - delay(2): Delayed 2 second(s)

2020-03-19 14:18:08 - [MESSAGE][PASSED] - Delayed 2 second(s)

2020-03-19 14:18:08 - [TEST_STEP][PASSED] - uploadFile(findTestObject("ADMIN/Categories/Category/image_input image"), CategoryImageUpload): File 'C:\\Katalon\\Arctick\\Images\\Category\\3.png' sent to object: 'Object Repository/ADMIN/Categories/Category/image_input image'

2020-03-19 14:18:08 - [MESSAGE][PASSED] - File 'C:\\Katalon\\Arctick\\Images\\Category\\3.png' sent to object: 'Object Repository/ADMIN/Categories/Category/image_input image'

2020-03-19 14:18:08 - [TEST_STEP][PASSED] - waitForElementVisible(findTestObject("ADMIN/Categories/Category/button_upload check"), 0): Object 'Object Repository/ADMIN/Categories/Category/button_upload check' is visible

2020-03-19 14:18:08 - [MESSAGE][WARNING] - Timeout '0' is invalid. Using default page load timeout: '30'

2020-03-19 14:18:08 - [MESSAGE][PASSED] - Object 'Object Repository/ADMIN/Categories/Category/button_upload check' is visible

2020-03-19 14:18:08 - [TEST_STEP][PASSED] - click(findTestObject("ADMIN/Categories/Category/button_upload check")): Object: 'Object Repository/ADMIN/Categories/Category/button_upload check' is clicked on

2020-03-19 14:18:08 - [MESSAGE][PASSED] - Object: 'Object Repository/ADMIN/Categories/Category/button_upload check' is clicked on

2020-03-19 14:18:08 - [TEST_STEP][PASSED] - waitForElementVisible(findTestObject("ADMIN/Categories/Category/button_upload save"), 0): Object 'Object Repository/ADMIN/Categories/Category/button_upload save' is visible

2020-03-19 14:18:08 - [MESSAGE][WARNING] - Timeout '0' is invalid. Using default page load timeout: '30'

2020-03-19 14:18:08 - [MESSAGE][PASSED] - Object 'Object Repository/ADMIN/Categories/Category/button_upload save' is visible

2020-03-19 14:18:08 - [TEST_STEP][PASSED] - click(findTestObject("ADMIN/Categories/Category/button_upload save")): Object: 'Object Repository/ADMIN/Categories/Category/button_upload save' is clicked on

2020-03-19 14:18:08 - [MESSAGE][PASSED] - Object: 'Object Repository/ADMIN/Categories/Category/button_upload save' is clicked on

2020-03-19 14:18:08 - [TEST_STEP][PASSED] - setText(findTestObject("ADMIN/Categories/Category/textfield_category_description"), Description): Text 'Description5' is set on object 'Object Repository/ADMIN/Categories/Category/textfield_category_description'

2020-03-19 14:18:09 - [MESSAGE][PASSED] - Text 'Description5' is set on object 'Object Repository/ADMIN/Categories/Category/textfield_category_description'

2020-03-19 14:18:09 - [TEST_STEP][PASSED] - click(findTestObject("ADMIN/Categories/Category/button_Save")): Object: 'Object Repository/ADMIN/Categories/Category/button_Save' is clicked on

2020-03-19 14:18:09 - [MESSAGE][PASSED] - Object: 'Object Repository/ADMIN/Categories/Category/button_Save' is clicked on

2020-03-19 14:18:09 - [TEST_STEP][PASSED] - waitForElementVisible(findTestObject("ADMIN/Categories/Category/label_edit popup"), 0): Object 'Object Repository/ADMIN/Categories/Category/label_edit popup' is visible

2020-03-19 14:18:09 - [MESSAGE][WARNING] - Timeout '0' is invalid. Using default page load timeout: '30'

2020-03-19 14:18:10 - [MESSAGE][PASSED] - Object 'Object Repository/ADMIN/Categories/Category/label_edit popup' is visible

2020-03-19 14:18:10 - [TEST_STEP][PASSED] - waitForElementNotPresent(findTestObject("ADMIN/Categories/Category/label_edit popup"), 0): Web element with id: 'Object Repository/ADMIN/Categories/Category/label_edit popup' located by 'By.xpath: //div[(text() = 'Category was successfully saved.' or . = 'Category was successfully saved.')]' is not present after '30' second(s)

2020-03-19 14:18:10 - [MESSAGE][WARNING] - Timeout '0' is invalid. Using default page load timeout: '30'

2020-03-19 14:18:16 - [MESSAGE][PASSED] - Web element with id: 'Object Repository/ADMIN/Categories/Category/label_edit popup' located by 'By.xpath: //div[(text() = 'Category was successfully saved.' or . = 'Category was successfully saved.')]' is not present after '30' second(s)]]></system-out>
         <system-err><![CDATA[2020-03-19 14:18:01 - [TEST_CASE][FAILED] - Test Cases/ADMIN/Content Mgmt/Categories/Category Add-Edit/Add Category: Test Cases/ADMIN/Content Mgmt/Categories/Category Add-Edit/Add Category FAILED.
Reason:
com.kms.katalon.core.exception.StepFailedException: Unable to click on object 'Object Repository/ADMIN/Categories/Category List/button_Categories' (Root cause: com.kms.katalon.core.exception.StepFailedException: Unable to click on object 'Object Repository/ADMIN/Categories/Category List/button_Categories'
	at com.kms.katalon.core.webui.keyword.internal.WebUIKeywordMain.stepFailed(WebUIKeywordMain.groovy:64)
	at com.kms.katalon.core.webui.keyword.internal.WebUIKeywordMain.runKeyword(WebUIKeywordMain.groovy:26)
	at com.kms.katalon.core.webui.keyword.builtin.ClickKeyword.click(ClickKeyword.groovy:76)
	at com.kms.katalon.core.webui.keyword.builtin.ClickKeyword.execute(ClickKeyword.groovy:43)
	at com.kms.katalon.core.keyword.internal.KeywordExecutor.executeKeywordForPlatform(KeywordExecutor.groovy:72)
	at com.kms.katalon.core.webui.keyword.WebUiBuiltInKeywords.click(WebUiBuiltInKeywords.groovy:616)
	at com.kms.katalon.core.webui.keyword.WebUiBuiltInKeywords$click$0.call(Unknown Source)
	at Add Category.run(Add Category:28)
	at com.kms.katalon.core.main.ScriptEngine.run(ScriptEngine.java:194)
	at com.kms.katalon.core.main.ScriptEngine.runScriptAsRawText(ScriptEngine.java:119)
	at com.kms.katalon.core.main.TestCaseExecutor.runScript(TestCaseExecutor.java:337)
	at com.kms.katalon.core.main.TestCaseExecutor.doExecute(TestCaseExecutor.java:328)
	at com.kms.katalon.core.main.TestCaseExecutor.processExecutionPhase(TestCaseExecutor.java:307)
	at com.kms.katalon.core.main.TestCaseExecutor.accessMainPhase(TestCaseExecutor.java:299)
	at com.kms.katalon.core.main.TestCaseExecutor.execute(TestCaseExecutor.java:233)
	at com.kms.katalon.core.main.TestSuiteExecutor.accessTestCaseMainPhase(TestSuiteExecutor.java:169)
	at com.kms.katalon.core.main.TestSuiteExecutor.accessTestSuiteMainPhase(TestSuiteExecutor.java:142)
	at com.kms.katalon.core.main.TestSuiteExecutor.execute(TestSuiteExecutor.java:91)
	at com.kms.katalon.core.main.TestCaseMain.startTestSuite(TestCaseMain.java:157)
	at com.kms.katalon.core.main.TestCaseMain$startTestSuite$0.call(Unknown Source)
	at TempTestSuite1584598607274.run(TempTestSuite1584598607274.groovy:36)
Caused by: org.openqa.selenium.ElementNotInteractableException: element not interactable
  (Session info: chrome=80.0.3987.132)
Build info: version: '3.141.59', revision: 'e82be7d358', time: '2018-11-14T08:25:53'
System info: host: 'ARCADIER-03', ip: '192.168.254.105', os.name: 'Windows 7', os.arch: 'amd64', os.version: '6.1', java.version: '1.8.0_181'
Driver info: com.kms.katalon.core.webui.driver.ExistingRemoteWebDriver
Capabilities {javascriptEnabled: true, platform: ANY, platformName: ANY}
Session ID: 66da7635ded2d355388026ca8e7d8eff
	at org.openqa.selenium.remote.http.W3CHttpResponseCodec.createException(W3CHttpResponseCodec.java:187)
	at org.openqa.selenium.remote.http.W3CHttpResponseCodec.decode(W3CHttpResponseCodec.java:122)
	at org.openqa.selenium.remote.http.W3CHttpResponseCodec.decode(W3CHttpResponseCodec.java:49)
	at org.openqa.selenium.remote.HttpCommandExecutor.execute(HttpCommandExecutor.java:158)
	at org.openqa.selenium.remote.RemoteWebDriver.execute(RemoteWebDriver.java:552)
	at com.kms.katalon.core.webui.driver.ExistingRemoteWebDriver.execute(ExistingRemoteWebDriver.java:108)
	at org.openqa.selenium.remote.RemoteWebElement.execute(RemoteWebElement.java:285)
	at org.openqa.selenium.remote.RemoteWebElement.click(RemoteWebElement.java:84)
	at org.openqa.selenium.support.events.EventFiringWebDriver$EventFiringWebElement.lambda$new$0(EventFiringWebDriver.java:404)
	at com.sun.proxy.$Proxy9.click(Unknown Source)
	at org.openqa.selenium.support.events.EventFiringWebDriver$EventFiringWebElement.click(EventFiringWebDriver.java:417)
	at com.kms.katalon.core.webui.keyword.builtin.ClickKeyword$_click_closure1.doCall(ClickKeyword.groovy:69)
	at com.kms.katalon.core.webui.keyword.builtin.ClickKeyword$_click_closure1.call(ClickKeyword.groovy)
	at com.kms.katalon.core.webui.keyword.internal.WebUIKeywordMain.runKeyword(WebUIKeywordMain.groovy:20)
	at com.kms.katalon.core.webui.keyword.builtin.ClickKeyword.click(ClickKeyword.groovy:76)
	at com.kms.katalon.core.webui.keyword.builtin.ClickKeyword.execute(ClickKeyword.groovy:43)
	at com.kms.katalon.core.keyword.internal.KeywordExecutor.executeKeywordForPlatform(KeywordExecutor.groovy:72)
	at com.kms.katalon.core.webui.keyword.WebUiBuiltInKeywords.click(WebUiBuiltInKeywords.groovy:616)
	at com.kms.katalon.core.webui.keyword.WebUiBuiltInKeywords$click$0.call(Unknown Source)
	at Script1549506362832.run(Script1549506362832.groovy:28)
	... 13 more
)
	at com.kms.katalon.core.keyword.internal.KeywordMain.stepFailed(KeywordMain.groovy:39)
	at com.kms.katalon.core.webui.keyword.internal.WebUIKeywordMain.stepFailed(WebUIKeywordMain.groovy:64)
	at com.kms.katalon.core.webui.keyword.internal.WebUIKeywordMain.runKeyword(WebUIKeywordMain.groovy:26)
	at com.kms.katalon.core.webui.keyword.builtin.ClickKeyword.click(ClickKeyword.groovy:76)
	at com.kms.katalon.core.webui.keyword.builtin.ClickKeyword.execute(ClickKeyword.groovy:43)
	at com.kms.katalon.core.keyword.internal.KeywordExecutor.executeKeywordForPlatform(KeywordExecutor.groovy:72)
	at com.kms.katalon.core.webui.keyword.WebUiBuiltInKeywords.click(WebUiBuiltInKeywords.groovy:616)
	at com.kms.katalon.core.webui.keyword.WebUiBuiltInKeywords$click$0.call(Unknown Source)
	at Add Category.run(Add Category:28)
	at com.kms.katalon.core.main.ScriptEngine.run(ScriptEngine.java:194)
	at com.kms.katalon.core.main.ScriptEngine.runScriptAsRawText(ScriptEngine.java:119)
	at com.kms.katalon.core.main.TestCaseExecutor.runScript(TestCaseExecutor.java:337)
	at com.kms.katalon.core.main.TestCaseExecutor.doExecute(TestCaseExecutor.java:328)
	at com.kms.katalon.core.main.TestCaseExecutor.processExecutionPhase(TestCaseExecutor.java:307)
	at com.kms.katalon.core.main.TestCaseExecutor.accessMainPhase(TestCaseExecutor.java:299)
	at com.kms.katalon.core.main.TestCaseExecutor.execute(TestCaseExecutor.java:233)
	at com.kms.katalon.core.main.TestSuiteExecutor.accessTestCaseMainPhase(TestSuiteExecutor.java:169)
	at com.kms.katalon.core.main.TestSuiteExecutor.accessTestSuiteMainPhase(TestSuiteExecutor.java:142)
	at com.kms.katalon.core.main.TestSuiteExecutor.execute(TestSuiteExecutor.java:91)
	at com.kms.katalon.core.main.TestCaseMain.startTestSuite(TestCaseMain.java:157)
	at com.kms.katalon.core.main.TestCaseMain$startTestSuite$0.call(Unknown Source)
	at TempTestSuite1584598607274.run(TempTestSuite1584598607274.groovy:36)
Caused by: com.kms.katalon.core.exception.StepFailedException: Unable to click on object 'Object Repository/ADMIN/Categories/Category List/button_Categories'
	... 21 more
Caused by: org.openqa.selenium.ElementNotInteractableException: element not interactable
  (Session info: chrome=80.0.3987.132)
Build info: version: '3.141.59', revision: 'e82be7d358', time: '2018-11-14T08:25:53'
System info: host: 'ARCADIER-03', ip: '192.168.254.105', os.name: 'Windows 7', os.arch: 'amd64', os.version: '6.1', java.version: '1.8.0_181'
Driver info: com.kms.katalon.core.webui.driver.ExistingRemoteWebDriver
Capabilities {javascriptEnabled: true, platform: ANY, platformName: ANY}
Session ID: 66da7635ded2d355388026ca8e7d8eff
	at org.openqa.selenium.remote.http.W3CHttpResponseCodec.createException(W3CHttpResponseCodec.java:187)
	at org.openqa.selenium.remote.http.W3CHttpResponseCodec.decode(W3CHttpResponseCodec.java:122)
	at org.openqa.selenium.remote.http.W3CHttpResponseCodec.decode(W3CHttpResponseCodec.java:49)
	at org.openqa.selenium.remote.HttpCommandExecutor.execute(HttpCommandExecutor.java:158)
	at org.openqa.selenium.remote.RemoteWebDriver.execute(RemoteWebDriver.java:552)
	at com.kms.katalon.core.webui.driver.ExistingRemoteWebDriver.execute(ExistingRemoteWebDriver.java:108)
	at org.openqa.selenium.remote.RemoteWebElement.execute(RemoteWebElement.java:285)
	at org.openqa.selenium.remote.RemoteWebElement.click(RemoteWebElement.java:84)
	at org.openqa.selenium.support.events.EventFiringWebDriver$EventFiringWebElement.lambda$new$0(EventFiringWebDriver.java:404)
	at com.sun.proxy.$Proxy9.click(Unknown Source)
	at org.openqa.selenium.support.events.EventFiringWebDriver$EventFiringWebElement.click(EventFiringWebDriver.java:417)
	at com.kms.katalon.core.webui.keyword.builtin.ClickKeyword$_click_closure1.doCall(ClickKeyword.groovy:69)
	at com.kms.katalon.core.webui.keyword.builtin.ClickKeyword$_click_closure1.call(ClickKeyword.groovy)
	at com.kms.katalon.core.webui.keyword.internal.WebUIKeywordMain.runKeyword(WebUIKeywordMain.groovy:20)
	... 19 more]]></system-err>
      </testcase>
      <testcase name="Test Cases/ADMIN/Content Mgmt/Categories/Category Add-Edit/Add Category" time="15.381" classname="Test Cases/ADMIN/Content Mgmt/Categories/Category Add-Edit/Add Category" status="FAILED">
         <failure type="FAILED" message="Test Cases/ADMIN/Content Mgmt/Categories/Category Add-Edit/Add Category FAILED.
Reason:
com.kms.katalon.core.exception.StepFailedException: Unable to click on object 'Object Repository/ADMIN/Categories/Category List/button_Categories' (Root cause: com.kms.katalon.core.exception.StepFailedException: Unable to click on object 'Object Repository/ADMIN/Categories/Category List/button_Categories'
	at com.kms.katalon.core.webui.keyword.internal.WebUIKeywordMain.stepFailed(WebUIKeywordMain.groovy:64)
	at com.kms.katalon.core.webui.keyword.internal.WebUIKeywordMain.runKeyword(WebUIKeywordMain.groovy:26)
	at com.kms.katalon.core.webui.keyword.builtin.ClickKeyword.click(ClickKeyword.groovy:76)
	at com.kms.katalon.core.webui.keyword.builtin.ClickKeyword.execute(ClickKeyword.groovy:43)
	at com.kms.katalon.core.keyword.internal.KeywordExecutor.executeKeywordForPlatform(KeywordExecutor.groovy:72)
	at com.kms.katalon.core.webui.keyword.WebUiBuiltInKeywords.click(WebUiBuiltInKeywords.groovy:616)
	at com.kms.katalon.core.webui.keyword.WebUiBuiltInKeywords$click$0.call(Unknown Source)
	at Add Category.run(Add Category:28)
	at com.kms.katalon.core.main.ScriptEngine.run(ScriptEngine.java:194)
	at com.kms.katalon.core.main.ScriptEngine.runScriptAsRawText(ScriptEngine.java:119)
	at com.kms.katalon.core.main.TestCaseExecutor.runScript(TestCaseExecutor.java:337)
	at com.kms.katalon.core.main.TestCaseExecutor.doExecute(TestCaseExecutor.java:328)
	at com.kms.katalon.core.main.TestCaseExecutor.processExecutionPhase(TestCaseExecutor.java:307)
	at com.kms.katalon.core.main.TestCaseExecutor.accessMainPhase(TestCaseExecutor.java:299)
	at com.kms.katalon.core.main.TestCaseExecutor.execute(TestCaseExecutor.java:233)
	at com.kms.katalon.core.main.TestSuiteExecutor.accessTestCaseMainPhase(TestSuiteExecutor.java:169)
	at com.kms.katalon.core.main.TestSuiteExecutor.accessTestSuiteMainPhase(TestSuiteExecutor.java:142)
	at com.kms.katalon.core.main.TestSuiteExecutor.execute(TestSuiteExecutor.java:91)
	at com.kms.katalon.core.main.TestCaseMain.startTestSuite(TestCaseMain.java:157)
	at com.kms.katalon.core.main.TestCaseMain$startTestSuite$0.call(Unknown Source)
	at TempTestSuite1584598607274.run(TempTestSuite1584598607274.groovy:36)
Caused by: org.openqa.selenium.ElementNotInteractableException: element not interactable
  (Session info: chrome=80.0.3987.132)
Build info: version: '3.141.59', revision: 'e82be7d358', time: '2018-11-14T08:25:53'
System info: host: 'ARCADIER-03', ip: '192.168.254.105', os.name: 'Windows 7', os.arch: 'amd64', os.version: '6.1', java.version: '1.8.0_181'
Driver info: com.kms.katalon.core.webui.driver.ExistingRemoteWebDriver
Capabilities {javascriptEnabled: true, platform: ANY, platformName: ANY}
Session ID: 66da7635ded2d355388026ca8e7d8eff
	at org.openqa.selenium.remote.http.W3CHttpResponseCodec.createException(W3CHttpResponseCodec.java:187)
	at org.openqa.selenium.remote.http.W3CHttpResponseCodec.decode(W3CHttpResponseCodec.java:122)
	at org.openqa.selenium.remote.http.W3CHttpResponseCodec.decode(W3CHttpResponseCodec.java:49)
	at org.openqa.selenium.remote.HttpCommandExecutor.execute(HttpCommandExecutor.java:158)
	at org.openqa.selenium.remote.RemoteWebDriver.execute(RemoteWebDriver.java:552)
	at com.kms.katalon.core.webui.driver.ExistingRemoteWebDriver.execute(ExistingRemoteWebDriver.java:108)
	at org.openqa.selenium.remote.RemoteWebElement.execute(RemoteWebElement.java:285)
	at org.openqa.selenium.remote.RemoteWebElement.click(RemoteWebElement.java:84)
	at org.openqa.selenium.support.events.EventFiringWebDriver$EventFiringWebElement.lambda$new$0(EventFiringWebDriver.java:404)
	at com.sun.proxy.$Proxy9.click(Unknown Source)
	at org.openqa.selenium.support.events.EventFiringWebDriver$EventFiringWebElement.click(EventFiringWebDriver.java:417)
	at com.kms.katalon.core.webui.keyword.builtin.ClickKeyword$_click_closure1.doCall(ClickKeyword.groovy:69)
	at com.kms.katalon.core.webui.keyword.builtin.ClickKeyword$_click_closure1.call(ClickKeyword.groovy)
	at com.kms.katalon.core.webui.keyword.internal.WebUIKeywordMain.runKeyword(WebUIKeywordMain.groovy:20)
	at com.kms.katalon.core.webui.keyword.builtin.ClickKeyword.click(ClickKeyword.groovy:76)
	at com.kms.katalon.core.webui.keyword.builtin.ClickKeyword.execute(ClickKeyword.groovy:43)
	at com.kms.katalon.core.keyword.internal.KeywordExecutor.executeKeywordForPlatform(KeywordExecutor.groovy:72)
	at com.kms.katalon.core.webui.keyword.WebUiBuiltInKeywords.click(WebUiBuiltInKeywords.groovy:616)
	at com.kms.katalon.core.webui.keyword.WebUiBuiltInKeywords$click$0.call(Unknown Source)
	at Script1549506362832.run(Script1549506362832.groovy:28)
	... 13 more
)
	at com.kms.katalon.core.keyword.internal.KeywordMain.stepFailed(KeywordMain.groovy:39)
	at com.kms.katalon.core.webui.keyword.internal.WebUIKeywordMain.stepFailed(WebUIKeywordMain.groovy:64)
	at com.kms.katalon.core.webui.keyword.internal.WebUIKeywordMain.runKeyword(WebUIKeywordMain.groovy:26)
	at com.kms.katalon.core.webui.keyword.builtin.ClickKeyword.click(ClickKeyword.groovy:76)
	at com.kms.katalon.core.webui.keyword.builtin.ClickKeyword.execute(ClickKeyword.groovy:43)
	at com.kms.katalon.core.keyword.internal.KeywordExecutor.executeKeywordForPlatform(KeywordExecutor.groovy:72)
	at com.kms.katalon.core.webui.keyword.WebUiBuiltInKeywords.click(WebUiBuiltInKeywords.groovy:616)
	at com.kms.katalon.core.webui.keyword.WebUiBuiltInKeywords$click$0.call(Unknown Source)
	at Add Category.run(Add Category:28)
	at com.kms.katalon.core.main.ScriptEngine.run(ScriptEngine.java:194)
	at com.kms.katalon.core.main.ScriptEngine.runScriptAsRawText(ScriptEngine.java:119)
	at com.kms.katalon.core.main.TestCaseExecutor.runScript(TestCaseExecutor.java:337)
	at com.kms.katalon.core.main.TestCaseExecutor.doExecute(TestCaseExecutor.java:328)
	at com.kms.katalon.core.main.TestCaseExecutor.processExecutionPhase(TestCaseExecutor.java:307)
	at com.kms.katalon.core.main.TestCaseExecutor.accessMainPhase(TestCaseExecutor.java:299)
	at com.kms.katalon.core.main.TestCaseExecutor.execute(TestCaseExecutor.java:233)
	at com.kms.katalon.core.main.TestSuiteExecutor.accessTestCaseMainPhase(TestSuiteExecutor.java:169)
	at com.kms.katalon.core.main.TestSuiteExecutor.accessTestSuiteMainPhase(TestSuiteExecutor.java:142)
	at com.kms.katalon.core.main.TestSuiteExecutor.execute(TestSuiteExecutor.java:91)
	at com.kms.katalon.core.main.TestCaseMain.startTestSuite(TestCaseMain.java:157)
	at com.kms.katalon.core.main.TestCaseMain$startTestSuite$0.call(Unknown Source)
	at TempTestSuite1584598607274.run(TempTestSuite1584598607274.groovy:36)
Caused by: com.kms.katalon.core.exception.StepFailedException: Unable to click on object 'Object Repository/ADMIN/Categories/Category List/button_Categories'
	... 21 more
Caused by: org.openqa.selenium.ElementNotInteractableException: element not interactable
  (Session info: chrome=80.0.3987.132)
Build info: version: '3.141.59', revision: 'e82be7d358', time: '2018-11-14T08:25:53'
System info: host: 'ARCADIER-03', ip: '192.168.254.105', os.name: 'Windows 7', os.arch: 'amd64', os.version: '6.1', java.version: '1.8.0_181'
Driver info: com.kms.katalon.core.webui.driver.ExistingRemoteWebDriver
Capabilities {javascriptEnabled: true, platform: ANY, platformName: ANY}
Session ID: 66da7635ded2d355388026ca8e7d8eff
	at org.openqa.selenium.remote.http.W3CHttpResponseCodec.createException(W3CHttpResponseCodec.java:187)
	at org.openqa.selenium.remote.http.W3CHttpResponseCodec.decode(W3CHttpResponseCodec.java:122)
	at org.openqa.selenium.remote.http.W3CHttpResponseCodec.decode(W3CHttpResponseCodec.java:49)
	at org.openqa.selenium.remote.HttpCommandExecutor.execute(HttpCommandExecutor.java:158)
	at org.openqa.selenium.remote.RemoteWebDriver.execute(RemoteWebDriver.java:552)
	at com.kms.katalon.core.webui.driver.ExistingRemoteWebDriver.execute(ExistingRemoteWebDriver.java:108)
	at org.openqa.selenium.remote.RemoteWebElement.execute(RemoteWebElement.java:285)
	at org.openqa.selenium.remote.RemoteWebElement.click(RemoteWebElement.java:84)
	at org.openqa.selenium.support.events.EventFiringWebDriver$EventFiringWebElement.lambda$new$0(EventFiringWebDriver.java:404)
	at com.sun.proxy.$Proxy9.click(Unknown Source)
	at org.openqa.selenium.support.events.EventFiringWebDriver$EventFiringWebElement.click(EventFiringWebDriver.java:417)
	at com.kms.katalon.core.webui.keyword.builtin.ClickKeyword$_click_closure1.doCall(ClickKeyword.groovy:69)
	at com.kms.katalon.core.webui.keyword.builtin.ClickKeyword$_click_closure1.call(ClickKeyword.groovy)
	at com.kms.katalon.core.webui.keyword.internal.WebUIKeywordMain.runKeyword(WebUIKeywordMain.groovy:20)
	... 19 more
"/>
         <system-out><![CDATA[2020-03-19 14:18:16 - [TEST_CASE][FAILED] - Test Cases/ADMIN/Content Mgmt/Categories/Category Add-Edit/Add Category: Test Cases/ADMIN/Content Mgmt/Categories/Category Add-Edit/Add Category FAILED.
Reason:
com.kms.katalon.core.exception.StepFailedException: Unable to click on object 'Object Repository/ADMIN/Categories/Category List/button_Categories' (Root cause: com.kms.katalon.core.exception.StepFailedException: Unable to click on object 'Object Repository/ADMIN/Categories/Category List/button_Categories'
	at com.kms.katalon.core.webui.keyword.internal.WebUIKeywordMain.stepFailed(WebUIKeywordMain.groovy:64)
	at com.kms.katalon.core.webui.keyword.internal.WebUIKeywordMain.runKeyword(WebUIKeywordMain.groovy:26)
	at com.kms.katalon.core.webui.keyword.builtin.ClickKeyword.click(ClickKeyword.groovy:76)
	at com.kms.katalon.core.webui.keyword.builtin.ClickKeyword.execute(ClickKeyword.groovy:43)
	at com.kms.katalon.core.keyword.internal.KeywordExecutor.executeKeywordForPlatform(KeywordExecutor.groovy:72)
	at com.kms.katalon.core.webui.keyword.WebUiBuiltInKeywords.click(WebUiBuiltInKeywords.groovy:616)
	at com.kms.katalon.core.webui.keyword.WebUiBuiltInKeywords$click$0.call(Unknown Source)
	at Add Category.run(Add Category:28)
	at com.kms.katalon.core.main.ScriptEngine.run(ScriptEngine.java:194)
	at com.kms.katalon.core.main.ScriptEngine.runScriptAsRawText(ScriptEngine.java:119)
	at com.kms.katalon.core.main.TestCaseExecutor.runScript(TestCaseExecutor.java:337)
	at com.kms.katalon.core.main.TestCaseExecutor.doExecute(TestCaseExecutor.java:328)
	at com.kms.katalon.core.main.TestCaseExecutor.processExecutionPhase(TestCaseExecutor.java:307)
	at com.kms.katalon.core.main.TestCaseExecutor.accessMainPhase(TestCaseExecutor.java:299)
	at com.kms.katalon.core.main.TestCaseExecutor.execute(TestCaseExecutor.java:233)
	at com.kms.katalon.core.main.TestSuiteExecutor.accessTestCaseMainPhase(TestSuiteExecutor.java:169)
	at com.kms.katalon.core.main.TestSuiteExecutor.accessTestSuiteMainPhase(TestSuiteExecutor.java:142)
	at com.kms.katalon.core.main.TestSuiteExecutor.execute(TestSuiteExecutor.java:91)
	at com.kms.katalon.core.main.TestCaseMain.startTestSuite(TestCaseMain.java:157)
	at com.kms.katalon.core.main.TestCaseMain$startTestSuite$0.call(Unknown Source)
	at TempTestSuite1584598607274.run(TempTestSuite1584598607274.groovy:36)
Caused by: org.openqa.selenium.ElementNotInteractableException: element not interactable
  (Session info: chrome=80.0.3987.132)
Build info: version: '3.141.59', revision: 'e82be7d358', time: '2018-11-14T08:25:53'
System info: host: 'ARCADIER-03', ip: '192.168.254.105', os.name: 'Windows 7', os.arch: 'amd64', os.version: '6.1', java.version: '1.8.0_181'
Driver info: com.kms.katalon.core.webui.driver.ExistingRemoteWebDriver
Capabilities {javascriptEnabled: true, platform: ANY, platformName: ANY}
Session ID: 66da7635ded2d355388026ca8e7d8eff
	at org.openqa.selenium.remote.http.W3CHttpResponseCodec.createException(W3CHttpResponseCodec.java:187)
	at org.openqa.selenium.remote.http.W3CHttpResponseCodec.decode(W3CHttpResponseCodec.java:122)
	at org.openqa.selenium.remote.http.W3CHttpResponseCodec.decode(W3CHttpResponseCodec.java:49)
	at org.openqa.selenium.remote.HttpCommandExecutor.execute(HttpCommandExecutor.java:158)
	at org.openqa.selenium.remote.RemoteWebDriver.execute(RemoteWebDriver.java:552)
	at com.kms.katalon.core.webui.driver.ExistingRemoteWebDriver.execute(ExistingRemoteWebDriver.java:108)
	at org.openqa.selenium.remote.RemoteWebElement.execute(RemoteWebElement.java:285)
	at org.openqa.selenium.remote.RemoteWebElement.click(RemoteWebElement.java:84)
	at org.openqa.selenium.support.events.EventFiringWebDriver$EventFiringWebElement.lambda$new$0(EventFiringWebDriver.java:404)
	at com.sun.proxy.$Proxy9.click(Unknown Source)
	at org.openqa.selenium.support.events.EventFiringWebDriver$EventFiringWebElement.click(EventFiringWebDriver.java:417)
	at com.kms.katalon.core.webui.keyword.builtin.ClickKeyword$_click_closure1.doCall(ClickKeyword.groovy:69)
	at com.kms.katalon.core.webui.keyword.builtin.ClickKeyword$_click_closure1.call(ClickKeyword.groovy)
	at com.kms.katalon.core.webui.keyword.internal.WebUIKeywordMain.runKeyword(WebUIKeywordMain.groovy:20)
	at com.kms.katalon.core.webui.keyword.builtin.ClickKeyword.click(ClickKeyword.groovy:76)
	at com.kms.katalon.core.webui.keyword.builtin.ClickKeyword.execute(ClickKeyword.groovy:43)
	at com.kms.katalon.core.keyword.internal.KeywordExecutor.executeKeywordForPlatform(KeywordExecutor.groovy:72)
	at com.kms.katalon.core.webui.keyword.WebUiBuiltInKeywords.click(WebUiBuiltInKeywords.groovy:616)
	at com.kms.katalon.core.webui.keyword.WebUiBuiltInKeywords$click$0.call(Unknown Source)
	at Script1549506362832.run(Script1549506362832.groovy:28)
	... 13 more
)
	at com.kms.katalon.core.keyword.internal.KeywordMain.stepFailed(KeywordMain.groovy:39)
	at com.kms.katalon.core.webui.keyword.internal.WebUIKeywordMain.stepFailed(WebUIKeywordMain.groovy:64)
	at com.kms.katalon.core.webui.keyword.internal.WebUIKeywordMain.runKeyword(WebUIKeywordMain.groovy:26)
	at com.kms.katalon.core.webui.keyword.builtin.ClickKeyword.click(ClickKeyword.groovy:76)
	at com.kms.katalon.core.webui.keyword.builtin.ClickKeyword.execute(ClickKeyword.groovy:43)
	at com.kms.katalon.core.keyword.internal.KeywordExecutor.executeKeywordForPlatform(KeywordExecutor.groovy:72)
	at com.kms.katalon.core.webui.keyword.WebUiBuiltInKeywords.click(WebUiBuiltInKeywords.groovy:616)
	at com.kms.katalon.core.webui.keyword.WebUiBuiltInKeywords$click$0.call(Unknown Source)
	at Add Category.run(Add Category:28)
	at com.kms.katalon.core.main.ScriptEngine.run(ScriptEngine.java:194)
	at com.kms.katalon.core.main.ScriptEngine.runScriptAsRawText(ScriptEngine.java:119)
	at com.kms.katalon.core.main.TestCaseExecutor.runScript(TestCaseExecutor.java:337)
	at com.kms.katalon.core.main.TestCaseExecutor.doExecute(TestCaseExecutor.java:328)
	at com.kms.katalon.core.main.TestCaseExecutor.processExecutionPhase(TestCaseExecutor.java:307)
	at com.kms.katalon.core.main.TestCaseExecutor.accessMainPhase(TestCaseExecutor.java:299)
	at com.kms.katalon.core.main.TestCaseExecutor.execute(TestCaseExecutor.java:233)
	at com.kms.katalon.core.main.TestSuiteExecutor.accessTestCaseMainPhase(TestSuiteExecutor.java:169)
	at com.kms.katalon.core.main.TestSuiteExecutor.accessTestSuiteMainPhase(TestSuiteExecutor.java:142)
	at com.kms.katalon.core.main.TestSuiteExecutor.execute(TestSuiteExecutor.java:91)
	at com.kms.katalon.core.main.TestCaseMain.startTestSuite(TestCaseMain.java:157)
	at com.kms.katalon.core.main.TestCaseMain$startTestSuite$0.call(Unknown Source)
	at TempTestSuite1584598607274.run(TempTestSuite1584598607274.groovy:36)
Caused by: com.kms.katalon.core.exception.StepFailedException: Unable to click on object 'Object Repository/ADMIN/Categories/Category List/button_Categories'
	... 21 more
Caused by: org.openqa.selenium.ElementNotInteractableException: element not interactable
  (Session info: chrome=80.0.3987.132)
Build info: version: '3.141.59', revision: 'e82be7d358', time: '2018-11-14T08:25:53'
System info: host: 'ARCADIER-03', ip: '192.168.254.105', os.name: 'Windows 7', os.arch: 'amd64', os.version: '6.1', java.version: '1.8.0_181'
Driver info: com.kms.katalon.core.webui.driver.ExistingRemoteWebDriver
Capabilities {javascriptEnabled: true, platform: ANY, platformName: ANY}
Session ID: 66da7635ded2d355388026ca8e7d8eff
	at org.openqa.selenium.remote.http.W3CHttpResponseCodec.createException(W3CHttpResponseCodec.java:187)
	at org.openqa.selenium.remote.http.W3CHttpResponseCodec.decode(W3CHttpResponseCodec.java:122)
	at org.openqa.selenium.remote.http.W3CHttpResponseCodec.decode(W3CHttpResponseCodec.java:49)
	at org.openqa.selenium.remote.HttpCommandExecutor.execute(HttpCommandExecutor.java:158)
	at org.openqa.selenium.remote.RemoteWebDriver.execute(RemoteWebDriver.java:552)
	at com.kms.katalon.core.webui.driver.ExistingRemoteWebDriver.execute(ExistingRemoteWebDriver.java:108)
	at org.openqa.selenium.remote.RemoteWebElement.execute(RemoteWebElement.java:285)
	at org.openqa.selenium.remote.RemoteWebElement.click(RemoteWebElement.java:84)
	at org.openqa.selenium.support.events.EventFiringWebDriver$EventFiringWebElement.lambda$new$0(EventFiringWebDriver.java:404)
	at com.sun.proxy.$Proxy9.click(Unknown Source)
	at org.openqa.selenium.support.events.EventFiringWebDriver$EventFiringWebElement.click(EventFiringWebDriver.java:417)
	at com.kms.katalon.core.webui.keyword.builtin.ClickKeyword$_click_closure1.doCall(ClickKeyword.groovy:69)
	at com.kms.katalon.core.webui.keyword.builtin.ClickKeyword$_click_closure1.call(ClickKeyword.groovy)
	at com.kms.katalon.core.webui.keyword.internal.WebUIKeywordMain.runKeyword(WebUIKeywordMain.groovy:20)
	... 19 more


2020-03-19 14:18:16 - [TEST_STEP][PASSED] - waitForElementVisible(findTestObject("ADMIN/Categories/Category List/button_Content Mgmt"), 0): Object 'Object Repository/ADMIN/Categories/Category List/button_Content Mgmt' is visible

2020-03-19 14:18:16 - [MESSAGE][WARNING] - Timeout '0' is invalid. Using default page load timeout: '30'

2020-03-19 14:18:16 - [MESSAGE][PASSED] - Object 'Object Repository/ADMIN/Categories/Category List/button_Content Mgmt' is visible

2020-03-19 14:18:16 - [TEST_STEP][PASSED] - click(findTestObject("ADMIN/Categories/Category List/button_Content Mgmt")): Object: 'Object Repository/ADMIN/Categories/Category List/button_Content Mgmt' is clicked on

2020-03-19 14:18:16 - [MESSAGE][PASSED] - Object: 'Object Repository/ADMIN/Categories/Category List/button_Content Mgmt' is clicked on

2020-03-19 14:18:16 - [TEST_STEP][PASSED] - waitForElementVisible(findTestObject("ADMIN/Categories/Category List/button_Categories"), 0): Object 'Object Repository/ADMIN/Categories/Category List/button_Categories' is visible

2020-03-19 14:18:16 - [MESSAGE][WARNING] - Timeout '0' is invalid. Using default page load timeout: '30'

2020-03-19 14:18:16 - [MESSAGE][PASSED] - Object 'Object Repository/ADMIN/Categories/Category List/button_Categories' is visible

2020-03-19 14:18:16 - [TEST_STEP][FAILED] - click(findTestObject("ADMIN/Categories/Category List/button_Categories")): Unable to click on object 'Object Repository/ADMIN/Categories/Category List/button_Categories' (Root cause: com.kms.katalon.core.exception.StepFailedException: Unable to click on object 'Object Repository/ADMIN/Categories/Category List/button_Categories'
	at com.kms.katalon.core.webui.keyword.internal.WebUIKeywordMain.stepFailed(WebUIKeywordMain.groovy:64)
	at com.kms.katalon.core.webui.keyword.internal.WebUIKeywordMain.runKeyword(WebUIKeywordMain.groovy:26)
	at com.kms.katalon.core.webui.keyword.builtin.ClickKeyword.click(ClickKeyword.groovy:76)
	at com.kms.katalon.core.webui.keyword.builtin.ClickKeyword.execute(ClickKeyword.groovy:43)
	at com.kms.katalon.core.keyword.internal.KeywordExecutor.executeKeywordForPlatform(KeywordExecutor.groovy:72)
	at com.kms.katalon.core.webui.keyword.WebUiBuiltInKeywords.click(WebUiBuiltInKeywords.groovy:616)
	at com.kms.katalon.core.webui.keyword.WebUiBuiltInKeywords$click$0.call(Unknown Source)
	at Add Category.run(Add Category:28)
	at com.kms.katalon.core.main.ScriptEngine.run(ScriptEngine.java:194)
	at com.kms.katalon.core.main.ScriptEngine.runScriptAsRawText(ScriptEngine.java:119)
	at com.kms.katalon.core.main.TestCaseExecutor.runScript(TestCaseExecutor.java:337)
	at com.kms.katalon.core.main.TestCaseExecutor.doExecute(TestCaseExecutor.java:328)
	at com.kms.katalon.core.main.TestCaseExecutor.processExecutionPhase(TestCaseExecutor.java:307)
	at com.kms.katalon.core.main.TestCaseExecutor.accessMainPhase(TestCaseExecutor.java:299)
	at com.kms.katalon.core.main.TestCaseExecutor.execute(TestCaseExecutor.java:233)
	at com.kms.katalon.core.main.TestSuiteExecutor.accessTestCaseMainPhase(TestSuiteExecutor.java:169)
	at com.kms.katalon.core.main.TestSuiteExecutor.accessTestSuiteMainPhase(TestSuiteExecutor.java:142)
	at com.kms.katalon.core.main.TestSuiteExecutor.execute(TestSuiteExecutor.java:91)
	at com.kms.katalon.core.main.TestCaseMain.startTestSuite(TestCaseMain.java:157)
	at com.kms.katalon.core.main.TestCaseMain$startTestSuite$0.call(Unknown Source)
	at TempTestSuite1584598607274.run(TempTestSuite1584598607274.groovy:36)
Caused by: org.openqa.selenium.ElementNotInteractableException: element not interactable
  (Session info: chrome=80.0.3987.132)
Build info: version: '3.141.59', revision: 'e82be7d358', time: '2018-11-14T08:25:53'
System info: host: 'ARCADIER-03', ip: '192.168.254.105', os.name: 'Windows 7', os.arch: 'amd64', os.version: '6.1', java.version: '1.8.0_181'
Driver info: com.kms.katalon.core.webui.driver.ExistingRemoteWebDriver
Capabilities {javascriptEnabled: true, platform: ANY, platformName: ANY}
Session ID: 66da7635ded2d355388026ca8e7d8eff
	at org.openqa.selenium.remote.http.W3CHttpResponseCodec.createException(W3CHttpResponseCodec.java:187)
	at org.openqa.selenium.remote.http.W3CHttpResponseCodec.decode(W3CHttpResponseCodec.java:122)
	at org.openqa.selenium.remote.http.W3CHttpResponseCodec.decode(W3CHttpResponseCodec.java:49)
	at org.openqa.selenium.remote.HttpCommandExecutor.execute(HttpCommandExecutor.java:158)
	at org.openqa.selenium.remote.RemoteWebDriver.execute(RemoteWebDriver.java:552)
	at com.kms.katalon.core.webui.driver.ExistingRemoteWebDriver.execute(ExistingRemoteWebDriver.java:108)
	at org.openqa.selenium.remote.RemoteWebElement.execute(RemoteWebElement.java:285)
	at org.openqa.selenium.remote.RemoteWebElement.click(RemoteWebElement.java:84)
	at org.openqa.selenium.support.events.EventFiringWebDriver$EventFiringWebElement.lambda$new$0(EventFiringWebDriver.java:404)
	at com.sun.proxy.$Proxy9.click(Unknown Source)
	at org.openqa.selenium.support.events.EventFiringWebDriver$EventFiringWebElement.click(EventFiringWebDriver.java:417)
	at com.kms.katalon.core.webui.keyword.builtin.ClickKeyword$_click_closure1.doCall(ClickKeyword.groovy:69)
	at com.kms.katalon.core.webui.keyword.builtin.ClickKeyword$_click_closure1.call(ClickKeyword.groovy)
	at com.kms.katalon.core.webui.keyword.internal.WebUIKeywordMain.runKeyword(WebUIKeywordMain.groovy:20)
	at com.kms.katalon.core.webui.keyword.builtin.ClickKeyword.click(ClickKeyword.groovy:76)
	at com.kms.katalon.core.webui.keyword.builtin.ClickKeyword.execute(ClickKeyword.groovy:43)
	at com.kms.katalon.core.keyword.internal.KeywordExecutor.executeKeywordForPlatform(KeywordExecutor.groovy:72)
	at com.kms.katalon.core.webui.keyword.WebUiBuiltInKeywords.click(WebUiBuiltInKeywords.groovy:616)
	at com.kms.katalon.core.webui.keyword.WebUiBuiltInKeywords$click$0.call(Unknown Source)
	at Script1549506362832.run(Script1549506362832.groovy:28)
	... 13 more
)

2020-03-19 14:18:17 - [MESSAGE][FAILED] - Unable to click on object 'Object Repository/ADMIN/Categories/Category List/button_Categories' (Root cause: com.kms.katalon.core.exception.StepFailedException: Unable to click on object 'Object Repository/ADMIN/Categories/Category List/button_Categories'
	at com.kms.katalon.core.webui.keyword.internal.WebUIKeywordMain.stepFailed(WebUIKeywordMain.groovy:64)
	at com.kms.katalon.core.webui.keyword.internal.WebUIKeywordMain.runKeyword(WebUIKeywordMain.groovy:26)
	at com.kms.katalon.core.webui.keyword.builtin.ClickKeyword.click(ClickKeyword.groovy:76)
	at com.kms.katalon.core.webui.keyword.builtin.ClickKeyword.execute(ClickKeyword.groovy:43)
	at com.kms.katalon.core.keyword.internal.KeywordExecutor.executeKeywordForPlatform(KeywordExecutor.groovy:72)
	at com.kms.katalon.core.webui.keyword.WebUiBuiltInKeywords.click(WebUiBuiltInKeywords.groovy:616)
	at com.kms.katalon.core.webui.keyword.WebUiBuiltInKeywords$click$0.call(Unknown Source)
	at Add Category.run(Add Category:28)
	at com.kms.katalon.core.main.ScriptEngine.run(ScriptEngine.java:194)
	at com.kms.katalon.core.main.ScriptEngine.runScriptAsRawText(ScriptEngine.java:119)
	at com.kms.katalon.core.main.TestCaseExecutor.runScript(TestCaseExecutor.java:337)
	at com.kms.katalon.core.main.TestCaseExecutor.doExecute(TestCaseExecutor.java:328)
	at com.kms.katalon.core.main.TestCaseExecutor.processExecutionPhase(TestCaseExecutor.java:307)
	at com.kms.katalon.core.main.TestCaseExecutor.accessMainPhase(TestCaseExecutor.java:299)
	at com.kms.katalon.core.main.TestCaseExecutor.execute(TestCaseExecutor.java:233)
	at com.kms.katalon.core.main.TestSuiteExecutor.accessTestCaseMainPhase(TestSuiteExecutor.java:169)
	at com.kms.katalon.core.main.TestSuiteExecutor.accessTestSuiteMainPhase(TestSuiteExecutor.java:142)
	at com.kms.katalon.core.main.TestSuiteExecutor.execute(TestSuiteExecutor.java:91)
	at com.kms.katalon.core.main.TestCaseMain.startTestSuite(TestCaseMain.java:157)
	at com.kms.katalon.core.main.TestCaseMain$startTestSuite$0.call(Unknown Source)
	at TempTestSuite1584598607274.run(TempTestSuite1584598607274.groovy:36)
Caused by: org.openqa.selenium.ElementNotInteractableException: element not interactable
  (Session info: chrome=80.0.3987.132)
Build info: version: '3.141.59', revision: 'e82be7d358', time: '2018-11-14T08:25:53'
System info: host: 'ARCADIER-03', ip: '192.168.254.105', os.name: 'Windows 7', os.arch: 'amd64', os.version: '6.1', java.version: '1.8.0_181'
Driver info: com.kms.katalon.core.webui.driver.ExistingRemoteWebDriver
Capabilities {javascriptEnabled: true, platform: ANY, platformName: ANY}
Session ID: 66da7635ded2d355388026ca8e7d8eff
	at org.openqa.selenium.remote.http.W3CHttpResponseCodec.createException(W3CHttpResponseCodec.java:187)
	at org.openqa.selenium.remote.http.W3CHttpResponseCodec.decode(W3CHttpResponseCodec.java:122)
	at org.openqa.selenium.remote.http.W3CHttpResponseCodec.decode(W3CHttpResponseCodec.java:49)
	at org.openqa.selenium.remote.HttpCommandExecutor.execute(HttpCommandExecutor.java:158)
	at org.openqa.selenium.remote.RemoteWebDriver.execute(RemoteWebDriver.java:552)
	at com.kms.katalon.core.webui.driver.ExistingRemoteWebDriver.execute(ExistingRemoteWebDriver.java:108)
	at org.openqa.selenium.remote.RemoteWebElement.execute(RemoteWebElement.java:285)
	at org.openqa.selenium.remote.RemoteWebElement.click(RemoteWebElement.java:84)
	at org.openqa.selenium.support.events.EventFiringWebDriver$EventFiringWebElement.lambda$new$0(EventFiringWebDriver.java:404)
	at com.sun.proxy.$Proxy9.click(Unknown Source)
	at org.openqa.selenium.support.events.EventFiringWebDriver$EventFiringWebElement.click(EventFiringWebDriver.java:417)
	at com.kms.katalon.core.webui.keyword.builtin.ClickKeyword$_click_closure1.doCall(ClickKeyword.groovy:69)
	at com.kms.katalon.core.webui.keyword.builtin.ClickKeyword$_click_closure1.call(ClickKeyword.groovy)
	at com.kms.katalon.core.webui.keyword.internal.WebUIKeywordMain.runKeyword(WebUIKeywordMain.groovy:20)
	at com.kms.katalon.core.webui.keyword.builtin.ClickKeyword.click(ClickKeyword.groovy:76)
	at com.kms.katalon.core.webui.keyword.builtin.ClickKeyword.execute(ClickKeyword.groovy:43)
	at com.kms.katalon.core.keyword.internal.KeywordExecutor.executeKeywordForPlatform(KeywordExecutor.groovy:72)
	at com.kms.katalon.core.webui.keyword.WebUiBuiltInKeywords.click(WebUiBuiltInKeywords.groovy:616)
	at com.kms.katalon.core.webui.keyword.WebUiBuiltInKeywords$click$0.call(Unknown Source)
	at Script1549506362832.run(Script1549506362832.groovy:28)
	... 13 more
)
[[ATTACHMENT|C:\\Katalon\\Arctick\\Reports\\20200319_141647\\Admin\\Admin Add Category\\20200319_141647\\1584598696953.png]]

2020-03-19 14:18:17 - [TEST_STEP][PASSED] - waitForPageLoad(0, STOP_ON_FAILURE): Wait for page load successfully

2020-03-19 14:18:17 - [MESSAGE][WARNING] - Timeout '0' is invalid. Using default page load timeout: '30'

2020-03-19 14:18:17 - [MESSAGE][PASSED] - Wait for page load successfully

2020-03-19 14:18:17 - [TEST_STEP][PASSED] - click(findTestObject("ADMIN/Categories/Category List/button_Add a Category")): Object: 'Object Repository/ADMIN/Categories/Category List/button_Add a Category' is clicked on

2020-03-19 14:18:17 - [MESSAGE][PASSED] - Object: 'Object Repository/ADMIN/Categories/Category List/button_Add a Category' is clicked on

2020-03-19 14:18:17 - [TEST_STEP][PASSED] - waitForElementPresent(findTestObject("ADMIN/Categories/Category/dropdown_Parent"), 2): Object 'Object Repository/ADMIN/Categories/Category/dropdown_Parent' is present

2020-03-19 14:18:17 - [MESSAGE][PASSED] - Object 'Object Repository/ADMIN/Categories/Category/dropdown_Parent' is present

2020-03-19 14:18:17 - [TEST_STEP][PASSED] - delay(1): Delayed 1 second(s)

2020-03-19 14:18:18 - [MESSAGE][PASSED] - Delayed 1 second(s)

2020-03-19 14:18:18 - [TEST_STEP][PASSED] - setText(findTestObject("ADMIN/Categories/Category/textfield_Category Name"), CategoryNametext): Text 'Category 3.1' is set on object 'Object Repository/ADMIN/Categories/Category/textfield_Category Name'

2020-03-19 14:18:18 - [MESSAGE][PASSED] - Text 'Category 3.1' is set on object 'Object Repository/ADMIN/Categories/Category/textfield_Category Name'

2020-03-19 14:18:18 - [TEST_STEP][PASSED] - click(findTestObject("ADMIN/Categories/Category/dropdown_Parent")): Object: 'Object Repository/ADMIN/Categories/Category/dropdown_Parent' is clicked on

2020-03-19 14:18:19 - [MESSAGE][PASSED] - Object: 'Object Repository/ADMIN/Categories/Category/dropdown_Parent' is clicked on

2020-03-19 14:18:19 - [TEST_STEP][PASSED] - delay(2): Delayed 2 second(s)

2020-03-19 14:18:21 - [MESSAGE][PASSED] - Delayed 2 second(s)

2020-03-19 14:18:21 - [TEST_STEP][PASSED] - click(findTestObject("ADMIN/Categories/Category/dropdown_Parent")): Object: 'Object Repository/ADMIN/Categories/Category/dropdown_Parent' is clicked on

2020-03-19 14:18:21 - [MESSAGE][PASSED] - Object: 'Object Repository/ADMIN/Categories/Category/dropdown_Parent' is clicked on

2020-03-19 14:18:21 - [TEST_STEP][PASSED] - selectOptionByLabel(findTestObject("ADMIN/Categories/Category/dropdown_Parent"), ParentName, false): All options with label 'Category 03' are selected in object 'Object Repository/ADMIN/Categories/Category/dropdown_Parent' 

2020-03-19 14:18:21 - [MESSAGE][PASSED] - All options with label 'Category 03' are selected in object 'Object Repository/ADMIN/Categories/Category/dropdown_Parent' 

2020-03-19 14:18:21 - [TEST_STEP][PASSED] - click(findTestObject("ADMIN/Categories/Category/button_Browse")): Object: 'Object Repository/ADMIN/Categories/Category/button_Browse' is clicked on

2020-03-19 14:18:21 - [MESSAGE][PASSED] - Object: 'Object Repository/ADMIN/Categories/Category/button_Browse' is clicked on

2020-03-19 14:18:21 - [TEST_STEP][PASSED] - delay(2): Delayed 2 second(s)

2020-03-19 14:18:23 - [MESSAGE][PASSED] - Delayed 2 second(s)

2020-03-19 14:18:23 - [TEST_STEP][PASSED] - uploadFile(findTestObject("ADMIN/Categories/Category/image_input image"), CategoryImageUpload): File 'C:\\Katalon\\Arctick\\Images\\Category\\3.png' sent to object: 'Object Repository/ADMIN/Categories/Category/image_input image'

2020-03-19 14:18:23 - [MESSAGE][PASSED] - File 'C:\\Katalon\\Arctick\\Images\\Category\\3.png' sent to object: 'Object Repository/ADMIN/Categories/Category/image_input image'

2020-03-19 14:18:23 - [TEST_STEP][PASSED] - waitForElementVisible(findTestObject("ADMIN/Categories/Category/button_upload check"), 0): Object 'Object Repository/ADMIN/Categories/Category/button_upload check' is visible

2020-03-19 14:18:23 - [MESSAGE][WARNING] - Timeout '0' is invalid. Using default page load timeout: '30'

2020-03-19 14:18:23 - [MESSAGE][PASSED] - Object 'Object Repository/ADMIN/Categories/Category/button_upload check' is visible

2020-03-19 14:18:23 - [TEST_STEP][PASSED] - click(findTestObject("ADMIN/Categories/Category/button_upload check")): Object: 'Object Repository/ADMIN/Categories/Category/button_upload check' is clicked on

2020-03-19 14:18:23 - [MESSAGE][PASSED] - Object: 'Object Repository/ADMIN/Categories/Category/button_upload check' is clicked on

2020-03-19 14:18:23 - [TEST_STEP][PASSED] - waitForElementVisible(findTestObject("ADMIN/Categories/Category/button_upload save"), 0): Object 'Object Repository/ADMIN/Categories/Category/button_upload save' is visible

2020-03-19 14:18:23 - [MESSAGE][WARNING] - Timeout '0' is invalid. Using default page load timeout: '30'

2020-03-19 14:18:24 - [MESSAGE][PASSED] - Object 'Object Repository/ADMIN/Categories/Category/button_upload save' is visible

2020-03-19 14:18:24 - [TEST_STEP][PASSED] - click(findTestObject("ADMIN/Categories/Category/button_upload save")): Object: 'Object Repository/ADMIN/Categories/Category/button_upload save' is clicked on

2020-03-19 14:18:24 - [MESSAGE][PASSED] - Object: 'Object Repository/ADMIN/Categories/Category/button_upload save' is clicked on

2020-03-19 14:18:24 - [TEST_STEP][PASSED] - setText(findTestObject("ADMIN/Categories/Category/textfield_category_description"), Description): Text 'Description6' is set on object 'Object Repository/ADMIN/Categories/Category/textfield_category_description'

2020-03-19 14:18:24 - [MESSAGE][PASSED] - Text 'Description6' is set on object 'Object Repository/ADMIN/Categories/Category/textfield_category_description'

2020-03-19 14:18:24 - [TEST_STEP][PASSED] - click(findTestObject("ADMIN/Categories/Category/button_Save")): Object: 'Object Repository/ADMIN/Categories/Category/button_Save' is clicked on

2020-03-19 14:18:24 - [MESSAGE][PASSED] - Object: 'Object Repository/ADMIN/Categories/Category/button_Save' is clicked on

2020-03-19 14:18:24 - [TEST_STEP][PASSED] - waitForElementVisible(findTestObject("ADMIN/Categories/Category/label_edit popup"), 0): Object 'Object Repository/ADMIN/Categories/Category/label_edit popup' is visible

2020-03-19 14:18:24 - [MESSAGE][WARNING] - Timeout '0' is invalid. Using default page load timeout: '30'

2020-03-19 14:18:25 - [MESSAGE][PASSED] - Object 'Object Repository/ADMIN/Categories/Category/label_edit popup' is visible

2020-03-19 14:18:25 - [TEST_STEP][PASSED] - waitForElementNotPresent(findTestObject("ADMIN/Categories/Category/label_edit popup"), 0): Web element with id: 'Object Repository/ADMIN/Categories/Category/label_edit popup' located by 'By.xpath: //div[(text() = 'Category was successfully saved.' or . = 'Category was successfully saved.')]' is not present after '30' second(s)

2020-03-19 14:18:25 - [MESSAGE][WARNING] - Timeout '0' is invalid. Using default page load timeout: '30'

2020-03-19 14:18:31 - [MESSAGE][PASSED] - Web element with id: 'Object Repository/ADMIN/Categories/Category/label_edit popup' located by 'By.xpath: //div[(text() = 'Category was successfully saved.' or . = 'Category was successfully saved.')]' is not present after '30' second(s)]]></system-out>
         <system-err><![CDATA[2020-03-19 14:18:16 - [TEST_CASE][FAILED] - Test Cases/ADMIN/Content Mgmt/Categories/Category Add-Edit/Add Category: Test Cases/ADMIN/Content Mgmt/Categories/Category Add-Edit/Add Category FAILED.
Reason:
com.kms.katalon.core.exception.StepFailedException: Unable to click on object 'Object Repository/ADMIN/Categories/Category List/button_Categories' (Root cause: com.kms.katalon.core.exception.StepFailedException: Unable to click on object 'Object Repository/ADMIN/Categories/Category List/button_Categories'
	at com.kms.katalon.core.webui.keyword.internal.WebUIKeywordMain.stepFailed(WebUIKeywordMain.groovy:64)
	at com.kms.katalon.core.webui.keyword.internal.WebUIKeywordMain.runKeyword(WebUIKeywordMain.groovy:26)
	at com.kms.katalon.core.webui.keyword.builtin.ClickKeyword.click(ClickKeyword.groovy:76)
	at com.kms.katalon.core.webui.keyword.builtin.ClickKeyword.execute(ClickKeyword.groovy:43)
	at com.kms.katalon.core.keyword.internal.KeywordExecutor.executeKeywordForPlatform(KeywordExecutor.groovy:72)
	at com.kms.katalon.core.webui.keyword.WebUiBuiltInKeywords.click(WebUiBuiltInKeywords.groovy:616)
	at com.kms.katalon.core.webui.keyword.WebUiBuiltInKeywords$click$0.call(Unknown Source)
	at Add Category.run(Add Category:28)
	at com.kms.katalon.core.main.ScriptEngine.run(ScriptEngine.java:194)
	at com.kms.katalon.core.main.ScriptEngine.runScriptAsRawText(ScriptEngine.java:119)
	at com.kms.katalon.core.main.TestCaseExecutor.runScript(TestCaseExecutor.java:337)
	at com.kms.katalon.core.main.TestCaseExecutor.doExecute(TestCaseExecutor.java:328)
	at com.kms.katalon.core.main.TestCaseExecutor.processExecutionPhase(TestCaseExecutor.java:307)
	at com.kms.katalon.core.main.TestCaseExecutor.accessMainPhase(TestCaseExecutor.java:299)
	at com.kms.katalon.core.main.TestCaseExecutor.execute(TestCaseExecutor.java:233)
	at com.kms.katalon.core.main.TestSuiteExecutor.accessTestCaseMainPhase(TestSuiteExecutor.java:169)
	at com.kms.katalon.core.main.TestSuiteExecutor.accessTestSuiteMainPhase(TestSuiteExecutor.java:142)
	at com.kms.katalon.core.main.TestSuiteExecutor.execute(TestSuiteExecutor.java:91)
	at com.kms.katalon.core.main.TestCaseMain.startTestSuite(TestCaseMain.java:157)
	at com.kms.katalon.core.main.TestCaseMain$startTestSuite$0.call(Unknown Source)
	at TempTestSuite1584598607274.run(TempTestSuite1584598607274.groovy:36)
Caused by: org.openqa.selenium.ElementNotInteractableException: element not interactable
  (Session info: chrome=80.0.3987.132)
Build info: version: '3.141.59', revision: 'e82be7d358', time: '2018-11-14T08:25:53'
System info: host: 'ARCADIER-03', ip: '192.168.254.105', os.name: 'Windows 7', os.arch: 'amd64', os.version: '6.1', java.version: '1.8.0_181'
Driver info: com.kms.katalon.core.webui.driver.ExistingRemoteWebDriver
Capabilities {javascriptEnabled: true, platform: ANY, platformName: ANY}
Session ID: 66da7635ded2d355388026ca8e7d8eff
	at org.openqa.selenium.remote.http.W3CHttpResponseCodec.createException(W3CHttpResponseCodec.java:187)
	at org.openqa.selenium.remote.http.W3CHttpResponseCodec.decode(W3CHttpResponseCodec.java:122)
	at org.openqa.selenium.remote.http.W3CHttpResponseCodec.decode(W3CHttpResponseCodec.java:49)
	at org.openqa.selenium.remote.HttpCommandExecutor.execute(HttpCommandExecutor.java:158)
	at org.openqa.selenium.remote.RemoteWebDriver.execute(RemoteWebDriver.java:552)
	at com.kms.katalon.core.webui.driver.ExistingRemoteWebDriver.execute(ExistingRemoteWebDriver.java:108)
	at org.openqa.selenium.remote.RemoteWebElement.execute(RemoteWebElement.java:285)
	at org.openqa.selenium.remote.RemoteWebElement.click(RemoteWebElement.java:84)
	at org.openqa.selenium.support.events.EventFiringWebDriver$EventFiringWebElement.lambda$new$0(EventFiringWebDriver.java:404)
	at com.sun.proxy.$Proxy9.click(Unknown Source)
	at org.openqa.selenium.support.events.EventFiringWebDriver$EventFiringWebElement.click(EventFiringWebDriver.java:417)
	at com.kms.katalon.core.webui.keyword.builtin.ClickKeyword$_click_closure1.doCall(ClickKeyword.groovy:69)
	at com.kms.katalon.core.webui.keyword.builtin.ClickKeyword$_click_closure1.call(ClickKeyword.groovy)
	at com.kms.katalon.core.webui.keyword.internal.WebUIKeywordMain.runKeyword(WebUIKeywordMain.groovy:20)
	at com.kms.katalon.core.webui.keyword.builtin.ClickKeyword.click(ClickKeyword.groovy:76)
	at com.kms.katalon.core.webui.keyword.builtin.ClickKeyword.execute(ClickKeyword.groovy:43)
	at com.kms.katalon.core.keyword.internal.KeywordExecutor.executeKeywordForPlatform(KeywordExecutor.groovy:72)
	at com.kms.katalon.core.webui.keyword.WebUiBuiltInKeywords.click(WebUiBuiltInKeywords.groovy:616)
	at com.kms.katalon.core.webui.keyword.WebUiBuiltInKeywords$click$0.call(Unknown Source)
	at Script1549506362832.run(Script1549506362832.groovy:28)
	... 13 more
)
	at com.kms.katalon.core.keyword.internal.KeywordMain.stepFailed(KeywordMain.groovy:39)
	at com.kms.katalon.core.webui.keyword.internal.WebUIKeywordMain.stepFailed(WebUIKeywordMain.groovy:64)
	at com.kms.katalon.core.webui.keyword.internal.WebUIKeywordMain.runKeyword(WebUIKeywordMain.groovy:26)
	at com.kms.katalon.core.webui.keyword.builtin.ClickKeyword.click(ClickKeyword.groovy:76)
	at com.kms.katalon.core.webui.keyword.builtin.ClickKeyword.execute(ClickKeyword.groovy:43)
	at com.kms.katalon.core.keyword.internal.KeywordExecutor.executeKeywordForPlatform(KeywordExecutor.groovy:72)
	at com.kms.katalon.core.webui.keyword.WebUiBuiltInKeywords.click(WebUiBuiltInKeywords.groovy:616)
	at com.kms.katalon.core.webui.keyword.WebUiBuiltInKeywords$click$0.call(Unknown Source)
	at Add Category.run(Add Category:28)
	at com.kms.katalon.core.main.ScriptEngine.run(ScriptEngine.java:194)
	at com.kms.katalon.core.main.ScriptEngine.runScriptAsRawText(ScriptEngine.java:119)
	at com.kms.katalon.core.main.TestCaseExecutor.runScript(TestCaseExecutor.java:337)
	at com.kms.katalon.core.main.TestCaseExecutor.doExecute(TestCaseExecutor.java:328)
	at com.kms.katalon.core.main.TestCaseExecutor.processExecutionPhase(TestCaseExecutor.java:307)
	at com.kms.katalon.core.main.TestCaseExecutor.accessMainPhase(TestCaseExecutor.java:299)
	at com.kms.katalon.core.main.TestCaseExecutor.execute(TestCaseExecutor.java:233)
	at com.kms.katalon.core.main.TestSuiteExecutor.accessTestCaseMainPhase(TestSuiteExecutor.java:169)
	at com.kms.katalon.core.main.TestSuiteExecutor.accessTestSuiteMainPhase(TestSuiteExecutor.java:142)
	at com.kms.katalon.core.main.TestSuiteExecutor.execute(TestSuiteExecutor.java:91)
	at com.kms.katalon.core.main.TestCaseMain.startTestSuite(TestCaseMain.java:157)
	at com.kms.katalon.core.main.TestCaseMain$startTestSuite$0.call(Unknown Source)
	at TempTestSuite1584598607274.run(TempTestSuite1584598607274.groovy:36)
Caused by: com.kms.katalon.core.exception.StepFailedException: Unable to click on object 'Object Repository/ADMIN/Categories/Category List/button_Categories'
	... 21 more
Caused by: org.openqa.selenium.ElementNotInteractableException: element not interactable
  (Session info: chrome=80.0.3987.132)
Build info: version: '3.141.59', revision: 'e82be7d358', time: '2018-11-14T08:25:53'
System info: host: 'ARCADIER-03', ip: '192.168.254.105', os.name: 'Windows 7', os.arch: 'amd64', os.version: '6.1', java.version: '1.8.0_181'
Driver info: com.kms.katalon.core.webui.driver.ExistingRemoteWebDriver
Capabilities {javascriptEnabled: true, platform: ANY, platformName: ANY}
Session ID: 66da7635ded2d355388026ca8e7d8eff
	at org.openqa.selenium.remote.http.W3CHttpResponseCodec.createException(W3CHttpResponseCodec.java:187)
	at org.openqa.selenium.remote.http.W3CHttpResponseCodec.decode(W3CHttpResponseCodec.java:122)
	at org.openqa.selenium.remote.http.W3CHttpResponseCodec.decode(W3CHttpResponseCodec.java:49)
	at org.openqa.selenium.remote.HttpCommandExecutor.execute(HttpCommandExecutor.java:158)
	at org.openqa.selenium.remote.RemoteWebDriver.execute(RemoteWebDriver.java:552)
	at com.kms.katalon.core.webui.driver.ExistingRemoteWebDriver.execute(ExistingRemoteWebDriver.java:108)
	at org.openqa.selenium.remote.RemoteWebElement.execute(RemoteWebElement.java:285)
	at org.openqa.selenium.remote.RemoteWebElement.click(RemoteWebElement.java:84)
	at org.openqa.selenium.support.events.EventFiringWebDriver$EventFiringWebElement.lambda$new$0(EventFiringWebDriver.java:404)
	at com.sun.proxy.$Proxy9.click(Unknown Source)
	at org.openqa.selenium.support.events.EventFiringWebDriver$EventFiringWebElement.click(EventFiringWebDriver.java:417)
	at com.kms.katalon.core.webui.keyword.builtin.ClickKeyword$_click_closure1.doCall(ClickKeyword.groovy:69)
	at com.kms.katalon.core.webui.keyword.builtin.ClickKeyword$_click_closure1.call(ClickKeyword.groovy)
	at com.kms.katalon.core.webui.keyword.internal.WebUIKeywordMain.runKeyword(WebUIKeywordMain.groovy:20)
	... 19 more]]></system-err>
      </testcase>
      <testcase name="Test Cases/ADMIN/Content Mgmt/Categories/Category Add-Edit/Add Category" time="14.69" classname="Test Cases/ADMIN/Content Mgmt/Categories/Category Add-Edit/Add Category" status="PASSED">
         <system-out><![CDATA[2020-03-19 14:18:31 - [TEST_CASE][PASSED] - Test Cases/ADMIN/Content Mgmt/Categories/Category Add-Edit/Add Category: Test Cases/ADMIN/Content Mgmt/Categories/Category Add-Edit/Add Category

2020-03-19 14:18:31 - [TEST_STEP][PASSED] - waitForElementVisible(findTestObject("ADMIN/Categories/Category List/button_Content Mgmt"), 0): Object 'Object Repository/ADMIN/Categories/Category List/button_Content Mgmt' is visible

2020-03-19 14:18:31 - [MESSAGE][WARNING] - Timeout '0' is invalid. Using default page load timeout: '30'

2020-03-19 14:18:32 - [MESSAGE][PASSED] - Object 'Object Repository/ADMIN/Categories/Category List/button_Content Mgmt' is visible

2020-03-19 14:18:32 - [TEST_STEP][PASSED] - click(findTestObject("ADMIN/Categories/Category List/button_Content Mgmt")): Object: 'Object Repository/ADMIN/Categories/Category List/button_Content Mgmt' is clicked on

2020-03-19 14:18:32 - [MESSAGE][PASSED] - Object: 'Object Repository/ADMIN/Categories/Category List/button_Content Mgmt' is clicked on

2020-03-19 14:18:32 - [TEST_STEP][PASSED] - waitForElementVisible(findTestObject("ADMIN/Categories/Category List/button_Categories"), 0): Object 'Object Repository/ADMIN/Categories/Category List/button_Categories' is visible

2020-03-19 14:18:32 - [MESSAGE][WARNING] - Timeout '0' is invalid. Using default page load timeout: '30'

2020-03-19 14:18:32 - [MESSAGE][PASSED] - Object 'Object Repository/ADMIN/Categories/Category List/button_Categories' is visible

2020-03-19 14:18:32 - [TEST_STEP][PASSED] - click(findTestObject("ADMIN/Categories/Category List/button_Categories")): Object: 'Object Repository/ADMIN/Categories/Category List/button_Categories' is clicked on

2020-03-19 14:18:32 - [MESSAGE][PASSED] - Object: 'Object Repository/ADMIN/Categories/Category List/button_Categories' is clicked on

2020-03-19 14:18:32 - [TEST_STEP][PASSED] - waitForPageLoad(0, STOP_ON_FAILURE): Wait for page load successfully

2020-03-19 14:18:32 - [MESSAGE][WARNING] - Timeout '0' is invalid. Using default page load timeout: '30'

2020-03-19 14:18:32 - [MESSAGE][PASSED] - Wait for page load successfully

2020-03-19 14:18:32 - [TEST_STEP][PASSED] - click(findTestObject("ADMIN/Categories/Category List/button_Add a Category")): Object: 'Object Repository/ADMIN/Categories/Category List/button_Add a Category' is clicked on

2020-03-19 14:18:32 - [MESSAGE][PASSED] - Object: 'Object Repository/ADMIN/Categories/Category List/button_Add a Category' is clicked on

2020-03-19 14:18:32 - [TEST_STEP][PASSED] - waitForElementPresent(findTestObject("ADMIN/Categories/Category/dropdown_Parent"), 2): Object 'Object Repository/ADMIN/Categories/Category/dropdown_Parent' is present

2020-03-19 14:18:32 - [MESSAGE][PASSED] - Object 'Object Repository/ADMIN/Categories/Category/dropdown_Parent' is present

2020-03-19 14:18:32 - [TEST_STEP][PASSED] - delay(1): Delayed 1 second(s)

2020-03-19 14:18:33 - [MESSAGE][PASSED] - Delayed 1 second(s)

2020-03-19 14:18:33 - [TEST_STEP][PASSED] - setText(findTestObject("ADMIN/Categories/Category/textfield_Category Name"), CategoryNametext): Text 'Category 3.1.1' is set on object 'Object Repository/ADMIN/Categories/Category/textfield_Category Name'

2020-03-19 14:18:33 - [MESSAGE][PASSED] - Text 'Category 3.1.1' is set on object 'Object Repository/ADMIN/Categories/Category/textfield_Category Name'

2020-03-19 14:18:33 - [TEST_STEP][PASSED] - click(findTestObject("ADMIN/Categories/Category/dropdown_Parent")): Object: 'Object Repository/ADMIN/Categories/Category/dropdown_Parent' is clicked on

2020-03-19 14:18:34 - [MESSAGE][PASSED] - Object: 'Object Repository/ADMIN/Categories/Category/dropdown_Parent' is clicked on

2020-03-19 14:18:34 - [TEST_STEP][PASSED] - delay(2): Delayed 2 second(s)

2020-03-19 14:18:36 - [MESSAGE][PASSED] - Delayed 2 second(s)

2020-03-19 14:18:36 - [TEST_STEP][PASSED] - click(findTestObject("ADMIN/Categories/Category/dropdown_Parent")): Object: 'Object Repository/ADMIN/Categories/Category/dropdown_Parent' is clicked on

2020-03-19 14:18:36 - [MESSAGE][PASSED] - Object: 'Object Repository/ADMIN/Categories/Category/dropdown_Parent' is clicked on

2020-03-19 14:18:36 - [TEST_STEP][PASSED] - selectOptionByLabel(findTestObject("ADMIN/Categories/Category/dropdown_Parent"), ParentName, false): All options with label 'Category 3.1' are selected in object 'Object Repository/ADMIN/Categories/Category/dropdown_Parent' 

2020-03-19 14:18:36 - [MESSAGE][PASSED] - All options with label 'Category 3.1' are selected in object 'Object Repository/ADMIN/Categories/Category/dropdown_Parent' 

2020-03-19 14:18:36 - [TEST_STEP][PASSED] - click(findTestObject("ADMIN/Categories/Category/button_Browse")): Object: 'Object Repository/ADMIN/Categories/Category/button_Browse' is clicked on

2020-03-19 14:18:36 - [MESSAGE][PASSED] - Object: 'Object Repository/ADMIN/Categories/Category/button_Browse' is clicked on

2020-03-19 14:18:36 - [TEST_STEP][PASSED] - delay(2): Delayed 2 second(s)

2020-03-19 14:18:38 - [MESSAGE][PASSED] - Delayed 2 second(s)

2020-03-19 14:18:38 - [TEST_STEP][PASSED] - uploadFile(findTestObject("ADMIN/Categories/Category/image_input image"), CategoryImageUpload): File 'C:\\Katalon\\Arctick\\Images\\Category\\3.png' sent to object: 'Object Repository/ADMIN/Categories/Category/image_input image'

2020-03-19 14:18:38 - [MESSAGE][PASSED] - File 'C:\\Katalon\\Arctick\\Images\\Category\\3.png' sent to object: 'Object Repository/ADMIN/Categories/Category/image_input image'

2020-03-19 14:18:38 - [TEST_STEP][PASSED] - waitForElementVisible(findTestObject("ADMIN/Categories/Category/button_upload check"), 0): Object 'Object Repository/ADMIN/Categories/Category/button_upload check' is visible

2020-03-19 14:18:39 - [MESSAGE][WARNING] - Timeout '0' is invalid. Using default page load timeout: '30'

2020-03-19 14:18:39 - [MESSAGE][PASSED] - Object 'Object Repository/ADMIN/Categories/Category/button_upload check' is visible

2020-03-19 14:18:39 - [TEST_STEP][PASSED] - click(findTestObject("ADMIN/Categories/Category/button_upload check")): Object: 'Object Repository/ADMIN/Categories/Category/button_upload check' is clicked on

2020-03-19 14:18:39 - [MESSAGE][PASSED] - Object: 'Object Repository/ADMIN/Categories/Category/button_upload check' is clicked on

2020-03-19 14:18:39 - [TEST_STEP][PASSED] - waitForElementVisible(findTestObject("ADMIN/Categories/Category/button_upload save"), 0): Object 'Object Repository/ADMIN/Categories/Category/button_upload save' is visible

2020-03-19 14:18:39 - [MESSAGE][WARNING] - Timeout '0' is invalid. Using default page load timeout: '30'

2020-03-19 14:18:39 - [MESSAGE][PASSED] - Object 'Object Repository/ADMIN/Categories/Category/button_upload save' is visible

2020-03-19 14:18:39 - [TEST_STEP][PASSED] - click(findTestObject("ADMIN/Categories/Category/button_upload save")): Object: 'Object Repository/ADMIN/Categories/Category/button_upload save' is clicked on

2020-03-19 14:18:39 - [MESSAGE][PASSED] - Object: 'Object Repository/ADMIN/Categories/Category/button_upload save' is clicked on

2020-03-19 14:18:39 - [TEST_STEP][PASSED] - setText(findTestObject("ADMIN/Categories/Category/textfield_category_description"), Description): Text 'Description7' is set on object 'Object Repository/ADMIN/Categories/Category/textfield_category_description'

2020-03-19 14:18:40 - [MESSAGE][PASSED] - Text 'Description7' is set on object 'Object Repository/ADMIN/Categories/Category/textfield_category_description'

2020-03-19 14:18:40 - [TEST_STEP][PASSED] - click(findTestObject("ADMIN/Categories/Category/button_Save")): Object: 'Object Repository/ADMIN/Categories/Category/button_Save' is clicked on

2020-03-19 14:18:40 - [MESSAGE][PASSED] - Object: 'Object Repository/ADMIN/Categories/Category/button_Save' is clicked on

2020-03-19 14:18:40 - [TEST_STEP][PASSED] - waitForElementVisible(findTestObject("ADMIN/Categories/Category/label_edit popup"), 0): Object 'Object Repository/ADMIN/Categories/Category/label_edit popup' is visible

2020-03-19 14:18:40 - [MESSAGE][WARNING] - Timeout '0' is invalid. Using default page load timeout: '30'

2020-03-19 14:18:40 - [MESSAGE][PASSED] - Object 'Object Repository/ADMIN/Categories/Category/label_edit popup' is visible

2020-03-19 14:18:40 - [TEST_STEP][PASSED] - waitForElementNotPresent(findTestObject("ADMIN/Categories/Category/label_edit popup"), 0): Web element with id: 'Object Repository/ADMIN/Categories/Category/label_edit popup' located by 'By.xpath: //div[(text() = 'Category was successfully saved.' or . = 'Category was successfully saved.')]' is not present after '30' second(s)

2020-03-19 14:18:40 - [MESSAGE][WARNING] - Timeout '0' is invalid. Using default page load timeout: '30'

2020-03-19 14:18:46 - [MESSAGE][PASSED] - Web element with id: 'Object Repository/ADMIN/Categories/Category/label_edit popup' located by 'By.xpath: //div[(text() = 'Category was successfully saved.' or . = 'Category was successfully saved.')]' is not present after '30' second(s)]]></system-out>
         <system-err><![CDATA[]]></system-err>
      </testcase>
      <testcase name="Test Cases/ADMIN/Content Mgmt/Categories/Category Add-Edit/Add Category" time="15.762" classname="Test Cases/ADMIN/Content Mgmt/Categories/Category Add-Edit/Add Category" status="PASSED">
         <system-out><![CDATA[2020-03-19 14:18:46 - [TEST_CASE][PASSED] - Test Cases/ADMIN/Content Mgmt/Categories/Category Add-Edit/Add Category: Test Cases/ADMIN/Content Mgmt/Categories/Category Add-Edit/Add Category

2020-03-19 14:18:46 - [TEST_STEP][PASSED] - waitForElementVisible(findTestObject("ADMIN/Categories/Category List/button_Content Mgmt"), 0): Object 'Object Repository/ADMIN/Categories/Category List/button_Content Mgmt' is visible

2020-03-19 14:18:46 - [MESSAGE][WARNING] - Timeout '0' is invalid. Using default page load timeout: '30'

2020-03-19 14:18:46 - [MESSAGE][PASSED] - Object 'Object Repository/ADMIN/Categories/Category List/button_Content Mgmt' is visible

2020-03-19 14:18:46 - [TEST_STEP][PASSED] - click(findTestObject("ADMIN/Categories/Category List/button_Content Mgmt")): Object: 'Object Repository/ADMIN/Categories/Category List/button_Content Mgmt' is clicked on

2020-03-19 14:18:46 - [MESSAGE][PASSED] - Object: 'Object Repository/ADMIN/Categories/Category List/button_Content Mgmt' is clicked on

2020-03-19 14:18:46 - [TEST_STEP][PASSED] - waitForElementVisible(findTestObject("ADMIN/Categories/Category List/button_Categories"), 0): Object 'Object Repository/ADMIN/Categories/Category List/button_Categories' is visible

2020-03-19 14:18:46 - [MESSAGE][WARNING] - Timeout '0' is invalid. Using default page load timeout: '30'

2020-03-19 14:18:47 - [MESSAGE][PASSED] - Object 'Object Repository/ADMIN/Categories/Category List/button_Categories' is visible

2020-03-19 14:18:47 - [TEST_STEP][PASSED] - click(findTestObject("ADMIN/Categories/Category List/button_Categories")): Object: 'Object Repository/ADMIN/Categories/Category List/button_Categories' is clicked on

2020-03-19 14:18:48 - [MESSAGE][PASSED] - Object: 'Object Repository/ADMIN/Categories/Category List/button_Categories' is clicked on

2020-03-19 14:18:48 - [TEST_STEP][PASSED] - waitForPageLoad(0, STOP_ON_FAILURE): Wait for page load successfully

2020-03-19 14:18:48 - [MESSAGE][WARNING] - Timeout '0' is invalid. Using default page load timeout: '30'

2020-03-19 14:18:48 - [MESSAGE][PASSED] - Wait for page load successfully

2020-03-19 14:18:48 - [TEST_STEP][PASSED] - click(findTestObject("ADMIN/Categories/Category List/button_Add a Category")): Object: 'Object Repository/ADMIN/Categories/Category List/button_Add a Category' is clicked on

2020-03-19 14:18:48 - [MESSAGE][PASSED] - Object: 'Object Repository/ADMIN/Categories/Category List/button_Add a Category' is clicked on

2020-03-19 14:18:48 - [TEST_STEP][PASSED] - waitForElementPresent(findTestObject("ADMIN/Categories/Category/dropdown_Parent"), 2): Object 'Object Repository/ADMIN/Categories/Category/dropdown_Parent' is present

2020-03-19 14:18:48 - [MESSAGE][PASSED] - Object 'Object Repository/ADMIN/Categories/Category/dropdown_Parent' is present

2020-03-19 14:18:48 - [TEST_STEP][PASSED] - delay(1): Delayed 1 second(s)

2020-03-19 14:18:49 - [MESSAGE][PASSED] - Delayed 1 second(s)

2020-03-19 14:18:49 - [TEST_STEP][PASSED] - setText(findTestObject("ADMIN/Categories/Category/textfield_Category Name"), CategoryNametext): Text 'Category 3.1.2' is set on object 'Object Repository/ADMIN/Categories/Category/textfield_Category Name'

2020-03-19 14:18:49 - [MESSAGE][PASSED] - Text 'Category 3.1.2' is set on object 'Object Repository/ADMIN/Categories/Category/textfield_Category Name'

2020-03-19 14:18:49 - [TEST_STEP][PASSED] - click(findTestObject("ADMIN/Categories/Category/dropdown_Parent")): Object: 'Object Repository/ADMIN/Categories/Category/dropdown_Parent' is clicked on

2020-03-19 14:18:50 - [MESSAGE][PASSED] - Object: 'Object Repository/ADMIN/Categories/Category/dropdown_Parent' is clicked on

2020-03-19 14:18:50 - [TEST_STEP][PASSED] - delay(2): Delayed 2 second(s)

2020-03-19 14:18:52 - [MESSAGE][PASSED] - Delayed 2 second(s)

2020-03-19 14:18:52 - [TEST_STEP][PASSED] - click(findTestObject("ADMIN/Categories/Category/dropdown_Parent")): Object: 'Object Repository/ADMIN/Categories/Category/dropdown_Parent' is clicked on

2020-03-19 14:18:52 - [MESSAGE][PASSED] - Object: 'Object Repository/ADMIN/Categories/Category/dropdown_Parent' is clicked on

2020-03-19 14:18:52 - [TEST_STEP][PASSED] - selectOptionByLabel(findTestObject("ADMIN/Categories/Category/dropdown_Parent"), ParentName, false): All options with label 'Category 3.1' are selected in object 'Object Repository/ADMIN/Categories/Category/dropdown_Parent' 

2020-03-19 14:18:52 - [MESSAGE][PASSED] - All options with label 'Category 3.1' are selected in object 'Object Repository/ADMIN/Categories/Category/dropdown_Parent' 

2020-03-19 14:18:52 - [TEST_STEP][PASSED] - click(findTestObject("ADMIN/Categories/Category/button_Browse")): Object: 'Object Repository/ADMIN/Categories/Category/button_Browse' is clicked on

2020-03-19 14:18:52 - [MESSAGE][PASSED] - Object: 'Object Repository/ADMIN/Categories/Category/button_Browse' is clicked on

2020-03-19 14:18:52 - [TEST_STEP][PASSED] - delay(2): Delayed 2 second(s)

2020-03-19 14:18:54 - [MESSAGE][PASSED] - Delayed 2 second(s)

2020-03-19 14:18:54 - [TEST_STEP][PASSED] - uploadFile(findTestObject("ADMIN/Categories/Category/image_input image"), CategoryImageUpload): File 'C:\\Katalon\\Arctick\\Images\\Category\\3.png' sent to object: 'Object Repository/ADMIN/Categories/Category/image_input image'

2020-03-19 14:18:54 - [MESSAGE][PASSED] - File 'C:\\Katalon\\Arctick\\Images\\Category\\3.png' sent to object: 'Object Repository/ADMIN/Categories/Category/image_input image'

2020-03-19 14:18:54 - [TEST_STEP][PASSED] - waitForElementVisible(findTestObject("ADMIN/Categories/Category/button_upload check"), 0): Object 'Object Repository/ADMIN/Categories/Category/button_upload check' is visible

2020-03-19 14:18:54 - [MESSAGE][WARNING] - Timeout '0' is invalid. Using default page load timeout: '30'

2020-03-19 14:18:54 - [MESSAGE][PASSED] - Object 'Object Repository/ADMIN/Categories/Category/button_upload check' is visible

2020-03-19 14:18:54 - [TEST_STEP][PASSED] - click(findTestObject("ADMIN/Categories/Category/button_upload check")): Object: 'Object Repository/ADMIN/Categories/Category/button_upload check' is clicked on

2020-03-19 14:18:54 - [MESSAGE][PASSED] - Object: 'Object Repository/ADMIN/Categories/Category/button_upload check' is clicked on

2020-03-19 14:18:54 - [TEST_STEP][PASSED] - waitForElementVisible(findTestObject("ADMIN/Categories/Category/button_upload save"), 0): Object 'Object Repository/ADMIN/Categories/Category/button_upload save' is visible

2020-03-19 14:18:54 - [MESSAGE][WARNING] - Timeout '0' is invalid. Using default page load timeout: '30'

2020-03-19 14:18:55 - [MESSAGE][PASSED] - Object 'Object Repository/ADMIN/Categories/Category/button_upload save' is visible

2020-03-19 14:18:55 - [TEST_STEP][PASSED] - click(findTestObject("ADMIN/Categories/Category/button_upload save")): Object: 'Object Repository/ADMIN/Categories/Category/button_upload save' is clicked on

2020-03-19 14:18:55 - [MESSAGE][PASSED] - Object: 'Object Repository/ADMIN/Categories/Category/button_upload save' is clicked on

2020-03-19 14:18:55 - [TEST_STEP][PASSED] - setText(findTestObject("ADMIN/Categories/Category/textfield_category_description"), Description): Text 'Description8' is set on object 'Object Repository/ADMIN/Categories/Category/textfield_category_description'

2020-03-19 14:18:55 - [MESSAGE][PASSED] - Text 'Description8' is set on object 'Object Repository/ADMIN/Categories/Category/textfield_category_description'

2020-03-19 14:18:55 - [TEST_STEP][PASSED] - click(findTestObject("ADMIN/Categories/Category/button_Save")): Object: 'Object Repository/ADMIN/Categories/Category/button_Save' is clicked on

2020-03-19 14:18:55 - [MESSAGE][PASSED] - Object: 'Object Repository/ADMIN/Categories/Category/button_Save' is clicked on

2020-03-19 14:18:55 - [TEST_STEP][PASSED] - waitForElementVisible(findTestObject("ADMIN/Categories/Category/label_edit popup"), 0): Object 'Object Repository/ADMIN/Categories/Category/label_edit popup' is visible

2020-03-19 14:18:55 - [MESSAGE][WARNING] - Timeout '0' is invalid. Using default page load timeout: '30'

2020-03-19 14:18:56 - [MESSAGE][PASSED] - Object 'Object Repository/ADMIN/Categories/Category/label_edit popup' is visible

2020-03-19 14:18:56 - [TEST_STEP][PASSED] - waitForElementNotPresent(findTestObject("ADMIN/Categories/Category/label_edit popup"), 0): Web element with id: 'Object Repository/ADMIN/Categories/Category/label_edit popup' located by 'By.xpath: //div[(text() = 'Category was successfully saved.' or . = 'Category was successfully saved.')]' is not present after '30' second(s)

2020-03-19 14:18:56 - [MESSAGE][WARNING] - Timeout '0' is invalid. Using default page load timeout: '30'

2020-03-19 14:19:02 - [MESSAGE][PASSED] - Web element with id: 'Object Repository/ADMIN/Categories/Category/label_edit popup' located by 'By.xpath: //div[(text() = 'Category was successfully saved.' or . = 'Category was successfully saved.')]' is not present after '30' second(s)]]></system-out>
         <system-err><![CDATA[]]></system-err>
      </testcase>
      <testcase name="Test Cases/ADMIN/Content Mgmt/Categories/Category Add-Edit/Add Category" time="13.945" classname="Test Cases/ADMIN/Content Mgmt/Categories/Category Add-Edit/Add Category" status="PASSED">
         <system-out><![CDATA[2020-03-19 14:19:02 - [TEST_CASE][PASSED] - Test Cases/ADMIN/Content Mgmt/Categories/Category Add-Edit/Add Category: Test Cases/ADMIN/Content Mgmt/Categories/Category Add-Edit/Add Category

2020-03-19 14:19:02 - [TEST_STEP][PASSED] - waitForElementVisible(findTestObject("ADMIN/Categories/Category List/button_Content Mgmt"), 0): Object 'Object Repository/ADMIN/Categories/Category List/button_Content Mgmt' is visible

2020-03-19 14:19:02 - [MESSAGE][WARNING] - Timeout '0' is invalid. Using default page load timeout: '30'

2020-03-19 14:19:02 - [MESSAGE][PASSED] - Object 'Object Repository/ADMIN/Categories/Category List/button_Content Mgmt' is visible

2020-03-19 14:19:02 - [TEST_STEP][PASSED] - click(findTestObject("ADMIN/Categories/Category List/button_Content Mgmt")): Object: 'Object Repository/ADMIN/Categories/Category List/button_Content Mgmt' is clicked on

2020-03-19 14:19:02 - [MESSAGE][PASSED] - Object: 'Object Repository/ADMIN/Categories/Category List/button_Content Mgmt' is clicked on

2020-03-19 14:19:02 - [TEST_STEP][PASSED] - waitForElementVisible(findTestObject("ADMIN/Categories/Category List/button_Categories"), 0): Object 'Object Repository/ADMIN/Categories/Category List/button_Categories' is visible

2020-03-19 14:19:02 - [MESSAGE][WARNING] - Timeout '0' is invalid. Using default page load timeout: '30'

2020-03-19 14:19:02 - [MESSAGE][PASSED] - Object 'Object Repository/ADMIN/Categories/Category List/button_Categories' is visible

2020-03-19 14:19:02 - [TEST_STEP][PASSED] - click(findTestObject("ADMIN/Categories/Category List/button_Categories")): Object: 'Object Repository/ADMIN/Categories/Category List/button_Categories' is clicked on

2020-03-19 14:19:02 - [MESSAGE][PASSED] - Object: 'Object Repository/ADMIN/Categories/Category List/button_Categories' is clicked on

2020-03-19 14:19:02 - [TEST_STEP][PASSED] - waitForPageLoad(0, STOP_ON_FAILURE): Wait for page load successfully

2020-03-19 14:19:02 - [MESSAGE][WARNING] - Timeout '0' is invalid. Using default page load timeout: '30'

2020-03-19 14:19:02 - [MESSAGE][PASSED] - Wait for page load successfully

2020-03-19 14:19:02 - [TEST_STEP][PASSED] - click(findTestObject("ADMIN/Categories/Category List/button_Add a Category")): Object: 'Object Repository/ADMIN/Categories/Category List/button_Add a Category' is clicked on

2020-03-19 14:19:02 - [MESSAGE][PASSED] - Object: 'Object Repository/ADMIN/Categories/Category List/button_Add a Category' is clicked on

2020-03-19 14:19:02 - [TEST_STEP][PASSED] - waitForElementPresent(findTestObject("ADMIN/Categories/Category/dropdown_Parent"), 2): Object 'Object Repository/ADMIN/Categories/Category/dropdown_Parent' is present

2020-03-19 14:19:03 - [MESSAGE][PASSED] - Object 'Object Repository/ADMIN/Categories/Category/dropdown_Parent' is present

2020-03-19 14:19:03 - [TEST_STEP][PASSED] - delay(1): Delayed 1 second(s)

2020-03-19 14:19:04 - [MESSAGE][PASSED] - Delayed 1 second(s)

2020-03-19 14:19:04 - [TEST_STEP][PASSED] - setText(findTestObject("ADMIN/Categories/Category/textfield_Category Name"), CategoryNametext): Text 'Category 3.2' is set on object 'Object Repository/ADMIN/Categories/Category/textfield_Category Name'

2020-03-19 14:19:04 - [MESSAGE][PASSED] - Text 'Category 3.2' is set on object 'Object Repository/ADMIN/Categories/Category/textfield_Category Name'

2020-03-19 14:19:04 - [TEST_STEP][PASSED] - click(findTestObject("ADMIN/Categories/Category/dropdown_Parent")): Object: 'Object Repository/ADMIN/Categories/Category/dropdown_Parent' is clicked on

2020-03-19 14:19:04 - [MESSAGE][PASSED] - Object: 'Object Repository/ADMIN/Categories/Category/dropdown_Parent' is clicked on

2020-03-19 14:19:04 - [TEST_STEP][PASSED] - delay(2): Delayed 2 second(s)

2020-03-19 14:19:06 - [MESSAGE][PASSED] - Delayed 2 second(s)

2020-03-19 14:19:06 - [TEST_STEP][PASSED] - click(findTestObject("ADMIN/Categories/Category/dropdown_Parent")): Object: 'Object Repository/ADMIN/Categories/Category/dropdown_Parent' is clicked on

2020-03-19 14:19:06 - [MESSAGE][PASSED] - Object: 'Object Repository/ADMIN/Categories/Category/dropdown_Parent' is clicked on

2020-03-19 14:19:06 - [TEST_STEP][PASSED] - selectOptionByLabel(findTestObject("ADMIN/Categories/Category/dropdown_Parent"), ParentName, false): All options with label 'Category 03' are selected in object 'Object Repository/ADMIN/Categories/Category/dropdown_Parent' 

2020-03-19 14:19:06 - [MESSAGE][PASSED] - All options with label 'Category 03' are selected in object 'Object Repository/ADMIN/Categories/Category/dropdown_Parent' 

2020-03-19 14:19:06 - [TEST_STEP][PASSED] - click(findTestObject("ADMIN/Categories/Category/button_Browse")): Object: 'Object Repository/ADMIN/Categories/Category/button_Browse' is clicked on

2020-03-19 14:19:06 - [MESSAGE][PASSED] - Object: 'Object Repository/ADMIN/Categories/Category/button_Browse' is clicked on

2020-03-19 14:19:06 - [TEST_STEP][PASSED] - delay(2): Delayed 2 second(s)

2020-03-19 14:19:08 - [MESSAGE][PASSED] - Delayed 2 second(s)

2020-03-19 14:19:08 - [TEST_STEP][PASSED] - uploadFile(findTestObject("ADMIN/Categories/Category/image_input image"), CategoryImageUpload): File 'C:\\Katalon\\Arctick\\Images\\Category\\3.png' sent to object: 'Object Repository/ADMIN/Categories/Category/image_input image'

2020-03-19 14:19:08 - [MESSAGE][PASSED] - File 'C:\\Katalon\\Arctick\\Images\\Category\\3.png' sent to object: 'Object Repository/ADMIN/Categories/Category/image_input image'

2020-03-19 14:19:08 - [TEST_STEP][PASSED] - waitForElementVisible(findTestObject("ADMIN/Categories/Category/button_upload check"), 0): Object 'Object Repository/ADMIN/Categories/Category/button_upload check' is visible

2020-03-19 14:19:08 - [MESSAGE][WARNING] - Timeout '0' is invalid. Using default page load timeout: '30'

2020-03-19 14:19:08 - [MESSAGE][PASSED] - Object 'Object Repository/ADMIN/Categories/Category/button_upload check' is visible

2020-03-19 14:19:08 - [TEST_STEP][PASSED] - click(findTestObject("ADMIN/Categories/Category/button_upload check")): Object: 'Object Repository/ADMIN/Categories/Category/button_upload check' is clicked on

2020-03-19 14:19:09 - [MESSAGE][PASSED] - Object: 'Object Repository/ADMIN/Categories/Category/button_upload check' is clicked on

2020-03-19 14:19:09 - [TEST_STEP][PASSED] - waitForElementVisible(findTestObject("ADMIN/Categories/Category/button_upload save"), 0): Object 'Object Repository/ADMIN/Categories/Category/button_upload save' is visible

2020-03-19 14:19:09 - [MESSAGE][WARNING] - Timeout '0' is invalid. Using default page load timeout: '30'

2020-03-19 14:19:09 - [MESSAGE][PASSED] - Object 'Object Repository/ADMIN/Categories/Category/button_upload save' is visible

2020-03-19 14:19:09 - [TEST_STEP][PASSED] - click(findTestObject("ADMIN/Categories/Category/button_upload save")): Object: 'Object Repository/ADMIN/Categories/Category/button_upload save' is clicked on

2020-03-19 14:19:09 - [MESSAGE][PASSED] - Object: 'Object Repository/ADMIN/Categories/Category/button_upload save' is clicked on

2020-03-19 14:19:09 - [TEST_STEP][PASSED] - setText(findTestObject("ADMIN/Categories/Category/textfield_category_description"), Description): Text 'Description9' is set on object 'Object Repository/ADMIN/Categories/Category/textfield_category_description'

2020-03-19 14:19:09 - [MESSAGE][PASSED] - Text 'Description9' is set on object 'Object Repository/ADMIN/Categories/Category/textfield_category_description'

2020-03-19 14:19:09 - [TEST_STEP][PASSED] - click(findTestObject("ADMIN/Categories/Category/button_Save")): Object: 'Object Repository/ADMIN/Categories/Category/button_Save' is clicked on

2020-03-19 14:19:09 - [MESSAGE][PASSED] - Object: 'Object Repository/ADMIN/Categories/Category/button_Save' is clicked on

2020-03-19 14:19:09 - [TEST_STEP][PASSED] - waitForElementVisible(findTestObject("ADMIN/Categories/Category/label_edit popup"), 0): Object 'Object Repository/ADMIN/Categories/Category/label_edit popup' is visible

2020-03-19 14:19:09 - [MESSAGE][WARNING] - Timeout '0' is invalid. Using default page load timeout: '30'

2020-03-19 14:19:10 - [MESSAGE][PASSED] - Object 'Object Repository/ADMIN/Categories/Category/label_edit popup' is visible

2020-03-19 14:19:10 - [TEST_STEP][PASSED] - waitForElementNotPresent(findTestObject("ADMIN/Categories/Category/label_edit popup"), 0): Web element with id: 'Object Repository/ADMIN/Categories/Category/label_edit popup' located by 'By.xpath: //div[(text() = 'Category was successfully saved.' or . = 'Category was successfully saved.')]' is not present after '30' second(s)

2020-03-19 14:19:10 - [MESSAGE][WARNING] - Timeout '0' is invalid. Using default page load timeout: '30'

2020-03-19 14:19:16 - [MESSAGE][PASSED] - Web element with id: 'Object Repository/ADMIN/Categories/Category/label_edit popup' located by 'By.xpath: //div[(text() = 'Category was successfully saved.' or . = 'Category was successfully saved.')]' is not present after '30' second(s)]]></system-out>
         <system-err><![CDATA[]]></system-err>
      </testcase>
      <testcase name="Test Cases/ADMIN/Content Mgmt/Categories/Category Add-Edit/Add Category" time="16.55" classname="Test Cases/ADMIN/Content Mgmt/Categories/Category Add-Edit/Add Category" status="PASSED">
         <system-out><![CDATA[2020-03-19 14:19:16 - [TEST_CASE][PASSED] - Test Cases/ADMIN/Content Mgmt/Categories/Category Add-Edit/Add Category: Test Cases/ADMIN/Content Mgmt/Categories/Category Add-Edit/Add Category

2020-03-19 14:19:16 - [TEST_STEP][PASSED] - waitForElementVisible(findTestObject("ADMIN/Categories/Category List/button_Content Mgmt"), 0): Object 'Object Repository/ADMIN/Categories/Category List/button_Content Mgmt' is visible

2020-03-19 14:19:16 - [MESSAGE][WARNING] - Timeout '0' is invalid. Using default page load timeout: '30'

2020-03-19 14:19:16 - [MESSAGE][PASSED] - Object 'Object Repository/ADMIN/Categories/Category List/button_Content Mgmt' is visible

2020-03-19 14:19:16 - [TEST_STEP][PASSED] - click(findTestObject("ADMIN/Categories/Category List/button_Content Mgmt")): Object: 'Object Repository/ADMIN/Categories/Category List/button_Content Mgmt' is clicked on

2020-03-19 14:19:16 - [MESSAGE][PASSED] - Object: 'Object Repository/ADMIN/Categories/Category List/button_Content Mgmt' is clicked on

2020-03-19 14:19:16 - [TEST_STEP][PASSED] - waitForElementVisible(findTestObject("ADMIN/Categories/Category List/button_Categories"), 0): Object 'Object Repository/ADMIN/Categories/Category List/button_Categories' is visible

2020-03-19 14:19:16 - [MESSAGE][WARNING] - Timeout '0' is invalid. Using default page load timeout: '30'

2020-03-19 14:19:17 - [MESSAGE][PASSED] - Object 'Object Repository/ADMIN/Categories/Category List/button_Categories' is visible

2020-03-19 14:19:17 - [TEST_STEP][PASSED] - click(findTestObject("ADMIN/Categories/Category List/button_Categories")): Object: 'Object Repository/ADMIN/Categories/Category List/button_Categories' is clicked on

2020-03-19 14:19:17 - [MESSAGE][PASSED] - Object: 'Object Repository/ADMIN/Categories/Category List/button_Categories' is clicked on

2020-03-19 14:19:17 - [TEST_STEP][PASSED] - waitForPageLoad(0, STOP_ON_FAILURE): Wait for page load successfully

2020-03-19 14:19:17 - [MESSAGE][WARNING] - Timeout '0' is invalid. Using default page load timeout: '30'

2020-03-19 14:19:18 - [MESSAGE][PASSED] - Wait for page load successfully

2020-03-19 14:19:18 - [TEST_STEP][PASSED] - click(findTestObject("ADMIN/Categories/Category List/button_Add a Category")): Object: 'Object Repository/ADMIN/Categories/Category List/button_Add a Category' is clicked on

2020-03-19 14:19:18 - [MESSAGE][PASSED] - Object: 'Object Repository/ADMIN/Categories/Category List/button_Add a Category' is clicked on

2020-03-19 14:19:18 - [TEST_STEP][PASSED] - waitForElementPresent(findTestObject("ADMIN/Categories/Category/dropdown_Parent"), 2): Object 'Object Repository/ADMIN/Categories/Category/dropdown_Parent' is present

2020-03-19 14:19:18 - [MESSAGE][PASSED] - Object 'Object Repository/ADMIN/Categories/Category/dropdown_Parent' is present

2020-03-19 14:19:18 - [TEST_STEP][PASSED] - delay(1): Delayed 1 second(s)

2020-03-19 14:19:19 - [MESSAGE][PASSED] - Delayed 1 second(s)

2020-03-19 14:19:19 - [TEST_STEP][PASSED] - setText(findTestObject("ADMIN/Categories/Category/textfield_Category Name"), CategoryNametext): Text 'Category 04' is set on object 'Object Repository/ADMIN/Categories/Category/textfield_Category Name'

2020-03-19 14:19:19 - [MESSAGE][PASSED] - Text 'Category 04' is set on object 'Object Repository/ADMIN/Categories/Category/textfield_Category Name'

2020-03-19 14:19:19 - [TEST_STEP][PASSED] - click(findTestObject("ADMIN/Categories/Category/dropdown_Parent")): Object: 'Object Repository/ADMIN/Categories/Category/dropdown_Parent' is clicked on

2020-03-19 14:19:19 - [MESSAGE][PASSED] - Object: 'Object Repository/ADMIN/Categories/Category/dropdown_Parent' is clicked on

2020-03-19 14:19:19 - [TEST_STEP][PASSED] - delay(2): Delayed 2 second(s)

2020-03-19 14:19:21 - [MESSAGE][PASSED] - Delayed 2 second(s)

2020-03-19 14:19:21 - [TEST_STEP][PASSED] - click(findTestObject("ADMIN/Categories/Category/dropdown_Parent")): Object: 'Object Repository/ADMIN/Categories/Category/dropdown_Parent' is clicked on

2020-03-19 14:19:21 - [MESSAGE][PASSED] - Object: 'Object Repository/ADMIN/Categories/Category/dropdown_Parent' is clicked on

2020-03-19 14:19:21 - [TEST_STEP][PASSED] - selectOptionByLabel(findTestObject("ADMIN/Categories/Category/dropdown_Parent"), ParentName, false): All options with label '-' are selected in object 'Object Repository/ADMIN/Categories/Category/dropdown_Parent' 

2020-03-19 14:19:22 - [MESSAGE][PASSED] - All options with label '-' are selected in object 'Object Repository/ADMIN/Categories/Category/dropdown_Parent' 

2020-03-19 14:19:22 - [TEST_STEP][PASSED] - click(findTestObject("ADMIN/Categories/Category/button_Browse")): Object: 'Object Repository/ADMIN/Categories/Category/button_Browse' is clicked on

2020-03-19 14:19:22 - [MESSAGE][PASSED] - Object: 'Object Repository/ADMIN/Categories/Category/button_Browse' is clicked on

2020-03-19 14:19:22 - [TEST_STEP][PASSED] - delay(2): Delayed 2 second(s)

2020-03-19 14:19:24 - [MESSAGE][PASSED] - Delayed 2 second(s)

2020-03-19 14:19:24 - [TEST_STEP][PASSED] - uploadFile(findTestObject("ADMIN/Categories/Category/image_input image"), CategoryImageUpload): File 'C:\\Katalon\\Arctick\\Images\\Category\\4.png' sent to object: 'Object Repository/ADMIN/Categories/Category/image_input image'

2020-03-19 14:19:24 - [MESSAGE][PASSED] - File 'C:\\Katalon\\Arctick\\Images\\Category\\4.png' sent to object: 'Object Repository/ADMIN/Categories/Category/image_input image'

2020-03-19 14:19:24 - [TEST_STEP][PASSED] - waitForElementVisible(findTestObject("ADMIN/Categories/Category/button_upload check"), 0): Object 'Object Repository/ADMIN/Categories/Category/button_upload check' is visible

2020-03-19 14:19:24 - [MESSAGE][WARNING] - Timeout '0' is invalid. Using default page load timeout: '30'

2020-03-19 14:19:24 - [MESSAGE][PASSED] - Object 'Object Repository/ADMIN/Categories/Category/button_upload check' is visible

2020-03-19 14:19:24 - [TEST_STEP][PASSED] - click(findTestObject("ADMIN/Categories/Category/button_upload check")): Object: 'Object Repository/ADMIN/Categories/Category/button_upload check' is clicked on

2020-03-19 14:19:24 - [MESSAGE][PASSED] - Object: 'Object Repository/ADMIN/Categories/Category/button_upload check' is clicked on

2020-03-19 14:19:24 - [TEST_STEP][PASSED] - waitForElementVisible(findTestObject("ADMIN/Categories/Category/button_upload save"), 0): Object 'Object Repository/ADMIN/Categories/Category/button_upload save' is visible

2020-03-19 14:19:24 - [MESSAGE][WARNING] - Timeout '0' is invalid. Using default page load timeout: '30'

2020-03-19 14:19:24 - [MESSAGE][PASSED] - Object 'Object Repository/ADMIN/Categories/Category/button_upload save' is visible

2020-03-19 14:19:24 - [TEST_STEP][PASSED] - click(findTestObject("ADMIN/Categories/Category/button_upload save")): Object: 'Object Repository/ADMIN/Categories/Category/button_upload save' is clicked on

2020-03-19 14:19:25 - [MESSAGE][PASSED] - Object: 'Object Repository/ADMIN/Categories/Category/button_upload save' is clicked on

2020-03-19 14:19:25 - [TEST_STEP][PASSED] - setText(findTestObject("ADMIN/Categories/Category/textfield_category_description"), Description): Text 'Description10' is set on object 'Object Repository/ADMIN/Categories/Category/textfield_category_description'

2020-03-19 14:19:25 - [MESSAGE][PASSED] - Text 'Description10' is set on object 'Object Repository/ADMIN/Categories/Category/textfield_category_description'

2020-03-19 14:19:25 - [TEST_STEP][PASSED] - click(findTestObject("ADMIN/Categories/Category/button_Save")): Object: 'Object Repository/ADMIN/Categories/Category/button_Save' is clicked on

2020-03-19 14:19:26 - [MESSAGE][PASSED] - Object: 'Object Repository/ADMIN/Categories/Category/button_Save' is clicked on

2020-03-19 14:19:26 - [TEST_STEP][PASSED] - waitForElementVisible(findTestObject("ADMIN/Categories/Category/label_edit popup"), 0): Object 'Object Repository/ADMIN/Categories/Category/label_edit popup' is visible

2020-03-19 14:19:26 - [MESSAGE][WARNING] - Timeout '0' is invalid. Using default page load timeout: '30'

2020-03-19 14:19:26 - [MESSAGE][PASSED] - Object 'Object Repository/ADMIN/Categories/Category/label_edit popup' is visible

2020-03-19 14:19:26 - [TEST_STEP][PASSED] - waitForElementNotPresent(findTestObject("ADMIN/Categories/Category/label_edit popup"), 0): Web element with id: 'Object Repository/ADMIN/Categories/Category/label_edit popup' located by 'By.xpath: //div[(text() = 'Category was successfully saved.' or . = 'Category was successfully saved.')]' is not present after '30' second(s)

2020-03-19 14:19:26 - [MESSAGE][WARNING] - Timeout '0' is invalid. Using default page load timeout: '30'

2020-03-19 14:19:32 - [MESSAGE][PASSED] - Web element with id: 'Object Repository/ADMIN/Categories/Category/label_edit popup' located by 'By.xpath: //div[(text() = 'Category was successfully saved.' or . = 'Category was successfully saved.')]' is not present after '30' second(s)]]></system-out>
         <system-err><![CDATA[]]></system-err>
      </testcase>
      <testcase name="Test Cases/ADMIN/Content Mgmt/Categories/Category Add-Edit/Add Category" time="16.891" classname="Test Cases/ADMIN/Content Mgmt/Categories/Category Add-Edit/Add Category" status="PASSED">
         <system-out><![CDATA[2020-03-19 14:19:32 - [TEST_CASE][PASSED] - Test Cases/ADMIN/Content Mgmt/Categories/Category Add-Edit/Add Category: Test Cases/ADMIN/Content Mgmt/Categories/Category Add-Edit/Add Category

2020-03-19 14:19:32 - [TEST_STEP][PASSED] - waitForElementVisible(findTestObject("ADMIN/Categories/Category List/button_Content Mgmt"), 0): Object 'Object Repository/ADMIN/Categories/Category List/button_Content Mgmt' is visible

2020-03-19 14:19:32 - [MESSAGE][WARNING] - Timeout '0' is invalid. Using default page load timeout: '30'

2020-03-19 14:19:32 - [MESSAGE][PASSED] - Object 'Object Repository/ADMIN/Categories/Category List/button_Content Mgmt' is visible

2020-03-19 14:19:32 - [TEST_STEP][PASSED] - click(findTestObject("ADMIN/Categories/Category List/button_Content Mgmt")): Object: 'Object Repository/ADMIN/Categories/Category List/button_Content Mgmt' is clicked on

2020-03-19 14:19:33 - [MESSAGE][PASSED] - Object: 'Object Repository/ADMIN/Categories/Category List/button_Content Mgmt' is clicked on

2020-03-19 14:19:33 - [TEST_STEP][PASSED] - waitForElementVisible(findTestObject("ADMIN/Categories/Category List/button_Categories"), 0): Object 'Object Repository/ADMIN/Categories/Category List/button_Categories' is visible

2020-03-19 14:19:33 - [MESSAGE][WARNING] - Timeout '0' is invalid. Using default page load timeout: '30'

2020-03-19 14:19:34 - [MESSAGE][PASSED] - Object 'Object Repository/ADMIN/Categories/Category List/button_Categories' is visible

2020-03-19 14:19:34 - [TEST_STEP][PASSED] - click(findTestObject("ADMIN/Categories/Category List/button_Categories")): Object: 'Object Repository/ADMIN/Categories/Category List/button_Categories' is clicked on

2020-03-19 14:19:35 - [MESSAGE][PASSED] - Object: 'Object Repository/ADMIN/Categories/Category List/button_Categories' is clicked on

2020-03-19 14:19:35 - [TEST_STEP][PASSED] - waitForPageLoad(0, STOP_ON_FAILURE): Wait for page load successfully

2020-03-19 14:19:35 - [MESSAGE][WARNING] - Timeout '0' is invalid. Using default page load timeout: '30'

2020-03-19 14:19:35 - [MESSAGE][PASSED] - Wait for page load successfully

2020-03-19 14:19:35 - [TEST_STEP][PASSED] - click(findTestObject("ADMIN/Categories/Category List/button_Add a Category")): Object: 'Object Repository/ADMIN/Categories/Category List/button_Add a Category' is clicked on

2020-03-19 14:19:35 - [MESSAGE][PASSED] - Object: 'Object Repository/ADMIN/Categories/Category List/button_Add a Category' is clicked on

2020-03-19 14:19:35 - [TEST_STEP][PASSED] - waitForElementPresent(findTestObject("ADMIN/Categories/Category/dropdown_Parent"), 2): Object 'Object Repository/ADMIN/Categories/Category/dropdown_Parent' is present

2020-03-19 14:19:35 - [MESSAGE][PASSED] - Object 'Object Repository/ADMIN/Categories/Category/dropdown_Parent' is present

2020-03-19 14:19:35 - [TEST_STEP][PASSED] - delay(1): Delayed 1 second(s)

2020-03-19 14:19:36 - [MESSAGE][PASSED] - Delayed 1 second(s)

2020-03-19 14:19:36 - [TEST_STEP][PASSED] - setText(findTestObject("ADMIN/Categories/Category/textfield_Category Name"), CategoryNametext): Text 'Category 4.1' is set on object 'Object Repository/ADMIN/Categories/Category/textfield_Category Name'

2020-03-19 14:19:37 - [MESSAGE][PASSED] - Text 'Category 4.1' is set on object 'Object Repository/ADMIN/Categories/Category/textfield_Category Name'

2020-03-19 14:19:37 - [TEST_STEP][PASSED] - click(findTestObject("ADMIN/Categories/Category/dropdown_Parent")): Object: 'Object Repository/ADMIN/Categories/Category/dropdown_Parent' is clicked on

2020-03-19 14:19:37 - [MESSAGE][PASSED] - Object: 'Object Repository/ADMIN/Categories/Category/dropdown_Parent' is clicked on

2020-03-19 14:19:37 - [TEST_STEP][PASSED] - delay(2): Delayed 2 second(s)

2020-03-19 14:19:39 - [MESSAGE][PASSED] - Delayed 2 second(s)

2020-03-19 14:19:39 - [TEST_STEP][PASSED] - click(findTestObject("ADMIN/Categories/Category/dropdown_Parent")): Object: 'Object Repository/ADMIN/Categories/Category/dropdown_Parent' is clicked on

2020-03-19 14:19:39 - [MESSAGE][PASSED] - Object: 'Object Repository/ADMIN/Categories/Category/dropdown_Parent' is clicked on

2020-03-19 14:19:39 - [TEST_STEP][PASSED] - selectOptionByLabel(findTestObject("ADMIN/Categories/Category/dropdown_Parent"), ParentName, false): All options with label 'Category 04' are selected in object 'Object Repository/ADMIN/Categories/Category/dropdown_Parent' 

2020-03-19 14:19:39 - [MESSAGE][PASSED] - All options with label 'Category 04' are selected in object 'Object Repository/ADMIN/Categories/Category/dropdown_Parent' 

2020-03-19 14:19:39 - [TEST_STEP][PASSED] - click(findTestObject("ADMIN/Categories/Category/button_Browse")): Object: 'Object Repository/ADMIN/Categories/Category/button_Browse' is clicked on

2020-03-19 14:19:39 - [MESSAGE][PASSED] - Object: 'Object Repository/ADMIN/Categories/Category/button_Browse' is clicked on

2020-03-19 14:19:39 - [TEST_STEP][PASSED] - delay(2): Delayed 2 second(s)

2020-03-19 14:19:41 - [MESSAGE][PASSED] - Delayed 2 second(s)

2020-03-19 14:19:41 - [TEST_STEP][PASSED] - uploadFile(findTestObject("ADMIN/Categories/Category/image_input image"), CategoryImageUpload): File 'C:\\Katalon\\Arctick\\Images\\Category\\4.png' sent to object: 'Object Repository/ADMIN/Categories/Category/image_input image'

2020-03-19 14:19:42 - [MESSAGE][PASSED] - File 'C:\\Katalon\\Arctick\\Images\\Category\\4.png' sent to object: 'Object Repository/ADMIN/Categories/Category/image_input image'

2020-03-19 14:19:42 - [TEST_STEP][PASSED] - waitForElementVisible(findTestObject("ADMIN/Categories/Category/button_upload check"), 0): Object 'Object Repository/ADMIN/Categories/Category/button_upload check' is visible

2020-03-19 14:19:42 - [MESSAGE][WARNING] - Timeout '0' is invalid. Using default page load timeout: '30'

2020-03-19 14:19:42 - [MESSAGE][PASSED] - Object 'Object Repository/ADMIN/Categories/Category/button_upload check' is visible

2020-03-19 14:19:42 - [TEST_STEP][PASSED] - click(findTestObject("ADMIN/Categories/Category/button_upload check")): Object: 'Object Repository/ADMIN/Categories/Category/button_upload check' is clicked on

2020-03-19 14:19:42 - [MESSAGE][PASSED] - Object: 'Object Repository/ADMIN/Categories/Category/button_upload check' is clicked on

2020-03-19 14:19:42 - [TEST_STEP][PASSED] - waitForElementVisible(findTestObject("ADMIN/Categories/Category/button_upload save"), 0): Object 'Object Repository/ADMIN/Categories/Category/button_upload save' is visible

2020-03-19 14:19:42 - [MESSAGE][WARNING] - Timeout '0' is invalid. Using default page load timeout: '30'

2020-03-19 14:19:42 - [MESSAGE][PASSED] - Object 'Object Repository/ADMIN/Categories/Category/button_upload save' is visible

2020-03-19 14:19:42 - [TEST_STEP][PASSED] - click(findTestObject("ADMIN/Categories/Category/button_upload save")): Object: 'Object Repository/ADMIN/Categories/Category/button_upload save' is clicked on

2020-03-19 14:19:42 - [MESSAGE][PASSED] - Object: 'Object Repository/ADMIN/Categories/Category/button_upload save' is clicked on

2020-03-19 14:19:42 - [TEST_STEP][PASSED] - setText(findTestObject("ADMIN/Categories/Category/textfield_category_description"), Description): Text 'Description11' is set on object 'Object Repository/ADMIN/Categories/Category/textfield_category_description'

2020-03-19 14:19:43 - [MESSAGE][PASSED] - Text 'Description11' is set on object 'Object Repository/ADMIN/Categories/Category/textfield_category_description'

2020-03-19 14:19:43 - [TEST_STEP][PASSED] - click(findTestObject("ADMIN/Categories/Category/button_Save")): Object: 'Object Repository/ADMIN/Categories/Category/button_Save' is clicked on

2020-03-19 14:19:43 - [MESSAGE][PASSED] - Object: 'Object Repository/ADMIN/Categories/Category/button_Save' is clicked on

2020-03-19 14:19:43 - [TEST_STEP][PASSED] - waitForElementVisible(findTestObject("ADMIN/Categories/Category/label_edit popup"), 0): Object 'Object Repository/ADMIN/Categories/Category/label_edit popup' is visible

2020-03-19 14:19:43 - [MESSAGE][WARNING] - Timeout '0' is invalid. Using default page load timeout: '30'

2020-03-19 14:19:43 - [MESSAGE][PASSED] - Object 'Object Repository/ADMIN/Categories/Category/label_edit popup' is visible

2020-03-19 14:19:43 - [TEST_STEP][PASSED] - waitForElementNotPresent(findTestObject("ADMIN/Categories/Category/label_edit popup"), 0): Web element with id: 'Object Repository/ADMIN/Categories/Category/label_edit popup' located by 'By.xpath: //div[(text() = 'Category was successfully saved.' or . = 'Category was successfully saved.')]' is not present after '30' second(s)

2020-03-19 14:19:44 - [MESSAGE][WARNING] - Timeout '0' is invalid. Using default page load timeout: '30'

2020-03-19 14:19:49 - [MESSAGE][PASSED] - Web element with id: 'Object Repository/ADMIN/Categories/Category/label_edit popup' located by 'By.xpath: //div[(text() = 'Category was successfully saved.' or . = 'Category was successfully saved.')]' is not present after '30' second(s)]]></system-out>
         <system-err><![CDATA[]]></system-err>
      </testcase>
      <testcase name="Test Cases/ADMIN/Content Mgmt/Categories/Category Add-Edit/Add Category" time="14.833" classname="Test Cases/ADMIN/Content Mgmt/Categories/Category Add-Edit/Add Category" status="FAILED">
         <failure type="FAILED" message="Test Cases/ADMIN/Content Mgmt/Categories/Category Add-Edit/Add Category FAILED.
Reason:
com.kms.katalon.core.exception.StepFailedException: Unable to click on object 'Object Repository/ADMIN/Categories/Category List/button_Categories' (Root cause: com.kms.katalon.core.exception.StepFailedException: Unable to click on object 'Object Repository/ADMIN/Categories/Category List/button_Categories'
	at com.kms.katalon.core.webui.keyword.internal.WebUIKeywordMain.stepFailed(WebUIKeywordMain.groovy:64)
	at com.kms.katalon.core.webui.keyword.internal.WebUIKeywordMain.runKeyword(WebUIKeywordMain.groovy:26)
	at com.kms.katalon.core.webui.keyword.builtin.ClickKeyword.click(ClickKeyword.groovy:76)
	at com.kms.katalon.core.webui.keyword.builtin.ClickKeyword.execute(ClickKeyword.groovy:43)
	at com.kms.katalon.core.keyword.internal.KeywordExecutor.executeKeywordForPlatform(KeywordExecutor.groovy:72)
	at com.kms.katalon.core.webui.keyword.WebUiBuiltInKeywords.click(WebUiBuiltInKeywords.groovy:616)
	at com.kms.katalon.core.webui.keyword.WebUiBuiltInKeywords$click$0.call(Unknown Source)
	at Add Category.run(Add Category:28)
	at com.kms.katalon.core.main.ScriptEngine.run(ScriptEngine.java:194)
	at com.kms.katalon.core.main.ScriptEngine.runScriptAsRawText(ScriptEngine.java:119)
	at com.kms.katalon.core.main.TestCaseExecutor.runScript(TestCaseExecutor.java:337)
	at com.kms.katalon.core.main.TestCaseExecutor.doExecute(TestCaseExecutor.java:328)
	at com.kms.katalon.core.main.TestCaseExecutor.processExecutionPhase(TestCaseExecutor.java:307)
	at com.kms.katalon.core.main.TestCaseExecutor.accessMainPhase(TestCaseExecutor.java:299)
	at com.kms.katalon.core.main.TestCaseExecutor.execute(TestCaseExecutor.java:233)
	at com.kms.katalon.core.main.TestSuiteExecutor.accessTestCaseMainPhase(TestSuiteExecutor.java:169)
	at com.kms.katalon.core.main.TestSuiteExecutor.accessTestSuiteMainPhase(TestSuiteExecutor.java:142)
	at com.kms.katalon.core.main.TestSuiteExecutor.execute(TestSuiteExecutor.java:91)
	at com.kms.katalon.core.main.TestCaseMain.startTestSuite(TestCaseMain.java:157)
	at com.kms.katalon.core.main.TestCaseMain$startTestSuite$0.call(Unknown Source)
	at TempTestSuite1584598607274.run(TempTestSuite1584598607274.groovy:36)
Caused by: org.openqa.selenium.ElementNotInteractableException: element not interactable
  (Session info: chrome=80.0.3987.132)
Build info: version: '3.141.59', revision: 'e82be7d358', time: '2018-11-14T08:25:53'
System info: host: 'ARCADIER-03', ip: '192.168.254.105', os.name: 'Windows 7', os.arch: 'amd64', os.version: '6.1', java.version: '1.8.0_181'
Driver info: com.kms.katalon.core.webui.driver.ExistingRemoteWebDriver
Capabilities {javascriptEnabled: true, platform: ANY, platformName: ANY}
Session ID: 66da7635ded2d355388026ca8e7d8eff
	at org.openqa.selenium.remote.http.W3CHttpResponseCodec.createException(W3CHttpResponseCodec.java:187)
	at org.openqa.selenium.remote.http.W3CHttpResponseCodec.decode(W3CHttpResponseCodec.java:122)
	at org.openqa.selenium.remote.http.W3CHttpResponseCodec.decode(W3CHttpResponseCodec.java:49)
	at org.openqa.selenium.remote.HttpCommandExecutor.execute(HttpCommandExecutor.java:158)
	at org.openqa.selenium.remote.RemoteWebDriver.execute(RemoteWebDriver.java:552)
	at com.kms.katalon.core.webui.driver.ExistingRemoteWebDriver.execute(ExistingRemoteWebDriver.java:108)
	at org.openqa.selenium.remote.RemoteWebElement.execute(RemoteWebElement.java:285)
	at org.openqa.selenium.remote.RemoteWebElement.click(RemoteWebElement.java:84)
	at org.openqa.selenium.support.events.EventFiringWebDriver$EventFiringWebElement.lambda$new$0(EventFiringWebDriver.java:404)
	at com.sun.proxy.$Proxy9.click(Unknown Source)
	at org.openqa.selenium.support.events.EventFiringWebDriver$EventFiringWebElement.click(EventFiringWebDriver.java:417)
	at com.kms.katalon.core.webui.keyword.builtin.ClickKeyword$_click_closure1.doCall(ClickKeyword.groovy:69)
	at com.kms.katalon.core.webui.keyword.builtin.ClickKeyword$_click_closure1.call(ClickKeyword.groovy)
	at com.kms.katalon.core.webui.keyword.internal.WebUIKeywordMain.runKeyword(WebUIKeywordMain.groovy:20)
	at com.kms.katalon.core.webui.keyword.builtin.ClickKeyword.click(ClickKeyword.groovy:76)
	at com.kms.katalon.core.webui.keyword.builtin.ClickKeyword.execute(ClickKeyword.groovy:43)
	at com.kms.katalon.core.keyword.internal.KeywordExecutor.executeKeywordForPlatform(KeywordExecutor.groovy:72)
	at com.kms.katalon.core.webui.keyword.WebUiBuiltInKeywords.click(WebUiBuiltInKeywords.groovy:616)
	at com.kms.katalon.core.webui.keyword.WebUiBuiltInKeywords$click$0.call(Unknown Source)
	at Script1549506362832.run(Script1549506362832.groovy:28)
	... 13 more
)
	at com.kms.katalon.core.keyword.internal.KeywordMain.stepFailed(KeywordMain.groovy:39)
	at com.kms.katalon.core.webui.keyword.internal.WebUIKeywordMain.stepFailed(WebUIKeywordMain.groovy:64)
	at com.kms.katalon.core.webui.keyword.internal.WebUIKeywordMain.runKeyword(WebUIKeywordMain.groovy:26)
	at com.kms.katalon.core.webui.keyword.builtin.ClickKeyword.click(ClickKeyword.groovy:76)
	at com.kms.katalon.core.webui.keyword.builtin.ClickKeyword.execute(ClickKeyword.groovy:43)
	at com.kms.katalon.core.keyword.internal.KeywordExecutor.executeKeywordForPlatform(KeywordExecutor.groovy:72)
	at com.kms.katalon.core.webui.keyword.WebUiBuiltInKeywords.click(WebUiBuiltInKeywords.groovy:616)
	at com.kms.katalon.core.webui.keyword.WebUiBuiltInKeywords$click$0.call(Unknown Source)
	at Add Category.run(Add Category:28)
	at com.kms.katalon.core.main.ScriptEngine.run(ScriptEngine.java:194)
	at com.kms.katalon.core.main.ScriptEngine.runScriptAsRawText(ScriptEngine.java:119)
	at com.kms.katalon.core.main.TestCaseExecutor.runScript(TestCaseExecutor.java:337)
	at com.kms.katalon.core.main.TestCaseExecutor.doExecute(TestCaseExecutor.java:328)
	at com.kms.katalon.core.main.TestCaseExecutor.processExecutionPhase(TestCaseExecutor.java:307)
	at com.kms.katalon.core.main.TestCaseExecutor.accessMainPhase(TestCaseExecutor.java:299)
	at com.kms.katalon.core.main.TestCaseExecutor.execute(TestCaseExecutor.java:233)
	at com.kms.katalon.core.main.TestSuiteExecutor.accessTestCaseMainPhase(TestSuiteExecutor.java:169)
	at com.kms.katalon.core.main.TestSuiteExecutor.accessTestSuiteMainPhase(TestSuiteExecutor.java:142)
	at com.kms.katalon.core.main.TestSuiteExecutor.execute(TestSuiteExecutor.java:91)
	at com.kms.katalon.core.main.TestCaseMain.startTestSuite(TestCaseMain.java:157)
	at com.kms.katalon.core.main.TestCaseMain$startTestSuite$0.call(Unknown Source)
	at TempTestSuite1584598607274.run(TempTestSuite1584598607274.groovy:36)
Caused by: com.kms.katalon.core.exception.StepFailedException: Unable to click on object 'Object Repository/ADMIN/Categories/Category List/button_Categories'
	... 21 more
Caused by: org.openqa.selenium.ElementNotInteractableException: element not interactable
  (Session info: chrome=80.0.3987.132)
Build info: version: '3.141.59', revision: 'e82be7d358', time: '2018-11-14T08:25:53'
System info: host: 'ARCADIER-03', ip: '192.168.254.105', os.name: 'Windows 7', os.arch: 'amd64', os.version: '6.1', java.version: '1.8.0_181'
Driver info: com.kms.katalon.core.webui.driver.ExistingRemoteWebDriver
Capabilities {javascriptEnabled: true, platform: ANY, platformName: ANY}
Session ID: 66da7635ded2d355388026ca8e7d8eff
	at org.openqa.selenium.remote.http.W3CHttpResponseCodec.createException(W3CHttpResponseCodec.java:187)
	at org.openqa.selenium.remote.http.W3CHttpResponseCodec.decode(W3CHttpResponseCodec.java:122)
	at org.openqa.selenium.remote.http.W3CHttpResponseCodec.decode(W3CHttpResponseCodec.java:49)
	at org.openqa.selenium.remote.HttpCommandExecutor.execute(HttpCommandExecutor.java:158)
	at org.openqa.selenium.remote.RemoteWebDriver.execute(RemoteWebDriver.java:552)
	at com.kms.katalon.core.webui.driver.ExistingRemoteWebDriver.execute(ExistingRemoteWebDriver.java:108)
	at org.openqa.selenium.remote.RemoteWebElement.execute(RemoteWebElement.java:285)
	at org.openqa.selenium.remote.RemoteWebElement.click(RemoteWebElement.java:84)
	at org.openqa.selenium.support.events.EventFiringWebDriver$EventFiringWebElement.lambda$new$0(EventFiringWebDriver.java:404)
	at com.sun.proxy.$Proxy9.click(Unknown Source)
	at org.openqa.selenium.support.events.EventFiringWebDriver$EventFiringWebElement.click(EventFiringWebDriver.java:417)
	at com.kms.katalon.core.webui.keyword.builtin.ClickKeyword$_click_closure1.doCall(ClickKeyword.groovy:69)
	at com.kms.katalon.core.webui.keyword.builtin.ClickKeyword$_click_closure1.call(ClickKeyword.groovy)
	at com.kms.katalon.core.webui.keyword.internal.WebUIKeywordMain.runKeyword(WebUIKeywordMain.groovy:20)
	... 19 more
"/>
         <system-out><![CDATA[2020-03-19 14:19:49 - [TEST_CASE][FAILED] - Test Cases/ADMIN/Content Mgmt/Categories/Category Add-Edit/Add Category: Test Cases/ADMIN/Content Mgmt/Categories/Category Add-Edit/Add Category FAILED.
Reason:
com.kms.katalon.core.exception.StepFailedException: Unable to click on object 'Object Repository/ADMIN/Categories/Category List/button_Categories' (Root cause: com.kms.katalon.core.exception.StepFailedException: Unable to click on object 'Object Repository/ADMIN/Categories/Category List/button_Categories'
	at com.kms.katalon.core.webui.keyword.internal.WebUIKeywordMain.stepFailed(WebUIKeywordMain.groovy:64)
	at com.kms.katalon.core.webui.keyword.internal.WebUIKeywordMain.runKeyword(WebUIKeywordMain.groovy:26)
	at com.kms.katalon.core.webui.keyword.builtin.ClickKeyword.click(ClickKeyword.groovy:76)
	at com.kms.katalon.core.webui.keyword.builtin.ClickKeyword.execute(ClickKeyword.groovy:43)
	at com.kms.katalon.core.keyword.internal.KeywordExecutor.executeKeywordForPlatform(KeywordExecutor.groovy:72)
	at com.kms.katalon.core.webui.keyword.WebUiBuiltInKeywords.click(WebUiBuiltInKeywords.groovy:616)
	at com.kms.katalon.core.webui.keyword.WebUiBuiltInKeywords$click$0.call(Unknown Source)
	at Add Category.run(Add Category:28)
	at com.kms.katalon.core.main.ScriptEngine.run(ScriptEngine.java:194)
	at com.kms.katalon.core.main.ScriptEngine.runScriptAsRawText(ScriptEngine.java:119)
	at com.kms.katalon.core.main.TestCaseExecutor.runScript(TestCaseExecutor.java:337)
	at com.kms.katalon.core.main.TestCaseExecutor.doExecute(TestCaseExecutor.java:328)
	at com.kms.katalon.core.main.TestCaseExecutor.processExecutionPhase(TestCaseExecutor.java:307)
	at com.kms.katalon.core.main.TestCaseExecutor.accessMainPhase(TestCaseExecutor.java:299)
	at com.kms.katalon.core.main.TestCaseExecutor.execute(TestCaseExecutor.java:233)
	at com.kms.katalon.core.main.TestSuiteExecutor.accessTestCaseMainPhase(TestSuiteExecutor.java:169)
	at com.kms.katalon.core.main.TestSuiteExecutor.accessTestSuiteMainPhase(TestSuiteExecutor.java:142)
	at com.kms.katalon.core.main.TestSuiteExecutor.execute(TestSuiteExecutor.java:91)
	at com.kms.katalon.core.main.TestCaseMain.startTestSuite(TestCaseMain.java:157)
	at com.kms.katalon.core.main.TestCaseMain$startTestSuite$0.call(Unknown Source)
	at TempTestSuite1584598607274.run(TempTestSuite1584598607274.groovy:36)
Caused by: org.openqa.selenium.ElementNotInteractableException: element not interactable
  (Session info: chrome=80.0.3987.132)
Build info: version: '3.141.59', revision: 'e82be7d358', time: '2018-11-14T08:25:53'
System info: host: 'ARCADIER-03', ip: '192.168.254.105', os.name: 'Windows 7', os.arch: 'amd64', os.version: '6.1', java.version: '1.8.0_181'
Driver info: com.kms.katalon.core.webui.driver.ExistingRemoteWebDriver
Capabilities {javascriptEnabled: true, platform: ANY, platformName: ANY}
Session ID: 66da7635ded2d355388026ca8e7d8eff
	at org.openqa.selenium.remote.http.W3CHttpResponseCodec.createException(W3CHttpResponseCodec.java:187)
	at org.openqa.selenium.remote.http.W3CHttpResponseCodec.decode(W3CHttpResponseCodec.java:122)
	at org.openqa.selenium.remote.http.W3CHttpResponseCodec.decode(W3CHttpResponseCodec.java:49)
	at org.openqa.selenium.remote.HttpCommandExecutor.execute(HttpCommandExecutor.java:158)
	at org.openqa.selenium.remote.RemoteWebDriver.execute(RemoteWebDriver.java:552)
	at com.kms.katalon.core.webui.driver.ExistingRemoteWebDriver.execute(ExistingRemoteWebDriver.java:108)
	at org.openqa.selenium.remote.RemoteWebElement.execute(RemoteWebElement.java:285)
	at org.openqa.selenium.remote.RemoteWebElement.click(RemoteWebElement.java:84)
	at org.openqa.selenium.support.events.EventFiringWebDriver$EventFiringWebElement.lambda$new$0(EventFiringWebDriver.java:404)
	at com.sun.proxy.$Proxy9.click(Unknown Source)
	at org.openqa.selenium.support.events.EventFiringWebDriver$EventFiringWebElement.click(EventFiringWebDriver.java:417)
	at com.kms.katalon.core.webui.keyword.builtin.ClickKeyword$_click_closure1.doCall(ClickKeyword.groovy:69)
	at com.kms.katalon.core.webui.keyword.builtin.ClickKeyword$_click_closure1.call(ClickKeyword.groovy)
	at com.kms.katalon.core.webui.keyword.internal.WebUIKeywordMain.runKeyword(WebUIKeywordMain.groovy:20)
	at com.kms.katalon.core.webui.keyword.builtin.ClickKeyword.click(ClickKeyword.groovy:76)
	at com.kms.katalon.core.webui.keyword.builtin.ClickKeyword.execute(ClickKeyword.groovy:43)
	at com.kms.katalon.core.keyword.internal.KeywordExecutor.executeKeywordForPlatform(KeywordExecutor.groovy:72)
	at com.kms.katalon.core.webui.keyword.WebUiBuiltInKeywords.click(WebUiBuiltInKeywords.groovy:616)
	at com.kms.katalon.core.webui.keyword.WebUiBuiltInKeywords$click$0.call(Unknown Source)
	at Script1549506362832.run(Script1549506362832.groovy:28)
	... 13 more
)
	at com.kms.katalon.core.keyword.internal.KeywordMain.stepFailed(KeywordMain.groovy:39)
	at com.kms.katalon.core.webui.keyword.internal.WebUIKeywordMain.stepFailed(WebUIKeywordMain.groovy:64)
	at com.kms.katalon.core.webui.keyword.internal.WebUIKeywordMain.runKeyword(WebUIKeywordMain.groovy:26)
	at com.kms.katalon.core.webui.keyword.builtin.ClickKeyword.click(ClickKeyword.groovy:76)
	at com.kms.katalon.core.webui.keyword.builtin.ClickKeyword.execute(ClickKeyword.groovy:43)
	at com.kms.katalon.core.keyword.internal.KeywordExecutor.executeKeywordForPlatform(KeywordExecutor.groovy:72)
	at com.kms.katalon.core.webui.keyword.WebUiBuiltInKeywords.click(WebUiBuiltInKeywords.groovy:616)
	at com.kms.katalon.core.webui.keyword.WebUiBuiltInKeywords$click$0.call(Unknown Source)
	at Add Category.run(Add Category:28)
	at com.kms.katalon.core.main.ScriptEngine.run(ScriptEngine.java:194)
	at com.kms.katalon.core.main.ScriptEngine.runScriptAsRawText(ScriptEngine.java:119)
	at com.kms.katalon.core.main.TestCaseExecutor.runScript(TestCaseExecutor.java:337)
	at com.kms.katalon.core.main.TestCaseExecutor.doExecute(TestCaseExecutor.java:328)
	at com.kms.katalon.core.main.TestCaseExecutor.processExecutionPhase(TestCaseExecutor.java:307)
	at com.kms.katalon.core.main.TestCaseExecutor.accessMainPhase(TestCaseExecutor.java:299)
	at com.kms.katalon.core.main.TestCaseExecutor.execute(TestCaseExecutor.java:233)
	at com.kms.katalon.core.main.TestSuiteExecutor.accessTestCaseMainPhase(TestSuiteExecutor.java:169)
	at com.kms.katalon.core.main.TestSuiteExecutor.accessTestSuiteMainPhase(TestSuiteExecutor.java:142)
	at com.kms.katalon.core.main.TestSuiteExecutor.execute(TestSuiteExecutor.java:91)
	at com.kms.katalon.core.main.TestCaseMain.startTestSuite(TestCaseMain.java:157)
	at com.kms.katalon.core.main.TestCaseMain$startTestSuite$0.call(Unknown Source)
	at TempTestSuite1584598607274.run(TempTestSuite1584598607274.groovy:36)
Caused by: com.kms.katalon.core.exception.StepFailedException: Unable to click on object 'Object Repository/ADMIN/Categories/Category List/button_Categories'
	... 21 more
Caused by: org.openqa.selenium.ElementNotInteractableException: element not interactable
  (Session info: chrome=80.0.3987.132)
Build info: version: '3.141.59', revision: 'e82be7d358', time: '2018-11-14T08:25:53'
System info: host: 'ARCADIER-03', ip: '192.168.254.105', os.name: 'Windows 7', os.arch: 'amd64', os.version: '6.1', java.version: '1.8.0_181'
Driver info: com.kms.katalon.core.webui.driver.ExistingRemoteWebDriver
Capabilities {javascriptEnabled: true, platform: ANY, platformName: ANY}
Session ID: 66da7635ded2d355388026ca8e7d8eff
	at org.openqa.selenium.remote.http.W3CHttpResponseCodec.createException(W3CHttpResponseCodec.java:187)
	at org.openqa.selenium.remote.http.W3CHttpResponseCodec.decode(W3CHttpResponseCodec.java:122)
	at org.openqa.selenium.remote.http.W3CHttpResponseCodec.decode(W3CHttpResponseCodec.java:49)
	at org.openqa.selenium.remote.HttpCommandExecutor.execute(HttpCommandExecutor.java:158)
	at org.openqa.selenium.remote.RemoteWebDriver.execute(RemoteWebDriver.java:552)
	at com.kms.katalon.core.webui.driver.ExistingRemoteWebDriver.execute(ExistingRemoteWebDriver.java:108)
	at org.openqa.selenium.remote.RemoteWebElement.execute(RemoteWebElement.java:285)
	at org.openqa.selenium.remote.RemoteWebElement.click(RemoteWebElement.java:84)
	at org.openqa.selenium.support.events.EventFiringWebDriver$EventFiringWebElement.lambda$new$0(EventFiringWebDriver.java:404)
	at com.sun.proxy.$Proxy9.click(Unknown Source)
	at org.openqa.selenium.support.events.EventFiringWebDriver$EventFiringWebElement.click(EventFiringWebDriver.java:417)
	at com.kms.katalon.core.webui.keyword.builtin.ClickKeyword$_click_closure1.doCall(ClickKeyword.groovy:69)
	at com.kms.katalon.core.webui.keyword.builtin.ClickKeyword$_click_closure1.call(ClickKeyword.groovy)
	at com.kms.katalon.core.webui.keyword.internal.WebUIKeywordMain.runKeyword(WebUIKeywordMain.groovy:20)
	... 19 more


2020-03-19 14:19:49 - [TEST_STEP][PASSED] - waitForElementVisible(findTestObject("ADMIN/Categories/Category List/button_Content Mgmt"), 0): Object 'Object Repository/ADMIN/Categories/Category List/button_Content Mgmt' is visible

2020-03-19 14:19:49 - [MESSAGE][WARNING] - Timeout '0' is invalid. Using default page load timeout: '30'

2020-03-19 14:19:49 - [MESSAGE][PASSED] - Object 'Object Repository/ADMIN/Categories/Category List/button_Content Mgmt' is visible

2020-03-19 14:19:49 - [TEST_STEP][PASSED] - click(findTestObject("ADMIN/Categories/Category List/button_Content Mgmt")): Object: 'Object Repository/ADMIN/Categories/Category List/button_Content Mgmt' is clicked on

2020-03-19 14:19:49 - [MESSAGE][PASSED] - Object: 'Object Repository/ADMIN/Categories/Category List/button_Content Mgmt' is clicked on

2020-03-19 14:19:49 - [TEST_STEP][PASSED] - waitForElementVisible(findTestObject("ADMIN/Categories/Category List/button_Categories"), 0): Object 'Object Repository/ADMIN/Categories/Category List/button_Categories' is visible

2020-03-19 14:19:49 - [MESSAGE][WARNING] - Timeout '0' is invalid. Using default page load timeout: '30'

2020-03-19 14:19:50 - [MESSAGE][PASSED] - Object 'Object Repository/ADMIN/Categories/Category List/button_Categories' is visible

2020-03-19 14:19:50 - [TEST_STEP][FAILED] - click(findTestObject("ADMIN/Categories/Category List/button_Categories")): Unable to click on object 'Object Repository/ADMIN/Categories/Category List/button_Categories' (Root cause: com.kms.katalon.core.exception.StepFailedException: Unable to click on object 'Object Repository/ADMIN/Categories/Category List/button_Categories'
	at com.kms.katalon.core.webui.keyword.internal.WebUIKeywordMain.stepFailed(WebUIKeywordMain.groovy:64)
	at com.kms.katalon.core.webui.keyword.internal.WebUIKeywordMain.runKeyword(WebUIKeywordMain.groovy:26)
	at com.kms.katalon.core.webui.keyword.builtin.ClickKeyword.click(ClickKeyword.groovy:76)
	at com.kms.katalon.core.webui.keyword.builtin.ClickKeyword.execute(ClickKeyword.groovy:43)
	at com.kms.katalon.core.keyword.internal.KeywordExecutor.executeKeywordForPlatform(KeywordExecutor.groovy:72)
	at com.kms.katalon.core.webui.keyword.WebUiBuiltInKeywords.click(WebUiBuiltInKeywords.groovy:616)
	at com.kms.katalon.core.webui.keyword.WebUiBuiltInKeywords$click$0.call(Unknown Source)
	at Add Category.run(Add Category:28)
	at com.kms.katalon.core.main.ScriptEngine.run(ScriptEngine.java:194)
	at com.kms.katalon.core.main.ScriptEngine.runScriptAsRawText(ScriptEngine.java:119)
	at com.kms.katalon.core.main.TestCaseExecutor.runScript(TestCaseExecutor.java:337)
	at com.kms.katalon.core.main.TestCaseExecutor.doExecute(TestCaseExecutor.java:328)
	at com.kms.katalon.core.main.TestCaseExecutor.processExecutionPhase(TestCaseExecutor.java:307)
	at com.kms.katalon.core.main.TestCaseExecutor.accessMainPhase(TestCaseExecutor.java:299)
	at com.kms.katalon.core.main.TestCaseExecutor.execute(TestCaseExecutor.java:233)
	at com.kms.katalon.core.main.TestSuiteExecutor.accessTestCaseMainPhase(TestSuiteExecutor.java:169)
	at com.kms.katalon.core.main.TestSuiteExecutor.accessTestSuiteMainPhase(TestSuiteExecutor.java:142)
	at com.kms.katalon.core.main.TestSuiteExecutor.execute(TestSuiteExecutor.java:91)
	at com.kms.katalon.core.main.TestCaseMain.startTestSuite(TestCaseMain.java:157)
	at com.kms.katalon.core.main.TestCaseMain$startTestSuite$0.call(Unknown Source)
	at TempTestSuite1584598607274.run(TempTestSuite1584598607274.groovy:36)
Caused by: org.openqa.selenium.ElementNotInteractableException: element not interactable
  (Session info: chrome=80.0.3987.132)
Build info: version: '3.141.59', revision: 'e82be7d358', time: '2018-11-14T08:25:53'
System info: host: 'ARCADIER-03', ip: '192.168.254.105', os.name: 'Windows 7', os.arch: 'amd64', os.version: '6.1', java.version: '1.8.0_181'
Driver info: com.kms.katalon.core.webui.driver.ExistingRemoteWebDriver
Capabilities {javascriptEnabled: true, platform: ANY, platformName: ANY}
Session ID: 66da7635ded2d355388026ca8e7d8eff
	at org.openqa.selenium.remote.http.W3CHttpResponseCodec.createException(W3CHttpResponseCodec.java:187)
	at org.openqa.selenium.remote.http.W3CHttpResponseCodec.decode(W3CHttpResponseCodec.java:122)
	at org.openqa.selenium.remote.http.W3CHttpResponseCodec.decode(W3CHttpResponseCodec.java:49)
	at org.openqa.selenium.remote.HttpCommandExecutor.execute(HttpCommandExecutor.java:158)
	at org.openqa.selenium.remote.RemoteWebDriver.execute(RemoteWebDriver.java:552)
	at com.kms.katalon.core.webui.driver.ExistingRemoteWebDriver.execute(ExistingRemoteWebDriver.java:108)
	at org.openqa.selenium.remote.RemoteWebElement.execute(RemoteWebElement.java:285)
	at org.openqa.selenium.remote.RemoteWebElement.click(RemoteWebElement.java:84)
	at org.openqa.selenium.support.events.EventFiringWebDriver$EventFiringWebElement.lambda$new$0(EventFiringWebDriver.java:404)
	at com.sun.proxy.$Proxy9.click(Unknown Source)
	at org.openqa.selenium.support.events.EventFiringWebDriver$EventFiringWebElement.click(EventFiringWebDriver.java:417)
	at com.kms.katalon.core.webui.keyword.builtin.ClickKeyword$_click_closure1.doCall(ClickKeyword.groovy:69)
	at com.kms.katalon.core.webui.keyword.builtin.ClickKeyword$_click_closure1.call(ClickKeyword.groovy)
	at com.kms.katalon.core.webui.keyword.internal.WebUIKeywordMain.runKeyword(WebUIKeywordMain.groovy:20)
	at com.kms.katalon.core.webui.keyword.builtin.ClickKeyword.click(ClickKeyword.groovy:76)
	at com.kms.katalon.core.webui.keyword.builtin.ClickKeyword.execute(ClickKeyword.groovy:43)
	at com.kms.katalon.core.keyword.internal.KeywordExecutor.executeKeywordForPlatform(KeywordExecutor.groovy:72)
	at com.kms.katalon.core.webui.keyword.WebUiBuiltInKeywords.click(WebUiBuiltInKeywords.groovy:616)
	at com.kms.katalon.core.webui.keyword.WebUiBuiltInKeywords$click$0.call(Unknown Source)
	at Script1549506362832.run(Script1549506362832.groovy:28)
	... 13 more
)

2020-03-19 14:19:50 - [MESSAGE][FAILED] - Unable to click on object 'Object Repository/ADMIN/Categories/Category List/button_Categories' (Root cause: com.kms.katalon.core.exception.StepFailedException: Unable to click on object 'Object Repository/ADMIN/Categories/Category List/button_Categories'
	at com.kms.katalon.core.webui.keyword.internal.WebUIKeywordMain.stepFailed(WebUIKeywordMain.groovy:64)
	at com.kms.katalon.core.webui.keyword.internal.WebUIKeywordMain.runKeyword(WebUIKeywordMain.groovy:26)
	at com.kms.katalon.core.webui.keyword.builtin.ClickKeyword.click(ClickKeyword.groovy:76)
	at com.kms.katalon.core.webui.keyword.builtin.ClickKeyword.execute(ClickKeyword.groovy:43)
	at com.kms.katalon.core.keyword.internal.KeywordExecutor.executeKeywordForPlatform(KeywordExecutor.groovy:72)
	at com.kms.katalon.core.webui.keyword.WebUiBuiltInKeywords.click(WebUiBuiltInKeywords.groovy:616)
	at com.kms.katalon.core.webui.keyword.WebUiBuiltInKeywords$click$0.call(Unknown Source)
	at Add Category.run(Add Category:28)
	at com.kms.katalon.core.main.ScriptEngine.run(ScriptEngine.java:194)
	at com.kms.katalon.core.main.ScriptEngine.runScriptAsRawText(ScriptEngine.java:119)
	at com.kms.katalon.core.main.TestCaseExecutor.runScript(TestCaseExecutor.java:337)
	at com.kms.katalon.core.main.TestCaseExecutor.doExecute(TestCaseExecutor.java:328)
	at com.kms.katalon.core.main.TestCaseExecutor.processExecutionPhase(TestCaseExecutor.java:307)
	at com.kms.katalon.core.main.TestCaseExecutor.accessMainPhase(TestCaseExecutor.java:299)
	at com.kms.katalon.core.main.TestCaseExecutor.execute(TestCaseExecutor.java:233)
	at com.kms.katalon.core.main.TestSuiteExecutor.accessTestCaseMainPhase(TestSuiteExecutor.java:169)
	at com.kms.katalon.core.main.TestSuiteExecutor.accessTestSuiteMainPhase(TestSuiteExecutor.java:142)
	at com.kms.katalon.core.main.TestSuiteExecutor.execute(TestSuiteExecutor.java:91)
	at com.kms.katalon.core.main.TestCaseMain.startTestSuite(TestCaseMain.java:157)
	at com.kms.katalon.core.main.TestCaseMain$startTestSuite$0.call(Unknown Source)
	at TempTestSuite1584598607274.run(TempTestSuite1584598607274.groovy:36)
Caused by: org.openqa.selenium.ElementNotInteractableException: element not interactable
  (Session info: chrome=80.0.3987.132)
Build info: version: '3.141.59', revision: 'e82be7d358', time: '2018-11-14T08:25:53'
System info: host: 'ARCADIER-03', ip: '192.168.254.105', os.name: 'Windows 7', os.arch: 'amd64', os.version: '6.1', java.version: '1.8.0_181'
Driver info: com.kms.katalon.core.webui.driver.ExistingRemoteWebDriver
Capabilities {javascriptEnabled: true, platform: ANY, platformName: ANY}
Session ID: 66da7635ded2d355388026ca8e7d8eff
	at org.openqa.selenium.remote.http.W3CHttpResponseCodec.createException(W3CHttpResponseCodec.java:187)
	at org.openqa.selenium.remote.http.W3CHttpResponseCodec.decode(W3CHttpResponseCodec.java:122)
	at org.openqa.selenium.remote.http.W3CHttpResponseCodec.decode(W3CHttpResponseCodec.java:49)
	at org.openqa.selenium.remote.HttpCommandExecutor.execute(HttpCommandExecutor.java:158)
	at org.openqa.selenium.remote.RemoteWebDriver.execute(RemoteWebDriver.java:552)
	at com.kms.katalon.core.webui.driver.ExistingRemoteWebDriver.execute(ExistingRemoteWebDriver.java:108)
	at org.openqa.selenium.remote.RemoteWebElement.execute(RemoteWebElement.java:285)
	at org.openqa.selenium.remote.RemoteWebElement.click(RemoteWebElement.java:84)
	at org.openqa.selenium.support.events.EventFiringWebDriver$EventFiringWebElement.lambda$new$0(EventFiringWebDriver.java:404)
	at com.sun.proxy.$Proxy9.click(Unknown Source)
	at org.openqa.selenium.support.events.EventFiringWebDriver$EventFiringWebElement.click(EventFiringWebDriver.java:417)
	at com.kms.katalon.core.webui.keyword.builtin.ClickKeyword$_click_closure1.doCall(ClickKeyword.groovy:69)
	at com.kms.katalon.core.webui.keyword.builtin.ClickKeyword$_click_closure1.call(ClickKeyword.groovy)
	at com.kms.katalon.core.webui.keyword.internal.WebUIKeywordMain.runKeyword(WebUIKeywordMain.groovy:20)
	at com.kms.katalon.core.webui.keyword.builtin.ClickKeyword.click(ClickKeyword.groovy:76)
	at com.kms.katalon.core.webui.keyword.builtin.ClickKeyword.execute(ClickKeyword.groovy:43)
	at com.kms.katalon.core.keyword.internal.KeywordExecutor.executeKeywordForPlatform(KeywordExecutor.groovy:72)
	at com.kms.katalon.core.webui.keyword.WebUiBuiltInKeywords.click(WebUiBuiltInKeywords.groovy:616)
	at com.kms.katalon.core.webui.keyword.WebUiBuiltInKeywords$click$0.call(Unknown Source)
	at Script1549506362832.run(Script1549506362832.groovy:28)
	... 13 more
)
[[ATTACHMENT|C:\\Katalon\\Arctick\\Reports\\20200319_141647\\Admin\\Admin Add Category\\20200319_141647\\1584598790123.png]]

2020-03-19 14:19:50 - [TEST_STEP][PASSED] - waitForPageLoad(0, STOP_ON_FAILURE): Wait for page load successfully

2020-03-19 14:19:50 - [MESSAGE][WARNING] - Timeout '0' is invalid. Using default page load timeout: '30'

2020-03-19 14:19:50 - [MESSAGE][PASSED] - Wait for page load successfully

2020-03-19 14:19:50 - [TEST_STEP][PASSED] - click(findTestObject("ADMIN/Categories/Category List/button_Add a Category")): Object: 'Object Repository/ADMIN/Categories/Category List/button_Add a Category' is clicked on

2020-03-19 14:19:50 - [MESSAGE][PASSED] - Object: 'Object Repository/ADMIN/Categories/Category List/button_Add a Category' is clicked on

2020-03-19 14:19:50 - [TEST_STEP][PASSED] - waitForElementPresent(findTestObject("ADMIN/Categories/Category/dropdown_Parent"), 2): Object 'Object Repository/ADMIN/Categories/Category/dropdown_Parent' is present

2020-03-19 14:19:50 - [MESSAGE][PASSED] - Object 'Object Repository/ADMIN/Categories/Category/dropdown_Parent' is present

2020-03-19 14:19:50 - [TEST_STEP][PASSED] - delay(1): Delayed 1 second(s)

2020-03-19 14:19:51 - [MESSAGE][PASSED] - Delayed 1 second(s)

2020-03-19 14:19:51 - [TEST_STEP][PASSED] - setText(findTestObject("ADMIN/Categories/Category/textfield_Category Name"), CategoryNametext): Text 'Category 4.2' is set on object 'Object Repository/ADMIN/Categories/Category/textfield_Category Name'

2020-03-19 14:19:52 - [MESSAGE][PASSED] - Text 'Category 4.2' is set on object 'Object Repository/ADMIN/Categories/Category/textfield_Category Name'

2020-03-19 14:19:52 - [TEST_STEP][PASSED] - click(findTestObject("ADMIN/Categories/Category/dropdown_Parent")): Object: 'Object Repository/ADMIN/Categories/Category/dropdown_Parent' is clicked on

2020-03-19 14:19:52 - [MESSAGE][PASSED] - Object: 'Object Repository/ADMIN/Categories/Category/dropdown_Parent' is clicked on

2020-03-19 14:19:52 - [TEST_STEP][PASSED] - delay(2): Delayed 2 second(s)

2020-03-19 14:19:54 - [MESSAGE][PASSED] - Delayed 2 second(s)

2020-03-19 14:19:54 - [TEST_STEP][PASSED] - click(findTestObject("ADMIN/Categories/Category/dropdown_Parent")): Object: 'Object Repository/ADMIN/Categories/Category/dropdown_Parent' is clicked on

2020-03-19 14:19:54 - [MESSAGE][PASSED] - Object: 'Object Repository/ADMIN/Categories/Category/dropdown_Parent' is clicked on

2020-03-19 14:19:54 - [TEST_STEP][PASSED] - selectOptionByLabel(findTestObject("ADMIN/Categories/Category/dropdown_Parent"), ParentName, false): All options with label 'Category 04' are selected in object 'Object Repository/ADMIN/Categories/Category/dropdown_Parent' 

2020-03-19 14:19:54 - [MESSAGE][PASSED] - All options with label 'Category 04' are selected in object 'Object Repository/ADMIN/Categories/Category/dropdown_Parent' 

2020-03-19 14:19:54 - [TEST_STEP][PASSED] - click(findTestObject("ADMIN/Categories/Category/button_Browse")): Object: 'Object Repository/ADMIN/Categories/Category/button_Browse' is clicked on

2020-03-19 14:19:54 - [MESSAGE][PASSED] - Object: 'Object Repository/ADMIN/Categories/Category/button_Browse' is clicked on

2020-03-19 14:19:54 - [TEST_STEP][PASSED] - delay(2): Delayed 2 second(s)

2020-03-19 14:19:56 - [MESSAGE][PASSED] - Delayed 2 second(s)

2020-03-19 14:19:56 - [TEST_STEP][PASSED] - uploadFile(findTestObject("ADMIN/Categories/Category/image_input image"), CategoryImageUpload): File 'C:\\Katalon\\Arctick\\Images\\Category\\4.png' sent to object: 'Object Repository/ADMIN/Categories/Category/image_input image'

2020-03-19 14:19:56 - [MESSAGE][PASSED] - File 'C:\\Katalon\\Arctick\\Images\\Category\\4.png' sent to object: 'Object Repository/ADMIN/Categories/Category/image_input image'

2020-03-19 14:19:56 - [TEST_STEP][PASSED] - waitForElementVisible(findTestObject("ADMIN/Categories/Category/button_upload check"), 0): Object 'Object Repository/ADMIN/Categories/Category/button_upload check' is visible

2020-03-19 14:19:56 - [MESSAGE][WARNING] - Timeout '0' is invalid. Using default page load timeout: '30'

2020-03-19 14:19:56 - [MESSAGE][PASSED] - Object 'Object Repository/ADMIN/Categories/Category/button_upload check' is visible

2020-03-19 14:19:56 - [TEST_STEP][PASSED] - click(findTestObject("ADMIN/Categories/Category/button_upload check")): Object: 'Object Repository/ADMIN/Categories/Category/button_upload check' is clicked on

2020-03-19 14:19:57 - [MESSAGE][PASSED] - Object: 'Object Repository/ADMIN/Categories/Category/button_upload check' is clicked on

2020-03-19 14:19:57 - [TEST_STEP][PASSED] - waitForElementVisible(findTestObject("ADMIN/Categories/Category/button_upload save"), 0): Object 'Object Repository/ADMIN/Categories/Category/button_upload save' is visible

2020-03-19 14:19:57 - [MESSAGE][WARNING] - Timeout '0' is invalid. Using default page load timeout: '30'

2020-03-19 14:19:57 - [MESSAGE][PASSED] - Object 'Object Repository/ADMIN/Categories/Category/button_upload save' is visible

2020-03-19 14:19:57 - [TEST_STEP][PASSED] - click(findTestObject("ADMIN/Categories/Category/button_upload save")): Object: 'Object Repository/ADMIN/Categories/Category/button_upload save' is clicked on

2020-03-19 14:19:57 - [MESSAGE][PASSED] - Object: 'Object Repository/ADMIN/Categories/Category/button_upload save' is clicked on

2020-03-19 14:19:57 - [TEST_STEP][PASSED] - setText(findTestObject("ADMIN/Categories/Category/textfield_category_description"), Description): Text 'Description12' is set on object 'Object Repository/ADMIN/Categories/Category/textfield_category_description'

2020-03-19 14:19:57 - [MESSAGE][PASSED] - Text 'Description12' is set on object 'Object Repository/ADMIN/Categories/Category/textfield_category_description'

2020-03-19 14:19:57 - [TEST_STEP][PASSED] - click(findTestObject("ADMIN/Categories/Category/button_Save")): Object: 'Object Repository/ADMIN/Categories/Category/button_Save' is clicked on

2020-03-19 14:19:57 - [MESSAGE][PASSED] - Object: 'Object Repository/ADMIN/Categories/Category/button_Save' is clicked on

2020-03-19 14:19:57 - [TEST_STEP][PASSED] - waitForElementVisible(findTestObject("ADMIN/Categories/Category/label_edit popup"), 0): Object 'Object Repository/ADMIN/Categories/Category/label_edit popup' is visible

2020-03-19 14:19:57 - [MESSAGE][WARNING] - Timeout '0' is invalid. Using default page load timeout: '30'

2020-03-19 14:19:58 - [MESSAGE][PASSED] - Object 'Object Repository/ADMIN/Categories/Category/label_edit popup' is visible

2020-03-19 14:19:58 - [TEST_STEP][PASSED] - waitForElementNotPresent(findTestObject("ADMIN/Categories/Category/label_edit popup"), 0): Web element with id: 'Object Repository/ADMIN/Categories/Category/label_edit popup' located by 'By.xpath: //div[(text() = 'Category was successfully saved.' or . = 'Category was successfully saved.')]' is not present after '30' second(s)

2020-03-19 14:19:58 - [MESSAGE][WARNING] - Timeout '0' is invalid. Using default page load timeout: '30'

2020-03-19 14:20:04 - [MESSAGE][PASSED] - Web element with id: 'Object Repository/ADMIN/Categories/Category/label_edit popup' located by 'By.xpath: //div[(text() = 'Category was successfully saved.' or . = 'Category was successfully saved.')]' is not present after '30' second(s)]]></system-out>
         <system-err><![CDATA[2020-03-19 14:19:49 - [TEST_CASE][FAILED] - Test Cases/ADMIN/Content Mgmt/Categories/Category Add-Edit/Add Category: Test Cases/ADMIN/Content Mgmt/Categories/Category Add-Edit/Add Category FAILED.
Reason:
com.kms.katalon.core.exception.StepFailedException: Unable to click on object 'Object Repository/ADMIN/Categories/Category List/button_Categories' (Root cause: com.kms.katalon.core.exception.StepFailedException: Unable to click on object 'Object Repository/ADMIN/Categories/Category List/button_Categories'
	at com.kms.katalon.core.webui.keyword.internal.WebUIKeywordMain.stepFailed(WebUIKeywordMain.groovy:64)
	at com.kms.katalon.core.webui.keyword.internal.WebUIKeywordMain.runKeyword(WebUIKeywordMain.groovy:26)
	at com.kms.katalon.core.webui.keyword.builtin.ClickKeyword.click(ClickKeyword.groovy:76)
	at com.kms.katalon.core.webui.keyword.builtin.ClickKeyword.execute(ClickKeyword.groovy:43)
	at com.kms.katalon.core.keyword.internal.KeywordExecutor.executeKeywordForPlatform(KeywordExecutor.groovy:72)
	at com.kms.katalon.core.webui.keyword.WebUiBuiltInKeywords.click(WebUiBuiltInKeywords.groovy:616)
	at com.kms.katalon.core.webui.keyword.WebUiBuiltInKeywords$click$0.call(Unknown Source)
	at Add Category.run(Add Category:28)
	at com.kms.katalon.core.main.ScriptEngine.run(ScriptEngine.java:194)
	at com.kms.katalon.core.main.ScriptEngine.runScriptAsRawText(ScriptEngine.java:119)
	at com.kms.katalon.core.main.TestCaseExecutor.runScript(TestCaseExecutor.java:337)
	at com.kms.katalon.core.main.TestCaseExecutor.doExecute(TestCaseExecutor.java:328)
	at com.kms.katalon.core.main.TestCaseExecutor.processExecutionPhase(TestCaseExecutor.java:307)
	at com.kms.katalon.core.main.TestCaseExecutor.accessMainPhase(TestCaseExecutor.java:299)
	at com.kms.katalon.core.main.TestCaseExecutor.execute(TestCaseExecutor.java:233)
	at com.kms.katalon.core.main.TestSuiteExecutor.accessTestCaseMainPhase(TestSuiteExecutor.java:169)
	at com.kms.katalon.core.main.TestSuiteExecutor.accessTestSuiteMainPhase(TestSuiteExecutor.java:142)
	at com.kms.katalon.core.main.TestSuiteExecutor.execute(TestSuiteExecutor.java:91)
	at com.kms.katalon.core.main.TestCaseMain.startTestSuite(TestCaseMain.java:157)
	at com.kms.katalon.core.main.TestCaseMain$startTestSuite$0.call(Unknown Source)
	at TempTestSuite1584598607274.run(TempTestSuite1584598607274.groovy:36)
Caused by: org.openqa.selenium.ElementNotInteractableException: element not interactable
  (Session info: chrome=80.0.3987.132)
Build info: version: '3.141.59', revision: 'e82be7d358', time: '2018-11-14T08:25:53'
System info: host: 'ARCADIER-03', ip: '192.168.254.105', os.name: 'Windows 7', os.arch: 'amd64', os.version: '6.1', java.version: '1.8.0_181'
Driver info: com.kms.katalon.core.webui.driver.ExistingRemoteWebDriver
Capabilities {javascriptEnabled: true, platform: ANY, platformName: ANY}
Session ID: 66da7635ded2d355388026ca8e7d8eff
	at org.openqa.selenium.remote.http.W3CHttpResponseCodec.createException(W3CHttpResponseCodec.java:187)
	at org.openqa.selenium.remote.http.W3CHttpResponseCodec.decode(W3CHttpResponseCodec.java:122)
	at org.openqa.selenium.remote.http.W3CHttpResponseCodec.decode(W3CHttpResponseCodec.java:49)
	at org.openqa.selenium.remote.HttpCommandExecutor.execute(HttpCommandExecutor.java:158)
	at org.openqa.selenium.remote.RemoteWebDriver.execute(RemoteWebDriver.java:552)
	at com.kms.katalon.core.webui.driver.ExistingRemoteWebDriver.execute(ExistingRemoteWebDriver.java:108)
	at org.openqa.selenium.remote.RemoteWebElement.execute(RemoteWebElement.java:285)
	at org.openqa.selenium.remote.RemoteWebElement.click(RemoteWebElement.java:84)
	at org.openqa.selenium.support.events.EventFiringWebDriver$EventFiringWebElement.lambda$new$0(EventFiringWebDriver.java:404)
	at com.sun.proxy.$Proxy9.click(Unknown Source)
	at org.openqa.selenium.support.events.EventFiringWebDriver$EventFiringWebElement.click(EventFiringWebDriver.java:417)
	at com.kms.katalon.core.webui.keyword.builtin.ClickKeyword$_click_closure1.doCall(ClickKeyword.groovy:69)
	at com.kms.katalon.core.webui.keyword.builtin.ClickKeyword$_click_closure1.call(ClickKeyword.groovy)
	at com.kms.katalon.core.webui.keyword.internal.WebUIKeywordMain.runKeyword(WebUIKeywordMain.groovy:20)
	at com.kms.katalon.core.webui.keyword.builtin.ClickKeyword.click(ClickKeyword.groovy:76)
	at com.kms.katalon.core.webui.keyword.builtin.ClickKeyword.execute(ClickKeyword.groovy:43)
	at com.kms.katalon.core.keyword.internal.KeywordExecutor.executeKeywordForPlatform(KeywordExecutor.groovy:72)
	at com.kms.katalon.core.webui.keyword.WebUiBuiltInKeywords.click(WebUiBuiltInKeywords.groovy:616)
	at com.kms.katalon.core.webui.keyword.WebUiBuiltInKeywords$click$0.call(Unknown Source)
	at Script1549506362832.run(Script1549506362832.groovy:28)
	... 13 more
)
	at com.kms.katalon.core.keyword.internal.KeywordMain.stepFailed(KeywordMain.groovy:39)
	at com.kms.katalon.core.webui.keyword.internal.WebUIKeywordMain.stepFailed(WebUIKeywordMain.groovy:64)
	at com.kms.katalon.core.webui.keyword.internal.WebUIKeywordMain.runKeyword(WebUIKeywordMain.groovy:26)
	at com.kms.katalon.core.webui.keyword.builtin.ClickKeyword.click(ClickKeyword.groovy:76)
	at com.kms.katalon.core.webui.keyword.builtin.ClickKeyword.execute(ClickKeyword.groovy:43)
	at com.kms.katalon.core.keyword.internal.KeywordExecutor.executeKeywordForPlatform(KeywordExecutor.groovy:72)
	at com.kms.katalon.core.webui.keyword.WebUiBuiltInKeywords.click(WebUiBuiltInKeywords.groovy:616)
	at com.kms.katalon.core.webui.keyword.WebUiBuiltInKeywords$click$0.call(Unknown Source)
	at Add Category.run(Add Category:28)
	at com.kms.katalon.core.main.ScriptEngine.run(ScriptEngine.java:194)
	at com.kms.katalon.core.main.ScriptEngine.runScriptAsRawText(ScriptEngine.java:119)
	at com.kms.katalon.core.main.TestCaseExecutor.runScript(TestCaseExecutor.java:337)
	at com.kms.katalon.core.main.TestCaseExecutor.doExecute(TestCaseExecutor.java:328)
	at com.kms.katalon.core.main.TestCaseExecutor.processExecutionPhase(TestCaseExecutor.java:307)
	at com.kms.katalon.core.main.TestCaseExecutor.accessMainPhase(TestCaseExecutor.java:299)
	at com.kms.katalon.core.main.TestCaseExecutor.execute(TestCaseExecutor.java:233)
	at com.kms.katalon.core.main.TestSuiteExecutor.accessTestCaseMainPhase(TestSuiteExecutor.java:169)
	at com.kms.katalon.core.main.TestSuiteExecutor.accessTestSuiteMainPhase(TestSuiteExecutor.java:142)
	at com.kms.katalon.core.main.TestSuiteExecutor.execute(TestSuiteExecutor.java:91)
	at com.kms.katalon.core.main.TestCaseMain.startTestSuite(TestCaseMain.java:157)
	at com.kms.katalon.core.main.TestCaseMain$startTestSuite$0.call(Unknown Source)
	at TempTestSuite1584598607274.run(TempTestSuite1584598607274.groovy:36)
Caused by: com.kms.katalon.core.exception.StepFailedException: Unable to click on object 'Object Repository/ADMIN/Categories/Category List/button_Categories'
	... 21 more
Caused by: org.openqa.selenium.ElementNotInteractableException: element not interactable
  (Session info: chrome=80.0.3987.132)
Build info: version: '3.141.59', revision: 'e82be7d358', time: '2018-11-14T08:25:53'
System info: host: 'ARCADIER-03', ip: '192.168.254.105', os.name: 'Windows 7', os.arch: 'amd64', os.version: '6.1', java.version: '1.8.0_181'
Driver info: com.kms.katalon.core.webui.driver.ExistingRemoteWebDriver
Capabilities {javascriptEnabled: true, platform: ANY, platformName: ANY}
Session ID: 66da7635ded2d355388026ca8e7d8eff
	at org.openqa.selenium.remote.http.W3CHttpResponseCodec.createException(W3CHttpResponseCodec.java:187)
	at org.openqa.selenium.remote.http.W3CHttpResponseCodec.decode(W3CHttpResponseCodec.java:122)
	at org.openqa.selenium.remote.http.W3CHttpResponseCodec.decode(W3CHttpResponseCodec.java:49)
	at org.openqa.selenium.remote.HttpCommandExecutor.execute(HttpCommandExecutor.java:158)
	at org.openqa.selenium.remote.RemoteWebDriver.execute(RemoteWebDriver.java:552)
	at com.kms.katalon.core.webui.driver.ExistingRemoteWebDriver.execute(ExistingRemoteWebDriver.java:108)
	at org.openqa.selenium.remote.RemoteWebElement.execute(RemoteWebElement.java:285)
	at org.openqa.selenium.remote.RemoteWebElement.click(RemoteWebElement.java:84)
	at org.openqa.selenium.support.events.EventFiringWebDriver$EventFiringWebElement.lambda$new$0(EventFiringWebDriver.java:404)
	at com.sun.proxy.$Proxy9.click(Unknown Source)
	at org.openqa.selenium.support.events.EventFiringWebDriver$EventFiringWebElement.click(EventFiringWebDriver.java:417)
	at com.kms.katalon.core.webui.keyword.builtin.ClickKeyword$_click_closure1.doCall(ClickKeyword.groovy:69)
	at com.kms.katalon.core.webui.keyword.builtin.ClickKeyword$_click_closure1.call(ClickKeyword.groovy)
	at com.kms.katalon.core.webui.keyword.internal.WebUIKeywordMain.runKeyword(WebUIKeywordMain.groovy:20)
	... 19 more]]></system-err>
      </testcase>
      <testcase name="Test Cases/ADMIN/Content Mgmt/Categories/Category Add-Edit/Add Category" time="14.918" classname="Test Cases/ADMIN/Content Mgmt/Categories/Category Add-Edit/Add Category" status="FAILED">
         <failure type="FAILED" message="Test Cases/ADMIN/Content Mgmt/Categories/Category Add-Edit/Add Category FAILED.
Reason:
com.kms.katalon.core.exception.StepFailedException: Unable to click on object 'Object Repository/ADMIN/Categories/Category List/button_Categories' (Root cause: com.kms.katalon.core.exception.StepFailedException: Unable to click on object 'Object Repository/ADMIN/Categories/Category List/button_Categories'
	at com.kms.katalon.core.webui.keyword.internal.WebUIKeywordMain.stepFailed(WebUIKeywordMain.groovy:64)
	at com.kms.katalon.core.webui.keyword.internal.WebUIKeywordMain.runKeyword(WebUIKeywordMain.groovy:26)
	at com.kms.katalon.core.webui.keyword.builtin.ClickKeyword.click(ClickKeyword.groovy:76)
	at com.kms.katalon.core.webui.keyword.builtin.ClickKeyword.execute(ClickKeyword.groovy:43)
	at com.kms.katalon.core.keyword.internal.KeywordExecutor.executeKeywordForPlatform(KeywordExecutor.groovy:72)
	at com.kms.katalon.core.webui.keyword.WebUiBuiltInKeywords.click(WebUiBuiltInKeywords.groovy:616)
	at com.kms.katalon.core.webui.keyword.WebUiBuiltInKeywords$click$0.call(Unknown Source)
	at Add Category.run(Add Category:28)
	at com.kms.katalon.core.main.ScriptEngine.run(ScriptEngine.java:194)
	at com.kms.katalon.core.main.ScriptEngine.runScriptAsRawText(ScriptEngine.java:119)
	at com.kms.katalon.core.main.TestCaseExecutor.runScript(TestCaseExecutor.java:337)
	at com.kms.katalon.core.main.TestCaseExecutor.doExecute(TestCaseExecutor.java:328)
	at com.kms.katalon.core.main.TestCaseExecutor.processExecutionPhase(TestCaseExecutor.java:307)
	at com.kms.katalon.core.main.TestCaseExecutor.accessMainPhase(TestCaseExecutor.java:299)
	at com.kms.katalon.core.main.TestCaseExecutor.execute(TestCaseExecutor.java:233)
	at com.kms.katalon.core.main.TestSuiteExecutor.accessTestCaseMainPhase(TestSuiteExecutor.java:169)
	at com.kms.katalon.core.main.TestSuiteExecutor.accessTestSuiteMainPhase(TestSuiteExecutor.java:142)
	at com.kms.katalon.core.main.TestSuiteExecutor.execute(TestSuiteExecutor.java:91)
	at com.kms.katalon.core.main.TestCaseMain.startTestSuite(TestCaseMain.java:157)
	at com.kms.katalon.core.main.TestCaseMain$startTestSuite$0.call(Unknown Source)
	at TempTestSuite1584598607274.run(TempTestSuite1584598607274.groovy:36)
Caused by: org.openqa.selenium.ElementNotInteractableException: element not interactable
  (Session info: chrome=80.0.3987.132)
Build info: version: '3.141.59', revision: 'e82be7d358', time: '2018-11-14T08:25:53'
System info: host: 'ARCADIER-03', ip: '192.168.254.105', os.name: 'Windows 7', os.arch: 'amd64', os.version: '6.1', java.version: '1.8.0_181'
Driver info: com.kms.katalon.core.webui.driver.ExistingRemoteWebDriver
Capabilities {javascriptEnabled: true, platform: ANY, platformName: ANY}
Session ID: 66da7635ded2d355388026ca8e7d8eff
	at org.openqa.selenium.remote.http.W3CHttpResponseCodec.createException(W3CHttpResponseCodec.java:187)
	at org.openqa.selenium.remote.http.W3CHttpResponseCodec.decode(W3CHttpResponseCodec.java:122)
	at org.openqa.selenium.remote.http.W3CHttpResponseCodec.decode(W3CHttpResponseCodec.java:49)
	at org.openqa.selenium.remote.HttpCommandExecutor.execute(HttpCommandExecutor.java:158)
	at org.openqa.selenium.remote.RemoteWebDriver.execute(RemoteWebDriver.java:552)
	at com.kms.katalon.core.webui.driver.ExistingRemoteWebDriver.execute(ExistingRemoteWebDriver.java:108)
	at org.openqa.selenium.remote.RemoteWebElement.execute(RemoteWebElement.java:285)
	at org.openqa.selenium.remote.RemoteWebElement.click(RemoteWebElement.java:84)
	at org.openqa.selenium.support.events.EventFiringWebDriver$EventFiringWebElement.lambda$new$0(EventFiringWebDriver.java:404)
	at com.sun.proxy.$Proxy9.click(Unknown Source)
	at org.openqa.selenium.support.events.EventFiringWebDriver$EventFiringWebElement.click(EventFiringWebDriver.java:417)
	at com.kms.katalon.core.webui.keyword.builtin.ClickKeyword$_click_closure1.doCall(ClickKeyword.groovy:69)
	at com.kms.katalon.core.webui.keyword.builtin.ClickKeyword$_click_closure1.call(ClickKeyword.groovy)
	at com.kms.katalon.core.webui.keyword.internal.WebUIKeywordMain.runKeyword(WebUIKeywordMain.groovy:20)
	at com.kms.katalon.core.webui.keyword.builtin.ClickKeyword.click(ClickKeyword.groovy:76)
	at com.kms.katalon.core.webui.keyword.builtin.ClickKeyword.execute(ClickKeyword.groovy:43)
	at com.kms.katalon.core.keyword.internal.KeywordExecutor.executeKeywordForPlatform(KeywordExecutor.groovy:72)
	at com.kms.katalon.core.webui.keyword.WebUiBuiltInKeywords.click(WebUiBuiltInKeywords.groovy:616)
	at com.kms.katalon.core.webui.keyword.WebUiBuiltInKeywords$click$0.call(Unknown Source)
	at Script1549506362832.run(Script1549506362832.groovy:28)
	... 13 more
)
	at com.kms.katalon.core.keyword.internal.KeywordMain.stepFailed(KeywordMain.groovy:39)
	at com.kms.katalon.core.webui.keyword.internal.WebUIKeywordMain.stepFailed(WebUIKeywordMain.groovy:64)
	at com.kms.katalon.core.webui.keyword.internal.WebUIKeywordMain.runKeyword(WebUIKeywordMain.groovy:26)
	at com.kms.katalon.core.webui.keyword.builtin.ClickKeyword.click(ClickKeyword.groovy:76)
	at com.kms.katalon.core.webui.keyword.builtin.ClickKeyword.execute(ClickKeyword.groovy:43)
	at com.kms.katalon.core.keyword.internal.KeywordExecutor.executeKeywordForPlatform(KeywordExecutor.groovy:72)
	at com.kms.katalon.core.webui.keyword.WebUiBuiltInKeywords.click(WebUiBuiltInKeywords.groovy:616)
	at com.kms.katalon.core.webui.keyword.WebUiBuiltInKeywords$click$0.call(Unknown Source)
	at Add Category.run(Add Category:28)
	at com.kms.katalon.core.main.ScriptEngine.run(ScriptEngine.java:194)
	at com.kms.katalon.core.main.ScriptEngine.runScriptAsRawText(ScriptEngine.java:119)
	at com.kms.katalon.core.main.TestCaseExecutor.runScript(TestCaseExecutor.java:337)
	at com.kms.katalon.core.main.TestCaseExecutor.doExecute(TestCaseExecutor.java:328)
	at com.kms.katalon.core.main.TestCaseExecutor.processExecutionPhase(TestCaseExecutor.java:307)
	at com.kms.katalon.core.main.TestCaseExecutor.accessMainPhase(TestCaseExecutor.java:299)
	at com.kms.katalon.core.main.TestCaseExecutor.execute(TestCaseExecutor.java:233)
	at com.kms.katalon.core.main.TestSuiteExecutor.accessTestCaseMainPhase(TestSuiteExecutor.java:169)
	at com.kms.katalon.core.main.TestSuiteExecutor.accessTestSuiteMainPhase(TestSuiteExecutor.java:142)
	at com.kms.katalon.core.main.TestSuiteExecutor.execute(TestSuiteExecutor.java:91)
	at com.kms.katalon.core.main.TestCaseMain.startTestSuite(TestCaseMain.java:157)
	at com.kms.katalon.core.main.TestCaseMain$startTestSuite$0.call(Unknown Source)
	at TempTestSuite1584598607274.run(TempTestSuite1584598607274.groovy:36)
Caused by: com.kms.katalon.core.exception.StepFailedException: Unable to click on object 'Object Repository/ADMIN/Categories/Category List/button_Categories'
	... 21 more
Caused by: org.openqa.selenium.ElementNotInteractableException: element not interactable
  (Session info: chrome=80.0.3987.132)
Build info: version: '3.141.59', revision: 'e82be7d358', time: '2018-11-14T08:25:53'
System info: host: 'ARCADIER-03', ip: '192.168.254.105', os.name: 'Windows 7', os.arch: 'amd64', os.version: '6.1', java.version: '1.8.0_181'
Driver info: com.kms.katalon.core.webui.driver.ExistingRemoteWebDriver
Capabilities {javascriptEnabled: true, platform: ANY, platformName: ANY}
Session ID: 66da7635ded2d355388026ca8e7d8eff
	at org.openqa.selenium.remote.http.W3CHttpResponseCodec.createException(W3CHttpResponseCodec.java:187)
	at org.openqa.selenium.remote.http.W3CHttpResponseCodec.decode(W3CHttpResponseCodec.java:122)
	at org.openqa.selenium.remote.http.W3CHttpResponseCodec.decode(W3CHttpResponseCodec.java:49)
	at org.openqa.selenium.remote.HttpCommandExecutor.execute(HttpCommandExecutor.java:158)
	at org.openqa.selenium.remote.RemoteWebDriver.execute(RemoteWebDriver.java:552)
	at com.kms.katalon.core.webui.driver.ExistingRemoteWebDriver.execute(ExistingRemoteWebDriver.java:108)
	at org.openqa.selenium.remote.RemoteWebElement.execute(RemoteWebElement.java:285)
	at org.openqa.selenium.remote.RemoteWebElement.click(RemoteWebElement.java:84)
	at org.openqa.selenium.support.events.EventFiringWebDriver$EventFiringWebElement.lambda$new$0(EventFiringWebDriver.java:404)
	at com.sun.proxy.$Proxy9.click(Unknown Source)
	at org.openqa.selenium.support.events.EventFiringWebDriver$EventFiringWebElement.click(EventFiringWebDriver.java:417)
	at com.kms.katalon.core.webui.keyword.builtin.ClickKeyword$_click_closure1.doCall(ClickKeyword.groovy:69)
	at com.kms.katalon.core.webui.keyword.builtin.ClickKeyword$_click_closure1.call(ClickKeyword.groovy)
	at com.kms.katalon.core.webui.keyword.internal.WebUIKeywordMain.runKeyword(WebUIKeywordMain.groovy:20)
	... 19 more
"/>
         <system-out><![CDATA[2020-03-19 14:20:04 - [TEST_CASE][FAILED] - Test Cases/ADMIN/Content Mgmt/Categories/Category Add-Edit/Add Category: Test Cases/ADMIN/Content Mgmt/Categories/Category Add-Edit/Add Category FAILED.
Reason:
com.kms.katalon.core.exception.StepFailedException: Unable to click on object 'Object Repository/ADMIN/Categories/Category List/button_Categories' (Root cause: com.kms.katalon.core.exception.StepFailedException: Unable to click on object 'Object Repository/ADMIN/Categories/Category List/button_Categories'
	at com.kms.katalon.core.webui.keyword.internal.WebUIKeywordMain.stepFailed(WebUIKeywordMain.groovy:64)
	at com.kms.katalon.core.webui.keyword.internal.WebUIKeywordMain.runKeyword(WebUIKeywordMain.groovy:26)
	at com.kms.katalon.core.webui.keyword.builtin.ClickKeyword.click(ClickKeyword.groovy:76)
	at com.kms.katalon.core.webui.keyword.builtin.ClickKeyword.execute(ClickKeyword.groovy:43)
	at com.kms.katalon.core.keyword.internal.KeywordExecutor.executeKeywordForPlatform(KeywordExecutor.groovy:72)
	at com.kms.katalon.core.webui.keyword.WebUiBuiltInKeywords.click(WebUiBuiltInKeywords.groovy:616)
	at com.kms.katalon.core.webui.keyword.WebUiBuiltInKeywords$click$0.call(Unknown Source)
	at Add Category.run(Add Category:28)
	at com.kms.katalon.core.main.ScriptEngine.run(ScriptEngine.java:194)
	at com.kms.katalon.core.main.ScriptEngine.runScriptAsRawText(ScriptEngine.java:119)
	at com.kms.katalon.core.main.TestCaseExecutor.runScript(TestCaseExecutor.java:337)
	at com.kms.katalon.core.main.TestCaseExecutor.doExecute(TestCaseExecutor.java:328)
	at com.kms.katalon.core.main.TestCaseExecutor.processExecutionPhase(TestCaseExecutor.java:307)
	at com.kms.katalon.core.main.TestCaseExecutor.accessMainPhase(TestCaseExecutor.java:299)
	at com.kms.katalon.core.main.TestCaseExecutor.execute(TestCaseExecutor.java:233)
	at com.kms.katalon.core.main.TestSuiteExecutor.accessTestCaseMainPhase(TestSuiteExecutor.java:169)
	at com.kms.katalon.core.main.TestSuiteExecutor.accessTestSuiteMainPhase(TestSuiteExecutor.java:142)
	at com.kms.katalon.core.main.TestSuiteExecutor.execute(TestSuiteExecutor.java:91)
	at com.kms.katalon.core.main.TestCaseMain.startTestSuite(TestCaseMain.java:157)
	at com.kms.katalon.core.main.TestCaseMain$startTestSuite$0.call(Unknown Source)
	at TempTestSuite1584598607274.run(TempTestSuite1584598607274.groovy:36)
Caused by: org.openqa.selenium.ElementNotInteractableException: element not interactable
  (Session info: chrome=80.0.3987.132)
Build info: version: '3.141.59', revision: 'e82be7d358', time: '2018-11-14T08:25:53'
System info: host: 'ARCADIER-03', ip: '192.168.254.105', os.name: 'Windows 7', os.arch: 'amd64', os.version: '6.1', java.version: '1.8.0_181'
Driver info: com.kms.katalon.core.webui.driver.ExistingRemoteWebDriver
Capabilities {javascriptEnabled: true, platform: ANY, platformName: ANY}
Session ID: 66da7635ded2d355388026ca8e7d8eff
	at org.openqa.selenium.remote.http.W3CHttpResponseCodec.createException(W3CHttpResponseCodec.java:187)
	at org.openqa.selenium.remote.http.W3CHttpResponseCodec.decode(W3CHttpResponseCodec.java:122)
	at org.openqa.selenium.remote.http.W3CHttpResponseCodec.decode(W3CHttpResponseCodec.java:49)
	at org.openqa.selenium.remote.HttpCommandExecutor.execute(HttpCommandExecutor.java:158)
	at org.openqa.selenium.remote.RemoteWebDriver.execute(RemoteWebDriver.java:552)
	at com.kms.katalon.core.webui.driver.ExistingRemoteWebDriver.execute(ExistingRemoteWebDriver.java:108)
	at org.openqa.selenium.remote.RemoteWebElement.execute(RemoteWebElement.java:285)
	at org.openqa.selenium.remote.RemoteWebElement.click(RemoteWebElement.java:84)
	at org.openqa.selenium.support.events.EventFiringWebDriver$EventFiringWebElement.lambda$new$0(EventFiringWebDriver.java:404)
	at com.sun.proxy.$Proxy9.click(Unknown Source)
	at org.openqa.selenium.support.events.EventFiringWebDriver$EventFiringWebElement.click(EventFiringWebDriver.java:417)
	at com.kms.katalon.core.webui.keyword.builtin.ClickKeyword$_click_closure1.doCall(ClickKeyword.groovy:69)
	at com.kms.katalon.core.webui.keyword.builtin.ClickKeyword$_click_closure1.call(ClickKeyword.groovy)
	at com.kms.katalon.core.webui.keyword.internal.WebUIKeywordMain.runKeyword(WebUIKeywordMain.groovy:20)
	at com.kms.katalon.core.webui.keyword.builtin.ClickKeyword.click(ClickKeyword.groovy:76)
	at com.kms.katalon.core.webui.keyword.builtin.ClickKeyword.execute(ClickKeyword.groovy:43)
	at com.kms.katalon.core.keyword.internal.KeywordExecutor.executeKeywordForPlatform(KeywordExecutor.groovy:72)
	at com.kms.katalon.core.webui.keyword.WebUiBuiltInKeywords.click(WebUiBuiltInKeywords.groovy:616)
	at com.kms.katalon.core.webui.keyword.WebUiBuiltInKeywords$click$0.call(Unknown Source)
	at Script1549506362832.run(Script1549506362832.groovy:28)
	... 13 more
)
	at com.kms.katalon.core.keyword.internal.KeywordMain.stepFailed(KeywordMain.groovy:39)
	at com.kms.katalon.core.webui.keyword.internal.WebUIKeywordMain.stepFailed(WebUIKeywordMain.groovy:64)
	at com.kms.katalon.core.webui.keyword.internal.WebUIKeywordMain.runKeyword(WebUIKeywordMain.groovy:26)
	at com.kms.katalon.core.webui.keyword.builtin.ClickKeyword.click(ClickKeyword.groovy:76)
	at com.kms.katalon.core.webui.keyword.builtin.ClickKeyword.execute(ClickKeyword.groovy:43)
	at com.kms.katalon.core.keyword.internal.KeywordExecutor.executeKeywordForPlatform(KeywordExecutor.groovy:72)
	at com.kms.katalon.core.webui.keyword.WebUiBuiltInKeywords.click(WebUiBuiltInKeywords.groovy:616)
	at com.kms.katalon.core.webui.keyword.WebUiBuiltInKeywords$click$0.call(Unknown Source)
	at Add Category.run(Add Category:28)
	at com.kms.katalon.core.main.ScriptEngine.run(ScriptEngine.java:194)
	at com.kms.katalon.core.main.ScriptEngine.runScriptAsRawText(ScriptEngine.java:119)
	at com.kms.katalon.core.main.TestCaseExecutor.runScript(TestCaseExecutor.java:337)
	at com.kms.katalon.core.main.TestCaseExecutor.doExecute(TestCaseExecutor.java:328)
	at com.kms.katalon.core.main.TestCaseExecutor.processExecutionPhase(TestCaseExecutor.java:307)
	at com.kms.katalon.core.main.TestCaseExecutor.accessMainPhase(TestCaseExecutor.java:299)
	at com.kms.katalon.core.main.TestCaseExecutor.execute(TestCaseExecutor.java:233)
	at com.kms.katalon.core.main.TestSuiteExecutor.accessTestCaseMainPhase(TestSuiteExecutor.java:169)
	at com.kms.katalon.core.main.TestSuiteExecutor.accessTestSuiteMainPhase(TestSuiteExecutor.java:142)
	at com.kms.katalon.core.main.TestSuiteExecutor.execute(TestSuiteExecutor.java:91)
	at com.kms.katalon.core.main.TestCaseMain.startTestSuite(TestCaseMain.java:157)
	at com.kms.katalon.core.main.TestCaseMain$startTestSuite$0.call(Unknown Source)
	at TempTestSuite1584598607274.run(TempTestSuite1584598607274.groovy:36)
Caused by: com.kms.katalon.core.exception.StepFailedException: Unable to click on object 'Object Repository/ADMIN/Categories/Category List/button_Categories'
	... 21 more
Caused by: org.openqa.selenium.ElementNotInteractableException: element not interactable
  (Session info: chrome=80.0.3987.132)
Build info: version: '3.141.59', revision: 'e82be7d358', time: '2018-11-14T08:25:53'
System info: host: 'ARCADIER-03', ip: '192.168.254.105', os.name: 'Windows 7', os.arch: 'amd64', os.version: '6.1', java.version: '1.8.0_181'
Driver info: com.kms.katalon.core.webui.driver.ExistingRemoteWebDriver
Capabilities {javascriptEnabled: true, platform: ANY, platformName: ANY}
Session ID: 66da7635ded2d355388026ca8e7d8eff
	at org.openqa.selenium.remote.http.W3CHttpResponseCodec.createException(W3CHttpResponseCodec.java:187)
	at org.openqa.selenium.remote.http.W3CHttpResponseCodec.decode(W3CHttpResponseCodec.java:122)
	at org.openqa.selenium.remote.http.W3CHttpResponseCodec.decode(W3CHttpResponseCodec.java:49)
	at org.openqa.selenium.remote.HttpCommandExecutor.execute(HttpCommandExecutor.java:158)
	at org.openqa.selenium.remote.RemoteWebDriver.execute(RemoteWebDriver.java:552)
	at com.kms.katalon.core.webui.driver.ExistingRemoteWebDriver.execute(ExistingRemoteWebDriver.java:108)
	at org.openqa.selenium.remote.RemoteWebElement.execute(RemoteWebElement.java:285)
	at org.openqa.selenium.remote.RemoteWebElement.click(RemoteWebElement.java:84)
	at org.openqa.selenium.support.events.EventFiringWebDriver$EventFiringWebElement.lambda$new$0(EventFiringWebDriver.java:404)
	at com.sun.proxy.$Proxy9.click(Unknown Source)
	at org.openqa.selenium.support.events.EventFiringWebDriver$EventFiringWebElement.click(EventFiringWebDriver.java:417)
	at com.kms.katalon.core.webui.keyword.builtin.ClickKeyword$_click_closure1.doCall(ClickKeyword.groovy:69)
	at com.kms.katalon.core.webui.keyword.builtin.ClickKeyword$_click_closure1.call(ClickKeyword.groovy)
	at com.kms.katalon.core.webui.keyword.internal.WebUIKeywordMain.runKeyword(WebUIKeywordMain.groovy:20)
	... 19 more


2020-03-19 14:20:04 - [TEST_STEP][PASSED] - waitForElementVisible(findTestObject("ADMIN/Categories/Category List/button_Content Mgmt"), 0): Object 'Object Repository/ADMIN/Categories/Category List/button_Content Mgmt' is visible

2020-03-19 14:20:04 - [MESSAGE][WARNING] - Timeout '0' is invalid. Using default page load timeout: '30'

2020-03-19 14:20:04 - [MESSAGE][PASSED] - Object 'Object Repository/ADMIN/Categories/Category List/button_Content Mgmt' is visible

2020-03-19 14:20:04 - [TEST_STEP][PASSED] - click(findTestObject("ADMIN/Categories/Category List/button_Content Mgmt")): Object: 'Object Repository/ADMIN/Categories/Category List/button_Content Mgmt' is clicked on

2020-03-19 14:20:04 - [MESSAGE][PASSED] - Object: 'Object Repository/ADMIN/Categories/Category List/button_Content Mgmt' is clicked on

2020-03-19 14:20:04 - [TEST_STEP][PASSED] - waitForElementVisible(findTestObject("ADMIN/Categories/Category List/button_Categories"), 0): Object 'Object Repository/ADMIN/Categories/Category List/button_Categories' is visible

2020-03-19 14:20:04 - [MESSAGE][WARNING] - Timeout '0' is invalid. Using default page load timeout: '30'

2020-03-19 14:20:04 - [MESSAGE][PASSED] - Object 'Object Repository/ADMIN/Categories/Category List/button_Categories' is visible

2020-03-19 14:20:04 - [TEST_STEP][FAILED] - click(findTestObject("ADMIN/Categories/Category List/button_Categories")): Unable to click on object 'Object Repository/ADMIN/Categories/Category List/button_Categories' (Root cause: com.kms.katalon.core.exception.StepFailedException: Unable to click on object 'Object Repository/ADMIN/Categories/Category List/button_Categories'
	at com.kms.katalon.core.webui.keyword.internal.WebUIKeywordMain.stepFailed(WebUIKeywordMain.groovy:64)
	at com.kms.katalon.core.webui.keyword.internal.WebUIKeywordMain.runKeyword(WebUIKeywordMain.groovy:26)
	at com.kms.katalon.core.webui.keyword.builtin.ClickKeyword.click(ClickKeyword.groovy:76)
	at com.kms.katalon.core.webui.keyword.builtin.ClickKeyword.execute(ClickKeyword.groovy:43)
	at com.kms.katalon.core.keyword.internal.KeywordExecutor.executeKeywordForPlatform(KeywordExecutor.groovy:72)
	at com.kms.katalon.core.webui.keyword.WebUiBuiltInKeywords.click(WebUiBuiltInKeywords.groovy:616)
	at com.kms.katalon.core.webui.keyword.WebUiBuiltInKeywords$click$0.call(Unknown Source)
	at Add Category.run(Add Category:28)
	at com.kms.katalon.core.main.ScriptEngine.run(ScriptEngine.java:194)
	at com.kms.katalon.core.main.ScriptEngine.runScriptAsRawText(ScriptEngine.java:119)
	at com.kms.katalon.core.main.TestCaseExecutor.runScript(TestCaseExecutor.java:337)
	at com.kms.katalon.core.main.TestCaseExecutor.doExecute(TestCaseExecutor.java:328)
	at com.kms.katalon.core.main.TestCaseExecutor.processExecutionPhase(TestCaseExecutor.java:307)
	at com.kms.katalon.core.main.TestCaseExecutor.accessMainPhase(TestCaseExecutor.java:299)
	at com.kms.katalon.core.main.TestCaseExecutor.execute(TestCaseExecutor.java:233)
	at com.kms.katalon.core.main.TestSuiteExecutor.accessTestCaseMainPhase(TestSuiteExecutor.java:169)
	at com.kms.katalon.core.main.TestSuiteExecutor.accessTestSuiteMainPhase(TestSuiteExecutor.java:142)
	at com.kms.katalon.core.main.TestSuiteExecutor.execute(TestSuiteExecutor.java:91)
	at com.kms.katalon.core.main.TestCaseMain.startTestSuite(TestCaseMain.java:157)
	at com.kms.katalon.core.main.TestCaseMain$startTestSuite$0.call(Unknown Source)
	at TempTestSuite1584598607274.run(TempTestSuite1584598607274.groovy:36)
Caused by: org.openqa.selenium.ElementNotInteractableException: element not interactable
  (Session info: chrome=80.0.3987.132)
Build info: version: '3.141.59', revision: 'e82be7d358', time: '2018-11-14T08:25:53'
System info: host: 'ARCADIER-03', ip: '192.168.254.105', os.name: 'Windows 7', os.arch: 'amd64', os.version: '6.1', java.version: '1.8.0_181'
Driver info: com.kms.katalon.core.webui.driver.ExistingRemoteWebDriver
Capabilities {javascriptEnabled: true, platform: ANY, platformName: ANY}
Session ID: 66da7635ded2d355388026ca8e7d8eff
	at org.openqa.selenium.remote.http.W3CHttpResponseCodec.createException(W3CHttpResponseCodec.java:187)
	at org.openqa.selenium.remote.http.W3CHttpResponseCodec.decode(W3CHttpResponseCodec.java:122)
	at org.openqa.selenium.remote.http.W3CHttpResponseCodec.decode(W3CHttpResponseCodec.java:49)
	at org.openqa.selenium.remote.HttpCommandExecutor.execute(HttpCommandExecutor.java:158)
	at org.openqa.selenium.remote.RemoteWebDriver.execute(RemoteWebDriver.java:552)
	at com.kms.katalon.core.webui.driver.ExistingRemoteWebDriver.execute(ExistingRemoteWebDriver.java:108)
	at org.openqa.selenium.remote.RemoteWebElement.execute(RemoteWebElement.java:285)
	at org.openqa.selenium.remote.RemoteWebElement.click(RemoteWebElement.java:84)
	at org.openqa.selenium.support.events.EventFiringWebDriver$EventFiringWebElement.lambda$new$0(EventFiringWebDriver.java:404)
	at com.sun.proxy.$Proxy9.click(Unknown Source)
	at org.openqa.selenium.support.events.EventFiringWebDriver$EventFiringWebElement.click(EventFiringWebDriver.java:417)
	at com.kms.katalon.core.webui.keyword.builtin.ClickKeyword$_click_closure1.doCall(ClickKeyword.groovy:69)
	at com.kms.katalon.core.webui.keyword.builtin.ClickKeyword$_click_closure1.call(ClickKeyword.groovy)
	at com.kms.katalon.core.webui.keyword.internal.WebUIKeywordMain.runKeyword(WebUIKeywordMain.groovy:20)
	at com.kms.katalon.core.webui.keyword.builtin.ClickKeyword.click(ClickKeyword.groovy:76)
	at com.kms.katalon.core.webui.keyword.builtin.ClickKeyword.execute(ClickKeyword.groovy:43)
	at com.kms.katalon.core.keyword.internal.KeywordExecutor.executeKeywordForPlatform(KeywordExecutor.groovy:72)
	at com.kms.katalon.core.webui.keyword.WebUiBuiltInKeywords.click(WebUiBuiltInKeywords.groovy:616)
	at com.kms.katalon.core.webui.keyword.WebUiBuiltInKeywords$click$0.call(Unknown Source)
	at Script1549506362832.run(Script1549506362832.groovy:28)
	... 13 more
)

2020-03-19 14:20:05 - [MESSAGE][FAILED] - Unable to click on object 'Object Repository/ADMIN/Categories/Category List/button_Categories' (Root cause: com.kms.katalon.core.exception.StepFailedException: Unable to click on object 'Object Repository/ADMIN/Categories/Category List/button_Categories'
	at com.kms.katalon.core.webui.keyword.internal.WebUIKeywordMain.stepFailed(WebUIKeywordMain.groovy:64)
	at com.kms.katalon.core.webui.keyword.internal.WebUIKeywordMain.runKeyword(WebUIKeywordMain.groovy:26)
	at com.kms.katalon.core.webui.keyword.builtin.ClickKeyword.click(ClickKeyword.groovy:76)
	at com.kms.katalon.core.webui.keyword.builtin.ClickKeyword.execute(ClickKeyword.groovy:43)
	at com.kms.katalon.core.keyword.internal.KeywordExecutor.executeKeywordForPlatform(KeywordExecutor.groovy:72)
	at com.kms.katalon.core.webui.keyword.WebUiBuiltInKeywords.click(WebUiBuiltInKeywords.groovy:616)
	at com.kms.katalon.core.webui.keyword.WebUiBuiltInKeywords$click$0.call(Unknown Source)
	at Add Category.run(Add Category:28)
	at com.kms.katalon.core.main.ScriptEngine.run(ScriptEngine.java:194)
	at com.kms.katalon.core.main.ScriptEngine.runScriptAsRawText(ScriptEngine.java:119)
	at com.kms.katalon.core.main.TestCaseExecutor.runScript(TestCaseExecutor.java:337)
	at com.kms.katalon.core.main.TestCaseExecutor.doExecute(TestCaseExecutor.java:328)
	at com.kms.katalon.core.main.TestCaseExecutor.processExecutionPhase(TestCaseExecutor.java:307)
	at com.kms.katalon.core.main.TestCaseExecutor.accessMainPhase(TestCaseExecutor.java:299)
	at com.kms.katalon.core.main.TestCaseExecutor.execute(TestCaseExecutor.java:233)
	at com.kms.katalon.core.main.TestSuiteExecutor.accessTestCaseMainPhase(TestSuiteExecutor.java:169)
	at com.kms.katalon.core.main.TestSuiteExecutor.accessTestSuiteMainPhase(TestSuiteExecutor.java:142)
	at com.kms.katalon.core.main.TestSuiteExecutor.execute(TestSuiteExecutor.java:91)
	at com.kms.katalon.core.main.TestCaseMain.startTestSuite(TestCaseMain.java:157)
	at com.kms.katalon.core.main.TestCaseMain$startTestSuite$0.call(Unknown Source)
	at TempTestSuite1584598607274.run(TempTestSuite1584598607274.groovy:36)
Caused by: org.openqa.selenium.ElementNotInteractableException: element not interactable
  (Session info: chrome=80.0.3987.132)
Build info: version: '3.141.59', revision: 'e82be7d358', time: '2018-11-14T08:25:53'
System info: host: 'ARCADIER-03', ip: '192.168.254.105', os.name: 'Windows 7', os.arch: 'amd64', os.version: '6.1', java.version: '1.8.0_181'
Driver info: com.kms.katalon.core.webui.driver.ExistingRemoteWebDriver
Capabilities {javascriptEnabled: true, platform: ANY, platformName: ANY}
Session ID: 66da7635ded2d355388026ca8e7d8eff
	at org.openqa.selenium.remote.http.W3CHttpResponseCodec.createException(W3CHttpResponseCodec.java:187)
	at org.openqa.selenium.remote.http.W3CHttpResponseCodec.decode(W3CHttpResponseCodec.java:122)
	at org.openqa.selenium.remote.http.W3CHttpResponseCodec.decode(W3CHttpResponseCodec.java:49)
	at org.openqa.selenium.remote.HttpCommandExecutor.execute(HttpCommandExecutor.java:158)
	at org.openqa.selenium.remote.RemoteWebDriver.execute(RemoteWebDriver.java:552)
	at com.kms.katalon.core.webui.driver.ExistingRemoteWebDriver.execute(ExistingRemoteWebDriver.java:108)
	at org.openqa.selenium.remote.RemoteWebElement.execute(RemoteWebElement.java:285)
	at org.openqa.selenium.remote.RemoteWebElement.click(RemoteWebElement.java:84)
	at org.openqa.selenium.support.events.EventFiringWebDriver$EventFiringWebElement.lambda$new$0(EventFiringWebDriver.java:404)
	at com.sun.proxy.$Proxy9.click(Unknown Source)
	at org.openqa.selenium.support.events.EventFiringWebDriver$EventFiringWebElement.click(EventFiringWebDriver.java:417)
	at com.kms.katalon.core.webui.keyword.builtin.ClickKeyword$_click_closure1.doCall(ClickKeyword.groovy:69)
	at com.kms.katalon.core.webui.keyword.builtin.ClickKeyword$_click_closure1.call(ClickKeyword.groovy)
	at com.kms.katalon.core.webui.keyword.internal.WebUIKeywordMain.runKeyword(WebUIKeywordMain.groovy:20)
	at com.kms.katalon.core.webui.keyword.builtin.ClickKeyword.click(ClickKeyword.groovy:76)
	at com.kms.katalon.core.webui.keyword.builtin.ClickKeyword.execute(ClickKeyword.groovy:43)
	at com.kms.katalon.core.keyword.internal.KeywordExecutor.executeKeywordForPlatform(KeywordExecutor.groovy:72)
	at com.kms.katalon.core.webui.keyword.WebUiBuiltInKeywords.click(WebUiBuiltInKeywords.groovy:616)
	at com.kms.katalon.core.webui.keyword.WebUiBuiltInKeywords$click$0.call(Unknown Source)
	at Script1549506362832.run(Script1549506362832.groovy:28)
	... 13 more
)
[[ATTACHMENT|C:\\Katalon\\Arctick\\Reports\\20200319_141647\\Admin\\Admin Add Category\\20200319_141647\\1584598805032.png]]

2020-03-19 14:20:05 - [TEST_STEP][PASSED] - waitForPageLoad(0, STOP_ON_FAILURE): Wait for page load successfully

2020-03-19 14:20:05 - [MESSAGE][WARNING] - Timeout '0' is invalid. Using default page load timeout: '30'

2020-03-19 14:20:05 - [MESSAGE][PASSED] - Wait for page load successfully

2020-03-19 14:20:05 - [TEST_STEP][PASSED] - click(findTestObject("ADMIN/Categories/Category List/button_Add a Category")): Object: 'Object Repository/ADMIN/Categories/Category List/button_Add a Category' is clicked on

2020-03-19 14:20:05 - [MESSAGE][PASSED] - Object: 'Object Repository/ADMIN/Categories/Category List/button_Add a Category' is clicked on

2020-03-19 14:20:05 - [TEST_STEP][PASSED] - waitForElementPresent(findTestObject("ADMIN/Categories/Category/dropdown_Parent"), 2): Object 'Object Repository/ADMIN/Categories/Category/dropdown_Parent' is present

2020-03-19 14:20:05 - [MESSAGE][PASSED] - Object 'Object Repository/ADMIN/Categories/Category/dropdown_Parent' is present

2020-03-19 14:20:05 - [TEST_STEP][PASSED] - delay(1): Delayed 1 second(s)

2020-03-19 14:20:06 - [MESSAGE][PASSED] - Delayed 1 second(s)

2020-03-19 14:20:06 - [TEST_STEP][PASSED] - setText(findTestObject("ADMIN/Categories/Category/textfield_Category Name"), CategoryNametext): Text 'Category 4.3' is set on object 'Object Repository/ADMIN/Categories/Category/textfield_Category Name'

2020-03-19 14:20:06 - [MESSAGE][PASSED] - Text 'Category 4.3' is set on object 'Object Repository/ADMIN/Categories/Category/textfield_Category Name'

2020-03-19 14:20:06 - [TEST_STEP][PASSED] - click(findTestObject("ADMIN/Categories/Category/dropdown_Parent")): Object: 'Object Repository/ADMIN/Categories/Category/dropdown_Parent' is clicked on

2020-03-19 14:20:07 - [MESSAGE][PASSED] - Object: 'Object Repository/ADMIN/Categories/Category/dropdown_Parent' is clicked on

2020-03-19 14:20:07 - [TEST_STEP][PASSED] - delay(2): Delayed 2 second(s)

2020-03-19 14:20:09 - [MESSAGE][PASSED] - Delayed 2 second(s)

2020-03-19 14:20:09 - [TEST_STEP][PASSED] - click(findTestObject("ADMIN/Categories/Category/dropdown_Parent")): Object: 'Object Repository/ADMIN/Categories/Category/dropdown_Parent' is clicked on

2020-03-19 14:20:09 - [MESSAGE][PASSED] - Object: 'Object Repository/ADMIN/Categories/Category/dropdown_Parent' is clicked on

2020-03-19 14:20:09 - [TEST_STEP][PASSED] - selectOptionByLabel(findTestObject("ADMIN/Categories/Category/dropdown_Parent"), ParentName, false): All options with label 'Category 04' are selected in object 'Object Repository/ADMIN/Categories/Category/dropdown_Parent' 

2020-03-19 14:20:09 - [MESSAGE][PASSED] - All options with label 'Category 04' are selected in object 'Object Repository/ADMIN/Categories/Category/dropdown_Parent' 

2020-03-19 14:20:09 - [TEST_STEP][PASSED] - click(findTestObject("ADMIN/Categories/Category/button_Browse")): Object: 'Object Repository/ADMIN/Categories/Category/button_Browse' is clicked on

2020-03-19 14:20:09 - [MESSAGE][PASSED] - Object: 'Object Repository/ADMIN/Categories/Category/button_Browse' is clicked on

2020-03-19 14:20:09 - [TEST_STEP][PASSED] - delay(2): Delayed 2 second(s)

2020-03-19 14:20:11 - [MESSAGE][PASSED] - Delayed 2 second(s)

2020-03-19 14:20:11 - [TEST_STEP][PASSED] - uploadFile(findTestObject("ADMIN/Categories/Category/image_input image"), CategoryImageUpload): File 'C:\\Katalon\\Arctick\\Images\\Category\\4.png' sent to object: 'Object Repository/ADMIN/Categories/Category/image_input image'

2020-03-19 14:20:11 - [MESSAGE][PASSED] - File 'C:\\Katalon\\Arctick\\Images\\Category\\4.png' sent to object: 'Object Repository/ADMIN/Categories/Category/image_input image'

2020-03-19 14:20:11 - [TEST_STEP][PASSED] - waitForElementVisible(findTestObject("ADMIN/Categories/Category/button_upload check"), 0): Object 'Object Repository/ADMIN/Categories/Category/button_upload check' is visible

2020-03-19 14:20:11 - [MESSAGE][WARNING] - Timeout '0' is invalid. Using default page load timeout: '30'

2020-03-19 14:20:11 - [MESSAGE][PASSED] - Object 'Object Repository/ADMIN/Categories/Category/button_upload check' is visible

2020-03-19 14:20:11 - [TEST_STEP][PASSED] - click(findTestObject("ADMIN/Categories/Category/button_upload check")): Object: 'Object Repository/ADMIN/Categories/Category/button_upload check' is clicked on

2020-03-19 14:20:11 - [MESSAGE][PASSED] - Object: 'Object Repository/ADMIN/Categories/Category/button_upload check' is clicked on

2020-03-19 14:20:11 - [TEST_STEP][PASSED] - waitForElementVisible(findTestObject("ADMIN/Categories/Category/button_upload save"), 0): Object 'Object Repository/ADMIN/Categories/Category/button_upload save' is visible

2020-03-19 14:20:11 - [MESSAGE][WARNING] - Timeout '0' is invalid. Using default page load timeout: '30'

2020-03-19 14:20:12 - [MESSAGE][PASSED] - Object 'Object Repository/ADMIN/Categories/Category/button_upload save' is visible

2020-03-19 14:20:12 - [TEST_STEP][PASSED] - click(findTestObject("ADMIN/Categories/Category/button_upload save")): Object: 'Object Repository/ADMIN/Categories/Category/button_upload save' is clicked on

2020-03-19 14:20:12 - [MESSAGE][PASSED] - Object: 'Object Repository/ADMIN/Categories/Category/button_upload save' is clicked on

2020-03-19 14:20:12 - [TEST_STEP][PASSED] - setText(findTestObject("ADMIN/Categories/Category/textfield_category_description"), Description): Text 'Description13' is set on object 'Object Repository/ADMIN/Categories/Category/textfield_category_description'

2020-03-19 14:20:12 - [MESSAGE][PASSED] - Text 'Description13' is set on object 'Object Repository/ADMIN/Categories/Category/textfield_category_description'

2020-03-19 14:20:12 - [TEST_STEP][PASSED] - click(findTestObject("ADMIN/Categories/Category/button_Save")): Object: 'Object Repository/ADMIN/Categories/Category/button_Save' is clicked on

2020-03-19 14:20:13 - [MESSAGE][PASSED] - Object: 'Object Repository/ADMIN/Categories/Category/button_Save' is clicked on

2020-03-19 14:20:13 - [TEST_STEP][PASSED] - waitForElementVisible(findTestObject("ADMIN/Categories/Category/label_edit popup"), 0): Object 'Object Repository/ADMIN/Categories/Category/label_edit popup' is visible

2020-03-19 14:20:13 - [MESSAGE][WARNING] - Timeout '0' is invalid. Using default page load timeout: '30'

2020-03-19 14:20:13 - [MESSAGE][PASSED] - Object 'Object Repository/ADMIN/Categories/Category/label_edit popup' is visible

2020-03-19 14:20:13 - [TEST_STEP][PASSED] - waitForElementNotPresent(findTestObject("ADMIN/Categories/Category/label_edit popup"), 0): Web element with id: 'Object Repository/ADMIN/Categories/Category/label_edit popup' located by 'By.xpath: //div[(text() = 'Category was successfully saved.' or . = 'Category was successfully saved.')]' is not present after '30' second(s)

2020-03-19 14:20:13 - [MESSAGE][WARNING] - Timeout '0' is invalid. Using default page load timeout: '30'

2020-03-19 14:20:19 - [MESSAGE][PASSED] - Web element with id: 'Object Repository/ADMIN/Categories/Category/label_edit popup' located by 'By.xpath: //div[(text() = 'Category was successfully saved.' or . = 'Category was successfully saved.')]' is not present after '30' second(s)]]></system-out>
         <system-err><![CDATA[2020-03-19 14:20:04 - [TEST_CASE][FAILED] - Test Cases/ADMIN/Content Mgmt/Categories/Category Add-Edit/Add Category: Test Cases/ADMIN/Content Mgmt/Categories/Category Add-Edit/Add Category FAILED.
Reason:
com.kms.katalon.core.exception.StepFailedException: Unable to click on object 'Object Repository/ADMIN/Categories/Category List/button_Categories' (Root cause: com.kms.katalon.core.exception.StepFailedException: Unable to click on object 'Object Repository/ADMIN/Categories/Category List/button_Categories'
	at com.kms.katalon.core.webui.keyword.internal.WebUIKeywordMain.stepFailed(WebUIKeywordMain.groovy:64)
	at com.kms.katalon.core.webui.keyword.internal.WebUIKeywordMain.runKeyword(WebUIKeywordMain.groovy:26)
	at com.kms.katalon.core.webui.keyword.builtin.ClickKeyword.click(ClickKeyword.groovy:76)
	at com.kms.katalon.core.webui.keyword.builtin.ClickKeyword.execute(ClickKeyword.groovy:43)
	at com.kms.katalon.core.keyword.internal.KeywordExecutor.executeKeywordForPlatform(KeywordExecutor.groovy:72)
	at com.kms.katalon.core.webui.keyword.WebUiBuiltInKeywords.click(WebUiBuiltInKeywords.groovy:616)
	at com.kms.katalon.core.webui.keyword.WebUiBuiltInKeywords$click$0.call(Unknown Source)
	at Add Category.run(Add Category:28)
	at com.kms.katalon.core.main.ScriptEngine.run(ScriptEngine.java:194)
	at com.kms.katalon.core.main.ScriptEngine.runScriptAsRawText(ScriptEngine.java:119)
	at com.kms.katalon.core.main.TestCaseExecutor.runScript(TestCaseExecutor.java:337)
	at com.kms.katalon.core.main.TestCaseExecutor.doExecute(TestCaseExecutor.java:328)
	at com.kms.katalon.core.main.TestCaseExecutor.processExecutionPhase(TestCaseExecutor.java:307)
	at com.kms.katalon.core.main.TestCaseExecutor.accessMainPhase(TestCaseExecutor.java:299)
	at com.kms.katalon.core.main.TestCaseExecutor.execute(TestCaseExecutor.java:233)
	at com.kms.katalon.core.main.TestSuiteExecutor.accessTestCaseMainPhase(TestSuiteExecutor.java:169)
	at com.kms.katalon.core.main.TestSuiteExecutor.accessTestSuiteMainPhase(TestSuiteExecutor.java:142)
	at com.kms.katalon.core.main.TestSuiteExecutor.execute(TestSuiteExecutor.java:91)
	at com.kms.katalon.core.main.TestCaseMain.startTestSuite(TestCaseMain.java:157)
	at com.kms.katalon.core.main.TestCaseMain$startTestSuite$0.call(Unknown Source)
	at TempTestSuite1584598607274.run(TempTestSuite1584598607274.groovy:36)
Caused by: org.openqa.selenium.ElementNotInteractableException: element not interactable
  (Session info: chrome=80.0.3987.132)
Build info: version: '3.141.59', revision: 'e82be7d358', time: '2018-11-14T08:25:53'
System info: host: 'ARCADIER-03', ip: '192.168.254.105', os.name: 'Windows 7', os.arch: 'amd64', os.version: '6.1', java.version: '1.8.0_181'
Driver info: com.kms.katalon.core.webui.driver.ExistingRemoteWebDriver
Capabilities {javascriptEnabled: true, platform: ANY, platformName: ANY}
Session ID: 66da7635ded2d355388026ca8e7d8eff
	at org.openqa.selenium.remote.http.W3CHttpResponseCodec.createException(W3CHttpResponseCodec.java:187)
	at org.openqa.selenium.remote.http.W3CHttpResponseCodec.decode(W3CHttpResponseCodec.java:122)
	at org.openqa.selenium.remote.http.W3CHttpResponseCodec.decode(W3CHttpResponseCodec.java:49)
	at org.openqa.selenium.remote.HttpCommandExecutor.execute(HttpCommandExecutor.java:158)
	at org.openqa.selenium.remote.RemoteWebDriver.execute(RemoteWebDriver.java:552)
	at com.kms.katalon.core.webui.driver.ExistingRemoteWebDriver.execute(ExistingRemoteWebDriver.java:108)
	at org.openqa.selenium.remote.RemoteWebElement.execute(RemoteWebElement.java:285)
	at org.openqa.selenium.remote.RemoteWebElement.click(RemoteWebElement.java:84)
	at org.openqa.selenium.support.events.EventFiringWebDriver$EventFiringWebElement.lambda$new$0(EventFiringWebDriver.java:404)
	at com.sun.proxy.$Proxy9.click(Unknown Source)
	at org.openqa.selenium.support.events.EventFiringWebDriver$EventFiringWebElement.click(EventFiringWebDriver.java:417)
	at com.kms.katalon.core.webui.keyword.builtin.ClickKeyword$_click_closure1.doCall(ClickKeyword.groovy:69)
	at com.kms.katalon.core.webui.keyword.builtin.ClickKeyword$_click_closure1.call(ClickKeyword.groovy)
	at com.kms.katalon.core.webui.keyword.internal.WebUIKeywordMain.runKeyword(WebUIKeywordMain.groovy:20)
	at com.kms.katalon.core.webui.keyword.builtin.ClickKeyword.click(ClickKeyword.groovy:76)
	at com.kms.katalon.core.webui.keyword.builtin.ClickKeyword.execute(ClickKeyword.groovy:43)
	at com.kms.katalon.core.keyword.internal.KeywordExecutor.executeKeywordForPlatform(KeywordExecutor.groovy:72)
	at com.kms.katalon.core.webui.keyword.WebUiBuiltInKeywords.click(WebUiBuiltInKeywords.groovy:616)
	at com.kms.katalon.core.webui.keyword.WebUiBuiltInKeywords$click$0.call(Unknown Source)
	at Script1549506362832.run(Script1549506362832.groovy:28)
	... 13 more
)
	at com.kms.katalon.core.keyword.internal.KeywordMain.stepFailed(KeywordMain.groovy:39)
	at com.kms.katalon.core.webui.keyword.internal.WebUIKeywordMain.stepFailed(WebUIKeywordMain.groovy:64)
	at com.kms.katalon.core.webui.keyword.internal.WebUIKeywordMain.runKeyword(WebUIKeywordMain.groovy:26)
	at com.kms.katalon.core.webui.keyword.builtin.ClickKeyword.click(ClickKeyword.groovy:76)
	at com.kms.katalon.core.webui.keyword.builtin.ClickKeyword.execute(ClickKeyword.groovy:43)
	at com.kms.katalon.core.keyword.internal.KeywordExecutor.executeKeywordForPlatform(KeywordExecutor.groovy:72)
	at com.kms.katalon.core.webui.keyword.WebUiBuiltInKeywords.click(WebUiBuiltInKeywords.groovy:616)
	at com.kms.katalon.core.webui.keyword.WebUiBuiltInKeywords$click$0.call(Unknown Source)
	at Add Category.run(Add Category:28)
	at com.kms.katalon.core.main.ScriptEngine.run(ScriptEngine.java:194)
	at com.kms.katalon.core.main.ScriptEngine.runScriptAsRawText(ScriptEngine.java:119)
	at com.kms.katalon.core.main.TestCaseExecutor.runScript(TestCaseExecutor.java:337)
	at com.kms.katalon.core.main.TestCaseExecutor.doExecute(TestCaseExecutor.java:328)
	at com.kms.katalon.core.main.TestCaseExecutor.processExecutionPhase(TestCaseExecutor.java:307)
	at com.kms.katalon.core.main.TestCaseExecutor.accessMainPhase(TestCaseExecutor.java:299)
	at com.kms.katalon.core.main.TestCaseExecutor.execute(TestCaseExecutor.java:233)
	at com.kms.katalon.core.main.TestSuiteExecutor.accessTestCaseMainPhase(TestSuiteExecutor.java:169)
	at com.kms.katalon.core.main.TestSuiteExecutor.accessTestSuiteMainPhase(TestSuiteExecutor.java:142)
	at com.kms.katalon.core.main.TestSuiteExecutor.execute(TestSuiteExecutor.java:91)
	at com.kms.katalon.core.main.TestCaseMain.startTestSuite(TestCaseMain.java:157)
	at com.kms.katalon.core.main.TestCaseMain$startTestSuite$0.call(Unknown Source)
	at TempTestSuite1584598607274.run(TempTestSuite1584598607274.groovy:36)
Caused by: com.kms.katalon.core.exception.StepFailedException: Unable to click on object 'Object Repository/ADMIN/Categories/Category List/button_Categories'
	... 21 more
Caused by: org.openqa.selenium.ElementNotInteractableException: element not interactable
  (Session info: chrome=80.0.3987.132)
Build info: version: '3.141.59', revision: 'e82be7d358', time: '2018-11-14T08:25:53'
System info: host: 'ARCADIER-03', ip: '192.168.254.105', os.name: 'Windows 7', os.arch: 'amd64', os.version: '6.1', java.version: '1.8.0_181'
Driver info: com.kms.katalon.core.webui.driver.ExistingRemoteWebDriver
Capabilities {javascriptEnabled: true, platform: ANY, platformName: ANY}
Session ID: 66da7635ded2d355388026ca8e7d8eff
	at org.openqa.selenium.remote.http.W3CHttpResponseCodec.createException(W3CHttpResponseCodec.java:187)
	at org.openqa.selenium.remote.http.W3CHttpResponseCodec.decode(W3CHttpResponseCodec.java:122)
	at org.openqa.selenium.remote.http.W3CHttpResponseCodec.decode(W3CHttpResponseCodec.java:49)
	at org.openqa.selenium.remote.HttpCommandExecutor.execute(HttpCommandExecutor.java:158)
	at org.openqa.selenium.remote.RemoteWebDriver.execute(RemoteWebDriver.java:552)
	at com.kms.katalon.core.webui.driver.ExistingRemoteWebDriver.execute(ExistingRemoteWebDriver.java:108)
	at org.openqa.selenium.remote.RemoteWebElement.execute(RemoteWebElement.java:285)
	at org.openqa.selenium.remote.RemoteWebElement.click(RemoteWebElement.java:84)
	at org.openqa.selenium.support.events.EventFiringWebDriver$EventFiringWebElement.lambda$new$0(EventFiringWebDriver.java:404)
	at com.sun.proxy.$Proxy9.click(Unknown Source)
	at org.openqa.selenium.support.events.EventFiringWebDriver$EventFiringWebElement.click(EventFiringWebDriver.java:417)
	at com.kms.katalon.core.webui.keyword.builtin.ClickKeyword$_click_closure1.doCall(ClickKeyword.groovy:69)
	at com.kms.katalon.core.webui.keyword.builtin.ClickKeyword$_click_closure1.call(ClickKeyword.groovy)
	at com.kms.katalon.core.webui.keyword.internal.WebUIKeywordMain.runKeyword(WebUIKeywordMain.groovy:20)
	... 19 more]]></system-err>
      </testcase>
      <testcase name="Test Cases/ADMIN/Content Mgmt/Categories/Category Add-Edit/Add Category" time="17.07" classname="Test Cases/ADMIN/Content Mgmt/Categories/Category Add-Edit/Add Category" status="PASSED">
         <system-out><![CDATA[2020-03-19 14:20:19 - [TEST_CASE][PASSED] - Test Cases/ADMIN/Content Mgmt/Categories/Category Add-Edit/Add Category: Test Cases/ADMIN/Content Mgmt/Categories/Category Add-Edit/Add Category

2020-03-19 14:20:19 - [TEST_STEP][PASSED] - waitForElementVisible(findTestObject("ADMIN/Categories/Category List/button_Content Mgmt"), 0): Object 'Object Repository/ADMIN/Categories/Category List/button_Content Mgmt' is visible

2020-03-19 14:20:19 - [MESSAGE][WARNING] - Timeout '0' is invalid. Using default page load timeout: '30'

2020-03-19 14:20:19 - [MESSAGE][PASSED] - Object 'Object Repository/ADMIN/Categories/Category List/button_Content Mgmt' is visible

2020-03-19 14:20:19 - [TEST_STEP][PASSED] - click(findTestObject("ADMIN/Categories/Category List/button_Content Mgmt")): Object: 'Object Repository/ADMIN/Categories/Category List/button_Content Mgmt' is clicked on

2020-03-19 14:20:19 - [MESSAGE][PASSED] - Object: 'Object Repository/ADMIN/Categories/Category List/button_Content Mgmt' is clicked on

2020-03-19 14:20:19 - [TEST_STEP][PASSED] - waitForElementVisible(findTestObject("ADMIN/Categories/Category List/button_Categories"), 0): Object 'Object Repository/ADMIN/Categories/Category List/button_Categories' is visible

2020-03-19 14:20:19 - [MESSAGE][WARNING] - Timeout '0' is invalid. Using default page load timeout: '30'

2020-03-19 14:20:20 - [MESSAGE][PASSED] - Object 'Object Repository/ADMIN/Categories/Category List/button_Categories' is visible

2020-03-19 14:20:20 - [TEST_STEP][PASSED] - click(findTestObject("ADMIN/Categories/Category List/button_Categories")): Object: 'Object Repository/ADMIN/Categories/Category List/button_Categories' is clicked on

2020-03-19 14:20:22 - [MESSAGE][PASSED] - Object: 'Object Repository/ADMIN/Categories/Category List/button_Categories' is clicked on

2020-03-19 14:20:22 - [TEST_STEP][PASSED] - waitForPageLoad(0, STOP_ON_FAILURE): Wait for page load successfully

2020-03-19 14:20:22 - [MESSAGE][WARNING] - Timeout '0' is invalid. Using default page load timeout: '30'

2020-03-19 14:20:22 - [MESSAGE][PASSED] - Wait for page load successfully

2020-03-19 14:20:22 - [TEST_STEP][PASSED] - click(findTestObject("ADMIN/Categories/Category List/button_Add a Category")): Object: 'Object Repository/ADMIN/Categories/Category List/button_Add a Category' is clicked on

2020-03-19 14:20:22 - [MESSAGE][PASSED] - Object: 'Object Repository/ADMIN/Categories/Category List/button_Add a Category' is clicked on

2020-03-19 14:20:22 - [TEST_STEP][PASSED] - waitForElementPresent(findTestObject("ADMIN/Categories/Category/dropdown_Parent"), 2): Object 'Object Repository/ADMIN/Categories/Category/dropdown_Parent' is present

2020-03-19 14:20:22 - [MESSAGE][PASSED] - Object 'Object Repository/ADMIN/Categories/Category/dropdown_Parent' is present

2020-03-19 14:20:22 - [TEST_STEP][PASSED] - delay(1): Delayed 1 second(s)

2020-03-19 14:20:23 - [MESSAGE][PASSED] - Delayed 1 second(s)

2020-03-19 14:20:23 - [TEST_STEP][PASSED] - setText(findTestObject("ADMIN/Categories/Category/textfield_Category Name"), CategoryNametext): Text 'Category 4.4' is set on object 'Object Repository/ADMIN/Categories/Category/textfield_Category Name'

2020-03-19 14:20:23 - [MESSAGE][PASSED] - Text 'Category 4.4' is set on object 'Object Repository/ADMIN/Categories/Category/textfield_Category Name'

2020-03-19 14:20:23 - [TEST_STEP][PASSED] - click(findTestObject("ADMIN/Categories/Category/dropdown_Parent")): Object: 'Object Repository/ADMIN/Categories/Category/dropdown_Parent' is clicked on

2020-03-19 14:20:23 - [MESSAGE][PASSED] - Object: 'Object Repository/ADMIN/Categories/Category/dropdown_Parent' is clicked on

2020-03-19 14:20:23 - [TEST_STEP][PASSED] - delay(2): Delayed 2 second(s)

2020-03-19 14:20:25 - [MESSAGE][PASSED] - Delayed 2 second(s)

2020-03-19 14:20:25 - [TEST_STEP][PASSED] - click(findTestObject("ADMIN/Categories/Category/dropdown_Parent")): Object: 'Object Repository/ADMIN/Categories/Category/dropdown_Parent' is clicked on

2020-03-19 14:20:26 - [MESSAGE][PASSED] - Object: 'Object Repository/ADMIN/Categories/Category/dropdown_Parent' is clicked on

2020-03-19 14:20:26 - [TEST_STEP][PASSED] - selectOptionByLabel(findTestObject("ADMIN/Categories/Category/dropdown_Parent"), ParentName, false): All options with label 'Category 04' are selected in object 'Object Repository/ADMIN/Categories/Category/dropdown_Parent' 

2020-03-19 14:20:26 - [MESSAGE][PASSED] - All options with label 'Category 04' are selected in object 'Object Repository/ADMIN/Categories/Category/dropdown_Parent' 

2020-03-19 14:20:26 - [TEST_STEP][PASSED] - click(findTestObject("ADMIN/Categories/Category/button_Browse")): Object: 'Object Repository/ADMIN/Categories/Category/button_Browse' is clicked on

2020-03-19 14:20:26 - [MESSAGE][PASSED] - Object: 'Object Repository/ADMIN/Categories/Category/button_Browse' is clicked on

2020-03-19 14:20:26 - [TEST_STEP][PASSED] - delay(2): Delayed 2 second(s)

2020-03-19 14:20:28 - [MESSAGE][PASSED] - Delayed 2 second(s)

2020-03-19 14:20:28 - [TEST_STEP][PASSED] - uploadFile(findTestObject("ADMIN/Categories/Category/image_input image"), CategoryImageUpload): File 'C:\\Katalon\\Arctick\\Images\\Category\\4.png' sent to object: 'Object Repository/ADMIN/Categories/Category/image_input image'

2020-03-19 14:20:28 - [MESSAGE][PASSED] - File 'C:\\Katalon\\Arctick\\Images\\Category\\4.png' sent to object: 'Object Repository/ADMIN/Categories/Category/image_input image'

2020-03-19 14:20:28 - [TEST_STEP][PASSED] - waitForElementVisible(findTestObject("ADMIN/Categories/Category/button_upload check"), 0): Object 'Object Repository/ADMIN/Categories/Category/button_upload check' is visible

2020-03-19 14:20:28 - [MESSAGE][WARNING] - Timeout '0' is invalid. Using default page load timeout: '30'

2020-03-19 14:20:28 - [MESSAGE][PASSED] - Object 'Object Repository/ADMIN/Categories/Category/button_upload check' is visible

2020-03-19 14:20:28 - [TEST_STEP][PASSED] - click(findTestObject("ADMIN/Categories/Category/button_upload check")): Object: 'Object Repository/ADMIN/Categories/Category/button_upload check' is clicked on

2020-03-19 14:20:28 - [MESSAGE][PASSED] - Object: 'Object Repository/ADMIN/Categories/Category/button_upload check' is clicked on

2020-03-19 14:20:28 - [TEST_STEP][PASSED] - waitForElementVisible(findTestObject("ADMIN/Categories/Category/button_upload save"), 0): Object 'Object Repository/ADMIN/Categories/Category/button_upload save' is visible

2020-03-19 14:20:28 - [MESSAGE][WARNING] - Timeout '0' is invalid. Using default page load timeout: '30'

2020-03-19 14:20:28 - [MESSAGE][PASSED] - Object 'Object Repository/ADMIN/Categories/Category/button_upload save' is visible

2020-03-19 14:20:28 - [TEST_STEP][PASSED] - click(findTestObject("ADMIN/Categories/Category/button_upload save")): Object: 'Object Repository/ADMIN/Categories/Category/button_upload save' is clicked on

2020-03-19 14:20:29 - [MESSAGE][PASSED] - Object: 'Object Repository/ADMIN/Categories/Category/button_upload save' is clicked on

2020-03-19 14:20:29 - [TEST_STEP][PASSED] - setText(findTestObject("ADMIN/Categories/Category/textfield_category_description"), Description): Text 'Description14' is set on object 'Object Repository/ADMIN/Categories/Category/textfield_category_description'

2020-03-19 14:20:29 - [MESSAGE][PASSED] - Text 'Description14' is set on object 'Object Repository/ADMIN/Categories/Category/textfield_category_description'

2020-03-19 14:20:29 - [TEST_STEP][PASSED] - click(findTestObject("ADMIN/Categories/Category/button_Save")): Object: 'Object Repository/ADMIN/Categories/Category/button_Save' is clicked on

2020-03-19 14:20:30 - [MESSAGE][PASSED] - Object: 'Object Repository/ADMIN/Categories/Category/button_Save' is clicked on

2020-03-19 14:20:30 - [TEST_STEP][PASSED] - waitForElementVisible(findTestObject("ADMIN/Categories/Category/label_edit popup"), 0): Object 'Object Repository/ADMIN/Categories/Category/label_edit popup' is visible

2020-03-19 14:20:30 - [MESSAGE][WARNING] - Timeout '0' is invalid. Using default page load timeout: '30'

2020-03-19 14:20:30 - [MESSAGE][PASSED] - Object 'Object Repository/ADMIN/Categories/Category/label_edit popup' is visible

2020-03-19 14:20:30 - [TEST_STEP][PASSED] - waitForElementNotPresent(findTestObject("ADMIN/Categories/Category/label_edit popup"), 0): Web element with id: 'Object Repository/ADMIN/Categories/Category/label_edit popup' located by 'By.xpath: //div[(text() = 'Category was successfully saved.' or . = 'Category was successfully saved.')]' is not present after '30' second(s)

2020-03-19 14:20:30 - [MESSAGE][WARNING] - Timeout '0' is invalid. Using default page load timeout: '30'

2020-03-19 14:20:36 - [MESSAGE][PASSED] - Web element with id: 'Object Repository/ADMIN/Categories/Category/label_edit popup' located by 'By.xpath: //div[(text() = 'Category was successfully saved.' or . = 'Category was successfully saved.')]' is not present after '30' second(s)]]></system-out>
         <system-err><![CDATA[]]></system-err>
      </testcase>
      <testcase name="Test Cases/ADMIN/Content Mgmt/Categories/Category Add-Edit/Add Category" time="16.74" classname="Test Cases/ADMIN/Content Mgmt/Categories/Category Add-Edit/Add Category" status="PASSED">
         <system-out><![CDATA[2020-03-19 14:20:36 - [TEST_CASE][PASSED] - Test Cases/ADMIN/Content Mgmt/Categories/Category Add-Edit/Add Category: Test Cases/ADMIN/Content Mgmt/Categories/Category Add-Edit/Add Category

2020-03-19 14:20:36 - [TEST_STEP][PASSED] - waitForElementVisible(findTestObject("ADMIN/Categories/Category List/button_Content Mgmt"), 0): Object 'Object Repository/ADMIN/Categories/Category List/button_Content Mgmt' is visible

2020-03-19 14:20:36 - [MESSAGE][WARNING] - Timeout '0' is invalid. Using default page load timeout: '30'

2020-03-19 14:20:36 - [MESSAGE][PASSED] - Object 'Object Repository/ADMIN/Categories/Category List/button_Content Mgmt' is visible

2020-03-19 14:20:36 - [TEST_STEP][PASSED] - click(findTestObject("ADMIN/Categories/Category List/button_Content Mgmt")): Object: 'Object Repository/ADMIN/Categories/Category List/button_Content Mgmt' is clicked on

2020-03-19 14:20:36 - [MESSAGE][PASSED] - Object: 'Object Repository/ADMIN/Categories/Category List/button_Content Mgmt' is clicked on

2020-03-19 14:20:36 - [TEST_STEP][PASSED] - waitForElementVisible(findTestObject("ADMIN/Categories/Category List/button_Categories"), 0): Object 'Object Repository/ADMIN/Categories/Category List/button_Categories' is visible

2020-03-19 14:20:36 - [MESSAGE][WARNING] - Timeout '0' is invalid. Using default page load timeout: '30'

2020-03-19 14:20:38 - [MESSAGE][PASSED] - Object 'Object Repository/ADMIN/Categories/Category List/button_Categories' is visible

2020-03-19 14:20:38 - [TEST_STEP][PASSED] - click(findTestObject("ADMIN/Categories/Category List/button_Categories")): Object: 'Object Repository/ADMIN/Categories/Category List/button_Categories' is clicked on

2020-03-19 14:20:38 - [MESSAGE][PASSED] - Object: 'Object Repository/ADMIN/Categories/Category List/button_Categories' is clicked on

2020-03-19 14:20:38 - [TEST_STEP][PASSED] - waitForPageLoad(0, STOP_ON_FAILURE): Wait for page load successfully

2020-03-19 14:20:38 - [MESSAGE][WARNING] - Timeout '0' is invalid. Using default page load timeout: '30'

2020-03-19 14:20:39 - [MESSAGE][PASSED] - Wait for page load successfully

2020-03-19 14:20:39 - [TEST_STEP][PASSED] - click(findTestObject("ADMIN/Categories/Category List/button_Add a Category")): Object: 'Object Repository/ADMIN/Categories/Category List/button_Add a Category' is clicked on

2020-03-19 14:20:39 - [MESSAGE][PASSED] - Object: 'Object Repository/ADMIN/Categories/Category List/button_Add a Category' is clicked on

2020-03-19 14:20:39 - [TEST_STEP][PASSED] - waitForElementPresent(findTestObject("ADMIN/Categories/Category/dropdown_Parent"), 2): Object 'Object Repository/ADMIN/Categories/Category/dropdown_Parent' is present

2020-03-19 14:20:39 - [MESSAGE][PASSED] - Object 'Object Repository/ADMIN/Categories/Category/dropdown_Parent' is present

2020-03-19 14:20:39 - [TEST_STEP][PASSED] - delay(1): Delayed 1 second(s)

2020-03-19 14:20:40 - [MESSAGE][PASSED] - Delayed 1 second(s)

2020-03-19 14:20:40 - [TEST_STEP][PASSED] - setText(findTestObject("ADMIN/Categories/Category/textfield_Category Name"), CategoryNametext): Text 'Category 4.5' is set on object 'Object Repository/ADMIN/Categories/Category/textfield_Category Name'

2020-03-19 14:20:41 - [MESSAGE][PASSED] - Text 'Category 4.5' is set on object 'Object Repository/ADMIN/Categories/Category/textfield_Category Name'

2020-03-19 14:20:41 - [TEST_STEP][PASSED] - click(findTestObject("ADMIN/Categories/Category/dropdown_Parent")): Object: 'Object Repository/ADMIN/Categories/Category/dropdown_Parent' is clicked on

2020-03-19 14:20:41 - [MESSAGE][PASSED] - Object: 'Object Repository/ADMIN/Categories/Category/dropdown_Parent' is clicked on

2020-03-19 14:20:41 - [TEST_STEP][PASSED] - delay(2): Delayed 2 second(s)

2020-03-19 14:20:43 - [MESSAGE][PASSED] - Delayed 2 second(s)

2020-03-19 14:20:43 - [TEST_STEP][PASSED] - click(findTestObject("ADMIN/Categories/Category/dropdown_Parent")): Object: 'Object Repository/ADMIN/Categories/Category/dropdown_Parent' is clicked on

2020-03-19 14:20:43 - [MESSAGE][PASSED] - Object: 'Object Repository/ADMIN/Categories/Category/dropdown_Parent' is clicked on

2020-03-19 14:20:43 - [TEST_STEP][PASSED] - selectOptionByLabel(findTestObject("ADMIN/Categories/Category/dropdown_Parent"), ParentName, false): All options with label 'Category 04' are selected in object 'Object Repository/ADMIN/Categories/Category/dropdown_Parent' 

2020-03-19 14:20:43 - [MESSAGE][PASSED] - All options with label 'Category 04' are selected in object 'Object Repository/ADMIN/Categories/Category/dropdown_Parent' 

2020-03-19 14:20:43 - [TEST_STEP][PASSED] - click(findTestObject("ADMIN/Categories/Category/button_Browse")): Object: 'Object Repository/ADMIN/Categories/Category/button_Browse' is clicked on

2020-03-19 14:20:43 - [MESSAGE][PASSED] - Object: 'Object Repository/ADMIN/Categories/Category/button_Browse' is clicked on

2020-03-19 14:20:43 - [TEST_STEP][PASSED] - delay(2): Delayed 2 second(s)

2020-03-19 14:20:45 - [MESSAGE][PASSED] - Delayed 2 second(s)

2020-03-19 14:20:45 - [TEST_STEP][PASSED] - uploadFile(findTestObject("ADMIN/Categories/Category/image_input image"), CategoryImageUpload): File 'C:\\Katalon\\Arctick\\Images\\Category\\4.png' sent to object: 'Object Repository/ADMIN/Categories/Category/image_input image'

2020-03-19 14:20:45 - [MESSAGE][PASSED] - File 'C:\\Katalon\\Arctick\\Images\\Category\\4.png' sent to object: 'Object Repository/ADMIN/Categories/Category/image_input image'

2020-03-19 14:20:45 - [TEST_STEP][PASSED] - waitForElementVisible(findTestObject("ADMIN/Categories/Category/button_upload check"), 0): Object 'Object Repository/ADMIN/Categories/Category/button_upload check' is visible

2020-03-19 14:20:45 - [MESSAGE][WARNING] - Timeout '0' is invalid. Using default page load timeout: '30'

2020-03-19 14:20:45 - [MESSAGE][PASSED] - Object 'Object Repository/ADMIN/Categories/Category/button_upload check' is visible

2020-03-19 14:20:45 - [TEST_STEP][PASSED] - click(findTestObject("ADMIN/Categories/Category/button_upload check")): Object: 'Object Repository/ADMIN/Categories/Category/button_upload check' is clicked on

2020-03-19 14:20:46 - [MESSAGE][PASSED] - Object: 'Object Repository/ADMIN/Categories/Category/button_upload check' is clicked on

2020-03-19 14:20:46 - [TEST_STEP][PASSED] - waitForElementVisible(findTestObject("ADMIN/Categories/Category/button_upload save"), 0): Object 'Object Repository/ADMIN/Categories/Category/button_upload save' is visible

2020-03-19 14:20:46 - [MESSAGE][WARNING] - Timeout '0' is invalid. Using default page load timeout: '30'

2020-03-19 14:20:46 - [MESSAGE][PASSED] - Object 'Object Repository/ADMIN/Categories/Category/button_upload save' is visible

2020-03-19 14:20:46 - [TEST_STEP][PASSED] - click(findTestObject("ADMIN/Categories/Category/button_upload save")): Object: 'Object Repository/ADMIN/Categories/Category/button_upload save' is clicked on

2020-03-19 14:20:46 - [MESSAGE][PASSED] - Object: 'Object Repository/ADMIN/Categories/Category/button_upload save' is clicked on

2020-03-19 14:20:46 - [TEST_STEP][PASSED] - setText(findTestObject("ADMIN/Categories/Category/textfield_category_description"), Description): Text 'Description15' is set on object 'Object Repository/ADMIN/Categories/Category/textfield_category_description'

2020-03-19 14:20:46 - [MESSAGE][PASSED] - Text 'Description15' is set on object 'Object Repository/ADMIN/Categories/Category/textfield_category_description'

2020-03-19 14:20:46 - [TEST_STEP][PASSED] - click(findTestObject("ADMIN/Categories/Category/button_Save")): Object: 'Object Repository/ADMIN/Categories/Category/button_Save' is clicked on

2020-03-19 14:20:46 - [MESSAGE][PASSED] - Object: 'Object Repository/ADMIN/Categories/Category/button_Save' is clicked on

2020-03-19 14:20:46 - [TEST_STEP][PASSED] - waitForElementVisible(findTestObject("ADMIN/Categories/Category/label_edit popup"), 0): Object 'Object Repository/ADMIN/Categories/Category/label_edit popup' is visible

2020-03-19 14:20:46 - [MESSAGE][WARNING] - Timeout '0' is invalid. Using default page load timeout: '30'

2020-03-19 14:20:47 - [MESSAGE][PASSED] - Object 'Object Repository/ADMIN/Categories/Category/label_edit popup' is visible

2020-03-19 14:20:47 - [TEST_STEP][PASSED] - waitForElementNotPresent(findTestObject("ADMIN/Categories/Category/label_edit popup"), 0): Web element with id: 'Object Repository/ADMIN/Categories/Category/label_edit popup' located by 'By.xpath: //div[(text() = 'Category was successfully saved.' or . = 'Category was successfully saved.')]' is not present after '30' second(s)

2020-03-19 14:20:47 - [MESSAGE][WARNING] - Timeout '0' is invalid. Using default page load timeout: '30'

2020-03-19 14:20:53 - [MESSAGE][PASSED] - Web element with id: 'Object Repository/ADMIN/Categories/Category/label_edit popup' located by 'By.xpath: //div[(text() = 'Category was successfully saved.' or . = 'Category was successfully saved.')]' is not present after '30' second(s)]]></system-out>
         <system-err><![CDATA[]]></system-err>
      </testcase>
      <testcase name="Test Cases/ADMIN/Content Mgmt/Categories/Category Add-Edit/Add Category" time="14.618" classname="Test Cases/ADMIN/Content Mgmt/Categories/Category Add-Edit/Add Category" status="PASSED">
         <system-out><![CDATA[2020-03-19 14:20:53 - [TEST_CASE][PASSED] - Test Cases/ADMIN/Content Mgmt/Categories/Category Add-Edit/Add Category: Test Cases/ADMIN/Content Mgmt/Categories/Category Add-Edit/Add Category

2020-03-19 14:20:53 - [TEST_STEP][PASSED] - waitForElementVisible(findTestObject("ADMIN/Categories/Category List/button_Content Mgmt"), 0): Object 'Object Repository/ADMIN/Categories/Category List/button_Content Mgmt' is visible

2020-03-19 14:20:53 - [MESSAGE][WARNING] - Timeout '0' is invalid. Using default page load timeout: '30'

2020-03-19 14:20:53 - [MESSAGE][PASSED] - Object 'Object Repository/ADMIN/Categories/Category List/button_Content Mgmt' is visible

2020-03-19 14:20:53 - [TEST_STEP][PASSED] - click(findTestObject("ADMIN/Categories/Category List/button_Content Mgmt")): Object: 'Object Repository/ADMIN/Categories/Category List/button_Content Mgmt' is clicked on

2020-03-19 14:20:53 - [MESSAGE][PASSED] - Object: 'Object Repository/ADMIN/Categories/Category List/button_Content Mgmt' is clicked on

2020-03-19 14:20:53 - [TEST_STEP][PASSED] - waitForElementVisible(findTestObject("ADMIN/Categories/Category List/button_Categories"), 0): Object 'Object Repository/ADMIN/Categories/Category List/button_Categories' is visible

2020-03-19 14:20:53 - [MESSAGE][WARNING] - Timeout '0' is invalid. Using default page load timeout: '30'

2020-03-19 14:20:53 - [MESSAGE][PASSED] - Object 'Object Repository/ADMIN/Categories/Category List/button_Categories' is visible

2020-03-19 14:20:53 - [TEST_STEP][PASSED] - click(findTestObject("ADMIN/Categories/Category List/button_Categories")): Object: 'Object Repository/ADMIN/Categories/Category List/button_Categories' is clicked on

2020-03-19 14:20:53 - [MESSAGE][PASSED] - Object: 'Object Repository/ADMIN/Categories/Category List/button_Categories' is clicked on

2020-03-19 14:20:53 - [TEST_STEP][PASSED] - waitForPageLoad(0, STOP_ON_FAILURE): Wait for page load successfully

2020-03-19 14:20:53 - [MESSAGE][WARNING] - Timeout '0' is invalid. Using default page load timeout: '30'

2020-03-19 14:20:53 - [MESSAGE][PASSED] - Wait for page load successfully

2020-03-19 14:20:53 - [TEST_STEP][PASSED] - click(findTestObject("ADMIN/Categories/Category List/button_Add a Category")): Object: 'Object Repository/ADMIN/Categories/Category List/button_Add a Category' is clicked on

2020-03-19 14:20:54 - [MESSAGE][PASSED] - Object: 'Object Repository/ADMIN/Categories/Category List/button_Add a Category' is clicked on

2020-03-19 14:20:54 - [TEST_STEP][PASSED] - waitForElementPresent(findTestObject("ADMIN/Categories/Category/dropdown_Parent"), 2): Object 'Object Repository/ADMIN/Categories/Category/dropdown_Parent' is present

2020-03-19 14:20:54 - [MESSAGE][PASSED] - Object 'Object Repository/ADMIN/Categories/Category/dropdown_Parent' is present

2020-03-19 14:20:54 - [TEST_STEP][PASSED] - delay(1): Delayed 1 second(s)

2020-03-19 14:20:55 - [MESSAGE][PASSED] - Delayed 1 second(s)

2020-03-19 14:20:55 - [TEST_STEP][PASSED] - setText(findTestObject("ADMIN/Categories/Category/textfield_Category Name"), CategoryNametext): Text 'Category 4.6' is set on object 'Object Repository/ADMIN/Categories/Category/textfield_Category Name'

2020-03-19 14:20:55 - [MESSAGE][PASSED] - Text 'Category 4.6' is set on object 'Object Repository/ADMIN/Categories/Category/textfield_Category Name'

2020-03-19 14:20:55 - [TEST_STEP][PASSED] - click(findTestObject("ADMIN/Categories/Category/dropdown_Parent")): Object: 'Object Repository/ADMIN/Categories/Category/dropdown_Parent' is clicked on

2020-03-19 14:20:55 - [MESSAGE][PASSED] - Object: 'Object Repository/ADMIN/Categories/Category/dropdown_Parent' is clicked on

2020-03-19 14:20:55 - [TEST_STEP][PASSED] - delay(2): Delayed 2 second(s)

2020-03-19 14:20:57 - [MESSAGE][PASSED] - Delayed 2 second(s)

2020-03-19 14:20:57 - [TEST_STEP][PASSED] - click(findTestObject("ADMIN/Categories/Category/dropdown_Parent")): Object: 'Object Repository/ADMIN/Categories/Category/dropdown_Parent' is clicked on

2020-03-19 14:20:57 - [MESSAGE][PASSED] - Object: 'Object Repository/ADMIN/Categories/Category/dropdown_Parent' is clicked on

2020-03-19 14:20:57 - [TEST_STEP][PASSED] - selectOptionByLabel(findTestObject("ADMIN/Categories/Category/dropdown_Parent"), ParentName, false): All options with label 'Category 04' are selected in object 'Object Repository/ADMIN/Categories/Category/dropdown_Parent' 

2020-03-19 14:20:58 - [MESSAGE][PASSED] - All options with label 'Category 04' are selected in object 'Object Repository/ADMIN/Categories/Category/dropdown_Parent' 

2020-03-19 14:20:58 - [TEST_STEP][PASSED] - click(findTestObject("ADMIN/Categories/Category/button_Browse")): Object: 'Object Repository/ADMIN/Categories/Category/button_Browse' is clicked on

2020-03-19 14:20:58 - [MESSAGE][PASSED] - Object: 'Object Repository/ADMIN/Categories/Category/button_Browse' is clicked on

2020-03-19 14:20:58 - [TEST_STEP][PASSED] - delay(2): Delayed 2 second(s)

2020-03-19 14:21:00 - [MESSAGE][PASSED] - Delayed 2 second(s)

2020-03-19 14:21:00 - [TEST_STEP][PASSED] - uploadFile(findTestObject("ADMIN/Categories/Category/image_input image"), CategoryImageUpload): File 'C:\\Katalon\\Arctick\\Images\\Category\\4.png' sent to object: 'Object Repository/ADMIN/Categories/Category/image_input image'

2020-03-19 14:21:00 - [MESSAGE][PASSED] - File 'C:\\Katalon\\Arctick\\Images\\Category\\4.png' sent to object: 'Object Repository/ADMIN/Categories/Category/image_input image'

2020-03-19 14:21:00 - [TEST_STEP][PASSED] - waitForElementVisible(findTestObject("ADMIN/Categories/Category/button_upload check"), 0): Object 'Object Repository/ADMIN/Categories/Category/button_upload check' is visible

2020-03-19 14:21:00 - [MESSAGE][WARNING] - Timeout '0' is invalid. Using default page load timeout: '30'

2020-03-19 14:21:00 - [MESSAGE][PASSED] - Object 'Object Repository/ADMIN/Categories/Category/button_upload check' is visible

2020-03-19 14:21:00 - [TEST_STEP][PASSED] - click(findTestObject("ADMIN/Categories/Category/button_upload check")): Object: 'Object Repository/ADMIN/Categories/Category/button_upload check' is clicked on

2020-03-19 14:21:00 - [MESSAGE][PASSED] - Object: 'Object Repository/ADMIN/Categories/Category/button_upload check' is clicked on

2020-03-19 14:21:00 - [TEST_STEP][PASSED] - waitForElementVisible(findTestObject("ADMIN/Categories/Category/button_upload save"), 0): Object 'Object Repository/ADMIN/Categories/Category/button_upload save' is visible

2020-03-19 14:21:00 - [MESSAGE][WARNING] - Timeout '0' is invalid. Using default page load timeout: '30'

2020-03-19 14:21:00 - [MESSAGE][PASSED] - Object 'Object Repository/ADMIN/Categories/Category/button_upload save' is visible

2020-03-19 14:21:00 - [TEST_STEP][PASSED] - click(findTestObject("ADMIN/Categories/Category/button_upload save")): Object: 'Object Repository/ADMIN/Categories/Category/button_upload save' is clicked on

2020-03-19 14:21:00 - [MESSAGE][PASSED] - Object: 'Object Repository/ADMIN/Categories/Category/button_upload save' is clicked on

2020-03-19 14:21:00 - [TEST_STEP][PASSED] - setText(findTestObject("ADMIN/Categories/Category/textfield_category_description"), Description): Text 'Description16' is set on object 'Object Repository/ADMIN/Categories/Category/textfield_category_description'

2020-03-19 14:21:01 - [MESSAGE][PASSED] - Text 'Description16' is set on object 'Object Repository/ADMIN/Categories/Category/textfield_category_description'

2020-03-19 14:21:01 - [TEST_STEP][PASSED] - click(findTestObject("ADMIN/Categories/Category/button_Save")): Object: 'Object Repository/ADMIN/Categories/Category/button_Save' is clicked on

2020-03-19 14:21:01 - [MESSAGE][PASSED] - Object: 'Object Repository/ADMIN/Categories/Category/button_Save' is clicked on

2020-03-19 14:21:01 - [TEST_STEP][PASSED] - waitForElementVisible(findTestObject("ADMIN/Categories/Category/label_edit popup"), 0): Object 'Object Repository/ADMIN/Categories/Category/label_edit popup' is visible

2020-03-19 14:21:01 - [MESSAGE][WARNING] - Timeout '0' is invalid. Using default page load timeout: '30'

2020-03-19 14:21:02 - [MESSAGE][PASSED] - Object 'Object Repository/ADMIN/Categories/Category/label_edit popup' is visible

2020-03-19 14:21:02 - [TEST_STEP][PASSED] - waitForElementNotPresent(findTestObject("ADMIN/Categories/Category/label_edit popup"), 0): Web element with id: 'Object Repository/ADMIN/Categories/Category/label_edit popup' located by 'By.xpath: //div[(text() = 'Category was successfully saved.' or . = 'Category was successfully saved.')]' is not present after '30' second(s)

2020-03-19 14:21:02 - [MESSAGE][WARNING] - Timeout '0' is invalid. Using default page load timeout: '30'

2020-03-19 14:21:07 - [MESSAGE][PASSED] - Web element with id: 'Object Repository/ADMIN/Categories/Category/label_edit popup' located by 'By.xpath: //div[(text() = 'Category was successfully saved.' or . = 'Category was successfully saved.')]' is not present after '30' second(s)]]></system-out>
         <system-err><![CDATA[]]></system-err>
      </testcase>
      <testcase name="Test Cases/ADMIN/Content Mgmt/Categories/Category Add-Edit/Add Category" time="16.4" classname="Test Cases/ADMIN/Content Mgmt/Categories/Category Add-Edit/Add Category" status="PASSED">
         <system-out><![CDATA[2020-03-19 14:21:07 - [TEST_CASE][PASSED] - Test Cases/ADMIN/Content Mgmt/Categories/Category Add-Edit/Add Category: Test Cases/ADMIN/Content Mgmt/Categories/Category Add-Edit/Add Category

2020-03-19 14:21:07 - [TEST_STEP][PASSED] - waitForElementVisible(findTestObject("ADMIN/Categories/Category List/button_Content Mgmt"), 0): Object 'Object Repository/ADMIN/Categories/Category List/button_Content Mgmt' is visible

2020-03-19 14:21:08 - [MESSAGE][WARNING] - Timeout '0' is invalid. Using default page load timeout: '30'

2020-03-19 14:21:08 - [MESSAGE][PASSED] - Object 'Object Repository/ADMIN/Categories/Category List/button_Content Mgmt' is visible

2020-03-19 14:21:08 - [TEST_STEP][PASSED] - click(findTestObject("ADMIN/Categories/Category List/button_Content Mgmt")): Object: 'Object Repository/ADMIN/Categories/Category List/button_Content Mgmt' is clicked on

2020-03-19 14:21:08 - [MESSAGE][PASSED] - Object: 'Object Repository/ADMIN/Categories/Category List/button_Content Mgmt' is clicked on

2020-03-19 14:21:08 - [TEST_STEP][PASSED] - waitForElementVisible(findTestObject("ADMIN/Categories/Category List/button_Categories"), 0): Object 'Object Repository/ADMIN/Categories/Category List/button_Categories' is visible

2020-03-19 14:21:08 - [MESSAGE][WARNING] - Timeout '0' is invalid. Using default page load timeout: '30'

2020-03-19 14:21:08 - [MESSAGE][PASSED] - Object 'Object Repository/ADMIN/Categories/Category List/button_Categories' is visible

2020-03-19 14:21:08 - [TEST_STEP][PASSED] - click(findTestObject("ADMIN/Categories/Category List/button_Categories")): Object: 'Object Repository/ADMIN/Categories/Category List/button_Categories' is clicked on

2020-03-19 14:21:10 - [MESSAGE][PASSED] - Object: 'Object Repository/ADMIN/Categories/Category List/button_Categories' is clicked on

2020-03-19 14:21:10 - [TEST_STEP][PASSED] - waitForPageLoad(0, STOP_ON_FAILURE): Wait for page load successfully

2020-03-19 14:21:10 - [MESSAGE][WARNING] - Timeout '0' is invalid. Using default page load timeout: '30'

2020-03-19 14:21:10 - [MESSAGE][PASSED] - Wait for page load successfully

2020-03-19 14:21:10 - [TEST_STEP][PASSED] - click(findTestObject("ADMIN/Categories/Category List/button_Add a Category")): Object: 'Object Repository/ADMIN/Categories/Category List/button_Add a Category' is clicked on

2020-03-19 14:21:10 - [MESSAGE][PASSED] - Object: 'Object Repository/ADMIN/Categories/Category List/button_Add a Category' is clicked on

2020-03-19 14:21:10 - [TEST_STEP][PASSED] - waitForElementPresent(findTestObject("ADMIN/Categories/Category/dropdown_Parent"), 2): Object 'Object Repository/ADMIN/Categories/Category/dropdown_Parent' is present

2020-03-19 14:21:10 - [MESSAGE][PASSED] - Object 'Object Repository/ADMIN/Categories/Category/dropdown_Parent' is present

2020-03-19 14:21:10 - [TEST_STEP][PASSED] - delay(1): Delayed 1 second(s)

2020-03-19 14:21:11 - [MESSAGE][PASSED] - Delayed 1 second(s)

2020-03-19 14:21:11 - [TEST_STEP][PASSED] - setText(findTestObject("ADMIN/Categories/Category/textfield_Category Name"), CategoryNametext): Text 'Category 4.7' is set on object 'Object Repository/ADMIN/Categories/Category/textfield_Category Name'

2020-03-19 14:21:11 - [MESSAGE][PASSED] - Text 'Category 4.7' is set on object 'Object Repository/ADMIN/Categories/Category/textfield_Category Name'

2020-03-19 14:21:11 - [TEST_STEP][PASSED] - click(findTestObject("ADMIN/Categories/Category/dropdown_Parent")): Object: 'Object Repository/ADMIN/Categories/Category/dropdown_Parent' is clicked on

2020-03-19 14:21:12 - [MESSAGE][PASSED] - Object: 'Object Repository/ADMIN/Categories/Category/dropdown_Parent' is clicked on

2020-03-19 14:21:12 - [TEST_STEP][PASSED] - delay(2): Delayed 2 second(s)

2020-03-19 14:21:14 - [MESSAGE][PASSED] - Delayed 2 second(s)

2020-03-19 14:21:14 - [TEST_STEP][PASSED] - click(findTestObject("ADMIN/Categories/Category/dropdown_Parent")): Object: 'Object Repository/ADMIN/Categories/Category/dropdown_Parent' is clicked on

2020-03-19 14:21:14 - [MESSAGE][PASSED] - Object: 'Object Repository/ADMIN/Categories/Category/dropdown_Parent' is clicked on

2020-03-19 14:21:14 - [TEST_STEP][PASSED] - selectOptionByLabel(findTestObject("ADMIN/Categories/Category/dropdown_Parent"), ParentName, false): All options with label 'Category 04' are selected in object 'Object Repository/ADMIN/Categories/Category/dropdown_Parent' 

2020-03-19 14:21:14 - [MESSAGE][PASSED] - All options with label 'Category 04' are selected in object 'Object Repository/ADMIN/Categories/Category/dropdown_Parent' 

2020-03-19 14:21:14 - [TEST_STEP][PASSED] - click(findTestObject("ADMIN/Categories/Category/button_Browse")): Object: 'Object Repository/ADMIN/Categories/Category/button_Browse' is clicked on

2020-03-19 14:21:14 - [MESSAGE][PASSED] - Object: 'Object Repository/ADMIN/Categories/Category/button_Browse' is clicked on

2020-03-19 14:21:14 - [TEST_STEP][PASSED] - delay(2): Delayed 2 second(s)

2020-03-19 14:21:16 - [MESSAGE][PASSED] - Delayed 2 second(s)

2020-03-19 14:21:16 - [TEST_STEP][PASSED] - uploadFile(findTestObject("ADMIN/Categories/Category/image_input image"), CategoryImageUpload): File 'C:\\Katalon\\Arctick\\Images\\Category\\4.png' sent to object: 'Object Repository/ADMIN/Categories/Category/image_input image'

2020-03-19 14:21:16 - [MESSAGE][PASSED] - File 'C:\\Katalon\\Arctick\\Images\\Category\\4.png' sent to object: 'Object Repository/ADMIN/Categories/Category/image_input image'

2020-03-19 14:21:16 - [TEST_STEP][PASSED] - waitForElementVisible(findTestObject("ADMIN/Categories/Category/button_upload check"), 0): Object 'Object Repository/ADMIN/Categories/Category/button_upload check' is visible

2020-03-19 14:21:16 - [MESSAGE][WARNING] - Timeout '0' is invalid. Using default page load timeout: '30'

2020-03-19 14:21:16 - [MESSAGE][PASSED] - Object 'Object Repository/ADMIN/Categories/Category/button_upload check' is visible

2020-03-19 14:21:16 - [TEST_STEP][PASSED] - click(findTestObject("ADMIN/Categories/Category/button_upload check")): Object: 'Object Repository/ADMIN/Categories/Category/button_upload check' is clicked on

2020-03-19 14:21:16 - [MESSAGE][PASSED] - Object: 'Object Repository/ADMIN/Categories/Category/button_upload check' is clicked on

2020-03-19 14:21:16 - [TEST_STEP][PASSED] - waitForElementVisible(findTestObject("ADMIN/Categories/Category/button_upload save"), 0): Object 'Object Repository/ADMIN/Categories/Category/button_upload save' is visible

2020-03-19 14:21:16 - [MESSAGE][WARNING] - Timeout '0' is invalid. Using default page load timeout: '30'

2020-03-19 14:21:17 - [MESSAGE][PASSED] - Object 'Object Repository/ADMIN/Categories/Category/button_upload save' is visible

2020-03-19 14:21:17 - [TEST_STEP][PASSED] - click(findTestObject("ADMIN/Categories/Category/button_upload save")): Object: 'Object Repository/ADMIN/Categories/Category/button_upload save' is clicked on

2020-03-19 14:21:17 - [MESSAGE][PASSED] - Object: 'Object Repository/ADMIN/Categories/Category/button_upload save' is clicked on

2020-03-19 14:21:17 - [TEST_STEP][PASSED] - setText(findTestObject("ADMIN/Categories/Category/textfield_category_description"), Description): Text 'Description17' is set on object 'Object Repository/ADMIN/Categories/Category/textfield_category_description'

2020-03-19 14:21:17 - [MESSAGE][PASSED] - Text 'Description17' is set on object 'Object Repository/ADMIN/Categories/Category/textfield_category_description'

2020-03-19 14:21:17 - [TEST_STEP][PASSED] - click(findTestObject("ADMIN/Categories/Category/button_Save")): Object: 'Object Repository/ADMIN/Categories/Category/button_Save' is clicked on

2020-03-19 14:21:17 - [MESSAGE][PASSED] - Object: 'Object Repository/ADMIN/Categories/Category/button_Save' is clicked on

2020-03-19 14:21:17 - [TEST_STEP][PASSED] - waitForElementVisible(findTestObject("ADMIN/Categories/Category/label_edit popup"), 0): Object 'Object Repository/ADMIN/Categories/Category/label_edit popup' is visible

2020-03-19 14:21:17 - [MESSAGE][WARNING] - Timeout '0' is invalid. Using default page load timeout: '30'

2020-03-19 14:21:18 - [MESSAGE][PASSED] - Object 'Object Repository/ADMIN/Categories/Category/label_edit popup' is visible

2020-03-19 14:21:18 - [TEST_STEP][PASSED] - waitForElementNotPresent(findTestObject("ADMIN/Categories/Category/label_edit popup"), 0): Web element with id: 'Object Repository/ADMIN/Categories/Category/label_edit popup' located by 'By.xpath: //div[(text() = 'Category was successfully saved.' or . = 'Category was successfully saved.')]' is not present after '30' second(s)

2020-03-19 14:21:18 - [MESSAGE][WARNING] - Timeout '0' is invalid. Using default page load timeout: '30'

2020-03-19 14:21:24 - [MESSAGE][PASSED] - Web element with id: 'Object Repository/ADMIN/Categories/Category/label_edit popup' located by 'By.xpath: //div[(text() = 'Category was successfully saved.' or . = 'Category was successfully saved.')]' is not present after '30' second(s)]]></system-out>
         <system-err><![CDATA[]]></system-err>
      </testcase>
      <testcase name="Test Cases/ADMIN/Content Mgmt/Categories/Category Add-Edit/Add Category" time="15.753" classname="Test Cases/ADMIN/Content Mgmt/Categories/Category Add-Edit/Add Category" status="PASSED">
         <system-out><![CDATA[2020-03-19 14:21:24 - [TEST_CASE][PASSED] - Test Cases/ADMIN/Content Mgmt/Categories/Category Add-Edit/Add Category: Test Cases/ADMIN/Content Mgmt/Categories/Category Add-Edit/Add Category

2020-03-19 14:21:24 - [TEST_STEP][PASSED] - waitForElementVisible(findTestObject("ADMIN/Categories/Category List/button_Content Mgmt"), 0): Object 'Object Repository/ADMIN/Categories/Category List/button_Content Mgmt' is visible

2020-03-19 14:21:24 - [MESSAGE][WARNING] - Timeout '0' is invalid. Using default page load timeout: '30'

2020-03-19 14:21:24 - [MESSAGE][PASSED] - Object 'Object Repository/ADMIN/Categories/Category List/button_Content Mgmt' is visible

2020-03-19 14:21:24 - [TEST_STEP][PASSED] - click(findTestObject("ADMIN/Categories/Category List/button_Content Mgmt")): Object: 'Object Repository/ADMIN/Categories/Category List/button_Content Mgmt' is clicked on

2020-03-19 14:21:24 - [MESSAGE][PASSED] - Object: 'Object Repository/ADMIN/Categories/Category List/button_Content Mgmt' is clicked on

2020-03-19 14:21:24 - [TEST_STEP][PASSED] - waitForElementVisible(findTestObject("ADMIN/Categories/Category List/button_Categories"), 0): Object 'Object Repository/ADMIN/Categories/Category List/button_Categories' is visible

2020-03-19 14:21:24 - [MESSAGE][WARNING] - Timeout '0' is invalid. Using default page load timeout: '30'

2020-03-19 14:21:25 - [MESSAGE][PASSED] - Object 'Object Repository/ADMIN/Categories/Category List/button_Categories' is visible

2020-03-19 14:21:25 - [TEST_STEP][PASSED] - click(findTestObject("ADMIN/Categories/Category List/button_Categories")): Object: 'Object Repository/ADMIN/Categories/Category List/button_Categories' is clicked on

2020-03-19 14:21:26 - [MESSAGE][PASSED] - Object: 'Object Repository/ADMIN/Categories/Category List/button_Categories' is clicked on

2020-03-19 14:21:26 - [TEST_STEP][PASSED] - waitForPageLoad(0, STOP_ON_FAILURE): Wait for page load successfully

2020-03-19 14:21:26 - [MESSAGE][WARNING] - Timeout '0' is invalid. Using default page load timeout: '30'

2020-03-19 14:21:26 - [MESSAGE][PASSED] - Wait for page load successfully

2020-03-19 14:21:26 - [TEST_STEP][PASSED] - click(findTestObject("ADMIN/Categories/Category List/button_Add a Category")): Object: 'Object Repository/ADMIN/Categories/Category List/button_Add a Category' is clicked on

2020-03-19 14:21:26 - [MESSAGE][PASSED] - Object: 'Object Repository/ADMIN/Categories/Category List/button_Add a Category' is clicked on

2020-03-19 14:21:26 - [TEST_STEP][PASSED] - waitForElementPresent(findTestObject("ADMIN/Categories/Category/dropdown_Parent"), 2): Object 'Object Repository/ADMIN/Categories/Category/dropdown_Parent' is present

2020-03-19 14:21:26 - [MESSAGE][PASSED] - Object 'Object Repository/ADMIN/Categories/Category/dropdown_Parent' is present

2020-03-19 14:21:26 - [TEST_STEP][PASSED] - delay(1): Delayed 1 second(s)

2020-03-19 14:21:27 - [MESSAGE][PASSED] - Delayed 1 second(s)

2020-03-19 14:21:27 - [TEST_STEP][PASSED] - setText(findTestObject("ADMIN/Categories/Category/textfield_Category Name"), CategoryNametext): Text 'Category 4.8' is set on object 'Object Repository/ADMIN/Categories/Category/textfield_Category Name'

2020-03-19 14:21:27 - [MESSAGE][PASSED] - Text 'Category 4.8' is set on object 'Object Repository/ADMIN/Categories/Category/textfield_Category Name'

2020-03-19 14:21:27 - [TEST_STEP][PASSED] - click(findTestObject("ADMIN/Categories/Category/dropdown_Parent")): Object: 'Object Repository/ADMIN/Categories/Category/dropdown_Parent' is clicked on

2020-03-19 14:21:28 - [MESSAGE][PASSED] - Object: 'Object Repository/ADMIN/Categories/Category/dropdown_Parent' is clicked on

2020-03-19 14:21:28 - [TEST_STEP][PASSED] - delay(2): Delayed 2 second(s)

2020-03-19 14:21:30 - [MESSAGE][PASSED] - Delayed 2 second(s)

2020-03-19 14:21:30 - [TEST_STEP][PASSED] - click(findTestObject("ADMIN/Categories/Category/dropdown_Parent")): Object: 'Object Repository/ADMIN/Categories/Category/dropdown_Parent' is clicked on

2020-03-19 14:21:30 - [MESSAGE][PASSED] - Object: 'Object Repository/ADMIN/Categories/Category/dropdown_Parent' is clicked on

2020-03-19 14:21:30 - [TEST_STEP][PASSED] - selectOptionByLabel(findTestObject("ADMIN/Categories/Category/dropdown_Parent"), ParentName, false): All options with label 'Category 04' are selected in object 'Object Repository/ADMIN/Categories/Category/dropdown_Parent' 

2020-03-19 14:21:30 - [MESSAGE][PASSED] - All options with label 'Category 04' are selected in object 'Object Repository/ADMIN/Categories/Category/dropdown_Parent' 

2020-03-19 14:21:30 - [TEST_STEP][PASSED] - click(findTestObject("ADMIN/Categories/Category/button_Browse")): Object: 'Object Repository/ADMIN/Categories/Category/button_Browse' is clicked on

2020-03-19 14:21:30 - [MESSAGE][PASSED] - Object: 'Object Repository/ADMIN/Categories/Category/button_Browse' is clicked on

2020-03-19 14:21:30 - [TEST_STEP][PASSED] - delay(2): Delayed 2 second(s)

2020-03-19 14:21:32 - [MESSAGE][PASSED] - Delayed 2 second(s)

2020-03-19 14:21:32 - [TEST_STEP][PASSED] - uploadFile(findTestObject("ADMIN/Categories/Category/image_input image"), CategoryImageUpload): File 'C:\\Katalon\\Arctick\\Images\\Category\\4.png' sent to object: 'Object Repository/ADMIN/Categories/Category/image_input image'

2020-03-19 14:21:32 - [MESSAGE][PASSED] - File 'C:\\Katalon\\Arctick\\Images\\Category\\4.png' sent to object: 'Object Repository/ADMIN/Categories/Category/image_input image'

2020-03-19 14:21:32 - [TEST_STEP][PASSED] - waitForElementVisible(findTestObject("ADMIN/Categories/Category/button_upload check"), 0): Object 'Object Repository/ADMIN/Categories/Category/button_upload check' is visible

2020-03-19 14:21:32 - [MESSAGE][WARNING] - Timeout '0' is invalid. Using default page load timeout: '30'

2020-03-19 14:21:32 - [MESSAGE][PASSED] - Object 'Object Repository/ADMIN/Categories/Category/button_upload check' is visible

2020-03-19 14:21:32 - [TEST_STEP][PASSED] - click(findTestObject("ADMIN/Categories/Category/button_upload check")): Object: 'Object Repository/ADMIN/Categories/Category/button_upload check' is clicked on

2020-03-19 14:21:32 - [MESSAGE][PASSED] - Object: 'Object Repository/ADMIN/Categories/Category/button_upload check' is clicked on

2020-03-19 14:21:32 - [TEST_STEP][PASSED] - waitForElementVisible(findTestObject("ADMIN/Categories/Category/button_upload save"), 0): Object 'Object Repository/ADMIN/Categories/Category/button_upload save' is visible

2020-03-19 14:21:32 - [MESSAGE][WARNING] - Timeout '0' is invalid. Using default page load timeout: '30'

2020-03-19 14:21:32 - [MESSAGE][PASSED] - Object 'Object Repository/ADMIN/Categories/Category/button_upload save' is visible

2020-03-19 14:21:32 - [TEST_STEP][PASSED] - click(findTestObject("ADMIN/Categories/Category/button_upload save")): Object: 'Object Repository/ADMIN/Categories/Category/button_upload save' is clicked on

2020-03-19 14:21:33 - [MESSAGE][PASSED] - Object: 'Object Repository/ADMIN/Categories/Category/button_upload save' is clicked on

2020-03-19 14:21:33 - [TEST_STEP][PASSED] - setText(findTestObject("ADMIN/Categories/Category/textfield_category_description"), Description): Text 'Description18' is set on object 'Object Repository/ADMIN/Categories/Category/textfield_category_description'

2020-03-19 14:21:33 - [MESSAGE][PASSED] - Text 'Description18' is set on object 'Object Repository/ADMIN/Categories/Category/textfield_category_description'

2020-03-19 14:21:33 - [TEST_STEP][PASSED] - click(findTestObject("ADMIN/Categories/Category/button_Save")): Object: 'Object Repository/ADMIN/Categories/Category/button_Save' is clicked on

2020-03-19 14:21:33 - [MESSAGE][PASSED] - Object: 'Object Repository/ADMIN/Categories/Category/button_Save' is clicked on

2020-03-19 14:21:33 - [TEST_STEP][PASSED] - waitForElementVisible(findTestObject("ADMIN/Categories/Category/label_edit popup"), 0): Object 'Object Repository/ADMIN/Categories/Category/label_edit popup' is visible

2020-03-19 14:21:33 - [MESSAGE][WARNING] - Timeout '0' is invalid. Using default page load timeout: '30'

2020-03-19 14:21:34 - [MESSAGE][PASSED] - Object 'Object Repository/ADMIN/Categories/Category/label_edit popup' is visible

2020-03-19 14:21:34 - [TEST_STEP][PASSED] - waitForElementNotPresent(findTestObject("ADMIN/Categories/Category/label_edit popup"), 0): Web element with id: 'Object Repository/ADMIN/Categories/Category/label_edit popup' located by 'By.xpath: //div[(text() = 'Category was successfully saved.' or . = 'Category was successfully saved.')]' is not present after '30' second(s)

2020-03-19 14:21:34 - [MESSAGE][WARNING] - Timeout '0' is invalid. Using default page load timeout: '30'

2020-03-19 14:21:40 - [MESSAGE][PASSED] - Web element with id: 'Object Repository/ADMIN/Categories/Category/label_edit popup' located by 'By.xpath: //div[(text() = 'Category was successfully saved.' or . = 'Category was successfully saved.')]' is not present after '30' second(s)]]></system-out>
         <system-err><![CDATA[]]></system-err>
      </testcase>
      <testcase name="Test Cases/ADMIN/Content Mgmt/Categories/Category Add-Edit/Add Category" time="15.097" classname="Test Cases/ADMIN/Content Mgmt/Categories/Category Add-Edit/Add Category" status="FAILED">
         <failure type="FAILED" message="Test Cases/ADMIN/Content Mgmt/Categories/Category Add-Edit/Add Category FAILED.
Reason:
com.kms.katalon.core.exception.StepFailedException: Unable to click on object 'Object Repository/ADMIN/Categories/Category List/button_Categories' (Root cause: com.kms.katalon.core.exception.StepFailedException: Unable to click on object 'Object Repository/ADMIN/Categories/Category List/button_Categories'
	at com.kms.katalon.core.webui.keyword.internal.WebUIKeywordMain.stepFailed(WebUIKeywordMain.groovy:64)
	at com.kms.katalon.core.webui.keyword.internal.WebUIKeywordMain.runKeyword(WebUIKeywordMain.groovy:26)
	at com.kms.katalon.core.webui.keyword.builtin.ClickKeyword.click(ClickKeyword.groovy:76)
	at com.kms.katalon.core.webui.keyword.builtin.ClickKeyword.execute(ClickKeyword.groovy:43)
	at com.kms.katalon.core.keyword.internal.KeywordExecutor.executeKeywordForPlatform(KeywordExecutor.groovy:72)
	at com.kms.katalon.core.webui.keyword.WebUiBuiltInKeywords.click(WebUiBuiltInKeywords.groovy:616)
	at com.kms.katalon.core.webui.keyword.WebUiBuiltInKeywords$click$0.call(Unknown Source)
	at Add Category.run(Add Category:28)
	at com.kms.katalon.core.main.ScriptEngine.run(ScriptEngine.java:194)
	at com.kms.katalon.core.main.ScriptEngine.runScriptAsRawText(ScriptEngine.java:119)
	at com.kms.katalon.core.main.TestCaseExecutor.runScript(TestCaseExecutor.java:337)
	at com.kms.katalon.core.main.TestCaseExecutor.doExecute(TestCaseExecutor.java:328)
	at com.kms.katalon.core.main.TestCaseExecutor.processExecutionPhase(TestCaseExecutor.java:307)
	at com.kms.katalon.core.main.TestCaseExecutor.accessMainPhase(TestCaseExecutor.java:299)
	at com.kms.katalon.core.main.TestCaseExecutor.execute(TestCaseExecutor.java:233)
	at com.kms.katalon.core.main.TestSuiteExecutor.accessTestCaseMainPhase(TestSuiteExecutor.java:169)
	at com.kms.katalon.core.main.TestSuiteExecutor.accessTestSuiteMainPhase(TestSuiteExecutor.java:142)
	at com.kms.katalon.core.main.TestSuiteExecutor.execute(TestSuiteExecutor.java:91)
	at com.kms.katalon.core.main.TestCaseMain.startTestSuite(TestCaseMain.java:157)
	at com.kms.katalon.core.main.TestCaseMain$startTestSuite$0.call(Unknown Source)
	at TempTestSuite1584598607274.run(TempTestSuite1584598607274.groovy:36)
Caused by: org.openqa.selenium.ElementNotInteractableException: element not interactable
  (Session info: chrome=80.0.3987.132)
Build info: version: '3.141.59', revision: 'e82be7d358', time: '2018-11-14T08:25:53'
System info: host: 'ARCADIER-03', ip: '192.168.254.105', os.name: 'Windows 7', os.arch: 'amd64', os.version: '6.1', java.version: '1.8.0_181'
Driver info: com.kms.katalon.core.webui.driver.ExistingRemoteWebDriver
Capabilities {javascriptEnabled: true, platform: ANY, platformName: ANY}
Session ID: 66da7635ded2d355388026ca8e7d8eff
	at org.openqa.selenium.remote.http.W3CHttpResponseCodec.createException(W3CHttpResponseCodec.java:187)
	at org.openqa.selenium.remote.http.W3CHttpResponseCodec.decode(W3CHttpResponseCodec.java:122)
	at org.openqa.selenium.remote.http.W3CHttpResponseCodec.decode(W3CHttpResponseCodec.java:49)
	at org.openqa.selenium.remote.HttpCommandExecutor.execute(HttpCommandExecutor.java:158)
	at org.openqa.selenium.remote.RemoteWebDriver.execute(RemoteWebDriver.java:552)
	at com.kms.katalon.core.webui.driver.ExistingRemoteWebDriver.execute(ExistingRemoteWebDriver.java:108)
	at org.openqa.selenium.remote.RemoteWebElement.execute(RemoteWebElement.java:285)
	at org.openqa.selenium.remote.RemoteWebElement.click(RemoteWebElement.java:84)
	at org.openqa.selenium.support.events.EventFiringWebDriver$EventFiringWebElement.lambda$new$0(EventFiringWebDriver.java:404)
	at com.sun.proxy.$Proxy9.click(Unknown Source)
	at org.openqa.selenium.support.events.EventFiringWebDriver$EventFiringWebElement.click(EventFiringWebDriver.java:417)
	at com.kms.katalon.core.webui.keyword.builtin.ClickKeyword$_click_closure1.doCall(ClickKeyword.groovy:69)
	at com.kms.katalon.core.webui.keyword.builtin.ClickKeyword$_click_closure1.call(ClickKeyword.groovy)
	at com.kms.katalon.core.webui.keyword.internal.WebUIKeywordMain.runKeyword(WebUIKeywordMain.groovy:20)
	at com.kms.katalon.core.webui.keyword.builtin.ClickKeyword.click(ClickKeyword.groovy:76)
	at com.kms.katalon.core.webui.keyword.builtin.ClickKeyword.execute(ClickKeyword.groovy:43)
	at com.kms.katalon.core.keyword.internal.KeywordExecutor.executeKeywordForPlatform(KeywordExecutor.groovy:72)
	at com.kms.katalon.core.webui.keyword.WebUiBuiltInKeywords.click(WebUiBuiltInKeywords.groovy:616)
	at com.kms.katalon.core.webui.keyword.WebUiBuiltInKeywords$click$0.call(Unknown Source)
	at Script1549506362832.run(Script1549506362832.groovy:28)
	... 13 more
)
	at com.kms.katalon.core.keyword.internal.KeywordMain.stepFailed(KeywordMain.groovy:39)
	at com.kms.katalon.core.webui.keyword.internal.WebUIKeywordMain.stepFailed(WebUIKeywordMain.groovy:64)
	at com.kms.katalon.core.webui.keyword.internal.WebUIKeywordMain.runKeyword(WebUIKeywordMain.groovy:26)
	at com.kms.katalon.core.webui.keyword.builtin.ClickKeyword.click(ClickKeyword.groovy:76)
	at com.kms.katalon.core.webui.keyword.builtin.ClickKeyword.execute(ClickKeyword.groovy:43)
	at com.kms.katalon.core.keyword.internal.KeywordExecutor.executeKeywordForPlatform(KeywordExecutor.groovy:72)
	at com.kms.katalon.core.webui.keyword.WebUiBuiltInKeywords.click(WebUiBuiltInKeywords.groovy:616)
	at com.kms.katalon.core.webui.keyword.WebUiBuiltInKeywords$click$0.call(Unknown Source)
	at Add Category.run(Add Category:28)
	at com.kms.katalon.core.main.ScriptEngine.run(ScriptEngine.java:194)
	at com.kms.katalon.core.main.ScriptEngine.runScriptAsRawText(ScriptEngine.java:119)
	at com.kms.katalon.core.main.TestCaseExecutor.runScript(TestCaseExecutor.java:337)
	at com.kms.katalon.core.main.TestCaseExecutor.doExecute(TestCaseExecutor.java:328)
	at com.kms.katalon.core.main.TestCaseExecutor.processExecutionPhase(TestCaseExecutor.java:307)
	at com.kms.katalon.core.main.TestCaseExecutor.accessMainPhase(TestCaseExecutor.java:299)
	at com.kms.katalon.core.main.TestCaseExecutor.execute(TestCaseExecutor.java:233)
	at com.kms.katalon.core.main.TestSuiteExecutor.accessTestCaseMainPhase(TestSuiteExecutor.java:169)
	at com.kms.katalon.core.main.TestSuiteExecutor.accessTestSuiteMainPhase(TestSuiteExecutor.java:142)
	at com.kms.katalon.core.main.TestSuiteExecutor.execute(TestSuiteExecutor.java:91)
	at com.kms.katalon.core.main.TestCaseMain.startTestSuite(TestCaseMain.java:157)
	at com.kms.katalon.core.main.TestCaseMain$startTestSuite$0.call(Unknown Source)
	at TempTestSuite1584598607274.run(TempTestSuite1584598607274.groovy:36)
Caused by: com.kms.katalon.core.exception.StepFailedException: Unable to click on object 'Object Repository/ADMIN/Categories/Category List/button_Categories'
	... 21 more
Caused by: org.openqa.selenium.ElementNotInteractableException: element not interactable
  (Session info: chrome=80.0.3987.132)
Build info: version: '3.141.59', revision: 'e82be7d358', time: '2018-11-14T08:25:53'
System info: host: 'ARCADIER-03', ip: '192.168.254.105', os.name: 'Windows 7', os.arch: 'amd64', os.version: '6.1', java.version: '1.8.0_181'
Driver info: com.kms.katalon.core.webui.driver.ExistingRemoteWebDriver
Capabilities {javascriptEnabled: true, platform: ANY, platformName: ANY}
Session ID: 66da7635ded2d355388026ca8e7d8eff
	at org.openqa.selenium.remote.http.W3CHttpResponseCodec.createException(W3CHttpResponseCodec.java:187)
	at org.openqa.selenium.remote.http.W3CHttpResponseCodec.decode(W3CHttpResponseCodec.java:122)
	at org.openqa.selenium.remote.http.W3CHttpResponseCodec.decode(W3CHttpResponseCodec.java:49)
	at org.openqa.selenium.remote.HttpCommandExecutor.execute(HttpCommandExecutor.java:158)
	at org.openqa.selenium.remote.RemoteWebDriver.execute(RemoteWebDriver.java:552)
	at com.kms.katalon.core.webui.driver.ExistingRemoteWebDriver.execute(ExistingRemoteWebDriver.java:108)
	at org.openqa.selenium.remote.RemoteWebElement.execute(RemoteWebElement.java:285)
	at org.openqa.selenium.remote.RemoteWebElement.click(RemoteWebElement.java:84)
	at org.openqa.selenium.support.events.EventFiringWebDriver$EventFiringWebElement.lambda$new$0(EventFiringWebDriver.java:404)
	at com.sun.proxy.$Proxy9.click(Unknown Source)
	at org.openqa.selenium.support.events.EventFiringWebDriver$EventFiringWebElement.click(EventFiringWebDriver.java:417)
	at com.kms.katalon.core.webui.keyword.builtin.ClickKeyword$_click_closure1.doCall(ClickKeyword.groovy:69)
	at com.kms.katalon.core.webui.keyword.builtin.ClickKeyword$_click_closure1.call(ClickKeyword.groovy)
	at com.kms.katalon.core.webui.keyword.internal.WebUIKeywordMain.runKeyword(WebUIKeywordMain.groovy:20)
	... 19 more
"/>
         <system-out><![CDATA[2020-03-19 14:21:40 - [TEST_CASE][FAILED] - Test Cases/ADMIN/Content Mgmt/Categories/Category Add-Edit/Add Category: Test Cases/ADMIN/Content Mgmt/Categories/Category Add-Edit/Add Category FAILED.
Reason:
com.kms.katalon.core.exception.StepFailedException: Unable to click on object 'Object Repository/ADMIN/Categories/Category List/button_Categories' (Root cause: com.kms.katalon.core.exception.StepFailedException: Unable to click on object 'Object Repository/ADMIN/Categories/Category List/button_Categories'
	at com.kms.katalon.core.webui.keyword.internal.WebUIKeywordMain.stepFailed(WebUIKeywordMain.groovy:64)
	at com.kms.katalon.core.webui.keyword.internal.WebUIKeywordMain.runKeyword(WebUIKeywordMain.groovy:26)
	at com.kms.katalon.core.webui.keyword.builtin.ClickKeyword.click(ClickKeyword.groovy:76)
	at com.kms.katalon.core.webui.keyword.builtin.ClickKeyword.execute(ClickKeyword.groovy:43)
	at com.kms.katalon.core.keyword.internal.KeywordExecutor.executeKeywordForPlatform(KeywordExecutor.groovy:72)
	at com.kms.katalon.core.webui.keyword.WebUiBuiltInKeywords.click(WebUiBuiltInKeywords.groovy:616)
	at com.kms.katalon.core.webui.keyword.WebUiBuiltInKeywords$click$0.call(Unknown Source)
	at Add Category.run(Add Category:28)
	at com.kms.katalon.core.main.ScriptEngine.run(ScriptEngine.java:194)
	at com.kms.katalon.core.main.ScriptEngine.runScriptAsRawText(ScriptEngine.java:119)
	at com.kms.katalon.core.main.TestCaseExecutor.runScript(TestCaseExecutor.java:337)
	at com.kms.katalon.core.main.TestCaseExecutor.doExecute(TestCaseExecutor.java:328)
	at com.kms.katalon.core.main.TestCaseExecutor.processExecutionPhase(TestCaseExecutor.java:307)
	at com.kms.katalon.core.main.TestCaseExecutor.accessMainPhase(TestCaseExecutor.java:299)
	at com.kms.katalon.core.main.TestCaseExecutor.execute(TestCaseExecutor.java:233)
	at com.kms.katalon.core.main.TestSuiteExecutor.accessTestCaseMainPhase(TestSuiteExecutor.java:169)
	at com.kms.katalon.core.main.TestSuiteExecutor.accessTestSuiteMainPhase(TestSuiteExecutor.java:142)
	at com.kms.katalon.core.main.TestSuiteExecutor.execute(TestSuiteExecutor.java:91)
	at com.kms.katalon.core.main.TestCaseMain.startTestSuite(TestCaseMain.java:157)
	at com.kms.katalon.core.main.TestCaseMain$startTestSuite$0.call(Unknown Source)
	at TempTestSuite1584598607274.run(TempTestSuite1584598607274.groovy:36)
Caused by: org.openqa.selenium.ElementNotInteractableException: element not interactable
  (Session info: chrome=80.0.3987.132)
Build info: version: '3.141.59', revision: 'e82be7d358', time: '2018-11-14T08:25:53'
System info: host: 'ARCADIER-03', ip: '192.168.254.105', os.name: 'Windows 7', os.arch: 'amd64', os.version: '6.1', java.version: '1.8.0_181'
Driver info: com.kms.katalon.core.webui.driver.ExistingRemoteWebDriver
Capabilities {javascriptEnabled: true, platform: ANY, platformName: ANY}
Session ID: 66da7635ded2d355388026ca8e7d8eff
	at org.openqa.selenium.remote.http.W3CHttpResponseCodec.createException(W3CHttpResponseCodec.java:187)
	at org.openqa.selenium.remote.http.W3CHttpResponseCodec.decode(W3CHttpResponseCodec.java:122)
	at org.openqa.selenium.remote.http.W3CHttpResponseCodec.decode(W3CHttpResponseCodec.java:49)
	at org.openqa.selenium.remote.HttpCommandExecutor.execute(HttpCommandExecutor.java:158)
	at org.openqa.selenium.remote.RemoteWebDriver.execute(RemoteWebDriver.java:552)
	at com.kms.katalon.core.webui.driver.ExistingRemoteWebDriver.execute(ExistingRemoteWebDriver.java:108)
	at org.openqa.selenium.remote.RemoteWebElement.execute(RemoteWebElement.java:285)
	at org.openqa.selenium.remote.RemoteWebElement.click(RemoteWebElement.java:84)
	at org.openqa.selenium.support.events.EventFiringWebDriver$EventFiringWebElement.lambda$new$0(EventFiringWebDriver.java:404)
	at com.sun.proxy.$Proxy9.click(Unknown Source)
	at org.openqa.selenium.support.events.EventFiringWebDriver$EventFiringWebElement.click(EventFiringWebDriver.java:417)
	at com.kms.katalon.core.webui.keyword.builtin.ClickKeyword$_click_closure1.doCall(ClickKeyword.groovy:69)
	at com.kms.katalon.core.webui.keyword.builtin.ClickKeyword$_click_closure1.call(ClickKeyword.groovy)
	at com.kms.katalon.core.webui.keyword.internal.WebUIKeywordMain.runKeyword(WebUIKeywordMain.groovy:20)
	at com.kms.katalon.core.webui.keyword.builtin.ClickKeyword.click(ClickKeyword.groovy:76)
	at com.kms.katalon.core.webui.keyword.builtin.ClickKeyword.execute(ClickKeyword.groovy:43)
	at com.kms.katalon.core.keyword.internal.KeywordExecutor.executeKeywordForPlatform(KeywordExecutor.groovy:72)
	at com.kms.katalon.core.webui.keyword.WebUiBuiltInKeywords.click(WebUiBuiltInKeywords.groovy:616)
	at com.kms.katalon.core.webui.keyword.WebUiBuiltInKeywords$click$0.call(Unknown Source)
	at Script1549506362832.run(Script1549506362832.groovy:28)
	... 13 more
)
	at com.kms.katalon.core.keyword.internal.KeywordMain.stepFailed(KeywordMain.groovy:39)
	at com.kms.katalon.core.webui.keyword.internal.WebUIKeywordMain.stepFailed(WebUIKeywordMain.groovy:64)
	at com.kms.katalon.core.webui.keyword.internal.WebUIKeywordMain.runKeyword(WebUIKeywordMain.groovy:26)
	at com.kms.katalon.core.webui.keyword.builtin.ClickKeyword.click(ClickKeyword.groovy:76)
	at com.kms.katalon.core.webui.keyword.builtin.ClickKeyword.execute(ClickKeyword.groovy:43)
	at com.kms.katalon.core.keyword.internal.KeywordExecutor.executeKeywordForPlatform(KeywordExecutor.groovy:72)
	at com.kms.katalon.core.webui.keyword.WebUiBuiltInKeywords.click(WebUiBuiltInKeywords.groovy:616)
	at com.kms.katalon.core.webui.keyword.WebUiBuiltInKeywords$click$0.call(Unknown Source)
	at Add Category.run(Add Category:28)
	at com.kms.katalon.core.main.ScriptEngine.run(ScriptEngine.java:194)
	at com.kms.katalon.core.main.ScriptEngine.runScriptAsRawText(ScriptEngine.java:119)
	at com.kms.katalon.core.main.TestCaseExecutor.runScript(TestCaseExecutor.java:337)
	at com.kms.katalon.core.main.TestCaseExecutor.doExecute(TestCaseExecutor.java:328)
	at com.kms.katalon.core.main.TestCaseExecutor.processExecutionPhase(TestCaseExecutor.java:307)
	at com.kms.katalon.core.main.TestCaseExecutor.accessMainPhase(TestCaseExecutor.java:299)
	at com.kms.katalon.core.main.TestCaseExecutor.execute(TestCaseExecutor.java:233)
	at com.kms.katalon.core.main.TestSuiteExecutor.accessTestCaseMainPhase(TestSuiteExecutor.java:169)
	at com.kms.katalon.core.main.TestSuiteExecutor.accessTestSuiteMainPhase(TestSuiteExecutor.java:142)
	at com.kms.katalon.core.main.TestSuiteExecutor.execute(TestSuiteExecutor.java:91)
	at com.kms.katalon.core.main.TestCaseMain.startTestSuite(TestCaseMain.java:157)
	at com.kms.katalon.core.main.TestCaseMain$startTestSuite$0.call(Unknown Source)
	at TempTestSuite1584598607274.run(TempTestSuite1584598607274.groovy:36)
Caused by: com.kms.katalon.core.exception.StepFailedException: Unable to click on object 'Object Repository/ADMIN/Categories/Category List/button_Categories'
	... 21 more
Caused by: org.openqa.selenium.ElementNotInteractableException: element not interactable
  (Session info: chrome=80.0.3987.132)
Build info: version: '3.141.59', revision: 'e82be7d358', time: '2018-11-14T08:25:53'
System info: host: 'ARCADIER-03', ip: '192.168.254.105', os.name: 'Windows 7', os.arch: 'amd64', os.version: '6.1', java.version: '1.8.0_181'
Driver info: com.kms.katalon.core.webui.driver.ExistingRemoteWebDriver
Capabilities {javascriptEnabled: true, platform: ANY, platformName: ANY}
Session ID: 66da7635ded2d355388026ca8e7d8eff
	at org.openqa.selenium.remote.http.W3CHttpResponseCodec.createException(W3CHttpResponseCodec.java:187)
	at org.openqa.selenium.remote.http.W3CHttpResponseCodec.decode(W3CHttpResponseCodec.java:122)
	at org.openqa.selenium.remote.http.W3CHttpResponseCodec.decode(W3CHttpResponseCodec.java:49)
	at org.openqa.selenium.remote.HttpCommandExecutor.execute(HttpCommandExecutor.java:158)
	at org.openqa.selenium.remote.RemoteWebDriver.execute(RemoteWebDriver.java:552)
	at com.kms.katalon.core.webui.driver.ExistingRemoteWebDriver.execute(ExistingRemoteWebDriver.java:108)
	at org.openqa.selenium.remote.RemoteWebElement.execute(RemoteWebElement.java:285)
	at org.openqa.selenium.remote.RemoteWebElement.click(RemoteWebElement.java:84)
	at org.openqa.selenium.support.events.EventFiringWebDriver$EventFiringWebElement.lambda$new$0(EventFiringWebDriver.java:404)
	at com.sun.proxy.$Proxy9.click(Unknown Source)
	at org.openqa.selenium.support.events.EventFiringWebDriver$EventFiringWebElement.click(EventFiringWebDriver.java:417)
	at com.kms.katalon.core.webui.keyword.builtin.ClickKeyword$_click_closure1.doCall(ClickKeyword.groovy:69)
	at com.kms.katalon.core.webui.keyword.builtin.ClickKeyword$_click_closure1.call(ClickKeyword.groovy)
	at com.kms.katalon.core.webui.keyword.internal.WebUIKeywordMain.runKeyword(WebUIKeywordMain.groovy:20)
	... 19 more


2020-03-19 14:21:40 - [TEST_STEP][PASSED] - waitForElementVisible(findTestObject("ADMIN/Categories/Category List/button_Content Mgmt"), 0): Object 'Object Repository/ADMIN/Categories/Category List/button_Content Mgmt' is visible

2020-03-19 14:21:40 - [MESSAGE][WARNING] - Timeout '0' is invalid. Using default page load timeout: '30'

2020-03-19 14:21:40 - [MESSAGE][PASSED] - Object 'Object Repository/ADMIN/Categories/Category List/button_Content Mgmt' is visible

2020-03-19 14:21:40 - [TEST_STEP][PASSED] - click(findTestObject("ADMIN/Categories/Category List/button_Content Mgmt")): Object: 'Object Repository/ADMIN/Categories/Category List/button_Content Mgmt' is clicked on

2020-03-19 14:21:40 - [MESSAGE][PASSED] - Object: 'Object Repository/ADMIN/Categories/Category List/button_Content Mgmt' is clicked on

2020-03-19 14:21:40 - [TEST_STEP][PASSED] - waitForElementVisible(findTestObject("ADMIN/Categories/Category List/button_Categories"), 0): Object 'Object Repository/ADMIN/Categories/Category List/button_Categories' is visible

2020-03-19 14:21:40 - [MESSAGE][WARNING] - Timeout '0' is invalid. Using default page load timeout: '30'

2020-03-19 14:21:40 - [MESSAGE][PASSED] - Object 'Object Repository/ADMIN/Categories/Category List/button_Categories' is visible

2020-03-19 14:21:40 - [TEST_STEP][FAILED] - click(findTestObject("ADMIN/Categories/Category List/button_Categories")): Unable to click on object 'Object Repository/ADMIN/Categories/Category List/button_Categories' (Root cause: com.kms.katalon.core.exception.StepFailedException: Unable to click on object 'Object Repository/ADMIN/Categories/Category List/button_Categories'
	at com.kms.katalon.core.webui.keyword.internal.WebUIKeywordMain.stepFailed(WebUIKeywordMain.groovy:64)
	at com.kms.katalon.core.webui.keyword.internal.WebUIKeywordMain.runKeyword(WebUIKeywordMain.groovy:26)
	at com.kms.katalon.core.webui.keyword.builtin.ClickKeyword.click(ClickKeyword.groovy:76)
	at com.kms.katalon.core.webui.keyword.builtin.ClickKeyword.execute(ClickKeyword.groovy:43)
	at com.kms.katalon.core.keyword.internal.KeywordExecutor.executeKeywordForPlatform(KeywordExecutor.groovy:72)
	at com.kms.katalon.core.webui.keyword.WebUiBuiltInKeywords.click(WebUiBuiltInKeywords.groovy:616)
	at com.kms.katalon.core.webui.keyword.WebUiBuiltInKeywords$click$0.call(Unknown Source)
	at Add Category.run(Add Category:28)
	at com.kms.katalon.core.main.ScriptEngine.run(ScriptEngine.java:194)
	at com.kms.katalon.core.main.ScriptEngine.runScriptAsRawText(ScriptEngine.java:119)
	at com.kms.katalon.core.main.TestCaseExecutor.runScript(TestCaseExecutor.java:337)
	at com.kms.katalon.core.main.TestCaseExecutor.doExecute(TestCaseExecutor.java:328)
	at com.kms.katalon.core.main.TestCaseExecutor.processExecutionPhase(TestCaseExecutor.java:307)
	at com.kms.katalon.core.main.TestCaseExecutor.accessMainPhase(TestCaseExecutor.java:299)
	at com.kms.katalon.core.main.TestCaseExecutor.execute(TestCaseExecutor.java:233)
	at com.kms.katalon.core.main.TestSuiteExecutor.accessTestCaseMainPhase(TestSuiteExecutor.java:169)
	at com.kms.katalon.core.main.TestSuiteExecutor.accessTestSuiteMainPhase(TestSuiteExecutor.java:142)
	at com.kms.katalon.core.main.TestSuiteExecutor.execute(TestSuiteExecutor.java:91)
	at com.kms.katalon.core.main.TestCaseMain.startTestSuite(TestCaseMain.java:157)
	at com.kms.katalon.core.main.TestCaseMain$startTestSuite$0.call(Unknown Source)
	at TempTestSuite1584598607274.run(TempTestSuite1584598607274.groovy:36)
Caused by: org.openqa.selenium.ElementNotInteractableException: element not interactable
  (Session info: chrome=80.0.3987.132)
Build info: version: '3.141.59', revision: 'e82be7d358', time: '2018-11-14T08:25:53'
System info: host: 'ARCADIER-03', ip: '192.168.254.105', os.name: 'Windows 7', os.arch: 'amd64', os.version: '6.1', java.version: '1.8.0_181'
Driver info: com.kms.katalon.core.webui.driver.ExistingRemoteWebDriver
Capabilities {javascriptEnabled: true, platform: ANY, platformName: ANY}
Session ID: 66da7635ded2d355388026ca8e7d8eff
	at org.openqa.selenium.remote.http.W3CHttpResponseCodec.createException(W3CHttpResponseCodec.java:187)
	at org.openqa.selenium.remote.http.W3CHttpResponseCodec.decode(W3CHttpResponseCodec.java:122)
	at org.openqa.selenium.remote.http.W3CHttpResponseCodec.decode(W3CHttpResponseCodec.java:49)
	at org.openqa.selenium.remote.HttpCommandExecutor.execute(HttpCommandExecutor.java:158)
	at org.openqa.selenium.remote.RemoteWebDriver.execute(RemoteWebDriver.java:552)
	at com.kms.katalon.core.webui.driver.ExistingRemoteWebDriver.execute(ExistingRemoteWebDriver.java:108)
	at org.openqa.selenium.remote.RemoteWebElement.execute(RemoteWebElement.java:285)
	at org.openqa.selenium.remote.RemoteWebElement.click(RemoteWebElement.java:84)
	at org.openqa.selenium.support.events.EventFiringWebDriver$EventFiringWebElement.lambda$new$0(EventFiringWebDriver.java:404)
	at com.sun.proxy.$Proxy9.click(Unknown Source)
	at org.openqa.selenium.support.events.EventFiringWebDriver$EventFiringWebElement.click(EventFiringWebDriver.java:417)
	at com.kms.katalon.core.webui.keyword.builtin.ClickKeyword$_click_closure1.doCall(ClickKeyword.groovy:69)
	at com.kms.katalon.core.webui.keyword.builtin.ClickKeyword$_click_closure1.call(ClickKeyword.groovy)
	at com.kms.katalon.core.webui.keyword.internal.WebUIKeywordMain.runKeyword(WebUIKeywordMain.groovy:20)
	at com.kms.katalon.core.webui.keyword.builtin.ClickKeyword.click(ClickKeyword.groovy:76)
	at com.kms.katalon.core.webui.keyword.builtin.ClickKeyword.execute(ClickKeyword.groovy:43)
	at com.kms.katalon.core.keyword.internal.KeywordExecutor.executeKeywordForPlatform(KeywordExecutor.groovy:72)
	at com.kms.katalon.core.webui.keyword.WebUiBuiltInKeywords.click(WebUiBuiltInKeywords.groovy:616)
	at com.kms.katalon.core.webui.keyword.WebUiBuiltInKeywords$click$0.call(Unknown Source)
	at Script1549506362832.run(Script1549506362832.groovy:28)
	... 13 more
)

2020-03-19 14:21:41 - [MESSAGE][FAILED] - Unable to click on object 'Object Repository/ADMIN/Categories/Category List/button_Categories' (Root cause: com.kms.katalon.core.exception.StepFailedException: Unable to click on object 'Object Repository/ADMIN/Categories/Category List/button_Categories'
	at com.kms.katalon.core.webui.keyword.internal.WebUIKeywordMain.stepFailed(WebUIKeywordMain.groovy:64)
	at com.kms.katalon.core.webui.keyword.internal.WebUIKeywordMain.runKeyword(WebUIKeywordMain.groovy:26)
	at com.kms.katalon.core.webui.keyword.builtin.ClickKeyword.click(ClickKeyword.groovy:76)
	at com.kms.katalon.core.webui.keyword.builtin.ClickKeyword.execute(ClickKeyword.groovy:43)
	at com.kms.katalon.core.keyword.internal.KeywordExecutor.executeKeywordForPlatform(KeywordExecutor.groovy:72)
	at com.kms.katalon.core.webui.keyword.WebUiBuiltInKeywords.click(WebUiBuiltInKeywords.groovy:616)
	at com.kms.katalon.core.webui.keyword.WebUiBuiltInKeywords$click$0.call(Unknown Source)
	at Add Category.run(Add Category:28)
	at com.kms.katalon.core.main.ScriptEngine.run(ScriptEngine.java:194)
	at com.kms.katalon.core.main.ScriptEngine.runScriptAsRawText(ScriptEngine.java:119)
	at com.kms.katalon.core.main.TestCaseExecutor.runScript(TestCaseExecutor.java:337)
	at com.kms.katalon.core.main.TestCaseExecutor.doExecute(TestCaseExecutor.java:328)
	at com.kms.katalon.core.main.TestCaseExecutor.processExecutionPhase(TestCaseExecutor.java:307)
	at com.kms.katalon.core.main.TestCaseExecutor.accessMainPhase(TestCaseExecutor.java:299)
	at com.kms.katalon.core.main.TestCaseExecutor.execute(TestCaseExecutor.java:233)
	at com.kms.katalon.core.main.TestSuiteExecutor.accessTestCaseMainPhase(TestSuiteExecutor.java:169)
	at com.kms.katalon.core.main.TestSuiteExecutor.accessTestSuiteMainPhase(TestSuiteExecutor.java:142)
	at com.kms.katalon.core.main.TestSuiteExecutor.execute(TestSuiteExecutor.java:91)
	at com.kms.katalon.core.main.TestCaseMain.startTestSuite(TestCaseMain.java:157)
	at com.kms.katalon.core.main.TestCaseMain$startTestSuite$0.call(Unknown Source)
	at TempTestSuite1584598607274.run(TempTestSuite1584598607274.groovy:36)
Caused by: org.openqa.selenium.ElementNotInteractableException: element not interactable
  (Session info: chrome=80.0.3987.132)
Build info: version: '3.141.59', revision: 'e82be7d358', time: '2018-11-14T08:25:53'
System info: host: 'ARCADIER-03', ip: '192.168.254.105', os.name: 'Windows 7', os.arch: 'amd64', os.version: '6.1', java.version: '1.8.0_181'
Driver info: com.kms.katalon.core.webui.driver.ExistingRemoteWebDriver
Capabilities {javascriptEnabled: true, platform: ANY, platformName: ANY}
Session ID: 66da7635ded2d355388026ca8e7d8eff
	at org.openqa.selenium.remote.http.W3CHttpResponseCodec.createException(W3CHttpResponseCodec.java:187)
	at org.openqa.selenium.remote.http.W3CHttpResponseCodec.decode(W3CHttpResponseCodec.java:122)
	at org.openqa.selenium.remote.http.W3CHttpResponseCodec.decode(W3CHttpResponseCodec.java:49)
	at org.openqa.selenium.remote.HttpCommandExecutor.execute(HttpCommandExecutor.java:158)
	at org.openqa.selenium.remote.RemoteWebDriver.execute(RemoteWebDriver.java:552)
	at com.kms.katalon.core.webui.driver.ExistingRemoteWebDriver.execute(ExistingRemoteWebDriver.java:108)
	at org.openqa.selenium.remote.RemoteWebElement.execute(RemoteWebElement.java:285)
	at org.openqa.selenium.remote.RemoteWebElement.click(RemoteWebElement.java:84)
	at org.openqa.selenium.support.events.EventFiringWebDriver$EventFiringWebElement.lambda$new$0(EventFiringWebDriver.java:404)
	at com.sun.proxy.$Proxy9.click(Unknown Source)
	at org.openqa.selenium.support.events.EventFiringWebDriver$EventFiringWebElement.click(EventFiringWebDriver.java:417)
	at com.kms.katalon.core.webui.keyword.builtin.ClickKeyword$_click_closure1.doCall(ClickKeyword.groovy:69)
	at com.kms.katalon.core.webui.keyword.builtin.ClickKeyword$_click_closure1.call(ClickKeyword.groovy)
	at com.kms.katalon.core.webui.keyword.internal.WebUIKeywordMain.runKeyword(WebUIKeywordMain.groovy:20)
	at com.kms.katalon.core.webui.keyword.builtin.ClickKeyword.click(ClickKeyword.groovy:76)
	at com.kms.katalon.core.webui.keyword.builtin.ClickKeyword.execute(ClickKeyword.groovy:43)
	at com.kms.katalon.core.keyword.internal.KeywordExecutor.executeKeywordForPlatform(KeywordExecutor.groovy:72)
	at com.kms.katalon.core.webui.keyword.WebUiBuiltInKeywords.click(WebUiBuiltInKeywords.groovy:616)
	at com.kms.katalon.core.webui.keyword.WebUiBuiltInKeywords$click$0.call(Unknown Source)
	at Script1549506362832.run(Script1549506362832.groovy:28)
	... 13 more
)
[[ATTACHMENT|C:\\Katalon\\Arctick\\Reports\\20200319_141647\\Admin\\Admin Add Category\\20200319_141647\\1584598900738.png]]

2020-03-19 14:21:41 - [TEST_STEP][PASSED] - waitForPageLoad(0, STOP_ON_FAILURE): Wait for page load successfully

2020-03-19 14:21:41 - [MESSAGE][WARNING] - Timeout '0' is invalid. Using default page load timeout: '30'

2020-03-19 14:21:41 - [MESSAGE][PASSED] - Wait for page load successfully

2020-03-19 14:21:41 - [TEST_STEP][PASSED] - click(findTestObject("ADMIN/Categories/Category List/button_Add a Category")): Object: 'Object Repository/ADMIN/Categories/Category List/button_Add a Category' is clicked on

2020-03-19 14:21:41 - [MESSAGE][PASSED] - Object: 'Object Repository/ADMIN/Categories/Category List/button_Add a Category' is clicked on

2020-03-19 14:21:41 - [TEST_STEP][PASSED] - waitForElementPresent(findTestObject("ADMIN/Categories/Category/dropdown_Parent"), 2): Object 'Object Repository/ADMIN/Categories/Category/dropdown_Parent' is present

2020-03-19 14:21:41 - [MESSAGE][PASSED] - Object 'Object Repository/ADMIN/Categories/Category/dropdown_Parent' is present

2020-03-19 14:21:41 - [TEST_STEP][PASSED] - delay(1): Delayed 1 second(s)

2020-03-19 14:21:42 - [MESSAGE][PASSED] - Delayed 1 second(s)

2020-03-19 14:21:42 - [TEST_STEP][PASSED] - setText(findTestObject("ADMIN/Categories/Category/textfield_Category Name"), CategoryNametext): Text 'Category 4.9' is set on object 'Object Repository/ADMIN/Categories/Category/textfield_Category Name'

2020-03-19 14:21:42 - [MESSAGE][PASSED] - Text 'Category 4.9' is set on object 'Object Repository/ADMIN/Categories/Category/textfield_Category Name'

2020-03-19 14:21:42 - [TEST_STEP][PASSED] - click(findTestObject("ADMIN/Categories/Category/dropdown_Parent")): Object: 'Object Repository/ADMIN/Categories/Category/dropdown_Parent' is clicked on

2020-03-19 14:21:42 - [MESSAGE][PASSED] - Object: 'Object Repository/ADMIN/Categories/Category/dropdown_Parent' is clicked on

2020-03-19 14:21:42 - [TEST_STEP][PASSED] - delay(2): Delayed 2 second(s)

2020-03-19 14:21:44 - [MESSAGE][PASSED] - Delayed 2 second(s)

2020-03-19 14:21:44 - [TEST_STEP][PASSED] - click(findTestObject("ADMIN/Categories/Category/dropdown_Parent")): Object: 'Object Repository/ADMIN/Categories/Category/dropdown_Parent' is clicked on

2020-03-19 14:21:45 - [MESSAGE][PASSED] - Object: 'Object Repository/ADMIN/Categories/Category/dropdown_Parent' is clicked on

2020-03-19 14:21:45 - [TEST_STEP][PASSED] - selectOptionByLabel(findTestObject("ADMIN/Categories/Category/dropdown_Parent"), ParentName, false): All options with label 'Category 04' are selected in object 'Object Repository/ADMIN/Categories/Category/dropdown_Parent' 

2020-03-19 14:21:45 - [MESSAGE][PASSED] - All options with label 'Category 04' are selected in object 'Object Repository/ADMIN/Categories/Category/dropdown_Parent' 

2020-03-19 14:21:45 - [TEST_STEP][PASSED] - click(findTestObject("ADMIN/Categories/Category/button_Browse")): Object: 'Object Repository/ADMIN/Categories/Category/button_Browse' is clicked on

2020-03-19 14:21:45 - [MESSAGE][PASSED] - Object: 'Object Repository/ADMIN/Categories/Category/button_Browse' is clicked on

2020-03-19 14:21:45 - [TEST_STEP][PASSED] - delay(2): Delayed 2 second(s)

2020-03-19 14:21:47 - [MESSAGE][PASSED] - Delayed 2 second(s)

2020-03-19 14:21:47 - [TEST_STEP][PASSED] - uploadFile(findTestObject("ADMIN/Categories/Category/image_input image"), CategoryImageUpload): File 'C:\\Katalon\\Arctick\\Images\\Category\\4.png' sent to object: 'Object Repository/ADMIN/Categories/Category/image_input image'

2020-03-19 14:21:47 - [MESSAGE][PASSED] - File 'C:\\Katalon\\Arctick\\Images\\Category\\4.png' sent to object: 'Object Repository/ADMIN/Categories/Category/image_input image'

2020-03-19 14:21:47 - [TEST_STEP][PASSED] - waitForElementVisible(findTestObject("ADMIN/Categories/Category/button_upload check"), 0): Object 'Object Repository/ADMIN/Categories/Category/button_upload check' is visible

2020-03-19 14:21:47 - [MESSAGE][WARNING] - Timeout '0' is invalid. Using default page load timeout: '30'

2020-03-19 14:21:47 - [MESSAGE][PASSED] - Object 'Object Repository/ADMIN/Categories/Category/button_upload check' is visible

2020-03-19 14:21:47 - [TEST_STEP][PASSED] - click(findTestObject("ADMIN/Categories/Category/button_upload check")): Object: 'Object Repository/ADMIN/Categories/Category/button_upload check' is clicked on

2020-03-19 14:21:47 - [MESSAGE][PASSED] - Object: 'Object Repository/ADMIN/Categories/Category/button_upload check' is clicked on

2020-03-19 14:21:47 - [TEST_STEP][PASSED] - waitForElementVisible(findTestObject("ADMIN/Categories/Category/button_upload save"), 0): Object 'Object Repository/ADMIN/Categories/Category/button_upload save' is visible

2020-03-19 14:21:47 - [MESSAGE][WARNING] - Timeout '0' is invalid. Using default page load timeout: '30'

2020-03-19 14:21:47 - [MESSAGE][PASSED] - Object 'Object Repository/ADMIN/Categories/Category/button_upload save' is visible

2020-03-19 14:21:47 - [TEST_STEP][PASSED] - click(findTestObject("ADMIN/Categories/Category/button_upload save")): Object: 'Object Repository/ADMIN/Categories/Category/button_upload save' is clicked on

2020-03-19 14:21:48 - [MESSAGE][PASSED] - Object: 'Object Repository/ADMIN/Categories/Category/button_upload save' is clicked on

2020-03-19 14:21:48 - [TEST_STEP][PASSED] - setText(findTestObject("ADMIN/Categories/Category/textfield_category_description"), Description): Text 'Description19' is set on object 'Object Repository/ADMIN/Categories/Category/textfield_category_description'

2020-03-19 14:21:48 - [MESSAGE][PASSED] - Text 'Description19' is set on object 'Object Repository/ADMIN/Categories/Category/textfield_category_description'

2020-03-19 14:21:48 - [TEST_STEP][PASSED] - click(findTestObject("ADMIN/Categories/Category/button_Save")): Object: 'Object Repository/ADMIN/Categories/Category/button_Save' is clicked on

2020-03-19 14:21:48 - [MESSAGE][PASSED] - Object: 'Object Repository/ADMIN/Categories/Category/button_Save' is clicked on

2020-03-19 14:21:48 - [TEST_STEP][PASSED] - waitForElementVisible(findTestObject("ADMIN/Categories/Category/label_edit popup"), 0): Object 'Object Repository/ADMIN/Categories/Category/label_edit popup' is visible

2020-03-19 14:21:48 - [MESSAGE][WARNING] - Timeout '0' is invalid. Using default page load timeout: '30'

2020-03-19 14:21:49 - [MESSAGE][PASSED] - Object 'Object Repository/ADMIN/Categories/Category/label_edit popup' is visible

2020-03-19 14:21:49 - [TEST_STEP][PASSED] - waitForElementNotPresent(findTestObject("ADMIN/Categories/Category/label_edit popup"), 0): Web element with id: 'Object Repository/ADMIN/Categories/Category/label_edit popup' located by 'By.xpath: //div[(text() = 'Category was successfully saved.' or . = 'Category was successfully saved.')]' is not present after '30' second(s)

2020-03-19 14:21:49 - [MESSAGE][WARNING] - Timeout '0' is invalid. Using default page load timeout: '30'

2020-03-19 14:21:55 - [MESSAGE][PASSED] - Web element with id: 'Object Repository/ADMIN/Categories/Category/label_edit popup' located by 'By.xpath: //div[(text() = 'Category was successfully saved.' or . = 'Category was successfully saved.')]' is not present after '30' second(s)]]></system-out>
         <system-err><![CDATA[2020-03-19 14:21:40 - [TEST_CASE][FAILED] - Test Cases/ADMIN/Content Mgmt/Categories/Category Add-Edit/Add Category: Test Cases/ADMIN/Content Mgmt/Categories/Category Add-Edit/Add Category FAILED.
Reason:
com.kms.katalon.core.exception.StepFailedException: Unable to click on object 'Object Repository/ADMIN/Categories/Category List/button_Categories' (Root cause: com.kms.katalon.core.exception.StepFailedException: Unable to click on object 'Object Repository/ADMIN/Categories/Category List/button_Categories'
	at com.kms.katalon.core.webui.keyword.internal.WebUIKeywordMain.stepFailed(WebUIKeywordMain.groovy:64)
	at com.kms.katalon.core.webui.keyword.internal.WebUIKeywordMain.runKeyword(WebUIKeywordMain.groovy:26)
	at com.kms.katalon.core.webui.keyword.builtin.ClickKeyword.click(ClickKeyword.groovy:76)
	at com.kms.katalon.core.webui.keyword.builtin.ClickKeyword.execute(ClickKeyword.groovy:43)
	at com.kms.katalon.core.keyword.internal.KeywordExecutor.executeKeywordForPlatform(KeywordExecutor.groovy:72)
	at com.kms.katalon.core.webui.keyword.WebUiBuiltInKeywords.click(WebUiBuiltInKeywords.groovy:616)
	at com.kms.katalon.core.webui.keyword.WebUiBuiltInKeywords$click$0.call(Unknown Source)
	at Add Category.run(Add Category:28)
	at com.kms.katalon.core.main.ScriptEngine.run(ScriptEngine.java:194)
	at com.kms.katalon.core.main.ScriptEngine.runScriptAsRawText(ScriptEngine.java:119)
	at com.kms.katalon.core.main.TestCaseExecutor.runScript(TestCaseExecutor.java:337)
	at com.kms.katalon.core.main.TestCaseExecutor.doExecute(TestCaseExecutor.java:328)
	at com.kms.katalon.core.main.TestCaseExecutor.processExecutionPhase(TestCaseExecutor.java:307)
	at com.kms.katalon.core.main.TestCaseExecutor.accessMainPhase(TestCaseExecutor.java:299)
	at com.kms.katalon.core.main.TestCaseExecutor.execute(TestCaseExecutor.java:233)
	at com.kms.katalon.core.main.TestSuiteExecutor.accessTestCaseMainPhase(TestSuiteExecutor.java:169)
	at com.kms.katalon.core.main.TestSuiteExecutor.accessTestSuiteMainPhase(TestSuiteExecutor.java:142)
	at com.kms.katalon.core.main.TestSuiteExecutor.execute(TestSuiteExecutor.java:91)
	at com.kms.katalon.core.main.TestCaseMain.startTestSuite(TestCaseMain.java:157)
	at com.kms.katalon.core.main.TestCaseMain$startTestSuite$0.call(Unknown Source)
	at TempTestSuite1584598607274.run(TempTestSuite1584598607274.groovy:36)
Caused by: org.openqa.selenium.ElementNotInteractableException: element not interactable
  (Session info: chrome=80.0.3987.132)
Build info: version: '3.141.59', revision: 'e82be7d358', time: '2018-11-14T08:25:53'
System info: host: 'ARCADIER-03', ip: '192.168.254.105', os.name: 'Windows 7', os.arch: 'amd64', os.version: '6.1', java.version: '1.8.0_181'
Driver info: com.kms.katalon.core.webui.driver.ExistingRemoteWebDriver
Capabilities {javascriptEnabled: true, platform: ANY, platformName: ANY}
Session ID: 66da7635ded2d355388026ca8e7d8eff
	at org.openqa.selenium.remote.http.W3CHttpResponseCodec.createException(W3CHttpResponseCodec.java:187)
	at org.openqa.selenium.remote.http.W3CHttpResponseCodec.decode(W3CHttpResponseCodec.java:122)
	at org.openqa.selenium.remote.http.W3CHttpResponseCodec.decode(W3CHttpResponseCodec.java:49)
	at org.openqa.selenium.remote.HttpCommandExecutor.execute(HttpCommandExecutor.java:158)
	at org.openqa.selenium.remote.RemoteWebDriver.execute(RemoteWebDriver.java:552)
	at com.kms.katalon.core.webui.driver.ExistingRemoteWebDriver.execute(ExistingRemoteWebDriver.java:108)
	at org.openqa.selenium.remote.RemoteWebElement.execute(RemoteWebElement.java:285)
	at org.openqa.selenium.remote.RemoteWebElement.click(RemoteWebElement.java:84)
	at org.openqa.selenium.support.events.EventFiringWebDriver$EventFiringWebElement.lambda$new$0(EventFiringWebDriver.java:404)
	at com.sun.proxy.$Proxy9.click(Unknown Source)
	at org.openqa.selenium.support.events.EventFiringWebDriver$EventFiringWebElement.click(EventFiringWebDriver.java:417)
	at com.kms.katalon.core.webui.keyword.builtin.ClickKeyword$_click_closure1.doCall(ClickKeyword.groovy:69)
	at com.kms.katalon.core.webui.keyword.builtin.ClickKeyword$_click_closure1.call(ClickKeyword.groovy)
	at com.kms.katalon.core.webui.keyword.internal.WebUIKeywordMain.runKeyword(WebUIKeywordMain.groovy:20)
	at com.kms.katalon.core.webui.keyword.builtin.ClickKeyword.click(ClickKeyword.groovy:76)
	at com.kms.katalon.core.webui.keyword.builtin.ClickKeyword.execute(ClickKeyword.groovy:43)
	at com.kms.katalon.core.keyword.internal.KeywordExecutor.executeKeywordForPlatform(KeywordExecutor.groovy:72)
	at com.kms.katalon.core.webui.keyword.WebUiBuiltInKeywords.click(WebUiBuiltInKeywords.groovy:616)
	at com.kms.katalon.core.webui.keyword.WebUiBuiltInKeywords$click$0.call(Unknown Source)
	at Script1549506362832.run(Script1549506362832.groovy:28)
	... 13 more
)
	at com.kms.katalon.core.keyword.internal.KeywordMain.stepFailed(KeywordMain.groovy:39)
	at com.kms.katalon.core.webui.keyword.internal.WebUIKeywordMain.stepFailed(WebUIKeywordMain.groovy:64)
	at com.kms.katalon.core.webui.keyword.internal.WebUIKeywordMain.runKeyword(WebUIKeywordMain.groovy:26)
	at com.kms.katalon.core.webui.keyword.builtin.ClickKeyword.click(ClickKeyword.groovy:76)
	at com.kms.katalon.core.webui.keyword.builtin.ClickKeyword.execute(ClickKeyword.groovy:43)
	at com.kms.katalon.core.keyword.internal.KeywordExecutor.executeKeywordForPlatform(KeywordExecutor.groovy:72)
	at com.kms.katalon.core.webui.keyword.WebUiBuiltInKeywords.click(WebUiBuiltInKeywords.groovy:616)
	at com.kms.katalon.core.webui.keyword.WebUiBuiltInKeywords$click$0.call(Unknown Source)
	at Add Category.run(Add Category:28)
	at com.kms.katalon.core.main.ScriptEngine.run(ScriptEngine.java:194)
	at com.kms.katalon.core.main.ScriptEngine.runScriptAsRawText(ScriptEngine.java:119)
	at com.kms.katalon.core.main.TestCaseExecutor.runScript(TestCaseExecutor.java:337)
	at com.kms.katalon.core.main.TestCaseExecutor.doExecute(TestCaseExecutor.java:328)
	at com.kms.katalon.core.main.TestCaseExecutor.processExecutionPhase(TestCaseExecutor.java:307)
	at com.kms.katalon.core.main.TestCaseExecutor.accessMainPhase(TestCaseExecutor.java:299)
	at com.kms.katalon.core.main.TestCaseExecutor.execute(TestCaseExecutor.java:233)
	at com.kms.katalon.core.main.TestSuiteExecutor.accessTestCaseMainPhase(TestSuiteExecutor.java:169)
	at com.kms.katalon.core.main.TestSuiteExecutor.accessTestSuiteMainPhase(TestSuiteExecutor.java:142)
	at com.kms.katalon.core.main.TestSuiteExecutor.execute(TestSuiteExecutor.java:91)
	at com.kms.katalon.core.main.TestCaseMain.startTestSuite(TestCaseMain.java:157)
	at com.kms.katalon.core.main.TestCaseMain$startTestSuite$0.call(Unknown Source)
	at TempTestSuite1584598607274.run(TempTestSuite1584598607274.groovy:36)
Caused by: com.kms.katalon.core.exception.StepFailedException: Unable to click on object 'Object Repository/ADMIN/Categories/Category List/button_Categories'
	... 21 more
Caused by: org.openqa.selenium.ElementNotInteractableException: element not interactable
  (Session info: chrome=80.0.3987.132)
Build info: version: '3.141.59', revision: 'e82be7d358', time: '2018-11-14T08:25:53'
System info: host: 'ARCADIER-03', ip: '192.168.254.105', os.name: 'Windows 7', os.arch: 'amd64', os.version: '6.1', java.version: '1.8.0_181'
Driver info: com.kms.katalon.core.webui.driver.ExistingRemoteWebDriver
Capabilities {javascriptEnabled: true, platform: ANY, platformName: ANY}
Session ID: 66da7635ded2d355388026ca8e7d8eff
	at org.openqa.selenium.remote.http.W3CHttpResponseCodec.createException(W3CHttpResponseCodec.java:187)
	at org.openqa.selenium.remote.http.W3CHttpResponseCodec.decode(W3CHttpResponseCodec.java:122)
	at org.openqa.selenium.remote.http.W3CHttpResponseCodec.decode(W3CHttpResponseCodec.java:49)
	at org.openqa.selenium.remote.HttpCommandExecutor.execute(HttpCommandExecutor.java:158)
	at org.openqa.selenium.remote.RemoteWebDriver.execute(RemoteWebDriver.java:552)
	at com.kms.katalon.core.webui.driver.ExistingRemoteWebDriver.execute(ExistingRemoteWebDriver.java:108)
	at org.openqa.selenium.remote.RemoteWebElement.execute(RemoteWebElement.java:285)
	at org.openqa.selenium.remote.RemoteWebElement.click(RemoteWebElement.java:84)
	at org.openqa.selenium.support.events.EventFiringWebDriver$EventFiringWebElement.lambda$new$0(EventFiringWebDriver.java:404)
	at com.sun.proxy.$Proxy9.click(Unknown Source)
	at org.openqa.selenium.support.events.EventFiringWebDriver$EventFiringWebElement.click(EventFiringWebDriver.java:417)
	at com.kms.katalon.core.webui.keyword.builtin.ClickKeyword$_click_closure1.doCall(ClickKeyword.groovy:69)
	at com.kms.katalon.core.webui.keyword.builtin.ClickKeyword$_click_closure1.call(ClickKeyword.groovy)
	at com.kms.katalon.core.webui.keyword.internal.WebUIKeywordMain.runKeyword(WebUIKeywordMain.groovy:20)
	... 19 more]]></system-err>
      </testcase>
      <testcase name="Test Cases/ADMIN/Content Mgmt/Categories/Category Add-Edit/Add Category" time="14.589" classname="Test Cases/ADMIN/Content Mgmt/Categories/Category Add-Edit/Add Category" status="FAILED">
         <failure type="FAILED" message="Test Cases/ADMIN/Content Mgmt/Categories/Category Add-Edit/Add Category FAILED.
Reason:
com.kms.katalon.core.exception.StepFailedException: Unable to click on object 'Object Repository/ADMIN/Categories/Category List/button_Categories' (Root cause: com.kms.katalon.core.exception.StepFailedException: Unable to click on object 'Object Repository/ADMIN/Categories/Category List/button_Categories'
	at com.kms.katalon.core.webui.keyword.internal.WebUIKeywordMain.stepFailed(WebUIKeywordMain.groovy:64)
	at com.kms.katalon.core.webui.keyword.internal.WebUIKeywordMain.runKeyword(WebUIKeywordMain.groovy:26)
	at com.kms.katalon.core.webui.keyword.builtin.ClickKeyword.click(ClickKeyword.groovy:76)
	at com.kms.katalon.core.webui.keyword.builtin.ClickKeyword.execute(ClickKeyword.groovy:43)
	at com.kms.katalon.core.keyword.internal.KeywordExecutor.executeKeywordForPlatform(KeywordExecutor.groovy:72)
	at com.kms.katalon.core.webui.keyword.WebUiBuiltInKeywords.click(WebUiBuiltInKeywords.groovy:616)
	at com.kms.katalon.core.webui.keyword.WebUiBuiltInKeywords$click$0.call(Unknown Source)
	at Add Category.run(Add Category:28)
	at com.kms.katalon.core.main.ScriptEngine.run(ScriptEngine.java:194)
	at com.kms.katalon.core.main.ScriptEngine.runScriptAsRawText(ScriptEngine.java:119)
	at com.kms.katalon.core.main.TestCaseExecutor.runScript(TestCaseExecutor.java:337)
	at com.kms.katalon.core.main.TestCaseExecutor.doExecute(TestCaseExecutor.java:328)
	at com.kms.katalon.core.main.TestCaseExecutor.processExecutionPhase(TestCaseExecutor.java:307)
	at com.kms.katalon.core.main.TestCaseExecutor.accessMainPhase(TestCaseExecutor.java:299)
	at com.kms.katalon.core.main.TestCaseExecutor.execute(TestCaseExecutor.java:233)
	at com.kms.katalon.core.main.TestSuiteExecutor.accessTestCaseMainPhase(TestSuiteExecutor.java:169)
	at com.kms.katalon.core.main.TestSuiteExecutor.accessTestSuiteMainPhase(TestSuiteExecutor.java:142)
	at com.kms.katalon.core.main.TestSuiteExecutor.execute(TestSuiteExecutor.java:91)
	at com.kms.katalon.core.main.TestCaseMain.startTestSuite(TestCaseMain.java:157)
	at com.kms.katalon.core.main.TestCaseMain$startTestSuite$0.call(Unknown Source)
	at TempTestSuite1584598607274.run(TempTestSuite1584598607274.groovy:36)
Caused by: org.openqa.selenium.ElementNotInteractableException: element not interactable
  (Session info: chrome=80.0.3987.132)
Build info: version: '3.141.59', revision: 'e82be7d358', time: '2018-11-14T08:25:53'
System info: host: 'ARCADIER-03', ip: '192.168.254.105', os.name: 'Windows 7', os.arch: 'amd64', os.version: '6.1', java.version: '1.8.0_181'
Driver info: com.kms.katalon.core.webui.driver.ExistingRemoteWebDriver
Capabilities {javascriptEnabled: true, platform: ANY, platformName: ANY}
Session ID: 66da7635ded2d355388026ca8e7d8eff
	at org.openqa.selenium.remote.http.W3CHttpResponseCodec.createException(W3CHttpResponseCodec.java:187)
	at org.openqa.selenium.remote.http.W3CHttpResponseCodec.decode(W3CHttpResponseCodec.java:122)
	at org.openqa.selenium.remote.http.W3CHttpResponseCodec.decode(W3CHttpResponseCodec.java:49)
	at org.openqa.selenium.remote.HttpCommandExecutor.execute(HttpCommandExecutor.java:158)
	at org.openqa.selenium.remote.RemoteWebDriver.execute(RemoteWebDriver.java:552)
	at com.kms.katalon.core.webui.driver.ExistingRemoteWebDriver.execute(ExistingRemoteWebDriver.java:108)
	at org.openqa.selenium.remote.RemoteWebElement.execute(RemoteWebElement.java:285)
	at org.openqa.selenium.remote.RemoteWebElement.click(RemoteWebElement.java:84)
	at org.openqa.selenium.support.events.EventFiringWebDriver$EventFiringWebElement.lambda$new$0(EventFiringWebDriver.java:404)
	at com.sun.proxy.$Proxy9.click(Unknown Source)
	at org.openqa.selenium.support.events.EventFiringWebDriver$EventFiringWebElement.click(EventFiringWebDriver.java:417)
	at com.kms.katalon.core.webui.keyword.builtin.ClickKeyword$_click_closure1.doCall(ClickKeyword.groovy:69)
	at com.kms.katalon.core.webui.keyword.builtin.ClickKeyword$_click_closure1.call(ClickKeyword.groovy)
	at com.kms.katalon.core.webui.keyword.internal.WebUIKeywordMain.runKeyword(WebUIKeywordMain.groovy:20)
	at com.kms.katalon.core.webui.keyword.builtin.ClickKeyword.click(ClickKeyword.groovy:76)
	at com.kms.katalon.core.webui.keyword.builtin.ClickKeyword.execute(ClickKeyword.groovy:43)
	at com.kms.katalon.core.keyword.internal.KeywordExecutor.executeKeywordForPlatform(KeywordExecutor.groovy:72)
	at com.kms.katalon.core.webui.keyword.WebUiBuiltInKeywords.click(WebUiBuiltInKeywords.groovy:616)
	at com.kms.katalon.core.webui.keyword.WebUiBuiltInKeywords$click$0.call(Unknown Source)
	at Script1549506362832.run(Script1549506362832.groovy:28)
	... 13 more
)
	at com.kms.katalon.core.keyword.internal.KeywordMain.stepFailed(KeywordMain.groovy:39)
	at com.kms.katalon.core.webui.keyword.internal.WebUIKeywordMain.stepFailed(WebUIKeywordMain.groovy:64)
	at com.kms.katalon.core.webui.keyword.internal.WebUIKeywordMain.runKeyword(WebUIKeywordMain.groovy:26)
	at com.kms.katalon.core.webui.keyword.builtin.ClickKeyword.click(ClickKeyword.groovy:76)
	at com.kms.katalon.core.webui.keyword.builtin.ClickKeyword.execute(ClickKeyword.groovy:43)
	at com.kms.katalon.core.keyword.internal.KeywordExecutor.executeKeywordForPlatform(KeywordExecutor.groovy:72)
	at com.kms.katalon.core.webui.keyword.WebUiBuiltInKeywords.click(WebUiBuiltInKeywords.groovy:616)
	at com.kms.katalon.core.webui.keyword.WebUiBuiltInKeywords$click$0.call(Unknown Source)
	at Add Category.run(Add Category:28)
	at com.kms.katalon.core.main.ScriptEngine.run(ScriptEngine.java:194)
	at com.kms.katalon.core.main.ScriptEngine.runScriptAsRawText(ScriptEngine.java:119)
	at com.kms.katalon.core.main.TestCaseExecutor.runScript(TestCaseExecutor.java:337)
	at com.kms.katalon.core.main.TestCaseExecutor.doExecute(TestCaseExecutor.java:328)
	at com.kms.katalon.core.main.TestCaseExecutor.processExecutionPhase(TestCaseExecutor.java:307)
	at com.kms.katalon.core.main.TestCaseExecutor.accessMainPhase(TestCaseExecutor.java:299)
	at com.kms.katalon.core.main.TestCaseExecutor.execute(TestCaseExecutor.java:233)
	at com.kms.katalon.core.main.TestSuiteExecutor.accessTestCaseMainPhase(TestSuiteExecutor.java:169)
	at com.kms.katalon.core.main.TestSuiteExecutor.accessTestSuiteMainPhase(TestSuiteExecutor.java:142)
	at com.kms.katalon.core.main.TestSuiteExecutor.execute(TestSuiteExecutor.java:91)
	at com.kms.katalon.core.main.TestCaseMain.startTestSuite(TestCaseMain.java:157)
	at com.kms.katalon.core.main.TestCaseMain$startTestSuite$0.call(Unknown Source)
	at TempTestSuite1584598607274.run(TempTestSuite1584598607274.groovy:36)
Caused by: com.kms.katalon.core.exception.StepFailedException: Unable to click on object 'Object Repository/ADMIN/Categories/Category List/button_Categories'
	... 21 more
Caused by: org.openqa.selenium.ElementNotInteractableException: element not interactable
  (Session info: chrome=80.0.3987.132)
Build info: version: '3.141.59', revision: 'e82be7d358', time: '2018-11-14T08:25:53'
System info: host: 'ARCADIER-03', ip: '192.168.254.105', os.name: 'Windows 7', os.arch: 'amd64', os.version: '6.1', java.version: '1.8.0_181'
Driver info: com.kms.katalon.core.webui.driver.ExistingRemoteWebDriver
Capabilities {javascriptEnabled: true, platform: ANY, platformName: ANY}
Session ID: 66da7635ded2d355388026ca8e7d8eff
	at org.openqa.selenium.remote.http.W3CHttpResponseCodec.createException(W3CHttpResponseCodec.java:187)
	at org.openqa.selenium.remote.http.W3CHttpResponseCodec.decode(W3CHttpResponseCodec.java:122)
	at org.openqa.selenium.remote.http.W3CHttpResponseCodec.decode(W3CHttpResponseCodec.java:49)
	at org.openqa.selenium.remote.HttpCommandExecutor.execute(HttpCommandExecutor.java:158)
	at org.openqa.selenium.remote.RemoteWebDriver.execute(RemoteWebDriver.java:552)
	at com.kms.katalon.core.webui.driver.ExistingRemoteWebDriver.execute(ExistingRemoteWebDriver.java:108)
	at org.openqa.selenium.remote.RemoteWebElement.execute(RemoteWebElement.java:285)
	at org.openqa.selenium.remote.RemoteWebElement.click(RemoteWebElement.java:84)
	at org.openqa.selenium.support.events.EventFiringWebDriver$EventFiringWebElement.lambda$new$0(EventFiringWebDriver.java:404)
	at com.sun.proxy.$Proxy9.click(Unknown Source)
	at org.openqa.selenium.support.events.EventFiringWebDriver$EventFiringWebElement.click(EventFiringWebDriver.java:417)
	at com.kms.katalon.core.webui.keyword.builtin.ClickKeyword$_click_closure1.doCall(ClickKeyword.groovy:69)
	at com.kms.katalon.core.webui.keyword.builtin.ClickKeyword$_click_closure1.call(ClickKeyword.groovy)
	at com.kms.katalon.core.webui.keyword.internal.WebUIKeywordMain.runKeyword(WebUIKeywordMain.groovy:20)
	... 19 more
"/>
         <system-out><![CDATA[2020-03-19 14:21:55 - [TEST_CASE][FAILED] - Test Cases/ADMIN/Content Mgmt/Categories/Category Add-Edit/Add Category: Test Cases/ADMIN/Content Mgmt/Categories/Category Add-Edit/Add Category FAILED.
Reason:
com.kms.katalon.core.exception.StepFailedException: Unable to click on object 'Object Repository/ADMIN/Categories/Category List/button_Categories' (Root cause: com.kms.katalon.core.exception.StepFailedException: Unable to click on object 'Object Repository/ADMIN/Categories/Category List/button_Categories'
	at com.kms.katalon.core.webui.keyword.internal.WebUIKeywordMain.stepFailed(WebUIKeywordMain.groovy:64)
	at com.kms.katalon.core.webui.keyword.internal.WebUIKeywordMain.runKeyword(WebUIKeywordMain.groovy:26)
	at com.kms.katalon.core.webui.keyword.builtin.ClickKeyword.click(ClickKeyword.groovy:76)
	at com.kms.katalon.core.webui.keyword.builtin.ClickKeyword.execute(ClickKeyword.groovy:43)
	at com.kms.katalon.core.keyword.internal.KeywordExecutor.executeKeywordForPlatform(KeywordExecutor.groovy:72)
	at com.kms.katalon.core.webui.keyword.WebUiBuiltInKeywords.click(WebUiBuiltInKeywords.groovy:616)
	at com.kms.katalon.core.webui.keyword.WebUiBuiltInKeywords$click$0.call(Unknown Source)
	at Add Category.run(Add Category:28)
	at com.kms.katalon.core.main.ScriptEngine.run(ScriptEngine.java:194)
	at com.kms.katalon.core.main.ScriptEngine.runScriptAsRawText(ScriptEngine.java:119)
	at com.kms.katalon.core.main.TestCaseExecutor.runScript(TestCaseExecutor.java:337)
	at com.kms.katalon.core.main.TestCaseExecutor.doExecute(TestCaseExecutor.java:328)
	at com.kms.katalon.core.main.TestCaseExecutor.processExecutionPhase(TestCaseExecutor.java:307)
	at com.kms.katalon.core.main.TestCaseExecutor.accessMainPhase(TestCaseExecutor.java:299)
	at com.kms.katalon.core.main.TestCaseExecutor.execute(TestCaseExecutor.java:233)
	at com.kms.katalon.core.main.TestSuiteExecutor.accessTestCaseMainPhase(TestSuiteExecutor.java:169)
	at com.kms.katalon.core.main.TestSuiteExecutor.accessTestSuiteMainPhase(TestSuiteExecutor.java:142)
	at com.kms.katalon.core.main.TestSuiteExecutor.execute(TestSuiteExecutor.java:91)
	at com.kms.katalon.core.main.TestCaseMain.startTestSuite(TestCaseMain.java:157)
	at com.kms.katalon.core.main.TestCaseMain$startTestSuite$0.call(Unknown Source)
	at TempTestSuite1584598607274.run(TempTestSuite1584598607274.groovy:36)
Caused by: org.openqa.selenium.ElementNotInteractableException: element not interactable
  (Session info: chrome=80.0.3987.132)
Build info: version: '3.141.59', revision: 'e82be7d358', time: '2018-11-14T08:25:53'
System info: host: 'ARCADIER-03', ip: '192.168.254.105', os.name: 'Windows 7', os.arch: 'amd64', os.version: '6.1', java.version: '1.8.0_181'
Driver info: com.kms.katalon.core.webui.driver.ExistingRemoteWebDriver
Capabilities {javascriptEnabled: true, platform: ANY, platformName: ANY}
Session ID: 66da7635ded2d355388026ca8e7d8eff
	at org.openqa.selenium.remote.http.W3CHttpResponseCodec.createException(W3CHttpResponseCodec.java:187)
	at org.openqa.selenium.remote.http.W3CHttpResponseCodec.decode(W3CHttpResponseCodec.java:122)
	at org.openqa.selenium.remote.http.W3CHttpResponseCodec.decode(W3CHttpResponseCodec.java:49)
	at org.openqa.selenium.remote.HttpCommandExecutor.execute(HttpCommandExecutor.java:158)
	at org.openqa.selenium.remote.RemoteWebDriver.execute(RemoteWebDriver.java:552)
	at com.kms.katalon.core.webui.driver.ExistingRemoteWebDriver.execute(ExistingRemoteWebDriver.java:108)
	at org.openqa.selenium.remote.RemoteWebElement.execute(RemoteWebElement.java:285)
	at org.openqa.selenium.remote.RemoteWebElement.click(RemoteWebElement.java:84)
	at org.openqa.selenium.support.events.EventFiringWebDriver$EventFiringWebElement.lambda$new$0(EventFiringWebDriver.java:404)
	at com.sun.proxy.$Proxy9.click(Unknown Source)
	at org.openqa.selenium.support.events.EventFiringWebDriver$EventFiringWebElement.click(EventFiringWebDriver.java:417)
	at com.kms.katalon.core.webui.keyword.builtin.ClickKeyword$_click_closure1.doCall(ClickKeyword.groovy:69)
	at com.kms.katalon.core.webui.keyword.builtin.ClickKeyword$_click_closure1.call(ClickKeyword.groovy)
	at com.kms.katalon.core.webui.keyword.internal.WebUIKeywordMain.runKeyword(WebUIKeywordMain.groovy:20)
	at com.kms.katalon.core.webui.keyword.builtin.ClickKeyword.click(ClickKeyword.groovy:76)
	at com.kms.katalon.core.webui.keyword.builtin.ClickKeyword.execute(ClickKeyword.groovy:43)
	at com.kms.katalon.core.keyword.internal.KeywordExecutor.executeKeywordForPlatform(KeywordExecutor.groovy:72)
	at com.kms.katalon.core.webui.keyword.WebUiBuiltInKeywords.click(WebUiBuiltInKeywords.groovy:616)
	at com.kms.katalon.core.webui.keyword.WebUiBuiltInKeywords$click$0.call(Unknown Source)
	at Script1549506362832.run(Script1549506362832.groovy:28)
	... 13 more
)
	at com.kms.katalon.core.keyword.internal.KeywordMain.stepFailed(KeywordMain.groovy:39)
	at com.kms.katalon.core.webui.keyword.internal.WebUIKeywordMain.stepFailed(WebUIKeywordMain.groovy:64)
	at com.kms.katalon.core.webui.keyword.internal.WebUIKeywordMain.runKeyword(WebUIKeywordMain.groovy:26)
	at com.kms.katalon.core.webui.keyword.builtin.ClickKeyword.click(ClickKeyword.groovy:76)
	at com.kms.katalon.core.webui.keyword.builtin.ClickKeyword.execute(ClickKeyword.groovy:43)
	at com.kms.katalon.core.keyword.internal.KeywordExecutor.executeKeywordForPlatform(KeywordExecutor.groovy:72)
	at com.kms.katalon.core.webui.keyword.WebUiBuiltInKeywords.click(WebUiBuiltInKeywords.groovy:616)
	at com.kms.katalon.core.webui.keyword.WebUiBuiltInKeywords$click$0.call(Unknown Source)
	at Add Category.run(Add Category:28)
	at com.kms.katalon.core.main.ScriptEngine.run(ScriptEngine.java:194)
	at com.kms.katalon.core.main.ScriptEngine.runScriptAsRawText(ScriptEngine.java:119)
	at com.kms.katalon.core.main.TestCaseExecutor.runScript(TestCaseExecutor.java:337)
	at com.kms.katalon.core.main.TestCaseExecutor.doExecute(TestCaseExecutor.java:328)
	at com.kms.katalon.core.main.TestCaseExecutor.processExecutionPhase(TestCaseExecutor.java:307)
	at com.kms.katalon.core.main.TestCaseExecutor.accessMainPhase(TestCaseExecutor.java:299)
	at com.kms.katalon.core.main.TestCaseExecutor.execute(TestCaseExecutor.java:233)
	at com.kms.katalon.core.main.TestSuiteExecutor.accessTestCaseMainPhase(TestSuiteExecutor.java:169)
	at com.kms.katalon.core.main.TestSuiteExecutor.accessTestSuiteMainPhase(TestSuiteExecutor.java:142)
	at com.kms.katalon.core.main.TestSuiteExecutor.execute(TestSuiteExecutor.java:91)
	at com.kms.katalon.core.main.TestCaseMain.startTestSuite(TestCaseMain.java:157)
	at com.kms.katalon.core.main.TestCaseMain$startTestSuite$0.call(Unknown Source)
	at TempTestSuite1584598607274.run(TempTestSuite1584598607274.groovy:36)
Caused by: com.kms.katalon.core.exception.StepFailedException: Unable to click on object 'Object Repository/ADMIN/Categories/Category List/button_Categories'
	... 21 more
Caused by: org.openqa.selenium.ElementNotInteractableException: element not interactable
  (Session info: chrome=80.0.3987.132)
Build info: version: '3.141.59', revision: 'e82be7d358', time: '2018-11-14T08:25:53'
System info: host: 'ARCADIER-03', ip: '192.168.254.105', os.name: 'Windows 7', os.arch: 'amd64', os.version: '6.1', java.version: '1.8.0_181'
Driver info: com.kms.katalon.core.webui.driver.ExistingRemoteWebDriver
Capabilities {javascriptEnabled: true, platform: ANY, platformName: ANY}
Session ID: 66da7635ded2d355388026ca8e7d8eff
	at org.openqa.selenium.remote.http.W3CHttpResponseCodec.createException(W3CHttpResponseCodec.java:187)
	at org.openqa.selenium.remote.http.W3CHttpResponseCodec.decode(W3CHttpResponseCodec.java:122)
	at org.openqa.selenium.remote.http.W3CHttpResponseCodec.decode(W3CHttpResponseCodec.java:49)
	at org.openqa.selenium.remote.HttpCommandExecutor.execute(HttpCommandExecutor.java:158)
	at org.openqa.selenium.remote.RemoteWebDriver.execute(RemoteWebDriver.java:552)
	at com.kms.katalon.core.webui.driver.ExistingRemoteWebDriver.execute(ExistingRemoteWebDriver.java:108)
	at org.openqa.selenium.remote.RemoteWebElement.execute(RemoteWebElement.java:285)
	at org.openqa.selenium.remote.RemoteWebElement.click(RemoteWebElement.java:84)
	at org.openqa.selenium.support.events.EventFiringWebDriver$EventFiringWebElement.lambda$new$0(EventFiringWebDriver.java:404)
	at com.sun.proxy.$Proxy9.click(Unknown Source)
	at org.openqa.selenium.support.events.EventFiringWebDriver$EventFiringWebElement.click(EventFiringWebDriver.java:417)
	at com.kms.katalon.core.webui.keyword.builtin.ClickKeyword$_click_closure1.doCall(ClickKeyword.groovy:69)
	at com.kms.katalon.core.webui.keyword.builtin.ClickKeyword$_click_closure1.call(ClickKeyword.groovy)
	at com.kms.katalon.core.webui.keyword.internal.WebUIKeywordMain.runKeyword(WebUIKeywordMain.groovy:20)
	... 19 more


2020-03-19 14:21:55 - [TEST_STEP][PASSED] - waitForElementVisible(findTestObject("ADMIN/Categories/Category List/button_Content Mgmt"), 0): Object 'Object Repository/ADMIN/Categories/Category List/button_Content Mgmt' is visible

2020-03-19 14:21:55 - [MESSAGE][WARNING] - Timeout '0' is invalid. Using default page load timeout: '30'

2020-03-19 14:21:55 - [MESSAGE][PASSED] - Object 'Object Repository/ADMIN/Categories/Category List/button_Content Mgmt' is visible

2020-03-19 14:21:55 - [TEST_STEP][PASSED] - click(findTestObject("ADMIN/Categories/Category List/button_Content Mgmt")): Object: 'Object Repository/ADMIN/Categories/Category List/button_Content Mgmt' is clicked on

2020-03-19 14:21:55 - [MESSAGE][PASSED] - Object: 'Object Repository/ADMIN/Categories/Category List/button_Content Mgmt' is clicked on

2020-03-19 14:21:55 - [TEST_STEP][PASSED] - waitForElementVisible(findTestObject("ADMIN/Categories/Category List/button_Categories"), 0): Object 'Object Repository/ADMIN/Categories/Category List/button_Categories' is visible

2020-03-19 14:21:55 - [MESSAGE][WARNING] - Timeout '0' is invalid. Using default page load timeout: '30'

2020-03-19 14:21:55 - [MESSAGE][PASSED] - Object 'Object Repository/ADMIN/Categories/Category List/button_Categories' is visible

2020-03-19 14:21:55 - [TEST_STEP][FAILED] - click(findTestObject("ADMIN/Categories/Category List/button_Categories")): Unable to click on object 'Object Repository/ADMIN/Categories/Category List/button_Categories' (Root cause: com.kms.katalon.core.exception.StepFailedException: Unable to click on object 'Object Repository/ADMIN/Categories/Category List/button_Categories'
	at com.kms.katalon.core.webui.keyword.internal.WebUIKeywordMain.stepFailed(WebUIKeywordMain.groovy:64)
	at com.kms.katalon.core.webui.keyword.internal.WebUIKeywordMain.runKeyword(WebUIKeywordMain.groovy:26)
	at com.kms.katalon.core.webui.keyword.builtin.ClickKeyword.click(ClickKeyword.groovy:76)
	at com.kms.katalon.core.webui.keyword.builtin.ClickKeyword.execute(ClickKeyword.groovy:43)
	at com.kms.katalon.core.keyword.internal.KeywordExecutor.executeKeywordForPlatform(KeywordExecutor.groovy:72)
	at com.kms.katalon.core.webui.keyword.WebUiBuiltInKeywords.click(WebUiBuiltInKeywords.groovy:616)
	at com.kms.katalon.core.webui.keyword.WebUiBuiltInKeywords$click$0.call(Unknown Source)
	at Add Category.run(Add Category:28)
	at com.kms.katalon.core.main.ScriptEngine.run(ScriptEngine.java:194)
	at com.kms.katalon.core.main.ScriptEngine.runScriptAsRawText(ScriptEngine.java:119)
	at com.kms.katalon.core.main.TestCaseExecutor.runScript(TestCaseExecutor.java:337)
	at com.kms.katalon.core.main.TestCaseExecutor.doExecute(TestCaseExecutor.java:328)
	at com.kms.katalon.core.main.TestCaseExecutor.processExecutionPhase(TestCaseExecutor.java:307)
	at com.kms.katalon.core.main.TestCaseExecutor.accessMainPhase(TestCaseExecutor.java:299)
	at com.kms.katalon.core.main.TestCaseExecutor.execute(TestCaseExecutor.java:233)
	at com.kms.katalon.core.main.TestSuiteExecutor.accessTestCaseMainPhase(TestSuiteExecutor.java:169)
	at com.kms.katalon.core.main.TestSuiteExecutor.accessTestSuiteMainPhase(TestSuiteExecutor.java:142)
	at com.kms.katalon.core.main.TestSuiteExecutor.execute(TestSuiteExecutor.java:91)
	at com.kms.katalon.core.main.TestCaseMain.startTestSuite(TestCaseMain.java:157)
	at com.kms.katalon.core.main.TestCaseMain$startTestSuite$0.call(Unknown Source)
	at TempTestSuite1584598607274.run(TempTestSuite1584598607274.groovy:36)
Caused by: org.openqa.selenium.ElementNotInteractableException: element not interactable
  (Session info: chrome=80.0.3987.132)
Build info: version: '3.141.59', revision: 'e82be7d358', time: '2018-11-14T08:25:53'
System info: host: 'ARCADIER-03', ip: '192.168.254.105', os.name: 'Windows 7', os.arch: 'amd64', os.version: '6.1', java.version: '1.8.0_181'
Driver info: com.kms.katalon.core.webui.driver.ExistingRemoteWebDriver
Capabilities {javascriptEnabled: true, platform: ANY, platformName: ANY}
Session ID: 66da7635ded2d355388026ca8e7d8eff
	at org.openqa.selenium.remote.http.W3CHttpResponseCodec.createException(W3CHttpResponseCodec.java:187)
	at org.openqa.selenium.remote.http.W3CHttpResponseCodec.decode(W3CHttpResponseCodec.java:122)
	at org.openqa.selenium.remote.http.W3CHttpResponseCodec.decode(W3CHttpResponseCodec.java:49)
	at org.openqa.selenium.remote.HttpCommandExecutor.execute(HttpCommandExecutor.java:158)
	at org.openqa.selenium.remote.RemoteWebDriver.execute(RemoteWebDriver.java:552)
	at com.kms.katalon.core.webui.driver.ExistingRemoteWebDriver.execute(ExistingRemoteWebDriver.java:108)
	at org.openqa.selenium.remote.RemoteWebElement.execute(RemoteWebElement.java:285)
	at org.openqa.selenium.remote.RemoteWebElement.click(RemoteWebElement.java:84)
	at org.openqa.selenium.support.events.EventFiringWebDriver$EventFiringWebElement.lambda$new$0(EventFiringWebDriver.java:404)
	at com.sun.proxy.$Proxy9.click(Unknown Source)
	at org.openqa.selenium.support.events.EventFiringWebDriver$EventFiringWebElement.click(EventFiringWebDriver.java:417)
	at com.kms.katalon.core.webui.keyword.builtin.ClickKeyword$_click_closure1.doCall(ClickKeyword.groovy:69)
	at com.kms.katalon.core.webui.keyword.builtin.ClickKeyword$_click_closure1.call(ClickKeyword.groovy)
	at com.kms.katalon.core.webui.keyword.internal.WebUIKeywordMain.runKeyword(WebUIKeywordMain.groovy:20)
	at com.kms.katalon.core.webui.keyword.builtin.ClickKeyword.click(ClickKeyword.groovy:76)
	at com.kms.katalon.core.webui.keyword.builtin.ClickKeyword.execute(ClickKeyword.groovy:43)
	at com.kms.katalon.core.keyword.internal.KeywordExecutor.executeKeywordForPlatform(KeywordExecutor.groovy:72)
	at com.kms.katalon.core.webui.keyword.WebUiBuiltInKeywords.click(WebUiBuiltInKeywords.groovy:616)
	at com.kms.katalon.core.webui.keyword.WebUiBuiltInKeywords$click$0.call(Unknown Source)
	at Script1549506362832.run(Script1549506362832.groovy:28)
	... 13 more
)

2020-03-19 14:21:56 - [MESSAGE][FAILED] - Unable to click on object 'Object Repository/ADMIN/Categories/Category List/button_Categories' (Root cause: com.kms.katalon.core.exception.StepFailedException: Unable to click on object 'Object Repository/ADMIN/Categories/Category List/button_Categories'
	at com.kms.katalon.core.webui.keyword.internal.WebUIKeywordMain.stepFailed(WebUIKeywordMain.groovy:64)
	at com.kms.katalon.core.webui.keyword.internal.WebUIKeywordMain.runKeyword(WebUIKeywordMain.groovy:26)
	at com.kms.katalon.core.webui.keyword.builtin.ClickKeyword.click(ClickKeyword.groovy:76)
	at com.kms.katalon.core.webui.keyword.builtin.ClickKeyword.execute(ClickKeyword.groovy:43)
	at com.kms.katalon.core.keyword.internal.KeywordExecutor.executeKeywordForPlatform(KeywordExecutor.groovy:72)
	at com.kms.katalon.core.webui.keyword.WebUiBuiltInKeywords.click(WebUiBuiltInKeywords.groovy:616)
	at com.kms.katalon.core.webui.keyword.WebUiBuiltInKeywords$click$0.call(Unknown Source)
	at Add Category.run(Add Category:28)
	at com.kms.katalon.core.main.ScriptEngine.run(ScriptEngine.java:194)
	at com.kms.katalon.core.main.ScriptEngine.runScriptAsRawText(ScriptEngine.java:119)
	at com.kms.katalon.core.main.TestCaseExecutor.runScript(TestCaseExecutor.java:337)
	at com.kms.katalon.core.main.TestCaseExecutor.doExecute(TestCaseExecutor.java:328)
	at com.kms.katalon.core.main.TestCaseExecutor.processExecutionPhase(TestCaseExecutor.java:307)
	at com.kms.katalon.core.main.TestCaseExecutor.accessMainPhase(TestCaseExecutor.java:299)
	at com.kms.katalon.core.main.TestCaseExecutor.execute(TestCaseExecutor.java:233)
	at com.kms.katalon.core.main.TestSuiteExecutor.accessTestCaseMainPhase(TestSuiteExecutor.java:169)
	at com.kms.katalon.core.main.TestSuiteExecutor.accessTestSuiteMainPhase(TestSuiteExecutor.java:142)
	at com.kms.katalon.core.main.TestSuiteExecutor.execute(TestSuiteExecutor.java:91)
	at com.kms.katalon.core.main.TestCaseMain.startTestSuite(TestCaseMain.java:157)
	at com.kms.katalon.core.main.TestCaseMain$startTestSuite$0.call(Unknown Source)
	at TempTestSuite1584598607274.run(TempTestSuite1584598607274.groovy:36)
Caused by: org.openqa.selenium.ElementNotInteractableException: element not interactable
  (Session info: chrome=80.0.3987.132)
Build info: version: '3.141.59', revision: 'e82be7d358', time: '2018-11-14T08:25:53'
System info: host: 'ARCADIER-03', ip: '192.168.254.105', os.name: 'Windows 7', os.arch: 'amd64', os.version: '6.1', java.version: '1.8.0_181'
Driver info: com.kms.katalon.core.webui.driver.ExistingRemoteWebDriver
Capabilities {javascriptEnabled: true, platform: ANY, platformName: ANY}
Session ID: 66da7635ded2d355388026ca8e7d8eff
	at org.openqa.selenium.remote.http.W3CHttpResponseCodec.createException(W3CHttpResponseCodec.java:187)
	at org.openqa.selenium.remote.http.W3CHttpResponseCodec.decode(W3CHttpResponseCodec.java:122)
	at org.openqa.selenium.remote.http.W3CHttpResponseCodec.decode(W3CHttpResponseCodec.java:49)
	at org.openqa.selenium.remote.HttpCommandExecutor.execute(HttpCommandExecutor.java:158)
	at org.openqa.selenium.remote.RemoteWebDriver.execute(RemoteWebDriver.java:552)
	at com.kms.katalon.core.webui.driver.ExistingRemoteWebDriver.execute(ExistingRemoteWebDriver.java:108)
	at org.openqa.selenium.remote.RemoteWebElement.execute(RemoteWebElement.java:285)
	at org.openqa.selenium.remote.RemoteWebElement.click(RemoteWebElement.java:84)
	at org.openqa.selenium.support.events.EventFiringWebDriver$EventFiringWebElement.lambda$new$0(EventFiringWebDriver.java:404)
	at com.sun.proxy.$Proxy9.click(Unknown Source)
	at org.openqa.selenium.support.events.EventFiringWebDriver$EventFiringWebElement.click(EventFiringWebDriver.java:417)
	at com.kms.katalon.core.webui.keyword.builtin.ClickKeyword$_click_closure1.doCall(ClickKeyword.groovy:69)
	at com.kms.katalon.core.webui.keyword.builtin.ClickKeyword$_click_closure1.call(ClickKeyword.groovy)
	at com.kms.katalon.core.webui.keyword.internal.WebUIKeywordMain.runKeyword(WebUIKeywordMain.groovy:20)
	at com.kms.katalon.core.webui.keyword.builtin.ClickKeyword.click(ClickKeyword.groovy:76)
	at com.kms.katalon.core.webui.keyword.builtin.ClickKeyword.execute(ClickKeyword.groovy:43)
	at com.kms.katalon.core.keyword.internal.KeywordExecutor.executeKeywordForPlatform(KeywordExecutor.groovy:72)
	at com.kms.katalon.core.webui.keyword.WebUiBuiltInKeywords.click(WebUiBuiltInKeywords.groovy:616)
	at com.kms.katalon.core.webui.keyword.WebUiBuiltInKeywords$click$0.call(Unknown Source)
	at Script1549506362832.run(Script1549506362832.groovy:28)
	... 13 more
)
[[ATTACHMENT|C:\\Katalon\\Arctick\\Reports\\20200319_141647\\Admin\\Admin Add Category\\20200319_141647\\1584598915700.png]]

2020-03-19 14:21:56 - [TEST_STEP][PASSED] - waitForPageLoad(0, STOP_ON_FAILURE): Wait for page load successfully

2020-03-19 14:21:56 - [MESSAGE][WARNING] - Timeout '0' is invalid. Using default page load timeout: '30'

2020-03-19 14:21:56 - [MESSAGE][PASSED] - Wait for page load successfully

2020-03-19 14:21:56 - [TEST_STEP][PASSED] - click(findTestObject("ADMIN/Categories/Category List/button_Add a Category")): Object: 'Object Repository/ADMIN/Categories/Category List/button_Add a Category' is clicked on

2020-03-19 14:21:56 - [MESSAGE][PASSED] - Object: 'Object Repository/ADMIN/Categories/Category List/button_Add a Category' is clicked on

2020-03-19 14:21:56 - [TEST_STEP][PASSED] - waitForElementPresent(findTestObject("ADMIN/Categories/Category/dropdown_Parent"), 2): Object 'Object Repository/ADMIN/Categories/Category/dropdown_Parent' is present

2020-03-19 14:21:56 - [MESSAGE][PASSED] - Object 'Object Repository/ADMIN/Categories/Category/dropdown_Parent' is present

2020-03-19 14:21:56 - [TEST_STEP][PASSED] - delay(1): Delayed 1 second(s)

2020-03-19 14:21:57 - [MESSAGE][PASSED] - Delayed 1 second(s)

2020-03-19 14:21:57 - [TEST_STEP][PASSED] - setText(findTestObject("ADMIN/Categories/Category/textfield_Category Name"), CategoryNametext): Text 'Category 4.10' is set on object 'Object Repository/ADMIN/Categories/Category/textfield_Category Name'

2020-03-19 14:21:57 - [MESSAGE][PASSED] - Text 'Category 4.10' is set on object 'Object Repository/ADMIN/Categories/Category/textfield_Category Name'

2020-03-19 14:21:57 - [TEST_STEP][PASSED] - click(findTestObject("ADMIN/Categories/Category/dropdown_Parent")): Object: 'Object Repository/ADMIN/Categories/Category/dropdown_Parent' is clicked on

2020-03-19 14:21:57 - [MESSAGE][PASSED] - Object: 'Object Repository/ADMIN/Categories/Category/dropdown_Parent' is clicked on

2020-03-19 14:21:57 - [TEST_STEP][PASSED] - delay(2): Delayed 2 second(s)

2020-03-19 14:21:59 - [MESSAGE][PASSED] - Delayed 2 second(s)

2020-03-19 14:21:59 - [TEST_STEP][PASSED] - click(findTestObject("ADMIN/Categories/Category/dropdown_Parent")): Object: 'Object Repository/ADMIN/Categories/Category/dropdown_Parent' is clicked on

2020-03-19 14:21:59 - [MESSAGE][PASSED] - Object: 'Object Repository/ADMIN/Categories/Category/dropdown_Parent' is clicked on

2020-03-19 14:21:59 - [TEST_STEP][PASSED] - selectOptionByLabel(findTestObject("ADMIN/Categories/Category/dropdown_Parent"), ParentName, false): All options with label 'Category 04' are selected in object 'Object Repository/ADMIN/Categories/Category/dropdown_Parent' 

2020-03-19 14:21:59 - [MESSAGE][PASSED] - All options with label 'Category 04' are selected in object 'Object Repository/ADMIN/Categories/Category/dropdown_Parent' 

2020-03-19 14:21:59 - [TEST_STEP][PASSED] - click(findTestObject("ADMIN/Categories/Category/button_Browse")): Object: 'Object Repository/ADMIN/Categories/Category/button_Browse' is clicked on

2020-03-19 14:22:00 - [MESSAGE][PASSED] - Object: 'Object Repository/ADMIN/Categories/Category/button_Browse' is clicked on

2020-03-19 14:22:00 - [TEST_STEP][PASSED] - delay(2): Delayed 2 second(s)

2020-03-19 14:22:02 - [MESSAGE][PASSED] - Delayed 2 second(s)

2020-03-19 14:22:02 - [TEST_STEP][PASSED] - uploadFile(findTestObject("ADMIN/Categories/Category/image_input image"), CategoryImageUpload): File 'C:\\Katalon\\Arctick\\Images\\Category\\4.png' sent to object: 'Object Repository/ADMIN/Categories/Category/image_input image'

2020-03-19 14:22:02 - [MESSAGE][PASSED] - File 'C:\\Katalon\\Arctick\\Images\\Category\\4.png' sent to object: 'Object Repository/ADMIN/Categories/Category/image_input image'

2020-03-19 14:22:02 - [TEST_STEP][PASSED] - waitForElementVisible(findTestObject("ADMIN/Categories/Category/button_upload check"), 0): Object 'Object Repository/ADMIN/Categories/Category/button_upload check' is visible

2020-03-19 14:22:02 - [MESSAGE][WARNING] - Timeout '0' is invalid. Using default page load timeout: '30'

2020-03-19 14:22:02 - [MESSAGE][PASSED] - Object 'Object Repository/ADMIN/Categories/Category/button_upload check' is visible

2020-03-19 14:22:02 - [TEST_STEP][PASSED] - click(findTestObject("ADMIN/Categories/Category/button_upload check")): Object: 'Object Repository/ADMIN/Categories/Category/button_upload check' is clicked on

2020-03-19 14:22:02 - [MESSAGE][PASSED] - Object: 'Object Repository/ADMIN/Categories/Category/button_upload check' is clicked on

2020-03-19 14:22:02 - [TEST_STEP][PASSED] - waitForElementVisible(findTestObject("ADMIN/Categories/Category/button_upload save"), 0): Object 'Object Repository/ADMIN/Categories/Category/button_upload save' is visible

2020-03-19 14:22:02 - [MESSAGE][WARNING] - Timeout '0' is invalid. Using default page load timeout: '30'

2020-03-19 14:22:02 - [MESSAGE][PASSED] - Object 'Object Repository/ADMIN/Categories/Category/button_upload save' is visible

2020-03-19 14:22:02 - [TEST_STEP][PASSED] - click(findTestObject("ADMIN/Categories/Category/button_upload save")): Object: 'Object Repository/ADMIN/Categories/Category/button_upload save' is clicked on

2020-03-19 14:22:02 - [MESSAGE][PASSED] - Object: 'Object Repository/ADMIN/Categories/Category/button_upload save' is clicked on

2020-03-19 14:22:02 - [TEST_STEP][PASSED] - setText(findTestObject("ADMIN/Categories/Category/textfield_category_description"), Description): Text 'Description20' is set on object 'Object Repository/ADMIN/Categories/Category/textfield_category_description'

2020-03-19 14:22:03 - [MESSAGE][PASSED] - Text 'Description20' is set on object 'Object Repository/ADMIN/Categories/Category/textfield_category_description'

2020-03-19 14:22:03 - [TEST_STEP][PASSED] - click(findTestObject("ADMIN/Categories/Category/button_Save")): Object: 'Object Repository/ADMIN/Categories/Category/button_Save' is clicked on

2020-03-19 14:22:03 - [MESSAGE][PASSED] - Object: 'Object Repository/ADMIN/Categories/Category/button_Save' is clicked on

2020-03-19 14:22:03 - [TEST_STEP][PASSED] - waitForElementVisible(findTestObject("ADMIN/Categories/Category/label_edit popup"), 0): Object 'Object Repository/ADMIN/Categories/Category/label_edit popup' is visible

2020-03-19 14:22:03 - [MESSAGE][WARNING] - Timeout '0' is invalid. Using default page load timeout: '30'

2020-03-19 14:22:03 - [MESSAGE][PASSED] - Object 'Object Repository/ADMIN/Categories/Category/label_edit popup' is visible

2020-03-19 14:22:03 - [TEST_STEP][PASSED] - waitForElementNotPresent(findTestObject("ADMIN/Categories/Category/label_edit popup"), 0): Web element with id: 'Object Repository/ADMIN/Categories/Category/label_edit popup' located by 'By.xpath: //div[(text() = 'Category was successfully saved.' or . = 'Category was successfully saved.')]' is not present after '30' second(s)

2020-03-19 14:22:03 - [MESSAGE][WARNING] - Timeout '0' is invalid. Using default page load timeout: '30'

2020-03-19 14:22:09 - [MESSAGE][PASSED] - Web element with id: 'Object Repository/ADMIN/Categories/Category/label_edit popup' located by 'By.xpath: //div[(text() = 'Category was successfully saved.' or . = 'Category was successfully saved.')]' is not present after '30' second(s)]]></system-out>
         <system-err><![CDATA[2020-03-19 14:21:55 - [TEST_CASE][FAILED] - Test Cases/ADMIN/Content Mgmt/Categories/Category Add-Edit/Add Category: Test Cases/ADMIN/Content Mgmt/Categories/Category Add-Edit/Add Category FAILED.
Reason:
com.kms.katalon.core.exception.StepFailedException: Unable to click on object 'Object Repository/ADMIN/Categories/Category List/button_Categories' (Root cause: com.kms.katalon.core.exception.StepFailedException: Unable to click on object 'Object Repository/ADMIN/Categories/Category List/button_Categories'
	at com.kms.katalon.core.webui.keyword.internal.WebUIKeywordMain.stepFailed(WebUIKeywordMain.groovy:64)
	at com.kms.katalon.core.webui.keyword.internal.WebUIKeywordMain.runKeyword(WebUIKeywordMain.groovy:26)
	at com.kms.katalon.core.webui.keyword.builtin.ClickKeyword.click(ClickKeyword.groovy:76)
	at com.kms.katalon.core.webui.keyword.builtin.ClickKeyword.execute(ClickKeyword.groovy:43)
	at com.kms.katalon.core.keyword.internal.KeywordExecutor.executeKeywordForPlatform(KeywordExecutor.groovy:72)
	at com.kms.katalon.core.webui.keyword.WebUiBuiltInKeywords.click(WebUiBuiltInKeywords.groovy:616)
	at com.kms.katalon.core.webui.keyword.WebUiBuiltInKeywords$click$0.call(Unknown Source)
	at Add Category.run(Add Category:28)
	at com.kms.katalon.core.main.ScriptEngine.run(ScriptEngine.java:194)
	at com.kms.katalon.core.main.ScriptEngine.runScriptAsRawText(ScriptEngine.java:119)
	at com.kms.katalon.core.main.TestCaseExecutor.runScript(TestCaseExecutor.java:337)
	at com.kms.katalon.core.main.TestCaseExecutor.doExecute(TestCaseExecutor.java:328)
	at com.kms.katalon.core.main.TestCaseExecutor.processExecutionPhase(TestCaseExecutor.java:307)
	at com.kms.katalon.core.main.TestCaseExecutor.accessMainPhase(TestCaseExecutor.java:299)
	at com.kms.katalon.core.main.TestCaseExecutor.execute(TestCaseExecutor.java:233)
	at com.kms.katalon.core.main.TestSuiteExecutor.accessTestCaseMainPhase(TestSuiteExecutor.java:169)
	at com.kms.katalon.core.main.TestSuiteExecutor.accessTestSuiteMainPhase(TestSuiteExecutor.java:142)
	at com.kms.katalon.core.main.TestSuiteExecutor.execute(TestSuiteExecutor.java:91)
	at com.kms.katalon.core.main.TestCaseMain.startTestSuite(TestCaseMain.java:157)
	at com.kms.katalon.core.main.TestCaseMain$startTestSuite$0.call(Unknown Source)
	at TempTestSuite1584598607274.run(TempTestSuite1584598607274.groovy:36)
Caused by: org.openqa.selenium.ElementNotInteractableException: element not interactable
  (Session info: chrome=80.0.3987.132)
Build info: version: '3.141.59', revision: 'e82be7d358', time: '2018-11-14T08:25:53'
System info: host: 'ARCADIER-03', ip: '192.168.254.105', os.name: 'Windows 7', os.arch: 'amd64', os.version: '6.1', java.version: '1.8.0_181'
Driver info: com.kms.katalon.core.webui.driver.ExistingRemoteWebDriver
Capabilities {javascriptEnabled: true, platform: ANY, platformName: ANY}
Session ID: 66da7635ded2d355388026ca8e7d8eff
	at org.openqa.selenium.remote.http.W3CHttpResponseCodec.createException(W3CHttpResponseCodec.java:187)
	at org.openqa.selenium.remote.http.W3CHttpResponseCodec.decode(W3CHttpResponseCodec.java:122)
	at org.openqa.selenium.remote.http.W3CHttpResponseCodec.decode(W3CHttpResponseCodec.java:49)
	at org.openqa.selenium.remote.HttpCommandExecutor.execute(HttpCommandExecutor.java:158)
	at org.openqa.selenium.remote.RemoteWebDriver.execute(RemoteWebDriver.java:552)
	at com.kms.katalon.core.webui.driver.ExistingRemoteWebDriver.execute(ExistingRemoteWebDriver.java:108)
	at org.openqa.selenium.remote.RemoteWebElement.execute(RemoteWebElement.java:285)
	at org.openqa.selenium.remote.RemoteWebElement.click(RemoteWebElement.java:84)
	at org.openqa.selenium.support.events.EventFiringWebDriver$EventFiringWebElement.lambda$new$0(EventFiringWebDriver.java:404)
	at com.sun.proxy.$Proxy9.click(Unknown Source)
	at org.openqa.selenium.support.events.EventFiringWebDriver$EventFiringWebElement.click(EventFiringWebDriver.java:417)
	at com.kms.katalon.core.webui.keyword.builtin.ClickKeyword$_click_closure1.doCall(ClickKeyword.groovy:69)
	at com.kms.katalon.core.webui.keyword.builtin.ClickKeyword$_click_closure1.call(ClickKeyword.groovy)
	at com.kms.katalon.core.webui.keyword.internal.WebUIKeywordMain.runKeyword(WebUIKeywordMain.groovy:20)
	at com.kms.katalon.core.webui.keyword.builtin.ClickKeyword.click(ClickKeyword.groovy:76)
	at com.kms.katalon.core.webui.keyword.builtin.ClickKeyword.execute(ClickKeyword.groovy:43)
	at com.kms.katalon.core.keyword.internal.KeywordExecutor.executeKeywordForPlatform(KeywordExecutor.groovy:72)
	at com.kms.katalon.core.webui.keyword.WebUiBuiltInKeywords.click(WebUiBuiltInKeywords.groovy:616)
	at com.kms.katalon.core.webui.keyword.WebUiBuiltInKeywords$click$0.call(Unknown Source)
	at Script1549506362832.run(Script1549506362832.groovy:28)
	... 13 more
)
	at com.kms.katalon.core.keyword.internal.KeywordMain.stepFailed(KeywordMain.groovy:39)
	at com.kms.katalon.core.webui.keyword.internal.WebUIKeywordMain.stepFailed(WebUIKeywordMain.groovy:64)
	at com.kms.katalon.core.webui.keyword.internal.WebUIKeywordMain.runKeyword(WebUIKeywordMain.groovy:26)
	at com.kms.katalon.core.webui.keyword.builtin.ClickKeyword.click(ClickKeyword.groovy:76)
	at com.kms.katalon.core.webui.keyword.builtin.ClickKeyword.execute(ClickKeyword.groovy:43)
	at com.kms.katalon.core.keyword.internal.KeywordExecutor.executeKeywordForPlatform(KeywordExecutor.groovy:72)
	at com.kms.katalon.core.webui.keyword.WebUiBuiltInKeywords.click(WebUiBuiltInKeywords.groovy:616)
	at com.kms.katalon.core.webui.keyword.WebUiBuiltInKeywords$click$0.call(Unknown Source)
	at Add Category.run(Add Category:28)
	at com.kms.katalon.core.main.ScriptEngine.run(ScriptEngine.java:194)
	at com.kms.katalon.core.main.ScriptEngine.runScriptAsRawText(ScriptEngine.java:119)
	at com.kms.katalon.core.main.TestCaseExecutor.runScript(TestCaseExecutor.java:337)
	at com.kms.katalon.core.main.TestCaseExecutor.doExecute(TestCaseExecutor.java:328)
	at com.kms.katalon.core.main.TestCaseExecutor.processExecutionPhase(TestCaseExecutor.java:307)
	at com.kms.katalon.core.main.TestCaseExecutor.accessMainPhase(TestCaseExecutor.java:299)
	at com.kms.katalon.core.main.TestCaseExecutor.execute(TestCaseExecutor.java:233)
	at com.kms.katalon.core.main.TestSuiteExecutor.accessTestCaseMainPhase(TestSuiteExecutor.java:169)
	at com.kms.katalon.core.main.TestSuiteExecutor.accessTestSuiteMainPhase(TestSuiteExecutor.java:142)
	at com.kms.katalon.core.main.TestSuiteExecutor.execute(TestSuiteExecutor.java:91)
	at com.kms.katalon.core.main.TestCaseMain.startTestSuite(TestCaseMain.java:157)
	at com.kms.katalon.core.main.TestCaseMain$startTestSuite$0.call(Unknown Source)
	at TempTestSuite1584598607274.run(TempTestSuite1584598607274.groovy:36)
Caused by: com.kms.katalon.core.exception.StepFailedException: Unable to click on object 'Object Repository/ADMIN/Categories/Category List/button_Categories'
	... 21 more
Caused by: org.openqa.selenium.ElementNotInteractableException: element not interactable
  (Session info: chrome=80.0.3987.132)
Build info: version: '3.141.59', revision: 'e82be7d358', time: '2018-11-14T08:25:53'
System info: host: 'ARCADIER-03', ip: '192.168.254.105', os.name: 'Windows 7', os.arch: 'amd64', os.version: '6.1', java.version: '1.8.0_181'
Driver info: com.kms.katalon.core.webui.driver.ExistingRemoteWebDriver
Capabilities {javascriptEnabled: true, platform: ANY, platformName: ANY}
Session ID: 66da7635ded2d355388026ca8e7d8eff
	at org.openqa.selenium.remote.http.W3CHttpResponseCodec.createException(W3CHttpResponseCodec.java:187)
	at org.openqa.selenium.remote.http.W3CHttpResponseCodec.decode(W3CHttpResponseCodec.java:122)
	at org.openqa.selenium.remote.http.W3CHttpResponseCodec.decode(W3CHttpResponseCodec.java:49)
	at org.openqa.selenium.remote.HttpCommandExecutor.execute(HttpCommandExecutor.java:158)
	at org.openqa.selenium.remote.RemoteWebDriver.execute(RemoteWebDriver.java:552)
	at com.kms.katalon.core.webui.driver.ExistingRemoteWebDriver.execute(ExistingRemoteWebDriver.java:108)
	at org.openqa.selenium.remote.RemoteWebElement.execute(RemoteWebElement.java:285)
	at org.openqa.selenium.remote.RemoteWebElement.click(RemoteWebElement.java:84)
	at org.openqa.selenium.support.events.EventFiringWebDriver$EventFiringWebElement.lambda$new$0(EventFiringWebDriver.java:404)
	at com.sun.proxy.$Proxy9.click(Unknown Source)
	at org.openqa.selenium.support.events.EventFiringWebDriver$EventFiringWebElement.click(EventFiringWebDriver.java:417)
	at com.kms.katalon.core.webui.keyword.builtin.ClickKeyword$_click_closure1.doCall(ClickKeyword.groovy:69)
	at com.kms.katalon.core.webui.keyword.builtin.ClickKeyword$_click_closure1.call(ClickKeyword.groovy)
	at com.kms.katalon.core.webui.keyword.internal.WebUIKeywordMain.runKeyword(WebUIKeywordMain.groovy:20)
	... 19 more]]></system-err>
      </testcase>
      <testcase name="Test Cases/ADMIN/Content Mgmt/Categories/Category Add-Edit/Add Category" time="15.77" classname="Test Cases/ADMIN/Content Mgmt/Categories/Category Add-Edit/Add Category" status="PASSED">
         <system-out><![CDATA[2020-03-19 14:22:09 - [TEST_CASE][PASSED] - Test Cases/ADMIN/Content Mgmt/Categories/Category Add-Edit/Add Category: Test Cases/ADMIN/Content Mgmt/Categories/Category Add-Edit/Add Category

2020-03-19 14:22:09 - [TEST_STEP][PASSED] - waitForElementVisible(findTestObject("ADMIN/Categories/Category List/button_Content Mgmt"), 0): Object 'Object Repository/ADMIN/Categories/Category List/button_Content Mgmt' is visible

2020-03-19 14:22:09 - [MESSAGE][WARNING] - Timeout '0' is invalid. Using default page load timeout: '30'

2020-03-19 14:22:09 - [MESSAGE][PASSED] - Object 'Object Repository/ADMIN/Categories/Category List/button_Content Mgmt' is visible

2020-03-19 14:22:09 - [TEST_STEP][PASSED] - click(findTestObject("ADMIN/Categories/Category List/button_Content Mgmt")): Object: 'Object Repository/ADMIN/Categories/Category List/button_Content Mgmt' is clicked on

2020-03-19 14:22:10 - [MESSAGE][PASSED] - Object: 'Object Repository/ADMIN/Categories/Category List/button_Content Mgmt' is clicked on

2020-03-19 14:22:10 - [TEST_STEP][PASSED] - waitForElementVisible(findTestObject("ADMIN/Categories/Category List/button_Categories"), 0): Object 'Object Repository/ADMIN/Categories/Category List/button_Categories' is visible

2020-03-19 14:22:10 - [MESSAGE][WARNING] - Timeout '0' is invalid. Using default page load timeout: '30'

2020-03-19 14:22:10 - [MESSAGE][PASSED] - Object 'Object Repository/ADMIN/Categories/Category List/button_Categories' is visible

2020-03-19 14:22:10 - [TEST_STEP][PASSED] - click(findTestObject("ADMIN/Categories/Category List/button_Categories")): Object: 'Object Repository/ADMIN/Categories/Category List/button_Categories' is clicked on

2020-03-19 14:22:11 - [MESSAGE][PASSED] - Object: 'Object Repository/ADMIN/Categories/Category List/button_Categories' is clicked on

2020-03-19 14:22:11 - [TEST_STEP][PASSED] - waitForPageLoad(0, STOP_ON_FAILURE): Wait for page load successfully

2020-03-19 14:22:11 - [MESSAGE][WARNING] - Timeout '0' is invalid. Using default page load timeout: '30'

2020-03-19 14:22:11 - [MESSAGE][PASSED] - Wait for page load successfully

2020-03-19 14:22:11 - [TEST_STEP][PASSED] - click(findTestObject("ADMIN/Categories/Category List/button_Add a Category")): Object: 'Object Repository/ADMIN/Categories/Category List/button_Add a Category' is clicked on

2020-03-19 14:22:12 - [MESSAGE][PASSED] - Object: 'Object Repository/ADMIN/Categories/Category List/button_Add a Category' is clicked on

2020-03-19 14:22:12 - [TEST_STEP][PASSED] - waitForElementPresent(findTestObject("ADMIN/Categories/Category/dropdown_Parent"), 2): Object 'Object Repository/ADMIN/Categories/Category/dropdown_Parent' is present

2020-03-19 14:22:12 - [MESSAGE][PASSED] - Object 'Object Repository/ADMIN/Categories/Category/dropdown_Parent' is present

2020-03-19 14:22:12 - [TEST_STEP][PASSED] - delay(1): Delayed 1 second(s)

2020-03-19 14:22:13 - [MESSAGE][PASSED] - Delayed 1 second(s)

2020-03-19 14:22:13 - [TEST_STEP][PASSED] - setText(findTestObject("ADMIN/Categories/Category/textfield_Category Name"), CategoryNametext): Text 'Category 4.11' is set on object 'Object Repository/ADMIN/Categories/Category/textfield_Category Name'

2020-03-19 14:22:13 - [MESSAGE][PASSED] - Text 'Category 4.11' is set on object 'Object Repository/ADMIN/Categories/Category/textfield_Category Name'

2020-03-19 14:22:13 - [TEST_STEP][PASSED] - click(findTestObject("ADMIN/Categories/Category/dropdown_Parent")): Object: 'Object Repository/ADMIN/Categories/Category/dropdown_Parent' is clicked on

2020-03-19 14:22:13 - [MESSAGE][PASSED] - Object: 'Object Repository/ADMIN/Categories/Category/dropdown_Parent' is clicked on

2020-03-19 14:22:13 - [TEST_STEP][PASSED] - delay(2): Delayed 2 second(s)

2020-03-19 14:22:15 - [MESSAGE][PASSED] - Delayed 2 second(s)

2020-03-19 14:22:15 - [TEST_STEP][PASSED] - click(findTestObject("ADMIN/Categories/Category/dropdown_Parent")): Object: 'Object Repository/ADMIN/Categories/Category/dropdown_Parent' is clicked on

2020-03-19 14:22:15 - [MESSAGE][PASSED] - Object: 'Object Repository/ADMIN/Categories/Category/dropdown_Parent' is clicked on

2020-03-19 14:22:15 - [TEST_STEP][PASSED] - selectOptionByLabel(findTestObject("ADMIN/Categories/Category/dropdown_Parent"), ParentName, false): All options with label 'Category 04' are selected in object 'Object Repository/ADMIN/Categories/Category/dropdown_Parent' 

2020-03-19 14:22:15 - [MESSAGE][PASSED] - All options with label 'Category 04' are selected in object 'Object Repository/ADMIN/Categories/Category/dropdown_Parent' 

2020-03-19 14:22:15 - [TEST_STEP][PASSED] - click(findTestObject("ADMIN/Categories/Category/button_Browse")): Object: 'Object Repository/ADMIN/Categories/Category/button_Browse' is clicked on

2020-03-19 14:22:15 - [MESSAGE][PASSED] - Object: 'Object Repository/ADMIN/Categories/Category/button_Browse' is clicked on

2020-03-19 14:22:15 - [TEST_STEP][PASSED] - delay(2): Delayed 2 second(s)

2020-03-19 14:22:17 - [MESSAGE][PASSED] - Delayed 2 second(s)

2020-03-19 14:22:17 - [TEST_STEP][PASSED] - uploadFile(findTestObject("ADMIN/Categories/Category/image_input image"), CategoryImageUpload): File 'C:\\Katalon\\Arctick\\Images\\Category\\4.png' sent to object: 'Object Repository/ADMIN/Categories/Category/image_input image'

2020-03-19 14:22:18 - [MESSAGE][PASSED] - File 'C:\\Katalon\\Arctick\\Images\\Category\\4.png' sent to object: 'Object Repository/ADMIN/Categories/Category/image_input image'

2020-03-19 14:22:18 - [TEST_STEP][PASSED] - waitForElementVisible(findTestObject("ADMIN/Categories/Category/button_upload check"), 0): Object 'Object Repository/ADMIN/Categories/Category/button_upload check' is visible

2020-03-19 14:22:18 - [MESSAGE][WARNING] - Timeout '0' is invalid. Using default page load timeout: '30'

2020-03-19 14:22:18 - [MESSAGE][PASSED] - Object 'Object Repository/ADMIN/Categories/Category/button_upload check' is visible

2020-03-19 14:22:18 - [TEST_STEP][PASSED] - click(findTestObject("ADMIN/Categories/Category/button_upload check")): Object: 'Object Repository/ADMIN/Categories/Category/button_upload check' is clicked on

2020-03-19 14:22:18 - [MESSAGE][PASSED] - Object: 'Object Repository/ADMIN/Categories/Category/button_upload check' is clicked on

2020-03-19 14:22:18 - [TEST_STEP][PASSED] - waitForElementVisible(findTestObject("ADMIN/Categories/Category/button_upload save"), 0): Object 'Object Repository/ADMIN/Categories/Category/button_upload save' is visible

2020-03-19 14:22:18 - [MESSAGE][WARNING] - Timeout '0' is invalid. Using default page load timeout: '30'

2020-03-19 14:22:18 - [MESSAGE][PASSED] - Object 'Object Repository/ADMIN/Categories/Category/button_upload save' is visible

2020-03-19 14:22:18 - [TEST_STEP][PASSED] - click(findTestObject("ADMIN/Categories/Category/button_upload save")): Object: 'Object Repository/ADMIN/Categories/Category/button_upload save' is clicked on

2020-03-19 14:22:18 - [MESSAGE][PASSED] - Object: 'Object Repository/ADMIN/Categories/Category/button_upload save' is clicked on

2020-03-19 14:22:18 - [TEST_STEP][PASSED] - setText(findTestObject("ADMIN/Categories/Category/textfield_category_description"), Description): Text 'Description21' is set on object 'Object Repository/ADMIN/Categories/Category/textfield_category_description'

2020-03-19 14:22:18 - [MESSAGE][PASSED] - Text 'Description21' is set on object 'Object Repository/ADMIN/Categories/Category/textfield_category_description'

2020-03-19 14:22:18 - [TEST_STEP][PASSED] - click(findTestObject("ADMIN/Categories/Category/button_Save")): Object: 'Object Repository/ADMIN/Categories/Category/button_Save' is clicked on

2020-03-19 14:22:19 - [MESSAGE][PASSED] - Object: 'Object Repository/ADMIN/Categories/Category/button_Save' is clicked on

2020-03-19 14:22:19 - [TEST_STEP][PASSED] - waitForElementVisible(findTestObject("ADMIN/Categories/Category/label_edit popup"), 0): Object 'Object Repository/ADMIN/Categories/Category/label_edit popup' is visible

2020-03-19 14:22:19 - [MESSAGE][WARNING] - Timeout '0' is invalid. Using default page load timeout: '30'

2020-03-19 14:22:19 - [MESSAGE][PASSED] - Object 'Object Repository/ADMIN/Categories/Category/label_edit popup' is visible

2020-03-19 14:22:19 - [TEST_STEP][PASSED] - waitForElementNotPresent(findTestObject("ADMIN/Categories/Category/label_edit popup"), 0): Web element with id: 'Object Repository/ADMIN/Categories/Category/label_edit popup' located by 'By.xpath: //div[(text() = 'Category was successfully saved.' or . = 'Category was successfully saved.')]' is not present after '30' second(s)

2020-03-19 14:22:19 - [MESSAGE][WARNING] - Timeout '0' is invalid. Using default page load timeout: '30'

2020-03-19 14:22:25 - [MESSAGE][PASSED] - Web element with id: 'Object Repository/ADMIN/Categories/Category/label_edit popup' located by 'By.xpath: //div[(text() = 'Category was successfully saved.' or . = 'Category was successfully saved.')]' is not present after '30' second(s)]]></system-out>
         <system-err><![CDATA[]]></system-err>
      </testcase>
      <testcase name="Test Cases/ADMIN/Content Mgmt/Categories/Category Add-Edit/Add Category" time="14.248" classname="Test Cases/ADMIN/Content Mgmt/Categories/Category Add-Edit/Add Category" status="FAILED">
         <failure type="FAILED" message="Test Cases/ADMIN/Content Mgmt/Categories/Category Add-Edit/Add Category FAILED.
Reason:
com.kms.katalon.core.exception.StepFailedException: Unable to click on object 'Object Repository/ADMIN/Categories/Category List/button_Categories' (Root cause: com.kms.katalon.core.exception.StepFailedException: Unable to click on object 'Object Repository/ADMIN/Categories/Category List/button_Categories'
	at com.kms.katalon.core.webui.keyword.internal.WebUIKeywordMain.stepFailed(WebUIKeywordMain.groovy:64)
	at com.kms.katalon.core.webui.keyword.internal.WebUIKeywordMain.runKeyword(WebUIKeywordMain.groovy:26)
	at com.kms.katalon.core.webui.keyword.builtin.ClickKeyword.click(ClickKeyword.groovy:76)
	at com.kms.katalon.core.webui.keyword.builtin.ClickKeyword.execute(ClickKeyword.groovy:43)
	at com.kms.katalon.core.keyword.internal.KeywordExecutor.executeKeywordForPlatform(KeywordExecutor.groovy:72)
	at com.kms.katalon.core.webui.keyword.WebUiBuiltInKeywords.click(WebUiBuiltInKeywords.groovy:616)
	at com.kms.katalon.core.webui.keyword.WebUiBuiltInKeywords$click$0.call(Unknown Source)
	at Add Category.run(Add Category:28)
	at com.kms.katalon.core.main.ScriptEngine.run(ScriptEngine.java:194)
	at com.kms.katalon.core.main.ScriptEngine.runScriptAsRawText(ScriptEngine.java:119)
	at com.kms.katalon.core.main.TestCaseExecutor.runScript(TestCaseExecutor.java:337)
	at com.kms.katalon.core.main.TestCaseExecutor.doExecute(TestCaseExecutor.java:328)
	at com.kms.katalon.core.main.TestCaseExecutor.processExecutionPhase(TestCaseExecutor.java:307)
	at com.kms.katalon.core.main.TestCaseExecutor.accessMainPhase(TestCaseExecutor.java:299)
	at com.kms.katalon.core.main.TestCaseExecutor.execute(TestCaseExecutor.java:233)
	at com.kms.katalon.core.main.TestSuiteExecutor.accessTestCaseMainPhase(TestSuiteExecutor.java:169)
	at com.kms.katalon.core.main.TestSuiteExecutor.accessTestSuiteMainPhase(TestSuiteExecutor.java:142)
	at com.kms.katalon.core.main.TestSuiteExecutor.execute(TestSuiteExecutor.java:91)
	at com.kms.katalon.core.main.TestCaseMain.startTestSuite(TestCaseMain.java:157)
	at com.kms.katalon.core.main.TestCaseMain$startTestSuite$0.call(Unknown Source)
	at TempTestSuite1584598607274.run(TempTestSuite1584598607274.groovy:36)
Caused by: org.openqa.selenium.ElementNotInteractableException: element not interactable
  (Session info: chrome=80.0.3987.132)
Build info: version: '3.141.59', revision: 'e82be7d358', time: '2018-11-14T08:25:53'
System info: host: 'ARCADIER-03', ip: '192.168.254.105', os.name: 'Windows 7', os.arch: 'amd64', os.version: '6.1', java.version: '1.8.0_181'
Driver info: com.kms.katalon.core.webui.driver.ExistingRemoteWebDriver
Capabilities {javascriptEnabled: true, platform: ANY, platformName: ANY}
Session ID: 66da7635ded2d355388026ca8e7d8eff
	at org.openqa.selenium.remote.http.W3CHttpResponseCodec.createException(W3CHttpResponseCodec.java:187)
	at org.openqa.selenium.remote.http.W3CHttpResponseCodec.decode(W3CHttpResponseCodec.java:122)
	at org.openqa.selenium.remote.http.W3CHttpResponseCodec.decode(W3CHttpResponseCodec.java:49)
	at org.openqa.selenium.remote.HttpCommandExecutor.execute(HttpCommandExecutor.java:158)
	at org.openqa.selenium.remote.RemoteWebDriver.execute(RemoteWebDriver.java:552)
	at com.kms.katalon.core.webui.driver.ExistingRemoteWebDriver.execute(ExistingRemoteWebDriver.java:108)
	at org.openqa.selenium.remote.RemoteWebElement.execute(RemoteWebElement.java:285)
	at org.openqa.selenium.remote.RemoteWebElement.click(RemoteWebElement.java:84)
	at org.openqa.selenium.support.events.EventFiringWebDriver$EventFiringWebElement.lambda$new$0(EventFiringWebDriver.java:404)
	at com.sun.proxy.$Proxy9.click(Unknown Source)
	at org.openqa.selenium.support.events.EventFiringWebDriver$EventFiringWebElement.click(EventFiringWebDriver.java:417)
	at com.kms.katalon.core.webui.keyword.builtin.ClickKeyword$_click_closure1.doCall(ClickKeyword.groovy:69)
	at com.kms.katalon.core.webui.keyword.builtin.ClickKeyword$_click_closure1.call(ClickKeyword.groovy)
	at com.kms.katalon.core.webui.keyword.internal.WebUIKeywordMain.runKeyword(WebUIKeywordMain.groovy:20)
	at com.kms.katalon.core.webui.keyword.builtin.ClickKeyword.click(ClickKeyword.groovy:76)
	at com.kms.katalon.core.webui.keyword.builtin.ClickKeyword.execute(ClickKeyword.groovy:43)
	at com.kms.katalon.core.keyword.internal.KeywordExecutor.executeKeywordForPlatform(KeywordExecutor.groovy:72)
	at com.kms.katalon.core.webui.keyword.WebUiBuiltInKeywords.click(WebUiBuiltInKeywords.groovy:616)
	at com.kms.katalon.core.webui.keyword.WebUiBuiltInKeywords$click$0.call(Unknown Source)
	at Script1549506362832.run(Script1549506362832.groovy:28)
	... 13 more
)
	at com.kms.katalon.core.keyword.internal.KeywordMain.stepFailed(KeywordMain.groovy:39)
	at com.kms.katalon.core.webui.keyword.internal.WebUIKeywordMain.stepFailed(WebUIKeywordMain.groovy:64)
	at com.kms.katalon.core.webui.keyword.internal.WebUIKeywordMain.runKeyword(WebUIKeywordMain.groovy:26)
	at com.kms.katalon.core.webui.keyword.builtin.ClickKeyword.click(ClickKeyword.groovy:76)
	at com.kms.katalon.core.webui.keyword.builtin.ClickKeyword.execute(ClickKeyword.groovy:43)
	at com.kms.katalon.core.keyword.internal.KeywordExecutor.executeKeywordForPlatform(KeywordExecutor.groovy:72)
	at com.kms.katalon.core.webui.keyword.WebUiBuiltInKeywords.click(WebUiBuiltInKeywords.groovy:616)
	at com.kms.katalon.core.webui.keyword.WebUiBuiltInKeywords$click$0.call(Unknown Source)
	at Add Category.run(Add Category:28)
	at com.kms.katalon.core.main.ScriptEngine.run(ScriptEngine.java:194)
	at com.kms.katalon.core.main.ScriptEngine.runScriptAsRawText(ScriptEngine.java:119)
	at com.kms.katalon.core.main.TestCaseExecutor.runScript(TestCaseExecutor.java:337)
	at com.kms.katalon.core.main.TestCaseExecutor.doExecute(TestCaseExecutor.java:328)
	at com.kms.katalon.core.main.TestCaseExecutor.processExecutionPhase(TestCaseExecutor.java:307)
	at com.kms.katalon.core.main.TestCaseExecutor.accessMainPhase(TestCaseExecutor.java:299)
	at com.kms.katalon.core.main.TestCaseExecutor.execute(TestCaseExecutor.java:233)
	at com.kms.katalon.core.main.TestSuiteExecutor.accessTestCaseMainPhase(TestSuiteExecutor.java:169)
	at com.kms.katalon.core.main.TestSuiteExecutor.accessTestSuiteMainPhase(TestSuiteExecutor.java:142)
	at com.kms.katalon.core.main.TestSuiteExecutor.execute(TestSuiteExecutor.java:91)
	at com.kms.katalon.core.main.TestCaseMain.startTestSuite(TestCaseMain.java:157)
	at com.kms.katalon.core.main.TestCaseMain$startTestSuite$0.call(Unknown Source)
	at TempTestSuite1584598607274.run(TempTestSuite1584598607274.groovy:36)
Caused by: com.kms.katalon.core.exception.StepFailedException: Unable to click on object 'Object Repository/ADMIN/Categories/Category List/button_Categories'
	... 21 more
Caused by: org.openqa.selenium.ElementNotInteractableException: element not interactable
  (Session info: chrome=80.0.3987.132)
Build info: version: '3.141.59', revision: 'e82be7d358', time: '2018-11-14T08:25:53'
System info: host: 'ARCADIER-03', ip: '192.168.254.105', os.name: 'Windows 7', os.arch: 'amd64', os.version: '6.1', java.version: '1.8.0_181'
Driver info: com.kms.katalon.core.webui.driver.ExistingRemoteWebDriver
Capabilities {javascriptEnabled: true, platform: ANY, platformName: ANY}
Session ID: 66da7635ded2d355388026ca8e7d8eff
	at org.openqa.selenium.remote.http.W3CHttpResponseCodec.createException(W3CHttpResponseCodec.java:187)
	at org.openqa.selenium.remote.http.W3CHttpResponseCodec.decode(W3CHttpResponseCodec.java:122)
	at org.openqa.selenium.remote.http.W3CHttpResponseCodec.decode(W3CHttpResponseCodec.java:49)
	at org.openqa.selenium.remote.HttpCommandExecutor.execute(HttpCommandExecutor.java:158)
	at org.openqa.selenium.remote.RemoteWebDriver.execute(RemoteWebDriver.java:552)
	at com.kms.katalon.core.webui.driver.ExistingRemoteWebDriver.execute(ExistingRemoteWebDriver.java:108)
	at org.openqa.selenium.remote.RemoteWebElement.execute(RemoteWebElement.java:285)
	at org.openqa.selenium.remote.RemoteWebElement.click(RemoteWebElement.java:84)
	at org.openqa.selenium.support.events.EventFiringWebDriver$EventFiringWebElement.lambda$new$0(EventFiringWebDriver.java:404)
	at com.sun.proxy.$Proxy9.click(Unknown Source)
	at org.openqa.selenium.support.events.EventFiringWebDriver$EventFiringWebElement.click(EventFiringWebDriver.java:417)
	at com.kms.katalon.core.webui.keyword.builtin.ClickKeyword$_click_closure1.doCall(ClickKeyword.groovy:69)
	at com.kms.katalon.core.webui.keyword.builtin.ClickKeyword$_click_closure1.call(ClickKeyword.groovy)
	at com.kms.katalon.core.webui.keyword.internal.WebUIKeywordMain.runKeyword(WebUIKeywordMain.groovy:20)
	... 19 more
"/>
         <system-out><![CDATA[2020-03-19 14:22:25 - [TEST_CASE][FAILED] - Test Cases/ADMIN/Content Mgmt/Categories/Category Add-Edit/Add Category: Test Cases/ADMIN/Content Mgmt/Categories/Category Add-Edit/Add Category FAILED.
Reason:
com.kms.katalon.core.exception.StepFailedException: Unable to click on object 'Object Repository/ADMIN/Categories/Category List/button_Categories' (Root cause: com.kms.katalon.core.exception.StepFailedException: Unable to click on object 'Object Repository/ADMIN/Categories/Category List/button_Categories'
	at com.kms.katalon.core.webui.keyword.internal.WebUIKeywordMain.stepFailed(WebUIKeywordMain.groovy:64)
	at com.kms.katalon.core.webui.keyword.internal.WebUIKeywordMain.runKeyword(WebUIKeywordMain.groovy:26)
	at com.kms.katalon.core.webui.keyword.builtin.ClickKeyword.click(ClickKeyword.groovy:76)
	at com.kms.katalon.core.webui.keyword.builtin.ClickKeyword.execute(ClickKeyword.groovy:43)
	at com.kms.katalon.core.keyword.internal.KeywordExecutor.executeKeywordForPlatform(KeywordExecutor.groovy:72)
	at com.kms.katalon.core.webui.keyword.WebUiBuiltInKeywords.click(WebUiBuiltInKeywords.groovy:616)
	at com.kms.katalon.core.webui.keyword.WebUiBuiltInKeywords$click$0.call(Unknown Source)
	at Add Category.run(Add Category:28)
	at com.kms.katalon.core.main.ScriptEngine.run(ScriptEngine.java:194)
	at com.kms.katalon.core.main.ScriptEngine.runScriptAsRawText(ScriptEngine.java:119)
	at com.kms.katalon.core.main.TestCaseExecutor.runScript(TestCaseExecutor.java:337)
	at com.kms.katalon.core.main.TestCaseExecutor.doExecute(TestCaseExecutor.java:328)
	at com.kms.katalon.core.main.TestCaseExecutor.processExecutionPhase(TestCaseExecutor.java:307)
	at com.kms.katalon.core.main.TestCaseExecutor.accessMainPhase(TestCaseExecutor.java:299)
	at com.kms.katalon.core.main.TestCaseExecutor.execute(TestCaseExecutor.java:233)
	at com.kms.katalon.core.main.TestSuiteExecutor.accessTestCaseMainPhase(TestSuiteExecutor.java:169)
	at com.kms.katalon.core.main.TestSuiteExecutor.accessTestSuiteMainPhase(TestSuiteExecutor.java:142)
	at com.kms.katalon.core.main.TestSuiteExecutor.execute(TestSuiteExecutor.java:91)
	at com.kms.katalon.core.main.TestCaseMain.startTestSuite(TestCaseMain.java:157)
	at com.kms.katalon.core.main.TestCaseMain$startTestSuite$0.call(Unknown Source)
	at TempTestSuite1584598607274.run(TempTestSuite1584598607274.groovy:36)
Caused by: org.openqa.selenium.ElementNotInteractableException: element not interactable
  (Session info: chrome=80.0.3987.132)
Build info: version: '3.141.59', revision: 'e82be7d358', time: '2018-11-14T08:25:53'
System info: host: 'ARCADIER-03', ip: '192.168.254.105', os.name: 'Windows 7', os.arch: 'amd64', os.version: '6.1', java.version: '1.8.0_181'
Driver info: com.kms.katalon.core.webui.driver.ExistingRemoteWebDriver
Capabilities {javascriptEnabled: true, platform: ANY, platformName: ANY}
Session ID: 66da7635ded2d355388026ca8e7d8eff
	at org.openqa.selenium.remote.http.W3CHttpResponseCodec.createException(W3CHttpResponseCodec.java:187)
	at org.openqa.selenium.remote.http.W3CHttpResponseCodec.decode(W3CHttpResponseCodec.java:122)
	at org.openqa.selenium.remote.http.W3CHttpResponseCodec.decode(W3CHttpResponseCodec.java:49)
	at org.openqa.selenium.remote.HttpCommandExecutor.execute(HttpCommandExecutor.java:158)
	at org.openqa.selenium.remote.RemoteWebDriver.execute(RemoteWebDriver.java:552)
	at com.kms.katalon.core.webui.driver.ExistingRemoteWebDriver.execute(ExistingRemoteWebDriver.java:108)
	at org.openqa.selenium.remote.RemoteWebElement.execute(RemoteWebElement.java:285)
	at org.openqa.selenium.remote.RemoteWebElement.click(RemoteWebElement.java:84)
	at org.openqa.selenium.support.events.EventFiringWebDriver$EventFiringWebElement.lambda$new$0(EventFiringWebDriver.java:404)
	at com.sun.proxy.$Proxy9.click(Unknown Source)
	at org.openqa.selenium.support.events.EventFiringWebDriver$EventFiringWebElement.click(EventFiringWebDriver.java:417)
	at com.kms.katalon.core.webui.keyword.builtin.ClickKeyword$_click_closure1.doCall(ClickKeyword.groovy:69)
	at com.kms.katalon.core.webui.keyword.builtin.ClickKeyword$_click_closure1.call(ClickKeyword.groovy)
	at com.kms.katalon.core.webui.keyword.internal.WebUIKeywordMain.runKeyword(WebUIKeywordMain.groovy:20)
	at com.kms.katalon.core.webui.keyword.builtin.ClickKeyword.click(ClickKeyword.groovy:76)
	at com.kms.katalon.core.webui.keyword.builtin.ClickKeyword.execute(ClickKeyword.groovy:43)
	at com.kms.katalon.core.keyword.internal.KeywordExecutor.executeKeywordForPlatform(KeywordExecutor.groovy:72)
	at com.kms.katalon.core.webui.keyword.WebUiBuiltInKeywords.click(WebUiBuiltInKeywords.groovy:616)
	at com.kms.katalon.core.webui.keyword.WebUiBuiltInKeywords$click$0.call(Unknown Source)
	at Script1549506362832.run(Script1549506362832.groovy:28)
	... 13 more
)
	at com.kms.katalon.core.keyword.internal.KeywordMain.stepFailed(KeywordMain.groovy:39)
	at com.kms.katalon.core.webui.keyword.internal.WebUIKeywordMain.stepFailed(WebUIKeywordMain.groovy:64)
	at com.kms.katalon.core.webui.keyword.internal.WebUIKeywordMain.runKeyword(WebUIKeywordMain.groovy:26)
	at com.kms.katalon.core.webui.keyword.builtin.ClickKeyword.click(ClickKeyword.groovy:76)
	at com.kms.katalon.core.webui.keyword.builtin.ClickKeyword.execute(ClickKeyword.groovy:43)
	at com.kms.katalon.core.keyword.internal.KeywordExecutor.executeKeywordForPlatform(KeywordExecutor.groovy:72)
	at com.kms.katalon.core.webui.keyword.WebUiBuiltInKeywords.click(WebUiBuiltInKeywords.groovy:616)
	at com.kms.katalon.core.webui.keyword.WebUiBuiltInKeywords$click$0.call(Unknown Source)
	at Add Category.run(Add Category:28)
	at com.kms.katalon.core.main.ScriptEngine.run(ScriptEngine.java:194)
	at com.kms.katalon.core.main.ScriptEngine.runScriptAsRawText(ScriptEngine.java:119)
	at com.kms.katalon.core.main.TestCaseExecutor.runScript(TestCaseExecutor.java:337)
	at com.kms.katalon.core.main.TestCaseExecutor.doExecute(TestCaseExecutor.java:328)
	at com.kms.katalon.core.main.TestCaseExecutor.processExecutionPhase(TestCaseExecutor.java:307)
	at com.kms.katalon.core.main.TestCaseExecutor.accessMainPhase(TestCaseExecutor.java:299)
	at com.kms.katalon.core.main.TestCaseExecutor.execute(TestCaseExecutor.java:233)
	at com.kms.katalon.core.main.TestSuiteExecutor.accessTestCaseMainPhase(TestSuiteExecutor.java:169)
	at com.kms.katalon.core.main.TestSuiteExecutor.accessTestSuiteMainPhase(TestSuiteExecutor.java:142)
	at com.kms.katalon.core.main.TestSuiteExecutor.execute(TestSuiteExecutor.java:91)
	at com.kms.katalon.core.main.TestCaseMain.startTestSuite(TestCaseMain.java:157)
	at com.kms.katalon.core.main.TestCaseMain$startTestSuite$0.call(Unknown Source)
	at TempTestSuite1584598607274.run(TempTestSuite1584598607274.groovy:36)
Caused by: com.kms.katalon.core.exception.StepFailedException: Unable to click on object 'Object Repository/ADMIN/Categories/Category List/button_Categories'
	... 21 more
Caused by: org.openqa.selenium.ElementNotInteractableException: element not interactable
  (Session info: chrome=80.0.3987.132)
Build info: version: '3.141.59', revision: 'e82be7d358', time: '2018-11-14T08:25:53'
System info: host: 'ARCADIER-03', ip: '192.168.254.105', os.name: 'Windows 7', os.arch: 'amd64', os.version: '6.1', java.version: '1.8.0_181'
Driver info: com.kms.katalon.core.webui.driver.ExistingRemoteWebDriver
Capabilities {javascriptEnabled: true, platform: ANY, platformName: ANY}
Session ID: 66da7635ded2d355388026ca8e7d8eff
	at org.openqa.selenium.remote.http.W3CHttpResponseCodec.createException(W3CHttpResponseCodec.java:187)
	at org.openqa.selenium.remote.http.W3CHttpResponseCodec.decode(W3CHttpResponseCodec.java:122)
	at org.openqa.selenium.remote.http.W3CHttpResponseCodec.decode(W3CHttpResponseCodec.java:49)
	at org.openqa.selenium.remote.HttpCommandExecutor.execute(HttpCommandExecutor.java:158)
	at org.openqa.selenium.remote.RemoteWebDriver.execute(RemoteWebDriver.java:552)
	at com.kms.katalon.core.webui.driver.ExistingRemoteWebDriver.execute(ExistingRemoteWebDriver.java:108)
	at org.openqa.selenium.remote.RemoteWebElement.execute(RemoteWebElement.java:285)
	at org.openqa.selenium.remote.RemoteWebElement.click(RemoteWebElement.java:84)
	at org.openqa.selenium.support.events.EventFiringWebDriver$EventFiringWebElement.lambda$new$0(EventFiringWebDriver.java:404)
	at com.sun.proxy.$Proxy9.click(Unknown Source)
	at org.openqa.selenium.support.events.EventFiringWebDriver$EventFiringWebElement.click(EventFiringWebDriver.java:417)
	at com.kms.katalon.core.webui.keyword.builtin.ClickKeyword$_click_closure1.doCall(ClickKeyword.groovy:69)
	at com.kms.katalon.core.webui.keyword.builtin.ClickKeyword$_click_closure1.call(ClickKeyword.groovy)
	at com.kms.katalon.core.webui.keyword.internal.WebUIKeywordMain.runKeyword(WebUIKeywordMain.groovy:20)
	... 19 more


2020-03-19 14:22:25 - [TEST_STEP][PASSED] - waitForElementVisible(findTestObject("ADMIN/Categories/Category List/button_Content Mgmt"), 0): Object 'Object Repository/ADMIN/Categories/Category List/button_Content Mgmt' is visible

2020-03-19 14:22:25 - [MESSAGE][WARNING] - Timeout '0' is invalid. Using default page load timeout: '30'

2020-03-19 14:22:25 - [MESSAGE][PASSED] - Object 'Object Repository/ADMIN/Categories/Category List/button_Content Mgmt' is visible

2020-03-19 14:22:25 - [TEST_STEP][PASSED] - click(findTestObject("ADMIN/Categories/Category List/button_Content Mgmt")): Object: 'Object Repository/ADMIN/Categories/Category List/button_Content Mgmt' is clicked on

2020-03-19 14:22:25 - [MESSAGE][PASSED] - Object: 'Object Repository/ADMIN/Categories/Category List/button_Content Mgmt' is clicked on

2020-03-19 14:22:25 - [TEST_STEP][PASSED] - waitForElementVisible(findTestObject("ADMIN/Categories/Category List/button_Categories"), 0): Object 'Object Repository/ADMIN/Categories/Category List/button_Categories' is visible

2020-03-19 14:22:25 - [MESSAGE][WARNING] - Timeout '0' is invalid. Using default page load timeout: '30'

2020-03-19 14:22:25 - [MESSAGE][PASSED] - Object 'Object Repository/ADMIN/Categories/Category List/button_Categories' is visible

2020-03-19 14:22:25 - [TEST_STEP][FAILED] - click(findTestObject("ADMIN/Categories/Category List/button_Categories")): Unable to click on object 'Object Repository/ADMIN/Categories/Category List/button_Categories' (Root cause: com.kms.katalon.core.exception.StepFailedException: Unable to click on object 'Object Repository/ADMIN/Categories/Category List/button_Categories'
	at com.kms.katalon.core.webui.keyword.internal.WebUIKeywordMain.stepFailed(WebUIKeywordMain.groovy:64)
	at com.kms.katalon.core.webui.keyword.internal.WebUIKeywordMain.runKeyword(WebUIKeywordMain.groovy:26)
	at com.kms.katalon.core.webui.keyword.builtin.ClickKeyword.click(ClickKeyword.groovy:76)
	at com.kms.katalon.core.webui.keyword.builtin.ClickKeyword.execute(ClickKeyword.groovy:43)
	at com.kms.katalon.core.keyword.internal.KeywordExecutor.executeKeywordForPlatform(KeywordExecutor.groovy:72)
	at com.kms.katalon.core.webui.keyword.WebUiBuiltInKeywords.click(WebUiBuiltInKeywords.groovy:616)
	at com.kms.katalon.core.webui.keyword.WebUiBuiltInKeywords$click$0.call(Unknown Source)
	at Add Category.run(Add Category:28)
	at com.kms.katalon.core.main.ScriptEngine.run(ScriptEngine.java:194)
	at com.kms.katalon.core.main.ScriptEngine.runScriptAsRawText(ScriptEngine.java:119)
	at com.kms.katalon.core.main.TestCaseExecutor.runScript(TestCaseExecutor.java:337)
	at com.kms.katalon.core.main.TestCaseExecutor.doExecute(TestCaseExecutor.java:328)
	at com.kms.katalon.core.main.TestCaseExecutor.processExecutionPhase(TestCaseExecutor.java:307)
	at com.kms.katalon.core.main.TestCaseExecutor.accessMainPhase(TestCaseExecutor.java:299)
	at com.kms.katalon.core.main.TestCaseExecutor.execute(TestCaseExecutor.java:233)
	at com.kms.katalon.core.main.TestSuiteExecutor.accessTestCaseMainPhase(TestSuiteExecutor.java:169)
	at com.kms.katalon.core.main.TestSuiteExecutor.accessTestSuiteMainPhase(TestSuiteExecutor.java:142)
	at com.kms.katalon.core.main.TestSuiteExecutor.execute(TestSuiteExecutor.java:91)
	at com.kms.katalon.core.main.TestCaseMain.startTestSuite(TestCaseMain.java:157)
	at com.kms.katalon.core.main.TestCaseMain$startTestSuite$0.call(Unknown Source)
	at TempTestSuite1584598607274.run(TempTestSuite1584598607274.groovy:36)
Caused by: org.openqa.selenium.ElementNotInteractableException: element not interactable
  (Session info: chrome=80.0.3987.132)
Build info: version: '3.141.59', revision: 'e82be7d358', time: '2018-11-14T08:25:53'
System info: host: 'ARCADIER-03', ip: '192.168.254.105', os.name: 'Windows 7', os.arch: 'amd64', os.version: '6.1', java.version: '1.8.0_181'
Driver info: com.kms.katalon.core.webui.driver.ExistingRemoteWebDriver
Capabilities {javascriptEnabled: true, platform: ANY, platformName: ANY}
Session ID: 66da7635ded2d355388026ca8e7d8eff
	at org.openqa.selenium.remote.http.W3CHttpResponseCodec.createException(W3CHttpResponseCodec.java:187)
	at org.openqa.selenium.remote.http.W3CHttpResponseCodec.decode(W3CHttpResponseCodec.java:122)
	at org.openqa.selenium.remote.http.W3CHttpResponseCodec.decode(W3CHttpResponseCodec.java:49)
	at org.openqa.selenium.remote.HttpCommandExecutor.execute(HttpCommandExecutor.java:158)
	at org.openqa.selenium.remote.RemoteWebDriver.execute(RemoteWebDriver.java:552)
	at com.kms.katalon.core.webui.driver.ExistingRemoteWebDriver.execute(ExistingRemoteWebDriver.java:108)
	at org.openqa.selenium.remote.RemoteWebElement.execute(RemoteWebElement.java:285)
	at org.openqa.selenium.remote.RemoteWebElement.click(RemoteWebElement.java:84)
	at org.openqa.selenium.support.events.EventFiringWebDriver$EventFiringWebElement.lambda$new$0(EventFiringWebDriver.java:404)
	at com.sun.proxy.$Proxy9.click(Unknown Source)
	at org.openqa.selenium.support.events.EventFiringWebDriver$EventFiringWebElement.click(EventFiringWebDriver.java:417)
	at com.kms.katalon.core.webui.keyword.builtin.ClickKeyword$_click_closure1.doCall(ClickKeyword.groovy:69)
	at com.kms.katalon.core.webui.keyword.builtin.ClickKeyword$_click_closure1.call(ClickKeyword.groovy)
	at com.kms.katalon.core.webui.keyword.internal.WebUIKeywordMain.runKeyword(WebUIKeywordMain.groovy:20)
	at com.kms.katalon.core.webui.keyword.builtin.ClickKeyword.click(ClickKeyword.groovy:76)
	at com.kms.katalon.core.webui.keyword.builtin.ClickKeyword.execute(ClickKeyword.groovy:43)
	at com.kms.katalon.core.keyword.internal.KeywordExecutor.executeKeywordForPlatform(KeywordExecutor.groovy:72)
	at com.kms.katalon.core.webui.keyword.WebUiBuiltInKeywords.click(WebUiBuiltInKeywords.groovy:616)
	at com.kms.katalon.core.webui.keyword.WebUiBuiltInKeywords$click$0.call(Unknown Source)
	at Script1549506362832.run(Script1549506362832.groovy:28)
	... 13 more
)

2020-03-19 14:22:26 - [MESSAGE][FAILED] - Unable to click on object 'Object Repository/ADMIN/Categories/Category List/button_Categories' (Root cause: com.kms.katalon.core.exception.StepFailedException: Unable to click on object 'Object Repository/ADMIN/Categories/Category List/button_Categories'
	at com.kms.katalon.core.webui.keyword.internal.WebUIKeywordMain.stepFailed(WebUIKeywordMain.groovy:64)
	at com.kms.katalon.core.webui.keyword.internal.WebUIKeywordMain.runKeyword(WebUIKeywordMain.groovy:26)
	at com.kms.katalon.core.webui.keyword.builtin.ClickKeyword.click(ClickKeyword.groovy:76)
	at com.kms.katalon.core.webui.keyword.builtin.ClickKeyword.execute(ClickKeyword.groovy:43)
	at com.kms.katalon.core.keyword.internal.KeywordExecutor.executeKeywordForPlatform(KeywordExecutor.groovy:72)
	at com.kms.katalon.core.webui.keyword.WebUiBuiltInKeywords.click(WebUiBuiltInKeywords.groovy:616)
	at com.kms.katalon.core.webui.keyword.WebUiBuiltInKeywords$click$0.call(Unknown Source)
	at Add Category.run(Add Category:28)
	at com.kms.katalon.core.main.ScriptEngine.run(ScriptEngine.java:194)
	at com.kms.katalon.core.main.ScriptEngine.runScriptAsRawText(ScriptEngine.java:119)
	at com.kms.katalon.core.main.TestCaseExecutor.runScript(TestCaseExecutor.java:337)
	at com.kms.katalon.core.main.TestCaseExecutor.doExecute(TestCaseExecutor.java:328)
	at com.kms.katalon.core.main.TestCaseExecutor.processExecutionPhase(TestCaseExecutor.java:307)
	at com.kms.katalon.core.main.TestCaseExecutor.accessMainPhase(TestCaseExecutor.java:299)
	at com.kms.katalon.core.main.TestCaseExecutor.execute(TestCaseExecutor.java:233)
	at com.kms.katalon.core.main.TestSuiteExecutor.accessTestCaseMainPhase(TestSuiteExecutor.java:169)
	at com.kms.katalon.core.main.TestSuiteExecutor.accessTestSuiteMainPhase(TestSuiteExecutor.java:142)
	at com.kms.katalon.core.main.TestSuiteExecutor.execute(TestSuiteExecutor.java:91)
	at com.kms.katalon.core.main.TestCaseMain.startTestSuite(TestCaseMain.java:157)
	at com.kms.katalon.core.main.TestCaseMain$startTestSuite$0.call(Unknown Source)
	at TempTestSuite1584598607274.run(TempTestSuite1584598607274.groovy:36)
Caused by: org.openqa.selenium.ElementNotInteractableException: element not interactable
  (Session info: chrome=80.0.3987.132)
Build info: version: '3.141.59', revision: 'e82be7d358', time: '2018-11-14T08:25:53'
System info: host: 'ARCADIER-03', ip: '192.168.254.105', os.name: 'Windows 7', os.arch: 'amd64', os.version: '6.1', java.version: '1.8.0_181'
Driver info: com.kms.katalon.core.webui.driver.ExistingRemoteWebDriver
Capabilities {javascriptEnabled: true, platform: ANY, platformName: ANY}
Session ID: 66da7635ded2d355388026ca8e7d8eff
	at org.openqa.selenium.remote.http.W3CHttpResponseCodec.createException(W3CHttpResponseCodec.java:187)
	at org.openqa.selenium.remote.http.W3CHttpResponseCodec.decode(W3CHttpResponseCodec.java:122)
	at org.openqa.selenium.remote.http.W3CHttpResponseCodec.decode(W3CHttpResponseCodec.java:49)
	at org.openqa.selenium.remote.HttpCommandExecutor.execute(HttpCommandExecutor.java:158)
	at org.openqa.selenium.remote.RemoteWebDriver.execute(RemoteWebDriver.java:552)
	at com.kms.katalon.core.webui.driver.ExistingRemoteWebDriver.execute(ExistingRemoteWebDriver.java:108)
	at org.openqa.selenium.remote.RemoteWebElement.execute(RemoteWebElement.java:285)
	at org.openqa.selenium.remote.RemoteWebElement.click(RemoteWebElement.java:84)
	at org.openqa.selenium.support.events.EventFiringWebDriver$EventFiringWebElement.lambda$new$0(EventFiringWebDriver.java:404)
	at com.sun.proxy.$Proxy9.click(Unknown Source)
	at org.openqa.selenium.support.events.EventFiringWebDriver$EventFiringWebElement.click(EventFiringWebDriver.java:417)
	at com.kms.katalon.core.webui.keyword.builtin.ClickKeyword$_click_closure1.doCall(ClickKeyword.groovy:69)
	at com.kms.katalon.core.webui.keyword.builtin.ClickKeyword$_click_closure1.call(ClickKeyword.groovy)
	at com.kms.katalon.core.webui.keyword.internal.WebUIKeywordMain.runKeyword(WebUIKeywordMain.groovy:20)
	at com.kms.katalon.core.webui.keyword.builtin.ClickKeyword.click(ClickKeyword.groovy:76)
	at com.kms.katalon.core.webui.keyword.builtin.ClickKeyword.execute(ClickKeyword.groovy:43)
	at com.kms.katalon.core.keyword.internal.KeywordExecutor.executeKeywordForPlatform(KeywordExecutor.groovy:72)
	at com.kms.katalon.core.webui.keyword.WebUiBuiltInKeywords.click(WebUiBuiltInKeywords.groovy:616)
	at com.kms.katalon.core.webui.keyword.WebUiBuiltInKeywords$click$0.call(Unknown Source)
	at Script1549506362832.run(Script1549506362832.groovy:28)
	... 13 more
)
[[ATTACHMENT|C:\\Katalon\\Arctick\\Reports\\20200319_141647\\Admin\\Admin Add Category\\20200319_141647\\1584598946097.png]]

2020-03-19 14:22:26 - [TEST_STEP][PASSED] - waitForPageLoad(0, STOP_ON_FAILURE): Wait for page load successfully

2020-03-19 14:22:26 - [MESSAGE][WARNING] - Timeout '0' is invalid. Using default page load timeout: '30'

2020-03-19 14:22:26 - [MESSAGE][PASSED] - Wait for page load successfully

2020-03-19 14:22:26 - [TEST_STEP][PASSED] - click(findTestObject("ADMIN/Categories/Category List/button_Add a Category")): Object: 'Object Repository/ADMIN/Categories/Category List/button_Add a Category' is clicked on

2020-03-19 14:22:26 - [MESSAGE][PASSED] - Object: 'Object Repository/ADMIN/Categories/Category List/button_Add a Category' is clicked on

2020-03-19 14:22:26 - [TEST_STEP][PASSED] - waitForElementPresent(findTestObject("ADMIN/Categories/Category/dropdown_Parent"), 2): Object 'Object Repository/ADMIN/Categories/Category/dropdown_Parent' is present

2020-03-19 14:22:26 - [MESSAGE][PASSED] - Object 'Object Repository/ADMIN/Categories/Category/dropdown_Parent' is present

2020-03-19 14:22:26 - [TEST_STEP][PASSED] - delay(1): Delayed 1 second(s)

2020-03-19 14:22:27 - [MESSAGE][PASSED] - Delayed 1 second(s)

2020-03-19 14:22:27 - [TEST_STEP][PASSED] - setText(findTestObject("ADMIN/Categories/Category/textfield_Category Name"), CategoryNametext): Text 'Category 4.12' is set on object 'Object Repository/ADMIN/Categories/Category/textfield_Category Name'

2020-03-19 14:22:28 - [MESSAGE][PASSED] - Text 'Category 4.12' is set on object 'Object Repository/ADMIN/Categories/Category/textfield_Category Name'

2020-03-19 14:22:28 - [TEST_STEP][PASSED] - click(findTestObject("ADMIN/Categories/Category/dropdown_Parent")): Object: 'Object Repository/ADMIN/Categories/Category/dropdown_Parent' is clicked on

2020-03-19 14:22:28 - [MESSAGE][PASSED] - Object: 'Object Repository/ADMIN/Categories/Category/dropdown_Parent' is clicked on

2020-03-19 14:22:28 - [TEST_STEP][PASSED] - delay(2): Delayed 2 second(s)

2020-03-19 14:22:30 - [MESSAGE][PASSED] - Delayed 2 second(s)

2020-03-19 14:22:30 - [TEST_STEP][PASSED] - click(findTestObject("ADMIN/Categories/Category/dropdown_Parent")): Object: 'Object Repository/ADMIN/Categories/Category/dropdown_Parent' is clicked on

2020-03-19 14:22:30 - [MESSAGE][PASSED] - Object: 'Object Repository/ADMIN/Categories/Category/dropdown_Parent' is clicked on

2020-03-19 14:22:30 - [TEST_STEP][PASSED] - selectOptionByLabel(findTestObject("ADMIN/Categories/Category/dropdown_Parent"), ParentName, false): All options with label 'Category 04' are selected in object 'Object Repository/ADMIN/Categories/Category/dropdown_Parent' 

2020-03-19 14:22:30 - [MESSAGE][PASSED] - All options with label 'Category 04' are selected in object 'Object Repository/ADMIN/Categories/Category/dropdown_Parent' 

2020-03-19 14:22:30 - [TEST_STEP][PASSED] - click(findTestObject("ADMIN/Categories/Category/button_Browse")): Object: 'Object Repository/ADMIN/Categories/Category/button_Browse' is clicked on

2020-03-19 14:22:30 - [MESSAGE][PASSED] - Object: 'Object Repository/ADMIN/Categories/Category/button_Browse' is clicked on

2020-03-19 14:22:30 - [TEST_STEP][PASSED] - delay(2): Delayed 2 second(s)

2020-03-19 14:22:32 - [MESSAGE][PASSED] - Delayed 2 second(s)

2020-03-19 14:22:32 - [TEST_STEP][PASSED] - uploadFile(findTestObject("ADMIN/Categories/Category/image_input image"), CategoryImageUpload): File 'C:\\Katalon\\Arctick\\Images\\Category\\4.png' sent to object: 'Object Repository/ADMIN/Categories/Category/image_input image'

2020-03-19 14:22:32 - [MESSAGE][PASSED] - File 'C:\\Katalon\\Arctick\\Images\\Category\\4.png' sent to object: 'Object Repository/ADMIN/Categories/Category/image_input image'

2020-03-19 14:22:32 - [TEST_STEP][PASSED] - waitForElementVisible(findTestObject("ADMIN/Categories/Category/button_upload check"), 0): Object 'Object Repository/ADMIN/Categories/Category/button_upload check' is visible

2020-03-19 14:22:32 - [MESSAGE][WARNING] - Timeout '0' is invalid. Using default page load timeout: '30'

2020-03-19 14:22:32 - [MESSAGE][PASSED] - Object 'Object Repository/ADMIN/Categories/Category/button_upload check' is visible

2020-03-19 14:22:32 - [TEST_STEP][PASSED] - click(findTestObject("ADMIN/Categories/Category/button_upload check")): Object: 'Object Repository/ADMIN/Categories/Category/button_upload check' is clicked on

2020-03-19 14:22:32 - [MESSAGE][PASSED] - Object: 'Object Repository/ADMIN/Categories/Category/button_upload check' is clicked on

2020-03-19 14:22:32 - [TEST_STEP][PASSED] - waitForElementVisible(findTestObject("ADMIN/Categories/Category/button_upload save"), 0): Object 'Object Repository/ADMIN/Categories/Category/button_upload save' is visible

2020-03-19 14:22:32 - [MESSAGE][WARNING] - Timeout '0' is invalid. Using default page load timeout: '30'

2020-03-19 14:22:32 - [MESSAGE][PASSED] - Object 'Object Repository/ADMIN/Categories/Category/button_upload save' is visible

2020-03-19 14:22:32 - [TEST_STEP][PASSED] - click(findTestObject("ADMIN/Categories/Category/button_upload save")): Object: 'Object Repository/ADMIN/Categories/Category/button_upload save' is clicked on

2020-03-19 14:22:33 - [MESSAGE][PASSED] - Object: 'Object Repository/ADMIN/Categories/Category/button_upload save' is clicked on

2020-03-19 14:22:33 - [TEST_STEP][PASSED] - setText(findTestObject("ADMIN/Categories/Category/textfield_category_description"), Description): Text 'Description22' is set on object 'Object Repository/ADMIN/Categories/Category/textfield_category_description'

2020-03-19 14:22:33 - [MESSAGE][PASSED] - Text 'Description22' is set on object 'Object Repository/ADMIN/Categories/Category/textfield_category_description'

2020-03-19 14:22:33 - [TEST_STEP][PASSED] - click(findTestObject("ADMIN/Categories/Category/button_Save")): Object: 'Object Repository/ADMIN/Categories/Category/button_Save' is clicked on

2020-03-19 14:22:33 - [MESSAGE][PASSED] - Object: 'Object Repository/ADMIN/Categories/Category/button_Save' is clicked on

2020-03-19 14:22:33 - [TEST_STEP][PASSED] - waitForElementVisible(findTestObject("ADMIN/Categories/Category/label_edit popup"), 0): Object 'Object Repository/ADMIN/Categories/Category/label_edit popup' is visible

2020-03-19 14:22:33 - [MESSAGE][WARNING] - Timeout '0' is invalid. Using default page load timeout: '30'

2020-03-19 14:22:34 - [MESSAGE][PASSED] - Object 'Object Repository/ADMIN/Categories/Category/label_edit popup' is visible

2020-03-19 14:22:34 - [TEST_STEP][PASSED] - waitForElementNotPresent(findTestObject("ADMIN/Categories/Category/label_edit popup"), 0): Web element with id: 'Object Repository/ADMIN/Categories/Category/label_edit popup' located by 'By.xpath: //div[(text() = 'Category was successfully saved.' or . = 'Category was successfully saved.')]' is not present after '30' second(s)

2020-03-19 14:22:34 - [MESSAGE][WARNING] - Timeout '0' is invalid. Using default page load timeout: '30'

2020-03-19 14:22:39 - [MESSAGE][PASSED] - Web element with id: 'Object Repository/ADMIN/Categories/Category/label_edit popup' located by 'By.xpath: //div[(text() = 'Category was successfully saved.' or . = 'Category was successfully saved.')]' is not present after '30' second(s)]]></system-out>
         <system-err><![CDATA[2020-03-19 14:22:25 - [TEST_CASE][FAILED] - Test Cases/ADMIN/Content Mgmt/Categories/Category Add-Edit/Add Category: Test Cases/ADMIN/Content Mgmt/Categories/Category Add-Edit/Add Category FAILED.
Reason:
com.kms.katalon.core.exception.StepFailedException: Unable to click on object 'Object Repository/ADMIN/Categories/Category List/button_Categories' (Root cause: com.kms.katalon.core.exception.StepFailedException: Unable to click on object 'Object Repository/ADMIN/Categories/Category List/button_Categories'
	at com.kms.katalon.core.webui.keyword.internal.WebUIKeywordMain.stepFailed(WebUIKeywordMain.groovy:64)
	at com.kms.katalon.core.webui.keyword.internal.WebUIKeywordMain.runKeyword(WebUIKeywordMain.groovy:26)
	at com.kms.katalon.core.webui.keyword.builtin.ClickKeyword.click(ClickKeyword.groovy:76)
	at com.kms.katalon.core.webui.keyword.builtin.ClickKeyword.execute(ClickKeyword.groovy:43)
	at com.kms.katalon.core.keyword.internal.KeywordExecutor.executeKeywordForPlatform(KeywordExecutor.groovy:72)
	at com.kms.katalon.core.webui.keyword.WebUiBuiltInKeywords.click(WebUiBuiltInKeywords.groovy:616)
	at com.kms.katalon.core.webui.keyword.WebUiBuiltInKeywords$click$0.call(Unknown Source)
	at Add Category.run(Add Category:28)
	at com.kms.katalon.core.main.ScriptEngine.run(ScriptEngine.java:194)
	at com.kms.katalon.core.main.ScriptEngine.runScriptAsRawText(ScriptEngine.java:119)
	at com.kms.katalon.core.main.TestCaseExecutor.runScript(TestCaseExecutor.java:337)
	at com.kms.katalon.core.main.TestCaseExecutor.doExecute(TestCaseExecutor.java:328)
	at com.kms.katalon.core.main.TestCaseExecutor.processExecutionPhase(TestCaseExecutor.java:307)
	at com.kms.katalon.core.main.TestCaseExecutor.accessMainPhase(TestCaseExecutor.java:299)
	at com.kms.katalon.core.main.TestCaseExecutor.execute(TestCaseExecutor.java:233)
	at com.kms.katalon.core.main.TestSuiteExecutor.accessTestCaseMainPhase(TestSuiteExecutor.java:169)
	at com.kms.katalon.core.main.TestSuiteExecutor.accessTestSuiteMainPhase(TestSuiteExecutor.java:142)
	at com.kms.katalon.core.main.TestSuiteExecutor.execute(TestSuiteExecutor.java:91)
	at com.kms.katalon.core.main.TestCaseMain.startTestSuite(TestCaseMain.java:157)
	at com.kms.katalon.core.main.TestCaseMain$startTestSuite$0.call(Unknown Source)
	at TempTestSuite1584598607274.run(TempTestSuite1584598607274.groovy:36)
Caused by: org.openqa.selenium.ElementNotInteractableException: element not interactable
  (Session info: chrome=80.0.3987.132)
Build info: version: '3.141.59', revision: 'e82be7d358', time: '2018-11-14T08:25:53'
System info: host: 'ARCADIER-03', ip: '192.168.254.105', os.name: 'Windows 7', os.arch: 'amd64', os.version: '6.1', java.version: '1.8.0_181'
Driver info: com.kms.katalon.core.webui.driver.ExistingRemoteWebDriver
Capabilities {javascriptEnabled: true, platform: ANY, platformName: ANY}
Session ID: 66da7635ded2d355388026ca8e7d8eff
	at org.openqa.selenium.remote.http.W3CHttpResponseCodec.createException(W3CHttpResponseCodec.java:187)
	at org.openqa.selenium.remote.http.W3CHttpResponseCodec.decode(W3CHttpResponseCodec.java:122)
	at org.openqa.selenium.remote.http.W3CHttpResponseCodec.decode(W3CHttpResponseCodec.java:49)
	at org.openqa.selenium.remote.HttpCommandExecutor.execute(HttpCommandExecutor.java:158)
	at org.openqa.selenium.remote.RemoteWebDriver.execute(RemoteWebDriver.java:552)
	at com.kms.katalon.core.webui.driver.ExistingRemoteWebDriver.execute(ExistingRemoteWebDriver.java:108)
	at org.openqa.selenium.remote.RemoteWebElement.execute(RemoteWebElement.java:285)
	at org.openqa.selenium.remote.RemoteWebElement.click(RemoteWebElement.java:84)
	at org.openqa.selenium.support.events.EventFiringWebDriver$EventFiringWebElement.lambda$new$0(EventFiringWebDriver.java:404)
	at com.sun.proxy.$Proxy9.click(Unknown Source)
	at org.openqa.selenium.support.events.EventFiringWebDriver$EventFiringWebElement.click(EventFiringWebDriver.java:417)
	at com.kms.katalon.core.webui.keyword.builtin.ClickKeyword$_click_closure1.doCall(ClickKeyword.groovy:69)
	at com.kms.katalon.core.webui.keyword.builtin.ClickKeyword$_click_closure1.call(ClickKeyword.groovy)
	at com.kms.katalon.core.webui.keyword.internal.WebUIKeywordMain.runKeyword(WebUIKeywordMain.groovy:20)
	at com.kms.katalon.core.webui.keyword.builtin.ClickKeyword.click(ClickKeyword.groovy:76)
	at com.kms.katalon.core.webui.keyword.builtin.ClickKeyword.execute(ClickKeyword.groovy:43)
	at com.kms.katalon.core.keyword.internal.KeywordExecutor.executeKeywordForPlatform(KeywordExecutor.groovy:72)
	at com.kms.katalon.core.webui.keyword.WebUiBuiltInKeywords.click(WebUiBuiltInKeywords.groovy:616)
	at com.kms.katalon.core.webui.keyword.WebUiBuiltInKeywords$click$0.call(Unknown Source)
	at Script1549506362832.run(Script1549506362832.groovy:28)
	... 13 more
)
	at com.kms.katalon.core.keyword.internal.KeywordMain.stepFailed(KeywordMain.groovy:39)
	at com.kms.katalon.core.webui.keyword.internal.WebUIKeywordMain.stepFailed(WebUIKeywordMain.groovy:64)
	at com.kms.katalon.core.webui.keyword.internal.WebUIKeywordMain.runKeyword(WebUIKeywordMain.groovy:26)
	at com.kms.katalon.core.webui.keyword.builtin.ClickKeyword.click(ClickKeyword.groovy:76)
	at com.kms.katalon.core.webui.keyword.builtin.ClickKeyword.execute(ClickKeyword.groovy:43)
	at com.kms.katalon.core.keyword.internal.KeywordExecutor.executeKeywordForPlatform(KeywordExecutor.groovy:72)
	at com.kms.katalon.core.webui.keyword.WebUiBuiltInKeywords.click(WebUiBuiltInKeywords.groovy:616)
	at com.kms.katalon.core.webui.keyword.WebUiBuiltInKeywords$click$0.call(Unknown Source)
	at Add Category.run(Add Category:28)
	at com.kms.katalon.core.main.ScriptEngine.run(ScriptEngine.java:194)
	at com.kms.katalon.core.main.ScriptEngine.runScriptAsRawText(ScriptEngine.java:119)
	at com.kms.katalon.core.main.TestCaseExecutor.runScript(TestCaseExecutor.java:337)
	at com.kms.katalon.core.main.TestCaseExecutor.doExecute(TestCaseExecutor.java:328)
	at com.kms.katalon.core.main.TestCaseExecutor.processExecutionPhase(TestCaseExecutor.java:307)
	at com.kms.katalon.core.main.TestCaseExecutor.accessMainPhase(TestCaseExecutor.java:299)
	at com.kms.katalon.core.main.TestCaseExecutor.execute(TestCaseExecutor.java:233)
	at com.kms.katalon.core.main.TestSuiteExecutor.accessTestCaseMainPhase(TestSuiteExecutor.java:169)
	at com.kms.katalon.core.main.TestSuiteExecutor.accessTestSuiteMainPhase(TestSuiteExecutor.java:142)
	at com.kms.katalon.core.main.TestSuiteExecutor.execute(TestSuiteExecutor.java:91)
	at com.kms.katalon.core.main.TestCaseMain.startTestSuite(TestCaseMain.java:157)
	at com.kms.katalon.core.main.TestCaseMain$startTestSuite$0.call(Unknown Source)
	at TempTestSuite1584598607274.run(TempTestSuite1584598607274.groovy:36)
Caused by: com.kms.katalon.core.exception.StepFailedException: Unable to click on object 'Object Repository/ADMIN/Categories/Category List/button_Categories'
	... 21 more
Caused by: org.openqa.selenium.ElementNotInteractableException: element not interactable
  (Session info: chrome=80.0.3987.132)
Build info: version: '3.141.59', revision: 'e82be7d358', time: '2018-11-14T08:25:53'
System info: host: 'ARCADIER-03', ip: '192.168.254.105', os.name: 'Windows 7', os.arch: 'amd64', os.version: '6.1', java.version: '1.8.0_181'
Driver info: com.kms.katalon.core.webui.driver.ExistingRemoteWebDriver
Capabilities {javascriptEnabled: true, platform: ANY, platformName: ANY}
Session ID: 66da7635ded2d355388026ca8e7d8eff
	at org.openqa.selenium.remote.http.W3CHttpResponseCodec.createException(W3CHttpResponseCodec.java:187)
	at org.openqa.selenium.remote.http.W3CHttpResponseCodec.decode(W3CHttpResponseCodec.java:122)
	at org.openqa.selenium.remote.http.W3CHttpResponseCodec.decode(W3CHttpResponseCodec.java:49)
	at org.openqa.selenium.remote.HttpCommandExecutor.execute(HttpCommandExecutor.java:158)
	at org.openqa.selenium.remote.RemoteWebDriver.execute(RemoteWebDriver.java:552)
	at com.kms.katalon.core.webui.driver.ExistingRemoteWebDriver.execute(ExistingRemoteWebDriver.java:108)
	at org.openqa.selenium.remote.RemoteWebElement.execute(RemoteWebElement.java:285)
	at org.openqa.selenium.remote.RemoteWebElement.click(RemoteWebElement.java:84)
	at org.openqa.selenium.support.events.EventFiringWebDriver$EventFiringWebElement.lambda$new$0(EventFiringWebDriver.java:404)
	at com.sun.proxy.$Proxy9.click(Unknown Source)
	at org.openqa.selenium.support.events.EventFiringWebDriver$EventFiringWebElement.click(EventFiringWebDriver.java:417)
	at com.kms.katalon.core.webui.keyword.builtin.ClickKeyword$_click_closure1.doCall(ClickKeyword.groovy:69)
	at com.kms.katalon.core.webui.keyword.builtin.ClickKeyword$_click_closure1.call(ClickKeyword.groovy)
	at com.kms.katalon.core.webui.keyword.internal.WebUIKeywordMain.runKeyword(WebUIKeywordMain.groovy:20)
	... 19 more]]></system-err>
      </testcase>
      <testcase name="Test Cases/ADMIN/Content Mgmt/Categories/Category Add-Edit/Add Category" time="14.212" classname="Test Cases/ADMIN/Content Mgmt/Categories/Category Add-Edit/Add Category" status="FAILED">
         <failure type="FAILED" message="Test Cases/ADMIN/Content Mgmt/Categories/Category Add-Edit/Add Category FAILED.
Reason:
com.kms.katalon.core.exception.StepFailedException: Unable to click on object 'Object Repository/ADMIN/Categories/Category List/button_Categories' (Root cause: com.kms.katalon.core.exception.StepFailedException: Unable to click on object 'Object Repository/ADMIN/Categories/Category List/button_Categories'
	at com.kms.katalon.core.webui.keyword.internal.WebUIKeywordMain.stepFailed(WebUIKeywordMain.groovy:64)
	at com.kms.katalon.core.webui.keyword.internal.WebUIKeywordMain.runKeyword(WebUIKeywordMain.groovy:26)
	at com.kms.katalon.core.webui.keyword.builtin.ClickKeyword.click(ClickKeyword.groovy:76)
	at com.kms.katalon.core.webui.keyword.builtin.ClickKeyword.execute(ClickKeyword.groovy:43)
	at com.kms.katalon.core.keyword.internal.KeywordExecutor.executeKeywordForPlatform(KeywordExecutor.groovy:72)
	at com.kms.katalon.core.webui.keyword.WebUiBuiltInKeywords.click(WebUiBuiltInKeywords.groovy:616)
	at com.kms.katalon.core.webui.keyword.WebUiBuiltInKeywords$click$0.call(Unknown Source)
	at Add Category.run(Add Category:28)
	at com.kms.katalon.core.main.ScriptEngine.run(ScriptEngine.java:194)
	at com.kms.katalon.core.main.ScriptEngine.runScriptAsRawText(ScriptEngine.java:119)
	at com.kms.katalon.core.main.TestCaseExecutor.runScript(TestCaseExecutor.java:337)
	at com.kms.katalon.core.main.TestCaseExecutor.doExecute(TestCaseExecutor.java:328)
	at com.kms.katalon.core.main.TestCaseExecutor.processExecutionPhase(TestCaseExecutor.java:307)
	at com.kms.katalon.core.main.TestCaseExecutor.accessMainPhase(TestCaseExecutor.java:299)
	at com.kms.katalon.core.main.TestCaseExecutor.execute(TestCaseExecutor.java:233)
	at com.kms.katalon.core.main.TestSuiteExecutor.accessTestCaseMainPhase(TestSuiteExecutor.java:169)
	at com.kms.katalon.core.main.TestSuiteExecutor.accessTestSuiteMainPhase(TestSuiteExecutor.java:142)
	at com.kms.katalon.core.main.TestSuiteExecutor.execute(TestSuiteExecutor.java:91)
	at com.kms.katalon.core.main.TestCaseMain.startTestSuite(TestCaseMain.java:157)
	at com.kms.katalon.core.main.TestCaseMain$startTestSuite$0.call(Unknown Source)
	at TempTestSuite1584598607274.run(TempTestSuite1584598607274.groovy:36)
Caused by: org.openqa.selenium.ElementNotInteractableException: element not interactable
  (Session info: chrome=80.0.3987.132)
Build info: version: '3.141.59', revision: 'e82be7d358', time: '2018-11-14T08:25:53'
System info: host: 'ARCADIER-03', ip: '192.168.254.105', os.name: 'Windows 7', os.arch: 'amd64', os.version: '6.1', java.version: '1.8.0_181'
Driver info: com.kms.katalon.core.webui.driver.ExistingRemoteWebDriver
Capabilities {javascriptEnabled: true, platform: ANY, platformName: ANY}
Session ID: 66da7635ded2d355388026ca8e7d8eff
	at org.openqa.selenium.remote.http.W3CHttpResponseCodec.createException(W3CHttpResponseCodec.java:187)
	at org.openqa.selenium.remote.http.W3CHttpResponseCodec.decode(W3CHttpResponseCodec.java:122)
	at org.openqa.selenium.remote.http.W3CHttpResponseCodec.decode(W3CHttpResponseCodec.java:49)
	at org.openqa.selenium.remote.HttpCommandExecutor.execute(HttpCommandExecutor.java:158)
	at org.openqa.selenium.remote.RemoteWebDriver.execute(RemoteWebDriver.java:552)
	at com.kms.katalon.core.webui.driver.ExistingRemoteWebDriver.execute(ExistingRemoteWebDriver.java:108)
	at org.openqa.selenium.remote.RemoteWebElement.execute(RemoteWebElement.java:285)
	at org.openqa.selenium.remote.RemoteWebElement.click(RemoteWebElement.java:84)
	at org.openqa.selenium.support.events.EventFiringWebDriver$EventFiringWebElement.lambda$new$0(EventFiringWebDriver.java:404)
	at com.sun.proxy.$Proxy9.click(Unknown Source)
	at org.openqa.selenium.support.events.EventFiringWebDriver$EventFiringWebElement.click(EventFiringWebDriver.java:417)
	at com.kms.katalon.core.webui.keyword.builtin.ClickKeyword$_click_closure1.doCall(ClickKeyword.groovy:69)
	at com.kms.katalon.core.webui.keyword.builtin.ClickKeyword$_click_closure1.call(ClickKeyword.groovy)
	at com.kms.katalon.core.webui.keyword.internal.WebUIKeywordMain.runKeyword(WebUIKeywordMain.groovy:20)
	at com.kms.katalon.core.webui.keyword.builtin.ClickKeyword.click(ClickKeyword.groovy:76)
	at com.kms.katalon.core.webui.keyword.builtin.ClickKeyword.execute(ClickKeyword.groovy:43)
	at com.kms.katalon.core.keyword.internal.KeywordExecutor.executeKeywordForPlatform(KeywordExecutor.groovy:72)
	at com.kms.katalon.core.webui.keyword.WebUiBuiltInKeywords.click(WebUiBuiltInKeywords.groovy:616)
	at com.kms.katalon.core.webui.keyword.WebUiBuiltInKeywords$click$0.call(Unknown Source)
	at Script1549506362832.run(Script1549506362832.groovy:28)
	... 13 more
)
	at com.kms.katalon.core.keyword.internal.KeywordMain.stepFailed(KeywordMain.groovy:39)
	at com.kms.katalon.core.webui.keyword.internal.WebUIKeywordMain.stepFailed(WebUIKeywordMain.groovy:64)
	at com.kms.katalon.core.webui.keyword.internal.WebUIKeywordMain.runKeyword(WebUIKeywordMain.groovy:26)
	at com.kms.katalon.core.webui.keyword.builtin.ClickKeyword.click(ClickKeyword.groovy:76)
	at com.kms.katalon.core.webui.keyword.builtin.ClickKeyword.execute(ClickKeyword.groovy:43)
	at com.kms.katalon.core.keyword.internal.KeywordExecutor.executeKeywordForPlatform(KeywordExecutor.groovy:72)
	at com.kms.katalon.core.webui.keyword.WebUiBuiltInKeywords.click(WebUiBuiltInKeywords.groovy:616)
	at com.kms.katalon.core.webui.keyword.WebUiBuiltInKeywords$click$0.call(Unknown Source)
	at Add Category.run(Add Category:28)
	at com.kms.katalon.core.main.ScriptEngine.run(ScriptEngine.java:194)
	at com.kms.katalon.core.main.ScriptEngine.runScriptAsRawText(ScriptEngine.java:119)
	at com.kms.katalon.core.main.TestCaseExecutor.runScript(TestCaseExecutor.java:337)
	at com.kms.katalon.core.main.TestCaseExecutor.doExecute(TestCaseExecutor.java:328)
	at com.kms.katalon.core.main.TestCaseExecutor.processExecutionPhase(TestCaseExecutor.java:307)
	at com.kms.katalon.core.main.TestCaseExecutor.accessMainPhase(TestCaseExecutor.java:299)
	at com.kms.katalon.core.main.TestCaseExecutor.execute(TestCaseExecutor.java:233)
	at com.kms.katalon.core.main.TestSuiteExecutor.accessTestCaseMainPhase(TestSuiteExecutor.java:169)
	at com.kms.katalon.core.main.TestSuiteExecutor.accessTestSuiteMainPhase(TestSuiteExecutor.java:142)
	at com.kms.katalon.core.main.TestSuiteExecutor.execute(TestSuiteExecutor.java:91)
	at com.kms.katalon.core.main.TestCaseMain.startTestSuite(TestCaseMain.java:157)
	at com.kms.katalon.core.main.TestCaseMain$startTestSuite$0.call(Unknown Source)
	at TempTestSuite1584598607274.run(TempTestSuite1584598607274.groovy:36)
Caused by: com.kms.katalon.core.exception.StepFailedException: Unable to click on object 'Object Repository/ADMIN/Categories/Category List/button_Categories'
	... 21 more
Caused by: org.openqa.selenium.ElementNotInteractableException: element not interactable
  (Session info: chrome=80.0.3987.132)
Build info: version: '3.141.59', revision: 'e82be7d358', time: '2018-11-14T08:25:53'
System info: host: 'ARCADIER-03', ip: '192.168.254.105', os.name: 'Windows 7', os.arch: 'amd64', os.version: '6.1', java.version: '1.8.0_181'
Driver info: com.kms.katalon.core.webui.driver.ExistingRemoteWebDriver
Capabilities {javascriptEnabled: true, platform: ANY, platformName: ANY}
Session ID: 66da7635ded2d355388026ca8e7d8eff
	at org.openqa.selenium.remote.http.W3CHttpResponseCodec.createException(W3CHttpResponseCodec.java:187)
	at org.openqa.selenium.remote.http.W3CHttpResponseCodec.decode(W3CHttpResponseCodec.java:122)
	at org.openqa.selenium.remote.http.W3CHttpResponseCodec.decode(W3CHttpResponseCodec.java:49)
	at org.openqa.selenium.remote.HttpCommandExecutor.execute(HttpCommandExecutor.java:158)
	at org.openqa.selenium.remote.RemoteWebDriver.execute(RemoteWebDriver.java:552)
	at com.kms.katalon.core.webui.driver.ExistingRemoteWebDriver.execute(ExistingRemoteWebDriver.java:108)
	at org.openqa.selenium.remote.RemoteWebElement.execute(RemoteWebElement.java:285)
	at org.openqa.selenium.remote.RemoteWebElement.click(RemoteWebElement.java:84)
	at org.openqa.selenium.support.events.EventFiringWebDriver$EventFiringWebElement.lambda$new$0(EventFiringWebDriver.java:404)
	at com.sun.proxy.$Proxy9.click(Unknown Source)
	at org.openqa.selenium.support.events.EventFiringWebDriver$EventFiringWebElement.click(EventFiringWebDriver.java:417)
	at com.kms.katalon.core.webui.keyword.builtin.ClickKeyword$_click_closure1.doCall(ClickKeyword.groovy:69)
	at com.kms.katalon.core.webui.keyword.builtin.ClickKeyword$_click_closure1.call(ClickKeyword.groovy)
	at com.kms.katalon.core.webui.keyword.internal.WebUIKeywordMain.runKeyword(WebUIKeywordMain.groovy:20)
	... 19 more
"/>
         <system-out><![CDATA[2020-03-19 14:22:40 - [TEST_CASE][FAILED] - Test Cases/ADMIN/Content Mgmt/Categories/Category Add-Edit/Add Category: Test Cases/ADMIN/Content Mgmt/Categories/Category Add-Edit/Add Category FAILED.
Reason:
com.kms.katalon.core.exception.StepFailedException: Unable to click on object 'Object Repository/ADMIN/Categories/Category List/button_Categories' (Root cause: com.kms.katalon.core.exception.StepFailedException: Unable to click on object 'Object Repository/ADMIN/Categories/Category List/button_Categories'
	at com.kms.katalon.core.webui.keyword.internal.WebUIKeywordMain.stepFailed(WebUIKeywordMain.groovy:64)
	at com.kms.katalon.core.webui.keyword.internal.WebUIKeywordMain.runKeyword(WebUIKeywordMain.groovy:26)
	at com.kms.katalon.core.webui.keyword.builtin.ClickKeyword.click(ClickKeyword.groovy:76)
	at com.kms.katalon.core.webui.keyword.builtin.ClickKeyword.execute(ClickKeyword.groovy:43)
	at com.kms.katalon.core.keyword.internal.KeywordExecutor.executeKeywordForPlatform(KeywordExecutor.groovy:72)
	at com.kms.katalon.core.webui.keyword.WebUiBuiltInKeywords.click(WebUiBuiltInKeywords.groovy:616)
	at com.kms.katalon.core.webui.keyword.WebUiBuiltInKeywords$click$0.call(Unknown Source)
	at Add Category.run(Add Category:28)
	at com.kms.katalon.core.main.ScriptEngine.run(ScriptEngine.java:194)
	at com.kms.katalon.core.main.ScriptEngine.runScriptAsRawText(ScriptEngine.java:119)
	at com.kms.katalon.core.main.TestCaseExecutor.runScript(TestCaseExecutor.java:337)
	at com.kms.katalon.core.main.TestCaseExecutor.doExecute(TestCaseExecutor.java:328)
	at com.kms.katalon.core.main.TestCaseExecutor.processExecutionPhase(TestCaseExecutor.java:307)
	at com.kms.katalon.core.main.TestCaseExecutor.accessMainPhase(TestCaseExecutor.java:299)
	at com.kms.katalon.core.main.TestCaseExecutor.execute(TestCaseExecutor.java:233)
	at com.kms.katalon.core.main.TestSuiteExecutor.accessTestCaseMainPhase(TestSuiteExecutor.java:169)
	at com.kms.katalon.core.main.TestSuiteExecutor.accessTestSuiteMainPhase(TestSuiteExecutor.java:142)
	at com.kms.katalon.core.main.TestSuiteExecutor.execute(TestSuiteExecutor.java:91)
	at com.kms.katalon.core.main.TestCaseMain.startTestSuite(TestCaseMain.java:157)
	at com.kms.katalon.core.main.TestCaseMain$startTestSuite$0.call(Unknown Source)
	at TempTestSuite1584598607274.run(TempTestSuite1584598607274.groovy:36)
Caused by: org.openqa.selenium.ElementNotInteractableException: element not interactable
  (Session info: chrome=80.0.3987.132)
Build info: version: '3.141.59', revision: 'e82be7d358', time: '2018-11-14T08:25:53'
System info: host: 'ARCADIER-03', ip: '192.168.254.105', os.name: 'Windows 7', os.arch: 'amd64', os.version: '6.1', java.version: '1.8.0_181'
Driver info: com.kms.katalon.core.webui.driver.ExistingRemoteWebDriver
Capabilities {javascriptEnabled: true, platform: ANY, platformName: ANY}
Session ID: 66da7635ded2d355388026ca8e7d8eff
	at org.openqa.selenium.remote.http.W3CHttpResponseCodec.createException(W3CHttpResponseCodec.java:187)
	at org.openqa.selenium.remote.http.W3CHttpResponseCodec.decode(W3CHttpResponseCodec.java:122)
	at org.openqa.selenium.remote.http.W3CHttpResponseCodec.decode(W3CHttpResponseCodec.java:49)
	at org.openqa.selenium.remote.HttpCommandExecutor.execute(HttpCommandExecutor.java:158)
	at org.openqa.selenium.remote.RemoteWebDriver.execute(RemoteWebDriver.java:552)
	at com.kms.katalon.core.webui.driver.ExistingRemoteWebDriver.execute(ExistingRemoteWebDriver.java:108)
	at org.openqa.selenium.remote.RemoteWebElement.execute(RemoteWebElement.java:285)
	at org.openqa.selenium.remote.RemoteWebElement.click(RemoteWebElement.java:84)
	at org.openqa.selenium.support.events.EventFiringWebDriver$EventFiringWebElement.lambda$new$0(EventFiringWebDriver.java:404)
	at com.sun.proxy.$Proxy9.click(Unknown Source)
	at org.openqa.selenium.support.events.EventFiringWebDriver$EventFiringWebElement.click(EventFiringWebDriver.java:417)
	at com.kms.katalon.core.webui.keyword.builtin.ClickKeyword$_click_closure1.doCall(ClickKeyword.groovy:69)
	at com.kms.katalon.core.webui.keyword.builtin.ClickKeyword$_click_closure1.call(ClickKeyword.groovy)
	at com.kms.katalon.core.webui.keyword.internal.WebUIKeywordMain.runKeyword(WebUIKeywordMain.groovy:20)
	at com.kms.katalon.core.webui.keyword.builtin.ClickKeyword.click(ClickKeyword.groovy:76)
	at com.kms.katalon.core.webui.keyword.builtin.ClickKeyword.execute(ClickKeyword.groovy:43)
	at com.kms.katalon.core.keyword.internal.KeywordExecutor.executeKeywordForPlatform(KeywordExecutor.groovy:72)
	at com.kms.katalon.core.webui.keyword.WebUiBuiltInKeywords.click(WebUiBuiltInKeywords.groovy:616)
	at com.kms.katalon.core.webui.keyword.WebUiBuiltInKeywords$click$0.call(Unknown Source)
	at Script1549506362832.run(Script1549506362832.groovy:28)
	... 13 more
)
	at com.kms.katalon.core.keyword.internal.KeywordMain.stepFailed(KeywordMain.groovy:39)
	at com.kms.katalon.core.webui.keyword.internal.WebUIKeywordMain.stepFailed(WebUIKeywordMain.groovy:64)
	at com.kms.katalon.core.webui.keyword.internal.WebUIKeywordMain.runKeyword(WebUIKeywordMain.groovy:26)
	at com.kms.katalon.core.webui.keyword.builtin.ClickKeyword.click(ClickKeyword.groovy:76)
	at com.kms.katalon.core.webui.keyword.builtin.ClickKeyword.execute(ClickKeyword.groovy:43)
	at com.kms.katalon.core.keyword.internal.KeywordExecutor.executeKeywordForPlatform(KeywordExecutor.groovy:72)
	at com.kms.katalon.core.webui.keyword.WebUiBuiltInKeywords.click(WebUiBuiltInKeywords.groovy:616)
	at com.kms.katalon.core.webui.keyword.WebUiBuiltInKeywords$click$0.call(Unknown Source)
	at Add Category.run(Add Category:28)
	at com.kms.katalon.core.main.ScriptEngine.run(ScriptEngine.java:194)
	at com.kms.katalon.core.main.ScriptEngine.runScriptAsRawText(ScriptEngine.java:119)
	at com.kms.katalon.core.main.TestCaseExecutor.runScript(TestCaseExecutor.java:337)
	at com.kms.katalon.core.main.TestCaseExecutor.doExecute(TestCaseExecutor.java:328)
	at com.kms.katalon.core.main.TestCaseExecutor.processExecutionPhase(TestCaseExecutor.java:307)
	at com.kms.katalon.core.main.TestCaseExecutor.accessMainPhase(TestCaseExecutor.java:299)
	at com.kms.katalon.core.main.TestCaseExecutor.execute(TestCaseExecutor.java:233)
	at com.kms.katalon.core.main.TestSuiteExecutor.accessTestCaseMainPhase(TestSuiteExecutor.java:169)
	at com.kms.katalon.core.main.TestSuiteExecutor.accessTestSuiteMainPhase(TestSuiteExecutor.java:142)
	at com.kms.katalon.core.main.TestSuiteExecutor.execute(TestSuiteExecutor.java:91)
	at com.kms.katalon.core.main.TestCaseMain.startTestSuite(TestCaseMain.java:157)
	at com.kms.katalon.core.main.TestCaseMain$startTestSuite$0.call(Unknown Source)
	at TempTestSuite1584598607274.run(TempTestSuite1584598607274.groovy:36)
Caused by: com.kms.katalon.core.exception.StepFailedException: Unable to click on object 'Object Repository/ADMIN/Categories/Category List/button_Categories'
	... 21 more
Caused by: org.openqa.selenium.ElementNotInteractableException: element not interactable
  (Session info: chrome=80.0.3987.132)
Build info: version: '3.141.59', revision: 'e82be7d358', time: '2018-11-14T08:25:53'
System info: host: 'ARCADIER-03', ip: '192.168.254.105', os.name: 'Windows 7', os.arch: 'amd64', os.version: '6.1', java.version: '1.8.0_181'
Driver info: com.kms.katalon.core.webui.driver.ExistingRemoteWebDriver
Capabilities {javascriptEnabled: true, platform: ANY, platformName: ANY}
Session ID: 66da7635ded2d355388026ca8e7d8eff
	at org.openqa.selenium.remote.http.W3CHttpResponseCodec.createException(W3CHttpResponseCodec.java:187)
	at org.openqa.selenium.remote.http.W3CHttpResponseCodec.decode(W3CHttpResponseCodec.java:122)
	at org.openqa.selenium.remote.http.W3CHttpResponseCodec.decode(W3CHttpResponseCodec.java:49)
	at org.openqa.selenium.remote.HttpCommandExecutor.execute(HttpCommandExecutor.java:158)
	at org.openqa.selenium.remote.RemoteWebDriver.execute(RemoteWebDriver.java:552)
	at com.kms.katalon.core.webui.driver.ExistingRemoteWebDriver.execute(ExistingRemoteWebDriver.java:108)
	at org.openqa.selenium.remote.RemoteWebElement.execute(RemoteWebElement.java:285)
	at org.openqa.selenium.remote.RemoteWebElement.click(RemoteWebElement.java:84)
	at org.openqa.selenium.support.events.EventFiringWebDriver$EventFiringWebElement.lambda$new$0(EventFiringWebDriver.java:404)
	at com.sun.proxy.$Proxy9.click(Unknown Source)
	at org.openqa.selenium.support.events.EventFiringWebDriver$EventFiringWebElement.click(EventFiringWebDriver.java:417)
	at com.kms.katalon.core.webui.keyword.builtin.ClickKeyword$_click_closure1.doCall(ClickKeyword.groovy:69)
	at com.kms.katalon.core.webui.keyword.builtin.ClickKeyword$_click_closure1.call(ClickKeyword.groovy)
	at com.kms.katalon.core.webui.keyword.internal.WebUIKeywordMain.runKeyword(WebUIKeywordMain.groovy:20)
	... 19 more


2020-03-19 14:22:40 - [TEST_STEP][PASSED] - waitForElementVisible(findTestObject("ADMIN/Categories/Category List/button_Content Mgmt"), 0): Object 'Object Repository/ADMIN/Categories/Category List/button_Content Mgmt' is visible

2020-03-19 14:22:40 - [MESSAGE][WARNING] - Timeout '0' is invalid. Using default page load timeout: '30'

2020-03-19 14:22:40 - [MESSAGE][PASSED] - Object 'Object Repository/ADMIN/Categories/Category List/button_Content Mgmt' is visible

2020-03-19 14:22:40 - [TEST_STEP][PASSED] - click(findTestObject("ADMIN/Categories/Category List/button_Content Mgmt")): Object: 'Object Repository/ADMIN/Categories/Category List/button_Content Mgmt' is clicked on

2020-03-19 14:22:40 - [MESSAGE][PASSED] - Object: 'Object Repository/ADMIN/Categories/Category List/button_Content Mgmt' is clicked on

2020-03-19 14:22:40 - [TEST_STEP][PASSED] - waitForElementVisible(findTestObject("ADMIN/Categories/Category List/button_Categories"), 0): Object 'Object Repository/ADMIN/Categories/Category List/button_Categories' is visible

2020-03-19 14:22:40 - [MESSAGE][WARNING] - Timeout '0' is invalid. Using default page load timeout: '30'

2020-03-19 14:22:40 - [MESSAGE][PASSED] - Object 'Object Repository/ADMIN/Categories/Category List/button_Categories' is visible

2020-03-19 14:22:40 - [TEST_STEP][FAILED] - click(findTestObject("ADMIN/Categories/Category List/button_Categories")): Unable to click on object 'Object Repository/ADMIN/Categories/Category List/button_Categories' (Root cause: com.kms.katalon.core.exception.StepFailedException: Unable to click on object 'Object Repository/ADMIN/Categories/Category List/button_Categories'
	at com.kms.katalon.core.webui.keyword.internal.WebUIKeywordMain.stepFailed(WebUIKeywordMain.groovy:64)
	at com.kms.katalon.core.webui.keyword.internal.WebUIKeywordMain.runKeyword(WebUIKeywordMain.groovy:26)
	at com.kms.katalon.core.webui.keyword.builtin.ClickKeyword.click(ClickKeyword.groovy:76)
	at com.kms.katalon.core.webui.keyword.builtin.ClickKeyword.execute(ClickKeyword.groovy:43)
	at com.kms.katalon.core.keyword.internal.KeywordExecutor.executeKeywordForPlatform(KeywordExecutor.groovy:72)
	at com.kms.katalon.core.webui.keyword.WebUiBuiltInKeywords.click(WebUiBuiltInKeywords.groovy:616)
	at com.kms.katalon.core.webui.keyword.WebUiBuiltInKeywords$click$0.call(Unknown Source)
	at Add Category.run(Add Category:28)
	at com.kms.katalon.core.main.ScriptEngine.run(ScriptEngine.java:194)
	at com.kms.katalon.core.main.ScriptEngine.runScriptAsRawText(ScriptEngine.java:119)
	at com.kms.katalon.core.main.TestCaseExecutor.runScript(TestCaseExecutor.java:337)
	at com.kms.katalon.core.main.TestCaseExecutor.doExecute(TestCaseExecutor.java:328)
	at com.kms.katalon.core.main.TestCaseExecutor.processExecutionPhase(TestCaseExecutor.java:307)
	at com.kms.katalon.core.main.TestCaseExecutor.accessMainPhase(TestCaseExecutor.java:299)
	at com.kms.katalon.core.main.TestCaseExecutor.execute(TestCaseExecutor.java:233)
	at com.kms.katalon.core.main.TestSuiteExecutor.accessTestCaseMainPhase(TestSuiteExecutor.java:169)
	at com.kms.katalon.core.main.TestSuiteExecutor.accessTestSuiteMainPhase(TestSuiteExecutor.java:142)
	at com.kms.katalon.core.main.TestSuiteExecutor.execute(TestSuiteExecutor.java:91)
	at com.kms.katalon.core.main.TestCaseMain.startTestSuite(TestCaseMain.java:157)
	at com.kms.katalon.core.main.TestCaseMain$startTestSuite$0.call(Unknown Source)
	at TempTestSuite1584598607274.run(TempTestSuite1584598607274.groovy:36)
Caused by: org.openqa.selenium.ElementNotInteractableException: element not interactable
  (Session info: chrome=80.0.3987.132)
Build info: version: '3.141.59', revision: 'e82be7d358', time: '2018-11-14T08:25:53'
System info: host: 'ARCADIER-03', ip: '192.168.254.105', os.name: 'Windows 7', os.arch: 'amd64', os.version: '6.1', java.version: '1.8.0_181'
Driver info: com.kms.katalon.core.webui.driver.ExistingRemoteWebDriver
Capabilities {javascriptEnabled: true, platform: ANY, platformName: ANY}
Session ID: 66da7635ded2d355388026ca8e7d8eff
	at org.openqa.selenium.remote.http.W3CHttpResponseCodec.createException(W3CHttpResponseCodec.java:187)
	at org.openqa.selenium.remote.http.W3CHttpResponseCodec.decode(W3CHttpResponseCodec.java:122)
	at org.openqa.selenium.remote.http.W3CHttpResponseCodec.decode(W3CHttpResponseCodec.java:49)
	at org.openqa.selenium.remote.HttpCommandExecutor.execute(HttpCommandExecutor.java:158)
	at org.openqa.selenium.remote.RemoteWebDriver.execute(RemoteWebDriver.java:552)
	at com.kms.katalon.core.webui.driver.ExistingRemoteWebDriver.execute(ExistingRemoteWebDriver.java:108)
	at org.openqa.selenium.remote.RemoteWebElement.execute(RemoteWebElement.java:285)
	at org.openqa.selenium.remote.RemoteWebElement.click(RemoteWebElement.java:84)
	at org.openqa.selenium.support.events.EventFiringWebDriver$EventFiringWebElement.lambda$new$0(EventFiringWebDriver.java:404)
	at com.sun.proxy.$Proxy9.click(Unknown Source)
	at org.openqa.selenium.support.events.EventFiringWebDriver$EventFiringWebElement.click(EventFiringWebDriver.java:417)
	at com.kms.katalon.core.webui.keyword.builtin.ClickKeyword$_click_closure1.doCall(ClickKeyword.groovy:69)
	at com.kms.katalon.core.webui.keyword.builtin.ClickKeyword$_click_closure1.call(ClickKeyword.groovy)
	at com.kms.katalon.core.webui.keyword.internal.WebUIKeywordMain.runKeyword(WebUIKeywordMain.groovy:20)
	at com.kms.katalon.core.webui.keyword.builtin.ClickKeyword.click(ClickKeyword.groovy:76)
	at com.kms.katalon.core.webui.keyword.builtin.ClickKeyword.execute(ClickKeyword.groovy:43)
	at com.kms.katalon.core.keyword.internal.KeywordExecutor.executeKeywordForPlatform(KeywordExecutor.groovy:72)
	at com.kms.katalon.core.webui.keyword.WebUiBuiltInKeywords.click(WebUiBuiltInKeywords.groovy:616)
	at com.kms.katalon.core.webui.keyword.WebUiBuiltInKeywords$click$0.call(Unknown Source)
	at Script1549506362832.run(Script1549506362832.groovy:28)
	... 13 more
)

2020-03-19 14:22:40 - [MESSAGE][FAILED] - Unable to click on object 'Object Repository/ADMIN/Categories/Category List/button_Categories' (Root cause: com.kms.katalon.core.exception.StepFailedException: Unable to click on object 'Object Repository/ADMIN/Categories/Category List/button_Categories'
	at com.kms.katalon.core.webui.keyword.internal.WebUIKeywordMain.stepFailed(WebUIKeywordMain.groovy:64)
	at com.kms.katalon.core.webui.keyword.internal.WebUIKeywordMain.runKeyword(WebUIKeywordMain.groovy:26)
	at com.kms.katalon.core.webui.keyword.builtin.ClickKeyword.click(ClickKeyword.groovy:76)
	at com.kms.katalon.core.webui.keyword.builtin.ClickKeyword.execute(ClickKeyword.groovy:43)
	at com.kms.katalon.core.keyword.internal.KeywordExecutor.executeKeywordForPlatform(KeywordExecutor.groovy:72)
	at com.kms.katalon.core.webui.keyword.WebUiBuiltInKeywords.click(WebUiBuiltInKeywords.groovy:616)
	at com.kms.katalon.core.webui.keyword.WebUiBuiltInKeywords$click$0.call(Unknown Source)
	at Add Category.run(Add Category:28)
	at com.kms.katalon.core.main.ScriptEngine.run(ScriptEngine.java:194)
	at com.kms.katalon.core.main.ScriptEngine.runScriptAsRawText(ScriptEngine.java:119)
	at com.kms.katalon.core.main.TestCaseExecutor.runScript(TestCaseExecutor.java:337)
	at com.kms.katalon.core.main.TestCaseExecutor.doExecute(TestCaseExecutor.java:328)
	at com.kms.katalon.core.main.TestCaseExecutor.processExecutionPhase(TestCaseExecutor.java:307)
	at com.kms.katalon.core.main.TestCaseExecutor.accessMainPhase(TestCaseExecutor.java:299)
	at com.kms.katalon.core.main.TestCaseExecutor.execute(TestCaseExecutor.java:233)
	at com.kms.katalon.core.main.TestSuiteExecutor.accessTestCaseMainPhase(TestSuiteExecutor.java:169)
	at com.kms.katalon.core.main.TestSuiteExecutor.accessTestSuiteMainPhase(TestSuiteExecutor.java:142)
	at com.kms.katalon.core.main.TestSuiteExecutor.execute(TestSuiteExecutor.java:91)
	at com.kms.katalon.core.main.TestCaseMain.startTestSuite(TestCaseMain.java:157)
	at com.kms.katalon.core.main.TestCaseMain$startTestSuite$0.call(Unknown Source)
	at TempTestSuite1584598607274.run(TempTestSuite1584598607274.groovy:36)
Caused by: org.openqa.selenium.ElementNotInteractableException: element not interactable
  (Session info: chrome=80.0.3987.132)
Build info: version: '3.141.59', revision: 'e82be7d358', time: '2018-11-14T08:25:53'
System info: host: 'ARCADIER-03', ip: '192.168.254.105', os.name: 'Windows 7', os.arch: 'amd64', os.version: '6.1', java.version: '1.8.0_181'
Driver info: com.kms.katalon.core.webui.driver.ExistingRemoteWebDriver
Capabilities {javascriptEnabled: true, platform: ANY, platformName: ANY}
Session ID: 66da7635ded2d355388026ca8e7d8eff
	at org.openqa.selenium.remote.http.W3CHttpResponseCodec.createException(W3CHttpResponseCodec.java:187)
	at org.openqa.selenium.remote.http.W3CHttpResponseCodec.decode(W3CHttpResponseCodec.java:122)
	at org.openqa.selenium.remote.http.W3CHttpResponseCodec.decode(W3CHttpResponseCodec.java:49)
	at org.openqa.selenium.remote.HttpCommandExecutor.execute(HttpCommandExecutor.java:158)
	at org.openqa.selenium.remote.RemoteWebDriver.execute(RemoteWebDriver.java:552)
	at com.kms.katalon.core.webui.driver.ExistingRemoteWebDriver.execute(ExistingRemoteWebDriver.java:108)
	at org.openqa.selenium.remote.RemoteWebElement.execute(RemoteWebElement.java:285)
	at org.openqa.selenium.remote.RemoteWebElement.click(RemoteWebElement.java:84)
	at org.openqa.selenium.support.events.EventFiringWebDriver$EventFiringWebElement.lambda$new$0(EventFiringWebDriver.java:404)
	at com.sun.proxy.$Proxy9.click(Unknown Source)
	at org.openqa.selenium.support.events.EventFiringWebDriver$EventFiringWebElement.click(EventFiringWebDriver.java:417)
	at com.kms.katalon.core.webui.keyword.builtin.ClickKeyword$_click_closure1.doCall(ClickKeyword.groovy:69)
	at com.kms.katalon.core.webui.keyword.builtin.ClickKeyword$_click_closure1.call(ClickKeyword.groovy)
	at com.kms.katalon.core.webui.keyword.internal.WebUIKeywordMain.runKeyword(WebUIKeywordMain.groovy:20)
	at com.kms.katalon.core.webui.keyword.builtin.ClickKeyword.click(ClickKeyword.groovy:76)
	at com.kms.katalon.core.webui.keyword.builtin.ClickKeyword.execute(ClickKeyword.groovy:43)
	at com.kms.katalon.core.keyword.internal.KeywordExecutor.executeKeywordForPlatform(KeywordExecutor.groovy:72)
	at com.kms.katalon.core.webui.keyword.WebUiBuiltInKeywords.click(WebUiBuiltInKeywords.groovy:616)
	at com.kms.katalon.core.webui.keyword.WebUiBuiltInKeywords$click$0.call(Unknown Source)
	at Script1549506362832.run(Script1549506362832.groovy:28)
	... 13 more
)
[[ATTACHMENT|C:\\Katalon\\Arctick\\Reports\\20200319_141647\\Admin\\Admin Add Category\\20200319_141647\\1584598960434.png]]

2020-03-19 14:22:40 - [TEST_STEP][PASSED] - waitForPageLoad(0, STOP_ON_FAILURE): Wait for page load successfully

2020-03-19 14:22:40 - [MESSAGE][WARNING] - Timeout '0' is invalid. Using default page load timeout: '30'

2020-03-19 14:22:40 - [MESSAGE][PASSED] - Wait for page load successfully

2020-03-19 14:22:40 - [TEST_STEP][PASSED] - click(findTestObject("ADMIN/Categories/Category List/button_Add a Category")): Object: 'Object Repository/ADMIN/Categories/Category List/button_Add a Category' is clicked on

2020-03-19 14:22:40 - [MESSAGE][PASSED] - Object: 'Object Repository/ADMIN/Categories/Category List/button_Add a Category' is clicked on

2020-03-19 14:22:40 - [TEST_STEP][PASSED] - waitForElementPresent(findTestObject("ADMIN/Categories/Category/dropdown_Parent"), 2): Object 'Object Repository/ADMIN/Categories/Category/dropdown_Parent' is present

2020-03-19 14:22:40 - [MESSAGE][PASSED] - Object 'Object Repository/ADMIN/Categories/Category/dropdown_Parent' is present

2020-03-19 14:22:40 - [TEST_STEP][PASSED] - delay(1): Delayed 1 second(s)

2020-03-19 14:22:41 - [MESSAGE][PASSED] - Delayed 1 second(s)

2020-03-19 14:22:41 - [TEST_STEP][PASSED] - setText(findTestObject("ADMIN/Categories/Category/textfield_Category Name"), CategoryNametext): Text 'Category 4.13' is set on object 'Object Repository/ADMIN/Categories/Category/textfield_Category Name'

2020-03-19 14:22:42 - [MESSAGE][PASSED] - Text 'Category 4.13' is set on object 'Object Repository/ADMIN/Categories/Category/textfield_Category Name'

2020-03-19 14:22:42 - [TEST_STEP][PASSED] - click(findTestObject("ADMIN/Categories/Category/dropdown_Parent")): Object: 'Object Repository/ADMIN/Categories/Category/dropdown_Parent' is clicked on

2020-03-19 14:22:42 - [MESSAGE][PASSED] - Object: 'Object Repository/ADMIN/Categories/Category/dropdown_Parent' is clicked on

2020-03-19 14:22:42 - [TEST_STEP][PASSED] - delay(2): Delayed 2 second(s)

2020-03-19 14:22:44 - [MESSAGE][PASSED] - Delayed 2 second(s)

2020-03-19 14:22:44 - [TEST_STEP][PASSED] - click(findTestObject("ADMIN/Categories/Category/dropdown_Parent")): Object: 'Object Repository/ADMIN/Categories/Category/dropdown_Parent' is clicked on

2020-03-19 14:22:44 - [MESSAGE][PASSED] - Object: 'Object Repository/ADMIN/Categories/Category/dropdown_Parent' is clicked on

2020-03-19 14:22:44 - [TEST_STEP][PASSED] - selectOptionByLabel(findTestObject("ADMIN/Categories/Category/dropdown_Parent"), ParentName, false): All options with label 'Category 04' are selected in object 'Object Repository/ADMIN/Categories/Category/dropdown_Parent' 

2020-03-19 14:22:44 - [MESSAGE][PASSED] - All options with label 'Category 04' are selected in object 'Object Repository/ADMIN/Categories/Category/dropdown_Parent' 

2020-03-19 14:22:44 - [TEST_STEP][PASSED] - click(findTestObject("ADMIN/Categories/Category/button_Browse")): Object: 'Object Repository/ADMIN/Categories/Category/button_Browse' is clicked on

2020-03-19 14:22:44 - [MESSAGE][PASSED] - Object: 'Object Repository/ADMIN/Categories/Category/button_Browse' is clicked on

2020-03-19 14:22:44 - [TEST_STEP][PASSED] - delay(2): Delayed 2 second(s)

2020-03-19 14:22:46 - [MESSAGE][PASSED] - Delayed 2 second(s)

2020-03-19 14:22:46 - [TEST_STEP][PASSED] - uploadFile(findTestObject("ADMIN/Categories/Category/image_input image"), CategoryImageUpload): File 'C:\\Katalon\\Arctick\\Images\\Category\\4.png' sent to object: 'Object Repository/ADMIN/Categories/Category/image_input image'

2020-03-19 14:22:46 - [MESSAGE][PASSED] - File 'C:\\Katalon\\Arctick\\Images\\Category\\4.png' sent to object: 'Object Repository/ADMIN/Categories/Category/image_input image'

2020-03-19 14:22:46 - [TEST_STEP][PASSED] - waitForElementVisible(findTestObject("ADMIN/Categories/Category/button_upload check"), 0): Object 'Object Repository/ADMIN/Categories/Category/button_upload check' is visible

2020-03-19 14:22:46 - [MESSAGE][WARNING] - Timeout '0' is invalid. Using default page load timeout: '30'

2020-03-19 14:22:46 - [MESSAGE][PASSED] - Object 'Object Repository/ADMIN/Categories/Category/button_upload check' is visible

2020-03-19 14:22:46 - [TEST_STEP][PASSED] - click(findTestObject("ADMIN/Categories/Category/button_upload check")): Object: 'Object Repository/ADMIN/Categories/Category/button_upload check' is clicked on

2020-03-19 14:22:46 - [MESSAGE][PASSED] - Object: 'Object Repository/ADMIN/Categories/Category/button_upload check' is clicked on

2020-03-19 14:22:46 - [TEST_STEP][PASSED] - waitForElementVisible(findTestObject("ADMIN/Categories/Category/button_upload save"), 0): Object 'Object Repository/ADMIN/Categories/Category/button_upload save' is visible

2020-03-19 14:22:46 - [MESSAGE][WARNING] - Timeout '0' is invalid. Using default page load timeout: '30'

2020-03-19 14:22:46 - [MESSAGE][PASSED] - Object 'Object Repository/ADMIN/Categories/Category/button_upload save' is visible

2020-03-19 14:22:46 - [TEST_STEP][PASSED] - click(findTestObject("ADMIN/Categories/Category/button_upload save")): Object: 'Object Repository/ADMIN/Categories/Category/button_upload save' is clicked on

2020-03-19 14:22:47 - [MESSAGE][PASSED] - Object: 'Object Repository/ADMIN/Categories/Category/button_upload save' is clicked on

2020-03-19 14:22:47 - [TEST_STEP][PASSED] - setText(findTestObject("ADMIN/Categories/Category/textfield_category_description"), Description): Text 'Description23' is set on object 'Object Repository/ADMIN/Categories/Category/textfield_category_description'

2020-03-19 14:22:47 - [MESSAGE][PASSED] - Text 'Description23' is set on object 'Object Repository/ADMIN/Categories/Category/textfield_category_description'

2020-03-19 14:22:47 - [TEST_STEP][PASSED] - click(findTestObject("ADMIN/Categories/Category/button_Save")): Object: 'Object Repository/ADMIN/Categories/Category/button_Save' is clicked on

2020-03-19 14:22:47 - [MESSAGE][PASSED] - Object: 'Object Repository/ADMIN/Categories/Category/button_Save' is clicked on

2020-03-19 14:22:47 - [TEST_STEP][PASSED] - waitForElementVisible(findTestObject("ADMIN/Categories/Category/label_edit popup"), 0): Object 'Object Repository/ADMIN/Categories/Category/label_edit popup' is visible

2020-03-19 14:22:47 - [MESSAGE][WARNING] - Timeout '0' is invalid. Using default page load timeout: '30'

2020-03-19 14:22:48 - [MESSAGE][PASSED] - Object 'Object Repository/ADMIN/Categories/Category/label_edit popup' is visible

2020-03-19 14:22:48 - [TEST_STEP][PASSED] - waitForElementNotPresent(findTestObject("ADMIN/Categories/Category/label_edit popup"), 0): Web element with id: 'Object Repository/ADMIN/Categories/Category/label_edit popup' located by 'By.xpath: //div[(text() = 'Category was successfully saved.' or . = 'Category was successfully saved.')]' is not present after '30' second(s)

2020-03-19 14:22:48 - [MESSAGE][WARNING] - Timeout '0' is invalid. Using default page load timeout: '30'

2020-03-19 14:22:54 - [MESSAGE][PASSED] - Web element with id: 'Object Repository/ADMIN/Categories/Category/label_edit popup' located by 'By.xpath: //div[(text() = 'Category was successfully saved.' or . = 'Category was successfully saved.')]' is not present after '30' second(s)]]></system-out>
         <system-err><![CDATA[2020-03-19 14:22:40 - [TEST_CASE][FAILED] - Test Cases/ADMIN/Content Mgmt/Categories/Category Add-Edit/Add Category: Test Cases/ADMIN/Content Mgmt/Categories/Category Add-Edit/Add Category FAILED.
Reason:
com.kms.katalon.core.exception.StepFailedException: Unable to click on object 'Object Repository/ADMIN/Categories/Category List/button_Categories' (Root cause: com.kms.katalon.core.exception.StepFailedException: Unable to click on object 'Object Repository/ADMIN/Categories/Category List/button_Categories'
	at com.kms.katalon.core.webui.keyword.internal.WebUIKeywordMain.stepFailed(WebUIKeywordMain.groovy:64)
	at com.kms.katalon.core.webui.keyword.internal.WebUIKeywordMain.runKeyword(WebUIKeywordMain.groovy:26)
	at com.kms.katalon.core.webui.keyword.builtin.ClickKeyword.click(ClickKeyword.groovy:76)
	at com.kms.katalon.core.webui.keyword.builtin.ClickKeyword.execute(ClickKeyword.groovy:43)
	at com.kms.katalon.core.keyword.internal.KeywordExecutor.executeKeywordForPlatform(KeywordExecutor.groovy:72)
	at com.kms.katalon.core.webui.keyword.WebUiBuiltInKeywords.click(WebUiBuiltInKeywords.groovy:616)
	at com.kms.katalon.core.webui.keyword.WebUiBuiltInKeywords$click$0.call(Unknown Source)
	at Add Category.run(Add Category:28)
	at com.kms.katalon.core.main.ScriptEngine.run(ScriptEngine.java:194)
	at com.kms.katalon.core.main.ScriptEngine.runScriptAsRawText(ScriptEngine.java:119)
	at com.kms.katalon.core.main.TestCaseExecutor.runScript(TestCaseExecutor.java:337)
	at com.kms.katalon.core.main.TestCaseExecutor.doExecute(TestCaseExecutor.java:328)
	at com.kms.katalon.core.main.TestCaseExecutor.processExecutionPhase(TestCaseExecutor.java:307)
	at com.kms.katalon.core.main.TestCaseExecutor.accessMainPhase(TestCaseExecutor.java:299)
	at com.kms.katalon.core.main.TestCaseExecutor.execute(TestCaseExecutor.java:233)
	at com.kms.katalon.core.main.TestSuiteExecutor.accessTestCaseMainPhase(TestSuiteExecutor.java:169)
	at com.kms.katalon.core.main.TestSuiteExecutor.accessTestSuiteMainPhase(TestSuiteExecutor.java:142)
	at com.kms.katalon.core.main.TestSuiteExecutor.execute(TestSuiteExecutor.java:91)
	at com.kms.katalon.core.main.TestCaseMain.startTestSuite(TestCaseMain.java:157)
	at com.kms.katalon.core.main.TestCaseMain$startTestSuite$0.call(Unknown Source)
	at TempTestSuite1584598607274.run(TempTestSuite1584598607274.groovy:36)
Caused by: org.openqa.selenium.ElementNotInteractableException: element not interactable
  (Session info: chrome=80.0.3987.132)
Build info: version: '3.141.59', revision: 'e82be7d358', time: '2018-11-14T08:25:53'
System info: host: 'ARCADIER-03', ip: '192.168.254.105', os.name: 'Windows 7', os.arch: 'amd64', os.version: '6.1', java.version: '1.8.0_181'
Driver info: com.kms.katalon.core.webui.driver.ExistingRemoteWebDriver
Capabilities {javascriptEnabled: true, platform: ANY, platformName: ANY}
Session ID: 66da7635ded2d355388026ca8e7d8eff
	at org.openqa.selenium.remote.http.W3CHttpResponseCodec.createException(W3CHttpResponseCodec.java:187)
	at org.openqa.selenium.remote.http.W3CHttpResponseCodec.decode(W3CHttpResponseCodec.java:122)
	at org.openqa.selenium.remote.http.W3CHttpResponseCodec.decode(W3CHttpResponseCodec.java:49)
	at org.openqa.selenium.remote.HttpCommandExecutor.execute(HttpCommandExecutor.java:158)
	at org.openqa.selenium.remote.RemoteWebDriver.execute(RemoteWebDriver.java:552)
	at com.kms.katalon.core.webui.driver.ExistingRemoteWebDriver.execute(ExistingRemoteWebDriver.java:108)
	at org.openqa.selenium.remote.RemoteWebElement.execute(RemoteWebElement.java:285)
	at org.openqa.selenium.remote.RemoteWebElement.click(RemoteWebElement.java:84)
	at org.openqa.selenium.support.events.EventFiringWebDriver$EventFiringWebElement.lambda$new$0(EventFiringWebDriver.java:404)
	at com.sun.proxy.$Proxy9.click(Unknown Source)
	at org.openqa.selenium.support.events.EventFiringWebDriver$EventFiringWebElement.click(EventFiringWebDriver.java:417)
	at com.kms.katalon.core.webui.keyword.builtin.ClickKeyword$_click_closure1.doCall(ClickKeyword.groovy:69)
	at com.kms.katalon.core.webui.keyword.builtin.ClickKeyword$_click_closure1.call(ClickKeyword.groovy)
	at com.kms.katalon.core.webui.keyword.internal.WebUIKeywordMain.runKeyword(WebUIKeywordMain.groovy:20)
	at com.kms.katalon.core.webui.keyword.builtin.ClickKeyword.click(ClickKeyword.groovy:76)
	at com.kms.katalon.core.webui.keyword.builtin.ClickKeyword.execute(ClickKeyword.groovy:43)
	at com.kms.katalon.core.keyword.internal.KeywordExecutor.executeKeywordForPlatform(KeywordExecutor.groovy:72)
	at com.kms.katalon.core.webui.keyword.WebUiBuiltInKeywords.click(WebUiBuiltInKeywords.groovy:616)
	at com.kms.katalon.core.webui.keyword.WebUiBuiltInKeywords$click$0.call(Unknown Source)
	at Script1549506362832.run(Script1549506362832.groovy:28)
	... 13 more
)
	at com.kms.katalon.core.keyword.internal.KeywordMain.stepFailed(KeywordMain.groovy:39)
	at com.kms.katalon.core.webui.keyword.internal.WebUIKeywordMain.stepFailed(WebUIKeywordMain.groovy:64)
	at com.kms.katalon.core.webui.keyword.internal.WebUIKeywordMain.runKeyword(WebUIKeywordMain.groovy:26)
	at com.kms.katalon.core.webui.keyword.builtin.ClickKeyword.click(ClickKeyword.groovy:76)
	at com.kms.katalon.core.webui.keyword.builtin.ClickKeyword.execute(ClickKeyword.groovy:43)
	at com.kms.katalon.core.keyword.internal.KeywordExecutor.executeKeywordForPlatform(KeywordExecutor.groovy:72)
	at com.kms.katalon.core.webui.keyword.WebUiBuiltInKeywords.click(WebUiBuiltInKeywords.groovy:616)
	at com.kms.katalon.core.webui.keyword.WebUiBuiltInKeywords$click$0.call(Unknown Source)
	at Add Category.run(Add Category:28)
	at com.kms.katalon.core.main.ScriptEngine.run(ScriptEngine.java:194)
	at com.kms.katalon.core.main.ScriptEngine.runScriptAsRawText(ScriptEngine.java:119)
	at com.kms.katalon.core.main.TestCaseExecutor.runScript(TestCaseExecutor.java:337)
	at com.kms.katalon.core.main.TestCaseExecutor.doExecute(TestCaseExecutor.java:328)
	at com.kms.katalon.core.main.TestCaseExecutor.processExecutionPhase(TestCaseExecutor.java:307)
	at com.kms.katalon.core.main.TestCaseExecutor.accessMainPhase(TestCaseExecutor.java:299)
	at com.kms.katalon.core.main.TestCaseExecutor.execute(TestCaseExecutor.java:233)
	at com.kms.katalon.core.main.TestSuiteExecutor.accessTestCaseMainPhase(TestSuiteExecutor.java:169)
	at com.kms.katalon.core.main.TestSuiteExecutor.accessTestSuiteMainPhase(TestSuiteExecutor.java:142)
	at com.kms.katalon.core.main.TestSuiteExecutor.execute(TestSuiteExecutor.java:91)
	at com.kms.katalon.core.main.TestCaseMain.startTestSuite(TestCaseMain.java:157)
	at com.kms.katalon.core.main.TestCaseMain$startTestSuite$0.call(Unknown Source)
	at TempTestSuite1584598607274.run(TempTestSuite1584598607274.groovy:36)
Caused by: com.kms.katalon.core.exception.StepFailedException: Unable to click on object 'Object Repository/ADMIN/Categories/Category List/button_Categories'
	... 21 more
Caused by: org.openqa.selenium.ElementNotInteractableException: element not interactable
  (Session info: chrome=80.0.3987.132)
Build info: version: '3.141.59', revision: 'e82be7d358', time: '2018-11-14T08:25:53'
System info: host: 'ARCADIER-03', ip: '192.168.254.105', os.name: 'Windows 7', os.arch: 'amd64', os.version: '6.1', java.version: '1.8.0_181'
Driver info: com.kms.katalon.core.webui.driver.ExistingRemoteWebDriver
Capabilities {javascriptEnabled: true, platform: ANY, platformName: ANY}
Session ID: 66da7635ded2d355388026ca8e7d8eff
	at org.openqa.selenium.remote.http.W3CHttpResponseCodec.createException(W3CHttpResponseCodec.java:187)
	at org.openqa.selenium.remote.http.W3CHttpResponseCodec.decode(W3CHttpResponseCodec.java:122)
	at org.openqa.selenium.remote.http.W3CHttpResponseCodec.decode(W3CHttpResponseCodec.java:49)
	at org.openqa.selenium.remote.HttpCommandExecutor.execute(HttpCommandExecutor.java:158)
	at org.openqa.selenium.remote.RemoteWebDriver.execute(RemoteWebDriver.java:552)
	at com.kms.katalon.core.webui.driver.ExistingRemoteWebDriver.execute(ExistingRemoteWebDriver.java:108)
	at org.openqa.selenium.remote.RemoteWebElement.execute(RemoteWebElement.java:285)
	at org.openqa.selenium.remote.RemoteWebElement.click(RemoteWebElement.java:84)
	at org.openqa.selenium.support.events.EventFiringWebDriver$EventFiringWebElement.lambda$new$0(EventFiringWebDriver.java:404)
	at com.sun.proxy.$Proxy9.click(Unknown Source)
	at org.openqa.selenium.support.events.EventFiringWebDriver$EventFiringWebElement.click(EventFiringWebDriver.java:417)
	at com.kms.katalon.core.webui.keyword.builtin.ClickKeyword$_click_closure1.doCall(ClickKeyword.groovy:69)
	at com.kms.katalon.core.webui.keyword.builtin.ClickKeyword$_click_closure1.call(ClickKeyword.groovy)
	at com.kms.katalon.core.webui.keyword.internal.WebUIKeywordMain.runKeyword(WebUIKeywordMain.groovy:20)
	... 19 more]]></system-err>
      </testcase>
      <testcase name="Test Cases/ADMIN/Content Mgmt/Categories/Category Add-Edit/Add Category" time="15.738" classname="Test Cases/ADMIN/Content Mgmt/Categories/Category Add-Edit/Add Category" status="PASSED">
         <system-out><![CDATA[2020-03-19 14:22:54 - [TEST_CASE][PASSED] - Test Cases/ADMIN/Content Mgmt/Categories/Category Add-Edit/Add Category: Test Cases/ADMIN/Content Mgmt/Categories/Category Add-Edit/Add Category

2020-03-19 14:22:54 - [TEST_STEP][PASSED] - waitForElementVisible(findTestObject("ADMIN/Categories/Category List/button_Content Mgmt"), 0): Object 'Object Repository/ADMIN/Categories/Category List/button_Content Mgmt' is visible

2020-03-19 14:22:54 - [MESSAGE][WARNING] - Timeout '0' is invalid. Using default page load timeout: '30'

2020-03-19 14:22:54 - [MESSAGE][PASSED] - Object 'Object Repository/ADMIN/Categories/Category List/button_Content Mgmt' is visible

2020-03-19 14:22:54 - [TEST_STEP][PASSED] - click(findTestObject("ADMIN/Categories/Category List/button_Content Mgmt")): Object: 'Object Repository/ADMIN/Categories/Category List/button_Content Mgmt' is clicked on

2020-03-19 14:22:54 - [MESSAGE][PASSED] - Object: 'Object Repository/ADMIN/Categories/Category List/button_Content Mgmt' is clicked on

2020-03-19 14:22:54 - [TEST_STEP][PASSED] - waitForElementVisible(findTestObject("ADMIN/Categories/Category List/button_Categories"), 0): Object 'Object Repository/ADMIN/Categories/Category List/button_Categories' is visible

2020-03-19 14:22:54 - [MESSAGE][WARNING] - Timeout '0' is invalid. Using default page load timeout: '30'

2020-03-19 14:22:55 - [MESSAGE][PASSED] - Object 'Object Repository/ADMIN/Categories/Category List/button_Categories' is visible

2020-03-19 14:22:55 - [TEST_STEP][PASSED] - click(findTestObject("ADMIN/Categories/Category List/button_Categories")): Object: 'Object Repository/ADMIN/Categories/Category List/button_Categories' is clicked on

2020-03-19 14:22:56 - [MESSAGE][PASSED] - Object: 'Object Repository/ADMIN/Categories/Category List/button_Categories' is clicked on

2020-03-19 14:22:56 - [TEST_STEP][PASSED] - waitForPageLoad(0, STOP_ON_FAILURE): Wait for page load successfully

2020-03-19 14:22:56 - [MESSAGE][WARNING] - Timeout '0' is invalid. Using default page load timeout: '30'

2020-03-19 14:22:56 - [MESSAGE][PASSED] - Wait for page load successfully

2020-03-19 14:22:56 - [TEST_STEP][PASSED] - click(findTestObject("ADMIN/Categories/Category List/button_Add a Category")): Object: 'Object Repository/ADMIN/Categories/Category List/button_Add a Category' is clicked on

2020-03-19 14:22:56 - [MESSAGE][PASSED] - Object: 'Object Repository/ADMIN/Categories/Category List/button_Add a Category' is clicked on

2020-03-19 14:22:56 - [TEST_STEP][PASSED] - waitForElementPresent(findTestObject("ADMIN/Categories/Category/dropdown_Parent"), 2): Object 'Object Repository/ADMIN/Categories/Category/dropdown_Parent' is present

2020-03-19 14:22:56 - [MESSAGE][PASSED] - Object 'Object Repository/ADMIN/Categories/Category/dropdown_Parent' is present

2020-03-19 14:22:56 - [TEST_STEP][PASSED] - delay(1): Delayed 1 second(s)

2020-03-19 14:22:57 - [MESSAGE][PASSED] - Delayed 1 second(s)

2020-03-19 14:22:57 - [TEST_STEP][PASSED] - setText(findTestObject("ADMIN/Categories/Category/textfield_Category Name"), CategoryNametext): Text 'Category 4.14' is set on object 'Object Repository/ADMIN/Categories/Category/textfield_Category Name'

2020-03-19 14:22:57 - [MESSAGE][PASSED] - Text 'Category 4.14' is set on object 'Object Repository/ADMIN/Categories/Category/textfield_Category Name'

2020-03-19 14:22:57 - [TEST_STEP][PASSED] - click(findTestObject("ADMIN/Categories/Category/dropdown_Parent")): Object: 'Object Repository/ADMIN/Categories/Category/dropdown_Parent' is clicked on

2020-03-19 14:22:57 - [MESSAGE][PASSED] - Object: 'Object Repository/ADMIN/Categories/Category/dropdown_Parent' is clicked on

2020-03-19 14:22:57 - [TEST_STEP][PASSED] - delay(2): Delayed 2 second(s)

2020-03-19 14:22:59 - [MESSAGE][PASSED] - Delayed 2 second(s)

2020-03-19 14:22:59 - [TEST_STEP][PASSED] - click(findTestObject("ADMIN/Categories/Category/dropdown_Parent")): Object: 'Object Repository/ADMIN/Categories/Category/dropdown_Parent' is clicked on

2020-03-19 14:23:00 - [MESSAGE][PASSED] - Object: 'Object Repository/ADMIN/Categories/Category/dropdown_Parent' is clicked on

2020-03-19 14:23:00 - [TEST_STEP][PASSED] - selectOptionByLabel(findTestObject("ADMIN/Categories/Category/dropdown_Parent"), ParentName, false): All options with label 'Category 04' are selected in object 'Object Repository/ADMIN/Categories/Category/dropdown_Parent' 

2020-03-19 14:23:00 - [MESSAGE][PASSED] - All options with label 'Category 04' are selected in object 'Object Repository/ADMIN/Categories/Category/dropdown_Parent' 

2020-03-19 14:23:00 - [TEST_STEP][PASSED] - click(findTestObject("ADMIN/Categories/Category/button_Browse")): Object: 'Object Repository/ADMIN/Categories/Category/button_Browse' is clicked on

2020-03-19 14:23:00 - [MESSAGE][PASSED] - Object: 'Object Repository/ADMIN/Categories/Category/button_Browse' is clicked on

2020-03-19 14:23:00 - [TEST_STEP][PASSED] - delay(2): Delayed 2 second(s)

2020-03-19 14:23:02 - [MESSAGE][PASSED] - Delayed 2 second(s)

2020-03-19 14:23:02 - [TEST_STEP][PASSED] - uploadFile(findTestObject("ADMIN/Categories/Category/image_input image"), CategoryImageUpload): File 'C:\\Katalon\\Arctick\\Images\\Category\\4.png' sent to object: 'Object Repository/ADMIN/Categories/Category/image_input image'

2020-03-19 14:23:02 - [MESSAGE][PASSED] - File 'C:\\Katalon\\Arctick\\Images\\Category\\4.png' sent to object: 'Object Repository/ADMIN/Categories/Category/image_input image'

2020-03-19 14:23:02 - [TEST_STEP][PASSED] - waitForElementVisible(findTestObject("ADMIN/Categories/Category/button_upload check"), 0): Object 'Object Repository/ADMIN/Categories/Category/button_upload check' is visible

2020-03-19 14:23:02 - [MESSAGE][WARNING] - Timeout '0' is invalid. Using default page load timeout: '30'

2020-03-19 14:23:02 - [MESSAGE][PASSED] - Object 'Object Repository/ADMIN/Categories/Category/button_upload check' is visible

2020-03-19 14:23:02 - [TEST_STEP][PASSED] - click(findTestObject("ADMIN/Categories/Category/button_upload check")): Object: 'Object Repository/ADMIN/Categories/Category/button_upload check' is clicked on

2020-03-19 14:23:02 - [MESSAGE][PASSED] - Object: 'Object Repository/ADMIN/Categories/Category/button_upload check' is clicked on

2020-03-19 14:23:02 - [TEST_STEP][PASSED] - waitForElementVisible(findTestObject("ADMIN/Categories/Category/button_upload save"), 0): Object 'Object Repository/ADMIN/Categories/Category/button_upload save' is visible

2020-03-19 14:23:02 - [MESSAGE][WARNING] - Timeout '0' is invalid. Using default page load timeout: '30'

2020-03-19 14:23:02 - [MESSAGE][PASSED] - Object 'Object Repository/ADMIN/Categories/Category/button_upload save' is visible

2020-03-19 14:23:02 - [TEST_STEP][PASSED] - click(findTestObject("ADMIN/Categories/Category/button_upload save")): Object: 'Object Repository/ADMIN/Categories/Category/button_upload save' is clicked on

2020-03-19 14:23:02 - [MESSAGE][PASSED] - Object: 'Object Repository/ADMIN/Categories/Category/button_upload save' is clicked on

2020-03-19 14:23:02 - [TEST_STEP][PASSED] - setText(findTestObject("ADMIN/Categories/Category/textfield_category_description"), Description): Text 'Description24' is set on object 'Object Repository/ADMIN/Categories/Category/textfield_category_description'

2020-03-19 14:23:03 - [MESSAGE][PASSED] - Text 'Description24' is set on object 'Object Repository/ADMIN/Categories/Category/textfield_category_description'

2020-03-19 14:23:03 - [TEST_STEP][PASSED] - click(findTestObject("ADMIN/Categories/Category/button_Save")): Object: 'Object Repository/ADMIN/Categories/Category/button_Save' is clicked on

2020-03-19 14:23:03 - [MESSAGE][PASSED] - Object: 'Object Repository/ADMIN/Categories/Category/button_Save' is clicked on

2020-03-19 14:23:03 - [TEST_STEP][PASSED] - waitForElementVisible(findTestObject("ADMIN/Categories/Category/label_edit popup"), 0): Object 'Object Repository/ADMIN/Categories/Category/label_edit popup' is visible

2020-03-19 14:23:03 - [MESSAGE][WARNING] - Timeout '0' is invalid. Using default page load timeout: '30'

2020-03-19 14:23:03 - [MESSAGE][PASSED] - Object 'Object Repository/ADMIN/Categories/Category/label_edit popup' is visible

2020-03-19 14:23:03 - [TEST_STEP][PASSED] - waitForElementNotPresent(findTestObject("ADMIN/Categories/Category/label_edit popup"), 0): Web element with id: 'Object Repository/ADMIN/Categories/Category/label_edit popup' located by 'By.xpath: //div[(text() = 'Category was successfully saved.' or . = 'Category was successfully saved.')]' is not present after '30' second(s)

2020-03-19 14:23:03 - [MESSAGE][WARNING] - Timeout '0' is invalid. Using default page load timeout: '30'

2020-03-19 14:23:09 - [MESSAGE][PASSED] - Web element with id: 'Object Repository/ADMIN/Categories/Category/label_edit popup' located by 'By.xpath: //div[(text() = 'Category was successfully saved.' or . = 'Category was successfully saved.')]' is not present after '30' second(s)]]></system-out>
         <system-err><![CDATA[]]></system-err>
      </testcase>
      <testcase name="Test Cases/ADMIN/Content Mgmt/Categories/Category Add-Edit/Add Category" time="14.617" classname="Test Cases/ADMIN/Content Mgmt/Categories/Category Add-Edit/Add Category" status="PASSED">
         <system-out><![CDATA[2020-03-19 14:23:09 - [TEST_CASE][PASSED] - Test Cases/ADMIN/Content Mgmt/Categories/Category Add-Edit/Add Category: Test Cases/ADMIN/Content Mgmt/Categories/Category Add-Edit/Add Category

2020-03-19 14:23:10 - [TEST_STEP][PASSED] - waitForElementVisible(findTestObject("ADMIN/Categories/Category List/button_Content Mgmt"), 0): Object 'Object Repository/ADMIN/Categories/Category List/button_Content Mgmt' is visible

2020-03-19 14:23:10 - [MESSAGE][WARNING] - Timeout '0' is invalid. Using default page load timeout: '30'

2020-03-19 14:23:10 - [MESSAGE][PASSED] - Object 'Object Repository/ADMIN/Categories/Category List/button_Content Mgmt' is visible

2020-03-19 14:23:10 - [TEST_STEP][PASSED] - click(findTestObject("ADMIN/Categories/Category List/button_Content Mgmt")): Object: 'Object Repository/ADMIN/Categories/Category List/button_Content Mgmt' is clicked on

2020-03-19 14:23:10 - [MESSAGE][PASSED] - Object: 'Object Repository/ADMIN/Categories/Category List/button_Content Mgmt' is clicked on

2020-03-19 14:23:10 - [TEST_STEP][PASSED] - waitForElementVisible(findTestObject("ADMIN/Categories/Category List/button_Categories"), 0): Object 'Object Repository/ADMIN/Categories/Category List/button_Categories' is visible

2020-03-19 14:23:10 - [MESSAGE][WARNING] - Timeout '0' is invalid. Using default page load timeout: '30'

2020-03-19 14:23:10 - [MESSAGE][PASSED] - Object 'Object Repository/ADMIN/Categories/Category List/button_Categories' is visible

2020-03-19 14:23:10 - [TEST_STEP][PASSED] - click(findTestObject("ADMIN/Categories/Category List/button_Categories")): Object: 'Object Repository/ADMIN/Categories/Category List/button_Categories' is clicked on

2020-03-19 14:23:10 - [MESSAGE][PASSED] - Object: 'Object Repository/ADMIN/Categories/Category List/button_Categories' is clicked on

2020-03-19 14:23:10 - [TEST_STEP][PASSED] - waitForPageLoad(0, STOP_ON_FAILURE): Wait for page load successfully

2020-03-19 14:23:10 - [MESSAGE][WARNING] - Timeout '0' is invalid. Using default page load timeout: '30'

2020-03-19 14:23:10 - [MESSAGE][PASSED] - Wait for page load successfully

2020-03-19 14:23:10 - [TEST_STEP][PASSED] - click(findTestObject("ADMIN/Categories/Category List/button_Add a Category")): Object: 'Object Repository/ADMIN/Categories/Category List/button_Add a Category' is clicked on

2020-03-19 14:23:10 - [MESSAGE][PASSED] - Object: 'Object Repository/ADMIN/Categories/Category List/button_Add a Category' is clicked on

2020-03-19 14:23:10 - [TEST_STEP][PASSED] - waitForElementPresent(findTestObject("ADMIN/Categories/Category/dropdown_Parent"), 2): Object 'Object Repository/ADMIN/Categories/Category/dropdown_Parent' is present

2020-03-19 14:23:10 - [MESSAGE][PASSED] - Object 'Object Repository/ADMIN/Categories/Category/dropdown_Parent' is present

2020-03-19 14:23:10 - [TEST_STEP][PASSED] - delay(1): Delayed 1 second(s)

2020-03-19 14:23:11 - [MESSAGE][PASSED] - Delayed 1 second(s)

2020-03-19 14:23:11 - [TEST_STEP][PASSED] - setText(findTestObject("ADMIN/Categories/Category/textfield_Category Name"), CategoryNametext): Text 'Category 4.15' is set on object 'Object Repository/ADMIN/Categories/Category/textfield_Category Name'

2020-03-19 14:23:12 - [MESSAGE][PASSED] - Text 'Category 4.15' is set on object 'Object Repository/ADMIN/Categories/Category/textfield_Category Name'

2020-03-19 14:23:12 - [TEST_STEP][PASSED] - click(findTestObject("ADMIN/Categories/Category/dropdown_Parent")): Object: 'Object Repository/ADMIN/Categories/Category/dropdown_Parent' is clicked on

2020-03-19 14:23:12 - [MESSAGE][PASSED] - Object: 'Object Repository/ADMIN/Categories/Category/dropdown_Parent' is clicked on

2020-03-19 14:23:12 - [TEST_STEP][PASSED] - delay(2): Delayed 2 second(s)

2020-03-19 14:23:14 - [MESSAGE][PASSED] - Delayed 2 second(s)

2020-03-19 14:23:14 - [TEST_STEP][PASSED] - click(findTestObject("ADMIN/Categories/Category/dropdown_Parent")): Object: 'Object Repository/ADMIN/Categories/Category/dropdown_Parent' is clicked on

2020-03-19 14:23:14 - [MESSAGE][PASSED] - Object: 'Object Repository/ADMIN/Categories/Category/dropdown_Parent' is clicked on

2020-03-19 14:23:14 - [TEST_STEP][PASSED] - selectOptionByLabel(findTestObject("ADMIN/Categories/Category/dropdown_Parent"), ParentName, false): All options with label 'Category 04' are selected in object 'Object Repository/ADMIN/Categories/Category/dropdown_Parent' 

2020-03-19 14:23:14 - [MESSAGE][PASSED] - All options with label 'Category 04' are selected in object 'Object Repository/ADMIN/Categories/Category/dropdown_Parent' 

2020-03-19 14:23:14 - [TEST_STEP][PASSED] - click(findTestObject("ADMIN/Categories/Category/button_Browse")): Object: 'Object Repository/ADMIN/Categories/Category/button_Browse' is clicked on

2020-03-19 14:23:14 - [MESSAGE][PASSED] - Object: 'Object Repository/ADMIN/Categories/Category/button_Browse' is clicked on

2020-03-19 14:23:14 - [TEST_STEP][PASSED] - delay(2): Delayed 2 second(s)

2020-03-19 14:23:16 - [MESSAGE][PASSED] - Delayed 2 second(s)

2020-03-19 14:23:16 - [TEST_STEP][PASSED] - uploadFile(findTestObject("ADMIN/Categories/Category/image_input image"), CategoryImageUpload): File 'C:\\Katalon\\Arctick\\Images\\Category\\4.png' sent to object: 'Object Repository/ADMIN/Categories/Category/image_input image'

2020-03-19 14:23:16 - [MESSAGE][PASSED] - File 'C:\\Katalon\\Arctick\\Images\\Category\\4.png' sent to object: 'Object Repository/ADMIN/Categories/Category/image_input image'

2020-03-19 14:23:16 - [TEST_STEP][PASSED] - waitForElementVisible(findTestObject("ADMIN/Categories/Category/button_upload check"), 0): Object 'Object Repository/ADMIN/Categories/Category/button_upload check' is visible

2020-03-19 14:23:16 - [MESSAGE][WARNING] - Timeout '0' is invalid. Using default page load timeout: '30'

2020-03-19 14:23:16 - [MESSAGE][PASSED] - Object 'Object Repository/ADMIN/Categories/Category/button_upload check' is visible

2020-03-19 14:23:16 - [TEST_STEP][PASSED] - click(findTestObject("ADMIN/Categories/Category/button_upload check")): Object: 'Object Repository/ADMIN/Categories/Category/button_upload check' is clicked on

2020-03-19 14:23:16 - [MESSAGE][PASSED] - Object: 'Object Repository/ADMIN/Categories/Category/button_upload check' is clicked on

2020-03-19 14:23:16 - [TEST_STEP][PASSED] - waitForElementVisible(findTestObject("ADMIN/Categories/Category/button_upload save"), 0): Object 'Object Repository/ADMIN/Categories/Category/button_upload save' is visible

2020-03-19 14:23:17 - [MESSAGE][WARNING] - Timeout '0' is invalid. Using default page load timeout: '30'

2020-03-19 14:23:17 - [MESSAGE][PASSED] - Object 'Object Repository/ADMIN/Categories/Category/button_upload save' is visible

2020-03-19 14:23:17 - [TEST_STEP][PASSED] - click(findTestObject("ADMIN/Categories/Category/button_upload save")): Object: 'Object Repository/ADMIN/Categories/Category/button_upload save' is clicked on

2020-03-19 14:23:17 - [MESSAGE][PASSED] - Object: 'Object Repository/ADMIN/Categories/Category/button_upload save' is clicked on

2020-03-19 14:23:17 - [TEST_STEP][PASSED] - setText(findTestObject("ADMIN/Categories/Category/textfield_category_description"), Description): Text 'Description25' is set on object 'Object Repository/ADMIN/Categories/Category/textfield_category_description'

2020-03-19 14:23:17 - [MESSAGE][PASSED] - Text 'Description25' is set on object 'Object Repository/ADMIN/Categories/Category/textfield_category_description'

2020-03-19 14:23:17 - [TEST_STEP][PASSED] - click(findTestObject("ADMIN/Categories/Category/button_Save")): Object: 'Object Repository/ADMIN/Categories/Category/button_Save' is clicked on

2020-03-19 14:23:17 - [MESSAGE][PASSED] - Object: 'Object Repository/ADMIN/Categories/Category/button_Save' is clicked on

2020-03-19 14:23:17 - [TEST_STEP][PASSED] - waitForElementVisible(findTestObject("ADMIN/Categories/Category/label_edit popup"), 0): Object 'Object Repository/ADMIN/Categories/Category/label_edit popup' is visible

2020-03-19 14:23:17 - [MESSAGE][WARNING] - Timeout '0' is invalid. Using default page load timeout: '30'

2020-03-19 14:23:18 - [MESSAGE][PASSED] - Object 'Object Repository/ADMIN/Categories/Category/label_edit popup' is visible

2020-03-19 14:23:18 - [TEST_STEP][PASSED] - waitForElementNotPresent(findTestObject("ADMIN/Categories/Category/label_edit popup"), 0): Web element with id: 'Object Repository/ADMIN/Categories/Category/label_edit popup' located by 'By.xpath: //div[(text() = 'Category was successfully saved.' or . = 'Category was successfully saved.')]' is not present after '30' second(s)

2020-03-19 14:23:18 - [MESSAGE][WARNING] - Timeout '0' is invalid. Using default page load timeout: '30'

2020-03-19 14:23:24 - [MESSAGE][PASSED] - Web element with id: 'Object Repository/ADMIN/Categories/Category/label_edit popup' located by 'By.xpath: //div[(text() = 'Category was successfully saved.' or . = 'Category was successfully saved.')]' is not present after '30' second(s)]]></system-out>
         <system-err><![CDATA[]]></system-err>
      </testcase>
      <testcase name="Test Cases/ADMIN/Content Mgmt/Categories/Category Add-Edit/Add Category" time="15.754" classname="Test Cases/ADMIN/Content Mgmt/Categories/Category Add-Edit/Add Category" status="PASSED">
         <system-out><![CDATA[2020-03-19 14:23:24 - [TEST_CASE][PASSED] - Test Cases/ADMIN/Content Mgmt/Categories/Category Add-Edit/Add Category: Test Cases/ADMIN/Content Mgmt/Categories/Category Add-Edit/Add Category

2020-03-19 14:23:24 - [TEST_STEP][PASSED] - waitForElementVisible(findTestObject("ADMIN/Categories/Category List/button_Content Mgmt"), 0): Object 'Object Repository/ADMIN/Categories/Category List/button_Content Mgmt' is visible

2020-03-19 14:23:24 - [MESSAGE][WARNING] - Timeout '0' is invalid. Using default page load timeout: '30'

2020-03-19 14:23:24 - [MESSAGE][PASSED] - Object 'Object Repository/ADMIN/Categories/Category List/button_Content Mgmt' is visible

2020-03-19 14:23:24 - [TEST_STEP][PASSED] - click(findTestObject("ADMIN/Categories/Category List/button_Content Mgmt")): Object: 'Object Repository/ADMIN/Categories/Category List/button_Content Mgmt' is clicked on

2020-03-19 14:23:24 - [MESSAGE][PASSED] - Object: 'Object Repository/ADMIN/Categories/Category List/button_Content Mgmt' is clicked on

2020-03-19 14:23:24 - [TEST_STEP][PASSED] - waitForElementVisible(findTestObject("ADMIN/Categories/Category List/button_Categories"), 0): Object 'Object Repository/ADMIN/Categories/Category List/button_Categories' is visible

2020-03-19 14:23:24 - [MESSAGE][WARNING] - Timeout '0' is invalid. Using default page load timeout: '30'

2020-03-19 14:23:25 - [MESSAGE][PASSED] - Object 'Object Repository/ADMIN/Categories/Category List/button_Categories' is visible

2020-03-19 14:23:25 - [TEST_STEP][PASSED] - click(findTestObject("ADMIN/Categories/Category List/button_Categories")): Object: 'Object Repository/ADMIN/Categories/Category List/button_Categories' is clicked on

2020-03-19 14:23:26 - [MESSAGE][PASSED] - Object: 'Object Repository/ADMIN/Categories/Category List/button_Categories' is clicked on

2020-03-19 14:23:26 - [TEST_STEP][PASSED] - waitForPageLoad(0, STOP_ON_FAILURE): Wait for page load successfully

2020-03-19 14:23:26 - [MESSAGE][WARNING] - Timeout '0' is invalid. Using default page load timeout: '30'

2020-03-19 14:23:26 - [MESSAGE][PASSED] - Wait for page load successfully

2020-03-19 14:23:26 - [TEST_STEP][PASSED] - click(findTestObject("ADMIN/Categories/Category List/button_Add a Category")): Object: 'Object Repository/ADMIN/Categories/Category List/button_Add a Category' is clicked on

2020-03-19 14:23:27 - [MESSAGE][PASSED] - Object: 'Object Repository/ADMIN/Categories/Category List/button_Add a Category' is clicked on

2020-03-19 14:23:27 - [TEST_STEP][PASSED] - waitForElementPresent(findTestObject("ADMIN/Categories/Category/dropdown_Parent"), 2): Object 'Object Repository/ADMIN/Categories/Category/dropdown_Parent' is present

2020-03-19 14:23:27 - [MESSAGE][PASSED] - Object 'Object Repository/ADMIN/Categories/Category/dropdown_Parent' is present

2020-03-19 14:23:27 - [TEST_STEP][PASSED] - delay(1): Delayed 1 second(s)

2020-03-19 14:23:28 - [MESSAGE][PASSED] - Delayed 1 second(s)

2020-03-19 14:23:28 - [TEST_STEP][PASSED] - setText(findTestObject("ADMIN/Categories/Category/textfield_Category Name"), CategoryNametext): Text 'Category 4.16' is set on object 'Object Repository/ADMIN/Categories/Category/textfield_Category Name'

2020-03-19 14:23:28 - [MESSAGE][PASSED] - Text 'Category 4.16' is set on object 'Object Repository/ADMIN/Categories/Category/textfield_Category Name'

2020-03-19 14:23:28 - [TEST_STEP][PASSED] - click(findTestObject("ADMIN/Categories/Category/dropdown_Parent")): Object: 'Object Repository/ADMIN/Categories/Category/dropdown_Parent' is clicked on

2020-03-19 14:23:28 - [MESSAGE][PASSED] - Object: 'Object Repository/ADMIN/Categories/Category/dropdown_Parent' is clicked on

2020-03-19 14:23:28 - [TEST_STEP][PASSED] - delay(2): Delayed 2 second(s)

2020-03-19 14:23:30 - [MESSAGE][PASSED] - Delayed 2 second(s)

2020-03-19 14:23:30 - [TEST_STEP][PASSED] - click(findTestObject("ADMIN/Categories/Category/dropdown_Parent")): Object: 'Object Repository/ADMIN/Categories/Category/dropdown_Parent' is clicked on

2020-03-19 14:23:30 - [MESSAGE][PASSED] - Object: 'Object Repository/ADMIN/Categories/Category/dropdown_Parent' is clicked on

2020-03-19 14:23:30 - [TEST_STEP][PASSED] - selectOptionByLabel(findTestObject("ADMIN/Categories/Category/dropdown_Parent"), ParentName, false): All options with label 'Category 04' are selected in object 'Object Repository/ADMIN/Categories/Category/dropdown_Parent' 

2020-03-19 14:23:30 - [MESSAGE][PASSED] - All options with label 'Category 04' are selected in object 'Object Repository/ADMIN/Categories/Category/dropdown_Parent' 

2020-03-19 14:23:30 - [TEST_STEP][PASSED] - click(findTestObject("ADMIN/Categories/Category/button_Browse")): Object: 'Object Repository/ADMIN/Categories/Category/button_Browse' is clicked on

2020-03-19 14:23:30 - [MESSAGE][PASSED] - Object: 'Object Repository/ADMIN/Categories/Category/button_Browse' is clicked on

2020-03-19 14:23:30 - [TEST_STEP][PASSED] - delay(2): Delayed 2 second(s)

2020-03-19 14:23:32 - [MESSAGE][PASSED] - Delayed 2 second(s)

2020-03-19 14:23:32 - [TEST_STEP][PASSED] - uploadFile(findTestObject("ADMIN/Categories/Category/image_input image"), CategoryImageUpload): File 'C:\\Katalon\\Arctick\\Images\\Category\\4.png' sent to object: 'Object Repository/ADMIN/Categories/Category/image_input image'

2020-03-19 14:23:33 - [MESSAGE][PASSED] - File 'C:\\Katalon\\Arctick\\Images\\Category\\4.png' sent to object: 'Object Repository/ADMIN/Categories/Category/image_input image'

2020-03-19 14:23:33 - [TEST_STEP][PASSED] - waitForElementVisible(findTestObject("ADMIN/Categories/Category/button_upload check"), 0): Object 'Object Repository/ADMIN/Categories/Category/button_upload check' is visible

2020-03-19 14:23:33 - [MESSAGE][WARNING] - Timeout '0' is invalid. Using default page load timeout: '30'

2020-03-19 14:23:33 - [MESSAGE][PASSED] - Object 'Object Repository/ADMIN/Categories/Category/button_upload check' is visible

2020-03-19 14:23:33 - [TEST_STEP][PASSED] - click(findTestObject("ADMIN/Categories/Category/button_upload check")): Object: 'Object Repository/ADMIN/Categories/Category/button_upload check' is clicked on

2020-03-19 14:23:33 - [MESSAGE][PASSED] - Object: 'Object Repository/ADMIN/Categories/Category/button_upload check' is clicked on

2020-03-19 14:23:33 - [TEST_STEP][PASSED] - waitForElementVisible(findTestObject("ADMIN/Categories/Category/button_upload save"), 0): Object 'Object Repository/ADMIN/Categories/Category/button_upload save' is visible

2020-03-19 14:23:33 - [MESSAGE][WARNING] - Timeout '0' is invalid. Using default page load timeout: '30'

2020-03-19 14:23:33 - [MESSAGE][PASSED] - Object 'Object Repository/ADMIN/Categories/Category/button_upload save' is visible

2020-03-19 14:23:33 - [TEST_STEP][PASSED] - click(findTestObject("ADMIN/Categories/Category/button_upload save")): Object: 'Object Repository/ADMIN/Categories/Category/button_upload save' is clicked on

2020-03-19 14:23:33 - [MESSAGE][PASSED] - Object: 'Object Repository/ADMIN/Categories/Category/button_upload save' is clicked on

2020-03-19 14:23:33 - [TEST_STEP][PASSED] - setText(findTestObject("ADMIN/Categories/Category/textfield_category_description"), Description): Text 'Description26' is set on object 'Object Repository/ADMIN/Categories/Category/textfield_category_description'

2020-03-19 14:23:34 - [MESSAGE][PASSED] - Text 'Description26' is set on object 'Object Repository/ADMIN/Categories/Category/textfield_category_description'

2020-03-19 14:23:34 - [TEST_STEP][PASSED] - click(findTestObject("ADMIN/Categories/Category/button_Save")): Object: 'Object Repository/ADMIN/Categories/Category/button_Save' is clicked on

2020-03-19 14:23:34 - [MESSAGE][PASSED] - Object: 'Object Repository/ADMIN/Categories/Category/button_Save' is clicked on

2020-03-19 14:23:34 - [TEST_STEP][PASSED] - waitForElementVisible(findTestObject("ADMIN/Categories/Category/label_edit popup"), 0): Object 'Object Repository/ADMIN/Categories/Category/label_edit popup' is visible

2020-03-19 14:23:34 - [MESSAGE][WARNING] - Timeout '0' is invalid. Using default page load timeout: '30'

2020-03-19 14:23:34 - [MESSAGE][PASSED] - Object 'Object Repository/ADMIN/Categories/Category/label_edit popup' is visible

2020-03-19 14:23:34 - [TEST_STEP][PASSED] - waitForElementNotPresent(findTestObject("ADMIN/Categories/Category/label_edit popup"), 0): Web element with id: 'Object Repository/ADMIN/Categories/Category/label_edit popup' located by 'By.xpath: //div[(text() = 'Category was successfully saved.' or . = 'Category was successfully saved.')]' is not present after '30' second(s)

2020-03-19 14:23:34 - [MESSAGE][WARNING] - Timeout '0' is invalid. Using default page load timeout: '30'

2020-03-19 14:23:40 - [MESSAGE][PASSED] - Web element with id: 'Object Repository/ADMIN/Categories/Category/label_edit popup' located by 'By.xpath: //div[(text() = 'Category was successfully saved.' or . = 'Category was successfully saved.')]' is not present after '30' second(s)]]></system-out>
         <system-err><![CDATA[]]></system-err>
      </testcase>
      <testcase name="Test Cases/ADMIN/Content Mgmt/Categories/Category Add-Edit/Add Category" time="15.726" classname="Test Cases/ADMIN/Content Mgmt/Categories/Category Add-Edit/Add Category" status="PASSED">
         <system-out><![CDATA[2020-03-19 14:23:40 - [TEST_CASE][PASSED] - Test Cases/ADMIN/Content Mgmt/Categories/Category Add-Edit/Add Category: Test Cases/ADMIN/Content Mgmt/Categories/Category Add-Edit/Add Category

2020-03-19 14:23:40 - [TEST_STEP][PASSED] - waitForElementVisible(findTestObject("ADMIN/Categories/Category List/button_Content Mgmt"), 0): Object 'Object Repository/ADMIN/Categories/Category List/button_Content Mgmt' is visible

2020-03-19 14:23:40 - [MESSAGE][WARNING] - Timeout '0' is invalid. Using default page load timeout: '30'

2020-03-19 14:23:40 - [MESSAGE][PASSED] - Object 'Object Repository/ADMIN/Categories/Category List/button_Content Mgmt' is visible

2020-03-19 14:23:40 - [TEST_STEP][PASSED] - click(findTestObject("ADMIN/Categories/Category List/button_Content Mgmt")): Object: 'Object Repository/ADMIN/Categories/Category List/button_Content Mgmt' is clicked on

2020-03-19 14:23:40 - [MESSAGE][PASSED] - Object: 'Object Repository/ADMIN/Categories/Category List/button_Content Mgmt' is clicked on

2020-03-19 14:23:40 - [TEST_STEP][PASSED] - waitForElementVisible(findTestObject("ADMIN/Categories/Category List/button_Categories"), 0): Object 'Object Repository/ADMIN/Categories/Category List/button_Categories' is visible

2020-03-19 14:23:40 - [MESSAGE][WARNING] - Timeout '0' is invalid. Using default page load timeout: '30'

2020-03-19 14:23:41 - [MESSAGE][PASSED] - Object 'Object Repository/ADMIN/Categories/Category List/button_Categories' is visible

2020-03-19 14:23:41 - [TEST_STEP][PASSED] - click(findTestObject("ADMIN/Categories/Category List/button_Categories")): Object: 'Object Repository/ADMIN/Categories/Category List/button_Categories' is clicked on

2020-03-19 14:23:41 - [MESSAGE][PASSED] - Object: 'Object Repository/ADMIN/Categories/Category List/button_Categories' is clicked on

2020-03-19 14:23:41 - [TEST_STEP][PASSED] - waitForPageLoad(0, STOP_ON_FAILURE): Wait for page load successfully

2020-03-19 14:23:41 - [MESSAGE][WARNING] - Timeout '0' is invalid. Using default page load timeout: '30'

2020-03-19 14:23:41 - [MESSAGE][PASSED] - Wait for page load successfully

2020-03-19 14:23:41 - [TEST_STEP][PASSED] - click(findTestObject("ADMIN/Categories/Category List/button_Add a Category")): Object: 'Object Repository/ADMIN/Categories/Category List/button_Add a Category' is clicked on

2020-03-19 14:23:42 - [MESSAGE][PASSED] - Object: 'Object Repository/ADMIN/Categories/Category List/button_Add a Category' is clicked on

2020-03-19 14:23:42 - [TEST_STEP][PASSED] - waitForElementPresent(findTestObject("ADMIN/Categories/Category/dropdown_Parent"), 2): Object 'Object Repository/ADMIN/Categories/Category/dropdown_Parent' is present

2020-03-19 14:23:42 - [MESSAGE][PASSED] - Object 'Object Repository/ADMIN/Categories/Category/dropdown_Parent' is present

2020-03-19 14:23:42 - [TEST_STEP][PASSED] - delay(1): Delayed 1 second(s)

2020-03-19 14:23:43 - [MESSAGE][PASSED] - Delayed 1 second(s)

2020-03-19 14:23:43 - [TEST_STEP][PASSED] - setText(findTestObject("ADMIN/Categories/Category/textfield_Category Name"), CategoryNametext): Text 'Category 4.17' is set on object 'Object Repository/ADMIN/Categories/Category/textfield_Category Name'

2020-03-19 14:23:43 - [MESSAGE][PASSED] - Text 'Category 4.17' is set on object 'Object Repository/ADMIN/Categories/Category/textfield_Category Name'

2020-03-19 14:23:43 - [TEST_STEP][PASSED] - click(findTestObject("ADMIN/Categories/Category/dropdown_Parent")): Object: 'Object Repository/ADMIN/Categories/Category/dropdown_Parent' is clicked on

2020-03-19 14:23:44 - [MESSAGE][PASSED] - Object: 'Object Repository/ADMIN/Categories/Category/dropdown_Parent' is clicked on

2020-03-19 14:23:44 - [TEST_STEP][PASSED] - delay(2): Delayed 2 second(s)

2020-03-19 14:23:46 - [MESSAGE][PASSED] - Delayed 2 second(s)

2020-03-19 14:23:46 - [TEST_STEP][PASSED] - click(findTestObject("ADMIN/Categories/Category/dropdown_Parent")): Object: 'Object Repository/ADMIN/Categories/Category/dropdown_Parent' is clicked on

2020-03-19 14:23:46 - [MESSAGE][PASSED] - Object: 'Object Repository/ADMIN/Categories/Category/dropdown_Parent' is clicked on

2020-03-19 14:23:46 - [TEST_STEP][PASSED] - selectOptionByLabel(findTestObject("ADMIN/Categories/Category/dropdown_Parent"), ParentName, false): All options with label 'Category 04' are selected in object 'Object Repository/ADMIN/Categories/Category/dropdown_Parent' 

2020-03-19 14:23:46 - [MESSAGE][PASSED] - All options with label 'Category 04' are selected in object 'Object Repository/ADMIN/Categories/Category/dropdown_Parent' 

2020-03-19 14:23:46 - [TEST_STEP][PASSED] - click(findTestObject("ADMIN/Categories/Category/button_Browse")): Object: 'Object Repository/ADMIN/Categories/Category/button_Browse' is clicked on

2020-03-19 14:23:46 - [MESSAGE][PASSED] - Object: 'Object Repository/ADMIN/Categories/Category/button_Browse' is clicked on

2020-03-19 14:23:46 - [TEST_STEP][PASSED] - delay(2): Delayed 2 second(s)

2020-03-19 14:23:48 - [MESSAGE][PASSED] - Delayed 2 second(s)

2020-03-19 14:23:48 - [TEST_STEP][PASSED] - uploadFile(findTestObject("ADMIN/Categories/Category/image_input image"), CategoryImageUpload): File 'C:\\Katalon\\Arctick\\Images\\Category\\4.png' sent to object: 'Object Repository/ADMIN/Categories/Category/image_input image'

2020-03-19 14:23:48 - [MESSAGE][PASSED] - File 'C:\\Katalon\\Arctick\\Images\\Category\\4.png' sent to object: 'Object Repository/ADMIN/Categories/Category/image_input image'

2020-03-19 14:23:48 - [TEST_STEP][PASSED] - waitForElementVisible(findTestObject("ADMIN/Categories/Category/button_upload check"), 0): Object 'Object Repository/ADMIN/Categories/Category/button_upload check' is visible

2020-03-19 14:23:48 - [MESSAGE][WARNING] - Timeout '0' is invalid. Using default page load timeout: '30'

2020-03-19 14:23:48 - [MESSAGE][PASSED] - Object 'Object Repository/ADMIN/Categories/Category/button_upload check' is visible

2020-03-19 14:23:48 - [TEST_STEP][PASSED] - click(findTestObject("ADMIN/Categories/Category/button_upload check")): Object: 'Object Repository/ADMIN/Categories/Category/button_upload check' is clicked on

2020-03-19 14:23:48 - [MESSAGE][PASSED] - Object: 'Object Repository/ADMIN/Categories/Category/button_upload check' is clicked on

2020-03-19 14:23:48 - [TEST_STEP][PASSED] - waitForElementVisible(findTestObject("ADMIN/Categories/Category/button_upload save"), 0): Object 'Object Repository/ADMIN/Categories/Category/button_upload save' is visible

2020-03-19 14:23:48 - [MESSAGE][WARNING] - Timeout '0' is invalid. Using default page load timeout: '30'

2020-03-19 14:23:48 - [MESSAGE][PASSED] - Object 'Object Repository/ADMIN/Categories/Category/button_upload save' is visible

2020-03-19 14:23:48 - [TEST_STEP][PASSED] - click(findTestObject("ADMIN/Categories/Category/button_upload save")): Object: 'Object Repository/ADMIN/Categories/Category/button_upload save' is clicked on

2020-03-19 14:23:49 - [MESSAGE][PASSED] - Object: 'Object Repository/ADMIN/Categories/Category/button_upload save' is clicked on

2020-03-19 14:23:49 - [TEST_STEP][PASSED] - setText(findTestObject("ADMIN/Categories/Category/textfield_category_description"), Description): Text 'Description27' is set on object 'Object Repository/ADMIN/Categories/Category/textfield_category_description'

2020-03-19 14:23:49 - [MESSAGE][PASSED] - Text 'Description27' is set on object 'Object Repository/ADMIN/Categories/Category/textfield_category_description'

2020-03-19 14:23:49 - [TEST_STEP][PASSED] - click(findTestObject("ADMIN/Categories/Category/button_Save")): Object: 'Object Repository/ADMIN/Categories/Category/button_Save' is clicked on

2020-03-19 14:23:49 - [MESSAGE][PASSED] - Object: 'Object Repository/ADMIN/Categories/Category/button_Save' is clicked on

2020-03-19 14:23:49 - [TEST_STEP][PASSED] - waitForElementVisible(findTestObject("ADMIN/Categories/Category/label_edit popup"), 0): Object 'Object Repository/ADMIN/Categories/Category/label_edit popup' is visible

2020-03-19 14:23:49 - [MESSAGE][WARNING] - Timeout '0' is invalid. Using default page load timeout: '30'

2020-03-19 14:23:50 - [MESSAGE][PASSED] - Object 'Object Repository/ADMIN/Categories/Category/label_edit popup' is visible

2020-03-19 14:23:50 - [TEST_STEP][PASSED] - waitForElementNotPresent(findTestObject("ADMIN/Categories/Category/label_edit popup"), 0): Web element with id: 'Object Repository/ADMIN/Categories/Category/label_edit popup' located by 'By.xpath: //div[(text() = 'Category was successfully saved.' or . = 'Category was successfully saved.')]' is not present after '30' second(s)

2020-03-19 14:23:50 - [MESSAGE][WARNING] - Timeout '0' is invalid. Using default page load timeout: '30'

2020-03-19 14:23:56 - [MESSAGE][PASSED] - Web element with id: 'Object Repository/ADMIN/Categories/Category/label_edit popup' located by 'By.xpath: //div[(text() = 'Category was successfully saved.' or . = 'Category was successfully saved.')]' is not present after '30' second(s)]]></system-out>
         <system-err><![CDATA[]]></system-err>
      </testcase>
      <testcase name="Test Cases/ADMIN/Content Mgmt/Categories/Category Add-Edit/Add Category" time="14.496" classname="Test Cases/ADMIN/Content Mgmt/Categories/Category Add-Edit/Add Category" status="FAILED">
         <failure type="FAILED" message="Test Cases/ADMIN/Content Mgmt/Categories/Category Add-Edit/Add Category FAILED.
Reason:
com.kms.katalon.core.exception.StepFailedException: Unable to click on object 'Object Repository/ADMIN/Categories/Category List/button_Categories' (Root cause: com.kms.katalon.core.exception.StepFailedException: Unable to click on object 'Object Repository/ADMIN/Categories/Category List/button_Categories'
	at com.kms.katalon.core.webui.keyword.internal.WebUIKeywordMain.stepFailed(WebUIKeywordMain.groovy:64)
	at com.kms.katalon.core.webui.keyword.internal.WebUIKeywordMain.runKeyword(WebUIKeywordMain.groovy:26)
	at com.kms.katalon.core.webui.keyword.builtin.ClickKeyword.click(ClickKeyword.groovy:76)
	at com.kms.katalon.core.webui.keyword.builtin.ClickKeyword.execute(ClickKeyword.groovy:43)
	at com.kms.katalon.core.keyword.internal.KeywordExecutor.executeKeywordForPlatform(KeywordExecutor.groovy:72)
	at com.kms.katalon.core.webui.keyword.WebUiBuiltInKeywords.click(WebUiBuiltInKeywords.groovy:616)
	at com.kms.katalon.core.webui.keyword.WebUiBuiltInKeywords$click$0.call(Unknown Source)
	at Add Category.run(Add Category:28)
	at com.kms.katalon.core.main.ScriptEngine.run(ScriptEngine.java:194)
	at com.kms.katalon.core.main.ScriptEngine.runScriptAsRawText(ScriptEngine.java:119)
	at com.kms.katalon.core.main.TestCaseExecutor.runScript(TestCaseExecutor.java:337)
	at com.kms.katalon.core.main.TestCaseExecutor.doExecute(TestCaseExecutor.java:328)
	at com.kms.katalon.core.main.TestCaseExecutor.processExecutionPhase(TestCaseExecutor.java:307)
	at com.kms.katalon.core.main.TestCaseExecutor.accessMainPhase(TestCaseExecutor.java:299)
	at com.kms.katalon.core.main.TestCaseExecutor.execute(TestCaseExecutor.java:233)
	at com.kms.katalon.core.main.TestSuiteExecutor.accessTestCaseMainPhase(TestSuiteExecutor.java:169)
	at com.kms.katalon.core.main.TestSuiteExecutor.accessTestSuiteMainPhase(TestSuiteExecutor.java:142)
	at com.kms.katalon.core.main.TestSuiteExecutor.execute(TestSuiteExecutor.java:91)
	at com.kms.katalon.core.main.TestCaseMain.startTestSuite(TestCaseMain.java:157)
	at com.kms.katalon.core.main.TestCaseMain$startTestSuite$0.call(Unknown Source)
	at TempTestSuite1584598607274.run(TempTestSuite1584598607274.groovy:36)
Caused by: org.openqa.selenium.ElementNotInteractableException: element not interactable
  (Session info: chrome=80.0.3987.132)
Build info: version: '3.141.59', revision: 'e82be7d358', time: '2018-11-14T08:25:53'
System info: host: 'ARCADIER-03', ip: '192.168.254.105', os.name: 'Windows 7', os.arch: 'amd64', os.version: '6.1', java.version: '1.8.0_181'
Driver info: com.kms.katalon.core.webui.driver.ExistingRemoteWebDriver
Capabilities {javascriptEnabled: true, platform: ANY, platformName: ANY}
Session ID: 66da7635ded2d355388026ca8e7d8eff
	at org.openqa.selenium.remote.http.W3CHttpResponseCodec.createException(W3CHttpResponseCodec.java:187)
	at org.openqa.selenium.remote.http.W3CHttpResponseCodec.decode(W3CHttpResponseCodec.java:122)
	at org.openqa.selenium.remote.http.W3CHttpResponseCodec.decode(W3CHttpResponseCodec.java:49)
	at org.openqa.selenium.remote.HttpCommandExecutor.execute(HttpCommandExecutor.java:158)
	at org.openqa.selenium.remote.RemoteWebDriver.execute(RemoteWebDriver.java:552)
	at com.kms.katalon.core.webui.driver.ExistingRemoteWebDriver.execute(ExistingRemoteWebDriver.java:108)
	at org.openqa.selenium.remote.RemoteWebElement.execute(RemoteWebElement.java:285)
	at org.openqa.selenium.remote.RemoteWebElement.click(RemoteWebElement.java:84)
	at org.openqa.selenium.support.events.EventFiringWebDriver$EventFiringWebElement.lambda$new$0(EventFiringWebDriver.java:404)
	at com.sun.proxy.$Proxy9.click(Unknown Source)
	at org.openqa.selenium.support.events.EventFiringWebDriver$EventFiringWebElement.click(EventFiringWebDriver.java:417)
	at com.kms.katalon.core.webui.keyword.builtin.ClickKeyword$_click_closure1.doCall(ClickKeyword.groovy:69)
	at com.kms.katalon.core.webui.keyword.builtin.ClickKeyword$_click_closure1.call(ClickKeyword.groovy)
	at com.kms.katalon.core.webui.keyword.internal.WebUIKeywordMain.runKeyword(WebUIKeywordMain.groovy:20)
	at com.kms.katalon.core.webui.keyword.builtin.ClickKeyword.click(ClickKeyword.groovy:76)
	at com.kms.katalon.core.webui.keyword.builtin.ClickKeyword.execute(ClickKeyword.groovy:43)
	at com.kms.katalon.core.keyword.internal.KeywordExecutor.executeKeywordForPlatform(KeywordExecutor.groovy:72)
	at com.kms.katalon.core.webui.keyword.WebUiBuiltInKeywords.click(WebUiBuiltInKeywords.groovy:616)
	at com.kms.katalon.core.webui.keyword.WebUiBuiltInKeywords$click$0.call(Unknown Source)
	at Script1549506362832.run(Script1549506362832.groovy:28)
	... 13 more
)
	at com.kms.katalon.core.keyword.internal.KeywordMain.stepFailed(KeywordMain.groovy:39)
	at com.kms.katalon.core.webui.keyword.internal.WebUIKeywordMain.stepFailed(WebUIKeywordMain.groovy:64)
	at com.kms.katalon.core.webui.keyword.internal.WebUIKeywordMain.runKeyword(WebUIKeywordMain.groovy:26)
	at com.kms.katalon.core.webui.keyword.builtin.ClickKeyword.click(ClickKeyword.groovy:76)
	at com.kms.katalon.core.webui.keyword.builtin.ClickKeyword.execute(ClickKeyword.groovy:43)
	at com.kms.katalon.core.keyword.internal.KeywordExecutor.executeKeywordForPlatform(KeywordExecutor.groovy:72)
	at com.kms.katalon.core.webui.keyword.WebUiBuiltInKeywords.click(WebUiBuiltInKeywords.groovy:616)
	at com.kms.katalon.core.webui.keyword.WebUiBuiltInKeywords$click$0.call(Unknown Source)
	at Add Category.run(Add Category:28)
	at com.kms.katalon.core.main.ScriptEngine.run(ScriptEngine.java:194)
	at com.kms.katalon.core.main.ScriptEngine.runScriptAsRawText(ScriptEngine.java:119)
	at com.kms.katalon.core.main.TestCaseExecutor.runScript(TestCaseExecutor.java:337)
	at com.kms.katalon.core.main.TestCaseExecutor.doExecute(TestCaseExecutor.java:328)
	at com.kms.katalon.core.main.TestCaseExecutor.processExecutionPhase(TestCaseExecutor.java:307)
	at com.kms.katalon.core.main.TestCaseExecutor.accessMainPhase(TestCaseExecutor.java:299)
	at com.kms.katalon.core.main.TestCaseExecutor.execute(TestCaseExecutor.java:233)
	at com.kms.katalon.core.main.TestSuiteExecutor.accessTestCaseMainPhase(TestSuiteExecutor.java:169)
	at com.kms.katalon.core.main.TestSuiteExecutor.accessTestSuiteMainPhase(TestSuiteExecutor.java:142)
	at com.kms.katalon.core.main.TestSuiteExecutor.execute(TestSuiteExecutor.java:91)
	at com.kms.katalon.core.main.TestCaseMain.startTestSuite(TestCaseMain.java:157)
	at com.kms.katalon.core.main.TestCaseMain$startTestSuite$0.call(Unknown Source)
	at TempTestSuite1584598607274.run(TempTestSuite1584598607274.groovy:36)
Caused by: com.kms.katalon.core.exception.StepFailedException: Unable to click on object 'Object Repository/ADMIN/Categories/Category List/button_Categories'
	... 21 more
Caused by: org.openqa.selenium.ElementNotInteractableException: element not interactable
  (Session info: chrome=80.0.3987.132)
Build info: version: '3.141.59', revision: 'e82be7d358', time: '2018-11-14T08:25:53'
System info: host: 'ARCADIER-03', ip: '192.168.254.105', os.name: 'Windows 7', os.arch: 'amd64', os.version: '6.1', java.version: '1.8.0_181'
Driver info: com.kms.katalon.core.webui.driver.ExistingRemoteWebDriver
Capabilities {javascriptEnabled: true, platform: ANY, platformName: ANY}
Session ID: 66da7635ded2d355388026ca8e7d8eff
	at org.openqa.selenium.remote.http.W3CHttpResponseCodec.createException(W3CHttpResponseCodec.java:187)
	at org.openqa.selenium.remote.http.W3CHttpResponseCodec.decode(W3CHttpResponseCodec.java:122)
	at org.openqa.selenium.remote.http.W3CHttpResponseCodec.decode(W3CHttpResponseCodec.java:49)
	at org.openqa.selenium.remote.HttpCommandExecutor.execute(HttpCommandExecutor.java:158)
	at org.openqa.selenium.remote.RemoteWebDriver.execute(RemoteWebDriver.java:552)
	at com.kms.katalon.core.webui.driver.ExistingRemoteWebDriver.execute(ExistingRemoteWebDriver.java:108)
	at org.openqa.selenium.remote.RemoteWebElement.execute(RemoteWebElement.java:285)
	at org.openqa.selenium.remote.RemoteWebElement.click(RemoteWebElement.java:84)
	at org.openqa.selenium.support.events.EventFiringWebDriver$EventFiringWebElement.lambda$new$0(EventFiringWebDriver.java:404)
	at com.sun.proxy.$Proxy9.click(Unknown Source)
	at org.openqa.selenium.support.events.EventFiringWebDriver$EventFiringWebElement.click(EventFiringWebDriver.java:417)
	at com.kms.katalon.core.webui.keyword.builtin.ClickKeyword$_click_closure1.doCall(ClickKeyword.groovy:69)
	at com.kms.katalon.core.webui.keyword.builtin.ClickKeyword$_click_closure1.call(ClickKeyword.groovy)
	at com.kms.katalon.core.webui.keyword.internal.WebUIKeywordMain.runKeyword(WebUIKeywordMain.groovy:20)
	... 19 more
"/>
         <system-out><![CDATA[2020-03-19 14:23:56 - [TEST_CASE][FAILED] - Test Cases/ADMIN/Content Mgmt/Categories/Category Add-Edit/Add Category: Test Cases/ADMIN/Content Mgmt/Categories/Category Add-Edit/Add Category FAILED.
Reason:
com.kms.katalon.core.exception.StepFailedException: Unable to click on object 'Object Repository/ADMIN/Categories/Category List/button_Categories' (Root cause: com.kms.katalon.core.exception.StepFailedException: Unable to click on object 'Object Repository/ADMIN/Categories/Category List/button_Categories'
	at com.kms.katalon.core.webui.keyword.internal.WebUIKeywordMain.stepFailed(WebUIKeywordMain.groovy:64)
	at com.kms.katalon.core.webui.keyword.internal.WebUIKeywordMain.runKeyword(WebUIKeywordMain.groovy:26)
	at com.kms.katalon.core.webui.keyword.builtin.ClickKeyword.click(ClickKeyword.groovy:76)
	at com.kms.katalon.core.webui.keyword.builtin.ClickKeyword.execute(ClickKeyword.groovy:43)
	at com.kms.katalon.core.keyword.internal.KeywordExecutor.executeKeywordForPlatform(KeywordExecutor.groovy:72)
	at com.kms.katalon.core.webui.keyword.WebUiBuiltInKeywords.click(WebUiBuiltInKeywords.groovy:616)
	at com.kms.katalon.core.webui.keyword.WebUiBuiltInKeywords$click$0.call(Unknown Source)
	at Add Category.run(Add Category:28)
	at com.kms.katalon.core.main.ScriptEngine.run(ScriptEngine.java:194)
	at com.kms.katalon.core.main.ScriptEngine.runScriptAsRawText(ScriptEngine.java:119)
	at com.kms.katalon.core.main.TestCaseExecutor.runScript(TestCaseExecutor.java:337)
	at com.kms.katalon.core.main.TestCaseExecutor.doExecute(TestCaseExecutor.java:328)
	at com.kms.katalon.core.main.TestCaseExecutor.processExecutionPhase(TestCaseExecutor.java:307)
	at com.kms.katalon.core.main.TestCaseExecutor.accessMainPhase(TestCaseExecutor.java:299)
	at com.kms.katalon.core.main.TestCaseExecutor.execute(TestCaseExecutor.java:233)
	at com.kms.katalon.core.main.TestSuiteExecutor.accessTestCaseMainPhase(TestSuiteExecutor.java:169)
	at com.kms.katalon.core.main.TestSuiteExecutor.accessTestSuiteMainPhase(TestSuiteExecutor.java:142)
	at com.kms.katalon.core.main.TestSuiteExecutor.execute(TestSuiteExecutor.java:91)
	at com.kms.katalon.core.main.TestCaseMain.startTestSuite(TestCaseMain.java:157)
	at com.kms.katalon.core.main.TestCaseMain$startTestSuite$0.call(Unknown Source)
	at TempTestSuite1584598607274.run(TempTestSuite1584598607274.groovy:36)
Caused by: org.openqa.selenium.ElementNotInteractableException: element not interactable
  (Session info: chrome=80.0.3987.132)
Build info: version: '3.141.59', revision: 'e82be7d358', time: '2018-11-14T08:25:53'
System info: host: 'ARCADIER-03', ip: '192.168.254.105', os.name: 'Windows 7', os.arch: 'amd64', os.version: '6.1', java.version: '1.8.0_181'
Driver info: com.kms.katalon.core.webui.driver.ExistingRemoteWebDriver
Capabilities {javascriptEnabled: true, platform: ANY, platformName: ANY}
Session ID: 66da7635ded2d355388026ca8e7d8eff
	at org.openqa.selenium.remote.http.W3CHttpResponseCodec.createException(W3CHttpResponseCodec.java:187)
	at org.openqa.selenium.remote.http.W3CHttpResponseCodec.decode(W3CHttpResponseCodec.java:122)
	at org.openqa.selenium.remote.http.W3CHttpResponseCodec.decode(W3CHttpResponseCodec.java:49)
	at org.openqa.selenium.remote.HttpCommandExecutor.execute(HttpCommandExecutor.java:158)
	at org.openqa.selenium.remote.RemoteWebDriver.execute(RemoteWebDriver.java:552)
	at com.kms.katalon.core.webui.driver.ExistingRemoteWebDriver.execute(ExistingRemoteWebDriver.java:108)
	at org.openqa.selenium.remote.RemoteWebElement.execute(RemoteWebElement.java:285)
	at org.openqa.selenium.remote.RemoteWebElement.click(RemoteWebElement.java:84)
	at org.openqa.selenium.support.events.EventFiringWebDriver$EventFiringWebElement.lambda$new$0(EventFiringWebDriver.java:404)
	at com.sun.proxy.$Proxy9.click(Unknown Source)
	at org.openqa.selenium.support.events.EventFiringWebDriver$EventFiringWebElement.click(EventFiringWebDriver.java:417)
	at com.kms.katalon.core.webui.keyword.builtin.ClickKeyword$_click_closure1.doCall(ClickKeyword.groovy:69)
	at com.kms.katalon.core.webui.keyword.builtin.ClickKeyword$_click_closure1.call(ClickKeyword.groovy)
	at com.kms.katalon.core.webui.keyword.internal.WebUIKeywordMain.runKeyword(WebUIKeywordMain.groovy:20)
	at com.kms.katalon.core.webui.keyword.builtin.ClickKeyword.click(ClickKeyword.groovy:76)
	at com.kms.katalon.core.webui.keyword.builtin.ClickKeyword.execute(ClickKeyword.groovy:43)
	at com.kms.katalon.core.keyword.internal.KeywordExecutor.executeKeywordForPlatform(KeywordExecutor.groovy:72)
	at com.kms.katalon.core.webui.keyword.WebUiBuiltInKeywords.click(WebUiBuiltInKeywords.groovy:616)
	at com.kms.katalon.core.webui.keyword.WebUiBuiltInKeywords$click$0.call(Unknown Source)
	at Script1549506362832.run(Script1549506362832.groovy:28)
	... 13 more
)
	at com.kms.katalon.core.keyword.internal.KeywordMain.stepFailed(KeywordMain.groovy:39)
	at com.kms.katalon.core.webui.keyword.internal.WebUIKeywordMain.stepFailed(WebUIKeywordMain.groovy:64)
	at com.kms.katalon.core.webui.keyword.internal.WebUIKeywordMain.runKeyword(WebUIKeywordMain.groovy:26)
	at com.kms.katalon.core.webui.keyword.builtin.ClickKeyword.click(ClickKeyword.groovy:76)
	at com.kms.katalon.core.webui.keyword.builtin.ClickKeyword.execute(ClickKeyword.groovy:43)
	at com.kms.katalon.core.keyword.internal.KeywordExecutor.executeKeywordForPlatform(KeywordExecutor.groovy:72)
	at com.kms.katalon.core.webui.keyword.WebUiBuiltInKeywords.click(WebUiBuiltInKeywords.groovy:616)
	at com.kms.katalon.core.webui.keyword.WebUiBuiltInKeywords$click$0.call(Unknown Source)
	at Add Category.run(Add Category:28)
	at com.kms.katalon.core.main.ScriptEngine.run(ScriptEngine.java:194)
	at com.kms.katalon.core.main.ScriptEngine.runScriptAsRawText(ScriptEngine.java:119)
	at com.kms.katalon.core.main.TestCaseExecutor.runScript(TestCaseExecutor.java:337)
	at com.kms.katalon.core.main.TestCaseExecutor.doExecute(TestCaseExecutor.java:328)
	at com.kms.katalon.core.main.TestCaseExecutor.processExecutionPhase(TestCaseExecutor.java:307)
	at com.kms.katalon.core.main.TestCaseExecutor.accessMainPhase(TestCaseExecutor.java:299)
	at com.kms.katalon.core.main.TestCaseExecutor.execute(TestCaseExecutor.java:233)
	at com.kms.katalon.core.main.TestSuiteExecutor.accessTestCaseMainPhase(TestSuiteExecutor.java:169)
	at com.kms.katalon.core.main.TestSuiteExecutor.accessTestSuiteMainPhase(TestSuiteExecutor.java:142)
	at com.kms.katalon.core.main.TestSuiteExecutor.execute(TestSuiteExecutor.java:91)
	at com.kms.katalon.core.main.TestCaseMain.startTestSuite(TestCaseMain.java:157)
	at com.kms.katalon.core.main.TestCaseMain$startTestSuite$0.call(Unknown Source)
	at TempTestSuite1584598607274.run(TempTestSuite1584598607274.groovy:36)
Caused by: com.kms.katalon.core.exception.StepFailedException: Unable to click on object 'Object Repository/ADMIN/Categories/Category List/button_Categories'
	... 21 more
Caused by: org.openqa.selenium.ElementNotInteractableException: element not interactable
  (Session info: chrome=80.0.3987.132)
Build info: version: '3.141.59', revision: 'e82be7d358', time: '2018-11-14T08:25:53'
System info: host: 'ARCADIER-03', ip: '192.168.254.105', os.name: 'Windows 7', os.arch: 'amd64', os.version: '6.1', java.version: '1.8.0_181'
Driver info: com.kms.katalon.core.webui.driver.ExistingRemoteWebDriver
Capabilities {javascriptEnabled: true, platform: ANY, platformName: ANY}
Session ID: 66da7635ded2d355388026ca8e7d8eff
	at org.openqa.selenium.remote.http.W3CHttpResponseCodec.createException(W3CHttpResponseCodec.java:187)
	at org.openqa.selenium.remote.http.W3CHttpResponseCodec.decode(W3CHttpResponseCodec.java:122)
	at org.openqa.selenium.remote.http.W3CHttpResponseCodec.decode(W3CHttpResponseCodec.java:49)
	at org.openqa.selenium.remote.HttpCommandExecutor.execute(HttpCommandExecutor.java:158)
	at org.openqa.selenium.remote.RemoteWebDriver.execute(RemoteWebDriver.java:552)
	at com.kms.katalon.core.webui.driver.ExistingRemoteWebDriver.execute(ExistingRemoteWebDriver.java:108)
	at org.openqa.selenium.remote.RemoteWebElement.execute(RemoteWebElement.java:285)
	at org.openqa.selenium.remote.RemoteWebElement.click(RemoteWebElement.java:84)
	at org.openqa.selenium.support.events.EventFiringWebDriver$EventFiringWebElement.lambda$new$0(EventFiringWebDriver.java:404)
	at com.sun.proxy.$Proxy9.click(Unknown Source)
	at org.openqa.selenium.support.events.EventFiringWebDriver$EventFiringWebElement.click(EventFiringWebDriver.java:417)
	at com.kms.katalon.core.webui.keyword.builtin.ClickKeyword$_click_closure1.doCall(ClickKeyword.groovy:69)
	at com.kms.katalon.core.webui.keyword.builtin.ClickKeyword$_click_closure1.call(ClickKeyword.groovy)
	at com.kms.katalon.core.webui.keyword.internal.WebUIKeywordMain.runKeyword(WebUIKeywordMain.groovy:20)
	... 19 more


2020-03-19 14:23:56 - [TEST_STEP][PASSED] - waitForElementVisible(findTestObject("ADMIN/Categories/Category List/button_Content Mgmt"), 0): Object 'Object Repository/ADMIN/Categories/Category List/button_Content Mgmt' is visible

2020-03-19 14:23:56 - [MESSAGE][WARNING] - Timeout '0' is invalid. Using default page load timeout: '30'

2020-03-19 14:23:56 - [MESSAGE][PASSED] - Object 'Object Repository/ADMIN/Categories/Category List/button_Content Mgmt' is visible

2020-03-19 14:23:56 - [TEST_STEP][PASSED] - click(findTestObject("ADMIN/Categories/Category List/button_Content Mgmt")): Object: 'Object Repository/ADMIN/Categories/Category List/button_Content Mgmt' is clicked on

2020-03-19 14:23:56 - [MESSAGE][PASSED] - Object: 'Object Repository/ADMIN/Categories/Category List/button_Content Mgmt' is clicked on

2020-03-19 14:23:56 - [TEST_STEP][PASSED] - waitForElementVisible(findTestObject("ADMIN/Categories/Category List/button_Categories"), 0): Object 'Object Repository/ADMIN/Categories/Category List/button_Categories' is visible

2020-03-19 14:23:56 - [MESSAGE][WARNING] - Timeout '0' is invalid. Using default page load timeout: '30'

2020-03-19 14:23:56 - [MESSAGE][PASSED] - Object 'Object Repository/ADMIN/Categories/Category List/button_Categories' is visible

2020-03-19 14:23:56 - [TEST_STEP][FAILED] - click(findTestObject("ADMIN/Categories/Category List/button_Categories")): Unable to click on object 'Object Repository/ADMIN/Categories/Category List/button_Categories' (Root cause: com.kms.katalon.core.exception.StepFailedException: Unable to click on object 'Object Repository/ADMIN/Categories/Category List/button_Categories'
	at com.kms.katalon.core.webui.keyword.internal.WebUIKeywordMain.stepFailed(WebUIKeywordMain.groovy:64)
	at com.kms.katalon.core.webui.keyword.internal.WebUIKeywordMain.runKeyword(WebUIKeywordMain.groovy:26)
	at com.kms.katalon.core.webui.keyword.builtin.ClickKeyword.click(ClickKeyword.groovy:76)
	at com.kms.katalon.core.webui.keyword.builtin.ClickKeyword.execute(ClickKeyword.groovy:43)
	at com.kms.katalon.core.keyword.internal.KeywordExecutor.executeKeywordForPlatform(KeywordExecutor.groovy:72)
	at com.kms.katalon.core.webui.keyword.WebUiBuiltInKeywords.click(WebUiBuiltInKeywords.groovy:616)
	at com.kms.katalon.core.webui.keyword.WebUiBuiltInKeywords$click$0.call(Unknown Source)
	at Add Category.run(Add Category:28)
	at com.kms.katalon.core.main.ScriptEngine.run(ScriptEngine.java:194)
	at com.kms.katalon.core.main.ScriptEngine.runScriptAsRawText(ScriptEngine.java:119)
	at com.kms.katalon.core.main.TestCaseExecutor.runScript(TestCaseExecutor.java:337)
	at com.kms.katalon.core.main.TestCaseExecutor.doExecute(TestCaseExecutor.java:328)
	at com.kms.katalon.core.main.TestCaseExecutor.processExecutionPhase(TestCaseExecutor.java:307)
	at com.kms.katalon.core.main.TestCaseExecutor.accessMainPhase(TestCaseExecutor.java:299)
	at com.kms.katalon.core.main.TestCaseExecutor.execute(TestCaseExecutor.java:233)
	at com.kms.katalon.core.main.TestSuiteExecutor.accessTestCaseMainPhase(TestSuiteExecutor.java:169)
	at com.kms.katalon.core.main.TestSuiteExecutor.accessTestSuiteMainPhase(TestSuiteExecutor.java:142)
	at com.kms.katalon.core.main.TestSuiteExecutor.execute(TestSuiteExecutor.java:91)
	at com.kms.katalon.core.main.TestCaseMain.startTestSuite(TestCaseMain.java:157)
	at com.kms.katalon.core.main.TestCaseMain$startTestSuite$0.call(Unknown Source)
	at TempTestSuite1584598607274.run(TempTestSuite1584598607274.groovy:36)
Caused by: org.openqa.selenium.ElementNotInteractableException: element not interactable
  (Session info: chrome=80.0.3987.132)
Build info: version: '3.141.59', revision: 'e82be7d358', time: '2018-11-14T08:25:53'
System info: host: 'ARCADIER-03', ip: '192.168.254.105', os.name: 'Windows 7', os.arch: 'amd64', os.version: '6.1', java.version: '1.8.0_181'
Driver info: com.kms.katalon.core.webui.driver.ExistingRemoteWebDriver
Capabilities {javascriptEnabled: true, platform: ANY, platformName: ANY}
Session ID: 66da7635ded2d355388026ca8e7d8eff
	at org.openqa.selenium.remote.http.W3CHttpResponseCodec.createException(W3CHttpResponseCodec.java:187)
	at org.openqa.selenium.remote.http.W3CHttpResponseCodec.decode(W3CHttpResponseCodec.java:122)
	at org.openqa.selenium.remote.http.W3CHttpResponseCodec.decode(W3CHttpResponseCodec.java:49)
	at org.openqa.selenium.remote.HttpCommandExecutor.execute(HttpCommandExecutor.java:158)
	at org.openqa.selenium.remote.RemoteWebDriver.execute(RemoteWebDriver.java:552)
	at com.kms.katalon.core.webui.driver.ExistingRemoteWebDriver.execute(ExistingRemoteWebDriver.java:108)
	at org.openqa.selenium.remote.RemoteWebElement.execute(RemoteWebElement.java:285)
	at org.openqa.selenium.remote.RemoteWebElement.click(RemoteWebElement.java:84)
	at org.openqa.selenium.support.events.EventFiringWebDriver$EventFiringWebElement.lambda$new$0(EventFiringWebDriver.java:404)
	at com.sun.proxy.$Proxy9.click(Unknown Source)
	at org.openqa.selenium.support.events.EventFiringWebDriver$EventFiringWebElement.click(EventFiringWebDriver.java:417)
	at com.kms.katalon.core.webui.keyword.builtin.ClickKeyword$_click_closure1.doCall(ClickKeyword.groovy:69)
	at com.kms.katalon.core.webui.keyword.builtin.ClickKeyword$_click_closure1.call(ClickKeyword.groovy)
	at com.kms.katalon.core.webui.keyword.internal.WebUIKeywordMain.runKeyword(WebUIKeywordMain.groovy:20)
	at com.kms.katalon.core.webui.keyword.builtin.ClickKeyword.click(ClickKeyword.groovy:76)
	at com.kms.katalon.core.webui.keyword.builtin.ClickKeyword.execute(ClickKeyword.groovy:43)
	at com.kms.katalon.core.keyword.internal.KeywordExecutor.executeKeywordForPlatform(KeywordExecutor.groovy:72)
	at com.kms.katalon.core.webui.keyword.WebUiBuiltInKeywords.click(WebUiBuiltInKeywords.groovy:616)
	at com.kms.katalon.core.webui.keyword.WebUiBuiltInKeywords$click$0.call(Unknown Source)
	at Script1549506362832.run(Script1549506362832.groovy:28)
	... 13 more
)

2020-03-19 14:23:57 - [MESSAGE][FAILED] - Unable to click on object 'Object Repository/ADMIN/Categories/Category List/button_Categories' (Root cause: com.kms.katalon.core.exception.StepFailedException: Unable to click on object 'Object Repository/ADMIN/Categories/Category List/button_Categories'
	at com.kms.katalon.core.webui.keyword.internal.WebUIKeywordMain.stepFailed(WebUIKeywordMain.groovy:64)
	at com.kms.katalon.core.webui.keyword.internal.WebUIKeywordMain.runKeyword(WebUIKeywordMain.groovy:26)
	at com.kms.katalon.core.webui.keyword.builtin.ClickKeyword.click(ClickKeyword.groovy:76)
	at com.kms.katalon.core.webui.keyword.builtin.ClickKeyword.execute(ClickKeyword.groovy:43)
	at com.kms.katalon.core.keyword.internal.KeywordExecutor.executeKeywordForPlatform(KeywordExecutor.groovy:72)
	at com.kms.katalon.core.webui.keyword.WebUiBuiltInKeywords.click(WebUiBuiltInKeywords.groovy:616)
	at com.kms.katalon.core.webui.keyword.WebUiBuiltInKeywords$click$0.call(Unknown Source)
	at Add Category.run(Add Category:28)
	at com.kms.katalon.core.main.ScriptEngine.run(ScriptEngine.java:194)
	at com.kms.katalon.core.main.ScriptEngine.runScriptAsRawText(ScriptEngine.java:119)
	at com.kms.katalon.core.main.TestCaseExecutor.runScript(TestCaseExecutor.java:337)
	at com.kms.katalon.core.main.TestCaseExecutor.doExecute(TestCaseExecutor.java:328)
	at com.kms.katalon.core.main.TestCaseExecutor.processExecutionPhase(TestCaseExecutor.java:307)
	at com.kms.katalon.core.main.TestCaseExecutor.accessMainPhase(TestCaseExecutor.java:299)
	at com.kms.katalon.core.main.TestCaseExecutor.execute(TestCaseExecutor.java:233)
	at com.kms.katalon.core.main.TestSuiteExecutor.accessTestCaseMainPhase(TestSuiteExecutor.java:169)
	at com.kms.katalon.core.main.TestSuiteExecutor.accessTestSuiteMainPhase(TestSuiteExecutor.java:142)
	at com.kms.katalon.core.main.TestSuiteExecutor.execute(TestSuiteExecutor.java:91)
	at com.kms.katalon.core.main.TestCaseMain.startTestSuite(TestCaseMain.java:157)
	at com.kms.katalon.core.main.TestCaseMain$startTestSuite$0.call(Unknown Source)
	at TempTestSuite1584598607274.run(TempTestSuite1584598607274.groovy:36)
Caused by: org.openqa.selenium.ElementNotInteractableException: element not interactable
  (Session info: chrome=80.0.3987.132)
Build info: version: '3.141.59', revision: 'e82be7d358', time: '2018-11-14T08:25:53'
System info: host: 'ARCADIER-03', ip: '192.168.254.105', os.name: 'Windows 7', os.arch: 'amd64', os.version: '6.1', java.version: '1.8.0_181'
Driver info: com.kms.katalon.core.webui.driver.ExistingRemoteWebDriver
Capabilities {javascriptEnabled: true, platform: ANY, platformName: ANY}
Session ID: 66da7635ded2d355388026ca8e7d8eff
	at org.openqa.selenium.remote.http.W3CHttpResponseCodec.createException(W3CHttpResponseCodec.java:187)
	at org.openqa.selenium.remote.http.W3CHttpResponseCodec.decode(W3CHttpResponseCodec.java:122)
	at org.openqa.selenium.remote.http.W3CHttpResponseCodec.decode(W3CHttpResponseCodec.java:49)
	at org.openqa.selenium.remote.HttpCommandExecutor.execute(HttpCommandExecutor.java:158)
	at org.openqa.selenium.remote.RemoteWebDriver.execute(RemoteWebDriver.java:552)
	at com.kms.katalon.core.webui.driver.ExistingRemoteWebDriver.execute(ExistingRemoteWebDriver.java:108)
	at org.openqa.selenium.remote.RemoteWebElement.execute(RemoteWebElement.java:285)
	at org.openqa.selenium.remote.RemoteWebElement.click(RemoteWebElement.java:84)
	at org.openqa.selenium.support.events.EventFiringWebDriver$EventFiringWebElement.lambda$new$0(EventFiringWebDriver.java:404)
	at com.sun.proxy.$Proxy9.click(Unknown Source)
	at org.openqa.selenium.support.events.EventFiringWebDriver$EventFiringWebElement.click(EventFiringWebDriver.java:417)
	at com.kms.katalon.core.webui.keyword.builtin.ClickKeyword$_click_closure1.doCall(ClickKeyword.groovy:69)
	at com.kms.katalon.core.webui.keyword.builtin.ClickKeyword$_click_closure1.call(ClickKeyword.groovy)
	at com.kms.katalon.core.webui.keyword.internal.WebUIKeywordMain.runKeyword(WebUIKeywordMain.groovy:20)
	at com.kms.katalon.core.webui.keyword.builtin.ClickKeyword.click(ClickKeyword.groovy:76)
	at com.kms.katalon.core.webui.keyword.builtin.ClickKeyword.execute(ClickKeyword.groovy:43)
	at com.kms.katalon.core.keyword.internal.KeywordExecutor.executeKeywordForPlatform(KeywordExecutor.groovy:72)
	at com.kms.katalon.core.webui.keyword.WebUiBuiltInKeywords.click(WebUiBuiltInKeywords.groovy:616)
	at com.kms.katalon.core.webui.keyword.WebUiBuiltInKeywords$click$0.call(Unknown Source)
	at Script1549506362832.run(Script1549506362832.groovy:28)
	... 13 more
)
[[ATTACHMENT|C:\\Katalon\\Arctick\\Reports\\20200319_141647\\Admin\\Admin Add Category\\20200319_141647\\1584599036686.png]]

2020-03-19 14:23:57 - [TEST_STEP][PASSED] - waitForPageLoad(0, STOP_ON_FAILURE): Wait for page load successfully

2020-03-19 14:23:57 - [MESSAGE][WARNING] - Timeout '0' is invalid. Using default page load timeout: '30'

2020-03-19 14:23:57 - [MESSAGE][PASSED] - Wait for page load successfully

2020-03-19 14:23:57 - [TEST_STEP][PASSED] - click(findTestObject("ADMIN/Categories/Category List/button_Add a Category")): Object: 'Object Repository/ADMIN/Categories/Category List/button_Add a Category' is clicked on

2020-03-19 14:23:57 - [MESSAGE][PASSED] - Object: 'Object Repository/ADMIN/Categories/Category List/button_Add a Category' is clicked on

2020-03-19 14:23:57 - [TEST_STEP][PASSED] - waitForElementPresent(findTestObject("ADMIN/Categories/Category/dropdown_Parent"), 2): Object 'Object Repository/ADMIN/Categories/Category/dropdown_Parent' is present

2020-03-19 14:23:57 - [MESSAGE][PASSED] - Object 'Object Repository/ADMIN/Categories/Category/dropdown_Parent' is present

2020-03-19 14:23:57 - [TEST_STEP][PASSED] - delay(1): Delayed 1 second(s)

2020-03-19 14:23:58 - [MESSAGE][PASSED] - Delayed 1 second(s)

2020-03-19 14:23:58 - [TEST_STEP][PASSED] - setText(findTestObject("ADMIN/Categories/Category/textfield_Category Name"), CategoryNametext): Text 'Category 4.18' is set on object 'Object Repository/ADMIN/Categories/Category/textfield_Category Name'

2020-03-19 14:23:58 - [MESSAGE][PASSED] - Text 'Category 4.18' is set on object 'Object Repository/ADMIN/Categories/Category/textfield_Category Name'

2020-03-19 14:23:58 - [TEST_STEP][PASSED] - click(findTestObject("ADMIN/Categories/Category/dropdown_Parent")): Object: 'Object Repository/ADMIN/Categories/Category/dropdown_Parent' is clicked on

2020-03-19 14:23:58 - [MESSAGE][PASSED] - Object: 'Object Repository/ADMIN/Categories/Category/dropdown_Parent' is clicked on

2020-03-19 14:23:58 - [TEST_STEP][PASSED] - delay(2): Delayed 2 second(s)

2020-03-19 14:24:00 - [MESSAGE][PASSED] - Delayed 2 second(s)

2020-03-19 14:24:00 - [TEST_STEP][PASSED] - click(findTestObject("ADMIN/Categories/Category/dropdown_Parent")): Object: 'Object Repository/ADMIN/Categories/Category/dropdown_Parent' is clicked on

2020-03-19 14:24:00 - [MESSAGE][PASSED] - Object: 'Object Repository/ADMIN/Categories/Category/dropdown_Parent' is clicked on

2020-03-19 14:24:00 - [TEST_STEP][PASSED] - selectOptionByLabel(findTestObject("ADMIN/Categories/Category/dropdown_Parent"), ParentName, false): All options with label 'Category 04' are selected in object 'Object Repository/ADMIN/Categories/Category/dropdown_Parent' 

2020-03-19 14:24:00 - [MESSAGE][PASSED] - All options with label 'Category 04' are selected in object 'Object Repository/ADMIN/Categories/Category/dropdown_Parent' 

2020-03-19 14:24:00 - [TEST_STEP][PASSED] - click(findTestObject("ADMIN/Categories/Category/button_Browse")): Object: 'Object Repository/ADMIN/Categories/Category/button_Browse' is clicked on

2020-03-19 14:24:00 - [MESSAGE][PASSED] - Object: 'Object Repository/ADMIN/Categories/Category/button_Browse' is clicked on

2020-03-19 14:24:00 - [TEST_STEP][PASSED] - delay(2): Delayed 2 second(s)

2020-03-19 14:24:02 - [MESSAGE][PASSED] - Delayed 2 second(s)

2020-03-19 14:24:02 - [TEST_STEP][PASSED] - uploadFile(findTestObject("ADMIN/Categories/Category/image_input image"), CategoryImageUpload): File 'C:\\Katalon\\Arctick\\Images\\Category\\4.png' sent to object: 'Object Repository/ADMIN/Categories/Category/image_input image'

2020-03-19 14:24:03 - [MESSAGE][PASSED] - File 'C:\\Katalon\\Arctick\\Images\\Category\\4.png' sent to object: 'Object Repository/ADMIN/Categories/Category/image_input image'

2020-03-19 14:24:03 - [TEST_STEP][PASSED] - waitForElementVisible(findTestObject("ADMIN/Categories/Category/button_upload check"), 0): Object 'Object Repository/ADMIN/Categories/Category/button_upload check' is visible

2020-03-19 14:24:03 - [MESSAGE][WARNING] - Timeout '0' is invalid. Using default page load timeout: '30'

2020-03-19 14:24:03 - [MESSAGE][PASSED] - Object 'Object Repository/ADMIN/Categories/Category/button_upload check' is visible

2020-03-19 14:24:03 - [TEST_STEP][PASSED] - click(findTestObject("ADMIN/Categories/Category/button_upload check")): Object: 'Object Repository/ADMIN/Categories/Category/button_upload check' is clicked on

2020-03-19 14:24:03 - [MESSAGE][PASSED] - Object: 'Object Repository/ADMIN/Categories/Category/button_upload check' is clicked on

2020-03-19 14:24:03 - [TEST_STEP][PASSED] - waitForElementVisible(findTestObject("ADMIN/Categories/Category/button_upload save"), 0): Object 'Object Repository/ADMIN/Categories/Category/button_upload save' is visible

2020-03-19 14:24:03 - [MESSAGE][WARNING] - Timeout '0' is invalid. Using default page load timeout: '30'

2020-03-19 14:24:03 - [MESSAGE][PASSED] - Object 'Object Repository/ADMIN/Categories/Category/button_upload save' is visible

2020-03-19 14:24:03 - [TEST_STEP][PASSED] - click(findTestObject("ADMIN/Categories/Category/button_upload save")): Object: 'Object Repository/ADMIN/Categories/Category/button_upload save' is clicked on

2020-03-19 14:24:03 - [MESSAGE][PASSED] - Object: 'Object Repository/ADMIN/Categories/Category/button_upload save' is clicked on

2020-03-19 14:24:03 - [TEST_STEP][PASSED] - setText(findTestObject("ADMIN/Categories/Category/textfield_category_description"), Description): Text 'Description28' is set on object 'Object Repository/ADMIN/Categories/Category/textfield_category_description'

2020-03-19 14:24:04 - [MESSAGE][PASSED] - Text 'Description28' is set on object 'Object Repository/ADMIN/Categories/Category/textfield_category_description'

2020-03-19 14:24:04 - [TEST_STEP][PASSED] - click(findTestObject("ADMIN/Categories/Category/button_Save")): Object: 'Object Repository/ADMIN/Categories/Category/button_Save' is clicked on

2020-03-19 14:24:04 - [MESSAGE][PASSED] - Object: 'Object Repository/ADMIN/Categories/Category/button_Save' is clicked on

2020-03-19 14:24:04 - [TEST_STEP][PASSED] - waitForElementVisible(findTestObject("ADMIN/Categories/Category/label_edit popup"), 0): Object 'Object Repository/ADMIN/Categories/Category/label_edit popup' is visible

2020-03-19 14:24:04 - [MESSAGE][WARNING] - Timeout '0' is invalid. Using default page load timeout: '30'

2020-03-19 14:24:04 - [MESSAGE][PASSED] - Object 'Object Repository/ADMIN/Categories/Category/label_edit popup' is visible

2020-03-19 14:24:04 - [TEST_STEP][PASSED] - waitForElementNotPresent(findTestObject("ADMIN/Categories/Category/label_edit popup"), 0): Web element with id: 'Object Repository/ADMIN/Categories/Category/label_edit popup' located by 'By.xpath: //div[(text() = 'Category was successfully saved.' or . = 'Category was successfully saved.')]' is not present after '30' second(s)

2020-03-19 14:24:04 - [MESSAGE][WARNING] - Timeout '0' is invalid. Using default page load timeout: '30'

2020-03-19 14:24:10 - [MESSAGE][PASSED] - Web element with id: 'Object Repository/ADMIN/Categories/Category/label_edit popup' located by 'By.xpath: //div[(text() = 'Category was successfully saved.' or . = 'Category was successfully saved.')]' is not present after '30' second(s)]]></system-out>
         <system-err><![CDATA[2020-03-19 14:23:56 - [TEST_CASE][FAILED] - Test Cases/ADMIN/Content Mgmt/Categories/Category Add-Edit/Add Category: Test Cases/ADMIN/Content Mgmt/Categories/Category Add-Edit/Add Category FAILED.
Reason:
com.kms.katalon.core.exception.StepFailedException: Unable to click on object 'Object Repository/ADMIN/Categories/Category List/button_Categories' (Root cause: com.kms.katalon.core.exception.StepFailedException: Unable to click on object 'Object Repository/ADMIN/Categories/Category List/button_Categories'
	at com.kms.katalon.core.webui.keyword.internal.WebUIKeywordMain.stepFailed(WebUIKeywordMain.groovy:64)
	at com.kms.katalon.core.webui.keyword.internal.WebUIKeywordMain.runKeyword(WebUIKeywordMain.groovy:26)
	at com.kms.katalon.core.webui.keyword.builtin.ClickKeyword.click(ClickKeyword.groovy:76)
	at com.kms.katalon.core.webui.keyword.builtin.ClickKeyword.execute(ClickKeyword.groovy:43)
	at com.kms.katalon.core.keyword.internal.KeywordExecutor.executeKeywordForPlatform(KeywordExecutor.groovy:72)
	at com.kms.katalon.core.webui.keyword.WebUiBuiltInKeywords.click(WebUiBuiltInKeywords.groovy:616)
	at com.kms.katalon.core.webui.keyword.WebUiBuiltInKeywords$click$0.call(Unknown Source)
	at Add Category.run(Add Category:28)
	at com.kms.katalon.core.main.ScriptEngine.run(ScriptEngine.java:194)
	at com.kms.katalon.core.main.ScriptEngine.runScriptAsRawText(ScriptEngine.java:119)
	at com.kms.katalon.core.main.TestCaseExecutor.runScript(TestCaseExecutor.java:337)
	at com.kms.katalon.core.main.TestCaseExecutor.doExecute(TestCaseExecutor.java:328)
	at com.kms.katalon.core.main.TestCaseExecutor.processExecutionPhase(TestCaseExecutor.java:307)
	at com.kms.katalon.core.main.TestCaseExecutor.accessMainPhase(TestCaseExecutor.java:299)
	at com.kms.katalon.core.main.TestCaseExecutor.execute(TestCaseExecutor.java:233)
	at com.kms.katalon.core.main.TestSuiteExecutor.accessTestCaseMainPhase(TestSuiteExecutor.java:169)
	at com.kms.katalon.core.main.TestSuiteExecutor.accessTestSuiteMainPhase(TestSuiteExecutor.java:142)
	at com.kms.katalon.core.main.TestSuiteExecutor.execute(TestSuiteExecutor.java:91)
	at com.kms.katalon.core.main.TestCaseMain.startTestSuite(TestCaseMain.java:157)
	at com.kms.katalon.core.main.TestCaseMain$startTestSuite$0.call(Unknown Source)
	at TempTestSuite1584598607274.run(TempTestSuite1584598607274.groovy:36)
Caused by: org.openqa.selenium.ElementNotInteractableException: element not interactable
  (Session info: chrome=80.0.3987.132)
Build info: version: '3.141.59', revision: 'e82be7d358', time: '2018-11-14T08:25:53'
System info: host: 'ARCADIER-03', ip: '192.168.254.105', os.name: 'Windows 7', os.arch: 'amd64', os.version: '6.1', java.version: '1.8.0_181'
Driver info: com.kms.katalon.core.webui.driver.ExistingRemoteWebDriver
Capabilities {javascriptEnabled: true, platform: ANY, platformName: ANY}
Session ID: 66da7635ded2d355388026ca8e7d8eff
	at org.openqa.selenium.remote.http.W3CHttpResponseCodec.createException(W3CHttpResponseCodec.java:187)
	at org.openqa.selenium.remote.http.W3CHttpResponseCodec.decode(W3CHttpResponseCodec.java:122)
	at org.openqa.selenium.remote.http.W3CHttpResponseCodec.decode(W3CHttpResponseCodec.java:49)
	at org.openqa.selenium.remote.HttpCommandExecutor.execute(HttpCommandExecutor.java:158)
	at org.openqa.selenium.remote.RemoteWebDriver.execute(RemoteWebDriver.java:552)
	at com.kms.katalon.core.webui.driver.ExistingRemoteWebDriver.execute(ExistingRemoteWebDriver.java:108)
	at org.openqa.selenium.remote.RemoteWebElement.execute(RemoteWebElement.java:285)
	at org.openqa.selenium.remote.RemoteWebElement.click(RemoteWebElement.java:84)
	at org.openqa.selenium.support.events.EventFiringWebDriver$EventFiringWebElement.lambda$new$0(EventFiringWebDriver.java:404)
	at com.sun.proxy.$Proxy9.click(Unknown Source)
	at org.openqa.selenium.support.events.EventFiringWebDriver$EventFiringWebElement.click(EventFiringWebDriver.java:417)
	at com.kms.katalon.core.webui.keyword.builtin.ClickKeyword$_click_closure1.doCall(ClickKeyword.groovy:69)
	at com.kms.katalon.core.webui.keyword.builtin.ClickKeyword$_click_closure1.call(ClickKeyword.groovy)
	at com.kms.katalon.core.webui.keyword.internal.WebUIKeywordMain.runKeyword(WebUIKeywordMain.groovy:20)
	at com.kms.katalon.core.webui.keyword.builtin.ClickKeyword.click(ClickKeyword.groovy:76)
	at com.kms.katalon.core.webui.keyword.builtin.ClickKeyword.execute(ClickKeyword.groovy:43)
	at com.kms.katalon.core.keyword.internal.KeywordExecutor.executeKeywordForPlatform(KeywordExecutor.groovy:72)
	at com.kms.katalon.core.webui.keyword.WebUiBuiltInKeywords.click(WebUiBuiltInKeywords.groovy:616)
	at com.kms.katalon.core.webui.keyword.WebUiBuiltInKeywords$click$0.call(Unknown Source)
	at Script1549506362832.run(Script1549506362832.groovy:28)
	... 13 more
)
	at com.kms.katalon.core.keyword.internal.KeywordMain.stepFailed(KeywordMain.groovy:39)
	at com.kms.katalon.core.webui.keyword.internal.WebUIKeywordMain.stepFailed(WebUIKeywordMain.groovy:64)
	at com.kms.katalon.core.webui.keyword.internal.WebUIKeywordMain.runKeyword(WebUIKeywordMain.groovy:26)
	at com.kms.katalon.core.webui.keyword.builtin.ClickKeyword.click(ClickKeyword.groovy:76)
	at com.kms.katalon.core.webui.keyword.builtin.ClickKeyword.execute(ClickKeyword.groovy:43)
	at com.kms.katalon.core.keyword.internal.KeywordExecutor.executeKeywordForPlatform(KeywordExecutor.groovy:72)
	at com.kms.katalon.core.webui.keyword.WebUiBuiltInKeywords.click(WebUiBuiltInKeywords.groovy:616)
	at com.kms.katalon.core.webui.keyword.WebUiBuiltInKeywords$click$0.call(Unknown Source)
	at Add Category.run(Add Category:28)
	at com.kms.katalon.core.main.ScriptEngine.run(ScriptEngine.java:194)
	at com.kms.katalon.core.main.ScriptEngine.runScriptAsRawText(ScriptEngine.java:119)
	at com.kms.katalon.core.main.TestCaseExecutor.runScript(TestCaseExecutor.java:337)
	at com.kms.katalon.core.main.TestCaseExecutor.doExecute(TestCaseExecutor.java:328)
	at com.kms.katalon.core.main.TestCaseExecutor.processExecutionPhase(TestCaseExecutor.java:307)
	at com.kms.katalon.core.main.TestCaseExecutor.accessMainPhase(TestCaseExecutor.java:299)
	at com.kms.katalon.core.main.TestCaseExecutor.execute(TestCaseExecutor.java:233)
	at com.kms.katalon.core.main.TestSuiteExecutor.accessTestCaseMainPhase(TestSuiteExecutor.java:169)
	at com.kms.katalon.core.main.TestSuiteExecutor.accessTestSuiteMainPhase(TestSuiteExecutor.java:142)
	at com.kms.katalon.core.main.TestSuiteExecutor.execute(TestSuiteExecutor.java:91)
	at com.kms.katalon.core.main.TestCaseMain.startTestSuite(TestCaseMain.java:157)
	at com.kms.katalon.core.main.TestCaseMain$startTestSuite$0.call(Unknown Source)
	at TempTestSuite1584598607274.run(TempTestSuite1584598607274.groovy:36)
Caused by: com.kms.katalon.core.exception.StepFailedException: Unable to click on object 'Object Repository/ADMIN/Categories/Category List/button_Categories'
	... 21 more
Caused by: org.openqa.selenium.ElementNotInteractableException: element not interactable
  (Session info: chrome=80.0.3987.132)
Build info: version: '3.141.59', revision: 'e82be7d358', time: '2018-11-14T08:25:53'
System info: host: 'ARCADIER-03', ip: '192.168.254.105', os.name: 'Windows 7', os.arch: 'amd64', os.version: '6.1', java.version: '1.8.0_181'
Driver info: com.kms.katalon.core.webui.driver.ExistingRemoteWebDriver
Capabilities {javascriptEnabled: true, platform: ANY, platformName: ANY}
Session ID: 66da7635ded2d355388026ca8e7d8eff
	at org.openqa.selenium.remote.http.W3CHttpResponseCodec.createException(W3CHttpResponseCodec.java:187)
	at org.openqa.selenium.remote.http.W3CHttpResponseCodec.decode(W3CHttpResponseCodec.java:122)
	at org.openqa.selenium.remote.http.W3CHttpResponseCodec.decode(W3CHttpResponseCodec.java:49)
	at org.openqa.selenium.remote.HttpCommandExecutor.execute(HttpCommandExecutor.java:158)
	at org.openqa.selenium.remote.RemoteWebDriver.execute(RemoteWebDriver.java:552)
	at com.kms.katalon.core.webui.driver.ExistingRemoteWebDriver.execute(ExistingRemoteWebDriver.java:108)
	at org.openqa.selenium.remote.RemoteWebElement.execute(RemoteWebElement.java:285)
	at org.openqa.selenium.remote.RemoteWebElement.click(RemoteWebElement.java:84)
	at org.openqa.selenium.support.events.EventFiringWebDriver$EventFiringWebElement.lambda$new$0(EventFiringWebDriver.java:404)
	at com.sun.proxy.$Proxy9.click(Unknown Source)
	at org.openqa.selenium.support.events.EventFiringWebDriver$EventFiringWebElement.click(EventFiringWebDriver.java:417)
	at com.kms.katalon.core.webui.keyword.builtin.ClickKeyword$_click_closure1.doCall(ClickKeyword.groovy:69)
	at com.kms.katalon.core.webui.keyword.builtin.ClickKeyword$_click_closure1.call(ClickKeyword.groovy)
	at com.kms.katalon.core.webui.keyword.internal.WebUIKeywordMain.runKeyword(WebUIKeywordMain.groovy:20)
	... 19 more]]></system-err>
      </testcase>
      <testcase name="Test Cases/ADMIN/Content Mgmt/Categories/Category Add-Edit/Add Category" time="14.553" classname="Test Cases/ADMIN/Content Mgmt/Categories/Category Add-Edit/Add Category" status="FAILED">
         <failure type="FAILED" message="Test Cases/ADMIN/Content Mgmt/Categories/Category Add-Edit/Add Category FAILED.
Reason:
com.kms.katalon.core.exception.StepFailedException: Unable to click on object 'Object Repository/ADMIN/Categories/Category List/button_Categories' (Root cause: com.kms.katalon.core.exception.StepFailedException: Unable to click on object 'Object Repository/ADMIN/Categories/Category List/button_Categories'
	at com.kms.katalon.core.webui.keyword.internal.WebUIKeywordMain.stepFailed(WebUIKeywordMain.groovy:64)
	at com.kms.katalon.core.webui.keyword.internal.WebUIKeywordMain.runKeyword(WebUIKeywordMain.groovy:26)
	at com.kms.katalon.core.webui.keyword.builtin.ClickKeyword.click(ClickKeyword.groovy:76)
	at com.kms.katalon.core.webui.keyword.builtin.ClickKeyword.execute(ClickKeyword.groovy:43)
	at com.kms.katalon.core.keyword.internal.KeywordExecutor.executeKeywordForPlatform(KeywordExecutor.groovy:72)
	at com.kms.katalon.core.webui.keyword.WebUiBuiltInKeywords.click(WebUiBuiltInKeywords.groovy:616)
	at com.kms.katalon.core.webui.keyword.WebUiBuiltInKeywords$click$0.call(Unknown Source)
	at Add Category.run(Add Category:28)
	at com.kms.katalon.core.main.ScriptEngine.run(ScriptEngine.java:194)
	at com.kms.katalon.core.main.ScriptEngine.runScriptAsRawText(ScriptEngine.java:119)
	at com.kms.katalon.core.main.TestCaseExecutor.runScript(TestCaseExecutor.java:337)
	at com.kms.katalon.core.main.TestCaseExecutor.doExecute(TestCaseExecutor.java:328)
	at com.kms.katalon.core.main.TestCaseExecutor.processExecutionPhase(TestCaseExecutor.java:307)
	at com.kms.katalon.core.main.TestCaseExecutor.accessMainPhase(TestCaseExecutor.java:299)
	at com.kms.katalon.core.main.TestCaseExecutor.execute(TestCaseExecutor.java:233)
	at com.kms.katalon.core.main.TestSuiteExecutor.accessTestCaseMainPhase(TestSuiteExecutor.java:169)
	at com.kms.katalon.core.main.TestSuiteExecutor.accessTestSuiteMainPhase(TestSuiteExecutor.java:142)
	at com.kms.katalon.core.main.TestSuiteExecutor.execute(TestSuiteExecutor.java:91)
	at com.kms.katalon.core.main.TestCaseMain.startTestSuite(TestCaseMain.java:157)
	at com.kms.katalon.core.main.TestCaseMain$startTestSuite$0.call(Unknown Source)
	at TempTestSuite1584598607274.run(TempTestSuite1584598607274.groovy:36)
Caused by: org.openqa.selenium.ElementNotInteractableException: element not interactable
  (Session info: chrome=80.0.3987.132)
Build info: version: '3.141.59', revision: 'e82be7d358', time: '2018-11-14T08:25:53'
System info: host: 'ARCADIER-03', ip: '192.168.254.105', os.name: 'Windows 7', os.arch: 'amd64', os.version: '6.1', java.version: '1.8.0_181'
Driver info: com.kms.katalon.core.webui.driver.ExistingRemoteWebDriver
Capabilities {javascriptEnabled: true, platform: ANY, platformName: ANY}
Session ID: 66da7635ded2d355388026ca8e7d8eff
	at org.openqa.selenium.remote.http.W3CHttpResponseCodec.createException(W3CHttpResponseCodec.java:187)
	at org.openqa.selenium.remote.http.W3CHttpResponseCodec.decode(W3CHttpResponseCodec.java:122)
	at org.openqa.selenium.remote.http.W3CHttpResponseCodec.decode(W3CHttpResponseCodec.java:49)
	at org.openqa.selenium.remote.HttpCommandExecutor.execute(HttpCommandExecutor.java:158)
	at org.openqa.selenium.remote.RemoteWebDriver.execute(RemoteWebDriver.java:552)
	at com.kms.katalon.core.webui.driver.ExistingRemoteWebDriver.execute(ExistingRemoteWebDriver.java:108)
	at org.openqa.selenium.remote.RemoteWebElement.execute(RemoteWebElement.java:285)
	at org.openqa.selenium.remote.RemoteWebElement.click(RemoteWebElement.java:84)
	at org.openqa.selenium.support.events.EventFiringWebDriver$EventFiringWebElement.lambda$new$0(EventFiringWebDriver.java:404)
	at com.sun.proxy.$Proxy9.click(Unknown Source)
	at org.openqa.selenium.support.events.EventFiringWebDriver$EventFiringWebElement.click(EventFiringWebDriver.java:417)
	at com.kms.katalon.core.webui.keyword.builtin.ClickKeyword$_click_closure1.doCall(ClickKeyword.groovy:69)
	at com.kms.katalon.core.webui.keyword.builtin.ClickKeyword$_click_closure1.call(ClickKeyword.groovy)
	at com.kms.katalon.core.webui.keyword.internal.WebUIKeywordMain.runKeyword(WebUIKeywordMain.groovy:20)
	at com.kms.katalon.core.webui.keyword.builtin.ClickKeyword.click(ClickKeyword.groovy:76)
	at com.kms.katalon.core.webui.keyword.builtin.ClickKeyword.execute(ClickKeyword.groovy:43)
	at com.kms.katalon.core.keyword.internal.KeywordExecutor.executeKeywordForPlatform(KeywordExecutor.groovy:72)
	at com.kms.katalon.core.webui.keyword.WebUiBuiltInKeywords.click(WebUiBuiltInKeywords.groovy:616)
	at com.kms.katalon.core.webui.keyword.WebUiBuiltInKeywords$click$0.call(Unknown Source)
	at Script1549506362832.run(Script1549506362832.groovy:28)
	... 13 more
)
	at com.kms.katalon.core.keyword.internal.KeywordMain.stepFailed(KeywordMain.groovy:39)
	at com.kms.katalon.core.webui.keyword.internal.WebUIKeywordMain.stepFailed(WebUIKeywordMain.groovy:64)
	at com.kms.katalon.core.webui.keyword.internal.WebUIKeywordMain.runKeyword(WebUIKeywordMain.groovy:26)
	at com.kms.katalon.core.webui.keyword.builtin.ClickKeyword.click(ClickKeyword.groovy:76)
	at com.kms.katalon.core.webui.keyword.builtin.ClickKeyword.execute(ClickKeyword.groovy:43)
	at com.kms.katalon.core.keyword.internal.KeywordExecutor.executeKeywordForPlatform(KeywordExecutor.groovy:72)
	at com.kms.katalon.core.webui.keyword.WebUiBuiltInKeywords.click(WebUiBuiltInKeywords.groovy:616)
	at com.kms.katalon.core.webui.keyword.WebUiBuiltInKeywords$click$0.call(Unknown Source)
	at Add Category.run(Add Category:28)
	at com.kms.katalon.core.main.ScriptEngine.run(ScriptEngine.java:194)
	at com.kms.katalon.core.main.ScriptEngine.runScriptAsRawText(ScriptEngine.java:119)
	at com.kms.katalon.core.main.TestCaseExecutor.runScript(TestCaseExecutor.java:337)
	at com.kms.katalon.core.main.TestCaseExecutor.doExecute(TestCaseExecutor.java:328)
	at com.kms.katalon.core.main.TestCaseExecutor.processExecutionPhase(TestCaseExecutor.java:307)
	at com.kms.katalon.core.main.TestCaseExecutor.accessMainPhase(TestCaseExecutor.java:299)
	at com.kms.katalon.core.main.TestCaseExecutor.execute(TestCaseExecutor.java:233)
	at com.kms.katalon.core.main.TestSuiteExecutor.accessTestCaseMainPhase(TestSuiteExecutor.java:169)
	at com.kms.katalon.core.main.TestSuiteExecutor.accessTestSuiteMainPhase(TestSuiteExecutor.java:142)
	at com.kms.katalon.core.main.TestSuiteExecutor.execute(TestSuiteExecutor.java:91)
	at com.kms.katalon.core.main.TestCaseMain.startTestSuite(TestCaseMain.java:157)
	at com.kms.katalon.core.main.TestCaseMain$startTestSuite$0.call(Unknown Source)
	at TempTestSuite1584598607274.run(TempTestSuite1584598607274.groovy:36)
Caused by: com.kms.katalon.core.exception.StepFailedException: Unable to click on object 'Object Repository/ADMIN/Categories/Category List/button_Categories'
	... 21 more
Caused by: org.openqa.selenium.ElementNotInteractableException: element not interactable
  (Session info: chrome=80.0.3987.132)
Build info: version: '3.141.59', revision: 'e82be7d358', time: '2018-11-14T08:25:53'
System info: host: 'ARCADIER-03', ip: '192.168.254.105', os.name: 'Windows 7', os.arch: 'amd64', os.version: '6.1', java.version: '1.8.0_181'
Driver info: com.kms.katalon.core.webui.driver.ExistingRemoteWebDriver
Capabilities {javascriptEnabled: true, platform: ANY, platformName: ANY}
Session ID: 66da7635ded2d355388026ca8e7d8eff
	at org.openqa.selenium.remote.http.W3CHttpResponseCodec.createException(W3CHttpResponseCodec.java:187)
	at org.openqa.selenium.remote.http.W3CHttpResponseCodec.decode(W3CHttpResponseCodec.java:122)
	at org.openqa.selenium.remote.http.W3CHttpResponseCodec.decode(W3CHttpResponseCodec.java:49)
	at org.openqa.selenium.remote.HttpCommandExecutor.execute(HttpCommandExecutor.java:158)
	at org.openqa.selenium.remote.RemoteWebDriver.execute(RemoteWebDriver.java:552)
	at com.kms.katalon.core.webui.driver.ExistingRemoteWebDriver.execute(ExistingRemoteWebDriver.java:108)
	at org.openqa.selenium.remote.RemoteWebElement.execute(RemoteWebElement.java:285)
	at org.openqa.selenium.remote.RemoteWebElement.click(RemoteWebElement.java:84)
	at org.openqa.selenium.support.events.EventFiringWebDriver$EventFiringWebElement.lambda$new$0(EventFiringWebDriver.java:404)
	at com.sun.proxy.$Proxy9.click(Unknown Source)
	at org.openqa.selenium.support.events.EventFiringWebDriver$EventFiringWebElement.click(EventFiringWebDriver.java:417)
	at com.kms.katalon.core.webui.keyword.builtin.ClickKeyword$_click_closure1.doCall(ClickKeyword.groovy:69)
	at com.kms.katalon.core.webui.keyword.builtin.ClickKeyword$_click_closure1.call(ClickKeyword.groovy)
	at com.kms.katalon.core.webui.keyword.internal.WebUIKeywordMain.runKeyword(WebUIKeywordMain.groovy:20)
	... 19 more
"/>
         <system-out><![CDATA[2020-03-19 14:24:10 - [TEST_CASE][FAILED] - Test Cases/ADMIN/Content Mgmt/Categories/Category Add-Edit/Add Category: Test Cases/ADMIN/Content Mgmt/Categories/Category Add-Edit/Add Category FAILED.
Reason:
com.kms.katalon.core.exception.StepFailedException: Unable to click on object 'Object Repository/ADMIN/Categories/Category List/button_Categories' (Root cause: com.kms.katalon.core.exception.StepFailedException: Unable to click on object 'Object Repository/ADMIN/Categories/Category List/button_Categories'
	at com.kms.katalon.core.webui.keyword.internal.WebUIKeywordMain.stepFailed(WebUIKeywordMain.groovy:64)
	at com.kms.katalon.core.webui.keyword.internal.WebUIKeywordMain.runKeyword(WebUIKeywordMain.groovy:26)
	at com.kms.katalon.core.webui.keyword.builtin.ClickKeyword.click(ClickKeyword.groovy:76)
	at com.kms.katalon.core.webui.keyword.builtin.ClickKeyword.execute(ClickKeyword.groovy:43)
	at com.kms.katalon.core.keyword.internal.KeywordExecutor.executeKeywordForPlatform(KeywordExecutor.groovy:72)
	at com.kms.katalon.core.webui.keyword.WebUiBuiltInKeywords.click(WebUiBuiltInKeywords.groovy:616)
	at com.kms.katalon.core.webui.keyword.WebUiBuiltInKeywords$click$0.call(Unknown Source)
	at Add Category.run(Add Category:28)
	at com.kms.katalon.core.main.ScriptEngine.run(ScriptEngine.java:194)
	at com.kms.katalon.core.main.ScriptEngine.runScriptAsRawText(ScriptEngine.java:119)
	at com.kms.katalon.core.main.TestCaseExecutor.runScript(TestCaseExecutor.java:337)
	at com.kms.katalon.core.main.TestCaseExecutor.doExecute(TestCaseExecutor.java:328)
	at com.kms.katalon.core.main.TestCaseExecutor.processExecutionPhase(TestCaseExecutor.java:307)
	at com.kms.katalon.core.main.TestCaseExecutor.accessMainPhase(TestCaseExecutor.java:299)
	at com.kms.katalon.core.main.TestCaseExecutor.execute(TestCaseExecutor.java:233)
	at com.kms.katalon.core.main.TestSuiteExecutor.accessTestCaseMainPhase(TestSuiteExecutor.java:169)
	at com.kms.katalon.core.main.TestSuiteExecutor.accessTestSuiteMainPhase(TestSuiteExecutor.java:142)
	at com.kms.katalon.core.main.TestSuiteExecutor.execute(TestSuiteExecutor.java:91)
	at com.kms.katalon.core.main.TestCaseMain.startTestSuite(TestCaseMain.java:157)
	at com.kms.katalon.core.main.TestCaseMain$startTestSuite$0.call(Unknown Source)
	at TempTestSuite1584598607274.run(TempTestSuite1584598607274.groovy:36)
Caused by: org.openqa.selenium.ElementNotInteractableException: element not interactable
  (Session info: chrome=80.0.3987.132)
Build info: version: '3.141.59', revision: 'e82be7d358', time: '2018-11-14T08:25:53'
System info: host: 'ARCADIER-03', ip: '192.168.254.105', os.name: 'Windows 7', os.arch: 'amd64', os.version: '6.1', java.version: '1.8.0_181'
Driver info: com.kms.katalon.core.webui.driver.ExistingRemoteWebDriver
Capabilities {javascriptEnabled: true, platform: ANY, platformName: ANY}
Session ID: 66da7635ded2d355388026ca8e7d8eff
	at org.openqa.selenium.remote.http.W3CHttpResponseCodec.createException(W3CHttpResponseCodec.java:187)
	at org.openqa.selenium.remote.http.W3CHttpResponseCodec.decode(W3CHttpResponseCodec.java:122)
	at org.openqa.selenium.remote.http.W3CHttpResponseCodec.decode(W3CHttpResponseCodec.java:49)
	at org.openqa.selenium.remote.HttpCommandExecutor.execute(HttpCommandExecutor.java:158)
	at org.openqa.selenium.remote.RemoteWebDriver.execute(RemoteWebDriver.java:552)
	at com.kms.katalon.core.webui.driver.ExistingRemoteWebDriver.execute(ExistingRemoteWebDriver.java:108)
	at org.openqa.selenium.remote.RemoteWebElement.execute(RemoteWebElement.java:285)
	at org.openqa.selenium.remote.RemoteWebElement.click(RemoteWebElement.java:84)
	at org.openqa.selenium.support.events.EventFiringWebDriver$EventFiringWebElement.lambda$new$0(EventFiringWebDriver.java:404)
	at com.sun.proxy.$Proxy9.click(Unknown Source)
	at org.openqa.selenium.support.events.EventFiringWebDriver$EventFiringWebElement.click(EventFiringWebDriver.java:417)
	at com.kms.katalon.core.webui.keyword.builtin.ClickKeyword$_click_closure1.doCall(ClickKeyword.groovy:69)
	at com.kms.katalon.core.webui.keyword.builtin.ClickKeyword$_click_closure1.call(ClickKeyword.groovy)
	at com.kms.katalon.core.webui.keyword.internal.WebUIKeywordMain.runKeyword(WebUIKeywordMain.groovy:20)
	at com.kms.katalon.core.webui.keyword.builtin.ClickKeyword.click(ClickKeyword.groovy:76)
	at com.kms.katalon.core.webui.keyword.builtin.ClickKeyword.execute(ClickKeyword.groovy:43)
	at com.kms.katalon.core.keyword.internal.KeywordExecutor.executeKeywordForPlatform(KeywordExecutor.groovy:72)
	at com.kms.katalon.core.webui.keyword.WebUiBuiltInKeywords.click(WebUiBuiltInKeywords.groovy:616)
	at com.kms.katalon.core.webui.keyword.WebUiBuiltInKeywords$click$0.call(Unknown Source)
	at Script1549506362832.run(Script1549506362832.groovy:28)
	... 13 more
)
	at com.kms.katalon.core.keyword.internal.KeywordMain.stepFailed(KeywordMain.groovy:39)
	at com.kms.katalon.core.webui.keyword.internal.WebUIKeywordMain.stepFailed(WebUIKeywordMain.groovy:64)
	at com.kms.katalon.core.webui.keyword.internal.WebUIKeywordMain.runKeyword(WebUIKeywordMain.groovy:26)
	at com.kms.katalon.core.webui.keyword.builtin.ClickKeyword.click(ClickKeyword.groovy:76)
	at com.kms.katalon.core.webui.keyword.builtin.ClickKeyword.execute(ClickKeyword.groovy:43)
	at com.kms.katalon.core.keyword.internal.KeywordExecutor.executeKeywordForPlatform(KeywordExecutor.groovy:72)
	at com.kms.katalon.core.webui.keyword.WebUiBuiltInKeywords.click(WebUiBuiltInKeywords.groovy:616)
	at com.kms.katalon.core.webui.keyword.WebUiBuiltInKeywords$click$0.call(Unknown Source)
	at Add Category.run(Add Category:28)
	at com.kms.katalon.core.main.ScriptEngine.run(ScriptEngine.java:194)
	at com.kms.katalon.core.main.ScriptEngine.runScriptAsRawText(ScriptEngine.java:119)
	at com.kms.katalon.core.main.TestCaseExecutor.runScript(TestCaseExecutor.java:337)
	at com.kms.katalon.core.main.TestCaseExecutor.doExecute(TestCaseExecutor.java:328)
	at com.kms.katalon.core.main.TestCaseExecutor.processExecutionPhase(TestCaseExecutor.java:307)
	at com.kms.katalon.core.main.TestCaseExecutor.accessMainPhase(TestCaseExecutor.java:299)
	at com.kms.katalon.core.main.TestCaseExecutor.execute(TestCaseExecutor.java:233)
	at com.kms.katalon.core.main.TestSuiteExecutor.accessTestCaseMainPhase(TestSuiteExecutor.java:169)
	at com.kms.katalon.core.main.TestSuiteExecutor.accessTestSuiteMainPhase(TestSuiteExecutor.java:142)
	at com.kms.katalon.core.main.TestSuiteExecutor.execute(TestSuiteExecutor.java:91)
	at com.kms.katalon.core.main.TestCaseMain.startTestSuite(TestCaseMain.java:157)
	at com.kms.katalon.core.main.TestCaseMain$startTestSuite$0.call(Unknown Source)
	at TempTestSuite1584598607274.run(TempTestSuite1584598607274.groovy:36)
Caused by: com.kms.katalon.core.exception.StepFailedException: Unable to click on object 'Object Repository/ADMIN/Categories/Category List/button_Categories'
	... 21 more
Caused by: org.openqa.selenium.ElementNotInteractableException: element not interactable
  (Session info: chrome=80.0.3987.132)
Build info: version: '3.141.59', revision: 'e82be7d358', time: '2018-11-14T08:25:53'
System info: host: 'ARCADIER-03', ip: '192.168.254.105', os.name: 'Windows 7', os.arch: 'amd64', os.version: '6.1', java.version: '1.8.0_181'
Driver info: com.kms.katalon.core.webui.driver.ExistingRemoteWebDriver
Capabilities {javascriptEnabled: true, platform: ANY, platformName: ANY}
Session ID: 66da7635ded2d355388026ca8e7d8eff
	at org.openqa.selenium.remote.http.W3CHttpResponseCodec.createException(W3CHttpResponseCodec.java:187)
	at org.openqa.selenium.remote.http.W3CHttpResponseCodec.decode(W3CHttpResponseCodec.java:122)
	at org.openqa.selenium.remote.http.W3CHttpResponseCodec.decode(W3CHttpResponseCodec.java:49)
	at org.openqa.selenium.remote.HttpCommandExecutor.execute(HttpCommandExecutor.java:158)
	at org.openqa.selenium.remote.RemoteWebDriver.execute(RemoteWebDriver.java:552)
	at com.kms.katalon.core.webui.driver.ExistingRemoteWebDriver.execute(ExistingRemoteWebDriver.java:108)
	at org.openqa.selenium.remote.RemoteWebElement.execute(RemoteWebElement.java:285)
	at org.openqa.selenium.remote.RemoteWebElement.click(RemoteWebElement.java:84)
	at org.openqa.selenium.support.events.EventFiringWebDriver$EventFiringWebElement.lambda$new$0(EventFiringWebDriver.java:404)
	at com.sun.proxy.$Proxy9.click(Unknown Source)
	at org.openqa.selenium.support.events.EventFiringWebDriver$EventFiringWebElement.click(EventFiringWebDriver.java:417)
	at com.kms.katalon.core.webui.keyword.builtin.ClickKeyword$_click_closure1.doCall(ClickKeyword.groovy:69)
	at com.kms.katalon.core.webui.keyword.builtin.ClickKeyword$_click_closure1.call(ClickKeyword.groovy)
	at com.kms.katalon.core.webui.keyword.internal.WebUIKeywordMain.runKeyword(WebUIKeywordMain.groovy:20)
	... 19 more


2020-03-19 14:24:10 - [TEST_STEP][PASSED] - waitForElementVisible(findTestObject("ADMIN/Categories/Category List/button_Content Mgmt"), 0): Object 'Object Repository/ADMIN/Categories/Category List/button_Content Mgmt' is visible

2020-03-19 14:24:10 - [MESSAGE][WARNING] - Timeout '0' is invalid. Using default page load timeout: '30'

2020-03-19 14:24:10 - [MESSAGE][PASSED] - Object 'Object Repository/ADMIN/Categories/Category List/button_Content Mgmt' is visible

2020-03-19 14:24:10 - [TEST_STEP][PASSED] - click(findTestObject("ADMIN/Categories/Category List/button_Content Mgmt")): Object: 'Object Repository/ADMIN/Categories/Category List/button_Content Mgmt' is clicked on

2020-03-19 14:24:10 - [MESSAGE][PASSED] - Object: 'Object Repository/ADMIN/Categories/Category List/button_Content Mgmt' is clicked on

2020-03-19 14:24:10 - [TEST_STEP][PASSED] - waitForElementVisible(findTestObject("ADMIN/Categories/Category List/button_Categories"), 0): Object 'Object Repository/ADMIN/Categories/Category List/button_Categories' is visible

2020-03-19 14:24:10 - [MESSAGE][WARNING] - Timeout '0' is invalid. Using default page load timeout: '30'

2020-03-19 14:24:10 - [MESSAGE][PASSED] - Object 'Object Repository/ADMIN/Categories/Category List/button_Categories' is visible

2020-03-19 14:24:10 - [TEST_STEP][FAILED] - click(findTestObject("ADMIN/Categories/Category List/button_Categories")): Unable to click on object 'Object Repository/ADMIN/Categories/Category List/button_Categories' (Root cause: com.kms.katalon.core.exception.StepFailedException: Unable to click on object 'Object Repository/ADMIN/Categories/Category List/button_Categories'
	at com.kms.katalon.core.webui.keyword.internal.WebUIKeywordMain.stepFailed(WebUIKeywordMain.groovy:64)
	at com.kms.katalon.core.webui.keyword.internal.WebUIKeywordMain.runKeyword(WebUIKeywordMain.groovy:26)
	at com.kms.katalon.core.webui.keyword.builtin.ClickKeyword.click(ClickKeyword.groovy:76)
	at com.kms.katalon.core.webui.keyword.builtin.ClickKeyword.execute(ClickKeyword.groovy:43)
	at com.kms.katalon.core.keyword.internal.KeywordExecutor.executeKeywordForPlatform(KeywordExecutor.groovy:72)
	at com.kms.katalon.core.webui.keyword.WebUiBuiltInKeywords.click(WebUiBuiltInKeywords.groovy:616)
	at com.kms.katalon.core.webui.keyword.WebUiBuiltInKeywords$click$0.call(Unknown Source)
	at Add Category.run(Add Category:28)
	at com.kms.katalon.core.main.ScriptEngine.run(ScriptEngine.java:194)
	at com.kms.katalon.core.main.ScriptEngine.runScriptAsRawText(ScriptEngine.java:119)
	at com.kms.katalon.core.main.TestCaseExecutor.runScript(TestCaseExecutor.java:337)
	at com.kms.katalon.core.main.TestCaseExecutor.doExecute(TestCaseExecutor.java:328)
	at com.kms.katalon.core.main.TestCaseExecutor.processExecutionPhase(TestCaseExecutor.java:307)
	at com.kms.katalon.core.main.TestCaseExecutor.accessMainPhase(TestCaseExecutor.java:299)
	at com.kms.katalon.core.main.TestCaseExecutor.execute(TestCaseExecutor.java:233)
	at com.kms.katalon.core.main.TestSuiteExecutor.accessTestCaseMainPhase(TestSuiteExecutor.java:169)
	at com.kms.katalon.core.main.TestSuiteExecutor.accessTestSuiteMainPhase(TestSuiteExecutor.java:142)
	at com.kms.katalon.core.main.TestSuiteExecutor.execute(TestSuiteExecutor.java:91)
	at com.kms.katalon.core.main.TestCaseMain.startTestSuite(TestCaseMain.java:157)
	at com.kms.katalon.core.main.TestCaseMain$startTestSuite$0.call(Unknown Source)
	at TempTestSuite1584598607274.run(TempTestSuite1584598607274.groovy:36)
Caused by: org.openqa.selenium.ElementNotInteractableException: element not interactable
  (Session info: chrome=80.0.3987.132)
Build info: version: '3.141.59', revision: 'e82be7d358', time: '2018-11-14T08:25:53'
System info: host: 'ARCADIER-03', ip: '192.168.254.105', os.name: 'Windows 7', os.arch: 'amd64', os.version: '6.1', java.version: '1.8.0_181'
Driver info: com.kms.katalon.core.webui.driver.ExistingRemoteWebDriver
Capabilities {javascriptEnabled: true, platform: ANY, platformName: ANY}
Session ID: 66da7635ded2d355388026ca8e7d8eff
	at org.openqa.selenium.remote.http.W3CHttpResponseCodec.createException(W3CHttpResponseCodec.java:187)
	at org.openqa.selenium.remote.http.W3CHttpResponseCodec.decode(W3CHttpResponseCodec.java:122)
	at org.openqa.selenium.remote.http.W3CHttpResponseCodec.decode(W3CHttpResponseCodec.java:49)
	at org.openqa.selenium.remote.HttpCommandExecutor.execute(HttpCommandExecutor.java:158)
	at org.openqa.selenium.remote.RemoteWebDriver.execute(RemoteWebDriver.java:552)
	at com.kms.katalon.core.webui.driver.ExistingRemoteWebDriver.execute(ExistingRemoteWebDriver.java:108)
	at org.openqa.selenium.remote.RemoteWebElement.execute(RemoteWebElement.java:285)
	at org.openqa.selenium.remote.RemoteWebElement.click(RemoteWebElement.java:84)
	at org.openqa.selenium.support.events.EventFiringWebDriver$EventFiringWebElement.lambda$new$0(EventFiringWebDriver.java:404)
	at com.sun.proxy.$Proxy9.click(Unknown Source)
	at org.openqa.selenium.support.events.EventFiringWebDriver$EventFiringWebElement.click(EventFiringWebDriver.java:417)
	at com.kms.katalon.core.webui.keyword.builtin.ClickKeyword$_click_closure1.doCall(ClickKeyword.groovy:69)
	at com.kms.katalon.core.webui.keyword.builtin.ClickKeyword$_click_closure1.call(ClickKeyword.groovy)
	at com.kms.katalon.core.webui.keyword.internal.WebUIKeywordMain.runKeyword(WebUIKeywordMain.groovy:20)
	at com.kms.katalon.core.webui.keyword.builtin.ClickKeyword.click(ClickKeyword.groovy:76)
	at com.kms.katalon.core.webui.keyword.builtin.ClickKeyword.execute(ClickKeyword.groovy:43)
	at com.kms.katalon.core.keyword.internal.KeywordExecutor.executeKeywordForPlatform(KeywordExecutor.groovy:72)
	at com.kms.katalon.core.webui.keyword.WebUiBuiltInKeywords.click(WebUiBuiltInKeywords.groovy:616)
	at com.kms.katalon.core.webui.keyword.WebUiBuiltInKeywords$click$0.call(Unknown Source)
	at Script1549506362832.run(Script1549506362832.groovy:28)
	... 13 more
)

2020-03-19 14:24:11 - [MESSAGE][FAILED] - Unable to click on object 'Object Repository/ADMIN/Categories/Category List/button_Categories' (Root cause: com.kms.katalon.core.exception.StepFailedException: Unable to click on object 'Object Repository/ADMIN/Categories/Category List/button_Categories'
	at com.kms.katalon.core.webui.keyword.internal.WebUIKeywordMain.stepFailed(WebUIKeywordMain.groovy:64)
	at com.kms.katalon.core.webui.keyword.internal.WebUIKeywordMain.runKeyword(WebUIKeywordMain.groovy:26)
	at com.kms.katalon.core.webui.keyword.builtin.ClickKeyword.click(ClickKeyword.groovy:76)
	at com.kms.katalon.core.webui.keyword.builtin.ClickKeyword.execute(ClickKeyword.groovy:43)
	at com.kms.katalon.core.keyword.internal.KeywordExecutor.executeKeywordForPlatform(KeywordExecutor.groovy:72)
	at com.kms.katalon.core.webui.keyword.WebUiBuiltInKeywords.click(WebUiBuiltInKeywords.groovy:616)
	at com.kms.katalon.core.webui.keyword.WebUiBuiltInKeywords$click$0.call(Unknown Source)
	at Add Category.run(Add Category:28)
	at com.kms.katalon.core.main.ScriptEngine.run(ScriptEngine.java:194)
	at com.kms.katalon.core.main.ScriptEngine.runScriptAsRawText(ScriptEngine.java:119)
	at com.kms.katalon.core.main.TestCaseExecutor.runScript(TestCaseExecutor.java:337)
	at com.kms.katalon.core.main.TestCaseExecutor.doExecute(TestCaseExecutor.java:328)
	at com.kms.katalon.core.main.TestCaseExecutor.processExecutionPhase(TestCaseExecutor.java:307)
	at com.kms.katalon.core.main.TestCaseExecutor.accessMainPhase(TestCaseExecutor.java:299)
	at com.kms.katalon.core.main.TestCaseExecutor.execute(TestCaseExecutor.java:233)
	at com.kms.katalon.core.main.TestSuiteExecutor.accessTestCaseMainPhase(TestSuiteExecutor.java:169)
	at com.kms.katalon.core.main.TestSuiteExecutor.accessTestSuiteMainPhase(TestSuiteExecutor.java:142)
	at com.kms.katalon.core.main.TestSuiteExecutor.execute(TestSuiteExecutor.java:91)
	at com.kms.katalon.core.main.TestCaseMain.startTestSuite(TestCaseMain.java:157)
	at com.kms.katalon.core.main.TestCaseMain$startTestSuite$0.call(Unknown Source)
	at TempTestSuite1584598607274.run(TempTestSuite1584598607274.groovy:36)
Caused by: org.openqa.selenium.ElementNotInteractableException: element not interactable
  (Session info: chrome=80.0.3987.132)
Build info: version: '3.141.59', revision: 'e82be7d358', time: '2018-11-14T08:25:53'
System info: host: 'ARCADIER-03', ip: '192.168.254.105', os.name: 'Windows 7', os.arch: 'amd64', os.version: '6.1', java.version: '1.8.0_181'
Driver info: com.kms.katalon.core.webui.driver.ExistingRemoteWebDriver
Capabilities {javascriptEnabled: true, platform: ANY, platformName: ANY}
Session ID: 66da7635ded2d355388026ca8e7d8eff
	at org.openqa.selenium.remote.http.W3CHttpResponseCodec.createException(W3CHttpResponseCodec.java:187)
	at org.openqa.selenium.remote.http.W3CHttpResponseCodec.decode(W3CHttpResponseCodec.java:122)
	at org.openqa.selenium.remote.http.W3CHttpResponseCodec.decode(W3CHttpResponseCodec.java:49)
	at org.openqa.selenium.remote.HttpCommandExecutor.execute(HttpCommandExecutor.java:158)
	at org.openqa.selenium.remote.RemoteWebDriver.execute(RemoteWebDriver.java:552)
	at com.kms.katalon.core.webui.driver.ExistingRemoteWebDriver.execute(ExistingRemoteWebDriver.java:108)
	at org.openqa.selenium.remote.RemoteWebElement.execute(RemoteWebElement.java:285)
	at org.openqa.selenium.remote.RemoteWebElement.click(RemoteWebElement.java:84)
	at org.openqa.selenium.support.events.EventFiringWebDriver$EventFiringWebElement.lambda$new$0(EventFiringWebDriver.java:404)
	at com.sun.proxy.$Proxy9.click(Unknown Source)
	at org.openqa.selenium.support.events.EventFiringWebDriver$EventFiringWebElement.click(EventFiringWebDriver.java:417)
	at com.kms.katalon.core.webui.keyword.builtin.ClickKeyword$_click_closure1.doCall(ClickKeyword.groovy:69)
	at com.kms.katalon.core.webui.keyword.builtin.ClickKeyword$_click_closure1.call(ClickKeyword.groovy)
	at com.kms.katalon.core.webui.keyword.internal.WebUIKeywordMain.runKeyword(WebUIKeywordMain.groovy:20)
	at com.kms.katalon.core.webui.keyword.builtin.ClickKeyword.click(ClickKeyword.groovy:76)
	at com.kms.katalon.core.webui.keyword.builtin.ClickKeyword.execute(ClickKeyword.groovy:43)
	at com.kms.katalon.core.keyword.internal.KeywordExecutor.executeKeywordForPlatform(KeywordExecutor.groovy:72)
	at com.kms.katalon.core.webui.keyword.WebUiBuiltInKeywords.click(WebUiBuiltInKeywords.groovy:616)
	at com.kms.katalon.core.webui.keyword.WebUiBuiltInKeywords$click$0.call(Unknown Source)
	at Script1549506362832.run(Script1549506362832.groovy:28)
	... 13 more
)
[[ATTACHMENT|C:\\Katalon\\Arctick\\Reports\\20200319_141647\\Admin\\Admin Add Category\\20200319_141647\\1584599051081.png]]

2020-03-19 14:24:11 - [TEST_STEP][PASSED] - waitForPageLoad(0, STOP_ON_FAILURE): Wait for page load successfully

2020-03-19 14:24:11 - [MESSAGE][WARNING] - Timeout '0' is invalid. Using default page load timeout: '30'

2020-03-19 14:24:11 - [MESSAGE][PASSED] - Wait for page load successfully

2020-03-19 14:24:11 - [TEST_STEP][PASSED] - click(findTestObject("ADMIN/Categories/Category List/button_Add a Category")): Object: 'Object Repository/ADMIN/Categories/Category List/button_Add a Category' is clicked on

2020-03-19 14:24:11 - [MESSAGE][PASSED] - Object: 'Object Repository/ADMIN/Categories/Category List/button_Add a Category' is clicked on

2020-03-19 14:24:11 - [TEST_STEP][PASSED] - waitForElementPresent(findTestObject("ADMIN/Categories/Category/dropdown_Parent"), 2): Object 'Object Repository/ADMIN/Categories/Category/dropdown_Parent' is present

2020-03-19 14:24:11 - [MESSAGE][PASSED] - Object 'Object Repository/ADMIN/Categories/Category/dropdown_Parent' is present

2020-03-19 14:24:11 - [TEST_STEP][PASSED] - delay(1): Delayed 1 second(s)

2020-03-19 14:24:12 - [MESSAGE][PASSED] - Delayed 1 second(s)

2020-03-19 14:24:12 - [TEST_STEP][PASSED] - setText(findTestObject("ADMIN/Categories/Category/textfield_Category Name"), CategoryNametext): Text 'Category 4.19' is set on object 'Object Repository/ADMIN/Categories/Category/textfield_Category Name'

2020-03-19 14:24:12 - [MESSAGE][PASSED] - Text 'Category 4.19' is set on object 'Object Repository/ADMIN/Categories/Category/textfield_Category Name'

2020-03-19 14:24:12 - [TEST_STEP][PASSED] - click(findTestObject("ADMIN/Categories/Category/dropdown_Parent")): Object: 'Object Repository/ADMIN/Categories/Category/dropdown_Parent' is clicked on

2020-03-19 14:24:13 - [MESSAGE][PASSED] - Object: 'Object Repository/ADMIN/Categories/Category/dropdown_Parent' is clicked on

2020-03-19 14:24:13 - [TEST_STEP][PASSED] - delay(2): Delayed 2 second(s)

2020-03-19 14:24:15 - [MESSAGE][PASSED] - Delayed 2 second(s)

2020-03-19 14:24:15 - [TEST_STEP][PASSED] - click(findTestObject("ADMIN/Categories/Category/dropdown_Parent")): Object: 'Object Repository/ADMIN/Categories/Category/dropdown_Parent' is clicked on

2020-03-19 14:24:15 - [MESSAGE][PASSED] - Object: 'Object Repository/ADMIN/Categories/Category/dropdown_Parent' is clicked on

2020-03-19 14:24:15 - [TEST_STEP][PASSED] - selectOptionByLabel(findTestObject("ADMIN/Categories/Category/dropdown_Parent"), ParentName, false): All options with label 'Category 04' are selected in object 'Object Repository/ADMIN/Categories/Category/dropdown_Parent' 

2020-03-19 14:24:15 - [MESSAGE][PASSED] - All options with label 'Category 04' are selected in object 'Object Repository/ADMIN/Categories/Category/dropdown_Parent' 

2020-03-19 14:24:15 - [TEST_STEP][PASSED] - click(findTestObject("ADMIN/Categories/Category/button_Browse")): Object: 'Object Repository/ADMIN/Categories/Category/button_Browse' is clicked on

2020-03-19 14:24:15 - [MESSAGE][PASSED] - Object: 'Object Repository/ADMIN/Categories/Category/button_Browse' is clicked on

2020-03-19 14:24:15 - [TEST_STEP][PASSED] - delay(2): Delayed 2 second(s)

2020-03-19 14:24:17 - [MESSAGE][PASSED] - Delayed 2 second(s)

2020-03-19 14:24:17 - [TEST_STEP][PASSED] - uploadFile(findTestObject("ADMIN/Categories/Category/image_input image"), CategoryImageUpload): File 'C:\\Katalon\\Arctick\\Images\\Category\\4.png' sent to object: 'Object Repository/ADMIN/Categories/Category/image_input image'

2020-03-19 14:24:17 - [MESSAGE][PASSED] - File 'C:\\Katalon\\Arctick\\Images\\Category\\4.png' sent to object: 'Object Repository/ADMIN/Categories/Category/image_input image'

2020-03-19 14:24:17 - [TEST_STEP][PASSED] - waitForElementVisible(findTestObject("ADMIN/Categories/Category/button_upload check"), 0): Object 'Object Repository/ADMIN/Categories/Category/button_upload check' is visible

2020-03-19 14:24:17 - [MESSAGE][WARNING] - Timeout '0' is invalid. Using default page load timeout: '30'

2020-03-19 14:24:17 - [MESSAGE][PASSED] - Object 'Object Repository/ADMIN/Categories/Category/button_upload check' is visible

2020-03-19 14:24:17 - [TEST_STEP][PASSED] - click(findTestObject("ADMIN/Categories/Category/button_upload check")): Object: 'Object Repository/ADMIN/Categories/Category/button_upload check' is clicked on

2020-03-19 14:24:17 - [MESSAGE][PASSED] - Object: 'Object Repository/ADMIN/Categories/Category/button_upload check' is clicked on

2020-03-19 14:24:17 - [TEST_STEP][PASSED] - waitForElementVisible(findTestObject("ADMIN/Categories/Category/button_upload save"), 0): Object 'Object Repository/ADMIN/Categories/Category/button_upload save' is visible

2020-03-19 14:24:17 - [MESSAGE][WARNING] - Timeout '0' is invalid. Using default page load timeout: '30'

2020-03-19 14:24:17 - [MESSAGE][PASSED] - Object 'Object Repository/ADMIN/Categories/Category/button_upload save' is visible

2020-03-19 14:24:17 - [TEST_STEP][PASSED] - click(findTestObject("ADMIN/Categories/Category/button_upload save")): Object: 'Object Repository/ADMIN/Categories/Category/button_upload save' is clicked on

2020-03-19 14:24:18 - [MESSAGE][PASSED] - Object: 'Object Repository/ADMIN/Categories/Category/button_upload save' is clicked on

2020-03-19 14:24:18 - [TEST_STEP][PASSED] - setText(findTestObject("ADMIN/Categories/Category/textfield_category_description"), Description): Text 'Description29' is set on object 'Object Repository/ADMIN/Categories/Category/textfield_category_description'

2020-03-19 14:24:18 - [MESSAGE][PASSED] - Text 'Description29' is set on object 'Object Repository/ADMIN/Categories/Category/textfield_category_description'

2020-03-19 14:24:18 - [TEST_STEP][PASSED] - click(findTestObject("ADMIN/Categories/Category/button_Save")): Object: 'Object Repository/ADMIN/Categories/Category/button_Save' is clicked on

2020-03-19 14:24:18 - [MESSAGE][PASSED] - Object: 'Object Repository/ADMIN/Categories/Category/button_Save' is clicked on

2020-03-19 14:24:18 - [TEST_STEP][PASSED] - waitForElementVisible(findTestObject("ADMIN/Categories/Category/label_edit popup"), 0): Object 'Object Repository/ADMIN/Categories/Category/label_edit popup' is visible

2020-03-19 14:24:18 - [MESSAGE][WARNING] - Timeout '0' is invalid. Using default page load timeout: '30'

2020-03-19 14:24:19 - [MESSAGE][PASSED] - Object 'Object Repository/ADMIN/Categories/Category/label_edit popup' is visible

2020-03-19 14:24:19 - [TEST_STEP][PASSED] - waitForElementNotPresent(findTestObject("ADMIN/Categories/Category/label_edit popup"), 0): Web element with id: 'Object Repository/ADMIN/Categories/Category/label_edit popup' located by 'By.xpath: //div[(text() = 'Category was successfully saved.' or . = 'Category was successfully saved.')]' is not present after '30' second(s)

2020-03-19 14:24:19 - [MESSAGE][WARNING] - Timeout '0' is invalid. Using default page load timeout: '30'

2020-03-19 14:24:25 - [MESSAGE][PASSED] - Web element with id: 'Object Repository/ADMIN/Categories/Category/label_edit popup' located by 'By.xpath: //div[(text() = 'Category was successfully saved.' or . = 'Category was successfully saved.')]' is not present after '30' second(s)]]></system-out>
         <system-err><![CDATA[2020-03-19 14:24:10 - [TEST_CASE][FAILED] - Test Cases/ADMIN/Content Mgmt/Categories/Category Add-Edit/Add Category: Test Cases/ADMIN/Content Mgmt/Categories/Category Add-Edit/Add Category FAILED.
Reason:
com.kms.katalon.core.exception.StepFailedException: Unable to click on object 'Object Repository/ADMIN/Categories/Category List/button_Categories' (Root cause: com.kms.katalon.core.exception.StepFailedException: Unable to click on object 'Object Repository/ADMIN/Categories/Category List/button_Categories'
	at com.kms.katalon.core.webui.keyword.internal.WebUIKeywordMain.stepFailed(WebUIKeywordMain.groovy:64)
	at com.kms.katalon.core.webui.keyword.internal.WebUIKeywordMain.runKeyword(WebUIKeywordMain.groovy:26)
	at com.kms.katalon.core.webui.keyword.builtin.ClickKeyword.click(ClickKeyword.groovy:76)
	at com.kms.katalon.core.webui.keyword.builtin.ClickKeyword.execute(ClickKeyword.groovy:43)
	at com.kms.katalon.core.keyword.internal.KeywordExecutor.executeKeywordForPlatform(KeywordExecutor.groovy:72)
	at com.kms.katalon.core.webui.keyword.WebUiBuiltInKeywords.click(WebUiBuiltInKeywords.groovy:616)
	at com.kms.katalon.core.webui.keyword.WebUiBuiltInKeywords$click$0.call(Unknown Source)
	at Add Category.run(Add Category:28)
	at com.kms.katalon.core.main.ScriptEngine.run(ScriptEngine.java:194)
	at com.kms.katalon.core.main.ScriptEngine.runScriptAsRawText(ScriptEngine.java:119)
	at com.kms.katalon.core.main.TestCaseExecutor.runScript(TestCaseExecutor.java:337)
	at com.kms.katalon.core.main.TestCaseExecutor.doExecute(TestCaseExecutor.java:328)
	at com.kms.katalon.core.main.TestCaseExecutor.processExecutionPhase(TestCaseExecutor.java:307)
	at com.kms.katalon.core.main.TestCaseExecutor.accessMainPhase(TestCaseExecutor.java:299)
	at com.kms.katalon.core.main.TestCaseExecutor.execute(TestCaseExecutor.java:233)
	at com.kms.katalon.core.main.TestSuiteExecutor.accessTestCaseMainPhase(TestSuiteExecutor.java:169)
	at com.kms.katalon.core.main.TestSuiteExecutor.accessTestSuiteMainPhase(TestSuiteExecutor.java:142)
	at com.kms.katalon.core.main.TestSuiteExecutor.execute(TestSuiteExecutor.java:91)
	at com.kms.katalon.core.main.TestCaseMain.startTestSuite(TestCaseMain.java:157)
	at com.kms.katalon.core.main.TestCaseMain$startTestSuite$0.call(Unknown Source)
	at TempTestSuite1584598607274.run(TempTestSuite1584598607274.groovy:36)
Caused by: org.openqa.selenium.ElementNotInteractableException: element not interactable
  (Session info: chrome=80.0.3987.132)
Build info: version: '3.141.59', revision: 'e82be7d358', time: '2018-11-14T08:25:53'
System info: host: 'ARCADIER-03', ip: '192.168.254.105', os.name: 'Windows 7', os.arch: 'amd64', os.version: '6.1', java.version: '1.8.0_181'
Driver info: com.kms.katalon.core.webui.driver.ExistingRemoteWebDriver
Capabilities {javascriptEnabled: true, platform: ANY, platformName: ANY}
Session ID: 66da7635ded2d355388026ca8e7d8eff
	at org.openqa.selenium.remote.http.W3CHttpResponseCodec.createException(W3CHttpResponseCodec.java:187)
	at org.openqa.selenium.remote.http.W3CHttpResponseCodec.decode(W3CHttpResponseCodec.java:122)
	at org.openqa.selenium.remote.http.W3CHttpResponseCodec.decode(W3CHttpResponseCodec.java:49)
	at org.openqa.selenium.remote.HttpCommandExecutor.execute(HttpCommandExecutor.java:158)
	at org.openqa.selenium.remote.RemoteWebDriver.execute(RemoteWebDriver.java:552)
	at com.kms.katalon.core.webui.driver.ExistingRemoteWebDriver.execute(ExistingRemoteWebDriver.java:108)
	at org.openqa.selenium.remote.RemoteWebElement.execute(RemoteWebElement.java:285)
	at org.openqa.selenium.remote.RemoteWebElement.click(RemoteWebElement.java:84)
	at org.openqa.selenium.support.events.EventFiringWebDriver$EventFiringWebElement.lambda$new$0(EventFiringWebDriver.java:404)
	at com.sun.proxy.$Proxy9.click(Unknown Source)
	at org.openqa.selenium.support.events.EventFiringWebDriver$EventFiringWebElement.click(EventFiringWebDriver.java:417)
	at com.kms.katalon.core.webui.keyword.builtin.ClickKeyword$_click_closure1.doCall(ClickKeyword.groovy:69)
	at com.kms.katalon.core.webui.keyword.builtin.ClickKeyword$_click_closure1.call(ClickKeyword.groovy)
	at com.kms.katalon.core.webui.keyword.internal.WebUIKeywordMain.runKeyword(WebUIKeywordMain.groovy:20)
	at com.kms.katalon.core.webui.keyword.builtin.ClickKeyword.click(ClickKeyword.groovy:76)
	at com.kms.katalon.core.webui.keyword.builtin.ClickKeyword.execute(ClickKeyword.groovy:43)
	at com.kms.katalon.core.keyword.internal.KeywordExecutor.executeKeywordForPlatform(KeywordExecutor.groovy:72)
	at com.kms.katalon.core.webui.keyword.WebUiBuiltInKeywords.click(WebUiBuiltInKeywords.groovy:616)
	at com.kms.katalon.core.webui.keyword.WebUiBuiltInKeywords$click$0.call(Unknown Source)
	at Script1549506362832.run(Script1549506362832.groovy:28)
	... 13 more
)
	at com.kms.katalon.core.keyword.internal.KeywordMain.stepFailed(KeywordMain.groovy:39)
	at com.kms.katalon.core.webui.keyword.internal.WebUIKeywordMain.stepFailed(WebUIKeywordMain.groovy:64)
	at com.kms.katalon.core.webui.keyword.internal.WebUIKeywordMain.runKeyword(WebUIKeywordMain.groovy:26)
	at com.kms.katalon.core.webui.keyword.builtin.ClickKeyword.click(ClickKeyword.groovy:76)
	at com.kms.katalon.core.webui.keyword.builtin.ClickKeyword.execute(ClickKeyword.groovy:43)
	at com.kms.katalon.core.keyword.internal.KeywordExecutor.executeKeywordForPlatform(KeywordExecutor.groovy:72)
	at com.kms.katalon.core.webui.keyword.WebUiBuiltInKeywords.click(WebUiBuiltInKeywords.groovy:616)
	at com.kms.katalon.core.webui.keyword.WebUiBuiltInKeywords$click$0.call(Unknown Source)
	at Add Category.run(Add Category:28)
	at com.kms.katalon.core.main.ScriptEngine.run(ScriptEngine.java:194)
	at com.kms.katalon.core.main.ScriptEngine.runScriptAsRawText(ScriptEngine.java:119)
	at com.kms.katalon.core.main.TestCaseExecutor.runScript(TestCaseExecutor.java:337)
	at com.kms.katalon.core.main.TestCaseExecutor.doExecute(TestCaseExecutor.java:328)
	at com.kms.katalon.core.main.TestCaseExecutor.processExecutionPhase(TestCaseExecutor.java:307)
	at com.kms.katalon.core.main.TestCaseExecutor.accessMainPhase(TestCaseExecutor.java:299)
	at com.kms.katalon.core.main.TestCaseExecutor.execute(TestCaseExecutor.java:233)
	at com.kms.katalon.core.main.TestSuiteExecutor.accessTestCaseMainPhase(TestSuiteExecutor.java:169)
	at com.kms.katalon.core.main.TestSuiteExecutor.accessTestSuiteMainPhase(TestSuiteExecutor.java:142)
	at com.kms.katalon.core.main.TestSuiteExecutor.execute(TestSuiteExecutor.java:91)
	at com.kms.katalon.core.main.TestCaseMain.startTestSuite(TestCaseMain.java:157)
	at com.kms.katalon.core.main.TestCaseMain$startTestSuite$0.call(Unknown Source)
	at TempTestSuite1584598607274.run(TempTestSuite1584598607274.groovy:36)
Caused by: com.kms.katalon.core.exception.StepFailedException: Unable to click on object 'Object Repository/ADMIN/Categories/Category List/button_Categories'
	... 21 more
Caused by: org.openqa.selenium.ElementNotInteractableException: element not interactable
  (Session info: chrome=80.0.3987.132)
Build info: version: '3.141.59', revision: 'e82be7d358', time: '2018-11-14T08:25:53'
System info: host: 'ARCADIER-03', ip: '192.168.254.105', os.name: 'Windows 7', os.arch: 'amd64', os.version: '6.1', java.version: '1.8.0_181'
Driver info: com.kms.katalon.core.webui.driver.ExistingRemoteWebDriver
Capabilities {javascriptEnabled: true, platform: ANY, platformName: ANY}
Session ID: 66da7635ded2d355388026ca8e7d8eff
	at org.openqa.selenium.remote.http.W3CHttpResponseCodec.createException(W3CHttpResponseCodec.java:187)
	at org.openqa.selenium.remote.http.W3CHttpResponseCodec.decode(W3CHttpResponseCodec.java:122)
	at org.openqa.selenium.remote.http.W3CHttpResponseCodec.decode(W3CHttpResponseCodec.java:49)
	at org.openqa.selenium.remote.HttpCommandExecutor.execute(HttpCommandExecutor.java:158)
	at org.openqa.selenium.remote.RemoteWebDriver.execute(RemoteWebDriver.java:552)
	at com.kms.katalon.core.webui.driver.ExistingRemoteWebDriver.execute(ExistingRemoteWebDriver.java:108)
	at org.openqa.selenium.remote.RemoteWebElement.execute(RemoteWebElement.java:285)
	at org.openqa.selenium.remote.RemoteWebElement.click(RemoteWebElement.java:84)
	at org.openqa.selenium.support.events.EventFiringWebDriver$EventFiringWebElement.lambda$new$0(EventFiringWebDriver.java:404)
	at com.sun.proxy.$Proxy9.click(Unknown Source)
	at org.openqa.selenium.support.events.EventFiringWebDriver$EventFiringWebElement.click(EventFiringWebDriver.java:417)
	at com.kms.katalon.core.webui.keyword.builtin.ClickKeyword$_click_closure1.doCall(ClickKeyword.groovy:69)
	at com.kms.katalon.core.webui.keyword.builtin.ClickKeyword$_click_closure1.call(ClickKeyword.groovy)
	at com.kms.katalon.core.webui.keyword.internal.WebUIKeywordMain.runKeyword(WebUIKeywordMain.groovy:20)
	... 19 more]]></system-err>
      </testcase>
      <testcase name="Test Cases/ADMIN/Content Mgmt/Categories/Category Add-Edit/Add Category" time="14.577" classname="Test Cases/ADMIN/Content Mgmt/Categories/Category Add-Edit/Add Category" status="PASSED">
         <system-out><![CDATA[2020-03-19 14:24:25 - [TEST_CASE][PASSED] - Test Cases/ADMIN/Content Mgmt/Categories/Category Add-Edit/Add Category: Test Cases/ADMIN/Content Mgmt/Categories/Category Add-Edit/Add Category

2020-03-19 14:24:25 - [TEST_STEP][PASSED] - waitForElementVisible(findTestObject("ADMIN/Categories/Category List/button_Content Mgmt"), 0): Object 'Object Repository/ADMIN/Categories/Category List/button_Content Mgmt' is visible

2020-03-19 14:24:25 - [MESSAGE][WARNING] - Timeout '0' is invalid. Using default page load timeout: '30'

2020-03-19 14:24:25 - [MESSAGE][PASSED] - Object 'Object Repository/ADMIN/Categories/Category List/button_Content Mgmt' is visible

2020-03-19 14:24:25 - [TEST_STEP][PASSED] - click(findTestObject("ADMIN/Categories/Category List/button_Content Mgmt")): Object: 'Object Repository/ADMIN/Categories/Category List/button_Content Mgmt' is clicked on

2020-03-19 14:24:25 - [MESSAGE][PASSED] - Object: 'Object Repository/ADMIN/Categories/Category List/button_Content Mgmt' is clicked on

2020-03-19 14:24:25 - [TEST_STEP][PASSED] - waitForElementVisible(findTestObject("ADMIN/Categories/Category List/button_Categories"), 0): Object 'Object Repository/ADMIN/Categories/Category List/button_Categories' is visible

2020-03-19 14:24:25 - [MESSAGE][WARNING] - Timeout '0' is invalid. Using default page load timeout: '30'

2020-03-19 14:24:25 - [MESSAGE][PASSED] - Object 'Object Repository/ADMIN/Categories/Category List/button_Categories' is visible

2020-03-19 14:24:25 - [TEST_STEP][PASSED] - click(findTestObject("ADMIN/Categories/Category List/button_Categories")): Object: 'Object Repository/ADMIN/Categories/Category List/button_Categories' is clicked on

2020-03-19 14:24:25 - [MESSAGE][PASSED] - Object: 'Object Repository/ADMIN/Categories/Category List/button_Categories' is clicked on

2020-03-19 14:24:25 - [TEST_STEP][PASSED] - waitForPageLoad(0, STOP_ON_FAILURE): Wait for page load successfully

2020-03-19 14:24:25 - [MESSAGE][WARNING] - Timeout '0' is invalid. Using default page load timeout: '30'

2020-03-19 14:24:25 - [MESSAGE][PASSED] - Wait for page load successfully

2020-03-19 14:24:25 - [TEST_STEP][PASSED] - click(findTestObject("ADMIN/Categories/Category List/button_Add a Category")): Object: 'Object Repository/ADMIN/Categories/Category List/button_Add a Category' is clicked on

2020-03-19 14:24:26 - [MESSAGE][PASSED] - Object: 'Object Repository/ADMIN/Categories/Category List/button_Add a Category' is clicked on

2020-03-19 14:24:26 - [TEST_STEP][PASSED] - waitForElementPresent(findTestObject("ADMIN/Categories/Category/dropdown_Parent"), 2): Object 'Object Repository/ADMIN/Categories/Category/dropdown_Parent' is present

2020-03-19 14:24:26 - [MESSAGE][PASSED] - Object 'Object Repository/ADMIN/Categories/Category/dropdown_Parent' is present

2020-03-19 14:24:26 - [TEST_STEP][PASSED] - delay(1): Delayed 1 second(s)

2020-03-19 14:24:27 - [MESSAGE][PASSED] - Delayed 1 second(s)

2020-03-19 14:24:27 - [TEST_STEP][PASSED] - setText(findTestObject("ADMIN/Categories/Category/textfield_Category Name"), CategoryNametext): Text 'Category 4.20' is set on object 'Object Repository/ADMIN/Categories/Category/textfield_Category Name'

2020-03-19 14:24:27 - [MESSAGE][PASSED] - Text 'Category 4.20' is set on object 'Object Repository/ADMIN/Categories/Category/textfield_Category Name'

2020-03-19 14:24:27 - [TEST_STEP][PASSED] - click(findTestObject("ADMIN/Categories/Category/dropdown_Parent")): Object: 'Object Repository/ADMIN/Categories/Category/dropdown_Parent' is clicked on

2020-03-19 14:24:27 - [MESSAGE][PASSED] - Object: 'Object Repository/ADMIN/Categories/Category/dropdown_Parent' is clicked on

2020-03-19 14:24:27 - [TEST_STEP][PASSED] - delay(2): Delayed 2 second(s)

2020-03-19 14:24:29 - [MESSAGE][PASSED] - Delayed 2 second(s)

2020-03-19 14:24:29 - [TEST_STEP][PASSED] - click(findTestObject("ADMIN/Categories/Category/dropdown_Parent")): Object: 'Object Repository/ADMIN/Categories/Category/dropdown_Parent' is clicked on

2020-03-19 14:24:29 - [MESSAGE][PASSED] - Object: 'Object Repository/ADMIN/Categories/Category/dropdown_Parent' is clicked on

2020-03-19 14:24:29 - [TEST_STEP][PASSED] - selectOptionByLabel(findTestObject("ADMIN/Categories/Category/dropdown_Parent"), ParentName, false): All options with label 'Category 04' are selected in object 'Object Repository/ADMIN/Categories/Category/dropdown_Parent' 

2020-03-19 14:24:29 - [MESSAGE][PASSED] - All options with label 'Category 04' are selected in object 'Object Repository/ADMIN/Categories/Category/dropdown_Parent' 

2020-03-19 14:24:29 - [TEST_STEP][PASSED] - click(findTestObject("ADMIN/Categories/Category/button_Browse")): Object: 'Object Repository/ADMIN/Categories/Category/button_Browse' is clicked on

2020-03-19 14:24:29 - [MESSAGE][PASSED] - Object: 'Object Repository/ADMIN/Categories/Category/button_Browse' is clicked on

2020-03-19 14:24:29 - [TEST_STEP][PASSED] - delay(2): Delayed 2 second(s)

2020-03-19 14:24:31 - [MESSAGE][PASSED] - Delayed 2 second(s)

2020-03-19 14:24:31 - [TEST_STEP][PASSED] - uploadFile(findTestObject("ADMIN/Categories/Category/image_input image"), CategoryImageUpload): File 'C:\\Katalon\\Arctick\\Images\\Category\\4.png' sent to object: 'Object Repository/ADMIN/Categories/Category/image_input image'

2020-03-19 14:24:32 - [MESSAGE][PASSED] - File 'C:\\Katalon\\Arctick\\Images\\Category\\4.png' sent to object: 'Object Repository/ADMIN/Categories/Category/image_input image'

2020-03-19 14:24:32 - [TEST_STEP][PASSED] - waitForElementVisible(findTestObject("ADMIN/Categories/Category/button_upload check"), 0): Object 'Object Repository/ADMIN/Categories/Category/button_upload check' is visible

2020-03-19 14:24:32 - [MESSAGE][WARNING] - Timeout '0' is invalid. Using default page load timeout: '30'

2020-03-19 14:24:32 - [MESSAGE][PASSED] - Object 'Object Repository/ADMIN/Categories/Category/button_upload check' is visible

2020-03-19 14:24:32 - [TEST_STEP][PASSED] - click(findTestObject("ADMIN/Categories/Category/button_upload check")): Object: 'Object Repository/ADMIN/Categories/Category/button_upload check' is clicked on

2020-03-19 14:24:32 - [MESSAGE][PASSED] - Object: 'Object Repository/ADMIN/Categories/Category/button_upload check' is clicked on

2020-03-19 14:24:32 - [TEST_STEP][PASSED] - waitForElementVisible(findTestObject("ADMIN/Categories/Category/button_upload save"), 0): Object 'Object Repository/ADMIN/Categories/Category/button_upload save' is visible

2020-03-19 14:24:32 - [MESSAGE][WARNING] - Timeout '0' is invalid. Using default page load timeout: '30'

2020-03-19 14:24:32 - [MESSAGE][PASSED] - Object 'Object Repository/ADMIN/Categories/Category/button_upload save' is visible

2020-03-19 14:24:32 - [TEST_STEP][PASSED] - click(findTestObject("ADMIN/Categories/Category/button_upload save")): Object: 'Object Repository/ADMIN/Categories/Category/button_upload save' is clicked on

2020-03-19 14:24:32 - [MESSAGE][PASSED] - Object: 'Object Repository/ADMIN/Categories/Category/button_upload save' is clicked on

2020-03-19 14:24:32 - [TEST_STEP][PASSED] - setText(findTestObject("ADMIN/Categories/Category/textfield_category_description"), Description): Text 'Description30' is set on object 'Object Repository/ADMIN/Categories/Category/textfield_category_description'

2020-03-19 14:24:33 - [MESSAGE][PASSED] - Text 'Description30' is set on object 'Object Repository/ADMIN/Categories/Category/textfield_category_description'

2020-03-19 14:24:33 - [TEST_STEP][PASSED] - click(findTestObject("ADMIN/Categories/Category/button_Save")): Object: 'Object Repository/ADMIN/Categories/Category/button_Save' is clicked on

2020-03-19 14:24:33 - [MESSAGE][PASSED] - Object: 'Object Repository/ADMIN/Categories/Category/button_Save' is clicked on

2020-03-19 14:24:33 - [TEST_STEP][PASSED] - waitForElementVisible(findTestObject("ADMIN/Categories/Category/label_edit popup"), 0): Object 'Object Repository/ADMIN/Categories/Category/label_edit popup' is visible

2020-03-19 14:24:33 - [MESSAGE][WARNING] - Timeout '0' is invalid. Using default page load timeout: '30'

2020-03-19 14:24:33 - [MESSAGE][PASSED] - Object 'Object Repository/ADMIN/Categories/Category/label_edit popup' is visible

2020-03-19 14:24:33 - [TEST_STEP][PASSED] - waitForElementNotPresent(findTestObject("ADMIN/Categories/Category/label_edit popup"), 0): Web element with id: 'Object Repository/ADMIN/Categories/Category/label_edit popup' located by 'By.xpath: //div[(text() = 'Category was successfully saved.' or . = 'Category was successfully saved.')]' is not present after '30' second(s)

2020-03-19 14:24:33 - [MESSAGE][WARNING] - Timeout '0' is invalid. Using default page load timeout: '30'

2020-03-19 14:24:39 - [MESSAGE][PASSED] - Web element with id: 'Object Repository/ADMIN/Categories/Category/label_edit popup' located by 'By.xpath: //div[(text() = 'Category was successfully saved.' or . = 'Category was successfully saved.')]' is not present after '30' second(s)]]></system-out>
         <system-err><![CDATA[]]></system-err>
      </testcase>
      <testcase name="Test Cases/ADMIN/Content Mgmt/Categories/Category Add-Edit/Add Category" time="15.678" classname="Test Cases/ADMIN/Content Mgmt/Categories/Category Add-Edit/Add Category" status="PASSED">
         <system-out><![CDATA[2020-03-19 14:24:39 - [TEST_CASE][PASSED] - Test Cases/ADMIN/Content Mgmt/Categories/Category Add-Edit/Add Category: Test Cases/ADMIN/Content Mgmt/Categories/Category Add-Edit/Add Category

2020-03-19 14:24:39 - [TEST_STEP][PASSED] - waitForElementVisible(findTestObject("ADMIN/Categories/Category List/button_Content Mgmt"), 0): Object 'Object Repository/ADMIN/Categories/Category List/button_Content Mgmt' is visible

2020-03-19 14:24:39 - [MESSAGE][WARNING] - Timeout '0' is invalid. Using default page load timeout: '30'

2020-03-19 14:24:39 - [MESSAGE][PASSED] - Object 'Object Repository/ADMIN/Categories/Category List/button_Content Mgmt' is visible

2020-03-19 14:24:39 - [TEST_STEP][PASSED] - click(findTestObject("ADMIN/Categories/Category List/button_Content Mgmt")): Object: 'Object Repository/ADMIN/Categories/Category List/button_Content Mgmt' is clicked on

2020-03-19 14:24:40 - [MESSAGE][PASSED] - Object: 'Object Repository/ADMIN/Categories/Category List/button_Content Mgmt' is clicked on

2020-03-19 14:24:40 - [TEST_STEP][PASSED] - waitForElementVisible(findTestObject("ADMIN/Categories/Category List/button_Categories"), 0): Object 'Object Repository/ADMIN/Categories/Category List/button_Categories' is visible

2020-03-19 14:24:40 - [MESSAGE][WARNING] - Timeout '0' is invalid. Using default page load timeout: '30'

2020-03-19 14:24:40 - [MESSAGE][PASSED] - Object 'Object Repository/ADMIN/Categories/Category List/button_Categories' is visible

2020-03-19 14:24:40 - [TEST_STEP][PASSED] - click(findTestObject("ADMIN/Categories/Category List/button_Categories")): Object: 'Object Repository/ADMIN/Categories/Category List/button_Categories' is clicked on

2020-03-19 14:24:41 - [MESSAGE][PASSED] - Object: 'Object Repository/ADMIN/Categories/Category List/button_Categories' is clicked on

2020-03-19 14:24:41 - [TEST_STEP][PASSED] - waitForPageLoad(0, STOP_ON_FAILURE): Wait for page load successfully

2020-03-19 14:24:41 - [MESSAGE][WARNING] - Timeout '0' is invalid. Using default page load timeout: '30'

2020-03-19 14:24:42 - [MESSAGE][PASSED] - Wait for page load successfully

2020-03-19 14:24:42 - [TEST_STEP][PASSED] - click(findTestObject("ADMIN/Categories/Category List/button_Add a Category")): Object: 'Object Repository/ADMIN/Categories/Category List/button_Add a Category' is clicked on

2020-03-19 14:24:42 - [MESSAGE][PASSED] - Object: 'Object Repository/ADMIN/Categories/Category List/button_Add a Category' is clicked on

2020-03-19 14:24:42 - [TEST_STEP][PASSED] - waitForElementPresent(findTestObject("ADMIN/Categories/Category/dropdown_Parent"), 2): Object 'Object Repository/ADMIN/Categories/Category/dropdown_Parent' is present

2020-03-19 14:24:42 - [MESSAGE][PASSED] - Object 'Object Repository/ADMIN/Categories/Category/dropdown_Parent' is present

2020-03-19 14:24:42 - [TEST_STEP][PASSED] - delay(1): Delayed 1 second(s)

2020-03-19 14:24:43 - [MESSAGE][PASSED] - Delayed 1 second(s)

2020-03-19 14:24:43 - [TEST_STEP][PASSED] - setText(findTestObject("ADMIN/Categories/Category/textfield_Category Name"), CategoryNametext): Text 'Category 05' is set on object 'Object Repository/ADMIN/Categories/Category/textfield_Category Name'

2020-03-19 14:24:43 - [MESSAGE][PASSED] - Text 'Category 05' is set on object 'Object Repository/ADMIN/Categories/Category/textfield_Category Name'

2020-03-19 14:24:43 - [TEST_STEP][PASSED] - click(findTestObject("ADMIN/Categories/Category/dropdown_Parent")): Object: 'Object Repository/ADMIN/Categories/Category/dropdown_Parent' is clicked on

2020-03-19 14:24:43 - [MESSAGE][PASSED] - Object: 'Object Repository/ADMIN/Categories/Category/dropdown_Parent' is clicked on

2020-03-19 14:24:43 - [TEST_STEP][PASSED] - delay(2): Delayed 2 second(s)

2020-03-19 14:24:45 - [MESSAGE][PASSED] - Delayed 2 second(s)

2020-03-19 14:24:45 - [TEST_STEP][PASSED] - click(findTestObject("ADMIN/Categories/Category/dropdown_Parent")): Object: 'Object Repository/ADMIN/Categories/Category/dropdown_Parent' is clicked on

2020-03-19 14:24:45 - [MESSAGE][PASSED] - Object: 'Object Repository/ADMIN/Categories/Category/dropdown_Parent' is clicked on

2020-03-19 14:24:45 - [TEST_STEP][PASSED] - selectOptionByLabel(findTestObject("ADMIN/Categories/Category/dropdown_Parent"), ParentName, false): All options with label '-' are selected in object 'Object Repository/ADMIN/Categories/Category/dropdown_Parent' 

2020-03-19 14:24:45 - [MESSAGE][PASSED] - All options with label '-' are selected in object 'Object Repository/ADMIN/Categories/Category/dropdown_Parent' 

2020-03-19 14:24:45 - [TEST_STEP][PASSED] - click(findTestObject("ADMIN/Categories/Category/button_Browse")): Object: 'Object Repository/ADMIN/Categories/Category/button_Browse' is clicked on

2020-03-19 14:24:45 - [MESSAGE][PASSED] - Object: 'Object Repository/ADMIN/Categories/Category/button_Browse' is clicked on

2020-03-19 14:24:45 - [TEST_STEP][PASSED] - delay(2): Delayed 2 second(s)

2020-03-19 14:24:47 - [MESSAGE][PASSED] - Delayed 2 second(s)

2020-03-19 14:24:47 - [TEST_STEP][PASSED] - uploadFile(findTestObject("ADMIN/Categories/Category/image_input image"), CategoryImageUpload): File 'C:\\Katalon\\Arctick\\Images\\Category\\5.png' sent to object: 'Object Repository/ADMIN/Categories/Category/image_input image'

2020-03-19 14:24:48 - [MESSAGE][PASSED] - File 'C:\\Katalon\\Arctick\\Images\\Category\\5.png' sent to object: 'Object Repository/ADMIN/Categories/Category/image_input image'

2020-03-19 14:24:48 - [TEST_STEP][PASSED] - waitForElementVisible(findTestObject("ADMIN/Categories/Category/button_upload check"), 0): Object 'Object Repository/ADMIN/Categories/Category/button_upload check' is visible

2020-03-19 14:24:48 - [MESSAGE][WARNING] - Timeout '0' is invalid. Using default page load timeout: '30'

2020-03-19 14:24:48 - [MESSAGE][PASSED] - Object 'Object Repository/ADMIN/Categories/Category/button_upload check' is visible

2020-03-19 14:24:48 - [TEST_STEP][PASSED] - click(findTestObject("ADMIN/Categories/Category/button_upload check")): Object: 'Object Repository/ADMIN/Categories/Category/button_upload check' is clicked on

2020-03-19 14:24:48 - [MESSAGE][PASSED] - Object: 'Object Repository/ADMIN/Categories/Category/button_upload check' is clicked on

2020-03-19 14:24:48 - [TEST_STEP][PASSED] - waitForElementVisible(findTestObject("ADMIN/Categories/Category/button_upload save"), 0): Object 'Object Repository/ADMIN/Categories/Category/button_upload save' is visible

2020-03-19 14:24:48 - [MESSAGE][WARNING] - Timeout '0' is invalid. Using default page load timeout: '30'

2020-03-19 14:24:48 - [MESSAGE][PASSED] - Object 'Object Repository/ADMIN/Categories/Category/button_upload save' is visible

2020-03-19 14:24:48 - [TEST_STEP][PASSED] - click(findTestObject("ADMIN/Categories/Category/button_upload save")): Object: 'Object Repository/ADMIN/Categories/Category/button_upload save' is clicked on

2020-03-19 14:24:48 - [MESSAGE][PASSED] - Object: 'Object Repository/ADMIN/Categories/Category/button_upload save' is clicked on

2020-03-19 14:24:48 - [TEST_STEP][PASSED] - setText(findTestObject("ADMIN/Categories/Category/textfield_category_description"), Description): Text 'Description31' is set on object 'Object Repository/ADMIN/Categories/Category/textfield_category_description'

2020-03-19 14:24:49 - [MESSAGE][PASSED] - Text 'Description31' is set on object 'Object Repository/ADMIN/Categories/Category/textfield_category_description'

2020-03-19 14:24:49 - [TEST_STEP][PASSED] - click(findTestObject("ADMIN/Categories/Category/button_Save")): Object: 'Object Repository/ADMIN/Categories/Category/button_Save' is clicked on

2020-03-19 14:24:49 - [MESSAGE][PASSED] - Object: 'Object Repository/ADMIN/Categories/Category/button_Save' is clicked on

2020-03-19 14:24:49 - [TEST_STEP][PASSED] - waitForElementVisible(findTestObject("ADMIN/Categories/Category/label_edit popup"), 0): Object 'Object Repository/ADMIN/Categories/Category/label_edit popup' is visible

2020-03-19 14:24:49 - [MESSAGE][WARNING] - Timeout '0' is invalid. Using default page load timeout: '30'

2020-03-19 14:24:50 - [MESSAGE][PASSED] - Object 'Object Repository/ADMIN/Categories/Category/label_edit popup' is visible

2020-03-19 14:24:50 - [TEST_STEP][PASSED] - waitForElementNotPresent(findTestObject("ADMIN/Categories/Category/label_edit popup"), 0): Web element with id: 'Object Repository/ADMIN/Categories/Category/label_edit popup' located by 'By.xpath: //div[(text() = 'Category was successfully saved.' or . = 'Category was successfully saved.')]' is not present after '30' second(s)

2020-03-19 14:24:50 - [MESSAGE][WARNING] - Timeout '0' is invalid. Using default page load timeout: '30'

2020-03-19 14:24:55 - [MESSAGE][PASSED] - Web element with id: 'Object Repository/ADMIN/Categories/Category/label_edit popup' located by 'By.xpath: //div[(text() = 'Category was successfully saved.' or . = 'Category was successfully saved.')]' is not present after '30' second(s)]]></system-out>
         <system-err><![CDATA[]]></system-err>
      </testcase>
      <testcase name="Test Cases/ADMIN/Content Mgmt/Categories/Category Add-Edit/Add Category" time="14.673" classname="Test Cases/ADMIN/Content Mgmt/Categories/Category Add-Edit/Add Category" status="FAILED">
         <failure type="FAILED" message="Test Cases/ADMIN/Content Mgmt/Categories/Category Add-Edit/Add Category FAILED.
Reason:
com.kms.katalon.core.exception.StepFailedException: Unable to click on object 'Object Repository/ADMIN/Categories/Category List/button_Categories' (Root cause: com.kms.katalon.core.exception.StepFailedException: Unable to click on object 'Object Repository/ADMIN/Categories/Category List/button_Categories'
	at com.kms.katalon.core.webui.keyword.internal.WebUIKeywordMain.stepFailed(WebUIKeywordMain.groovy:64)
	at com.kms.katalon.core.webui.keyword.internal.WebUIKeywordMain.runKeyword(WebUIKeywordMain.groovy:26)
	at com.kms.katalon.core.webui.keyword.builtin.ClickKeyword.click(ClickKeyword.groovy:76)
	at com.kms.katalon.core.webui.keyword.builtin.ClickKeyword.execute(ClickKeyword.groovy:43)
	at com.kms.katalon.core.keyword.internal.KeywordExecutor.executeKeywordForPlatform(KeywordExecutor.groovy:72)
	at com.kms.katalon.core.webui.keyword.WebUiBuiltInKeywords.click(WebUiBuiltInKeywords.groovy:616)
	at com.kms.katalon.core.webui.keyword.WebUiBuiltInKeywords$click$0.call(Unknown Source)
	at Add Category.run(Add Category:28)
	at com.kms.katalon.core.main.ScriptEngine.run(ScriptEngine.java:194)
	at com.kms.katalon.core.main.ScriptEngine.runScriptAsRawText(ScriptEngine.java:119)
	at com.kms.katalon.core.main.TestCaseExecutor.runScript(TestCaseExecutor.java:337)
	at com.kms.katalon.core.main.TestCaseExecutor.doExecute(TestCaseExecutor.java:328)
	at com.kms.katalon.core.main.TestCaseExecutor.processExecutionPhase(TestCaseExecutor.java:307)
	at com.kms.katalon.core.main.TestCaseExecutor.accessMainPhase(TestCaseExecutor.java:299)
	at com.kms.katalon.core.main.TestCaseExecutor.execute(TestCaseExecutor.java:233)
	at com.kms.katalon.core.main.TestSuiteExecutor.accessTestCaseMainPhase(TestSuiteExecutor.java:169)
	at com.kms.katalon.core.main.TestSuiteExecutor.accessTestSuiteMainPhase(TestSuiteExecutor.java:142)
	at com.kms.katalon.core.main.TestSuiteExecutor.execute(TestSuiteExecutor.java:91)
	at com.kms.katalon.core.main.TestCaseMain.startTestSuite(TestCaseMain.java:157)
	at com.kms.katalon.core.main.TestCaseMain$startTestSuite$0.call(Unknown Source)
	at TempTestSuite1584598607274.run(TempTestSuite1584598607274.groovy:36)
Caused by: org.openqa.selenium.ElementNotInteractableException: element not interactable
  (Session info: chrome=80.0.3987.132)
Build info: version: '3.141.59', revision: 'e82be7d358', time: '2018-11-14T08:25:53'
System info: host: 'ARCADIER-03', ip: '192.168.254.105', os.name: 'Windows 7', os.arch: 'amd64', os.version: '6.1', java.version: '1.8.0_181'
Driver info: com.kms.katalon.core.webui.driver.ExistingRemoteWebDriver
Capabilities {javascriptEnabled: true, platform: ANY, platformName: ANY}
Session ID: 66da7635ded2d355388026ca8e7d8eff
	at org.openqa.selenium.remote.http.W3CHttpResponseCodec.createException(W3CHttpResponseCodec.java:187)
	at org.openqa.selenium.remote.http.W3CHttpResponseCodec.decode(W3CHttpResponseCodec.java:122)
	at org.openqa.selenium.remote.http.W3CHttpResponseCodec.decode(W3CHttpResponseCodec.java:49)
	at org.openqa.selenium.remote.HttpCommandExecutor.execute(HttpCommandExecutor.java:158)
	at org.openqa.selenium.remote.RemoteWebDriver.execute(RemoteWebDriver.java:552)
	at com.kms.katalon.core.webui.driver.ExistingRemoteWebDriver.execute(ExistingRemoteWebDriver.java:108)
	at org.openqa.selenium.remote.RemoteWebElement.execute(RemoteWebElement.java:285)
	at org.openqa.selenium.remote.RemoteWebElement.click(RemoteWebElement.java:84)
	at org.openqa.selenium.support.events.EventFiringWebDriver$EventFiringWebElement.lambda$new$0(EventFiringWebDriver.java:404)
	at com.sun.proxy.$Proxy9.click(Unknown Source)
	at org.openqa.selenium.support.events.EventFiringWebDriver$EventFiringWebElement.click(EventFiringWebDriver.java:417)
	at com.kms.katalon.core.webui.keyword.builtin.ClickKeyword$_click_closure1.doCall(ClickKeyword.groovy:69)
	at com.kms.katalon.core.webui.keyword.builtin.ClickKeyword$_click_closure1.call(ClickKeyword.groovy)
	at com.kms.katalon.core.webui.keyword.internal.WebUIKeywordMain.runKeyword(WebUIKeywordMain.groovy:20)
	at com.kms.katalon.core.webui.keyword.builtin.ClickKeyword.click(ClickKeyword.groovy:76)
	at com.kms.katalon.core.webui.keyword.builtin.ClickKeyword.execute(ClickKeyword.groovy:43)
	at com.kms.katalon.core.keyword.internal.KeywordExecutor.executeKeywordForPlatform(KeywordExecutor.groovy:72)
	at com.kms.katalon.core.webui.keyword.WebUiBuiltInKeywords.click(WebUiBuiltInKeywords.groovy:616)
	at com.kms.katalon.core.webui.keyword.WebUiBuiltInKeywords$click$0.call(Unknown Source)
	at Script1549506362832.run(Script1549506362832.groovy:28)
	... 13 more
)
	at com.kms.katalon.core.keyword.internal.KeywordMain.stepFailed(KeywordMain.groovy:39)
	at com.kms.katalon.core.webui.keyword.internal.WebUIKeywordMain.stepFailed(WebUIKeywordMain.groovy:64)
	at com.kms.katalon.core.webui.keyword.internal.WebUIKeywordMain.runKeyword(WebUIKeywordMain.groovy:26)
	at com.kms.katalon.core.webui.keyword.builtin.ClickKeyword.click(ClickKeyword.groovy:76)
	at com.kms.katalon.core.webui.keyword.builtin.ClickKeyword.execute(ClickKeyword.groovy:43)
	at com.kms.katalon.core.keyword.internal.KeywordExecutor.executeKeywordForPlatform(KeywordExecutor.groovy:72)
	at com.kms.katalon.core.webui.keyword.WebUiBuiltInKeywords.click(WebUiBuiltInKeywords.groovy:616)
	at com.kms.katalon.core.webui.keyword.WebUiBuiltInKeywords$click$0.call(Unknown Source)
	at Add Category.run(Add Category:28)
	at com.kms.katalon.core.main.ScriptEngine.run(ScriptEngine.java:194)
	at com.kms.katalon.core.main.ScriptEngine.runScriptAsRawText(ScriptEngine.java:119)
	at com.kms.katalon.core.main.TestCaseExecutor.runScript(TestCaseExecutor.java:337)
	at com.kms.katalon.core.main.TestCaseExecutor.doExecute(TestCaseExecutor.java:328)
	at com.kms.katalon.core.main.TestCaseExecutor.processExecutionPhase(TestCaseExecutor.java:307)
	at com.kms.katalon.core.main.TestCaseExecutor.accessMainPhase(TestCaseExecutor.java:299)
	at com.kms.katalon.core.main.TestCaseExecutor.execute(TestCaseExecutor.java:233)
	at com.kms.katalon.core.main.TestSuiteExecutor.accessTestCaseMainPhase(TestSuiteExecutor.java:169)
	at com.kms.katalon.core.main.TestSuiteExecutor.accessTestSuiteMainPhase(TestSuiteExecutor.java:142)
	at com.kms.katalon.core.main.TestSuiteExecutor.execute(TestSuiteExecutor.java:91)
	at com.kms.katalon.core.main.TestCaseMain.startTestSuite(TestCaseMain.java:157)
	at com.kms.katalon.core.main.TestCaseMain$startTestSuite$0.call(Unknown Source)
	at TempTestSuite1584598607274.run(TempTestSuite1584598607274.groovy:36)
Caused by: com.kms.katalon.core.exception.StepFailedException: Unable to click on object 'Object Repository/ADMIN/Categories/Category List/button_Categories'
	... 21 more
Caused by: org.openqa.selenium.ElementNotInteractableException: element not interactable
  (Session info: chrome=80.0.3987.132)
Build info: version: '3.141.59', revision: 'e82be7d358', time: '2018-11-14T08:25:53'
System info: host: 'ARCADIER-03', ip: '192.168.254.105', os.name: 'Windows 7', os.arch: 'amd64', os.version: '6.1', java.version: '1.8.0_181'
Driver info: com.kms.katalon.core.webui.driver.ExistingRemoteWebDriver
Capabilities {javascriptEnabled: true, platform: ANY, platformName: ANY}
Session ID: 66da7635ded2d355388026ca8e7d8eff
	at org.openqa.selenium.remote.http.W3CHttpResponseCodec.createException(W3CHttpResponseCodec.java:187)
	at org.openqa.selenium.remote.http.W3CHttpResponseCodec.decode(W3CHttpResponseCodec.java:122)
	at org.openqa.selenium.remote.http.W3CHttpResponseCodec.decode(W3CHttpResponseCodec.java:49)
	at org.openqa.selenium.remote.HttpCommandExecutor.execute(HttpCommandExecutor.java:158)
	at org.openqa.selenium.remote.RemoteWebDriver.execute(RemoteWebDriver.java:552)
	at com.kms.katalon.core.webui.driver.ExistingRemoteWebDriver.execute(ExistingRemoteWebDriver.java:108)
	at org.openqa.selenium.remote.RemoteWebElement.execute(RemoteWebElement.java:285)
	at org.openqa.selenium.remote.RemoteWebElement.click(RemoteWebElement.java:84)
	at org.openqa.selenium.support.events.EventFiringWebDriver$EventFiringWebElement.lambda$new$0(EventFiringWebDriver.java:404)
	at com.sun.proxy.$Proxy9.click(Unknown Source)
	at org.openqa.selenium.support.events.EventFiringWebDriver$EventFiringWebElement.click(EventFiringWebDriver.java:417)
	at com.kms.katalon.core.webui.keyword.builtin.ClickKeyword$_click_closure1.doCall(ClickKeyword.groovy:69)
	at com.kms.katalon.core.webui.keyword.builtin.ClickKeyword$_click_closure1.call(ClickKeyword.groovy)
	at com.kms.katalon.core.webui.keyword.internal.WebUIKeywordMain.runKeyword(WebUIKeywordMain.groovy:20)
	... 19 more
"/>
         <system-out><![CDATA[2020-03-19 14:24:55 - [TEST_CASE][FAILED] - Test Cases/ADMIN/Content Mgmt/Categories/Category Add-Edit/Add Category: Test Cases/ADMIN/Content Mgmt/Categories/Category Add-Edit/Add Category FAILED.
Reason:
com.kms.katalon.core.exception.StepFailedException: Unable to click on object 'Object Repository/ADMIN/Categories/Category List/button_Categories' (Root cause: com.kms.katalon.core.exception.StepFailedException: Unable to click on object 'Object Repository/ADMIN/Categories/Category List/button_Categories'
	at com.kms.katalon.core.webui.keyword.internal.WebUIKeywordMain.stepFailed(WebUIKeywordMain.groovy:64)
	at com.kms.katalon.core.webui.keyword.internal.WebUIKeywordMain.runKeyword(WebUIKeywordMain.groovy:26)
	at com.kms.katalon.core.webui.keyword.builtin.ClickKeyword.click(ClickKeyword.groovy:76)
	at com.kms.katalon.core.webui.keyword.builtin.ClickKeyword.execute(ClickKeyword.groovy:43)
	at com.kms.katalon.core.keyword.internal.KeywordExecutor.executeKeywordForPlatform(KeywordExecutor.groovy:72)
	at com.kms.katalon.core.webui.keyword.WebUiBuiltInKeywords.click(WebUiBuiltInKeywords.groovy:616)
	at com.kms.katalon.core.webui.keyword.WebUiBuiltInKeywords$click$0.call(Unknown Source)
	at Add Category.run(Add Category:28)
	at com.kms.katalon.core.main.ScriptEngine.run(ScriptEngine.java:194)
	at com.kms.katalon.core.main.ScriptEngine.runScriptAsRawText(ScriptEngine.java:119)
	at com.kms.katalon.core.main.TestCaseExecutor.runScript(TestCaseExecutor.java:337)
	at com.kms.katalon.core.main.TestCaseExecutor.doExecute(TestCaseExecutor.java:328)
	at com.kms.katalon.core.main.TestCaseExecutor.processExecutionPhase(TestCaseExecutor.java:307)
	at com.kms.katalon.core.main.TestCaseExecutor.accessMainPhase(TestCaseExecutor.java:299)
	at com.kms.katalon.core.main.TestCaseExecutor.execute(TestCaseExecutor.java:233)
	at com.kms.katalon.core.main.TestSuiteExecutor.accessTestCaseMainPhase(TestSuiteExecutor.java:169)
	at com.kms.katalon.core.main.TestSuiteExecutor.accessTestSuiteMainPhase(TestSuiteExecutor.java:142)
	at com.kms.katalon.core.main.TestSuiteExecutor.execute(TestSuiteExecutor.java:91)
	at com.kms.katalon.core.main.TestCaseMain.startTestSuite(TestCaseMain.java:157)
	at com.kms.katalon.core.main.TestCaseMain$startTestSuite$0.call(Unknown Source)
	at TempTestSuite1584598607274.run(TempTestSuite1584598607274.groovy:36)
Caused by: org.openqa.selenium.ElementNotInteractableException: element not interactable
  (Session info: chrome=80.0.3987.132)
Build info: version: '3.141.59', revision: 'e82be7d358', time: '2018-11-14T08:25:53'
System info: host: 'ARCADIER-03', ip: '192.168.254.105', os.name: 'Windows 7', os.arch: 'amd64', os.version: '6.1', java.version: '1.8.0_181'
Driver info: com.kms.katalon.core.webui.driver.ExistingRemoteWebDriver
Capabilities {javascriptEnabled: true, platform: ANY, platformName: ANY}
Session ID: 66da7635ded2d355388026ca8e7d8eff
	at org.openqa.selenium.remote.http.W3CHttpResponseCodec.createException(W3CHttpResponseCodec.java:187)
	at org.openqa.selenium.remote.http.W3CHttpResponseCodec.decode(W3CHttpResponseCodec.java:122)
	at org.openqa.selenium.remote.http.W3CHttpResponseCodec.decode(W3CHttpResponseCodec.java:49)
	at org.openqa.selenium.remote.HttpCommandExecutor.execute(HttpCommandExecutor.java:158)
	at org.openqa.selenium.remote.RemoteWebDriver.execute(RemoteWebDriver.java:552)
	at com.kms.katalon.core.webui.driver.ExistingRemoteWebDriver.execute(ExistingRemoteWebDriver.java:108)
	at org.openqa.selenium.remote.RemoteWebElement.execute(RemoteWebElement.java:285)
	at org.openqa.selenium.remote.RemoteWebElement.click(RemoteWebElement.java:84)
	at org.openqa.selenium.support.events.EventFiringWebDriver$EventFiringWebElement.lambda$new$0(EventFiringWebDriver.java:404)
	at com.sun.proxy.$Proxy9.click(Unknown Source)
	at org.openqa.selenium.support.events.EventFiringWebDriver$EventFiringWebElement.click(EventFiringWebDriver.java:417)
	at com.kms.katalon.core.webui.keyword.builtin.ClickKeyword$_click_closure1.doCall(ClickKeyword.groovy:69)
	at com.kms.katalon.core.webui.keyword.builtin.ClickKeyword$_click_closure1.call(ClickKeyword.groovy)
	at com.kms.katalon.core.webui.keyword.internal.WebUIKeywordMain.runKeyword(WebUIKeywordMain.groovy:20)
	at com.kms.katalon.core.webui.keyword.builtin.ClickKeyword.click(ClickKeyword.groovy:76)
	at com.kms.katalon.core.webui.keyword.builtin.ClickKeyword.execute(ClickKeyword.groovy:43)
	at com.kms.katalon.core.keyword.internal.KeywordExecutor.executeKeywordForPlatform(KeywordExecutor.groovy:72)
	at com.kms.katalon.core.webui.keyword.WebUiBuiltInKeywords.click(WebUiBuiltInKeywords.groovy:616)
	at com.kms.katalon.core.webui.keyword.WebUiBuiltInKeywords$click$0.call(Unknown Source)
	at Script1549506362832.run(Script1549506362832.groovy:28)
	... 13 more
)
	at com.kms.katalon.core.keyword.internal.KeywordMain.stepFailed(KeywordMain.groovy:39)
	at com.kms.katalon.core.webui.keyword.internal.WebUIKeywordMain.stepFailed(WebUIKeywordMain.groovy:64)
	at com.kms.katalon.core.webui.keyword.internal.WebUIKeywordMain.runKeyword(WebUIKeywordMain.groovy:26)
	at com.kms.katalon.core.webui.keyword.builtin.ClickKeyword.click(ClickKeyword.groovy:76)
	at com.kms.katalon.core.webui.keyword.builtin.ClickKeyword.execute(ClickKeyword.groovy:43)
	at com.kms.katalon.core.keyword.internal.KeywordExecutor.executeKeywordForPlatform(KeywordExecutor.groovy:72)
	at com.kms.katalon.core.webui.keyword.WebUiBuiltInKeywords.click(WebUiBuiltInKeywords.groovy:616)
	at com.kms.katalon.core.webui.keyword.WebUiBuiltInKeywords$click$0.call(Unknown Source)
	at Add Category.run(Add Category:28)
	at com.kms.katalon.core.main.ScriptEngine.run(ScriptEngine.java:194)
	at com.kms.katalon.core.main.ScriptEngine.runScriptAsRawText(ScriptEngine.java:119)
	at com.kms.katalon.core.main.TestCaseExecutor.runScript(TestCaseExecutor.java:337)
	at com.kms.katalon.core.main.TestCaseExecutor.doExecute(TestCaseExecutor.java:328)
	at com.kms.katalon.core.main.TestCaseExecutor.processExecutionPhase(TestCaseExecutor.java:307)
	at com.kms.katalon.core.main.TestCaseExecutor.accessMainPhase(TestCaseExecutor.java:299)
	at com.kms.katalon.core.main.TestCaseExecutor.execute(TestCaseExecutor.java:233)
	at com.kms.katalon.core.main.TestSuiteExecutor.accessTestCaseMainPhase(TestSuiteExecutor.java:169)
	at com.kms.katalon.core.main.TestSuiteExecutor.accessTestSuiteMainPhase(TestSuiteExecutor.java:142)
	at com.kms.katalon.core.main.TestSuiteExecutor.execute(TestSuiteExecutor.java:91)
	at com.kms.katalon.core.main.TestCaseMain.startTestSuite(TestCaseMain.java:157)
	at com.kms.katalon.core.main.TestCaseMain$startTestSuite$0.call(Unknown Source)
	at TempTestSuite1584598607274.run(TempTestSuite1584598607274.groovy:36)
Caused by: com.kms.katalon.core.exception.StepFailedException: Unable to click on object 'Object Repository/ADMIN/Categories/Category List/button_Categories'
	... 21 more
Caused by: org.openqa.selenium.ElementNotInteractableException: element not interactable
  (Session info: chrome=80.0.3987.132)
Build info: version: '3.141.59', revision: 'e82be7d358', time: '2018-11-14T08:25:53'
System info: host: 'ARCADIER-03', ip: '192.168.254.105', os.name: 'Windows 7', os.arch: 'amd64', os.version: '6.1', java.version: '1.8.0_181'
Driver info: com.kms.katalon.core.webui.driver.ExistingRemoteWebDriver
Capabilities {javascriptEnabled: true, platform: ANY, platformName: ANY}
Session ID: 66da7635ded2d355388026ca8e7d8eff
	at org.openqa.selenium.remote.http.W3CHttpResponseCodec.createException(W3CHttpResponseCodec.java:187)
	at org.openqa.selenium.remote.http.W3CHttpResponseCodec.decode(W3CHttpResponseCodec.java:122)
	at org.openqa.selenium.remote.http.W3CHttpResponseCodec.decode(W3CHttpResponseCodec.java:49)
	at org.openqa.selenium.remote.HttpCommandExecutor.execute(HttpCommandExecutor.java:158)
	at org.openqa.selenium.remote.RemoteWebDriver.execute(RemoteWebDriver.java:552)
	at com.kms.katalon.core.webui.driver.ExistingRemoteWebDriver.execute(ExistingRemoteWebDriver.java:108)
	at org.openqa.selenium.remote.RemoteWebElement.execute(RemoteWebElement.java:285)
	at org.openqa.selenium.remote.RemoteWebElement.click(RemoteWebElement.java:84)
	at org.openqa.selenium.support.events.EventFiringWebDriver$EventFiringWebElement.lambda$new$0(EventFiringWebDriver.java:404)
	at com.sun.proxy.$Proxy9.click(Unknown Source)
	at org.openqa.selenium.support.events.EventFiringWebDriver$EventFiringWebElement.click(EventFiringWebDriver.java:417)
	at com.kms.katalon.core.webui.keyword.builtin.ClickKeyword$_click_closure1.doCall(ClickKeyword.groovy:69)
	at com.kms.katalon.core.webui.keyword.builtin.ClickKeyword$_click_closure1.call(ClickKeyword.groovy)
	at com.kms.katalon.core.webui.keyword.internal.WebUIKeywordMain.runKeyword(WebUIKeywordMain.groovy:20)
	... 19 more


2020-03-19 14:24:55 - [TEST_STEP][PASSED] - waitForElementVisible(findTestObject("ADMIN/Categories/Category List/button_Content Mgmt"), 0): Object 'Object Repository/ADMIN/Categories/Category List/button_Content Mgmt' is visible

2020-03-19 14:24:55 - [MESSAGE][WARNING] - Timeout '0' is invalid. Using default page load timeout: '30'

2020-03-19 14:24:55 - [MESSAGE][PASSED] - Object 'Object Repository/ADMIN/Categories/Category List/button_Content Mgmt' is visible

2020-03-19 14:24:55 - [TEST_STEP][PASSED] - click(findTestObject("ADMIN/Categories/Category List/button_Content Mgmt")): Object: 'Object Repository/ADMIN/Categories/Category List/button_Content Mgmt' is clicked on

2020-03-19 14:24:55 - [MESSAGE][PASSED] - Object: 'Object Repository/ADMIN/Categories/Category List/button_Content Mgmt' is clicked on

2020-03-19 14:24:55 - [TEST_STEP][PASSED] - waitForElementVisible(findTestObject("ADMIN/Categories/Category List/button_Categories"), 0): Object 'Object Repository/ADMIN/Categories/Category List/button_Categories' is visible

2020-03-19 14:24:55 - [MESSAGE][WARNING] - Timeout '0' is invalid. Using default page load timeout: '30'

2020-03-19 14:24:55 - [MESSAGE][PASSED] - Object 'Object Repository/ADMIN/Categories/Category List/button_Categories' is visible

2020-03-19 14:24:55 - [TEST_STEP][FAILED] - click(findTestObject("ADMIN/Categories/Category List/button_Categories")): Unable to click on object 'Object Repository/ADMIN/Categories/Category List/button_Categories' (Root cause: com.kms.katalon.core.exception.StepFailedException: Unable to click on object 'Object Repository/ADMIN/Categories/Category List/button_Categories'
	at com.kms.katalon.core.webui.keyword.internal.WebUIKeywordMain.stepFailed(WebUIKeywordMain.groovy:64)
	at com.kms.katalon.core.webui.keyword.internal.WebUIKeywordMain.runKeyword(WebUIKeywordMain.groovy:26)
	at com.kms.katalon.core.webui.keyword.builtin.ClickKeyword.click(ClickKeyword.groovy:76)
	at com.kms.katalon.core.webui.keyword.builtin.ClickKeyword.execute(ClickKeyword.groovy:43)
	at com.kms.katalon.core.keyword.internal.KeywordExecutor.executeKeywordForPlatform(KeywordExecutor.groovy:72)
	at com.kms.katalon.core.webui.keyword.WebUiBuiltInKeywords.click(WebUiBuiltInKeywords.groovy:616)
	at com.kms.katalon.core.webui.keyword.WebUiBuiltInKeywords$click$0.call(Unknown Source)
	at Add Category.run(Add Category:28)
	at com.kms.katalon.core.main.ScriptEngine.run(ScriptEngine.java:194)
	at com.kms.katalon.core.main.ScriptEngine.runScriptAsRawText(ScriptEngine.java:119)
	at com.kms.katalon.core.main.TestCaseExecutor.runScript(TestCaseExecutor.java:337)
	at com.kms.katalon.core.main.TestCaseExecutor.doExecute(TestCaseExecutor.java:328)
	at com.kms.katalon.core.main.TestCaseExecutor.processExecutionPhase(TestCaseExecutor.java:307)
	at com.kms.katalon.core.main.TestCaseExecutor.accessMainPhase(TestCaseExecutor.java:299)
	at com.kms.katalon.core.main.TestCaseExecutor.execute(TestCaseExecutor.java:233)
	at com.kms.katalon.core.main.TestSuiteExecutor.accessTestCaseMainPhase(TestSuiteExecutor.java:169)
	at com.kms.katalon.core.main.TestSuiteExecutor.accessTestSuiteMainPhase(TestSuiteExecutor.java:142)
	at com.kms.katalon.core.main.TestSuiteExecutor.execute(TestSuiteExecutor.java:91)
	at com.kms.katalon.core.main.TestCaseMain.startTestSuite(TestCaseMain.java:157)
	at com.kms.katalon.core.main.TestCaseMain$startTestSuite$0.call(Unknown Source)
	at TempTestSuite1584598607274.run(TempTestSuite1584598607274.groovy:36)
Caused by: org.openqa.selenium.ElementNotInteractableException: element not interactable
  (Session info: chrome=80.0.3987.132)
Build info: version: '3.141.59', revision: 'e82be7d358', time: '2018-11-14T08:25:53'
System info: host: 'ARCADIER-03', ip: '192.168.254.105', os.name: 'Windows 7', os.arch: 'amd64', os.version: '6.1', java.version: '1.8.0_181'
Driver info: com.kms.katalon.core.webui.driver.ExistingRemoteWebDriver
Capabilities {javascriptEnabled: true, platform: ANY, platformName: ANY}
Session ID: 66da7635ded2d355388026ca8e7d8eff
	at org.openqa.selenium.remote.http.W3CHttpResponseCodec.createException(W3CHttpResponseCodec.java:187)
	at org.openqa.selenium.remote.http.W3CHttpResponseCodec.decode(W3CHttpResponseCodec.java:122)
	at org.openqa.selenium.remote.http.W3CHttpResponseCodec.decode(W3CHttpResponseCodec.java:49)
	at org.openqa.selenium.remote.HttpCommandExecutor.execute(HttpCommandExecutor.java:158)
	at org.openqa.selenium.remote.RemoteWebDriver.execute(RemoteWebDriver.java:552)
	at com.kms.katalon.core.webui.driver.ExistingRemoteWebDriver.execute(ExistingRemoteWebDriver.java:108)
	at org.openqa.selenium.remote.RemoteWebElement.execute(RemoteWebElement.java:285)
	at org.openqa.selenium.remote.RemoteWebElement.click(RemoteWebElement.java:84)
	at org.openqa.selenium.support.events.EventFiringWebDriver$EventFiringWebElement.lambda$new$0(EventFiringWebDriver.java:404)
	at com.sun.proxy.$Proxy9.click(Unknown Source)
	at org.openqa.selenium.support.events.EventFiringWebDriver$EventFiringWebElement.click(EventFiringWebDriver.java:417)
	at com.kms.katalon.core.webui.keyword.builtin.ClickKeyword$_click_closure1.doCall(ClickKeyword.groovy:69)
	at com.kms.katalon.core.webui.keyword.builtin.ClickKeyword$_click_closure1.call(ClickKeyword.groovy)
	at com.kms.katalon.core.webui.keyword.internal.WebUIKeywordMain.runKeyword(WebUIKeywordMain.groovy:20)
	at com.kms.katalon.core.webui.keyword.builtin.ClickKeyword.click(ClickKeyword.groovy:76)
	at com.kms.katalon.core.webui.keyword.builtin.ClickKeyword.execute(ClickKeyword.groovy:43)
	at com.kms.katalon.core.keyword.internal.KeywordExecutor.executeKeywordForPlatform(KeywordExecutor.groovy:72)
	at com.kms.katalon.core.webui.keyword.WebUiBuiltInKeywords.click(WebUiBuiltInKeywords.groovy:616)
	at com.kms.katalon.core.webui.keyword.WebUiBuiltInKeywords$click$0.call(Unknown Source)
	at Script1549506362832.run(Script1549506362832.groovy:28)
	... 13 more
)

2020-03-19 14:24:56 - [MESSAGE][FAILED] - Unable to click on object 'Object Repository/ADMIN/Categories/Category List/button_Categories' (Root cause: com.kms.katalon.core.exception.StepFailedException: Unable to click on object 'Object Repository/ADMIN/Categories/Category List/button_Categories'
	at com.kms.katalon.core.webui.keyword.internal.WebUIKeywordMain.stepFailed(WebUIKeywordMain.groovy:64)
	at com.kms.katalon.core.webui.keyword.internal.WebUIKeywordMain.runKeyword(WebUIKeywordMain.groovy:26)
	at com.kms.katalon.core.webui.keyword.builtin.ClickKeyword.click(ClickKeyword.groovy:76)
	at com.kms.katalon.core.webui.keyword.builtin.ClickKeyword.execute(ClickKeyword.groovy:43)
	at com.kms.katalon.core.keyword.internal.KeywordExecutor.executeKeywordForPlatform(KeywordExecutor.groovy:72)
	at com.kms.katalon.core.webui.keyword.WebUiBuiltInKeywords.click(WebUiBuiltInKeywords.groovy:616)
	at com.kms.katalon.core.webui.keyword.WebUiBuiltInKeywords$click$0.call(Unknown Source)
	at Add Category.run(Add Category:28)
	at com.kms.katalon.core.main.ScriptEngine.run(ScriptEngine.java:194)
	at com.kms.katalon.core.main.ScriptEngine.runScriptAsRawText(ScriptEngine.java:119)
	at com.kms.katalon.core.main.TestCaseExecutor.runScript(TestCaseExecutor.java:337)
	at com.kms.katalon.core.main.TestCaseExecutor.doExecute(TestCaseExecutor.java:328)
	at com.kms.katalon.core.main.TestCaseExecutor.processExecutionPhase(TestCaseExecutor.java:307)
	at com.kms.katalon.core.main.TestCaseExecutor.accessMainPhase(TestCaseExecutor.java:299)
	at com.kms.katalon.core.main.TestCaseExecutor.execute(TestCaseExecutor.java:233)
	at com.kms.katalon.core.main.TestSuiteExecutor.accessTestCaseMainPhase(TestSuiteExecutor.java:169)
	at com.kms.katalon.core.main.TestSuiteExecutor.accessTestSuiteMainPhase(TestSuiteExecutor.java:142)
	at com.kms.katalon.core.main.TestSuiteExecutor.execute(TestSuiteExecutor.java:91)
	at com.kms.katalon.core.main.TestCaseMain.startTestSuite(TestCaseMain.java:157)
	at com.kms.katalon.core.main.TestCaseMain$startTestSuite$0.call(Unknown Source)
	at TempTestSuite1584598607274.run(TempTestSuite1584598607274.groovy:36)
Caused by: org.openqa.selenium.ElementNotInteractableException: element not interactable
  (Session info: chrome=80.0.3987.132)
Build info: version: '3.141.59', revision: 'e82be7d358', time: '2018-11-14T08:25:53'
System info: host: 'ARCADIER-03', ip: '192.168.254.105', os.name: 'Windows 7', os.arch: 'amd64', os.version: '6.1', java.version: '1.8.0_181'
Driver info: com.kms.katalon.core.webui.driver.ExistingRemoteWebDriver
Capabilities {javascriptEnabled: true, platform: ANY, platformName: ANY}
Session ID: 66da7635ded2d355388026ca8e7d8eff
	at org.openqa.selenium.remote.http.W3CHttpResponseCodec.createException(W3CHttpResponseCodec.java:187)
	at org.openqa.selenium.remote.http.W3CHttpResponseCodec.decode(W3CHttpResponseCodec.java:122)
	at org.openqa.selenium.remote.http.W3CHttpResponseCodec.decode(W3CHttpResponseCodec.java:49)
	at org.openqa.selenium.remote.HttpCommandExecutor.execute(HttpCommandExecutor.java:158)
	at org.openqa.selenium.remote.RemoteWebDriver.execute(RemoteWebDriver.java:552)
	at com.kms.katalon.core.webui.driver.ExistingRemoteWebDriver.execute(ExistingRemoteWebDriver.java:108)
	at org.openqa.selenium.remote.RemoteWebElement.execute(RemoteWebElement.java:285)
	at org.openqa.selenium.remote.RemoteWebElement.click(RemoteWebElement.java:84)
	at org.openqa.selenium.support.events.EventFiringWebDriver$EventFiringWebElement.lambda$new$0(EventFiringWebDriver.java:404)
	at com.sun.proxy.$Proxy9.click(Unknown Source)
	at org.openqa.selenium.support.events.EventFiringWebDriver$EventFiringWebElement.click(EventFiringWebDriver.java:417)
	at com.kms.katalon.core.webui.keyword.builtin.ClickKeyword$_click_closure1.doCall(ClickKeyword.groovy:69)
	at com.kms.katalon.core.webui.keyword.builtin.ClickKeyword$_click_closure1.call(ClickKeyword.groovy)
	at com.kms.katalon.core.webui.keyword.internal.WebUIKeywordMain.runKeyword(WebUIKeywordMain.groovy:20)
	at com.kms.katalon.core.webui.keyword.builtin.ClickKeyword.click(ClickKeyword.groovy:76)
	at com.kms.katalon.core.webui.keyword.builtin.ClickKeyword.execute(ClickKeyword.groovy:43)
	at com.kms.katalon.core.keyword.internal.KeywordExecutor.executeKeywordForPlatform(KeywordExecutor.groovy:72)
	at com.kms.katalon.core.webui.keyword.WebUiBuiltInKeywords.click(WebUiBuiltInKeywords.groovy:616)
	at com.kms.katalon.core.webui.keyword.WebUiBuiltInKeywords$click$0.call(Unknown Source)
	at Script1549506362832.run(Script1549506362832.groovy:28)
	... 13 more
)
[[ATTACHMENT|C:\\Katalon\\Arctick\\Reports\\20200319_141647\\Admin\\Admin Add Category\\20200319_141647\\1584599095955.png]]

2020-03-19 14:24:56 - [TEST_STEP][PASSED] - waitForPageLoad(0, STOP_ON_FAILURE): Wait for page load successfully

2020-03-19 14:24:56 - [MESSAGE][WARNING] - Timeout '0' is invalid. Using default page load timeout: '30'

2020-03-19 14:24:56 - [MESSAGE][PASSED] - Wait for page load successfully

2020-03-19 14:24:56 - [TEST_STEP][PASSED] - click(findTestObject("ADMIN/Categories/Category List/button_Add a Category")): Object: 'Object Repository/ADMIN/Categories/Category List/button_Add a Category' is clicked on

2020-03-19 14:24:56 - [MESSAGE][PASSED] - Object: 'Object Repository/ADMIN/Categories/Category List/button_Add a Category' is clicked on

2020-03-19 14:24:56 - [TEST_STEP][PASSED] - waitForElementPresent(findTestObject("ADMIN/Categories/Category/dropdown_Parent"), 2): Object 'Object Repository/ADMIN/Categories/Category/dropdown_Parent' is present

2020-03-19 14:24:56 - [MESSAGE][PASSED] - Object 'Object Repository/ADMIN/Categories/Category/dropdown_Parent' is present

2020-03-19 14:24:56 - [TEST_STEP][PASSED] - delay(1): Delayed 1 second(s)

2020-03-19 14:24:57 - [MESSAGE][PASSED] - Delayed 1 second(s)

2020-03-19 14:24:57 - [TEST_STEP][PASSED] - setText(findTestObject("ADMIN/Categories/Category/textfield_Category Name"), CategoryNametext): Text 'Category 5.1' is set on object 'Object Repository/ADMIN/Categories/Category/textfield_Category Name'

2020-03-19 14:24:57 - [MESSAGE][PASSED] - Text 'Category 5.1' is set on object 'Object Repository/ADMIN/Categories/Category/textfield_Category Name'

2020-03-19 14:24:57 - [TEST_STEP][PASSED] - click(findTestObject("ADMIN/Categories/Category/dropdown_Parent")): Object: 'Object Repository/ADMIN/Categories/Category/dropdown_Parent' is clicked on

2020-03-19 14:24:57 - [MESSAGE][PASSED] - Object: 'Object Repository/ADMIN/Categories/Category/dropdown_Parent' is clicked on

2020-03-19 14:24:57 - [TEST_STEP][PASSED] - delay(2): Delayed 2 second(s)

2020-03-19 14:24:59 - [MESSAGE][PASSED] - Delayed 2 second(s)

2020-03-19 14:24:59 - [TEST_STEP][PASSED] - click(findTestObject("ADMIN/Categories/Category/dropdown_Parent")): Object: 'Object Repository/ADMIN/Categories/Category/dropdown_Parent' is clicked on

2020-03-19 14:25:00 - [MESSAGE][PASSED] - Object: 'Object Repository/ADMIN/Categories/Category/dropdown_Parent' is clicked on

2020-03-19 14:25:00 - [TEST_STEP][PASSED] - selectOptionByLabel(findTestObject("ADMIN/Categories/Category/dropdown_Parent"), ParentName, false): All options with label 'Category 05' are selected in object 'Object Repository/ADMIN/Categories/Category/dropdown_Parent' 

2020-03-19 14:25:00 - [MESSAGE][PASSED] - All options with label 'Category 05' are selected in object 'Object Repository/ADMIN/Categories/Category/dropdown_Parent' 

2020-03-19 14:25:00 - [TEST_STEP][PASSED] - click(findTestObject("ADMIN/Categories/Category/button_Browse")): Object: 'Object Repository/ADMIN/Categories/Category/button_Browse' is clicked on

2020-03-19 14:25:00 - [MESSAGE][PASSED] - Object: 'Object Repository/ADMIN/Categories/Category/button_Browse' is clicked on

2020-03-19 14:25:00 - [TEST_STEP][PASSED] - delay(2): Delayed 2 second(s)

2020-03-19 14:25:02 - [MESSAGE][PASSED] - Delayed 2 second(s)

2020-03-19 14:25:02 - [TEST_STEP][PASSED] - uploadFile(findTestObject("ADMIN/Categories/Category/image_input image"), CategoryImageUpload): File 'C:\\Katalon\\Arctick\\Images\\Category\\5.png' sent to object: 'Object Repository/ADMIN/Categories/Category/image_input image'

2020-03-19 14:25:02 - [MESSAGE][PASSED] - File 'C:\\Katalon\\Arctick\\Images\\Category\\5.png' sent to object: 'Object Repository/ADMIN/Categories/Category/image_input image'

2020-03-19 14:25:02 - [TEST_STEP][PASSED] - waitForElementVisible(findTestObject("ADMIN/Categories/Category/button_upload check"), 0): Object 'Object Repository/ADMIN/Categories/Category/button_upload check' is visible

2020-03-19 14:25:02 - [MESSAGE][WARNING] - Timeout '0' is invalid. Using default page load timeout: '30'

2020-03-19 14:25:02 - [MESSAGE][PASSED] - Object 'Object Repository/ADMIN/Categories/Category/button_upload check' is visible

2020-03-19 14:25:02 - [TEST_STEP][PASSED] - click(findTestObject("ADMIN/Categories/Category/button_upload check")): Object: 'Object Repository/ADMIN/Categories/Category/button_upload check' is clicked on

2020-03-19 14:25:02 - [MESSAGE][PASSED] - Object: 'Object Repository/ADMIN/Categories/Category/button_upload check' is clicked on

2020-03-19 14:25:02 - [TEST_STEP][PASSED] - waitForElementVisible(findTestObject("ADMIN/Categories/Category/button_upload save"), 0): Object 'Object Repository/ADMIN/Categories/Category/button_upload save' is visible

2020-03-19 14:25:02 - [MESSAGE][WARNING] - Timeout '0' is invalid. Using default page load timeout: '30'

2020-03-19 14:25:02 - [MESSAGE][PASSED] - Object 'Object Repository/ADMIN/Categories/Category/button_upload save' is visible

2020-03-19 14:25:02 - [TEST_STEP][PASSED] - click(findTestObject("ADMIN/Categories/Category/button_upload save")): Object: 'Object Repository/ADMIN/Categories/Category/button_upload save' is clicked on

2020-03-19 14:25:02 - [MESSAGE][PASSED] - Object: 'Object Repository/ADMIN/Categories/Category/button_upload save' is clicked on

2020-03-19 14:25:02 - [TEST_STEP][PASSED] - setText(findTestObject("ADMIN/Categories/Category/textfield_category_description"), Description): Text 'Description32' is set on object 'Object Repository/ADMIN/Categories/Category/textfield_category_description'

2020-03-19 14:25:03 - [MESSAGE][PASSED] - Text 'Description32' is set on object 'Object Repository/ADMIN/Categories/Category/textfield_category_description'

2020-03-19 14:25:03 - [TEST_STEP][PASSED] - click(findTestObject("ADMIN/Categories/Category/button_Save")): Object: 'Object Repository/ADMIN/Categories/Category/button_Save' is clicked on

2020-03-19 14:25:03 - [MESSAGE][PASSED] - Object: 'Object Repository/ADMIN/Categories/Category/button_Save' is clicked on

2020-03-19 14:25:03 - [TEST_STEP][PASSED] - waitForElementVisible(findTestObject("ADMIN/Categories/Category/label_edit popup"), 0): Object 'Object Repository/ADMIN/Categories/Category/label_edit popup' is visible

2020-03-19 14:25:03 - [MESSAGE][WARNING] - Timeout '0' is invalid. Using default page load timeout: '30'

2020-03-19 14:25:04 - [MESSAGE][PASSED] - Object 'Object Repository/ADMIN/Categories/Category/label_edit popup' is visible

2020-03-19 14:25:04 - [TEST_STEP][PASSED] - waitForElementNotPresent(findTestObject("ADMIN/Categories/Category/label_edit popup"), 0): Web element with id: 'Object Repository/ADMIN/Categories/Category/label_edit popup' located by 'By.xpath: //div[(text() = 'Category was successfully saved.' or . = 'Category was successfully saved.')]' is not present after '30' second(s)

2020-03-19 14:25:04 - [MESSAGE][WARNING] - Timeout '0' is invalid. Using default page load timeout: '30'

2020-03-19 14:25:10 - [MESSAGE][PASSED] - Web element with id: 'Object Repository/ADMIN/Categories/Category/label_edit popup' located by 'By.xpath: //div[(text() = 'Category was successfully saved.' or . = 'Category was successfully saved.')]' is not present after '30' second(s)]]></system-out>
         <system-err><![CDATA[2020-03-19 14:24:55 - [TEST_CASE][FAILED] - Test Cases/ADMIN/Content Mgmt/Categories/Category Add-Edit/Add Category: Test Cases/ADMIN/Content Mgmt/Categories/Category Add-Edit/Add Category FAILED.
Reason:
com.kms.katalon.core.exception.StepFailedException: Unable to click on object 'Object Repository/ADMIN/Categories/Category List/button_Categories' (Root cause: com.kms.katalon.core.exception.StepFailedException: Unable to click on object 'Object Repository/ADMIN/Categories/Category List/button_Categories'
	at com.kms.katalon.core.webui.keyword.internal.WebUIKeywordMain.stepFailed(WebUIKeywordMain.groovy:64)
	at com.kms.katalon.core.webui.keyword.internal.WebUIKeywordMain.runKeyword(WebUIKeywordMain.groovy:26)
	at com.kms.katalon.core.webui.keyword.builtin.ClickKeyword.click(ClickKeyword.groovy:76)
	at com.kms.katalon.core.webui.keyword.builtin.ClickKeyword.execute(ClickKeyword.groovy:43)
	at com.kms.katalon.core.keyword.internal.KeywordExecutor.executeKeywordForPlatform(KeywordExecutor.groovy:72)
	at com.kms.katalon.core.webui.keyword.WebUiBuiltInKeywords.click(WebUiBuiltInKeywords.groovy:616)
	at com.kms.katalon.core.webui.keyword.WebUiBuiltInKeywords$click$0.call(Unknown Source)
	at Add Category.run(Add Category:28)
	at com.kms.katalon.core.main.ScriptEngine.run(ScriptEngine.java:194)
	at com.kms.katalon.core.main.ScriptEngine.runScriptAsRawText(ScriptEngine.java:119)
	at com.kms.katalon.core.main.TestCaseExecutor.runScript(TestCaseExecutor.java:337)
	at com.kms.katalon.core.main.TestCaseExecutor.doExecute(TestCaseExecutor.java:328)
	at com.kms.katalon.core.main.TestCaseExecutor.processExecutionPhase(TestCaseExecutor.java:307)
	at com.kms.katalon.core.main.TestCaseExecutor.accessMainPhase(TestCaseExecutor.java:299)
	at com.kms.katalon.core.main.TestCaseExecutor.execute(TestCaseExecutor.java:233)
	at com.kms.katalon.core.main.TestSuiteExecutor.accessTestCaseMainPhase(TestSuiteExecutor.java:169)
	at com.kms.katalon.core.main.TestSuiteExecutor.accessTestSuiteMainPhase(TestSuiteExecutor.java:142)
	at com.kms.katalon.core.main.TestSuiteExecutor.execute(TestSuiteExecutor.java:91)
	at com.kms.katalon.core.main.TestCaseMain.startTestSuite(TestCaseMain.java:157)
	at com.kms.katalon.core.main.TestCaseMain$startTestSuite$0.call(Unknown Source)
	at TempTestSuite1584598607274.run(TempTestSuite1584598607274.groovy:36)
Caused by: org.openqa.selenium.ElementNotInteractableException: element not interactable
  (Session info: chrome=80.0.3987.132)
Build info: version: '3.141.59', revision: 'e82be7d358', time: '2018-11-14T08:25:53'
System info: host: 'ARCADIER-03', ip: '192.168.254.105', os.name: 'Windows 7', os.arch: 'amd64', os.version: '6.1', java.version: '1.8.0_181'
Driver info: com.kms.katalon.core.webui.driver.ExistingRemoteWebDriver
Capabilities {javascriptEnabled: true, platform: ANY, platformName: ANY}
Session ID: 66da7635ded2d355388026ca8e7d8eff
	at org.openqa.selenium.remote.http.W3CHttpResponseCodec.createException(W3CHttpResponseCodec.java:187)
	at org.openqa.selenium.remote.http.W3CHttpResponseCodec.decode(W3CHttpResponseCodec.java:122)
	at org.openqa.selenium.remote.http.W3CHttpResponseCodec.decode(W3CHttpResponseCodec.java:49)
	at org.openqa.selenium.remote.HttpCommandExecutor.execute(HttpCommandExecutor.java:158)
	at org.openqa.selenium.remote.RemoteWebDriver.execute(RemoteWebDriver.java:552)
	at com.kms.katalon.core.webui.driver.ExistingRemoteWebDriver.execute(ExistingRemoteWebDriver.java:108)
	at org.openqa.selenium.remote.RemoteWebElement.execute(RemoteWebElement.java:285)
	at org.openqa.selenium.remote.RemoteWebElement.click(RemoteWebElement.java:84)
	at org.openqa.selenium.support.events.EventFiringWebDriver$EventFiringWebElement.lambda$new$0(EventFiringWebDriver.java:404)
	at com.sun.proxy.$Proxy9.click(Unknown Source)
	at org.openqa.selenium.support.events.EventFiringWebDriver$EventFiringWebElement.click(EventFiringWebDriver.java:417)
	at com.kms.katalon.core.webui.keyword.builtin.ClickKeyword$_click_closure1.doCall(ClickKeyword.groovy:69)
	at com.kms.katalon.core.webui.keyword.builtin.ClickKeyword$_click_closure1.call(ClickKeyword.groovy)
	at com.kms.katalon.core.webui.keyword.internal.WebUIKeywordMain.runKeyword(WebUIKeywordMain.groovy:20)
	at com.kms.katalon.core.webui.keyword.builtin.ClickKeyword.click(ClickKeyword.groovy:76)
	at com.kms.katalon.core.webui.keyword.builtin.ClickKeyword.execute(ClickKeyword.groovy:43)
	at com.kms.katalon.core.keyword.internal.KeywordExecutor.executeKeywordForPlatform(KeywordExecutor.groovy:72)
	at com.kms.katalon.core.webui.keyword.WebUiBuiltInKeywords.click(WebUiBuiltInKeywords.groovy:616)
	at com.kms.katalon.core.webui.keyword.WebUiBuiltInKeywords$click$0.call(Unknown Source)
	at Script1549506362832.run(Script1549506362832.groovy:28)
	... 13 more
)
	at com.kms.katalon.core.keyword.internal.KeywordMain.stepFailed(KeywordMain.groovy:39)
	at com.kms.katalon.core.webui.keyword.internal.WebUIKeywordMain.stepFailed(WebUIKeywordMain.groovy:64)
	at com.kms.katalon.core.webui.keyword.internal.WebUIKeywordMain.runKeyword(WebUIKeywordMain.groovy:26)
	at com.kms.katalon.core.webui.keyword.builtin.ClickKeyword.click(ClickKeyword.groovy:76)
	at com.kms.katalon.core.webui.keyword.builtin.ClickKeyword.execute(ClickKeyword.groovy:43)
	at com.kms.katalon.core.keyword.internal.KeywordExecutor.executeKeywordForPlatform(KeywordExecutor.groovy:72)
	at com.kms.katalon.core.webui.keyword.WebUiBuiltInKeywords.click(WebUiBuiltInKeywords.groovy:616)
	at com.kms.katalon.core.webui.keyword.WebUiBuiltInKeywords$click$0.call(Unknown Source)
	at Add Category.run(Add Category:28)
	at com.kms.katalon.core.main.ScriptEngine.run(ScriptEngine.java:194)
	at com.kms.katalon.core.main.ScriptEngine.runScriptAsRawText(ScriptEngine.java:119)
	at com.kms.katalon.core.main.TestCaseExecutor.runScript(TestCaseExecutor.java:337)
	at com.kms.katalon.core.main.TestCaseExecutor.doExecute(TestCaseExecutor.java:328)
	at com.kms.katalon.core.main.TestCaseExecutor.processExecutionPhase(TestCaseExecutor.java:307)
	at com.kms.katalon.core.main.TestCaseExecutor.accessMainPhase(TestCaseExecutor.java:299)
	at com.kms.katalon.core.main.TestCaseExecutor.execute(TestCaseExecutor.java:233)
	at com.kms.katalon.core.main.TestSuiteExecutor.accessTestCaseMainPhase(TestSuiteExecutor.java:169)
	at com.kms.katalon.core.main.TestSuiteExecutor.accessTestSuiteMainPhase(TestSuiteExecutor.java:142)
	at com.kms.katalon.core.main.TestSuiteExecutor.execute(TestSuiteExecutor.java:91)
	at com.kms.katalon.core.main.TestCaseMain.startTestSuite(TestCaseMain.java:157)
	at com.kms.katalon.core.main.TestCaseMain$startTestSuite$0.call(Unknown Source)
	at TempTestSuite1584598607274.run(TempTestSuite1584598607274.groovy:36)
Caused by: com.kms.katalon.core.exception.StepFailedException: Unable to click on object 'Object Repository/ADMIN/Categories/Category List/button_Categories'
	... 21 more
Caused by: org.openqa.selenium.ElementNotInteractableException: element not interactable
  (Session info: chrome=80.0.3987.132)
Build info: version: '3.141.59', revision: 'e82be7d358', time: '2018-11-14T08:25:53'
System info: host: 'ARCADIER-03', ip: '192.168.254.105', os.name: 'Windows 7', os.arch: 'amd64', os.version: '6.1', java.version: '1.8.0_181'
Driver info: com.kms.katalon.core.webui.driver.ExistingRemoteWebDriver
Capabilities {javascriptEnabled: true, platform: ANY, platformName: ANY}
Session ID: 66da7635ded2d355388026ca8e7d8eff
	at org.openqa.selenium.remote.http.W3CHttpResponseCodec.createException(W3CHttpResponseCodec.java:187)
	at org.openqa.selenium.remote.http.W3CHttpResponseCodec.decode(W3CHttpResponseCodec.java:122)
	at org.openqa.selenium.remote.http.W3CHttpResponseCodec.decode(W3CHttpResponseCodec.java:49)
	at org.openqa.selenium.remote.HttpCommandExecutor.execute(HttpCommandExecutor.java:158)
	at org.openqa.selenium.remote.RemoteWebDriver.execute(RemoteWebDriver.java:552)
	at com.kms.katalon.core.webui.driver.ExistingRemoteWebDriver.execute(ExistingRemoteWebDriver.java:108)
	at org.openqa.selenium.remote.RemoteWebElement.execute(RemoteWebElement.java:285)
	at org.openqa.selenium.remote.RemoteWebElement.click(RemoteWebElement.java:84)
	at org.openqa.selenium.support.events.EventFiringWebDriver$EventFiringWebElement.lambda$new$0(EventFiringWebDriver.java:404)
	at com.sun.proxy.$Proxy9.click(Unknown Source)
	at org.openqa.selenium.support.events.EventFiringWebDriver$EventFiringWebElement.click(EventFiringWebDriver.java:417)
	at com.kms.katalon.core.webui.keyword.builtin.ClickKeyword$_click_closure1.doCall(ClickKeyword.groovy:69)
	at com.kms.katalon.core.webui.keyword.builtin.ClickKeyword$_click_closure1.call(ClickKeyword.groovy)
	at com.kms.katalon.core.webui.keyword.internal.WebUIKeywordMain.runKeyword(WebUIKeywordMain.groovy:20)
	... 19 more]]></system-err>
      </testcase>
      <testcase name="Test Cases/ADMIN/Content Mgmt/Categories/Category Add-Edit/Add Category" time="14.751" classname="Test Cases/ADMIN/Content Mgmt/Categories/Category Add-Edit/Add Category" status="FAILED">
         <failure type="FAILED" message="Test Cases/ADMIN/Content Mgmt/Categories/Category Add-Edit/Add Category FAILED.
Reason:
com.kms.katalon.core.exception.StepFailedException: Unable to click on object 'Object Repository/ADMIN/Categories/Category List/button_Categories' (Root cause: com.kms.katalon.core.exception.StepFailedException: Unable to click on object 'Object Repository/ADMIN/Categories/Category List/button_Categories'
	at com.kms.katalon.core.webui.keyword.internal.WebUIKeywordMain.stepFailed(WebUIKeywordMain.groovy:64)
	at com.kms.katalon.core.webui.keyword.internal.WebUIKeywordMain.runKeyword(WebUIKeywordMain.groovy:26)
	at com.kms.katalon.core.webui.keyword.builtin.ClickKeyword.click(ClickKeyword.groovy:76)
	at com.kms.katalon.core.webui.keyword.builtin.ClickKeyword.execute(ClickKeyword.groovy:43)
	at com.kms.katalon.core.keyword.internal.KeywordExecutor.executeKeywordForPlatform(KeywordExecutor.groovy:72)
	at com.kms.katalon.core.webui.keyword.WebUiBuiltInKeywords.click(WebUiBuiltInKeywords.groovy:616)
	at com.kms.katalon.core.webui.keyword.WebUiBuiltInKeywords$click$0.call(Unknown Source)
	at Add Category.run(Add Category:28)
	at com.kms.katalon.core.main.ScriptEngine.run(ScriptEngine.java:194)
	at com.kms.katalon.core.main.ScriptEngine.runScriptAsRawText(ScriptEngine.java:119)
	at com.kms.katalon.core.main.TestCaseExecutor.runScript(TestCaseExecutor.java:337)
	at com.kms.katalon.core.main.TestCaseExecutor.doExecute(TestCaseExecutor.java:328)
	at com.kms.katalon.core.main.TestCaseExecutor.processExecutionPhase(TestCaseExecutor.java:307)
	at com.kms.katalon.core.main.TestCaseExecutor.accessMainPhase(TestCaseExecutor.java:299)
	at com.kms.katalon.core.main.TestCaseExecutor.execute(TestCaseExecutor.java:233)
	at com.kms.katalon.core.main.TestSuiteExecutor.accessTestCaseMainPhase(TestSuiteExecutor.java:169)
	at com.kms.katalon.core.main.TestSuiteExecutor.accessTestSuiteMainPhase(TestSuiteExecutor.java:142)
	at com.kms.katalon.core.main.TestSuiteExecutor.execute(TestSuiteExecutor.java:91)
	at com.kms.katalon.core.main.TestCaseMain.startTestSuite(TestCaseMain.java:157)
	at com.kms.katalon.core.main.TestCaseMain$startTestSuite$0.call(Unknown Source)
	at TempTestSuite1584598607274.run(TempTestSuite1584598607274.groovy:36)
Caused by: org.openqa.selenium.ElementNotInteractableException: element not interactable
  (Session info: chrome=80.0.3987.132)
Build info: version: '3.141.59', revision: 'e82be7d358', time: '2018-11-14T08:25:53'
System info: host: 'ARCADIER-03', ip: '192.168.254.105', os.name: 'Windows 7', os.arch: 'amd64', os.version: '6.1', java.version: '1.8.0_181'
Driver info: com.kms.katalon.core.webui.driver.ExistingRemoteWebDriver
Capabilities {javascriptEnabled: true, platform: ANY, platformName: ANY}
Session ID: 66da7635ded2d355388026ca8e7d8eff
	at org.openqa.selenium.remote.http.W3CHttpResponseCodec.createException(W3CHttpResponseCodec.java:187)
	at org.openqa.selenium.remote.http.W3CHttpResponseCodec.decode(W3CHttpResponseCodec.java:122)
	at org.openqa.selenium.remote.http.W3CHttpResponseCodec.decode(W3CHttpResponseCodec.java:49)
	at org.openqa.selenium.remote.HttpCommandExecutor.execute(HttpCommandExecutor.java:158)
	at org.openqa.selenium.remote.RemoteWebDriver.execute(RemoteWebDriver.java:552)
	at com.kms.katalon.core.webui.driver.ExistingRemoteWebDriver.execute(ExistingRemoteWebDriver.java:108)
	at org.openqa.selenium.remote.RemoteWebElement.execute(RemoteWebElement.java:285)
	at org.openqa.selenium.remote.RemoteWebElement.click(RemoteWebElement.java:84)
	at org.openqa.selenium.support.events.EventFiringWebDriver$EventFiringWebElement.lambda$new$0(EventFiringWebDriver.java:404)
	at com.sun.proxy.$Proxy9.click(Unknown Source)
	at org.openqa.selenium.support.events.EventFiringWebDriver$EventFiringWebElement.click(EventFiringWebDriver.java:417)
	at com.kms.katalon.core.webui.keyword.builtin.ClickKeyword$_click_closure1.doCall(ClickKeyword.groovy:69)
	at com.kms.katalon.core.webui.keyword.builtin.ClickKeyword$_click_closure1.call(ClickKeyword.groovy)
	at com.kms.katalon.core.webui.keyword.internal.WebUIKeywordMain.runKeyword(WebUIKeywordMain.groovy:20)
	at com.kms.katalon.core.webui.keyword.builtin.ClickKeyword.click(ClickKeyword.groovy:76)
	at com.kms.katalon.core.webui.keyword.builtin.ClickKeyword.execute(ClickKeyword.groovy:43)
	at com.kms.katalon.core.keyword.internal.KeywordExecutor.executeKeywordForPlatform(KeywordExecutor.groovy:72)
	at com.kms.katalon.core.webui.keyword.WebUiBuiltInKeywords.click(WebUiBuiltInKeywords.groovy:616)
	at com.kms.katalon.core.webui.keyword.WebUiBuiltInKeywords$click$0.call(Unknown Source)
	at Script1549506362832.run(Script1549506362832.groovy:28)
	... 13 more
)
	at com.kms.katalon.core.keyword.internal.KeywordMain.stepFailed(KeywordMain.groovy:39)
	at com.kms.katalon.core.webui.keyword.internal.WebUIKeywordMain.stepFailed(WebUIKeywordMain.groovy:64)
	at com.kms.katalon.core.webui.keyword.internal.WebUIKeywordMain.runKeyword(WebUIKeywordMain.groovy:26)
	at com.kms.katalon.core.webui.keyword.builtin.ClickKeyword.click(ClickKeyword.groovy:76)
	at com.kms.katalon.core.webui.keyword.builtin.ClickKeyword.execute(ClickKeyword.groovy:43)
	at com.kms.katalon.core.keyword.internal.KeywordExecutor.executeKeywordForPlatform(KeywordExecutor.groovy:72)
	at com.kms.katalon.core.webui.keyword.WebUiBuiltInKeywords.click(WebUiBuiltInKeywords.groovy:616)
	at com.kms.katalon.core.webui.keyword.WebUiBuiltInKeywords$click$0.call(Unknown Source)
	at Add Category.run(Add Category:28)
	at com.kms.katalon.core.main.ScriptEngine.run(ScriptEngine.java:194)
	at com.kms.katalon.core.main.ScriptEngine.runScriptAsRawText(ScriptEngine.java:119)
	at com.kms.katalon.core.main.TestCaseExecutor.runScript(TestCaseExecutor.java:337)
	at com.kms.katalon.core.main.TestCaseExecutor.doExecute(TestCaseExecutor.java:328)
	at com.kms.katalon.core.main.TestCaseExecutor.processExecutionPhase(TestCaseExecutor.java:307)
	at com.kms.katalon.core.main.TestCaseExecutor.accessMainPhase(TestCaseExecutor.java:299)
	at com.kms.katalon.core.main.TestCaseExecutor.execute(TestCaseExecutor.java:233)
	at com.kms.katalon.core.main.TestSuiteExecutor.accessTestCaseMainPhase(TestSuiteExecutor.java:169)
	at com.kms.katalon.core.main.TestSuiteExecutor.accessTestSuiteMainPhase(TestSuiteExecutor.java:142)
	at com.kms.katalon.core.main.TestSuiteExecutor.execute(TestSuiteExecutor.java:91)
	at com.kms.katalon.core.main.TestCaseMain.startTestSuite(TestCaseMain.java:157)
	at com.kms.katalon.core.main.TestCaseMain$startTestSuite$0.call(Unknown Source)
	at TempTestSuite1584598607274.run(TempTestSuite1584598607274.groovy:36)
Caused by: com.kms.katalon.core.exception.StepFailedException: Unable to click on object 'Object Repository/ADMIN/Categories/Category List/button_Categories'
	... 21 more
Caused by: org.openqa.selenium.ElementNotInteractableException: element not interactable
  (Session info: chrome=80.0.3987.132)
Build info: version: '3.141.59', revision: 'e82be7d358', time: '2018-11-14T08:25:53'
System info: host: 'ARCADIER-03', ip: '192.168.254.105', os.name: 'Windows 7', os.arch: 'amd64', os.version: '6.1', java.version: '1.8.0_181'
Driver info: com.kms.katalon.core.webui.driver.ExistingRemoteWebDriver
Capabilities {javascriptEnabled: true, platform: ANY, platformName: ANY}
Session ID: 66da7635ded2d355388026ca8e7d8eff
	at org.openqa.selenium.remote.http.W3CHttpResponseCodec.createException(W3CHttpResponseCodec.java:187)
	at org.openqa.selenium.remote.http.W3CHttpResponseCodec.decode(W3CHttpResponseCodec.java:122)
	at org.openqa.selenium.remote.http.W3CHttpResponseCodec.decode(W3CHttpResponseCodec.java:49)
	at org.openqa.selenium.remote.HttpCommandExecutor.execute(HttpCommandExecutor.java:158)
	at org.openqa.selenium.remote.RemoteWebDriver.execute(RemoteWebDriver.java:552)
	at com.kms.katalon.core.webui.driver.ExistingRemoteWebDriver.execute(ExistingRemoteWebDriver.java:108)
	at org.openqa.selenium.remote.RemoteWebElement.execute(RemoteWebElement.java:285)
	at org.openqa.selenium.remote.RemoteWebElement.click(RemoteWebElement.java:84)
	at org.openqa.selenium.support.events.EventFiringWebDriver$EventFiringWebElement.lambda$new$0(EventFiringWebDriver.java:404)
	at com.sun.proxy.$Proxy9.click(Unknown Source)
	at org.openqa.selenium.support.events.EventFiringWebDriver$EventFiringWebElement.click(EventFiringWebDriver.java:417)
	at com.kms.katalon.core.webui.keyword.builtin.ClickKeyword$_click_closure1.doCall(ClickKeyword.groovy:69)
	at com.kms.katalon.core.webui.keyword.builtin.ClickKeyword$_click_closure1.call(ClickKeyword.groovy)
	at com.kms.katalon.core.webui.keyword.internal.WebUIKeywordMain.runKeyword(WebUIKeywordMain.groovy:20)
	... 19 more
"/>
         <system-out><![CDATA[2020-03-19 14:25:10 - [TEST_CASE][FAILED] - Test Cases/ADMIN/Content Mgmt/Categories/Category Add-Edit/Add Category: Test Cases/ADMIN/Content Mgmt/Categories/Category Add-Edit/Add Category FAILED.
Reason:
com.kms.katalon.core.exception.StepFailedException: Unable to click on object 'Object Repository/ADMIN/Categories/Category List/button_Categories' (Root cause: com.kms.katalon.core.exception.StepFailedException: Unable to click on object 'Object Repository/ADMIN/Categories/Category List/button_Categories'
	at com.kms.katalon.core.webui.keyword.internal.WebUIKeywordMain.stepFailed(WebUIKeywordMain.groovy:64)
	at com.kms.katalon.core.webui.keyword.internal.WebUIKeywordMain.runKeyword(WebUIKeywordMain.groovy:26)
	at com.kms.katalon.core.webui.keyword.builtin.ClickKeyword.click(ClickKeyword.groovy:76)
	at com.kms.katalon.core.webui.keyword.builtin.ClickKeyword.execute(ClickKeyword.groovy:43)
	at com.kms.katalon.core.keyword.internal.KeywordExecutor.executeKeywordForPlatform(KeywordExecutor.groovy:72)
	at com.kms.katalon.core.webui.keyword.WebUiBuiltInKeywords.click(WebUiBuiltInKeywords.groovy:616)
	at com.kms.katalon.core.webui.keyword.WebUiBuiltInKeywords$click$0.call(Unknown Source)
	at Add Category.run(Add Category:28)
	at com.kms.katalon.core.main.ScriptEngine.run(ScriptEngine.java:194)
	at com.kms.katalon.core.main.ScriptEngine.runScriptAsRawText(ScriptEngine.java:119)
	at com.kms.katalon.core.main.TestCaseExecutor.runScript(TestCaseExecutor.java:337)
	at com.kms.katalon.core.main.TestCaseExecutor.doExecute(TestCaseExecutor.java:328)
	at com.kms.katalon.core.main.TestCaseExecutor.processExecutionPhase(TestCaseExecutor.java:307)
	at com.kms.katalon.core.main.TestCaseExecutor.accessMainPhase(TestCaseExecutor.java:299)
	at com.kms.katalon.core.main.TestCaseExecutor.execute(TestCaseExecutor.java:233)
	at com.kms.katalon.core.main.TestSuiteExecutor.accessTestCaseMainPhase(TestSuiteExecutor.java:169)
	at com.kms.katalon.core.main.TestSuiteExecutor.accessTestSuiteMainPhase(TestSuiteExecutor.java:142)
	at com.kms.katalon.core.main.TestSuiteExecutor.execute(TestSuiteExecutor.java:91)
	at com.kms.katalon.core.main.TestCaseMain.startTestSuite(TestCaseMain.java:157)
	at com.kms.katalon.core.main.TestCaseMain$startTestSuite$0.call(Unknown Source)
	at TempTestSuite1584598607274.run(TempTestSuite1584598607274.groovy:36)
Caused by: org.openqa.selenium.ElementNotInteractableException: element not interactable
  (Session info: chrome=80.0.3987.132)
Build info: version: '3.141.59', revision: 'e82be7d358', time: '2018-11-14T08:25:53'
System info: host: 'ARCADIER-03', ip: '192.168.254.105', os.name: 'Windows 7', os.arch: 'amd64', os.version: '6.1', java.version: '1.8.0_181'
Driver info: com.kms.katalon.core.webui.driver.ExistingRemoteWebDriver
Capabilities {javascriptEnabled: true, platform: ANY, platformName: ANY}
Session ID: 66da7635ded2d355388026ca8e7d8eff
	at org.openqa.selenium.remote.http.W3CHttpResponseCodec.createException(W3CHttpResponseCodec.java:187)
	at org.openqa.selenium.remote.http.W3CHttpResponseCodec.decode(W3CHttpResponseCodec.java:122)
	at org.openqa.selenium.remote.http.W3CHttpResponseCodec.decode(W3CHttpResponseCodec.java:49)
	at org.openqa.selenium.remote.HttpCommandExecutor.execute(HttpCommandExecutor.java:158)
	at org.openqa.selenium.remote.RemoteWebDriver.execute(RemoteWebDriver.java:552)
	at com.kms.katalon.core.webui.driver.ExistingRemoteWebDriver.execute(ExistingRemoteWebDriver.java:108)
	at org.openqa.selenium.remote.RemoteWebElement.execute(RemoteWebElement.java:285)
	at org.openqa.selenium.remote.RemoteWebElement.click(RemoteWebElement.java:84)
	at org.openqa.selenium.support.events.EventFiringWebDriver$EventFiringWebElement.lambda$new$0(EventFiringWebDriver.java:404)
	at com.sun.proxy.$Proxy9.click(Unknown Source)
	at org.openqa.selenium.support.events.EventFiringWebDriver$EventFiringWebElement.click(EventFiringWebDriver.java:417)
	at com.kms.katalon.core.webui.keyword.builtin.ClickKeyword$_click_closure1.doCall(ClickKeyword.groovy:69)
	at com.kms.katalon.core.webui.keyword.builtin.ClickKeyword$_click_closure1.call(ClickKeyword.groovy)
	at com.kms.katalon.core.webui.keyword.internal.WebUIKeywordMain.runKeyword(WebUIKeywordMain.groovy:20)
	at com.kms.katalon.core.webui.keyword.builtin.ClickKeyword.click(ClickKeyword.groovy:76)
	at com.kms.katalon.core.webui.keyword.builtin.ClickKeyword.execute(ClickKeyword.groovy:43)
	at com.kms.katalon.core.keyword.internal.KeywordExecutor.executeKeywordForPlatform(KeywordExecutor.groovy:72)
	at com.kms.katalon.core.webui.keyword.WebUiBuiltInKeywords.click(WebUiBuiltInKeywords.groovy:616)
	at com.kms.katalon.core.webui.keyword.WebUiBuiltInKeywords$click$0.call(Unknown Source)
	at Script1549506362832.run(Script1549506362832.groovy:28)
	... 13 more
)
	at com.kms.katalon.core.keyword.internal.KeywordMain.stepFailed(KeywordMain.groovy:39)
	at com.kms.katalon.core.webui.keyword.internal.WebUIKeywordMain.stepFailed(WebUIKeywordMain.groovy:64)
	at com.kms.katalon.core.webui.keyword.internal.WebUIKeywordMain.runKeyword(WebUIKeywordMain.groovy:26)
	at com.kms.katalon.core.webui.keyword.builtin.ClickKeyword.click(ClickKeyword.groovy:76)
	at com.kms.katalon.core.webui.keyword.builtin.ClickKeyword.execute(ClickKeyword.groovy:43)
	at com.kms.katalon.core.keyword.internal.KeywordExecutor.executeKeywordForPlatform(KeywordExecutor.groovy:72)
	at com.kms.katalon.core.webui.keyword.WebUiBuiltInKeywords.click(WebUiBuiltInKeywords.groovy:616)
	at com.kms.katalon.core.webui.keyword.WebUiBuiltInKeywords$click$0.call(Unknown Source)
	at Add Category.run(Add Category:28)
	at com.kms.katalon.core.main.ScriptEngine.run(ScriptEngine.java:194)
	at com.kms.katalon.core.main.ScriptEngine.runScriptAsRawText(ScriptEngine.java:119)
	at com.kms.katalon.core.main.TestCaseExecutor.runScript(TestCaseExecutor.java:337)
	at com.kms.katalon.core.main.TestCaseExecutor.doExecute(TestCaseExecutor.java:328)
	at com.kms.katalon.core.main.TestCaseExecutor.processExecutionPhase(TestCaseExecutor.java:307)
	at com.kms.katalon.core.main.TestCaseExecutor.accessMainPhase(TestCaseExecutor.java:299)
	at com.kms.katalon.core.main.TestCaseExecutor.execute(TestCaseExecutor.java:233)
	at com.kms.katalon.core.main.TestSuiteExecutor.accessTestCaseMainPhase(TestSuiteExecutor.java:169)
	at com.kms.katalon.core.main.TestSuiteExecutor.accessTestSuiteMainPhase(TestSuiteExecutor.java:142)
	at com.kms.katalon.core.main.TestSuiteExecutor.execute(TestSuiteExecutor.java:91)
	at com.kms.katalon.core.main.TestCaseMain.startTestSuite(TestCaseMain.java:157)
	at com.kms.katalon.core.main.TestCaseMain$startTestSuite$0.call(Unknown Source)
	at TempTestSuite1584598607274.run(TempTestSuite1584598607274.groovy:36)
Caused by: com.kms.katalon.core.exception.StepFailedException: Unable to click on object 'Object Repository/ADMIN/Categories/Category List/button_Categories'
	... 21 more
Caused by: org.openqa.selenium.ElementNotInteractableException: element not interactable
  (Session info: chrome=80.0.3987.132)
Build info: version: '3.141.59', revision: 'e82be7d358', time: '2018-11-14T08:25:53'
System info: host: 'ARCADIER-03', ip: '192.168.254.105', os.name: 'Windows 7', os.arch: 'amd64', os.version: '6.1', java.version: '1.8.0_181'
Driver info: com.kms.katalon.core.webui.driver.ExistingRemoteWebDriver
Capabilities {javascriptEnabled: true, platform: ANY, platformName: ANY}
Session ID: 66da7635ded2d355388026ca8e7d8eff
	at org.openqa.selenium.remote.http.W3CHttpResponseCodec.createException(W3CHttpResponseCodec.java:187)
	at org.openqa.selenium.remote.http.W3CHttpResponseCodec.decode(W3CHttpResponseCodec.java:122)
	at org.openqa.selenium.remote.http.W3CHttpResponseCodec.decode(W3CHttpResponseCodec.java:49)
	at org.openqa.selenium.remote.HttpCommandExecutor.execute(HttpCommandExecutor.java:158)
	at org.openqa.selenium.remote.RemoteWebDriver.execute(RemoteWebDriver.java:552)
	at com.kms.katalon.core.webui.driver.ExistingRemoteWebDriver.execute(ExistingRemoteWebDriver.java:108)
	at org.openqa.selenium.remote.RemoteWebElement.execute(RemoteWebElement.java:285)
	at org.openqa.selenium.remote.RemoteWebElement.click(RemoteWebElement.java:84)
	at org.openqa.selenium.support.events.EventFiringWebDriver$EventFiringWebElement.lambda$new$0(EventFiringWebDriver.java:404)
	at com.sun.proxy.$Proxy9.click(Unknown Source)
	at org.openqa.selenium.support.events.EventFiringWebDriver$EventFiringWebElement.click(EventFiringWebDriver.java:417)
	at com.kms.katalon.core.webui.keyword.builtin.ClickKeyword$_click_closure1.doCall(ClickKeyword.groovy:69)
	at com.kms.katalon.core.webui.keyword.builtin.ClickKeyword$_click_closure1.call(ClickKeyword.groovy)
	at com.kms.katalon.core.webui.keyword.internal.WebUIKeywordMain.runKeyword(WebUIKeywordMain.groovy:20)
	... 19 more


2020-03-19 14:25:10 - [TEST_STEP][PASSED] - waitForElementVisible(findTestObject("ADMIN/Categories/Category List/button_Content Mgmt"), 0): Object 'Object Repository/ADMIN/Categories/Category List/button_Content Mgmt' is visible

2020-03-19 14:25:10 - [MESSAGE][WARNING] - Timeout '0' is invalid. Using default page load timeout: '30'

2020-03-19 14:25:10 - [MESSAGE][PASSED] - Object 'Object Repository/ADMIN/Categories/Category List/button_Content Mgmt' is visible

2020-03-19 14:25:10 - [TEST_STEP][PASSED] - click(findTestObject("ADMIN/Categories/Category List/button_Content Mgmt")): Object: 'Object Repository/ADMIN/Categories/Category List/button_Content Mgmt' is clicked on

2020-03-19 14:25:10 - [MESSAGE][PASSED] - Object: 'Object Repository/ADMIN/Categories/Category List/button_Content Mgmt' is clicked on

2020-03-19 14:25:10 - [TEST_STEP][PASSED] - waitForElementVisible(findTestObject("ADMIN/Categories/Category List/button_Categories"), 0): Object 'Object Repository/ADMIN/Categories/Category List/button_Categories' is visible

2020-03-19 14:25:10 - [MESSAGE][WARNING] - Timeout '0' is invalid. Using default page load timeout: '30'

2020-03-19 14:25:10 - [MESSAGE][PASSED] - Object 'Object Repository/ADMIN/Categories/Category List/button_Categories' is visible

2020-03-19 14:25:10 - [TEST_STEP][FAILED] - click(findTestObject("ADMIN/Categories/Category List/button_Categories")): Unable to click on object 'Object Repository/ADMIN/Categories/Category List/button_Categories' (Root cause: com.kms.katalon.core.exception.StepFailedException: Unable to click on object 'Object Repository/ADMIN/Categories/Category List/button_Categories'
	at com.kms.katalon.core.webui.keyword.internal.WebUIKeywordMain.stepFailed(WebUIKeywordMain.groovy:64)
	at com.kms.katalon.core.webui.keyword.internal.WebUIKeywordMain.runKeyword(WebUIKeywordMain.groovy:26)
	at com.kms.katalon.core.webui.keyword.builtin.ClickKeyword.click(ClickKeyword.groovy:76)
	at com.kms.katalon.core.webui.keyword.builtin.ClickKeyword.execute(ClickKeyword.groovy:43)
	at com.kms.katalon.core.keyword.internal.KeywordExecutor.executeKeywordForPlatform(KeywordExecutor.groovy:72)
	at com.kms.katalon.core.webui.keyword.WebUiBuiltInKeywords.click(WebUiBuiltInKeywords.groovy:616)
	at com.kms.katalon.core.webui.keyword.WebUiBuiltInKeywords$click$0.call(Unknown Source)
	at Add Category.run(Add Category:28)
	at com.kms.katalon.core.main.ScriptEngine.run(ScriptEngine.java:194)
	at com.kms.katalon.core.main.ScriptEngine.runScriptAsRawText(ScriptEngine.java:119)
	at com.kms.katalon.core.main.TestCaseExecutor.runScript(TestCaseExecutor.java:337)
	at com.kms.katalon.core.main.TestCaseExecutor.doExecute(TestCaseExecutor.java:328)
	at com.kms.katalon.core.main.TestCaseExecutor.processExecutionPhase(TestCaseExecutor.java:307)
	at com.kms.katalon.core.main.TestCaseExecutor.accessMainPhase(TestCaseExecutor.java:299)
	at com.kms.katalon.core.main.TestCaseExecutor.execute(TestCaseExecutor.java:233)
	at com.kms.katalon.core.main.TestSuiteExecutor.accessTestCaseMainPhase(TestSuiteExecutor.java:169)
	at com.kms.katalon.core.main.TestSuiteExecutor.accessTestSuiteMainPhase(TestSuiteExecutor.java:142)
	at com.kms.katalon.core.main.TestSuiteExecutor.execute(TestSuiteExecutor.java:91)
	at com.kms.katalon.core.main.TestCaseMain.startTestSuite(TestCaseMain.java:157)
	at com.kms.katalon.core.main.TestCaseMain$startTestSuite$0.call(Unknown Source)
	at TempTestSuite1584598607274.run(TempTestSuite1584598607274.groovy:36)
Caused by: org.openqa.selenium.ElementNotInteractableException: element not interactable
  (Session info: chrome=80.0.3987.132)
Build info: version: '3.141.59', revision: 'e82be7d358', time: '2018-11-14T08:25:53'
System info: host: 'ARCADIER-03', ip: '192.168.254.105', os.name: 'Windows 7', os.arch: 'amd64', os.version: '6.1', java.version: '1.8.0_181'
Driver info: com.kms.katalon.core.webui.driver.ExistingRemoteWebDriver
Capabilities {javascriptEnabled: true, platform: ANY, platformName: ANY}
Session ID: 66da7635ded2d355388026ca8e7d8eff
	at org.openqa.selenium.remote.http.W3CHttpResponseCodec.createException(W3CHttpResponseCodec.java:187)
	at org.openqa.selenium.remote.http.W3CHttpResponseCodec.decode(W3CHttpResponseCodec.java:122)
	at org.openqa.selenium.remote.http.W3CHttpResponseCodec.decode(W3CHttpResponseCodec.java:49)
	at org.openqa.selenium.remote.HttpCommandExecutor.execute(HttpCommandExecutor.java:158)
	at org.openqa.selenium.remote.RemoteWebDriver.execute(RemoteWebDriver.java:552)
	at com.kms.katalon.core.webui.driver.ExistingRemoteWebDriver.execute(ExistingRemoteWebDriver.java:108)
	at org.openqa.selenium.remote.RemoteWebElement.execute(RemoteWebElement.java:285)
	at org.openqa.selenium.remote.RemoteWebElement.click(RemoteWebElement.java:84)
	at org.openqa.selenium.support.events.EventFiringWebDriver$EventFiringWebElement.lambda$new$0(EventFiringWebDriver.java:404)
	at com.sun.proxy.$Proxy9.click(Unknown Source)
	at org.openqa.selenium.support.events.EventFiringWebDriver$EventFiringWebElement.click(EventFiringWebDriver.java:417)
	at com.kms.katalon.core.webui.keyword.builtin.ClickKeyword$_click_closure1.doCall(ClickKeyword.groovy:69)
	at com.kms.katalon.core.webui.keyword.builtin.ClickKeyword$_click_closure1.call(ClickKeyword.groovy)
	at com.kms.katalon.core.webui.keyword.internal.WebUIKeywordMain.runKeyword(WebUIKeywordMain.groovy:20)
	at com.kms.katalon.core.webui.keyword.builtin.ClickKeyword.click(ClickKeyword.groovy:76)
	at com.kms.katalon.core.webui.keyword.builtin.ClickKeyword.execute(ClickKeyword.groovy:43)
	at com.kms.katalon.core.keyword.internal.KeywordExecutor.executeKeywordForPlatform(KeywordExecutor.groovy:72)
	at com.kms.katalon.core.webui.keyword.WebUiBuiltInKeywords.click(WebUiBuiltInKeywords.groovy:616)
	at com.kms.katalon.core.webui.keyword.WebUiBuiltInKeywords$click$0.call(Unknown Source)
	at Script1549506362832.run(Script1549506362832.groovy:28)
	... 13 more
)

2020-03-19 14:25:11 - [MESSAGE][FAILED] - Unable to click on object 'Object Repository/ADMIN/Categories/Category List/button_Categories' (Root cause: com.kms.katalon.core.exception.StepFailedException: Unable to click on object 'Object Repository/ADMIN/Categories/Category List/button_Categories'
	at com.kms.katalon.core.webui.keyword.internal.WebUIKeywordMain.stepFailed(WebUIKeywordMain.groovy:64)
	at com.kms.katalon.core.webui.keyword.internal.WebUIKeywordMain.runKeyword(WebUIKeywordMain.groovy:26)
	at com.kms.katalon.core.webui.keyword.builtin.ClickKeyword.click(ClickKeyword.groovy:76)
	at com.kms.katalon.core.webui.keyword.builtin.ClickKeyword.execute(ClickKeyword.groovy:43)
	at com.kms.katalon.core.keyword.internal.KeywordExecutor.executeKeywordForPlatform(KeywordExecutor.groovy:72)
	at com.kms.katalon.core.webui.keyword.WebUiBuiltInKeywords.click(WebUiBuiltInKeywords.groovy:616)
	at com.kms.katalon.core.webui.keyword.WebUiBuiltInKeywords$click$0.call(Unknown Source)
	at Add Category.run(Add Category:28)
	at com.kms.katalon.core.main.ScriptEngine.run(ScriptEngine.java:194)
	at com.kms.katalon.core.main.ScriptEngine.runScriptAsRawText(ScriptEngine.java:119)
	at com.kms.katalon.core.main.TestCaseExecutor.runScript(TestCaseExecutor.java:337)
	at com.kms.katalon.core.main.TestCaseExecutor.doExecute(TestCaseExecutor.java:328)
	at com.kms.katalon.core.main.TestCaseExecutor.processExecutionPhase(TestCaseExecutor.java:307)
	at com.kms.katalon.core.main.TestCaseExecutor.accessMainPhase(TestCaseExecutor.java:299)
	at com.kms.katalon.core.main.TestCaseExecutor.execute(TestCaseExecutor.java:233)
	at com.kms.katalon.core.main.TestSuiteExecutor.accessTestCaseMainPhase(TestSuiteExecutor.java:169)
	at com.kms.katalon.core.main.TestSuiteExecutor.accessTestSuiteMainPhase(TestSuiteExecutor.java:142)
	at com.kms.katalon.core.main.TestSuiteExecutor.execute(TestSuiteExecutor.java:91)
	at com.kms.katalon.core.main.TestCaseMain.startTestSuite(TestCaseMain.java:157)
	at com.kms.katalon.core.main.TestCaseMain$startTestSuite$0.call(Unknown Source)
	at TempTestSuite1584598607274.run(TempTestSuite1584598607274.groovy:36)
Caused by: org.openqa.selenium.ElementNotInteractableException: element not interactable
  (Session info: chrome=80.0.3987.132)
Build info: version: '3.141.59', revision: 'e82be7d358', time: '2018-11-14T08:25:53'
System info: host: 'ARCADIER-03', ip: '192.168.254.105', os.name: 'Windows 7', os.arch: 'amd64', os.version: '6.1', java.version: '1.8.0_181'
Driver info: com.kms.katalon.core.webui.driver.ExistingRemoteWebDriver
Capabilities {javascriptEnabled: true, platform: ANY, platformName: ANY}
Session ID: 66da7635ded2d355388026ca8e7d8eff
	at org.openqa.selenium.remote.http.W3CHttpResponseCodec.createException(W3CHttpResponseCodec.java:187)
	at org.openqa.selenium.remote.http.W3CHttpResponseCodec.decode(W3CHttpResponseCodec.java:122)
	at org.openqa.selenium.remote.http.W3CHttpResponseCodec.decode(W3CHttpResponseCodec.java:49)
	at org.openqa.selenium.remote.HttpCommandExecutor.execute(HttpCommandExecutor.java:158)
	at org.openqa.selenium.remote.RemoteWebDriver.execute(RemoteWebDriver.java:552)
	at com.kms.katalon.core.webui.driver.ExistingRemoteWebDriver.execute(ExistingRemoteWebDriver.java:108)
	at org.openqa.selenium.remote.RemoteWebElement.execute(RemoteWebElement.java:285)
	at org.openqa.selenium.remote.RemoteWebElement.click(RemoteWebElement.java:84)
	at org.openqa.selenium.support.events.EventFiringWebDriver$EventFiringWebElement.lambda$new$0(EventFiringWebDriver.java:404)
	at com.sun.proxy.$Proxy9.click(Unknown Source)
	at org.openqa.selenium.support.events.EventFiringWebDriver$EventFiringWebElement.click(EventFiringWebDriver.java:417)
	at com.kms.katalon.core.webui.keyword.builtin.ClickKeyword$_click_closure1.doCall(ClickKeyword.groovy:69)
	at com.kms.katalon.core.webui.keyword.builtin.ClickKeyword$_click_closure1.call(ClickKeyword.groovy)
	at com.kms.katalon.core.webui.keyword.internal.WebUIKeywordMain.runKeyword(WebUIKeywordMain.groovy:20)
	at com.kms.katalon.core.webui.keyword.builtin.ClickKeyword.click(ClickKeyword.groovy:76)
	at com.kms.katalon.core.webui.keyword.builtin.ClickKeyword.execute(ClickKeyword.groovy:43)
	at com.kms.katalon.core.keyword.internal.KeywordExecutor.executeKeywordForPlatform(KeywordExecutor.groovy:72)
	at com.kms.katalon.core.webui.keyword.WebUiBuiltInKeywords.click(WebUiBuiltInKeywords.groovy:616)
	at com.kms.katalon.core.webui.keyword.WebUiBuiltInKeywords$click$0.call(Unknown Source)
	at Script1549506362832.run(Script1549506362832.groovy:28)
	... 13 more
)
[[ATTACHMENT|C:\\Katalon\\Arctick\\Reports\\20200319_141647\\Admin\\Admin Add Category\\20200319_141647\\1584599110707.png]]

2020-03-19 14:25:11 - [TEST_STEP][PASSED] - waitForPageLoad(0, STOP_ON_FAILURE): Wait for page load successfully

2020-03-19 14:25:11 - [MESSAGE][WARNING] - Timeout '0' is invalid. Using default page load timeout: '30'

2020-03-19 14:25:11 - [MESSAGE][PASSED] - Wait for page load successfully

2020-03-19 14:25:11 - [TEST_STEP][PASSED] - click(findTestObject("ADMIN/Categories/Category List/button_Add a Category")): Object: 'Object Repository/ADMIN/Categories/Category List/button_Add a Category' is clicked on

2020-03-19 14:25:11 - [MESSAGE][PASSED] - Object: 'Object Repository/ADMIN/Categories/Category List/button_Add a Category' is clicked on

2020-03-19 14:25:11 - [TEST_STEP][PASSED] - waitForElementPresent(findTestObject("ADMIN/Categories/Category/dropdown_Parent"), 2): Object 'Object Repository/ADMIN/Categories/Category/dropdown_Parent' is present

2020-03-19 14:25:11 - [MESSAGE][PASSED] - Object 'Object Repository/ADMIN/Categories/Category/dropdown_Parent' is present

2020-03-19 14:25:11 - [TEST_STEP][PASSED] - delay(1): Delayed 1 second(s)

2020-03-19 14:25:12 - [MESSAGE][PASSED] - Delayed 1 second(s)

2020-03-19 14:25:12 - [TEST_STEP][PASSED] - setText(findTestObject("ADMIN/Categories/Category/textfield_Category Name"), CategoryNametext): Text 'Category 5.1.1' is set on object 'Object Repository/ADMIN/Categories/Category/textfield_Category Name'

2020-03-19 14:25:12 - [MESSAGE][PASSED] - Text 'Category 5.1.1' is set on object 'Object Repository/ADMIN/Categories/Category/textfield_Category Name'

2020-03-19 14:25:12 - [TEST_STEP][PASSED] - click(findTestObject("ADMIN/Categories/Category/dropdown_Parent")): Object: 'Object Repository/ADMIN/Categories/Category/dropdown_Parent' is clicked on

2020-03-19 14:25:12 - [MESSAGE][PASSED] - Object: 'Object Repository/ADMIN/Categories/Category/dropdown_Parent' is clicked on

2020-03-19 14:25:12 - [TEST_STEP][PASSED] - delay(2): Delayed 2 second(s)

2020-03-19 14:25:14 - [MESSAGE][PASSED] - Delayed 2 second(s)

2020-03-19 14:25:14 - [TEST_STEP][PASSED] - click(findTestObject("ADMIN/Categories/Category/dropdown_Parent")): Object: 'Object Repository/ADMIN/Categories/Category/dropdown_Parent' is clicked on

2020-03-19 14:25:14 - [MESSAGE][PASSED] - Object: 'Object Repository/ADMIN/Categories/Category/dropdown_Parent' is clicked on

2020-03-19 14:25:14 - [TEST_STEP][PASSED] - selectOptionByLabel(findTestObject("ADMIN/Categories/Category/dropdown_Parent"), ParentName, false): All options with label 'Category 5.1' are selected in object 'Object Repository/ADMIN/Categories/Category/dropdown_Parent' 

2020-03-19 14:25:15 - [MESSAGE][PASSED] - All options with label 'Category 5.1' are selected in object 'Object Repository/ADMIN/Categories/Category/dropdown_Parent' 

2020-03-19 14:25:15 - [TEST_STEP][PASSED] - click(findTestObject("ADMIN/Categories/Category/button_Browse")): Object: 'Object Repository/ADMIN/Categories/Category/button_Browse' is clicked on

2020-03-19 14:25:15 - [MESSAGE][PASSED] - Object: 'Object Repository/ADMIN/Categories/Category/button_Browse' is clicked on

2020-03-19 14:25:15 - [TEST_STEP][PASSED] - delay(2): Delayed 2 second(s)

2020-03-19 14:25:17 - [MESSAGE][PASSED] - Delayed 2 second(s)

2020-03-19 14:25:17 - [TEST_STEP][PASSED] - uploadFile(findTestObject("ADMIN/Categories/Category/image_input image"), CategoryImageUpload): File 'C:\\Katalon\\Arctick\\Images\\Category\\5.png' sent to object: 'Object Repository/ADMIN/Categories/Category/image_input image'

2020-03-19 14:25:17 - [MESSAGE][PASSED] - File 'C:\\Katalon\\Arctick\\Images\\Category\\5.png' sent to object: 'Object Repository/ADMIN/Categories/Category/image_input image'

2020-03-19 14:25:17 - [TEST_STEP][PASSED] - waitForElementVisible(findTestObject("ADMIN/Categories/Category/button_upload check"), 0): Object 'Object Repository/ADMIN/Categories/Category/button_upload check' is visible

2020-03-19 14:25:17 - [MESSAGE][WARNING] - Timeout '0' is invalid. Using default page load timeout: '30'

2020-03-19 14:25:17 - [MESSAGE][PASSED] - Object 'Object Repository/ADMIN/Categories/Category/button_upload check' is visible

2020-03-19 14:25:17 - [TEST_STEP][PASSED] - click(findTestObject("ADMIN/Categories/Category/button_upload check")): Object: 'Object Repository/ADMIN/Categories/Category/button_upload check' is clicked on

2020-03-19 14:25:17 - [MESSAGE][PASSED] - Object: 'Object Repository/ADMIN/Categories/Category/button_upload check' is clicked on

2020-03-19 14:25:17 - [TEST_STEP][PASSED] - waitForElementVisible(findTestObject("ADMIN/Categories/Category/button_upload save"), 0): Object 'Object Repository/ADMIN/Categories/Category/button_upload save' is visible

2020-03-19 14:25:17 - [MESSAGE][WARNING] - Timeout '0' is invalid. Using default page load timeout: '30'

2020-03-19 14:25:17 - [MESSAGE][PASSED] - Object 'Object Repository/ADMIN/Categories/Category/button_upload save' is visible

2020-03-19 14:25:17 - [TEST_STEP][PASSED] - click(findTestObject("ADMIN/Categories/Category/button_upload save")): Object: 'Object Repository/ADMIN/Categories/Category/button_upload save' is clicked on

2020-03-19 14:25:18 - [MESSAGE][PASSED] - Object: 'Object Repository/ADMIN/Categories/Category/button_upload save' is clicked on

2020-03-19 14:25:18 - [TEST_STEP][PASSED] - setText(findTestObject("ADMIN/Categories/Category/textfield_category_description"), Description): Text 'Description33' is set on object 'Object Repository/ADMIN/Categories/Category/textfield_category_description'

2020-03-19 14:25:18 - [MESSAGE][PASSED] - Text 'Description33' is set on object 'Object Repository/ADMIN/Categories/Category/textfield_category_description'

2020-03-19 14:25:18 - [TEST_STEP][PASSED] - click(findTestObject("ADMIN/Categories/Category/button_Save")): Object: 'Object Repository/ADMIN/Categories/Category/button_Save' is clicked on

2020-03-19 14:25:18 - [MESSAGE][PASSED] - Object: 'Object Repository/ADMIN/Categories/Category/button_Save' is clicked on

2020-03-19 14:25:18 - [TEST_STEP][PASSED] - waitForElementVisible(findTestObject("ADMIN/Categories/Category/label_edit popup"), 0): Object 'Object Repository/ADMIN/Categories/Category/label_edit popup' is visible

2020-03-19 14:25:18 - [MESSAGE][WARNING] - Timeout '0' is invalid. Using default page load timeout: '30'

2020-03-19 14:25:19 - [MESSAGE][PASSED] - Object 'Object Repository/ADMIN/Categories/Category/label_edit popup' is visible

2020-03-19 14:25:19 - [TEST_STEP][PASSED] - waitForElementNotPresent(findTestObject("ADMIN/Categories/Category/label_edit popup"), 0): Web element with id: 'Object Repository/ADMIN/Categories/Category/label_edit popup' located by 'By.xpath: //div[(text() = 'Category was successfully saved.' or . = 'Category was successfully saved.')]' is not present after '30' second(s)

2020-03-19 14:25:19 - [MESSAGE][WARNING] - Timeout '0' is invalid. Using default page load timeout: '30'

2020-03-19 14:25:25 - [MESSAGE][PASSED] - Web element with id: 'Object Repository/ADMIN/Categories/Category/label_edit popup' located by 'By.xpath: //div[(text() = 'Category was successfully saved.' or . = 'Category was successfully saved.')]' is not present after '30' second(s)]]></system-out>
         <system-err><![CDATA[2020-03-19 14:25:10 - [TEST_CASE][FAILED] - Test Cases/ADMIN/Content Mgmt/Categories/Category Add-Edit/Add Category: Test Cases/ADMIN/Content Mgmt/Categories/Category Add-Edit/Add Category FAILED.
Reason:
com.kms.katalon.core.exception.StepFailedException: Unable to click on object 'Object Repository/ADMIN/Categories/Category List/button_Categories' (Root cause: com.kms.katalon.core.exception.StepFailedException: Unable to click on object 'Object Repository/ADMIN/Categories/Category List/button_Categories'
	at com.kms.katalon.core.webui.keyword.internal.WebUIKeywordMain.stepFailed(WebUIKeywordMain.groovy:64)
	at com.kms.katalon.core.webui.keyword.internal.WebUIKeywordMain.runKeyword(WebUIKeywordMain.groovy:26)
	at com.kms.katalon.core.webui.keyword.builtin.ClickKeyword.click(ClickKeyword.groovy:76)
	at com.kms.katalon.core.webui.keyword.builtin.ClickKeyword.execute(ClickKeyword.groovy:43)
	at com.kms.katalon.core.keyword.internal.KeywordExecutor.executeKeywordForPlatform(KeywordExecutor.groovy:72)
	at com.kms.katalon.core.webui.keyword.WebUiBuiltInKeywords.click(WebUiBuiltInKeywords.groovy:616)
	at com.kms.katalon.core.webui.keyword.WebUiBuiltInKeywords$click$0.call(Unknown Source)
	at Add Category.run(Add Category:28)
	at com.kms.katalon.core.main.ScriptEngine.run(ScriptEngine.java:194)
	at com.kms.katalon.core.main.ScriptEngine.runScriptAsRawText(ScriptEngine.java:119)
	at com.kms.katalon.core.main.TestCaseExecutor.runScript(TestCaseExecutor.java:337)
	at com.kms.katalon.core.main.TestCaseExecutor.doExecute(TestCaseExecutor.java:328)
	at com.kms.katalon.core.main.TestCaseExecutor.processExecutionPhase(TestCaseExecutor.java:307)
	at com.kms.katalon.core.main.TestCaseExecutor.accessMainPhase(TestCaseExecutor.java:299)
	at com.kms.katalon.core.main.TestCaseExecutor.execute(TestCaseExecutor.java:233)
	at com.kms.katalon.core.main.TestSuiteExecutor.accessTestCaseMainPhase(TestSuiteExecutor.java:169)
	at com.kms.katalon.core.main.TestSuiteExecutor.accessTestSuiteMainPhase(TestSuiteExecutor.java:142)
	at com.kms.katalon.core.main.TestSuiteExecutor.execute(TestSuiteExecutor.java:91)
	at com.kms.katalon.core.main.TestCaseMain.startTestSuite(TestCaseMain.java:157)
	at com.kms.katalon.core.main.TestCaseMain$startTestSuite$0.call(Unknown Source)
	at TempTestSuite1584598607274.run(TempTestSuite1584598607274.groovy:36)
Caused by: org.openqa.selenium.ElementNotInteractableException: element not interactable
  (Session info: chrome=80.0.3987.132)
Build info: version: '3.141.59', revision: 'e82be7d358', time: '2018-11-14T08:25:53'
System info: host: 'ARCADIER-03', ip: '192.168.254.105', os.name: 'Windows 7', os.arch: 'amd64', os.version: '6.1', java.version: '1.8.0_181'
Driver info: com.kms.katalon.core.webui.driver.ExistingRemoteWebDriver
Capabilities {javascriptEnabled: true, platform: ANY, platformName: ANY}
Session ID: 66da7635ded2d355388026ca8e7d8eff
	at org.openqa.selenium.remote.http.W3CHttpResponseCodec.createException(W3CHttpResponseCodec.java:187)
	at org.openqa.selenium.remote.http.W3CHttpResponseCodec.decode(W3CHttpResponseCodec.java:122)
	at org.openqa.selenium.remote.http.W3CHttpResponseCodec.decode(W3CHttpResponseCodec.java:49)
	at org.openqa.selenium.remote.HttpCommandExecutor.execute(HttpCommandExecutor.java:158)
	at org.openqa.selenium.remote.RemoteWebDriver.execute(RemoteWebDriver.java:552)
	at com.kms.katalon.core.webui.driver.ExistingRemoteWebDriver.execute(ExistingRemoteWebDriver.java:108)
	at org.openqa.selenium.remote.RemoteWebElement.execute(RemoteWebElement.java:285)
	at org.openqa.selenium.remote.RemoteWebElement.click(RemoteWebElement.java:84)
	at org.openqa.selenium.support.events.EventFiringWebDriver$EventFiringWebElement.lambda$new$0(EventFiringWebDriver.java:404)
	at com.sun.proxy.$Proxy9.click(Unknown Source)
	at org.openqa.selenium.support.events.EventFiringWebDriver$EventFiringWebElement.click(EventFiringWebDriver.java:417)
	at com.kms.katalon.core.webui.keyword.builtin.ClickKeyword$_click_closure1.doCall(ClickKeyword.groovy:69)
	at com.kms.katalon.core.webui.keyword.builtin.ClickKeyword$_click_closure1.call(ClickKeyword.groovy)
	at com.kms.katalon.core.webui.keyword.internal.WebUIKeywordMain.runKeyword(WebUIKeywordMain.groovy:20)
	at com.kms.katalon.core.webui.keyword.builtin.ClickKeyword.click(ClickKeyword.groovy:76)
	at com.kms.katalon.core.webui.keyword.builtin.ClickKeyword.execute(ClickKeyword.groovy:43)
	at com.kms.katalon.core.keyword.internal.KeywordExecutor.executeKeywordForPlatform(KeywordExecutor.groovy:72)
	at com.kms.katalon.core.webui.keyword.WebUiBuiltInKeywords.click(WebUiBuiltInKeywords.groovy:616)
	at com.kms.katalon.core.webui.keyword.WebUiBuiltInKeywords$click$0.call(Unknown Source)
	at Script1549506362832.run(Script1549506362832.groovy:28)
	... 13 more
)
	at com.kms.katalon.core.keyword.internal.KeywordMain.stepFailed(KeywordMain.groovy:39)
	at com.kms.katalon.core.webui.keyword.internal.WebUIKeywordMain.stepFailed(WebUIKeywordMain.groovy:64)
	at com.kms.katalon.core.webui.keyword.internal.WebUIKeywordMain.runKeyword(WebUIKeywordMain.groovy:26)
	at com.kms.katalon.core.webui.keyword.builtin.ClickKeyword.click(ClickKeyword.groovy:76)
	at com.kms.katalon.core.webui.keyword.builtin.ClickKeyword.execute(ClickKeyword.groovy:43)
	at com.kms.katalon.core.keyword.internal.KeywordExecutor.executeKeywordForPlatform(KeywordExecutor.groovy:72)
	at com.kms.katalon.core.webui.keyword.WebUiBuiltInKeywords.click(WebUiBuiltInKeywords.groovy:616)
	at com.kms.katalon.core.webui.keyword.WebUiBuiltInKeywords$click$0.call(Unknown Source)
	at Add Category.run(Add Category:28)
	at com.kms.katalon.core.main.ScriptEngine.run(ScriptEngine.java:194)
	at com.kms.katalon.core.main.ScriptEngine.runScriptAsRawText(ScriptEngine.java:119)
	at com.kms.katalon.core.main.TestCaseExecutor.runScript(TestCaseExecutor.java:337)
	at com.kms.katalon.core.main.TestCaseExecutor.doExecute(TestCaseExecutor.java:328)
	at com.kms.katalon.core.main.TestCaseExecutor.processExecutionPhase(TestCaseExecutor.java:307)
	at com.kms.katalon.core.main.TestCaseExecutor.accessMainPhase(TestCaseExecutor.java:299)
	at com.kms.katalon.core.main.TestCaseExecutor.execute(TestCaseExecutor.java:233)
	at com.kms.katalon.core.main.TestSuiteExecutor.accessTestCaseMainPhase(TestSuiteExecutor.java:169)
	at com.kms.katalon.core.main.TestSuiteExecutor.accessTestSuiteMainPhase(TestSuiteExecutor.java:142)
	at com.kms.katalon.core.main.TestSuiteExecutor.execute(TestSuiteExecutor.java:91)
	at com.kms.katalon.core.main.TestCaseMain.startTestSuite(TestCaseMain.java:157)
	at com.kms.katalon.core.main.TestCaseMain$startTestSuite$0.call(Unknown Source)
	at TempTestSuite1584598607274.run(TempTestSuite1584598607274.groovy:36)
Caused by: com.kms.katalon.core.exception.StepFailedException: Unable to click on object 'Object Repository/ADMIN/Categories/Category List/button_Categories'
	... 21 more
Caused by: org.openqa.selenium.ElementNotInteractableException: element not interactable
  (Session info: chrome=80.0.3987.132)
Build info: version: '3.141.59', revision: 'e82be7d358', time: '2018-11-14T08:25:53'
System info: host: 'ARCADIER-03', ip: '192.168.254.105', os.name: 'Windows 7', os.arch: 'amd64', os.version: '6.1', java.version: '1.8.0_181'
Driver info: com.kms.katalon.core.webui.driver.ExistingRemoteWebDriver
Capabilities {javascriptEnabled: true, platform: ANY, platformName: ANY}
Session ID: 66da7635ded2d355388026ca8e7d8eff
	at org.openqa.selenium.remote.http.W3CHttpResponseCodec.createException(W3CHttpResponseCodec.java:187)
	at org.openqa.selenium.remote.http.W3CHttpResponseCodec.decode(W3CHttpResponseCodec.java:122)
	at org.openqa.selenium.remote.http.W3CHttpResponseCodec.decode(W3CHttpResponseCodec.java:49)
	at org.openqa.selenium.remote.HttpCommandExecutor.execute(HttpCommandExecutor.java:158)
	at org.openqa.selenium.remote.RemoteWebDriver.execute(RemoteWebDriver.java:552)
	at com.kms.katalon.core.webui.driver.ExistingRemoteWebDriver.execute(ExistingRemoteWebDriver.java:108)
	at org.openqa.selenium.remote.RemoteWebElement.execute(RemoteWebElement.java:285)
	at org.openqa.selenium.remote.RemoteWebElement.click(RemoteWebElement.java:84)
	at org.openqa.selenium.support.events.EventFiringWebDriver$EventFiringWebElement.lambda$new$0(EventFiringWebDriver.java:404)
	at com.sun.proxy.$Proxy9.click(Unknown Source)
	at org.openqa.selenium.support.events.EventFiringWebDriver$EventFiringWebElement.click(EventFiringWebDriver.java:417)
	at com.kms.katalon.core.webui.keyword.builtin.ClickKeyword$_click_closure1.doCall(ClickKeyword.groovy:69)
	at com.kms.katalon.core.webui.keyword.builtin.ClickKeyword$_click_closure1.call(ClickKeyword.groovy)
	at com.kms.katalon.core.webui.keyword.internal.WebUIKeywordMain.runKeyword(WebUIKeywordMain.groovy:20)
	... 19 more]]></system-err>
      </testcase>
      <testcase name="Test Cases/ADMIN/Content Mgmt/Categories/Category Add-Edit/Add Category" time="14.724" classname="Test Cases/ADMIN/Content Mgmt/Categories/Category Add-Edit/Add Category" status="FAILED">
         <failure type="FAILED" message="Test Cases/ADMIN/Content Mgmt/Categories/Category Add-Edit/Add Category FAILED.
Reason:
com.kms.katalon.core.exception.StepFailedException: Unable to click on object 'Object Repository/ADMIN/Categories/Category List/button_Categories' (Root cause: com.kms.katalon.core.exception.StepFailedException: Unable to click on object 'Object Repository/ADMIN/Categories/Category List/button_Categories'
	at com.kms.katalon.core.webui.keyword.internal.WebUIKeywordMain.stepFailed(WebUIKeywordMain.groovy:64)
	at com.kms.katalon.core.webui.keyword.internal.WebUIKeywordMain.runKeyword(WebUIKeywordMain.groovy:26)
	at com.kms.katalon.core.webui.keyword.builtin.ClickKeyword.click(ClickKeyword.groovy:76)
	at com.kms.katalon.core.webui.keyword.builtin.ClickKeyword.execute(ClickKeyword.groovy:43)
	at com.kms.katalon.core.keyword.internal.KeywordExecutor.executeKeywordForPlatform(KeywordExecutor.groovy:72)
	at com.kms.katalon.core.webui.keyword.WebUiBuiltInKeywords.click(WebUiBuiltInKeywords.groovy:616)
	at com.kms.katalon.core.webui.keyword.WebUiBuiltInKeywords$click$0.call(Unknown Source)
	at Add Category.run(Add Category:28)
	at com.kms.katalon.core.main.ScriptEngine.run(ScriptEngine.java:194)
	at com.kms.katalon.core.main.ScriptEngine.runScriptAsRawText(ScriptEngine.java:119)
	at com.kms.katalon.core.main.TestCaseExecutor.runScript(TestCaseExecutor.java:337)
	at com.kms.katalon.core.main.TestCaseExecutor.doExecute(TestCaseExecutor.java:328)
	at com.kms.katalon.core.main.TestCaseExecutor.processExecutionPhase(TestCaseExecutor.java:307)
	at com.kms.katalon.core.main.TestCaseExecutor.accessMainPhase(TestCaseExecutor.java:299)
	at com.kms.katalon.core.main.TestCaseExecutor.execute(TestCaseExecutor.java:233)
	at com.kms.katalon.core.main.TestSuiteExecutor.accessTestCaseMainPhase(TestSuiteExecutor.java:169)
	at com.kms.katalon.core.main.TestSuiteExecutor.accessTestSuiteMainPhase(TestSuiteExecutor.java:142)
	at com.kms.katalon.core.main.TestSuiteExecutor.execute(TestSuiteExecutor.java:91)
	at com.kms.katalon.core.main.TestCaseMain.startTestSuite(TestCaseMain.java:157)
	at com.kms.katalon.core.main.TestCaseMain$startTestSuite$0.call(Unknown Source)
	at TempTestSuite1584598607274.run(TempTestSuite1584598607274.groovy:36)
Caused by: org.openqa.selenium.ElementNotInteractableException: element not interactable
  (Session info: chrome=80.0.3987.132)
Build info: version: '3.141.59', revision: 'e82be7d358', time: '2018-11-14T08:25:53'
System info: host: 'ARCADIER-03', ip: '192.168.254.105', os.name: 'Windows 7', os.arch: 'amd64', os.version: '6.1', java.version: '1.8.0_181'
Driver info: com.kms.katalon.core.webui.driver.ExistingRemoteWebDriver
Capabilities {javascriptEnabled: true, platform: ANY, platformName: ANY}
Session ID: 66da7635ded2d355388026ca8e7d8eff
	at org.openqa.selenium.remote.http.W3CHttpResponseCodec.createException(W3CHttpResponseCodec.java:187)
	at org.openqa.selenium.remote.http.W3CHttpResponseCodec.decode(W3CHttpResponseCodec.java:122)
	at org.openqa.selenium.remote.http.W3CHttpResponseCodec.decode(W3CHttpResponseCodec.java:49)
	at org.openqa.selenium.remote.HttpCommandExecutor.execute(HttpCommandExecutor.java:158)
	at org.openqa.selenium.remote.RemoteWebDriver.execute(RemoteWebDriver.java:552)
	at com.kms.katalon.core.webui.driver.ExistingRemoteWebDriver.execute(ExistingRemoteWebDriver.java:108)
	at org.openqa.selenium.remote.RemoteWebElement.execute(RemoteWebElement.java:285)
	at org.openqa.selenium.remote.RemoteWebElement.click(RemoteWebElement.java:84)
	at org.openqa.selenium.support.events.EventFiringWebDriver$EventFiringWebElement.lambda$new$0(EventFiringWebDriver.java:404)
	at com.sun.proxy.$Proxy9.click(Unknown Source)
	at org.openqa.selenium.support.events.EventFiringWebDriver$EventFiringWebElement.click(EventFiringWebDriver.java:417)
	at com.kms.katalon.core.webui.keyword.builtin.ClickKeyword$_click_closure1.doCall(ClickKeyword.groovy:69)
	at com.kms.katalon.core.webui.keyword.builtin.ClickKeyword$_click_closure1.call(ClickKeyword.groovy)
	at com.kms.katalon.core.webui.keyword.internal.WebUIKeywordMain.runKeyword(WebUIKeywordMain.groovy:20)
	at com.kms.katalon.core.webui.keyword.builtin.ClickKeyword.click(ClickKeyword.groovy:76)
	at com.kms.katalon.core.webui.keyword.builtin.ClickKeyword.execute(ClickKeyword.groovy:43)
	at com.kms.katalon.core.keyword.internal.KeywordExecutor.executeKeywordForPlatform(KeywordExecutor.groovy:72)
	at com.kms.katalon.core.webui.keyword.WebUiBuiltInKeywords.click(WebUiBuiltInKeywords.groovy:616)
	at com.kms.katalon.core.webui.keyword.WebUiBuiltInKeywords$click$0.call(Unknown Source)
	at Script1549506362832.run(Script1549506362832.groovy:28)
	... 13 more
)
	at com.kms.katalon.core.keyword.internal.KeywordMain.stepFailed(KeywordMain.groovy:39)
	at com.kms.katalon.core.webui.keyword.internal.WebUIKeywordMain.stepFailed(WebUIKeywordMain.groovy:64)
	at com.kms.katalon.core.webui.keyword.internal.WebUIKeywordMain.runKeyword(WebUIKeywordMain.groovy:26)
	at com.kms.katalon.core.webui.keyword.builtin.ClickKeyword.click(ClickKeyword.groovy:76)
	at com.kms.katalon.core.webui.keyword.builtin.ClickKeyword.execute(ClickKeyword.groovy:43)
	at com.kms.katalon.core.keyword.internal.KeywordExecutor.executeKeywordForPlatform(KeywordExecutor.groovy:72)
	at com.kms.katalon.core.webui.keyword.WebUiBuiltInKeywords.click(WebUiBuiltInKeywords.groovy:616)
	at com.kms.katalon.core.webui.keyword.WebUiBuiltInKeywords$click$0.call(Unknown Source)
	at Add Category.run(Add Category:28)
	at com.kms.katalon.core.main.ScriptEngine.run(ScriptEngine.java:194)
	at com.kms.katalon.core.main.ScriptEngine.runScriptAsRawText(ScriptEngine.java:119)
	at com.kms.katalon.core.main.TestCaseExecutor.runScript(TestCaseExecutor.java:337)
	at com.kms.katalon.core.main.TestCaseExecutor.doExecute(TestCaseExecutor.java:328)
	at com.kms.katalon.core.main.TestCaseExecutor.processExecutionPhase(TestCaseExecutor.java:307)
	at com.kms.katalon.core.main.TestCaseExecutor.accessMainPhase(TestCaseExecutor.java:299)
	at com.kms.katalon.core.main.TestCaseExecutor.execute(TestCaseExecutor.java:233)
	at com.kms.katalon.core.main.TestSuiteExecutor.accessTestCaseMainPhase(TestSuiteExecutor.java:169)
	at com.kms.katalon.core.main.TestSuiteExecutor.accessTestSuiteMainPhase(TestSuiteExecutor.java:142)
	at com.kms.katalon.core.main.TestSuiteExecutor.execute(TestSuiteExecutor.java:91)
	at com.kms.katalon.core.main.TestCaseMain.startTestSuite(TestCaseMain.java:157)
	at com.kms.katalon.core.main.TestCaseMain$startTestSuite$0.call(Unknown Source)
	at TempTestSuite1584598607274.run(TempTestSuite1584598607274.groovy:36)
Caused by: com.kms.katalon.core.exception.StepFailedException: Unable to click on object 'Object Repository/ADMIN/Categories/Category List/button_Categories'
	... 21 more
Caused by: org.openqa.selenium.ElementNotInteractableException: element not interactable
  (Session info: chrome=80.0.3987.132)
Build info: version: '3.141.59', revision: 'e82be7d358', time: '2018-11-14T08:25:53'
System info: host: 'ARCADIER-03', ip: '192.168.254.105', os.name: 'Windows 7', os.arch: 'amd64', os.version: '6.1', java.version: '1.8.0_181'
Driver info: com.kms.katalon.core.webui.driver.ExistingRemoteWebDriver
Capabilities {javascriptEnabled: true, platform: ANY, platformName: ANY}
Session ID: 66da7635ded2d355388026ca8e7d8eff
	at org.openqa.selenium.remote.http.W3CHttpResponseCodec.createException(W3CHttpResponseCodec.java:187)
	at org.openqa.selenium.remote.http.W3CHttpResponseCodec.decode(W3CHttpResponseCodec.java:122)
	at org.openqa.selenium.remote.http.W3CHttpResponseCodec.decode(W3CHttpResponseCodec.java:49)
	at org.openqa.selenium.remote.HttpCommandExecutor.execute(HttpCommandExecutor.java:158)
	at org.openqa.selenium.remote.RemoteWebDriver.execute(RemoteWebDriver.java:552)
	at com.kms.katalon.core.webui.driver.ExistingRemoteWebDriver.execute(ExistingRemoteWebDriver.java:108)
	at org.openqa.selenium.remote.RemoteWebElement.execute(RemoteWebElement.java:285)
	at org.openqa.selenium.remote.RemoteWebElement.click(RemoteWebElement.java:84)
	at org.openqa.selenium.support.events.EventFiringWebDriver$EventFiringWebElement.lambda$new$0(EventFiringWebDriver.java:404)
	at com.sun.proxy.$Proxy9.click(Unknown Source)
	at org.openqa.selenium.support.events.EventFiringWebDriver$EventFiringWebElement.click(EventFiringWebDriver.java:417)
	at com.kms.katalon.core.webui.keyword.builtin.ClickKeyword$_click_closure1.doCall(ClickKeyword.groovy:69)
	at com.kms.katalon.core.webui.keyword.builtin.ClickKeyword$_click_closure1.call(ClickKeyword.groovy)
	at com.kms.katalon.core.webui.keyword.internal.WebUIKeywordMain.runKeyword(WebUIKeywordMain.groovy:20)
	... 19 more
"/>
         <system-out><![CDATA[2020-03-19 14:25:25 - [TEST_CASE][FAILED] - Test Cases/ADMIN/Content Mgmt/Categories/Category Add-Edit/Add Category: Test Cases/ADMIN/Content Mgmt/Categories/Category Add-Edit/Add Category FAILED.
Reason:
com.kms.katalon.core.exception.StepFailedException: Unable to click on object 'Object Repository/ADMIN/Categories/Category List/button_Categories' (Root cause: com.kms.katalon.core.exception.StepFailedException: Unable to click on object 'Object Repository/ADMIN/Categories/Category List/button_Categories'
	at com.kms.katalon.core.webui.keyword.internal.WebUIKeywordMain.stepFailed(WebUIKeywordMain.groovy:64)
	at com.kms.katalon.core.webui.keyword.internal.WebUIKeywordMain.runKeyword(WebUIKeywordMain.groovy:26)
	at com.kms.katalon.core.webui.keyword.builtin.ClickKeyword.click(ClickKeyword.groovy:76)
	at com.kms.katalon.core.webui.keyword.builtin.ClickKeyword.execute(ClickKeyword.groovy:43)
	at com.kms.katalon.core.keyword.internal.KeywordExecutor.executeKeywordForPlatform(KeywordExecutor.groovy:72)
	at com.kms.katalon.core.webui.keyword.WebUiBuiltInKeywords.click(WebUiBuiltInKeywords.groovy:616)
	at com.kms.katalon.core.webui.keyword.WebUiBuiltInKeywords$click$0.call(Unknown Source)
	at Add Category.run(Add Category:28)
	at com.kms.katalon.core.main.ScriptEngine.run(ScriptEngine.java:194)
	at com.kms.katalon.core.main.ScriptEngine.runScriptAsRawText(ScriptEngine.java:119)
	at com.kms.katalon.core.main.TestCaseExecutor.runScript(TestCaseExecutor.java:337)
	at com.kms.katalon.core.main.TestCaseExecutor.doExecute(TestCaseExecutor.java:328)
	at com.kms.katalon.core.main.TestCaseExecutor.processExecutionPhase(TestCaseExecutor.java:307)
	at com.kms.katalon.core.main.TestCaseExecutor.accessMainPhase(TestCaseExecutor.java:299)
	at com.kms.katalon.core.main.TestCaseExecutor.execute(TestCaseExecutor.java:233)
	at com.kms.katalon.core.main.TestSuiteExecutor.accessTestCaseMainPhase(TestSuiteExecutor.java:169)
	at com.kms.katalon.core.main.TestSuiteExecutor.accessTestSuiteMainPhase(TestSuiteExecutor.java:142)
	at com.kms.katalon.core.main.TestSuiteExecutor.execute(TestSuiteExecutor.java:91)
	at com.kms.katalon.core.main.TestCaseMain.startTestSuite(TestCaseMain.java:157)
	at com.kms.katalon.core.main.TestCaseMain$startTestSuite$0.call(Unknown Source)
	at TempTestSuite1584598607274.run(TempTestSuite1584598607274.groovy:36)
Caused by: org.openqa.selenium.ElementNotInteractableException: element not interactable
  (Session info: chrome=80.0.3987.132)
Build info: version: '3.141.59', revision: 'e82be7d358', time: '2018-11-14T08:25:53'
System info: host: 'ARCADIER-03', ip: '192.168.254.105', os.name: 'Windows 7', os.arch: 'amd64', os.version: '6.1', java.version: '1.8.0_181'
Driver info: com.kms.katalon.core.webui.driver.ExistingRemoteWebDriver
Capabilities {javascriptEnabled: true, platform: ANY, platformName: ANY}
Session ID: 66da7635ded2d355388026ca8e7d8eff
	at org.openqa.selenium.remote.http.W3CHttpResponseCodec.createException(W3CHttpResponseCodec.java:187)
	at org.openqa.selenium.remote.http.W3CHttpResponseCodec.decode(W3CHttpResponseCodec.java:122)
	at org.openqa.selenium.remote.http.W3CHttpResponseCodec.decode(W3CHttpResponseCodec.java:49)
	at org.openqa.selenium.remote.HttpCommandExecutor.execute(HttpCommandExecutor.java:158)
	at org.openqa.selenium.remote.RemoteWebDriver.execute(RemoteWebDriver.java:552)
	at com.kms.katalon.core.webui.driver.ExistingRemoteWebDriver.execute(ExistingRemoteWebDriver.java:108)
	at org.openqa.selenium.remote.RemoteWebElement.execute(RemoteWebElement.java:285)
	at org.openqa.selenium.remote.RemoteWebElement.click(RemoteWebElement.java:84)
	at org.openqa.selenium.support.events.EventFiringWebDriver$EventFiringWebElement.lambda$new$0(EventFiringWebDriver.java:404)
	at com.sun.proxy.$Proxy9.click(Unknown Source)
	at org.openqa.selenium.support.events.EventFiringWebDriver$EventFiringWebElement.click(EventFiringWebDriver.java:417)
	at com.kms.katalon.core.webui.keyword.builtin.ClickKeyword$_click_closure1.doCall(ClickKeyword.groovy:69)
	at com.kms.katalon.core.webui.keyword.builtin.ClickKeyword$_click_closure1.call(ClickKeyword.groovy)
	at com.kms.katalon.core.webui.keyword.internal.WebUIKeywordMain.runKeyword(WebUIKeywordMain.groovy:20)
	at com.kms.katalon.core.webui.keyword.builtin.ClickKeyword.click(ClickKeyword.groovy:76)
	at com.kms.katalon.core.webui.keyword.builtin.ClickKeyword.execute(ClickKeyword.groovy:43)
	at com.kms.katalon.core.keyword.internal.KeywordExecutor.executeKeywordForPlatform(KeywordExecutor.groovy:72)
	at com.kms.katalon.core.webui.keyword.WebUiBuiltInKeywords.click(WebUiBuiltInKeywords.groovy:616)
	at com.kms.katalon.core.webui.keyword.WebUiBuiltInKeywords$click$0.call(Unknown Source)
	at Script1549506362832.run(Script1549506362832.groovy:28)
	... 13 more
)
	at com.kms.katalon.core.keyword.internal.KeywordMain.stepFailed(KeywordMain.groovy:39)
	at com.kms.katalon.core.webui.keyword.internal.WebUIKeywordMain.stepFailed(WebUIKeywordMain.groovy:64)
	at com.kms.katalon.core.webui.keyword.internal.WebUIKeywordMain.runKeyword(WebUIKeywordMain.groovy:26)
	at com.kms.katalon.core.webui.keyword.builtin.ClickKeyword.click(ClickKeyword.groovy:76)
	at com.kms.katalon.core.webui.keyword.builtin.ClickKeyword.execute(ClickKeyword.groovy:43)
	at com.kms.katalon.core.keyword.internal.KeywordExecutor.executeKeywordForPlatform(KeywordExecutor.groovy:72)
	at com.kms.katalon.core.webui.keyword.WebUiBuiltInKeywords.click(WebUiBuiltInKeywords.groovy:616)
	at com.kms.katalon.core.webui.keyword.WebUiBuiltInKeywords$click$0.call(Unknown Source)
	at Add Category.run(Add Category:28)
	at com.kms.katalon.core.main.ScriptEngine.run(ScriptEngine.java:194)
	at com.kms.katalon.core.main.ScriptEngine.runScriptAsRawText(ScriptEngine.java:119)
	at com.kms.katalon.core.main.TestCaseExecutor.runScript(TestCaseExecutor.java:337)
	at com.kms.katalon.core.main.TestCaseExecutor.doExecute(TestCaseExecutor.java:328)
	at com.kms.katalon.core.main.TestCaseExecutor.processExecutionPhase(TestCaseExecutor.java:307)
	at com.kms.katalon.core.main.TestCaseExecutor.accessMainPhase(TestCaseExecutor.java:299)
	at com.kms.katalon.core.main.TestCaseExecutor.execute(TestCaseExecutor.java:233)
	at com.kms.katalon.core.main.TestSuiteExecutor.accessTestCaseMainPhase(TestSuiteExecutor.java:169)
	at com.kms.katalon.core.main.TestSuiteExecutor.accessTestSuiteMainPhase(TestSuiteExecutor.java:142)
	at com.kms.katalon.core.main.TestSuiteExecutor.execute(TestSuiteExecutor.java:91)
	at com.kms.katalon.core.main.TestCaseMain.startTestSuite(TestCaseMain.java:157)
	at com.kms.katalon.core.main.TestCaseMain$startTestSuite$0.call(Unknown Source)
	at TempTestSuite1584598607274.run(TempTestSuite1584598607274.groovy:36)
Caused by: com.kms.katalon.core.exception.StepFailedException: Unable to click on object 'Object Repository/ADMIN/Categories/Category List/button_Categories'
	... 21 more
Caused by: org.openqa.selenium.ElementNotInteractableException: element not interactable
  (Session info: chrome=80.0.3987.132)
Build info: version: '3.141.59', revision: 'e82be7d358', time: '2018-11-14T08:25:53'
System info: host: 'ARCADIER-03', ip: '192.168.254.105', os.name: 'Windows 7', os.arch: 'amd64', os.version: '6.1', java.version: '1.8.0_181'
Driver info: com.kms.katalon.core.webui.driver.ExistingRemoteWebDriver
Capabilities {javascriptEnabled: true, platform: ANY, platformName: ANY}
Session ID: 66da7635ded2d355388026ca8e7d8eff
	at org.openqa.selenium.remote.http.W3CHttpResponseCodec.createException(W3CHttpResponseCodec.java:187)
	at org.openqa.selenium.remote.http.W3CHttpResponseCodec.decode(W3CHttpResponseCodec.java:122)
	at org.openqa.selenium.remote.http.W3CHttpResponseCodec.decode(W3CHttpResponseCodec.java:49)
	at org.openqa.selenium.remote.HttpCommandExecutor.execute(HttpCommandExecutor.java:158)
	at org.openqa.selenium.remote.RemoteWebDriver.execute(RemoteWebDriver.java:552)
	at com.kms.katalon.core.webui.driver.ExistingRemoteWebDriver.execute(ExistingRemoteWebDriver.java:108)
	at org.openqa.selenium.remote.RemoteWebElement.execute(RemoteWebElement.java:285)
	at org.openqa.selenium.remote.RemoteWebElement.click(RemoteWebElement.java:84)
	at org.openqa.selenium.support.events.EventFiringWebDriver$EventFiringWebElement.lambda$new$0(EventFiringWebDriver.java:404)
	at com.sun.proxy.$Proxy9.click(Unknown Source)
	at org.openqa.selenium.support.events.EventFiringWebDriver$EventFiringWebElement.click(EventFiringWebDriver.java:417)
	at com.kms.katalon.core.webui.keyword.builtin.ClickKeyword$_click_closure1.doCall(ClickKeyword.groovy:69)
	at com.kms.katalon.core.webui.keyword.builtin.ClickKeyword$_click_closure1.call(ClickKeyword.groovy)
	at com.kms.katalon.core.webui.keyword.internal.WebUIKeywordMain.runKeyword(WebUIKeywordMain.groovy:20)
	... 19 more


2020-03-19 14:25:25 - [TEST_STEP][PASSED] - waitForElementVisible(findTestObject("ADMIN/Categories/Category List/button_Content Mgmt"), 0): Object 'Object Repository/ADMIN/Categories/Category List/button_Content Mgmt' is visible

2020-03-19 14:25:25 - [MESSAGE][WARNING] - Timeout '0' is invalid. Using default page load timeout: '30'

2020-03-19 14:25:25 - [MESSAGE][PASSED] - Object 'Object Repository/ADMIN/Categories/Category List/button_Content Mgmt' is visible

2020-03-19 14:25:25 - [TEST_STEP][PASSED] - click(findTestObject("ADMIN/Categories/Category List/button_Content Mgmt")): Object: 'Object Repository/ADMIN/Categories/Category List/button_Content Mgmt' is clicked on

2020-03-19 14:25:25 - [MESSAGE][PASSED] - Object: 'Object Repository/ADMIN/Categories/Category List/button_Content Mgmt' is clicked on

2020-03-19 14:25:25 - [TEST_STEP][PASSED] - waitForElementVisible(findTestObject("ADMIN/Categories/Category List/button_Categories"), 0): Object 'Object Repository/ADMIN/Categories/Category List/button_Categories' is visible

2020-03-19 14:25:25 - [MESSAGE][WARNING] - Timeout '0' is invalid. Using default page load timeout: '30'

2020-03-19 14:25:25 - [MESSAGE][PASSED] - Object 'Object Repository/ADMIN/Categories/Category List/button_Categories' is visible

2020-03-19 14:25:25 - [TEST_STEP][FAILED] - click(findTestObject("ADMIN/Categories/Category List/button_Categories")): Unable to click on object 'Object Repository/ADMIN/Categories/Category List/button_Categories' (Root cause: com.kms.katalon.core.exception.StepFailedException: Unable to click on object 'Object Repository/ADMIN/Categories/Category List/button_Categories'
	at com.kms.katalon.core.webui.keyword.internal.WebUIKeywordMain.stepFailed(WebUIKeywordMain.groovy:64)
	at com.kms.katalon.core.webui.keyword.internal.WebUIKeywordMain.runKeyword(WebUIKeywordMain.groovy:26)
	at com.kms.katalon.core.webui.keyword.builtin.ClickKeyword.click(ClickKeyword.groovy:76)
	at com.kms.katalon.core.webui.keyword.builtin.ClickKeyword.execute(ClickKeyword.groovy:43)
	at com.kms.katalon.core.keyword.internal.KeywordExecutor.executeKeywordForPlatform(KeywordExecutor.groovy:72)
	at com.kms.katalon.core.webui.keyword.WebUiBuiltInKeywords.click(WebUiBuiltInKeywords.groovy:616)
	at com.kms.katalon.core.webui.keyword.WebUiBuiltInKeywords$click$0.call(Unknown Source)
	at Add Category.run(Add Category:28)
	at com.kms.katalon.core.main.ScriptEngine.run(ScriptEngine.java:194)
	at com.kms.katalon.core.main.ScriptEngine.runScriptAsRawText(ScriptEngine.java:119)
	at com.kms.katalon.core.main.TestCaseExecutor.runScript(TestCaseExecutor.java:337)
	at com.kms.katalon.core.main.TestCaseExecutor.doExecute(TestCaseExecutor.java:328)
	at com.kms.katalon.core.main.TestCaseExecutor.processExecutionPhase(TestCaseExecutor.java:307)
	at com.kms.katalon.core.main.TestCaseExecutor.accessMainPhase(TestCaseExecutor.java:299)
	at com.kms.katalon.core.main.TestCaseExecutor.execute(TestCaseExecutor.java:233)
	at com.kms.katalon.core.main.TestSuiteExecutor.accessTestCaseMainPhase(TestSuiteExecutor.java:169)
	at com.kms.katalon.core.main.TestSuiteExecutor.accessTestSuiteMainPhase(TestSuiteExecutor.java:142)
	at com.kms.katalon.core.main.TestSuiteExecutor.execute(TestSuiteExecutor.java:91)
	at com.kms.katalon.core.main.TestCaseMain.startTestSuite(TestCaseMain.java:157)
	at com.kms.katalon.core.main.TestCaseMain$startTestSuite$0.call(Unknown Source)
	at TempTestSuite1584598607274.run(TempTestSuite1584598607274.groovy:36)
Caused by: org.openqa.selenium.ElementNotInteractableException: element not interactable
  (Session info: chrome=80.0.3987.132)
Build info: version: '3.141.59', revision: 'e82be7d358', time: '2018-11-14T08:25:53'
System info: host: 'ARCADIER-03', ip: '192.168.254.105', os.name: 'Windows 7', os.arch: 'amd64', os.version: '6.1', java.version: '1.8.0_181'
Driver info: com.kms.katalon.core.webui.driver.ExistingRemoteWebDriver
Capabilities {javascriptEnabled: true, platform: ANY, platformName: ANY}
Session ID: 66da7635ded2d355388026ca8e7d8eff
	at org.openqa.selenium.remote.http.W3CHttpResponseCodec.createException(W3CHttpResponseCodec.java:187)
	at org.openqa.selenium.remote.http.W3CHttpResponseCodec.decode(W3CHttpResponseCodec.java:122)
	at org.openqa.selenium.remote.http.W3CHttpResponseCodec.decode(W3CHttpResponseCodec.java:49)
	at org.openqa.selenium.remote.HttpCommandExecutor.execute(HttpCommandExecutor.java:158)
	at org.openqa.selenium.remote.RemoteWebDriver.execute(RemoteWebDriver.java:552)
	at com.kms.katalon.core.webui.driver.ExistingRemoteWebDriver.execute(ExistingRemoteWebDriver.java:108)
	at org.openqa.selenium.remote.RemoteWebElement.execute(RemoteWebElement.java:285)
	at org.openqa.selenium.remote.RemoteWebElement.click(RemoteWebElement.java:84)
	at org.openqa.selenium.support.events.EventFiringWebDriver$EventFiringWebElement.lambda$new$0(EventFiringWebDriver.java:404)
	at com.sun.proxy.$Proxy9.click(Unknown Source)
	at org.openqa.selenium.support.events.EventFiringWebDriver$EventFiringWebElement.click(EventFiringWebDriver.java:417)
	at com.kms.katalon.core.webui.keyword.builtin.ClickKeyword$_click_closure1.doCall(ClickKeyword.groovy:69)
	at com.kms.katalon.core.webui.keyword.builtin.ClickKeyword$_click_closure1.call(ClickKeyword.groovy)
	at com.kms.katalon.core.webui.keyword.internal.WebUIKeywordMain.runKeyword(WebUIKeywordMain.groovy:20)
	at com.kms.katalon.core.webui.keyword.builtin.ClickKeyword.click(ClickKeyword.groovy:76)
	at com.kms.katalon.core.webui.keyword.builtin.ClickKeyword.execute(ClickKeyword.groovy:43)
	at com.kms.katalon.core.keyword.internal.KeywordExecutor.executeKeywordForPlatform(KeywordExecutor.groovy:72)
	at com.kms.katalon.core.webui.keyword.WebUiBuiltInKeywords.click(WebUiBuiltInKeywords.groovy:616)
	at com.kms.katalon.core.webui.keyword.WebUiBuiltInKeywords$click$0.call(Unknown Source)
	at Script1549506362832.run(Script1549506362832.groovy:28)
	... 13 more
)

2020-03-19 14:25:25 - [MESSAGE][FAILED] - Unable to click on object 'Object Repository/ADMIN/Categories/Category List/button_Categories' (Root cause: com.kms.katalon.core.exception.StepFailedException: Unable to click on object 'Object Repository/ADMIN/Categories/Category List/button_Categories'
	at com.kms.katalon.core.webui.keyword.internal.WebUIKeywordMain.stepFailed(WebUIKeywordMain.groovy:64)
	at com.kms.katalon.core.webui.keyword.internal.WebUIKeywordMain.runKeyword(WebUIKeywordMain.groovy:26)
	at com.kms.katalon.core.webui.keyword.builtin.ClickKeyword.click(ClickKeyword.groovy:76)
	at com.kms.katalon.core.webui.keyword.builtin.ClickKeyword.execute(ClickKeyword.groovy:43)
	at com.kms.katalon.core.keyword.internal.KeywordExecutor.executeKeywordForPlatform(KeywordExecutor.groovy:72)
	at com.kms.katalon.core.webui.keyword.WebUiBuiltInKeywords.click(WebUiBuiltInKeywords.groovy:616)
	at com.kms.katalon.core.webui.keyword.WebUiBuiltInKeywords$click$0.call(Unknown Source)
	at Add Category.run(Add Category:28)
	at com.kms.katalon.core.main.ScriptEngine.run(ScriptEngine.java:194)
	at com.kms.katalon.core.main.ScriptEngine.runScriptAsRawText(ScriptEngine.java:119)
	at com.kms.katalon.core.main.TestCaseExecutor.runScript(TestCaseExecutor.java:337)
	at com.kms.katalon.core.main.TestCaseExecutor.doExecute(TestCaseExecutor.java:328)
	at com.kms.katalon.core.main.TestCaseExecutor.processExecutionPhase(TestCaseExecutor.java:307)
	at com.kms.katalon.core.main.TestCaseExecutor.accessMainPhase(TestCaseExecutor.java:299)
	at com.kms.katalon.core.main.TestCaseExecutor.execute(TestCaseExecutor.java:233)
	at com.kms.katalon.core.main.TestSuiteExecutor.accessTestCaseMainPhase(TestSuiteExecutor.java:169)
	at com.kms.katalon.core.main.TestSuiteExecutor.accessTestSuiteMainPhase(TestSuiteExecutor.java:142)
	at com.kms.katalon.core.main.TestSuiteExecutor.execute(TestSuiteExecutor.java:91)
	at com.kms.katalon.core.main.TestCaseMain.startTestSuite(TestCaseMain.java:157)
	at com.kms.katalon.core.main.TestCaseMain$startTestSuite$0.call(Unknown Source)
	at TempTestSuite1584598607274.run(TempTestSuite1584598607274.groovy:36)
Caused by: org.openqa.selenium.ElementNotInteractableException: element not interactable
  (Session info: chrome=80.0.3987.132)
Build info: version: '3.141.59', revision: 'e82be7d358', time: '2018-11-14T08:25:53'
System info: host: 'ARCADIER-03', ip: '192.168.254.105', os.name: 'Windows 7', os.arch: 'amd64', os.version: '6.1', java.version: '1.8.0_181'
Driver info: com.kms.katalon.core.webui.driver.ExistingRemoteWebDriver
Capabilities {javascriptEnabled: true, platform: ANY, platformName: ANY}
Session ID: 66da7635ded2d355388026ca8e7d8eff
	at org.openqa.selenium.remote.http.W3CHttpResponseCodec.createException(W3CHttpResponseCodec.java:187)
	at org.openqa.selenium.remote.http.W3CHttpResponseCodec.decode(W3CHttpResponseCodec.java:122)
	at org.openqa.selenium.remote.http.W3CHttpResponseCodec.decode(W3CHttpResponseCodec.java:49)
	at org.openqa.selenium.remote.HttpCommandExecutor.execute(HttpCommandExecutor.java:158)
	at org.openqa.selenium.remote.RemoteWebDriver.execute(RemoteWebDriver.java:552)
	at com.kms.katalon.core.webui.driver.ExistingRemoteWebDriver.execute(ExistingRemoteWebDriver.java:108)
	at org.openqa.selenium.remote.RemoteWebElement.execute(RemoteWebElement.java:285)
	at org.openqa.selenium.remote.RemoteWebElement.click(RemoteWebElement.java:84)
	at org.openqa.selenium.support.events.EventFiringWebDriver$EventFiringWebElement.lambda$new$0(EventFiringWebDriver.java:404)
	at com.sun.proxy.$Proxy9.click(Unknown Source)
	at org.openqa.selenium.support.events.EventFiringWebDriver$EventFiringWebElement.click(EventFiringWebDriver.java:417)
	at com.kms.katalon.core.webui.keyword.builtin.ClickKeyword$_click_closure1.doCall(ClickKeyword.groovy:69)
	at com.kms.katalon.core.webui.keyword.builtin.ClickKeyword$_click_closure1.call(ClickKeyword.groovy)
	at com.kms.katalon.core.webui.keyword.internal.WebUIKeywordMain.runKeyword(WebUIKeywordMain.groovy:20)
	at com.kms.katalon.core.webui.keyword.builtin.ClickKeyword.click(ClickKeyword.groovy:76)
	at com.kms.katalon.core.webui.keyword.builtin.ClickKeyword.execute(ClickKeyword.groovy:43)
	at com.kms.katalon.core.keyword.internal.KeywordExecutor.executeKeywordForPlatform(KeywordExecutor.groovy:72)
	at com.kms.katalon.core.webui.keyword.WebUiBuiltInKeywords.click(WebUiBuiltInKeywords.groovy:616)
	at com.kms.katalon.core.webui.keyword.WebUiBuiltInKeywords$click$0.call(Unknown Source)
	at Script1549506362832.run(Script1549506362832.groovy:28)
	... 13 more
)
[[ATTACHMENT|C:\\Katalon\\Arctick\\Reports\\20200319_141647\\Admin\\Admin Add Category\\20200319_141647\\1584599125489.png]]

2020-03-19 14:25:25 - [TEST_STEP][PASSED] - waitForPageLoad(0, STOP_ON_FAILURE): Wait for page load successfully

2020-03-19 14:25:25 - [MESSAGE][WARNING] - Timeout '0' is invalid. Using default page load timeout: '30'

2020-03-19 14:25:25 - [MESSAGE][PASSED] - Wait for page load successfully

2020-03-19 14:25:25 - [TEST_STEP][PASSED] - click(findTestObject("ADMIN/Categories/Category List/button_Add a Category")): Object: 'Object Repository/ADMIN/Categories/Category List/button_Add a Category' is clicked on

2020-03-19 14:25:26 - [MESSAGE][PASSED] - Object: 'Object Repository/ADMIN/Categories/Category List/button_Add a Category' is clicked on

2020-03-19 14:25:26 - [TEST_STEP][PASSED] - waitForElementPresent(findTestObject("ADMIN/Categories/Category/dropdown_Parent"), 2): Object 'Object Repository/ADMIN/Categories/Category/dropdown_Parent' is present

2020-03-19 14:25:26 - [MESSAGE][PASSED] - Object 'Object Repository/ADMIN/Categories/Category/dropdown_Parent' is present

2020-03-19 14:25:26 - [TEST_STEP][PASSED] - delay(1): Delayed 1 second(s)

2020-03-19 14:25:27 - [MESSAGE][PASSED] - Delayed 1 second(s)

2020-03-19 14:25:27 - [TEST_STEP][PASSED] - setText(findTestObject("ADMIN/Categories/Category/textfield_Category Name"), CategoryNametext): Text 'Category 5.1.2' is set on object 'Object Repository/ADMIN/Categories/Category/textfield_Category Name'

2020-03-19 14:25:27 - [MESSAGE][PASSED] - Text 'Category 5.1.2' is set on object 'Object Repository/ADMIN/Categories/Category/textfield_Category Name'

2020-03-19 14:25:27 - [TEST_STEP][PASSED] - click(findTestObject("ADMIN/Categories/Category/dropdown_Parent")): Object: 'Object Repository/ADMIN/Categories/Category/dropdown_Parent' is clicked on

2020-03-19 14:25:27 - [MESSAGE][PASSED] - Object: 'Object Repository/ADMIN/Categories/Category/dropdown_Parent' is clicked on

2020-03-19 14:25:27 - [TEST_STEP][PASSED] - delay(2): Delayed 2 second(s)

2020-03-19 14:25:29 - [MESSAGE][PASSED] - Delayed 2 second(s)

2020-03-19 14:25:29 - [TEST_STEP][PASSED] - click(findTestObject("ADMIN/Categories/Category/dropdown_Parent")): Object: 'Object Repository/ADMIN/Categories/Category/dropdown_Parent' is clicked on

2020-03-19 14:25:29 - [MESSAGE][PASSED] - Object: 'Object Repository/ADMIN/Categories/Category/dropdown_Parent' is clicked on

2020-03-19 14:25:29 - [TEST_STEP][PASSED] - selectOptionByLabel(findTestObject("ADMIN/Categories/Category/dropdown_Parent"), ParentName, false): All options with label 'Category 5.1' are selected in object 'Object Repository/ADMIN/Categories/Category/dropdown_Parent' 

2020-03-19 14:25:29 - [MESSAGE][PASSED] - All options with label 'Category 5.1' are selected in object 'Object Repository/ADMIN/Categories/Category/dropdown_Parent' 

2020-03-19 14:25:29 - [TEST_STEP][PASSED] - click(findTestObject("ADMIN/Categories/Category/button_Browse")): Object: 'Object Repository/ADMIN/Categories/Category/button_Browse' is clicked on

2020-03-19 14:25:30 - [MESSAGE][PASSED] - Object: 'Object Repository/ADMIN/Categories/Category/button_Browse' is clicked on

2020-03-19 14:25:30 - [TEST_STEP][PASSED] - delay(2): Delayed 2 second(s)

2020-03-19 14:25:32 - [MESSAGE][PASSED] - Delayed 2 second(s)

2020-03-19 14:25:32 - [TEST_STEP][PASSED] - uploadFile(findTestObject("ADMIN/Categories/Category/image_input image"), CategoryImageUpload): File 'C:\\Katalon\\Arctick\\Images\\Category\\5.png' sent to object: 'Object Repository/ADMIN/Categories/Category/image_input image'

2020-03-19 14:25:32 - [MESSAGE][PASSED] - File 'C:\\Katalon\\Arctick\\Images\\Category\\5.png' sent to object: 'Object Repository/ADMIN/Categories/Category/image_input image'

2020-03-19 14:25:32 - [TEST_STEP][PASSED] - waitForElementVisible(findTestObject("ADMIN/Categories/Category/button_upload check"), 0): Object 'Object Repository/ADMIN/Categories/Category/button_upload check' is visible

2020-03-19 14:25:32 - [MESSAGE][WARNING] - Timeout '0' is invalid. Using default page load timeout: '30'

2020-03-19 14:25:32 - [MESSAGE][PASSED] - Object 'Object Repository/ADMIN/Categories/Category/button_upload check' is visible

2020-03-19 14:25:32 - [TEST_STEP][PASSED] - click(findTestObject("ADMIN/Categories/Category/button_upload check")): Object: 'Object Repository/ADMIN/Categories/Category/button_upload check' is clicked on

2020-03-19 14:25:32 - [MESSAGE][PASSED] - Object: 'Object Repository/ADMIN/Categories/Category/button_upload check' is clicked on

2020-03-19 14:25:32 - [TEST_STEP][PASSED] - waitForElementVisible(findTestObject("ADMIN/Categories/Category/button_upload save"), 0): Object 'Object Repository/ADMIN/Categories/Category/button_upload save' is visible

2020-03-19 14:25:32 - [MESSAGE][WARNING] - Timeout '0' is invalid. Using default page load timeout: '30'

2020-03-19 14:25:32 - [MESSAGE][PASSED] - Object 'Object Repository/ADMIN/Categories/Category/button_upload save' is visible

2020-03-19 14:25:32 - [TEST_STEP][PASSED] - click(findTestObject("ADMIN/Categories/Category/button_upload save")): Object: 'Object Repository/ADMIN/Categories/Category/button_upload save' is clicked on

2020-03-19 14:25:32 - [MESSAGE][PASSED] - Object: 'Object Repository/ADMIN/Categories/Category/button_upload save' is clicked on

2020-03-19 14:25:32 - [TEST_STEP][PASSED] - setText(findTestObject("ADMIN/Categories/Category/textfield_category_description"), Description): Text 'Description34' is set on object 'Object Repository/ADMIN/Categories/Category/textfield_category_description'

2020-03-19 14:25:33 - [MESSAGE][PASSED] - Text 'Description34' is set on object 'Object Repository/ADMIN/Categories/Category/textfield_category_description'

2020-03-19 14:25:33 - [TEST_STEP][PASSED] - click(findTestObject("ADMIN/Categories/Category/button_Save")): Object: 'Object Repository/ADMIN/Categories/Category/button_Save' is clicked on

2020-03-19 14:25:33 - [MESSAGE][PASSED] - Object: 'Object Repository/ADMIN/Categories/Category/button_Save' is clicked on

2020-03-19 14:25:33 - [TEST_STEP][PASSED] - waitForElementVisible(findTestObject("ADMIN/Categories/Category/label_edit popup"), 0): Object 'Object Repository/ADMIN/Categories/Category/label_edit popup' is visible

2020-03-19 14:25:33 - [MESSAGE][WARNING] - Timeout '0' is invalid. Using default page load timeout: '30'

2020-03-19 14:25:33 - [MESSAGE][PASSED] - Object 'Object Repository/ADMIN/Categories/Category/label_edit popup' is visible

2020-03-19 14:25:33 - [TEST_STEP][PASSED] - waitForElementNotPresent(findTestObject("ADMIN/Categories/Category/label_edit popup"), 0): Web element with id: 'Object Repository/ADMIN/Categories/Category/label_edit popup' located by 'By.xpath: //div[(text() = 'Category was successfully saved.' or . = 'Category was successfully saved.')]' is not present after '30' second(s)

2020-03-19 14:25:33 - [MESSAGE][WARNING] - Timeout '0' is invalid. Using default page load timeout: '30'

2020-03-19 14:25:39 - [MESSAGE][PASSED] - Web element with id: 'Object Repository/ADMIN/Categories/Category/label_edit popup' located by 'By.xpath: //div[(text() = 'Category was successfully saved.' or . = 'Category was successfully saved.')]' is not present after '30' second(s)]]></system-out>
         <system-err><![CDATA[2020-03-19 14:25:25 - [TEST_CASE][FAILED] - Test Cases/ADMIN/Content Mgmt/Categories/Category Add-Edit/Add Category: Test Cases/ADMIN/Content Mgmt/Categories/Category Add-Edit/Add Category FAILED.
Reason:
com.kms.katalon.core.exception.StepFailedException: Unable to click on object 'Object Repository/ADMIN/Categories/Category List/button_Categories' (Root cause: com.kms.katalon.core.exception.StepFailedException: Unable to click on object 'Object Repository/ADMIN/Categories/Category List/button_Categories'
	at com.kms.katalon.core.webui.keyword.internal.WebUIKeywordMain.stepFailed(WebUIKeywordMain.groovy:64)
	at com.kms.katalon.core.webui.keyword.internal.WebUIKeywordMain.runKeyword(WebUIKeywordMain.groovy:26)
	at com.kms.katalon.core.webui.keyword.builtin.ClickKeyword.click(ClickKeyword.groovy:76)
	at com.kms.katalon.core.webui.keyword.builtin.ClickKeyword.execute(ClickKeyword.groovy:43)
	at com.kms.katalon.core.keyword.internal.KeywordExecutor.executeKeywordForPlatform(KeywordExecutor.groovy:72)
	at com.kms.katalon.core.webui.keyword.WebUiBuiltInKeywords.click(WebUiBuiltInKeywords.groovy:616)
	at com.kms.katalon.core.webui.keyword.WebUiBuiltInKeywords$click$0.call(Unknown Source)
	at Add Category.run(Add Category:28)
	at com.kms.katalon.core.main.ScriptEngine.run(ScriptEngine.java:194)
	at com.kms.katalon.core.main.ScriptEngine.runScriptAsRawText(ScriptEngine.java:119)
	at com.kms.katalon.core.main.TestCaseExecutor.runScript(TestCaseExecutor.java:337)
	at com.kms.katalon.core.main.TestCaseExecutor.doExecute(TestCaseExecutor.java:328)
	at com.kms.katalon.core.main.TestCaseExecutor.processExecutionPhase(TestCaseExecutor.java:307)
	at com.kms.katalon.core.main.TestCaseExecutor.accessMainPhase(TestCaseExecutor.java:299)
	at com.kms.katalon.core.main.TestCaseExecutor.execute(TestCaseExecutor.java:233)
	at com.kms.katalon.core.main.TestSuiteExecutor.accessTestCaseMainPhase(TestSuiteExecutor.java:169)
	at com.kms.katalon.core.main.TestSuiteExecutor.accessTestSuiteMainPhase(TestSuiteExecutor.java:142)
	at com.kms.katalon.core.main.TestSuiteExecutor.execute(TestSuiteExecutor.java:91)
	at com.kms.katalon.core.main.TestCaseMain.startTestSuite(TestCaseMain.java:157)
	at com.kms.katalon.core.main.TestCaseMain$startTestSuite$0.call(Unknown Source)
	at TempTestSuite1584598607274.run(TempTestSuite1584598607274.groovy:36)
Caused by: org.openqa.selenium.ElementNotInteractableException: element not interactable
  (Session info: chrome=80.0.3987.132)
Build info: version: '3.141.59', revision: 'e82be7d358', time: '2018-11-14T08:25:53'
System info: host: 'ARCADIER-03', ip: '192.168.254.105', os.name: 'Windows 7', os.arch: 'amd64', os.version: '6.1', java.version: '1.8.0_181'
Driver info: com.kms.katalon.core.webui.driver.ExistingRemoteWebDriver
Capabilities {javascriptEnabled: true, platform: ANY, platformName: ANY}
Session ID: 66da7635ded2d355388026ca8e7d8eff
	at org.openqa.selenium.remote.http.W3CHttpResponseCodec.createException(W3CHttpResponseCodec.java:187)
	at org.openqa.selenium.remote.http.W3CHttpResponseCodec.decode(W3CHttpResponseCodec.java:122)
	at org.openqa.selenium.remote.http.W3CHttpResponseCodec.decode(W3CHttpResponseCodec.java:49)
	at org.openqa.selenium.remote.HttpCommandExecutor.execute(HttpCommandExecutor.java:158)
	at org.openqa.selenium.remote.RemoteWebDriver.execute(RemoteWebDriver.java:552)
	at com.kms.katalon.core.webui.driver.ExistingRemoteWebDriver.execute(ExistingRemoteWebDriver.java:108)
	at org.openqa.selenium.remote.RemoteWebElement.execute(RemoteWebElement.java:285)
	at org.openqa.selenium.remote.RemoteWebElement.click(RemoteWebElement.java:84)
	at org.openqa.selenium.support.events.EventFiringWebDriver$EventFiringWebElement.lambda$new$0(EventFiringWebDriver.java:404)
	at com.sun.proxy.$Proxy9.click(Unknown Source)
	at org.openqa.selenium.support.events.EventFiringWebDriver$EventFiringWebElement.click(EventFiringWebDriver.java:417)
	at com.kms.katalon.core.webui.keyword.builtin.ClickKeyword$_click_closure1.doCall(ClickKeyword.groovy:69)
	at com.kms.katalon.core.webui.keyword.builtin.ClickKeyword$_click_closure1.call(ClickKeyword.groovy)
	at com.kms.katalon.core.webui.keyword.internal.WebUIKeywordMain.runKeyword(WebUIKeywordMain.groovy:20)
	at com.kms.katalon.core.webui.keyword.builtin.ClickKeyword.click(ClickKeyword.groovy:76)
	at com.kms.katalon.core.webui.keyword.builtin.ClickKeyword.execute(ClickKeyword.groovy:43)
	at com.kms.katalon.core.keyword.internal.KeywordExecutor.executeKeywordForPlatform(KeywordExecutor.groovy:72)
	at com.kms.katalon.core.webui.keyword.WebUiBuiltInKeywords.click(WebUiBuiltInKeywords.groovy:616)
	at com.kms.katalon.core.webui.keyword.WebUiBuiltInKeywords$click$0.call(Unknown Source)
	at Script1549506362832.run(Script1549506362832.groovy:28)
	... 13 more
)
	at com.kms.katalon.core.keyword.internal.KeywordMain.stepFailed(KeywordMain.groovy:39)
	at com.kms.katalon.core.webui.keyword.internal.WebUIKeywordMain.stepFailed(WebUIKeywordMain.groovy:64)
	at com.kms.katalon.core.webui.keyword.internal.WebUIKeywordMain.runKeyword(WebUIKeywordMain.groovy:26)
	at com.kms.katalon.core.webui.keyword.builtin.ClickKeyword.click(ClickKeyword.groovy:76)
	at com.kms.katalon.core.webui.keyword.builtin.ClickKeyword.execute(ClickKeyword.groovy:43)
	at com.kms.katalon.core.keyword.internal.KeywordExecutor.executeKeywordForPlatform(KeywordExecutor.groovy:72)
	at com.kms.katalon.core.webui.keyword.WebUiBuiltInKeywords.click(WebUiBuiltInKeywords.groovy:616)
	at com.kms.katalon.core.webui.keyword.WebUiBuiltInKeywords$click$0.call(Unknown Source)
	at Add Category.run(Add Category:28)
	at com.kms.katalon.core.main.ScriptEngine.run(ScriptEngine.java:194)
	at com.kms.katalon.core.main.ScriptEngine.runScriptAsRawText(ScriptEngine.java:119)
	at com.kms.katalon.core.main.TestCaseExecutor.runScript(TestCaseExecutor.java:337)
	at com.kms.katalon.core.main.TestCaseExecutor.doExecute(TestCaseExecutor.java:328)
	at com.kms.katalon.core.main.TestCaseExecutor.processExecutionPhase(TestCaseExecutor.java:307)
	at com.kms.katalon.core.main.TestCaseExecutor.accessMainPhase(TestCaseExecutor.java:299)
	at com.kms.katalon.core.main.TestCaseExecutor.execute(TestCaseExecutor.java:233)
	at com.kms.katalon.core.main.TestSuiteExecutor.accessTestCaseMainPhase(TestSuiteExecutor.java:169)
	at com.kms.katalon.core.main.TestSuiteExecutor.accessTestSuiteMainPhase(TestSuiteExecutor.java:142)
	at com.kms.katalon.core.main.TestSuiteExecutor.execute(TestSuiteExecutor.java:91)
	at com.kms.katalon.core.main.TestCaseMain.startTestSuite(TestCaseMain.java:157)
	at com.kms.katalon.core.main.TestCaseMain$startTestSuite$0.call(Unknown Source)
	at TempTestSuite1584598607274.run(TempTestSuite1584598607274.groovy:36)
Caused by: com.kms.katalon.core.exception.StepFailedException: Unable to click on object 'Object Repository/ADMIN/Categories/Category List/button_Categories'
	... 21 more
Caused by: org.openqa.selenium.ElementNotInteractableException: element not interactable
  (Session info: chrome=80.0.3987.132)
Build info: version: '3.141.59', revision: 'e82be7d358', time: '2018-11-14T08:25:53'
System info: host: 'ARCADIER-03', ip: '192.168.254.105', os.name: 'Windows 7', os.arch: 'amd64', os.version: '6.1', java.version: '1.8.0_181'
Driver info: com.kms.katalon.core.webui.driver.ExistingRemoteWebDriver
Capabilities {javascriptEnabled: true, platform: ANY, platformName: ANY}
Session ID: 66da7635ded2d355388026ca8e7d8eff
	at org.openqa.selenium.remote.http.W3CHttpResponseCodec.createException(W3CHttpResponseCodec.java:187)
	at org.openqa.selenium.remote.http.W3CHttpResponseCodec.decode(W3CHttpResponseCodec.java:122)
	at org.openqa.selenium.remote.http.W3CHttpResponseCodec.decode(W3CHttpResponseCodec.java:49)
	at org.openqa.selenium.remote.HttpCommandExecutor.execute(HttpCommandExecutor.java:158)
	at org.openqa.selenium.remote.RemoteWebDriver.execute(RemoteWebDriver.java:552)
	at com.kms.katalon.core.webui.driver.ExistingRemoteWebDriver.execute(ExistingRemoteWebDriver.java:108)
	at org.openqa.selenium.remote.RemoteWebElement.execute(RemoteWebElement.java:285)
	at org.openqa.selenium.remote.RemoteWebElement.click(RemoteWebElement.java:84)
	at org.openqa.selenium.support.events.EventFiringWebDriver$EventFiringWebElement.lambda$new$0(EventFiringWebDriver.java:404)
	at com.sun.proxy.$Proxy9.click(Unknown Source)
	at org.openqa.selenium.support.events.EventFiringWebDriver$EventFiringWebElement.click(EventFiringWebDriver.java:417)
	at com.kms.katalon.core.webui.keyword.builtin.ClickKeyword$_click_closure1.doCall(ClickKeyword.groovy:69)
	at com.kms.katalon.core.webui.keyword.builtin.ClickKeyword$_click_closure1.call(ClickKeyword.groovy)
	at com.kms.katalon.core.webui.keyword.internal.WebUIKeywordMain.runKeyword(WebUIKeywordMain.groovy:20)
	... 19 more]]></system-err>
      </testcase>
      <testcase name="Test Cases/ADMIN/Content Mgmt/Categories/Category Add-Edit/Add Category" time="16.402" classname="Test Cases/ADMIN/Content Mgmt/Categories/Category Add-Edit/Add Category" status="PASSED">
         <system-out><![CDATA[2020-03-19 14:25:39 - [TEST_CASE][PASSED] - Test Cases/ADMIN/Content Mgmt/Categories/Category Add-Edit/Add Category: Test Cases/ADMIN/Content Mgmt/Categories/Category Add-Edit/Add Category

2020-03-19 14:25:39 - [TEST_STEP][PASSED] - waitForElementVisible(findTestObject("ADMIN/Categories/Category List/button_Content Mgmt"), 0): Object 'Object Repository/ADMIN/Categories/Category List/button_Content Mgmt' is visible

2020-03-19 14:25:39 - [MESSAGE][WARNING] - Timeout '0' is invalid. Using default page load timeout: '30'

2020-03-19 14:25:39 - [MESSAGE][PASSED] - Object 'Object Repository/ADMIN/Categories/Category List/button_Content Mgmt' is visible

2020-03-19 14:25:39 - [TEST_STEP][PASSED] - click(findTestObject("ADMIN/Categories/Category List/button_Content Mgmt")): Object: 'Object Repository/ADMIN/Categories/Category List/button_Content Mgmt' is clicked on

2020-03-19 14:25:40 - [MESSAGE][PASSED] - Object: 'Object Repository/ADMIN/Categories/Category List/button_Content Mgmt' is clicked on

2020-03-19 14:25:40 - [TEST_STEP][PASSED] - waitForElementVisible(findTestObject("ADMIN/Categories/Category List/button_Categories"), 0): Object 'Object Repository/ADMIN/Categories/Category List/button_Categories' is visible

2020-03-19 14:25:40 - [MESSAGE][WARNING] - Timeout '0' is invalid. Using default page load timeout: '30'

2020-03-19 14:25:41 - [MESSAGE][PASSED] - Object 'Object Repository/ADMIN/Categories/Category List/button_Categories' is visible

2020-03-19 14:25:41 - [TEST_STEP][PASSED] - click(findTestObject("ADMIN/Categories/Category List/button_Categories")): Object: 'Object Repository/ADMIN/Categories/Category List/button_Categories' is clicked on

2020-03-19 14:25:42 - [MESSAGE][PASSED] - Object: 'Object Repository/ADMIN/Categories/Category List/button_Categories' is clicked on

2020-03-19 14:25:42 - [TEST_STEP][PASSED] - waitForPageLoad(0, STOP_ON_FAILURE): Wait for page load successfully

2020-03-19 14:25:42 - [MESSAGE][WARNING] - Timeout '0' is invalid. Using default page load timeout: '30'

2020-03-19 14:25:42 - [MESSAGE][PASSED] - Wait for page load successfully

2020-03-19 14:25:42 - [TEST_STEP][PASSED] - click(findTestObject("ADMIN/Categories/Category List/button_Add a Category")): Object: 'Object Repository/ADMIN/Categories/Category List/button_Add a Category' is clicked on

2020-03-19 14:25:42 - [MESSAGE][PASSED] - Object: 'Object Repository/ADMIN/Categories/Category List/button_Add a Category' is clicked on

2020-03-19 14:25:42 - [TEST_STEP][PASSED] - waitForElementPresent(findTestObject("ADMIN/Categories/Category/dropdown_Parent"), 2): Object 'Object Repository/ADMIN/Categories/Category/dropdown_Parent' is present

2020-03-19 14:25:42 - [MESSAGE][PASSED] - Object 'Object Repository/ADMIN/Categories/Category/dropdown_Parent' is present

2020-03-19 14:25:42 - [TEST_STEP][PASSED] - delay(1): Delayed 1 second(s)

2020-03-19 14:25:43 - [MESSAGE][PASSED] - Delayed 1 second(s)

2020-03-19 14:25:43 - [TEST_STEP][PASSED] - setText(findTestObject("ADMIN/Categories/Category/textfield_Category Name"), CategoryNametext): Text 'Category 5.1.3' is set on object 'Object Repository/ADMIN/Categories/Category/textfield_Category Name'

2020-03-19 14:25:44 - [MESSAGE][PASSED] - Text 'Category 5.1.3' is set on object 'Object Repository/ADMIN/Categories/Category/textfield_Category Name'

2020-03-19 14:25:44 - [TEST_STEP][PASSED] - click(findTestObject("ADMIN/Categories/Category/dropdown_Parent")): Object: 'Object Repository/ADMIN/Categories/Category/dropdown_Parent' is clicked on

2020-03-19 14:25:44 - [MESSAGE][PASSED] - Object: 'Object Repository/ADMIN/Categories/Category/dropdown_Parent' is clicked on

2020-03-19 14:25:44 - [TEST_STEP][PASSED] - delay(2): Delayed 2 second(s)

2020-03-19 14:25:46 - [MESSAGE][PASSED] - Delayed 2 second(s)

2020-03-19 14:25:46 - [TEST_STEP][PASSED] - click(findTestObject("ADMIN/Categories/Category/dropdown_Parent")): Object: 'Object Repository/ADMIN/Categories/Category/dropdown_Parent' is clicked on

2020-03-19 14:25:46 - [MESSAGE][PASSED] - Object: 'Object Repository/ADMIN/Categories/Category/dropdown_Parent' is clicked on

2020-03-19 14:25:46 - [TEST_STEP][PASSED] - selectOptionByLabel(findTestObject("ADMIN/Categories/Category/dropdown_Parent"), ParentName, false): All options with label 'Category 5.1' are selected in object 'Object Repository/ADMIN/Categories/Category/dropdown_Parent' 

2020-03-19 14:25:46 - [MESSAGE][PASSED] - All options with label 'Category 5.1' are selected in object 'Object Repository/ADMIN/Categories/Category/dropdown_Parent' 

2020-03-19 14:25:46 - [TEST_STEP][PASSED] - click(findTestObject("ADMIN/Categories/Category/button_Browse")): Object: 'Object Repository/ADMIN/Categories/Category/button_Browse' is clicked on

2020-03-19 14:25:46 - [MESSAGE][PASSED] - Object: 'Object Repository/ADMIN/Categories/Category/button_Browse' is clicked on

2020-03-19 14:25:46 - [TEST_STEP][PASSED] - delay(2): Delayed 2 second(s)

2020-03-19 14:25:48 - [MESSAGE][PASSED] - Delayed 2 second(s)

2020-03-19 14:25:48 - [TEST_STEP][PASSED] - uploadFile(findTestObject("ADMIN/Categories/Category/image_input image"), CategoryImageUpload): File 'C:\\Katalon\\Arctick\\Images\\Category\\5.png' sent to object: 'Object Repository/ADMIN/Categories/Category/image_input image'

2020-03-19 14:25:48 - [MESSAGE][PASSED] - File 'C:\\Katalon\\Arctick\\Images\\Category\\5.png' sent to object: 'Object Repository/ADMIN/Categories/Category/image_input image'

2020-03-19 14:25:48 - [TEST_STEP][PASSED] - waitForElementVisible(findTestObject("ADMIN/Categories/Category/button_upload check"), 0): Object 'Object Repository/ADMIN/Categories/Category/button_upload check' is visible

2020-03-19 14:25:48 - [MESSAGE][WARNING] - Timeout '0' is invalid. Using default page load timeout: '30'

2020-03-19 14:25:48 - [MESSAGE][PASSED] - Object 'Object Repository/ADMIN/Categories/Category/button_upload check' is visible

2020-03-19 14:25:48 - [TEST_STEP][PASSED] - click(findTestObject("ADMIN/Categories/Category/button_upload check")): Object: 'Object Repository/ADMIN/Categories/Category/button_upload check' is clicked on

2020-03-19 14:25:48 - [MESSAGE][PASSED] - Object: 'Object Repository/ADMIN/Categories/Category/button_upload check' is clicked on

2020-03-19 14:25:48 - [TEST_STEP][PASSED] - waitForElementVisible(findTestObject("ADMIN/Categories/Category/button_upload save"), 0): Object 'Object Repository/ADMIN/Categories/Category/button_upload save' is visible

2020-03-19 14:25:48 - [MESSAGE][WARNING] - Timeout '0' is invalid. Using default page load timeout: '30'

2020-03-19 14:25:49 - [MESSAGE][PASSED] - Object 'Object Repository/ADMIN/Categories/Category/button_upload save' is visible

2020-03-19 14:25:49 - [TEST_STEP][PASSED] - click(findTestObject("ADMIN/Categories/Category/button_upload save")): Object: 'Object Repository/ADMIN/Categories/Category/button_upload save' is clicked on

2020-03-19 14:25:49 - [MESSAGE][PASSED] - Object: 'Object Repository/ADMIN/Categories/Category/button_upload save' is clicked on

2020-03-19 14:25:49 - [TEST_STEP][PASSED] - setText(findTestObject("ADMIN/Categories/Category/textfield_category_description"), Description): Text 'Description35' is set on object 'Object Repository/ADMIN/Categories/Category/textfield_category_description'

2020-03-19 14:25:49 - [MESSAGE][PASSED] - Text 'Description35' is set on object 'Object Repository/ADMIN/Categories/Category/textfield_category_description'

2020-03-19 14:25:49 - [TEST_STEP][PASSED] - click(findTestObject("ADMIN/Categories/Category/button_Save")): Object: 'Object Repository/ADMIN/Categories/Category/button_Save' is clicked on

2020-03-19 14:25:49 - [MESSAGE][PASSED] - Object: 'Object Repository/ADMIN/Categories/Category/button_Save' is clicked on

2020-03-19 14:25:49 - [TEST_STEP][PASSED] - waitForElementVisible(findTestObject("ADMIN/Categories/Category/label_edit popup"), 0): Object 'Object Repository/ADMIN/Categories/Category/label_edit popup' is visible

2020-03-19 14:25:49 - [MESSAGE][WARNING] - Timeout '0' is invalid. Using default page load timeout: '30'

2020-03-19 14:25:50 - [MESSAGE][PASSED] - Object 'Object Repository/ADMIN/Categories/Category/label_edit popup' is visible

2020-03-19 14:25:50 - [TEST_STEP][PASSED] - waitForElementNotPresent(findTestObject("ADMIN/Categories/Category/label_edit popup"), 0): Web element with id: 'Object Repository/ADMIN/Categories/Category/label_edit popup' located by 'By.xpath: //div[(text() = 'Category was successfully saved.' or . = 'Category was successfully saved.')]' is not present after '30' second(s)

2020-03-19 14:25:50 - [MESSAGE][WARNING] - Timeout '0' is invalid. Using default page load timeout: '30'

2020-03-19 14:25:56 - [MESSAGE][PASSED] - Web element with id: 'Object Repository/ADMIN/Categories/Category/label_edit popup' located by 'By.xpath: //div[(text() = 'Category was successfully saved.' or . = 'Category was successfully saved.')]' is not present after '30' second(s)]]></system-out>
         <system-err><![CDATA[]]></system-err>
      </testcase>
      <testcase name="Test Cases/ADMIN/Content Mgmt/Categories/Category Add-Edit/Add Category" time="14.61" classname="Test Cases/ADMIN/Content Mgmt/Categories/Category Add-Edit/Add Category" status="FAILED">
         <failure type="FAILED" message="Test Cases/ADMIN/Content Mgmt/Categories/Category Add-Edit/Add Category FAILED.
Reason:
com.kms.katalon.core.exception.StepFailedException: Unable to click on object 'Object Repository/ADMIN/Categories/Category List/button_Categories' (Root cause: com.kms.katalon.core.exception.StepFailedException: Unable to click on object 'Object Repository/ADMIN/Categories/Category List/button_Categories'
	at com.kms.katalon.core.webui.keyword.internal.WebUIKeywordMain.stepFailed(WebUIKeywordMain.groovy:64)
	at com.kms.katalon.core.webui.keyword.internal.WebUIKeywordMain.runKeyword(WebUIKeywordMain.groovy:26)
	at com.kms.katalon.core.webui.keyword.builtin.ClickKeyword.click(ClickKeyword.groovy:76)
	at com.kms.katalon.core.webui.keyword.builtin.ClickKeyword.execute(ClickKeyword.groovy:43)
	at com.kms.katalon.core.keyword.internal.KeywordExecutor.executeKeywordForPlatform(KeywordExecutor.groovy:72)
	at com.kms.katalon.core.webui.keyword.WebUiBuiltInKeywords.click(WebUiBuiltInKeywords.groovy:616)
	at com.kms.katalon.core.webui.keyword.WebUiBuiltInKeywords$click$0.call(Unknown Source)
	at Add Category.run(Add Category:28)
	at com.kms.katalon.core.main.ScriptEngine.run(ScriptEngine.java:194)
	at com.kms.katalon.core.main.ScriptEngine.runScriptAsRawText(ScriptEngine.java:119)
	at com.kms.katalon.core.main.TestCaseExecutor.runScript(TestCaseExecutor.java:337)
	at com.kms.katalon.core.main.TestCaseExecutor.doExecute(TestCaseExecutor.java:328)
	at com.kms.katalon.core.main.TestCaseExecutor.processExecutionPhase(TestCaseExecutor.java:307)
	at com.kms.katalon.core.main.TestCaseExecutor.accessMainPhase(TestCaseExecutor.java:299)
	at com.kms.katalon.core.main.TestCaseExecutor.execute(TestCaseExecutor.java:233)
	at com.kms.katalon.core.main.TestSuiteExecutor.accessTestCaseMainPhase(TestSuiteExecutor.java:169)
	at com.kms.katalon.core.main.TestSuiteExecutor.accessTestSuiteMainPhase(TestSuiteExecutor.java:142)
	at com.kms.katalon.core.main.TestSuiteExecutor.execute(TestSuiteExecutor.java:91)
	at com.kms.katalon.core.main.TestCaseMain.startTestSuite(TestCaseMain.java:157)
	at com.kms.katalon.core.main.TestCaseMain$startTestSuite$0.call(Unknown Source)
	at TempTestSuite1584598607274.run(TempTestSuite1584598607274.groovy:36)
Caused by: org.openqa.selenium.ElementNotInteractableException: element not interactable
  (Session info: chrome=80.0.3987.132)
Build info: version: '3.141.59', revision: 'e82be7d358', time: '2018-11-14T08:25:53'
System info: host: 'ARCADIER-03', ip: '192.168.254.105', os.name: 'Windows 7', os.arch: 'amd64', os.version: '6.1', java.version: '1.8.0_181'
Driver info: com.kms.katalon.core.webui.driver.ExistingRemoteWebDriver
Capabilities {javascriptEnabled: true, platform: ANY, platformName: ANY}
Session ID: 66da7635ded2d355388026ca8e7d8eff
	at org.openqa.selenium.remote.http.W3CHttpResponseCodec.createException(W3CHttpResponseCodec.java:187)
	at org.openqa.selenium.remote.http.W3CHttpResponseCodec.decode(W3CHttpResponseCodec.java:122)
	at org.openqa.selenium.remote.http.W3CHttpResponseCodec.decode(W3CHttpResponseCodec.java:49)
	at org.openqa.selenium.remote.HttpCommandExecutor.execute(HttpCommandExecutor.java:158)
	at org.openqa.selenium.remote.RemoteWebDriver.execute(RemoteWebDriver.java:552)
	at com.kms.katalon.core.webui.driver.ExistingRemoteWebDriver.execute(ExistingRemoteWebDriver.java:108)
	at org.openqa.selenium.remote.RemoteWebElement.execute(RemoteWebElement.java:285)
	at org.openqa.selenium.remote.RemoteWebElement.click(RemoteWebElement.java:84)
	at org.openqa.selenium.support.events.EventFiringWebDriver$EventFiringWebElement.lambda$new$0(EventFiringWebDriver.java:404)
	at com.sun.proxy.$Proxy9.click(Unknown Source)
	at org.openqa.selenium.support.events.EventFiringWebDriver$EventFiringWebElement.click(EventFiringWebDriver.java:417)
	at com.kms.katalon.core.webui.keyword.builtin.ClickKeyword$_click_closure1.doCall(ClickKeyword.groovy:69)
	at com.kms.katalon.core.webui.keyword.builtin.ClickKeyword$_click_closure1.call(ClickKeyword.groovy)
	at com.kms.katalon.core.webui.keyword.internal.WebUIKeywordMain.runKeyword(WebUIKeywordMain.groovy:20)
	at com.kms.katalon.core.webui.keyword.builtin.ClickKeyword.click(ClickKeyword.groovy:76)
	at com.kms.katalon.core.webui.keyword.builtin.ClickKeyword.execute(ClickKeyword.groovy:43)
	at com.kms.katalon.core.keyword.internal.KeywordExecutor.executeKeywordForPlatform(KeywordExecutor.groovy:72)
	at com.kms.katalon.core.webui.keyword.WebUiBuiltInKeywords.click(WebUiBuiltInKeywords.groovy:616)
	at com.kms.katalon.core.webui.keyword.WebUiBuiltInKeywords$click$0.call(Unknown Source)
	at Script1549506362832.run(Script1549506362832.groovy:28)
	... 13 more
)
	at com.kms.katalon.core.keyword.internal.KeywordMain.stepFailed(KeywordMain.groovy:39)
	at com.kms.katalon.core.webui.keyword.internal.WebUIKeywordMain.stepFailed(WebUIKeywordMain.groovy:64)
	at com.kms.katalon.core.webui.keyword.internal.WebUIKeywordMain.runKeyword(WebUIKeywordMain.groovy:26)
	at com.kms.katalon.core.webui.keyword.builtin.ClickKeyword.click(ClickKeyword.groovy:76)
	at com.kms.katalon.core.webui.keyword.builtin.ClickKeyword.execute(ClickKeyword.groovy:43)
	at com.kms.katalon.core.keyword.internal.KeywordExecutor.executeKeywordForPlatform(KeywordExecutor.groovy:72)
	at com.kms.katalon.core.webui.keyword.WebUiBuiltInKeywords.click(WebUiBuiltInKeywords.groovy:616)
	at com.kms.katalon.core.webui.keyword.WebUiBuiltInKeywords$click$0.call(Unknown Source)
	at Add Category.run(Add Category:28)
	at com.kms.katalon.core.main.ScriptEngine.run(ScriptEngine.java:194)
	at com.kms.katalon.core.main.ScriptEngine.runScriptAsRawText(ScriptEngine.java:119)
	at com.kms.katalon.core.main.TestCaseExecutor.runScript(TestCaseExecutor.java:337)
	at com.kms.katalon.core.main.TestCaseExecutor.doExecute(TestCaseExecutor.java:328)
	at com.kms.katalon.core.main.TestCaseExecutor.processExecutionPhase(TestCaseExecutor.java:307)
	at com.kms.katalon.core.main.TestCaseExecutor.accessMainPhase(TestCaseExecutor.java:299)
	at com.kms.katalon.core.main.TestCaseExecutor.execute(TestCaseExecutor.java:233)
	at com.kms.katalon.core.main.TestSuiteExecutor.accessTestCaseMainPhase(TestSuiteExecutor.java:169)
	at com.kms.katalon.core.main.TestSuiteExecutor.accessTestSuiteMainPhase(TestSuiteExecutor.java:142)
	at com.kms.katalon.core.main.TestSuiteExecutor.execute(TestSuiteExecutor.java:91)
	at com.kms.katalon.core.main.TestCaseMain.startTestSuite(TestCaseMain.java:157)
	at com.kms.katalon.core.main.TestCaseMain$startTestSuite$0.call(Unknown Source)
	at TempTestSuite1584598607274.run(TempTestSuite1584598607274.groovy:36)
Caused by: com.kms.katalon.core.exception.StepFailedException: Unable to click on object 'Object Repository/ADMIN/Categories/Category List/button_Categories'
	... 21 more
Caused by: org.openqa.selenium.ElementNotInteractableException: element not interactable
  (Session info: chrome=80.0.3987.132)
Build info: version: '3.141.59', revision: 'e82be7d358', time: '2018-11-14T08:25:53'
System info: host: 'ARCADIER-03', ip: '192.168.254.105', os.name: 'Windows 7', os.arch: 'amd64', os.version: '6.1', java.version: '1.8.0_181'
Driver info: com.kms.katalon.core.webui.driver.ExistingRemoteWebDriver
Capabilities {javascriptEnabled: true, platform: ANY, platformName: ANY}
Session ID: 66da7635ded2d355388026ca8e7d8eff
	at org.openqa.selenium.remote.http.W3CHttpResponseCodec.createException(W3CHttpResponseCodec.java:187)
	at org.openqa.selenium.remote.http.W3CHttpResponseCodec.decode(W3CHttpResponseCodec.java:122)
	at org.openqa.selenium.remote.http.W3CHttpResponseCodec.decode(W3CHttpResponseCodec.java:49)
	at org.openqa.selenium.remote.HttpCommandExecutor.execute(HttpCommandExecutor.java:158)
	at org.openqa.selenium.remote.RemoteWebDriver.execute(RemoteWebDriver.java:552)
	at com.kms.katalon.core.webui.driver.ExistingRemoteWebDriver.execute(ExistingRemoteWebDriver.java:108)
	at org.openqa.selenium.remote.RemoteWebElement.execute(RemoteWebElement.java:285)
	at org.openqa.selenium.remote.RemoteWebElement.click(RemoteWebElement.java:84)
	at org.openqa.selenium.support.events.EventFiringWebDriver$EventFiringWebElement.lambda$new$0(EventFiringWebDriver.java:404)
	at com.sun.proxy.$Proxy9.click(Unknown Source)
	at org.openqa.selenium.support.events.EventFiringWebDriver$EventFiringWebElement.click(EventFiringWebDriver.java:417)
	at com.kms.katalon.core.webui.keyword.builtin.ClickKeyword$_click_closure1.doCall(ClickKeyword.groovy:69)
	at com.kms.katalon.core.webui.keyword.builtin.ClickKeyword$_click_closure1.call(ClickKeyword.groovy)
	at com.kms.katalon.core.webui.keyword.internal.WebUIKeywordMain.runKeyword(WebUIKeywordMain.groovy:20)
	... 19 more
"/>
         <system-out><![CDATA[2020-03-19 14:25:56 - [TEST_CASE][FAILED] - Test Cases/ADMIN/Content Mgmt/Categories/Category Add-Edit/Add Category: Test Cases/ADMIN/Content Mgmt/Categories/Category Add-Edit/Add Category FAILED.
Reason:
com.kms.katalon.core.exception.StepFailedException: Unable to click on object 'Object Repository/ADMIN/Categories/Category List/button_Categories' (Root cause: com.kms.katalon.core.exception.StepFailedException: Unable to click on object 'Object Repository/ADMIN/Categories/Category List/button_Categories'
	at com.kms.katalon.core.webui.keyword.internal.WebUIKeywordMain.stepFailed(WebUIKeywordMain.groovy:64)
	at com.kms.katalon.core.webui.keyword.internal.WebUIKeywordMain.runKeyword(WebUIKeywordMain.groovy:26)
	at com.kms.katalon.core.webui.keyword.builtin.ClickKeyword.click(ClickKeyword.groovy:76)
	at com.kms.katalon.core.webui.keyword.builtin.ClickKeyword.execute(ClickKeyword.groovy:43)
	at com.kms.katalon.core.keyword.internal.KeywordExecutor.executeKeywordForPlatform(KeywordExecutor.groovy:72)
	at com.kms.katalon.core.webui.keyword.WebUiBuiltInKeywords.click(WebUiBuiltInKeywords.groovy:616)
	at com.kms.katalon.core.webui.keyword.WebUiBuiltInKeywords$click$0.call(Unknown Source)
	at Add Category.run(Add Category:28)
	at com.kms.katalon.core.main.ScriptEngine.run(ScriptEngine.java:194)
	at com.kms.katalon.core.main.ScriptEngine.runScriptAsRawText(ScriptEngine.java:119)
	at com.kms.katalon.core.main.TestCaseExecutor.runScript(TestCaseExecutor.java:337)
	at com.kms.katalon.core.main.TestCaseExecutor.doExecute(TestCaseExecutor.java:328)
	at com.kms.katalon.core.main.TestCaseExecutor.processExecutionPhase(TestCaseExecutor.java:307)
	at com.kms.katalon.core.main.TestCaseExecutor.accessMainPhase(TestCaseExecutor.java:299)
	at com.kms.katalon.core.main.TestCaseExecutor.execute(TestCaseExecutor.java:233)
	at com.kms.katalon.core.main.TestSuiteExecutor.accessTestCaseMainPhase(TestSuiteExecutor.java:169)
	at com.kms.katalon.core.main.TestSuiteExecutor.accessTestSuiteMainPhase(TestSuiteExecutor.java:142)
	at com.kms.katalon.core.main.TestSuiteExecutor.execute(TestSuiteExecutor.java:91)
	at com.kms.katalon.core.main.TestCaseMain.startTestSuite(TestCaseMain.java:157)
	at com.kms.katalon.core.main.TestCaseMain$startTestSuite$0.call(Unknown Source)
	at TempTestSuite1584598607274.run(TempTestSuite1584598607274.groovy:36)
Caused by: org.openqa.selenium.ElementNotInteractableException: element not interactable
  (Session info: chrome=80.0.3987.132)
Build info: version: '3.141.59', revision: 'e82be7d358', time: '2018-11-14T08:25:53'
System info: host: 'ARCADIER-03', ip: '192.168.254.105', os.name: 'Windows 7', os.arch: 'amd64', os.version: '6.1', java.version: '1.8.0_181'
Driver info: com.kms.katalon.core.webui.driver.ExistingRemoteWebDriver
Capabilities {javascriptEnabled: true, platform: ANY, platformName: ANY}
Session ID: 66da7635ded2d355388026ca8e7d8eff
	at org.openqa.selenium.remote.http.W3CHttpResponseCodec.createException(W3CHttpResponseCodec.java:187)
	at org.openqa.selenium.remote.http.W3CHttpResponseCodec.decode(W3CHttpResponseCodec.java:122)
	at org.openqa.selenium.remote.http.W3CHttpResponseCodec.decode(W3CHttpResponseCodec.java:49)
	at org.openqa.selenium.remote.HttpCommandExecutor.execute(HttpCommandExecutor.java:158)
	at org.openqa.selenium.remote.RemoteWebDriver.execute(RemoteWebDriver.java:552)
	at com.kms.katalon.core.webui.driver.ExistingRemoteWebDriver.execute(ExistingRemoteWebDriver.java:108)
	at org.openqa.selenium.remote.RemoteWebElement.execute(RemoteWebElement.java:285)
	at org.openqa.selenium.remote.RemoteWebElement.click(RemoteWebElement.java:84)
	at org.openqa.selenium.support.events.EventFiringWebDriver$EventFiringWebElement.lambda$new$0(EventFiringWebDriver.java:404)
	at com.sun.proxy.$Proxy9.click(Unknown Source)
	at org.openqa.selenium.support.events.EventFiringWebDriver$EventFiringWebElement.click(EventFiringWebDriver.java:417)
	at com.kms.katalon.core.webui.keyword.builtin.ClickKeyword$_click_closure1.doCall(ClickKeyword.groovy:69)
	at com.kms.katalon.core.webui.keyword.builtin.ClickKeyword$_click_closure1.call(ClickKeyword.groovy)
	at com.kms.katalon.core.webui.keyword.internal.WebUIKeywordMain.runKeyword(WebUIKeywordMain.groovy:20)
	at com.kms.katalon.core.webui.keyword.builtin.ClickKeyword.click(ClickKeyword.groovy:76)
	at com.kms.katalon.core.webui.keyword.builtin.ClickKeyword.execute(ClickKeyword.groovy:43)
	at com.kms.katalon.core.keyword.internal.KeywordExecutor.executeKeywordForPlatform(KeywordExecutor.groovy:72)
	at com.kms.katalon.core.webui.keyword.WebUiBuiltInKeywords.click(WebUiBuiltInKeywords.groovy:616)
	at com.kms.katalon.core.webui.keyword.WebUiBuiltInKeywords$click$0.call(Unknown Source)
	at Script1549506362832.run(Script1549506362832.groovy:28)
	... 13 more
)
	at com.kms.katalon.core.keyword.internal.KeywordMain.stepFailed(KeywordMain.groovy:39)
	at com.kms.katalon.core.webui.keyword.internal.WebUIKeywordMain.stepFailed(WebUIKeywordMain.groovy:64)
	at com.kms.katalon.core.webui.keyword.internal.WebUIKeywordMain.runKeyword(WebUIKeywordMain.groovy:26)
	at com.kms.katalon.core.webui.keyword.builtin.ClickKeyword.click(ClickKeyword.groovy:76)
	at com.kms.katalon.core.webui.keyword.builtin.ClickKeyword.execute(ClickKeyword.groovy:43)
	at com.kms.katalon.core.keyword.internal.KeywordExecutor.executeKeywordForPlatform(KeywordExecutor.groovy:72)
	at com.kms.katalon.core.webui.keyword.WebUiBuiltInKeywords.click(WebUiBuiltInKeywords.groovy:616)
	at com.kms.katalon.core.webui.keyword.WebUiBuiltInKeywords$click$0.call(Unknown Source)
	at Add Category.run(Add Category:28)
	at com.kms.katalon.core.main.ScriptEngine.run(ScriptEngine.java:194)
	at com.kms.katalon.core.main.ScriptEngine.runScriptAsRawText(ScriptEngine.java:119)
	at com.kms.katalon.core.main.TestCaseExecutor.runScript(TestCaseExecutor.java:337)
	at com.kms.katalon.core.main.TestCaseExecutor.doExecute(TestCaseExecutor.java:328)
	at com.kms.katalon.core.main.TestCaseExecutor.processExecutionPhase(TestCaseExecutor.java:307)
	at com.kms.katalon.core.main.TestCaseExecutor.accessMainPhase(TestCaseExecutor.java:299)
	at com.kms.katalon.core.main.TestCaseExecutor.execute(TestCaseExecutor.java:233)
	at com.kms.katalon.core.main.TestSuiteExecutor.accessTestCaseMainPhase(TestSuiteExecutor.java:169)
	at com.kms.katalon.core.main.TestSuiteExecutor.accessTestSuiteMainPhase(TestSuiteExecutor.java:142)
	at com.kms.katalon.core.main.TestSuiteExecutor.execute(TestSuiteExecutor.java:91)
	at com.kms.katalon.core.main.TestCaseMain.startTestSuite(TestCaseMain.java:157)
	at com.kms.katalon.core.main.TestCaseMain$startTestSuite$0.call(Unknown Source)
	at TempTestSuite1584598607274.run(TempTestSuite1584598607274.groovy:36)
Caused by: com.kms.katalon.core.exception.StepFailedException: Unable to click on object 'Object Repository/ADMIN/Categories/Category List/button_Categories'
	... 21 more
Caused by: org.openqa.selenium.ElementNotInteractableException: element not interactable
  (Session info: chrome=80.0.3987.132)
Build info: version: '3.141.59', revision: 'e82be7d358', time: '2018-11-14T08:25:53'
System info: host: 'ARCADIER-03', ip: '192.168.254.105', os.name: 'Windows 7', os.arch: 'amd64', os.version: '6.1', java.version: '1.8.0_181'
Driver info: com.kms.katalon.core.webui.driver.ExistingRemoteWebDriver
Capabilities {javascriptEnabled: true, platform: ANY, platformName: ANY}
Session ID: 66da7635ded2d355388026ca8e7d8eff
	at org.openqa.selenium.remote.http.W3CHttpResponseCodec.createException(W3CHttpResponseCodec.java:187)
	at org.openqa.selenium.remote.http.W3CHttpResponseCodec.decode(W3CHttpResponseCodec.java:122)
	at org.openqa.selenium.remote.http.W3CHttpResponseCodec.decode(W3CHttpResponseCodec.java:49)
	at org.openqa.selenium.remote.HttpCommandExecutor.execute(HttpCommandExecutor.java:158)
	at org.openqa.selenium.remote.RemoteWebDriver.execute(RemoteWebDriver.java:552)
	at com.kms.katalon.core.webui.driver.ExistingRemoteWebDriver.execute(ExistingRemoteWebDriver.java:108)
	at org.openqa.selenium.remote.RemoteWebElement.execute(RemoteWebElement.java:285)
	at org.openqa.selenium.remote.RemoteWebElement.click(RemoteWebElement.java:84)
	at org.openqa.selenium.support.events.EventFiringWebDriver$EventFiringWebElement.lambda$new$0(EventFiringWebDriver.java:404)
	at com.sun.proxy.$Proxy9.click(Unknown Source)
	at org.openqa.selenium.support.events.EventFiringWebDriver$EventFiringWebElement.click(EventFiringWebDriver.java:417)
	at com.kms.katalon.core.webui.keyword.builtin.ClickKeyword$_click_closure1.doCall(ClickKeyword.groovy:69)
	at com.kms.katalon.core.webui.keyword.builtin.ClickKeyword$_click_closure1.call(ClickKeyword.groovy)
	at com.kms.katalon.core.webui.keyword.internal.WebUIKeywordMain.runKeyword(WebUIKeywordMain.groovy:20)
	... 19 more


2020-03-19 14:25:56 - [TEST_STEP][PASSED] - waitForElementVisible(findTestObject("ADMIN/Categories/Category List/button_Content Mgmt"), 0): Object 'Object Repository/ADMIN/Categories/Category List/button_Content Mgmt' is visible

2020-03-19 14:25:56 - [MESSAGE][WARNING] - Timeout '0' is invalid. Using default page load timeout: '30'

2020-03-19 14:25:56 - [MESSAGE][PASSED] - Object 'Object Repository/ADMIN/Categories/Category List/button_Content Mgmt' is visible

2020-03-19 14:25:56 - [TEST_STEP][PASSED] - click(findTestObject("ADMIN/Categories/Category List/button_Content Mgmt")): Object: 'Object Repository/ADMIN/Categories/Category List/button_Content Mgmt' is clicked on

2020-03-19 14:25:56 - [MESSAGE][PASSED] - Object: 'Object Repository/ADMIN/Categories/Category List/button_Content Mgmt' is clicked on

2020-03-19 14:25:56 - [TEST_STEP][PASSED] - waitForElementVisible(findTestObject("ADMIN/Categories/Category List/button_Categories"), 0): Object 'Object Repository/ADMIN/Categories/Category List/button_Categories' is visible

2020-03-19 14:25:56 - [MESSAGE][WARNING] - Timeout '0' is invalid. Using default page load timeout: '30'

2020-03-19 14:25:56 - [MESSAGE][PASSED] - Object 'Object Repository/ADMIN/Categories/Category List/button_Categories' is visible

2020-03-19 14:25:56 - [TEST_STEP][FAILED] - click(findTestObject("ADMIN/Categories/Category List/button_Categories")): Unable to click on object 'Object Repository/ADMIN/Categories/Category List/button_Categories' (Root cause: com.kms.katalon.core.exception.StepFailedException: Unable to click on object 'Object Repository/ADMIN/Categories/Category List/button_Categories'
	at com.kms.katalon.core.webui.keyword.internal.WebUIKeywordMain.stepFailed(WebUIKeywordMain.groovy:64)
	at com.kms.katalon.core.webui.keyword.internal.WebUIKeywordMain.runKeyword(WebUIKeywordMain.groovy:26)
	at com.kms.katalon.core.webui.keyword.builtin.ClickKeyword.click(ClickKeyword.groovy:76)
	at com.kms.katalon.core.webui.keyword.builtin.ClickKeyword.execute(ClickKeyword.groovy:43)
	at com.kms.katalon.core.keyword.internal.KeywordExecutor.executeKeywordForPlatform(KeywordExecutor.groovy:72)
	at com.kms.katalon.core.webui.keyword.WebUiBuiltInKeywords.click(WebUiBuiltInKeywords.groovy:616)
	at com.kms.katalon.core.webui.keyword.WebUiBuiltInKeywords$click$0.call(Unknown Source)
	at Add Category.run(Add Category:28)
	at com.kms.katalon.core.main.ScriptEngine.run(ScriptEngine.java:194)
	at com.kms.katalon.core.main.ScriptEngine.runScriptAsRawText(ScriptEngine.java:119)
	at com.kms.katalon.core.main.TestCaseExecutor.runScript(TestCaseExecutor.java:337)
	at com.kms.katalon.core.main.TestCaseExecutor.doExecute(TestCaseExecutor.java:328)
	at com.kms.katalon.core.main.TestCaseExecutor.processExecutionPhase(TestCaseExecutor.java:307)
	at com.kms.katalon.core.main.TestCaseExecutor.accessMainPhase(TestCaseExecutor.java:299)
	at com.kms.katalon.core.main.TestCaseExecutor.execute(TestCaseExecutor.java:233)
	at com.kms.katalon.core.main.TestSuiteExecutor.accessTestCaseMainPhase(TestSuiteExecutor.java:169)
	at com.kms.katalon.core.main.TestSuiteExecutor.accessTestSuiteMainPhase(TestSuiteExecutor.java:142)
	at com.kms.katalon.core.main.TestSuiteExecutor.execute(TestSuiteExecutor.java:91)
	at com.kms.katalon.core.main.TestCaseMain.startTestSuite(TestCaseMain.java:157)
	at com.kms.katalon.core.main.TestCaseMain$startTestSuite$0.call(Unknown Source)
	at TempTestSuite1584598607274.run(TempTestSuite1584598607274.groovy:36)
Caused by: org.openqa.selenium.ElementNotInteractableException: element not interactable
  (Session info: chrome=80.0.3987.132)
Build info: version: '3.141.59', revision: 'e82be7d358', time: '2018-11-14T08:25:53'
System info: host: 'ARCADIER-03', ip: '192.168.254.105', os.name: 'Windows 7', os.arch: 'amd64', os.version: '6.1', java.version: '1.8.0_181'
Driver info: com.kms.katalon.core.webui.driver.ExistingRemoteWebDriver
Capabilities {javascriptEnabled: true, platform: ANY, platformName: ANY}
Session ID: 66da7635ded2d355388026ca8e7d8eff
	at org.openqa.selenium.remote.http.W3CHttpResponseCodec.createException(W3CHttpResponseCodec.java:187)
	at org.openqa.selenium.remote.http.W3CHttpResponseCodec.decode(W3CHttpResponseCodec.java:122)
	at org.openqa.selenium.remote.http.W3CHttpResponseCodec.decode(W3CHttpResponseCodec.java:49)
	at org.openqa.selenium.remote.HttpCommandExecutor.execute(HttpCommandExecutor.java:158)
	at org.openqa.selenium.remote.RemoteWebDriver.execute(RemoteWebDriver.java:552)
	at com.kms.katalon.core.webui.driver.ExistingRemoteWebDriver.execute(ExistingRemoteWebDriver.java:108)
	at org.openqa.selenium.remote.RemoteWebElement.execute(RemoteWebElement.java:285)
	at org.openqa.selenium.remote.RemoteWebElement.click(RemoteWebElement.java:84)
	at org.openqa.selenium.support.events.EventFiringWebDriver$EventFiringWebElement.lambda$new$0(EventFiringWebDriver.java:404)
	at com.sun.proxy.$Proxy9.click(Unknown Source)
	at org.openqa.selenium.support.events.EventFiringWebDriver$EventFiringWebElement.click(EventFiringWebDriver.java:417)
	at com.kms.katalon.core.webui.keyword.builtin.ClickKeyword$_click_closure1.doCall(ClickKeyword.groovy:69)
	at com.kms.katalon.core.webui.keyword.builtin.ClickKeyword$_click_closure1.call(ClickKeyword.groovy)
	at com.kms.katalon.core.webui.keyword.internal.WebUIKeywordMain.runKeyword(WebUIKeywordMain.groovy:20)
	at com.kms.katalon.core.webui.keyword.builtin.ClickKeyword.click(ClickKeyword.groovy:76)
	at com.kms.katalon.core.webui.keyword.builtin.ClickKeyword.execute(ClickKeyword.groovy:43)
	at com.kms.katalon.core.keyword.internal.KeywordExecutor.executeKeywordForPlatform(KeywordExecutor.groovy:72)
	at com.kms.katalon.core.webui.keyword.WebUiBuiltInKeywords.click(WebUiBuiltInKeywords.groovy:616)
	at com.kms.katalon.core.webui.keyword.WebUiBuiltInKeywords$click$0.call(Unknown Source)
	at Script1549506362832.run(Script1549506362832.groovy:28)
	... 13 more
)

2020-03-19 14:25:57 - [MESSAGE][FAILED] - Unable to click on object 'Object Repository/ADMIN/Categories/Category List/button_Categories' (Root cause: com.kms.katalon.core.exception.StepFailedException: Unable to click on object 'Object Repository/ADMIN/Categories/Category List/button_Categories'
	at com.kms.katalon.core.webui.keyword.internal.WebUIKeywordMain.stepFailed(WebUIKeywordMain.groovy:64)
	at com.kms.katalon.core.webui.keyword.internal.WebUIKeywordMain.runKeyword(WebUIKeywordMain.groovy:26)
	at com.kms.katalon.core.webui.keyword.builtin.ClickKeyword.click(ClickKeyword.groovy:76)
	at com.kms.katalon.core.webui.keyword.builtin.ClickKeyword.execute(ClickKeyword.groovy:43)
	at com.kms.katalon.core.keyword.internal.KeywordExecutor.executeKeywordForPlatform(KeywordExecutor.groovy:72)
	at com.kms.katalon.core.webui.keyword.WebUiBuiltInKeywords.click(WebUiBuiltInKeywords.groovy:616)
	at com.kms.katalon.core.webui.keyword.WebUiBuiltInKeywords$click$0.call(Unknown Source)
	at Add Category.run(Add Category:28)
	at com.kms.katalon.core.main.ScriptEngine.run(ScriptEngine.java:194)
	at com.kms.katalon.core.main.ScriptEngine.runScriptAsRawText(ScriptEngine.java:119)
	at com.kms.katalon.core.main.TestCaseExecutor.runScript(TestCaseExecutor.java:337)
	at com.kms.katalon.core.main.TestCaseExecutor.doExecute(TestCaseExecutor.java:328)
	at com.kms.katalon.core.main.TestCaseExecutor.processExecutionPhase(TestCaseExecutor.java:307)
	at com.kms.katalon.core.main.TestCaseExecutor.accessMainPhase(TestCaseExecutor.java:299)
	at com.kms.katalon.core.main.TestCaseExecutor.execute(TestCaseExecutor.java:233)
	at com.kms.katalon.core.main.TestSuiteExecutor.accessTestCaseMainPhase(TestSuiteExecutor.java:169)
	at com.kms.katalon.core.main.TestSuiteExecutor.accessTestSuiteMainPhase(TestSuiteExecutor.java:142)
	at com.kms.katalon.core.main.TestSuiteExecutor.execute(TestSuiteExecutor.java:91)
	at com.kms.katalon.core.main.TestCaseMain.startTestSuite(TestCaseMain.java:157)
	at com.kms.katalon.core.main.TestCaseMain$startTestSuite$0.call(Unknown Source)
	at TempTestSuite1584598607274.run(TempTestSuite1584598607274.groovy:36)
Caused by: org.openqa.selenium.ElementNotInteractableException: element not interactable
  (Session info: chrome=80.0.3987.132)
Build info: version: '3.141.59', revision: 'e82be7d358', time: '2018-11-14T08:25:53'
System info: host: 'ARCADIER-03', ip: '192.168.254.105', os.name: 'Windows 7', os.arch: 'amd64', os.version: '6.1', java.version: '1.8.0_181'
Driver info: com.kms.katalon.core.webui.driver.ExistingRemoteWebDriver
Capabilities {javascriptEnabled: true, platform: ANY, platformName: ANY}
Session ID: 66da7635ded2d355388026ca8e7d8eff
	at org.openqa.selenium.remote.http.W3CHttpResponseCodec.createException(W3CHttpResponseCodec.java:187)
	at org.openqa.selenium.remote.http.W3CHttpResponseCodec.decode(W3CHttpResponseCodec.java:122)
	at org.openqa.selenium.remote.http.W3CHttpResponseCodec.decode(W3CHttpResponseCodec.java:49)
	at org.openqa.selenium.remote.HttpCommandExecutor.execute(HttpCommandExecutor.java:158)
	at org.openqa.selenium.remote.RemoteWebDriver.execute(RemoteWebDriver.java:552)
	at com.kms.katalon.core.webui.driver.ExistingRemoteWebDriver.execute(ExistingRemoteWebDriver.java:108)
	at org.openqa.selenium.remote.RemoteWebElement.execute(RemoteWebElement.java:285)
	at org.openqa.selenium.remote.RemoteWebElement.click(RemoteWebElement.java:84)
	at org.openqa.selenium.support.events.EventFiringWebDriver$EventFiringWebElement.lambda$new$0(EventFiringWebDriver.java:404)
	at com.sun.proxy.$Proxy9.click(Unknown Source)
	at org.openqa.selenium.support.events.EventFiringWebDriver$EventFiringWebElement.click(EventFiringWebDriver.java:417)
	at com.kms.katalon.core.webui.keyword.builtin.ClickKeyword$_click_closure1.doCall(ClickKeyword.groovy:69)
	at com.kms.katalon.core.webui.keyword.builtin.ClickKeyword$_click_closure1.call(ClickKeyword.groovy)
	at com.kms.katalon.core.webui.keyword.internal.WebUIKeywordMain.runKeyword(WebUIKeywordMain.groovy:20)
	at com.kms.katalon.core.webui.keyword.builtin.ClickKeyword.click(ClickKeyword.groovy:76)
	at com.kms.katalon.core.webui.keyword.builtin.ClickKeyword.execute(ClickKeyword.groovy:43)
	at com.kms.katalon.core.keyword.internal.KeywordExecutor.executeKeywordForPlatform(KeywordExecutor.groovy:72)
	at com.kms.katalon.core.webui.keyword.WebUiBuiltInKeywords.click(WebUiBuiltInKeywords.groovy:616)
	at com.kms.katalon.core.webui.keyword.WebUiBuiltInKeywords$click$0.call(Unknown Source)
	at Script1549506362832.run(Script1549506362832.groovy:28)
	... 13 more
)
[[ATTACHMENT|C:\\Katalon\\Arctick\\Reports\\20200319_141647\\Admin\\Admin Add Category\\20200319_141647\\1584599156687.png]]

2020-03-19 14:25:57 - [TEST_STEP][PASSED] - waitForPageLoad(0, STOP_ON_FAILURE): Wait for page load successfully

2020-03-19 14:25:57 - [MESSAGE][WARNING] - Timeout '0' is invalid. Using default page load timeout: '30'

2020-03-19 14:25:57 - [MESSAGE][PASSED] - Wait for page load successfully

2020-03-19 14:25:57 - [TEST_STEP][PASSED] - click(findTestObject("ADMIN/Categories/Category List/button_Add a Category")): Object: 'Object Repository/ADMIN/Categories/Category List/button_Add a Category' is clicked on

2020-03-19 14:25:57 - [MESSAGE][PASSED] - Object: 'Object Repository/ADMIN/Categories/Category List/button_Add a Category' is clicked on

2020-03-19 14:25:57 - [TEST_STEP][PASSED] - waitForElementPresent(findTestObject("ADMIN/Categories/Category/dropdown_Parent"), 2): Object 'Object Repository/ADMIN/Categories/Category/dropdown_Parent' is present

2020-03-19 14:25:57 - [MESSAGE][PASSED] - Object 'Object Repository/ADMIN/Categories/Category/dropdown_Parent' is present

2020-03-19 14:25:57 - [TEST_STEP][PASSED] - delay(1): Delayed 1 second(s)

2020-03-19 14:25:58 - [MESSAGE][PASSED] - Delayed 1 second(s)

2020-03-19 14:25:58 - [TEST_STEP][PASSED] - setText(findTestObject("ADMIN/Categories/Category/textfield_Category Name"), CategoryNametext): Text 'Category 5.1.4' is set on object 'Object Repository/ADMIN/Categories/Category/textfield_Category Name'

2020-03-19 14:25:58 - [MESSAGE][PASSED] - Text 'Category 5.1.4' is set on object 'Object Repository/ADMIN/Categories/Category/textfield_Category Name'

2020-03-19 14:25:58 - [TEST_STEP][PASSED] - click(findTestObject("ADMIN/Categories/Category/dropdown_Parent")): Object: 'Object Repository/ADMIN/Categories/Category/dropdown_Parent' is clicked on

2020-03-19 14:25:58 - [MESSAGE][PASSED] - Object: 'Object Repository/ADMIN/Categories/Category/dropdown_Parent' is clicked on

2020-03-19 14:25:58 - [TEST_STEP][PASSED] - delay(2): Delayed 2 second(s)

2020-03-19 14:26:00 - [MESSAGE][PASSED] - Delayed 2 second(s)

2020-03-19 14:26:00 - [TEST_STEP][PASSED] - click(findTestObject("ADMIN/Categories/Category/dropdown_Parent")): Object: 'Object Repository/ADMIN/Categories/Category/dropdown_Parent' is clicked on

2020-03-19 14:26:00 - [MESSAGE][PASSED] - Object: 'Object Repository/ADMIN/Categories/Category/dropdown_Parent' is clicked on

2020-03-19 14:26:00 - [TEST_STEP][PASSED] - selectOptionByLabel(findTestObject("ADMIN/Categories/Category/dropdown_Parent"), ParentName, false): All options with label 'Category 5.1' are selected in object 'Object Repository/ADMIN/Categories/Category/dropdown_Parent' 

2020-03-19 14:26:00 - [MESSAGE][PASSED] - All options with label 'Category 5.1' are selected in object 'Object Repository/ADMIN/Categories/Category/dropdown_Parent' 

2020-03-19 14:26:00 - [TEST_STEP][PASSED] - click(findTestObject("ADMIN/Categories/Category/button_Browse")): Object: 'Object Repository/ADMIN/Categories/Category/button_Browse' is clicked on

2020-03-19 14:26:00 - [MESSAGE][PASSED] - Object: 'Object Repository/ADMIN/Categories/Category/button_Browse' is clicked on

2020-03-19 14:26:00 - [TEST_STEP][PASSED] - delay(2): Delayed 2 second(s)

2020-03-19 14:26:02 - [MESSAGE][PASSED] - Delayed 2 second(s)

2020-03-19 14:26:02 - [TEST_STEP][PASSED] - uploadFile(findTestObject("ADMIN/Categories/Category/image_input image"), CategoryImageUpload): File 'C:\\Katalon\\Arctick\\Images\\Category\\5.png' sent to object: 'Object Repository/ADMIN/Categories/Category/image_input image'

2020-03-19 14:26:03 - [MESSAGE][PASSED] - File 'C:\\Katalon\\Arctick\\Images\\Category\\5.png' sent to object: 'Object Repository/ADMIN/Categories/Category/image_input image'

2020-03-19 14:26:03 - [TEST_STEP][PASSED] - waitForElementVisible(findTestObject("ADMIN/Categories/Category/button_upload check"), 0): Object 'Object Repository/ADMIN/Categories/Category/button_upload check' is visible

2020-03-19 14:26:03 - [MESSAGE][WARNING] - Timeout '0' is invalid. Using default page load timeout: '30'

2020-03-19 14:26:03 - [MESSAGE][PASSED] - Object 'Object Repository/ADMIN/Categories/Category/button_upload check' is visible

2020-03-19 14:26:03 - [TEST_STEP][PASSED] - click(findTestObject("ADMIN/Categories/Category/button_upload check")): Object: 'Object Repository/ADMIN/Categories/Category/button_upload check' is clicked on

2020-03-19 14:26:03 - [MESSAGE][PASSED] - Object: 'Object Repository/ADMIN/Categories/Category/button_upload check' is clicked on

2020-03-19 14:26:03 - [TEST_STEP][PASSED] - waitForElementVisible(findTestObject("ADMIN/Categories/Category/button_upload save"), 0): Object 'Object Repository/ADMIN/Categories/Category/button_upload save' is visible

2020-03-19 14:26:03 - [MESSAGE][WARNING] - Timeout '0' is invalid. Using default page load timeout: '30'

2020-03-19 14:26:03 - [MESSAGE][PASSED] - Object 'Object Repository/ADMIN/Categories/Category/button_upload save' is visible

2020-03-19 14:26:03 - [TEST_STEP][PASSED] - click(findTestObject("ADMIN/Categories/Category/button_upload save")): Object: 'Object Repository/ADMIN/Categories/Category/button_upload save' is clicked on

2020-03-19 14:26:03 - [MESSAGE][PASSED] - Object: 'Object Repository/ADMIN/Categories/Category/button_upload save' is clicked on

2020-03-19 14:26:03 - [TEST_STEP][PASSED] - setText(findTestObject("ADMIN/Categories/Category/textfield_category_description"), Description): Text 'Description36' is set on object 'Object Repository/ADMIN/Categories/Category/textfield_category_description'

2020-03-19 14:26:03 - [MESSAGE][PASSED] - Text 'Description36' is set on object 'Object Repository/ADMIN/Categories/Category/textfield_category_description'

2020-03-19 14:26:03 - [TEST_STEP][PASSED] - click(findTestObject("ADMIN/Categories/Category/button_Save")): Object: 'Object Repository/ADMIN/Categories/Category/button_Save' is clicked on

2020-03-19 14:26:04 - [MESSAGE][PASSED] - Object: 'Object Repository/ADMIN/Categories/Category/button_Save' is clicked on

2020-03-19 14:26:04 - [TEST_STEP][PASSED] - waitForElementVisible(findTestObject("ADMIN/Categories/Category/label_edit popup"), 0): Object 'Object Repository/ADMIN/Categories/Category/label_edit popup' is visible

2020-03-19 14:26:04 - [MESSAGE][WARNING] - Timeout '0' is invalid. Using default page load timeout: '30'

2020-03-19 14:26:04 - [MESSAGE][PASSED] - Object 'Object Repository/ADMIN/Categories/Category/label_edit popup' is visible

2020-03-19 14:26:04 - [TEST_STEP][PASSED] - waitForElementNotPresent(findTestObject("ADMIN/Categories/Category/label_edit popup"), 0): Web element with id: 'Object Repository/ADMIN/Categories/Category/label_edit popup' located by 'By.xpath: //div[(text() = 'Category was successfully saved.' or . = 'Category was successfully saved.')]' is not present after '30' second(s)

2020-03-19 14:26:04 - [MESSAGE][WARNING] - Timeout '0' is invalid. Using default page load timeout: '30'

2020-03-19 14:26:10 - [MESSAGE][PASSED] - Web element with id: 'Object Repository/ADMIN/Categories/Category/label_edit popup' located by 'By.xpath: //div[(text() = 'Category was successfully saved.' or . = 'Category was successfully saved.')]' is not present after '30' second(s)]]></system-out>
         <system-err><![CDATA[2020-03-19 14:25:56 - [TEST_CASE][FAILED] - Test Cases/ADMIN/Content Mgmt/Categories/Category Add-Edit/Add Category: Test Cases/ADMIN/Content Mgmt/Categories/Category Add-Edit/Add Category FAILED.
Reason:
com.kms.katalon.core.exception.StepFailedException: Unable to click on object 'Object Repository/ADMIN/Categories/Category List/button_Categories' (Root cause: com.kms.katalon.core.exception.StepFailedException: Unable to click on object 'Object Repository/ADMIN/Categories/Category List/button_Categories'
	at com.kms.katalon.core.webui.keyword.internal.WebUIKeywordMain.stepFailed(WebUIKeywordMain.groovy:64)
	at com.kms.katalon.core.webui.keyword.internal.WebUIKeywordMain.runKeyword(WebUIKeywordMain.groovy:26)
	at com.kms.katalon.core.webui.keyword.builtin.ClickKeyword.click(ClickKeyword.groovy:76)
	at com.kms.katalon.core.webui.keyword.builtin.ClickKeyword.execute(ClickKeyword.groovy:43)
	at com.kms.katalon.core.keyword.internal.KeywordExecutor.executeKeywordForPlatform(KeywordExecutor.groovy:72)
	at com.kms.katalon.core.webui.keyword.WebUiBuiltInKeywords.click(WebUiBuiltInKeywords.groovy:616)
	at com.kms.katalon.core.webui.keyword.WebUiBuiltInKeywords$click$0.call(Unknown Source)
	at Add Category.run(Add Category:28)
	at com.kms.katalon.core.main.ScriptEngine.run(ScriptEngine.java:194)
	at com.kms.katalon.core.main.ScriptEngine.runScriptAsRawText(ScriptEngine.java:119)
	at com.kms.katalon.core.main.TestCaseExecutor.runScript(TestCaseExecutor.java:337)
	at com.kms.katalon.core.main.TestCaseExecutor.doExecute(TestCaseExecutor.java:328)
	at com.kms.katalon.core.main.TestCaseExecutor.processExecutionPhase(TestCaseExecutor.java:307)
	at com.kms.katalon.core.main.TestCaseExecutor.accessMainPhase(TestCaseExecutor.java:299)
	at com.kms.katalon.core.main.TestCaseExecutor.execute(TestCaseExecutor.java:233)
	at com.kms.katalon.core.main.TestSuiteExecutor.accessTestCaseMainPhase(TestSuiteExecutor.java:169)
	at com.kms.katalon.core.main.TestSuiteExecutor.accessTestSuiteMainPhase(TestSuiteExecutor.java:142)
	at com.kms.katalon.core.main.TestSuiteExecutor.execute(TestSuiteExecutor.java:91)
	at com.kms.katalon.core.main.TestCaseMain.startTestSuite(TestCaseMain.java:157)
	at com.kms.katalon.core.main.TestCaseMain$startTestSuite$0.call(Unknown Source)
	at TempTestSuite1584598607274.run(TempTestSuite1584598607274.groovy:36)
Caused by: org.openqa.selenium.ElementNotInteractableException: element not interactable
  (Session info: chrome=80.0.3987.132)
Build info: version: '3.141.59', revision: 'e82be7d358', time: '2018-11-14T08:25:53'
System info: host: 'ARCADIER-03', ip: '192.168.254.105', os.name: 'Windows 7', os.arch: 'amd64', os.version: '6.1', java.version: '1.8.0_181'
Driver info: com.kms.katalon.core.webui.driver.ExistingRemoteWebDriver
Capabilities {javascriptEnabled: true, platform: ANY, platformName: ANY}
Session ID: 66da7635ded2d355388026ca8e7d8eff
	at org.openqa.selenium.remote.http.W3CHttpResponseCodec.createException(W3CHttpResponseCodec.java:187)
	at org.openqa.selenium.remote.http.W3CHttpResponseCodec.decode(W3CHttpResponseCodec.java:122)
	at org.openqa.selenium.remote.http.W3CHttpResponseCodec.decode(W3CHttpResponseCodec.java:49)
	at org.openqa.selenium.remote.HttpCommandExecutor.execute(HttpCommandExecutor.java:158)
	at org.openqa.selenium.remote.RemoteWebDriver.execute(RemoteWebDriver.java:552)
	at com.kms.katalon.core.webui.driver.ExistingRemoteWebDriver.execute(ExistingRemoteWebDriver.java:108)
	at org.openqa.selenium.remote.RemoteWebElement.execute(RemoteWebElement.java:285)
	at org.openqa.selenium.remote.RemoteWebElement.click(RemoteWebElement.java:84)
	at org.openqa.selenium.support.events.EventFiringWebDriver$EventFiringWebElement.lambda$new$0(EventFiringWebDriver.java:404)
	at com.sun.proxy.$Proxy9.click(Unknown Source)
	at org.openqa.selenium.support.events.EventFiringWebDriver$EventFiringWebElement.click(EventFiringWebDriver.java:417)
	at com.kms.katalon.core.webui.keyword.builtin.ClickKeyword$_click_closure1.doCall(ClickKeyword.groovy:69)
	at com.kms.katalon.core.webui.keyword.builtin.ClickKeyword$_click_closure1.call(ClickKeyword.groovy)
	at com.kms.katalon.core.webui.keyword.internal.WebUIKeywordMain.runKeyword(WebUIKeywordMain.groovy:20)
	at com.kms.katalon.core.webui.keyword.builtin.ClickKeyword.click(ClickKeyword.groovy:76)
	at com.kms.katalon.core.webui.keyword.builtin.ClickKeyword.execute(ClickKeyword.groovy:43)
	at com.kms.katalon.core.keyword.internal.KeywordExecutor.executeKeywordForPlatform(KeywordExecutor.groovy:72)
	at com.kms.katalon.core.webui.keyword.WebUiBuiltInKeywords.click(WebUiBuiltInKeywords.groovy:616)
	at com.kms.katalon.core.webui.keyword.WebUiBuiltInKeywords$click$0.call(Unknown Source)
	at Script1549506362832.run(Script1549506362832.groovy:28)
	... 13 more
)
	at com.kms.katalon.core.keyword.internal.KeywordMain.stepFailed(KeywordMain.groovy:39)
	at com.kms.katalon.core.webui.keyword.internal.WebUIKeywordMain.stepFailed(WebUIKeywordMain.groovy:64)
	at com.kms.katalon.core.webui.keyword.internal.WebUIKeywordMain.runKeyword(WebUIKeywordMain.groovy:26)
	at com.kms.katalon.core.webui.keyword.builtin.ClickKeyword.click(ClickKeyword.groovy:76)
	at com.kms.katalon.core.webui.keyword.builtin.ClickKeyword.execute(ClickKeyword.groovy:43)
	at com.kms.katalon.core.keyword.internal.KeywordExecutor.executeKeywordForPlatform(KeywordExecutor.groovy:72)
	at com.kms.katalon.core.webui.keyword.WebUiBuiltInKeywords.click(WebUiBuiltInKeywords.groovy:616)
	at com.kms.katalon.core.webui.keyword.WebUiBuiltInKeywords$click$0.call(Unknown Source)
	at Add Category.run(Add Category:28)
	at com.kms.katalon.core.main.ScriptEngine.run(ScriptEngine.java:194)
	at com.kms.katalon.core.main.ScriptEngine.runScriptAsRawText(ScriptEngine.java:119)
	at com.kms.katalon.core.main.TestCaseExecutor.runScript(TestCaseExecutor.java:337)
	at com.kms.katalon.core.main.TestCaseExecutor.doExecute(TestCaseExecutor.java:328)
	at com.kms.katalon.core.main.TestCaseExecutor.processExecutionPhase(TestCaseExecutor.java:307)
	at com.kms.katalon.core.main.TestCaseExecutor.accessMainPhase(TestCaseExecutor.java:299)
	at com.kms.katalon.core.main.TestCaseExecutor.execute(TestCaseExecutor.java:233)
	at com.kms.katalon.core.main.TestSuiteExecutor.accessTestCaseMainPhase(TestSuiteExecutor.java:169)
	at com.kms.katalon.core.main.TestSuiteExecutor.accessTestSuiteMainPhase(TestSuiteExecutor.java:142)
	at com.kms.katalon.core.main.TestSuiteExecutor.execute(TestSuiteExecutor.java:91)
	at com.kms.katalon.core.main.TestCaseMain.startTestSuite(TestCaseMain.java:157)
	at com.kms.katalon.core.main.TestCaseMain$startTestSuite$0.call(Unknown Source)
	at TempTestSuite1584598607274.run(TempTestSuite1584598607274.groovy:36)
Caused by: com.kms.katalon.core.exception.StepFailedException: Unable to click on object 'Object Repository/ADMIN/Categories/Category List/button_Categories'
	... 21 more
Caused by: org.openqa.selenium.ElementNotInteractableException: element not interactable
  (Session info: chrome=80.0.3987.132)
Build info: version: '3.141.59', revision: 'e82be7d358', time: '2018-11-14T08:25:53'
System info: host: 'ARCADIER-03', ip: '192.168.254.105', os.name: 'Windows 7', os.arch: 'amd64', os.version: '6.1', java.version: '1.8.0_181'
Driver info: com.kms.katalon.core.webui.driver.ExistingRemoteWebDriver
Capabilities {javascriptEnabled: true, platform: ANY, platformName: ANY}
Session ID: 66da7635ded2d355388026ca8e7d8eff
	at org.openqa.selenium.remote.http.W3CHttpResponseCodec.createException(W3CHttpResponseCodec.java:187)
	at org.openqa.selenium.remote.http.W3CHttpResponseCodec.decode(W3CHttpResponseCodec.java:122)
	at org.openqa.selenium.remote.http.W3CHttpResponseCodec.decode(W3CHttpResponseCodec.java:49)
	at org.openqa.selenium.remote.HttpCommandExecutor.execute(HttpCommandExecutor.java:158)
	at org.openqa.selenium.remote.RemoteWebDriver.execute(RemoteWebDriver.java:552)
	at com.kms.katalon.core.webui.driver.ExistingRemoteWebDriver.execute(ExistingRemoteWebDriver.java:108)
	at org.openqa.selenium.remote.RemoteWebElement.execute(RemoteWebElement.java:285)
	at org.openqa.selenium.remote.RemoteWebElement.click(RemoteWebElement.java:84)
	at org.openqa.selenium.support.events.EventFiringWebDriver$EventFiringWebElement.lambda$new$0(EventFiringWebDriver.java:404)
	at com.sun.proxy.$Proxy9.click(Unknown Source)
	at org.openqa.selenium.support.events.EventFiringWebDriver$EventFiringWebElement.click(EventFiringWebDriver.java:417)
	at com.kms.katalon.core.webui.keyword.builtin.ClickKeyword$_click_closure1.doCall(ClickKeyword.groovy:69)
	at com.kms.katalon.core.webui.keyword.builtin.ClickKeyword$_click_closure1.call(ClickKeyword.groovy)
	at com.kms.katalon.core.webui.keyword.internal.WebUIKeywordMain.runKeyword(WebUIKeywordMain.groovy:20)
	... 19 more]]></system-err>
      </testcase>
      <testcase name="Test Cases/ADMIN/Content Mgmt/Categories/Category Add-Edit/Add Category" time="15.009" classname="Test Cases/ADMIN/Content Mgmt/Categories/Category Add-Edit/Add Category" status="FAILED">
         <failure type="FAILED" message="Test Cases/ADMIN/Content Mgmt/Categories/Category Add-Edit/Add Category FAILED.
Reason:
com.kms.katalon.core.exception.StepFailedException: Unable to click on object 'Object Repository/ADMIN/Categories/Category List/button_Categories' (Root cause: com.kms.katalon.core.exception.StepFailedException: Unable to click on object 'Object Repository/ADMIN/Categories/Category List/button_Categories'
	at com.kms.katalon.core.webui.keyword.internal.WebUIKeywordMain.stepFailed(WebUIKeywordMain.groovy:64)
	at com.kms.katalon.core.webui.keyword.internal.WebUIKeywordMain.runKeyword(WebUIKeywordMain.groovy:26)
	at com.kms.katalon.core.webui.keyword.builtin.ClickKeyword.click(ClickKeyword.groovy:76)
	at com.kms.katalon.core.webui.keyword.builtin.ClickKeyword.execute(ClickKeyword.groovy:43)
	at com.kms.katalon.core.keyword.internal.KeywordExecutor.executeKeywordForPlatform(KeywordExecutor.groovy:72)
	at com.kms.katalon.core.webui.keyword.WebUiBuiltInKeywords.click(WebUiBuiltInKeywords.groovy:616)
	at com.kms.katalon.core.webui.keyword.WebUiBuiltInKeywords$click$0.call(Unknown Source)
	at Add Category.run(Add Category:28)
	at com.kms.katalon.core.main.ScriptEngine.run(ScriptEngine.java:194)
	at com.kms.katalon.core.main.ScriptEngine.runScriptAsRawText(ScriptEngine.java:119)
	at com.kms.katalon.core.main.TestCaseExecutor.runScript(TestCaseExecutor.java:337)
	at com.kms.katalon.core.main.TestCaseExecutor.doExecute(TestCaseExecutor.java:328)
	at com.kms.katalon.core.main.TestCaseExecutor.processExecutionPhase(TestCaseExecutor.java:307)
	at com.kms.katalon.core.main.TestCaseExecutor.accessMainPhase(TestCaseExecutor.java:299)
	at com.kms.katalon.core.main.TestCaseExecutor.execute(TestCaseExecutor.java:233)
	at com.kms.katalon.core.main.TestSuiteExecutor.accessTestCaseMainPhase(TestSuiteExecutor.java:169)
	at com.kms.katalon.core.main.TestSuiteExecutor.accessTestSuiteMainPhase(TestSuiteExecutor.java:142)
	at com.kms.katalon.core.main.TestSuiteExecutor.execute(TestSuiteExecutor.java:91)
	at com.kms.katalon.core.main.TestCaseMain.startTestSuite(TestCaseMain.java:157)
	at com.kms.katalon.core.main.TestCaseMain$startTestSuite$0.call(Unknown Source)
	at TempTestSuite1584598607274.run(TempTestSuite1584598607274.groovy:36)
Caused by: org.openqa.selenium.ElementNotInteractableException: element not interactable
  (Session info: chrome=80.0.3987.132)
Build info: version: '3.141.59', revision: 'e82be7d358', time: '2018-11-14T08:25:53'
System info: host: 'ARCADIER-03', ip: '192.168.254.105', os.name: 'Windows 7', os.arch: 'amd64', os.version: '6.1', java.version: '1.8.0_181'
Driver info: com.kms.katalon.core.webui.driver.ExistingRemoteWebDriver
Capabilities {javascriptEnabled: true, platform: ANY, platformName: ANY}
Session ID: 66da7635ded2d355388026ca8e7d8eff
	at org.openqa.selenium.remote.http.W3CHttpResponseCodec.createException(W3CHttpResponseCodec.java:187)
	at org.openqa.selenium.remote.http.W3CHttpResponseCodec.decode(W3CHttpResponseCodec.java:122)
	at org.openqa.selenium.remote.http.W3CHttpResponseCodec.decode(W3CHttpResponseCodec.java:49)
	at org.openqa.selenium.remote.HttpCommandExecutor.execute(HttpCommandExecutor.java:158)
	at org.openqa.selenium.remote.RemoteWebDriver.execute(RemoteWebDriver.java:552)
	at com.kms.katalon.core.webui.driver.ExistingRemoteWebDriver.execute(ExistingRemoteWebDriver.java:108)
	at org.openqa.selenium.remote.RemoteWebElement.execute(RemoteWebElement.java:285)
	at org.openqa.selenium.remote.RemoteWebElement.click(RemoteWebElement.java:84)
	at org.openqa.selenium.support.events.EventFiringWebDriver$EventFiringWebElement.lambda$new$0(EventFiringWebDriver.java:404)
	at com.sun.proxy.$Proxy9.click(Unknown Source)
	at org.openqa.selenium.support.events.EventFiringWebDriver$EventFiringWebElement.click(EventFiringWebDriver.java:417)
	at com.kms.katalon.core.webui.keyword.builtin.ClickKeyword$_click_closure1.doCall(ClickKeyword.groovy:69)
	at com.kms.katalon.core.webui.keyword.builtin.ClickKeyword$_click_closure1.call(ClickKeyword.groovy)
	at com.kms.katalon.core.webui.keyword.internal.WebUIKeywordMain.runKeyword(WebUIKeywordMain.groovy:20)
	at com.kms.katalon.core.webui.keyword.builtin.ClickKeyword.click(ClickKeyword.groovy:76)
	at com.kms.katalon.core.webui.keyword.builtin.ClickKeyword.execute(ClickKeyword.groovy:43)
	at com.kms.katalon.core.keyword.internal.KeywordExecutor.executeKeywordForPlatform(KeywordExecutor.groovy:72)
	at com.kms.katalon.core.webui.keyword.WebUiBuiltInKeywords.click(WebUiBuiltInKeywords.groovy:616)
	at com.kms.katalon.core.webui.keyword.WebUiBuiltInKeywords$click$0.call(Unknown Source)
	at Script1549506362832.run(Script1549506362832.groovy:28)
	... 13 more
)
	at com.kms.katalon.core.keyword.internal.KeywordMain.stepFailed(KeywordMain.groovy:39)
	at com.kms.katalon.core.webui.keyword.internal.WebUIKeywordMain.stepFailed(WebUIKeywordMain.groovy:64)
	at com.kms.katalon.core.webui.keyword.internal.WebUIKeywordMain.runKeyword(WebUIKeywordMain.groovy:26)
	at com.kms.katalon.core.webui.keyword.builtin.ClickKeyword.click(ClickKeyword.groovy:76)
	at com.kms.katalon.core.webui.keyword.builtin.ClickKeyword.execute(ClickKeyword.groovy:43)
	at com.kms.katalon.core.keyword.internal.KeywordExecutor.executeKeywordForPlatform(KeywordExecutor.groovy:72)
	at com.kms.katalon.core.webui.keyword.WebUiBuiltInKeywords.click(WebUiBuiltInKeywords.groovy:616)
	at com.kms.katalon.core.webui.keyword.WebUiBuiltInKeywords$click$0.call(Unknown Source)
	at Add Category.run(Add Category:28)
	at com.kms.katalon.core.main.ScriptEngine.run(ScriptEngine.java:194)
	at com.kms.katalon.core.main.ScriptEngine.runScriptAsRawText(ScriptEngine.java:119)
	at com.kms.katalon.core.main.TestCaseExecutor.runScript(TestCaseExecutor.java:337)
	at com.kms.katalon.core.main.TestCaseExecutor.doExecute(TestCaseExecutor.java:328)
	at com.kms.katalon.core.main.TestCaseExecutor.processExecutionPhase(TestCaseExecutor.java:307)
	at com.kms.katalon.core.main.TestCaseExecutor.accessMainPhase(TestCaseExecutor.java:299)
	at com.kms.katalon.core.main.TestCaseExecutor.execute(TestCaseExecutor.java:233)
	at com.kms.katalon.core.main.TestSuiteExecutor.accessTestCaseMainPhase(TestSuiteExecutor.java:169)
	at com.kms.katalon.core.main.TestSuiteExecutor.accessTestSuiteMainPhase(TestSuiteExecutor.java:142)
	at com.kms.katalon.core.main.TestSuiteExecutor.execute(TestSuiteExecutor.java:91)
	at com.kms.katalon.core.main.TestCaseMain.startTestSuite(TestCaseMain.java:157)
	at com.kms.katalon.core.main.TestCaseMain$startTestSuite$0.call(Unknown Source)
	at TempTestSuite1584598607274.run(TempTestSuite1584598607274.groovy:36)
Caused by: com.kms.katalon.core.exception.StepFailedException: Unable to click on object 'Object Repository/ADMIN/Categories/Category List/button_Categories'
	... 21 more
Caused by: org.openqa.selenium.ElementNotInteractableException: element not interactable
  (Session info: chrome=80.0.3987.132)
Build info: version: '3.141.59', revision: 'e82be7d358', time: '2018-11-14T08:25:53'
System info: host: 'ARCADIER-03', ip: '192.168.254.105', os.name: 'Windows 7', os.arch: 'amd64', os.version: '6.1', java.version: '1.8.0_181'
Driver info: com.kms.katalon.core.webui.driver.ExistingRemoteWebDriver
Capabilities {javascriptEnabled: true, platform: ANY, platformName: ANY}
Session ID: 66da7635ded2d355388026ca8e7d8eff
	at org.openqa.selenium.remote.http.W3CHttpResponseCodec.createException(W3CHttpResponseCodec.java:187)
	at org.openqa.selenium.remote.http.W3CHttpResponseCodec.decode(W3CHttpResponseCodec.java:122)
	at org.openqa.selenium.remote.http.W3CHttpResponseCodec.decode(W3CHttpResponseCodec.java:49)
	at org.openqa.selenium.remote.HttpCommandExecutor.execute(HttpCommandExecutor.java:158)
	at org.openqa.selenium.remote.RemoteWebDriver.execute(RemoteWebDriver.java:552)
	at com.kms.katalon.core.webui.driver.ExistingRemoteWebDriver.execute(ExistingRemoteWebDriver.java:108)
	at org.openqa.selenium.remote.RemoteWebElement.execute(RemoteWebElement.java:285)
	at org.openqa.selenium.remote.RemoteWebElement.click(RemoteWebElement.java:84)
	at org.openqa.selenium.support.events.EventFiringWebDriver$EventFiringWebElement.lambda$new$0(EventFiringWebDriver.java:404)
	at com.sun.proxy.$Proxy9.click(Unknown Source)
	at org.openqa.selenium.support.events.EventFiringWebDriver$EventFiringWebElement.click(EventFiringWebDriver.java:417)
	at com.kms.katalon.core.webui.keyword.builtin.ClickKeyword$_click_closure1.doCall(ClickKeyword.groovy:69)
	at com.kms.katalon.core.webui.keyword.builtin.ClickKeyword$_click_closure1.call(ClickKeyword.groovy)
	at com.kms.katalon.core.webui.keyword.internal.WebUIKeywordMain.runKeyword(WebUIKeywordMain.groovy:20)
	... 19 more
"/>
         <system-out><![CDATA[2020-03-19 14:26:10 - [TEST_CASE][FAILED] - Test Cases/ADMIN/Content Mgmt/Categories/Category Add-Edit/Add Category: Test Cases/ADMIN/Content Mgmt/Categories/Category Add-Edit/Add Category FAILED.
Reason:
com.kms.katalon.core.exception.StepFailedException: Unable to click on object 'Object Repository/ADMIN/Categories/Category List/button_Categories' (Root cause: com.kms.katalon.core.exception.StepFailedException: Unable to click on object 'Object Repository/ADMIN/Categories/Category List/button_Categories'
	at com.kms.katalon.core.webui.keyword.internal.WebUIKeywordMain.stepFailed(WebUIKeywordMain.groovy:64)
	at com.kms.katalon.core.webui.keyword.internal.WebUIKeywordMain.runKeyword(WebUIKeywordMain.groovy:26)
	at com.kms.katalon.core.webui.keyword.builtin.ClickKeyword.click(ClickKeyword.groovy:76)
	at com.kms.katalon.core.webui.keyword.builtin.ClickKeyword.execute(ClickKeyword.groovy:43)
	at com.kms.katalon.core.keyword.internal.KeywordExecutor.executeKeywordForPlatform(KeywordExecutor.groovy:72)
	at com.kms.katalon.core.webui.keyword.WebUiBuiltInKeywords.click(WebUiBuiltInKeywords.groovy:616)
	at com.kms.katalon.core.webui.keyword.WebUiBuiltInKeywords$click$0.call(Unknown Source)
	at Add Category.run(Add Category:28)
	at com.kms.katalon.core.main.ScriptEngine.run(ScriptEngine.java:194)
	at com.kms.katalon.core.main.ScriptEngine.runScriptAsRawText(ScriptEngine.java:119)
	at com.kms.katalon.core.main.TestCaseExecutor.runScript(TestCaseExecutor.java:337)
	at com.kms.katalon.core.main.TestCaseExecutor.doExecute(TestCaseExecutor.java:328)
	at com.kms.katalon.core.main.TestCaseExecutor.processExecutionPhase(TestCaseExecutor.java:307)
	at com.kms.katalon.core.main.TestCaseExecutor.accessMainPhase(TestCaseExecutor.java:299)
	at com.kms.katalon.core.main.TestCaseExecutor.execute(TestCaseExecutor.java:233)
	at com.kms.katalon.core.main.TestSuiteExecutor.accessTestCaseMainPhase(TestSuiteExecutor.java:169)
	at com.kms.katalon.core.main.TestSuiteExecutor.accessTestSuiteMainPhase(TestSuiteExecutor.java:142)
	at com.kms.katalon.core.main.TestSuiteExecutor.execute(TestSuiteExecutor.java:91)
	at com.kms.katalon.core.main.TestCaseMain.startTestSuite(TestCaseMain.java:157)
	at com.kms.katalon.core.main.TestCaseMain$startTestSuite$0.call(Unknown Source)
	at TempTestSuite1584598607274.run(TempTestSuite1584598607274.groovy:36)
Caused by: org.openqa.selenium.ElementNotInteractableException: element not interactable
  (Session info: chrome=80.0.3987.132)
Build info: version: '3.141.59', revision: 'e82be7d358', time: '2018-11-14T08:25:53'
System info: host: 'ARCADIER-03', ip: '192.168.254.105', os.name: 'Windows 7', os.arch: 'amd64', os.version: '6.1', java.version: '1.8.0_181'
Driver info: com.kms.katalon.core.webui.driver.ExistingRemoteWebDriver
Capabilities {javascriptEnabled: true, platform: ANY, platformName: ANY}
Session ID: 66da7635ded2d355388026ca8e7d8eff
	at org.openqa.selenium.remote.http.W3CHttpResponseCodec.createException(W3CHttpResponseCodec.java:187)
	at org.openqa.selenium.remote.http.W3CHttpResponseCodec.decode(W3CHttpResponseCodec.java:122)
	at org.openqa.selenium.remote.http.W3CHttpResponseCodec.decode(W3CHttpResponseCodec.java:49)
	at org.openqa.selenium.remote.HttpCommandExecutor.execute(HttpCommandExecutor.java:158)
	at org.openqa.selenium.remote.RemoteWebDriver.execute(RemoteWebDriver.java:552)
	at com.kms.katalon.core.webui.driver.ExistingRemoteWebDriver.execute(ExistingRemoteWebDriver.java:108)
	at org.openqa.selenium.remote.RemoteWebElement.execute(RemoteWebElement.java:285)
	at org.openqa.selenium.remote.RemoteWebElement.click(RemoteWebElement.java:84)
	at org.openqa.selenium.support.events.EventFiringWebDriver$EventFiringWebElement.lambda$new$0(EventFiringWebDriver.java:404)
	at com.sun.proxy.$Proxy9.click(Unknown Source)
	at org.openqa.selenium.support.events.EventFiringWebDriver$EventFiringWebElement.click(EventFiringWebDriver.java:417)
	at com.kms.katalon.core.webui.keyword.builtin.ClickKeyword$_click_closure1.doCall(ClickKeyword.groovy:69)
	at com.kms.katalon.core.webui.keyword.builtin.ClickKeyword$_click_closure1.call(ClickKeyword.groovy)
	at com.kms.katalon.core.webui.keyword.internal.WebUIKeywordMain.runKeyword(WebUIKeywordMain.groovy:20)
	at com.kms.katalon.core.webui.keyword.builtin.ClickKeyword.click(ClickKeyword.groovy:76)
	at com.kms.katalon.core.webui.keyword.builtin.ClickKeyword.execute(ClickKeyword.groovy:43)
	at com.kms.katalon.core.keyword.internal.KeywordExecutor.executeKeywordForPlatform(KeywordExecutor.groovy:72)
	at com.kms.katalon.core.webui.keyword.WebUiBuiltInKeywords.click(WebUiBuiltInKeywords.groovy:616)
	at com.kms.katalon.core.webui.keyword.WebUiBuiltInKeywords$click$0.call(Unknown Source)
	at Script1549506362832.run(Script1549506362832.groovy:28)
	... 13 more
)
	at com.kms.katalon.core.keyword.internal.KeywordMain.stepFailed(KeywordMain.groovy:39)
	at com.kms.katalon.core.webui.keyword.internal.WebUIKeywordMain.stepFailed(WebUIKeywordMain.groovy:64)
	at com.kms.katalon.core.webui.keyword.internal.WebUIKeywordMain.runKeyword(WebUIKeywordMain.groovy:26)
	at com.kms.katalon.core.webui.keyword.builtin.ClickKeyword.click(ClickKeyword.groovy:76)
	at com.kms.katalon.core.webui.keyword.builtin.ClickKeyword.execute(ClickKeyword.groovy:43)
	at com.kms.katalon.core.keyword.internal.KeywordExecutor.executeKeywordForPlatform(KeywordExecutor.groovy:72)
	at com.kms.katalon.core.webui.keyword.WebUiBuiltInKeywords.click(WebUiBuiltInKeywords.groovy:616)
	at com.kms.katalon.core.webui.keyword.WebUiBuiltInKeywords$click$0.call(Unknown Source)
	at Add Category.run(Add Category:28)
	at com.kms.katalon.core.main.ScriptEngine.run(ScriptEngine.java:194)
	at com.kms.katalon.core.main.ScriptEngine.runScriptAsRawText(ScriptEngine.java:119)
	at com.kms.katalon.core.main.TestCaseExecutor.runScript(TestCaseExecutor.java:337)
	at com.kms.katalon.core.main.TestCaseExecutor.doExecute(TestCaseExecutor.java:328)
	at com.kms.katalon.core.main.TestCaseExecutor.processExecutionPhase(TestCaseExecutor.java:307)
	at com.kms.katalon.core.main.TestCaseExecutor.accessMainPhase(TestCaseExecutor.java:299)
	at com.kms.katalon.core.main.TestCaseExecutor.execute(TestCaseExecutor.java:233)
	at com.kms.katalon.core.main.TestSuiteExecutor.accessTestCaseMainPhase(TestSuiteExecutor.java:169)
	at com.kms.katalon.core.main.TestSuiteExecutor.accessTestSuiteMainPhase(TestSuiteExecutor.java:142)
	at com.kms.katalon.core.main.TestSuiteExecutor.execute(TestSuiteExecutor.java:91)
	at com.kms.katalon.core.main.TestCaseMain.startTestSuite(TestCaseMain.java:157)
	at com.kms.katalon.core.main.TestCaseMain$startTestSuite$0.call(Unknown Source)
	at TempTestSuite1584598607274.run(TempTestSuite1584598607274.groovy:36)
Caused by: com.kms.katalon.core.exception.StepFailedException: Unable to click on object 'Object Repository/ADMIN/Categories/Category List/button_Categories'
	... 21 more
Caused by: org.openqa.selenium.ElementNotInteractableException: element not interactable
  (Session info: chrome=80.0.3987.132)
Build info: version: '3.141.59', revision: 'e82be7d358', time: '2018-11-14T08:25:53'
System info: host: 'ARCADIER-03', ip: '192.168.254.105', os.name: 'Windows 7', os.arch: 'amd64', os.version: '6.1', java.version: '1.8.0_181'
Driver info: com.kms.katalon.core.webui.driver.ExistingRemoteWebDriver
Capabilities {javascriptEnabled: true, platform: ANY, platformName: ANY}
Session ID: 66da7635ded2d355388026ca8e7d8eff
	at org.openqa.selenium.remote.http.W3CHttpResponseCodec.createException(W3CHttpResponseCodec.java:187)
	at org.openqa.selenium.remote.http.W3CHttpResponseCodec.decode(W3CHttpResponseCodec.java:122)
	at org.openqa.selenium.remote.http.W3CHttpResponseCodec.decode(W3CHttpResponseCodec.java:49)
	at org.openqa.selenium.remote.HttpCommandExecutor.execute(HttpCommandExecutor.java:158)
	at org.openqa.selenium.remote.RemoteWebDriver.execute(RemoteWebDriver.java:552)
	at com.kms.katalon.core.webui.driver.ExistingRemoteWebDriver.execute(ExistingRemoteWebDriver.java:108)
	at org.openqa.selenium.remote.RemoteWebElement.execute(RemoteWebElement.java:285)
	at org.openqa.selenium.remote.RemoteWebElement.click(RemoteWebElement.java:84)
	at org.openqa.selenium.support.events.EventFiringWebDriver$EventFiringWebElement.lambda$new$0(EventFiringWebDriver.java:404)
	at com.sun.proxy.$Proxy9.click(Unknown Source)
	at org.openqa.selenium.support.events.EventFiringWebDriver$EventFiringWebElement.click(EventFiringWebDriver.java:417)
	at com.kms.katalon.core.webui.keyword.builtin.ClickKeyword$_click_closure1.doCall(ClickKeyword.groovy:69)
	at com.kms.katalon.core.webui.keyword.builtin.ClickKeyword$_click_closure1.call(ClickKeyword.groovy)
	at com.kms.katalon.core.webui.keyword.internal.WebUIKeywordMain.runKeyword(WebUIKeywordMain.groovy:20)
	... 19 more


2020-03-19 14:26:10 - [TEST_STEP][PASSED] - waitForElementVisible(findTestObject("ADMIN/Categories/Category List/button_Content Mgmt"), 0): Object 'Object Repository/ADMIN/Categories/Category List/button_Content Mgmt' is visible

2020-03-19 14:26:10 - [MESSAGE][WARNING] - Timeout '0' is invalid. Using default page load timeout: '30'

2020-03-19 14:26:11 - [MESSAGE][PASSED] - Object 'Object Repository/ADMIN/Categories/Category List/button_Content Mgmt' is visible

2020-03-19 14:26:11 - [TEST_STEP][PASSED] - click(findTestObject("ADMIN/Categories/Category List/button_Content Mgmt")): Object: 'Object Repository/ADMIN/Categories/Category List/button_Content Mgmt' is clicked on

2020-03-19 14:26:11 - [MESSAGE][PASSED] - Object: 'Object Repository/ADMIN/Categories/Category List/button_Content Mgmt' is clicked on

2020-03-19 14:26:11 - [TEST_STEP][PASSED] - waitForElementVisible(findTestObject("ADMIN/Categories/Category List/button_Categories"), 0): Object 'Object Repository/ADMIN/Categories/Category List/button_Categories' is visible

2020-03-19 14:26:11 - [MESSAGE][WARNING] - Timeout '0' is invalid. Using default page load timeout: '30'

2020-03-19 14:26:11 - [MESSAGE][PASSED] - Object 'Object Repository/ADMIN/Categories/Category List/button_Categories' is visible

2020-03-19 14:26:11 - [TEST_STEP][FAILED] - click(findTestObject("ADMIN/Categories/Category List/button_Categories")): Unable to click on object 'Object Repository/ADMIN/Categories/Category List/button_Categories' (Root cause: com.kms.katalon.core.exception.StepFailedException: Unable to click on object 'Object Repository/ADMIN/Categories/Category List/button_Categories'
	at com.kms.katalon.core.webui.keyword.internal.WebUIKeywordMain.stepFailed(WebUIKeywordMain.groovy:64)
	at com.kms.katalon.core.webui.keyword.internal.WebUIKeywordMain.runKeyword(WebUIKeywordMain.groovy:26)
	at com.kms.katalon.core.webui.keyword.builtin.ClickKeyword.click(ClickKeyword.groovy:76)
	at com.kms.katalon.core.webui.keyword.builtin.ClickKeyword.execute(ClickKeyword.groovy:43)
	at com.kms.katalon.core.keyword.internal.KeywordExecutor.executeKeywordForPlatform(KeywordExecutor.groovy:72)
	at com.kms.katalon.core.webui.keyword.WebUiBuiltInKeywords.click(WebUiBuiltInKeywords.groovy:616)
	at com.kms.katalon.core.webui.keyword.WebUiBuiltInKeywords$click$0.call(Unknown Source)
	at Add Category.run(Add Category:28)
	at com.kms.katalon.core.main.ScriptEngine.run(ScriptEngine.java:194)
	at com.kms.katalon.core.main.ScriptEngine.runScriptAsRawText(ScriptEngine.java:119)
	at com.kms.katalon.core.main.TestCaseExecutor.runScript(TestCaseExecutor.java:337)
	at com.kms.katalon.core.main.TestCaseExecutor.doExecute(TestCaseExecutor.java:328)
	at com.kms.katalon.core.main.TestCaseExecutor.processExecutionPhase(TestCaseExecutor.java:307)
	at com.kms.katalon.core.main.TestCaseExecutor.accessMainPhase(TestCaseExecutor.java:299)
	at com.kms.katalon.core.main.TestCaseExecutor.execute(TestCaseExecutor.java:233)
	at com.kms.katalon.core.main.TestSuiteExecutor.accessTestCaseMainPhase(TestSuiteExecutor.java:169)
	at com.kms.katalon.core.main.TestSuiteExecutor.accessTestSuiteMainPhase(TestSuiteExecutor.java:142)
	at com.kms.katalon.core.main.TestSuiteExecutor.execute(TestSuiteExecutor.java:91)
	at com.kms.katalon.core.main.TestCaseMain.startTestSuite(TestCaseMain.java:157)
	at com.kms.katalon.core.main.TestCaseMain$startTestSuite$0.call(Unknown Source)
	at TempTestSuite1584598607274.run(TempTestSuite1584598607274.groovy:36)
Caused by: org.openqa.selenium.ElementNotInteractableException: element not interactable
  (Session info: chrome=80.0.3987.132)
Build info: version: '3.141.59', revision: 'e82be7d358', time: '2018-11-14T08:25:53'
System info: host: 'ARCADIER-03', ip: '192.168.254.105', os.name: 'Windows 7', os.arch: 'amd64', os.version: '6.1', java.version: '1.8.0_181'
Driver info: com.kms.katalon.core.webui.driver.ExistingRemoteWebDriver
Capabilities {javascriptEnabled: true, platform: ANY, platformName: ANY}
Session ID: 66da7635ded2d355388026ca8e7d8eff
	at org.openqa.selenium.remote.http.W3CHttpResponseCodec.createException(W3CHttpResponseCodec.java:187)
	at org.openqa.selenium.remote.http.W3CHttpResponseCodec.decode(W3CHttpResponseCodec.java:122)
	at org.openqa.selenium.remote.http.W3CHttpResponseCodec.decode(W3CHttpResponseCodec.java:49)
	at org.openqa.selenium.remote.HttpCommandExecutor.execute(HttpCommandExecutor.java:158)
	at org.openqa.selenium.remote.RemoteWebDriver.execute(RemoteWebDriver.java:552)
	at com.kms.katalon.core.webui.driver.ExistingRemoteWebDriver.execute(ExistingRemoteWebDriver.java:108)
	at org.openqa.selenium.remote.RemoteWebElement.execute(RemoteWebElement.java:285)
	at org.openqa.selenium.remote.RemoteWebElement.click(RemoteWebElement.java:84)
	at org.openqa.selenium.support.events.EventFiringWebDriver$EventFiringWebElement.lambda$new$0(EventFiringWebDriver.java:404)
	at com.sun.proxy.$Proxy9.click(Unknown Source)
	at org.openqa.selenium.support.events.EventFiringWebDriver$EventFiringWebElement.click(EventFiringWebDriver.java:417)
	at com.kms.katalon.core.webui.keyword.builtin.ClickKeyword$_click_closure1.doCall(ClickKeyword.groovy:69)
	at com.kms.katalon.core.webui.keyword.builtin.ClickKeyword$_click_closure1.call(ClickKeyword.groovy)
	at com.kms.katalon.core.webui.keyword.internal.WebUIKeywordMain.runKeyword(WebUIKeywordMain.groovy:20)
	at com.kms.katalon.core.webui.keyword.builtin.ClickKeyword.click(ClickKeyword.groovy:76)
	at com.kms.katalon.core.webui.keyword.builtin.ClickKeyword.execute(ClickKeyword.groovy:43)
	at com.kms.katalon.core.keyword.internal.KeywordExecutor.executeKeywordForPlatform(KeywordExecutor.groovy:72)
	at com.kms.katalon.core.webui.keyword.WebUiBuiltInKeywords.click(WebUiBuiltInKeywords.groovy:616)
	at com.kms.katalon.core.webui.keyword.WebUiBuiltInKeywords$click$0.call(Unknown Source)
	at Script1549506362832.run(Script1549506362832.groovy:28)
	... 13 more
)

2020-03-19 14:26:11 - [MESSAGE][FAILED] - Unable to click on object 'Object Repository/ADMIN/Categories/Category List/button_Categories' (Root cause: com.kms.katalon.core.exception.StepFailedException: Unable to click on object 'Object Repository/ADMIN/Categories/Category List/button_Categories'
	at com.kms.katalon.core.webui.keyword.internal.WebUIKeywordMain.stepFailed(WebUIKeywordMain.groovy:64)
	at com.kms.katalon.core.webui.keyword.internal.WebUIKeywordMain.runKeyword(WebUIKeywordMain.groovy:26)
	at com.kms.katalon.core.webui.keyword.builtin.ClickKeyword.click(ClickKeyword.groovy:76)
	at com.kms.katalon.core.webui.keyword.builtin.ClickKeyword.execute(ClickKeyword.groovy:43)
	at com.kms.katalon.core.keyword.internal.KeywordExecutor.executeKeywordForPlatform(KeywordExecutor.groovy:72)
	at com.kms.katalon.core.webui.keyword.WebUiBuiltInKeywords.click(WebUiBuiltInKeywords.groovy:616)
	at com.kms.katalon.core.webui.keyword.WebUiBuiltInKeywords$click$0.call(Unknown Source)
	at Add Category.run(Add Category:28)
	at com.kms.katalon.core.main.ScriptEngine.run(ScriptEngine.java:194)
	at com.kms.katalon.core.main.ScriptEngine.runScriptAsRawText(ScriptEngine.java:119)
	at com.kms.katalon.core.main.TestCaseExecutor.runScript(TestCaseExecutor.java:337)
	at com.kms.katalon.core.main.TestCaseExecutor.doExecute(TestCaseExecutor.java:328)
	at com.kms.katalon.core.main.TestCaseExecutor.processExecutionPhase(TestCaseExecutor.java:307)
	at com.kms.katalon.core.main.TestCaseExecutor.accessMainPhase(TestCaseExecutor.java:299)
	at com.kms.katalon.core.main.TestCaseExecutor.execute(TestCaseExecutor.java:233)
	at com.kms.katalon.core.main.TestSuiteExecutor.accessTestCaseMainPhase(TestSuiteExecutor.java:169)
	at com.kms.katalon.core.main.TestSuiteExecutor.accessTestSuiteMainPhase(TestSuiteExecutor.java:142)
	at com.kms.katalon.core.main.TestSuiteExecutor.execute(TestSuiteExecutor.java:91)
	at com.kms.katalon.core.main.TestCaseMain.startTestSuite(TestCaseMain.java:157)
	at com.kms.katalon.core.main.TestCaseMain$startTestSuite$0.call(Unknown Source)
	at TempTestSuite1584598607274.run(TempTestSuite1584598607274.groovy:36)
Caused by: org.openqa.selenium.ElementNotInteractableException: element not interactable
  (Session info: chrome=80.0.3987.132)
Build info: version: '3.141.59', revision: 'e82be7d358', time: '2018-11-14T08:25:53'
System info: host: 'ARCADIER-03', ip: '192.168.254.105', os.name: 'Windows 7', os.arch: 'amd64', os.version: '6.1', java.version: '1.8.0_181'
Driver info: com.kms.katalon.core.webui.driver.ExistingRemoteWebDriver
Capabilities {javascriptEnabled: true, platform: ANY, platformName: ANY}
Session ID: 66da7635ded2d355388026ca8e7d8eff
	at org.openqa.selenium.remote.http.W3CHttpResponseCodec.createException(W3CHttpResponseCodec.java:187)
	at org.openqa.selenium.remote.http.W3CHttpResponseCodec.decode(W3CHttpResponseCodec.java:122)
	at org.openqa.selenium.remote.http.W3CHttpResponseCodec.decode(W3CHttpResponseCodec.java:49)
	at org.openqa.selenium.remote.HttpCommandExecutor.execute(HttpCommandExecutor.java:158)
	at org.openqa.selenium.remote.RemoteWebDriver.execute(RemoteWebDriver.java:552)
	at com.kms.katalon.core.webui.driver.ExistingRemoteWebDriver.execute(ExistingRemoteWebDriver.java:108)
	at org.openqa.selenium.remote.RemoteWebElement.execute(RemoteWebElement.java:285)
	at org.openqa.selenium.remote.RemoteWebElement.click(RemoteWebElement.java:84)
	at org.openqa.selenium.support.events.EventFiringWebDriver$EventFiringWebElement.lambda$new$0(EventFiringWebDriver.java:404)
	at com.sun.proxy.$Proxy9.click(Unknown Source)
	at org.openqa.selenium.support.events.EventFiringWebDriver$EventFiringWebElement.click(EventFiringWebDriver.java:417)
	at com.kms.katalon.core.webui.keyword.builtin.ClickKeyword$_click_closure1.doCall(ClickKeyword.groovy:69)
	at com.kms.katalon.core.webui.keyword.builtin.ClickKeyword$_click_closure1.call(ClickKeyword.groovy)
	at com.kms.katalon.core.webui.keyword.internal.WebUIKeywordMain.runKeyword(WebUIKeywordMain.groovy:20)
	at com.kms.katalon.core.webui.keyword.builtin.ClickKeyword.click(ClickKeyword.groovy:76)
	at com.kms.katalon.core.webui.keyword.builtin.ClickKeyword.execute(ClickKeyword.groovy:43)
	at com.kms.katalon.core.keyword.internal.KeywordExecutor.executeKeywordForPlatform(KeywordExecutor.groovy:72)
	at com.kms.katalon.core.webui.keyword.WebUiBuiltInKeywords.click(WebUiBuiltInKeywords.groovy:616)
	at com.kms.katalon.core.webui.keyword.WebUiBuiltInKeywords$click$0.call(Unknown Source)
	at Script1549506362832.run(Script1549506362832.groovy:28)
	... 13 more
)
[[ATTACHMENT|C:\\Katalon\\Arctick\\Reports\\20200319_141647\\Admin\\Admin Add Category\\20200319_141647\\1584599171438.png]]

2020-03-19 14:26:11 - [TEST_STEP][PASSED] - waitForPageLoad(0, STOP_ON_FAILURE): Wait for page load successfully

2020-03-19 14:26:11 - [MESSAGE][WARNING] - Timeout '0' is invalid. Using default page load timeout: '30'

2020-03-19 14:26:11 - [MESSAGE][PASSED] - Wait for page load successfully

2020-03-19 14:26:11 - [TEST_STEP][PASSED] - click(findTestObject("ADMIN/Categories/Category List/button_Add a Category")): Object: 'Object Repository/ADMIN/Categories/Category List/button_Add a Category' is clicked on

2020-03-19 14:26:12 - [MESSAGE][PASSED] - Object: 'Object Repository/ADMIN/Categories/Category List/button_Add a Category' is clicked on

2020-03-19 14:26:12 - [TEST_STEP][PASSED] - waitForElementPresent(findTestObject("ADMIN/Categories/Category/dropdown_Parent"), 2): Object 'Object Repository/ADMIN/Categories/Category/dropdown_Parent' is present

2020-03-19 14:26:12 - [MESSAGE][PASSED] - Object 'Object Repository/ADMIN/Categories/Category/dropdown_Parent' is present

2020-03-19 14:26:12 - [TEST_STEP][PASSED] - delay(1): Delayed 1 second(s)

2020-03-19 14:26:13 - [MESSAGE][PASSED] - Delayed 1 second(s)

2020-03-19 14:26:13 - [TEST_STEP][PASSED] - setText(findTestObject("ADMIN/Categories/Category/textfield_Category Name"), CategoryNametext): Text 'Category 5.1.5' is set on object 'Object Repository/ADMIN/Categories/Category/textfield_Category Name'

2020-03-19 14:26:13 - [MESSAGE][PASSED] - Text 'Category 5.1.5' is set on object 'Object Repository/ADMIN/Categories/Category/textfield_Category Name'

2020-03-19 14:26:13 - [TEST_STEP][PASSED] - click(findTestObject("ADMIN/Categories/Category/dropdown_Parent")): Object: 'Object Repository/ADMIN/Categories/Category/dropdown_Parent' is clicked on

2020-03-19 14:26:13 - [MESSAGE][PASSED] - Object: 'Object Repository/ADMIN/Categories/Category/dropdown_Parent' is clicked on

2020-03-19 14:26:13 - [TEST_STEP][PASSED] - delay(2): Delayed 2 second(s)

2020-03-19 14:26:15 - [MESSAGE][PASSED] - Delayed 2 second(s)

2020-03-19 14:26:15 - [TEST_STEP][PASSED] - click(findTestObject("ADMIN/Categories/Category/dropdown_Parent")): Object: 'Object Repository/ADMIN/Categories/Category/dropdown_Parent' is clicked on

2020-03-19 14:26:15 - [MESSAGE][PASSED] - Object: 'Object Repository/ADMIN/Categories/Category/dropdown_Parent' is clicked on

2020-03-19 14:26:15 - [TEST_STEP][PASSED] - selectOptionByLabel(findTestObject("ADMIN/Categories/Category/dropdown_Parent"), ParentName, false): All options with label 'Category 5.1' are selected in object 'Object Repository/ADMIN/Categories/Category/dropdown_Parent' 

2020-03-19 14:26:15 - [MESSAGE][PASSED] - All options with label 'Category 5.1' are selected in object 'Object Repository/ADMIN/Categories/Category/dropdown_Parent' 

2020-03-19 14:26:15 - [TEST_STEP][PASSED] - click(findTestObject("ADMIN/Categories/Category/button_Browse")): Object: 'Object Repository/ADMIN/Categories/Category/button_Browse' is clicked on

2020-03-19 14:26:15 - [MESSAGE][PASSED] - Object: 'Object Repository/ADMIN/Categories/Category/button_Browse' is clicked on

2020-03-19 14:26:15 - [TEST_STEP][PASSED] - delay(2): Delayed 2 second(s)

2020-03-19 14:26:17 - [MESSAGE][PASSED] - Delayed 2 second(s)

2020-03-19 14:26:17 - [TEST_STEP][PASSED] - uploadFile(findTestObject("ADMIN/Categories/Category/image_input image"), CategoryImageUpload): File 'C:\\Katalon\\Arctick\\Images\\Category\\5.png' sent to object: 'Object Repository/ADMIN/Categories/Category/image_input image'

2020-03-19 14:26:18 - [MESSAGE][PASSED] - File 'C:\\Katalon\\Arctick\\Images\\Category\\5.png' sent to object: 'Object Repository/ADMIN/Categories/Category/image_input image'

2020-03-19 14:26:18 - [TEST_STEP][PASSED] - waitForElementVisible(findTestObject("ADMIN/Categories/Category/button_upload check"), 0): Object 'Object Repository/ADMIN/Categories/Category/button_upload check' is visible

2020-03-19 14:26:18 - [MESSAGE][WARNING] - Timeout '0' is invalid. Using default page load timeout: '30'

2020-03-19 14:26:18 - [MESSAGE][PASSED] - Object 'Object Repository/ADMIN/Categories/Category/button_upload check' is visible

2020-03-19 14:26:18 - [TEST_STEP][PASSED] - click(findTestObject("ADMIN/Categories/Category/button_upload check")): Object: 'Object Repository/ADMIN/Categories/Category/button_upload check' is clicked on

2020-03-19 14:26:18 - [MESSAGE][PASSED] - Object: 'Object Repository/ADMIN/Categories/Category/button_upload check' is clicked on

2020-03-19 14:26:18 - [TEST_STEP][PASSED] - waitForElementVisible(findTestObject("ADMIN/Categories/Category/button_upload save"), 0): Object 'Object Repository/ADMIN/Categories/Category/button_upload save' is visible

2020-03-19 14:26:18 - [MESSAGE][WARNING] - Timeout '0' is invalid. Using default page load timeout: '30'

2020-03-19 14:26:18 - [MESSAGE][PASSED] - Object 'Object Repository/ADMIN/Categories/Category/button_upload save' is visible

2020-03-19 14:26:18 - [TEST_STEP][PASSED] - click(findTestObject("ADMIN/Categories/Category/button_upload save")): Object: 'Object Repository/ADMIN/Categories/Category/button_upload save' is clicked on

2020-03-19 14:26:18 - [MESSAGE][PASSED] - Object: 'Object Repository/ADMIN/Categories/Category/button_upload save' is clicked on

2020-03-19 14:26:18 - [TEST_STEP][PASSED] - setText(findTestObject("ADMIN/Categories/Category/textfield_category_description"), Description): Text 'Description37' is set on object 'Object Repository/ADMIN/Categories/Category/textfield_category_description'

2020-03-19 14:26:19 - [MESSAGE][PASSED] - Text 'Description37' is set on object 'Object Repository/ADMIN/Categories/Category/textfield_category_description'

2020-03-19 14:26:19 - [TEST_STEP][PASSED] - click(findTestObject("ADMIN/Categories/Category/button_Save")): Object: 'Object Repository/ADMIN/Categories/Category/button_Save' is clicked on

2020-03-19 14:26:19 - [MESSAGE][PASSED] - Object: 'Object Repository/ADMIN/Categories/Category/button_Save' is clicked on

2020-03-19 14:26:19 - [TEST_STEP][PASSED] - waitForElementVisible(findTestObject("ADMIN/Categories/Category/label_edit popup"), 0): Object 'Object Repository/ADMIN/Categories/Category/label_edit popup' is visible

2020-03-19 14:26:19 - [MESSAGE][WARNING] - Timeout '0' is invalid. Using default page load timeout: '30'

2020-03-19 14:26:19 - [MESSAGE][PASSED] - Object 'Object Repository/ADMIN/Categories/Category/label_edit popup' is visible

2020-03-19 14:26:19 - [TEST_STEP][PASSED] - waitForElementNotPresent(findTestObject("ADMIN/Categories/Category/label_edit popup"), 0): Web element with id: 'Object Repository/ADMIN/Categories/Category/label_edit popup' located by 'By.xpath: //div[(text() = 'Category was successfully saved.' or . = 'Category was successfully saved.')]' is not present after '30' second(s)

2020-03-19 14:26:19 - [MESSAGE][WARNING] - Timeout '0' is invalid. Using default page load timeout: '30'

2020-03-19 14:26:25 - [MESSAGE][PASSED] - Web element with id: 'Object Repository/ADMIN/Categories/Category/label_edit popup' located by 'By.xpath: //div[(text() = 'Category was successfully saved.' or . = 'Category was successfully saved.')]' is not present after '30' second(s)]]></system-out>
         <system-err><![CDATA[2020-03-19 14:26:10 - [TEST_CASE][FAILED] - Test Cases/ADMIN/Content Mgmt/Categories/Category Add-Edit/Add Category: Test Cases/ADMIN/Content Mgmt/Categories/Category Add-Edit/Add Category FAILED.
Reason:
com.kms.katalon.core.exception.StepFailedException: Unable to click on object 'Object Repository/ADMIN/Categories/Category List/button_Categories' (Root cause: com.kms.katalon.core.exception.StepFailedException: Unable to click on object 'Object Repository/ADMIN/Categories/Category List/button_Categories'
	at com.kms.katalon.core.webui.keyword.internal.WebUIKeywordMain.stepFailed(WebUIKeywordMain.groovy:64)
	at com.kms.katalon.core.webui.keyword.internal.WebUIKeywordMain.runKeyword(WebUIKeywordMain.groovy:26)
	at com.kms.katalon.core.webui.keyword.builtin.ClickKeyword.click(ClickKeyword.groovy:76)
	at com.kms.katalon.core.webui.keyword.builtin.ClickKeyword.execute(ClickKeyword.groovy:43)
	at com.kms.katalon.core.keyword.internal.KeywordExecutor.executeKeywordForPlatform(KeywordExecutor.groovy:72)
	at com.kms.katalon.core.webui.keyword.WebUiBuiltInKeywords.click(WebUiBuiltInKeywords.groovy:616)
	at com.kms.katalon.core.webui.keyword.WebUiBuiltInKeywords$click$0.call(Unknown Source)
	at Add Category.run(Add Category:28)
	at com.kms.katalon.core.main.ScriptEngine.run(ScriptEngine.java:194)
	at com.kms.katalon.core.main.ScriptEngine.runScriptAsRawText(ScriptEngine.java:119)
	at com.kms.katalon.core.main.TestCaseExecutor.runScript(TestCaseExecutor.java:337)
	at com.kms.katalon.core.main.TestCaseExecutor.doExecute(TestCaseExecutor.java:328)
	at com.kms.katalon.core.main.TestCaseExecutor.processExecutionPhase(TestCaseExecutor.java:307)
	at com.kms.katalon.core.main.TestCaseExecutor.accessMainPhase(TestCaseExecutor.java:299)
	at com.kms.katalon.core.main.TestCaseExecutor.execute(TestCaseExecutor.java:233)
	at com.kms.katalon.core.main.TestSuiteExecutor.accessTestCaseMainPhase(TestSuiteExecutor.java:169)
	at com.kms.katalon.core.main.TestSuiteExecutor.accessTestSuiteMainPhase(TestSuiteExecutor.java:142)
	at com.kms.katalon.core.main.TestSuiteExecutor.execute(TestSuiteExecutor.java:91)
	at com.kms.katalon.core.main.TestCaseMain.startTestSuite(TestCaseMain.java:157)
	at com.kms.katalon.core.main.TestCaseMain$startTestSuite$0.call(Unknown Source)
	at TempTestSuite1584598607274.run(TempTestSuite1584598607274.groovy:36)
Caused by: org.openqa.selenium.ElementNotInteractableException: element not interactable
  (Session info: chrome=80.0.3987.132)
Build info: version: '3.141.59', revision: 'e82be7d358', time: '2018-11-14T08:25:53'
System info: host: 'ARCADIER-03', ip: '192.168.254.105', os.name: 'Windows 7', os.arch: 'amd64', os.version: '6.1', java.version: '1.8.0_181'
Driver info: com.kms.katalon.core.webui.driver.ExistingRemoteWebDriver
Capabilities {javascriptEnabled: true, platform: ANY, platformName: ANY}
Session ID: 66da7635ded2d355388026ca8e7d8eff
	at org.openqa.selenium.remote.http.W3CHttpResponseCodec.createException(W3CHttpResponseCodec.java:187)
	at org.openqa.selenium.remote.http.W3CHttpResponseCodec.decode(W3CHttpResponseCodec.java:122)
	at org.openqa.selenium.remote.http.W3CHttpResponseCodec.decode(W3CHttpResponseCodec.java:49)
	at org.openqa.selenium.remote.HttpCommandExecutor.execute(HttpCommandExecutor.java:158)
	at org.openqa.selenium.remote.RemoteWebDriver.execute(RemoteWebDriver.java:552)
	at com.kms.katalon.core.webui.driver.ExistingRemoteWebDriver.execute(ExistingRemoteWebDriver.java:108)
	at org.openqa.selenium.remote.RemoteWebElement.execute(RemoteWebElement.java:285)
	at org.openqa.selenium.remote.RemoteWebElement.click(RemoteWebElement.java:84)
	at org.openqa.selenium.support.events.EventFiringWebDriver$EventFiringWebElement.lambda$new$0(EventFiringWebDriver.java:404)
	at com.sun.proxy.$Proxy9.click(Unknown Source)
	at org.openqa.selenium.support.events.EventFiringWebDriver$EventFiringWebElement.click(EventFiringWebDriver.java:417)
	at com.kms.katalon.core.webui.keyword.builtin.ClickKeyword$_click_closure1.doCall(ClickKeyword.groovy:69)
	at com.kms.katalon.core.webui.keyword.builtin.ClickKeyword$_click_closure1.call(ClickKeyword.groovy)
	at com.kms.katalon.core.webui.keyword.internal.WebUIKeywordMain.runKeyword(WebUIKeywordMain.groovy:20)
	at com.kms.katalon.core.webui.keyword.builtin.ClickKeyword.click(ClickKeyword.groovy:76)
	at com.kms.katalon.core.webui.keyword.builtin.ClickKeyword.execute(ClickKeyword.groovy:43)
	at com.kms.katalon.core.keyword.internal.KeywordExecutor.executeKeywordForPlatform(KeywordExecutor.groovy:72)
	at com.kms.katalon.core.webui.keyword.WebUiBuiltInKeywords.click(WebUiBuiltInKeywords.groovy:616)
	at com.kms.katalon.core.webui.keyword.WebUiBuiltInKeywords$click$0.call(Unknown Source)
	at Script1549506362832.run(Script1549506362832.groovy:28)
	... 13 more
)
	at com.kms.katalon.core.keyword.internal.KeywordMain.stepFailed(KeywordMain.groovy:39)
	at com.kms.katalon.core.webui.keyword.internal.WebUIKeywordMain.stepFailed(WebUIKeywordMain.groovy:64)
	at com.kms.katalon.core.webui.keyword.internal.WebUIKeywordMain.runKeyword(WebUIKeywordMain.groovy:26)
	at com.kms.katalon.core.webui.keyword.builtin.ClickKeyword.click(ClickKeyword.groovy:76)
	at com.kms.katalon.core.webui.keyword.builtin.ClickKeyword.execute(ClickKeyword.groovy:43)
	at com.kms.katalon.core.keyword.internal.KeywordExecutor.executeKeywordForPlatform(KeywordExecutor.groovy:72)
	at com.kms.katalon.core.webui.keyword.WebUiBuiltInKeywords.click(WebUiBuiltInKeywords.groovy:616)
	at com.kms.katalon.core.webui.keyword.WebUiBuiltInKeywords$click$0.call(Unknown Source)
	at Add Category.run(Add Category:28)
	at com.kms.katalon.core.main.ScriptEngine.run(ScriptEngine.java:194)
	at com.kms.katalon.core.main.ScriptEngine.runScriptAsRawText(ScriptEngine.java:119)
	at com.kms.katalon.core.main.TestCaseExecutor.runScript(TestCaseExecutor.java:337)
	at com.kms.katalon.core.main.TestCaseExecutor.doExecute(TestCaseExecutor.java:328)
	at com.kms.katalon.core.main.TestCaseExecutor.processExecutionPhase(TestCaseExecutor.java:307)
	at com.kms.katalon.core.main.TestCaseExecutor.accessMainPhase(TestCaseExecutor.java:299)
	at com.kms.katalon.core.main.TestCaseExecutor.execute(TestCaseExecutor.java:233)
	at com.kms.katalon.core.main.TestSuiteExecutor.accessTestCaseMainPhase(TestSuiteExecutor.java:169)
	at com.kms.katalon.core.main.TestSuiteExecutor.accessTestSuiteMainPhase(TestSuiteExecutor.java:142)
	at com.kms.katalon.core.main.TestSuiteExecutor.execute(TestSuiteExecutor.java:91)
	at com.kms.katalon.core.main.TestCaseMain.startTestSuite(TestCaseMain.java:157)
	at com.kms.katalon.core.main.TestCaseMain$startTestSuite$0.call(Unknown Source)
	at TempTestSuite1584598607274.run(TempTestSuite1584598607274.groovy:36)
Caused by: com.kms.katalon.core.exception.StepFailedException: Unable to click on object 'Object Repository/ADMIN/Categories/Category List/button_Categories'
	... 21 more
Caused by: org.openqa.selenium.ElementNotInteractableException: element not interactable
  (Session info: chrome=80.0.3987.132)
Build info: version: '3.141.59', revision: 'e82be7d358', time: '2018-11-14T08:25:53'
System info: host: 'ARCADIER-03', ip: '192.168.254.105', os.name: 'Windows 7', os.arch: 'amd64', os.version: '6.1', java.version: '1.8.0_181'
Driver info: com.kms.katalon.core.webui.driver.ExistingRemoteWebDriver
Capabilities {javascriptEnabled: true, platform: ANY, platformName: ANY}
Session ID: 66da7635ded2d355388026ca8e7d8eff
	at org.openqa.selenium.remote.http.W3CHttpResponseCodec.createException(W3CHttpResponseCodec.java:187)
	at org.openqa.selenium.remote.http.W3CHttpResponseCodec.decode(W3CHttpResponseCodec.java:122)
	at org.openqa.selenium.remote.http.W3CHttpResponseCodec.decode(W3CHttpResponseCodec.java:49)
	at org.openqa.selenium.remote.HttpCommandExecutor.execute(HttpCommandExecutor.java:158)
	at org.openqa.selenium.remote.RemoteWebDriver.execute(RemoteWebDriver.java:552)
	at com.kms.katalon.core.webui.driver.ExistingRemoteWebDriver.execute(ExistingRemoteWebDriver.java:108)
	at org.openqa.selenium.remote.RemoteWebElement.execute(RemoteWebElement.java:285)
	at org.openqa.selenium.remote.RemoteWebElement.click(RemoteWebElement.java:84)
	at org.openqa.selenium.support.events.EventFiringWebDriver$EventFiringWebElement.lambda$new$0(EventFiringWebDriver.java:404)
	at com.sun.proxy.$Proxy9.click(Unknown Source)
	at org.openqa.selenium.support.events.EventFiringWebDriver$EventFiringWebElement.click(EventFiringWebDriver.java:417)
	at com.kms.katalon.core.webui.keyword.builtin.ClickKeyword$_click_closure1.doCall(ClickKeyword.groovy:69)
	at com.kms.katalon.core.webui.keyword.builtin.ClickKeyword$_click_closure1.call(ClickKeyword.groovy)
	at com.kms.katalon.core.webui.keyword.internal.WebUIKeywordMain.runKeyword(WebUIKeywordMain.groovy:20)
	... 19 more]]></system-err>
      </testcase>
      <testcase name="Test Cases/ADMIN/Content Mgmt/Categories/Category Add-Edit/Add Category" time="14.703" classname="Test Cases/ADMIN/Content Mgmt/Categories/Category Add-Edit/Add Category" status="FAILED">
         <failure type="FAILED" message="Test Cases/ADMIN/Content Mgmt/Categories/Category Add-Edit/Add Category FAILED.
Reason:
com.kms.katalon.core.exception.StepFailedException: Unable to click on object 'Object Repository/ADMIN/Categories/Category List/button_Categories' (Root cause: com.kms.katalon.core.exception.StepFailedException: Unable to click on object 'Object Repository/ADMIN/Categories/Category List/button_Categories'
	at com.kms.katalon.core.webui.keyword.internal.WebUIKeywordMain.stepFailed(WebUIKeywordMain.groovy:64)
	at com.kms.katalon.core.webui.keyword.internal.WebUIKeywordMain.runKeyword(WebUIKeywordMain.groovy:26)
	at com.kms.katalon.core.webui.keyword.builtin.ClickKeyword.click(ClickKeyword.groovy:76)
	at com.kms.katalon.core.webui.keyword.builtin.ClickKeyword.execute(ClickKeyword.groovy:43)
	at com.kms.katalon.core.keyword.internal.KeywordExecutor.executeKeywordForPlatform(KeywordExecutor.groovy:72)
	at com.kms.katalon.core.webui.keyword.WebUiBuiltInKeywords.click(WebUiBuiltInKeywords.groovy:616)
	at com.kms.katalon.core.webui.keyword.WebUiBuiltInKeywords$click$0.call(Unknown Source)
	at Add Category.run(Add Category:28)
	at com.kms.katalon.core.main.ScriptEngine.run(ScriptEngine.java:194)
	at com.kms.katalon.core.main.ScriptEngine.runScriptAsRawText(ScriptEngine.java:119)
	at com.kms.katalon.core.main.TestCaseExecutor.runScript(TestCaseExecutor.java:337)
	at com.kms.katalon.core.main.TestCaseExecutor.doExecute(TestCaseExecutor.java:328)
	at com.kms.katalon.core.main.TestCaseExecutor.processExecutionPhase(TestCaseExecutor.java:307)
	at com.kms.katalon.core.main.TestCaseExecutor.accessMainPhase(TestCaseExecutor.java:299)
	at com.kms.katalon.core.main.TestCaseExecutor.execute(TestCaseExecutor.java:233)
	at com.kms.katalon.core.main.TestSuiteExecutor.accessTestCaseMainPhase(TestSuiteExecutor.java:169)
	at com.kms.katalon.core.main.TestSuiteExecutor.accessTestSuiteMainPhase(TestSuiteExecutor.java:142)
	at com.kms.katalon.core.main.TestSuiteExecutor.execute(TestSuiteExecutor.java:91)
	at com.kms.katalon.core.main.TestCaseMain.startTestSuite(TestCaseMain.java:157)
	at com.kms.katalon.core.main.TestCaseMain$startTestSuite$0.call(Unknown Source)
	at TempTestSuite1584598607274.run(TempTestSuite1584598607274.groovy:36)
Caused by: org.openqa.selenium.ElementNotInteractableException: element not interactable
  (Session info: chrome=80.0.3987.132)
Build info: version: '3.141.59', revision: 'e82be7d358', time: '2018-11-14T08:25:53'
System info: host: 'ARCADIER-03', ip: '192.168.254.105', os.name: 'Windows 7', os.arch: 'amd64', os.version: '6.1', java.version: '1.8.0_181'
Driver info: com.kms.katalon.core.webui.driver.ExistingRemoteWebDriver
Capabilities {javascriptEnabled: true, platform: ANY, platformName: ANY}
Session ID: 66da7635ded2d355388026ca8e7d8eff
	at org.openqa.selenium.remote.http.W3CHttpResponseCodec.createException(W3CHttpResponseCodec.java:187)
	at org.openqa.selenium.remote.http.W3CHttpResponseCodec.decode(W3CHttpResponseCodec.java:122)
	at org.openqa.selenium.remote.http.W3CHttpResponseCodec.decode(W3CHttpResponseCodec.java:49)
	at org.openqa.selenium.remote.HttpCommandExecutor.execute(HttpCommandExecutor.java:158)
	at org.openqa.selenium.remote.RemoteWebDriver.execute(RemoteWebDriver.java:552)
	at com.kms.katalon.core.webui.driver.ExistingRemoteWebDriver.execute(ExistingRemoteWebDriver.java:108)
	at org.openqa.selenium.remote.RemoteWebElement.execute(RemoteWebElement.java:285)
	at org.openqa.selenium.remote.RemoteWebElement.click(RemoteWebElement.java:84)
	at org.openqa.selenium.support.events.EventFiringWebDriver$EventFiringWebElement.lambda$new$0(EventFiringWebDriver.java:404)
	at com.sun.proxy.$Proxy9.click(Unknown Source)
	at org.openqa.selenium.support.events.EventFiringWebDriver$EventFiringWebElement.click(EventFiringWebDriver.java:417)
	at com.kms.katalon.core.webui.keyword.builtin.ClickKeyword$_click_closure1.doCall(ClickKeyword.groovy:69)
	at com.kms.katalon.core.webui.keyword.builtin.ClickKeyword$_click_closure1.call(ClickKeyword.groovy)
	at com.kms.katalon.core.webui.keyword.internal.WebUIKeywordMain.runKeyword(WebUIKeywordMain.groovy:20)
	at com.kms.katalon.core.webui.keyword.builtin.ClickKeyword.click(ClickKeyword.groovy:76)
	at com.kms.katalon.core.webui.keyword.builtin.ClickKeyword.execute(ClickKeyword.groovy:43)
	at com.kms.katalon.core.keyword.internal.KeywordExecutor.executeKeywordForPlatform(KeywordExecutor.groovy:72)
	at com.kms.katalon.core.webui.keyword.WebUiBuiltInKeywords.click(WebUiBuiltInKeywords.groovy:616)
	at com.kms.katalon.core.webui.keyword.WebUiBuiltInKeywords$click$0.call(Unknown Source)
	at Script1549506362832.run(Script1549506362832.groovy:28)
	... 13 more
)
	at com.kms.katalon.core.keyword.internal.KeywordMain.stepFailed(KeywordMain.groovy:39)
	at com.kms.katalon.core.webui.keyword.internal.WebUIKeywordMain.stepFailed(WebUIKeywordMain.groovy:64)
	at com.kms.katalon.core.webui.keyword.internal.WebUIKeywordMain.runKeyword(WebUIKeywordMain.groovy:26)
	at com.kms.katalon.core.webui.keyword.builtin.ClickKeyword.click(ClickKeyword.groovy:76)
	at com.kms.katalon.core.webui.keyword.builtin.ClickKeyword.execute(ClickKeyword.groovy:43)
	at com.kms.katalon.core.keyword.internal.KeywordExecutor.executeKeywordForPlatform(KeywordExecutor.groovy:72)
	at com.kms.katalon.core.webui.keyword.WebUiBuiltInKeywords.click(WebUiBuiltInKeywords.groovy:616)
	at com.kms.katalon.core.webui.keyword.WebUiBuiltInKeywords$click$0.call(Unknown Source)
	at Add Category.run(Add Category:28)
	at com.kms.katalon.core.main.ScriptEngine.run(ScriptEngine.java:194)
	at com.kms.katalon.core.main.ScriptEngine.runScriptAsRawText(ScriptEngine.java:119)
	at com.kms.katalon.core.main.TestCaseExecutor.runScript(TestCaseExecutor.java:337)
	at com.kms.katalon.core.main.TestCaseExecutor.doExecute(TestCaseExecutor.java:328)
	at com.kms.katalon.core.main.TestCaseExecutor.processExecutionPhase(TestCaseExecutor.java:307)
	at com.kms.katalon.core.main.TestCaseExecutor.accessMainPhase(TestCaseExecutor.java:299)
	at com.kms.katalon.core.main.TestCaseExecutor.execute(TestCaseExecutor.java:233)
	at com.kms.katalon.core.main.TestSuiteExecutor.accessTestCaseMainPhase(TestSuiteExecutor.java:169)
	at com.kms.katalon.core.main.TestSuiteExecutor.accessTestSuiteMainPhase(TestSuiteExecutor.java:142)
	at com.kms.katalon.core.main.TestSuiteExecutor.execute(TestSuiteExecutor.java:91)
	at com.kms.katalon.core.main.TestCaseMain.startTestSuite(TestCaseMain.java:157)
	at com.kms.katalon.core.main.TestCaseMain$startTestSuite$0.call(Unknown Source)
	at TempTestSuite1584598607274.run(TempTestSuite1584598607274.groovy:36)
Caused by: com.kms.katalon.core.exception.StepFailedException: Unable to click on object 'Object Repository/ADMIN/Categories/Category List/button_Categories'
	... 21 more
Caused by: org.openqa.selenium.ElementNotInteractableException: element not interactable
  (Session info: chrome=80.0.3987.132)
Build info: version: '3.141.59', revision: 'e82be7d358', time: '2018-11-14T08:25:53'
System info: host: 'ARCADIER-03', ip: '192.168.254.105', os.name: 'Windows 7', os.arch: 'amd64', os.version: '6.1', java.version: '1.8.0_181'
Driver info: com.kms.katalon.core.webui.driver.ExistingRemoteWebDriver
Capabilities {javascriptEnabled: true, platform: ANY, platformName: ANY}
Session ID: 66da7635ded2d355388026ca8e7d8eff
	at org.openqa.selenium.remote.http.W3CHttpResponseCodec.createException(W3CHttpResponseCodec.java:187)
	at org.openqa.selenium.remote.http.W3CHttpResponseCodec.decode(W3CHttpResponseCodec.java:122)
	at org.openqa.selenium.remote.http.W3CHttpResponseCodec.decode(W3CHttpResponseCodec.java:49)
	at org.openqa.selenium.remote.HttpCommandExecutor.execute(HttpCommandExecutor.java:158)
	at org.openqa.selenium.remote.RemoteWebDriver.execute(RemoteWebDriver.java:552)
	at com.kms.katalon.core.webui.driver.ExistingRemoteWebDriver.execute(ExistingRemoteWebDriver.java:108)
	at org.openqa.selenium.remote.RemoteWebElement.execute(RemoteWebElement.java:285)
	at org.openqa.selenium.remote.RemoteWebElement.click(RemoteWebElement.java:84)
	at org.openqa.selenium.support.events.EventFiringWebDriver$EventFiringWebElement.lambda$new$0(EventFiringWebDriver.java:404)
	at com.sun.proxy.$Proxy9.click(Unknown Source)
	at org.openqa.selenium.support.events.EventFiringWebDriver$EventFiringWebElement.click(EventFiringWebDriver.java:417)
	at com.kms.katalon.core.webui.keyword.builtin.ClickKeyword$_click_closure1.doCall(ClickKeyword.groovy:69)
	at com.kms.katalon.core.webui.keyword.builtin.ClickKeyword$_click_closure1.call(ClickKeyword.groovy)
	at com.kms.katalon.core.webui.keyword.internal.WebUIKeywordMain.runKeyword(WebUIKeywordMain.groovy:20)
	... 19 more
"/>
         <system-out><![CDATA[2020-03-19 14:26:25 - [TEST_CASE][FAILED] - Test Cases/ADMIN/Content Mgmt/Categories/Category Add-Edit/Add Category: Test Cases/ADMIN/Content Mgmt/Categories/Category Add-Edit/Add Category FAILED.
Reason:
com.kms.katalon.core.exception.StepFailedException: Unable to click on object 'Object Repository/ADMIN/Categories/Category List/button_Categories' (Root cause: com.kms.katalon.core.exception.StepFailedException: Unable to click on object 'Object Repository/ADMIN/Categories/Category List/button_Categories'
	at com.kms.katalon.core.webui.keyword.internal.WebUIKeywordMain.stepFailed(WebUIKeywordMain.groovy:64)
	at com.kms.katalon.core.webui.keyword.internal.WebUIKeywordMain.runKeyword(WebUIKeywordMain.groovy:26)
	at com.kms.katalon.core.webui.keyword.builtin.ClickKeyword.click(ClickKeyword.groovy:76)
	at com.kms.katalon.core.webui.keyword.builtin.ClickKeyword.execute(ClickKeyword.groovy:43)
	at com.kms.katalon.core.keyword.internal.KeywordExecutor.executeKeywordForPlatform(KeywordExecutor.groovy:72)
	at com.kms.katalon.core.webui.keyword.WebUiBuiltInKeywords.click(WebUiBuiltInKeywords.groovy:616)
	at com.kms.katalon.core.webui.keyword.WebUiBuiltInKeywords$click$0.call(Unknown Source)
	at Add Category.run(Add Category:28)
	at com.kms.katalon.core.main.ScriptEngine.run(ScriptEngine.java:194)
	at com.kms.katalon.core.main.ScriptEngine.runScriptAsRawText(ScriptEngine.java:119)
	at com.kms.katalon.core.main.TestCaseExecutor.runScript(TestCaseExecutor.java:337)
	at com.kms.katalon.core.main.TestCaseExecutor.doExecute(TestCaseExecutor.java:328)
	at com.kms.katalon.core.main.TestCaseExecutor.processExecutionPhase(TestCaseExecutor.java:307)
	at com.kms.katalon.core.main.TestCaseExecutor.accessMainPhase(TestCaseExecutor.java:299)
	at com.kms.katalon.core.main.TestCaseExecutor.execute(TestCaseExecutor.java:233)
	at com.kms.katalon.core.main.TestSuiteExecutor.accessTestCaseMainPhase(TestSuiteExecutor.java:169)
	at com.kms.katalon.core.main.TestSuiteExecutor.accessTestSuiteMainPhase(TestSuiteExecutor.java:142)
	at com.kms.katalon.core.main.TestSuiteExecutor.execute(TestSuiteExecutor.java:91)
	at com.kms.katalon.core.main.TestCaseMain.startTestSuite(TestCaseMain.java:157)
	at com.kms.katalon.core.main.TestCaseMain$startTestSuite$0.call(Unknown Source)
	at TempTestSuite1584598607274.run(TempTestSuite1584598607274.groovy:36)
Caused by: org.openqa.selenium.ElementNotInteractableException: element not interactable
  (Session info: chrome=80.0.3987.132)
Build info: version: '3.141.59', revision: 'e82be7d358', time: '2018-11-14T08:25:53'
System info: host: 'ARCADIER-03', ip: '192.168.254.105', os.name: 'Windows 7', os.arch: 'amd64', os.version: '6.1', java.version: '1.8.0_181'
Driver info: com.kms.katalon.core.webui.driver.ExistingRemoteWebDriver
Capabilities {javascriptEnabled: true, platform: ANY, platformName: ANY}
Session ID: 66da7635ded2d355388026ca8e7d8eff
	at org.openqa.selenium.remote.http.W3CHttpResponseCodec.createException(W3CHttpResponseCodec.java:187)
	at org.openqa.selenium.remote.http.W3CHttpResponseCodec.decode(W3CHttpResponseCodec.java:122)
	at org.openqa.selenium.remote.http.W3CHttpResponseCodec.decode(W3CHttpResponseCodec.java:49)
	at org.openqa.selenium.remote.HttpCommandExecutor.execute(HttpCommandExecutor.java:158)
	at org.openqa.selenium.remote.RemoteWebDriver.execute(RemoteWebDriver.java:552)
	at com.kms.katalon.core.webui.driver.ExistingRemoteWebDriver.execute(ExistingRemoteWebDriver.java:108)
	at org.openqa.selenium.remote.RemoteWebElement.execute(RemoteWebElement.java:285)
	at org.openqa.selenium.remote.RemoteWebElement.click(RemoteWebElement.java:84)
	at org.openqa.selenium.support.events.EventFiringWebDriver$EventFiringWebElement.lambda$new$0(EventFiringWebDriver.java:404)
	at com.sun.proxy.$Proxy9.click(Unknown Source)
	at org.openqa.selenium.support.events.EventFiringWebDriver$EventFiringWebElement.click(EventFiringWebDriver.java:417)
	at com.kms.katalon.core.webui.keyword.builtin.ClickKeyword$_click_closure1.doCall(ClickKeyword.groovy:69)
	at com.kms.katalon.core.webui.keyword.builtin.ClickKeyword$_click_closure1.call(ClickKeyword.groovy)
	at com.kms.katalon.core.webui.keyword.internal.WebUIKeywordMain.runKeyword(WebUIKeywordMain.groovy:20)
	at com.kms.katalon.core.webui.keyword.builtin.ClickKeyword.click(ClickKeyword.groovy:76)
	at com.kms.katalon.core.webui.keyword.builtin.ClickKeyword.execute(ClickKeyword.groovy:43)
	at com.kms.katalon.core.keyword.internal.KeywordExecutor.executeKeywordForPlatform(KeywordExecutor.groovy:72)
	at com.kms.katalon.core.webui.keyword.WebUiBuiltInKeywords.click(WebUiBuiltInKeywords.groovy:616)
	at com.kms.katalon.core.webui.keyword.WebUiBuiltInKeywords$click$0.call(Unknown Source)
	at Script1549506362832.run(Script1549506362832.groovy:28)
	... 13 more
)
	at com.kms.katalon.core.keyword.internal.KeywordMain.stepFailed(KeywordMain.groovy:39)
	at com.kms.katalon.core.webui.keyword.internal.WebUIKeywordMain.stepFailed(WebUIKeywordMain.groovy:64)
	at com.kms.katalon.core.webui.keyword.internal.WebUIKeywordMain.runKeyword(WebUIKeywordMain.groovy:26)
	at com.kms.katalon.core.webui.keyword.builtin.ClickKeyword.click(ClickKeyword.groovy:76)
	at com.kms.katalon.core.webui.keyword.builtin.ClickKeyword.execute(ClickKeyword.groovy:43)
	at com.kms.katalon.core.keyword.internal.KeywordExecutor.executeKeywordForPlatform(KeywordExecutor.groovy:72)
	at com.kms.katalon.core.webui.keyword.WebUiBuiltInKeywords.click(WebUiBuiltInKeywords.groovy:616)
	at com.kms.katalon.core.webui.keyword.WebUiBuiltInKeywords$click$0.call(Unknown Source)
	at Add Category.run(Add Category:28)
	at com.kms.katalon.core.main.ScriptEngine.run(ScriptEngine.java:194)
	at com.kms.katalon.core.main.ScriptEngine.runScriptAsRawText(ScriptEngine.java:119)
	at com.kms.katalon.core.main.TestCaseExecutor.runScript(TestCaseExecutor.java:337)
	at com.kms.katalon.core.main.TestCaseExecutor.doExecute(TestCaseExecutor.java:328)
	at com.kms.katalon.core.main.TestCaseExecutor.processExecutionPhase(TestCaseExecutor.java:307)
	at com.kms.katalon.core.main.TestCaseExecutor.accessMainPhase(TestCaseExecutor.java:299)
	at com.kms.katalon.core.main.TestCaseExecutor.execute(TestCaseExecutor.java:233)
	at com.kms.katalon.core.main.TestSuiteExecutor.accessTestCaseMainPhase(TestSuiteExecutor.java:169)
	at com.kms.katalon.core.main.TestSuiteExecutor.accessTestSuiteMainPhase(TestSuiteExecutor.java:142)
	at com.kms.katalon.core.main.TestSuiteExecutor.execute(TestSuiteExecutor.java:91)
	at com.kms.katalon.core.main.TestCaseMain.startTestSuite(TestCaseMain.java:157)
	at com.kms.katalon.core.main.TestCaseMain$startTestSuite$0.call(Unknown Source)
	at TempTestSuite1584598607274.run(TempTestSuite1584598607274.groovy:36)
Caused by: com.kms.katalon.core.exception.StepFailedException: Unable to click on object 'Object Repository/ADMIN/Categories/Category List/button_Categories'
	... 21 more
Caused by: org.openqa.selenium.ElementNotInteractableException: element not interactable
  (Session info: chrome=80.0.3987.132)
Build info: version: '3.141.59', revision: 'e82be7d358', time: '2018-11-14T08:25:53'
System info: host: 'ARCADIER-03', ip: '192.168.254.105', os.name: 'Windows 7', os.arch: 'amd64', os.version: '6.1', java.version: '1.8.0_181'
Driver info: com.kms.katalon.core.webui.driver.ExistingRemoteWebDriver
Capabilities {javascriptEnabled: true, platform: ANY, platformName: ANY}
Session ID: 66da7635ded2d355388026ca8e7d8eff
	at org.openqa.selenium.remote.http.W3CHttpResponseCodec.createException(W3CHttpResponseCodec.java:187)
	at org.openqa.selenium.remote.http.W3CHttpResponseCodec.decode(W3CHttpResponseCodec.java:122)
	at org.openqa.selenium.remote.http.W3CHttpResponseCodec.decode(W3CHttpResponseCodec.java:49)
	at org.openqa.selenium.remote.HttpCommandExecutor.execute(HttpCommandExecutor.java:158)
	at org.openqa.selenium.remote.RemoteWebDriver.execute(RemoteWebDriver.java:552)
	at com.kms.katalon.core.webui.driver.ExistingRemoteWebDriver.execute(ExistingRemoteWebDriver.java:108)
	at org.openqa.selenium.remote.RemoteWebElement.execute(RemoteWebElement.java:285)
	at org.openqa.selenium.remote.RemoteWebElement.click(RemoteWebElement.java:84)
	at org.openqa.selenium.support.events.EventFiringWebDriver$EventFiringWebElement.lambda$new$0(EventFiringWebDriver.java:404)
	at com.sun.proxy.$Proxy9.click(Unknown Source)
	at org.openqa.selenium.support.events.EventFiringWebDriver$EventFiringWebElement.click(EventFiringWebDriver.java:417)
	at com.kms.katalon.core.webui.keyword.builtin.ClickKeyword$_click_closure1.doCall(ClickKeyword.groovy:69)
	at com.kms.katalon.core.webui.keyword.builtin.ClickKeyword$_click_closure1.call(ClickKeyword.groovy)
	at com.kms.katalon.core.webui.keyword.internal.WebUIKeywordMain.runKeyword(WebUIKeywordMain.groovy:20)
	... 19 more


2020-03-19 14:26:25 - [TEST_STEP][PASSED] - waitForElementVisible(findTestObject("ADMIN/Categories/Category List/button_Content Mgmt"), 0): Object 'Object Repository/ADMIN/Categories/Category List/button_Content Mgmt' is visible

2020-03-19 14:26:25 - [MESSAGE][WARNING] - Timeout '0' is invalid. Using default page load timeout: '30'

2020-03-19 14:26:25 - [MESSAGE][PASSED] - Object 'Object Repository/ADMIN/Categories/Category List/button_Content Mgmt' is visible

2020-03-19 14:26:25 - [TEST_STEP][PASSED] - click(findTestObject("ADMIN/Categories/Category List/button_Content Mgmt")): Object: 'Object Repository/ADMIN/Categories/Category List/button_Content Mgmt' is clicked on

2020-03-19 14:26:26 - [MESSAGE][PASSED] - Object: 'Object Repository/ADMIN/Categories/Category List/button_Content Mgmt' is clicked on

2020-03-19 14:26:26 - [TEST_STEP][PASSED] - waitForElementVisible(findTestObject("ADMIN/Categories/Category List/button_Categories"), 0): Object 'Object Repository/ADMIN/Categories/Category List/button_Categories' is visible

2020-03-19 14:26:26 - [MESSAGE][WARNING] - Timeout '0' is invalid. Using default page load timeout: '30'

2020-03-19 14:26:26 - [MESSAGE][PASSED] - Object 'Object Repository/ADMIN/Categories/Category List/button_Categories' is visible

2020-03-19 14:26:26 - [TEST_STEP][FAILED] - click(findTestObject("ADMIN/Categories/Category List/button_Categories")): Unable to click on object 'Object Repository/ADMIN/Categories/Category List/button_Categories' (Root cause: com.kms.katalon.core.exception.StepFailedException: Unable to click on object 'Object Repository/ADMIN/Categories/Category List/button_Categories'
	at com.kms.katalon.core.webui.keyword.internal.WebUIKeywordMain.stepFailed(WebUIKeywordMain.groovy:64)
	at com.kms.katalon.core.webui.keyword.internal.WebUIKeywordMain.runKeyword(WebUIKeywordMain.groovy:26)
	at com.kms.katalon.core.webui.keyword.builtin.ClickKeyword.click(ClickKeyword.groovy:76)
	at com.kms.katalon.core.webui.keyword.builtin.ClickKeyword.execute(ClickKeyword.groovy:43)
	at com.kms.katalon.core.keyword.internal.KeywordExecutor.executeKeywordForPlatform(KeywordExecutor.groovy:72)
	at com.kms.katalon.core.webui.keyword.WebUiBuiltInKeywords.click(WebUiBuiltInKeywords.groovy:616)
	at com.kms.katalon.core.webui.keyword.WebUiBuiltInKeywords$click$0.call(Unknown Source)
	at Add Category.run(Add Category:28)
	at com.kms.katalon.core.main.ScriptEngine.run(ScriptEngine.java:194)
	at com.kms.katalon.core.main.ScriptEngine.runScriptAsRawText(ScriptEngine.java:119)
	at com.kms.katalon.core.main.TestCaseExecutor.runScript(TestCaseExecutor.java:337)
	at com.kms.katalon.core.main.TestCaseExecutor.doExecute(TestCaseExecutor.java:328)
	at com.kms.katalon.core.main.TestCaseExecutor.processExecutionPhase(TestCaseExecutor.java:307)
	at com.kms.katalon.core.main.TestCaseExecutor.accessMainPhase(TestCaseExecutor.java:299)
	at com.kms.katalon.core.main.TestCaseExecutor.execute(TestCaseExecutor.java:233)
	at com.kms.katalon.core.main.TestSuiteExecutor.accessTestCaseMainPhase(TestSuiteExecutor.java:169)
	at com.kms.katalon.core.main.TestSuiteExecutor.accessTestSuiteMainPhase(TestSuiteExecutor.java:142)
	at com.kms.katalon.core.main.TestSuiteExecutor.execute(TestSuiteExecutor.java:91)
	at com.kms.katalon.core.main.TestCaseMain.startTestSuite(TestCaseMain.java:157)
	at com.kms.katalon.core.main.TestCaseMain$startTestSuite$0.call(Unknown Source)
	at TempTestSuite1584598607274.run(TempTestSuite1584598607274.groovy:36)
Caused by: org.openqa.selenium.ElementNotInteractableException: element not interactable
  (Session info: chrome=80.0.3987.132)
Build info: version: '3.141.59', revision: 'e82be7d358', time: '2018-11-14T08:25:53'
System info: host: 'ARCADIER-03', ip: '192.168.254.105', os.name: 'Windows 7', os.arch: 'amd64', os.version: '6.1', java.version: '1.8.0_181'
Driver info: com.kms.katalon.core.webui.driver.ExistingRemoteWebDriver
Capabilities {javascriptEnabled: true, platform: ANY, platformName: ANY}
Session ID: 66da7635ded2d355388026ca8e7d8eff
	at org.openqa.selenium.remote.http.W3CHttpResponseCodec.createException(W3CHttpResponseCodec.java:187)
	at org.openqa.selenium.remote.http.W3CHttpResponseCodec.decode(W3CHttpResponseCodec.java:122)
	at org.openqa.selenium.remote.http.W3CHttpResponseCodec.decode(W3CHttpResponseCodec.java:49)
	at org.openqa.selenium.remote.HttpCommandExecutor.execute(HttpCommandExecutor.java:158)
	at org.openqa.selenium.remote.RemoteWebDriver.execute(RemoteWebDriver.java:552)
	at com.kms.katalon.core.webui.driver.ExistingRemoteWebDriver.execute(ExistingRemoteWebDriver.java:108)
	at org.openqa.selenium.remote.RemoteWebElement.execute(RemoteWebElement.java:285)
	at org.openqa.selenium.remote.RemoteWebElement.click(RemoteWebElement.java:84)
	at org.openqa.selenium.support.events.EventFiringWebDriver$EventFiringWebElement.lambda$new$0(EventFiringWebDriver.java:404)
	at com.sun.proxy.$Proxy9.click(Unknown Source)
	at org.openqa.selenium.support.events.EventFiringWebDriver$EventFiringWebElement.click(EventFiringWebDriver.java:417)
	at com.kms.katalon.core.webui.keyword.builtin.ClickKeyword$_click_closure1.doCall(ClickKeyword.groovy:69)
	at com.kms.katalon.core.webui.keyword.builtin.ClickKeyword$_click_closure1.call(ClickKeyword.groovy)
	at com.kms.katalon.core.webui.keyword.internal.WebUIKeywordMain.runKeyword(WebUIKeywordMain.groovy:20)
	at com.kms.katalon.core.webui.keyword.builtin.ClickKeyword.click(ClickKeyword.groovy:76)
	at com.kms.katalon.core.webui.keyword.builtin.ClickKeyword.execute(ClickKeyword.groovy:43)
	at com.kms.katalon.core.keyword.internal.KeywordExecutor.executeKeywordForPlatform(KeywordExecutor.groovy:72)
	at com.kms.katalon.core.webui.keyword.WebUiBuiltInKeywords.click(WebUiBuiltInKeywords.groovy:616)
	at com.kms.katalon.core.webui.keyword.WebUiBuiltInKeywords$click$0.call(Unknown Source)
	at Script1549506362832.run(Script1549506362832.groovy:28)
	... 13 more
)

2020-03-19 14:26:26 - [MESSAGE][FAILED] - Unable to click on object 'Object Repository/ADMIN/Categories/Category List/button_Categories' (Root cause: com.kms.katalon.core.exception.StepFailedException: Unable to click on object 'Object Repository/ADMIN/Categories/Category List/button_Categories'
	at com.kms.katalon.core.webui.keyword.internal.WebUIKeywordMain.stepFailed(WebUIKeywordMain.groovy:64)
	at com.kms.katalon.core.webui.keyword.internal.WebUIKeywordMain.runKeyword(WebUIKeywordMain.groovy:26)
	at com.kms.katalon.core.webui.keyword.builtin.ClickKeyword.click(ClickKeyword.groovy:76)
	at com.kms.katalon.core.webui.keyword.builtin.ClickKeyword.execute(ClickKeyword.groovy:43)
	at com.kms.katalon.core.keyword.internal.KeywordExecutor.executeKeywordForPlatform(KeywordExecutor.groovy:72)
	at com.kms.katalon.core.webui.keyword.WebUiBuiltInKeywords.click(WebUiBuiltInKeywords.groovy:616)
	at com.kms.katalon.core.webui.keyword.WebUiBuiltInKeywords$click$0.call(Unknown Source)
	at Add Category.run(Add Category:28)
	at com.kms.katalon.core.main.ScriptEngine.run(ScriptEngine.java:194)
	at com.kms.katalon.core.main.ScriptEngine.runScriptAsRawText(ScriptEngine.java:119)
	at com.kms.katalon.core.main.TestCaseExecutor.runScript(TestCaseExecutor.java:337)
	at com.kms.katalon.core.main.TestCaseExecutor.doExecute(TestCaseExecutor.java:328)
	at com.kms.katalon.core.main.TestCaseExecutor.processExecutionPhase(TestCaseExecutor.java:307)
	at com.kms.katalon.core.main.TestCaseExecutor.accessMainPhase(TestCaseExecutor.java:299)
	at com.kms.katalon.core.main.TestCaseExecutor.execute(TestCaseExecutor.java:233)
	at com.kms.katalon.core.main.TestSuiteExecutor.accessTestCaseMainPhase(TestSuiteExecutor.java:169)
	at com.kms.katalon.core.main.TestSuiteExecutor.accessTestSuiteMainPhase(TestSuiteExecutor.java:142)
	at com.kms.katalon.core.main.TestSuiteExecutor.execute(TestSuiteExecutor.java:91)
	at com.kms.katalon.core.main.TestCaseMain.startTestSuite(TestCaseMain.java:157)
	at com.kms.katalon.core.main.TestCaseMain$startTestSuite$0.call(Unknown Source)
	at TempTestSuite1584598607274.run(TempTestSuite1584598607274.groovy:36)
Caused by: org.openqa.selenium.ElementNotInteractableException: element not interactable
  (Session info: chrome=80.0.3987.132)
Build info: version: '3.141.59', revision: 'e82be7d358', time: '2018-11-14T08:25:53'
System info: host: 'ARCADIER-03', ip: '192.168.254.105', os.name: 'Windows 7', os.arch: 'amd64', os.version: '6.1', java.version: '1.8.0_181'
Driver info: com.kms.katalon.core.webui.driver.ExistingRemoteWebDriver
Capabilities {javascriptEnabled: true, platform: ANY, platformName: ANY}
Session ID: 66da7635ded2d355388026ca8e7d8eff
	at org.openqa.selenium.remote.http.W3CHttpResponseCodec.createException(W3CHttpResponseCodec.java:187)
	at org.openqa.selenium.remote.http.W3CHttpResponseCodec.decode(W3CHttpResponseCodec.java:122)
	at org.openqa.selenium.remote.http.W3CHttpResponseCodec.decode(W3CHttpResponseCodec.java:49)
	at org.openqa.selenium.remote.HttpCommandExecutor.execute(HttpCommandExecutor.java:158)
	at org.openqa.selenium.remote.RemoteWebDriver.execute(RemoteWebDriver.java:552)
	at com.kms.katalon.core.webui.driver.ExistingRemoteWebDriver.execute(ExistingRemoteWebDriver.java:108)
	at org.openqa.selenium.remote.RemoteWebElement.execute(RemoteWebElement.java:285)
	at org.openqa.selenium.remote.RemoteWebElement.click(RemoteWebElement.java:84)
	at org.openqa.selenium.support.events.EventFiringWebDriver$EventFiringWebElement.lambda$new$0(EventFiringWebDriver.java:404)
	at com.sun.proxy.$Proxy9.click(Unknown Source)
	at org.openqa.selenium.support.events.EventFiringWebDriver$EventFiringWebElement.click(EventFiringWebDriver.java:417)
	at com.kms.katalon.core.webui.keyword.builtin.ClickKeyword$_click_closure1.doCall(ClickKeyword.groovy:69)
	at com.kms.katalon.core.webui.keyword.builtin.ClickKeyword$_click_closure1.call(ClickKeyword.groovy)
	at com.kms.katalon.core.webui.keyword.internal.WebUIKeywordMain.runKeyword(WebUIKeywordMain.groovy:20)
	at com.kms.katalon.core.webui.keyword.builtin.ClickKeyword.click(ClickKeyword.groovy:76)
	at com.kms.katalon.core.webui.keyword.builtin.ClickKeyword.execute(ClickKeyword.groovy:43)
	at com.kms.katalon.core.keyword.internal.KeywordExecutor.executeKeywordForPlatform(KeywordExecutor.groovy:72)
	at com.kms.katalon.core.webui.keyword.WebUiBuiltInKeywords.click(WebUiBuiltInKeywords.groovy:616)
	at com.kms.katalon.core.webui.keyword.WebUiBuiltInKeywords$click$0.call(Unknown Source)
	at Script1549506362832.run(Script1549506362832.groovy:28)
	... 13 more
)
[[ATTACHMENT|C:\\Katalon\\Arctick\\Reports\\20200319_141647\\Admin\\Admin Add Category\\20200319_141647\\1584599186476.png]]

2020-03-19 14:26:26 - [TEST_STEP][PASSED] - waitForPageLoad(0, STOP_ON_FAILURE): Wait for page load successfully

2020-03-19 14:26:26 - [MESSAGE][WARNING] - Timeout '0' is invalid. Using default page load timeout: '30'

2020-03-19 14:26:26 - [MESSAGE][PASSED] - Wait for page load successfully

2020-03-19 14:26:26 - [TEST_STEP][PASSED] - click(findTestObject("ADMIN/Categories/Category List/button_Add a Category")): Object: 'Object Repository/ADMIN/Categories/Category List/button_Add a Category' is clicked on

2020-03-19 14:26:27 - [MESSAGE][PASSED] - Object: 'Object Repository/ADMIN/Categories/Category List/button_Add a Category' is clicked on

2020-03-19 14:26:27 - [TEST_STEP][PASSED] - waitForElementPresent(findTestObject("ADMIN/Categories/Category/dropdown_Parent"), 2): Object 'Object Repository/ADMIN/Categories/Category/dropdown_Parent' is present

2020-03-19 14:26:27 - [MESSAGE][PASSED] - Object 'Object Repository/ADMIN/Categories/Category/dropdown_Parent' is present

2020-03-19 14:26:27 - [TEST_STEP][PASSED] - delay(1): Delayed 1 second(s)

2020-03-19 14:26:28 - [MESSAGE][PASSED] - Delayed 1 second(s)

2020-03-19 14:26:28 - [TEST_STEP][PASSED] - setText(findTestObject("ADMIN/Categories/Category/textfield_Category Name"), CategoryNametext): Text 'Category 5.1.6' is set on object 'Object Repository/ADMIN/Categories/Category/textfield_Category Name'

2020-03-19 14:26:28 - [MESSAGE][PASSED] - Text 'Category 5.1.6' is set on object 'Object Repository/ADMIN/Categories/Category/textfield_Category Name'

2020-03-19 14:26:28 - [TEST_STEP][PASSED] - click(findTestObject("ADMIN/Categories/Category/dropdown_Parent")): Object: 'Object Repository/ADMIN/Categories/Category/dropdown_Parent' is clicked on

2020-03-19 14:26:28 - [MESSAGE][PASSED] - Object: 'Object Repository/ADMIN/Categories/Category/dropdown_Parent' is clicked on

2020-03-19 14:26:28 - [TEST_STEP][PASSED] - delay(2): Delayed 2 second(s)

2020-03-19 14:26:30 - [MESSAGE][PASSED] - Delayed 2 second(s)

2020-03-19 14:26:30 - [TEST_STEP][PASSED] - click(findTestObject("ADMIN/Categories/Category/dropdown_Parent")): Object: 'Object Repository/ADMIN/Categories/Category/dropdown_Parent' is clicked on

2020-03-19 14:26:30 - [MESSAGE][PASSED] - Object: 'Object Repository/ADMIN/Categories/Category/dropdown_Parent' is clicked on

2020-03-19 14:26:30 - [TEST_STEP][PASSED] - selectOptionByLabel(findTestObject("ADMIN/Categories/Category/dropdown_Parent"), ParentName, false): All options with label 'Category 5.1' are selected in object 'Object Repository/ADMIN/Categories/Category/dropdown_Parent' 

2020-03-19 14:26:30 - [MESSAGE][PASSED] - All options with label 'Category 5.1' are selected in object 'Object Repository/ADMIN/Categories/Category/dropdown_Parent' 

2020-03-19 14:26:30 - [TEST_STEP][PASSED] - click(findTestObject("ADMIN/Categories/Category/button_Browse")): Object: 'Object Repository/ADMIN/Categories/Category/button_Browse' is clicked on

2020-03-19 14:26:31 - [MESSAGE][PASSED] - Object: 'Object Repository/ADMIN/Categories/Category/button_Browse' is clicked on

2020-03-19 14:26:31 - [TEST_STEP][PASSED] - delay(2): Delayed 2 second(s)

2020-03-19 14:26:33 - [MESSAGE][PASSED] - Delayed 2 second(s)

2020-03-19 14:26:33 - [TEST_STEP][PASSED] - uploadFile(findTestObject("ADMIN/Categories/Category/image_input image"), CategoryImageUpload): File 'C:\\Katalon\\Arctick\\Images\\Category\\5.png' sent to object: 'Object Repository/ADMIN/Categories/Category/image_input image'

2020-03-19 14:26:33 - [MESSAGE][PASSED] - File 'C:\\Katalon\\Arctick\\Images\\Category\\5.png' sent to object: 'Object Repository/ADMIN/Categories/Category/image_input image'

2020-03-19 14:26:33 - [TEST_STEP][PASSED] - waitForElementVisible(findTestObject("ADMIN/Categories/Category/button_upload check"), 0): Object 'Object Repository/ADMIN/Categories/Category/button_upload check' is visible

2020-03-19 14:26:33 - [MESSAGE][WARNING] - Timeout '0' is invalid. Using default page load timeout: '30'

2020-03-19 14:26:33 - [MESSAGE][PASSED] - Object 'Object Repository/ADMIN/Categories/Category/button_upload check' is visible

2020-03-19 14:26:33 - [TEST_STEP][PASSED] - click(findTestObject("ADMIN/Categories/Category/button_upload check")): Object: 'Object Repository/ADMIN/Categories/Category/button_upload check' is clicked on

2020-03-19 14:26:33 - [MESSAGE][PASSED] - Object: 'Object Repository/ADMIN/Categories/Category/button_upload check' is clicked on

2020-03-19 14:26:33 - [TEST_STEP][PASSED] - waitForElementVisible(findTestObject("ADMIN/Categories/Category/button_upload save"), 0): Object 'Object Repository/ADMIN/Categories/Category/button_upload save' is visible

2020-03-19 14:26:33 - [MESSAGE][WARNING] - Timeout '0' is invalid. Using default page load timeout: '30'

2020-03-19 14:26:33 - [MESSAGE][PASSED] - Object 'Object Repository/ADMIN/Categories/Category/button_upload save' is visible

2020-03-19 14:26:33 - [TEST_STEP][PASSED] - click(findTestObject("ADMIN/Categories/Category/button_upload save")): Object: 'Object Repository/ADMIN/Categories/Category/button_upload save' is clicked on

2020-03-19 14:26:33 - [MESSAGE][PASSED] - Object: 'Object Repository/ADMIN/Categories/Category/button_upload save' is clicked on

2020-03-19 14:26:33 - [TEST_STEP][PASSED] - setText(findTestObject("ADMIN/Categories/Category/textfield_category_description"), Description): Text 'Description38' is set on object 'Object Repository/ADMIN/Categories/Category/textfield_category_description'

2020-03-19 14:26:34 - [MESSAGE][PASSED] - Text 'Description38' is set on object 'Object Repository/ADMIN/Categories/Category/textfield_category_description'

2020-03-19 14:26:34 - [TEST_STEP][PASSED] - click(findTestObject("ADMIN/Categories/Category/button_Save")): Object: 'Object Repository/ADMIN/Categories/Category/button_Save' is clicked on

2020-03-19 14:26:34 - [MESSAGE][PASSED] - Object: 'Object Repository/ADMIN/Categories/Category/button_Save' is clicked on

2020-03-19 14:26:34 - [TEST_STEP][PASSED] - waitForElementVisible(findTestObject("ADMIN/Categories/Category/label_edit popup"), 0): Object 'Object Repository/ADMIN/Categories/Category/label_edit popup' is visible

2020-03-19 14:26:34 - [MESSAGE][WARNING] - Timeout '0' is invalid. Using default page load timeout: '30'

2020-03-19 14:26:34 - [MESSAGE][PASSED] - Object 'Object Repository/ADMIN/Categories/Category/label_edit popup' is visible

2020-03-19 14:26:34 - [TEST_STEP][PASSED] - waitForElementNotPresent(findTestObject("ADMIN/Categories/Category/label_edit popup"), 0): Web element with id: 'Object Repository/ADMIN/Categories/Category/label_edit popup' located by 'By.xpath: //div[(text() = 'Category was successfully saved.' or . = 'Category was successfully saved.')]' is not present after '30' second(s)

2020-03-19 14:26:34 - [MESSAGE][WARNING] - Timeout '0' is invalid. Using default page load timeout: '30'

2020-03-19 14:26:40 - [MESSAGE][PASSED] - Web element with id: 'Object Repository/ADMIN/Categories/Category/label_edit popup' located by 'By.xpath: //div[(text() = 'Category was successfully saved.' or . = 'Category was successfully saved.')]' is not present after '30' second(s)]]></system-out>
         <system-err><![CDATA[2020-03-19 14:26:25 - [TEST_CASE][FAILED] - Test Cases/ADMIN/Content Mgmt/Categories/Category Add-Edit/Add Category: Test Cases/ADMIN/Content Mgmt/Categories/Category Add-Edit/Add Category FAILED.
Reason:
com.kms.katalon.core.exception.StepFailedException: Unable to click on object 'Object Repository/ADMIN/Categories/Category List/button_Categories' (Root cause: com.kms.katalon.core.exception.StepFailedException: Unable to click on object 'Object Repository/ADMIN/Categories/Category List/button_Categories'
	at com.kms.katalon.core.webui.keyword.internal.WebUIKeywordMain.stepFailed(WebUIKeywordMain.groovy:64)
	at com.kms.katalon.core.webui.keyword.internal.WebUIKeywordMain.runKeyword(WebUIKeywordMain.groovy:26)
	at com.kms.katalon.core.webui.keyword.builtin.ClickKeyword.click(ClickKeyword.groovy:76)
	at com.kms.katalon.core.webui.keyword.builtin.ClickKeyword.execute(ClickKeyword.groovy:43)
	at com.kms.katalon.core.keyword.internal.KeywordExecutor.executeKeywordForPlatform(KeywordExecutor.groovy:72)
	at com.kms.katalon.core.webui.keyword.WebUiBuiltInKeywords.click(WebUiBuiltInKeywords.groovy:616)
	at com.kms.katalon.core.webui.keyword.WebUiBuiltInKeywords$click$0.call(Unknown Source)
	at Add Category.run(Add Category:28)
	at com.kms.katalon.core.main.ScriptEngine.run(ScriptEngine.java:194)
	at com.kms.katalon.core.main.ScriptEngine.runScriptAsRawText(ScriptEngine.java:119)
	at com.kms.katalon.core.main.TestCaseExecutor.runScript(TestCaseExecutor.java:337)
	at com.kms.katalon.core.main.TestCaseExecutor.doExecute(TestCaseExecutor.java:328)
	at com.kms.katalon.core.main.TestCaseExecutor.processExecutionPhase(TestCaseExecutor.java:307)
	at com.kms.katalon.core.main.TestCaseExecutor.accessMainPhase(TestCaseExecutor.java:299)
	at com.kms.katalon.core.main.TestCaseExecutor.execute(TestCaseExecutor.java:233)
	at com.kms.katalon.core.main.TestSuiteExecutor.accessTestCaseMainPhase(TestSuiteExecutor.java:169)
	at com.kms.katalon.core.main.TestSuiteExecutor.accessTestSuiteMainPhase(TestSuiteExecutor.java:142)
	at com.kms.katalon.core.main.TestSuiteExecutor.execute(TestSuiteExecutor.java:91)
	at com.kms.katalon.core.main.TestCaseMain.startTestSuite(TestCaseMain.java:157)
	at com.kms.katalon.core.main.TestCaseMain$startTestSuite$0.call(Unknown Source)
	at TempTestSuite1584598607274.run(TempTestSuite1584598607274.groovy:36)
Caused by: org.openqa.selenium.ElementNotInteractableException: element not interactable
  (Session info: chrome=80.0.3987.132)
Build info: version: '3.141.59', revision: 'e82be7d358', time: '2018-11-14T08:25:53'
System info: host: 'ARCADIER-03', ip: '192.168.254.105', os.name: 'Windows 7', os.arch: 'amd64', os.version: '6.1', java.version: '1.8.0_181'
Driver info: com.kms.katalon.core.webui.driver.ExistingRemoteWebDriver
Capabilities {javascriptEnabled: true, platform: ANY, platformName: ANY}
Session ID: 66da7635ded2d355388026ca8e7d8eff
	at org.openqa.selenium.remote.http.W3CHttpResponseCodec.createException(W3CHttpResponseCodec.java:187)
	at org.openqa.selenium.remote.http.W3CHttpResponseCodec.decode(W3CHttpResponseCodec.java:122)
	at org.openqa.selenium.remote.http.W3CHttpResponseCodec.decode(W3CHttpResponseCodec.java:49)
	at org.openqa.selenium.remote.HttpCommandExecutor.execute(HttpCommandExecutor.java:158)
	at org.openqa.selenium.remote.RemoteWebDriver.execute(RemoteWebDriver.java:552)
	at com.kms.katalon.core.webui.driver.ExistingRemoteWebDriver.execute(ExistingRemoteWebDriver.java:108)
	at org.openqa.selenium.remote.RemoteWebElement.execute(RemoteWebElement.java:285)
	at org.openqa.selenium.remote.RemoteWebElement.click(RemoteWebElement.java:84)
	at org.openqa.selenium.support.events.EventFiringWebDriver$EventFiringWebElement.lambda$new$0(EventFiringWebDriver.java:404)
	at com.sun.proxy.$Proxy9.click(Unknown Source)
	at org.openqa.selenium.support.events.EventFiringWebDriver$EventFiringWebElement.click(EventFiringWebDriver.java:417)
	at com.kms.katalon.core.webui.keyword.builtin.ClickKeyword$_click_closure1.doCall(ClickKeyword.groovy:69)
	at com.kms.katalon.core.webui.keyword.builtin.ClickKeyword$_click_closure1.call(ClickKeyword.groovy)
	at com.kms.katalon.core.webui.keyword.internal.WebUIKeywordMain.runKeyword(WebUIKeywordMain.groovy:20)
	at com.kms.katalon.core.webui.keyword.builtin.ClickKeyword.click(ClickKeyword.groovy:76)
	at com.kms.katalon.core.webui.keyword.builtin.ClickKeyword.execute(ClickKeyword.groovy:43)
	at com.kms.katalon.core.keyword.internal.KeywordExecutor.executeKeywordForPlatform(KeywordExecutor.groovy:72)
	at com.kms.katalon.core.webui.keyword.WebUiBuiltInKeywords.click(WebUiBuiltInKeywords.groovy:616)
	at com.kms.katalon.core.webui.keyword.WebUiBuiltInKeywords$click$0.call(Unknown Source)
	at Script1549506362832.run(Script1549506362832.groovy:28)
	... 13 more
)
	at com.kms.katalon.core.keyword.internal.KeywordMain.stepFailed(KeywordMain.groovy:39)
	at com.kms.katalon.core.webui.keyword.internal.WebUIKeywordMain.stepFailed(WebUIKeywordMain.groovy:64)
	at com.kms.katalon.core.webui.keyword.internal.WebUIKeywordMain.runKeyword(WebUIKeywordMain.groovy:26)
	at com.kms.katalon.core.webui.keyword.builtin.ClickKeyword.click(ClickKeyword.groovy:76)
	at com.kms.katalon.core.webui.keyword.builtin.ClickKeyword.execute(ClickKeyword.groovy:43)
	at com.kms.katalon.core.keyword.internal.KeywordExecutor.executeKeywordForPlatform(KeywordExecutor.groovy:72)
	at com.kms.katalon.core.webui.keyword.WebUiBuiltInKeywords.click(WebUiBuiltInKeywords.groovy:616)
	at com.kms.katalon.core.webui.keyword.WebUiBuiltInKeywords$click$0.call(Unknown Source)
	at Add Category.run(Add Category:28)
	at com.kms.katalon.core.main.ScriptEngine.run(ScriptEngine.java:194)
	at com.kms.katalon.core.main.ScriptEngine.runScriptAsRawText(ScriptEngine.java:119)
	at com.kms.katalon.core.main.TestCaseExecutor.runScript(TestCaseExecutor.java:337)
	at com.kms.katalon.core.main.TestCaseExecutor.doExecute(TestCaseExecutor.java:328)
	at com.kms.katalon.core.main.TestCaseExecutor.processExecutionPhase(TestCaseExecutor.java:307)
	at com.kms.katalon.core.main.TestCaseExecutor.accessMainPhase(TestCaseExecutor.java:299)
	at com.kms.katalon.core.main.TestCaseExecutor.execute(TestCaseExecutor.java:233)
	at com.kms.katalon.core.main.TestSuiteExecutor.accessTestCaseMainPhase(TestSuiteExecutor.java:169)
	at com.kms.katalon.core.main.TestSuiteExecutor.accessTestSuiteMainPhase(TestSuiteExecutor.java:142)
	at com.kms.katalon.core.main.TestSuiteExecutor.execute(TestSuiteExecutor.java:91)
	at com.kms.katalon.core.main.TestCaseMain.startTestSuite(TestCaseMain.java:157)
	at com.kms.katalon.core.main.TestCaseMain$startTestSuite$0.call(Unknown Source)
	at TempTestSuite1584598607274.run(TempTestSuite1584598607274.groovy:36)
Caused by: com.kms.katalon.core.exception.StepFailedException: Unable to click on object 'Object Repository/ADMIN/Categories/Category List/button_Categories'
	... 21 more
Caused by: org.openqa.selenium.ElementNotInteractableException: element not interactable
  (Session info: chrome=80.0.3987.132)
Build info: version: '3.141.59', revision: 'e82be7d358', time: '2018-11-14T08:25:53'
System info: host: 'ARCADIER-03', ip: '192.168.254.105', os.name: 'Windows 7', os.arch: 'amd64', os.version: '6.1', java.version: '1.8.0_181'
Driver info: com.kms.katalon.core.webui.driver.ExistingRemoteWebDriver
Capabilities {javascriptEnabled: true, platform: ANY, platformName: ANY}
Session ID: 66da7635ded2d355388026ca8e7d8eff
	at org.openqa.selenium.remote.http.W3CHttpResponseCodec.createException(W3CHttpResponseCodec.java:187)
	at org.openqa.selenium.remote.http.W3CHttpResponseCodec.decode(W3CHttpResponseCodec.java:122)
	at org.openqa.selenium.remote.http.W3CHttpResponseCodec.decode(W3CHttpResponseCodec.java:49)
	at org.openqa.selenium.remote.HttpCommandExecutor.execute(HttpCommandExecutor.java:158)
	at org.openqa.selenium.remote.RemoteWebDriver.execute(RemoteWebDriver.java:552)
	at com.kms.katalon.core.webui.driver.ExistingRemoteWebDriver.execute(ExistingRemoteWebDriver.java:108)
	at org.openqa.selenium.remote.RemoteWebElement.execute(RemoteWebElement.java:285)
	at org.openqa.selenium.remote.RemoteWebElement.click(RemoteWebElement.java:84)
	at org.openqa.selenium.support.events.EventFiringWebDriver$EventFiringWebElement.lambda$new$0(EventFiringWebDriver.java:404)
	at com.sun.proxy.$Proxy9.click(Unknown Source)
	at org.openqa.selenium.support.events.EventFiringWebDriver$EventFiringWebElement.click(EventFiringWebDriver.java:417)
	at com.kms.katalon.core.webui.keyword.builtin.ClickKeyword$_click_closure1.doCall(ClickKeyword.groovy:69)
	at com.kms.katalon.core.webui.keyword.builtin.ClickKeyword$_click_closure1.call(ClickKeyword.groovy)
	at com.kms.katalon.core.webui.keyword.internal.WebUIKeywordMain.runKeyword(WebUIKeywordMain.groovy:20)
	... 19 more]]></system-err>
      </testcase>
      <testcase name="Test Cases/ADMIN/Content Mgmt/Categories/Category Add-Edit/Add Category" time="15.179" classname="Test Cases/ADMIN/Content Mgmt/Categories/Category Add-Edit/Add Category" status="FAILED">
         <failure type="FAILED" message="Test Cases/ADMIN/Content Mgmt/Categories/Category Add-Edit/Add Category FAILED.
Reason:
com.kms.katalon.core.exception.StepFailedException: Unable to click on object 'Object Repository/ADMIN/Categories/Category List/button_Categories' (Root cause: com.kms.katalon.core.exception.StepFailedException: Unable to click on object 'Object Repository/ADMIN/Categories/Category List/button_Categories'
	at com.kms.katalon.core.webui.keyword.internal.WebUIKeywordMain.stepFailed(WebUIKeywordMain.groovy:64)
	at com.kms.katalon.core.webui.keyword.internal.WebUIKeywordMain.runKeyword(WebUIKeywordMain.groovy:26)
	at com.kms.katalon.core.webui.keyword.builtin.ClickKeyword.click(ClickKeyword.groovy:76)
	at com.kms.katalon.core.webui.keyword.builtin.ClickKeyword.execute(ClickKeyword.groovy:43)
	at com.kms.katalon.core.keyword.internal.KeywordExecutor.executeKeywordForPlatform(KeywordExecutor.groovy:72)
	at com.kms.katalon.core.webui.keyword.WebUiBuiltInKeywords.click(WebUiBuiltInKeywords.groovy:616)
	at com.kms.katalon.core.webui.keyword.WebUiBuiltInKeywords$click$0.call(Unknown Source)
	at Add Category.run(Add Category:28)
	at com.kms.katalon.core.main.ScriptEngine.run(ScriptEngine.java:194)
	at com.kms.katalon.core.main.ScriptEngine.runScriptAsRawText(ScriptEngine.java:119)
	at com.kms.katalon.core.main.TestCaseExecutor.runScript(TestCaseExecutor.java:337)
	at com.kms.katalon.core.main.TestCaseExecutor.doExecute(TestCaseExecutor.java:328)
	at com.kms.katalon.core.main.TestCaseExecutor.processExecutionPhase(TestCaseExecutor.java:307)
	at com.kms.katalon.core.main.TestCaseExecutor.accessMainPhase(TestCaseExecutor.java:299)
	at com.kms.katalon.core.main.TestCaseExecutor.execute(TestCaseExecutor.java:233)
	at com.kms.katalon.core.main.TestSuiteExecutor.accessTestCaseMainPhase(TestSuiteExecutor.java:169)
	at com.kms.katalon.core.main.TestSuiteExecutor.accessTestSuiteMainPhase(TestSuiteExecutor.java:142)
	at com.kms.katalon.core.main.TestSuiteExecutor.execute(TestSuiteExecutor.java:91)
	at com.kms.katalon.core.main.TestCaseMain.startTestSuite(TestCaseMain.java:157)
	at com.kms.katalon.core.main.TestCaseMain$startTestSuite$0.call(Unknown Source)
	at TempTestSuite1584598607274.run(TempTestSuite1584598607274.groovy:36)
Caused by: org.openqa.selenium.ElementNotInteractableException: element not interactable
  (Session info: chrome=80.0.3987.132)
Build info: version: '3.141.59', revision: 'e82be7d358', time: '2018-11-14T08:25:53'
System info: host: 'ARCADIER-03', ip: '192.168.254.105', os.name: 'Windows 7', os.arch: 'amd64', os.version: '6.1', java.version: '1.8.0_181'
Driver info: com.kms.katalon.core.webui.driver.ExistingRemoteWebDriver
Capabilities {javascriptEnabled: true, platform: ANY, platformName: ANY}
Session ID: 66da7635ded2d355388026ca8e7d8eff
	at org.openqa.selenium.remote.http.W3CHttpResponseCodec.createException(W3CHttpResponseCodec.java:187)
	at org.openqa.selenium.remote.http.W3CHttpResponseCodec.decode(W3CHttpResponseCodec.java:122)
	at org.openqa.selenium.remote.http.W3CHttpResponseCodec.decode(W3CHttpResponseCodec.java:49)
	at org.openqa.selenium.remote.HttpCommandExecutor.execute(HttpCommandExecutor.java:158)
	at org.openqa.selenium.remote.RemoteWebDriver.execute(RemoteWebDriver.java:552)
	at com.kms.katalon.core.webui.driver.ExistingRemoteWebDriver.execute(ExistingRemoteWebDriver.java:108)
	at org.openqa.selenium.remote.RemoteWebElement.execute(RemoteWebElement.java:285)
	at org.openqa.selenium.remote.RemoteWebElement.click(RemoteWebElement.java:84)
	at org.openqa.selenium.support.events.EventFiringWebDriver$EventFiringWebElement.lambda$new$0(EventFiringWebDriver.java:404)
	at com.sun.proxy.$Proxy9.click(Unknown Source)
	at org.openqa.selenium.support.events.EventFiringWebDriver$EventFiringWebElement.click(EventFiringWebDriver.java:417)
	at com.kms.katalon.core.webui.keyword.builtin.ClickKeyword$_click_closure1.doCall(ClickKeyword.groovy:69)
	at com.kms.katalon.core.webui.keyword.builtin.ClickKeyword$_click_closure1.call(ClickKeyword.groovy)
	at com.kms.katalon.core.webui.keyword.internal.WebUIKeywordMain.runKeyword(WebUIKeywordMain.groovy:20)
	at com.kms.katalon.core.webui.keyword.builtin.ClickKeyword.click(ClickKeyword.groovy:76)
	at com.kms.katalon.core.webui.keyword.builtin.ClickKeyword.execute(ClickKeyword.groovy:43)
	at com.kms.katalon.core.keyword.internal.KeywordExecutor.executeKeywordForPlatform(KeywordExecutor.groovy:72)
	at com.kms.katalon.core.webui.keyword.WebUiBuiltInKeywords.click(WebUiBuiltInKeywords.groovy:616)
	at com.kms.katalon.core.webui.keyword.WebUiBuiltInKeywords$click$0.call(Unknown Source)
	at Script1549506362832.run(Script1549506362832.groovy:28)
	... 13 more
)
	at com.kms.katalon.core.keyword.internal.KeywordMain.stepFailed(KeywordMain.groovy:39)
	at com.kms.katalon.core.webui.keyword.internal.WebUIKeywordMain.stepFailed(WebUIKeywordMain.groovy:64)
	at com.kms.katalon.core.webui.keyword.internal.WebUIKeywordMain.runKeyword(WebUIKeywordMain.groovy:26)
	at com.kms.katalon.core.webui.keyword.builtin.ClickKeyword.click(ClickKeyword.groovy:76)
	at com.kms.katalon.core.webui.keyword.builtin.ClickKeyword.execute(ClickKeyword.groovy:43)
	at com.kms.katalon.core.keyword.internal.KeywordExecutor.executeKeywordForPlatform(KeywordExecutor.groovy:72)
	at com.kms.katalon.core.webui.keyword.WebUiBuiltInKeywords.click(WebUiBuiltInKeywords.groovy:616)
	at com.kms.katalon.core.webui.keyword.WebUiBuiltInKeywords$click$0.call(Unknown Source)
	at Add Category.run(Add Category:28)
	at com.kms.katalon.core.main.ScriptEngine.run(ScriptEngine.java:194)
	at com.kms.katalon.core.main.ScriptEngine.runScriptAsRawText(ScriptEngine.java:119)
	at com.kms.katalon.core.main.TestCaseExecutor.runScript(TestCaseExecutor.java:337)
	at com.kms.katalon.core.main.TestCaseExecutor.doExecute(TestCaseExecutor.java:328)
	at com.kms.katalon.core.main.TestCaseExecutor.processExecutionPhase(TestCaseExecutor.java:307)
	at com.kms.katalon.core.main.TestCaseExecutor.accessMainPhase(TestCaseExecutor.java:299)
	at com.kms.katalon.core.main.TestCaseExecutor.execute(TestCaseExecutor.java:233)
	at com.kms.katalon.core.main.TestSuiteExecutor.accessTestCaseMainPhase(TestSuiteExecutor.java:169)
	at com.kms.katalon.core.main.TestSuiteExecutor.accessTestSuiteMainPhase(TestSuiteExecutor.java:142)
	at com.kms.katalon.core.main.TestSuiteExecutor.execute(TestSuiteExecutor.java:91)
	at com.kms.katalon.core.main.TestCaseMain.startTestSuite(TestCaseMain.java:157)
	at com.kms.katalon.core.main.TestCaseMain$startTestSuite$0.call(Unknown Source)
	at TempTestSuite1584598607274.run(TempTestSuite1584598607274.groovy:36)
Caused by: com.kms.katalon.core.exception.StepFailedException: Unable to click on object 'Object Repository/ADMIN/Categories/Category List/button_Categories'
	... 21 more
Caused by: org.openqa.selenium.ElementNotInteractableException: element not interactable
  (Session info: chrome=80.0.3987.132)
Build info: version: '3.141.59', revision: 'e82be7d358', time: '2018-11-14T08:25:53'
System info: host: 'ARCADIER-03', ip: '192.168.254.105', os.name: 'Windows 7', os.arch: 'amd64', os.version: '6.1', java.version: '1.8.0_181'
Driver info: com.kms.katalon.core.webui.driver.ExistingRemoteWebDriver
Capabilities {javascriptEnabled: true, platform: ANY, platformName: ANY}
Session ID: 66da7635ded2d355388026ca8e7d8eff
	at org.openqa.selenium.remote.http.W3CHttpResponseCodec.createException(W3CHttpResponseCodec.java:187)
	at org.openqa.selenium.remote.http.W3CHttpResponseCodec.decode(W3CHttpResponseCodec.java:122)
	at org.openqa.selenium.remote.http.W3CHttpResponseCodec.decode(W3CHttpResponseCodec.java:49)
	at org.openqa.selenium.remote.HttpCommandExecutor.execute(HttpCommandExecutor.java:158)
	at org.openqa.selenium.remote.RemoteWebDriver.execute(RemoteWebDriver.java:552)
	at com.kms.katalon.core.webui.driver.ExistingRemoteWebDriver.execute(ExistingRemoteWebDriver.java:108)
	at org.openqa.selenium.remote.RemoteWebElement.execute(RemoteWebElement.java:285)
	at org.openqa.selenium.remote.RemoteWebElement.click(RemoteWebElement.java:84)
	at org.openqa.selenium.support.events.EventFiringWebDriver$EventFiringWebElement.lambda$new$0(EventFiringWebDriver.java:404)
	at com.sun.proxy.$Proxy9.click(Unknown Source)
	at org.openqa.selenium.support.events.EventFiringWebDriver$EventFiringWebElement.click(EventFiringWebDriver.java:417)
	at com.kms.katalon.core.webui.keyword.builtin.ClickKeyword$_click_closure1.doCall(ClickKeyword.groovy:69)
	at com.kms.katalon.core.webui.keyword.builtin.ClickKeyword$_click_closure1.call(ClickKeyword.groovy)
	at com.kms.katalon.core.webui.keyword.internal.WebUIKeywordMain.runKeyword(WebUIKeywordMain.groovy:20)
	... 19 more
"/>
         <system-out><![CDATA[2020-03-19 14:26:40 - [TEST_CASE][FAILED] - Test Cases/ADMIN/Content Mgmt/Categories/Category Add-Edit/Add Category: Test Cases/ADMIN/Content Mgmt/Categories/Category Add-Edit/Add Category FAILED.
Reason:
com.kms.katalon.core.exception.StepFailedException: Unable to click on object 'Object Repository/ADMIN/Categories/Category List/button_Categories' (Root cause: com.kms.katalon.core.exception.StepFailedException: Unable to click on object 'Object Repository/ADMIN/Categories/Category List/button_Categories'
	at com.kms.katalon.core.webui.keyword.internal.WebUIKeywordMain.stepFailed(WebUIKeywordMain.groovy:64)
	at com.kms.katalon.core.webui.keyword.internal.WebUIKeywordMain.runKeyword(WebUIKeywordMain.groovy:26)
	at com.kms.katalon.core.webui.keyword.builtin.ClickKeyword.click(ClickKeyword.groovy:76)
	at com.kms.katalon.core.webui.keyword.builtin.ClickKeyword.execute(ClickKeyword.groovy:43)
	at com.kms.katalon.core.keyword.internal.KeywordExecutor.executeKeywordForPlatform(KeywordExecutor.groovy:72)
	at com.kms.katalon.core.webui.keyword.WebUiBuiltInKeywords.click(WebUiBuiltInKeywords.groovy:616)
	at com.kms.katalon.core.webui.keyword.WebUiBuiltInKeywords$click$0.call(Unknown Source)
	at Add Category.run(Add Category:28)
	at com.kms.katalon.core.main.ScriptEngine.run(ScriptEngine.java:194)
	at com.kms.katalon.core.main.ScriptEngine.runScriptAsRawText(ScriptEngine.java:119)
	at com.kms.katalon.core.main.TestCaseExecutor.runScript(TestCaseExecutor.java:337)
	at com.kms.katalon.core.main.TestCaseExecutor.doExecute(TestCaseExecutor.java:328)
	at com.kms.katalon.core.main.TestCaseExecutor.processExecutionPhase(TestCaseExecutor.java:307)
	at com.kms.katalon.core.main.TestCaseExecutor.accessMainPhase(TestCaseExecutor.java:299)
	at com.kms.katalon.core.main.TestCaseExecutor.execute(TestCaseExecutor.java:233)
	at com.kms.katalon.core.main.TestSuiteExecutor.accessTestCaseMainPhase(TestSuiteExecutor.java:169)
	at com.kms.katalon.core.main.TestSuiteExecutor.accessTestSuiteMainPhase(TestSuiteExecutor.java:142)
	at com.kms.katalon.core.main.TestSuiteExecutor.execute(TestSuiteExecutor.java:91)
	at com.kms.katalon.core.main.TestCaseMain.startTestSuite(TestCaseMain.java:157)
	at com.kms.katalon.core.main.TestCaseMain$startTestSuite$0.call(Unknown Source)
	at TempTestSuite1584598607274.run(TempTestSuite1584598607274.groovy:36)
Caused by: org.openqa.selenium.ElementNotInteractableException: element not interactable
  (Session info: chrome=80.0.3987.132)
Build info: version: '3.141.59', revision: 'e82be7d358', time: '2018-11-14T08:25:53'
System info: host: 'ARCADIER-03', ip: '192.168.254.105', os.name: 'Windows 7', os.arch: 'amd64', os.version: '6.1', java.version: '1.8.0_181'
Driver info: com.kms.katalon.core.webui.driver.ExistingRemoteWebDriver
Capabilities {javascriptEnabled: true, platform: ANY, platformName: ANY}
Session ID: 66da7635ded2d355388026ca8e7d8eff
	at org.openqa.selenium.remote.http.W3CHttpResponseCodec.createException(W3CHttpResponseCodec.java:187)
	at org.openqa.selenium.remote.http.W3CHttpResponseCodec.decode(W3CHttpResponseCodec.java:122)
	at org.openqa.selenium.remote.http.W3CHttpResponseCodec.decode(W3CHttpResponseCodec.java:49)
	at org.openqa.selenium.remote.HttpCommandExecutor.execute(HttpCommandExecutor.java:158)
	at org.openqa.selenium.remote.RemoteWebDriver.execute(RemoteWebDriver.java:552)
	at com.kms.katalon.core.webui.driver.ExistingRemoteWebDriver.execute(ExistingRemoteWebDriver.java:108)
	at org.openqa.selenium.remote.RemoteWebElement.execute(RemoteWebElement.java:285)
	at org.openqa.selenium.remote.RemoteWebElement.click(RemoteWebElement.java:84)
	at org.openqa.selenium.support.events.EventFiringWebDriver$EventFiringWebElement.lambda$new$0(EventFiringWebDriver.java:404)
	at com.sun.proxy.$Proxy9.click(Unknown Source)
	at org.openqa.selenium.support.events.EventFiringWebDriver$EventFiringWebElement.click(EventFiringWebDriver.java:417)
	at com.kms.katalon.core.webui.keyword.builtin.ClickKeyword$_click_closure1.doCall(ClickKeyword.groovy:69)
	at com.kms.katalon.core.webui.keyword.builtin.ClickKeyword$_click_closure1.call(ClickKeyword.groovy)
	at com.kms.katalon.core.webui.keyword.internal.WebUIKeywordMain.runKeyword(WebUIKeywordMain.groovy:20)
	at com.kms.katalon.core.webui.keyword.builtin.ClickKeyword.click(ClickKeyword.groovy:76)
	at com.kms.katalon.core.webui.keyword.builtin.ClickKeyword.execute(ClickKeyword.groovy:43)
	at com.kms.katalon.core.keyword.internal.KeywordExecutor.executeKeywordForPlatform(KeywordExecutor.groovy:72)
	at com.kms.katalon.core.webui.keyword.WebUiBuiltInKeywords.click(WebUiBuiltInKeywords.groovy:616)
	at com.kms.katalon.core.webui.keyword.WebUiBuiltInKeywords$click$0.call(Unknown Source)
	at Script1549506362832.run(Script1549506362832.groovy:28)
	... 13 more
)
	at com.kms.katalon.core.keyword.internal.KeywordMain.stepFailed(KeywordMain.groovy:39)
	at com.kms.katalon.core.webui.keyword.internal.WebUIKeywordMain.stepFailed(WebUIKeywordMain.groovy:64)
	at com.kms.katalon.core.webui.keyword.internal.WebUIKeywordMain.runKeyword(WebUIKeywordMain.groovy:26)
	at com.kms.katalon.core.webui.keyword.builtin.ClickKeyword.click(ClickKeyword.groovy:76)
	at com.kms.katalon.core.webui.keyword.builtin.ClickKeyword.execute(ClickKeyword.groovy:43)
	at com.kms.katalon.core.keyword.internal.KeywordExecutor.executeKeywordForPlatform(KeywordExecutor.groovy:72)
	at com.kms.katalon.core.webui.keyword.WebUiBuiltInKeywords.click(WebUiBuiltInKeywords.groovy:616)
	at com.kms.katalon.core.webui.keyword.WebUiBuiltInKeywords$click$0.call(Unknown Source)
	at Add Category.run(Add Category:28)
	at com.kms.katalon.core.main.ScriptEngine.run(ScriptEngine.java:194)
	at com.kms.katalon.core.main.ScriptEngine.runScriptAsRawText(ScriptEngine.java:119)
	at com.kms.katalon.core.main.TestCaseExecutor.runScript(TestCaseExecutor.java:337)
	at com.kms.katalon.core.main.TestCaseExecutor.doExecute(TestCaseExecutor.java:328)
	at com.kms.katalon.core.main.TestCaseExecutor.processExecutionPhase(TestCaseExecutor.java:307)
	at com.kms.katalon.core.main.TestCaseExecutor.accessMainPhase(TestCaseExecutor.java:299)
	at com.kms.katalon.core.main.TestCaseExecutor.execute(TestCaseExecutor.java:233)
	at com.kms.katalon.core.main.TestSuiteExecutor.accessTestCaseMainPhase(TestSuiteExecutor.java:169)
	at com.kms.katalon.core.main.TestSuiteExecutor.accessTestSuiteMainPhase(TestSuiteExecutor.java:142)
	at com.kms.katalon.core.main.TestSuiteExecutor.execute(TestSuiteExecutor.java:91)
	at com.kms.katalon.core.main.TestCaseMain.startTestSuite(TestCaseMain.java:157)
	at com.kms.katalon.core.main.TestCaseMain$startTestSuite$0.call(Unknown Source)
	at TempTestSuite1584598607274.run(TempTestSuite1584598607274.groovy:36)
Caused by: com.kms.katalon.core.exception.StepFailedException: Unable to click on object 'Object Repository/ADMIN/Categories/Category List/button_Categories'
	... 21 more
Caused by: org.openqa.selenium.ElementNotInteractableException: element not interactable
  (Session info: chrome=80.0.3987.132)
Build info: version: '3.141.59', revision: 'e82be7d358', time: '2018-11-14T08:25:53'
System info: host: 'ARCADIER-03', ip: '192.168.254.105', os.name: 'Windows 7', os.arch: 'amd64', os.version: '6.1', java.version: '1.8.0_181'
Driver info: com.kms.katalon.core.webui.driver.ExistingRemoteWebDriver
Capabilities {javascriptEnabled: true, platform: ANY, platformName: ANY}
Session ID: 66da7635ded2d355388026ca8e7d8eff
	at org.openqa.selenium.remote.http.W3CHttpResponseCodec.createException(W3CHttpResponseCodec.java:187)
	at org.openqa.selenium.remote.http.W3CHttpResponseCodec.decode(W3CHttpResponseCodec.java:122)
	at org.openqa.selenium.remote.http.W3CHttpResponseCodec.decode(W3CHttpResponseCodec.java:49)
	at org.openqa.selenium.remote.HttpCommandExecutor.execute(HttpCommandExecutor.java:158)
	at org.openqa.selenium.remote.RemoteWebDriver.execute(RemoteWebDriver.java:552)
	at com.kms.katalon.core.webui.driver.ExistingRemoteWebDriver.execute(ExistingRemoteWebDriver.java:108)
	at org.openqa.selenium.remote.RemoteWebElement.execute(RemoteWebElement.java:285)
	at org.openqa.selenium.remote.RemoteWebElement.click(RemoteWebElement.java:84)
	at org.openqa.selenium.support.events.EventFiringWebDriver$EventFiringWebElement.lambda$new$0(EventFiringWebDriver.java:404)
	at com.sun.proxy.$Proxy9.click(Unknown Source)
	at org.openqa.selenium.support.events.EventFiringWebDriver$EventFiringWebElement.click(EventFiringWebDriver.java:417)
	at com.kms.katalon.core.webui.keyword.builtin.ClickKeyword$_click_closure1.doCall(ClickKeyword.groovy:69)
	at com.kms.katalon.core.webui.keyword.builtin.ClickKeyword$_click_closure1.call(ClickKeyword.groovy)
	at com.kms.katalon.core.webui.keyword.internal.WebUIKeywordMain.runKeyword(WebUIKeywordMain.groovy:20)
	... 19 more


2020-03-19 14:26:40 - [TEST_STEP][PASSED] - waitForElementVisible(findTestObject("ADMIN/Categories/Category List/button_Content Mgmt"), 0): Object 'Object Repository/ADMIN/Categories/Category List/button_Content Mgmt' is visible

2020-03-19 14:26:40 - [MESSAGE][WARNING] - Timeout '0' is invalid. Using default page load timeout: '30'

2020-03-19 14:26:40 - [MESSAGE][PASSED] - Object 'Object Repository/ADMIN/Categories/Category List/button_Content Mgmt' is visible

2020-03-19 14:26:40 - [TEST_STEP][PASSED] - click(findTestObject("ADMIN/Categories/Category List/button_Content Mgmt")): Object: 'Object Repository/ADMIN/Categories/Category List/button_Content Mgmt' is clicked on

2020-03-19 14:26:40 - [MESSAGE][PASSED] - Object: 'Object Repository/ADMIN/Categories/Category List/button_Content Mgmt' is clicked on

2020-03-19 14:26:40 - [TEST_STEP][PASSED] - waitForElementVisible(findTestObject("ADMIN/Categories/Category List/button_Categories"), 0): Object 'Object Repository/ADMIN/Categories/Category List/button_Categories' is visible

2020-03-19 14:26:40 - [MESSAGE][WARNING] - Timeout '0' is invalid. Using default page load timeout: '30'

2020-03-19 14:26:41 - [MESSAGE][PASSED] - Object 'Object Repository/ADMIN/Categories/Category List/button_Categories' is visible

2020-03-19 14:26:41 - [TEST_STEP][FAILED] - click(findTestObject("ADMIN/Categories/Category List/button_Categories")): Unable to click on object 'Object Repository/ADMIN/Categories/Category List/button_Categories' (Root cause: com.kms.katalon.core.exception.StepFailedException: Unable to click on object 'Object Repository/ADMIN/Categories/Category List/button_Categories'
	at com.kms.katalon.core.webui.keyword.internal.WebUIKeywordMain.stepFailed(WebUIKeywordMain.groovy:64)
	at com.kms.katalon.core.webui.keyword.internal.WebUIKeywordMain.runKeyword(WebUIKeywordMain.groovy:26)
	at com.kms.katalon.core.webui.keyword.builtin.ClickKeyword.click(ClickKeyword.groovy:76)
	at com.kms.katalon.core.webui.keyword.builtin.ClickKeyword.execute(ClickKeyword.groovy:43)
	at com.kms.katalon.core.keyword.internal.KeywordExecutor.executeKeywordForPlatform(KeywordExecutor.groovy:72)
	at com.kms.katalon.core.webui.keyword.WebUiBuiltInKeywords.click(WebUiBuiltInKeywords.groovy:616)
	at com.kms.katalon.core.webui.keyword.WebUiBuiltInKeywords$click$0.call(Unknown Source)
	at Add Category.run(Add Category:28)
	at com.kms.katalon.core.main.ScriptEngine.run(ScriptEngine.java:194)
	at com.kms.katalon.core.main.ScriptEngine.runScriptAsRawText(ScriptEngine.java:119)
	at com.kms.katalon.core.main.TestCaseExecutor.runScript(TestCaseExecutor.java:337)
	at com.kms.katalon.core.main.TestCaseExecutor.doExecute(TestCaseExecutor.java:328)
	at com.kms.katalon.core.main.TestCaseExecutor.processExecutionPhase(TestCaseExecutor.java:307)
	at com.kms.katalon.core.main.TestCaseExecutor.accessMainPhase(TestCaseExecutor.java:299)
	at com.kms.katalon.core.main.TestCaseExecutor.execute(TestCaseExecutor.java:233)
	at com.kms.katalon.core.main.TestSuiteExecutor.accessTestCaseMainPhase(TestSuiteExecutor.java:169)
	at com.kms.katalon.core.main.TestSuiteExecutor.accessTestSuiteMainPhase(TestSuiteExecutor.java:142)
	at com.kms.katalon.core.main.TestSuiteExecutor.execute(TestSuiteExecutor.java:91)
	at com.kms.katalon.core.main.TestCaseMain.startTestSuite(TestCaseMain.java:157)
	at com.kms.katalon.core.main.TestCaseMain$startTestSuite$0.call(Unknown Source)
	at TempTestSuite1584598607274.run(TempTestSuite1584598607274.groovy:36)
Caused by: org.openqa.selenium.ElementNotInteractableException: element not interactable
  (Session info: chrome=80.0.3987.132)
Build info: version: '3.141.59', revision: 'e82be7d358', time: '2018-11-14T08:25:53'
System info: host: 'ARCADIER-03', ip: '192.168.254.105', os.name: 'Windows 7', os.arch: 'amd64', os.version: '6.1', java.version: '1.8.0_181'
Driver info: com.kms.katalon.core.webui.driver.ExistingRemoteWebDriver
Capabilities {javascriptEnabled: true, platform: ANY, platformName: ANY}
Session ID: 66da7635ded2d355388026ca8e7d8eff
	at org.openqa.selenium.remote.http.W3CHttpResponseCodec.createException(W3CHttpResponseCodec.java:187)
	at org.openqa.selenium.remote.http.W3CHttpResponseCodec.decode(W3CHttpResponseCodec.java:122)
	at org.openqa.selenium.remote.http.W3CHttpResponseCodec.decode(W3CHttpResponseCodec.java:49)
	at org.openqa.selenium.remote.HttpCommandExecutor.execute(HttpCommandExecutor.java:158)
	at org.openqa.selenium.remote.RemoteWebDriver.execute(RemoteWebDriver.java:552)
	at com.kms.katalon.core.webui.driver.ExistingRemoteWebDriver.execute(ExistingRemoteWebDriver.java:108)
	at org.openqa.selenium.remote.RemoteWebElement.execute(RemoteWebElement.java:285)
	at org.openqa.selenium.remote.RemoteWebElement.click(RemoteWebElement.java:84)
	at org.openqa.selenium.support.events.EventFiringWebDriver$EventFiringWebElement.lambda$new$0(EventFiringWebDriver.java:404)
	at com.sun.proxy.$Proxy9.click(Unknown Source)
	at org.openqa.selenium.support.events.EventFiringWebDriver$EventFiringWebElement.click(EventFiringWebDriver.java:417)
	at com.kms.katalon.core.webui.keyword.builtin.ClickKeyword$_click_closure1.doCall(ClickKeyword.groovy:69)
	at com.kms.katalon.core.webui.keyword.builtin.ClickKeyword$_click_closure1.call(ClickKeyword.groovy)
	at com.kms.katalon.core.webui.keyword.internal.WebUIKeywordMain.runKeyword(WebUIKeywordMain.groovy:20)
	at com.kms.katalon.core.webui.keyword.builtin.ClickKeyword.click(ClickKeyword.groovy:76)
	at com.kms.katalon.core.webui.keyword.builtin.ClickKeyword.execute(ClickKeyword.groovy:43)
	at com.kms.katalon.core.keyword.internal.KeywordExecutor.executeKeywordForPlatform(KeywordExecutor.groovy:72)
	at com.kms.katalon.core.webui.keyword.WebUiBuiltInKeywords.click(WebUiBuiltInKeywords.groovy:616)
	at com.kms.katalon.core.webui.keyword.WebUiBuiltInKeywords$click$0.call(Unknown Source)
	at Script1549506362832.run(Script1549506362832.groovy:28)
	... 13 more
)

2020-03-19 14:26:41 - [MESSAGE][FAILED] - Unable to click on object 'Object Repository/ADMIN/Categories/Category List/button_Categories' (Root cause: com.kms.katalon.core.exception.StepFailedException: Unable to click on object 'Object Repository/ADMIN/Categories/Category List/button_Categories'
	at com.kms.katalon.core.webui.keyword.internal.WebUIKeywordMain.stepFailed(WebUIKeywordMain.groovy:64)
	at com.kms.katalon.core.webui.keyword.internal.WebUIKeywordMain.runKeyword(WebUIKeywordMain.groovy:26)
	at com.kms.katalon.core.webui.keyword.builtin.ClickKeyword.click(ClickKeyword.groovy:76)
	at com.kms.katalon.core.webui.keyword.builtin.ClickKeyword.execute(ClickKeyword.groovy:43)
	at com.kms.katalon.core.keyword.internal.KeywordExecutor.executeKeywordForPlatform(KeywordExecutor.groovy:72)
	at com.kms.katalon.core.webui.keyword.WebUiBuiltInKeywords.click(WebUiBuiltInKeywords.groovy:616)
	at com.kms.katalon.core.webui.keyword.WebUiBuiltInKeywords$click$0.call(Unknown Source)
	at Add Category.run(Add Category:28)
	at com.kms.katalon.core.main.ScriptEngine.run(ScriptEngine.java:194)
	at com.kms.katalon.core.main.ScriptEngine.runScriptAsRawText(ScriptEngine.java:119)
	at com.kms.katalon.core.main.TestCaseExecutor.runScript(TestCaseExecutor.java:337)
	at com.kms.katalon.core.main.TestCaseExecutor.doExecute(TestCaseExecutor.java:328)
	at com.kms.katalon.core.main.TestCaseExecutor.processExecutionPhase(TestCaseExecutor.java:307)
	at com.kms.katalon.core.main.TestCaseExecutor.accessMainPhase(TestCaseExecutor.java:299)
	at com.kms.katalon.core.main.TestCaseExecutor.execute(TestCaseExecutor.java:233)
	at com.kms.katalon.core.main.TestSuiteExecutor.accessTestCaseMainPhase(TestSuiteExecutor.java:169)
	at com.kms.katalon.core.main.TestSuiteExecutor.accessTestSuiteMainPhase(TestSuiteExecutor.java:142)
	at com.kms.katalon.core.main.TestSuiteExecutor.execute(TestSuiteExecutor.java:91)
	at com.kms.katalon.core.main.TestCaseMain.startTestSuite(TestCaseMain.java:157)
	at com.kms.katalon.core.main.TestCaseMain$startTestSuite$0.call(Unknown Source)
	at TempTestSuite1584598607274.run(TempTestSuite1584598607274.groovy:36)
Caused by: org.openqa.selenium.ElementNotInteractableException: element not interactable
  (Session info: chrome=80.0.3987.132)
Build info: version: '3.141.59', revision: 'e82be7d358', time: '2018-11-14T08:25:53'
System info: host: 'ARCADIER-03', ip: '192.168.254.105', os.name: 'Windows 7', os.arch: 'amd64', os.version: '6.1', java.version: '1.8.0_181'
Driver info: com.kms.katalon.core.webui.driver.ExistingRemoteWebDriver
Capabilities {javascriptEnabled: true, platform: ANY, platformName: ANY}
Session ID: 66da7635ded2d355388026ca8e7d8eff
	at org.openqa.selenium.remote.http.W3CHttpResponseCodec.createException(W3CHttpResponseCodec.java:187)
	at org.openqa.selenium.remote.http.W3CHttpResponseCodec.decode(W3CHttpResponseCodec.java:122)
	at org.openqa.selenium.remote.http.W3CHttpResponseCodec.decode(W3CHttpResponseCodec.java:49)
	at org.openqa.selenium.remote.HttpCommandExecutor.execute(HttpCommandExecutor.java:158)
	at org.openqa.selenium.remote.RemoteWebDriver.execute(RemoteWebDriver.java:552)
	at com.kms.katalon.core.webui.driver.ExistingRemoteWebDriver.execute(ExistingRemoteWebDriver.java:108)
	at org.openqa.selenium.remote.RemoteWebElement.execute(RemoteWebElement.java:285)
	at org.openqa.selenium.remote.RemoteWebElement.click(RemoteWebElement.java:84)
	at org.openqa.selenium.support.events.EventFiringWebDriver$EventFiringWebElement.lambda$new$0(EventFiringWebDriver.java:404)
	at com.sun.proxy.$Proxy9.click(Unknown Source)
	at org.openqa.selenium.support.events.EventFiringWebDriver$EventFiringWebElement.click(EventFiringWebDriver.java:417)
	at com.kms.katalon.core.webui.keyword.builtin.ClickKeyword$_click_closure1.doCall(ClickKeyword.groovy:69)
	at com.kms.katalon.core.webui.keyword.builtin.ClickKeyword$_click_closure1.call(ClickKeyword.groovy)
	at com.kms.katalon.core.webui.keyword.internal.WebUIKeywordMain.runKeyword(WebUIKeywordMain.groovy:20)
	at com.kms.katalon.core.webui.keyword.builtin.ClickKeyword.click(ClickKeyword.groovy:76)
	at com.kms.katalon.core.webui.keyword.builtin.ClickKeyword.execute(ClickKeyword.groovy:43)
	at com.kms.katalon.core.keyword.internal.KeywordExecutor.executeKeywordForPlatform(KeywordExecutor.groovy:72)
	at com.kms.katalon.core.webui.keyword.WebUiBuiltInKeywords.click(WebUiBuiltInKeywords.groovy:616)
	at com.kms.katalon.core.webui.keyword.WebUiBuiltInKeywords$click$0.call(Unknown Source)
	at Script1549506362832.run(Script1549506362832.groovy:28)
	... 13 more
)
[[ATTACHMENT|C:\\Katalon\\Arctick\\Reports\\20200319_141647\\Admin\\Admin Add Category\\20200319_141647\\1584599201273.png]]

2020-03-19 14:26:41 - [TEST_STEP][PASSED] - waitForPageLoad(0, STOP_ON_FAILURE): Wait for page load successfully

2020-03-19 14:26:41 - [MESSAGE][WARNING] - Timeout '0' is invalid. Using default page load timeout: '30'

2020-03-19 14:26:41 - [MESSAGE][PASSED] - Wait for page load successfully

2020-03-19 14:26:41 - [TEST_STEP][PASSED] - click(findTestObject("ADMIN/Categories/Category List/button_Add a Category")): Object: 'Object Repository/ADMIN/Categories/Category List/button_Add a Category' is clicked on

2020-03-19 14:26:41 - [MESSAGE][PASSED] - Object: 'Object Repository/ADMIN/Categories/Category List/button_Add a Category' is clicked on

2020-03-19 14:26:41 - [TEST_STEP][PASSED] - waitForElementPresent(findTestObject("ADMIN/Categories/Category/dropdown_Parent"), 2): Object 'Object Repository/ADMIN/Categories/Category/dropdown_Parent' is present

2020-03-19 14:26:41 - [MESSAGE][PASSED] - Object 'Object Repository/ADMIN/Categories/Category/dropdown_Parent' is present

2020-03-19 14:26:41 - [TEST_STEP][PASSED] - delay(1): Delayed 1 second(s)

2020-03-19 14:26:42 - [MESSAGE][PASSED] - Delayed 1 second(s)

2020-03-19 14:26:42 - [TEST_STEP][PASSED] - setText(findTestObject("ADMIN/Categories/Category/textfield_Category Name"), CategoryNametext): Text 'Category 5.1.7' is set on object 'Object Repository/ADMIN/Categories/Category/textfield_Category Name'

2020-03-19 14:26:43 - [MESSAGE][PASSED] - Text 'Category 5.1.7' is set on object 'Object Repository/ADMIN/Categories/Category/textfield_Category Name'

2020-03-19 14:26:43 - [TEST_STEP][PASSED] - click(findTestObject("ADMIN/Categories/Category/dropdown_Parent")): Object: 'Object Repository/ADMIN/Categories/Category/dropdown_Parent' is clicked on

2020-03-19 14:26:43 - [MESSAGE][PASSED] - Object: 'Object Repository/ADMIN/Categories/Category/dropdown_Parent' is clicked on

2020-03-19 14:26:43 - [TEST_STEP][PASSED] - delay(2): Delayed 2 second(s)

2020-03-19 14:26:45 - [MESSAGE][PASSED] - Delayed 2 second(s)

2020-03-19 14:26:45 - [TEST_STEP][PASSED] - click(findTestObject("ADMIN/Categories/Category/dropdown_Parent")): Object: 'Object Repository/ADMIN/Categories/Category/dropdown_Parent' is clicked on

2020-03-19 14:26:45 - [MESSAGE][PASSED] - Object: 'Object Repository/ADMIN/Categories/Category/dropdown_Parent' is clicked on

2020-03-19 14:26:45 - [TEST_STEP][PASSED] - selectOptionByLabel(findTestObject("ADMIN/Categories/Category/dropdown_Parent"), ParentName, false): All options with label 'Category 5.1' are selected in object 'Object Repository/ADMIN/Categories/Category/dropdown_Parent' 

2020-03-19 14:26:45 - [MESSAGE][PASSED] - All options with label 'Category 5.1' are selected in object 'Object Repository/ADMIN/Categories/Category/dropdown_Parent' 

2020-03-19 14:26:45 - [TEST_STEP][PASSED] - click(findTestObject("ADMIN/Categories/Category/button_Browse")): Object: 'Object Repository/ADMIN/Categories/Category/button_Browse' is clicked on

2020-03-19 14:26:45 - [MESSAGE][PASSED] - Object: 'Object Repository/ADMIN/Categories/Category/button_Browse' is clicked on

2020-03-19 14:26:45 - [TEST_STEP][PASSED] - delay(2): Delayed 2 second(s)

2020-03-19 14:26:47 - [MESSAGE][PASSED] - Delayed 2 second(s)

2020-03-19 14:26:47 - [TEST_STEP][PASSED] - uploadFile(findTestObject("ADMIN/Categories/Category/image_input image"), CategoryImageUpload): File 'C:\\Katalon\\Arctick\\Images\\Category\\5.png' sent to object: 'Object Repository/ADMIN/Categories/Category/image_input image'

2020-03-19 14:26:48 - [MESSAGE][PASSED] - File 'C:\\Katalon\\Arctick\\Images\\Category\\5.png' sent to object: 'Object Repository/ADMIN/Categories/Category/image_input image'

2020-03-19 14:26:48 - [TEST_STEP][PASSED] - waitForElementVisible(findTestObject("ADMIN/Categories/Category/button_upload check"), 0): Object 'Object Repository/ADMIN/Categories/Category/button_upload check' is visible

2020-03-19 14:26:48 - [MESSAGE][WARNING] - Timeout '0' is invalid. Using default page load timeout: '30'

2020-03-19 14:26:48 - [MESSAGE][PASSED] - Object 'Object Repository/ADMIN/Categories/Category/button_upload check' is visible

2020-03-19 14:26:48 - [TEST_STEP][PASSED] - click(findTestObject("ADMIN/Categories/Category/button_upload check")): Object: 'Object Repository/ADMIN/Categories/Category/button_upload check' is clicked on

2020-03-19 14:26:48 - [MESSAGE][PASSED] - Object: 'Object Repository/ADMIN/Categories/Category/button_upload check' is clicked on

2020-03-19 14:26:48 - [TEST_STEP][PASSED] - waitForElementVisible(findTestObject("ADMIN/Categories/Category/button_upload save"), 0): Object 'Object Repository/ADMIN/Categories/Category/button_upload save' is visible

2020-03-19 14:26:48 - [MESSAGE][WARNING] - Timeout '0' is invalid. Using default page load timeout: '30'

2020-03-19 14:26:48 - [MESSAGE][PASSED] - Object 'Object Repository/ADMIN/Categories/Category/button_upload save' is visible

2020-03-19 14:26:48 - [TEST_STEP][PASSED] - click(findTestObject("ADMIN/Categories/Category/button_upload save")): Object: 'Object Repository/ADMIN/Categories/Category/button_upload save' is clicked on

2020-03-19 14:26:48 - [MESSAGE][PASSED] - Object: 'Object Repository/ADMIN/Categories/Category/button_upload save' is clicked on

2020-03-19 14:26:48 - [TEST_STEP][PASSED] - setText(findTestObject("ADMIN/Categories/Category/textfield_category_description"), Description): Text 'Description39' is set on object 'Object Repository/ADMIN/Categories/Category/textfield_category_description'

2020-03-19 14:26:48 - [MESSAGE][PASSED] - Text 'Description39' is set on object 'Object Repository/ADMIN/Categories/Category/textfield_category_description'

2020-03-19 14:26:48 - [TEST_STEP][PASSED] - click(findTestObject("ADMIN/Categories/Category/button_Save")): Object: 'Object Repository/ADMIN/Categories/Category/button_Save' is clicked on

2020-03-19 14:26:49 - [MESSAGE][PASSED] - Object: 'Object Repository/ADMIN/Categories/Category/button_Save' is clicked on

2020-03-19 14:26:49 - [TEST_STEP][PASSED] - waitForElementVisible(findTestObject("ADMIN/Categories/Category/label_edit popup"), 0): Object 'Object Repository/ADMIN/Categories/Category/label_edit popup' is visible

2020-03-19 14:26:49 - [MESSAGE][WARNING] - Timeout '0' is invalid. Using default page load timeout: '30'

2020-03-19 14:26:49 - [MESSAGE][PASSED] - Object 'Object Repository/ADMIN/Categories/Category/label_edit popup' is visible

2020-03-19 14:26:49 - [TEST_STEP][PASSED] - waitForElementNotPresent(findTestObject("ADMIN/Categories/Category/label_edit popup"), 0): Web element with id: 'Object Repository/ADMIN/Categories/Category/label_edit popup' located by 'By.xpath: //div[(text() = 'Category was successfully saved.' or . = 'Category was successfully saved.')]' is not present after '30' second(s)

2020-03-19 14:26:49 - [MESSAGE][WARNING] - Timeout '0' is invalid. Using default page load timeout: '30'

2020-03-19 14:26:55 - [MESSAGE][PASSED] - Web element with id: 'Object Repository/ADMIN/Categories/Category/label_edit popup' located by 'By.xpath: //div[(text() = 'Category was successfully saved.' or . = 'Category was successfully saved.')]' is not present after '30' second(s)]]></system-out>
         <system-err><![CDATA[2020-03-19 14:26:40 - [TEST_CASE][FAILED] - Test Cases/ADMIN/Content Mgmt/Categories/Category Add-Edit/Add Category: Test Cases/ADMIN/Content Mgmt/Categories/Category Add-Edit/Add Category FAILED.
Reason:
com.kms.katalon.core.exception.StepFailedException: Unable to click on object 'Object Repository/ADMIN/Categories/Category List/button_Categories' (Root cause: com.kms.katalon.core.exception.StepFailedException: Unable to click on object 'Object Repository/ADMIN/Categories/Category List/button_Categories'
	at com.kms.katalon.core.webui.keyword.internal.WebUIKeywordMain.stepFailed(WebUIKeywordMain.groovy:64)
	at com.kms.katalon.core.webui.keyword.internal.WebUIKeywordMain.runKeyword(WebUIKeywordMain.groovy:26)
	at com.kms.katalon.core.webui.keyword.builtin.ClickKeyword.click(ClickKeyword.groovy:76)
	at com.kms.katalon.core.webui.keyword.builtin.ClickKeyword.execute(ClickKeyword.groovy:43)
	at com.kms.katalon.core.keyword.internal.KeywordExecutor.executeKeywordForPlatform(KeywordExecutor.groovy:72)
	at com.kms.katalon.core.webui.keyword.WebUiBuiltInKeywords.click(WebUiBuiltInKeywords.groovy:616)
	at com.kms.katalon.core.webui.keyword.WebUiBuiltInKeywords$click$0.call(Unknown Source)
	at Add Category.run(Add Category:28)
	at com.kms.katalon.core.main.ScriptEngine.run(ScriptEngine.java:194)
	at com.kms.katalon.core.main.ScriptEngine.runScriptAsRawText(ScriptEngine.java:119)
	at com.kms.katalon.core.main.TestCaseExecutor.runScript(TestCaseExecutor.java:337)
	at com.kms.katalon.core.main.TestCaseExecutor.doExecute(TestCaseExecutor.java:328)
	at com.kms.katalon.core.main.TestCaseExecutor.processExecutionPhase(TestCaseExecutor.java:307)
	at com.kms.katalon.core.main.TestCaseExecutor.accessMainPhase(TestCaseExecutor.java:299)
	at com.kms.katalon.core.main.TestCaseExecutor.execute(TestCaseExecutor.java:233)
	at com.kms.katalon.core.main.TestSuiteExecutor.accessTestCaseMainPhase(TestSuiteExecutor.java:169)
	at com.kms.katalon.core.main.TestSuiteExecutor.accessTestSuiteMainPhase(TestSuiteExecutor.java:142)
	at com.kms.katalon.core.main.TestSuiteExecutor.execute(TestSuiteExecutor.java:91)
	at com.kms.katalon.core.main.TestCaseMain.startTestSuite(TestCaseMain.java:157)
	at com.kms.katalon.core.main.TestCaseMain$startTestSuite$0.call(Unknown Source)
	at TempTestSuite1584598607274.run(TempTestSuite1584598607274.groovy:36)
Caused by: org.openqa.selenium.ElementNotInteractableException: element not interactable
  (Session info: chrome=80.0.3987.132)
Build info: version: '3.141.59', revision: 'e82be7d358', time: '2018-11-14T08:25:53'
System info: host: 'ARCADIER-03', ip: '192.168.254.105', os.name: 'Windows 7', os.arch: 'amd64', os.version: '6.1', java.version: '1.8.0_181'
Driver info: com.kms.katalon.core.webui.driver.ExistingRemoteWebDriver
Capabilities {javascriptEnabled: true, platform: ANY, platformName: ANY}
Session ID: 66da7635ded2d355388026ca8e7d8eff
	at org.openqa.selenium.remote.http.W3CHttpResponseCodec.createException(W3CHttpResponseCodec.java:187)
	at org.openqa.selenium.remote.http.W3CHttpResponseCodec.decode(W3CHttpResponseCodec.java:122)
	at org.openqa.selenium.remote.http.W3CHttpResponseCodec.decode(W3CHttpResponseCodec.java:49)
	at org.openqa.selenium.remote.HttpCommandExecutor.execute(HttpCommandExecutor.java:158)
	at org.openqa.selenium.remote.RemoteWebDriver.execute(RemoteWebDriver.java:552)
	at com.kms.katalon.core.webui.driver.ExistingRemoteWebDriver.execute(ExistingRemoteWebDriver.java:108)
	at org.openqa.selenium.remote.RemoteWebElement.execute(RemoteWebElement.java:285)
	at org.openqa.selenium.remote.RemoteWebElement.click(RemoteWebElement.java:84)
	at org.openqa.selenium.support.events.EventFiringWebDriver$EventFiringWebElement.lambda$new$0(EventFiringWebDriver.java:404)
	at com.sun.proxy.$Proxy9.click(Unknown Source)
	at org.openqa.selenium.support.events.EventFiringWebDriver$EventFiringWebElement.click(EventFiringWebDriver.java:417)
	at com.kms.katalon.core.webui.keyword.builtin.ClickKeyword$_click_closure1.doCall(ClickKeyword.groovy:69)
	at com.kms.katalon.core.webui.keyword.builtin.ClickKeyword$_click_closure1.call(ClickKeyword.groovy)
	at com.kms.katalon.core.webui.keyword.internal.WebUIKeywordMain.runKeyword(WebUIKeywordMain.groovy:20)
	at com.kms.katalon.core.webui.keyword.builtin.ClickKeyword.click(ClickKeyword.groovy:76)
	at com.kms.katalon.core.webui.keyword.builtin.ClickKeyword.execute(ClickKeyword.groovy:43)
	at com.kms.katalon.core.keyword.internal.KeywordExecutor.executeKeywordForPlatform(KeywordExecutor.groovy:72)
	at com.kms.katalon.core.webui.keyword.WebUiBuiltInKeywords.click(WebUiBuiltInKeywords.groovy:616)
	at com.kms.katalon.core.webui.keyword.WebUiBuiltInKeywords$click$0.call(Unknown Source)
	at Script1549506362832.run(Script1549506362832.groovy:28)
	... 13 more
)
	at com.kms.katalon.core.keyword.internal.KeywordMain.stepFailed(KeywordMain.groovy:39)
	at com.kms.katalon.core.webui.keyword.internal.WebUIKeywordMain.stepFailed(WebUIKeywordMain.groovy:64)
	at com.kms.katalon.core.webui.keyword.internal.WebUIKeywordMain.runKeyword(WebUIKeywordMain.groovy:26)
	at com.kms.katalon.core.webui.keyword.builtin.ClickKeyword.click(ClickKeyword.groovy:76)
	at com.kms.katalon.core.webui.keyword.builtin.ClickKeyword.execute(ClickKeyword.groovy:43)
	at com.kms.katalon.core.keyword.internal.KeywordExecutor.executeKeywordForPlatform(KeywordExecutor.groovy:72)
	at com.kms.katalon.core.webui.keyword.WebUiBuiltInKeywords.click(WebUiBuiltInKeywords.groovy:616)
	at com.kms.katalon.core.webui.keyword.WebUiBuiltInKeywords$click$0.call(Unknown Source)
	at Add Category.run(Add Category:28)
	at com.kms.katalon.core.main.ScriptEngine.run(ScriptEngine.java:194)
	at com.kms.katalon.core.main.ScriptEngine.runScriptAsRawText(ScriptEngine.java:119)
	at com.kms.katalon.core.main.TestCaseExecutor.runScript(TestCaseExecutor.java:337)
	at com.kms.katalon.core.main.TestCaseExecutor.doExecute(TestCaseExecutor.java:328)
	at com.kms.katalon.core.main.TestCaseExecutor.processExecutionPhase(TestCaseExecutor.java:307)
	at com.kms.katalon.core.main.TestCaseExecutor.accessMainPhase(TestCaseExecutor.java:299)
	at com.kms.katalon.core.main.TestCaseExecutor.execute(TestCaseExecutor.java:233)
	at com.kms.katalon.core.main.TestSuiteExecutor.accessTestCaseMainPhase(TestSuiteExecutor.java:169)
	at com.kms.katalon.core.main.TestSuiteExecutor.accessTestSuiteMainPhase(TestSuiteExecutor.java:142)
	at com.kms.katalon.core.main.TestSuiteExecutor.execute(TestSuiteExecutor.java:91)
	at com.kms.katalon.core.main.TestCaseMain.startTestSuite(TestCaseMain.java:157)
	at com.kms.katalon.core.main.TestCaseMain$startTestSuite$0.call(Unknown Source)
	at TempTestSuite1584598607274.run(TempTestSuite1584598607274.groovy:36)
Caused by: com.kms.katalon.core.exception.StepFailedException: Unable to click on object 'Object Repository/ADMIN/Categories/Category List/button_Categories'
	... 21 more
Caused by: org.openqa.selenium.ElementNotInteractableException: element not interactable
  (Session info: chrome=80.0.3987.132)
Build info: version: '3.141.59', revision: 'e82be7d358', time: '2018-11-14T08:25:53'
System info: host: 'ARCADIER-03', ip: '192.168.254.105', os.name: 'Windows 7', os.arch: 'amd64', os.version: '6.1', java.version: '1.8.0_181'
Driver info: com.kms.katalon.core.webui.driver.ExistingRemoteWebDriver
Capabilities {javascriptEnabled: true, platform: ANY, platformName: ANY}
Session ID: 66da7635ded2d355388026ca8e7d8eff
	at org.openqa.selenium.remote.http.W3CHttpResponseCodec.createException(W3CHttpResponseCodec.java:187)
	at org.openqa.selenium.remote.http.W3CHttpResponseCodec.decode(W3CHttpResponseCodec.java:122)
	at org.openqa.selenium.remote.http.W3CHttpResponseCodec.decode(W3CHttpResponseCodec.java:49)
	at org.openqa.selenium.remote.HttpCommandExecutor.execute(HttpCommandExecutor.java:158)
	at org.openqa.selenium.remote.RemoteWebDriver.execute(RemoteWebDriver.java:552)
	at com.kms.katalon.core.webui.driver.ExistingRemoteWebDriver.execute(ExistingRemoteWebDriver.java:108)
	at org.openqa.selenium.remote.RemoteWebElement.execute(RemoteWebElement.java:285)
	at org.openqa.selenium.remote.RemoteWebElement.click(RemoteWebElement.java:84)
	at org.openqa.selenium.support.events.EventFiringWebDriver$EventFiringWebElement.lambda$new$0(EventFiringWebDriver.java:404)
	at com.sun.proxy.$Proxy9.click(Unknown Source)
	at org.openqa.selenium.support.events.EventFiringWebDriver$EventFiringWebElement.click(EventFiringWebDriver.java:417)
	at com.kms.katalon.core.webui.keyword.builtin.ClickKeyword$_click_closure1.doCall(ClickKeyword.groovy:69)
	at com.kms.katalon.core.webui.keyword.builtin.ClickKeyword$_click_closure1.call(ClickKeyword.groovy)
	at com.kms.katalon.core.webui.keyword.internal.WebUIKeywordMain.runKeyword(WebUIKeywordMain.groovy:20)
	... 19 more]]></system-err>
      </testcase>
      <testcase name="Test Cases/ADMIN/Content Mgmt/Categories/Category Add-Edit/Add Category" time="14.697" classname="Test Cases/ADMIN/Content Mgmt/Categories/Category Add-Edit/Add Category" status="FAILED">
         <failure type="FAILED" message="Test Cases/ADMIN/Content Mgmt/Categories/Category Add-Edit/Add Category FAILED.
Reason:
com.kms.katalon.core.exception.StepFailedException: Unable to click on object 'Object Repository/ADMIN/Categories/Category List/button_Categories' (Root cause: com.kms.katalon.core.exception.StepFailedException: Unable to click on object 'Object Repository/ADMIN/Categories/Category List/button_Categories'
	at com.kms.katalon.core.webui.keyword.internal.WebUIKeywordMain.stepFailed(WebUIKeywordMain.groovy:64)
	at com.kms.katalon.core.webui.keyword.internal.WebUIKeywordMain.runKeyword(WebUIKeywordMain.groovy:26)
	at com.kms.katalon.core.webui.keyword.builtin.ClickKeyword.click(ClickKeyword.groovy:76)
	at com.kms.katalon.core.webui.keyword.builtin.ClickKeyword.execute(ClickKeyword.groovy:43)
	at com.kms.katalon.core.keyword.internal.KeywordExecutor.executeKeywordForPlatform(KeywordExecutor.groovy:72)
	at com.kms.katalon.core.webui.keyword.WebUiBuiltInKeywords.click(WebUiBuiltInKeywords.groovy:616)
	at com.kms.katalon.core.webui.keyword.WebUiBuiltInKeywords$click$0.call(Unknown Source)
	at Add Category.run(Add Category:28)
	at com.kms.katalon.core.main.ScriptEngine.run(ScriptEngine.java:194)
	at com.kms.katalon.core.main.ScriptEngine.runScriptAsRawText(ScriptEngine.java:119)
	at com.kms.katalon.core.main.TestCaseExecutor.runScript(TestCaseExecutor.java:337)
	at com.kms.katalon.core.main.TestCaseExecutor.doExecute(TestCaseExecutor.java:328)
	at com.kms.katalon.core.main.TestCaseExecutor.processExecutionPhase(TestCaseExecutor.java:307)
	at com.kms.katalon.core.main.TestCaseExecutor.accessMainPhase(TestCaseExecutor.java:299)
	at com.kms.katalon.core.main.TestCaseExecutor.execute(TestCaseExecutor.java:233)
	at com.kms.katalon.core.main.TestSuiteExecutor.accessTestCaseMainPhase(TestSuiteExecutor.java:169)
	at com.kms.katalon.core.main.TestSuiteExecutor.accessTestSuiteMainPhase(TestSuiteExecutor.java:142)
	at com.kms.katalon.core.main.TestSuiteExecutor.execute(TestSuiteExecutor.java:91)
	at com.kms.katalon.core.main.TestCaseMain.startTestSuite(TestCaseMain.java:157)
	at com.kms.katalon.core.main.TestCaseMain$startTestSuite$0.call(Unknown Source)
	at TempTestSuite1584598607274.run(TempTestSuite1584598607274.groovy:36)
Caused by: org.openqa.selenium.ElementNotInteractableException: element not interactable
  (Session info: chrome=80.0.3987.132)
Build info: version: '3.141.59', revision: 'e82be7d358', time: '2018-11-14T08:25:53'
System info: host: 'ARCADIER-03', ip: '192.168.254.105', os.name: 'Windows 7', os.arch: 'amd64', os.version: '6.1', java.version: '1.8.0_181'
Driver info: com.kms.katalon.core.webui.driver.ExistingRemoteWebDriver
Capabilities {javascriptEnabled: true, platform: ANY, platformName: ANY}
Session ID: 66da7635ded2d355388026ca8e7d8eff
	at org.openqa.selenium.remote.http.W3CHttpResponseCodec.createException(W3CHttpResponseCodec.java:187)
	at org.openqa.selenium.remote.http.W3CHttpResponseCodec.decode(W3CHttpResponseCodec.java:122)
	at org.openqa.selenium.remote.http.W3CHttpResponseCodec.decode(W3CHttpResponseCodec.java:49)
	at org.openqa.selenium.remote.HttpCommandExecutor.execute(HttpCommandExecutor.java:158)
	at org.openqa.selenium.remote.RemoteWebDriver.execute(RemoteWebDriver.java:552)
	at com.kms.katalon.core.webui.driver.ExistingRemoteWebDriver.execute(ExistingRemoteWebDriver.java:108)
	at org.openqa.selenium.remote.RemoteWebElement.execute(RemoteWebElement.java:285)
	at org.openqa.selenium.remote.RemoteWebElement.click(RemoteWebElement.java:84)
	at org.openqa.selenium.support.events.EventFiringWebDriver$EventFiringWebElement.lambda$new$0(EventFiringWebDriver.java:404)
	at com.sun.proxy.$Proxy9.click(Unknown Source)
	at org.openqa.selenium.support.events.EventFiringWebDriver$EventFiringWebElement.click(EventFiringWebDriver.java:417)
	at com.kms.katalon.core.webui.keyword.builtin.ClickKeyword$_click_closure1.doCall(ClickKeyword.groovy:69)
	at com.kms.katalon.core.webui.keyword.builtin.ClickKeyword$_click_closure1.call(ClickKeyword.groovy)
	at com.kms.katalon.core.webui.keyword.internal.WebUIKeywordMain.runKeyword(WebUIKeywordMain.groovy:20)
	at com.kms.katalon.core.webui.keyword.builtin.ClickKeyword.click(ClickKeyword.groovy:76)
	at com.kms.katalon.core.webui.keyword.builtin.ClickKeyword.execute(ClickKeyword.groovy:43)
	at com.kms.katalon.core.keyword.internal.KeywordExecutor.executeKeywordForPlatform(KeywordExecutor.groovy:72)
	at com.kms.katalon.core.webui.keyword.WebUiBuiltInKeywords.click(WebUiBuiltInKeywords.groovy:616)
	at com.kms.katalon.core.webui.keyword.WebUiBuiltInKeywords$click$0.call(Unknown Source)
	at Script1549506362832.run(Script1549506362832.groovy:28)
	... 13 more
)
	at com.kms.katalon.core.keyword.internal.KeywordMain.stepFailed(KeywordMain.groovy:39)
	at com.kms.katalon.core.webui.keyword.internal.WebUIKeywordMain.stepFailed(WebUIKeywordMain.groovy:64)
	at com.kms.katalon.core.webui.keyword.internal.WebUIKeywordMain.runKeyword(WebUIKeywordMain.groovy:26)
	at com.kms.katalon.core.webui.keyword.builtin.ClickKeyword.click(ClickKeyword.groovy:76)
	at com.kms.katalon.core.webui.keyword.builtin.ClickKeyword.execute(ClickKeyword.groovy:43)
	at com.kms.katalon.core.keyword.internal.KeywordExecutor.executeKeywordForPlatform(KeywordExecutor.groovy:72)
	at com.kms.katalon.core.webui.keyword.WebUiBuiltInKeywords.click(WebUiBuiltInKeywords.groovy:616)
	at com.kms.katalon.core.webui.keyword.WebUiBuiltInKeywords$click$0.call(Unknown Source)
	at Add Category.run(Add Category:28)
	at com.kms.katalon.core.main.ScriptEngine.run(ScriptEngine.java:194)
	at com.kms.katalon.core.main.ScriptEngine.runScriptAsRawText(ScriptEngine.java:119)
	at com.kms.katalon.core.main.TestCaseExecutor.runScript(TestCaseExecutor.java:337)
	at com.kms.katalon.core.main.TestCaseExecutor.doExecute(TestCaseExecutor.java:328)
	at com.kms.katalon.core.main.TestCaseExecutor.processExecutionPhase(TestCaseExecutor.java:307)
	at com.kms.katalon.core.main.TestCaseExecutor.accessMainPhase(TestCaseExecutor.java:299)
	at com.kms.katalon.core.main.TestCaseExecutor.execute(TestCaseExecutor.java:233)
	at com.kms.katalon.core.main.TestSuiteExecutor.accessTestCaseMainPhase(TestSuiteExecutor.java:169)
	at com.kms.katalon.core.main.TestSuiteExecutor.accessTestSuiteMainPhase(TestSuiteExecutor.java:142)
	at com.kms.katalon.core.main.TestSuiteExecutor.execute(TestSuiteExecutor.java:91)
	at com.kms.katalon.core.main.TestCaseMain.startTestSuite(TestCaseMain.java:157)
	at com.kms.katalon.core.main.TestCaseMain$startTestSuite$0.call(Unknown Source)
	at TempTestSuite1584598607274.run(TempTestSuite1584598607274.groovy:36)
Caused by: com.kms.katalon.core.exception.StepFailedException: Unable to click on object 'Object Repository/ADMIN/Categories/Category List/button_Categories'
	... 21 more
Caused by: org.openqa.selenium.ElementNotInteractableException: element not interactable
  (Session info: chrome=80.0.3987.132)
Build info: version: '3.141.59', revision: 'e82be7d358', time: '2018-11-14T08:25:53'
System info: host: 'ARCADIER-03', ip: '192.168.254.105', os.name: 'Windows 7', os.arch: 'amd64', os.version: '6.1', java.version: '1.8.0_181'
Driver info: com.kms.katalon.core.webui.driver.ExistingRemoteWebDriver
Capabilities {javascriptEnabled: true, platform: ANY, platformName: ANY}
Session ID: 66da7635ded2d355388026ca8e7d8eff
	at org.openqa.selenium.remote.http.W3CHttpResponseCodec.createException(W3CHttpResponseCodec.java:187)
	at org.openqa.selenium.remote.http.W3CHttpResponseCodec.decode(W3CHttpResponseCodec.java:122)
	at org.openqa.selenium.remote.http.W3CHttpResponseCodec.decode(W3CHttpResponseCodec.java:49)
	at org.openqa.selenium.remote.HttpCommandExecutor.execute(HttpCommandExecutor.java:158)
	at org.openqa.selenium.remote.RemoteWebDriver.execute(RemoteWebDriver.java:552)
	at com.kms.katalon.core.webui.driver.ExistingRemoteWebDriver.execute(ExistingRemoteWebDriver.java:108)
	at org.openqa.selenium.remote.RemoteWebElement.execute(RemoteWebElement.java:285)
	at org.openqa.selenium.remote.RemoteWebElement.click(RemoteWebElement.java:84)
	at org.openqa.selenium.support.events.EventFiringWebDriver$EventFiringWebElement.lambda$new$0(EventFiringWebDriver.java:404)
	at com.sun.proxy.$Proxy9.click(Unknown Source)
	at org.openqa.selenium.support.events.EventFiringWebDriver$EventFiringWebElement.click(EventFiringWebDriver.java:417)
	at com.kms.katalon.core.webui.keyword.builtin.ClickKeyword$_click_closure1.doCall(ClickKeyword.groovy:69)
	at com.kms.katalon.core.webui.keyword.builtin.ClickKeyword$_click_closure1.call(ClickKeyword.groovy)
	at com.kms.katalon.core.webui.keyword.internal.WebUIKeywordMain.runKeyword(WebUIKeywordMain.groovy:20)
	... 19 more
"/>
         <system-out><![CDATA[2020-03-19 14:26:55 - [TEST_CASE][FAILED] - Test Cases/ADMIN/Content Mgmt/Categories/Category Add-Edit/Add Category: Test Cases/ADMIN/Content Mgmt/Categories/Category Add-Edit/Add Category FAILED.
Reason:
com.kms.katalon.core.exception.StepFailedException: Unable to click on object 'Object Repository/ADMIN/Categories/Category List/button_Categories' (Root cause: com.kms.katalon.core.exception.StepFailedException: Unable to click on object 'Object Repository/ADMIN/Categories/Category List/button_Categories'
	at com.kms.katalon.core.webui.keyword.internal.WebUIKeywordMain.stepFailed(WebUIKeywordMain.groovy:64)
	at com.kms.katalon.core.webui.keyword.internal.WebUIKeywordMain.runKeyword(WebUIKeywordMain.groovy:26)
	at com.kms.katalon.core.webui.keyword.builtin.ClickKeyword.click(ClickKeyword.groovy:76)
	at com.kms.katalon.core.webui.keyword.builtin.ClickKeyword.execute(ClickKeyword.groovy:43)
	at com.kms.katalon.core.keyword.internal.KeywordExecutor.executeKeywordForPlatform(KeywordExecutor.groovy:72)
	at com.kms.katalon.core.webui.keyword.WebUiBuiltInKeywords.click(WebUiBuiltInKeywords.groovy:616)
	at com.kms.katalon.core.webui.keyword.WebUiBuiltInKeywords$click$0.call(Unknown Source)
	at Add Category.run(Add Category:28)
	at com.kms.katalon.core.main.ScriptEngine.run(ScriptEngine.java:194)
	at com.kms.katalon.core.main.ScriptEngine.runScriptAsRawText(ScriptEngine.java:119)
	at com.kms.katalon.core.main.TestCaseExecutor.runScript(TestCaseExecutor.java:337)
	at com.kms.katalon.core.main.TestCaseExecutor.doExecute(TestCaseExecutor.java:328)
	at com.kms.katalon.core.main.TestCaseExecutor.processExecutionPhase(TestCaseExecutor.java:307)
	at com.kms.katalon.core.main.TestCaseExecutor.accessMainPhase(TestCaseExecutor.java:299)
	at com.kms.katalon.core.main.TestCaseExecutor.execute(TestCaseExecutor.java:233)
	at com.kms.katalon.core.main.TestSuiteExecutor.accessTestCaseMainPhase(TestSuiteExecutor.java:169)
	at com.kms.katalon.core.main.TestSuiteExecutor.accessTestSuiteMainPhase(TestSuiteExecutor.java:142)
	at com.kms.katalon.core.main.TestSuiteExecutor.execute(TestSuiteExecutor.java:91)
	at com.kms.katalon.core.main.TestCaseMain.startTestSuite(TestCaseMain.java:157)
	at com.kms.katalon.core.main.TestCaseMain$startTestSuite$0.call(Unknown Source)
	at TempTestSuite1584598607274.run(TempTestSuite1584598607274.groovy:36)
Caused by: org.openqa.selenium.ElementNotInteractableException: element not interactable
  (Session info: chrome=80.0.3987.132)
Build info: version: '3.141.59', revision: 'e82be7d358', time: '2018-11-14T08:25:53'
System info: host: 'ARCADIER-03', ip: '192.168.254.105', os.name: 'Windows 7', os.arch: 'amd64', os.version: '6.1', java.version: '1.8.0_181'
Driver info: com.kms.katalon.core.webui.driver.ExistingRemoteWebDriver
Capabilities {javascriptEnabled: true, platform: ANY, platformName: ANY}
Session ID: 66da7635ded2d355388026ca8e7d8eff
	at org.openqa.selenium.remote.http.W3CHttpResponseCodec.createException(W3CHttpResponseCodec.java:187)
	at org.openqa.selenium.remote.http.W3CHttpResponseCodec.decode(W3CHttpResponseCodec.java:122)
	at org.openqa.selenium.remote.http.W3CHttpResponseCodec.decode(W3CHttpResponseCodec.java:49)
	at org.openqa.selenium.remote.HttpCommandExecutor.execute(HttpCommandExecutor.java:158)
	at org.openqa.selenium.remote.RemoteWebDriver.execute(RemoteWebDriver.java:552)
	at com.kms.katalon.core.webui.driver.ExistingRemoteWebDriver.execute(ExistingRemoteWebDriver.java:108)
	at org.openqa.selenium.remote.RemoteWebElement.execute(RemoteWebElement.java:285)
	at org.openqa.selenium.remote.RemoteWebElement.click(RemoteWebElement.java:84)
	at org.openqa.selenium.support.events.EventFiringWebDriver$EventFiringWebElement.lambda$new$0(EventFiringWebDriver.java:404)
	at com.sun.proxy.$Proxy9.click(Unknown Source)
	at org.openqa.selenium.support.events.EventFiringWebDriver$EventFiringWebElement.click(EventFiringWebDriver.java:417)
	at com.kms.katalon.core.webui.keyword.builtin.ClickKeyword$_click_closure1.doCall(ClickKeyword.groovy:69)
	at com.kms.katalon.core.webui.keyword.builtin.ClickKeyword$_click_closure1.call(ClickKeyword.groovy)
	at com.kms.katalon.core.webui.keyword.internal.WebUIKeywordMain.runKeyword(WebUIKeywordMain.groovy:20)
	at com.kms.katalon.core.webui.keyword.builtin.ClickKeyword.click(ClickKeyword.groovy:76)
	at com.kms.katalon.core.webui.keyword.builtin.ClickKeyword.execute(ClickKeyword.groovy:43)
	at com.kms.katalon.core.keyword.internal.KeywordExecutor.executeKeywordForPlatform(KeywordExecutor.groovy:72)
	at com.kms.katalon.core.webui.keyword.WebUiBuiltInKeywords.click(WebUiBuiltInKeywords.groovy:616)
	at com.kms.katalon.core.webui.keyword.WebUiBuiltInKeywords$click$0.call(Unknown Source)
	at Script1549506362832.run(Script1549506362832.groovy:28)
	... 13 more
)
	at com.kms.katalon.core.keyword.internal.KeywordMain.stepFailed(KeywordMain.groovy:39)
	at com.kms.katalon.core.webui.keyword.internal.WebUIKeywordMain.stepFailed(WebUIKeywordMain.groovy:64)
	at com.kms.katalon.core.webui.keyword.internal.WebUIKeywordMain.runKeyword(WebUIKeywordMain.groovy:26)
	at com.kms.katalon.core.webui.keyword.builtin.ClickKeyword.click(ClickKeyword.groovy:76)
	at com.kms.katalon.core.webui.keyword.builtin.ClickKeyword.execute(ClickKeyword.groovy:43)
	at com.kms.katalon.core.keyword.internal.KeywordExecutor.executeKeywordForPlatform(KeywordExecutor.groovy:72)
	at com.kms.katalon.core.webui.keyword.WebUiBuiltInKeywords.click(WebUiBuiltInKeywords.groovy:616)
	at com.kms.katalon.core.webui.keyword.WebUiBuiltInKeywords$click$0.call(Unknown Source)
	at Add Category.run(Add Category:28)
	at com.kms.katalon.core.main.ScriptEngine.run(ScriptEngine.java:194)
	at com.kms.katalon.core.main.ScriptEngine.runScriptAsRawText(ScriptEngine.java:119)
	at com.kms.katalon.core.main.TestCaseExecutor.runScript(TestCaseExecutor.java:337)
	at com.kms.katalon.core.main.TestCaseExecutor.doExecute(TestCaseExecutor.java:328)
	at com.kms.katalon.core.main.TestCaseExecutor.processExecutionPhase(TestCaseExecutor.java:307)
	at com.kms.katalon.core.main.TestCaseExecutor.accessMainPhase(TestCaseExecutor.java:299)
	at com.kms.katalon.core.main.TestCaseExecutor.execute(TestCaseExecutor.java:233)
	at com.kms.katalon.core.main.TestSuiteExecutor.accessTestCaseMainPhase(TestSuiteExecutor.java:169)
	at com.kms.katalon.core.main.TestSuiteExecutor.accessTestSuiteMainPhase(TestSuiteExecutor.java:142)
	at com.kms.katalon.core.main.TestSuiteExecutor.execute(TestSuiteExecutor.java:91)
	at com.kms.katalon.core.main.TestCaseMain.startTestSuite(TestCaseMain.java:157)
	at com.kms.katalon.core.main.TestCaseMain$startTestSuite$0.call(Unknown Source)
	at TempTestSuite1584598607274.run(TempTestSuite1584598607274.groovy:36)
Caused by: com.kms.katalon.core.exception.StepFailedException: Unable to click on object 'Object Repository/ADMIN/Categories/Category List/button_Categories'
	... 21 more
Caused by: org.openqa.selenium.ElementNotInteractableException: element not interactable
  (Session info: chrome=80.0.3987.132)
Build info: version: '3.141.59', revision: 'e82be7d358', time: '2018-11-14T08:25:53'
System info: host: 'ARCADIER-03', ip: '192.168.254.105', os.name: 'Windows 7', os.arch: 'amd64', os.version: '6.1', java.version: '1.8.0_181'
Driver info: com.kms.katalon.core.webui.driver.ExistingRemoteWebDriver
Capabilities {javascriptEnabled: true, platform: ANY, platformName: ANY}
Session ID: 66da7635ded2d355388026ca8e7d8eff
	at org.openqa.selenium.remote.http.W3CHttpResponseCodec.createException(W3CHttpResponseCodec.java:187)
	at org.openqa.selenium.remote.http.W3CHttpResponseCodec.decode(W3CHttpResponseCodec.java:122)
	at org.openqa.selenium.remote.http.W3CHttpResponseCodec.decode(W3CHttpResponseCodec.java:49)
	at org.openqa.selenium.remote.HttpCommandExecutor.execute(HttpCommandExecutor.java:158)
	at org.openqa.selenium.remote.RemoteWebDriver.execute(RemoteWebDriver.java:552)
	at com.kms.katalon.core.webui.driver.ExistingRemoteWebDriver.execute(ExistingRemoteWebDriver.java:108)
	at org.openqa.selenium.remote.RemoteWebElement.execute(RemoteWebElement.java:285)
	at org.openqa.selenium.remote.RemoteWebElement.click(RemoteWebElement.java:84)
	at org.openqa.selenium.support.events.EventFiringWebDriver$EventFiringWebElement.lambda$new$0(EventFiringWebDriver.java:404)
	at com.sun.proxy.$Proxy9.click(Unknown Source)
	at org.openqa.selenium.support.events.EventFiringWebDriver$EventFiringWebElement.click(EventFiringWebDriver.java:417)
	at com.kms.katalon.core.webui.keyword.builtin.ClickKeyword$_click_closure1.doCall(ClickKeyword.groovy:69)
	at com.kms.katalon.core.webui.keyword.builtin.ClickKeyword$_click_closure1.call(ClickKeyword.groovy)
	at com.kms.katalon.core.webui.keyword.internal.WebUIKeywordMain.runKeyword(WebUIKeywordMain.groovy:20)
	... 19 more


2020-03-19 14:26:55 - [TEST_STEP][PASSED] - waitForElementVisible(findTestObject("ADMIN/Categories/Category List/button_Content Mgmt"), 0): Object 'Object Repository/ADMIN/Categories/Category List/button_Content Mgmt' is visible

2020-03-19 14:26:55 - [MESSAGE][WARNING] - Timeout '0' is invalid. Using default page load timeout: '30'

2020-03-19 14:26:55 - [MESSAGE][PASSED] - Object 'Object Repository/ADMIN/Categories/Category List/button_Content Mgmt' is visible

2020-03-19 14:26:55 - [TEST_STEP][PASSED] - click(findTestObject("ADMIN/Categories/Category List/button_Content Mgmt")): Object: 'Object Repository/ADMIN/Categories/Category List/button_Content Mgmt' is clicked on

2020-03-19 14:26:56 - [MESSAGE][PASSED] - Object: 'Object Repository/ADMIN/Categories/Category List/button_Content Mgmt' is clicked on

2020-03-19 14:26:56 - [TEST_STEP][PASSED] - waitForElementVisible(findTestObject("ADMIN/Categories/Category List/button_Categories"), 0): Object 'Object Repository/ADMIN/Categories/Category List/button_Categories' is visible

2020-03-19 14:26:56 - [MESSAGE][WARNING] - Timeout '0' is invalid. Using default page load timeout: '30'

2020-03-19 14:26:56 - [MESSAGE][PASSED] - Object 'Object Repository/ADMIN/Categories/Category List/button_Categories' is visible

2020-03-19 14:26:56 - [TEST_STEP][FAILED] - click(findTestObject("ADMIN/Categories/Category List/button_Categories")): Unable to click on object 'Object Repository/ADMIN/Categories/Category List/button_Categories' (Root cause: com.kms.katalon.core.exception.StepFailedException: Unable to click on object 'Object Repository/ADMIN/Categories/Category List/button_Categories'
	at com.kms.katalon.core.webui.keyword.internal.WebUIKeywordMain.stepFailed(WebUIKeywordMain.groovy:64)
	at com.kms.katalon.core.webui.keyword.internal.WebUIKeywordMain.runKeyword(WebUIKeywordMain.groovy:26)
	at com.kms.katalon.core.webui.keyword.builtin.ClickKeyword.click(ClickKeyword.groovy:76)
	at com.kms.katalon.core.webui.keyword.builtin.ClickKeyword.execute(ClickKeyword.groovy:43)
	at com.kms.katalon.core.keyword.internal.KeywordExecutor.executeKeywordForPlatform(KeywordExecutor.groovy:72)
	at com.kms.katalon.core.webui.keyword.WebUiBuiltInKeywords.click(WebUiBuiltInKeywords.groovy:616)
	at com.kms.katalon.core.webui.keyword.WebUiBuiltInKeywords$click$0.call(Unknown Source)
	at Add Category.run(Add Category:28)
	at com.kms.katalon.core.main.ScriptEngine.run(ScriptEngine.java:194)
	at com.kms.katalon.core.main.ScriptEngine.runScriptAsRawText(ScriptEngine.java:119)
	at com.kms.katalon.core.main.TestCaseExecutor.runScript(TestCaseExecutor.java:337)
	at com.kms.katalon.core.main.TestCaseExecutor.doExecute(TestCaseExecutor.java:328)
	at com.kms.katalon.core.main.TestCaseExecutor.processExecutionPhase(TestCaseExecutor.java:307)
	at com.kms.katalon.core.main.TestCaseExecutor.accessMainPhase(TestCaseExecutor.java:299)
	at com.kms.katalon.core.main.TestCaseExecutor.execute(TestCaseExecutor.java:233)
	at com.kms.katalon.core.main.TestSuiteExecutor.accessTestCaseMainPhase(TestSuiteExecutor.java:169)
	at com.kms.katalon.core.main.TestSuiteExecutor.accessTestSuiteMainPhase(TestSuiteExecutor.java:142)
	at com.kms.katalon.core.main.TestSuiteExecutor.execute(TestSuiteExecutor.java:91)
	at com.kms.katalon.core.main.TestCaseMain.startTestSuite(TestCaseMain.java:157)
	at com.kms.katalon.core.main.TestCaseMain$startTestSuite$0.call(Unknown Source)
	at TempTestSuite1584598607274.run(TempTestSuite1584598607274.groovy:36)
Caused by: org.openqa.selenium.ElementNotInteractableException: element not interactable
  (Session info: chrome=80.0.3987.132)
Build info: version: '3.141.59', revision: 'e82be7d358', time: '2018-11-14T08:25:53'
System info: host: 'ARCADIER-03', ip: '192.168.254.105', os.name: 'Windows 7', os.arch: 'amd64', os.version: '6.1', java.version: '1.8.0_181'
Driver info: com.kms.katalon.core.webui.driver.ExistingRemoteWebDriver
Capabilities {javascriptEnabled: true, platform: ANY, platformName: ANY}
Session ID: 66da7635ded2d355388026ca8e7d8eff
	at org.openqa.selenium.remote.http.W3CHttpResponseCodec.createException(W3CHttpResponseCodec.java:187)
	at org.openqa.selenium.remote.http.W3CHttpResponseCodec.decode(W3CHttpResponseCodec.java:122)
	at org.openqa.selenium.remote.http.W3CHttpResponseCodec.decode(W3CHttpResponseCodec.java:49)
	at org.openqa.selenium.remote.HttpCommandExecutor.execute(HttpCommandExecutor.java:158)
	at org.openqa.selenium.remote.RemoteWebDriver.execute(RemoteWebDriver.java:552)
	at com.kms.katalon.core.webui.driver.ExistingRemoteWebDriver.execute(ExistingRemoteWebDriver.java:108)
	at org.openqa.selenium.remote.RemoteWebElement.execute(RemoteWebElement.java:285)
	at org.openqa.selenium.remote.RemoteWebElement.click(RemoteWebElement.java:84)
	at org.openqa.selenium.support.events.EventFiringWebDriver$EventFiringWebElement.lambda$new$0(EventFiringWebDriver.java:404)
	at com.sun.proxy.$Proxy9.click(Unknown Source)
	at org.openqa.selenium.support.events.EventFiringWebDriver$EventFiringWebElement.click(EventFiringWebDriver.java:417)
	at com.kms.katalon.core.webui.keyword.builtin.ClickKeyword$_click_closure1.doCall(ClickKeyword.groovy:69)
	at com.kms.katalon.core.webui.keyword.builtin.ClickKeyword$_click_closure1.call(ClickKeyword.groovy)
	at com.kms.katalon.core.webui.keyword.internal.WebUIKeywordMain.runKeyword(WebUIKeywordMain.groovy:20)
	at com.kms.katalon.core.webui.keyword.builtin.ClickKeyword.click(ClickKeyword.groovy:76)
	at com.kms.katalon.core.webui.keyword.builtin.ClickKeyword.execute(ClickKeyword.groovy:43)
	at com.kms.katalon.core.keyword.internal.KeywordExecutor.executeKeywordForPlatform(KeywordExecutor.groovy:72)
	at com.kms.katalon.core.webui.keyword.WebUiBuiltInKeywords.click(WebUiBuiltInKeywords.groovy:616)
	at com.kms.katalon.core.webui.keyword.WebUiBuiltInKeywords$click$0.call(Unknown Source)
	at Script1549506362832.run(Script1549506362832.groovy:28)
	... 13 more
)

2020-03-19 14:26:56 - [MESSAGE][FAILED] - Unable to click on object 'Object Repository/ADMIN/Categories/Category List/button_Categories' (Root cause: com.kms.katalon.core.exception.StepFailedException: Unable to click on object 'Object Repository/ADMIN/Categories/Category List/button_Categories'
	at com.kms.katalon.core.webui.keyword.internal.WebUIKeywordMain.stepFailed(WebUIKeywordMain.groovy:64)
	at com.kms.katalon.core.webui.keyword.internal.WebUIKeywordMain.runKeyword(WebUIKeywordMain.groovy:26)
	at com.kms.katalon.core.webui.keyword.builtin.ClickKeyword.click(ClickKeyword.groovy:76)
	at com.kms.katalon.core.webui.keyword.builtin.ClickKeyword.execute(ClickKeyword.groovy:43)
	at com.kms.katalon.core.keyword.internal.KeywordExecutor.executeKeywordForPlatform(KeywordExecutor.groovy:72)
	at com.kms.katalon.core.webui.keyword.WebUiBuiltInKeywords.click(WebUiBuiltInKeywords.groovy:616)
	at com.kms.katalon.core.webui.keyword.WebUiBuiltInKeywords$click$0.call(Unknown Source)
	at Add Category.run(Add Category:28)
	at com.kms.katalon.core.main.ScriptEngine.run(ScriptEngine.java:194)
	at com.kms.katalon.core.main.ScriptEngine.runScriptAsRawText(ScriptEngine.java:119)
	at com.kms.katalon.core.main.TestCaseExecutor.runScript(TestCaseExecutor.java:337)
	at com.kms.katalon.core.main.TestCaseExecutor.doExecute(TestCaseExecutor.java:328)
	at com.kms.katalon.core.main.TestCaseExecutor.processExecutionPhase(TestCaseExecutor.java:307)
	at com.kms.katalon.core.main.TestCaseExecutor.accessMainPhase(TestCaseExecutor.java:299)
	at com.kms.katalon.core.main.TestCaseExecutor.execute(TestCaseExecutor.java:233)
	at com.kms.katalon.core.main.TestSuiteExecutor.accessTestCaseMainPhase(TestSuiteExecutor.java:169)
	at com.kms.katalon.core.main.TestSuiteExecutor.accessTestSuiteMainPhase(TestSuiteExecutor.java:142)
	at com.kms.katalon.core.main.TestSuiteExecutor.execute(TestSuiteExecutor.java:91)
	at com.kms.katalon.core.main.TestCaseMain.startTestSuite(TestCaseMain.java:157)
	at com.kms.katalon.core.main.TestCaseMain$startTestSuite$0.call(Unknown Source)
	at TempTestSuite1584598607274.run(TempTestSuite1584598607274.groovy:36)
Caused by: org.openqa.selenium.ElementNotInteractableException: element not interactable
  (Session info: chrome=80.0.3987.132)
Build info: version: '3.141.59', revision: 'e82be7d358', time: '2018-11-14T08:25:53'
System info: host: 'ARCADIER-03', ip: '192.168.254.105', os.name: 'Windows 7', os.arch: 'amd64', os.version: '6.1', java.version: '1.8.0_181'
Driver info: com.kms.katalon.core.webui.driver.ExistingRemoteWebDriver
Capabilities {javascriptEnabled: true, platform: ANY, platformName: ANY}
Session ID: 66da7635ded2d355388026ca8e7d8eff
	at org.openqa.selenium.remote.http.W3CHttpResponseCodec.createException(W3CHttpResponseCodec.java:187)
	at org.openqa.selenium.remote.http.W3CHttpResponseCodec.decode(W3CHttpResponseCodec.java:122)
	at org.openqa.selenium.remote.http.W3CHttpResponseCodec.decode(W3CHttpResponseCodec.java:49)
	at org.openqa.selenium.remote.HttpCommandExecutor.execute(HttpCommandExecutor.java:158)
	at org.openqa.selenium.remote.RemoteWebDriver.execute(RemoteWebDriver.java:552)
	at com.kms.katalon.core.webui.driver.ExistingRemoteWebDriver.execute(ExistingRemoteWebDriver.java:108)
	at org.openqa.selenium.remote.RemoteWebElement.execute(RemoteWebElement.java:285)
	at org.openqa.selenium.remote.RemoteWebElement.click(RemoteWebElement.java:84)
	at org.openqa.selenium.support.events.EventFiringWebDriver$EventFiringWebElement.lambda$new$0(EventFiringWebDriver.java:404)
	at com.sun.proxy.$Proxy9.click(Unknown Source)
	at org.openqa.selenium.support.events.EventFiringWebDriver$EventFiringWebElement.click(EventFiringWebDriver.java:417)
	at com.kms.katalon.core.webui.keyword.builtin.ClickKeyword$_click_closure1.doCall(ClickKeyword.groovy:69)
	at com.kms.katalon.core.webui.keyword.builtin.ClickKeyword$_click_closure1.call(ClickKeyword.groovy)
	at com.kms.katalon.core.webui.keyword.internal.WebUIKeywordMain.runKeyword(WebUIKeywordMain.groovy:20)
	at com.kms.katalon.core.webui.keyword.builtin.ClickKeyword.click(ClickKeyword.groovy:76)
	at com.kms.katalon.core.webui.keyword.builtin.ClickKeyword.execute(ClickKeyword.groovy:43)
	at com.kms.katalon.core.keyword.internal.KeywordExecutor.executeKeywordForPlatform(KeywordExecutor.groovy:72)
	at com.kms.katalon.core.webui.keyword.WebUiBuiltInKeywords.click(WebUiBuiltInKeywords.groovy:616)
	at com.kms.katalon.core.webui.keyword.WebUiBuiltInKeywords$click$0.call(Unknown Source)
	at Script1549506362832.run(Script1549506362832.groovy:28)
	... 13 more
)
[[ATTACHMENT|C:\\Katalon\\Arctick\\Reports\\20200319_141647\\Admin\\Admin Add Category\\20200319_141647\\1584599216205.png]]

2020-03-19 14:26:56 - [TEST_STEP][PASSED] - waitForPageLoad(0, STOP_ON_FAILURE): Wait for page load successfully

2020-03-19 14:26:56 - [MESSAGE][WARNING] - Timeout '0' is invalid. Using default page load timeout: '30'

2020-03-19 14:26:56 - [MESSAGE][PASSED] - Wait for page load successfully

2020-03-19 14:26:56 - [TEST_STEP][PASSED] - click(findTestObject("ADMIN/Categories/Category List/button_Add a Category")): Object: 'Object Repository/ADMIN/Categories/Category List/button_Add a Category' is clicked on

2020-03-19 14:26:56 - [MESSAGE][PASSED] - Object: 'Object Repository/ADMIN/Categories/Category List/button_Add a Category' is clicked on

2020-03-19 14:26:56 - [TEST_STEP][PASSED] - waitForElementPresent(findTestObject("ADMIN/Categories/Category/dropdown_Parent"), 2): Object 'Object Repository/ADMIN/Categories/Category/dropdown_Parent' is present

2020-03-19 14:26:56 - [MESSAGE][PASSED] - Object 'Object Repository/ADMIN/Categories/Category/dropdown_Parent' is present

2020-03-19 14:26:56 - [TEST_STEP][PASSED] - delay(1): Delayed 1 second(s)

2020-03-19 14:26:57 - [MESSAGE][PASSED] - Delayed 1 second(s)

2020-03-19 14:26:57 - [TEST_STEP][PASSED] - setText(findTestObject("ADMIN/Categories/Category/textfield_Category Name"), CategoryNametext): Text 'Category 5.1.8' is set on object 'Object Repository/ADMIN/Categories/Category/textfield_Category Name'

2020-03-19 14:26:58 - [MESSAGE][PASSED] - Text 'Category 5.1.8' is set on object 'Object Repository/ADMIN/Categories/Category/textfield_Category Name'

2020-03-19 14:26:58 - [TEST_STEP][PASSED] - click(findTestObject("ADMIN/Categories/Category/dropdown_Parent")): Object: 'Object Repository/ADMIN/Categories/Category/dropdown_Parent' is clicked on

2020-03-19 14:26:58 - [MESSAGE][PASSED] - Object: 'Object Repository/ADMIN/Categories/Category/dropdown_Parent' is clicked on

2020-03-19 14:26:58 - [TEST_STEP][PASSED] - delay(2): Delayed 2 second(s)

2020-03-19 14:27:00 - [MESSAGE][PASSED] - Delayed 2 second(s)

2020-03-19 14:27:00 - [TEST_STEP][PASSED] - click(findTestObject("ADMIN/Categories/Category/dropdown_Parent")): Object: 'Object Repository/ADMIN/Categories/Category/dropdown_Parent' is clicked on

2020-03-19 14:27:00 - [MESSAGE][PASSED] - Object: 'Object Repository/ADMIN/Categories/Category/dropdown_Parent' is clicked on

2020-03-19 14:27:00 - [TEST_STEP][PASSED] - selectOptionByLabel(findTestObject("ADMIN/Categories/Category/dropdown_Parent"), ParentName, false): All options with label 'Category 5.1' are selected in object 'Object Repository/ADMIN/Categories/Category/dropdown_Parent' 

2020-03-19 14:27:00 - [MESSAGE][PASSED] - All options with label 'Category 5.1' are selected in object 'Object Repository/ADMIN/Categories/Category/dropdown_Parent' 

2020-03-19 14:27:00 - [TEST_STEP][PASSED] - click(findTestObject("ADMIN/Categories/Category/button_Browse")): Object: 'Object Repository/ADMIN/Categories/Category/button_Browse' is clicked on

2020-03-19 14:27:00 - [MESSAGE][PASSED] - Object: 'Object Repository/ADMIN/Categories/Category/button_Browse' is clicked on

2020-03-19 14:27:00 - [TEST_STEP][PASSED] - delay(2): Delayed 2 second(s)

2020-03-19 14:27:02 - [MESSAGE][PASSED] - Delayed 2 second(s)

2020-03-19 14:27:02 - [TEST_STEP][PASSED] - uploadFile(findTestObject("ADMIN/Categories/Category/image_input image"), CategoryImageUpload): File 'C:\\Katalon\\Arctick\\Images\\Category\\5.png' sent to object: 'Object Repository/ADMIN/Categories/Category/image_input image'

2020-03-19 14:27:02 - [MESSAGE][PASSED] - File 'C:\\Katalon\\Arctick\\Images\\Category\\5.png' sent to object: 'Object Repository/ADMIN/Categories/Category/image_input image'

2020-03-19 14:27:02 - [TEST_STEP][PASSED] - waitForElementVisible(findTestObject("ADMIN/Categories/Category/button_upload check"), 0): Object 'Object Repository/ADMIN/Categories/Category/button_upload check' is visible

2020-03-19 14:27:02 - [MESSAGE][WARNING] - Timeout '0' is invalid. Using default page load timeout: '30'

2020-03-19 14:27:02 - [MESSAGE][PASSED] - Object 'Object Repository/ADMIN/Categories/Category/button_upload check' is visible

2020-03-19 14:27:02 - [TEST_STEP][PASSED] - click(findTestObject("ADMIN/Categories/Category/button_upload check")): Object: 'Object Repository/ADMIN/Categories/Category/button_upload check' is clicked on

2020-03-19 14:27:02 - [MESSAGE][PASSED] - Object: 'Object Repository/ADMIN/Categories/Category/button_upload check' is clicked on

2020-03-19 14:27:02 - [TEST_STEP][PASSED] - waitForElementVisible(findTestObject("ADMIN/Categories/Category/button_upload save"), 0): Object 'Object Repository/ADMIN/Categories/Category/button_upload save' is visible

2020-03-19 14:27:02 - [MESSAGE][WARNING] - Timeout '0' is invalid. Using default page load timeout: '30'

2020-03-19 14:27:02 - [MESSAGE][PASSED] - Object 'Object Repository/ADMIN/Categories/Category/button_upload save' is visible

2020-03-19 14:27:02 - [TEST_STEP][PASSED] - click(findTestObject("ADMIN/Categories/Category/button_upload save")): Object: 'Object Repository/ADMIN/Categories/Category/button_upload save' is clicked on

2020-03-19 14:27:03 - [MESSAGE][PASSED] - Object: 'Object Repository/ADMIN/Categories/Category/button_upload save' is clicked on

2020-03-19 14:27:03 - [TEST_STEP][PASSED] - setText(findTestObject("ADMIN/Categories/Category/textfield_category_description"), Description): Text 'Description40' is set on object 'Object Repository/ADMIN/Categories/Category/textfield_category_description'

2020-03-19 14:27:03 - [MESSAGE][PASSED] - Text 'Description40' is set on object 'Object Repository/ADMIN/Categories/Category/textfield_category_description'

2020-03-19 14:27:03 - [TEST_STEP][PASSED] - click(findTestObject("ADMIN/Categories/Category/button_Save")): Object: 'Object Repository/ADMIN/Categories/Category/button_Save' is clicked on

2020-03-19 14:27:03 - [MESSAGE][PASSED] - Object: 'Object Repository/ADMIN/Categories/Category/button_Save' is clicked on

2020-03-19 14:27:03 - [TEST_STEP][PASSED] - waitForElementVisible(findTestObject("ADMIN/Categories/Category/label_edit popup"), 0): Object 'Object Repository/ADMIN/Categories/Category/label_edit popup' is visible

2020-03-19 14:27:03 - [MESSAGE][WARNING] - Timeout '0' is invalid. Using default page load timeout: '30'

2020-03-19 14:27:04 - [MESSAGE][PASSED] - Object 'Object Repository/ADMIN/Categories/Category/label_edit popup' is visible

2020-03-19 14:27:04 - [TEST_STEP][PASSED] - waitForElementNotPresent(findTestObject("ADMIN/Categories/Category/label_edit popup"), 0): Web element with id: 'Object Repository/ADMIN/Categories/Category/label_edit popup' located by 'By.xpath: //div[(text() = 'Category was successfully saved.' or . = 'Category was successfully saved.')]' is not present after '30' second(s)

2020-03-19 14:27:04 - [MESSAGE][WARNING] - Timeout '0' is invalid. Using default page load timeout: '30'

2020-03-19 14:27:10 - [MESSAGE][PASSED] - Web element with id: 'Object Repository/ADMIN/Categories/Category/label_edit popup' located by 'By.xpath: //div[(text() = 'Category was successfully saved.' or . = 'Category was successfully saved.')]' is not present after '30' second(s)]]></system-out>
         <system-err><![CDATA[2020-03-19 14:26:55 - [TEST_CASE][FAILED] - Test Cases/ADMIN/Content Mgmt/Categories/Category Add-Edit/Add Category: Test Cases/ADMIN/Content Mgmt/Categories/Category Add-Edit/Add Category FAILED.
Reason:
com.kms.katalon.core.exception.StepFailedException: Unable to click on object 'Object Repository/ADMIN/Categories/Category List/button_Categories' (Root cause: com.kms.katalon.core.exception.StepFailedException: Unable to click on object 'Object Repository/ADMIN/Categories/Category List/button_Categories'
	at com.kms.katalon.core.webui.keyword.internal.WebUIKeywordMain.stepFailed(WebUIKeywordMain.groovy:64)
	at com.kms.katalon.core.webui.keyword.internal.WebUIKeywordMain.runKeyword(WebUIKeywordMain.groovy:26)
	at com.kms.katalon.core.webui.keyword.builtin.ClickKeyword.click(ClickKeyword.groovy:76)
	at com.kms.katalon.core.webui.keyword.builtin.ClickKeyword.execute(ClickKeyword.groovy:43)
	at com.kms.katalon.core.keyword.internal.KeywordExecutor.executeKeywordForPlatform(KeywordExecutor.groovy:72)
	at com.kms.katalon.core.webui.keyword.WebUiBuiltInKeywords.click(WebUiBuiltInKeywords.groovy:616)
	at com.kms.katalon.core.webui.keyword.WebUiBuiltInKeywords$click$0.call(Unknown Source)
	at Add Category.run(Add Category:28)
	at com.kms.katalon.core.main.ScriptEngine.run(ScriptEngine.java:194)
	at com.kms.katalon.core.main.ScriptEngine.runScriptAsRawText(ScriptEngine.java:119)
	at com.kms.katalon.core.main.TestCaseExecutor.runScript(TestCaseExecutor.java:337)
	at com.kms.katalon.core.main.TestCaseExecutor.doExecute(TestCaseExecutor.java:328)
	at com.kms.katalon.core.main.TestCaseExecutor.processExecutionPhase(TestCaseExecutor.java:307)
	at com.kms.katalon.core.main.TestCaseExecutor.accessMainPhase(TestCaseExecutor.java:299)
	at com.kms.katalon.core.main.TestCaseExecutor.execute(TestCaseExecutor.java:233)
	at com.kms.katalon.core.main.TestSuiteExecutor.accessTestCaseMainPhase(TestSuiteExecutor.java:169)
	at com.kms.katalon.core.main.TestSuiteExecutor.accessTestSuiteMainPhase(TestSuiteExecutor.java:142)
	at com.kms.katalon.core.main.TestSuiteExecutor.execute(TestSuiteExecutor.java:91)
	at com.kms.katalon.core.main.TestCaseMain.startTestSuite(TestCaseMain.java:157)
	at com.kms.katalon.core.main.TestCaseMain$startTestSuite$0.call(Unknown Source)
	at TempTestSuite1584598607274.run(TempTestSuite1584598607274.groovy:36)
Caused by: org.openqa.selenium.ElementNotInteractableException: element not interactable
  (Session info: chrome=80.0.3987.132)
Build info: version: '3.141.59', revision: 'e82be7d358', time: '2018-11-14T08:25:53'
System info: host: 'ARCADIER-03', ip: '192.168.254.105', os.name: 'Windows 7', os.arch: 'amd64', os.version: '6.1', java.version: '1.8.0_181'
Driver info: com.kms.katalon.core.webui.driver.ExistingRemoteWebDriver
Capabilities {javascriptEnabled: true, platform: ANY, platformName: ANY}
Session ID: 66da7635ded2d355388026ca8e7d8eff
	at org.openqa.selenium.remote.http.W3CHttpResponseCodec.createException(W3CHttpResponseCodec.java:187)
	at org.openqa.selenium.remote.http.W3CHttpResponseCodec.decode(W3CHttpResponseCodec.java:122)
	at org.openqa.selenium.remote.http.W3CHttpResponseCodec.decode(W3CHttpResponseCodec.java:49)
	at org.openqa.selenium.remote.HttpCommandExecutor.execute(HttpCommandExecutor.java:158)
	at org.openqa.selenium.remote.RemoteWebDriver.execute(RemoteWebDriver.java:552)
	at com.kms.katalon.core.webui.driver.ExistingRemoteWebDriver.execute(ExistingRemoteWebDriver.java:108)
	at org.openqa.selenium.remote.RemoteWebElement.execute(RemoteWebElement.java:285)
	at org.openqa.selenium.remote.RemoteWebElement.click(RemoteWebElement.java:84)
	at org.openqa.selenium.support.events.EventFiringWebDriver$EventFiringWebElement.lambda$new$0(EventFiringWebDriver.java:404)
	at com.sun.proxy.$Proxy9.click(Unknown Source)
	at org.openqa.selenium.support.events.EventFiringWebDriver$EventFiringWebElement.click(EventFiringWebDriver.java:417)
	at com.kms.katalon.core.webui.keyword.builtin.ClickKeyword$_click_closure1.doCall(ClickKeyword.groovy:69)
	at com.kms.katalon.core.webui.keyword.builtin.ClickKeyword$_click_closure1.call(ClickKeyword.groovy)
	at com.kms.katalon.core.webui.keyword.internal.WebUIKeywordMain.runKeyword(WebUIKeywordMain.groovy:20)
	at com.kms.katalon.core.webui.keyword.builtin.ClickKeyword.click(ClickKeyword.groovy:76)
	at com.kms.katalon.core.webui.keyword.builtin.ClickKeyword.execute(ClickKeyword.groovy:43)
	at com.kms.katalon.core.keyword.internal.KeywordExecutor.executeKeywordForPlatform(KeywordExecutor.groovy:72)
	at com.kms.katalon.core.webui.keyword.WebUiBuiltInKeywords.click(WebUiBuiltInKeywords.groovy:616)
	at com.kms.katalon.core.webui.keyword.WebUiBuiltInKeywords$click$0.call(Unknown Source)
	at Script1549506362832.run(Script1549506362832.groovy:28)
	... 13 more
)
	at com.kms.katalon.core.keyword.internal.KeywordMain.stepFailed(KeywordMain.groovy:39)
	at com.kms.katalon.core.webui.keyword.internal.WebUIKeywordMain.stepFailed(WebUIKeywordMain.groovy:64)
	at com.kms.katalon.core.webui.keyword.internal.WebUIKeywordMain.runKeyword(WebUIKeywordMain.groovy:26)
	at com.kms.katalon.core.webui.keyword.builtin.ClickKeyword.click(ClickKeyword.groovy:76)
	at com.kms.katalon.core.webui.keyword.builtin.ClickKeyword.execute(ClickKeyword.groovy:43)
	at com.kms.katalon.core.keyword.internal.KeywordExecutor.executeKeywordForPlatform(KeywordExecutor.groovy:72)
	at com.kms.katalon.core.webui.keyword.WebUiBuiltInKeywords.click(WebUiBuiltInKeywords.groovy:616)
	at com.kms.katalon.core.webui.keyword.WebUiBuiltInKeywords$click$0.call(Unknown Source)
	at Add Category.run(Add Category:28)
	at com.kms.katalon.core.main.ScriptEngine.run(ScriptEngine.java:194)
	at com.kms.katalon.core.main.ScriptEngine.runScriptAsRawText(ScriptEngine.java:119)
	at com.kms.katalon.core.main.TestCaseExecutor.runScript(TestCaseExecutor.java:337)
	at com.kms.katalon.core.main.TestCaseExecutor.doExecute(TestCaseExecutor.java:328)
	at com.kms.katalon.core.main.TestCaseExecutor.processExecutionPhase(TestCaseExecutor.java:307)
	at com.kms.katalon.core.main.TestCaseExecutor.accessMainPhase(TestCaseExecutor.java:299)
	at com.kms.katalon.core.main.TestCaseExecutor.execute(TestCaseExecutor.java:233)
	at com.kms.katalon.core.main.TestSuiteExecutor.accessTestCaseMainPhase(TestSuiteExecutor.java:169)
	at com.kms.katalon.core.main.TestSuiteExecutor.accessTestSuiteMainPhase(TestSuiteExecutor.java:142)
	at com.kms.katalon.core.main.TestSuiteExecutor.execute(TestSuiteExecutor.java:91)
	at com.kms.katalon.core.main.TestCaseMain.startTestSuite(TestCaseMain.java:157)
	at com.kms.katalon.core.main.TestCaseMain$startTestSuite$0.call(Unknown Source)
	at TempTestSuite1584598607274.run(TempTestSuite1584598607274.groovy:36)
Caused by: com.kms.katalon.core.exception.StepFailedException: Unable to click on object 'Object Repository/ADMIN/Categories/Category List/button_Categories'
	... 21 more
Caused by: org.openqa.selenium.ElementNotInteractableException: element not interactable
  (Session info: chrome=80.0.3987.132)
Build info: version: '3.141.59', revision: 'e82be7d358', time: '2018-11-14T08:25:53'
System info: host: 'ARCADIER-03', ip: '192.168.254.105', os.name: 'Windows 7', os.arch: 'amd64', os.version: '6.1', java.version: '1.8.0_181'
Driver info: com.kms.katalon.core.webui.driver.ExistingRemoteWebDriver
Capabilities {javascriptEnabled: true, platform: ANY, platformName: ANY}
Session ID: 66da7635ded2d355388026ca8e7d8eff
	at org.openqa.selenium.remote.http.W3CHttpResponseCodec.createException(W3CHttpResponseCodec.java:187)
	at org.openqa.selenium.remote.http.W3CHttpResponseCodec.decode(W3CHttpResponseCodec.java:122)
	at org.openqa.selenium.remote.http.W3CHttpResponseCodec.decode(W3CHttpResponseCodec.java:49)
	at org.openqa.selenium.remote.HttpCommandExecutor.execute(HttpCommandExecutor.java:158)
	at org.openqa.selenium.remote.RemoteWebDriver.execute(RemoteWebDriver.java:552)
	at com.kms.katalon.core.webui.driver.ExistingRemoteWebDriver.execute(ExistingRemoteWebDriver.java:108)
	at org.openqa.selenium.remote.RemoteWebElement.execute(RemoteWebElement.java:285)
	at org.openqa.selenium.remote.RemoteWebElement.click(RemoteWebElement.java:84)
	at org.openqa.selenium.support.events.EventFiringWebDriver$EventFiringWebElement.lambda$new$0(EventFiringWebDriver.java:404)
	at com.sun.proxy.$Proxy9.click(Unknown Source)
	at org.openqa.selenium.support.events.EventFiringWebDriver$EventFiringWebElement.click(EventFiringWebDriver.java:417)
	at com.kms.katalon.core.webui.keyword.builtin.ClickKeyword$_click_closure1.doCall(ClickKeyword.groovy:69)
	at com.kms.katalon.core.webui.keyword.builtin.ClickKeyword$_click_closure1.call(ClickKeyword.groovy)
	at com.kms.katalon.core.webui.keyword.internal.WebUIKeywordMain.runKeyword(WebUIKeywordMain.groovy:20)
	... 19 more]]></system-err>
      </testcase>
      <testcase name="Test Cases/ADMIN/Content Mgmt/Categories/Category Add-Edit/Add Category" time="14.614" classname="Test Cases/ADMIN/Content Mgmt/Categories/Category Add-Edit/Add Category" status="FAILED">
         <failure type="FAILED" message="Test Cases/ADMIN/Content Mgmt/Categories/Category Add-Edit/Add Category FAILED.
Reason:
com.kms.katalon.core.exception.StepFailedException: Unable to click on object 'Object Repository/ADMIN/Categories/Category List/button_Categories' (Root cause: com.kms.katalon.core.exception.StepFailedException: Unable to click on object 'Object Repository/ADMIN/Categories/Category List/button_Categories'
	at com.kms.katalon.core.webui.keyword.internal.WebUIKeywordMain.stepFailed(WebUIKeywordMain.groovy:64)
	at com.kms.katalon.core.webui.keyword.internal.WebUIKeywordMain.runKeyword(WebUIKeywordMain.groovy:26)
	at com.kms.katalon.core.webui.keyword.builtin.ClickKeyword.click(ClickKeyword.groovy:76)
	at com.kms.katalon.core.webui.keyword.builtin.ClickKeyword.execute(ClickKeyword.groovy:43)
	at com.kms.katalon.core.keyword.internal.KeywordExecutor.executeKeywordForPlatform(KeywordExecutor.groovy:72)
	at com.kms.katalon.core.webui.keyword.WebUiBuiltInKeywords.click(WebUiBuiltInKeywords.groovy:616)
	at com.kms.katalon.core.webui.keyword.WebUiBuiltInKeywords$click$0.call(Unknown Source)
	at Add Category.run(Add Category:28)
	at com.kms.katalon.core.main.ScriptEngine.run(ScriptEngine.java:194)
	at com.kms.katalon.core.main.ScriptEngine.runScriptAsRawText(ScriptEngine.java:119)
	at com.kms.katalon.core.main.TestCaseExecutor.runScript(TestCaseExecutor.java:337)
	at com.kms.katalon.core.main.TestCaseExecutor.doExecute(TestCaseExecutor.java:328)
	at com.kms.katalon.core.main.TestCaseExecutor.processExecutionPhase(TestCaseExecutor.java:307)
	at com.kms.katalon.core.main.TestCaseExecutor.accessMainPhase(TestCaseExecutor.java:299)
	at com.kms.katalon.core.main.TestCaseExecutor.execute(TestCaseExecutor.java:233)
	at com.kms.katalon.core.main.TestSuiteExecutor.accessTestCaseMainPhase(TestSuiteExecutor.java:169)
	at com.kms.katalon.core.main.TestSuiteExecutor.accessTestSuiteMainPhase(TestSuiteExecutor.java:142)
	at com.kms.katalon.core.main.TestSuiteExecutor.execute(TestSuiteExecutor.java:91)
	at com.kms.katalon.core.main.TestCaseMain.startTestSuite(TestCaseMain.java:157)
	at com.kms.katalon.core.main.TestCaseMain$startTestSuite$0.call(Unknown Source)
	at TempTestSuite1584598607274.run(TempTestSuite1584598607274.groovy:36)
Caused by: org.openqa.selenium.ElementNotInteractableException: element not interactable
  (Session info: chrome=80.0.3987.132)
Build info: version: '3.141.59', revision: 'e82be7d358', time: '2018-11-14T08:25:53'
System info: host: 'ARCADIER-03', ip: '192.168.254.105', os.name: 'Windows 7', os.arch: 'amd64', os.version: '6.1', java.version: '1.8.0_181'
Driver info: com.kms.katalon.core.webui.driver.ExistingRemoteWebDriver
Capabilities {javascriptEnabled: true, platform: ANY, platformName: ANY}
Session ID: 66da7635ded2d355388026ca8e7d8eff
	at org.openqa.selenium.remote.http.W3CHttpResponseCodec.createException(W3CHttpResponseCodec.java:187)
	at org.openqa.selenium.remote.http.W3CHttpResponseCodec.decode(W3CHttpResponseCodec.java:122)
	at org.openqa.selenium.remote.http.W3CHttpResponseCodec.decode(W3CHttpResponseCodec.java:49)
	at org.openqa.selenium.remote.HttpCommandExecutor.execute(HttpCommandExecutor.java:158)
	at org.openqa.selenium.remote.RemoteWebDriver.execute(RemoteWebDriver.java:552)
	at com.kms.katalon.core.webui.driver.ExistingRemoteWebDriver.execute(ExistingRemoteWebDriver.java:108)
	at org.openqa.selenium.remote.RemoteWebElement.execute(RemoteWebElement.java:285)
	at org.openqa.selenium.remote.RemoteWebElement.click(RemoteWebElement.java:84)
	at org.openqa.selenium.support.events.EventFiringWebDriver$EventFiringWebElement.lambda$new$0(EventFiringWebDriver.java:404)
	at com.sun.proxy.$Proxy9.click(Unknown Source)
	at org.openqa.selenium.support.events.EventFiringWebDriver$EventFiringWebElement.click(EventFiringWebDriver.java:417)
	at com.kms.katalon.core.webui.keyword.builtin.ClickKeyword$_click_closure1.doCall(ClickKeyword.groovy:69)
	at com.kms.katalon.core.webui.keyword.builtin.ClickKeyword$_click_closure1.call(ClickKeyword.groovy)
	at com.kms.katalon.core.webui.keyword.internal.WebUIKeywordMain.runKeyword(WebUIKeywordMain.groovy:20)
	at com.kms.katalon.core.webui.keyword.builtin.ClickKeyword.click(ClickKeyword.groovy:76)
	at com.kms.katalon.core.webui.keyword.builtin.ClickKeyword.execute(ClickKeyword.groovy:43)
	at com.kms.katalon.core.keyword.internal.KeywordExecutor.executeKeywordForPlatform(KeywordExecutor.groovy:72)
	at com.kms.katalon.core.webui.keyword.WebUiBuiltInKeywords.click(WebUiBuiltInKeywords.groovy:616)
	at com.kms.katalon.core.webui.keyword.WebUiBuiltInKeywords$click$0.call(Unknown Source)
	at Script1549506362832.run(Script1549506362832.groovy:28)
	... 13 more
)
	at com.kms.katalon.core.keyword.internal.KeywordMain.stepFailed(KeywordMain.groovy:39)
	at com.kms.katalon.core.webui.keyword.internal.WebUIKeywordMain.stepFailed(WebUIKeywordMain.groovy:64)
	at com.kms.katalon.core.webui.keyword.internal.WebUIKeywordMain.runKeyword(WebUIKeywordMain.groovy:26)
	at com.kms.katalon.core.webui.keyword.builtin.ClickKeyword.click(ClickKeyword.groovy:76)
	at com.kms.katalon.core.webui.keyword.builtin.ClickKeyword.execute(ClickKeyword.groovy:43)
	at com.kms.katalon.core.keyword.internal.KeywordExecutor.executeKeywordForPlatform(KeywordExecutor.groovy:72)
	at com.kms.katalon.core.webui.keyword.WebUiBuiltInKeywords.click(WebUiBuiltInKeywords.groovy:616)
	at com.kms.katalon.core.webui.keyword.WebUiBuiltInKeywords$click$0.call(Unknown Source)
	at Add Category.run(Add Category:28)
	at com.kms.katalon.core.main.ScriptEngine.run(ScriptEngine.java:194)
	at com.kms.katalon.core.main.ScriptEngine.runScriptAsRawText(ScriptEngine.java:119)
	at com.kms.katalon.core.main.TestCaseExecutor.runScript(TestCaseExecutor.java:337)
	at com.kms.katalon.core.main.TestCaseExecutor.doExecute(TestCaseExecutor.java:328)
	at com.kms.katalon.core.main.TestCaseExecutor.processExecutionPhase(TestCaseExecutor.java:307)
	at com.kms.katalon.core.main.TestCaseExecutor.accessMainPhase(TestCaseExecutor.java:299)
	at com.kms.katalon.core.main.TestCaseExecutor.execute(TestCaseExecutor.java:233)
	at com.kms.katalon.core.main.TestSuiteExecutor.accessTestCaseMainPhase(TestSuiteExecutor.java:169)
	at com.kms.katalon.core.main.TestSuiteExecutor.accessTestSuiteMainPhase(TestSuiteExecutor.java:142)
	at com.kms.katalon.core.main.TestSuiteExecutor.execute(TestSuiteExecutor.java:91)
	at com.kms.katalon.core.main.TestCaseMain.startTestSuite(TestCaseMain.java:157)
	at com.kms.katalon.core.main.TestCaseMain$startTestSuite$0.call(Unknown Source)
	at TempTestSuite1584598607274.run(TempTestSuite1584598607274.groovy:36)
Caused by: com.kms.katalon.core.exception.StepFailedException: Unable to click on object 'Object Repository/ADMIN/Categories/Category List/button_Categories'
	... 21 more
Caused by: org.openqa.selenium.ElementNotInteractableException: element not interactable
  (Session info: chrome=80.0.3987.132)
Build info: version: '3.141.59', revision: 'e82be7d358', time: '2018-11-14T08:25:53'
System info: host: 'ARCADIER-03', ip: '192.168.254.105', os.name: 'Windows 7', os.arch: 'amd64', os.version: '6.1', java.version: '1.8.0_181'
Driver info: com.kms.katalon.core.webui.driver.ExistingRemoteWebDriver
Capabilities {javascriptEnabled: true, platform: ANY, platformName: ANY}
Session ID: 66da7635ded2d355388026ca8e7d8eff
	at org.openqa.selenium.remote.http.W3CHttpResponseCodec.createException(W3CHttpResponseCodec.java:187)
	at org.openqa.selenium.remote.http.W3CHttpResponseCodec.decode(W3CHttpResponseCodec.java:122)
	at org.openqa.selenium.remote.http.W3CHttpResponseCodec.decode(W3CHttpResponseCodec.java:49)
	at org.openqa.selenium.remote.HttpCommandExecutor.execute(HttpCommandExecutor.java:158)
	at org.openqa.selenium.remote.RemoteWebDriver.execute(RemoteWebDriver.java:552)
	at com.kms.katalon.core.webui.driver.ExistingRemoteWebDriver.execute(ExistingRemoteWebDriver.java:108)
	at org.openqa.selenium.remote.RemoteWebElement.execute(RemoteWebElement.java:285)
	at org.openqa.selenium.remote.RemoteWebElement.click(RemoteWebElement.java:84)
	at org.openqa.selenium.support.events.EventFiringWebDriver$EventFiringWebElement.lambda$new$0(EventFiringWebDriver.java:404)
	at com.sun.proxy.$Proxy9.click(Unknown Source)
	at org.openqa.selenium.support.events.EventFiringWebDriver$EventFiringWebElement.click(EventFiringWebDriver.java:417)
	at com.kms.katalon.core.webui.keyword.builtin.ClickKeyword$_click_closure1.doCall(ClickKeyword.groovy:69)
	at com.kms.katalon.core.webui.keyword.builtin.ClickKeyword$_click_closure1.call(ClickKeyword.groovy)
	at com.kms.katalon.core.webui.keyword.internal.WebUIKeywordMain.runKeyword(WebUIKeywordMain.groovy:20)
	... 19 more
"/>
         <system-out><![CDATA[2020-03-19 14:27:10 - [TEST_CASE][FAILED] - Test Cases/ADMIN/Content Mgmt/Categories/Category Add-Edit/Add Category: Test Cases/ADMIN/Content Mgmt/Categories/Category Add-Edit/Add Category FAILED.
Reason:
com.kms.katalon.core.exception.StepFailedException: Unable to click on object 'Object Repository/ADMIN/Categories/Category List/button_Categories' (Root cause: com.kms.katalon.core.exception.StepFailedException: Unable to click on object 'Object Repository/ADMIN/Categories/Category List/button_Categories'
	at com.kms.katalon.core.webui.keyword.internal.WebUIKeywordMain.stepFailed(WebUIKeywordMain.groovy:64)
	at com.kms.katalon.core.webui.keyword.internal.WebUIKeywordMain.runKeyword(WebUIKeywordMain.groovy:26)
	at com.kms.katalon.core.webui.keyword.builtin.ClickKeyword.click(ClickKeyword.groovy:76)
	at com.kms.katalon.core.webui.keyword.builtin.ClickKeyword.execute(ClickKeyword.groovy:43)
	at com.kms.katalon.core.keyword.internal.KeywordExecutor.executeKeywordForPlatform(KeywordExecutor.groovy:72)
	at com.kms.katalon.core.webui.keyword.WebUiBuiltInKeywords.click(WebUiBuiltInKeywords.groovy:616)
	at com.kms.katalon.core.webui.keyword.WebUiBuiltInKeywords$click$0.call(Unknown Source)
	at Add Category.run(Add Category:28)
	at com.kms.katalon.core.main.ScriptEngine.run(ScriptEngine.java:194)
	at com.kms.katalon.core.main.ScriptEngine.runScriptAsRawText(ScriptEngine.java:119)
	at com.kms.katalon.core.main.TestCaseExecutor.runScript(TestCaseExecutor.java:337)
	at com.kms.katalon.core.main.TestCaseExecutor.doExecute(TestCaseExecutor.java:328)
	at com.kms.katalon.core.main.TestCaseExecutor.processExecutionPhase(TestCaseExecutor.java:307)
	at com.kms.katalon.core.main.TestCaseExecutor.accessMainPhase(TestCaseExecutor.java:299)
	at com.kms.katalon.core.main.TestCaseExecutor.execute(TestCaseExecutor.java:233)
	at com.kms.katalon.core.main.TestSuiteExecutor.accessTestCaseMainPhase(TestSuiteExecutor.java:169)
	at com.kms.katalon.core.main.TestSuiteExecutor.accessTestSuiteMainPhase(TestSuiteExecutor.java:142)
	at com.kms.katalon.core.main.TestSuiteExecutor.execute(TestSuiteExecutor.java:91)
	at com.kms.katalon.core.main.TestCaseMain.startTestSuite(TestCaseMain.java:157)
	at com.kms.katalon.core.main.TestCaseMain$startTestSuite$0.call(Unknown Source)
	at TempTestSuite1584598607274.run(TempTestSuite1584598607274.groovy:36)
Caused by: org.openqa.selenium.ElementNotInteractableException: element not interactable
  (Session info: chrome=80.0.3987.132)
Build info: version: '3.141.59', revision: 'e82be7d358', time: '2018-11-14T08:25:53'
System info: host: 'ARCADIER-03', ip: '192.168.254.105', os.name: 'Windows 7', os.arch: 'amd64', os.version: '6.1', java.version: '1.8.0_181'
Driver info: com.kms.katalon.core.webui.driver.ExistingRemoteWebDriver
Capabilities {javascriptEnabled: true, platform: ANY, platformName: ANY}
Session ID: 66da7635ded2d355388026ca8e7d8eff
	at org.openqa.selenium.remote.http.W3CHttpResponseCodec.createException(W3CHttpResponseCodec.java:187)
	at org.openqa.selenium.remote.http.W3CHttpResponseCodec.decode(W3CHttpResponseCodec.java:122)
	at org.openqa.selenium.remote.http.W3CHttpResponseCodec.decode(W3CHttpResponseCodec.java:49)
	at org.openqa.selenium.remote.HttpCommandExecutor.execute(HttpCommandExecutor.java:158)
	at org.openqa.selenium.remote.RemoteWebDriver.execute(RemoteWebDriver.java:552)
	at com.kms.katalon.core.webui.driver.ExistingRemoteWebDriver.execute(ExistingRemoteWebDriver.java:108)
	at org.openqa.selenium.remote.RemoteWebElement.execute(RemoteWebElement.java:285)
	at org.openqa.selenium.remote.RemoteWebElement.click(RemoteWebElement.java:84)
	at org.openqa.selenium.support.events.EventFiringWebDriver$EventFiringWebElement.lambda$new$0(EventFiringWebDriver.java:404)
	at com.sun.proxy.$Proxy9.click(Unknown Source)
	at org.openqa.selenium.support.events.EventFiringWebDriver$EventFiringWebElement.click(EventFiringWebDriver.java:417)
	at com.kms.katalon.core.webui.keyword.builtin.ClickKeyword$_click_closure1.doCall(ClickKeyword.groovy:69)
	at com.kms.katalon.core.webui.keyword.builtin.ClickKeyword$_click_closure1.call(ClickKeyword.groovy)
	at com.kms.katalon.core.webui.keyword.internal.WebUIKeywordMain.runKeyword(WebUIKeywordMain.groovy:20)
	at com.kms.katalon.core.webui.keyword.builtin.ClickKeyword.click(ClickKeyword.groovy:76)
	at com.kms.katalon.core.webui.keyword.builtin.ClickKeyword.execute(ClickKeyword.groovy:43)
	at com.kms.katalon.core.keyword.internal.KeywordExecutor.executeKeywordForPlatform(KeywordExecutor.groovy:72)
	at com.kms.katalon.core.webui.keyword.WebUiBuiltInKeywords.click(WebUiBuiltInKeywords.groovy:616)
	at com.kms.katalon.core.webui.keyword.WebUiBuiltInKeywords$click$0.call(Unknown Source)
	at Script1549506362832.run(Script1549506362832.groovy:28)
	... 13 more
)
	at com.kms.katalon.core.keyword.internal.KeywordMain.stepFailed(KeywordMain.groovy:39)
	at com.kms.katalon.core.webui.keyword.internal.WebUIKeywordMain.stepFailed(WebUIKeywordMain.groovy:64)
	at com.kms.katalon.core.webui.keyword.internal.WebUIKeywordMain.runKeyword(WebUIKeywordMain.groovy:26)
	at com.kms.katalon.core.webui.keyword.builtin.ClickKeyword.click(ClickKeyword.groovy:76)
	at com.kms.katalon.core.webui.keyword.builtin.ClickKeyword.execute(ClickKeyword.groovy:43)
	at com.kms.katalon.core.keyword.internal.KeywordExecutor.executeKeywordForPlatform(KeywordExecutor.groovy:72)
	at com.kms.katalon.core.webui.keyword.WebUiBuiltInKeywords.click(WebUiBuiltInKeywords.groovy:616)
	at com.kms.katalon.core.webui.keyword.WebUiBuiltInKeywords$click$0.call(Unknown Source)
	at Add Category.run(Add Category:28)
	at com.kms.katalon.core.main.ScriptEngine.run(ScriptEngine.java:194)
	at com.kms.katalon.core.main.ScriptEngine.runScriptAsRawText(ScriptEngine.java:119)
	at com.kms.katalon.core.main.TestCaseExecutor.runScript(TestCaseExecutor.java:337)
	at com.kms.katalon.core.main.TestCaseExecutor.doExecute(TestCaseExecutor.java:328)
	at com.kms.katalon.core.main.TestCaseExecutor.processExecutionPhase(TestCaseExecutor.java:307)
	at com.kms.katalon.core.main.TestCaseExecutor.accessMainPhase(TestCaseExecutor.java:299)
	at com.kms.katalon.core.main.TestCaseExecutor.execute(TestCaseExecutor.java:233)
	at com.kms.katalon.core.main.TestSuiteExecutor.accessTestCaseMainPhase(TestSuiteExecutor.java:169)
	at com.kms.katalon.core.main.TestSuiteExecutor.accessTestSuiteMainPhase(TestSuiteExecutor.java:142)
	at com.kms.katalon.core.main.TestSuiteExecutor.execute(TestSuiteExecutor.java:91)
	at com.kms.katalon.core.main.TestCaseMain.startTestSuite(TestCaseMain.java:157)
	at com.kms.katalon.core.main.TestCaseMain$startTestSuite$0.call(Unknown Source)
	at TempTestSuite1584598607274.run(TempTestSuite1584598607274.groovy:36)
Caused by: com.kms.katalon.core.exception.StepFailedException: Unable to click on object 'Object Repository/ADMIN/Categories/Category List/button_Categories'
	... 21 more
Caused by: org.openqa.selenium.ElementNotInteractableException: element not interactable
  (Session info: chrome=80.0.3987.132)
Build info: version: '3.141.59', revision: 'e82be7d358', time: '2018-11-14T08:25:53'
System info: host: 'ARCADIER-03', ip: '192.168.254.105', os.name: 'Windows 7', os.arch: 'amd64', os.version: '6.1', java.version: '1.8.0_181'
Driver info: com.kms.katalon.core.webui.driver.ExistingRemoteWebDriver
Capabilities {javascriptEnabled: true, platform: ANY, platformName: ANY}
Session ID: 66da7635ded2d355388026ca8e7d8eff
	at org.openqa.selenium.remote.http.W3CHttpResponseCodec.createException(W3CHttpResponseCodec.java:187)
	at org.openqa.selenium.remote.http.W3CHttpResponseCodec.decode(W3CHttpResponseCodec.java:122)
	at org.openqa.selenium.remote.http.W3CHttpResponseCodec.decode(W3CHttpResponseCodec.java:49)
	at org.openqa.selenium.remote.HttpCommandExecutor.execute(HttpCommandExecutor.java:158)
	at org.openqa.selenium.remote.RemoteWebDriver.execute(RemoteWebDriver.java:552)
	at com.kms.katalon.core.webui.driver.ExistingRemoteWebDriver.execute(ExistingRemoteWebDriver.java:108)
	at org.openqa.selenium.remote.RemoteWebElement.execute(RemoteWebElement.java:285)
	at org.openqa.selenium.remote.RemoteWebElement.click(RemoteWebElement.java:84)
	at org.openqa.selenium.support.events.EventFiringWebDriver$EventFiringWebElement.lambda$new$0(EventFiringWebDriver.java:404)
	at com.sun.proxy.$Proxy9.click(Unknown Source)
	at org.openqa.selenium.support.events.EventFiringWebDriver$EventFiringWebElement.click(EventFiringWebDriver.java:417)
	at com.kms.katalon.core.webui.keyword.builtin.ClickKeyword$_click_closure1.doCall(ClickKeyword.groovy:69)
	at com.kms.katalon.core.webui.keyword.builtin.ClickKeyword$_click_closure1.call(ClickKeyword.groovy)
	at com.kms.katalon.core.webui.keyword.internal.WebUIKeywordMain.runKeyword(WebUIKeywordMain.groovy:20)
	... 19 more


2020-03-19 14:27:10 - [TEST_STEP][PASSED] - waitForElementVisible(findTestObject("ADMIN/Categories/Category List/button_Content Mgmt"), 0): Object 'Object Repository/ADMIN/Categories/Category List/button_Content Mgmt' is visible

2020-03-19 14:27:10 - [MESSAGE][WARNING] - Timeout '0' is invalid. Using default page load timeout: '30'

2020-03-19 14:27:10 - [MESSAGE][PASSED] - Object 'Object Repository/ADMIN/Categories/Category List/button_Content Mgmt' is visible

2020-03-19 14:27:10 - [TEST_STEP][PASSED] - click(findTestObject("ADMIN/Categories/Category List/button_Content Mgmt")): Object: 'Object Repository/ADMIN/Categories/Category List/button_Content Mgmt' is clicked on

2020-03-19 14:27:10 - [MESSAGE][PASSED] - Object: 'Object Repository/ADMIN/Categories/Category List/button_Content Mgmt' is clicked on

2020-03-19 14:27:10 - [TEST_STEP][PASSED] - waitForElementVisible(findTestObject("ADMIN/Categories/Category List/button_Categories"), 0): Object 'Object Repository/ADMIN/Categories/Category List/button_Categories' is visible

2020-03-19 14:27:10 - [MESSAGE][WARNING] - Timeout '0' is invalid. Using default page load timeout: '30'

2020-03-19 14:27:10 - [MESSAGE][PASSED] - Object 'Object Repository/ADMIN/Categories/Category List/button_Categories' is visible

2020-03-19 14:27:10 - [TEST_STEP][FAILED] - click(findTestObject("ADMIN/Categories/Category List/button_Categories")): Unable to click on object 'Object Repository/ADMIN/Categories/Category List/button_Categories' (Root cause: com.kms.katalon.core.exception.StepFailedException: Unable to click on object 'Object Repository/ADMIN/Categories/Category List/button_Categories'
	at com.kms.katalon.core.webui.keyword.internal.WebUIKeywordMain.stepFailed(WebUIKeywordMain.groovy:64)
	at com.kms.katalon.core.webui.keyword.internal.WebUIKeywordMain.runKeyword(WebUIKeywordMain.groovy:26)
	at com.kms.katalon.core.webui.keyword.builtin.ClickKeyword.click(ClickKeyword.groovy:76)
	at com.kms.katalon.core.webui.keyword.builtin.ClickKeyword.execute(ClickKeyword.groovy:43)
	at com.kms.katalon.core.keyword.internal.KeywordExecutor.executeKeywordForPlatform(KeywordExecutor.groovy:72)
	at com.kms.katalon.core.webui.keyword.WebUiBuiltInKeywords.click(WebUiBuiltInKeywords.groovy:616)
	at com.kms.katalon.core.webui.keyword.WebUiBuiltInKeywords$click$0.call(Unknown Source)
	at Add Category.run(Add Category:28)
	at com.kms.katalon.core.main.ScriptEngine.run(ScriptEngine.java:194)
	at com.kms.katalon.core.main.ScriptEngine.runScriptAsRawText(ScriptEngine.java:119)
	at com.kms.katalon.core.main.TestCaseExecutor.runScript(TestCaseExecutor.java:337)
	at com.kms.katalon.core.main.TestCaseExecutor.doExecute(TestCaseExecutor.java:328)
	at com.kms.katalon.core.main.TestCaseExecutor.processExecutionPhase(TestCaseExecutor.java:307)
	at com.kms.katalon.core.main.TestCaseExecutor.accessMainPhase(TestCaseExecutor.java:299)
	at com.kms.katalon.core.main.TestCaseExecutor.execute(TestCaseExecutor.java:233)
	at com.kms.katalon.core.main.TestSuiteExecutor.accessTestCaseMainPhase(TestSuiteExecutor.java:169)
	at com.kms.katalon.core.main.TestSuiteExecutor.accessTestSuiteMainPhase(TestSuiteExecutor.java:142)
	at com.kms.katalon.core.main.TestSuiteExecutor.execute(TestSuiteExecutor.java:91)
	at com.kms.katalon.core.main.TestCaseMain.startTestSuite(TestCaseMain.java:157)
	at com.kms.katalon.core.main.TestCaseMain$startTestSuite$0.call(Unknown Source)
	at TempTestSuite1584598607274.run(TempTestSuite1584598607274.groovy:36)
Caused by: org.openqa.selenium.ElementNotInteractableException: element not interactable
  (Session info: chrome=80.0.3987.132)
Build info: version: '3.141.59', revision: 'e82be7d358', time: '2018-11-14T08:25:53'
System info: host: 'ARCADIER-03', ip: '192.168.254.105', os.name: 'Windows 7', os.arch: 'amd64', os.version: '6.1', java.version: '1.8.0_181'
Driver info: com.kms.katalon.core.webui.driver.ExistingRemoteWebDriver
Capabilities {javascriptEnabled: true, platform: ANY, platformName: ANY}
Session ID: 66da7635ded2d355388026ca8e7d8eff
	at org.openqa.selenium.remote.http.W3CHttpResponseCodec.createException(W3CHttpResponseCodec.java:187)
	at org.openqa.selenium.remote.http.W3CHttpResponseCodec.decode(W3CHttpResponseCodec.java:122)
	at org.openqa.selenium.remote.http.W3CHttpResponseCodec.decode(W3CHttpResponseCodec.java:49)
	at org.openqa.selenium.remote.HttpCommandExecutor.execute(HttpCommandExecutor.java:158)
	at org.openqa.selenium.remote.RemoteWebDriver.execute(RemoteWebDriver.java:552)
	at com.kms.katalon.core.webui.driver.ExistingRemoteWebDriver.execute(ExistingRemoteWebDriver.java:108)
	at org.openqa.selenium.remote.RemoteWebElement.execute(RemoteWebElement.java:285)
	at org.openqa.selenium.remote.RemoteWebElement.click(RemoteWebElement.java:84)
	at org.openqa.selenium.support.events.EventFiringWebDriver$EventFiringWebElement.lambda$new$0(EventFiringWebDriver.java:404)
	at com.sun.proxy.$Proxy9.click(Unknown Source)
	at org.openqa.selenium.support.events.EventFiringWebDriver$EventFiringWebElement.click(EventFiringWebDriver.java:417)
	at com.kms.katalon.core.webui.keyword.builtin.ClickKeyword$_click_closure1.doCall(ClickKeyword.groovy:69)
	at com.kms.katalon.core.webui.keyword.builtin.ClickKeyword$_click_closure1.call(ClickKeyword.groovy)
	at com.kms.katalon.core.webui.keyword.internal.WebUIKeywordMain.runKeyword(WebUIKeywordMain.groovy:20)
	at com.kms.katalon.core.webui.keyword.builtin.ClickKeyword.click(ClickKeyword.groovy:76)
	at com.kms.katalon.core.webui.keyword.builtin.ClickKeyword.execute(ClickKeyword.groovy:43)
	at com.kms.katalon.core.keyword.internal.KeywordExecutor.executeKeywordForPlatform(KeywordExecutor.groovy:72)
	at com.kms.katalon.core.webui.keyword.WebUiBuiltInKeywords.click(WebUiBuiltInKeywords.groovy:616)
	at com.kms.katalon.core.webui.keyword.WebUiBuiltInKeywords$click$0.call(Unknown Source)
	at Script1549506362832.run(Script1549506362832.groovy:28)
	... 13 more
)

2020-03-19 14:27:11 - [MESSAGE][FAILED] - Unable to click on object 'Object Repository/ADMIN/Categories/Category List/button_Categories' (Root cause: com.kms.katalon.core.exception.StepFailedException: Unable to click on object 'Object Repository/ADMIN/Categories/Category List/button_Categories'
	at com.kms.katalon.core.webui.keyword.internal.WebUIKeywordMain.stepFailed(WebUIKeywordMain.groovy:64)
	at com.kms.katalon.core.webui.keyword.internal.WebUIKeywordMain.runKeyword(WebUIKeywordMain.groovy:26)
	at com.kms.katalon.core.webui.keyword.builtin.ClickKeyword.click(ClickKeyword.groovy:76)
	at com.kms.katalon.core.webui.keyword.builtin.ClickKeyword.execute(ClickKeyword.groovy:43)
	at com.kms.katalon.core.keyword.internal.KeywordExecutor.executeKeywordForPlatform(KeywordExecutor.groovy:72)
	at com.kms.katalon.core.webui.keyword.WebUiBuiltInKeywords.click(WebUiBuiltInKeywords.groovy:616)
	at com.kms.katalon.core.webui.keyword.WebUiBuiltInKeywords$click$0.call(Unknown Source)
	at Add Category.run(Add Category:28)
	at com.kms.katalon.core.main.ScriptEngine.run(ScriptEngine.java:194)
	at com.kms.katalon.core.main.ScriptEngine.runScriptAsRawText(ScriptEngine.java:119)
	at com.kms.katalon.core.main.TestCaseExecutor.runScript(TestCaseExecutor.java:337)
	at com.kms.katalon.core.main.TestCaseExecutor.doExecute(TestCaseExecutor.java:328)
	at com.kms.katalon.core.main.TestCaseExecutor.processExecutionPhase(TestCaseExecutor.java:307)
	at com.kms.katalon.core.main.TestCaseExecutor.accessMainPhase(TestCaseExecutor.java:299)
	at com.kms.katalon.core.main.TestCaseExecutor.execute(TestCaseExecutor.java:233)
	at com.kms.katalon.core.main.TestSuiteExecutor.accessTestCaseMainPhase(TestSuiteExecutor.java:169)
	at com.kms.katalon.core.main.TestSuiteExecutor.accessTestSuiteMainPhase(TestSuiteExecutor.java:142)
	at com.kms.katalon.core.main.TestSuiteExecutor.execute(TestSuiteExecutor.java:91)
	at com.kms.katalon.core.main.TestCaseMain.startTestSuite(TestCaseMain.java:157)
	at com.kms.katalon.core.main.TestCaseMain$startTestSuite$0.call(Unknown Source)
	at TempTestSuite1584598607274.run(TempTestSuite1584598607274.groovy:36)
Caused by: org.openqa.selenium.ElementNotInteractableException: element not interactable
  (Session info: chrome=80.0.3987.132)
Build info: version: '3.141.59', revision: 'e82be7d358', time: '2018-11-14T08:25:53'
System info: host: 'ARCADIER-03', ip: '192.168.254.105', os.name: 'Windows 7', os.arch: 'amd64', os.version: '6.1', java.version: '1.8.0_181'
Driver info: com.kms.katalon.core.webui.driver.ExistingRemoteWebDriver
Capabilities {javascriptEnabled: true, platform: ANY, platformName: ANY}
Session ID: 66da7635ded2d355388026ca8e7d8eff
	at org.openqa.selenium.remote.http.W3CHttpResponseCodec.createException(W3CHttpResponseCodec.java:187)
	at org.openqa.selenium.remote.http.W3CHttpResponseCodec.decode(W3CHttpResponseCodec.java:122)
	at org.openqa.selenium.remote.http.W3CHttpResponseCodec.decode(W3CHttpResponseCodec.java:49)
	at org.openqa.selenium.remote.HttpCommandExecutor.execute(HttpCommandExecutor.java:158)
	at org.openqa.selenium.remote.RemoteWebDriver.execute(RemoteWebDriver.java:552)
	at com.kms.katalon.core.webui.driver.ExistingRemoteWebDriver.execute(ExistingRemoteWebDriver.java:108)
	at org.openqa.selenium.remote.RemoteWebElement.execute(RemoteWebElement.java:285)
	at org.openqa.selenium.remote.RemoteWebElement.click(RemoteWebElement.java:84)
	at org.openqa.selenium.support.events.EventFiringWebDriver$EventFiringWebElement.lambda$new$0(EventFiringWebDriver.java:404)
	at com.sun.proxy.$Proxy9.click(Unknown Source)
	at org.openqa.selenium.support.events.EventFiringWebDriver$EventFiringWebElement.click(EventFiringWebDriver.java:417)
	at com.kms.katalon.core.webui.keyword.builtin.ClickKeyword$_click_closure1.doCall(ClickKeyword.groovy:69)
	at com.kms.katalon.core.webui.keyword.builtin.ClickKeyword$_click_closure1.call(ClickKeyword.groovy)
	at com.kms.katalon.core.webui.keyword.internal.WebUIKeywordMain.runKeyword(WebUIKeywordMain.groovy:20)
	at com.kms.katalon.core.webui.keyword.builtin.ClickKeyword.click(ClickKeyword.groovy:76)
	at com.kms.katalon.core.webui.keyword.builtin.ClickKeyword.execute(ClickKeyword.groovy:43)
	at com.kms.katalon.core.keyword.internal.KeywordExecutor.executeKeywordForPlatform(KeywordExecutor.groovy:72)
	at com.kms.katalon.core.webui.keyword.WebUiBuiltInKeywords.click(WebUiBuiltInKeywords.groovy:616)
	at com.kms.katalon.core.webui.keyword.WebUiBuiltInKeywords$click$0.call(Unknown Source)
	at Script1549506362832.run(Script1549506362832.groovy:28)
	... 13 more
)
[[ATTACHMENT|C:\\Katalon\\Arctick\\Reports\\20200319_141647\\Admin\\Admin Add Category\\20200319_141647\\1584599231130.png]]

2020-03-19 14:27:11 - [TEST_STEP][PASSED] - waitForPageLoad(0, STOP_ON_FAILURE): Wait for page load successfully

2020-03-19 14:27:11 - [MESSAGE][WARNING] - Timeout '0' is invalid. Using default page load timeout: '30'

2020-03-19 14:27:11 - [MESSAGE][PASSED] - Wait for page load successfully

2020-03-19 14:27:11 - [TEST_STEP][PASSED] - click(findTestObject("ADMIN/Categories/Category List/button_Add a Category")): Object: 'Object Repository/ADMIN/Categories/Category List/button_Add a Category' is clicked on

2020-03-19 14:27:11 - [MESSAGE][PASSED] - Object: 'Object Repository/ADMIN/Categories/Category List/button_Add a Category' is clicked on

2020-03-19 14:27:11 - [TEST_STEP][PASSED] - waitForElementPresent(findTestObject("ADMIN/Categories/Category/dropdown_Parent"), 2): Object 'Object Repository/ADMIN/Categories/Category/dropdown_Parent' is present

2020-03-19 14:27:11 - [MESSAGE][PASSED] - Object 'Object Repository/ADMIN/Categories/Category/dropdown_Parent' is present

2020-03-19 14:27:11 - [TEST_STEP][PASSED] - delay(1): Delayed 1 second(s)

2020-03-19 14:27:12 - [MESSAGE][PASSED] - Delayed 1 second(s)

2020-03-19 14:27:12 - [TEST_STEP][PASSED] - setText(findTestObject("ADMIN/Categories/Category/textfield_Category Name"), CategoryNametext): Text 'Category 5.1.9' is set on object 'Object Repository/ADMIN/Categories/Category/textfield_Category Name'

2020-03-19 14:27:12 - [MESSAGE][PASSED] - Text 'Category 5.1.9' is set on object 'Object Repository/ADMIN/Categories/Category/textfield_Category Name'

2020-03-19 14:27:12 - [TEST_STEP][PASSED] - click(findTestObject("ADMIN/Categories/Category/dropdown_Parent")): Object: 'Object Repository/ADMIN/Categories/Category/dropdown_Parent' is clicked on

2020-03-19 14:27:13 - [MESSAGE][PASSED] - Object: 'Object Repository/ADMIN/Categories/Category/dropdown_Parent' is clicked on

2020-03-19 14:27:13 - [TEST_STEP][PASSED] - delay(2): Delayed 2 second(s)

2020-03-19 14:27:15 - [MESSAGE][PASSED] - Delayed 2 second(s)

2020-03-19 14:27:15 - [TEST_STEP][PASSED] - click(findTestObject("ADMIN/Categories/Category/dropdown_Parent")): Object: 'Object Repository/ADMIN/Categories/Category/dropdown_Parent' is clicked on

2020-03-19 14:27:15 - [MESSAGE][PASSED] - Object: 'Object Repository/ADMIN/Categories/Category/dropdown_Parent' is clicked on

2020-03-19 14:27:15 - [TEST_STEP][PASSED] - selectOptionByLabel(findTestObject("ADMIN/Categories/Category/dropdown_Parent"), ParentName, false): All options with label 'Category 5.1' are selected in object 'Object Repository/ADMIN/Categories/Category/dropdown_Parent' 

2020-03-19 14:27:15 - [MESSAGE][PASSED] - All options with label 'Category 5.1' are selected in object 'Object Repository/ADMIN/Categories/Category/dropdown_Parent' 

2020-03-19 14:27:15 - [TEST_STEP][PASSED] - click(findTestObject("ADMIN/Categories/Category/button_Browse")): Object: 'Object Repository/ADMIN/Categories/Category/button_Browse' is clicked on

2020-03-19 14:27:15 - [MESSAGE][PASSED] - Object: 'Object Repository/ADMIN/Categories/Category/button_Browse' is clicked on

2020-03-19 14:27:15 - [TEST_STEP][PASSED] - delay(2): Delayed 2 second(s)

2020-03-19 14:27:17 - [MESSAGE][PASSED] - Delayed 2 second(s)

2020-03-19 14:27:17 - [TEST_STEP][PASSED] - uploadFile(findTestObject("ADMIN/Categories/Category/image_input image"), CategoryImageUpload): File 'C:\\Katalon\\Arctick\\Images\\Category\\5.png' sent to object: 'Object Repository/ADMIN/Categories/Category/image_input image'

2020-03-19 14:27:17 - [MESSAGE][PASSED] - File 'C:\\Katalon\\Arctick\\Images\\Category\\5.png' sent to object: 'Object Repository/ADMIN/Categories/Category/image_input image'

2020-03-19 14:27:17 - [TEST_STEP][PASSED] - waitForElementVisible(findTestObject("ADMIN/Categories/Category/button_upload check"), 0): Object 'Object Repository/ADMIN/Categories/Category/button_upload check' is visible

2020-03-19 14:27:17 - [MESSAGE][WARNING] - Timeout '0' is invalid. Using default page load timeout: '30'

2020-03-19 14:27:17 - [MESSAGE][PASSED] - Object 'Object Repository/ADMIN/Categories/Category/button_upload check' is visible

2020-03-19 14:27:17 - [TEST_STEP][PASSED] - click(findTestObject("ADMIN/Categories/Category/button_upload check")): Object: 'Object Repository/ADMIN/Categories/Category/button_upload check' is clicked on

2020-03-19 14:27:17 - [MESSAGE][PASSED] - Object: 'Object Repository/ADMIN/Categories/Category/button_upload check' is clicked on

2020-03-19 14:27:17 - [TEST_STEP][PASSED] - waitForElementVisible(findTestObject("ADMIN/Categories/Category/button_upload save"), 0): Object 'Object Repository/ADMIN/Categories/Category/button_upload save' is visible

2020-03-19 14:27:17 - [MESSAGE][WARNING] - Timeout '0' is invalid. Using default page load timeout: '30'

2020-03-19 14:27:17 - [MESSAGE][PASSED] - Object 'Object Repository/ADMIN/Categories/Category/button_upload save' is visible

2020-03-19 14:27:17 - [TEST_STEP][PASSED] - click(findTestObject("ADMIN/Categories/Category/button_upload save")): Object: 'Object Repository/ADMIN/Categories/Category/button_upload save' is clicked on

2020-03-19 14:27:18 - [MESSAGE][PASSED] - Object: 'Object Repository/ADMIN/Categories/Category/button_upload save' is clicked on

2020-03-19 14:27:18 - [TEST_STEP][PASSED] - setText(findTestObject("ADMIN/Categories/Category/textfield_category_description"), Description): Text 'Description41' is set on object 'Object Repository/ADMIN/Categories/Category/textfield_category_description'

2020-03-19 14:27:18 - [MESSAGE][PASSED] - Text 'Description41' is set on object 'Object Repository/ADMIN/Categories/Category/textfield_category_description'

2020-03-19 14:27:18 - [TEST_STEP][PASSED] - click(findTestObject("ADMIN/Categories/Category/button_Save")): Object: 'Object Repository/ADMIN/Categories/Category/button_Save' is clicked on

2020-03-19 14:27:18 - [MESSAGE][PASSED] - Object: 'Object Repository/ADMIN/Categories/Category/button_Save' is clicked on

2020-03-19 14:27:18 - [TEST_STEP][PASSED] - waitForElementVisible(findTestObject("ADMIN/Categories/Category/label_edit popup"), 0): Object 'Object Repository/ADMIN/Categories/Category/label_edit popup' is visible

2020-03-19 14:27:18 - [MESSAGE][WARNING] - Timeout '0' is invalid. Using default page load timeout: '30'

2020-03-19 14:27:19 - [MESSAGE][PASSED] - Object 'Object Repository/ADMIN/Categories/Category/label_edit popup' is visible

2020-03-19 14:27:19 - [TEST_STEP][PASSED] - waitForElementNotPresent(findTestObject("ADMIN/Categories/Category/label_edit popup"), 0): Web element with id: 'Object Repository/ADMIN/Categories/Category/label_edit popup' located by 'By.xpath: //div[(text() = 'Category was successfully saved.' or . = 'Category was successfully saved.')]' is not present after '30' second(s)

2020-03-19 14:27:19 - [MESSAGE][WARNING] - Timeout '0' is invalid. Using default page load timeout: '30'

2020-03-19 14:27:25 - [MESSAGE][PASSED] - Web element with id: 'Object Repository/ADMIN/Categories/Category/label_edit popup' located by 'By.xpath: //div[(text() = 'Category was successfully saved.' or . = 'Category was successfully saved.')]' is not present after '30' second(s)]]></system-out>
         <system-err><![CDATA[2020-03-19 14:27:10 - [TEST_CASE][FAILED] - Test Cases/ADMIN/Content Mgmt/Categories/Category Add-Edit/Add Category: Test Cases/ADMIN/Content Mgmt/Categories/Category Add-Edit/Add Category FAILED.
Reason:
com.kms.katalon.core.exception.StepFailedException: Unable to click on object 'Object Repository/ADMIN/Categories/Category List/button_Categories' (Root cause: com.kms.katalon.core.exception.StepFailedException: Unable to click on object 'Object Repository/ADMIN/Categories/Category List/button_Categories'
	at com.kms.katalon.core.webui.keyword.internal.WebUIKeywordMain.stepFailed(WebUIKeywordMain.groovy:64)
	at com.kms.katalon.core.webui.keyword.internal.WebUIKeywordMain.runKeyword(WebUIKeywordMain.groovy:26)
	at com.kms.katalon.core.webui.keyword.builtin.ClickKeyword.click(ClickKeyword.groovy:76)
	at com.kms.katalon.core.webui.keyword.builtin.ClickKeyword.execute(ClickKeyword.groovy:43)
	at com.kms.katalon.core.keyword.internal.KeywordExecutor.executeKeywordForPlatform(KeywordExecutor.groovy:72)
	at com.kms.katalon.core.webui.keyword.WebUiBuiltInKeywords.click(WebUiBuiltInKeywords.groovy:616)
	at com.kms.katalon.core.webui.keyword.WebUiBuiltInKeywords$click$0.call(Unknown Source)
	at Add Category.run(Add Category:28)
	at com.kms.katalon.core.main.ScriptEngine.run(ScriptEngine.java:194)
	at com.kms.katalon.core.main.ScriptEngine.runScriptAsRawText(ScriptEngine.java:119)
	at com.kms.katalon.core.main.TestCaseExecutor.runScript(TestCaseExecutor.java:337)
	at com.kms.katalon.core.main.TestCaseExecutor.doExecute(TestCaseExecutor.java:328)
	at com.kms.katalon.core.main.TestCaseExecutor.processExecutionPhase(TestCaseExecutor.java:307)
	at com.kms.katalon.core.main.TestCaseExecutor.accessMainPhase(TestCaseExecutor.java:299)
	at com.kms.katalon.core.main.TestCaseExecutor.execute(TestCaseExecutor.java:233)
	at com.kms.katalon.core.main.TestSuiteExecutor.accessTestCaseMainPhase(TestSuiteExecutor.java:169)
	at com.kms.katalon.core.main.TestSuiteExecutor.accessTestSuiteMainPhase(TestSuiteExecutor.java:142)
	at com.kms.katalon.core.main.TestSuiteExecutor.execute(TestSuiteExecutor.java:91)
	at com.kms.katalon.core.main.TestCaseMain.startTestSuite(TestCaseMain.java:157)
	at com.kms.katalon.core.main.TestCaseMain$startTestSuite$0.call(Unknown Source)
	at TempTestSuite1584598607274.run(TempTestSuite1584598607274.groovy:36)
Caused by: org.openqa.selenium.ElementNotInteractableException: element not interactable
  (Session info: chrome=80.0.3987.132)
Build info: version: '3.141.59', revision: 'e82be7d358', time: '2018-11-14T08:25:53'
System info: host: 'ARCADIER-03', ip: '192.168.254.105', os.name: 'Windows 7', os.arch: 'amd64', os.version: '6.1', java.version: '1.8.0_181'
Driver info: com.kms.katalon.core.webui.driver.ExistingRemoteWebDriver
Capabilities {javascriptEnabled: true, platform: ANY, platformName: ANY}
Session ID: 66da7635ded2d355388026ca8e7d8eff
	at org.openqa.selenium.remote.http.W3CHttpResponseCodec.createException(W3CHttpResponseCodec.java:187)
	at org.openqa.selenium.remote.http.W3CHttpResponseCodec.decode(W3CHttpResponseCodec.java:122)
	at org.openqa.selenium.remote.http.W3CHttpResponseCodec.decode(W3CHttpResponseCodec.java:49)
	at org.openqa.selenium.remote.HttpCommandExecutor.execute(HttpCommandExecutor.java:158)
	at org.openqa.selenium.remote.RemoteWebDriver.execute(RemoteWebDriver.java:552)
	at com.kms.katalon.core.webui.driver.ExistingRemoteWebDriver.execute(ExistingRemoteWebDriver.java:108)
	at org.openqa.selenium.remote.RemoteWebElement.execute(RemoteWebElement.java:285)
	at org.openqa.selenium.remote.RemoteWebElement.click(RemoteWebElement.java:84)
	at org.openqa.selenium.support.events.EventFiringWebDriver$EventFiringWebElement.lambda$new$0(EventFiringWebDriver.java:404)
	at com.sun.proxy.$Proxy9.click(Unknown Source)
	at org.openqa.selenium.support.events.EventFiringWebDriver$EventFiringWebElement.click(EventFiringWebDriver.java:417)
	at com.kms.katalon.core.webui.keyword.builtin.ClickKeyword$_click_closure1.doCall(ClickKeyword.groovy:69)
	at com.kms.katalon.core.webui.keyword.builtin.ClickKeyword$_click_closure1.call(ClickKeyword.groovy)
	at com.kms.katalon.core.webui.keyword.internal.WebUIKeywordMain.runKeyword(WebUIKeywordMain.groovy:20)
	at com.kms.katalon.core.webui.keyword.builtin.ClickKeyword.click(ClickKeyword.groovy:76)
	at com.kms.katalon.core.webui.keyword.builtin.ClickKeyword.execute(ClickKeyword.groovy:43)
	at com.kms.katalon.core.keyword.internal.KeywordExecutor.executeKeywordForPlatform(KeywordExecutor.groovy:72)
	at com.kms.katalon.core.webui.keyword.WebUiBuiltInKeywords.click(WebUiBuiltInKeywords.groovy:616)
	at com.kms.katalon.core.webui.keyword.WebUiBuiltInKeywords$click$0.call(Unknown Source)
	at Script1549506362832.run(Script1549506362832.groovy:28)
	... 13 more
)
	at com.kms.katalon.core.keyword.internal.KeywordMain.stepFailed(KeywordMain.groovy:39)
	at com.kms.katalon.core.webui.keyword.internal.WebUIKeywordMain.stepFailed(WebUIKeywordMain.groovy:64)
	at com.kms.katalon.core.webui.keyword.internal.WebUIKeywordMain.runKeyword(WebUIKeywordMain.groovy:26)
	at com.kms.katalon.core.webui.keyword.builtin.ClickKeyword.click(ClickKeyword.groovy:76)
	at com.kms.katalon.core.webui.keyword.builtin.ClickKeyword.execute(ClickKeyword.groovy:43)
	at com.kms.katalon.core.keyword.internal.KeywordExecutor.executeKeywordForPlatform(KeywordExecutor.groovy:72)
	at com.kms.katalon.core.webui.keyword.WebUiBuiltInKeywords.click(WebUiBuiltInKeywords.groovy:616)
	at com.kms.katalon.core.webui.keyword.WebUiBuiltInKeywords$click$0.call(Unknown Source)
	at Add Category.run(Add Category:28)
	at com.kms.katalon.core.main.ScriptEngine.run(ScriptEngine.java:194)
	at com.kms.katalon.core.main.ScriptEngine.runScriptAsRawText(ScriptEngine.java:119)
	at com.kms.katalon.core.main.TestCaseExecutor.runScript(TestCaseExecutor.java:337)
	at com.kms.katalon.core.main.TestCaseExecutor.doExecute(TestCaseExecutor.java:328)
	at com.kms.katalon.core.main.TestCaseExecutor.processExecutionPhase(TestCaseExecutor.java:307)
	at com.kms.katalon.core.main.TestCaseExecutor.accessMainPhase(TestCaseExecutor.java:299)
	at com.kms.katalon.core.main.TestCaseExecutor.execute(TestCaseExecutor.java:233)
	at com.kms.katalon.core.main.TestSuiteExecutor.accessTestCaseMainPhase(TestSuiteExecutor.java:169)
	at com.kms.katalon.core.main.TestSuiteExecutor.accessTestSuiteMainPhase(TestSuiteExecutor.java:142)
	at com.kms.katalon.core.main.TestSuiteExecutor.execute(TestSuiteExecutor.java:91)
	at com.kms.katalon.core.main.TestCaseMain.startTestSuite(TestCaseMain.java:157)
	at com.kms.katalon.core.main.TestCaseMain$startTestSuite$0.call(Unknown Source)
	at TempTestSuite1584598607274.run(TempTestSuite1584598607274.groovy:36)
Caused by: com.kms.katalon.core.exception.StepFailedException: Unable to click on object 'Object Repository/ADMIN/Categories/Category List/button_Categories'
	... 21 more
Caused by: org.openqa.selenium.ElementNotInteractableException: element not interactable
  (Session info: chrome=80.0.3987.132)
Build info: version: '3.141.59', revision: 'e82be7d358', time: '2018-11-14T08:25:53'
System info: host: 'ARCADIER-03', ip: '192.168.254.105', os.name: 'Windows 7', os.arch: 'amd64', os.version: '6.1', java.version: '1.8.0_181'
Driver info: com.kms.katalon.core.webui.driver.ExistingRemoteWebDriver
Capabilities {javascriptEnabled: true, platform: ANY, platformName: ANY}
Session ID: 66da7635ded2d355388026ca8e7d8eff
	at org.openqa.selenium.remote.http.W3CHttpResponseCodec.createException(W3CHttpResponseCodec.java:187)
	at org.openqa.selenium.remote.http.W3CHttpResponseCodec.decode(W3CHttpResponseCodec.java:122)
	at org.openqa.selenium.remote.http.W3CHttpResponseCodec.decode(W3CHttpResponseCodec.java:49)
	at org.openqa.selenium.remote.HttpCommandExecutor.execute(HttpCommandExecutor.java:158)
	at org.openqa.selenium.remote.RemoteWebDriver.execute(RemoteWebDriver.java:552)
	at com.kms.katalon.core.webui.driver.ExistingRemoteWebDriver.execute(ExistingRemoteWebDriver.java:108)
	at org.openqa.selenium.remote.RemoteWebElement.execute(RemoteWebElement.java:285)
	at org.openqa.selenium.remote.RemoteWebElement.click(RemoteWebElement.java:84)
	at org.openqa.selenium.support.events.EventFiringWebDriver$EventFiringWebElement.lambda$new$0(EventFiringWebDriver.java:404)
	at com.sun.proxy.$Proxy9.click(Unknown Source)
	at org.openqa.selenium.support.events.EventFiringWebDriver$EventFiringWebElement.click(EventFiringWebDriver.java:417)
	at com.kms.katalon.core.webui.keyword.builtin.ClickKeyword$_click_closure1.doCall(ClickKeyword.groovy:69)
	at com.kms.katalon.core.webui.keyword.builtin.ClickKeyword$_click_closure1.call(ClickKeyword.groovy)
	at com.kms.katalon.core.webui.keyword.internal.WebUIKeywordMain.runKeyword(WebUIKeywordMain.groovy:20)
	... 19 more]]></system-err>
      </testcase>
      <testcase name="Test Cases/ADMIN/Content Mgmt/Categories/Category Add-Edit/Add Category" time="14.638" classname="Test Cases/ADMIN/Content Mgmt/Categories/Category Add-Edit/Add Category" status="PASSED">
         <system-out><![CDATA[2020-03-19 14:27:25 - [TEST_CASE][PASSED] - Test Cases/ADMIN/Content Mgmt/Categories/Category Add-Edit/Add Category: Test Cases/ADMIN/Content Mgmt/Categories/Category Add-Edit/Add Category

2020-03-19 14:27:25 - [TEST_STEP][PASSED] - waitForElementVisible(findTestObject("ADMIN/Categories/Category List/button_Content Mgmt"), 0): Object 'Object Repository/ADMIN/Categories/Category List/button_Content Mgmt' is visible

2020-03-19 14:27:25 - [MESSAGE][WARNING] - Timeout '0' is invalid. Using default page load timeout: '30'

2020-03-19 14:27:25 - [MESSAGE][PASSED] - Object 'Object Repository/ADMIN/Categories/Category List/button_Content Mgmt' is visible

2020-03-19 14:27:25 - [TEST_STEP][PASSED] - click(findTestObject("ADMIN/Categories/Category List/button_Content Mgmt")): Object: 'Object Repository/ADMIN/Categories/Category List/button_Content Mgmt' is clicked on

2020-03-19 14:27:25 - [MESSAGE][PASSED] - Object: 'Object Repository/ADMIN/Categories/Category List/button_Content Mgmt' is clicked on

2020-03-19 14:27:25 - [TEST_STEP][PASSED] - waitForElementVisible(findTestObject("ADMIN/Categories/Category List/button_Categories"), 0): Object 'Object Repository/ADMIN/Categories/Category List/button_Categories' is visible

2020-03-19 14:27:25 - [MESSAGE][WARNING] - Timeout '0' is invalid. Using default page load timeout: '30'

2020-03-19 14:27:25 - [MESSAGE][PASSED] - Object 'Object Repository/ADMIN/Categories/Category List/button_Categories' is visible

2020-03-19 14:27:25 - [TEST_STEP][PASSED] - click(findTestObject("ADMIN/Categories/Category List/button_Categories")): Object: 'Object Repository/ADMIN/Categories/Category List/button_Categories' is clicked on

2020-03-19 14:27:25 - [MESSAGE][PASSED] - Object: 'Object Repository/ADMIN/Categories/Category List/button_Categories' is clicked on

2020-03-19 14:27:25 - [TEST_STEP][PASSED] - waitForPageLoad(0, STOP_ON_FAILURE): Wait for page load successfully

2020-03-19 14:27:25 - [MESSAGE][WARNING] - Timeout '0' is invalid. Using default page load timeout: '30'

2020-03-19 14:27:25 - [MESSAGE][PASSED] - Wait for page load successfully

2020-03-19 14:27:25 - [TEST_STEP][PASSED] - click(findTestObject("ADMIN/Categories/Category List/button_Add a Category")): Object: 'Object Repository/ADMIN/Categories/Category List/button_Add a Category' is clicked on

2020-03-19 14:27:25 - [MESSAGE][PASSED] - Object: 'Object Repository/ADMIN/Categories/Category List/button_Add a Category' is clicked on

2020-03-19 14:27:25 - [TEST_STEP][PASSED] - waitForElementPresent(findTestObject("ADMIN/Categories/Category/dropdown_Parent"), 2): Object 'Object Repository/ADMIN/Categories/Category/dropdown_Parent' is present

2020-03-19 14:27:26 - [MESSAGE][PASSED] - Object 'Object Repository/ADMIN/Categories/Category/dropdown_Parent' is present

2020-03-19 14:27:26 - [TEST_STEP][PASSED] - delay(1): Delayed 1 second(s)

2020-03-19 14:27:27 - [MESSAGE][PASSED] - Delayed 1 second(s)

2020-03-19 14:27:27 - [TEST_STEP][PASSED] - setText(findTestObject("ADMIN/Categories/Category/textfield_Category Name"), CategoryNametext): Text 'Category 5.1.10' is set on object 'Object Repository/ADMIN/Categories/Category/textfield_Category Name'

2020-03-19 14:27:27 - [MESSAGE][PASSED] - Text 'Category 5.1.10' is set on object 'Object Repository/ADMIN/Categories/Category/textfield_Category Name'

2020-03-19 14:27:27 - [TEST_STEP][PASSED] - click(findTestObject("ADMIN/Categories/Category/dropdown_Parent")): Object: 'Object Repository/ADMIN/Categories/Category/dropdown_Parent' is clicked on

2020-03-19 14:27:27 - [MESSAGE][PASSED] - Object: 'Object Repository/ADMIN/Categories/Category/dropdown_Parent' is clicked on

2020-03-19 14:27:27 - [TEST_STEP][PASSED] - delay(2): Delayed 2 second(s)

2020-03-19 14:27:29 - [MESSAGE][PASSED] - Delayed 2 second(s)

2020-03-19 14:27:29 - [TEST_STEP][PASSED] - click(findTestObject("ADMIN/Categories/Category/dropdown_Parent")): Object: 'Object Repository/ADMIN/Categories/Category/dropdown_Parent' is clicked on

2020-03-19 14:27:29 - [MESSAGE][PASSED] - Object: 'Object Repository/ADMIN/Categories/Category/dropdown_Parent' is clicked on

2020-03-19 14:27:29 - [TEST_STEP][PASSED] - selectOptionByLabel(findTestObject("ADMIN/Categories/Category/dropdown_Parent"), ParentName, false): All options with label 'Category 5.1' are selected in object 'Object Repository/ADMIN/Categories/Category/dropdown_Parent' 

2020-03-19 14:27:29 - [MESSAGE][PASSED] - All options with label 'Category 5.1' are selected in object 'Object Repository/ADMIN/Categories/Category/dropdown_Parent' 

2020-03-19 14:27:29 - [TEST_STEP][PASSED] - click(findTestObject("ADMIN/Categories/Category/button_Browse")): Object: 'Object Repository/ADMIN/Categories/Category/button_Browse' is clicked on

2020-03-19 14:27:30 - [MESSAGE][PASSED] - Object: 'Object Repository/ADMIN/Categories/Category/button_Browse' is clicked on

2020-03-19 14:27:30 - [TEST_STEP][PASSED] - delay(2): Delayed 2 second(s)

2020-03-19 14:27:32 - [MESSAGE][PASSED] - Delayed 2 second(s)

2020-03-19 14:27:32 - [TEST_STEP][PASSED] - uploadFile(findTestObject("ADMIN/Categories/Category/image_input image"), CategoryImageUpload): File 'C:\\Katalon\\Arctick\\Images\\Category\\5.png' sent to object: 'Object Repository/ADMIN/Categories/Category/image_input image'

2020-03-19 14:27:32 - [MESSAGE][PASSED] - File 'C:\\Katalon\\Arctick\\Images\\Category\\5.png' sent to object: 'Object Repository/ADMIN/Categories/Category/image_input image'

2020-03-19 14:27:32 - [TEST_STEP][PASSED] - waitForElementVisible(findTestObject("ADMIN/Categories/Category/button_upload check"), 0): Object 'Object Repository/ADMIN/Categories/Category/button_upload check' is visible

2020-03-19 14:27:32 - [MESSAGE][WARNING] - Timeout '0' is invalid. Using default page load timeout: '30'

2020-03-19 14:27:32 - [MESSAGE][PASSED] - Object 'Object Repository/ADMIN/Categories/Category/button_upload check' is visible

2020-03-19 14:27:32 - [TEST_STEP][PASSED] - click(findTestObject("ADMIN/Categories/Category/button_upload check")): Object: 'Object Repository/ADMIN/Categories/Category/button_upload check' is clicked on

2020-03-19 14:27:32 - [MESSAGE][PASSED] - Object: 'Object Repository/ADMIN/Categories/Category/button_upload check' is clicked on

2020-03-19 14:27:32 - [TEST_STEP][PASSED] - waitForElementVisible(findTestObject("ADMIN/Categories/Category/button_upload save"), 0): Object 'Object Repository/ADMIN/Categories/Category/button_upload save' is visible

2020-03-19 14:27:32 - [MESSAGE][WARNING] - Timeout '0' is invalid. Using default page load timeout: '30'

2020-03-19 14:27:32 - [MESSAGE][PASSED] - Object 'Object Repository/ADMIN/Categories/Category/button_upload save' is visible

2020-03-19 14:27:32 - [TEST_STEP][PASSED] - click(findTestObject("ADMIN/Categories/Category/button_upload save")): Object: 'Object Repository/ADMIN/Categories/Category/button_upload save' is clicked on

2020-03-19 14:27:33 - [MESSAGE][PASSED] - Object: 'Object Repository/ADMIN/Categories/Category/button_upload save' is clicked on

2020-03-19 14:27:33 - [TEST_STEP][PASSED] - setText(findTestObject("ADMIN/Categories/Category/textfield_category_description"), Description): Text 'Description42' is set on object 'Object Repository/ADMIN/Categories/Category/textfield_category_description'

2020-03-19 14:27:33 - [MESSAGE][PASSED] - Text 'Description42' is set on object 'Object Repository/ADMIN/Categories/Category/textfield_category_description'

2020-03-19 14:27:33 - [TEST_STEP][PASSED] - click(findTestObject("ADMIN/Categories/Category/button_Save")): Object: 'Object Repository/ADMIN/Categories/Category/button_Save' is clicked on

2020-03-19 14:27:33 - [MESSAGE][PASSED] - Object: 'Object Repository/ADMIN/Categories/Category/button_Save' is clicked on

2020-03-19 14:27:33 - [TEST_STEP][PASSED] - waitForElementVisible(findTestObject("ADMIN/Categories/Category/label_edit popup"), 0): Object 'Object Repository/ADMIN/Categories/Category/label_edit popup' is visible

2020-03-19 14:27:33 - [MESSAGE][WARNING] - Timeout '0' is invalid. Using default page load timeout: '30'

2020-03-19 14:27:34 - [MESSAGE][PASSED] - Object 'Object Repository/ADMIN/Categories/Category/label_edit popup' is visible

2020-03-19 14:27:34 - [TEST_STEP][PASSED] - waitForElementNotPresent(findTestObject("ADMIN/Categories/Category/label_edit popup"), 0): Web element with id: 'Object Repository/ADMIN/Categories/Category/label_edit popup' located by 'By.xpath: //div[(text() = 'Category was successfully saved.' or . = 'Category was successfully saved.')]' is not present after '30' second(s)

2020-03-19 14:27:34 - [MESSAGE][WARNING] - Timeout '0' is invalid. Using default page load timeout: '30'

2020-03-19 14:27:39 - [MESSAGE][PASSED] - Web element with id: 'Object Repository/ADMIN/Categories/Category/label_edit popup' located by 'By.xpath: //div[(text() = 'Category was successfully saved.' or . = 'Category was successfully saved.')]' is not present after '30' second(s)]]></system-out>
         <system-err><![CDATA[]]></system-err>
      </testcase>
      <testcase name="Test Cases/ADMIN/Content Mgmt/Categories/Category Add-Edit/Add Category" time="16.19" classname="Test Cases/ADMIN/Content Mgmt/Categories/Category Add-Edit/Add Category" status="PASSED">
         <system-out><![CDATA[2020-03-19 14:27:39 - [TEST_CASE][PASSED] - Test Cases/ADMIN/Content Mgmt/Categories/Category Add-Edit/Add Category: Test Cases/ADMIN/Content Mgmt/Categories/Category Add-Edit/Add Category

2020-03-19 14:27:39 - [TEST_STEP][PASSED] - waitForElementVisible(findTestObject("ADMIN/Categories/Category List/button_Content Mgmt"), 0): Object 'Object Repository/ADMIN/Categories/Category List/button_Content Mgmt' is visible

2020-03-19 14:27:39 - [MESSAGE][WARNING] - Timeout '0' is invalid. Using default page load timeout: '30'

2020-03-19 14:27:39 - [MESSAGE][PASSED] - Object 'Object Repository/ADMIN/Categories/Category List/button_Content Mgmt' is visible

2020-03-19 14:27:39 - [TEST_STEP][PASSED] - click(findTestObject("ADMIN/Categories/Category List/button_Content Mgmt")): Object: 'Object Repository/ADMIN/Categories/Category List/button_Content Mgmt' is clicked on

2020-03-19 14:27:40 - [MESSAGE][PASSED] - Object: 'Object Repository/ADMIN/Categories/Category List/button_Content Mgmt' is clicked on

2020-03-19 14:27:40 - [TEST_STEP][PASSED] - waitForElementVisible(findTestObject("ADMIN/Categories/Category List/button_Categories"), 0): Object 'Object Repository/ADMIN/Categories/Category List/button_Categories' is visible

2020-03-19 14:27:40 - [MESSAGE][WARNING] - Timeout '0' is invalid. Using default page load timeout: '30'

2020-03-19 14:27:40 - [MESSAGE][PASSED] - Object 'Object Repository/ADMIN/Categories/Category List/button_Categories' is visible

2020-03-19 14:27:40 - [TEST_STEP][PASSED] - click(findTestObject("ADMIN/Categories/Category List/button_Categories")): Object: 'Object Repository/ADMIN/Categories/Category List/button_Categories' is clicked on

2020-03-19 14:27:41 - [MESSAGE][PASSED] - Object: 'Object Repository/ADMIN/Categories/Category List/button_Categories' is clicked on

2020-03-19 14:27:41 - [TEST_STEP][PASSED] - waitForPageLoad(0, STOP_ON_FAILURE): Wait for page load successfully

2020-03-19 14:27:41 - [MESSAGE][WARNING] - Timeout '0' is invalid. Using default page load timeout: '30'

2020-03-19 14:27:41 - [MESSAGE][PASSED] - Wait for page load successfully

2020-03-19 14:27:41 - [TEST_STEP][PASSED] - click(findTestObject("ADMIN/Categories/Category List/button_Add a Category")): Object: 'Object Repository/ADMIN/Categories/Category List/button_Add a Category' is clicked on

2020-03-19 14:27:41 - [MESSAGE][PASSED] - Object: 'Object Repository/ADMIN/Categories/Category List/button_Add a Category' is clicked on

2020-03-19 14:27:41 - [TEST_STEP][PASSED] - waitForElementPresent(findTestObject("ADMIN/Categories/Category/dropdown_Parent"), 2): Object 'Object Repository/ADMIN/Categories/Category/dropdown_Parent' is present

2020-03-19 14:27:41 - [MESSAGE][PASSED] - Object 'Object Repository/ADMIN/Categories/Category/dropdown_Parent' is present

2020-03-19 14:27:41 - [TEST_STEP][PASSED] - delay(1): Delayed 1 second(s)

2020-03-19 14:27:42 - [MESSAGE][PASSED] - Delayed 1 second(s)

2020-03-19 14:27:42 - [TEST_STEP][PASSED] - setText(findTestObject("ADMIN/Categories/Category/textfield_Category Name"), CategoryNametext): Text 'Category 5.1.11' is set on object 'Object Repository/ADMIN/Categories/Category/textfield_Category Name'

2020-03-19 14:27:43 - [MESSAGE][PASSED] - Text 'Category 5.1.11' is set on object 'Object Repository/ADMIN/Categories/Category/textfield_Category Name'

2020-03-19 14:27:43 - [TEST_STEP][PASSED] - click(findTestObject("ADMIN/Categories/Category/dropdown_Parent")): Object: 'Object Repository/ADMIN/Categories/Category/dropdown_Parent' is clicked on

2020-03-19 14:27:43 - [MESSAGE][PASSED] - Object: 'Object Repository/ADMIN/Categories/Category/dropdown_Parent' is clicked on

2020-03-19 14:27:43 - [TEST_STEP][PASSED] - delay(2): Delayed 2 second(s)

2020-03-19 14:27:45 - [MESSAGE][PASSED] - Delayed 2 second(s)

2020-03-19 14:27:45 - [TEST_STEP][PASSED] - click(findTestObject("ADMIN/Categories/Category/dropdown_Parent")): Object: 'Object Repository/ADMIN/Categories/Category/dropdown_Parent' is clicked on

2020-03-19 14:27:45 - [MESSAGE][PASSED] - Object: 'Object Repository/ADMIN/Categories/Category/dropdown_Parent' is clicked on

2020-03-19 14:27:45 - [TEST_STEP][PASSED] - selectOptionByLabel(findTestObject("ADMIN/Categories/Category/dropdown_Parent"), ParentName, false): All options with label 'Category 5.1' are selected in object 'Object Repository/ADMIN/Categories/Category/dropdown_Parent' 

2020-03-19 14:27:45 - [MESSAGE][PASSED] - All options with label 'Category 5.1' are selected in object 'Object Repository/ADMIN/Categories/Category/dropdown_Parent' 

2020-03-19 14:27:45 - [TEST_STEP][PASSED] - click(findTestObject("ADMIN/Categories/Category/button_Browse")): Object: 'Object Repository/ADMIN/Categories/Category/button_Browse' is clicked on

2020-03-19 14:27:46 - [MESSAGE][PASSED] - Object: 'Object Repository/ADMIN/Categories/Category/button_Browse' is clicked on

2020-03-19 14:27:46 - [TEST_STEP][PASSED] - delay(2): Delayed 2 second(s)

2020-03-19 14:27:48 - [MESSAGE][PASSED] - Delayed 2 second(s)

2020-03-19 14:27:48 - [TEST_STEP][PASSED] - uploadFile(findTestObject("ADMIN/Categories/Category/image_input image"), CategoryImageUpload): File 'C:\\Katalon\\Arctick\\Images\\Category\\5.png' sent to object: 'Object Repository/ADMIN/Categories/Category/image_input image'

2020-03-19 14:27:48 - [MESSAGE][PASSED] - File 'C:\\Katalon\\Arctick\\Images\\Category\\5.png' sent to object: 'Object Repository/ADMIN/Categories/Category/image_input image'

2020-03-19 14:27:48 - [TEST_STEP][PASSED] - waitForElementVisible(findTestObject("ADMIN/Categories/Category/button_upload check"), 0): Object 'Object Repository/ADMIN/Categories/Category/button_upload check' is visible

2020-03-19 14:27:48 - [MESSAGE][WARNING] - Timeout '0' is invalid. Using default page load timeout: '30'

2020-03-19 14:27:48 - [MESSAGE][PASSED] - Object 'Object Repository/ADMIN/Categories/Category/button_upload check' is visible

2020-03-19 14:27:48 - [TEST_STEP][PASSED] - click(findTestObject("ADMIN/Categories/Category/button_upload check")): Object: 'Object Repository/ADMIN/Categories/Category/button_upload check' is clicked on

2020-03-19 14:27:48 - [MESSAGE][PASSED] - Object: 'Object Repository/ADMIN/Categories/Category/button_upload check' is clicked on

2020-03-19 14:27:48 - [TEST_STEP][PASSED] - waitForElementVisible(findTestObject("ADMIN/Categories/Category/button_upload save"), 0): Object 'Object Repository/ADMIN/Categories/Category/button_upload save' is visible

2020-03-19 14:27:48 - [MESSAGE][WARNING] - Timeout '0' is invalid. Using default page load timeout: '30'

2020-03-19 14:27:48 - [MESSAGE][PASSED] - Object 'Object Repository/ADMIN/Categories/Category/button_upload save' is visible

2020-03-19 14:27:48 - [TEST_STEP][PASSED] - click(findTestObject("ADMIN/Categories/Category/button_upload save")): Object: 'Object Repository/ADMIN/Categories/Category/button_upload save' is clicked on

2020-03-19 14:27:48 - [MESSAGE][PASSED] - Object: 'Object Repository/ADMIN/Categories/Category/button_upload save' is clicked on

2020-03-19 14:27:48 - [TEST_STEP][PASSED] - setText(findTestObject("ADMIN/Categories/Category/textfield_category_description"), Description): Text 'Description43' is set on object 'Object Repository/ADMIN/Categories/Category/textfield_category_description'

2020-03-19 14:27:49 - [MESSAGE][PASSED] - Text 'Description43' is set on object 'Object Repository/ADMIN/Categories/Category/textfield_category_description'

2020-03-19 14:27:49 - [TEST_STEP][PASSED] - click(findTestObject("ADMIN/Categories/Category/button_Save")): Object: 'Object Repository/ADMIN/Categories/Category/button_Save' is clicked on

2020-03-19 14:27:49 - [MESSAGE][PASSED] - Object: 'Object Repository/ADMIN/Categories/Category/button_Save' is clicked on

2020-03-19 14:27:49 - [TEST_STEP][PASSED] - waitForElementVisible(findTestObject("ADMIN/Categories/Category/label_edit popup"), 0): Object 'Object Repository/ADMIN/Categories/Category/label_edit popup' is visible

2020-03-19 14:27:49 - [MESSAGE][WARNING] - Timeout '0' is invalid. Using default page load timeout: '30'

2020-03-19 14:27:49 - [MESSAGE][PASSED] - Object 'Object Repository/ADMIN/Categories/Category/label_edit popup' is visible

2020-03-19 14:27:49 - [TEST_STEP][PASSED] - waitForElementNotPresent(findTestObject("ADMIN/Categories/Category/label_edit popup"), 0): Web element with id: 'Object Repository/ADMIN/Categories/Category/label_edit popup' located by 'By.xpath: //div[(text() = 'Category was successfully saved.' or . = 'Category was successfully saved.')]' is not present after '30' second(s)

2020-03-19 14:27:49 - [MESSAGE][WARNING] - Timeout '0' is invalid. Using default page load timeout: '30'

2020-03-19 14:27:56 - [MESSAGE][PASSED] - Web element with id: 'Object Repository/ADMIN/Categories/Category/label_edit popup' located by 'By.xpath: //div[(text() = 'Category was successfully saved.' or . = 'Category was successfully saved.')]' is not present after '30' second(s)]]></system-out>
         <system-err><![CDATA[]]></system-err>
      </testcase>
      <testcase name="Test Cases/ADMIN/Content Mgmt/Categories/Category Add-Edit/Add Category" time="14.543" classname="Test Cases/ADMIN/Content Mgmt/Categories/Category Add-Edit/Add Category" status="FAILED">
         <failure type="FAILED" message="Test Cases/ADMIN/Content Mgmt/Categories/Category Add-Edit/Add Category FAILED.
Reason:
com.kms.katalon.core.exception.StepFailedException: Unable to click on object 'Object Repository/ADMIN/Categories/Category List/button_Categories' (Root cause: com.kms.katalon.core.exception.StepFailedException: Unable to click on object 'Object Repository/ADMIN/Categories/Category List/button_Categories'
	at com.kms.katalon.core.webui.keyword.internal.WebUIKeywordMain.stepFailed(WebUIKeywordMain.groovy:64)
	at com.kms.katalon.core.webui.keyword.internal.WebUIKeywordMain.runKeyword(WebUIKeywordMain.groovy:26)
	at com.kms.katalon.core.webui.keyword.builtin.ClickKeyword.click(ClickKeyword.groovy:76)
	at com.kms.katalon.core.webui.keyword.builtin.ClickKeyword.execute(ClickKeyword.groovy:43)
	at com.kms.katalon.core.keyword.internal.KeywordExecutor.executeKeywordForPlatform(KeywordExecutor.groovy:72)
	at com.kms.katalon.core.webui.keyword.WebUiBuiltInKeywords.click(WebUiBuiltInKeywords.groovy:616)
	at com.kms.katalon.core.webui.keyword.WebUiBuiltInKeywords$click$0.call(Unknown Source)
	at Add Category.run(Add Category:28)
	at com.kms.katalon.core.main.ScriptEngine.run(ScriptEngine.java:194)
	at com.kms.katalon.core.main.ScriptEngine.runScriptAsRawText(ScriptEngine.java:119)
	at com.kms.katalon.core.main.TestCaseExecutor.runScript(TestCaseExecutor.java:337)
	at com.kms.katalon.core.main.TestCaseExecutor.doExecute(TestCaseExecutor.java:328)
	at com.kms.katalon.core.main.TestCaseExecutor.processExecutionPhase(TestCaseExecutor.java:307)
	at com.kms.katalon.core.main.TestCaseExecutor.accessMainPhase(TestCaseExecutor.java:299)
	at com.kms.katalon.core.main.TestCaseExecutor.execute(TestCaseExecutor.java:233)
	at com.kms.katalon.core.main.TestSuiteExecutor.accessTestCaseMainPhase(TestSuiteExecutor.java:169)
	at com.kms.katalon.core.main.TestSuiteExecutor.accessTestSuiteMainPhase(TestSuiteExecutor.java:142)
	at com.kms.katalon.core.main.TestSuiteExecutor.execute(TestSuiteExecutor.java:91)
	at com.kms.katalon.core.main.TestCaseMain.startTestSuite(TestCaseMain.java:157)
	at com.kms.katalon.core.main.TestCaseMain$startTestSuite$0.call(Unknown Source)
	at TempTestSuite1584598607274.run(TempTestSuite1584598607274.groovy:36)
Caused by: org.openqa.selenium.ElementNotInteractableException: element not interactable
  (Session info: chrome=80.0.3987.132)
Build info: version: '3.141.59', revision: 'e82be7d358', time: '2018-11-14T08:25:53'
System info: host: 'ARCADIER-03', ip: '192.168.254.105', os.name: 'Windows 7', os.arch: 'amd64', os.version: '6.1', java.version: '1.8.0_181'
Driver info: com.kms.katalon.core.webui.driver.ExistingRemoteWebDriver
Capabilities {javascriptEnabled: true, platform: ANY, platformName: ANY}
Session ID: 66da7635ded2d355388026ca8e7d8eff
	at org.openqa.selenium.remote.http.W3CHttpResponseCodec.createException(W3CHttpResponseCodec.java:187)
	at org.openqa.selenium.remote.http.W3CHttpResponseCodec.decode(W3CHttpResponseCodec.java:122)
	at org.openqa.selenium.remote.http.W3CHttpResponseCodec.decode(W3CHttpResponseCodec.java:49)
	at org.openqa.selenium.remote.HttpCommandExecutor.execute(HttpCommandExecutor.java:158)
	at org.openqa.selenium.remote.RemoteWebDriver.execute(RemoteWebDriver.java:552)
	at com.kms.katalon.core.webui.driver.ExistingRemoteWebDriver.execute(ExistingRemoteWebDriver.java:108)
	at org.openqa.selenium.remote.RemoteWebElement.execute(RemoteWebElement.java:285)
	at org.openqa.selenium.remote.RemoteWebElement.click(RemoteWebElement.java:84)
	at org.openqa.selenium.support.events.EventFiringWebDriver$EventFiringWebElement.lambda$new$0(EventFiringWebDriver.java:404)
	at com.sun.proxy.$Proxy9.click(Unknown Source)
	at org.openqa.selenium.support.events.EventFiringWebDriver$EventFiringWebElement.click(EventFiringWebDriver.java:417)
	at com.kms.katalon.core.webui.keyword.builtin.ClickKeyword$_click_closure1.doCall(ClickKeyword.groovy:69)
	at com.kms.katalon.core.webui.keyword.builtin.ClickKeyword$_click_closure1.call(ClickKeyword.groovy)
	at com.kms.katalon.core.webui.keyword.internal.WebUIKeywordMain.runKeyword(WebUIKeywordMain.groovy:20)
	at com.kms.katalon.core.webui.keyword.builtin.ClickKeyword.click(ClickKeyword.groovy:76)
	at com.kms.katalon.core.webui.keyword.builtin.ClickKeyword.execute(ClickKeyword.groovy:43)
	at com.kms.katalon.core.keyword.internal.KeywordExecutor.executeKeywordForPlatform(KeywordExecutor.groovy:72)
	at com.kms.katalon.core.webui.keyword.WebUiBuiltInKeywords.click(WebUiBuiltInKeywords.groovy:616)
	at com.kms.katalon.core.webui.keyword.WebUiBuiltInKeywords$click$0.call(Unknown Source)
	at Script1549506362832.run(Script1549506362832.groovy:28)
	... 13 more
)
	at com.kms.katalon.core.keyword.internal.KeywordMain.stepFailed(KeywordMain.groovy:39)
	at com.kms.katalon.core.webui.keyword.internal.WebUIKeywordMain.stepFailed(WebUIKeywordMain.groovy:64)
	at com.kms.katalon.core.webui.keyword.internal.WebUIKeywordMain.runKeyword(WebUIKeywordMain.groovy:26)
	at com.kms.katalon.core.webui.keyword.builtin.ClickKeyword.click(ClickKeyword.groovy:76)
	at com.kms.katalon.core.webui.keyword.builtin.ClickKeyword.execute(ClickKeyword.groovy:43)
	at com.kms.katalon.core.keyword.internal.KeywordExecutor.executeKeywordForPlatform(KeywordExecutor.groovy:72)
	at com.kms.katalon.core.webui.keyword.WebUiBuiltInKeywords.click(WebUiBuiltInKeywords.groovy:616)
	at com.kms.katalon.core.webui.keyword.WebUiBuiltInKeywords$click$0.call(Unknown Source)
	at Add Category.run(Add Category:28)
	at com.kms.katalon.core.main.ScriptEngine.run(ScriptEngine.java:194)
	at com.kms.katalon.core.main.ScriptEngine.runScriptAsRawText(ScriptEngine.java:119)
	at com.kms.katalon.core.main.TestCaseExecutor.runScript(TestCaseExecutor.java:337)
	at com.kms.katalon.core.main.TestCaseExecutor.doExecute(TestCaseExecutor.java:328)
	at com.kms.katalon.core.main.TestCaseExecutor.processExecutionPhase(TestCaseExecutor.java:307)
	at com.kms.katalon.core.main.TestCaseExecutor.accessMainPhase(TestCaseExecutor.java:299)
	at com.kms.katalon.core.main.TestCaseExecutor.execute(TestCaseExecutor.java:233)
	at com.kms.katalon.core.main.TestSuiteExecutor.accessTestCaseMainPhase(TestSuiteExecutor.java:169)
	at com.kms.katalon.core.main.TestSuiteExecutor.accessTestSuiteMainPhase(TestSuiteExecutor.java:142)
	at com.kms.katalon.core.main.TestSuiteExecutor.execute(TestSuiteExecutor.java:91)
	at com.kms.katalon.core.main.TestCaseMain.startTestSuite(TestCaseMain.java:157)
	at com.kms.katalon.core.main.TestCaseMain$startTestSuite$0.call(Unknown Source)
	at TempTestSuite1584598607274.run(TempTestSuite1584598607274.groovy:36)
Caused by: com.kms.katalon.core.exception.StepFailedException: Unable to click on object 'Object Repository/ADMIN/Categories/Category List/button_Categories'
	... 21 more
Caused by: org.openqa.selenium.ElementNotInteractableException: element not interactable
  (Session info: chrome=80.0.3987.132)
Build info: version: '3.141.59', revision: 'e82be7d358', time: '2018-11-14T08:25:53'
System info: host: 'ARCADIER-03', ip: '192.168.254.105', os.name: 'Windows 7', os.arch: 'amd64', os.version: '6.1', java.version: '1.8.0_181'
Driver info: com.kms.katalon.core.webui.driver.ExistingRemoteWebDriver
Capabilities {javascriptEnabled: true, platform: ANY, platformName: ANY}
Session ID: 66da7635ded2d355388026ca8e7d8eff
	at org.openqa.selenium.remote.http.W3CHttpResponseCodec.createException(W3CHttpResponseCodec.java:187)
	at org.openqa.selenium.remote.http.W3CHttpResponseCodec.decode(W3CHttpResponseCodec.java:122)
	at org.openqa.selenium.remote.http.W3CHttpResponseCodec.decode(W3CHttpResponseCodec.java:49)
	at org.openqa.selenium.remote.HttpCommandExecutor.execute(HttpCommandExecutor.java:158)
	at org.openqa.selenium.remote.RemoteWebDriver.execute(RemoteWebDriver.java:552)
	at com.kms.katalon.core.webui.driver.ExistingRemoteWebDriver.execute(ExistingRemoteWebDriver.java:108)
	at org.openqa.selenium.remote.RemoteWebElement.execute(RemoteWebElement.java:285)
	at org.openqa.selenium.remote.RemoteWebElement.click(RemoteWebElement.java:84)
	at org.openqa.selenium.support.events.EventFiringWebDriver$EventFiringWebElement.lambda$new$0(EventFiringWebDriver.java:404)
	at com.sun.proxy.$Proxy9.click(Unknown Source)
	at org.openqa.selenium.support.events.EventFiringWebDriver$EventFiringWebElement.click(EventFiringWebDriver.java:417)
	at com.kms.katalon.core.webui.keyword.builtin.ClickKeyword$_click_closure1.doCall(ClickKeyword.groovy:69)
	at com.kms.katalon.core.webui.keyword.builtin.ClickKeyword$_click_closure1.call(ClickKeyword.groovy)
	at com.kms.katalon.core.webui.keyword.internal.WebUIKeywordMain.runKeyword(WebUIKeywordMain.groovy:20)
	... 19 more
"/>
         <system-out><![CDATA[2020-03-19 14:27:56 - [TEST_CASE][FAILED] - Test Cases/ADMIN/Content Mgmt/Categories/Category Add-Edit/Add Category: Test Cases/ADMIN/Content Mgmt/Categories/Category Add-Edit/Add Category FAILED.
Reason:
com.kms.katalon.core.exception.StepFailedException: Unable to click on object 'Object Repository/ADMIN/Categories/Category List/button_Categories' (Root cause: com.kms.katalon.core.exception.StepFailedException: Unable to click on object 'Object Repository/ADMIN/Categories/Category List/button_Categories'
	at com.kms.katalon.core.webui.keyword.internal.WebUIKeywordMain.stepFailed(WebUIKeywordMain.groovy:64)
	at com.kms.katalon.core.webui.keyword.internal.WebUIKeywordMain.runKeyword(WebUIKeywordMain.groovy:26)
	at com.kms.katalon.core.webui.keyword.builtin.ClickKeyword.click(ClickKeyword.groovy:76)
	at com.kms.katalon.core.webui.keyword.builtin.ClickKeyword.execute(ClickKeyword.groovy:43)
	at com.kms.katalon.core.keyword.internal.KeywordExecutor.executeKeywordForPlatform(KeywordExecutor.groovy:72)
	at com.kms.katalon.core.webui.keyword.WebUiBuiltInKeywords.click(WebUiBuiltInKeywords.groovy:616)
	at com.kms.katalon.core.webui.keyword.WebUiBuiltInKeywords$click$0.call(Unknown Source)
	at Add Category.run(Add Category:28)
	at com.kms.katalon.core.main.ScriptEngine.run(ScriptEngine.java:194)
	at com.kms.katalon.core.main.ScriptEngine.runScriptAsRawText(ScriptEngine.java:119)
	at com.kms.katalon.core.main.TestCaseExecutor.runScript(TestCaseExecutor.java:337)
	at com.kms.katalon.core.main.TestCaseExecutor.doExecute(TestCaseExecutor.java:328)
	at com.kms.katalon.core.main.TestCaseExecutor.processExecutionPhase(TestCaseExecutor.java:307)
	at com.kms.katalon.core.main.TestCaseExecutor.accessMainPhase(TestCaseExecutor.java:299)
	at com.kms.katalon.core.main.TestCaseExecutor.execute(TestCaseExecutor.java:233)
	at com.kms.katalon.core.main.TestSuiteExecutor.accessTestCaseMainPhase(TestSuiteExecutor.java:169)
	at com.kms.katalon.core.main.TestSuiteExecutor.accessTestSuiteMainPhase(TestSuiteExecutor.java:142)
	at com.kms.katalon.core.main.TestSuiteExecutor.execute(TestSuiteExecutor.java:91)
	at com.kms.katalon.core.main.TestCaseMain.startTestSuite(TestCaseMain.java:157)
	at com.kms.katalon.core.main.TestCaseMain$startTestSuite$0.call(Unknown Source)
	at TempTestSuite1584598607274.run(TempTestSuite1584598607274.groovy:36)
Caused by: org.openqa.selenium.ElementNotInteractableException: element not interactable
  (Session info: chrome=80.0.3987.132)
Build info: version: '3.141.59', revision: 'e82be7d358', time: '2018-11-14T08:25:53'
System info: host: 'ARCADIER-03', ip: '192.168.254.105', os.name: 'Windows 7', os.arch: 'amd64', os.version: '6.1', java.version: '1.8.0_181'
Driver info: com.kms.katalon.core.webui.driver.ExistingRemoteWebDriver
Capabilities {javascriptEnabled: true, platform: ANY, platformName: ANY}
Session ID: 66da7635ded2d355388026ca8e7d8eff
	at org.openqa.selenium.remote.http.W3CHttpResponseCodec.createException(W3CHttpResponseCodec.java:187)
	at org.openqa.selenium.remote.http.W3CHttpResponseCodec.decode(W3CHttpResponseCodec.java:122)
	at org.openqa.selenium.remote.http.W3CHttpResponseCodec.decode(W3CHttpResponseCodec.java:49)
	at org.openqa.selenium.remote.HttpCommandExecutor.execute(HttpCommandExecutor.java:158)
	at org.openqa.selenium.remote.RemoteWebDriver.execute(RemoteWebDriver.java:552)
	at com.kms.katalon.core.webui.driver.ExistingRemoteWebDriver.execute(ExistingRemoteWebDriver.java:108)
	at org.openqa.selenium.remote.RemoteWebElement.execute(RemoteWebElement.java:285)
	at org.openqa.selenium.remote.RemoteWebElement.click(RemoteWebElement.java:84)
	at org.openqa.selenium.support.events.EventFiringWebDriver$EventFiringWebElement.lambda$new$0(EventFiringWebDriver.java:404)
	at com.sun.proxy.$Proxy9.click(Unknown Source)
	at org.openqa.selenium.support.events.EventFiringWebDriver$EventFiringWebElement.click(EventFiringWebDriver.java:417)
	at com.kms.katalon.core.webui.keyword.builtin.ClickKeyword$_click_closure1.doCall(ClickKeyword.groovy:69)
	at com.kms.katalon.core.webui.keyword.builtin.ClickKeyword$_click_closure1.call(ClickKeyword.groovy)
	at com.kms.katalon.core.webui.keyword.internal.WebUIKeywordMain.runKeyword(WebUIKeywordMain.groovy:20)
	at com.kms.katalon.core.webui.keyword.builtin.ClickKeyword.click(ClickKeyword.groovy:76)
	at com.kms.katalon.core.webui.keyword.builtin.ClickKeyword.execute(ClickKeyword.groovy:43)
	at com.kms.katalon.core.keyword.internal.KeywordExecutor.executeKeywordForPlatform(KeywordExecutor.groovy:72)
	at com.kms.katalon.core.webui.keyword.WebUiBuiltInKeywords.click(WebUiBuiltInKeywords.groovy:616)
	at com.kms.katalon.core.webui.keyword.WebUiBuiltInKeywords$click$0.call(Unknown Source)
	at Script1549506362832.run(Script1549506362832.groovy:28)
	... 13 more
)
	at com.kms.katalon.core.keyword.internal.KeywordMain.stepFailed(KeywordMain.groovy:39)
	at com.kms.katalon.core.webui.keyword.internal.WebUIKeywordMain.stepFailed(WebUIKeywordMain.groovy:64)
	at com.kms.katalon.core.webui.keyword.internal.WebUIKeywordMain.runKeyword(WebUIKeywordMain.groovy:26)
	at com.kms.katalon.core.webui.keyword.builtin.ClickKeyword.click(ClickKeyword.groovy:76)
	at com.kms.katalon.core.webui.keyword.builtin.ClickKeyword.execute(ClickKeyword.groovy:43)
	at com.kms.katalon.core.keyword.internal.KeywordExecutor.executeKeywordForPlatform(KeywordExecutor.groovy:72)
	at com.kms.katalon.core.webui.keyword.WebUiBuiltInKeywords.click(WebUiBuiltInKeywords.groovy:616)
	at com.kms.katalon.core.webui.keyword.WebUiBuiltInKeywords$click$0.call(Unknown Source)
	at Add Category.run(Add Category:28)
	at com.kms.katalon.core.main.ScriptEngine.run(ScriptEngine.java:194)
	at com.kms.katalon.core.main.ScriptEngine.runScriptAsRawText(ScriptEngine.java:119)
	at com.kms.katalon.core.main.TestCaseExecutor.runScript(TestCaseExecutor.java:337)
	at com.kms.katalon.core.main.TestCaseExecutor.doExecute(TestCaseExecutor.java:328)
	at com.kms.katalon.core.main.TestCaseExecutor.processExecutionPhase(TestCaseExecutor.java:307)
	at com.kms.katalon.core.main.TestCaseExecutor.accessMainPhase(TestCaseExecutor.java:299)
	at com.kms.katalon.core.main.TestCaseExecutor.execute(TestCaseExecutor.java:233)
	at com.kms.katalon.core.main.TestSuiteExecutor.accessTestCaseMainPhase(TestSuiteExecutor.java:169)
	at com.kms.katalon.core.main.TestSuiteExecutor.accessTestSuiteMainPhase(TestSuiteExecutor.java:142)
	at com.kms.katalon.core.main.TestSuiteExecutor.execute(TestSuiteExecutor.java:91)
	at com.kms.katalon.core.main.TestCaseMain.startTestSuite(TestCaseMain.java:157)
	at com.kms.katalon.core.main.TestCaseMain$startTestSuite$0.call(Unknown Source)
	at TempTestSuite1584598607274.run(TempTestSuite1584598607274.groovy:36)
Caused by: com.kms.katalon.core.exception.StepFailedException: Unable to click on object 'Object Repository/ADMIN/Categories/Category List/button_Categories'
	... 21 more
Caused by: org.openqa.selenium.ElementNotInteractableException: element not interactable
  (Session info: chrome=80.0.3987.132)
Build info: version: '3.141.59', revision: 'e82be7d358', time: '2018-11-14T08:25:53'
System info: host: 'ARCADIER-03', ip: '192.168.254.105', os.name: 'Windows 7', os.arch: 'amd64', os.version: '6.1', java.version: '1.8.0_181'
Driver info: com.kms.katalon.core.webui.driver.ExistingRemoteWebDriver
Capabilities {javascriptEnabled: true, platform: ANY, platformName: ANY}
Session ID: 66da7635ded2d355388026ca8e7d8eff
	at org.openqa.selenium.remote.http.W3CHttpResponseCodec.createException(W3CHttpResponseCodec.java:187)
	at org.openqa.selenium.remote.http.W3CHttpResponseCodec.decode(W3CHttpResponseCodec.java:122)
	at org.openqa.selenium.remote.http.W3CHttpResponseCodec.decode(W3CHttpResponseCodec.java:49)
	at org.openqa.selenium.remote.HttpCommandExecutor.execute(HttpCommandExecutor.java:158)
	at org.openqa.selenium.remote.RemoteWebDriver.execute(RemoteWebDriver.java:552)
	at com.kms.katalon.core.webui.driver.ExistingRemoteWebDriver.execute(ExistingRemoteWebDriver.java:108)
	at org.openqa.selenium.remote.RemoteWebElement.execute(RemoteWebElement.java:285)
	at org.openqa.selenium.remote.RemoteWebElement.click(RemoteWebElement.java:84)
	at org.openqa.selenium.support.events.EventFiringWebDriver$EventFiringWebElement.lambda$new$0(EventFiringWebDriver.java:404)
	at com.sun.proxy.$Proxy9.click(Unknown Source)
	at org.openqa.selenium.support.events.EventFiringWebDriver$EventFiringWebElement.click(EventFiringWebDriver.java:417)
	at com.kms.katalon.core.webui.keyword.builtin.ClickKeyword$_click_closure1.doCall(ClickKeyword.groovy:69)
	at com.kms.katalon.core.webui.keyword.builtin.ClickKeyword$_click_closure1.call(ClickKeyword.groovy)
	at com.kms.katalon.core.webui.keyword.internal.WebUIKeywordMain.runKeyword(WebUIKeywordMain.groovy:20)
	... 19 more


2020-03-19 14:27:56 - [TEST_STEP][PASSED] - waitForElementVisible(findTestObject("ADMIN/Categories/Category List/button_Content Mgmt"), 0): Object 'Object Repository/ADMIN/Categories/Category List/button_Content Mgmt' is visible

2020-03-19 14:27:56 - [MESSAGE][WARNING] - Timeout '0' is invalid. Using default page load timeout: '30'

2020-03-19 14:27:56 - [MESSAGE][PASSED] - Object 'Object Repository/ADMIN/Categories/Category List/button_Content Mgmt' is visible

2020-03-19 14:27:56 - [TEST_STEP][PASSED] - click(findTestObject("ADMIN/Categories/Category List/button_Content Mgmt")): Object: 'Object Repository/ADMIN/Categories/Category List/button_Content Mgmt' is clicked on

2020-03-19 14:27:56 - [MESSAGE][PASSED] - Object: 'Object Repository/ADMIN/Categories/Category List/button_Content Mgmt' is clicked on

2020-03-19 14:27:56 - [TEST_STEP][PASSED] - waitForElementVisible(findTestObject("ADMIN/Categories/Category List/button_Categories"), 0): Object 'Object Repository/ADMIN/Categories/Category List/button_Categories' is visible

2020-03-19 14:27:56 - [MESSAGE][WARNING] - Timeout '0' is invalid. Using default page load timeout: '30'

2020-03-19 14:27:56 - [MESSAGE][PASSED] - Object 'Object Repository/ADMIN/Categories/Category List/button_Categories' is visible

2020-03-19 14:27:56 - [TEST_STEP][FAILED] - click(findTestObject("ADMIN/Categories/Category List/button_Categories")): Unable to click on object 'Object Repository/ADMIN/Categories/Category List/button_Categories' (Root cause: com.kms.katalon.core.exception.StepFailedException: Unable to click on object 'Object Repository/ADMIN/Categories/Category List/button_Categories'
	at com.kms.katalon.core.webui.keyword.internal.WebUIKeywordMain.stepFailed(WebUIKeywordMain.groovy:64)
	at com.kms.katalon.core.webui.keyword.internal.WebUIKeywordMain.runKeyword(WebUIKeywordMain.groovy:26)
	at com.kms.katalon.core.webui.keyword.builtin.ClickKeyword.click(ClickKeyword.groovy:76)
	at com.kms.katalon.core.webui.keyword.builtin.ClickKeyword.execute(ClickKeyword.groovy:43)
	at com.kms.katalon.core.keyword.internal.KeywordExecutor.executeKeywordForPlatform(KeywordExecutor.groovy:72)
	at com.kms.katalon.core.webui.keyword.WebUiBuiltInKeywords.click(WebUiBuiltInKeywords.groovy:616)
	at com.kms.katalon.core.webui.keyword.WebUiBuiltInKeywords$click$0.call(Unknown Source)
	at Add Category.run(Add Category:28)
	at com.kms.katalon.core.main.ScriptEngine.run(ScriptEngine.java:194)
	at com.kms.katalon.core.main.ScriptEngine.runScriptAsRawText(ScriptEngine.java:119)
	at com.kms.katalon.core.main.TestCaseExecutor.runScript(TestCaseExecutor.java:337)
	at com.kms.katalon.core.main.TestCaseExecutor.doExecute(TestCaseExecutor.java:328)
	at com.kms.katalon.core.main.TestCaseExecutor.processExecutionPhase(TestCaseExecutor.java:307)
	at com.kms.katalon.core.main.TestCaseExecutor.accessMainPhase(TestCaseExecutor.java:299)
	at com.kms.katalon.core.main.TestCaseExecutor.execute(TestCaseExecutor.java:233)
	at com.kms.katalon.core.main.TestSuiteExecutor.accessTestCaseMainPhase(TestSuiteExecutor.java:169)
	at com.kms.katalon.core.main.TestSuiteExecutor.accessTestSuiteMainPhase(TestSuiteExecutor.java:142)
	at com.kms.katalon.core.main.TestSuiteExecutor.execute(TestSuiteExecutor.java:91)
	at com.kms.katalon.core.main.TestCaseMain.startTestSuite(TestCaseMain.java:157)
	at com.kms.katalon.core.main.TestCaseMain$startTestSuite$0.call(Unknown Source)
	at TempTestSuite1584598607274.run(TempTestSuite1584598607274.groovy:36)
Caused by: org.openqa.selenium.ElementNotInteractableException: element not interactable
  (Session info: chrome=80.0.3987.132)
Build info: version: '3.141.59', revision: 'e82be7d358', time: '2018-11-14T08:25:53'
System info: host: 'ARCADIER-03', ip: '192.168.254.105', os.name: 'Windows 7', os.arch: 'amd64', os.version: '6.1', java.version: '1.8.0_181'
Driver info: com.kms.katalon.core.webui.driver.ExistingRemoteWebDriver
Capabilities {javascriptEnabled: true, platform: ANY, platformName: ANY}
Session ID: 66da7635ded2d355388026ca8e7d8eff
	at org.openqa.selenium.remote.http.W3CHttpResponseCodec.createException(W3CHttpResponseCodec.java:187)
	at org.openqa.selenium.remote.http.W3CHttpResponseCodec.decode(W3CHttpResponseCodec.java:122)
	at org.openqa.selenium.remote.http.W3CHttpResponseCodec.decode(W3CHttpResponseCodec.java:49)
	at org.openqa.selenium.remote.HttpCommandExecutor.execute(HttpCommandExecutor.java:158)
	at org.openqa.selenium.remote.RemoteWebDriver.execute(RemoteWebDriver.java:552)
	at com.kms.katalon.core.webui.driver.ExistingRemoteWebDriver.execute(ExistingRemoteWebDriver.java:108)
	at org.openqa.selenium.remote.RemoteWebElement.execute(RemoteWebElement.java:285)
	at org.openqa.selenium.remote.RemoteWebElement.click(RemoteWebElement.java:84)
	at org.openqa.selenium.support.events.EventFiringWebDriver$EventFiringWebElement.lambda$new$0(EventFiringWebDriver.java:404)
	at com.sun.proxy.$Proxy9.click(Unknown Source)
	at org.openqa.selenium.support.events.EventFiringWebDriver$EventFiringWebElement.click(EventFiringWebDriver.java:417)
	at com.kms.katalon.core.webui.keyword.builtin.ClickKeyword$_click_closure1.doCall(ClickKeyword.groovy:69)
	at com.kms.katalon.core.webui.keyword.builtin.ClickKeyword$_click_closure1.call(ClickKeyword.groovy)
	at com.kms.katalon.core.webui.keyword.internal.WebUIKeywordMain.runKeyword(WebUIKeywordMain.groovy:20)
	at com.kms.katalon.core.webui.keyword.builtin.ClickKeyword.click(ClickKeyword.groovy:76)
	at com.kms.katalon.core.webui.keyword.builtin.ClickKeyword.execute(ClickKeyword.groovy:43)
	at com.kms.katalon.core.keyword.internal.KeywordExecutor.executeKeywordForPlatform(KeywordExecutor.groovy:72)
	at com.kms.katalon.core.webui.keyword.WebUiBuiltInKeywords.click(WebUiBuiltInKeywords.groovy:616)
	at com.kms.katalon.core.webui.keyword.WebUiBuiltInKeywords$click$0.call(Unknown Source)
	at Script1549506362832.run(Script1549506362832.groovy:28)
	... 13 more
)

2020-03-19 14:27:56 - [MESSAGE][FAILED] - Unable to click on object 'Object Repository/ADMIN/Categories/Category List/button_Categories' (Root cause: com.kms.katalon.core.exception.StepFailedException: Unable to click on object 'Object Repository/ADMIN/Categories/Category List/button_Categories'
	at com.kms.katalon.core.webui.keyword.internal.WebUIKeywordMain.stepFailed(WebUIKeywordMain.groovy:64)
	at com.kms.katalon.core.webui.keyword.internal.WebUIKeywordMain.runKeyword(WebUIKeywordMain.groovy:26)
	at com.kms.katalon.core.webui.keyword.builtin.ClickKeyword.click(ClickKeyword.groovy:76)
	at com.kms.katalon.core.webui.keyword.builtin.ClickKeyword.execute(ClickKeyword.groovy:43)
	at com.kms.katalon.core.keyword.internal.KeywordExecutor.executeKeywordForPlatform(KeywordExecutor.groovy:72)
	at com.kms.katalon.core.webui.keyword.WebUiBuiltInKeywords.click(WebUiBuiltInKeywords.groovy:616)
	at com.kms.katalon.core.webui.keyword.WebUiBuiltInKeywords$click$0.call(Unknown Source)
	at Add Category.run(Add Category:28)
	at com.kms.katalon.core.main.ScriptEngine.run(ScriptEngine.java:194)
	at com.kms.katalon.core.main.ScriptEngine.runScriptAsRawText(ScriptEngine.java:119)
	at com.kms.katalon.core.main.TestCaseExecutor.runScript(TestCaseExecutor.java:337)
	at com.kms.katalon.core.main.TestCaseExecutor.doExecute(TestCaseExecutor.java:328)
	at com.kms.katalon.core.main.TestCaseExecutor.processExecutionPhase(TestCaseExecutor.java:307)
	at com.kms.katalon.core.main.TestCaseExecutor.accessMainPhase(TestCaseExecutor.java:299)
	at com.kms.katalon.core.main.TestCaseExecutor.execute(TestCaseExecutor.java:233)
	at com.kms.katalon.core.main.TestSuiteExecutor.accessTestCaseMainPhase(TestSuiteExecutor.java:169)
	at com.kms.katalon.core.main.TestSuiteExecutor.accessTestSuiteMainPhase(TestSuiteExecutor.java:142)
	at com.kms.katalon.core.main.TestSuiteExecutor.execute(TestSuiteExecutor.java:91)
	at com.kms.katalon.core.main.TestCaseMain.startTestSuite(TestCaseMain.java:157)
	at com.kms.katalon.core.main.TestCaseMain$startTestSuite$0.call(Unknown Source)
	at TempTestSuite1584598607274.run(TempTestSuite1584598607274.groovy:36)
Caused by: org.openqa.selenium.ElementNotInteractableException: element not interactable
  (Session info: chrome=80.0.3987.132)
Build info: version: '3.141.59', revision: 'e82be7d358', time: '2018-11-14T08:25:53'
System info: host: 'ARCADIER-03', ip: '192.168.254.105', os.name: 'Windows 7', os.arch: 'amd64', os.version: '6.1', java.version: '1.8.0_181'
Driver info: com.kms.katalon.core.webui.driver.ExistingRemoteWebDriver
Capabilities {javascriptEnabled: true, platform: ANY, platformName: ANY}
Session ID: 66da7635ded2d355388026ca8e7d8eff
	at org.openqa.selenium.remote.http.W3CHttpResponseCodec.createException(W3CHttpResponseCodec.java:187)
	at org.openqa.selenium.remote.http.W3CHttpResponseCodec.decode(W3CHttpResponseCodec.java:122)
	at org.openqa.selenium.remote.http.W3CHttpResponseCodec.decode(W3CHttpResponseCodec.java:49)
	at org.openqa.selenium.remote.HttpCommandExecutor.execute(HttpCommandExecutor.java:158)
	at org.openqa.selenium.remote.RemoteWebDriver.execute(RemoteWebDriver.java:552)
	at com.kms.katalon.core.webui.driver.ExistingRemoteWebDriver.execute(ExistingRemoteWebDriver.java:108)
	at org.openqa.selenium.remote.RemoteWebElement.execute(RemoteWebElement.java:285)
	at org.openqa.selenium.remote.RemoteWebElement.click(RemoteWebElement.java:84)
	at org.openqa.selenium.support.events.EventFiringWebDriver$EventFiringWebElement.lambda$new$0(EventFiringWebDriver.java:404)
	at com.sun.proxy.$Proxy9.click(Unknown Source)
	at org.openqa.selenium.support.events.EventFiringWebDriver$EventFiringWebElement.click(EventFiringWebDriver.java:417)
	at com.kms.katalon.core.webui.keyword.builtin.ClickKeyword$_click_closure1.doCall(ClickKeyword.groovy:69)
	at com.kms.katalon.core.webui.keyword.builtin.ClickKeyword$_click_closure1.call(ClickKeyword.groovy)
	at com.kms.katalon.core.webui.keyword.internal.WebUIKeywordMain.runKeyword(WebUIKeywordMain.groovy:20)
	at com.kms.katalon.core.webui.keyword.builtin.ClickKeyword.click(ClickKeyword.groovy:76)
	at com.kms.katalon.core.webui.keyword.builtin.ClickKeyword.execute(ClickKeyword.groovy:43)
	at com.kms.katalon.core.keyword.internal.KeywordExecutor.executeKeywordForPlatform(KeywordExecutor.groovy:72)
	at com.kms.katalon.core.webui.keyword.WebUiBuiltInKeywords.click(WebUiBuiltInKeywords.groovy:616)
	at com.kms.katalon.core.webui.keyword.WebUiBuiltInKeywords$click$0.call(Unknown Source)
	at Script1549506362832.run(Script1549506362832.groovy:28)
	... 13 more
)
[[ATTACHMENT|C:\\Katalon\\Arctick\\Reports\\20200319_141647\\Admin\\Admin Add Category\\20200319_141647\\1584599276476.png]]

2020-03-19 14:27:56 - [TEST_STEP][PASSED] - waitForPageLoad(0, STOP_ON_FAILURE): Wait for page load successfully

2020-03-19 14:27:56 - [MESSAGE][WARNING] - Timeout '0' is invalid. Using default page load timeout: '30'

2020-03-19 14:27:57 - [MESSAGE][PASSED] - Wait for page load successfully

2020-03-19 14:27:57 - [TEST_STEP][PASSED] - click(findTestObject("ADMIN/Categories/Category List/button_Add a Category")): Object: 'Object Repository/ADMIN/Categories/Category List/button_Add a Category' is clicked on

2020-03-19 14:27:57 - [MESSAGE][PASSED] - Object: 'Object Repository/ADMIN/Categories/Category List/button_Add a Category' is clicked on

2020-03-19 14:27:57 - [TEST_STEP][PASSED] - waitForElementPresent(findTestObject("ADMIN/Categories/Category/dropdown_Parent"), 2): Object 'Object Repository/ADMIN/Categories/Category/dropdown_Parent' is present

2020-03-19 14:27:57 - [MESSAGE][PASSED] - Object 'Object Repository/ADMIN/Categories/Category/dropdown_Parent' is present

2020-03-19 14:27:57 - [TEST_STEP][PASSED] - delay(1): Delayed 1 second(s)

2020-03-19 14:27:58 - [MESSAGE][PASSED] - Delayed 1 second(s)

2020-03-19 14:27:58 - [TEST_STEP][PASSED] - setText(findTestObject("ADMIN/Categories/Category/textfield_Category Name"), CategoryNametext): Text 'Category 5.1.12' is set on object 'Object Repository/ADMIN/Categories/Category/textfield_Category Name'

2020-03-19 14:27:58 - [MESSAGE][PASSED] - Text 'Category 5.1.12' is set on object 'Object Repository/ADMIN/Categories/Category/textfield_Category Name'

2020-03-19 14:27:58 - [TEST_STEP][PASSED] - click(findTestObject("ADMIN/Categories/Category/dropdown_Parent")): Object: 'Object Repository/ADMIN/Categories/Category/dropdown_Parent' is clicked on

2020-03-19 14:27:58 - [MESSAGE][PASSED] - Object: 'Object Repository/ADMIN/Categories/Category/dropdown_Parent' is clicked on

2020-03-19 14:27:58 - [TEST_STEP][PASSED] - delay(2): Delayed 2 second(s)

2020-03-19 14:28:00 - [MESSAGE][PASSED] - Delayed 2 second(s)

2020-03-19 14:28:00 - [TEST_STEP][PASSED] - click(findTestObject("ADMIN/Categories/Category/dropdown_Parent")): Object: 'Object Repository/ADMIN/Categories/Category/dropdown_Parent' is clicked on

2020-03-19 14:28:00 - [MESSAGE][PASSED] - Object: 'Object Repository/ADMIN/Categories/Category/dropdown_Parent' is clicked on

2020-03-19 14:28:00 - [TEST_STEP][PASSED] - selectOptionByLabel(findTestObject("ADMIN/Categories/Category/dropdown_Parent"), ParentName, false): All options with label 'Category 5.1' are selected in object 'Object Repository/ADMIN/Categories/Category/dropdown_Parent' 

2020-03-19 14:28:00 - [MESSAGE][PASSED] - All options with label 'Category 5.1' are selected in object 'Object Repository/ADMIN/Categories/Category/dropdown_Parent' 

2020-03-19 14:28:00 - [TEST_STEP][PASSED] - click(findTestObject("ADMIN/Categories/Category/button_Browse")): Object: 'Object Repository/ADMIN/Categories/Category/button_Browse' is clicked on

2020-03-19 14:28:01 - [MESSAGE][PASSED] - Object: 'Object Repository/ADMIN/Categories/Category/button_Browse' is clicked on

2020-03-19 14:28:01 - [TEST_STEP][PASSED] - delay(2): Delayed 2 second(s)

2020-03-19 14:28:03 - [MESSAGE][PASSED] - Delayed 2 second(s)

2020-03-19 14:28:03 - [TEST_STEP][PASSED] - uploadFile(findTestObject("ADMIN/Categories/Category/image_input image"), CategoryImageUpload): File 'C:\\Katalon\\Arctick\\Images\\Category\\5.png' sent to object: 'Object Repository/ADMIN/Categories/Category/image_input image'

2020-03-19 14:28:03 - [MESSAGE][PASSED] - File 'C:\\Katalon\\Arctick\\Images\\Category\\5.png' sent to object: 'Object Repository/ADMIN/Categories/Category/image_input image'

2020-03-19 14:28:03 - [TEST_STEP][PASSED] - waitForElementVisible(findTestObject("ADMIN/Categories/Category/button_upload check"), 0): Object 'Object Repository/ADMIN/Categories/Category/button_upload check' is visible

2020-03-19 14:28:03 - [MESSAGE][WARNING] - Timeout '0' is invalid. Using default page load timeout: '30'

2020-03-19 14:28:03 - [MESSAGE][PASSED] - Object 'Object Repository/ADMIN/Categories/Category/button_upload check' is visible

2020-03-19 14:28:03 - [TEST_STEP][PASSED] - click(findTestObject("ADMIN/Categories/Category/button_upload check")): Object: 'Object Repository/ADMIN/Categories/Category/button_upload check' is clicked on

2020-03-19 14:28:03 - [MESSAGE][PASSED] - Object: 'Object Repository/ADMIN/Categories/Category/button_upload check' is clicked on

2020-03-19 14:28:03 - [TEST_STEP][PASSED] - waitForElementVisible(findTestObject("ADMIN/Categories/Category/button_upload save"), 0): Object 'Object Repository/ADMIN/Categories/Category/button_upload save' is visible

2020-03-19 14:28:03 - [MESSAGE][WARNING] - Timeout '0' is invalid. Using default page load timeout: '30'

2020-03-19 14:28:03 - [MESSAGE][PASSED] - Object 'Object Repository/ADMIN/Categories/Category/button_upload save' is visible

2020-03-19 14:28:03 - [TEST_STEP][PASSED] - click(findTestObject("ADMIN/Categories/Category/button_upload save")): Object: 'Object Repository/ADMIN/Categories/Category/button_upload save' is clicked on

2020-03-19 14:28:03 - [MESSAGE][PASSED] - Object: 'Object Repository/ADMIN/Categories/Category/button_upload save' is clicked on

2020-03-19 14:28:03 - [TEST_STEP][PASSED] - setText(findTestObject("ADMIN/Categories/Category/textfield_category_description"), Description): Text 'Description44' is set on object 'Object Repository/ADMIN/Categories/Category/textfield_category_description'

2020-03-19 14:28:04 - [MESSAGE][PASSED] - Text 'Description44' is set on object 'Object Repository/ADMIN/Categories/Category/textfield_category_description'

2020-03-19 14:28:04 - [TEST_STEP][PASSED] - click(findTestObject("ADMIN/Categories/Category/button_Save")): Object: 'Object Repository/ADMIN/Categories/Category/button_Save' is clicked on

2020-03-19 14:28:04 - [MESSAGE][PASSED] - Object: 'Object Repository/ADMIN/Categories/Category/button_Save' is clicked on

2020-03-19 14:28:04 - [TEST_STEP][PASSED] - waitForElementVisible(findTestObject("ADMIN/Categories/Category/label_edit popup"), 0): Object 'Object Repository/ADMIN/Categories/Category/label_edit popup' is visible

2020-03-19 14:28:04 - [MESSAGE][WARNING] - Timeout '0' is invalid. Using default page load timeout: '30'

2020-03-19 14:28:04 - [MESSAGE][PASSED] - Object 'Object Repository/ADMIN/Categories/Category/label_edit popup' is visible

2020-03-19 14:28:04 - [TEST_STEP][PASSED] - waitForElementNotPresent(findTestObject("ADMIN/Categories/Category/label_edit popup"), 0): Web element with id: 'Object Repository/ADMIN/Categories/Category/label_edit popup' located by 'By.xpath: //div[(text() = 'Category was successfully saved.' or . = 'Category was successfully saved.')]' is not present after '30' second(s)

2020-03-19 14:28:04 - [MESSAGE][WARNING] - Timeout '0' is invalid. Using default page load timeout: '30'

2020-03-19 14:28:10 - [MESSAGE][PASSED] - Web element with id: 'Object Repository/ADMIN/Categories/Category/label_edit popup' located by 'By.xpath: //div[(text() = 'Category was successfully saved.' or . = 'Category was successfully saved.')]' is not present after '30' second(s)]]></system-out>
         <system-err><![CDATA[2020-03-19 14:27:56 - [TEST_CASE][FAILED] - Test Cases/ADMIN/Content Mgmt/Categories/Category Add-Edit/Add Category: Test Cases/ADMIN/Content Mgmt/Categories/Category Add-Edit/Add Category FAILED.
Reason:
com.kms.katalon.core.exception.StepFailedException: Unable to click on object 'Object Repository/ADMIN/Categories/Category List/button_Categories' (Root cause: com.kms.katalon.core.exception.StepFailedException: Unable to click on object 'Object Repository/ADMIN/Categories/Category List/button_Categories'
	at com.kms.katalon.core.webui.keyword.internal.WebUIKeywordMain.stepFailed(WebUIKeywordMain.groovy:64)
	at com.kms.katalon.core.webui.keyword.internal.WebUIKeywordMain.runKeyword(WebUIKeywordMain.groovy:26)
	at com.kms.katalon.core.webui.keyword.builtin.ClickKeyword.click(ClickKeyword.groovy:76)
	at com.kms.katalon.core.webui.keyword.builtin.ClickKeyword.execute(ClickKeyword.groovy:43)
	at com.kms.katalon.core.keyword.internal.KeywordExecutor.executeKeywordForPlatform(KeywordExecutor.groovy:72)
	at com.kms.katalon.core.webui.keyword.WebUiBuiltInKeywords.click(WebUiBuiltInKeywords.groovy:616)
	at com.kms.katalon.core.webui.keyword.WebUiBuiltInKeywords$click$0.call(Unknown Source)
	at Add Category.run(Add Category:28)
	at com.kms.katalon.core.main.ScriptEngine.run(ScriptEngine.java:194)
	at com.kms.katalon.core.main.ScriptEngine.runScriptAsRawText(ScriptEngine.java:119)
	at com.kms.katalon.core.main.TestCaseExecutor.runScript(TestCaseExecutor.java:337)
	at com.kms.katalon.core.main.TestCaseExecutor.doExecute(TestCaseExecutor.java:328)
	at com.kms.katalon.core.main.TestCaseExecutor.processExecutionPhase(TestCaseExecutor.java:307)
	at com.kms.katalon.core.main.TestCaseExecutor.accessMainPhase(TestCaseExecutor.java:299)
	at com.kms.katalon.core.main.TestCaseExecutor.execute(TestCaseExecutor.java:233)
	at com.kms.katalon.core.main.TestSuiteExecutor.accessTestCaseMainPhase(TestSuiteExecutor.java:169)
	at com.kms.katalon.core.main.TestSuiteExecutor.accessTestSuiteMainPhase(TestSuiteExecutor.java:142)
	at com.kms.katalon.core.main.TestSuiteExecutor.execute(TestSuiteExecutor.java:91)
	at com.kms.katalon.core.main.TestCaseMain.startTestSuite(TestCaseMain.java:157)
	at com.kms.katalon.core.main.TestCaseMain$startTestSuite$0.call(Unknown Source)
	at TempTestSuite1584598607274.run(TempTestSuite1584598607274.groovy:36)
Caused by: org.openqa.selenium.ElementNotInteractableException: element not interactable
  (Session info: chrome=80.0.3987.132)
Build info: version: '3.141.59', revision: 'e82be7d358', time: '2018-11-14T08:25:53'
System info: host: 'ARCADIER-03', ip: '192.168.254.105', os.name: 'Windows 7', os.arch: 'amd64', os.version: '6.1', java.version: '1.8.0_181'
Driver info: com.kms.katalon.core.webui.driver.ExistingRemoteWebDriver
Capabilities {javascriptEnabled: true, platform: ANY, platformName: ANY}
Session ID: 66da7635ded2d355388026ca8e7d8eff
	at org.openqa.selenium.remote.http.W3CHttpResponseCodec.createException(W3CHttpResponseCodec.java:187)
	at org.openqa.selenium.remote.http.W3CHttpResponseCodec.decode(W3CHttpResponseCodec.java:122)
	at org.openqa.selenium.remote.http.W3CHttpResponseCodec.decode(W3CHttpResponseCodec.java:49)
	at org.openqa.selenium.remote.HttpCommandExecutor.execute(HttpCommandExecutor.java:158)
	at org.openqa.selenium.remote.RemoteWebDriver.execute(RemoteWebDriver.java:552)
	at com.kms.katalon.core.webui.driver.ExistingRemoteWebDriver.execute(ExistingRemoteWebDriver.java:108)
	at org.openqa.selenium.remote.RemoteWebElement.execute(RemoteWebElement.java:285)
	at org.openqa.selenium.remote.RemoteWebElement.click(RemoteWebElement.java:84)
	at org.openqa.selenium.support.events.EventFiringWebDriver$EventFiringWebElement.lambda$new$0(EventFiringWebDriver.java:404)
	at com.sun.proxy.$Proxy9.click(Unknown Source)
	at org.openqa.selenium.support.events.EventFiringWebDriver$EventFiringWebElement.click(EventFiringWebDriver.java:417)
	at com.kms.katalon.core.webui.keyword.builtin.ClickKeyword$_click_closure1.doCall(ClickKeyword.groovy:69)
	at com.kms.katalon.core.webui.keyword.builtin.ClickKeyword$_click_closure1.call(ClickKeyword.groovy)
	at com.kms.katalon.core.webui.keyword.internal.WebUIKeywordMain.runKeyword(WebUIKeywordMain.groovy:20)
	at com.kms.katalon.core.webui.keyword.builtin.ClickKeyword.click(ClickKeyword.groovy:76)
	at com.kms.katalon.core.webui.keyword.builtin.ClickKeyword.execute(ClickKeyword.groovy:43)
	at com.kms.katalon.core.keyword.internal.KeywordExecutor.executeKeywordForPlatform(KeywordExecutor.groovy:72)
	at com.kms.katalon.core.webui.keyword.WebUiBuiltInKeywords.click(WebUiBuiltInKeywords.groovy:616)
	at com.kms.katalon.core.webui.keyword.WebUiBuiltInKeywords$click$0.call(Unknown Source)
	at Script1549506362832.run(Script1549506362832.groovy:28)
	... 13 more
)
	at com.kms.katalon.core.keyword.internal.KeywordMain.stepFailed(KeywordMain.groovy:39)
	at com.kms.katalon.core.webui.keyword.internal.WebUIKeywordMain.stepFailed(WebUIKeywordMain.groovy:64)
	at com.kms.katalon.core.webui.keyword.internal.WebUIKeywordMain.runKeyword(WebUIKeywordMain.groovy:26)
	at com.kms.katalon.core.webui.keyword.builtin.ClickKeyword.click(ClickKeyword.groovy:76)
	at com.kms.katalon.core.webui.keyword.builtin.ClickKeyword.execute(ClickKeyword.groovy:43)
	at com.kms.katalon.core.keyword.internal.KeywordExecutor.executeKeywordForPlatform(KeywordExecutor.groovy:72)
	at com.kms.katalon.core.webui.keyword.WebUiBuiltInKeywords.click(WebUiBuiltInKeywords.groovy:616)
	at com.kms.katalon.core.webui.keyword.WebUiBuiltInKeywords$click$0.call(Unknown Source)
	at Add Category.run(Add Category:28)
	at com.kms.katalon.core.main.ScriptEngine.run(ScriptEngine.java:194)
	at com.kms.katalon.core.main.ScriptEngine.runScriptAsRawText(ScriptEngine.java:119)
	at com.kms.katalon.core.main.TestCaseExecutor.runScript(TestCaseExecutor.java:337)
	at com.kms.katalon.core.main.TestCaseExecutor.doExecute(TestCaseExecutor.java:328)
	at com.kms.katalon.core.main.TestCaseExecutor.processExecutionPhase(TestCaseExecutor.java:307)
	at com.kms.katalon.core.main.TestCaseExecutor.accessMainPhase(TestCaseExecutor.java:299)
	at com.kms.katalon.core.main.TestCaseExecutor.execute(TestCaseExecutor.java:233)
	at com.kms.katalon.core.main.TestSuiteExecutor.accessTestCaseMainPhase(TestSuiteExecutor.java:169)
	at com.kms.katalon.core.main.TestSuiteExecutor.accessTestSuiteMainPhase(TestSuiteExecutor.java:142)
	at com.kms.katalon.core.main.TestSuiteExecutor.execute(TestSuiteExecutor.java:91)
	at com.kms.katalon.core.main.TestCaseMain.startTestSuite(TestCaseMain.java:157)
	at com.kms.katalon.core.main.TestCaseMain$startTestSuite$0.call(Unknown Source)
	at TempTestSuite1584598607274.run(TempTestSuite1584598607274.groovy:36)
Caused by: com.kms.katalon.core.exception.StepFailedException: Unable to click on object 'Object Repository/ADMIN/Categories/Category List/button_Categories'
	... 21 more
Caused by: org.openqa.selenium.ElementNotInteractableException: element not interactable
  (Session info: chrome=80.0.3987.132)
Build info: version: '3.141.59', revision: 'e82be7d358', time: '2018-11-14T08:25:53'
System info: host: 'ARCADIER-03', ip: '192.168.254.105', os.name: 'Windows 7', os.arch: 'amd64', os.version: '6.1', java.version: '1.8.0_181'
Driver info: com.kms.katalon.core.webui.driver.ExistingRemoteWebDriver
Capabilities {javascriptEnabled: true, platform: ANY, platformName: ANY}
Session ID: 66da7635ded2d355388026ca8e7d8eff
	at org.openqa.selenium.remote.http.W3CHttpResponseCodec.createException(W3CHttpResponseCodec.java:187)
	at org.openqa.selenium.remote.http.W3CHttpResponseCodec.decode(W3CHttpResponseCodec.java:122)
	at org.openqa.selenium.remote.http.W3CHttpResponseCodec.decode(W3CHttpResponseCodec.java:49)
	at org.openqa.selenium.remote.HttpCommandExecutor.execute(HttpCommandExecutor.java:158)
	at org.openqa.selenium.remote.RemoteWebDriver.execute(RemoteWebDriver.java:552)
	at com.kms.katalon.core.webui.driver.ExistingRemoteWebDriver.execute(ExistingRemoteWebDriver.java:108)
	at org.openqa.selenium.remote.RemoteWebElement.execute(RemoteWebElement.java:285)
	at org.openqa.selenium.remote.RemoteWebElement.click(RemoteWebElement.java:84)
	at org.openqa.selenium.support.events.EventFiringWebDriver$EventFiringWebElement.lambda$new$0(EventFiringWebDriver.java:404)
	at com.sun.proxy.$Proxy9.click(Unknown Source)
	at org.openqa.selenium.support.events.EventFiringWebDriver$EventFiringWebElement.click(EventFiringWebDriver.java:417)
	at com.kms.katalon.core.webui.keyword.builtin.ClickKeyword$_click_closure1.doCall(ClickKeyword.groovy:69)
	at com.kms.katalon.core.webui.keyword.builtin.ClickKeyword$_click_closure1.call(ClickKeyword.groovy)
	at com.kms.katalon.core.webui.keyword.internal.WebUIKeywordMain.runKeyword(WebUIKeywordMain.groovy:20)
	... 19 more]]></system-err>
      </testcase>
      <testcase name="Test Cases/ADMIN/Content Mgmt/Categories/Category Add-Edit/Add Category" time="14.817" classname="Test Cases/ADMIN/Content Mgmt/Categories/Category Add-Edit/Add Category" status="FAILED">
         <failure type="FAILED" message="Test Cases/ADMIN/Content Mgmt/Categories/Category Add-Edit/Add Category FAILED.
Reason:
com.kms.katalon.core.exception.StepFailedException: Unable to click on object 'Object Repository/ADMIN/Categories/Category List/button_Categories' (Root cause: com.kms.katalon.core.exception.StepFailedException: Unable to click on object 'Object Repository/ADMIN/Categories/Category List/button_Categories'
	at com.kms.katalon.core.webui.keyword.internal.WebUIKeywordMain.stepFailed(WebUIKeywordMain.groovy:64)
	at com.kms.katalon.core.webui.keyword.internal.WebUIKeywordMain.runKeyword(WebUIKeywordMain.groovy:26)
	at com.kms.katalon.core.webui.keyword.builtin.ClickKeyword.click(ClickKeyword.groovy:76)
	at com.kms.katalon.core.webui.keyword.builtin.ClickKeyword.execute(ClickKeyword.groovy:43)
	at com.kms.katalon.core.keyword.internal.KeywordExecutor.executeKeywordForPlatform(KeywordExecutor.groovy:72)
	at com.kms.katalon.core.webui.keyword.WebUiBuiltInKeywords.click(WebUiBuiltInKeywords.groovy:616)
	at com.kms.katalon.core.webui.keyword.WebUiBuiltInKeywords$click$0.call(Unknown Source)
	at Add Category.run(Add Category:28)
	at com.kms.katalon.core.main.ScriptEngine.run(ScriptEngine.java:194)
	at com.kms.katalon.core.main.ScriptEngine.runScriptAsRawText(ScriptEngine.java:119)
	at com.kms.katalon.core.main.TestCaseExecutor.runScript(TestCaseExecutor.java:337)
	at com.kms.katalon.core.main.TestCaseExecutor.doExecute(TestCaseExecutor.java:328)
	at com.kms.katalon.core.main.TestCaseExecutor.processExecutionPhase(TestCaseExecutor.java:307)
	at com.kms.katalon.core.main.TestCaseExecutor.accessMainPhase(TestCaseExecutor.java:299)
	at com.kms.katalon.core.main.TestCaseExecutor.execute(TestCaseExecutor.java:233)
	at com.kms.katalon.core.main.TestSuiteExecutor.accessTestCaseMainPhase(TestSuiteExecutor.java:169)
	at com.kms.katalon.core.main.TestSuiteExecutor.accessTestSuiteMainPhase(TestSuiteExecutor.java:142)
	at com.kms.katalon.core.main.TestSuiteExecutor.execute(TestSuiteExecutor.java:91)
	at com.kms.katalon.core.main.TestCaseMain.startTestSuite(TestCaseMain.java:157)
	at com.kms.katalon.core.main.TestCaseMain$startTestSuite$0.call(Unknown Source)
	at TempTestSuite1584598607274.run(TempTestSuite1584598607274.groovy:36)
Caused by: org.openqa.selenium.ElementNotInteractableException: element not interactable
  (Session info: chrome=80.0.3987.132)
Build info: version: '3.141.59', revision: 'e82be7d358', time: '2018-11-14T08:25:53'
System info: host: 'ARCADIER-03', ip: '192.168.254.105', os.name: 'Windows 7', os.arch: 'amd64', os.version: '6.1', java.version: '1.8.0_181'
Driver info: com.kms.katalon.core.webui.driver.ExistingRemoteWebDriver
Capabilities {javascriptEnabled: true, platform: ANY, platformName: ANY}
Session ID: 66da7635ded2d355388026ca8e7d8eff
	at org.openqa.selenium.remote.http.W3CHttpResponseCodec.createException(W3CHttpResponseCodec.java:187)
	at org.openqa.selenium.remote.http.W3CHttpResponseCodec.decode(W3CHttpResponseCodec.java:122)
	at org.openqa.selenium.remote.http.W3CHttpResponseCodec.decode(W3CHttpResponseCodec.java:49)
	at org.openqa.selenium.remote.HttpCommandExecutor.execute(HttpCommandExecutor.java:158)
	at org.openqa.selenium.remote.RemoteWebDriver.execute(RemoteWebDriver.java:552)
	at com.kms.katalon.core.webui.driver.ExistingRemoteWebDriver.execute(ExistingRemoteWebDriver.java:108)
	at org.openqa.selenium.remote.RemoteWebElement.execute(RemoteWebElement.java:285)
	at org.openqa.selenium.remote.RemoteWebElement.click(RemoteWebElement.java:84)
	at org.openqa.selenium.support.events.EventFiringWebDriver$EventFiringWebElement.lambda$new$0(EventFiringWebDriver.java:404)
	at com.sun.proxy.$Proxy9.click(Unknown Source)
	at org.openqa.selenium.support.events.EventFiringWebDriver$EventFiringWebElement.click(EventFiringWebDriver.java:417)
	at com.kms.katalon.core.webui.keyword.builtin.ClickKeyword$_click_closure1.doCall(ClickKeyword.groovy:69)
	at com.kms.katalon.core.webui.keyword.builtin.ClickKeyword$_click_closure1.call(ClickKeyword.groovy)
	at com.kms.katalon.core.webui.keyword.internal.WebUIKeywordMain.runKeyword(WebUIKeywordMain.groovy:20)
	at com.kms.katalon.core.webui.keyword.builtin.ClickKeyword.click(ClickKeyword.groovy:76)
	at com.kms.katalon.core.webui.keyword.builtin.ClickKeyword.execute(ClickKeyword.groovy:43)
	at com.kms.katalon.core.keyword.internal.KeywordExecutor.executeKeywordForPlatform(KeywordExecutor.groovy:72)
	at com.kms.katalon.core.webui.keyword.WebUiBuiltInKeywords.click(WebUiBuiltInKeywords.groovy:616)
	at com.kms.katalon.core.webui.keyword.WebUiBuiltInKeywords$click$0.call(Unknown Source)
	at Script1549506362832.run(Script1549506362832.groovy:28)
	... 13 more
)
	at com.kms.katalon.core.keyword.internal.KeywordMain.stepFailed(KeywordMain.groovy:39)
	at com.kms.katalon.core.webui.keyword.internal.WebUIKeywordMain.stepFailed(WebUIKeywordMain.groovy:64)
	at com.kms.katalon.core.webui.keyword.internal.WebUIKeywordMain.runKeyword(WebUIKeywordMain.groovy:26)
	at com.kms.katalon.core.webui.keyword.builtin.ClickKeyword.click(ClickKeyword.groovy:76)
	at com.kms.katalon.core.webui.keyword.builtin.ClickKeyword.execute(ClickKeyword.groovy:43)
	at com.kms.katalon.core.keyword.internal.KeywordExecutor.executeKeywordForPlatform(KeywordExecutor.groovy:72)
	at com.kms.katalon.core.webui.keyword.WebUiBuiltInKeywords.click(WebUiBuiltInKeywords.groovy:616)
	at com.kms.katalon.core.webui.keyword.WebUiBuiltInKeywords$click$0.call(Unknown Source)
	at Add Category.run(Add Category:28)
	at com.kms.katalon.core.main.ScriptEngine.run(ScriptEngine.java:194)
	at com.kms.katalon.core.main.ScriptEngine.runScriptAsRawText(ScriptEngine.java:119)
	at com.kms.katalon.core.main.TestCaseExecutor.runScript(TestCaseExecutor.java:337)
	at com.kms.katalon.core.main.TestCaseExecutor.doExecute(TestCaseExecutor.java:328)
	at com.kms.katalon.core.main.TestCaseExecutor.processExecutionPhase(TestCaseExecutor.java:307)
	at com.kms.katalon.core.main.TestCaseExecutor.accessMainPhase(TestCaseExecutor.java:299)
	at com.kms.katalon.core.main.TestCaseExecutor.execute(TestCaseExecutor.java:233)
	at com.kms.katalon.core.main.TestSuiteExecutor.accessTestCaseMainPhase(TestSuiteExecutor.java:169)
	at com.kms.katalon.core.main.TestSuiteExecutor.accessTestSuiteMainPhase(TestSuiteExecutor.java:142)
	at com.kms.katalon.core.main.TestSuiteExecutor.execute(TestSuiteExecutor.java:91)
	at com.kms.katalon.core.main.TestCaseMain.startTestSuite(TestCaseMain.java:157)
	at com.kms.katalon.core.main.TestCaseMain$startTestSuite$0.call(Unknown Source)
	at TempTestSuite1584598607274.run(TempTestSuite1584598607274.groovy:36)
Caused by: com.kms.katalon.core.exception.StepFailedException: Unable to click on object 'Object Repository/ADMIN/Categories/Category List/button_Categories'
	... 21 more
Caused by: org.openqa.selenium.ElementNotInteractableException: element not interactable
  (Session info: chrome=80.0.3987.132)
Build info: version: '3.141.59', revision: 'e82be7d358', time: '2018-11-14T08:25:53'
System info: host: 'ARCADIER-03', ip: '192.168.254.105', os.name: 'Windows 7', os.arch: 'amd64', os.version: '6.1', java.version: '1.8.0_181'
Driver info: com.kms.katalon.core.webui.driver.ExistingRemoteWebDriver
Capabilities {javascriptEnabled: true, platform: ANY, platformName: ANY}
Session ID: 66da7635ded2d355388026ca8e7d8eff
	at org.openqa.selenium.remote.http.W3CHttpResponseCodec.createException(W3CHttpResponseCodec.java:187)
	at org.openqa.selenium.remote.http.W3CHttpResponseCodec.decode(W3CHttpResponseCodec.java:122)
	at org.openqa.selenium.remote.http.W3CHttpResponseCodec.decode(W3CHttpResponseCodec.java:49)
	at org.openqa.selenium.remote.HttpCommandExecutor.execute(HttpCommandExecutor.java:158)
	at org.openqa.selenium.remote.RemoteWebDriver.execute(RemoteWebDriver.java:552)
	at com.kms.katalon.core.webui.driver.ExistingRemoteWebDriver.execute(ExistingRemoteWebDriver.java:108)
	at org.openqa.selenium.remote.RemoteWebElement.execute(RemoteWebElement.java:285)
	at org.openqa.selenium.remote.RemoteWebElement.click(RemoteWebElement.java:84)
	at org.openqa.selenium.support.events.EventFiringWebDriver$EventFiringWebElement.lambda$new$0(EventFiringWebDriver.java:404)
	at com.sun.proxy.$Proxy9.click(Unknown Source)
	at org.openqa.selenium.support.events.EventFiringWebDriver$EventFiringWebElement.click(EventFiringWebDriver.java:417)
	at com.kms.katalon.core.webui.keyword.builtin.ClickKeyword$_click_closure1.doCall(ClickKeyword.groovy:69)
	at com.kms.katalon.core.webui.keyword.builtin.ClickKeyword$_click_closure1.call(ClickKeyword.groovy)
	at com.kms.katalon.core.webui.keyword.internal.WebUIKeywordMain.runKeyword(WebUIKeywordMain.groovy:20)
	... 19 more
"/>
         <system-out><![CDATA[2020-03-19 14:28:10 - [TEST_CASE][FAILED] - Test Cases/ADMIN/Content Mgmt/Categories/Category Add-Edit/Add Category: Test Cases/ADMIN/Content Mgmt/Categories/Category Add-Edit/Add Category FAILED.
Reason:
com.kms.katalon.core.exception.StepFailedException: Unable to click on object 'Object Repository/ADMIN/Categories/Category List/button_Categories' (Root cause: com.kms.katalon.core.exception.StepFailedException: Unable to click on object 'Object Repository/ADMIN/Categories/Category List/button_Categories'
	at com.kms.katalon.core.webui.keyword.internal.WebUIKeywordMain.stepFailed(WebUIKeywordMain.groovy:64)
	at com.kms.katalon.core.webui.keyword.internal.WebUIKeywordMain.runKeyword(WebUIKeywordMain.groovy:26)
	at com.kms.katalon.core.webui.keyword.builtin.ClickKeyword.click(ClickKeyword.groovy:76)
	at com.kms.katalon.core.webui.keyword.builtin.ClickKeyword.execute(ClickKeyword.groovy:43)
	at com.kms.katalon.core.keyword.internal.KeywordExecutor.executeKeywordForPlatform(KeywordExecutor.groovy:72)
	at com.kms.katalon.core.webui.keyword.WebUiBuiltInKeywords.click(WebUiBuiltInKeywords.groovy:616)
	at com.kms.katalon.core.webui.keyword.WebUiBuiltInKeywords$click$0.call(Unknown Source)
	at Add Category.run(Add Category:28)
	at com.kms.katalon.core.main.ScriptEngine.run(ScriptEngine.java:194)
	at com.kms.katalon.core.main.ScriptEngine.runScriptAsRawText(ScriptEngine.java:119)
	at com.kms.katalon.core.main.TestCaseExecutor.runScript(TestCaseExecutor.java:337)
	at com.kms.katalon.core.main.TestCaseExecutor.doExecute(TestCaseExecutor.java:328)
	at com.kms.katalon.core.main.TestCaseExecutor.processExecutionPhase(TestCaseExecutor.java:307)
	at com.kms.katalon.core.main.TestCaseExecutor.accessMainPhase(TestCaseExecutor.java:299)
	at com.kms.katalon.core.main.TestCaseExecutor.execute(TestCaseExecutor.java:233)
	at com.kms.katalon.core.main.TestSuiteExecutor.accessTestCaseMainPhase(TestSuiteExecutor.java:169)
	at com.kms.katalon.core.main.TestSuiteExecutor.accessTestSuiteMainPhase(TestSuiteExecutor.java:142)
	at com.kms.katalon.core.main.TestSuiteExecutor.execute(TestSuiteExecutor.java:91)
	at com.kms.katalon.core.main.TestCaseMain.startTestSuite(TestCaseMain.java:157)
	at com.kms.katalon.core.main.TestCaseMain$startTestSuite$0.call(Unknown Source)
	at TempTestSuite1584598607274.run(TempTestSuite1584598607274.groovy:36)
Caused by: org.openqa.selenium.ElementNotInteractableException: element not interactable
  (Session info: chrome=80.0.3987.132)
Build info: version: '3.141.59', revision: 'e82be7d358', time: '2018-11-14T08:25:53'
System info: host: 'ARCADIER-03', ip: '192.168.254.105', os.name: 'Windows 7', os.arch: 'amd64', os.version: '6.1', java.version: '1.8.0_181'
Driver info: com.kms.katalon.core.webui.driver.ExistingRemoteWebDriver
Capabilities {javascriptEnabled: true, platform: ANY, platformName: ANY}
Session ID: 66da7635ded2d355388026ca8e7d8eff
	at org.openqa.selenium.remote.http.W3CHttpResponseCodec.createException(W3CHttpResponseCodec.java:187)
	at org.openqa.selenium.remote.http.W3CHttpResponseCodec.decode(W3CHttpResponseCodec.java:122)
	at org.openqa.selenium.remote.http.W3CHttpResponseCodec.decode(W3CHttpResponseCodec.java:49)
	at org.openqa.selenium.remote.HttpCommandExecutor.execute(HttpCommandExecutor.java:158)
	at org.openqa.selenium.remote.RemoteWebDriver.execute(RemoteWebDriver.java:552)
	at com.kms.katalon.core.webui.driver.ExistingRemoteWebDriver.execute(ExistingRemoteWebDriver.java:108)
	at org.openqa.selenium.remote.RemoteWebElement.execute(RemoteWebElement.java:285)
	at org.openqa.selenium.remote.RemoteWebElement.click(RemoteWebElement.java:84)
	at org.openqa.selenium.support.events.EventFiringWebDriver$EventFiringWebElement.lambda$new$0(EventFiringWebDriver.java:404)
	at com.sun.proxy.$Proxy9.click(Unknown Source)
	at org.openqa.selenium.support.events.EventFiringWebDriver$EventFiringWebElement.click(EventFiringWebDriver.java:417)
	at com.kms.katalon.core.webui.keyword.builtin.ClickKeyword$_click_closure1.doCall(ClickKeyword.groovy:69)
	at com.kms.katalon.core.webui.keyword.builtin.ClickKeyword$_click_closure1.call(ClickKeyword.groovy)
	at com.kms.katalon.core.webui.keyword.internal.WebUIKeywordMain.runKeyword(WebUIKeywordMain.groovy:20)
	at com.kms.katalon.core.webui.keyword.builtin.ClickKeyword.click(ClickKeyword.groovy:76)
	at com.kms.katalon.core.webui.keyword.builtin.ClickKeyword.execute(ClickKeyword.groovy:43)
	at com.kms.katalon.core.keyword.internal.KeywordExecutor.executeKeywordForPlatform(KeywordExecutor.groovy:72)
	at com.kms.katalon.core.webui.keyword.WebUiBuiltInKeywords.click(WebUiBuiltInKeywords.groovy:616)
	at com.kms.katalon.core.webui.keyword.WebUiBuiltInKeywords$click$0.call(Unknown Source)
	at Script1549506362832.run(Script1549506362832.groovy:28)
	... 13 more
)
	at com.kms.katalon.core.keyword.internal.KeywordMain.stepFailed(KeywordMain.groovy:39)
	at com.kms.katalon.core.webui.keyword.internal.WebUIKeywordMain.stepFailed(WebUIKeywordMain.groovy:64)
	at com.kms.katalon.core.webui.keyword.internal.WebUIKeywordMain.runKeyword(WebUIKeywordMain.groovy:26)
	at com.kms.katalon.core.webui.keyword.builtin.ClickKeyword.click(ClickKeyword.groovy:76)
	at com.kms.katalon.core.webui.keyword.builtin.ClickKeyword.execute(ClickKeyword.groovy:43)
	at com.kms.katalon.core.keyword.internal.KeywordExecutor.executeKeywordForPlatform(KeywordExecutor.groovy:72)
	at com.kms.katalon.core.webui.keyword.WebUiBuiltInKeywords.click(WebUiBuiltInKeywords.groovy:616)
	at com.kms.katalon.core.webui.keyword.WebUiBuiltInKeywords$click$0.call(Unknown Source)
	at Add Category.run(Add Category:28)
	at com.kms.katalon.core.main.ScriptEngine.run(ScriptEngine.java:194)
	at com.kms.katalon.core.main.ScriptEngine.runScriptAsRawText(ScriptEngine.java:119)
	at com.kms.katalon.core.main.TestCaseExecutor.runScript(TestCaseExecutor.java:337)
	at com.kms.katalon.core.main.TestCaseExecutor.doExecute(TestCaseExecutor.java:328)
	at com.kms.katalon.core.main.TestCaseExecutor.processExecutionPhase(TestCaseExecutor.java:307)
	at com.kms.katalon.core.main.TestCaseExecutor.accessMainPhase(TestCaseExecutor.java:299)
	at com.kms.katalon.core.main.TestCaseExecutor.execute(TestCaseExecutor.java:233)
	at com.kms.katalon.core.main.TestSuiteExecutor.accessTestCaseMainPhase(TestSuiteExecutor.java:169)
	at com.kms.katalon.core.main.TestSuiteExecutor.accessTestSuiteMainPhase(TestSuiteExecutor.java:142)
	at com.kms.katalon.core.main.TestSuiteExecutor.execute(TestSuiteExecutor.java:91)
	at com.kms.katalon.core.main.TestCaseMain.startTestSuite(TestCaseMain.java:157)
	at com.kms.katalon.core.main.TestCaseMain$startTestSuite$0.call(Unknown Source)
	at TempTestSuite1584598607274.run(TempTestSuite1584598607274.groovy:36)
Caused by: com.kms.katalon.core.exception.StepFailedException: Unable to click on object 'Object Repository/ADMIN/Categories/Category List/button_Categories'
	... 21 more
Caused by: org.openqa.selenium.ElementNotInteractableException: element not interactable
  (Session info: chrome=80.0.3987.132)
Build info: version: '3.141.59', revision: 'e82be7d358', time: '2018-11-14T08:25:53'
System info: host: 'ARCADIER-03', ip: '192.168.254.105', os.name: 'Windows 7', os.arch: 'amd64', os.version: '6.1', java.version: '1.8.0_181'
Driver info: com.kms.katalon.core.webui.driver.ExistingRemoteWebDriver
Capabilities {javascriptEnabled: true, platform: ANY, platformName: ANY}
Session ID: 66da7635ded2d355388026ca8e7d8eff
	at org.openqa.selenium.remote.http.W3CHttpResponseCodec.createException(W3CHttpResponseCodec.java:187)
	at org.openqa.selenium.remote.http.W3CHttpResponseCodec.decode(W3CHttpResponseCodec.java:122)
	at org.openqa.selenium.remote.http.W3CHttpResponseCodec.decode(W3CHttpResponseCodec.java:49)
	at org.openqa.selenium.remote.HttpCommandExecutor.execute(HttpCommandExecutor.java:158)
	at org.openqa.selenium.remote.RemoteWebDriver.execute(RemoteWebDriver.java:552)
	at com.kms.katalon.core.webui.driver.ExistingRemoteWebDriver.execute(ExistingRemoteWebDriver.java:108)
	at org.openqa.selenium.remote.RemoteWebElement.execute(RemoteWebElement.java:285)
	at org.openqa.selenium.remote.RemoteWebElement.click(RemoteWebElement.java:84)
	at org.openqa.selenium.support.events.EventFiringWebDriver$EventFiringWebElement.lambda$new$0(EventFiringWebDriver.java:404)
	at com.sun.proxy.$Proxy9.click(Unknown Source)
	at org.openqa.selenium.support.events.EventFiringWebDriver$EventFiringWebElement.click(EventFiringWebDriver.java:417)
	at com.kms.katalon.core.webui.keyword.builtin.ClickKeyword$_click_closure1.doCall(ClickKeyword.groovy:69)
	at com.kms.katalon.core.webui.keyword.builtin.ClickKeyword$_click_closure1.call(ClickKeyword.groovy)
	at com.kms.katalon.core.webui.keyword.internal.WebUIKeywordMain.runKeyword(WebUIKeywordMain.groovy:20)
	... 19 more


2020-03-19 14:28:10 - [TEST_STEP][PASSED] - waitForElementVisible(findTestObject("ADMIN/Categories/Category List/button_Content Mgmt"), 0): Object 'Object Repository/ADMIN/Categories/Category List/button_Content Mgmt' is visible

2020-03-19 14:28:10 - [MESSAGE][WARNING] - Timeout '0' is invalid. Using default page load timeout: '30'

2020-03-19 14:28:10 - [MESSAGE][PASSED] - Object 'Object Repository/ADMIN/Categories/Category List/button_Content Mgmt' is visible

2020-03-19 14:28:10 - [TEST_STEP][PASSED] - click(findTestObject("ADMIN/Categories/Category List/button_Content Mgmt")): Object: 'Object Repository/ADMIN/Categories/Category List/button_Content Mgmt' is clicked on

2020-03-19 14:28:10 - [MESSAGE][PASSED] - Object: 'Object Repository/ADMIN/Categories/Category List/button_Content Mgmt' is clicked on

2020-03-19 14:28:10 - [TEST_STEP][PASSED] - waitForElementVisible(findTestObject("ADMIN/Categories/Category List/button_Categories"), 0): Object 'Object Repository/ADMIN/Categories/Category List/button_Categories' is visible

2020-03-19 14:28:10 - [MESSAGE][WARNING] - Timeout '0' is invalid. Using default page load timeout: '30'

2020-03-19 14:28:10 - [MESSAGE][PASSED] - Object 'Object Repository/ADMIN/Categories/Category List/button_Categories' is visible

2020-03-19 14:28:10 - [TEST_STEP][FAILED] - click(findTestObject("ADMIN/Categories/Category List/button_Categories")): Unable to click on object 'Object Repository/ADMIN/Categories/Category List/button_Categories' (Root cause: com.kms.katalon.core.exception.StepFailedException: Unable to click on object 'Object Repository/ADMIN/Categories/Category List/button_Categories'
	at com.kms.katalon.core.webui.keyword.internal.WebUIKeywordMain.stepFailed(WebUIKeywordMain.groovy:64)
	at com.kms.katalon.core.webui.keyword.internal.WebUIKeywordMain.runKeyword(WebUIKeywordMain.groovy:26)
	at com.kms.katalon.core.webui.keyword.builtin.ClickKeyword.click(ClickKeyword.groovy:76)
	at com.kms.katalon.core.webui.keyword.builtin.ClickKeyword.execute(ClickKeyword.groovy:43)
	at com.kms.katalon.core.keyword.internal.KeywordExecutor.executeKeywordForPlatform(KeywordExecutor.groovy:72)
	at com.kms.katalon.core.webui.keyword.WebUiBuiltInKeywords.click(WebUiBuiltInKeywords.groovy:616)
	at com.kms.katalon.core.webui.keyword.WebUiBuiltInKeywords$click$0.call(Unknown Source)
	at Add Category.run(Add Category:28)
	at com.kms.katalon.core.main.ScriptEngine.run(ScriptEngine.java:194)
	at com.kms.katalon.core.main.ScriptEngine.runScriptAsRawText(ScriptEngine.java:119)
	at com.kms.katalon.core.main.TestCaseExecutor.runScript(TestCaseExecutor.java:337)
	at com.kms.katalon.core.main.TestCaseExecutor.doExecute(TestCaseExecutor.java:328)
	at com.kms.katalon.core.main.TestCaseExecutor.processExecutionPhase(TestCaseExecutor.java:307)
	at com.kms.katalon.core.main.TestCaseExecutor.accessMainPhase(TestCaseExecutor.java:299)
	at com.kms.katalon.core.main.TestCaseExecutor.execute(TestCaseExecutor.java:233)
	at com.kms.katalon.core.main.TestSuiteExecutor.accessTestCaseMainPhase(TestSuiteExecutor.java:169)
	at com.kms.katalon.core.main.TestSuiteExecutor.accessTestSuiteMainPhase(TestSuiteExecutor.java:142)
	at com.kms.katalon.core.main.TestSuiteExecutor.execute(TestSuiteExecutor.java:91)
	at com.kms.katalon.core.main.TestCaseMain.startTestSuite(TestCaseMain.java:157)
	at com.kms.katalon.core.main.TestCaseMain$startTestSuite$0.call(Unknown Source)
	at TempTestSuite1584598607274.run(TempTestSuite1584598607274.groovy:36)
Caused by: org.openqa.selenium.ElementNotInteractableException: element not interactable
  (Session info: chrome=80.0.3987.132)
Build info: version: '3.141.59', revision: 'e82be7d358', time: '2018-11-14T08:25:53'
System info: host: 'ARCADIER-03', ip: '192.168.254.105', os.name: 'Windows 7', os.arch: 'amd64', os.version: '6.1', java.version: '1.8.0_181'
Driver info: com.kms.katalon.core.webui.driver.ExistingRemoteWebDriver
Capabilities {javascriptEnabled: true, platform: ANY, platformName: ANY}
Session ID: 66da7635ded2d355388026ca8e7d8eff
	at org.openqa.selenium.remote.http.W3CHttpResponseCodec.createException(W3CHttpResponseCodec.java:187)
	at org.openqa.selenium.remote.http.W3CHttpResponseCodec.decode(W3CHttpResponseCodec.java:122)
	at org.openqa.selenium.remote.http.W3CHttpResponseCodec.decode(W3CHttpResponseCodec.java:49)
	at org.openqa.selenium.remote.HttpCommandExecutor.execute(HttpCommandExecutor.java:158)
	at org.openqa.selenium.remote.RemoteWebDriver.execute(RemoteWebDriver.java:552)
	at com.kms.katalon.core.webui.driver.ExistingRemoteWebDriver.execute(ExistingRemoteWebDriver.java:108)
	at org.openqa.selenium.remote.RemoteWebElement.execute(RemoteWebElement.java:285)
	at org.openqa.selenium.remote.RemoteWebElement.click(RemoteWebElement.java:84)
	at org.openqa.selenium.support.events.EventFiringWebDriver$EventFiringWebElement.lambda$new$0(EventFiringWebDriver.java:404)
	at com.sun.proxy.$Proxy9.click(Unknown Source)
	at org.openqa.selenium.support.events.EventFiringWebDriver$EventFiringWebElement.click(EventFiringWebDriver.java:417)
	at com.kms.katalon.core.webui.keyword.builtin.ClickKeyword$_click_closure1.doCall(ClickKeyword.groovy:69)
	at com.kms.katalon.core.webui.keyword.builtin.ClickKeyword$_click_closure1.call(ClickKeyword.groovy)
	at com.kms.katalon.core.webui.keyword.internal.WebUIKeywordMain.runKeyword(WebUIKeywordMain.groovy:20)
	at com.kms.katalon.core.webui.keyword.builtin.ClickKeyword.click(ClickKeyword.groovy:76)
	at com.kms.katalon.core.webui.keyword.builtin.ClickKeyword.execute(ClickKeyword.groovy:43)
	at com.kms.katalon.core.keyword.internal.KeywordExecutor.executeKeywordForPlatform(KeywordExecutor.groovy:72)
	at com.kms.katalon.core.webui.keyword.WebUiBuiltInKeywords.click(WebUiBuiltInKeywords.groovy:616)
	at com.kms.katalon.core.webui.keyword.WebUiBuiltInKeywords$click$0.call(Unknown Source)
	at Script1549506362832.run(Script1549506362832.groovy:28)
	... 13 more
)

2020-03-19 14:28:11 - [MESSAGE][FAILED] - Unable to click on object 'Object Repository/ADMIN/Categories/Category List/button_Categories' (Root cause: com.kms.katalon.core.exception.StepFailedException: Unable to click on object 'Object Repository/ADMIN/Categories/Category List/button_Categories'
	at com.kms.katalon.core.webui.keyword.internal.WebUIKeywordMain.stepFailed(WebUIKeywordMain.groovy:64)
	at com.kms.katalon.core.webui.keyword.internal.WebUIKeywordMain.runKeyword(WebUIKeywordMain.groovy:26)
	at com.kms.katalon.core.webui.keyword.builtin.ClickKeyword.click(ClickKeyword.groovy:76)
	at com.kms.katalon.core.webui.keyword.builtin.ClickKeyword.execute(ClickKeyword.groovy:43)
	at com.kms.katalon.core.keyword.internal.KeywordExecutor.executeKeywordForPlatform(KeywordExecutor.groovy:72)
	at com.kms.katalon.core.webui.keyword.WebUiBuiltInKeywords.click(WebUiBuiltInKeywords.groovy:616)
	at com.kms.katalon.core.webui.keyword.WebUiBuiltInKeywords$click$0.call(Unknown Source)
	at Add Category.run(Add Category:28)
	at com.kms.katalon.core.main.ScriptEngine.run(ScriptEngine.java:194)
	at com.kms.katalon.core.main.ScriptEngine.runScriptAsRawText(ScriptEngine.java:119)
	at com.kms.katalon.core.main.TestCaseExecutor.runScript(TestCaseExecutor.java:337)
	at com.kms.katalon.core.main.TestCaseExecutor.doExecute(TestCaseExecutor.java:328)
	at com.kms.katalon.core.main.TestCaseExecutor.processExecutionPhase(TestCaseExecutor.java:307)
	at com.kms.katalon.core.main.TestCaseExecutor.accessMainPhase(TestCaseExecutor.java:299)
	at com.kms.katalon.core.main.TestCaseExecutor.execute(TestCaseExecutor.java:233)
	at com.kms.katalon.core.main.TestSuiteExecutor.accessTestCaseMainPhase(TestSuiteExecutor.java:169)
	at com.kms.katalon.core.main.TestSuiteExecutor.accessTestSuiteMainPhase(TestSuiteExecutor.java:142)
	at com.kms.katalon.core.main.TestSuiteExecutor.execute(TestSuiteExecutor.java:91)
	at com.kms.katalon.core.main.TestCaseMain.startTestSuite(TestCaseMain.java:157)
	at com.kms.katalon.core.main.TestCaseMain$startTestSuite$0.call(Unknown Source)
	at TempTestSuite1584598607274.run(TempTestSuite1584598607274.groovy:36)
Caused by: org.openqa.selenium.ElementNotInteractableException: element not interactable
  (Session info: chrome=80.0.3987.132)
Build info: version: '3.141.59', revision: 'e82be7d358', time: '2018-11-14T08:25:53'
System info: host: 'ARCADIER-03', ip: '192.168.254.105', os.name: 'Windows 7', os.arch: 'amd64', os.version: '6.1', java.version: '1.8.0_181'
Driver info: com.kms.katalon.core.webui.driver.ExistingRemoteWebDriver
Capabilities {javascriptEnabled: true, platform: ANY, platformName: ANY}
Session ID: 66da7635ded2d355388026ca8e7d8eff
	at org.openqa.selenium.remote.http.W3CHttpResponseCodec.createException(W3CHttpResponseCodec.java:187)
	at org.openqa.selenium.remote.http.W3CHttpResponseCodec.decode(W3CHttpResponseCodec.java:122)
	at org.openqa.selenium.remote.http.W3CHttpResponseCodec.decode(W3CHttpResponseCodec.java:49)
	at org.openqa.selenium.remote.HttpCommandExecutor.execute(HttpCommandExecutor.java:158)
	at org.openqa.selenium.remote.RemoteWebDriver.execute(RemoteWebDriver.java:552)
	at com.kms.katalon.core.webui.driver.ExistingRemoteWebDriver.execute(ExistingRemoteWebDriver.java:108)
	at org.openqa.selenium.remote.RemoteWebElement.execute(RemoteWebElement.java:285)
	at org.openqa.selenium.remote.RemoteWebElement.click(RemoteWebElement.java:84)
	at org.openqa.selenium.support.events.EventFiringWebDriver$EventFiringWebElement.lambda$new$0(EventFiringWebDriver.java:404)
	at com.sun.proxy.$Proxy9.click(Unknown Source)
	at org.openqa.selenium.support.events.EventFiringWebDriver$EventFiringWebElement.click(EventFiringWebDriver.java:417)
	at com.kms.katalon.core.webui.keyword.builtin.ClickKeyword$_click_closure1.doCall(ClickKeyword.groovy:69)
	at com.kms.katalon.core.webui.keyword.builtin.ClickKeyword$_click_closure1.call(ClickKeyword.groovy)
	at com.kms.katalon.core.webui.keyword.internal.WebUIKeywordMain.runKeyword(WebUIKeywordMain.groovy:20)
	at com.kms.katalon.core.webui.keyword.builtin.ClickKeyword.click(ClickKeyword.groovy:76)
	at com.kms.katalon.core.webui.keyword.builtin.ClickKeyword.execute(ClickKeyword.groovy:43)
	at com.kms.katalon.core.keyword.internal.KeywordExecutor.executeKeywordForPlatform(KeywordExecutor.groovy:72)
	at com.kms.katalon.core.webui.keyword.WebUiBuiltInKeywords.click(WebUiBuiltInKeywords.groovy:616)
	at com.kms.katalon.core.webui.keyword.WebUiBuiltInKeywords$click$0.call(Unknown Source)
	at Script1549506362832.run(Script1549506362832.groovy:28)
	... 13 more
)
[[ATTACHMENT|C:\\Katalon\\Arctick\\Reports\\20200319_141647\\Admin\\Admin Add Category\\20200319_141647\\1584599291224.png]]

2020-03-19 14:28:11 - [TEST_STEP][PASSED] - waitForPageLoad(0, STOP_ON_FAILURE): Wait for page load successfully

2020-03-19 14:28:11 - [MESSAGE][WARNING] - Timeout '0' is invalid. Using default page load timeout: '30'

2020-03-19 14:28:11 - [MESSAGE][PASSED] - Wait for page load successfully

2020-03-19 14:28:11 - [TEST_STEP][PASSED] - click(findTestObject("ADMIN/Categories/Category List/button_Add a Category")): Object: 'Object Repository/ADMIN/Categories/Category List/button_Add a Category' is clicked on

2020-03-19 14:28:11 - [MESSAGE][PASSED] - Object: 'Object Repository/ADMIN/Categories/Category List/button_Add a Category' is clicked on

2020-03-19 14:28:11 - [TEST_STEP][PASSED] - waitForElementPresent(findTestObject("ADMIN/Categories/Category/dropdown_Parent"), 2): Object 'Object Repository/ADMIN/Categories/Category/dropdown_Parent' is present

2020-03-19 14:28:11 - [MESSAGE][PASSED] - Object 'Object Repository/ADMIN/Categories/Category/dropdown_Parent' is present

2020-03-19 14:28:11 - [TEST_STEP][PASSED] - delay(1): Delayed 1 second(s)

2020-03-19 14:28:12 - [MESSAGE][PASSED] - Delayed 1 second(s)

2020-03-19 14:28:12 - [TEST_STEP][PASSED] - setText(findTestObject("ADMIN/Categories/Category/textfield_Category Name"), CategoryNametext): Text 'Category 5.1.13' is set on object 'Object Repository/ADMIN/Categories/Category/textfield_Category Name'

2020-03-19 14:28:13 - [MESSAGE][PASSED] - Text 'Category 5.1.13' is set on object 'Object Repository/ADMIN/Categories/Category/textfield_Category Name'

2020-03-19 14:28:13 - [TEST_STEP][PASSED] - click(findTestObject("ADMIN/Categories/Category/dropdown_Parent")): Object: 'Object Repository/ADMIN/Categories/Category/dropdown_Parent' is clicked on

2020-03-19 14:28:13 - [MESSAGE][PASSED] - Object: 'Object Repository/ADMIN/Categories/Category/dropdown_Parent' is clicked on

2020-03-19 14:28:13 - [TEST_STEP][PASSED] - delay(2): Delayed 2 second(s)

2020-03-19 14:28:15 - [MESSAGE][PASSED] - Delayed 2 second(s)

2020-03-19 14:28:15 - [TEST_STEP][PASSED] - click(findTestObject("ADMIN/Categories/Category/dropdown_Parent")): Object: 'Object Repository/ADMIN/Categories/Category/dropdown_Parent' is clicked on

2020-03-19 14:28:15 - [MESSAGE][PASSED] - Object: 'Object Repository/ADMIN/Categories/Category/dropdown_Parent' is clicked on

2020-03-19 14:28:15 - [TEST_STEP][PASSED] - selectOptionByLabel(findTestObject("ADMIN/Categories/Category/dropdown_Parent"), ParentName, false): All options with label 'Category 5.1' are selected in object 'Object Repository/ADMIN/Categories/Category/dropdown_Parent' 

2020-03-19 14:28:15 - [MESSAGE][PASSED] - All options with label 'Category 5.1' are selected in object 'Object Repository/ADMIN/Categories/Category/dropdown_Parent' 

2020-03-19 14:28:15 - [TEST_STEP][PASSED] - click(findTestObject("ADMIN/Categories/Category/button_Browse")): Object: 'Object Repository/ADMIN/Categories/Category/button_Browse' is clicked on

2020-03-19 14:28:15 - [MESSAGE][PASSED] - Object: 'Object Repository/ADMIN/Categories/Category/button_Browse' is clicked on

2020-03-19 14:28:15 - [TEST_STEP][PASSED] - delay(2): Delayed 2 second(s)

2020-03-19 14:28:17 - [MESSAGE][PASSED] - Delayed 2 second(s)

2020-03-19 14:28:17 - [TEST_STEP][PASSED] - uploadFile(findTestObject("ADMIN/Categories/Category/image_input image"), CategoryImageUpload): File 'C:\\Katalon\\Arctick\\Images\\Category\\5.png' sent to object: 'Object Repository/ADMIN/Categories/Category/image_input image'

2020-03-19 14:28:17 - [MESSAGE][PASSED] - File 'C:\\Katalon\\Arctick\\Images\\Category\\5.png' sent to object: 'Object Repository/ADMIN/Categories/Category/image_input image'

2020-03-19 14:28:17 - [TEST_STEP][PASSED] - waitForElementVisible(findTestObject("ADMIN/Categories/Category/button_upload check"), 0): Object 'Object Repository/ADMIN/Categories/Category/button_upload check' is visible

2020-03-19 14:28:17 - [MESSAGE][WARNING] - Timeout '0' is invalid. Using default page load timeout: '30'

2020-03-19 14:28:17 - [MESSAGE][PASSED] - Object 'Object Repository/ADMIN/Categories/Category/button_upload check' is visible

2020-03-19 14:28:17 - [TEST_STEP][PASSED] - click(findTestObject("ADMIN/Categories/Category/button_upload check")): Object: 'Object Repository/ADMIN/Categories/Category/button_upload check' is clicked on

2020-03-19 14:28:18 - [MESSAGE][PASSED] - Object: 'Object Repository/ADMIN/Categories/Category/button_upload check' is clicked on

2020-03-19 14:28:18 - [TEST_STEP][PASSED] - waitForElementVisible(findTestObject("ADMIN/Categories/Category/button_upload save"), 0): Object 'Object Repository/ADMIN/Categories/Category/button_upload save' is visible

2020-03-19 14:28:18 - [MESSAGE][WARNING] - Timeout '0' is invalid. Using default page load timeout: '30'

2020-03-19 14:28:18 - [MESSAGE][PASSED] - Object 'Object Repository/ADMIN/Categories/Category/button_upload save' is visible

2020-03-19 14:28:18 - [TEST_STEP][PASSED] - click(findTestObject("ADMIN/Categories/Category/button_upload save")): Object: 'Object Repository/ADMIN/Categories/Category/button_upload save' is clicked on

2020-03-19 14:28:18 - [MESSAGE][PASSED] - Object: 'Object Repository/ADMIN/Categories/Category/button_upload save' is clicked on

2020-03-19 14:28:18 - [TEST_STEP][PASSED] - setText(findTestObject("ADMIN/Categories/Category/textfield_category_description"), Description): Text 'Description45' is set on object 'Object Repository/ADMIN/Categories/Category/textfield_category_description'

2020-03-19 14:28:18 - [MESSAGE][PASSED] - Text 'Description45' is set on object 'Object Repository/ADMIN/Categories/Category/textfield_category_description'

2020-03-19 14:28:18 - [TEST_STEP][PASSED] - click(findTestObject("ADMIN/Categories/Category/button_Save")): Object: 'Object Repository/ADMIN/Categories/Category/button_Save' is clicked on

2020-03-19 14:28:18 - [MESSAGE][PASSED] - Object: 'Object Repository/ADMIN/Categories/Category/button_Save' is clicked on

2020-03-19 14:28:18 - [TEST_STEP][PASSED] - waitForElementVisible(findTestObject("ADMIN/Categories/Category/label_edit popup"), 0): Object 'Object Repository/ADMIN/Categories/Category/label_edit popup' is visible

2020-03-19 14:28:18 - [MESSAGE][WARNING] - Timeout '0' is invalid. Using default page load timeout: '30'

2020-03-19 14:28:19 - [MESSAGE][PASSED] - Object 'Object Repository/ADMIN/Categories/Category/label_edit popup' is visible

2020-03-19 14:28:19 - [TEST_STEP][PASSED] - waitForElementNotPresent(findTestObject("ADMIN/Categories/Category/label_edit popup"), 0): Web element with id: 'Object Repository/ADMIN/Categories/Category/label_edit popup' located by 'By.xpath: //div[(text() = 'Category was successfully saved.' or . = 'Category was successfully saved.')]' is not present after '30' second(s)

2020-03-19 14:28:19 - [MESSAGE][WARNING] - Timeout '0' is invalid. Using default page load timeout: '30'

2020-03-19 14:28:25 - [MESSAGE][PASSED] - Web element with id: 'Object Repository/ADMIN/Categories/Category/label_edit popup' located by 'By.xpath: //div[(text() = 'Category was successfully saved.' or . = 'Category was successfully saved.')]' is not present after '30' second(s)]]></system-out>
         <system-err><![CDATA[2020-03-19 14:28:10 - [TEST_CASE][FAILED] - Test Cases/ADMIN/Content Mgmt/Categories/Category Add-Edit/Add Category: Test Cases/ADMIN/Content Mgmt/Categories/Category Add-Edit/Add Category FAILED.
Reason:
com.kms.katalon.core.exception.StepFailedException: Unable to click on object 'Object Repository/ADMIN/Categories/Category List/button_Categories' (Root cause: com.kms.katalon.core.exception.StepFailedException: Unable to click on object 'Object Repository/ADMIN/Categories/Category List/button_Categories'
	at com.kms.katalon.core.webui.keyword.internal.WebUIKeywordMain.stepFailed(WebUIKeywordMain.groovy:64)
	at com.kms.katalon.core.webui.keyword.internal.WebUIKeywordMain.runKeyword(WebUIKeywordMain.groovy:26)
	at com.kms.katalon.core.webui.keyword.builtin.ClickKeyword.click(ClickKeyword.groovy:76)
	at com.kms.katalon.core.webui.keyword.builtin.ClickKeyword.execute(ClickKeyword.groovy:43)
	at com.kms.katalon.core.keyword.internal.KeywordExecutor.executeKeywordForPlatform(KeywordExecutor.groovy:72)
	at com.kms.katalon.core.webui.keyword.WebUiBuiltInKeywords.click(WebUiBuiltInKeywords.groovy:616)
	at com.kms.katalon.core.webui.keyword.WebUiBuiltInKeywords$click$0.call(Unknown Source)
	at Add Category.run(Add Category:28)
	at com.kms.katalon.core.main.ScriptEngine.run(ScriptEngine.java:194)
	at com.kms.katalon.core.main.ScriptEngine.runScriptAsRawText(ScriptEngine.java:119)
	at com.kms.katalon.core.main.TestCaseExecutor.runScript(TestCaseExecutor.java:337)
	at com.kms.katalon.core.main.TestCaseExecutor.doExecute(TestCaseExecutor.java:328)
	at com.kms.katalon.core.main.TestCaseExecutor.processExecutionPhase(TestCaseExecutor.java:307)
	at com.kms.katalon.core.main.TestCaseExecutor.accessMainPhase(TestCaseExecutor.java:299)
	at com.kms.katalon.core.main.TestCaseExecutor.execute(TestCaseExecutor.java:233)
	at com.kms.katalon.core.main.TestSuiteExecutor.accessTestCaseMainPhase(TestSuiteExecutor.java:169)
	at com.kms.katalon.core.main.TestSuiteExecutor.accessTestSuiteMainPhase(TestSuiteExecutor.java:142)
	at com.kms.katalon.core.main.TestSuiteExecutor.execute(TestSuiteExecutor.java:91)
	at com.kms.katalon.core.main.TestCaseMain.startTestSuite(TestCaseMain.java:157)
	at com.kms.katalon.core.main.TestCaseMain$startTestSuite$0.call(Unknown Source)
	at TempTestSuite1584598607274.run(TempTestSuite1584598607274.groovy:36)
Caused by: org.openqa.selenium.ElementNotInteractableException: element not interactable
  (Session info: chrome=80.0.3987.132)
Build info: version: '3.141.59', revision: 'e82be7d358', time: '2018-11-14T08:25:53'
System info: host: 'ARCADIER-03', ip: '192.168.254.105', os.name: 'Windows 7', os.arch: 'amd64', os.version: '6.1', java.version: '1.8.0_181'
Driver info: com.kms.katalon.core.webui.driver.ExistingRemoteWebDriver
Capabilities {javascriptEnabled: true, platform: ANY, platformName: ANY}
Session ID: 66da7635ded2d355388026ca8e7d8eff
	at org.openqa.selenium.remote.http.W3CHttpResponseCodec.createException(W3CHttpResponseCodec.java:187)
	at org.openqa.selenium.remote.http.W3CHttpResponseCodec.decode(W3CHttpResponseCodec.java:122)
	at org.openqa.selenium.remote.http.W3CHttpResponseCodec.decode(W3CHttpResponseCodec.java:49)
	at org.openqa.selenium.remote.HttpCommandExecutor.execute(HttpCommandExecutor.java:158)
	at org.openqa.selenium.remote.RemoteWebDriver.execute(RemoteWebDriver.java:552)
	at com.kms.katalon.core.webui.driver.ExistingRemoteWebDriver.execute(ExistingRemoteWebDriver.java:108)
	at org.openqa.selenium.remote.RemoteWebElement.execute(RemoteWebElement.java:285)
	at org.openqa.selenium.remote.RemoteWebElement.click(RemoteWebElement.java:84)
	at org.openqa.selenium.support.events.EventFiringWebDriver$EventFiringWebElement.lambda$new$0(EventFiringWebDriver.java:404)
	at com.sun.proxy.$Proxy9.click(Unknown Source)
	at org.openqa.selenium.support.events.EventFiringWebDriver$EventFiringWebElement.click(EventFiringWebDriver.java:417)
	at com.kms.katalon.core.webui.keyword.builtin.ClickKeyword$_click_closure1.doCall(ClickKeyword.groovy:69)
	at com.kms.katalon.core.webui.keyword.builtin.ClickKeyword$_click_closure1.call(ClickKeyword.groovy)
	at com.kms.katalon.core.webui.keyword.internal.WebUIKeywordMain.runKeyword(WebUIKeywordMain.groovy:20)
	at com.kms.katalon.core.webui.keyword.builtin.ClickKeyword.click(ClickKeyword.groovy:76)
	at com.kms.katalon.core.webui.keyword.builtin.ClickKeyword.execute(ClickKeyword.groovy:43)
	at com.kms.katalon.core.keyword.internal.KeywordExecutor.executeKeywordForPlatform(KeywordExecutor.groovy:72)
	at com.kms.katalon.core.webui.keyword.WebUiBuiltInKeywords.click(WebUiBuiltInKeywords.groovy:616)
	at com.kms.katalon.core.webui.keyword.WebUiBuiltInKeywords$click$0.call(Unknown Source)
	at Script1549506362832.run(Script1549506362832.groovy:28)
	... 13 more
)
	at com.kms.katalon.core.keyword.internal.KeywordMain.stepFailed(KeywordMain.groovy:39)
	at com.kms.katalon.core.webui.keyword.internal.WebUIKeywordMain.stepFailed(WebUIKeywordMain.groovy:64)
	at com.kms.katalon.core.webui.keyword.internal.WebUIKeywordMain.runKeyword(WebUIKeywordMain.groovy:26)
	at com.kms.katalon.core.webui.keyword.builtin.ClickKeyword.click(ClickKeyword.groovy:76)
	at com.kms.katalon.core.webui.keyword.builtin.ClickKeyword.execute(ClickKeyword.groovy:43)
	at com.kms.katalon.core.keyword.internal.KeywordExecutor.executeKeywordForPlatform(KeywordExecutor.groovy:72)
	at com.kms.katalon.core.webui.keyword.WebUiBuiltInKeywords.click(WebUiBuiltInKeywords.groovy:616)
	at com.kms.katalon.core.webui.keyword.WebUiBuiltInKeywords$click$0.call(Unknown Source)
	at Add Category.run(Add Category:28)
	at com.kms.katalon.core.main.ScriptEngine.run(ScriptEngine.java:194)
	at com.kms.katalon.core.main.ScriptEngine.runScriptAsRawText(ScriptEngine.java:119)
	at com.kms.katalon.core.main.TestCaseExecutor.runScript(TestCaseExecutor.java:337)
	at com.kms.katalon.core.main.TestCaseExecutor.doExecute(TestCaseExecutor.java:328)
	at com.kms.katalon.core.main.TestCaseExecutor.processExecutionPhase(TestCaseExecutor.java:307)
	at com.kms.katalon.core.main.TestCaseExecutor.accessMainPhase(TestCaseExecutor.java:299)
	at com.kms.katalon.core.main.TestCaseExecutor.execute(TestCaseExecutor.java:233)
	at com.kms.katalon.core.main.TestSuiteExecutor.accessTestCaseMainPhase(TestSuiteExecutor.java:169)
	at com.kms.katalon.core.main.TestSuiteExecutor.accessTestSuiteMainPhase(TestSuiteExecutor.java:142)
	at com.kms.katalon.core.main.TestSuiteExecutor.execute(TestSuiteExecutor.java:91)
	at com.kms.katalon.core.main.TestCaseMain.startTestSuite(TestCaseMain.java:157)
	at com.kms.katalon.core.main.TestCaseMain$startTestSuite$0.call(Unknown Source)
	at TempTestSuite1584598607274.run(TempTestSuite1584598607274.groovy:36)
Caused by: com.kms.katalon.core.exception.StepFailedException: Unable to click on object 'Object Repository/ADMIN/Categories/Category List/button_Categories'
	... 21 more
Caused by: org.openqa.selenium.ElementNotInteractableException: element not interactable
  (Session info: chrome=80.0.3987.132)
Build info: version: '3.141.59', revision: 'e82be7d358', time: '2018-11-14T08:25:53'
System info: host: 'ARCADIER-03', ip: '192.168.254.105', os.name: 'Windows 7', os.arch: 'amd64', os.version: '6.1', java.version: '1.8.0_181'
Driver info: com.kms.katalon.core.webui.driver.ExistingRemoteWebDriver
Capabilities {javascriptEnabled: true, platform: ANY, platformName: ANY}
Session ID: 66da7635ded2d355388026ca8e7d8eff
	at org.openqa.selenium.remote.http.W3CHttpResponseCodec.createException(W3CHttpResponseCodec.java:187)
	at org.openqa.selenium.remote.http.W3CHttpResponseCodec.decode(W3CHttpResponseCodec.java:122)
	at org.openqa.selenium.remote.http.W3CHttpResponseCodec.decode(W3CHttpResponseCodec.java:49)
	at org.openqa.selenium.remote.HttpCommandExecutor.execute(HttpCommandExecutor.java:158)
	at org.openqa.selenium.remote.RemoteWebDriver.execute(RemoteWebDriver.java:552)
	at com.kms.katalon.core.webui.driver.ExistingRemoteWebDriver.execute(ExistingRemoteWebDriver.java:108)
	at org.openqa.selenium.remote.RemoteWebElement.execute(RemoteWebElement.java:285)
	at org.openqa.selenium.remote.RemoteWebElement.click(RemoteWebElement.java:84)
	at org.openqa.selenium.support.events.EventFiringWebDriver$EventFiringWebElement.lambda$new$0(EventFiringWebDriver.java:404)
	at com.sun.proxy.$Proxy9.click(Unknown Source)
	at org.openqa.selenium.support.events.EventFiringWebDriver$EventFiringWebElement.click(EventFiringWebDriver.java:417)
	at com.kms.katalon.core.webui.keyword.builtin.ClickKeyword$_click_closure1.doCall(ClickKeyword.groovy:69)
	at com.kms.katalon.core.webui.keyword.builtin.ClickKeyword$_click_closure1.call(ClickKeyword.groovy)
	at com.kms.katalon.core.webui.keyword.internal.WebUIKeywordMain.runKeyword(WebUIKeywordMain.groovy:20)
	... 19 more]]></system-err>
      </testcase>
      <testcase name="Test Cases/ADMIN/Content Mgmt/Categories/Category Add-Edit/Add Category" time="14.325" classname="Test Cases/ADMIN/Content Mgmt/Categories/Category Add-Edit/Add Category" status="FAILED">
         <failure type="FAILED" message="Test Cases/ADMIN/Content Mgmt/Categories/Category Add-Edit/Add Category FAILED.
Reason:
com.kms.katalon.core.exception.StepFailedException: Unable to click on object 'Object Repository/ADMIN/Categories/Category List/button_Categories' (Root cause: com.kms.katalon.core.exception.StepFailedException: Unable to click on object 'Object Repository/ADMIN/Categories/Category List/button_Categories'
	at com.kms.katalon.core.webui.keyword.internal.WebUIKeywordMain.stepFailed(WebUIKeywordMain.groovy:64)
	at com.kms.katalon.core.webui.keyword.internal.WebUIKeywordMain.runKeyword(WebUIKeywordMain.groovy:26)
	at com.kms.katalon.core.webui.keyword.builtin.ClickKeyword.click(ClickKeyword.groovy:76)
	at com.kms.katalon.core.webui.keyword.builtin.ClickKeyword.execute(ClickKeyword.groovy:43)
	at com.kms.katalon.core.keyword.internal.KeywordExecutor.executeKeywordForPlatform(KeywordExecutor.groovy:72)
	at com.kms.katalon.core.webui.keyword.WebUiBuiltInKeywords.click(WebUiBuiltInKeywords.groovy:616)
	at com.kms.katalon.core.webui.keyword.WebUiBuiltInKeywords$click$0.call(Unknown Source)
	at Add Category.run(Add Category:28)
	at com.kms.katalon.core.main.ScriptEngine.run(ScriptEngine.java:194)
	at com.kms.katalon.core.main.ScriptEngine.runScriptAsRawText(ScriptEngine.java:119)
	at com.kms.katalon.core.main.TestCaseExecutor.runScript(TestCaseExecutor.java:337)
	at com.kms.katalon.core.main.TestCaseExecutor.doExecute(TestCaseExecutor.java:328)
	at com.kms.katalon.core.main.TestCaseExecutor.processExecutionPhase(TestCaseExecutor.java:307)
	at com.kms.katalon.core.main.TestCaseExecutor.accessMainPhase(TestCaseExecutor.java:299)
	at com.kms.katalon.core.main.TestCaseExecutor.execute(TestCaseExecutor.java:233)
	at com.kms.katalon.core.main.TestSuiteExecutor.accessTestCaseMainPhase(TestSuiteExecutor.java:169)
	at com.kms.katalon.core.main.TestSuiteExecutor.accessTestSuiteMainPhase(TestSuiteExecutor.java:142)
	at com.kms.katalon.core.main.TestSuiteExecutor.execute(TestSuiteExecutor.java:91)
	at com.kms.katalon.core.main.TestCaseMain.startTestSuite(TestCaseMain.java:157)
	at com.kms.katalon.core.main.TestCaseMain$startTestSuite$0.call(Unknown Source)
	at TempTestSuite1584598607274.run(TempTestSuite1584598607274.groovy:36)
Caused by: org.openqa.selenium.ElementNotInteractableException: element not interactable
  (Session info: chrome=80.0.3987.132)
Build info: version: '3.141.59', revision: 'e82be7d358', time: '2018-11-14T08:25:53'
System info: host: 'ARCADIER-03', ip: '192.168.254.105', os.name: 'Windows 7', os.arch: 'amd64', os.version: '6.1', java.version: '1.8.0_181'
Driver info: com.kms.katalon.core.webui.driver.ExistingRemoteWebDriver
Capabilities {javascriptEnabled: true, platform: ANY, platformName: ANY}
Session ID: 66da7635ded2d355388026ca8e7d8eff
	at org.openqa.selenium.remote.http.W3CHttpResponseCodec.createException(W3CHttpResponseCodec.java:187)
	at org.openqa.selenium.remote.http.W3CHttpResponseCodec.decode(W3CHttpResponseCodec.java:122)
	at org.openqa.selenium.remote.http.W3CHttpResponseCodec.decode(W3CHttpResponseCodec.java:49)
	at org.openqa.selenium.remote.HttpCommandExecutor.execute(HttpCommandExecutor.java:158)
	at org.openqa.selenium.remote.RemoteWebDriver.execute(RemoteWebDriver.java:552)
	at com.kms.katalon.core.webui.driver.ExistingRemoteWebDriver.execute(ExistingRemoteWebDriver.java:108)
	at org.openqa.selenium.remote.RemoteWebElement.execute(RemoteWebElement.java:285)
	at org.openqa.selenium.remote.RemoteWebElement.click(RemoteWebElement.java:84)
	at org.openqa.selenium.support.events.EventFiringWebDriver$EventFiringWebElement.lambda$new$0(EventFiringWebDriver.java:404)
	at com.sun.proxy.$Proxy9.click(Unknown Source)
	at org.openqa.selenium.support.events.EventFiringWebDriver$EventFiringWebElement.click(EventFiringWebDriver.java:417)
	at com.kms.katalon.core.webui.keyword.builtin.ClickKeyword$_click_closure1.doCall(ClickKeyword.groovy:69)
	at com.kms.katalon.core.webui.keyword.builtin.ClickKeyword$_click_closure1.call(ClickKeyword.groovy)
	at com.kms.katalon.core.webui.keyword.internal.WebUIKeywordMain.runKeyword(WebUIKeywordMain.groovy:20)
	at com.kms.katalon.core.webui.keyword.builtin.ClickKeyword.click(ClickKeyword.groovy:76)
	at com.kms.katalon.core.webui.keyword.builtin.ClickKeyword.execute(ClickKeyword.groovy:43)
	at com.kms.katalon.core.keyword.internal.KeywordExecutor.executeKeywordForPlatform(KeywordExecutor.groovy:72)
	at com.kms.katalon.core.webui.keyword.WebUiBuiltInKeywords.click(WebUiBuiltInKeywords.groovy:616)
	at com.kms.katalon.core.webui.keyword.WebUiBuiltInKeywords$click$0.call(Unknown Source)
	at Script1549506362832.run(Script1549506362832.groovy:28)
	... 13 more
)
	at com.kms.katalon.core.keyword.internal.KeywordMain.stepFailed(KeywordMain.groovy:39)
	at com.kms.katalon.core.webui.keyword.internal.WebUIKeywordMain.stepFailed(WebUIKeywordMain.groovy:64)
	at com.kms.katalon.core.webui.keyword.internal.WebUIKeywordMain.runKeyword(WebUIKeywordMain.groovy:26)
	at com.kms.katalon.core.webui.keyword.builtin.ClickKeyword.click(ClickKeyword.groovy:76)
	at com.kms.katalon.core.webui.keyword.builtin.ClickKeyword.execute(ClickKeyword.groovy:43)
	at com.kms.katalon.core.keyword.internal.KeywordExecutor.executeKeywordForPlatform(KeywordExecutor.groovy:72)
	at com.kms.katalon.core.webui.keyword.WebUiBuiltInKeywords.click(WebUiBuiltInKeywords.groovy:616)
	at com.kms.katalon.core.webui.keyword.WebUiBuiltInKeywords$click$0.call(Unknown Source)
	at Add Category.run(Add Category:28)
	at com.kms.katalon.core.main.ScriptEngine.run(ScriptEngine.java:194)
	at com.kms.katalon.core.main.ScriptEngine.runScriptAsRawText(ScriptEngine.java:119)
	at com.kms.katalon.core.main.TestCaseExecutor.runScript(TestCaseExecutor.java:337)
	at com.kms.katalon.core.main.TestCaseExecutor.doExecute(TestCaseExecutor.java:328)
	at com.kms.katalon.core.main.TestCaseExecutor.processExecutionPhase(TestCaseExecutor.java:307)
	at com.kms.katalon.core.main.TestCaseExecutor.accessMainPhase(TestCaseExecutor.java:299)
	at com.kms.katalon.core.main.TestCaseExecutor.execute(TestCaseExecutor.java:233)
	at com.kms.katalon.core.main.TestSuiteExecutor.accessTestCaseMainPhase(TestSuiteExecutor.java:169)
	at com.kms.katalon.core.main.TestSuiteExecutor.accessTestSuiteMainPhase(TestSuiteExecutor.java:142)
	at com.kms.katalon.core.main.TestSuiteExecutor.execute(TestSuiteExecutor.java:91)
	at com.kms.katalon.core.main.TestCaseMain.startTestSuite(TestCaseMain.java:157)
	at com.kms.katalon.core.main.TestCaseMain$startTestSuite$0.call(Unknown Source)
	at TempTestSuite1584598607274.run(TempTestSuite1584598607274.groovy:36)
Caused by: com.kms.katalon.core.exception.StepFailedException: Unable to click on object 'Object Repository/ADMIN/Categories/Category List/button_Categories'
	... 21 more
Caused by: org.openqa.selenium.ElementNotInteractableException: element not interactable
  (Session info: chrome=80.0.3987.132)
Build info: version: '3.141.59', revision: 'e82be7d358', time: '2018-11-14T08:25:53'
System info: host: 'ARCADIER-03', ip: '192.168.254.105', os.name: 'Windows 7', os.arch: 'amd64', os.version: '6.1', java.version: '1.8.0_181'
Driver info: com.kms.katalon.core.webui.driver.ExistingRemoteWebDriver
Capabilities {javascriptEnabled: true, platform: ANY, platformName: ANY}
Session ID: 66da7635ded2d355388026ca8e7d8eff
	at org.openqa.selenium.remote.http.W3CHttpResponseCodec.createException(W3CHttpResponseCodec.java:187)
	at org.openqa.selenium.remote.http.W3CHttpResponseCodec.decode(W3CHttpResponseCodec.java:122)
	at org.openqa.selenium.remote.http.W3CHttpResponseCodec.decode(W3CHttpResponseCodec.java:49)
	at org.openqa.selenium.remote.HttpCommandExecutor.execute(HttpCommandExecutor.java:158)
	at org.openqa.selenium.remote.RemoteWebDriver.execute(RemoteWebDriver.java:552)
	at com.kms.katalon.core.webui.driver.ExistingRemoteWebDriver.execute(ExistingRemoteWebDriver.java:108)
	at org.openqa.selenium.remote.RemoteWebElement.execute(RemoteWebElement.java:285)
	at org.openqa.selenium.remote.RemoteWebElement.click(RemoteWebElement.java:84)
	at org.openqa.selenium.support.events.EventFiringWebDriver$EventFiringWebElement.lambda$new$0(EventFiringWebDriver.java:404)
	at com.sun.proxy.$Proxy9.click(Unknown Source)
	at org.openqa.selenium.support.events.EventFiringWebDriver$EventFiringWebElement.click(EventFiringWebDriver.java:417)
	at com.kms.katalon.core.webui.keyword.builtin.ClickKeyword$_click_closure1.doCall(ClickKeyword.groovy:69)
	at com.kms.katalon.core.webui.keyword.builtin.ClickKeyword$_click_closure1.call(ClickKeyword.groovy)
	at com.kms.katalon.core.webui.keyword.internal.WebUIKeywordMain.runKeyword(WebUIKeywordMain.groovy:20)
	... 19 more
"/>
         <system-out><![CDATA[2020-03-19 14:28:25 - [TEST_CASE][FAILED] - Test Cases/ADMIN/Content Mgmt/Categories/Category Add-Edit/Add Category: Test Cases/ADMIN/Content Mgmt/Categories/Category Add-Edit/Add Category FAILED.
Reason:
com.kms.katalon.core.exception.StepFailedException: Unable to click on object 'Object Repository/ADMIN/Categories/Category List/button_Categories' (Root cause: com.kms.katalon.core.exception.StepFailedException: Unable to click on object 'Object Repository/ADMIN/Categories/Category List/button_Categories'
	at com.kms.katalon.core.webui.keyword.internal.WebUIKeywordMain.stepFailed(WebUIKeywordMain.groovy:64)
	at com.kms.katalon.core.webui.keyword.internal.WebUIKeywordMain.runKeyword(WebUIKeywordMain.groovy:26)
	at com.kms.katalon.core.webui.keyword.builtin.ClickKeyword.click(ClickKeyword.groovy:76)
	at com.kms.katalon.core.webui.keyword.builtin.ClickKeyword.execute(ClickKeyword.groovy:43)
	at com.kms.katalon.core.keyword.internal.KeywordExecutor.executeKeywordForPlatform(KeywordExecutor.groovy:72)
	at com.kms.katalon.core.webui.keyword.WebUiBuiltInKeywords.click(WebUiBuiltInKeywords.groovy:616)
	at com.kms.katalon.core.webui.keyword.WebUiBuiltInKeywords$click$0.call(Unknown Source)
	at Add Category.run(Add Category:28)
	at com.kms.katalon.core.main.ScriptEngine.run(ScriptEngine.java:194)
	at com.kms.katalon.core.main.ScriptEngine.runScriptAsRawText(ScriptEngine.java:119)
	at com.kms.katalon.core.main.TestCaseExecutor.runScript(TestCaseExecutor.java:337)
	at com.kms.katalon.core.main.TestCaseExecutor.doExecute(TestCaseExecutor.java:328)
	at com.kms.katalon.core.main.TestCaseExecutor.processExecutionPhase(TestCaseExecutor.java:307)
	at com.kms.katalon.core.main.TestCaseExecutor.accessMainPhase(TestCaseExecutor.java:299)
	at com.kms.katalon.core.main.TestCaseExecutor.execute(TestCaseExecutor.java:233)
	at com.kms.katalon.core.main.TestSuiteExecutor.accessTestCaseMainPhase(TestSuiteExecutor.java:169)
	at com.kms.katalon.core.main.TestSuiteExecutor.accessTestSuiteMainPhase(TestSuiteExecutor.java:142)
	at com.kms.katalon.core.main.TestSuiteExecutor.execute(TestSuiteExecutor.java:91)
	at com.kms.katalon.core.main.TestCaseMain.startTestSuite(TestCaseMain.java:157)
	at com.kms.katalon.core.main.TestCaseMain$startTestSuite$0.call(Unknown Source)
	at TempTestSuite1584598607274.run(TempTestSuite1584598607274.groovy:36)
Caused by: org.openqa.selenium.ElementNotInteractableException: element not interactable
  (Session info: chrome=80.0.3987.132)
Build info: version: '3.141.59', revision: 'e82be7d358', time: '2018-11-14T08:25:53'
System info: host: 'ARCADIER-03', ip: '192.168.254.105', os.name: 'Windows 7', os.arch: 'amd64', os.version: '6.1', java.version: '1.8.0_181'
Driver info: com.kms.katalon.core.webui.driver.ExistingRemoteWebDriver
Capabilities {javascriptEnabled: true, platform: ANY, platformName: ANY}
Session ID: 66da7635ded2d355388026ca8e7d8eff
	at org.openqa.selenium.remote.http.W3CHttpResponseCodec.createException(W3CHttpResponseCodec.java:187)
	at org.openqa.selenium.remote.http.W3CHttpResponseCodec.decode(W3CHttpResponseCodec.java:122)
	at org.openqa.selenium.remote.http.W3CHttpResponseCodec.decode(W3CHttpResponseCodec.java:49)
	at org.openqa.selenium.remote.HttpCommandExecutor.execute(HttpCommandExecutor.java:158)
	at org.openqa.selenium.remote.RemoteWebDriver.execute(RemoteWebDriver.java:552)
	at com.kms.katalon.core.webui.driver.ExistingRemoteWebDriver.execute(ExistingRemoteWebDriver.java:108)
	at org.openqa.selenium.remote.RemoteWebElement.execute(RemoteWebElement.java:285)
	at org.openqa.selenium.remote.RemoteWebElement.click(RemoteWebElement.java:84)
	at org.openqa.selenium.support.events.EventFiringWebDriver$EventFiringWebElement.lambda$new$0(EventFiringWebDriver.java:404)
	at com.sun.proxy.$Proxy9.click(Unknown Source)
	at org.openqa.selenium.support.events.EventFiringWebDriver$EventFiringWebElement.click(EventFiringWebDriver.java:417)
	at com.kms.katalon.core.webui.keyword.builtin.ClickKeyword$_click_closure1.doCall(ClickKeyword.groovy:69)
	at com.kms.katalon.core.webui.keyword.builtin.ClickKeyword$_click_closure1.call(ClickKeyword.groovy)
	at com.kms.katalon.core.webui.keyword.internal.WebUIKeywordMain.runKeyword(WebUIKeywordMain.groovy:20)
	at com.kms.katalon.core.webui.keyword.builtin.ClickKeyword.click(ClickKeyword.groovy:76)
	at com.kms.katalon.core.webui.keyword.builtin.ClickKeyword.execute(ClickKeyword.groovy:43)
	at com.kms.katalon.core.keyword.internal.KeywordExecutor.executeKeywordForPlatform(KeywordExecutor.groovy:72)
	at com.kms.katalon.core.webui.keyword.WebUiBuiltInKeywords.click(WebUiBuiltInKeywords.groovy:616)
	at com.kms.katalon.core.webui.keyword.WebUiBuiltInKeywords$click$0.call(Unknown Source)
	at Script1549506362832.run(Script1549506362832.groovy:28)
	... 13 more
)
	at com.kms.katalon.core.keyword.internal.KeywordMain.stepFailed(KeywordMain.groovy:39)
	at com.kms.katalon.core.webui.keyword.internal.WebUIKeywordMain.stepFailed(WebUIKeywordMain.groovy:64)
	at com.kms.katalon.core.webui.keyword.internal.WebUIKeywordMain.runKeyword(WebUIKeywordMain.groovy:26)
	at com.kms.katalon.core.webui.keyword.builtin.ClickKeyword.click(ClickKeyword.groovy:76)
	at com.kms.katalon.core.webui.keyword.builtin.ClickKeyword.execute(ClickKeyword.groovy:43)
	at com.kms.katalon.core.keyword.internal.KeywordExecutor.executeKeywordForPlatform(KeywordExecutor.groovy:72)
	at com.kms.katalon.core.webui.keyword.WebUiBuiltInKeywords.click(WebUiBuiltInKeywords.groovy:616)
	at com.kms.katalon.core.webui.keyword.WebUiBuiltInKeywords$click$0.call(Unknown Source)
	at Add Category.run(Add Category:28)
	at com.kms.katalon.core.main.ScriptEngine.run(ScriptEngine.java:194)
	at com.kms.katalon.core.main.ScriptEngine.runScriptAsRawText(ScriptEngine.java:119)
	at com.kms.katalon.core.main.TestCaseExecutor.runScript(TestCaseExecutor.java:337)
	at com.kms.katalon.core.main.TestCaseExecutor.doExecute(TestCaseExecutor.java:328)
	at com.kms.katalon.core.main.TestCaseExecutor.processExecutionPhase(TestCaseExecutor.java:307)
	at com.kms.katalon.core.main.TestCaseExecutor.accessMainPhase(TestCaseExecutor.java:299)
	at com.kms.katalon.core.main.TestCaseExecutor.execute(TestCaseExecutor.java:233)
	at com.kms.katalon.core.main.TestSuiteExecutor.accessTestCaseMainPhase(TestSuiteExecutor.java:169)
	at com.kms.katalon.core.main.TestSuiteExecutor.accessTestSuiteMainPhase(TestSuiteExecutor.java:142)
	at com.kms.katalon.core.main.TestSuiteExecutor.execute(TestSuiteExecutor.java:91)
	at com.kms.katalon.core.main.TestCaseMain.startTestSuite(TestCaseMain.java:157)
	at com.kms.katalon.core.main.TestCaseMain$startTestSuite$0.call(Unknown Source)
	at TempTestSuite1584598607274.run(TempTestSuite1584598607274.groovy:36)
Caused by: com.kms.katalon.core.exception.StepFailedException: Unable to click on object 'Object Repository/ADMIN/Categories/Category List/button_Categories'
	... 21 more
Caused by: org.openqa.selenium.ElementNotInteractableException: element not interactable
  (Session info: chrome=80.0.3987.132)
Build info: version: '3.141.59', revision: 'e82be7d358', time: '2018-11-14T08:25:53'
System info: host: 'ARCADIER-03', ip: '192.168.254.105', os.name: 'Windows 7', os.arch: 'amd64', os.version: '6.1', java.version: '1.8.0_181'
Driver info: com.kms.katalon.core.webui.driver.ExistingRemoteWebDriver
Capabilities {javascriptEnabled: true, platform: ANY, platformName: ANY}
Session ID: 66da7635ded2d355388026ca8e7d8eff
	at org.openqa.selenium.remote.http.W3CHttpResponseCodec.createException(W3CHttpResponseCodec.java:187)
	at org.openqa.selenium.remote.http.W3CHttpResponseCodec.decode(W3CHttpResponseCodec.java:122)
	at org.openqa.selenium.remote.http.W3CHttpResponseCodec.decode(W3CHttpResponseCodec.java:49)
	at org.openqa.selenium.remote.HttpCommandExecutor.execute(HttpCommandExecutor.java:158)
	at org.openqa.selenium.remote.RemoteWebDriver.execute(RemoteWebDriver.java:552)
	at com.kms.katalon.core.webui.driver.ExistingRemoteWebDriver.execute(ExistingRemoteWebDriver.java:108)
	at org.openqa.selenium.remote.RemoteWebElement.execute(RemoteWebElement.java:285)
	at org.openqa.selenium.remote.RemoteWebElement.click(RemoteWebElement.java:84)
	at org.openqa.selenium.support.events.EventFiringWebDriver$EventFiringWebElement.lambda$new$0(EventFiringWebDriver.java:404)
	at com.sun.proxy.$Proxy9.click(Unknown Source)
	at org.openqa.selenium.support.events.EventFiringWebDriver$EventFiringWebElement.click(EventFiringWebDriver.java:417)
	at com.kms.katalon.core.webui.keyword.builtin.ClickKeyword$_click_closure1.doCall(ClickKeyword.groovy:69)
	at com.kms.katalon.core.webui.keyword.builtin.ClickKeyword$_click_closure1.call(ClickKeyword.groovy)
	at com.kms.katalon.core.webui.keyword.internal.WebUIKeywordMain.runKeyword(WebUIKeywordMain.groovy:20)
	... 19 more


2020-03-19 14:28:25 - [TEST_STEP][PASSED] - waitForElementVisible(findTestObject("ADMIN/Categories/Category List/button_Content Mgmt"), 0): Object 'Object Repository/ADMIN/Categories/Category List/button_Content Mgmt' is visible

2020-03-19 14:28:25 - [MESSAGE][WARNING] - Timeout '0' is invalid. Using default page load timeout: '30'

2020-03-19 14:28:25 - [MESSAGE][PASSED] - Object 'Object Repository/ADMIN/Categories/Category List/button_Content Mgmt' is visible

2020-03-19 14:28:25 - [TEST_STEP][PASSED] - click(findTestObject("ADMIN/Categories/Category List/button_Content Mgmt")): Object: 'Object Repository/ADMIN/Categories/Category List/button_Content Mgmt' is clicked on

2020-03-19 14:28:25 - [MESSAGE][PASSED] - Object: 'Object Repository/ADMIN/Categories/Category List/button_Content Mgmt' is clicked on

2020-03-19 14:28:25 - [TEST_STEP][PASSED] - waitForElementVisible(findTestObject("ADMIN/Categories/Category List/button_Categories"), 0): Object 'Object Repository/ADMIN/Categories/Category List/button_Categories' is visible

2020-03-19 14:28:25 - [MESSAGE][WARNING] - Timeout '0' is invalid. Using default page load timeout: '30'

2020-03-19 14:28:25 - [MESSAGE][PASSED] - Object 'Object Repository/ADMIN/Categories/Category List/button_Categories' is visible

2020-03-19 14:28:25 - [TEST_STEP][FAILED] - click(findTestObject("ADMIN/Categories/Category List/button_Categories")): Unable to click on object 'Object Repository/ADMIN/Categories/Category List/button_Categories' (Root cause: com.kms.katalon.core.exception.StepFailedException: Unable to click on object 'Object Repository/ADMIN/Categories/Category List/button_Categories'
	at com.kms.katalon.core.webui.keyword.internal.WebUIKeywordMain.stepFailed(WebUIKeywordMain.groovy:64)
	at com.kms.katalon.core.webui.keyword.internal.WebUIKeywordMain.runKeyword(WebUIKeywordMain.groovy:26)
	at com.kms.katalon.core.webui.keyword.builtin.ClickKeyword.click(ClickKeyword.groovy:76)
	at com.kms.katalon.core.webui.keyword.builtin.ClickKeyword.execute(ClickKeyword.groovy:43)
	at com.kms.katalon.core.keyword.internal.KeywordExecutor.executeKeywordForPlatform(KeywordExecutor.groovy:72)
	at com.kms.katalon.core.webui.keyword.WebUiBuiltInKeywords.click(WebUiBuiltInKeywords.groovy:616)
	at com.kms.katalon.core.webui.keyword.WebUiBuiltInKeywords$click$0.call(Unknown Source)
	at Add Category.run(Add Category:28)
	at com.kms.katalon.core.main.ScriptEngine.run(ScriptEngine.java:194)
	at com.kms.katalon.core.main.ScriptEngine.runScriptAsRawText(ScriptEngine.java:119)
	at com.kms.katalon.core.main.TestCaseExecutor.runScript(TestCaseExecutor.java:337)
	at com.kms.katalon.core.main.TestCaseExecutor.doExecute(TestCaseExecutor.java:328)
	at com.kms.katalon.core.main.TestCaseExecutor.processExecutionPhase(TestCaseExecutor.java:307)
	at com.kms.katalon.core.main.TestCaseExecutor.accessMainPhase(TestCaseExecutor.java:299)
	at com.kms.katalon.core.main.TestCaseExecutor.execute(TestCaseExecutor.java:233)
	at com.kms.katalon.core.main.TestSuiteExecutor.accessTestCaseMainPhase(TestSuiteExecutor.java:169)
	at com.kms.katalon.core.main.TestSuiteExecutor.accessTestSuiteMainPhase(TestSuiteExecutor.java:142)
	at com.kms.katalon.core.main.TestSuiteExecutor.execute(TestSuiteExecutor.java:91)
	at com.kms.katalon.core.main.TestCaseMain.startTestSuite(TestCaseMain.java:157)
	at com.kms.katalon.core.main.TestCaseMain$startTestSuite$0.call(Unknown Source)
	at TempTestSuite1584598607274.run(TempTestSuite1584598607274.groovy:36)
Caused by: org.openqa.selenium.ElementNotInteractableException: element not interactable
  (Session info: chrome=80.0.3987.132)
Build info: version: '3.141.59', revision: 'e82be7d358', time: '2018-11-14T08:25:53'
System info: host: 'ARCADIER-03', ip: '192.168.254.105', os.name: 'Windows 7', os.arch: 'amd64', os.version: '6.1', java.version: '1.8.0_181'
Driver info: com.kms.katalon.core.webui.driver.ExistingRemoteWebDriver
Capabilities {javascriptEnabled: true, platform: ANY, platformName: ANY}
Session ID: 66da7635ded2d355388026ca8e7d8eff
	at org.openqa.selenium.remote.http.W3CHttpResponseCodec.createException(W3CHttpResponseCodec.java:187)
	at org.openqa.selenium.remote.http.W3CHttpResponseCodec.decode(W3CHttpResponseCodec.java:122)
	at org.openqa.selenium.remote.http.W3CHttpResponseCodec.decode(W3CHttpResponseCodec.java:49)
	at org.openqa.selenium.remote.HttpCommandExecutor.execute(HttpCommandExecutor.java:158)
	at org.openqa.selenium.remote.RemoteWebDriver.execute(RemoteWebDriver.java:552)
	at com.kms.katalon.core.webui.driver.ExistingRemoteWebDriver.execute(ExistingRemoteWebDriver.java:108)
	at org.openqa.selenium.remote.RemoteWebElement.execute(RemoteWebElement.java:285)
	at org.openqa.selenium.remote.RemoteWebElement.click(RemoteWebElement.java:84)
	at org.openqa.selenium.support.events.EventFiringWebDriver$EventFiringWebElement.lambda$new$0(EventFiringWebDriver.java:404)
	at com.sun.proxy.$Proxy9.click(Unknown Source)
	at org.openqa.selenium.support.events.EventFiringWebDriver$EventFiringWebElement.click(EventFiringWebDriver.java:417)
	at com.kms.katalon.core.webui.keyword.builtin.ClickKeyword$_click_closure1.doCall(ClickKeyword.groovy:69)
	at com.kms.katalon.core.webui.keyword.builtin.ClickKeyword$_click_closure1.call(ClickKeyword.groovy)
	at com.kms.katalon.core.webui.keyword.internal.WebUIKeywordMain.runKeyword(WebUIKeywordMain.groovy:20)
	at com.kms.katalon.core.webui.keyword.builtin.ClickKeyword.click(ClickKeyword.groovy:76)
	at com.kms.katalon.core.webui.keyword.builtin.ClickKeyword.execute(ClickKeyword.groovy:43)
	at com.kms.katalon.core.keyword.internal.KeywordExecutor.executeKeywordForPlatform(KeywordExecutor.groovy:72)
	at com.kms.katalon.core.webui.keyword.WebUiBuiltInKeywords.click(WebUiBuiltInKeywords.groovy:616)
	at com.kms.katalon.core.webui.keyword.WebUiBuiltInKeywords$click$0.call(Unknown Source)
	at Script1549506362832.run(Script1549506362832.groovy:28)
	... 13 more
)

2020-03-19 14:28:26 - [MESSAGE][FAILED] - Unable to click on object 'Object Repository/ADMIN/Categories/Category List/button_Categories' (Root cause: com.kms.katalon.core.exception.StepFailedException: Unable to click on object 'Object Repository/ADMIN/Categories/Category List/button_Categories'
	at com.kms.katalon.core.webui.keyword.internal.WebUIKeywordMain.stepFailed(WebUIKeywordMain.groovy:64)
	at com.kms.katalon.core.webui.keyword.internal.WebUIKeywordMain.runKeyword(WebUIKeywordMain.groovy:26)
	at com.kms.katalon.core.webui.keyword.builtin.ClickKeyword.click(ClickKeyword.groovy:76)
	at com.kms.katalon.core.webui.keyword.builtin.ClickKeyword.execute(ClickKeyword.groovy:43)
	at com.kms.katalon.core.keyword.internal.KeywordExecutor.executeKeywordForPlatform(KeywordExecutor.groovy:72)
	at com.kms.katalon.core.webui.keyword.WebUiBuiltInKeywords.click(WebUiBuiltInKeywords.groovy:616)
	at com.kms.katalon.core.webui.keyword.WebUiBuiltInKeywords$click$0.call(Unknown Source)
	at Add Category.run(Add Category:28)
	at com.kms.katalon.core.main.ScriptEngine.run(ScriptEngine.java:194)
	at com.kms.katalon.core.main.ScriptEngine.runScriptAsRawText(ScriptEngine.java:119)
	at com.kms.katalon.core.main.TestCaseExecutor.runScript(TestCaseExecutor.java:337)
	at com.kms.katalon.core.main.TestCaseExecutor.doExecute(TestCaseExecutor.java:328)
	at com.kms.katalon.core.main.TestCaseExecutor.processExecutionPhase(TestCaseExecutor.java:307)
	at com.kms.katalon.core.main.TestCaseExecutor.accessMainPhase(TestCaseExecutor.java:299)
	at com.kms.katalon.core.main.TestCaseExecutor.execute(TestCaseExecutor.java:233)
	at com.kms.katalon.core.main.TestSuiteExecutor.accessTestCaseMainPhase(TestSuiteExecutor.java:169)
	at com.kms.katalon.core.main.TestSuiteExecutor.accessTestSuiteMainPhase(TestSuiteExecutor.java:142)
	at com.kms.katalon.core.main.TestSuiteExecutor.execute(TestSuiteExecutor.java:91)
	at com.kms.katalon.core.main.TestCaseMain.startTestSuite(TestCaseMain.java:157)
	at com.kms.katalon.core.main.TestCaseMain$startTestSuite$0.call(Unknown Source)
	at TempTestSuite1584598607274.run(TempTestSuite1584598607274.groovy:36)
Caused by: org.openqa.selenium.ElementNotInteractableException: element not interactable
  (Session info: chrome=80.0.3987.132)
Build info: version: '3.141.59', revision: 'e82be7d358', time: '2018-11-14T08:25:53'
System info: host: 'ARCADIER-03', ip: '192.168.254.105', os.name: 'Windows 7', os.arch: 'amd64', os.version: '6.1', java.version: '1.8.0_181'
Driver info: com.kms.katalon.core.webui.driver.ExistingRemoteWebDriver
Capabilities {javascriptEnabled: true, platform: ANY, platformName: ANY}
Session ID: 66da7635ded2d355388026ca8e7d8eff
	at org.openqa.selenium.remote.http.W3CHttpResponseCodec.createException(W3CHttpResponseCodec.java:187)
	at org.openqa.selenium.remote.http.W3CHttpResponseCodec.decode(W3CHttpResponseCodec.java:122)
	at org.openqa.selenium.remote.http.W3CHttpResponseCodec.decode(W3CHttpResponseCodec.java:49)
	at org.openqa.selenium.remote.HttpCommandExecutor.execute(HttpCommandExecutor.java:158)
	at org.openqa.selenium.remote.RemoteWebDriver.execute(RemoteWebDriver.java:552)
	at com.kms.katalon.core.webui.driver.ExistingRemoteWebDriver.execute(ExistingRemoteWebDriver.java:108)
	at org.openqa.selenium.remote.RemoteWebElement.execute(RemoteWebElement.java:285)
	at org.openqa.selenium.remote.RemoteWebElement.click(RemoteWebElement.java:84)
	at org.openqa.selenium.support.events.EventFiringWebDriver$EventFiringWebElement.lambda$new$0(EventFiringWebDriver.java:404)
	at com.sun.proxy.$Proxy9.click(Unknown Source)
	at org.openqa.selenium.support.events.EventFiringWebDriver$EventFiringWebElement.click(EventFiringWebDriver.java:417)
	at com.kms.katalon.core.webui.keyword.builtin.ClickKeyword$_click_closure1.doCall(ClickKeyword.groovy:69)
	at com.kms.katalon.core.webui.keyword.builtin.ClickKeyword$_click_closure1.call(ClickKeyword.groovy)
	at com.kms.katalon.core.webui.keyword.internal.WebUIKeywordMain.runKeyword(WebUIKeywordMain.groovy:20)
	at com.kms.katalon.core.webui.keyword.builtin.ClickKeyword.click(ClickKeyword.groovy:76)
	at com.kms.katalon.core.webui.keyword.builtin.ClickKeyword.execute(ClickKeyword.groovy:43)
	at com.kms.katalon.core.keyword.internal.KeywordExecutor.executeKeywordForPlatform(KeywordExecutor.groovy:72)
	at com.kms.katalon.core.webui.keyword.WebUiBuiltInKeywords.click(WebUiBuiltInKeywords.groovy:616)
	at com.kms.katalon.core.webui.keyword.WebUiBuiltInKeywords$click$0.call(Unknown Source)
	at Script1549506362832.run(Script1549506362832.groovy:28)
	... 13 more
)
[[ATTACHMENT|C:\\Katalon\\Arctick\\Reports\\20200319_141647\\Admin\\Admin Add Category\\20200319_141647\\1584599305876.png]]

2020-03-19 14:28:26 - [TEST_STEP][PASSED] - waitForPageLoad(0, STOP_ON_FAILURE): Wait for page load successfully

2020-03-19 14:28:26 - [MESSAGE][WARNING] - Timeout '0' is invalid. Using default page load timeout: '30'

2020-03-19 14:28:26 - [MESSAGE][PASSED] - Wait for page load successfully

2020-03-19 14:28:26 - [TEST_STEP][PASSED] - click(findTestObject("ADMIN/Categories/Category List/button_Add a Category")): Object: 'Object Repository/ADMIN/Categories/Category List/button_Add a Category' is clicked on

2020-03-19 14:28:26 - [MESSAGE][PASSED] - Object: 'Object Repository/ADMIN/Categories/Category List/button_Add a Category' is clicked on

2020-03-19 14:28:26 - [TEST_STEP][PASSED] - waitForElementPresent(findTestObject("ADMIN/Categories/Category/dropdown_Parent"), 2): Object 'Object Repository/ADMIN/Categories/Category/dropdown_Parent' is present

2020-03-19 14:28:26 - [MESSAGE][PASSED] - Object 'Object Repository/ADMIN/Categories/Category/dropdown_Parent' is present

2020-03-19 14:28:26 - [TEST_STEP][PASSED] - delay(1): Delayed 1 second(s)

2020-03-19 14:28:27 - [MESSAGE][PASSED] - Delayed 1 second(s)

2020-03-19 14:28:27 - [TEST_STEP][PASSED] - setText(findTestObject("ADMIN/Categories/Category/textfield_Category Name"), CategoryNametext): Text 'Category 5.1.14' is set on object 'Object Repository/ADMIN/Categories/Category/textfield_Category Name'

2020-03-19 14:28:27 - [MESSAGE][PASSED] - Text 'Category 5.1.14' is set on object 'Object Repository/ADMIN/Categories/Category/textfield_Category Name'

2020-03-19 14:28:27 - [TEST_STEP][PASSED] - click(findTestObject("ADMIN/Categories/Category/dropdown_Parent")): Object: 'Object Repository/ADMIN/Categories/Category/dropdown_Parent' is clicked on

2020-03-19 14:28:27 - [MESSAGE][PASSED] - Object: 'Object Repository/ADMIN/Categories/Category/dropdown_Parent' is clicked on

2020-03-19 14:28:27 - [TEST_STEP][PASSED] - delay(2): Delayed 2 second(s)

2020-03-19 14:28:29 - [MESSAGE][PASSED] - Delayed 2 second(s)

2020-03-19 14:28:29 - [TEST_STEP][PASSED] - click(findTestObject("ADMIN/Categories/Category/dropdown_Parent")): Object: 'Object Repository/ADMIN/Categories/Category/dropdown_Parent' is clicked on

2020-03-19 14:28:29 - [MESSAGE][PASSED] - Object: 'Object Repository/ADMIN/Categories/Category/dropdown_Parent' is clicked on

2020-03-19 14:28:29 - [TEST_STEP][PASSED] - selectOptionByLabel(findTestObject("ADMIN/Categories/Category/dropdown_Parent"), ParentName, false): All options with label 'Category 5.1' are selected in object 'Object Repository/ADMIN/Categories/Category/dropdown_Parent' 

2020-03-19 14:28:30 - [MESSAGE][PASSED] - All options with label 'Category 5.1' are selected in object 'Object Repository/ADMIN/Categories/Category/dropdown_Parent' 

2020-03-19 14:28:30 - [TEST_STEP][PASSED] - click(findTestObject("ADMIN/Categories/Category/button_Browse")): Object: 'Object Repository/ADMIN/Categories/Category/button_Browse' is clicked on

2020-03-19 14:28:30 - [MESSAGE][PASSED] - Object: 'Object Repository/ADMIN/Categories/Category/button_Browse' is clicked on

2020-03-19 14:28:30 - [TEST_STEP][PASSED] - delay(2): Delayed 2 second(s)

2020-03-19 14:28:32 - [MESSAGE][PASSED] - Delayed 2 second(s)

2020-03-19 14:28:32 - [TEST_STEP][PASSED] - uploadFile(findTestObject("ADMIN/Categories/Category/image_input image"), CategoryImageUpload): File 'C:\\Katalon\\Arctick\\Images\\Category\\5.png' sent to object: 'Object Repository/ADMIN/Categories/Category/image_input image'

2020-03-19 14:28:32 - [MESSAGE][PASSED] - File 'C:\\Katalon\\Arctick\\Images\\Category\\5.png' sent to object: 'Object Repository/ADMIN/Categories/Category/image_input image'

2020-03-19 14:28:32 - [TEST_STEP][PASSED] - waitForElementVisible(findTestObject("ADMIN/Categories/Category/button_upload check"), 0): Object 'Object Repository/ADMIN/Categories/Category/button_upload check' is visible

2020-03-19 14:28:32 - [MESSAGE][WARNING] - Timeout '0' is invalid. Using default page load timeout: '30'

2020-03-19 14:28:32 - [MESSAGE][PASSED] - Object 'Object Repository/ADMIN/Categories/Category/button_upload check' is visible

2020-03-19 14:28:32 - [TEST_STEP][PASSED] - click(findTestObject("ADMIN/Categories/Category/button_upload check")): Object: 'Object Repository/ADMIN/Categories/Category/button_upload check' is clicked on

2020-03-19 14:28:32 - [MESSAGE][PASSED] - Object: 'Object Repository/ADMIN/Categories/Category/button_upload check' is clicked on

2020-03-19 14:28:32 - [TEST_STEP][PASSED] - waitForElementVisible(findTestObject("ADMIN/Categories/Category/button_upload save"), 0): Object 'Object Repository/ADMIN/Categories/Category/button_upload save' is visible

2020-03-19 14:28:32 - [MESSAGE][WARNING] - Timeout '0' is invalid. Using default page load timeout: '30'

2020-03-19 14:28:32 - [MESSAGE][PASSED] - Object 'Object Repository/ADMIN/Categories/Category/button_upload save' is visible

2020-03-19 14:28:32 - [TEST_STEP][PASSED] - click(findTestObject("ADMIN/Categories/Category/button_upload save")): Object: 'Object Repository/ADMIN/Categories/Category/button_upload save' is clicked on

2020-03-19 14:28:32 - [MESSAGE][PASSED] - Object: 'Object Repository/ADMIN/Categories/Category/button_upload save' is clicked on

2020-03-19 14:28:32 - [TEST_STEP][PASSED] - setText(findTestObject("ADMIN/Categories/Category/textfield_category_description"), Description): Text 'Description46' is set on object 'Object Repository/ADMIN/Categories/Category/textfield_category_description'

2020-03-19 14:28:33 - [MESSAGE][PASSED] - Text 'Description46' is set on object 'Object Repository/ADMIN/Categories/Category/textfield_category_description'

2020-03-19 14:28:33 - [TEST_STEP][PASSED] - click(findTestObject("ADMIN/Categories/Category/button_Save")): Object: 'Object Repository/ADMIN/Categories/Category/button_Save' is clicked on

2020-03-19 14:28:33 - [MESSAGE][PASSED] - Object: 'Object Repository/ADMIN/Categories/Category/button_Save' is clicked on

2020-03-19 14:28:33 - [TEST_STEP][PASSED] - waitForElementVisible(findTestObject("ADMIN/Categories/Category/label_edit popup"), 0): Object 'Object Repository/ADMIN/Categories/Category/label_edit popup' is visible

2020-03-19 14:28:33 - [MESSAGE][WARNING] - Timeout '0' is invalid. Using default page load timeout: '30'

2020-03-19 14:28:33 - [MESSAGE][PASSED] - Object 'Object Repository/ADMIN/Categories/Category/label_edit popup' is visible

2020-03-19 14:28:33 - [TEST_STEP][PASSED] - waitForElementNotPresent(findTestObject("ADMIN/Categories/Category/label_edit popup"), 0): Web element with id: 'Object Repository/ADMIN/Categories/Category/label_edit popup' located by 'By.xpath: //div[(text() = 'Category was successfully saved.' or . = 'Category was successfully saved.')]' is not present after '30' second(s)

2020-03-19 14:28:34 - [MESSAGE][WARNING] - Timeout '0' is invalid. Using default page load timeout: '30'

2020-03-19 14:28:39 - [MESSAGE][PASSED] - Web element with id: 'Object Repository/ADMIN/Categories/Category/label_edit popup' located by 'By.xpath: //div[(text() = 'Category was successfully saved.' or . = 'Category was successfully saved.')]' is not present after '30' second(s)]]></system-out>
         <system-err><![CDATA[2020-03-19 14:28:25 - [TEST_CASE][FAILED] - Test Cases/ADMIN/Content Mgmt/Categories/Category Add-Edit/Add Category: Test Cases/ADMIN/Content Mgmt/Categories/Category Add-Edit/Add Category FAILED.
Reason:
com.kms.katalon.core.exception.StepFailedException: Unable to click on object 'Object Repository/ADMIN/Categories/Category List/button_Categories' (Root cause: com.kms.katalon.core.exception.StepFailedException: Unable to click on object 'Object Repository/ADMIN/Categories/Category List/button_Categories'
	at com.kms.katalon.core.webui.keyword.internal.WebUIKeywordMain.stepFailed(WebUIKeywordMain.groovy:64)
	at com.kms.katalon.core.webui.keyword.internal.WebUIKeywordMain.runKeyword(WebUIKeywordMain.groovy:26)
	at com.kms.katalon.core.webui.keyword.builtin.ClickKeyword.click(ClickKeyword.groovy:76)
	at com.kms.katalon.core.webui.keyword.builtin.ClickKeyword.execute(ClickKeyword.groovy:43)
	at com.kms.katalon.core.keyword.internal.KeywordExecutor.executeKeywordForPlatform(KeywordExecutor.groovy:72)
	at com.kms.katalon.core.webui.keyword.WebUiBuiltInKeywords.click(WebUiBuiltInKeywords.groovy:616)
	at com.kms.katalon.core.webui.keyword.WebUiBuiltInKeywords$click$0.call(Unknown Source)
	at Add Category.run(Add Category:28)
	at com.kms.katalon.core.main.ScriptEngine.run(ScriptEngine.java:194)
	at com.kms.katalon.core.main.ScriptEngine.runScriptAsRawText(ScriptEngine.java:119)
	at com.kms.katalon.core.main.TestCaseExecutor.runScript(TestCaseExecutor.java:337)
	at com.kms.katalon.core.main.TestCaseExecutor.doExecute(TestCaseExecutor.java:328)
	at com.kms.katalon.core.main.TestCaseExecutor.processExecutionPhase(TestCaseExecutor.java:307)
	at com.kms.katalon.core.main.TestCaseExecutor.accessMainPhase(TestCaseExecutor.java:299)
	at com.kms.katalon.core.main.TestCaseExecutor.execute(TestCaseExecutor.java:233)
	at com.kms.katalon.core.main.TestSuiteExecutor.accessTestCaseMainPhase(TestSuiteExecutor.java:169)
	at com.kms.katalon.core.main.TestSuiteExecutor.accessTestSuiteMainPhase(TestSuiteExecutor.java:142)
	at com.kms.katalon.core.main.TestSuiteExecutor.execute(TestSuiteExecutor.java:91)
	at com.kms.katalon.core.main.TestCaseMain.startTestSuite(TestCaseMain.java:157)
	at com.kms.katalon.core.main.TestCaseMain$startTestSuite$0.call(Unknown Source)
	at TempTestSuite1584598607274.run(TempTestSuite1584598607274.groovy:36)
Caused by: org.openqa.selenium.ElementNotInteractableException: element not interactable
  (Session info: chrome=80.0.3987.132)
Build info: version: '3.141.59', revision: 'e82be7d358', time: '2018-11-14T08:25:53'
System info: host: 'ARCADIER-03', ip: '192.168.254.105', os.name: 'Windows 7', os.arch: 'amd64', os.version: '6.1', java.version: '1.8.0_181'
Driver info: com.kms.katalon.core.webui.driver.ExistingRemoteWebDriver
Capabilities {javascriptEnabled: true, platform: ANY, platformName: ANY}
Session ID: 66da7635ded2d355388026ca8e7d8eff
	at org.openqa.selenium.remote.http.W3CHttpResponseCodec.createException(W3CHttpResponseCodec.java:187)
	at org.openqa.selenium.remote.http.W3CHttpResponseCodec.decode(W3CHttpResponseCodec.java:122)
	at org.openqa.selenium.remote.http.W3CHttpResponseCodec.decode(W3CHttpResponseCodec.java:49)
	at org.openqa.selenium.remote.HttpCommandExecutor.execute(HttpCommandExecutor.java:158)
	at org.openqa.selenium.remote.RemoteWebDriver.execute(RemoteWebDriver.java:552)
	at com.kms.katalon.core.webui.driver.ExistingRemoteWebDriver.execute(ExistingRemoteWebDriver.java:108)
	at org.openqa.selenium.remote.RemoteWebElement.execute(RemoteWebElement.java:285)
	at org.openqa.selenium.remote.RemoteWebElement.click(RemoteWebElement.java:84)
	at org.openqa.selenium.support.events.EventFiringWebDriver$EventFiringWebElement.lambda$new$0(EventFiringWebDriver.java:404)
	at com.sun.proxy.$Proxy9.click(Unknown Source)
	at org.openqa.selenium.support.events.EventFiringWebDriver$EventFiringWebElement.click(EventFiringWebDriver.java:417)
	at com.kms.katalon.core.webui.keyword.builtin.ClickKeyword$_click_closure1.doCall(ClickKeyword.groovy:69)
	at com.kms.katalon.core.webui.keyword.builtin.ClickKeyword$_click_closure1.call(ClickKeyword.groovy)
	at com.kms.katalon.core.webui.keyword.internal.WebUIKeywordMain.runKeyword(WebUIKeywordMain.groovy:20)
	at com.kms.katalon.core.webui.keyword.builtin.ClickKeyword.click(ClickKeyword.groovy:76)
	at com.kms.katalon.core.webui.keyword.builtin.ClickKeyword.execute(ClickKeyword.groovy:43)
	at com.kms.katalon.core.keyword.internal.KeywordExecutor.executeKeywordForPlatform(KeywordExecutor.groovy:72)
	at com.kms.katalon.core.webui.keyword.WebUiBuiltInKeywords.click(WebUiBuiltInKeywords.groovy:616)
	at com.kms.katalon.core.webui.keyword.WebUiBuiltInKeywords$click$0.call(Unknown Source)
	at Script1549506362832.run(Script1549506362832.groovy:28)
	... 13 more
)
	at com.kms.katalon.core.keyword.internal.KeywordMain.stepFailed(KeywordMain.groovy:39)
	at com.kms.katalon.core.webui.keyword.internal.WebUIKeywordMain.stepFailed(WebUIKeywordMain.groovy:64)
	at com.kms.katalon.core.webui.keyword.internal.WebUIKeywordMain.runKeyword(WebUIKeywordMain.groovy:26)
	at com.kms.katalon.core.webui.keyword.builtin.ClickKeyword.click(ClickKeyword.groovy:76)
	at com.kms.katalon.core.webui.keyword.builtin.ClickKeyword.execute(ClickKeyword.groovy:43)
	at com.kms.katalon.core.keyword.internal.KeywordExecutor.executeKeywordForPlatform(KeywordExecutor.groovy:72)
	at com.kms.katalon.core.webui.keyword.WebUiBuiltInKeywords.click(WebUiBuiltInKeywords.groovy:616)
	at com.kms.katalon.core.webui.keyword.WebUiBuiltInKeywords$click$0.call(Unknown Source)
	at Add Category.run(Add Category:28)
	at com.kms.katalon.core.main.ScriptEngine.run(ScriptEngine.java:194)
	at com.kms.katalon.core.main.ScriptEngine.runScriptAsRawText(ScriptEngine.java:119)
	at com.kms.katalon.core.main.TestCaseExecutor.runScript(TestCaseExecutor.java:337)
	at com.kms.katalon.core.main.TestCaseExecutor.doExecute(TestCaseExecutor.java:328)
	at com.kms.katalon.core.main.TestCaseExecutor.processExecutionPhase(TestCaseExecutor.java:307)
	at com.kms.katalon.core.main.TestCaseExecutor.accessMainPhase(TestCaseExecutor.java:299)
	at com.kms.katalon.core.main.TestCaseExecutor.execute(TestCaseExecutor.java:233)
	at com.kms.katalon.core.main.TestSuiteExecutor.accessTestCaseMainPhase(TestSuiteExecutor.java:169)
	at com.kms.katalon.core.main.TestSuiteExecutor.accessTestSuiteMainPhase(TestSuiteExecutor.java:142)
	at com.kms.katalon.core.main.TestSuiteExecutor.execute(TestSuiteExecutor.java:91)
	at com.kms.katalon.core.main.TestCaseMain.startTestSuite(TestCaseMain.java:157)
	at com.kms.katalon.core.main.TestCaseMain$startTestSuite$0.call(Unknown Source)
	at TempTestSuite1584598607274.run(TempTestSuite1584598607274.groovy:36)
Caused by: com.kms.katalon.core.exception.StepFailedException: Unable to click on object 'Object Repository/ADMIN/Categories/Category List/button_Categories'
	... 21 more
Caused by: org.openqa.selenium.ElementNotInteractableException: element not interactable
  (Session info: chrome=80.0.3987.132)
Build info: version: '3.141.59', revision: 'e82be7d358', time: '2018-11-14T08:25:53'
System info: host: 'ARCADIER-03', ip: '192.168.254.105', os.name: 'Windows 7', os.arch: 'amd64', os.version: '6.1', java.version: '1.8.0_181'
Driver info: com.kms.katalon.core.webui.driver.ExistingRemoteWebDriver
Capabilities {javascriptEnabled: true, platform: ANY, platformName: ANY}
Session ID: 66da7635ded2d355388026ca8e7d8eff
	at org.openqa.selenium.remote.http.W3CHttpResponseCodec.createException(W3CHttpResponseCodec.java:187)
	at org.openqa.selenium.remote.http.W3CHttpResponseCodec.decode(W3CHttpResponseCodec.java:122)
	at org.openqa.selenium.remote.http.W3CHttpResponseCodec.decode(W3CHttpResponseCodec.java:49)
	at org.openqa.selenium.remote.HttpCommandExecutor.execute(HttpCommandExecutor.java:158)
	at org.openqa.selenium.remote.RemoteWebDriver.execute(RemoteWebDriver.java:552)
	at com.kms.katalon.core.webui.driver.ExistingRemoteWebDriver.execute(ExistingRemoteWebDriver.java:108)
	at org.openqa.selenium.remote.RemoteWebElement.execute(RemoteWebElement.java:285)
	at org.openqa.selenium.remote.RemoteWebElement.click(RemoteWebElement.java:84)
	at org.openqa.selenium.support.events.EventFiringWebDriver$EventFiringWebElement.lambda$new$0(EventFiringWebDriver.java:404)
	at com.sun.proxy.$Proxy9.click(Unknown Source)
	at org.openqa.selenium.support.events.EventFiringWebDriver$EventFiringWebElement.click(EventFiringWebDriver.java:417)
	at com.kms.katalon.core.webui.keyword.builtin.ClickKeyword$_click_closure1.doCall(ClickKeyword.groovy:69)
	at com.kms.katalon.core.webui.keyword.builtin.ClickKeyword$_click_closure1.call(ClickKeyword.groovy)
	at com.kms.katalon.core.webui.keyword.internal.WebUIKeywordMain.runKeyword(WebUIKeywordMain.groovy:20)
	... 19 more]]></system-err>
      </testcase>
      <testcase name="Test Cases/ADMIN/Content Mgmt/Categories/Category Add-Edit/Add Category" time="16.454" classname="Test Cases/ADMIN/Content Mgmt/Categories/Category Add-Edit/Add Category" status="PASSED">
         <system-out><![CDATA[2020-03-19 14:28:39 - [TEST_CASE][PASSED] - Test Cases/ADMIN/Content Mgmt/Categories/Category Add-Edit/Add Category: Test Cases/ADMIN/Content Mgmt/Categories/Category Add-Edit/Add Category

2020-03-19 14:28:39 - [TEST_STEP][PASSED] - waitForElementVisible(findTestObject("ADMIN/Categories/Category List/button_Content Mgmt"), 0): Object 'Object Repository/ADMIN/Categories/Category List/button_Content Mgmt' is visible

2020-03-19 14:28:39 - [MESSAGE][WARNING] - Timeout '0' is invalid. Using default page load timeout: '30'

2020-03-19 14:28:39 - [MESSAGE][PASSED] - Object 'Object Repository/ADMIN/Categories/Category List/button_Content Mgmt' is visible

2020-03-19 14:28:39 - [TEST_STEP][PASSED] - click(findTestObject("ADMIN/Categories/Category List/button_Content Mgmt")): Object: 'Object Repository/ADMIN/Categories/Category List/button_Content Mgmt' is clicked on

2020-03-19 14:28:39 - [MESSAGE][PASSED] - Object: 'Object Repository/ADMIN/Categories/Category List/button_Content Mgmt' is clicked on

2020-03-19 14:28:39 - [TEST_STEP][PASSED] - waitForElementVisible(findTestObject("ADMIN/Categories/Category List/button_Categories"), 0): Object 'Object Repository/ADMIN/Categories/Category List/button_Categories' is visible

2020-03-19 14:28:39 - [MESSAGE][WARNING] - Timeout '0' is invalid. Using default page load timeout: '30'

2020-03-19 14:28:41 - [MESSAGE][PASSED] - Object 'Object Repository/ADMIN/Categories/Category List/button_Categories' is visible

2020-03-19 14:28:41 - [TEST_STEP][PASSED] - click(findTestObject("ADMIN/Categories/Category List/button_Categories")): Object: 'Object Repository/ADMIN/Categories/Category List/button_Categories' is clicked on

2020-03-19 14:28:42 - [MESSAGE][PASSED] - Object: 'Object Repository/ADMIN/Categories/Category List/button_Categories' is clicked on

2020-03-19 14:28:42 - [TEST_STEP][PASSED] - waitForPageLoad(0, STOP_ON_FAILURE): Wait for page load successfully

2020-03-19 14:28:42 - [MESSAGE][WARNING] - Timeout '0' is invalid. Using default page load timeout: '30'

2020-03-19 14:28:42 - [MESSAGE][PASSED] - Wait for page load successfully

2020-03-19 14:28:42 - [TEST_STEP][PASSED] - click(findTestObject("ADMIN/Categories/Category List/button_Add a Category")): Object: 'Object Repository/ADMIN/Categories/Category List/button_Add a Category' is clicked on

2020-03-19 14:28:42 - [MESSAGE][PASSED] - Object: 'Object Repository/ADMIN/Categories/Category List/button_Add a Category' is clicked on

2020-03-19 14:28:42 - [TEST_STEP][PASSED] - waitForElementPresent(findTestObject("ADMIN/Categories/Category/dropdown_Parent"), 2): Object 'Object Repository/ADMIN/Categories/Category/dropdown_Parent' is present

2020-03-19 14:28:42 - [MESSAGE][PASSED] - Object 'Object Repository/ADMIN/Categories/Category/dropdown_Parent' is present

2020-03-19 14:28:42 - [TEST_STEP][PASSED] - delay(1): Delayed 1 second(s)

2020-03-19 14:28:43 - [MESSAGE][PASSED] - Delayed 1 second(s)

2020-03-19 14:28:43 - [TEST_STEP][PASSED] - setText(findTestObject("ADMIN/Categories/Category/textfield_Category Name"), CategoryNametext): Text 'Category 5.1.15' is set on object 'Object Repository/ADMIN/Categories/Category/textfield_Category Name'

2020-03-19 14:28:43 - [MESSAGE][PASSED] - Text 'Category 5.1.15' is set on object 'Object Repository/ADMIN/Categories/Category/textfield_Category Name'

2020-03-19 14:28:43 - [TEST_STEP][PASSED] - click(findTestObject("ADMIN/Categories/Category/dropdown_Parent")): Object: 'Object Repository/ADMIN/Categories/Category/dropdown_Parent' is clicked on

2020-03-19 14:28:43 - [MESSAGE][PASSED] - Object: 'Object Repository/ADMIN/Categories/Category/dropdown_Parent' is clicked on

2020-03-19 14:28:43 - [TEST_STEP][PASSED] - delay(2): Delayed 2 second(s)

2020-03-19 14:28:45 - [MESSAGE][PASSED] - Delayed 2 second(s)

2020-03-19 14:28:45 - [TEST_STEP][PASSED] - click(findTestObject("ADMIN/Categories/Category/dropdown_Parent")): Object: 'Object Repository/ADMIN/Categories/Category/dropdown_Parent' is clicked on

2020-03-19 14:28:46 - [MESSAGE][PASSED] - Object: 'Object Repository/ADMIN/Categories/Category/dropdown_Parent' is clicked on

2020-03-19 14:28:46 - [TEST_STEP][PASSED] - selectOptionByLabel(findTestObject("ADMIN/Categories/Category/dropdown_Parent"), ParentName, false): All options with label 'Category 5.1' are selected in object 'Object Repository/ADMIN/Categories/Category/dropdown_Parent' 

2020-03-19 14:28:46 - [MESSAGE][PASSED] - All options with label 'Category 5.1' are selected in object 'Object Repository/ADMIN/Categories/Category/dropdown_Parent' 

2020-03-19 14:28:46 - [TEST_STEP][PASSED] - click(findTestObject("ADMIN/Categories/Category/button_Browse")): Object: 'Object Repository/ADMIN/Categories/Category/button_Browse' is clicked on

2020-03-19 14:28:46 - [MESSAGE][PASSED] - Object: 'Object Repository/ADMIN/Categories/Category/button_Browse' is clicked on

2020-03-19 14:28:46 - [TEST_STEP][PASSED] - delay(2): Delayed 2 second(s)

2020-03-19 14:28:48 - [MESSAGE][PASSED] - Delayed 2 second(s)

2020-03-19 14:28:48 - [TEST_STEP][PASSED] - uploadFile(findTestObject("ADMIN/Categories/Category/image_input image"), CategoryImageUpload): File 'C:\\Katalon\\Arctick\\Images\\Category\\5.png' sent to object: 'Object Repository/ADMIN/Categories/Category/image_input image'

2020-03-19 14:28:48 - [MESSAGE][PASSED] - File 'C:\\Katalon\\Arctick\\Images\\Category\\5.png' sent to object: 'Object Repository/ADMIN/Categories/Category/image_input image'

2020-03-19 14:28:48 - [TEST_STEP][PASSED] - waitForElementVisible(findTestObject("ADMIN/Categories/Category/button_upload check"), 0): Object 'Object Repository/ADMIN/Categories/Category/button_upload check' is visible

2020-03-19 14:28:48 - [MESSAGE][WARNING] - Timeout '0' is invalid. Using default page load timeout: '30'

2020-03-19 14:28:48 - [MESSAGE][PASSED] - Object 'Object Repository/ADMIN/Categories/Category/button_upload check' is visible

2020-03-19 14:28:48 - [TEST_STEP][PASSED] - click(findTestObject("ADMIN/Categories/Category/button_upload check")): Object: 'Object Repository/ADMIN/Categories/Category/button_upload check' is clicked on

2020-03-19 14:28:48 - [MESSAGE][PASSED] - Object: 'Object Repository/ADMIN/Categories/Category/button_upload check' is clicked on

2020-03-19 14:28:48 - [TEST_STEP][PASSED] - waitForElementVisible(findTestObject("ADMIN/Categories/Category/button_upload save"), 0): Object 'Object Repository/ADMIN/Categories/Category/button_upload save' is visible

2020-03-19 14:28:48 - [MESSAGE][WARNING] - Timeout '0' is invalid. Using default page load timeout: '30'

2020-03-19 14:28:48 - [MESSAGE][PASSED] - Object 'Object Repository/ADMIN/Categories/Category/button_upload save' is visible

2020-03-19 14:28:48 - [TEST_STEP][PASSED] - click(findTestObject("ADMIN/Categories/Category/button_upload save")): Object: 'Object Repository/ADMIN/Categories/Category/button_upload save' is clicked on

2020-03-19 14:28:49 - [MESSAGE][PASSED] - Object: 'Object Repository/ADMIN/Categories/Category/button_upload save' is clicked on

2020-03-19 14:28:49 - [TEST_STEP][PASSED] - setText(findTestObject("ADMIN/Categories/Category/textfield_category_description"), Description): Text 'Description47' is set on object 'Object Repository/ADMIN/Categories/Category/textfield_category_description'

2020-03-19 14:28:49 - [MESSAGE][PASSED] - Text 'Description47' is set on object 'Object Repository/ADMIN/Categories/Category/textfield_category_description'

2020-03-19 14:28:49 - [TEST_STEP][PASSED] - click(findTestObject("ADMIN/Categories/Category/button_Save")): Object: 'Object Repository/ADMIN/Categories/Category/button_Save' is clicked on

2020-03-19 14:28:49 - [MESSAGE][PASSED] - Object: 'Object Repository/ADMIN/Categories/Category/button_Save' is clicked on

2020-03-19 14:28:49 - [TEST_STEP][PASSED] - waitForElementVisible(findTestObject("ADMIN/Categories/Category/label_edit popup"), 0): Object 'Object Repository/ADMIN/Categories/Category/label_edit popup' is visible

2020-03-19 14:28:49 - [MESSAGE][WARNING] - Timeout '0' is invalid. Using default page load timeout: '30'

2020-03-19 14:28:50 - [MESSAGE][PASSED] - Object 'Object Repository/ADMIN/Categories/Category/label_edit popup' is visible

2020-03-19 14:28:50 - [TEST_STEP][PASSED] - waitForElementNotPresent(findTestObject("ADMIN/Categories/Category/label_edit popup"), 0): Web element with id: 'Object Repository/ADMIN/Categories/Category/label_edit popup' located by 'By.xpath: //div[(text() = 'Category was successfully saved.' or . = 'Category was successfully saved.')]' is not present after '30' second(s)

2020-03-19 14:28:50 - [MESSAGE][WARNING] - Timeout '0' is invalid. Using default page load timeout: '30'

2020-03-19 14:28:56 - [MESSAGE][PASSED] - Web element with id: 'Object Repository/ADMIN/Categories/Category/label_edit popup' located by 'By.xpath: //div[(text() = 'Category was successfully saved.' or . = 'Category was successfully saved.')]' is not present after '30' second(s)]]></system-out>
         <system-err><![CDATA[]]></system-err>
      </testcase>
      <testcase name="Test Cases/ADMIN/Content Mgmt/Categories/Category Add-Edit/Add Category" time="14.614" classname="Test Cases/ADMIN/Content Mgmt/Categories/Category Add-Edit/Add Category" status="FAILED">
         <failure type="FAILED" message="Test Cases/ADMIN/Content Mgmt/Categories/Category Add-Edit/Add Category FAILED.
Reason:
com.kms.katalon.core.exception.StepFailedException: Unable to click on object 'Object Repository/ADMIN/Categories/Category List/button_Categories' (Root cause: com.kms.katalon.core.exception.StepFailedException: Unable to click on object 'Object Repository/ADMIN/Categories/Category List/button_Categories'
	at com.kms.katalon.core.webui.keyword.internal.WebUIKeywordMain.stepFailed(WebUIKeywordMain.groovy:64)
	at com.kms.katalon.core.webui.keyword.internal.WebUIKeywordMain.runKeyword(WebUIKeywordMain.groovy:26)
	at com.kms.katalon.core.webui.keyword.builtin.ClickKeyword.click(ClickKeyword.groovy:76)
	at com.kms.katalon.core.webui.keyword.builtin.ClickKeyword.execute(ClickKeyword.groovy:43)
	at com.kms.katalon.core.keyword.internal.KeywordExecutor.executeKeywordForPlatform(KeywordExecutor.groovy:72)
	at com.kms.katalon.core.webui.keyword.WebUiBuiltInKeywords.click(WebUiBuiltInKeywords.groovy:616)
	at com.kms.katalon.core.webui.keyword.WebUiBuiltInKeywords$click$0.call(Unknown Source)
	at Add Category.run(Add Category:28)
	at com.kms.katalon.core.main.ScriptEngine.run(ScriptEngine.java:194)
	at com.kms.katalon.core.main.ScriptEngine.runScriptAsRawText(ScriptEngine.java:119)
	at com.kms.katalon.core.main.TestCaseExecutor.runScript(TestCaseExecutor.java:337)
	at com.kms.katalon.core.main.TestCaseExecutor.doExecute(TestCaseExecutor.java:328)
	at com.kms.katalon.core.main.TestCaseExecutor.processExecutionPhase(TestCaseExecutor.java:307)
	at com.kms.katalon.core.main.TestCaseExecutor.accessMainPhase(TestCaseExecutor.java:299)
	at com.kms.katalon.core.main.TestCaseExecutor.execute(TestCaseExecutor.java:233)
	at com.kms.katalon.core.main.TestSuiteExecutor.accessTestCaseMainPhase(TestSuiteExecutor.java:169)
	at com.kms.katalon.core.main.TestSuiteExecutor.accessTestSuiteMainPhase(TestSuiteExecutor.java:142)
	at com.kms.katalon.core.main.TestSuiteExecutor.execute(TestSuiteExecutor.java:91)
	at com.kms.katalon.core.main.TestCaseMain.startTestSuite(TestCaseMain.java:157)
	at com.kms.katalon.core.main.TestCaseMain$startTestSuite$0.call(Unknown Source)
	at TempTestSuite1584598607274.run(TempTestSuite1584598607274.groovy:36)
Caused by: org.openqa.selenium.ElementNotInteractableException: element not interactable
  (Session info: chrome=80.0.3987.132)
Build info: version: '3.141.59', revision: 'e82be7d358', time: '2018-11-14T08:25:53'
System info: host: 'ARCADIER-03', ip: '192.168.254.105', os.name: 'Windows 7', os.arch: 'amd64', os.version: '6.1', java.version: '1.8.0_181'
Driver info: com.kms.katalon.core.webui.driver.ExistingRemoteWebDriver
Capabilities {javascriptEnabled: true, platform: ANY, platformName: ANY}
Session ID: 66da7635ded2d355388026ca8e7d8eff
	at org.openqa.selenium.remote.http.W3CHttpResponseCodec.createException(W3CHttpResponseCodec.java:187)
	at org.openqa.selenium.remote.http.W3CHttpResponseCodec.decode(W3CHttpResponseCodec.java:122)
	at org.openqa.selenium.remote.http.W3CHttpResponseCodec.decode(W3CHttpResponseCodec.java:49)
	at org.openqa.selenium.remote.HttpCommandExecutor.execute(HttpCommandExecutor.java:158)
	at org.openqa.selenium.remote.RemoteWebDriver.execute(RemoteWebDriver.java:552)
	at com.kms.katalon.core.webui.driver.ExistingRemoteWebDriver.execute(ExistingRemoteWebDriver.java:108)
	at org.openqa.selenium.remote.RemoteWebElement.execute(RemoteWebElement.java:285)
	at org.openqa.selenium.remote.RemoteWebElement.click(RemoteWebElement.java:84)
	at org.openqa.selenium.support.events.EventFiringWebDriver$EventFiringWebElement.lambda$new$0(EventFiringWebDriver.java:404)
	at com.sun.proxy.$Proxy9.click(Unknown Source)
	at org.openqa.selenium.support.events.EventFiringWebDriver$EventFiringWebElement.click(EventFiringWebDriver.java:417)
	at com.kms.katalon.core.webui.keyword.builtin.ClickKeyword$_click_closure1.doCall(ClickKeyword.groovy:69)
	at com.kms.katalon.core.webui.keyword.builtin.ClickKeyword$_click_closure1.call(ClickKeyword.groovy)
	at com.kms.katalon.core.webui.keyword.internal.WebUIKeywordMain.runKeyword(WebUIKeywordMain.groovy:20)
	at com.kms.katalon.core.webui.keyword.builtin.ClickKeyword.click(ClickKeyword.groovy:76)
	at com.kms.katalon.core.webui.keyword.builtin.ClickKeyword.execute(ClickKeyword.groovy:43)
	at com.kms.katalon.core.keyword.internal.KeywordExecutor.executeKeywordForPlatform(KeywordExecutor.groovy:72)
	at com.kms.katalon.core.webui.keyword.WebUiBuiltInKeywords.click(WebUiBuiltInKeywords.groovy:616)
	at com.kms.katalon.core.webui.keyword.WebUiBuiltInKeywords$click$0.call(Unknown Source)
	at Script1549506362832.run(Script1549506362832.groovy:28)
	... 13 more
)
	at com.kms.katalon.core.keyword.internal.KeywordMain.stepFailed(KeywordMain.groovy:39)
	at com.kms.katalon.core.webui.keyword.internal.WebUIKeywordMain.stepFailed(WebUIKeywordMain.groovy:64)
	at com.kms.katalon.core.webui.keyword.internal.WebUIKeywordMain.runKeyword(WebUIKeywordMain.groovy:26)
	at com.kms.katalon.core.webui.keyword.builtin.ClickKeyword.click(ClickKeyword.groovy:76)
	at com.kms.katalon.core.webui.keyword.builtin.ClickKeyword.execute(ClickKeyword.groovy:43)
	at com.kms.katalon.core.keyword.internal.KeywordExecutor.executeKeywordForPlatform(KeywordExecutor.groovy:72)
	at com.kms.katalon.core.webui.keyword.WebUiBuiltInKeywords.click(WebUiBuiltInKeywords.groovy:616)
	at com.kms.katalon.core.webui.keyword.WebUiBuiltInKeywords$click$0.call(Unknown Source)
	at Add Category.run(Add Category:28)
	at com.kms.katalon.core.main.ScriptEngine.run(ScriptEngine.java:194)
	at com.kms.katalon.core.main.ScriptEngine.runScriptAsRawText(ScriptEngine.java:119)
	at com.kms.katalon.core.main.TestCaseExecutor.runScript(TestCaseExecutor.java:337)
	at com.kms.katalon.core.main.TestCaseExecutor.doExecute(TestCaseExecutor.java:328)
	at com.kms.katalon.core.main.TestCaseExecutor.processExecutionPhase(TestCaseExecutor.java:307)
	at com.kms.katalon.core.main.TestCaseExecutor.accessMainPhase(TestCaseExecutor.java:299)
	at com.kms.katalon.core.main.TestCaseExecutor.execute(TestCaseExecutor.java:233)
	at com.kms.katalon.core.main.TestSuiteExecutor.accessTestCaseMainPhase(TestSuiteExecutor.java:169)
	at com.kms.katalon.core.main.TestSuiteExecutor.accessTestSuiteMainPhase(TestSuiteExecutor.java:142)
	at com.kms.katalon.core.main.TestSuiteExecutor.execute(TestSuiteExecutor.java:91)
	at com.kms.katalon.core.main.TestCaseMain.startTestSuite(TestCaseMain.java:157)
	at com.kms.katalon.core.main.TestCaseMain$startTestSuite$0.call(Unknown Source)
	at TempTestSuite1584598607274.run(TempTestSuite1584598607274.groovy:36)
Caused by: com.kms.katalon.core.exception.StepFailedException: Unable to click on object 'Object Repository/ADMIN/Categories/Category List/button_Categories'
	... 21 more
Caused by: org.openqa.selenium.ElementNotInteractableException: element not interactable
  (Session info: chrome=80.0.3987.132)
Build info: version: '3.141.59', revision: 'e82be7d358', time: '2018-11-14T08:25:53'
System info: host: 'ARCADIER-03', ip: '192.168.254.105', os.name: 'Windows 7', os.arch: 'amd64', os.version: '6.1', java.version: '1.8.0_181'
Driver info: com.kms.katalon.core.webui.driver.ExistingRemoteWebDriver
Capabilities {javascriptEnabled: true, platform: ANY, platformName: ANY}
Session ID: 66da7635ded2d355388026ca8e7d8eff
	at org.openqa.selenium.remote.http.W3CHttpResponseCodec.createException(W3CHttpResponseCodec.java:187)
	at org.openqa.selenium.remote.http.W3CHttpResponseCodec.decode(W3CHttpResponseCodec.java:122)
	at org.openqa.selenium.remote.http.W3CHttpResponseCodec.decode(W3CHttpResponseCodec.java:49)
	at org.openqa.selenium.remote.HttpCommandExecutor.execute(HttpCommandExecutor.java:158)
	at org.openqa.selenium.remote.RemoteWebDriver.execute(RemoteWebDriver.java:552)
	at com.kms.katalon.core.webui.driver.ExistingRemoteWebDriver.execute(ExistingRemoteWebDriver.java:108)
	at org.openqa.selenium.remote.RemoteWebElement.execute(RemoteWebElement.java:285)
	at org.openqa.selenium.remote.RemoteWebElement.click(RemoteWebElement.java:84)
	at org.openqa.selenium.support.events.EventFiringWebDriver$EventFiringWebElement.lambda$new$0(EventFiringWebDriver.java:404)
	at com.sun.proxy.$Proxy9.click(Unknown Source)
	at org.openqa.selenium.support.events.EventFiringWebDriver$EventFiringWebElement.click(EventFiringWebDriver.java:417)
	at com.kms.katalon.core.webui.keyword.builtin.ClickKeyword$_click_closure1.doCall(ClickKeyword.groovy:69)
	at com.kms.katalon.core.webui.keyword.builtin.ClickKeyword$_click_closure1.call(ClickKeyword.groovy)
	at com.kms.katalon.core.webui.keyword.internal.WebUIKeywordMain.runKeyword(WebUIKeywordMain.groovy:20)
	... 19 more
"/>
         <system-out><![CDATA[2020-03-19 14:28:56 - [TEST_CASE][FAILED] - Test Cases/ADMIN/Content Mgmt/Categories/Category Add-Edit/Add Category: Test Cases/ADMIN/Content Mgmt/Categories/Category Add-Edit/Add Category FAILED.
Reason:
com.kms.katalon.core.exception.StepFailedException: Unable to click on object 'Object Repository/ADMIN/Categories/Category List/button_Categories' (Root cause: com.kms.katalon.core.exception.StepFailedException: Unable to click on object 'Object Repository/ADMIN/Categories/Category List/button_Categories'
	at com.kms.katalon.core.webui.keyword.internal.WebUIKeywordMain.stepFailed(WebUIKeywordMain.groovy:64)
	at com.kms.katalon.core.webui.keyword.internal.WebUIKeywordMain.runKeyword(WebUIKeywordMain.groovy:26)
	at com.kms.katalon.core.webui.keyword.builtin.ClickKeyword.click(ClickKeyword.groovy:76)
	at com.kms.katalon.core.webui.keyword.builtin.ClickKeyword.execute(ClickKeyword.groovy:43)
	at com.kms.katalon.core.keyword.internal.KeywordExecutor.executeKeywordForPlatform(KeywordExecutor.groovy:72)
	at com.kms.katalon.core.webui.keyword.WebUiBuiltInKeywords.click(WebUiBuiltInKeywords.groovy:616)
	at com.kms.katalon.core.webui.keyword.WebUiBuiltInKeywords$click$0.call(Unknown Source)
	at Add Category.run(Add Category:28)
	at com.kms.katalon.core.main.ScriptEngine.run(ScriptEngine.java:194)
	at com.kms.katalon.core.main.ScriptEngine.runScriptAsRawText(ScriptEngine.java:119)
	at com.kms.katalon.core.main.TestCaseExecutor.runScript(TestCaseExecutor.java:337)
	at com.kms.katalon.core.main.TestCaseExecutor.doExecute(TestCaseExecutor.java:328)
	at com.kms.katalon.core.main.TestCaseExecutor.processExecutionPhase(TestCaseExecutor.java:307)
	at com.kms.katalon.core.main.TestCaseExecutor.accessMainPhase(TestCaseExecutor.java:299)
	at com.kms.katalon.core.main.TestCaseExecutor.execute(TestCaseExecutor.java:233)
	at com.kms.katalon.core.main.TestSuiteExecutor.accessTestCaseMainPhase(TestSuiteExecutor.java:169)
	at com.kms.katalon.core.main.TestSuiteExecutor.accessTestSuiteMainPhase(TestSuiteExecutor.java:142)
	at com.kms.katalon.core.main.TestSuiteExecutor.execute(TestSuiteExecutor.java:91)
	at com.kms.katalon.core.main.TestCaseMain.startTestSuite(TestCaseMain.java:157)
	at com.kms.katalon.core.main.TestCaseMain$startTestSuite$0.call(Unknown Source)
	at TempTestSuite1584598607274.run(TempTestSuite1584598607274.groovy:36)
Caused by: org.openqa.selenium.ElementNotInteractableException: element not interactable
  (Session info: chrome=80.0.3987.132)
Build info: version: '3.141.59', revision: 'e82be7d358', time: '2018-11-14T08:25:53'
System info: host: 'ARCADIER-03', ip: '192.168.254.105', os.name: 'Windows 7', os.arch: 'amd64', os.version: '6.1', java.version: '1.8.0_181'
Driver info: com.kms.katalon.core.webui.driver.ExistingRemoteWebDriver
Capabilities {javascriptEnabled: true, platform: ANY, platformName: ANY}
Session ID: 66da7635ded2d355388026ca8e7d8eff
	at org.openqa.selenium.remote.http.W3CHttpResponseCodec.createException(W3CHttpResponseCodec.java:187)
	at org.openqa.selenium.remote.http.W3CHttpResponseCodec.decode(W3CHttpResponseCodec.java:122)
	at org.openqa.selenium.remote.http.W3CHttpResponseCodec.decode(W3CHttpResponseCodec.java:49)
	at org.openqa.selenium.remote.HttpCommandExecutor.execute(HttpCommandExecutor.java:158)
	at org.openqa.selenium.remote.RemoteWebDriver.execute(RemoteWebDriver.java:552)
	at com.kms.katalon.core.webui.driver.ExistingRemoteWebDriver.execute(ExistingRemoteWebDriver.java:108)
	at org.openqa.selenium.remote.RemoteWebElement.execute(RemoteWebElement.java:285)
	at org.openqa.selenium.remote.RemoteWebElement.click(RemoteWebElement.java:84)
	at org.openqa.selenium.support.events.EventFiringWebDriver$EventFiringWebElement.lambda$new$0(EventFiringWebDriver.java:404)
	at com.sun.proxy.$Proxy9.click(Unknown Source)
	at org.openqa.selenium.support.events.EventFiringWebDriver$EventFiringWebElement.click(EventFiringWebDriver.java:417)
	at com.kms.katalon.core.webui.keyword.builtin.ClickKeyword$_click_closure1.doCall(ClickKeyword.groovy:69)
	at com.kms.katalon.core.webui.keyword.builtin.ClickKeyword$_click_closure1.call(ClickKeyword.groovy)
	at com.kms.katalon.core.webui.keyword.internal.WebUIKeywordMain.runKeyword(WebUIKeywordMain.groovy:20)
	at com.kms.katalon.core.webui.keyword.builtin.ClickKeyword.click(ClickKeyword.groovy:76)
	at com.kms.katalon.core.webui.keyword.builtin.ClickKeyword.execute(ClickKeyword.groovy:43)
	at com.kms.katalon.core.keyword.internal.KeywordExecutor.executeKeywordForPlatform(KeywordExecutor.groovy:72)
	at com.kms.katalon.core.webui.keyword.WebUiBuiltInKeywords.click(WebUiBuiltInKeywords.groovy:616)
	at com.kms.katalon.core.webui.keyword.WebUiBuiltInKeywords$click$0.call(Unknown Source)
	at Script1549506362832.run(Script1549506362832.groovy:28)
	... 13 more
)
	at com.kms.katalon.core.keyword.internal.KeywordMain.stepFailed(KeywordMain.groovy:39)
	at com.kms.katalon.core.webui.keyword.internal.WebUIKeywordMain.stepFailed(WebUIKeywordMain.groovy:64)
	at com.kms.katalon.core.webui.keyword.internal.WebUIKeywordMain.runKeyword(WebUIKeywordMain.groovy:26)
	at com.kms.katalon.core.webui.keyword.builtin.ClickKeyword.click(ClickKeyword.groovy:76)
	at com.kms.katalon.core.webui.keyword.builtin.ClickKeyword.execute(ClickKeyword.groovy:43)
	at com.kms.katalon.core.keyword.internal.KeywordExecutor.executeKeywordForPlatform(KeywordExecutor.groovy:72)
	at com.kms.katalon.core.webui.keyword.WebUiBuiltInKeywords.click(WebUiBuiltInKeywords.groovy:616)
	at com.kms.katalon.core.webui.keyword.WebUiBuiltInKeywords$click$0.call(Unknown Source)
	at Add Category.run(Add Category:28)
	at com.kms.katalon.core.main.ScriptEngine.run(ScriptEngine.java:194)
	at com.kms.katalon.core.main.ScriptEngine.runScriptAsRawText(ScriptEngine.java:119)
	at com.kms.katalon.core.main.TestCaseExecutor.runScript(TestCaseExecutor.java:337)
	at com.kms.katalon.core.main.TestCaseExecutor.doExecute(TestCaseExecutor.java:328)
	at com.kms.katalon.core.main.TestCaseExecutor.processExecutionPhase(TestCaseExecutor.java:307)
	at com.kms.katalon.core.main.TestCaseExecutor.accessMainPhase(TestCaseExecutor.java:299)
	at com.kms.katalon.core.main.TestCaseExecutor.execute(TestCaseExecutor.java:233)
	at com.kms.katalon.core.main.TestSuiteExecutor.accessTestCaseMainPhase(TestSuiteExecutor.java:169)
	at com.kms.katalon.core.main.TestSuiteExecutor.accessTestSuiteMainPhase(TestSuiteExecutor.java:142)
	at com.kms.katalon.core.main.TestSuiteExecutor.execute(TestSuiteExecutor.java:91)
	at com.kms.katalon.core.main.TestCaseMain.startTestSuite(TestCaseMain.java:157)
	at com.kms.katalon.core.main.TestCaseMain$startTestSuite$0.call(Unknown Source)
	at TempTestSuite1584598607274.run(TempTestSuite1584598607274.groovy:36)
Caused by: com.kms.katalon.core.exception.StepFailedException: Unable to click on object 'Object Repository/ADMIN/Categories/Category List/button_Categories'
	... 21 more
Caused by: org.openqa.selenium.ElementNotInteractableException: element not interactable
  (Session info: chrome=80.0.3987.132)
Build info: version: '3.141.59', revision: 'e82be7d358', time: '2018-11-14T08:25:53'
System info: host: 'ARCADIER-03', ip: '192.168.254.105', os.name: 'Windows 7', os.arch: 'amd64', os.version: '6.1', java.version: '1.8.0_181'
Driver info: com.kms.katalon.core.webui.driver.ExistingRemoteWebDriver
Capabilities {javascriptEnabled: true, platform: ANY, platformName: ANY}
Session ID: 66da7635ded2d355388026ca8e7d8eff
	at org.openqa.selenium.remote.http.W3CHttpResponseCodec.createException(W3CHttpResponseCodec.java:187)
	at org.openqa.selenium.remote.http.W3CHttpResponseCodec.decode(W3CHttpResponseCodec.java:122)
	at org.openqa.selenium.remote.http.W3CHttpResponseCodec.decode(W3CHttpResponseCodec.java:49)
	at org.openqa.selenium.remote.HttpCommandExecutor.execute(HttpCommandExecutor.java:158)
	at org.openqa.selenium.remote.RemoteWebDriver.execute(RemoteWebDriver.java:552)
	at com.kms.katalon.core.webui.driver.ExistingRemoteWebDriver.execute(ExistingRemoteWebDriver.java:108)
	at org.openqa.selenium.remote.RemoteWebElement.execute(RemoteWebElement.java:285)
	at org.openqa.selenium.remote.RemoteWebElement.click(RemoteWebElement.java:84)
	at org.openqa.selenium.support.events.EventFiringWebDriver$EventFiringWebElement.lambda$new$0(EventFiringWebDriver.java:404)
	at com.sun.proxy.$Proxy9.click(Unknown Source)
	at org.openqa.selenium.support.events.EventFiringWebDriver$EventFiringWebElement.click(EventFiringWebDriver.java:417)
	at com.kms.katalon.core.webui.keyword.builtin.ClickKeyword$_click_closure1.doCall(ClickKeyword.groovy:69)
	at com.kms.katalon.core.webui.keyword.builtin.ClickKeyword$_click_closure1.call(ClickKeyword.groovy)
	at com.kms.katalon.core.webui.keyword.internal.WebUIKeywordMain.runKeyword(WebUIKeywordMain.groovy:20)
	... 19 more


2020-03-19 14:28:56 - [TEST_STEP][PASSED] - waitForElementVisible(findTestObject("ADMIN/Categories/Category List/button_Content Mgmt"), 0): Object 'Object Repository/ADMIN/Categories/Category List/button_Content Mgmt' is visible

2020-03-19 14:28:56 - [MESSAGE][WARNING] - Timeout '0' is invalid. Using default page load timeout: '30'

2020-03-19 14:28:56 - [MESSAGE][PASSED] - Object 'Object Repository/ADMIN/Categories/Category List/button_Content Mgmt' is visible

2020-03-19 14:28:56 - [TEST_STEP][PASSED] - click(findTestObject("ADMIN/Categories/Category List/button_Content Mgmt")): Object: 'Object Repository/ADMIN/Categories/Category List/button_Content Mgmt' is clicked on

2020-03-19 14:28:56 - [MESSAGE][PASSED] - Object: 'Object Repository/ADMIN/Categories/Category List/button_Content Mgmt' is clicked on

2020-03-19 14:28:56 - [TEST_STEP][PASSED] - waitForElementVisible(findTestObject("ADMIN/Categories/Category List/button_Categories"), 0): Object 'Object Repository/ADMIN/Categories/Category List/button_Categories' is visible

2020-03-19 14:28:56 - [MESSAGE][WARNING] - Timeout '0' is invalid. Using default page load timeout: '30'

2020-03-19 14:28:56 - [MESSAGE][PASSED] - Object 'Object Repository/ADMIN/Categories/Category List/button_Categories' is visible

2020-03-19 14:28:56 - [TEST_STEP][FAILED] - click(findTestObject("ADMIN/Categories/Category List/button_Categories")): Unable to click on object 'Object Repository/ADMIN/Categories/Category List/button_Categories' (Root cause: com.kms.katalon.core.exception.StepFailedException: Unable to click on object 'Object Repository/ADMIN/Categories/Category List/button_Categories'
	at com.kms.katalon.core.webui.keyword.internal.WebUIKeywordMain.stepFailed(WebUIKeywordMain.groovy:64)
	at com.kms.katalon.core.webui.keyword.internal.WebUIKeywordMain.runKeyword(WebUIKeywordMain.groovy:26)
	at com.kms.katalon.core.webui.keyword.builtin.ClickKeyword.click(ClickKeyword.groovy:76)
	at com.kms.katalon.core.webui.keyword.builtin.ClickKeyword.execute(ClickKeyword.groovy:43)
	at com.kms.katalon.core.keyword.internal.KeywordExecutor.executeKeywordForPlatform(KeywordExecutor.groovy:72)
	at com.kms.katalon.core.webui.keyword.WebUiBuiltInKeywords.click(WebUiBuiltInKeywords.groovy:616)
	at com.kms.katalon.core.webui.keyword.WebUiBuiltInKeywords$click$0.call(Unknown Source)
	at Add Category.run(Add Category:28)
	at com.kms.katalon.core.main.ScriptEngine.run(ScriptEngine.java:194)
	at com.kms.katalon.core.main.ScriptEngine.runScriptAsRawText(ScriptEngine.java:119)
	at com.kms.katalon.core.main.TestCaseExecutor.runScript(TestCaseExecutor.java:337)
	at com.kms.katalon.core.main.TestCaseExecutor.doExecute(TestCaseExecutor.java:328)
	at com.kms.katalon.core.main.TestCaseExecutor.processExecutionPhase(TestCaseExecutor.java:307)
	at com.kms.katalon.core.main.TestCaseExecutor.accessMainPhase(TestCaseExecutor.java:299)
	at com.kms.katalon.core.main.TestCaseExecutor.execute(TestCaseExecutor.java:233)
	at com.kms.katalon.core.main.TestSuiteExecutor.accessTestCaseMainPhase(TestSuiteExecutor.java:169)
	at com.kms.katalon.core.main.TestSuiteExecutor.accessTestSuiteMainPhase(TestSuiteExecutor.java:142)
	at com.kms.katalon.core.main.TestSuiteExecutor.execute(TestSuiteExecutor.java:91)
	at com.kms.katalon.core.main.TestCaseMain.startTestSuite(TestCaseMain.java:157)
	at com.kms.katalon.core.main.TestCaseMain$startTestSuite$0.call(Unknown Source)
	at TempTestSuite1584598607274.run(TempTestSuite1584598607274.groovy:36)
Caused by: org.openqa.selenium.ElementNotInteractableException: element not interactable
  (Session info: chrome=80.0.3987.132)
Build info: version: '3.141.59', revision: 'e82be7d358', time: '2018-11-14T08:25:53'
System info: host: 'ARCADIER-03', ip: '192.168.254.105', os.name: 'Windows 7', os.arch: 'amd64', os.version: '6.1', java.version: '1.8.0_181'
Driver info: com.kms.katalon.core.webui.driver.ExistingRemoteWebDriver
Capabilities {javascriptEnabled: true, platform: ANY, platformName: ANY}
Session ID: 66da7635ded2d355388026ca8e7d8eff
	at org.openqa.selenium.remote.http.W3CHttpResponseCodec.createException(W3CHttpResponseCodec.java:187)
	at org.openqa.selenium.remote.http.W3CHttpResponseCodec.decode(W3CHttpResponseCodec.java:122)
	at org.openqa.selenium.remote.http.W3CHttpResponseCodec.decode(W3CHttpResponseCodec.java:49)
	at org.openqa.selenium.remote.HttpCommandExecutor.execute(HttpCommandExecutor.java:158)
	at org.openqa.selenium.remote.RemoteWebDriver.execute(RemoteWebDriver.java:552)
	at com.kms.katalon.core.webui.driver.ExistingRemoteWebDriver.execute(ExistingRemoteWebDriver.java:108)
	at org.openqa.selenium.remote.RemoteWebElement.execute(RemoteWebElement.java:285)
	at org.openqa.selenium.remote.RemoteWebElement.click(RemoteWebElement.java:84)
	at org.openqa.selenium.support.events.EventFiringWebDriver$EventFiringWebElement.lambda$new$0(EventFiringWebDriver.java:404)
	at com.sun.proxy.$Proxy9.click(Unknown Source)
	at org.openqa.selenium.support.events.EventFiringWebDriver$EventFiringWebElement.click(EventFiringWebDriver.java:417)
	at com.kms.katalon.core.webui.keyword.builtin.ClickKeyword$_click_closure1.doCall(ClickKeyword.groovy:69)
	at com.kms.katalon.core.webui.keyword.builtin.ClickKeyword$_click_closure1.call(ClickKeyword.groovy)
	at com.kms.katalon.core.webui.keyword.internal.WebUIKeywordMain.runKeyword(WebUIKeywordMain.groovy:20)
	at com.kms.katalon.core.webui.keyword.builtin.ClickKeyword.click(ClickKeyword.groovy:76)
	at com.kms.katalon.core.webui.keyword.builtin.ClickKeyword.execute(ClickKeyword.groovy:43)
	at com.kms.katalon.core.keyword.internal.KeywordExecutor.executeKeywordForPlatform(KeywordExecutor.groovy:72)
	at com.kms.katalon.core.webui.keyword.WebUiBuiltInKeywords.click(WebUiBuiltInKeywords.groovy:616)
	at com.kms.katalon.core.webui.keyword.WebUiBuiltInKeywords$click$0.call(Unknown Source)
	at Script1549506362832.run(Script1549506362832.groovy:28)
	... 13 more
)

2020-03-19 14:28:57 - [MESSAGE][FAILED] - Unable to click on object 'Object Repository/ADMIN/Categories/Category List/button_Categories' (Root cause: com.kms.katalon.core.exception.StepFailedException: Unable to click on object 'Object Repository/ADMIN/Categories/Category List/button_Categories'
	at com.kms.katalon.core.webui.keyword.internal.WebUIKeywordMain.stepFailed(WebUIKeywordMain.groovy:64)
	at com.kms.katalon.core.webui.keyword.internal.WebUIKeywordMain.runKeyword(WebUIKeywordMain.groovy:26)
	at com.kms.katalon.core.webui.keyword.builtin.ClickKeyword.click(ClickKeyword.groovy:76)
	at com.kms.katalon.core.webui.keyword.builtin.ClickKeyword.execute(ClickKeyword.groovy:43)
	at com.kms.katalon.core.keyword.internal.KeywordExecutor.executeKeywordForPlatform(KeywordExecutor.groovy:72)
	at com.kms.katalon.core.webui.keyword.WebUiBuiltInKeywords.click(WebUiBuiltInKeywords.groovy:616)
	at com.kms.katalon.core.webui.keyword.WebUiBuiltInKeywords$click$0.call(Unknown Source)
	at Add Category.run(Add Category:28)
	at com.kms.katalon.core.main.ScriptEngine.run(ScriptEngine.java:194)
	at com.kms.katalon.core.main.ScriptEngine.runScriptAsRawText(ScriptEngine.java:119)
	at com.kms.katalon.core.main.TestCaseExecutor.runScript(TestCaseExecutor.java:337)
	at com.kms.katalon.core.main.TestCaseExecutor.doExecute(TestCaseExecutor.java:328)
	at com.kms.katalon.core.main.TestCaseExecutor.processExecutionPhase(TestCaseExecutor.java:307)
	at com.kms.katalon.core.main.TestCaseExecutor.accessMainPhase(TestCaseExecutor.java:299)
	at com.kms.katalon.core.main.TestCaseExecutor.execute(TestCaseExecutor.java:233)
	at com.kms.katalon.core.main.TestSuiteExecutor.accessTestCaseMainPhase(TestSuiteExecutor.java:169)
	at com.kms.katalon.core.main.TestSuiteExecutor.accessTestSuiteMainPhase(TestSuiteExecutor.java:142)
	at com.kms.katalon.core.main.TestSuiteExecutor.execute(TestSuiteExecutor.java:91)
	at com.kms.katalon.core.main.TestCaseMain.startTestSuite(TestCaseMain.java:157)
	at com.kms.katalon.core.main.TestCaseMain$startTestSuite$0.call(Unknown Source)
	at TempTestSuite1584598607274.run(TempTestSuite1584598607274.groovy:36)
Caused by: org.openqa.selenium.ElementNotInteractableException: element not interactable
  (Session info: chrome=80.0.3987.132)
Build info: version: '3.141.59', revision: 'e82be7d358', time: '2018-11-14T08:25:53'
System info: host: 'ARCADIER-03', ip: '192.168.254.105', os.name: 'Windows 7', os.arch: 'amd64', os.version: '6.1', java.version: '1.8.0_181'
Driver info: com.kms.katalon.core.webui.driver.ExistingRemoteWebDriver
Capabilities {javascriptEnabled: true, platform: ANY, platformName: ANY}
Session ID: 66da7635ded2d355388026ca8e7d8eff
	at org.openqa.selenium.remote.http.W3CHttpResponseCodec.createException(W3CHttpResponseCodec.java:187)
	at org.openqa.selenium.remote.http.W3CHttpResponseCodec.decode(W3CHttpResponseCodec.java:122)
	at org.openqa.selenium.remote.http.W3CHttpResponseCodec.decode(W3CHttpResponseCodec.java:49)
	at org.openqa.selenium.remote.HttpCommandExecutor.execute(HttpCommandExecutor.java:158)
	at org.openqa.selenium.remote.RemoteWebDriver.execute(RemoteWebDriver.java:552)
	at com.kms.katalon.core.webui.driver.ExistingRemoteWebDriver.execute(ExistingRemoteWebDriver.java:108)
	at org.openqa.selenium.remote.RemoteWebElement.execute(RemoteWebElement.java:285)
	at org.openqa.selenium.remote.RemoteWebElement.click(RemoteWebElement.java:84)
	at org.openqa.selenium.support.events.EventFiringWebDriver$EventFiringWebElement.lambda$new$0(EventFiringWebDriver.java:404)
	at com.sun.proxy.$Proxy9.click(Unknown Source)
	at org.openqa.selenium.support.events.EventFiringWebDriver$EventFiringWebElement.click(EventFiringWebDriver.java:417)
	at com.kms.katalon.core.webui.keyword.builtin.ClickKeyword$_click_closure1.doCall(ClickKeyword.groovy:69)
	at com.kms.katalon.core.webui.keyword.builtin.ClickKeyword$_click_closure1.call(ClickKeyword.groovy)
	at com.kms.katalon.core.webui.keyword.internal.WebUIKeywordMain.runKeyword(WebUIKeywordMain.groovy:20)
	at com.kms.katalon.core.webui.keyword.builtin.ClickKeyword.click(ClickKeyword.groovy:76)
	at com.kms.katalon.core.webui.keyword.builtin.ClickKeyword.execute(ClickKeyword.groovy:43)
	at com.kms.katalon.core.keyword.internal.KeywordExecutor.executeKeywordForPlatform(KeywordExecutor.groovy:72)
	at com.kms.katalon.core.webui.keyword.WebUiBuiltInKeywords.click(WebUiBuiltInKeywords.groovy:616)
	at com.kms.katalon.core.webui.keyword.WebUiBuiltInKeywords$click$0.call(Unknown Source)
	at Script1549506362832.run(Script1549506362832.groovy:28)
	... 13 more
)
[[ATTACHMENT|C:\\Katalon\\Arctick\\Reports\\20200319_141647\\Admin\\Admin Add Category\\20200319_141647\\1584599336677.png]]

2020-03-19 14:28:57 - [TEST_STEP][PASSED] - waitForPageLoad(0, STOP_ON_FAILURE): Wait for page load successfully

2020-03-19 14:28:57 - [MESSAGE][WARNING] - Timeout '0' is invalid. Using default page load timeout: '30'

2020-03-19 14:28:57 - [MESSAGE][PASSED] - Wait for page load successfully

2020-03-19 14:28:57 - [TEST_STEP][PASSED] - click(findTestObject("ADMIN/Categories/Category List/button_Add a Category")): Object: 'Object Repository/ADMIN/Categories/Category List/button_Add a Category' is clicked on

2020-03-19 14:28:57 - [MESSAGE][PASSED] - Object: 'Object Repository/ADMIN/Categories/Category List/button_Add a Category' is clicked on

2020-03-19 14:28:57 - [TEST_STEP][PASSED] - waitForElementPresent(findTestObject("ADMIN/Categories/Category/dropdown_Parent"), 2): Object 'Object Repository/ADMIN/Categories/Category/dropdown_Parent' is present

2020-03-19 14:28:57 - [MESSAGE][PASSED] - Object 'Object Repository/ADMIN/Categories/Category/dropdown_Parent' is present

2020-03-19 14:28:57 - [TEST_STEP][PASSED] - delay(1): Delayed 1 second(s)

2020-03-19 14:28:58 - [MESSAGE][PASSED] - Delayed 1 second(s)

2020-03-19 14:28:58 - [TEST_STEP][PASSED] - setText(findTestObject("ADMIN/Categories/Category/textfield_Category Name"), CategoryNametext): Text 'Category 5.1.16' is set on object 'Object Repository/ADMIN/Categories/Category/textfield_Category Name'

2020-03-19 14:28:58 - [MESSAGE][PASSED] - Text 'Category 5.1.16' is set on object 'Object Repository/ADMIN/Categories/Category/textfield_Category Name'

2020-03-19 14:28:58 - [TEST_STEP][PASSED] - click(findTestObject("ADMIN/Categories/Category/dropdown_Parent")): Object: 'Object Repository/ADMIN/Categories/Category/dropdown_Parent' is clicked on

2020-03-19 14:28:58 - [MESSAGE][PASSED] - Object: 'Object Repository/ADMIN/Categories/Category/dropdown_Parent' is clicked on

2020-03-19 14:28:58 - [TEST_STEP][PASSED] - delay(2): Delayed 2 second(s)

2020-03-19 14:29:00 - [MESSAGE][PASSED] - Delayed 2 second(s)

2020-03-19 14:29:00 - [TEST_STEP][PASSED] - click(findTestObject("ADMIN/Categories/Category/dropdown_Parent")): Object: 'Object Repository/ADMIN/Categories/Category/dropdown_Parent' is clicked on

2020-03-19 14:29:00 - [MESSAGE][PASSED] - Object: 'Object Repository/ADMIN/Categories/Category/dropdown_Parent' is clicked on

2020-03-19 14:29:00 - [TEST_STEP][PASSED] - selectOptionByLabel(findTestObject("ADMIN/Categories/Category/dropdown_Parent"), ParentName, false): All options with label 'Category 5.1' are selected in object 'Object Repository/ADMIN/Categories/Category/dropdown_Parent' 

2020-03-19 14:29:00 - [MESSAGE][PASSED] - All options with label 'Category 5.1' are selected in object 'Object Repository/ADMIN/Categories/Category/dropdown_Parent' 

2020-03-19 14:29:00 - [TEST_STEP][PASSED] - click(findTestObject("ADMIN/Categories/Category/button_Browse")): Object: 'Object Repository/ADMIN/Categories/Category/button_Browse' is clicked on

2020-03-19 14:29:00 - [MESSAGE][PASSED] - Object: 'Object Repository/ADMIN/Categories/Category/button_Browse' is clicked on

2020-03-19 14:29:00 - [TEST_STEP][PASSED] - delay(2): Delayed 2 second(s)

2020-03-19 14:29:02 - [MESSAGE][PASSED] - Delayed 2 second(s)

2020-03-19 14:29:02 - [TEST_STEP][PASSED] - uploadFile(findTestObject("ADMIN/Categories/Category/image_input image"), CategoryImageUpload): File 'C:\\Katalon\\Arctick\\Images\\Category\\5.png' sent to object: 'Object Repository/ADMIN/Categories/Category/image_input image'

2020-03-19 14:29:03 - [MESSAGE][PASSED] - File 'C:\\Katalon\\Arctick\\Images\\Category\\5.png' sent to object: 'Object Repository/ADMIN/Categories/Category/image_input image'

2020-03-19 14:29:03 - [TEST_STEP][PASSED] - waitForElementVisible(findTestObject("ADMIN/Categories/Category/button_upload check"), 0): Object 'Object Repository/ADMIN/Categories/Category/button_upload check' is visible

2020-03-19 14:29:03 - [MESSAGE][WARNING] - Timeout '0' is invalid. Using default page load timeout: '30'

2020-03-19 14:29:03 - [MESSAGE][PASSED] - Object 'Object Repository/ADMIN/Categories/Category/button_upload check' is visible

2020-03-19 14:29:03 - [TEST_STEP][PASSED] - click(findTestObject("ADMIN/Categories/Category/button_upload check")): Object: 'Object Repository/ADMIN/Categories/Category/button_upload check' is clicked on

2020-03-19 14:29:03 - [MESSAGE][PASSED] - Object: 'Object Repository/ADMIN/Categories/Category/button_upload check' is clicked on

2020-03-19 14:29:03 - [TEST_STEP][PASSED] - waitForElementVisible(findTestObject("ADMIN/Categories/Category/button_upload save"), 0): Object 'Object Repository/ADMIN/Categories/Category/button_upload save' is visible

2020-03-19 14:29:03 - [MESSAGE][WARNING] - Timeout '0' is invalid. Using default page load timeout: '30'

2020-03-19 14:29:03 - [MESSAGE][PASSED] - Object 'Object Repository/ADMIN/Categories/Category/button_upload save' is visible

2020-03-19 14:29:03 - [TEST_STEP][PASSED] - click(findTestObject("ADMIN/Categories/Category/button_upload save")): Object: 'Object Repository/ADMIN/Categories/Category/button_upload save' is clicked on

2020-03-19 14:29:03 - [MESSAGE][PASSED] - Object: 'Object Repository/ADMIN/Categories/Category/button_upload save' is clicked on

2020-03-19 14:29:03 - [TEST_STEP][PASSED] - setText(findTestObject("ADMIN/Categories/Category/textfield_category_description"), Description): Text 'Description48' is set on object 'Object Repository/ADMIN/Categories/Category/textfield_category_description'

2020-03-19 14:29:03 - [MESSAGE][PASSED] - Text 'Description48' is set on object 'Object Repository/ADMIN/Categories/Category/textfield_category_description'

2020-03-19 14:29:03 - [TEST_STEP][PASSED] - click(findTestObject("ADMIN/Categories/Category/button_Save")): Object: 'Object Repository/ADMIN/Categories/Category/button_Save' is clicked on

2020-03-19 14:29:04 - [MESSAGE][PASSED] - Object: 'Object Repository/ADMIN/Categories/Category/button_Save' is clicked on

2020-03-19 14:29:04 - [TEST_STEP][PASSED] - waitForElementVisible(findTestObject("ADMIN/Categories/Category/label_edit popup"), 0): Object 'Object Repository/ADMIN/Categories/Category/label_edit popup' is visible

2020-03-19 14:29:04 - [MESSAGE][WARNING] - Timeout '0' is invalid. Using default page load timeout: '30'

2020-03-19 14:29:04 - [MESSAGE][PASSED] - Object 'Object Repository/ADMIN/Categories/Category/label_edit popup' is visible

2020-03-19 14:29:04 - [TEST_STEP][PASSED] - waitForElementNotPresent(findTestObject("ADMIN/Categories/Category/label_edit popup"), 0): Web element with id: 'Object Repository/ADMIN/Categories/Category/label_edit popup' located by 'By.xpath: //div[(text() = 'Category was successfully saved.' or . = 'Category was successfully saved.')]' is not present after '30' second(s)

2020-03-19 14:29:04 - [MESSAGE][WARNING] - Timeout '0' is invalid. Using default page load timeout: '30'

2020-03-19 14:29:10 - [MESSAGE][PASSED] - Web element with id: 'Object Repository/ADMIN/Categories/Category/label_edit popup' located by 'By.xpath: //div[(text() = 'Category was successfully saved.' or . = 'Category was successfully saved.')]' is not present after '30' second(s)]]></system-out>
         <system-err><![CDATA[2020-03-19 14:28:56 - [TEST_CASE][FAILED] - Test Cases/ADMIN/Content Mgmt/Categories/Category Add-Edit/Add Category: Test Cases/ADMIN/Content Mgmt/Categories/Category Add-Edit/Add Category FAILED.
Reason:
com.kms.katalon.core.exception.StepFailedException: Unable to click on object 'Object Repository/ADMIN/Categories/Category List/button_Categories' (Root cause: com.kms.katalon.core.exception.StepFailedException: Unable to click on object 'Object Repository/ADMIN/Categories/Category List/button_Categories'
	at com.kms.katalon.core.webui.keyword.internal.WebUIKeywordMain.stepFailed(WebUIKeywordMain.groovy:64)
	at com.kms.katalon.core.webui.keyword.internal.WebUIKeywordMain.runKeyword(WebUIKeywordMain.groovy:26)
	at com.kms.katalon.core.webui.keyword.builtin.ClickKeyword.click(ClickKeyword.groovy:76)
	at com.kms.katalon.core.webui.keyword.builtin.ClickKeyword.execute(ClickKeyword.groovy:43)
	at com.kms.katalon.core.keyword.internal.KeywordExecutor.executeKeywordForPlatform(KeywordExecutor.groovy:72)
	at com.kms.katalon.core.webui.keyword.WebUiBuiltInKeywords.click(WebUiBuiltInKeywords.groovy:616)
	at com.kms.katalon.core.webui.keyword.WebUiBuiltInKeywords$click$0.call(Unknown Source)
	at Add Category.run(Add Category:28)
	at com.kms.katalon.core.main.ScriptEngine.run(ScriptEngine.java:194)
	at com.kms.katalon.core.main.ScriptEngine.runScriptAsRawText(ScriptEngine.java:119)
	at com.kms.katalon.core.main.TestCaseExecutor.runScript(TestCaseExecutor.java:337)
	at com.kms.katalon.core.main.TestCaseExecutor.doExecute(TestCaseExecutor.java:328)
	at com.kms.katalon.core.main.TestCaseExecutor.processExecutionPhase(TestCaseExecutor.java:307)
	at com.kms.katalon.core.main.TestCaseExecutor.accessMainPhase(TestCaseExecutor.java:299)
	at com.kms.katalon.core.main.TestCaseExecutor.execute(TestCaseExecutor.java:233)
	at com.kms.katalon.core.main.TestSuiteExecutor.accessTestCaseMainPhase(TestSuiteExecutor.java:169)
	at com.kms.katalon.core.main.TestSuiteExecutor.accessTestSuiteMainPhase(TestSuiteExecutor.java:142)
	at com.kms.katalon.core.main.TestSuiteExecutor.execute(TestSuiteExecutor.java:91)
	at com.kms.katalon.core.main.TestCaseMain.startTestSuite(TestCaseMain.java:157)
	at com.kms.katalon.core.main.TestCaseMain$startTestSuite$0.call(Unknown Source)
	at TempTestSuite1584598607274.run(TempTestSuite1584598607274.groovy:36)
Caused by: org.openqa.selenium.ElementNotInteractableException: element not interactable
  (Session info: chrome=80.0.3987.132)
Build info: version: '3.141.59', revision: 'e82be7d358', time: '2018-11-14T08:25:53'
System info: host: 'ARCADIER-03', ip: '192.168.254.105', os.name: 'Windows 7', os.arch: 'amd64', os.version: '6.1', java.version: '1.8.0_181'
Driver info: com.kms.katalon.core.webui.driver.ExistingRemoteWebDriver
Capabilities {javascriptEnabled: true, platform: ANY, platformName: ANY}
Session ID: 66da7635ded2d355388026ca8e7d8eff
	at org.openqa.selenium.remote.http.W3CHttpResponseCodec.createException(W3CHttpResponseCodec.java:187)
	at org.openqa.selenium.remote.http.W3CHttpResponseCodec.decode(W3CHttpResponseCodec.java:122)
	at org.openqa.selenium.remote.http.W3CHttpResponseCodec.decode(W3CHttpResponseCodec.java:49)
	at org.openqa.selenium.remote.HttpCommandExecutor.execute(HttpCommandExecutor.java:158)
	at org.openqa.selenium.remote.RemoteWebDriver.execute(RemoteWebDriver.java:552)
	at com.kms.katalon.core.webui.driver.ExistingRemoteWebDriver.execute(ExistingRemoteWebDriver.java:108)
	at org.openqa.selenium.remote.RemoteWebElement.execute(RemoteWebElement.java:285)
	at org.openqa.selenium.remote.RemoteWebElement.click(RemoteWebElement.java:84)
	at org.openqa.selenium.support.events.EventFiringWebDriver$EventFiringWebElement.lambda$new$0(EventFiringWebDriver.java:404)
	at com.sun.proxy.$Proxy9.click(Unknown Source)
	at org.openqa.selenium.support.events.EventFiringWebDriver$EventFiringWebElement.click(EventFiringWebDriver.java:417)
	at com.kms.katalon.core.webui.keyword.builtin.ClickKeyword$_click_closure1.doCall(ClickKeyword.groovy:69)
	at com.kms.katalon.core.webui.keyword.builtin.ClickKeyword$_click_closure1.call(ClickKeyword.groovy)
	at com.kms.katalon.core.webui.keyword.internal.WebUIKeywordMain.runKeyword(WebUIKeywordMain.groovy:20)
	at com.kms.katalon.core.webui.keyword.builtin.ClickKeyword.click(ClickKeyword.groovy:76)
	at com.kms.katalon.core.webui.keyword.builtin.ClickKeyword.execute(ClickKeyword.groovy:43)
	at com.kms.katalon.core.keyword.internal.KeywordExecutor.executeKeywordForPlatform(KeywordExecutor.groovy:72)
	at com.kms.katalon.core.webui.keyword.WebUiBuiltInKeywords.click(WebUiBuiltInKeywords.groovy:616)
	at com.kms.katalon.core.webui.keyword.WebUiBuiltInKeywords$click$0.call(Unknown Source)
	at Script1549506362832.run(Script1549506362832.groovy:28)
	... 13 more
)
	at com.kms.katalon.core.keyword.internal.KeywordMain.stepFailed(KeywordMain.groovy:39)
	at com.kms.katalon.core.webui.keyword.internal.WebUIKeywordMain.stepFailed(WebUIKeywordMain.groovy:64)
	at com.kms.katalon.core.webui.keyword.internal.WebUIKeywordMain.runKeyword(WebUIKeywordMain.groovy:26)
	at com.kms.katalon.core.webui.keyword.builtin.ClickKeyword.click(ClickKeyword.groovy:76)
	at com.kms.katalon.core.webui.keyword.builtin.ClickKeyword.execute(ClickKeyword.groovy:43)
	at com.kms.katalon.core.keyword.internal.KeywordExecutor.executeKeywordForPlatform(KeywordExecutor.groovy:72)
	at com.kms.katalon.core.webui.keyword.WebUiBuiltInKeywords.click(WebUiBuiltInKeywords.groovy:616)
	at com.kms.katalon.core.webui.keyword.WebUiBuiltInKeywords$click$0.call(Unknown Source)
	at Add Category.run(Add Category:28)
	at com.kms.katalon.core.main.ScriptEngine.run(ScriptEngine.java:194)
	at com.kms.katalon.core.main.ScriptEngine.runScriptAsRawText(ScriptEngine.java:119)
	at com.kms.katalon.core.main.TestCaseExecutor.runScript(TestCaseExecutor.java:337)
	at com.kms.katalon.core.main.TestCaseExecutor.doExecute(TestCaseExecutor.java:328)
	at com.kms.katalon.core.main.TestCaseExecutor.processExecutionPhase(TestCaseExecutor.java:307)
	at com.kms.katalon.core.main.TestCaseExecutor.accessMainPhase(TestCaseExecutor.java:299)
	at com.kms.katalon.core.main.TestCaseExecutor.execute(TestCaseExecutor.java:233)
	at com.kms.katalon.core.main.TestSuiteExecutor.accessTestCaseMainPhase(TestSuiteExecutor.java:169)
	at com.kms.katalon.core.main.TestSuiteExecutor.accessTestSuiteMainPhase(TestSuiteExecutor.java:142)
	at com.kms.katalon.core.main.TestSuiteExecutor.execute(TestSuiteExecutor.java:91)
	at com.kms.katalon.core.main.TestCaseMain.startTestSuite(TestCaseMain.java:157)
	at com.kms.katalon.core.main.TestCaseMain$startTestSuite$0.call(Unknown Source)
	at TempTestSuite1584598607274.run(TempTestSuite1584598607274.groovy:36)
Caused by: com.kms.katalon.core.exception.StepFailedException: Unable to click on object 'Object Repository/ADMIN/Categories/Category List/button_Categories'
	... 21 more
Caused by: org.openqa.selenium.ElementNotInteractableException: element not interactable
  (Session info: chrome=80.0.3987.132)
Build info: version: '3.141.59', revision: 'e82be7d358', time: '2018-11-14T08:25:53'
System info: host: 'ARCADIER-03', ip: '192.168.254.105', os.name: 'Windows 7', os.arch: 'amd64', os.version: '6.1', java.version: '1.8.0_181'
Driver info: com.kms.katalon.core.webui.driver.ExistingRemoteWebDriver
Capabilities {javascriptEnabled: true, platform: ANY, platformName: ANY}
Session ID: 66da7635ded2d355388026ca8e7d8eff
	at org.openqa.selenium.remote.http.W3CHttpResponseCodec.createException(W3CHttpResponseCodec.java:187)
	at org.openqa.selenium.remote.http.W3CHttpResponseCodec.decode(W3CHttpResponseCodec.java:122)
	at org.openqa.selenium.remote.http.W3CHttpResponseCodec.decode(W3CHttpResponseCodec.java:49)
	at org.openqa.selenium.remote.HttpCommandExecutor.execute(HttpCommandExecutor.java:158)
	at org.openqa.selenium.remote.RemoteWebDriver.execute(RemoteWebDriver.java:552)
	at com.kms.katalon.core.webui.driver.ExistingRemoteWebDriver.execute(ExistingRemoteWebDriver.java:108)
	at org.openqa.selenium.remote.RemoteWebElement.execute(RemoteWebElement.java:285)
	at org.openqa.selenium.remote.RemoteWebElement.click(RemoteWebElement.java:84)
	at org.openqa.selenium.support.events.EventFiringWebDriver$EventFiringWebElement.lambda$new$0(EventFiringWebDriver.java:404)
	at com.sun.proxy.$Proxy9.click(Unknown Source)
	at org.openqa.selenium.support.events.EventFiringWebDriver$EventFiringWebElement.click(EventFiringWebDriver.java:417)
	at com.kms.katalon.core.webui.keyword.builtin.ClickKeyword$_click_closure1.doCall(ClickKeyword.groovy:69)
	at com.kms.katalon.core.webui.keyword.builtin.ClickKeyword$_click_closure1.call(ClickKeyword.groovy)
	at com.kms.katalon.core.webui.keyword.internal.WebUIKeywordMain.runKeyword(WebUIKeywordMain.groovy:20)
	... 19 more]]></system-err>
      </testcase>
      <testcase name="Test Cases/ADMIN/Content Mgmt/Categories/Category Add-Edit/Add Category" time="15.523" classname="Test Cases/ADMIN/Content Mgmt/Categories/Category Add-Edit/Add Category" status="FAILED">
         <failure type="FAILED" message="Test Cases/ADMIN/Content Mgmt/Categories/Category Add-Edit/Add Category FAILED.
Reason:
com.kms.katalon.core.exception.StepFailedException: Unable to click on object 'Object Repository/ADMIN/Categories/Category List/button_Categories' (Root cause: com.kms.katalon.core.exception.StepFailedException: Unable to click on object 'Object Repository/ADMIN/Categories/Category List/button_Categories'
	at com.kms.katalon.core.webui.keyword.internal.WebUIKeywordMain.stepFailed(WebUIKeywordMain.groovy:64)
	at com.kms.katalon.core.webui.keyword.internal.WebUIKeywordMain.runKeyword(WebUIKeywordMain.groovy:26)
	at com.kms.katalon.core.webui.keyword.builtin.ClickKeyword.click(ClickKeyword.groovy:76)
	at com.kms.katalon.core.webui.keyword.builtin.ClickKeyword.execute(ClickKeyword.groovy:43)
	at com.kms.katalon.core.keyword.internal.KeywordExecutor.executeKeywordForPlatform(KeywordExecutor.groovy:72)
	at com.kms.katalon.core.webui.keyword.WebUiBuiltInKeywords.click(WebUiBuiltInKeywords.groovy:616)
	at com.kms.katalon.core.webui.keyword.WebUiBuiltInKeywords$click$0.call(Unknown Source)
	at Add Category.run(Add Category:28)
	at com.kms.katalon.core.main.ScriptEngine.run(ScriptEngine.java:194)
	at com.kms.katalon.core.main.ScriptEngine.runScriptAsRawText(ScriptEngine.java:119)
	at com.kms.katalon.core.main.TestCaseExecutor.runScript(TestCaseExecutor.java:337)
	at com.kms.katalon.core.main.TestCaseExecutor.doExecute(TestCaseExecutor.java:328)
	at com.kms.katalon.core.main.TestCaseExecutor.processExecutionPhase(TestCaseExecutor.java:307)
	at com.kms.katalon.core.main.TestCaseExecutor.accessMainPhase(TestCaseExecutor.java:299)
	at com.kms.katalon.core.main.TestCaseExecutor.execute(TestCaseExecutor.java:233)
	at com.kms.katalon.core.main.TestSuiteExecutor.accessTestCaseMainPhase(TestSuiteExecutor.java:169)
	at com.kms.katalon.core.main.TestSuiteExecutor.accessTestSuiteMainPhase(TestSuiteExecutor.java:142)
	at com.kms.katalon.core.main.TestSuiteExecutor.execute(TestSuiteExecutor.java:91)
	at com.kms.katalon.core.main.TestCaseMain.startTestSuite(TestCaseMain.java:157)
	at com.kms.katalon.core.main.TestCaseMain$startTestSuite$0.call(Unknown Source)
	at TempTestSuite1584598607274.run(TempTestSuite1584598607274.groovy:36)
Caused by: org.openqa.selenium.ElementClickInterceptedException: element click intercepted: Element &lt;a href=&quot;/admin/categorymanager/index&quot;>...&lt;/a> is not clickable at point (129, 348). Other element would receive the click: &lt;a href=&quot;/admin/aboutus/index&quot;>...&lt;/a>
  (Session info: chrome=80.0.3987.132)
Build info: version: '3.141.59', revision: 'e82be7d358', time: '2018-11-14T08:25:53'
System info: host: 'ARCADIER-03', ip: '192.168.254.105', os.name: 'Windows 7', os.arch: 'amd64', os.version: '6.1', java.version: '1.8.0_181'
Driver info: com.kms.katalon.core.webui.driver.ExistingRemoteWebDriver
Capabilities {javascriptEnabled: true, platform: ANY, platformName: ANY}
Session ID: 66da7635ded2d355388026ca8e7d8eff
	at org.openqa.selenium.remote.http.W3CHttpResponseCodec.createException(W3CHttpResponseCodec.java:187)
	at org.openqa.selenium.remote.http.W3CHttpResponseCodec.decode(W3CHttpResponseCodec.java:122)
	at org.openqa.selenium.remote.http.W3CHttpResponseCodec.decode(W3CHttpResponseCodec.java:49)
	at org.openqa.selenium.remote.HttpCommandExecutor.execute(HttpCommandExecutor.java:158)
	at org.openqa.selenium.remote.RemoteWebDriver.execute(RemoteWebDriver.java:552)
	at com.kms.katalon.core.webui.driver.ExistingRemoteWebDriver.execute(ExistingRemoteWebDriver.java:108)
	at org.openqa.selenium.remote.RemoteWebElement.execute(RemoteWebElement.java:285)
	at org.openqa.selenium.remote.RemoteWebElement.click(RemoteWebElement.java:84)
	at org.openqa.selenium.support.events.EventFiringWebDriver$EventFiringWebElement.lambda$new$0(EventFiringWebDriver.java:404)
	at com.sun.proxy.$Proxy9.click(Unknown Source)
	at org.openqa.selenium.support.events.EventFiringWebDriver$EventFiringWebElement.click(EventFiringWebDriver.java:417)
	at com.kms.katalon.core.webui.keyword.builtin.ClickKeyword$_click_closure1.doCall(ClickKeyword.groovy:69)
	at com.kms.katalon.core.webui.keyword.builtin.ClickKeyword$_click_closure1.call(ClickKeyword.groovy)
	at com.kms.katalon.core.webui.keyword.internal.WebUIKeywordMain.runKeyword(WebUIKeywordMain.groovy:20)
	at com.kms.katalon.core.webui.keyword.builtin.ClickKeyword.click(ClickKeyword.groovy:76)
	at com.kms.katalon.core.webui.keyword.builtin.ClickKeyword.execute(ClickKeyword.groovy:43)
	at com.kms.katalon.core.keyword.internal.KeywordExecutor.executeKeywordForPlatform(KeywordExecutor.groovy:72)
	at com.kms.katalon.core.webui.keyword.WebUiBuiltInKeywords.click(WebUiBuiltInKeywords.groovy:616)
	at com.kms.katalon.core.webui.keyword.WebUiBuiltInKeywords$click$0.call(Unknown Source)
	at Script1549506362832.run(Script1549506362832.groovy:28)
	... 13 more
)
	at com.kms.katalon.core.keyword.internal.KeywordMain.stepFailed(KeywordMain.groovy:39)
	at com.kms.katalon.core.webui.keyword.internal.WebUIKeywordMain.stepFailed(WebUIKeywordMain.groovy:64)
	at com.kms.katalon.core.webui.keyword.internal.WebUIKeywordMain.runKeyword(WebUIKeywordMain.groovy:26)
	at com.kms.katalon.core.webui.keyword.builtin.ClickKeyword.click(ClickKeyword.groovy:76)
	at com.kms.katalon.core.webui.keyword.builtin.ClickKeyword.execute(ClickKeyword.groovy:43)
	at com.kms.katalon.core.keyword.internal.KeywordExecutor.executeKeywordForPlatform(KeywordExecutor.groovy:72)
	at com.kms.katalon.core.webui.keyword.WebUiBuiltInKeywords.click(WebUiBuiltInKeywords.groovy:616)
	at com.kms.katalon.core.webui.keyword.WebUiBuiltInKeywords$click$0.call(Unknown Source)
	at Add Category.run(Add Category:28)
	at com.kms.katalon.core.main.ScriptEngine.run(ScriptEngine.java:194)
	at com.kms.katalon.core.main.ScriptEngine.runScriptAsRawText(ScriptEngine.java:119)
	at com.kms.katalon.core.main.TestCaseExecutor.runScript(TestCaseExecutor.java:337)
	at com.kms.katalon.core.main.TestCaseExecutor.doExecute(TestCaseExecutor.java:328)
	at com.kms.katalon.core.main.TestCaseExecutor.processExecutionPhase(TestCaseExecutor.java:307)
	at com.kms.katalon.core.main.TestCaseExecutor.accessMainPhase(TestCaseExecutor.java:299)
	at com.kms.katalon.core.main.TestCaseExecutor.execute(TestCaseExecutor.java:233)
	at com.kms.katalon.core.main.TestSuiteExecutor.accessTestCaseMainPhase(TestSuiteExecutor.java:169)
	at com.kms.katalon.core.main.TestSuiteExecutor.accessTestSuiteMainPhase(TestSuiteExecutor.java:142)
	at com.kms.katalon.core.main.TestSuiteExecutor.execute(TestSuiteExecutor.java:91)
	at com.kms.katalon.core.main.TestCaseMain.startTestSuite(TestCaseMain.java:157)
	at com.kms.katalon.core.main.TestCaseMain$startTestSuite$0.call(Unknown Source)
	at TempTestSuite1584598607274.run(TempTestSuite1584598607274.groovy:36)
Caused by: com.kms.katalon.core.exception.StepFailedException: Unable to click on object 'Object Repository/ADMIN/Categories/Category List/button_Categories'
	... 21 more
Caused by: org.openqa.selenium.ElementClickInterceptedException: element click intercepted: Element &lt;a href=&quot;/admin/categorymanager/index&quot;>...&lt;/a> is not clickable at point (129, 348). Other element would receive the click: &lt;a href=&quot;/admin/aboutus/index&quot;>...&lt;/a>
  (Session info: chrome=80.0.3987.132)
Build info: version: '3.141.59', revision: 'e82be7d358', time: '2018-11-14T08:25:53'
System info: host: 'ARCADIER-03', ip: '192.168.254.105', os.name: 'Windows 7', os.arch: 'amd64', os.version: '6.1', java.version: '1.8.0_181'
Driver info: com.kms.katalon.core.webui.driver.ExistingRemoteWebDriver
Capabilities {javascriptEnabled: true, platform: ANY, platformName: ANY}
Session ID: 66da7635ded2d355388026ca8e7d8eff
	at org.openqa.selenium.remote.http.W3CHttpResponseCodec.createException(W3CHttpResponseCodec.java:187)
	at org.openqa.selenium.remote.http.W3CHttpResponseCodec.decode(W3CHttpResponseCodec.java:122)
	at org.openqa.selenium.remote.http.W3CHttpResponseCodec.decode(W3CHttpResponseCodec.java:49)
	at org.openqa.selenium.remote.HttpCommandExecutor.execute(HttpCommandExecutor.java:158)
	at org.openqa.selenium.remote.RemoteWebDriver.execute(RemoteWebDriver.java:552)
	at com.kms.katalon.core.webui.driver.ExistingRemoteWebDriver.execute(ExistingRemoteWebDriver.java:108)
	at org.openqa.selenium.remote.RemoteWebElement.execute(RemoteWebElement.java:285)
	at org.openqa.selenium.remote.RemoteWebElement.click(RemoteWebElement.java:84)
	at org.openqa.selenium.support.events.EventFiringWebDriver$EventFiringWebElement.lambda$new$0(EventFiringWebDriver.java:404)
	at com.sun.proxy.$Proxy9.click(Unknown Source)
	at org.openqa.selenium.support.events.EventFiringWebDriver$EventFiringWebElement.click(EventFiringWebDriver.java:417)
	at com.kms.katalon.core.webui.keyword.builtin.ClickKeyword$_click_closure1.doCall(ClickKeyword.groovy:69)
	at com.kms.katalon.core.webui.keyword.builtin.ClickKeyword$_click_closure1.call(ClickKeyword.groovy)
	at com.kms.katalon.core.webui.keyword.internal.WebUIKeywordMain.runKeyword(WebUIKeywordMain.groovy:20)
	... 19 more
"/>
         <system-out><![CDATA[2020-03-19 14:29:10 - [TEST_CASE][FAILED] - Test Cases/ADMIN/Content Mgmt/Categories/Category Add-Edit/Add Category: Test Cases/ADMIN/Content Mgmt/Categories/Category Add-Edit/Add Category FAILED.
Reason:
com.kms.katalon.core.exception.StepFailedException: Unable to click on object 'Object Repository/ADMIN/Categories/Category List/button_Categories' (Root cause: com.kms.katalon.core.exception.StepFailedException: Unable to click on object 'Object Repository/ADMIN/Categories/Category List/button_Categories'
	at com.kms.katalon.core.webui.keyword.internal.WebUIKeywordMain.stepFailed(WebUIKeywordMain.groovy:64)
	at com.kms.katalon.core.webui.keyword.internal.WebUIKeywordMain.runKeyword(WebUIKeywordMain.groovy:26)
	at com.kms.katalon.core.webui.keyword.builtin.ClickKeyword.click(ClickKeyword.groovy:76)
	at com.kms.katalon.core.webui.keyword.builtin.ClickKeyword.execute(ClickKeyword.groovy:43)
	at com.kms.katalon.core.keyword.internal.KeywordExecutor.executeKeywordForPlatform(KeywordExecutor.groovy:72)
	at com.kms.katalon.core.webui.keyword.WebUiBuiltInKeywords.click(WebUiBuiltInKeywords.groovy:616)
	at com.kms.katalon.core.webui.keyword.WebUiBuiltInKeywords$click$0.call(Unknown Source)
	at Add Category.run(Add Category:28)
	at com.kms.katalon.core.main.ScriptEngine.run(ScriptEngine.java:194)
	at com.kms.katalon.core.main.ScriptEngine.runScriptAsRawText(ScriptEngine.java:119)
	at com.kms.katalon.core.main.TestCaseExecutor.runScript(TestCaseExecutor.java:337)
	at com.kms.katalon.core.main.TestCaseExecutor.doExecute(TestCaseExecutor.java:328)
	at com.kms.katalon.core.main.TestCaseExecutor.processExecutionPhase(TestCaseExecutor.java:307)
	at com.kms.katalon.core.main.TestCaseExecutor.accessMainPhase(TestCaseExecutor.java:299)
	at com.kms.katalon.core.main.TestCaseExecutor.execute(TestCaseExecutor.java:233)
	at com.kms.katalon.core.main.TestSuiteExecutor.accessTestCaseMainPhase(TestSuiteExecutor.java:169)
	at com.kms.katalon.core.main.TestSuiteExecutor.accessTestSuiteMainPhase(TestSuiteExecutor.java:142)
	at com.kms.katalon.core.main.TestSuiteExecutor.execute(TestSuiteExecutor.java:91)
	at com.kms.katalon.core.main.TestCaseMain.startTestSuite(TestCaseMain.java:157)
	at com.kms.katalon.core.main.TestCaseMain$startTestSuite$0.call(Unknown Source)
	at TempTestSuite1584598607274.run(TempTestSuite1584598607274.groovy:36)
Caused by: org.openqa.selenium.ElementClickInterceptedException: element click intercepted: Element <a href="/admin/categorymanager/index">...</a> is not clickable at point (129, 348). Other element would receive the click: <a href="/admin/aboutus/index">...</a>
  (Session info: chrome=80.0.3987.132)
Build info: version: '3.141.59', revision: 'e82be7d358', time: '2018-11-14T08:25:53'
System info: host: 'ARCADIER-03', ip: '192.168.254.105', os.name: 'Windows 7', os.arch: 'amd64', os.version: '6.1', java.version: '1.8.0_181'
Driver info: com.kms.katalon.core.webui.driver.ExistingRemoteWebDriver
Capabilities {javascriptEnabled: true, platform: ANY, platformName: ANY}
Session ID: 66da7635ded2d355388026ca8e7d8eff
	at org.openqa.selenium.remote.http.W3CHttpResponseCodec.createException(W3CHttpResponseCodec.java:187)
	at org.openqa.selenium.remote.http.W3CHttpResponseCodec.decode(W3CHttpResponseCodec.java:122)
	at org.openqa.selenium.remote.http.W3CHttpResponseCodec.decode(W3CHttpResponseCodec.java:49)
	at org.openqa.selenium.remote.HttpCommandExecutor.execute(HttpCommandExecutor.java:158)
	at org.openqa.selenium.remote.RemoteWebDriver.execute(RemoteWebDriver.java:552)
	at com.kms.katalon.core.webui.driver.ExistingRemoteWebDriver.execute(ExistingRemoteWebDriver.java:108)
	at org.openqa.selenium.remote.RemoteWebElement.execute(RemoteWebElement.java:285)
	at org.openqa.selenium.remote.RemoteWebElement.click(RemoteWebElement.java:84)
	at org.openqa.selenium.support.events.EventFiringWebDriver$EventFiringWebElement.lambda$new$0(EventFiringWebDriver.java:404)
	at com.sun.proxy.$Proxy9.click(Unknown Source)
	at org.openqa.selenium.support.events.EventFiringWebDriver$EventFiringWebElement.click(EventFiringWebDriver.java:417)
	at com.kms.katalon.core.webui.keyword.builtin.ClickKeyword$_click_closure1.doCall(ClickKeyword.groovy:69)
	at com.kms.katalon.core.webui.keyword.builtin.ClickKeyword$_click_closure1.call(ClickKeyword.groovy)
	at com.kms.katalon.core.webui.keyword.internal.WebUIKeywordMain.runKeyword(WebUIKeywordMain.groovy:20)
	at com.kms.katalon.core.webui.keyword.builtin.ClickKeyword.click(ClickKeyword.groovy:76)
	at com.kms.katalon.core.webui.keyword.builtin.ClickKeyword.execute(ClickKeyword.groovy:43)
	at com.kms.katalon.core.keyword.internal.KeywordExecutor.executeKeywordForPlatform(KeywordExecutor.groovy:72)
	at com.kms.katalon.core.webui.keyword.WebUiBuiltInKeywords.click(WebUiBuiltInKeywords.groovy:616)
	at com.kms.katalon.core.webui.keyword.WebUiBuiltInKeywords$click$0.call(Unknown Source)
	at Script1549506362832.run(Script1549506362832.groovy:28)
	... 13 more
)
	at com.kms.katalon.core.keyword.internal.KeywordMain.stepFailed(KeywordMain.groovy:39)
	at com.kms.katalon.core.webui.keyword.internal.WebUIKeywordMain.stepFailed(WebUIKeywordMain.groovy:64)
	at com.kms.katalon.core.webui.keyword.internal.WebUIKeywordMain.runKeyword(WebUIKeywordMain.groovy:26)
	at com.kms.katalon.core.webui.keyword.builtin.ClickKeyword.click(ClickKeyword.groovy:76)
	at com.kms.katalon.core.webui.keyword.builtin.ClickKeyword.execute(ClickKeyword.groovy:43)
	at com.kms.katalon.core.keyword.internal.KeywordExecutor.executeKeywordForPlatform(KeywordExecutor.groovy:72)
	at com.kms.katalon.core.webui.keyword.WebUiBuiltInKeywords.click(WebUiBuiltInKeywords.groovy:616)
	at com.kms.katalon.core.webui.keyword.WebUiBuiltInKeywords$click$0.call(Unknown Source)
	at Add Category.run(Add Category:28)
	at com.kms.katalon.core.main.ScriptEngine.run(ScriptEngine.java:194)
	at com.kms.katalon.core.main.ScriptEngine.runScriptAsRawText(ScriptEngine.java:119)
	at com.kms.katalon.core.main.TestCaseExecutor.runScript(TestCaseExecutor.java:337)
	at com.kms.katalon.core.main.TestCaseExecutor.doExecute(TestCaseExecutor.java:328)
	at com.kms.katalon.core.main.TestCaseExecutor.processExecutionPhase(TestCaseExecutor.java:307)
	at com.kms.katalon.core.main.TestCaseExecutor.accessMainPhase(TestCaseExecutor.java:299)
	at com.kms.katalon.core.main.TestCaseExecutor.execute(TestCaseExecutor.java:233)
	at com.kms.katalon.core.main.TestSuiteExecutor.accessTestCaseMainPhase(TestSuiteExecutor.java:169)
	at com.kms.katalon.core.main.TestSuiteExecutor.accessTestSuiteMainPhase(TestSuiteExecutor.java:142)
	at com.kms.katalon.core.main.TestSuiteExecutor.execute(TestSuiteExecutor.java:91)
	at com.kms.katalon.core.main.TestCaseMain.startTestSuite(TestCaseMain.java:157)
	at com.kms.katalon.core.main.TestCaseMain$startTestSuite$0.call(Unknown Source)
	at TempTestSuite1584598607274.run(TempTestSuite1584598607274.groovy:36)
Caused by: com.kms.katalon.core.exception.StepFailedException: Unable to click on object 'Object Repository/ADMIN/Categories/Category List/button_Categories'
	... 21 more
Caused by: org.openqa.selenium.ElementClickInterceptedException: element click intercepted: Element <a href="/admin/categorymanager/index">...</a> is not clickable at point (129, 348). Other element would receive the click: <a href="/admin/aboutus/index">...</a>
  (Session info: chrome=80.0.3987.132)
Build info: version: '3.141.59', revision: 'e82be7d358', time: '2018-11-14T08:25:53'
System info: host: 'ARCADIER-03', ip: '192.168.254.105', os.name: 'Windows 7', os.arch: 'amd64', os.version: '6.1', java.version: '1.8.0_181'
Driver info: com.kms.katalon.core.webui.driver.ExistingRemoteWebDriver
Capabilities {javascriptEnabled: true, platform: ANY, platformName: ANY}
Session ID: 66da7635ded2d355388026ca8e7d8eff
	at org.openqa.selenium.remote.http.W3CHttpResponseCodec.createException(W3CHttpResponseCodec.java:187)
	at org.openqa.selenium.remote.http.W3CHttpResponseCodec.decode(W3CHttpResponseCodec.java:122)
	at org.openqa.selenium.remote.http.W3CHttpResponseCodec.decode(W3CHttpResponseCodec.java:49)
	at org.openqa.selenium.remote.HttpCommandExecutor.execute(HttpCommandExecutor.java:158)
	at org.openqa.selenium.remote.RemoteWebDriver.execute(RemoteWebDriver.java:552)
	at com.kms.katalon.core.webui.driver.ExistingRemoteWebDriver.execute(ExistingRemoteWebDriver.java:108)
	at org.openqa.selenium.remote.RemoteWebElement.execute(RemoteWebElement.java:285)
	at org.openqa.selenium.remote.RemoteWebElement.click(RemoteWebElement.java:84)
	at org.openqa.selenium.support.events.EventFiringWebDriver$EventFiringWebElement.lambda$new$0(EventFiringWebDriver.java:404)
	at com.sun.proxy.$Proxy9.click(Unknown Source)
	at org.openqa.selenium.support.events.EventFiringWebDriver$EventFiringWebElement.click(EventFiringWebDriver.java:417)
	at com.kms.katalon.core.webui.keyword.builtin.ClickKeyword$_click_closure1.doCall(ClickKeyword.groovy:69)
	at com.kms.katalon.core.webui.keyword.builtin.ClickKeyword$_click_closure1.call(ClickKeyword.groovy)
	at com.kms.katalon.core.webui.keyword.internal.WebUIKeywordMain.runKeyword(WebUIKeywordMain.groovy:20)
	... 19 more


2020-03-19 14:29:10 - [TEST_STEP][PASSED] - waitForElementVisible(findTestObject("ADMIN/Categories/Category List/button_Content Mgmt"), 0): Object 'Object Repository/ADMIN/Categories/Category List/button_Content Mgmt' is visible

2020-03-19 14:29:10 - [MESSAGE][WARNING] - Timeout '0' is invalid. Using default page load timeout: '30'

2020-03-19 14:29:10 - [MESSAGE][PASSED] - Object 'Object Repository/ADMIN/Categories/Category List/button_Content Mgmt' is visible

2020-03-19 14:29:10 - [TEST_STEP][PASSED] - click(findTestObject("ADMIN/Categories/Category List/button_Content Mgmt")): Object: 'Object Repository/ADMIN/Categories/Category List/button_Content Mgmt' is clicked on

2020-03-19 14:29:11 - [MESSAGE][PASSED] - Object: 'Object Repository/ADMIN/Categories/Category List/button_Content Mgmt' is clicked on

2020-03-19 14:29:11 - [TEST_STEP][PASSED] - waitForElementVisible(findTestObject("ADMIN/Categories/Category List/button_Categories"), 0): Object 'Object Repository/ADMIN/Categories/Category List/button_Categories' is visible

2020-03-19 14:29:11 - [MESSAGE][WARNING] - Timeout '0' is invalid. Using default page load timeout: '30'

2020-03-19 14:29:11 - [MESSAGE][PASSED] - Object 'Object Repository/ADMIN/Categories/Category List/button_Categories' is visible

2020-03-19 14:29:11 - [TEST_STEP][FAILED] - click(findTestObject("ADMIN/Categories/Category List/button_Categories")): Unable to click on object 'Object Repository/ADMIN/Categories/Category List/button_Categories' (Root cause: com.kms.katalon.core.exception.StepFailedException: Unable to click on object 'Object Repository/ADMIN/Categories/Category List/button_Categories'
	at com.kms.katalon.core.webui.keyword.internal.WebUIKeywordMain.stepFailed(WebUIKeywordMain.groovy:64)
	at com.kms.katalon.core.webui.keyword.internal.WebUIKeywordMain.runKeyword(WebUIKeywordMain.groovy:26)
	at com.kms.katalon.core.webui.keyword.builtin.ClickKeyword.click(ClickKeyword.groovy:76)
	at com.kms.katalon.core.webui.keyword.builtin.ClickKeyword.execute(ClickKeyword.groovy:43)
	at com.kms.katalon.core.keyword.internal.KeywordExecutor.executeKeywordForPlatform(KeywordExecutor.groovy:72)
	at com.kms.katalon.core.webui.keyword.WebUiBuiltInKeywords.click(WebUiBuiltInKeywords.groovy:616)
	at com.kms.katalon.core.webui.keyword.WebUiBuiltInKeywords$click$0.call(Unknown Source)
	at Add Category.run(Add Category:28)
	at com.kms.katalon.core.main.ScriptEngine.run(ScriptEngine.java:194)
	at com.kms.katalon.core.main.ScriptEngine.runScriptAsRawText(ScriptEngine.java:119)
	at com.kms.katalon.core.main.TestCaseExecutor.runScript(TestCaseExecutor.java:337)
	at com.kms.katalon.core.main.TestCaseExecutor.doExecute(TestCaseExecutor.java:328)
	at com.kms.katalon.core.main.TestCaseExecutor.processExecutionPhase(TestCaseExecutor.java:307)
	at com.kms.katalon.core.main.TestCaseExecutor.accessMainPhase(TestCaseExecutor.java:299)
	at com.kms.katalon.core.main.TestCaseExecutor.execute(TestCaseExecutor.java:233)
	at com.kms.katalon.core.main.TestSuiteExecutor.accessTestCaseMainPhase(TestSuiteExecutor.java:169)
	at com.kms.katalon.core.main.TestSuiteExecutor.accessTestSuiteMainPhase(TestSuiteExecutor.java:142)
	at com.kms.katalon.core.main.TestSuiteExecutor.execute(TestSuiteExecutor.java:91)
	at com.kms.katalon.core.main.TestCaseMain.startTestSuite(TestCaseMain.java:157)
	at com.kms.katalon.core.main.TestCaseMain$startTestSuite$0.call(Unknown Source)
	at TempTestSuite1584598607274.run(TempTestSuite1584598607274.groovy:36)
Caused by: org.openqa.selenium.ElementClickInterceptedException: element click intercepted: Element <a href="/admin/categorymanager/index">...</a> is not clickable at point (129, 348). Other element would receive the click: <a href="/admin/aboutus/index">...</a>
  (Session info: chrome=80.0.3987.132)
Build info: version: '3.141.59', revision: 'e82be7d358', time: '2018-11-14T08:25:53'
System info: host: 'ARCADIER-03', ip: '192.168.254.105', os.name: 'Windows 7', os.arch: 'amd64', os.version: '6.1', java.version: '1.8.0_181'
Driver info: com.kms.katalon.core.webui.driver.ExistingRemoteWebDriver
Capabilities {javascriptEnabled: true, platform: ANY, platformName: ANY}
Session ID: 66da7635ded2d355388026ca8e7d8eff
	at org.openqa.selenium.remote.http.W3CHttpResponseCodec.createException(W3CHttpResponseCodec.java:187)
	at org.openqa.selenium.remote.http.W3CHttpResponseCodec.decode(W3CHttpResponseCodec.java:122)
	at org.openqa.selenium.remote.http.W3CHttpResponseCodec.decode(W3CHttpResponseCodec.java:49)
	at org.openqa.selenium.remote.HttpCommandExecutor.execute(HttpCommandExecutor.java:158)
	at org.openqa.selenium.remote.RemoteWebDriver.execute(RemoteWebDriver.java:552)
	at com.kms.katalon.core.webui.driver.ExistingRemoteWebDriver.execute(ExistingRemoteWebDriver.java:108)
	at org.openqa.selenium.remote.RemoteWebElement.execute(RemoteWebElement.java:285)
	at org.openqa.selenium.remote.RemoteWebElement.click(RemoteWebElement.java:84)
	at org.openqa.selenium.support.events.EventFiringWebDriver$EventFiringWebElement.lambda$new$0(EventFiringWebDriver.java:404)
	at com.sun.proxy.$Proxy9.click(Unknown Source)
	at org.openqa.selenium.support.events.EventFiringWebDriver$EventFiringWebElement.click(EventFiringWebDriver.java:417)
	at com.kms.katalon.core.webui.keyword.builtin.ClickKeyword$_click_closure1.doCall(ClickKeyword.groovy:69)
	at com.kms.katalon.core.webui.keyword.builtin.ClickKeyword$_click_closure1.call(ClickKeyword.groovy)
	at com.kms.katalon.core.webui.keyword.internal.WebUIKeywordMain.runKeyword(WebUIKeywordMain.groovy:20)
	at com.kms.katalon.core.webui.keyword.builtin.ClickKeyword.click(ClickKeyword.groovy:76)
	at com.kms.katalon.core.webui.keyword.builtin.ClickKeyword.execute(ClickKeyword.groovy:43)
	at com.kms.katalon.core.keyword.internal.KeywordExecutor.executeKeywordForPlatform(KeywordExecutor.groovy:72)
	at com.kms.katalon.core.webui.keyword.WebUiBuiltInKeywords.click(WebUiBuiltInKeywords.groovy:616)
	at com.kms.katalon.core.webui.keyword.WebUiBuiltInKeywords$click$0.call(Unknown Source)
	at Script1549506362832.run(Script1549506362832.groovy:28)
	... 13 more
)

2020-03-19 14:29:12 - [MESSAGE][FAILED] - Unable to click on object 'Object Repository/ADMIN/Categories/Category List/button_Categories' (Root cause: com.kms.katalon.core.exception.StepFailedException: Unable to click on object 'Object Repository/ADMIN/Categories/Category List/button_Categories'
	at com.kms.katalon.core.webui.keyword.internal.WebUIKeywordMain.stepFailed(WebUIKeywordMain.groovy:64)
	at com.kms.katalon.core.webui.keyword.internal.WebUIKeywordMain.runKeyword(WebUIKeywordMain.groovy:26)
	at com.kms.katalon.core.webui.keyword.builtin.ClickKeyword.click(ClickKeyword.groovy:76)
	at com.kms.katalon.core.webui.keyword.builtin.ClickKeyword.execute(ClickKeyword.groovy:43)
	at com.kms.katalon.core.keyword.internal.KeywordExecutor.executeKeywordForPlatform(KeywordExecutor.groovy:72)
	at com.kms.katalon.core.webui.keyword.WebUiBuiltInKeywords.click(WebUiBuiltInKeywords.groovy:616)
	at com.kms.katalon.core.webui.keyword.WebUiBuiltInKeywords$click$0.call(Unknown Source)
	at Add Category.run(Add Category:28)
	at com.kms.katalon.core.main.ScriptEngine.run(ScriptEngine.java:194)
	at com.kms.katalon.core.main.ScriptEngine.runScriptAsRawText(ScriptEngine.java:119)
	at com.kms.katalon.core.main.TestCaseExecutor.runScript(TestCaseExecutor.java:337)
	at com.kms.katalon.core.main.TestCaseExecutor.doExecute(TestCaseExecutor.java:328)
	at com.kms.katalon.core.main.TestCaseExecutor.processExecutionPhase(TestCaseExecutor.java:307)
	at com.kms.katalon.core.main.TestCaseExecutor.accessMainPhase(TestCaseExecutor.java:299)
	at com.kms.katalon.core.main.TestCaseExecutor.execute(TestCaseExecutor.java:233)
	at com.kms.katalon.core.main.TestSuiteExecutor.accessTestCaseMainPhase(TestSuiteExecutor.java:169)
	at com.kms.katalon.core.main.TestSuiteExecutor.accessTestSuiteMainPhase(TestSuiteExecutor.java:142)
	at com.kms.katalon.core.main.TestSuiteExecutor.execute(TestSuiteExecutor.java:91)
	at com.kms.katalon.core.main.TestCaseMain.startTestSuite(TestCaseMain.java:157)
	at com.kms.katalon.core.main.TestCaseMain$startTestSuite$0.call(Unknown Source)
	at TempTestSuite1584598607274.run(TempTestSuite1584598607274.groovy:36)
Caused by: org.openqa.selenium.ElementClickInterceptedException: element click intercepted: Element <a href="/admin/categorymanager/index">...</a> is not clickable at point (129, 348). Other element would receive the click: <a href="/admin/aboutus/index">...</a>
  (Session info: chrome=80.0.3987.132)
Build info: version: '3.141.59', revision: 'e82be7d358', time: '2018-11-14T08:25:53'
System info: host: 'ARCADIER-03', ip: '192.168.254.105', os.name: 'Windows 7', os.arch: 'amd64', os.version: '6.1', java.version: '1.8.0_181'
Driver info: com.kms.katalon.core.webui.driver.ExistingRemoteWebDriver
Capabilities {javascriptEnabled: true, platform: ANY, platformName: ANY}
Session ID: 66da7635ded2d355388026ca8e7d8eff
	at org.openqa.selenium.remote.http.W3CHttpResponseCodec.createException(W3CHttpResponseCodec.java:187)
	at org.openqa.selenium.remote.http.W3CHttpResponseCodec.decode(W3CHttpResponseCodec.java:122)
	at org.openqa.selenium.remote.http.W3CHttpResponseCodec.decode(W3CHttpResponseCodec.java:49)
	at org.openqa.selenium.remote.HttpCommandExecutor.execute(HttpCommandExecutor.java:158)
	at org.openqa.selenium.remote.RemoteWebDriver.execute(RemoteWebDriver.java:552)
	at com.kms.katalon.core.webui.driver.ExistingRemoteWebDriver.execute(ExistingRemoteWebDriver.java:108)
	at org.openqa.selenium.remote.RemoteWebElement.execute(RemoteWebElement.java:285)
	at org.openqa.selenium.remote.RemoteWebElement.click(RemoteWebElement.java:84)
	at org.openqa.selenium.support.events.EventFiringWebDriver$EventFiringWebElement.lambda$new$0(EventFiringWebDriver.java:404)
	at com.sun.proxy.$Proxy9.click(Unknown Source)
	at org.openqa.selenium.support.events.EventFiringWebDriver$EventFiringWebElement.click(EventFiringWebDriver.java:417)
	at com.kms.katalon.core.webui.keyword.builtin.ClickKeyword$_click_closure1.doCall(ClickKeyword.groovy:69)
	at com.kms.katalon.core.webui.keyword.builtin.ClickKeyword$_click_closure1.call(ClickKeyword.groovy)
	at com.kms.katalon.core.webui.keyword.internal.WebUIKeywordMain.runKeyword(WebUIKeywordMain.groovy:20)
	at com.kms.katalon.core.webui.keyword.builtin.ClickKeyword.click(ClickKeyword.groovy:76)
	at com.kms.katalon.core.webui.keyword.builtin.ClickKeyword.execute(ClickKeyword.groovy:43)
	at com.kms.katalon.core.keyword.internal.KeywordExecutor.executeKeywordForPlatform(KeywordExecutor.groovy:72)
	at com.kms.katalon.core.webui.keyword.WebUiBuiltInKeywords.click(WebUiBuiltInKeywords.groovy:616)
	at com.kms.katalon.core.webui.keyword.WebUiBuiltInKeywords$click$0.call(Unknown Source)
	at Script1549506362832.run(Script1549506362832.groovy:28)
	... 13 more
)
[[ATTACHMENT|C:\\Katalon\\Arctick\\Reports\\20200319_141647\\Admin\\Admin Add Category\\20200319_141647\\1584599352274.png]]

2020-03-19 14:29:12 - [TEST_STEP][PASSED] - waitForPageLoad(0, STOP_ON_FAILURE): Wait for page load successfully

2020-03-19 14:29:12 - [MESSAGE][WARNING] - Timeout '0' is invalid. Using default page load timeout: '30'

2020-03-19 14:29:12 - [MESSAGE][PASSED] - Wait for page load successfully

2020-03-19 14:29:12 - [TEST_STEP][PASSED] - click(findTestObject("ADMIN/Categories/Category List/button_Add a Category")): Object: 'Object Repository/ADMIN/Categories/Category List/button_Add a Category' is clicked on

2020-03-19 14:29:12 - [MESSAGE][PASSED] - Object: 'Object Repository/ADMIN/Categories/Category List/button_Add a Category' is clicked on

2020-03-19 14:29:12 - [TEST_STEP][PASSED] - waitForElementPresent(findTestObject("ADMIN/Categories/Category/dropdown_Parent"), 2): Object 'Object Repository/ADMIN/Categories/Category/dropdown_Parent' is present

2020-03-19 14:29:12 - [MESSAGE][PASSED] - Object 'Object Repository/ADMIN/Categories/Category/dropdown_Parent' is present

2020-03-19 14:29:12 - [TEST_STEP][PASSED] - delay(1): Delayed 1 second(s)

2020-03-19 14:29:13 - [MESSAGE][PASSED] - Delayed 1 second(s)

2020-03-19 14:29:13 - [TEST_STEP][PASSED] - setText(findTestObject("ADMIN/Categories/Category/textfield_Category Name"), CategoryNametext): Text 'Category 5.1.17' is set on object 'Object Repository/ADMIN/Categories/Category/textfield_Category Name'

2020-03-19 14:29:13 - [MESSAGE][PASSED] - Text 'Category 5.1.17' is set on object 'Object Repository/ADMIN/Categories/Category/textfield_Category Name'

2020-03-19 14:29:13 - [TEST_STEP][PASSED] - click(findTestObject("ADMIN/Categories/Category/dropdown_Parent")): Object: 'Object Repository/ADMIN/Categories/Category/dropdown_Parent' is clicked on

2020-03-19 14:29:14 - [MESSAGE][PASSED] - Object: 'Object Repository/ADMIN/Categories/Category/dropdown_Parent' is clicked on

2020-03-19 14:29:14 - [TEST_STEP][PASSED] - delay(2): Delayed 2 second(s)

2020-03-19 14:29:16 - [MESSAGE][PASSED] - Delayed 2 second(s)

2020-03-19 14:29:16 - [TEST_STEP][PASSED] - click(findTestObject("ADMIN/Categories/Category/dropdown_Parent")): Object: 'Object Repository/ADMIN/Categories/Category/dropdown_Parent' is clicked on

2020-03-19 14:29:16 - [MESSAGE][PASSED] - Object: 'Object Repository/ADMIN/Categories/Category/dropdown_Parent' is clicked on

2020-03-19 14:29:16 - [TEST_STEP][PASSED] - selectOptionByLabel(findTestObject("ADMIN/Categories/Category/dropdown_Parent"), ParentName, false): All options with label 'Category 5.1' are selected in object 'Object Repository/ADMIN/Categories/Category/dropdown_Parent' 

2020-03-19 14:29:16 - [MESSAGE][PASSED] - All options with label 'Category 5.1' are selected in object 'Object Repository/ADMIN/Categories/Category/dropdown_Parent' 

2020-03-19 14:29:16 - [TEST_STEP][PASSED] - click(findTestObject("ADMIN/Categories/Category/button_Browse")): Object: 'Object Repository/ADMIN/Categories/Category/button_Browse' is clicked on

2020-03-19 14:29:16 - [MESSAGE][PASSED] - Object: 'Object Repository/ADMIN/Categories/Category/button_Browse' is clicked on

2020-03-19 14:29:16 - [TEST_STEP][PASSED] - delay(2): Delayed 2 second(s)

2020-03-19 14:29:18 - [MESSAGE][PASSED] - Delayed 2 second(s)

2020-03-19 14:29:18 - [TEST_STEP][PASSED] - uploadFile(findTestObject("ADMIN/Categories/Category/image_input image"), CategoryImageUpload): File 'C:\\Katalon\\Arctick\\Images\\Category\\5.png' sent to object: 'Object Repository/ADMIN/Categories/Category/image_input image'

2020-03-19 14:29:18 - [MESSAGE][PASSED] - File 'C:\\Katalon\\Arctick\\Images\\Category\\5.png' sent to object: 'Object Repository/ADMIN/Categories/Category/image_input image'

2020-03-19 14:29:18 - [TEST_STEP][PASSED] - waitForElementVisible(findTestObject("ADMIN/Categories/Category/button_upload check"), 0): Object 'Object Repository/ADMIN/Categories/Category/button_upload check' is visible

2020-03-19 14:29:18 - [MESSAGE][WARNING] - Timeout '0' is invalid. Using default page load timeout: '30'

2020-03-19 14:29:18 - [MESSAGE][PASSED] - Object 'Object Repository/ADMIN/Categories/Category/button_upload check' is visible

2020-03-19 14:29:18 - [TEST_STEP][PASSED] - click(findTestObject("ADMIN/Categories/Category/button_upload check")): Object: 'Object Repository/ADMIN/Categories/Category/button_upload check' is clicked on

2020-03-19 14:29:18 - [MESSAGE][PASSED] - Object: 'Object Repository/ADMIN/Categories/Category/button_upload check' is clicked on

2020-03-19 14:29:18 - [TEST_STEP][PASSED] - waitForElementVisible(findTestObject("ADMIN/Categories/Category/button_upload save"), 0): Object 'Object Repository/ADMIN/Categories/Category/button_upload save' is visible

2020-03-19 14:29:18 - [MESSAGE][WARNING] - Timeout '0' is invalid. Using default page load timeout: '30'

2020-03-19 14:29:18 - [MESSAGE][PASSED] - Object 'Object Repository/ADMIN/Categories/Category/button_upload save' is visible

2020-03-19 14:29:18 - [TEST_STEP][PASSED] - click(findTestObject("ADMIN/Categories/Category/button_upload save")): Object: 'Object Repository/ADMIN/Categories/Category/button_upload save' is clicked on

2020-03-19 14:29:19 - [MESSAGE][PASSED] - Object: 'Object Repository/ADMIN/Categories/Category/button_upload save' is clicked on

2020-03-19 14:29:19 - [TEST_STEP][PASSED] - setText(findTestObject("ADMIN/Categories/Category/textfield_category_description"), Description): Text 'Description49' is set on object 'Object Repository/ADMIN/Categories/Category/textfield_category_description'

2020-03-19 14:29:19 - [MESSAGE][PASSED] - Text 'Description49' is set on object 'Object Repository/ADMIN/Categories/Category/textfield_category_description'

2020-03-19 14:29:19 - [TEST_STEP][PASSED] - click(findTestObject("ADMIN/Categories/Category/button_Save")): Object: 'Object Repository/ADMIN/Categories/Category/button_Save' is clicked on

2020-03-19 14:29:19 - [MESSAGE][PASSED] - Object: 'Object Repository/ADMIN/Categories/Category/button_Save' is clicked on

2020-03-19 14:29:19 - [TEST_STEP][PASSED] - waitForElementVisible(findTestObject("ADMIN/Categories/Category/label_edit popup"), 0): Object 'Object Repository/ADMIN/Categories/Category/label_edit popup' is visible

2020-03-19 14:29:19 - [MESSAGE][WARNING] - Timeout '0' is invalid. Using default page load timeout: '30'

2020-03-19 14:29:20 - [MESSAGE][PASSED] - Object 'Object Repository/ADMIN/Categories/Category/label_edit popup' is visible

2020-03-19 14:29:20 - [TEST_STEP][PASSED] - waitForElementNotPresent(findTestObject("ADMIN/Categories/Category/label_edit popup"), 0): Web element with id: 'Object Repository/ADMIN/Categories/Category/label_edit popup' located by 'By.xpath: //div[(text() = 'Category was successfully saved.' or . = 'Category was successfully saved.')]' is not present after '30' second(s)

2020-03-19 14:29:20 - [MESSAGE][WARNING] - Timeout '0' is invalid. Using default page load timeout: '30'

2020-03-19 14:29:26 - [MESSAGE][PASSED] - Web element with id: 'Object Repository/ADMIN/Categories/Category/label_edit popup' located by 'By.xpath: //div[(text() = 'Category was successfully saved.' or . = 'Category was successfully saved.')]' is not present after '30' second(s)]]></system-out>
         <system-err><![CDATA[2020-03-19 14:29:10 - [TEST_CASE][FAILED] - Test Cases/ADMIN/Content Mgmt/Categories/Category Add-Edit/Add Category: Test Cases/ADMIN/Content Mgmt/Categories/Category Add-Edit/Add Category FAILED.
Reason:
com.kms.katalon.core.exception.StepFailedException: Unable to click on object 'Object Repository/ADMIN/Categories/Category List/button_Categories' (Root cause: com.kms.katalon.core.exception.StepFailedException: Unable to click on object 'Object Repository/ADMIN/Categories/Category List/button_Categories'
	at com.kms.katalon.core.webui.keyword.internal.WebUIKeywordMain.stepFailed(WebUIKeywordMain.groovy:64)
	at com.kms.katalon.core.webui.keyword.internal.WebUIKeywordMain.runKeyword(WebUIKeywordMain.groovy:26)
	at com.kms.katalon.core.webui.keyword.builtin.ClickKeyword.click(ClickKeyword.groovy:76)
	at com.kms.katalon.core.webui.keyword.builtin.ClickKeyword.execute(ClickKeyword.groovy:43)
	at com.kms.katalon.core.keyword.internal.KeywordExecutor.executeKeywordForPlatform(KeywordExecutor.groovy:72)
	at com.kms.katalon.core.webui.keyword.WebUiBuiltInKeywords.click(WebUiBuiltInKeywords.groovy:616)
	at com.kms.katalon.core.webui.keyword.WebUiBuiltInKeywords$click$0.call(Unknown Source)
	at Add Category.run(Add Category:28)
	at com.kms.katalon.core.main.ScriptEngine.run(ScriptEngine.java:194)
	at com.kms.katalon.core.main.ScriptEngine.runScriptAsRawText(ScriptEngine.java:119)
	at com.kms.katalon.core.main.TestCaseExecutor.runScript(TestCaseExecutor.java:337)
	at com.kms.katalon.core.main.TestCaseExecutor.doExecute(TestCaseExecutor.java:328)
	at com.kms.katalon.core.main.TestCaseExecutor.processExecutionPhase(TestCaseExecutor.java:307)
	at com.kms.katalon.core.main.TestCaseExecutor.accessMainPhase(TestCaseExecutor.java:299)
	at com.kms.katalon.core.main.TestCaseExecutor.execute(TestCaseExecutor.java:233)
	at com.kms.katalon.core.main.TestSuiteExecutor.accessTestCaseMainPhase(TestSuiteExecutor.java:169)
	at com.kms.katalon.core.main.TestSuiteExecutor.accessTestSuiteMainPhase(TestSuiteExecutor.java:142)
	at com.kms.katalon.core.main.TestSuiteExecutor.execute(TestSuiteExecutor.java:91)
	at com.kms.katalon.core.main.TestCaseMain.startTestSuite(TestCaseMain.java:157)
	at com.kms.katalon.core.main.TestCaseMain$startTestSuite$0.call(Unknown Source)
	at TempTestSuite1584598607274.run(TempTestSuite1584598607274.groovy:36)
Caused by: org.openqa.selenium.ElementClickInterceptedException: element click intercepted: Element <a href="/admin/categorymanager/index">...</a> is not clickable at point (129, 348). Other element would receive the click: <a href="/admin/aboutus/index">...</a>
  (Session info: chrome=80.0.3987.132)
Build info: version: '3.141.59', revision: 'e82be7d358', time: '2018-11-14T08:25:53'
System info: host: 'ARCADIER-03', ip: '192.168.254.105', os.name: 'Windows 7', os.arch: 'amd64', os.version: '6.1', java.version: '1.8.0_181'
Driver info: com.kms.katalon.core.webui.driver.ExistingRemoteWebDriver
Capabilities {javascriptEnabled: true, platform: ANY, platformName: ANY}
Session ID: 66da7635ded2d355388026ca8e7d8eff
	at org.openqa.selenium.remote.http.W3CHttpResponseCodec.createException(W3CHttpResponseCodec.java:187)
	at org.openqa.selenium.remote.http.W3CHttpResponseCodec.decode(W3CHttpResponseCodec.java:122)
	at org.openqa.selenium.remote.http.W3CHttpResponseCodec.decode(W3CHttpResponseCodec.java:49)
	at org.openqa.selenium.remote.HttpCommandExecutor.execute(HttpCommandExecutor.java:158)
	at org.openqa.selenium.remote.RemoteWebDriver.execute(RemoteWebDriver.java:552)
	at com.kms.katalon.core.webui.driver.ExistingRemoteWebDriver.execute(ExistingRemoteWebDriver.java:108)
	at org.openqa.selenium.remote.RemoteWebElement.execute(RemoteWebElement.java:285)
	at org.openqa.selenium.remote.RemoteWebElement.click(RemoteWebElement.java:84)
	at org.openqa.selenium.support.events.EventFiringWebDriver$EventFiringWebElement.lambda$new$0(EventFiringWebDriver.java:404)
	at com.sun.proxy.$Proxy9.click(Unknown Source)
	at org.openqa.selenium.support.events.EventFiringWebDriver$EventFiringWebElement.click(EventFiringWebDriver.java:417)
	at com.kms.katalon.core.webui.keyword.builtin.ClickKeyword$_click_closure1.doCall(ClickKeyword.groovy:69)
	at com.kms.katalon.core.webui.keyword.builtin.ClickKeyword$_click_closure1.call(ClickKeyword.groovy)
	at com.kms.katalon.core.webui.keyword.internal.WebUIKeywordMain.runKeyword(WebUIKeywordMain.groovy:20)
	at com.kms.katalon.core.webui.keyword.builtin.ClickKeyword.click(ClickKeyword.groovy:76)
	at com.kms.katalon.core.webui.keyword.builtin.ClickKeyword.execute(ClickKeyword.groovy:43)
	at com.kms.katalon.core.keyword.internal.KeywordExecutor.executeKeywordForPlatform(KeywordExecutor.groovy:72)
	at com.kms.katalon.core.webui.keyword.WebUiBuiltInKeywords.click(WebUiBuiltInKeywords.groovy:616)
	at com.kms.katalon.core.webui.keyword.WebUiBuiltInKeywords$click$0.call(Unknown Source)
	at Script1549506362832.run(Script1549506362832.groovy:28)
	... 13 more
)
	at com.kms.katalon.core.keyword.internal.KeywordMain.stepFailed(KeywordMain.groovy:39)
	at com.kms.katalon.core.webui.keyword.internal.WebUIKeywordMain.stepFailed(WebUIKeywordMain.groovy:64)
	at com.kms.katalon.core.webui.keyword.internal.WebUIKeywordMain.runKeyword(WebUIKeywordMain.groovy:26)
	at com.kms.katalon.core.webui.keyword.builtin.ClickKeyword.click(ClickKeyword.groovy:76)
	at com.kms.katalon.core.webui.keyword.builtin.ClickKeyword.execute(ClickKeyword.groovy:43)
	at com.kms.katalon.core.keyword.internal.KeywordExecutor.executeKeywordForPlatform(KeywordExecutor.groovy:72)
	at com.kms.katalon.core.webui.keyword.WebUiBuiltInKeywords.click(WebUiBuiltInKeywords.groovy:616)
	at com.kms.katalon.core.webui.keyword.WebUiBuiltInKeywords$click$0.call(Unknown Source)
	at Add Category.run(Add Category:28)
	at com.kms.katalon.core.main.ScriptEngine.run(ScriptEngine.java:194)
	at com.kms.katalon.core.main.ScriptEngine.runScriptAsRawText(ScriptEngine.java:119)
	at com.kms.katalon.core.main.TestCaseExecutor.runScript(TestCaseExecutor.java:337)
	at com.kms.katalon.core.main.TestCaseExecutor.doExecute(TestCaseExecutor.java:328)
	at com.kms.katalon.core.main.TestCaseExecutor.processExecutionPhase(TestCaseExecutor.java:307)
	at com.kms.katalon.core.main.TestCaseExecutor.accessMainPhase(TestCaseExecutor.java:299)
	at com.kms.katalon.core.main.TestCaseExecutor.execute(TestCaseExecutor.java:233)
	at com.kms.katalon.core.main.TestSuiteExecutor.accessTestCaseMainPhase(TestSuiteExecutor.java:169)
	at com.kms.katalon.core.main.TestSuiteExecutor.accessTestSuiteMainPhase(TestSuiteExecutor.java:142)
	at com.kms.katalon.core.main.TestSuiteExecutor.execute(TestSuiteExecutor.java:91)
	at com.kms.katalon.core.main.TestCaseMain.startTestSuite(TestCaseMain.java:157)
	at com.kms.katalon.core.main.TestCaseMain$startTestSuite$0.call(Unknown Source)
	at TempTestSuite1584598607274.run(TempTestSuite1584598607274.groovy:36)
Caused by: com.kms.katalon.core.exception.StepFailedException: Unable to click on object 'Object Repository/ADMIN/Categories/Category List/button_Categories'
	... 21 more
Caused by: org.openqa.selenium.ElementClickInterceptedException: element click intercepted: Element <a href="/admin/categorymanager/index">...</a> is not clickable at point (129, 348). Other element would receive the click: <a href="/admin/aboutus/index">...</a>
  (Session info: chrome=80.0.3987.132)
Build info: version: '3.141.59', revision: 'e82be7d358', time: '2018-11-14T08:25:53'
System info: host: 'ARCADIER-03', ip: '192.168.254.105', os.name: 'Windows 7', os.arch: 'amd64', os.version: '6.1', java.version: '1.8.0_181'
Driver info: com.kms.katalon.core.webui.driver.ExistingRemoteWebDriver
Capabilities {javascriptEnabled: true, platform: ANY, platformName: ANY}
Session ID: 66da7635ded2d355388026ca8e7d8eff
	at org.openqa.selenium.remote.http.W3CHttpResponseCodec.createException(W3CHttpResponseCodec.java:187)
	at org.openqa.selenium.remote.http.W3CHttpResponseCodec.decode(W3CHttpResponseCodec.java:122)
	at org.openqa.selenium.remote.http.W3CHttpResponseCodec.decode(W3CHttpResponseCodec.java:49)
	at org.openqa.selenium.remote.HttpCommandExecutor.execute(HttpCommandExecutor.java:158)
	at org.openqa.selenium.remote.RemoteWebDriver.execute(RemoteWebDriver.java:552)
	at com.kms.katalon.core.webui.driver.ExistingRemoteWebDriver.execute(ExistingRemoteWebDriver.java:108)
	at org.openqa.selenium.remote.RemoteWebElement.execute(RemoteWebElement.java:285)
	at org.openqa.selenium.remote.RemoteWebElement.click(RemoteWebElement.java:84)
	at org.openqa.selenium.support.events.EventFiringWebDriver$EventFiringWebElement.lambda$new$0(EventFiringWebDriver.java:404)
	at com.sun.proxy.$Proxy9.click(Unknown Source)
	at org.openqa.selenium.support.events.EventFiringWebDriver$EventFiringWebElement.click(EventFiringWebDriver.java:417)
	at com.kms.katalon.core.webui.keyword.builtin.ClickKeyword$_click_closure1.doCall(ClickKeyword.groovy:69)
	at com.kms.katalon.core.webui.keyword.builtin.ClickKeyword$_click_closure1.call(ClickKeyword.groovy)
	at com.kms.katalon.core.webui.keyword.internal.WebUIKeywordMain.runKeyword(WebUIKeywordMain.groovy:20)
	... 19 more]]></system-err>
      </testcase>
      <testcase name="Test Cases/ADMIN/Content Mgmt/Categories/Category Add-Edit/Add Category" time="16.404" classname="Test Cases/ADMIN/Content Mgmt/Categories/Category Add-Edit/Add Category" status="PASSED">
         <system-out><![CDATA[2020-03-19 14:29:26 - [TEST_CASE][PASSED] - Test Cases/ADMIN/Content Mgmt/Categories/Category Add-Edit/Add Category: Test Cases/ADMIN/Content Mgmt/Categories/Category Add-Edit/Add Category

2020-03-19 14:29:26 - [TEST_STEP][PASSED] - waitForElementVisible(findTestObject("ADMIN/Categories/Category List/button_Content Mgmt"), 0): Object 'Object Repository/ADMIN/Categories/Category List/button_Content Mgmt' is visible

2020-03-19 14:29:26 - [MESSAGE][WARNING] - Timeout '0' is invalid. Using default page load timeout: '30'

2020-03-19 14:29:26 - [MESSAGE][PASSED] - Object 'Object Repository/ADMIN/Categories/Category List/button_Content Mgmt' is visible

2020-03-19 14:29:26 - [TEST_STEP][PASSED] - click(findTestObject("ADMIN/Categories/Category List/button_Content Mgmt")): Object: 'Object Repository/ADMIN/Categories/Category List/button_Content Mgmt' is clicked on

2020-03-19 14:29:26 - [MESSAGE][PASSED] - Object: 'Object Repository/ADMIN/Categories/Category List/button_Content Mgmt' is clicked on

2020-03-19 14:29:26 - [TEST_STEP][PASSED] - waitForElementVisible(findTestObject("ADMIN/Categories/Category List/button_Categories"), 0): Object 'Object Repository/ADMIN/Categories/Category List/button_Categories' is visible

2020-03-19 14:29:26 - [MESSAGE][WARNING] - Timeout '0' is invalid. Using default page load timeout: '30'

2020-03-19 14:29:27 - [MESSAGE][PASSED] - Object 'Object Repository/ADMIN/Categories/Category List/button_Categories' is visible

2020-03-19 14:29:27 - [TEST_STEP][PASSED] - click(findTestObject("ADMIN/Categories/Category List/button_Categories")): Object: 'Object Repository/ADMIN/Categories/Category List/button_Categories' is clicked on

2020-03-19 14:29:28 - [MESSAGE][PASSED] - Object: 'Object Repository/ADMIN/Categories/Category List/button_Categories' is clicked on

2020-03-19 14:29:28 - [TEST_STEP][PASSED] - waitForPageLoad(0, STOP_ON_FAILURE): Wait for page load successfully

2020-03-19 14:29:28 - [MESSAGE][WARNING] - Timeout '0' is invalid. Using default page load timeout: '30'

2020-03-19 14:29:28 - [MESSAGE][PASSED] - Wait for page load successfully

2020-03-19 14:29:28 - [TEST_STEP][PASSED] - click(findTestObject("ADMIN/Categories/Category List/button_Add a Category")): Object: 'Object Repository/ADMIN/Categories/Category List/button_Add a Category' is clicked on

2020-03-19 14:29:28 - [MESSAGE][PASSED] - Object: 'Object Repository/ADMIN/Categories/Category List/button_Add a Category' is clicked on

2020-03-19 14:29:28 - [TEST_STEP][PASSED] - waitForElementPresent(findTestObject("ADMIN/Categories/Category/dropdown_Parent"), 2): Object 'Object Repository/ADMIN/Categories/Category/dropdown_Parent' is present

2020-03-19 14:29:28 - [MESSAGE][PASSED] - Object 'Object Repository/ADMIN/Categories/Category/dropdown_Parent' is present

2020-03-19 14:29:28 - [TEST_STEP][PASSED] - delay(1): Delayed 1 second(s)

2020-03-19 14:29:29 - [MESSAGE][PASSED] - Delayed 1 second(s)

2020-03-19 14:29:29 - [TEST_STEP][PASSED] - setText(findTestObject("ADMIN/Categories/Category/textfield_Category Name"), CategoryNametext): Text 'Category 5.1.18' is set on object 'Object Repository/ADMIN/Categories/Category/textfield_Category Name'

2020-03-19 14:29:30 - [MESSAGE][PASSED] - Text 'Category 5.1.18' is set on object 'Object Repository/ADMIN/Categories/Category/textfield_Category Name'

2020-03-19 14:29:30 - [TEST_STEP][PASSED] - click(findTestObject("ADMIN/Categories/Category/dropdown_Parent")): Object: 'Object Repository/ADMIN/Categories/Category/dropdown_Parent' is clicked on

2020-03-19 14:29:30 - [MESSAGE][PASSED] - Object: 'Object Repository/ADMIN/Categories/Category/dropdown_Parent' is clicked on

2020-03-19 14:29:30 - [TEST_STEP][PASSED] - delay(2): Delayed 2 second(s)

2020-03-19 14:29:32 - [MESSAGE][PASSED] - Delayed 2 second(s)

2020-03-19 14:29:32 - [TEST_STEP][PASSED] - click(findTestObject("ADMIN/Categories/Category/dropdown_Parent")): Object: 'Object Repository/ADMIN/Categories/Category/dropdown_Parent' is clicked on

2020-03-19 14:29:32 - [MESSAGE][PASSED] - Object: 'Object Repository/ADMIN/Categories/Category/dropdown_Parent' is clicked on

2020-03-19 14:29:32 - [TEST_STEP][PASSED] - selectOptionByLabel(findTestObject("ADMIN/Categories/Category/dropdown_Parent"), ParentName, false): All options with label 'Category 5.1' are selected in object 'Object Repository/ADMIN/Categories/Category/dropdown_Parent' 

2020-03-19 14:29:32 - [MESSAGE][PASSED] - All options with label 'Category 5.1' are selected in object 'Object Repository/ADMIN/Categories/Category/dropdown_Parent' 

2020-03-19 14:29:32 - [TEST_STEP][PASSED] - click(findTestObject("ADMIN/Categories/Category/button_Browse")): Object: 'Object Repository/ADMIN/Categories/Category/button_Browse' is clicked on

2020-03-19 14:29:32 - [MESSAGE][PASSED] - Object: 'Object Repository/ADMIN/Categories/Category/button_Browse' is clicked on

2020-03-19 14:29:32 - [TEST_STEP][PASSED] - delay(2): Delayed 2 second(s)

2020-03-19 14:29:34 - [MESSAGE][PASSED] - Delayed 2 second(s)

2020-03-19 14:29:34 - [TEST_STEP][PASSED] - uploadFile(findTestObject("ADMIN/Categories/Category/image_input image"), CategoryImageUpload): File 'C:\\Katalon\\Arctick\\Images\\Category\\5.png' sent to object: 'Object Repository/ADMIN/Categories/Category/image_input image'

2020-03-19 14:29:34 - [MESSAGE][PASSED] - File 'C:\\Katalon\\Arctick\\Images\\Category\\5.png' sent to object: 'Object Repository/ADMIN/Categories/Category/image_input image'

2020-03-19 14:29:34 - [TEST_STEP][PASSED] - waitForElementVisible(findTestObject("ADMIN/Categories/Category/button_upload check"), 0): Object 'Object Repository/ADMIN/Categories/Category/button_upload check' is visible

2020-03-19 14:29:34 - [MESSAGE][WARNING] - Timeout '0' is invalid. Using default page load timeout: '30'

2020-03-19 14:29:34 - [MESSAGE][PASSED] - Object 'Object Repository/ADMIN/Categories/Category/button_upload check' is visible

2020-03-19 14:29:34 - [TEST_STEP][PASSED] - click(findTestObject("ADMIN/Categories/Category/button_upload check")): Object: 'Object Repository/ADMIN/Categories/Category/button_upload check' is clicked on

2020-03-19 14:29:34 - [MESSAGE][PASSED] - Object: 'Object Repository/ADMIN/Categories/Category/button_upload check' is clicked on

2020-03-19 14:29:34 - [TEST_STEP][PASSED] - waitForElementVisible(findTestObject("ADMIN/Categories/Category/button_upload save"), 0): Object 'Object Repository/ADMIN/Categories/Category/button_upload save' is visible

2020-03-19 14:29:34 - [MESSAGE][WARNING] - Timeout '0' is invalid. Using default page load timeout: '30'

2020-03-19 14:29:34 - [MESSAGE][PASSED] - Object 'Object Repository/ADMIN/Categories/Category/button_upload save' is visible

2020-03-19 14:29:34 - [TEST_STEP][PASSED] - click(findTestObject("ADMIN/Categories/Category/button_upload save")): Object: 'Object Repository/ADMIN/Categories/Category/button_upload save' is clicked on

2020-03-19 14:29:35 - [MESSAGE][PASSED] - Object: 'Object Repository/ADMIN/Categories/Category/button_upload save' is clicked on

2020-03-19 14:29:35 - [TEST_STEP][PASSED] - setText(findTestObject("ADMIN/Categories/Category/textfield_category_description"), Description): Text 'Description50' is set on object 'Object Repository/ADMIN/Categories/Category/textfield_category_description'

2020-03-19 14:29:35 - [MESSAGE][PASSED] - Text 'Description50' is set on object 'Object Repository/ADMIN/Categories/Category/textfield_category_description'

2020-03-19 14:29:35 - [TEST_STEP][PASSED] - click(findTestObject("ADMIN/Categories/Category/button_Save")): Object: 'Object Repository/ADMIN/Categories/Category/button_Save' is clicked on

2020-03-19 14:29:35 - [MESSAGE][PASSED] - Object: 'Object Repository/ADMIN/Categories/Category/button_Save' is clicked on

2020-03-19 14:29:35 - [TEST_STEP][PASSED] - waitForElementVisible(findTestObject("ADMIN/Categories/Category/label_edit popup"), 0): Object 'Object Repository/ADMIN/Categories/Category/label_edit popup' is visible

2020-03-19 14:29:35 - [MESSAGE][WARNING] - Timeout '0' is invalid. Using default page load timeout: '30'

2020-03-19 14:29:36 - [MESSAGE][PASSED] - Object 'Object Repository/ADMIN/Categories/Category/label_edit popup' is visible

2020-03-19 14:29:36 - [TEST_STEP][PASSED] - waitForElementNotPresent(findTestObject("ADMIN/Categories/Category/label_edit popup"), 0): Web element with id: 'Object Repository/ADMIN/Categories/Category/label_edit popup' located by 'By.xpath: //div[(text() = 'Category was successfully saved.' or . = 'Category was successfully saved.')]' is not present after '30' second(s)

2020-03-19 14:29:36 - [MESSAGE][WARNING] - Timeout '0' is invalid. Using default page load timeout: '30'

2020-03-19 14:29:42 - [MESSAGE][PASSED] - Web element with id: 'Object Repository/ADMIN/Categories/Category/label_edit popup' located by 'By.xpath: //div[(text() = 'Category was successfully saved.' or . = 'Category was successfully saved.')]' is not present after '30' second(s)]]></system-out>
         <system-err><![CDATA[]]></system-err>
      </testcase>
      <testcase name="Test Cases/ADMIN/Content Mgmt/Categories/Category Add-Edit/Add Category" time="16.236" classname="Test Cases/ADMIN/Content Mgmt/Categories/Category Add-Edit/Add Category" status="PASSED">
         <system-out><![CDATA[2020-03-19 14:29:42 - [TEST_CASE][PASSED] - Test Cases/ADMIN/Content Mgmt/Categories/Category Add-Edit/Add Category: Test Cases/ADMIN/Content Mgmt/Categories/Category Add-Edit/Add Category

2020-03-19 14:29:42 - [TEST_STEP][PASSED] - waitForElementVisible(findTestObject("ADMIN/Categories/Category List/button_Content Mgmt"), 0): Object 'Object Repository/ADMIN/Categories/Category List/button_Content Mgmt' is visible

2020-03-19 14:29:42 - [MESSAGE][WARNING] - Timeout '0' is invalid. Using default page load timeout: '30'

2020-03-19 14:29:43 - [MESSAGE][PASSED] - Object 'Object Repository/ADMIN/Categories/Category List/button_Content Mgmt' is visible

2020-03-19 14:29:43 - [TEST_STEP][PASSED] - click(findTestObject("ADMIN/Categories/Category List/button_Content Mgmt")): Object: 'Object Repository/ADMIN/Categories/Category List/button_Content Mgmt' is clicked on

2020-03-19 14:29:43 - [MESSAGE][PASSED] - Object: 'Object Repository/ADMIN/Categories/Category List/button_Content Mgmt' is clicked on

2020-03-19 14:29:43 - [TEST_STEP][PASSED] - waitForElementVisible(findTestObject("ADMIN/Categories/Category List/button_Categories"), 0): Object 'Object Repository/ADMIN/Categories/Category List/button_Categories' is visible

2020-03-19 14:29:43 - [MESSAGE][WARNING] - Timeout '0' is invalid. Using default page load timeout: '30'

2020-03-19 14:29:44 - [MESSAGE][PASSED] - Object 'Object Repository/ADMIN/Categories/Category List/button_Categories' is visible

2020-03-19 14:29:44 - [TEST_STEP][PASSED] - click(findTestObject("ADMIN/Categories/Category List/button_Categories")): Object: 'Object Repository/ADMIN/Categories/Category List/button_Categories' is clicked on

2020-03-19 14:29:45 - [MESSAGE][PASSED] - Object: 'Object Repository/ADMIN/Categories/Category List/button_Categories' is clicked on

2020-03-19 14:29:45 - [TEST_STEP][PASSED] - waitForPageLoad(0, STOP_ON_FAILURE): Wait for page load successfully

2020-03-19 14:29:45 - [MESSAGE][WARNING] - Timeout '0' is invalid. Using default page load timeout: '30'

2020-03-19 14:29:45 - [MESSAGE][PASSED] - Wait for page load successfully

2020-03-19 14:29:45 - [TEST_STEP][PASSED] - click(findTestObject("ADMIN/Categories/Category List/button_Add a Category")): Object: 'Object Repository/ADMIN/Categories/Category List/button_Add a Category' is clicked on

2020-03-19 14:29:45 - [MESSAGE][PASSED] - Object: 'Object Repository/ADMIN/Categories/Category List/button_Add a Category' is clicked on

2020-03-19 14:29:45 - [TEST_STEP][PASSED] - waitForElementPresent(findTestObject("ADMIN/Categories/Category/dropdown_Parent"), 2): Object 'Object Repository/ADMIN/Categories/Category/dropdown_Parent' is present

2020-03-19 14:29:45 - [MESSAGE][PASSED] - Object 'Object Repository/ADMIN/Categories/Category/dropdown_Parent' is present

2020-03-19 14:29:45 - [TEST_STEP][PASSED] - delay(1): Delayed 1 second(s)

2020-03-19 14:29:46 - [MESSAGE][PASSED] - Delayed 1 second(s)

2020-03-19 14:29:46 - [TEST_STEP][PASSED] - setText(findTestObject("ADMIN/Categories/Category/textfield_Category Name"), CategoryNametext): Text 'Category 5.1.19' is set on object 'Object Repository/ADMIN/Categories/Category/textfield_Category Name'

2020-03-19 14:29:46 - [MESSAGE][PASSED] - Text 'Category 5.1.19' is set on object 'Object Repository/ADMIN/Categories/Category/textfield_Category Name'

2020-03-19 14:29:46 - [TEST_STEP][PASSED] - click(findTestObject("ADMIN/Categories/Category/dropdown_Parent")): Object: 'Object Repository/ADMIN/Categories/Category/dropdown_Parent' is clicked on

2020-03-19 14:29:47 - [MESSAGE][PASSED] - Object: 'Object Repository/ADMIN/Categories/Category/dropdown_Parent' is clicked on

2020-03-19 14:29:47 - [TEST_STEP][PASSED] - delay(2): Delayed 2 second(s)

2020-03-19 14:29:49 - [MESSAGE][PASSED] - Delayed 2 second(s)

2020-03-19 14:29:49 - [TEST_STEP][PASSED] - click(findTestObject("ADMIN/Categories/Category/dropdown_Parent")): Object: 'Object Repository/ADMIN/Categories/Category/dropdown_Parent' is clicked on

2020-03-19 14:29:49 - [MESSAGE][PASSED] - Object: 'Object Repository/ADMIN/Categories/Category/dropdown_Parent' is clicked on

2020-03-19 14:29:49 - [TEST_STEP][PASSED] - selectOptionByLabel(findTestObject("ADMIN/Categories/Category/dropdown_Parent"), ParentName, false): All options with label 'Category 5.1' are selected in object 'Object Repository/ADMIN/Categories/Category/dropdown_Parent' 

2020-03-19 14:29:49 - [MESSAGE][PASSED] - All options with label 'Category 5.1' are selected in object 'Object Repository/ADMIN/Categories/Category/dropdown_Parent' 

2020-03-19 14:29:49 - [TEST_STEP][PASSED] - click(findTestObject("ADMIN/Categories/Category/button_Browse")): Object: 'Object Repository/ADMIN/Categories/Category/button_Browse' is clicked on

2020-03-19 14:29:49 - [MESSAGE][PASSED] - Object: 'Object Repository/ADMIN/Categories/Category/button_Browse' is clicked on

2020-03-19 14:29:49 - [TEST_STEP][PASSED] - delay(2): Delayed 2 second(s)

2020-03-19 14:29:51 - [MESSAGE][PASSED] - Delayed 2 second(s)

2020-03-19 14:29:51 - [TEST_STEP][PASSED] - uploadFile(findTestObject("ADMIN/Categories/Category/image_input image"), CategoryImageUpload): File 'C:\\Katalon\\Arctick\\Images\\Category\\5.png' sent to object: 'Object Repository/ADMIN/Categories/Category/image_input image'

2020-03-19 14:29:51 - [MESSAGE][PASSED] - File 'C:\\Katalon\\Arctick\\Images\\Category\\5.png' sent to object: 'Object Repository/ADMIN/Categories/Category/image_input image'

2020-03-19 14:29:51 - [TEST_STEP][PASSED] - waitForElementVisible(findTestObject("ADMIN/Categories/Category/button_upload check"), 0): Object 'Object Repository/ADMIN/Categories/Category/button_upload check' is visible

2020-03-19 14:29:51 - [MESSAGE][WARNING] - Timeout '0' is invalid. Using default page load timeout: '30'

2020-03-19 14:29:51 - [MESSAGE][PASSED] - Object 'Object Repository/ADMIN/Categories/Category/button_upload check' is visible

2020-03-19 14:29:51 - [TEST_STEP][PASSED] - click(findTestObject("ADMIN/Categories/Category/button_upload check")): Object: 'Object Repository/ADMIN/Categories/Category/button_upload check' is clicked on

2020-03-19 14:29:52 - [MESSAGE][PASSED] - Object: 'Object Repository/ADMIN/Categories/Category/button_upload check' is clicked on

2020-03-19 14:29:52 - [TEST_STEP][PASSED] - waitForElementVisible(findTestObject("ADMIN/Categories/Category/button_upload save"), 0): Object 'Object Repository/ADMIN/Categories/Category/button_upload save' is visible

2020-03-19 14:29:52 - [MESSAGE][WARNING] - Timeout '0' is invalid. Using default page load timeout: '30'

2020-03-19 14:29:52 - [MESSAGE][PASSED] - Object 'Object Repository/ADMIN/Categories/Category/button_upload save' is visible

2020-03-19 14:29:52 - [TEST_STEP][PASSED] - click(findTestObject("ADMIN/Categories/Category/button_upload save")): Object: 'Object Repository/ADMIN/Categories/Category/button_upload save' is clicked on

2020-03-19 14:29:52 - [MESSAGE][PASSED] - Object: 'Object Repository/ADMIN/Categories/Category/button_upload save' is clicked on

2020-03-19 14:29:52 - [TEST_STEP][PASSED] - setText(findTestObject("ADMIN/Categories/Category/textfield_category_description"), Description): Text 'Description51' is set on object 'Object Repository/ADMIN/Categories/Category/textfield_category_description'

2020-03-19 14:29:52 - [MESSAGE][PASSED] - Text 'Description51' is set on object 'Object Repository/ADMIN/Categories/Category/textfield_category_description'

2020-03-19 14:29:52 - [TEST_STEP][PASSED] - click(findTestObject("ADMIN/Categories/Category/button_Save")): Object: 'Object Repository/ADMIN/Categories/Category/button_Save' is clicked on

2020-03-19 14:29:52 - [MESSAGE][PASSED] - Object: 'Object Repository/ADMIN/Categories/Category/button_Save' is clicked on

2020-03-19 14:29:52 - [TEST_STEP][PASSED] - waitForElementVisible(findTestObject("ADMIN/Categories/Category/label_edit popup"), 0): Object 'Object Repository/ADMIN/Categories/Category/label_edit popup' is visible

2020-03-19 14:29:52 - [MESSAGE][WARNING] - Timeout '0' is invalid. Using default page load timeout: '30'

2020-03-19 14:29:53 - [MESSAGE][PASSED] - Object 'Object Repository/ADMIN/Categories/Category/label_edit popup' is visible

2020-03-19 14:29:53 - [TEST_STEP][PASSED] - waitForElementNotPresent(findTestObject("ADMIN/Categories/Category/label_edit popup"), 0): Web element with id: 'Object Repository/ADMIN/Categories/Category/label_edit popup' located by 'By.xpath: //div[(text() = 'Category was successfully saved.' or . = 'Category was successfully saved.')]' is not present after '30' second(s)

2020-03-19 14:29:53 - [MESSAGE][WARNING] - Timeout '0' is invalid. Using default page load timeout: '30'

2020-03-19 14:29:59 - [MESSAGE][PASSED] - Web element with id: 'Object Repository/ADMIN/Categories/Category/label_edit popup' located by 'By.xpath: //div[(text() = 'Category was successfully saved.' or . = 'Category was successfully saved.')]' is not present after '30' second(s)]]></system-out>
         <system-err><![CDATA[]]></system-err>
      </testcase>
      <testcase name="Test Cases/ADMIN/Content Mgmt/Categories/Category Add-Edit/Add Category" time="15.859" classname="Test Cases/ADMIN/Content Mgmt/Categories/Category Add-Edit/Add Category" status="PASSED">
         <system-out><![CDATA[2020-03-19 14:29:59 - [TEST_CASE][PASSED] - Test Cases/ADMIN/Content Mgmt/Categories/Category Add-Edit/Add Category: Test Cases/ADMIN/Content Mgmt/Categories/Category Add-Edit/Add Category

2020-03-19 14:29:59 - [TEST_STEP][PASSED] - waitForElementVisible(findTestObject("ADMIN/Categories/Category List/button_Content Mgmt"), 0): Object 'Object Repository/ADMIN/Categories/Category List/button_Content Mgmt' is visible

2020-03-19 14:29:59 - [MESSAGE][WARNING] - Timeout '0' is invalid. Using default page load timeout: '30'

2020-03-19 14:29:59 - [MESSAGE][PASSED] - Object 'Object Repository/ADMIN/Categories/Category List/button_Content Mgmt' is visible

2020-03-19 14:29:59 - [TEST_STEP][PASSED] - click(findTestObject("ADMIN/Categories/Category List/button_Content Mgmt")): Object: 'Object Repository/ADMIN/Categories/Category List/button_Content Mgmt' is clicked on

2020-03-19 14:29:59 - [MESSAGE][PASSED] - Object: 'Object Repository/ADMIN/Categories/Category List/button_Content Mgmt' is clicked on

2020-03-19 14:29:59 - [TEST_STEP][PASSED] - waitForElementVisible(findTestObject("ADMIN/Categories/Category List/button_Categories"), 0): Object 'Object Repository/ADMIN/Categories/Category List/button_Categories' is visible

2020-03-19 14:29:59 - [MESSAGE][WARNING] - Timeout '0' is invalid. Using default page load timeout: '30'

2020-03-19 14:30:00 - [MESSAGE][PASSED] - Object 'Object Repository/ADMIN/Categories/Category List/button_Categories' is visible

2020-03-19 14:30:00 - [TEST_STEP][PASSED] - click(findTestObject("ADMIN/Categories/Category List/button_Categories")): Object: 'Object Repository/ADMIN/Categories/Category List/button_Categories' is clicked on

2020-03-19 14:30:01 - [MESSAGE][PASSED] - Object: 'Object Repository/ADMIN/Categories/Category List/button_Categories' is clicked on

2020-03-19 14:30:01 - [TEST_STEP][PASSED] - waitForPageLoad(0, STOP_ON_FAILURE): Wait for page load successfully

2020-03-19 14:30:01 - [MESSAGE][WARNING] - Timeout '0' is invalid. Using default page load timeout: '30'

2020-03-19 14:30:01 - [MESSAGE][PASSED] - Wait for page load successfully

2020-03-19 14:30:01 - [TEST_STEP][PASSED] - click(findTestObject("ADMIN/Categories/Category List/button_Add a Category")): Object: 'Object Repository/ADMIN/Categories/Category List/button_Add a Category' is clicked on

2020-03-19 14:30:01 - [MESSAGE][PASSED] - Object: 'Object Repository/ADMIN/Categories/Category List/button_Add a Category' is clicked on

2020-03-19 14:30:01 - [TEST_STEP][PASSED] - waitForElementPresent(findTestObject("ADMIN/Categories/Category/dropdown_Parent"), 2): Object 'Object Repository/ADMIN/Categories/Category/dropdown_Parent' is present

2020-03-19 14:30:01 - [MESSAGE][PASSED] - Object 'Object Repository/ADMIN/Categories/Category/dropdown_Parent' is present

2020-03-19 14:30:01 - [TEST_STEP][PASSED] - delay(1): Delayed 1 second(s)

2020-03-19 14:30:02 - [MESSAGE][PASSED] - Delayed 1 second(s)

2020-03-19 14:30:02 - [TEST_STEP][PASSED] - setText(findTestObject("ADMIN/Categories/Category/textfield_Category Name"), CategoryNametext): Text 'Category 5.1.20' is set on object 'Object Repository/ADMIN/Categories/Category/textfield_Category Name'

2020-03-19 14:30:03 - [MESSAGE][PASSED] - Text 'Category 5.1.20' is set on object 'Object Repository/ADMIN/Categories/Category/textfield_Category Name'

2020-03-19 14:30:03 - [TEST_STEP][PASSED] - click(findTestObject("ADMIN/Categories/Category/dropdown_Parent")): Object: 'Object Repository/ADMIN/Categories/Category/dropdown_Parent' is clicked on

2020-03-19 14:30:03 - [MESSAGE][PASSED] - Object: 'Object Repository/ADMIN/Categories/Category/dropdown_Parent' is clicked on

2020-03-19 14:30:03 - [TEST_STEP][PASSED] - delay(2): Delayed 2 second(s)

2020-03-19 14:30:05 - [MESSAGE][PASSED] - Delayed 2 second(s)

2020-03-19 14:30:05 - [TEST_STEP][PASSED] - click(findTestObject("ADMIN/Categories/Category/dropdown_Parent")): Object: 'Object Repository/ADMIN/Categories/Category/dropdown_Parent' is clicked on

2020-03-19 14:30:05 - [MESSAGE][PASSED] - Object: 'Object Repository/ADMIN/Categories/Category/dropdown_Parent' is clicked on

2020-03-19 14:30:05 - [TEST_STEP][PASSED] - selectOptionByLabel(findTestObject("ADMIN/Categories/Category/dropdown_Parent"), ParentName, false): All options with label 'Category 5.1' are selected in object 'Object Repository/ADMIN/Categories/Category/dropdown_Parent' 

2020-03-19 14:30:05 - [MESSAGE][PASSED] - All options with label 'Category 5.1' are selected in object 'Object Repository/ADMIN/Categories/Category/dropdown_Parent' 

2020-03-19 14:30:05 - [TEST_STEP][PASSED] - click(findTestObject("ADMIN/Categories/Category/button_Browse")): Object: 'Object Repository/ADMIN/Categories/Category/button_Browse' is clicked on

2020-03-19 14:30:05 - [MESSAGE][PASSED] - Object: 'Object Repository/ADMIN/Categories/Category/button_Browse' is clicked on

2020-03-19 14:30:05 - [TEST_STEP][PASSED] - delay(2): Delayed 2 second(s)

2020-03-19 14:30:07 - [MESSAGE][PASSED] - Delayed 2 second(s)

2020-03-19 14:30:07 - [TEST_STEP][PASSED] - uploadFile(findTestObject("ADMIN/Categories/Category/image_input image"), CategoryImageUpload): File 'C:\\Katalon\\Arctick\\Images\\Category\\5.png' sent to object: 'Object Repository/ADMIN/Categories/Category/image_input image'

2020-03-19 14:30:07 - [MESSAGE][PASSED] - File 'C:\\Katalon\\Arctick\\Images\\Category\\5.png' sent to object: 'Object Repository/ADMIN/Categories/Category/image_input image'

2020-03-19 14:30:07 - [TEST_STEP][PASSED] - waitForElementVisible(findTestObject("ADMIN/Categories/Category/button_upload check"), 0): Object 'Object Repository/ADMIN/Categories/Category/button_upload check' is visible

2020-03-19 14:30:07 - [MESSAGE][WARNING] - Timeout '0' is invalid. Using default page load timeout: '30'

2020-03-19 14:30:07 - [MESSAGE][PASSED] - Object 'Object Repository/ADMIN/Categories/Category/button_upload check' is visible

2020-03-19 14:30:07 - [TEST_STEP][PASSED] - click(findTestObject("ADMIN/Categories/Category/button_upload check")): Object: 'Object Repository/ADMIN/Categories/Category/button_upload check' is clicked on

2020-03-19 14:30:07 - [MESSAGE][PASSED] - Object: 'Object Repository/ADMIN/Categories/Category/button_upload check' is clicked on

2020-03-19 14:30:07 - [TEST_STEP][PASSED] - waitForElementVisible(findTestObject("ADMIN/Categories/Category/button_upload save"), 0): Object 'Object Repository/ADMIN/Categories/Category/button_upload save' is visible

2020-03-19 14:30:07 - [MESSAGE][WARNING] - Timeout '0' is invalid. Using default page load timeout: '30'

2020-03-19 14:30:07 - [MESSAGE][PASSED] - Object 'Object Repository/ADMIN/Categories/Category/button_upload save' is visible

2020-03-19 14:30:07 - [TEST_STEP][PASSED] - click(findTestObject("ADMIN/Categories/Category/button_upload save")): Object: 'Object Repository/ADMIN/Categories/Category/button_upload save' is clicked on

2020-03-19 14:30:08 - [MESSAGE][PASSED] - Object: 'Object Repository/ADMIN/Categories/Category/button_upload save' is clicked on

2020-03-19 14:30:08 - [TEST_STEP][PASSED] - setText(findTestObject("ADMIN/Categories/Category/textfield_category_description"), Description): Text 'Description52' is set on object 'Object Repository/ADMIN/Categories/Category/textfield_category_description'

2020-03-19 14:30:08 - [MESSAGE][PASSED] - Text 'Description52' is set on object 'Object Repository/ADMIN/Categories/Category/textfield_category_description'

2020-03-19 14:30:08 - [TEST_STEP][PASSED] - click(findTestObject("ADMIN/Categories/Category/button_Save")): Object: 'Object Repository/ADMIN/Categories/Category/button_Save' is clicked on

2020-03-19 14:30:08 - [MESSAGE][PASSED] - Object: 'Object Repository/ADMIN/Categories/Category/button_Save' is clicked on

2020-03-19 14:30:08 - [TEST_STEP][PASSED] - waitForElementVisible(findTestObject("ADMIN/Categories/Category/label_edit popup"), 0): Object 'Object Repository/ADMIN/Categories/Category/label_edit popup' is visible

2020-03-19 14:30:08 - [MESSAGE][WARNING] - Timeout '0' is invalid. Using default page load timeout: '30'

2020-03-19 14:30:09 - [MESSAGE][PASSED] - Object 'Object Repository/ADMIN/Categories/Category/label_edit popup' is visible

2020-03-19 14:30:09 - [TEST_STEP][PASSED] - waitForElementNotPresent(findTestObject("ADMIN/Categories/Category/label_edit popup"), 0): Web element with id: 'Object Repository/ADMIN/Categories/Category/label_edit popup' located by 'By.xpath: //div[(text() = 'Category was successfully saved.' or . = 'Category was successfully saved.')]' is not present after '30' second(s)

2020-03-19 14:30:09 - [MESSAGE][WARNING] - Timeout '0' is invalid. Using default page load timeout: '30'

2020-03-19 14:30:14 - [MESSAGE][PASSED] - Web element with id: 'Object Repository/ADMIN/Categories/Category/label_edit popup' located by 'By.xpath: //div[(text() = 'Category was successfully saved.' or . = 'Category was successfully saved.')]' is not present after '30' second(s)]]></system-out>
         <system-err><![CDATA[]]></system-err>
      </testcase>
      <testcase name="Test Cases/ADMIN/Content Mgmt/Categories/Category Add-Edit/Add Category" time="16.691" classname="Test Cases/ADMIN/Content Mgmt/Categories/Category Add-Edit/Add Category" status="PASSED">
         <system-out><![CDATA[2020-03-19 14:30:14 - [TEST_CASE][PASSED] - Test Cases/ADMIN/Content Mgmt/Categories/Category Add-Edit/Add Category: Test Cases/ADMIN/Content Mgmt/Categories/Category Add-Edit/Add Category

2020-03-19 14:30:14 - [TEST_STEP][PASSED] - waitForElementVisible(findTestObject("ADMIN/Categories/Category List/button_Content Mgmt"), 0): Object 'Object Repository/ADMIN/Categories/Category List/button_Content Mgmt' is visible

2020-03-19 14:30:15 - [MESSAGE][WARNING] - Timeout '0' is invalid. Using default page load timeout: '30'

2020-03-19 14:30:15 - [MESSAGE][PASSED] - Object 'Object Repository/ADMIN/Categories/Category List/button_Content Mgmt' is visible

2020-03-19 14:30:15 - [TEST_STEP][PASSED] - click(findTestObject("ADMIN/Categories/Category List/button_Content Mgmt")): Object: 'Object Repository/ADMIN/Categories/Category List/button_Content Mgmt' is clicked on

2020-03-19 14:30:15 - [MESSAGE][PASSED] - Object: 'Object Repository/ADMIN/Categories/Category List/button_Content Mgmt' is clicked on

2020-03-19 14:30:15 - [TEST_STEP][PASSED] - waitForElementVisible(findTestObject("ADMIN/Categories/Category List/button_Categories"), 0): Object 'Object Repository/ADMIN/Categories/Category List/button_Categories' is visible

2020-03-19 14:30:15 - [MESSAGE][WARNING] - Timeout '0' is invalid. Using default page load timeout: '30'

2020-03-19 14:30:16 - [MESSAGE][PASSED] - Object 'Object Repository/ADMIN/Categories/Category List/button_Categories' is visible

2020-03-19 14:30:16 - [TEST_STEP][PASSED] - click(findTestObject("ADMIN/Categories/Category List/button_Categories")): Object: 'Object Repository/ADMIN/Categories/Category List/button_Categories' is clicked on

2020-03-19 14:30:17 - [MESSAGE][PASSED] - Object: 'Object Repository/ADMIN/Categories/Category List/button_Categories' is clicked on

2020-03-19 14:30:17 - [TEST_STEP][PASSED] - waitForPageLoad(0, STOP_ON_FAILURE): Wait for page load successfully

2020-03-19 14:30:17 - [MESSAGE][WARNING] - Timeout '0' is invalid. Using default page load timeout: '30'

2020-03-19 14:30:17 - [MESSAGE][PASSED] - Wait for page load successfully

2020-03-19 14:30:17 - [TEST_STEP][PASSED] - click(findTestObject("ADMIN/Categories/Category List/button_Add a Category")): Object: 'Object Repository/ADMIN/Categories/Category List/button_Add a Category' is clicked on

2020-03-19 14:30:17 - [MESSAGE][PASSED] - Object: 'Object Repository/ADMIN/Categories/Category List/button_Add a Category' is clicked on

2020-03-19 14:30:17 - [TEST_STEP][PASSED] - waitForElementPresent(findTestObject("ADMIN/Categories/Category/dropdown_Parent"), 2): Object 'Object Repository/ADMIN/Categories/Category/dropdown_Parent' is present

2020-03-19 14:30:18 - [MESSAGE][PASSED] - Object 'Object Repository/ADMIN/Categories/Category/dropdown_Parent' is present

2020-03-19 14:30:18 - [TEST_STEP][PASSED] - delay(1): Delayed 1 second(s)

2020-03-19 14:30:19 - [MESSAGE][PASSED] - Delayed 1 second(s)

2020-03-19 14:30:19 - [TEST_STEP][PASSED] - setText(findTestObject("ADMIN/Categories/Category/textfield_Category Name"), CategoryNametext): Text 'Category 5.2' is set on object 'Object Repository/ADMIN/Categories/Category/textfield_Category Name'

2020-03-19 14:30:19 - [MESSAGE][PASSED] - Text 'Category 5.2' is set on object 'Object Repository/ADMIN/Categories/Category/textfield_Category Name'

2020-03-19 14:30:19 - [TEST_STEP][PASSED] - click(findTestObject("ADMIN/Categories/Category/dropdown_Parent")): Object: 'Object Repository/ADMIN/Categories/Category/dropdown_Parent' is clicked on

2020-03-19 14:30:19 - [MESSAGE][PASSED] - Object: 'Object Repository/ADMIN/Categories/Category/dropdown_Parent' is clicked on

2020-03-19 14:30:19 - [TEST_STEP][PASSED] - delay(2): Delayed 2 second(s)

2020-03-19 14:30:21 - [MESSAGE][PASSED] - Delayed 2 second(s)

2020-03-19 14:30:21 - [TEST_STEP][PASSED] - click(findTestObject("ADMIN/Categories/Category/dropdown_Parent")): Object: 'Object Repository/ADMIN/Categories/Category/dropdown_Parent' is clicked on

2020-03-19 14:30:21 - [MESSAGE][PASSED] - Object: 'Object Repository/ADMIN/Categories/Category/dropdown_Parent' is clicked on

2020-03-19 14:30:21 - [TEST_STEP][PASSED] - selectOptionByLabel(findTestObject("ADMIN/Categories/Category/dropdown_Parent"), ParentName, false): All options with label 'Category 05' are selected in object 'Object Repository/ADMIN/Categories/Category/dropdown_Parent' 

2020-03-19 14:30:21 - [MESSAGE][PASSED] - All options with label 'Category 05' are selected in object 'Object Repository/ADMIN/Categories/Category/dropdown_Parent' 

2020-03-19 14:30:21 - [TEST_STEP][PASSED] - click(findTestObject("ADMIN/Categories/Category/button_Browse")): Object: 'Object Repository/ADMIN/Categories/Category/button_Browse' is clicked on

2020-03-19 14:30:21 - [MESSAGE][PASSED] - Object: 'Object Repository/ADMIN/Categories/Category/button_Browse' is clicked on

2020-03-19 14:30:21 - [TEST_STEP][PASSED] - delay(2): Delayed 2 second(s)

2020-03-19 14:30:23 - [MESSAGE][PASSED] - Delayed 2 second(s)

2020-03-19 14:30:23 - [TEST_STEP][PASSED] - uploadFile(findTestObject("ADMIN/Categories/Category/image_input image"), CategoryImageUpload): File 'C:\\Katalon\\Arctick\\Images\\Category\\5.png' sent to object: 'Object Repository/ADMIN/Categories/Category/image_input image'

2020-03-19 14:30:23 - [MESSAGE][PASSED] - File 'C:\\Katalon\\Arctick\\Images\\Category\\5.png' sent to object: 'Object Repository/ADMIN/Categories/Category/image_input image'

2020-03-19 14:30:23 - [TEST_STEP][PASSED] - waitForElementVisible(findTestObject("ADMIN/Categories/Category/button_upload check"), 0): Object 'Object Repository/ADMIN/Categories/Category/button_upload check' is visible

2020-03-19 14:30:23 - [MESSAGE][WARNING] - Timeout '0' is invalid. Using default page load timeout: '30'

2020-03-19 14:30:23 - [MESSAGE][PASSED] - Object 'Object Repository/ADMIN/Categories/Category/button_upload check' is visible

2020-03-19 14:30:23 - [TEST_STEP][PASSED] - click(findTestObject("ADMIN/Categories/Category/button_upload check")): Object: 'Object Repository/ADMIN/Categories/Category/button_upload check' is clicked on

2020-03-19 14:30:24 - [MESSAGE][PASSED] - Object: 'Object Repository/ADMIN/Categories/Category/button_upload check' is clicked on

2020-03-19 14:30:24 - [TEST_STEP][PASSED] - waitForElementVisible(findTestObject("ADMIN/Categories/Category/button_upload save"), 0): Object 'Object Repository/ADMIN/Categories/Category/button_upload save' is visible

2020-03-19 14:30:24 - [MESSAGE][WARNING] - Timeout '0' is invalid. Using default page load timeout: '30'

2020-03-19 14:30:24 - [MESSAGE][PASSED] - Object 'Object Repository/ADMIN/Categories/Category/button_upload save' is visible

2020-03-19 14:30:24 - [TEST_STEP][PASSED] - click(findTestObject("ADMIN/Categories/Category/button_upload save")): Object: 'Object Repository/ADMIN/Categories/Category/button_upload save' is clicked on

2020-03-19 14:30:24 - [MESSAGE][PASSED] - Object: 'Object Repository/ADMIN/Categories/Category/button_upload save' is clicked on

2020-03-19 14:30:24 - [TEST_STEP][PASSED] - setText(findTestObject("ADMIN/Categories/Category/textfield_category_description"), Description): Text 'Description53' is set on object 'Object Repository/ADMIN/Categories/Category/textfield_category_description'

2020-03-19 14:30:24 - [MESSAGE][PASSED] - Text 'Description53' is set on object 'Object Repository/ADMIN/Categories/Category/textfield_category_description'

2020-03-19 14:30:24 - [TEST_STEP][PASSED] - click(findTestObject("ADMIN/Categories/Category/button_Save")): Object: 'Object Repository/ADMIN/Categories/Category/button_Save' is clicked on

2020-03-19 14:30:24 - [MESSAGE][PASSED] - Object: 'Object Repository/ADMIN/Categories/Category/button_Save' is clicked on

2020-03-19 14:30:24 - [TEST_STEP][PASSED] - waitForElementVisible(findTestObject("ADMIN/Categories/Category/label_edit popup"), 0): Object 'Object Repository/ADMIN/Categories/Category/label_edit popup' is visible

2020-03-19 14:30:24 - [MESSAGE][WARNING] - Timeout '0' is invalid. Using default page load timeout: '30'

2020-03-19 14:30:25 - [MESSAGE][PASSED] - Object 'Object Repository/ADMIN/Categories/Category/label_edit popup' is visible

2020-03-19 14:30:25 - [TEST_STEP][PASSED] - waitForElementNotPresent(findTestObject("ADMIN/Categories/Category/label_edit popup"), 0): Web element with id: 'Object Repository/ADMIN/Categories/Category/label_edit popup' located by 'By.xpath: //div[(text() = 'Category was successfully saved.' or . = 'Category was successfully saved.')]' is not present after '30' second(s)

2020-03-19 14:30:25 - [MESSAGE][WARNING] - Timeout '0' is invalid. Using default page load timeout: '30'

2020-03-19 14:30:31 - [MESSAGE][PASSED] - Web element with id: 'Object Repository/ADMIN/Categories/Category/label_edit popup' located by 'By.xpath: //div[(text() = 'Category was successfully saved.' or . = 'Category was successfully saved.')]' is not present after '30' second(s)]]></system-out>
         <system-err><![CDATA[]]></system-err>
      </testcase>
      <testcase name="Test Cases/ADMIN/Content Mgmt/Categories/Category Add-Edit/Add Category" time="14.496" classname="Test Cases/ADMIN/Content Mgmt/Categories/Category Add-Edit/Add Category" status="FAILED">
         <failure type="FAILED" message="Test Cases/ADMIN/Content Mgmt/Categories/Category Add-Edit/Add Category FAILED.
Reason:
com.kms.katalon.core.exception.StepFailedException: Unable to click on object 'Object Repository/ADMIN/Categories/Category List/button_Categories' (Root cause: com.kms.katalon.core.exception.StepFailedException: Unable to click on object 'Object Repository/ADMIN/Categories/Category List/button_Categories'
	at com.kms.katalon.core.webui.keyword.internal.WebUIKeywordMain.stepFailed(WebUIKeywordMain.groovy:64)
	at com.kms.katalon.core.webui.keyword.internal.WebUIKeywordMain.runKeyword(WebUIKeywordMain.groovy:26)
	at com.kms.katalon.core.webui.keyword.builtin.ClickKeyword.click(ClickKeyword.groovy:76)
	at com.kms.katalon.core.webui.keyword.builtin.ClickKeyword.execute(ClickKeyword.groovy:43)
	at com.kms.katalon.core.keyword.internal.KeywordExecutor.executeKeywordForPlatform(KeywordExecutor.groovy:72)
	at com.kms.katalon.core.webui.keyword.WebUiBuiltInKeywords.click(WebUiBuiltInKeywords.groovy:616)
	at com.kms.katalon.core.webui.keyword.WebUiBuiltInKeywords$click$0.call(Unknown Source)
	at Add Category.run(Add Category:28)
	at com.kms.katalon.core.main.ScriptEngine.run(ScriptEngine.java:194)
	at com.kms.katalon.core.main.ScriptEngine.runScriptAsRawText(ScriptEngine.java:119)
	at com.kms.katalon.core.main.TestCaseExecutor.runScript(TestCaseExecutor.java:337)
	at com.kms.katalon.core.main.TestCaseExecutor.doExecute(TestCaseExecutor.java:328)
	at com.kms.katalon.core.main.TestCaseExecutor.processExecutionPhase(TestCaseExecutor.java:307)
	at com.kms.katalon.core.main.TestCaseExecutor.accessMainPhase(TestCaseExecutor.java:299)
	at com.kms.katalon.core.main.TestCaseExecutor.execute(TestCaseExecutor.java:233)
	at com.kms.katalon.core.main.TestSuiteExecutor.accessTestCaseMainPhase(TestSuiteExecutor.java:169)
	at com.kms.katalon.core.main.TestSuiteExecutor.accessTestSuiteMainPhase(TestSuiteExecutor.java:142)
	at com.kms.katalon.core.main.TestSuiteExecutor.execute(TestSuiteExecutor.java:91)
	at com.kms.katalon.core.main.TestCaseMain.startTestSuite(TestCaseMain.java:157)
	at com.kms.katalon.core.main.TestCaseMain$startTestSuite$0.call(Unknown Source)
	at TempTestSuite1584598607274.run(TempTestSuite1584598607274.groovy:36)
Caused by: org.openqa.selenium.ElementNotInteractableException: element not interactable
  (Session info: chrome=80.0.3987.132)
Build info: version: '3.141.59', revision: 'e82be7d358', time: '2018-11-14T08:25:53'
System info: host: 'ARCADIER-03', ip: '192.168.254.105', os.name: 'Windows 7', os.arch: 'amd64', os.version: '6.1', java.version: '1.8.0_181'
Driver info: com.kms.katalon.core.webui.driver.ExistingRemoteWebDriver
Capabilities {javascriptEnabled: true, platform: ANY, platformName: ANY}
Session ID: 66da7635ded2d355388026ca8e7d8eff
	at org.openqa.selenium.remote.http.W3CHttpResponseCodec.createException(W3CHttpResponseCodec.java:187)
	at org.openqa.selenium.remote.http.W3CHttpResponseCodec.decode(W3CHttpResponseCodec.java:122)
	at org.openqa.selenium.remote.http.W3CHttpResponseCodec.decode(W3CHttpResponseCodec.java:49)
	at org.openqa.selenium.remote.HttpCommandExecutor.execute(HttpCommandExecutor.java:158)
	at org.openqa.selenium.remote.RemoteWebDriver.execute(RemoteWebDriver.java:552)
	at com.kms.katalon.core.webui.driver.ExistingRemoteWebDriver.execute(ExistingRemoteWebDriver.java:108)
	at org.openqa.selenium.remote.RemoteWebElement.execute(RemoteWebElement.java:285)
	at org.openqa.selenium.remote.RemoteWebElement.click(RemoteWebElement.java:84)
	at org.openqa.selenium.support.events.EventFiringWebDriver$EventFiringWebElement.lambda$new$0(EventFiringWebDriver.java:404)
	at com.sun.proxy.$Proxy9.click(Unknown Source)
	at org.openqa.selenium.support.events.EventFiringWebDriver$EventFiringWebElement.click(EventFiringWebDriver.java:417)
	at com.kms.katalon.core.webui.keyword.builtin.ClickKeyword$_click_closure1.doCall(ClickKeyword.groovy:69)
	at com.kms.katalon.core.webui.keyword.builtin.ClickKeyword$_click_closure1.call(ClickKeyword.groovy)
	at com.kms.katalon.core.webui.keyword.internal.WebUIKeywordMain.runKeyword(WebUIKeywordMain.groovy:20)
	at com.kms.katalon.core.webui.keyword.builtin.ClickKeyword.click(ClickKeyword.groovy:76)
	at com.kms.katalon.core.webui.keyword.builtin.ClickKeyword.execute(ClickKeyword.groovy:43)
	at com.kms.katalon.core.keyword.internal.KeywordExecutor.executeKeywordForPlatform(KeywordExecutor.groovy:72)
	at com.kms.katalon.core.webui.keyword.WebUiBuiltInKeywords.click(WebUiBuiltInKeywords.groovy:616)
	at com.kms.katalon.core.webui.keyword.WebUiBuiltInKeywords$click$0.call(Unknown Source)
	at Script1549506362832.run(Script1549506362832.groovy:28)
	... 13 more
)
	at com.kms.katalon.core.keyword.internal.KeywordMain.stepFailed(KeywordMain.groovy:39)
	at com.kms.katalon.core.webui.keyword.internal.WebUIKeywordMain.stepFailed(WebUIKeywordMain.groovy:64)
	at com.kms.katalon.core.webui.keyword.internal.WebUIKeywordMain.runKeyword(WebUIKeywordMain.groovy:26)
	at com.kms.katalon.core.webui.keyword.builtin.ClickKeyword.click(ClickKeyword.groovy:76)
	at com.kms.katalon.core.webui.keyword.builtin.ClickKeyword.execute(ClickKeyword.groovy:43)
	at com.kms.katalon.core.keyword.internal.KeywordExecutor.executeKeywordForPlatform(KeywordExecutor.groovy:72)
	at com.kms.katalon.core.webui.keyword.WebUiBuiltInKeywords.click(WebUiBuiltInKeywords.groovy:616)
	at com.kms.katalon.core.webui.keyword.WebUiBuiltInKeywords$click$0.call(Unknown Source)
	at Add Category.run(Add Category:28)
	at com.kms.katalon.core.main.ScriptEngine.run(ScriptEngine.java:194)
	at com.kms.katalon.core.main.ScriptEngine.runScriptAsRawText(ScriptEngine.java:119)
	at com.kms.katalon.core.main.TestCaseExecutor.runScript(TestCaseExecutor.java:337)
	at com.kms.katalon.core.main.TestCaseExecutor.doExecute(TestCaseExecutor.java:328)
	at com.kms.katalon.core.main.TestCaseExecutor.processExecutionPhase(TestCaseExecutor.java:307)
	at com.kms.katalon.core.main.TestCaseExecutor.accessMainPhase(TestCaseExecutor.java:299)
	at com.kms.katalon.core.main.TestCaseExecutor.execute(TestCaseExecutor.java:233)
	at com.kms.katalon.core.main.TestSuiteExecutor.accessTestCaseMainPhase(TestSuiteExecutor.java:169)
	at com.kms.katalon.core.main.TestSuiteExecutor.accessTestSuiteMainPhase(TestSuiteExecutor.java:142)
	at com.kms.katalon.core.main.TestSuiteExecutor.execute(TestSuiteExecutor.java:91)
	at com.kms.katalon.core.main.TestCaseMain.startTestSuite(TestCaseMain.java:157)
	at com.kms.katalon.core.main.TestCaseMain$startTestSuite$0.call(Unknown Source)
	at TempTestSuite1584598607274.run(TempTestSuite1584598607274.groovy:36)
Caused by: com.kms.katalon.core.exception.StepFailedException: Unable to click on object 'Object Repository/ADMIN/Categories/Category List/button_Categories'
	... 21 more
Caused by: org.openqa.selenium.ElementNotInteractableException: element not interactable
  (Session info: chrome=80.0.3987.132)
Build info: version: '3.141.59', revision: 'e82be7d358', time: '2018-11-14T08:25:53'
System info: host: 'ARCADIER-03', ip: '192.168.254.105', os.name: 'Windows 7', os.arch: 'amd64', os.version: '6.1', java.version: '1.8.0_181'
Driver info: com.kms.katalon.core.webui.driver.ExistingRemoteWebDriver
Capabilities {javascriptEnabled: true, platform: ANY, platformName: ANY}
Session ID: 66da7635ded2d355388026ca8e7d8eff
	at org.openqa.selenium.remote.http.W3CHttpResponseCodec.createException(W3CHttpResponseCodec.java:187)
	at org.openqa.selenium.remote.http.W3CHttpResponseCodec.decode(W3CHttpResponseCodec.java:122)
	at org.openqa.selenium.remote.http.W3CHttpResponseCodec.decode(W3CHttpResponseCodec.java:49)
	at org.openqa.selenium.remote.HttpCommandExecutor.execute(HttpCommandExecutor.java:158)
	at org.openqa.selenium.remote.RemoteWebDriver.execute(RemoteWebDriver.java:552)
	at com.kms.katalon.core.webui.driver.ExistingRemoteWebDriver.execute(ExistingRemoteWebDriver.java:108)
	at org.openqa.selenium.remote.RemoteWebElement.execute(RemoteWebElement.java:285)
	at org.openqa.selenium.remote.RemoteWebElement.click(RemoteWebElement.java:84)
	at org.openqa.selenium.support.events.EventFiringWebDriver$EventFiringWebElement.lambda$new$0(EventFiringWebDriver.java:404)
	at com.sun.proxy.$Proxy9.click(Unknown Source)
	at org.openqa.selenium.support.events.EventFiringWebDriver$EventFiringWebElement.click(EventFiringWebDriver.java:417)
	at com.kms.katalon.core.webui.keyword.builtin.ClickKeyword$_click_closure1.doCall(ClickKeyword.groovy:69)
	at com.kms.katalon.core.webui.keyword.builtin.ClickKeyword$_click_closure1.call(ClickKeyword.groovy)
	at com.kms.katalon.core.webui.keyword.internal.WebUIKeywordMain.runKeyword(WebUIKeywordMain.groovy:20)
	... 19 more
"/>
         <system-out><![CDATA[2020-03-19 14:30:31 - [TEST_CASE][FAILED] - Test Cases/ADMIN/Content Mgmt/Categories/Category Add-Edit/Add Category: Test Cases/ADMIN/Content Mgmt/Categories/Category Add-Edit/Add Category FAILED.
Reason:
com.kms.katalon.core.exception.StepFailedException: Unable to click on object 'Object Repository/ADMIN/Categories/Category List/button_Categories' (Root cause: com.kms.katalon.core.exception.StepFailedException: Unable to click on object 'Object Repository/ADMIN/Categories/Category List/button_Categories'
	at com.kms.katalon.core.webui.keyword.internal.WebUIKeywordMain.stepFailed(WebUIKeywordMain.groovy:64)
	at com.kms.katalon.core.webui.keyword.internal.WebUIKeywordMain.runKeyword(WebUIKeywordMain.groovy:26)
	at com.kms.katalon.core.webui.keyword.builtin.ClickKeyword.click(ClickKeyword.groovy:76)
	at com.kms.katalon.core.webui.keyword.builtin.ClickKeyword.execute(ClickKeyword.groovy:43)
	at com.kms.katalon.core.keyword.internal.KeywordExecutor.executeKeywordForPlatform(KeywordExecutor.groovy:72)
	at com.kms.katalon.core.webui.keyword.WebUiBuiltInKeywords.click(WebUiBuiltInKeywords.groovy:616)
	at com.kms.katalon.core.webui.keyword.WebUiBuiltInKeywords$click$0.call(Unknown Source)
	at Add Category.run(Add Category:28)
	at com.kms.katalon.core.main.ScriptEngine.run(ScriptEngine.java:194)
	at com.kms.katalon.core.main.ScriptEngine.runScriptAsRawText(ScriptEngine.java:119)
	at com.kms.katalon.core.main.TestCaseExecutor.runScript(TestCaseExecutor.java:337)
	at com.kms.katalon.core.main.TestCaseExecutor.doExecute(TestCaseExecutor.java:328)
	at com.kms.katalon.core.main.TestCaseExecutor.processExecutionPhase(TestCaseExecutor.java:307)
	at com.kms.katalon.core.main.TestCaseExecutor.accessMainPhase(TestCaseExecutor.java:299)
	at com.kms.katalon.core.main.TestCaseExecutor.execute(TestCaseExecutor.java:233)
	at com.kms.katalon.core.main.TestSuiteExecutor.accessTestCaseMainPhase(TestSuiteExecutor.java:169)
	at com.kms.katalon.core.main.TestSuiteExecutor.accessTestSuiteMainPhase(TestSuiteExecutor.java:142)
	at com.kms.katalon.core.main.TestSuiteExecutor.execute(TestSuiteExecutor.java:91)
	at com.kms.katalon.core.main.TestCaseMain.startTestSuite(TestCaseMain.java:157)
	at com.kms.katalon.core.main.TestCaseMain$startTestSuite$0.call(Unknown Source)
	at TempTestSuite1584598607274.run(TempTestSuite1584598607274.groovy:36)
Caused by: org.openqa.selenium.ElementNotInteractableException: element not interactable
  (Session info: chrome=80.0.3987.132)
Build info: version: '3.141.59', revision: 'e82be7d358', time: '2018-11-14T08:25:53'
System info: host: 'ARCADIER-03', ip: '192.168.254.105', os.name: 'Windows 7', os.arch: 'amd64', os.version: '6.1', java.version: '1.8.0_181'
Driver info: com.kms.katalon.core.webui.driver.ExistingRemoteWebDriver
Capabilities {javascriptEnabled: true, platform: ANY, platformName: ANY}
Session ID: 66da7635ded2d355388026ca8e7d8eff
	at org.openqa.selenium.remote.http.W3CHttpResponseCodec.createException(W3CHttpResponseCodec.java:187)
	at org.openqa.selenium.remote.http.W3CHttpResponseCodec.decode(W3CHttpResponseCodec.java:122)
	at org.openqa.selenium.remote.http.W3CHttpResponseCodec.decode(W3CHttpResponseCodec.java:49)
	at org.openqa.selenium.remote.HttpCommandExecutor.execute(HttpCommandExecutor.java:158)
	at org.openqa.selenium.remote.RemoteWebDriver.execute(RemoteWebDriver.java:552)
	at com.kms.katalon.core.webui.driver.ExistingRemoteWebDriver.execute(ExistingRemoteWebDriver.java:108)
	at org.openqa.selenium.remote.RemoteWebElement.execute(RemoteWebElement.java:285)
	at org.openqa.selenium.remote.RemoteWebElement.click(RemoteWebElement.java:84)
	at org.openqa.selenium.support.events.EventFiringWebDriver$EventFiringWebElement.lambda$new$0(EventFiringWebDriver.java:404)
	at com.sun.proxy.$Proxy9.click(Unknown Source)
	at org.openqa.selenium.support.events.EventFiringWebDriver$EventFiringWebElement.click(EventFiringWebDriver.java:417)
	at com.kms.katalon.core.webui.keyword.builtin.ClickKeyword$_click_closure1.doCall(ClickKeyword.groovy:69)
	at com.kms.katalon.core.webui.keyword.builtin.ClickKeyword$_click_closure1.call(ClickKeyword.groovy)
	at com.kms.katalon.core.webui.keyword.internal.WebUIKeywordMain.runKeyword(WebUIKeywordMain.groovy:20)
	at com.kms.katalon.core.webui.keyword.builtin.ClickKeyword.click(ClickKeyword.groovy:76)
	at com.kms.katalon.core.webui.keyword.builtin.ClickKeyword.execute(ClickKeyword.groovy:43)
	at com.kms.katalon.core.keyword.internal.KeywordExecutor.executeKeywordForPlatform(KeywordExecutor.groovy:72)
	at com.kms.katalon.core.webui.keyword.WebUiBuiltInKeywords.click(WebUiBuiltInKeywords.groovy:616)
	at com.kms.katalon.core.webui.keyword.WebUiBuiltInKeywords$click$0.call(Unknown Source)
	at Script1549506362832.run(Script1549506362832.groovy:28)
	... 13 more
)
	at com.kms.katalon.core.keyword.internal.KeywordMain.stepFailed(KeywordMain.groovy:39)
	at com.kms.katalon.core.webui.keyword.internal.WebUIKeywordMain.stepFailed(WebUIKeywordMain.groovy:64)
	at com.kms.katalon.core.webui.keyword.internal.WebUIKeywordMain.runKeyword(WebUIKeywordMain.groovy:26)
	at com.kms.katalon.core.webui.keyword.builtin.ClickKeyword.click(ClickKeyword.groovy:76)
	at com.kms.katalon.core.webui.keyword.builtin.ClickKeyword.execute(ClickKeyword.groovy:43)
	at com.kms.katalon.core.keyword.internal.KeywordExecutor.executeKeywordForPlatform(KeywordExecutor.groovy:72)
	at com.kms.katalon.core.webui.keyword.WebUiBuiltInKeywords.click(WebUiBuiltInKeywords.groovy:616)
	at com.kms.katalon.core.webui.keyword.WebUiBuiltInKeywords$click$0.call(Unknown Source)
	at Add Category.run(Add Category:28)
	at com.kms.katalon.core.main.ScriptEngine.run(ScriptEngine.java:194)
	at com.kms.katalon.core.main.ScriptEngine.runScriptAsRawText(ScriptEngine.java:119)
	at com.kms.katalon.core.main.TestCaseExecutor.runScript(TestCaseExecutor.java:337)
	at com.kms.katalon.core.main.TestCaseExecutor.doExecute(TestCaseExecutor.java:328)
	at com.kms.katalon.core.main.TestCaseExecutor.processExecutionPhase(TestCaseExecutor.java:307)
	at com.kms.katalon.core.main.TestCaseExecutor.accessMainPhase(TestCaseExecutor.java:299)
	at com.kms.katalon.core.main.TestCaseExecutor.execute(TestCaseExecutor.java:233)
	at com.kms.katalon.core.main.TestSuiteExecutor.accessTestCaseMainPhase(TestSuiteExecutor.java:169)
	at com.kms.katalon.core.main.TestSuiteExecutor.accessTestSuiteMainPhase(TestSuiteExecutor.java:142)
	at com.kms.katalon.core.main.TestSuiteExecutor.execute(TestSuiteExecutor.java:91)
	at com.kms.katalon.core.main.TestCaseMain.startTestSuite(TestCaseMain.java:157)
	at com.kms.katalon.core.main.TestCaseMain$startTestSuite$0.call(Unknown Source)
	at TempTestSuite1584598607274.run(TempTestSuite1584598607274.groovy:36)
Caused by: com.kms.katalon.core.exception.StepFailedException: Unable to click on object 'Object Repository/ADMIN/Categories/Category List/button_Categories'
	... 21 more
Caused by: org.openqa.selenium.ElementNotInteractableException: element not interactable
  (Session info: chrome=80.0.3987.132)
Build info: version: '3.141.59', revision: 'e82be7d358', time: '2018-11-14T08:25:53'
System info: host: 'ARCADIER-03', ip: '192.168.254.105', os.name: 'Windows 7', os.arch: 'amd64', os.version: '6.1', java.version: '1.8.0_181'
Driver info: com.kms.katalon.core.webui.driver.ExistingRemoteWebDriver
Capabilities {javascriptEnabled: true, platform: ANY, platformName: ANY}
Session ID: 66da7635ded2d355388026ca8e7d8eff
	at org.openqa.selenium.remote.http.W3CHttpResponseCodec.createException(W3CHttpResponseCodec.java:187)
	at org.openqa.selenium.remote.http.W3CHttpResponseCodec.decode(W3CHttpResponseCodec.java:122)
	at org.openqa.selenium.remote.http.W3CHttpResponseCodec.decode(W3CHttpResponseCodec.java:49)
	at org.openqa.selenium.remote.HttpCommandExecutor.execute(HttpCommandExecutor.java:158)
	at org.openqa.selenium.remote.RemoteWebDriver.execute(RemoteWebDriver.java:552)
	at com.kms.katalon.core.webui.driver.ExistingRemoteWebDriver.execute(ExistingRemoteWebDriver.java:108)
	at org.openqa.selenium.remote.RemoteWebElement.execute(RemoteWebElement.java:285)
	at org.openqa.selenium.remote.RemoteWebElement.click(RemoteWebElement.java:84)
	at org.openqa.selenium.support.events.EventFiringWebDriver$EventFiringWebElement.lambda$new$0(EventFiringWebDriver.java:404)
	at com.sun.proxy.$Proxy9.click(Unknown Source)
	at org.openqa.selenium.support.events.EventFiringWebDriver$EventFiringWebElement.click(EventFiringWebDriver.java:417)
	at com.kms.katalon.core.webui.keyword.builtin.ClickKeyword$_click_closure1.doCall(ClickKeyword.groovy:69)
	at com.kms.katalon.core.webui.keyword.builtin.ClickKeyword$_click_closure1.call(ClickKeyword.groovy)
	at com.kms.katalon.core.webui.keyword.internal.WebUIKeywordMain.runKeyword(WebUIKeywordMain.groovy:20)
	... 19 more


2020-03-19 14:30:31 - [TEST_STEP][PASSED] - waitForElementVisible(findTestObject("ADMIN/Categories/Category List/button_Content Mgmt"), 0): Object 'Object Repository/ADMIN/Categories/Category List/button_Content Mgmt' is visible

2020-03-19 14:30:31 - [MESSAGE][WARNING] - Timeout '0' is invalid. Using default page load timeout: '30'

2020-03-19 14:30:31 - [MESSAGE][PASSED] - Object 'Object Repository/ADMIN/Categories/Category List/button_Content Mgmt' is visible

2020-03-19 14:30:31 - [TEST_STEP][PASSED] - click(findTestObject("ADMIN/Categories/Category List/button_Content Mgmt")): Object: 'Object Repository/ADMIN/Categories/Category List/button_Content Mgmt' is clicked on

2020-03-19 14:30:31 - [MESSAGE][PASSED] - Object: 'Object Repository/ADMIN/Categories/Category List/button_Content Mgmt' is clicked on

2020-03-19 14:30:31 - [TEST_STEP][PASSED] - waitForElementVisible(findTestObject("ADMIN/Categories/Category List/button_Categories"), 0): Object 'Object Repository/ADMIN/Categories/Category List/button_Categories' is visible

2020-03-19 14:30:31 - [MESSAGE][WARNING] - Timeout '0' is invalid. Using default page load timeout: '30'

2020-03-19 14:30:32 - [MESSAGE][PASSED] - Object 'Object Repository/ADMIN/Categories/Category List/button_Categories' is visible

2020-03-19 14:30:32 - [TEST_STEP][FAILED] - click(findTestObject("ADMIN/Categories/Category List/button_Categories")): Unable to click on object 'Object Repository/ADMIN/Categories/Category List/button_Categories' (Root cause: com.kms.katalon.core.exception.StepFailedException: Unable to click on object 'Object Repository/ADMIN/Categories/Category List/button_Categories'
	at com.kms.katalon.core.webui.keyword.internal.WebUIKeywordMain.stepFailed(WebUIKeywordMain.groovy:64)
	at com.kms.katalon.core.webui.keyword.internal.WebUIKeywordMain.runKeyword(WebUIKeywordMain.groovy:26)
	at com.kms.katalon.core.webui.keyword.builtin.ClickKeyword.click(ClickKeyword.groovy:76)
	at com.kms.katalon.core.webui.keyword.builtin.ClickKeyword.execute(ClickKeyword.groovy:43)
	at com.kms.katalon.core.keyword.internal.KeywordExecutor.executeKeywordForPlatform(KeywordExecutor.groovy:72)
	at com.kms.katalon.core.webui.keyword.WebUiBuiltInKeywords.click(WebUiBuiltInKeywords.groovy:616)
	at com.kms.katalon.core.webui.keyword.WebUiBuiltInKeywords$click$0.call(Unknown Source)
	at Add Category.run(Add Category:28)
	at com.kms.katalon.core.main.ScriptEngine.run(ScriptEngine.java:194)
	at com.kms.katalon.core.main.ScriptEngine.runScriptAsRawText(ScriptEngine.java:119)
	at com.kms.katalon.core.main.TestCaseExecutor.runScript(TestCaseExecutor.java:337)
	at com.kms.katalon.core.main.TestCaseExecutor.doExecute(TestCaseExecutor.java:328)
	at com.kms.katalon.core.main.TestCaseExecutor.processExecutionPhase(TestCaseExecutor.java:307)
	at com.kms.katalon.core.main.TestCaseExecutor.accessMainPhase(TestCaseExecutor.java:299)
	at com.kms.katalon.core.main.TestCaseExecutor.execute(TestCaseExecutor.java:233)
	at com.kms.katalon.core.main.TestSuiteExecutor.accessTestCaseMainPhase(TestSuiteExecutor.java:169)
	at com.kms.katalon.core.main.TestSuiteExecutor.accessTestSuiteMainPhase(TestSuiteExecutor.java:142)
	at com.kms.katalon.core.main.TestSuiteExecutor.execute(TestSuiteExecutor.java:91)
	at com.kms.katalon.core.main.TestCaseMain.startTestSuite(TestCaseMain.java:157)
	at com.kms.katalon.core.main.TestCaseMain$startTestSuite$0.call(Unknown Source)
	at TempTestSuite1584598607274.run(TempTestSuite1584598607274.groovy:36)
Caused by: org.openqa.selenium.ElementNotInteractableException: element not interactable
  (Session info: chrome=80.0.3987.132)
Build info: version: '3.141.59', revision: 'e82be7d358', time: '2018-11-14T08:25:53'
System info: host: 'ARCADIER-03', ip: '192.168.254.105', os.name: 'Windows 7', os.arch: 'amd64', os.version: '6.1', java.version: '1.8.0_181'
Driver info: com.kms.katalon.core.webui.driver.ExistingRemoteWebDriver
Capabilities {javascriptEnabled: true, platform: ANY, platformName: ANY}
Session ID: 66da7635ded2d355388026ca8e7d8eff
	at org.openqa.selenium.remote.http.W3CHttpResponseCodec.createException(W3CHttpResponseCodec.java:187)
	at org.openqa.selenium.remote.http.W3CHttpResponseCodec.decode(W3CHttpResponseCodec.java:122)
	at org.openqa.selenium.remote.http.W3CHttpResponseCodec.decode(W3CHttpResponseCodec.java:49)
	at org.openqa.selenium.remote.HttpCommandExecutor.execute(HttpCommandExecutor.java:158)
	at org.openqa.selenium.remote.RemoteWebDriver.execute(RemoteWebDriver.java:552)
	at com.kms.katalon.core.webui.driver.ExistingRemoteWebDriver.execute(ExistingRemoteWebDriver.java:108)
	at org.openqa.selenium.remote.RemoteWebElement.execute(RemoteWebElement.java:285)
	at org.openqa.selenium.remote.RemoteWebElement.click(RemoteWebElement.java:84)
	at org.openqa.selenium.support.events.EventFiringWebDriver$EventFiringWebElement.lambda$new$0(EventFiringWebDriver.java:404)
	at com.sun.proxy.$Proxy9.click(Unknown Source)
	at org.openqa.selenium.support.events.EventFiringWebDriver$EventFiringWebElement.click(EventFiringWebDriver.java:417)
	at com.kms.katalon.core.webui.keyword.builtin.ClickKeyword$_click_closure1.doCall(ClickKeyword.groovy:69)
	at com.kms.katalon.core.webui.keyword.builtin.ClickKeyword$_click_closure1.call(ClickKeyword.groovy)
	at com.kms.katalon.core.webui.keyword.internal.WebUIKeywordMain.runKeyword(WebUIKeywordMain.groovy:20)
	at com.kms.katalon.core.webui.keyword.builtin.ClickKeyword.click(ClickKeyword.groovy:76)
	at com.kms.katalon.core.webui.keyword.builtin.ClickKeyword.execute(ClickKeyword.groovy:43)
	at com.kms.katalon.core.keyword.internal.KeywordExecutor.executeKeywordForPlatform(KeywordExecutor.groovy:72)
	at com.kms.katalon.core.webui.keyword.WebUiBuiltInKeywords.click(WebUiBuiltInKeywords.groovy:616)
	at com.kms.katalon.core.webui.keyword.WebUiBuiltInKeywords$click$0.call(Unknown Source)
	at Script1549506362832.run(Script1549506362832.groovy:28)
	... 13 more
)

2020-03-19 14:30:32 - [MESSAGE][FAILED] - Unable to click on object 'Object Repository/ADMIN/Categories/Category List/button_Categories' (Root cause: com.kms.katalon.core.exception.StepFailedException: Unable to click on object 'Object Repository/ADMIN/Categories/Category List/button_Categories'
	at com.kms.katalon.core.webui.keyword.internal.WebUIKeywordMain.stepFailed(WebUIKeywordMain.groovy:64)
	at com.kms.katalon.core.webui.keyword.internal.WebUIKeywordMain.runKeyword(WebUIKeywordMain.groovy:26)
	at com.kms.katalon.core.webui.keyword.builtin.ClickKeyword.click(ClickKeyword.groovy:76)
	at com.kms.katalon.core.webui.keyword.builtin.ClickKeyword.execute(ClickKeyword.groovy:43)
	at com.kms.katalon.core.keyword.internal.KeywordExecutor.executeKeywordForPlatform(KeywordExecutor.groovy:72)
	at com.kms.katalon.core.webui.keyword.WebUiBuiltInKeywords.click(WebUiBuiltInKeywords.groovy:616)
	at com.kms.katalon.core.webui.keyword.WebUiBuiltInKeywords$click$0.call(Unknown Source)
	at Add Category.run(Add Category:28)
	at com.kms.katalon.core.main.ScriptEngine.run(ScriptEngine.java:194)
	at com.kms.katalon.core.main.ScriptEngine.runScriptAsRawText(ScriptEngine.java:119)
	at com.kms.katalon.core.main.TestCaseExecutor.runScript(TestCaseExecutor.java:337)
	at com.kms.katalon.core.main.TestCaseExecutor.doExecute(TestCaseExecutor.java:328)
	at com.kms.katalon.core.main.TestCaseExecutor.processExecutionPhase(TestCaseExecutor.java:307)
	at com.kms.katalon.core.main.TestCaseExecutor.accessMainPhase(TestCaseExecutor.java:299)
	at com.kms.katalon.core.main.TestCaseExecutor.execute(TestCaseExecutor.java:233)
	at com.kms.katalon.core.main.TestSuiteExecutor.accessTestCaseMainPhase(TestSuiteExecutor.java:169)
	at com.kms.katalon.core.main.TestSuiteExecutor.accessTestSuiteMainPhase(TestSuiteExecutor.java:142)
	at com.kms.katalon.core.main.TestSuiteExecutor.execute(TestSuiteExecutor.java:91)
	at com.kms.katalon.core.main.TestCaseMain.startTestSuite(TestCaseMain.java:157)
	at com.kms.katalon.core.main.TestCaseMain$startTestSuite$0.call(Unknown Source)
	at TempTestSuite1584598607274.run(TempTestSuite1584598607274.groovy:36)
Caused by: org.openqa.selenium.ElementNotInteractableException: element not interactable
  (Session info: chrome=80.0.3987.132)
Build info: version: '3.141.59', revision: 'e82be7d358', time: '2018-11-14T08:25:53'
System info: host: 'ARCADIER-03', ip: '192.168.254.105', os.name: 'Windows 7', os.arch: 'amd64', os.version: '6.1', java.version: '1.8.0_181'
Driver info: com.kms.katalon.core.webui.driver.ExistingRemoteWebDriver
Capabilities {javascriptEnabled: true, platform: ANY, platformName: ANY}
Session ID: 66da7635ded2d355388026ca8e7d8eff
	at org.openqa.selenium.remote.http.W3CHttpResponseCodec.createException(W3CHttpResponseCodec.java:187)
	at org.openqa.selenium.remote.http.W3CHttpResponseCodec.decode(W3CHttpResponseCodec.java:122)
	at org.openqa.selenium.remote.http.W3CHttpResponseCodec.decode(W3CHttpResponseCodec.java:49)
	at org.openqa.selenium.remote.HttpCommandExecutor.execute(HttpCommandExecutor.java:158)
	at org.openqa.selenium.remote.RemoteWebDriver.execute(RemoteWebDriver.java:552)
	at com.kms.katalon.core.webui.driver.ExistingRemoteWebDriver.execute(ExistingRemoteWebDriver.java:108)
	at org.openqa.selenium.remote.RemoteWebElement.execute(RemoteWebElement.java:285)
	at org.openqa.selenium.remote.RemoteWebElement.click(RemoteWebElement.java:84)
	at org.openqa.selenium.support.events.EventFiringWebDriver$EventFiringWebElement.lambda$new$0(EventFiringWebDriver.java:404)
	at com.sun.proxy.$Proxy9.click(Unknown Source)
	at org.openqa.selenium.support.events.EventFiringWebDriver$EventFiringWebElement.click(EventFiringWebDriver.java:417)
	at com.kms.katalon.core.webui.keyword.builtin.ClickKeyword$_click_closure1.doCall(ClickKeyword.groovy:69)
	at com.kms.katalon.core.webui.keyword.builtin.ClickKeyword$_click_closure1.call(ClickKeyword.groovy)
	at com.kms.katalon.core.webui.keyword.internal.WebUIKeywordMain.runKeyword(WebUIKeywordMain.groovy:20)
	at com.kms.katalon.core.webui.keyword.builtin.ClickKeyword.click(ClickKeyword.groovy:76)
	at com.kms.katalon.core.webui.keyword.builtin.ClickKeyword.execute(ClickKeyword.groovy:43)
	at com.kms.katalon.core.keyword.internal.KeywordExecutor.executeKeywordForPlatform(KeywordExecutor.groovy:72)
	at com.kms.katalon.core.webui.keyword.WebUiBuiltInKeywords.click(WebUiBuiltInKeywords.groovy:616)
	at com.kms.katalon.core.webui.keyword.WebUiBuiltInKeywords$click$0.call(Unknown Source)
	at Script1549506362832.run(Script1549506362832.groovy:28)
	... 13 more
)
[[ATTACHMENT|C:\\Katalon\\Arctick\\Reports\\20200319_141647\\Admin\\Admin Add Category\\20200319_141647\\1584599432116.png]]

2020-03-19 14:30:32 - [TEST_STEP][PASSED] - waitForPageLoad(0, STOP_ON_FAILURE): Wait for page load successfully

2020-03-19 14:30:32 - [MESSAGE][WARNING] - Timeout '0' is invalid. Using default page load timeout: '30'

2020-03-19 14:30:32 - [MESSAGE][PASSED] - Wait for page load successfully

2020-03-19 14:30:32 - [TEST_STEP][PASSED] - click(findTestObject("ADMIN/Categories/Category List/button_Add a Category")): Object: 'Object Repository/ADMIN/Categories/Category List/button_Add a Category' is clicked on

2020-03-19 14:30:32 - [MESSAGE][PASSED] - Object: 'Object Repository/ADMIN/Categories/Category List/button_Add a Category' is clicked on

2020-03-19 14:30:32 - [TEST_STEP][PASSED] - waitForElementPresent(findTestObject("ADMIN/Categories/Category/dropdown_Parent"), 2): Object 'Object Repository/ADMIN/Categories/Category/dropdown_Parent' is present

2020-03-19 14:30:32 - [MESSAGE][PASSED] - Object 'Object Repository/ADMIN/Categories/Category/dropdown_Parent' is present

2020-03-19 14:30:32 - [TEST_STEP][PASSED] - delay(1): Delayed 1 second(s)

2020-03-19 14:30:33 - [MESSAGE][PASSED] - Delayed 1 second(s)

2020-03-19 14:30:33 - [TEST_STEP][PASSED] - setText(findTestObject("ADMIN/Categories/Category/textfield_Category Name"), CategoryNametext): Text 'Category 06' is set on object 'Object Repository/ADMIN/Categories/Category/textfield_Category Name'

2020-03-19 14:30:33 - [MESSAGE][PASSED] - Text 'Category 06' is set on object 'Object Repository/ADMIN/Categories/Category/textfield_Category Name'

2020-03-19 14:30:33 - [TEST_STEP][PASSED] - click(findTestObject("ADMIN/Categories/Category/dropdown_Parent")): Object: 'Object Repository/ADMIN/Categories/Category/dropdown_Parent' is clicked on

2020-03-19 14:30:34 - [MESSAGE][PASSED] - Object: 'Object Repository/ADMIN/Categories/Category/dropdown_Parent' is clicked on

2020-03-19 14:30:34 - [TEST_STEP][PASSED] - delay(2): Delayed 2 second(s)

2020-03-19 14:30:36 - [MESSAGE][PASSED] - Delayed 2 second(s)

2020-03-19 14:30:36 - [TEST_STEP][PASSED] - click(findTestObject("ADMIN/Categories/Category/dropdown_Parent")): Object: 'Object Repository/ADMIN/Categories/Category/dropdown_Parent' is clicked on

2020-03-19 14:30:36 - [MESSAGE][PASSED] - Object: 'Object Repository/ADMIN/Categories/Category/dropdown_Parent' is clicked on

2020-03-19 14:30:36 - [TEST_STEP][PASSED] - selectOptionByLabel(findTestObject("ADMIN/Categories/Category/dropdown_Parent"), ParentName, false): All options with label '-' are selected in object 'Object Repository/ADMIN/Categories/Category/dropdown_Parent' 

2020-03-19 14:30:36 - [MESSAGE][PASSED] - All options with label '-' are selected in object 'Object Repository/ADMIN/Categories/Category/dropdown_Parent' 

2020-03-19 14:30:36 - [TEST_STEP][PASSED] - click(findTestObject("ADMIN/Categories/Category/button_Browse")): Object: 'Object Repository/ADMIN/Categories/Category/button_Browse' is clicked on

2020-03-19 14:30:36 - [MESSAGE][PASSED] - Object: 'Object Repository/ADMIN/Categories/Category/button_Browse' is clicked on

2020-03-19 14:30:36 - [TEST_STEP][PASSED] - delay(2): Delayed 2 second(s)

2020-03-19 14:30:38 - [MESSAGE][PASSED] - Delayed 2 second(s)

2020-03-19 14:30:38 - [TEST_STEP][PASSED] - uploadFile(findTestObject("ADMIN/Categories/Category/image_input image"), CategoryImageUpload): File 'C:\\Katalon\\Arctick\\Images\\Category\\6.png' sent to object: 'Object Repository/ADMIN/Categories/Category/image_input image'

2020-03-19 14:30:38 - [MESSAGE][PASSED] - File 'C:\\Katalon\\Arctick\\Images\\Category\\6.png' sent to object: 'Object Repository/ADMIN/Categories/Category/image_input image'

2020-03-19 14:30:38 - [TEST_STEP][PASSED] - waitForElementVisible(findTestObject("ADMIN/Categories/Category/button_upload check"), 0): Object 'Object Repository/ADMIN/Categories/Category/button_upload check' is visible

2020-03-19 14:30:38 - [MESSAGE][WARNING] - Timeout '0' is invalid. Using default page load timeout: '30'

2020-03-19 14:30:38 - [MESSAGE][PASSED] - Object 'Object Repository/ADMIN/Categories/Category/button_upload check' is visible

2020-03-19 14:30:38 - [TEST_STEP][PASSED] - click(findTestObject("ADMIN/Categories/Category/button_upload check")): Object: 'Object Repository/ADMIN/Categories/Category/button_upload check' is clicked on

2020-03-19 14:30:38 - [MESSAGE][PASSED] - Object: 'Object Repository/ADMIN/Categories/Category/button_upload check' is clicked on

2020-03-19 14:30:38 - [TEST_STEP][PASSED] - waitForElementVisible(findTestObject("ADMIN/Categories/Category/button_upload save"), 0): Object 'Object Repository/ADMIN/Categories/Category/button_upload save' is visible

2020-03-19 14:30:38 - [MESSAGE][WARNING] - Timeout '0' is invalid. Using default page load timeout: '30'

2020-03-19 14:30:38 - [MESSAGE][PASSED] - Object 'Object Repository/ADMIN/Categories/Category/button_upload save' is visible

2020-03-19 14:30:38 - [TEST_STEP][PASSED] - click(findTestObject("ADMIN/Categories/Category/button_upload save")): Object: 'Object Repository/ADMIN/Categories/Category/button_upload save' is clicked on

2020-03-19 14:30:39 - [MESSAGE][PASSED] - Object: 'Object Repository/ADMIN/Categories/Category/button_upload save' is clicked on

2020-03-19 14:30:39 - [TEST_STEP][PASSED] - setText(findTestObject("ADMIN/Categories/Category/textfield_category_description"), Description): Text 'Description54' is set on object 'Object Repository/ADMIN/Categories/Category/textfield_category_description'

2020-03-19 14:30:39 - [MESSAGE][PASSED] - Text 'Description54' is set on object 'Object Repository/ADMIN/Categories/Category/textfield_category_description'

2020-03-19 14:30:39 - [TEST_STEP][PASSED] - click(findTestObject("ADMIN/Categories/Category/button_Save")): Object: 'Object Repository/ADMIN/Categories/Category/button_Save' is clicked on

2020-03-19 14:30:39 - [MESSAGE][PASSED] - Object: 'Object Repository/ADMIN/Categories/Category/button_Save' is clicked on

2020-03-19 14:30:39 - [TEST_STEP][PASSED] - waitForElementVisible(findTestObject("ADMIN/Categories/Category/label_edit popup"), 0): Object 'Object Repository/ADMIN/Categories/Category/label_edit popup' is visible

2020-03-19 14:30:39 - [MESSAGE][WARNING] - Timeout '0' is invalid. Using default page load timeout: '30'

2020-03-19 14:30:40 - [MESSAGE][PASSED] - Object 'Object Repository/ADMIN/Categories/Category/label_edit popup' is visible

2020-03-19 14:30:40 - [TEST_STEP][PASSED] - waitForElementNotPresent(findTestObject("ADMIN/Categories/Category/label_edit popup"), 0): Web element with id: 'Object Repository/ADMIN/Categories/Category/label_edit popup' located by 'By.xpath: //div[(text() = 'Category was successfully saved.' or . = 'Category was successfully saved.')]' is not present after '30' second(s)

2020-03-19 14:30:40 - [MESSAGE][WARNING] - Timeout '0' is invalid. Using default page load timeout: '30'

2020-03-19 14:30:46 - [MESSAGE][PASSED] - Web element with id: 'Object Repository/ADMIN/Categories/Category/label_edit popup' located by 'By.xpath: //div[(text() = 'Category was successfully saved.' or . = 'Category was successfully saved.')]' is not present after '30' second(s)]]></system-out>
         <system-err><![CDATA[2020-03-19 14:30:31 - [TEST_CASE][FAILED] - Test Cases/ADMIN/Content Mgmt/Categories/Category Add-Edit/Add Category: Test Cases/ADMIN/Content Mgmt/Categories/Category Add-Edit/Add Category FAILED.
Reason:
com.kms.katalon.core.exception.StepFailedException: Unable to click on object 'Object Repository/ADMIN/Categories/Category List/button_Categories' (Root cause: com.kms.katalon.core.exception.StepFailedException: Unable to click on object 'Object Repository/ADMIN/Categories/Category List/button_Categories'
	at com.kms.katalon.core.webui.keyword.internal.WebUIKeywordMain.stepFailed(WebUIKeywordMain.groovy:64)
	at com.kms.katalon.core.webui.keyword.internal.WebUIKeywordMain.runKeyword(WebUIKeywordMain.groovy:26)
	at com.kms.katalon.core.webui.keyword.builtin.ClickKeyword.click(ClickKeyword.groovy:76)
	at com.kms.katalon.core.webui.keyword.builtin.ClickKeyword.execute(ClickKeyword.groovy:43)
	at com.kms.katalon.core.keyword.internal.KeywordExecutor.executeKeywordForPlatform(KeywordExecutor.groovy:72)
	at com.kms.katalon.core.webui.keyword.WebUiBuiltInKeywords.click(WebUiBuiltInKeywords.groovy:616)
	at com.kms.katalon.core.webui.keyword.WebUiBuiltInKeywords$click$0.call(Unknown Source)
	at Add Category.run(Add Category:28)
	at com.kms.katalon.core.main.ScriptEngine.run(ScriptEngine.java:194)
	at com.kms.katalon.core.main.ScriptEngine.runScriptAsRawText(ScriptEngine.java:119)
	at com.kms.katalon.core.main.TestCaseExecutor.runScript(TestCaseExecutor.java:337)
	at com.kms.katalon.core.main.TestCaseExecutor.doExecute(TestCaseExecutor.java:328)
	at com.kms.katalon.core.main.TestCaseExecutor.processExecutionPhase(TestCaseExecutor.java:307)
	at com.kms.katalon.core.main.TestCaseExecutor.accessMainPhase(TestCaseExecutor.java:299)
	at com.kms.katalon.core.main.TestCaseExecutor.execute(TestCaseExecutor.java:233)
	at com.kms.katalon.core.main.TestSuiteExecutor.accessTestCaseMainPhase(TestSuiteExecutor.java:169)
	at com.kms.katalon.core.main.TestSuiteExecutor.accessTestSuiteMainPhase(TestSuiteExecutor.java:142)
	at com.kms.katalon.core.main.TestSuiteExecutor.execute(TestSuiteExecutor.java:91)
	at com.kms.katalon.core.main.TestCaseMain.startTestSuite(TestCaseMain.java:157)
	at com.kms.katalon.core.main.TestCaseMain$startTestSuite$0.call(Unknown Source)
	at TempTestSuite1584598607274.run(TempTestSuite1584598607274.groovy:36)
Caused by: org.openqa.selenium.ElementNotInteractableException: element not interactable
  (Session info: chrome=80.0.3987.132)
Build info: version: '3.141.59', revision: 'e82be7d358', time: '2018-11-14T08:25:53'
System info: host: 'ARCADIER-03', ip: '192.168.254.105', os.name: 'Windows 7', os.arch: 'amd64', os.version: '6.1', java.version: '1.8.0_181'
Driver info: com.kms.katalon.core.webui.driver.ExistingRemoteWebDriver
Capabilities {javascriptEnabled: true, platform: ANY, platformName: ANY}
Session ID: 66da7635ded2d355388026ca8e7d8eff
	at org.openqa.selenium.remote.http.W3CHttpResponseCodec.createException(W3CHttpResponseCodec.java:187)
	at org.openqa.selenium.remote.http.W3CHttpResponseCodec.decode(W3CHttpResponseCodec.java:122)
	at org.openqa.selenium.remote.http.W3CHttpResponseCodec.decode(W3CHttpResponseCodec.java:49)
	at org.openqa.selenium.remote.HttpCommandExecutor.execute(HttpCommandExecutor.java:158)
	at org.openqa.selenium.remote.RemoteWebDriver.execute(RemoteWebDriver.java:552)
	at com.kms.katalon.core.webui.driver.ExistingRemoteWebDriver.execute(ExistingRemoteWebDriver.java:108)
	at org.openqa.selenium.remote.RemoteWebElement.execute(RemoteWebElement.java:285)
	at org.openqa.selenium.remote.RemoteWebElement.click(RemoteWebElement.java:84)
	at org.openqa.selenium.support.events.EventFiringWebDriver$EventFiringWebElement.lambda$new$0(EventFiringWebDriver.java:404)
	at com.sun.proxy.$Proxy9.click(Unknown Source)
	at org.openqa.selenium.support.events.EventFiringWebDriver$EventFiringWebElement.click(EventFiringWebDriver.java:417)
	at com.kms.katalon.core.webui.keyword.builtin.ClickKeyword$_click_closure1.doCall(ClickKeyword.groovy:69)
	at com.kms.katalon.core.webui.keyword.builtin.ClickKeyword$_click_closure1.call(ClickKeyword.groovy)
	at com.kms.katalon.core.webui.keyword.internal.WebUIKeywordMain.runKeyword(WebUIKeywordMain.groovy:20)
	at com.kms.katalon.core.webui.keyword.builtin.ClickKeyword.click(ClickKeyword.groovy:76)
	at com.kms.katalon.core.webui.keyword.builtin.ClickKeyword.execute(ClickKeyword.groovy:43)
	at com.kms.katalon.core.keyword.internal.KeywordExecutor.executeKeywordForPlatform(KeywordExecutor.groovy:72)
	at com.kms.katalon.core.webui.keyword.WebUiBuiltInKeywords.click(WebUiBuiltInKeywords.groovy:616)
	at com.kms.katalon.core.webui.keyword.WebUiBuiltInKeywords$click$0.call(Unknown Source)
	at Script1549506362832.run(Script1549506362832.groovy:28)
	... 13 more
)
	at com.kms.katalon.core.keyword.internal.KeywordMain.stepFailed(KeywordMain.groovy:39)
	at com.kms.katalon.core.webui.keyword.internal.WebUIKeywordMain.stepFailed(WebUIKeywordMain.groovy:64)
	at com.kms.katalon.core.webui.keyword.internal.WebUIKeywordMain.runKeyword(WebUIKeywordMain.groovy:26)
	at com.kms.katalon.core.webui.keyword.builtin.ClickKeyword.click(ClickKeyword.groovy:76)
	at com.kms.katalon.core.webui.keyword.builtin.ClickKeyword.execute(ClickKeyword.groovy:43)
	at com.kms.katalon.core.keyword.internal.KeywordExecutor.executeKeywordForPlatform(KeywordExecutor.groovy:72)
	at com.kms.katalon.core.webui.keyword.WebUiBuiltInKeywords.click(WebUiBuiltInKeywords.groovy:616)
	at com.kms.katalon.core.webui.keyword.WebUiBuiltInKeywords$click$0.call(Unknown Source)
	at Add Category.run(Add Category:28)
	at com.kms.katalon.core.main.ScriptEngine.run(ScriptEngine.java:194)
	at com.kms.katalon.core.main.ScriptEngine.runScriptAsRawText(ScriptEngine.java:119)
	at com.kms.katalon.core.main.TestCaseExecutor.runScript(TestCaseExecutor.java:337)
	at com.kms.katalon.core.main.TestCaseExecutor.doExecute(TestCaseExecutor.java:328)
	at com.kms.katalon.core.main.TestCaseExecutor.processExecutionPhase(TestCaseExecutor.java:307)
	at com.kms.katalon.core.main.TestCaseExecutor.accessMainPhase(TestCaseExecutor.java:299)
	at com.kms.katalon.core.main.TestCaseExecutor.execute(TestCaseExecutor.java:233)
	at com.kms.katalon.core.main.TestSuiteExecutor.accessTestCaseMainPhase(TestSuiteExecutor.java:169)
	at com.kms.katalon.core.main.TestSuiteExecutor.accessTestSuiteMainPhase(TestSuiteExecutor.java:142)
	at com.kms.katalon.core.main.TestSuiteExecutor.execute(TestSuiteExecutor.java:91)
	at com.kms.katalon.core.main.TestCaseMain.startTestSuite(TestCaseMain.java:157)
	at com.kms.katalon.core.main.TestCaseMain$startTestSuite$0.call(Unknown Source)
	at TempTestSuite1584598607274.run(TempTestSuite1584598607274.groovy:36)
Caused by: com.kms.katalon.core.exception.StepFailedException: Unable to click on object 'Object Repository/ADMIN/Categories/Category List/button_Categories'
	... 21 more
Caused by: org.openqa.selenium.ElementNotInteractableException: element not interactable
  (Session info: chrome=80.0.3987.132)
Build info: version: '3.141.59', revision: 'e82be7d358', time: '2018-11-14T08:25:53'
System info: host: 'ARCADIER-03', ip: '192.168.254.105', os.name: 'Windows 7', os.arch: 'amd64', os.version: '6.1', java.version: '1.8.0_181'
Driver info: com.kms.katalon.core.webui.driver.ExistingRemoteWebDriver
Capabilities {javascriptEnabled: true, platform: ANY, platformName: ANY}
Session ID: 66da7635ded2d355388026ca8e7d8eff
	at org.openqa.selenium.remote.http.W3CHttpResponseCodec.createException(W3CHttpResponseCodec.java:187)
	at org.openqa.selenium.remote.http.W3CHttpResponseCodec.decode(W3CHttpResponseCodec.java:122)
	at org.openqa.selenium.remote.http.W3CHttpResponseCodec.decode(W3CHttpResponseCodec.java:49)
	at org.openqa.selenium.remote.HttpCommandExecutor.execute(HttpCommandExecutor.java:158)
	at org.openqa.selenium.remote.RemoteWebDriver.execute(RemoteWebDriver.java:552)
	at com.kms.katalon.core.webui.driver.ExistingRemoteWebDriver.execute(ExistingRemoteWebDriver.java:108)
	at org.openqa.selenium.remote.RemoteWebElement.execute(RemoteWebElement.java:285)
	at org.openqa.selenium.remote.RemoteWebElement.click(RemoteWebElement.java:84)
	at org.openqa.selenium.support.events.EventFiringWebDriver$EventFiringWebElement.lambda$new$0(EventFiringWebDriver.java:404)
	at com.sun.proxy.$Proxy9.click(Unknown Source)
	at org.openqa.selenium.support.events.EventFiringWebDriver$EventFiringWebElement.click(EventFiringWebDriver.java:417)
	at com.kms.katalon.core.webui.keyword.builtin.ClickKeyword$_click_closure1.doCall(ClickKeyword.groovy:69)
	at com.kms.katalon.core.webui.keyword.builtin.ClickKeyword$_click_closure1.call(ClickKeyword.groovy)
	at com.kms.katalon.core.webui.keyword.internal.WebUIKeywordMain.runKeyword(WebUIKeywordMain.groovy:20)
	... 19 more]]></system-err>
      </testcase>
      <testcase name="Test Cases/ADMIN/Content Mgmt/Categories/Category Add-Edit/Add Category" time="15.795" classname="Test Cases/ADMIN/Content Mgmt/Categories/Category Add-Edit/Add Category" status="PASSED">
         <system-out><![CDATA[2020-03-19 14:30:46 - [TEST_CASE][PASSED] - Test Cases/ADMIN/Content Mgmt/Categories/Category Add-Edit/Add Category: Test Cases/ADMIN/Content Mgmt/Categories/Category Add-Edit/Add Category

2020-03-19 14:30:46 - [TEST_STEP][PASSED] - waitForElementVisible(findTestObject("ADMIN/Categories/Category List/button_Content Mgmt"), 0): Object 'Object Repository/ADMIN/Categories/Category List/button_Content Mgmt' is visible

2020-03-19 14:30:46 - [MESSAGE][WARNING] - Timeout '0' is invalid. Using default page load timeout: '30'

2020-03-19 14:30:46 - [MESSAGE][PASSED] - Object 'Object Repository/ADMIN/Categories/Category List/button_Content Mgmt' is visible

2020-03-19 14:30:46 - [TEST_STEP][PASSED] - click(findTestObject("ADMIN/Categories/Category List/button_Content Mgmt")): Object: 'Object Repository/ADMIN/Categories/Category List/button_Content Mgmt' is clicked on

2020-03-19 14:30:46 - [MESSAGE][PASSED] - Object: 'Object Repository/ADMIN/Categories/Category List/button_Content Mgmt' is clicked on

2020-03-19 14:30:46 - [TEST_STEP][PASSED] - waitForElementVisible(findTestObject("ADMIN/Categories/Category List/button_Categories"), 0): Object 'Object Repository/ADMIN/Categories/Category List/button_Categories' is visible

2020-03-19 14:30:46 - [MESSAGE][WARNING] - Timeout '0' is invalid. Using default page load timeout: '30'

2020-03-19 14:30:47 - [MESSAGE][PASSED] - Object 'Object Repository/ADMIN/Categories/Category List/button_Categories' is visible

2020-03-19 14:30:47 - [TEST_STEP][PASSED] - click(findTestObject("ADMIN/Categories/Category List/button_Categories")): Object: 'Object Repository/ADMIN/Categories/Category List/button_Categories' is clicked on

2020-03-19 14:30:48 - [MESSAGE][PASSED] - Object: 'Object Repository/ADMIN/Categories/Category List/button_Categories' is clicked on

2020-03-19 14:30:48 - [TEST_STEP][PASSED] - waitForPageLoad(0, STOP_ON_FAILURE): Wait for page load successfully

2020-03-19 14:30:48 - [MESSAGE][WARNING] - Timeout '0' is invalid. Using default page load timeout: '30'

2020-03-19 14:30:48 - [MESSAGE][PASSED] - Wait for page load successfully

2020-03-19 14:30:48 - [TEST_STEP][PASSED] - click(findTestObject("ADMIN/Categories/Category List/button_Add a Category")): Object: 'Object Repository/ADMIN/Categories/Category List/button_Add a Category' is clicked on

2020-03-19 14:30:48 - [MESSAGE][PASSED] - Object: 'Object Repository/ADMIN/Categories/Category List/button_Add a Category' is clicked on

2020-03-19 14:30:48 - [TEST_STEP][PASSED] - waitForElementPresent(findTestObject("ADMIN/Categories/Category/dropdown_Parent"), 2): Object 'Object Repository/ADMIN/Categories/Category/dropdown_Parent' is present

2020-03-19 14:30:48 - [MESSAGE][PASSED] - Object 'Object Repository/ADMIN/Categories/Category/dropdown_Parent' is present

2020-03-19 14:30:48 - [TEST_STEP][PASSED] - delay(1): Delayed 1 second(s)

2020-03-19 14:30:49 - [MESSAGE][PASSED] - Delayed 1 second(s)

2020-03-19 14:30:49 - [TEST_STEP][PASSED] - setText(findTestObject("ADMIN/Categories/Category/textfield_Category Name"), CategoryNametext): Text 'Category 6.1' is set on object 'Object Repository/ADMIN/Categories/Category/textfield_Category Name'

2020-03-19 14:30:49 - [MESSAGE][PASSED] - Text 'Category 6.1' is set on object 'Object Repository/ADMIN/Categories/Category/textfield_Category Name'

2020-03-19 14:30:49 - [TEST_STEP][PASSED] - click(findTestObject("ADMIN/Categories/Category/dropdown_Parent")): Object: 'Object Repository/ADMIN/Categories/Category/dropdown_Parent' is clicked on

2020-03-19 14:30:49 - [MESSAGE][PASSED] - Object: 'Object Repository/ADMIN/Categories/Category/dropdown_Parent' is clicked on

2020-03-19 14:30:49 - [TEST_STEP][PASSED] - delay(2): Delayed 2 second(s)

2020-03-19 14:30:51 - [MESSAGE][PASSED] - Delayed 2 second(s)

2020-03-19 14:30:51 - [TEST_STEP][PASSED] - click(findTestObject("ADMIN/Categories/Category/dropdown_Parent")): Object: 'Object Repository/ADMIN/Categories/Category/dropdown_Parent' is clicked on

2020-03-19 14:30:52 - [MESSAGE][PASSED] - Object: 'Object Repository/ADMIN/Categories/Category/dropdown_Parent' is clicked on

2020-03-19 14:30:52 - [TEST_STEP][PASSED] - selectOptionByLabel(findTestObject("ADMIN/Categories/Category/dropdown_Parent"), ParentName, false): All options with label 'Category 06' are selected in object 'Object Repository/ADMIN/Categories/Category/dropdown_Parent' 

2020-03-19 14:30:52 - [MESSAGE][PASSED] - All options with label 'Category 06' are selected in object 'Object Repository/ADMIN/Categories/Category/dropdown_Parent' 

2020-03-19 14:30:52 - [TEST_STEP][PASSED] - click(findTestObject("ADMIN/Categories/Category/button_Browse")): Object: 'Object Repository/ADMIN/Categories/Category/button_Browse' is clicked on

2020-03-19 14:30:52 - [MESSAGE][PASSED] - Object: 'Object Repository/ADMIN/Categories/Category/button_Browse' is clicked on

2020-03-19 14:30:52 - [TEST_STEP][PASSED] - delay(2): Delayed 2 second(s)

2020-03-19 14:30:54 - [MESSAGE][PASSED] - Delayed 2 second(s)

2020-03-19 14:30:54 - [TEST_STEP][PASSED] - uploadFile(findTestObject("ADMIN/Categories/Category/image_input image"), CategoryImageUpload): File 'C:\\Katalon\\Arctick\\Images\\Category\\6.png' sent to object: 'Object Repository/ADMIN/Categories/Category/image_input image'

2020-03-19 14:30:54 - [MESSAGE][PASSED] - File 'C:\\Katalon\\Arctick\\Images\\Category\\6.png' sent to object: 'Object Repository/ADMIN/Categories/Category/image_input image'

2020-03-19 14:30:54 - [TEST_STEP][PASSED] - waitForElementVisible(findTestObject("ADMIN/Categories/Category/button_upload check"), 0): Object 'Object Repository/ADMIN/Categories/Category/button_upload check' is visible

2020-03-19 14:30:54 - [MESSAGE][WARNING] - Timeout '0' is invalid. Using default page load timeout: '30'

2020-03-19 14:30:54 - [MESSAGE][PASSED] - Object 'Object Repository/ADMIN/Categories/Category/button_upload check' is visible

2020-03-19 14:30:54 - [TEST_STEP][PASSED] - click(findTestObject("ADMIN/Categories/Category/button_upload check")): Object: 'Object Repository/ADMIN/Categories/Category/button_upload check' is clicked on

2020-03-19 14:30:54 - [MESSAGE][PASSED] - Object: 'Object Repository/ADMIN/Categories/Category/button_upload check' is clicked on

2020-03-19 14:30:54 - [TEST_STEP][PASSED] - waitForElementVisible(findTestObject("ADMIN/Categories/Category/button_upload save"), 0): Object 'Object Repository/ADMIN/Categories/Category/button_upload save' is visible

2020-03-19 14:30:54 - [MESSAGE][WARNING] - Timeout '0' is invalid. Using default page load timeout: '30'

2020-03-19 14:30:54 - [MESSAGE][PASSED] - Object 'Object Repository/ADMIN/Categories/Category/button_upload save' is visible

2020-03-19 14:30:54 - [TEST_STEP][PASSED] - click(findTestObject("ADMIN/Categories/Category/button_upload save")): Object: 'Object Repository/ADMIN/Categories/Category/button_upload save' is clicked on

2020-03-19 14:30:55 - [MESSAGE][PASSED] - Object: 'Object Repository/ADMIN/Categories/Category/button_upload save' is clicked on

2020-03-19 14:30:55 - [TEST_STEP][PASSED] - setText(findTestObject("ADMIN/Categories/Category/textfield_category_description"), Description): Text 'Description55' is set on object 'Object Repository/ADMIN/Categories/Category/textfield_category_description'

2020-03-19 14:30:55 - [MESSAGE][PASSED] - Text 'Description55' is set on object 'Object Repository/ADMIN/Categories/Category/textfield_category_description'

2020-03-19 14:30:55 - [TEST_STEP][PASSED] - click(findTestObject("ADMIN/Categories/Category/button_Save")): Object: 'Object Repository/ADMIN/Categories/Category/button_Save' is clicked on

2020-03-19 14:30:55 - [MESSAGE][PASSED] - Object: 'Object Repository/ADMIN/Categories/Category/button_Save' is clicked on

2020-03-19 14:30:55 - [TEST_STEP][PASSED] - waitForElementVisible(findTestObject("ADMIN/Categories/Category/label_edit popup"), 0): Object 'Object Repository/ADMIN/Categories/Category/label_edit popup' is visible

2020-03-19 14:30:55 - [MESSAGE][WARNING] - Timeout '0' is invalid. Using default page load timeout: '30'

2020-03-19 14:30:56 - [MESSAGE][PASSED] - Object 'Object Repository/ADMIN/Categories/Category/label_edit popup' is visible

2020-03-19 14:30:56 - [TEST_STEP][PASSED] - waitForElementNotPresent(findTestObject("ADMIN/Categories/Category/label_edit popup"), 0): Web element with id: 'Object Repository/ADMIN/Categories/Category/label_edit popup' located by 'By.xpath: //div[(text() = 'Category was successfully saved.' or . = 'Category was successfully saved.')]' is not present after '30' second(s)

2020-03-19 14:30:56 - [MESSAGE][WARNING] - Timeout '0' is invalid. Using default page load timeout: '30'

2020-03-19 14:31:02 - [MESSAGE][PASSED] - Web element with id: 'Object Repository/ADMIN/Categories/Category/label_edit popup' located by 'By.xpath: //div[(text() = 'Category was successfully saved.' or . = 'Category was successfully saved.')]' is not present after '30' second(s)]]></system-out>
         <system-err><![CDATA[]]></system-err>
      </testcase>
      <testcase name="Test Cases/ADMIN/Content Mgmt/Categories/Category Add-Edit/Add Category" time="15.566" classname="Test Cases/ADMIN/Content Mgmt/Categories/Category Add-Edit/Add Category" status="PASSED">
         <system-out><![CDATA[2020-03-19 14:31:02 - [TEST_CASE][PASSED] - Test Cases/ADMIN/Content Mgmt/Categories/Category Add-Edit/Add Category: Test Cases/ADMIN/Content Mgmt/Categories/Category Add-Edit/Add Category

2020-03-19 14:31:02 - [TEST_STEP][PASSED] - waitForElementVisible(findTestObject("ADMIN/Categories/Category List/button_Content Mgmt"), 0): Object 'Object Repository/ADMIN/Categories/Category List/button_Content Mgmt' is visible

2020-03-19 14:31:02 - [MESSAGE][WARNING] - Timeout '0' is invalid. Using default page load timeout: '30'

2020-03-19 14:31:02 - [MESSAGE][PASSED] - Object 'Object Repository/ADMIN/Categories/Category List/button_Content Mgmt' is visible

2020-03-19 14:31:02 - [TEST_STEP][PASSED] - click(findTestObject("ADMIN/Categories/Category List/button_Content Mgmt")): Object: 'Object Repository/ADMIN/Categories/Category List/button_Content Mgmt' is clicked on

2020-03-19 14:31:02 - [MESSAGE][PASSED] - Object: 'Object Repository/ADMIN/Categories/Category List/button_Content Mgmt' is clicked on

2020-03-19 14:31:02 - [TEST_STEP][PASSED] - waitForElementVisible(findTestObject("ADMIN/Categories/Category List/button_Categories"), 0): Object 'Object Repository/ADMIN/Categories/Category List/button_Categories' is visible

2020-03-19 14:31:02 - [MESSAGE][WARNING] - Timeout '0' is invalid. Using default page load timeout: '30'

2020-03-19 14:31:02 - [MESSAGE][PASSED] - Object 'Object Repository/ADMIN/Categories/Category List/button_Categories' is visible

2020-03-19 14:31:02 - [TEST_STEP][PASSED] - click(findTestObject("ADMIN/Categories/Category List/button_Categories")): Object: 'Object Repository/ADMIN/Categories/Category List/button_Categories' is clicked on

2020-03-19 14:31:03 - [MESSAGE][PASSED] - Object: 'Object Repository/ADMIN/Categories/Category List/button_Categories' is clicked on

2020-03-19 14:31:03 - [TEST_STEP][PASSED] - waitForPageLoad(0, STOP_ON_FAILURE): Wait for page load successfully

2020-03-19 14:31:03 - [MESSAGE][WARNING] - Timeout '0' is invalid. Using default page load timeout: '30'

2020-03-19 14:31:03 - [MESSAGE][PASSED] - Wait for page load successfully

2020-03-19 14:31:03 - [TEST_STEP][PASSED] - click(findTestObject("ADMIN/Categories/Category List/button_Add a Category")): Object: 'Object Repository/ADMIN/Categories/Category List/button_Add a Category' is clicked on

2020-03-19 14:31:04 - [MESSAGE][PASSED] - Object: 'Object Repository/ADMIN/Categories/Category List/button_Add a Category' is clicked on

2020-03-19 14:31:04 - [TEST_STEP][PASSED] - waitForElementPresent(findTestObject("ADMIN/Categories/Category/dropdown_Parent"), 2): Object 'Object Repository/ADMIN/Categories/Category/dropdown_Parent' is present

2020-03-19 14:31:04 - [MESSAGE][PASSED] - Object 'Object Repository/ADMIN/Categories/Category/dropdown_Parent' is present

2020-03-19 14:31:04 - [TEST_STEP][PASSED] - delay(1): Delayed 1 second(s)

2020-03-19 14:31:05 - [MESSAGE][PASSED] - Delayed 1 second(s)

2020-03-19 14:31:05 - [TEST_STEP][PASSED] - setText(findTestObject("ADMIN/Categories/Category/textfield_Category Name"), CategoryNametext): Text 'Category 6.1.1' is set on object 'Object Repository/ADMIN/Categories/Category/textfield_Category Name'

2020-03-19 14:31:05 - [MESSAGE][PASSED] - Text 'Category 6.1.1' is set on object 'Object Repository/ADMIN/Categories/Category/textfield_Category Name'

2020-03-19 14:31:05 - [TEST_STEP][PASSED] - click(findTestObject("ADMIN/Categories/Category/dropdown_Parent")): Object: 'Object Repository/ADMIN/Categories/Category/dropdown_Parent' is clicked on

2020-03-19 14:31:05 - [MESSAGE][PASSED] - Object: 'Object Repository/ADMIN/Categories/Category/dropdown_Parent' is clicked on

2020-03-19 14:31:05 - [TEST_STEP][PASSED] - delay(2): Delayed 2 second(s)

2020-03-19 14:31:07 - [MESSAGE][PASSED] - Delayed 2 second(s)

2020-03-19 14:31:07 - [TEST_STEP][PASSED] - click(findTestObject("ADMIN/Categories/Category/dropdown_Parent")): Object: 'Object Repository/ADMIN/Categories/Category/dropdown_Parent' is clicked on

2020-03-19 14:31:07 - [MESSAGE][PASSED] - Object: 'Object Repository/ADMIN/Categories/Category/dropdown_Parent' is clicked on

2020-03-19 14:31:07 - [TEST_STEP][PASSED] - selectOptionByLabel(findTestObject("ADMIN/Categories/Category/dropdown_Parent"), ParentName, false): All options with label 'Category 6.1' are selected in object 'Object Repository/ADMIN/Categories/Category/dropdown_Parent' 

2020-03-19 14:31:08 - [MESSAGE][PASSED] - All options with label 'Category 6.1' are selected in object 'Object Repository/ADMIN/Categories/Category/dropdown_Parent' 

2020-03-19 14:31:08 - [TEST_STEP][PASSED] - click(findTestObject("ADMIN/Categories/Category/button_Browse")): Object: 'Object Repository/ADMIN/Categories/Category/button_Browse' is clicked on

2020-03-19 14:31:08 - [MESSAGE][PASSED] - Object: 'Object Repository/ADMIN/Categories/Category/button_Browse' is clicked on

2020-03-19 14:31:08 - [TEST_STEP][PASSED] - delay(2): Delayed 2 second(s)

2020-03-19 14:31:10 - [MESSAGE][PASSED] - Delayed 2 second(s)

2020-03-19 14:31:10 - [TEST_STEP][PASSED] - uploadFile(findTestObject("ADMIN/Categories/Category/image_input image"), CategoryImageUpload): File 'C:\\Katalon\\Arctick\\Images\\Category\\6.png' sent to object: 'Object Repository/ADMIN/Categories/Category/image_input image'

2020-03-19 14:31:10 - [MESSAGE][PASSED] - File 'C:\\Katalon\\Arctick\\Images\\Category\\6.png' sent to object: 'Object Repository/ADMIN/Categories/Category/image_input image'

2020-03-19 14:31:10 - [TEST_STEP][PASSED] - waitForElementVisible(findTestObject("ADMIN/Categories/Category/button_upload check"), 0): Object 'Object Repository/ADMIN/Categories/Category/button_upload check' is visible

2020-03-19 14:31:10 - [MESSAGE][WARNING] - Timeout '0' is invalid. Using default page load timeout: '30'

2020-03-19 14:31:10 - [MESSAGE][PASSED] - Object 'Object Repository/ADMIN/Categories/Category/button_upload check' is visible

2020-03-19 14:31:10 - [TEST_STEP][PASSED] - click(findTestObject("ADMIN/Categories/Category/button_upload check")): Object: 'Object Repository/ADMIN/Categories/Category/button_upload check' is clicked on

2020-03-19 14:31:10 - [MESSAGE][PASSED] - Object: 'Object Repository/ADMIN/Categories/Category/button_upload check' is clicked on

2020-03-19 14:31:10 - [TEST_STEP][PASSED] - waitForElementVisible(findTestObject("ADMIN/Categories/Category/button_upload save"), 0): Object 'Object Repository/ADMIN/Categories/Category/button_upload save' is visible

2020-03-19 14:31:10 - [MESSAGE][WARNING] - Timeout '0' is invalid. Using default page load timeout: '30'

2020-03-19 14:31:10 - [MESSAGE][PASSED] - Object 'Object Repository/ADMIN/Categories/Category/button_upload save' is visible

2020-03-19 14:31:10 - [TEST_STEP][PASSED] - click(findTestObject("ADMIN/Categories/Category/button_upload save")): Object: 'Object Repository/ADMIN/Categories/Category/button_upload save' is clicked on

2020-03-19 14:31:10 - [MESSAGE][PASSED] - Object: 'Object Repository/ADMIN/Categories/Category/button_upload save' is clicked on

2020-03-19 14:31:11 - [TEST_STEP][PASSED] - setText(findTestObject("ADMIN/Categories/Category/textfield_category_description"), Description): Text 'Description56' is set on object 'Object Repository/ADMIN/Categories/Category/textfield_category_description'

2020-03-19 14:31:11 - [MESSAGE][PASSED] - Text 'Description56' is set on object 'Object Repository/ADMIN/Categories/Category/textfield_category_description'

2020-03-19 14:31:11 - [TEST_STEP][PASSED] - click(findTestObject("ADMIN/Categories/Category/button_Save")): Object: 'Object Repository/ADMIN/Categories/Category/button_Save' is clicked on

2020-03-19 14:31:11 - [MESSAGE][PASSED] - Object: 'Object Repository/ADMIN/Categories/Category/button_Save' is clicked on

2020-03-19 14:31:11 - [TEST_STEP][PASSED] - waitForElementVisible(findTestObject("ADMIN/Categories/Category/label_edit popup"), 0): Object 'Object Repository/ADMIN/Categories/Category/label_edit popup' is visible

2020-03-19 14:31:11 - [MESSAGE][WARNING] - Timeout '0' is invalid. Using default page load timeout: '30'

2020-03-19 14:31:11 - [MESSAGE][PASSED] - Object 'Object Repository/ADMIN/Categories/Category/label_edit popup' is visible

2020-03-19 14:31:11 - [TEST_STEP][PASSED] - waitForElementNotPresent(findTestObject("ADMIN/Categories/Category/label_edit popup"), 0): Web element with id: 'Object Repository/ADMIN/Categories/Category/label_edit popup' located by 'By.xpath: //div[(text() = 'Category was successfully saved.' or . = 'Category was successfully saved.')]' is not present after '30' second(s)

2020-03-19 14:31:12 - [MESSAGE][WARNING] - Timeout '0' is invalid. Using default page load timeout: '30'

2020-03-19 14:31:17 - [MESSAGE][PASSED] - Web element with id: 'Object Repository/ADMIN/Categories/Category/label_edit popup' located by 'By.xpath: //div[(text() = 'Category was successfully saved.' or . = 'Category was successfully saved.')]' is not present after '30' second(s)]]></system-out>
         <system-err><![CDATA[]]></system-err>
      </testcase>
      <testcase name="Test Cases/ADMIN/Content Mgmt/Categories/Category Add-Edit/Add Category" time="14.801" classname="Test Cases/ADMIN/Content Mgmt/Categories/Category Add-Edit/Add Category" status="FAILED">
         <failure type="FAILED" message="Test Cases/ADMIN/Content Mgmt/Categories/Category Add-Edit/Add Category FAILED.
Reason:
com.kms.katalon.core.exception.StepFailedException: Unable to click on object 'Object Repository/ADMIN/Categories/Category List/button_Categories' (Root cause: com.kms.katalon.core.exception.StepFailedException: Unable to click on object 'Object Repository/ADMIN/Categories/Category List/button_Categories'
	at com.kms.katalon.core.webui.keyword.internal.WebUIKeywordMain.stepFailed(WebUIKeywordMain.groovy:64)
	at com.kms.katalon.core.webui.keyword.internal.WebUIKeywordMain.runKeyword(WebUIKeywordMain.groovy:26)
	at com.kms.katalon.core.webui.keyword.builtin.ClickKeyword.click(ClickKeyword.groovy:76)
	at com.kms.katalon.core.webui.keyword.builtin.ClickKeyword.execute(ClickKeyword.groovy:43)
	at com.kms.katalon.core.keyword.internal.KeywordExecutor.executeKeywordForPlatform(KeywordExecutor.groovy:72)
	at com.kms.katalon.core.webui.keyword.WebUiBuiltInKeywords.click(WebUiBuiltInKeywords.groovy:616)
	at com.kms.katalon.core.webui.keyword.WebUiBuiltInKeywords$click$0.call(Unknown Source)
	at Add Category.run(Add Category:28)
	at com.kms.katalon.core.main.ScriptEngine.run(ScriptEngine.java:194)
	at com.kms.katalon.core.main.ScriptEngine.runScriptAsRawText(ScriptEngine.java:119)
	at com.kms.katalon.core.main.TestCaseExecutor.runScript(TestCaseExecutor.java:337)
	at com.kms.katalon.core.main.TestCaseExecutor.doExecute(TestCaseExecutor.java:328)
	at com.kms.katalon.core.main.TestCaseExecutor.processExecutionPhase(TestCaseExecutor.java:307)
	at com.kms.katalon.core.main.TestCaseExecutor.accessMainPhase(TestCaseExecutor.java:299)
	at com.kms.katalon.core.main.TestCaseExecutor.execute(TestCaseExecutor.java:233)
	at com.kms.katalon.core.main.TestSuiteExecutor.accessTestCaseMainPhase(TestSuiteExecutor.java:169)
	at com.kms.katalon.core.main.TestSuiteExecutor.accessTestSuiteMainPhase(TestSuiteExecutor.java:142)
	at com.kms.katalon.core.main.TestSuiteExecutor.execute(TestSuiteExecutor.java:91)
	at com.kms.katalon.core.main.TestCaseMain.startTestSuite(TestCaseMain.java:157)
	at com.kms.katalon.core.main.TestCaseMain$startTestSuite$0.call(Unknown Source)
	at TempTestSuite1584598607274.run(TempTestSuite1584598607274.groovy:36)
Caused by: org.openqa.selenium.ElementNotInteractableException: element not interactable
  (Session info: chrome=80.0.3987.132)
Build info: version: '3.141.59', revision: 'e82be7d358', time: '2018-11-14T08:25:53'
System info: host: 'ARCADIER-03', ip: '192.168.254.105', os.name: 'Windows 7', os.arch: 'amd64', os.version: '6.1', java.version: '1.8.0_181'
Driver info: com.kms.katalon.core.webui.driver.ExistingRemoteWebDriver
Capabilities {javascriptEnabled: true, platform: ANY, platformName: ANY}
Session ID: 66da7635ded2d355388026ca8e7d8eff
	at org.openqa.selenium.remote.http.W3CHttpResponseCodec.createException(W3CHttpResponseCodec.java:187)
	at org.openqa.selenium.remote.http.W3CHttpResponseCodec.decode(W3CHttpResponseCodec.java:122)
	at org.openqa.selenium.remote.http.W3CHttpResponseCodec.decode(W3CHttpResponseCodec.java:49)
	at org.openqa.selenium.remote.HttpCommandExecutor.execute(HttpCommandExecutor.java:158)
	at org.openqa.selenium.remote.RemoteWebDriver.execute(RemoteWebDriver.java:552)
	at com.kms.katalon.core.webui.driver.ExistingRemoteWebDriver.execute(ExistingRemoteWebDriver.java:108)
	at org.openqa.selenium.remote.RemoteWebElement.execute(RemoteWebElement.java:285)
	at org.openqa.selenium.remote.RemoteWebElement.click(RemoteWebElement.java:84)
	at org.openqa.selenium.support.events.EventFiringWebDriver$EventFiringWebElement.lambda$new$0(EventFiringWebDriver.java:404)
	at com.sun.proxy.$Proxy9.click(Unknown Source)
	at org.openqa.selenium.support.events.EventFiringWebDriver$EventFiringWebElement.click(EventFiringWebDriver.java:417)
	at com.kms.katalon.core.webui.keyword.builtin.ClickKeyword$_click_closure1.doCall(ClickKeyword.groovy:69)
	at com.kms.katalon.core.webui.keyword.builtin.ClickKeyword$_click_closure1.call(ClickKeyword.groovy)
	at com.kms.katalon.core.webui.keyword.internal.WebUIKeywordMain.runKeyword(WebUIKeywordMain.groovy:20)
	at com.kms.katalon.core.webui.keyword.builtin.ClickKeyword.click(ClickKeyword.groovy:76)
	at com.kms.katalon.core.webui.keyword.builtin.ClickKeyword.execute(ClickKeyword.groovy:43)
	at com.kms.katalon.core.keyword.internal.KeywordExecutor.executeKeywordForPlatform(KeywordExecutor.groovy:72)
	at com.kms.katalon.core.webui.keyword.WebUiBuiltInKeywords.click(WebUiBuiltInKeywords.groovy:616)
	at com.kms.katalon.core.webui.keyword.WebUiBuiltInKeywords$click$0.call(Unknown Source)
	at Script1549506362832.run(Script1549506362832.groovy:28)
	... 13 more
)
	at com.kms.katalon.core.keyword.internal.KeywordMain.stepFailed(KeywordMain.groovy:39)
	at com.kms.katalon.core.webui.keyword.internal.WebUIKeywordMain.stepFailed(WebUIKeywordMain.groovy:64)
	at com.kms.katalon.core.webui.keyword.internal.WebUIKeywordMain.runKeyword(WebUIKeywordMain.groovy:26)
	at com.kms.katalon.core.webui.keyword.builtin.ClickKeyword.click(ClickKeyword.groovy:76)
	at com.kms.katalon.core.webui.keyword.builtin.ClickKeyword.execute(ClickKeyword.groovy:43)
	at com.kms.katalon.core.keyword.internal.KeywordExecutor.executeKeywordForPlatform(KeywordExecutor.groovy:72)
	at com.kms.katalon.core.webui.keyword.WebUiBuiltInKeywords.click(WebUiBuiltInKeywords.groovy:616)
	at com.kms.katalon.core.webui.keyword.WebUiBuiltInKeywords$click$0.call(Unknown Source)
	at Add Category.run(Add Category:28)
	at com.kms.katalon.core.main.ScriptEngine.run(ScriptEngine.java:194)
	at com.kms.katalon.core.main.ScriptEngine.runScriptAsRawText(ScriptEngine.java:119)
	at com.kms.katalon.core.main.TestCaseExecutor.runScript(TestCaseExecutor.java:337)
	at com.kms.katalon.core.main.TestCaseExecutor.doExecute(TestCaseExecutor.java:328)
	at com.kms.katalon.core.main.TestCaseExecutor.processExecutionPhase(TestCaseExecutor.java:307)
	at com.kms.katalon.core.main.TestCaseExecutor.accessMainPhase(TestCaseExecutor.java:299)
	at com.kms.katalon.core.main.TestCaseExecutor.execute(TestCaseExecutor.java:233)
	at com.kms.katalon.core.main.TestSuiteExecutor.accessTestCaseMainPhase(TestSuiteExecutor.java:169)
	at com.kms.katalon.core.main.TestSuiteExecutor.accessTestSuiteMainPhase(TestSuiteExecutor.java:142)
	at com.kms.katalon.core.main.TestSuiteExecutor.execute(TestSuiteExecutor.java:91)
	at com.kms.katalon.core.main.TestCaseMain.startTestSuite(TestCaseMain.java:157)
	at com.kms.katalon.core.main.TestCaseMain$startTestSuite$0.call(Unknown Source)
	at TempTestSuite1584598607274.run(TempTestSuite1584598607274.groovy:36)
Caused by: com.kms.katalon.core.exception.StepFailedException: Unable to click on object 'Object Repository/ADMIN/Categories/Category List/button_Categories'
	... 21 more
Caused by: org.openqa.selenium.ElementNotInteractableException: element not interactable
  (Session info: chrome=80.0.3987.132)
Build info: version: '3.141.59', revision: 'e82be7d358', time: '2018-11-14T08:25:53'
System info: host: 'ARCADIER-03', ip: '192.168.254.105', os.name: 'Windows 7', os.arch: 'amd64', os.version: '6.1', java.version: '1.8.0_181'
Driver info: com.kms.katalon.core.webui.driver.ExistingRemoteWebDriver
Capabilities {javascriptEnabled: true, platform: ANY, platformName: ANY}
Session ID: 66da7635ded2d355388026ca8e7d8eff
	at org.openqa.selenium.remote.http.W3CHttpResponseCodec.createException(W3CHttpResponseCodec.java:187)
	at org.openqa.selenium.remote.http.W3CHttpResponseCodec.decode(W3CHttpResponseCodec.java:122)
	at org.openqa.selenium.remote.http.W3CHttpResponseCodec.decode(W3CHttpResponseCodec.java:49)
	at org.openqa.selenium.remote.HttpCommandExecutor.execute(HttpCommandExecutor.java:158)
	at org.openqa.selenium.remote.RemoteWebDriver.execute(RemoteWebDriver.java:552)
	at com.kms.katalon.core.webui.driver.ExistingRemoteWebDriver.execute(ExistingRemoteWebDriver.java:108)
	at org.openqa.selenium.remote.RemoteWebElement.execute(RemoteWebElement.java:285)
	at org.openqa.selenium.remote.RemoteWebElement.click(RemoteWebElement.java:84)
	at org.openqa.selenium.support.events.EventFiringWebDriver$EventFiringWebElement.lambda$new$0(EventFiringWebDriver.java:404)
	at com.sun.proxy.$Proxy9.click(Unknown Source)
	at org.openqa.selenium.support.events.EventFiringWebDriver$EventFiringWebElement.click(EventFiringWebDriver.java:417)
	at com.kms.katalon.core.webui.keyword.builtin.ClickKeyword$_click_closure1.doCall(ClickKeyword.groovy:69)
	at com.kms.katalon.core.webui.keyword.builtin.ClickKeyword$_click_closure1.call(ClickKeyword.groovy)
	at com.kms.katalon.core.webui.keyword.internal.WebUIKeywordMain.runKeyword(WebUIKeywordMain.groovy:20)
	... 19 more
"/>
         <system-out><![CDATA[2020-03-19 14:31:17 - [TEST_CASE][FAILED] - Test Cases/ADMIN/Content Mgmt/Categories/Category Add-Edit/Add Category: Test Cases/ADMIN/Content Mgmt/Categories/Category Add-Edit/Add Category FAILED.
Reason:
com.kms.katalon.core.exception.StepFailedException: Unable to click on object 'Object Repository/ADMIN/Categories/Category List/button_Categories' (Root cause: com.kms.katalon.core.exception.StepFailedException: Unable to click on object 'Object Repository/ADMIN/Categories/Category List/button_Categories'
	at com.kms.katalon.core.webui.keyword.internal.WebUIKeywordMain.stepFailed(WebUIKeywordMain.groovy:64)
	at com.kms.katalon.core.webui.keyword.internal.WebUIKeywordMain.runKeyword(WebUIKeywordMain.groovy:26)
	at com.kms.katalon.core.webui.keyword.builtin.ClickKeyword.click(ClickKeyword.groovy:76)
	at com.kms.katalon.core.webui.keyword.builtin.ClickKeyword.execute(ClickKeyword.groovy:43)
	at com.kms.katalon.core.keyword.internal.KeywordExecutor.executeKeywordForPlatform(KeywordExecutor.groovy:72)
	at com.kms.katalon.core.webui.keyword.WebUiBuiltInKeywords.click(WebUiBuiltInKeywords.groovy:616)
	at com.kms.katalon.core.webui.keyword.WebUiBuiltInKeywords$click$0.call(Unknown Source)
	at Add Category.run(Add Category:28)
	at com.kms.katalon.core.main.ScriptEngine.run(ScriptEngine.java:194)
	at com.kms.katalon.core.main.ScriptEngine.runScriptAsRawText(ScriptEngine.java:119)
	at com.kms.katalon.core.main.TestCaseExecutor.runScript(TestCaseExecutor.java:337)
	at com.kms.katalon.core.main.TestCaseExecutor.doExecute(TestCaseExecutor.java:328)
	at com.kms.katalon.core.main.TestCaseExecutor.processExecutionPhase(TestCaseExecutor.java:307)
	at com.kms.katalon.core.main.TestCaseExecutor.accessMainPhase(TestCaseExecutor.java:299)
	at com.kms.katalon.core.main.TestCaseExecutor.execute(TestCaseExecutor.java:233)
	at com.kms.katalon.core.main.TestSuiteExecutor.accessTestCaseMainPhase(TestSuiteExecutor.java:169)
	at com.kms.katalon.core.main.TestSuiteExecutor.accessTestSuiteMainPhase(TestSuiteExecutor.java:142)
	at com.kms.katalon.core.main.TestSuiteExecutor.execute(TestSuiteExecutor.java:91)
	at com.kms.katalon.core.main.TestCaseMain.startTestSuite(TestCaseMain.java:157)
	at com.kms.katalon.core.main.TestCaseMain$startTestSuite$0.call(Unknown Source)
	at TempTestSuite1584598607274.run(TempTestSuite1584598607274.groovy:36)
Caused by: org.openqa.selenium.ElementNotInteractableException: element not interactable
  (Session info: chrome=80.0.3987.132)
Build info: version: '3.141.59', revision: 'e82be7d358', time: '2018-11-14T08:25:53'
System info: host: 'ARCADIER-03', ip: '192.168.254.105', os.name: 'Windows 7', os.arch: 'amd64', os.version: '6.1', java.version: '1.8.0_181'
Driver info: com.kms.katalon.core.webui.driver.ExistingRemoteWebDriver
Capabilities {javascriptEnabled: true, platform: ANY, platformName: ANY}
Session ID: 66da7635ded2d355388026ca8e7d8eff
	at org.openqa.selenium.remote.http.W3CHttpResponseCodec.createException(W3CHttpResponseCodec.java:187)
	at org.openqa.selenium.remote.http.W3CHttpResponseCodec.decode(W3CHttpResponseCodec.java:122)
	at org.openqa.selenium.remote.http.W3CHttpResponseCodec.decode(W3CHttpResponseCodec.java:49)
	at org.openqa.selenium.remote.HttpCommandExecutor.execute(HttpCommandExecutor.java:158)
	at org.openqa.selenium.remote.RemoteWebDriver.execute(RemoteWebDriver.java:552)
	at com.kms.katalon.core.webui.driver.ExistingRemoteWebDriver.execute(ExistingRemoteWebDriver.java:108)
	at org.openqa.selenium.remote.RemoteWebElement.execute(RemoteWebElement.java:285)
	at org.openqa.selenium.remote.RemoteWebElement.click(RemoteWebElement.java:84)
	at org.openqa.selenium.support.events.EventFiringWebDriver$EventFiringWebElement.lambda$new$0(EventFiringWebDriver.java:404)
	at com.sun.proxy.$Proxy9.click(Unknown Source)
	at org.openqa.selenium.support.events.EventFiringWebDriver$EventFiringWebElement.click(EventFiringWebDriver.java:417)
	at com.kms.katalon.core.webui.keyword.builtin.ClickKeyword$_click_closure1.doCall(ClickKeyword.groovy:69)
	at com.kms.katalon.core.webui.keyword.builtin.ClickKeyword$_click_closure1.call(ClickKeyword.groovy)
	at com.kms.katalon.core.webui.keyword.internal.WebUIKeywordMain.runKeyword(WebUIKeywordMain.groovy:20)
	at com.kms.katalon.core.webui.keyword.builtin.ClickKeyword.click(ClickKeyword.groovy:76)
	at com.kms.katalon.core.webui.keyword.builtin.ClickKeyword.execute(ClickKeyword.groovy:43)
	at com.kms.katalon.core.keyword.internal.KeywordExecutor.executeKeywordForPlatform(KeywordExecutor.groovy:72)
	at com.kms.katalon.core.webui.keyword.WebUiBuiltInKeywords.click(WebUiBuiltInKeywords.groovy:616)
	at com.kms.katalon.core.webui.keyword.WebUiBuiltInKeywords$click$0.call(Unknown Source)
	at Script1549506362832.run(Script1549506362832.groovy:28)
	... 13 more
)
	at com.kms.katalon.core.keyword.internal.KeywordMain.stepFailed(KeywordMain.groovy:39)
	at com.kms.katalon.core.webui.keyword.internal.WebUIKeywordMain.stepFailed(WebUIKeywordMain.groovy:64)
	at com.kms.katalon.core.webui.keyword.internal.WebUIKeywordMain.runKeyword(WebUIKeywordMain.groovy:26)
	at com.kms.katalon.core.webui.keyword.builtin.ClickKeyword.click(ClickKeyword.groovy:76)
	at com.kms.katalon.core.webui.keyword.builtin.ClickKeyword.execute(ClickKeyword.groovy:43)
	at com.kms.katalon.core.keyword.internal.KeywordExecutor.executeKeywordForPlatform(KeywordExecutor.groovy:72)
	at com.kms.katalon.core.webui.keyword.WebUiBuiltInKeywords.click(WebUiBuiltInKeywords.groovy:616)
	at com.kms.katalon.core.webui.keyword.WebUiBuiltInKeywords$click$0.call(Unknown Source)
	at Add Category.run(Add Category:28)
	at com.kms.katalon.core.main.ScriptEngine.run(ScriptEngine.java:194)
	at com.kms.katalon.core.main.ScriptEngine.runScriptAsRawText(ScriptEngine.java:119)
	at com.kms.katalon.core.main.TestCaseExecutor.runScript(TestCaseExecutor.java:337)
	at com.kms.katalon.core.main.TestCaseExecutor.doExecute(TestCaseExecutor.java:328)
	at com.kms.katalon.core.main.TestCaseExecutor.processExecutionPhase(TestCaseExecutor.java:307)
	at com.kms.katalon.core.main.TestCaseExecutor.accessMainPhase(TestCaseExecutor.java:299)
	at com.kms.katalon.core.main.TestCaseExecutor.execute(TestCaseExecutor.java:233)
	at com.kms.katalon.core.main.TestSuiteExecutor.accessTestCaseMainPhase(TestSuiteExecutor.java:169)
	at com.kms.katalon.core.main.TestSuiteExecutor.accessTestSuiteMainPhase(TestSuiteExecutor.java:142)
	at com.kms.katalon.core.main.TestSuiteExecutor.execute(TestSuiteExecutor.java:91)
	at com.kms.katalon.core.main.TestCaseMain.startTestSuite(TestCaseMain.java:157)
	at com.kms.katalon.core.main.TestCaseMain$startTestSuite$0.call(Unknown Source)
	at TempTestSuite1584598607274.run(TempTestSuite1584598607274.groovy:36)
Caused by: com.kms.katalon.core.exception.StepFailedException: Unable to click on object 'Object Repository/ADMIN/Categories/Category List/button_Categories'
	... 21 more
Caused by: org.openqa.selenium.ElementNotInteractableException: element not interactable
  (Session info: chrome=80.0.3987.132)
Build info: version: '3.141.59', revision: 'e82be7d358', time: '2018-11-14T08:25:53'
System info: host: 'ARCADIER-03', ip: '192.168.254.105', os.name: 'Windows 7', os.arch: 'amd64', os.version: '6.1', java.version: '1.8.0_181'
Driver info: com.kms.katalon.core.webui.driver.ExistingRemoteWebDriver
Capabilities {javascriptEnabled: true, platform: ANY, platformName: ANY}
Session ID: 66da7635ded2d355388026ca8e7d8eff
	at org.openqa.selenium.remote.http.W3CHttpResponseCodec.createException(W3CHttpResponseCodec.java:187)
	at org.openqa.selenium.remote.http.W3CHttpResponseCodec.decode(W3CHttpResponseCodec.java:122)
	at org.openqa.selenium.remote.http.W3CHttpResponseCodec.decode(W3CHttpResponseCodec.java:49)
	at org.openqa.selenium.remote.HttpCommandExecutor.execute(HttpCommandExecutor.java:158)
	at org.openqa.selenium.remote.RemoteWebDriver.execute(RemoteWebDriver.java:552)
	at com.kms.katalon.core.webui.driver.ExistingRemoteWebDriver.execute(ExistingRemoteWebDriver.java:108)
	at org.openqa.selenium.remote.RemoteWebElement.execute(RemoteWebElement.java:285)
	at org.openqa.selenium.remote.RemoteWebElement.click(RemoteWebElement.java:84)
	at org.openqa.selenium.support.events.EventFiringWebDriver$EventFiringWebElement.lambda$new$0(EventFiringWebDriver.java:404)
	at com.sun.proxy.$Proxy9.click(Unknown Source)
	at org.openqa.selenium.support.events.EventFiringWebDriver$EventFiringWebElement.click(EventFiringWebDriver.java:417)
	at com.kms.katalon.core.webui.keyword.builtin.ClickKeyword$_click_closure1.doCall(ClickKeyword.groovy:69)
	at com.kms.katalon.core.webui.keyword.builtin.ClickKeyword$_click_closure1.call(ClickKeyword.groovy)
	at com.kms.katalon.core.webui.keyword.internal.WebUIKeywordMain.runKeyword(WebUIKeywordMain.groovy:20)
	... 19 more


2020-03-19 14:31:17 - [TEST_STEP][PASSED] - waitForElementVisible(findTestObject("ADMIN/Categories/Category List/button_Content Mgmt"), 0): Object 'Object Repository/ADMIN/Categories/Category List/button_Content Mgmt' is visible

2020-03-19 14:31:17 - [MESSAGE][WARNING] - Timeout '0' is invalid. Using default page load timeout: '30'

2020-03-19 14:31:17 - [MESSAGE][PASSED] - Object 'Object Repository/ADMIN/Categories/Category List/button_Content Mgmt' is visible

2020-03-19 14:31:17 - [TEST_STEP][PASSED] - click(findTestObject("ADMIN/Categories/Category List/button_Content Mgmt")): Object: 'Object Repository/ADMIN/Categories/Category List/button_Content Mgmt' is clicked on

2020-03-19 14:31:17 - [MESSAGE][PASSED] - Object: 'Object Repository/ADMIN/Categories/Category List/button_Content Mgmt' is clicked on

2020-03-19 14:31:17 - [TEST_STEP][PASSED] - waitForElementVisible(findTestObject("ADMIN/Categories/Category List/button_Categories"), 0): Object 'Object Repository/ADMIN/Categories/Category List/button_Categories' is visible

2020-03-19 14:31:17 - [MESSAGE][WARNING] - Timeout '0' is invalid. Using default page load timeout: '30'

2020-03-19 14:31:17 - [MESSAGE][PASSED] - Object 'Object Repository/ADMIN/Categories/Category List/button_Categories' is visible

2020-03-19 14:31:17 - [TEST_STEP][FAILED] - click(findTestObject("ADMIN/Categories/Category List/button_Categories")): Unable to click on object 'Object Repository/ADMIN/Categories/Category List/button_Categories' (Root cause: com.kms.katalon.core.exception.StepFailedException: Unable to click on object 'Object Repository/ADMIN/Categories/Category List/button_Categories'
	at com.kms.katalon.core.webui.keyword.internal.WebUIKeywordMain.stepFailed(WebUIKeywordMain.groovy:64)
	at com.kms.katalon.core.webui.keyword.internal.WebUIKeywordMain.runKeyword(WebUIKeywordMain.groovy:26)
	at com.kms.katalon.core.webui.keyword.builtin.ClickKeyword.click(ClickKeyword.groovy:76)
	at com.kms.katalon.core.webui.keyword.builtin.ClickKeyword.execute(ClickKeyword.groovy:43)
	at com.kms.katalon.core.keyword.internal.KeywordExecutor.executeKeywordForPlatform(KeywordExecutor.groovy:72)
	at com.kms.katalon.core.webui.keyword.WebUiBuiltInKeywords.click(WebUiBuiltInKeywords.groovy:616)
	at com.kms.katalon.core.webui.keyword.WebUiBuiltInKeywords$click$0.call(Unknown Source)
	at Add Category.run(Add Category:28)
	at com.kms.katalon.core.main.ScriptEngine.run(ScriptEngine.java:194)
	at com.kms.katalon.core.main.ScriptEngine.runScriptAsRawText(ScriptEngine.java:119)
	at com.kms.katalon.core.main.TestCaseExecutor.runScript(TestCaseExecutor.java:337)
	at com.kms.katalon.core.main.TestCaseExecutor.doExecute(TestCaseExecutor.java:328)
	at com.kms.katalon.core.main.TestCaseExecutor.processExecutionPhase(TestCaseExecutor.java:307)
	at com.kms.katalon.core.main.TestCaseExecutor.accessMainPhase(TestCaseExecutor.java:299)
	at com.kms.katalon.core.main.TestCaseExecutor.execute(TestCaseExecutor.java:233)
	at com.kms.katalon.core.main.TestSuiteExecutor.accessTestCaseMainPhase(TestSuiteExecutor.java:169)
	at com.kms.katalon.core.main.TestSuiteExecutor.accessTestSuiteMainPhase(TestSuiteExecutor.java:142)
	at com.kms.katalon.core.main.TestSuiteExecutor.execute(TestSuiteExecutor.java:91)
	at com.kms.katalon.core.main.TestCaseMain.startTestSuite(TestCaseMain.java:157)
	at com.kms.katalon.core.main.TestCaseMain$startTestSuite$0.call(Unknown Source)
	at TempTestSuite1584598607274.run(TempTestSuite1584598607274.groovy:36)
Caused by: org.openqa.selenium.ElementNotInteractableException: element not interactable
  (Session info: chrome=80.0.3987.132)
Build info: version: '3.141.59', revision: 'e82be7d358', time: '2018-11-14T08:25:53'
System info: host: 'ARCADIER-03', ip: '192.168.254.105', os.name: 'Windows 7', os.arch: 'amd64', os.version: '6.1', java.version: '1.8.0_181'
Driver info: com.kms.katalon.core.webui.driver.ExistingRemoteWebDriver
Capabilities {javascriptEnabled: true, platform: ANY, platformName: ANY}
Session ID: 66da7635ded2d355388026ca8e7d8eff
	at org.openqa.selenium.remote.http.W3CHttpResponseCodec.createException(W3CHttpResponseCodec.java:187)
	at org.openqa.selenium.remote.http.W3CHttpResponseCodec.decode(W3CHttpResponseCodec.java:122)
	at org.openqa.selenium.remote.http.W3CHttpResponseCodec.decode(W3CHttpResponseCodec.java:49)
	at org.openqa.selenium.remote.HttpCommandExecutor.execute(HttpCommandExecutor.java:158)
	at org.openqa.selenium.remote.RemoteWebDriver.execute(RemoteWebDriver.java:552)
	at com.kms.katalon.core.webui.driver.ExistingRemoteWebDriver.execute(ExistingRemoteWebDriver.java:108)
	at org.openqa.selenium.remote.RemoteWebElement.execute(RemoteWebElement.java:285)
	at org.openqa.selenium.remote.RemoteWebElement.click(RemoteWebElement.java:84)
	at org.openqa.selenium.support.events.EventFiringWebDriver$EventFiringWebElement.lambda$new$0(EventFiringWebDriver.java:404)
	at com.sun.proxy.$Proxy9.click(Unknown Source)
	at org.openqa.selenium.support.events.EventFiringWebDriver$EventFiringWebElement.click(EventFiringWebDriver.java:417)
	at com.kms.katalon.core.webui.keyword.builtin.ClickKeyword$_click_closure1.doCall(ClickKeyword.groovy:69)
	at com.kms.katalon.core.webui.keyword.builtin.ClickKeyword$_click_closure1.call(ClickKeyword.groovy)
	at com.kms.katalon.core.webui.keyword.internal.WebUIKeywordMain.runKeyword(WebUIKeywordMain.groovy:20)
	at com.kms.katalon.core.webui.keyword.builtin.ClickKeyword.click(ClickKeyword.groovy:76)
	at com.kms.katalon.core.webui.keyword.builtin.ClickKeyword.execute(ClickKeyword.groovy:43)
	at com.kms.katalon.core.keyword.internal.KeywordExecutor.executeKeywordForPlatform(KeywordExecutor.groovy:72)
	at com.kms.katalon.core.webui.keyword.WebUiBuiltInKeywords.click(WebUiBuiltInKeywords.groovy:616)
	at com.kms.katalon.core.webui.keyword.WebUiBuiltInKeywords$click$0.call(Unknown Source)
	at Script1549506362832.run(Script1549506362832.groovy:28)
	... 13 more
)

2020-03-19 14:31:18 - [MESSAGE][FAILED] - Unable to click on object 'Object Repository/ADMIN/Categories/Category List/button_Categories' (Root cause: com.kms.katalon.core.exception.StepFailedException: Unable to click on object 'Object Repository/ADMIN/Categories/Category List/button_Categories'
	at com.kms.katalon.core.webui.keyword.internal.WebUIKeywordMain.stepFailed(WebUIKeywordMain.groovy:64)
	at com.kms.katalon.core.webui.keyword.internal.WebUIKeywordMain.runKeyword(WebUIKeywordMain.groovy:26)
	at com.kms.katalon.core.webui.keyword.builtin.ClickKeyword.click(ClickKeyword.groovy:76)
	at com.kms.katalon.core.webui.keyword.builtin.ClickKeyword.execute(ClickKeyword.groovy:43)
	at com.kms.katalon.core.keyword.internal.KeywordExecutor.executeKeywordForPlatform(KeywordExecutor.groovy:72)
	at com.kms.katalon.core.webui.keyword.WebUiBuiltInKeywords.click(WebUiBuiltInKeywords.groovy:616)
	at com.kms.katalon.core.webui.keyword.WebUiBuiltInKeywords$click$0.call(Unknown Source)
	at Add Category.run(Add Category:28)
	at com.kms.katalon.core.main.ScriptEngine.run(ScriptEngine.java:194)
	at com.kms.katalon.core.main.ScriptEngine.runScriptAsRawText(ScriptEngine.java:119)
	at com.kms.katalon.core.main.TestCaseExecutor.runScript(TestCaseExecutor.java:337)
	at com.kms.katalon.core.main.TestCaseExecutor.doExecute(TestCaseExecutor.java:328)
	at com.kms.katalon.core.main.TestCaseExecutor.processExecutionPhase(TestCaseExecutor.java:307)
	at com.kms.katalon.core.main.TestCaseExecutor.accessMainPhase(TestCaseExecutor.java:299)
	at com.kms.katalon.core.main.TestCaseExecutor.execute(TestCaseExecutor.java:233)
	at com.kms.katalon.core.main.TestSuiteExecutor.accessTestCaseMainPhase(TestSuiteExecutor.java:169)
	at com.kms.katalon.core.main.TestSuiteExecutor.accessTestSuiteMainPhase(TestSuiteExecutor.java:142)
	at com.kms.katalon.core.main.TestSuiteExecutor.execute(TestSuiteExecutor.java:91)
	at com.kms.katalon.core.main.TestCaseMain.startTestSuite(TestCaseMain.java:157)
	at com.kms.katalon.core.main.TestCaseMain$startTestSuite$0.call(Unknown Source)
	at TempTestSuite1584598607274.run(TempTestSuite1584598607274.groovy:36)
Caused by: org.openqa.selenium.ElementNotInteractableException: element not interactable
  (Session info: chrome=80.0.3987.132)
Build info: version: '3.141.59', revision: 'e82be7d358', time: '2018-11-14T08:25:53'
System info: host: 'ARCADIER-03', ip: '192.168.254.105', os.name: 'Windows 7', os.arch: 'amd64', os.version: '6.1', java.version: '1.8.0_181'
Driver info: com.kms.katalon.core.webui.driver.ExistingRemoteWebDriver
Capabilities {javascriptEnabled: true, platform: ANY, platformName: ANY}
Session ID: 66da7635ded2d355388026ca8e7d8eff
	at org.openqa.selenium.remote.http.W3CHttpResponseCodec.createException(W3CHttpResponseCodec.java:187)
	at org.openqa.selenium.remote.http.W3CHttpResponseCodec.decode(W3CHttpResponseCodec.java:122)
	at org.openqa.selenium.remote.http.W3CHttpResponseCodec.decode(W3CHttpResponseCodec.java:49)
	at org.openqa.selenium.remote.HttpCommandExecutor.execute(HttpCommandExecutor.java:158)
	at org.openqa.selenium.remote.RemoteWebDriver.execute(RemoteWebDriver.java:552)
	at com.kms.katalon.core.webui.driver.ExistingRemoteWebDriver.execute(ExistingRemoteWebDriver.java:108)
	at org.openqa.selenium.remote.RemoteWebElement.execute(RemoteWebElement.java:285)
	at org.openqa.selenium.remote.RemoteWebElement.click(RemoteWebElement.java:84)
	at org.openqa.selenium.support.events.EventFiringWebDriver$EventFiringWebElement.lambda$new$0(EventFiringWebDriver.java:404)
	at com.sun.proxy.$Proxy9.click(Unknown Source)
	at org.openqa.selenium.support.events.EventFiringWebDriver$EventFiringWebElement.click(EventFiringWebDriver.java:417)
	at com.kms.katalon.core.webui.keyword.builtin.ClickKeyword$_click_closure1.doCall(ClickKeyword.groovy:69)
	at com.kms.katalon.core.webui.keyword.builtin.ClickKeyword$_click_closure1.call(ClickKeyword.groovy)
	at com.kms.katalon.core.webui.keyword.internal.WebUIKeywordMain.runKeyword(WebUIKeywordMain.groovy:20)
	at com.kms.katalon.core.webui.keyword.builtin.ClickKeyword.click(ClickKeyword.groovy:76)
	at com.kms.katalon.core.webui.keyword.builtin.ClickKeyword.execute(ClickKeyword.groovy:43)
	at com.kms.katalon.core.keyword.internal.KeywordExecutor.executeKeywordForPlatform(KeywordExecutor.groovy:72)
	at com.kms.katalon.core.webui.keyword.WebUiBuiltInKeywords.click(WebUiBuiltInKeywords.groovy:616)
	at com.kms.katalon.core.webui.keyword.WebUiBuiltInKeywords$click$0.call(Unknown Source)
	at Script1549506362832.run(Script1549506362832.groovy:28)
	... 13 more
)
[[ATTACHMENT|C:\\Katalon\\Arctick\\Reports\\20200319_141647\\Admin\\Admin Add Category\\20200319_141647\\1584599478014.png]]

2020-03-19 14:31:18 - [TEST_STEP][PASSED] - waitForPageLoad(0, STOP_ON_FAILURE): Wait for page load successfully

2020-03-19 14:31:18 - [MESSAGE][WARNING] - Timeout '0' is invalid. Using default page load timeout: '30'

2020-03-19 14:31:18 - [MESSAGE][PASSED] - Wait for page load successfully

2020-03-19 14:31:18 - [TEST_STEP][PASSED] - click(findTestObject("ADMIN/Categories/Category List/button_Add a Category")): Object: 'Object Repository/ADMIN/Categories/Category List/button_Add a Category' is clicked on

2020-03-19 14:31:18 - [MESSAGE][PASSED] - Object: 'Object Repository/ADMIN/Categories/Category List/button_Add a Category' is clicked on

2020-03-19 14:31:18 - [TEST_STEP][PASSED] - waitForElementPresent(findTestObject("ADMIN/Categories/Category/dropdown_Parent"), 2): Object 'Object Repository/ADMIN/Categories/Category/dropdown_Parent' is present

2020-03-19 14:31:18 - [MESSAGE][PASSED] - Object 'Object Repository/ADMIN/Categories/Category/dropdown_Parent' is present

2020-03-19 14:31:18 - [TEST_STEP][PASSED] - delay(1): Delayed 1 second(s)

2020-03-19 14:31:19 - [MESSAGE][PASSED] - Delayed 1 second(s)

2020-03-19 14:31:19 - [TEST_STEP][PASSED] - setText(findTestObject("ADMIN/Categories/Category/textfield_Category Name"), CategoryNametext): Text 'Category 6.1.1.1' is set on object 'Object Repository/ADMIN/Categories/Category/textfield_Category Name'

2020-03-19 14:31:19 - [MESSAGE][PASSED] - Text 'Category 6.1.1.1' is set on object 'Object Repository/ADMIN/Categories/Category/textfield_Category Name'

2020-03-19 14:31:19 - [TEST_STEP][PASSED] - click(findTestObject("ADMIN/Categories/Category/dropdown_Parent")): Object: 'Object Repository/ADMIN/Categories/Category/dropdown_Parent' is clicked on

2020-03-19 14:31:19 - [MESSAGE][PASSED] - Object: 'Object Repository/ADMIN/Categories/Category/dropdown_Parent' is clicked on

2020-03-19 14:31:19 - [TEST_STEP][PASSED] - delay(2): Delayed 2 second(s)

2020-03-19 14:31:21 - [MESSAGE][PASSED] - Delayed 2 second(s)

2020-03-19 14:31:21 - [TEST_STEP][PASSED] - click(findTestObject("ADMIN/Categories/Category/dropdown_Parent")): Object: 'Object Repository/ADMIN/Categories/Category/dropdown_Parent' is clicked on

2020-03-19 14:31:22 - [MESSAGE][PASSED] - Object: 'Object Repository/ADMIN/Categories/Category/dropdown_Parent' is clicked on

2020-03-19 14:31:22 - [TEST_STEP][PASSED] - selectOptionByLabel(findTestObject("ADMIN/Categories/Category/dropdown_Parent"), ParentName, false): All options with label 'Category 6.1.1' are selected in object 'Object Repository/ADMIN/Categories/Category/dropdown_Parent' 

2020-03-19 14:31:22 - [MESSAGE][PASSED] - All options with label 'Category 6.1.1' are selected in object 'Object Repository/ADMIN/Categories/Category/dropdown_Parent' 

2020-03-19 14:31:22 - [TEST_STEP][PASSED] - click(findTestObject("ADMIN/Categories/Category/button_Browse")): Object: 'Object Repository/ADMIN/Categories/Category/button_Browse' is clicked on

2020-03-19 14:31:22 - [MESSAGE][PASSED] - Object: 'Object Repository/ADMIN/Categories/Category/button_Browse' is clicked on

2020-03-19 14:31:22 - [TEST_STEP][PASSED] - delay(2): Delayed 2 second(s)

2020-03-19 14:31:24 - [MESSAGE][PASSED] - Delayed 2 second(s)

2020-03-19 14:31:24 - [TEST_STEP][PASSED] - uploadFile(findTestObject("ADMIN/Categories/Category/image_input image"), CategoryImageUpload): File 'C:\\Katalon\\Arctick\\Images\\Category\\6.png' sent to object: 'Object Repository/ADMIN/Categories/Category/image_input image'

2020-03-19 14:31:24 - [MESSAGE][PASSED] - File 'C:\\Katalon\\Arctick\\Images\\Category\\6.png' sent to object: 'Object Repository/ADMIN/Categories/Category/image_input image'

2020-03-19 14:31:24 - [TEST_STEP][PASSED] - waitForElementVisible(findTestObject("ADMIN/Categories/Category/button_upload check"), 0): Object 'Object Repository/ADMIN/Categories/Category/button_upload check' is visible

2020-03-19 14:31:24 - [MESSAGE][WARNING] - Timeout '0' is invalid. Using default page load timeout: '30'

2020-03-19 14:31:24 - [MESSAGE][PASSED] - Object 'Object Repository/ADMIN/Categories/Category/button_upload check' is visible

2020-03-19 14:31:24 - [TEST_STEP][PASSED] - click(findTestObject("ADMIN/Categories/Category/button_upload check")): Object: 'Object Repository/ADMIN/Categories/Category/button_upload check' is clicked on

2020-03-19 14:31:24 - [MESSAGE][PASSED] - Object: 'Object Repository/ADMIN/Categories/Category/button_upload check' is clicked on

2020-03-19 14:31:24 - [TEST_STEP][PASSED] - waitForElementVisible(findTestObject("ADMIN/Categories/Category/button_upload save"), 0): Object 'Object Repository/ADMIN/Categories/Category/button_upload save' is visible

2020-03-19 14:31:24 - [MESSAGE][WARNING] - Timeout '0' is invalid. Using default page load timeout: '30'

2020-03-19 14:31:24 - [MESSAGE][PASSED] - Object 'Object Repository/ADMIN/Categories/Category/button_upload save' is visible

2020-03-19 14:31:24 - [TEST_STEP][PASSED] - click(findTestObject("ADMIN/Categories/Category/button_upload save")): Object: 'Object Repository/ADMIN/Categories/Category/button_upload save' is clicked on

2020-03-19 14:31:25 - [MESSAGE][PASSED] - Object: 'Object Repository/ADMIN/Categories/Category/button_upload save' is clicked on

2020-03-19 14:31:25 - [TEST_STEP][PASSED] - setText(findTestObject("ADMIN/Categories/Category/textfield_category_description"), Description): Text 'Description57' is set on object 'Object Repository/ADMIN/Categories/Category/textfield_category_description'

2020-03-19 14:31:25 - [MESSAGE][PASSED] - Text 'Description57' is set on object 'Object Repository/ADMIN/Categories/Category/textfield_category_description'

2020-03-19 14:31:25 - [TEST_STEP][PASSED] - click(findTestObject("ADMIN/Categories/Category/button_Save")): Object: 'Object Repository/ADMIN/Categories/Category/button_Save' is clicked on

2020-03-19 14:31:25 - [MESSAGE][PASSED] - Object: 'Object Repository/ADMIN/Categories/Category/button_Save' is clicked on

2020-03-19 14:31:25 - [TEST_STEP][PASSED] - waitForElementVisible(findTestObject("ADMIN/Categories/Category/label_edit popup"), 0): Object 'Object Repository/ADMIN/Categories/Category/label_edit popup' is visible

2020-03-19 14:31:25 - [MESSAGE][WARNING] - Timeout '0' is invalid. Using default page load timeout: '30'

2020-03-19 14:31:26 - [MESSAGE][PASSED] - Object 'Object Repository/ADMIN/Categories/Category/label_edit popup' is visible

2020-03-19 14:31:26 - [TEST_STEP][PASSED] - waitForElementNotPresent(findTestObject("ADMIN/Categories/Category/label_edit popup"), 0): Web element with id: 'Object Repository/ADMIN/Categories/Category/label_edit popup' located by 'By.xpath: //div[(text() = 'Category was successfully saved.' or . = 'Category was successfully saved.')]' is not present after '30' second(s)

2020-03-19 14:31:26 - [MESSAGE][WARNING] - Timeout '0' is invalid. Using default page load timeout: '30'

2020-03-19 14:31:32 - [MESSAGE][PASSED] - Web element with id: 'Object Repository/ADMIN/Categories/Category/label_edit popup' located by 'By.xpath: //div[(text() = 'Category was successfully saved.' or . = 'Category was successfully saved.')]' is not present after '30' second(s)]]></system-out>
         <system-err><![CDATA[2020-03-19 14:31:17 - [TEST_CASE][FAILED] - Test Cases/ADMIN/Content Mgmt/Categories/Category Add-Edit/Add Category: Test Cases/ADMIN/Content Mgmt/Categories/Category Add-Edit/Add Category FAILED.
Reason:
com.kms.katalon.core.exception.StepFailedException: Unable to click on object 'Object Repository/ADMIN/Categories/Category List/button_Categories' (Root cause: com.kms.katalon.core.exception.StepFailedException: Unable to click on object 'Object Repository/ADMIN/Categories/Category List/button_Categories'
	at com.kms.katalon.core.webui.keyword.internal.WebUIKeywordMain.stepFailed(WebUIKeywordMain.groovy:64)
	at com.kms.katalon.core.webui.keyword.internal.WebUIKeywordMain.runKeyword(WebUIKeywordMain.groovy:26)
	at com.kms.katalon.core.webui.keyword.builtin.ClickKeyword.click(ClickKeyword.groovy:76)
	at com.kms.katalon.core.webui.keyword.builtin.ClickKeyword.execute(ClickKeyword.groovy:43)
	at com.kms.katalon.core.keyword.internal.KeywordExecutor.executeKeywordForPlatform(KeywordExecutor.groovy:72)
	at com.kms.katalon.core.webui.keyword.WebUiBuiltInKeywords.click(WebUiBuiltInKeywords.groovy:616)
	at com.kms.katalon.core.webui.keyword.WebUiBuiltInKeywords$click$0.call(Unknown Source)
	at Add Category.run(Add Category:28)
	at com.kms.katalon.core.main.ScriptEngine.run(ScriptEngine.java:194)
	at com.kms.katalon.core.main.ScriptEngine.runScriptAsRawText(ScriptEngine.java:119)
	at com.kms.katalon.core.main.TestCaseExecutor.runScript(TestCaseExecutor.java:337)
	at com.kms.katalon.core.main.TestCaseExecutor.doExecute(TestCaseExecutor.java:328)
	at com.kms.katalon.core.main.TestCaseExecutor.processExecutionPhase(TestCaseExecutor.java:307)
	at com.kms.katalon.core.main.TestCaseExecutor.accessMainPhase(TestCaseExecutor.java:299)
	at com.kms.katalon.core.main.TestCaseExecutor.execute(TestCaseExecutor.java:233)
	at com.kms.katalon.core.main.TestSuiteExecutor.accessTestCaseMainPhase(TestSuiteExecutor.java:169)
	at com.kms.katalon.core.main.TestSuiteExecutor.accessTestSuiteMainPhase(TestSuiteExecutor.java:142)
	at com.kms.katalon.core.main.TestSuiteExecutor.execute(TestSuiteExecutor.java:91)
	at com.kms.katalon.core.main.TestCaseMain.startTestSuite(TestCaseMain.java:157)
	at com.kms.katalon.core.main.TestCaseMain$startTestSuite$0.call(Unknown Source)
	at TempTestSuite1584598607274.run(TempTestSuite1584598607274.groovy:36)
Caused by: org.openqa.selenium.ElementNotInteractableException: element not interactable
  (Session info: chrome=80.0.3987.132)
Build info: version: '3.141.59', revision: 'e82be7d358', time: '2018-11-14T08:25:53'
System info: host: 'ARCADIER-03', ip: '192.168.254.105', os.name: 'Windows 7', os.arch: 'amd64', os.version: '6.1', java.version: '1.8.0_181'
Driver info: com.kms.katalon.core.webui.driver.ExistingRemoteWebDriver
Capabilities {javascriptEnabled: true, platform: ANY, platformName: ANY}
Session ID: 66da7635ded2d355388026ca8e7d8eff
	at org.openqa.selenium.remote.http.W3CHttpResponseCodec.createException(W3CHttpResponseCodec.java:187)
	at org.openqa.selenium.remote.http.W3CHttpResponseCodec.decode(W3CHttpResponseCodec.java:122)
	at org.openqa.selenium.remote.http.W3CHttpResponseCodec.decode(W3CHttpResponseCodec.java:49)
	at org.openqa.selenium.remote.HttpCommandExecutor.execute(HttpCommandExecutor.java:158)
	at org.openqa.selenium.remote.RemoteWebDriver.execute(RemoteWebDriver.java:552)
	at com.kms.katalon.core.webui.driver.ExistingRemoteWebDriver.execute(ExistingRemoteWebDriver.java:108)
	at org.openqa.selenium.remote.RemoteWebElement.execute(RemoteWebElement.java:285)
	at org.openqa.selenium.remote.RemoteWebElement.click(RemoteWebElement.java:84)
	at org.openqa.selenium.support.events.EventFiringWebDriver$EventFiringWebElement.lambda$new$0(EventFiringWebDriver.java:404)
	at com.sun.proxy.$Proxy9.click(Unknown Source)
	at org.openqa.selenium.support.events.EventFiringWebDriver$EventFiringWebElement.click(EventFiringWebDriver.java:417)
	at com.kms.katalon.core.webui.keyword.builtin.ClickKeyword$_click_closure1.doCall(ClickKeyword.groovy:69)
	at com.kms.katalon.core.webui.keyword.builtin.ClickKeyword$_click_closure1.call(ClickKeyword.groovy)
	at com.kms.katalon.core.webui.keyword.internal.WebUIKeywordMain.runKeyword(WebUIKeywordMain.groovy:20)
	at com.kms.katalon.core.webui.keyword.builtin.ClickKeyword.click(ClickKeyword.groovy:76)
	at com.kms.katalon.core.webui.keyword.builtin.ClickKeyword.execute(ClickKeyword.groovy:43)
	at com.kms.katalon.core.keyword.internal.KeywordExecutor.executeKeywordForPlatform(KeywordExecutor.groovy:72)
	at com.kms.katalon.core.webui.keyword.WebUiBuiltInKeywords.click(WebUiBuiltInKeywords.groovy:616)
	at com.kms.katalon.core.webui.keyword.WebUiBuiltInKeywords$click$0.call(Unknown Source)
	at Script1549506362832.run(Script1549506362832.groovy:28)
	... 13 more
)
	at com.kms.katalon.core.keyword.internal.KeywordMain.stepFailed(KeywordMain.groovy:39)
	at com.kms.katalon.core.webui.keyword.internal.WebUIKeywordMain.stepFailed(WebUIKeywordMain.groovy:64)
	at com.kms.katalon.core.webui.keyword.internal.WebUIKeywordMain.runKeyword(WebUIKeywordMain.groovy:26)
	at com.kms.katalon.core.webui.keyword.builtin.ClickKeyword.click(ClickKeyword.groovy:76)
	at com.kms.katalon.core.webui.keyword.builtin.ClickKeyword.execute(ClickKeyword.groovy:43)
	at com.kms.katalon.core.keyword.internal.KeywordExecutor.executeKeywordForPlatform(KeywordExecutor.groovy:72)
	at com.kms.katalon.core.webui.keyword.WebUiBuiltInKeywords.click(WebUiBuiltInKeywords.groovy:616)
	at com.kms.katalon.core.webui.keyword.WebUiBuiltInKeywords$click$0.call(Unknown Source)
	at Add Category.run(Add Category:28)
	at com.kms.katalon.core.main.ScriptEngine.run(ScriptEngine.java:194)
	at com.kms.katalon.core.main.ScriptEngine.runScriptAsRawText(ScriptEngine.java:119)
	at com.kms.katalon.core.main.TestCaseExecutor.runScript(TestCaseExecutor.java:337)
	at com.kms.katalon.core.main.TestCaseExecutor.doExecute(TestCaseExecutor.java:328)
	at com.kms.katalon.core.main.TestCaseExecutor.processExecutionPhase(TestCaseExecutor.java:307)
	at com.kms.katalon.core.main.TestCaseExecutor.accessMainPhase(TestCaseExecutor.java:299)
	at com.kms.katalon.core.main.TestCaseExecutor.execute(TestCaseExecutor.java:233)
	at com.kms.katalon.core.main.TestSuiteExecutor.accessTestCaseMainPhase(TestSuiteExecutor.java:169)
	at com.kms.katalon.core.main.TestSuiteExecutor.accessTestSuiteMainPhase(TestSuiteExecutor.java:142)
	at com.kms.katalon.core.main.TestSuiteExecutor.execute(TestSuiteExecutor.java:91)
	at com.kms.katalon.core.main.TestCaseMain.startTestSuite(TestCaseMain.java:157)
	at com.kms.katalon.core.main.TestCaseMain$startTestSuite$0.call(Unknown Source)
	at TempTestSuite1584598607274.run(TempTestSuite1584598607274.groovy:36)
Caused by: com.kms.katalon.core.exception.StepFailedException: Unable to click on object 'Object Repository/ADMIN/Categories/Category List/button_Categories'
	... 21 more
Caused by: org.openqa.selenium.ElementNotInteractableException: element not interactable
  (Session info: chrome=80.0.3987.132)
Build info: version: '3.141.59', revision: 'e82be7d358', time: '2018-11-14T08:25:53'
System info: host: 'ARCADIER-03', ip: '192.168.254.105', os.name: 'Windows 7', os.arch: 'amd64', os.version: '6.1', java.version: '1.8.0_181'
Driver info: com.kms.katalon.core.webui.driver.ExistingRemoteWebDriver
Capabilities {javascriptEnabled: true, platform: ANY, platformName: ANY}
Session ID: 66da7635ded2d355388026ca8e7d8eff
	at org.openqa.selenium.remote.http.W3CHttpResponseCodec.createException(W3CHttpResponseCodec.java:187)
	at org.openqa.selenium.remote.http.W3CHttpResponseCodec.decode(W3CHttpResponseCodec.java:122)
	at org.openqa.selenium.remote.http.W3CHttpResponseCodec.decode(W3CHttpResponseCodec.java:49)
	at org.openqa.selenium.remote.HttpCommandExecutor.execute(HttpCommandExecutor.java:158)
	at org.openqa.selenium.remote.RemoteWebDriver.execute(RemoteWebDriver.java:552)
	at com.kms.katalon.core.webui.driver.ExistingRemoteWebDriver.execute(ExistingRemoteWebDriver.java:108)
	at org.openqa.selenium.remote.RemoteWebElement.execute(RemoteWebElement.java:285)
	at org.openqa.selenium.remote.RemoteWebElement.click(RemoteWebElement.java:84)
	at org.openqa.selenium.support.events.EventFiringWebDriver$EventFiringWebElement.lambda$new$0(EventFiringWebDriver.java:404)
	at com.sun.proxy.$Proxy9.click(Unknown Source)
	at org.openqa.selenium.support.events.EventFiringWebDriver$EventFiringWebElement.click(EventFiringWebDriver.java:417)
	at com.kms.katalon.core.webui.keyword.builtin.ClickKeyword$_click_closure1.doCall(ClickKeyword.groovy:69)
	at com.kms.katalon.core.webui.keyword.builtin.ClickKeyword$_click_closure1.call(ClickKeyword.groovy)
	at com.kms.katalon.core.webui.keyword.internal.WebUIKeywordMain.runKeyword(WebUIKeywordMain.groovy:20)
	... 19 more]]></system-err>
      </testcase>
      <testcase name="Test Cases/ADMIN/Content Mgmt/Categories/Category Add-Edit/Add Category" time="14.663" classname="Test Cases/ADMIN/Content Mgmt/Categories/Category Add-Edit/Add Category" status="FAILED">
         <failure type="FAILED" message="Test Cases/ADMIN/Content Mgmt/Categories/Category Add-Edit/Add Category FAILED.
Reason:
com.kms.katalon.core.exception.StepFailedException: Unable to click on object 'Object Repository/ADMIN/Categories/Category List/button_Categories' (Root cause: com.kms.katalon.core.exception.StepFailedException: Unable to click on object 'Object Repository/ADMIN/Categories/Category List/button_Categories'
	at com.kms.katalon.core.webui.keyword.internal.WebUIKeywordMain.stepFailed(WebUIKeywordMain.groovy:64)
	at com.kms.katalon.core.webui.keyword.internal.WebUIKeywordMain.runKeyword(WebUIKeywordMain.groovy:26)
	at com.kms.katalon.core.webui.keyword.builtin.ClickKeyword.click(ClickKeyword.groovy:76)
	at com.kms.katalon.core.webui.keyword.builtin.ClickKeyword.execute(ClickKeyword.groovy:43)
	at com.kms.katalon.core.keyword.internal.KeywordExecutor.executeKeywordForPlatform(KeywordExecutor.groovy:72)
	at com.kms.katalon.core.webui.keyword.WebUiBuiltInKeywords.click(WebUiBuiltInKeywords.groovy:616)
	at com.kms.katalon.core.webui.keyword.WebUiBuiltInKeywords$click$0.call(Unknown Source)
	at Add Category.run(Add Category:28)
	at com.kms.katalon.core.main.ScriptEngine.run(ScriptEngine.java:194)
	at com.kms.katalon.core.main.ScriptEngine.runScriptAsRawText(ScriptEngine.java:119)
	at com.kms.katalon.core.main.TestCaseExecutor.runScript(TestCaseExecutor.java:337)
	at com.kms.katalon.core.main.TestCaseExecutor.doExecute(TestCaseExecutor.java:328)
	at com.kms.katalon.core.main.TestCaseExecutor.processExecutionPhase(TestCaseExecutor.java:307)
	at com.kms.katalon.core.main.TestCaseExecutor.accessMainPhase(TestCaseExecutor.java:299)
	at com.kms.katalon.core.main.TestCaseExecutor.execute(TestCaseExecutor.java:233)
	at com.kms.katalon.core.main.TestSuiteExecutor.accessTestCaseMainPhase(TestSuiteExecutor.java:169)
	at com.kms.katalon.core.main.TestSuiteExecutor.accessTestSuiteMainPhase(TestSuiteExecutor.java:142)
	at com.kms.katalon.core.main.TestSuiteExecutor.execute(TestSuiteExecutor.java:91)
	at com.kms.katalon.core.main.TestCaseMain.startTestSuite(TestCaseMain.java:157)
	at com.kms.katalon.core.main.TestCaseMain$startTestSuite$0.call(Unknown Source)
	at TempTestSuite1584598607274.run(TempTestSuite1584598607274.groovy:36)
Caused by: org.openqa.selenium.ElementNotInteractableException: element not interactable
  (Session info: chrome=80.0.3987.132)
Build info: version: '3.141.59', revision: 'e82be7d358', time: '2018-11-14T08:25:53'
System info: host: 'ARCADIER-03', ip: '192.168.254.105', os.name: 'Windows 7', os.arch: 'amd64', os.version: '6.1', java.version: '1.8.0_181'
Driver info: com.kms.katalon.core.webui.driver.ExistingRemoteWebDriver
Capabilities {javascriptEnabled: true, platform: ANY, platformName: ANY}
Session ID: 66da7635ded2d355388026ca8e7d8eff
	at org.openqa.selenium.remote.http.W3CHttpResponseCodec.createException(W3CHttpResponseCodec.java:187)
	at org.openqa.selenium.remote.http.W3CHttpResponseCodec.decode(W3CHttpResponseCodec.java:122)
	at org.openqa.selenium.remote.http.W3CHttpResponseCodec.decode(W3CHttpResponseCodec.java:49)
	at org.openqa.selenium.remote.HttpCommandExecutor.execute(HttpCommandExecutor.java:158)
	at org.openqa.selenium.remote.RemoteWebDriver.execute(RemoteWebDriver.java:552)
	at com.kms.katalon.core.webui.driver.ExistingRemoteWebDriver.execute(ExistingRemoteWebDriver.java:108)
	at org.openqa.selenium.remote.RemoteWebElement.execute(RemoteWebElement.java:285)
	at org.openqa.selenium.remote.RemoteWebElement.click(RemoteWebElement.java:84)
	at org.openqa.selenium.support.events.EventFiringWebDriver$EventFiringWebElement.lambda$new$0(EventFiringWebDriver.java:404)
	at com.sun.proxy.$Proxy9.click(Unknown Source)
	at org.openqa.selenium.support.events.EventFiringWebDriver$EventFiringWebElement.click(EventFiringWebDriver.java:417)
	at com.kms.katalon.core.webui.keyword.builtin.ClickKeyword$_click_closure1.doCall(ClickKeyword.groovy:69)
	at com.kms.katalon.core.webui.keyword.builtin.ClickKeyword$_click_closure1.call(ClickKeyword.groovy)
	at com.kms.katalon.core.webui.keyword.internal.WebUIKeywordMain.runKeyword(WebUIKeywordMain.groovy:20)
	at com.kms.katalon.core.webui.keyword.builtin.ClickKeyword.click(ClickKeyword.groovy:76)
	at com.kms.katalon.core.webui.keyword.builtin.ClickKeyword.execute(ClickKeyword.groovy:43)
	at com.kms.katalon.core.keyword.internal.KeywordExecutor.executeKeywordForPlatform(KeywordExecutor.groovy:72)
	at com.kms.katalon.core.webui.keyword.WebUiBuiltInKeywords.click(WebUiBuiltInKeywords.groovy:616)
	at com.kms.katalon.core.webui.keyword.WebUiBuiltInKeywords$click$0.call(Unknown Source)
	at Script1549506362832.run(Script1549506362832.groovy:28)
	... 13 more
)
	at com.kms.katalon.core.keyword.internal.KeywordMain.stepFailed(KeywordMain.groovy:39)
	at com.kms.katalon.core.webui.keyword.internal.WebUIKeywordMain.stepFailed(WebUIKeywordMain.groovy:64)
	at com.kms.katalon.core.webui.keyword.internal.WebUIKeywordMain.runKeyword(WebUIKeywordMain.groovy:26)
	at com.kms.katalon.core.webui.keyword.builtin.ClickKeyword.click(ClickKeyword.groovy:76)
	at com.kms.katalon.core.webui.keyword.builtin.ClickKeyword.execute(ClickKeyword.groovy:43)
	at com.kms.katalon.core.keyword.internal.KeywordExecutor.executeKeywordForPlatform(KeywordExecutor.groovy:72)
	at com.kms.katalon.core.webui.keyword.WebUiBuiltInKeywords.click(WebUiBuiltInKeywords.groovy:616)
	at com.kms.katalon.core.webui.keyword.WebUiBuiltInKeywords$click$0.call(Unknown Source)
	at Add Category.run(Add Category:28)
	at com.kms.katalon.core.main.ScriptEngine.run(ScriptEngine.java:194)
	at com.kms.katalon.core.main.ScriptEngine.runScriptAsRawText(ScriptEngine.java:119)
	at com.kms.katalon.core.main.TestCaseExecutor.runScript(TestCaseExecutor.java:337)
	at com.kms.katalon.core.main.TestCaseExecutor.doExecute(TestCaseExecutor.java:328)
	at com.kms.katalon.core.main.TestCaseExecutor.processExecutionPhase(TestCaseExecutor.java:307)
	at com.kms.katalon.core.main.TestCaseExecutor.accessMainPhase(TestCaseExecutor.java:299)
	at com.kms.katalon.core.main.TestCaseExecutor.execute(TestCaseExecutor.java:233)
	at com.kms.katalon.core.main.TestSuiteExecutor.accessTestCaseMainPhase(TestSuiteExecutor.java:169)
	at com.kms.katalon.core.main.TestSuiteExecutor.accessTestSuiteMainPhase(TestSuiteExecutor.java:142)
	at com.kms.katalon.core.main.TestSuiteExecutor.execute(TestSuiteExecutor.java:91)
	at com.kms.katalon.core.main.TestCaseMain.startTestSuite(TestCaseMain.java:157)
	at com.kms.katalon.core.main.TestCaseMain$startTestSuite$0.call(Unknown Source)
	at TempTestSuite1584598607274.run(TempTestSuite1584598607274.groovy:36)
Caused by: com.kms.katalon.core.exception.StepFailedException: Unable to click on object 'Object Repository/ADMIN/Categories/Category List/button_Categories'
	... 21 more
Caused by: org.openqa.selenium.ElementNotInteractableException: element not interactable
  (Session info: chrome=80.0.3987.132)
Build info: version: '3.141.59', revision: 'e82be7d358', time: '2018-11-14T08:25:53'
System info: host: 'ARCADIER-03', ip: '192.168.254.105', os.name: 'Windows 7', os.arch: 'amd64', os.version: '6.1', java.version: '1.8.0_181'
Driver info: com.kms.katalon.core.webui.driver.ExistingRemoteWebDriver
Capabilities {javascriptEnabled: true, platform: ANY, platformName: ANY}
Session ID: 66da7635ded2d355388026ca8e7d8eff
	at org.openqa.selenium.remote.http.W3CHttpResponseCodec.createException(W3CHttpResponseCodec.java:187)
	at org.openqa.selenium.remote.http.W3CHttpResponseCodec.decode(W3CHttpResponseCodec.java:122)
	at org.openqa.selenium.remote.http.W3CHttpResponseCodec.decode(W3CHttpResponseCodec.java:49)
	at org.openqa.selenium.remote.HttpCommandExecutor.execute(HttpCommandExecutor.java:158)
	at org.openqa.selenium.remote.RemoteWebDriver.execute(RemoteWebDriver.java:552)
	at com.kms.katalon.core.webui.driver.ExistingRemoteWebDriver.execute(ExistingRemoteWebDriver.java:108)
	at org.openqa.selenium.remote.RemoteWebElement.execute(RemoteWebElement.java:285)
	at org.openqa.selenium.remote.RemoteWebElement.click(RemoteWebElement.java:84)
	at org.openqa.selenium.support.events.EventFiringWebDriver$EventFiringWebElement.lambda$new$0(EventFiringWebDriver.java:404)
	at com.sun.proxy.$Proxy9.click(Unknown Source)
	at org.openqa.selenium.support.events.EventFiringWebDriver$EventFiringWebElement.click(EventFiringWebDriver.java:417)
	at com.kms.katalon.core.webui.keyword.builtin.ClickKeyword$_click_closure1.doCall(ClickKeyword.groovy:69)
	at com.kms.katalon.core.webui.keyword.builtin.ClickKeyword$_click_closure1.call(ClickKeyword.groovy)
	at com.kms.katalon.core.webui.keyword.internal.WebUIKeywordMain.runKeyword(WebUIKeywordMain.groovy:20)
	... 19 more
"/>
         <system-out><![CDATA[2020-03-19 14:31:32 - [TEST_CASE][FAILED] - Test Cases/ADMIN/Content Mgmt/Categories/Category Add-Edit/Add Category: Test Cases/ADMIN/Content Mgmt/Categories/Category Add-Edit/Add Category FAILED.
Reason:
com.kms.katalon.core.exception.StepFailedException: Unable to click on object 'Object Repository/ADMIN/Categories/Category List/button_Categories' (Root cause: com.kms.katalon.core.exception.StepFailedException: Unable to click on object 'Object Repository/ADMIN/Categories/Category List/button_Categories'
	at com.kms.katalon.core.webui.keyword.internal.WebUIKeywordMain.stepFailed(WebUIKeywordMain.groovy:64)
	at com.kms.katalon.core.webui.keyword.internal.WebUIKeywordMain.runKeyword(WebUIKeywordMain.groovy:26)
	at com.kms.katalon.core.webui.keyword.builtin.ClickKeyword.click(ClickKeyword.groovy:76)
	at com.kms.katalon.core.webui.keyword.builtin.ClickKeyword.execute(ClickKeyword.groovy:43)
	at com.kms.katalon.core.keyword.internal.KeywordExecutor.executeKeywordForPlatform(KeywordExecutor.groovy:72)
	at com.kms.katalon.core.webui.keyword.WebUiBuiltInKeywords.click(WebUiBuiltInKeywords.groovy:616)
	at com.kms.katalon.core.webui.keyword.WebUiBuiltInKeywords$click$0.call(Unknown Source)
	at Add Category.run(Add Category:28)
	at com.kms.katalon.core.main.ScriptEngine.run(ScriptEngine.java:194)
	at com.kms.katalon.core.main.ScriptEngine.runScriptAsRawText(ScriptEngine.java:119)
	at com.kms.katalon.core.main.TestCaseExecutor.runScript(TestCaseExecutor.java:337)
	at com.kms.katalon.core.main.TestCaseExecutor.doExecute(TestCaseExecutor.java:328)
	at com.kms.katalon.core.main.TestCaseExecutor.processExecutionPhase(TestCaseExecutor.java:307)
	at com.kms.katalon.core.main.TestCaseExecutor.accessMainPhase(TestCaseExecutor.java:299)
	at com.kms.katalon.core.main.TestCaseExecutor.execute(TestCaseExecutor.java:233)
	at com.kms.katalon.core.main.TestSuiteExecutor.accessTestCaseMainPhase(TestSuiteExecutor.java:169)
	at com.kms.katalon.core.main.TestSuiteExecutor.accessTestSuiteMainPhase(TestSuiteExecutor.java:142)
	at com.kms.katalon.core.main.TestSuiteExecutor.execute(TestSuiteExecutor.java:91)
	at com.kms.katalon.core.main.TestCaseMain.startTestSuite(TestCaseMain.java:157)
	at com.kms.katalon.core.main.TestCaseMain$startTestSuite$0.call(Unknown Source)
	at TempTestSuite1584598607274.run(TempTestSuite1584598607274.groovy:36)
Caused by: org.openqa.selenium.ElementNotInteractableException: element not interactable
  (Session info: chrome=80.0.3987.132)
Build info: version: '3.141.59', revision: 'e82be7d358', time: '2018-11-14T08:25:53'
System info: host: 'ARCADIER-03', ip: '192.168.254.105', os.name: 'Windows 7', os.arch: 'amd64', os.version: '6.1', java.version: '1.8.0_181'
Driver info: com.kms.katalon.core.webui.driver.ExistingRemoteWebDriver
Capabilities {javascriptEnabled: true, platform: ANY, platformName: ANY}
Session ID: 66da7635ded2d355388026ca8e7d8eff
	at org.openqa.selenium.remote.http.W3CHttpResponseCodec.createException(W3CHttpResponseCodec.java:187)
	at org.openqa.selenium.remote.http.W3CHttpResponseCodec.decode(W3CHttpResponseCodec.java:122)
	at org.openqa.selenium.remote.http.W3CHttpResponseCodec.decode(W3CHttpResponseCodec.java:49)
	at org.openqa.selenium.remote.HttpCommandExecutor.execute(HttpCommandExecutor.java:158)
	at org.openqa.selenium.remote.RemoteWebDriver.execute(RemoteWebDriver.java:552)
	at com.kms.katalon.core.webui.driver.ExistingRemoteWebDriver.execute(ExistingRemoteWebDriver.java:108)
	at org.openqa.selenium.remote.RemoteWebElement.execute(RemoteWebElement.java:285)
	at org.openqa.selenium.remote.RemoteWebElement.click(RemoteWebElement.java:84)
	at org.openqa.selenium.support.events.EventFiringWebDriver$EventFiringWebElement.lambda$new$0(EventFiringWebDriver.java:404)
	at com.sun.proxy.$Proxy9.click(Unknown Source)
	at org.openqa.selenium.support.events.EventFiringWebDriver$EventFiringWebElement.click(EventFiringWebDriver.java:417)
	at com.kms.katalon.core.webui.keyword.builtin.ClickKeyword$_click_closure1.doCall(ClickKeyword.groovy:69)
	at com.kms.katalon.core.webui.keyword.builtin.ClickKeyword$_click_closure1.call(ClickKeyword.groovy)
	at com.kms.katalon.core.webui.keyword.internal.WebUIKeywordMain.runKeyword(WebUIKeywordMain.groovy:20)
	at com.kms.katalon.core.webui.keyword.builtin.ClickKeyword.click(ClickKeyword.groovy:76)
	at com.kms.katalon.core.webui.keyword.builtin.ClickKeyword.execute(ClickKeyword.groovy:43)
	at com.kms.katalon.core.keyword.internal.KeywordExecutor.executeKeywordForPlatform(KeywordExecutor.groovy:72)
	at com.kms.katalon.core.webui.keyword.WebUiBuiltInKeywords.click(WebUiBuiltInKeywords.groovy:616)
	at com.kms.katalon.core.webui.keyword.WebUiBuiltInKeywords$click$0.call(Unknown Source)
	at Script1549506362832.run(Script1549506362832.groovy:28)
	... 13 more
)
	at com.kms.katalon.core.keyword.internal.KeywordMain.stepFailed(KeywordMain.groovy:39)
	at com.kms.katalon.core.webui.keyword.internal.WebUIKeywordMain.stepFailed(WebUIKeywordMain.groovy:64)
	at com.kms.katalon.core.webui.keyword.internal.WebUIKeywordMain.runKeyword(WebUIKeywordMain.groovy:26)
	at com.kms.katalon.core.webui.keyword.builtin.ClickKeyword.click(ClickKeyword.groovy:76)
	at com.kms.katalon.core.webui.keyword.builtin.ClickKeyword.execute(ClickKeyword.groovy:43)
	at com.kms.katalon.core.keyword.internal.KeywordExecutor.executeKeywordForPlatform(KeywordExecutor.groovy:72)
	at com.kms.katalon.core.webui.keyword.WebUiBuiltInKeywords.click(WebUiBuiltInKeywords.groovy:616)
	at com.kms.katalon.core.webui.keyword.WebUiBuiltInKeywords$click$0.call(Unknown Source)
	at Add Category.run(Add Category:28)
	at com.kms.katalon.core.main.ScriptEngine.run(ScriptEngine.java:194)
	at com.kms.katalon.core.main.ScriptEngine.runScriptAsRawText(ScriptEngine.java:119)
	at com.kms.katalon.core.main.TestCaseExecutor.runScript(TestCaseExecutor.java:337)
	at com.kms.katalon.core.main.TestCaseExecutor.doExecute(TestCaseExecutor.java:328)
	at com.kms.katalon.core.main.TestCaseExecutor.processExecutionPhase(TestCaseExecutor.java:307)
	at com.kms.katalon.core.main.TestCaseExecutor.accessMainPhase(TestCaseExecutor.java:299)
	at com.kms.katalon.core.main.TestCaseExecutor.execute(TestCaseExecutor.java:233)
	at com.kms.katalon.core.main.TestSuiteExecutor.accessTestCaseMainPhase(TestSuiteExecutor.java:169)
	at com.kms.katalon.core.main.TestSuiteExecutor.accessTestSuiteMainPhase(TestSuiteExecutor.java:142)
	at com.kms.katalon.core.main.TestSuiteExecutor.execute(TestSuiteExecutor.java:91)
	at com.kms.katalon.core.main.TestCaseMain.startTestSuite(TestCaseMain.java:157)
	at com.kms.katalon.core.main.TestCaseMain$startTestSuite$0.call(Unknown Source)
	at TempTestSuite1584598607274.run(TempTestSuite1584598607274.groovy:36)
Caused by: com.kms.katalon.core.exception.StepFailedException: Unable to click on object 'Object Repository/ADMIN/Categories/Category List/button_Categories'
	... 21 more
Caused by: org.openqa.selenium.ElementNotInteractableException: element not interactable
  (Session info: chrome=80.0.3987.132)
Build info: version: '3.141.59', revision: 'e82be7d358', time: '2018-11-14T08:25:53'
System info: host: 'ARCADIER-03', ip: '192.168.254.105', os.name: 'Windows 7', os.arch: 'amd64', os.version: '6.1', java.version: '1.8.0_181'
Driver info: com.kms.katalon.core.webui.driver.ExistingRemoteWebDriver
Capabilities {javascriptEnabled: true, platform: ANY, platformName: ANY}
Session ID: 66da7635ded2d355388026ca8e7d8eff
	at org.openqa.selenium.remote.http.W3CHttpResponseCodec.createException(W3CHttpResponseCodec.java:187)
	at org.openqa.selenium.remote.http.W3CHttpResponseCodec.decode(W3CHttpResponseCodec.java:122)
	at org.openqa.selenium.remote.http.W3CHttpResponseCodec.decode(W3CHttpResponseCodec.java:49)
	at org.openqa.selenium.remote.HttpCommandExecutor.execute(HttpCommandExecutor.java:158)
	at org.openqa.selenium.remote.RemoteWebDriver.execute(RemoteWebDriver.java:552)
	at com.kms.katalon.core.webui.driver.ExistingRemoteWebDriver.execute(ExistingRemoteWebDriver.java:108)
	at org.openqa.selenium.remote.RemoteWebElement.execute(RemoteWebElement.java:285)
	at org.openqa.selenium.remote.RemoteWebElement.click(RemoteWebElement.java:84)
	at org.openqa.selenium.support.events.EventFiringWebDriver$EventFiringWebElement.lambda$new$0(EventFiringWebDriver.java:404)
	at com.sun.proxy.$Proxy9.click(Unknown Source)
	at org.openqa.selenium.support.events.EventFiringWebDriver$EventFiringWebElement.click(EventFiringWebDriver.java:417)
	at com.kms.katalon.core.webui.keyword.builtin.ClickKeyword$_click_closure1.doCall(ClickKeyword.groovy:69)
	at com.kms.katalon.core.webui.keyword.builtin.ClickKeyword$_click_closure1.call(ClickKeyword.groovy)
	at com.kms.katalon.core.webui.keyword.internal.WebUIKeywordMain.runKeyword(WebUIKeywordMain.groovy:20)
	... 19 more


2020-03-19 14:31:32 - [TEST_STEP][PASSED] - waitForElementVisible(findTestObject("ADMIN/Categories/Category List/button_Content Mgmt"), 0): Object 'Object Repository/ADMIN/Categories/Category List/button_Content Mgmt' is visible

2020-03-19 14:31:32 - [MESSAGE][WARNING] - Timeout '0' is invalid. Using default page load timeout: '30'

2020-03-19 14:31:32 - [MESSAGE][PASSED] - Object 'Object Repository/ADMIN/Categories/Category List/button_Content Mgmt' is visible

2020-03-19 14:31:32 - [TEST_STEP][PASSED] - click(findTestObject("ADMIN/Categories/Category List/button_Content Mgmt")): Object: 'Object Repository/ADMIN/Categories/Category List/button_Content Mgmt' is clicked on

2020-03-19 14:31:32 - [MESSAGE][PASSED] - Object: 'Object Repository/ADMIN/Categories/Category List/button_Content Mgmt' is clicked on

2020-03-19 14:31:32 - [TEST_STEP][PASSED] - waitForElementVisible(findTestObject("ADMIN/Categories/Category List/button_Categories"), 0): Object 'Object Repository/ADMIN/Categories/Category List/button_Categories' is visible

2020-03-19 14:31:32 - [MESSAGE][WARNING] - Timeout '0' is invalid. Using default page load timeout: '30'

2020-03-19 14:31:32 - [MESSAGE][PASSED] - Object 'Object Repository/ADMIN/Categories/Category List/button_Categories' is visible

2020-03-19 14:31:32 - [TEST_STEP][FAILED] - click(findTestObject("ADMIN/Categories/Category List/button_Categories")): Unable to click on object 'Object Repository/ADMIN/Categories/Category List/button_Categories' (Root cause: com.kms.katalon.core.exception.StepFailedException: Unable to click on object 'Object Repository/ADMIN/Categories/Category List/button_Categories'
	at com.kms.katalon.core.webui.keyword.internal.WebUIKeywordMain.stepFailed(WebUIKeywordMain.groovy:64)
	at com.kms.katalon.core.webui.keyword.internal.WebUIKeywordMain.runKeyword(WebUIKeywordMain.groovy:26)
	at com.kms.katalon.core.webui.keyword.builtin.ClickKeyword.click(ClickKeyword.groovy:76)
	at com.kms.katalon.core.webui.keyword.builtin.ClickKeyword.execute(ClickKeyword.groovy:43)
	at com.kms.katalon.core.keyword.internal.KeywordExecutor.executeKeywordForPlatform(KeywordExecutor.groovy:72)
	at com.kms.katalon.core.webui.keyword.WebUiBuiltInKeywords.click(WebUiBuiltInKeywords.groovy:616)
	at com.kms.katalon.core.webui.keyword.WebUiBuiltInKeywords$click$0.call(Unknown Source)
	at Add Category.run(Add Category:28)
	at com.kms.katalon.core.main.ScriptEngine.run(ScriptEngine.java:194)
	at com.kms.katalon.core.main.ScriptEngine.runScriptAsRawText(ScriptEngine.java:119)
	at com.kms.katalon.core.main.TestCaseExecutor.runScript(TestCaseExecutor.java:337)
	at com.kms.katalon.core.main.TestCaseExecutor.doExecute(TestCaseExecutor.java:328)
	at com.kms.katalon.core.main.TestCaseExecutor.processExecutionPhase(TestCaseExecutor.java:307)
	at com.kms.katalon.core.main.TestCaseExecutor.accessMainPhase(TestCaseExecutor.java:299)
	at com.kms.katalon.core.main.TestCaseExecutor.execute(TestCaseExecutor.java:233)
	at com.kms.katalon.core.main.TestSuiteExecutor.accessTestCaseMainPhase(TestSuiteExecutor.java:169)
	at com.kms.katalon.core.main.TestSuiteExecutor.accessTestSuiteMainPhase(TestSuiteExecutor.java:142)
	at com.kms.katalon.core.main.TestSuiteExecutor.execute(TestSuiteExecutor.java:91)
	at com.kms.katalon.core.main.TestCaseMain.startTestSuite(TestCaseMain.java:157)
	at com.kms.katalon.core.main.TestCaseMain$startTestSuite$0.call(Unknown Source)
	at TempTestSuite1584598607274.run(TempTestSuite1584598607274.groovy:36)
Caused by: org.openqa.selenium.ElementNotInteractableException: element not interactable
  (Session info: chrome=80.0.3987.132)
Build info: version: '3.141.59', revision: 'e82be7d358', time: '2018-11-14T08:25:53'
System info: host: 'ARCADIER-03', ip: '192.168.254.105', os.name: 'Windows 7', os.arch: 'amd64', os.version: '6.1', java.version: '1.8.0_181'
Driver info: com.kms.katalon.core.webui.driver.ExistingRemoteWebDriver
Capabilities {javascriptEnabled: true, platform: ANY, platformName: ANY}
Session ID: 66da7635ded2d355388026ca8e7d8eff
	at org.openqa.selenium.remote.http.W3CHttpResponseCodec.createException(W3CHttpResponseCodec.java:187)
	at org.openqa.selenium.remote.http.W3CHttpResponseCodec.decode(W3CHttpResponseCodec.java:122)
	at org.openqa.selenium.remote.http.W3CHttpResponseCodec.decode(W3CHttpResponseCodec.java:49)
	at org.openqa.selenium.remote.HttpCommandExecutor.execute(HttpCommandExecutor.java:158)
	at org.openqa.selenium.remote.RemoteWebDriver.execute(RemoteWebDriver.java:552)
	at com.kms.katalon.core.webui.driver.ExistingRemoteWebDriver.execute(ExistingRemoteWebDriver.java:108)
	at org.openqa.selenium.remote.RemoteWebElement.execute(RemoteWebElement.java:285)
	at org.openqa.selenium.remote.RemoteWebElement.click(RemoteWebElement.java:84)
	at org.openqa.selenium.support.events.EventFiringWebDriver$EventFiringWebElement.lambda$new$0(EventFiringWebDriver.java:404)
	at com.sun.proxy.$Proxy9.click(Unknown Source)
	at org.openqa.selenium.support.events.EventFiringWebDriver$EventFiringWebElement.click(EventFiringWebDriver.java:417)
	at com.kms.katalon.core.webui.keyword.builtin.ClickKeyword$_click_closure1.doCall(ClickKeyword.groovy:69)
	at com.kms.katalon.core.webui.keyword.builtin.ClickKeyword$_click_closure1.call(ClickKeyword.groovy)
	at com.kms.katalon.core.webui.keyword.internal.WebUIKeywordMain.runKeyword(WebUIKeywordMain.groovy:20)
	at com.kms.katalon.core.webui.keyword.builtin.ClickKeyword.click(ClickKeyword.groovy:76)
	at com.kms.katalon.core.webui.keyword.builtin.ClickKeyword.execute(ClickKeyword.groovy:43)
	at com.kms.katalon.core.keyword.internal.KeywordExecutor.executeKeywordForPlatform(KeywordExecutor.groovy:72)
	at com.kms.katalon.core.webui.keyword.WebUiBuiltInKeywords.click(WebUiBuiltInKeywords.groovy:616)
	at com.kms.katalon.core.webui.keyword.WebUiBuiltInKeywords$click$0.call(Unknown Source)
	at Script1549506362832.run(Script1549506362832.groovy:28)
	... 13 more
)

2020-03-19 14:31:33 - [MESSAGE][FAILED] - Unable to click on object 'Object Repository/ADMIN/Categories/Category List/button_Categories' (Root cause: com.kms.katalon.core.exception.StepFailedException: Unable to click on object 'Object Repository/ADMIN/Categories/Category List/button_Categories'
	at com.kms.katalon.core.webui.keyword.internal.WebUIKeywordMain.stepFailed(WebUIKeywordMain.groovy:64)
	at com.kms.katalon.core.webui.keyword.internal.WebUIKeywordMain.runKeyword(WebUIKeywordMain.groovy:26)
	at com.kms.katalon.core.webui.keyword.builtin.ClickKeyword.click(ClickKeyword.groovy:76)
	at com.kms.katalon.core.webui.keyword.builtin.ClickKeyword.execute(ClickKeyword.groovy:43)
	at com.kms.katalon.core.keyword.internal.KeywordExecutor.executeKeywordForPlatform(KeywordExecutor.groovy:72)
	at com.kms.katalon.core.webui.keyword.WebUiBuiltInKeywords.click(WebUiBuiltInKeywords.groovy:616)
	at com.kms.katalon.core.webui.keyword.WebUiBuiltInKeywords$click$0.call(Unknown Source)
	at Add Category.run(Add Category:28)
	at com.kms.katalon.core.main.ScriptEngine.run(ScriptEngine.java:194)
	at com.kms.katalon.core.main.ScriptEngine.runScriptAsRawText(ScriptEngine.java:119)
	at com.kms.katalon.core.main.TestCaseExecutor.runScript(TestCaseExecutor.java:337)
	at com.kms.katalon.core.main.TestCaseExecutor.doExecute(TestCaseExecutor.java:328)
	at com.kms.katalon.core.main.TestCaseExecutor.processExecutionPhase(TestCaseExecutor.java:307)
	at com.kms.katalon.core.main.TestCaseExecutor.accessMainPhase(TestCaseExecutor.java:299)
	at com.kms.katalon.core.main.TestCaseExecutor.execute(TestCaseExecutor.java:233)
	at com.kms.katalon.core.main.TestSuiteExecutor.accessTestCaseMainPhase(TestSuiteExecutor.java:169)
	at com.kms.katalon.core.main.TestSuiteExecutor.accessTestSuiteMainPhase(TestSuiteExecutor.java:142)
	at com.kms.katalon.core.main.TestSuiteExecutor.execute(TestSuiteExecutor.java:91)
	at com.kms.katalon.core.main.TestCaseMain.startTestSuite(TestCaseMain.java:157)
	at com.kms.katalon.core.main.TestCaseMain$startTestSuite$0.call(Unknown Source)
	at TempTestSuite1584598607274.run(TempTestSuite1584598607274.groovy:36)
Caused by: org.openqa.selenium.ElementNotInteractableException: element not interactable
  (Session info: chrome=80.0.3987.132)
Build info: version: '3.141.59', revision: 'e82be7d358', time: '2018-11-14T08:25:53'
System info: host: 'ARCADIER-03', ip: '192.168.254.105', os.name: 'Windows 7', os.arch: 'amd64', os.version: '6.1', java.version: '1.8.0_181'
Driver info: com.kms.katalon.core.webui.driver.ExistingRemoteWebDriver
Capabilities {javascriptEnabled: true, platform: ANY, platformName: ANY}
Session ID: 66da7635ded2d355388026ca8e7d8eff
	at org.openqa.selenium.remote.http.W3CHttpResponseCodec.createException(W3CHttpResponseCodec.java:187)
	at org.openqa.selenium.remote.http.W3CHttpResponseCodec.decode(W3CHttpResponseCodec.java:122)
	at org.openqa.selenium.remote.http.W3CHttpResponseCodec.decode(W3CHttpResponseCodec.java:49)
	at org.openqa.selenium.remote.HttpCommandExecutor.execute(HttpCommandExecutor.java:158)
	at org.openqa.selenium.remote.RemoteWebDriver.execute(RemoteWebDriver.java:552)
	at com.kms.katalon.core.webui.driver.ExistingRemoteWebDriver.execute(ExistingRemoteWebDriver.java:108)
	at org.openqa.selenium.remote.RemoteWebElement.execute(RemoteWebElement.java:285)
	at org.openqa.selenium.remote.RemoteWebElement.click(RemoteWebElement.java:84)
	at org.openqa.selenium.support.events.EventFiringWebDriver$EventFiringWebElement.lambda$new$0(EventFiringWebDriver.java:404)
	at com.sun.proxy.$Proxy9.click(Unknown Source)
	at org.openqa.selenium.support.events.EventFiringWebDriver$EventFiringWebElement.click(EventFiringWebDriver.java:417)
	at com.kms.katalon.core.webui.keyword.builtin.ClickKeyword$_click_closure1.doCall(ClickKeyword.groovy:69)
	at com.kms.katalon.core.webui.keyword.builtin.ClickKeyword$_click_closure1.call(ClickKeyword.groovy)
	at com.kms.katalon.core.webui.keyword.internal.WebUIKeywordMain.runKeyword(WebUIKeywordMain.groovy:20)
	at com.kms.katalon.core.webui.keyword.builtin.ClickKeyword.click(ClickKeyword.groovy:76)
	at com.kms.katalon.core.webui.keyword.builtin.ClickKeyword.execute(ClickKeyword.groovy:43)
	at com.kms.katalon.core.keyword.internal.KeywordExecutor.executeKeywordForPlatform(KeywordExecutor.groovy:72)
	at com.kms.katalon.core.webui.keyword.WebUiBuiltInKeywords.click(WebUiBuiltInKeywords.groovy:616)
	at com.kms.katalon.core.webui.keyword.WebUiBuiltInKeywords$click$0.call(Unknown Source)
	at Script1549506362832.run(Script1549506362832.groovy:28)
	... 13 more
)
[[ATTACHMENT|C:\\Katalon\\Arctick\\Reports\\20200319_141647\\Admin\\Admin Add Category\\20200319_141647\\1584599492811.png]]

2020-03-19 14:31:33 - [TEST_STEP][PASSED] - waitForPageLoad(0, STOP_ON_FAILURE): Wait for page load successfully

2020-03-19 14:31:33 - [MESSAGE][WARNING] - Timeout '0' is invalid. Using default page load timeout: '30'

2020-03-19 14:31:33 - [MESSAGE][PASSED] - Wait for page load successfully

2020-03-19 14:31:33 - [TEST_STEP][PASSED] - click(findTestObject("ADMIN/Categories/Category List/button_Add a Category")): Object: 'Object Repository/ADMIN/Categories/Category List/button_Add a Category' is clicked on

2020-03-19 14:31:33 - [MESSAGE][PASSED] - Object: 'Object Repository/ADMIN/Categories/Category List/button_Add a Category' is clicked on

2020-03-19 14:31:33 - [TEST_STEP][PASSED] - waitForElementPresent(findTestObject("ADMIN/Categories/Category/dropdown_Parent"), 2): Object 'Object Repository/ADMIN/Categories/Category/dropdown_Parent' is present

2020-03-19 14:31:33 - [MESSAGE][PASSED] - Object 'Object Repository/ADMIN/Categories/Category/dropdown_Parent' is present

2020-03-19 14:31:33 - [TEST_STEP][PASSED] - delay(1): Delayed 1 second(s)

2020-03-19 14:31:34 - [MESSAGE][PASSED] - Delayed 1 second(s)

2020-03-19 14:31:34 - [TEST_STEP][PASSED] - setText(findTestObject("ADMIN/Categories/Category/textfield_Category Name"), CategoryNametext): Text 'Category 6.1.1.1.1' is set on object 'Object Repository/ADMIN/Categories/Category/textfield_Category Name'

2020-03-19 14:31:34 - [MESSAGE][PASSED] - Text 'Category 6.1.1.1.1' is set on object 'Object Repository/ADMIN/Categories/Category/textfield_Category Name'

2020-03-19 14:31:34 - [TEST_STEP][PASSED] - click(findTestObject("ADMIN/Categories/Category/dropdown_Parent")): Object: 'Object Repository/ADMIN/Categories/Category/dropdown_Parent' is clicked on

2020-03-19 14:31:35 - [MESSAGE][PASSED] - Object: 'Object Repository/ADMIN/Categories/Category/dropdown_Parent' is clicked on

2020-03-19 14:31:35 - [TEST_STEP][PASSED] - delay(2): Delayed 2 second(s)

2020-03-19 14:31:37 - [MESSAGE][PASSED] - Delayed 2 second(s)

2020-03-19 14:31:37 - [TEST_STEP][PASSED] - click(findTestObject("ADMIN/Categories/Category/dropdown_Parent")): Object: 'Object Repository/ADMIN/Categories/Category/dropdown_Parent' is clicked on

2020-03-19 14:31:37 - [MESSAGE][PASSED] - Object: 'Object Repository/ADMIN/Categories/Category/dropdown_Parent' is clicked on

2020-03-19 14:31:37 - [TEST_STEP][PASSED] - selectOptionByLabel(findTestObject("ADMIN/Categories/Category/dropdown_Parent"), ParentName, false): All options with label 'Category 6.1.1.1' are selected in object 'Object Repository/ADMIN/Categories/Category/dropdown_Parent' 

2020-03-19 14:31:37 - [MESSAGE][PASSED] - All options with label 'Category 6.1.1.1' are selected in object 'Object Repository/ADMIN/Categories/Category/dropdown_Parent' 

2020-03-19 14:31:37 - [TEST_STEP][PASSED] - click(findTestObject("ADMIN/Categories/Category/button_Browse")): Object: 'Object Repository/ADMIN/Categories/Category/button_Browse' is clicked on

2020-03-19 14:31:37 - [MESSAGE][PASSED] - Object: 'Object Repository/ADMIN/Categories/Category/button_Browse' is clicked on

2020-03-19 14:31:37 - [TEST_STEP][PASSED] - delay(2): Delayed 2 second(s)

2020-03-19 14:31:39 - [MESSAGE][PASSED] - Delayed 2 second(s)

2020-03-19 14:31:39 - [TEST_STEP][PASSED] - uploadFile(findTestObject("ADMIN/Categories/Category/image_input image"), CategoryImageUpload): File 'C:\\Katalon\\Arctick\\Images\\Category\\6.png' sent to object: 'Object Repository/ADMIN/Categories/Category/image_input image'

2020-03-19 14:31:39 - [MESSAGE][PASSED] - File 'C:\\Katalon\\Arctick\\Images\\Category\\6.png' sent to object: 'Object Repository/ADMIN/Categories/Category/image_input image'

2020-03-19 14:31:39 - [TEST_STEP][PASSED] - waitForElementVisible(findTestObject("ADMIN/Categories/Category/button_upload check"), 0): Object 'Object Repository/ADMIN/Categories/Category/button_upload check' is visible

2020-03-19 14:31:39 - [MESSAGE][WARNING] - Timeout '0' is invalid. Using default page load timeout: '30'

2020-03-19 14:31:39 - [MESSAGE][PASSED] - Object 'Object Repository/ADMIN/Categories/Category/button_upload check' is visible

2020-03-19 14:31:39 - [TEST_STEP][PASSED] - click(findTestObject("ADMIN/Categories/Category/button_upload check")): Object: 'Object Repository/ADMIN/Categories/Category/button_upload check' is clicked on

2020-03-19 14:31:39 - [MESSAGE][PASSED] - Object: 'Object Repository/ADMIN/Categories/Category/button_upload check' is clicked on

2020-03-19 14:31:39 - [TEST_STEP][PASSED] - waitForElementVisible(findTestObject("ADMIN/Categories/Category/button_upload save"), 0): Object 'Object Repository/ADMIN/Categories/Category/button_upload save' is visible

2020-03-19 14:31:39 - [MESSAGE][WARNING] - Timeout '0' is invalid. Using default page load timeout: '30'

2020-03-19 14:31:39 - [MESSAGE][PASSED] - Object 'Object Repository/ADMIN/Categories/Category/button_upload save' is visible

2020-03-19 14:31:39 - [TEST_STEP][PASSED] - click(findTestObject("ADMIN/Categories/Category/button_upload save")): Object: 'Object Repository/ADMIN/Categories/Category/button_upload save' is clicked on

2020-03-19 14:31:39 - [MESSAGE][PASSED] - Object: 'Object Repository/ADMIN/Categories/Category/button_upload save' is clicked on

2020-03-19 14:31:39 - [TEST_STEP][PASSED] - setText(findTestObject("ADMIN/Categories/Category/textfield_category_description"), Description): Text 'Description58' is set on object 'Object Repository/ADMIN/Categories/Category/textfield_category_description'

2020-03-19 14:31:40 - [MESSAGE][PASSED] - Text 'Description58' is set on object 'Object Repository/ADMIN/Categories/Category/textfield_category_description'

2020-03-19 14:31:40 - [TEST_STEP][PASSED] - click(findTestObject("ADMIN/Categories/Category/button_Save")): Object: 'Object Repository/ADMIN/Categories/Category/button_Save' is clicked on

2020-03-19 14:31:40 - [MESSAGE][PASSED] - Object: 'Object Repository/ADMIN/Categories/Category/button_Save' is clicked on

2020-03-19 14:31:40 - [TEST_STEP][PASSED] - waitForElementVisible(findTestObject("ADMIN/Categories/Category/label_edit popup"), 0): Object 'Object Repository/ADMIN/Categories/Category/label_edit popup' is visible

2020-03-19 14:31:40 - [MESSAGE][WARNING] - Timeout '0' is invalid. Using default page load timeout: '30'

2020-03-19 14:31:41 - [MESSAGE][PASSED] - Object 'Object Repository/ADMIN/Categories/Category/label_edit popup' is visible

2020-03-19 14:31:41 - [TEST_STEP][PASSED] - waitForElementNotPresent(findTestObject("ADMIN/Categories/Category/label_edit popup"), 0): Web element with id: 'Object Repository/ADMIN/Categories/Category/label_edit popup' located by 'By.xpath: //div[(text() = 'Category was successfully saved.' or . = 'Category was successfully saved.')]' is not present after '30' second(s)

2020-03-19 14:31:41 - [MESSAGE][WARNING] - Timeout '0' is invalid. Using default page load timeout: '30'

2020-03-19 14:31:47 - [MESSAGE][PASSED] - Web element with id: 'Object Repository/ADMIN/Categories/Category/label_edit popup' located by 'By.xpath: //div[(text() = 'Category was successfully saved.' or . = 'Category was successfully saved.')]' is not present after '30' second(s)]]></system-out>
         <system-err><![CDATA[2020-03-19 14:31:32 - [TEST_CASE][FAILED] - Test Cases/ADMIN/Content Mgmt/Categories/Category Add-Edit/Add Category: Test Cases/ADMIN/Content Mgmt/Categories/Category Add-Edit/Add Category FAILED.
Reason:
com.kms.katalon.core.exception.StepFailedException: Unable to click on object 'Object Repository/ADMIN/Categories/Category List/button_Categories' (Root cause: com.kms.katalon.core.exception.StepFailedException: Unable to click on object 'Object Repository/ADMIN/Categories/Category List/button_Categories'
	at com.kms.katalon.core.webui.keyword.internal.WebUIKeywordMain.stepFailed(WebUIKeywordMain.groovy:64)
	at com.kms.katalon.core.webui.keyword.internal.WebUIKeywordMain.runKeyword(WebUIKeywordMain.groovy:26)
	at com.kms.katalon.core.webui.keyword.builtin.ClickKeyword.click(ClickKeyword.groovy:76)
	at com.kms.katalon.core.webui.keyword.builtin.ClickKeyword.execute(ClickKeyword.groovy:43)
	at com.kms.katalon.core.keyword.internal.KeywordExecutor.executeKeywordForPlatform(KeywordExecutor.groovy:72)
	at com.kms.katalon.core.webui.keyword.WebUiBuiltInKeywords.click(WebUiBuiltInKeywords.groovy:616)
	at com.kms.katalon.core.webui.keyword.WebUiBuiltInKeywords$click$0.call(Unknown Source)
	at Add Category.run(Add Category:28)
	at com.kms.katalon.core.main.ScriptEngine.run(ScriptEngine.java:194)
	at com.kms.katalon.core.main.ScriptEngine.runScriptAsRawText(ScriptEngine.java:119)
	at com.kms.katalon.core.main.TestCaseExecutor.runScript(TestCaseExecutor.java:337)
	at com.kms.katalon.core.main.TestCaseExecutor.doExecute(TestCaseExecutor.java:328)
	at com.kms.katalon.core.main.TestCaseExecutor.processExecutionPhase(TestCaseExecutor.java:307)
	at com.kms.katalon.core.main.TestCaseExecutor.accessMainPhase(TestCaseExecutor.java:299)
	at com.kms.katalon.core.main.TestCaseExecutor.execute(TestCaseExecutor.java:233)
	at com.kms.katalon.core.main.TestSuiteExecutor.accessTestCaseMainPhase(TestSuiteExecutor.java:169)
	at com.kms.katalon.core.main.TestSuiteExecutor.accessTestSuiteMainPhase(TestSuiteExecutor.java:142)
	at com.kms.katalon.core.main.TestSuiteExecutor.execute(TestSuiteExecutor.java:91)
	at com.kms.katalon.core.main.TestCaseMain.startTestSuite(TestCaseMain.java:157)
	at com.kms.katalon.core.main.TestCaseMain$startTestSuite$0.call(Unknown Source)
	at TempTestSuite1584598607274.run(TempTestSuite1584598607274.groovy:36)
Caused by: org.openqa.selenium.ElementNotInteractableException: element not interactable
  (Session info: chrome=80.0.3987.132)
Build info: version: '3.141.59', revision: 'e82be7d358', time: '2018-11-14T08:25:53'
System info: host: 'ARCADIER-03', ip: '192.168.254.105', os.name: 'Windows 7', os.arch: 'amd64', os.version: '6.1', java.version: '1.8.0_181'
Driver info: com.kms.katalon.core.webui.driver.ExistingRemoteWebDriver
Capabilities {javascriptEnabled: true, platform: ANY, platformName: ANY}
Session ID: 66da7635ded2d355388026ca8e7d8eff
	at org.openqa.selenium.remote.http.W3CHttpResponseCodec.createException(W3CHttpResponseCodec.java:187)
	at org.openqa.selenium.remote.http.W3CHttpResponseCodec.decode(W3CHttpResponseCodec.java:122)
	at org.openqa.selenium.remote.http.W3CHttpResponseCodec.decode(W3CHttpResponseCodec.java:49)
	at org.openqa.selenium.remote.HttpCommandExecutor.execute(HttpCommandExecutor.java:158)
	at org.openqa.selenium.remote.RemoteWebDriver.execute(RemoteWebDriver.java:552)
	at com.kms.katalon.core.webui.driver.ExistingRemoteWebDriver.execute(ExistingRemoteWebDriver.java:108)
	at org.openqa.selenium.remote.RemoteWebElement.execute(RemoteWebElement.java:285)
	at org.openqa.selenium.remote.RemoteWebElement.click(RemoteWebElement.java:84)
	at org.openqa.selenium.support.events.EventFiringWebDriver$EventFiringWebElement.lambda$new$0(EventFiringWebDriver.java:404)
	at com.sun.proxy.$Proxy9.click(Unknown Source)
	at org.openqa.selenium.support.events.EventFiringWebDriver$EventFiringWebElement.click(EventFiringWebDriver.java:417)
	at com.kms.katalon.core.webui.keyword.builtin.ClickKeyword$_click_closure1.doCall(ClickKeyword.groovy:69)
	at com.kms.katalon.core.webui.keyword.builtin.ClickKeyword$_click_closure1.call(ClickKeyword.groovy)
	at com.kms.katalon.core.webui.keyword.internal.WebUIKeywordMain.runKeyword(WebUIKeywordMain.groovy:20)
	at com.kms.katalon.core.webui.keyword.builtin.ClickKeyword.click(ClickKeyword.groovy:76)
	at com.kms.katalon.core.webui.keyword.builtin.ClickKeyword.execute(ClickKeyword.groovy:43)
	at com.kms.katalon.core.keyword.internal.KeywordExecutor.executeKeywordForPlatform(KeywordExecutor.groovy:72)
	at com.kms.katalon.core.webui.keyword.WebUiBuiltInKeywords.click(WebUiBuiltInKeywords.groovy:616)
	at com.kms.katalon.core.webui.keyword.WebUiBuiltInKeywords$click$0.call(Unknown Source)
	at Script1549506362832.run(Script1549506362832.groovy:28)
	... 13 more
)
	at com.kms.katalon.core.keyword.internal.KeywordMain.stepFailed(KeywordMain.groovy:39)
	at com.kms.katalon.core.webui.keyword.internal.WebUIKeywordMain.stepFailed(WebUIKeywordMain.groovy:64)
	at com.kms.katalon.core.webui.keyword.internal.WebUIKeywordMain.runKeyword(WebUIKeywordMain.groovy:26)
	at com.kms.katalon.core.webui.keyword.builtin.ClickKeyword.click(ClickKeyword.groovy:76)
	at com.kms.katalon.core.webui.keyword.builtin.ClickKeyword.execute(ClickKeyword.groovy:43)
	at com.kms.katalon.core.keyword.internal.KeywordExecutor.executeKeywordForPlatform(KeywordExecutor.groovy:72)
	at com.kms.katalon.core.webui.keyword.WebUiBuiltInKeywords.click(WebUiBuiltInKeywords.groovy:616)
	at com.kms.katalon.core.webui.keyword.WebUiBuiltInKeywords$click$0.call(Unknown Source)
	at Add Category.run(Add Category:28)
	at com.kms.katalon.core.main.ScriptEngine.run(ScriptEngine.java:194)
	at com.kms.katalon.core.main.ScriptEngine.runScriptAsRawText(ScriptEngine.java:119)
	at com.kms.katalon.core.main.TestCaseExecutor.runScript(TestCaseExecutor.java:337)
	at com.kms.katalon.core.main.TestCaseExecutor.doExecute(TestCaseExecutor.java:328)
	at com.kms.katalon.core.main.TestCaseExecutor.processExecutionPhase(TestCaseExecutor.java:307)
	at com.kms.katalon.core.main.TestCaseExecutor.accessMainPhase(TestCaseExecutor.java:299)
	at com.kms.katalon.core.main.TestCaseExecutor.execute(TestCaseExecutor.java:233)
	at com.kms.katalon.core.main.TestSuiteExecutor.accessTestCaseMainPhase(TestSuiteExecutor.java:169)
	at com.kms.katalon.core.main.TestSuiteExecutor.accessTestSuiteMainPhase(TestSuiteExecutor.java:142)
	at com.kms.katalon.core.main.TestSuiteExecutor.execute(TestSuiteExecutor.java:91)
	at com.kms.katalon.core.main.TestCaseMain.startTestSuite(TestCaseMain.java:157)
	at com.kms.katalon.core.main.TestCaseMain$startTestSuite$0.call(Unknown Source)
	at TempTestSuite1584598607274.run(TempTestSuite1584598607274.groovy:36)
Caused by: com.kms.katalon.core.exception.StepFailedException: Unable to click on object 'Object Repository/ADMIN/Categories/Category List/button_Categories'
	... 21 more
Caused by: org.openqa.selenium.ElementNotInteractableException: element not interactable
  (Session info: chrome=80.0.3987.132)
Build info: version: '3.141.59', revision: 'e82be7d358', time: '2018-11-14T08:25:53'
System info: host: 'ARCADIER-03', ip: '192.168.254.105', os.name: 'Windows 7', os.arch: 'amd64', os.version: '6.1', java.version: '1.8.0_181'
Driver info: com.kms.katalon.core.webui.driver.ExistingRemoteWebDriver
Capabilities {javascriptEnabled: true, platform: ANY, platformName: ANY}
Session ID: 66da7635ded2d355388026ca8e7d8eff
	at org.openqa.selenium.remote.http.W3CHttpResponseCodec.createException(W3CHttpResponseCodec.java:187)
	at org.openqa.selenium.remote.http.W3CHttpResponseCodec.decode(W3CHttpResponseCodec.java:122)
	at org.openqa.selenium.remote.http.W3CHttpResponseCodec.decode(W3CHttpResponseCodec.java:49)
	at org.openqa.selenium.remote.HttpCommandExecutor.execute(HttpCommandExecutor.java:158)
	at org.openqa.selenium.remote.RemoteWebDriver.execute(RemoteWebDriver.java:552)
	at com.kms.katalon.core.webui.driver.ExistingRemoteWebDriver.execute(ExistingRemoteWebDriver.java:108)
	at org.openqa.selenium.remote.RemoteWebElement.execute(RemoteWebElement.java:285)
	at org.openqa.selenium.remote.RemoteWebElement.click(RemoteWebElement.java:84)
	at org.openqa.selenium.support.events.EventFiringWebDriver$EventFiringWebElement.lambda$new$0(EventFiringWebDriver.java:404)
	at com.sun.proxy.$Proxy9.click(Unknown Source)
	at org.openqa.selenium.support.events.EventFiringWebDriver$EventFiringWebElement.click(EventFiringWebDriver.java:417)
	at com.kms.katalon.core.webui.keyword.builtin.ClickKeyword$_click_closure1.doCall(ClickKeyword.groovy:69)
	at com.kms.katalon.core.webui.keyword.builtin.ClickKeyword$_click_closure1.call(ClickKeyword.groovy)
	at com.kms.katalon.core.webui.keyword.internal.WebUIKeywordMain.runKeyword(WebUIKeywordMain.groovy:20)
	... 19 more]]></system-err>
      </testcase>
      <testcase name="Test Cases/ADMIN/Content Mgmt/Categories/Category Add-Edit/Add Category" time="14.384" classname="Test Cases/ADMIN/Content Mgmt/Categories/Category Add-Edit/Add Category" status="FAILED">
         <failure type="FAILED" message="Test Cases/ADMIN/Content Mgmt/Categories/Category Add-Edit/Add Category FAILED.
Reason:
com.kms.katalon.core.exception.StepFailedException: Unable to click on object 'Object Repository/ADMIN/Categories/Category List/button_Categories' (Root cause: com.kms.katalon.core.exception.StepFailedException: Unable to click on object 'Object Repository/ADMIN/Categories/Category List/button_Categories'
	at com.kms.katalon.core.webui.keyword.internal.WebUIKeywordMain.stepFailed(WebUIKeywordMain.groovy:64)
	at com.kms.katalon.core.webui.keyword.internal.WebUIKeywordMain.runKeyword(WebUIKeywordMain.groovy:26)
	at com.kms.katalon.core.webui.keyword.builtin.ClickKeyword.click(ClickKeyword.groovy:76)
	at com.kms.katalon.core.webui.keyword.builtin.ClickKeyword.execute(ClickKeyword.groovy:43)
	at com.kms.katalon.core.keyword.internal.KeywordExecutor.executeKeywordForPlatform(KeywordExecutor.groovy:72)
	at com.kms.katalon.core.webui.keyword.WebUiBuiltInKeywords.click(WebUiBuiltInKeywords.groovy:616)
	at com.kms.katalon.core.webui.keyword.WebUiBuiltInKeywords$click$0.call(Unknown Source)
	at Add Category.run(Add Category:28)
	at com.kms.katalon.core.main.ScriptEngine.run(ScriptEngine.java:194)
	at com.kms.katalon.core.main.ScriptEngine.runScriptAsRawText(ScriptEngine.java:119)
	at com.kms.katalon.core.main.TestCaseExecutor.runScript(TestCaseExecutor.java:337)
	at com.kms.katalon.core.main.TestCaseExecutor.doExecute(TestCaseExecutor.java:328)
	at com.kms.katalon.core.main.TestCaseExecutor.processExecutionPhase(TestCaseExecutor.java:307)
	at com.kms.katalon.core.main.TestCaseExecutor.accessMainPhase(TestCaseExecutor.java:299)
	at com.kms.katalon.core.main.TestCaseExecutor.execute(TestCaseExecutor.java:233)
	at com.kms.katalon.core.main.TestSuiteExecutor.accessTestCaseMainPhase(TestSuiteExecutor.java:169)
	at com.kms.katalon.core.main.TestSuiteExecutor.accessTestSuiteMainPhase(TestSuiteExecutor.java:142)
	at com.kms.katalon.core.main.TestSuiteExecutor.execute(TestSuiteExecutor.java:91)
	at com.kms.katalon.core.main.TestCaseMain.startTestSuite(TestCaseMain.java:157)
	at com.kms.katalon.core.main.TestCaseMain$startTestSuite$0.call(Unknown Source)
	at TempTestSuite1584598607274.run(TempTestSuite1584598607274.groovy:36)
Caused by: org.openqa.selenium.ElementNotInteractableException: element not interactable
  (Session info: chrome=80.0.3987.132)
Build info: version: '3.141.59', revision: 'e82be7d358', time: '2018-11-14T08:25:53'
System info: host: 'ARCADIER-03', ip: '192.168.254.105', os.name: 'Windows 7', os.arch: 'amd64', os.version: '6.1', java.version: '1.8.0_181'
Driver info: com.kms.katalon.core.webui.driver.ExistingRemoteWebDriver
Capabilities {javascriptEnabled: true, platform: ANY, platformName: ANY}
Session ID: 66da7635ded2d355388026ca8e7d8eff
	at org.openqa.selenium.remote.http.W3CHttpResponseCodec.createException(W3CHttpResponseCodec.java:187)
	at org.openqa.selenium.remote.http.W3CHttpResponseCodec.decode(W3CHttpResponseCodec.java:122)
	at org.openqa.selenium.remote.http.W3CHttpResponseCodec.decode(W3CHttpResponseCodec.java:49)
	at org.openqa.selenium.remote.HttpCommandExecutor.execute(HttpCommandExecutor.java:158)
	at org.openqa.selenium.remote.RemoteWebDriver.execute(RemoteWebDriver.java:552)
	at com.kms.katalon.core.webui.driver.ExistingRemoteWebDriver.execute(ExistingRemoteWebDriver.java:108)
	at org.openqa.selenium.remote.RemoteWebElement.execute(RemoteWebElement.java:285)
	at org.openqa.selenium.remote.RemoteWebElement.click(RemoteWebElement.java:84)
	at org.openqa.selenium.support.events.EventFiringWebDriver$EventFiringWebElement.lambda$new$0(EventFiringWebDriver.java:404)
	at com.sun.proxy.$Proxy9.click(Unknown Source)
	at org.openqa.selenium.support.events.EventFiringWebDriver$EventFiringWebElement.click(EventFiringWebDriver.java:417)
	at com.kms.katalon.core.webui.keyword.builtin.ClickKeyword$_click_closure1.doCall(ClickKeyword.groovy:69)
	at com.kms.katalon.core.webui.keyword.builtin.ClickKeyword$_click_closure1.call(ClickKeyword.groovy)
	at com.kms.katalon.core.webui.keyword.internal.WebUIKeywordMain.runKeyword(WebUIKeywordMain.groovy:20)
	at com.kms.katalon.core.webui.keyword.builtin.ClickKeyword.click(ClickKeyword.groovy:76)
	at com.kms.katalon.core.webui.keyword.builtin.ClickKeyword.execute(ClickKeyword.groovy:43)
	at com.kms.katalon.core.keyword.internal.KeywordExecutor.executeKeywordForPlatform(KeywordExecutor.groovy:72)
	at com.kms.katalon.core.webui.keyword.WebUiBuiltInKeywords.click(WebUiBuiltInKeywords.groovy:616)
	at com.kms.katalon.core.webui.keyword.WebUiBuiltInKeywords$click$0.call(Unknown Source)
	at Script1549506362832.run(Script1549506362832.groovy:28)
	... 13 more
)
	at com.kms.katalon.core.keyword.internal.KeywordMain.stepFailed(KeywordMain.groovy:39)
	at com.kms.katalon.core.webui.keyword.internal.WebUIKeywordMain.stepFailed(WebUIKeywordMain.groovy:64)
	at com.kms.katalon.core.webui.keyword.internal.WebUIKeywordMain.runKeyword(WebUIKeywordMain.groovy:26)
	at com.kms.katalon.core.webui.keyword.builtin.ClickKeyword.click(ClickKeyword.groovy:76)
	at com.kms.katalon.core.webui.keyword.builtin.ClickKeyword.execute(ClickKeyword.groovy:43)
	at com.kms.katalon.core.keyword.internal.KeywordExecutor.executeKeywordForPlatform(KeywordExecutor.groovy:72)
	at com.kms.katalon.core.webui.keyword.WebUiBuiltInKeywords.click(WebUiBuiltInKeywords.groovy:616)
	at com.kms.katalon.core.webui.keyword.WebUiBuiltInKeywords$click$0.call(Unknown Source)
	at Add Category.run(Add Category:28)
	at com.kms.katalon.core.main.ScriptEngine.run(ScriptEngine.java:194)
	at com.kms.katalon.core.main.ScriptEngine.runScriptAsRawText(ScriptEngine.java:119)
	at com.kms.katalon.core.main.TestCaseExecutor.runScript(TestCaseExecutor.java:337)
	at com.kms.katalon.core.main.TestCaseExecutor.doExecute(TestCaseExecutor.java:328)
	at com.kms.katalon.core.main.TestCaseExecutor.processExecutionPhase(TestCaseExecutor.java:307)
	at com.kms.katalon.core.main.TestCaseExecutor.accessMainPhase(TestCaseExecutor.java:299)
	at com.kms.katalon.core.main.TestCaseExecutor.execute(TestCaseExecutor.java:233)
	at com.kms.katalon.core.main.TestSuiteExecutor.accessTestCaseMainPhase(TestSuiteExecutor.java:169)
	at com.kms.katalon.core.main.TestSuiteExecutor.accessTestSuiteMainPhase(TestSuiteExecutor.java:142)
	at com.kms.katalon.core.main.TestSuiteExecutor.execute(TestSuiteExecutor.java:91)
	at com.kms.katalon.core.main.TestCaseMain.startTestSuite(TestCaseMain.java:157)
	at com.kms.katalon.core.main.TestCaseMain$startTestSuite$0.call(Unknown Source)
	at TempTestSuite1584598607274.run(TempTestSuite1584598607274.groovy:36)
Caused by: com.kms.katalon.core.exception.StepFailedException: Unable to click on object 'Object Repository/ADMIN/Categories/Category List/button_Categories'
	... 21 more
Caused by: org.openqa.selenium.ElementNotInteractableException: element not interactable
  (Session info: chrome=80.0.3987.132)
Build info: version: '3.141.59', revision: 'e82be7d358', time: '2018-11-14T08:25:53'
System info: host: 'ARCADIER-03', ip: '192.168.254.105', os.name: 'Windows 7', os.arch: 'amd64', os.version: '6.1', java.version: '1.8.0_181'
Driver info: com.kms.katalon.core.webui.driver.ExistingRemoteWebDriver
Capabilities {javascriptEnabled: true, platform: ANY, platformName: ANY}
Session ID: 66da7635ded2d355388026ca8e7d8eff
	at org.openqa.selenium.remote.http.W3CHttpResponseCodec.createException(W3CHttpResponseCodec.java:187)
	at org.openqa.selenium.remote.http.W3CHttpResponseCodec.decode(W3CHttpResponseCodec.java:122)
	at org.openqa.selenium.remote.http.W3CHttpResponseCodec.decode(W3CHttpResponseCodec.java:49)
	at org.openqa.selenium.remote.HttpCommandExecutor.execute(HttpCommandExecutor.java:158)
	at org.openqa.selenium.remote.RemoteWebDriver.execute(RemoteWebDriver.java:552)
	at com.kms.katalon.core.webui.driver.ExistingRemoteWebDriver.execute(ExistingRemoteWebDriver.java:108)
	at org.openqa.selenium.remote.RemoteWebElement.execute(RemoteWebElement.java:285)
	at org.openqa.selenium.remote.RemoteWebElement.click(RemoteWebElement.java:84)
	at org.openqa.selenium.support.events.EventFiringWebDriver$EventFiringWebElement.lambda$new$0(EventFiringWebDriver.java:404)
	at com.sun.proxy.$Proxy9.click(Unknown Source)
	at org.openqa.selenium.support.events.EventFiringWebDriver$EventFiringWebElement.click(EventFiringWebDriver.java:417)
	at com.kms.katalon.core.webui.keyword.builtin.ClickKeyword$_click_closure1.doCall(ClickKeyword.groovy:69)
	at com.kms.katalon.core.webui.keyword.builtin.ClickKeyword$_click_closure1.call(ClickKeyword.groovy)
	at com.kms.katalon.core.webui.keyword.internal.WebUIKeywordMain.runKeyword(WebUIKeywordMain.groovy:20)
	... 19 more
"/>
         <system-out><![CDATA[2020-03-19 14:31:47 - [TEST_CASE][FAILED] - Test Cases/ADMIN/Content Mgmt/Categories/Category Add-Edit/Add Category: Test Cases/ADMIN/Content Mgmt/Categories/Category Add-Edit/Add Category FAILED.
Reason:
com.kms.katalon.core.exception.StepFailedException: Unable to click on object 'Object Repository/ADMIN/Categories/Category List/button_Categories' (Root cause: com.kms.katalon.core.exception.StepFailedException: Unable to click on object 'Object Repository/ADMIN/Categories/Category List/button_Categories'
	at com.kms.katalon.core.webui.keyword.internal.WebUIKeywordMain.stepFailed(WebUIKeywordMain.groovy:64)
	at com.kms.katalon.core.webui.keyword.internal.WebUIKeywordMain.runKeyword(WebUIKeywordMain.groovy:26)
	at com.kms.katalon.core.webui.keyword.builtin.ClickKeyword.click(ClickKeyword.groovy:76)
	at com.kms.katalon.core.webui.keyword.builtin.ClickKeyword.execute(ClickKeyword.groovy:43)
	at com.kms.katalon.core.keyword.internal.KeywordExecutor.executeKeywordForPlatform(KeywordExecutor.groovy:72)
	at com.kms.katalon.core.webui.keyword.WebUiBuiltInKeywords.click(WebUiBuiltInKeywords.groovy:616)
	at com.kms.katalon.core.webui.keyword.WebUiBuiltInKeywords$click$0.call(Unknown Source)
	at Add Category.run(Add Category:28)
	at com.kms.katalon.core.main.ScriptEngine.run(ScriptEngine.java:194)
	at com.kms.katalon.core.main.ScriptEngine.runScriptAsRawText(ScriptEngine.java:119)
	at com.kms.katalon.core.main.TestCaseExecutor.runScript(TestCaseExecutor.java:337)
	at com.kms.katalon.core.main.TestCaseExecutor.doExecute(TestCaseExecutor.java:328)
	at com.kms.katalon.core.main.TestCaseExecutor.processExecutionPhase(TestCaseExecutor.java:307)
	at com.kms.katalon.core.main.TestCaseExecutor.accessMainPhase(TestCaseExecutor.java:299)
	at com.kms.katalon.core.main.TestCaseExecutor.execute(TestCaseExecutor.java:233)
	at com.kms.katalon.core.main.TestSuiteExecutor.accessTestCaseMainPhase(TestSuiteExecutor.java:169)
	at com.kms.katalon.core.main.TestSuiteExecutor.accessTestSuiteMainPhase(TestSuiteExecutor.java:142)
	at com.kms.katalon.core.main.TestSuiteExecutor.execute(TestSuiteExecutor.java:91)
	at com.kms.katalon.core.main.TestCaseMain.startTestSuite(TestCaseMain.java:157)
	at com.kms.katalon.core.main.TestCaseMain$startTestSuite$0.call(Unknown Source)
	at TempTestSuite1584598607274.run(TempTestSuite1584598607274.groovy:36)
Caused by: org.openqa.selenium.ElementNotInteractableException: element not interactable
  (Session info: chrome=80.0.3987.132)
Build info: version: '3.141.59', revision: 'e82be7d358', time: '2018-11-14T08:25:53'
System info: host: 'ARCADIER-03', ip: '192.168.254.105', os.name: 'Windows 7', os.arch: 'amd64', os.version: '6.1', java.version: '1.8.0_181'
Driver info: com.kms.katalon.core.webui.driver.ExistingRemoteWebDriver
Capabilities {javascriptEnabled: true, platform: ANY, platformName: ANY}
Session ID: 66da7635ded2d355388026ca8e7d8eff
	at org.openqa.selenium.remote.http.W3CHttpResponseCodec.createException(W3CHttpResponseCodec.java:187)
	at org.openqa.selenium.remote.http.W3CHttpResponseCodec.decode(W3CHttpResponseCodec.java:122)
	at org.openqa.selenium.remote.http.W3CHttpResponseCodec.decode(W3CHttpResponseCodec.java:49)
	at org.openqa.selenium.remote.HttpCommandExecutor.execute(HttpCommandExecutor.java:158)
	at org.openqa.selenium.remote.RemoteWebDriver.execute(RemoteWebDriver.java:552)
	at com.kms.katalon.core.webui.driver.ExistingRemoteWebDriver.execute(ExistingRemoteWebDriver.java:108)
	at org.openqa.selenium.remote.RemoteWebElement.execute(RemoteWebElement.java:285)
	at org.openqa.selenium.remote.RemoteWebElement.click(RemoteWebElement.java:84)
	at org.openqa.selenium.support.events.EventFiringWebDriver$EventFiringWebElement.lambda$new$0(EventFiringWebDriver.java:404)
	at com.sun.proxy.$Proxy9.click(Unknown Source)
	at org.openqa.selenium.support.events.EventFiringWebDriver$EventFiringWebElement.click(EventFiringWebDriver.java:417)
	at com.kms.katalon.core.webui.keyword.builtin.ClickKeyword$_click_closure1.doCall(ClickKeyword.groovy:69)
	at com.kms.katalon.core.webui.keyword.builtin.ClickKeyword$_click_closure1.call(ClickKeyword.groovy)
	at com.kms.katalon.core.webui.keyword.internal.WebUIKeywordMain.runKeyword(WebUIKeywordMain.groovy:20)
	at com.kms.katalon.core.webui.keyword.builtin.ClickKeyword.click(ClickKeyword.groovy:76)
	at com.kms.katalon.core.webui.keyword.builtin.ClickKeyword.execute(ClickKeyword.groovy:43)
	at com.kms.katalon.core.keyword.internal.KeywordExecutor.executeKeywordForPlatform(KeywordExecutor.groovy:72)
	at com.kms.katalon.core.webui.keyword.WebUiBuiltInKeywords.click(WebUiBuiltInKeywords.groovy:616)
	at com.kms.katalon.core.webui.keyword.WebUiBuiltInKeywords$click$0.call(Unknown Source)
	at Script1549506362832.run(Script1549506362832.groovy:28)
	... 13 more
)
	at com.kms.katalon.core.keyword.internal.KeywordMain.stepFailed(KeywordMain.groovy:39)
	at com.kms.katalon.core.webui.keyword.internal.WebUIKeywordMain.stepFailed(WebUIKeywordMain.groovy:64)
	at com.kms.katalon.core.webui.keyword.internal.WebUIKeywordMain.runKeyword(WebUIKeywordMain.groovy:26)
	at com.kms.katalon.core.webui.keyword.builtin.ClickKeyword.click(ClickKeyword.groovy:76)
	at com.kms.katalon.core.webui.keyword.builtin.ClickKeyword.execute(ClickKeyword.groovy:43)
	at com.kms.katalon.core.keyword.internal.KeywordExecutor.executeKeywordForPlatform(KeywordExecutor.groovy:72)
	at com.kms.katalon.core.webui.keyword.WebUiBuiltInKeywords.click(WebUiBuiltInKeywords.groovy:616)
	at com.kms.katalon.core.webui.keyword.WebUiBuiltInKeywords$click$0.call(Unknown Source)
	at Add Category.run(Add Category:28)
	at com.kms.katalon.core.main.ScriptEngine.run(ScriptEngine.java:194)
	at com.kms.katalon.core.main.ScriptEngine.runScriptAsRawText(ScriptEngine.java:119)
	at com.kms.katalon.core.main.TestCaseExecutor.runScript(TestCaseExecutor.java:337)
	at com.kms.katalon.core.main.TestCaseExecutor.doExecute(TestCaseExecutor.java:328)
	at com.kms.katalon.core.main.TestCaseExecutor.processExecutionPhase(TestCaseExecutor.java:307)
	at com.kms.katalon.core.main.TestCaseExecutor.accessMainPhase(TestCaseExecutor.java:299)
	at com.kms.katalon.core.main.TestCaseExecutor.execute(TestCaseExecutor.java:233)
	at com.kms.katalon.core.main.TestSuiteExecutor.accessTestCaseMainPhase(TestSuiteExecutor.java:169)
	at com.kms.katalon.core.main.TestSuiteExecutor.accessTestSuiteMainPhase(TestSuiteExecutor.java:142)
	at com.kms.katalon.core.main.TestSuiteExecutor.execute(TestSuiteExecutor.java:91)
	at com.kms.katalon.core.main.TestCaseMain.startTestSuite(TestCaseMain.java:157)
	at com.kms.katalon.core.main.TestCaseMain$startTestSuite$0.call(Unknown Source)
	at TempTestSuite1584598607274.run(TempTestSuite1584598607274.groovy:36)
Caused by: com.kms.katalon.core.exception.StepFailedException: Unable to click on object 'Object Repository/ADMIN/Categories/Category List/button_Categories'
	... 21 more
Caused by: org.openqa.selenium.ElementNotInteractableException: element not interactable
  (Session info: chrome=80.0.3987.132)
Build info: version: '3.141.59', revision: 'e82be7d358', time: '2018-11-14T08:25:53'
System info: host: 'ARCADIER-03', ip: '192.168.254.105', os.name: 'Windows 7', os.arch: 'amd64', os.version: '6.1', java.version: '1.8.0_181'
Driver info: com.kms.katalon.core.webui.driver.ExistingRemoteWebDriver
Capabilities {javascriptEnabled: true, platform: ANY, platformName: ANY}
Session ID: 66da7635ded2d355388026ca8e7d8eff
	at org.openqa.selenium.remote.http.W3CHttpResponseCodec.createException(W3CHttpResponseCodec.java:187)
	at org.openqa.selenium.remote.http.W3CHttpResponseCodec.decode(W3CHttpResponseCodec.java:122)
	at org.openqa.selenium.remote.http.W3CHttpResponseCodec.decode(W3CHttpResponseCodec.java:49)
	at org.openqa.selenium.remote.HttpCommandExecutor.execute(HttpCommandExecutor.java:158)
	at org.openqa.selenium.remote.RemoteWebDriver.execute(RemoteWebDriver.java:552)
	at com.kms.katalon.core.webui.driver.ExistingRemoteWebDriver.execute(ExistingRemoteWebDriver.java:108)
	at org.openqa.selenium.remote.RemoteWebElement.execute(RemoteWebElement.java:285)
	at org.openqa.selenium.remote.RemoteWebElement.click(RemoteWebElement.java:84)
	at org.openqa.selenium.support.events.EventFiringWebDriver$EventFiringWebElement.lambda$new$0(EventFiringWebDriver.java:404)
	at com.sun.proxy.$Proxy9.click(Unknown Source)
	at org.openqa.selenium.support.events.EventFiringWebDriver$EventFiringWebElement.click(EventFiringWebDriver.java:417)
	at com.kms.katalon.core.webui.keyword.builtin.ClickKeyword$_click_closure1.doCall(ClickKeyword.groovy:69)
	at com.kms.katalon.core.webui.keyword.builtin.ClickKeyword$_click_closure1.call(ClickKeyword.groovy)
	at com.kms.katalon.core.webui.keyword.internal.WebUIKeywordMain.runKeyword(WebUIKeywordMain.groovy:20)
	... 19 more


2020-03-19 14:31:47 - [TEST_STEP][PASSED] - waitForElementVisible(findTestObject("ADMIN/Categories/Category List/button_Content Mgmt"), 0): Object 'Object Repository/ADMIN/Categories/Category List/button_Content Mgmt' is visible

2020-03-19 14:31:47 - [MESSAGE][WARNING] - Timeout '0' is invalid. Using default page load timeout: '30'

2020-03-19 14:31:47 - [MESSAGE][PASSED] - Object 'Object Repository/ADMIN/Categories/Category List/button_Content Mgmt' is visible

2020-03-19 14:31:47 - [TEST_STEP][PASSED] - click(findTestObject("ADMIN/Categories/Category List/button_Content Mgmt")): Object: 'Object Repository/ADMIN/Categories/Category List/button_Content Mgmt' is clicked on

2020-03-19 14:31:47 - [MESSAGE][PASSED] - Object: 'Object Repository/ADMIN/Categories/Category List/button_Content Mgmt' is clicked on

2020-03-19 14:31:47 - [TEST_STEP][PASSED] - waitForElementVisible(findTestObject("ADMIN/Categories/Category List/button_Categories"), 0): Object 'Object Repository/ADMIN/Categories/Category List/button_Categories' is visible

2020-03-19 14:31:47 - [MESSAGE][WARNING] - Timeout '0' is invalid. Using default page load timeout: '30'

2020-03-19 14:31:47 - [MESSAGE][PASSED] - Object 'Object Repository/ADMIN/Categories/Category List/button_Categories' is visible

2020-03-19 14:31:47 - [TEST_STEP][FAILED] - click(findTestObject("ADMIN/Categories/Category List/button_Categories")): Unable to click on object 'Object Repository/ADMIN/Categories/Category List/button_Categories' (Root cause: com.kms.katalon.core.exception.StepFailedException: Unable to click on object 'Object Repository/ADMIN/Categories/Category List/button_Categories'
	at com.kms.katalon.core.webui.keyword.internal.WebUIKeywordMain.stepFailed(WebUIKeywordMain.groovy:64)
	at com.kms.katalon.core.webui.keyword.internal.WebUIKeywordMain.runKeyword(WebUIKeywordMain.groovy:26)
	at com.kms.katalon.core.webui.keyword.builtin.ClickKeyword.click(ClickKeyword.groovy:76)
	at com.kms.katalon.core.webui.keyword.builtin.ClickKeyword.execute(ClickKeyword.groovy:43)
	at com.kms.katalon.core.keyword.internal.KeywordExecutor.executeKeywordForPlatform(KeywordExecutor.groovy:72)
	at com.kms.katalon.core.webui.keyword.WebUiBuiltInKeywords.click(WebUiBuiltInKeywords.groovy:616)
	at com.kms.katalon.core.webui.keyword.WebUiBuiltInKeywords$click$0.call(Unknown Source)
	at Add Category.run(Add Category:28)
	at com.kms.katalon.core.main.ScriptEngine.run(ScriptEngine.java:194)
	at com.kms.katalon.core.main.ScriptEngine.runScriptAsRawText(ScriptEngine.java:119)
	at com.kms.katalon.core.main.TestCaseExecutor.runScript(TestCaseExecutor.java:337)
	at com.kms.katalon.core.main.TestCaseExecutor.doExecute(TestCaseExecutor.java:328)
	at com.kms.katalon.core.main.TestCaseExecutor.processExecutionPhase(TestCaseExecutor.java:307)
	at com.kms.katalon.core.main.TestCaseExecutor.accessMainPhase(TestCaseExecutor.java:299)
	at com.kms.katalon.core.main.TestCaseExecutor.execute(TestCaseExecutor.java:233)
	at com.kms.katalon.core.main.TestSuiteExecutor.accessTestCaseMainPhase(TestSuiteExecutor.java:169)
	at com.kms.katalon.core.main.TestSuiteExecutor.accessTestSuiteMainPhase(TestSuiteExecutor.java:142)
	at com.kms.katalon.core.main.TestSuiteExecutor.execute(TestSuiteExecutor.java:91)
	at com.kms.katalon.core.main.TestCaseMain.startTestSuite(TestCaseMain.java:157)
	at com.kms.katalon.core.main.TestCaseMain$startTestSuite$0.call(Unknown Source)
	at TempTestSuite1584598607274.run(TempTestSuite1584598607274.groovy:36)
Caused by: org.openqa.selenium.ElementNotInteractableException: element not interactable
  (Session info: chrome=80.0.3987.132)
Build info: version: '3.141.59', revision: 'e82be7d358', time: '2018-11-14T08:25:53'
System info: host: 'ARCADIER-03', ip: '192.168.254.105', os.name: 'Windows 7', os.arch: 'amd64', os.version: '6.1', java.version: '1.8.0_181'
Driver info: com.kms.katalon.core.webui.driver.ExistingRemoteWebDriver
Capabilities {javascriptEnabled: true, platform: ANY, platformName: ANY}
Session ID: 66da7635ded2d355388026ca8e7d8eff
	at org.openqa.selenium.remote.http.W3CHttpResponseCodec.createException(W3CHttpResponseCodec.java:187)
	at org.openqa.selenium.remote.http.W3CHttpResponseCodec.decode(W3CHttpResponseCodec.java:122)
	at org.openqa.selenium.remote.http.W3CHttpResponseCodec.decode(W3CHttpResponseCodec.java:49)
	at org.openqa.selenium.remote.HttpCommandExecutor.execute(HttpCommandExecutor.java:158)
	at org.openqa.selenium.remote.RemoteWebDriver.execute(RemoteWebDriver.java:552)
	at com.kms.katalon.core.webui.driver.ExistingRemoteWebDriver.execute(ExistingRemoteWebDriver.java:108)
	at org.openqa.selenium.remote.RemoteWebElement.execute(RemoteWebElement.java:285)
	at org.openqa.selenium.remote.RemoteWebElement.click(RemoteWebElement.java:84)
	at org.openqa.selenium.support.events.EventFiringWebDriver$EventFiringWebElement.lambda$new$0(EventFiringWebDriver.java:404)
	at com.sun.proxy.$Proxy9.click(Unknown Source)
	at org.openqa.selenium.support.events.EventFiringWebDriver$EventFiringWebElement.click(EventFiringWebDriver.java:417)
	at com.kms.katalon.core.webui.keyword.builtin.ClickKeyword$_click_closure1.doCall(ClickKeyword.groovy:69)
	at com.kms.katalon.core.webui.keyword.builtin.ClickKeyword$_click_closure1.call(ClickKeyword.groovy)
	at com.kms.katalon.core.webui.keyword.internal.WebUIKeywordMain.runKeyword(WebUIKeywordMain.groovy:20)
	at com.kms.katalon.core.webui.keyword.builtin.ClickKeyword.click(ClickKeyword.groovy:76)
	at com.kms.katalon.core.webui.keyword.builtin.ClickKeyword.execute(ClickKeyword.groovy:43)
	at com.kms.katalon.core.keyword.internal.KeywordExecutor.executeKeywordForPlatform(KeywordExecutor.groovy:72)
	at com.kms.katalon.core.webui.keyword.WebUiBuiltInKeywords.click(WebUiBuiltInKeywords.groovy:616)
	at com.kms.katalon.core.webui.keyword.WebUiBuiltInKeywords$click$0.call(Unknown Source)
	at Script1549506362832.run(Script1549506362832.groovy:28)
	... 13 more
)

2020-03-19 14:31:47 - [MESSAGE][FAILED] - Unable to click on object 'Object Repository/ADMIN/Categories/Category List/button_Categories' (Root cause: com.kms.katalon.core.exception.StepFailedException: Unable to click on object 'Object Repository/ADMIN/Categories/Category List/button_Categories'
	at com.kms.katalon.core.webui.keyword.internal.WebUIKeywordMain.stepFailed(WebUIKeywordMain.groovy:64)
	at com.kms.katalon.core.webui.keyword.internal.WebUIKeywordMain.runKeyword(WebUIKeywordMain.groovy:26)
	at com.kms.katalon.core.webui.keyword.builtin.ClickKeyword.click(ClickKeyword.groovy:76)
	at com.kms.katalon.core.webui.keyword.builtin.ClickKeyword.execute(ClickKeyword.groovy:43)
	at com.kms.katalon.core.keyword.internal.KeywordExecutor.executeKeywordForPlatform(KeywordExecutor.groovy:72)
	at com.kms.katalon.core.webui.keyword.WebUiBuiltInKeywords.click(WebUiBuiltInKeywords.groovy:616)
	at com.kms.katalon.core.webui.keyword.WebUiBuiltInKeywords$click$0.call(Unknown Source)
	at Add Category.run(Add Category:28)
	at com.kms.katalon.core.main.ScriptEngine.run(ScriptEngine.java:194)
	at com.kms.katalon.core.main.ScriptEngine.runScriptAsRawText(ScriptEngine.java:119)
	at com.kms.katalon.core.main.TestCaseExecutor.runScript(TestCaseExecutor.java:337)
	at com.kms.katalon.core.main.TestCaseExecutor.doExecute(TestCaseExecutor.java:328)
	at com.kms.katalon.core.main.TestCaseExecutor.processExecutionPhase(TestCaseExecutor.java:307)
	at com.kms.katalon.core.main.TestCaseExecutor.accessMainPhase(TestCaseExecutor.java:299)
	at com.kms.katalon.core.main.TestCaseExecutor.execute(TestCaseExecutor.java:233)
	at com.kms.katalon.core.main.TestSuiteExecutor.accessTestCaseMainPhase(TestSuiteExecutor.java:169)
	at com.kms.katalon.core.main.TestSuiteExecutor.accessTestSuiteMainPhase(TestSuiteExecutor.java:142)
	at com.kms.katalon.core.main.TestSuiteExecutor.execute(TestSuiteExecutor.java:91)
	at com.kms.katalon.core.main.TestCaseMain.startTestSuite(TestCaseMain.java:157)
	at com.kms.katalon.core.main.TestCaseMain$startTestSuite$0.call(Unknown Source)
	at TempTestSuite1584598607274.run(TempTestSuite1584598607274.groovy:36)
Caused by: org.openqa.selenium.ElementNotInteractableException: element not interactable
  (Session info: chrome=80.0.3987.132)
Build info: version: '3.141.59', revision: 'e82be7d358', time: '2018-11-14T08:25:53'
System info: host: 'ARCADIER-03', ip: '192.168.254.105', os.name: 'Windows 7', os.arch: 'amd64', os.version: '6.1', java.version: '1.8.0_181'
Driver info: com.kms.katalon.core.webui.driver.ExistingRemoteWebDriver
Capabilities {javascriptEnabled: true, platform: ANY, platformName: ANY}
Session ID: 66da7635ded2d355388026ca8e7d8eff
	at org.openqa.selenium.remote.http.W3CHttpResponseCodec.createException(W3CHttpResponseCodec.java:187)
	at org.openqa.selenium.remote.http.W3CHttpResponseCodec.decode(W3CHttpResponseCodec.java:122)
	at org.openqa.selenium.remote.http.W3CHttpResponseCodec.decode(W3CHttpResponseCodec.java:49)
	at org.openqa.selenium.remote.HttpCommandExecutor.execute(HttpCommandExecutor.java:158)
	at org.openqa.selenium.remote.RemoteWebDriver.execute(RemoteWebDriver.java:552)
	at com.kms.katalon.core.webui.driver.ExistingRemoteWebDriver.execute(ExistingRemoteWebDriver.java:108)
	at org.openqa.selenium.remote.RemoteWebElement.execute(RemoteWebElement.java:285)
	at org.openqa.selenium.remote.RemoteWebElement.click(RemoteWebElement.java:84)
	at org.openqa.selenium.support.events.EventFiringWebDriver$EventFiringWebElement.lambda$new$0(EventFiringWebDriver.java:404)
	at com.sun.proxy.$Proxy9.click(Unknown Source)
	at org.openqa.selenium.support.events.EventFiringWebDriver$EventFiringWebElement.click(EventFiringWebDriver.java:417)
	at com.kms.katalon.core.webui.keyword.builtin.ClickKeyword$_click_closure1.doCall(ClickKeyword.groovy:69)
	at com.kms.katalon.core.webui.keyword.builtin.ClickKeyword$_click_closure1.call(ClickKeyword.groovy)
	at com.kms.katalon.core.webui.keyword.internal.WebUIKeywordMain.runKeyword(WebUIKeywordMain.groovy:20)
	at com.kms.katalon.core.webui.keyword.builtin.ClickKeyword.click(ClickKeyword.groovy:76)
	at com.kms.katalon.core.webui.keyword.builtin.ClickKeyword.execute(ClickKeyword.groovy:43)
	at com.kms.katalon.core.keyword.internal.KeywordExecutor.executeKeywordForPlatform(KeywordExecutor.groovy:72)
	at com.kms.katalon.core.webui.keyword.WebUiBuiltInKeywords.click(WebUiBuiltInKeywords.groovy:616)
	at com.kms.katalon.core.webui.keyword.WebUiBuiltInKeywords$click$0.call(Unknown Source)
	at Script1549506362832.run(Script1549506362832.groovy:28)
	... 13 more
)
[[ATTACHMENT|C:\\Katalon\\Arctick\\Reports\\20200319_141647\\Admin\\Admin Add Category\\20200319_141647\\1584599507563.png]]

2020-03-19 14:31:47 - [TEST_STEP][PASSED] - waitForPageLoad(0, STOP_ON_FAILURE): Wait for page load successfully

2020-03-19 14:31:47 - [MESSAGE][WARNING] - Timeout '0' is invalid. Using default page load timeout: '30'

2020-03-19 14:31:48 - [MESSAGE][PASSED] - Wait for page load successfully

2020-03-19 14:31:48 - [TEST_STEP][PASSED] - click(findTestObject("ADMIN/Categories/Category List/button_Add a Category")): Object: 'Object Repository/ADMIN/Categories/Category List/button_Add a Category' is clicked on

2020-03-19 14:31:48 - [MESSAGE][PASSED] - Object: 'Object Repository/ADMIN/Categories/Category List/button_Add a Category' is clicked on

2020-03-19 14:31:48 - [TEST_STEP][PASSED] - waitForElementPresent(findTestObject("ADMIN/Categories/Category/dropdown_Parent"), 2): Object 'Object Repository/ADMIN/Categories/Category/dropdown_Parent' is present

2020-03-19 14:31:48 - [MESSAGE][PASSED] - Object 'Object Repository/ADMIN/Categories/Category/dropdown_Parent' is present

2020-03-19 14:31:48 - [TEST_STEP][PASSED] - delay(1): Delayed 1 second(s)

2020-03-19 14:31:49 - [MESSAGE][PASSED] - Delayed 1 second(s)

2020-03-19 14:31:49 - [TEST_STEP][PASSED] - setText(findTestObject("ADMIN/Categories/Category/textfield_Category Name"), CategoryNametext): Text 'Category 6.1.1.1.1.1' is set on object 'Object Repository/ADMIN/Categories/Category/textfield_Category Name'

2020-03-19 14:31:49 - [MESSAGE][PASSED] - Text 'Category 6.1.1.1.1.1' is set on object 'Object Repository/ADMIN/Categories/Category/textfield_Category Name'

2020-03-19 14:31:49 - [TEST_STEP][PASSED] - click(findTestObject("ADMIN/Categories/Category/dropdown_Parent")): Object: 'Object Repository/ADMIN/Categories/Category/dropdown_Parent' is clicked on

2020-03-19 14:31:49 - [MESSAGE][PASSED] - Object: 'Object Repository/ADMIN/Categories/Category/dropdown_Parent' is clicked on

2020-03-19 14:31:49 - [TEST_STEP][PASSED] - delay(2): Delayed 2 second(s)

2020-03-19 14:31:51 - [MESSAGE][PASSED] - Delayed 2 second(s)

2020-03-19 14:31:51 - [TEST_STEP][PASSED] - click(findTestObject("ADMIN/Categories/Category/dropdown_Parent")): Object: 'Object Repository/ADMIN/Categories/Category/dropdown_Parent' is clicked on

2020-03-19 14:31:51 - [MESSAGE][PASSED] - Object: 'Object Repository/ADMIN/Categories/Category/dropdown_Parent' is clicked on

2020-03-19 14:31:51 - [TEST_STEP][PASSED] - selectOptionByLabel(findTestObject("ADMIN/Categories/Category/dropdown_Parent"), ParentName, false): All options with label 'Category 6.1.1.1.1' are selected in object 'Object Repository/ADMIN/Categories/Category/dropdown_Parent' 

2020-03-19 14:31:51 - [MESSAGE][PASSED] - All options with label 'Category 6.1.1.1.1' are selected in object 'Object Repository/ADMIN/Categories/Category/dropdown_Parent' 

2020-03-19 14:31:51 - [TEST_STEP][PASSED] - click(findTestObject("ADMIN/Categories/Category/button_Browse")): Object: 'Object Repository/ADMIN/Categories/Category/button_Browse' is clicked on

2020-03-19 14:31:52 - [MESSAGE][PASSED] - Object: 'Object Repository/ADMIN/Categories/Category/button_Browse' is clicked on

2020-03-19 14:31:52 - [TEST_STEP][PASSED] - delay(2): Delayed 2 second(s)

2020-03-19 14:31:54 - [MESSAGE][PASSED] - Delayed 2 second(s)

2020-03-19 14:31:54 - [TEST_STEP][PASSED] - uploadFile(findTestObject("ADMIN/Categories/Category/image_input image"), CategoryImageUpload): File 'C:\\Katalon\\Arctick\\Images\\Category\\6.png' sent to object: 'Object Repository/ADMIN/Categories/Category/image_input image'

2020-03-19 14:31:54 - [MESSAGE][PASSED] - File 'C:\\Katalon\\Arctick\\Images\\Category\\6.png' sent to object: 'Object Repository/ADMIN/Categories/Category/image_input image'

2020-03-19 14:31:54 - [TEST_STEP][PASSED] - waitForElementVisible(findTestObject("ADMIN/Categories/Category/button_upload check"), 0): Object 'Object Repository/ADMIN/Categories/Category/button_upload check' is visible

2020-03-19 14:31:54 - [MESSAGE][WARNING] - Timeout '0' is invalid. Using default page load timeout: '30'

2020-03-19 14:31:54 - [MESSAGE][PASSED] - Object 'Object Repository/ADMIN/Categories/Category/button_upload check' is visible

2020-03-19 14:31:54 - [TEST_STEP][PASSED] - click(findTestObject("ADMIN/Categories/Category/button_upload check")): Object: 'Object Repository/ADMIN/Categories/Category/button_upload check' is clicked on

2020-03-19 14:31:54 - [MESSAGE][PASSED] - Object: 'Object Repository/ADMIN/Categories/Category/button_upload check' is clicked on

2020-03-19 14:31:54 - [TEST_STEP][PASSED] - waitForElementVisible(findTestObject("ADMIN/Categories/Category/button_upload save"), 0): Object 'Object Repository/ADMIN/Categories/Category/button_upload save' is visible

2020-03-19 14:31:54 - [MESSAGE][WARNING] - Timeout '0' is invalid. Using default page load timeout: '30'

2020-03-19 14:31:54 - [MESSAGE][PASSED] - Object 'Object Repository/ADMIN/Categories/Category/button_upload save' is visible

2020-03-19 14:31:54 - [TEST_STEP][PASSED] - click(findTestObject("ADMIN/Categories/Category/button_upload save")): Object: 'Object Repository/ADMIN/Categories/Category/button_upload save' is clicked on

2020-03-19 14:31:54 - [MESSAGE][PASSED] - Object: 'Object Repository/ADMIN/Categories/Category/button_upload save' is clicked on

2020-03-19 14:31:54 - [TEST_STEP][PASSED] - setText(findTestObject("ADMIN/Categories/Category/textfield_category_description"), Description): Text 'Description59' is set on object 'Object Repository/ADMIN/Categories/Category/textfield_category_description'

2020-03-19 14:31:55 - [MESSAGE][PASSED] - Text 'Description59' is set on object 'Object Repository/ADMIN/Categories/Category/textfield_category_description'

2020-03-19 14:31:55 - [TEST_STEP][PASSED] - click(findTestObject("ADMIN/Categories/Category/button_Save")): Object: 'Object Repository/ADMIN/Categories/Category/button_Save' is clicked on

2020-03-19 14:31:55 - [MESSAGE][PASSED] - Object: 'Object Repository/ADMIN/Categories/Category/button_Save' is clicked on

2020-03-19 14:31:55 - [TEST_STEP][PASSED] - waitForElementVisible(findTestObject("ADMIN/Categories/Category/label_edit popup"), 0): Object 'Object Repository/ADMIN/Categories/Category/label_edit popup' is visible

2020-03-19 14:31:55 - [MESSAGE][WARNING] - Timeout '0' is invalid. Using default page load timeout: '30'

2020-03-19 14:31:55 - [MESSAGE][PASSED] - Object 'Object Repository/ADMIN/Categories/Category/label_edit popup' is visible

2020-03-19 14:31:55 - [TEST_STEP][PASSED] - waitForElementNotPresent(findTestObject("ADMIN/Categories/Category/label_edit popup"), 0): Web element with id: 'Object Repository/ADMIN/Categories/Category/label_edit popup' located by 'By.xpath: //div[(text() = 'Category was successfully saved.' or . = 'Category was successfully saved.')]' is not present after '30' second(s)

2020-03-19 14:31:55 - [MESSAGE][WARNING] - Timeout '0' is invalid. Using default page load timeout: '30'

2020-03-19 14:32:01 - [MESSAGE][PASSED] - Web element with id: 'Object Repository/ADMIN/Categories/Category/label_edit popup' located by 'By.xpath: //div[(text() = 'Category was successfully saved.' or . = 'Category was successfully saved.')]' is not present after '30' second(s)]]></system-out>
         <system-err><![CDATA[2020-03-19 14:31:47 - [TEST_CASE][FAILED] - Test Cases/ADMIN/Content Mgmt/Categories/Category Add-Edit/Add Category: Test Cases/ADMIN/Content Mgmt/Categories/Category Add-Edit/Add Category FAILED.
Reason:
com.kms.katalon.core.exception.StepFailedException: Unable to click on object 'Object Repository/ADMIN/Categories/Category List/button_Categories' (Root cause: com.kms.katalon.core.exception.StepFailedException: Unable to click on object 'Object Repository/ADMIN/Categories/Category List/button_Categories'
	at com.kms.katalon.core.webui.keyword.internal.WebUIKeywordMain.stepFailed(WebUIKeywordMain.groovy:64)
	at com.kms.katalon.core.webui.keyword.internal.WebUIKeywordMain.runKeyword(WebUIKeywordMain.groovy:26)
	at com.kms.katalon.core.webui.keyword.builtin.ClickKeyword.click(ClickKeyword.groovy:76)
	at com.kms.katalon.core.webui.keyword.builtin.ClickKeyword.execute(ClickKeyword.groovy:43)
	at com.kms.katalon.core.keyword.internal.KeywordExecutor.executeKeywordForPlatform(KeywordExecutor.groovy:72)
	at com.kms.katalon.core.webui.keyword.WebUiBuiltInKeywords.click(WebUiBuiltInKeywords.groovy:616)
	at com.kms.katalon.core.webui.keyword.WebUiBuiltInKeywords$click$0.call(Unknown Source)
	at Add Category.run(Add Category:28)
	at com.kms.katalon.core.main.ScriptEngine.run(ScriptEngine.java:194)
	at com.kms.katalon.core.main.ScriptEngine.runScriptAsRawText(ScriptEngine.java:119)
	at com.kms.katalon.core.main.TestCaseExecutor.runScript(TestCaseExecutor.java:337)
	at com.kms.katalon.core.main.TestCaseExecutor.doExecute(TestCaseExecutor.java:328)
	at com.kms.katalon.core.main.TestCaseExecutor.processExecutionPhase(TestCaseExecutor.java:307)
	at com.kms.katalon.core.main.TestCaseExecutor.accessMainPhase(TestCaseExecutor.java:299)
	at com.kms.katalon.core.main.TestCaseExecutor.execute(TestCaseExecutor.java:233)
	at com.kms.katalon.core.main.TestSuiteExecutor.accessTestCaseMainPhase(TestSuiteExecutor.java:169)
	at com.kms.katalon.core.main.TestSuiteExecutor.accessTestSuiteMainPhase(TestSuiteExecutor.java:142)
	at com.kms.katalon.core.main.TestSuiteExecutor.execute(TestSuiteExecutor.java:91)
	at com.kms.katalon.core.main.TestCaseMain.startTestSuite(TestCaseMain.java:157)
	at com.kms.katalon.core.main.TestCaseMain$startTestSuite$0.call(Unknown Source)
	at TempTestSuite1584598607274.run(TempTestSuite1584598607274.groovy:36)
Caused by: org.openqa.selenium.ElementNotInteractableException: element not interactable
  (Session info: chrome=80.0.3987.132)
Build info: version: '3.141.59', revision: 'e82be7d358', time: '2018-11-14T08:25:53'
System info: host: 'ARCADIER-03', ip: '192.168.254.105', os.name: 'Windows 7', os.arch: 'amd64', os.version: '6.1', java.version: '1.8.0_181'
Driver info: com.kms.katalon.core.webui.driver.ExistingRemoteWebDriver
Capabilities {javascriptEnabled: true, platform: ANY, platformName: ANY}
Session ID: 66da7635ded2d355388026ca8e7d8eff
	at org.openqa.selenium.remote.http.W3CHttpResponseCodec.createException(W3CHttpResponseCodec.java:187)
	at org.openqa.selenium.remote.http.W3CHttpResponseCodec.decode(W3CHttpResponseCodec.java:122)
	at org.openqa.selenium.remote.http.W3CHttpResponseCodec.decode(W3CHttpResponseCodec.java:49)
	at org.openqa.selenium.remote.HttpCommandExecutor.execute(HttpCommandExecutor.java:158)
	at org.openqa.selenium.remote.RemoteWebDriver.execute(RemoteWebDriver.java:552)
	at com.kms.katalon.core.webui.driver.ExistingRemoteWebDriver.execute(ExistingRemoteWebDriver.java:108)
	at org.openqa.selenium.remote.RemoteWebElement.execute(RemoteWebElement.java:285)
	at org.openqa.selenium.remote.RemoteWebElement.click(RemoteWebElement.java:84)
	at org.openqa.selenium.support.events.EventFiringWebDriver$EventFiringWebElement.lambda$new$0(EventFiringWebDriver.java:404)
	at com.sun.proxy.$Proxy9.click(Unknown Source)
	at org.openqa.selenium.support.events.EventFiringWebDriver$EventFiringWebElement.click(EventFiringWebDriver.java:417)
	at com.kms.katalon.core.webui.keyword.builtin.ClickKeyword$_click_closure1.doCall(ClickKeyword.groovy:69)
	at com.kms.katalon.core.webui.keyword.builtin.ClickKeyword$_click_closure1.call(ClickKeyword.groovy)
	at com.kms.katalon.core.webui.keyword.internal.WebUIKeywordMain.runKeyword(WebUIKeywordMain.groovy:20)
	at com.kms.katalon.core.webui.keyword.builtin.ClickKeyword.click(ClickKeyword.groovy:76)
	at com.kms.katalon.core.webui.keyword.builtin.ClickKeyword.execute(ClickKeyword.groovy:43)
	at com.kms.katalon.core.keyword.internal.KeywordExecutor.executeKeywordForPlatform(KeywordExecutor.groovy:72)
	at com.kms.katalon.core.webui.keyword.WebUiBuiltInKeywords.click(WebUiBuiltInKeywords.groovy:616)
	at com.kms.katalon.core.webui.keyword.WebUiBuiltInKeywords$click$0.call(Unknown Source)
	at Script1549506362832.run(Script1549506362832.groovy:28)
	... 13 more
)
	at com.kms.katalon.core.keyword.internal.KeywordMain.stepFailed(KeywordMain.groovy:39)
	at com.kms.katalon.core.webui.keyword.internal.WebUIKeywordMain.stepFailed(WebUIKeywordMain.groovy:64)
	at com.kms.katalon.core.webui.keyword.internal.WebUIKeywordMain.runKeyword(WebUIKeywordMain.groovy:26)
	at com.kms.katalon.core.webui.keyword.builtin.ClickKeyword.click(ClickKeyword.groovy:76)
	at com.kms.katalon.core.webui.keyword.builtin.ClickKeyword.execute(ClickKeyword.groovy:43)
	at com.kms.katalon.core.keyword.internal.KeywordExecutor.executeKeywordForPlatform(KeywordExecutor.groovy:72)
	at com.kms.katalon.core.webui.keyword.WebUiBuiltInKeywords.click(WebUiBuiltInKeywords.groovy:616)
	at com.kms.katalon.core.webui.keyword.WebUiBuiltInKeywords$click$0.call(Unknown Source)
	at Add Category.run(Add Category:28)
	at com.kms.katalon.core.main.ScriptEngine.run(ScriptEngine.java:194)
	at com.kms.katalon.core.main.ScriptEngine.runScriptAsRawText(ScriptEngine.java:119)
	at com.kms.katalon.core.main.TestCaseExecutor.runScript(TestCaseExecutor.java:337)
	at com.kms.katalon.core.main.TestCaseExecutor.doExecute(TestCaseExecutor.java:328)
	at com.kms.katalon.core.main.TestCaseExecutor.processExecutionPhase(TestCaseExecutor.java:307)
	at com.kms.katalon.core.main.TestCaseExecutor.accessMainPhase(TestCaseExecutor.java:299)
	at com.kms.katalon.core.main.TestCaseExecutor.execute(TestCaseExecutor.java:233)
	at com.kms.katalon.core.main.TestSuiteExecutor.accessTestCaseMainPhase(TestSuiteExecutor.java:169)
	at com.kms.katalon.core.main.TestSuiteExecutor.accessTestSuiteMainPhase(TestSuiteExecutor.java:142)
	at com.kms.katalon.core.main.TestSuiteExecutor.execute(TestSuiteExecutor.java:91)
	at com.kms.katalon.core.main.TestCaseMain.startTestSuite(TestCaseMain.java:157)
	at com.kms.katalon.core.main.TestCaseMain$startTestSuite$0.call(Unknown Source)
	at TempTestSuite1584598607274.run(TempTestSuite1584598607274.groovy:36)
Caused by: com.kms.katalon.core.exception.StepFailedException: Unable to click on object 'Object Repository/ADMIN/Categories/Category List/button_Categories'
	... 21 more
Caused by: org.openqa.selenium.ElementNotInteractableException: element not interactable
  (Session info: chrome=80.0.3987.132)
Build info: version: '3.141.59', revision: 'e82be7d358', time: '2018-11-14T08:25:53'
System info: host: 'ARCADIER-03', ip: '192.168.254.105', os.name: 'Windows 7', os.arch: 'amd64', os.version: '6.1', java.version: '1.8.0_181'
Driver info: com.kms.katalon.core.webui.driver.ExistingRemoteWebDriver
Capabilities {javascriptEnabled: true, platform: ANY, platformName: ANY}
Session ID: 66da7635ded2d355388026ca8e7d8eff
	at org.openqa.selenium.remote.http.W3CHttpResponseCodec.createException(W3CHttpResponseCodec.java:187)
	at org.openqa.selenium.remote.http.W3CHttpResponseCodec.decode(W3CHttpResponseCodec.java:122)
	at org.openqa.selenium.remote.http.W3CHttpResponseCodec.decode(W3CHttpResponseCodec.java:49)
	at org.openqa.selenium.remote.HttpCommandExecutor.execute(HttpCommandExecutor.java:158)
	at org.openqa.selenium.remote.RemoteWebDriver.execute(RemoteWebDriver.java:552)
	at com.kms.katalon.core.webui.driver.ExistingRemoteWebDriver.execute(ExistingRemoteWebDriver.java:108)
	at org.openqa.selenium.remote.RemoteWebElement.execute(RemoteWebElement.java:285)
	at org.openqa.selenium.remote.RemoteWebElement.click(RemoteWebElement.java:84)
	at org.openqa.selenium.support.events.EventFiringWebDriver$EventFiringWebElement.lambda$new$0(EventFiringWebDriver.java:404)
	at com.sun.proxy.$Proxy9.click(Unknown Source)
	at org.openqa.selenium.support.events.EventFiringWebDriver$EventFiringWebElement.click(EventFiringWebDriver.java:417)
	at com.kms.katalon.core.webui.keyword.builtin.ClickKeyword$_click_closure1.doCall(ClickKeyword.groovy:69)
	at com.kms.katalon.core.webui.keyword.builtin.ClickKeyword$_click_closure1.call(ClickKeyword.groovy)
	at com.kms.katalon.core.webui.keyword.internal.WebUIKeywordMain.runKeyword(WebUIKeywordMain.groovy:20)
	... 19 more]]></system-err>
      </testcase>
      <testcase name="Test Cases/ADMIN/Content Mgmt/Categories/Category Add-Edit/Add Category" time="14.658" classname="Test Cases/ADMIN/Content Mgmt/Categories/Category Add-Edit/Add Category" status="FAILED">
         <failure type="FAILED" message="Test Cases/ADMIN/Content Mgmt/Categories/Category Add-Edit/Add Category FAILED.
Reason:
com.kms.katalon.core.exception.StepFailedException: Unable to click on object 'Object Repository/ADMIN/Categories/Category List/button_Categories' (Root cause: com.kms.katalon.core.exception.StepFailedException: Unable to click on object 'Object Repository/ADMIN/Categories/Category List/button_Categories'
	at com.kms.katalon.core.webui.keyword.internal.WebUIKeywordMain.stepFailed(WebUIKeywordMain.groovy:64)
	at com.kms.katalon.core.webui.keyword.internal.WebUIKeywordMain.runKeyword(WebUIKeywordMain.groovy:26)
	at com.kms.katalon.core.webui.keyword.builtin.ClickKeyword.click(ClickKeyword.groovy:76)
	at com.kms.katalon.core.webui.keyword.builtin.ClickKeyword.execute(ClickKeyword.groovy:43)
	at com.kms.katalon.core.keyword.internal.KeywordExecutor.executeKeywordForPlatform(KeywordExecutor.groovy:72)
	at com.kms.katalon.core.webui.keyword.WebUiBuiltInKeywords.click(WebUiBuiltInKeywords.groovy:616)
	at com.kms.katalon.core.webui.keyword.WebUiBuiltInKeywords$click$0.call(Unknown Source)
	at Add Category.run(Add Category:28)
	at com.kms.katalon.core.main.ScriptEngine.run(ScriptEngine.java:194)
	at com.kms.katalon.core.main.ScriptEngine.runScriptAsRawText(ScriptEngine.java:119)
	at com.kms.katalon.core.main.TestCaseExecutor.runScript(TestCaseExecutor.java:337)
	at com.kms.katalon.core.main.TestCaseExecutor.doExecute(TestCaseExecutor.java:328)
	at com.kms.katalon.core.main.TestCaseExecutor.processExecutionPhase(TestCaseExecutor.java:307)
	at com.kms.katalon.core.main.TestCaseExecutor.accessMainPhase(TestCaseExecutor.java:299)
	at com.kms.katalon.core.main.TestCaseExecutor.execute(TestCaseExecutor.java:233)
	at com.kms.katalon.core.main.TestSuiteExecutor.accessTestCaseMainPhase(TestSuiteExecutor.java:169)
	at com.kms.katalon.core.main.TestSuiteExecutor.accessTestSuiteMainPhase(TestSuiteExecutor.java:142)
	at com.kms.katalon.core.main.TestSuiteExecutor.execute(TestSuiteExecutor.java:91)
	at com.kms.katalon.core.main.TestCaseMain.startTestSuite(TestCaseMain.java:157)
	at com.kms.katalon.core.main.TestCaseMain$startTestSuite$0.call(Unknown Source)
	at TempTestSuite1584598607274.run(TempTestSuite1584598607274.groovy:36)
Caused by: org.openqa.selenium.ElementNotInteractableException: element not interactable
  (Session info: chrome=80.0.3987.132)
Build info: version: '3.141.59', revision: 'e82be7d358', time: '2018-11-14T08:25:53'
System info: host: 'ARCADIER-03', ip: '192.168.254.105', os.name: 'Windows 7', os.arch: 'amd64', os.version: '6.1', java.version: '1.8.0_181'
Driver info: com.kms.katalon.core.webui.driver.ExistingRemoteWebDriver
Capabilities {javascriptEnabled: true, platform: ANY, platformName: ANY}
Session ID: 66da7635ded2d355388026ca8e7d8eff
	at org.openqa.selenium.remote.http.W3CHttpResponseCodec.createException(W3CHttpResponseCodec.java:187)
	at org.openqa.selenium.remote.http.W3CHttpResponseCodec.decode(W3CHttpResponseCodec.java:122)
	at org.openqa.selenium.remote.http.W3CHttpResponseCodec.decode(W3CHttpResponseCodec.java:49)
	at org.openqa.selenium.remote.HttpCommandExecutor.execute(HttpCommandExecutor.java:158)
	at org.openqa.selenium.remote.RemoteWebDriver.execute(RemoteWebDriver.java:552)
	at com.kms.katalon.core.webui.driver.ExistingRemoteWebDriver.execute(ExistingRemoteWebDriver.java:108)
	at org.openqa.selenium.remote.RemoteWebElement.execute(RemoteWebElement.java:285)
	at org.openqa.selenium.remote.RemoteWebElement.click(RemoteWebElement.java:84)
	at org.openqa.selenium.support.events.EventFiringWebDriver$EventFiringWebElement.lambda$new$0(EventFiringWebDriver.java:404)
	at com.sun.proxy.$Proxy9.click(Unknown Source)
	at org.openqa.selenium.support.events.EventFiringWebDriver$EventFiringWebElement.click(EventFiringWebDriver.java:417)
	at com.kms.katalon.core.webui.keyword.builtin.ClickKeyword$_click_closure1.doCall(ClickKeyword.groovy:69)
	at com.kms.katalon.core.webui.keyword.builtin.ClickKeyword$_click_closure1.call(ClickKeyword.groovy)
	at com.kms.katalon.core.webui.keyword.internal.WebUIKeywordMain.runKeyword(WebUIKeywordMain.groovy:20)
	at com.kms.katalon.core.webui.keyword.builtin.ClickKeyword.click(ClickKeyword.groovy:76)
	at com.kms.katalon.core.webui.keyword.builtin.ClickKeyword.execute(ClickKeyword.groovy:43)
	at com.kms.katalon.core.keyword.internal.KeywordExecutor.executeKeywordForPlatform(KeywordExecutor.groovy:72)
	at com.kms.katalon.core.webui.keyword.WebUiBuiltInKeywords.click(WebUiBuiltInKeywords.groovy:616)
	at com.kms.katalon.core.webui.keyword.WebUiBuiltInKeywords$click$0.call(Unknown Source)
	at Script1549506362832.run(Script1549506362832.groovy:28)
	... 13 more
)
	at com.kms.katalon.core.keyword.internal.KeywordMain.stepFailed(KeywordMain.groovy:39)
	at com.kms.katalon.core.webui.keyword.internal.WebUIKeywordMain.stepFailed(WebUIKeywordMain.groovy:64)
	at com.kms.katalon.core.webui.keyword.internal.WebUIKeywordMain.runKeyword(WebUIKeywordMain.groovy:26)
	at com.kms.katalon.core.webui.keyword.builtin.ClickKeyword.click(ClickKeyword.groovy:76)
	at com.kms.katalon.core.webui.keyword.builtin.ClickKeyword.execute(ClickKeyword.groovy:43)
	at com.kms.katalon.core.keyword.internal.KeywordExecutor.executeKeywordForPlatform(KeywordExecutor.groovy:72)
	at com.kms.katalon.core.webui.keyword.WebUiBuiltInKeywords.click(WebUiBuiltInKeywords.groovy:616)
	at com.kms.katalon.core.webui.keyword.WebUiBuiltInKeywords$click$0.call(Unknown Source)
	at Add Category.run(Add Category:28)
	at com.kms.katalon.core.main.ScriptEngine.run(ScriptEngine.java:194)
	at com.kms.katalon.core.main.ScriptEngine.runScriptAsRawText(ScriptEngine.java:119)
	at com.kms.katalon.core.main.TestCaseExecutor.runScript(TestCaseExecutor.java:337)
	at com.kms.katalon.core.main.TestCaseExecutor.doExecute(TestCaseExecutor.java:328)
	at com.kms.katalon.core.main.TestCaseExecutor.processExecutionPhase(TestCaseExecutor.java:307)
	at com.kms.katalon.core.main.TestCaseExecutor.accessMainPhase(TestCaseExecutor.java:299)
	at com.kms.katalon.core.main.TestCaseExecutor.execute(TestCaseExecutor.java:233)
	at com.kms.katalon.core.main.TestSuiteExecutor.accessTestCaseMainPhase(TestSuiteExecutor.java:169)
	at com.kms.katalon.core.main.TestSuiteExecutor.accessTestSuiteMainPhase(TestSuiteExecutor.java:142)
	at com.kms.katalon.core.main.TestSuiteExecutor.execute(TestSuiteExecutor.java:91)
	at com.kms.katalon.core.main.TestCaseMain.startTestSuite(TestCaseMain.java:157)
	at com.kms.katalon.core.main.TestCaseMain$startTestSuite$0.call(Unknown Source)
	at TempTestSuite1584598607274.run(TempTestSuite1584598607274.groovy:36)
Caused by: com.kms.katalon.core.exception.StepFailedException: Unable to click on object 'Object Repository/ADMIN/Categories/Category List/button_Categories'
	... 21 more
Caused by: org.openqa.selenium.ElementNotInteractableException: element not interactable
  (Session info: chrome=80.0.3987.132)
Build info: version: '3.141.59', revision: 'e82be7d358', time: '2018-11-14T08:25:53'
System info: host: 'ARCADIER-03', ip: '192.168.254.105', os.name: 'Windows 7', os.arch: 'amd64', os.version: '6.1', java.version: '1.8.0_181'
Driver info: com.kms.katalon.core.webui.driver.ExistingRemoteWebDriver
Capabilities {javascriptEnabled: true, platform: ANY, platformName: ANY}
Session ID: 66da7635ded2d355388026ca8e7d8eff
	at org.openqa.selenium.remote.http.W3CHttpResponseCodec.createException(W3CHttpResponseCodec.java:187)
	at org.openqa.selenium.remote.http.W3CHttpResponseCodec.decode(W3CHttpResponseCodec.java:122)
	at org.openqa.selenium.remote.http.W3CHttpResponseCodec.decode(W3CHttpResponseCodec.java:49)
	at org.openqa.selenium.remote.HttpCommandExecutor.execute(HttpCommandExecutor.java:158)
	at org.openqa.selenium.remote.RemoteWebDriver.execute(RemoteWebDriver.java:552)
	at com.kms.katalon.core.webui.driver.ExistingRemoteWebDriver.execute(ExistingRemoteWebDriver.java:108)
	at org.openqa.selenium.remote.RemoteWebElement.execute(RemoteWebElement.java:285)
	at org.openqa.selenium.remote.RemoteWebElement.click(RemoteWebElement.java:84)
	at org.openqa.selenium.support.events.EventFiringWebDriver$EventFiringWebElement.lambda$new$0(EventFiringWebDriver.java:404)
	at com.sun.proxy.$Proxy9.click(Unknown Source)
	at org.openqa.selenium.support.events.EventFiringWebDriver$EventFiringWebElement.click(EventFiringWebDriver.java:417)
	at com.kms.katalon.core.webui.keyword.builtin.ClickKeyword$_click_closure1.doCall(ClickKeyword.groovy:69)
	at com.kms.katalon.core.webui.keyword.builtin.ClickKeyword$_click_closure1.call(ClickKeyword.groovy)
	at com.kms.katalon.core.webui.keyword.internal.WebUIKeywordMain.runKeyword(WebUIKeywordMain.groovy:20)
	... 19 more
"/>
         <system-out><![CDATA[2020-03-19 14:32:01 - [TEST_CASE][FAILED] - Test Cases/ADMIN/Content Mgmt/Categories/Category Add-Edit/Add Category: Test Cases/ADMIN/Content Mgmt/Categories/Category Add-Edit/Add Category FAILED.
Reason:
com.kms.katalon.core.exception.StepFailedException: Unable to click on object 'Object Repository/ADMIN/Categories/Category List/button_Categories' (Root cause: com.kms.katalon.core.exception.StepFailedException: Unable to click on object 'Object Repository/ADMIN/Categories/Category List/button_Categories'
	at com.kms.katalon.core.webui.keyword.internal.WebUIKeywordMain.stepFailed(WebUIKeywordMain.groovy:64)
	at com.kms.katalon.core.webui.keyword.internal.WebUIKeywordMain.runKeyword(WebUIKeywordMain.groovy:26)
	at com.kms.katalon.core.webui.keyword.builtin.ClickKeyword.click(ClickKeyword.groovy:76)
	at com.kms.katalon.core.webui.keyword.builtin.ClickKeyword.execute(ClickKeyword.groovy:43)
	at com.kms.katalon.core.keyword.internal.KeywordExecutor.executeKeywordForPlatform(KeywordExecutor.groovy:72)
	at com.kms.katalon.core.webui.keyword.WebUiBuiltInKeywords.click(WebUiBuiltInKeywords.groovy:616)
	at com.kms.katalon.core.webui.keyword.WebUiBuiltInKeywords$click$0.call(Unknown Source)
	at Add Category.run(Add Category:28)
	at com.kms.katalon.core.main.ScriptEngine.run(ScriptEngine.java:194)
	at com.kms.katalon.core.main.ScriptEngine.runScriptAsRawText(ScriptEngine.java:119)
	at com.kms.katalon.core.main.TestCaseExecutor.runScript(TestCaseExecutor.java:337)
	at com.kms.katalon.core.main.TestCaseExecutor.doExecute(TestCaseExecutor.java:328)
	at com.kms.katalon.core.main.TestCaseExecutor.processExecutionPhase(TestCaseExecutor.java:307)
	at com.kms.katalon.core.main.TestCaseExecutor.accessMainPhase(TestCaseExecutor.java:299)
	at com.kms.katalon.core.main.TestCaseExecutor.execute(TestCaseExecutor.java:233)
	at com.kms.katalon.core.main.TestSuiteExecutor.accessTestCaseMainPhase(TestSuiteExecutor.java:169)
	at com.kms.katalon.core.main.TestSuiteExecutor.accessTestSuiteMainPhase(TestSuiteExecutor.java:142)
	at com.kms.katalon.core.main.TestSuiteExecutor.execute(TestSuiteExecutor.java:91)
	at com.kms.katalon.core.main.TestCaseMain.startTestSuite(TestCaseMain.java:157)
	at com.kms.katalon.core.main.TestCaseMain$startTestSuite$0.call(Unknown Source)
	at TempTestSuite1584598607274.run(TempTestSuite1584598607274.groovy:36)
Caused by: org.openqa.selenium.ElementNotInteractableException: element not interactable
  (Session info: chrome=80.0.3987.132)
Build info: version: '3.141.59', revision: 'e82be7d358', time: '2018-11-14T08:25:53'
System info: host: 'ARCADIER-03', ip: '192.168.254.105', os.name: 'Windows 7', os.arch: 'amd64', os.version: '6.1', java.version: '1.8.0_181'
Driver info: com.kms.katalon.core.webui.driver.ExistingRemoteWebDriver
Capabilities {javascriptEnabled: true, platform: ANY, platformName: ANY}
Session ID: 66da7635ded2d355388026ca8e7d8eff
	at org.openqa.selenium.remote.http.W3CHttpResponseCodec.createException(W3CHttpResponseCodec.java:187)
	at org.openqa.selenium.remote.http.W3CHttpResponseCodec.decode(W3CHttpResponseCodec.java:122)
	at org.openqa.selenium.remote.http.W3CHttpResponseCodec.decode(W3CHttpResponseCodec.java:49)
	at org.openqa.selenium.remote.HttpCommandExecutor.execute(HttpCommandExecutor.java:158)
	at org.openqa.selenium.remote.RemoteWebDriver.execute(RemoteWebDriver.java:552)
	at com.kms.katalon.core.webui.driver.ExistingRemoteWebDriver.execute(ExistingRemoteWebDriver.java:108)
	at org.openqa.selenium.remote.RemoteWebElement.execute(RemoteWebElement.java:285)
	at org.openqa.selenium.remote.RemoteWebElement.click(RemoteWebElement.java:84)
	at org.openqa.selenium.support.events.EventFiringWebDriver$EventFiringWebElement.lambda$new$0(EventFiringWebDriver.java:404)
	at com.sun.proxy.$Proxy9.click(Unknown Source)
	at org.openqa.selenium.support.events.EventFiringWebDriver$EventFiringWebElement.click(EventFiringWebDriver.java:417)
	at com.kms.katalon.core.webui.keyword.builtin.ClickKeyword$_click_closure1.doCall(ClickKeyword.groovy:69)
	at com.kms.katalon.core.webui.keyword.builtin.ClickKeyword$_click_closure1.call(ClickKeyword.groovy)
	at com.kms.katalon.core.webui.keyword.internal.WebUIKeywordMain.runKeyword(WebUIKeywordMain.groovy:20)
	at com.kms.katalon.core.webui.keyword.builtin.ClickKeyword.click(ClickKeyword.groovy:76)
	at com.kms.katalon.core.webui.keyword.builtin.ClickKeyword.execute(ClickKeyword.groovy:43)
	at com.kms.katalon.core.keyword.internal.KeywordExecutor.executeKeywordForPlatform(KeywordExecutor.groovy:72)
	at com.kms.katalon.core.webui.keyword.WebUiBuiltInKeywords.click(WebUiBuiltInKeywords.groovy:616)
	at com.kms.katalon.core.webui.keyword.WebUiBuiltInKeywords$click$0.call(Unknown Source)
	at Script1549506362832.run(Script1549506362832.groovy:28)
	... 13 more
)
	at com.kms.katalon.core.keyword.internal.KeywordMain.stepFailed(KeywordMain.groovy:39)
	at com.kms.katalon.core.webui.keyword.internal.WebUIKeywordMain.stepFailed(WebUIKeywordMain.groovy:64)
	at com.kms.katalon.core.webui.keyword.internal.WebUIKeywordMain.runKeyword(WebUIKeywordMain.groovy:26)
	at com.kms.katalon.core.webui.keyword.builtin.ClickKeyword.click(ClickKeyword.groovy:76)
	at com.kms.katalon.core.webui.keyword.builtin.ClickKeyword.execute(ClickKeyword.groovy:43)
	at com.kms.katalon.core.keyword.internal.KeywordExecutor.executeKeywordForPlatform(KeywordExecutor.groovy:72)
	at com.kms.katalon.core.webui.keyword.WebUiBuiltInKeywords.click(WebUiBuiltInKeywords.groovy:616)
	at com.kms.katalon.core.webui.keyword.WebUiBuiltInKeywords$click$0.call(Unknown Source)
	at Add Category.run(Add Category:28)
	at com.kms.katalon.core.main.ScriptEngine.run(ScriptEngine.java:194)
	at com.kms.katalon.core.main.ScriptEngine.runScriptAsRawText(ScriptEngine.java:119)
	at com.kms.katalon.core.main.TestCaseExecutor.runScript(TestCaseExecutor.java:337)
	at com.kms.katalon.core.main.TestCaseExecutor.doExecute(TestCaseExecutor.java:328)
	at com.kms.katalon.core.main.TestCaseExecutor.processExecutionPhase(TestCaseExecutor.java:307)
	at com.kms.katalon.core.main.TestCaseExecutor.accessMainPhase(TestCaseExecutor.java:299)
	at com.kms.katalon.core.main.TestCaseExecutor.execute(TestCaseExecutor.java:233)
	at com.kms.katalon.core.main.TestSuiteExecutor.accessTestCaseMainPhase(TestSuiteExecutor.java:169)
	at com.kms.katalon.core.main.TestSuiteExecutor.accessTestSuiteMainPhase(TestSuiteExecutor.java:142)
	at com.kms.katalon.core.main.TestSuiteExecutor.execute(TestSuiteExecutor.java:91)
	at com.kms.katalon.core.main.TestCaseMain.startTestSuite(TestCaseMain.java:157)
	at com.kms.katalon.core.main.TestCaseMain$startTestSuite$0.call(Unknown Source)
	at TempTestSuite1584598607274.run(TempTestSuite1584598607274.groovy:36)
Caused by: com.kms.katalon.core.exception.StepFailedException: Unable to click on object 'Object Repository/ADMIN/Categories/Category List/button_Categories'
	... 21 more
Caused by: org.openqa.selenium.ElementNotInteractableException: element not interactable
  (Session info: chrome=80.0.3987.132)
Build info: version: '3.141.59', revision: 'e82be7d358', time: '2018-11-14T08:25:53'
System info: host: 'ARCADIER-03', ip: '192.168.254.105', os.name: 'Windows 7', os.arch: 'amd64', os.version: '6.1', java.version: '1.8.0_181'
Driver info: com.kms.katalon.core.webui.driver.ExistingRemoteWebDriver
Capabilities {javascriptEnabled: true, platform: ANY, platformName: ANY}
Session ID: 66da7635ded2d355388026ca8e7d8eff
	at org.openqa.selenium.remote.http.W3CHttpResponseCodec.createException(W3CHttpResponseCodec.java:187)
	at org.openqa.selenium.remote.http.W3CHttpResponseCodec.decode(W3CHttpResponseCodec.java:122)
	at org.openqa.selenium.remote.http.W3CHttpResponseCodec.decode(W3CHttpResponseCodec.java:49)
	at org.openqa.selenium.remote.HttpCommandExecutor.execute(HttpCommandExecutor.java:158)
	at org.openqa.selenium.remote.RemoteWebDriver.execute(RemoteWebDriver.java:552)
	at com.kms.katalon.core.webui.driver.ExistingRemoteWebDriver.execute(ExistingRemoteWebDriver.java:108)
	at org.openqa.selenium.remote.RemoteWebElement.execute(RemoteWebElement.java:285)
	at org.openqa.selenium.remote.RemoteWebElement.click(RemoteWebElement.java:84)
	at org.openqa.selenium.support.events.EventFiringWebDriver$EventFiringWebElement.lambda$new$0(EventFiringWebDriver.java:404)
	at com.sun.proxy.$Proxy9.click(Unknown Source)
	at org.openqa.selenium.support.events.EventFiringWebDriver$EventFiringWebElement.click(EventFiringWebDriver.java:417)
	at com.kms.katalon.core.webui.keyword.builtin.ClickKeyword$_click_closure1.doCall(ClickKeyword.groovy:69)
	at com.kms.katalon.core.webui.keyword.builtin.ClickKeyword$_click_closure1.call(ClickKeyword.groovy)
	at com.kms.katalon.core.webui.keyword.internal.WebUIKeywordMain.runKeyword(WebUIKeywordMain.groovy:20)
	... 19 more


2020-03-19 14:32:01 - [TEST_STEP][PASSED] - waitForElementVisible(findTestObject("ADMIN/Categories/Category List/button_Content Mgmt"), 0): Object 'Object Repository/ADMIN/Categories/Category List/button_Content Mgmt' is visible

2020-03-19 14:32:01 - [MESSAGE][WARNING] - Timeout '0' is invalid. Using default page load timeout: '30'

2020-03-19 14:32:01 - [MESSAGE][PASSED] - Object 'Object Repository/ADMIN/Categories/Category List/button_Content Mgmt' is visible

2020-03-19 14:32:01 - [TEST_STEP][PASSED] - click(findTestObject("ADMIN/Categories/Category List/button_Content Mgmt")): Object: 'Object Repository/ADMIN/Categories/Category List/button_Content Mgmt' is clicked on

2020-03-19 14:32:01 - [MESSAGE][PASSED] - Object: 'Object Repository/ADMIN/Categories/Category List/button_Content Mgmt' is clicked on

2020-03-19 14:32:01 - [TEST_STEP][PASSED] - waitForElementVisible(findTestObject("ADMIN/Categories/Category List/button_Categories"), 0): Object 'Object Repository/ADMIN/Categories/Category List/button_Categories' is visible

2020-03-19 14:32:01 - [MESSAGE][WARNING] - Timeout '0' is invalid. Using default page load timeout: '30'

2020-03-19 14:32:01 - [MESSAGE][PASSED] - Object 'Object Repository/ADMIN/Categories/Category List/button_Categories' is visible

2020-03-19 14:32:01 - [TEST_STEP][FAILED] - click(findTestObject("ADMIN/Categories/Category List/button_Categories")): Unable to click on object 'Object Repository/ADMIN/Categories/Category List/button_Categories' (Root cause: com.kms.katalon.core.exception.StepFailedException: Unable to click on object 'Object Repository/ADMIN/Categories/Category List/button_Categories'
	at com.kms.katalon.core.webui.keyword.internal.WebUIKeywordMain.stepFailed(WebUIKeywordMain.groovy:64)
	at com.kms.katalon.core.webui.keyword.internal.WebUIKeywordMain.runKeyword(WebUIKeywordMain.groovy:26)
	at com.kms.katalon.core.webui.keyword.builtin.ClickKeyword.click(ClickKeyword.groovy:76)
	at com.kms.katalon.core.webui.keyword.builtin.ClickKeyword.execute(ClickKeyword.groovy:43)
	at com.kms.katalon.core.keyword.internal.KeywordExecutor.executeKeywordForPlatform(KeywordExecutor.groovy:72)
	at com.kms.katalon.core.webui.keyword.WebUiBuiltInKeywords.click(WebUiBuiltInKeywords.groovy:616)
	at com.kms.katalon.core.webui.keyword.WebUiBuiltInKeywords$click$0.call(Unknown Source)
	at Add Category.run(Add Category:28)
	at com.kms.katalon.core.main.ScriptEngine.run(ScriptEngine.java:194)
	at com.kms.katalon.core.main.ScriptEngine.runScriptAsRawText(ScriptEngine.java:119)
	at com.kms.katalon.core.main.TestCaseExecutor.runScript(TestCaseExecutor.java:337)
	at com.kms.katalon.core.main.TestCaseExecutor.doExecute(TestCaseExecutor.java:328)
	at com.kms.katalon.core.main.TestCaseExecutor.processExecutionPhase(TestCaseExecutor.java:307)
	at com.kms.katalon.core.main.TestCaseExecutor.accessMainPhase(TestCaseExecutor.java:299)
	at com.kms.katalon.core.main.TestCaseExecutor.execute(TestCaseExecutor.java:233)
	at com.kms.katalon.core.main.TestSuiteExecutor.accessTestCaseMainPhase(TestSuiteExecutor.java:169)
	at com.kms.katalon.core.main.TestSuiteExecutor.accessTestSuiteMainPhase(TestSuiteExecutor.java:142)
	at com.kms.katalon.core.main.TestSuiteExecutor.execute(TestSuiteExecutor.java:91)
	at com.kms.katalon.core.main.TestCaseMain.startTestSuite(TestCaseMain.java:157)
	at com.kms.katalon.core.main.TestCaseMain$startTestSuite$0.call(Unknown Source)
	at TempTestSuite1584598607274.run(TempTestSuite1584598607274.groovy:36)
Caused by: org.openqa.selenium.ElementNotInteractableException: element not interactable
  (Session info: chrome=80.0.3987.132)
Build info: version: '3.141.59', revision: 'e82be7d358', time: '2018-11-14T08:25:53'
System info: host: 'ARCADIER-03', ip: '192.168.254.105', os.name: 'Windows 7', os.arch: 'amd64', os.version: '6.1', java.version: '1.8.0_181'
Driver info: com.kms.katalon.core.webui.driver.ExistingRemoteWebDriver
Capabilities {javascriptEnabled: true, platform: ANY, platformName: ANY}
Session ID: 66da7635ded2d355388026ca8e7d8eff
	at org.openqa.selenium.remote.http.W3CHttpResponseCodec.createException(W3CHttpResponseCodec.java:187)
	at org.openqa.selenium.remote.http.W3CHttpResponseCodec.decode(W3CHttpResponseCodec.java:122)
	at org.openqa.selenium.remote.http.W3CHttpResponseCodec.decode(W3CHttpResponseCodec.java:49)
	at org.openqa.selenium.remote.HttpCommandExecutor.execute(HttpCommandExecutor.java:158)
	at org.openqa.selenium.remote.RemoteWebDriver.execute(RemoteWebDriver.java:552)
	at com.kms.katalon.core.webui.driver.ExistingRemoteWebDriver.execute(ExistingRemoteWebDriver.java:108)
	at org.openqa.selenium.remote.RemoteWebElement.execute(RemoteWebElement.java:285)
	at org.openqa.selenium.remote.RemoteWebElement.click(RemoteWebElement.java:84)
	at org.openqa.selenium.support.events.EventFiringWebDriver$EventFiringWebElement.lambda$new$0(EventFiringWebDriver.java:404)
	at com.sun.proxy.$Proxy9.click(Unknown Source)
	at org.openqa.selenium.support.events.EventFiringWebDriver$EventFiringWebElement.click(EventFiringWebDriver.java:417)
	at com.kms.katalon.core.webui.keyword.builtin.ClickKeyword$_click_closure1.doCall(ClickKeyword.groovy:69)
	at com.kms.katalon.core.webui.keyword.builtin.ClickKeyword$_click_closure1.call(ClickKeyword.groovy)
	at com.kms.katalon.core.webui.keyword.internal.WebUIKeywordMain.runKeyword(WebUIKeywordMain.groovy:20)
	at com.kms.katalon.core.webui.keyword.builtin.ClickKeyword.click(ClickKeyword.groovy:76)
	at com.kms.katalon.core.webui.keyword.builtin.ClickKeyword.execute(ClickKeyword.groovy:43)
	at com.kms.katalon.core.keyword.internal.KeywordExecutor.executeKeywordForPlatform(KeywordExecutor.groovy:72)
	at com.kms.katalon.core.webui.keyword.WebUiBuiltInKeywords.click(WebUiBuiltInKeywords.groovy:616)
	at com.kms.katalon.core.webui.keyword.WebUiBuiltInKeywords$click$0.call(Unknown Source)
	at Script1549506362832.run(Script1549506362832.groovy:28)
	... 13 more
)

2020-03-19 14:32:02 - [MESSAGE][FAILED] - Unable to click on object 'Object Repository/ADMIN/Categories/Category List/button_Categories' (Root cause: com.kms.katalon.core.exception.StepFailedException: Unable to click on object 'Object Repository/ADMIN/Categories/Category List/button_Categories'
	at com.kms.katalon.core.webui.keyword.internal.WebUIKeywordMain.stepFailed(WebUIKeywordMain.groovy:64)
	at com.kms.katalon.core.webui.keyword.internal.WebUIKeywordMain.runKeyword(WebUIKeywordMain.groovy:26)
	at com.kms.katalon.core.webui.keyword.builtin.ClickKeyword.click(ClickKeyword.groovy:76)
	at com.kms.katalon.core.webui.keyword.builtin.ClickKeyword.execute(ClickKeyword.groovy:43)
	at com.kms.katalon.core.keyword.internal.KeywordExecutor.executeKeywordForPlatform(KeywordExecutor.groovy:72)
	at com.kms.katalon.core.webui.keyword.WebUiBuiltInKeywords.click(WebUiBuiltInKeywords.groovy:616)
	at com.kms.katalon.core.webui.keyword.WebUiBuiltInKeywords$click$0.call(Unknown Source)
	at Add Category.run(Add Category:28)
	at com.kms.katalon.core.main.ScriptEngine.run(ScriptEngine.java:194)
	at com.kms.katalon.core.main.ScriptEngine.runScriptAsRawText(ScriptEngine.java:119)
	at com.kms.katalon.core.main.TestCaseExecutor.runScript(TestCaseExecutor.java:337)
	at com.kms.katalon.core.main.TestCaseExecutor.doExecute(TestCaseExecutor.java:328)
	at com.kms.katalon.core.main.TestCaseExecutor.processExecutionPhase(TestCaseExecutor.java:307)
	at com.kms.katalon.core.main.TestCaseExecutor.accessMainPhase(TestCaseExecutor.java:299)
	at com.kms.katalon.core.main.TestCaseExecutor.execute(TestCaseExecutor.java:233)
	at com.kms.katalon.core.main.TestSuiteExecutor.accessTestCaseMainPhase(TestSuiteExecutor.java:169)
	at com.kms.katalon.core.main.TestSuiteExecutor.accessTestSuiteMainPhase(TestSuiteExecutor.java:142)
	at com.kms.katalon.core.main.TestSuiteExecutor.execute(TestSuiteExecutor.java:91)
	at com.kms.katalon.core.main.TestCaseMain.startTestSuite(TestCaseMain.java:157)
	at com.kms.katalon.core.main.TestCaseMain$startTestSuite$0.call(Unknown Source)
	at TempTestSuite1584598607274.run(TempTestSuite1584598607274.groovy:36)
Caused by: org.openqa.selenium.ElementNotInteractableException: element not interactable
  (Session info: chrome=80.0.3987.132)
Build info: version: '3.141.59', revision: 'e82be7d358', time: '2018-11-14T08:25:53'
System info: host: 'ARCADIER-03', ip: '192.168.254.105', os.name: 'Windows 7', os.arch: 'amd64', os.version: '6.1', java.version: '1.8.0_181'
Driver info: com.kms.katalon.core.webui.driver.ExistingRemoteWebDriver
Capabilities {javascriptEnabled: true, platform: ANY, platformName: ANY}
Session ID: 66da7635ded2d355388026ca8e7d8eff
	at org.openqa.selenium.remote.http.W3CHttpResponseCodec.createException(W3CHttpResponseCodec.java:187)
	at org.openqa.selenium.remote.http.W3CHttpResponseCodec.decode(W3CHttpResponseCodec.java:122)
	at org.openqa.selenium.remote.http.W3CHttpResponseCodec.decode(W3CHttpResponseCodec.java:49)
	at org.openqa.selenium.remote.HttpCommandExecutor.execute(HttpCommandExecutor.java:158)
	at org.openqa.selenium.remote.RemoteWebDriver.execute(RemoteWebDriver.java:552)
	at com.kms.katalon.core.webui.driver.ExistingRemoteWebDriver.execute(ExistingRemoteWebDriver.java:108)
	at org.openqa.selenium.remote.RemoteWebElement.execute(RemoteWebElement.java:285)
	at org.openqa.selenium.remote.RemoteWebElement.click(RemoteWebElement.java:84)
	at org.openqa.selenium.support.events.EventFiringWebDriver$EventFiringWebElement.lambda$new$0(EventFiringWebDriver.java:404)
	at com.sun.proxy.$Proxy9.click(Unknown Source)
	at org.openqa.selenium.support.events.EventFiringWebDriver$EventFiringWebElement.click(EventFiringWebDriver.java:417)
	at com.kms.katalon.core.webui.keyword.builtin.ClickKeyword$_click_closure1.doCall(ClickKeyword.groovy:69)
	at com.kms.katalon.core.webui.keyword.builtin.ClickKeyword$_click_closure1.call(ClickKeyword.groovy)
	at com.kms.katalon.core.webui.keyword.internal.WebUIKeywordMain.runKeyword(WebUIKeywordMain.groovy:20)
	at com.kms.katalon.core.webui.keyword.builtin.ClickKeyword.click(ClickKeyword.groovy:76)
	at com.kms.katalon.core.webui.keyword.builtin.ClickKeyword.execute(ClickKeyword.groovy:43)
	at com.kms.katalon.core.keyword.internal.KeywordExecutor.executeKeywordForPlatform(KeywordExecutor.groovy:72)
	at com.kms.katalon.core.webui.keyword.WebUiBuiltInKeywords.click(WebUiBuiltInKeywords.groovy:616)
	at com.kms.katalon.core.webui.keyword.WebUiBuiltInKeywords$click$0.call(Unknown Source)
	at Script1549506362832.run(Script1549506362832.groovy:28)
	... 13 more
)
[[ATTACHMENT|C:\\Katalon\\Arctick\\Reports\\20200319_141647\\Admin\\Admin Add Category\\20200319_141647\\1584599521924.png]]

2020-03-19 14:32:02 - [TEST_STEP][PASSED] - waitForPageLoad(0, STOP_ON_FAILURE): Wait for page load successfully

2020-03-19 14:32:02 - [MESSAGE][WARNING] - Timeout '0' is invalid. Using default page load timeout: '30'

2020-03-19 14:32:02 - [MESSAGE][PASSED] - Wait for page load successfully

2020-03-19 14:32:02 - [TEST_STEP][PASSED] - click(findTestObject("ADMIN/Categories/Category List/button_Add a Category")): Object: 'Object Repository/ADMIN/Categories/Category List/button_Add a Category' is clicked on

2020-03-19 14:32:02 - [MESSAGE][PASSED] - Object: 'Object Repository/ADMIN/Categories/Category List/button_Add a Category' is clicked on

2020-03-19 14:32:02 - [TEST_STEP][PASSED] - waitForElementPresent(findTestObject("ADMIN/Categories/Category/dropdown_Parent"), 2): Object 'Object Repository/ADMIN/Categories/Category/dropdown_Parent' is present

2020-03-19 14:32:02 - [MESSAGE][PASSED] - Object 'Object Repository/ADMIN/Categories/Category/dropdown_Parent' is present

2020-03-19 14:32:02 - [TEST_STEP][PASSED] - delay(1): Delayed 1 second(s)

2020-03-19 14:32:03 - [MESSAGE][PASSED] - Delayed 1 second(s)

2020-03-19 14:32:03 - [TEST_STEP][PASSED] - setText(findTestObject("ADMIN/Categories/Category/textfield_Category Name"), CategoryNametext): Text 'Category 6.1.1.1.1.1.1' is set on object 'Object Repository/ADMIN/Categories/Category/textfield_Category Name'

2020-03-19 14:32:03 - [MESSAGE][PASSED] - Text 'Category 6.1.1.1.1.1.1' is set on object 'Object Repository/ADMIN/Categories/Category/textfield_Category Name'

2020-03-19 14:32:03 - [TEST_STEP][PASSED] - click(findTestObject("ADMIN/Categories/Category/dropdown_Parent")): Object: 'Object Repository/ADMIN/Categories/Category/dropdown_Parent' is clicked on

2020-03-19 14:32:04 - [MESSAGE][PASSED] - Object: 'Object Repository/ADMIN/Categories/Category/dropdown_Parent' is clicked on

2020-03-19 14:32:04 - [TEST_STEP][PASSED] - delay(2): Delayed 2 second(s)

2020-03-19 14:32:06 - [MESSAGE][PASSED] - Delayed 2 second(s)

2020-03-19 14:32:06 - [TEST_STEP][PASSED] - click(findTestObject("ADMIN/Categories/Category/dropdown_Parent")): Object: 'Object Repository/ADMIN/Categories/Category/dropdown_Parent' is clicked on

2020-03-19 14:32:06 - [MESSAGE][PASSED] - Object: 'Object Repository/ADMIN/Categories/Category/dropdown_Parent' is clicked on

2020-03-19 14:32:06 - [TEST_STEP][PASSED] - selectOptionByLabel(findTestObject("ADMIN/Categories/Category/dropdown_Parent"), ParentName, false): All options with label 'Category 6.1.1.1.1.1' are selected in object 'Object Repository/ADMIN/Categories/Category/dropdown_Parent' 

2020-03-19 14:32:06 - [MESSAGE][PASSED] - All options with label 'Category 6.1.1.1.1.1' are selected in object 'Object Repository/ADMIN/Categories/Category/dropdown_Parent' 

2020-03-19 14:32:06 - [TEST_STEP][PASSED] - click(findTestObject("ADMIN/Categories/Category/button_Browse")): Object: 'Object Repository/ADMIN/Categories/Category/button_Browse' is clicked on

2020-03-19 14:32:06 - [MESSAGE][PASSED] - Object: 'Object Repository/ADMIN/Categories/Category/button_Browse' is clicked on

2020-03-19 14:32:06 - [TEST_STEP][PASSED] - delay(2): Delayed 2 second(s)

2020-03-19 14:32:08 - [MESSAGE][PASSED] - Delayed 2 second(s)

2020-03-19 14:32:08 - [TEST_STEP][PASSED] - uploadFile(findTestObject("ADMIN/Categories/Category/image_input image"), CategoryImageUpload): File 'C:\\Katalon\\Arctick\\Images\\Category\\6.png' sent to object: 'Object Repository/ADMIN/Categories/Category/image_input image'

2020-03-19 14:32:08 - [MESSAGE][PASSED] - File 'C:\\Katalon\\Arctick\\Images\\Category\\6.png' sent to object: 'Object Repository/ADMIN/Categories/Category/image_input image'

2020-03-19 14:32:08 - [TEST_STEP][PASSED] - waitForElementVisible(findTestObject("ADMIN/Categories/Category/button_upload check"), 0): Object 'Object Repository/ADMIN/Categories/Category/button_upload check' is visible

2020-03-19 14:32:08 - [MESSAGE][WARNING] - Timeout '0' is invalid. Using default page load timeout: '30'

2020-03-19 14:32:08 - [MESSAGE][PASSED] - Object 'Object Repository/ADMIN/Categories/Category/button_upload check' is visible

2020-03-19 14:32:08 - [TEST_STEP][PASSED] - click(findTestObject("ADMIN/Categories/Category/button_upload check")): Object: 'Object Repository/ADMIN/Categories/Category/button_upload check' is clicked on

2020-03-19 14:32:08 - [MESSAGE][PASSED] - Object: 'Object Repository/ADMIN/Categories/Category/button_upload check' is clicked on

2020-03-19 14:32:08 - [TEST_STEP][PASSED] - waitForElementVisible(findTestObject("ADMIN/Categories/Category/button_upload save"), 0): Object 'Object Repository/ADMIN/Categories/Category/button_upload save' is visible

2020-03-19 14:32:08 - [MESSAGE][WARNING] - Timeout '0' is invalid. Using default page load timeout: '30'

2020-03-19 14:32:09 - [MESSAGE][PASSED] - Object 'Object Repository/ADMIN/Categories/Category/button_upload save' is visible

2020-03-19 14:32:09 - [TEST_STEP][PASSED] - click(findTestObject("ADMIN/Categories/Category/button_upload save")): Object: 'Object Repository/ADMIN/Categories/Category/button_upload save' is clicked on

2020-03-19 14:32:09 - [MESSAGE][PASSED] - Object: 'Object Repository/ADMIN/Categories/Category/button_upload save' is clicked on

2020-03-19 14:32:09 - [TEST_STEP][PASSED] - setText(findTestObject("ADMIN/Categories/Category/textfield_category_description"), Description): Text 'Description60' is set on object 'Object Repository/ADMIN/Categories/Category/textfield_category_description'

2020-03-19 14:32:09 - [MESSAGE][PASSED] - Text 'Description60' is set on object 'Object Repository/ADMIN/Categories/Category/textfield_category_description'

2020-03-19 14:32:09 - [TEST_STEP][PASSED] - click(findTestObject("ADMIN/Categories/Category/button_Save")): Object: 'Object Repository/ADMIN/Categories/Category/button_Save' is clicked on

2020-03-19 14:32:09 - [MESSAGE][PASSED] - Object: 'Object Repository/ADMIN/Categories/Category/button_Save' is clicked on

2020-03-19 14:32:09 - [TEST_STEP][PASSED] - waitForElementVisible(findTestObject("ADMIN/Categories/Category/label_edit popup"), 0): Object 'Object Repository/ADMIN/Categories/Category/label_edit popup' is visible

2020-03-19 14:32:09 - [MESSAGE][WARNING] - Timeout '0' is invalid. Using default page load timeout: '30'

2020-03-19 14:32:10 - [MESSAGE][PASSED] - Object 'Object Repository/ADMIN/Categories/Category/label_edit popup' is visible

2020-03-19 14:32:10 - [TEST_STEP][PASSED] - waitForElementNotPresent(findTestObject("ADMIN/Categories/Category/label_edit popup"), 0): Web element with id: 'Object Repository/ADMIN/Categories/Category/label_edit popup' located by 'By.xpath: //div[(text() = 'Category was successfully saved.' or . = 'Category was successfully saved.')]' is not present after '30' second(s)

2020-03-19 14:32:10 - [MESSAGE][WARNING] - Timeout '0' is invalid. Using default page load timeout: '30'

2020-03-19 14:32:16 - [MESSAGE][PASSED] - Web element with id: 'Object Repository/ADMIN/Categories/Category/label_edit popup' located by 'By.xpath: //div[(text() = 'Category was successfully saved.' or . = 'Category was successfully saved.')]' is not present after '30' second(s)]]></system-out>
         <system-err><![CDATA[2020-03-19 14:32:01 - [TEST_CASE][FAILED] - Test Cases/ADMIN/Content Mgmt/Categories/Category Add-Edit/Add Category: Test Cases/ADMIN/Content Mgmt/Categories/Category Add-Edit/Add Category FAILED.
Reason:
com.kms.katalon.core.exception.StepFailedException: Unable to click on object 'Object Repository/ADMIN/Categories/Category List/button_Categories' (Root cause: com.kms.katalon.core.exception.StepFailedException: Unable to click on object 'Object Repository/ADMIN/Categories/Category List/button_Categories'
	at com.kms.katalon.core.webui.keyword.internal.WebUIKeywordMain.stepFailed(WebUIKeywordMain.groovy:64)
	at com.kms.katalon.core.webui.keyword.internal.WebUIKeywordMain.runKeyword(WebUIKeywordMain.groovy:26)
	at com.kms.katalon.core.webui.keyword.builtin.ClickKeyword.click(ClickKeyword.groovy:76)
	at com.kms.katalon.core.webui.keyword.builtin.ClickKeyword.execute(ClickKeyword.groovy:43)
	at com.kms.katalon.core.keyword.internal.KeywordExecutor.executeKeywordForPlatform(KeywordExecutor.groovy:72)
	at com.kms.katalon.core.webui.keyword.WebUiBuiltInKeywords.click(WebUiBuiltInKeywords.groovy:616)
	at com.kms.katalon.core.webui.keyword.WebUiBuiltInKeywords$click$0.call(Unknown Source)
	at Add Category.run(Add Category:28)
	at com.kms.katalon.core.main.ScriptEngine.run(ScriptEngine.java:194)
	at com.kms.katalon.core.main.ScriptEngine.runScriptAsRawText(ScriptEngine.java:119)
	at com.kms.katalon.core.main.TestCaseExecutor.runScript(TestCaseExecutor.java:337)
	at com.kms.katalon.core.main.TestCaseExecutor.doExecute(TestCaseExecutor.java:328)
	at com.kms.katalon.core.main.TestCaseExecutor.processExecutionPhase(TestCaseExecutor.java:307)
	at com.kms.katalon.core.main.TestCaseExecutor.accessMainPhase(TestCaseExecutor.java:299)
	at com.kms.katalon.core.main.TestCaseExecutor.execute(TestCaseExecutor.java:233)
	at com.kms.katalon.core.main.TestSuiteExecutor.accessTestCaseMainPhase(TestSuiteExecutor.java:169)
	at com.kms.katalon.core.main.TestSuiteExecutor.accessTestSuiteMainPhase(TestSuiteExecutor.java:142)
	at com.kms.katalon.core.main.TestSuiteExecutor.execute(TestSuiteExecutor.java:91)
	at com.kms.katalon.core.main.TestCaseMain.startTestSuite(TestCaseMain.java:157)
	at com.kms.katalon.core.main.TestCaseMain$startTestSuite$0.call(Unknown Source)
	at TempTestSuite1584598607274.run(TempTestSuite1584598607274.groovy:36)
Caused by: org.openqa.selenium.ElementNotInteractableException: element not interactable
  (Session info: chrome=80.0.3987.132)
Build info: version: '3.141.59', revision: 'e82be7d358', time: '2018-11-14T08:25:53'
System info: host: 'ARCADIER-03', ip: '192.168.254.105', os.name: 'Windows 7', os.arch: 'amd64', os.version: '6.1', java.version: '1.8.0_181'
Driver info: com.kms.katalon.core.webui.driver.ExistingRemoteWebDriver
Capabilities {javascriptEnabled: true, platform: ANY, platformName: ANY}
Session ID: 66da7635ded2d355388026ca8e7d8eff
	at org.openqa.selenium.remote.http.W3CHttpResponseCodec.createException(W3CHttpResponseCodec.java:187)
	at org.openqa.selenium.remote.http.W3CHttpResponseCodec.decode(W3CHttpResponseCodec.java:122)
	at org.openqa.selenium.remote.http.W3CHttpResponseCodec.decode(W3CHttpResponseCodec.java:49)
	at org.openqa.selenium.remote.HttpCommandExecutor.execute(HttpCommandExecutor.java:158)
	at org.openqa.selenium.remote.RemoteWebDriver.execute(RemoteWebDriver.java:552)
	at com.kms.katalon.core.webui.driver.ExistingRemoteWebDriver.execute(ExistingRemoteWebDriver.java:108)
	at org.openqa.selenium.remote.RemoteWebElement.execute(RemoteWebElement.java:285)
	at org.openqa.selenium.remote.RemoteWebElement.click(RemoteWebElement.java:84)
	at org.openqa.selenium.support.events.EventFiringWebDriver$EventFiringWebElement.lambda$new$0(EventFiringWebDriver.java:404)
	at com.sun.proxy.$Proxy9.click(Unknown Source)
	at org.openqa.selenium.support.events.EventFiringWebDriver$EventFiringWebElement.click(EventFiringWebDriver.java:417)
	at com.kms.katalon.core.webui.keyword.builtin.ClickKeyword$_click_closure1.doCall(ClickKeyword.groovy:69)
	at com.kms.katalon.core.webui.keyword.builtin.ClickKeyword$_click_closure1.call(ClickKeyword.groovy)
	at com.kms.katalon.core.webui.keyword.internal.WebUIKeywordMain.runKeyword(WebUIKeywordMain.groovy:20)
	at com.kms.katalon.core.webui.keyword.builtin.ClickKeyword.click(ClickKeyword.groovy:76)
	at com.kms.katalon.core.webui.keyword.builtin.ClickKeyword.execute(ClickKeyword.groovy:43)
	at com.kms.katalon.core.keyword.internal.KeywordExecutor.executeKeywordForPlatform(KeywordExecutor.groovy:72)
	at com.kms.katalon.core.webui.keyword.WebUiBuiltInKeywords.click(WebUiBuiltInKeywords.groovy:616)
	at com.kms.katalon.core.webui.keyword.WebUiBuiltInKeywords$click$0.call(Unknown Source)
	at Script1549506362832.run(Script1549506362832.groovy:28)
	... 13 more
)
	at com.kms.katalon.core.keyword.internal.KeywordMain.stepFailed(KeywordMain.groovy:39)
	at com.kms.katalon.core.webui.keyword.internal.WebUIKeywordMain.stepFailed(WebUIKeywordMain.groovy:64)
	at com.kms.katalon.core.webui.keyword.internal.WebUIKeywordMain.runKeyword(WebUIKeywordMain.groovy:26)
	at com.kms.katalon.core.webui.keyword.builtin.ClickKeyword.click(ClickKeyword.groovy:76)
	at com.kms.katalon.core.webui.keyword.builtin.ClickKeyword.execute(ClickKeyword.groovy:43)
	at com.kms.katalon.core.keyword.internal.KeywordExecutor.executeKeywordForPlatform(KeywordExecutor.groovy:72)
	at com.kms.katalon.core.webui.keyword.WebUiBuiltInKeywords.click(WebUiBuiltInKeywords.groovy:616)
	at com.kms.katalon.core.webui.keyword.WebUiBuiltInKeywords$click$0.call(Unknown Source)
	at Add Category.run(Add Category:28)
	at com.kms.katalon.core.main.ScriptEngine.run(ScriptEngine.java:194)
	at com.kms.katalon.core.main.ScriptEngine.runScriptAsRawText(ScriptEngine.java:119)
	at com.kms.katalon.core.main.TestCaseExecutor.runScript(TestCaseExecutor.java:337)
	at com.kms.katalon.core.main.TestCaseExecutor.doExecute(TestCaseExecutor.java:328)
	at com.kms.katalon.core.main.TestCaseExecutor.processExecutionPhase(TestCaseExecutor.java:307)
	at com.kms.katalon.core.main.TestCaseExecutor.accessMainPhase(TestCaseExecutor.java:299)
	at com.kms.katalon.core.main.TestCaseExecutor.execute(TestCaseExecutor.java:233)
	at com.kms.katalon.core.main.TestSuiteExecutor.accessTestCaseMainPhase(TestSuiteExecutor.java:169)
	at com.kms.katalon.core.main.TestSuiteExecutor.accessTestSuiteMainPhase(TestSuiteExecutor.java:142)
	at com.kms.katalon.core.main.TestSuiteExecutor.execute(TestSuiteExecutor.java:91)
	at com.kms.katalon.core.main.TestCaseMain.startTestSuite(TestCaseMain.java:157)
	at com.kms.katalon.core.main.TestCaseMain$startTestSuite$0.call(Unknown Source)
	at TempTestSuite1584598607274.run(TempTestSuite1584598607274.groovy:36)
Caused by: com.kms.katalon.core.exception.StepFailedException: Unable to click on object 'Object Repository/ADMIN/Categories/Category List/button_Categories'
	... 21 more
Caused by: org.openqa.selenium.ElementNotInteractableException: element not interactable
  (Session info: chrome=80.0.3987.132)
Build info: version: '3.141.59', revision: 'e82be7d358', time: '2018-11-14T08:25:53'
System info: host: 'ARCADIER-03', ip: '192.168.254.105', os.name: 'Windows 7', os.arch: 'amd64', os.version: '6.1', java.version: '1.8.0_181'
Driver info: com.kms.katalon.core.webui.driver.ExistingRemoteWebDriver
Capabilities {javascriptEnabled: true, platform: ANY, platformName: ANY}
Session ID: 66da7635ded2d355388026ca8e7d8eff
	at org.openqa.selenium.remote.http.W3CHttpResponseCodec.createException(W3CHttpResponseCodec.java:187)
	at org.openqa.selenium.remote.http.W3CHttpResponseCodec.decode(W3CHttpResponseCodec.java:122)
	at org.openqa.selenium.remote.http.W3CHttpResponseCodec.decode(W3CHttpResponseCodec.java:49)
	at org.openqa.selenium.remote.HttpCommandExecutor.execute(HttpCommandExecutor.java:158)
	at org.openqa.selenium.remote.RemoteWebDriver.execute(RemoteWebDriver.java:552)
	at com.kms.katalon.core.webui.driver.ExistingRemoteWebDriver.execute(ExistingRemoteWebDriver.java:108)
	at org.openqa.selenium.remote.RemoteWebElement.execute(RemoteWebElement.java:285)
	at org.openqa.selenium.remote.RemoteWebElement.click(RemoteWebElement.java:84)
	at org.openqa.selenium.support.events.EventFiringWebDriver$EventFiringWebElement.lambda$new$0(EventFiringWebDriver.java:404)
	at com.sun.proxy.$Proxy9.click(Unknown Source)
	at org.openqa.selenium.support.events.EventFiringWebDriver$EventFiringWebElement.click(EventFiringWebDriver.java:417)
	at com.kms.katalon.core.webui.keyword.builtin.ClickKeyword$_click_closure1.doCall(ClickKeyword.groovy:69)
	at com.kms.katalon.core.webui.keyword.builtin.ClickKeyword$_click_closure1.call(ClickKeyword.groovy)
	at com.kms.katalon.core.webui.keyword.internal.WebUIKeywordMain.runKeyword(WebUIKeywordMain.groovy:20)
	... 19 more]]></system-err>
      </testcase>
      <testcase name="Test Cases/ADMIN/Content Mgmt/Categories/Category Add-Edit/Add Category" time="15.499" classname="Test Cases/ADMIN/Content Mgmt/Categories/Category Add-Edit/Add Category" status="FAILED">
         <failure type="FAILED" message="Test Cases/ADMIN/Content Mgmt/Categories/Category Add-Edit/Add Category FAILED.
Reason:
com.kms.katalon.core.exception.StepFailedException: Unable to click on object 'Object Repository/ADMIN/Categories/Category List/button_Categories' (Root cause: com.kms.katalon.core.exception.StepFailedException: Unable to click on object 'Object Repository/ADMIN/Categories/Category List/button_Categories'
	at com.kms.katalon.core.webui.keyword.internal.WebUIKeywordMain.stepFailed(WebUIKeywordMain.groovy:64)
	at com.kms.katalon.core.webui.keyword.internal.WebUIKeywordMain.runKeyword(WebUIKeywordMain.groovy:26)
	at com.kms.katalon.core.webui.keyword.builtin.ClickKeyword.click(ClickKeyword.groovy:76)
	at com.kms.katalon.core.webui.keyword.builtin.ClickKeyword.execute(ClickKeyword.groovy:43)
	at com.kms.katalon.core.keyword.internal.KeywordExecutor.executeKeywordForPlatform(KeywordExecutor.groovy:72)
	at com.kms.katalon.core.webui.keyword.WebUiBuiltInKeywords.click(WebUiBuiltInKeywords.groovy:616)
	at com.kms.katalon.core.webui.keyword.WebUiBuiltInKeywords$click$0.call(Unknown Source)
	at Add Category.run(Add Category:28)
	at com.kms.katalon.core.main.ScriptEngine.run(ScriptEngine.java:194)
	at com.kms.katalon.core.main.ScriptEngine.runScriptAsRawText(ScriptEngine.java:119)
	at com.kms.katalon.core.main.TestCaseExecutor.runScript(TestCaseExecutor.java:337)
	at com.kms.katalon.core.main.TestCaseExecutor.doExecute(TestCaseExecutor.java:328)
	at com.kms.katalon.core.main.TestCaseExecutor.processExecutionPhase(TestCaseExecutor.java:307)
	at com.kms.katalon.core.main.TestCaseExecutor.accessMainPhase(TestCaseExecutor.java:299)
	at com.kms.katalon.core.main.TestCaseExecutor.execute(TestCaseExecutor.java:233)
	at com.kms.katalon.core.main.TestSuiteExecutor.accessTestCaseMainPhase(TestSuiteExecutor.java:169)
	at com.kms.katalon.core.main.TestSuiteExecutor.accessTestSuiteMainPhase(TestSuiteExecutor.java:142)
	at com.kms.katalon.core.main.TestSuiteExecutor.execute(TestSuiteExecutor.java:91)
	at com.kms.katalon.core.main.TestCaseMain.startTestSuite(TestCaseMain.java:157)
	at com.kms.katalon.core.main.TestCaseMain$startTestSuite$0.call(Unknown Source)
	at TempTestSuite1584598607274.run(TempTestSuite1584598607274.groovy:36)
Caused by: org.openqa.selenium.ElementNotInteractableException: element not interactable
  (Session info: chrome=80.0.3987.132)
Build info: version: '3.141.59', revision: 'e82be7d358', time: '2018-11-14T08:25:53'
System info: host: 'ARCADIER-03', ip: '192.168.254.105', os.name: 'Windows 7', os.arch: 'amd64', os.version: '6.1', java.version: '1.8.0_181'
Driver info: com.kms.katalon.core.webui.driver.ExistingRemoteWebDriver
Capabilities {javascriptEnabled: true, platform: ANY, platformName: ANY}
Session ID: 66da7635ded2d355388026ca8e7d8eff
	at org.openqa.selenium.remote.http.W3CHttpResponseCodec.createException(W3CHttpResponseCodec.java:187)
	at org.openqa.selenium.remote.http.W3CHttpResponseCodec.decode(W3CHttpResponseCodec.java:122)
	at org.openqa.selenium.remote.http.W3CHttpResponseCodec.decode(W3CHttpResponseCodec.java:49)
	at org.openqa.selenium.remote.HttpCommandExecutor.execute(HttpCommandExecutor.java:158)
	at org.openqa.selenium.remote.RemoteWebDriver.execute(RemoteWebDriver.java:552)
	at com.kms.katalon.core.webui.driver.ExistingRemoteWebDriver.execute(ExistingRemoteWebDriver.java:108)
	at org.openqa.selenium.remote.RemoteWebElement.execute(RemoteWebElement.java:285)
	at org.openqa.selenium.remote.RemoteWebElement.click(RemoteWebElement.java:84)
	at org.openqa.selenium.support.events.EventFiringWebDriver$EventFiringWebElement.lambda$new$0(EventFiringWebDriver.java:404)
	at com.sun.proxy.$Proxy9.click(Unknown Source)
	at org.openqa.selenium.support.events.EventFiringWebDriver$EventFiringWebElement.click(EventFiringWebDriver.java:417)
	at com.kms.katalon.core.webui.keyword.builtin.ClickKeyword$_click_closure1.doCall(ClickKeyword.groovy:69)
	at com.kms.katalon.core.webui.keyword.builtin.ClickKeyword$_click_closure1.call(ClickKeyword.groovy)
	at com.kms.katalon.core.webui.keyword.internal.WebUIKeywordMain.runKeyword(WebUIKeywordMain.groovy:20)
	at com.kms.katalon.core.webui.keyword.builtin.ClickKeyword.click(ClickKeyword.groovy:76)
	at com.kms.katalon.core.webui.keyword.builtin.ClickKeyword.execute(ClickKeyword.groovy:43)
	at com.kms.katalon.core.keyword.internal.KeywordExecutor.executeKeywordForPlatform(KeywordExecutor.groovy:72)
	at com.kms.katalon.core.webui.keyword.WebUiBuiltInKeywords.click(WebUiBuiltInKeywords.groovy:616)
	at com.kms.katalon.core.webui.keyword.WebUiBuiltInKeywords$click$0.call(Unknown Source)
	at Script1549506362832.run(Script1549506362832.groovy:28)
	... 13 more
)
	at com.kms.katalon.core.keyword.internal.KeywordMain.stepFailed(KeywordMain.groovy:39)
	at com.kms.katalon.core.webui.keyword.internal.WebUIKeywordMain.stepFailed(WebUIKeywordMain.groovy:64)
	at com.kms.katalon.core.webui.keyword.internal.WebUIKeywordMain.runKeyword(WebUIKeywordMain.groovy:26)
	at com.kms.katalon.core.webui.keyword.builtin.ClickKeyword.click(ClickKeyword.groovy:76)
	at com.kms.katalon.core.webui.keyword.builtin.ClickKeyword.execute(ClickKeyword.groovy:43)
	at com.kms.katalon.core.keyword.internal.KeywordExecutor.executeKeywordForPlatform(KeywordExecutor.groovy:72)
	at com.kms.katalon.core.webui.keyword.WebUiBuiltInKeywords.click(WebUiBuiltInKeywords.groovy:616)
	at com.kms.katalon.core.webui.keyword.WebUiBuiltInKeywords$click$0.call(Unknown Source)
	at Add Category.run(Add Category:28)
	at com.kms.katalon.core.main.ScriptEngine.run(ScriptEngine.java:194)
	at com.kms.katalon.core.main.ScriptEngine.runScriptAsRawText(ScriptEngine.java:119)
	at com.kms.katalon.core.main.TestCaseExecutor.runScript(TestCaseExecutor.java:337)
	at com.kms.katalon.core.main.TestCaseExecutor.doExecute(TestCaseExecutor.java:328)
	at com.kms.katalon.core.main.TestCaseExecutor.processExecutionPhase(TestCaseExecutor.java:307)
	at com.kms.katalon.core.main.TestCaseExecutor.accessMainPhase(TestCaseExecutor.java:299)
	at com.kms.katalon.core.main.TestCaseExecutor.execute(TestCaseExecutor.java:233)
	at com.kms.katalon.core.main.TestSuiteExecutor.accessTestCaseMainPhase(TestSuiteExecutor.java:169)
	at com.kms.katalon.core.main.TestSuiteExecutor.accessTestSuiteMainPhase(TestSuiteExecutor.java:142)
	at com.kms.katalon.core.main.TestSuiteExecutor.execute(TestSuiteExecutor.java:91)
	at com.kms.katalon.core.main.TestCaseMain.startTestSuite(TestCaseMain.java:157)
	at com.kms.katalon.core.main.TestCaseMain$startTestSuite$0.call(Unknown Source)
	at TempTestSuite1584598607274.run(TempTestSuite1584598607274.groovy:36)
Caused by: com.kms.katalon.core.exception.StepFailedException: Unable to click on object 'Object Repository/ADMIN/Categories/Category List/button_Categories'
	... 21 more
Caused by: org.openqa.selenium.ElementNotInteractableException: element not interactable
  (Session info: chrome=80.0.3987.132)
Build info: version: '3.141.59', revision: 'e82be7d358', time: '2018-11-14T08:25:53'
System info: host: 'ARCADIER-03', ip: '192.168.254.105', os.name: 'Windows 7', os.arch: 'amd64', os.version: '6.1', java.version: '1.8.0_181'
Driver info: com.kms.katalon.core.webui.driver.ExistingRemoteWebDriver
Capabilities {javascriptEnabled: true, platform: ANY, platformName: ANY}
Session ID: 66da7635ded2d355388026ca8e7d8eff
	at org.openqa.selenium.remote.http.W3CHttpResponseCodec.createException(W3CHttpResponseCodec.java:187)
	at org.openqa.selenium.remote.http.W3CHttpResponseCodec.decode(W3CHttpResponseCodec.java:122)
	at org.openqa.selenium.remote.http.W3CHttpResponseCodec.decode(W3CHttpResponseCodec.java:49)
	at org.openqa.selenium.remote.HttpCommandExecutor.execute(HttpCommandExecutor.java:158)
	at org.openqa.selenium.remote.RemoteWebDriver.execute(RemoteWebDriver.java:552)
	at com.kms.katalon.core.webui.driver.ExistingRemoteWebDriver.execute(ExistingRemoteWebDriver.java:108)
	at org.openqa.selenium.remote.RemoteWebElement.execute(RemoteWebElement.java:285)
	at org.openqa.selenium.remote.RemoteWebElement.click(RemoteWebElement.java:84)
	at org.openqa.selenium.support.events.EventFiringWebDriver$EventFiringWebElement.lambda$new$0(EventFiringWebDriver.java:404)
	at com.sun.proxy.$Proxy9.click(Unknown Source)
	at org.openqa.selenium.support.events.EventFiringWebDriver$EventFiringWebElement.click(EventFiringWebDriver.java:417)
	at com.kms.katalon.core.webui.keyword.builtin.ClickKeyword$_click_closure1.doCall(ClickKeyword.groovy:69)
	at com.kms.katalon.core.webui.keyword.builtin.ClickKeyword$_click_closure1.call(ClickKeyword.groovy)
	at com.kms.katalon.core.webui.keyword.internal.WebUIKeywordMain.runKeyword(WebUIKeywordMain.groovy:20)
	... 19 more
"/>
         <system-out><![CDATA[2020-03-19 14:32:16 - [TEST_CASE][FAILED] - Test Cases/ADMIN/Content Mgmt/Categories/Category Add-Edit/Add Category: Test Cases/ADMIN/Content Mgmt/Categories/Category Add-Edit/Add Category FAILED.
Reason:
com.kms.katalon.core.exception.StepFailedException: Unable to click on object 'Object Repository/ADMIN/Categories/Category List/button_Categories' (Root cause: com.kms.katalon.core.exception.StepFailedException: Unable to click on object 'Object Repository/ADMIN/Categories/Category List/button_Categories'
	at com.kms.katalon.core.webui.keyword.internal.WebUIKeywordMain.stepFailed(WebUIKeywordMain.groovy:64)
	at com.kms.katalon.core.webui.keyword.internal.WebUIKeywordMain.runKeyword(WebUIKeywordMain.groovy:26)
	at com.kms.katalon.core.webui.keyword.builtin.ClickKeyword.click(ClickKeyword.groovy:76)
	at com.kms.katalon.core.webui.keyword.builtin.ClickKeyword.execute(ClickKeyword.groovy:43)
	at com.kms.katalon.core.keyword.internal.KeywordExecutor.executeKeywordForPlatform(KeywordExecutor.groovy:72)
	at com.kms.katalon.core.webui.keyword.WebUiBuiltInKeywords.click(WebUiBuiltInKeywords.groovy:616)
	at com.kms.katalon.core.webui.keyword.WebUiBuiltInKeywords$click$0.call(Unknown Source)
	at Add Category.run(Add Category:28)
	at com.kms.katalon.core.main.ScriptEngine.run(ScriptEngine.java:194)
	at com.kms.katalon.core.main.ScriptEngine.runScriptAsRawText(ScriptEngine.java:119)
	at com.kms.katalon.core.main.TestCaseExecutor.runScript(TestCaseExecutor.java:337)
	at com.kms.katalon.core.main.TestCaseExecutor.doExecute(TestCaseExecutor.java:328)
	at com.kms.katalon.core.main.TestCaseExecutor.processExecutionPhase(TestCaseExecutor.java:307)
	at com.kms.katalon.core.main.TestCaseExecutor.accessMainPhase(TestCaseExecutor.java:299)
	at com.kms.katalon.core.main.TestCaseExecutor.execute(TestCaseExecutor.java:233)
	at com.kms.katalon.core.main.TestSuiteExecutor.accessTestCaseMainPhase(TestSuiteExecutor.java:169)
	at com.kms.katalon.core.main.TestSuiteExecutor.accessTestSuiteMainPhase(TestSuiteExecutor.java:142)
	at com.kms.katalon.core.main.TestSuiteExecutor.execute(TestSuiteExecutor.java:91)
	at com.kms.katalon.core.main.TestCaseMain.startTestSuite(TestCaseMain.java:157)
	at com.kms.katalon.core.main.TestCaseMain$startTestSuite$0.call(Unknown Source)
	at TempTestSuite1584598607274.run(TempTestSuite1584598607274.groovy:36)
Caused by: org.openqa.selenium.ElementNotInteractableException: element not interactable
  (Session info: chrome=80.0.3987.132)
Build info: version: '3.141.59', revision: 'e82be7d358', time: '2018-11-14T08:25:53'
System info: host: 'ARCADIER-03', ip: '192.168.254.105', os.name: 'Windows 7', os.arch: 'amd64', os.version: '6.1', java.version: '1.8.0_181'
Driver info: com.kms.katalon.core.webui.driver.ExistingRemoteWebDriver
Capabilities {javascriptEnabled: true, platform: ANY, platformName: ANY}
Session ID: 66da7635ded2d355388026ca8e7d8eff
	at org.openqa.selenium.remote.http.W3CHttpResponseCodec.createException(W3CHttpResponseCodec.java:187)
	at org.openqa.selenium.remote.http.W3CHttpResponseCodec.decode(W3CHttpResponseCodec.java:122)
	at org.openqa.selenium.remote.http.W3CHttpResponseCodec.decode(W3CHttpResponseCodec.java:49)
	at org.openqa.selenium.remote.HttpCommandExecutor.execute(HttpCommandExecutor.java:158)
	at org.openqa.selenium.remote.RemoteWebDriver.execute(RemoteWebDriver.java:552)
	at com.kms.katalon.core.webui.driver.ExistingRemoteWebDriver.execute(ExistingRemoteWebDriver.java:108)
	at org.openqa.selenium.remote.RemoteWebElement.execute(RemoteWebElement.java:285)
	at org.openqa.selenium.remote.RemoteWebElement.click(RemoteWebElement.java:84)
	at org.openqa.selenium.support.events.EventFiringWebDriver$EventFiringWebElement.lambda$new$0(EventFiringWebDriver.java:404)
	at com.sun.proxy.$Proxy9.click(Unknown Source)
	at org.openqa.selenium.support.events.EventFiringWebDriver$EventFiringWebElement.click(EventFiringWebDriver.java:417)
	at com.kms.katalon.core.webui.keyword.builtin.ClickKeyword$_click_closure1.doCall(ClickKeyword.groovy:69)
	at com.kms.katalon.core.webui.keyword.builtin.ClickKeyword$_click_closure1.call(ClickKeyword.groovy)
	at com.kms.katalon.core.webui.keyword.internal.WebUIKeywordMain.runKeyword(WebUIKeywordMain.groovy:20)
	at com.kms.katalon.core.webui.keyword.builtin.ClickKeyword.click(ClickKeyword.groovy:76)
	at com.kms.katalon.core.webui.keyword.builtin.ClickKeyword.execute(ClickKeyword.groovy:43)
	at com.kms.katalon.core.keyword.internal.KeywordExecutor.executeKeywordForPlatform(KeywordExecutor.groovy:72)
	at com.kms.katalon.core.webui.keyword.WebUiBuiltInKeywords.click(WebUiBuiltInKeywords.groovy:616)
	at com.kms.katalon.core.webui.keyword.WebUiBuiltInKeywords$click$0.call(Unknown Source)
	at Script1549506362832.run(Script1549506362832.groovy:28)
	... 13 more
)
	at com.kms.katalon.core.keyword.internal.KeywordMain.stepFailed(KeywordMain.groovy:39)
	at com.kms.katalon.core.webui.keyword.internal.WebUIKeywordMain.stepFailed(WebUIKeywordMain.groovy:64)
	at com.kms.katalon.core.webui.keyword.internal.WebUIKeywordMain.runKeyword(WebUIKeywordMain.groovy:26)
	at com.kms.katalon.core.webui.keyword.builtin.ClickKeyword.click(ClickKeyword.groovy:76)
	at com.kms.katalon.core.webui.keyword.builtin.ClickKeyword.execute(ClickKeyword.groovy:43)
	at com.kms.katalon.core.keyword.internal.KeywordExecutor.executeKeywordForPlatform(KeywordExecutor.groovy:72)
	at com.kms.katalon.core.webui.keyword.WebUiBuiltInKeywords.click(WebUiBuiltInKeywords.groovy:616)
	at com.kms.katalon.core.webui.keyword.WebUiBuiltInKeywords$click$0.call(Unknown Source)
	at Add Category.run(Add Category:28)
	at com.kms.katalon.core.main.ScriptEngine.run(ScriptEngine.java:194)
	at com.kms.katalon.core.main.ScriptEngine.runScriptAsRawText(ScriptEngine.java:119)
	at com.kms.katalon.core.main.TestCaseExecutor.runScript(TestCaseExecutor.java:337)
	at com.kms.katalon.core.main.TestCaseExecutor.doExecute(TestCaseExecutor.java:328)
	at com.kms.katalon.core.main.TestCaseExecutor.processExecutionPhase(TestCaseExecutor.java:307)
	at com.kms.katalon.core.main.TestCaseExecutor.accessMainPhase(TestCaseExecutor.java:299)
	at com.kms.katalon.core.main.TestCaseExecutor.execute(TestCaseExecutor.java:233)
	at com.kms.katalon.core.main.TestSuiteExecutor.accessTestCaseMainPhase(TestSuiteExecutor.java:169)
	at com.kms.katalon.core.main.TestSuiteExecutor.accessTestSuiteMainPhase(TestSuiteExecutor.java:142)
	at com.kms.katalon.core.main.TestSuiteExecutor.execute(TestSuiteExecutor.java:91)
	at com.kms.katalon.core.main.TestCaseMain.startTestSuite(TestCaseMain.java:157)
	at com.kms.katalon.core.main.TestCaseMain$startTestSuite$0.call(Unknown Source)
	at TempTestSuite1584598607274.run(TempTestSuite1584598607274.groovy:36)
Caused by: com.kms.katalon.core.exception.StepFailedException: Unable to click on object 'Object Repository/ADMIN/Categories/Category List/button_Categories'
	... 21 more
Caused by: org.openqa.selenium.ElementNotInteractableException: element not interactable
  (Session info: chrome=80.0.3987.132)
Build info: version: '3.141.59', revision: 'e82be7d358', time: '2018-11-14T08:25:53'
System info: host: 'ARCADIER-03', ip: '192.168.254.105', os.name: 'Windows 7', os.arch: 'amd64', os.version: '6.1', java.version: '1.8.0_181'
Driver info: com.kms.katalon.core.webui.driver.ExistingRemoteWebDriver
Capabilities {javascriptEnabled: true, platform: ANY, platformName: ANY}
Session ID: 66da7635ded2d355388026ca8e7d8eff
	at org.openqa.selenium.remote.http.W3CHttpResponseCodec.createException(W3CHttpResponseCodec.java:187)
	at org.openqa.selenium.remote.http.W3CHttpResponseCodec.decode(W3CHttpResponseCodec.java:122)
	at org.openqa.selenium.remote.http.W3CHttpResponseCodec.decode(W3CHttpResponseCodec.java:49)
	at org.openqa.selenium.remote.HttpCommandExecutor.execute(HttpCommandExecutor.java:158)
	at org.openqa.selenium.remote.RemoteWebDriver.execute(RemoteWebDriver.java:552)
	at com.kms.katalon.core.webui.driver.ExistingRemoteWebDriver.execute(ExistingRemoteWebDriver.java:108)
	at org.openqa.selenium.remote.RemoteWebElement.execute(RemoteWebElement.java:285)
	at org.openqa.selenium.remote.RemoteWebElement.click(RemoteWebElement.java:84)
	at org.openqa.selenium.support.events.EventFiringWebDriver$EventFiringWebElement.lambda$new$0(EventFiringWebDriver.java:404)
	at com.sun.proxy.$Proxy9.click(Unknown Source)
	at org.openqa.selenium.support.events.EventFiringWebDriver$EventFiringWebElement.click(EventFiringWebDriver.java:417)
	at com.kms.katalon.core.webui.keyword.builtin.ClickKeyword$_click_closure1.doCall(ClickKeyword.groovy:69)
	at com.kms.katalon.core.webui.keyword.builtin.ClickKeyword$_click_closure1.call(ClickKeyword.groovy)
	at com.kms.katalon.core.webui.keyword.internal.WebUIKeywordMain.runKeyword(WebUIKeywordMain.groovy:20)
	... 19 more


2020-03-19 14:32:16 - [TEST_STEP][PASSED] - waitForElementVisible(findTestObject("ADMIN/Categories/Category List/button_Content Mgmt"), 0): Object 'Object Repository/ADMIN/Categories/Category List/button_Content Mgmt' is visible

2020-03-19 14:32:16 - [MESSAGE][WARNING] - Timeout '0' is invalid. Using default page load timeout: '30'

2020-03-19 14:32:16 - [MESSAGE][PASSED] - Object 'Object Repository/ADMIN/Categories/Category List/button_Content Mgmt' is visible

2020-03-19 14:32:16 - [TEST_STEP][PASSED] - click(findTestObject("ADMIN/Categories/Category List/button_Content Mgmt")): Object: 'Object Repository/ADMIN/Categories/Category List/button_Content Mgmt' is clicked on

2020-03-19 14:32:16 - [MESSAGE][PASSED] - Object: 'Object Repository/ADMIN/Categories/Category List/button_Content Mgmt' is clicked on

2020-03-19 14:32:16 - [TEST_STEP][PASSED] - waitForElementVisible(findTestObject("ADMIN/Categories/Category List/button_Categories"), 0): Object 'Object Repository/ADMIN/Categories/Category List/button_Categories' is visible

2020-03-19 14:32:16 - [MESSAGE][WARNING] - Timeout '0' is invalid. Using default page load timeout: '30'

2020-03-19 14:32:16 - [MESSAGE][PASSED] - Object 'Object Repository/ADMIN/Categories/Category List/button_Categories' is visible

2020-03-19 14:32:16 - [TEST_STEP][FAILED] - click(findTestObject("ADMIN/Categories/Category List/button_Categories")): Unable to click on object 'Object Repository/ADMIN/Categories/Category List/button_Categories' (Root cause: com.kms.katalon.core.exception.StepFailedException: Unable to click on object 'Object Repository/ADMIN/Categories/Category List/button_Categories'
	at com.kms.katalon.core.webui.keyword.internal.WebUIKeywordMain.stepFailed(WebUIKeywordMain.groovy:64)
	at com.kms.katalon.core.webui.keyword.internal.WebUIKeywordMain.runKeyword(WebUIKeywordMain.groovy:26)
	at com.kms.katalon.core.webui.keyword.builtin.ClickKeyword.click(ClickKeyword.groovy:76)
	at com.kms.katalon.core.webui.keyword.builtin.ClickKeyword.execute(ClickKeyword.groovy:43)
	at com.kms.katalon.core.keyword.internal.KeywordExecutor.executeKeywordForPlatform(KeywordExecutor.groovy:72)
	at com.kms.katalon.core.webui.keyword.WebUiBuiltInKeywords.click(WebUiBuiltInKeywords.groovy:616)
	at com.kms.katalon.core.webui.keyword.WebUiBuiltInKeywords$click$0.call(Unknown Source)
	at Add Category.run(Add Category:28)
	at com.kms.katalon.core.main.ScriptEngine.run(ScriptEngine.java:194)
	at com.kms.katalon.core.main.ScriptEngine.runScriptAsRawText(ScriptEngine.java:119)
	at com.kms.katalon.core.main.TestCaseExecutor.runScript(TestCaseExecutor.java:337)
	at com.kms.katalon.core.main.TestCaseExecutor.doExecute(TestCaseExecutor.java:328)
	at com.kms.katalon.core.main.TestCaseExecutor.processExecutionPhase(TestCaseExecutor.java:307)
	at com.kms.katalon.core.main.TestCaseExecutor.accessMainPhase(TestCaseExecutor.java:299)
	at com.kms.katalon.core.main.TestCaseExecutor.execute(TestCaseExecutor.java:233)
	at com.kms.katalon.core.main.TestSuiteExecutor.accessTestCaseMainPhase(TestSuiteExecutor.java:169)
	at com.kms.katalon.core.main.TestSuiteExecutor.accessTestSuiteMainPhase(TestSuiteExecutor.java:142)
	at com.kms.katalon.core.main.TestSuiteExecutor.execute(TestSuiteExecutor.java:91)
	at com.kms.katalon.core.main.TestCaseMain.startTestSuite(TestCaseMain.java:157)
	at com.kms.katalon.core.main.TestCaseMain$startTestSuite$0.call(Unknown Source)
	at TempTestSuite1584598607274.run(TempTestSuite1584598607274.groovy:36)
Caused by: org.openqa.selenium.ElementNotInteractableException: element not interactable
  (Session info: chrome=80.0.3987.132)
Build info: version: '3.141.59', revision: 'e82be7d358', time: '2018-11-14T08:25:53'
System info: host: 'ARCADIER-03', ip: '192.168.254.105', os.name: 'Windows 7', os.arch: 'amd64', os.version: '6.1', java.version: '1.8.0_181'
Driver info: com.kms.katalon.core.webui.driver.ExistingRemoteWebDriver
Capabilities {javascriptEnabled: true, platform: ANY, platformName: ANY}
Session ID: 66da7635ded2d355388026ca8e7d8eff
	at org.openqa.selenium.remote.http.W3CHttpResponseCodec.createException(W3CHttpResponseCodec.java:187)
	at org.openqa.selenium.remote.http.W3CHttpResponseCodec.decode(W3CHttpResponseCodec.java:122)
	at org.openqa.selenium.remote.http.W3CHttpResponseCodec.decode(W3CHttpResponseCodec.java:49)
	at org.openqa.selenium.remote.HttpCommandExecutor.execute(HttpCommandExecutor.java:158)
	at org.openqa.selenium.remote.RemoteWebDriver.execute(RemoteWebDriver.java:552)
	at com.kms.katalon.core.webui.driver.ExistingRemoteWebDriver.execute(ExistingRemoteWebDriver.java:108)
	at org.openqa.selenium.remote.RemoteWebElement.execute(RemoteWebElement.java:285)
	at org.openqa.selenium.remote.RemoteWebElement.click(RemoteWebElement.java:84)
	at org.openqa.selenium.support.events.EventFiringWebDriver$EventFiringWebElement.lambda$new$0(EventFiringWebDriver.java:404)
	at com.sun.proxy.$Proxy9.click(Unknown Source)
	at org.openqa.selenium.support.events.EventFiringWebDriver$EventFiringWebElement.click(EventFiringWebDriver.java:417)
	at com.kms.katalon.core.webui.keyword.builtin.ClickKeyword$_click_closure1.doCall(ClickKeyword.groovy:69)
	at com.kms.katalon.core.webui.keyword.builtin.ClickKeyword$_click_closure1.call(ClickKeyword.groovy)
	at com.kms.katalon.core.webui.keyword.internal.WebUIKeywordMain.runKeyword(WebUIKeywordMain.groovy:20)
	at com.kms.katalon.core.webui.keyword.builtin.ClickKeyword.click(ClickKeyword.groovy:76)
	at com.kms.katalon.core.webui.keyword.builtin.ClickKeyword.execute(ClickKeyword.groovy:43)
	at com.kms.katalon.core.keyword.internal.KeywordExecutor.executeKeywordForPlatform(KeywordExecutor.groovy:72)
	at com.kms.katalon.core.webui.keyword.WebUiBuiltInKeywords.click(WebUiBuiltInKeywords.groovy:616)
	at com.kms.katalon.core.webui.keyword.WebUiBuiltInKeywords$click$0.call(Unknown Source)
	at Script1549506362832.run(Script1549506362832.groovy:28)
	... 13 more
)

2020-03-19 14:32:17 - [MESSAGE][FAILED] - Unable to click on object 'Object Repository/ADMIN/Categories/Category List/button_Categories' (Root cause: com.kms.katalon.core.exception.StepFailedException: Unable to click on object 'Object Repository/ADMIN/Categories/Category List/button_Categories'
	at com.kms.katalon.core.webui.keyword.internal.WebUIKeywordMain.stepFailed(WebUIKeywordMain.groovy:64)
	at com.kms.katalon.core.webui.keyword.internal.WebUIKeywordMain.runKeyword(WebUIKeywordMain.groovy:26)
	at com.kms.katalon.core.webui.keyword.builtin.ClickKeyword.click(ClickKeyword.groovy:76)
	at com.kms.katalon.core.webui.keyword.builtin.ClickKeyword.execute(ClickKeyword.groovy:43)
	at com.kms.katalon.core.keyword.internal.KeywordExecutor.executeKeywordForPlatform(KeywordExecutor.groovy:72)
	at com.kms.katalon.core.webui.keyword.WebUiBuiltInKeywords.click(WebUiBuiltInKeywords.groovy:616)
	at com.kms.katalon.core.webui.keyword.WebUiBuiltInKeywords$click$0.call(Unknown Source)
	at Add Category.run(Add Category:28)
	at com.kms.katalon.core.main.ScriptEngine.run(ScriptEngine.java:194)
	at com.kms.katalon.core.main.ScriptEngine.runScriptAsRawText(ScriptEngine.java:119)
	at com.kms.katalon.core.main.TestCaseExecutor.runScript(TestCaseExecutor.java:337)
	at com.kms.katalon.core.main.TestCaseExecutor.doExecute(TestCaseExecutor.java:328)
	at com.kms.katalon.core.main.TestCaseExecutor.processExecutionPhase(TestCaseExecutor.java:307)
	at com.kms.katalon.core.main.TestCaseExecutor.accessMainPhase(TestCaseExecutor.java:299)
	at com.kms.katalon.core.main.TestCaseExecutor.execute(TestCaseExecutor.java:233)
	at com.kms.katalon.core.main.TestSuiteExecutor.accessTestCaseMainPhase(TestSuiteExecutor.java:169)
	at com.kms.katalon.core.main.TestSuiteExecutor.accessTestSuiteMainPhase(TestSuiteExecutor.java:142)
	at com.kms.katalon.core.main.TestSuiteExecutor.execute(TestSuiteExecutor.java:91)
	at com.kms.katalon.core.main.TestCaseMain.startTestSuite(TestCaseMain.java:157)
	at com.kms.katalon.core.main.TestCaseMain$startTestSuite$0.call(Unknown Source)
	at TempTestSuite1584598607274.run(TempTestSuite1584598607274.groovy:36)
Caused by: org.openqa.selenium.ElementNotInteractableException: element not interactable
  (Session info: chrome=80.0.3987.132)
Build info: version: '3.141.59', revision: 'e82be7d358', time: '2018-11-14T08:25:53'
System info: host: 'ARCADIER-03', ip: '192.168.254.105', os.name: 'Windows 7', os.arch: 'amd64', os.version: '6.1', java.version: '1.8.0_181'
Driver info: com.kms.katalon.core.webui.driver.ExistingRemoteWebDriver
Capabilities {javascriptEnabled: true, platform: ANY, platformName: ANY}
Session ID: 66da7635ded2d355388026ca8e7d8eff
	at org.openqa.selenium.remote.http.W3CHttpResponseCodec.createException(W3CHttpResponseCodec.java:187)
	at org.openqa.selenium.remote.http.W3CHttpResponseCodec.decode(W3CHttpResponseCodec.java:122)
	at org.openqa.selenium.remote.http.W3CHttpResponseCodec.decode(W3CHttpResponseCodec.java:49)
	at org.openqa.selenium.remote.HttpCommandExecutor.execute(HttpCommandExecutor.java:158)
	at org.openqa.selenium.remote.RemoteWebDriver.execute(RemoteWebDriver.java:552)
	at com.kms.katalon.core.webui.driver.ExistingRemoteWebDriver.execute(ExistingRemoteWebDriver.java:108)
	at org.openqa.selenium.remote.RemoteWebElement.execute(RemoteWebElement.java:285)
	at org.openqa.selenium.remote.RemoteWebElement.click(RemoteWebElement.java:84)
	at org.openqa.selenium.support.events.EventFiringWebDriver$EventFiringWebElement.lambda$new$0(EventFiringWebDriver.java:404)
	at com.sun.proxy.$Proxy9.click(Unknown Source)
	at org.openqa.selenium.support.events.EventFiringWebDriver$EventFiringWebElement.click(EventFiringWebDriver.java:417)
	at com.kms.katalon.core.webui.keyword.builtin.ClickKeyword$_click_closure1.doCall(ClickKeyword.groovy:69)
	at com.kms.katalon.core.webui.keyword.builtin.ClickKeyword$_click_closure1.call(ClickKeyword.groovy)
	at com.kms.katalon.core.webui.keyword.internal.WebUIKeywordMain.runKeyword(WebUIKeywordMain.groovy:20)
	at com.kms.katalon.core.webui.keyword.builtin.ClickKeyword.click(ClickKeyword.groovy:76)
	at com.kms.katalon.core.webui.keyword.builtin.ClickKeyword.execute(ClickKeyword.groovy:43)
	at com.kms.katalon.core.keyword.internal.KeywordExecutor.executeKeywordForPlatform(KeywordExecutor.groovy:72)
	at com.kms.katalon.core.webui.keyword.WebUiBuiltInKeywords.click(WebUiBuiltInKeywords.groovy:616)
	at com.kms.katalon.core.webui.keyword.WebUiBuiltInKeywords$click$0.call(Unknown Source)
	at Script1549506362832.run(Script1549506362832.groovy:28)
	... 13 more
)
[[ATTACHMENT|C:\\Katalon\\Arctick\\Reports\\20200319_141647\\Admin\\Admin Add Category\\20200319_141647\\1584599536820.png]]

2020-03-19 14:32:17 - [TEST_STEP][PASSED] - waitForPageLoad(0, STOP_ON_FAILURE): Wait for page load successfully

2020-03-19 14:32:17 - [MESSAGE][WARNING] - Timeout '0' is invalid. Using default page load timeout: '30'

2020-03-19 14:32:17 - [MESSAGE][PASSED] - Wait for page load successfully

2020-03-19 14:32:17 - [TEST_STEP][PASSED] - click(findTestObject("ADMIN/Categories/Category List/button_Add a Category")): Object: 'Object Repository/ADMIN/Categories/Category List/button_Add a Category' is clicked on

2020-03-19 14:32:17 - [MESSAGE][PASSED] - Object: 'Object Repository/ADMIN/Categories/Category List/button_Add a Category' is clicked on

2020-03-19 14:32:17 - [TEST_STEP][PASSED] - waitForElementPresent(findTestObject("ADMIN/Categories/Category/dropdown_Parent"), 2): Object 'Object Repository/ADMIN/Categories/Category/dropdown_Parent' is present

2020-03-19 14:32:17 - [MESSAGE][PASSED] - Object 'Object Repository/ADMIN/Categories/Category/dropdown_Parent' is present

2020-03-19 14:32:17 - [TEST_STEP][PASSED] - delay(1): Delayed 1 second(s)

2020-03-19 14:32:18 - [MESSAGE][PASSED] - Delayed 1 second(s)

2020-03-19 14:32:18 - [TEST_STEP][PASSED] - setText(findTestObject("ADMIN/Categories/Category/textfield_Category Name"), CategoryNametext): Text 'Category 6.1.1.1.1.1.1.1' is set on object 'Object Repository/ADMIN/Categories/Category/textfield_Category Name'

2020-03-19 14:32:18 - [MESSAGE][PASSED] - Text 'Category 6.1.1.1.1.1.1.1' is set on object 'Object Repository/ADMIN/Categories/Category/textfield_Category Name'

2020-03-19 14:32:18 - [TEST_STEP][PASSED] - click(findTestObject("ADMIN/Categories/Category/dropdown_Parent")): Object: 'Object Repository/ADMIN/Categories/Category/dropdown_Parent' is clicked on

2020-03-19 14:32:19 - [MESSAGE][PASSED] - Object: 'Object Repository/ADMIN/Categories/Category/dropdown_Parent' is clicked on

2020-03-19 14:32:19 - [TEST_STEP][PASSED] - delay(2): Delayed 2 second(s)

2020-03-19 14:32:21 - [MESSAGE][PASSED] - Delayed 2 second(s)

2020-03-19 14:32:21 - [TEST_STEP][PASSED] - click(findTestObject("ADMIN/Categories/Category/dropdown_Parent")): Object: 'Object Repository/ADMIN/Categories/Category/dropdown_Parent' is clicked on

2020-03-19 14:32:21 - [MESSAGE][PASSED] - Object: 'Object Repository/ADMIN/Categories/Category/dropdown_Parent' is clicked on

2020-03-19 14:32:21 - [TEST_STEP][PASSED] - selectOptionByLabel(findTestObject("ADMIN/Categories/Category/dropdown_Parent"), ParentName, false): All options with label 'Category 6.1.1.1.1.1.1' are selected in object 'Object Repository/ADMIN/Categories/Category/dropdown_Parent' 

2020-03-19 14:32:21 - [MESSAGE][PASSED] - All options with label 'Category 6.1.1.1.1.1.1' are selected in object 'Object Repository/ADMIN/Categories/Category/dropdown_Parent' 

2020-03-19 14:32:21 - [TEST_STEP][PASSED] - click(findTestObject("ADMIN/Categories/Category/button_Browse")): Object: 'Object Repository/ADMIN/Categories/Category/button_Browse' is clicked on

2020-03-19 14:32:21 - [MESSAGE][PASSED] - Object: 'Object Repository/ADMIN/Categories/Category/button_Browse' is clicked on

2020-03-19 14:32:21 - [TEST_STEP][PASSED] - delay(2): Delayed 2 second(s)

2020-03-19 14:32:23 - [MESSAGE][PASSED] - Delayed 2 second(s)

2020-03-19 14:32:23 - [TEST_STEP][PASSED] - uploadFile(findTestObject("ADMIN/Categories/Category/image_input image"), CategoryImageUpload): File 'C:\\Katalon\\Arctick\\Images\\Category\\6.png' sent to object: 'Object Repository/ADMIN/Categories/Category/image_input image'

2020-03-19 14:32:23 - [MESSAGE][PASSED] - File 'C:\\Katalon\\Arctick\\Images\\Category\\6.png' sent to object: 'Object Repository/ADMIN/Categories/Category/image_input image'

2020-03-19 14:32:23 - [TEST_STEP][PASSED] - waitForElementVisible(findTestObject("ADMIN/Categories/Category/button_upload check"), 0): Object 'Object Repository/ADMIN/Categories/Category/button_upload check' is visible

2020-03-19 14:32:23 - [MESSAGE][WARNING] - Timeout '0' is invalid. Using default page load timeout: '30'

2020-03-19 14:32:23 - [MESSAGE][PASSED] - Object 'Object Repository/ADMIN/Categories/Category/button_upload check' is visible

2020-03-19 14:32:23 - [TEST_STEP][PASSED] - click(findTestObject("ADMIN/Categories/Category/button_upload check")): Object: 'Object Repository/ADMIN/Categories/Category/button_upload check' is clicked on

2020-03-19 14:32:24 - [MESSAGE][PASSED] - Object: 'Object Repository/ADMIN/Categories/Category/button_upload check' is clicked on

2020-03-19 14:32:24 - [TEST_STEP][PASSED] - waitForElementVisible(findTestObject("ADMIN/Categories/Category/button_upload save"), 0): Object 'Object Repository/ADMIN/Categories/Category/button_upload save' is visible

2020-03-19 14:32:24 - [MESSAGE][WARNING] - Timeout '0' is invalid. Using default page load timeout: '30'

2020-03-19 14:32:24 - [MESSAGE][PASSED] - Object 'Object Repository/ADMIN/Categories/Category/button_upload save' is visible

2020-03-19 14:32:24 - [TEST_STEP][PASSED] - click(findTestObject("ADMIN/Categories/Category/button_upload save")): Object: 'Object Repository/ADMIN/Categories/Category/button_upload save' is clicked on

2020-03-19 14:32:24 - [MESSAGE][PASSED] - Object: 'Object Repository/ADMIN/Categories/Category/button_upload save' is clicked on

2020-03-19 14:32:24 - [TEST_STEP][PASSED] - setText(findTestObject("ADMIN/Categories/Category/textfield_category_description"), Description): Text 'Description61' is set on object 'Object Repository/ADMIN/Categories/Category/textfield_category_description'

2020-03-19 14:32:24 - [MESSAGE][PASSED] - Text 'Description61' is set on object 'Object Repository/ADMIN/Categories/Category/textfield_category_description'

2020-03-19 14:32:24 - [TEST_STEP][PASSED] - click(findTestObject("ADMIN/Categories/Category/button_Save")): Object: 'Object Repository/ADMIN/Categories/Category/button_Save' is clicked on

2020-03-19 14:32:24 - [MESSAGE][PASSED] - Object: 'Object Repository/ADMIN/Categories/Category/button_Save' is clicked on

2020-03-19 14:32:24 - [TEST_STEP][PASSED] - waitForElementVisible(findTestObject("ADMIN/Categories/Category/label_edit popup"), 0): Object 'Object Repository/ADMIN/Categories/Category/label_edit popup' is visible

2020-03-19 14:32:25 - [MESSAGE][WARNING] - Timeout '0' is invalid. Using default page load timeout: '30'

2020-03-19 14:32:25 - [MESSAGE][PASSED] - Object 'Object Repository/ADMIN/Categories/Category/label_edit popup' is visible

2020-03-19 14:32:25 - [TEST_STEP][PASSED] - waitForElementNotPresent(findTestObject("ADMIN/Categories/Category/label_edit popup"), 0): Web element with id: 'Object Repository/ADMIN/Categories/Category/label_edit popup' located by 'By.xpath: //div[(text() = 'Category was successfully saved.' or . = 'Category was successfully saved.')]' is not present after '30' second(s)

2020-03-19 14:32:25 - [MESSAGE][WARNING] - Timeout '0' is invalid. Using default page load timeout: '30'

2020-03-19 14:32:31 - [MESSAGE][PASSED] - Web element with id: 'Object Repository/ADMIN/Categories/Category/label_edit popup' located by 'By.xpath: //div[(text() = 'Category was successfully saved.' or . = 'Category was successfully saved.')]' is not present after '30' second(s)]]></system-out>
         <system-err><![CDATA[2020-03-19 14:32:16 - [TEST_CASE][FAILED] - Test Cases/ADMIN/Content Mgmt/Categories/Category Add-Edit/Add Category: Test Cases/ADMIN/Content Mgmt/Categories/Category Add-Edit/Add Category FAILED.
Reason:
com.kms.katalon.core.exception.StepFailedException: Unable to click on object 'Object Repository/ADMIN/Categories/Category List/button_Categories' (Root cause: com.kms.katalon.core.exception.StepFailedException: Unable to click on object 'Object Repository/ADMIN/Categories/Category List/button_Categories'
	at com.kms.katalon.core.webui.keyword.internal.WebUIKeywordMain.stepFailed(WebUIKeywordMain.groovy:64)
	at com.kms.katalon.core.webui.keyword.internal.WebUIKeywordMain.runKeyword(WebUIKeywordMain.groovy:26)
	at com.kms.katalon.core.webui.keyword.builtin.ClickKeyword.click(ClickKeyword.groovy:76)
	at com.kms.katalon.core.webui.keyword.builtin.ClickKeyword.execute(ClickKeyword.groovy:43)
	at com.kms.katalon.core.keyword.internal.KeywordExecutor.executeKeywordForPlatform(KeywordExecutor.groovy:72)
	at com.kms.katalon.core.webui.keyword.WebUiBuiltInKeywords.click(WebUiBuiltInKeywords.groovy:616)
	at com.kms.katalon.core.webui.keyword.WebUiBuiltInKeywords$click$0.call(Unknown Source)
	at Add Category.run(Add Category:28)
	at com.kms.katalon.core.main.ScriptEngine.run(ScriptEngine.java:194)
	at com.kms.katalon.core.main.ScriptEngine.runScriptAsRawText(ScriptEngine.java:119)
	at com.kms.katalon.core.main.TestCaseExecutor.runScript(TestCaseExecutor.java:337)
	at com.kms.katalon.core.main.TestCaseExecutor.doExecute(TestCaseExecutor.java:328)
	at com.kms.katalon.core.main.TestCaseExecutor.processExecutionPhase(TestCaseExecutor.java:307)
	at com.kms.katalon.core.main.TestCaseExecutor.accessMainPhase(TestCaseExecutor.java:299)
	at com.kms.katalon.core.main.TestCaseExecutor.execute(TestCaseExecutor.java:233)
	at com.kms.katalon.core.main.TestSuiteExecutor.accessTestCaseMainPhase(TestSuiteExecutor.java:169)
	at com.kms.katalon.core.main.TestSuiteExecutor.accessTestSuiteMainPhase(TestSuiteExecutor.java:142)
	at com.kms.katalon.core.main.TestSuiteExecutor.execute(TestSuiteExecutor.java:91)
	at com.kms.katalon.core.main.TestCaseMain.startTestSuite(TestCaseMain.java:157)
	at com.kms.katalon.core.main.TestCaseMain$startTestSuite$0.call(Unknown Source)
	at TempTestSuite1584598607274.run(TempTestSuite1584598607274.groovy:36)
Caused by: org.openqa.selenium.ElementNotInteractableException: element not interactable
  (Session info: chrome=80.0.3987.132)
Build info: version: '3.141.59', revision: 'e82be7d358', time: '2018-11-14T08:25:53'
System info: host: 'ARCADIER-03', ip: '192.168.254.105', os.name: 'Windows 7', os.arch: 'amd64', os.version: '6.1', java.version: '1.8.0_181'
Driver info: com.kms.katalon.core.webui.driver.ExistingRemoteWebDriver
Capabilities {javascriptEnabled: true, platform: ANY, platformName: ANY}
Session ID: 66da7635ded2d355388026ca8e7d8eff
	at org.openqa.selenium.remote.http.W3CHttpResponseCodec.createException(W3CHttpResponseCodec.java:187)
	at org.openqa.selenium.remote.http.W3CHttpResponseCodec.decode(W3CHttpResponseCodec.java:122)
	at org.openqa.selenium.remote.http.W3CHttpResponseCodec.decode(W3CHttpResponseCodec.java:49)
	at org.openqa.selenium.remote.HttpCommandExecutor.execute(HttpCommandExecutor.java:158)
	at org.openqa.selenium.remote.RemoteWebDriver.execute(RemoteWebDriver.java:552)
	at com.kms.katalon.core.webui.driver.ExistingRemoteWebDriver.execute(ExistingRemoteWebDriver.java:108)
	at org.openqa.selenium.remote.RemoteWebElement.execute(RemoteWebElement.java:285)
	at org.openqa.selenium.remote.RemoteWebElement.click(RemoteWebElement.java:84)
	at org.openqa.selenium.support.events.EventFiringWebDriver$EventFiringWebElement.lambda$new$0(EventFiringWebDriver.java:404)
	at com.sun.proxy.$Proxy9.click(Unknown Source)
	at org.openqa.selenium.support.events.EventFiringWebDriver$EventFiringWebElement.click(EventFiringWebDriver.java:417)
	at com.kms.katalon.core.webui.keyword.builtin.ClickKeyword$_click_closure1.doCall(ClickKeyword.groovy:69)
	at com.kms.katalon.core.webui.keyword.builtin.ClickKeyword$_click_closure1.call(ClickKeyword.groovy)
	at com.kms.katalon.core.webui.keyword.internal.WebUIKeywordMain.runKeyword(WebUIKeywordMain.groovy:20)
	at com.kms.katalon.core.webui.keyword.builtin.ClickKeyword.click(ClickKeyword.groovy:76)
	at com.kms.katalon.core.webui.keyword.builtin.ClickKeyword.execute(ClickKeyword.groovy:43)
	at com.kms.katalon.core.keyword.internal.KeywordExecutor.executeKeywordForPlatform(KeywordExecutor.groovy:72)
	at com.kms.katalon.core.webui.keyword.WebUiBuiltInKeywords.click(WebUiBuiltInKeywords.groovy:616)
	at com.kms.katalon.core.webui.keyword.WebUiBuiltInKeywords$click$0.call(Unknown Source)
	at Script1549506362832.run(Script1549506362832.groovy:28)
	... 13 more
)
	at com.kms.katalon.core.keyword.internal.KeywordMain.stepFailed(KeywordMain.groovy:39)
	at com.kms.katalon.core.webui.keyword.internal.WebUIKeywordMain.stepFailed(WebUIKeywordMain.groovy:64)
	at com.kms.katalon.core.webui.keyword.internal.WebUIKeywordMain.runKeyword(WebUIKeywordMain.groovy:26)
	at com.kms.katalon.core.webui.keyword.builtin.ClickKeyword.click(ClickKeyword.groovy:76)
	at com.kms.katalon.core.webui.keyword.builtin.ClickKeyword.execute(ClickKeyword.groovy:43)
	at com.kms.katalon.core.keyword.internal.KeywordExecutor.executeKeywordForPlatform(KeywordExecutor.groovy:72)
	at com.kms.katalon.core.webui.keyword.WebUiBuiltInKeywords.click(WebUiBuiltInKeywords.groovy:616)
	at com.kms.katalon.core.webui.keyword.WebUiBuiltInKeywords$click$0.call(Unknown Source)
	at Add Category.run(Add Category:28)
	at com.kms.katalon.core.main.ScriptEngine.run(ScriptEngine.java:194)
	at com.kms.katalon.core.main.ScriptEngine.runScriptAsRawText(ScriptEngine.java:119)
	at com.kms.katalon.core.main.TestCaseExecutor.runScript(TestCaseExecutor.java:337)
	at com.kms.katalon.core.main.TestCaseExecutor.doExecute(TestCaseExecutor.java:328)
	at com.kms.katalon.core.main.TestCaseExecutor.processExecutionPhase(TestCaseExecutor.java:307)
	at com.kms.katalon.core.main.TestCaseExecutor.accessMainPhase(TestCaseExecutor.java:299)
	at com.kms.katalon.core.main.TestCaseExecutor.execute(TestCaseExecutor.java:233)
	at com.kms.katalon.core.main.TestSuiteExecutor.accessTestCaseMainPhase(TestSuiteExecutor.java:169)
	at com.kms.katalon.core.main.TestSuiteExecutor.accessTestSuiteMainPhase(TestSuiteExecutor.java:142)
	at com.kms.katalon.core.main.TestSuiteExecutor.execute(TestSuiteExecutor.java:91)
	at com.kms.katalon.core.main.TestCaseMain.startTestSuite(TestCaseMain.java:157)
	at com.kms.katalon.core.main.TestCaseMain$startTestSuite$0.call(Unknown Source)
	at TempTestSuite1584598607274.run(TempTestSuite1584598607274.groovy:36)
Caused by: com.kms.katalon.core.exception.StepFailedException: Unable to click on object 'Object Repository/ADMIN/Categories/Category List/button_Categories'
	... 21 more
Caused by: org.openqa.selenium.ElementNotInteractableException: element not interactable
  (Session info: chrome=80.0.3987.132)
Build info: version: '3.141.59', revision: 'e82be7d358', time: '2018-11-14T08:25:53'
System info: host: 'ARCADIER-03', ip: '192.168.254.105', os.name: 'Windows 7', os.arch: 'amd64', os.version: '6.1', java.version: '1.8.0_181'
Driver info: com.kms.katalon.core.webui.driver.ExistingRemoteWebDriver
Capabilities {javascriptEnabled: true, platform: ANY, platformName: ANY}
Session ID: 66da7635ded2d355388026ca8e7d8eff
	at org.openqa.selenium.remote.http.W3CHttpResponseCodec.createException(W3CHttpResponseCodec.java:187)
	at org.openqa.selenium.remote.http.W3CHttpResponseCodec.decode(W3CHttpResponseCodec.java:122)
	at org.openqa.selenium.remote.http.W3CHttpResponseCodec.decode(W3CHttpResponseCodec.java:49)
	at org.openqa.selenium.remote.HttpCommandExecutor.execute(HttpCommandExecutor.java:158)
	at org.openqa.selenium.remote.RemoteWebDriver.execute(RemoteWebDriver.java:552)
	at com.kms.katalon.core.webui.driver.ExistingRemoteWebDriver.execute(ExistingRemoteWebDriver.java:108)
	at org.openqa.selenium.remote.RemoteWebElement.execute(RemoteWebElement.java:285)
	at org.openqa.selenium.remote.RemoteWebElement.click(RemoteWebElement.java:84)
	at org.openqa.selenium.support.events.EventFiringWebDriver$EventFiringWebElement.lambda$new$0(EventFiringWebDriver.java:404)
	at com.sun.proxy.$Proxy9.click(Unknown Source)
	at org.openqa.selenium.support.events.EventFiringWebDriver$EventFiringWebElement.click(EventFiringWebDriver.java:417)
	at com.kms.katalon.core.webui.keyword.builtin.ClickKeyword$_click_closure1.doCall(ClickKeyword.groovy:69)
	at com.kms.katalon.core.webui.keyword.builtin.ClickKeyword$_click_closure1.call(ClickKeyword.groovy)
	at com.kms.katalon.core.webui.keyword.internal.WebUIKeywordMain.runKeyword(WebUIKeywordMain.groovy:20)
	... 19 more]]></system-err>
      </testcase>
      <testcase name="Test Cases/ADMIN/Content Mgmt/Categories/Category Add-Edit/Add Category" time="14.723" classname="Test Cases/ADMIN/Content Mgmt/Categories/Category Add-Edit/Add Category" status="PASSED">
         <system-out><![CDATA[2020-03-19 14:32:31 - [TEST_CASE][PASSED] - Test Cases/ADMIN/Content Mgmt/Categories/Category Add-Edit/Add Category: Test Cases/ADMIN/Content Mgmt/Categories/Category Add-Edit/Add Category

2020-03-19 14:32:31 - [TEST_STEP][PASSED] - waitForElementVisible(findTestObject("ADMIN/Categories/Category List/button_Content Mgmt"), 0): Object 'Object Repository/ADMIN/Categories/Category List/button_Content Mgmt' is visible

2020-03-19 14:32:31 - [MESSAGE][WARNING] - Timeout '0' is invalid. Using default page load timeout: '30'

2020-03-19 14:32:31 - [MESSAGE][PASSED] - Object 'Object Repository/ADMIN/Categories/Category List/button_Content Mgmt' is visible

2020-03-19 14:32:31 - [TEST_STEP][PASSED] - click(findTestObject("ADMIN/Categories/Category List/button_Content Mgmt")): Object: 'Object Repository/ADMIN/Categories/Category List/button_Content Mgmt' is clicked on

2020-03-19 14:32:31 - [MESSAGE][PASSED] - Object: 'Object Repository/ADMIN/Categories/Category List/button_Content Mgmt' is clicked on

2020-03-19 14:32:31 - [TEST_STEP][PASSED] - waitForElementVisible(findTestObject("ADMIN/Categories/Category List/button_Categories"), 0): Object 'Object Repository/ADMIN/Categories/Category List/button_Categories' is visible

2020-03-19 14:32:31 - [MESSAGE][WARNING] - Timeout '0' is invalid. Using default page load timeout: '30'

2020-03-19 14:32:32 - [MESSAGE][PASSED] - Object 'Object Repository/ADMIN/Categories/Category List/button_Categories' is visible

2020-03-19 14:32:32 - [TEST_STEP][PASSED] - click(findTestObject("ADMIN/Categories/Category List/button_Categories")): Object: 'Object Repository/ADMIN/Categories/Category List/button_Categories' is clicked on

2020-03-19 14:32:32 - [MESSAGE][PASSED] - Object: 'Object Repository/ADMIN/Categories/Category List/button_Categories' is clicked on

2020-03-19 14:32:32 - [TEST_STEP][PASSED] - waitForPageLoad(0, STOP_ON_FAILURE): Wait for page load successfully

2020-03-19 14:32:32 - [MESSAGE][WARNING] - Timeout '0' is invalid. Using default page load timeout: '30'

2020-03-19 14:32:32 - [MESSAGE][PASSED] - Wait for page load successfully

2020-03-19 14:32:32 - [TEST_STEP][PASSED] - click(findTestObject("ADMIN/Categories/Category List/button_Add a Category")): Object: 'Object Repository/ADMIN/Categories/Category List/button_Add a Category' is clicked on

2020-03-19 14:32:32 - [MESSAGE][PASSED] - Object: 'Object Repository/ADMIN/Categories/Category List/button_Add a Category' is clicked on

2020-03-19 14:32:32 - [TEST_STEP][PASSED] - waitForElementPresent(findTestObject("ADMIN/Categories/Category/dropdown_Parent"), 2): Object 'Object Repository/ADMIN/Categories/Category/dropdown_Parent' is present

2020-03-19 14:32:32 - [MESSAGE][PASSED] - Object 'Object Repository/ADMIN/Categories/Category/dropdown_Parent' is present

2020-03-19 14:32:32 - [TEST_STEP][PASSED] - delay(1): Delayed 1 second(s)

2020-03-19 14:32:33 - [MESSAGE][PASSED] - Delayed 1 second(s)

2020-03-19 14:32:33 - [TEST_STEP][PASSED] - setText(findTestObject("ADMIN/Categories/Category/textfield_Category Name"), CategoryNametext): Text 'Category 6.1.1.1.1.1.1.1.1' is set on object 'Object Repository/ADMIN/Categories/Category/textfield_Category Name'

2020-03-19 14:32:33 - [MESSAGE][PASSED] - Text 'Category 6.1.1.1.1.1.1.1.1' is set on object 'Object Repository/ADMIN/Categories/Category/textfield_Category Name'

2020-03-19 14:32:33 - [TEST_STEP][PASSED] - click(findTestObject("ADMIN/Categories/Category/dropdown_Parent")): Object: 'Object Repository/ADMIN/Categories/Category/dropdown_Parent' is clicked on

2020-03-19 14:32:34 - [MESSAGE][PASSED] - Object: 'Object Repository/ADMIN/Categories/Category/dropdown_Parent' is clicked on

2020-03-19 14:32:34 - [TEST_STEP][PASSED] - delay(2): Delayed 2 second(s)

2020-03-19 14:32:36 - [MESSAGE][PASSED] - Delayed 2 second(s)

2020-03-19 14:32:36 - [TEST_STEP][PASSED] - click(findTestObject("ADMIN/Categories/Category/dropdown_Parent")): Object: 'Object Repository/ADMIN/Categories/Category/dropdown_Parent' is clicked on

2020-03-19 14:32:36 - [MESSAGE][PASSED] - Object: 'Object Repository/ADMIN/Categories/Category/dropdown_Parent' is clicked on

2020-03-19 14:32:36 - [TEST_STEP][PASSED] - selectOptionByLabel(findTestObject("ADMIN/Categories/Category/dropdown_Parent"), ParentName, false): All options with label 'Category 6.1.1.1.1.1.1.1' are selected in object 'Object Repository/ADMIN/Categories/Category/dropdown_Parent' 

2020-03-19 14:32:36 - [MESSAGE][PASSED] - All options with label 'Category 6.1.1.1.1.1.1.1' are selected in object 'Object Repository/ADMIN/Categories/Category/dropdown_Parent' 

2020-03-19 14:32:36 - [TEST_STEP][PASSED] - click(findTestObject("ADMIN/Categories/Category/button_Browse")): Object: 'Object Repository/ADMIN/Categories/Category/button_Browse' is clicked on

2020-03-19 14:32:36 - [MESSAGE][PASSED] - Object: 'Object Repository/ADMIN/Categories/Category/button_Browse' is clicked on

2020-03-19 14:32:36 - [TEST_STEP][PASSED] - delay(2): Delayed 2 second(s)

2020-03-19 14:32:38 - [MESSAGE][PASSED] - Delayed 2 second(s)

2020-03-19 14:32:38 - [TEST_STEP][PASSED] - uploadFile(findTestObject("ADMIN/Categories/Category/image_input image"), CategoryImageUpload): File 'C:\\Katalon\\Arctick\\Images\\Category\\6.png' sent to object: 'Object Repository/ADMIN/Categories/Category/image_input image'

2020-03-19 14:32:38 - [MESSAGE][PASSED] - File 'C:\\Katalon\\Arctick\\Images\\Category\\6.png' sent to object: 'Object Repository/ADMIN/Categories/Category/image_input image'

2020-03-19 14:32:38 - [TEST_STEP][PASSED] - waitForElementVisible(findTestObject("ADMIN/Categories/Category/button_upload check"), 0): Object 'Object Repository/ADMIN/Categories/Category/button_upload check' is visible

2020-03-19 14:32:38 - [MESSAGE][WARNING] - Timeout '0' is invalid. Using default page load timeout: '30'

2020-03-19 14:32:38 - [MESSAGE][PASSED] - Object 'Object Repository/ADMIN/Categories/Category/button_upload check' is visible

2020-03-19 14:32:38 - [TEST_STEP][PASSED] - click(findTestObject("ADMIN/Categories/Category/button_upload check")): Object: 'Object Repository/ADMIN/Categories/Category/button_upload check' is clicked on

2020-03-19 14:32:38 - [MESSAGE][PASSED] - Object: 'Object Repository/ADMIN/Categories/Category/button_upload check' is clicked on

2020-03-19 14:32:38 - [TEST_STEP][PASSED] - waitForElementVisible(findTestObject("ADMIN/Categories/Category/button_upload save"), 0): Object 'Object Repository/ADMIN/Categories/Category/button_upload save' is visible

2020-03-19 14:32:38 - [MESSAGE][WARNING] - Timeout '0' is invalid. Using default page load timeout: '30'

2020-03-19 14:32:38 - [MESSAGE][PASSED] - Object 'Object Repository/ADMIN/Categories/Category/button_upload save' is visible

2020-03-19 14:32:38 - [TEST_STEP][PASSED] - click(findTestObject("ADMIN/Categories/Category/button_upload save")): Object: 'Object Repository/ADMIN/Categories/Category/button_upload save' is clicked on

2020-03-19 14:32:39 - [MESSAGE][PASSED] - Object: 'Object Repository/ADMIN/Categories/Category/button_upload save' is clicked on

2020-03-19 14:32:39 - [TEST_STEP][PASSED] - setText(findTestObject("ADMIN/Categories/Category/textfield_category_description"), Description): Text 'Description62' is set on object 'Object Repository/ADMIN/Categories/Category/textfield_category_description'

2020-03-19 14:32:39 - [MESSAGE][PASSED] - Text 'Description62' is set on object 'Object Repository/ADMIN/Categories/Category/textfield_category_description'

2020-03-19 14:32:39 - [TEST_STEP][PASSED] - click(findTestObject("ADMIN/Categories/Category/button_Save")): Object: 'Object Repository/ADMIN/Categories/Category/button_Save' is clicked on

2020-03-19 14:32:39 - [MESSAGE][PASSED] - Object: 'Object Repository/ADMIN/Categories/Category/button_Save' is clicked on

2020-03-19 14:32:39 - [TEST_STEP][PASSED] - waitForElementVisible(findTestObject("ADMIN/Categories/Category/label_edit popup"), 0): Object 'Object Repository/ADMIN/Categories/Category/label_edit popup' is visible

2020-03-19 14:32:40 - [MESSAGE][WARNING] - Timeout '0' is invalid. Using default page load timeout: '30'

2020-03-19 14:32:40 - [MESSAGE][PASSED] - Object 'Object Repository/ADMIN/Categories/Category/label_edit popup' is visible

2020-03-19 14:32:40 - [TEST_STEP][PASSED] - waitForElementNotPresent(findTestObject("ADMIN/Categories/Category/label_edit popup"), 0): Web element with id: 'Object Repository/ADMIN/Categories/Category/label_edit popup' located by 'By.xpath: //div[(text() = 'Category was successfully saved.' or . = 'Category was successfully saved.')]' is not present after '30' second(s)

2020-03-19 14:32:40 - [MESSAGE][WARNING] - Timeout '0' is invalid. Using default page load timeout: '30'

2020-03-19 14:32:46 - [MESSAGE][PASSED] - Web element with id: 'Object Repository/ADMIN/Categories/Category/label_edit popup' located by 'By.xpath: //div[(text() = 'Category was successfully saved.' or . = 'Category was successfully saved.')]' is not present after '30' second(s)]]></system-out>
         <system-err><![CDATA[]]></system-err>
      </testcase>
      <testcase name="Test Cases/ADMIN/Content Mgmt/Categories/Category Add-Edit/Add Category" time="16.581" classname="Test Cases/ADMIN/Content Mgmt/Categories/Category Add-Edit/Add Category" status="PASSED">
         <system-out><![CDATA[2020-03-19 14:32:46 - [TEST_CASE][PASSED] - Test Cases/ADMIN/Content Mgmt/Categories/Category Add-Edit/Add Category: Test Cases/ADMIN/Content Mgmt/Categories/Category Add-Edit/Add Category

2020-03-19 14:32:46 - [TEST_STEP][PASSED] - waitForElementVisible(findTestObject("ADMIN/Categories/Category List/button_Content Mgmt"), 0): Object 'Object Repository/ADMIN/Categories/Category List/button_Content Mgmt' is visible

2020-03-19 14:32:46 - [MESSAGE][WARNING] - Timeout '0' is invalid. Using default page load timeout: '30'

2020-03-19 14:32:46 - [MESSAGE][PASSED] - Object 'Object Repository/ADMIN/Categories/Category List/button_Content Mgmt' is visible

2020-03-19 14:32:46 - [TEST_STEP][PASSED] - click(findTestObject("ADMIN/Categories/Category List/button_Content Mgmt")): Object: 'Object Repository/ADMIN/Categories/Category List/button_Content Mgmt' is clicked on

2020-03-19 14:32:46 - [MESSAGE][PASSED] - Object: 'Object Repository/ADMIN/Categories/Category List/button_Content Mgmt' is clicked on

2020-03-19 14:32:46 - [TEST_STEP][PASSED] - waitForElementVisible(findTestObject("ADMIN/Categories/Category List/button_Categories"), 0): Object 'Object Repository/ADMIN/Categories/Category List/button_Categories' is visible

2020-03-19 14:32:46 - [MESSAGE][WARNING] - Timeout '0' is invalid. Using default page load timeout: '30'

2020-03-19 14:32:47 - [MESSAGE][PASSED] - Object 'Object Repository/ADMIN/Categories/Category List/button_Categories' is visible

2020-03-19 14:32:47 - [TEST_STEP][PASSED] - click(findTestObject("ADMIN/Categories/Category List/button_Categories")): Object: 'Object Repository/ADMIN/Categories/Category List/button_Categories' is clicked on

2020-03-19 14:32:49 - [MESSAGE][PASSED] - Object: 'Object Repository/ADMIN/Categories/Category List/button_Categories' is clicked on

2020-03-19 14:32:49 - [TEST_STEP][PASSED] - waitForPageLoad(0, STOP_ON_FAILURE): Wait for page load successfully

2020-03-19 14:32:49 - [MESSAGE][WARNING] - Timeout '0' is invalid. Using default page load timeout: '30'

2020-03-19 14:32:49 - [MESSAGE][PASSED] - Wait for page load successfully

2020-03-19 14:32:49 - [TEST_STEP][PASSED] - click(findTestObject("ADMIN/Categories/Category List/button_Add a Category")): Object: 'Object Repository/ADMIN/Categories/Category List/button_Add a Category' is clicked on

2020-03-19 14:32:49 - [MESSAGE][PASSED] - Object: 'Object Repository/ADMIN/Categories/Category List/button_Add a Category' is clicked on

2020-03-19 14:32:49 - [TEST_STEP][PASSED] - waitForElementPresent(findTestObject("ADMIN/Categories/Category/dropdown_Parent"), 2): Object 'Object Repository/ADMIN/Categories/Category/dropdown_Parent' is present

2020-03-19 14:32:49 - [MESSAGE][PASSED] - Object 'Object Repository/ADMIN/Categories/Category/dropdown_Parent' is present

2020-03-19 14:32:49 - [TEST_STEP][PASSED] - delay(1): Delayed 1 second(s)

2020-03-19 14:32:50 - [MESSAGE][PASSED] - Delayed 1 second(s)

2020-03-19 14:32:50 - [TEST_STEP][PASSED] - setText(findTestObject("ADMIN/Categories/Category/textfield_Category Name"), CategoryNametext): Text 'Category 07' is set on object 'Object Repository/ADMIN/Categories/Category/textfield_Category Name'

2020-03-19 14:32:50 - [MESSAGE][PASSED] - Text 'Category 07' is set on object 'Object Repository/ADMIN/Categories/Category/textfield_Category Name'

2020-03-19 14:32:50 - [TEST_STEP][PASSED] - click(findTestObject("ADMIN/Categories/Category/dropdown_Parent")): Object: 'Object Repository/ADMIN/Categories/Category/dropdown_Parent' is clicked on

2020-03-19 14:32:50 - [MESSAGE][PASSED] - Object: 'Object Repository/ADMIN/Categories/Category/dropdown_Parent' is clicked on

2020-03-19 14:32:50 - [TEST_STEP][PASSED] - delay(2): Delayed 2 second(s)

2020-03-19 14:32:52 - [MESSAGE][PASSED] - Delayed 2 second(s)

2020-03-19 14:32:52 - [TEST_STEP][PASSED] - click(findTestObject("ADMIN/Categories/Category/dropdown_Parent")): Object: 'Object Repository/ADMIN/Categories/Category/dropdown_Parent' is clicked on

2020-03-19 14:32:53 - [MESSAGE][PASSED] - Object: 'Object Repository/ADMIN/Categories/Category/dropdown_Parent' is clicked on

2020-03-19 14:32:53 - [TEST_STEP][PASSED] - selectOptionByLabel(findTestObject("ADMIN/Categories/Category/dropdown_Parent"), ParentName, false): All options with label '-' are selected in object 'Object Repository/ADMIN/Categories/Category/dropdown_Parent' 

2020-03-19 14:32:53 - [MESSAGE][PASSED] - All options with label '-' are selected in object 'Object Repository/ADMIN/Categories/Category/dropdown_Parent' 

2020-03-19 14:32:53 - [TEST_STEP][PASSED] - click(findTestObject("ADMIN/Categories/Category/button_Browse")): Object: 'Object Repository/ADMIN/Categories/Category/button_Browse' is clicked on

2020-03-19 14:32:53 - [MESSAGE][PASSED] - Object: 'Object Repository/ADMIN/Categories/Category/button_Browse' is clicked on

2020-03-19 14:32:53 - [TEST_STEP][PASSED] - delay(2): Delayed 2 second(s)

2020-03-19 14:32:55 - [MESSAGE][PASSED] - Delayed 2 second(s)

2020-03-19 14:32:55 - [TEST_STEP][PASSED] - uploadFile(findTestObject("ADMIN/Categories/Category/image_input image"), CategoryImageUpload): File 'C:\\Katalon\\Arctick\\Images\\Category\\7.png' sent to object: 'Object Repository/ADMIN/Categories/Category/image_input image'

2020-03-19 14:32:55 - [MESSAGE][PASSED] - File 'C:\\Katalon\\Arctick\\Images\\Category\\7.png' sent to object: 'Object Repository/ADMIN/Categories/Category/image_input image'

2020-03-19 14:32:55 - [TEST_STEP][PASSED] - waitForElementVisible(findTestObject("ADMIN/Categories/Category/button_upload check"), 0): Object 'Object Repository/ADMIN/Categories/Category/button_upload check' is visible

2020-03-19 14:32:55 - [MESSAGE][WARNING] - Timeout '0' is invalid. Using default page load timeout: '30'

2020-03-19 14:32:55 - [MESSAGE][PASSED] - Object 'Object Repository/ADMIN/Categories/Category/button_upload check' is visible

2020-03-19 14:32:55 - [TEST_STEP][PASSED] - click(findTestObject("ADMIN/Categories/Category/button_upload check")): Object: 'Object Repository/ADMIN/Categories/Category/button_upload check' is clicked on

2020-03-19 14:32:55 - [MESSAGE][PASSED] - Object: 'Object Repository/ADMIN/Categories/Category/button_upload check' is clicked on

2020-03-19 14:32:55 - [TEST_STEP][PASSED] - waitForElementVisible(findTestObject("ADMIN/Categories/Category/button_upload save"), 0): Object 'Object Repository/ADMIN/Categories/Category/button_upload save' is visible

2020-03-19 14:32:55 - [MESSAGE][WARNING] - Timeout '0' is invalid. Using default page load timeout: '30'

2020-03-19 14:32:55 - [MESSAGE][PASSED] - Object 'Object Repository/ADMIN/Categories/Category/button_upload save' is visible

2020-03-19 14:32:55 - [TEST_STEP][PASSED] - click(findTestObject("ADMIN/Categories/Category/button_upload save")): Object: 'Object Repository/ADMIN/Categories/Category/button_upload save' is clicked on

2020-03-19 14:32:56 - [MESSAGE][PASSED] - Object: 'Object Repository/ADMIN/Categories/Category/button_upload save' is clicked on

2020-03-19 14:32:56 - [TEST_STEP][PASSED] - setText(findTestObject("ADMIN/Categories/Category/textfield_category_description"), Description): Text 'Description63' is set on object 'Object Repository/ADMIN/Categories/Category/textfield_category_description'

2020-03-19 14:32:56 - [MESSAGE][PASSED] - Text 'Description63' is set on object 'Object Repository/ADMIN/Categories/Category/textfield_category_description'

2020-03-19 14:32:56 - [TEST_STEP][PASSED] - click(findTestObject("ADMIN/Categories/Category/button_Save")): Object: 'Object Repository/ADMIN/Categories/Category/button_Save' is clicked on

2020-03-19 14:32:56 - [MESSAGE][PASSED] - Object: 'Object Repository/ADMIN/Categories/Category/button_Save' is clicked on

2020-03-19 14:32:56 - [TEST_STEP][PASSED] - waitForElementVisible(findTestObject("ADMIN/Categories/Category/label_edit popup"), 0): Object 'Object Repository/ADMIN/Categories/Category/label_edit popup' is visible

2020-03-19 14:32:56 - [MESSAGE][WARNING] - Timeout '0' is invalid. Using default page load timeout: '30'

2020-03-19 14:32:56 - [MESSAGE][PASSED] - Object 'Object Repository/ADMIN/Categories/Category/label_edit popup' is visible

2020-03-19 14:32:56 - [TEST_STEP][PASSED] - waitForElementNotPresent(findTestObject("ADMIN/Categories/Category/label_edit popup"), 0): Web element with id: 'Object Repository/ADMIN/Categories/Category/label_edit popup' located by 'By.xpath: //div[(text() = 'Category was successfully saved.' or . = 'Category was successfully saved.')]' is not present after '30' second(s)

2020-03-19 14:32:57 - [MESSAGE][WARNING] - Timeout '0' is invalid. Using default page load timeout: '30'

2020-03-19 14:33:03 - [MESSAGE][PASSED] - Web element with id: 'Object Repository/ADMIN/Categories/Category/label_edit popup' located by 'By.xpath: //div[(text() = 'Category was successfully saved.' or . = 'Category was successfully saved.')]' is not present after '30' second(s)]]></system-out>
         <system-err><![CDATA[]]></system-err>
      </testcase>
      <testcase name="Test Cases/ADMIN/Content Mgmt/Categories/Category Add-Edit/Add Category" time="14.65" classname="Test Cases/ADMIN/Content Mgmt/Categories/Category Add-Edit/Add Category" status="FAILED">
         <failure type="FAILED" message="Test Cases/ADMIN/Content Mgmt/Categories/Category Add-Edit/Add Category FAILED.
Reason:
com.kms.katalon.core.exception.StepFailedException: Unable to click on object 'Object Repository/ADMIN/Categories/Category List/button_Categories' (Root cause: com.kms.katalon.core.exception.StepFailedException: Unable to click on object 'Object Repository/ADMIN/Categories/Category List/button_Categories'
	at com.kms.katalon.core.webui.keyword.internal.WebUIKeywordMain.stepFailed(WebUIKeywordMain.groovy:64)
	at com.kms.katalon.core.webui.keyword.internal.WebUIKeywordMain.runKeyword(WebUIKeywordMain.groovy:26)
	at com.kms.katalon.core.webui.keyword.builtin.ClickKeyword.click(ClickKeyword.groovy:76)
	at com.kms.katalon.core.webui.keyword.builtin.ClickKeyword.execute(ClickKeyword.groovy:43)
	at com.kms.katalon.core.keyword.internal.KeywordExecutor.executeKeywordForPlatform(KeywordExecutor.groovy:72)
	at com.kms.katalon.core.webui.keyword.WebUiBuiltInKeywords.click(WebUiBuiltInKeywords.groovy:616)
	at com.kms.katalon.core.webui.keyword.WebUiBuiltInKeywords$click$0.call(Unknown Source)
	at Add Category.run(Add Category:28)
	at com.kms.katalon.core.main.ScriptEngine.run(ScriptEngine.java:194)
	at com.kms.katalon.core.main.ScriptEngine.runScriptAsRawText(ScriptEngine.java:119)
	at com.kms.katalon.core.main.TestCaseExecutor.runScript(TestCaseExecutor.java:337)
	at com.kms.katalon.core.main.TestCaseExecutor.doExecute(TestCaseExecutor.java:328)
	at com.kms.katalon.core.main.TestCaseExecutor.processExecutionPhase(TestCaseExecutor.java:307)
	at com.kms.katalon.core.main.TestCaseExecutor.accessMainPhase(TestCaseExecutor.java:299)
	at com.kms.katalon.core.main.TestCaseExecutor.execute(TestCaseExecutor.java:233)
	at com.kms.katalon.core.main.TestSuiteExecutor.accessTestCaseMainPhase(TestSuiteExecutor.java:169)
	at com.kms.katalon.core.main.TestSuiteExecutor.accessTestSuiteMainPhase(TestSuiteExecutor.java:142)
	at com.kms.katalon.core.main.TestSuiteExecutor.execute(TestSuiteExecutor.java:91)
	at com.kms.katalon.core.main.TestCaseMain.startTestSuite(TestCaseMain.java:157)
	at com.kms.katalon.core.main.TestCaseMain$startTestSuite$0.call(Unknown Source)
	at TempTestSuite1584598607274.run(TempTestSuite1584598607274.groovy:36)
Caused by: org.openqa.selenium.ElementNotInteractableException: element not interactable
  (Session info: chrome=80.0.3987.132)
Build info: version: '3.141.59', revision: 'e82be7d358', time: '2018-11-14T08:25:53'
System info: host: 'ARCADIER-03', ip: '192.168.254.105', os.name: 'Windows 7', os.arch: 'amd64', os.version: '6.1', java.version: '1.8.0_181'
Driver info: com.kms.katalon.core.webui.driver.ExistingRemoteWebDriver
Capabilities {javascriptEnabled: true, platform: ANY, platformName: ANY}
Session ID: 66da7635ded2d355388026ca8e7d8eff
	at org.openqa.selenium.remote.http.W3CHttpResponseCodec.createException(W3CHttpResponseCodec.java:187)
	at org.openqa.selenium.remote.http.W3CHttpResponseCodec.decode(W3CHttpResponseCodec.java:122)
	at org.openqa.selenium.remote.http.W3CHttpResponseCodec.decode(W3CHttpResponseCodec.java:49)
	at org.openqa.selenium.remote.HttpCommandExecutor.execute(HttpCommandExecutor.java:158)
	at org.openqa.selenium.remote.RemoteWebDriver.execute(RemoteWebDriver.java:552)
	at com.kms.katalon.core.webui.driver.ExistingRemoteWebDriver.execute(ExistingRemoteWebDriver.java:108)
	at org.openqa.selenium.remote.RemoteWebElement.execute(RemoteWebElement.java:285)
	at org.openqa.selenium.remote.RemoteWebElement.click(RemoteWebElement.java:84)
	at org.openqa.selenium.support.events.EventFiringWebDriver$EventFiringWebElement.lambda$new$0(EventFiringWebDriver.java:404)
	at com.sun.proxy.$Proxy9.click(Unknown Source)
	at org.openqa.selenium.support.events.EventFiringWebDriver$EventFiringWebElement.click(EventFiringWebDriver.java:417)
	at com.kms.katalon.core.webui.keyword.builtin.ClickKeyword$_click_closure1.doCall(ClickKeyword.groovy:69)
	at com.kms.katalon.core.webui.keyword.builtin.ClickKeyword$_click_closure1.call(ClickKeyword.groovy)
	at com.kms.katalon.core.webui.keyword.internal.WebUIKeywordMain.runKeyword(WebUIKeywordMain.groovy:20)
	at com.kms.katalon.core.webui.keyword.builtin.ClickKeyword.click(ClickKeyword.groovy:76)
	at com.kms.katalon.core.webui.keyword.builtin.ClickKeyword.execute(ClickKeyword.groovy:43)
	at com.kms.katalon.core.keyword.internal.KeywordExecutor.executeKeywordForPlatform(KeywordExecutor.groovy:72)
	at com.kms.katalon.core.webui.keyword.WebUiBuiltInKeywords.click(WebUiBuiltInKeywords.groovy:616)
	at com.kms.katalon.core.webui.keyword.WebUiBuiltInKeywords$click$0.call(Unknown Source)
	at Script1549506362832.run(Script1549506362832.groovy:28)
	... 13 more
)
	at com.kms.katalon.core.keyword.internal.KeywordMain.stepFailed(KeywordMain.groovy:39)
	at com.kms.katalon.core.webui.keyword.internal.WebUIKeywordMain.stepFailed(WebUIKeywordMain.groovy:64)
	at com.kms.katalon.core.webui.keyword.internal.WebUIKeywordMain.runKeyword(WebUIKeywordMain.groovy:26)
	at com.kms.katalon.core.webui.keyword.builtin.ClickKeyword.click(ClickKeyword.groovy:76)
	at com.kms.katalon.core.webui.keyword.builtin.ClickKeyword.execute(ClickKeyword.groovy:43)
	at com.kms.katalon.core.keyword.internal.KeywordExecutor.executeKeywordForPlatform(KeywordExecutor.groovy:72)
	at com.kms.katalon.core.webui.keyword.WebUiBuiltInKeywords.click(WebUiBuiltInKeywords.groovy:616)
	at com.kms.katalon.core.webui.keyword.WebUiBuiltInKeywords$click$0.call(Unknown Source)
	at Add Category.run(Add Category:28)
	at com.kms.katalon.core.main.ScriptEngine.run(ScriptEngine.java:194)
	at com.kms.katalon.core.main.ScriptEngine.runScriptAsRawText(ScriptEngine.java:119)
	at com.kms.katalon.core.main.TestCaseExecutor.runScript(TestCaseExecutor.java:337)
	at com.kms.katalon.core.main.TestCaseExecutor.doExecute(TestCaseExecutor.java:328)
	at com.kms.katalon.core.main.TestCaseExecutor.processExecutionPhase(TestCaseExecutor.java:307)
	at com.kms.katalon.core.main.TestCaseExecutor.accessMainPhase(TestCaseExecutor.java:299)
	at com.kms.katalon.core.main.TestCaseExecutor.execute(TestCaseExecutor.java:233)
	at com.kms.katalon.core.main.TestSuiteExecutor.accessTestCaseMainPhase(TestSuiteExecutor.java:169)
	at com.kms.katalon.core.main.TestSuiteExecutor.accessTestSuiteMainPhase(TestSuiteExecutor.java:142)
	at com.kms.katalon.core.main.TestSuiteExecutor.execute(TestSuiteExecutor.java:91)
	at com.kms.katalon.core.main.TestCaseMain.startTestSuite(TestCaseMain.java:157)
	at com.kms.katalon.core.main.TestCaseMain$startTestSuite$0.call(Unknown Source)
	at TempTestSuite1584598607274.run(TempTestSuite1584598607274.groovy:36)
Caused by: com.kms.katalon.core.exception.StepFailedException: Unable to click on object 'Object Repository/ADMIN/Categories/Category List/button_Categories'
	... 21 more
Caused by: org.openqa.selenium.ElementNotInteractableException: element not interactable
  (Session info: chrome=80.0.3987.132)
Build info: version: '3.141.59', revision: 'e82be7d358', time: '2018-11-14T08:25:53'
System info: host: 'ARCADIER-03', ip: '192.168.254.105', os.name: 'Windows 7', os.arch: 'amd64', os.version: '6.1', java.version: '1.8.0_181'
Driver info: com.kms.katalon.core.webui.driver.ExistingRemoteWebDriver
Capabilities {javascriptEnabled: true, platform: ANY, platformName: ANY}
Session ID: 66da7635ded2d355388026ca8e7d8eff
	at org.openqa.selenium.remote.http.W3CHttpResponseCodec.createException(W3CHttpResponseCodec.java:187)
	at org.openqa.selenium.remote.http.W3CHttpResponseCodec.decode(W3CHttpResponseCodec.java:122)
	at org.openqa.selenium.remote.http.W3CHttpResponseCodec.decode(W3CHttpResponseCodec.java:49)
	at org.openqa.selenium.remote.HttpCommandExecutor.execute(HttpCommandExecutor.java:158)
	at org.openqa.selenium.remote.RemoteWebDriver.execute(RemoteWebDriver.java:552)
	at com.kms.katalon.core.webui.driver.ExistingRemoteWebDriver.execute(ExistingRemoteWebDriver.java:108)
	at org.openqa.selenium.remote.RemoteWebElement.execute(RemoteWebElement.java:285)
	at org.openqa.selenium.remote.RemoteWebElement.click(RemoteWebElement.java:84)
	at org.openqa.selenium.support.events.EventFiringWebDriver$EventFiringWebElement.lambda$new$0(EventFiringWebDriver.java:404)
	at com.sun.proxy.$Proxy9.click(Unknown Source)
	at org.openqa.selenium.support.events.EventFiringWebDriver$EventFiringWebElement.click(EventFiringWebDriver.java:417)
	at com.kms.katalon.core.webui.keyword.builtin.ClickKeyword$_click_closure1.doCall(ClickKeyword.groovy:69)
	at com.kms.katalon.core.webui.keyword.builtin.ClickKeyword$_click_closure1.call(ClickKeyword.groovy)
	at com.kms.katalon.core.webui.keyword.internal.WebUIKeywordMain.runKeyword(WebUIKeywordMain.groovy:20)
	... 19 more
"/>
         <system-out><![CDATA[2020-03-19 14:33:03 - [TEST_CASE][FAILED] - Test Cases/ADMIN/Content Mgmt/Categories/Category Add-Edit/Add Category: Test Cases/ADMIN/Content Mgmt/Categories/Category Add-Edit/Add Category FAILED.
Reason:
com.kms.katalon.core.exception.StepFailedException: Unable to click on object 'Object Repository/ADMIN/Categories/Category List/button_Categories' (Root cause: com.kms.katalon.core.exception.StepFailedException: Unable to click on object 'Object Repository/ADMIN/Categories/Category List/button_Categories'
	at com.kms.katalon.core.webui.keyword.internal.WebUIKeywordMain.stepFailed(WebUIKeywordMain.groovy:64)
	at com.kms.katalon.core.webui.keyword.internal.WebUIKeywordMain.runKeyword(WebUIKeywordMain.groovy:26)
	at com.kms.katalon.core.webui.keyword.builtin.ClickKeyword.click(ClickKeyword.groovy:76)
	at com.kms.katalon.core.webui.keyword.builtin.ClickKeyword.execute(ClickKeyword.groovy:43)
	at com.kms.katalon.core.keyword.internal.KeywordExecutor.executeKeywordForPlatform(KeywordExecutor.groovy:72)
	at com.kms.katalon.core.webui.keyword.WebUiBuiltInKeywords.click(WebUiBuiltInKeywords.groovy:616)
	at com.kms.katalon.core.webui.keyword.WebUiBuiltInKeywords$click$0.call(Unknown Source)
	at Add Category.run(Add Category:28)
	at com.kms.katalon.core.main.ScriptEngine.run(ScriptEngine.java:194)
	at com.kms.katalon.core.main.ScriptEngine.runScriptAsRawText(ScriptEngine.java:119)
	at com.kms.katalon.core.main.TestCaseExecutor.runScript(TestCaseExecutor.java:337)
	at com.kms.katalon.core.main.TestCaseExecutor.doExecute(TestCaseExecutor.java:328)
	at com.kms.katalon.core.main.TestCaseExecutor.processExecutionPhase(TestCaseExecutor.java:307)
	at com.kms.katalon.core.main.TestCaseExecutor.accessMainPhase(TestCaseExecutor.java:299)
	at com.kms.katalon.core.main.TestCaseExecutor.execute(TestCaseExecutor.java:233)
	at com.kms.katalon.core.main.TestSuiteExecutor.accessTestCaseMainPhase(TestSuiteExecutor.java:169)
	at com.kms.katalon.core.main.TestSuiteExecutor.accessTestSuiteMainPhase(TestSuiteExecutor.java:142)
	at com.kms.katalon.core.main.TestSuiteExecutor.execute(TestSuiteExecutor.java:91)
	at com.kms.katalon.core.main.TestCaseMain.startTestSuite(TestCaseMain.java:157)
	at com.kms.katalon.core.main.TestCaseMain$startTestSuite$0.call(Unknown Source)
	at TempTestSuite1584598607274.run(TempTestSuite1584598607274.groovy:36)
Caused by: org.openqa.selenium.ElementNotInteractableException: element not interactable
  (Session info: chrome=80.0.3987.132)
Build info: version: '3.141.59', revision: 'e82be7d358', time: '2018-11-14T08:25:53'
System info: host: 'ARCADIER-03', ip: '192.168.254.105', os.name: 'Windows 7', os.arch: 'amd64', os.version: '6.1', java.version: '1.8.0_181'
Driver info: com.kms.katalon.core.webui.driver.ExistingRemoteWebDriver
Capabilities {javascriptEnabled: true, platform: ANY, platformName: ANY}
Session ID: 66da7635ded2d355388026ca8e7d8eff
	at org.openqa.selenium.remote.http.W3CHttpResponseCodec.createException(W3CHttpResponseCodec.java:187)
	at org.openqa.selenium.remote.http.W3CHttpResponseCodec.decode(W3CHttpResponseCodec.java:122)
	at org.openqa.selenium.remote.http.W3CHttpResponseCodec.decode(W3CHttpResponseCodec.java:49)
	at org.openqa.selenium.remote.HttpCommandExecutor.execute(HttpCommandExecutor.java:158)
	at org.openqa.selenium.remote.RemoteWebDriver.execute(RemoteWebDriver.java:552)
	at com.kms.katalon.core.webui.driver.ExistingRemoteWebDriver.execute(ExistingRemoteWebDriver.java:108)
	at org.openqa.selenium.remote.RemoteWebElement.execute(RemoteWebElement.java:285)
	at org.openqa.selenium.remote.RemoteWebElement.click(RemoteWebElement.java:84)
	at org.openqa.selenium.support.events.EventFiringWebDriver$EventFiringWebElement.lambda$new$0(EventFiringWebDriver.java:404)
	at com.sun.proxy.$Proxy9.click(Unknown Source)
	at org.openqa.selenium.support.events.EventFiringWebDriver$EventFiringWebElement.click(EventFiringWebDriver.java:417)
	at com.kms.katalon.core.webui.keyword.builtin.ClickKeyword$_click_closure1.doCall(ClickKeyword.groovy:69)
	at com.kms.katalon.core.webui.keyword.builtin.ClickKeyword$_click_closure1.call(ClickKeyword.groovy)
	at com.kms.katalon.core.webui.keyword.internal.WebUIKeywordMain.runKeyword(WebUIKeywordMain.groovy:20)
	at com.kms.katalon.core.webui.keyword.builtin.ClickKeyword.click(ClickKeyword.groovy:76)
	at com.kms.katalon.core.webui.keyword.builtin.ClickKeyword.execute(ClickKeyword.groovy:43)
	at com.kms.katalon.core.keyword.internal.KeywordExecutor.executeKeywordForPlatform(KeywordExecutor.groovy:72)
	at com.kms.katalon.core.webui.keyword.WebUiBuiltInKeywords.click(WebUiBuiltInKeywords.groovy:616)
	at com.kms.katalon.core.webui.keyword.WebUiBuiltInKeywords$click$0.call(Unknown Source)
	at Script1549506362832.run(Script1549506362832.groovy:28)
	... 13 more
)
	at com.kms.katalon.core.keyword.internal.KeywordMain.stepFailed(KeywordMain.groovy:39)
	at com.kms.katalon.core.webui.keyword.internal.WebUIKeywordMain.stepFailed(WebUIKeywordMain.groovy:64)
	at com.kms.katalon.core.webui.keyword.internal.WebUIKeywordMain.runKeyword(WebUIKeywordMain.groovy:26)
	at com.kms.katalon.core.webui.keyword.builtin.ClickKeyword.click(ClickKeyword.groovy:76)
	at com.kms.katalon.core.webui.keyword.builtin.ClickKeyword.execute(ClickKeyword.groovy:43)
	at com.kms.katalon.core.keyword.internal.KeywordExecutor.executeKeywordForPlatform(KeywordExecutor.groovy:72)
	at com.kms.katalon.core.webui.keyword.WebUiBuiltInKeywords.click(WebUiBuiltInKeywords.groovy:616)
	at com.kms.katalon.core.webui.keyword.WebUiBuiltInKeywords$click$0.call(Unknown Source)
	at Add Category.run(Add Category:28)
	at com.kms.katalon.core.main.ScriptEngine.run(ScriptEngine.java:194)
	at com.kms.katalon.core.main.ScriptEngine.runScriptAsRawText(ScriptEngine.java:119)
	at com.kms.katalon.core.main.TestCaseExecutor.runScript(TestCaseExecutor.java:337)
	at com.kms.katalon.core.main.TestCaseExecutor.doExecute(TestCaseExecutor.java:328)
	at com.kms.katalon.core.main.TestCaseExecutor.processExecutionPhase(TestCaseExecutor.java:307)
	at com.kms.katalon.core.main.TestCaseExecutor.accessMainPhase(TestCaseExecutor.java:299)
	at com.kms.katalon.core.main.TestCaseExecutor.execute(TestCaseExecutor.java:233)
	at com.kms.katalon.core.main.TestSuiteExecutor.accessTestCaseMainPhase(TestSuiteExecutor.java:169)
	at com.kms.katalon.core.main.TestSuiteExecutor.accessTestSuiteMainPhase(TestSuiteExecutor.java:142)
	at com.kms.katalon.core.main.TestSuiteExecutor.execute(TestSuiteExecutor.java:91)
	at com.kms.katalon.core.main.TestCaseMain.startTestSuite(TestCaseMain.java:157)
	at com.kms.katalon.core.main.TestCaseMain$startTestSuite$0.call(Unknown Source)
	at TempTestSuite1584598607274.run(TempTestSuite1584598607274.groovy:36)
Caused by: com.kms.katalon.core.exception.StepFailedException: Unable to click on object 'Object Repository/ADMIN/Categories/Category List/button_Categories'
	... 21 more
Caused by: org.openqa.selenium.ElementNotInteractableException: element not interactable
  (Session info: chrome=80.0.3987.132)
Build info: version: '3.141.59', revision: 'e82be7d358', time: '2018-11-14T08:25:53'
System info: host: 'ARCADIER-03', ip: '192.168.254.105', os.name: 'Windows 7', os.arch: 'amd64', os.version: '6.1', java.version: '1.8.0_181'
Driver info: com.kms.katalon.core.webui.driver.ExistingRemoteWebDriver
Capabilities {javascriptEnabled: true, platform: ANY, platformName: ANY}
Session ID: 66da7635ded2d355388026ca8e7d8eff
	at org.openqa.selenium.remote.http.W3CHttpResponseCodec.createException(W3CHttpResponseCodec.java:187)
	at org.openqa.selenium.remote.http.W3CHttpResponseCodec.decode(W3CHttpResponseCodec.java:122)
	at org.openqa.selenium.remote.http.W3CHttpResponseCodec.decode(W3CHttpResponseCodec.java:49)
	at org.openqa.selenium.remote.HttpCommandExecutor.execute(HttpCommandExecutor.java:158)
	at org.openqa.selenium.remote.RemoteWebDriver.execute(RemoteWebDriver.java:552)
	at com.kms.katalon.core.webui.driver.ExistingRemoteWebDriver.execute(ExistingRemoteWebDriver.java:108)
	at org.openqa.selenium.remote.RemoteWebElement.execute(RemoteWebElement.java:285)
	at org.openqa.selenium.remote.RemoteWebElement.click(RemoteWebElement.java:84)
	at org.openqa.selenium.support.events.EventFiringWebDriver$EventFiringWebElement.lambda$new$0(EventFiringWebDriver.java:404)
	at com.sun.proxy.$Proxy9.click(Unknown Source)
	at org.openqa.selenium.support.events.EventFiringWebDriver$EventFiringWebElement.click(EventFiringWebDriver.java:417)
	at com.kms.katalon.core.webui.keyword.builtin.ClickKeyword$_click_closure1.doCall(ClickKeyword.groovy:69)
	at com.kms.katalon.core.webui.keyword.builtin.ClickKeyword$_click_closure1.call(ClickKeyword.groovy)
	at com.kms.katalon.core.webui.keyword.internal.WebUIKeywordMain.runKeyword(WebUIKeywordMain.groovy:20)
	... 19 more


2020-03-19 14:33:03 - [TEST_STEP][PASSED] - waitForElementVisible(findTestObject("ADMIN/Categories/Category List/button_Content Mgmt"), 0): Object 'Object Repository/ADMIN/Categories/Category List/button_Content Mgmt' is visible

2020-03-19 14:33:03 - [MESSAGE][WARNING] - Timeout '0' is invalid. Using default page load timeout: '30'

2020-03-19 14:33:03 - [MESSAGE][PASSED] - Object 'Object Repository/ADMIN/Categories/Category List/button_Content Mgmt' is visible

2020-03-19 14:33:03 - [TEST_STEP][PASSED] - click(findTestObject("ADMIN/Categories/Category List/button_Content Mgmt")): Object: 'Object Repository/ADMIN/Categories/Category List/button_Content Mgmt' is clicked on

2020-03-19 14:33:03 - [MESSAGE][PASSED] - Object: 'Object Repository/ADMIN/Categories/Category List/button_Content Mgmt' is clicked on

2020-03-19 14:33:03 - [TEST_STEP][PASSED] - waitForElementVisible(findTestObject("ADMIN/Categories/Category List/button_Categories"), 0): Object 'Object Repository/ADMIN/Categories/Category List/button_Categories' is visible

2020-03-19 14:33:03 - [MESSAGE][WARNING] - Timeout '0' is invalid. Using default page load timeout: '30'

2020-03-19 14:33:03 - [MESSAGE][PASSED] - Object 'Object Repository/ADMIN/Categories/Category List/button_Categories' is visible

2020-03-19 14:33:03 - [TEST_STEP][FAILED] - click(findTestObject("ADMIN/Categories/Category List/button_Categories")): Unable to click on object 'Object Repository/ADMIN/Categories/Category List/button_Categories' (Root cause: com.kms.katalon.core.exception.StepFailedException: Unable to click on object 'Object Repository/ADMIN/Categories/Category List/button_Categories'
	at com.kms.katalon.core.webui.keyword.internal.WebUIKeywordMain.stepFailed(WebUIKeywordMain.groovy:64)
	at com.kms.katalon.core.webui.keyword.internal.WebUIKeywordMain.runKeyword(WebUIKeywordMain.groovy:26)
	at com.kms.katalon.core.webui.keyword.builtin.ClickKeyword.click(ClickKeyword.groovy:76)
	at com.kms.katalon.core.webui.keyword.builtin.ClickKeyword.execute(ClickKeyword.groovy:43)
	at com.kms.katalon.core.keyword.internal.KeywordExecutor.executeKeywordForPlatform(KeywordExecutor.groovy:72)
	at com.kms.katalon.core.webui.keyword.WebUiBuiltInKeywords.click(WebUiBuiltInKeywords.groovy:616)
	at com.kms.katalon.core.webui.keyword.WebUiBuiltInKeywords$click$0.call(Unknown Source)
	at Add Category.run(Add Category:28)
	at com.kms.katalon.core.main.ScriptEngine.run(ScriptEngine.java:194)
	at com.kms.katalon.core.main.ScriptEngine.runScriptAsRawText(ScriptEngine.java:119)
	at com.kms.katalon.core.main.TestCaseExecutor.runScript(TestCaseExecutor.java:337)
	at com.kms.katalon.core.main.TestCaseExecutor.doExecute(TestCaseExecutor.java:328)
	at com.kms.katalon.core.main.TestCaseExecutor.processExecutionPhase(TestCaseExecutor.java:307)
	at com.kms.katalon.core.main.TestCaseExecutor.accessMainPhase(TestCaseExecutor.java:299)
	at com.kms.katalon.core.main.TestCaseExecutor.execute(TestCaseExecutor.java:233)
	at com.kms.katalon.core.main.TestSuiteExecutor.accessTestCaseMainPhase(TestSuiteExecutor.java:169)
	at com.kms.katalon.core.main.TestSuiteExecutor.accessTestSuiteMainPhase(TestSuiteExecutor.java:142)
	at com.kms.katalon.core.main.TestSuiteExecutor.execute(TestSuiteExecutor.java:91)
	at com.kms.katalon.core.main.TestCaseMain.startTestSuite(TestCaseMain.java:157)
	at com.kms.katalon.core.main.TestCaseMain$startTestSuite$0.call(Unknown Source)
	at TempTestSuite1584598607274.run(TempTestSuite1584598607274.groovy:36)
Caused by: org.openqa.selenium.ElementNotInteractableException: element not interactable
  (Session info: chrome=80.0.3987.132)
Build info: version: '3.141.59', revision: 'e82be7d358', time: '2018-11-14T08:25:53'
System info: host: 'ARCADIER-03', ip: '192.168.254.105', os.name: 'Windows 7', os.arch: 'amd64', os.version: '6.1', java.version: '1.8.0_181'
Driver info: com.kms.katalon.core.webui.driver.ExistingRemoteWebDriver
Capabilities {javascriptEnabled: true, platform: ANY, platformName: ANY}
Session ID: 66da7635ded2d355388026ca8e7d8eff
	at org.openqa.selenium.remote.http.W3CHttpResponseCodec.createException(W3CHttpResponseCodec.java:187)
	at org.openqa.selenium.remote.http.W3CHttpResponseCodec.decode(W3CHttpResponseCodec.java:122)
	at org.openqa.selenium.remote.http.W3CHttpResponseCodec.decode(W3CHttpResponseCodec.java:49)
	at org.openqa.selenium.remote.HttpCommandExecutor.execute(HttpCommandExecutor.java:158)
	at org.openqa.selenium.remote.RemoteWebDriver.execute(RemoteWebDriver.java:552)
	at com.kms.katalon.core.webui.driver.ExistingRemoteWebDriver.execute(ExistingRemoteWebDriver.java:108)
	at org.openqa.selenium.remote.RemoteWebElement.execute(RemoteWebElement.java:285)
	at org.openqa.selenium.remote.RemoteWebElement.click(RemoteWebElement.java:84)
	at org.openqa.selenium.support.events.EventFiringWebDriver$EventFiringWebElement.lambda$new$0(EventFiringWebDriver.java:404)
	at com.sun.proxy.$Proxy9.click(Unknown Source)
	at org.openqa.selenium.support.events.EventFiringWebDriver$EventFiringWebElement.click(EventFiringWebDriver.java:417)
	at com.kms.katalon.core.webui.keyword.builtin.ClickKeyword$_click_closure1.doCall(ClickKeyword.groovy:69)
	at com.kms.katalon.core.webui.keyword.builtin.ClickKeyword$_click_closure1.call(ClickKeyword.groovy)
	at com.kms.katalon.core.webui.keyword.internal.WebUIKeywordMain.runKeyword(WebUIKeywordMain.groovy:20)
	at com.kms.katalon.core.webui.keyword.builtin.ClickKeyword.click(ClickKeyword.groovy:76)
	at com.kms.katalon.core.webui.keyword.builtin.ClickKeyword.execute(ClickKeyword.groovy:43)
	at com.kms.katalon.core.keyword.internal.KeywordExecutor.executeKeywordForPlatform(KeywordExecutor.groovy:72)
	at com.kms.katalon.core.webui.keyword.WebUiBuiltInKeywords.click(WebUiBuiltInKeywords.groovy:616)
	at com.kms.katalon.core.webui.keyword.WebUiBuiltInKeywords$click$0.call(Unknown Source)
	at Script1549506362832.run(Script1549506362832.groovy:28)
	... 13 more
)

2020-03-19 14:33:03 - [MESSAGE][FAILED] - Unable to click on object 'Object Repository/ADMIN/Categories/Category List/button_Categories' (Root cause: com.kms.katalon.core.exception.StepFailedException: Unable to click on object 'Object Repository/ADMIN/Categories/Category List/button_Categories'
	at com.kms.katalon.core.webui.keyword.internal.WebUIKeywordMain.stepFailed(WebUIKeywordMain.groovy:64)
	at com.kms.katalon.core.webui.keyword.internal.WebUIKeywordMain.runKeyword(WebUIKeywordMain.groovy:26)
	at com.kms.katalon.core.webui.keyword.builtin.ClickKeyword.click(ClickKeyword.groovy:76)
	at com.kms.katalon.core.webui.keyword.builtin.ClickKeyword.execute(ClickKeyword.groovy:43)
	at com.kms.katalon.core.keyword.internal.KeywordExecutor.executeKeywordForPlatform(KeywordExecutor.groovy:72)
	at com.kms.katalon.core.webui.keyword.WebUiBuiltInKeywords.click(WebUiBuiltInKeywords.groovy:616)
	at com.kms.katalon.core.webui.keyword.WebUiBuiltInKeywords$click$0.call(Unknown Source)
	at Add Category.run(Add Category:28)
	at com.kms.katalon.core.main.ScriptEngine.run(ScriptEngine.java:194)
	at com.kms.katalon.core.main.ScriptEngine.runScriptAsRawText(ScriptEngine.java:119)
	at com.kms.katalon.core.main.TestCaseExecutor.runScript(TestCaseExecutor.java:337)
	at com.kms.katalon.core.main.TestCaseExecutor.doExecute(TestCaseExecutor.java:328)
	at com.kms.katalon.core.main.TestCaseExecutor.processExecutionPhase(TestCaseExecutor.java:307)
	at com.kms.katalon.core.main.TestCaseExecutor.accessMainPhase(TestCaseExecutor.java:299)
	at com.kms.katalon.core.main.TestCaseExecutor.execute(TestCaseExecutor.java:233)
	at com.kms.katalon.core.main.TestSuiteExecutor.accessTestCaseMainPhase(TestSuiteExecutor.java:169)
	at com.kms.katalon.core.main.TestSuiteExecutor.accessTestSuiteMainPhase(TestSuiteExecutor.java:142)
	at com.kms.katalon.core.main.TestSuiteExecutor.execute(TestSuiteExecutor.java:91)
	at com.kms.katalon.core.main.TestCaseMain.startTestSuite(TestCaseMain.java:157)
	at com.kms.katalon.core.main.TestCaseMain$startTestSuite$0.call(Unknown Source)
	at TempTestSuite1584598607274.run(TempTestSuite1584598607274.groovy:36)
Caused by: org.openqa.selenium.ElementNotInteractableException: element not interactable
  (Session info: chrome=80.0.3987.132)
Build info: version: '3.141.59', revision: 'e82be7d358', time: '2018-11-14T08:25:53'
System info: host: 'ARCADIER-03', ip: '192.168.254.105', os.name: 'Windows 7', os.arch: 'amd64', os.version: '6.1', java.version: '1.8.0_181'
Driver info: com.kms.katalon.core.webui.driver.ExistingRemoteWebDriver
Capabilities {javascriptEnabled: true, platform: ANY, platformName: ANY}
Session ID: 66da7635ded2d355388026ca8e7d8eff
	at org.openqa.selenium.remote.http.W3CHttpResponseCodec.createException(W3CHttpResponseCodec.java:187)
	at org.openqa.selenium.remote.http.W3CHttpResponseCodec.decode(W3CHttpResponseCodec.java:122)
	at org.openqa.selenium.remote.http.W3CHttpResponseCodec.decode(W3CHttpResponseCodec.java:49)
	at org.openqa.selenium.remote.HttpCommandExecutor.execute(HttpCommandExecutor.java:158)
	at org.openqa.selenium.remote.RemoteWebDriver.execute(RemoteWebDriver.java:552)
	at com.kms.katalon.core.webui.driver.ExistingRemoteWebDriver.execute(ExistingRemoteWebDriver.java:108)
	at org.openqa.selenium.remote.RemoteWebElement.execute(RemoteWebElement.java:285)
	at org.openqa.selenium.remote.RemoteWebElement.click(RemoteWebElement.java:84)
	at org.openqa.selenium.support.events.EventFiringWebDriver$EventFiringWebElement.lambda$new$0(EventFiringWebDriver.java:404)
	at com.sun.proxy.$Proxy9.click(Unknown Source)
	at org.openqa.selenium.support.events.EventFiringWebDriver$EventFiringWebElement.click(EventFiringWebDriver.java:417)
	at com.kms.katalon.core.webui.keyword.builtin.ClickKeyword$_click_closure1.doCall(ClickKeyword.groovy:69)
	at com.kms.katalon.core.webui.keyword.builtin.ClickKeyword$_click_closure1.call(ClickKeyword.groovy)
	at com.kms.katalon.core.webui.keyword.internal.WebUIKeywordMain.runKeyword(WebUIKeywordMain.groovy:20)
	at com.kms.katalon.core.webui.keyword.builtin.ClickKeyword.click(ClickKeyword.groovy:76)
	at com.kms.katalon.core.webui.keyword.builtin.ClickKeyword.execute(ClickKeyword.groovy:43)
	at com.kms.katalon.core.keyword.internal.KeywordExecutor.executeKeywordForPlatform(KeywordExecutor.groovy:72)
	at com.kms.katalon.core.webui.keyword.WebUiBuiltInKeywords.click(WebUiBuiltInKeywords.groovy:616)
	at com.kms.katalon.core.webui.keyword.WebUiBuiltInKeywords$click$0.call(Unknown Source)
	at Script1549506362832.run(Script1549506362832.groovy:28)
	... 13 more
)
[[ATTACHMENT|C:\\Katalon\\Arctick\\Reports\\20200319_141647\\Admin\\Admin Add Category\\20200319_141647\\1584599583652.png]]

2020-03-19 14:33:03 - [TEST_STEP][PASSED] - waitForPageLoad(0, STOP_ON_FAILURE): Wait for page load successfully

2020-03-19 14:33:03 - [MESSAGE][WARNING] - Timeout '0' is invalid. Using default page load timeout: '30'

2020-03-19 14:33:03 - [MESSAGE][PASSED] - Wait for page load successfully

2020-03-19 14:33:03 - [TEST_STEP][PASSED] - click(findTestObject("ADMIN/Categories/Category List/button_Add a Category")): Object: 'Object Repository/ADMIN/Categories/Category List/button_Add a Category' is clicked on

2020-03-19 14:33:04 - [MESSAGE][PASSED] - Object: 'Object Repository/ADMIN/Categories/Category List/button_Add a Category' is clicked on

2020-03-19 14:33:04 - [TEST_STEP][PASSED] - waitForElementPresent(findTestObject("ADMIN/Categories/Category/dropdown_Parent"), 2): Object 'Object Repository/ADMIN/Categories/Category/dropdown_Parent' is present

2020-03-19 14:33:04 - [MESSAGE][PASSED] - Object 'Object Repository/ADMIN/Categories/Category/dropdown_Parent' is present

2020-03-19 14:33:04 - [TEST_STEP][PASSED] - delay(1): Delayed 1 second(s)

2020-03-19 14:33:05 - [MESSAGE][PASSED] - Delayed 1 second(s)

2020-03-19 14:33:05 - [TEST_STEP][PASSED] - setText(findTestObject("ADMIN/Categories/Category/textfield_Category Name"), CategoryNametext): Text 'Category 08' is set on object 'Object Repository/ADMIN/Categories/Category/textfield_Category Name'

2020-03-19 14:33:05 - [MESSAGE][PASSED] - Text 'Category 08' is set on object 'Object Repository/ADMIN/Categories/Category/textfield_Category Name'

2020-03-19 14:33:05 - [TEST_STEP][PASSED] - click(findTestObject("ADMIN/Categories/Category/dropdown_Parent")): Object: 'Object Repository/ADMIN/Categories/Category/dropdown_Parent' is clicked on

2020-03-19 14:33:05 - [MESSAGE][PASSED] - Object: 'Object Repository/ADMIN/Categories/Category/dropdown_Parent' is clicked on

2020-03-19 14:33:05 - [TEST_STEP][PASSED] - delay(2): Delayed 2 second(s)

2020-03-19 14:33:07 - [MESSAGE][PASSED] - Delayed 2 second(s)

2020-03-19 14:33:07 - [TEST_STEP][PASSED] - click(findTestObject("ADMIN/Categories/Category/dropdown_Parent")): Object: 'Object Repository/ADMIN/Categories/Category/dropdown_Parent' is clicked on

2020-03-19 14:33:07 - [MESSAGE][PASSED] - Object: 'Object Repository/ADMIN/Categories/Category/dropdown_Parent' is clicked on

2020-03-19 14:33:07 - [TEST_STEP][PASSED] - selectOptionByLabel(findTestObject("ADMIN/Categories/Category/dropdown_Parent"), ParentName, false): All options with label '-' are selected in object 'Object Repository/ADMIN/Categories/Category/dropdown_Parent' 

2020-03-19 14:33:07 - [MESSAGE][PASSED] - All options with label '-' are selected in object 'Object Repository/ADMIN/Categories/Category/dropdown_Parent' 

2020-03-19 14:33:07 - [TEST_STEP][PASSED] - click(findTestObject("ADMIN/Categories/Category/button_Browse")): Object: 'Object Repository/ADMIN/Categories/Category/button_Browse' is clicked on

2020-03-19 14:33:07 - [MESSAGE][PASSED] - Object: 'Object Repository/ADMIN/Categories/Category/button_Browse' is clicked on

2020-03-19 14:33:07 - [TEST_STEP][PASSED] - delay(2): Delayed 2 second(s)

2020-03-19 14:33:09 - [MESSAGE][PASSED] - Delayed 2 second(s)

2020-03-19 14:33:09 - [TEST_STEP][PASSED] - uploadFile(findTestObject("ADMIN/Categories/Category/image_input image"), CategoryImageUpload): File 'C:\\Katalon\\Arctick\\Images\\Category\\8.png' sent to object: 'Object Repository/ADMIN/Categories/Category/image_input image'

2020-03-19 14:33:10 - [MESSAGE][PASSED] - File 'C:\\Katalon\\Arctick\\Images\\Category\\8.png' sent to object: 'Object Repository/ADMIN/Categories/Category/image_input image'

2020-03-19 14:33:10 - [TEST_STEP][PASSED] - waitForElementVisible(findTestObject("ADMIN/Categories/Category/button_upload check"), 0): Object 'Object Repository/ADMIN/Categories/Category/button_upload check' is visible

2020-03-19 14:33:10 - [MESSAGE][WARNING] - Timeout '0' is invalid. Using default page load timeout: '30'

2020-03-19 14:33:10 - [MESSAGE][PASSED] - Object 'Object Repository/ADMIN/Categories/Category/button_upload check' is visible

2020-03-19 14:33:10 - [TEST_STEP][PASSED] - click(findTestObject("ADMIN/Categories/Category/button_upload check")): Object: 'Object Repository/ADMIN/Categories/Category/button_upload check' is clicked on

2020-03-19 14:33:10 - [MESSAGE][PASSED] - Object: 'Object Repository/ADMIN/Categories/Category/button_upload check' is clicked on

2020-03-19 14:33:10 - [TEST_STEP][PASSED] - waitForElementVisible(findTestObject("ADMIN/Categories/Category/button_upload save"), 0): Object 'Object Repository/ADMIN/Categories/Category/button_upload save' is visible

2020-03-19 14:33:10 - [MESSAGE][WARNING] - Timeout '0' is invalid. Using default page load timeout: '30'

2020-03-19 14:33:10 - [MESSAGE][PASSED] - Object 'Object Repository/ADMIN/Categories/Category/button_upload save' is visible

2020-03-19 14:33:10 - [TEST_STEP][PASSED] - click(findTestObject("ADMIN/Categories/Category/button_upload save")): Object: 'Object Repository/ADMIN/Categories/Category/button_upload save' is clicked on

2020-03-19 14:33:10 - [MESSAGE][PASSED] - Object: 'Object Repository/ADMIN/Categories/Category/button_upload save' is clicked on

2020-03-19 14:33:10 - [TEST_STEP][PASSED] - setText(findTestObject("ADMIN/Categories/Category/textfield_category_description"), Description): Text 'Description64' is set on object 'Object Repository/ADMIN/Categories/Category/textfield_category_description'

2020-03-19 14:33:11 - [MESSAGE][PASSED] - Text 'Description64' is set on object 'Object Repository/ADMIN/Categories/Category/textfield_category_description'

2020-03-19 14:33:11 - [TEST_STEP][PASSED] - click(findTestObject("ADMIN/Categories/Category/button_Save")): Object: 'Object Repository/ADMIN/Categories/Category/button_Save' is clicked on

2020-03-19 14:33:11 - [MESSAGE][PASSED] - Object: 'Object Repository/ADMIN/Categories/Category/button_Save' is clicked on

2020-03-19 14:33:11 - [TEST_STEP][PASSED] - waitForElementVisible(findTestObject("ADMIN/Categories/Category/label_edit popup"), 0): Object 'Object Repository/ADMIN/Categories/Category/label_edit popup' is visible

2020-03-19 14:33:11 - [MESSAGE][WARNING] - Timeout '0' is invalid. Using default page load timeout: '30'

2020-03-19 14:33:12 - [MESSAGE][PASSED] - Object 'Object Repository/ADMIN/Categories/Category/label_edit popup' is visible

2020-03-19 14:33:12 - [TEST_STEP][PASSED] - waitForElementNotPresent(findTestObject("ADMIN/Categories/Category/label_edit popup"), 0): Web element with id: 'Object Repository/ADMIN/Categories/Category/label_edit popup' located by 'By.xpath: //div[(text() = 'Category was successfully saved.' or . = 'Category was successfully saved.')]' is not present after '30' second(s)

2020-03-19 14:33:12 - [MESSAGE][WARNING] - Timeout '0' is invalid. Using default page load timeout: '30'

2020-03-19 14:33:17 - [MESSAGE][PASSED] - Web element with id: 'Object Repository/ADMIN/Categories/Category/label_edit popup' located by 'By.xpath: //div[(text() = 'Category was successfully saved.' or . = 'Category was successfully saved.')]' is not present after '30' second(s)]]></system-out>
         <system-err><![CDATA[2020-03-19 14:33:03 - [TEST_CASE][FAILED] - Test Cases/ADMIN/Content Mgmt/Categories/Category Add-Edit/Add Category: Test Cases/ADMIN/Content Mgmt/Categories/Category Add-Edit/Add Category FAILED.
Reason:
com.kms.katalon.core.exception.StepFailedException: Unable to click on object 'Object Repository/ADMIN/Categories/Category List/button_Categories' (Root cause: com.kms.katalon.core.exception.StepFailedException: Unable to click on object 'Object Repository/ADMIN/Categories/Category List/button_Categories'
	at com.kms.katalon.core.webui.keyword.internal.WebUIKeywordMain.stepFailed(WebUIKeywordMain.groovy:64)
	at com.kms.katalon.core.webui.keyword.internal.WebUIKeywordMain.runKeyword(WebUIKeywordMain.groovy:26)
	at com.kms.katalon.core.webui.keyword.builtin.ClickKeyword.click(ClickKeyword.groovy:76)
	at com.kms.katalon.core.webui.keyword.builtin.ClickKeyword.execute(ClickKeyword.groovy:43)
	at com.kms.katalon.core.keyword.internal.KeywordExecutor.executeKeywordForPlatform(KeywordExecutor.groovy:72)
	at com.kms.katalon.core.webui.keyword.WebUiBuiltInKeywords.click(WebUiBuiltInKeywords.groovy:616)
	at com.kms.katalon.core.webui.keyword.WebUiBuiltInKeywords$click$0.call(Unknown Source)
	at Add Category.run(Add Category:28)
	at com.kms.katalon.core.main.ScriptEngine.run(ScriptEngine.java:194)
	at com.kms.katalon.core.main.ScriptEngine.runScriptAsRawText(ScriptEngine.java:119)
	at com.kms.katalon.core.main.TestCaseExecutor.runScript(TestCaseExecutor.java:337)
	at com.kms.katalon.core.main.TestCaseExecutor.doExecute(TestCaseExecutor.java:328)
	at com.kms.katalon.core.main.TestCaseExecutor.processExecutionPhase(TestCaseExecutor.java:307)
	at com.kms.katalon.core.main.TestCaseExecutor.accessMainPhase(TestCaseExecutor.java:299)
	at com.kms.katalon.core.main.TestCaseExecutor.execute(TestCaseExecutor.java:233)
	at com.kms.katalon.core.main.TestSuiteExecutor.accessTestCaseMainPhase(TestSuiteExecutor.java:169)
	at com.kms.katalon.core.main.TestSuiteExecutor.accessTestSuiteMainPhase(TestSuiteExecutor.java:142)
	at com.kms.katalon.core.main.TestSuiteExecutor.execute(TestSuiteExecutor.java:91)
	at com.kms.katalon.core.main.TestCaseMain.startTestSuite(TestCaseMain.java:157)
	at com.kms.katalon.core.main.TestCaseMain$startTestSuite$0.call(Unknown Source)
	at TempTestSuite1584598607274.run(TempTestSuite1584598607274.groovy:36)
Caused by: org.openqa.selenium.ElementNotInteractableException: element not interactable
  (Session info: chrome=80.0.3987.132)
Build info: version: '3.141.59', revision: 'e82be7d358', time: '2018-11-14T08:25:53'
System info: host: 'ARCADIER-03', ip: '192.168.254.105', os.name: 'Windows 7', os.arch: 'amd64', os.version: '6.1', java.version: '1.8.0_181'
Driver info: com.kms.katalon.core.webui.driver.ExistingRemoteWebDriver
Capabilities {javascriptEnabled: true, platform: ANY, platformName: ANY}
Session ID: 66da7635ded2d355388026ca8e7d8eff
	at org.openqa.selenium.remote.http.W3CHttpResponseCodec.createException(W3CHttpResponseCodec.java:187)
	at org.openqa.selenium.remote.http.W3CHttpResponseCodec.decode(W3CHttpResponseCodec.java:122)
	at org.openqa.selenium.remote.http.W3CHttpResponseCodec.decode(W3CHttpResponseCodec.java:49)
	at org.openqa.selenium.remote.HttpCommandExecutor.execute(HttpCommandExecutor.java:158)
	at org.openqa.selenium.remote.RemoteWebDriver.execute(RemoteWebDriver.java:552)
	at com.kms.katalon.core.webui.driver.ExistingRemoteWebDriver.execute(ExistingRemoteWebDriver.java:108)
	at org.openqa.selenium.remote.RemoteWebElement.execute(RemoteWebElement.java:285)
	at org.openqa.selenium.remote.RemoteWebElement.click(RemoteWebElement.java:84)
	at org.openqa.selenium.support.events.EventFiringWebDriver$EventFiringWebElement.lambda$new$0(EventFiringWebDriver.java:404)
	at com.sun.proxy.$Proxy9.click(Unknown Source)
	at org.openqa.selenium.support.events.EventFiringWebDriver$EventFiringWebElement.click(EventFiringWebDriver.java:417)
	at com.kms.katalon.core.webui.keyword.builtin.ClickKeyword$_click_closure1.doCall(ClickKeyword.groovy:69)
	at com.kms.katalon.core.webui.keyword.builtin.ClickKeyword$_click_closure1.call(ClickKeyword.groovy)
	at com.kms.katalon.core.webui.keyword.internal.WebUIKeywordMain.runKeyword(WebUIKeywordMain.groovy:20)
	at com.kms.katalon.core.webui.keyword.builtin.ClickKeyword.click(ClickKeyword.groovy:76)
	at com.kms.katalon.core.webui.keyword.builtin.ClickKeyword.execute(ClickKeyword.groovy:43)
	at com.kms.katalon.core.keyword.internal.KeywordExecutor.executeKeywordForPlatform(KeywordExecutor.groovy:72)
	at com.kms.katalon.core.webui.keyword.WebUiBuiltInKeywords.click(WebUiBuiltInKeywords.groovy:616)
	at com.kms.katalon.core.webui.keyword.WebUiBuiltInKeywords$click$0.call(Unknown Source)
	at Script1549506362832.run(Script1549506362832.groovy:28)
	... 13 more
)
	at com.kms.katalon.core.keyword.internal.KeywordMain.stepFailed(KeywordMain.groovy:39)
	at com.kms.katalon.core.webui.keyword.internal.WebUIKeywordMain.stepFailed(WebUIKeywordMain.groovy:64)
	at com.kms.katalon.core.webui.keyword.internal.WebUIKeywordMain.runKeyword(WebUIKeywordMain.groovy:26)
	at com.kms.katalon.core.webui.keyword.builtin.ClickKeyword.click(ClickKeyword.groovy:76)
	at com.kms.katalon.core.webui.keyword.builtin.ClickKeyword.execute(ClickKeyword.groovy:43)
	at com.kms.katalon.core.keyword.internal.KeywordExecutor.executeKeywordForPlatform(KeywordExecutor.groovy:72)
	at com.kms.katalon.core.webui.keyword.WebUiBuiltInKeywords.click(WebUiBuiltInKeywords.groovy:616)
	at com.kms.katalon.core.webui.keyword.WebUiBuiltInKeywords$click$0.call(Unknown Source)
	at Add Category.run(Add Category:28)
	at com.kms.katalon.core.main.ScriptEngine.run(ScriptEngine.java:194)
	at com.kms.katalon.core.main.ScriptEngine.runScriptAsRawText(ScriptEngine.java:119)
	at com.kms.katalon.core.main.TestCaseExecutor.runScript(TestCaseExecutor.java:337)
	at com.kms.katalon.core.main.TestCaseExecutor.doExecute(TestCaseExecutor.java:328)
	at com.kms.katalon.core.main.TestCaseExecutor.processExecutionPhase(TestCaseExecutor.java:307)
	at com.kms.katalon.core.main.TestCaseExecutor.accessMainPhase(TestCaseExecutor.java:299)
	at com.kms.katalon.core.main.TestCaseExecutor.execute(TestCaseExecutor.java:233)
	at com.kms.katalon.core.main.TestSuiteExecutor.accessTestCaseMainPhase(TestSuiteExecutor.java:169)
	at com.kms.katalon.core.main.TestSuiteExecutor.accessTestSuiteMainPhase(TestSuiteExecutor.java:142)
	at com.kms.katalon.core.main.TestSuiteExecutor.execute(TestSuiteExecutor.java:91)
	at com.kms.katalon.core.main.TestCaseMain.startTestSuite(TestCaseMain.java:157)
	at com.kms.katalon.core.main.TestCaseMain$startTestSuite$0.call(Unknown Source)
	at TempTestSuite1584598607274.run(TempTestSuite1584598607274.groovy:36)
Caused by: com.kms.katalon.core.exception.StepFailedException: Unable to click on object 'Object Repository/ADMIN/Categories/Category List/button_Categories'
	... 21 more
Caused by: org.openqa.selenium.ElementNotInteractableException: element not interactable
  (Session info: chrome=80.0.3987.132)
Build info: version: '3.141.59', revision: 'e82be7d358', time: '2018-11-14T08:25:53'
System info: host: 'ARCADIER-03', ip: '192.168.254.105', os.name: 'Windows 7', os.arch: 'amd64', os.version: '6.1', java.version: '1.8.0_181'
Driver info: com.kms.katalon.core.webui.driver.ExistingRemoteWebDriver
Capabilities {javascriptEnabled: true, platform: ANY, platformName: ANY}
Session ID: 66da7635ded2d355388026ca8e7d8eff
	at org.openqa.selenium.remote.http.W3CHttpResponseCodec.createException(W3CHttpResponseCodec.java:187)
	at org.openqa.selenium.remote.http.W3CHttpResponseCodec.decode(W3CHttpResponseCodec.java:122)
	at org.openqa.selenium.remote.http.W3CHttpResponseCodec.decode(W3CHttpResponseCodec.java:49)
	at org.openqa.selenium.remote.HttpCommandExecutor.execute(HttpCommandExecutor.java:158)
	at org.openqa.selenium.remote.RemoteWebDriver.execute(RemoteWebDriver.java:552)
	at com.kms.katalon.core.webui.driver.ExistingRemoteWebDriver.execute(ExistingRemoteWebDriver.java:108)
	at org.openqa.selenium.remote.RemoteWebElement.execute(RemoteWebElement.java:285)
	at org.openqa.selenium.remote.RemoteWebElement.click(RemoteWebElement.java:84)
	at org.openqa.selenium.support.events.EventFiringWebDriver$EventFiringWebElement.lambda$new$0(EventFiringWebDriver.java:404)
	at com.sun.proxy.$Proxy9.click(Unknown Source)
	at org.openqa.selenium.support.events.EventFiringWebDriver$EventFiringWebElement.click(EventFiringWebDriver.java:417)
	at com.kms.katalon.core.webui.keyword.builtin.ClickKeyword$_click_closure1.doCall(ClickKeyword.groovy:69)
	at com.kms.katalon.core.webui.keyword.builtin.ClickKeyword$_click_closure1.call(ClickKeyword.groovy)
	at com.kms.katalon.core.webui.keyword.internal.WebUIKeywordMain.runKeyword(WebUIKeywordMain.groovy:20)
	... 19 more]]></system-err>
      </testcase>
      <testcase name="Test Cases/ADMIN/Content Mgmt/Categories/Category Add-Edit/Add Category" time="14.771" classname="Test Cases/ADMIN/Content Mgmt/Categories/Category Add-Edit/Add Category" status="PASSED">
         <system-out><![CDATA[2020-03-19 14:33:17 - [TEST_CASE][PASSED] - Test Cases/ADMIN/Content Mgmt/Categories/Category Add-Edit/Add Category: Test Cases/ADMIN/Content Mgmt/Categories/Category Add-Edit/Add Category

2020-03-19 14:33:17 - [TEST_STEP][PASSED] - waitForElementVisible(findTestObject("ADMIN/Categories/Category List/button_Content Mgmt"), 0): Object 'Object Repository/ADMIN/Categories/Category List/button_Content Mgmt' is visible

2020-03-19 14:33:17 - [MESSAGE][WARNING] - Timeout '0' is invalid. Using default page load timeout: '30'

2020-03-19 14:33:17 - [MESSAGE][PASSED] - Object 'Object Repository/ADMIN/Categories/Category List/button_Content Mgmt' is visible

2020-03-19 14:33:17 - [TEST_STEP][PASSED] - click(findTestObject("ADMIN/Categories/Category List/button_Content Mgmt")): Object: 'Object Repository/ADMIN/Categories/Category List/button_Content Mgmt' is clicked on

2020-03-19 14:33:18 - [MESSAGE][PASSED] - Object: 'Object Repository/ADMIN/Categories/Category List/button_Content Mgmt' is clicked on

2020-03-19 14:33:18 - [TEST_STEP][PASSED] - waitForElementVisible(findTestObject("ADMIN/Categories/Category List/button_Categories"), 0): Object 'Object Repository/ADMIN/Categories/Category List/button_Categories' is visible

2020-03-19 14:33:18 - [MESSAGE][WARNING] - Timeout '0' is invalid. Using default page load timeout: '30'

2020-03-19 14:33:18 - [MESSAGE][PASSED] - Object 'Object Repository/ADMIN/Categories/Category List/button_Categories' is visible

2020-03-19 14:33:18 - [TEST_STEP][PASSED] - click(findTestObject("ADMIN/Categories/Category List/button_Categories")): Object: 'Object Repository/ADMIN/Categories/Category List/button_Categories' is clicked on

2020-03-19 14:33:18 - [MESSAGE][PASSED] - Object: 'Object Repository/ADMIN/Categories/Category List/button_Categories' is clicked on

2020-03-19 14:33:18 - [TEST_STEP][PASSED] - waitForPageLoad(0, STOP_ON_FAILURE): Wait for page load successfully

2020-03-19 14:33:18 - [MESSAGE][WARNING] - Timeout '0' is invalid. Using default page load timeout: '30'

2020-03-19 14:33:18 - [MESSAGE][PASSED] - Wait for page load successfully

2020-03-19 14:33:18 - [TEST_STEP][PASSED] - click(findTestObject("ADMIN/Categories/Category List/button_Add a Category")): Object: 'Object Repository/ADMIN/Categories/Category List/button_Add a Category' is clicked on

2020-03-19 14:33:18 - [MESSAGE][PASSED] - Object: 'Object Repository/ADMIN/Categories/Category List/button_Add a Category' is clicked on

2020-03-19 14:33:18 - [TEST_STEP][PASSED] - waitForElementPresent(findTestObject("ADMIN/Categories/Category/dropdown_Parent"), 2): Object 'Object Repository/ADMIN/Categories/Category/dropdown_Parent' is present

2020-03-19 14:33:18 - [MESSAGE][PASSED] - Object 'Object Repository/ADMIN/Categories/Category/dropdown_Parent' is present

2020-03-19 14:33:18 - [TEST_STEP][PASSED] - delay(1): Delayed 1 second(s)

2020-03-19 14:33:19 - [MESSAGE][PASSED] - Delayed 1 second(s)

2020-03-19 14:33:19 - [TEST_STEP][PASSED] - setText(findTestObject("ADMIN/Categories/Category/textfield_Category Name"), CategoryNametext): Text 'Category 09' is set on object 'Object Repository/ADMIN/Categories/Category/textfield_Category Name'

2020-03-19 14:33:19 - [MESSAGE][PASSED] - Text 'Category 09' is set on object 'Object Repository/ADMIN/Categories/Category/textfield_Category Name'

2020-03-19 14:33:19 - [TEST_STEP][PASSED] - click(findTestObject("ADMIN/Categories/Category/dropdown_Parent")): Object: 'Object Repository/ADMIN/Categories/Category/dropdown_Parent' is clicked on

2020-03-19 14:33:19 - [MESSAGE][PASSED] - Object: 'Object Repository/ADMIN/Categories/Category/dropdown_Parent' is clicked on

2020-03-19 14:33:19 - [TEST_STEP][PASSED] - delay(2): Delayed 2 second(s)

2020-03-19 14:33:21 - [MESSAGE][PASSED] - Delayed 2 second(s)

2020-03-19 14:33:21 - [TEST_STEP][PASSED] - click(findTestObject("ADMIN/Categories/Category/dropdown_Parent")): Object: 'Object Repository/ADMIN/Categories/Category/dropdown_Parent' is clicked on

2020-03-19 14:33:22 - [MESSAGE][PASSED] - Object: 'Object Repository/ADMIN/Categories/Category/dropdown_Parent' is clicked on

2020-03-19 14:33:22 - [TEST_STEP][PASSED] - selectOptionByLabel(findTestObject("ADMIN/Categories/Category/dropdown_Parent"), ParentName, false): All options with label '-' are selected in object 'Object Repository/ADMIN/Categories/Category/dropdown_Parent' 

2020-03-19 14:33:22 - [MESSAGE][PASSED] - All options with label '-' are selected in object 'Object Repository/ADMIN/Categories/Category/dropdown_Parent' 

2020-03-19 14:33:22 - [TEST_STEP][PASSED] - click(findTestObject("ADMIN/Categories/Category/button_Browse")): Object: 'Object Repository/ADMIN/Categories/Category/button_Browse' is clicked on

2020-03-19 14:33:22 - [MESSAGE][PASSED] - Object: 'Object Repository/ADMIN/Categories/Category/button_Browse' is clicked on

2020-03-19 14:33:22 - [TEST_STEP][PASSED] - delay(2): Delayed 2 second(s)

2020-03-19 14:33:24 - [MESSAGE][PASSED] - Delayed 2 second(s)

2020-03-19 14:33:24 - [TEST_STEP][PASSED] - uploadFile(findTestObject("ADMIN/Categories/Category/image_input image"), CategoryImageUpload): File 'C:\\Katalon\\Arctick\\Images\\Category\\9.png' sent to object: 'Object Repository/ADMIN/Categories/Category/image_input image'

2020-03-19 14:33:24 - [MESSAGE][PASSED] - File 'C:\\Katalon\\Arctick\\Images\\Category\\9.png' sent to object: 'Object Repository/ADMIN/Categories/Category/image_input image'

2020-03-19 14:33:24 - [TEST_STEP][PASSED] - waitForElementVisible(findTestObject("ADMIN/Categories/Category/button_upload check"), 0): Object 'Object Repository/ADMIN/Categories/Category/button_upload check' is visible

2020-03-19 14:33:24 - [MESSAGE][WARNING] - Timeout '0' is invalid. Using default page load timeout: '30'

2020-03-19 14:33:24 - [MESSAGE][PASSED] - Object 'Object Repository/ADMIN/Categories/Category/button_upload check' is visible

2020-03-19 14:33:24 - [TEST_STEP][PASSED] - click(findTestObject("ADMIN/Categories/Category/button_upload check")): Object: 'Object Repository/ADMIN/Categories/Category/button_upload check' is clicked on

2020-03-19 14:33:24 - [MESSAGE][PASSED] - Object: 'Object Repository/ADMIN/Categories/Category/button_upload check' is clicked on

2020-03-19 14:33:24 - [TEST_STEP][PASSED] - waitForElementVisible(findTestObject("ADMIN/Categories/Category/button_upload save"), 0): Object 'Object Repository/ADMIN/Categories/Category/button_upload save' is visible

2020-03-19 14:33:24 - [MESSAGE][WARNING] - Timeout '0' is invalid. Using default page load timeout: '30'

2020-03-19 14:33:24 - [MESSAGE][PASSED] - Object 'Object Repository/ADMIN/Categories/Category/button_upload save' is visible

2020-03-19 14:33:24 - [TEST_STEP][PASSED] - click(findTestObject("ADMIN/Categories/Category/button_upload save")): Object: 'Object Repository/ADMIN/Categories/Category/button_upload save' is clicked on

2020-03-19 14:33:25 - [MESSAGE][PASSED] - Object: 'Object Repository/ADMIN/Categories/Category/button_upload save' is clicked on

2020-03-19 14:33:25 - [TEST_STEP][PASSED] - setText(findTestObject("ADMIN/Categories/Category/textfield_category_description"), Description): Text 'Description65' is set on object 'Object Repository/ADMIN/Categories/Category/textfield_category_description'

2020-03-19 14:33:25 - [MESSAGE][PASSED] - Text 'Description65' is set on object 'Object Repository/ADMIN/Categories/Category/textfield_category_description'

2020-03-19 14:33:25 - [TEST_STEP][PASSED] - click(findTestObject("ADMIN/Categories/Category/button_Save")): Object: 'Object Repository/ADMIN/Categories/Category/button_Save' is clicked on

2020-03-19 14:33:25 - [MESSAGE][PASSED] - Object: 'Object Repository/ADMIN/Categories/Category/button_Save' is clicked on

2020-03-19 14:33:25 - [TEST_STEP][PASSED] - waitForElementVisible(findTestObject("ADMIN/Categories/Category/label_edit popup"), 0): Object 'Object Repository/ADMIN/Categories/Category/label_edit popup' is visible

2020-03-19 14:33:25 - [MESSAGE][WARNING] - Timeout '0' is invalid. Using default page load timeout: '30'

2020-03-19 14:33:26 - [MESSAGE][PASSED] - Object 'Object Repository/ADMIN/Categories/Category/label_edit popup' is visible

2020-03-19 14:33:26 - [TEST_STEP][PASSED] - waitForElementNotPresent(findTestObject("ADMIN/Categories/Category/label_edit popup"), 0): Web element with id: 'Object Repository/ADMIN/Categories/Category/label_edit popup' located by 'By.xpath: //div[(text() = 'Category was successfully saved.' or . = 'Category was successfully saved.')]' is not present after '30' second(s)

2020-03-19 14:33:26 - [MESSAGE][WARNING] - Timeout '0' is invalid. Using default page load timeout: '30'

2020-03-19 14:33:32 - [MESSAGE][PASSED] - Web element with id: 'Object Repository/ADMIN/Categories/Category/label_edit popup' located by 'By.xpath: //div[(text() = 'Category was successfully saved.' or . = 'Category was successfully saved.')]' is not present after '30' second(s)]]></system-out>
         <system-err><![CDATA[]]></system-err>
      </testcase>
      <testcase name="Test Cases/ADMIN/Content Mgmt/Categories/Category Add-Edit/Add Category" time="15.765" classname="Test Cases/ADMIN/Content Mgmt/Categories/Category Add-Edit/Add Category" status="PASSED">
         <system-out><![CDATA[2020-03-19 14:33:32 - [TEST_CASE][PASSED] - Test Cases/ADMIN/Content Mgmt/Categories/Category Add-Edit/Add Category: Test Cases/ADMIN/Content Mgmt/Categories/Category Add-Edit/Add Category

2020-03-19 14:33:32 - [TEST_STEP][PASSED] - waitForElementVisible(findTestObject("ADMIN/Categories/Category List/button_Content Mgmt"), 0): Object 'Object Repository/ADMIN/Categories/Category List/button_Content Mgmt' is visible

2020-03-19 14:33:32 - [MESSAGE][WARNING] - Timeout '0' is invalid. Using default page load timeout: '30'

2020-03-19 14:33:32 - [MESSAGE][PASSED] - Object 'Object Repository/ADMIN/Categories/Category List/button_Content Mgmt' is visible

2020-03-19 14:33:32 - [TEST_STEP][PASSED] - click(findTestObject("ADMIN/Categories/Category List/button_Content Mgmt")): Object: 'Object Repository/ADMIN/Categories/Category List/button_Content Mgmt' is clicked on

2020-03-19 14:33:32 - [MESSAGE][PASSED] - Object: 'Object Repository/ADMIN/Categories/Category List/button_Content Mgmt' is clicked on

2020-03-19 14:33:32 - [TEST_STEP][PASSED] - waitForElementVisible(findTestObject("ADMIN/Categories/Category List/button_Categories"), 0): Object 'Object Repository/ADMIN/Categories/Category List/button_Categories' is visible

2020-03-19 14:33:32 - [MESSAGE][WARNING] - Timeout '0' is invalid. Using default page load timeout: '30'

2020-03-19 14:33:33 - [MESSAGE][PASSED] - Object 'Object Repository/ADMIN/Categories/Category List/button_Categories' is visible

2020-03-19 14:33:33 - [TEST_STEP][PASSED] - click(findTestObject("ADMIN/Categories/Category List/button_Categories")): Object: 'Object Repository/ADMIN/Categories/Category List/button_Categories' is clicked on

2020-03-19 14:33:34 - [MESSAGE][PASSED] - Object: 'Object Repository/ADMIN/Categories/Category List/button_Categories' is clicked on

2020-03-19 14:33:34 - [TEST_STEP][PASSED] - waitForPageLoad(0, STOP_ON_FAILURE): Wait for page load successfully

2020-03-19 14:33:34 - [MESSAGE][WARNING] - Timeout '0' is invalid. Using default page load timeout: '30'

2020-03-19 14:33:34 - [MESSAGE][PASSED] - Wait for page load successfully

2020-03-19 14:33:34 - [TEST_STEP][PASSED] - click(findTestObject("ADMIN/Categories/Category List/button_Add a Category")): Object: 'Object Repository/ADMIN/Categories/Category List/button_Add a Category' is clicked on

2020-03-19 14:33:34 - [MESSAGE][PASSED] - Object: 'Object Repository/ADMIN/Categories/Category List/button_Add a Category' is clicked on

2020-03-19 14:33:34 - [TEST_STEP][PASSED] - waitForElementPresent(findTestObject("ADMIN/Categories/Category/dropdown_Parent"), 2): Object 'Object Repository/ADMIN/Categories/Category/dropdown_Parent' is present

2020-03-19 14:33:34 - [MESSAGE][PASSED] - Object 'Object Repository/ADMIN/Categories/Category/dropdown_Parent' is present

2020-03-19 14:33:34 - [TEST_STEP][PASSED] - delay(1): Delayed 1 second(s)

2020-03-19 14:33:35 - [MESSAGE][PASSED] - Delayed 1 second(s)

2020-03-19 14:33:35 - [TEST_STEP][PASSED] - setText(findTestObject("ADMIN/Categories/Category/textfield_Category Name"), CategoryNametext): Text 'Category 10' is set on object 'Object Repository/ADMIN/Categories/Category/textfield_Category Name'

2020-03-19 14:33:36 - [MESSAGE][PASSED] - Text 'Category 10' is set on object 'Object Repository/ADMIN/Categories/Category/textfield_Category Name'

2020-03-19 14:33:36 - [TEST_STEP][PASSED] - click(findTestObject("ADMIN/Categories/Category/dropdown_Parent")): Object: 'Object Repository/ADMIN/Categories/Category/dropdown_Parent' is clicked on

2020-03-19 14:33:36 - [MESSAGE][PASSED] - Object: 'Object Repository/ADMIN/Categories/Category/dropdown_Parent' is clicked on

2020-03-19 14:33:36 - [TEST_STEP][PASSED] - delay(2): Delayed 2 second(s)

2020-03-19 14:33:38 - [MESSAGE][PASSED] - Delayed 2 second(s)

2020-03-19 14:33:38 - [TEST_STEP][PASSED] - click(findTestObject("ADMIN/Categories/Category/dropdown_Parent")): Object: 'Object Repository/ADMIN/Categories/Category/dropdown_Parent' is clicked on

2020-03-19 14:33:38 - [MESSAGE][PASSED] - Object: 'Object Repository/ADMIN/Categories/Category/dropdown_Parent' is clicked on

2020-03-19 14:33:38 - [TEST_STEP][PASSED] - selectOptionByLabel(findTestObject("ADMIN/Categories/Category/dropdown_Parent"), ParentName, false): All options with label '-' are selected in object 'Object Repository/ADMIN/Categories/Category/dropdown_Parent' 

2020-03-19 14:33:38 - [MESSAGE][PASSED] - All options with label '-' are selected in object 'Object Repository/ADMIN/Categories/Category/dropdown_Parent' 

2020-03-19 14:33:38 - [TEST_STEP][PASSED] - click(findTestObject("ADMIN/Categories/Category/button_Browse")): Object: 'Object Repository/ADMIN/Categories/Category/button_Browse' is clicked on

2020-03-19 14:33:38 - [MESSAGE][PASSED] - Object: 'Object Repository/ADMIN/Categories/Category/button_Browse' is clicked on

2020-03-19 14:33:38 - [TEST_STEP][PASSED] - delay(2): Delayed 2 second(s)

2020-03-19 14:33:40 - [MESSAGE][PASSED] - Delayed 2 second(s)

2020-03-19 14:33:40 - [TEST_STEP][PASSED] - uploadFile(findTestObject("ADMIN/Categories/Category/image_input image"), CategoryImageUpload): File 'C:\\Katalon\\Arctick\\Images\\Category\\10.png' sent to object: 'Object Repository/ADMIN/Categories/Category/image_input image'

2020-03-19 14:33:40 - [MESSAGE][PASSED] - File 'C:\\Katalon\\Arctick\\Images\\Category\\10.png' sent to object: 'Object Repository/ADMIN/Categories/Category/image_input image'

2020-03-19 14:33:40 - [TEST_STEP][PASSED] - waitForElementVisible(findTestObject("ADMIN/Categories/Category/button_upload check"), 0): Object 'Object Repository/ADMIN/Categories/Category/button_upload check' is visible

2020-03-19 14:33:40 - [MESSAGE][WARNING] - Timeout '0' is invalid. Using default page load timeout: '30'

2020-03-19 14:33:40 - [MESSAGE][PASSED] - Object 'Object Repository/ADMIN/Categories/Category/button_upload check' is visible

2020-03-19 14:33:40 - [TEST_STEP][PASSED] - click(findTestObject("ADMIN/Categories/Category/button_upload check")): Object: 'Object Repository/ADMIN/Categories/Category/button_upload check' is clicked on

2020-03-19 14:33:40 - [MESSAGE][PASSED] - Object: 'Object Repository/ADMIN/Categories/Category/button_upload check' is clicked on

2020-03-19 14:33:40 - [TEST_STEP][PASSED] - waitForElementVisible(findTestObject("ADMIN/Categories/Category/button_upload save"), 0): Object 'Object Repository/ADMIN/Categories/Category/button_upload save' is visible

2020-03-19 14:33:40 - [MESSAGE][WARNING] - Timeout '0' is invalid. Using default page load timeout: '30'

2020-03-19 14:33:40 - [MESSAGE][PASSED] - Object 'Object Repository/ADMIN/Categories/Category/button_upload save' is visible

2020-03-19 14:33:40 - [TEST_STEP][PASSED] - click(findTestObject("ADMIN/Categories/Category/button_upload save")): Object: 'Object Repository/ADMIN/Categories/Category/button_upload save' is clicked on

2020-03-19 14:33:41 - [MESSAGE][PASSED] - Object: 'Object Repository/ADMIN/Categories/Category/button_upload save' is clicked on

2020-03-19 14:33:41 - [TEST_STEP][PASSED] - setText(findTestObject("ADMIN/Categories/Category/textfield_category_description"), Description): Text 'Description66' is set on object 'Object Repository/ADMIN/Categories/Category/textfield_category_description'

2020-03-19 14:33:41 - [MESSAGE][PASSED] - Text 'Description66' is set on object 'Object Repository/ADMIN/Categories/Category/textfield_category_description'

2020-03-19 14:33:41 - [TEST_STEP][PASSED] - click(findTestObject("ADMIN/Categories/Category/button_Save")): Object: 'Object Repository/ADMIN/Categories/Category/button_Save' is clicked on

2020-03-19 14:33:41 - [MESSAGE][PASSED] - Object: 'Object Repository/ADMIN/Categories/Category/button_Save' is clicked on

2020-03-19 14:33:41 - [TEST_STEP][PASSED] - waitForElementVisible(findTestObject("ADMIN/Categories/Category/label_edit popup"), 0): Object 'Object Repository/ADMIN/Categories/Category/label_edit popup' is visible

2020-03-19 14:33:42 - [MESSAGE][WARNING] - Timeout '0' is invalid. Using default page load timeout: '30'

2020-03-19 14:33:42 - [MESSAGE][PASSED] - Object 'Object Repository/ADMIN/Categories/Category/label_edit popup' is visible

2020-03-19 14:33:42 - [TEST_STEP][PASSED] - waitForElementNotPresent(findTestObject("ADMIN/Categories/Category/label_edit popup"), 0): Web element with id: 'Object Repository/ADMIN/Categories/Category/label_edit popup' located by 'By.xpath: //div[(text() = 'Category was successfully saved.' or . = 'Category was successfully saved.')]' is not present after '30' second(s)

2020-03-19 14:33:42 - [MESSAGE][WARNING] - Timeout '0' is invalid. Using default page load timeout: '30'

2020-03-19 14:33:48 - [MESSAGE][PASSED] - Web element with id: 'Object Repository/ADMIN/Categories/Category/label_edit popup' located by 'By.xpath: //div[(text() = 'Category was successfully saved.' or . = 'Category was successfully saved.')]' is not present after '30' second(s)]]></system-out>
         <system-err><![CDATA[]]></system-err>
      </testcase>
      <testcase name="Test Cases/ADMIN/Content Mgmt/Categories/Category Add-Edit/Add Category" time="14.873" classname="Test Cases/ADMIN/Content Mgmt/Categories/Category Add-Edit/Add Category" status="FAILED">
         <failure type="FAILED" message="Test Cases/ADMIN/Content Mgmt/Categories/Category Add-Edit/Add Category FAILED.
Reason:
com.kms.katalon.core.exception.StepFailedException: Unable to click on object 'Object Repository/ADMIN/Categories/Category List/button_Categories' (Root cause: com.kms.katalon.core.exception.StepFailedException: Unable to click on object 'Object Repository/ADMIN/Categories/Category List/button_Categories'
	at com.kms.katalon.core.webui.keyword.internal.WebUIKeywordMain.stepFailed(WebUIKeywordMain.groovy:64)
	at com.kms.katalon.core.webui.keyword.internal.WebUIKeywordMain.runKeyword(WebUIKeywordMain.groovy:26)
	at com.kms.katalon.core.webui.keyword.builtin.ClickKeyword.click(ClickKeyword.groovy:76)
	at com.kms.katalon.core.webui.keyword.builtin.ClickKeyword.execute(ClickKeyword.groovy:43)
	at com.kms.katalon.core.keyword.internal.KeywordExecutor.executeKeywordForPlatform(KeywordExecutor.groovy:72)
	at com.kms.katalon.core.webui.keyword.WebUiBuiltInKeywords.click(WebUiBuiltInKeywords.groovy:616)
	at com.kms.katalon.core.webui.keyword.WebUiBuiltInKeywords$click$0.call(Unknown Source)
	at Add Category.run(Add Category:28)
	at com.kms.katalon.core.main.ScriptEngine.run(ScriptEngine.java:194)
	at com.kms.katalon.core.main.ScriptEngine.runScriptAsRawText(ScriptEngine.java:119)
	at com.kms.katalon.core.main.TestCaseExecutor.runScript(TestCaseExecutor.java:337)
	at com.kms.katalon.core.main.TestCaseExecutor.doExecute(TestCaseExecutor.java:328)
	at com.kms.katalon.core.main.TestCaseExecutor.processExecutionPhase(TestCaseExecutor.java:307)
	at com.kms.katalon.core.main.TestCaseExecutor.accessMainPhase(TestCaseExecutor.java:299)
	at com.kms.katalon.core.main.TestCaseExecutor.execute(TestCaseExecutor.java:233)
	at com.kms.katalon.core.main.TestSuiteExecutor.accessTestCaseMainPhase(TestSuiteExecutor.java:169)
	at com.kms.katalon.core.main.TestSuiteExecutor.accessTestSuiteMainPhase(TestSuiteExecutor.java:142)
	at com.kms.katalon.core.main.TestSuiteExecutor.execute(TestSuiteExecutor.java:91)
	at com.kms.katalon.core.main.TestCaseMain.startTestSuite(TestCaseMain.java:157)
	at com.kms.katalon.core.main.TestCaseMain$startTestSuite$0.call(Unknown Source)
	at TempTestSuite1584598607274.run(TempTestSuite1584598607274.groovy:36)
Caused by: org.openqa.selenium.ElementNotInteractableException: element not interactable
  (Session info: chrome=80.0.3987.132)
Build info: version: '3.141.59', revision: 'e82be7d358', time: '2018-11-14T08:25:53'
System info: host: 'ARCADIER-03', ip: '192.168.254.105', os.name: 'Windows 7', os.arch: 'amd64', os.version: '6.1', java.version: '1.8.0_181'
Driver info: com.kms.katalon.core.webui.driver.ExistingRemoteWebDriver
Capabilities {javascriptEnabled: true, platform: ANY, platformName: ANY}
Session ID: 66da7635ded2d355388026ca8e7d8eff
	at org.openqa.selenium.remote.http.W3CHttpResponseCodec.createException(W3CHttpResponseCodec.java:187)
	at org.openqa.selenium.remote.http.W3CHttpResponseCodec.decode(W3CHttpResponseCodec.java:122)
	at org.openqa.selenium.remote.http.W3CHttpResponseCodec.decode(W3CHttpResponseCodec.java:49)
	at org.openqa.selenium.remote.HttpCommandExecutor.execute(HttpCommandExecutor.java:158)
	at org.openqa.selenium.remote.RemoteWebDriver.execute(RemoteWebDriver.java:552)
	at com.kms.katalon.core.webui.driver.ExistingRemoteWebDriver.execute(ExistingRemoteWebDriver.java:108)
	at org.openqa.selenium.remote.RemoteWebElement.execute(RemoteWebElement.java:285)
	at org.openqa.selenium.remote.RemoteWebElement.click(RemoteWebElement.java:84)
	at org.openqa.selenium.support.events.EventFiringWebDriver$EventFiringWebElement.lambda$new$0(EventFiringWebDriver.java:404)
	at com.sun.proxy.$Proxy9.click(Unknown Source)
	at org.openqa.selenium.support.events.EventFiringWebDriver$EventFiringWebElement.click(EventFiringWebDriver.java:417)
	at com.kms.katalon.core.webui.keyword.builtin.ClickKeyword$_click_closure1.doCall(ClickKeyword.groovy:69)
	at com.kms.katalon.core.webui.keyword.builtin.ClickKeyword$_click_closure1.call(ClickKeyword.groovy)
	at com.kms.katalon.core.webui.keyword.internal.WebUIKeywordMain.runKeyword(WebUIKeywordMain.groovy:20)
	at com.kms.katalon.core.webui.keyword.builtin.ClickKeyword.click(ClickKeyword.groovy:76)
	at com.kms.katalon.core.webui.keyword.builtin.ClickKeyword.execute(ClickKeyword.groovy:43)
	at com.kms.katalon.core.keyword.internal.KeywordExecutor.executeKeywordForPlatform(KeywordExecutor.groovy:72)
	at com.kms.katalon.core.webui.keyword.WebUiBuiltInKeywords.click(WebUiBuiltInKeywords.groovy:616)
	at com.kms.katalon.core.webui.keyword.WebUiBuiltInKeywords$click$0.call(Unknown Source)
	at Script1549506362832.run(Script1549506362832.groovy:28)
	... 13 more
)
	at com.kms.katalon.core.keyword.internal.KeywordMain.stepFailed(KeywordMain.groovy:39)
	at com.kms.katalon.core.webui.keyword.internal.WebUIKeywordMain.stepFailed(WebUIKeywordMain.groovy:64)
	at com.kms.katalon.core.webui.keyword.internal.WebUIKeywordMain.runKeyword(WebUIKeywordMain.groovy:26)
	at com.kms.katalon.core.webui.keyword.builtin.ClickKeyword.click(ClickKeyword.groovy:76)
	at com.kms.katalon.core.webui.keyword.builtin.ClickKeyword.execute(ClickKeyword.groovy:43)
	at com.kms.katalon.core.keyword.internal.KeywordExecutor.executeKeywordForPlatform(KeywordExecutor.groovy:72)
	at com.kms.katalon.core.webui.keyword.WebUiBuiltInKeywords.click(WebUiBuiltInKeywords.groovy:616)
	at com.kms.katalon.core.webui.keyword.WebUiBuiltInKeywords$click$0.call(Unknown Source)
	at Add Category.run(Add Category:28)
	at com.kms.katalon.core.main.ScriptEngine.run(ScriptEngine.java:194)
	at com.kms.katalon.core.main.ScriptEngine.runScriptAsRawText(ScriptEngine.java:119)
	at com.kms.katalon.core.main.TestCaseExecutor.runScript(TestCaseExecutor.java:337)
	at com.kms.katalon.core.main.TestCaseExecutor.doExecute(TestCaseExecutor.java:328)
	at com.kms.katalon.core.main.TestCaseExecutor.processExecutionPhase(TestCaseExecutor.java:307)
	at com.kms.katalon.core.main.TestCaseExecutor.accessMainPhase(TestCaseExecutor.java:299)
	at com.kms.katalon.core.main.TestCaseExecutor.execute(TestCaseExecutor.java:233)
	at com.kms.katalon.core.main.TestSuiteExecutor.accessTestCaseMainPhase(TestSuiteExecutor.java:169)
	at com.kms.katalon.core.main.TestSuiteExecutor.accessTestSuiteMainPhase(TestSuiteExecutor.java:142)
	at com.kms.katalon.core.main.TestSuiteExecutor.execute(TestSuiteExecutor.java:91)
	at com.kms.katalon.core.main.TestCaseMain.startTestSuite(TestCaseMain.java:157)
	at com.kms.katalon.core.main.TestCaseMain$startTestSuite$0.call(Unknown Source)
	at TempTestSuite1584598607274.run(TempTestSuite1584598607274.groovy:36)
Caused by: com.kms.katalon.core.exception.StepFailedException: Unable to click on object 'Object Repository/ADMIN/Categories/Category List/button_Categories'
	... 21 more
Caused by: org.openqa.selenium.ElementNotInteractableException: element not interactable
  (Session info: chrome=80.0.3987.132)
Build info: version: '3.141.59', revision: 'e82be7d358', time: '2018-11-14T08:25:53'
System info: host: 'ARCADIER-03', ip: '192.168.254.105', os.name: 'Windows 7', os.arch: 'amd64', os.version: '6.1', java.version: '1.8.0_181'
Driver info: com.kms.katalon.core.webui.driver.ExistingRemoteWebDriver
Capabilities {javascriptEnabled: true, platform: ANY, platformName: ANY}
Session ID: 66da7635ded2d355388026ca8e7d8eff
	at org.openqa.selenium.remote.http.W3CHttpResponseCodec.createException(W3CHttpResponseCodec.java:187)
	at org.openqa.selenium.remote.http.W3CHttpResponseCodec.decode(W3CHttpResponseCodec.java:122)
	at org.openqa.selenium.remote.http.W3CHttpResponseCodec.decode(W3CHttpResponseCodec.java:49)
	at org.openqa.selenium.remote.HttpCommandExecutor.execute(HttpCommandExecutor.java:158)
	at org.openqa.selenium.remote.RemoteWebDriver.execute(RemoteWebDriver.java:552)
	at com.kms.katalon.core.webui.driver.ExistingRemoteWebDriver.execute(ExistingRemoteWebDriver.java:108)
	at org.openqa.selenium.remote.RemoteWebElement.execute(RemoteWebElement.java:285)
	at org.openqa.selenium.remote.RemoteWebElement.click(RemoteWebElement.java:84)
	at org.openqa.selenium.support.events.EventFiringWebDriver$EventFiringWebElement.lambda$new$0(EventFiringWebDriver.java:404)
	at com.sun.proxy.$Proxy9.click(Unknown Source)
	at org.openqa.selenium.support.events.EventFiringWebDriver$EventFiringWebElement.click(EventFiringWebDriver.java:417)
	at com.kms.katalon.core.webui.keyword.builtin.ClickKeyword$_click_closure1.doCall(ClickKeyword.groovy:69)
	at com.kms.katalon.core.webui.keyword.builtin.ClickKeyword$_click_closure1.call(ClickKeyword.groovy)
	at com.kms.katalon.core.webui.keyword.internal.WebUIKeywordMain.runKeyword(WebUIKeywordMain.groovy:20)
	... 19 more
"/>
         <system-out><![CDATA[2020-03-19 14:33:48 - [TEST_CASE][FAILED] - Test Cases/ADMIN/Content Mgmt/Categories/Category Add-Edit/Add Category: Test Cases/ADMIN/Content Mgmt/Categories/Category Add-Edit/Add Category FAILED.
Reason:
com.kms.katalon.core.exception.StepFailedException: Unable to click on object 'Object Repository/ADMIN/Categories/Category List/button_Categories' (Root cause: com.kms.katalon.core.exception.StepFailedException: Unable to click on object 'Object Repository/ADMIN/Categories/Category List/button_Categories'
	at com.kms.katalon.core.webui.keyword.internal.WebUIKeywordMain.stepFailed(WebUIKeywordMain.groovy:64)
	at com.kms.katalon.core.webui.keyword.internal.WebUIKeywordMain.runKeyword(WebUIKeywordMain.groovy:26)
	at com.kms.katalon.core.webui.keyword.builtin.ClickKeyword.click(ClickKeyword.groovy:76)
	at com.kms.katalon.core.webui.keyword.builtin.ClickKeyword.execute(ClickKeyword.groovy:43)
	at com.kms.katalon.core.keyword.internal.KeywordExecutor.executeKeywordForPlatform(KeywordExecutor.groovy:72)
	at com.kms.katalon.core.webui.keyword.WebUiBuiltInKeywords.click(WebUiBuiltInKeywords.groovy:616)
	at com.kms.katalon.core.webui.keyword.WebUiBuiltInKeywords$click$0.call(Unknown Source)
	at Add Category.run(Add Category:28)
	at com.kms.katalon.core.main.ScriptEngine.run(ScriptEngine.java:194)
	at com.kms.katalon.core.main.ScriptEngine.runScriptAsRawText(ScriptEngine.java:119)
	at com.kms.katalon.core.main.TestCaseExecutor.runScript(TestCaseExecutor.java:337)
	at com.kms.katalon.core.main.TestCaseExecutor.doExecute(TestCaseExecutor.java:328)
	at com.kms.katalon.core.main.TestCaseExecutor.processExecutionPhase(TestCaseExecutor.java:307)
	at com.kms.katalon.core.main.TestCaseExecutor.accessMainPhase(TestCaseExecutor.java:299)
	at com.kms.katalon.core.main.TestCaseExecutor.execute(TestCaseExecutor.java:233)
	at com.kms.katalon.core.main.TestSuiteExecutor.accessTestCaseMainPhase(TestSuiteExecutor.java:169)
	at com.kms.katalon.core.main.TestSuiteExecutor.accessTestSuiteMainPhase(TestSuiteExecutor.java:142)
	at com.kms.katalon.core.main.TestSuiteExecutor.execute(TestSuiteExecutor.java:91)
	at com.kms.katalon.core.main.TestCaseMain.startTestSuite(TestCaseMain.java:157)
	at com.kms.katalon.core.main.TestCaseMain$startTestSuite$0.call(Unknown Source)
	at TempTestSuite1584598607274.run(TempTestSuite1584598607274.groovy:36)
Caused by: org.openqa.selenium.ElementNotInteractableException: element not interactable
  (Session info: chrome=80.0.3987.132)
Build info: version: '3.141.59', revision: 'e82be7d358', time: '2018-11-14T08:25:53'
System info: host: 'ARCADIER-03', ip: '192.168.254.105', os.name: 'Windows 7', os.arch: 'amd64', os.version: '6.1', java.version: '1.8.0_181'
Driver info: com.kms.katalon.core.webui.driver.ExistingRemoteWebDriver
Capabilities {javascriptEnabled: true, platform: ANY, platformName: ANY}
Session ID: 66da7635ded2d355388026ca8e7d8eff
	at org.openqa.selenium.remote.http.W3CHttpResponseCodec.createException(W3CHttpResponseCodec.java:187)
	at org.openqa.selenium.remote.http.W3CHttpResponseCodec.decode(W3CHttpResponseCodec.java:122)
	at org.openqa.selenium.remote.http.W3CHttpResponseCodec.decode(W3CHttpResponseCodec.java:49)
	at org.openqa.selenium.remote.HttpCommandExecutor.execute(HttpCommandExecutor.java:158)
	at org.openqa.selenium.remote.RemoteWebDriver.execute(RemoteWebDriver.java:552)
	at com.kms.katalon.core.webui.driver.ExistingRemoteWebDriver.execute(ExistingRemoteWebDriver.java:108)
	at org.openqa.selenium.remote.RemoteWebElement.execute(RemoteWebElement.java:285)
	at org.openqa.selenium.remote.RemoteWebElement.click(RemoteWebElement.java:84)
	at org.openqa.selenium.support.events.EventFiringWebDriver$EventFiringWebElement.lambda$new$0(EventFiringWebDriver.java:404)
	at com.sun.proxy.$Proxy9.click(Unknown Source)
	at org.openqa.selenium.support.events.EventFiringWebDriver$EventFiringWebElement.click(EventFiringWebDriver.java:417)
	at com.kms.katalon.core.webui.keyword.builtin.ClickKeyword$_click_closure1.doCall(ClickKeyword.groovy:69)
	at com.kms.katalon.core.webui.keyword.builtin.ClickKeyword$_click_closure1.call(ClickKeyword.groovy)
	at com.kms.katalon.core.webui.keyword.internal.WebUIKeywordMain.runKeyword(WebUIKeywordMain.groovy:20)
	at com.kms.katalon.core.webui.keyword.builtin.ClickKeyword.click(ClickKeyword.groovy:76)
	at com.kms.katalon.core.webui.keyword.builtin.ClickKeyword.execute(ClickKeyword.groovy:43)
	at com.kms.katalon.core.keyword.internal.KeywordExecutor.executeKeywordForPlatform(KeywordExecutor.groovy:72)
	at com.kms.katalon.core.webui.keyword.WebUiBuiltInKeywords.click(WebUiBuiltInKeywords.groovy:616)
	at com.kms.katalon.core.webui.keyword.WebUiBuiltInKeywords$click$0.call(Unknown Source)
	at Script1549506362832.run(Script1549506362832.groovy:28)
	... 13 more
)
	at com.kms.katalon.core.keyword.internal.KeywordMain.stepFailed(KeywordMain.groovy:39)
	at com.kms.katalon.core.webui.keyword.internal.WebUIKeywordMain.stepFailed(WebUIKeywordMain.groovy:64)
	at com.kms.katalon.core.webui.keyword.internal.WebUIKeywordMain.runKeyword(WebUIKeywordMain.groovy:26)
	at com.kms.katalon.core.webui.keyword.builtin.ClickKeyword.click(ClickKeyword.groovy:76)
	at com.kms.katalon.core.webui.keyword.builtin.ClickKeyword.execute(ClickKeyword.groovy:43)
	at com.kms.katalon.core.keyword.internal.KeywordExecutor.executeKeywordForPlatform(KeywordExecutor.groovy:72)
	at com.kms.katalon.core.webui.keyword.WebUiBuiltInKeywords.click(WebUiBuiltInKeywords.groovy:616)
	at com.kms.katalon.core.webui.keyword.WebUiBuiltInKeywords$click$0.call(Unknown Source)
	at Add Category.run(Add Category:28)
	at com.kms.katalon.core.main.ScriptEngine.run(ScriptEngine.java:194)
	at com.kms.katalon.core.main.ScriptEngine.runScriptAsRawText(ScriptEngine.java:119)
	at com.kms.katalon.core.main.TestCaseExecutor.runScript(TestCaseExecutor.java:337)
	at com.kms.katalon.core.main.TestCaseExecutor.doExecute(TestCaseExecutor.java:328)
	at com.kms.katalon.core.main.TestCaseExecutor.processExecutionPhase(TestCaseExecutor.java:307)
	at com.kms.katalon.core.main.TestCaseExecutor.accessMainPhase(TestCaseExecutor.java:299)
	at com.kms.katalon.core.main.TestCaseExecutor.execute(TestCaseExecutor.java:233)
	at com.kms.katalon.core.main.TestSuiteExecutor.accessTestCaseMainPhase(TestSuiteExecutor.java:169)
	at com.kms.katalon.core.main.TestSuiteExecutor.accessTestSuiteMainPhase(TestSuiteExecutor.java:142)
	at com.kms.katalon.core.main.TestSuiteExecutor.execute(TestSuiteExecutor.java:91)
	at com.kms.katalon.core.main.TestCaseMain.startTestSuite(TestCaseMain.java:157)
	at com.kms.katalon.core.main.TestCaseMain$startTestSuite$0.call(Unknown Source)
	at TempTestSuite1584598607274.run(TempTestSuite1584598607274.groovy:36)
Caused by: com.kms.katalon.core.exception.StepFailedException: Unable to click on object 'Object Repository/ADMIN/Categories/Category List/button_Categories'
	... 21 more
Caused by: org.openqa.selenium.ElementNotInteractableException: element not interactable
  (Session info: chrome=80.0.3987.132)
Build info: version: '3.141.59', revision: 'e82be7d358', time: '2018-11-14T08:25:53'
System info: host: 'ARCADIER-03', ip: '192.168.254.105', os.name: 'Windows 7', os.arch: 'amd64', os.version: '6.1', java.version: '1.8.0_181'
Driver info: com.kms.katalon.core.webui.driver.ExistingRemoteWebDriver
Capabilities {javascriptEnabled: true, platform: ANY, platformName: ANY}
Session ID: 66da7635ded2d355388026ca8e7d8eff
	at org.openqa.selenium.remote.http.W3CHttpResponseCodec.createException(W3CHttpResponseCodec.java:187)
	at org.openqa.selenium.remote.http.W3CHttpResponseCodec.decode(W3CHttpResponseCodec.java:122)
	at org.openqa.selenium.remote.http.W3CHttpResponseCodec.decode(W3CHttpResponseCodec.java:49)
	at org.openqa.selenium.remote.HttpCommandExecutor.execute(HttpCommandExecutor.java:158)
	at org.openqa.selenium.remote.RemoteWebDriver.execute(RemoteWebDriver.java:552)
	at com.kms.katalon.core.webui.driver.ExistingRemoteWebDriver.execute(ExistingRemoteWebDriver.java:108)
	at org.openqa.selenium.remote.RemoteWebElement.execute(RemoteWebElement.java:285)
	at org.openqa.selenium.remote.RemoteWebElement.click(RemoteWebElement.java:84)
	at org.openqa.selenium.support.events.EventFiringWebDriver$EventFiringWebElement.lambda$new$0(EventFiringWebDriver.java:404)
	at com.sun.proxy.$Proxy9.click(Unknown Source)
	at org.openqa.selenium.support.events.EventFiringWebDriver$EventFiringWebElement.click(EventFiringWebDriver.java:417)
	at com.kms.katalon.core.webui.keyword.builtin.ClickKeyword$_click_closure1.doCall(ClickKeyword.groovy:69)
	at com.kms.katalon.core.webui.keyword.builtin.ClickKeyword$_click_closure1.call(ClickKeyword.groovy)
	at com.kms.katalon.core.webui.keyword.internal.WebUIKeywordMain.runKeyword(WebUIKeywordMain.groovy:20)
	... 19 more


2020-03-19 14:33:48 - [TEST_STEP][PASSED] - waitForElementVisible(findTestObject("ADMIN/Categories/Category List/button_Content Mgmt"), 0): Object 'Object Repository/ADMIN/Categories/Category List/button_Content Mgmt' is visible

2020-03-19 14:33:48 - [MESSAGE][WARNING] - Timeout '0' is invalid. Using default page load timeout: '30'

2020-03-19 14:33:48 - [MESSAGE][PASSED] - Object 'Object Repository/ADMIN/Categories/Category List/button_Content Mgmt' is visible

2020-03-19 14:33:48 - [TEST_STEP][PASSED] - click(findTestObject("ADMIN/Categories/Category List/button_Content Mgmt")): Object: 'Object Repository/ADMIN/Categories/Category List/button_Content Mgmt' is clicked on

2020-03-19 14:33:48 - [MESSAGE][PASSED] - Object: 'Object Repository/ADMIN/Categories/Category List/button_Content Mgmt' is clicked on

2020-03-19 14:33:48 - [TEST_STEP][PASSED] - waitForElementVisible(findTestObject("ADMIN/Categories/Category List/button_Categories"), 0): Object 'Object Repository/ADMIN/Categories/Category List/button_Categories' is visible

2020-03-19 14:33:48 - [MESSAGE][WARNING] - Timeout '0' is invalid. Using default page load timeout: '30'

2020-03-19 14:33:48 - [MESSAGE][PASSED] - Object 'Object Repository/ADMIN/Categories/Category List/button_Categories' is visible

2020-03-19 14:33:48 - [TEST_STEP][FAILED] - click(findTestObject("ADMIN/Categories/Category List/button_Categories")): Unable to click on object 'Object Repository/ADMIN/Categories/Category List/button_Categories' (Root cause: com.kms.katalon.core.exception.StepFailedException: Unable to click on object 'Object Repository/ADMIN/Categories/Category List/button_Categories'
	at com.kms.katalon.core.webui.keyword.internal.WebUIKeywordMain.stepFailed(WebUIKeywordMain.groovy:64)
	at com.kms.katalon.core.webui.keyword.internal.WebUIKeywordMain.runKeyword(WebUIKeywordMain.groovy:26)
	at com.kms.katalon.core.webui.keyword.builtin.ClickKeyword.click(ClickKeyword.groovy:76)
	at com.kms.katalon.core.webui.keyword.builtin.ClickKeyword.execute(ClickKeyword.groovy:43)
	at com.kms.katalon.core.keyword.internal.KeywordExecutor.executeKeywordForPlatform(KeywordExecutor.groovy:72)
	at com.kms.katalon.core.webui.keyword.WebUiBuiltInKeywords.click(WebUiBuiltInKeywords.groovy:616)
	at com.kms.katalon.core.webui.keyword.WebUiBuiltInKeywords$click$0.call(Unknown Source)
	at Add Category.run(Add Category:28)
	at com.kms.katalon.core.main.ScriptEngine.run(ScriptEngine.java:194)
	at com.kms.katalon.core.main.ScriptEngine.runScriptAsRawText(ScriptEngine.java:119)
	at com.kms.katalon.core.main.TestCaseExecutor.runScript(TestCaseExecutor.java:337)
	at com.kms.katalon.core.main.TestCaseExecutor.doExecute(TestCaseExecutor.java:328)
	at com.kms.katalon.core.main.TestCaseExecutor.processExecutionPhase(TestCaseExecutor.java:307)
	at com.kms.katalon.core.main.TestCaseExecutor.accessMainPhase(TestCaseExecutor.java:299)
	at com.kms.katalon.core.main.TestCaseExecutor.execute(TestCaseExecutor.java:233)
	at com.kms.katalon.core.main.TestSuiteExecutor.accessTestCaseMainPhase(TestSuiteExecutor.java:169)
	at com.kms.katalon.core.main.TestSuiteExecutor.accessTestSuiteMainPhase(TestSuiteExecutor.java:142)
	at com.kms.katalon.core.main.TestSuiteExecutor.execute(TestSuiteExecutor.java:91)
	at com.kms.katalon.core.main.TestCaseMain.startTestSuite(TestCaseMain.java:157)
	at com.kms.katalon.core.main.TestCaseMain$startTestSuite$0.call(Unknown Source)
	at TempTestSuite1584598607274.run(TempTestSuite1584598607274.groovy:36)
Caused by: org.openqa.selenium.ElementNotInteractableException: element not interactable
  (Session info: chrome=80.0.3987.132)
Build info: version: '3.141.59', revision: 'e82be7d358', time: '2018-11-14T08:25:53'
System info: host: 'ARCADIER-03', ip: '192.168.254.105', os.name: 'Windows 7', os.arch: 'amd64', os.version: '6.1', java.version: '1.8.0_181'
Driver info: com.kms.katalon.core.webui.driver.ExistingRemoteWebDriver
Capabilities {javascriptEnabled: true, platform: ANY, platformName: ANY}
Session ID: 66da7635ded2d355388026ca8e7d8eff
	at org.openqa.selenium.remote.http.W3CHttpResponseCodec.createException(W3CHttpResponseCodec.java:187)
	at org.openqa.selenium.remote.http.W3CHttpResponseCodec.decode(W3CHttpResponseCodec.java:122)
	at org.openqa.selenium.remote.http.W3CHttpResponseCodec.decode(W3CHttpResponseCodec.java:49)
	at org.openqa.selenium.remote.HttpCommandExecutor.execute(HttpCommandExecutor.java:158)
	at org.openqa.selenium.remote.RemoteWebDriver.execute(RemoteWebDriver.java:552)
	at com.kms.katalon.core.webui.driver.ExistingRemoteWebDriver.execute(ExistingRemoteWebDriver.java:108)
	at org.openqa.selenium.remote.RemoteWebElement.execute(RemoteWebElement.java:285)
	at org.openqa.selenium.remote.RemoteWebElement.click(RemoteWebElement.java:84)
	at org.openqa.selenium.support.events.EventFiringWebDriver$EventFiringWebElement.lambda$new$0(EventFiringWebDriver.java:404)
	at com.sun.proxy.$Proxy9.click(Unknown Source)
	at org.openqa.selenium.support.events.EventFiringWebDriver$EventFiringWebElement.click(EventFiringWebDriver.java:417)
	at com.kms.katalon.core.webui.keyword.builtin.ClickKeyword$_click_closure1.doCall(ClickKeyword.groovy:69)
	at com.kms.katalon.core.webui.keyword.builtin.ClickKeyword$_click_closure1.call(ClickKeyword.groovy)
	at com.kms.katalon.core.webui.keyword.internal.WebUIKeywordMain.runKeyword(WebUIKeywordMain.groovy:20)
	at com.kms.katalon.core.webui.keyword.builtin.ClickKeyword.click(ClickKeyword.groovy:76)
	at com.kms.katalon.core.webui.keyword.builtin.ClickKeyword.execute(ClickKeyword.groovy:43)
	at com.kms.katalon.core.keyword.internal.KeywordExecutor.executeKeywordForPlatform(KeywordExecutor.groovy:72)
	at com.kms.katalon.core.webui.keyword.WebUiBuiltInKeywords.click(WebUiBuiltInKeywords.groovy:616)
	at com.kms.katalon.core.webui.keyword.WebUiBuiltInKeywords$click$0.call(Unknown Source)
	at Script1549506362832.run(Script1549506362832.groovy:28)
	... 13 more
)

2020-03-19 14:33:49 - [MESSAGE][FAILED] - Unable to click on object 'Object Repository/ADMIN/Categories/Category List/button_Categories' (Root cause: com.kms.katalon.core.exception.StepFailedException: Unable to click on object 'Object Repository/ADMIN/Categories/Category List/button_Categories'
	at com.kms.katalon.core.webui.keyword.internal.WebUIKeywordMain.stepFailed(WebUIKeywordMain.groovy:64)
	at com.kms.katalon.core.webui.keyword.internal.WebUIKeywordMain.runKeyword(WebUIKeywordMain.groovy:26)
	at com.kms.katalon.core.webui.keyword.builtin.ClickKeyword.click(ClickKeyword.groovy:76)
	at com.kms.katalon.core.webui.keyword.builtin.ClickKeyword.execute(ClickKeyword.groovy:43)
	at com.kms.katalon.core.keyword.internal.KeywordExecutor.executeKeywordForPlatform(KeywordExecutor.groovy:72)
	at com.kms.katalon.core.webui.keyword.WebUiBuiltInKeywords.click(WebUiBuiltInKeywords.groovy:616)
	at com.kms.katalon.core.webui.keyword.WebUiBuiltInKeywords$click$0.call(Unknown Source)
	at Add Category.run(Add Category:28)
	at com.kms.katalon.core.main.ScriptEngine.run(ScriptEngine.java:194)
	at com.kms.katalon.core.main.ScriptEngine.runScriptAsRawText(ScriptEngine.java:119)
	at com.kms.katalon.core.main.TestCaseExecutor.runScript(TestCaseExecutor.java:337)
	at com.kms.katalon.core.main.TestCaseExecutor.doExecute(TestCaseExecutor.java:328)
	at com.kms.katalon.core.main.TestCaseExecutor.processExecutionPhase(TestCaseExecutor.java:307)
	at com.kms.katalon.core.main.TestCaseExecutor.accessMainPhase(TestCaseExecutor.java:299)
	at com.kms.katalon.core.main.TestCaseExecutor.execute(TestCaseExecutor.java:233)
	at com.kms.katalon.core.main.TestSuiteExecutor.accessTestCaseMainPhase(TestSuiteExecutor.java:169)
	at com.kms.katalon.core.main.TestSuiteExecutor.accessTestSuiteMainPhase(TestSuiteExecutor.java:142)
	at com.kms.katalon.core.main.TestSuiteExecutor.execute(TestSuiteExecutor.java:91)
	at com.kms.katalon.core.main.TestCaseMain.startTestSuite(TestCaseMain.java:157)
	at com.kms.katalon.core.main.TestCaseMain$startTestSuite$0.call(Unknown Source)
	at TempTestSuite1584598607274.run(TempTestSuite1584598607274.groovy:36)
Caused by: org.openqa.selenium.ElementNotInteractableException: element not interactable
  (Session info: chrome=80.0.3987.132)
Build info: version: '3.141.59', revision: 'e82be7d358', time: '2018-11-14T08:25:53'
System info: host: 'ARCADIER-03', ip: '192.168.254.105', os.name: 'Windows 7', os.arch: 'amd64', os.version: '6.1', java.version: '1.8.0_181'
Driver info: com.kms.katalon.core.webui.driver.ExistingRemoteWebDriver
Capabilities {javascriptEnabled: true, platform: ANY, platformName: ANY}
Session ID: 66da7635ded2d355388026ca8e7d8eff
	at org.openqa.selenium.remote.http.W3CHttpResponseCodec.createException(W3CHttpResponseCodec.java:187)
	at org.openqa.selenium.remote.http.W3CHttpResponseCodec.decode(W3CHttpResponseCodec.java:122)
	at org.openqa.selenium.remote.http.W3CHttpResponseCodec.decode(W3CHttpResponseCodec.java:49)
	at org.openqa.selenium.remote.HttpCommandExecutor.execute(HttpCommandExecutor.java:158)
	at org.openqa.selenium.remote.RemoteWebDriver.execute(RemoteWebDriver.java:552)
	at com.kms.katalon.core.webui.driver.ExistingRemoteWebDriver.execute(ExistingRemoteWebDriver.java:108)
	at org.openqa.selenium.remote.RemoteWebElement.execute(RemoteWebElement.java:285)
	at org.openqa.selenium.remote.RemoteWebElement.click(RemoteWebElement.java:84)
	at org.openqa.selenium.support.events.EventFiringWebDriver$EventFiringWebElement.lambda$new$0(EventFiringWebDriver.java:404)
	at com.sun.proxy.$Proxy9.click(Unknown Source)
	at org.openqa.selenium.support.events.EventFiringWebDriver$EventFiringWebElement.click(EventFiringWebDriver.java:417)
	at com.kms.katalon.core.webui.keyword.builtin.ClickKeyword$_click_closure1.doCall(ClickKeyword.groovy:69)
	at com.kms.katalon.core.webui.keyword.builtin.ClickKeyword$_click_closure1.call(ClickKeyword.groovy)
	at com.kms.katalon.core.webui.keyword.internal.WebUIKeywordMain.runKeyword(WebUIKeywordMain.groovy:20)
	at com.kms.katalon.core.webui.keyword.builtin.ClickKeyword.click(ClickKeyword.groovy:76)
	at com.kms.katalon.core.webui.keyword.builtin.ClickKeyword.execute(ClickKeyword.groovy:43)
	at com.kms.katalon.core.keyword.internal.KeywordExecutor.executeKeywordForPlatform(KeywordExecutor.groovy:72)
	at com.kms.katalon.core.webui.keyword.WebUiBuiltInKeywords.click(WebUiBuiltInKeywords.groovy:616)
	at com.kms.katalon.core.webui.keyword.WebUiBuiltInKeywords$click$0.call(Unknown Source)
	at Script1549506362832.run(Script1549506362832.groovy:28)
	... 13 more
)
[[ATTACHMENT|C:\\Katalon\\Arctick\\Reports\\20200319_141647\\Admin\\Admin Add Category\\20200319_141647\\1584599628872.png]]

2020-03-19 14:33:49 - [TEST_STEP][PASSED] - waitForPageLoad(0, STOP_ON_FAILURE): Wait for page load successfully

2020-03-19 14:33:49 - [MESSAGE][WARNING] - Timeout '0' is invalid. Using default page load timeout: '30'

2020-03-19 14:33:49 - [MESSAGE][PASSED] - Wait for page load successfully

2020-03-19 14:33:49 - [TEST_STEP][PASSED] - click(findTestObject("ADMIN/Categories/Category List/button_Add a Category")): Object: 'Object Repository/ADMIN/Categories/Category List/button_Add a Category' is clicked on

2020-03-19 14:33:49 - [MESSAGE][PASSED] - Object: 'Object Repository/ADMIN/Categories/Category List/button_Add a Category' is clicked on

2020-03-19 14:33:49 - [TEST_STEP][PASSED] - waitForElementPresent(findTestObject("ADMIN/Categories/Category/dropdown_Parent"), 2): Object 'Object Repository/ADMIN/Categories/Category/dropdown_Parent' is present

2020-03-19 14:33:49 - [MESSAGE][PASSED] - Object 'Object Repository/ADMIN/Categories/Category/dropdown_Parent' is present

2020-03-19 14:33:49 - [TEST_STEP][PASSED] - delay(1): Delayed 1 second(s)

2020-03-19 14:33:50 - [MESSAGE][PASSED] - Delayed 1 second(s)

2020-03-19 14:33:50 - [TEST_STEP][PASSED] - setText(findTestObject("ADMIN/Categories/Category/textfield_Category Name"), CategoryNametext): Text 'Category 11' is set on object 'Object Repository/ADMIN/Categories/Category/textfield_Category Name'

2020-03-19 14:33:50 - [MESSAGE][PASSED] - Text 'Category 11' is set on object 'Object Repository/ADMIN/Categories/Category/textfield_Category Name'

2020-03-19 14:33:50 - [TEST_STEP][PASSED] - click(findTestObject("ADMIN/Categories/Category/dropdown_Parent")): Object: 'Object Repository/ADMIN/Categories/Category/dropdown_Parent' is clicked on

2020-03-19 14:33:50 - [MESSAGE][PASSED] - Object: 'Object Repository/ADMIN/Categories/Category/dropdown_Parent' is clicked on

2020-03-19 14:33:50 - [TEST_STEP][PASSED] - delay(2): Delayed 2 second(s)

2020-03-19 14:33:52 - [MESSAGE][PASSED] - Delayed 2 second(s)

2020-03-19 14:33:52 - [TEST_STEP][PASSED] - click(findTestObject("ADMIN/Categories/Category/dropdown_Parent")): Object: 'Object Repository/ADMIN/Categories/Category/dropdown_Parent' is clicked on

2020-03-19 14:33:53 - [MESSAGE][PASSED] - Object: 'Object Repository/ADMIN/Categories/Category/dropdown_Parent' is clicked on

2020-03-19 14:33:53 - [TEST_STEP][PASSED] - selectOptionByLabel(findTestObject("ADMIN/Categories/Category/dropdown_Parent"), ParentName, false): All options with label '-' are selected in object 'Object Repository/ADMIN/Categories/Category/dropdown_Parent' 

2020-03-19 14:33:53 - [MESSAGE][PASSED] - All options with label '-' are selected in object 'Object Repository/ADMIN/Categories/Category/dropdown_Parent' 

2020-03-19 14:33:53 - [TEST_STEP][PASSED] - click(findTestObject("ADMIN/Categories/Category/button_Browse")): Object: 'Object Repository/ADMIN/Categories/Category/button_Browse' is clicked on

2020-03-19 14:33:53 - [MESSAGE][PASSED] - Object: 'Object Repository/ADMIN/Categories/Category/button_Browse' is clicked on

2020-03-19 14:33:53 - [TEST_STEP][PASSED] - delay(2): Delayed 2 second(s)

2020-03-19 14:33:55 - [MESSAGE][PASSED] - Delayed 2 second(s)

2020-03-19 14:33:55 - [TEST_STEP][PASSED] - uploadFile(findTestObject("ADMIN/Categories/Category/image_input image"), CategoryImageUpload): File 'C:\\Katalon\\Arctick\\Images\\Category\\11.png' sent to object: 'Object Repository/ADMIN/Categories/Category/image_input image'

2020-03-19 14:33:55 - [MESSAGE][PASSED] - File 'C:\\Katalon\\Arctick\\Images\\Category\\11.png' sent to object: 'Object Repository/ADMIN/Categories/Category/image_input image'

2020-03-19 14:33:55 - [TEST_STEP][PASSED] - waitForElementVisible(findTestObject("ADMIN/Categories/Category/button_upload check"), 0): Object 'Object Repository/ADMIN/Categories/Category/button_upload check' is visible

2020-03-19 14:33:55 - [MESSAGE][WARNING] - Timeout '0' is invalid. Using default page load timeout: '30'

2020-03-19 14:33:55 - [MESSAGE][PASSED] - Object 'Object Repository/ADMIN/Categories/Category/button_upload check' is visible

2020-03-19 14:33:55 - [TEST_STEP][PASSED] - click(findTestObject("ADMIN/Categories/Category/button_upload check")): Object: 'Object Repository/ADMIN/Categories/Category/button_upload check' is clicked on

2020-03-19 14:33:55 - [MESSAGE][PASSED] - Object: 'Object Repository/ADMIN/Categories/Category/button_upload check' is clicked on

2020-03-19 14:33:55 - [TEST_STEP][PASSED] - waitForElementVisible(findTestObject("ADMIN/Categories/Category/button_upload save"), 0): Object 'Object Repository/ADMIN/Categories/Category/button_upload save' is visible

2020-03-19 14:33:55 - [MESSAGE][WARNING] - Timeout '0' is invalid. Using default page load timeout: '30'

2020-03-19 14:33:55 - [MESSAGE][PASSED] - Object 'Object Repository/ADMIN/Categories/Category/button_upload save' is visible

2020-03-19 14:33:55 - [TEST_STEP][PASSED] - click(findTestObject("ADMIN/Categories/Category/button_upload save")): Object: 'Object Repository/ADMIN/Categories/Category/button_upload save' is clicked on

2020-03-19 14:33:56 - [MESSAGE][PASSED] - Object: 'Object Repository/ADMIN/Categories/Category/button_upload save' is clicked on

2020-03-19 14:33:56 - [TEST_STEP][PASSED] - setText(findTestObject("ADMIN/Categories/Category/textfield_category_description"), Description): Text 'Description67' is set on object 'Object Repository/ADMIN/Categories/Category/textfield_category_description'

2020-03-19 14:33:56 - [MESSAGE][PASSED] - Text 'Description67' is set on object 'Object Repository/ADMIN/Categories/Category/textfield_category_description'

2020-03-19 14:33:56 - [TEST_STEP][PASSED] - click(findTestObject("ADMIN/Categories/Category/button_Save")): Object: 'Object Repository/ADMIN/Categories/Category/button_Save' is clicked on

2020-03-19 14:33:56 - [MESSAGE][PASSED] - Object: 'Object Repository/ADMIN/Categories/Category/button_Save' is clicked on

2020-03-19 14:33:56 - [TEST_STEP][PASSED] - waitForElementVisible(findTestObject("ADMIN/Categories/Category/label_edit popup"), 0): Object 'Object Repository/ADMIN/Categories/Category/label_edit popup' is visible

2020-03-19 14:33:56 - [MESSAGE][WARNING] - Timeout '0' is invalid. Using default page load timeout: '30'

2020-03-19 14:33:57 - [MESSAGE][PASSED] - Object 'Object Repository/ADMIN/Categories/Category/label_edit popup' is visible

2020-03-19 14:33:57 - [TEST_STEP][PASSED] - waitForElementNotPresent(findTestObject("ADMIN/Categories/Category/label_edit popup"), 0): Web element with id: 'Object Repository/ADMIN/Categories/Category/label_edit popup' located by 'By.xpath: //div[(text() = 'Category was successfully saved.' or . = 'Category was successfully saved.')]' is not present after '30' second(s)

2020-03-19 14:33:57 - [MESSAGE][WARNING] - Timeout '0' is invalid. Using default page load timeout: '30'

2020-03-19 14:34:03 - [MESSAGE][PASSED] - Web element with id: 'Object Repository/ADMIN/Categories/Category/label_edit popup' located by 'By.xpath: //div[(text() = 'Category was successfully saved.' or . = 'Category was successfully saved.')]' is not present after '30' second(s)]]></system-out>
         <system-err><![CDATA[2020-03-19 14:33:48 - [TEST_CASE][FAILED] - Test Cases/ADMIN/Content Mgmt/Categories/Category Add-Edit/Add Category: Test Cases/ADMIN/Content Mgmt/Categories/Category Add-Edit/Add Category FAILED.
Reason:
com.kms.katalon.core.exception.StepFailedException: Unable to click on object 'Object Repository/ADMIN/Categories/Category List/button_Categories' (Root cause: com.kms.katalon.core.exception.StepFailedException: Unable to click on object 'Object Repository/ADMIN/Categories/Category List/button_Categories'
	at com.kms.katalon.core.webui.keyword.internal.WebUIKeywordMain.stepFailed(WebUIKeywordMain.groovy:64)
	at com.kms.katalon.core.webui.keyword.internal.WebUIKeywordMain.runKeyword(WebUIKeywordMain.groovy:26)
	at com.kms.katalon.core.webui.keyword.builtin.ClickKeyword.click(ClickKeyword.groovy:76)
	at com.kms.katalon.core.webui.keyword.builtin.ClickKeyword.execute(ClickKeyword.groovy:43)
	at com.kms.katalon.core.keyword.internal.KeywordExecutor.executeKeywordForPlatform(KeywordExecutor.groovy:72)
	at com.kms.katalon.core.webui.keyword.WebUiBuiltInKeywords.click(WebUiBuiltInKeywords.groovy:616)
	at com.kms.katalon.core.webui.keyword.WebUiBuiltInKeywords$click$0.call(Unknown Source)
	at Add Category.run(Add Category:28)
	at com.kms.katalon.core.main.ScriptEngine.run(ScriptEngine.java:194)
	at com.kms.katalon.core.main.ScriptEngine.runScriptAsRawText(ScriptEngine.java:119)
	at com.kms.katalon.core.main.TestCaseExecutor.runScript(TestCaseExecutor.java:337)
	at com.kms.katalon.core.main.TestCaseExecutor.doExecute(TestCaseExecutor.java:328)
	at com.kms.katalon.core.main.TestCaseExecutor.processExecutionPhase(TestCaseExecutor.java:307)
	at com.kms.katalon.core.main.TestCaseExecutor.accessMainPhase(TestCaseExecutor.java:299)
	at com.kms.katalon.core.main.TestCaseExecutor.execute(TestCaseExecutor.java:233)
	at com.kms.katalon.core.main.TestSuiteExecutor.accessTestCaseMainPhase(TestSuiteExecutor.java:169)
	at com.kms.katalon.core.main.TestSuiteExecutor.accessTestSuiteMainPhase(TestSuiteExecutor.java:142)
	at com.kms.katalon.core.main.TestSuiteExecutor.execute(TestSuiteExecutor.java:91)
	at com.kms.katalon.core.main.TestCaseMain.startTestSuite(TestCaseMain.java:157)
	at com.kms.katalon.core.main.TestCaseMain$startTestSuite$0.call(Unknown Source)
	at TempTestSuite1584598607274.run(TempTestSuite1584598607274.groovy:36)
Caused by: org.openqa.selenium.ElementNotInteractableException: element not interactable
  (Session info: chrome=80.0.3987.132)
Build info: version: '3.141.59', revision: 'e82be7d358', time: '2018-11-14T08:25:53'
System info: host: 'ARCADIER-03', ip: '192.168.254.105', os.name: 'Windows 7', os.arch: 'amd64', os.version: '6.1', java.version: '1.8.0_181'
Driver info: com.kms.katalon.core.webui.driver.ExistingRemoteWebDriver
Capabilities {javascriptEnabled: true, platform: ANY, platformName: ANY}
Session ID: 66da7635ded2d355388026ca8e7d8eff
	at org.openqa.selenium.remote.http.W3CHttpResponseCodec.createException(W3CHttpResponseCodec.java:187)
	at org.openqa.selenium.remote.http.W3CHttpResponseCodec.decode(W3CHttpResponseCodec.java:122)
	at org.openqa.selenium.remote.http.W3CHttpResponseCodec.decode(W3CHttpResponseCodec.java:49)
	at org.openqa.selenium.remote.HttpCommandExecutor.execute(HttpCommandExecutor.java:158)
	at org.openqa.selenium.remote.RemoteWebDriver.execute(RemoteWebDriver.java:552)
	at com.kms.katalon.core.webui.driver.ExistingRemoteWebDriver.execute(ExistingRemoteWebDriver.java:108)
	at org.openqa.selenium.remote.RemoteWebElement.execute(RemoteWebElement.java:285)
	at org.openqa.selenium.remote.RemoteWebElement.click(RemoteWebElement.java:84)
	at org.openqa.selenium.support.events.EventFiringWebDriver$EventFiringWebElement.lambda$new$0(EventFiringWebDriver.java:404)
	at com.sun.proxy.$Proxy9.click(Unknown Source)
	at org.openqa.selenium.support.events.EventFiringWebDriver$EventFiringWebElement.click(EventFiringWebDriver.java:417)
	at com.kms.katalon.core.webui.keyword.builtin.ClickKeyword$_click_closure1.doCall(ClickKeyword.groovy:69)
	at com.kms.katalon.core.webui.keyword.builtin.ClickKeyword$_click_closure1.call(ClickKeyword.groovy)
	at com.kms.katalon.core.webui.keyword.internal.WebUIKeywordMain.runKeyword(WebUIKeywordMain.groovy:20)
	at com.kms.katalon.core.webui.keyword.builtin.ClickKeyword.click(ClickKeyword.groovy:76)
	at com.kms.katalon.core.webui.keyword.builtin.ClickKeyword.execute(ClickKeyword.groovy:43)
	at com.kms.katalon.core.keyword.internal.KeywordExecutor.executeKeywordForPlatform(KeywordExecutor.groovy:72)
	at com.kms.katalon.core.webui.keyword.WebUiBuiltInKeywords.click(WebUiBuiltInKeywords.groovy:616)
	at com.kms.katalon.core.webui.keyword.WebUiBuiltInKeywords$click$0.call(Unknown Source)
	at Script1549506362832.run(Script1549506362832.groovy:28)
	... 13 more
)
	at com.kms.katalon.core.keyword.internal.KeywordMain.stepFailed(KeywordMain.groovy:39)
	at com.kms.katalon.core.webui.keyword.internal.WebUIKeywordMain.stepFailed(WebUIKeywordMain.groovy:64)
	at com.kms.katalon.core.webui.keyword.internal.WebUIKeywordMain.runKeyword(WebUIKeywordMain.groovy:26)
	at com.kms.katalon.core.webui.keyword.builtin.ClickKeyword.click(ClickKeyword.groovy:76)
	at com.kms.katalon.core.webui.keyword.builtin.ClickKeyword.execute(ClickKeyword.groovy:43)
	at com.kms.katalon.core.keyword.internal.KeywordExecutor.executeKeywordForPlatform(KeywordExecutor.groovy:72)
	at com.kms.katalon.core.webui.keyword.WebUiBuiltInKeywords.click(WebUiBuiltInKeywords.groovy:616)
	at com.kms.katalon.core.webui.keyword.WebUiBuiltInKeywords$click$0.call(Unknown Source)
	at Add Category.run(Add Category:28)
	at com.kms.katalon.core.main.ScriptEngine.run(ScriptEngine.java:194)
	at com.kms.katalon.core.main.ScriptEngine.runScriptAsRawText(ScriptEngine.java:119)
	at com.kms.katalon.core.main.TestCaseExecutor.runScript(TestCaseExecutor.java:337)
	at com.kms.katalon.core.main.TestCaseExecutor.doExecute(TestCaseExecutor.java:328)
	at com.kms.katalon.core.main.TestCaseExecutor.processExecutionPhase(TestCaseExecutor.java:307)
	at com.kms.katalon.core.main.TestCaseExecutor.accessMainPhase(TestCaseExecutor.java:299)
	at com.kms.katalon.core.main.TestCaseExecutor.execute(TestCaseExecutor.java:233)
	at com.kms.katalon.core.main.TestSuiteExecutor.accessTestCaseMainPhase(TestSuiteExecutor.java:169)
	at com.kms.katalon.core.main.TestSuiteExecutor.accessTestSuiteMainPhase(TestSuiteExecutor.java:142)
	at com.kms.katalon.core.main.TestSuiteExecutor.execute(TestSuiteExecutor.java:91)
	at com.kms.katalon.core.main.TestCaseMain.startTestSuite(TestCaseMain.java:157)
	at com.kms.katalon.core.main.TestCaseMain$startTestSuite$0.call(Unknown Source)
	at TempTestSuite1584598607274.run(TempTestSuite1584598607274.groovy:36)
Caused by: com.kms.katalon.core.exception.StepFailedException: Unable to click on object 'Object Repository/ADMIN/Categories/Category List/button_Categories'
	... 21 more
Caused by: org.openqa.selenium.ElementNotInteractableException: element not interactable
  (Session info: chrome=80.0.3987.132)
Build info: version: '3.141.59', revision: 'e82be7d358', time: '2018-11-14T08:25:53'
System info: host: 'ARCADIER-03', ip: '192.168.254.105', os.name: 'Windows 7', os.arch: 'amd64', os.version: '6.1', java.version: '1.8.0_181'
Driver info: com.kms.katalon.core.webui.driver.ExistingRemoteWebDriver
Capabilities {javascriptEnabled: true, platform: ANY, platformName: ANY}
Session ID: 66da7635ded2d355388026ca8e7d8eff
	at org.openqa.selenium.remote.http.W3CHttpResponseCodec.createException(W3CHttpResponseCodec.java:187)
	at org.openqa.selenium.remote.http.W3CHttpResponseCodec.decode(W3CHttpResponseCodec.java:122)
	at org.openqa.selenium.remote.http.W3CHttpResponseCodec.decode(W3CHttpResponseCodec.java:49)
	at org.openqa.selenium.remote.HttpCommandExecutor.execute(HttpCommandExecutor.java:158)
	at org.openqa.selenium.remote.RemoteWebDriver.execute(RemoteWebDriver.java:552)
	at com.kms.katalon.core.webui.driver.ExistingRemoteWebDriver.execute(ExistingRemoteWebDriver.java:108)
	at org.openqa.selenium.remote.RemoteWebElement.execute(RemoteWebElement.java:285)
	at org.openqa.selenium.remote.RemoteWebElement.click(RemoteWebElement.java:84)
	at org.openqa.selenium.support.events.EventFiringWebDriver$EventFiringWebElement.lambda$new$0(EventFiringWebDriver.java:404)
	at com.sun.proxy.$Proxy9.click(Unknown Source)
	at org.openqa.selenium.support.events.EventFiringWebDriver$EventFiringWebElement.click(EventFiringWebDriver.java:417)
	at com.kms.katalon.core.webui.keyword.builtin.ClickKeyword$_click_closure1.doCall(ClickKeyword.groovy:69)
	at com.kms.katalon.core.webui.keyword.builtin.ClickKeyword$_click_closure1.call(ClickKeyword.groovy)
	at com.kms.katalon.core.webui.keyword.internal.WebUIKeywordMain.runKeyword(WebUIKeywordMain.groovy:20)
	... 19 more]]></system-err>
      </testcase>
      <testcase name="Test Cases/ADMIN/Content Mgmt/Categories/Category Add-Edit/Add Category" time="14.357" classname="Test Cases/ADMIN/Content Mgmt/Categories/Category Add-Edit/Add Category" status="PASSED">
         <system-out><![CDATA[2020-03-19 14:34:03 - [TEST_CASE][PASSED] - Test Cases/ADMIN/Content Mgmt/Categories/Category Add-Edit/Add Category: Test Cases/ADMIN/Content Mgmt/Categories/Category Add-Edit/Add Category

2020-03-19 14:34:03 - [TEST_STEP][PASSED] - waitForElementVisible(findTestObject("ADMIN/Categories/Category List/button_Content Mgmt"), 0): Object 'Object Repository/ADMIN/Categories/Category List/button_Content Mgmt' is visible

2020-03-19 14:34:03 - [MESSAGE][WARNING] - Timeout '0' is invalid. Using default page load timeout: '30'

2020-03-19 14:34:03 - [MESSAGE][PASSED] - Object 'Object Repository/ADMIN/Categories/Category List/button_Content Mgmt' is visible

2020-03-19 14:34:03 - [TEST_STEP][PASSED] - click(findTestObject("ADMIN/Categories/Category List/button_Content Mgmt")): Object: 'Object Repository/ADMIN/Categories/Category List/button_Content Mgmt' is clicked on

2020-03-19 14:34:03 - [MESSAGE][PASSED] - Object: 'Object Repository/ADMIN/Categories/Category List/button_Content Mgmt' is clicked on

2020-03-19 14:34:03 - [TEST_STEP][PASSED] - waitForElementVisible(findTestObject("ADMIN/Categories/Category List/button_Categories"), 0): Object 'Object Repository/ADMIN/Categories/Category List/button_Categories' is visible

2020-03-19 14:34:03 - [MESSAGE][WARNING] - Timeout '0' is invalid. Using default page load timeout: '30'

2020-03-19 14:34:03 - [MESSAGE][PASSED] - Object 'Object Repository/ADMIN/Categories/Category List/button_Categories' is visible

2020-03-19 14:34:03 - [TEST_STEP][PASSED] - click(findTestObject("ADMIN/Categories/Category List/button_Categories")): Object: 'Object Repository/ADMIN/Categories/Category List/button_Categories' is clicked on

2020-03-19 14:34:03 - [MESSAGE][PASSED] - Object: 'Object Repository/ADMIN/Categories/Category List/button_Categories' is clicked on

2020-03-19 14:34:03 - [TEST_STEP][PASSED] - waitForPageLoad(0, STOP_ON_FAILURE): Wait for page load successfully

2020-03-19 14:34:03 - [MESSAGE][WARNING] - Timeout '0' is invalid. Using default page load timeout: '30'

2020-03-19 14:34:03 - [MESSAGE][PASSED] - Wait for page load successfully

2020-03-19 14:34:03 - [TEST_STEP][PASSED] - click(findTestObject("ADMIN/Categories/Category List/button_Add a Category")): Object: 'Object Repository/ADMIN/Categories/Category List/button_Add a Category' is clicked on

2020-03-19 14:34:03 - [MESSAGE][PASSED] - Object: 'Object Repository/ADMIN/Categories/Category List/button_Add a Category' is clicked on

2020-03-19 14:34:03 - [TEST_STEP][PASSED] - waitForElementPresent(findTestObject("ADMIN/Categories/Category/dropdown_Parent"), 2): Object 'Object Repository/ADMIN/Categories/Category/dropdown_Parent' is present

2020-03-19 14:34:04 - [MESSAGE][PASSED] - Object 'Object Repository/ADMIN/Categories/Category/dropdown_Parent' is present

2020-03-19 14:34:04 - [TEST_STEP][PASSED] - delay(1): Delayed 1 second(s)

2020-03-19 14:34:05 - [MESSAGE][PASSED] - Delayed 1 second(s)

2020-03-19 14:34:05 - [TEST_STEP][PASSED] - setText(findTestObject("ADMIN/Categories/Category/textfield_Category Name"), CategoryNametext): Text 'Category 12' is set on object 'Object Repository/ADMIN/Categories/Category/textfield_Category Name'

2020-03-19 14:34:05 - [MESSAGE][PASSED] - Text 'Category 12' is set on object 'Object Repository/ADMIN/Categories/Category/textfield_Category Name'

2020-03-19 14:34:05 - [TEST_STEP][PASSED] - click(findTestObject("ADMIN/Categories/Category/dropdown_Parent")): Object: 'Object Repository/ADMIN/Categories/Category/dropdown_Parent' is clicked on

2020-03-19 14:34:05 - [MESSAGE][PASSED] - Object: 'Object Repository/ADMIN/Categories/Category/dropdown_Parent' is clicked on

2020-03-19 14:34:05 - [TEST_STEP][PASSED] - delay(2): Delayed 2 second(s)

2020-03-19 14:34:07 - [MESSAGE][PASSED] - Delayed 2 second(s)

2020-03-19 14:34:07 - [TEST_STEP][PASSED] - click(findTestObject("ADMIN/Categories/Category/dropdown_Parent")): Object: 'Object Repository/ADMIN/Categories/Category/dropdown_Parent' is clicked on

2020-03-19 14:34:07 - [MESSAGE][PASSED] - Object: 'Object Repository/ADMIN/Categories/Category/dropdown_Parent' is clicked on

2020-03-19 14:34:07 - [TEST_STEP][PASSED] - selectOptionByLabel(findTestObject("ADMIN/Categories/Category/dropdown_Parent"), ParentName, false): All options with label '-' are selected in object 'Object Repository/ADMIN/Categories/Category/dropdown_Parent' 

2020-03-19 14:34:07 - [MESSAGE][PASSED] - All options with label '-' are selected in object 'Object Repository/ADMIN/Categories/Category/dropdown_Parent' 

2020-03-19 14:34:07 - [TEST_STEP][PASSED] - click(findTestObject("ADMIN/Categories/Category/button_Browse")): Object: 'Object Repository/ADMIN/Categories/Category/button_Browse' is clicked on

2020-03-19 14:34:07 - [MESSAGE][PASSED] - Object: 'Object Repository/ADMIN/Categories/Category/button_Browse' is clicked on

2020-03-19 14:34:07 - [TEST_STEP][PASSED] - delay(2): Delayed 2 second(s)

2020-03-19 14:34:09 - [MESSAGE][PASSED] - Delayed 2 second(s)

2020-03-19 14:34:09 - [TEST_STEP][PASSED] - uploadFile(findTestObject("ADMIN/Categories/Category/image_input image"), CategoryImageUpload): File 'C:\\Katalon\\Arctick\\Images\\Category\\12.png' sent to object: 'Object Repository/ADMIN/Categories/Category/image_input image'

2020-03-19 14:34:10 - [MESSAGE][PASSED] - File 'C:\\Katalon\\Arctick\\Images\\Category\\12.png' sent to object: 'Object Repository/ADMIN/Categories/Category/image_input image'

2020-03-19 14:34:10 - [TEST_STEP][PASSED] - waitForElementVisible(findTestObject("ADMIN/Categories/Category/button_upload check"), 0): Object 'Object Repository/ADMIN/Categories/Category/button_upload check' is visible

2020-03-19 14:34:10 - [MESSAGE][WARNING] - Timeout '0' is invalid. Using default page load timeout: '30'

2020-03-19 14:34:10 - [MESSAGE][PASSED] - Object 'Object Repository/ADMIN/Categories/Category/button_upload check' is visible

2020-03-19 14:34:10 - [TEST_STEP][PASSED] - click(findTestObject("ADMIN/Categories/Category/button_upload check")): Object: 'Object Repository/ADMIN/Categories/Category/button_upload check' is clicked on

2020-03-19 14:34:10 - [MESSAGE][PASSED] - Object: 'Object Repository/ADMIN/Categories/Category/button_upload check' is clicked on

2020-03-19 14:34:10 - [TEST_STEP][PASSED] - waitForElementVisible(findTestObject("ADMIN/Categories/Category/button_upload save"), 0): Object 'Object Repository/ADMIN/Categories/Category/button_upload save' is visible

2020-03-19 14:34:10 - [MESSAGE][WARNING] - Timeout '0' is invalid. Using default page load timeout: '30'

2020-03-19 14:34:10 - [MESSAGE][PASSED] - Object 'Object Repository/ADMIN/Categories/Category/button_upload save' is visible

2020-03-19 14:34:10 - [TEST_STEP][PASSED] - click(findTestObject("ADMIN/Categories/Category/button_upload save")): Object: 'Object Repository/ADMIN/Categories/Category/button_upload save' is clicked on

2020-03-19 14:34:10 - [MESSAGE][PASSED] - Object: 'Object Repository/ADMIN/Categories/Category/button_upload save' is clicked on

2020-03-19 14:34:10 - [TEST_STEP][PASSED] - setText(findTestObject("ADMIN/Categories/Category/textfield_category_description"), Description): Text 'Description68' is set on object 'Object Repository/ADMIN/Categories/Category/textfield_category_description'

2020-03-19 14:34:11 - [MESSAGE][PASSED] - Text 'Description68' is set on object 'Object Repository/ADMIN/Categories/Category/textfield_category_description'

2020-03-19 14:34:11 - [TEST_STEP][PASSED] - click(findTestObject("ADMIN/Categories/Category/button_Save")): Object: 'Object Repository/ADMIN/Categories/Category/button_Save' is clicked on

2020-03-19 14:34:11 - [MESSAGE][PASSED] - Object: 'Object Repository/ADMIN/Categories/Category/button_Save' is clicked on

2020-03-19 14:34:11 - [TEST_STEP][PASSED] - waitForElementVisible(findTestObject("ADMIN/Categories/Category/label_edit popup"), 0): Object 'Object Repository/ADMIN/Categories/Category/label_edit popup' is visible

2020-03-19 14:34:11 - [MESSAGE][WARNING] - Timeout '0' is invalid. Using default page load timeout: '30'

2020-03-19 14:34:11 - [MESSAGE][PASSED] - Object 'Object Repository/ADMIN/Categories/Category/label_edit popup' is visible

2020-03-19 14:34:11 - [TEST_STEP][PASSED] - waitForElementNotPresent(findTestObject("ADMIN/Categories/Category/label_edit popup"), 0): Web element with id: 'Object Repository/ADMIN/Categories/Category/label_edit popup' located by 'By.xpath: //div[(text() = 'Category was successfully saved.' or . = 'Category was successfully saved.')]' is not present after '30' second(s)

2020-03-19 14:34:11 - [MESSAGE][WARNING] - Timeout '0' is invalid. Using default page load timeout: '30'

2020-03-19 14:34:17 - [MESSAGE][PASSED] - Web element with id: 'Object Repository/ADMIN/Categories/Category/label_edit popup' located by 'By.xpath: //div[(text() = 'Category was successfully saved.' or . = 'Category was successfully saved.')]' is not present after '30' second(s)]]></system-out>
         <system-err><![CDATA[]]></system-err>
      </testcase>
      <testcase name="Test Cases/ADMIN/Content Mgmt/Categories/Category Add-Edit/Add Category" time="16.022" classname="Test Cases/ADMIN/Content Mgmt/Categories/Category Add-Edit/Add Category" status="PASSED">
         <system-out><![CDATA[2020-03-19 14:34:17 - [TEST_CASE][PASSED] - Test Cases/ADMIN/Content Mgmt/Categories/Category Add-Edit/Add Category: Test Cases/ADMIN/Content Mgmt/Categories/Category Add-Edit/Add Category

2020-03-19 14:34:17 - [TEST_STEP][PASSED] - waitForElementVisible(findTestObject("ADMIN/Categories/Category List/button_Content Mgmt"), 0): Object 'Object Repository/ADMIN/Categories/Category List/button_Content Mgmt' is visible

2020-03-19 14:34:17 - [MESSAGE][WARNING] - Timeout '0' is invalid. Using default page load timeout: '30'

2020-03-19 14:34:17 - [MESSAGE][PASSED] - Object 'Object Repository/ADMIN/Categories/Category List/button_Content Mgmt' is visible

2020-03-19 14:34:17 - [TEST_STEP][PASSED] - click(findTestObject("ADMIN/Categories/Category List/button_Content Mgmt")): Object: 'Object Repository/ADMIN/Categories/Category List/button_Content Mgmt' is clicked on

2020-03-19 14:34:17 - [MESSAGE][PASSED] - Object: 'Object Repository/ADMIN/Categories/Category List/button_Content Mgmt' is clicked on

2020-03-19 14:34:17 - [TEST_STEP][PASSED] - waitForElementVisible(findTestObject("ADMIN/Categories/Category List/button_Categories"), 0): Object 'Object Repository/ADMIN/Categories/Category List/button_Categories' is visible

2020-03-19 14:34:17 - [MESSAGE][WARNING] - Timeout '0' is invalid. Using default page load timeout: '30'

2020-03-19 14:34:18 - [MESSAGE][PASSED] - Object 'Object Repository/ADMIN/Categories/Category List/button_Categories' is visible

2020-03-19 14:34:18 - [TEST_STEP][PASSED] - click(findTestObject("ADMIN/Categories/Category List/button_Categories")): Object: 'Object Repository/ADMIN/Categories/Category List/button_Categories' is clicked on

2020-03-19 14:34:19 - [MESSAGE][PASSED] - Object: 'Object Repository/ADMIN/Categories/Category List/button_Categories' is clicked on

2020-03-19 14:34:19 - [TEST_STEP][PASSED] - waitForPageLoad(0, STOP_ON_FAILURE): Wait for page load successfully

2020-03-19 14:34:19 - [MESSAGE][WARNING] - Timeout '0' is invalid. Using default page load timeout: '30'

2020-03-19 14:34:19 - [MESSAGE][PASSED] - Wait for page load successfully

2020-03-19 14:34:19 - [TEST_STEP][PASSED] - click(findTestObject("ADMIN/Categories/Category List/button_Add a Category")): Object: 'Object Repository/ADMIN/Categories/Category List/button_Add a Category' is clicked on

2020-03-19 14:34:19 - [MESSAGE][PASSED] - Object: 'Object Repository/ADMIN/Categories/Category List/button_Add a Category' is clicked on

2020-03-19 14:34:19 - [TEST_STEP][PASSED] - waitForElementPresent(findTestObject("ADMIN/Categories/Category/dropdown_Parent"), 2): Object 'Object Repository/ADMIN/Categories/Category/dropdown_Parent' is present

2020-03-19 14:34:20 - [MESSAGE][PASSED] - Object 'Object Repository/ADMIN/Categories/Category/dropdown_Parent' is present

2020-03-19 14:34:20 - [TEST_STEP][PASSED] - delay(1): Delayed 1 second(s)

2020-03-19 14:34:21 - [MESSAGE][PASSED] - Delayed 1 second(s)

2020-03-19 14:34:21 - [TEST_STEP][PASSED] - setText(findTestObject("ADMIN/Categories/Category/textfield_Category Name"), CategoryNametext): Text 'Category 13' is set on object 'Object Repository/ADMIN/Categories/Category/textfield_Category Name'

2020-03-19 14:34:21 - [MESSAGE][PASSED] - Text 'Category 13' is set on object 'Object Repository/ADMIN/Categories/Category/textfield_Category Name'

2020-03-19 14:34:21 - [TEST_STEP][PASSED] - click(findTestObject("ADMIN/Categories/Category/dropdown_Parent")): Object: 'Object Repository/ADMIN/Categories/Category/dropdown_Parent' is clicked on

2020-03-19 14:34:21 - [MESSAGE][PASSED] - Object: 'Object Repository/ADMIN/Categories/Category/dropdown_Parent' is clicked on

2020-03-19 14:34:21 - [TEST_STEP][PASSED] - delay(2): Delayed 2 second(s)

2020-03-19 14:34:23 - [MESSAGE][PASSED] - Delayed 2 second(s)

2020-03-19 14:34:23 - [TEST_STEP][PASSED] - click(findTestObject("ADMIN/Categories/Category/dropdown_Parent")): Object: 'Object Repository/ADMIN/Categories/Category/dropdown_Parent' is clicked on

2020-03-19 14:34:23 - [MESSAGE][PASSED] - Object: 'Object Repository/ADMIN/Categories/Category/dropdown_Parent' is clicked on

2020-03-19 14:34:23 - [TEST_STEP][PASSED] - selectOptionByLabel(findTestObject("ADMIN/Categories/Category/dropdown_Parent"), ParentName, false): All options with label '-' are selected in object 'Object Repository/ADMIN/Categories/Category/dropdown_Parent' 

2020-03-19 14:34:23 - [MESSAGE][PASSED] - All options with label '-' are selected in object 'Object Repository/ADMIN/Categories/Category/dropdown_Parent' 

2020-03-19 14:34:23 - [TEST_STEP][PASSED] - click(findTestObject("ADMIN/Categories/Category/button_Browse")): Object: 'Object Repository/ADMIN/Categories/Category/button_Browse' is clicked on

2020-03-19 14:34:24 - [MESSAGE][PASSED] - Object: 'Object Repository/ADMIN/Categories/Category/button_Browse' is clicked on

2020-03-19 14:34:24 - [TEST_STEP][PASSED] - delay(2): Delayed 2 second(s)

2020-03-19 14:34:26 - [MESSAGE][PASSED] - Delayed 2 second(s)

2020-03-19 14:34:26 - [TEST_STEP][PASSED] - uploadFile(findTestObject("ADMIN/Categories/Category/image_input image"), CategoryImageUpload): File 'C:\\Katalon\\Arctick\\Images\\Category\\13.png' sent to object: 'Object Repository/ADMIN/Categories/Category/image_input image'

2020-03-19 14:34:26 - [MESSAGE][PASSED] - File 'C:\\Katalon\\Arctick\\Images\\Category\\13.png' sent to object: 'Object Repository/ADMIN/Categories/Category/image_input image'

2020-03-19 14:34:26 - [TEST_STEP][PASSED] - waitForElementVisible(findTestObject("ADMIN/Categories/Category/button_upload check"), 0): Object 'Object Repository/ADMIN/Categories/Category/button_upload check' is visible

2020-03-19 14:34:26 - [MESSAGE][WARNING] - Timeout '0' is invalid. Using default page load timeout: '30'

2020-03-19 14:34:26 - [MESSAGE][PASSED] - Object 'Object Repository/ADMIN/Categories/Category/button_upload check' is visible

2020-03-19 14:34:26 - [TEST_STEP][PASSED] - click(findTestObject("ADMIN/Categories/Category/button_upload check")): Object: 'Object Repository/ADMIN/Categories/Category/button_upload check' is clicked on

2020-03-19 14:34:26 - [MESSAGE][PASSED] - Object: 'Object Repository/ADMIN/Categories/Category/button_upload check' is clicked on

2020-03-19 14:34:26 - [TEST_STEP][PASSED] - waitForElementVisible(findTestObject("ADMIN/Categories/Category/button_upload save"), 0): Object 'Object Repository/ADMIN/Categories/Category/button_upload save' is visible

2020-03-19 14:34:26 - [MESSAGE][WARNING] - Timeout '0' is invalid. Using default page load timeout: '30'

2020-03-19 14:34:26 - [MESSAGE][PASSED] - Object 'Object Repository/ADMIN/Categories/Category/button_upload save' is visible

2020-03-19 14:34:26 - [TEST_STEP][PASSED] - click(findTestObject("ADMIN/Categories/Category/button_upload save")): Object: 'Object Repository/ADMIN/Categories/Category/button_upload save' is clicked on

2020-03-19 14:34:26 - [MESSAGE][PASSED] - Object: 'Object Repository/ADMIN/Categories/Category/button_upload save' is clicked on

2020-03-19 14:34:26 - [TEST_STEP][PASSED] - setText(findTestObject("ADMIN/Categories/Category/textfield_category_description"), Description): Text 'Description69' is set on object 'Object Repository/ADMIN/Categories/Category/textfield_category_description'

2020-03-19 14:34:27 - [MESSAGE][PASSED] - Text 'Description69' is set on object 'Object Repository/ADMIN/Categories/Category/textfield_category_description'

2020-03-19 14:34:27 - [TEST_STEP][PASSED] - click(findTestObject("ADMIN/Categories/Category/button_Save")): Object: 'Object Repository/ADMIN/Categories/Category/button_Save' is clicked on

2020-03-19 14:34:27 - [MESSAGE][PASSED] - Object: 'Object Repository/ADMIN/Categories/Category/button_Save' is clicked on

2020-03-19 14:34:27 - [TEST_STEP][PASSED] - waitForElementVisible(findTestObject("ADMIN/Categories/Category/label_edit popup"), 0): Object 'Object Repository/ADMIN/Categories/Category/label_edit popup' is visible

2020-03-19 14:34:27 - [MESSAGE][WARNING] - Timeout '0' is invalid. Using default page load timeout: '30'

2020-03-19 14:34:27 - [MESSAGE][PASSED] - Object 'Object Repository/ADMIN/Categories/Category/label_edit popup' is visible

2020-03-19 14:34:27 - [TEST_STEP][PASSED] - waitForElementNotPresent(findTestObject("ADMIN/Categories/Category/label_edit popup"), 0): Web element with id: 'Object Repository/ADMIN/Categories/Category/label_edit popup' located by 'By.xpath: //div[(text() = 'Category was successfully saved.' or . = 'Category was successfully saved.')]' is not present after '30' second(s)

2020-03-19 14:34:27 - [MESSAGE][WARNING] - Timeout '0' is invalid. Using default page load timeout: '30'

2020-03-19 14:34:33 - [MESSAGE][PASSED] - Web element with id: 'Object Repository/ADMIN/Categories/Category/label_edit popup' located by 'By.xpath: //div[(text() = 'Category was successfully saved.' or . = 'Category was successfully saved.')]' is not present after '30' second(s)]]></system-out>
         <system-err><![CDATA[]]></system-err>
      </testcase>
      <testcase name="Test Cases/ADMIN/Content Mgmt/Categories/Category Add-Edit/Add Category" time="15.608" classname="Test Cases/ADMIN/Content Mgmt/Categories/Category Add-Edit/Add Category" status="FAILED">
         <failure type="FAILED" message="Test Cases/ADMIN/Content Mgmt/Categories/Category Add-Edit/Add Category FAILED.
Reason:
com.kms.katalon.core.exception.StepFailedException: Unable to click on object 'Object Repository/ADMIN/Categories/Category List/button_Categories' (Root cause: com.kms.katalon.core.exception.StepFailedException: Unable to click on object 'Object Repository/ADMIN/Categories/Category List/button_Categories'
	at com.kms.katalon.core.webui.keyword.internal.WebUIKeywordMain.stepFailed(WebUIKeywordMain.groovy:64)
	at com.kms.katalon.core.webui.keyword.internal.WebUIKeywordMain.runKeyword(WebUIKeywordMain.groovy:26)
	at com.kms.katalon.core.webui.keyword.builtin.ClickKeyword.click(ClickKeyword.groovy:76)
	at com.kms.katalon.core.webui.keyword.builtin.ClickKeyword.execute(ClickKeyword.groovy:43)
	at com.kms.katalon.core.keyword.internal.KeywordExecutor.executeKeywordForPlatform(KeywordExecutor.groovy:72)
	at com.kms.katalon.core.webui.keyword.WebUiBuiltInKeywords.click(WebUiBuiltInKeywords.groovy:616)
	at com.kms.katalon.core.webui.keyword.WebUiBuiltInKeywords$click$0.call(Unknown Source)
	at Add Category.run(Add Category:28)
	at com.kms.katalon.core.main.ScriptEngine.run(ScriptEngine.java:194)
	at com.kms.katalon.core.main.ScriptEngine.runScriptAsRawText(ScriptEngine.java:119)
	at com.kms.katalon.core.main.TestCaseExecutor.runScript(TestCaseExecutor.java:337)
	at com.kms.katalon.core.main.TestCaseExecutor.doExecute(TestCaseExecutor.java:328)
	at com.kms.katalon.core.main.TestCaseExecutor.processExecutionPhase(TestCaseExecutor.java:307)
	at com.kms.katalon.core.main.TestCaseExecutor.accessMainPhase(TestCaseExecutor.java:299)
	at com.kms.katalon.core.main.TestCaseExecutor.execute(TestCaseExecutor.java:233)
	at com.kms.katalon.core.main.TestSuiteExecutor.accessTestCaseMainPhase(TestSuiteExecutor.java:169)
	at com.kms.katalon.core.main.TestSuiteExecutor.accessTestSuiteMainPhase(TestSuiteExecutor.java:142)
	at com.kms.katalon.core.main.TestSuiteExecutor.execute(TestSuiteExecutor.java:91)
	at com.kms.katalon.core.main.TestCaseMain.startTestSuite(TestCaseMain.java:157)
	at com.kms.katalon.core.main.TestCaseMain$startTestSuite$0.call(Unknown Source)
	at TempTestSuite1584598607274.run(TempTestSuite1584598607274.groovy:36)
Caused by: org.openqa.selenium.ElementClickInterceptedException: element click intercepted: Element &lt;a href=&quot;/admin/categorymanager/index&quot;>...&lt;/a> is not clickable at point (129, 279). Other element would receive the click: &lt;img src=&quot;/areas/admin/assets/core/images/beta.svg&quot;>
  (Session info: chrome=80.0.3987.132)
Build info: version: '3.141.59', revision: 'e82be7d358', time: '2018-11-14T08:25:53'
System info: host: 'ARCADIER-03', ip: '192.168.254.105', os.name: 'Windows 7', os.arch: 'amd64', os.version: '6.1', java.version: '1.8.0_181'
Driver info: com.kms.katalon.core.webui.driver.ExistingRemoteWebDriver
Capabilities {javascriptEnabled: true, platform: ANY, platformName: ANY}
Session ID: 66da7635ded2d355388026ca8e7d8eff
	at org.openqa.selenium.remote.http.W3CHttpResponseCodec.createException(W3CHttpResponseCodec.java:187)
	at org.openqa.selenium.remote.http.W3CHttpResponseCodec.decode(W3CHttpResponseCodec.java:122)
	at org.openqa.selenium.remote.http.W3CHttpResponseCodec.decode(W3CHttpResponseCodec.java:49)
	at org.openqa.selenium.remote.HttpCommandExecutor.execute(HttpCommandExecutor.java:158)
	at org.openqa.selenium.remote.RemoteWebDriver.execute(RemoteWebDriver.java:552)
	at com.kms.katalon.core.webui.driver.ExistingRemoteWebDriver.execute(ExistingRemoteWebDriver.java:108)
	at org.openqa.selenium.remote.RemoteWebElement.execute(RemoteWebElement.java:285)
	at org.openqa.selenium.remote.RemoteWebElement.click(RemoteWebElement.java:84)
	at org.openqa.selenium.support.events.EventFiringWebDriver$EventFiringWebElement.lambda$new$0(EventFiringWebDriver.java:404)
	at com.sun.proxy.$Proxy9.click(Unknown Source)
	at org.openqa.selenium.support.events.EventFiringWebDriver$EventFiringWebElement.click(EventFiringWebDriver.java:417)
	at com.kms.katalon.core.webui.keyword.builtin.ClickKeyword$_click_closure1.doCall(ClickKeyword.groovy:69)
	at com.kms.katalon.core.webui.keyword.builtin.ClickKeyword$_click_closure1.call(ClickKeyword.groovy)
	at com.kms.katalon.core.webui.keyword.internal.WebUIKeywordMain.runKeyword(WebUIKeywordMain.groovy:20)
	at com.kms.katalon.core.webui.keyword.builtin.ClickKeyword.click(ClickKeyword.groovy:76)
	at com.kms.katalon.core.webui.keyword.builtin.ClickKeyword.execute(ClickKeyword.groovy:43)
	at com.kms.katalon.core.keyword.internal.KeywordExecutor.executeKeywordForPlatform(KeywordExecutor.groovy:72)
	at com.kms.katalon.core.webui.keyword.WebUiBuiltInKeywords.click(WebUiBuiltInKeywords.groovy:616)
	at com.kms.katalon.core.webui.keyword.WebUiBuiltInKeywords$click$0.call(Unknown Source)
	at Script1549506362832.run(Script1549506362832.groovy:28)
	... 13 more
)
	at com.kms.katalon.core.keyword.internal.KeywordMain.stepFailed(KeywordMain.groovy:39)
	at com.kms.katalon.core.webui.keyword.internal.WebUIKeywordMain.stepFailed(WebUIKeywordMain.groovy:64)
	at com.kms.katalon.core.webui.keyword.internal.WebUIKeywordMain.runKeyword(WebUIKeywordMain.groovy:26)
	at com.kms.katalon.core.webui.keyword.builtin.ClickKeyword.click(ClickKeyword.groovy:76)
	at com.kms.katalon.core.webui.keyword.builtin.ClickKeyword.execute(ClickKeyword.groovy:43)
	at com.kms.katalon.core.keyword.internal.KeywordExecutor.executeKeywordForPlatform(KeywordExecutor.groovy:72)
	at com.kms.katalon.core.webui.keyword.WebUiBuiltInKeywords.click(WebUiBuiltInKeywords.groovy:616)
	at com.kms.katalon.core.webui.keyword.WebUiBuiltInKeywords$click$0.call(Unknown Source)
	at Add Category.run(Add Category:28)
	at com.kms.katalon.core.main.ScriptEngine.run(ScriptEngine.java:194)
	at com.kms.katalon.core.main.ScriptEngine.runScriptAsRawText(ScriptEngine.java:119)
	at com.kms.katalon.core.main.TestCaseExecutor.runScript(TestCaseExecutor.java:337)
	at com.kms.katalon.core.main.TestCaseExecutor.doExecute(TestCaseExecutor.java:328)
	at com.kms.katalon.core.main.TestCaseExecutor.processExecutionPhase(TestCaseExecutor.java:307)
	at com.kms.katalon.core.main.TestCaseExecutor.accessMainPhase(TestCaseExecutor.java:299)
	at com.kms.katalon.core.main.TestCaseExecutor.execute(TestCaseExecutor.java:233)
	at com.kms.katalon.core.main.TestSuiteExecutor.accessTestCaseMainPhase(TestSuiteExecutor.java:169)
	at com.kms.katalon.core.main.TestSuiteExecutor.accessTestSuiteMainPhase(TestSuiteExecutor.java:142)
	at com.kms.katalon.core.main.TestSuiteExecutor.execute(TestSuiteExecutor.java:91)
	at com.kms.katalon.core.main.TestCaseMain.startTestSuite(TestCaseMain.java:157)
	at com.kms.katalon.core.main.TestCaseMain$startTestSuite$0.call(Unknown Source)
	at TempTestSuite1584598607274.run(TempTestSuite1584598607274.groovy:36)
Caused by: com.kms.katalon.core.exception.StepFailedException: Unable to click on object 'Object Repository/ADMIN/Categories/Category List/button_Categories'
	... 21 more
Caused by: org.openqa.selenium.ElementClickInterceptedException: element click intercepted: Element &lt;a href=&quot;/admin/categorymanager/index&quot;>...&lt;/a> is not clickable at point (129, 279). Other element would receive the click: &lt;img src=&quot;/areas/admin/assets/core/images/beta.svg&quot;>
  (Session info: chrome=80.0.3987.132)
Build info: version: '3.141.59', revision: 'e82be7d358', time: '2018-11-14T08:25:53'
System info: host: 'ARCADIER-03', ip: '192.168.254.105', os.name: 'Windows 7', os.arch: 'amd64', os.version: '6.1', java.version: '1.8.0_181'
Driver info: com.kms.katalon.core.webui.driver.ExistingRemoteWebDriver
Capabilities {javascriptEnabled: true, platform: ANY, platformName: ANY}
Session ID: 66da7635ded2d355388026ca8e7d8eff
	at org.openqa.selenium.remote.http.W3CHttpResponseCodec.createException(W3CHttpResponseCodec.java:187)
	at org.openqa.selenium.remote.http.W3CHttpResponseCodec.decode(W3CHttpResponseCodec.java:122)
	at org.openqa.selenium.remote.http.W3CHttpResponseCodec.decode(W3CHttpResponseCodec.java:49)
	at org.openqa.selenium.remote.HttpCommandExecutor.execute(HttpCommandExecutor.java:158)
	at org.openqa.selenium.remote.RemoteWebDriver.execute(RemoteWebDriver.java:552)
	at com.kms.katalon.core.webui.driver.ExistingRemoteWebDriver.execute(ExistingRemoteWebDriver.java:108)
	at org.openqa.selenium.remote.RemoteWebElement.execute(RemoteWebElement.java:285)
	at org.openqa.selenium.remote.RemoteWebElement.click(RemoteWebElement.java:84)
	at org.openqa.selenium.support.events.EventFiringWebDriver$EventFiringWebElement.lambda$new$0(EventFiringWebDriver.java:404)
	at com.sun.proxy.$Proxy9.click(Unknown Source)
	at org.openqa.selenium.support.events.EventFiringWebDriver$EventFiringWebElement.click(EventFiringWebDriver.java:417)
	at com.kms.katalon.core.webui.keyword.builtin.ClickKeyword$_click_closure1.doCall(ClickKeyword.groovy:69)
	at com.kms.katalon.core.webui.keyword.builtin.ClickKeyword$_click_closure1.call(ClickKeyword.groovy)
	at com.kms.katalon.core.webui.keyword.internal.WebUIKeywordMain.runKeyword(WebUIKeywordMain.groovy:20)
	... 19 more
"/>
         <system-out><![CDATA[2020-03-19 14:34:33 - [TEST_CASE][FAILED] - Test Cases/ADMIN/Content Mgmt/Categories/Category Add-Edit/Add Category: Test Cases/ADMIN/Content Mgmt/Categories/Category Add-Edit/Add Category FAILED.
Reason:
com.kms.katalon.core.exception.StepFailedException: Unable to click on object 'Object Repository/ADMIN/Categories/Category List/button_Categories' (Root cause: com.kms.katalon.core.exception.StepFailedException: Unable to click on object 'Object Repository/ADMIN/Categories/Category List/button_Categories'
	at com.kms.katalon.core.webui.keyword.internal.WebUIKeywordMain.stepFailed(WebUIKeywordMain.groovy:64)
	at com.kms.katalon.core.webui.keyword.internal.WebUIKeywordMain.runKeyword(WebUIKeywordMain.groovy:26)
	at com.kms.katalon.core.webui.keyword.builtin.ClickKeyword.click(ClickKeyword.groovy:76)
	at com.kms.katalon.core.webui.keyword.builtin.ClickKeyword.execute(ClickKeyword.groovy:43)
	at com.kms.katalon.core.keyword.internal.KeywordExecutor.executeKeywordForPlatform(KeywordExecutor.groovy:72)
	at com.kms.katalon.core.webui.keyword.WebUiBuiltInKeywords.click(WebUiBuiltInKeywords.groovy:616)
	at com.kms.katalon.core.webui.keyword.WebUiBuiltInKeywords$click$0.call(Unknown Source)
	at Add Category.run(Add Category:28)
	at com.kms.katalon.core.main.ScriptEngine.run(ScriptEngine.java:194)
	at com.kms.katalon.core.main.ScriptEngine.runScriptAsRawText(ScriptEngine.java:119)
	at com.kms.katalon.core.main.TestCaseExecutor.runScript(TestCaseExecutor.java:337)
	at com.kms.katalon.core.main.TestCaseExecutor.doExecute(TestCaseExecutor.java:328)
	at com.kms.katalon.core.main.TestCaseExecutor.processExecutionPhase(TestCaseExecutor.java:307)
	at com.kms.katalon.core.main.TestCaseExecutor.accessMainPhase(TestCaseExecutor.java:299)
	at com.kms.katalon.core.main.TestCaseExecutor.execute(TestCaseExecutor.java:233)
	at com.kms.katalon.core.main.TestSuiteExecutor.accessTestCaseMainPhase(TestSuiteExecutor.java:169)
	at com.kms.katalon.core.main.TestSuiteExecutor.accessTestSuiteMainPhase(TestSuiteExecutor.java:142)
	at com.kms.katalon.core.main.TestSuiteExecutor.execute(TestSuiteExecutor.java:91)
	at com.kms.katalon.core.main.TestCaseMain.startTestSuite(TestCaseMain.java:157)
	at com.kms.katalon.core.main.TestCaseMain$startTestSuite$0.call(Unknown Source)
	at TempTestSuite1584598607274.run(TempTestSuite1584598607274.groovy:36)
Caused by: org.openqa.selenium.ElementClickInterceptedException: element click intercepted: Element <a href="/admin/categorymanager/index">...</a> is not clickable at point (129, 279). Other element would receive the click: <img src="/areas/admin/assets/core/images/beta.svg">
  (Session info: chrome=80.0.3987.132)
Build info: version: '3.141.59', revision: 'e82be7d358', time: '2018-11-14T08:25:53'
System info: host: 'ARCADIER-03', ip: '192.168.254.105', os.name: 'Windows 7', os.arch: 'amd64', os.version: '6.1', java.version: '1.8.0_181'
Driver info: com.kms.katalon.core.webui.driver.ExistingRemoteWebDriver
Capabilities {javascriptEnabled: true, platform: ANY, platformName: ANY}
Session ID: 66da7635ded2d355388026ca8e7d8eff
	at org.openqa.selenium.remote.http.W3CHttpResponseCodec.createException(W3CHttpResponseCodec.java:187)
	at org.openqa.selenium.remote.http.W3CHttpResponseCodec.decode(W3CHttpResponseCodec.java:122)
	at org.openqa.selenium.remote.http.W3CHttpResponseCodec.decode(W3CHttpResponseCodec.java:49)
	at org.openqa.selenium.remote.HttpCommandExecutor.execute(HttpCommandExecutor.java:158)
	at org.openqa.selenium.remote.RemoteWebDriver.execute(RemoteWebDriver.java:552)
	at com.kms.katalon.core.webui.driver.ExistingRemoteWebDriver.execute(ExistingRemoteWebDriver.java:108)
	at org.openqa.selenium.remote.RemoteWebElement.execute(RemoteWebElement.java:285)
	at org.openqa.selenium.remote.RemoteWebElement.click(RemoteWebElement.java:84)
	at org.openqa.selenium.support.events.EventFiringWebDriver$EventFiringWebElement.lambda$new$0(EventFiringWebDriver.java:404)
	at com.sun.proxy.$Proxy9.click(Unknown Source)
	at org.openqa.selenium.support.events.EventFiringWebDriver$EventFiringWebElement.click(EventFiringWebDriver.java:417)
	at com.kms.katalon.core.webui.keyword.builtin.ClickKeyword$_click_closure1.doCall(ClickKeyword.groovy:69)
	at com.kms.katalon.core.webui.keyword.builtin.ClickKeyword$_click_closure1.call(ClickKeyword.groovy)
	at com.kms.katalon.core.webui.keyword.internal.WebUIKeywordMain.runKeyword(WebUIKeywordMain.groovy:20)
	at com.kms.katalon.core.webui.keyword.builtin.ClickKeyword.click(ClickKeyword.groovy:76)
	at com.kms.katalon.core.webui.keyword.builtin.ClickKeyword.execute(ClickKeyword.groovy:43)
	at com.kms.katalon.core.keyword.internal.KeywordExecutor.executeKeywordForPlatform(KeywordExecutor.groovy:72)
	at com.kms.katalon.core.webui.keyword.WebUiBuiltInKeywords.click(WebUiBuiltInKeywords.groovy:616)
	at com.kms.katalon.core.webui.keyword.WebUiBuiltInKeywords$click$0.call(Unknown Source)
	at Script1549506362832.run(Script1549506362832.groovy:28)
	... 13 more
)
	at com.kms.katalon.core.keyword.internal.KeywordMain.stepFailed(KeywordMain.groovy:39)
	at com.kms.katalon.core.webui.keyword.internal.WebUIKeywordMain.stepFailed(WebUIKeywordMain.groovy:64)
	at com.kms.katalon.core.webui.keyword.internal.WebUIKeywordMain.runKeyword(WebUIKeywordMain.groovy:26)
	at com.kms.katalon.core.webui.keyword.builtin.ClickKeyword.click(ClickKeyword.groovy:76)
	at com.kms.katalon.core.webui.keyword.builtin.ClickKeyword.execute(ClickKeyword.groovy:43)
	at com.kms.katalon.core.keyword.internal.KeywordExecutor.executeKeywordForPlatform(KeywordExecutor.groovy:72)
	at com.kms.katalon.core.webui.keyword.WebUiBuiltInKeywords.click(WebUiBuiltInKeywords.groovy:616)
	at com.kms.katalon.core.webui.keyword.WebUiBuiltInKeywords$click$0.call(Unknown Source)
	at Add Category.run(Add Category:28)
	at com.kms.katalon.core.main.ScriptEngine.run(ScriptEngine.java:194)
	at com.kms.katalon.core.main.ScriptEngine.runScriptAsRawText(ScriptEngine.java:119)
	at com.kms.katalon.core.main.TestCaseExecutor.runScript(TestCaseExecutor.java:337)
	at com.kms.katalon.core.main.TestCaseExecutor.doExecute(TestCaseExecutor.java:328)
	at com.kms.katalon.core.main.TestCaseExecutor.processExecutionPhase(TestCaseExecutor.java:307)
	at com.kms.katalon.core.main.TestCaseExecutor.accessMainPhase(TestCaseExecutor.java:299)
	at com.kms.katalon.core.main.TestCaseExecutor.execute(TestCaseExecutor.java:233)
	at com.kms.katalon.core.main.TestSuiteExecutor.accessTestCaseMainPhase(TestSuiteExecutor.java:169)
	at com.kms.katalon.core.main.TestSuiteExecutor.accessTestSuiteMainPhase(TestSuiteExecutor.java:142)
	at com.kms.katalon.core.main.TestSuiteExecutor.execute(TestSuiteExecutor.java:91)
	at com.kms.katalon.core.main.TestCaseMain.startTestSuite(TestCaseMain.java:157)
	at com.kms.katalon.core.main.TestCaseMain$startTestSuite$0.call(Unknown Source)
	at TempTestSuite1584598607274.run(TempTestSuite1584598607274.groovy:36)
Caused by: com.kms.katalon.core.exception.StepFailedException: Unable to click on object 'Object Repository/ADMIN/Categories/Category List/button_Categories'
	... 21 more
Caused by: org.openqa.selenium.ElementClickInterceptedException: element click intercepted: Element <a href="/admin/categorymanager/index">...</a> is not clickable at point (129, 279). Other element would receive the click: <img src="/areas/admin/assets/core/images/beta.svg">
  (Session info: chrome=80.0.3987.132)
Build info: version: '3.141.59', revision: 'e82be7d358', time: '2018-11-14T08:25:53'
System info: host: 'ARCADIER-03', ip: '192.168.254.105', os.name: 'Windows 7', os.arch: 'amd64', os.version: '6.1', java.version: '1.8.0_181'
Driver info: com.kms.katalon.core.webui.driver.ExistingRemoteWebDriver
Capabilities {javascriptEnabled: true, platform: ANY, platformName: ANY}
Session ID: 66da7635ded2d355388026ca8e7d8eff
	at org.openqa.selenium.remote.http.W3CHttpResponseCodec.createException(W3CHttpResponseCodec.java:187)
	at org.openqa.selenium.remote.http.W3CHttpResponseCodec.decode(W3CHttpResponseCodec.java:122)
	at org.openqa.selenium.remote.http.W3CHttpResponseCodec.decode(W3CHttpResponseCodec.java:49)
	at org.openqa.selenium.remote.HttpCommandExecutor.execute(HttpCommandExecutor.java:158)
	at org.openqa.selenium.remote.RemoteWebDriver.execute(RemoteWebDriver.java:552)
	at com.kms.katalon.core.webui.driver.ExistingRemoteWebDriver.execute(ExistingRemoteWebDriver.java:108)
	at org.openqa.selenium.remote.RemoteWebElement.execute(RemoteWebElement.java:285)
	at org.openqa.selenium.remote.RemoteWebElement.click(RemoteWebElement.java:84)
	at org.openqa.selenium.support.events.EventFiringWebDriver$EventFiringWebElement.lambda$new$0(EventFiringWebDriver.java:404)
	at com.sun.proxy.$Proxy9.click(Unknown Source)
	at org.openqa.selenium.support.events.EventFiringWebDriver$EventFiringWebElement.click(EventFiringWebDriver.java:417)
	at com.kms.katalon.core.webui.keyword.builtin.ClickKeyword$_click_closure1.doCall(ClickKeyword.groovy:69)
	at com.kms.katalon.core.webui.keyword.builtin.ClickKeyword$_click_closure1.call(ClickKeyword.groovy)
	at com.kms.katalon.core.webui.keyword.internal.WebUIKeywordMain.runKeyword(WebUIKeywordMain.groovy:20)
	... 19 more


2020-03-19 14:34:33 - [TEST_STEP][PASSED] - waitForElementVisible(findTestObject("ADMIN/Categories/Category List/button_Content Mgmt"), 0): Object 'Object Repository/ADMIN/Categories/Category List/button_Content Mgmt' is visible

2020-03-19 14:34:33 - [MESSAGE][WARNING] - Timeout '0' is invalid. Using default page load timeout: '30'

2020-03-19 14:34:33 - [MESSAGE][PASSED] - Object 'Object Repository/ADMIN/Categories/Category List/button_Content Mgmt' is visible

2020-03-19 14:34:33 - [TEST_STEP][PASSED] - click(findTestObject("ADMIN/Categories/Category List/button_Content Mgmt")): Object: 'Object Repository/ADMIN/Categories/Category List/button_Content Mgmt' is clicked on

2020-03-19 14:34:33 - [MESSAGE][PASSED] - Object: 'Object Repository/ADMIN/Categories/Category List/button_Content Mgmt' is clicked on

2020-03-19 14:34:33 - [TEST_STEP][PASSED] - waitForElementVisible(findTestObject("ADMIN/Categories/Category List/button_Categories"), 0): Object 'Object Repository/ADMIN/Categories/Category List/button_Categories' is visible

2020-03-19 14:34:34 - [MESSAGE][WARNING] - Timeout '0' is invalid. Using default page load timeout: '30'

2020-03-19 14:34:34 - [MESSAGE][PASSED] - Object 'Object Repository/ADMIN/Categories/Category List/button_Categories' is visible

2020-03-19 14:34:34 - [TEST_STEP][FAILED] - click(findTestObject("ADMIN/Categories/Category List/button_Categories")): Unable to click on object 'Object Repository/ADMIN/Categories/Category List/button_Categories' (Root cause: com.kms.katalon.core.exception.StepFailedException: Unable to click on object 'Object Repository/ADMIN/Categories/Category List/button_Categories'
	at com.kms.katalon.core.webui.keyword.internal.WebUIKeywordMain.stepFailed(WebUIKeywordMain.groovy:64)
	at com.kms.katalon.core.webui.keyword.internal.WebUIKeywordMain.runKeyword(WebUIKeywordMain.groovy:26)
	at com.kms.katalon.core.webui.keyword.builtin.ClickKeyword.click(ClickKeyword.groovy:76)
	at com.kms.katalon.core.webui.keyword.builtin.ClickKeyword.execute(ClickKeyword.groovy:43)
	at com.kms.katalon.core.keyword.internal.KeywordExecutor.executeKeywordForPlatform(KeywordExecutor.groovy:72)
	at com.kms.katalon.core.webui.keyword.WebUiBuiltInKeywords.click(WebUiBuiltInKeywords.groovy:616)
	at com.kms.katalon.core.webui.keyword.WebUiBuiltInKeywords$click$0.call(Unknown Source)
	at Add Category.run(Add Category:28)
	at com.kms.katalon.core.main.ScriptEngine.run(ScriptEngine.java:194)
	at com.kms.katalon.core.main.ScriptEngine.runScriptAsRawText(ScriptEngine.java:119)
	at com.kms.katalon.core.main.TestCaseExecutor.runScript(TestCaseExecutor.java:337)
	at com.kms.katalon.core.main.TestCaseExecutor.doExecute(TestCaseExecutor.java:328)
	at com.kms.katalon.core.main.TestCaseExecutor.processExecutionPhase(TestCaseExecutor.java:307)
	at com.kms.katalon.core.main.TestCaseExecutor.accessMainPhase(TestCaseExecutor.java:299)
	at com.kms.katalon.core.main.TestCaseExecutor.execute(TestCaseExecutor.java:233)
	at com.kms.katalon.core.main.TestSuiteExecutor.accessTestCaseMainPhase(TestSuiteExecutor.java:169)
	at com.kms.katalon.core.main.TestSuiteExecutor.accessTestSuiteMainPhase(TestSuiteExecutor.java:142)
	at com.kms.katalon.core.main.TestSuiteExecutor.execute(TestSuiteExecutor.java:91)
	at com.kms.katalon.core.main.TestCaseMain.startTestSuite(TestCaseMain.java:157)
	at com.kms.katalon.core.main.TestCaseMain$startTestSuite$0.call(Unknown Source)
	at TempTestSuite1584598607274.run(TempTestSuite1584598607274.groovy:36)
Caused by: org.openqa.selenium.ElementClickInterceptedException: element click intercepted: Element <a href="/admin/categorymanager/index">...</a> is not clickable at point (129, 279). Other element would receive the click: <img src="/areas/admin/assets/core/images/beta.svg">
  (Session info: chrome=80.0.3987.132)
Build info: version: '3.141.59', revision: 'e82be7d358', time: '2018-11-14T08:25:53'
System info: host: 'ARCADIER-03', ip: '192.168.254.105', os.name: 'Windows 7', os.arch: 'amd64', os.version: '6.1', java.version: '1.8.0_181'
Driver info: com.kms.katalon.core.webui.driver.ExistingRemoteWebDriver
Capabilities {javascriptEnabled: true, platform: ANY, platformName: ANY}
Session ID: 66da7635ded2d355388026ca8e7d8eff
	at org.openqa.selenium.remote.http.W3CHttpResponseCodec.createException(W3CHttpResponseCodec.java:187)
	at org.openqa.selenium.remote.http.W3CHttpResponseCodec.decode(W3CHttpResponseCodec.java:122)
	at org.openqa.selenium.remote.http.W3CHttpResponseCodec.decode(W3CHttpResponseCodec.java:49)
	at org.openqa.selenium.remote.HttpCommandExecutor.execute(HttpCommandExecutor.java:158)
	at org.openqa.selenium.remote.RemoteWebDriver.execute(RemoteWebDriver.java:552)
	at com.kms.katalon.core.webui.driver.ExistingRemoteWebDriver.execute(ExistingRemoteWebDriver.java:108)
	at org.openqa.selenium.remote.RemoteWebElement.execute(RemoteWebElement.java:285)
	at org.openqa.selenium.remote.RemoteWebElement.click(RemoteWebElement.java:84)
	at org.openqa.selenium.support.events.EventFiringWebDriver$EventFiringWebElement.lambda$new$0(EventFiringWebDriver.java:404)
	at com.sun.proxy.$Proxy9.click(Unknown Source)
	at org.openqa.selenium.support.events.EventFiringWebDriver$EventFiringWebElement.click(EventFiringWebDriver.java:417)
	at com.kms.katalon.core.webui.keyword.builtin.ClickKeyword$_click_closure1.doCall(ClickKeyword.groovy:69)
	at com.kms.katalon.core.webui.keyword.builtin.ClickKeyword$_click_closure1.call(ClickKeyword.groovy)
	at com.kms.katalon.core.webui.keyword.internal.WebUIKeywordMain.runKeyword(WebUIKeywordMain.groovy:20)
	at com.kms.katalon.core.webui.keyword.builtin.ClickKeyword.click(ClickKeyword.groovy:76)
	at com.kms.katalon.core.webui.keyword.builtin.ClickKeyword.execute(ClickKeyword.groovy:43)
	at com.kms.katalon.core.keyword.internal.KeywordExecutor.executeKeywordForPlatform(KeywordExecutor.groovy:72)
	at com.kms.katalon.core.webui.keyword.WebUiBuiltInKeywords.click(WebUiBuiltInKeywords.groovy:616)
	at com.kms.katalon.core.webui.keyword.WebUiBuiltInKeywords$click$0.call(Unknown Source)
	at Script1549506362832.run(Script1549506362832.groovy:28)
	... 13 more
)

2020-03-19 14:34:35 - [MESSAGE][FAILED] - Unable to click on object 'Object Repository/ADMIN/Categories/Category List/button_Categories' (Root cause: com.kms.katalon.core.exception.StepFailedException: Unable to click on object 'Object Repository/ADMIN/Categories/Category List/button_Categories'
	at com.kms.katalon.core.webui.keyword.internal.WebUIKeywordMain.stepFailed(WebUIKeywordMain.groovy:64)
	at com.kms.katalon.core.webui.keyword.internal.WebUIKeywordMain.runKeyword(WebUIKeywordMain.groovy:26)
	at com.kms.katalon.core.webui.keyword.builtin.ClickKeyword.click(ClickKeyword.groovy:76)
	at com.kms.katalon.core.webui.keyword.builtin.ClickKeyword.execute(ClickKeyword.groovy:43)
	at com.kms.katalon.core.keyword.internal.KeywordExecutor.executeKeywordForPlatform(KeywordExecutor.groovy:72)
	at com.kms.katalon.core.webui.keyword.WebUiBuiltInKeywords.click(WebUiBuiltInKeywords.groovy:616)
	at com.kms.katalon.core.webui.keyword.WebUiBuiltInKeywords$click$0.call(Unknown Source)
	at Add Category.run(Add Category:28)
	at com.kms.katalon.core.main.ScriptEngine.run(ScriptEngine.java:194)
	at com.kms.katalon.core.main.ScriptEngine.runScriptAsRawText(ScriptEngine.java:119)
	at com.kms.katalon.core.main.TestCaseExecutor.runScript(TestCaseExecutor.java:337)
	at com.kms.katalon.core.main.TestCaseExecutor.doExecute(TestCaseExecutor.java:328)
	at com.kms.katalon.core.main.TestCaseExecutor.processExecutionPhase(TestCaseExecutor.java:307)
	at com.kms.katalon.core.main.TestCaseExecutor.accessMainPhase(TestCaseExecutor.java:299)
	at com.kms.katalon.core.main.TestCaseExecutor.execute(TestCaseExecutor.java:233)
	at com.kms.katalon.core.main.TestSuiteExecutor.accessTestCaseMainPhase(TestSuiteExecutor.java:169)
	at com.kms.katalon.core.main.TestSuiteExecutor.accessTestSuiteMainPhase(TestSuiteExecutor.java:142)
	at com.kms.katalon.core.main.TestSuiteExecutor.execute(TestSuiteExecutor.java:91)
	at com.kms.katalon.core.main.TestCaseMain.startTestSuite(TestCaseMain.java:157)
	at com.kms.katalon.core.main.TestCaseMain$startTestSuite$0.call(Unknown Source)
	at TempTestSuite1584598607274.run(TempTestSuite1584598607274.groovy:36)
Caused by: org.openqa.selenium.ElementClickInterceptedException: element click intercepted: Element <a href="/admin/categorymanager/index">...</a> is not clickable at point (129, 279). Other element would receive the click: <img src="/areas/admin/assets/core/images/beta.svg">
  (Session info: chrome=80.0.3987.132)
Build info: version: '3.141.59', revision: 'e82be7d358', time: '2018-11-14T08:25:53'
System info: host: 'ARCADIER-03', ip: '192.168.254.105', os.name: 'Windows 7', os.arch: 'amd64', os.version: '6.1', java.version: '1.8.0_181'
Driver info: com.kms.katalon.core.webui.driver.ExistingRemoteWebDriver
Capabilities {javascriptEnabled: true, platform: ANY, platformName: ANY}
Session ID: 66da7635ded2d355388026ca8e7d8eff
	at org.openqa.selenium.remote.http.W3CHttpResponseCodec.createException(W3CHttpResponseCodec.java:187)
	at org.openqa.selenium.remote.http.W3CHttpResponseCodec.decode(W3CHttpResponseCodec.java:122)
	at org.openqa.selenium.remote.http.W3CHttpResponseCodec.decode(W3CHttpResponseCodec.java:49)
	at org.openqa.selenium.remote.HttpCommandExecutor.execute(HttpCommandExecutor.java:158)
	at org.openqa.selenium.remote.RemoteWebDriver.execute(RemoteWebDriver.java:552)
	at com.kms.katalon.core.webui.driver.ExistingRemoteWebDriver.execute(ExistingRemoteWebDriver.java:108)
	at org.openqa.selenium.remote.RemoteWebElement.execute(RemoteWebElement.java:285)
	at org.openqa.selenium.remote.RemoteWebElement.click(RemoteWebElement.java:84)
	at org.openqa.selenium.support.events.EventFiringWebDriver$EventFiringWebElement.lambda$new$0(EventFiringWebDriver.java:404)
	at com.sun.proxy.$Proxy9.click(Unknown Source)
	at org.openqa.selenium.support.events.EventFiringWebDriver$EventFiringWebElement.click(EventFiringWebDriver.java:417)
	at com.kms.katalon.core.webui.keyword.builtin.ClickKeyword$_click_closure1.doCall(ClickKeyword.groovy:69)
	at com.kms.katalon.core.webui.keyword.builtin.ClickKeyword$_click_closure1.call(ClickKeyword.groovy)
	at com.kms.katalon.core.webui.keyword.internal.WebUIKeywordMain.runKeyword(WebUIKeywordMain.groovy:20)
	at com.kms.katalon.core.webui.keyword.builtin.ClickKeyword.click(ClickKeyword.groovy:76)
	at com.kms.katalon.core.webui.keyword.builtin.ClickKeyword.execute(ClickKeyword.groovy:43)
	at com.kms.katalon.core.keyword.internal.KeywordExecutor.executeKeywordForPlatform(KeywordExecutor.groovy:72)
	at com.kms.katalon.core.webui.keyword.WebUiBuiltInKeywords.click(WebUiBuiltInKeywords.groovy:616)
	at com.kms.katalon.core.webui.keyword.WebUiBuiltInKeywords$click$0.call(Unknown Source)
	at Script1549506362832.run(Script1549506362832.groovy:28)
	... 13 more
)
[[ATTACHMENT|C:\\Katalon\\Arctick\\Reports\\20200319_141647\\Admin\\Admin Add Category\\20200319_141647\\1584599675248.png]]

2020-03-19 14:34:35 - [TEST_STEP][PASSED] - waitForPageLoad(0, STOP_ON_FAILURE): Wait for page load successfully

2020-03-19 14:34:35 - [MESSAGE][WARNING] - Timeout '0' is invalid. Using default page load timeout: '30'

2020-03-19 14:34:35 - [MESSAGE][PASSED] - Wait for page load successfully

2020-03-19 14:34:35 - [TEST_STEP][PASSED] - click(findTestObject("ADMIN/Categories/Category List/button_Add a Category")): Object: 'Object Repository/ADMIN/Categories/Category List/button_Add a Category' is clicked on

2020-03-19 14:34:35 - [MESSAGE][PASSED] - Object: 'Object Repository/ADMIN/Categories/Category List/button_Add a Category' is clicked on

2020-03-19 14:34:35 - [TEST_STEP][PASSED] - waitForElementPresent(findTestObject("ADMIN/Categories/Category/dropdown_Parent"), 2): Object 'Object Repository/ADMIN/Categories/Category/dropdown_Parent' is present

2020-03-19 14:34:35 - [MESSAGE][PASSED] - Object 'Object Repository/ADMIN/Categories/Category/dropdown_Parent' is present

2020-03-19 14:34:35 - [TEST_STEP][PASSED] - delay(1): Delayed 1 second(s)

2020-03-19 14:34:36 - [MESSAGE][PASSED] - Delayed 1 second(s)

2020-03-19 14:34:36 - [TEST_STEP][PASSED] - setText(findTestObject("ADMIN/Categories/Category/textfield_Category Name"), CategoryNametext): Text 'Category 14' is set on object 'Object Repository/ADMIN/Categories/Category/textfield_Category Name'

2020-03-19 14:34:37 - [MESSAGE][PASSED] - Text 'Category 14' is set on object 'Object Repository/ADMIN/Categories/Category/textfield_Category Name'

2020-03-19 14:34:37 - [TEST_STEP][PASSED] - click(findTestObject("ADMIN/Categories/Category/dropdown_Parent")): Object: 'Object Repository/ADMIN/Categories/Category/dropdown_Parent' is clicked on

2020-03-19 14:34:37 - [MESSAGE][PASSED] - Object: 'Object Repository/ADMIN/Categories/Category/dropdown_Parent' is clicked on

2020-03-19 14:34:37 - [TEST_STEP][PASSED] - delay(2): Delayed 2 second(s)

2020-03-19 14:34:39 - [MESSAGE][PASSED] - Delayed 2 second(s)

2020-03-19 14:34:39 - [TEST_STEP][PASSED] - click(findTestObject("ADMIN/Categories/Category/dropdown_Parent")): Object: 'Object Repository/ADMIN/Categories/Category/dropdown_Parent' is clicked on

2020-03-19 14:34:39 - [MESSAGE][PASSED] - Object: 'Object Repository/ADMIN/Categories/Category/dropdown_Parent' is clicked on

2020-03-19 14:34:39 - [TEST_STEP][PASSED] - selectOptionByLabel(findTestObject("ADMIN/Categories/Category/dropdown_Parent"), ParentName, false): All options with label '-' are selected in object 'Object Repository/ADMIN/Categories/Category/dropdown_Parent' 

2020-03-19 14:34:39 - [MESSAGE][PASSED] - All options with label '-' are selected in object 'Object Repository/ADMIN/Categories/Category/dropdown_Parent' 

2020-03-19 14:34:39 - [TEST_STEP][PASSED] - click(findTestObject("ADMIN/Categories/Category/button_Browse")): Object: 'Object Repository/ADMIN/Categories/Category/button_Browse' is clicked on

2020-03-19 14:34:39 - [MESSAGE][PASSED] - Object: 'Object Repository/ADMIN/Categories/Category/button_Browse' is clicked on

2020-03-19 14:34:39 - [TEST_STEP][PASSED] - delay(2): Delayed 2 second(s)

2020-03-19 14:34:41 - [MESSAGE][PASSED] - Delayed 2 second(s)

2020-03-19 14:34:41 - [TEST_STEP][PASSED] - uploadFile(findTestObject("ADMIN/Categories/Category/image_input image"), CategoryImageUpload): File 'C:\\Katalon\\Arctick\\Images\\Category\\14.png' sent to object: 'Object Repository/ADMIN/Categories/Category/image_input image'

2020-03-19 14:34:41 - [MESSAGE][PASSED] - File 'C:\\Katalon\\Arctick\\Images\\Category\\14.png' sent to object: 'Object Repository/ADMIN/Categories/Category/image_input image'

2020-03-19 14:34:41 - [TEST_STEP][PASSED] - waitForElementVisible(findTestObject("ADMIN/Categories/Category/button_upload check"), 0): Object 'Object Repository/ADMIN/Categories/Category/button_upload check' is visible

2020-03-19 14:34:41 - [MESSAGE][WARNING] - Timeout '0' is invalid. Using default page load timeout: '30'

2020-03-19 14:34:41 - [MESSAGE][PASSED] - Object 'Object Repository/ADMIN/Categories/Category/button_upload check' is visible

2020-03-19 14:34:41 - [TEST_STEP][PASSED] - click(findTestObject("ADMIN/Categories/Category/button_upload check")): Object: 'Object Repository/ADMIN/Categories/Category/button_upload check' is clicked on

2020-03-19 14:34:41 - [MESSAGE][PASSED] - Object: 'Object Repository/ADMIN/Categories/Category/button_upload check' is clicked on

2020-03-19 14:34:41 - [TEST_STEP][PASSED] - waitForElementVisible(findTestObject("ADMIN/Categories/Category/button_upload save"), 0): Object 'Object Repository/ADMIN/Categories/Category/button_upload save' is visible

2020-03-19 14:34:41 - [MESSAGE][WARNING] - Timeout '0' is invalid. Using default page load timeout: '30'

2020-03-19 14:34:42 - [MESSAGE][PASSED] - Object 'Object Repository/ADMIN/Categories/Category/button_upload save' is visible

2020-03-19 14:34:42 - [TEST_STEP][PASSED] - click(findTestObject("ADMIN/Categories/Category/button_upload save")): Object: 'Object Repository/ADMIN/Categories/Category/button_upload save' is clicked on

2020-03-19 14:34:42 - [MESSAGE][PASSED] - Object: 'Object Repository/ADMIN/Categories/Category/button_upload save' is clicked on

2020-03-19 14:34:42 - [TEST_STEP][PASSED] - setText(findTestObject("ADMIN/Categories/Category/textfield_category_description"), Description): Text 'Description70' is set on object 'Object Repository/ADMIN/Categories/Category/textfield_category_description'

2020-03-19 14:34:42 - [MESSAGE][PASSED] - Text 'Description70' is set on object 'Object Repository/ADMIN/Categories/Category/textfield_category_description'

2020-03-19 14:34:42 - [TEST_STEP][PASSED] - click(findTestObject("ADMIN/Categories/Category/button_Save")): Object: 'Object Repository/ADMIN/Categories/Category/button_Save' is clicked on

2020-03-19 14:34:42 - [MESSAGE][PASSED] - Object: 'Object Repository/ADMIN/Categories/Category/button_Save' is clicked on

2020-03-19 14:34:42 - [TEST_STEP][PASSED] - waitForElementVisible(findTestObject("ADMIN/Categories/Category/label_edit popup"), 0): Object 'Object Repository/ADMIN/Categories/Category/label_edit popup' is visible

2020-03-19 14:34:42 - [MESSAGE][WARNING] - Timeout '0' is invalid. Using default page load timeout: '30'

2020-03-19 14:34:43 - [MESSAGE][PASSED] - Object 'Object Repository/ADMIN/Categories/Category/label_edit popup' is visible

2020-03-19 14:34:43 - [TEST_STEP][PASSED] - waitForElementNotPresent(findTestObject("ADMIN/Categories/Category/label_edit popup"), 0): Web element with id: 'Object Repository/ADMIN/Categories/Category/label_edit popup' located by 'By.xpath: //div[(text() = 'Category was successfully saved.' or . = 'Category was successfully saved.')]' is not present after '30' second(s)

2020-03-19 14:34:43 - [MESSAGE][WARNING] - Timeout '0' is invalid. Using default page load timeout: '30'

2020-03-19 14:34:49 - [MESSAGE][PASSED] - Web element with id: 'Object Repository/ADMIN/Categories/Category/label_edit popup' located by 'By.xpath: //div[(text() = 'Category was successfully saved.' or . = 'Category was successfully saved.')]' is not present after '30' second(s)]]></system-out>
         <system-err><![CDATA[2020-03-19 14:34:33 - [TEST_CASE][FAILED] - Test Cases/ADMIN/Content Mgmt/Categories/Category Add-Edit/Add Category: Test Cases/ADMIN/Content Mgmt/Categories/Category Add-Edit/Add Category FAILED.
Reason:
com.kms.katalon.core.exception.StepFailedException: Unable to click on object 'Object Repository/ADMIN/Categories/Category List/button_Categories' (Root cause: com.kms.katalon.core.exception.StepFailedException: Unable to click on object 'Object Repository/ADMIN/Categories/Category List/button_Categories'
	at com.kms.katalon.core.webui.keyword.internal.WebUIKeywordMain.stepFailed(WebUIKeywordMain.groovy:64)
	at com.kms.katalon.core.webui.keyword.internal.WebUIKeywordMain.runKeyword(WebUIKeywordMain.groovy:26)
	at com.kms.katalon.core.webui.keyword.builtin.ClickKeyword.click(ClickKeyword.groovy:76)
	at com.kms.katalon.core.webui.keyword.builtin.ClickKeyword.execute(ClickKeyword.groovy:43)
	at com.kms.katalon.core.keyword.internal.KeywordExecutor.executeKeywordForPlatform(KeywordExecutor.groovy:72)
	at com.kms.katalon.core.webui.keyword.WebUiBuiltInKeywords.click(WebUiBuiltInKeywords.groovy:616)
	at com.kms.katalon.core.webui.keyword.WebUiBuiltInKeywords$click$0.call(Unknown Source)
	at Add Category.run(Add Category:28)
	at com.kms.katalon.core.main.ScriptEngine.run(ScriptEngine.java:194)
	at com.kms.katalon.core.main.ScriptEngine.runScriptAsRawText(ScriptEngine.java:119)
	at com.kms.katalon.core.main.TestCaseExecutor.runScript(TestCaseExecutor.java:337)
	at com.kms.katalon.core.main.TestCaseExecutor.doExecute(TestCaseExecutor.java:328)
	at com.kms.katalon.core.main.TestCaseExecutor.processExecutionPhase(TestCaseExecutor.java:307)
	at com.kms.katalon.core.main.TestCaseExecutor.accessMainPhase(TestCaseExecutor.java:299)
	at com.kms.katalon.core.main.TestCaseExecutor.execute(TestCaseExecutor.java:233)
	at com.kms.katalon.core.main.TestSuiteExecutor.accessTestCaseMainPhase(TestSuiteExecutor.java:169)
	at com.kms.katalon.core.main.TestSuiteExecutor.accessTestSuiteMainPhase(TestSuiteExecutor.java:142)
	at com.kms.katalon.core.main.TestSuiteExecutor.execute(TestSuiteExecutor.java:91)
	at com.kms.katalon.core.main.TestCaseMain.startTestSuite(TestCaseMain.java:157)
	at com.kms.katalon.core.main.TestCaseMain$startTestSuite$0.call(Unknown Source)
	at TempTestSuite1584598607274.run(TempTestSuite1584598607274.groovy:36)
Caused by: org.openqa.selenium.ElementClickInterceptedException: element click intercepted: Element <a href="/admin/categorymanager/index">...</a> is not clickable at point (129, 279). Other element would receive the click: <img src="/areas/admin/assets/core/images/beta.svg">
  (Session info: chrome=80.0.3987.132)
Build info: version: '3.141.59', revision: 'e82be7d358', time: '2018-11-14T08:25:53'
System info: host: 'ARCADIER-03', ip: '192.168.254.105', os.name: 'Windows 7', os.arch: 'amd64', os.version: '6.1', java.version: '1.8.0_181'
Driver info: com.kms.katalon.core.webui.driver.ExistingRemoteWebDriver
Capabilities {javascriptEnabled: true, platform: ANY, platformName: ANY}
Session ID: 66da7635ded2d355388026ca8e7d8eff
	at org.openqa.selenium.remote.http.W3CHttpResponseCodec.createException(W3CHttpResponseCodec.java:187)
	at org.openqa.selenium.remote.http.W3CHttpResponseCodec.decode(W3CHttpResponseCodec.java:122)
	at org.openqa.selenium.remote.http.W3CHttpResponseCodec.decode(W3CHttpResponseCodec.java:49)
	at org.openqa.selenium.remote.HttpCommandExecutor.execute(HttpCommandExecutor.java:158)
	at org.openqa.selenium.remote.RemoteWebDriver.execute(RemoteWebDriver.java:552)
	at com.kms.katalon.core.webui.driver.ExistingRemoteWebDriver.execute(ExistingRemoteWebDriver.java:108)
	at org.openqa.selenium.remote.RemoteWebElement.execute(RemoteWebElement.java:285)
	at org.openqa.selenium.remote.RemoteWebElement.click(RemoteWebElement.java:84)
	at org.openqa.selenium.support.events.EventFiringWebDriver$EventFiringWebElement.lambda$new$0(EventFiringWebDriver.java:404)
	at com.sun.proxy.$Proxy9.click(Unknown Source)
	at org.openqa.selenium.support.events.EventFiringWebDriver$EventFiringWebElement.click(EventFiringWebDriver.java:417)
	at com.kms.katalon.core.webui.keyword.builtin.ClickKeyword$_click_closure1.doCall(ClickKeyword.groovy:69)
	at com.kms.katalon.core.webui.keyword.builtin.ClickKeyword$_click_closure1.call(ClickKeyword.groovy)
	at com.kms.katalon.core.webui.keyword.internal.WebUIKeywordMain.runKeyword(WebUIKeywordMain.groovy:20)
	at com.kms.katalon.core.webui.keyword.builtin.ClickKeyword.click(ClickKeyword.groovy:76)
	at com.kms.katalon.core.webui.keyword.builtin.ClickKeyword.execute(ClickKeyword.groovy:43)
	at com.kms.katalon.core.keyword.internal.KeywordExecutor.executeKeywordForPlatform(KeywordExecutor.groovy:72)
	at com.kms.katalon.core.webui.keyword.WebUiBuiltInKeywords.click(WebUiBuiltInKeywords.groovy:616)
	at com.kms.katalon.core.webui.keyword.WebUiBuiltInKeywords$click$0.call(Unknown Source)
	at Script1549506362832.run(Script1549506362832.groovy:28)
	... 13 more
)
	at com.kms.katalon.core.keyword.internal.KeywordMain.stepFailed(KeywordMain.groovy:39)
	at com.kms.katalon.core.webui.keyword.internal.WebUIKeywordMain.stepFailed(WebUIKeywordMain.groovy:64)
	at com.kms.katalon.core.webui.keyword.internal.WebUIKeywordMain.runKeyword(WebUIKeywordMain.groovy:26)
	at com.kms.katalon.core.webui.keyword.builtin.ClickKeyword.click(ClickKeyword.groovy:76)
	at com.kms.katalon.core.webui.keyword.builtin.ClickKeyword.execute(ClickKeyword.groovy:43)
	at com.kms.katalon.core.keyword.internal.KeywordExecutor.executeKeywordForPlatform(KeywordExecutor.groovy:72)
	at com.kms.katalon.core.webui.keyword.WebUiBuiltInKeywords.click(WebUiBuiltInKeywords.groovy:616)
	at com.kms.katalon.core.webui.keyword.WebUiBuiltInKeywords$click$0.call(Unknown Source)
	at Add Category.run(Add Category:28)
	at com.kms.katalon.core.main.ScriptEngine.run(ScriptEngine.java:194)
	at com.kms.katalon.core.main.ScriptEngine.runScriptAsRawText(ScriptEngine.java:119)
	at com.kms.katalon.core.main.TestCaseExecutor.runScript(TestCaseExecutor.java:337)
	at com.kms.katalon.core.main.TestCaseExecutor.doExecute(TestCaseExecutor.java:328)
	at com.kms.katalon.core.main.TestCaseExecutor.processExecutionPhase(TestCaseExecutor.java:307)
	at com.kms.katalon.core.main.TestCaseExecutor.accessMainPhase(TestCaseExecutor.java:299)
	at com.kms.katalon.core.main.TestCaseExecutor.execute(TestCaseExecutor.java:233)
	at com.kms.katalon.core.main.TestSuiteExecutor.accessTestCaseMainPhase(TestSuiteExecutor.java:169)
	at com.kms.katalon.core.main.TestSuiteExecutor.accessTestSuiteMainPhase(TestSuiteExecutor.java:142)
	at com.kms.katalon.core.main.TestSuiteExecutor.execute(TestSuiteExecutor.java:91)
	at com.kms.katalon.core.main.TestCaseMain.startTestSuite(TestCaseMain.java:157)
	at com.kms.katalon.core.main.TestCaseMain$startTestSuite$0.call(Unknown Source)
	at TempTestSuite1584598607274.run(TempTestSuite1584598607274.groovy:36)
Caused by: com.kms.katalon.core.exception.StepFailedException: Unable to click on object 'Object Repository/ADMIN/Categories/Category List/button_Categories'
	... 21 more
Caused by: org.openqa.selenium.ElementClickInterceptedException: element click intercepted: Element <a href="/admin/categorymanager/index">...</a> is not clickable at point (129, 279). Other element would receive the click: <img src="/areas/admin/assets/core/images/beta.svg">
  (Session info: chrome=80.0.3987.132)
Build info: version: '3.141.59', revision: 'e82be7d358', time: '2018-11-14T08:25:53'
System info: host: 'ARCADIER-03', ip: '192.168.254.105', os.name: 'Windows 7', os.arch: 'amd64', os.version: '6.1', java.version: '1.8.0_181'
Driver info: com.kms.katalon.core.webui.driver.ExistingRemoteWebDriver
Capabilities {javascriptEnabled: true, platform: ANY, platformName: ANY}
Session ID: 66da7635ded2d355388026ca8e7d8eff
	at org.openqa.selenium.remote.http.W3CHttpResponseCodec.createException(W3CHttpResponseCodec.java:187)
	at org.openqa.selenium.remote.http.W3CHttpResponseCodec.decode(W3CHttpResponseCodec.java:122)
	at org.openqa.selenium.remote.http.W3CHttpResponseCodec.decode(W3CHttpResponseCodec.java:49)
	at org.openqa.selenium.remote.HttpCommandExecutor.execute(HttpCommandExecutor.java:158)
	at org.openqa.selenium.remote.RemoteWebDriver.execute(RemoteWebDriver.java:552)
	at com.kms.katalon.core.webui.driver.ExistingRemoteWebDriver.execute(ExistingRemoteWebDriver.java:108)
	at org.openqa.selenium.remote.RemoteWebElement.execute(RemoteWebElement.java:285)
	at org.openqa.selenium.remote.RemoteWebElement.click(RemoteWebElement.java:84)
	at org.openqa.selenium.support.events.EventFiringWebDriver$EventFiringWebElement.lambda$new$0(EventFiringWebDriver.java:404)
	at com.sun.proxy.$Proxy9.click(Unknown Source)
	at org.openqa.selenium.support.events.EventFiringWebDriver$EventFiringWebElement.click(EventFiringWebDriver.java:417)
	at com.kms.katalon.core.webui.keyword.builtin.ClickKeyword$_click_closure1.doCall(ClickKeyword.groovy:69)
	at com.kms.katalon.core.webui.keyword.builtin.ClickKeyword$_click_closure1.call(ClickKeyword.groovy)
	at com.kms.katalon.core.webui.keyword.internal.WebUIKeywordMain.runKeyword(WebUIKeywordMain.groovy:20)
	... 19 more]]></system-err>
      </testcase>
      <testcase name="Test Cases/ADMIN/Content Mgmt/Categories/Category Add-Edit/Add Category" time="324.729" classname="Test Cases/ADMIN/Content Mgmt/Categories/Category Add-Edit/Add Category" status="FAILED">
         <failure type="FAILED" message="Test Cases/ADMIN/Content Mgmt/Categories/Category Add-Edit/Add Category FAILED.
Reason:
com.kms.katalon.core.exception.StepFailedException: Unable to click on object 'Object Repository/ADMIN/Categories/Category List/button_Add a Category' (Root cause: com.kms.katalon.core.exception.StepFailedException: Unable to click on object 'Object Repository/ADMIN/Categories/Category List/button_Add a Category'
	at com.kms.katalon.core.webui.keyword.internal.WebUIKeywordMain.stepFailed(WebUIKeywordMain.groovy:64)
	at com.kms.katalon.core.webui.keyword.internal.WebUIKeywordMain.runKeyword(WebUIKeywordMain.groovy:26)
	at com.kms.katalon.core.webui.keyword.builtin.ClickKeyword.click(ClickKeyword.groovy:76)
	at com.kms.katalon.core.webui.keyword.builtin.ClickKeyword.execute(ClickKeyword.groovy:43)
	at com.kms.katalon.core.keyword.internal.KeywordExecutor.executeKeywordForPlatform(KeywordExecutor.groovy:72)
	at com.kms.katalon.core.webui.keyword.WebUiBuiltInKeywords.click(WebUiBuiltInKeywords.groovy:616)
	at com.kms.katalon.core.webui.keyword.WebUiBuiltInKeywords$click$0.call(Unknown Source)
	at Add Category.run(Add Category:32)
	at com.kms.katalon.core.main.ScriptEngine.run(ScriptEngine.java:194)
	at com.kms.katalon.core.main.ScriptEngine.runScriptAsRawText(ScriptEngine.java:119)
	at com.kms.katalon.core.main.TestCaseExecutor.runScript(TestCaseExecutor.java:337)
	at com.kms.katalon.core.main.TestCaseExecutor.doExecute(TestCaseExecutor.java:328)
	at com.kms.katalon.core.main.TestCaseExecutor.processExecutionPhase(TestCaseExecutor.java:307)
	at com.kms.katalon.core.main.TestCaseExecutor.accessMainPhase(TestCaseExecutor.java:299)
	at com.kms.katalon.core.main.TestCaseExecutor.execute(TestCaseExecutor.java:233)
	at com.kms.katalon.core.main.TestSuiteExecutor.accessTestCaseMainPhase(TestSuiteExecutor.java:169)
	at com.kms.katalon.core.main.TestSuiteExecutor.accessTestSuiteMainPhase(TestSuiteExecutor.java:142)
	at com.kms.katalon.core.main.TestSuiteExecutor.execute(TestSuiteExecutor.java:91)
	at com.kms.katalon.core.main.TestCaseMain.startTestSuite(TestCaseMain.java:157)
	at com.kms.katalon.core.main.TestCaseMain$startTestSuite$0.call(Unknown Source)
	at TempTestSuite1584598607274.run(TempTestSuite1584598607274.groovy:36)
Caused by: com.kms.katalon.core.webui.exception.WebElementNotFoundException: Web element with id: 'Object Repository/ADMIN/Categories/Category List/button_Add a Category' located by 'By.xpath: //a[@class = 'blue-btn' and @href = 'javascript:void(0)' and @id = 'cat_add' and (text() = 'Add a Category ' or . = 'Add a Category ')]' not found
	at com.kms.katalon.core.webui.common.WebUiCommonHelper.findWebElement(WebUiCommonHelper.java:1154)
	at com.kms.katalon.core.webui.keyword.internal.WebUIAbstractKeyword.findWebElement(WebUIAbstractKeyword.groovy:27)
	at com.kms.katalon.core.webui.keyword.internal.WebUIAbstractKeyword.findWebElement(WebUIAbstractKeyword.groovy:26)
	at com.kms.katalon.core.webui.keyword.builtin.ClickKeyword$_click_closure1.doCall(ClickKeyword.groovy:67)
	at com.kms.katalon.core.webui.keyword.builtin.ClickKeyword$_click_closure1.call(ClickKeyword.groovy)
	at com.kms.katalon.core.webui.keyword.internal.WebUIKeywordMain.runKeyword(WebUIKeywordMain.groovy:20)
	at com.kms.katalon.core.webui.keyword.builtin.ClickKeyword.click(ClickKeyword.groovy:76)
	at com.kms.katalon.core.webui.keyword.builtin.ClickKeyword.execute(ClickKeyword.groovy:43)
	at com.kms.katalon.core.keyword.internal.KeywordExecutor.executeKeywordForPlatform(KeywordExecutor.groovy:72)
	at com.kms.katalon.core.webui.keyword.WebUiBuiltInKeywords.click(WebUiBuiltInKeywords.groovy:616)
	at com.kms.katalon.core.webui.keyword.WebUiBuiltInKeywords$click$0.call(Unknown Source)
	at Script1549506362832.run(Script1549506362832.groovy:32)
	... 13 more
)
	at com.kms.katalon.core.keyword.internal.KeywordMain.stepFailed(KeywordMain.groovy:39)
	at com.kms.katalon.core.webui.keyword.internal.WebUIKeywordMain.stepFailed(WebUIKeywordMain.groovy:64)
	at com.kms.katalon.core.webui.keyword.internal.WebUIKeywordMain.runKeyword(WebUIKeywordMain.groovy:26)
	at com.kms.katalon.core.webui.keyword.builtin.ClickKeyword.click(ClickKeyword.groovy:76)
	at com.kms.katalon.core.webui.keyword.builtin.ClickKeyword.execute(ClickKeyword.groovy:43)
	at com.kms.katalon.core.keyword.internal.KeywordExecutor.executeKeywordForPlatform(KeywordExecutor.groovy:72)
	at com.kms.katalon.core.webui.keyword.WebUiBuiltInKeywords.click(WebUiBuiltInKeywords.groovy:616)
	at com.kms.katalon.core.webui.keyword.WebUiBuiltInKeywords$click$0.call(Unknown Source)
	at Add Category.run(Add Category:32)
	at com.kms.katalon.core.main.ScriptEngine.run(ScriptEngine.java:194)
	at com.kms.katalon.core.main.ScriptEngine.runScriptAsRawText(ScriptEngine.java:119)
	at com.kms.katalon.core.main.TestCaseExecutor.runScript(TestCaseExecutor.java:337)
	at com.kms.katalon.core.main.TestCaseExecutor.doExecute(TestCaseExecutor.java:328)
	at com.kms.katalon.core.main.TestCaseExecutor.processExecutionPhase(TestCaseExecutor.java:307)
	at com.kms.katalon.core.main.TestCaseExecutor.accessMainPhase(TestCaseExecutor.java:299)
	at com.kms.katalon.core.main.TestCaseExecutor.execute(TestCaseExecutor.java:233)
	at com.kms.katalon.core.main.TestSuiteExecutor.accessTestCaseMainPhase(TestSuiteExecutor.java:169)
	at com.kms.katalon.core.main.TestSuiteExecutor.accessTestSuiteMainPhase(TestSuiteExecutor.java:142)
	at com.kms.katalon.core.main.TestSuiteExecutor.execute(TestSuiteExecutor.java:91)
	at com.kms.katalon.core.main.TestCaseMain.startTestSuite(TestCaseMain.java:157)
	at com.kms.katalon.core.main.TestCaseMain$startTestSuite$0.call(Unknown Source)
	at TempTestSuite1584598607274.run(TempTestSuite1584598607274.groovy:36)
Caused by: com.kms.katalon.core.exception.StepFailedException: Unable to click on object 'Object Repository/ADMIN/Categories/Category List/button_Add a Category'
	... 21 more
Caused by: com.kms.katalon.core.webui.exception.WebElementNotFoundException: Web element with id: 'Object Repository/ADMIN/Categories/Category List/button_Add a Category' located by 'By.xpath: //a[@class = 'blue-btn' and @href = 'javascript:void(0)' and @id = 'cat_add' and (text() = 'Add a Category ' or . = 'Add a Category ')]' not found
	at com.kms.katalon.core.webui.common.WebUiCommonHelper.findWebElement(WebUiCommonHelper.java:1154)
	at com.kms.katalon.core.webui.keyword.internal.WebUIAbstractKeyword.findWebElement(WebUIAbstractKeyword.groovy:27)
	at com.kms.katalon.core.webui.keyword.internal.WebUIAbstractKeyword.findWebElement(WebUIAbstractKeyword.groovy:26)
	at com.kms.katalon.core.webui.keyword.builtin.ClickKeyword$_click_closure1.doCall(ClickKeyword.groovy:67)
	at com.kms.katalon.core.webui.keyword.builtin.ClickKeyword$_click_closure1.call(ClickKeyword.groovy)
	at com.kms.katalon.core.webui.keyword.internal.WebUIKeywordMain.runKeyword(WebUIKeywordMain.groovy:20)
	... 19 more
"/>
         <system-out><![CDATA[2020-03-19 14:34:49 - [TEST_CASE][FAILED] - Test Cases/ADMIN/Content Mgmt/Categories/Category Add-Edit/Add Category: Test Cases/ADMIN/Content Mgmt/Categories/Category Add-Edit/Add Category FAILED.
Reason:
com.kms.katalon.core.exception.StepFailedException: Unable to click on object 'Object Repository/ADMIN/Categories/Category List/button_Add a Category' (Root cause: com.kms.katalon.core.exception.StepFailedException: Unable to click on object 'Object Repository/ADMIN/Categories/Category List/button_Add a Category'
	at com.kms.katalon.core.webui.keyword.internal.WebUIKeywordMain.stepFailed(WebUIKeywordMain.groovy:64)
	at com.kms.katalon.core.webui.keyword.internal.WebUIKeywordMain.runKeyword(WebUIKeywordMain.groovy:26)
	at com.kms.katalon.core.webui.keyword.builtin.ClickKeyword.click(ClickKeyword.groovy:76)
	at com.kms.katalon.core.webui.keyword.builtin.ClickKeyword.execute(ClickKeyword.groovy:43)
	at com.kms.katalon.core.keyword.internal.KeywordExecutor.executeKeywordForPlatform(KeywordExecutor.groovy:72)
	at com.kms.katalon.core.webui.keyword.WebUiBuiltInKeywords.click(WebUiBuiltInKeywords.groovy:616)
	at com.kms.katalon.core.webui.keyword.WebUiBuiltInKeywords$click$0.call(Unknown Source)
	at Add Category.run(Add Category:32)
	at com.kms.katalon.core.main.ScriptEngine.run(ScriptEngine.java:194)
	at com.kms.katalon.core.main.ScriptEngine.runScriptAsRawText(ScriptEngine.java:119)
	at com.kms.katalon.core.main.TestCaseExecutor.runScript(TestCaseExecutor.java:337)
	at com.kms.katalon.core.main.TestCaseExecutor.doExecute(TestCaseExecutor.java:328)
	at com.kms.katalon.core.main.TestCaseExecutor.processExecutionPhase(TestCaseExecutor.java:307)
	at com.kms.katalon.core.main.TestCaseExecutor.accessMainPhase(TestCaseExecutor.java:299)
	at com.kms.katalon.core.main.TestCaseExecutor.execute(TestCaseExecutor.java:233)
	at com.kms.katalon.core.main.TestSuiteExecutor.accessTestCaseMainPhase(TestSuiteExecutor.java:169)
	at com.kms.katalon.core.main.TestSuiteExecutor.accessTestSuiteMainPhase(TestSuiteExecutor.java:142)
	at com.kms.katalon.core.main.TestSuiteExecutor.execute(TestSuiteExecutor.java:91)
	at com.kms.katalon.core.main.TestCaseMain.startTestSuite(TestCaseMain.java:157)
	at com.kms.katalon.core.main.TestCaseMain$startTestSuite$0.call(Unknown Source)
	at TempTestSuite1584598607274.run(TempTestSuite1584598607274.groovy:36)
Caused by: com.kms.katalon.core.webui.exception.WebElementNotFoundException: Web element with id: 'Object Repository/ADMIN/Categories/Category List/button_Add a Category' located by 'By.xpath: //a[@class = 'blue-btn' and @href = 'javascript:void(0)' and @id = 'cat_add' and (text() = 'Add a Category ' or . = 'Add a Category ')]' not found
	at com.kms.katalon.core.webui.common.WebUiCommonHelper.findWebElement(WebUiCommonHelper.java:1154)
	at com.kms.katalon.core.webui.keyword.internal.WebUIAbstractKeyword.findWebElement(WebUIAbstractKeyword.groovy:27)
	at com.kms.katalon.core.webui.keyword.internal.WebUIAbstractKeyword.findWebElement(WebUIAbstractKeyword.groovy:26)
	at com.kms.katalon.core.webui.keyword.builtin.ClickKeyword$_click_closure1.doCall(ClickKeyword.groovy:67)
	at com.kms.katalon.core.webui.keyword.builtin.ClickKeyword$_click_closure1.call(ClickKeyword.groovy)
	at com.kms.katalon.core.webui.keyword.internal.WebUIKeywordMain.runKeyword(WebUIKeywordMain.groovy:20)
	at com.kms.katalon.core.webui.keyword.builtin.ClickKeyword.click(ClickKeyword.groovy:76)
	at com.kms.katalon.core.webui.keyword.builtin.ClickKeyword.execute(ClickKeyword.groovy:43)
	at com.kms.katalon.core.keyword.internal.KeywordExecutor.executeKeywordForPlatform(KeywordExecutor.groovy:72)
	at com.kms.katalon.core.webui.keyword.WebUiBuiltInKeywords.click(WebUiBuiltInKeywords.groovy:616)
	at com.kms.katalon.core.webui.keyword.WebUiBuiltInKeywords$click$0.call(Unknown Source)
	at Script1549506362832.run(Script1549506362832.groovy:32)
	... 13 more
)
	at com.kms.katalon.core.keyword.internal.KeywordMain.stepFailed(KeywordMain.groovy:39)
	at com.kms.katalon.core.webui.keyword.internal.WebUIKeywordMain.stepFailed(WebUIKeywordMain.groovy:64)
	at com.kms.katalon.core.webui.keyword.internal.WebUIKeywordMain.runKeyword(WebUIKeywordMain.groovy:26)
	at com.kms.katalon.core.webui.keyword.builtin.ClickKeyword.click(ClickKeyword.groovy:76)
	at com.kms.katalon.core.webui.keyword.builtin.ClickKeyword.execute(ClickKeyword.groovy:43)
	at com.kms.katalon.core.keyword.internal.KeywordExecutor.executeKeywordForPlatform(KeywordExecutor.groovy:72)
	at com.kms.katalon.core.webui.keyword.WebUiBuiltInKeywords.click(WebUiBuiltInKeywords.groovy:616)
	at com.kms.katalon.core.webui.keyword.WebUiBuiltInKeywords$click$0.call(Unknown Source)
	at Add Category.run(Add Category:32)
	at com.kms.katalon.core.main.ScriptEngine.run(ScriptEngine.java:194)
	at com.kms.katalon.core.main.ScriptEngine.runScriptAsRawText(ScriptEngine.java:119)
	at com.kms.katalon.core.main.TestCaseExecutor.runScript(TestCaseExecutor.java:337)
	at com.kms.katalon.core.main.TestCaseExecutor.doExecute(TestCaseExecutor.java:328)
	at com.kms.katalon.core.main.TestCaseExecutor.processExecutionPhase(TestCaseExecutor.java:307)
	at com.kms.katalon.core.main.TestCaseExecutor.accessMainPhase(TestCaseExecutor.java:299)
	at com.kms.katalon.core.main.TestCaseExecutor.execute(TestCaseExecutor.java:233)
	at com.kms.katalon.core.main.TestSuiteExecutor.accessTestCaseMainPhase(TestSuiteExecutor.java:169)
	at com.kms.katalon.core.main.TestSuiteExecutor.accessTestSuiteMainPhase(TestSuiteExecutor.java:142)
	at com.kms.katalon.core.main.TestSuiteExecutor.execute(TestSuiteExecutor.java:91)
	at com.kms.katalon.core.main.TestCaseMain.startTestSuite(TestCaseMain.java:157)
	at com.kms.katalon.core.main.TestCaseMain$startTestSuite$0.call(Unknown Source)
	at TempTestSuite1584598607274.run(TempTestSuite1584598607274.groovy:36)
Caused by: com.kms.katalon.core.exception.StepFailedException: Unable to click on object 'Object Repository/ADMIN/Categories/Category List/button_Add a Category'
	... 21 more
Caused by: com.kms.katalon.core.webui.exception.WebElementNotFoundException: Web element with id: 'Object Repository/ADMIN/Categories/Category List/button_Add a Category' located by 'By.xpath: //a[@class = 'blue-btn' and @href = 'javascript:void(0)' and @id = 'cat_add' and (text() = 'Add a Category ' or . = 'Add a Category ')]' not found
	at com.kms.katalon.core.webui.common.WebUiCommonHelper.findWebElement(WebUiCommonHelper.java:1154)
	at com.kms.katalon.core.webui.keyword.internal.WebUIAbstractKeyword.findWebElement(WebUIAbstractKeyword.groovy:27)
	at com.kms.katalon.core.webui.keyword.internal.WebUIAbstractKeyword.findWebElement(WebUIAbstractKeyword.groovy:26)
	at com.kms.katalon.core.webui.keyword.builtin.ClickKeyword$_click_closure1.doCall(ClickKeyword.groovy:67)
	at com.kms.katalon.core.webui.keyword.builtin.ClickKeyword$_click_closure1.call(ClickKeyword.groovy)
	at com.kms.katalon.core.webui.keyword.internal.WebUIKeywordMain.runKeyword(WebUIKeywordMain.groovy:20)
	... 19 more


2020-03-19 14:34:49 - [TEST_STEP][PASSED] - waitForElementVisible(findTestObject("ADMIN/Categories/Category List/button_Content Mgmt"), 0): Object 'Object Repository/ADMIN/Categories/Category List/button_Content Mgmt' is visible

2020-03-19 14:34:49 - [MESSAGE][WARNING] - Timeout '0' is invalid. Using default page load timeout: '30'

2020-03-19 14:34:49 - [MESSAGE][PASSED] - Object 'Object Repository/ADMIN/Categories/Category List/button_Content Mgmt' is visible

2020-03-19 14:34:49 - [TEST_STEP][PASSED] - click(findTestObject("ADMIN/Categories/Category List/button_Content Mgmt")): Object: 'Object Repository/ADMIN/Categories/Category List/button_Content Mgmt' is clicked on

2020-03-19 14:34:49 - [MESSAGE][PASSED] - Object: 'Object Repository/ADMIN/Categories/Category List/button_Content Mgmt' is clicked on

2020-03-19 14:34:49 - [TEST_STEP][PASSED] - waitForElementVisible(findTestObject("ADMIN/Categories/Category List/button_Categories"), 0): Object 'Object Repository/ADMIN/Categories/Category List/button_Categories' is visible

2020-03-19 14:34:49 - [MESSAGE][WARNING] - Timeout '0' is invalid. Using default page load timeout: '30'

2020-03-19 14:34:49 - [MESSAGE][PASSED] - Object 'Object Repository/ADMIN/Categories/Category List/button_Categories' is visible

2020-03-19 14:34:49 - [TEST_STEP][PASSED] - click(findTestObject("ADMIN/Categories/Category List/button_Categories")): Object: 'Object Repository/ADMIN/Categories/Category List/button_Categories' is clicked on

2020-03-19 14:34:50 - [MESSAGE][PASSED] - Object: 'Object Repository/ADMIN/Categories/Category List/button_Categories' is clicked on

2020-03-19 14:34:50 - [TEST_STEP][PASSED] - waitForPageLoad(0, STOP_ON_FAILURE): Wait for page load successfully

2020-03-19 14:34:50 - [MESSAGE][WARNING] - Timeout '0' is invalid. Using default page load timeout: '30'

2020-03-19 14:34:50 - [MESSAGE][PASSED] - Wait for page load successfully

2020-03-19 14:34:50 - [TEST_STEP][FAILED] - click(findTestObject("ADMIN/Categories/Category List/button_Add a Category")): Unable to click on object 'Object Repository/ADMIN/Categories/Category List/button_Add a Category' (Root cause: com.kms.katalon.core.exception.StepFailedException: Unable to click on object 'Object Repository/ADMIN/Categories/Category List/button_Add a Category'
	at com.kms.katalon.core.webui.keyword.internal.WebUIKeywordMain.stepFailed(WebUIKeywordMain.groovy:64)
	at com.kms.katalon.core.webui.keyword.internal.WebUIKeywordMain.runKeyword(WebUIKeywordMain.groovy:26)
	at com.kms.katalon.core.webui.keyword.builtin.ClickKeyword.click(ClickKeyword.groovy:76)
	at com.kms.katalon.core.webui.keyword.builtin.ClickKeyword.execute(ClickKeyword.groovy:43)
	at com.kms.katalon.core.keyword.internal.KeywordExecutor.executeKeywordForPlatform(KeywordExecutor.groovy:72)
	at com.kms.katalon.core.webui.keyword.WebUiBuiltInKeywords.click(WebUiBuiltInKeywords.groovy:616)
	at com.kms.katalon.core.webui.keyword.WebUiBuiltInKeywords$click$0.call(Unknown Source)
	at Add Category.run(Add Category:32)
	at com.kms.katalon.core.main.ScriptEngine.run(ScriptEngine.java:194)
	at com.kms.katalon.core.main.ScriptEngine.runScriptAsRawText(ScriptEngine.java:119)
	at com.kms.katalon.core.main.TestCaseExecutor.runScript(TestCaseExecutor.java:337)
	at com.kms.katalon.core.main.TestCaseExecutor.doExecute(TestCaseExecutor.java:328)
	at com.kms.katalon.core.main.TestCaseExecutor.processExecutionPhase(TestCaseExecutor.java:307)
	at com.kms.katalon.core.main.TestCaseExecutor.accessMainPhase(TestCaseExecutor.java:299)
	at com.kms.katalon.core.main.TestCaseExecutor.execute(TestCaseExecutor.java:233)
	at com.kms.katalon.core.main.TestSuiteExecutor.accessTestCaseMainPhase(TestSuiteExecutor.java:169)
	at com.kms.katalon.core.main.TestSuiteExecutor.accessTestSuiteMainPhase(TestSuiteExecutor.java:142)
	at com.kms.katalon.core.main.TestSuiteExecutor.execute(TestSuiteExecutor.java:91)
	at com.kms.katalon.core.main.TestCaseMain.startTestSuite(TestCaseMain.java:157)
	at com.kms.katalon.core.main.TestCaseMain$startTestSuite$0.call(Unknown Source)
	at TempTestSuite1584598607274.run(TempTestSuite1584598607274.groovy:36)
Caused by: com.kms.katalon.core.webui.exception.WebElementNotFoundException: Web element with id: 'Object Repository/ADMIN/Categories/Category List/button_Add a Category' located by 'By.xpath: //a[@class = 'blue-btn' and @href = 'javascript:void(0)' and @id = 'cat_add' and (text() = 'Add a Category ' or . = 'Add a Category ')]' not found
	at com.kms.katalon.core.webui.common.WebUiCommonHelper.findWebElement(WebUiCommonHelper.java:1154)
	at com.kms.katalon.core.webui.keyword.internal.WebUIAbstractKeyword.findWebElement(WebUIAbstractKeyword.groovy:27)
	at com.kms.katalon.core.webui.keyword.internal.WebUIAbstractKeyword.findWebElement(WebUIAbstractKeyword.groovy:26)
	at com.kms.katalon.core.webui.keyword.builtin.ClickKeyword$_click_closure1.doCall(ClickKeyword.groovy:67)
	at com.kms.katalon.core.webui.keyword.builtin.ClickKeyword$_click_closure1.call(ClickKeyword.groovy)
	at com.kms.katalon.core.webui.keyword.internal.WebUIKeywordMain.runKeyword(WebUIKeywordMain.groovy:20)
	at com.kms.katalon.core.webui.keyword.builtin.ClickKeyword.click(ClickKeyword.groovy:76)
	at com.kms.katalon.core.webui.keyword.builtin.ClickKeyword.execute(ClickKeyword.groovy:43)
	at com.kms.katalon.core.keyword.internal.KeywordExecutor.executeKeywordForPlatform(KeywordExecutor.groovy:72)
	at com.kms.katalon.core.webui.keyword.WebUiBuiltInKeywords.click(WebUiBuiltInKeywords.groovy:616)
	at com.kms.katalon.core.webui.keyword.WebUiBuiltInKeywords$click$0.call(Unknown Source)
	at Script1549506362832.run(Script1549506362832.groovy:32)
	... 13 more
)

2020-03-19 14:35:24 - [MESSAGE][INFO] - Unable to find the element located by 'By.xpath: //a[@class = 'blue-btn' and @href = 'javascript:void(0)' and @id = 'cat_add' and (text() = 'Add a Category ' or . = 'Add a Category ')]'. Please recheck the objects properties to make sure the desired element is located. 

2020-03-19 14:35:24 - [MESSAGE][FAILED] - Unable to click on object 'Object Repository/ADMIN/Categories/Category List/button_Add a Category' (Root cause: com.kms.katalon.core.exception.StepFailedException: Unable to click on object 'Object Repository/ADMIN/Categories/Category List/button_Add a Category'
	at com.kms.katalon.core.webui.keyword.internal.WebUIKeywordMain.stepFailed(WebUIKeywordMain.groovy:64)
	at com.kms.katalon.core.webui.keyword.internal.WebUIKeywordMain.runKeyword(WebUIKeywordMain.groovy:26)
	at com.kms.katalon.core.webui.keyword.builtin.ClickKeyword.click(ClickKeyword.groovy:76)
	at com.kms.katalon.core.webui.keyword.builtin.ClickKeyword.execute(ClickKeyword.groovy:43)
	at com.kms.katalon.core.keyword.internal.KeywordExecutor.executeKeywordForPlatform(KeywordExecutor.groovy:72)
	at com.kms.katalon.core.webui.keyword.WebUiBuiltInKeywords.click(WebUiBuiltInKeywords.groovy:616)
	at com.kms.katalon.core.webui.keyword.WebUiBuiltInKeywords$click$0.call(Unknown Source)
	at Add Category.run(Add Category:32)
	at com.kms.katalon.core.main.ScriptEngine.run(ScriptEngine.java:194)
	at com.kms.katalon.core.main.ScriptEngine.runScriptAsRawText(ScriptEngine.java:119)
	at com.kms.katalon.core.main.TestCaseExecutor.runScript(TestCaseExecutor.java:337)
	at com.kms.katalon.core.main.TestCaseExecutor.doExecute(TestCaseExecutor.java:328)
	at com.kms.katalon.core.main.TestCaseExecutor.processExecutionPhase(TestCaseExecutor.java:307)
	at com.kms.katalon.core.main.TestCaseExecutor.accessMainPhase(TestCaseExecutor.java:299)
	at com.kms.katalon.core.main.TestCaseExecutor.execute(TestCaseExecutor.java:233)
	at com.kms.katalon.core.main.TestSuiteExecutor.accessTestCaseMainPhase(TestSuiteExecutor.java:169)
	at com.kms.katalon.core.main.TestSuiteExecutor.accessTestSuiteMainPhase(TestSuiteExecutor.java:142)
	at com.kms.katalon.core.main.TestSuiteExecutor.execute(TestSuiteExecutor.java:91)
	at com.kms.katalon.core.main.TestCaseMain.startTestSuite(TestCaseMain.java:157)
	at com.kms.katalon.core.main.TestCaseMain$startTestSuite$0.call(Unknown Source)
	at TempTestSuite1584598607274.run(TempTestSuite1584598607274.groovy:36)
Caused by: com.kms.katalon.core.webui.exception.WebElementNotFoundException: Web element with id: 'Object Repository/ADMIN/Categories/Category List/button_Add a Category' located by 'By.xpath: //a[@class = 'blue-btn' and @href = 'javascript:void(0)' and @id = 'cat_add' and (text() = 'Add a Category ' or . = 'Add a Category ')]' not found
	at com.kms.katalon.core.webui.common.WebUiCommonHelper.findWebElement(WebUiCommonHelper.java:1154)
	at com.kms.katalon.core.webui.keyword.internal.WebUIAbstractKeyword.findWebElement(WebUIAbstractKeyword.groovy:27)
	at com.kms.katalon.core.webui.keyword.internal.WebUIAbstractKeyword.findWebElement(WebUIAbstractKeyword.groovy:26)
	at com.kms.katalon.core.webui.keyword.builtin.ClickKeyword$_click_closure1.doCall(ClickKeyword.groovy:67)
	at com.kms.katalon.core.webui.keyword.builtin.ClickKeyword$_click_closure1.call(ClickKeyword.groovy)
	at com.kms.katalon.core.webui.keyword.internal.WebUIKeywordMain.runKeyword(WebUIKeywordMain.groovy:20)
	at com.kms.katalon.core.webui.keyword.builtin.ClickKeyword.click(ClickKeyword.groovy:76)
	at com.kms.katalon.core.webui.keyword.builtin.ClickKeyword.execute(ClickKeyword.groovy:43)
	at com.kms.katalon.core.keyword.internal.KeywordExecutor.executeKeywordForPlatform(KeywordExecutor.groovy:72)
	at com.kms.katalon.core.webui.keyword.WebUiBuiltInKeywords.click(WebUiBuiltInKeywords.groovy:616)
	at com.kms.katalon.core.webui.keyword.WebUiBuiltInKeywords$click$0.call(Unknown Source)
	at Script1549506362832.run(Script1549506362832.groovy:32)
	... 13 more
)
[[ATTACHMENT|C:\\Katalon\\Arctick\\Reports\\20200319_141647\\Admin\\Admin Add Category\\20200319_141647\\1584599724448.png]]

2020-03-19 14:35:24 - [TEST_STEP][PASSED] - waitForElementPresent(findTestObject("ADMIN/Categories/Category/dropdown_Parent"), 2): Object 'Object Repository/ADMIN/Categories/Category/dropdown_Parent' is not present after 2 second(s)

2020-03-19 14:35:27 - [MESSAGE][INFO] - Unable to find the element located by 'By.xpath: //select[@id = 'categorydropdown-list' and @class = 'form-control']'. Please recheck the objects properties to make sure the desired element is located. 

2020-03-19 14:35:27 - [MESSAGE][WARNING] - Object 'Object Repository/ADMIN/Categories/Category/dropdown_Parent' is not present after 2 second(s)

2020-03-19 14:35:27 - [TEST_STEP][PASSED] - delay(1): Delayed 1 second(s)

2020-03-19 14:35:28 - [MESSAGE][PASSED] - Delayed 1 second(s)

2020-03-19 14:35:28 - [TEST_STEP][FAILED] - setText(findTestObject("ADMIN/Categories/Category/textfield_Category Name"), CategoryNametext): Unable to set text 'Category 15' of object 'Object Repository/ADMIN/Categories/Category/textfield_Category Name' (Root cause: com.kms.katalon.core.exception.StepFailedException: Unable to set text 'Category 15' of object 'Object Repository/ADMIN/Categories/Category/textfield_Category Name'
	at com.kms.katalon.core.webui.keyword.internal.WebUIKeywordMain.stepFailed(WebUIKeywordMain.groovy:64)
	at com.kms.katalon.core.webui.keyword.internal.WebUIKeywordMain.runKeyword(WebUIKeywordMain.groovy:26)
	at com.kms.katalon.core.webui.keyword.builtin.SetTextKeyword.setText(SetTextKeyword.groovy:66)
	at com.kms.katalon.core.webui.keyword.builtin.SetTextKeyword.execute(SetTextKeyword.groovy:37)
	at com.kms.katalon.core.keyword.internal.KeywordExecutor.executeKeywordForPlatform(KeywordExecutor.groovy:72)
	at com.kms.katalon.core.webui.keyword.WebUiBuiltInKeywords.setText(WebUiBuiltInKeywords.groovy:976)
	at com.kms.katalon.core.webui.keyword.WebUiBuiltInKeywords$setText$3.call(Unknown Source)
	at Add Category.run(Add Category:38)
	at com.kms.katalon.core.main.ScriptEngine.run(ScriptEngine.java:194)
	at com.kms.katalon.core.main.ScriptEngine.runScriptAsRawText(ScriptEngine.java:119)
	at com.kms.katalon.core.main.TestCaseExecutor.runScript(TestCaseExecutor.java:337)
	at com.kms.katalon.core.main.TestCaseExecutor.doExecute(TestCaseExecutor.java:328)
	at com.kms.katalon.core.main.TestCaseExecutor.processExecutionPhase(TestCaseExecutor.java:307)
	at com.kms.katalon.core.main.TestCaseExecutor.accessMainPhase(TestCaseExecutor.java:299)
	at com.kms.katalon.core.main.TestCaseExecutor.execute(TestCaseExecutor.java:233)
	at com.kms.katalon.core.main.TestSuiteExecutor.accessTestCaseMainPhase(TestSuiteExecutor.java:169)
	at com.kms.katalon.core.main.TestSuiteExecutor.accessTestSuiteMainPhase(TestSuiteExecutor.java:142)
	at com.kms.katalon.core.main.TestSuiteExecutor.execute(TestSuiteExecutor.java:91)
	at com.kms.katalon.core.main.TestCaseMain.startTestSuite(TestCaseMain.java:157)
	at com.kms.katalon.core.main.TestCaseMain$startTestSuite$0.call(Unknown Source)
	at TempTestSuite1584598607274.run(TempTestSuite1584598607274.groovy:36)
Caused by: com.kms.katalon.core.webui.exception.WebElementNotFoundException: Web element with id: 'Object Repository/ADMIN/Categories/Category/textfield_Category Name' located by 'By.xpath: //input[@type = 'text' and @id = 'categoryname' and @name = 'category_name' and @placeholder = 'Enter a Name for your Category']' not found
	at com.kms.katalon.core.webui.common.WebUiCommonHelper.findWebElement(WebUiCommonHelper.java:1154)
	at com.kms.katalon.core.webui.keyword.internal.WebUIAbstractKeyword.findWebElement(WebUIAbstractKeyword.groovy:27)
	at com.kms.katalon.core.webui.keyword.internal.WebUIAbstractKeyword.findWebElement(WebUIAbstractKeyword.groovy:26)
	at com.kms.katalon.core.webui.keyword.builtin.SetTextKeyword$_setText_closure1.doCall(SetTextKeyword.groovy:51)
	at com.kms.katalon.core.webui.keyword.builtin.SetTextKeyword$_setText_closure1.call(SetTextKeyword.groovy)
	at com.kms.katalon.core.webui.keyword.internal.WebUIKeywordMain.runKeyword(WebUIKeywordMain.groovy:20)
	at com.kms.katalon.core.webui.keyword.builtin.SetTextKeyword.setText(SetTextKeyword.groovy:66)
	at com.kms.katalon.core.webui.keyword.builtin.SetTextKeyword.execute(SetTextKeyword.groovy:37)
	at com.kms.katalon.core.keyword.internal.KeywordExecutor.executeKeywordForPlatform(KeywordExecutor.groovy:72)
	at com.kms.katalon.core.webui.keyword.WebUiBuiltInKeywords.setText(WebUiBuiltInKeywords.groovy:976)
	at com.kms.katalon.core.webui.keyword.WebUiBuiltInKeywords$setText$3.call(Unknown Source)
	at Script1549506362832.run(Script1549506362832.groovy:38)
	... 13 more
)

2020-03-19 14:36:01 - [MESSAGE][INFO] - Unable to find the element located by 'By.xpath: //input[@type = 'text' and @id = 'categoryname' and @name = 'category_name' and @placeholder = 'Enter a Name for your Category']'. Please recheck the objects properties to make sure the desired element is located. 

2020-03-19 14:36:01 - [MESSAGE][FAILED] - Unable to set text 'Category 15' of object 'Object Repository/ADMIN/Categories/Category/textfield_Category Name' (Root cause: com.kms.katalon.core.exception.StepFailedException: Unable to set text 'Category 15' of object 'Object Repository/ADMIN/Categories/Category/textfield_Category Name'
	at com.kms.katalon.core.webui.keyword.internal.WebUIKeywordMain.stepFailed(WebUIKeywordMain.groovy:64)
	at com.kms.katalon.core.webui.keyword.internal.WebUIKeywordMain.runKeyword(WebUIKeywordMain.groovy:26)
	at com.kms.katalon.core.webui.keyword.builtin.SetTextKeyword.setText(SetTextKeyword.groovy:66)
	at com.kms.katalon.core.webui.keyword.builtin.SetTextKeyword.execute(SetTextKeyword.groovy:37)
	at com.kms.katalon.core.keyword.internal.KeywordExecutor.executeKeywordForPlatform(KeywordExecutor.groovy:72)
	at com.kms.katalon.core.webui.keyword.WebUiBuiltInKeywords.setText(WebUiBuiltInKeywords.groovy:976)
	at com.kms.katalon.core.webui.keyword.WebUiBuiltInKeywords$setText$3.call(Unknown Source)
	at Add Category.run(Add Category:38)
	at com.kms.katalon.core.main.ScriptEngine.run(ScriptEngine.java:194)
	at com.kms.katalon.core.main.ScriptEngine.runScriptAsRawText(ScriptEngine.java:119)
	at com.kms.katalon.core.main.TestCaseExecutor.runScript(TestCaseExecutor.java:337)
	at com.kms.katalon.core.main.TestCaseExecutor.doExecute(TestCaseExecutor.java:328)
	at com.kms.katalon.core.main.TestCaseExecutor.processExecutionPhase(TestCaseExecutor.java:307)
	at com.kms.katalon.core.main.TestCaseExecutor.accessMainPhase(TestCaseExecutor.java:299)
	at com.kms.katalon.core.main.TestCaseExecutor.execute(TestCaseExecutor.java:233)
	at com.kms.katalon.core.main.TestSuiteExecutor.accessTestCaseMainPhase(TestSuiteExecutor.java:169)
	at com.kms.katalon.core.main.TestSuiteExecutor.accessTestSuiteMainPhase(TestSuiteExecutor.java:142)
	at com.kms.katalon.core.main.TestSuiteExecutor.execute(TestSuiteExecutor.java:91)
	at com.kms.katalon.core.main.TestCaseMain.startTestSuite(TestCaseMain.java:157)
	at com.kms.katalon.core.main.TestCaseMain$startTestSuite$0.call(Unknown Source)
	at TempTestSuite1584598607274.run(TempTestSuite1584598607274.groovy:36)
Caused by: com.kms.katalon.core.webui.exception.WebElementNotFoundException: Web element with id: 'Object Repository/ADMIN/Categories/Category/textfield_Category Name' located by 'By.xpath: //input[@type = 'text' and @id = 'categoryname' and @name = 'category_name' and @placeholder = 'Enter a Name for your Category']' not found
	at com.kms.katalon.core.webui.common.WebUiCommonHelper.findWebElement(WebUiCommonHelper.java:1154)
	at com.kms.katalon.core.webui.keyword.internal.WebUIAbstractKeyword.findWebElement(WebUIAbstractKeyword.groovy:27)
	at com.kms.katalon.core.webui.keyword.internal.WebUIAbstractKeyword.findWebElement(WebUIAbstractKeyword.groovy:26)
	at com.kms.katalon.core.webui.keyword.builtin.SetTextKeyword$_setText_closure1.doCall(SetTextKeyword.groovy:51)
	at com.kms.katalon.core.webui.keyword.builtin.SetTextKeyword$_setText_closure1.call(SetTextKeyword.groovy)
	at com.kms.katalon.core.webui.keyword.internal.WebUIKeywordMain.runKeyword(WebUIKeywordMain.groovy:20)
	at com.kms.katalon.core.webui.keyword.builtin.SetTextKeyword.setText(SetTextKeyword.groovy:66)
	at com.kms.katalon.core.webui.keyword.builtin.SetTextKeyword.execute(SetTextKeyword.groovy:37)
	at com.kms.katalon.core.keyword.internal.KeywordExecutor.executeKeywordForPlatform(KeywordExecutor.groovy:72)
	at com.kms.katalon.core.webui.keyword.WebUiBuiltInKeywords.setText(WebUiBuiltInKeywords.groovy:976)
	at com.kms.katalon.core.webui.keyword.WebUiBuiltInKeywords$setText$3.call(Unknown Source)
	at Script1549506362832.run(Script1549506362832.groovy:38)
	... 13 more
)
[[ATTACHMENT|C:\\Katalon\\Arctick\\Reports\\20200319_141647\\Admin\\Admin Add Category\\20200319_141647\\1584599761420.png]]

2020-03-19 14:36:01 - [TEST_STEP][FAILED] - click(findTestObject("ADMIN/Categories/Category/dropdown_Parent")): Unable to click on object 'Object Repository/ADMIN/Categories/Category/dropdown_Parent' (Root cause: com.kms.katalon.core.exception.StepFailedException: Unable to click on object 'Object Repository/ADMIN/Categories/Category/dropdown_Parent'
	at com.kms.katalon.core.webui.keyword.internal.WebUIKeywordMain.stepFailed(WebUIKeywordMain.groovy:64)
	at com.kms.katalon.core.webui.keyword.internal.WebUIKeywordMain.runKeyword(WebUIKeywordMain.groovy:26)
	at com.kms.katalon.core.webui.keyword.builtin.ClickKeyword.click(ClickKeyword.groovy:76)
	at com.kms.katalon.core.webui.keyword.builtin.ClickKeyword.execute(ClickKeyword.groovy:43)
	at com.kms.katalon.core.keyword.internal.KeywordExecutor.executeKeywordForPlatform(KeywordExecutor.groovy:72)
	at com.kms.katalon.core.webui.keyword.WebUiBuiltInKeywords.click(WebUiBuiltInKeywords.groovy:616)
	at com.kms.katalon.core.webui.keyword.WebUiBuiltInKeywords$click$0.call(Unknown Source)
	at Add Category.run(Add Category:40)
	at com.kms.katalon.core.main.ScriptEngine.run(ScriptEngine.java:194)
	at com.kms.katalon.core.main.ScriptEngine.runScriptAsRawText(ScriptEngine.java:119)
	at com.kms.katalon.core.main.TestCaseExecutor.runScript(TestCaseExecutor.java:337)
	at com.kms.katalon.core.main.TestCaseExecutor.doExecute(TestCaseExecutor.java:328)
	at com.kms.katalon.core.main.TestCaseExecutor.processExecutionPhase(TestCaseExecutor.java:307)
	at com.kms.katalon.core.main.TestCaseExecutor.accessMainPhase(TestCaseExecutor.java:299)
	at com.kms.katalon.core.main.TestCaseExecutor.execute(TestCaseExecutor.java:233)
	at com.kms.katalon.core.main.TestSuiteExecutor.accessTestCaseMainPhase(TestSuiteExecutor.java:169)
	at com.kms.katalon.core.main.TestSuiteExecutor.accessTestSuiteMainPhase(TestSuiteExecutor.java:142)
	at com.kms.katalon.core.main.TestSuiteExecutor.execute(TestSuiteExecutor.java:91)
	at com.kms.katalon.core.main.TestCaseMain.startTestSuite(TestCaseMain.java:157)
	at com.kms.katalon.core.main.TestCaseMain$startTestSuite$0.call(Unknown Source)
	at TempTestSuite1584598607274.run(TempTestSuite1584598607274.groovy:36)
Caused by: com.kms.katalon.core.webui.exception.WebElementNotFoundException: Web element with id: 'Object Repository/ADMIN/Categories/Category/dropdown_Parent' located by 'By.xpath: //select[@id = 'categorydropdown-list' and @class = 'form-control']' not found
	at com.kms.katalon.core.webui.common.WebUiCommonHelper.findWebElement(WebUiCommonHelper.java:1154)
	at com.kms.katalon.core.webui.keyword.internal.WebUIAbstractKeyword.findWebElement(WebUIAbstractKeyword.groovy:27)
	at com.kms.katalon.core.webui.keyword.internal.WebUIAbstractKeyword.findWebElement(WebUIAbstractKeyword.groovy:26)
	at com.kms.katalon.core.webui.keyword.builtin.ClickKeyword$_click_closure1.doCall(ClickKeyword.groovy:67)
	at com.kms.katalon.core.webui.keyword.builtin.ClickKeyword$_click_closure1.call(ClickKeyword.groovy)
	at com.kms.katalon.core.webui.keyword.internal.WebUIKeywordMain.runKeyword(WebUIKeywordMain.groovy:20)
	at com.kms.katalon.core.webui.keyword.builtin.ClickKeyword.click(ClickKeyword.groovy:76)
	at com.kms.katalon.core.webui.keyword.builtin.ClickKeyword.execute(ClickKeyword.groovy:43)
	at com.kms.katalon.core.keyword.internal.KeywordExecutor.executeKeywordForPlatform(KeywordExecutor.groovy:72)
	at com.kms.katalon.core.webui.keyword.WebUiBuiltInKeywords.click(WebUiBuiltInKeywords.groovy:616)
	at com.kms.katalon.core.webui.keyword.WebUiBuiltInKeywords$click$0.call(Unknown Source)
	at Script1549506362832.run(Script1549506362832.groovy:40)
	... 13 more
)

2020-03-19 14:36:34 - [MESSAGE][INFO] - Unable to find the element located by 'By.xpath: //select[@id = 'categorydropdown-list' and @class = 'form-control']'. Please recheck the objects properties to make sure the desired element is located. 

2020-03-19 14:36:35 - [MESSAGE][FAILED] - Unable to click on object 'Object Repository/ADMIN/Categories/Category/dropdown_Parent' (Root cause: com.kms.katalon.core.exception.StepFailedException: Unable to click on object 'Object Repository/ADMIN/Categories/Category/dropdown_Parent'
	at com.kms.katalon.core.webui.keyword.internal.WebUIKeywordMain.stepFailed(WebUIKeywordMain.groovy:64)
	at com.kms.katalon.core.webui.keyword.internal.WebUIKeywordMain.runKeyword(WebUIKeywordMain.groovy:26)
	at com.kms.katalon.core.webui.keyword.builtin.ClickKeyword.click(ClickKeyword.groovy:76)
	at com.kms.katalon.core.webui.keyword.builtin.ClickKeyword.execute(ClickKeyword.groovy:43)
	at com.kms.katalon.core.keyword.internal.KeywordExecutor.executeKeywordForPlatform(KeywordExecutor.groovy:72)
	at com.kms.katalon.core.webui.keyword.WebUiBuiltInKeywords.click(WebUiBuiltInKeywords.groovy:616)
	at com.kms.katalon.core.webui.keyword.WebUiBuiltInKeywords$click$0.call(Unknown Source)
	at Add Category.run(Add Category:40)
	at com.kms.katalon.core.main.ScriptEngine.run(ScriptEngine.java:194)
	at com.kms.katalon.core.main.ScriptEngine.runScriptAsRawText(ScriptEngine.java:119)
	at com.kms.katalon.core.main.TestCaseExecutor.runScript(TestCaseExecutor.java:337)
	at com.kms.katalon.core.main.TestCaseExecutor.doExecute(TestCaseExecutor.java:328)
	at com.kms.katalon.core.main.TestCaseExecutor.processExecutionPhase(TestCaseExecutor.java:307)
	at com.kms.katalon.core.main.TestCaseExecutor.accessMainPhase(TestCaseExecutor.java:299)
	at com.kms.katalon.core.main.TestCaseExecutor.execute(TestCaseExecutor.java:233)
	at com.kms.katalon.core.main.TestSuiteExecutor.accessTestCaseMainPhase(TestSuiteExecutor.java:169)
	at com.kms.katalon.core.main.TestSuiteExecutor.accessTestSuiteMainPhase(TestSuiteExecutor.java:142)
	at com.kms.katalon.core.main.TestSuiteExecutor.execute(TestSuiteExecutor.java:91)
	at com.kms.katalon.core.main.TestCaseMain.startTestSuite(TestCaseMain.java:157)
	at com.kms.katalon.core.main.TestCaseMain$startTestSuite$0.call(Unknown Source)
	at TempTestSuite1584598607274.run(TempTestSuite1584598607274.groovy:36)
Caused by: com.kms.katalon.core.webui.exception.WebElementNotFoundException: Web element with id: 'Object Repository/ADMIN/Categories/Category/dropdown_Parent' located by 'By.xpath: //select[@id = 'categorydropdown-list' and @class = 'form-control']' not found
	at com.kms.katalon.core.webui.common.WebUiCommonHelper.findWebElement(WebUiCommonHelper.java:1154)
	at com.kms.katalon.core.webui.keyword.internal.WebUIAbstractKeyword.findWebElement(WebUIAbstractKeyword.groovy:27)
	at com.kms.katalon.core.webui.keyword.internal.WebUIAbstractKeyword.findWebElement(WebUIAbstractKeyword.groovy:26)
	at com.kms.katalon.core.webui.keyword.builtin.ClickKeyword$_click_closure1.doCall(ClickKeyword.groovy:67)
	at com.kms.katalon.core.webui.keyword.builtin.ClickKeyword$_click_closure1.call(ClickKeyword.groovy)
	at com.kms.katalon.core.webui.keyword.internal.WebUIKeywordMain.runKeyword(WebUIKeywordMain.groovy:20)
	at com.kms.katalon.core.webui.keyword.builtin.ClickKeyword.click(ClickKeyword.groovy:76)
	at com.kms.katalon.core.webui.keyword.builtin.ClickKeyword.execute(ClickKeyword.groovy:43)
	at com.kms.katalon.core.keyword.internal.KeywordExecutor.executeKeywordForPlatform(KeywordExecutor.groovy:72)
	at com.kms.katalon.core.webui.keyword.WebUiBuiltInKeywords.click(WebUiBuiltInKeywords.groovy:616)
	at com.kms.katalon.core.webui.keyword.WebUiBuiltInKeywords$click$0.call(Unknown Source)
	at Script1549506362832.run(Script1549506362832.groovy:40)
	... 13 more
)
[[ATTACHMENT|C:\\Katalon\\Arctick\\Reports\\20200319_141647\\Admin\\Admin Add Category\\20200319_141647\\1584599794915.png]]

2020-03-19 14:36:35 - [TEST_STEP][PASSED] - delay(2): Delayed 2 second(s)

2020-03-19 14:36:37 - [MESSAGE][PASSED] - Delayed 2 second(s)

2020-03-19 14:36:37 - [TEST_STEP][FAILED] - click(findTestObject("ADMIN/Categories/Category/dropdown_Parent")): Unable to click on object 'Object Repository/ADMIN/Categories/Category/dropdown_Parent' (Root cause: com.kms.katalon.core.exception.StepFailedException: Unable to click on object 'Object Repository/ADMIN/Categories/Category/dropdown_Parent'
	at com.kms.katalon.core.webui.keyword.internal.WebUIKeywordMain.stepFailed(WebUIKeywordMain.groovy:64)
	at com.kms.katalon.core.webui.keyword.internal.WebUIKeywordMain.runKeyword(WebUIKeywordMain.groovy:26)
	at com.kms.katalon.core.webui.keyword.builtin.ClickKeyword.click(ClickKeyword.groovy:76)
	at com.kms.katalon.core.webui.keyword.builtin.ClickKeyword.execute(ClickKeyword.groovy:43)
	at com.kms.katalon.core.keyword.internal.KeywordExecutor.executeKeywordForPlatform(KeywordExecutor.groovy:72)
	at com.kms.katalon.core.webui.keyword.WebUiBuiltInKeywords.click(WebUiBuiltInKeywords.groovy:616)
	at com.kms.katalon.core.webui.keyword.WebUiBuiltInKeywords$click$0.call(Unknown Source)
	at Add Category.run(Add Category:44)
	at com.kms.katalon.core.main.ScriptEngine.run(ScriptEngine.java:194)
	at com.kms.katalon.core.main.ScriptEngine.runScriptAsRawText(ScriptEngine.java:119)
	at com.kms.katalon.core.main.TestCaseExecutor.runScript(TestCaseExecutor.java:337)
	at com.kms.katalon.core.main.TestCaseExecutor.doExecute(TestCaseExecutor.java:328)
	at com.kms.katalon.core.main.TestCaseExecutor.processExecutionPhase(TestCaseExecutor.java:307)
	at com.kms.katalon.core.main.TestCaseExecutor.accessMainPhase(TestCaseExecutor.java:299)
	at com.kms.katalon.core.main.TestCaseExecutor.execute(TestCaseExecutor.java:233)
	at com.kms.katalon.core.main.TestSuiteExecutor.accessTestCaseMainPhase(TestSuiteExecutor.java:169)
	at com.kms.katalon.core.main.TestSuiteExecutor.accessTestSuiteMainPhase(TestSuiteExecutor.java:142)
	at com.kms.katalon.core.main.TestSuiteExecutor.execute(TestSuiteExecutor.java:91)
	at com.kms.katalon.core.main.TestCaseMain.startTestSuite(TestCaseMain.java:157)
	at com.kms.katalon.core.main.TestCaseMain$startTestSuite$0.call(Unknown Source)
	at TempTestSuite1584598607274.run(TempTestSuite1584598607274.groovy:36)
Caused by: com.kms.katalon.core.webui.exception.WebElementNotFoundException: Web element with id: 'Object Repository/ADMIN/Categories/Category/dropdown_Parent' located by 'By.xpath: //select[@id = 'categorydropdown-list' and @class = 'form-control']' not found
	at com.kms.katalon.core.webui.common.WebUiCommonHelper.findWebElement(WebUiCommonHelper.java:1154)
	at com.kms.katalon.core.webui.keyword.internal.WebUIAbstractKeyword.findWebElement(WebUIAbstractKeyword.groovy:27)
	at com.kms.katalon.core.webui.keyword.internal.WebUIAbstractKeyword.findWebElement(WebUIAbstractKeyword.groovy:26)
	at com.kms.katalon.core.webui.keyword.builtin.ClickKeyword$_click_closure1.doCall(ClickKeyword.groovy:67)
	at com.kms.katalon.core.webui.keyword.builtin.ClickKeyword$_click_closure1.call(ClickKeyword.groovy)
	at com.kms.katalon.core.webui.keyword.internal.WebUIKeywordMain.runKeyword(WebUIKeywordMain.groovy:20)
	at com.kms.katalon.core.webui.keyword.builtin.ClickKeyword.click(ClickKeyword.groovy:76)
	at com.kms.katalon.core.webui.keyword.builtin.ClickKeyword.execute(ClickKeyword.groovy:43)
	at com.kms.katalon.core.keyword.internal.KeywordExecutor.executeKeywordForPlatform(KeywordExecutor.groovy:72)
	at com.kms.katalon.core.webui.keyword.WebUiBuiltInKeywords.click(WebUiBuiltInKeywords.groovy:616)
	at com.kms.katalon.core.webui.keyword.WebUiBuiltInKeywords$click$0.call(Unknown Source)
	at Script1549506362832.run(Script1549506362832.groovy:44)
	... 13 more
)

2020-03-19 14:37:09 - [MESSAGE][INFO] - Unable to find the element located by 'By.xpath: //select[@id = 'categorydropdown-list' and @class = 'form-control']'. Please recheck the objects properties to make sure the desired element is located. 

2020-03-19 14:37:10 - [MESSAGE][FAILED] - Unable to click on object 'Object Repository/ADMIN/Categories/Category/dropdown_Parent' (Root cause: com.kms.katalon.core.exception.StepFailedException: Unable to click on object 'Object Repository/ADMIN/Categories/Category/dropdown_Parent'
	at com.kms.katalon.core.webui.keyword.internal.WebUIKeywordMain.stepFailed(WebUIKeywordMain.groovy:64)
	at com.kms.katalon.core.webui.keyword.internal.WebUIKeywordMain.runKeyword(WebUIKeywordMain.groovy:26)
	at com.kms.katalon.core.webui.keyword.builtin.ClickKeyword.click(ClickKeyword.groovy:76)
	at com.kms.katalon.core.webui.keyword.builtin.ClickKeyword.execute(ClickKeyword.groovy:43)
	at com.kms.katalon.core.keyword.internal.KeywordExecutor.executeKeywordForPlatform(KeywordExecutor.groovy:72)
	at com.kms.katalon.core.webui.keyword.WebUiBuiltInKeywords.click(WebUiBuiltInKeywords.groovy:616)
	at com.kms.katalon.core.webui.keyword.WebUiBuiltInKeywords$click$0.call(Unknown Source)
	at Add Category.run(Add Category:44)
	at com.kms.katalon.core.main.ScriptEngine.run(ScriptEngine.java:194)
	at com.kms.katalon.core.main.ScriptEngine.runScriptAsRawText(ScriptEngine.java:119)
	at com.kms.katalon.core.main.TestCaseExecutor.runScript(TestCaseExecutor.java:337)
	at com.kms.katalon.core.main.TestCaseExecutor.doExecute(TestCaseExecutor.java:328)
	at com.kms.katalon.core.main.TestCaseExecutor.processExecutionPhase(TestCaseExecutor.java:307)
	at com.kms.katalon.core.main.TestCaseExecutor.accessMainPhase(TestCaseExecutor.java:299)
	at com.kms.katalon.core.main.TestCaseExecutor.execute(TestCaseExecutor.java:233)
	at com.kms.katalon.core.main.TestSuiteExecutor.accessTestCaseMainPhase(TestSuiteExecutor.java:169)
	at com.kms.katalon.core.main.TestSuiteExecutor.accessTestSuiteMainPhase(TestSuiteExecutor.java:142)
	at com.kms.katalon.core.main.TestSuiteExecutor.execute(TestSuiteExecutor.java:91)
	at com.kms.katalon.core.main.TestCaseMain.startTestSuite(TestCaseMain.java:157)
	at com.kms.katalon.core.main.TestCaseMain$startTestSuite$0.call(Unknown Source)
	at TempTestSuite1584598607274.run(TempTestSuite1584598607274.groovy:36)
Caused by: com.kms.katalon.core.webui.exception.WebElementNotFoundException: Web element with id: 'Object Repository/ADMIN/Categories/Category/dropdown_Parent' located by 'By.xpath: //select[@id = 'categorydropdown-list' and @class = 'form-control']' not found
	at com.kms.katalon.core.webui.common.WebUiCommonHelper.findWebElement(WebUiCommonHelper.java:1154)
	at com.kms.katalon.core.webui.keyword.internal.WebUIAbstractKeyword.findWebElement(WebUIAbstractKeyword.groovy:27)
	at com.kms.katalon.core.webui.keyword.internal.WebUIAbstractKeyword.findWebElement(WebUIAbstractKeyword.groovy:26)
	at com.kms.katalon.core.webui.keyword.builtin.ClickKeyword$_click_closure1.doCall(ClickKeyword.groovy:67)
	at com.kms.katalon.core.webui.keyword.builtin.ClickKeyword$_click_closure1.call(ClickKeyword.groovy)
	at com.kms.katalon.core.webui.keyword.internal.WebUIKeywordMain.runKeyword(WebUIKeywordMain.groovy:20)
	at com.kms.katalon.core.webui.keyword.builtin.ClickKeyword.click(ClickKeyword.groovy:76)
	at com.kms.katalon.core.webui.keyword.builtin.ClickKeyword.execute(ClickKeyword.groovy:43)
	at com.kms.katalon.core.keyword.internal.KeywordExecutor.executeKeywordForPlatform(KeywordExecutor.groovy:72)
	at com.kms.katalon.core.webui.keyword.WebUiBuiltInKeywords.click(WebUiBuiltInKeywords.groovy:616)
	at com.kms.katalon.core.webui.keyword.WebUiBuiltInKeywords$click$0.call(Unknown Source)
	at Script1549506362832.run(Script1549506362832.groovy:44)
	... 13 more
)
[[ATTACHMENT|C:\\Katalon\\Arctick\\Reports\\20200319_141647\\Admin\\Admin Add Category\\20200319_141647\\1584599829868.png]]

2020-03-19 14:37:10 - [TEST_STEP][PASSED] - selectOptionByLabel(findTestObject("ADMIN/Categories/Category/dropdown_Parent"), ParentName, false): All options with label '-' are selected in object 'Object Repository/ADMIN/Categories/Category/dropdown_Parent' 

2020-03-19 14:37:24 - [MESSAGE][PASSED] - All options with label '-' are selected in object 'Object Repository/ADMIN/Categories/Category/dropdown_Parent' 

2020-03-19 14:37:24 - [TEST_STEP][FAILED] - click(findTestObject("ADMIN/Categories/Category/button_Browse")): Unable to click on object 'Object Repository/ADMIN/Categories/Category/button_Browse' (Root cause: com.kms.katalon.core.exception.StepFailedException: Unable to click on object 'Object Repository/ADMIN/Categories/Category/button_Browse'
	at com.kms.katalon.core.webui.keyword.internal.WebUIKeywordMain.stepFailed(WebUIKeywordMain.groovy:64)
	at com.kms.katalon.core.webui.keyword.internal.WebUIKeywordMain.runKeyword(WebUIKeywordMain.groovy:26)
	at com.kms.katalon.core.webui.keyword.builtin.ClickKeyword.click(ClickKeyword.groovy:76)
	at com.kms.katalon.core.webui.keyword.builtin.ClickKeyword.execute(ClickKeyword.groovy:43)
	at com.kms.katalon.core.keyword.internal.KeywordExecutor.executeKeywordForPlatform(KeywordExecutor.groovy:72)
	at com.kms.katalon.core.webui.keyword.WebUiBuiltInKeywords.click(WebUiBuiltInKeywords.groovy:616)
	at com.kms.katalon.core.webui.keyword.WebUiBuiltInKeywords$click$0.call(Unknown Source)
	at Add Category.run(Add Category:48)
	at com.kms.katalon.core.main.ScriptEngine.run(ScriptEngine.java:194)
	at com.kms.katalon.core.main.ScriptEngine.runScriptAsRawText(ScriptEngine.java:119)
	at com.kms.katalon.core.main.TestCaseExecutor.runScript(TestCaseExecutor.java:337)
	at com.kms.katalon.core.main.TestCaseExecutor.doExecute(TestCaseExecutor.java:328)
	at com.kms.katalon.core.main.TestCaseExecutor.processExecutionPhase(TestCaseExecutor.java:307)
	at com.kms.katalon.core.main.TestCaseExecutor.accessMainPhase(TestCaseExecutor.java:299)
	at com.kms.katalon.core.main.TestCaseExecutor.execute(TestCaseExecutor.java:233)
	at com.kms.katalon.core.main.TestSuiteExecutor.accessTestCaseMainPhase(TestSuiteExecutor.java:169)
	at com.kms.katalon.core.main.TestSuiteExecutor.accessTestSuiteMainPhase(TestSuiteExecutor.java:142)
	at com.kms.katalon.core.main.TestSuiteExecutor.execute(TestSuiteExecutor.java:91)
	at com.kms.katalon.core.main.TestCaseMain.startTestSuite(TestCaseMain.java:157)
	at com.kms.katalon.core.main.TestCaseMain$startTestSuite$0.call(Unknown Source)
	at TempTestSuite1584598607274.run(TempTestSuite1584598607274.groovy:36)
Caused by: org.openqa.selenium.ElementNotInteractableException: element not interactable
  (Session info: chrome=80.0.3987.132)
Build info: version: '3.141.59', revision: 'e82be7d358', time: '2018-11-14T08:25:53'
System info: host: 'ARCADIER-03', ip: '192.168.254.105', os.name: 'Windows 7', os.arch: 'amd64', os.version: '6.1', java.version: '1.8.0_181'
Driver info: com.kms.katalon.core.webui.driver.ExistingRemoteWebDriver
Capabilities {javascriptEnabled: true, platform: ANY, platformName: ANY}
Session ID: 66da7635ded2d355388026ca8e7d8eff
	at org.openqa.selenium.remote.http.W3CHttpResponseCodec.createException(W3CHttpResponseCodec.java:187)
	at org.openqa.selenium.remote.http.W3CHttpResponseCodec.decode(W3CHttpResponseCodec.java:122)
	at org.openqa.selenium.remote.http.W3CHttpResponseCodec.decode(W3CHttpResponseCodec.java:49)
	at org.openqa.selenium.remote.HttpCommandExecutor.execute(HttpCommandExecutor.java:158)
	at org.openqa.selenium.remote.RemoteWebDriver.execute(RemoteWebDriver.java:552)
	at com.kms.katalon.core.webui.driver.ExistingRemoteWebDriver.execute(ExistingRemoteWebDriver.java:108)
	at org.openqa.selenium.remote.RemoteWebElement.execute(RemoteWebElement.java:285)
	at org.openqa.selenium.remote.RemoteWebElement.click(RemoteWebElement.java:84)
	at org.openqa.selenium.support.events.EventFiringWebDriver$EventFiringWebElement.lambda$new$0(EventFiringWebDriver.java:404)
	at com.sun.proxy.$Proxy9.click(Unknown Source)
	at org.openqa.selenium.support.events.EventFiringWebDriver$EventFiringWebElement.click(EventFiringWebDriver.java:417)
	at com.kms.katalon.core.webui.keyword.builtin.ClickKeyword$_click_closure1.doCall(ClickKeyword.groovy:69)
	at com.kms.katalon.core.webui.keyword.builtin.ClickKeyword$_click_closure1.call(ClickKeyword.groovy)
	at com.kms.katalon.core.webui.keyword.internal.WebUIKeywordMain.runKeyword(WebUIKeywordMain.groovy:20)
	at com.kms.katalon.core.webui.keyword.builtin.ClickKeyword.click(ClickKeyword.groovy:76)
	at com.kms.katalon.core.webui.keyword.builtin.ClickKeyword.execute(ClickKeyword.groovy:43)
	at com.kms.katalon.core.keyword.internal.KeywordExecutor.executeKeywordForPlatform(KeywordExecutor.groovy:72)
	at com.kms.katalon.core.webui.keyword.WebUiBuiltInKeywords.click(WebUiBuiltInKeywords.groovy:616)
	at com.kms.katalon.core.webui.keyword.WebUiBuiltInKeywords$click$0.call(Unknown Source)
	at Script1549506362832.run(Script1549506362832.groovy:48)
	... 13 more
)

2020-03-19 14:37:24 - [MESSAGE][FAILED] - Unable to click on object 'Object Repository/ADMIN/Categories/Category/button_Browse' (Root cause: com.kms.katalon.core.exception.StepFailedException: Unable to click on object 'Object Repository/ADMIN/Categories/Category/button_Browse'
	at com.kms.katalon.core.webui.keyword.internal.WebUIKeywordMain.stepFailed(WebUIKeywordMain.groovy:64)
	at com.kms.katalon.core.webui.keyword.internal.WebUIKeywordMain.runKeyword(WebUIKeywordMain.groovy:26)
	at com.kms.katalon.core.webui.keyword.builtin.ClickKeyword.click(ClickKeyword.groovy:76)
	at com.kms.katalon.core.webui.keyword.builtin.ClickKeyword.execute(ClickKeyword.groovy:43)
	at com.kms.katalon.core.keyword.internal.KeywordExecutor.executeKeywordForPlatform(KeywordExecutor.groovy:72)
	at com.kms.katalon.core.webui.keyword.WebUiBuiltInKeywords.click(WebUiBuiltInKeywords.groovy:616)
	at com.kms.katalon.core.webui.keyword.WebUiBuiltInKeywords$click$0.call(Unknown Source)
	at Add Category.run(Add Category:48)
	at com.kms.katalon.core.main.ScriptEngine.run(ScriptEngine.java:194)
	at com.kms.katalon.core.main.ScriptEngine.runScriptAsRawText(ScriptEngine.java:119)
	at com.kms.katalon.core.main.TestCaseExecutor.runScript(TestCaseExecutor.java:337)
	at com.kms.katalon.core.main.TestCaseExecutor.doExecute(TestCaseExecutor.java:328)
	at com.kms.katalon.core.main.TestCaseExecutor.processExecutionPhase(TestCaseExecutor.java:307)
	at com.kms.katalon.core.main.TestCaseExecutor.accessMainPhase(TestCaseExecutor.java:299)
	at com.kms.katalon.core.main.TestCaseExecutor.execute(TestCaseExecutor.java:233)
	at com.kms.katalon.core.main.TestSuiteExecutor.accessTestCaseMainPhase(TestSuiteExecutor.java:169)
	at com.kms.katalon.core.main.TestSuiteExecutor.accessTestSuiteMainPhase(TestSuiteExecutor.java:142)
	at com.kms.katalon.core.main.TestSuiteExecutor.execute(TestSuiteExecutor.java:91)
	at com.kms.katalon.core.main.TestCaseMain.startTestSuite(TestCaseMain.java:157)
	at com.kms.katalon.core.main.TestCaseMain$startTestSuite$0.call(Unknown Source)
	at TempTestSuite1584598607274.run(TempTestSuite1584598607274.groovy:36)
Caused by: org.openqa.selenium.ElementNotInteractableException: element not interactable
  (Session info: chrome=80.0.3987.132)
Build info: version: '3.141.59', revision: 'e82be7d358', time: '2018-11-14T08:25:53'
System info: host: 'ARCADIER-03', ip: '192.168.254.105', os.name: 'Windows 7', os.arch: 'amd64', os.version: '6.1', java.version: '1.8.0_181'
Driver info: com.kms.katalon.core.webui.driver.ExistingRemoteWebDriver
Capabilities {javascriptEnabled: true, platform: ANY, platformName: ANY}
Session ID: 66da7635ded2d355388026ca8e7d8eff
	at org.openqa.selenium.remote.http.W3CHttpResponseCodec.createException(W3CHttpResponseCodec.java:187)
	at org.openqa.selenium.remote.http.W3CHttpResponseCodec.decode(W3CHttpResponseCodec.java:122)
	at org.openqa.selenium.remote.http.W3CHttpResponseCodec.decode(W3CHttpResponseCodec.java:49)
	at org.openqa.selenium.remote.HttpCommandExecutor.execute(HttpCommandExecutor.java:158)
	at org.openqa.selenium.remote.RemoteWebDriver.execute(RemoteWebDriver.java:552)
	at com.kms.katalon.core.webui.driver.ExistingRemoteWebDriver.execute(ExistingRemoteWebDriver.java:108)
	at org.openqa.selenium.remote.RemoteWebElement.execute(RemoteWebElement.java:285)
	at org.openqa.selenium.remote.RemoteWebElement.click(RemoteWebElement.java:84)
	at org.openqa.selenium.support.events.EventFiringWebDriver$EventFiringWebElement.lambda$new$0(EventFiringWebDriver.java:404)
	at com.sun.proxy.$Proxy9.click(Unknown Source)
	at org.openqa.selenium.support.events.EventFiringWebDriver$EventFiringWebElement.click(EventFiringWebDriver.java:417)
	at com.kms.katalon.core.webui.keyword.builtin.ClickKeyword$_click_closure1.doCall(ClickKeyword.groovy:69)
	at com.kms.katalon.core.webui.keyword.builtin.ClickKeyword$_click_closure1.call(ClickKeyword.groovy)
	at com.kms.katalon.core.webui.keyword.internal.WebUIKeywordMain.runKeyword(WebUIKeywordMain.groovy:20)
	at com.kms.katalon.core.webui.keyword.builtin.ClickKeyword.click(ClickKeyword.groovy:76)
	at com.kms.katalon.core.webui.keyword.builtin.ClickKeyword.execute(ClickKeyword.groovy:43)
	at com.kms.katalon.core.keyword.internal.KeywordExecutor.executeKeywordForPlatform(KeywordExecutor.groovy:72)
	at com.kms.katalon.core.webui.keyword.WebUiBuiltInKeywords.click(WebUiBuiltInKeywords.groovy:616)
	at com.kms.katalon.core.webui.keyword.WebUiBuiltInKeywords$click$0.call(Unknown Source)
	at Script1549506362832.run(Script1549506362832.groovy:48)
	... 13 more
)
[[ATTACHMENT|C:\\Katalon\\Arctick\\Reports\\20200319_141647\\Admin\\Admin Add Category\\20200319_141647\\1584599844104.png]]

2020-03-19 14:37:24 - [TEST_STEP][PASSED] - delay(2): Delayed 2 second(s)

2020-03-19 14:37:26 - [MESSAGE][PASSED] - Delayed 2 second(s)

2020-03-19 14:37:26 - [TEST_STEP][PASSED] - uploadFile(findTestObject("ADMIN/Categories/Category/image_input image"), CategoryImageUpload): File 'C:\\Katalon\\Arctick\\Images\\Category\\15.png' sent to object: 'Object Repository/ADMIN/Categories/Category/image_input image'

2020-03-19 14:37:26 - [MESSAGE][PASSED] - File 'C:\\Katalon\\Arctick\\Images\\Category\\15.png' sent to object: 'Object Repository/ADMIN/Categories/Category/image_input image'

2020-03-19 14:37:26 - [TEST_STEP][PASSED] - waitForElementVisible(findTestObject("ADMIN/Categories/Category/button_upload check"), 0): Web element with id: 'Object Repository/ADMIN/Categories/Category/button_upload check' located by 'By.xpath: //div[@class = 'btn btn-success btn-ok' and @title = 'Ok']' not found

2020-03-19 14:37:26 - [MESSAGE][WARNING] - Timeout '0' is invalid. Using default page load timeout: '30'

2020-03-19 14:37:59 - [MESSAGE][INFO] - Unable to find the element located by 'By.xpath: //div[@class = 'btn btn-success btn-ok' and @title = 'Ok']'. Please recheck the objects properties to make sure the desired element is located. 

2020-03-19 14:37:59 - [MESSAGE][WARNING] - Web element with id: 'Object Repository/ADMIN/Categories/Category/button_upload check' located by 'By.xpath: //div[@class = 'btn btn-success btn-ok' and @title = 'Ok']' not found

2020-03-19 14:37:59 - [TEST_STEP][FAILED] - click(findTestObject("ADMIN/Categories/Category/button_upload check")): Unable to click on object 'Object Repository/ADMIN/Categories/Category/button_upload check' (Root cause: com.kms.katalon.core.exception.StepFailedException: Unable to click on object 'Object Repository/ADMIN/Categories/Category/button_upload check'
	at com.kms.katalon.core.webui.keyword.internal.WebUIKeywordMain.stepFailed(WebUIKeywordMain.groovy:64)
	at com.kms.katalon.core.webui.keyword.internal.WebUIKeywordMain.runKeyword(WebUIKeywordMain.groovy:26)
	at com.kms.katalon.core.webui.keyword.builtin.ClickKeyword.click(ClickKeyword.groovy:76)
	at com.kms.katalon.core.webui.keyword.builtin.ClickKeyword.execute(ClickKeyword.groovy:43)
	at com.kms.katalon.core.keyword.internal.KeywordExecutor.executeKeywordForPlatform(KeywordExecutor.groovy:72)
	at com.kms.katalon.core.webui.keyword.WebUiBuiltInKeywords.click(WebUiBuiltInKeywords.groovy:616)
	at com.kms.katalon.core.webui.keyword.WebUiBuiltInKeywords$click$0.call(Unknown Source)
	at Add Category.run(Add Category:56)
	at com.kms.katalon.core.main.ScriptEngine.run(ScriptEngine.java:194)
	at com.kms.katalon.core.main.ScriptEngine.runScriptAsRawText(ScriptEngine.java:119)
	at com.kms.katalon.core.main.TestCaseExecutor.runScript(TestCaseExecutor.java:337)
	at com.kms.katalon.core.main.TestCaseExecutor.doExecute(TestCaseExecutor.java:328)
	at com.kms.katalon.core.main.TestCaseExecutor.processExecutionPhase(TestCaseExecutor.java:307)
	at com.kms.katalon.core.main.TestCaseExecutor.accessMainPhase(TestCaseExecutor.java:299)
	at com.kms.katalon.core.main.TestCaseExecutor.execute(TestCaseExecutor.java:233)
	at com.kms.katalon.core.main.TestSuiteExecutor.accessTestCaseMainPhase(TestSuiteExecutor.java:169)
	at com.kms.katalon.core.main.TestSuiteExecutor.accessTestSuiteMainPhase(TestSuiteExecutor.java:142)
	at com.kms.katalon.core.main.TestSuiteExecutor.execute(TestSuiteExecutor.java:91)
	at com.kms.katalon.core.main.TestCaseMain.startTestSuite(TestCaseMain.java:157)
	at com.kms.katalon.core.main.TestCaseMain$startTestSuite$0.call(Unknown Source)
	at TempTestSuite1584598607274.run(TempTestSuite1584598607274.groovy:36)
Caused by: com.kms.katalon.core.webui.exception.WebElementNotFoundException: Web element with id: 'Object Repository/ADMIN/Categories/Category/button_upload check' located by 'By.xpath: //div[@class = 'btn btn-success btn-ok' and @title = 'Ok']' not found
	at com.kms.katalon.core.webui.common.WebUiCommonHelper.findWebElement(WebUiCommonHelper.java:1154)
	at com.kms.katalon.core.webui.keyword.internal.WebUIAbstractKeyword.findWebElement(WebUIAbstractKeyword.groovy:27)
	at com.kms.katalon.core.webui.keyword.internal.WebUIAbstractKeyword.findWebElement(WebUIAbstractKeyword.groovy:26)
	at com.kms.katalon.core.webui.keyword.builtin.ClickKeyword$_click_closure1.doCall(ClickKeyword.groovy:67)
	at com.kms.katalon.core.webui.keyword.builtin.ClickKeyword$_click_closure1.call(ClickKeyword.groovy)
	at com.kms.katalon.core.webui.keyword.internal.WebUIKeywordMain.runKeyword(WebUIKeywordMain.groovy:20)
	at com.kms.katalon.core.webui.keyword.builtin.ClickKeyword.click(ClickKeyword.groovy:76)
	at com.kms.katalon.core.webui.keyword.builtin.ClickKeyword.execute(ClickKeyword.groovy:43)
	at com.kms.katalon.core.keyword.internal.KeywordExecutor.executeKeywordForPlatform(KeywordExecutor.groovy:72)
	at com.kms.katalon.core.webui.keyword.WebUiBuiltInKeywords.click(WebUiBuiltInKeywords.groovy:616)
	at com.kms.katalon.core.webui.keyword.WebUiBuiltInKeywords$click$0.call(Unknown Source)
	at Script1549506362832.run(Script1549506362832.groovy:56)
	... 13 more
)

2020-03-19 14:38:33 - [MESSAGE][INFO] - Unable to find the element located by 'By.xpath: //div[@class = 'btn btn-success btn-ok' and @title = 'Ok']'. Please recheck the objects properties to make sure the desired element is located. 

2020-03-19 14:38:33 - [MESSAGE][FAILED] - Unable to click on object 'Object Repository/ADMIN/Categories/Category/button_upload check' (Root cause: com.kms.katalon.core.exception.StepFailedException: Unable to click on object 'Object Repository/ADMIN/Categories/Category/button_upload check'
	at com.kms.katalon.core.webui.keyword.internal.WebUIKeywordMain.stepFailed(WebUIKeywordMain.groovy:64)
	at com.kms.katalon.core.webui.keyword.internal.WebUIKeywordMain.runKeyword(WebUIKeywordMain.groovy:26)
	at com.kms.katalon.core.webui.keyword.builtin.ClickKeyword.click(ClickKeyword.groovy:76)
	at com.kms.katalon.core.webui.keyword.builtin.ClickKeyword.execute(ClickKeyword.groovy:43)
	at com.kms.katalon.core.keyword.internal.KeywordExecutor.executeKeywordForPlatform(KeywordExecutor.groovy:72)
	at com.kms.katalon.core.webui.keyword.WebUiBuiltInKeywords.click(WebUiBuiltInKeywords.groovy:616)
	at com.kms.katalon.core.webui.keyword.WebUiBuiltInKeywords$click$0.call(Unknown Source)
	at Add Category.run(Add Category:56)
	at com.kms.katalon.core.main.ScriptEngine.run(ScriptEngine.java:194)
	at com.kms.katalon.core.main.ScriptEngine.runScriptAsRawText(ScriptEngine.java:119)
	at com.kms.katalon.core.main.TestCaseExecutor.runScript(TestCaseExecutor.java:337)
	at com.kms.katalon.core.main.TestCaseExecutor.doExecute(TestCaseExecutor.java:328)
	at com.kms.katalon.core.main.TestCaseExecutor.processExecutionPhase(TestCaseExecutor.java:307)
	at com.kms.katalon.core.main.TestCaseExecutor.accessMainPhase(TestCaseExecutor.java:299)
	at com.kms.katalon.core.main.TestCaseExecutor.execute(TestCaseExecutor.java:233)
	at com.kms.katalon.core.main.TestSuiteExecutor.accessTestCaseMainPhase(TestSuiteExecutor.java:169)
	at com.kms.katalon.core.main.TestSuiteExecutor.accessTestSuiteMainPhase(TestSuiteExecutor.java:142)
	at com.kms.katalon.core.main.TestSuiteExecutor.execute(TestSuiteExecutor.java:91)
	at com.kms.katalon.core.main.TestCaseMain.startTestSuite(TestCaseMain.java:157)
	at com.kms.katalon.core.main.TestCaseMain$startTestSuite$0.call(Unknown Source)
	at TempTestSuite1584598607274.run(TempTestSuite1584598607274.groovy:36)
Caused by: com.kms.katalon.core.webui.exception.WebElementNotFoundException: Web element with id: 'Object Repository/ADMIN/Categories/Category/button_upload check' located by 'By.xpath: //div[@class = 'btn btn-success btn-ok' and @title = 'Ok']' not found
	at com.kms.katalon.core.webui.common.WebUiCommonHelper.findWebElement(WebUiCommonHelper.java:1154)
	at com.kms.katalon.core.webui.keyword.internal.WebUIAbstractKeyword.findWebElement(WebUIAbstractKeyword.groovy:27)
	at com.kms.katalon.core.webui.keyword.internal.WebUIAbstractKeyword.findWebElement(WebUIAbstractKeyword.groovy:26)
	at com.kms.katalon.core.webui.keyword.builtin.ClickKeyword$_click_closure1.doCall(ClickKeyword.groovy:67)
	at com.kms.katalon.core.webui.keyword.builtin.ClickKeyword$_click_closure1.call(ClickKeyword.groovy)
	at com.kms.katalon.core.webui.keyword.internal.WebUIKeywordMain.runKeyword(WebUIKeywordMain.groovy:20)
	at com.kms.katalon.core.webui.keyword.builtin.ClickKeyword.click(ClickKeyword.groovy:76)
	at com.kms.katalon.core.webui.keyword.builtin.ClickKeyword.execute(ClickKeyword.groovy:43)
	at com.kms.katalon.core.keyword.internal.KeywordExecutor.executeKeywordForPlatform(KeywordExecutor.groovy:72)
	at com.kms.katalon.core.webui.keyword.WebUiBuiltInKeywords.click(WebUiBuiltInKeywords.groovy:616)
	at com.kms.katalon.core.webui.keyword.WebUiBuiltInKeywords$click$0.call(Unknown Source)
	at Script1549506362832.run(Script1549506362832.groovy:56)
	... 13 more
)
[[ATTACHMENT|C:\\Katalon\\Arctick\\Reports\\20200319_141647\\Admin\\Admin Add Category\\20200319_141647\\1584599913161.png]]

2020-03-19 14:38:33 - [TEST_STEP][PASSED] - waitForElementVisible(findTestObject("ADMIN/Categories/Category/button_upload save"), 0): Web element with id: 'Object Repository/ADMIN/Categories/Category/button_upload save' located by 'By.xpath: //a[@class = 'btn btn-warning download' and (text() = ' Add Photo' or . = ' Add Photo')]' not found

2020-03-19 14:38:33 - [MESSAGE][WARNING] - Timeout '0' is invalid. Using default page load timeout: '30'

2020-03-19 14:39:06 - [MESSAGE][INFO] - Unable to find the element located by 'By.xpath: //a[@class = 'btn btn-warning download' and (text() = ' Add Photo' or . = ' Add Photo')]'. Please recheck the objects properties to make sure the desired element is located. 

2020-03-19 14:39:06 - [MESSAGE][WARNING] - Web element with id: 'Object Repository/ADMIN/Categories/Category/button_upload save' located by 'By.xpath: //a[@class = 'btn btn-warning download' and (text() = ' Add Photo' or . = ' Add Photo')]' not found

2020-03-19 14:39:06 - [TEST_STEP][FAILED] - click(findTestObject("ADMIN/Categories/Category/button_upload save")): Unable to click on object 'Object Repository/ADMIN/Categories/Category/button_upload save' (Root cause: com.kms.katalon.core.exception.StepFailedException: Unable to click on object 'Object Repository/ADMIN/Categories/Category/button_upload save'
	at com.kms.katalon.core.webui.keyword.internal.WebUIKeywordMain.stepFailed(WebUIKeywordMain.groovy:64)
	at com.kms.katalon.core.webui.keyword.internal.WebUIKeywordMain.runKeyword(WebUIKeywordMain.groovy:26)
	at com.kms.katalon.core.webui.keyword.builtin.ClickKeyword.click(ClickKeyword.groovy:76)
	at com.kms.katalon.core.webui.keyword.builtin.ClickKeyword.execute(ClickKeyword.groovy:43)
	at com.kms.katalon.core.keyword.internal.KeywordExecutor.executeKeywordForPlatform(KeywordExecutor.groovy:72)
	at com.kms.katalon.core.webui.keyword.WebUiBuiltInKeywords.click(WebUiBuiltInKeywords.groovy:616)
	at com.kms.katalon.core.webui.keyword.WebUiBuiltInKeywords$click$0.call(Unknown Source)
	at Add Category.run(Add Category:60)
	at com.kms.katalon.core.main.ScriptEngine.run(ScriptEngine.java:194)
	at com.kms.katalon.core.main.ScriptEngine.runScriptAsRawText(ScriptEngine.java:119)
	at com.kms.katalon.core.main.TestCaseExecutor.runScript(TestCaseExecutor.java:337)
	at com.kms.katalon.core.main.TestCaseExecutor.doExecute(TestCaseExecutor.java:328)
	at com.kms.katalon.core.main.TestCaseExecutor.processExecutionPhase(TestCaseExecutor.java:307)
	at com.kms.katalon.core.main.TestCaseExecutor.accessMainPhase(TestCaseExecutor.java:299)
	at com.kms.katalon.core.main.TestCaseExecutor.execute(TestCaseExecutor.java:233)
	at com.kms.katalon.core.main.TestSuiteExecutor.accessTestCaseMainPhase(TestSuiteExecutor.java:169)
	at com.kms.katalon.core.main.TestSuiteExecutor.accessTestSuiteMainPhase(TestSuiteExecutor.java:142)
	at com.kms.katalon.core.main.TestSuiteExecutor.execute(TestSuiteExecutor.java:91)
	at com.kms.katalon.core.main.TestCaseMain.startTestSuite(TestCaseMain.java:157)
	at com.kms.katalon.core.main.TestCaseMain$startTestSuite$0.call(Unknown Source)
	at TempTestSuite1584598607274.run(TempTestSuite1584598607274.groovy:36)
Caused by: com.kms.katalon.core.webui.exception.WebElementNotFoundException: Web element with id: 'Object Repository/ADMIN/Categories/Category/button_upload save' located by 'By.xpath: //a[@class = 'btn btn-warning download' and (text() = ' Add Photo' or . = ' Add Photo')]' not found
	at com.kms.katalon.core.webui.common.WebUiCommonHelper.findWebElement(WebUiCommonHelper.java:1154)
	at com.kms.katalon.core.webui.keyword.internal.WebUIAbstractKeyword.findWebElement(WebUIAbstractKeyword.groovy:27)
	at com.kms.katalon.core.webui.keyword.internal.WebUIAbstractKeyword.findWebElement(WebUIAbstractKeyword.groovy:26)
	at com.kms.katalon.core.webui.keyword.builtin.ClickKeyword$_click_closure1.doCall(ClickKeyword.groovy:67)
	at com.kms.katalon.core.webui.keyword.builtin.ClickKeyword$_click_closure1.call(ClickKeyword.groovy)
	at com.kms.katalon.core.webui.keyword.internal.WebUIKeywordMain.runKeyword(WebUIKeywordMain.groovy:20)
	at com.kms.katalon.core.webui.keyword.builtin.ClickKeyword.click(ClickKeyword.groovy:76)
	at com.kms.katalon.core.webui.keyword.builtin.ClickKeyword.execute(ClickKeyword.groovy:43)
	at com.kms.katalon.core.keyword.internal.KeywordExecutor.executeKeywordForPlatform(KeywordExecutor.groovy:72)
	at com.kms.katalon.core.webui.keyword.WebUiBuiltInKeywords.click(WebUiBuiltInKeywords.groovy:616)
	at com.kms.katalon.core.webui.keyword.WebUiBuiltInKeywords$click$0.call(Unknown Source)
	at Script1549506362832.run(Script1549506362832.groovy:60)
	... 13 more
)

2020-03-19 14:39:39 - [MESSAGE][INFO] - Unable to find the element located by 'By.xpath: //a[@class = 'btn btn-warning download' and (text() = ' Add Photo' or . = ' Add Photo')]'. Please recheck the objects properties to make sure the desired element is located. 

2020-03-19 14:39:39 - [MESSAGE][FAILED] - Unable to click on object 'Object Repository/ADMIN/Categories/Category/button_upload save' (Root cause: com.kms.katalon.core.exception.StepFailedException: Unable to click on object 'Object Repository/ADMIN/Categories/Category/button_upload save'
	at com.kms.katalon.core.webui.keyword.internal.WebUIKeywordMain.stepFailed(WebUIKeywordMain.groovy:64)
	at com.kms.katalon.core.webui.keyword.internal.WebUIKeywordMain.runKeyword(WebUIKeywordMain.groovy:26)
	at com.kms.katalon.core.webui.keyword.builtin.ClickKeyword.click(ClickKeyword.groovy:76)
	at com.kms.katalon.core.webui.keyword.builtin.ClickKeyword.execute(ClickKeyword.groovy:43)
	at com.kms.katalon.core.keyword.internal.KeywordExecutor.executeKeywordForPlatform(KeywordExecutor.groovy:72)
	at com.kms.katalon.core.webui.keyword.WebUiBuiltInKeywords.click(WebUiBuiltInKeywords.groovy:616)
	at com.kms.katalon.core.webui.keyword.WebUiBuiltInKeywords$click$0.call(Unknown Source)
	at Add Category.run(Add Category:60)
	at com.kms.katalon.core.main.ScriptEngine.run(ScriptEngine.java:194)
	at com.kms.katalon.core.main.ScriptEngine.runScriptAsRawText(ScriptEngine.java:119)
	at com.kms.katalon.core.main.TestCaseExecutor.runScript(TestCaseExecutor.java:337)
	at com.kms.katalon.core.main.TestCaseExecutor.doExecute(TestCaseExecutor.java:328)
	at com.kms.katalon.core.main.TestCaseExecutor.processExecutionPhase(TestCaseExecutor.java:307)
	at com.kms.katalon.core.main.TestCaseExecutor.accessMainPhase(TestCaseExecutor.java:299)
	at com.kms.katalon.core.main.TestCaseExecutor.execute(TestCaseExecutor.java:233)
	at com.kms.katalon.core.main.TestSuiteExecutor.accessTestCaseMainPhase(TestSuiteExecutor.java:169)
	at com.kms.katalon.core.main.TestSuiteExecutor.accessTestSuiteMainPhase(TestSuiteExecutor.java:142)
	at com.kms.katalon.core.main.TestSuiteExecutor.execute(TestSuiteExecutor.java:91)
	at com.kms.katalon.core.main.TestCaseMain.startTestSuite(TestCaseMain.java:157)
	at com.kms.katalon.core.main.TestCaseMain$startTestSuite$0.call(Unknown Source)
	at TempTestSuite1584598607274.run(TempTestSuite1584598607274.groovy:36)
Caused by: com.kms.katalon.core.webui.exception.WebElementNotFoundException: Web element with id: 'Object Repository/ADMIN/Categories/Category/button_upload save' located by 'By.xpath: //a[@class = 'btn btn-warning download' and (text() = ' Add Photo' or . = ' Add Photo')]' not found
	at com.kms.katalon.core.webui.common.WebUiCommonHelper.findWebElement(WebUiCommonHelper.java:1154)
	at com.kms.katalon.core.webui.keyword.internal.WebUIAbstractKeyword.findWebElement(WebUIAbstractKeyword.groovy:27)
	at com.kms.katalon.core.webui.keyword.internal.WebUIAbstractKeyword.findWebElement(WebUIAbstractKeyword.groovy:26)
	at com.kms.katalon.core.webui.keyword.builtin.ClickKeyword$_click_closure1.doCall(ClickKeyword.groovy:67)
	at com.kms.katalon.core.webui.keyword.builtin.ClickKeyword$_click_closure1.call(ClickKeyword.groovy)
	at com.kms.katalon.core.webui.keyword.internal.WebUIKeywordMain.runKeyword(WebUIKeywordMain.groovy:20)
	at com.kms.katalon.core.webui.keyword.builtin.ClickKeyword.click(ClickKeyword.groovy:76)
	at com.kms.katalon.core.webui.keyword.builtin.ClickKeyword.execute(ClickKeyword.groovy:43)
	at com.kms.katalon.core.keyword.internal.KeywordExecutor.executeKeywordForPlatform(KeywordExecutor.groovy:72)
	at com.kms.katalon.core.webui.keyword.WebUiBuiltInKeywords.click(WebUiBuiltInKeywords.groovy:616)
	at com.kms.katalon.core.webui.keyword.WebUiBuiltInKeywords$click$0.call(Unknown Source)
	at Script1549506362832.run(Script1549506362832.groovy:60)
	... 13 more
)
[[ATTACHMENT|C:\\Katalon\\Arctick\\Reports\\20200319_141647\\Admin\\Admin Add Category\\20200319_141647\\1584599979586.png]]

2020-03-19 14:39:39 - [TEST_STEP][FAILED] - setText(findTestObject("ADMIN/Categories/Category/textfield_category_description"), Description): Unable to set text 'Description71' of object 'Object Repository/ADMIN/Categories/Category/textfield_category_description' (Root cause: com.kms.katalon.core.exception.StepFailedException: Unable to set text 'Description71' of object 'Object Repository/ADMIN/Categories/Category/textfield_category_description'
	at com.kms.katalon.core.webui.keyword.internal.WebUIKeywordMain.stepFailed(WebUIKeywordMain.groovy:64)
	at com.kms.katalon.core.webui.keyword.internal.WebUIKeywordMain.runKeyword(WebUIKeywordMain.groovy:26)
	at com.kms.katalon.core.webui.keyword.builtin.SetTextKeyword.setText(SetTextKeyword.groovy:66)
	at com.kms.katalon.core.webui.keyword.builtin.SetTextKeyword.execute(SetTextKeyword.groovy:37)
	at com.kms.katalon.core.keyword.internal.KeywordExecutor.executeKeywordForPlatform(KeywordExecutor.groovy:72)
	at com.kms.katalon.core.webui.keyword.WebUiBuiltInKeywords.setText(WebUiBuiltInKeywords.groovy:976)
	at com.kms.katalon.core.webui.keyword.WebUiBuiltInKeywords$setText$3.call(Unknown Source)
	at Add Category.run(Add Category:62)
	at com.kms.katalon.core.main.ScriptEngine.run(ScriptEngine.java:194)
	at com.kms.katalon.core.main.ScriptEngine.runScriptAsRawText(ScriptEngine.java:119)
	at com.kms.katalon.core.main.TestCaseExecutor.runScript(TestCaseExecutor.java:337)
	at com.kms.katalon.core.main.TestCaseExecutor.doExecute(TestCaseExecutor.java:328)
	at com.kms.katalon.core.main.TestCaseExecutor.processExecutionPhase(TestCaseExecutor.java:307)
	at com.kms.katalon.core.main.TestCaseExecutor.accessMainPhase(TestCaseExecutor.java:299)
	at com.kms.katalon.core.main.TestCaseExecutor.execute(TestCaseExecutor.java:233)
	at com.kms.katalon.core.main.TestSuiteExecutor.accessTestCaseMainPhase(TestSuiteExecutor.java:169)
	at com.kms.katalon.core.main.TestSuiteExecutor.accessTestSuiteMainPhase(TestSuiteExecutor.java:142)
	at com.kms.katalon.core.main.TestSuiteExecutor.execute(TestSuiteExecutor.java:91)
	at com.kms.katalon.core.main.TestCaseMain.startTestSuite(TestCaseMain.java:157)
	at com.kms.katalon.core.main.TestCaseMain$startTestSuite$0.call(Unknown Source)
	at TempTestSuite1584598607274.run(TempTestSuite1584598607274.groovy:36)
Caused by: org.openqa.selenium.ElementNotInteractableException: element not interactable
  (Session info: chrome=80.0.3987.132)
Build info: version: '3.141.59', revision: 'e82be7d358', time: '2018-11-14T08:25:53'
System info: host: 'ARCADIER-03', ip: '192.168.254.105', os.name: 'Windows 7', os.arch: 'amd64', os.version: '6.1', java.version: '1.8.0_181'
Driver info: com.kms.katalon.core.webui.driver.ExistingRemoteWebDriver
Capabilities {javascriptEnabled: true, platform: ANY, platformName: ANY}
Session ID: 66da7635ded2d355388026ca8e7d8eff
	at org.openqa.selenium.remote.http.W3CHttpResponseCodec.createException(W3CHttpResponseCodec.java:187)
	at org.openqa.selenium.remote.http.W3CHttpResponseCodec.decode(W3CHttpResponseCodec.java:122)
	at org.openqa.selenium.remote.http.W3CHttpResponseCodec.decode(W3CHttpResponseCodec.java:49)
	at org.openqa.selenium.remote.HttpCommandExecutor.execute(HttpCommandExecutor.java:158)
	at org.openqa.selenium.remote.RemoteWebDriver.execute(RemoteWebDriver.java:552)
	at com.kms.katalon.core.webui.driver.ExistingRemoteWebDriver.execute(ExistingRemoteWebDriver.java:108)
	at org.openqa.selenium.remote.RemoteWebElement.execute(RemoteWebElement.java:285)
	at org.openqa.selenium.remote.RemoteWebElement.clear(RemoteWebElement.java:124)
	at org.openqa.selenium.support.events.EventFiringWebDriver$EventFiringWebElement.lambda$new$0(EventFiringWebDriver.java:404)
	at com.sun.proxy.$Proxy9.clear(Unknown Source)
	at org.openqa.selenium.support.events.EventFiringWebDriver$EventFiringWebElement.clear(EventFiringWebDriver.java:436)
	at com.kms.katalon.core.webui.keyword.builtin.SetTextKeyword$_setText_closure1.doCall(SetTextKeyword.groovy:53)
	at com.kms.katalon.core.webui.keyword.builtin.SetTextKeyword$_setText_closure1.call(SetTextKeyword.groovy)
	at com.kms.katalon.core.webui.keyword.internal.WebUIKeywordMain.runKeyword(WebUIKeywordMain.groovy:20)
	at com.kms.katalon.core.webui.keyword.builtin.SetTextKeyword.setText(SetTextKeyword.groovy:66)
	at com.kms.katalon.core.webui.keyword.builtin.SetTextKeyword.execute(SetTextKeyword.groovy:37)
	at com.kms.katalon.core.keyword.internal.KeywordExecutor.executeKeywordForPlatform(KeywordExecutor.groovy:72)
	at com.kms.katalon.core.webui.keyword.WebUiBuiltInKeywords.setText(WebUiBuiltInKeywords.groovy:976)
	at com.kms.katalon.core.webui.keyword.WebUiBuiltInKeywords$setText$3.call(Unknown Source)
	at Script1549506362832.run(Script1549506362832.groovy:62)
	... 13 more
)

2020-03-19 14:39:40 - [MESSAGE][FAILED] - Unable to set text 'Description71' of object 'Object Repository/ADMIN/Categories/Category/textfield_category_description' (Root cause: com.kms.katalon.core.exception.StepFailedException: Unable to set text 'Description71' of object 'Object Repository/ADMIN/Categories/Category/textfield_category_description'
	at com.kms.katalon.core.webui.keyword.internal.WebUIKeywordMain.stepFailed(WebUIKeywordMain.groovy:64)
	at com.kms.katalon.core.webui.keyword.internal.WebUIKeywordMain.runKeyword(WebUIKeywordMain.groovy:26)
	at com.kms.katalon.core.webui.keyword.builtin.SetTextKeyword.setText(SetTextKeyword.groovy:66)
	at com.kms.katalon.core.webui.keyword.builtin.SetTextKeyword.execute(SetTextKeyword.groovy:37)
	at com.kms.katalon.core.keyword.internal.KeywordExecutor.executeKeywordForPlatform(KeywordExecutor.groovy:72)
	at com.kms.katalon.core.webui.keyword.WebUiBuiltInKeywords.setText(WebUiBuiltInKeywords.groovy:976)
	at com.kms.katalon.core.webui.keyword.WebUiBuiltInKeywords$setText$3.call(Unknown Source)
	at Add Category.run(Add Category:62)
	at com.kms.katalon.core.main.ScriptEngine.run(ScriptEngine.java:194)
	at com.kms.katalon.core.main.ScriptEngine.runScriptAsRawText(ScriptEngine.java:119)
	at com.kms.katalon.core.main.TestCaseExecutor.runScript(TestCaseExecutor.java:337)
	at com.kms.katalon.core.main.TestCaseExecutor.doExecute(TestCaseExecutor.java:328)
	at com.kms.katalon.core.main.TestCaseExecutor.processExecutionPhase(TestCaseExecutor.java:307)
	at com.kms.katalon.core.main.TestCaseExecutor.accessMainPhase(TestCaseExecutor.java:299)
	at com.kms.katalon.core.main.TestCaseExecutor.execute(TestCaseExecutor.java:233)
	at com.kms.katalon.core.main.TestSuiteExecutor.accessTestCaseMainPhase(TestSuiteExecutor.java:169)
	at com.kms.katalon.core.main.TestSuiteExecutor.accessTestSuiteMainPhase(TestSuiteExecutor.java:142)
	at com.kms.katalon.core.main.TestSuiteExecutor.execute(TestSuiteExecutor.java:91)
	at com.kms.katalon.core.main.TestCaseMain.startTestSuite(TestCaseMain.java:157)
	at com.kms.katalon.core.main.TestCaseMain$startTestSuite$0.call(Unknown Source)
	at TempTestSuite1584598607274.run(TempTestSuite1584598607274.groovy:36)
Caused by: org.openqa.selenium.ElementNotInteractableException: element not interactable
  (Session info: chrome=80.0.3987.132)
Build info: version: '3.141.59', revision: 'e82be7d358', time: '2018-11-14T08:25:53'
System info: host: 'ARCADIER-03', ip: '192.168.254.105', os.name: 'Windows 7', os.arch: 'amd64', os.version: '6.1', java.version: '1.8.0_181'
Driver info: com.kms.katalon.core.webui.driver.ExistingRemoteWebDriver
Capabilities {javascriptEnabled: true, platform: ANY, platformName: ANY}
Session ID: 66da7635ded2d355388026ca8e7d8eff
	at org.openqa.selenium.remote.http.W3CHttpResponseCodec.createException(W3CHttpResponseCodec.java:187)
	at org.openqa.selenium.remote.http.W3CHttpResponseCodec.decode(W3CHttpResponseCodec.java:122)
	at org.openqa.selenium.remote.http.W3CHttpResponseCodec.decode(W3CHttpResponseCodec.java:49)
	at org.openqa.selenium.remote.HttpCommandExecutor.execute(HttpCommandExecutor.java:158)
	at org.openqa.selenium.remote.RemoteWebDriver.execute(RemoteWebDriver.java:552)
	at com.kms.katalon.core.webui.driver.ExistingRemoteWebDriver.execute(ExistingRemoteWebDriver.java:108)
	at org.openqa.selenium.remote.RemoteWebElement.execute(RemoteWebElement.java:285)
	at org.openqa.selenium.remote.RemoteWebElement.clear(RemoteWebElement.java:124)
	at org.openqa.selenium.support.events.EventFiringWebDriver$EventFiringWebElement.lambda$new$0(EventFiringWebDriver.java:404)
	at com.sun.proxy.$Proxy9.clear(Unknown Source)
	at org.openqa.selenium.support.events.EventFiringWebDriver$EventFiringWebElement.clear(EventFiringWebDriver.java:436)
	at com.kms.katalon.core.webui.keyword.builtin.SetTextKeyword$_setText_closure1.doCall(SetTextKeyword.groovy:53)
	at com.kms.katalon.core.webui.keyword.builtin.SetTextKeyword$_setText_closure1.call(SetTextKeyword.groovy)
	at com.kms.katalon.core.webui.keyword.internal.WebUIKeywordMain.runKeyword(WebUIKeywordMain.groovy:20)
	at com.kms.katalon.core.webui.keyword.builtin.SetTextKeyword.setText(SetTextKeyword.groovy:66)
	at com.kms.katalon.core.webui.keyword.builtin.SetTextKeyword.execute(SetTextKeyword.groovy:37)
	at com.kms.katalon.core.keyword.internal.KeywordExecutor.executeKeywordForPlatform(KeywordExecutor.groovy:72)
	at com.kms.katalon.core.webui.keyword.WebUiBuiltInKeywords.setText(WebUiBuiltInKeywords.groovy:976)
	at com.kms.katalon.core.webui.keyword.WebUiBuiltInKeywords$setText$3.call(Unknown Source)
	at Script1549506362832.run(Script1549506362832.groovy:62)
	... 13 more
)
[[ATTACHMENT|C:\\Katalon\\Arctick\\Reports\\20200319_141647\\Admin\\Admin Add Category\\20200319_141647\\1584599980014.png]]

2020-03-19 14:39:40 - [TEST_STEP][FAILED] - click(findTestObject("ADMIN/Categories/Category/button_Save")): Unable to click on object 'Object Repository/ADMIN/Categories/Category/button_Save' (Root cause: com.kms.katalon.core.exception.StepFailedException: Unable to click on object 'Object Repository/ADMIN/Categories/Category/button_Save'
	at com.kms.katalon.core.webui.keyword.internal.WebUIKeywordMain.stepFailed(WebUIKeywordMain.groovy:64)
	at com.kms.katalon.core.webui.keyword.internal.WebUIKeywordMain.runKeyword(WebUIKeywordMain.groovy:26)
	at com.kms.katalon.core.webui.keyword.builtin.ClickKeyword.click(ClickKeyword.groovy:76)
	at com.kms.katalon.core.webui.keyword.builtin.ClickKeyword.execute(ClickKeyword.groovy:43)
	at com.kms.katalon.core.keyword.internal.KeywordExecutor.executeKeywordForPlatform(KeywordExecutor.groovy:72)
	at com.kms.katalon.core.webui.keyword.WebUiBuiltInKeywords.click(WebUiBuiltInKeywords.groovy:616)
	at com.kms.katalon.core.webui.keyword.WebUiBuiltInKeywords$click$0.call(Unknown Source)
	at Add Category.run(Add Category:64)
	at com.kms.katalon.core.main.ScriptEngine.run(ScriptEngine.java:194)
	at com.kms.katalon.core.main.ScriptEngine.runScriptAsRawText(ScriptEngine.java:119)
	at com.kms.katalon.core.main.TestCaseExecutor.runScript(TestCaseExecutor.java:337)
	at com.kms.katalon.core.main.TestCaseExecutor.doExecute(TestCaseExecutor.java:328)
	at com.kms.katalon.core.main.TestCaseExecutor.processExecutionPhase(TestCaseExecutor.java:307)
	at com.kms.katalon.core.main.TestCaseExecutor.accessMainPhase(TestCaseExecutor.java:299)
	at com.kms.katalon.core.main.TestCaseExecutor.execute(TestCaseExecutor.java:233)
	at com.kms.katalon.core.main.TestSuiteExecutor.accessTestCaseMainPhase(TestSuiteExecutor.java:169)
	at com.kms.katalon.core.main.TestSuiteExecutor.accessTestSuiteMainPhase(TestSuiteExecutor.java:142)
	at com.kms.katalon.core.main.TestSuiteExecutor.execute(TestSuiteExecutor.java:91)
	at com.kms.katalon.core.main.TestCaseMain.startTestSuite(TestCaseMain.java:157)
	at com.kms.katalon.core.main.TestCaseMain$startTestSuite$0.call(Unknown Source)
	at TempTestSuite1584598607274.run(TempTestSuite1584598607274.groovy:36)
Caused by: org.openqa.selenium.ElementNotInteractableException: element not interactable
  (Session info: chrome=80.0.3987.132)
Build info: version: '3.141.59', revision: 'e82be7d358', time: '2018-11-14T08:25:53'
System info: host: 'ARCADIER-03', ip: '192.168.254.105', os.name: 'Windows 7', os.arch: 'amd64', os.version: '6.1', java.version: '1.8.0_181'
Driver info: com.kms.katalon.core.webui.driver.ExistingRemoteWebDriver
Capabilities {javascriptEnabled: true, platform: ANY, platformName: ANY}
Session ID: 66da7635ded2d355388026ca8e7d8eff
	at org.openqa.selenium.remote.http.W3CHttpResponseCodec.createException(W3CHttpResponseCodec.java:187)
	at org.openqa.selenium.remote.http.W3CHttpResponseCodec.decode(W3CHttpResponseCodec.java:122)
	at org.openqa.selenium.remote.http.W3CHttpResponseCodec.decode(W3CHttpResponseCodec.java:49)
	at org.openqa.selenium.remote.HttpCommandExecutor.execute(HttpCommandExecutor.java:158)
	at org.openqa.selenium.remote.RemoteWebDriver.execute(RemoteWebDriver.java:552)
	at com.kms.katalon.core.webui.driver.ExistingRemoteWebDriver.execute(ExistingRemoteWebDriver.java:108)
	at org.openqa.selenium.remote.RemoteWebElement.execute(RemoteWebElement.java:285)
	at org.openqa.selenium.remote.RemoteWebElement.click(RemoteWebElement.java:84)
	at org.openqa.selenium.support.events.EventFiringWebDriver$EventFiringWebElement.lambda$new$0(EventFiringWebDriver.java:404)
	at com.sun.proxy.$Proxy9.click(Unknown Source)
	at org.openqa.selenium.support.events.EventFiringWebDriver$EventFiringWebElement.click(EventFiringWebDriver.java:417)
	at com.kms.katalon.core.webui.keyword.builtin.ClickKeyword$_click_closure1.doCall(ClickKeyword.groovy:69)
	at com.kms.katalon.core.webui.keyword.builtin.ClickKeyword$_click_closure1.call(ClickKeyword.groovy)
	at com.kms.katalon.core.webui.keyword.internal.WebUIKeywordMain.runKeyword(WebUIKeywordMain.groovy:20)
	at com.kms.katalon.core.webui.keyword.builtin.ClickKeyword.click(ClickKeyword.groovy:76)
	at com.kms.katalon.core.webui.keyword.builtin.ClickKeyword.execute(ClickKeyword.groovy:43)
	at com.kms.katalon.core.keyword.internal.KeywordExecutor.executeKeywordForPlatform(KeywordExecutor.groovy:72)
	at com.kms.katalon.core.webui.keyword.WebUiBuiltInKeywords.click(WebUiBuiltInKeywords.groovy:616)
	at com.kms.katalon.core.webui.keyword.WebUiBuiltInKeywords$click$0.call(Unknown Source)
	at Script1549506362832.run(Script1549506362832.groovy:64)
	... 13 more
)

2020-03-19 14:39:40 - [MESSAGE][FAILED] - Unable to click on object 'Object Repository/ADMIN/Categories/Category/button_Save' (Root cause: com.kms.katalon.core.exception.StepFailedException: Unable to click on object 'Object Repository/ADMIN/Categories/Category/button_Save'
	at com.kms.katalon.core.webui.keyword.internal.WebUIKeywordMain.stepFailed(WebUIKeywordMain.groovy:64)
	at com.kms.katalon.core.webui.keyword.internal.WebUIKeywordMain.runKeyword(WebUIKeywordMain.groovy:26)
	at com.kms.katalon.core.webui.keyword.builtin.ClickKeyword.click(ClickKeyword.groovy:76)
	at com.kms.katalon.core.webui.keyword.builtin.ClickKeyword.execute(ClickKeyword.groovy:43)
	at com.kms.katalon.core.keyword.internal.KeywordExecutor.executeKeywordForPlatform(KeywordExecutor.groovy:72)
	at com.kms.katalon.core.webui.keyword.WebUiBuiltInKeywords.click(WebUiBuiltInKeywords.groovy:616)
	at com.kms.katalon.core.webui.keyword.WebUiBuiltInKeywords$click$0.call(Unknown Source)
	at Add Category.run(Add Category:64)
	at com.kms.katalon.core.main.ScriptEngine.run(ScriptEngine.java:194)
	at com.kms.katalon.core.main.ScriptEngine.runScriptAsRawText(ScriptEngine.java:119)
	at com.kms.katalon.core.main.TestCaseExecutor.runScript(TestCaseExecutor.java:337)
	at com.kms.katalon.core.main.TestCaseExecutor.doExecute(TestCaseExecutor.java:328)
	at com.kms.katalon.core.main.TestCaseExecutor.processExecutionPhase(TestCaseExecutor.java:307)
	at com.kms.katalon.core.main.TestCaseExecutor.accessMainPhase(TestCaseExecutor.java:299)
	at com.kms.katalon.core.main.TestCaseExecutor.execute(TestCaseExecutor.java:233)
	at com.kms.katalon.core.main.TestSuiteExecutor.accessTestCaseMainPhase(TestSuiteExecutor.java:169)
	at com.kms.katalon.core.main.TestSuiteExecutor.accessTestSuiteMainPhase(TestSuiteExecutor.java:142)
	at com.kms.katalon.core.main.TestSuiteExecutor.execute(TestSuiteExecutor.java:91)
	at com.kms.katalon.core.main.TestCaseMain.startTestSuite(TestCaseMain.java:157)
	at com.kms.katalon.core.main.TestCaseMain$startTestSuite$0.call(Unknown Source)
	at TempTestSuite1584598607274.run(TempTestSuite1584598607274.groovy:36)
Caused by: org.openqa.selenium.ElementNotInteractableException: element not interactable
  (Session info: chrome=80.0.3987.132)
Build info: version: '3.141.59', revision: 'e82be7d358', time: '2018-11-14T08:25:53'
System info: host: 'ARCADIER-03', ip: '192.168.254.105', os.name: 'Windows 7', os.arch: 'amd64', os.version: '6.1', java.version: '1.8.0_181'
Driver info: com.kms.katalon.core.webui.driver.ExistingRemoteWebDriver
Capabilities {javascriptEnabled: true, platform: ANY, platformName: ANY}
Session ID: 66da7635ded2d355388026ca8e7d8eff
	at org.openqa.selenium.remote.http.W3CHttpResponseCodec.createException(W3CHttpResponseCodec.java:187)
	at org.openqa.selenium.remote.http.W3CHttpResponseCodec.decode(W3CHttpResponseCodec.java:122)
	at org.openqa.selenium.remote.http.W3CHttpResponseCodec.decode(W3CHttpResponseCodec.java:49)
	at org.openqa.selenium.remote.HttpCommandExecutor.execute(HttpCommandExecutor.java:158)
	at org.openqa.selenium.remote.RemoteWebDriver.execute(RemoteWebDriver.java:552)
	at com.kms.katalon.core.webui.driver.ExistingRemoteWebDriver.execute(ExistingRemoteWebDriver.java:108)
	at org.openqa.selenium.remote.RemoteWebElement.execute(RemoteWebElement.java:285)
	at org.openqa.selenium.remote.RemoteWebElement.click(RemoteWebElement.java:84)
	at org.openqa.selenium.support.events.EventFiringWebDriver$EventFiringWebElement.lambda$new$0(EventFiringWebDriver.java:404)
	at com.sun.proxy.$Proxy9.click(Unknown Source)
	at org.openqa.selenium.support.events.EventFiringWebDriver$EventFiringWebElement.click(EventFiringWebDriver.java:417)
	at com.kms.katalon.core.webui.keyword.builtin.ClickKeyword$_click_closure1.doCall(ClickKeyword.groovy:69)
	at com.kms.katalon.core.webui.keyword.builtin.ClickKeyword$_click_closure1.call(ClickKeyword.groovy)
	at com.kms.katalon.core.webui.keyword.internal.WebUIKeywordMain.runKeyword(WebUIKeywordMain.groovy:20)
	at com.kms.katalon.core.webui.keyword.builtin.ClickKeyword.click(ClickKeyword.groovy:76)
	at com.kms.katalon.core.webui.keyword.builtin.ClickKeyword.execute(ClickKeyword.groovy:43)
	at com.kms.katalon.core.keyword.internal.KeywordExecutor.executeKeywordForPlatform(KeywordExecutor.groovy:72)
	at com.kms.katalon.core.webui.keyword.WebUiBuiltInKeywords.click(WebUiBuiltInKeywords.groovy:616)
	at com.kms.katalon.core.webui.keyword.WebUiBuiltInKeywords$click$0.call(Unknown Source)
	at Script1549506362832.run(Script1549506362832.groovy:64)
	... 13 more
)
[[ATTACHMENT|C:\\Katalon\\Arctick\\Reports\\20200319_141647\\Admin\\Admin Add Category\\20200319_141647\\1584599980440.png]]

2020-03-19 14:39:40 - [TEST_STEP][PASSED] - waitForElementVisible(findTestObject("ADMIN/Categories/Category/label_edit popup"), 0): Web element with id: 'Object Repository/ADMIN/Categories/Category/label_edit popup' located by 'By.xpath: //div[(text() = 'Category was successfully saved.' or . = 'Category was successfully saved.')]' not found

2020-03-19 14:39:40 - [MESSAGE][WARNING] - Timeout '0' is invalid. Using default page load timeout: '30'

2020-03-19 14:40:13 - [MESSAGE][INFO] - Unable to find the element located by 'By.xpath: //div[(text() = 'Category was successfully saved.' or . = 'Category was successfully saved.')]'. Please recheck the objects properties to make sure the desired element is located. 

2020-03-19 14:40:13 - [MESSAGE][WARNING] - Web element with id: 'Object Repository/ADMIN/Categories/Category/label_edit popup' located by 'By.xpath: //div[(text() = 'Category was successfully saved.' or . = 'Category was successfully saved.')]' not found

2020-03-19 14:40:13 - [TEST_STEP][PASSED] - waitForElementNotPresent(findTestObject("ADMIN/Categories/Category/label_edit popup"), 0): Web element with id: 'Object Repository/ADMIN/Categories/Category/label_edit popup' located by 'By.xpath: //div[(text() = 'Category was successfully saved.' or . = 'Category was successfully saved.')]' is not present after '30' second(s)

2020-03-19 14:40:13 - [MESSAGE][WARNING] - Timeout '0' is invalid. Using default page load timeout: '30'

2020-03-19 14:40:14 - [MESSAGE][PASSED] - Web element with id: 'Object Repository/ADMIN/Categories/Category/label_edit popup' located by 'By.xpath: //div[(text() = 'Category was successfully saved.' or . = 'Category was successfully saved.')]' is not present after '30' second(s)]]></system-out>
         <system-err><![CDATA[2020-03-19 14:34:49 - [TEST_CASE][FAILED] - Test Cases/ADMIN/Content Mgmt/Categories/Category Add-Edit/Add Category: Test Cases/ADMIN/Content Mgmt/Categories/Category Add-Edit/Add Category FAILED.
Reason:
com.kms.katalon.core.exception.StepFailedException: Unable to click on object 'Object Repository/ADMIN/Categories/Category List/button_Add a Category' (Root cause: com.kms.katalon.core.exception.StepFailedException: Unable to click on object 'Object Repository/ADMIN/Categories/Category List/button_Add a Category'
	at com.kms.katalon.core.webui.keyword.internal.WebUIKeywordMain.stepFailed(WebUIKeywordMain.groovy:64)
	at com.kms.katalon.core.webui.keyword.internal.WebUIKeywordMain.runKeyword(WebUIKeywordMain.groovy:26)
	at com.kms.katalon.core.webui.keyword.builtin.ClickKeyword.click(ClickKeyword.groovy:76)
	at com.kms.katalon.core.webui.keyword.builtin.ClickKeyword.execute(ClickKeyword.groovy:43)
	at com.kms.katalon.core.keyword.internal.KeywordExecutor.executeKeywordForPlatform(KeywordExecutor.groovy:72)
	at com.kms.katalon.core.webui.keyword.WebUiBuiltInKeywords.click(WebUiBuiltInKeywords.groovy:616)
	at com.kms.katalon.core.webui.keyword.WebUiBuiltInKeywords$click$0.call(Unknown Source)
	at Add Category.run(Add Category:32)
	at com.kms.katalon.core.main.ScriptEngine.run(ScriptEngine.java:194)
	at com.kms.katalon.core.main.ScriptEngine.runScriptAsRawText(ScriptEngine.java:119)
	at com.kms.katalon.core.main.TestCaseExecutor.runScript(TestCaseExecutor.java:337)
	at com.kms.katalon.core.main.TestCaseExecutor.doExecute(TestCaseExecutor.java:328)
	at com.kms.katalon.core.main.TestCaseExecutor.processExecutionPhase(TestCaseExecutor.java:307)
	at com.kms.katalon.core.main.TestCaseExecutor.accessMainPhase(TestCaseExecutor.java:299)
	at com.kms.katalon.core.main.TestCaseExecutor.execute(TestCaseExecutor.java:233)
	at com.kms.katalon.core.main.TestSuiteExecutor.accessTestCaseMainPhase(TestSuiteExecutor.java:169)
	at com.kms.katalon.core.main.TestSuiteExecutor.accessTestSuiteMainPhase(TestSuiteExecutor.java:142)
	at com.kms.katalon.core.main.TestSuiteExecutor.execute(TestSuiteExecutor.java:91)
	at com.kms.katalon.core.main.TestCaseMain.startTestSuite(TestCaseMain.java:157)
	at com.kms.katalon.core.main.TestCaseMain$startTestSuite$0.call(Unknown Source)
	at TempTestSuite1584598607274.run(TempTestSuite1584598607274.groovy:36)
Caused by: com.kms.katalon.core.webui.exception.WebElementNotFoundException: Web element with id: 'Object Repository/ADMIN/Categories/Category List/button_Add a Category' located by 'By.xpath: //a[@class = 'blue-btn' and @href = 'javascript:void(0)' and @id = 'cat_add' and (text() = 'Add a Category ' or . = 'Add a Category ')]' not found
	at com.kms.katalon.core.webui.common.WebUiCommonHelper.findWebElement(WebUiCommonHelper.java:1154)
	at com.kms.katalon.core.webui.keyword.internal.WebUIAbstractKeyword.findWebElement(WebUIAbstractKeyword.groovy:27)
	at com.kms.katalon.core.webui.keyword.internal.WebUIAbstractKeyword.findWebElement(WebUIAbstractKeyword.groovy:26)
	at com.kms.katalon.core.webui.keyword.builtin.ClickKeyword$_click_closure1.doCall(ClickKeyword.groovy:67)
	at com.kms.katalon.core.webui.keyword.builtin.ClickKeyword$_click_closure1.call(ClickKeyword.groovy)
	at com.kms.katalon.core.webui.keyword.internal.WebUIKeywordMain.runKeyword(WebUIKeywordMain.groovy:20)
	at com.kms.katalon.core.webui.keyword.builtin.ClickKeyword.click(ClickKeyword.groovy:76)
	at com.kms.katalon.core.webui.keyword.builtin.ClickKeyword.execute(ClickKeyword.groovy:43)
	at com.kms.katalon.core.keyword.internal.KeywordExecutor.executeKeywordForPlatform(KeywordExecutor.groovy:72)
	at com.kms.katalon.core.webui.keyword.WebUiBuiltInKeywords.click(WebUiBuiltInKeywords.groovy:616)
	at com.kms.katalon.core.webui.keyword.WebUiBuiltInKeywords$click$0.call(Unknown Source)
	at Script1549506362832.run(Script1549506362832.groovy:32)
	... 13 more
)
	at com.kms.katalon.core.keyword.internal.KeywordMain.stepFailed(KeywordMain.groovy:39)
	at com.kms.katalon.core.webui.keyword.internal.WebUIKeywordMain.stepFailed(WebUIKeywordMain.groovy:64)
	at com.kms.katalon.core.webui.keyword.internal.WebUIKeywordMain.runKeyword(WebUIKeywordMain.groovy:26)
	at com.kms.katalon.core.webui.keyword.builtin.ClickKeyword.click(ClickKeyword.groovy:76)
	at com.kms.katalon.core.webui.keyword.builtin.ClickKeyword.execute(ClickKeyword.groovy:43)
	at com.kms.katalon.core.keyword.internal.KeywordExecutor.executeKeywordForPlatform(KeywordExecutor.groovy:72)
	at com.kms.katalon.core.webui.keyword.WebUiBuiltInKeywords.click(WebUiBuiltInKeywords.groovy:616)
	at com.kms.katalon.core.webui.keyword.WebUiBuiltInKeywords$click$0.call(Unknown Source)
	at Add Category.run(Add Category:32)
	at com.kms.katalon.core.main.ScriptEngine.run(ScriptEngine.java:194)
	at com.kms.katalon.core.main.ScriptEngine.runScriptAsRawText(ScriptEngine.java:119)
	at com.kms.katalon.core.main.TestCaseExecutor.runScript(TestCaseExecutor.java:337)
	at com.kms.katalon.core.main.TestCaseExecutor.doExecute(TestCaseExecutor.java:328)
	at com.kms.katalon.core.main.TestCaseExecutor.processExecutionPhase(TestCaseExecutor.java:307)
	at com.kms.katalon.core.main.TestCaseExecutor.accessMainPhase(TestCaseExecutor.java:299)
	at com.kms.katalon.core.main.TestCaseExecutor.execute(TestCaseExecutor.java:233)
	at com.kms.katalon.core.main.TestSuiteExecutor.accessTestCaseMainPhase(TestSuiteExecutor.java:169)
	at com.kms.katalon.core.main.TestSuiteExecutor.accessTestSuiteMainPhase(TestSuiteExecutor.java:142)
	at com.kms.katalon.core.main.TestSuiteExecutor.execute(TestSuiteExecutor.java:91)
	at com.kms.katalon.core.main.TestCaseMain.startTestSuite(TestCaseMain.java:157)
	at com.kms.katalon.core.main.TestCaseMain$startTestSuite$0.call(Unknown Source)
	at TempTestSuite1584598607274.run(TempTestSuite1584598607274.groovy:36)
Caused by: com.kms.katalon.core.exception.StepFailedException: Unable to click on object 'Object Repository/ADMIN/Categories/Category List/button_Add a Category'
	... 21 more
Caused by: com.kms.katalon.core.webui.exception.WebElementNotFoundException: Web element with id: 'Object Repository/ADMIN/Categories/Category List/button_Add a Category' located by 'By.xpath: //a[@class = 'blue-btn' and @href = 'javascript:void(0)' and @id = 'cat_add' and (text() = 'Add a Category ' or . = 'Add a Category ')]' not found
	at com.kms.katalon.core.webui.common.WebUiCommonHelper.findWebElement(WebUiCommonHelper.java:1154)
	at com.kms.katalon.core.webui.keyword.internal.WebUIAbstractKeyword.findWebElement(WebUIAbstractKeyword.groovy:27)
	at com.kms.katalon.core.webui.keyword.internal.WebUIAbstractKeyword.findWebElement(WebUIAbstractKeyword.groovy:26)
	at com.kms.katalon.core.webui.keyword.builtin.ClickKeyword$_click_closure1.doCall(ClickKeyword.groovy:67)
	at com.kms.katalon.core.webui.keyword.builtin.ClickKeyword$_click_closure1.call(ClickKeyword.groovy)
	at com.kms.katalon.core.webui.keyword.internal.WebUIKeywordMain.runKeyword(WebUIKeywordMain.groovy:20)
	... 19 more]]></system-err>
      </testcase>
      <testcase name="Test Cases/ADMIN/Content Mgmt/Categories/Category Add-Edit/Add Category" time="14.717" classname="Test Cases/ADMIN/Content Mgmt/Categories/Category Add-Edit/Add Category" status="FAILED">
         <failure type="FAILED" message="Test Cases/ADMIN/Content Mgmt/Categories/Category Add-Edit/Add Category FAILED.
Reason:
com.kms.katalon.core.exception.StepFailedException: Unable to click on object 'Object Repository/ADMIN/Categories/Category List/button_Categories' (Root cause: com.kms.katalon.core.exception.StepFailedException: Unable to click on object 'Object Repository/ADMIN/Categories/Category List/button_Categories'
	at com.kms.katalon.core.webui.keyword.internal.WebUIKeywordMain.stepFailed(WebUIKeywordMain.groovy:64)
	at com.kms.katalon.core.webui.keyword.internal.WebUIKeywordMain.runKeyword(WebUIKeywordMain.groovy:26)
	at com.kms.katalon.core.webui.keyword.builtin.ClickKeyword.click(ClickKeyword.groovy:76)
	at com.kms.katalon.core.webui.keyword.builtin.ClickKeyword.execute(ClickKeyword.groovy:43)
	at com.kms.katalon.core.keyword.internal.KeywordExecutor.executeKeywordForPlatform(KeywordExecutor.groovy:72)
	at com.kms.katalon.core.webui.keyword.WebUiBuiltInKeywords.click(WebUiBuiltInKeywords.groovy:616)
	at com.kms.katalon.core.webui.keyword.WebUiBuiltInKeywords$click$0.call(Unknown Source)
	at Add Category.run(Add Category:28)
	at com.kms.katalon.core.main.ScriptEngine.run(ScriptEngine.java:194)
	at com.kms.katalon.core.main.ScriptEngine.runScriptAsRawText(ScriptEngine.java:119)
	at com.kms.katalon.core.main.TestCaseExecutor.runScript(TestCaseExecutor.java:337)
	at com.kms.katalon.core.main.TestCaseExecutor.doExecute(TestCaseExecutor.java:328)
	at com.kms.katalon.core.main.TestCaseExecutor.processExecutionPhase(TestCaseExecutor.java:307)
	at com.kms.katalon.core.main.TestCaseExecutor.accessMainPhase(TestCaseExecutor.java:299)
	at com.kms.katalon.core.main.TestCaseExecutor.execute(TestCaseExecutor.java:233)
	at com.kms.katalon.core.main.TestSuiteExecutor.accessTestCaseMainPhase(TestSuiteExecutor.java:169)
	at com.kms.katalon.core.main.TestSuiteExecutor.accessTestSuiteMainPhase(TestSuiteExecutor.java:142)
	at com.kms.katalon.core.main.TestSuiteExecutor.execute(TestSuiteExecutor.java:91)
	at com.kms.katalon.core.main.TestCaseMain.startTestSuite(TestCaseMain.java:157)
	at com.kms.katalon.core.main.TestCaseMain$startTestSuite$0.call(Unknown Source)
	at TempTestSuite1584598607274.run(TempTestSuite1584598607274.groovy:36)
Caused by: org.openqa.selenium.ElementNotInteractableException: element not interactable
  (Session info: chrome=80.0.3987.132)
Build info: version: '3.141.59', revision: 'e82be7d358', time: '2018-11-14T08:25:53'
System info: host: 'ARCADIER-03', ip: '192.168.254.105', os.name: 'Windows 7', os.arch: 'amd64', os.version: '6.1', java.version: '1.8.0_181'
Driver info: com.kms.katalon.core.webui.driver.ExistingRemoteWebDriver
Capabilities {javascriptEnabled: true, platform: ANY, platformName: ANY}
Session ID: 66da7635ded2d355388026ca8e7d8eff
	at org.openqa.selenium.remote.http.W3CHttpResponseCodec.createException(W3CHttpResponseCodec.java:187)
	at org.openqa.selenium.remote.http.W3CHttpResponseCodec.decode(W3CHttpResponseCodec.java:122)
	at org.openqa.selenium.remote.http.W3CHttpResponseCodec.decode(W3CHttpResponseCodec.java:49)
	at org.openqa.selenium.remote.HttpCommandExecutor.execute(HttpCommandExecutor.java:158)
	at org.openqa.selenium.remote.RemoteWebDriver.execute(RemoteWebDriver.java:552)
	at com.kms.katalon.core.webui.driver.ExistingRemoteWebDriver.execute(ExistingRemoteWebDriver.java:108)
	at org.openqa.selenium.remote.RemoteWebElement.execute(RemoteWebElement.java:285)
	at org.openqa.selenium.remote.RemoteWebElement.click(RemoteWebElement.java:84)
	at org.openqa.selenium.support.events.EventFiringWebDriver$EventFiringWebElement.lambda$new$0(EventFiringWebDriver.java:404)
	at com.sun.proxy.$Proxy9.click(Unknown Source)
	at org.openqa.selenium.support.events.EventFiringWebDriver$EventFiringWebElement.click(EventFiringWebDriver.java:417)
	at com.kms.katalon.core.webui.keyword.builtin.ClickKeyword$_click_closure1.doCall(ClickKeyword.groovy:69)
	at com.kms.katalon.core.webui.keyword.builtin.ClickKeyword$_click_closure1.call(ClickKeyword.groovy)
	at com.kms.katalon.core.webui.keyword.internal.WebUIKeywordMain.runKeyword(WebUIKeywordMain.groovy:20)
	at com.kms.katalon.core.webui.keyword.builtin.ClickKeyword.click(ClickKeyword.groovy:76)
	at com.kms.katalon.core.webui.keyword.builtin.ClickKeyword.execute(ClickKeyword.groovy:43)
	at com.kms.katalon.core.keyword.internal.KeywordExecutor.executeKeywordForPlatform(KeywordExecutor.groovy:72)
	at com.kms.katalon.core.webui.keyword.WebUiBuiltInKeywords.click(WebUiBuiltInKeywords.groovy:616)
	at com.kms.katalon.core.webui.keyword.WebUiBuiltInKeywords$click$0.call(Unknown Source)
	at Script1549506362832.run(Script1549506362832.groovy:28)
	... 13 more
)
	at com.kms.katalon.core.keyword.internal.KeywordMain.stepFailed(KeywordMain.groovy:39)
	at com.kms.katalon.core.webui.keyword.internal.WebUIKeywordMain.stepFailed(WebUIKeywordMain.groovy:64)
	at com.kms.katalon.core.webui.keyword.internal.WebUIKeywordMain.runKeyword(WebUIKeywordMain.groovy:26)
	at com.kms.katalon.core.webui.keyword.builtin.ClickKeyword.click(ClickKeyword.groovy:76)
	at com.kms.katalon.core.webui.keyword.builtin.ClickKeyword.execute(ClickKeyword.groovy:43)
	at com.kms.katalon.core.keyword.internal.KeywordExecutor.executeKeywordForPlatform(KeywordExecutor.groovy:72)
	at com.kms.katalon.core.webui.keyword.WebUiBuiltInKeywords.click(WebUiBuiltInKeywords.groovy:616)
	at com.kms.katalon.core.webui.keyword.WebUiBuiltInKeywords$click$0.call(Unknown Source)
	at Add Category.run(Add Category:28)
	at com.kms.katalon.core.main.ScriptEngine.run(ScriptEngine.java:194)
	at com.kms.katalon.core.main.ScriptEngine.runScriptAsRawText(ScriptEngine.java:119)
	at com.kms.katalon.core.main.TestCaseExecutor.runScript(TestCaseExecutor.java:337)
	at com.kms.katalon.core.main.TestCaseExecutor.doExecute(TestCaseExecutor.java:328)
	at com.kms.katalon.core.main.TestCaseExecutor.processExecutionPhase(TestCaseExecutor.java:307)
	at com.kms.katalon.core.main.TestCaseExecutor.accessMainPhase(TestCaseExecutor.java:299)
	at com.kms.katalon.core.main.TestCaseExecutor.execute(TestCaseExecutor.java:233)
	at com.kms.katalon.core.main.TestSuiteExecutor.accessTestCaseMainPhase(TestSuiteExecutor.java:169)
	at com.kms.katalon.core.main.TestSuiteExecutor.accessTestSuiteMainPhase(TestSuiteExecutor.java:142)
	at com.kms.katalon.core.main.TestSuiteExecutor.execute(TestSuiteExecutor.java:91)
	at com.kms.katalon.core.main.TestCaseMain.startTestSuite(TestCaseMain.java:157)
	at com.kms.katalon.core.main.TestCaseMain$startTestSuite$0.call(Unknown Source)
	at TempTestSuite1584598607274.run(TempTestSuite1584598607274.groovy:36)
Caused by: com.kms.katalon.core.exception.StepFailedException: Unable to click on object 'Object Repository/ADMIN/Categories/Category List/button_Categories'
	... 21 more
Caused by: org.openqa.selenium.ElementNotInteractableException: element not interactable
  (Session info: chrome=80.0.3987.132)
Build info: version: '3.141.59', revision: 'e82be7d358', time: '2018-11-14T08:25:53'
System info: host: 'ARCADIER-03', ip: '192.168.254.105', os.name: 'Windows 7', os.arch: 'amd64', os.version: '6.1', java.version: '1.8.0_181'
Driver info: com.kms.katalon.core.webui.driver.ExistingRemoteWebDriver
Capabilities {javascriptEnabled: true, platform: ANY, platformName: ANY}
Session ID: 66da7635ded2d355388026ca8e7d8eff
	at org.openqa.selenium.remote.http.W3CHttpResponseCodec.createException(W3CHttpResponseCodec.java:187)
	at org.openqa.selenium.remote.http.W3CHttpResponseCodec.decode(W3CHttpResponseCodec.java:122)
	at org.openqa.selenium.remote.http.W3CHttpResponseCodec.decode(W3CHttpResponseCodec.java:49)
	at org.openqa.selenium.remote.HttpCommandExecutor.execute(HttpCommandExecutor.java:158)
	at org.openqa.selenium.remote.RemoteWebDriver.execute(RemoteWebDriver.java:552)
	at com.kms.katalon.core.webui.driver.ExistingRemoteWebDriver.execute(ExistingRemoteWebDriver.java:108)
	at org.openqa.selenium.remote.RemoteWebElement.execute(RemoteWebElement.java:285)
	at org.openqa.selenium.remote.RemoteWebElement.click(RemoteWebElement.java:84)
	at org.openqa.selenium.support.events.EventFiringWebDriver$EventFiringWebElement.lambda$new$0(EventFiringWebDriver.java:404)
	at com.sun.proxy.$Proxy9.click(Unknown Source)
	at org.openqa.selenium.support.events.EventFiringWebDriver$EventFiringWebElement.click(EventFiringWebDriver.java:417)
	at com.kms.katalon.core.webui.keyword.builtin.ClickKeyword$_click_closure1.doCall(ClickKeyword.groovy:69)
	at com.kms.katalon.core.webui.keyword.builtin.ClickKeyword$_click_closure1.call(ClickKeyword.groovy)
	at com.kms.katalon.core.webui.keyword.internal.WebUIKeywordMain.runKeyword(WebUIKeywordMain.groovy:20)
	... 19 more
"/>
         <system-out><![CDATA[2020-03-19 14:40:14 - [TEST_CASE][FAILED] - Test Cases/ADMIN/Content Mgmt/Categories/Category Add-Edit/Add Category: Test Cases/ADMIN/Content Mgmt/Categories/Category Add-Edit/Add Category FAILED.
Reason:
com.kms.katalon.core.exception.StepFailedException: Unable to click on object 'Object Repository/ADMIN/Categories/Category List/button_Categories' (Root cause: com.kms.katalon.core.exception.StepFailedException: Unable to click on object 'Object Repository/ADMIN/Categories/Category List/button_Categories'
	at com.kms.katalon.core.webui.keyword.internal.WebUIKeywordMain.stepFailed(WebUIKeywordMain.groovy:64)
	at com.kms.katalon.core.webui.keyword.internal.WebUIKeywordMain.runKeyword(WebUIKeywordMain.groovy:26)
	at com.kms.katalon.core.webui.keyword.builtin.ClickKeyword.click(ClickKeyword.groovy:76)
	at com.kms.katalon.core.webui.keyword.builtin.ClickKeyword.execute(ClickKeyword.groovy:43)
	at com.kms.katalon.core.keyword.internal.KeywordExecutor.executeKeywordForPlatform(KeywordExecutor.groovy:72)
	at com.kms.katalon.core.webui.keyword.WebUiBuiltInKeywords.click(WebUiBuiltInKeywords.groovy:616)
	at com.kms.katalon.core.webui.keyword.WebUiBuiltInKeywords$click$0.call(Unknown Source)
	at Add Category.run(Add Category:28)
	at com.kms.katalon.core.main.ScriptEngine.run(ScriptEngine.java:194)
	at com.kms.katalon.core.main.ScriptEngine.runScriptAsRawText(ScriptEngine.java:119)
	at com.kms.katalon.core.main.TestCaseExecutor.runScript(TestCaseExecutor.java:337)
	at com.kms.katalon.core.main.TestCaseExecutor.doExecute(TestCaseExecutor.java:328)
	at com.kms.katalon.core.main.TestCaseExecutor.processExecutionPhase(TestCaseExecutor.java:307)
	at com.kms.katalon.core.main.TestCaseExecutor.accessMainPhase(TestCaseExecutor.java:299)
	at com.kms.katalon.core.main.TestCaseExecutor.execute(TestCaseExecutor.java:233)
	at com.kms.katalon.core.main.TestSuiteExecutor.accessTestCaseMainPhase(TestSuiteExecutor.java:169)
	at com.kms.katalon.core.main.TestSuiteExecutor.accessTestSuiteMainPhase(TestSuiteExecutor.java:142)
	at com.kms.katalon.core.main.TestSuiteExecutor.execute(TestSuiteExecutor.java:91)
	at com.kms.katalon.core.main.TestCaseMain.startTestSuite(TestCaseMain.java:157)
	at com.kms.katalon.core.main.TestCaseMain$startTestSuite$0.call(Unknown Source)
	at TempTestSuite1584598607274.run(TempTestSuite1584598607274.groovy:36)
Caused by: org.openqa.selenium.ElementNotInteractableException: element not interactable
  (Session info: chrome=80.0.3987.132)
Build info: version: '3.141.59', revision: 'e82be7d358', time: '2018-11-14T08:25:53'
System info: host: 'ARCADIER-03', ip: '192.168.254.105', os.name: 'Windows 7', os.arch: 'amd64', os.version: '6.1', java.version: '1.8.0_181'
Driver info: com.kms.katalon.core.webui.driver.ExistingRemoteWebDriver
Capabilities {javascriptEnabled: true, platform: ANY, platformName: ANY}
Session ID: 66da7635ded2d355388026ca8e7d8eff
	at org.openqa.selenium.remote.http.W3CHttpResponseCodec.createException(W3CHttpResponseCodec.java:187)
	at org.openqa.selenium.remote.http.W3CHttpResponseCodec.decode(W3CHttpResponseCodec.java:122)
	at org.openqa.selenium.remote.http.W3CHttpResponseCodec.decode(W3CHttpResponseCodec.java:49)
	at org.openqa.selenium.remote.HttpCommandExecutor.execute(HttpCommandExecutor.java:158)
	at org.openqa.selenium.remote.RemoteWebDriver.execute(RemoteWebDriver.java:552)
	at com.kms.katalon.core.webui.driver.ExistingRemoteWebDriver.execute(ExistingRemoteWebDriver.java:108)
	at org.openqa.selenium.remote.RemoteWebElement.execute(RemoteWebElement.java:285)
	at org.openqa.selenium.remote.RemoteWebElement.click(RemoteWebElement.java:84)
	at org.openqa.selenium.support.events.EventFiringWebDriver$EventFiringWebElement.lambda$new$0(EventFiringWebDriver.java:404)
	at com.sun.proxy.$Proxy9.click(Unknown Source)
	at org.openqa.selenium.support.events.EventFiringWebDriver$EventFiringWebElement.click(EventFiringWebDriver.java:417)
	at com.kms.katalon.core.webui.keyword.builtin.ClickKeyword$_click_closure1.doCall(ClickKeyword.groovy:69)
	at com.kms.katalon.core.webui.keyword.builtin.ClickKeyword$_click_closure1.call(ClickKeyword.groovy)
	at com.kms.katalon.core.webui.keyword.internal.WebUIKeywordMain.runKeyword(WebUIKeywordMain.groovy:20)
	at com.kms.katalon.core.webui.keyword.builtin.ClickKeyword.click(ClickKeyword.groovy:76)
	at com.kms.katalon.core.webui.keyword.builtin.ClickKeyword.execute(ClickKeyword.groovy:43)
	at com.kms.katalon.core.keyword.internal.KeywordExecutor.executeKeywordForPlatform(KeywordExecutor.groovy:72)
	at com.kms.katalon.core.webui.keyword.WebUiBuiltInKeywords.click(WebUiBuiltInKeywords.groovy:616)
	at com.kms.katalon.core.webui.keyword.WebUiBuiltInKeywords$click$0.call(Unknown Source)
	at Script1549506362832.run(Script1549506362832.groovy:28)
	... 13 more
)
	at com.kms.katalon.core.keyword.internal.KeywordMain.stepFailed(KeywordMain.groovy:39)
	at com.kms.katalon.core.webui.keyword.internal.WebUIKeywordMain.stepFailed(WebUIKeywordMain.groovy:64)
	at com.kms.katalon.core.webui.keyword.internal.WebUIKeywordMain.runKeyword(WebUIKeywordMain.groovy:26)
	at com.kms.katalon.core.webui.keyword.builtin.ClickKeyword.click(ClickKeyword.groovy:76)
	at com.kms.katalon.core.webui.keyword.builtin.ClickKeyword.execute(ClickKeyword.groovy:43)
	at com.kms.katalon.core.keyword.internal.KeywordExecutor.executeKeywordForPlatform(KeywordExecutor.groovy:72)
	at com.kms.katalon.core.webui.keyword.WebUiBuiltInKeywords.click(WebUiBuiltInKeywords.groovy:616)
	at com.kms.katalon.core.webui.keyword.WebUiBuiltInKeywords$click$0.call(Unknown Source)
	at Add Category.run(Add Category:28)
	at com.kms.katalon.core.main.ScriptEngine.run(ScriptEngine.java:194)
	at com.kms.katalon.core.main.ScriptEngine.runScriptAsRawText(ScriptEngine.java:119)
	at com.kms.katalon.core.main.TestCaseExecutor.runScript(TestCaseExecutor.java:337)
	at com.kms.katalon.core.main.TestCaseExecutor.doExecute(TestCaseExecutor.java:328)
	at com.kms.katalon.core.main.TestCaseExecutor.processExecutionPhase(TestCaseExecutor.java:307)
	at com.kms.katalon.core.main.TestCaseExecutor.accessMainPhase(TestCaseExecutor.java:299)
	at com.kms.katalon.core.main.TestCaseExecutor.execute(TestCaseExecutor.java:233)
	at com.kms.katalon.core.main.TestSuiteExecutor.accessTestCaseMainPhase(TestSuiteExecutor.java:169)
	at com.kms.katalon.core.main.TestSuiteExecutor.accessTestSuiteMainPhase(TestSuiteExecutor.java:142)
	at com.kms.katalon.core.main.TestSuiteExecutor.execute(TestSuiteExecutor.java:91)
	at com.kms.katalon.core.main.TestCaseMain.startTestSuite(TestCaseMain.java:157)
	at com.kms.katalon.core.main.TestCaseMain$startTestSuite$0.call(Unknown Source)
	at TempTestSuite1584598607274.run(TempTestSuite1584598607274.groovy:36)
Caused by: com.kms.katalon.core.exception.StepFailedException: Unable to click on object 'Object Repository/ADMIN/Categories/Category List/button_Categories'
	... 21 more
Caused by: org.openqa.selenium.ElementNotInteractableException: element not interactable
  (Session info: chrome=80.0.3987.132)
Build info: version: '3.141.59', revision: 'e82be7d358', time: '2018-11-14T08:25:53'
System info: host: 'ARCADIER-03', ip: '192.168.254.105', os.name: 'Windows 7', os.arch: 'amd64', os.version: '6.1', java.version: '1.8.0_181'
Driver info: com.kms.katalon.core.webui.driver.ExistingRemoteWebDriver
Capabilities {javascriptEnabled: true, platform: ANY, platformName: ANY}
Session ID: 66da7635ded2d355388026ca8e7d8eff
	at org.openqa.selenium.remote.http.W3CHttpResponseCodec.createException(W3CHttpResponseCodec.java:187)
	at org.openqa.selenium.remote.http.W3CHttpResponseCodec.decode(W3CHttpResponseCodec.java:122)
	at org.openqa.selenium.remote.http.W3CHttpResponseCodec.decode(W3CHttpResponseCodec.java:49)
	at org.openqa.selenium.remote.HttpCommandExecutor.execute(HttpCommandExecutor.java:158)
	at org.openqa.selenium.remote.RemoteWebDriver.execute(RemoteWebDriver.java:552)
	at com.kms.katalon.core.webui.driver.ExistingRemoteWebDriver.execute(ExistingRemoteWebDriver.java:108)
	at org.openqa.selenium.remote.RemoteWebElement.execute(RemoteWebElement.java:285)
	at org.openqa.selenium.remote.RemoteWebElement.click(RemoteWebElement.java:84)
	at org.openqa.selenium.support.events.EventFiringWebDriver$EventFiringWebElement.lambda$new$0(EventFiringWebDriver.java:404)
	at com.sun.proxy.$Proxy9.click(Unknown Source)
	at org.openqa.selenium.support.events.EventFiringWebDriver$EventFiringWebElement.click(EventFiringWebDriver.java:417)
	at com.kms.katalon.core.webui.keyword.builtin.ClickKeyword$_click_closure1.doCall(ClickKeyword.groovy:69)
	at com.kms.katalon.core.webui.keyword.builtin.ClickKeyword$_click_closure1.call(ClickKeyword.groovy)
	at com.kms.katalon.core.webui.keyword.internal.WebUIKeywordMain.runKeyword(WebUIKeywordMain.groovy:20)
	... 19 more


2020-03-19 14:40:14 - [TEST_STEP][PASSED] - waitForElementVisible(findTestObject("ADMIN/Categories/Category List/button_Content Mgmt"), 0): Object 'Object Repository/ADMIN/Categories/Category List/button_Content Mgmt' is visible

2020-03-19 14:40:14 - [MESSAGE][WARNING] - Timeout '0' is invalid. Using default page load timeout: '30'

2020-03-19 14:40:14 - [MESSAGE][PASSED] - Object 'Object Repository/ADMIN/Categories/Category List/button_Content Mgmt' is visible

2020-03-19 14:40:14 - [TEST_STEP][PASSED] - click(findTestObject("ADMIN/Categories/Category List/button_Content Mgmt")): Object: 'Object Repository/ADMIN/Categories/Category List/button_Content Mgmt' is clicked on

2020-03-19 14:40:14 - [MESSAGE][PASSED] - Object: 'Object Repository/ADMIN/Categories/Category List/button_Content Mgmt' is clicked on

2020-03-19 14:40:14 - [TEST_STEP][PASSED] - waitForElementVisible(findTestObject("ADMIN/Categories/Category List/button_Categories"), 0): Object 'Object Repository/ADMIN/Categories/Category List/button_Categories' is visible

2020-03-19 14:40:14 - [MESSAGE][WARNING] - Timeout '0' is invalid. Using default page load timeout: '30'

2020-03-19 14:40:14 - [MESSAGE][PASSED] - Object 'Object Repository/ADMIN/Categories/Category List/button_Categories' is visible

2020-03-19 14:40:14 - [TEST_STEP][FAILED] - click(findTestObject("ADMIN/Categories/Category List/button_Categories")): Unable to click on object 'Object Repository/ADMIN/Categories/Category List/button_Categories' (Root cause: com.kms.katalon.core.exception.StepFailedException: Unable to click on object 'Object Repository/ADMIN/Categories/Category List/button_Categories'
	at com.kms.katalon.core.webui.keyword.internal.WebUIKeywordMain.stepFailed(WebUIKeywordMain.groovy:64)
	at com.kms.katalon.core.webui.keyword.internal.WebUIKeywordMain.runKeyword(WebUIKeywordMain.groovy:26)
	at com.kms.katalon.core.webui.keyword.builtin.ClickKeyword.click(ClickKeyword.groovy:76)
	at com.kms.katalon.core.webui.keyword.builtin.ClickKeyword.execute(ClickKeyword.groovy:43)
	at com.kms.katalon.core.keyword.internal.KeywordExecutor.executeKeywordForPlatform(KeywordExecutor.groovy:72)
	at com.kms.katalon.core.webui.keyword.WebUiBuiltInKeywords.click(WebUiBuiltInKeywords.groovy:616)
	at com.kms.katalon.core.webui.keyword.WebUiBuiltInKeywords$click$0.call(Unknown Source)
	at Add Category.run(Add Category:28)
	at com.kms.katalon.core.main.ScriptEngine.run(ScriptEngine.java:194)
	at com.kms.katalon.core.main.ScriptEngine.runScriptAsRawText(ScriptEngine.java:119)
	at com.kms.katalon.core.main.TestCaseExecutor.runScript(TestCaseExecutor.java:337)
	at com.kms.katalon.core.main.TestCaseExecutor.doExecute(TestCaseExecutor.java:328)
	at com.kms.katalon.core.main.TestCaseExecutor.processExecutionPhase(TestCaseExecutor.java:307)
	at com.kms.katalon.core.main.TestCaseExecutor.accessMainPhase(TestCaseExecutor.java:299)
	at com.kms.katalon.core.main.TestCaseExecutor.execute(TestCaseExecutor.java:233)
	at com.kms.katalon.core.main.TestSuiteExecutor.accessTestCaseMainPhase(TestSuiteExecutor.java:169)
	at com.kms.katalon.core.main.TestSuiteExecutor.accessTestSuiteMainPhase(TestSuiteExecutor.java:142)
	at com.kms.katalon.core.main.TestSuiteExecutor.execute(TestSuiteExecutor.java:91)
	at com.kms.katalon.core.main.TestCaseMain.startTestSuite(TestCaseMain.java:157)
	at com.kms.katalon.core.main.TestCaseMain$startTestSuite$0.call(Unknown Source)
	at TempTestSuite1584598607274.run(TempTestSuite1584598607274.groovy:36)
Caused by: org.openqa.selenium.ElementNotInteractableException: element not interactable
  (Session info: chrome=80.0.3987.132)
Build info: version: '3.141.59', revision: 'e82be7d358', time: '2018-11-14T08:25:53'
System info: host: 'ARCADIER-03', ip: '192.168.254.105', os.name: 'Windows 7', os.arch: 'amd64', os.version: '6.1', java.version: '1.8.0_181'
Driver info: com.kms.katalon.core.webui.driver.ExistingRemoteWebDriver
Capabilities {javascriptEnabled: true, platform: ANY, platformName: ANY}
Session ID: 66da7635ded2d355388026ca8e7d8eff
	at org.openqa.selenium.remote.http.W3CHttpResponseCodec.createException(W3CHttpResponseCodec.java:187)
	at org.openqa.selenium.remote.http.W3CHttpResponseCodec.decode(W3CHttpResponseCodec.java:122)
	at org.openqa.selenium.remote.http.W3CHttpResponseCodec.decode(W3CHttpResponseCodec.java:49)
	at org.openqa.selenium.remote.HttpCommandExecutor.execute(HttpCommandExecutor.java:158)
	at org.openqa.selenium.remote.RemoteWebDriver.execute(RemoteWebDriver.java:552)
	at com.kms.katalon.core.webui.driver.ExistingRemoteWebDriver.execute(ExistingRemoteWebDriver.java:108)
	at org.openqa.selenium.remote.RemoteWebElement.execute(RemoteWebElement.java:285)
	at org.openqa.selenium.remote.RemoteWebElement.click(RemoteWebElement.java:84)
	at org.openqa.selenium.support.events.EventFiringWebDriver$EventFiringWebElement.lambda$new$0(EventFiringWebDriver.java:404)
	at com.sun.proxy.$Proxy9.click(Unknown Source)
	at org.openqa.selenium.support.events.EventFiringWebDriver$EventFiringWebElement.click(EventFiringWebDriver.java:417)
	at com.kms.katalon.core.webui.keyword.builtin.ClickKeyword$_click_closure1.doCall(ClickKeyword.groovy:69)
	at com.kms.katalon.core.webui.keyword.builtin.ClickKeyword$_click_closure1.call(ClickKeyword.groovy)
	at com.kms.katalon.core.webui.keyword.internal.WebUIKeywordMain.runKeyword(WebUIKeywordMain.groovy:20)
	at com.kms.katalon.core.webui.keyword.builtin.ClickKeyword.click(ClickKeyword.groovy:76)
	at com.kms.katalon.core.webui.keyword.builtin.ClickKeyword.execute(ClickKeyword.groovy:43)
	at com.kms.katalon.core.keyword.internal.KeywordExecutor.executeKeywordForPlatform(KeywordExecutor.groovy:72)
	at com.kms.katalon.core.webui.keyword.WebUiBuiltInKeywords.click(WebUiBuiltInKeywords.groovy:616)
	at com.kms.katalon.core.webui.keyword.WebUiBuiltInKeywords$click$0.call(Unknown Source)
	at Script1549506362832.run(Script1549506362832.groovy:28)
	... 13 more
)

2020-03-19 14:40:14 - [MESSAGE][FAILED] - Unable to click on object 'Object Repository/ADMIN/Categories/Category List/button_Categories' (Root cause: com.kms.katalon.core.exception.StepFailedException: Unable to click on object 'Object Repository/ADMIN/Categories/Category List/button_Categories'
	at com.kms.katalon.core.webui.keyword.internal.WebUIKeywordMain.stepFailed(WebUIKeywordMain.groovy:64)
	at com.kms.katalon.core.webui.keyword.internal.WebUIKeywordMain.runKeyword(WebUIKeywordMain.groovy:26)
	at com.kms.katalon.core.webui.keyword.builtin.ClickKeyword.click(ClickKeyword.groovy:76)
	at com.kms.katalon.core.webui.keyword.builtin.ClickKeyword.execute(ClickKeyword.groovy:43)
	at com.kms.katalon.core.keyword.internal.KeywordExecutor.executeKeywordForPlatform(KeywordExecutor.groovy:72)
	at com.kms.katalon.core.webui.keyword.WebUiBuiltInKeywords.click(WebUiBuiltInKeywords.groovy:616)
	at com.kms.katalon.core.webui.keyword.WebUiBuiltInKeywords$click$0.call(Unknown Source)
	at Add Category.run(Add Category:28)
	at com.kms.katalon.core.main.ScriptEngine.run(ScriptEngine.java:194)
	at com.kms.katalon.core.main.ScriptEngine.runScriptAsRawText(ScriptEngine.java:119)
	at com.kms.katalon.core.main.TestCaseExecutor.runScript(TestCaseExecutor.java:337)
	at com.kms.katalon.core.main.TestCaseExecutor.doExecute(TestCaseExecutor.java:328)
	at com.kms.katalon.core.main.TestCaseExecutor.processExecutionPhase(TestCaseExecutor.java:307)
	at com.kms.katalon.core.main.TestCaseExecutor.accessMainPhase(TestCaseExecutor.java:299)
	at com.kms.katalon.core.main.TestCaseExecutor.execute(TestCaseExecutor.java:233)
	at com.kms.katalon.core.main.TestSuiteExecutor.accessTestCaseMainPhase(TestSuiteExecutor.java:169)
	at com.kms.katalon.core.main.TestSuiteExecutor.accessTestSuiteMainPhase(TestSuiteExecutor.java:142)
	at com.kms.katalon.core.main.TestSuiteExecutor.execute(TestSuiteExecutor.java:91)
	at com.kms.katalon.core.main.TestCaseMain.startTestSuite(TestCaseMain.java:157)
	at com.kms.katalon.core.main.TestCaseMain$startTestSuite$0.call(Unknown Source)
	at TempTestSuite1584598607274.run(TempTestSuite1584598607274.groovy:36)
Caused by: org.openqa.selenium.ElementNotInteractableException: element not interactable
  (Session info: chrome=80.0.3987.132)
Build info: version: '3.141.59', revision: 'e82be7d358', time: '2018-11-14T08:25:53'
System info: host: 'ARCADIER-03', ip: '192.168.254.105', os.name: 'Windows 7', os.arch: 'amd64', os.version: '6.1', java.version: '1.8.0_181'
Driver info: com.kms.katalon.core.webui.driver.ExistingRemoteWebDriver
Capabilities {javascriptEnabled: true, platform: ANY, platformName: ANY}
Session ID: 66da7635ded2d355388026ca8e7d8eff
	at org.openqa.selenium.remote.http.W3CHttpResponseCodec.createException(W3CHttpResponseCodec.java:187)
	at org.openqa.selenium.remote.http.W3CHttpResponseCodec.decode(W3CHttpResponseCodec.java:122)
	at org.openqa.selenium.remote.http.W3CHttpResponseCodec.decode(W3CHttpResponseCodec.java:49)
	at org.openqa.selenium.remote.HttpCommandExecutor.execute(HttpCommandExecutor.java:158)
	at org.openqa.selenium.remote.RemoteWebDriver.execute(RemoteWebDriver.java:552)
	at com.kms.katalon.core.webui.driver.ExistingRemoteWebDriver.execute(ExistingRemoteWebDriver.java:108)
	at org.openqa.selenium.remote.RemoteWebElement.execute(RemoteWebElement.java:285)
	at org.openqa.selenium.remote.RemoteWebElement.click(RemoteWebElement.java:84)
	at org.openqa.selenium.support.events.EventFiringWebDriver$EventFiringWebElement.lambda$new$0(EventFiringWebDriver.java:404)
	at com.sun.proxy.$Proxy9.click(Unknown Source)
	at org.openqa.selenium.support.events.EventFiringWebDriver$EventFiringWebElement.click(EventFiringWebDriver.java:417)
	at com.kms.katalon.core.webui.keyword.builtin.ClickKeyword$_click_closure1.doCall(ClickKeyword.groovy:69)
	at com.kms.katalon.core.webui.keyword.builtin.ClickKeyword$_click_closure1.call(ClickKeyword.groovy)
	at com.kms.katalon.core.webui.keyword.internal.WebUIKeywordMain.runKeyword(WebUIKeywordMain.groovy:20)
	at com.kms.katalon.core.webui.keyword.builtin.ClickKeyword.click(ClickKeyword.groovy:76)
	at com.kms.katalon.core.webui.keyword.builtin.ClickKeyword.execute(ClickKeyword.groovy:43)
	at com.kms.katalon.core.keyword.internal.KeywordExecutor.executeKeywordForPlatform(KeywordExecutor.groovy:72)
	at com.kms.katalon.core.webui.keyword.WebUiBuiltInKeywords.click(WebUiBuiltInKeywords.groovy:616)
	at com.kms.katalon.core.webui.keyword.WebUiBuiltInKeywords$click$0.call(Unknown Source)
	at Script1549506362832.run(Script1549506362832.groovy:28)
	... 13 more
)
[[ATTACHMENT|C:\\Katalon\\Arctick\\Reports\\20200319_141647\\Admin\\Admin Add Category\\20200319_141647\\1584600014464.png]]

2020-03-19 14:40:14 - [TEST_STEP][PASSED] - waitForPageLoad(0, STOP_ON_FAILURE): Wait for page load successfully

2020-03-19 14:40:14 - [MESSAGE][WARNING] - Timeout '0' is invalid. Using default page load timeout: '30'

2020-03-19 14:40:14 - [MESSAGE][PASSED] - Wait for page load successfully

2020-03-19 14:40:14 - [TEST_STEP][PASSED] - click(findTestObject("ADMIN/Categories/Category List/button_Add a Category")): Object: 'Object Repository/ADMIN/Categories/Category List/button_Add a Category' is clicked on

2020-03-19 14:40:15 - [MESSAGE][PASSED] - Object: 'Object Repository/ADMIN/Categories/Category List/button_Add a Category' is clicked on

2020-03-19 14:40:15 - [TEST_STEP][PASSED] - waitForElementPresent(findTestObject("ADMIN/Categories/Category/dropdown_Parent"), 2): Object 'Object Repository/ADMIN/Categories/Category/dropdown_Parent' is present

2020-03-19 14:40:15 - [MESSAGE][PASSED] - Object 'Object Repository/ADMIN/Categories/Category/dropdown_Parent' is present

2020-03-19 14:40:15 - [TEST_STEP][PASSED] - delay(1): Delayed 1 second(s)

2020-03-19 14:40:16 - [MESSAGE][PASSED] - Delayed 1 second(s)

2020-03-19 14:40:16 - [TEST_STEP][PASSED] - setText(findTestObject("ADMIN/Categories/Category/textfield_Category Name"), CategoryNametext): Text 'Category 16' is set on object 'Object Repository/ADMIN/Categories/Category/textfield_Category Name'

2020-03-19 14:40:16 - [MESSAGE][PASSED] - Text 'Category 16' is set on object 'Object Repository/ADMIN/Categories/Category/textfield_Category Name'

2020-03-19 14:40:16 - [TEST_STEP][PASSED] - click(findTestObject("ADMIN/Categories/Category/dropdown_Parent")): Object: 'Object Repository/ADMIN/Categories/Category/dropdown_Parent' is clicked on

2020-03-19 14:40:16 - [MESSAGE][PASSED] - Object: 'Object Repository/ADMIN/Categories/Category/dropdown_Parent' is clicked on

2020-03-19 14:40:16 - [TEST_STEP][PASSED] - delay(2): Delayed 2 second(s)

2020-03-19 14:40:18 - [MESSAGE][PASSED] - Delayed 2 second(s)

2020-03-19 14:40:18 - [TEST_STEP][PASSED] - click(findTestObject("ADMIN/Categories/Category/dropdown_Parent")): Object: 'Object Repository/ADMIN/Categories/Category/dropdown_Parent' is clicked on

2020-03-19 14:40:18 - [MESSAGE][PASSED] - Object: 'Object Repository/ADMIN/Categories/Category/dropdown_Parent' is clicked on

2020-03-19 14:40:18 - [TEST_STEP][PASSED] - selectOptionByLabel(findTestObject("ADMIN/Categories/Category/dropdown_Parent"), ParentName, false): All options with label '-' are selected in object 'Object Repository/ADMIN/Categories/Category/dropdown_Parent' 

2020-03-19 14:40:18 - [MESSAGE][PASSED] - All options with label '-' are selected in object 'Object Repository/ADMIN/Categories/Category/dropdown_Parent' 

2020-03-19 14:40:18 - [TEST_STEP][PASSED] - click(findTestObject("ADMIN/Categories/Category/button_Browse")): Object: 'Object Repository/ADMIN/Categories/Category/button_Browse' is clicked on

2020-03-19 14:40:18 - [MESSAGE][PASSED] - Object: 'Object Repository/ADMIN/Categories/Category/button_Browse' is clicked on

2020-03-19 14:40:18 - [TEST_STEP][PASSED] - delay(2): Delayed 2 second(s)

2020-03-19 14:40:20 - [MESSAGE][PASSED] - Delayed 2 second(s)

2020-03-19 14:40:20 - [TEST_STEP][PASSED] - uploadFile(findTestObject("ADMIN/Categories/Category/image_input image"), CategoryImageUpload): File 'C:\\Katalon\\Arctick\\Images\\Category\\16.png' sent to object: 'Object Repository/ADMIN/Categories/Category/image_input image'

2020-03-19 14:40:21 - [MESSAGE][PASSED] - File 'C:\\Katalon\\Arctick\\Images\\Category\\16.png' sent to object: 'Object Repository/ADMIN/Categories/Category/image_input image'

2020-03-19 14:40:21 - [TEST_STEP][PASSED] - waitForElementVisible(findTestObject("ADMIN/Categories/Category/button_upload check"), 0): Object 'Object Repository/ADMIN/Categories/Category/button_upload check' is visible

2020-03-19 14:40:21 - [MESSAGE][WARNING] - Timeout '0' is invalid. Using default page load timeout: '30'

2020-03-19 14:40:21 - [MESSAGE][PASSED] - Object 'Object Repository/ADMIN/Categories/Category/button_upload check' is visible

2020-03-19 14:40:21 - [TEST_STEP][PASSED] - click(findTestObject("ADMIN/Categories/Category/button_upload check")): Object: 'Object Repository/ADMIN/Categories/Category/button_upload check' is clicked on

2020-03-19 14:40:21 - [MESSAGE][PASSED] - Object: 'Object Repository/ADMIN/Categories/Category/button_upload check' is clicked on

2020-03-19 14:40:21 - [TEST_STEP][PASSED] - waitForElementVisible(findTestObject("ADMIN/Categories/Category/button_upload save"), 0): Object 'Object Repository/ADMIN/Categories/Category/button_upload save' is visible

2020-03-19 14:40:21 - [MESSAGE][WARNING] - Timeout '0' is invalid. Using default page load timeout: '30'

2020-03-19 14:40:21 - [MESSAGE][PASSED] - Object 'Object Repository/ADMIN/Categories/Category/button_upload save' is visible

2020-03-19 14:40:21 - [TEST_STEP][PASSED] - click(findTestObject("ADMIN/Categories/Category/button_upload save")): Object: 'Object Repository/ADMIN/Categories/Category/button_upload save' is clicked on

2020-03-19 14:40:21 - [MESSAGE][PASSED] - Object: 'Object Repository/ADMIN/Categories/Category/button_upload save' is clicked on

2020-03-19 14:40:21 - [TEST_STEP][PASSED] - setText(findTestObject("ADMIN/Categories/Category/textfield_category_description"), Description): Text 'Description72' is set on object 'Object Repository/ADMIN/Categories/Category/textfield_category_description'

2020-03-19 14:40:22 - [MESSAGE][PASSED] - Text 'Description72' is set on object 'Object Repository/ADMIN/Categories/Category/textfield_category_description'

2020-03-19 14:40:22 - [TEST_STEP][PASSED] - click(findTestObject("ADMIN/Categories/Category/button_Save")): Object: 'Object Repository/ADMIN/Categories/Category/button_Save' is clicked on

2020-03-19 14:40:22 - [MESSAGE][PASSED] - Object: 'Object Repository/ADMIN/Categories/Category/button_Save' is clicked on

2020-03-19 14:40:22 - [TEST_STEP][PASSED] - waitForElementVisible(findTestObject("ADMIN/Categories/Category/label_edit popup"), 0): Object 'Object Repository/ADMIN/Categories/Category/label_edit popup' is visible

2020-03-19 14:40:22 - [MESSAGE][WARNING] - Timeout '0' is invalid. Using default page load timeout: '30'

2020-03-19 14:40:22 - [MESSAGE][PASSED] - Object 'Object Repository/ADMIN/Categories/Category/label_edit popup' is visible

2020-03-19 14:40:22 - [TEST_STEP][PASSED] - waitForElementNotPresent(findTestObject("ADMIN/Categories/Category/label_edit popup"), 0): Web element with id: 'Object Repository/ADMIN/Categories/Category/label_edit popup' located by 'By.xpath: //div[(text() = 'Category was successfully saved.' or . = 'Category was successfully saved.')]' is not present after '30' second(s)

2020-03-19 14:40:22 - [MESSAGE][WARNING] - Timeout '0' is invalid. Using default page load timeout: '30'

2020-03-19 14:40:28 - [MESSAGE][PASSED] - Web element with id: 'Object Repository/ADMIN/Categories/Category/label_edit popup' located by 'By.xpath: //div[(text() = 'Category was successfully saved.' or . = 'Category was successfully saved.')]' is not present after '30' second(s)]]></system-out>
         <system-err><![CDATA[2020-03-19 14:40:14 - [TEST_CASE][FAILED] - Test Cases/ADMIN/Content Mgmt/Categories/Category Add-Edit/Add Category: Test Cases/ADMIN/Content Mgmt/Categories/Category Add-Edit/Add Category FAILED.
Reason:
com.kms.katalon.core.exception.StepFailedException: Unable to click on object 'Object Repository/ADMIN/Categories/Category List/button_Categories' (Root cause: com.kms.katalon.core.exception.StepFailedException: Unable to click on object 'Object Repository/ADMIN/Categories/Category List/button_Categories'
	at com.kms.katalon.core.webui.keyword.internal.WebUIKeywordMain.stepFailed(WebUIKeywordMain.groovy:64)
	at com.kms.katalon.core.webui.keyword.internal.WebUIKeywordMain.runKeyword(WebUIKeywordMain.groovy:26)
	at com.kms.katalon.core.webui.keyword.builtin.ClickKeyword.click(ClickKeyword.groovy:76)
	at com.kms.katalon.core.webui.keyword.builtin.ClickKeyword.execute(ClickKeyword.groovy:43)
	at com.kms.katalon.core.keyword.internal.KeywordExecutor.executeKeywordForPlatform(KeywordExecutor.groovy:72)
	at com.kms.katalon.core.webui.keyword.WebUiBuiltInKeywords.click(WebUiBuiltInKeywords.groovy:616)
	at com.kms.katalon.core.webui.keyword.WebUiBuiltInKeywords$click$0.call(Unknown Source)
	at Add Category.run(Add Category:28)
	at com.kms.katalon.core.main.ScriptEngine.run(ScriptEngine.java:194)
	at com.kms.katalon.core.main.ScriptEngine.runScriptAsRawText(ScriptEngine.java:119)
	at com.kms.katalon.core.main.TestCaseExecutor.runScript(TestCaseExecutor.java:337)
	at com.kms.katalon.core.main.TestCaseExecutor.doExecute(TestCaseExecutor.java:328)
	at com.kms.katalon.core.main.TestCaseExecutor.processExecutionPhase(TestCaseExecutor.java:307)
	at com.kms.katalon.core.main.TestCaseExecutor.accessMainPhase(TestCaseExecutor.java:299)
	at com.kms.katalon.core.main.TestCaseExecutor.execute(TestCaseExecutor.java:233)
	at com.kms.katalon.core.main.TestSuiteExecutor.accessTestCaseMainPhase(TestSuiteExecutor.java:169)
	at com.kms.katalon.core.main.TestSuiteExecutor.accessTestSuiteMainPhase(TestSuiteExecutor.java:142)
	at com.kms.katalon.core.main.TestSuiteExecutor.execute(TestSuiteExecutor.java:91)
	at com.kms.katalon.core.main.TestCaseMain.startTestSuite(TestCaseMain.java:157)
	at com.kms.katalon.core.main.TestCaseMain$startTestSuite$0.call(Unknown Source)
	at TempTestSuite1584598607274.run(TempTestSuite1584598607274.groovy:36)
Caused by: org.openqa.selenium.ElementNotInteractableException: element not interactable
  (Session info: chrome=80.0.3987.132)
Build info: version: '3.141.59', revision: 'e82be7d358', time: '2018-11-14T08:25:53'
System info: host: 'ARCADIER-03', ip: '192.168.254.105', os.name: 'Windows 7', os.arch: 'amd64', os.version: '6.1', java.version: '1.8.0_181'
Driver info: com.kms.katalon.core.webui.driver.ExistingRemoteWebDriver
Capabilities {javascriptEnabled: true, platform: ANY, platformName: ANY}
Session ID: 66da7635ded2d355388026ca8e7d8eff
	at org.openqa.selenium.remote.http.W3CHttpResponseCodec.createException(W3CHttpResponseCodec.java:187)
	at org.openqa.selenium.remote.http.W3CHttpResponseCodec.decode(W3CHttpResponseCodec.java:122)
	at org.openqa.selenium.remote.http.W3CHttpResponseCodec.decode(W3CHttpResponseCodec.java:49)
	at org.openqa.selenium.remote.HttpCommandExecutor.execute(HttpCommandExecutor.java:158)
	at org.openqa.selenium.remote.RemoteWebDriver.execute(RemoteWebDriver.java:552)
	at com.kms.katalon.core.webui.driver.ExistingRemoteWebDriver.execute(ExistingRemoteWebDriver.java:108)
	at org.openqa.selenium.remote.RemoteWebElement.execute(RemoteWebElement.java:285)
	at org.openqa.selenium.remote.RemoteWebElement.click(RemoteWebElement.java:84)
	at org.openqa.selenium.support.events.EventFiringWebDriver$EventFiringWebElement.lambda$new$0(EventFiringWebDriver.java:404)
	at com.sun.proxy.$Proxy9.click(Unknown Source)
	at org.openqa.selenium.support.events.EventFiringWebDriver$EventFiringWebElement.click(EventFiringWebDriver.java:417)
	at com.kms.katalon.core.webui.keyword.builtin.ClickKeyword$_click_closure1.doCall(ClickKeyword.groovy:69)
	at com.kms.katalon.core.webui.keyword.builtin.ClickKeyword$_click_closure1.call(ClickKeyword.groovy)
	at com.kms.katalon.core.webui.keyword.internal.WebUIKeywordMain.runKeyword(WebUIKeywordMain.groovy:20)
	at com.kms.katalon.core.webui.keyword.builtin.ClickKeyword.click(ClickKeyword.groovy:76)
	at com.kms.katalon.core.webui.keyword.builtin.ClickKeyword.execute(ClickKeyword.groovy:43)
	at com.kms.katalon.core.keyword.internal.KeywordExecutor.executeKeywordForPlatform(KeywordExecutor.groovy:72)
	at com.kms.katalon.core.webui.keyword.WebUiBuiltInKeywords.click(WebUiBuiltInKeywords.groovy:616)
	at com.kms.katalon.core.webui.keyword.WebUiBuiltInKeywords$click$0.call(Unknown Source)
	at Script1549506362832.run(Script1549506362832.groovy:28)
	... 13 more
)
	at com.kms.katalon.core.keyword.internal.KeywordMain.stepFailed(KeywordMain.groovy:39)
	at com.kms.katalon.core.webui.keyword.internal.WebUIKeywordMain.stepFailed(WebUIKeywordMain.groovy:64)
	at com.kms.katalon.core.webui.keyword.internal.WebUIKeywordMain.runKeyword(WebUIKeywordMain.groovy:26)
	at com.kms.katalon.core.webui.keyword.builtin.ClickKeyword.click(ClickKeyword.groovy:76)
	at com.kms.katalon.core.webui.keyword.builtin.ClickKeyword.execute(ClickKeyword.groovy:43)
	at com.kms.katalon.core.keyword.internal.KeywordExecutor.executeKeywordForPlatform(KeywordExecutor.groovy:72)
	at com.kms.katalon.core.webui.keyword.WebUiBuiltInKeywords.click(WebUiBuiltInKeywords.groovy:616)
	at com.kms.katalon.core.webui.keyword.WebUiBuiltInKeywords$click$0.call(Unknown Source)
	at Add Category.run(Add Category:28)
	at com.kms.katalon.core.main.ScriptEngine.run(ScriptEngine.java:194)
	at com.kms.katalon.core.main.ScriptEngine.runScriptAsRawText(ScriptEngine.java:119)
	at com.kms.katalon.core.main.TestCaseExecutor.runScript(TestCaseExecutor.java:337)
	at com.kms.katalon.core.main.TestCaseExecutor.doExecute(TestCaseExecutor.java:328)
	at com.kms.katalon.core.main.TestCaseExecutor.processExecutionPhase(TestCaseExecutor.java:307)
	at com.kms.katalon.core.main.TestCaseExecutor.accessMainPhase(TestCaseExecutor.java:299)
	at com.kms.katalon.core.main.TestCaseExecutor.execute(TestCaseExecutor.java:233)
	at com.kms.katalon.core.main.TestSuiteExecutor.accessTestCaseMainPhase(TestSuiteExecutor.java:169)
	at com.kms.katalon.core.main.TestSuiteExecutor.accessTestSuiteMainPhase(TestSuiteExecutor.java:142)
	at com.kms.katalon.core.main.TestSuiteExecutor.execute(TestSuiteExecutor.java:91)
	at com.kms.katalon.core.main.TestCaseMain.startTestSuite(TestCaseMain.java:157)
	at com.kms.katalon.core.main.TestCaseMain$startTestSuite$0.call(Unknown Source)
	at TempTestSuite1584598607274.run(TempTestSuite1584598607274.groovy:36)
Caused by: com.kms.katalon.core.exception.StepFailedException: Unable to click on object 'Object Repository/ADMIN/Categories/Category List/button_Categories'
	... 21 more
Caused by: org.openqa.selenium.ElementNotInteractableException: element not interactable
  (Session info: chrome=80.0.3987.132)
Build info: version: '3.141.59', revision: 'e82be7d358', time: '2018-11-14T08:25:53'
System info: host: 'ARCADIER-03', ip: '192.168.254.105', os.name: 'Windows 7', os.arch: 'amd64', os.version: '6.1', java.version: '1.8.0_181'
Driver info: com.kms.katalon.core.webui.driver.ExistingRemoteWebDriver
Capabilities {javascriptEnabled: true, platform: ANY, platformName: ANY}
Session ID: 66da7635ded2d355388026ca8e7d8eff
	at org.openqa.selenium.remote.http.W3CHttpResponseCodec.createException(W3CHttpResponseCodec.java:187)
	at org.openqa.selenium.remote.http.W3CHttpResponseCodec.decode(W3CHttpResponseCodec.java:122)
	at org.openqa.selenium.remote.http.W3CHttpResponseCodec.decode(W3CHttpResponseCodec.java:49)
	at org.openqa.selenium.remote.HttpCommandExecutor.execute(HttpCommandExecutor.java:158)
	at org.openqa.selenium.remote.RemoteWebDriver.execute(RemoteWebDriver.java:552)
	at com.kms.katalon.core.webui.driver.ExistingRemoteWebDriver.execute(ExistingRemoteWebDriver.java:108)
	at org.openqa.selenium.remote.RemoteWebElement.execute(RemoteWebElement.java:285)
	at org.openqa.selenium.remote.RemoteWebElement.click(RemoteWebElement.java:84)
	at org.openqa.selenium.support.events.EventFiringWebDriver$EventFiringWebElement.lambda$new$0(EventFiringWebDriver.java:404)
	at com.sun.proxy.$Proxy9.click(Unknown Source)
	at org.openqa.selenium.support.events.EventFiringWebDriver$EventFiringWebElement.click(EventFiringWebDriver.java:417)
	at com.kms.katalon.core.webui.keyword.builtin.ClickKeyword$_click_closure1.doCall(ClickKeyword.groovy:69)
	at com.kms.katalon.core.webui.keyword.builtin.ClickKeyword$_click_closure1.call(ClickKeyword.groovy)
	at com.kms.katalon.core.webui.keyword.internal.WebUIKeywordMain.runKeyword(WebUIKeywordMain.groovy:20)
	... 19 more]]></system-err>
      </testcase>
      <testcase name="Test Cases/ADMIN/Content Mgmt/Categories/Category Add-Edit/Add Category" time="14.528" classname="Test Cases/ADMIN/Content Mgmt/Categories/Category Add-Edit/Add Category" status="FAILED">
         <failure type="FAILED" message="Test Cases/ADMIN/Content Mgmt/Categories/Category Add-Edit/Add Category FAILED.
Reason:
com.kms.katalon.core.exception.StepFailedException: Unable to click on object 'Object Repository/ADMIN/Categories/Category List/button_Categories' (Root cause: com.kms.katalon.core.exception.StepFailedException: Unable to click on object 'Object Repository/ADMIN/Categories/Category List/button_Categories'
	at com.kms.katalon.core.webui.keyword.internal.WebUIKeywordMain.stepFailed(WebUIKeywordMain.groovy:64)
	at com.kms.katalon.core.webui.keyword.internal.WebUIKeywordMain.runKeyword(WebUIKeywordMain.groovy:26)
	at com.kms.katalon.core.webui.keyword.builtin.ClickKeyword.click(ClickKeyword.groovy:76)
	at com.kms.katalon.core.webui.keyword.builtin.ClickKeyword.execute(ClickKeyword.groovy:43)
	at com.kms.katalon.core.keyword.internal.KeywordExecutor.executeKeywordForPlatform(KeywordExecutor.groovy:72)
	at com.kms.katalon.core.webui.keyword.WebUiBuiltInKeywords.click(WebUiBuiltInKeywords.groovy:616)
	at com.kms.katalon.core.webui.keyword.WebUiBuiltInKeywords$click$0.call(Unknown Source)
	at Add Category.run(Add Category:28)
	at com.kms.katalon.core.main.ScriptEngine.run(ScriptEngine.java:194)
	at com.kms.katalon.core.main.ScriptEngine.runScriptAsRawText(ScriptEngine.java:119)
	at com.kms.katalon.core.main.TestCaseExecutor.runScript(TestCaseExecutor.java:337)
	at com.kms.katalon.core.main.TestCaseExecutor.doExecute(TestCaseExecutor.java:328)
	at com.kms.katalon.core.main.TestCaseExecutor.processExecutionPhase(TestCaseExecutor.java:307)
	at com.kms.katalon.core.main.TestCaseExecutor.accessMainPhase(TestCaseExecutor.java:299)
	at com.kms.katalon.core.main.TestCaseExecutor.execute(TestCaseExecutor.java:233)
	at com.kms.katalon.core.main.TestSuiteExecutor.accessTestCaseMainPhase(TestSuiteExecutor.java:169)
	at com.kms.katalon.core.main.TestSuiteExecutor.accessTestSuiteMainPhase(TestSuiteExecutor.java:142)
	at com.kms.katalon.core.main.TestSuiteExecutor.execute(TestSuiteExecutor.java:91)
	at com.kms.katalon.core.main.TestCaseMain.startTestSuite(TestCaseMain.java:157)
	at com.kms.katalon.core.main.TestCaseMain$startTestSuite$0.call(Unknown Source)
	at TempTestSuite1584598607274.run(TempTestSuite1584598607274.groovy:36)
Caused by: org.openqa.selenium.ElementNotInteractableException: element not interactable
  (Session info: chrome=80.0.3987.132)
Build info: version: '3.141.59', revision: 'e82be7d358', time: '2018-11-14T08:25:53'
System info: host: 'ARCADIER-03', ip: '192.168.254.105', os.name: 'Windows 7', os.arch: 'amd64', os.version: '6.1', java.version: '1.8.0_181'
Driver info: com.kms.katalon.core.webui.driver.ExistingRemoteWebDriver
Capabilities {javascriptEnabled: true, platform: ANY, platformName: ANY}
Session ID: 66da7635ded2d355388026ca8e7d8eff
	at org.openqa.selenium.remote.http.W3CHttpResponseCodec.createException(W3CHttpResponseCodec.java:187)
	at org.openqa.selenium.remote.http.W3CHttpResponseCodec.decode(W3CHttpResponseCodec.java:122)
	at org.openqa.selenium.remote.http.W3CHttpResponseCodec.decode(W3CHttpResponseCodec.java:49)
	at org.openqa.selenium.remote.HttpCommandExecutor.execute(HttpCommandExecutor.java:158)
	at org.openqa.selenium.remote.RemoteWebDriver.execute(RemoteWebDriver.java:552)
	at com.kms.katalon.core.webui.driver.ExistingRemoteWebDriver.execute(ExistingRemoteWebDriver.java:108)
	at org.openqa.selenium.remote.RemoteWebElement.execute(RemoteWebElement.java:285)
	at org.openqa.selenium.remote.RemoteWebElement.click(RemoteWebElement.java:84)
	at org.openqa.selenium.support.events.EventFiringWebDriver$EventFiringWebElement.lambda$new$0(EventFiringWebDriver.java:404)
	at com.sun.proxy.$Proxy9.click(Unknown Source)
	at org.openqa.selenium.support.events.EventFiringWebDriver$EventFiringWebElement.click(EventFiringWebDriver.java:417)
	at com.kms.katalon.core.webui.keyword.builtin.ClickKeyword$_click_closure1.doCall(ClickKeyword.groovy:69)
	at com.kms.katalon.core.webui.keyword.builtin.ClickKeyword$_click_closure1.call(ClickKeyword.groovy)
	at com.kms.katalon.core.webui.keyword.internal.WebUIKeywordMain.runKeyword(WebUIKeywordMain.groovy:20)
	at com.kms.katalon.core.webui.keyword.builtin.ClickKeyword.click(ClickKeyword.groovy:76)
	at com.kms.katalon.core.webui.keyword.builtin.ClickKeyword.execute(ClickKeyword.groovy:43)
	at com.kms.katalon.core.keyword.internal.KeywordExecutor.executeKeywordForPlatform(KeywordExecutor.groovy:72)
	at com.kms.katalon.core.webui.keyword.WebUiBuiltInKeywords.click(WebUiBuiltInKeywords.groovy:616)
	at com.kms.katalon.core.webui.keyword.WebUiBuiltInKeywords$click$0.call(Unknown Source)
	at Script1549506362832.run(Script1549506362832.groovy:28)
	... 13 more
)
	at com.kms.katalon.core.keyword.internal.KeywordMain.stepFailed(KeywordMain.groovy:39)
	at com.kms.katalon.core.webui.keyword.internal.WebUIKeywordMain.stepFailed(WebUIKeywordMain.groovy:64)
	at com.kms.katalon.core.webui.keyword.internal.WebUIKeywordMain.runKeyword(WebUIKeywordMain.groovy:26)
	at com.kms.katalon.core.webui.keyword.builtin.ClickKeyword.click(ClickKeyword.groovy:76)
	at com.kms.katalon.core.webui.keyword.builtin.ClickKeyword.execute(ClickKeyword.groovy:43)
	at com.kms.katalon.core.keyword.internal.KeywordExecutor.executeKeywordForPlatform(KeywordExecutor.groovy:72)
	at com.kms.katalon.core.webui.keyword.WebUiBuiltInKeywords.click(WebUiBuiltInKeywords.groovy:616)
	at com.kms.katalon.core.webui.keyword.WebUiBuiltInKeywords$click$0.call(Unknown Source)
	at Add Category.run(Add Category:28)
	at com.kms.katalon.core.main.ScriptEngine.run(ScriptEngine.java:194)
	at com.kms.katalon.core.main.ScriptEngine.runScriptAsRawText(ScriptEngine.java:119)
	at com.kms.katalon.core.main.TestCaseExecutor.runScript(TestCaseExecutor.java:337)
	at com.kms.katalon.core.main.TestCaseExecutor.doExecute(TestCaseExecutor.java:328)
	at com.kms.katalon.core.main.TestCaseExecutor.processExecutionPhase(TestCaseExecutor.java:307)
	at com.kms.katalon.core.main.TestCaseExecutor.accessMainPhase(TestCaseExecutor.java:299)
	at com.kms.katalon.core.main.TestCaseExecutor.execute(TestCaseExecutor.java:233)
	at com.kms.katalon.core.main.TestSuiteExecutor.accessTestCaseMainPhase(TestSuiteExecutor.java:169)
	at com.kms.katalon.core.main.TestSuiteExecutor.accessTestSuiteMainPhase(TestSuiteExecutor.java:142)
	at com.kms.katalon.core.main.TestSuiteExecutor.execute(TestSuiteExecutor.java:91)
	at com.kms.katalon.core.main.TestCaseMain.startTestSuite(TestCaseMain.java:157)
	at com.kms.katalon.core.main.TestCaseMain$startTestSuite$0.call(Unknown Source)
	at TempTestSuite1584598607274.run(TempTestSuite1584598607274.groovy:36)
Caused by: com.kms.katalon.core.exception.StepFailedException: Unable to click on object 'Object Repository/ADMIN/Categories/Category List/button_Categories'
	... 21 more
Caused by: org.openqa.selenium.ElementNotInteractableException: element not interactable
  (Session info: chrome=80.0.3987.132)
Build info: version: '3.141.59', revision: 'e82be7d358', time: '2018-11-14T08:25:53'
System info: host: 'ARCADIER-03', ip: '192.168.254.105', os.name: 'Windows 7', os.arch: 'amd64', os.version: '6.1', java.version: '1.8.0_181'
Driver info: com.kms.katalon.core.webui.driver.ExistingRemoteWebDriver
Capabilities {javascriptEnabled: true, platform: ANY, platformName: ANY}
Session ID: 66da7635ded2d355388026ca8e7d8eff
	at org.openqa.selenium.remote.http.W3CHttpResponseCodec.createException(W3CHttpResponseCodec.java:187)
	at org.openqa.selenium.remote.http.W3CHttpResponseCodec.decode(W3CHttpResponseCodec.java:122)
	at org.openqa.selenium.remote.http.W3CHttpResponseCodec.decode(W3CHttpResponseCodec.java:49)
	at org.openqa.selenium.remote.HttpCommandExecutor.execute(HttpCommandExecutor.java:158)
	at org.openqa.selenium.remote.RemoteWebDriver.execute(RemoteWebDriver.java:552)
	at com.kms.katalon.core.webui.driver.ExistingRemoteWebDriver.execute(ExistingRemoteWebDriver.java:108)
	at org.openqa.selenium.remote.RemoteWebElement.execute(RemoteWebElement.java:285)
	at org.openqa.selenium.remote.RemoteWebElement.click(RemoteWebElement.java:84)
	at org.openqa.selenium.support.events.EventFiringWebDriver$EventFiringWebElement.lambda$new$0(EventFiringWebDriver.java:404)
	at com.sun.proxy.$Proxy9.click(Unknown Source)
	at org.openqa.selenium.support.events.EventFiringWebDriver$EventFiringWebElement.click(EventFiringWebDriver.java:417)
	at com.kms.katalon.core.webui.keyword.builtin.ClickKeyword$_click_closure1.doCall(ClickKeyword.groovy:69)
	at com.kms.katalon.core.webui.keyword.builtin.ClickKeyword$_click_closure1.call(ClickKeyword.groovy)
	at com.kms.katalon.core.webui.keyword.internal.WebUIKeywordMain.runKeyword(WebUIKeywordMain.groovy:20)
	... 19 more
"/>
         <system-out><![CDATA[2020-03-19 14:40:28 - [TEST_CASE][FAILED] - Test Cases/ADMIN/Content Mgmt/Categories/Category Add-Edit/Add Category: Test Cases/ADMIN/Content Mgmt/Categories/Category Add-Edit/Add Category FAILED.
Reason:
com.kms.katalon.core.exception.StepFailedException: Unable to click on object 'Object Repository/ADMIN/Categories/Category List/button_Categories' (Root cause: com.kms.katalon.core.exception.StepFailedException: Unable to click on object 'Object Repository/ADMIN/Categories/Category List/button_Categories'
	at com.kms.katalon.core.webui.keyword.internal.WebUIKeywordMain.stepFailed(WebUIKeywordMain.groovy:64)
	at com.kms.katalon.core.webui.keyword.internal.WebUIKeywordMain.runKeyword(WebUIKeywordMain.groovy:26)
	at com.kms.katalon.core.webui.keyword.builtin.ClickKeyword.click(ClickKeyword.groovy:76)
	at com.kms.katalon.core.webui.keyword.builtin.ClickKeyword.execute(ClickKeyword.groovy:43)
	at com.kms.katalon.core.keyword.internal.KeywordExecutor.executeKeywordForPlatform(KeywordExecutor.groovy:72)
	at com.kms.katalon.core.webui.keyword.WebUiBuiltInKeywords.click(WebUiBuiltInKeywords.groovy:616)
	at com.kms.katalon.core.webui.keyword.WebUiBuiltInKeywords$click$0.call(Unknown Source)
	at Add Category.run(Add Category:28)
	at com.kms.katalon.core.main.ScriptEngine.run(ScriptEngine.java:194)
	at com.kms.katalon.core.main.ScriptEngine.runScriptAsRawText(ScriptEngine.java:119)
	at com.kms.katalon.core.main.TestCaseExecutor.runScript(TestCaseExecutor.java:337)
	at com.kms.katalon.core.main.TestCaseExecutor.doExecute(TestCaseExecutor.java:328)
	at com.kms.katalon.core.main.TestCaseExecutor.processExecutionPhase(TestCaseExecutor.java:307)
	at com.kms.katalon.core.main.TestCaseExecutor.accessMainPhase(TestCaseExecutor.java:299)
	at com.kms.katalon.core.main.TestCaseExecutor.execute(TestCaseExecutor.java:233)
	at com.kms.katalon.core.main.TestSuiteExecutor.accessTestCaseMainPhase(TestSuiteExecutor.java:169)
	at com.kms.katalon.core.main.TestSuiteExecutor.accessTestSuiteMainPhase(TestSuiteExecutor.java:142)
	at com.kms.katalon.core.main.TestSuiteExecutor.execute(TestSuiteExecutor.java:91)
	at com.kms.katalon.core.main.TestCaseMain.startTestSuite(TestCaseMain.java:157)
	at com.kms.katalon.core.main.TestCaseMain$startTestSuite$0.call(Unknown Source)
	at TempTestSuite1584598607274.run(TempTestSuite1584598607274.groovy:36)
Caused by: org.openqa.selenium.ElementNotInteractableException: element not interactable
  (Session info: chrome=80.0.3987.132)
Build info: version: '3.141.59', revision: 'e82be7d358', time: '2018-11-14T08:25:53'
System info: host: 'ARCADIER-03', ip: '192.168.254.105', os.name: 'Windows 7', os.arch: 'amd64', os.version: '6.1', java.version: '1.8.0_181'
Driver info: com.kms.katalon.core.webui.driver.ExistingRemoteWebDriver
Capabilities {javascriptEnabled: true, platform: ANY, platformName: ANY}
Session ID: 66da7635ded2d355388026ca8e7d8eff
	at org.openqa.selenium.remote.http.W3CHttpResponseCodec.createException(W3CHttpResponseCodec.java:187)
	at org.openqa.selenium.remote.http.W3CHttpResponseCodec.decode(W3CHttpResponseCodec.java:122)
	at org.openqa.selenium.remote.http.W3CHttpResponseCodec.decode(W3CHttpResponseCodec.java:49)
	at org.openqa.selenium.remote.HttpCommandExecutor.execute(HttpCommandExecutor.java:158)
	at org.openqa.selenium.remote.RemoteWebDriver.execute(RemoteWebDriver.java:552)
	at com.kms.katalon.core.webui.driver.ExistingRemoteWebDriver.execute(ExistingRemoteWebDriver.java:108)
	at org.openqa.selenium.remote.RemoteWebElement.execute(RemoteWebElement.java:285)
	at org.openqa.selenium.remote.RemoteWebElement.click(RemoteWebElement.java:84)
	at org.openqa.selenium.support.events.EventFiringWebDriver$EventFiringWebElement.lambda$new$0(EventFiringWebDriver.java:404)
	at com.sun.proxy.$Proxy9.click(Unknown Source)
	at org.openqa.selenium.support.events.EventFiringWebDriver$EventFiringWebElement.click(EventFiringWebDriver.java:417)
	at com.kms.katalon.core.webui.keyword.builtin.ClickKeyword$_click_closure1.doCall(ClickKeyword.groovy:69)
	at com.kms.katalon.core.webui.keyword.builtin.ClickKeyword$_click_closure1.call(ClickKeyword.groovy)
	at com.kms.katalon.core.webui.keyword.internal.WebUIKeywordMain.runKeyword(WebUIKeywordMain.groovy:20)
	at com.kms.katalon.core.webui.keyword.builtin.ClickKeyword.click(ClickKeyword.groovy:76)
	at com.kms.katalon.core.webui.keyword.builtin.ClickKeyword.execute(ClickKeyword.groovy:43)
	at com.kms.katalon.core.keyword.internal.KeywordExecutor.executeKeywordForPlatform(KeywordExecutor.groovy:72)
	at com.kms.katalon.core.webui.keyword.WebUiBuiltInKeywords.click(WebUiBuiltInKeywords.groovy:616)
	at com.kms.katalon.core.webui.keyword.WebUiBuiltInKeywords$click$0.call(Unknown Source)
	at Script1549506362832.run(Script1549506362832.groovy:28)
	... 13 more
)
	at com.kms.katalon.core.keyword.internal.KeywordMain.stepFailed(KeywordMain.groovy:39)
	at com.kms.katalon.core.webui.keyword.internal.WebUIKeywordMain.stepFailed(WebUIKeywordMain.groovy:64)
	at com.kms.katalon.core.webui.keyword.internal.WebUIKeywordMain.runKeyword(WebUIKeywordMain.groovy:26)
	at com.kms.katalon.core.webui.keyword.builtin.ClickKeyword.click(ClickKeyword.groovy:76)
	at com.kms.katalon.core.webui.keyword.builtin.ClickKeyword.execute(ClickKeyword.groovy:43)
	at com.kms.katalon.core.keyword.internal.KeywordExecutor.executeKeywordForPlatform(KeywordExecutor.groovy:72)
	at com.kms.katalon.core.webui.keyword.WebUiBuiltInKeywords.click(WebUiBuiltInKeywords.groovy:616)
	at com.kms.katalon.core.webui.keyword.WebUiBuiltInKeywords$click$0.call(Unknown Source)
	at Add Category.run(Add Category:28)
	at com.kms.katalon.core.main.ScriptEngine.run(ScriptEngine.java:194)
	at com.kms.katalon.core.main.ScriptEngine.runScriptAsRawText(ScriptEngine.java:119)
	at com.kms.katalon.core.main.TestCaseExecutor.runScript(TestCaseExecutor.java:337)
	at com.kms.katalon.core.main.TestCaseExecutor.doExecute(TestCaseExecutor.java:328)
	at com.kms.katalon.core.main.TestCaseExecutor.processExecutionPhase(TestCaseExecutor.java:307)
	at com.kms.katalon.core.main.TestCaseExecutor.accessMainPhase(TestCaseExecutor.java:299)
	at com.kms.katalon.core.main.TestCaseExecutor.execute(TestCaseExecutor.java:233)
	at com.kms.katalon.core.main.TestSuiteExecutor.accessTestCaseMainPhase(TestSuiteExecutor.java:169)
	at com.kms.katalon.core.main.TestSuiteExecutor.accessTestSuiteMainPhase(TestSuiteExecutor.java:142)
	at com.kms.katalon.core.main.TestSuiteExecutor.execute(TestSuiteExecutor.java:91)
	at com.kms.katalon.core.main.TestCaseMain.startTestSuite(TestCaseMain.java:157)
	at com.kms.katalon.core.main.TestCaseMain$startTestSuite$0.call(Unknown Source)
	at TempTestSuite1584598607274.run(TempTestSuite1584598607274.groovy:36)
Caused by: com.kms.katalon.core.exception.StepFailedException: Unable to click on object 'Object Repository/ADMIN/Categories/Category List/button_Categories'
	... 21 more
Caused by: org.openqa.selenium.ElementNotInteractableException: element not interactable
  (Session info: chrome=80.0.3987.132)
Build info: version: '3.141.59', revision: 'e82be7d358', time: '2018-11-14T08:25:53'
System info: host: 'ARCADIER-03', ip: '192.168.254.105', os.name: 'Windows 7', os.arch: 'amd64', os.version: '6.1', java.version: '1.8.0_181'
Driver info: com.kms.katalon.core.webui.driver.ExistingRemoteWebDriver
Capabilities {javascriptEnabled: true, platform: ANY, platformName: ANY}
Session ID: 66da7635ded2d355388026ca8e7d8eff
	at org.openqa.selenium.remote.http.W3CHttpResponseCodec.createException(W3CHttpResponseCodec.java:187)
	at org.openqa.selenium.remote.http.W3CHttpResponseCodec.decode(W3CHttpResponseCodec.java:122)
	at org.openqa.selenium.remote.http.W3CHttpResponseCodec.decode(W3CHttpResponseCodec.java:49)
	at org.openqa.selenium.remote.HttpCommandExecutor.execute(HttpCommandExecutor.java:158)
	at org.openqa.selenium.remote.RemoteWebDriver.execute(RemoteWebDriver.java:552)
	at com.kms.katalon.core.webui.driver.ExistingRemoteWebDriver.execute(ExistingRemoteWebDriver.java:108)
	at org.openqa.selenium.remote.RemoteWebElement.execute(RemoteWebElement.java:285)
	at org.openqa.selenium.remote.RemoteWebElement.click(RemoteWebElement.java:84)
	at org.openqa.selenium.support.events.EventFiringWebDriver$EventFiringWebElement.lambda$new$0(EventFiringWebDriver.java:404)
	at com.sun.proxy.$Proxy9.click(Unknown Source)
	at org.openqa.selenium.support.events.EventFiringWebDriver$EventFiringWebElement.click(EventFiringWebDriver.java:417)
	at com.kms.katalon.core.webui.keyword.builtin.ClickKeyword$_click_closure1.doCall(ClickKeyword.groovy:69)
	at com.kms.katalon.core.webui.keyword.builtin.ClickKeyword$_click_closure1.call(ClickKeyword.groovy)
	at com.kms.katalon.core.webui.keyword.internal.WebUIKeywordMain.runKeyword(WebUIKeywordMain.groovy:20)
	... 19 more


2020-03-19 14:40:28 - [TEST_STEP][PASSED] - waitForElementVisible(findTestObject("ADMIN/Categories/Category List/button_Content Mgmt"), 0): Object 'Object Repository/ADMIN/Categories/Category List/button_Content Mgmt' is visible

2020-03-19 14:40:28 - [MESSAGE][WARNING] - Timeout '0' is invalid. Using default page load timeout: '30'

2020-03-19 14:40:28 - [MESSAGE][PASSED] - Object 'Object Repository/ADMIN/Categories/Category List/button_Content Mgmt' is visible

2020-03-19 14:40:28 - [TEST_STEP][PASSED] - click(findTestObject("ADMIN/Categories/Category List/button_Content Mgmt")): Object: 'Object Repository/ADMIN/Categories/Category List/button_Content Mgmt' is clicked on

2020-03-19 14:40:29 - [MESSAGE][PASSED] - Object: 'Object Repository/ADMIN/Categories/Category List/button_Content Mgmt' is clicked on

2020-03-19 14:40:29 - [TEST_STEP][PASSED] - waitForElementVisible(findTestObject("ADMIN/Categories/Category List/button_Categories"), 0): Object 'Object Repository/ADMIN/Categories/Category List/button_Categories' is visible

2020-03-19 14:40:29 - [MESSAGE][WARNING] - Timeout '0' is invalid. Using default page load timeout: '30'

2020-03-19 14:40:29 - [MESSAGE][PASSED] - Object 'Object Repository/ADMIN/Categories/Category List/button_Categories' is visible

2020-03-19 14:40:29 - [TEST_STEP][FAILED] - click(findTestObject("ADMIN/Categories/Category List/button_Categories")): Unable to click on object 'Object Repository/ADMIN/Categories/Category List/button_Categories' (Root cause: com.kms.katalon.core.exception.StepFailedException: Unable to click on object 'Object Repository/ADMIN/Categories/Category List/button_Categories'
	at com.kms.katalon.core.webui.keyword.internal.WebUIKeywordMain.stepFailed(WebUIKeywordMain.groovy:64)
	at com.kms.katalon.core.webui.keyword.internal.WebUIKeywordMain.runKeyword(WebUIKeywordMain.groovy:26)
	at com.kms.katalon.core.webui.keyword.builtin.ClickKeyword.click(ClickKeyword.groovy:76)
	at com.kms.katalon.core.webui.keyword.builtin.ClickKeyword.execute(ClickKeyword.groovy:43)
	at com.kms.katalon.core.keyword.internal.KeywordExecutor.executeKeywordForPlatform(KeywordExecutor.groovy:72)
	at com.kms.katalon.core.webui.keyword.WebUiBuiltInKeywords.click(WebUiBuiltInKeywords.groovy:616)
	at com.kms.katalon.core.webui.keyword.WebUiBuiltInKeywords$click$0.call(Unknown Source)
	at Add Category.run(Add Category:28)
	at com.kms.katalon.core.main.ScriptEngine.run(ScriptEngine.java:194)
	at com.kms.katalon.core.main.ScriptEngine.runScriptAsRawText(ScriptEngine.java:119)
	at com.kms.katalon.core.main.TestCaseExecutor.runScript(TestCaseExecutor.java:337)
	at com.kms.katalon.core.main.TestCaseExecutor.doExecute(TestCaseExecutor.java:328)
	at com.kms.katalon.core.main.TestCaseExecutor.processExecutionPhase(TestCaseExecutor.java:307)
	at com.kms.katalon.core.main.TestCaseExecutor.accessMainPhase(TestCaseExecutor.java:299)
	at com.kms.katalon.core.main.TestCaseExecutor.execute(TestCaseExecutor.java:233)
	at com.kms.katalon.core.main.TestSuiteExecutor.accessTestCaseMainPhase(TestSuiteExecutor.java:169)
	at com.kms.katalon.core.main.TestSuiteExecutor.accessTestSuiteMainPhase(TestSuiteExecutor.java:142)
	at com.kms.katalon.core.main.TestSuiteExecutor.execute(TestSuiteExecutor.java:91)
	at com.kms.katalon.core.main.TestCaseMain.startTestSuite(TestCaseMain.java:157)
	at com.kms.katalon.core.main.TestCaseMain$startTestSuite$0.call(Unknown Source)
	at TempTestSuite1584598607274.run(TempTestSuite1584598607274.groovy:36)
Caused by: org.openqa.selenium.ElementNotInteractableException: element not interactable
  (Session info: chrome=80.0.3987.132)
Build info: version: '3.141.59', revision: 'e82be7d358', time: '2018-11-14T08:25:53'
System info: host: 'ARCADIER-03', ip: '192.168.254.105', os.name: 'Windows 7', os.arch: 'amd64', os.version: '6.1', java.version: '1.8.0_181'
Driver info: com.kms.katalon.core.webui.driver.ExistingRemoteWebDriver
Capabilities {javascriptEnabled: true, platform: ANY, platformName: ANY}
Session ID: 66da7635ded2d355388026ca8e7d8eff
	at org.openqa.selenium.remote.http.W3CHttpResponseCodec.createException(W3CHttpResponseCodec.java:187)
	at org.openqa.selenium.remote.http.W3CHttpResponseCodec.decode(W3CHttpResponseCodec.java:122)
	at org.openqa.selenium.remote.http.W3CHttpResponseCodec.decode(W3CHttpResponseCodec.java:49)
	at org.openqa.selenium.remote.HttpCommandExecutor.execute(HttpCommandExecutor.java:158)
	at org.openqa.selenium.remote.RemoteWebDriver.execute(RemoteWebDriver.java:552)
	at com.kms.katalon.core.webui.driver.ExistingRemoteWebDriver.execute(ExistingRemoteWebDriver.java:108)
	at org.openqa.selenium.remote.RemoteWebElement.execute(RemoteWebElement.java:285)
	at org.openqa.selenium.remote.RemoteWebElement.click(RemoteWebElement.java:84)
	at org.openqa.selenium.support.events.EventFiringWebDriver$EventFiringWebElement.lambda$new$0(EventFiringWebDriver.java:404)
	at com.sun.proxy.$Proxy9.click(Unknown Source)
	at org.openqa.selenium.support.events.EventFiringWebDriver$EventFiringWebElement.click(EventFiringWebDriver.java:417)
	at com.kms.katalon.core.webui.keyword.builtin.ClickKeyword$_click_closure1.doCall(ClickKeyword.groovy:69)
	at com.kms.katalon.core.webui.keyword.builtin.ClickKeyword$_click_closure1.call(ClickKeyword.groovy)
	at com.kms.katalon.core.webui.keyword.internal.WebUIKeywordMain.runKeyword(WebUIKeywordMain.groovy:20)
	at com.kms.katalon.core.webui.keyword.builtin.ClickKeyword.click(ClickKeyword.groovy:76)
	at com.kms.katalon.core.webui.keyword.builtin.ClickKeyword.execute(ClickKeyword.groovy:43)
	at com.kms.katalon.core.keyword.internal.KeywordExecutor.executeKeywordForPlatform(KeywordExecutor.groovy:72)
	at com.kms.katalon.core.webui.keyword.WebUiBuiltInKeywords.click(WebUiBuiltInKeywords.groovy:616)
	at com.kms.katalon.core.webui.keyword.WebUiBuiltInKeywords$click$0.call(Unknown Source)
	at Script1549506362832.run(Script1549506362832.groovy:28)
	... 13 more
)

2020-03-19 14:40:29 - [MESSAGE][FAILED] - Unable to click on object 'Object Repository/ADMIN/Categories/Category List/button_Categories' (Root cause: com.kms.katalon.core.exception.StepFailedException: Unable to click on object 'Object Repository/ADMIN/Categories/Category List/button_Categories'
	at com.kms.katalon.core.webui.keyword.internal.WebUIKeywordMain.stepFailed(WebUIKeywordMain.groovy:64)
	at com.kms.katalon.core.webui.keyword.internal.WebUIKeywordMain.runKeyword(WebUIKeywordMain.groovy:26)
	at com.kms.katalon.core.webui.keyword.builtin.ClickKeyword.click(ClickKeyword.groovy:76)
	at com.kms.katalon.core.webui.keyword.builtin.ClickKeyword.execute(ClickKeyword.groovy:43)
	at com.kms.katalon.core.keyword.internal.KeywordExecutor.executeKeywordForPlatform(KeywordExecutor.groovy:72)
	at com.kms.katalon.core.webui.keyword.WebUiBuiltInKeywords.click(WebUiBuiltInKeywords.groovy:616)
	at com.kms.katalon.core.webui.keyword.WebUiBuiltInKeywords$click$0.call(Unknown Source)
	at Add Category.run(Add Category:28)
	at com.kms.katalon.core.main.ScriptEngine.run(ScriptEngine.java:194)
	at com.kms.katalon.core.main.ScriptEngine.runScriptAsRawText(ScriptEngine.java:119)
	at com.kms.katalon.core.main.TestCaseExecutor.runScript(TestCaseExecutor.java:337)
	at com.kms.katalon.core.main.TestCaseExecutor.doExecute(TestCaseExecutor.java:328)
	at com.kms.katalon.core.main.TestCaseExecutor.processExecutionPhase(TestCaseExecutor.java:307)
	at com.kms.katalon.core.main.TestCaseExecutor.accessMainPhase(TestCaseExecutor.java:299)
	at com.kms.katalon.core.main.TestCaseExecutor.execute(TestCaseExecutor.java:233)
	at com.kms.katalon.core.main.TestSuiteExecutor.accessTestCaseMainPhase(TestSuiteExecutor.java:169)
	at com.kms.katalon.core.main.TestSuiteExecutor.accessTestSuiteMainPhase(TestSuiteExecutor.java:142)
	at com.kms.katalon.core.main.TestSuiteExecutor.execute(TestSuiteExecutor.java:91)
	at com.kms.katalon.core.main.TestCaseMain.startTestSuite(TestCaseMain.java:157)
	at com.kms.katalon.core.main.TestCaseMain$startTestSuite$0.call(Unknown Source)
	at TempTestSuite1584598607274.run(TempTestSuite1584598607274.groovy:36)
Caused by: org.openqa.selenium.ElementNotInteractableException: element not interactable
  (Session info: chrome=80.0.3987.132)
Build info: version: '3.141.59', revision: 'e82be7d358', time: '2018-11-14T08:25:53'
System info: host: 'ARCADIER-03', ip: '192.168.254.105', os.name: 'Windows 7', os.arch: 'amd64', os.version: '6.1', java.version: '1.8.0_181'
Driver info: com.kms.katalon.core.webui.driver.ExistingRemoteWebDriver
Capabilities {javascriptEnabled: true, platform: ANY, platformName: ANY}
Session ID: 66da7635ded2d355388026ca8e7d8eff
	at org.openqa.selenium.remote.http.W3CHttpResponseCodec.createException(W3CHttpResponseCodec.java:187)
	at org.openqa.selenium.remote.http.W3CHttpResponseCodec.decode(W3CHttpResponseCodec.java:122)
	at org.openqa.selenium.remote.http.W3CHttpResponseCodec.decode(W3CHttpResponseCodec.java:49)
	at org.openqa.selenium.remote.HttpCommandExecutor.execute(HttpCommandExecutor.java:158)
	at org.openqa.selenium.remote.RemoteWebDriver.execute(RemoteWebDriver.java:552)
	at com.kms.katalon.core.webui.driver.ExistingRemoteWebDriver.execute(ExistingRemoteWebDriver.java:108)
	at org.openqa.selenium.remote.RemoteWebElement.execute(RemoteWebElement.java:285)
	at org.openqa.selenium.remote.RemoteWebElement.click(RemoteWebElement.java:84)
	at org.openqa.selenium.support.events.EventFiringWebDriver$EventFiringWebElement.lambda$new$0(EventFiringWebDriver.java:404)
	at com.sun.proxy.$Proxy9.click(Unknown Source)
	at org.openqa.selenium.support.events.EventFiringWebDriver$EventFiringWebElement.click(EventFiringWebDriver.java:417)
	at com.kms.katalon.core.webui.keyword.builtin.ClickKeyword$_click_closure1.doCall(ClickKeyword.groovy:69)
	at com.kms.katalon.core.webui.keyword.builtin.ClickKeyword$_click_closure1.call(ClickKeyword.groovy)
	at com.kms.katalon.core.webui.keyword.internal.WebUIKeywordMain.runKeyword(WebUIKeywordMain.groovy:20)
	at com.kms.katalon.core.webui.keyword.builtin.ClickKeyword.click(ClickKeyword.groovy:76)
	at com.kms.katalon.core.webui.keyword.builtin.ClickKeyword.execute(ClickKeyword.groovy:43)
	at com.kms.katalon.core.keyword.internal.KeywordExecutor.executeKeywordForPlatform(KeywordExecutor.groovy:72)
	at com.kms.katalon.core.webui.keyword.WebUiBuiltInKeywords.click(WebUiBuiltInKeywords.groovy:616)
	at com.kms.katalon.core.webui.keyword.WebUiBuiltInKeywords$click$0.call(Unknown Source)
	at Script1549506362832.run(Script1549506362832.groovy:28)
	... 13 more
)
[[ATTACHMENT|C:\\Katalon\\Arctick\\Reports\\20200319_141647\\Admin\\Admin Add Category\\20200319_141647\\1584600029194.png]]

2020-03-19 14:40:29 - [TEST_STEP][PASSED] - waitForPageLoad(0, STOP_ON_FAILURE): Wait for page load successfully

2020-03-19 14:40:29 - [MESSAGE][WARNING] - Timeout '0' is invalid. Using default page load timeout: '30'

2020-03-19 14:40:29 - [MESSAGE][PASSED] - Wait for page load successfully

2020-03-19 14:40:29 - [TEST_STEP][PASSED] - click(findTestObject("ADMIN/Categories/Category List/button_Add a Category")): Object: 'Object Repository/ADMIN/Categories/Category List/button_Add a Category' is clicked on

2020-03-19 14:40:29 - [MESSAGE][PASSED] - Object: 'Object Repository/ADMIN/Categories/Category List/button_Add a Category' is clicked on

2020-03-19 14:40:29 - [TEST_STEP][PASSED] - waitForElementPresent(findTestObject("ADMIN/Categories/Category/dropdown_Parent"), 2): Object 'Object Repository/ADMIN/Categories/Category/dropdown_Parent' is present

2020-03-19 14:40:29 - [MESSAGE][PASSED] - Object 'Object Repository/ADMIN/Categories/Category/dropdown_Parent' is present

2020-03-19 14:40:29 - [TEST_STEP][PASSED] - delay(1): Delayed 1 second(s)

2020-03-19 14:40:30 - [MESSAGE][PASSED] - Delayed 1 second(s)

2020-03-19 14:40:30 - [TEST_STEP][PASSED] - setText(findTestObject("ADMIN/Categories/Category/textfield_Category Name"), CategoryNametext): Text 'Category 17' is set on object 'Object Repository/ADMIN/Categories/Category/textfield_Category Name'

2020-03-19 14:40:31 - [MESSAGE][PASSED] - Text 'Category 17' is set on object 'Object Repository/ADMIN/Categories/Category/textfield_Category Name'

2020-03-19 14:40:31 - [TEST_STEP][PASSED] - click(findTestObject("ADMIN/Categories/Category/dropdown_Parent")): Object: 'Object Repository/ADMIN/Categories/Category/dropdown_Parent' is clicked on

2020-03-19 14:40:31 - [MESSAGE][PASSED] - Object: 'Object Repository/ADMIN/Categories/Category/dropdown_Parent' is clicked on

2020-03-19 14:40:31 - [TEST_STEP][PASSED] - delay(2): Delayed 2 second(s)

2020-03-19 14:40:33 - [MESSAGE][PASSED] - Delayed 2 second(s)

2020-03-19 14:40:33 - [TEST_STEP][PASSED] - click(findTestObject("ADMIN/Categories/Category/dropdown_Parent")): Object: 'Object Repository/ADMIN/Categories/Category/dropdown_Parent' is clicked on

2020-03-19 14:40:33 - [MESSAGE][PASSED] - Object: 'Object Repository/ADMIN/Categories/Category/dropdown_Parent' is clicked on

2020-03-19 14:40:33 - [TEST_STEP][PASSED] - selectOptionByLabel(findTestObject("ADMIN/Categories/Category/dropdown_Parent"), ParentName, false): All options with label '-' are selected in object 'Object Repository/ADMIN/Categories/Category/dropdown_Parent' 

2020-03-19 14:40:33 - [MESSAGE][PASSED] - All options with label '-' are selected in object 'Object Repository/ADMIN/Categories/Category/dropdown_Parent' 

2020-03-19 14:40:33 - [TEST_STEP][PASSED] - click(findTestObject("ADMIN/Categories/Category/button_Browse")): Object: 'Object Repository/ADMIN/Categories/Category/button_Browse' is clicked on

2020-03-19 14:40:33 - [MESSAGE][PASSED] - Object: 'Object Repository/ADMIN/Categories/Category/button_Browse' is clicked on

2020-03-19 14:40:33 - [TEST_STEP][PASSED] - delay(2): Delayed 2 second(s)

2020-03-19 14:40:35 - [MESSAGE][PASSED] - Delayed 2 second(s)

2020-03-19 14:40:35 - [TEST_STEP][PASSED] - uploadFile(findTestObject("ADMIN/Categories/Category/image_input image"), CategoryImageUpload): File 'C:\\Katalon\\Arctick\\Images\\Category\\17.png' sent to object: 'Object Repository/ADMIN/Categories/Category/image_input image'

2020-03-19 14:40:35 - [MESSAGE][PASSED] - File 'C:\\Katalon\\Arctick\\Images\\Category\\17.png' sent to object: 'Object Repository/ADMIN/Categories/Category/image_input image'

2020-03-19 14:40:35 - [TEST_STEP][PASSED] - waitForElementVisible(findTestObject("ADMIN/Categories/Category/button_upload check"), 0): Object 'Object Repository/ADMIN/Categories/Category/button_upload check' is visible

2020-03-19 14:40:36 - [MESSAGE][WARNING] - Timeout '0' is invalid. Using default page load timeout: '30'

2020-03-19 14:40:36 - [MESSAGE][PASSED] - Object 'Object Repository/ADMIN/Categories/Category/button_upload check' is visible

2020-03-19 14:40:36 - [TEST_STEP][PASSED] - click(findTestObject("ADMIN/Categories/Category/button_upload check")): Object: 'Object Repository/ADMIN/Categories/Category/button_upload check' is clicked on

2020-03-19 14:40:36 - [MESSAGE][PASSED] - Object: 'Object Repository/ADMIN/Categories/Category/button_upload check' is clicked on

2020-03-19 14:40:36 - [TEST_STEP][PASSED] - waitForElementVisible(findTestObject("ADMIN/Categories/Category/button_upload save"), 0): Object 'Object Repository/ADMIN/Categories/Category/button_upload save' is visible

2020-03-19 14:40:36 - [MESSAGE][WARNING] - Timeout '0' is invalid. Using default page load timeout: '30'

2020-03-19 14:40:36 - [MESSAGE][PASSED] - Object 'Object Repository/ADMIN/Categories/Category/button_upload save' is visible

2020-03-19 14:40:36 - [TEST_STEP][PASSED] - click(findTestObject("ADMIN/Categories/Category/button_upload save")): Object: 'Object Repository/ADMIN/Categories/Category/button_upload save' is clicked on

2020-03-19 14:40:36 - [MESSAGE][PASSED] - Object: 'Object Repository/ADMIN/Categories/Category/button_upload save' is clicked on

2020-03-19 14:40:36 - [TEST_STEP][PASSED] - setText(findTestObject("ADMIN/Categories/Category/textfield_category_description"), Description): Text 'Description73' is set on object 'Object Repository/ADMIN/Categories/Category/textfield_category_description'

2020-03-19 14:40:36 - [MESSAGE][PASSED] - Text 'Description73' is set on object 'Object Repository/ADMIN/Categories/Category/textfield_category_description'

2020-03-19 14:40:36 - [TEST_STEP][PASSED] - click(findTestObject("ADMIN/Categories/Category/button_Save")): Object: 'Object Repository/ADMIN/Categories/Category/button_Save' is clicked on

2020-03-19 14:40:37 - [MESSAGE][PASSED] - Object: 'Object Repository/ADMIN/Categories/Category/button_Save' is clicked on

2020-03-19 14:40:37 - [TEST_STEP][PASSED] - waitForElementVisible(findTestObject("ADMIN/Categories/Category/label_edit popup"), 0): Object 'Object Repository/ADMIN/Categories/Category/label_edit popup' is visible

2020-03-19 14:40:37 - [MESSAGE][WARNING] - Timeout '0' is invalid. Using default page load timeout: '30'

2020-03-19 14:40:37 - [MESSAGE][PASSED] - Object 'Object Repository/ADMIN/Categories/Category/label_edit popup' is visible

2020-03-19 14:40:37 - [TEST_STEP][PASSED] - waitForElementNotPresent(findTestObject("ADMIN/Categories/Category/label_edit popup"), 0): Web element with id: 'Object Repository/ADMIN/Categories/Category/label_edit popup' located by 'By.xpath: //div[(text() = 'Category was successfully saved.' or . = 'Category was successfully saved.')]' is not present after '30' second(s)

2020-03-19 14:40:37 - [MESSAGE][WARNING] - Timeout '0' is invalid. Using default page load timeout: '30'

2020-03-19 14:40:43 - [MESSAGE][PASSED] - Web element with id: 'Object Repository/ADMIN/Categories/Category/label_edit popup' located by 'By.xpath: //div[(text() = 'Category was successfully saved.' or . = 'Category was successfully saved.')]' is not present after '30' second(s)]]></system-out>
         <system-err><![CDATA[2020-03-19 14:40:28 - [TEST_CASE][FAILED] - Test Cases/ADMIN/Content Mgmt/Categories/Category Add-Edit/Add Category: Test Cases/ADMIN/Content Mgmt/Categories/Category Add-Edit/Add Category FAILED.
Reason:
com.kms.katalon.core.exception.StepFailedException: Unable to click on object 'Object Repository/ADMIN/Categories/Category List/button_Categories' (Root cause: com.kms.katalon.core.exception.StepFailedException: Unable to click on object 'Object Repository/ADMIN/Categories/Category List/button_Categories'
	at com.kms.katalon.core.webui.keyword.internal.WebUIKeywordMain.stepFailed(WebUIKeywordMain.groovy:64)
	at com.kms.katalon.core.webui.keyword.internal.WebUIKeywordMain.runKeyword(WebUIKeywordMain.groovy:26)
	at com.kms.katalon.core.webui.keyword.builtin.ClickKeyword.click(ClickKeyword.groovy:76)
	at com.kms.katalon.core.webui.keyword.builtin.ClickKeyword.execute(ClickKeyword.groovy:43)
	at com.kms.katalon.core.keyword.internal.KeywordExecutor.executeKeywordForPlatform(KeywordExecutor.groovy:72)
	at com.kms.katalon.core.webui.keyword.WebUiBuiltInKeywords.click(WebUiBuiltInKeywords.groovy:616)
	at com.kms.katalon.core.webui.keyword.WebUiBuiltInKeywords$click$0.call(Unknown Source)
	at Add Category.run(Add Category:28)
	at com.kms.katalon.core.main.ScriptEngine.run(ScriptEngine.java:194)
	at com.kms.katalon.core.main.ScriptEngine.runScriptAsRawText(ScriptEngine.java:119)
	at com.kms.katalon.core.main.TestCaseExecutor.runScript(TestCaseExecutor.java:337)
	at com.kms.katalon.core.main.TestCaseExecutor.doExecute(TestCaseExecutor.java:328)
	at com.kms.katalon.core.main.TestCaseExecutor.processExecutionPhase(TestCaseExecutor.java:307)
	at com.kms.katalon.core.main.TestCaseExecutor.accessMainPhase(TestCaseExecutor.java:299)
	at com.kms.katalon.core.main.TestCaseExecutor.execute(TestCaseExecutor.java:233)
	at com.kms.katalon.core.main.TestSuiteExecutor.accessTestCaseMainPhase(TestSuiteExecutor.java:169)
	at com.kms.katalon.core.main.TestSuiteExecutor.accessTestSuiteMainPhase(TestSuiteExecutor.java:142)
	at com.kms.katalon.core.main.TestSuiteExecutor.execute(TestSuiteExecutor.java:91)
	at com.kms.katalon.core.main.TestCaseMain.startTestSuite(TestCaseMain.java:157)
	at com.kms.katalon.core.main.TestCaseMain$startTestSuite$0.call(Unknown Source)
	at TempTestSuite1584598607274.run(TempTestSuite1584598607274.groovy:36)
Caused by: org.openqa.selenium.ElementNotInteractableException: element not interactable
  (Session info: chrome=80.0.3987.132)
Build info: version: '3.141.59', revision: 'e82be7d358', time: '2018-11-14T08:25:53'
System info: host: 'ARCADIER-03', ip: '192.168.254.105', os.name: 'Windows 7', os.arch: 'amd64', os.version: '6.1', java.version: '1.8.0_181'
Driver info: com.kms.katalon.core.webui.driver.ExistingRemoteWebDriver
Capabilities {javascriptEnabled: true, platform: ANY, platformName: ANY}
Session ID: 66da7635ded2d355388026ca8e7d8eff
	at org.openqa.selenium.remote.http.W3CHttpResponseCodec.createException(W3CHttpResponseCodec.java:187)
	at org.openqa.selenium.remote.http.W3CHttpResponseCodec.decode(W3CHttpResponseCodec.java:122)
	at org.openqa.selenium.remote.http.W3CHttpResponseCodec.decode(W3CHttpResponseCodec.java:49)
	at org.openqa.selenium.remote.HttpCommandExecutor.execute(HttpCommandExecutor.java:158)
	at org.openqa.selenium.remote.RemoteWebDriver.execute(RemoteWebDriver.java:552)
	at com.kms.katalon.core.webui.driver.ExistingRemoteWebDriver.execute(ExistingRemoteWebDriver.java:108)
	at org.openqa.selenium.remote.RemoteWebElement.execute(RemoteWebElement.java:285)
	at org.openqa.selenium.remote.RemoteWebElement.click(RemoteWebElement.java:84)
	at org.openqa.selenium.support.events.EventFiringWebDriver$EventFiringWebElement.lambda$new$0(EventFiringWebDriver.java:404)
	at com.sun.proxy.$Proxy9.click(Unknown Source)
	at org.openqa.selenium.support.events.EventFiringWebDriver$EventFiringWebElement.click(EventFiringWebDriver.java:417)
	at com.kms.katalon.core.webui.keyword.builtin.ClickKeyword$_click_closure1.doCall(ClickKeyword.groovy:69)
	at com.kms.katalon.core.webui.keyword.builtin.ClickKeyword$_click_closure1.call(ClickKeyword.groovy)
	at com.kms.katalon.core.webui.keyword.internal.WebUIKeywordMain.runKeyword(WebUIKeywordMain.groovy:20)
	at com.kms.katalon.core.webui.keyword.builtin.ClickKeyword.click(ClickKeyword.groovy:76)
	at com.kms.katalon.core.webui.keyword.builtin.ClickKeyword.execute(ClickKeyword.groovy:43)
	at com.kms.katalon.core.keyword.internal.KeywordExecutor.executeKeywordForPlatform(KeywordExecutor.groovy:72)
	at com.kms.katalon.core.webui.keyword.WebUiBuiltInKeywords.click(WebUiBuiltInKeywords.groovy:616)
	at com.kms.katalon.core.webui.keyword.WebUiBuiltInKeywords$click$0.call(Unknown Source)
	at Script1549506362832.run(Script1549506362832.groovy:28)
	... 13 more
)
	at com.kms.katalon.core.keyword.internal.KeywordMain.stepFailed(KeywordMain.groovy:39)
	at com.kms.katalon.core.webui.keyword.internal.WebUIKeywordMain.stepFailed(WebUIKeywordMain.groovy:64)
	at com.kms.katalon.core.webui.keyword.internal.WebUIKeywordMain.runKeyword(WebUIKeywordMain.groovy:26)
	at com.kms.katalon.core.webui.keyword.builtin.ClickKeyword.click(ClickKeyword.groovy:76)
	at com.kms.katalon.core.webui.keyword.builtin.ClickKeyword.execute(ClickKeyword.groovy:43)
	at com.kms.katalon.core.keyword.internal.KeywordExecutor.executeKeywordForPlatform(KeywordExecutor.groovy:72)
	at com.kms.katalon.core.webui.keyword.WebUiBuiltInKeywords.click(WebUiBuiltInKeywords.groovy:616)
	at com.kms.katalon.core.webui.keyword.WebUiBuiltInKeywords$click$0.call(Unknown Source)
	at Add Category.run(Add Category:28)
	at com.kms.katalon.core.main.ScriptEngine.run(ScriptEngine.java:194)
	at com.kms.katalon.core.main.ScriptEngine.runScriptAsRawText(ScriptEngine.java:119)
	at com.kms.katalon.core.main.TestCaseExecutor.runScript(TestCaseExecutor.java:337)
	at com.kms.katalon.core.main.TestCaseExecutor.doExecute(TestCaseExecutor.java:328)
	at com.kms.katalon.core.main.TestCaseExecutor.processExecutionPhase(TestCaseExecutor.java:307)
	at com.kms.katalon.core.main.TestCaseExecutor.accessMainPhase(TestCaseExecutor.java:299)
	at com.kms.katalon.core.main.TestCaseExecutor.execute(TestCaseExecutor.java:233)
	at com.kms.katalon.core.main.TestSuiteExecutor.accessTestCaseMainPhase(TestSuiteExecutor.java:169)
	at com.kms.katalon.core.main.TestSuiteExecutor.accessTestSuiteMainPhase(TestSuiteExecutor.java:142)
	at com.kms.katalon.core.main.TestSuiteExecutor.execute(TestSuiteExecutor.java:91)
	at com.kms.katalon.core.main.TestCaseMain.startTestSuite(TestCaseMain.java:157)
	at com.kms.katalon.core.main.TestCaseMain$startTestSuite$0.call(Unknown Source)
	at TempTestSuite1584598607274.run(TempTestSuite1584598607274.groovy:36)
Caused by: com.kms.katalon.core.exception.StepFailedException: Unable to click on object 'Object Repository/ADMIN/Categories/Category List/button_Categories'
	... 21 more
Caused by: org.openqa.selenium.ElementNotInteractableException: element not interactable
  (Session info: chrome=80.0.3987.132)
Build info: version: '3.141.59', revision: 'e82be7d358', time: '2018-11-14T08:25:53'
System info: host: 'ARCADIER-03', ip: '192.168.254.105', os.name: 'Windows 7', os.arch: 'amd64', os.version: '6.1', java.version: '1.8.0_181'
Driver info: com.kms.katalon.core.webui.driver.ExistingRemoteWebDriver
Capabilities {javascriptEnabled: true, platform: ANY, platformName: ANY}
Session ID: 66da7635ded2d355388026ca8e7d8eff
	at org.openqa.selenium.remote.http.W3CHttpResponseCodec.createException(W3CHttpResponseCodec.java:187)
	at org.openqa.selenium.remote.http.W3CHttpResponseCodec.decode(W3CHttpResponseCodec.java:122)
	at org.openqa.selenium.remote.http.W3CHttpResponseCodec.decode(W3CHttpResponseCodec.java:49)
	at org.openqa.selenium.remote.HttpCommandExecutor.execute(HttpCommandExecutor.java:158)
	at org.openqa.selenium.remote.RemoteWebDriver.execute(RemoteWebDriver.java:552)
	at com.kms.katalon.core.webui.driver.ExistingRemoteWebDriver.execute(ExistingRemoteWebDriver.java:108)
	at org.openqa.selenium.remote.RemoteWebElement.execute(RemoteWebElement.java:285)
	at org.openqa.selenium.remote.RemoteWebElement.click(RemoteWebElement.java:84)
	at org.openqa.selenium.support.events.EventFiringWebDriver$EventFiringWebElement.lambda$new$0(EventFiringWebDriver.java:404)
	at com.sun.proxy.$Proxy9.click(Unknown Source)
	at org.openqa.selenium.support.events.EventFiringWebDriver$EventFiringWebElement.click(EventFiringWebDriver.java:417)
	at com.kms.katalon.core.webui.keyword.builtin.ClickKeyword$_click_closure1.doCall(ClickKeyword.groovy:69)
	at com.kms.katalon.core.webui.keyword.builtin.ClickKeyword$_click_closure1.call(ClickKeyword.groovy)
	at com.kms.katalon.core.webui.keyword.internal.WebUIKeywordMain.runKeyword(WebUIKeywordMain.groovy:20)
	... 19 more]]></system-err>
      </testcase>
      <testcase name="Test Cases/ADMIN/Content Mgmt/Categories/Category Add-Edit/Add Category" time="17.152" classname="Test Cases/ADMIN/Content Mgmt/Categories/Category Add-Edit/Add Category" status="PASSED">
         <system-out><![CDATA[2020-03-19 14:40:43 - [TEST_CASE][PASSED] - Test Cases/ADMIN/Content Mgmt/Categories/Category Add-Edit/Add Category: Test Cases/ADMIN/Content Mgmt/Categories/Category Add-Edit/Add Category

2020-03-19 14:40:43 - [TEST_STEP][PASSED] - waitForElementVisible(findTestObject("ADMIN/Categories/Category List/button_Content Mgmt"), 0): Object 'Object Repository/ADMIN/Categories/Category List/button_Content Mgmt' is visible

2020-03-19 14:40:43 - [MESSAGE][WARNING] - Timeout '0' is invalid. Using default page load timeout: '30'

2020-03-19 14:40:43 - [MESSAGE][PASSED] - Object 'Object Repository/ADMIN/Categories/Category List/button_Content Mgmt' is visible

2020-03-19 14:40:43 - [TEST_STEP][PASSED] - click(findTestObject("ADMIN/Categories/Category List/button_Content Mgmt")): Object: 'Object Repository/ADMIN/Categories/Category List/button_Content Mgmt' is clicked on

2020-03-19 14:40:43 - [MESSAGE][PASSED] - Object: 'Object Repository/ADMIN/Categories/Category List/button_Content Mgmt' is clicked on

2020-03-19 14:40:43 - [TEST_STEP][PASSED] - waitForElementVisible(findTestObject("ADMIN/Categories/Category List/button_Categories"), 0): Object 'Object Repository/ADMIN/Categories/Category List/button_Categories' is visible

2020-03-19 14:40:43 - [MESSAGE][WARNING] - Timeout '0' is invalid. Using default page load timeout: '30'

2020-03-19 14:40:44 - [MESSAGE][PASSED] - Object 'Object Repository/ADMIN/Categories/Category List/button_Categories' is visible

2020-03-19 14:40:44 - [TEST_STEP][PASSED] - click(findTestObject("ADMIN/Categories/Category List/button_Categories")): Object: 'Object Repository/ADMIN/Categories/Category List/button_Categories' is clicked on

2020-03-19 14:40:46 - [MESSAGE][PASSED] - Object: 'Object Repository/ADMIN/Categories/Category List/button_Categories' is clicked on

2020-03-19 14:40:46 - [TEST_STEP][PASSED] - waitForPageLoad(0, STOP_ON_FAILURE): Wait for page load successfully

2020-03-19 14:40:46 - [MESSAGE][WARNING] - Timeout '0' is invalid. Using default page load timeout: '30'

2020-03-19 14:40:46 - [MESSAGE][PASSED] - Wait for page load successfully

2020-03-19 14:40:46 - [TEST_STEP][PASSED] - click(findTestObject("ADMIN/Categories/Category List/button_Add a Category")): Object: 'Object Repository/ADMIN/Categories/Category List/button_Add a Category' is clicked on

2020-03-19 14:40:46 - [MESSAGE][PASSED] - Object: 'Object Repository/ADMIN/Categories/Category List/button_Add a Category' is clicked on

2020-03-19 14:40:46 - [TEST_STEP][PASSED] - waitForElementPresent(findTestObject("ADMIN/Categories/Category/dropdown_Parent"), 2): Object 'Object Repository/ADMIN/Categories/Category/dropdown_Parent' is present

2020-03-19 14:40:46 - [MESSAGE][PASSED] - Object 'Object Repository/ADMIN/Categories/Category/dropdown_Parent' is present

2020-03-19 14:40:46 - [TEST_STEP][PASSED] - delay(1): Delayed 1 second(s)

2020-03-19 14:40:47 - [MESSAGE][PASSED] - Delayed 1 second(s)

2020-03-19 14:40:47 - [TEST_STEP][PASSED] - setText(findTestObject("ADMIN/Categories/Category/textfield_Category Name"), CategoryNametext): Text 'Category 18' is set on object 'Object Repository/ADMIN/Categories/Category/textfield_Category Name'

2020-03-19 14:40:48 - [MESSAGE][PASSED] - Text 'Category 18' is set on object 'Object Repository/ADMIN/Categories/Category/textfield_Category Name'

2020-03-19 14:40:48 - [TEST_STEP][PASSED] - click(findTestObject("ADMIN/Categories/Category/dropdown_Parent")): Object: 'Object Repository/ADMIN/Categories/Category/dropdown_Parent' is clicked on

2020-03-19 14:40:48 - [MESSAGE][PASSED] - Object: 'Object Repository/ADMIN/Categories/Category/dropdown_Parent' is clicked on

2020-03-19 14:40:48 - [TEST_STEP][PASSED] - delay(2): Delayed 2 second(s)

2020-03-19 14:40:50 - [MESSAGE][PASSED] - Delayed 2 second(s)

2020-03-19 14:40:50 - [TEST_STEP][PASSED] - click(findTestObject("ADMIN/Categories/Category/dropdown_Parent")): Object: 'Object Repository/ADMIN/Categories/Category/dropdown_Parent' is clicked on

2020-03-19 14:40:50 - [MESSAGE][PASSED] - Object: 'Object Repository/ADMIN/Categories/Category/dropdown_Parent' is clicked on

2020-03-19 14:40:50 - [TEST_STEP][PASSED] - selectOptionByLabel(findTestObject("ADMIN/Categories/Category/dropdown_Parent"), ParentName, false): All options with label '-' are selected in object 'Object Repository/ADMIN/Categories/Category/dropdown_Parent' 

2020-03-19 14:40:50 - [MESSAGE][PASSED] - All options with label '-' are selected in object 'Object Repository/ADMIN/Categories/Category/dropdown_Parent' 

2020-03-19 14:40:50 - [TEST_STEP][PASSED] - click(findTestObject("ADMIN/Categories/Category/button_Browse")): Object: 'Object Repository/ADMIN/Categories/Category/button_Browse' is clicked on

2020-03-19 14:40:50 - [MESSAGE][PASSED] - Object: 'Object Repository/ADMIN/Categories/Category/button_Browse' is clicked on

2020-03-19 14:40:50 - [TEST_STEP][PASSED] - delay(2): Delayed 2 second(s)

2020-03-19 14:40:52 - [MESSAGE][PASSED] - Delayed 2 second(s)

2020-03-19 14:40:52 - [TEST_STEP][PASSED] - uploadFile(findTestObject("ADMIN/Categories/Category/image_input image"), CategoryImageUpload): File 'C:\\Katalon\\Arctick\\Images\\Category\\18.png' sent to object: 'Object Repository/ADMIN/Categories/Category/image_input image'

2020-03-19 14:40:52 - [MESSAGE][PASSED] - File 'C:\\Katalon\\Arctick\\Images\\Category\\18.png' sent to object: 'Object Repository/ADMIN/Categories/Category/image_input image'

2020-03-19 14:40:52 - [TEST_STEP][PASSED] - waitForElementVisible(findTestObject("ADMIN/Categories/Category/button_upload check"), 0): Object 'Object Repository/ADMIN/Categories/Category/button_upload check' is visible

2020-03-19 14:40:52 - [MESSAGE][WARNING] - Timeout '0' is invalid. Using default page load timeout: '30'

2020-03-19 14:40:52 - [MESSAGE][PASSED] - Object 'Object Repository/ADMIN/Categories/Category/button_upload check' is visible

2020-03-19 14:40:52 - [TEST_STEP][PASSED] - click(findTestObject("ADMIN/Categories/Category/button_upload check")): Object: 'Object Repository/ADMIN/Categories/Category/button_upload check' is clicked on

2020-03-19 14:40:52 - [MESSAGE][PASSED] - Object: 'Object Repository/ADMIN/Categories/Category/button_upload check' is clicked on

2020-03-19 14:40:52 - [TEST_STEP][PASSED] - waitForElementVisible(findTestObject("ADMIN/Categories/Category/button_upload save"), 0): Object 'Object Repository/ADMIN/Categories/Category/button_upload save' is visible

2020-03-19 14:40:52 - [MESSAGE][WARNING] - Timeout '0' is invalid. Using default page load timeout: '30'

2020-03-19 14:40:53 - [MESSAGE][PASSED] - Object 'Object Repository/ADMIN/Categories/Category/button_upload save' is visible

2020-03-19 14:40:53 - [TEST_STEP][PASSED] - click(findTestObject("ADMIN/Categories/Category/button_upload save")): Object: 'Object Repository/ADMIN/Categories/Category/button_upload save' is clicked on

2020-03-19 14:40:53 - [MESSAGE][PASSED] - Object: 'Object Repository/ADMIN/Categories/Category/button_upload save' is clicked on

2020-03-19 14:40:53 - [TEST_STEP][PASSED] - setText(findTestObject("ADMIN/Categories/Category/textfield_category_description"), Description): Text 'Description74' is set on object 'Object Repository/ADMIN/Categories/Category/textfield_category_description'

2020-03-19 14:40:53 - [MESSAGE][PASSED] - Text 'Description74' is set on object 'Object Repository/ADMIN/Categories/Category/textfield_category_description'

2020-03-19 14:40:53 - [TEST_STEP][PASSED] - click(findTestObject("ADMIN/Categories/Category/button_Save")): Object: 'Object Repository/ADMIN/Categories/Category/button_Save' is clicked on

2020-03-19 14:40:53 - [MESSAGE][PASSED] - Object: 'Object Repository/ADMIN/Categories/Category/button_Save' is clicked on

2020-03-19 14:40:53 - [TEST_STEP][PASSED] - waitForElementVisible(findTestObject("ADMIN/Categories/Category/label_edit popup"), 0): Object 'Object Repository/ADMIN/Categories/Category/label_edit popup' is visible

2020-03-19 14:40:53 - [MESSAGE][WARNING] - Timeout '0' is invalid. Using default page load timeout: '30'

2020-03-19 14:40:54 - [MESSAGE][PASSED] - Object 'Object Repository/ADMIN/Categories/Category/label_edit popup' is visible

2020-03-19 14:40:54 - [TEST_STEP][PASSED] - waitForElementNotPresent(findTestObject("ADMIN/Categories/Category/label_edit popup"), 0): Web element with id: 'Object Repository/ADMIN/Categories/Category/label_edit popup' located by 'By.xpath: //div[(text() = 'Category was successfully saved.' or . = 'Category was successfully saved.')]' is not present after '30' second(s)

2020-03-19 14:40:54 - [MESSAGE][WARNING] - Timeout '0' is invalid. Using default page load timeout: '30'

2020-03-19 14:41:00 - [MESSAGE][PASSED] - Web element with id: 'Object Repository/ADMIN/Categories/Category/label_edit popup' located by 'By.xpath: //div[(text() = 'Category was successfully saved.' or . = 'Category was successfully saved.')]' is not present after '30' second(s)]]></system-out>
         <system-err><![CDATA[]]></system-err>
      </testcase>
      <testcase name="Test Cases/ADMIN/Content Mgmt/Categories/Category Add-Edit/Add Category" time="15.04" classname="Test Cases/ADMIN/Content Mgmt/Categories/Category Add-Edit/Add Category" status="FAILED">
         <failure type="FAILED" message="Test Cases/ADMIN/Content Mgmt/Categories/Category Add-Edit/Add Category FAILED.
Reason:
com.kms.katalon.core.exception.StepFailedException: Unable to click on object 'Object Repository/ADMIN/Categories/Category List/button_Categories' (Root cause: com.kms.katalon.core.exception.StepFailedException: Unable to click on object 'Object Repository/ADMIN/Categories/Category List/button_Categories'
	at com.kms.katalon.core.webui.keyword.internal.WebUIKeywordMain.stepFailed(WebUIKeywordMain.groovy:64)
	at com.kms.katalon.core.webui.keyword.internal.WebUIKeywordMain.runKeyword(WebUIKeywordMain.groovy:26)
	at com.kms.katalon.core.webui.keyword.builtin.ClickKeyword.click(ClickKeyword.groovy:76)
	at com.kms.katalon.core.webui.keyword.builtin.ClickKeyword.execute(ClickKeyword.groovy:43)
	at com.kms.katalon.core.keyword.internal.KeywordExecutor.executeKeywordForPlatform(KeywordExecutor.groovy:72)
	at com.kms.katalon.core.webui.keyword.WebUiBuiltInKeywords.click(WebUiBuiltInKeywords.groovy:616)
	at com.kms.katalon.core.webui.keyword.WebUiBuiltInKeywords$click$0.call(Unknown Source)
	at Add Category.run(Add Category:28)
	at com.kms.katalon.core.main.ScriptEngine.run(ScriptEngine.java:194)
	at com.kms.katalon.core.main.ScriptEngine.runScriptAsRawText(ScriptEngine.java:119)
	at com.kms.katalon.core.main.TestCaseExecutor.runScript(TestCaseExecutor.java:337)
	at com.kms.katalon.core.main.TestCaseExecutor.doExecute(TestCaseExecutor.java:328)
	at com.kms.katalon.core.main.TestCaseExecutor.processExecutionPhase(TestCaseExecutor.java:307)
	at com.kms.katalon.core.main.TestCaseExecutor.accessMainPhase(TestCaseExecutor.java:299)
	at com.kms.katalon.core.main.TestCaseExecutor.execute(TestCaseExecutor.java:233)
	at com.kms.katalon.core.main.TestSuiteExecutor.accessTestCaseMainPhase(TestSuiteExecutor.java:169)
	at com.kms.katalon.core.main.TestSuiteExecutor.accessTestSuiteMainPhase(TestSuiteExecutor.java:142)
	at com.kms.katalon.core.main.TestSuiteExecutor.execute(TestSuiteExecutor.java:91)
	at com.kms.katalon.core.main.TestCaseMain.startTestSuite(TestCaseMain.java:157)
	at com.kms.katalon.core.main.TestCaseMain$startTestSuite$0.call(Unknown Source)
	at TempTestSuite1584598607274.run(TempTestSuite1584598607274.groovy:36)
Caused by: org.openqa.selenium.ElementNotInteractableException: element not interactable
  (Session info: chrome=80.0.3987.132)
Build info: version: '3.141.59', revision: 'e82be7d358', time: '2018-11-14T08:25:53'
System info: host: 'ARCADIER-03', ip: '192.168.254.105', os.name: 'Windows 7', os.arch: 'amd64', os.version: '6.1', java.version: '1.8.0_181'
Driver info: com.kms.katalon.core.webui.driver.ExistingRemoteWebDriver
Capabilities {javascriptEnabled: true, platform: ANY, platformName: ANY}
Session ID: 66da7635ded2d355388026ca8e7d8eff
	at org.openqa.selenium.remote.http.W3CHttpResponseCodec.createException(W3CHttpResponseCodec.java:187)
	at org.openqa.selenium.remote.http.W3CHttpResponseCodec.decode(W3CHttpResponseCodec.java:122)
	at org.openqa.selenium.remote.http.W3CHttpResponseCodec.decode(W3CHttpResponseCodec.java:49)
	at org.openqa.selenium.remote.HttpCommandExecutor.execute(HttpCommandExecutor.java:158)
	at org.openqa.selenium.remote.RemoteWebDriver.execute(RemoteWebDriver.java:552)
	at com.kms.katalon.core.webui.driver.ExistingRemoteWebDriver.execute(ExistingRemoteWebDriver.java:108)
	at org.openqa.selenium.remote.RemoteWebElement.execute(RemoteWebElement.java:285)
	at org.openqa.selenium.remote.RemoteWebElement.click(RemoteWebElement.java:84)
	at org.openqa.selenium.support.events.EventFiringWebDriver$EventFiringWebElement.lambda$new$0(EventFiringWebDriver.java:404)
	at com.sun.proxy.$Proxy9.click(Unknown Source)
	at org.openqa.selenium.support.events.EventFiringWebDriver$EventFiringWebElement.click(EventFiringWebDriver.java:417)
	at com.kms.katalon.core.webui.keyword.builtin.ClickKeyword$_click_closure1.doCall(ClickKeyword.groovy:69)
	at com.kms.katalon.core.webui.keyword.builtin.ClickKeyword$_click_closure1.call(ClickKeyword.groovy)
	at com.kms.katalon.core.webui.keyword.internal.WebUIKeywordMain.runKeyword(WebUIKeywordMain.groovy:20)
	at com.kms.katalon.core.webui.keyword.builtin.ClickKeyword.click(ClickKeyword.groovy:76)
	at com.kms.katalon.core.webui.keyword.builtin.ClickKeyword.execute(ClickKeyword.groovy:43)
	at com.kms.katalon.core.keyword.internal.KeywordExecutor.executeKeywordForPlatform(KeywordExecutor.groovy:72)
	at com.kms.katalon.core.webui.keyword.WebUiBuiltInKeywords.click(WebUiBuiltInKeywords.groovy:616)
	at com.kms.katalon.core.webui.keyword.WebUiBuiltInKeywords$click$0.call(Unknown Source)
	at Script1549506362832.run(Script1549506362832.groovy:28)
	... 13 more
)
	at com.kms.katalon.core.keyword.internal.KeywordMain.stepFailed(KeywordMain.groovy:39)
	at com.kms.katalon.core.webui.keyword.internal.WebUIKeywordMain.stepFailed(WebUIKeywordMain.groovy:64)
	at com.kms.katalon.core.webui.keyword.internal.WebUIKeywordMain.runKeyword(WebUIKeywordMain.groovy:26)
	at com.kms.katalon.core.webui.keyword.builtin.ClickKeyword.click(ClickKeyword.groovy:76)
	at com.kms.katalon.core.webui.keyword.builtin.ClickKeyword.execute(ClickKeyword.groovy:43)
	at com.kms.katalon.core.keyword.internal.KeywordExecutor.executeKeywordForPlatform(KeywordExecutor.groovy:72)
	at com.kms.katalon.core.webui.keyword.WebUiBuiltInKeywords.click(WebUiBuiltInKeywords.groovy:616)
	at com.kms.katalon.core.webui.keyword.WebUiBuiltInKeywords$click$0.call(Unknown Source)
	at Add Category.run(Add Category:28)
	at com.kms.katalon.core.main.ScriptEngine.run(ScriptEngine.java:194)
	at com.kms.katalon.core.main.ScriptEngine.runScriptAsRawText(ScriptEngine.java:119)
	at com.kms.katalon.core.main.TestCaseExecutor.runScript(TestCaseExecutor.java:337)
	at com.kms.katalon.core.main.TestCaseExecutor.doExecute(TestCaseExecutor.java:328)
	at com.kms.katalon.core.main.TestCaseExecutor.processExecutionPhase(TestCaseExecutor.java:307)
	at com.kms.katalon.core.main.TestCaseExecutor.accessMainPhase(TestCaseExecutor.java:299)
	at com.kms.katalon.core.main.TestCaseExecutor.execute(TestCaseExecutor.java:233)
	at com.kms.katalon.core.main.TestSuiteExecutor.accessTestCaseMainPhase(TestSuiteExecutor.java:169)
	at com.kms.katalon.core.main.TestSuiteExecutor.accessTestSuiteMainPhase(TestSuiteExecutor.java:142)
	at com.kms.katalon.core.main.TestSuiteExecutor.execute(TestSuiteExecutor.java:91)
	at com.kms.katalon.core.main.TestCaseMain.startTestSuite(TestCaseMain.java:157)
	at com.kms.katalon.core.main.TestCaseMain$startTestSuite$0.call(Unknown Source)
	at TempTestSuite1584598607274.run(TempTestSuite1584598607274.groovy:36)
Caused by: com.kms.katalon.core.exception.StepFailedException: Unable to click on object 'Object Repository/ADMIN/Categories/Category List/button_Categories'
	... 21 more
Caused by: org.openqa.selenium.ElementNotInteractableException: element not interactable
  (Session info: chrome=80.0.3987.132)
Build info: version: '3.141.59', revision: 'e82be7d358', time: '2018-11-14T08:25:53'
System info: host: 'ARCADIER-03', ip: '192.168.254.105', os.name: 'Windows 7', os.arch: 'amd64', os.version: '6.1', java.version: '1.8.0_181'
Driver info: com.kms.katalon.core.webui.driver.ExistingRemoteWebDriver
Capabilities {javascriptEnabled: true, platform: ANY, platformName: ANY}
Session ID: 66da7635ded2d355388026ca8e7d8eff
	at org.openqa.selenium.remote.http.W3CHttpResponseCodec.createException(W3CHttpResponseCodec.java:187)
	at org.openqa.selenium.remote.http.W3CHttpResponseCodec.decode(W3CHttpResponseCodec.java:122)
	at org.openqa.selenium.remote.http.W3CHttpResponseCodec.decode(W3CHttpResponseCodec.java:49)
	at org.openqa.selenium.remote.HttpCommandExecutor.execute(HttpCommandExecutor.java:158)
	at org.openqa.selenium.remote.RemoteWebDriver.execute(RemoteWebDriver.java:552)
	at com.kms.katalon.core.webui.driver.ExistingRemoteWebDriver.execute(ExistingRemoteWebDriver.java:108)
	at org.openqa.selenium.remote.RemoteWebElement.execute(RemoteWebElement.java:285)
	at org.openqa.selenium.remote.RemoteWebElement.click(RemoteWebElement.java:84)
	at org.openqa.selenium.support.events.EventFiringWebDriver$EventFiringWebElement.lambda$new$0(EventFiringWebDriver.java:404)
	at com.sun.proxy.$Proxy9.click(Unknown Source)
	at org.openqa.selenium.support.events.EventFiringWebDriver$EventFiringWebElement.click(EventFiringWebDriver.java:417)
	at com.kms.katalon.core.webui.keyword.builtin.ClickKeyword$_click_closure1.doCall(ClickKeyword.groovy:69)
	at com.kms.katalon.core.webui.keyword.builtin.ClickKeyword$_click_closure1.call(ClickKeyword.groovy)
	at com.kms.katalon.core.webui.keyword.internal.WebUIKeywordMain.runKeyword(WebUIKeywordMain.groovy:20)
	... 19 more
"/>
         <system-out><![CDATA[2020-03-19 14:41:00 - [TEST_CASE][FAILED] - Test Cases/ADMIN/Content Mgmt/Categories/Category Add-Edit/Add Category: Test Cases/ADMIN/Content Mgmt/Categories/Category Add-Edit/Add Category FAILED.
Reason:
com.kms.katalon.core.exception.StepFailedException: Unable to click on object 'Object Repository/ADMIN/Categories/Category List/button_Categories' (Root cause: com.kms.katalon.core.exception.StepFailedException: Unable to click on object 'Object Repository/ADMIN/Categories/Category List/button_Categories'
	at com.kms.katalon.core.webui.keyword.internal.WebUIKeywordMain.stepFailed(WebUIKeywordMain.groovy:64)
	at com.kms.katalon.core.webui.keyword.internal.WebUIKeywordMain.runKeyword(WebUIKeywordMain.groovy:26)
	at com.kms.katalon.core.webui.keyword.builtin.ClickKeyword.click(ClickKeyword.groovy:76)
	at com.kms.katalon.core.webui.keyword.builtin.ClickKeyword.execute(ClickKeyword.groovy:43)
	at com.kms.katalon.core.keyword.internal.KeywordExecutor.executeKeywordForPlatform(KeywordExecutor.groovy:72)
	at com.kms.katalon.core.webui.keyword.WebUiBuiltInKeywords.click(WebUiBuiltInKeywords.groovy:616)
	at com.kms.katalon.core.webui.keyword.WebUiBuiltInKeywords$click$0.call(Unknown Source)
	at Add Category.run(Add Category:28)
	at com.kms.katalon.core.main.ScriptEngine.run(ScriptEngine.java:194)
	at com.kms.katalon.core.main.ScriptEngine.runScriptAsRawText(ScriptEngine.java:119)
	at com.kms.katalon.core.main.TestCaseExecutor.runScript(TestCaseExecutor.java:337)
	at com.kms.katalon.core.main.TestCaseExecutor.doExecute(TestCaseExecutor.java:328)
	at com.kms.katalon.core.main.TestCaseExecutor.processExecutionPhase(TestCaseExecutor.java:307)
	at com.kms.katalon.core.main.TestCaseExecutor.accessMainPhase(TestCaseExecutor.java:299)
	at com.kms.katalon.core.main.TestCaseExecutor.execute(TestCaseExecutor.java:233)
	at com.kms.katalon.core.main.TestSuiteExecutor.accessTestCaseMainPhase(TestSuiteExecutor.java:169)
	at com.kms.katalon.core.main.TestSuiteExecutor.accessTestSuiteMainPhase(TestSuiteExecutor.java:142)
	at com.kms.katalon.core.main.TestSuiteExecutor.execute(TestSuiteExecutor.java:91)
	at com.kms.katalon.core.main.TestCaseMain.startTestSuite(TestCaseMain.java:157)
	at com.kms.katalon.core.main.TestCaseMain$startTestSuite$0.call(Unknown Source)
	at TempTestSuite1584598607274.run(TempTestSuite1584598607274.groovy:36)
Caused by: org.openqa.selenium.ElementNotInteractableException: element not interactable
  (Session info: chrome=80.0.3987.132)
Build info: version: '3.141.59', revision: 'e82be7d358', time: '2018-11-14T08:25:53'
System info: host: 'ARCADIER-03', ip: '192.168.254.105', os.name: 'Windows 7', os.arch: 'amd64', os.version: '6.1', java.version: '1.8.0_181'
Driver info: com.kms.katalon.core.webui.driver.ExistingRemoteWebDriver
Capabilities {javascriptEnabled: true, platform: ANY, platformName: ANY}
Session ID: 66da7635ded2d355388026ca8e7d8eff
	at org.openqa.selenium.remote.http.W3CHttpResponseCodec.createException(W3CHttpResponseCodec.java:187)
	at org.openqa.selenium.remote.http.W3CHttpResponseCodec.decode(W3CHttpResponseCodec.java:122)
	at org.openqa.selenium.remote.http.W3CHttpResponseCodec.decode(W3CHttpResponseCodec.java:49)
	at org.openqa.selenium.remote.HttpCommandExecutor.execute(HttpCommandExecutor.java:158)
	at org.openqa.selenium.remote.RemoteWebDriver.execute(RemoteWebDriver.java:552)
	at com.kms.katalon.core.webui.driver.ExistingRemoteWebDriver.execute(ExistingRemoteWebDriver.java:108)
	at org.openqa.selenium.remote.RemoteWebElement.execute(RemoteWebElement.java:285)
	at org.openqa.selenium.remote.RemoteWebElement.click(RemoteWebElement.java:84)
	at org.openqa.selenium.support.events.EventFiringWebDriver$EventFiringWebElement.lambda$new$0(EventFiringWebDriver.java:404)
	at com.sun.proxy.$Proxy9.click(Unknown Source)
	at org.openqa.selenium.support.events.EventFiringWebDriver$EventFiringWebElement.click(EventFiringWebDriver.java:417)
	at com.kms.katalon.core.webui.keyword.builtin.ClickKeyword$_click_closure1.doCall(ClickKeyword.groovy:69)
	at com.kms.katalon.core.webui.keyword.builtin.ClickKeyword$_click_closure1.call(ClickKeyword.groovy)
	at com.kms.katalon.core.webui.keyword.internal.WebUIKeywordMain.runKeyword(WebUIKeywordMain.groovy:20)
	at com.kms.katalon.core.webui.keyword.builtin.ClickKeyword.click(ClickKeyword.groovy:76)
	at com.kms.katalon.core.webui.keyword.builtin.ClickKeyword.execute(ClickKeyword.groovy:43)
	at com.kms.katalon.core.keyword.internal.KeywordExecutor.executeKeywordForPlatform(KeywordExecutor.groovy:72)
	at com.kms.katalon.core.webui.keyword.WebUiBuiltInKeywords.click(WebUiBuiltInKeywords.groovy:616)
	at com.kms.katalon.core.webui.keyword.WebUiBuiltInKeywords$click$0.call(Unknown Source)
	at Script1549506362832.run(Script1549506362832.groovy:28)
	... 13 more
)
	at com.kms.katalon.core.keyword.internal.KeywordMain.stepFailed(KeywordMain.groovy:39)
	at com.kms.katalon.core.webui.keyword.internal.WebUIKeywordMain.stepFailed(WebUIKeywordMain.groovy:64)
	at com.kms.katalon.core.webui.keyword.internal.WebUIKeywordMain.runKeyword(WebUIKeywordMain.groovy:26)
	at com.kms.katalon.core.webui.keyword.builtin.ClickKeyword.click(ClickKeyword.groovy:76)
	at com.kms.katalon.core.webui.keyword.builtin.ClickKeyword.execute(ClickKeyword.groovy:43)
	at com.kms.katalon.core.keyword.internal.KeywordExecutor.executeKeywordForPlatform(KeywordExecutor.groovy:72)
	at com.kms.katalon.core.webui.keyword.WebUiBuiltInKeywords.click(WebUiBuiltInKeywords.groovy:616)
	at com.kms.katalon.core.webui.keyword.WebUiBuiltInKeywords$click$0.call(Unknown Source)
	at Add Category.run(Add Category:28)
	at com.kms.katalon.core.main.ScriptEngine.run(ScriptEngine.java:194)
	at com.kms.katalon.core.main.ScriptEngine.runScriptAsRawText(ScriptEngine.java:119)
	at com.kms.katalon.core.main.TestCaseExecutor.runScript(TestCaseExecutor.java:337)
	at com.kms.katalon.core.main.TestCaseExecutor.doExecute(TestCaseExecutor.java:328)
	at com.kms.katalon.core.main.TestCaseExecutor.processExecutionPhase(TestCaseExecutor.java:307)
	at com.kms.katalon.core.main.TestCaseExecutor.accessMainPhase(TestCaseExecutor.java:299)
	at com.kms.katalon.core.main.TestCaseExecutor.execute(TestCaseExecutor.java:233)
	at com.kms.katalon.core.main.TestSuiteExecutor.accessTestCaseMainPhase(TestSuiteExecutor.java:169)
	at com.kms.katalon.core.main.TestSuiteExecutor.accessTestSuiteMainPhase(TestSuiteExecutor.java:142)
	at com.kms.katalon.core.main.TestSuiteExecutor.execute(TestSuiteExecutor.java:91)
	at com.kms.katalon.core.main.TestCaseMain.startTestSuite(TestCaseMain.java:157)
	at com.kms.katalon.core.main.TestCaseMain$startTestSuite$0.call(Unknown Source)
	at TempTestSuite1584598607274.run(TempTestSuite1584598607274.groovy:36)
Caused by: com.kms.katalon.core.exception.StepFailedException: Unable to click on object 'Object Repository/ADMIN/Categories/Category List/button_Categories'
	... 21 more
Caused by: org.openqa.selenium.ElementNotInteractableException: element not interactable
  (Session info: chrome=80.0.3987.132)
Build info: version: '3.141.59', revision: 'e82be7d358', time: '2018-11-14T08:25:53'
System info: host: 'ARCADIER-03', ip: '192.168.254.105', os.name: 'Windows 7', os.arch: 'amd64', os.version: '6.1', java.version: '1.8.0_181'
Driver info: com.kms.katalon.core.webui.driver.ExistingRemoteWebDriver
Capabilities {javascriptEnabled: true, platform: ANY, platformName: ANY}
Session ID: 66da7635ded2d355388026ca8e7d8eff
	at org.openqa.selenium.remote.http.W3CHttpResponseCodec.createException(W3CHttpResponseCodec.java:187)
	at org.openqa.selenium.remote.http.W3CHttpResponseCodec.decode(W3CHttpResponseCodec.java:122)
	at org.openqa.selenium.remote.http.W3CHttpResponseCodec.decode(W3CHttpResponseCodec.java:49)
	at org.openqa.selenium.remote.HttpCommandExecutor.execute(HttpCommandExecutor.java:158)
	at org.openqa.selenium.remote.RemoteWebDriver.execute(RemoteWebDriver.java:552)
	at com.kms.katalon.core.webui.driver.ExistingRemoteWebDriver.execute(ExistingRemoteWebDriver.java:108)
	at org.openqa.selenium.remote.RemoteWebElement.execute(RemoteWebElement.java:285)
	at org.openqa.selenium.remote.RemoteWebElement.click(RemoteWebElement.java:84)
	at org.openqa.selenium.support.events.EventFiringWebDriver$EventFiringWebElement.lambda$new$0(EventFiringWebDriver.java:404)
	at com.sun.proxy.$Proxy9.click(Unknown Source)
	at org.openqa.selenium.support.events.EventFiringWebDriver$EventFiringWebElement.click(EventFiringWebDriver.java:417)
	at com.kms.katalon.core.webui.keyword.builtin.ClickKeyword$_click_closure1.doCall(ClickKeyword.groovy:69)
	at com.kms.katalon.core.webui.keyword.builtin.ClickKeyword$_click_closure1.call(ClickKeyword.groovy)
	at com.kms.katalon.core.webui.keyword.internal.WebUIKeywordMain.runKeyword(WebUIKeywordMain.groovy:20)
	... 19 more


2020-03-19 14:41:00 - [TEST_STEP][PASSED] - waitForElementVisible(findTestObject("ADMIN/Categories/Category List/button_Content Mgmt"), 0): Object 'Object Repository/ADMIN/Categories/Category List/button_Content Mgmt' is visible

2020-03-19 14:41:00 - [MESSAGE][WARNING] - Timeout '0' is invalid. Using default page load timeout: '30'

2020-03-19 14:41:00 - [MESSAGE][PASSED] - Object 'Object Repository/ADMIN/Categories/Category List/button_Content Mgmt' is visible

2020-03-19 14:41:00 - [TEST_STEP][PASSED] - click(findTestObject("ADMIN/Categories/Category List/button_Content Mgmt")): Object: 'Object Repository/ADMIN/Categories/Category List/button_Content Mgmt' is clicked on

2020-03-19 14:41:00 - [MESSAGE][PASSED] - Object: 'Object Repository/ADMIN/Categories/Category List/button_Content Mgmt' is clicked on

2020-03-19 14:41:00 - [TEST_STEP][PASSED] - waitForElementVisible(findTestObject("ADMIN/Categories/Category List/button_Categories"), 0): Object 'Object Repository/ADMIN/Categories/Category List/button_Categories' is visible

2020-03-19 14:41:00 - [MESSAGE][WARNING] - Timeout '0' is invalid. Using default page load timeout: '30'

2020-03-19 14:41:00 - [MESSAGE][PASSED] - Object 'Object Repository/ADMIN/Categories/Category List/button_Categories' is visible

2020-03-19 14:41:00 - [TEST_STEP][FAILED] - click(findTestObject("ADMIN/Categories/Category List/button_Categories")): Unable to click on object 'Object Repository/ADMIN/Categories/Category List/button_Categories' (Root cause: com.kms.katalon.core.exception.StepFailedException: Unable to click on object 'Object Repository/ADMIN/Categories/Category List/button_Categories'
	at com.kms.katalon.core.webui.keyword.internal.WebUIKeywordMain.stepFailed(WebUIKeywordMain.groovy:64)
	at com.kms.katalon.core.webui.keyword.internal.WebUIKeywordMain.runKeyword(WebUIKeywordMain.groovy:26)
	at com.kms.katalon.core.webui.keyword.builtin.ClickKeyword.click(ClickKeyword.groovy:76)
	at com.kms.katalon.core.webui.keyword.builtin.ClickKeyword.execute(ClickKeyword.groovy:43)
	at com.kms.katalon.core.keyword.internal.KeywordExecutor.executeKeywordForPlatform(KeywordExecutor.groovy:72)
	at com.kms.katalon.core.webui.keyword.WebUiBuiltInKeywords.click(WebUiBuiltInKeywords.groovy:616)
	at com.kms.katalon.core.webui.keyword.WebUiBuiltInKeywords$click$0.call(Unknown Source)
	at Add Category.run(Add Category:28)
	at com.kms.katalon.core.main.ScriptEngine.run(ScriptEngine.java:194)
	at com.kms.katalon.core.main.ScriptEngine.runScriptAsRawText(ScriptEngine.java:119)
	at com.kms.katalon.core.main.TestCaseExecutor.runScript(TestCaseExecutor.java:337)
	at com.kms.katalon.core.main.TestCaseExecutor.doExecute(TestCaseExecutor.java:328)
	at com.kms.katalon.core.main.TestCaseExecutor.processExecutionPhase(TestCaseExecutor.java:307)
	at com.kms.katalon.core.main.TestCaseExecutor.accessMainPhase(TestCaseExecutor.java:299)
	at com.kms.katalon.core.main.TestCaseExecutor.execute(TestCaseExecutor.java:233)
	at com.kms.katalon.core.main.TestSuiteExecutor.accessTestCaseMainPhase(TestSuiteExecutor.java:169)
	at com.kms.katalon.core.main.TestSuiteExecutor.accessTestSuiteMainPhase(TestSuiteExecutor.java:142)
	at com.kms.katalon.core.main.TestSuiteExecutor.execute(TestSuiteExecutor.java:91)
	at com.kms.katalon.core.main.TestCaseMain.startTestSuite(TestCaseMain.java:157)
	at com.kms.katalon.core.main.TestCaseMain$startTestSuite$0.call(Unknown Source)
	at TempTestSuite1584598607274.run(TempTestSuite1584598607274.groovy:36)
Caused by: org.openqa.selenium.ElementNotInteractableException: element not interactable
  (Session info: chrome=80.0.3987.132)
Build info: version: '3.141.59', revision: 'e82be7d358', time: '2018-11-14T08:25:53'
System info: host: 'ARCADIER-03', ip: '192.168.254.105', os.name: 'Windows 7', os.arch: 'amd64', os.version: '6.1', java.version: '1.8.0_181'
Driver info: com.kms.katalon.core.webui.driver.ExistingRemoteWebDriver
Capabilities {javascriptEnabled: true, platform: ANY, platformName: ANY}
Session ID: 66da7635ded2d355388026ca8e7d8eff
	at org.openqa.selenium.remote.http.W3CHttpResponseCodec.createException(W3CHttpResponseCodec.java:187)
	at org.openqa.selenium.remote.http.W3CHttpResponseCodec.decode(W3CHttpResponseCodec.java:122)
	at org.openqa.selenium.remote.http.W3CHttpResponseCodec.decode(W3CHttpResponseCodec.java:49)
	at org.openqa.selenium.remote.HttpCommandExecutor.execute(HttpCommandExecutor.java:158)
	at org.openqa.selenium.remote.RemoteWebDriver.execute(RemoteWebDriver.java:552)
	at com.kms.katalon.core.webui.driver.ExistingRemoteWebDriver.execute(ExistingRemoteWebDriver.java:108)
	at org.openqa.selenium.remote.RemoteWebElement.execute(RemoteWebElement.java:285)
	at org.openqa.selenium.remote.RemoteWebElement.click(RemoteWebElement.java:84)
	at org.openqa.selenium.support.events.EventFiringWebDriver$EventFiringWebElement.lambda$new$0(EventFiringWebDriver.java:404)
	at com.sun.proxy.$Proxy9.click(Unknown Source)
	at org.openqa.selenium.support.events.EventFiringWebDriver$EventFiringWebElement.click(EventFiringWebDriver.java:417)
	at com.kms.katalon.core.webui.keyword.builtin.ClickKeyword$_click_closure1.doCall(ClickKeyword.groovy:69)
	at com.kms.katalon.core.webui.keyword.builtin.ClickKeyword$_click_closure1.call(ClickKeyword.groovy)
	at com.kms.katalon.core.webui.keyword.internal.WebUIKeywordMain.runKeyword(WebUIKeywordMain.groovy:20)
	at com.kms.katalon.core.webui.keyword.builtin.ClickKeyword.click(ClickKeyword.groovy:76)
	at com.kms.katalon.core.webui.keyword.builtin.ClickKeyword.execute(ClickKeyword.groovy:43)
	at com.kms.katalon.core.keyword.internal.KeywordExecutor.executeKeywordForPlatform(KeywordExecutor.groovy:72)
	at com.kms.katalon.core.webui.keyword.WebUiBuiltInKeywords.click(WebUiBuiltInKeywords.groovy:616)
	at com.kms.katalon.core.webui.keyword.WebUiBuiltInKeywords$click$0.call(Unknown Source)
	at Script1549506362832.run(Script1549506362832.groovy:28)
	... 13 more
)

2020-03-19 14:41:01 - [MESSAGE][FAILED] - Unable to click on object 'Object Repository/ADMIN/Categories/Category List/button_Categories' (Root cause: com.kms.katalon.core.exception.StepFailedException: Unable to click on object 'Object Repository/ADMIN/Categories/Category List/button_Categories'
	at com.kms.katalon.core.webui.keyword.internal.WebUIKeywordMain.stepFailed(WebUIKeywordMain.groovy:64)
	at com.kms.katalon.core.webui.keyword.internal.WebUIKeywordMain.runKeyword(WebUIKeywordMain.groovy:26)
	at com.kms.katalon.core.webui.keyword.builtin.ClickKeyword.click(ClickKeyword.groovy:76)
	at com.kms.katalon.core.webui.keyword.builtin.ClickKeyword.execute(ClickKeyword.groovy:43)
	at com.kms.katalon.core.keyword.internal.KeywordExecutor.executeKeywordForPlatform(KeywordExecutor.groovy:72)
	at com.kms.katalon.core.webui.keyword.WebUiBuiltInKeywords.click(WebUiBuiltInKeywords.groovy:616)
	at com.kms.katalon.core.webui.keyword.WebUiBuiltInKeywords$click$0.call(Unknown Source)
	at Add Category.run(Add Category:28)
	at com.kms.katalon.core.main.ScriptEngine.run(ScriptEngine.java:194)
	at com.kms.katalon.core.main.ScriptEngine.runScriptAsRawText(ScriptEngine.java:119)
	at com.kms.katalon.core.main.TestCaseExecutor.runScript(TestCaseExecutor.java:337)
	at com.kms.katalon.core.main.TestCaseExecutor.doExecute(TestCaseExecutor.java:328)
	at com.kms.katalon.core.main.TestCaseExecutor.processExecutionPhase(TestCaseExecutor.java:307)
	at com.kms.katalon.core.main.TestCaseExecutor.accessMainPhase(TestCaseExecutor.java:299)
	at com.kms.katalon.core.main.TestCaseExecutor.execute(TestCaseExecutor.java:233)
	at com.kms.katalon.core.main.TestSuiteExecutor.accessTestCaseMainPhase(TestSuiteExecutor.java:169)
	at com.kms.katalon.core.main.TestSuiteExecutor.accessTestSuiteMainPhase(TestSuiteExecutor.java:142)
	at com.kms.katalon.core.main.TestSuiteExecutor.execute(TestSuiteExecutor.java:91)
	at com.kms.katalon.core.main.TestCaseMain.startTestSuite(TestCaseMain.java:157)
	at com.kms.katalon.core.main.TestCaseMain$startTestSuite$0.call(Unknown Source)
	at TempTestSuite1584598607274.run(TempTestSuite1584598607274.groovy:36)
Caused by: org.openqa.selenium.ElementNotInteractableException: element not interactable
  (Session info: chrome=80.0.3987.132)
Build info: version: '3.141.59', revision: 'e82be7d358', time: '2018-11-14T08:25:53'
System info: host: 'ARCADIER-03', ip: '192.168.254.105', os.name: 'Windows 7', os.arch: 'amd64', os.version: '6.1', java.version: '1.8.0_181'
Driver info: com.kms.katalon.core.webui.driver.ExistingRemoteWebDriver
Capabilities {javascriptEnabled: true, platform: ANY, platformName: ANY}
Session ID: 66da7635ded2d355388026ca8e7d8eff
	at org.openqa.selenium.remote.http.W3CHttpResponseCodec.createException(W3CHttpResponseCodec.java:187)
	at org.openqa.selenium.remote.http.W3CHttpResponseCodec.decode(W3CHttpResponseCodec.java:122)
	at org.openqa.selenium.remote.http.W3CHttpResponseCodec.decode(W3CHttpResponseCodec.java:49)
	at org.openqa.selenium.remote.HttpCommandExecutor.execute(HttpCommandExecutor.java:158)
	at org.openqa.selenium.remote.RemoteWebDriver.execute(RemoteWebDriver.java:552)
	at com.kms.katalon.core.webui.driver.ExistingRemoteWebDriver.execute(ExistingRemoteWebDriver.java:108)
	at org.openqa.selenium.remote.RemoteWebElement.execute(RemoteWebElement.java:285)
	at org.openqa.selenium.remote.RemoteWebElement.click(RemoteWebElement.java:84)
	at org.openqa.selenium.support.events.EventFiringWebDriver$EventFiringWebElement.lambda$new$0(EventFiringWebDriver.java:404)
	at com.sun.proxy.$Proxy9.click(Unknown Source)
	at org.openqa.selenium.support.events.EventFiringWebDriver$EventFiringWebElement.click(EventFiringWebDriver.java:417)
	at com.kms.katalon.core.webui.keyword.builtin.ClickKeyword$_click_closure1.doCall(ClickKeyword.groovy:69)
	at com.kms.katalon.core.webui.keyword.builtin.ClickKeyword$_click_closure1.call(ClickKeyword.groovy)
	at com.kms.katalon.core.webui.keyword.internal.WebUIKeywordMain.runKeyword(WebUIKeywordMain.groovy:20)
	at com.kms.katalon.core.webui.keyword.builtin.ClickKeyword.click(ClickKeyword.groovy:76)
	at com.kms.katalon.core.webui.keyword.builtin.ClickKeyword.execute(ClickKeyword.groovy:43)
	at com.kms.katalon.core.keyword.internal.KeywordExecutor.executeKeywordForPlatform(KeywordExecutor.groovy:72)
	at com.kms.katalon.core.webui.keyword.WebUiBuiltInKeywords.click(WebUiBuiltInKeywords.groovy:616)
	at com.kms.katalon.core.webui.keyword.WebUiBuiltInKeywords$click$0.call(Unknown Source)
	at Script1549506362832.run(Script1549506362832.groovy:28)
	... 13 more
)
[[ATTACHMENT|C:\\Katalon\\Arctick\\Reports\\20200319_141647\\Admin\\Admin Add Category\\20200319_141647\\1584600060943.png]]

2020-03-19 14:41:01 - [TEST_STEP][PASSED] - waitForPageLoad(0, STOP_ON_FAILURE): Wait for page load successfully

2020-03-19 14:41:01 - [MESSAGE][WARNING] - Timeout '0' is invalid. Using default page load timeout: '30'

2020-03-19 14:41:01 - [MESSAGE][PASSED] - Wait for page load successfully

2020-03-19 14:41:01 - [TEST_STEP][PASSED] - click(findTestObject("ADMIN/Categories/Category List/button_Add a Category")): Object: 'Object Repository/ADMIN/Categories/Category List/button_Add a Category' is clicked on

2020-03-19 14:41:01 - [MESSAGE][PASSED] - Object: 'Object Repository/ADMIN/Categories/Category List/button_Add a Category' is clicked on

2020-03-19 14:41:01 - [TEST_STEP][PASSED] - waitForElementPresent(findTestObject("ADMIN/Categories/Category/dropdown_Parent"), 2): Object 'Object Repository/ADMIN/Categories/Category/dropdown_Parent' is present

2020-03-19 14:41:01 - [MESSAGE][PASSED] - Object 'Object Repository/ADMIN/Categories/Category/dropdown_Parent' is present

2020-03-19 14:41:01 - [TEST_STEP][PASSED] - delay(1): Delayed 1 second(s)

2020-03-19 14:41:02 - [MESSAGE][PASSED] - Delayed 1 second(s)

2020-03-19 14:41:02 - [TEST_STEP][PASSED] - setText(findTestObject("ADMIN/Categories/Category/textfield_Category Name"), CategoryNametext): Text 'Category 19' is set on object 'Object Repository/ADMIN/Categories/Category/textfield_Category Name'

2020-03-19 14:41:02 - [MESSAGE][PASSED] - Text 'Category 19' is set on object 'Object Repository/ADMIN/Categories/Category/textfield_Category Name'

2020-03-19 14:41:02 - [TEST_STEP][PASSED] - click(findTestObject("ADMIN/Categories/Category/dropdown_Parent")): Object: 'Object Repository/ADMIN/Categories/Category/dropdown_Parent' is clicked on

2020-03-19 14:41:03 - [MESSAGE][PASSED] - Object: 'Object Repository/ADMIN/Categories/Category/dropdown_Parent' is clicked on

2020-03-19 14:41:03 - [TEST_STEP][PASSED] - delay(2): Delayed 2 second(s)

2020-03-19 14:41:05 - [MESSAGE][PASSED] - Delayed 2 second(s)

2020-03-19 14:41:05 - [TEST_STEP][PASSED] - click(findTestObject("ADMIN/Categories/Category/dropdown_Parent")): Object: 'Object Repository/ADMIN/Categories/Category/dropdown_Parent' is clicked on

2020-03-19 14:41:05 - [MESSAGE][PASSED] - Object: 'Object Repository/ADMIN/Categories/Category/dropdown_Parent' is clicked on

2020-03-19 14:41:05 - [TEST_STEP][PASSED] - selectOptionByLabel(findTestObject("ADMIN/Categories/Category/dropdown_Parent"), ParentName, false): All options with label '-' are selected in object 'Object Repository/ADMIN/Categories/Category/dropdown_Parent' 

2020-03-19 14:41:05 - [MESSAGE][PASSED] - All options with label '-' are selected in object 'Object Repository/ADMIN/Categories/Category/dropdown_Parent' 

2020-03-19 14:41:05 - [TEST_STEP][PASSED] - click(findTestObject("ADMIN/Categories/Category/button_Browse")): Object: 'Object Repository/ADMIN/Categories/Category/button_Browse' is clicked on

2020-03-19 14:41:05 - [MESSAGE][PASSED] - Object: 'Object Repository/ADMIN/Categories/Category/button_Browse' is clicked on

2020-03-19 14:41:05 - [TEST_STEP][PASSED] - delay(2): Delayed 2 second(s)

2020-03-19 14:41:07 - [MESSAGE][PASSED] - Delayed 2 second(s)

2020-03-19 14:41:07 - [TEST_STEP][PASSED] - uploadFile(findTestObject("ADMIN/Categories/Category/image_input image"), CategoryImageUpload): File 'C:\\Katalon\\Arctick\\Images\\Category\\19.png' sent to object: 'Object Repository/ADMIN/Categories/Category/image_input image'

2020-03-19 14:41:08 - [MESSAGE][PASSED] - File 'C:\\Katalon\\Arctick\\Images\\Category\\19.png' sent to object: 'Object Repository/ADMIN/Categories/Category/image_input image'

2020-03-19 14:41:08 - [TEST_STEP][PASSED] - waitForElementVisible(findTestObject("ADMIN/Categories/Category/button_upload check"), 0): Object 'Object Repository/ADMIN/Categories/Category/button_upload check' is visible

2020-03-19 14:41:08 - [MESSAGE][WARNING] - Timeout '0' is invalid. Using default page load timeout: '30'

2020-03-19 14:41:08 - [MESSAGE][PASSED] - Object 'Object Repository/ADMIN/Categories/Category/button_upload check' is visible

2020-03-19 14:41:08 - [TEST_STEP][PASSED] - click(findTestObject("ADMIN/Categories/Category/button_upload check")): Object: 'Object Repository/ADMIN/Categories/Category/button_upload check' is clicked on

2020-03-19 14:41:08 - [MESSAGE][PASSED] - Object: 'Object Repository/ADMIN/Categories/Category/button_upload check' is clicked on

2020-03-19 14:41:08 - [TEST_STEP][PASSED] - waitForElementVisible(findTestObject("ADMIN/Categories/Category/button_upload save"), 0): Object 'Object Repository/ADMIN/Categories/Category/button_upload save' is visible

2020-03-19 14:41:08 - [MESSAGE][WARNING] - Timeout '0' is invalid. Using default page load timeout: '30'

2020-03-19 14:41:08 - [MESSAGE][PASSED] - Object 'Object Repository/ADMIN/Categories/Category/button_upload save' is visible

2020-03-19 14:41:08 - [TEST_STEP][PASSED] - click(findTestObject("ADMIN/Categories/Category/button_upload save")): Object: 'Object Repository/ADMIN/Categories/Category/button_upload save' is clicked on

2020-03-19 14:41:08 - [MESSAGE][PASSED] - Object: 'Object Repository/ADMIN/Categories/Category/button_upload save' is clicked on

2020-03-19 14:41:08 - [TEST_STEP][PASSED] - setText(findTestObject("ADMIN/Categories/Category/textfield_category_description"), Description): Text 'Description75' is set on object 'Object Repository/ADMIN/Categories/Category/textfield_category_description'

2020-03-19 14:41:08 - [MESSAGE][PASSED] - Text 'Description75' is set on object 'Object Repository/ADMIN/Categories/Category/textfield_category_description'

2020-03-19 14:41:08 - [TEST_STEP][PASSED] - click(findTestObject("ADMIN/Categories/Category/button_Save")): Object: 'Object Repository/ADMIN/Categories/Category/button_Save' is clicked on

2020-03-19 14:41:09 - [MESSAGE][PASSED] - Object: 'Object Repository/ADMIN/Categories/Category/button_Save' is clicked on

2020-03-19 14:41:09 - [TEST_STEP][PASSED] - waitForElementVisible(findTestObject("ADMIN/Categories/Category/label_edit popup"), 0): Object 'Object Repository/ADMIN/Categories/Category/label_edit popup' is visible

2020-03-19 14:41:09 - [MESSAGE][WARNING] - Timeout '0' is invalid. Using default page load timeout: '30'

2020-03-19 14:41:09 - [MESSAGE][PASSED] - Object 'Object Repository/ADMIN/Categories/Category/label_edit popup' is visible

2020-03-19 14:41:09 - [TEST_STEP][PASSED] - waitForElementNotPresent(findTestObject("ADMIN/Categories/Category/label_edit popup"), 0): Web element with id: 'Object Repository/ADMIN/Categories/Category/label_edit popup' located by 'By.xpath: //div[(text() = 'Category was successfully saved.' or . = 'Category was successfully saved.')]' is not present after '30' second(s)

2020-03-19 14:41:09 - [MESSAGE][WARNING] - Timeout '0' is invalid. Using default page load timeout: '30'

2020-03-19 14:41:15 - [MESSAGE][PASSED] - Web element with id: 'Object Repository/ADMIN/Categories/Category/label_edit popup' located by 'By.xpath: //div[(text() = 'Category was successfully saved.' or . = 'Category was successfully saved.')]' is not present after '30' second(s)]]></system-out>
         <system-err><![CDATA[2020-03-19 14:41:00 - [TEST_CASE][FAILED] - Test Cases/ADMIN/Content Mgmt/Categories/Category Add-Edit/Add Category: Test Cases/ADMIN/Content Mgmt/Categories/Category Add-Edit/Add Category FAILED.
Reason:
com.kms.katalon.core.exception.StepFailedException: Unable to click on object 'Object Repository/ADMIN/Categories/Category List/button_Categories' (Root cause: com.kms.katalon.core.exception.StepFailedException: Unable to click on object 'Object Repository/ADMIN/Categories/Category List/button_Categories'
	at com.kms.katalon.core.webui.keyword.internal.WebUIKeywordMain.stepFailed(WebUIKeywordMain.groovy:64)
	at com.kms.katalon.core.webui.keyword.internal.WebUIKeywordMain.runKeyword(WebUIKeywordMain.groovy:26)
	at com.kms.katalon.core.webui.keyword.builtin.ClickKeyword.click(ClickKeyword.groovy:76)
	at com.kms.katalon.core.webui.keyword.builtin.ClickKeyword.execute(ClickKeyword.groovy:43)
	at com.kms.katalon.core.keyword.internal.KeywordExecutor.executeKeywordForPlatform(KeywordExecutor.groovy:72)
	at com.kms.katalon.core.webui.keyword.WebUiBuiltInKeywords.click(WebUiBuiltInKeywords.groovy:616)
	at com.kms.katalon.core.webui.keyword.WebUiBuiltInKeywords$click$0.call(Unknown Source)
	at Add Category.run(Add Category:28)
	at com.kms.katalon.core.main.ScriptEngine.run(ScriptEngine.java:194)
	at com.kms.katalon.core.main.ScriptEngine.runScriptAsRawText(ScriptEngine.java:119)
	at com.kms.katalon.core.main.TestCaseExecutor.runScript(TestCaseExecutor.java:337)
	at com.kms.katalon.core.main.TestCaseExecutor.doExecute(TestCaseExecutor.java:328)
	at com.kms.katalon.core.main.TestCaseExecutor.processExecutionPhase(TestCaseExecutor.java:307)
	at com.kms.katalon.core.main.TestCaseExecutor.accessMainPhase(TestCaseExecutor.java:299)
	at com.kms.katalon.core.main.TestCaseExecutor.execute(TestCaseExecutor.java:233)
	at com.kms.katalon.core.main.TestSuiteExecutor.accessTestCaseMainPhase(TestSuiteExecutor.java:169)
	at com.kms.katalon.core.main.TestSuiteExecutor.accessTestSuiteMainPhase(TestSuiteExecutor.java:142)
	at com.kms.katalon.core.main.TestSuiteExecutor.execute(TestSuiteExecutor.java:91)
	at com.kms.katalon.core.main.TestCaseMain.startTestSuite(TestCaseMain.java:157)
	at com.kms.katalon.core.main.TestCaseMain$startTestSuite$0.call(Unknown Source)
	at TempTestSuite1584598607274.run(TempTestSuite1584598607274.groovy:36)
Caused by: org.openqa.selenium.ElementNotInteractableException: element not interactable
  (Session info: chrome=80.0.3987.132)
Build info: version: '3.141.59', revision: 'e82be7d358', time: '2018-11-14T08:25:53'
System info: host: 'ARCADIER-03', ip: '192.168.254.105', os.name: 'Windows 7', os.arch: 'amd64', os.version: '6.1', java.version: '1.8.0_181'
Driver info: com.kms.katalon.core.webui.driver.ExistingRemoteWebDriver
Capabilities {javascriptEnabled: true, platform: ANY, platformName: ANY}
Session ID: 66da7635ded2d355388026ca8e7d8eff
	at org.openqa.selenium.remote.http.W3CHttpResponseCodec.createException(W3CHttpResponseCodec.java:187)
	at org.openqa.selenium.remote.http.W3CHttpResponseCodec.decode(W3CHttpResponseCodec.java:122)
	at org.openqa.selenium.remote.http.W3CHttpResponseCodec.decode(W3CHttpResponseCodec.java:49)
	at org.openqa.selenium.remote.HttpCommandExecutor.execute(HttpCommandExecutor.java:158)
	at org.openqa.selenium.remote.RemoteWebDriver.execute(RemoteWebDriver.java:552)
	at com.kms.katalon.core.webui.driver.ExistingRemoteWebDriver.execute(ExistingRemoteWebDriver.java:108)
	at org.openqa.selenium.remote.RemoteWebElement.execute(RemoteWebElement.java:285)
	at org.openqa.selenium.remote.RemoteWebElement.click(RemoteWebElement.java:84)
	at org.openqa.selenium.support.events.EventFiringWebDriver$EventFiringWebElement.lambda$new$0(EventFiringWebDriver.java:404)
	at com.sun.proxy.$Proxy9.click(Unknown Source)
	at org.openqa.selenium.support.events.EventFiringWebDriver$EventFiringWebElement.click(EventFiringWebDriver.java:417)
	at com.kms.katalon.core.webui.keyword.builtin.ClickKeyword$_click_closure1.doCall(ClickKeyword.groovy:69)
	at com.kms.katalon.core.webui.keyword.builtin.ClickKeyword$_click_closure1.call(ClickKeyword.groovy)
	at com.kms.katalon.core.webui.keyword.internal.WebUIKeywordMain.runKeyword(WebUIKeywordMain.groovy:20)
	at com.kms.katalon.core.webui.keyword.builtin.ClickKeyword.click(ClickKeyword.groovy:76)
	at com.kms.katalon.core.webui.keyword.builtin.ClickKeyword.execute(ClickKeyword.groovy:43)
	at com.kms.katalon.core.keyword.internal.KeywordExecutor.executeKeywordForPlatform(KeywordExecutor.groovy:72)
	at com.kms.katalon.core.webui.keyword.WebUiBuiltInKeywords.click(WebUiBuiltInKeywords.groovy:616)
	at com.kms.katalon.core.webui.keyword.WebUiBuiltInKeywords$click$0.call(Unknown Source)
	at Script1549506362832.run(Script1549506362832.groovy:28)
	... 13 more
)
	at com.kms.katalon.core.keyword.internal.KeywordMain.stepFailed(KeywordMain.groovy:39)
	at com.kms.katalon.core.webui.keyword.internal.WebUIKeywordMain.stepFailed(WebUIKeywordMain.groovy:64)
	at com.kms.katalon.core.webui.keyword.internal.WebUIKeywordMain.runKeyword(WebUIKeywordMain.groovy:26)
	at com.kms.katalon.core.webui.keyword.builtin.ClickKeyword.click(ClickKeyword.groovy:76)
	at com.kms.katalon.core.webui.keyword.builtin.ClickKeyword.execute(ClickKeyword.groovy:43)
	at com.kms.katalon.core.keyword.internal.KeywordExecutor.executeKeywordForPlatform(KeywordExecutor.groovy:72)
	at com.kms.katalon.core.webui.keyword.WebUiBuiltInKeywords.click(WebUiBuiltInKeywords.groovy:616)
	at com.kms.katalon.core.webui.keyword.WebUiBuiltInKeywords$click$0.call(Unknown Source)
	at Add Category.run(Add Category:28)
	at com.kms.katalon.core.main.ScriptEngine.run(ScriptEngine.java:194)
	at com.kms.katalon.core.main.ScriptEngine.runScriptAsRawText(ScriptEngine.java:119)
	at com.kms.katalon.core.main.TestCaseExecutor.runScript(TestCaseExecutor.java:337)
	at com.kms.katalon.core.main.TestCaseExecutor.doExecute(TestCaseExecutor.java:328)
	at com.kms.katalon.core.main.TestCaseExecutor.processExecutionPhase(TestCaseExecutor.java:307)
	at com.kms.katalon.core.main.TestCaseExecutor.accessMainPhase(TestCaseExecutor.java:299)
	at com.kms.katalon.core.main.TestCaseExecutor.execute(TestCaseExecutor.java:233)
	at com.kms.katalon.core.main.TestSuiteExecutor.accessTestCaseMainPhase(TestSuiteExecutor.java:169)
	at com.kms.katalon.core.main.TestSuiteExecutor.accessTestSuiteMainPhase(TestSuiteExecutor.java:142)
	at com.kms.katalon.core.main.TestSuiteExecutor.execute(TestSuiteExecutor.java:91)
	at com.kms.katalon.core.main.TestCaseMain.startTestSuite(TestCaseMain.java:157)
	at com.kms.katalon.core.main.TestCaseMain$startTestSuite$0.call(Unknown Source)
	at TempTestSuite1584598607274.run(TempTestSuite1584598607274.groovy:36)
Caused by: com.kms.katalon.core.exception.StepFailedException: Unable to click on object 'Object Repository/ADMIN/Categories/Category List/button_Categories'
	... 21 more
Caused by: org.openqa.selenium.ElementNotInteractableException: element not interactable
  (Session info: chrome=80.0.3987.132)
Build info: version: '3.141.59', revision: 'e82be7d358', time: '2018-11-14T08:25:53'
System info: host: 'ARCADIER-03', ip: '192.168.254.105', os.name: 'Windows 7', os.arch: 'amd64', os.version: '6.1', java.version: '1.8.0_181'
Driver info: com.kms.katalon.core.webui.driver.ExistingRemoteWebDriver
Capabilities {javascriptEnabled: true, platform: ANY, platformName: ANY}
Session ID: 66da7635ded2d355388026ca8e7d8eff
	at org.openqa.selenium.remote.http.W3CHttpResponseCodec.createException(W3CHttpResponseCodec.java:187)
	at org.openqa.selenium.remote.http.W3CHttpResponseCodec.decode(W3CHttpResponseCodec.java:122)
	at org.openqa.selenium.remote.http.W3CHttpResponseCodec.decode(W3CHttpResponseCodec.java:49)
	at org.openqa.selenium.remote.HttpCommandExecutor.execute(HttpCommandExecutor.java:158)
	at org.openqa.selenium.remote.RemoteWebDriver.execute(RemoteWebDriver.java:552)
	at com.kms.katalon.core.webui.driver.ExistingRemoteWebDriver.execute(ExistingRemoteWebDriver.java:108)
	at org.openqa.selenium.remote.RemoteWebElement.execute(RemoteWebElement.java:285)
	at org.openqa.selenium.remote.RemoteWebElement.click(RemoteWebElement.java:84)
	at org.openqa.selenium.support.events.EventFiringWebDriver$EventFiringWebElement.lambda$new$0(EventFiringWebDriver.java:404)
	at com.sun.proxy.$Proxy9.click(Unknown Source)
	at org.openqa.selenium.support.events.EventFiringWebDriver$EventFiringWebElement.click(EventFiringWebDriver.java:417)
	at com.kms.katalon.core.webui.keyword.builtin.ClickKeyword$_click_closure1.doCall(ClickKeyword.groovy:69)
	at com.kms.katalon.core.webui.keyword.builtin.ClickKeyword$_click_closure1.call(ClickKeyword.groovy)
	at com.kms.katalon.core.webui.keyword.internal.WebUIKeywordMain.runKeyword(WebUIKeywordMain.groovy:20)
	... 19 more]]></system-err>
      </testcase>
      <testcase name="Test Cases/ADMIN/Content Mgmt/Categories/Category Add-Edit/Add Category" time="14.742" classname="Test Cases/ADMIN/Content Mgmt/Categories/Category Add-Edit/Add Category" status="FAILED">
         <failure type="FAILED" message="Test Cases/ADMIN/Content Mgmt/Categories/Category Add-Edit/Add Category FAILED.
Reason:
com.kms.katalon.core.exception.StepFailedException: Unable to click on object 'Object Repository/ADMIN/Categories/Category List/button_Categories' (Root cause: com.kms.katalon.core.exception.StepFailedException: Unable to click on object 'Object Repository/ADMIN/Categories/Category List/button_Categories'
	at com.kms.katalon.core.webui.keyword.internal.WebUIKeywordMain.stepFailed(WebUIKeywordMain.groovy:64)
	at com.kms.katalon.core.webui.keyword.internal.WebUIKeywordMain.runKeyword(WebUIKeywordMain.groovy:26)
	at com.kms.katalon.core.webui.keyword.builtin.ClickKeyword.click(ClickKeyword.groovy:76)
	at com.kms.katalon.core.webui.keyword.builtin.ClickKeyword.execute(ClickKeyword.groovy:43)
	at com.kms.katalon.core.keyword.internal.KeywordExecutor.executeKeywordForPlatform(KeywordExecutor.groovy:72)
	at com.kms.katalon.core.webui.keyword.WebUiBuiltInKeywords.click(WebUiBuiltInKeywords.groovy:616)
	at com.kms.katalon.core.webui.keyword.WebUiBuiltInKeywords$click$0.call(Unknown Source)
	at Add Category.run(Add Category:28)
	at com.kms.katalon.core.main.ScriptEngine.run(ScriptEngine.java:194)
	at com.kms.katalon.core.main.ScriptEngine.runScriptAsRawText(ScriptEngine.java:119)
	at com.kms.katalon.core.main.TestCaseExecutor.runScript(TestCaseExecutor.java:337)
	at com.kms.katalon.core.main.TestCaseExecutor.doExecute(TestCaseExecutor.java:328)
	at com.kms.katalon.core.main.TestCaseExecutor.processExecutionPhase(TestCaseExecutor.java:307)
	at com.kms.katalon.core.main.TestCaseExecutor.accessMainPhase(TestCaseExecutor.java:299)
	at com.kms.katalon.core.main.TestCaseExecutor.execute(TestCaseExecutor.java:233)
	at com.kms.katalon.core.main.TestSuiteExecutor.accessTestCaseMainPhase(TestSuiteExecutor.java:169)
	at com.kms.katalon.core.main.TestSuiteExecutor.accessTestSuiteMainPhase(TestSuiteExecutor.java:142)
	at com.kms.katalon.core.main.TestSuiteExecutor.execute(TestSuiteExecutor.java:91)
	at com.kms.katalon.core.main.TestCaseMain.startTestSuite(TestCaseMain.java:157)
	at com.kms.katalon.core.main.TestCaseMain$startTestSuite$0.call(Unknown Source)
	at TempTestSuite1584598607274.run(TempTestSuite1584598607274.groovy:36)
Caused by: org.openqa.selenium.ElementNotInteractableException: element not interactable
  (Session info: chrome=80.0.3987.132)
Build info: version: '3.141.59', revision: 'e82be7d358', time: '2018-11-14T08:25:53'
System info: host: 'ARCADIER-03', ip: '192.168.254.105', os.name: 'Windows 7', os.arch: 'amd64', os.version: '6.1', java.version: '1.8.0_181'
Driver info: com.kms.katalon.core.webui.driver.ExistingRemoteWebDriver
Capabilities {javascriptEnabled: true, platform: ANY, platformName: ANY}
Session ID: 66da7635ded2d355388026ca8e7d8eff
	at org.openqa.selenium.remote.http.W3CHttpResponseCodec.createException(W3CHttpResponseCodec.java:187)
	at org.openqa.selenium.remote.http.W3CHttpResponseCodec.decode(W3CHttpResponseCodec.java:122)
	at org.openqa.selenium.remote.http.W3CHttpResponseCodec.decode(W3CHttpResponseCodec.java:49)
	at org.openqa.selenium.remote.HttpCommandExecutor.execute(HttpCommandExecutor.java:158)
	at org.openqa.selenium.remote.RemoteWebDriver.execute(RemoteWebDriver.java:552)
	at com.kms.katalon.core.webui.driver.ExistingRemoteWebDriver.execute(ExistingRemoteWebDriver.java:108)
	at org.openqa.selenium.remote.RemoteWebElement.execute(RemoteWebElement.java:285)
	at org.openqa.selenium.remote.RemoteWebElement.click(RemoteWebElement.java:84)
	at org.openqa.selenium.support.events.EventFiringWebDriver$EventFiringWebElement.lambda$new$0(EventFiringWebDriver.java:404)
	at com.sun.proxy.$Proxy9.click(Unknown Source)
	at org.openqa.selenium.support.events.EventFiringWebDriver$EventFiringWebElement.click(EventFiringWebDriver.java:417)
	at com.kms.katalon.core.webui.keyword.builtin.ClickKeyword$_click_closure1.doCall(ClickKeyword.groovy:69)
	at com.kms.katalon.core.webui.keyword.builtin.ClickKeyword$_click_closure1.call(ClickKeyword.groovy)
	at com.kms.katalon.core.webui.keyword.internal.WebUIKeywordMain.runKeyword(WebUIKeywordMain.groovy:20)
	at com.kms.katalon.core.webui.keyword.builtin.ClickKeyword.click(ClickKeyword.groovy:76)
	at com.kms.katalon.core.webui.keyword.builtin.ClickKeyword.execute(ClickKeyword.groovy:43)
	at com.kms.katalon.core.keyword.internal.KeywordExecutor.executeKeywordForPlatform(KeywordExecutor.groovy:72)
	at com.kms.katalon.core.webui.keyword.WebUiBuiltInKeywords.click(WebUiBuiltInKeywords.groovy:616)
	at com.kms.katalon.core.webui.keyword.WebUiBuiltInKeywords$click$0.call(Unknown Source)
	at Script1549506362832.run(Script1549506362832.groovy:28)
	... 13 more
)
	at com.kms.katalon.core.keyword.internal.KeywordMain.stepFailed(KeywordMain.groovy:39)
	at com.kms.katalon.core.webui.keyword.internal.WebUIKeywordMain.stepFailed(WebUIKeywordMain.groovy:64)
	at com.kms.katalon.core.webui.keyword.internal.WebUIKeywordMain.runKeyword(WebUIKeywordMain.groovy:26)
	at com.kms.katalon.core.webui.keyword.builtin.ClickKeyword.click(ClickKeyword.groovy:76)
	at com.kms.katalon.core.webui.keyword.builtin.ClickKeyword.execute(ClickKeyword.groovy:43)
	at com.kms.katalon.core.keyword.internal.KeywordExecutor.executeKeywordForPlatform(KeywordExecutor.groovy:72)
	at com.kms.katalon.core.webui.keyword.WebUiBuiltInKeywords.click(WebUiBuiltInKeywords.groovy:616)
	at com.kms.katalon.core.webui.keyword.WebUiBuiltInKeywords$click$0.call(Unknown Source)
	at Add Category.run(Add Category:28)
	at com.kms.katalon.core.main.ScriptEngine.run(ScriptEngine.java:194)
	at com.kms.katalon.core.main.ScriptEngine.runScriptAsRawText(ScriptEngine.java:119)
	at com.kms.katalon.core.main.TestCaseExecutor.runScript(TestCaseExecutor.java:337)
	at com.kms.katalon.core.main.TestCaseExecutor.doExecute(TestCaseExecutor.java:328)
	at com.kms.katalon.core.main.TestCaseExecutor.processExecutionPhase(TestCaseExecutor.java:307)
	at com.kms.katalon.core.main.TestCaseExecutor.accessMainPhase(TestCaseExecutor.java:299)
	at com.kms.katalon.core.main.TestCaseExecutor.execute(TestCaseExecutor.java:233)
	at com.kms.katalon.core.main.TestSuiteExecutor.accessTestCaseMainPhase(TestSuiteExecutor.java:169)
	at com.kms.katalon.core.main.TestSuiteExecutor.accessTestSuiteMainPhase(TestSuiteExecutor.java:142)
	at com.kms.katalon.core.main.TestSuiteExecutor.execute(TestSuiteExecutor.java:91)
	at com.kms.katalon.core.main.TestCaseMain.startTestSuite(TestCaseMain.java:157)
	at com.kms.katalon.core.main.TestCaseMain$startTestSuite$0.call(Unknown Source)
	at TempTestSuite1584598607274.run(TempTestSuite1584598607274.groovy:36)
Caused by: com.kms.katalon.core.exception.StepFailedException: Unable to click on object 'Object Repository/ADMIN/Categories/Category List/button_Categories'
	... 21 more
Caused by: org.openqa.selenium.ElementNotInteractableException: element not interactable
  (Session info: chrome=80.0.3987.132)
Build info: version: '3.141.59', revision: 'e82be7d358', time: '2018-11-14T08:25:53'
System info: host: 'ARCADIER-03', ip: '192.168.254.105', os.name: 'Windows 7', os.arch: 'amd64', os.version: '6.1', java.version: '1.8.0_181'
Driver info: com.kms.katalon.core.webui.driver.ExistingRemoteWebDriver
Capabilities {javascriptEnabled: true, platform: ANY, platformName: ANY}
Session ID: 66da7635ded2d355388026ca8e7d8eff
	at org.openqa.selenium.remote.http.W3CHttpResponseCodec.createException(W3CHttpResponseCodec.java:187)
	at org.openqa.selenium.remote.http.W3CHttpResponseCodec.decode(W3CHttpResponseCodec.java:122)
	at org.openqa.selenium.remote.http.W3CHttpResponseCodec.decode(W3CHttpResponseCodec.java:49)
	at org.openqa.selenium.remote.HttpCommandExecutor.execute(HttpCommandExecutor.java:158)
	at org.openqa.selenium.remote.RemoteWebDriver.execute(RemoteWebDriver.java:552)
	at com.kms.katalon.core.webui.driver.ExistingRemoteWebDriver.execute(ExistingRemoteWebDriver.java:108)
	at org.openqa.selenium.remote.RemoteWebElement.execute(RemoteWebElement.java:285)
	at org.openqa.selenium.remote.RemoteWebElement.click(RemoteWebElement.java:84)
	at org.openqa.selenium.support.events.EventFiringWebDriver$EventFiringWebElement.lambda$new$0(EventFiringWebDriver.java:404)
	at com.sun.proxy.$Proxy9.click(Unknown Source)
	at org.openqa.selenium.support.events.EventFiringWebDriver$EventFiringWebElement.click(EventFiringWebDriver.java:417)
	at com.kms.katalon.core.webui.keyword.builtin.ClickKeyword$_click_closure1.doCall(ClickKeyword.groovy:69)
	at com.kms.katalon.core.webui.keyword.builtin.ClickKeyword$_click_closure1.call(ClickKeyword.groovy)
	at com.kms.katalon.core.webui.keyword.internal.WebUIKeywordMain.runKeyword(WebUIKeywordMain.groovy:20)
	... 19 more
"/>
         <system-out><![CDATA[2020-03-19 14:41:15 - [TEST_CASE][FAILED] - Test Cases/ADMIN/Content Mgmt/Categories/Category Add-Edit/Add Category: Test Cases/ADMIN/Content Mgmt/Categories/Category Add-Edit/Add Category FAILED.
Reason:
com.kms.katalon.core.exception.StepFailedException: Unable to click on object 'Object Repository/ADMIN/Categories/Category List/button_Categories' (Root cause: com.kms.katalon.core.exception.StepFailedException: Unable to click on object 'Object Repository/ADMIN/Categories/Category List/button_Categories'
	at com.kms.katalon.core.webui.keyword.internal.WebUIKeywordMain.stepFailed(WebUIKeywordMain.groovy:64)
	at com.kms.katalon.core.webui.keyword.internal.WebUIKeywordMain.runKeyword(WebUIKeywordMain.groovy:26)
	at com.kms.katalon.core.webui.keyword.builtin.ClickKeyword.click(ClickKeyword.groovy:76)
	at com.kms.katalon.core.webui.keyword.builtin.ClickKeyword.execute(ClickKeyword.groovy:43)
	at com.kms.katalon.core.keyword.internal.KeywordExecutor.executeKeywordForPlatform(KeywordExecutor.groovy:72)
	at com.kms.katalon.core.webui.keyword.WebUiBuiltInKeywords.click(WebUiBuiltInKeywords.groovy:616)
	at com.kms.katalon.core.webui.keyword.WebUiBuiltInKeywords$click$0.call(Unknown Source)
	at Add Category.run(Add Category:28)
	at com.kms.katalon.core.main.ScriptEngine.run(ScriptEngine.java:194)
	at com.kms.katalon.core.main.ScriptEngine.runScriptAsRawText(ScriptEngine.java:119)
	at com.kms.katalon.core.main.TestCaseExecutor.runScript(TestCaseExecutor.java:337)
	at com.kms.katalon.core.main.TestCaseExecutor.doExecute(TestCaseExecutor.java:328)
	at com.kms.katalon.core.main.TestCaseExecutor.processExecutionPhase(TestCaseExecutor.java:307)
	at com.kms.katalon.core.main.TestCaseExecutor.accessMainPhase(TestCaseExecutor.java:299)
	at com.kms.katalon.core.main.TestCaseExecutor.execute(TestCaseExecutor.java:233)
	at com.kms.katalon.core.main.TestSuiteExecutor.accessTestCaseMainPhase(TestSuiteExecutor.java:169)
	at com.kms.katalon.core.main.TestSuiteExecutor.accessTestSuiteMainPhase(TestSuiteExecutor.java:142)
	at com.kms.katalon.core.main.TestSuiteExecutor.execute(TestSuiteExecutor.java:91)
	at com.kms.katalon.core.main.TestCaseMain.startTestSuite(TestCaseMain.java:157)
	at com.kms.katalon.core.main.TestCaseMain$startTestSuite$0.call(Unknown Source)
	at TempTestSuite1584598607274.run(TempTestSuite1584598607274.groovy:36)
Caused by: org.openqa.selenium.ElementNotInteractableException: element not interactable
  (Session info: chrome=80.0.3987.132)
Build info: version: '3.141.59', revision: 'e82be7d358', time: '2018-11-14T08:25:53'
System info: host: 'ARCADIER-03', ip: '192.168.254.105', os.name: 'Windows 7', os.arch: 'amd64', os.version: '6.1', java.version: '1.8.0_181'
Driver info: com.kms.katalon.core.webui.driver.ExistingRemoteWebDriver
Capabilities {javascriptEnabled: true, platform: ANY, platformName: ANY}
Session ID: 66da7635ded2d355388026ca8e7d8eff
	at org.openqa.selenium.remote.http.W3CHttpResponseCodec.createException(W3CHttpResponseCodec.java:187)
	at org.openqa.selenium.remote.http.W3CHttpResponseCodec.decode(W3CHttpResponseCodec.java:122)
	at org.openqa.selenium.remote.http.W3CHttpResponseCodec.decode(W3CHttpResponseCodec.java:49)
	at org.openqa.selenium.remote.HttpCommandExecutor.execute(HttpCommandExecutor.java:158)
	at org.openqa.selenium.remote.RemoteWebDriver.execute(RemoteWebDriver.java:552)
	at com.kms.katalon.core.webui.driver.ExistingRemoteWebDriver.execute(ExistingRemoteWebDriver.java:108)
	at org.openqa.selenium.remote.RemoteWebElement.execute(RemoteWebElement.java:285)
	at org.openqa.selenium.remote.RemoteWebElement.click(RemoteWebElement.java:84)
	at org.openqa.selenium.support.events.EventFiringWebDriver$EventFiringWebElement.lambda$new$0(EventFiringWebDriver.java:404)
	at com.sun.proxy.$Proxy9.click(Unknown Source)
	at org.openqa.selenium.support.events.EventFiringWebDriver$EventFiringWebElement.click(EventFiringWebDriver.java:417)
	at com.kms.katalon.core.webui.keyword.builtin.ClickKeyword$_click_closure1.doCall(ClickKeyword.groovy:69)
	at com.kms.katalon.core.webui.keyword.builtin.ClickKeyword$_click_closure1.call(ClickKeyword.groovy)
	at com.kms.katalon.core.webui.keyword.internal.WebUIKeywordMain.runKeyword(WebUIKeywordMain.groovy:20)
	at com.kms.katalon.core.webui.keyword.builtin.ClickKeyword.click(ClickKeyword.groovy:76)
	at com.kms.katalon.core.webui.keyword.builtin.ClickKeyword.execute(ClickKeyword.groovy:43)
	at com.kms.katalon.core.keyword.internal.KeywordExecutor.executeKeywordForPlatform(KeywordExecutor.groovy:72)
	at com.kms.katalon.core.webui.keyword.WebUiBuiltInKeywords.click(WebUiBuiltInKeywords.groovy:616)
	at com.kms.katalon.core.webui.keyword.WebUiBuiltInKeywords$click$0.call(Unknown Source)
	at Script1549506362832.run(Script1549506362832.groovy:28)
	... 13 more
)
	at com.kms.katalon.core.keyword.internal.KeywordMain.stepFailed(KeywordMain.groovy:39)
	at com.kms.katalon.core.webui.keyword.internal.WebUIKeywordMain.stepFailed(WebUIKeywordMain.groovy:64)
	at com.kms.katalon.core.webui.keyword.internal.WebUIKeywordMain.runKeyword(WebUIKeywordMain.groovy:26)
	at com.kms.katalon.core.webui.keyword.builtin.ClickKeyword.click(ClickKeyword.groovy:76)
	at com.kms.katalon.core.webui.keyword.builtin.ClickKeyword.execute(ClickKeyword.groovy:43)
	at com.kms.katalon.core.keyword.internal.KeywordExecutor.executeKeywordForPlatform(KeywordExecutor.groovy:72)
	at com.kms.katalon.core.webui.keyword.WebUiBuiltInKeywords.click(WebUiBuiltInKeywords.groovy:616)
	at com.kms.katalon.core.webui.keyword.WebUiBuiltInKeywords$click$0.call(Unknown Source)
	at Add Category.run(Add Category:28)
	at com.kms.katalon.core.main.ScriptEngine.run(ScriptEngine.java:194)
	at com.kms.katalon.core.main.ScriptEngine.runScriptAsRawText(ScriptEngine.java:119)
	at com.kms.katalon.core.main.TestCaseExecutor.runScript(TestCaseExecutor.java:337)
	at com.kms.katalon.core.main.TestCaseExecutor.doExecute(TestCaseExecutor.java:328)
	at com.kms.katalon.core.main.TestCaseExecutor.processExecutionPhase(TestCaseExecutor.java:307)
	at com.kms.katalon.core.main.TestCaseExecutor.accessMainPhase(TestCaseExecutor.java:299)
	at com.kms.katalon.core.main.TestCaseExecutor.execute(TestCaseExecutor.java:233)
	at com.kms.katalon.core.main.TestSuiteExecutor.accessTestCaseMainPhase(TestSuiteExecutor.java:169)
	at com.kms.katalon.core.main.TestSuiteExecutor.accessTestSuiteMainPhase(TestSuiteExecutor.java:142)
	at com.kms.katalon.core.main.TestSuiteExecutor.execute(TestSuiteExecutor.java:91)
	at com.kms.katalon.core.main.TestCaseMain.startTestSuite(TestCaseMain.java:157)
	at com.kms.katalon.core.main.TestCaseMain$startTestSuite$0.call(Unknown Source)
	at TempTestSuite1584598607274.run(TempTestSuite1584598607274.groovy:36)
Caused by: com.kms.katalon.core.exception.StepFailedException: Unable to click on object 'Object Repository/ADMIN/Categories/Category List/button_Categories'
	... 21 more
Caused by: org.openqa.selenium.ElementNotInteractableException: element not interactable
  (Session info: chrome=80.0.3987.132)
Build info: version: '3.141.59', revision: 'e82be7d358', time: '2018-11-14T08:25:53'
System info: host: 'ARCADIER-03', ip: '192.168.254.105', os.name: 'Windows 7', os.arch: 'amd64', os.version: '6.1', java.version: '1.8.0_181'
Driver info: com.kms.katalon.core.webui.driver.ExistingRemoteWebDriver
Capabilities {javascriptEnabled: true, platform: ANY, platformName: ANY}
Session ID: 66da7635ded2d355388026ca8e7d8eff
	at org.openqa.selenium.remote.http.W3CHttpResponseCodec.createException(W3CHttpResponseCodec.java:187)
	at org.openqa.selenium.remote.http.W3CHttpResponseCodec.decode(W3CHttpResponseCodec.java:122)
	at org.openqa.selenium.remote.http.W3CHttpResponseCodec.decode(W3CHttpResponseCodec.java:49)
	at org.openqa.selenium.remote.HttpCommandExecutor.execute(HttpCommandExecutor.java:158)
	at org.openqa.selenium.remote.RemoteWebDriver.execute(RemoteWebDriver.java:552)
	at com.kms.katalon.core.webui.driver.ExistingRemoteWebDriver.execute(ExistingRemoteWebDriver.java:108)
	at org.openqa.selenium.remote.RemoteWebElement.execute(RemoteWebElement.java:285)
	at org.openqa.selenium.remote.RemoteWebElement.click(RemoteWebElement.java:84)
	at org.openqa.selenium.support.events.EventFiringWebDriver$EventFiringWebElement.lambda$new$0(EventFiringWebDriver.java:404)
	at com.sun.proxy.$Proxy9.click(Unknown Source)
	at org.openqa.selenium.support.events.EventFiringWebDriver$EventFiringWebElement.click(EventFiringWebDriver.java:417)
	at com.kms.katalon.core.webui.keyword.builtin.ClickKeyword$_click_closure1.doCall(ClickKeyword.groovy:69)
	at com.kms.katalon.core.webui.keyword.builtin.ClickKeyword$_click_closure1.call(ClickKeyword.groovy)
	at com.kms.katalon.core.webui.keyword.internal.WebUIKeywordMain.runKeyword(WebUIKeywordMain.groovy:20)
	... 19 more


2020-03-19 14:41:15 - [TEST_STEP][PASSED] - waitForElementVisible(findTestObject("ADMIN/Categories/Category List/button_Content Mgmt"), 0): Object 'Object Repository/ADMIN/Categories/Category List/button_Content Mgmt' is visible

2020-03-19 14:41:15 - [MESSAGE][WARNING] - Timeout '0' is invalid. Using default page load timeout: '30'

2020-03-19 14:41:15 - [MESSAGE][PASSED] - Object 'Object Repository/ADMIN/Categories/Category List/button_Content Mgmt' is visible

2020-03-19 14:41:15 - [TEST_STEP][PASSED] - click(findTestObject("ADMIN/Categories/Category List/button_Content Mgmt")): Object: 'Object Repository/ADMIN/Categories/Category List/button_Content Mgmt' is clicked on

2020-03-19 14:41:15 - [MESSAGE][PASSED] - Object: 'Object Repository/ADMIN/Categories/Category List/button_Content Mgmt' is clicked on

2020-03-19 14:41:15 - [TEST_STEP][PASSED] - waitForElementVisible(findTestObject("ADMIN/Categories/Category List/button_Categories"), 0): Object 'Object Repository/ADMIN/Categories/Category List/button_Categories' is visible

2020-03-19 14:41:15 - [MESSAGE][WARNING] - Timeout '0' is invalid. Using default page load timeout: '30'

2020-03-19 14:41:16 - [MESSAGE][PASSED] - Object 'Object Repository/ADMIN/Categories/Category List/button_Categories' is visible

2020-03-19 14:41:16 - [TEST_STEP][FAILED] - click(findTestObject("ADMIN/Categories/Category List/button_Categories")): Unable to click on object 'Object Repository/ADMIN/Categories/Category List/button_Categories' (Root cause: com.kms.katalon.core.exception.StepFailedException: Unable to click on object 'Object Repository/ADMIN/Categories/Category List/button_Categories'
	at com.kms.katalon.core.webui.keyword.internal.WebUIKeywordMain.stepFailed(WebUIKeywordMain.groovy:64)
	at com.kms.katalon.core.webui.keyword.internal.WebUIKeywordMain.runKeyword(WebUIKeywordMain.groovy:26)
	at com.kms.katalon.core.webui.keyword.builtin.ClickKeyword.click(ClickKeyword.groovy:76)
	at com.kms.katalon.core.webui.keyword.builtin.ClickKeyword.execute(ClickKeyword.groovy:43)
	at com.kms.katalon.core.keyword.internal.KeywordExecutor.executeKeywordForPlatform(KeywordExecutor.groovy:72)
	at com.kms.katalon.core.webui.keyword.WebUiBuiltInKeywords.click(WebUiBuiltInKeywords.groovy:616)
	at com.kms.katalon.core.webui.keyword.WebUiBuiltInKeywords$click$0.call(Unknown Source)
	at Add Category.run(Add Category:28)
	at com.kms.katalon.core.main.ScriptEngine.run(ScriptEngine.java:194)
	at com.kms.katalon.core.main.ScriptEngine.runScriptAsRawText(ScriptEngine.java:119)
	at com.kms.katalon.core.main.TestCaseExecutor.runScript(TestCaseExecutor.java:337)
	at com.kms.katalon.core.main.TestCaseExecutor.doExecute(TestCaseExecutor.java:328)
	at com.kms.katalon.core.main.TestCaseExecutor.processExecutionPhase(TestCaseExecutor.java:307)
	at com.kms.katalon.core.main.TestCaseExecutor.accessMainPhase(TestCaseExecutor.java:299)
	at com.kms.katalon.core.main.TestCaseExecutor.execute(TestCaseExecutor.java:233)
	at com.kms.katalon.core.main.TestSuiteExecutor.accessTestCaseMainPhase(TestSuiteExecutor.java:169)
	at com.kms.katalon.core.main.TestSuiteExecutor.accessTestSuiteMainPhase(TestSuiteExecutor.java:142)
	at com.kms.katalon.core.main.TestSuiteExecutor.execute(TestSuiteExecutor.java:91)
	at com.kms.katalon.core.main.TestCaseMain.startTestSuite(TestCaseMain.java:157)
	at com.kms.katalon.core.main.TestCaseMain$startTestSuite$0.call(Unknown Source)
	at TempTestSuite1584598607274.run(TempTestSuite1584598607274.groovy:36)
Caused by: org.openqa.selenium.ElementNotInteractableException: element not interactable
  (Session info: chrome=80.0.3987.132)
Build info: version: '3.141.59', revision: 'e82be7d358', time: '2018-11-14T08:25:53'
System info: host: 'ARCADIER-03', ip: '192.168.254.105', os.name: 'Windows 7', os.arch: 'amd64', os.version: '6.1', java.version: '1.8.0_181'
Driver info: com.kms.katalon.core.webui.driver.ExistingRemoteWebDriver
Capabilities {javascriptEnabled: true, platform: ANY, platformName: ANY}
Session ID: 66da7635ded2d355388026ca8e7d8eff
	at org.openqa.selenium.remote.http.W3CHttpResponseCodec.createException(W3CHttpResponseCodec.java:187)
	at org.openqa.selenium.remote.http.W3CHttpResponseCodec.decode(W3CHttpResponseCodec.java:122)
	at org.openqa.selenium.remote.http.W3CHttpResponseCodec.decode(W3CHttpResponseCodec.java:49)
	at org.openqa.selenium.remote.HttpCommandExecutor.execute(HttpCommandExecutor.java:158)
	at org.openqa.selenium.remote.RemoteWebDriver.execute(RemoteWebDriver.java:552)
	at com.kms.katalon.core.webui.driver.ExistingRemoteWebDriver.execute(ExistingRemoteWebDriver.java:108)
	at org.openqa.selenium.remote.RemoteWebElement.execute(RemoteWebElement.java:285)
	at org.openqa.selenium.remote.RemoteWebElement.click(RemoteWebElement.java:84)
	at org.openqa.selenium.support.events.EventFiringWebDriver$EventFiringWebElement.lambda$new$0(EventFiringWebDriver.java:404)
	at com.sun.proxy.$Proxy9.click(Unknown Source)
	at org.openqa.selenium.support.events.EventFiringWebDriver$EventFiringWebElement.click(EventFiringWebDriver.java:417)
	at com.kms.katalon.core.webui.keyword.builtin.ClickKeyword$_click_closure1.doCall(ClickKeyword.groovy:69)
	at com.kms.katalon.core.webui.keyword.builtin.ClickKeyword$_click_closure1.call(ClickKeyword.groovy)
	at com.kms.katalon.core.webui.keyword.internal.WebUIKeywordMain.runKeyword(WebUIKeywordMain.groovy:20)
	at com.kms.katalon.core.webui.keyword.builtin.ClickKeyword.click(ClickKeyword.groovy:76)
	at com.kms.katalon.core.webui.keyword.builtin.ClickKeyword.execute(ClickKeyword.groovy:43)
	at com.kms.katalon.core.keyword.internal.KeywordExecutor.executeKeywordForPlatform(KeywordExecutor.groovy:72)
	at com.kms.katalon.core.webui.keyword.WebUiBuiltInKeywords.click(WebUiBuiltInKeywords.groovy:616)
	at com.kms.katalon.core.webui.keyword.WebUiBuiltInKeywords$click$0.call(Unknown Source)
	at Script1549506362832.run(Script1549506362832.groovy:28)
	... 13 more
)

2020-03-19 14:41:16 - [MESSAGE][FAILED] - Unable to click on object 'Object Repository/ADMIN/Categories/Category List/button_Categories' (Root cause: com.kms.katalon.core.exception.StepFailedException: Unable to click on object 'Object Repository/ADMIN/Categories/Category List/button_Categories'
	at com.kms.katalon.core.webui.keyword.internal.WebUIKeywordMain.stepFailed(WebUIKeywordMain.groovy:64)
	at com.kms.katalon.core.webui.keyword.internal.WebUIKeywordMain.runKeyword(WebUIKeywordMain.groovy:26)
	at com.kms.katalon.core.webui.keyword.builtin.ClickKeyword.click(ClickKeyword.groovy:76)
	at com.kms.katalon.core.webui.keyword.builtin.ClickKeyword.execute(ClickKeyword.groovy:43)
	at com.kms.katalon.core.keyword.internal.KeywordExecutor.executeKeywordForPlatform(KeywordExecutor.groovy:72)
	at com.kms.katalon.core.webui.keyword.WebUiBuiltInKeywords.click(WebUiBuiltInKeywords.groovy:616)
	at com.kms.katalon.core.webui.keyword.WebUiBuiltInKeywords$click$0.call(Unknown Source)
	at Add Category.run(Add Category:28)
	at com.kms.katalon.core.main.ScriptEngine.run(ScriptEngine.java:194)
	at com.kms.katalon.core.main.ScriptEngine.runScriptAsRawText(ScriptEngine.java:119)
	at com.kms.katalon.core.main.TestCaseExecutor.runScript(TestCaseExecutor.java:337)
	at com.kms.katalon.core.main.TestCaseExecutor.doExecute(TestCaseExecutor.java:328)
	at com.kms.katalon.core.main.TestCaseExecutor.processExecutionPhase(TestCaseExecutor.java:307)
	at com.kms.katalon.core.main.TestCaseExecutor.accessMainPhase(TestCaseExecutor.java:299)
	at com.kms.katalon.core.main.TestCaseExecutor.execute(TestCaseExecutor.java:233)
	at com.kms.katalon.core.main.TestSuiteExecutor.accessTestCaseMainPhase(TestSuiteExecutor.java:169)
	at com.kms.katalon.core.main.TestSuiteExecutor.accessTestSuiteMainPhase(TestSuiteExecutor.java:142)
	at com.kms.katalon.core.main.TestSuiteExecutor.execute(TestSuiteExecutor.java:91)
	at com.kms.katalon.core.main.TestCaseMain.startTestSuite(TestCaseMain.java:157)
	at com.kms.katalon.core.main.TestCaseMain$startTestSuite$0.call(Unknown Source)
	at TempTestSuite1584598607274.run(TempTestSuite1584598607274.groovy:36)
Caused by: org.openqa.selenium.ElementNotInteractableException: element not interactable
  (Session info: chrome=80.0.3987.132)
Build info: version: '3.141.59', revision: 'e82be7d358', time: '2018-11-14T08:25:53'
System info: host: 'ARCADIER-03', ip: '192.168.254.105', os.name: 'Windows 7', os.arch: 'amd64', os.version: '6.1', java.version: '1.8.0_181'
Driver info: com.kms.katalon.core.webui.driver.ExistingRemoteWebDriver
Capabilities {javascriptEnabled: true, platform: ANY, platformName: ANY}
Session ID: 66da7635ded2d355388026ca8e7d8eff
	at org.openqa.selenium.remote.http.W3CHttpResponseCodec.createException(W3CHttpResponseCodec.java:187)
	at org.openqa.selenium.remote.http.W3CHttpResponseCodec.decode(W3CHttpResponseCodec.java:122)
	at org.openqa.selenium.remote.http.W3CHttpResponseCodec.decode(W3CHttpResponseCodec.java:49)
	at org.openqa.selenium.remote.HttpCommandExecutor.execute(HttpCommandExecutor.java:158)
	at org.openqa.selenium.remote.RemoteWebDriver.execute(RemoteWebDriver.java:552)
	at com.kms.katalon.core.webui.driver.ExistingRemoteWebDriver.execute(ExistingRemoteWebDriver.java:108)
	at org.openqa.selenium.remote.RemoteWebElement.execute(RemoteWebElement.java:285)
	at org.openqa.selenium.remote.RemoteWebElement.click(RemoteWebElement.java:84)
	at org.openqa.selenium.support.events.EventFiringWebDriver$EventFiringWebElement.lambda$new$0(EventFiringWebDriver.java:404)
	at com.sun.proxy.$Proxy9.click(Unknown Source)
	at org.openqa.selenium.support.events.EventFiringWebDriver$EventFiringWebElement.click(EventFiringWebDriver.java:417)
	at com.kms.katalon.core.webui.keyword.builtin.ClickKeyword$_click_closure1.doCall(ClickKeyword.groovy:69)
	at com.kms.katalon.core.webui.keyword.builtin.ClickKeyword$_click_closure1.call(ClickKeyword.groovy)
	at com.kms.katalon.core.webui.keyword.internal.WebUIKeywordMain.runKeyword(WebUIKeywordMain.groovy:20)
	at com.kms.katalon.core.webui.keyword.builtin.ClickKeyword.click(ClickKeyword.groovy:76)
	at com.kms.katalon.core.webui.keyword.builtin.ClickKeyword.execute(ClickKeyword.groovy:43)
	at com.kms.katalon.core.keyword.internal.KeywordExecutor.executeKeywordForPlatform(KeywordExecutor.groovy:72)
	at com.kms.katalon.core.webui.keyword.WebUiBuiltInKeywords.click(WebUiBuiltInKeywords.groovy:616)
	at com.kms.katalon.core.webui.keyword.WebUiBuiltInKeywords$click$0.call(Unknown Source)
	at Script1549506362832.run(Script1549506362832.groovy:28)
	... 13 more
)
[[ATTACHMENT|C:\\Katalon\\Arctick\\Reports\\20200319_141647\\Admin\\Admin Add Category\\20200319_141647\\1584600076198.png]]

2020-03-19 14:41:16 - [TEST_STEP][PASSED] - waitForPageLoad(0, STOP_ON_FAILURE): Wait for page load successfully

2020-03-19 14:41:16 - [MESSAGE][WARNING] - Timeout '0' is invalid. Using default page load timeout: '30'

2020-03-19 14:41:16 - [MESSAGE][PASSED] - Wait for page load successfully

2020-03-19 14:41:16 - [TEST_STEP][PASSED] - click(findTestObject("ADMIN/Categories/Category List/button_Add a Category")): Object: 'Object Repository/ADMIN/Categories/Category List/button_Add a Category' is clicked on

2020-03-19 14:41:16 - [MESSAGE][PASSED] - Object: 'Object Repository/ADMIN/Categories/Category List/button_Add a Category' is clicked on

2020-03-19 14:41:16 - [TEST_STEP][PASSED] - waitForElementPresent(findTestObject("ADMIN/Categories/Category/dropdown_Parent"), 2): Object 'Object Repository/ADMIN/Categories/Category/dropdown_Parent' is present

2020-03-19 14:41:16 - [MESSAGE][PASSED] - Object 'Object Repository/ADMIN/Categories/Category/dropdown_Parent' is present

2020-03-19 14:41:16 - [TEST_STEP][PASSED] - delay(1): Delayed 1 second(s)

2020-03-19 14:41:17 - [MESSAGE][PASSED] - Delayed 1 second(s)

2020-03-19 14:41:17 - [TEST_STEP][PASSED] - setText(findTestObject("ADMIN/Categories/Category/textfield_Category Name"), CategoryNametext): Text 'Category 20' is set on object 'Object Repository/ADMIN/Categories/Category/textfield_Category Name'

2020-03-19 14:41:18 - [MESSAGE][PASSED] - Text 'Category 20' is set on object 'Object Repository/ADMIN/Categories/Category/textfield_Category Name'

2020-03-19 14:41:18 - [TEST_STEP][PASSED] - click(findTestObject("ADMIN/Categories/Category/dropdown_Parent")): Object: 'Object Repository/ADMIN/Categories/Category/dropdown_Parent' is clicked on

2020-03-19 14:41:18 - [MESSAGE][PASSED] - Object: 'Object Repository/ADMIN/Categories/Category/dropdown_Parent' is clicked on

2020-03-19 14:41:18 - [TEST_STEP][PASSED] - delay(2): Delayed 2 second(s)

2020-03-19 14:41:20 - [MESSAGE][PASSED] - Delayed 2 second(s)

2020-03-19 14:41:20 - [TEST_STEP][PASSED] - click(findTestObject("ADMIN/Categories/Category/dropdown_Parent")): Object: 'Object Repository/ADMIN/Categories/Category/dropdown_Parent' is clicked on

2020-03-19 14:41:20 - [MESSAGE][PASSED] - Object: 'Object Repository/ADMIN/Categories/Category/dropdown_Parent' is clicked on

2020-03-19 14:41:20 - [TEST_STEP][PASSED] - selectOptionByLabel(findTestObject("ADMIN/Categories/Category/dropdown_Parent"), ParentName, false): All options with label '-' are selected in object 'Object Repository/ADMIN/Categories/Category/dropdown_Parent' 

2020-03-19 14:41:20 - [MESSAGE][PASSED] - All options with label '-' are selected in object 'Object Repository/ADMIN/Categories/Category/dropdown_Parent' 

2020-03-19 14:41:20 - [TEST_STEP][PASSED] - click(findTestObject("ADMIN/Categories/Category/button_Browse")): Object: 'Object Repository/ADMIN/Categories/Category/button_Browse' is clicked on

2020-03-19 14:41:20 - [MESSAGE][PASSED] - Object: 'Object Repository/ADMIN/Categories/Category/button_Browse' is clicked on

2020-03-19 14:41:20 - [TEST_STEP][PASSED] - delay(2): Delayed 2 second(s)

2020-03-19 14:41:22 - [MESSAGE][PASSED] - Delayed 2 second(s)

2020-03-19 14:41:22 - [TEST_STEP][PASSED] - uploadFile(findTestObject("ADMIN/Categories/Category/image_input image"), CategoryImageUpload): File 'C:\\Katalon\\Arctick\\Images\\Category\\20.png' sent to object: 'Object Repository/ADMIN/Categories/Category/image_input image'

2020-03-19 14:41:22 - [MESSAGE][PASSED] - File 'C:\\Katalon\\Arctick\\Images\\Category\\20.png' sent to object: 'Object Repository/ADMIN/Categories/Category/image_input image'

2020-03-19 14:41:22 - [TEST_STEP][PASSED] - waitForElementVisible(findTestObject("ADMIN/Categories/Category/button_upload check"), 0): Object 'Object Repository/ADMIN/Categories/Category/button_upload check' is visible

2020-03-19 14:41:22 - [MESSAGE][WARNING] - Timeout '0' is invalid. Using default page load timeout: '30'

2020-03-19 14:41:23 - [MESSAGE][PASSED] - Object 'Object Repository/ADMIN/Categories/Category/button_upload check' is visible

2020-03-19 14:41:23 - [TEST_STEP][PASSED] - click(findTestObject("ADMIN/Categories/Category/button_upload check")): Object: 'Object Repository/ADMIN/Categories/Category/button_upload check' is clicked on

2020-03-19 14:41:23 - [MESSAGE][PASSED] - Object: 'Object Repository/ADMIN/Categories/Category/button_upload check' is clicked on

2020-03-19 14:41:23 - [TEST_STEP][PASSED] - waitForElementVisible(findTestObject("ADMIN/Categories/Category/button_upload save"), 0): Object 'Object Repository/ADMIN/Categories/Category/button_upload save' is visible

2020-03-19 14:41:23 - [MESSAGE][WARNING] - Timeout '0' is invalid. Using default page load timeout: '30'

2020-03-19 14:41:23 - [MESSAGE][PASSED] - Object 'Object Repository/ADMIN/Categories/Category/button_upload save' is visible

2020-03-19 14:41:23 - [TEST_STEP][PASSED] - click(findTestObject("ADMIN/Categories/Category/button_upload save")): Object: 'Object Repository/ADMIN/Categories/Category/button_upload save' is clicked on

2020-03-19 14:41:23 - [MESSAGE][PASSED] - Object: 'Object Repository/ADMIN/Categories/Category/button_upload save' is clicked on

2020-03-19 14:41:23 - [TEST_STEP][PASSED] - setText(findTestObject("ADMIN/Categories/Category/textfield_category_description"), Description): Text 'Description76' is set on object 'Object Repository/ADMIN/Categories/Category/textfield_category_description'

2020-03-19 14:41:23 - [MESSAGE][PASSED] - Text 'Description76' is set on object 'Object Repository/ADMIN/Categories/Category/textfield_category_description'

2020-03-19 14:41:23 - [TEST_STEP][PASSED] - click(findTestObject("ADMIN/Categories/Category/button_Save")): Object: 'Object Repository/ADMIN/Categories/Category/button_Save' is clicked on

2020-03-19 14:41:23 - [MESSAGE][PASSED] - Object: 'Object Repository/ADMIN/Categories/Category/button_Save' is clicked on

2020-03-19 14:41:23 - [TEST_STEP][PASSED] - waitForElementVisible(findTestObject("ADMIN/Categories/Category/label_edit popup"), 0): Object 'Object Repository/ADMIN/Categories/Category/label_edit popup' is visible

2020-03-19 14:41:23 - [MESSAGE][WARNING] - Timeout '0' is invalid. Using default page load timeout: '30'

2020-03-19 14:41:24 - [MESSAGE][PASSED] - Object 'Object Repository/ADMIN/Categories/Category/label_edit popup' is visible

2020-03-19 14:41:24 - [TEST_STEP][PASSED] - waitForElementNotPresent(findTestObject("ADMIN/Categories/Category/label_edit popup"), 0): Web element with id: 'Object Repository/ADMIN/Categories/Category/label_edit popup' located by 'By.xpath: //div[(text() = 'Category was successfully saved.' or . = 'Category was successfully saved.')]' is not present after '30' second(s)

2020-03-19 14:41:24 - [MESSAGE][WARNING] - Timeout '0' is invalid. Using default page load timeout: '30'

2020-03-19 14:41:30 - [MESSAGE][PASSED] - Web element with id: 'Object Repository/ADMIN/Categories/Category/label_edit popup' located by 'By.xpath: //div[(text() = 'Category was successfully saved.' or . = 'Category was successfully saved.')]' is not present after '30' second(s)]]></system-out>
         <system-err><![CDATA[2020-03-19 14:41:15 - [TEST_CASE][FAILED] - Test Cases/ADMIN/Content Mgmt/Categories/Category Add-Edit/Add Category: Test Cases/ADMIN/Content Mgmt/Categories/Category Add-Edit/Add Category FAILED.
Reason:
com.kms.katalon.core.exception.StepFailedException: Unable to click on object 'Object Repository/ADMIN/Categories/Category List/button_Categories' (Root cause: com.kms.katalon.core.exception.StepFailedException: Unable to click on object 'Object Repository/ADMIN/Categories/Category List/button_Categories'
	at com.kms.katalon.core.webui.keyword.internal.WebUIKeywordMain.stepFailed(WebUIKeywordMain.groovy:64)
	at com.kms.katalon.core.webui.keyword.internal.WebUIKeywordMain.runKeyword(WebUIKeywordMain.groovy:26)
	at com.kms.katalon.core.webui.keyword.builtin.ClickKeyword.click(ClickKeyword.groovy:76)
	at com.kms.katalon.core.webui.keyword.builtin.ClickKeyword.execute(ClickKeyword.groovy:43)
	at com.kms.katalon.core.keyword.internal.KeywordExecutor.executeKeywordForPlatform(KeywordExecutor.groovy:72)
	at com.kms.katalon.core.webui.keyword.WebUiBuiltInKeywords.click(WebUiBuiltInKeywords.groovy:616)
	at com.kms.katalon.core.webui.keyword.WebUiBuiltInKeywords$click$0.call(Unknown Source)
	at Add Category.run(Add Category:28)
	at com.kms.katalon.core.main.ScriptEngine.run(ScriptEngine.java:194)
	at com.kms.katalon.core.main.ScriptEngine.runScriptAsRawText(ScriptEngine.java:119)
	at com.kms.katalon.core.main.TestCaseExecutor.runScript(TestCaseExecutor.java:337)
	at com.kms.katalon.core.main.TestCaseExecutor.doExecute(TestCaseExecutor.java:328)
	at com.kms.katalon.core.main.TestCaseExecutor.processExecutionPhase(TestCaseExecutor.java:307)
	at com.kms.katalon.core.main.TestCaseExecutor.accessMainPhase(TestCaseExecutor.java:299)
	at com.kms.katalon.core.main.TestCaseExecutor.execute(TestCaseExecutor.java:233)
	at com.kms.katalon.core.main.TestSuiteExecutor.accessTestCaseMainPhase(TestSuiteExecutor.java:169)
	at com.kms.katalon.core.main.TestSuiteExecutor.accessTestSuiteMainPhase(TestSuiteExecutor.java:142)
	at com.kms.katalon.core.main.TestSuiteExecutor.execute(TestSuiteExecutor.java:91)
	at com.kms.katalon.core.main.TestCaseMain.startTestSuite(TestCaseMain.java:157)
	at com.kms.katalon.core.main.TestCaseMain$startTestSuite$0.call(Unknown Source)
	at TempTestSuite1584598607274.run(TempTestSuite1584598607274.groovy:36)
Caused by: org.openqa.selenium.ElementNotInteractableException: element not interactable
  (Session info: chrome=80.0.3987.132)
Build info: version: '3.141.59', revision: 'e82be7d358', time: '2018-11-14T08:25:53'
System info: host: 'ARCADIER-03', ip: '192.168.254.105', os.name: 'Windows 7', os.arch: 'amd64', os.version: '6.1', java.version: '1.8.0_181'
Driver info: com.kms.katalon.core.webui.driver.ExistingRemoteWebDriver
Capabilities {javascriptEnabled: true, platform: ANY, platformName: ANY}
Session ID: 66da7635ded2d355388026ca8e7d8eff
	at org.openqa.selenium.remote.http.W3CHttpResponseCodec.createException(W3CHttpResponseCodec.java:187)
	at org.openqa.selenium.remote.http.W3CHttpResponseCodec.decode(W3CHttpResponseCodec.java:122)
	at org.openqa.selenium.remote.http.W3CHttpResponseCodec.decode(W3CHttpResponseCodec.java:49)
	at org.openqa.selenium.remote.HttpCommandExecutor.execute(HttpCommandExecutor.java:158)
	at org.openqa.selenium.remote.RemoteWebDriver.execute(RemoteWebDriver.java:552)
	at com.kms.katalon.core.webui.driver.ExistingRemoteWebDriver.execute(ExistingRemoteWebDriver.java:108)
	at org.openqa.selenium.remote.RemoteWebElement.execute(RemoteWebElement.java:285)
	at org.openqa.selenium.remote.RemoteWebElement.click(RemoteWebElement.java:84)
	at org.openqa.selenium.support.events.EventFiringWebDriver$EventFiringWebElement.lambda$new$0(EventFiringWebDriver.java:404)
	at com.sun.proxy.$Proxy9.click(Unknown Source)
	at org.openqa.selenium.support.events.EventFiringWebDriver$EventFiringWebElement.click(EventFiringWebDriver.java:417)
	at com.kms.katalon.core.webui.keyword.builtin.ClickKeyword$_click_closure1.doCall(ClickKeyword.groovy:69)
	at com.kms.katalon.core.webui.keyword.builtin.ClickKeyword$_click_closure1.call(ClickKeyword.groovy)
	at com.kms.katalon.core.webui.keyword.internal.WebUIKeywordMain.runKeyword(WebUIKeywordMain.groovy:20)
	at com.kms.katalon.core.webui.keyword.builtin.ClickKeyword.click(ClickKeyword.groovy:76)
	at com.kms.katalon.core.webui.keyword.builtin.ClickKeyword.execute(ClickKeyword.groovy:43)
	at com.kms.katalon.core.keyword.internal.KeywordExecutor.executeKeywordForPlatform(KeywordExecutor.groovy:72)
	at com.kms.katalon.core.webui.keyword.WebUiBuiltInKeywords.click(WebUiBuiltInKeywords.groovy:616)
	at com.kms.katalon.core.webui.keyword.WebUiBuiltInKeywords$click$0.call(Unknown Source)
	at Script1549506362832.run(Script1549506362832.groovy:28)
	... 13 more
)
	at com.kms.katalon.core.keyword.internal.KeywordMain.stepFailed(KeywordMain.groovy:39)
	at com.kms.katalon.core.webui.keyword.internal.WebUIKeywordMain.stepFailed(WebUIKeywordMain.groovy:64)
	at com.kms.katalon.core.webui.keyword.internal.WebUIKeywordMain.runKeyword(WebUIKeywordMain.groovy:26)
	at com.kms.katalon.core.webui.keyword.builtin.ClickKeyword.click(ClickKeyword.groovy:76)
	at com.kms.katalon.core.webui.keyword.builtin.ClickKeyword.execute(ClickKeyword.groovy:43)
	at com.kms.katalon.core.keyword.internal.KeywordExecutor.executeKeywordForPlatform(KeywordExecutor.groovy:72)
	at com.kms.katalon.core.webui.keyword.WebUiBuiltInKeywords.click(WebUiBuiltInKeywords.groovy:616)
	at com.kms.katalon.core.webui.keyword.WebUiBuiltInKeywords$click$0.call(Unknown Source)
	at Add Category.run(Add Category:28)
	at com.kms.katalon.core.main.ScriptEngine.run(ScriptEngine.java:194)
	at com.kms.katalon.core.main.ScriptEngine.runScriptAsRawText(ScriptEngine.java:119)
	at com.kms.katalon.core.main.TestCaseExecutor.runScript(TestCaseExecutor.java:337)
	at com.kms.katalon.core.main.TestCaseExecutor.doExecute(TestCaseExecutor.java:328)
	at com.kms.katalon.core.main.TestCaseExecutor.processExecutionPhase(TestCaseExecutor.java:307)
	at com.kms.katalon.core.main.TestCaseExecutor.accessMainPhase(TestCaseExecutor.java:299)
	at com.kms.katalon.core.main.TestCaseExecutor.execute(TestCaseExecutor.java:233)
	at com.kms.katalon.core.main.TestSuiteExecutor.accessTestCaseMainPhase(TestSuiteExecutor.java:169)
	at com.kms.katalon.core.main.TestSuiteExecutor.accessTestSuiteMainPhase(TestSuiteExecutor.java:142)
	at com.kms.katalon.core.main.TestSuiteExecutor.execute(TestSuiteExecutor.java:91)
	at com.kms.katalon.core.main.TestCaseMain.startTestSuite(TestCaseMain.java:157)
	at com.kms.katalon.core.main.TestCaseMain$startTestSuite$0.call(Unknown Source)
	at TempTestSuite1584598607274.run(TempTestSuite1584598607274.groovy:36)
Caused by: com.kms.katalon.core.exception.StepFailedException: Unable to click on object 'Object Repository/ADMIN/Categories/Category List/button_Categories'
	... 21 more
Caused by: org.openqa.selenium.ElementNotInteractableException: element not interactable
  (Session info: chrome=80.0.3987.132)
Build info: version: '3.141.59', revision: 'e82be7d358', time: '2018-11-14T08:25:53'
System info: host: 'ARCADIER-03', ip: '192.168.254.105', os.name: 'Windows 7', os.arch: 'amd64', os.version: '6.1', java.version: '1.8.0_181'
Driver info: com.kms.katalon.core.webui.driver.ExistingRemoteWebDriver
Capabilities {javascriptEnabled: true, platform: ANY, platformName: ANY}
Session ID: 66da7635ded2d355388026ca8e7d8eff
	at org.openqa.selenium.remote.http.W3CHttpResponseCodec.createException(W3CHttpResponseCodec.java:187)
	at org.openqa.selenium.remote.http.W3CHttpResponseCodec.decode(W3CHttpResponseCodec.java:122)
	at org.openqa.selenium.remote.http.W3CHttpResponseCodec.decode(W3CHttpResponseCodec.java:49)
	at org.openqa.selenium.remote.HttpCommandExecutor.execute(HttpCommandExecutor.java:158)
	at org.openqa.selenium.remote.RemoteWebDriver.execute(RemoteWebDriver.java:552)
	at com.kms.katalon.core.webui.driver.ExistingRemoteWebDriver.execute(ExistingRemoteWebDriver.java:108)
	at org.openqa.selenium.remote.RemoteWebElement.execute(RemoteWebElement.java:285)
	at org.openqa.selenium.remote.RemoteWebElement.click(RemoteWebElement.java:84)
	at org.openqa.selenium.support.events.EventFiringWebDriver$EventFiringWebElement.lambda$new$0(EventFiringWebDriver.java:404)
	at com.sun.proxy.$Proxy9.click(Unknown Source)
	at org.openqa.selenium.support.events.EventFiringWebDriver$EventFiringWebElement.click(EventFiringWebDriver.java:417)
	at com.kms.katalon.core.webui.keyword.builtin.ClickKeyword$_click_closure1.doCall(ClickKeyword.groovy:69)
	at com.kms.katalon.core.webui.keyword.builtin.ClickKeyword$_click_closure1.call(ClickKeyword.groovy)
	at com.kms.katalon.core.webui.keyword.internal.WebUIKeywordMain.runKeyword(WebUIKeywordMain.groovy:20)
	... 19 more]]></system-err>
      </testcase>
      <testcase name="Test Cases/ADMIN/Content Mgmt/Categories/Category Add-Edit/Add Category" time="14.155" classname="Test Cases/ADMIN/Content Mgmt/Categories/Category Add-Edit/Add Category" status="PASSED">
         <system-out><![CDATA[2020-03-19 14:41:30 - [TEST_CASE][PASSED] - Test Cases/ADMIN/Content Mgmt/Categories/Category Add-Edit/Add Category: Test Cases/ADMIN/Content Mgmt/Categories/Category Add-Edit/Add Category

2020-03-19 14:41:30 - [TEST_STEP][PASSED] - waitForElementVisible(findTestObject("ADMIN/Categories/Category List/button_Content Mgmt"), 0): Object 'Object Repository/ADMIN/Categories/Category List/button_Content Mgmt' is visible

2020-03-19 14:41:30 - [MESSAGE][WARNING] - Timeout '0' is invalid. Using default page load timeout: '30'

2020-03-19 14:41:30 - [MESSAGE][PASSED] - Object 'Object Repository/ADMIN/Categories/Category List/button_Content Mgmt' is visible

2020-03-19 14:41:30 - [TEST_STEP][PASSED] - click(findTestObject("ADMIN/Categories/Category List/button_Content Mgmt")): Object: 'Object Repository/ADMIN/Categories/Category List/button_Content Mgmt' is clicked on

2020-03-19 14:41:30 - [MESSAGE][PASSED] - Object: 'Object Repository/ADMIN/Categories/Category List/button_Content Mgmt' is clicked on

2020-03-19 14:41:30 - [TEST_STEP][PASSED] - waitForElementVisible(findTestObject("ADMIN/Categories/Category List/button_Categories"), 0): Object 'Object Repository/ADMIN/Categories/Category List/button_Categories' is visible

2020-03-19 14:41:30 - [MESSAGE][WARNING] - Timeout '0' is invalid. Using default page load timeout: '30'

2020-03-19 14:41:30 - [MESSAGE][PASSED] - Object 'Object Repository/ADMIN/Categories/Category List/button_Categories' is visible

2020-03-19 14:41:30 - [TEST_STEP][PASSED] - click(findTestObject("ADMIN/Categories/Category List/button_Categories")): Object: 'Object Repository/ADMIN/Categories/Category List/button_Categories' is clicked on

2020-03-19 14:41:30 - [MESSAGE][PASSED] - Object: 'Object Repository/ADMIN/Categories/Category List/button_Categories' is clicked on

2020-03-19 14:41:30 - [TEST_STEP][PASSED] - waitForPageLoad(0, STOP_ON_FAILURE): Wait for page load successfully

2020-03-19 14:41:30 - [MESSAGE][WARNING] - Timeout '0' is invalid. Using default page load timeout: '30'

2020-03-19 14:41:30 - [MESSAGE][PASSED] - Wait for page load successfully

2020-03-19 14:41:30 - [TEST_STEP][PASSED] - click(findTestObject("ADMIN/Categories/Category List/button_Add a Category")): Object: 'Object Repository/ADMIN/Categories/Category List/button_Add a Category' is clicked on

2020-03-19 14:41:31 - [MESSAGE][PASSED] - Object: 'Object Repository/ADMIN/Categories/Category List/button_Add a Category' is clicked on

2020-03-19 14:41:31 - [TEST_STEP][PASSED] - waitForElementPresent(findTestObject("ADMIN/Categories/Category/dropdown_Parent"), 2): Object 'Object Repository/ADMIN/Categories/Category/dropdown_Parent' is present

2020-03-19 14:41:31 - [MESSAGE][PASSED] - Object 'Object Repository/ADMIN/Categories/Category/dropdown_Parent' is present

2020-03-19 14:41:31 - [TEST_STEP][PASSED] - delay(1): Delayed 1 second(s)

2020-03-19 14:41:32 - [MESSAGE][PASSED] - Delayed 1 second(s)

2020-03-19 14:41:32 - [TEST_STEP][PASSED] - setText(findTestObject("ADMIN/Categories/Category/textfield_Category Name"), CategoryNametext): Text 'Category Name mAx 021!!@#$%^&!' is set on object 'Object Repository/ADMIN/Categories/Category/textfield_Category Name'

2020-03-19 14:41:32 - [MESSAGE][PASSED] - Text 'Category Name mAx 021!!@#$%^&!' is set on object 'Object Repository/ADMIN/Categories/Category/textfield_Category Name'

2020-03-19 14:41:32 - [TEST_STEP][PASSED] - click(findTestObject("ADMIN/Categories/Category/dropdown_Parent")): Object: 'Object Repository/ADMIN/Categories/Category/dropdown_Parent' is clicked on

2020-03-19 14:41:32 - [MESSAGE][PASSED] - Object: 'Object Repository/ADMIN/Categories/Category/dropdown_Parent' is clicked on

2020-03-19 14:41:32 - [TEST_STEP][PASSED] - delay(2): Delayed 2 second(s)

2020-03-19 14:41:34 - [MESSAGE][PASSED] - Delayed 2 second(s)

2020-03-19 14:41:34 - [TEST_STEP][PASSED] - click(findTestObject("ADMIN/Categories/Category/dropdown_Parent")): Object: 'Object Repository/ADMIN/Categories/Category/dropdown_Parent' is clicked on

2020-03-19 14:41:34 - [MESSAGE][PASSED] - Object: 'Object Repository/ADMIN/Categories/Category/dropdown_Parent' is clicked on

2020-03-19 14:41:34 - [TEST_STEP][PASSED] - selectOptionByLabel(findTestObject("ADMIN/Categories/Category/dropdown_Parent"), ParentName, false): All options with label '-' are selected in object 'Object Repository/ADMIN/Categories/Category/dropdown_Parent' 

2020-03-19 14:41:34 - [MESSAGE][PASSED] - All options with label '-' are selected in object 'Object Repository/ADMIN/Categories/Category/dropdown_Parent' 

2020-03-19 14:41:34 - [TEST_STEP][PASSED] - click(findTestObject("ADMIN/Categories/Category/button_Browse")): Object: 'Object Repository/ADMIN/Categories/Category/button_Browse' is clicked on

2020-03-19 14:41:34 - [MESSAGE][PASSED] - Object: 'Object Repository/ADMIN/Categories/Category/button_Browse' is clicked on

2020-03-19 14:41:34 - [TEST_STEP][PASSED] - delay(2): Delayed 2 second(s)

2020-03-19 14:41:36 - [MESSAGE][PASSED] - Delayed 2 second(s)

2020-03-19 14:41:36 - [TEST_STEP][PASSED] - uploadFile(findTestObject("ADMIN/Categories/Category/image_input image"), CategoryImageUpload): File 'C:\\Katalon\\Arctick\\Images\\Category\\21.png' sent to object: 'Object Repository/ADMIN/Categories/Category/image_input image'

2020-03-19 14:41:37 - [MESSAGE][PASSED] - File 'C:\\Katalon\\Arctick\\Images\\Category\\21.png' sent to object: 'Object Repository/ADMIN/Categories/Category/image_input image'

2020-03-19 14:41:37 - [TEST_STEP][PASSED] - waitForElementVisible(findTestObject("ADMIN/Categories/Category/button_upload check"), 0): Object 'Object Repository/ADMIN/Categories/Category/button_upload check' is visible

2020-03-19 14:41:37 - [MESSAGE][WARNING] - Timeout '0' is invalid. Using default page load timeout: '30'

2020-03-19 14:41:37 - [MESSAGE][PASSED] - Object 'Object Repository/ADMIN/Categories/Category/button_upload check' is visible

2020-03-19 14:41:37 - [TEST_STEP][PASSED] - click(findTestObject("ADMIN/Categories/Category/button_upload check")): Object: 'Object Repository/ADMIN/Categories/Category/button_upload check' is clicked on

2020-03-19 14:41:37 - [MESSAGE][PASSED] - Object: 'Object Repository/ADMIN/Categories/Category/button_upload check' is clicked on

2020-03-19 14:41:37 - [TEST_STEP][PASSED] - waitForElementVisible(findTestObject("ADMIN/Categories/Category/button_upload save"), 0): Object 'Object Repository/ADMIN/Categories/Category/button_upload save' is visible

2020-03-19 14:41:37 - [MESSAGE][WARNING] - Timeout '0' is invalid. Using default page load timeout: '30'

2020-03-19 14:41:37 - [MESSAGE][PASSED] - Object 'Object Repository/ADMIN/Categories/Category/button_upload save' is visible

2020-03-19 14:41:37 - [TEST_STEP][PASSED] - click(findTestObject("ADMIN/Categories/Category/button_upload save")): Object: 'Object Repository/ADMIN/Categories/Category/button_upload save' is clicked on

2020-03-19 14:41:37 - [MESSAGE][PASSED] - Object: 'Object Repository/ADMIN/Categories/Category/button_upload save' is clicked on

2020-03-19 14:41:37 - [TEST_STEP][PASSED] - setText(findTestObject("ADMIN/Categories/Category/textfield_category_description"), Description): Text 'Description77' is set on object 'Object Repository/ADMIN/Categories/Category/textfield_category_description'

2020-03-19 14:41:38 - [MESSAGE][PASSED] - Text 'Description77' is set on object 'Object Repository/ADMIN/Categories/Category/textfield_category_description'

2020-03-19 14:41:38 - [TEST_STEP][PASSED] - click(findTestObject("ADMIN/Categories/Category/button_Save")): Object: 'Object Repository/ADMIN/Categories/Category/button_Save' is clicked on

2020-03-19 14:41:38 - [MESSAGE][PASSED] - Object: 'Object Repository/ADMIN/Categories/Category/button_Save' is clicked on

2020-03-19 14:41:38 - [TEST_STEP][PASSED] - waitForElementVisible(findTestObject("ADMIN/Categories/Category/label_edit popup"), 0): Object 'Object Repository/ADMIN/Categories/Category/label_edit popup' is visible

2020-03-19 14:41:38 - [MESSAGE][WARNING] - Timeout '0' is invalid. Using default page load timeout: '30'

2020-03-19 14:41:38 - [MESSAGE][PASSED] - Object 'Object Repository/ADMIN/Categories/Category/label_edit popup' is visible

2020-03-19 14:41:38 - [TEST_STEP][PASSED] - waitForElementNotPresent(findTestObject("ADMIN/Categories/Category/label_edit popup"), 0): Web element with id: 'Object Repository/ADMIN/Categories/Category/label_edit popup' located by 'By.xpath: //div[(text() = 'Category was successfully saved.' or . = 'Category was successfully saved.')]' is not present after '30' second(s)

2020-03-19 14:41:38 - [MESSAGE][WARNING] - Timeout '0' is invalid. Using default page load timeout: '30'

2020-03-19 14:41:44 - [MESSAGE][PASSED] - Web element with id: 'Object Repository/ADMIN/Categories/Category/label_edit popup' located by 'By.xpath: //div[(text() = 'Category was successfully saved.' or . = 'Category was successfully saved.')]' is not present after '30' second(s)]]></system-out>
         <system-err><![CDATA[]]></system-err>
      </testcase>
      <testcase name="Test Cases/ADMIN/Content Mgmt/Categories/Category Add-Edit/Add Category" time="6.101" classname="Test Cases/ADMIN/Content Mgmt/Categories/Category Add-Edit/Add Category" status="ERROR">
         <error type="ERROR" message="Test Cases/ADMIN/Content Mgmt/Categories/Category Add-Edit/Add Category FAILED.
Reason:
groovy.lang.MissingPropertyException: No such property: ParentName for class: Script1549506362832
	at Add Category.run(Add Category:46)
	at com.kms.katalon.core.main.ScriptEngine.run(ScriptEngine.java:194)
	at com.kms.katalon.core.main.ScriptEngine.runScriptAsRawText(ScriptEngine.java:119)
	at com.kms.katalon.core.main.TestCaseExecutor.runScript(TestCaseExecutor.java:337)
	at com.kms.katalon.core.main.TestCaseExecutor.doExecute(TestCaseExecutor.java:328)
	at com.kms.katalon.core.main.TestCaseExecutor.processExecutionPhase(TestCaseExecutor.java:307)
	at com.kms.katalon.core.main.TestCaseExecutor.accessMainPhase(TestCaseExecutor.java:299)
	at com.kms.katalon.core.main.TestCaseExecutor.execute(TestCaseExecutor.java:233)
	at com.kms.katalon.core.main.TestSuiteExecutor.accessTestCaseMainPhase(TestSuiteExecutor.java:169)
	at com.kms.katalon.core.main.TestSuiteExecutor.accessTestSuiteMainPhase(TestSuiteExecutor.java:142)
	at com.kms.katalon.core.main.TestSuiteExecutor.execute(TestSuiteExecutor.java:91)
	at com.kms.katalon.core.main.TestCaseMain.startTestSuite(TestCaseMain.java:157)
	at com.kms.katalon.core.main.TestCaseMain$startTestSuite$0.call(Unknown Source)
	at TempTestSuite1584598607274.run(TempTestSuite1584598607274.groovy:36)
"/>
         <system-out><![CDATA[2020-03-19 14:41:44 - [TEST_CASE][ERROR] - Test Cases/ADMIN/Content Mgmt/Categories/Category Add-Edit/Add Category: Test Cases/ADMIN/Content Mgmt/Categories/Category Add-Edit/Add Category FAILED.
Reason:
groovy.lang.MissingPropertyException: No such property: ParentName for class: Script1549506362832
	at Add Category.run(Add Category:46)
	at com.kms.katalon.core.main.ScriptEngine.run(ScriptEngine.java:194)
	at com.kms.katalon.core.main.ScriptEngine.runScriptAsRawText(ScriptEngine.java:119)
	at com.kms.katalon.core.main.TestCaseExecutor.runScript(TestCaseExecutor.java:337)
	at com.kms.katalon.core.main.TestCaseExecutor.doExecute(TestCaseExecutor.java:328)
	at com.kms.katalon.core.main.TestCaseExecutor.processExecutionPhase(TestCaseExecutor.java:307)
	at com.kms.katalon.core.main.TestCaseExecutor.accessMainPhase(TestCaseExecutor.java:299)
	at com.kms.katalon.core.main.TestCaseExecutor.execute(TestCaseExecutor.java:233)
	at com.kms.katalon.core.main.TestSuiteExecutor.accessTestCaseMainPhase(TestSuiteExecutor.java:169)
	at com.kms.katalon.core.main.TestSuiteExecutor.accessTestSuiteMainPhase(TestSuiteExecutor.java:142)
	at com.kms.katalon.core.main.TestSuiteExecutor.execute(TestSuiteExecutor.java:91)
	at com.kms.katalon.core.main.TestCaseMain.startTestSuite(TestCaseMain.java:157)
	at com.kms.katalon.core.main.TestCaseMain$startTestSuite$0.call(Unknown Source)
	at TempTestSuite1584598607274.run(TempTestSuite1584598607274.groovy:36)


2020-03-19 14:41:44 - [TEST_STEP][PASSED] - waitForElementVisible(findTestObject("ADMIN/Categories/Category List/button_Content Mgmt"), 0): Object 'Object Repository/ADMIN/Categories/Category List/button_Content Mgmt' is visible

2020-03-19 14:41:44 - [MESSAGE][WARNING] - Timeout '0' is invalid. Using default page load timeout: '30'

2020-03-19 14:41:44 - [MESSAGE][PASSED] - Object 'Object Repository/ADMIN/Categories/Category List/button_Content Mgmt' is visible

2020-03-19 14:41:44 - [TEST_STEP][PASSED] - click(findTestObject("ADMIN/Categories/Category List/button_Content Mgmt")): Object: 'Object Repository/ADMIN/Categories/Category List/button_Content Mgmt' is clicked on

2020-03-19 14:41:44 - [MESSAGE][PASSED] - Object: 'Object Repository/ADMIN/Categories/Category List/button_Content Mgmt' is clicked on

2020-03-19 14:41:44 - [TEST_STEP][PASSED] - waitForElementVisible(findTestObject("ADMIN/Categories/Category List/button_Categories"), 0): Object 'Object Repository/ADMIN/Categories/Category List/button_Categories' is visible

2020-03-19 14:41:44 - [MESSAGE][WARNING] - Timeout '0' is invalid. Using default page load timeout: '30'

2020-03-19 14:41:45 - [MESSAGE][PASSED] - Object 'Object Repository/ADMIN/Categories/Category List/button_Categories' is visible

2020-03-19 14:41:45 - [TEST_STEP][PASSED] - click(findTestObject("ADMIN/Categories/Category List/button_Categories")): Object: 'Object Repository/ADMIN/Categories/Category List/button_Categories' is clicked on

2020-03-19 14:41:46 - [MESSAGE][PASSED] - Object: 'Object Repository/ADMIN/Categories/Category List/button_Categories' is clicked on

2020-03-19 14:41:46 - [TEST_STEP][PASSED] - waitForPageLoad(0, STOP_ON_FAILURE): Wait for page load successfully

2020-03-19 14:41:46 - [MESSAGE][WARNING] - Timeout '0' is invalid. Using default page load timeout: '30'

2020-03-19 14:41:46 - [MESSAGE][PASSED] - Wait for page load successfully

2020-03-19 14:41:46 - [TEST_STEP][PASSED] - click(findTestObject("ADMIN/Categories/Category List/button_Add a Category")): Object: 'Object Repository/ADMIN/Categories/Category List/button_Add a Category' is clicked on

2020-03-19 14:41:46 - [MESSAGE][PASSED] - Object: 'Object Repository/ADMIN/Categories/Category List/button_Add a Category' is clicked on

2020-03-19 14:41:46 - [TEST_STEP][PASSED] - waitForElementPresent(findTestObject("ADMIN/Categories/Category/dropdown_Parent"), 2): Object 'Object Repository/ADMIN/Categories/Category/dropdown_Parent' is present

2020-03-19 14:41:47 - [MESSAGE][PASSED] - Object 'Object Repository/ADMIN/Categories/Category/dropdown_Parent' is present

2020-03-19 14:41:47 - [TEST_STEP][PASSED] - delay(1): Delayed 1 second(s)

2020-03-19 14:41:48 - [MESSAGE][PASSED] - Delayed 1 second(s)

2020-03-19 14:41:48 - [TEST_STEP][PASSED] - setText(findTestObject("ADMIN/Categories/Category/textfield_Category Name"), CategoryNametext): Text 'Category For Edit' is set on object 'Object Repository/ADMIN/Categories/Category/textfield_Category Name'

2020-03-19 14:41:48 - [MESSAGE][PASSED] - Text 'Category For Edit' is set on object 'Object Repository/ADMIN/Categories/Category/textfield_Category Name'

2020-03-19 14:41:48 - [TEST_STEP][PASSED] - click(findTestObject("ADMIN/Categories/Category/dropdown_Parent")): Object: 'Object Repository/ADMIN/Categories/Category/dropdown_Parent' is clicked on

2020-03-19 14:41:48 - [MESSAGE][PASSED] - Object: 'Object Repository/ADMIN/Categories/Category/dropdown_Parent' is clicked on

2020-03-19 14:41:48 - [TEST_STEP][PASSED] - delay(2): Delayed 2 second(s)

2020-03-19 14:41:50 - [MESSAGE][PASSED] - Delayed 2 second(s)

2020-03-19 14:41:50 - [TEST_STEP][PASSED] - click(findTestObject("ADMIN/Categories/Category/dropdown_Parent")): Object: 'Object Repository/ADMIN/Categories/Category/dropdown_Parent' is clicked on

2020-03-19 14:41:50 - [MESSAGE][PASSED] - Object: 'Object Repository/ADMIN/Categories/Category/dropdown_Parent' is clicked on

2020-03-19 14:41:50 - [TEST_STEP][PASSED] - selectOptionByLabel(findTestObject("ADMIN/Categories/Category/dropdown_Parent"), ParentName, false): null]]></system-out>
         <system-err><![CDATA[2020-03-19 14:41:44 - [TEST_CASE][ERROR] - Test Cases/ADMIN/Content Mgmt/Categories/Category Add-Edit/Add Category: Test Cases/ADMIN/Content Mgmt/Categories/Category Add-Edit/Add Category FAILED.
Reason:
groovy.lang.MissingPropertyException: No such property: ParentName for class: Script1549506362832
	at Add Category.run(Add Category:46)
	at com.kms.katalon.core.main.ScriptEngine.run(ScriptEngine.java:194)
	at com.kms.katalon.core.main.ScriptEngine.runScriptAsRawText(ScriptEngine.java:119)
	at com.kms.katalon.core.main.TestCaseExecutor.runScript(TestCaseExecutor.java:337)
	at com.kms.katalon.core.main.TestCaseExecutor.doExecute(TestCaseExecutor.java:328)
	at com.kms.katalon.core.main.TestCaseExecutor.processExecutionPhase(TestCaseExecutor.java:307)
	at com.kms.katalon.core.main.TestCaseExecutor.accessMainPhase(TestCaseExecutor.java:299)
	at com.kms.katalon.core.main.TestCaseExecutor.execute(TestCaseExecutor.java:233)
	at com.kms.katalon.core.main.TestSuiteExecutor.accessTestCaseMainPhase(TestSuiteExecutor.java:169)
	at com.kms.katalon.core.main.TestSuiteExecutor.accessTestSuiteMainPhase(TestSuiteExecutor.java:142)
	at com.kms.katalon.core.main.TestSuiteExecutor.execute(TestSuiteExecutor.java:91)
	at com.kms.katalon.core.main.TestCaseMain.startTestSuite(TestCaseMain.java:157)
	at com.kms.katalon.core.main.TestCaseMain$startTestSuite$0.call(Unknown Source)
	at TempTestSuite1584598607274.run(TempTestSuite1584598607274.groovy:36)]]></system-err>
      </testcase>
      <testcase name="Test Cases/ADMIN/Content Mgmt/Categories/Category Add-Edit/Add Category" time="8.291" classname="Test Cases/ADMIN/Content Mgmt/Categories/Category Add-Edit/Add Category" status="FAILED">
         <failure type="FAILED" message="Test Cases/ADMIN/Content Mgmt/Categories/Category Add-Edit/Add Category FAILED.
Reason:
com.kms.katalon.core.exception.StepFailedException: Unable to click on object 'Object Repository/ADMIN/Categories/Category List/button_Content Mgmt' (Root cause: com.kms.katalon.core.exception.StepFailedException: Unable to click on object 'Object Repository/ADMIN/Categories/Category List/button_Content Mgmt'
	at com.kms.katalon.core.webui.keyword.internal.WebUIKeywordMain.stepFailed(WebUIKeywordMain.groovy:64)
	at com.kms.katalon.core.webui.keyword.internal.WebUIKeywordMain.runKeyword(WebUIKeywordMain.groovy:26)
	at com.kms.katalon.core.webui.keyword.builtin.ClickKeyword.click(ClickKeyword.groovy:76)
	at com.kms.katalon.core.webui.keyword.builtin.ClickKeyword.execute(ClickKeyword.groovy:43)
	at com.kms.katalon.core.keyword.internal.KeywordExecutor.executeKeywordForPlatform(KeywordExecutor.groovy:72)
	at com.kms.katalon.core.webui.keyword.WebUiBuiltInKeywords.click(WebUiBuiltInKeywords.groovy:616)
	at com.kms.katalon.core.webui.keyword.WebUiBuiltInKeywords$click$0.call(Unknown Source)
	at Add Category.run(Add Category:24)
	at com.kms.katalon.core.main.ScriptEngine.run(ScriptEngine.java:194)
	at com.kms.katalon.core.main.ScriptEngine.runScriptAsRawText(ScriptEngine.java:119)
	at com.kms.katalon.core.main.TestCaseExecutor.runScript(TestCaseExecutor.java:337)
	at com.kms.katalon.core.main.TestCaseExecutor.doExecute(TestCaseExecutor.java:328)
	at com.kms.katalon.core.main.TestCaseExecutor.processExecutionPhase(TestCaseExecutor.java:307)
	at com.kms.katalon.core.main.TestCaseExecutor.accessMainPhase(TestCaseExecutor.java:299)
	at com.kms.katalon.core.main.TestCaseExecutor.execute(TestCaseExecutor.java:233)
	at com.kms.katalon.core.main.TestSuiteExecutor.accessTestCaseMainPhase(TestSuiteExecutor.java:169)
	at com.kms.katalon.core.main.TestSuiteExecutor.accessTestSuiteMainPhase(TestSuiteExecutor.java:142)
	at com.kms.katalon.core.main.TestSuiteExecutor.execute(TestSuiteExecutor.java:91)
	at com.kms.katalon.core.main.TestCaseMain.startTestSuite(TestCaseMain.java:157)
	at com.kms.katalon.core.main.TestCaseMain$startTestSuite$0.call(Unknown Source)
	at TempTestSuite1584598607274.run(TempTestSuite1584598607274.groovy:36)
Caused by: org.openqa.selenium.ElementClickInterceptedException: element click intercepted: Element &lt;a href=&quot;#&quot;>...&lt;/a> is not clickable at point (129, 178). Other element would receive the click: &lt;div id=&quot;addCategory&quot; class=&quot;modal modal-custom fade in&quot; role=&quot;dialog&quot; style=&quot;display: block;&quot;>...&lt;/div>
  (Session info: chrome=80.0.3987.132)
Build info: version: '3.141.59', revision: 'e82be7d358', time: '2018-11-14T08:25:53'
System info: host: 'ARCADIER-03', ip: '192.168.254.105', os.name: 'Windows 7', os.arch: 'amd64', os.version: '6.1', java.version: '1.8.0_181'
Driver info: com.kms.katalon.core.webui.driver.ExistingRemoteWebDriver
Capabilities {javascriptEnabled: true, platform: ANY, platformName: ANY}
Session ID: 66da7635ded2d355388026ca8e7d8eff
	at org.openqa.selenium.remote.http.W3CHttpResponseCodec.createException(W3CHttpResponseCodec.java:187)
	at org.openqa.selenium.remote.http.W3CHttpResponseCodec.decode(W3CHttpResponseCodec.java:122)
	at org.openqa.selenium.remote.http.W3CHttpResponseCodec.decode(W3CHttpResponseCodec.java:49)
	at org.openqa.selenium.remote.HttpCommandExecutor.execute(HttpCommandExecutor.java:158)
	at org.openqa.selenium.remote.RemoteWebDriver.execute(RemoteWebDriver.java:552)
	at com.kms.katalon.core.webui.driver.ExistingRemoteWebDriver.execute(ExistingRemoteWebDriver.java:108)
	at org.openqa.selenium.remote.RemoteWebElement.execute(RemoteWebElement.java:285)
	at org.openqa.selenium.remote.RemoteWebElement.click(RemoteWebElement.java:84)
	at org.openqa.selenium.support.events.EventFiringWebDriver$EventFiringWebElement.lambda$new$0(EventFiringWebDriver.java:404)
	at com.sun.proxy.$Proxy9.click(Unknown Source)
	at org.openqa.selenium.support.events.EventFiringWebDriver$EventFiringWebElement.click(EventFiringWebDriver.java:417)
	at com.kms.katalon.core.webui.keyword.builtin.ClickKeyword$_click_closure1.doCall(ClickKeyword.groovy:69)
	at com.kms.katalon.core.webui.keyword.builtin.ClickKeyword$_click_closure1.call(ClickKeyword.groovy)
	at com.kms.katalon.core.webui.keyword.internal.WebUIKeywordMain.runKeyword(WebUIKeywordMain.groovy:20)
	at com.kms.katalon.core.webui.keyword.builtin.ClickKeyword.click(ClickKeyword.groovy:76)
	at com.kms.katalon.core.webui.keyword.builtin.ClickKeyword.execute(ClickKeyword.groovy:43)
	at com.kms.katalon.core.keyword.internal.KeywordExecutor.executeKeywordForPlatform(KeywordExecutor.groovy:72)
	at com.kms.katalon.core.webui.keyword.WebUiBuiltInKeywords.click(WebUiBuiltInKeywords.groovy:616)
	at com.kms.katalon.core.webui.keyword.WebUiBuiltInKeywords$click$0.call(Unknown Source)
	at Script1549506362832.run(Script1549506362832.groovy:24)
	... 13 more
)
	at com.kms.katalon.core.keyword.internal.KeywordMain.stepFailed(KeywordMain.groovy:39)
	at com.kms.katalon.core.webui.keyword.internal.WebUIKeywordMain.stepFailed(WebUIKeywordMain.groovy:64)
	at com.kms.katalon.core.webui.keyword.internal.WebUIKeywordMain.runKeyword(WebUIKeywordMain.groovy:26)
	at com.kms.katalon.core.webui.keyword.builtin.ClickKeyword.click(ClickKeyword.groovy:76)
	at com.kms.katalon.core.webui.keyword.builtin.ClickKeyword.execute(ClickKeyword.groovy:43)
	at com.kms.katalon.core.keyword.internal.KeywordExecutor.executeKeywordForPlatform(KeywordExecutor.groovy:72)
	at com.kms.katalon.core.webui.keyword.WebUiBuiltInKeywords.click(WebUiBuiltInKeywords.groovy:616)
	at com.kms.katalon.core.webui.keyword.WebUiBuiltInKeywords$click$0.call(Unknown Source)
	at Add Category.run(Add Category:24)
	at com.kms.katalon.core.main.ScriptEngine.run(ScriptEngine.java:194)
	at com.kms.katalon.core.main.ScriptEngine.runScriptAsRawText(ScriptEngine.java:119)
	at com.kms.katalon.core.main.TestCaseExecutor.runScript(TestCaseExecutor.java:337)
	at com.kms.katalon.core.main.TestCaseExecutor.doExecute(TestCaseExecutor.java:328)
	at com.kms.katalon.core.main.TestCaseExecutor.processExecutionPhase(TestCaseExecutor.java:307)
	at com.kms.katalon.core.main.TestCaseExecutor.accessMainPhase(TestCaseExecutor.java:299)
	at com.kms.katalon.core.main.TestCaseExecutor.execute(TestCaseExecutor.java:233)
	at com.kms.katalon.core.main.TestSuiteExecutor.accessTestCaseMainPhase(TestSuiteExecutor.java:169)
	at com.kms.katalon.core.main.TestSuiteExecutor.accessTestSuiteMainPhase(TestSuiteExecutor.java:142)
	at com.kms.katalon.core.main.TestSuiteExecutor.execute(TestSuiteExecutor.java:91)
	at com.kms.katalon.core.main.TestCaseMain.startTestSuite(TestCaseMain.java:157)
	at com.kms.katalon.core.main.TestCaseMain$startTestSuite$0.call(Unknown Source)
	at TempTestSuite1584598607274.run(TempTestSuite1584598607274.groovy:36)
Caused by: com.kms.katalon.core.exception.StepFailedException: Unable to click on object 'Object Repository/ADMIN/Categories/Category List/button_Content Mgmt'
	... 21 more
Caused by: org.openqa.selenium.ElementClickInterceptedException: element click intercepted: Element &lt;a href=&quot;#&quot;>...&lt;/a> is not clickable at point (129, 178). Other element would receive the click: &lt;div id=&quot;addCategory&quot; class=&quot;modal modal-custom fade in&quot; role=&quot;dialog&quot; style=&quot;display: block;&quot;>...&lt;/div>
  (Session info: chrome=80.0.3987.132)
Build info: version: '3.141.59', revision: 'e82be7d358', time: '2018-11-14T08:25:53'
System info: host: 'ARCADIER-03', ip: '192.168.254.105', os.name: 'Windows 7', os.arch: 'amd64', os.version: '6.1', java.version: '1.8.0_181'
Driver info: com.kms.katalon.core.webui.driver.ExistingRemoteWebDriver
Capabilities {javascriptEnabled: true, platform: ANY, platformName: ANY}
Session ID: 66da7635ded2d355388026ca8e7d8eff
	at org.openqa.selenium.remote.http.W3CHttpResponseCodec.createException(W3CHttpResponseCodec.java:187)
	at org.openqa.selenium.remote.http.W3CHttpResponseCodec.decode(W3CHttpResponseCodec.java:122)
	at org.openqa.selenium.remote.http.W3CHttpResponseCodec.decode(W3CHttpResponseCodec.java:49)
	at org.openqa.selenium.remote.HttpCommandExecutor.execute(HttpCommandExecutor.java:158)
	at org.openqa.selenium.remote.RemoteWebDriver.execute(RemoteWebDriver.java:552)
	at com.kms.katalon.core.webui.driver.ExistingRemoteWebDriver.execute(ExistingRemoteWebDriver.java:108)
	at org.openqa.selenium.remote.RemoteWebElement.execute(RemoteWebElement.java:285)
	at org.openqa.selenium.remote.RemoteWebElement.click(RemoteWebElement.java:84)
	at org.openqa.selenium.support.events.EventFiringWebDriver$EventFiringWebElement.lambda$new$0(EventFiringWebDriver.java:404)
	at com.sun.proxy.$Proxy9.click(Unknown Source)
	at org.openqa.selenium.support.events.EventFiringWebDriver$EventFiringWebElement.click(EventFiringWebDriver.java:417)
	at com.kms.katalon.core.webui.keyword.builtin.ClickKeyword$_click_closure1.doCall(ClickKeyword.groovy:69)
	at com.kms.katalon.core.webui.keyword.builtin.ClickKeyword$_click_closure1.call(ClickKeyword.groovy)
	at com.kms.katalon.core.webui.keyword.internal.WebUIKeywordMain.runKeyword(WebUIKeywordMain.groovy:20)
	... 19 more
"/>
         <system-out><![CDATA[2020-03-19 14:41:50 - [TEST_CASE][FAILED] - Test Cases/ADMIN/Content Mgmt/Categories/Category Add-Edit/Add Category: Test Cases/ADMIN/Content Mgmt/Categories/Category Add-Edit/Add Category FAILED.
Reason:
com.kms.katalon.core.exception.StepFailedException: Unable to click on object 'Object Repository/ADMIN/Categories/Category List/button_Content Mgmt' (Root cause: com.kms.katalon.core.exception.StepFailedException: Unable to click on object 'Object Repository/ADMIN/Categories/Category List/button_Content Mgmt'
	at com.kms.katalon.core.webui.keyword.internal.WebUIKeywordMain.stepFailed(WebUIKeywordMain.groovy:64)
	at com.kms.katalon.core.webui.keyword.internal.WebUIKeywordMain.runKeyword(WebUIKeywordMain.groovy:26)
	at com.kms.katalon.core.webui.keyword.builtin.ClickKeyword.click(ClickKeyword.groovy:76)
	at com.kms.katalon.core.webui.keyword.builtin.ClickKeyword.execute(ClickKeyword.groovy:43)
	at com.kms.katalon.core.keyword.internal.KeywordExecutor.executeKeywordForPlatform(KeywordExecutor.groovy:72)
	at com.kms.katalon.core.webui.keyword.WebUiBuiltInKeywords.click(WebUiBuiltInKeywords.groovy:616)
	at com.kms.katalon.core.webui.keyword.WebUiBuiltInKeywords$click$0.call(Unknown Source)
	at Add Category.run(Add Category:24)
	at com.kms.katalon.core.main.ScriptEngine.run(ScriptEngine.java:194)
	at com.kms.katalon.core.main.ScriptEngine.runScriptAsRawText(ScriptEngine.java:119)
	at com.kms.katalon.core.main.TestCaseExecutor.runScript(TestCaseExecutor.java:337)
	at com.kms.katalon.core.main.TestCaseExecutor.doExecute(TestCaseExecutor.java:328)
	at com.kms.katalon.core.main.TestCaseExecutor.processExecutionPhase(TestCaseExecutor.java:307)
	at com.kms.katalon.core.main.TestCaseExecutor.accessMainPhase(TestCaseExecutor.java:299)
	at com.kms.katalon.core.main.TestCaseExecutor.execute(TestCaseExecutor.java:233)
	at com.kms.katalon.core.main.TestSuiteExecutor.accessTestCaseMainPhase(TestSuiteExecutor.java:169)
	at com.kms.katalon.core.main.TestSuiteExecutor.accessTestSuiteMainPhase(TestSuiteExecutor.java:142)
	at com.kms.katalon.core.main.TestSuiteExecutor.execute(TestSuiteExecutor.java:91)
	at com.kms.katalon.core.main.TestCaseMain.startTestSuite(TestCaseMain.java:157)
	at com.kms.katalon.core.main.TestCaseMain$startTestSuite$0.call(Unknown Source)
	at TempTestSuite1584598607274.run(TempTestSuite1584598607274.groovy:36)
Caused by: org.openqa.selenium.ElementClickInterceptedException: element click intercepted: Element <a href="#">...</a> is not clickable at point (129, 178). Other element would receive the click: <div id="addCategory" class="modal modal-custom fade in" role="dialog" style="display: block;">...</div>
  (Session info: chrome=80.0.3987.132)
Build info: version: '3.141.59', revision: 'e82be7d358', time: '2018-11-14T08:25:53'
System info: host: 'ARCADIER-03', ip: '192.168.254.105', os.name: 'Windows 7', os.arch: 'amd64', os.version: '6.1', java.version: '1.8.0_181'
Driver info: com.kms.katalon.core.webui.driver.ExistingRemoteWebDriver
Capabilities {javascriptEnabled: true, platform: ANY, platformName: ANY}
Session ID: 66da7635ded2d355388026ca8e7d8eff
	at org.openqa.selenium.remote.http.W3CHttpResponseCodec.createException(W3CHttpResponseCodec.java:187)
	at org.openqa.selenium.remote.http.W3CHttpResponseCodec.decode(W3CHttpResponseCodec.java:122)
	at org.openqa.selenium.remote.http.W3CHttpResponseCodec.decode(W3CHttpResponseCodec.java:49)
	at org.openqa.selenium.remote.HttpCommandExecutor.execute(HttpCommandExecutor.java:158)
	at org.openqa.selenium.remote.RemoteWebDriver.execute(RemoteWebDriver.java:552)
	at com.kms.katalon.core.webui.driver.ExistingRemoteWebDriver.execute(ExistingRemoteWebDriver.java:108)
	at org.openqa.selenium.remote.RemoteWebElement.execute(RemoteWebElement.java:285)
	at org.openqa.selenium.remote.RemoteWebElement.click(RemoteWebElement.java:84)
	at org.openqa.selenium.support.events.EventFiringWebDriver$EventFiringWebElement.lambda$new$0(EventFiringWebDriver.java:404)
	at com.sun.proxy.$Proxy9.click(Unknown Source)
	at org.openqa.selenium.support.events.EventFiringWebDriver$EventFiringWebElement.click(EventFiringWebDriver.java:417)
	at com.kms.katalon.core.webui.keyword.builtin.ClickKeyword$_click_closure1.doCall(ClickKeyword.groovy:69)
	at com.kms.katalon.core.webui.keyword.builtin.ClickKeyword$_click_closure1.call(ClickKeyword.groovy)
	at com.kms.katalon.core.webui.keyword.internal.WebUIKeywordMain.runKeyword(WebUIKeywordMain.groovy:20)
	at com.kms.katalon.core.webui.keyword.builtin.ClickKeyword.click(ClickKeyword.groovy:76)
	at com.kms.katalon.core.webui.keyword.builtin.ClickKeyword.execute(ClickKeyword.groovy:43)
	at com.kms.katalon.core.keyword.internal.KeywordExecutor.executeKeywordForPlatform(KeywordExecutor.groovy:72)
	at com.kms.katalon.core.webui.keyword.WebUiBuiltInKeywords.click(WebUiBuiltInKeywords.groovy:616)
	at com.kms.katalon.core.webui.keyword.WebUiBuiltInKeywords$click$0.call(Unknown Source)
	at Script1549506362832.run(Script1549506362832.groovy:24)
	... 13 more
)
	at com.kms.katalon.core.keyword.internal.KeywordMain.stepFailed(KeywordMain.groovy:39)
	at com.kms.katalon.core.webui.keyword.internal.WebUIKeywordMain.stepFailed(WebUIKeywordMain.groovy:64)
	at com.kms.katalon.core.webui.keyword.internal.WebUIKeywordMain.runKeyword(WebUIKeywordMain.groovy:26)
	at com.kms.katalon.core.webui.keyword.builtin.ClickKeyword.click(ClickKeyword.groovy:76)
	at com.kms.katalon.core.webui.keyword.builtin.ClickKeyword.execute(ClickKeyword.groovy:43)
	at com.kms.katalon.core.keyword.internal.KeywordExecutor.executeKeywordForPlatform(KeywordExecutor.groovy:72)
	at com.kms.katalon.core.webui.keyword.WebUiBuiltInKeywords.click(WebUiBuiltInKeywords.groovy:616)
	at com.kms.katalon.core.webui.keyword.WebUiBuiltInKeywords$click$0.call(Unknown Source)
	at Add Category.run(Add Category:24)
	at com.kms.katalon.core.main.ScriptEngine.run(ScriptEngine.java:194)
	at com.kms.katalon.core.main.ScriptEngine.runScriptAsRawText(ScriptEngine.java:119)
	at com.kms.katalon.core.main.TestCaseExecutor.runScript(TestCaseExecutor.java:337)
	at com.kms.katalon.core.main.TestCaseExecutor.doExecute(TestCaseExecutor.java:328)
	at com.kms.katalon.core.main.TestCaseExecutor.processExecutionPhase(TestCaseExecutor.java:307)
	at com.kms.katalon.core.main.TestCaseExecutor.accessMainPhase(TestCaseExecutor.java:299)
	at com.kms.katalon.core.main.TestCaseExecutor.execute(TestCaseExecutor.java:233)
	at com.kms.katalon.core.main.TestSuiteExecutor.accessTestCaseMainPhase(TestSuiteExecutor.java:169)
	at com.kms.katalon.core.main.TestSuiteExecutor.accessTestSuiteMainPhase(TestSuiteExecutor.java:142)
	at com.kms.katalon.core.main.TestSuiteExecutor.execute(TestSuiteExecutor.java:91)
	at com.kms.katalon.core.main.TestCaseMain.startTestSuite(TestCaseMain.java:157)
	at com.kms.katalon.core.main.TestCaseMain$startTestSuite$0.call(Unknown Source)
	at TempTestSuite1584598607274.run(TempTestSuite1584598607274.groovy:36)
Caused by: com.kms.katalon.core.exception.StepFailedException: Unable to click on object 'Object Repository/ADMIN/Categories/Category List/button_Content Mgmt'
	... 21 more
Caused by: org.openqa.selenium.ElementClickInterceptedException: element click intercepted: Element <a href="#">...</a> is not clickable at point (129, 178). Other element would receive the click: <div id="addCategory" class="modal modal-custom fade in" role="dialog" style="display: block;">...</div>
  (Session info: chrome=80.0.3987.132)
Build info: version: '3.141.59', revision: 'e82be7d358', time: '2018-11-14T08:25:53'
System info: host: 'ARCADIER-03', ip: '192.168.254.105', os.name: 'Windows 7', os.arch: 'amd64', os.version: '6.1', java.version: '1.8.0_181'
Driver info: com.kms.katalon.core.webui.driver.ExistingRemoteWebDriver
Capabilities {javascriptEnabled: true, platform: ANY, platformName: ANY}
Session ID: 66da7635ded2d355388026ca8e7d8eff
	at org.openqa.selenium.remote.http.W3CHttpResponseCodec.createException(W3CHttpResponseCodec.java:187)
	at org.openqa.selenium.remote.http.W3CHttpResponseCodec.decode(W3CHttpResponseCodec.java:122)
	at org.openqa.selenium.remote.http.W3CHttpResponseCodec.decode(W3CHttpResponseCodec.java:49)
	at org.openqa.selenium.remote.HttpCommandExecutor.execute(HttpCommandExecutor.java:158)
	at org.openqa.selenium.remote.RemoteWebDriver.execute(RemoteWebDriver.java:552)
	at com.kms.katalon.core.webui.driver.ExistingRemoteWebDriver.execute(ExistingRemoteWebDriver.java:108)
	at org.openqa.selenium.remote.RemoteWebElement.execute(RemoteWebElement.java:285)
	at org.openqa.selenium.remote.RemoteWebElement.click(RemoteWebElement.java:84)
	at org.openqa.selenium.support.events.EventFiringWebDriver$EventFiringWebElement.lambda$new$0(EventFiringWebDriver.java:404)
	at com.sun.proxy.$Proxy9.click(Unknown Source)
	at org.openqa.selenium.support.events.EventFiringWebDriver$EventFiringWebElement.click(EventFiringWebDriver.java:417)
	at com.kms.katalon.core.webui.keyword.builtin.ClickKeyword$_click_closure1.doCall(ClickKeyword.groovy:69)
	at com.kms.katalon.core.webui.keyword.builtin.ClickKeyword$_click_closure1.call(ClickKeyword.groovy)
	at com.kms.katalon.core.webui.keyword.internal.WebUIKeywordMain.runKeyword(WebUIKeywordMain.groovy:20)
	... 19 more


2020-03-19 14:41:50 - [TEST_STEP][PASSED] - waitForElementVisible(findTestObject("ADMIN/Categories/Category List/button_Content Mgmt"), 0): Object 'Object Repository/ADMIN/Categories/Category List/button_Content Mgmt' is visible

2020-03-19 14:41:50 - [MESSAGE][WARNING] - Timeout '0' is invalid. Using default page load timeout: '30'

2020-03-19 14:41:50 - [MESSAGE][PASSED] - Object 'Object Repository/ADMIN/Categories/Category List/button_Content Mgmt' is visible

2020-03-19 14:41:50 - [TEST_STEP][FAILED] - click(findTestObject("ADMIN/Categories/Category List/button_Content Mgmt")): Unable to click on object 'Object Repository/ADMIN/Categories/Category List/button_Content Mgmt' (Root cause: com.kms.katalon.core.exception.StepFailedException: Unable to click on object 'Object Repository/ADMIN/Categories/Category List/button_Content Mgmt'
	at com.kms.katalon.core.webui.keyword.internal.WebUIKeywordMain.stepFailed(WebUIKeywordMain.groovy:64)
	at com.kms.katalon.core.webui.keyword.internal.WebUIKeywordMain.runKeyword(WebUIKeywordMain.groovy:26)
	at com.kms.katalon.core.webui.keyword.builtin.ClickKeyword.click(ClickKeyword.groovy:76)
	at com.kms.katalon.core.webui.keyword.builtin.ClickKeyword.execute(ClickKeyword.groovy:43)
	at com.kms.katalon.core.keyword.internal.KeywordExecutor.executeKeywordForPlatform(KeywordExecutor.groovy:72)
	at com.kms.katalon.core.webui.keyword.WebUiBuiltInKeywords.click(WebUiBuiltInKeywords.groovy:616)
	at com.kms.katalon.core.webui.keyword.WebUiBuiltInKeywords$click$0.call(Unknown Source)
	at Add Category.run(Add Category:24)
	at com.kms.katalon.core.main.ScriptEngine.run(ScriptEngine.java:194)
	at com.kms.katalon.core.main.ScriptEngine.runScriptAsRawText(ScriptEngine.java:119)
	at com.kms.katalon.core.main.TestCaseExecutor.runScript(TestCaseExecutor.java:337)
	at com.kms.katalon.core.main.TestCaseExecutor.doExecute(TestCaseExecutor.java:328)
	at com.kms.katalon.core.main.TestCaseExecutor.processExecutionPhase(TestCaseExecutor.java:307)
	at com.kms.katalon.core.main.TestCaseExecutor.accessMainPhase(TestCaseExecutor.java:299)
	at com.kms.katalon.core.main.TestCaseExecutor.execute(TestCaseExecutor.java:233)
	at com.kms.katalon.core.main.TestSuiteExecutor.accessTestCaseMainPhase(TestSuiteExecutor.java:169)
	at com.kms.katalon.core.main.TestSuiteExecutor.accessTestSuiteMainPhase(TestSuiteExecutor.java:142)
	at com.kms.katalon.core.main.TestSuiteExecutor.execute(TestSuiteExecutor.java:91)
	at com.kms.katalon.core.main.TestCaseMain.startTestSuite(TestCaseMain.java:157)
	at com.kms.katalon.core.main.TestCaseMain$startTestSuite$0.call(Unknown Source)
	at TempTestSuite1584598607274.run(TempTestSuite1584598607274.groovy:36)
Caused by: org.openqa.selenium.ElementClickInterceptedException: element click intercepted: Element <a href="#">...</a> is not clickable at point (129, 178). Other element would receive the click: <div id="addCategory" class="modal modal-custom fade in" role="dialog" style="display: block;">...</div>
  (Session info: chrome=80.0.3987.132)
Build info: version: '3.141.59', revision: 'e82be7d358', time: '2018-11-14T08:25:53'
System info: host: 'ARCADIER-03', ip: '192.168.254.105', os.name: 'Windows 7', os.arch: 'amd64', os.version: '6.1', java.version: '1.8.0_181'
Driver info: com.kms.katalon.core.webui.driver.ExistingRemoteWebDriver
Capabilities {javascriptEnabled: true, platform: ANY, platformName: ANY}
Session ID: 66da7635ded2d355388026ca8e7d8eff
	at org.openqa.selenium.remote.http.W3CHttpResponseCodec.createException(W3CHttpResponseCodec.java:187)
	at org.openqa.selenium.remote.http.W3CHttpResponseCodec.decode(W3CHttpResponseCodec.java:122)
	at org.openqa.selenium.remote.http.W3CHttpResponseCodec.decode(W3CHttpResponseCodec.java:49)
	at org.openqa.selenium.remote.HttpCommandExecutor.execute(HttpCommandExecutor.java:158)
	at org.openqa.selenium.remote.RemoteWebDriver.execute(RemoteWebDriver.java:552)
	at com.kms.katalon.core.webui.driver.ExistingRemoteWebDriver.execute(ExistingRemoteWebDriver.java:108)
	at org.openqa.selenium.remote.RemoteWebElement.execute(RemoteWebElement.java:285)
	at org.openqa.selenium.remote.RemoteWebElement.click(RemoteWebElement.java:84)
	at org.openqa.selenium.support.events.EventFiringWebDriver$EventFiringWebElement.lambda$new$0(EventFiringWebDriver.java:404)
	at com.sun.proxy.$Proxy9.click(Unknown Source)
	at org.openqa.selenium.support.events.EventFiringWebDriver$EventFiringWebElement.click(EventFiringWebDriver.java:417)
	at com.kms.katalon.core.webui.keyword.builtin.ClickKeyword$_click_closure1.doCall(ClickKeyword.groovy:69)
	at com.kms.katalon.core.webui.keyword.builtin.ClickKeyword$_click_closure1.call(ClickKeyword.groovy)
	at com.kms.katalon.core.webui.keyword.internal.WebUIKeywordMain.runKeyword(WebUIKeywordMain.groovy:20)
	at com.kms.katalon.core.webui.keyword.builtin.ClickKeyword.click(ClickKeyword.groovy:76)
	at com.kms.katalon.core.webui.keyword.builtin.ClickKeyword.execute(ClickKeyword.groovy:43)
	at com.kms.katalon.core.keyword.internal.KeywordExecutor.executeKeywordForPlatform(KeywordExecutor.groovy:72)
	at com.kms.katalon.core.webui.keyword.WebUiBuiltInKeywords.click(WebUiBuiltInKeywords.groovy:616)
	at com.kms.katalon.core.webui.keyword.WebUiBuiltInKeywords$click$0.call(Unknown Source)
	at Script1549506362832.run(Script1549506362832.groovy:24)
	... 13 more
)

2020-03-19 14:41:52 - [MESSAGE][FAILED] - Unable to click on object 'Object Repository/ADMIN/Categories/Category List/button_Content Mgmt' (Root cause: com.kms.katalon.core.exception.StepFailedException: Unable to click on object 'Object Repository/ADMIN/Categories/Category List/button_Content Mgmt'
	at com.kms.katalon.core.webui.keyword.internal.WebUIKeywordMain.stepFailed(WebUIKeywordMain.groovy:64)
	at com.kms.katalon.core.webui.keyword.internal.WebUIKeywordMain.runKeyword(WebUIKeywordMain.groovy:26)
	at com.kms.katalon.core.webui.keyword.builtin.ClickKeyword.click(ClickKeyword.groovy:76)
	at com.kms.katalon.core.webui.keyword.builtin.ClickKeyword.execute(ClickKeyword.groovy:43)
	at com.kms.katalon.core.keyword.internal.KeywordExecutor.executeKeywordForPlatform(KeywordExecutor.groovy:72)
	at com.kms.katalon.core.webui.keyword.WebUiBuiltInKeywords.click(WebUiBuiltInKeywords.groovy:616)
	at com.kms.katalon.core.webui.keyword.WebUiBuiltInKeywords$click$0.call(Unknown Source)
	at Add Category.run(Add Category:24)
	at com.kms.katalon.core.main.ScriptEngine.run(ScriptEngine.java:194)
	at com.kms.katalon.core.main.ScriptEngine.runScriptAsRawText(ScriptEngine.java:119)
	at com.kms.katalon.core.main.TestCaseExecutor.runScript(TestCaseExecutor.java:337)
	at com.kms.katalon.core.main.TestCaseExecutor.doExecute(TestCaseExecutor.java:328)
	at com.kms.katalon.core.main.TestCaseExecutor.processExecutionPhase(TestCaseExecutor.java:307)
	at com.kms.katalon.core.main.TestCaseExecutor.accessMainPhase(TestCaseExecutor.java:299)
	at com.kms.katalon.core.main.TestCaseExecutor.execute(TestCaseExecutor.java:233)
	at com.kms.katalon.core.main.TestSuiteExecutor.accessTestCaseMainPhase(TestSuiteExecutor.java:169)
	at com.kms.katalon.core.main.TestSuiteExecutor.accessTestSuiteMainPhase(TestSuiteExecutor.java:142)
	at com.kms.katalon.core.main.TestSuiteExecutor.execute(TestSuiteExecutor.java:91)
	at com.kms.katalon.core.main.TestCaseMain.startTestSuite(TestCaseMain.java:157)
	at com.kms.katalon.core.main.TestCaseMain$startTestSuite$0.call(Unknown Source)
	at TempTestSuite1584598607274.run(TempTestSuite1584598607274.groovy:36)
Caused by: org.openqa.selenium.ElementClickInterceptedException: element click intercepted: Element <a href="#">...</a> is not clickable at point (129, 178). Other element would receive the click: <div id="addCategory" class="modal modal-custom fade in" role="dialog" style="display: block;">...</div>
  (Session info: chrome=80.0.3987.132)
Build info: version: '3.141.59', revision: 'e82be7d358', time: '2018-11-14T08:25:53'
System info: host: 'ARCADIER-03', ip: '192.168.254.105', os.name: 'Windows 7', os.arch: 'amd64', os.version: '6.1', java.version: '1.8.0_181'
Driver info: com.kms.katalon.core.webui.driver.ExistingRemoteWebDriver
Capabilities {javascriptEnabled: true, platform: ANY, platformName: ANY}
Session ID: 66da7635ded2d355388026ca8e7d8eff
	at org.openqa.selenium.remote.http.W3CHttpResponseCodec.createException(W3CHttpResponseCodec.java:187)
	at org.openqa.selenium.remote.http.W3CHttpResponseCodec.decode(W3CHttpResponseCodec.java:122)
	at org.openqa.selenium.remote.http.W3CHttpResponseCodec.decode(W3CHttpResponseCodec.java:49)
	at org.openqa.selenium.remote.HttpCommandExecutor.execute(HttpCommandExecutor.java:158)
	at org.openqa.selenium.remote.RemoteWebDriver.execute(RemoteWebDriver.java:552)
	at com.kms.katalon.core.webui.driver.ExistingRemoteWebDriver.execute(ExistingRemoteWebDriver.java:108)
	at org.openqa.selenium.remote.RemoteWebElement.execute(RemoteWebElement.java:285)
	at org.openqa.selenium.remote.RemoteWebElement.click(RemoteWebElement.java:84)
	at org.openqa.selenium.support.events.EventFiringWebDriver$EventFiringWebElement.lambda$new$0(EventFiringWebDriver.java:404)
	at com.sun.proxy.$Proxy9.click(Unknown Source)
	at org.openqa.selenium.support.events.EventFiringWebDriver$EventFiringWebElement.click(EventFiringWebDriver.java:417)
	at com.kms.katalon.core.webui.keyword.builtin.ClickKeyword$_click_closure1.doCall(ClickKeyword.groovy:69)
	at com.kms.katalon.core.webui.keyword.builtin.ClickKeyword$_click_closure1.call(ClickKeyword.groovy)
	at com.kms.katalon.core.webui.keyword.internal.WebUIKeywordMain.runKeyword(WebUIKeywordMain.groovy:20)
	at com.kms.katalon.core.webui.keyword.builtin.ClickKeyword.click(ClickKeyword.groovy:76)
	at com.kms.katalon.core.webui.keyword.builtin.ClickKeyword.execute(ClickKeyword.groovy:43)
	at com.kms.katalon.core.keyword.internal.KeywordExecutor.executeKeywordForPlatform(KeywordExecutor.groovy:72)
	at com.kms.katalon.core.webui.keyword.WebUiBuiltInKeywords.click(WebUiBuiltInKeywords.groovy:616)
	at com.kms.katalon.core.webui.keyword.WebUiBuiltInKeywords$click$0.call(Unknown Source)
	at Script1549506362832.run(Script1549506362832.groovy:24)
	... 13 more
)
[[ATTACHMENT|C:\\Katalon\\Arctick\\Reports\\20200319_141647\\Admin\\Admin Add Category\\20200319_141647\\1584600111859.png]]

2020-03-19 14:41:52 - [TEST_STEP][PASSED] - waitForElementVisible(findTestObject("ADMIN/Categories/Category List/button_Categories"), 0): Object 'Object Repository/ADMIN/Categories/Category List/button_Categories' is visible

2020-03-19 14:41:52 - [MESSAGE][WARNING] - Timeout '0' is invalid. Using default page load timeout: '30'

2020-03-19 14:41:52 - [MESSAGE][PASSED] - Object 'Object Repository/ADMIN/Categories/Category List/button_Categories' is visible

2020-03-19 14:41:52 - [TEST_STEP][FAILED] - click(findTestObject("ADMIN/Categories/Category List/button_Categories")): Unable to click on object 'Object Repository/ADMIN/Categories/Category List/button_Categories' (Root cause: com.kms.katalon.core.exception.StepFailedException: Unable to click on object 'Object Repository/ADMIN/Categories/Category List/button_Categories'
	at com.kms.katalon.core.webui.keyword.internal.WebUIKeywordMain.stepFailed(WebUIKeywordMain.groovy:64)
	at com.kms.katalon.core.webui.keyword.internal.WebUIKeywordMain.runKeyword(WebUIKeywordMain.groovy:26)
	at com.kms.katalon.core.webui.keyword.builtin.ClickKeyword.click(ClickKeyword.groovy:76)
	at com.kms.katalon.core.webui.keyword.builtin.ClickKeyword.execute(ClickKeyword.groovy:43)
	at com.kms.katalon.core.keyword.internal.KeywordExecutor.executeKeywordForPlatform(KeywordExecutor.groovy:72)
	at com.kms.katalon.core.webui.keyword.WebUiBuiltInKeywords.click(WebUiBuiltInKeywords.groovy:616)
	at com.kms.katalon.core.webui.keyword.WebUiBuiltInKeywords$click$0.call(Unknown Source)
	at Add Category.run(Add Category:28)
	at com.kms.katalon.core.main.ScriptEngine.run(ScriptEngine.java:194)
	at com.kms.katalon.core.main.ScriptEngine.runScriptAsRawText(ScriptEngine.java:119)
	at com.kms.katalon.core.main.TestCaseExecutor.runScript(TestCaseExecutor.java:337)
	at com.kms.katalon.core.main.TestCaseExecutor.doExecute(TestCaseExecutor.java:328)
	at com.kms.katalon.core.main.TestCaseExecutor.processExecutionPhase(TestCaseExecutor.java:307)
	at com.kms.katalon.core.main.TestCaseExecutor.accessMainPhase(TestCaseExecutor.java:299)
	at com.kms.katalon.core.main.TestCaseExecutor.execute(TestCaseExecutor.java:233)
	at com.kms.katalon.core.main.TestSuiteExecutor.accessTestCaseMainPhase(TestSuiteExecutor.java:169)
	at com.kms.katalon.core.main.TestSuiteExecutor.accessTestSuiteMainPhase(TestSuiteExecutor.java:142)
	at com.kms.katalon.core.main.TestSuiteExecutor.execute(TestSuiteExecutor.java:91)
	at com.kms.katalon.core.main.TestCaseMain.startTestSuite(TestCaseMain.java:157)
	at com.kms.katalon.core.main.TestCaseMain$startTestSuite$0.call(Unknown Source)
	at TempTestSuite1584598607274.run(TempTestSuite1584598607274.groovy:36)
Caused by: org.openqa.selenium.ElementClickInterceptedException: element click intercepted: Element <a href="/admin/categorymanager/index">...</a> is not clickable at point (129, 406). Other element would receive the click: <div id="addCategory" class="modal modal-custom fade in" role="dialog" style="display: block;">...</div>
  (Session info: chrome=80.0.3987.132)
Build info: version: '3.141.59', revision: 'e82be7d358', time: '2018-11-14T08:25:53'
System info: host: 'ARCADIER-03', ip: '192.168.254.105', os.name: 'Windows 7', os.arch: 'amd64', os.version: '6.1', java.version: '1.8.0_181'
Driver info: com.kms.katalon.core.webui.driver.ExistingRemoteWebDriver
Capabilities {javascriptEnabled: true, platform: ANY, platformName: ANY}
Session ID: 66da7635ded2d355388026ca8e7d8eff
	at org.openqa.selenium.remote.http.W3CHttpResponseCodec.createException(W3CHttpResponseCodec.java:187)
	at org.openqa.selenium.remote.http.W3CHttpResponseCodec.decode(W3CHttpResponseCodec.java:122)
	at org.openqa.selenium.remote.http.W3CHttpResponseCodec.decode(W3CHttpResponseCodec.java:49)
	at org.openqa.selenium.remote.HttpCommandExecutor.execute(HttpCommandExecutor.java:158)
	at org.openqa.selenium.remote.RemoteWebDriver.execute(RemoteWebDriver.java:552)
	at com.kms.katalon.core.webui.driver.ExistingRemoteWebDriver.execute(ExistingRemoteWebDriver.java:108)
	at org.openqa.selenium.remote.RemoteWebElement.execute(RemoteWebElement.java:285)
	at org.openqa.selenium.remote.RemoteWebElement.click(RemoteWebElement.java:84)
	at org.openqa.selenium.support.events.EventFiringWebDriver$EventFiringWebElement.lambda$new$0(EventFiringWebDriver.java:404)
	at com.sun.proxy.$Proxy9.click(Unknown Source)
	at org.openqa.selenium.support.events.EventFiringWebDriver$EventFiringWebElement.click(EventFiringWebDriver.java:417)
	at com.kms.katalon.core.webui.keyword.builtin.ClickKeyword$_click_closure1.doCall(ClickKeyword.groovy:69)
	at com.kms.katalon.core.webui.keyword.builtin.ClickKeyword$_click_closure1.call(ClickKeyword.groovy)
	at com.kms.katalon.core.webui.keyword.internal.WebUIKeywordMain.runKeyword(WebUIKeywordMain.groovy:20)
	at com.kms.katalon.core.webui.keyword.builtin.ClickKeyword.click(ClickKeyword.groovy:76)
	at com.kms.katalon.core.webui.keyword.builtin.ClickKeyword.execute(ClickKeyword.groovy:43)
	at com.kms.katalon.core.keyword.internal.KeywordExecutor.executeKeywordForPlatform(KeywordExecutor.groovy:72)
	at com.kms.katalon.core.webui.keyword.WebUiBuiltInKeywords.click(WebUiBuiltInKeywords.groovy:616)
	at com.kms.katalon.core.webui.keyword.WebUiBuiltInKeywords$click$0.call(Unknown Source)
	at Script1549506362832.run(Script1549506362832.groovy:28)
	... 13 more
)

2020-03-19 14:41:53 - [MESSAGE][FAILED] - Unable to click on object 'Object Repository/ADMIN/Categories/Category List/button_Categories' (Root cause: com.kms.katalon.core.exception.StepFailedException: Unable to click on object 'Object Repository/ADMIN/Categories/Category List/button_Categories'
	at com.kms.katalon.core.webui.keyword.internal.WebUIKeywordMain.stepFailed(WebUIKeywordMain.groovy:64)
	at com.kms.katalon.core.webui.keyword.internal.WebUIKeywordMain.runKeyword(WebUIKeywordMain.groovy:26)
	at com.kms.katalon.core.webui.keyword.builtin.ClickKeyword.click(ClickKeyword.groovy:76)
	at com.kms.katalon.core.webui.keyword.builtin.ClickKeyword.execute(ClickKeyword.groovy:43)
	at com.kms.katalon.core.keyword.internal.KeywordExecutor.executeKeywordForPlatform(KeywordExecutor.groovy:72)
	at com.kms.katalon.core.webui.keyword.WebUiBuiltInKeywords.click(WebUiBuiltInKeywords.groovy:616)
	at com.kms.katalon.core.webui.keyword.WebUiBuiltInKeywords$click$0.call(Unknown Source)
	at Add Category.run(Add Category:28)
	at com.kms.katalon.core.main.ScriptEngine.run(ScriptEngine.java:194)
	at com.kms.katalon.core.main.ScriptEngine.runScriptAsRawText(ScriptEngine.java:119)
	at com.kms.katalon.core.main.TestCaseExecutor.runScript(TestCaseExecutor.java:337)
	at com.kms.katalon.core.main.TestCaseExecutor.doExecute(TestCaseExecutor.java:328)
	at com.kms.katalon.core.main.TestCaseExecutor.processExecutionPhase(TestCaseExecutor.java:307)
	at com.kms.katalon.core.main.TestCaseExecutor.accessMainPhase(TestCaseExecutor.java:299)
	at com.kms.katalon.core.main.TestCaseExecutor.execute(TestCaseExecutor.java:233)
	at com.kms.katalon.core.main.TestSuiteExecutor.accessTestCaseMainPhase(TestSuiteExecutor.java:169)
	at com.kms.katalon.core.main.TestSuiteExecutor.accessTestSuiteMainPhase(TestSuiteExecutor.java:142)
	at com.kms.katalon.core.main.TestSuiteExecutor.execute(TestSuiteExecutor.java:91)
	at com.kms.katalon.core.main.TestCaseMain.startTestSuite(TestCaseMain.java:157)
	at com.kms.katalon.core.main.TestCaseMain$startTestSuite$0.call(Unknown Source)
	at TempTestSuite1584598607274.run(TempTestSuite1584598607274.groovy:36)
Caused by: org.openqa.selenium.ElementClickInterceptedException: element click intercepted: Element <a href="/admin/categorymanager/index">...</a> is not clickable at point (129, 406). Other element would receive the click: <div id="addCategory" class="modal modal-custom fade in" role="dialog" style="display: block;">...</div>
  (Session info: chrome=80.0.3987.132)
Build info: version: '3.141.59', revision: 'e82be7d358', time: '2018-11-14T08:25:53'
System info: host: 'ARCADIER-03', ip: '192.168.254.105', os.name: 'Windows 7', os.arch: 'amd64', os.version: '6.1', java.version: '1.8.0_181'
Driver info: com.kms.katalon.core.webui.driver.ExistingRemoteWebDriver
Capabilities {javascriptEnabled: true, platform: ANY, platformName: ANY}
Session ID: 66da7635ded2d355388026ca8e7d8eff
	at org.openqa.selenium.remote.http.W3CHttpResponseCodec.createException(W3CHttpResponseCodec.java:187)
	at org.openqa.selenium.remote.http.W3CHttpResponseCodec.decode(W3CHttpResponseCodec.java:122)
	at org.openqa.selenium.remote.http.W3CHttpResponseCodec.decode(W3CHttpResponseCodec.java:49)
	at org.openqa.selenium.remote.HttpCommandExecutor.execute(HttpCommandExecutor.java:158)
	at org.openqa.selenium.remote.RemoteWebDriver.execute(RemoteWebDriver.java:552)
	at com.kms.katalon.core.webui.driver.ExistingRemoteWebDriver.execute(ExistingRemoteWebDriver.java:108)
	at org.openqa.selenium.remote.RemoteWebElement.execute(RemoteWebElement.java:285)
	at org.openqa.selenium.remote.RemoteWebElement.click(RemoteWebElement.java:84)
	at org.openqa.selenium.support.events.EventFiringWebDriver$EventFiringWebElement.lambda$new$0(EventFiringWebDriver.java:404)
	at com.sun.proxy.$Proxy9.click(Unknown Source)
	at org.openqa.selenium.support.events.EventFiringWebDriver$EventFiringWebElement.click(EventFiringWebDriver.java:417)
	at com.kms.katalon.core.webui.keyword.builtin.ClickKeyword$_click_closure1.doCall(ClickKeyword.groovy:69)
	at com.kms.katalon.core.webui.keyword.builtin.ClickKeyword$_click_closure1.call(ClickKeyword.groovy)
	at com.kms.katalon.core.webui.keyword.internal.WebUIKeywordMain.runKeyword(WebUIKeywordMain.groovy:20)
	at com.kms.katalon.core.webui.keyword.builtin.ClickKeyword.click(ClickKeyword.groovy:76)
	at com.kms.katalon.core.webui.keyword.builtin.ClickKeyword.execute(ClickKeyword.groovy:43)
	at com.kms.katalon.core.keyword.internal.KeywordExecutor.executeKeywordForPlatform(KeywordExecutor.groovy:72)
	at com.kms.katalon.core.webui.keyword.WebUiBuiltInKeywords.click(WebUiBuiltInKeywords.groovy:616)
	at com.kms.katalon.core.webui.keyword.WebUiBuiltInKeywords$click$0.call(Unknown Source)
	at Script1549506362832.run(Script1549506362832.groovy:28)
	... 13 more
)
[[ATTACHMENT|C:\\Katalon\\Arctick\\Reports\\20200319_141647\\Admin\\Admin Add Category\\20200319_141647\\1584600113558.png]]

2020-03-19 14:41:53 - [TEST_STEP][PASSED] - waitForPageLoad(0, STOP_ON_FAILURE): Wait for page load successfully

2020-03-19 14:41:53 - [MESSAGE][WARNING] - Timeout '0' is invalid. Using default page load timeout: '30'

2020-03-19 14:41:53 - [MESSAGE][PASSED] - Wait for page load successfully

2020-03-19 14:41:53 - [TEST_STEP][FAILED] - click(findTestObject("ADMIN/Categories/Category List/button_Add a Category")): Unable to click on object 'Object Repository/ADMIN/Categories/Category List/button_Add a Category' (Root cause: com.kms.katalon.core.exception.StepFailedException: Unable to click on object 'Object Repository/ADMIN/Categories/Category List/button_Add a Category'
	at com.kms.katalon.core.webui.keyword.internal.WebUIKeywordMain.stepFailed(WebUIKeywordMain.groovy:64)
	at com.kms.katalon.core.webui.keyword.internal.WebUIKeywordMain.runKeyword(WebUIKeywordMain.groovy:26)
	at com.kms.katalon.core.webui.keyword.builtin.ClickKeyword.click(ClickKeyword.groovy:76)
	at com.kms.katalon.core.webui.keyword.builtin.ClickKeyword.execute(ClickKeyword.groovy:43)
	at com.kms.katalon.core.keyword.internal.KeywordExecutor.executeKeywordForPlatform(KeywordExecutor.groovy:72)
	at com.kms.katalon.core.webui.keyword.WebUiBuiltInKeywords.click(WebUiBuiltInKeywords.groovy:616)
	at com.kms.katalon.core.webui.keyword.WebUiBuiltInKeywords$click$0.call(Unknown Source)
	at Add Category.run(Add Category:32)
	at com.kms.katalon.core.main.ScriptEngine.run(ScriptEngine.java:194)
	at com.kms.katalon.core.main.ScriptEngine.runScriptAsRawText(ScriptEngine.java:119)
	at com.kms.katalon.core.main.TestCaseExecutor.runScript(TestCaseExecutor.java:337)
	at com.kms.katalon.core.main.TestCaseExecutor.doExecute(TestCaseExecutor.java:328)
	at com.kms.katalon.core.main.TestCaseExecutor.processExecutionPhase(TestCaseExecutor.java:307)
	at com.kms.katalon.core.main.TestCaseExecutor.accessMainPhase(TestCaseExecutor.java:299)
	at com.kms.katalon.core.main.TestCaseExecutor.execute(TestCaseExecutor.java:233)
	at com.kms.katalon.core.main.TestSuiteExecutor.accessTestCaseMainPhase(TestSuiteExecutor.java:169)
	at com.kms.katalon.core.main.TestSuiteExecutor.accessTestSuiteMainPhase(TestSuiteExecutor.java:142)
	at com.kms.katalon.core.main.TestSuiteExecutor.execute(TestSuiteExecutor.java:91)
	at com.kms.katalon.core.main.TestCaseMain.startTestSuite(TestCaseMain.java:157)
	at com.kms.katalon.core.main.TestCaseMain$startTestSuite$0.call(Unknown Source)
	at TempTestSuite1584598607274.run(TempTestSuite1584598607274.groovy:36)
Caused by: org.openqa.selenium.ElementClickInterceptedException: element click intercepted: Element <a onclick="CategoryManager.addCategory();" class="blue-btn" href="javascript:void(0)" id="cat_add">...</a> is not clickable at point (1413, 207). Other element would receive the click: <div id="addCategory" class="modal modal-custom fade in" role="dialog" style="display: block;">...</div>
  (Session info: chrome=80.0.3987.132)
Build info: version: '3.141.59', revision: 'e82be7d358', time: '2018-11-14T08:25:53'
System info: host: 'ARCADIER-03', ip: '192.168.254.105', os.name: 'Windows 7', os.arch: 'amd64', os.version: '6.1', java.version: '1.8.0_181'
Driver info: com.kms.katalon.core.webui.driver.ExistingRemoteWebDriver
Capabilities {javascriptEnabled: true, platform: ANY, platformName: ANY}
Session ID: 66da7635ded2d355388026ca8e7d8eff
	at org.openqa.selenium.remote.http.W3CHttpResponseCodec.createException(W3CHttpResponseCodec.java:187)
	at org.openqa.selenium.remote.http.W3CHttpResponseCodec.decode(W3CHttpResponseCodec.java:122)
	at org.openqa.selenium.remote.http.W3CHttpResponseCodec.decode(W3CHttpResponseCodec.java:49)
	at org.openqa.selenium.remote.HttpCommandExecutor.execute(HttpCommandExecutor.java:158)
	at org.openqa.selenium.remote.RemoteWebDriver.execute(RemoteWebDriver.java:552)
	at com.kms.katalon.core.webui.driver.ExistingRemoteWebDriver.execute(ExistingRemoteWebDriver.java:108)
	at org.openqa.selenium.remote.RemoteWebElement.execute(RemoteWebElement.java:285)
	at org.openqa.selenium.remote.RemoteWebElement.click(RemoteWebElement.java:84)
	at org.openqa.selenium.support.events.EventFiringWebDriver$EventFiringWebElement.lambda$new$0(EventFiringWebDriver.java:404)
	at com.sun.proxy.$Proxy9.click(Unknown Source)
	at org.openqa.selenium.support.events.EventFiringWebDriver$EventFiringWebElement.click(EventFiringWebDriver.java:417)
	at com.kms.katalon.core.webui.keyword.builtin.ClickKeyword$_click_closure1.doCall(ClickKeyword.groovy:69)
	at com.kms.katalon.core.webui.keyword.builtin.ClickKeyword$_click_closure1.call(ClickKeyword.groovy)
	at com.kms.katalon.core.webui.keyword.internal.WebUIKeywordMain.runKeyword(WebUIKeywordMain.groovy:20)
	at com.kms.katalon.core.webui.keyword.builtin.ClickKeyword.click(ClickKeyword.groovy:76)
	at com.kms.katalon.core.webui.keyword.builtin.ClickKeyword.execute(ClickKeyword.groovy:43)
	at com.kms.katalon.core.keyword.internal.KeywordExecutor.executeKeywordForPlatform(KeywordExecutor.groovy:72)
	at com.kms.katalon.core.webui.keyword.WebUiBuiltInKeywords.click(WebUiBuiltInKeywords.groovy:616)
	at com.kms.katalon.core.webui.keyword.WebUiBuiltInKeywords$click$0.call(Unknown Source)
	at Script1549506362832.run(Script1549506362832.groovy:32)
	... 13 more
)

2020-03-19 14:41:55 - [MESSAGE][FAILED] - Unable to click on object 'Object Repository/ADMIN/Categories/Category List/button_Add a Category' (Root cause: com.kms.katalon.core.exception.StepFailedException: Unable to click on object 'Object Repository/ADMIN/Categories/Category List/button_Add a Category'
	at com.kms.katalon.core.webui.keyword.internal.WebUIKeywordMain.stepFailed(WebUIKeywordMain.groovy:64)
	at com.kms.katalon.core.webui.keyword.internal.WebUIKeywordMain.runKeyword(WebUIKeywordMain.groovy:26)
	at com.kms.katalon.core.webui.keyword.builtin.ClickKeyword.click(ClickKeyword.groovy:76)
	at com.kms.katalon.core.webui.keyword.builtin.ClickKeyword.execute(ClickKeyword.groovy:43)
	at com.kms.katalon.core.keyword.internal.KeywordExecutor.executeKeywordForPlatform(KeywordExecutor.groovy:72)
	at com.kms.katalon.core.webui.keyword.WebUiBuiltInKeywords.click(WebUiBuiltInKeywords.groovy:616)
	at com.kms.katalon.core.webui.keyword.WebUiBuiltInKeywords$click$0.call(Unknown Source)
	at Add Category.run(Add Category:32)
	at com.kms.katalon.core.main.ScriptEngine.run(ScriptEngine.java:194)
	at com.kms.katalon.core.main.ScriptEngine.runScriptAsRawText(ScriptEngine.java:119)
	at com.kms.katalon.core.main.TestCaseExecutor.runScript(TestCaseExecutor.java:337)
	at com.kms.katalon.core.main.TestCaseExecutor.doExecute(TestCaseExecutor.java:328)
	at com.kms.katalon.core.main.TestCaseExecutor.processExecutionPhase(TestCaseExecutor.java:307)
	at com.kms.katalon.core.main.TestCaseExecutor.accessMainPhase(TestCaseExecutor.java:299)
	at com.kms.katalon.core.main.TestCaseExecutor.execute(TestCaseExecutor.java:233)
	at com.kms.katalon.core.main.TestSuiteExecutor.accessTestCaseMainPhase(TestSuiteExecutor.java:169)
	at com.kms.katalon.core.main.TestSuiteExecutor.accessTestSuiteMainPhase(TestSuiteExecutor.java:142)
	at com.kms.katalon.core.main.TestSuiteExecutor.execute(TestSuiteExecutor.java:91)
	at com.kms.katalon.core.main.TestCaseMain.startTestSuite(TestCaseMain.java:157)
	at com.kms.katalon.core.main.TestCaseMain$startTestSuite$0.call(Unknown Source)
	at TempTestSuite1584598607274.run(TempTestSuite1584598607274.groovy:36)
Caused by: org.openqa.selenium.ElementClickInterceptedException: element click intercepted: Element <a onclick="CategoryManager.addCategory();" class="blue-btn" href="javascript:void(0)" id="cat_add">...</a> is not clickable at point (1413, 207). Other element would receive the click: <div id="addCategory" class="modal modal-custom fade in" role="dialog" style="display: block;">...</div>
  (Session info: chrome=80.0.3987.132)
Build info: version: '3.141.59', revision: 'e82be7d358', time: '2018-11-14T08:25:53'
System info: host: 'ARCADIER-03', ip: '192.168.254.105', os.name: 'Windows 7', os.arch: 'amd64', os.version: '6.1', java.version: '1.8.0_181'
Driver info: com.kms.katalon.core.webui.driver.ExistingRemoteWebDriver
Capabilities {javascriptEnabled: true, platform: ANY, platformName: ANY}
Session ID: 66da7635ded2d355388026ca8e7d8eff
	at org.openqa.selenium.remote.http.W3CHttpResponseCodec.createException(W3CHttpResponseCodec.java:187)
	at org.openqa.selenium.remote.http.W3CHttpResponseCodec.decode(W3CHttpResponseCodec.java:122)
	at org.openqa.selenium.remote.http.W3CHttpResponseCodec.decode(W3CHttpResponseCodec.java:49)
	at org.openqa.selenium.remote.HttpCommandExecutor.execute(HttpCommandExecutor.java:158)
	at org.openqa.selenium.remote.RemoteWebDriver.execute(RemoteWebDriver.java:552)
	at com.kms.katalon.core.webui.driver.ExistingRemoteWebDriver.execute(ExistingRemoteWebDriver.java:108)
	at org.openqa.selenium.remote.RemoteWebElement.execute(RemoteWebElement.java:285)
	at org.openqa.selenium.remote.RemoteWebElement.click(RemoteWebElement.java:84)
	at org.openqa.selenium.support.events.EventFiringWebDriver$EventFiringWebElement.lambda$new$0(EventFiringWebDriver.java:404)
	at com.sun.proxy.$Proxy9.click(Unknown Source)
	at org.openqa.selenium.support.events.EventFiringWebDriver$EventFiringWebElement.click(EventFiringWebDriver.java:417)
	at com.kms.katalon.core.webui.keyword.builtin.ClickKeyword$_click_closure1.doCall(ClickKeyword.groovy:69)
	at com.kms.katalon.core.webui.keyword.builtin.ClickKeyword$_click_closure1.call(ClickKeyword.groovy)
	at com.kms.katalon.core.webui.keyword.internal.WebUIKeywordMain.runKeyword(WebUIKeywordMain.groovy:20)
	at com.kms.katalon.core.webui.keyword.builtin.ClickKeyword.click(ClickKeyword.groovy:76)
	at com.kms.katalon.core.webui.keyword.builtin.ClickKeyword.execute(ClickKeyword.groovy:43)
	at com.kms.katalon.core.keyword.internal.KeywordExecutor.executeKeywordForPlatform(KeywordExecutor.groovy:72)
	at com.kms.katalon.core.webui.keyword.WebUiBuiltInKeywords.click(WebUiBuiltInKeywords.groovy:616)
	at com.kms.katalon.core.webui.keyword.WebUiBuiltInKeywords$click$0.call(Unknown Source)
	at Script1549506362832.run(Script1549506362832.groovy:32)
	... 13 more
)
[[ATTACHMENT|C:\\Katalon\\Arctick\\Reports\\20200319_141647\\Admin\\Admin Add Category\\20200319_141647\\1584600115057.png]]

2020-03-19 14:41:55 - [TEST_STEP][PASSED] - waitForElementPresent(findTestObject("ADMIN/Categories/Category/dropdown_Parent"), 2): Object 'Object Repository/ADMIN/Categories/Category/dropdown_Parent' is present

2020-03-19 14:41:55 - [MESSAGE][PASSED] - Object 'Object Repository/ADMIN/Categories/Category/dropdown_Parent' is present

2020-03-19 14:41:55 - [TEST_STEP][PASSED] - delay(1): Delayed 1 second(s)

2020-03-19 14:41:56 - [MESSAGE][PASSED] - Delayed 1 second(s)

2020-03-19 14:41:56 - [TEST_STEP][PASSED] - setText(findTestObject("ADMIN/Categories/Category/textfield_Category Name"), CategoryNametext): Text 'Category For Delete' is set on object 'Object Repository/ADMIN/Categories/Category/textfield_Category Name'

2020-03-19 14:41:56 - [MESSAGE][PASSED] - Text 'Category For Delete' is set on object 'Object Repository/ADMIN/Categories/Category/textfield_Category Name'

2020-03-19 14:41:56 - [TEST_STEP][PASSED] - click(findTestObject("ADMIN/Categories/Category/dropdown_Parent")): Object: 'Object Repository/ADMIN/Categories/Category/dropdown_Parent' is clicked on

2020-03-19 14:41:56 - [MESSAGE][PASSED] - Object: 'Object Repository/ADMIN/Categories/Category/dropdown_Parent' is clicked on

2020-03-19 14:41:56 - [TEST_STEP][PASSED] - delay(2): Delayed 2 second(s)

2020-03-19 14:41:58 - [MESSAGE][PASSED] - Delayed 2 second(s)

2020-03-19 14:41:58 - [TEST_STEP][PASSED] - click(findTestObject("ADMIN/Categories/Category/dropdown_Parent")): Object: 'Object Repository/ADMIN/Categories/Category/dropdown_Parent' is clicked on

2020-03-19 14:41:58 - [MESSAGE][PASSED] - Object: 'Object Repository/ADMIN/Categories/Category/dropdown_Parent' is clicked on

2020-03-19 14:41:58 - [TEST_STEP][PASSED] - selectOptionByLabel(findTestObject("ADMIN/Categories/Category/dropdown_Parent"), ParentName, false): null]]></system-out>
         <system-err><![CDATA[2020-03-19 14:41:50 - [TEST_CASE][FAILED] - Test Cases/ADMIN/Content Mgmt/Categories/Category Add-Edit/Add Category: Test Cases/ADMIN/Content Mgmt/Categories/Category Add-Edit/Add Category FAILED.
Reason:
com.kms.katalon.core.exception.StepFailedException: Unable to click on object 'Object Repository/ADMIN/Categories/Category List/button_Content Mgmt' (Root cause: com.kms.katalon.core.exception.StepFailedException: Unable to click on object 'Object Repository/ADMIN/Categories/Category List/button_Content Mgmt'
	at com.kms.katalon.core.webui.keyword.internal.WebUIKeywordMain.stepFailed(WebUIKeywordMain.groovy:64)
	at com.kms.katalon.core.webui.keyword.internal.WebUIKeywordMain.runKeyword(WebUIKeywordMain.groovy:26)
	at com.kms.katalon.core.webui.keyword.builtin.ClickKeyword.click(ClickKeyword.groovy:76)
	at com.kms.katalon.core.webui.keyword.builtin.ClickKeyword.execute(ClickKeyword.groovy:43)
	at com.kms.katalon.core.keyword.internal.KeywordExecutor.executeKeywordForPlatform(KeywordExecutor.groovy:72)
	at com.kms.katalon.core.webui.keyword.WebUiBuiltInKeywords.click(WebUiBuiltInKeywords.groovy:616)
	at com.kms.katalon.core.webui.keyword.WebUiBuiltInKeywords$click$0.call(Unknown Source)
	at Add Category.run(Add Category:24)
	at com.kms.katalon.core.main.ScriptEngine.run(ScriptEngine.java:194)
	at com.kms.katalon.core.main.ScriptEngine.runScriptAsRawText(ScriptEngine.java:119)
	at com.kms.katalon.core.main.TestCaseExecutor.runScript(TestCaseExecutor.java:337)
	at com.kms.katalon.core.main.TestCaseExecutor.doExecute(TestCaseExecutor.java:328)
	at com.kms.katalon.core.main.TestCaseExecutor.processExecutionPhase(TestCaseExecutor.java:307)
	at com.kms.katalon.core.main.TestCaseExecutor.accessMainPhase(TestCaseExecutor.java:299)
	at com.kms.katalon.core.main.TestCaseExecutor.execute(TestCaseExecutor.java:233)
	at com.kms.katalon.core.main.TestSuiteExecutor.accessTestCaseMainPhase(TestSuiteExecutor.java:169)
	at com.kms.katalon.core.main.TestSuiteExecutor.accessTestSuiteMainPhase(TestSuiteExecutor.java:142)
	at com.kms.katalon.core.main.TestSuiteExecutor.execute(TestSuiteExecutor.java:91)
	at com.kms.katalon.core.main.TestCaseMain.startTestSuite(TestCaseMain.java:157)
	at com.kms.katalon.core.main.TestCaseMain$startTestSuite$0.call(Unknown Source)
	at TempTestSuite1584598607274.run(TempTestSuite1584598607274.groovy:36)
Caused by: org.openqa.selenium.ElementClickInterceptedException: element click intercepted: Element <a href="#">...</a> is not clickable at point (129, 178). Other element would receive the click: <div id="addCategory" class="modal modal-custom fade in" role="dialog" style="display: block;">...</div>
  (Session info: chrome=80.0.3987.132)
Build info: version: '3.141.59', revision: 'e82be7d358', time: '2018-11-14T08:25:53'
System info: host: 'ARCADIER-03', ip: '192.168.254.105', os.name: 'Windows 7', os.arch: 'amd64', os.version: '6.1', java.version: '1.8.0_181'
Driver info: com.kms.katalon.core.webui.driver.ExistingRemoteWebDriver
Capabilities {javascriptEnabled: true, platform: ANY, platformName: ANY}
Session ID: 66da7635ded2d355388026ca8e7d8eff
	at org.openqa.selenium.remote.http.W3CHttpResponseCodec.createException(W3CHttpResponseCodec.java:187)
	at org.openqa.selenium.remote.http.W3CHttpResponseCodec.decode(W3CHttpResponseCodec.java:122)
	at org.openqa.selenium.remote.http.W3CHttpResponseCodec.decode(W3CHttpResponseCodec.java:49)
	at org.openqa.selenium.remote.HttpCommandExecutor.execute(HttpCommandExecutor.java:158)
	at org.openqa.selenium.remote.RemoteWebDriver.execute(RemoteWebDriver.java:552)
	at com.kms.katalon.core.webui.driver.ExistingRemoteWebDriver.execute(ExistingRemoteWebDriver.java:108)
	at org.openqa.selenium.remote.RemoteWebElement.execute(RemoteWebElement.java:285)
	at org.openqa.selenium.remote.RemoteWebElement.click(RemoteWebElement.java:84)
	at org.openqa.selenium.support.events.EventFiringWebDriver$EventFiringWebElement.lambda$new$0(EventFiringWebDriver.java:404)
	at com.sun.proxy.$Proxy9.click(Unknown Source)
	at org.openqa.selenium.support.events.EventFiringWebDriver$EventFiringWebElement.click(EventFiringWebDriver.java:417)
	at com.kms.katalon.core.webui.keyword.builtin.ClickKeyword$_click_closure1.doCall(ClickKeyword.groovy:69)
	at com.kms.katalon.core.webui.keyword.builtin.ClickKeyword$_click_closure1.call(ClickKeyword.groovy)
	at com.kms.katalon.core.webui.keyword.internal.WebUIKeywordMain.runKeyword(WebUIKeywordMain.groovy:20)
	at com.kms.katalon.core.webui.keyword.builtin.ClickKeyword.click(ClickKeyword.groovy:76)
	at com.kms.katalon.core.webui.keyword.builtin.ClickKeyword.execute(ClickKeyword.groovy:43)
	at com.kms.katalon.core.keyword.internal.KeywordExecutor.executeKeywordForPlatform(KeywordExecutor.groovy:72)
	at com.kms.katalon.core.webui.keyword.WebUiBuiltInKeywords.click(WebUiBuiltInKeywords.groovy:616)
	at com.kms.katalon.core.webui.keyword.WebUiBuiltInKeywords$click$0.call(Unknown Source)
	at Script1549506362832.run(Script1549506362832.groovy:24)
	... 13 more
)
	at com.kms.katalon.core.keyword.internal.KeywordMain.stepFailed(KeywordMain.groovy:39)
	at com.kms.katalon.core.webui.keyword.internal.WebUIKeywordMain.stepFailed(WebUIKeywordMain.groovy:64)
	at com.kms.katalon.core.webui.keyword.internal.WebUIKeywordMain.runKeyword(WebUIKeywordMain.groovy:26)
	at com.kms.katalon.core.webui.keyword.builtin.ClickKeyword.click(ClickKeyword.groovy:76)
	at com.kms.katalon.core.webui.keyword.builtin.ClickKeyword.execute(ClickKeyword.groovy:43)
	at com.kms.katalon.core.keyword.internal.KeywordExecutor.executeKeywordForPlatform(KeywordExecutor.groovy:72)
	at com.kms.katalon.core.webui.keyword.WebUiBuiltInKeywords.click(WebUiBuiltInKeywords.groovy:616)
	at com.kms.katalon.core.webui.keyword.WebUiBuiltInKeywords$click$0.call(Unknown Source)
	at Add Category.run(Add Category:24)
	at com.kms.katalon.core.main.ScriptEngine.run(ScriptEngine.java:194)
	at com.kms.katalon.core.main.ScriptEngine.runScriptAsRawText(ScriptEngine.java:119)
	at com.kms.katalon.core.main.TestCaseExecutor.runScript(TestCaseExecutor.java:337)
	at com.kms.katalon.core.main.TestCaseExecutor.doExecute(TestCaseExecutor.java:328)
	at com.kms.katalon.core.main.TestCaseExecutor.processExecutionPhase(TestCaseExecutor.java:307)
	at com.kms.katalon.core.main.TestCaseExecutor.accessMainPhase(TestCaseExecutor.java:299)
	at com.kms.katalon.core.main.TestCaseExecutor.execute(TestCaseExecutor.java:233)
	at com.kms.katalon.core.main.TestSuiteExecutor.accessTestCaseMainPhase(TestSuiteExecutor.java:169)
	at com.kms.katalon.core.main.TestSuiteExecutor.accessTestSuiteMainPhase(TestSuiteExecutor.java:142)
	at com.kms.katalon.core.main.TestSuiteExecutor.execute(TestSuiteExecutor.java:91)
	at com.kms.katalon.core.main.TestCaseMain.startTestSuite(TestCaseMain.java:157)
	at com.kms.katalon.core.main.TestCaseMain$startTestSuite$0.call(Unknown Source)
	at TempTestSuite1584598607274.run(TempTestSuite1584598607274.groovy:36)
Caused by: com.kms.katalon.core.exception.StepFailedException: Unable to click on object 'Object Repository/ADMIN/Categories/Category List/button_Content Mgmt'
	... 21 more
Caused by: org.openqa.selenium.ElementClickInterceptedException: element click intercepted: Element <a href="#">...</a> is not clickable at point (129, 178). Other element would receive the click: <div id="addCategory" class="modal modal-custom fade in" role="dialog" style="display: block;">...</div>
  (Session info: chrome=80.0.3987.132)
Build info: version: '3.141.59', revision: 'e82be7d358', time: '2018-11-14T08:25:53'
System info: host: 'ARCADIER-03', ip: '192.168.254.105', os.name: 'Windows 7', os.arch: 'amd64', os.version: '6.1', java.version: '1.8.0_181'
Driver info: com.kms.katalon.core.webui.driver.ExistingRemoteWebDriver
Capabilities {javascriptEnabled: true, platform: ANY, platformName: ANY}
Session ID: 66da7635ded2d355388026ca8e7d8eff
	at org.openqa.selenium.remote.http.W3CHttpResponseCodec.createException(W3CHttpResponseCodec.java:187)
	at org.openqa.selenium.remote.http.W3CHttpResponseCodec.decode(W3CHttpResponseCodec.java:122)
	at org.openqa.selenium.remote.http.W3CHttpResponseCodec.decode(W3CHttpResponseCodec.java:49)
	at org.openqa.selenium.remote.HttpCommandExecutor.execute(HttpCommandExecutor.java:158)
	at org.openqa.selenium.remote.RemoteWebDriver.execute(RemoteWebDriver.java:552)
	at com.kms.katalon.core.webui.driver.ExistingRemoteWebDriver.execute(ExistingRemoteWebDriver.java:108)
	at org.openqa.selenium.remote.RemoteWebElement.execute(RemoteWebElement.java:285)
	at org.openqa.selenium.remote.RemoteWebElement.click(RemoteWebElement.java:84)
	at org.openqa.selenium.support.events.EventFiringWebDriver$EventFiringWebElement.lambda$new$0(EventFiringWebDriver.java:404)
	at com.sun.proxy.$Proxy9.click(Unknown Source)
	at org.openqa.selenium.support.events.EventFiringWebDriver$EventFiringWebElement.click(EventFiringWebDriver.java:417)
	at com.kms.katalon.core.webui.keyword.builtin.ClickKeyword$_click_closure1.doCall(ClickKeyword.groovy:69)
	at com.kms.katalon.core.webui.keyword.builtin.ClickKeyword$_click_closure1.call(ClickKeyword.groovy)
	at com.kms.katalon.core.webui.keyword.internal.WebUIKeywordMain.runKeyword(WebUIKeywordMain.groovy:20)
	... 19 more]]></system-err>
      </testcase>
      <system-out><![CDATA[2020-03-19 14:16:49 - [TEST_SUITE][FAILED] - Admin Add Category: Test Cases/ADMIN/Content Mgmt/Categories/Category Add-Edit/Add Category FAILED.
Reason:
com.kms.katalon.core.exception.StepFailedException: Unable to click on object 'Object Repository/ADMIN/Categories/Category List/button_Categories' (Root cause: com.kms.katalon.core.exception.StepFailedException: Unable to click on object 'Object Repository/ADMIN/Categories/Category List/button_Categories'
	at com.kms.katalon.core.webui.keyword.internal.WebUIKeywordMain.stepFailed(WebUIKeywordMain.groovy:64)
	at com.kms.katalon.core.webui.keyword.internal.WebUIKeywordMain.runKeyword(WebUIKeywordMain.groovy:26)
	at com.kms.katalon.core.webui.keyword.builtin.ClickKeyword.click(ClickKeyword.groovy:76)
	at com.kms.katalon.core.webui.keyword.builtin.ClickKeyword.execute(ClickKeyword.groovy:43)
	at com.kms.katalon.core.keyword.internal.KeywordExecutor.executeKeywordForPlatform(KeywordExecutor.groovy:72)
	at com.kms.katalon.core.webui.keyword.WebUiBuiltInKeywords.click(WebUiBuiltInKeywords.groovy:616)
	at com.kms.katalon.core.webui.keyword.WebUiBuiltInKeywords$click$0.call(Unknown Source)
	at Add Category.run(Add Category:28)
	at com.kms.katalon.core.main.ScriptEngine.run(ScriptEngine.java:194)
	at com.kms.katalon.core.main.ScriptEngine.runScriptAsRawText(ScriptEngine.java:119)
	at com.kms.katalon.core.main.TestCaseExecutor.runScript(TestCaseExecutor.java:337)
	at com.kms.katalon.core.main.TestCaseExecutor.doExecute(TestCaseExecutor.java:328)
	at com.kms.katalon.core.main.TestCaseExecutor.processExecutionPhase(TestCaseExecutor.java:307)
	at com.kms.katalon.core.main.TestCaseExecutor.accessMainPhase(TestCaseExecutor.java:299)
	at com.kms.katalon.core.main.TestCaseExecutor.execute(TestCaseExecutor.java:233)
	at com.kms.katalon.core.main.TestSuiteExecutor.accessTestCaseMainPhase(TestSuiteExecutor.java:169)
	at com.kms.katalon.core.main.TestSuiteExecutor.accessTestSuiteMainPhase(TestSuiteExecutor.java:142)
	at com.kms.katalon.core.main.TestSuiteExecutor.execute(TestSuiteExecutor.java:91)
	at com.kms.katalon.core.main.TestCaseMain.startTestSuite(TestCaseMain.java:157)
	at com.kms.katalon.core.main.TestCaseMain$startTestSuite$0.call(Unknown Source)
	at TempTestSuite1584598607274.run(TempTestSuite1584598607274.groovy:36)
Caused by: org.openqa.selenium.ElementClickInterceptedException: element click intercepted: Element <a href="/admin/categorymanager/index">...</a> is not clickable at point (129, 406). Other element would receive the click: <div class="modal-backdrop in"></div>
  (Session info: chrome=80.0.3987.132)
Build info: version: '3.141.59', revision: 'e82be7d358', time: '2018-11-14T08:25:53'
System info: host: 'ARCADIER-03', ip: '192.168.254.105', os.name: 'Windows 7', os.arch: 'amd64', os.version: '6.1', java.version: '1.8.0_181'
Driver info: com.kms.katalon.core.webui.driver.ExistingRemoteWebDriver
Capabilities {javascriptEnabled: true, platform: ANY, platformName: ANY}
Session ID: 66da7635ded2d355388026ca8e7d8eff
	at org.openqa.selenium.remote.http.W3CHttpResponseCodec.createException(W3CHttpResponseCodec.java:187)
	at org.openqa.selenium.remote.http.W3CHttpResponseCodec.decode(W3CHttpResponseCodec.java:122)
	at org.openqa.selenium.remote.http.W3CHttpResponseCodec.decode(W3CHttpResponseCodec.java:49)
	at org.openqa.selenium.remote.HttpCommandExecutor.execute(HttpCommandExecutor.java:158)
	at org.openqa.selenium.remote.RemoteWebDriver.execute(RemoteWebDriver.java:552)
	at com.kms.katalon.core.webui.driver.ExistingRemoteWebDriver.execute(ExistingRemoteWebDriver.java:108)
	at org.openqa.selenium.remote.RemoteWebElement.execute(RemoteWebElement.java:285)
	at org.openqa.selenium.remote.RemoteWebElement.click(RemoteWebElement.java:84)
	at org.openqa.selenium.support.events.EventFiringWebDriver$EventFiringWebElement.lambda$new$0(EventFiringWebDriver.java:404)
	at com.sun.proxy.$Proxy9.click(Unknown Source)
	at org.openqa.selenium.support.events.EventFiringWebDriver$EventFiringWebElement.click(EventFiringWebDriver.java:417)
	at com.kms.katalon.core.webui.keyword.builtin.ClickKeyword$_click_closure1.doCall(ClickKeyword.groovy:69)
	at com.kms.katalon.core.webui.keyword.builtin.ClickKeyword$_click_closure1.call(ClickKeyword.groovy)
	at com.kms.katalon.core.webui.keyword.internal.WebUIKeywordMain.runKeyword(WebUIKeywordMain.groovy:20)
	at com.kms.katalon.core.webui.keyword.builtin.ClickKeyword.click(ClickKeyword.groovy:76)
	at com.kms.katalon.core.webui.keyword.builtin.ClickKeyword.execute(ClickKeyword.groovy:43)
	at com.kms.katalon.core.keyword.internal.KeywordExecutor.executeKeywordForPlatform(KeywordExecutor.groovy:72)
	at com.kms.katalon.core.webui.keyword.WebUiBuiltInKeywords.click(WebUiBuiltInKeywords.groovy:616)
	at com.kms.katalon.core.webui.keyword.WebUiBuiltInKeywords$click$0.call(Unknown Source)
	at Script1549506362832.run(Script1549506362832.groovy:28)
	... 13 more
)
	at com.kms.katalon.core.keyword.internal.KeywordMain.stepFailed(KeywordMain.groovy:39)
	at com.kms.katalon.core.webui.keyword.internal.WebUIKeywordMain.stepFailed(WebUIKeywordMain.groovy:64)
	at com.kms.katalon.core.webui.keyword.internal.WebUIKeywordMain.runKeyword(WebUIKeywordMain.groovy:26)
	at com.kms.katalon.core.webui.keyword.builtin.ClickKeyword.click(ClickKeyword.groovy:76)
	at com.kms.katalon.core.webui.keyword.builtin.ClickKeyword.execute(ClickKeyword.groovy:43)
	at com.kms.katalon.core.keyword.internal.KeywordExecutor.executeKeywordForPlatform(KeywordExecutor.groovy:72)
	at com.kms.katalon.core.webui.keyword.WebUiBuiltInKeywords.click(WebUiBuiltInKeywords.groovy:616)
	at com.kms.katalon.core.webui.keyword.WebUiBuiltInKeywords$click$0.call(Unknown Source)
	at Add Category.run(Add Category:28)
	at com.kms.katalon.core.main.ScriptEngine.run(ScriptEngine.java:194)
	at com.kms.katalon.core.main.ScriptEngine.runScriptAsRawText(ScriptEngine.java:119)
	at com.kms.katalon.core.main.TestCaseExecutor.runScript(TestCaseExecutor.java:337)
	at com.kms.katalon.core.main.TestCaseExecutor.doExecute(TestCaseExecutor.java:328)
	at com.kms.katalon.core.main.TestCaseExecutor.processExecutionPhase(TestCaseExecutor.java:307)
	at com.kms.katalon.core.main.TestCaseExecutor.accessMainPhase(TestCaseExecutor.java:299)
	at com.kms.katalon.core.main.TestCaseExecutor.execute(TestCaseExecutor.java:233)
	at com.kms.katalon.core.main.TestSuiteExecutor.accessTestCaseMainPhase(TestSuiteExecutor.java:169)
	at com.kms.katalon.core.main.TestSuiteExecutor.accessTestSuiteMainPhase(TestSuiteExecutor.java:142)
	at com.kms.katalon.core.main.TestSuiteExecutor.execute(TestSuiteExecutor.java:91)
	at com.kms.katalon.core.main.TestCaseMain.startTestSuite(TestCaseMain.java:157)
	at com.kms.katalon.core.main.TestCaseMain$startTestSuite$0.call(Unknown Source)
	at TempTestSuite1584598607274.run(TempTestSuite1584598607274.groovy:36)
Caused by: com.kms.katalon.core.exception.StepFailedException: Unable to click on object 'Object Repository/ADMIN/Categories/Category List/button_Categories'
	... 21 more
Caused by: org.openqa.selenium.ElementClickInterceptedException: element click intercepted: Element <a href="/admin/categorymanager/index">...</a> is not clickable at point (129, 406). Other element would receive the click: <div class="modal-backdrop in"></div>
  (Session info: chrome=80.0.3987.132)
Build info: version: '3.141.59', revision: 'e82be7d358', time: '2018-11-14T08:25:53'
System info: host: 'ARCADIER-03', ip: '192.168.254.105', os.name: 'Windows 7', os.arch: 'amd64', os.version: '6.1', java.version: '1.8.0_181'
Driver info: com.kms.katalon.core.webui.driver.ExistingRemoteWebDriver
Capabilities {javascriptEnabled: true, platform: ANY, platformName: ANY}
Session ID: 66da7635ded2d355388026ca8e7d8eff
	at org.openqa.selenium.remote.http.W3CHttpResponseCodec.createException(W3CHttpResponseCodec.java:187)
	at org.openqa.selenium.remote.http.W3CHttpResponseCodec.decode(W3CHttpResponseCodec.java:122)
	at org.openqa.selenium.remote.http.W3CHttpResponseCodec.decode(W3CHttpResponseCodec.java:49)
	at org.openqa.selenium.remote.HttpCommandExecutor.execute(HttpCommandExecutor.java:158)
	at org.openqa.selenium.remote.RemoteWebDriver.execute(RemoteWebDriver.java:552)
	at com.kms.katalon.core.webui.driver.ExistingRemoteWebDriver.execute(ExistingRemoteWebDriver.java:108)
	at org.openqa.selenium.remote.RemoteWebElement.execute(RemoteWebElement.java:285)
	at org.openqa.selenium.remote.RemoteWebElement.click(RemoteWebElement.java:84)
	at org.openqa.selenium.support.events.EventFiringWebDriver$EventFiringWebElement.lambda$new$0(EventFiringWebDriver.java:404)
	at com.sun.proxy.$Proxy9.click(Unknown Source)
	at org.openqa.selenium.support.events.EventFiringWebDriver$EventFiringWebElement.click(EventFiringWebDriver.java:417)
	at com.kms.katalon.core.webui.keyword.builtin.ClickKeyword$_click_closure1.doCall(ClickKeyword.groovy:69)
	at com.kms.katalon.core.webui.keyword.builtin.ClickKeyword$_click_closure1.call(ClickKeyword.groovy)
	at com.kms.katalon.core.webui.keyword.internal.WebUIKeywordMain.runKeyword(WebUIKeywordMain.groovy:20)
	... 19 more]]></system-out>
      <system-err><![CDATA[2020-03-19 14:16:49 - [TEST_SUITE][FAILED] - Admin Add Category: Test Cases/ADMIN/Content Mgmt/Categories/Category Add-Edit/Add Category FAILED.
Reason:
com.kms.katalon.core.exception.StepFailedException: Unable to click on object 'Object Repository/ADMIN/Categories/Category List/button_Categories' (Root cause: com.kms.katalon.core.exception.StepFailedException: Unable to click on object 'Object Repository/ADMIN/Categories/Category List/button_Categories'
	at com.kms.katalon.core.webui.keyword.internal.WebUIKeywordMain.stepFailed(WebUIKeywordMain.groovy:64)
	at com.kms.katalon.core.webui.keyword.internal.WebUIKeywordMain.runKeyword(WebUIKeywordMain.groovy:26)
	at com.kms.katalon.core.webui.keyword.builtin.ClickKeyword.click(ClickKeyword.groovy:76)
	at com.kms.katalon.core.webui.keyword.builtin.ClickKeyword.execute(ClickKeyword.groovy:43)
	at com.kms.katalon.core.keyword.internal.KeywordExecutor.executeKeywordForPlatform(KeywordExecutor.groovy:72)
	at com.kms.katalon.core.webui.keyword.WebUiBuiltInKeywords.click(WebUiBuiltInKeywords.groovy:616)
	at com.kms.katalon.core.webui.keyword.WebUiBuiltInKeywords$click$0.call(Unknown Source)
	at Add Category.run(Add Category:28)
	at com.kms.katalon.core.main.ScriptEngine.run(ScriptEngine.java:194)
	at com.kms.katalon.core.main.ScriptEngine.runScriptAsRawText(ScriptEngine.java:119)
	at com.kms.katalon.core.main.TestCaseExecutor.runScript(TestCaseExecutor.java:337)
	at com.kms.katalon.core.main.TestCaseExecutor.doExecute(TestCaseExecutor.java:328)
	at com.kms.katalon.core.main.TestCaseExecutor.processExecutionPhase(TestCaseExecutor.java:307)
	at com.kms.katalon.core.main.TestCaseExecutor.accessMainPhase(TestCaseExecutor.java:299)
	at com.kms.katalon.core.main.TestCaseExecutor.execute(TestCaseExecutor.java:233)
	at com.kms.katalon.core.main.TestSuiteExecutor.accessTestCaseMainPhase(TestSuiteExecutor.java:169)
	at com.kms.katalon.core.main.TestSuiteExecutor.accessTestSuiteMainPhase(TestSuiteExecutor.java:142)
	at com.kms.katalon.core.main.TestSuiteExecutor.execute(TestSuiteExecutor.java:91)
	at com.kms.katalon.core.main.TestCaseMain.startTestSuite(TestCaseMain.java:157)
	at com.kms.katalon.core.main.TestCaseMain$startTestSuite$0.call(Unknown Source)
	at TempTestSuite1584598607274.run(TempTestSuite1584598607274.groovy:36)
Caused by: org.openqa.selenium.ElementClickInterceptedException: element click intercepted: Element <a href="/admin/categorymanager/index">...</a> is not clickable at point (129, 406). Other element would receive the click: <div class="modal-backdrop in"></div>
  (Session info: chrome=80.0.3987.132)
Build info: version: '3.141.59', revision: 'e82be7d358', time: '2018-11-14T08:25:53'
System info: host: 'ARCADIER-03', ip: '192.168.254.105', os.name: 'Windows 7', os.arch: 'amd64', os.version: '6.1', java.version: '1.8.0_181'
Driver info: com.kms.katalon.core.webui.driver.ExistingRemoteWebDriver
Capabilities {javascriptEnabled: true, platform: ANY, platformName: ANY}
Session ID: 66da7635ded2d355388026ca8e7d8eff
	at org.openqa.selenium.remote.http.W3CHttpResponseCodec.createException(W3CHttpResponseCodec.java:187)
	at org.openqa.selenium.remote.http.W3CHttpResponseCodec.decode(W3CHttpResponseCodec.java:122)
	at org.openqa.selenium.remote.http.W3CHttpResponseCodec.decode(W3CHttpResponseCodec.java:49)
	at org.openqa.selenium.remote.HttpCommandExecutor.execute(HttpCommandExecutor.java:158)
	at org.openqa.selenium.remote.RemoteWebDriver.execute(RemoteWebDriver.java:552)
	at com.kms.katalon.core.webui.driver.ExistingRemoteWebDriver.execute(ExistingRemoteWebDriver.java:108)
	at org.openqa.selenium.remote.RemoteWebElement.execute(RemoteWebElement.java:285)
	at org.openqa.selenium.remote.RemoteWebElement.click(RemoteWebElement.java:84)
	at org.openqa.selenium.support.events.EventFiringWebDriver$EventFiringWebElement.lambda$new$0(EventFiringWebDriver.java:404)
	at com.sun.proxy.$Proxy9.click(Unknown Source)
	at org.openqa.selenium.support.events.EventFiringWebDriver$EventFiringWebElement.click(EventFiringWebDriver.java:417)
	at com.kms.katalon.core.webui.keyword.builtin.ClickKeyword$_click_closure1.doCall(ClickKeyword.groovy:69)
	at com.kms.katalon.core.webui.keyword.builtin.ClickKeyword$_click_closure1.call(ClickKeyword.groovy)
	at com.kms.katalon.core.webui.keyword.internal.WebUIKeywordMain.runKeyword(WebUIKeywordMain.groovy:20)
	at com.kms.katalon.core.webui.keyword.builtin.ClickKeyword.click(ClickKeyword.groovy:76)
	at com.kms.katalon.core.webui.keyword.builtin.ClickKeyword.execute(ClickKeyword.groovy:43)
	at com.kms.katalon.core.keyword.internal.KeywordExecutor.executeKeywordForPlatform(KeywordExecutor.groovy:72)
	at com.kms.katalon.core.webui.keyword.WebUiBuiltInKeywords.click(WebUiBuiltInKeywords.groovy:616)
	at com.kms.katalon.core.webui.keyword.WebUiBuiltInKeywords$click$0.call(Unknown Source)
	at Script1549506362832.run(Script1549506362832.groovy:28)
	... 13 more
)
	at com.kms.katalon.core.keyword.internal.KeywordMain.stepFailed(KeywordMain.groovy:39)
	at com.kms.katalon.core.webui.keyword.internal.WebUIKeywordMain.stepFailed(WebUIKeywordMain.groovy:64)
	at com.kms.katalon.core.webui.keyword.internal.WebUIKeywordMain.runKeyword(WebUIKeywordMain.groovy:26)
	at com.kms.katalon.core.webui.keyword.builtin.ClickKeyword.click(ClickKeyword.groovy:76)
	at com.kms.katalon.core.webui.keyword.builtin.ClickKeyword.execute(ClickKeyword.groovy:43)
	at com.kms.katalon.core.keyword.internal.KeywordExecutor.executeKeywordForPlatform(KeywordExecutor.groovy:72)
	at com.kms.katalon.core.webui.keyword.WebUiBuiltInKeywords.click(WebUiBuiltInKeywords.groovy:616)
	at com.kms.katalon.core.webui.keyword.WebUiBuiltInKeywords$click$0.call(Unknown Source)
	at Add Category.run(Add Category:28)
	at com.kms.katalon.core.main.ScriptEngine.run(ScriptEngine.java:194)
	at com.kms.katalon.core.main.ScriptEngine.runScriptAsRawText(ScriptEngine.java:119)
	at com.kms.katalon.core.main.TestCaseExecutor.runScript(TestCaseExecutor.java:337)
	at com.kms.katalon.core.main.TestCaseExecutor.doExecute(TestCaseExecutor.java:328)
	at com.kms.katalon.core.main.TestCaseExecutor.processExecutionPhase(TestCaseExecutor.java:307)
	at com.kms.katalon.core.main.TestCaseExecutor.accessMainPhase(TestCaseExecutor.java:299)
	at com.kms.katalon.core.main.TestCaseExecutor.execute(TestCaseExecutor.java:233)
	at com.kms.katalon.core.main.TestSuiteExecutor.accessTestCaseMainPhase(TestSuiteExecutor.java:169)
	at com.kms.katalon.core.main.TestSuiteExecutor.accessTestSuiteMainPhase(TestSuiteExecutor.java:142)
	at com.kms.katalon.core.main.TestSuiteExecutor.execute(TestSuiteExecutor.java:91)
	at com.kms.katalon.core.main.TestCaseMain.startTestSuite(TestCaseMain.java:157)
	at com.kms.katalon.core.main.TestCaseMain$startTestSuite$0.call(Unknown Source)
	at TempTestSuite1584598607274.run(TempTestSuite1584598607274.groovy:36)
Caused by: com.kms.katalon.core.exception.StepFailedException: Unable to click on object 'Object Repository/ADMIN/Categories/Category List/button_Categories'
	... 21 more
Caused by: org.openqa.selenium.ElementClickInterceptedException: element click intercepted: Element <a href="/admin/categorymanager/index">...</a> is not clickable at point (129, 406). Other element would receive the click: <div class="modal-backdrop in"></div>
  (Session info: chrome=80.0.3987.132)
Build info: version: '3.141.59', revision: 'e82be7d358', time: '2018-11-14T08:25:53'
System info: host: 'ARCADIER-03', ip: '192.168.254.105', os.name: 'Windows 7', os.arch: 'amd64', os.version: '6.1', java.version: '1.8.0_181'
Driver info: com.kms.katalon.core.webui.driver.ExistingRemoteWebDriver
Capabilities {javascriptEnabled: true, platform: ANY, platformName: ANY}
Session ID: 66da7635ded2d355388026ca8e7d8eff
	at org.openqa.selenium.remote.http.W3CHttpResponseCodec.createException(W3CHttpResponseCodec.java:187)
	at org.openqa.selenium.remote.http.W3CHttpResponseCodec.decode(W3CHttpResponseCodec.java:122)
	at org.openqa.selenium.remote.http.W3CHttpResponseCodec.decode(W3CHttpResponseCodec.java:49)
	at org.openqa.selenium.remote.HttpCommandExecutor.execute(HttpCommandExecutor.java:158)
	at org.openqa.selenium.remote.RemoteWebDriver.execute(RemoteWebDriver.java:552)
	at com.kms.katalon.core.webui.driver.ExistingRemoteWebDriver.execute(ExistingRemoteWebDriver.java:108)
	at org.openqa.selenium.remote.RemoteWebElement.execute(RemoteWebElement.java:285)
	at org.openqa.selenium.remote.RemoteWebElement.click(RemoteWebElement.java:84)
	at org.openqa.selenium.support.events.EventFiringWebDriver$EventFiringWebElement.lambda$new$0(EventFiringWebDriver.java:404)
	at com.sun.proxy.$Proxy9.click(Unknown Source)
	at org.openqa.selenium.support.events.EventFiringWebDriver$EventFiringWebElement.click(EventFiringWebDriver.java:417)
	at com.kms.katalon.core.webui.keyword.builtin.ClickKeyword$_click_closure1.doCall(ClickKeyword.groovy:69)
	at com.kms.katalon.core.webui.keyword.builtin.ClickKeyword$_click_closure1.call(ClickKeyword.groovy)
	at com.kms.katalon.core.webui.keyword.internal.WebUIKeywordMain.runKeyword(WebUIKeywordMain.groovy:20)
	... 19 more]]></system-err>
   </testsuite>
</testsuites>
