<?xml version="1.0" encoding="UTF-8"?>
<testsuites name="Admin Add Custom Fields" time="83" tests="1" failures="0" errors="0">
   <testsuite name="Admin Add Custom Fields" tests="1" failures="0" errors="0" time="83" timestamp="2019-05-27 13:45:25" hostname="Arcadier - Arcadier-PC" id="Test Suites/Suites/Admin Add Custom Fields">
      <properties>
         <property name="deviceName" value=""/>
         <property name="devicePlatform" value=""/>
         <property name="logFolder" value="C:\\Users\\Arcadier\\git\\Arctick\\Reports\\Suites\\Admin Add Custom Fields\\20190527_134523"/>
         <property name="logFiles" value="C:\\Users\\Arcadier\\git\\Arctick\\Reports\\Suites\\Admin Add Custom Fields\\20190527_134523\\execution0.log"/>
         <property name="attachments" value=""/>
         <property name="hostName" value="Arcadier - Arcadier-PC"/>
         <property name="os" value="Windows 7 64bit"/>
         <property name="katalonVersion" value="5.4.2.1"/>
         <property name="browser" value="Chrome 74.0.3729.169"/>
         <property name="hostAddress" value="10.10.31.95"/>
         <property name="sessionId" value="f912d58d04e0ea049492dcdbe1240f08"/>
         <property name="seleniumVersion" value="3.7.1"/>
         <property name="proxyInformation" value="ProxyInformation{proxyOption=NO_PROXY, proxyServerType=HTTP, password=, proxyServerAddress=, proxyServerPort=0}"/>
         <property name="platform" value="Windows 7"/>
      </properties>
      <testcase name="Test Cases/ADMIN/Custom Fields Page/Add Custom Item Fields/Add_Checkbox" classname="Test Cases/ADMIN/Custom Fields Page/Add Custom Item Fields/Add_Checkbox" status="PASSED">
         <system-out><![CDATA[2019-05-27 13:45:25 - [TEST_CASE][PASSED] - Test Cases/ADMIN/Custom Fields Page/Add Custom Item Fields/Add_Checkbox: Test Cases/ADMIN/Custom Fields Page/Add Custom Item Fields/Add_Checkbox

2019-05-27 13:45:26 - [TEST_STEP][PASSED] - waitForElementVisible: Object 'Object Repository/ADMIN/Custom Item Fields List Page/menulink_Content Mgmt.' is visible

2019-05-27 13:45:27 - [MESSAGE][WARNING] - Timeout '0' is invalid. Using default page load timeout: '30'

2019-05-27 13:45:28 - [MESSAGE][PASSED] - Object 'Object Repository/ADMIN/Custom Item Fields List Page/menulink_Content Mgmt.' is visible

2019-05-27 13:45:28 - [TEST_STEP][PASSED] - click: Object: 'Object Repository/ADMIN/Custom Item Fields List Page/menulink_Content Mgmt.' is clicked on

2019-05-27 13:45:29 - [MESSAGE][PASSED] - Object: 'Object Repository/ADMIN/Custom Item Fields List Page/menulink_Content Mgmt.' is clicked on

2019-05-27 13:45:29 - [TEST_STEP][PASSED] - waitForElementVisible: Object 'Object Repository/ADMIN/Custom Item Fields List Page/submenulink_Custom Fields' is visible

2019-05-27 13:45:29 - [MESSAGE][WARNING] - Timeout '0' is invalid. Using default page load timeout: '30'

2019-05-27 13:45:29 - [MESSAGE][PASSED] - Object 'Object Repository/ADMIN/Custom Item Fields List Page/submenulink_Custom Fields' is visible

2019-05-27 13:45:29 - [TEST_STEP][PASSED] - click: Object: 'Object Repository/ADMIN/Custom Item Fields List Page/submenulink_Custom Fields' is clicked on

2019-05-27 13:45:32 - [MESSAGE][PASSED] - Object: 'Object Repository/ADMIN/Custom Item Fields List Page/submenulink_Custom Fields' is clicked on

2019-05-27 13:45:32 - [TEST_STEP][PASSED] - waitForElementVisible: Object 'Object Repository/ADMIN/Custom Item Fields List Page/button_Add Field' is visible

2019-05-27 13:45:32 - [MESSAGE][WARNING] - Timeout '0' is invalid. Using default page load timeout: '30'

2019-05-27 13:45:32 - [MESSAGE][PASSED] - Object 'Object Repository/ADMIN/Custom Item Fields List Page/button_Add Field' is visible

2019-05-27 13:45:32 - [TEST_STEP][PASSED] - click: Object: 'Object Repository/ADMIN/Custom Item Fields List Page/button_Add Field' is clicked on

2019-05-27 13:45:33 - [MESSAGE][PASSED] - Object: 'Object Repository/ADMIN/Custom Item Fields List Page/button_Add Field' is clicked on

2019-05-27 13:45:33 - [TEST_STEP][PASSED] - waitForElementVisible: Object 'Object Repository/ADMIN/Custom Item Fields Page/a_Default/dropdown_fieldtype' is visible

2019-05-27 13:45:33 - [MESSAGE][WARNING] - Timeout '0' is invalid. Using default page load timeout: '30'

2019-05-27 13:45:34 - [MESSAGE][PASSED] - Object 'Object Repository/ADMIN/Custom Item Fields Page/a_Default/dropdown_fieldtype' is visible

2019-05-27 13:45:34 - [TEST_STEP][PASSED] - waitForPageLoad: Wait for page load successfully

2019-05-27 13:45:34 - [MESSAGE][WARNING] - Timeout '0' is invalid. Using default page load timeout: '30'

2019-05-27 13:45:35 - [MESSAGE][PASSED] - Wait for page load successfully

2019-05-27 13:45:35 - [TEST_STEP][PASSED] - click: Object: 'Object Repository/ADMIN/Custom Item Fields Page/a_Default/dropdown_fieldtype' is clicked on

2019-05-27 13:45:35 - [MESSAGE][PASSED] - Object: 'Object Repository/ADMIN/Custom Item Fields Page/a_Default/dropdown_fieldtype' is clicked on

2019-05-27 13:45:35 - [TEST_STEP][PASSED] - delay: Delayed 2 second(s)

2019-05-27 13:45:37 - [MESSAGE][PASSED] - Delayed 2 second(s)

2019-05-27 13:45:37 - [TEST_STEP][PASSED] - selectOptionByLabel: All options with label 'Checkbox' are selected in object 'Object Repository/ADMIN/Custom Item Fields Page/a_Default/dropdown_fieldtype' 

2019-05-27 13:45:37 - [MESSAGE][PASSED] - All options with label 'Checkbox' are selected in object 'Object Repository/ADMIN/Custom Item Fields Page/a_Default/dropdown_fieldtype' 

2019-05-27 13:45:37 - [TEST_STEP][NOT_RUN] - verifyOptionSelectedByLabel: NOT_RUN: verifyOptionSelectedByLabel

2019-05-27 13:45:37 - [MESSAGE][NOT_RUN] - NOT_RUN: verifyOptionSelectedByLabel

2019-05-27 13:45:37 - [TEST_STEP][PASSED] - setText: Text 'Checkbox' is set on object 'Object Repository/ADMIN/Custom Item Fields Page/a_Default/textfield_fieldname'

2019-05-27 13:45:38 - [MESSAGE][PASSED] - Text 'Checkbox' is set on object 'Object Repository/ADMIN/Custom Item Fields Page/a_Default/textfield_fieldname'

2019-05-27 13:45:38 - [TEST_STEP][PASSED] - waitForElementVisible: Object 'Object Repository/ADMIN/Custom Item Fields Page/a_Checkbox/textfield_option1' is visible

2019-05-27 13:45:38 - [MESSAGE][WARNING] - Timeout '0' is invalid. Using default page load timeout: '30'

2019-05-27 13:45:38 - [MESSAGE][PASSED] - Object 'Object Repository/ADMIN/Custom Item Fields Page/a_Checkbox/textfield_option1' is visible

2019-05-27 13:45:38 - [TEST_STEP][PASSED] - click: Object: 'Object Repository/ADMIN/Custom Item Fields Page/a_Checkbox/button_addoption' is clicked on

2019-05-27 13:45:38 - [MESSAGE][PASSED] - Object: 'Object Repository/ADMIN/Custom Item Fields Page/a_Checkbox/button_addoption' is clicked on

2019-05-27 13:45:38 - [TEST_STEP][PASSED] - waitForElementVisible: Object 'Object Repository/ADMIN/Custom Item Fields Page/a_Checkbox/textfield_option3' is visible

2019-05-27 13:45:38 - [MESSAGE][WARNING] - Timeout '0' is invalid. Using default page load timeout: '30'

2019-05-27 13:45:38 - [MESSAGE][PASSED] - Object 'Object Repository/ADMIN/Custom Item Fields Page/a_Checkbox/textfield_option3' is visible

2019-05-27 13:45:38 - [TEST_STEP][PASSED] - click: Object: 'Object Repository/ADMIN/Custom Item Fields Page/a_Checkbox/button_addoption' is clicked on

2019-05-27 13:45:38 - [MESSAGE][PASSED] - Object: 'Object Repository/ADMIN/Custom Item Fields Page/a_Checkbox/button_addoption' is clicked on

2019-05-27 13:45:38 - [TEST_STEP][PASSED] - waitForElementVisible: Object 'Object Repository/ADMIN/Custom Item Fields Page/a_Checkbox/textfield_option4' is visible

2019-05-27 13:45:38 - [MESSAGE][WARNING] - Timeout '0' is invalid. Using default page load timeout: '30'

2019-05-27 13:45:38 - [MESSAGE][PASSED] - Object 'Object Repository/ADMIN/Custom Item Fields Page/a_Checkbox/textfield_option4' is visible

2019-05-27 13:45:38 - [TEST_STEP][PASSED] - click: Object: 'Object Repository/ADMIN/Custom Item Fields Page/a_Checkbox/button_addoption' is clicked on

2019-05-27 13:45:39 - [MESSAGE][PASSED] - Object: 'Object Repository/ADMIN/Custom Item Fields Page/a_Checkbox/button_addoption' is clicked on

2019-05-27 13:45:39 - [TEST_STEP][PASSED] - waitForElementVisible: Object 'Object Repository/ADMIN/Custom Item Fields Page/a_Checkbox/textfield_option5' is visible

2019-05-27 13:45:39 - [MESSAGE][WARNING] - Timeout '0' is invalid. Using default page load timeout: '30'

2019-05-27 13:45:39 - [MESSAGE][PASSED] - Object 'Object Repository/ADMIN/Custom Item Fields Page/a_Checkbox/textfield_option5' is visible

2019-05-27 13:45:39 - [TEST_STEP][PASSED] - setText: Text 'Checkbox 1' is set on object 'Object Repository/ADMIN/Custom Item Fields Page/a_Checkbox/textfield_option1'

2019-05-27 13:45:39 - [MESSAGE][PASSED] - Text 'Checkbox 1' is set on object 'Object Repository/ADMIN/Custom Item Fields Page/a_Checkbox/textfield_option1'

2019-05-27 13:45:39 - [TEST_STEP][PASSED] - setText: Text 'Checkbox 2' is set on object 'Object Repository/ADMIN/Custom Item Fields Page/a_Checkbox/textfield_option2'

2019-05-27 13:45:40 - [MESSAGE][PASSED] - Text 'Checkbox 2' is set on object 'Object Repository/ADMIN/Custom Item Fields Page/a_Checkbox/textfield_option2'

2019-05-27 13:45:40 - [TEST_STEP][PASSED] - setText: Text 'Checkbox 3' is set on object 'Object Repository/ADMIN/Custom Item Fields Page/a_Checkbox/textfield_option3'

2019-05-27 13:45:40 - [MESSAGE][PASSED] - Text 'Checkbox 3' is set on object 'Object Repository/ADMIN/Custom Item Fields Page/a_Checkbox/textfield_option3'

2019-05-27 13:45:40 - [TEST_STEP][PASSED] - setText: Text 'Checkbox 4' is set on object 'Object Repository/ADMIN/Custom Item Fields Page/a_Checkbox/textfield_option4'

2019-05-27 13:45:40 - [MESSAGE][PASSED] - Text 'Checkbox 4' is set on object 'Object Repository/ADMIN/Custom Item Fields Page/a_Checkbox/textfield_option4'

2019-05-27 13:45:40 - [TEST_STEP][PASSED] - setText: Text 'Checkbox 5' is set on object 'Object Repository/ADMIN/Custom Item Fields Page/a_Checkbox/textfield_option5'

2019-05-27 13:45:41 - [MESSAGE][PASSED] - Text 'Checkbox 5' is set on object 'Object Repository/ADMIN/Custom Item Fields Page/a_Checkbox/textfield_option5'

2019-05-27 13:45:41 - [TEST_STEP][PASSED] - click: Object: 'Object Repository/ADMIN/Custom Item Fields Page/a_Default/button_Save1' is clicked on

2019-05-27 13:45:42 - [MESSAGE][PASSED] - Object: 'Object Repository/ADMIN/Custom Item Fields Page/a_Default/button_Save1' is clicked on

2019-05-27 13:45:42 - [TEST_STEP][PASSED] - waitForElementVisible: Web element with id: 'Object Repository/ADMIN/Custom Item Fields Page/a_ToasterMessage/toaster_SuccessfullyAdded' located by 'By.xpath: //div[(text() = 'Custom field was successfully saved.' or . = 'Custom field was successfully saved.')]' not found

2019-05-27 13:45:42 - [MESSAGE][WARNING] - Timeout '0' is invalid. Using default page load timeout: '30'

2019-05-27 13:46:15 - [MESSAGE][WARNING] - Web element with id: 'Object Repository/ADMIN/Custom Item Fields Page/a_ToasterMessage/toaster_SuccessfullyAdded' located by 'By.xpath: //div[(text() = 'Custom field was successfully saved.' or . = 'Custom field was successfully saved.')]' not found

2019-05-27 13:46:15 - [TEST_STEP][PASSED] - waitForElementNotVisible: Web element with id: 'Object Repository/ADMIN/Custom Item Fields Page/a_ToasterMessage/toaster_SuccessfullyAdded' located by 'By.xpath: //div[(text() = 'Custom field was successfully saved.' or . = 'Custom field was successfully saved.')]' not found

2019-05-27 13:46:15 - [MESSAGE][WARNING] - Timeout '0' is invalid. Using default page load timeout: '30'

2019-05-27 13:46:48 - [MESSAGE][WARNING] - Web element with id: 'Object Repository/ADMIN/Custom Item Fields Page/a_ToasterMessage/toaster_SuccessfullyAdded' located by 'By.xpath: //div[(text() = 'Custom field was successfully saved.' or . = 'Custom field was successfully saved.')]' not found]]></system-out>
         <system-err><![CDATA[]]></system-err>
      </testcase>
      <system-out><![CDATA[2019-05-27 13:45:25 - [TEST_SUITE][PASSED] - Admin Add Custom Fields: Test Cases/ADMIN/Custom Fields Page/Add Custom Item Fields/Add_Checkbox]]></system-out>
      <system-err><![CDATA[]]></system-err>
   </testsuite>
</testsuites>
