<?xml version="1.0" encoding="UTF-8"?>
<testsuites name="Bespoke Buyer Pages" time="120.096" tests="17" failures="0" errors="0">
   <testsuite name="Bespoke Buyer Pages" tests="17" failures="0" errors="0" time="120.096" timestamp="2020-03-20 09:51:26" hostname="ARCADIER03 - 192.168.254.105" id="Test Suites/Admin/Language/Edit Text/Bespoke/Buyer Pages/Bespoke Buyer Pages">
      <properties>
         <property name="deviceName" value=""/>
         <property name="devicePlatform" value=""/>
         <property name="logFolder" value="C:\\Katalon\\Arctick\\Reports\\20200320_095123\\Admin\\Language\\Edit Text\\Bespoke\\Buyer Pages\\Bespoke Buyer Pages\\20200320_095123"/>
         <property name="logFiles" value="C:\\Katalon\\Arctick\\Reports\\20200320_095123\\Admin\\Language\\Edit Text\\Bespoke\\Buyer Pages\\Bespoke Buyer Pages\\20200320_095123\\execution0.log"/>
         <property name="attachments" value=""/>
         <property name="hostName" value="ARCADIER03 - 192.168.254.105"/>
         <property name="os" value="Windows 7 64bit"/>
         <property name="katalonVersion" value="7.2.6.1"/>
         <property name="browser" value="Chrome 80.0.3987.149"/>
         <property name="hostAddress" value="192.168.254.105"/>
         <property name="sessionId" value="36d01542543bc6b7e6541b3e6dcbd8a9"/>
         <property name="seleniumVersion" value="3.141.59"/>
         <property name="proxyInformation" value="ProxyInformation{proxyOption=NO_PROXY, proxyServerType=HTTP, password=, proxyServerAddress=, proxyServerPort=0, executionList=}"/>
         <property name="platform" value="Windows 7"/>
      </properties>
      <testcase name="Test Cases/ADMIN/Language/Edit Text/Bespoke/Buyer Pages/Item Details Navigation" time="8.236" classname="Test Cases/ADMIN/Language/Edit Text/Bespoke/Buyer Pages/Item Details Navigation" status="PASSED">
         <system-out><![CDATA[2020-03-20 09:51:26 - [TEST_CASE][PASSED] - Test Cases/ADMIN/Language/Edit Text/Bespoke/Buyer Pages/Item Details Navigation: Test Cases/ADMIN/Language/Edit Text/Bespoke/Buyer Pages/Item Details Navigation

2020-03-20 09:51:27 - [TEST_STEP][PASSED] - waitForElementVisible(findTestObject("ADMIN/Language/sidemenu_Language"), 0): Object 'Object Repository/ADMIN/Language/sidemenu_Language' is visible

2020-03-20 09:51:27 - [MESSAGE][WARNING] - Timeout '0' is invalid. Using default page load timeout: '30'

2020-03-20 09:51:29 - [MESSAGE][PASSED] - Object 'Object Repository/ADMIN/Language/sidemenu_Language' is visible

2020-03-20 09:51:29 - [TEST_STEP][PASSED] - click(findTestObject("ADMIN/Language/sidemenu_Language"), CONTINUE_ON_FAILURE): Object: 'Object Repository/ADMIN/Language/sidemenu_Language' is clicked on

2020-03-20 09:51:29 - [MESSAGE][PASSED] - Object: 'Object Repository/ADMIN/Language/sidemenu_Language' is clicked on

2020-03-20 09:51:29 - [TEST_STEP][PASSED] - waitForElementVisible(findTestObject("ADMIN/Language/sidemenu_Edit Text"), 0): Object 'Object Repository/ADMIN/Language/sidemenu_Edit Text' is visible

2020-03-20 09:51:29 - [MESSAGE][WARNING] - Timeout '0' is invalid. Using default page load timeout: '30'

2020-03-20 09:51:29 - [MESSAGE][PASSED] - Object 'Object Repository/ADMIN/Language/sidemenu_Edit Text' is visible

2020-03-20 09:51:29 - [TEST_STEP][PASSED] - click(findTestObject("ADMIN/Language/sidemenu_Edit Text"), CONTINUE_ON_FAILURE): Object: 'Object Repository/ADMIN/Language/sidemenu_Edit Text' is clicked on

2020-03-20 09:51:31 - [MESSAGE][PASSED] - Object: 'Object Repository/ADMIN/Language/sidemenu_Edit Text' is clicked on

2020-03-20 09:51:31 - [TEST_STEP][PASSED] - waitForElementVisible(findTestObject("ADMIN/Edit Text/Bespoke/Buyer Navigation/icon_dd"), 0): Object 'Object Repository/ADMIN/Edit Text/Bespoke/Buyer Navigation/icon_dd' is visible

2020-03-20 09:51:31 - [MESSAGE][WARNING] - Timeout '0' is invalid. Using default page load timeout: '30'

2020-03-20 09:51:32 - [MESSAGE][PASSED] - Object 'Object Repository/ADMIN/Edit Text/Bespoke/Buyer Navigation/icon_dd' is visible

2020-03-20 09:51:32 - [TEST_STEP][PASSED] - click(findTestObject("ADMIN/Edit Text/Bespoke/Buyer Navigation/icon_dd"), CONTINUE_ON_FAILURE): Object: 'Object Repository/ADMIN/Edit Text/Bespoke/Buyer Navigation/icon_dd' is clicked on

2020-03-20 09:51:32 - [MESSAGE][PASSED] - Object: 'Object Repository/ADMIN/Edit Text/Bespoke/Buyer Navigation/icon_dd' is clicked on

2020-03-20 09:51:32 - [TEST_STEP][PASSED] - waitForElementVisible(findTestObject("ADMIN/Edit Text/Bespoke/Buyer Navigation/textlink_Item Details"), 0): Object 'Object Repository/ADMIN/Edit Text/Bespoke/Buyer Navigation/textlink_Item Details' is visible

2020-03-20 09:51:32 - [MESSAGE][WARNING] - Timeout '0' is invalid. Using default page load timeout: '30'

2020-03-20 09:51:32 - [MESSAGE][PASSED] - Object 'Object Repository/ADMIN/Edit Text/Bespoke/Buyer Navigation/textlink_Item Details' is visible

2020-03-20 09:51:32 - [TEST_STEP][PASSED] - click(findTestObject("ADMIN/Edit Text/Bespoke/Buyer Navigation/textlink_Item Details"), CONTINUE_ON_FAILURE): Object: 'Object Repository/ADMIN/Edit Text/Bespoke/Buyer Navigation/textlink_Item Details' is clicked on

2020-03-20 09:51:33 - [MESSAGE][PASSED] - Object: 'Object Repository/ADMIN/Edit Text/Bespoke/Buyer Navigation/textlink_Item Details' is clicked on

2020-03-20 09:51:33 - [TEST_STEP][PASSED] - waitForElementVisible(findTestObject("ADMIN/Edit Text/Bespoke/Buyer Navigation/dd_language"), 0): Object 'Object Repository/ADMIN/Edit Text/Bespoke/Buyer Navigation/dd_language' is visible

2020-03-20 09:51:34 - [MESSAGE][WARNING] - Timeout '0' is invalid. Using default page load timeout: '30'

2020-03-20 09:51:34 - [MESSAGE][PASSED] - Object 'Object Repository/ADMIN/Edit Text/Bespoke/Buyer Navigation/dd_language' is visible]]></system-out>
         <system-err><![CDATA[]]></system-err>
      </testcase>
      <testcase name="Test Cases/ADMIN/Language/Edit Text/Bespoke/Buyer Pages/Item Details" time="7.589" classname="Test Cases/ADMIN/Language/Edit Text/Bespoke/Buyer Pages/Item Details" status="PASSED">
         <system-out><![CDATA[2020-03-20 09:51:34 - [TEST_CASE][PASSED] - Test Cases/ADMIN/Language/Edit Text/Bespoke/Buyer Pages/Item Details: Test Cases/ADMIN/Language/Edit Text/Bespoke/Buyer Pages/Item Details

2020-03-20 09:51:35 - [TEST_STEP][PASSED] - waitForElementVisible(findTestObject("ADMIN/Edit Text/Bespoke/Buyer Navigation/dd_language"), 0): Object 'Object Repository/ADMIN/Edit Text/Bespoke/Buyer Navigation/dd_language' is visible

2020-03-20 09:51:35 - [MESSAGE][WARNING] - Timeout '0' is invalid. Using default page load timeout: '30'

2020-03-20 09:51:35 - [MESSAGE][PASSED] - Object 'Object Repository/ADMIN/Edit Text/Bespoke/Buyer Navigation/dd_language' is visible

2020-03-20 09:51:35 - [TEST_STEP][PASSED] - selectOptionByLabel(findTestObject("ADMIN/Edit Text/Bespoke/Buyer Navigation/dd_language"), varLanguage, false): All options with label 'French' are selected in object 'Object Repository/ADMIN/Edit Text/Bespoke/Buyer Navigation/dd_language' 

2020-03-20 09:51:36 - [MESSAGE][PASSED] - All options with label 'French' are selected in object 'Object Repository/ADMIN/Edit Text/Bespoke/Buyer Navigation/dd_language' 

2020-03-20 09:51:36 - [TEST_STEP][PASSED] - sendKeys(findTestObject("ADMIN/Edit Text/Bespoke/Buyer Pages/Item Details/input_Positive Feedback_item-feedbak"), "*"): Keys '*' sent to object: 'Object Repository/ADMIN/Edit Text/Bespoke/Buyer Pages/Item Details/input_Positive Feedback_item-feedbak'

2020-03-20 09:51:36 - [MESSAGE][PASSED] - Keys '*' sent to object: 'Object Repository/ADMIN/Edit Text/Bespoke/Buyer Pages/Item Details/input_Positive Feedback_item-feedbak'

2020-03-20 09:51:36 - [TEST_STEP][PASSED] - sendKeys(findTestObject("ADMIN/Edit Text/Bespoke/Buyer Pages/Item Details/input_ADD TO CART_1"), "*"): Keys '*' sent to object: 'Object Repository/ADMIN/Edit Text/Bespoke/Buyer Pages/Item Details/input_ADD TO CART_1'

2020-03-20 09:51:37 - [MESSAGE][PASSED] - Keys '*' sent to object: 'Object Repository/ADMIN/Edit Text/Bespoke/Buyer Pages/Item Details/input_ADD TO CART_1'

2020-03-20 09:51:37 - [TEST_STEP][PASSED] - sendKeys(findTestObject("ADMIN/Edit Text/Bespoke/Buyer Pages/Item Details/input_Quantity_item-qty"), "*"): Keys '*' sent to object: 'Object Repository/ADMIN/Edit Text/Bespoke/Buyer Pages/Item Details/input_Quantity_item-qty'

2020-03-20 09:51:37 - [MESSAGE][PASSED] - Keys '*' sent to object: 'Object Repository/ADMIN/Edit Text/Bespoke/Buyer Pages/Item Details/input_Quantity_item-qty'

2020-03-20 09:51:37 - [TEST_STEP][PASSED] - sendKeys(findTestObject("ADMIN/Edit Text/Bespoke/Buyer Pages/Item Details/input_Only_item-one"), "*"): Keys '*' sent to object: 'Object Repository/ADMIN/Edit Text/Bespoke/Buyer Pages/Item Details/input_Only_item-one'

2020-03-20 09:51:38 - [MESSAGE][PASSED] - Keys '*' sent to object: 'Object Repository/ADMIN/Edit Text/Bespoke/Buyer Pages/Item Details/input_Only_item-one'

2020-03-20 09:51:38 - [TEST_STEP][PASSED] - sendKeys(findTestObject("ADMIN/Edit Text/Bespoke/Buyer Pages/Item Details/input_left_item-left"), "*"): Keys '*' sent to object: 'Object Repository/ADMIN/Edit Text/Bespoke/Buyer Pages/Item Details/input_left_item-left'

2020-03-20 09:51:38 - [MESSAGE][PASSED] - Keys '*' sent to object: 'Object Repository/ADMIN/Edit Text/Bespoke/Buyer Pages/Item Details/input_left_item-left'

2020-03-20 09:51:38 - [TEST_STEP][PASSED] - sendKeys(findTestObject("ADMIN/Edit Text/Bespoke/Buyer Pages/Item Details/input_Out of Stock_text-stock"), "*"): Keys '*' sent to object: 'Object Repository/ADMIN/Edit Text/Bespoke/Buyer Pages/Item Details/input_Out of Stock_text-stock'

2020-03-20 09:51:38 - [MESSAGE][PASSED] - Keys '*' sent to object: 'Object Repository/ADMIN/Edit Text/Bespoke/Buyer Pages/Item Details/input_Out of Stock_text-stock'

2020-03-20 09:51:38 - [TEST_STEP][PASSED] - sendKeys(findTestObject("ADMIN/Edit Text/Bespoke/Buyer Pages/Item Details/input_Description_text-description"), "*"): Keys '*' sent to object: 'Object Repository/ADMIN/Edit Text/Bespoke/Buyer Pages/Item Details/input_Description_text-description'

2020-03-20 09:51:38 - [MESSAGE][PASSED] - Keys '*' sent to object: 'Object Repository/ADMIN/Edit Text/Bespoke/Buyer Pages/Item Details/input_Description_text-description'

2020-03-20 09:51:38 - [TEST_STEP][PASSED] - sendKeys(findTestObject("ADMIN/Edit Text/Bespoke/Buyer Pages/Item Details/input_Show More_text-show-more"), "*"): Keys '*' sent to object: 'Object Repository/ADMIN/Edit Text/Bespoke/Buyer Pages/Item Details/input_Show More_text-show-more'

2020-03-20 09:51:38 - [MESSAGE][PASSED] - Keys '*' sent to object: 'Object Repository/ADMIN/Edit Text/Bespoke/Buyer Pages/Item Details/input_Show More_text-show-more'

2020-03-20 09:51:38 - [TEST_STEP][PASSED] - sendKeys(findTestObject("ADMIN/Edit Text/Bespoke/Buyer Pages/Item Details/input_Show Less_text-show-less"), "*"): Keys '*' sent to object: 'Object Repository/ADMIN/Edit Text/Bespoke/Buyer Pages/Item Details/input_Show Less_text-show-less'

2020-03-20 09:51:38 - [MESSAGE][PASSED] - Keys '*' sent to object: 'Object Repository/ADMIN/Edit Text/Bespoke/Buyer Pages/Item Details/input_Show Less_text-show-less'

2020-03-20 09:51:38 - [TEST_STEP][PASSED] - sendKeys(findTestObject("ADMIN/Edit Text/Bespoke/Buyer Pages/Item Details/input_Choose a delivery method later_text-deliver-method"), "*"): Keys '*' sent to object: 'Object Repository/ADMIN/Edit Text/Bespoke/Buyer Pages/Item Details/input_Choose a delivery method later_text-deliver-method'

2020-03-20 09:51:38 - [MESSAGE][PASSED] - Keys '*' sent to object: 'Object Repository/ADMIN/Edit Text/Bespoke/Buyer Pages/Item Details/input_Choose a delivery method later_text-deliver-method'

2020-03-20 09:51:38 - [TEST_STEP][PASSED] - sendKeys(findTestObject("ADMIN/Edit Text/Bespoke/Buyer Pages/Item Details/input_Delivery_text-delivery"), "*"): Keys '*' sent to object: 'Object Repository/ADMIN/Edit Text/Bespoke/Buyer Pages/Item Details/input_Delivery_text-delivery'

2020-03-20 09:51:38 - [MESSAGE][PASSED] - Keys '*' sent to object: 'Object Repository/ADMIN/Edit Text/Bespoke/Buyer Pages/Item Details/input_Delivery_text-delivery'

2020-03-20 09:51:38 - [TEST_STEP][PASSED] - sendKeys(findTestObject("ADMIN/Edit Text/Bespoke/Buyer Pages/Item Details/input_Pick-Up_text-pickup"), "*"): Keys '*' sent to object: 'Object Repository/ADMIN/Edit Text/Bespoke/Buyer Pages/Item Details/input_Pick-Up_text-pickup'

2020-03-20 09:51:39 - [MESSAGE][PASSED] - Keys '*' sent to object: 'Object Repository/ADMIN/Edit Text/Bespoke/Buyer Pages/Item Details/input_Pick-Up_text-pickup'

2020-03-20 09:51:39 - [TEST_STEP][PASSED] - sendKeys(findTestObject("ADMIN/Edit Text/Bespoke/Buyer Pages/Item Details/input_Contact Seller_btn_add_cart"), "*"): Keys '*' sent to object: 'Object Repository/ADMIN/Edit Text/Bespoke/Buyer Pages/Item Details/input_Contact Seller_btn_add_cart'

2020-03-20 09:51:39 - [MESSAGE][PASSED] - Keys '*' sent to object: 'Object Repository/ADMIN/Edit Text/Bespoke/Buyer Pages/Item Details/input_Contact Seller_btn_add_cart'

2020-03-20 09:51:39 - [TEST_STEP][PASSED] - sendKeys(findTestObject("ADMIN/Edit Text/Bespoke/Buyer Pages/Item Details/input_ADD TO CART_2"), "*"): Keys '*' sent to object: 'Object Repository/ADMIN/Edit Text/Bespoke/Buyer Pages/Item Details/input_ADD TO CART_2'

2020-03-20 09:51:39 - [MESSAGE][PASSED] - Keys '*' sent to object: 'Object Repository/ADMIN/Edit Text/Bespoke/Buyer Pages/Item Details/input_ADD TO CART_2'

2020-03-20 09:51:39 - [TEST_STEP][PASSED] - sendKeys(findTestObject("ADMIN/Edit Text/Bespoke/Buyer Pages/Item Details/input_THIS ITEM HAS BEEN ADDED_item-has-been-added"), "*"): Keys '*' sent to object: 'Object Repository/ADMIN/Edit Text/Bespoke/Buyer Pages/Item Details/input_THIS ITEM HAS BEEN ADDED_item-has-been-added'

2020-03-20 09:51:39 - [MESSAGE][PASSED] - Keys '*' sent to object: 'Object Repository/ADMIN/Edit Text/Bespoke/Buyer Pages/Item Details/input_THIS ITEM HAS BEEN ADDED_item-has-been-added'

2020-03-20 09:51:39 - [TEST_STEP][PASSED] - sendKeys(findTestObject("ADMIN/Edit Text/Bespoke/Buyer Pages/Item Details/input_VIEW CART_btn_view_cart"), "*"): Keys '*' sent to object: 'Object Repository/ADMIN/Edit Text/Bespoke/Buyer Pages/Item Details/input_VIEW CART_btn_view_cart'

2020-03-20 09:51:39 - [MESSAGE][PASSED] - Keys '*' sent to object: 'Object Repository/ADMIN/Edit Text/Bespoke/Buyer Pages/Item Details/input_VIEW CART_btn_view_cart'

2020-03-20 09:51:39 - [TEST_STEP][PASSED] - sendKeys(findTestObject("ADMIN/Edit Text/Bespoke/Buyer Pages/Item Details/input_Reviews_reviews"), "*"): Keys '*' sent to object: 'Object Repository/ADMIN/Edit Text/Bespoke/Buyer Pages/Item Details/input_Reviews_reviews'

2020-03-20 09:51:40 - [MESSAGE][PASSED] - Keys '*' sent to object: 'Object Repository/ADMIN/Edit Text/Bespoke/Buyer Pages/Item Details/input_Reviews_reviews'

2020-03-20 09:51:40 - [TEST_STEP][PASSED] - sendKeys(findTestObject("ADMIN/Edit Text/Bespoke/Buyer Pages/Item Details/input_Rating Summary_rating-summary"), "*"): Keys '*' sent to object: 'Object Repository/ADMIN/Edit Text/Bespoke/Buyer Pages/Item Details/input_Rating Summary_rating-summary'

2020-03-20 09:51:40 - [MESSAGE][PASSED] - Keys '*' sent to object: 'Object Repository/ADMIN/Edit Text/Bespoke/Buyer Pages/Item Details/input_Rating Summary_rating-summary'

2020-03-20 09:51:40 - [TEST_STEP][PASSED] - sendKeys(findTestObject("ADMIN/Edit Text/Bespoke/Buyer Pages/Item Details/input_Positive Feedback_positive-feedback"), "*"): Keys '*' sent to object: 'Object Repository/ADMIN/Edit Text/Bespoke/Buyer Pages/Item Details/input_Positive Feedback_positive-feedback'

2020-03-20 09:51:40 - [MESSAGE][PASSED] - Keys '*' sent to object: 'Object Repository/ADMIN/Edit Text/Bespoke/Buyer Pages/Item Details/input_Positive Feedback_positive-feedback'

2020-03-20 09:51:40 - [TEST_STEP][PASSED] - sendKeys(findTestObject("ADMIN/Edit Text/Bespoke/Buyer Pages/Item Details/input_Excellent_excellent"), "*"): Keys '*' sent to object: 'Object Repository/ADMIN/Edit Text/Bespoke/Buyer Pages/Item Details/input_Excellent_excellent'

2020-03-20 09:51:40 - [MESSAGE][PASSED] - Keys '*' sent to object: 'Object Repository/ADMIN/Edit Text/Bespoke/Buyer Pages/Item Details/input_Excellent_excellent'

2020-03-20 09:51:40 - [TEST_STEP][PASSED] - sendKeys(findTestObject("ADMIN/Edit Text/Bespoke/Buyer Pages/Item Details/input_Great_great"), "*"): Keys '*' sent to object: 'Object Repository/ADMIN/Edit Text/Bespoke/Buyer Pages/Item Details/input_Great_great'

2020-03-20 09:51:40 - [MESSAGE][PASSED] - Keys '*' sent to object: 'Object Repository/ADMIN/Edit Text/Bespoke/Buyer Pages/Item Details/input_Great_great'

2020-03-20 09:51:40 - [TEST_STEP][PASSED] - sendKeys(findTestObject("ADMIN/Edit Text/Bespoke/Buyer Pages/Item Details/input_Good_good"), "*"): Keys '*' sent to object: 'Object Repository/ADMIN/Edit Text/Bespoke/Buyer Pages/Item Details/input_Good_good'

2020-03-20 09:51:40 - [MESSAGE][PASSED] - Keys '*' sent to object: 'Object Repository/ADMIN/Edit Text/Bespoke/Buyer Pages/Item Details/input_Good_good'

2020-03-20 09:51:40 - [TEST_STEP][PASSED] - sendKeys(findTestObject("ADMIN/Edit Text/Bespoke/Buyer Pages/Item Details/input_Okay_ok"), "*"): Keys '*' sent to object: 'Object Repository/ADMIN/Edit Text/Bespoke/Buyer Pages/Item Details/input_Okay_ok'

2020-03-20 09:51:40 - [MESSAGE][PASSED] - Keys '*' sent to object: 'Object Repository/ADMIN/Edit Text/Bespoke/Buyer Pages/Item Details/input_Okay_ok'

2020-03-20 09:51:40 - [TEST_STEP][PASSED] - sendKeys(findTestObject("ADMIN/Edit Text/Bespoke/Buyer Pages/Item Details/input_Unsatisfied_Unsatisfied"), "*"): Keys '*' sent to object: 'Object Repository/ADMIN/Edit Text/Bespoke/Buyer Pages/Item Details/input_Unsatisfied_Unsatisfied'

2020-03-20 09:51:41 - [MESSAGE][PASSED] - Keys '*' sent to object: 'Object Repository/ADMIN/Edit Text/Bespoke/Buyer Pages/Item Details/input_Unsatisfied_Unsatisfied'

2020-03-20 09:51:41 - [TEST_STEP][PASSED] - sendKeys(findTestObject("ADMIN/Edit Text/Bespoke/Buyer Pages/Item Details/input_Reply from_reply-from"), "*"): Keys '*' sent to object: 'Object Repository/ADMIN/Edit Text/Bespoke/Buyer Pages/Item Details/input_Reply from_reply-from'

2020-03-20 09:51:41 - [MESSAGE][PASSED] - Keys '*' sent to object: 'Object Repository/ADMIN/Edit Text/Bespoke/Buyer Pages/Item Details/input_Reply from_reply-from'

2020-03-20 09:51:41 - [TEST_STEP][PASSED] - sendKeys(findTestObject("ADMIN/Edit Text/Bespoke/Buyer Pages/Item Details/input_Reply_btn_view_cart"), "*"): Keys '*' sent to object: 'Object Repository/ADMIN/Edit Text/Bespoke/Buyer Pages/Item Details/input_Reply_btn_view_cart'

2020-03-20 09:51:41 - [MESSAGE][PASSED] - Keys '*' sent to object: 'Object Repository/ADMIN/Edit Text/Bespoke/Buyer Pages/Item Details/input_Reply_btn_view_cart'

2020-03-20 09:51:41 - [TEST_STEP][PASSED] - sendKeys(findTestObject("ADMIN/Edit Text/Bespoke/Buyer Pages/Item Details/input_REPLY TO_reply"), "*"): Keys '*' sent to object: 'Object Repository/ADMIN/Edit Text/Bespoke/Buyer Pages/Item Details/input_REPLY TO_reply'

2020-03-20 09:51:41 - [MESSAGE][PASSED] - Keys '*' sent to object: 'Object Repository/ADMIN/Edit Text/Bespoke/Buyer Pages/Item Details/input_REPLY TO_reply'

2020-03-20 09:51:41 - [TEST_STEP][PASSED] - sendKeys(findTestObject("ADMIN/Edit Text/Bespoke/Buyer Pages/Item Details/input_Leave a comment_leave-comment"), "*"): Keys '*' sent to object: 'Object Repository/ADMIN/Edit Text/Bespoke/Buyer Pages/Item Details/input_Leave a comment_leave-comment'

2020-03-20 09:51:41 - [MESSAGE][PASSED] - Keys '*' sent to object: 'Object Repository/ADMIN/Edit Text/Bespoke/Buyer Pages/Item Details/input_Leave a comment_leave-comment'

2020-03-20 09:51:41 - [TEST_STEP][PASSED] - sendKeys(findTestObject("ADMIN/Edit Text/Bespoke/Buyer Pages/Item Details/input_SUBMIT_btn_submit"), "*"): Keys '*' sent to object: 'Object Repository/ADMIN/Edit Text/Bespoke/Buyer Pages/Item Details/input_SUBMIT_btn_submit'

2020-03-20 09:51:41 - [MESSAGE][PASSED] - Keys '*' sent to object: 'Object Repository/ADMIN/Edit Text/Bespoke/Buyer Pages/Item Details/input_SUBMIT_btn_submit'

2020-03-20 09:51:41 - [TEST_STEP][PASSED] - click(findTestObject("ADMIN/Edit Text/Bespoke/Buyer Pages/Homepage/button_save"), CONTINUE_ON_FAILURE): Object: 'Object Repository/ADMIN/Edit Text/Bespoke/Buyer Pages/Homepage/button_save' is clicked on

2020-03-20 09:51:41 - [MESSAGE][PASSED] - Object: 'Object Repository/ADMIN/Edit Text/Bespoke/Buyer Pages/Homepage/button_save' is clicked on

2020-03-20 09:51:41 - [TEST_STEP][PASSED] - waitForElementVisible(findTestObject("ADMIN/Edit Text/Bespoke/Buyer Pages/Homepage/toaster_success"), 0): Object 'Object Repository/ADMIN/Edit Text/Bespoke/Buyer Pages/Homepage/toaster_success' is visible

2020-03-20 09:51:41 - [MESSAGE][WARNING] - Timeout '0' is invalid. Using default page load timeout: '30'

2020-03-20 09:51:42 - [MESSAGE][PASSED] - Object 'Object Repository/ADMIN/Edit Text/Bespoke/Buyer Pages/Homepage/toaster_success' is visible]]></system-out>
         <system-err><![CDATA[]]></system-err>
      </testcase>
      <testcase name="Test Cases/ADMIN/Language/Edit Text/Bespoke/Buyer Pages/Item Details" time="7.852" classname="Test Cases/ADMIN/Language/Edit Text/Bespoke/Buyer Pages/Item Details" status="PASSED">
         <system-out><![CDATA[2020-03-20 09:51:42 - [TEST_CASE][PASSED] - Test Cases/ADMIN/Language/Edit Text/Bespoke/Buyer Pages/Item Details: Test Cases/ADMIN/Language/Edit Text/Bespoke/Buyer Pages/Item Details

2020-03-20 09:51:42 - [TEST_STEP][PASSED] - waitForElementVisible(findTestObject("ADMIN/Edit Text/Bespoke/Buyer Navigation/dd_language"), 0): Object 'Object Repository/ADMIN/Edit Text/Bespoke/Buyer Navigation/dd_language' is visible

2020-03-20 09:51:42 - [MESSAGE][WARNING] - Timeout '0' is invalid. Using default page load timeout: '30'

2020-03-20 09:51:42 - [MESSAGE][PASSED] - Object 'Object Repository/ADMIN/Edit Text/Bespoke/Buyer Navigation/dd_language' is visible

2020-03-20 09:51:42 - [TEST_STEP][PASSED] - selectOptionByLabel(findTestObject("ADMIN/Edit Text/Bespoke/Buyer Navigation/dd_language"), varLanguage, false): All options with label 'Spanish' are selected in object 'Object Repository/ADMIN/Edit Text/Bespoke/Buyer Navigation/dd_language' 

2020-03-20 09:51:43 - [MESSAGE][PASSED] - All options with label 'Spanish' are selected in object 'Object Repository/ADMIN/Edit Text/Bespoke/Buyer Navigation/dd_language' 

2020-03-20 09:51:43 - [TEST_STEP][PASSED] - sendKeys(findTestObject("ADMIN/Edit Text/Bespoke/Buyer Pages/Item Details/input_Positive Feedback_item-feedbak"), "*"): Keys '*' sent to object: 'Object Repository/ADMIN/Edit Text/Bespoke/Buyer Pages/Item Details/input_Positive Feedback_item-feedbak'

2020-03-20 09:51:44 - [MESSAGE][PASSED] - Keys '*' sent to object: 'Object Repository/ADMIN/Edit Text/Bespoke/Buyer Pages/Item Details/input_Positive Feedback_item-feedbak'

2020-03-20 09:51:44 - [TEST_STEP][PASSED] - sendKeys(findTestObject("ADMIN/Edit Text/Bespoke/Buyer Pages/Item Details/input_ADD TO CART_1"), "*"): Keys '*' sent to object: 'Object Repository/ADMIN/Edit Text/Bespoke/Buyer Pages/Item Details/input_ADD TO CART_1'

2020-03-20 09:51:44 - [MESSAGE][PASSED] - Keys '*' sent to object: 'Object Repository/ADMIN/Edit Text/Bespoke/Buyer Pages/Item Details/input_ADD TO CART_1'

2020-03-20 09:51:44 - [TEST_STEP][PASSED] - sendKeys(findTestObject("ADMIN/Edit Text/Bespoke/Buyer Pages/Item Details/input_Quantity_item-qty"), "*"): Keys '*' sent to object: 'Object Repository/ADMIN/Edit Text/Bespoke/Buyer Pages/Item Details/input_Quantity_item-qty'

2020-03-20 09:51:45 - [MESSAGE][PASSED] - Keys '*' sent to object: 'Object Repository/ADMIN/Edit Text/Bespoke/Buyer Pages/Item Details/input_Quantity_item-qty'

2020-03-20 09:51:45 - [TEST_STEP][PASSED] - sendKeys(findTestObject("ADMIN/Edit Text/Bespoke/Buyer Pages/Item Details/input_Only_item-one"), "*"): Keys '*' sent to object: 'Object Repository/ADMIN/Edit Text/Bespoke/Buyer Pages/Item Details/input_Only_item-one'

2020-03-20 09:51:45 - [MESSAGE][PASSED] - Keys '*' sent to object: 'Object Repository/ADMIN/Edit Text/Bespoke/Buyer Pages/Item Details/input_Only_item-one'

2020-03-20 09:51:45 - [TEST_STEP][PASSED] - sendKeys(findTestObject("ADMIN/Edit Text/Bespoke/Buyer Pages/Item Details/input_left_item-left"), "*"): Keys '*' sent to object: 'Object Repository/ADMIN/Edit Text/Bespoke/Buyer Pages/Item Details/input_left_item-left'

2020-03-20 09:51:45 - [MESSAGE][PASSED] - Keys '*' sent to object: 'Object Repository/ADMIN/Edit Text/Bespoke/Buyer Pages/Item Details/input_left_item-left'

2020-03-20 09:51:45 - [TEST_STEP][PASSED] - sendKeys(findTestObject("ADMIN/Edit Text/Bespoke/Buyer Pages/Item Details/input_Out of Stock_text-stock"), "*"): Keys '*' sent to object: 'Object Repository/ADMIN/Edit Text/Bespoke/Buyer Pages/Item Details/input_Out of Stock_text-stock'

2020-03-20 09:51:45 - [MESSAGE][PASSED] - Keys '*' sent to object: 'Object Repository/ADMIN/Edit Text/Bespoke/Buyer Pages/Item Details/input_Out of Stock_text-stock'

2020-03-20 09:51:45 - [TEST_STEP][PASSED] - sendKeys(findTestObject("ADMIN/Edit Text/Bespoke/Buyer Pages/Item Details/input_Description_text-description"), "*"): Keys '*' sent to object: 'Object Repository/ADMIN/Edit Text/Bespoke/Buyer Pages/Item Details/input_Description_text-description'

2020-03-20 09:51:46 - [MESSAGE][PASSED] - Keys '*' sent to object: 'Object Repository/ADMIN/Edit Text/Bespoke/Buyer Pages/Item Details/input_Description_text-description'

2020-03-20 09:51:46 - [TEST_STEP][PASSED] - sendKeys(findTestObject("ADMIN/Edit Text/Bespoke/Buyer Pages/Item Details/input_Show More_text-show-more"), "*"): Keys '*' sent to object: 'Object Repository/ADMIN/Edit Text/Bespoke/Buyer Pages/Item Details/input_Show More_text-show-more'

2020-03-20 09:51:46 - [MESSAGE][PASSED] - Keys '*' sent to object: 'Object Repository/ADMIN/Edit Text/Bespoke/Buyer Pages/Item Details/input_Show More_text-show-more'

2020-03-20 09:51:46 - [TEST_STEP][PASSED] - sendKeys(findTestObject("ADMIN/Edit Text/Bespoke/Buyer Pages/Item Details/input_Show Less_text-show-less"), "*"): Keys '*' sent to object: 'Object Repository/ADMIN/Edit Text/Bespoke/Buyer Pages/Item Details/input_Show Less_text-show-less'

2020-03-20 09:51:46 - [MESSAGE][PASSED] - Keys '*' sent to object: 'Object Repository/ADMIN/Edit Text/Bespoke/Buyer Pages/Item Details/input_Show Less_text-show-less'

2020-03-20 09:51:46 - [TEST_STEP][PASSED] - sendKeys(findTestObject("ADMIN/Edit Text/Bespoke/Buyer Pages/Item Details/input_Choose a delivery method later_text-deliver-method"), "*"): Keys '*' sent to object: 'Object Repository/ADMIN/Edit Text/Bespoke/Buyer Pages/Item Details/input_Choose a delivery method later_text-deliver-method'

2020-03-20 09:51:46 - [MESSAGE][PASSED] - Keys '*' sent to object: 'Object Repository/ADMIN/Edit Text/Bespoke/Buyer Pages/Item Details/input_Choose a delivery method later_text-deliver-method'

2020-03-20 09:51:46 - [TEST_STEP][PASSED] - sendKeys(findTestObject("ADMIN/Edit Text/Bespoke/Buyer Pages/Item Details/input_Delivery_text-delivery"), "*"): Keys '*' sent to object: 'Object Repository/ADMIN/Edit Text/Bespoke/Buyer Pages/Item Details/input_Delivery_text-delivery'

2020-03-20 09:51:46 - [MESSAGE][PASSED] - Keys '*' sent to object: 'Object Repository/ADMIN/Edit Text/Bespoke/Buyer Pages/Item Details/input_Delivery_text-delivery'

2020-03-20 09:51:46 - [TEST_STEP][PASSED] - sendKeys(findTestObject("ADMIN/Edit Text/Bespoke/Buyer Pages/Item Details/input_Pick-Up_text-pickup"), "*"): Keys '*' sent to object: 'Object Repository/ADMIN/Edit Text/Bespoke/Buyer Pages/Item Details/input_Pick-Up_text-pickup'

2020-03-20 09:51:46 - [MESSAGE][PASSED] - Keys '*' sent to object: 'Object Repository/ADMIN/Edit Text/Bespoke/Buyer Pages/Item Details/input_Pick-Up_text-pickup'

2020-03-20 09:51:46 - [TEST_STEP][PASSED] - sendKeys(findTestObject("ADMIN/Edit Text/Bespoke/Buyer Pages/Item Details/input_Contact Seller_btn_add_cart"), "*"): Keys '*' sent to object: 'Object Repository/ADMIN/Edit Text/Bespoke/Buyer Pages/Item Details/input_Contact Seller_btn_add_cart'

2020-03-20 09:51:47 - [MESSAGE][PASSED] - Keys '*' sent to object: 'Object Repository/ADMIN/Edit Text/Bespoke/Buyer Pages/Item Details/input_Contact Seller_btn_add_cart'

2020-03-20 09:51:47 - [TEST_STEP][PASSED] - sendKeys(findTestObject("ADMIN/Edit Text/Bespoke/Buyer Pages/Item Details/input_ADD TO CART_2"), "*"): Keys '*' sent to object: 'Object Repository/ADMIN/Edit Text/Bespoke/Buyer Pages/Item Details/input_ADD TO CART_2'

2020-03-20 09:51:47 - [MESSAGE][PASSED] - Keys '*' sent to object: 'Object Repository/ADMIN/Edit Text/Bespoke/Buyer Pages/Item Details/input_ADD TO CART_2'

2020-03-20 09:51:47 - [TEST_STEP][PASSED] - sendKeys(findTestObject("ADMIN/Edit Text/Bespoke/Buyer Pages/Item Details/input_THIS ITEM HAS BEEN ADDED_item-has-been-added"), "*"): Keys '*' sent to object: 'Object Repository/ADMIN/Edit Text/Bespoke/Buyer Pages/Item Details/input_THIS ITEM HAS BEEN ADDED_item-has-been-added'

2020-03-20 09:51:47 - [MESSAGE][PASSED] - Keys '*' sent to object: 'Object Repository/ADMIN/Edit Text/Bespoke/Buyer Pages/Item Details/input_THIS ITEM HAS BEEN ADDED_item-has-been-added'

2020-03-20 09:51:47 - [TEST_STEP][PASSED] - sendKeys(findTestObject("ADMIN/Edit Text/Bespoke/Buyer Pages/Item Details/input_VIEW CART_btn_view_cart"), "*"): Keys '*' sent to object: 'Object Repository/ADMIN/Edit Text/Bespoke/Buyer Pages/Item Details/input_VIEW CART_btn_view_cart'

2020-03-20 09:51:47 - [MESSAGE][PASSED] - Keys '*' sent to object: 'Object Repository/ADMIN/Edit Text/Bespoke/Buyer Pages/Item Details/input_VIEW CART_btn_view_cart'

2020-03-20 09:51:47 - [TEST_STEP][PASSED] - sendKeys(findTestObject("ADMIN/Edit Text/Bespoke/Buyer Pages/Item Details/input_Reviews_reviews"), "*"): Keys '*' sent to object: 'Object Repository/ADMIN/Edit Text/Bespoke/Buyer Pages/Item Details/input_Reviews_reviews'

2020-03-20 09:51:47 - [MESSAGE][PASSED] - Keys '*' sent to object: 'Object Repository/ADMIN/Edit Text/Bespoke/Buyer Pages/Item Details/input_Reviews_reviews'

2020-03-20 09:51:47 - [TEST_STEP][PASSED] - sendKeys(findTestObject("ADMIN/Edit Text/Bespoke/Buyer Pages/Item Details/input_Rating Summary_rating-summary"), "*"): Keys '*' sent to object: 'Object Repository/ADMIN/Edit Text/Bespoke/Buyer Pages/Item Details/input_Rating Summary_rating-summary'

2020-03-20 09:51:47 - [MESSAGE][PASSED] - Keys '*' sent to object: 'Object Repository/ADMIN/Edit Text/Bespoke/Buyer Pages/Item Details/input_Rating Summary_rating-summary'

2020-03-20 09:51:47 - [TEST_STEP][PASSED] - sendKeys(findTestObject("ADMIN/Edit Text/Bespoke/Buyer Pages/Item Details/input_Positive Feedback_positive-feedback"), "*"): Keys '*' sent to object: 'Object Repository/ADMIN/Edit Text/Bespoke/Buyer Pages/Item Details/input_Positive Feedback_positive-feedback'

2020-03-20 09:51:47 - [MESSAGE][PASSED] - Keys '*' sent to object: 'Object Repository/ADMIN/Edit Text/Bespoke/Buyer Pages/Item Details/input_Positive Feedback_positive-feedback'

2020-03-20 09:51:47 - [TEST_STEP][PASSED] - sendKeys(findTestObject("ADMIN/Edit Text/Bespoke/Buyer Pages/Item Details/input_Excellent_excellent"), "*"): Keys '*' sent to object: 'Object Repository/ADMIN/Edit Text/Bespoke/Buyer Pages/Item Details/input_Excellent_excellent'

2020-03-20 09:51:48 - [MESSAGE][PASSED] - Keys '*' sent to object: 'Object Repository/ADMIN/Edit Text/Bespoke/Buyer Pages/Item Details/input_Excellent_excellent'

2020-03-20 09:51:48 - [TEST_STEP][PASSED] - sendKeys(findTestObject("ADMIN/Edit Text/Bespoke/Buyer Pages/Item Details/input_Great_great"), "*"): Keys '*' sent to object: 'Object Repository/ADMIN/Edit Text/Bespoke/Buyer Pages/Item Details/input_Great_great'

2020-03-20 09:51:48 - [MESSAGE][PASSED] - Keys '*' sent to object: 'Object Repository/ADMIN/Edit Text/Bespoke/Buyer Pages/Item Details/input_Great_great'

2020-03-20 09:51:48 - [TEST_STEP][PASSED] - sendKeys(findTestObject("ADMIN/Edit Text/Bespoke/Buyer Pages/Item Details/input_Good_good"), "*"): Keys '*' sent to object: 'Object Repository/ADMIN/Edit Text/Bespoke/Buyer Pages/Item Details/input_Good_good'

2020-03-20 09:51:48 - [MESSAGE][PASSED] - Keys '*' sent to object: 'Object Repository/ADMIN/Edit Text/Bespoke/Buyer Pages/Item Details/input_Good_good'

2020-03-20 09:51:48 - [TEST_STEP][PASSED] - sendKeys(findTestObject("ADMIN/Edit Text/Bespoke/Buyer Pages/Item Details/input_Okay_ok"), "*"): Keys '*' sent to object: 'Object Repository/ADMIN/Edit Text/Bespoke/Buyer Pages/Item Details/input_Okay_ok'

2020-03-20 09:51:48 - [MESSAGE][PASSED] - Keys '*' sent to object: 'Object Repository/ADMIN/Edit Text/Bespoke/Buyer Pages/Item Details/input_Okay_ok'

2020-03-20 09:51:48 - [TEST_STEP][PASSED] - sendKeys(findTestObject("ADMIN/Edit Text/Bespoke/Buyer Pages/Item Details/input_Unsatisfied_Unsatisfied"), "*"): Keys '*' sent to object: 'Object Repository/ADMIN/Edit Text/Bespoke/Buyer Pages/Item Details/input_Unsatisfied_Unsatisfied'

2020-03-20 09:51:48 - [MESSAGE][PASSED] - Keys '*' sent to object: 'Object Repository/ADMIN/Edit Text/Bespoke/Buyer Pages/Item Details/input_Unsatisfied_Unsatisfied'

2020-03-20 09:51:48 - [TEST_STEP][PASSED] - sendKeys(findTestObject("ADMIN/Edit Text/Bespoke/Buyer Pages/Item Details/input_Reply from_reply-from"), "*"): Keys '*' sent to object: 'Object Repository/ADMIN/Edit Text/Bespoke/Buyer Pages/Item Details/input_Reply from_reply-from'

2020-03-20 09:51:48 - [MESSAGE][PASSED] - Keys '*' sent to object: 'Object Repository/ADMIN/Edit Text/Bespoke/Buyer Pages/Item Details/input_Reply from_reply-from'

2020-03-20 09:51:48 - [TEST_STEP][PASSED] - sendKeys(findTestObject("ADMIN/Edit Text/Bespoke/Buyer Pages/Item Details/input_Reply_btn_view_cart"), "*"): Keys '*' sent to object: 'Object Repository/ADMIN/Edit Text/Bespoke/Buyer Pages/Item Details/input_Reply_btn_view_cart'

2020-03-20 09:51:48 - [MESSAGE][PASSED] - Keys '*' sent to object: 'Object Repository/ADMIN/Edit Text/Bespoke/Buyer Pages/Item Details/input_Reply_btn_view_cart'

2020-03-20 09:51:48 - [TEST_STEP][PASSED] - sendKeys(findTestObject("ADMIN/Edit Text/Bespoke/Buyer Pages/Item Details/input_REPLY TO_reply"), "*"): Keys '*' sent to object: 'Object Repository/ADMIN/Edit Text/Bespoke/Buyer Pages/Item Details/input_REPLY TO_reply'

2020-03-20 09:51:49 - [MESSAGE][PASSED] - Keys '*' sent to object: 'Object Repository/ADMIN/Edit Text/Bespoke/Buyer Pages/Item Details/input_REPLY TO_reply'

2020-03-20 09:51:49 - [TEST_STEP][PASSED] - sendKeys(findTestObject("ADMIN/Edit Text/Bespoke/Buyer Pages/Item Details/input_Leave a comment_leave-comment"), "*"): Keys '*' sent to object: 'Object Repository/ADMIN/Edit Text/Bespoke/Buyer Pages/Item Details/input_Leave a comment_leave-comment'

2020-03-20 09:51:49 - [MESSAGE][PASSED] - Keys '*' sent to object: 'Object Repository/ADMIN/Edit Text/Bespoke/Buyer Pages/Item Details/input_Leave a comment_leave-comment'

2020-03-20 09:51:49 - [TEST_STEP][PASSED] - sendKeys(findTestObject("ADMIN/Edit Text/Bespoke/Buyer Pages/Item Details/input_SUBMIT_btn_submit"), "*"): Keys '*' sent to object: 'Object Repository/ADMIN/Edit Text/Bespoke/Buyer Pages/Item Details/input_SUBMIT_btn_submit'

2020-03-20 09:51:49 - [MESSAGE][PASSED] - Keys '*' sent to object: 'Object Repository/ADMIN/Edit Text/Bespoke/Buyer Pages/Item Details/input_SUBMIT_btn_submit'

2020-03-20 09:51:49 - [TEST_STEP][PASSED] - click(findTestObject("ADMIN/Edit Text/Bespoke/Buyer Pages/Homepage/button_save"), CONTINUE_ON_FAILURE): Object: 'Object Repository/ADMIN/Edit Text/Bespoke/Buyer Pages/Homepage/button_save' is clicked on

2020-03-20 09:51:49 - [MESSAGE][PASSED] - Object: 'Object Repository/ADMIN/Edit Text/Bespoke/Buyer Pages/Homepage/button_save' is clicked on

2020-03-20 09:51:49 - [TEST_STEP][PASSED] - waitForElementVisible(findTestObject("ADMIN/Edit Text/Bespoke/Buyer Pages/Homepage/toaster_success"), 0): Object 'Object Repository/ADMIN/Edit Text/Bespoke/Buyer Pages/Homepage/toaster_success' is visible

2020-03-20 09:51:49 - [MESSAGE][WARNING] - Timeout '0' is invalid. Using default page load timeout: '30'

2020-03-20 09:51:50 - [MESSAGE][PASSED] - Object 'Object Repository/ADMIN/Edit Text/Bespoke/Buyer Pages/Homepage/toaster_success' is visible]]></system-out>
         <system-err><![CDATA[]]></system-err>
      </testcase>
      <testcase name="Test Cases/ADMIN/Language/Edit Text/Bespoke/Buyer Pages/Item Details" time="7.085" classname="Test Cases/ADMIN/Language/Edit Text/Bespoke/Buyer Pages/Item Details" status="PASSED">
         <system-out><![CDATA[2020-03-20 09:51:50 - [TEST_CASE][PASSED] - Test Cases/ADMIN/Language/Edit Text/Bespoke/Buyer Pages/Item Details: Test Cases/ADMIN/Language/Edit Text/Bespoke/Buyer Pages/Item Details

2020-03-20 09:51:50 - [TEST_STEP][PASSED] - waitForElementVisible(findTestObject("ADMIN/Edit Text/Bespoke/Buyer Navigation/dd_language"), 0): Object 'Object Repository/ADMIN/Edit Text/Bespoke/Buyer Navigation/dd_language' is visible

2020-03-20 09:51:50 - [MESSAGE][WARNING] - Timeout '0' is invalid. Using default page load timeout: '30'

2020-03-20 09:51:50 - [MESSAGE][PASSED] - Object 'Object Repository/ADMIN/Edit Text/Bespoke/Buyer Navigation/dd_language' is visible

2020-03-20 09:51:50 - [TEST_STEP][PASSED] - selectOptionByLabel(findTestObject("ADMIN/Edit Text/Bespoke/Buyer Navigation/dd_language"), varLanguage, false): All options with label 'Hindi' are selected in object 'Object Repository/ADMIN/Edit Text/Bespoke/Buyer Navigation/dd_language' 

2020-03-20 09:51:51 - [MESSAGE][PASSED] - All options with label 'Hindi' are selected in object 'Object Repository/ADMIN/Edit Text/Bespoke/Buyer Navigation/dd_language' 

2020-03-20 09:51:51 - [TEST_STEP][PASSED] - sendKeys(findTestObject("ADMIN/Edit Text/Bespoke/Buyer Pages/Item Details/input_Positive Feedback_item-feedbak"), "*"): Keys '*' sent to object: 'Object Repository/ADMIN/Edit Text/Bespoke/Buyer Pages/Item Details/input_Positive Feedback_item-feedbak'

2020-03-20 09:51:52 - [MESSAGE][PASSED] - Keys '*' sent to object: 'Object Repository/ADMIN/Edit Text/Bespoke/Buyer Pages/Item Details/input_Positive Feedback_item-feedbak'

2020-03-20 09:51:52 - [TEST_STEP][PASSED] - sendKeys(findTestObject("ADMIN/Edit Text/Bespoke/Buyer Pages/Item Details/input_ADD TO CART_1"), "*"): Keys '*' sent to object: 'Object Repository/ADMIN/Edit Text/Bespoke/Buyer Pages/Item Details/input_ADD TO CART_1'

2020-03-20 09:51:52 - [MESSAGE][PASSED] - Keys '*' sent to object: 'Object Repository/ADMIN/Edit Text/Bespoke/Buyer Pages/Item Details/input_ADD TO CART_1'

2020-03-20 09:51:52 - [TEST_STEP][PASSED] - sendKeys(findTestObject("ADMIN/Edit Text/Bespoke/Buyer Pages/Item Details/input_Quantity_item-qty"), "*"): Keys '*' sent to object: 'Object Repository/ADMIN/Edit Text/Bespoke/Buyer Pages/Item Details/input_Quantity_item-qty'

2020-03-20 09:51:52 - [MESSAGE][PASSED] - Keys '*' sent to object: 'Object Repository/ADMIN/Edit Text/Bespoke/Buyer Pages/Item Details/input_Quantity_item-qty'

2020-03-20 09:51:52 - [TEST_STEP][PASSED] - sendKeys(findTestObject("ADMIN/Edit Text/Bespoke/Buyer Pages/Item Details/input_Only_item-one"), "*"): Keys '*' sent to object: 'Object Repository/ADMIN/Edit Text/Bespoke/Buyer Pages/Item Details/input_Only_item-one'

2020-03-20 09:51:52 - [MESSAGE][PASSED] - Keys '*' sent to object: 'Object Repository/ADMIN/Edit Text/Bespoke/Buyer Pages/Item Details/input_Only_item-one'

2020-03-20 09:51:52 - [TEST_STEP][PASSED] - sendKeys(findTestObject("ADMIN/Edit Text/Bespoke/Buyer Pages/Item Details/input_left_item-left"), "*"): Keys '*' sent to object: 'Object Repository/ADMIN/Edit Text/Bespoke/Buyer Pages/Item Details/input_left_item-left'

2020-03-20 09:51:53 - [MESSAGE][PASSED] - Keys '*' sent to object: 'Object Repository/ADMIN/Edit Text/Bespoke/Buyer Pages/Item Details/input_left_item-left'

2020-03-20 09:51:53 - [TEST_STEP][PASSED] - sendKeys(findTestObject("ADMIN/Edit Text/Bespoke/Buyer Pages/Item Details/input_Out of Stock_text-stock"), "*"): Keys '*' sent to object: 'Object Repository/ADMIN/Edit Text/Bespoke/Buyer Pages/Item Details/input_Out of Stock_text-stock'

2020-03-20 09:51:53 - [MESSAGE][PASSED] - Keys '*' sent to object: 'Object Repository/ADMIN/Edit Text/Bespoke/Buyer Pages/Item Details/input_Out of Stock_text-stock'

2020-03-20 09:51:53 - [TEST_STEP][PASSED] - sendKeys(findTestObject("ADMIN/Edit Text/Bespoke/Buyer Pages/Item Details/input_Description_text-description"), "*"): Keys '*' sent to object: 'Object Repository/ADMIN/Edit Text/Bespoke/Buyer Pages/Item Details/input_Description_text-description'

2020-03-20 09:51:53 - [MESSAGE][PASSED] - Keys '*' sent to object: 'Object Repository/ADMIN/Edit Text/Bespoke/Buyer Pages/Item Details/input_Description_text-description'

2020-03-20 09:51:53 - [TEST_STEP][PASSED] - sendKeys(findTestObject("ADMIN/Edit Text/Bespoke/Buyer Pages/Item Details/input_Show More_text-show-more"), "*"): Keys '*' sent to object: 'Object Repository/ADMIN/Edit Text/Bespoke/Buyer Pages/Item Details/input_Show More_text-show-more'

2020-03-20 09:51:53 - [MESSAGE][PASSED] - Keys '*' sent to object: 'Object Repository/ADMIN/Edit Text/Bespoke/Buyer Pages/Item Details/input_Show More_text-show-more'

2020-03-20 09:51:53 - [TEST_STEP][PASSED] - sendKeys(findTestObject("ADMIN/Edit Text/Bespoke/Buyer Pages/Item Details/input_Show Less_text-show-less"), "*"): Keys '*' sent to object: 'Object Repository/ADMIN/Edit Text/Bespoke/Buyer Pages/Item Details/input_Show Less_text-show-less'

2020-03-20 09:51:53 - [MESSAGE][PASSED] - Keys '*' sent to object: 'Object Repository/ADMIN/Edit Text/Bespoke/Buyer Pages/Item Details/input_Show Less_text-show-less'

2020-03-20 09:51:53 - [TEST_STEP][PASSED] - sendKeys(findTestObject("ADMIN/Edit Text/Bespoke/Buyer Pages/Item Details/input_Choose a delivery method later_text-deliver-method"), "*"): Keys '*' sent to object: 'Object Repository/ADMIN/Edit Text/Bespoke/Buyer Pages/Item Details/input_Choose a delivery method later_text-deliver-method'

2020-03-20 09:51:53 - [MESSAGE][PASSED] - Keys '*' sent to object: 'Object Repository/ADMIN/Edit Text/Bespoke/Buyer Pages/Item Details/input_Choose a delivery method later_text-deliver-method'

2020-03-20 09:51:53 - [TEST_STEP][PASSED] - sendKeys(findTestObject("ADMIN/Edit Text/Bespoke/Buyer Pages/Item Details/input_Delivery_text-delivery"), "*"): Keys '*' sent to object: 'Object Repository/ADMIN/Edit Text/Bespoke/Buyer Pages/Item Details/input_Delivery_text-delivery'

2020-03-20 09:51:53 - [MESSAGE][PASSED] - Keys '*' sent to object: 'Object Repository/ADMIN/Edit Text/Bespoke/Buyer Pages/Item Details/input_Delivery_text-delivery'

2020-03-20 09:51:53 - [TEST_STEP][PASSED] - sendKeys(findTestObject("ADMIN/Edit Text/Bespoke/Buyer Pages/Item Details/input_Pick-Up_text-pickup"), "*"): Keys '*' sent to object: 'Object Repository/ADMIN/Edit Text/Bespoke/Buyer Pages/Item Details/input_Pick-Up_text-pickup'

2020-03-20 09:51:54 - [MESSAGE][PASSED] - Keys '*' sent to object: 'Object Repository/ADMIN/Edit Text/Bespoke/Buyer Pages/Item Details/input_Pick-Up_text-pickup'

2020-03-20 09:51:54 - [TEST_STEP][PASSED] - sendKeys(findTestObject("ADMIN/Edit Text/Bespoke/Buyer Pages/Item Details/input_Contact Seller_btn_add_cart"), "*"): Keys '*' sent to object: 'Object Repository/ADMIN/Edit Text/Bespoke/Buyer Pages/Item Details/input_Contact Seller_btn_add_cart'

2020-03-20 09:51:54 - [MESSAGE][PASSED] - Keys '*' sent to object: 'Object Repository/ADMIN/Edit Text/Bespoke/Buyer Pages/Item Details/input_Contact Seller_btn_add_cart'

2020-03-20 09:51:54 - [TEST_STEP][PASSED] - sendKeys(findTestObject("ADMIN/Edit Text/Bespoke/Buyer Pages/Item Details/input_ADD TO CART_2"), "*"): Keys '*' sent to object: 'Object Repository/ADMIN/Edit Text/Bespoke/Buyer Pages/Item Details/input_ADD TO CART_2'

2020-03-20 09:51:54 - [MESSAGE][PASSED] - Keys '*' sent to object: 'Object Repository/ADMIN/Edit Text/Bespoke/Buyer Pages/Item Details/input_ADD TO CART_2'

2020-03-20 09:51:54 - [TEST_STEP][PASSED] - sendKeys(findTestObject("ADMIN/Edit Text/Bespoke/Buyer Pages/Item Details/input_THIS ITEM HAS BEEN ADDED_item-has-been-added"), "*"): Keys '*' sent to object: 'Object Repository/ADMIN/Edit Text/Bespoke/Buyer Pages/Item Details/input_THIS ITEM HAS BEEN ADDED_item-has-been-added'

2020-03-20 09:51:54 - [MESSAGE][PASSED] - Keys '*' sent to object: 'Object Repository/ADMIN/Edit Text/Bespoke/Buyer Pages/Item Details/input_THIS ITEM HAS BEEN ADDED_item-has-been-added'

2020-03-20 09:51:54 - [TEST_STEP][PASSED] - sendKeys(findTestObject("ADMIN/Edit Text/Bespoke/Buyer Pages/Item Details/input_VIEW CART_btn_view_cart"), "*"): Keys '*' sent to object: 'Object Repository/ADMIN/Edit Text/Bespoke/Buyer Pages/Item Details/input_VIEW CART_btn_view_cart'

2020-03-20 09:51:54 - [MESSAGE][PASSED] - Keys '*' sent to object: 'Object Repository/ADMIN/Edit Text/Bespoke/Buyer Pages/Item Details/input_VIEW CART_btn_view_cart'

2020-03-20 09:51:54 - [TEST_STEP][PASSED] - sendKeys(findTestObject("ADMIN/Edit Text/Bespoke/Buyer Pages/Item Details/input_Reviews_reviews"), "*"): Keys '*' sent to object: 'Object Repository/ADMIN/Edit Text/Bespoke/Buyer Pages/Item Details/input_Reviews_reviews'

2020-03-20 09:51:54 - [MESSAGE][PASSED] - Keys '*' sent to object: 'Object Repository/ADMIN/Edit Text/Bespoke/Buyer Pages/Item Details/input_Reviews_reviews'

2020-03-20 09:51:54 - [TEST_STEP][PASSED] - sendKeys(findTestObject("ADMIN/Edit Text/Bespoke/Buyer Pages/Item Details/input_Rating Summary_rating-summary"), "*"): Keys '*' sent to object: 'Object Repository/ADMIN/Edit Text/Bespoke/Buyer Pages/Item Details/input_Rating Summary_rating-summary'

2020-03-20 09:51:54 - [MESSAGE][PASSED] - Keys '*' sent to object: 'Object Repository/ADMIN/Edit Text/Bespoke/Buyer Pages/Item Details/input_Rating Summary_rating-summary'

2020-03-20 09:51:54 - [TEST_STEP][PASSED] - sendKeys(findTestObject("ADMIN/Edit Text/Bespoke/Buyer Pages/Item Details/input_Positive Feedback_positive-feedback"), "*"): Keys '*' sent to object: 'Object Repository/ADMIN/Edit Text/Bespoke/Buyer Pages/Item Details/input_Positive Feedback_positive-feedback'

2020-03-20 09:51:55 - [MESSAGE][PASSED] - Keys '*' sent to object: 'Object Repository/ADMIN/Edit Text/Bespoke/Buyer Pages/Item Details/input_Positive Feedback_positive-feedback'

2020-03-20 09:51:55 - [TEST_STEP][PASSED] - sendKeys(findTestObject("ADMIN/Edit Text/Bespoke/Buyer Pages/Item Details/input_Excellent_excellent"), "*"): Keys '*' sent to object: 'Object Repository/ADMIN/Edit Text/Bespoke/Buyer Pages/Item Details/input_Excellent_excellent'

2020-03-20 09:51:55 - [MESSAGE][PASSED] - Keys '*' sent to object: 'Object Repository/ADMIN/Edit Text/Bespoke/Buyer Pages/Item Details/input_Excellent_excellent'

2020-03-20 09:51:55 - [TEST_STEP][PASSED] - sendKeys(findTestObject("ADMIN/Edit Text/Bespoke/Buyer Pages/Item Details/input_Great_great"), "*"): Keys '*' sent to object: 'Object Repository/ADMIN/Edit Text/Bespoke/Buyer Pages/Item Details/input_Great_great'

2020-03-20 09:51:55 - [MESSAGE][PASSED] - Keys '*' sent to object: 'Object Repository/ADMIN/Edit Text/Bespoke/Buyer Pages/Item Details/input_Great_great'

2020-03-20 09:51:55 - [TEST_STEP][PASSED] - sendKeys(findTestObject("ADMIN/Edit Text/Bespoke/Buyer Pages/Item Details/input_Good_good"), "*"): Keys '*' sent to object: 'Object Repository/ADMIN/Edit Text/Bespoke/Buyer Pages/Item Details/input_Good_good'

2020-03-20 09:51:55 - [MESSAGE][PASSED] - Keys '*' sent to object: 'Object Repository/ADMIN/Edit Text/Bespoke/Buyer Pages/Item Details/input_Good_good'

2020-03-20 09:51:55 - [TEST_STEP][PASSED] - sendKeys(findTestObject("ADMIN/Edit Text/Bespoke/Buyer Pages/Item Details/input_Okay_ok"), "*"): Keys '*' sent to object: 'Object Repository/ADMIN/Edit Text/Bespoke/Buyer Pages/Item Details/input_Okay_ok'

2020-03-20 09:51:55 - [MESSAGE][PASSED] - Keys '*' sent to object: 'Object Repository/ADMIN/Edit Text/Bespoke/Buyer Pages/Item Details/input_Okay_ok'

2020-03-20 09:51:55 - [TEST_STEP][PASSED] - sendKeys(findTestObject("ADMIN/Edit Text/Bespoke/Buyer Pages/Item Details/input_Unsatisfied_Unsatisfied"), "*"): Keys '*' sent to object: 'Object Repository/ADMIN/Edit Text/Bespoke/Buyer Pages/Item Details/input_Unsatisfied_Unsatisfied'

2020-03-20 09:51:55 - [MESSAGE][PASSED] - Keys '*' sent to object: 'Object Repository/ADMIN/Edit Text/Bespoke/Buyer Pages/Item Details/input_Unsatisfied_Unsatisfied'

2020-03-20 09:51:55 - [TEST_STEP][PASSED] - sendKeys(findTestObject("ADMIN/Edit Text/Bespoke/Buyer Pages/Item Details/input_Reply from_reply-from"), "*"): Keys '*' sent to object: 'Object Repository/ADMIN/Edit Text/Bespoke/Buyer Pages/Item Details/input_Reply from_reply-from'

2020-03-20 09:51:56 - [MESSAGE][PASSED] - Keys '*' sent to object: 'Object Repository/ADMIN/Edit Text/Bespoke/Buyer Pages/Item Details/input_Reply from_reply-from'

2020-03-20 09:51:56 - [TEST_STEP][PASSED] - sendKeys(findTestObject("ADMIN/Edit Text/Bespoke/Buyer Pages/Item Details/input_Reply_btn_view_cart"), "*"): Keys '*' sent to object: 'Object Repository/ADMIN/Edit Text/Bespoke/Buyer Pages/Item Details/input_Reply_btn_view_cart'

2020-03-20 09:51:56 - [MESSAGE][PASSED] - Keys '*' sent to object: 'Object Repository/ADMIN/Edit Text/Bespoke/Buyer Pages/Item Details/input_Reply_btn_view_cart'

2020-03-20 09:51:56 - [TEST_STEP][PASSED] - sendKeys(findTestObject("ADMIN/Edit Text/Bespoke/Buyer Pages/Item Details/input_REPLY TO_reply"), "*"): Keys '*' sent to object: 'Object Repository/ADMIN/Edit Text/Bespoke/Buyer Pages/Item Details/input_REPLY TO_reply'

2020-03-20 09:51:56 - [MESSAGE][PASSED] - Keys '*' sent to object: 'Object Repository/ADMIN/Edit Text/Bespoke/Buyer Pages/Item Details/input_REPLY TO_reply'

2020-03-20 09:51:56 - [TEST_STEP][PASSED] - sendKeys(findTestObject("ADMIN/Edit Text/Bespoke/Buyer Pages/Item Details/input_Leave a comment_leave-comment"), "*"): Keys '*' sent to object: 'Object Repository/ADMIN/Edit Text/Bespoke/Buyer Pages/Item Details/input_Leave a comment_leave-comment'

2020-03-20 09:51:56 - [MESSAGE][PASSED] - Keys '*' sent to object: 'Object Repository/ADMIN/Edit Text/Bespoke/Buyer Pages/Item Details/input_Leave a comment_leave-comment'

2020-03-20 09:51:56 - [TEST_STEP][PASSED] - sendKeys(findTestObject("ADMIN/Edit Text/Bespoke/Buyer Pages/Item Details/input_SUBMIT_btn_submit"), "*"): Keys '*' sent to object: 'Object Repository/ADMIN/Edit Text/Bespoke/Buyer Pages/Item Details/input_SUBMIT_btn_submit'

2020-03-20 09:51:56 - [MESSAGE][PASSED] - Keys '*' sent to object: 'Object Repository/ADMIN/Edit Text/Bespoke/Buyer Pages/Item Details/input_SUBMIT_btn_submit'

2020-03-20 09:51:56 - [TEST_STEP][PASSED] - click(findTestObject("ADMIN/Edit Text/Bespoke/Buyer Pages/Homepage/button_save"), CONTINUE_ON_FAILURE): Object: 'Object Repository/ADMIN/Edit Text/Bespoke/Buyer Pages/Homepage/button_save' is clicked on

2020-03-20 09:51:56 - [MESSAGE][PASSED] - Object: 'Object Repository/ADMIN/Edit Text/Bespoke/Buyer Pages/Homepage/button_save' is clicked on

2020-03-20 09:51:56 - [TEST_STEP][PASSED] - waitForElementVisible(findTestObject("ADMIN/Edit Text/Bespoke/Buyer Pages/Homepage/toaster_success"), 0): Object 'Object Repository/ADMIN/Edit Text/Bespoke/Buyer Pages/Homepage/toaster_success' is visible

2020-03-20 09:51:56 - [MESSAGE][WARNING] - Timeout '0' is invalid. Using default page load timeout: '30'

2020-03-20 09:51:57 - [MESSAGE][PASSED] - Object 'Object Repository/ADMIN/Edit Text/Bespoke/Buyer Pages/Homepage/toaster_success' is visible]]></system-out>
         <system-err><![CDATA[]]></system-err>
      </testcase>
      <testcase name="Test Cases/ADMIN/Language/Edit Text/Bespoke/Buyer Pages/Item Details" time="7.141" classname="Test Cases/ADMIN/Language/Edit Text/Bespoke/Buyer Pages/Item Details" status="PASSED">
         <system-out><![CDATA[2020-03-20 09:51:57 - [TEST_CASE][PASSED] - Test Cases/ADMIN/Language/Edit Text/Bespoke/Buyer Pages/Item Details: Test Cases/ADMIN/Language/Edit Text/Bespoke/Buyer Pages/Item Details

2020-03-20 09:51:57 - [TEST_STEP][PASSED] - waitForElementVisible(findTestObject("ADMIN/Edit Text/Bespoke/Buyer Navigation/dd_language"), 0): Object 'Object Repository/ADMIN/Edit Text/Bespoke/Buyer Navigation/dd_language' is visible

2020-03-20 09:51:57 - [MESSAGE][WARNING] - Timeout '0' is invalid. Using default page load timeout: '30'

2020-03-20 09:51:57 - [MESSAGE][PASSED] - Object 'Object Repository/ADMIN/Edit Text/Bespoke/Buyer Navigation/dd_language' is visible

2020-03-20 09:51:57 - [TEST_STEP][PASSED] - selectOptionByLabel(findTestObject("ADMIN/Edit Text/Bespoke/Buyer Navigation/dd_language"), varLanguage, false): All options with label 'German' are selected in object 'Object Repository/ADMIN/Edit Text/Bespoke/Buyer Navigation/dd_language' 

2020-03-20 09:51:58 - [MESSAGE][PASSED] - All options with label 'German' are selected in object 'Object Repository/ADMIN/Edit Text/Bespoke/Buyer Navigation/dd_language' 

2020-03-20 09:51:58 - [TEST_STEP][PASSED] - sendKeys(findTestObject("ADMIN/Edit Text/Bespoke/Buyer Pages/Item Details/input_Positive Feedback_item-feedbak"), "*"): Keys '*' sent to object: 'Object Repository/ADMIN/Edit Text/Bespoke/Buyer Pages/Item Details/input_Positive Feedback_item-feedbak'

2020-03-20 09:51:59 - [MESSAGE][PASSED] - Keys '*' sent to object: 'Object Repository/ADMIN/Edit Text/Bespoke/Buyer Pages/Item Details/input_Positive Feedback_item-feedbak'

2020-03-20 09:51:59 - [TEST_STEP][PASSED] - sendKeys(findTestObject("ADMIN/Edit Text/Bespoke/Buyer Pages/Item Details/input_ADD TO CART_1"), "*"): Keys '*' sent to object: 'Object Repository/ADMIN/Edit Text/Bespoke/Buyer Pages/Item Details/input_ADD TO CART_1'

2020-03-20 09:52:00 - [MESSAGE][PASSED] - Keys '*' sent to object: 'Object Repository/ADMIN/Edit Text/Bespoke/Buyer Pages/Item Details/input_ADD TO CART_1'

2020-03-20 09:52:00 - [TEST_STEP][PASSED] - sendKeys(findTestObject("ADMIN/Edit Text/Bespoke/Buyer Pages/Item Details/input_Quantity_item-qty"), "*"): Keys '*' sent to object: 'Object Repository/ADMIN/Edit Text/Bespoke/Buyer Pages/Item Details/input_Quantity_item-qty'

2020-03-20 09:52:00 - [MESSAGE][PASSED] - Keys '*' sent to object: 'Object Repository/ADMIN/Edit Text/Bespoke/Buyer Pages/Item Details/input_Quantity_item-qty'

2020-03-20 09:52:00 - [TEST_STEP][PASSED] - sendKeys(findTestObject("ADMIN/Edit Text/Bespoke/Buyer Pages/Item Details/input_Only_item-one"), "*"): Keys '*' sent to object: 'Object Repository/ADMIN/Edit Text/Bespoke/Buyer Pages/Item Details/input_Only_item-one'

2020-03-20 09:52:00 - [MESSAGE][PASSED] - Keys '*' sent to object: 'Object Repository/ADMIN/Edit Text/Bespoke/Buyer Pages/Item Details/input_Only_item-one'

2020-03-20 09:52:00 - [TEST_STEP][PASSED] - sendKeys(findTestObject("ADMIN/Edit Text/Bespoke/Buyer Pages/Item Details/input_left_item-left"), "*"): Keys '*' sent to object: 'Object Repository/ADMIN/Edit Text/Bespoke/Buyer Pages/Item Details/input_left_item-left'

2020-03-20 09:52:00 - [MESSAGE][PASSED] - Keys '*' sent to object: 'Object Repository/ADMIN/Edit Text/Bespoke/Buyer Pages/Item Details/input_left_item-left'

2020-03-20 09:52:00 - [TEST_STEP][PASSED] - sendKeys(findTestObject("ADMIN/Edit Text/Bespoke/Buyer Pages/Item Details/input_Out of Stock_text-stock"), "*"): Keys '*' sent to object: 'Object Repository/ADMIN/Edit Text/Bespoke/Buyer Pages/Item Details/input_Out of Stock_text-stock'

2020-03-20 09:52:00 - [MESSAGE][PASSED] - Keys '*' sent to object: 'Object Repository/ADMIN/Edit Text/Bespoke/Buyer Pages/Item Details/input_Out of Stock_text-stock'

2020-03-20 09:52:00 - [TEST_STEP][PASSED] - sendKeys(findTestObject("ADMIN/Edit Text/Bespoke/Buyer Pages/Item Details/input_Description_text-description"), "*"): Keys '*' sent to object: 'Object Repository/ADMIN/Edit Text/Bespoke/Buyer Pages/Item Details/input_Description_text-description'

2020-03-20 09:52:00 - [MESSAGE][PASSED] - Keys '*' sent to object: 'Object Repository/ADMIN/Edit Text/Bespoke/Buyer Pages/Item Details/input_Description_text-description'

2020-03-20 09:52:00 - [TEST_STEP][PASSED] - sendKeys(findTestObject("ADMIN/Edit Text/Bespoke/Buyer Pages/Item Details/input_Show More_text-show-more"), "*"): Keys '*' sent to object: 'Object Repository/ADMIN/Edit Text/Bespoke/Buyer Pages/Item Details/input_Show More_text-show-more'

2020-03-20 09:52:01 - [MESSAGE][PASSED] - Keys '*' sent to object: 'Object Repository/ADMIN/Edit Text/Bespoke/Buyer Pages/Item Details/input_Show More_text-show-more'

2020-03-20 09:52:01 - [TEST_STEP][PASSED] - sendKeys(findTestObject("ADMIN/Edit Text/Bespoke/Buyer Pages/Item Details/input_Show Less_text-show-less"), "*"): Keys '*' sent to object: 'Object Repository/ADMIN/Edit Text/Bespoke/Buyer Pages/Item Details/input_Show Less_text-show-less'

2020-03-20 09:52:01 - [MESSAGE][PASSED] - Keys '*' sent to object: 'Object Repository/ADMIN/Edit Text/Bespoke/Buyer Pages/Item Details/input_Show Less_text-show-less'

2020-03-20 09:52:01 - [TEST_STEP][PASSED] - sendKeys(findTestObject("ADMIN/Edit Text/Bespoke/Buyer Pages/Item Details/input_Choose a delivery method later_text-deliver-method"), "*"): Keys '*' sent to object: 'Object Repository/ADMIN/Edit Text/Bespoke/Buyer Pages/Item Details/input_Choose a delivery method later_text-deliver-method'

2020-03-20 09:52:01 - [MESSAGE][PASSED] - Keys '*' sent to object: 'Object Repository/ADMIN/Edit Text/Bespoke/Buyer Pages/Item Details/input_Choose a delivery method later_text-deliver-method'

2020-03-20 09:52:01 - [TEST_STEP][PASSED] - sendKeys(findTestObject("ADMIN/Edit Text/Bespoke/Buyer Pages/Item Details/input_Delivery_text-delivery"), "*"): Keys '*' sent to object: 'Object Repository/ADMIN/Edit Text/Bespoke/Buyer Pages/Item Details/input_Delivery_text-delivery'

2020-03-20 09:52:01 - [MESSAGE][PASSED] - Keys '*' sent to object: 'Object Repository/ADMIN/Edit Text/Bespoke/Buyer Pages/Item Details/input_Delivery_text-delivery'

2020-03-20 09:52:01 - [TEST_STEP][PASSED] - sendKeys(findTestObject("ADMIN/Edit Text/Bespoke/Buyer Pages/Item Details/input_Pick-Up_text-pickup"), "*"): Keys '*' sent to object: 'Object Repository/ADMIN/Edit Text/Bespoke/Buyer Pages/Item Details/input_Pick-Up_text-pickup'

2020-03-20 09:52:01 - [MESSAGE][PASSED] - Keys '*' sent to object: 'Object Repository/ADMIN/Edit Text/Bespoke/Buyer Pages/Item Details/input_Pick-Up_text-pickup'

2020-03-20 09:52:01 - [TEST_STEP][PASSED] - sendKeys(findTestObject("ADMIN/Edit Text/Bespoke/Buyer Pages/Item Details/input_Contact Seller_btn_add_cart"), "*"): Keys '*' sent to object: 'Object Repository/ADMIN/Edit Text/Bespoke/Buyer Pages/Item Details/input_Contact Seller_btn_add_cart'

2020-03-20 09:52:01 - [MESSAGE][PASSED] - Keys '*' sent to object: 'Object Repository/ADMIN/Edit Text/Bespoke/Buyer Pages/Item Details/input_Contact Seller_btn_add_cart'

2020-03-20 09:52:01 - [TEST_STEP][PASSED] - sendKeys(findTestObject("ADMIN/Edit Text/Bespoke/Buyer Pages/Item Details/input_ADD TO CART_2"), "*"): Keys '*' sent to object: 'Object Repository/ADMIN/Edit Text/Bespoke/Buyer Pages/Item Details/input_ADD TO CART_2'

2020-03-20 09:52:01 - [MESSAGE][PASSED] - Keys '*' sent to object: 'Object Repository/ADMIN/Edit Text/Bespoke/Buyer Pages/Item Details/input_ADD TO CART_2'

2020-03-20 09:52:01 - [TEST_STEP][PASSED] - sendKeys(findTestObject("ADMIN/Edit Text/Bespoke/Buyer Pages/Item Details/input_THIS ITEM HAS BEEN ADDED_item-has-been-added"), "*"): Keys '*' sent to object: 'Object Repository/ADMIN/Edit Text/Bespoke/Buyer Pages/Item Details/input_THIS ITEM HAS BEEN ADDED_item-has-been-added'

2020-03-20 09:52:01 - [MESSAGE][PASSED] - Keys '*' sent to object: 'Object Repository/ADMIN/Edit Text/Bespoke/Buyer Pages/Item Details/input_THIS ITEM HAS BEEN ADDED_item-has-been-added'

2020-03-20 09:52:01 - [TEST_STEP][PASSED] - sendKeys(findTestObject("ADMIN/Edit Text/Bespoke/Buyer Pages/Item Details/input_VIEW CART_btn_view_cart"), "*"): Keys '*' sent to object: 'Object Repository/ADMIN/Edit Text/Bespoke/Buyer Pages/Item Details/input_VIEW CART_btn_view_cart'

2020-03-20 09:52:02 - [MESSAGE][PASSED] - Keys '*' sent to object: 'Object Repository/ADMIN/Edit Text/Bespoke/Buyer Pages/Item Details/input_VIEW CART_btn_view_cart'

2020-03-20 09:52:02 - [TEST_STEP][PASSED] - sendKeys(findTestObject("ADMIN/Edit Text/Bespoke/Buyer Pages/Item Details/input_Reviews_reviews"), "*"): Keys '*' sent to object: 'Object Repository/ADMIN/Edit Text/Bespoke/Buyer Pages/Item Details/input_Reviews_reviews'

2020-03-20 09:52:02 - [MESSAGE][PASSED] - Keys '*' sent to object: 'Object Repository/ADMIN/Edit Text/Bespoke/Buyer Pages/Item Details/input_Reviews_reviews'

2020-03-20 09:52:02 - [TEST_STEP][PASSED] - sendKeys(findTestObject("ADMIN/Edit Text/Bespoke/Buyer Pages/Item Details/input_Rating Summary_rating-summary"), "*"): Keys '*' sent to object: 'Object Repository/ADMIN/Edit Text/Bespoke/Buyer Pages/Item Details/input_Rating Summary_rating-summary'

2020-03-20 09:52:02 - [MESSAGE][PASSED] - Keys '*' sent to object: 'Object Repository/ADMIN/Edit Text/Bespoke/Buyer Pages/Item Details/input_Rating Summary_rating-summary'

2020-03-20 09:52:02 - [TEST_STEP][PASSED] - sendKeys(findTestObject("ADMIN/Edit Text/Bespoke/Buyer Pages/Item Details/input_Positive Feedback_positive-feedback"), "*"): Keys '*' sent to object: 'Object Repository/ADMIN/Edit Text/Bespoke/Buyer Pages/Item Details/input_Positive Feedback_positive-feedback'

2020-03-20 09:52:02 - [MESSAGE][PASSED] - Keys '*' sent to object: 'Object Repository/ADMIN/Edit Text/Bespoke/Buyer Pages/Item Details/input_Positive Feedback_positive-feedback'

2020-03-20 09:52:02 - [TEST_STEP][PASSED] - sendKeys(findTestObject("ADMIN/Edit Text/Bespoke/Buyer Pages/Item Details/input_Excellent_excellent"), "*"): Keys '*' sent to object: 'Object Repository/ADMIN/Edit Text/Bespoke/Buyer Pages/Item Details/input_Excellent_excellent'

2020-03-20 09:52:02 - [MESSAGE][PASSED] - Keys '*' sent to object: 'Object Repository/ADMIN/Edit Text/Bespoke/Buyer Pages/Item Details/input_Excellent_excellent'

2020-03-20 09:52:02 - [TEST_STEP][PASSED] - sendKeys(findTestObject("ADMIN/Edit Text/Bespoke/Buyer Pages/Item Details/input_Great_great"), "*"): Keys '*' sent to object: 'Object Repository/ADMIN/Edit Text/Bespoke/Buyer Pages/Item Details/input_Great_great'

2020-03-20 09:52:02 - [MESSAGE][PASSED] - Keys '*' sent to object: 'Object Repository/ADMIN/Edit Text/Bespoke/Buyer Pages/Item Details/input_Great_great'

2020-03-20 09:52:02 - [TEST_STEP][PASSED] - sendKeys(findTestObject("ADMIN/Edit Text/Bespoke/Buyer Pages/Item Details/input_Good_good"), "*"): Keys '*' sent to object: 'Object Repository/ADMIN/Edit Text/Bespoke/Buyer Pages/Item Details/input_Good_good'

2020-03-20 09:52:02 - [MESSAGE][PASSED] - Keys '*' sent to object: 'Object Repository/ADMIN/Edit Text/Bespoke/Buyer Pages/Item Details/input_Good_good'

2020-03-20 09:52:02 - [TEST_STEP][PASSED] - sendKeys(findTestObject("ADMIN/Edit Text/Bespoke/Buyer Pages/Item Details/input_Okay_ok"), "*"): Keys '*' sent to object: 'Object Repository/ADMIN/Edit Text/Bespoke/Buyer Pages/Item Details/input_Okay_ok'

2020-03-20 09:52:02 - [MESSAGE][PASSED] - Keys '*' sent to object: 'Object Repository/ADMIN/Edit Text/Bespoke/Buyer Pages/Item Details/input_Okay_ok'

2020-03-20 09:52:02 - [TEST_STEP][PASSED] - sendKeys(findTestObject("ADMIN/Edit Text/Bespoke/Buyer Pages/Item Details/input_Unsatisfied_Unsatisfied"), "*"): Keys '*' sent to object: 'Object Repository/ADMIN/Edit Text/Bespoke/Buyer Pages/Item Details/input_Unsatisfied_Unsatisfied'

2020-03-20 09:52:03 - [MESSAGE][PASSED] - Keys '*' sent to object: 'Object Repository/ADMIN/Edit Text/Bespoke/Buyer Pages/Item Details/input_Unsatisfied_Unsatisfied'

2020-03-20 09:52:03 - [TEST_STEP][PASSED] - sendKeys(findTestObject("ADMIN/Edit Text/Bespoke/Buyer Pages/Item Details/input_Reply from_reply-from"), "*"): Keys '*' sent to object: 'Object Repository/ADMIN/Edit Text/Bespoke/Buyer Pages/Item Details/input_Reply from_reply-from'

2020-03-20 09:52:03 - [MESSAGE][PASSED] - Keys '*' sent to object: 'Object Repository/ADMIN/Edit Text/Bespoke/Buyer Pages/Item Details/input_Reply from_reply-from'

2020-03-20 09:52:03 - [TEST_STEP][PASSED] - sendKeys(findTestObject("ADMIN/Edit Text/Bespoke/Buyer Pages/Item Details/input_Reply_btn_view_cart"), "*"): Keys '*' sent to object: 'Object Repository/ADMIN/Edit Text/Bespoke/Buyer Pages/Item Details/input_Reply_btn_view_cart'

2020-03-20 09:52:03 - [MESSAGE][PASSED] - Keys '*' sent to object: 'Object Repository/ADMIN/Edit Text/Bespoke/Buyer Pages/Item Details/input_Reply_btn_view_cart'

2020-03-20 09:52:03 - [TEST_STEP][PASSED] - sendKeys(findTestObject("ADMIN/Edit Text/Bespoke/Buyer Pages/Item Details/input_REPLY TO_reply"), "*"): Keys '*' sent to object: 'Object Repository/ADMIN/Edit Text/Bespoke/Buyer Pages/Item Details/input_REPLY TO_reply'

2020-03-20 09:52:03 - [MESSAGE][PASSED] - Keys '*' sent to object: 'Object Repository/ADMIN/Edit Text/Bespoke/Buyer Pages/Item Details/input_REPLY TO_reply'

2020-03-20 09:52:03 - [TEST_STEP][PASSED] - sendKeys(findTestObject("ADMIN/Edit Text/Bespoke/Buyer Pages/Item Details/input_Leave a comment_leave-comment"), "*"): Keys '*' sent to object: 'Object Repository/ADMIN/Edit Text/Bespoke/Buyer Pages/Item Details/input_Leave a comment_leave-comment'

2020-03-20 09:52:03 - [MESSAGE][PASSED] - Keys '*' sent to object: 'Object Repository/ADMIN/Edit Text/Bespoke/Buyer Pages/Item Details/input_Leave a comment_leave-comment'

2020-03-20 09:52:03 - [TEST_STEP][PASSED] - sendKeys(findTestObject("ADMIN/Edit Text/Bespoke/Buyer Pages/Item Details/input_SUBMIT_btn_submit"), "*"): Keys '*' sent to object: 'Object Repository/ADMIN/Edit Text/Bespoke/Buyer Pages/Item Details/input_SUBMIT_btn_submit'

2020-03-20 09:52:03 - [MESSAGE][PASSED] - Keys '*' sent to object: 'Object Repository/ADMIN/Edit Text/Bespoke/Buyer Pages/Item Details/input_SUBMIT_btn_submit'

2020-03-20 09:52:03 - [TEST_STEP][PASSED] - click(findTestObject("ADMIN/Edit Text/Bespoke/Buyer Pages/Homepage/button_save"), CONTINUE_ON_FAILURE): Object: 'Object Repository/ADMIN/Edit Text/Bespoke/Buyer Pages/Homepage/button_save' is clicked on

2020-03-20 09:52:03 - [MESSAGE][PASSED] - Object: 'Object Repository/ADMIN/Edit Text/Bespoke/Buyer Pages/Homepage/button_save' is clicked on

2020-03-20 09:52:03 - [TEST_STEP][PASSED] - waitForElementVisible(findTestObject("ADMIN/Edit Text/Bespoke/Buyer Pages/Homepage/toaster_success"), 0): Object 'Object Repository/ADMIN/Edit Text/Bespoke/Buyer Pages/Homepage/toaster_success' is visible

2020-03-20 09:52:03 - [MESSAGE][WARNING] - Timeout '0' is invalid. Using default page load timeout: '30'

2020-03-20 09:52:04 - [MESSAGE][PASSED] - Object 'Object Repository/ADMIN/Edit Text/Bespoke/Buyer Pages/Homepage/toaster_success' is visible]]></system-out>
         <system-err><![CDATA[]]></system-err>
      </testcase>
      <testcase name="Test Cases/ADMIN/Language/Edit Text/Bespoke/Buyer Pages/Item Details" time="7.148" classname="Test Cases/ADMIN/Language/Edit Text/Bespoke/Buyer Pages/Item Details" status="PASSED">
         <system-out><![CDATA[2020-03-20 09:52:04 - [TEST_CASE][PASSED] - Test Cases/ADMIN/Language/Edit Text/Bespoke/Buyer Pages/Item Details: Test Cases/ADMIN/Language/Edit Text/Bespoke/Buyer Pages/Item Details

2020-03-20 09:52:04 - [TEST_STEP][PASSED] - waitForElementVisible(findTestObject("ADMIN/Edit Text/Bespoke/Buyer Navigation/dd_language"), 0): Object 'Object Repository/ADMIN/Edit Text/Bespoke/Buyer Navigation/dd_language' is visible

2020-03-20 09:52:04 - [MESSAGE][WARNING] - Timeout '0' is invalid. Using default page load timeout: '30'

2020-03-20 09:52:04 - [MESSAGE][PASSED] - Object 'Object Repository/ADMIN/Edit Text/Bespoke/Buyer Navigation/dd_language' is visible

2020-03-20 09:52:04 - [TEST_STEP][PASSED] - selectOptionByLabel(findTestObject("ADMIN/Edit Text/Bespoke/Buyer Navigation/dd_language"), varLanguage, false): All options with label 'Japanese' are selected in object 'Object Repository/ADMIN/Edit Text/Bespoke/Buyer Navigation/dd_language' 

2020-03-20 09:52:05 - [MESSAGE][PASSED] - All options with label 'Japanese' are selected in object 'Object Repository/ADMIN/Edit Text/Bespoke/Buyer Navigation/dd_language' 

2020-03-20 09:52:05 - [TEST_STEP][PASSED] - sendKeys(findTestObject("ADMIN/Edit Text/Bespoke/Buyer Pages/Item Details/input_Positive Feedback_item-feedbak"), "*"): Keys '*' sent to object: 'Object Repository/ADMIN/Edit Text/Bespoke/Buyer Pages/Item Details/input_Positive Feedback_item-feedbak'

2020-03-20 09:52:06 - [MESSAGE][PASSED] - Keys '*' sent to object: 'Object Repository/ADMIN/Edit Text/Bespoke/Buyer Pages/Item Details/input_Positive Feedback_item-feedbak'

2020-03-20 09:52:06 - [TEST_STEP][PASSED] - sendKeys(findTestObject("ADMIN/Edit Text/Bespoke/Buyer Pages/Item Details/input_ADD TO CART_1"), "*"): Keys '*' sent to object: 'Object Repository/ADMIN/Edit Text/Bespoke/Buyer Pages/Item Details/input_ADD TO CART_1'

2020-03-20 09:52:07 - [MESSAGE][PASSED] - Keys '*' sent to object: 'Object Repository/ADMIN/Edit Text/Bespoke/Buyer Pages/Item Details/input_ADD TO CART_1'

2020-03-20 09:52:07 - [TEST_STEP][PASSED] - sendKeys(findTestObject("ADMIN/Edit Text/Bespoke/Buyer Pages/Item Details/input_Quantity_item-qty"), "*"): Keys '*' sent to object: 'Object Repository/ADMIN/Edit Text/Bespoke/Buyer Pages/Item Details/input_Quantity_item-qty'

2020-03-20 09:52:07 - [MESSAGE][PASSED] - Keys '*' sent to object: 'Object Repository/ADMIN/Edit Text/Bespoke/Buyer Pages/Item Details/input_Quantity_item-qty'

2020-03-20 09:52:07 - [TEST_STEP][PASSED] - sendKeys(findTestObject("ADMIN/Edit Text/Bespoke/Buyer Pages/Item Details/input_Only_item-one"), "*"): Keys '*' sent to object: 'Object Repository/ADMIN/Edit Text/Bespoke/Buyer Pages/Item Details/input_Only_item-one'

2020-03-20 09:52:07 - [MESSAGE][PASSED] - Keys '*' sent to object: 'Object Repository/ADMIN/Edit Text/Bespoke/Buyer Pages/Item Details/input_Only_item-one'

2020-03-20 09:52:07 - [TEST_STEP][PASSED] - sendKeys(findTestObject("ADMIN/Edit Text/Bespoke/Buyer Pages/Item Details/input_left_item-left"), "*"): Keys '*' sent to object: 'Object Repository/ADMIN/Edit Text/Bespoke/Buyer Pages/Item Details/input_left_item-left'

2020-03-20 09:52:07 - [MESSAGE][PASSED] - Keys '*' sent to object: 'Object Repository/ADMIN/Edit Text/Bespoke/Buyer Pages/Item Details/input_left_item-left'

2020-03-20 09:52:07 - [TEST_STEP][PASSED] - sendKeys(findTestObject("ADMIN/Edit Text/Bespoke/Buyer Pages/Item Details/input_Out of Stock_text-stock"), "*"): Keys '*' sent to object: 'Object Repository/ADMIN/Edit Text/Bespoke/Buyer Pages/Item Details/input_Out of Stock_text-stock'

2020-03-20 09:52:07 - [MESSAGE][PASSED] - Keys '*' sent to object: 'Object Repository/ADMIN/Edit Text/Bespoke/Buyer Pages/Item Details/input_Out of Stock_text-stock'

2020-03-20 09:52:07 - [TEST_STEP][PASSED] - sendKeys(findTestObject("ADMIN/Edit Text/Bespoke/Buyer Pages/Item Details/input_Description_text-description"), "*"): Keys '*' sent to object: 'Object Repository/ADMIN/Edit Text/Bespoke/Buyer Pages/Item Details/input_Description_text-description'

2020-03-20 09:52:07 - [MESSAGE][PASSED] - Keys '*' sent to object: 'Object Repository/ADMIN/Edit Text/Bespoke/Buyer Pages/Item Details/input_Description_text-description'

2020-03-20 09:52:07 - [TEST_STEP][PASSED] - sendKeys(findTestObject("ADMIN/Edit Text/Bespoke/Buyer Pages/Item Details/input_Show More_text-show-more"), "*"): Keys '*' sent to object: 'Object Repository/ADMIN/Edit Text/Bespoke/Buyer Pages/Item Details/input_Show More_text-show-more'

2020-03-20 09:52:08 - [MESSAGE][PASSED] - Keys '*' sent to object: 'Object Repository/ADMIN/Edit Text/Bespoke/Buyer Pages/Item Details/input_Show More_text-show-more'

2020-03-20 09:52:08 - [TEST_STEP][PASSED] - sendKeys(findTestObject("ADMIN/Edit Text/Bespoke/Buyer Pages/Item Details/input_Show Less_text-show-less"), "*"): Keys '*' sent to object: 'Object Repository/ADMIN/Edit Text/Bespoke/Buyer Pages/Item Details/input_Show Less_text-show-less'

2020-03-20 09:52:08 - [MESSAGE][PASSED] - Keys '*' sent to object: 'Object Repository/ADMIN/Edit Text/Bespoke/Buyer Pages/Item Details/input_Show Less_text-show-less'

2020-03-20 09:52:08 - [TEST_STEP][PASSED] - sendKeys(findTestObject("ADMIN/Edit Text/Bespoke/Buyer Pages/Item Details/input_Choose a delivery method later_text-deliver-method"), "*"): Keys '*' sent to object: 'Object Repository/ADMIN/Edit Text/Bespoke/Buyer Pages/Item Details/input_Choose a delivery method later_text-deliver-method'

2020-03-20 09:52:08 - [MESSAGE][PASSED] - Keys '*' sent to object: 'Object Repository/ADMIN/Edit Text/Bespoke/Buyer Pages/Item Details/input_Choose a delivery method later_text-deliver-method'

2020-03-20 09:52:08 - [TEST_STEP][PASSED] - sendKeys(findTestObject("ADMIN/Edit Text/Bespoke/Buyer Pages/Item Details/input_Delivery_text-delivery"), "*"): Keys '*' sent to object: 'Object Repository/ADMIN/Edit Text/Bespoke/Buyer Pages/Item Details/input_Delivery_text-delivery'

2020-03-20 09:52:08 - [MESSAGE][PASSED] - Keys '*' sent to object: 'Object Repository/ADMIN/Edit Text/Bespoke/Buyer Pages/Item Details/input_Delivery_text-delivery'

2020-03-20 09:52:08 - [TEST_STEP][PASSED] - sendKeys(findTestObject("ADMIN/Edit Text/Bespoke/Buyer Pages/Item Details/input_Pick-Up_text-pickup"), "*"): Keys '*' sent to object: 'Object Repository/ADMIN/Edit Text/Bespoke/Buyer Pages/Item Details/input_Pick-Up_text-pickup'

2020-03-20 09:52:08 - [MESSAGE][PASSED] - Keys '*' sent to object: 'Object Repository/ADMIN/Edit Text/Bespoke/Buyer Pages/Item Details/input_Pick-Up_text-pickup'

2020-03-20 09:52:08 - [TEST_STEP][PASSED] - sendKeys(findTestObject("ADMIN/Edit Text/Bespoke/Buyer Pages/Item Details/input_Contact Seller_btn_add_cart"), "*"): Keys '*' sent to object: 'Object Repository/ADMIN/Edit Text/Bespoke/Buyer Pages/Item Details/input_Contact Seller_btn_add_cart'

2020-03-20 09:52:08 - [MESSAGE][PASSED] - Keys '*' sent to object: 'Object Repository/ADMIN/Edit Text/Bespoke/Buyer Pages/Item Details/input_Contact Seller_btn_add_cart'

2020-03-20 09:52:08 - [TEST_STEP][PASSED] - sendKeys(findTestObject("ADMIN/Edit Text/Bespoke/Buyer Pages/Item Details/input_ADD TO CART_2"), "*"): Keys '*' sent to object: 'Object Repository/ADMIN/Edit Text/Bespoke/Buyer Pages/Item Details/input_ADD TO CART_2'

2020-03-20 09:52:08 - [MESSAGE][PASSED] - Keys '*' sent to object: 'Object Repository/ADMIN/Edit Text/Bespoke/Buyer Pages/Item Details/input_ADD TO CART_2'

2020-03-20 09:52:08 - [TEST_STEP][PASSED] - sendKeys(findTestObject("ADMIN/Edit Text/Bespoke/Buyer Pages/Item Details/input_THIS ITEM HAS BEEN ADDED_item-has-been-added"), "*"): Keys '*' sent to object: 'Object Repository/ADMIN/Edit Text/Bespoke/Buyer Pages/Item Details/input_THIS ITEM HAS BEEN ADDED_item-has-been-added'

2020-03-20 09:52:09 - [MESSAGE][PASSED] - Keys '*' sent to object: 'Object Repository/ADMIN/Edit Text/Bespoke/Buyer Pages/Item Details/input_THIS ITEM HAS BEEN ADDED_item-has-been-added'

2020-03-20 09:52:09 - [TEST_STEP][PASSED] - sendKeys(findTestObject("ADMIN/Edit Text/Bespoke/Buyer Pages/Item Details/input_VIEW CART_btn_view_cart"), "*"): Keys '*' sent to object: 'Object Repository/ADMIN/Edit Text/Bespoke/Buyer Pages/Item Details/input_VIEW CART_btn_view_cart'

2020-03-20 09:52:09 - [MESSAGE][PASSED] - Keys '*' sent to object: 'Object Repository/ADMIN/Edit Text/Bespoke/Buyer Pages/Item Details/input_VIEW CART_btn_view_cart'

2020-03-20 09:52:09 - [TEST_STEP][PASSED] - sendKeys(findTestObject("ADMIN/Edit Text/Bespoke/Buyer Pages/Item Details/input_Reviews_reviews"), "*"): Keys '*' sent to object: 'Object Repository/ADMIN/Edit Text/Bespoke/Buyer Pages/Item Details/input_Reviews_reviews'

2020-03-20 09:52:09 - [MESSAGE][PASSED] - Keys '*' sent to object: 'Object Repository/ADMIN/Edit Text/Bespoke/Buyer Pages/Item Details/input_Reviews_reviews'

2020-03-20 09:52:09 - [TEST_STEP][PASSED] - sendKeys(findTestObject("ADMIN/Edit Text/Bespoke/Buyer Pages/Item Details/input_Rating Summary_rating-summary"), "*"): Keys '*' sent to object: 'Object Repository/ADMIN/Edit Text/Bespoke/Buyer Pages/Item Details/input_Rating Summary_rating-summary'

2020-03-20 09:52:09 - [MESSAGE][PASSED] - Keys '*' sent to object: 'Object Repository/ADMIN/Edit Text/Bespoke/Buyer Pages/Item Details/input_Rating Summary_rating-summary'

2020-03-20 09:52:09 - [TEST_STEP][PASSED] - sendKeys(findTestObject("ADMIN/Edit Text/Bespoke/Buyer Pages/Item Details/input_Positive Feedback_positive-feedback"), "*"): Keys '*' sent to object: 'Object Repository/ADMIN/Edit Text/Bespoke/Buyer Pages/Item Details/input_Positive Feedback_positive-feedback'

2020-03-20 09:52:09 - [MESSAGE][PASSED] - Keys '*' sent to object: 'Object Repository/ADMIN/Edit Text/Bespoke/Buyer Pages/Item Details/input_Positive Feedback_positive-feedback'

2020-03-20 09:52:09 - [TEST_STEP][PASSED] - sendKeys(findTestObject("ADMIN/Edit Text/Bespoke/Buyer Pages/Item Details/input_Excellent_excellent"), "*"): Keys '*' sent to object: 'Object Repository/ADMIN/Edit Text/Bespoke/Buyer Pages/Item Details/input_Excellent_excellent'

2020-03-20 09:52:09 - [MESSAGE][PASSED] - Keys '*' sent to object: 'Object Repository/ADMIN/Edit Text/Bespoke/Buyer Pages/Item Details/input_Excellent_excellent'

2020-03-20 09:52:09 - [TEST_STEP][PASSED] - sendKeys(findTestObject("ADMIN/Edit Text/Bespoke/Buyer Pages/Item Details/input_Great_great"), "*"): Keys '*' sent to object: 'Object Repository/ADMIN/Edit Text/Bespoke/Buyer Pages/Item Details/input_Great_great'

2020-03-20 09:52:09 - [MESSAGE][PASSED] - Keys '*' sent to object: 'Object Repository/ADMIN/Edit Text/Bespoke/Buyer Pages/Item Details/input_Great_great'

2020-03-20 09:52:09 - [TEST_STEP][PASSED] - sendKeys(findTestObject("ADMIN/Edit Text/Bespoke/Buyer Pages/Item Details/input_Good_good"), "*"): Keys '*' sent to object: 'Object Repository/ADMIN/Edit Text/Bespoke/Buyer Pages/Item Details/input_Good_good'

2020-03-20 09:52:09 - [MESSAGE][PASSED] - Keys '*' sent to object: 'Object Repository/ADMIN/Edit Text/Bespoke/Buyer Pages/Item Details/input_Good_good'

2020-03-20 09:52:09 - [TEST_STEP][PASSED] - sendKeys(findTestObject("ADMIN/Edit Text/Bespoke/Buyer Pages/Item Details/input_Okay_ok"), "*"): Keys '*' sent to object: 'Object Repository/ADMIN/Edit Text/Bespoke/Buyer Pages/Item Details/input_Okay_ok'

2020-03-20 09:52:09 - [MESSAGE][PASSED] - Keys '*' sent to object: 'Object Repository/ADMIN/Edit Text/Bespoke/Buyer Pages/Item Details/input_Okay_ok'

2020-03-20 09:52:09 - [TEST_STEP][PASSED] - sendKeys(findTestObject("ADMIN/Edit Text/Bespoke/Buyer Pages/Item Details/input_Unsatisfied_Unsatisfied"), "*"): Keys '*' sent to object: 'Object Repository/ADMIN/Edit Text/Bespoke/Buyer Pages/Item Details/input_Unsatisfied_Unsatisfied'

2020-03-20 09:52:10 - [MESSAGE][PASSED] - Keys '*' sent to object: 'Object Repository/ADMIN/Edit Text/Bespoke/Buyer Pages/Item Details/input_Unsatisfied_Unsatisfied'

2020-03-20 09:52:10 - [TEST_STEP][PASSED] - sendKeys(findTestObject("ADMIN/Edit Text/Bespoke/Buyer Pages/Item Details/input_Reply from_reply-from"), "*"): Keys '*' sent to object: 'Object Repository/ADMIN/Edit Text/Bespoke/Buyer Pages/Item Details/input_Reply from_reply-from'

2020-03-20 09:52:10 - [MESSAGE][PASSED] - Keys '*' sent to object: 'Object Repository/ADMIN/Edit Text/Bespoke/Buyer Pages/Item Details/input_Reply from_reply-from'

2020-03-20 09:52:10 - [TEST_STEP][PASSED] - sendKeys(findTestObject("ADMIN/Edit Text/Bespoke/Buyer Pages/Item Details/input_Reply_btn_view_cart"), "*"): Keys '*' sent to object: 'Object Repository/ADMIN/Edit Text/Bespoke/Buyer Pages/Item Details/input_Reply_btn_view_cart'

2020-03-20 09:52:10 - [MESSAGE][PASSED] - Keys '*' sent to object: 'Object Repository/ADMIN/Edit Text/Bespoke/Buyer Pages/Item Details/input_Reply_btn_view_cart'

2020-03-20 09:52:10 - [TEST_STEP][PASSED] - sendKeys(findTestObject("ADMIN/Edit Text/Bespoke/Buyer Pages/Item Details/input_REPLY TO_reply"), "*"): Keys '*' sent to object: 'Object Repository/ADMIN/Edit Text/Bespoke/Buyer Pages/Item Details/input_REPLY TO_reply'

2020-03-20 09:52:10 - [MESSAGE][PASSED] - Keys '*' sent to object: 'Object Repository/ADMIN/Edit Text/Bespoke/Buyer Pages/Item Details/input_REPLY TO_reply'

2020-03-20 09:52:10 - [TEST_STEP][PASSED] - sendKeys(findTestObject("ADMIN/Edit Text/Bespoke/Buyer Pages/Item Details/input_Leave a comment_leave-comment"), "*"): Keys '*' sent to object: 'Object Repository/ADMIN/Edit Text/Bespoke/Buyer Pages/Item Details/input_Leave a comment_leave-comment'

2020-03-20 09:52:10 - [MESSAGE][PASSED] - Keys '*' sent to object: 'Object Repository/ADMIN/Edit Text/Bespoke/Buyer Pages/Item Details/input_Leave a comment_leave-comment'

2020-03-20 09:52:10 - [TEST_STEP][PASSED] - sendKeys(findTestObject("ADMIN/Edit Text/Bespoke/Buyer Pages/Item Details/input_SUBMIT_btn_submit"), "*"): Keys '*' sent to object: 'Object Repository/ADMIN/Edit Text/Bespoke/Buyer Pages/Item Details/input_SUBMIT_btn_submit'

2020-03-20 09:52:10 - [MESSAGE][PASSED] - Keys '*' sent to object: 'Object Repository/ADMIN/Edit Text/Bespoke/Buyer Pages/Item Details/input_SUBMIT_btn_submit'

2020-03-20 09:52:10 - [TEST_STEP][PASSED] - click(findTestObject("ADMIN/Edit Text/Bespoke/Buyer Pages/Homepage/button_save"), CONTINUE_ON_FAILURE): Object: 'Object Repository/ADMIN/Edit Text/Bespoke/Buyer Pages/Homepage/button_save' is clicked on

2020-03-20 09:52:11 - [MESSAGE][PASSED] - Object: 'Object Repository/ADMIN/Edit Text/Bespoke/Buyer Pages/Homepage/button_save' is clicked on

2020-03-20 09:52:11 - [TEST_STEP][PASSED] - waitForElementVisible(findTestObject("ADMIN/Edit Text/Bespoke/Buyer Pages/Homepage/toaster_success"), 0): Object 'Object Repository/ADMIN/Edit Text/Bespoke/Buyer Pages/Homepage/toaster_success' is visible

2020-03-20 09:52:11 - [MESSAGE][WARNING] - Timeout '0' is invalid. Using default page load timeout: '30'

2020-03-20 09:52:11 - [MESSAGE][PASSED] - Object 'Object Repository/ADMIN/Edit Text/Bespoke/Buyer Pages/Homepage/toaster_success' is visible]]></system-out>
         <system-err><![CDATA[]]></system-err>
      </testcase>
      <testcase name="Test Cases/ADMIN/Language/Edit Text/Bespoke/Buyer Pages/Item Details" time="6.829" classname="Test Cases/ADMIN/Language/Edit Text/Bespoke/Buyer Pages/Item Details" status="PASSED">
         <system-out><![CDATA[2020-03-20 09:52:11 - [TEST_CASE][PASSED] - Test Cases/ADMIN/Language/Edit Text/Bespoke/Buyer Pages/Item Details: Test Cases/ADMIN/Language/Edit Text/Bespoke/Buyer Pages/Item Details

2020-03-20 09:52:11 - [TEST_STEP][PASSED] - waitForElementVisible(findTestObject("ADMIN/Edit Text/Bespoke/Buyer Navigation/dd_language"), 0): Object 'Object Repository/ADMIN/Edit Text/Bespoke/Buyer Navigation/dd_language' is visible

2020-03-20 09:52:11 - [MESSAGE][WARNING] - Timeout '0' is invalid. Using default page load timeout: '30'

2020-03-20 09:52:11 - [MESSAGE][PASSED] - Object 'Object Repository/ADMIN/Edit Text/Bespoke/Buyer Navigation/dd_language' is visible

2020-03-20 09:52:11 - [TEST_STEP][PASSED] - selectOptionByLabel(findTestObject("ADMIN/Edit Text/Bespoke/Buyer Navigation/dd_language"), varLanguage, false): All options with label 'Chinese (Traditional)' are selected in object 'Object Repository/ADMIN/Edit Text/Bespoke/Buyer Navigation/dd_language' 

2020-03-20 09:52:12 - [MESSAGE][PASSED] - All options with label 'Chinese (Traditional)' are selected in object 'Object Repository/ADMIN/Edit Text/Bespoke/Buyer Navigation/dd_language' 

2020-03-20 09:52:12 - [TEST_STEP][PASSED] - sendKeys(findTestObject("ADMIN/Edit Text/Bespoke/Buyer Pages/Item Details/input_Positive Feedback_item-feedbak"), "*"): Keys '*' sent to object: 'Object Repository/ADMIN/Edit Text/Bespoke/Buyer Pages/Item Details/input_Positive Feedback_item-feedbak'

2020-03-20 09:52:14 - [MESSAGE][PASSED] - Keys '*' sent to object: 'Object Repository/ADMIN/Edit Text/Bespoke/Buyer Pages/Item Details/input_Positive Feedback_item-feedbak'

2020-03-20 09:52:14 - [TEST_STEP][PASSED] - sendKeys(findTestObject("ADMIN/Edit Text/Bespoke/Buyer Pages/Item Details/input_ADD TO CART_1"), "*"): Keys '*' sent to object: 'Object Repository/ADMIN/Edit Text/Bespoke/Buyer Pages/Item Details/input_ADD TO CART_1'

2020-03-20 09:52:14 - [MESSAGE][PASSED] - Keys '*' sent to object: 'Object Repository/ADMIN/Edit Text/Bespoke/Buyer Pages/Item Details/input_ADD TO CART_1'

2020-03-20 09:52:14 - [TEST_STEP][PASSED] - sendKeys(findTestObject("ADMIN/Edit Text/Bespoke/Buyer Pages/Item Details/input_Quantity_item-qty"), "*"): Keys '*' sent to object: 'Object Repository/ADMIN/Edit Text/Bespoke/Buyer Pages/Item Details/input_Quantity_item-qty'

2020-03-20 09:52:14 - [MESSAGE][PASSED] - Keys '*' sent to object: 'Object Repository/ADMIN/Edit Text/Bespoke/Buyer Pages/Item Details/input_Quantity_item-qty'

2020-03-20 09:52:14 - [TEST_STEP][PASSED] - sendKeys(findTestObject("ADMIN/Edit Text/Bespoke/Buyer Pages/Item Details/input_Only_item-one"), "*"): Keys '*' sent to object: 'Object Repository/ADMIN/Edit Text/Bespoke/Buyer Pages/Item Details/input_Only_item-one'

2020-03-20 09:52:14 - [MESSAGE][PASSED] - Keys '*' sent to object: 'Object Repository/ADMIN/Edit Text/Bespoke/Buyer Pages/Item Details/input_Only_item-one'

2020-03-20 09:52:14 - [TEST_STEP][PASSED] - sendKeys(findTestObject("ADMIN/Edit Text/Bespoke/Buyer Pages/Item Details/input_left_item-left"), "*"): Keys '*' sent to object: 'Object Repository/ADMIN/Edit Text/Bespoke/Buyer Pages/Item Details/input_left_item-left'

2020-03-20 09:52:14 - [MESSAGE][PASSED] - Keys '*' sent to object: 'Object Repository/ADMIN/Edit Text/Bespoke/Buyer Pages/Item Details/input_left_item-left'

2020-03-20 09:52:14 - [TEST_STEP][PASSED] - sendKeys(findTestObject("ADMIN/Edit Text/Bespoke/Buyer Pages/Item Details/input_Out of Stock_text-stock"), "*"): Keys '*' sent to object: 'Object Repository/ADMIN/Edit Text/Bespoke/Buyer Pages/Item Details/input_Out of Stock_text-stock'

2020-03-20 09:52:14 - [MESSAGE][PASSED] - Keys '*' sent to object: 'Object Repository/ADMIN/Edit Text/Bespoke/Buyer Pages/Item Details/input_Out of Stock_text-stock'

2020-03-20 09:52:14 - [TEST_STEP][PASSED] - sendKeys(findTestObject("ADMIN/Edit Text/Bespoke/Buyer Pages/Item Details/input_Description_text-description"), "*"): Keys '*' sent to object: 'Object Repository/ADMIN/Edit Text/Bespoke/Buyer Pages/Item Details/input_Description_text-description'

2020-03-20 09:52:14 - [MESSAGE][PASSED] - Keys '*' sent to object: 'Object Repository/ADMIN/Edit Text/Bespoke/Buyer Pages/Item Details/input_Description_text-description'

2020-03-20 09:52:14 - [TEST_STEP][PASSED] - sendKeys(findTestObject("ADMIN/Edit Text/Bespoke/Buyer Pages/Item Details/input_Show More_text-show-more"), "*"): Keys '*' sent to object: 'Object Repository/ADMIN/Edit Text/Bespoke/Buyer Pages/Item Details/input_Show More_text-show-more'

2020-03-20 09:52:14 - [MESSAGE][PASSED] - Keys '*' sent to object: 'Object Repository/ADMIN/Edit Text/Bespoke/Buyer Pages/Item Details/input_Show More_text-show-more'

2020-03-20 09:52:14 - [TEST_STEP][PASSED] - sendKeys(findTestObject("ADMIN/Edit Text/Bespoke/Buyer Pages/Item Details/input_Show Less_text-show-less"), "*"): Keys '*' sent to object: 'Object Repository/ADMIN/Edit Text/Bespoke/Buyer Pages/Item Details/input_Show Less_text-show-less'

2020-03-20 09:52:15 - [MESSAGE][PASSED] - Keys '*' sent to object: 'Object Repository/ADMIN/Edit Text/Bespoke/Buyer Pages/Item Details/input_Show Less_text-show-less'

2020-03-20 09:52:15 - [TEST_STEP][PASSED] - sendKeys(findTestObject("ADMIN/Edit Text/Bespoke/Buyer Pages/Item Details/input_Choose a delivery method later_text-deliver-method"), "*"): Keys '*' sent to object: 'Object Repository/ADMIN/Edit Text/Bespoke/Buyer Pages/Item Details/input_Choose a delivery method later_text-deliver-method'

2020-03-20 09:52:15 - [MESSAGE][PASSED] - Keys '*' sent to object: 'Object Repository/ADMIN/Edit Text/Bespoke/Buyer Pages/Item Details/input_Choose a delivery method later_text-deliver-method'

2020-03-20 09:52:15 - [TEST_STEP][PASSED] - sendKeys(findTestObject("ADMIN/Edit Text/Bespoke/Buyer Pages/Item Details/input_Delivery_text-delivery"), "*"): Keys '*' sent to object: 'Object Repository/ADMIN/Edit Text/Bespoke/Buyer Pages/Item Details/input_Delivery_text-delivery'

2020-03-20 09:52:15 - [MESSAGE][PASSED] - Keys '*' sent to object: 'Object Repository/ADMIN/Edit Text/Bespoke/Buyer Pages/Item Details/input_Delivery_text-delivery'

2020-03-20 09:52:15 - [TEST_STEP][PASSED] - sendKeys(findTestObject("ADMIN/Edit Text/Bespoke/Buyer Pages/Item Details/input_Pick-Up_text-pickup"), "*"): Keys '*' sent to object: 'Object Repository/ADMIN/Edit Text/Bespoke/Buyer Pages/Item Details/input_Pick-Up_text-pickup'

2020-03-20 09:52:15 - [MESSAGE][PASSED] - Keys '*' sent to object: 'Object Repository/ADMIN/Edit Text/Bespoke/Buyer Pages/Item Details/input_Pick-Up_text-pickup'

2020-03-20 09:52:15 - [TEST_STEP][PASSED] - sendKeys(findTestObject("ADMIN/Edit Text/Bespoke/Buyer Pages/Item Details/input_Contact Seller_btn_add_cart"), "*"): Keys '*' sent to object: 'Object Repository/ADMIN/Edit Text/Bespoke/Buyer Pages/Item Details/input_Contact Seller_btn_add_cart'

2020-03-20 09:52:15 - [MESSAGE][PASSED] - Keys '*' sent to object: 'Object Repository/ADMIN/Edit Text/Bespoke/Buyer Pages/Item Details/input_Contact Seller_btn_add_cart'

2020-03-20 09:52:15 - [TEST_STEP][PASSED] - sendKeys(findTestObject("ADMIN/Edit Text/Bespoke/Buyer Pages/Item Details/input_ADD TO CART_2"), "*"): Keys '*' sent to object: 'Object Repository/ADMIN/Edit Text/Bespoke/Buyer Pages/Item Details/input_ADD TO CART_2'

2020-03-20 09:52:15 - [MESSAGE][PASSED] - Keys '*' sent to object: 'Object Repository/ADMIN/Edit Text/Bespoke/Buyer Pages/Item Details/input_ADD TO CART_2'

2020-03-20 09:52:15 - [TEST_STEP][PASSED] - sendKeys(findTestObject("ADMIN/Edit Text/Bespoke/Buyer Pages/Item Details/input_THIS ITEM HAS BEEN ADDED_item-has-been-added"), "*"): Keys '*' sent to object: 'Object Repository/ADMIN/Edit Text/Bespoke/Buyer Pages/Item Details/input_THIS ITEM HAS BEEN ADDED_item-has-been-added'

2020-03-20 09:52:15 - [MESSAGE][PASSED] - Keys '*' sent to object: 'Object Repository/ADMIN/Edit Text/Bespoke/Buyer Pages/Item Details/input_THIS ITEM HAS BEEN ADDED_item-has-been-added'

2020-03-20 09:52:15 - [TEST_STEP][PASSED] - sendKeys(findTestObject("ADMIN/Edit Text/Bespoke/Buyer Pages/Item Details/input_VIEW CART_btn_view_cart"), "*"): Keys '*' sent to object: 'Object Repository/ADMIN/Edit Text/Bespoke/Buyer Pages/Item Details/input_VIEW CART_btn_view_cart'

2020-03-20 09:52:16 - [MESSAGE][PASSED] - Keys '*' sent to object: 'Object Repository/ADMIN/Edit Text/Bespoke/Buyer Pages/Item Details/input_VIEW CART_btn_view_cart'

2020-03-20 09:52:16 - [TEST_STEP][PASSED] - sendKeys(findTestObject("ADMIN/Edit Text/Bespoke/Buyer Pages/Item Details/input_Reviews_reviews"), "*"): Keys '*' sent to object: 'Object Repository/ADMIN/Edit Text/Bespoke/Buyer Pages/Item Details/input_Reviews_reviews'

2020-03-20 09:52:16 - [MESSAGE][PASSED] - Keys '*' sent to object: 'Object Repository/ADMIN/Edit Text/Bespoke/Buyer Pages/Item Details/input_Reviews_reviews'

2020-03-20 09:52:16 - [TEST_STEP][PASSED] - sendKeys(findTestObject("ADMIN/Edit Text/Bespoke/Buyer Pages/Item Details/input_Rating Summary_rating-summary"), "*"): Keys '*' sent to object: 'Object Repository/ADMIN/Edit Text/Bespoke/Buyer Pages/Item Details/input_Rating Summary_rating-summary'

2020-03-20 09:52:16 - [MESSAGE][PASSED] - Keys '*' sent to object: 'Object Repository/ADMIN/Edit Text/Bespoke/Buyer Pages/Item Details/input_Rating Summary_rating-summary'

2020-03-20 09:52:16 - [TEST_STEP][PASSED] - sendKeys(findTestObject("ADMIN/Edit Text/Bespoke/Buyer Pages/Item Details/input_Positive Feedback_positive-feedback"), "*"): Keys '*' sent to object: 'Object Repository/ADMIN/Edit Text/Bespoke/Buyer Pages/Item Details/input_Positive Feedback_positive-feedback'

2020-03-20 09:52:16 - [MESSAGE][PASSED] - Keys '*' sent to object: 'Object Repository/ADMIN/Edit Text/Bespoke/Buyer Pages/Item Details/input_Positive Feedback_positive-feedback'

2020-03-20 09:52:16 - [TEST_STEP][PASSED] - sendKeys(findTestObject("ADMIN/Edit Text/Bespoke/Buyer Pages/Item Details/input_Excellent_excellent"), "*"): Keys '*' sent to object: 'Object Repository/ADMIN/Edit Text/Bespoke/Buyer Pages/Item Details/input_Excellent_excellent'

2020-03-20 09:52:16 - [MESSAGE][PASSED] - Keys '*' sent to object: 'Object Repository/ADMIN/Edit Text/Bespoke/Buyer Pages/Item Details/input_Excellent_excellent'

2020-03-20 09:52:16 - [TEST_STEP][PASSED] - sendKeys(findTestObject("ADMIN/Edit Text/Bespoke/Buyer Pages/Item Details/input_Great_great"), "*"): Keys '*' sent to object: 'Object Repository/ADMIN/Edit Text/Bespoke/Buyer Pages/Item Details/input_Great_great'

2020-03-20 09:52:16 - [MESSAGE][PASSED] - Keys '*' sent to object: 'Object Repository/ADMIN/Edit Text/Bespoke/Buyer Pages/Item Details/input_Great_great'

2020-03-20 09:52:16 - [TEST_STEP][PASSED] - sendKeys(findTestObject("ADMIN/Edit Text/Bespoke/Buyer Pages/Item Details/input_Good_good"), "*"): Keys '*' sent to object: 'Object Repository/ADMIN/Edit Text/Bespoke/Buyer Pages/Item Details/input_Good_good'

2020-03-20 09:52:16 - [MESSAGE][PASSED] - Keys '*' sent to object: 'Object Repository/ADMIN/Edit Text/Bespoke/Buyer Pages/Item Details/input_Good_good'

2020-03-20 09:52:16 - [TEST_STEP][PASSED] - sendKeys(findTestObject("ADMIN/Edit Text/Bespoke/Buyer Pages/Item Details/input_Okay_ok"), "*"): Keys '*' sent to object: 'Object Repository/ADMIN/Edit Text/Bespoke/Buyer Pages/Item Details/input_Okay_ok'

2020-03-20 09:52:16 - [MESSAGE][PASSED] - Keys '*' sent to object: 'Object Repository/ADMIN/Edit Text/Bespoke/Buyer Pages/Item Details/input_Okay_ok'

2020-03-20 09:52:16 - [TEST_STEP][PASSED] - sendKeys(findTestObject("ADMIN/Edit Text/Bespoke/Buyer Pages/Item Details/input_Unsatisfied_Unsatisfied"), "*"): Keys '*' sent to object: 'Object Repository/ADMIN/Edit Text/Bespoke/Buyer Pages/Item Details/input_Unsatisfied_Unsatisfied'

2020-03-20 09:52:17 - [MESSAGE][PASSED] - Keys '*' sent to object: 'Object Repository/ADMIN/Edit Text/Bespoke/Buyer Pages/Item Details/input_Unsatisfied_Unsatisfied'

2020-03-20 09:52:17 - [TEST_STEP][PASSED] - sendKeys(findTestObject("ADMIN/Edit Text/Bespoke/Buyer Pages/Item Details/input_Reply from_reply-from"), "*"): Keys '*' sent to object: 'Object Repository/ADMIN/Edit Text/Bespoke/Buyer Pages/Item Details/input_Reply from_reply-from'

2020-03-20 09:52:17 - [MESSAGE][PASSED] - Keys '*' sent to object: 'Object Repository/ADMIN/Edit Text/Bespoke/Buyer Pages/Item Details/input_Reply from_reply-from'

2020-03-20 09:52:17 - [TEST_STEP][PASSED] - sendKeys(findTestObject("ADMIN/Edit Text/Bespoke/Buyer Pages/Item Details/input_Reply_btn_view_cart"), "*"): Keys '*' sent to object: 'Object Repository/ADMIN/Edit Text/Bespoke/Buyer Pages/Item Details/input_Reply_btn_view_cart'

2020-03-20 09:52:17 - [MESSAGE][PASSED] - Keys '*' sent to object: 'Object Repository/ADMIN/Edit Text/Bespoke/Buyer Pages/Item Details/input_Reply_btn_view_cart'

2020-03-20 09:52:17 - [TEST_STEP][PASSED] - sendKeys(findTestObject("ADMIN/Edit Text/Bespoke/Buyer Pages/Item Details/input_REPLY TO_reply"), "*"): Keys '*' sent to object: 'Object Repository/ADMIN/Edit Text/Bespoke/Buyer Pages/Item Details/input_REPLY TO_reply'

2020-03-20 09:52:17 - [MESSAGE][PASSED] - Keys '*' sent to object: 'Object Repository/ADMIN/Edit Text/Bespoke/Buyer Pages/Item Details/input_REPLY TO_reply'

2020-03-20 09:52:17 - [TEST_STEP][PASSED] - sendKeys(findTestObject("ADMIN/Edit Text/Bespoke/Buyer Pages/Item Details/input_Leave a comment_leave-comment"), "*"): Keys '*' sent to object: 'Object Repository/ADMIN/Edit Text/Bespoke/Buyer Pages/Item Details/input_Leave a comment_leave-comment'

2020-03-20 09:52:17 - [MESSAGE][PASSED] - Keys '*' sent to object: 'Object Repository/ADMIN/Edit Text/Bespoke/Buyer Pages/Item Details/input_Leave a comment_leave-comment'

2020-03-20 09:52:17 - [TEST_STEP][PASSED] - sendKeys(findTestObject("ADMIN/Edit Text/Bespoke/Buyer Pages/Item Details/input_SUBMIT_btn_submit"), "*"): Keys '*' sent to object: 'Object Repository/ADMIN/Edit Text/Bespoke/Buyer Pages/Item Details/input_SUBMIT_btn_submit'

2020-03-20 09:52:17 - [MESSAGE][PASSED] - Keys '*' sent to object: 'Object Repository/ADMIN/Edit Text/Bespoke/Buyer Pages/Item Details/input_SUBMIT_btn_submit'

2020-03-20 09:52:17 - [TEST_STEP][PASSED] - click(findTestObject("ADMIN/Edit Text/Bespoke/Buyer Pages/Homepage/button_save"), CONTINUE_ON_FAILURE): Object: 'Object Repository/ADMIN/Edit Text/Bespoke/Buyer Pages/Homepage/button_save' is clicked on

2020-03-20 09:52:17 - [MESSAGE][PASSED] - Object: 'Object Repository/ADMIN/Edit Text/Bespoke/Buyer Pages/Homepage/button_save' is clicked on

2020-03-20 09:52:17 - [TEST_STEP][PASSED] - waitForElementVisible(findTestObject("ADMIN/Edit Text/Bespoke/Buyer Pages/Homepage/toaster_success"), 0): Object 'Object Repository/ADMIN/Edit Text/Bespoke/Buyer Pages/Homepage/toaster_success' is visible

2020-03-20 09:52:17 - [MESSAGE][WARNING] - Timeout '0' is invalid. Using default page load timeout: '30'

2020-03-20 09:52:18 - [MESSAGE][PASSED] - Object 'Object Repository/ADMIN/Edit Text/Bespoke/Buyer Pages/Homepage/toaster_success' is visible]]></system-out>
         <system-err><![CDATA[]]></system-err>
      </testcase>
      <testcase name="Test Cases/ADMIN/Language/Edit Text/Bespoke/Buyer Pages/Item Details" time="6.18" classname="Test Cases/ADMIN/Language/Edit Text/Bespoke/Buyer Pages/Item Details" status="PASSED">
         <system-out><![CDATA[2020-03-20 09:52:18 - [TEST_CASE][PASSED] - Test Cases/ADMIN/Language/Edit Text/Bespoke/Buyer Pages/Item Details: Test Cases/ADMIN/Language/Edit Text/Bespoke/Buyer Pages/Item Details

2020-03-20 09:52:18 - [TEST_STEP][PASSED] - waitForElementVisible(findTestObject("ADMIN/Edit Text/Bespoke/Buyer Navigation/dd_language"), 0): Object 'Object Repository/ADMIN/Edit Text/Bespoke/Buyer Navigation/dd_language' is visible

2020-03-20 09:52:18 - [MESSAGE][WARNING] - Timeout '0' is invalid. Using default page load timeout: '30'

2020-03-20 09:52:18 - [MESSAGE][PASSED] - Object 'Object Repository/ADMIN/Edit Text/Bespoke/Buyer Navigation/dd_language' is visible

2020-03-20 09:52:18 - [TEST_STEP][PASSED] - selectOptionByLabel(findTestObject("ADMIN/Edit Text/Bespoke/Buyer Navigation/dd_language"), varLanguage, false): All options with label 'Portuguese' are selected in object 'Object Repository/ADMIN/Edit Text/Bespoke/Buyer Navigation/dd_language' 

2020-03-20 09:52:19 - [MESSAGE][PASSED] - All options with label 'Portuguese' are selected in object 'Object Repository/ADMIN/Edit Text/Bespoke/Buyer Navigation/dd_language' 

2020-03-20 09:52:19 - [TEST_STEP][PASSED] - sendKeys(findTestObject("ADMIN/Edit Text/Bespoke/Buyer Pages/Item Details/input_Positive Feedback_item-feedbak"), "*"): Keys '*' sent to object: 'Object Repository/ADMIN/Edit Text/Bespoke/Buyer Pages/Item Details/input_Positive Feedback_item-feedbak'

2020-03-20 09:52:20 - [MESSAGE][PASSED] - Keys '*' sent to object: 'Object Repository/ADMIN/Edit Text/Bespoke/Buyer Pages/Item Details/input_Positive Feedback_item-feedbak'

2020-03-20 09:52:20 - [TEST_STEP][PASSED] - sendKeys(findTestObject("ADMIN/Edit Text/Bespoke/Buyer Pages/Item Details/input_ADD TO CART_1"), "*"): Keys '*' sent to object: 'Object Repository/ADMIN/Edit Text/Bespoke/Buyer Pages/Item Details/input_ADD TO CART_1'

2020-03-20 09:52:20 - [MESSAGE][PASSED] - Keys '*' sent to object: 'Object Repository/ADMIN/Edit Text/Bespoke/Buyer Pages/Item Details/input_ADD TO CART_1'

2020-03-20 09:52:20 - [TEST_STEP][PASSED] - sendKeys(findTestObject("ADMIN/Edit Text/Bespoke/Buyer Pages/Item Details/input_Quantity_item-qty"), "*"): Keys '*' sent to object: 'Object Repository/ADMIN/Edit Text/Bespoke/Buyer Pages/Item Details/input_Quantity_item-qty'

2020-03-20 09:52:20 - [MESSAGE][PASSED] - Keys '*' sent to object: 'Object Repository/ADMIN/Edit Text/Bespoke/Buyer Pages/Item Details/input_Quantity_item-qty'

2020-03-20 09:52:20 - [TEST_STEP][PASSED] - sendKeys(findTestObject("ADMIN/Edit Text/Bespoke/Buyer Pages/Item Details/input_Only_item-one"), "*"): Keys '*' sent to object: 'Object Repository/ADMIN/Edit Text/Bespoke/Buyer Pages/Item Details/input_Only_item-one'

2020-03-20 09:52:20 - [MESSAGE][PASSED] - Keys '*' sent to object: 'Object Repository/ADMIN/Edit Text/Bespoke/Buyer Pages/Item Details/input_Only_item-one'

2020-03-20 09:52:20 - [TEST_STEP][PASSED] - sendKeys(findTestObject("ADMIN/Edit Text/Bespoke/Buyer Pages/Item Details/input_left_item-left"), "*"): Keys '*' sent to object: 'Object Repository/ADMIN/Edit Text/Bespoke/Buyer Pages/Item Details/input_left_item-left'

2020-03-20 09:52:21 - [MESSAGE][PASSED] - Keys '*' sent to object: 'Object Repository/ADMIN/Edit Text/Bespoke/Buyer Pages/Item Details/input_left_item-left'

2020-03-20 09:52:21 - [TEST_STEP][PASSED] - sendKeys(findTestObject("ADMIN/Edit Text/Bespoke/Buyer Pages/Item Details/input_Out of Stock_text-stock"), "*"): Keys '*' sent to object: 'Object Repository/ADMIN/Edit Text/Bespoke/Buyer Pages/Item Details/input_Out of Stock_text-stock'

2020-03-20 09:52:21 - [MESSAGE][PASSED] - Keys '*' sent to object: 'Object Repository/ADMIN/Edit Text/Bespoke/Buyer Pages/Item Details/input_Out of Stock_text-stock'

2020-03-20 09:52:21 - [TEST_STEP][PASSED] - sendKeys(findTestObject("ADMIN/Edit Text/Bespoke/Buyer Pages/Item Details/input_Description_text-description"), "*"): Keys '*' sent to object: 'Object Repository/ADMIN/Edit Text/Bespoke/Buyer Pages/Item Details/input_Description_text-description'

2020-03-20 09:52:21 - [MESSAGE][PASSED] - Keys '*' sent to object: 'Object Repository/ADMIN/Edit Text/Bespoke/Buyer Pages/Item Details/input_Description_text-description'

2020-03-20 09:52:21 - [TEST_STEP][PASSED] - sendKeys(findTestObject("ADMIN/Edit Text/Bespoke/Buyer Pages/Item Details/input_Show More_text-show-more"), "*"): Keys '*' sent to object: 'Object Repository/ADMIN/Edit Text/Bespoke/Buyer Pages/Item Details/input_Show More_text-show-more'

2020-03-20 09:52:21 - [MESSAGE][PASSED] - Keys '*' sent to object: 'Object Repository/ADMIN/Edit Text/Bespoke/Buyer Pages/Item Details/input_Show More_text-show-more'

2020-03-20 09:52:21 - [TEST_STEP][PASSED] - sendKeys(findTestObject("ADMIN/Edit Text/Bespoke/Buyer Pages/Item Details/input_Show Less_text-show-less"), "*"): Keys '*' sent to object: 'Object Repository/ADMIN/Edit Text/Bespoke/Buyer Pages/Item Details/input_Show Less_text-show-less'

2020-03-20 09:52:21 - [MESSAGE][PASSED] - Keys '*' sent to object: 'Object Repository/ADMIN/Edit Text/Bespoke/Buyer Pages/Item Details/input_Show Less_text-show-less'

2020-03-20 09:52:21 - [TEST_STEP][PASSED] - sendKeys(findTestObject("ADMIN/Edit Text/Bespoke/Buyer Pages/Item Details/input_Choose a delivery method later_text-deliver-method"), "*"): Keys '*' sent to object: 'Object Repository/ADMIN/Edit Text/Bespoke/Buyer Pages/Item Details/input_Choose a delivery method later_text-deliver-method'

2020-03-20 09:52:21 - [MESSAGE][PASSED] - Keys '*' sent to object: 'Object Repository/ADMIN/Edit Text/Bespoke/Buyer Pages/Item Details/input_Choose a delivery method later_text-deliver-method'

2020-03-20 09:52:21 - [TEST_STEP][PASSED] - sendKeys(findTestObject("ADMIN/Edit Text/Bespoke/Buyer Pages/Item Details/input_Delivery_text-delivery"), "*"): Keys '*' sent to object: 'Object Repository/ADMIN/Edit Text/Bespoke/Buyer Pages/Item Details/input_Delivery_text-delivery'

2020-03-20 09:52:21 - [MESSAGE][PASSED] - Keys '*' sent to object: 'Object Repository/ADMIN/Edit Text/Bespoke/Buyer Pages/Item Details/input_Delivery_text-delivery'

2020-03-20 09:52:21 - [TEST_STEP][PASSED] - sendKeys(findTestObject("ADMIN/Edit Text/Bespoke/Buyer Pages/Item Details/input_Pick-Up_text-pickup"), "*"): Keys '*' sent to object: 'Object Repository/ADMIN/Edit Text/Bespoke/Buyer Pages/Item Details/input_Pick-Up_text-pickup'

2020-03-20 09:52:21 - [MESSAGE][PASSED] - Keys '*' sent to object: 'Object Repository/ADMIN/Edit Text/Bespoke/Buyer Pages/Item Details/input_Pick-Up_text-pickup'

2020-03-20 09:52:21 - [TEST_STEP][PASSED] - sendKeys(findTestObject("ADMIN/Edit Text/Bespoke/Buyer Pages/Item Details/input_Contact Seller_btn_add_cart"), "*"): Keys '*' sent to object: 'Object Repository/ADMIN/Edit Text/Bespoke/Buyer Pages/Item Details/input_Contact Seller_btn_add_cart'

2020-03-20 09:52:22 - [MESSAGE][PASSED] - Keys '*' sent to object: 'Object Repository/ADMIN/Edit Text/Bespoke/Buyer Pages/Item Details/input_Contact Seller_btn_add_cart'

2020-03-20 09:52:22 - [TEST_STEP][PASSED] - sendKeys(findTestObject("ADMIN/Edit Text/Bespoke/Buyer Pages/Item Details/input_ADD TO CART_2"), "*"): Keys '*' sent to object: 'Object Repository/ADMIN/Edit Text/Bespoke/Buyer Pages/Item Details/input_ADD TO CART_2'

2020-03-20 09:52:22 - [MESSAGE][PASSED] - Keys '*' sent to object: 'Object Repository/ADMIN/Edit Text/Bespoke/Buyer Pages/Item Details/input_ADD TO CART_2'

2020-03-20 09:52:22 - [TEST_STEP][PASSED] - sendKeys(findTestObject("ADMIN/Edit Text/Bespoke/Buyer Pages/Item Details/input_THIS ITEM HAS BEEN ADDED_item-has-been-added"), "*"): Keys '*' sent to object: 'Object Repository/ADMIN/Edit Text/Bespoke/Buyer Pages/Item Details/input_THIS ITEM HAS BEEN ADDED_item-has-been-added'

2020-03-20 09:52:22 - [MESSAGE][PASSED] - Keys '*' sent to object: 'Object Repository/ADMIN/Edit Text/Bespoke/Buyer Pages/Item Details/input_THIS ITEM HAS BEEN ADDED_item-has-been-added'

2020-03-20 09:52:22 - [TEST_STEP][PASSED] - sendKeys(findTestObject("ADMIN/Edit Text/Bespoke/Buyer Pages/Item Details/input_VIEW CART_btn_view_cart"), "*"): Keys '*' sent to object: 'Object Repository/ADMIN/Edit Text/Bespoke/Buyer Pages/Item Details/input_VIEW CART_btn_view_cart'

2020-03-20 09:52:22 - [MESSAGE][PASSED] - Keys '*' sent to object: 'Object Repository/ADMIN/Edit Text/Bespoke/Buyer Pages/Item Details/input_VIEW CART_btn_view_cart'

2020-03-20 09:52:22 - [TEST_STEP][PASSED] - sendKeys(findTestObject("ADMIN/Edit Text/Bespoke/Buyer Pages/Item Details/input_Reviews_reviews"), "*"): Keys '*' sent to object: 'Object Repository/ADMIN/Edit Text/Bespoke/Buyer Pages/Item Details/input_Reviews_reviews'

2020-03-20 09:52:22 - [MESSAGE][PASSED] - Keys '*' sent to object: 'Object Repository/ADMIN/Edit Text/Bespoke/Buyer Pages/Item Details/input_Reviews_reviews'

2020-03-20 09:52:22 - [TEST_STEP][PASSED] - sendKeys(findTestObject("ADMIN/Edit Text/Bespoke/Buyer Pages/Item Details/input_Rating Summary_rating-summary"), "*"): Keys '*' sent to object: 'Object Repository/ADMIN/Edit Text/Bespoke/Buyer Pages/Item Details/input_Rating Summary_rating-summary'

2020-03-20 09:52:22 - [MESSAGE][PASSED] - Keys '*' sent to object: 'Object Repository/ADMIN/Edit Text/Bespoke/Buyer Pages/Item Details/input_Rating Summary_rating-summary'

2020-03-20 09:52:22 - [TEST_STEP][PASSED] - sendKeys(findTestObject("ADMIN/Edit Text/Bespoke/Buyer Pages/Item Details/input_Positive Feedback_positive-feedback"), "*"): Keys '*' sent to object: 'Object Repository/ADMIN/Edit Text/Bespoke/Buyer Pages/Item Details/input_Positive Feedback_positive-feedback'

2020-03-20 09:52:22 - [MESSAGE][PASSED] - Keys '*' sent to object: 'Object Repository/ADMIN/Edit Text/Bespoke/Buyer Pages/Item Details/input_Positive Feedback_positive-feedback'

2020-03-20 09:52:22 - [TEST_STEP][PASSED] - sendKeys(findTestObject("ADMIN/Edit Text/Bespoke/Buyer Pages/Item Details/input_Excellent_excellent"), "*"): Keys '*' sent to object: 'Object Repository/ADMIN/Edit Text/Bespoke/Buyer Pages/Item Details/input_Excellent_excellent'

2020-03-20 09:52:22 - [MESSAGE][PASSED] - Keys '*' sent to object: 'Object Repository/ADMIN/Edit Text/Bespoke/Buyer Pages/Item Details/input_Excellent_excellent'

2020-03-20 09:52:22 - [TEST_STEP][PASSED] - sendKeys(findTestObject("ADMIN/Edit Text/Bespoke/Buyer Pages/Item Details/input_Great_great"), "*"): Keys '*' sent to object: 'Object Repository/ADMIN/Edit Text/Bespoke/Buyer Pages/Item Details/input_Great_great'

2020-03-20 09:52:22 - [MESSAGE][PASSED] - Keys '*' sent to object: 'Object Repository/ADMIN/Edit Text/Bespoke/Buyer Pages/Item Details/input_Great_great'

2020-03-20 09:52:22 - [TEST_STEP][PASSED] - sendKeys(findTestObject("ADMIN/Edit Text/Bespoke/Buyer Pages/Item Details/input_Good_good"), "*"): Keys '*' sent to object: 'Object Repository/ADMIN/Edit Text/Bespoke/Buyer Pages/Item Details/input_Good_good'

2020-03-20 09:52:23 - [MESSAGE][PASSED] - Keys '*' sent to object: 'Object Repository/ADMIN/Edit Text/Bespoke/Buyer Pages/Item Details/input_Good_good'

2020-03-20 09:52:23 - [TEST_STEP][PASSED] - sendKeys(findTestObject("ADMIN/Edit Text/Bespoke/Buyer Pages/Item Details/input_Okay_ok"), "*"): Keys '*' sent to object: 'Object Repository/ADMIN/Edit Text/Bespoke/Buyer Pages/Item Details/input_Okay_ok'

2020-03-20 09:52:23 - [MESSAGE][PASSED] - Keys '*' sent to object: 'Object Repository/ADMIN/Edit Text/Bespoke/Buyer Pages/Item Details/input_Okay_ok'

2020-03-20 09:52:23 - [TEST_STEP][PASSED] - sendKeys(findTestObject("ADMIN/Edit Text/Bespoke/Buyer Pages/Item Details/input_Unsatisfied_Unsatisfied"), "*"): Keys '*' sent to object: 'Object Repository/ADMIN/Edit Text/Bespoke/Buyer Pages/Item Details/input_Unsatisfied_Unsatisfied'

2020-03-20 09:52:23 - [MESSAGE][PASSED] - Keys '*' sent to object: 'Object Repository/ADMIN/Edit Text/Bespoke/Buyer Pages/Item Details/input_Unsatisfied_Unsatisfied'

2020-03-20 09:52:23 - [TEST_STEP][PASSED] - sendKeys(findTestObject("ADMIN/Edit Text/Bespoke/Buyer Pages/Item Details/input_Reply from_reply-from"), "*"): Keys '*' sent to object: 'Object Repository/ADMIN/Edit Text/Bespoke/Buyer Pages/Item Details/input_Reply from_reply-from'

2020-03-20 09:52:23 - [MESSAGE][PASSED] - Keys '*' sent to object: 'Object Repository/ADMIN/Edit Text/Bespoke/Buyer Pages/Item Details/input_Reply from_reply-from'

2020-03-20 09:52:23 - [TEST_STEP][PASSED] - sendKeys(findTestObject("ADMIN/Edit Text/Bespoke/Buyer Pages/Item Details/input_Reply_btn_view_cart"), "*"): Keys '*' sent to object: 'Object Repository/ADMIN/Edit Text/Bespoke/Buyer Pages/Item Details/input_Reply_btn_view_cart'

2020-03-20 09:52:23 - [MESSAGE][PASSED] - Keys '*' sent to object: 'Object Repository/ADMIN/Edit Text/Bespoke/Buyer Pages/Item Details/input_Reply_btn_view_cart'

2020-03-20 09:52:23 - [TEST_STEP][PASSED] - sendKeys(findTestObject("ADMIN/Edit Text/Bespoke/Buyer Pages/Item Details/input_REPLY TO_reply"), "*"): Keys '*' sent to object: 'Object Repository/ADMIN/Edit Text/Bespoke/Buyer Pages/Item Details/input_REPLY TO_reply'

2020-03-20 09:52:23 - [MESSAGE][PASSED] - Keys '*' sent to object: 'Object Repository/ADMIN/Edit Text/Bespoke/Buyer Pages/Item Details/input_REPLY TO_reply'

2020-03-20 09:52:23 - [TEST_STEP][PASSED] - sendKeys(findTestObject("ADMIN/Edit Text/Bespoke/Buyer Pages/Item Details/input_Leave a comment_leave-comment"), "*"): Keys '*' sent to object: 'Object Repository/ADMIN/Edit Text/Bespoke/Buyer Pages/Item Details/input_Leave a comment_leave-comment'

2020-03-20 09:52:23 - [MESSAGE][PASSED] - Keys '*' sent to object: 'Object Repository/ADMIN/Edit Text/Bespoke/Buyer Pages/Item Details/input_Leave a comment_leave-comment'

2020-03-20 09:52:23 - [TEST_STEP][PASSED] - sendKeys(findTestObject("ADMIN/Edit Text/Bespoke/Buyer Pages/Item Details/input_SUBMIT_btn_submit"), "*"): Keys '*' sent to object: 'Object Repository/ADMIN/Edit Text/Bespoke/Buyer Pages/Item Details/input_SUBMIT_btn_submit'

2020-03-20 09:52:24 - [MESSAGE][PASSED] - Keys '*' sent to object: 'Object Repository/ADMIN/Edit Text/Bespoke/Buyer Pages/Item Details/input_SUBMIT_btn_submit'

2020-03-20 09:52:24 - [TEST_STEP][PASSED] - click(findTestObject("ADMIN/Edit Text/Bespoke/Buyer Pages/Homepage/button_save"), CONTINUE_ON_FAILURE): Object: 'Object Repository/ADMIN/Edit Text/Bespoke/Buyer Pages/Homepage/button_save' is clicked on

2020-03-20 09:52:24 - [MESSAGE][PASSED] - Object: 'Object Repository/ADMIN/Edit Text/Bespoke/Buyer Pages/Homepage/button_save' is clicked on

2020-03-20 09:52:24 - [TEST_STEP][PASSED] - waitForElementVisible(findTestObject("ADMIN/Edit Text/Bespoke/Buyer Pages/Homepage/toaster_success"), 0): Object 'Object Repository/ADMIN/Edit Text/Bespoke/Buyer Pages/Homepage/toaster_success' is visible

2020-03-20 09:52:24 - [MESSAGE][WARNING] - Timeout '0' is invalid. Using default page load timeout: '30'

2020-03-20 09:52:24 - [MESSAGE][PASSED] - Object 'Object Repository/ADMIN/Edit Text/Bespoke/Buyer Pages/Homepage/toaster_success' is visible]]></system-out>
         <system-err><![CDATA[]]></system-err>
      </testcase>
      <testcase name="Test Cases/ADMIN/Language/Edit Text/Bespoke/Buyer Pages/Item Details" time="7.207" classname="Test Cases/ADMIN/Language/Edit Text/Bespoke/Buyer Pages/Item Details" status="PASSED">
         <system-out><![CDATA[2020-03-20 09:52:24 - [TEST_CASE][PASSED] - Test Cases/ADMIN/Language/Edit Text/Bespoke/Buyer Pages/Item Details: Test Cases/ADMIN/Language/Edit Text/Bespoke/Buyer Pages/Item Details

2020-03-20 09:52:24 - [TEST_STEP][PASSED] - waitForElementVisible(findTestObject("ADMIN/Edit Text/Bespoke/Buyer Navigation/dd_language"), 0): Object 'Object Repository/ADMIN/Edit Text/Bespoke/Buyer Navigation/dd_language' is visible

2020-03-20 09:52:24 - [MESSAGE][WARNING] - Timeout '0' is invalid. Using default page load timeout: '30'

2020-03-20 09:52:24 - [MESSAGE][PASSED] - Object 'Object Repository/ADMIN/Edit Text/Bespoke/Buyer Navigation/dd_language' is visible

2020-03-20 09:52:24 - [TEST_STEP][PASSED] - selectOptionByLabel(findTestObject("ADMIN/Edit Text/Bespoke/Buyer Navigation/dd_language"), varLanguage, false): All options with label 'Indonesian' are selected in object 'Object Repository/ADMIN/Edit Text/Bespoke/Buyer Navigation/dd_language' 

2020-03-20 09:52:26 - [MESSAGE][PASSED] - All options with label 'Indonesian' are selected in object 'Object Repository/ADMIN/Edit Text/Bespoke/Buyer Navigation/dd_language' 

2020-03-20 09:52:26 - [TEST_STEP][PASSED] - sendKeys(findTestObject("ADMIN/Edit Text/Bespoke/Buyer Pages/Item Details/input_Positive Feedback_item-feedbak"), "*"): Keys '*' sent to object: 'Object Repository/ADMIN/Edit Text/Bespoke/Buyer Pages/Item Details/input_Positive Feedback_item-feedbak'

2020-03-20 09:52:26 - [MESSAGE][PASSED] - Keys '*' sent to object: 'Object Repository/ADMIN/Edit Text/Bespoke/Buyer Pages/Item Details/input_Positive Feedback_item-feedbak'

2020-03-20 09:52:26 - [TEST_STEP][PASSED] - sendKeys(findTestObject("ADMIN/Edit Text/Bespoke/Buyer Pages/Item Details/input_ADD TO CART_1"), "*"): Keys '*' sent to object: 'Object Repository/ADMIN/Edit Text/Bespoke/Buyer Pages/Item Details/input_ADD TO CART_1'

2020-03-20 09:52:27 - [MESSAGE][PASSED] - Keys '*' sent to object: 'Object Repository/ADMIN/Edit Text/Bespoke/Buyer Pages/Item Details/input_ADD TO CART_1'

2020-03-20 09:52:27 - [TEST_STEP][PASSED] - sendKeys(findTestObject("ADMIN/Edit Text/Bespoke/Buyer Pages/Item Details/input_Quantity_item-qty"), "*"): Keys '*' sent to object: 'Object Repository/ADMIN/Edit Text/Bespoke/Buyer Pages/Item Details/input_Quantity_item-qty'

2020-03-20 09:52:27 - [MESSAGE][PASSED] - Keys '*' sent to object: 'Object Repository/ADMIN/Edit Text/Bespoke/Buyer Pages/Item Details/input_Quantity_item-qty'

2020-03-20 09:52:27 - [TEST_STEP][PASSED] - sendKeys(findTestObject("ADMIN/Edit Text/Bespoke/Buyer Pages/Item Details/input_Only_item-one"), "*"): Keys '*' sent to object: 'Object Repository/ADMIN/Edit Text/Bespoke/Buyer Pages/Item Details/input_Only_item-one'

2020-03-20 09:52:27 - [MESSAGE][PASSED] - Keys '*' sent to object: 'Object Repository/ADMIN/Edit Text/Bespoke/Buyer Pages/Item Details/input_Only_item-one'

2020-03-20 09:52:27 - [TEST_STEP][PASSED] - sendKeys(findTestObject("ADMIN/Edit Text/Bespoke/Buyer Pages/Item Details/input_left_item-left"), "*"): Keys '*' sent to object: 'Object Repository/ADMIN/Edit Text/Bespoke/Buyer Pages/Item Details/input_left_item-left'

2020-03-20 09:52:27 - [MESSAGE][PASSED] - Keys '*' sent to object: 'Object Repository/ADMIN/Edit Text/Bespoke/Buyer Pages/Item Details/input_left_item-left'

2020-03-20 09:52:27 - [TEST_STEP][PASSED] - sendKeys(findTestObject("ADMIN/Edit Text/Bespoke/Buyer Pages/Item Details/input_Out of Stock_text-stock"), "*"): Keys '*' sent to object: 'Object Repository/ADMIN/Edit Text/Bespoke/Buyer Pages/Item Details/input_Out of Stock_text-stock'

2020-03-20 09:52:27 - [MESSAGE][PASSED] - Keys '*' sent to object: 'Object Repository/ADMIN/Edit Text/Bespoke/Buyer Pages/Item Details/input_Out of Stock_text-stock'

2020-03-20 09:52:27 - [TEST_STEP][PASSED] - sendKeys(findTestObject("ADMIN/Edit Text/Bespoke/Buyer Pages/Item Details/input_Description_text-description"), "*"): Keys '*' sent to object: 'Object Repository/ADMIN/Edit Text/Bespoke/Buyer Pages/Item Details/input_Description_text-description'

2020-03-20 09:52:28 - [MESSAGE][PASSED] - Keys '*' sent to object: 'Object Repository/ADMIN/Edit Text/Bespoke/Buyer Pages/Item Details/input_Description_text-description'

2020-03-20 09:52:28 - [TEST_STEP][PASSED] - sendKeys(findTestObject("ADMIN/Edit Text/Bespoke/Buyer Pages/Item Details/input_Show More_text-show-more"), "*"): Keys '*' sent to object: 'Object Repository/ADMIN/Edit Text/Bespoke/Buyer Pages/Item Details/input_Show More_text-show-more'

2020-03-20 09:52:28 - [MESSAGE][PASSED] - Keys '*' sent to object: 'Object Repository/ADMIN/Edit Text/Bespoke/Buyer Pages/Item Details/input_Show More_text-show-more'

2020-03-20 09:52:28 - [TEST_STEP][PASSED] - sendKeys(findTestObject("ADMIN/Edit Text/Bespoke/Buyer Pages/Item Details/input_Show Less_text-show-less"), "*"): Keys '*' sent to object: 'Object Repository/ADMIN/Edit Text/Bespoke/Buyer Pages/Item Details/input_Show Less_text-show-less'

2020-03-20 09:52:28 - [MESSAGE][PASSED] - Keys '*' sent to object: 'Object Repository/ADMIN/Edit Text/Bespoke/Buyer Pages/Item Details/input_Show Less_text-show-less'

2020-03-20 09:52:28 - [TEST_STEP][PASSED] - sendKeys(findTestObject("ADMIN/Edit Text/Bespoke/Buyer Pages/Item Details/input_Choose a delivery method later_text-deliver-method"), "*"): Keys '*' sent to object: 'Object Repository/ADMIN/Edit Text/Bespoke/Buyer Pages/Item Details/input_Choose a delivery method later_text-deliver-method'

2020-03-20 09:52:28 - [MESSAGE][PASSED] - Keys '*' sent to object: 'Object Repository/ADMIN/Edit Text/Bespoke/Buyer Pages/Item Details/input_Choose a delivery method later_text-deliver-method'

2020-03-20 09:52:28 - [TEST_STEP][PASSED] - sendKeys(findTestObject("ADMIN/Edit Text/Bespoke/Buyer Pages/Item Details/input_Delivery_text-delivery"), "*"): Keys '*' sent to object: 'Object Repository/ADMIN/Edit Text/Bespoke/Buyer Pages/Item Details/input_Delivery_text-delivery'

2020-03-20 09:52:28 - [MESSAGE][PASSED] - Keys '*' sent to object: 'Object Repository/ADMIN/Edit Text/Bespoke/Buyer Pages/Item Details/input_Delivery_text-delivery'

2020-03-20 09:52:28 - [TEST_STEP][PASSED] - sendKeys(findTestObject("ADMIN/Edit Text/Bespoke/Buyer Pages/Item Details/input_Pick-Up_text-pickup"), "*"): Keys '*' sent to object: 'Object Repository/ADMIN/Edit Text/Bespoke/Buyer Pages/Item Details/input_Pick-Up_text-pickup'

2020-03-20 09:52:28 - [MESSAGE][PASSED] - Keys '*' sent to object: 'Object Repository/ADMIN/Edit Text/Bespoke/Buyer Pages/Item Details/input_Pick-Up_text-pickup'

2020-03-20 09:52:28 - [TEST_STEP][PASSED] - sendKeys(findTestObject("ADMIN/Edit Text/Bespoke/Buyer Pages/Item Details/input_Contact Seller_btn_add_cart"), "*"): Keys '*' sent to object: 'Object Repository/ADMIN/Edit Text/Bespoke/Buyer Pages/Item Details/input_Contact Seller_btn_add_cart'

2020-03-20 09:52:28 - [MESSAGE][PASSED] - Keys '*' sent to object: 'Object Repository/ADMIN/Edit Text/Bespoke/Buyer Pages/Item Details/input_Contact Seller_btn_add_cart'

2020-03-20 09:52:28 - [TEST_STEP][PASSED] - sendKeys(findTestObject("ADMIN/Edit Text/Bespoke/Buyer Pages/Item Details/input_ADD TO CART_2"), "*"): Keys '*' sent to object: 'Object Repository/ADMIN/Edit Text/Bespoke/Buyer Pages/Item Details/input_ADD TO CART_2'

2020-03-20 09:52:28 - [MESSAGE][PASSED] - Keys '*' sent to object: 'Object Repository/ADMIN/Edit Text/Bespoke/Buyer Pages/Item Details/input_ADD TO CART_2'

2020-03-20 09:52:28 - [TEST_STEP][PASSED] - sendKeys(findTestObject("ADMIN/Edit Text/Bespoke/Buyer Pages/Item Details/input_THIS ITEM HAS BEEN ADDED_item-has-been-added"), "*"): Keys '*' sent to object: 'Object Repository/ADMIN/Edit Text/Bespoke/Buyer Pages/Item Details/input_THIS ITEM HAS BEEN ADDED_item-has-been-added'

2020-03-20 09:52:29 - [MESSAGE][PASSED] - Keys '*' sent to object: 'Object Repository/ADMIN/Edit Text/Bespoke/Buyer Pages/Item Details/input_THIS ITEM HAS BEEN ADDED_item-has-been-added'

2020-03-20 09:52:29 - [TEST_STEP][PASSED] - sendKeys(findTestObject("ADMIN/Edit Text/Bespoke/Buyer Pages/Item Details/input_VIEW CART_btn_view_cart"), "*"): Keys '*' sent to object: 'Object Repository/ADMIN/Edit Text/Bespoke/Buyer Pages/Item Details/input_VIEW CART_btn_view_cart'

2020-03-20 09:52:29 - [MESSAGE][PASSED] - Keys '*' sent to object: 'Object Repository/ADMIN/Edit Text/Bespoke/Buyer Pages/Item Details/input_VIEW CART_btn_view_cart'

2020-03-20 09:52:29 - [TEST_STEP][PASSED] - sendKeys(findTestObject("ADMIN/Edit Text/Bespoke/Buyer Pages/Item Details/input_Reviews_reviews"), "*"): Keys '*' sent to object: 'Object Repository/ADMIN/Edit Text/Bespoke/Buyer Pages/Item Details/input_Reviews_reviews'

2020-03-20 09:52:29 - [MESSAGE][PASSED] - Keys '*' sent to object: 'Object Repository/ADMIN/Edit Text/Bespoke/Buyer Pages/Item Details/input_Reviews_reviews'

2020-03-20 09:52:29 - [TEST_STEP][PASSED] - sendKeys(findTestObject("ADMIN/Edit Text/Bespoke/Buyer Pages/Item Details/input_Rating Summary_rating-summary"), "*"): Keys '*' sent to object: 'Object Repository/ADMIN/Edit Text/Bespoke/Buyer Pages/Item Details/input_Rating Summary_rating-summary'

2020-03-20 09:52:29 - [MESSAGE][PASSED] - Keys '*' sent to object: 'Object Repository/ADMIN/Edit Text/Bespoke/Buyer Pages/Item Details/input_Rating Summary_rating-summary'

2020-03-20 09:52:29 - [TEST_STEP][PASSED] - sendKeys(findTestObject("ADMIN/Edit Text/Bespoke/Buyer Pages/Item Details/input_Positive Feedback_positive-feedback"), "*"): Keys '*' sent to object: 'Object Repository/ADMIN/Edit Text/Bespoke/Buyer Pages/Item Details/input_Positive Feedback_positive-feedback'

2020-03-20 09:52:29 - [MESSAGE][PASSED] - Keys '*' sent to object: 'Object Repository/ADMIN/Edit Text/Bespoke/Buyer Pages/Item Details/input_Positive Feedback_positive-feedback'

2020-03-20 09:52:29 - [TEST_STEP][PASSED] - sendKeys(findTestObject("ADMIN/Edit Text/Bespoke/Buyer Pages/Item Details/input_Excellent_excellent"), "*"): Keys '*' sent to object: 'Object Repository/ADMIN/Edit Text/Bespoke/Buyer Pages/Item Details/input_Excellent_excellent'

2020-03-20 09:52:29 - [MESSAGE][PASSED] - Keys '*' sent to object: 'Object Repository/ADMIN/Edit Text/Bespoke/Buyer Pages/Item Details/input_Excellent_excellent'

2020-03-20 09:52:29 - [TEST_STEP][PASSED] - sendKeys(findTestObject("ADMIN/Edit Text/Bespoke/Buyer Pages/Item Details/input_Great_great"), "*"): Keys '*' sent to object: 'Object Repository/ADMIN/Edit Text/Bespoke/Buyer Pages/Item Details/input_Great_great'

2020-03-20 09:52:29 - [MESSAGE][PASSED] - Keys '*' sent to object: 'Object Repository/ADMIN/Edit Text/Bespoke/Buyer Pages/Item Details/input_Great_great'

2020-03-20 09:52:29 - [TEST_STEP][PASSED] - sendKeys(findTestObject("ADMIN/Edit Text/Bespoke/Buyer Pages/Item Details/input_Good_good"), "*"): Keys '*' sent to object: 'Object Repository/ADMIN/Edit Text/Bespoke/Buyer Pages/Item Details/input_Good_good'

2020-03-20 09:52:30 - [MESSAGE][PASSED] - Keys '*' sent to object: 'Object Repository/ADMIN/Edit Text/Bespoke/Buyer Pages/Item Details/input_Good_good'

2020-03-20 09:52:30 - [TEST_STEP][PASSED] - sendKeys(findTestObject("ADMIN/Edit Text/Bespoke/Buyer Pages/Item Details/input_Okay_ok"), "*"): Keys '*' sent to object: 'Object Repository/ADMIN/Edit Text/Bespoke/Buyer Pages/Item Details/input_Okay_ok'

2020-03-20 09:52:30 - [MESSAGE][PASSED] - Keys '*' sent to object: 'Object Repository/ADMIN/Edit Text/Bespoke/Buyer Pages/Item Details/input_Okay_ok'

2020-03-20 09:52:30 - [TEST_STEP][PASSED] - sendKeys(findTestObject("ADMIN/Edit Text/Bespoke/Buyer Pages/Item Details/input_Unsatisfied_Unsatisfied"), "*"): Keys '*' sent to object: 'Object Repository/ADMIN/Edit Text/Bespoke/Buyer Pages/Item Details/input_Unsatisfied_Unsatisfied'

2020-03-20 09:52:30 - [MESSAGE][PASSED] - Keys '*' sent to object: 'Object Repository/ADMIN/Edit Text/Bespoke/Buyer Pages/Item Details/input_Unsatisfied_Unsatisfied'

2020-03-20 09:52:30 - [TEST_STEP][PASSED] - sendKeys(findTestObject("ADMIN/Edit Text/Bespoke/Buyer Pages/Item Details/input_Reply from_reply-from"), "*"): Keys '*' sent to object: 'Object Repository/ADMIN/Edit Text/Bespoke/Buyer Pages/Item Details/input_Reply from_reply-from'

2020-03-20 09:52:30 - [MESSAGE][PASSED] - Keys '*' sent to object: 'Object Repository/ADMIN/Edit Text/Bespoke/Buyer Pages/Item Details/input_Reply from_reply-from'

2020-03-20 09:52:30 - [TEST_STEP][PASSED] - sendKeys(findTestObject("ADMIN/Edit Text/Bespoke/Buyer Pages/Item Details/input_Reply_btn_view_cart"), "*"): Keys '*' sent to object: 'Object Repository/ADMIN/Edit Text/Bespoke/Buyer Pages/Item Details/input_Reply_btn_view_cart'

2020-03-20 09:52:30 - [MESSAGE][PASSED] - Keys '*' sent to object: 'Object Repository/ADMIN/Edit Text/Bespoke/Buyer Pages/Item Details/input_Reply_btn_view_cart'

2020-03-20 09:52:30 - [TEST_STEP][PASSED] - sendKeys(findTestObject("ADMIN/Edit Text/Bespoke/Buyer Pages/Item Details/input_REPLY TO_reply"), "*"): Keys '*' sent to object: 'Object Repository/ADMIN/Edit Text/Bespoke/Buyer Pages/Item Details/input_REPLY TO_reply'

2020-03-20 09:52:30 - [MESSAGE][PASSED] - Keys '*' sent to object: 'Object Repository/ADMIN/Edit Text/Bespoke/Buyer Pages/Item Details/input_REPLY TO_reply'

2020-03-20 09:52:30 - [TEST_STEP][PASSED] - sendKeys(findTestObject("ADMIN/Edit Text/Bespoke/Buyer Pages/Item Details/input_Leave a comment_leave-comment"), "*"): Keys '*' sent to object: 'Object Repository/ADMIN/Edit Text/Bespoke/Buyer Pages/Item Details/input_Leave a comment_leave-comment'

2020-03-20 09:52:31 - [MESSAGE][PASSED] - Keys '*' sent to object: 'Object Repository/ADMIN/Edit Text/Bespoke/Buyer Pages/Item Details/input_Leave a comment_leave-comment'

2020-03-20 09:52:31 - [TEST_STEP][PASSED] - sendKeys(findTestObject("ADMIN/Edit Text/Bespoke/Buyer Pages/Item Details/input_SUBMIT_btn_submit"), "*"): Keys '*' sent to object: 'Object Repository/ADMIN/Edit Text/Bespoke/Buyer Pages/Item Details/input_SUBMIT_btn_submit'

2020-03-20 09:52:31 - [MESSAGE][PASSED] - Keys '*' sent to object: 'Object Repository/ADMIN/Edit Text/Bespoke/Buyer Pages/Item Details/input_SUBMIT_btn_submit'

2020-03-20 09:52:31 - [TEST_STEP][PASSED] - click(findTestObject("ADMIN/Edit Text/Bespoke/Buyer Pages/Homepage/button_save"), CONTINUE_ON_FAILURE): Object: 'Object Repository/ADMIN/Edit Text/Bespoke/Buyer Pages/Homepage/button_save' is clicked on

2020-03-20 09:52:31 - [MESSAGE][PASSED] - Object: 'Object Repository/ADMIN/Edit Text/Bespoke/Buyer Pages/Homepage/button_save' is clicked on

2020-03-20 09:52:31 - [TEST_STEP][PASSED] - waitForElementVisible(findTestObject("ADMIN/Edit Text/Bespoke/Buyer Pages/Homepage/toaster_success"), 0): Object 'Object Repository/ADMIN/Edit Text/Bespoke/Buyer Pages/Homepage/toaster_success' is visible

2020-03-20 09:52:31 - [MESSAGE][WARNING] - Timeout '0' is invalid. Using default page load timeout: '30'

2020-03-20 09:52:31 - [MESSAGE][PASSED] - Object 'Object Repository/ADMIN/Edit Text/Bespoke/Buyer Pages/Homepage/toaster_success' is visible]]></system-out>
         <system-err><![CDATA[]]></system-err>
      </testcase>
      <testcase name="Test Cases/ADMIN/Language/Edit Text/Bespoke/Buyer Pages/Item Details" time="6.475" classname="Test Cases/ADMIN/Language/Edit Text/Bespoke/Buyer Pages/Item Details" status="PASSED">
         <system-out><![CDATA[2020-03-20 09:52:31 - [TEST_CASE][PASSED] - Test Cases/ADMIN/Language/Edit Text/Bespoke/Buyer Pages/Item Details: Test Cases/ADMIN/Language/Edit Text/Bespoke/Buyer Pages/Item Details

2020-03-20 09:52:31 - [TEST_STEP][PASSED] - waitForElementVisible(findTestObject("ADMIN/Edit Text/Bespoke/Buyer Navigation/dd_language"), 0): Object 'Object Repository/ADMIN/Edit Text/Bespoke/Buyer Navigation/dd_language' is visible

2020-03-20 09:52:32 - [MESSAGE][WARNING] - Timeout '0' is invalid. Using default page load timeout: '30'

2020-03-20 09:52:32 - [MESSAGE][PASSED] - Object 'Object Repository/ADMIN/Edit Text/Bespoke/Buyer Navigation/dd_language' is visible

2020-03-20 09:52:32 - [TEST_STEP][PASSED] - selectOptionByLabel(findTestObject("ADMIN/Edit Text/Bespoke/Buyer Navigation/dd_language"), varLanguage, false): All options with label 'Russian' are selected in object 'Object Repository/ADMIN/Edit Text/Bespoke/Buyer Navigation/dd_language' 

2020-03-20 09:52:33 - [MESSAGE][PASSED] - All options with label 'Russian' are selected in object 'Object Repository/ADMIN/Edit Text/Bespoke/Buyer Navigation/dd_language' 

2020-03-20 09:52:33 - [TEST_STEP][PASSED] - sendKeys(findTestObject("ADMIN/Edit Text/Bespoke/Buyer Pages/Item Details/input_Positive Feedback_item-feedbak"), "*"): Keys '*' sent to object: 'Object Repository/ADMIN/Edit Text/Bespoke/Buyer Pages/Item Details/input_Positive Feedback_item-feedbak'

2020-03-20 09:52:34 - [MESSAGE][PASSED] - Keys '*' sent to object: 'Object Repository/ADMIN/Edit Text/Bespoke/Buyer Pages/Item Details/input_Positive Feedback_item-feedbak'

2020-03-20 09:52:34 - [TEST_STEP][PASSED] - sendKeys(findTestObject("ADMIN/Edit Text/Bespoke/Buyer Pages/Item Details/input_ADD TO CART_1"), "*"): Keys '*' sent to object: 'Object Repository/ADMIN/Edit Text/Bespoke/Buyer Pages/Item Details/input_ADD TO CART_1'

2020-03-20 09:52:34 - [MESSAGE][PASSED] - Keys '*' sent to object: 'Object Repository/ADMIN/Edit Text/Bespoke/Buyer Pages/Item Details/input_ADD TO CART_1'

2020-03-20 09:52:34 - [TEST_STEP][PASSED] - sendKeys(findTestObject("ADMIN/Edit Text/Bespoke/Buyer Pages/Item Details/input_Quantity_item-qty"), "*"): Keys '*' sent to object: 'Object Repository/ADMIN/Edit Text/Bespoke/Buyer Pages/Item Details/input_Quantity_item-qty'

2020-03-20 09:52:34 - [MESSAGE][PASSED] - Keys '*' sent to object: 'Object Repository/ADMIN/Edit Text/Bespoke/Buyer Pages/Item Details/input_Quantity_item-qty'

2020-03-20 09:52:34 - [TEST_STEP][PASSED] - sendKeys(findTestObject("ADMIN/Edit Text/Bespoke/Buyer Pages/Item Details/input_Only_item-one"), "*"): Keys '*' sent to object: 'Object Repository/ADMIN/Edit Text/Bespoke/Buyer Pages/Item Details/input_Only_item-one'

2020-03-20 09:52:34 - [MESSAGE][PASSED] - Keys '*' sent to object: 'Object Repository/ADMIN/Edit Text/Bespoke/Buyer Pages/Item Details/input_Only_item-one'

2020-03-20 09:52:34 - [TEST_STEP][PASSED] - sendKeys(findTestObject("ADMIN/Edit Text/Bespoke/Buyer Pages/Item Details/input_left_item-left"), "*"): Keys '*' sent to object: 'Object Repository/ADMIN/Edit Text/Bespoke/Buyer Pages/Item Details/input_left_item-left'

2020-03-20 09:52:34 - [MESSAGE][PASSED] - Keys '*' sent to object: 'Object Repository/ADMIN/Edit Text/Bespoke/Buyer Pages/Item Details/input_left_item-left'

2020-03-20 09:52:34 - [TEST_STEP][PASSED] - sendKeys(findTestObject("ADMIN/Edit Text/Bespoke/Buyer Pages/Item Details/input_Out of Stock_text-stock"), "*"): Keys '*' sent to object: 'Object Repository/ADMIN/Edit Text/Bespoke/Buyer Pages/Item Details/input_Out of Stock_text-stock'

2020-03-20 09:52:34 - [MESSAGE][PASSED] - Keys '*' sent to object: 'Object Repository/ADMIN/Edit Text/Bespoke/Buyer Pages/Item Details/input_Out of Stock_text-stock'

2020-03-20 09:52:34 - [TEST_STEP][PASSED] - sendKeys(findTestObject("ADMIN/Edit Text/Bespoke/Buyer Pages/Item Details/input_Description_text-description"), "*"): Keys '*' sent to object: 'Object Repository/ADMIN/Edit Text/Bespoke/Buyer Pages/Item Details/input_Description_text-description'

2020-03-20 09:52:35 - [MESSAGE][PASSED] - Keys '*' sent to object: 'Object Repository/ADMIN/Edit Text/Bespoke/Buyer Pages/Item Details/input_Description_text-description'

2020-03-20 09:52:35 - [TEST_STEP][PASSED] - sendKeys(findTestObject("ADMIN/Edit Text/Bespoke/Buyer Pages/Item Details/input_Show More_text-show-more"), "*"): Keys '*' sent to object: 'Object Repository/ADMIN/Edit Text/Bespoke/Buyer Pages/Item Details/input_Show More_text-show-more'

2020-03-20 09:52:35 - [MESSAGE][PASSED] - Keys '*' sent to object: 'Object Repository/ADMIN/Edit Text/Bespoke/Buyer Pages/Item Details/input_Show More_text-show-more'

2020-03-20 09:52:35 - [TEST_STEP][PASSED] - sendKeys(findTestObject("ADMIN/Edit Text/Bespoke/Buyer Pages/Item Details/input_Show Less_text-show-less"), "*"): Keys '*' sent to object: 'Object Repository/ADMIN/Edit Text/Bespoke/Buyer Pages/Item Details/input_Show Less_text-show-less'

2020-03-20 09:52:35 - [MESSAGE][PASSED] - Keys '*' sent to object: 'Object Repository/ADMIN/Edit Text/Bespoke/Buyer Pages/Item Details/input_Show Less_text-show-less'

2020-03-20 09:52:35 - [TEST_STEP][PASSED] - sendKeys(findTestObject("ADMIN/Edit Text/Bespoke/Buyer Pages/Item Details/input_Choose a delivery method later_text-deliver-method"), "*"): Keys '*' sent to object: 'Object Repository/ADMIN/Edit Text/Bespoke/Buyer Pages/Item Details/input_Choose a delivery method later_text-deliver-method'

2020-03-20 09:52:35 - [MESSAGE][PASSED] - Keys '*' sent to object: 'Object Repository/ADMIN/Edit Text/Bespoke/Buyer Pages/Item Details/input_Choose a delivery method later_text-deliver-method'

2020-03-20 09:52:35 - [TEST_STEP][PASSED] - sendKeys(findTestObject("ADMIN/Edit Text/Bespoke/Buyer Pages/Item Details/input_Delivery_text-delivery"), "*"): Keys '*' sent to object: 'Object Repository/ADMIN/Edit Text/Bespoke/Buyer Pages/Item Details/input_Delivery_text-delivery'

2020-03-20 09:52:35 - [MESSAGE][PASSED] - Keys '*' sent to object: 'Object Repository/ADMIN/Edit Text/Bespoke/Buyer Pages/Item Details/input_Delivery_text-delivery'

2020-03-20 09:52:35 - [TEST_STEP][PASSED] - sendKeys(findTestObject("ADMIN/Edit Text/Bespoke/Buyer Pages/Item Details/input_Pick-Up_text-pickup"), "*"): Keys '*' sent to object: 'Object Repository/ADMIN/Edit Text/Bespoke/Buyer Pages/Item Details/input_Pick-Up_text-pickup'

2020-03-20 09:52:35 - [MESSAGE][PASSED] - Keys '*' sent to object: 'Object Repository/ADMIN/Edit Text/Bespoke/Buyer Pages/Item Details/input_Pick-Up_text-pickup'

2020-03-20 09:52:35 - [TEST_STEP][PASSED] - sendKeys(findTestObject("ADMIN/Edit Text/Bespoke/Buyer Pages/Item Details/input_Contact Seller_btn_add_cart"), "*"): Keys '*' sent to object: 'Object Repository/ADMIN/Edit Text/Bespoke/Buyer Pages/Item Details/input_Contact Seller_btn_add_cart'

2020-03-20 09:52:35 - [MESSAGE][PASSED] - Keys '*' sent to object: 'Object Repository/ADMIN/Edit Text/Bespoke/Buyer Pages/Item Details/input_Contact Seller_btn_add_cart'

2020-03-20 09:52:35 - [TEST_STEP][PASSED] - sendKeys(findTestObject("ADMIN/Edit Text/Bespoke/Buyer Pages/Item Details/input_ADD TO CART_2"), "*"): Keys '*' sent to object: 'Object Repository/ADMIN/Edit Text/Bespoke/Buyer Pages/Item Details/input_ADD TO CART_2'

2020-03-20 09:52:35 - [MESSAGE][PASSED] - Keys '*' sent to object: 'Object Repository/ADMIN/Edit Text/Bespoke/Buyer Pages/Item Details/input_ADD TO CART_2'

2020-03-20 09:52:35 - [TEST_STEP][PASSED] - sendKeys(findTestObject("ADMIN/Edit Text/Bespoke/Buyer Pages/Item Details/input_THIS ITEM HAS BEEN ADDED_item-has-been-added"), "*"): Keys '*' sent to object: 'Object Repository/ADMIN/Edit Text/Bespoke/Buyer Pages/Item Details/input_THIS ITEM HAS BEEN ADDED_item-has-been-added'

2020-03-20 09:52:36 - [MESSAGE][PASSED] - Keys '*' sent to object: 'Object Repository/ADMIN/Edit Text/Bespoke/Buyer Pages/Item Details/input_THIS ITEM HAS BEEN ADDED_item-has-been-added'

2020-03-20 09:52:36 - [TEST_STEP][PASSED] - sendKeys(findTestObject("ADMIN/Edit Text/Bespoke/Buyer Pages/Item Details/input_VIEW CART_btn_view_cart"), "*"): Keys '*' sent to object: 'Object Repository/ADMIN/Edit Text/Bespoke/Buyer Pages/Item Details/input_VIEW CART_btn_view_cart'

2020-03-20 09:52:36 - [MESSAGE][PASSED] - Keys '*' sent to object: 'Object Repository/ADMIN/Edit Text/Bespoke/Buyer Pages/Item Details/input_VIEW CART_btn_view_cart'

2020-03-20 09:52:36 - [TEST_STEP][PASSED] - sendKeys(findTestObject("ADMIN/Edit Text/Bespoke/Buyer Pages/Item Details/input_Reviews_reviews"), "*"): Keys '*' sent to object: 'Object Repository/ADMIN/Edit Text/Bespoke/Buyer Pages/Item Details/input_Reviews_reviews'

2020-03-20 09:52:36 - [MESSAGE][PASSED] - Keys '*' sent to object: 'Object Repository/ADMIN/Edit Text/Bespoke/Buyer Pages/Item Details/input_Reviews_reviews'

2020-03-20 09:52:36 - [TEST_STEP][PASSED] - sendKeys(findTestObject("ADMIN/Edit Text/Bespoke/Buyer Pages/Item Details/input_Rating Summary_rating-summary"), "*"): Keys '*' sent to object: 'Object Repository/ADMIN/Edit Text/Bespoke/Buyer Pages/Item Details/input_Rating Summary_rating-summary'

2020-03-20 09:52:36 - [MESSAGE][PASSED] - Keys '*' sent to object: 'Object Repository/ADMIN/Edit Text/Bespoke/Buyer Pages/Item Details/input_Rating Summary_rating-summary'

2020-03-20 09:52:36 - [TEST_STEP][PASSED] - sendKeys(findTestObject("ADMIN/Edit Text/Bespoke/Buyer Pages/Item Details/input_Positive Feedback_positive-feedback"), "*"): Keys '*' sent to object: 'Object Repository/ADMIN/Edit Text/Bespoke/Buyer Pages/Item Details/input_Positive Feedback_positive-feedback'

2020-03-20 09:52:36 - [MESSAGE][PASSED] - Keys '*' sent to object: 'Object Repository/ADMIN/Edit Text/Bespoke/Buyer Pages/Item Details/input_Positive Feedback_positive-feedback'

2020-03-20 09:52:36 - [TEST_STEP][PASSED] - sendKeys(findTestObject("ADMIN/Edit Text/Bespoke/Buyer Pages/Item Details/input_Excellent_excellent"), "*"): Keys '*' sent to object: 'Object Repository/ADMIN/Edit Text/Bespoke/Buyer Pages/Item Details/input_Excellent_excellent'

2020-03-20 09:52:36 - [MESSAGE][PASSED] - Keys '*' sent to object: 'Object Repository/ADMIN/Edit Text/Bespoke/Buyer Pages/Item Details/input_Excellent_excellent'

2020-03-20 09:52:36 - [TEST_STEP][PASSED] - sendKeys(findTestObject("ADMIN/Edit Text/Bespoke/Buyer Pages/Item Details/input_Great_great"), "*"): Keys '*' sent to object: 'Object Repository/ADMIN/Edit Text/Bespoke/Buyer Pages/Item Details/input_Great_great'

2020-03-20 09:52:36 - [MESSAGE][PASSED] - Keys '*' sent to object: 'Object Repository/ADMIN/Edit Text/Bespoke/Buyer Pages/Item Details/input_Great_great'

2020-03-20 09:52:36 - [TEST_STEP][PASSED] - sendKeys(findTestObject("ADMIN/Edit Text/Bespoke/Buyer Pages/Item Details/input_Good_good"), "*"): Keys '*' sent to object: 'Object Repository/ADMIN/Edit Text/Bespoke/Buyer Pages/Item Details/input_Good_good'

2020-03-20 09:52:36 - [MESSAGE][PASSED] - Keys '*' sent to object: 'Object Repository/ADMIN/Edit Text/Bespoke/Buyer Pages/Item Details/input_Good_good'

2020-03-20 09:52:36 - [TEST_STEP][PASSED] - sendKeys(findTestObject("ADMIN/Edit Text/Bespoke/Buyer Pages/Item Details/input_Okay_ok"), "*"): Keys '*' sent to object: 'Object Repository/ADMIN/Edit Text/Bespoke/Buyer Pages/Item Details/input_Okay_ok'

2020-03-20 09:52:36 - [MESSAGE][PASSED] - Keys '*' sent to object: 'Object Repository/ADMIN/Edit Text/Bespoke/Buyer Pages/Item Details/input_Okay_ok'

2020-03-20 09:52:36 - [TEST_STEP][PASSED] - sendKeys(findTestObject("ADMIN/Edit Text/Bespoke/Buyer Pages/Item Details/input_Unsatisfied_Unsatisfied"), "*"): Keys '*' sent to object: 'Object Repository/ADMIN/Edit Text/Bespoke/Buyer Pages/Item Details/input_Unsatisfied_Unsatisfied'

2020-03-20 09:52:37 - [MESSAGE][PASSED] - Keys '*' sent to object: 'Object Repository/ADMIN/Edit Text/Bespoke/Buyer Pages/Item Details/input_Unsatisfied_Unsatisfied'

2020-03-20 09:52:37 - [TEST_STEP][PASSED] - sendKeys(findTestObject("ADMIN/Edit Text/Bespoke/Buyer Pages/Item Details/input_Reply from_reply-from"), "*"): Keys '*' sent to object: 'Object Repository/ADMIN/Edit Text/Bespoke/Buyer Pages/Item Details/input_Reply from_reply-from'

2020-03-20 09:52:37 - [MESSAGE][PASSED] - Keys '*' sent to object: 'Object Repository/ADMIN/Edit Text/Bespoke/Buyer Pages/Item Details/input_Reply from_reply-from'

2020-03-20 09:52:37 - [TEST_STEP][PASSED] - sendKeys(findTestObject("ADMIN/Edit Text/Bespoke/Buyer Pages/Item Details/input_Reply_btn_view_cart"), "*"): Keys '*' sent to object: 'Object Repository/ADMIN/Edit Text/Bespoke/Buyer Pages/Item Details/input_Reply_btn_view_cart'

2020-03-20 09:52:37 - [MESSAGE][PASSED] - Keys '*' sent to object: 'Object Repository/ADMIN/Edit Text/Bespoke/Buyer Pages/Item Details/input_Reply_btn_view_cart'

2020-03-20 09:52:37 - [TEST_STEP][PASSED] - sendKeys(findTestObject("ADMIN/Edit Text/Bespoke/Buyer Pages/Item Details/input_REPLY TO_reply"), "*"): Keys '*' sent to object: 'Object Repository/ADMIN/Edit Text/Bespoke/Buyer Pages/Item Details/input_REPLY TO_reply'

2020-03-20 09:52:37 - [MESSAGE][PASSED] - Keys '*' sent to object: 'Object Repository/ADMIN/Edit Text/Bespoke/Buyer Pages/Item Details/input_REPLY TO_reply'

2020-03-20 09:52:37 - [TEST_STEP][PASSED] - sendKeys(findTestObject("ADMIN/Edit Text/Bespoke/Buyer Pages/Item Details/input_Leave a comment_leave-comment"), "*"): Keys '*' sent to object: 'Object Repository/ADMIN/Edit Text/Bespoke/Buyer Pages/Item Details/input_Leave a comment_leave-comment'

2020-03-20 09:52:37 - [MESSAGE][PASSED] - Keys '*' sent to object: 'Object Repository/ADMIN/Edit Text/Bespoke/Buyer Pages/Item Details/input_Leave a comment_leave-comment'

2020-03-20 09:52:37 - [TEST_STEP][PASSED] - sendKeys(findTestObject("ADMIN/Edit Text/Bespoke/Buyer Pages/Item Details/input_SUBMIT_btn_submit"), "*"): Keys '*' sent to object: 'Object Repository/ADMIN/Edit Text/Bespoke/Buyer Pages/Item Details/input_SUBMIT_btn_submit'

2020-03-20 09:52:37 - [MESSAGE][PASSED] - Keys '*' sent to object: 'Object Repository/ADMIN/Edit Text/Bespoke/Buyer Pages/Item Details/input_SUBMIT_btn_submit'

2020-03-20 09:52:37 - [TEST_STEP][PASSED] - click(findTestObject("ADMIN/Edit Text/Bespoke/Buyer Pages/Homepage/button_save"), CONTINUE_ON_FAILURE): Object: 'Object Repository/ADMIN/Edit Text/Bespoke/Buyer Pages/Homepage/button_save' is clicked on

2020-03-20 09:52:37 - [MESSAGE][PASSED] - Object: 'Object Repository/ADMIN/Edit Text/Bespoke/Buyer Pages/Homepage/button_save' is clicked on

2020-03-20 09:52:37 - [TEST_STEP][PASSED] - waitForElementVisible(findTestObject("ADMIN/Edit Text/Bespoke/Buyer Pages/Homepage/toaster_success"), 0): Object 'Object Repository/ADMIN/Edit Text/Bespoke/Buyer Pages/Homepage/toaster_success' is visible

2020-03-20 09:52:37 - [MESSAGE][WARNING] - Timeout '0' is invalid. Using default page load timeout: '30'

2020-03-20 09:52:38 - [MESSAGE][PASSED] - Object 'Object Repository/ADMIN/Edit Text/Bespoke/Buyer Pages/Homepage/toaster_success' is visible]]></system-out>
         <system-err><![CDATA[]]></system-err>
      </testcase>
      <testcase name="Test Cases/ADMIN/Language/Edit Text/Bespoke/Buyer Pages/Item Details" time="6.478" classname="Test Cases/ADMIN/Language/Edit Text/Bespoke/Buyer Pages/Item Details" status="PASSED">
         <system-out><![CDATA[2020-03-20 09:52:38 - [TEST_CASE][PASSED] - Test Cases/ADMIN/Language/Edit Text/Bespoke/Buyer Pages/Item Details: Test Cases/ADMIN/Language/Edit Text/Bespoke/Buyer Pages/Item Details

2020-03-20 09:52:38 - [TEST_STEP][PASSED] - waitForElementVisible(findTestObject("ADMIN/Edit Text/Bespoke/Buyer Navigation/dd_language"), 0): Object 'Object Repository/ADMIN/Edit Text/Bespoke/Buyer Navigation/dd_language' is visible

2020-03-20 09:52:38 - [MESSAGE][WARNING] - Timeout '0' is invalid. Using default page load timeout: '30'

2020-03-20 09:52:38 - [MESSAGE][PASSED] - Object 'Object Repository/ADMIN/Edit Text/Bespoke/Buyer Navigation/dd_language' is visible

2020-03-20 09:52:38 - [TEST_STEP][PASSED] - selectOptionByLabel(findTestObject("ADMIN/Edit Text/Bespoke/Buyer Navigation/dd_language"), varLanguage, false): All options with label 'Italian' are selected in object 'Object Repository/ADMIN/Edit Text/Bespoke/Buyer Navigation/dd_language' 

2020-03-20 09:52:39 - [MESSAGE][PASSED] - All options with label 'Italian' are selected in object 'Object Repository/ADMIN/Edit Text/Bespoke/Buyer Navigation/dd_language' 

2020-03-20 09:52:39 - [TEST_STEP][PASSED] - sendKeys(findTestObject("ADMIN/Edit Text/Bespoke/Buyer Pages/Item Details/input_Positive Feedback_item-feedbak"), "*"): Keys '*' sent to object: 'Object Repository/ADMIN/Edit Text/Bespoke/Buyer Pages/Item Details/input_Positive Feedback_item-feedbak'

2020-03-20 09:52:40 - [MESSAGE][PASSED] - Keys '*' sent to object: 'Object Repository/ADMIN/Edit Text/Bespoke/Buyer Pages/Item Details/input_Positive Feedback_item-feedbak'

2020-03-20 09:52:40 - [TEST_STEP][PASSED] - sendKeys(findTestObject("ADMIN/Edit Text/Bespoke/Buyer Pages/Item Details/input_ADD TO CART_1"), "*"): Keys '*' sent to object: 'Object Repository/ADMIN/Edit Text/Bespoke/Buyer Pages/Item Details/input_ADD TO CART_1'

2020-03-20 09:52:40 - [MESSAGE][PASSED] - Keys '*' sent to object: 'Object Repository/ADMIN/Edit Text/Bespoke/Buyer Pages/Item Details/input_ADD TO CART_1'

2020-03-20 09:52:40 - [TEST_STEP][PASSED] - sendKeys(findTestObject("ADMIN/Edit Text/Bespoke/Buyer Pages/Item Details/input_Quantity_item-qty"), "*"): Keys '*' sent to object: 'Object Repository/ADMIN/Edit Text/Bespoke/Buyer Pages/Item Details/input_Quantity_item-qty'

2020-03-20 09:52:40 - [MESSAGE][PASSED] - Keys '*' sent to object: 'Object Repository/ADMIN/Edit Text/Bespoke/Buyer Pages/Item Details/input_Quantity_item-qty'

2020-03-20 09:52:40 - [TEST_STEP][PASSED] - sendKeys(findTestObject("ADMIN/Edit Text/Bespoke/Buyer Pages/Item Details/input_Only_item-one"), "*"): Keys '*' sent to object: 'Object Repository/ADMIN/Edit Text/Bespoke/Buyer Pages/Item Details/input_Only_item-one'

2020-03-20 09:52:40 - [MESSAGE][PASSED] - Keys '*' sent to object: 'Object Repository/ADMIN/Edit Text/Bespoke/Buyer Pages/Item Details/input_Only_item-one'

2020-03-20 09:52:40 - [TEST_STEP][PASSED] - sendKeys(findTestObject("ADMIN/Edit Text/Bespoke/Buyer Pages/Item Details/input_left_item-left"), "*"): Keys '*' sent to object: 'Object Repository/ADMIN/Edit Text/Bespoke/Buyer Pages/Item Details/input_left_item-left'

2020-03-20 09:52:41 - [MESSAGE][PASSED] - Keys '*' sent to object: 'Object Repository/ADMIN/Edit Text/Bespoke/Buyer Pages/Item Details/input_left_item-left'

2020-03-20 09:52:41 - [TEST_STEP][PASSED] - sendKeys(findTestObject("ADMIN/Edit Text/Bespoke/Buyer Pages/Item Details/input_Out of Stock_text-stock"), "*"): Keys '*' sent to object: 'Object Repository/ADMIN/Edit Text/Bespoke/Buyer Pages/Item Details/input_Out of Stock_text-stock'

2020-03-20 09:52:41 - [MESSAGE][PASSED] - Keys '*' sent to object: 'Object Repository/ADMIN/Edit Text/Bespoke/Buyer Pages/Item Details/input_Out of Stock_text-stock'

2020-03-20 09:52:41 - [TEST_STEP][PASSED] - sendKeys(findTestObject("ADMIN/Edit Text/Bespoke/Buyer Pages/Item Details/input_Description_text-description"), "*"): Keys '*' sent to object: 'Object Repository/ADMIN/Edit Text/Bespoke/Buyer Pages/Item Details/input_Description_text-description'

2020-03-20 09:52:41 - [MESSAGE][PASSED] - Keys '*' sent to object: 'Object Repository/ADMIN/Edit Text/Bespoke/Buyer Pages/Item Details/input_Description_text-description'

2020-03-20 09:52:41 - [TEST_STEP][PASSED] - sendKeys(findTestObject("ADMIN/Edit Text/Bespoke/Buyer Pages/Item Details/input_Show More_text-show-more"), "*"): Keys '*' sent to object: 'Object Repository/ADMIN/Edit Text/Bespoke/Buyer Pages/Item Details/input_Show More_text-show-more'

2020-03-20 09:52:41 - [MESSAGE][PASSED] - Keys '*' sent to object: 'Object Repository/ADMIN/Edit Text/Bespoke/Buyer Pages/Item Details/input_Show More_text-show-more'

2020-03-20 09:52:41 - [TEST_STEP][PASSED] - sendKeys(findTestObject("ADMIN/Edit Text/Bespoke/Buyer Pages/Item Details/input_Show Less_text-show-less"), "*"): Keys '*' sent to object: 'Object Repository/ADMIN/Edit Text/Bespoke/Buyer Pages/Item Details/input_Show Less_text-show-less'

2020-03-20 09:52:41 - [MESSAGE][PASSED] - Keys '*' sent to object: 'Object Repository/ADMIN/Edit Text/Bespoke/Buyer Pages/Item Details/input_Show Less_text-show-less'

2020-03-20 09:52:41 - [TEST_STEP][PASSED] - sendKeys(findTestObject("ADMIN/Edit Text/Bespoke/Buyer Pages/Item Details/input_Choose a delivery method later_text-deliver-method"), "*"): Keys '*' sent to object: 'Object Repository/ADMIN/Edit Text/Bespoke/Buyer Pages/Item Details/input_Choose a delivery method later_text-deliver-method'

2020-03-20 09:52:41 - [MESSAGE][PASSED] - Keys '*' sent to object: 'Object Repository/ADMIN/Edit Text/Bespoke/Buyer Pages/Item Details/input_Choose a delivery method later_text-deliver-method'

2020-03-20 09:52:41 - [TEST_STEP][PASSED] - sendKeys(findTestObject("ADMIN/Edit Text/Bespoke/Buyer Pages/Item Details/input_Delivery_text-delivery"), "*"): Keys '*' sent to object: 'Object Repository/ADMIN/Edit Text/Bespoke/Buyer Pages/Item Details/input_Delivery_text-delivery'

2020-03-20 09:52:41 - [MESSAGE][PASSED] - Keys '*' sent to object: 'Object Repository/ADMIN/Edit Text/Bespoke/Buyer Pages/Item Details/input_Delivery_text-delivery'

2020-03-20 09:52:41 - [TEST_STEP][PASSED] - sendKeys(findTestObject("ADMIN/Edit Text/Bespoke/Buyer Pages/Item Details/input_Pick-Up_text-pickup"), "*"): Keys '*' sent to object: 'Object Repository/ADMIN/Edit Text/Bespoke/Buyer Pages/Item Details/input_Pick-Up_text-pickup'

2020-03-20 09:52:41 - [MESSAGE][PASSED] - Keys '*' sent to object: 'Object Repository/ADMIN/Edit Text/Bespoke/Buyer Pages/Item Details/input_Pick-Up_text-pickup'

2020-03-20 09:52:41 - [TEST_STEP][PASSED] - sendKeys(findTestObject("ADMIN/Edit Text/Bespoke/Buyer Pages/Item Details/input_Contact Seller_btn_add_cart"), "*"): Keys '*' sent to object: 'Object Repository/ADMIN/Edit Text/Bespoke/Buyer Pages/Item Details/input_Contact Seller_btn_add_cart'

2020-03-20 09:52:42 - [MESSAGE][PASSED] - Keys '*' sent to object: 'Object Repository/ADMIN/Edit Text/Bespoke/Buyer Pages/Item Details/input_Contact Seller_btn_add_cart'

2020-03-20 09:52:42 - [TEST_STEP][PASSED] - sendKeys(findTestObject("ADMIN/Edit Text/Bespoke/Buyer Pages/Item Details/input_ADD TO CART_2"), "*"): Keys '*' sent to object: 'Object Repository/ADMIN/Edit Text/Bespoke/Buyer Pages/Item Details/input_ADD TO CART_2'

2020-03-20 09:52:42 - [MESSAGE][PASSED] - Keys '*' sent to object: 'Object Repository/ADMIN/Edit Text/Bespoke/Buyer Pages/Item Details/input_ADD TO CART_2'

2020-03-20 09:52:42 - [TEST_STEP][PASSED] - sendKeys(findTestObject("ADMIN/Edit Text/Bespoke/Buyer Pages/Item Details/input_THIS ITEM HAS BEEN ADDED_item-has-been-added"), "*"): Keys '*' sent to object: 'Object Repository/ADMIN/Edit Text/Bespoke/Buyer Pages/Item Details/input_THIS ITEM HAS BEEN ADDED_item-has-been-added'

2020-03-20 09:52:42 - [MESSAGE][PASSED] - Keys '*' sent to object: 'Object Repository/ADMIN/Edit Text/Bespoke/Buyer Pages/Item Details/input_THIS ITEM HAS BEEN ADDED_item-has-been-added'

2020-03-20 09:52:42 - [TEST_STEP][PASSED] - sendKeys(findTestObject("ADMIN/Edit Text/Bespoke/Buyer Pages/Item Details/input_VIEW CART_btn_view_cart"), "*"): Keys '*' sent to object: 'Object Repository/ADMIN/Edit Text/Bespoke/Buyer Pages/Item Details/input_VIEW CART_btn_view_cart'

2020-03-20 09:52:42 - [MESSAGE][PASSED] - Keys '*' sent to object: 'Object Repository/ADMIN/Edit Text/Bespoke/Buyer Pages/Item Details/input_VIEW CART_btn_view_cart'

2020-03-20 09:52:42 - [TEST_STEP][PASSED] - sendKeys(findTestObject("ADMIN/Edit Text/Bespoke/Buyer Pages/Item Details/input_Reviews_reviews"), "*"): Keys '*' sent to object: 'Object Repository/ADMIN/Edit Text/Bespoke/Buyer Pages/Item Details/input_Reviews_reviews'

2020-03-20 09:52:42 - [MESSAGE][PASSED] - Keys '*' sent to object: 'Object Repository/ADMIN/Edit Text/Bespoke/Buyer Pages/Item Details/input_Reviews_reviews'

2020-03-20 09:52:42 - [TEST_STEP][PASSED] - sendKeys(findTestObject("ADMIN/Edit Text/Bespoke/Buyer Pages/Item Details/input_Rating Summary_rating-summary"), "*"): Keys '*' sent to object: 'Object Repository/ADMIN/Edit Text/Bespoke/Buyer Pages/Item Details/input_Rating Summary_rating-summary'

2020-03-20 09:52:42 - [MESSAGE][PASSED] - Keys '*' sent to object: 'Object Repository/ADMIN/Edit Text/Bespoke/Buyer Pages/Item Details/input_Rating Summary_rating-summary'

2020-03-20 09:52:42 - [TEST_STEP][PASSED] - sendKeys(findTestObject("ADMIN/Edit Text/Bespoke/Buyer Pages/Item Details/input_Positive Feedback_positive-feedback"), "*"): Keys '*' sent to object: 'Object Repository/ADMIN/Edit Text/Bespoke/Buyer Pages/Item Details/input_Positive Feedback_positive-feedback'

2020-03-20 09:52:42 - [MESSAGE][PASSED] - Keys '*' sent to object: 'Object Repository/ADMIN/Edit Text/Bespoke/Buyer Pages/Item Details/input_Positive Feedback_positive-feedback'

2020-03-20 09:52:42 - [TEST_STEP][PASSED] - sendKeys(findTestObject("ADMIN/Edit Text/Bespoke/Buyer Pages/Item Details/input_Excellent_excellent"), "*"): Keys '*' sent to object: 'Object Repository/ADMIN/Edit Text/Bespoke/Buyer Pages/Item Details/input_Excellent_excellent'

2020-03-20 09:52:42 - [MESSAGE][PASSED] - Keys '*' sent to object: 'Object Repository/ADMIN/Edit Text/Bespoke/Buyer Pages/Item Details/input_Excellent_excellent'

2020-03-20 09:52:42 - [TEST_STEP][PASSED] - sendKeys(findTestObject("ADMIN/Edit Text/Bespoke/Buyer Pages/Item Details/input_Great_great"), "*"): Keys '*' sent to object: 'Object Repository/ADMIN/Edit Text/Bespoke/Buyer Pages/Item Details/input_Great_great'

2020-03-20 09:52:43 - [MESSAGE][PASSED] - Keys '*' sent to object: 'Object Repository/ADMIN/Edit Text/Bespoke/Buyer Pages/Item Details/input_Great_great'

2020-03-20 09:52:43 - [TEST_STEP][PASSED] - sendKeys(findTestObject("ADMIN/Edit Text/Bespoke/Buyer Pages/Item Details/input_Good_good"), "*"): Keys '*' sent to object: 'Object Repository/ADMIN/Edit Text/Bespoke/Buyer Pages/Item Details/input_Good_good'

2020-03-20 09:52:43 - [MESSAGE][PASSED] - Keys '*' sent to object: 'Object Repository/ADMIN/Edit Text/Bespoke/Buyer Pages/Item Details/input_Good_good'

2020-03-20 09:52:43 - [TEST_STEP][PASSED] - sendKeys(findTestObject("ADMIN/Edit Text/Bespoke/Buyer Pages/Item Details/input_Okay_ok"), "*"): Keys '*' sent to object: 'Object Repository/ADMIN/Edit Text/Bespoke/Buyer Pages/Item Details/input_Okay_ok'

2020-03-20 09:52:43 - [MESSAGE][PASSED] - Keys '*' sent to object: 'Object Repository/ADMIN/Edit Text/Bespoke/Buyer Pages/Item Details/input_Okay_ok'

2020-03-20 09:52:43 - [TEST_STEP][PASSED] - sendKeys(findTestObject("ADMIN/Edit Text/Bespoke/Buyer Pages/Item Details/input_Unsatisfied_Unsatisfied"), "*"): Keys '*' sent to object: 'Object Repository/ADMIN/Edit Text/Bespoke/Buyer Pages/Item Details/input_Unsatisfied_Unsatisfied'

2020-03-20 09:52:43 - [MESSAGE][PASSED] - Keys '*' sent to object: 'Object Repository/ADMIN/Edit Text/Bespoke/Buyer Pages/Item Details/input_Unsatisfied_Unsatisfied'

2020-03-20 09:52:43 - [TEST_STEP][PASSED] - sendKeys(findTestObject("ADMIN/Edit Text/Bespoke/Buyer Pages/Item Details/input_Reply from_reply-from"), "*"): Keys '*' sent to object: 'Object Repository/ADMIN/Edit Text/Bespoke/Buyer Pages/Item Details/input_Reply from_reply-from'

2020-03-20 09:52:43 - [MESSAGE][PASSED] - Keys '*' sent to object: 'Object Repository/ADMIN/Edit Text/Bespoke/Buyer Pages/Item Details/input_Reply from_reply-from'

2020-03-20 09:52:43 - [TEST_STEP][PASSED] - sendKeys(findTestObject("ADMIN/Edit Text/Bespoke/Buyer Pages/Item Details/input_Reply_btn_view_cart"), "*"): Keys '*' sent to object: 'Object Repository/ADMIN/Edit Text/Bespoke/Buyer Pages/Item Details/input_Reply_btn_view_cart'

2020-03-20 09:52:43 - [MESSAGE][PASSED] - Keys '*' sent to object: 'Object Repository/ADMIN/Edit Text/Bespoke/Buyer Pages/Item Details/input_Reply_btn_view_cart'

2020-03-20 09:52:43 - [TEST_STEP][PASSED] - sendKeys(findTestObject("ADMIN/Edit Text/Bespoke/Buyer Pages/Item Details/input_REPLY TO_reply"), "*"): Keys '*' sent to object: 'Object Repository/ADMIN/Edit Text/Bespoke/Buyer Pages/Item Details/input_REPLY TO_reply'

2020-03-20 09:52:43 - [MESSAGE][PASSED] - Keys '*' sent to object: 'Object Repository/ADMIN/Edit Text/Bespoke/Buyer Pages/Item Details/input_REPLY TO_reply'

2020-03-20 09:52:43 - [TEST_STEP][PASSED] - sendKeys(findTestObject("ADMIN/Edit Text/Bespoke/Buyer Pages/Item Details/input_Leave a comment_leave-comment"), "*"): Keys '*' sent to object: 'Object Repository/ADMIN/Edit Text/Bespoke/Buyer Pages/Item Details/input_Leave a comment_leave-comment'

2020-03-20 09:52:43 - [MESSAGE][PASSED] - Keys '*' sent to object: 'Object Repository/ADMIN/Edit Text/Bespoke/Buyer Pages/Item Details/input_Leave a comment_leave-comment'

2020-03-20 09:52:43 - [TEST_STEP][PASSED] - sendKeys(findTestObject("ADMIN/Edit Text/Bespoke/Buyer Pages/Item Details/input_SUBMIT_btn_submit"), "*"): Keys '*' sent to object: 'Object Repository/ADMIN/Edit Text/Bespoke/Buyer Pages/Item Details/input_SUBMIT_btn_submit'

2020-03-20 09:52:44 - [MESSAGE][PASSED] - Keys '*' sent to object: 'Object Repository/ADMIN/Edit Text/Bespoke/Buyer Pages/Item Details/input_SUBMIT_btn_submit'

2020-03-20 09:52:44 - [TEST_STEP][PASSED] - click(findTestObject("ADMIN/Edit Text/Bespoke/Buyer Pages/Homepage/button_save"), CONTINUE_ON_FAILURE): Object: 'Object Repository/ADMIN/Edit Text/Bespoke/Buyer Pages/Homepage/button_save' is clicked on

2020-03-20 09:52:44 - [MESSAGE][PASSED] - Object: 'Object Repository/ADMIN/Edit Text/Bespoke/Buyer Pages/Homepage/button_save' is clicked on

2020-03-20 09:52:44 - [TEST_STEP][PASSED] - waitForElementVisible(findTestObject("ADMIN/Edit Text/Bespoke/Buyer Pages/Homepage/toaster_success"), 0): Object 'Object Repository/ADMIN/Edit Text/Bespoke/Buyer Pages/Homepage/toaster_success' is visible

2020-03-20 09:52:44 - [MESSAGE][WARNING] - Timeout '0' is invalid. Using default page load timeout: '30'

2020-03-20 09:52:44 - [MESSAGE][PASSED] - Object 'Object Repository/ADMIN/Edit Text/Bespoke/Buyer Pages/Homepage/toaster_success' is visible]]></system-out>
         <system-err><![CDATA[]]></system-err>
      </testcase>
      <testcase name="Test Cases/ADMIN/Language/Edit Text/Bespoke/Buyer Pages/Item Details" time="6.563" classname="Test Cases/ADMIN/Language/Edit Text/Bespoke/Buyer Pages/Item Details" status="PASSED">
         <system-out><![CDATA[2020-03-20 09:52:44 - [TEST_CASE][PASSED] - Test Cases/ADMIN/Language/Edit Text/Bespoke/Buyer Pages/Item Details: Test Cases/ADMIN/Language/Edit Text/Bespoke/Buyer Pages/Item Details

2020-03-20 09:52:44 - [TEST_STEP][PASSED] - waitForElementVisible(findTestObject("ADMIN/Edit Text/Bespoke/Buyer Navigation/dd_language"), 0): Object 'Object Repository/ADMIN/Edit Text/Bespoke/Buyer Navigation/dd_language' is visible

2020-03-20 09:52:45 - [MESSAGE][WARNING] - Timeout '0' is invalid. Using default page load timeout: '30'

2020-03-20 09:52:45 - [MESSAGE][PASSED] - Object 'Object Repository/ADMIN/Edit Text/Bespoke/Buyer Navigation/dd_language' is visible

2020-03-20 09:52:45 - [TEST_STEP][PASSED] - selectOptionByLabel(findTestObject("ADMIN/Edit Text/Bespoke/Buyer Navigation/dd_language"), varLanguage, false): All options with label 'Arabic' are selected in object 'Object Repository/ADMIN/Edit Text/Bespoke/Buyer Navigation/dd_language' 

2020-03-20 09:52:46 - [MESSAGE][PASSED] - All options with label 'Arabic' are selected in object 'Object Repository/ADMIN/Edit Text/Bespoke/Buyer Navigation/dd_language' 

2020-03-20 09:52:46 - [TEST_STEP][PASSED] - sendKeys(findTestObject("ADMIN/Edit Text/Bespoke/Buyer Pages/Item Details/input_Positive Feedback_item-feedbak"), "*"): Keys '*' sent to object: 'Object Repository/ADMIN/Edit Text/Bespoke/Buyer Pages/Item Details/input_Positive Feedback_item-feedbak'

2020-03-20 09:52:47 - [MESSAGE][PASSED] - Keys '*' sent to object: 'Object Repository/ADMIN/Edit Text/Bespoke/Buyer Pages/Item Details/input_Positive Feedback_item-feedbak'

2020-03-20 09:52:47 - [TEST_STEP][PASSED] - sendKeys(findTestObject("ADMIN/Edit Text/Bespoke/Buyer Pages/Item Details/input_ADD TO CART_1"), "*"): Keys '*' sent to object: 'Object Repository/ADMIN/Edit Text/Bespoke/Buyer Pages/Item Details/input_ADD TO CART_1'

2020-03-20 09:52:47 - [MESSAGE][PASSED] - Keys '*' sent to object: 'Object Repository/ADMIN/Edit Text/Bespoke/Buyer Pages/Item Details/input_ADD TO CART_1'

2020-03-20 09:52:47 - [TEST_STEP][PASSED] - sendKeys(findTestObject("ADMIN/Edit Text/Bespoke/Buyer Pages/Item Details/input_Quantity_item-qty"), "*"): Keys '*' sent to object: 'Object Repository/ADMIN/Edit Text/Bespoke/Buyer Pages/Item Details/input_Quantity_item-qty'

2020-03-20 09:52:47 - [MESSAGE][PASSED] - Keys '*' sent to object: 'Object Repository/ADMIN/Edit Text/Bespoke/Buyer Pages/Item Details/input_Quantity_item-qty'

2020-03-20 09:52:47 - [TEST_STEP][PASSED] - sendKeys(findTestObject("ADMIN/Edit Text/Bespoke/Buyer Pages/Item Details/input_Only_item-one"), "*"): Keys '*' sent to object: 'Object Repository/ADMIN/Edit Text/Bespoke/Buyer Pages/Item Details/input_Only_item-one'

2020-03-20 09:52:47 - [MESSAGE][PASSED] - Keys '*' sent to object: 'Object Repository/ADMIN/Edit Text/Bespoke/Buyer Pages/Item Details/input_Only_item-one'

2020-03-20 09:52:47 - [TEST_STEP][PASSED] - sendKeys(findTestObject("ADMIN/Edit Text/Bespoke/Buyer Pages/Item Details/input_left_item-left"), "*"): Keys '*' sent to object: 'Object Repository/ADMIN/Edit Text/Bespoke/Buyer Pages/Item Details/input_left_item-left'

2020-03-20 09:52:47 - [MESSAGE][PASSED] - Keys '*' sent to object: 'Object Repository/ADMIN/Edit Text/Bespoke/Buyer Pages/Item Details/input_left_item-left'

2020-03-20 09:52:47 - [TEST_STEP][PASSED] - sendKeys(findTestObject("ADMIN/Edit Text/Bespoke/Buyer Pages/Item Details/input_Out of Stock_text-stock"), "*"): Keys '*' sent to object: 'Object Repository/ADMIN/Edit Text/Bespoke/Buyer Pages/Item Details/input_Out of Stock_text-stock'

2020-03-20 09:52:47 - [MESSAGE][PASSED] - Keys '*' sent to object: 'Object Repository/ADMIN/Edit Text/Bespoke/Buyer Pages/Item Details/input_Out of Stock_text-stock'

2020-03-20 09:52:47 - [TEST_STEP][PASSED] - sendKeys(findTestObject("ADMIN/Edit Text/Bespoke/Buyer Pages/Item Details/input_Description_text-description"), "*"): Keys '*' sent to object: 'Object Repository/ADMIN/Edit Text/Bespoke/Buyer Pages/Item Details/input_Description_text-description'

2020-03-20 09:52:48 - [MESSAGE][PASSED] - Keys '*' sent to object: 'Object Repository/ADMIN/Edit Text/Bespoke/Buyer Pages/Item Details/input_Description_text-description'

2020-03-20 09:52:48 - [TEST_STEP][PASSED] - sendKeys(findTestObject("ADMIN/Edit Text/Bespoke/Buyer Pages/Item Details/input_Show More_text-show-more"), "*"): Keys '*' sent to object: 'Object Repository/ADMIN/Edit Text/Bespoke/Buyer Pages/Item Details/input_Show More_text-show-more'

2020-03-20 09:52:48 - [MESSAGE][PASSED] - Keys '*' sent to object: 'Object Repository/ADMIN/Edit Text/Bespoke/Buyer Pages/Item Details/input_Show More_text-show-more'

2020-03-20 09:52:48 - [TEST_STEP][PASSED] - sendKeys(findTestObject("ADMIN/Edit Text/Bespoke/Buyer Pages/Item Details/input_Show Less_text-show-less"), "*"): Keys '*' sent to object: 'Object Repository/ADMIN/Edit Text/Bespoke/Buyer Pages/Item Details/input_Show Less_text-show-less'

2020-03-20 09:52:48 - [MESSAGE][PASSED] - Keys '*' sent to object: 'Object Repository/ADMIN/Edit Text/Bespoke/Buyer Pages/Item Details/input_Show Less_text-show-less'

2020-03-20 09:52:48 - [TEST_STEP][PASSED] - sendKeys(findTestObject("ADMIN/Edit Text/Bespoke/Buyer Pages/Item Details/input_Choose a delivery method later_text-deliver-method"), "*"): Keys '*' sent to object: 'Object Repository/ADMIN/Edit Text/Bespoke/Buyer Pages/Item Details/input_Choose a delivery method later_text-deliver-method'

2020-03-20 09:52:48 - [MESSAGE][PASSED] - Keys '*' sent to object: 'Object Repository/ADMIN/Edit Text/Bespoke/Buyer Pages/Item Details/input_Choose a delivery method later_text-deliver-method'

2020-03-20 09:52:48 - [TEST_STEP][PASSED] - sendKeys(findTestObject("ADMIN/Edit Text/Bespoke/Buyer Pages/Item Details/input_Delivery_text-delivery"), "*"): Keys '*' sent to object: 'Object Repository/ADMIN/Edit Text/Bespoke/Buyer Pages/Item Details/input_Delivery_text-delivery'

2020-03-20 09:52:48 - [MESSAGE][PASSED] - Keys '*' sent to object: 'Object Repository/ADMIN/Edit Text/Bespoke/Buyer Pages/Item Details/input_Delivery_text-delivery'

2020-03-20 09:52:48 - [TEST_STEP][PASSED] - sendKeys(findTestObject("ADMIN/Edit Text/Bespoke/Buyer Pages/Item Details/input_Pick-Up_text-pickup"), "*"): Keys '*' sent to object: 'Object Repository/ADMIN/Edit Text/Bespoke/Buyer Pages/Item Details/input_Pick-Up_text-pickup'

2020-03-20 09:52:48 - [MESSAGE][PASSED] - Keys '*' sent to object: 'Object Repository/ADMIN/Edit Text/Bespoke/Buyer Pages/Item Details/input_Pick-Up_text-pickup'

2020-03-20 09:52:48 - [TEST_STEP][PASSED] - sendKeys(findTestObject("ADMIN/Edit Text/Bespoke/Buyer Pages/Item Details/input_Contact Seller_btn_add_cart"), "*"): Keys '*' sent to object: 'Object Repository/ADMIN/Edit Text/Bespoke/Buyer Pages/Item Details/input_Contact Seller_btn_add_cart'

2020-03-20 09:52:48 - [MESSAGE][PASSED] - Keys '*' sent to object: 'Object Repository/ADMIN/Edit Text/Bespoke/Buyer Pages/Item Details/input_Contact Seller_btn_add_cart'

2020-03-20 09:52:48 - [TEST_STEP][PASSED] - sendKeys(findTestObject("ADMIN/Edit Text/Bespoke/Buyer Pages/Item Details/input_ADD TO CART_2"), "*"): Keys '*' sent to object: 'Object Repository/ADMIN/Edit Text/Bespoke/Buyer Pages/Item Details/input_ADD TO CART_2'

2020-03-20 09:52:48 - [MESSAGE][PASSED] - Keys '*' sent to object: 'Object Repository/ADMIN/Edit Text/Bespoke/Buyer Pages/Item Details/input_ADD TO CART_2'

2020-03-20 09:52:48 - [TEST_STEP][PASSED] - sendKeys(findTestObject("ADMIN/Edit Text/Bespoke/Buyer Pages/Item Details/input_THIS ITEM HAS BEEN ADDED_item-has-been-added"), "*"): Keys '*' sent to object: 'Object Repository/ADMIN/Edit Text/Bespoke/Buyer Pages/Item Details/input_THIS ITEM HAS BEEN ADDED_item-has-been-added'

2020-03-20 09:52:49 - [MESSAGE][PASSED] - Keys '*' sent to object: 'Object Repository/ADMIN/Edit Text/Bespoke/Buyer Pages/Item Details/input_THIS ITEM HAS BEEN ADDED_item-has-been-added'

2020-03-20 09:52:49 - [TEST_STEP][PASSED] - sendKeys(findTestObject("ADMIN/Edit Text/Bespoke/Buyer Pages/Item Details/input_VIEW CART_btn_view_cart"), "*"): Keys '*' sent to object: 'Object Repository/ADMIN/Edit Text/Bespoke/Buyer Pages/Item Details/input_VIEW CART_btn_view_cart'

2020-03-20 09:52:49 - [MESSAGE][PASSED] - Keys '*' sent to object: 'Object Repository/ADMIN/Edit Text/Bespoke/Buyer Pages/Item Details/input_VIEW CART_btn_view_cart'

2020-03-20 09:52:49 - [TEST_STEP][PASSED] - sendKeys(findTestObject("ADMIN/Edit Text/Bespoke/Buyer Pages/Item Details/input_Reviews_reviews"), "*"): Keys '*' sent to object: 'Object Repository/ADMIN/Edit Text/Bespoke/Buyer Pages/Item Details/input_Reviews_reviews'

2020-03-20 09:52:49 - [MESSAGE][PASSED] - Keys '*' sent to object: 'Object Repository/ADMIN/Edit Text/Bespoke/Buyer Pages/Item Details/input_Reviews_reviews'

2020-03-20 09:52:49 - [TEST_STEP][PASSED] - sendKeys(findTestObject("ADMIN/Edit Text/Bespoke/Buyer Pages/Item Details/input_Rating Summary_rating-summary"), "*"): Keys '*' sent to object: 'Object Repository/ADMIN/Edit Text/Bespoke/Buyer Pages/Item Details/input_Rating Summary_rating-summary'

2020-03-20 09:52:49 - [MESSAGE][PASSED] - Keys '*' sent to object: 'Object Repository/ADMIN/Edit Text/Bespoke/Buyer Pages/Item Details/input_Rating Summary_rating-summary'

2020-03-20 09:52:49 - [TEST_STEP][PASSED] - sendKeys(findTestObject("ADMIN/Edit Text/Bespoke/Buyer Pages/Item Details/input_Positive Feedback_positive-feedback"), "*"): Keys '*' sent to object: 'Object Repository/ADMIN/Edit Text/Bespoke/Buyer Pages/Item Details/input_Positive Feedback_positive-feedback'

2020-03-20 09:52:49 - [MESSAGE][PASSED] - Keys '*' sent to object: 'Object Repository/ADMIN/Edit Text/Bespoke/Buyer Pages/Item Details/input_Positive Feedback_positive-feedback'

2020-03-20 09:52:49 - [TEST_STEP][PASSED] - sendKeys(findTestObject("ADMIN/Edit Text/Bespoke/Buyer Pages/Item Details/input_Excellent_excellent"), "*"): Keys '*' sent to object: 'Object Repository/ADMIN/Edit Text/Bespoke/Buyer Pages/Item Details/input_Excellent_excellent'

2020-03-20 09:52:49 - [MESSAGE][PASSED] - Keys '*' sent to object: 'Object Repository/ADMIN/Edit Text/Bespoke/Buyer Pages/Item Details/input_Excellent_excellent'

2020-03-20 09:52:49 - [TEST_STEP][PASSED] - sendKeys(findTestObject("ADMIN/Edit Text/Bespoke/Buyer Pages/Item Details/input_Great_great"), "*"): Keys '*' sent to object: 'Object Repository/ADMIN/Edit Text/Bespoke/Buyer Pages/Item Details/input_Great_great'

2020-03-20 09:52:49 - [MESSAGE][PASSED] - Keys '*' sent to object: 'Object Repository/ADMIN/Edit Text/Bespoke/Buyer Pages/Item Details/input_Great_great'

2020-03-20 09:52:49 - [TEST_STEP][PASSED] - sendKeys(findTestObject("ADMIN/Edit Text/Bespoke/Buyer Pages/Item Details/input_Good_good"), "*"): Keys '*' sent to object: 'Object Repository/ADMIN/Edit Text/Bespoke/Buyer Pages/Item Details/input_Good_good'

2020-03-20 09:52:49 - [MESSAGE][PASSED] - Keys '*' sent to object: 'Object Repository/ADMIN/Edit Text/Bespoke/Buyer Pages/Item Details/input_Good_good'

2020-03-20 09:52:49 - [TEST_STEP][PASSED] - sendKeys(findTestObject("ADMIN/Edit Text/Bespoke/Buyer Pages/Item Details/input_Okay_ok"), "*"): Keys '*' sent to object: 'Object Repository/ADMIN/Edit Text/Bespoke/Buyer Pages/Item Details/input_Okay_ok'

2020-03-20 09:52:50 - [MESSAGE][PASSED] - Keys '*' sent to object: 'Object Repository/ADMIN/Edit Text/Bespoke/Buyer Pages/Item Details/input_Okay_ok'

2020-03-20 09:52:50 - [TEST_STEP][PASSED] - sendKeys(findTestObject("ADMIN/Edit Text/Bespoke/Buyer Pages/Item Details/input_Unsatisfied_Unsatisfied"), "*"): Keys '*' sent to object: 'Object Repository/ADMIN/Edit Text/Bespoke/Buyer Pages/Item Details/input_Unsatisfied_Unsatisfied'

2020-03-20 09:52:50 - [MESSAGE][PASSED] - Keys '*' sent to object: 'Object Repository/ADMIN/Edit Text/Bespoke/Buyer Pages/Item Details/input_Unsatisfied_Unsatisfied'

2020-03-20 09:52:50 - [TEST_STEP][PASSED] - sendKeys(findTestObject("ADMIN/Edit Text/Bespoke/Buyer Pages/Item Details/input_Reply from_reply-from"), "*"): Keys '*' sent to object: 'Object Repository/ADMIN/Edit Text/Bespoke/Buyer Pages/Item Details/input_Reply from_reply-from'

2020-03-20 09:52:50 - [MESSAGE][PASSED] - Keys '*' sent to object: 'Object Repository/ADMIN/Edit Text/Bespoke/Buyer Pages/Item Details/input_Reply from_reply-from'

2020-03-20 09:52:50 - [TEST_STEP][PASSED] - sendKeys(findTestObject("ADMIN/Edit Text/Bespoke/Buyer Pages/Item Details/input_Reply_btn_view_cart"), "*"): Keys '*' sent to object: 'Object Repository/ADMIN/Edit Text/Bespoke/Buyer Pages/Item Details/input_Reply_btn_view_cart'

2020-03-20 09:52:50 - [MESSAGE][PASSED] - Keys '*' sent to object: 'Object Repository/ADMIN/Edit Text/Bespoke/Buyer Pages/Item Details/input_Reply_btn_view_cart'

2020-03-20 09:52:50 - [TEST_STEP][PASSED] - sendKeys(findTestObject("ADMIN/Edit Text/Bespoke/Buyer Pages/Item Details/input_REPLY TO_reply"), "*"): Keys '*' sent to object: 'Object Repository/ADMIN/Edit Text/Bespoke/Buyer Pages/Item Details/input_REPLY TO_reply'

2020-03-20 09:52:50 - [MESSAGE][PASSED] - Keys '*' sent to object: 'Object Repository/ADMIN/Edit Text/Bespoke/Buyer Pages/Item Details/input_REPLY TO_reply'

2020-03-20 09:52:50 - [TEST_STEP][PASSED] - sendKeys(findTestObject("ADMIN/Edit Text/Bespoke/Buyer Pages/Item Details/input_Leave a comment_leave-comment"), "*"): Keys '*' sent to object: 'Object Repository/ADMIN/Edit Text/Bespoke/Buyer Pages/Item Details/input_Leave a comment_leave-comment'

2020-03-20 09:52:50 - [MESSAGE][PASSED] - Keys '*' sent to object: 'Object Repository/ADMIN/Edit Text/Bespoke/Buyer Pages/Item Details/input_Leave a comment_leave-comment'

2020-03-20 09:52:50 - [TEST_STEP][PASSED] - sendKeys(findTestObject("ADMIN/Edit Text/Bespoke/Buyer Pages/Item Details/input_SUBMIT_btn_submit"), "*"): Keys '*' sent to object: 'Object Repository/ADMIN/Edit Text/Bespoke/Buyer Pages/Item Details/input_SUBMIT_btn_submit'

2020-03-20 09:52:50 - [MESSAGE][PASSED] - Keys '*' sent to object: 'Object Repository/ADMIN/Edit Text/Bespoke/Buyer Pages/Item Details/input_SUBMIT_btn_submit'

2020-03-20 09:52:50 - [TEST_STEP][PASSED] - click(findTestObject("ADMIN/Edit Text/Bespoke/Buyer Pages/Homepage/button_save"), CONTINUE_ON_FAILURE): Object: 'Object Repository/ADMIN/Edit Text/Bespoke/Buyer Pages/Homepage/button_save' is clicked on

2020-03-20 09:52:50 - [MESSAGE][PASSED] - Object: 'Object Repository/ADMIN/Edit Text/Bespoke/Buyer Pages/Homepage/button_save' is clicked on

2020-03-20 09:52:50 - [TEST_STEP][PASSED] - waitForElementVisible(findTestObject("ADMIN/Edit Text/Bespoke/Buyer Pages/Homepage/toaster_success"), 0): Object 'Object Repository/ADMIN/Edit Text/Bespoke/Buyer Pages/Homepage/toaster_success' is visible

2020-03-20 09:52:50 - [MESSAGE][WARNING] - Timeout '0' is invalid. Using default page load timeout: '30'

2020-03-20 09:52:51 - [MESSAGE][PASSED] - Object 'Object Repository/ADMIN/Edit Text/Bespoke/Buyer Pages/Homepage/toaster_success' is visible]]></system-out>
         <system-err><![CDATA[]]></system-err>
      </testcase>
      <testcase name="Test Cases/ADMIN/Language/Edit Text/Bespoke/Buyer Pages/Item Details" time="6.903" classname="Test Cases/ADMIN/Language/Edit Text/Bespoke/Buyer Pages/Item Details" status="PASSED">
         <system-out><![CDATA[2020-03-20 09:52:51 - [TEST_CASE][PASSED] - Test Cases/ADMIN/Language/Edit Text/Bespoke/Buyer Pages/Item Details: Test Cases/ADMIN/Language/Edit Text/Bespoke/Buyer Pages/Item Details

2020-03-20 09:52:51 - [TEST_STEP][PASSED] - waitForElementVisible(findTestObject("ADMIN/Edit Text/Bespoke/Buyer Navigation/dd_language"), 0): Object 'Object Repository/ADMIN/Edit Text/Bespoke/Buyer Navigation/dd_language' is visible

2020-03-20 09:52:51 - [MESSAGE][WARNING] - Timeout '0' is invalid. Using default page load timeout: '30'

2020-03-20 09:52:51 - [MESSAGE][PASSED] - Object 'Object Repository/ADMIN/Edit Text/Bespoke/Buyer Navigation/dd_language' is visible

2020-03-20 09:52:51 - [TEST_STEP][PASSED] - selectOptionByLabel(findTestObject("ADMIN/Edit Text/Bespoke/Buyer Navigation/dd_language"), varLanguage, false): All options with label 'Dutch' are selected in object 'Object Repository/ADMIN/Edit Text/Bespoke/Buyer Navigation/dd_language' 

2020-03-20 09:52:52 - [MESSAGE][PASSED] - All options with label 'Dutch' are selected in object 'Object Repository/ADMIN/Edit Text/Bespoke/Buyer Navigation/dd_language' 

2020-03-20 09:52:52 - [TEST_STEP][PASSED] - sendKeys(findTestObject("ADMIN/Edit Text/Bespoke/Buyer Pages/Item Details/input_Positive Feedback_item-feedbak"), "*"): Keys '*' sent to object: 'Object Repository/ADMIN/Edit Text/Bespoke/Buyer Pages/Item Details/input_Positive Feedback_item-feedbak'

2020-03-20 09:52:52 - [MESSAGE][PASSED] - Keys '*' sent to object: 'Object Repository/ADMIN/Edit Text/Bespoke/Buyer Pages/Item Details/input_Positive Feedback_item-feedbak'

2020-03-20 09:52:52 - [TEST_STEP][PASSED] - sendKeys(findTestObject("ADMIN/Edit Text/Bespoke/Buyer Pages/Item Details/input_ADD TO CART_1"), "*"): Keys '*' sent to object: 'Object Repository/ADMIN/Edit Text/Bespoke/Buyer Pages/Item Details/input_ADD TO CART_1'

2020-03-20 09:52:53 - [MESSAGE][PASSED] - Keys '*' sent to object: 'Object Repository/ADMIN/Edit Text/Bespoke/Buyer Pages/Item Details/input_ADD TO CART_1'

2020-03-20 09:52:53 - [TEST_STEP][PASSED] - sendKeys(findTestObject("ADMIN/Edit Text/Bespoke/Buyer Pages/Item Details/input_Quantity_item-qty"), "*"): Keys '*' sent to object: 'Object Repository/ADMIN/Edit Text/Bespoke/Buyer Pages/Item Details/input_Quantity_item-qty'

2020-03-20 09:52:53 - [MESSAGE][PASSED] - Keys '*' sent to object: 'Object Repository/ADMIN/Edit Text/Bespoke/Buyer Pages/Item Details/input_Quantity_item-qty'

2020-03-20 09:52:53 - [TEST_STEP][PASSED] - sendKeys(findTestObject("ADMIN/Edit Text/Bespoke/Buyer Pages/Item Details/input_Only_item-one"), "*"): Keys '*' sent to object: 'Object Repository/ADMIN/Edit Text/Bespoke/Buyer Pages/Item Details/input_Only_item-one'

2020-03-20 09:52:54 - [MESSAGE][PASSED] - Keys '*' sent to object: 'Object Repository/ADMIN/Edit Text/Bespoke/Buyer Pages/Item Details/input_Only_item-one'

2020-03-20 09:52:54 - [TEST_STEP][PASSED] - sendKeys(findTestObject("ADMIN/Edit Text/Bespoke/Buyer Pages/Item Details/input_left_item-left"), "*"): Keys '*' sent to object: 'Object Repository/ADMIN/Edit Text/Bespoke/Buyer Pages/Item Details/input_left_item-left'

2020-03-20 09:52:54 - [MESSAGE][PASSED] - Keys '*' sent to object: 'Object Repository/ADMIN/Edit Text/Bespoke/Buyer Pages/Item Details/input_left_item-left'

2020-03-20 09:52:54 - [TEST_STEP][PASSED] - sendKeys(findTestObject("ADMIN/Edit Text/Bespoke/Buyer Pages/Item Details/input_Out of Stock_text-stock"), "*"): Keys '*' sent to object: 'Object Repository/ADMIN/Edit Text/Bespoke/Buyer Pages/Item Details/input_Out of Stock_text-stock'

2020-03-20 09:52:54 - [MESSAGE][PASSED] - Keys '*' sent to object: 'Object Repository/ADMIN/Edit Text/Bespoke/Buyer Pages/Item Details/input_Out of Stock_text-stock'

2020-03-20 09:52:54 - [TEST_STEP][PASSED] - sendKeys(findTestObject("ADMIN/Edit Text/Bespoke/Buyer Pages/Item Details/input_Description_text-description"), "*"): Keys '*' sent to object: 'Object Repository/ADMIN/Edit Text/Bespoke/Buyer Pages/Item Details/input_Description_text-description'

2020-03-20 09:52:54 - [MESSAGE][PASSED] - Keys '*' sent to object: 'Object Repository/ADMIN/Edit Text/Bespoke/Buyer Pages/Item Details/input_Description_text-description'

2020-03-20 09:52:54 - [TEST_STEP][PASSED] - sendKeys(findTestObject("ADMIN/Edit Text/Bespoke/Buyer Pages/Item Details/input_Show More_text-show-more"), "*"): Keys '*' sent to object: 'Object Repository/ADMIN/Edit Text/Bespoke/Buyer Pages/Item Details/input_Show More_text-show-more'

2020-03-20 09:52:54 - [MESSAGE][PASSED] - Keys '*' sent to object: 'Object Repository/ADMIN/Edit Text/Bespoke/Buyer Pages/Item Details/input_Show More_text-show-more'

2020-03-20 09:52:54 - [TEST_STEP][PASSED] - sendKeys(findTestObject("ADMIN/Edit Text/Bespoke/Buyer Pages/Item Details/input_Show Less_text-show-less"), "*"): Keys '*' sent to object: 'Object Repository/ADMIN/Edit Text/Bespoke/Buyer Pages/Item Details/input_Show Less_text-show-less'

2020-03-20 09:52:54 - [MESSAGE][PASSED] - Keys '*' sent to object: 'Object Repository/ADMIN/Edit Text/Bespoke/Buyer Pages/Item Details/input_Show Less_text-show-less'

2020-03-20 09:52:54 - [TEST_STEP][PASSED] - sendKeys(findTestObject("ADMIN/Edit Text/Bespoke/Buyer Pages/Item Details/input_Choose a delivery method later_text-deliver-method"), "*"): Keys '*' sent to object: 'Object Repository/ADMIN/Edit Text/Bespoke/Buyer Pages/Item Details/input_Choose a delivery method later_text-deliver-method'

2020-03-20 09:52:55 - [MESSAGE][PASSED] - Keys '*' sent to object: 'Object Repository/ADMIN/Edit Text/Bespoke/Buyer Pages/Item Details/input_Choose a delivery method later_text-deliver-method'

2020-03-20 09:52:55 - [TEST_STEP][PASSED] - sendKeys(findTestObject("ADMIN/Edit Text/Bespoke/Buyer Pages/Item Details/input_Delivery_text-delivery"), "*"): Keys '*' sent to object: 'Object Repository/ADMIN/Edit Text/Bespoke/Buyer Pages/Item Details/input_Delivery_text-delivery'

2020-03-20 09:52:55 - [MESSAGE][PASSED] - Keys '*' sent to object: 'Object Repository/ADMIN/Edit Text/Bespoke/Buyer Pages/Item Details/input_Delivery_text-delivery'

2020-03-20 09:52:55 - [TEST_STEP][PASSED] - sendKeys(findTestObject("ADMIN/Edit Text/Bespoke/Buyer Pages/Item Details/input_Pick-Up_text-pickup"), "*"): Keys '*' sent to object: 'Object Repository/ADMIN/Edit Text/Bespoke/Buyer Pages/Item Details/input_Pick-Up_text-pickup'

2020-03-20 09:52:55 - [MESSAGE][PASSED] - Keys '*' sent to object: 'Object Repository/ADMIN/Edit Text/Bespoke/Buyer Pages/Item Details/input_Pick-Up_text-pickup'

2020-03-20 09:52:55 - [TEST_STEP][PASSED] - sendKeys(findTestObject("ADMIN/Edit Text/Bespoke/Buyer Pages/Item Details/input_Contact Seller_btn_add_cart"), "*"): Keys '*' sent to object: 'Object Repository/ADMIN/Edit Text/Bespoke/Buyer Pages/Item Details/input_Contact Seller_btn_add_cart'

2020-03-20 09:52:55 - [MESSAGE][PASSED] - Keys '*' sent to object: 'Object Repository/ADMIN/Edit Text/Bespoke/Buyer Pages/Item Details/input_Contact Seller_btn_add_cart'

2020-03-20 09:52:55 - [TEST_STEP][PASSED] - sendKeys(findTestObject("ADMIN/Edit Text/Bespoke/Buyer Pages/Item Details/input_ADD TO CART_2"), "*"): Keys '*' sent to object: 'Object Repository/ADMIN/Edit Text/Bespoke/Buyer Pages/Item Details/input_ADD TO CART_2'

2020-03-20 09:52:55 - [MESSAGE][PASSED] - Keys '*' sent to object: 'Object Repository/ADMIN/Edit Text/Bespoke/Buyer Pages/Item Details/input_ADD TO CART_2'

2020-03-20 09:52:55 - [TEST_STEP][PASSED] - sendKeys(findTestObject("ADMIN/Edit Text/Bespoke/Buyer Pages/Item Details/input_THIS ITEM HAS BEEN ADDED_item-has-been-added"), "*"): Keys '*' sent to object: 'Object Repository/ADMIN/Edit Text/Bespoke/Buyer Pages/Item Details/input_THIS ITEM HAS BEEN ADDED_item-has-been-added'

2020-03-20 09:52:55 - [MESSAGE][PASSED] - Keys '*' sent to object: 'Object Repository/ADMIN/Edit Text/Bespoke/Buyer Pages/Item Details/input_THIS ITEM HAS BEEN ADDED_item-has-been-added'

2020-03-20 09:52:55 - [TEST_STEP][PASSED] - sendKeys(findTestObject("ADMIN/Edit Text/Bespoke/Buyer Pages/Item Details/input_VIEW CART_btn_view_cart"), "*"): Keys '*' sent to object: 'Object Repository/ADMIN/Edit Text/Bespoke/Buyer Pages/Item Details/input_VIEW CART_btn_view_cart'

2020-03-20 09:52:56 - [MESSAGE][PASSED] - Keys '*' sent to object: 'Object Repository/ADMIN/Edit Text/Bespoke/Buyer Pages/Item Details/input_VIEW CART_btn_view_cart'

2020-03-20 09:52:56 - [TEST_STEP][PASSED] - sendKeys(findTestObject("ADMIN/Edit Text/Bespoke/Buyer Pages/Item Details/input_Reviews_reviews"), "*"): Keys '*' sent to object: 'Object Repository/ADMIN/Edit Text/Bespoke/Buyer Pages/Item Details/input_Reviews_reviews'

2020-03-20 09:52:56 - [MESSAGE][PASSED] - Keys '*' sent to object: 'Object Repository/ADMIN/Edit Text/Bespoke/Buyer Pages/Item Details/input_Reviews_reviews'

2020-03-20 09:52:56 - [TEST_STEP][PASSED] - sendKeys(findTestObject("ADMIN/Edit Text/Bespoke/Buyer Pages/Item Details/input_Rating Summary_rating-summary"), "*"): Keys '*' sent to object: 'Object Repository/ADMIN/Edit Text/Bespoke/Buyer Pages/Item Details/input_Rating Summary_rating-summary'

2020-03-20 09:52:56 - [MESSAGE][PASSED] - Keys '*' sent to object: 'Object Repository/ADMIN/Edit Text/Bespoke/Buyer Pages/Item Details/input_Rating Summary_rating-summary'

2020-03-20 09:52:56 - [TEST_STEP][PASSED] - sendKeys(findTestObject("ADMIN/Edit Text/Bespoke/Buyer Pages/Item Details/input_Positive Feedback_positive-feedback"), "*"): Keys '*' sent to object: 'Object Repository/ADMIN/Edit Text/Bespoke/Buyer Pages/Item Details/input_Positive Feedback_positive-feedback'

2020-03-20 09:52:56 - [MESSAGE][PASSED] - Keys '*' sent to object: 'Object Repository/ADMIN/Edit Text/Bespoke/Buyer Pages/Item Details/input_Positive Feedback_positive-feedback'

2020-03-20 09:52:56 - [TEST_STEP][PASSED] - sendKeys(findTestObject("ADMIN/Edit Text/Bespoke/Buyer Pages/Item Details/input_Excellent_excellent"), "*"): Keys '*' sent to object: 'Object Repository/ADMIN/Edit Text/Bespoke/Buyer Pages/Item Details/input_Excellent_excellent'

2020-03-20 09:52:56 - [MESSAGE][PASSED] - Keys '*' sent to object: 'Object Repository/ADMIN/Edit Text/Bespoke/Buyer Pages/Item Details/input_Excellent_excellent'

2020-03-20 09:52:56 - [TEST_STEP][PASSED] - sendKeys(findTestObject("ADMIN/Edit Text/Bespoke/Buyer Pages/Item Details/input_Great_great"), "*"): Keys '*' sent to object: 'Object Repository/ADMIN/Edit Text/Bespoke/Buyer Pages/Item Details/input_Great_great'

2020-03-20 09:52:56 - [MESSAGE][PASSED] - Keys '*' sent to object: 'Object Repository/ADMIN/Edit Text/Bespoke/Buyer Pages/Item Details/input_Great_great'

2020-03-20 09:52:56 - [TEST_STEP][PASSED] - sendKeys(findTestObject("ADMIN/Edit Text/Bespoke/Buyer Pages/Item Details/input_Good_good"), "*"): Keys '*' sent to object: 'Object Repository/ADMIN/Edit Text/Bespoke/Buyer Pages/Item Details/input_Good_good'

2020-03-20 09:52:56 - [MESSAGE][PASSED] - Keys '*' sent to object: 'Object Repository/ADMIN/Edit Text/Bespoke/Buyer Pages/Item Details/input_Good_good'

2020-03-20 09:52:56 - [TEST_STEP][PASSED] - sendKeys(findTestObject("ADMIN/Edit Text/Bespoke/Buyer Pages/Item Details/input_Okay_ok"), "*"): Keys '*' sent to object: 'Object Repository/ADMIN/Edit Text/Bespoke/Buyer Pages/Item Details/input_Okay_ok'

2020-03-20 09:52:56 - [MESSAGE][PASSED] - Keys '*' sent to object: 'Object Repository/ADMIN/Edit Text/Bespoke/Buyer Pages/Item Details/input_Okay_ok'

2020-03-20 09:52:56 - [TEST_STEP][PASSED] - sendKeys(findTestObject("ADMIN/Edit Text/Bespoke/Buyer Pages/Item Details/input_Unsatisfied_Unsatisfied"), "*"): Keys '*' sent to object: 'Object Repository/ADMIN/Edit Text/Bespoke/Buyer Pages/Item Details/input_Unsatisfied_Unsatisfied'

2020-03-20 09:52:57 - [MESSAGE][PASSED] - Keys '*' sent to object: 'Object Repository/ADMIN/Edit Text/Bespoke/Buyer Pages/Item Details/input_Unsatisfied_Unsatisfied'

2020-03-20 09:52:57 - [TEST_STEP][PASSED] - sendKeys(findTestObject("ADMIN/Edit Text/Bespoke/Buyer Pages/Item Details/input_Reply from_reply-from"), "*"): Keys '*' sent to object: 'Object Repository/ADMIN/Edit Text/Bespoke/Buyer Pages/Item Details/input_Reply from_reply-from'

2020-03-20 09:52:57 - [MESSAGE][PASSED] - Keys '*' sent to object: 'Object Repository/ADMIN/Edit Text/Bespoke/Buyer Pages/Item Details/input_Reply from_reply-from'

2020-03-20 09:52:57 - [TEST_STEP][PASSED] - sendKeys(findTestObject("ADMIN/Edit Text/Bespoke/Buyer Pages/Item Details/input_Reply_btn_view_cart"), "*"): Keys '*' sent to object: 'Object Repository/ADMIN/Edit Text/Bespoke/Buyer Pages/Item Details/input_Reply_btn_view_cart'

2020-03-20 09:52:57 - [MESSAGE][PASSED] - Keys '*' sent to object: 'Object Repository/ADMIN/Edit Text/Bespoke/Buyer Pages/Item Details/input_Reply_btn_view_cart'

2020-03-20 09:52:57 - [TEST_STEP][PASSED] - sendKeys(findTestObject("ADMIN/Edit Text/Bespoke/Buyer Pages/Item Details/input_REPLY TO_reply"), "*"): Keys '*' sent to object: 'Object Repository/ADMIN/Edit Text/Bespoke/Buyer Pages/Item Details/input_REPLY TO_reply'

2020-03-20 09:52:57 - [MESSAGE][PASSED] - Keys '*' sent to object: 'Object Repository/ADMIN/Edit Text/Bespoke/Buyer Pages/Item Details/input_REPLY TO_reply'

2020-03-20 09:52:57 - [TEST_STEP][PASSED] - sendKeys(findTestObject("ADMIN/Edit Text/Bespoke/Buyer Pages/Item Details/input_Leave a comment_leave-comment"), "*"): Keys '*' sent to object: 'Object Repository/ADMIN/Edit Text/Bespoke/Buyer Pages/Item Details/input_Leave a comment_leave-comment'

2020-03-20 09:52:57 - [MESSAGE][PASSED] - Keys '*' sent to object: 'Object Repository/ADMIN/Edit Text/Bespoke/Buyer Pages/Item Details/input_Leave a comment_leave-comment'

2020-03-20 09:52:57 - [TEST_STEP][PASSED] - sendKeys(findTestObject("ADMIN/Edit Text/Bespoke/Buyer Pages/Item Details/input_SUBMIT_btn_submit"), "*"): Keys '*' sent to object: 'Object Repository/ADMIN/Edit Text/Bespoke/Buyer Pages/Item Details/input_SUBMIT_btn_submit'

2020-03-20 09:52:57 - [MESSAGE][PASSED] - Keys '*' sent to object: 'Object Repository/ADMIN/Edit Text/Bespoke/Buyer Pages/Item Details/input_SUBMIT_btn_submit'

2020-03-20 09:52:57 - [TEST_STEP][PASSED] - click(findTestObject("ADMIN/Edit Text/Bespoke/Buyer Pages/Homepage/button_save"), CONTINUE_ON_FAILURE): Object: 'Object Repository/ADMIN/Edit Text/Bespoke/Buyer Pages/Homepage/button_save' is clicked on

2020-03-20 09:52:57 - [MESSAGE][PASSED] - Object: 'Object Repository/ADMIN/Edit Text/Bespoke/Buyer Pages/Homepage/button_save' is clicked on

2020-03-20 09:52:57 - [TEST_STEP][PASSED] - waitForElementVisible(findTestObject("ADMIN/Edit Text/Bespoke/Buyer Pages/Homepage/toaster_success"), 0): Object 'Object Repository/ADMIN/Edit Text/Bespoke/Buyer Pages/Homepage/toaster_success' is visible

2020-03-20 09:52:57 - [MESSAGE][WARNING] - Timeout '0' is invalid. Using default page load timeout: '30'

2020-03-20 09:52:58 - [MESSAGE][PASSED] - Object 'Object Repository/ADMIN/Edit Text/Bespoke/Buyer Pages/Homepage/toaster_success' is visible]]></system-out>
         <system-err><![CDATA[]]></system-err>
      </testcase>
      <testcase name="Test Cases/ADMIN/Language/Edit Text/Bespoke/Buyer Pages/Item Details" time="6.994" classname="Test Cases/ADMIN/Language/Edit Text/Bespoke/Buyer Pages/Item Details" status="PASSED">
         <system-out><![CDATA[2020-03-20 09:52:58 - [TEST_CASE][PASSED] - Test Cases/ADMIN/Language/Edit Text/Bespoke/Buyer Pages/Item Details: Test Cases/ADMIN/Language/Edit Text/Bespoke/Buyer Pages/Item Details

2020-03-20 09:52:58 - [TEST_STEP][PASSED] - waitForElementVisible(findTestObject("ADMIN/Edit Text/Bespoke/Buyer Navigation/dd_language"), 0): Object 'Object Repository/ADMIN/Edit Text/Bespoke/Buyer Navigation/dd_language' is visible

2020-03-20 09:52:58 - [MESSAGE][WARNING] - Timeout '0' is invalid. Using default page load timeout: '30'

2020-03-20 09:52:58 - [MESSAGE][PASSED] - Object 'Object Repository/ADMIN/Edit Text/Bespoke/Buyer Navigation/dd_language' is visible

2020-03-20 09:52:58 - [TEST_STEP][PASSED] - selectOptionByLabel(findTestObject("ADMIN/Edit Text/Bespoke/Buyer Navigation/dd_language"), varLanguage, false): All options with label 'Swedish' are selected in object 'Object Repository/ADMIN/Edit Text/Bespoke/Buyer Navigation/dd_language' 

2020-03-20 09:53:00 - [MESSAGE][PASSED] - All options with label 'Swedish' are selected in object 'Object Repository/ADMIN/Edit Text/Bespoke/Buyer Navigation/dd_language' 

2020-03-20 09:53:00 - [TEST_STEP][PASSED] - sendKeys(findTestObject("ADMIN/Edit Text/Bespoke/Buyer Pages/Item Details/input_Positive Feedback_item-feedbak"), "*"): Keys '*' sent to object: 'Object Repository/ADMIN/Edit Text/Bespoke/Buyer Pages/Item Details/input_Positive Feedback_item-feedbak'

2020-03-20 09:53:00 - [MESSAGE][PASSED] - Keys '*' sent to object: 'Object Repository/ADMIN/Edit Text/Bespoke/Buyer Pages/Item Details/input_Positive Feedback_item-feedbak'

2020-03-20 09:53:00 - [TEST_STEP][PASSED] - sendKeys(findTestObject("ADMIN/Edit Text/Bespoke/Buyer Pages/Item Details/input_ADD TO CART_1"), "*"): Keys '*' sent to object: 'Object Repository/ADMIN/Edit Text/Bespoke/Buyer Pages/Item Details/input_ADD TO CART_1'

2020-03-20 09:53:00 - [MESSAGE][PASSED] - Keys '*' sent to object: 'Object Repository/ADMIN/Edit Text/Bespoke/Buyer Pages/Item Details/input_ADD TO CART_1'

2020-03-20 09:53:00 - [TEST_STEP][PASSED] - sendKeys(findTestObject("ADMIN/Edit Text/Bespoke/Buyer Pages/Item Details/input_Quantity_item-qty"), "*"): Keys '*' sent to object: 'Object Repository/ADMIN/Edit Text/Bespoke/Buyer Pages/Item Details/input_Quantity_item-qty'

2020-03-20 09:53:00 - [MESSAGE][PASSED] - Keys '*' sent to object: 'Object Repository/ADMIN/Edit Text/Bespoke/Buyer Pages/Item Details/input_Quantity_item-qty'

2020-03-20 09:53:00 - [TEST_STEP][PASSED] - sendKeys(findTestObject("ADMIN/Edit Text/Bespoke/Buyer Pages/Item Details/input_Only_item-one"), "*"): Keys '*' sent to object: 'Object Repository/ADMIN/Edit Text/Bespoke/Buyer Pages/Item Details/input_Only_item-one'

2020-03-20 09:53:00 - [MESSAGE][PASSED] - Keys '*' sent to object: 'Object Repository/ADMIN/Edit Text/Bespoke/Buyer Pages/Item Details/input_Only_item-one'

2020-03-20 09:53:00 - [TEST_STEP][PASSED] - sendKeys(findTestObject("ADMIN/Edit Text/Bespoke/Buyer Pages/Item Details/input_left_item-left"), "*"): Keys '*' sent to object: 'Object Repository/ADMIN/Edit Text/Bespoke/Buyer Pages/Item Details/input_left_item-left'

2020-03-20 09:53:01 - [MESSAGE][PASSED] - Keys '*' sent to object: 'Object Repository/ADMIN/Edit Text/Bespoke/Buyer Pages/Item Details/input_left_item-left'

2020-03-20 09:53:01 - [TEST_STEP][PASSED] - sendKeys(findTestObject("ADMIN/Edit Text/Bespoke/Buyer Pages/Item Details/input_Out of Stock_text-stock"), "*"): Keys '*' sent to object: 'Object Repository/ADMIN/Edit Text/Bespoke/Buyer Pages/Item Details/input_Out of Stock_text-stock'

2020-03-20 09:53:01 - [MESSAGE][PASSED] - Keys '*' sent to object: 'Object Repository/ADMIN/Edit Text/Bespoke/Buyer Pages/Item Details/input_Out of Stock_text-stock'

2020-03-20 09:53:01 - [TEST_STEP][PASSED] - sendKeys(findTestObject("ADMIN/Edit Text/Bespoke/Buyer Pages/Item Details/input_Description_text-description"), "*"): Keys '*' sent to object: 'Object Repository/ADMIN/Edit Text/Bespoke/Buyer Pages/Item Details/input_Description_text-description'

2020-03-20 09:53:01 - [MESSAGE][PASSED] - Keys '*' sent to object: 'Object Repository/ADMIN/Edit Text/Bespoke/Buyer Pages/Item Details/input_Description_text-description'

2020-03-20 09:53:01 - [TEST_STEP][PASSED] - sendKeys(findTestObject("ADMIN/Edit Text/Bespoke/Buyer Pages/Item Details/input_Show More_text-show-more"), "*"): Keys '*' sent to object: 'Object Repository/ADMIN/Edit Text/Bespoke/Buyer Pages/Item Details/input_Show More_text-show-more'

2020-03-20 09:53:01 - [MESSAGE][PASSED] - Keys '*' sent to object: 'Object Repository/ADMIN/Edit Text/Bespoke/Buyer Pages/Item Details/input_Show More_text-show-more'

2020-03-20 09:53:01 - [TEST_STEP][PASSED] - sendKeys(findTestObject("ADMIN/Edit Text/Bespoke/Buyer Pages/Item Details/input_Show Less_text-show-less"), "*"): Keys '*' sent to object: 'Object Repository/ADMIN/Edit Text/Bespoke/Buyer Pages/Item Details/input_Show Less_text-show-less'

2020-03-20 09:53:01 - [MESSAGE][PASSED] - Keys '*' sent to object: 'Object Repository/ADMIN/Edit Text/Bespoke/Buyer Pages/Item Details/input_Show Less_text-show-less'

2020-03-20 09:53:01 - [TEST_STEP][PASSED] - sendKeys(findTestObject("ADMIN/Edit Text/Bespoke/Buyer Pages/Item Details/input_Choose a delivery method later_text-deliver-method"), "*"): Keys '*' sent to object: 'Object Repository/ADMIN/Edit Text/Bespoke/Buyer Pages/Item Details/input_Choose a delivery method later_text-deliver-method'

2020-03-20 09:53:01 - [MESSAGE][PASSED] - Keys '*' sent to object: 'Object Repository/ADMIN/Edit Text/Bespoke/Buyer Pages/Item Details/input_Choose a delivery method later_text-deliver-method'

2020-03-20 09:53:01 - [TEST_STEP][PASSED] - sendKeys(findTestObject("ADMIN/Edit Text/Bespoke/Buyer Pages/Item Details/input_Delivery_text-delivery"), "*"): Keys '*' sent to object: 'Object Repository/ADMIN/Edit Text/Bespoke/Buyer Pages/Item Details/input_Delivery_text-delivery'

2020-03-20 09:53:01 - [MESSAGE][PASSED] - Keys '*' sent to object: 'Object Repository/ADMIN/Edit Text/Bespoke/Buyer Pages/Item Details/input_Delivery_text-delivery'

2020-03-20 09:53:01 - [TEST_STEP][PASSED] - sendKeys(findTestObject("ADMIN/Edit Text/Bespoke/Buyer Pages/Item Details/input_Pick-Up_text-pickup"), "*"): Keys '*' sent to object: 'Object Repository/ADMIN/Edit Text/Bespoke/Buyer Pages/Item Details/input_Pick-Up_text-pickup'

2020-03-20 09:53:02 - [MESSAGE][PASSED] - Keys '*' sent to object: 'Object Repository/ADMIN/Edit Text/Bespoke/Buyer Pages/Item Details/input_Pick-Up_text-pickup'

2020-03-20 09:53:02 - [TEST_STEP][PASSED] - sendKeys(findTestObject("ADMIN/Edit Text/Bespoke/Buyer Pages/Item Details/input_Contact Seller_btn_add_cart"), "*"): Keys '*' sent to object: 'Object Repository/ADMIN/Edit Text/Bespoke/Buyer Pages/Item Details/input_Contact Seller_btn_add_cart'

2020-03-20 09:53:02 - [MESSAGE][PASSED] - Keys '*' sent to object: 'Object Repository/ADMIN/Edit Text/Bespoke/Buyer Pages/Item Details/input_Contact Seller_btn_add_cart'

2020-03-20 09:53:02 - [TEST_STEP][PASSED] - sendKeys(findTestObject("ADMIN/Edit Text/Bespoke/Buyer Pages/Item Details/input_ADD TO CART_2"), "*"): Keys '*' sent to object: 'Object Repository/ADMIN/Edit Text/Bespoke/Buyer Pages/Item Details/input_ADD TO CART_2'

2020-03-20 09:53:02 - [MESSAGE][PASSED] - Keys '*' sent to object: 'Object Repository/ADMIN/Edit Text/Bespoke/Buyer Pages/Item Details/input_ADD TO CART_2'

2020-03-20 09:53:02 - [TEST_STEP][PASSED] - sendKeys(findTestObject("ADMIN/Edit Text/Bespoke/Buyer Pages/Item Details/input_THIS ITEM HAS BEEN ADDED_item-has-been-added"), "*"): Keys '*' sent to object: 'Object Repository/ADMIN/Edit Text/Bespoke/Buyer Pages/Item Details/input_THIS ITEM HAS BEEN ADDED_item-has-been-added'

2020-03-20 09:53:02 - [MESSAGE][PASSED] - Keys '*' sent to object: 'Object Repository/ADMIN/Edit Text/Bespoke/Buyer Pages/Item Details/input_THIS ITEM HAS BEEN ADDED_item-has-been-added'

2020-03-20 09:53:02 - [TEST_STEP][PASSED] - sendKeys(findTestObject("ADMIN/Edit Text/Bespoke/Buyer Pages/Item Details/input_VIEW CART_btn_view_cart"), "*"): Keys '*' sent to object: 'Object Repository/ADMIN/Edit Text/Bespoke/Buyer Pages/Item Details/input_VIEW CART_btn_view_cart'

2020-03-20 09:53:02 - [MESSAGE][PASSED] - Keys '*' sent to object: 'Object Repository/ADMIN/Edit Text/Bespoke/Buyer Pages/Item Details/input_VIEW CART_btn_view_cart'

2020-03-20 09:53:02 - [TEST_STEP][PASSED] - sendKeys(findTestObject("ADMIN/Edit Text/Bespoke/Buyer Pages/Item Details/input_Reviews_reviews"), "*"): Keys '*' sent to object: 'Object Repository/ADMIN/Edit Text/Bespoke/Buyer Pages/Item Details/input_Reviews_reviews'

2020-03-20 09:53:03 - [MESSAGE][PASSED] - Keys '*' sent to object: 'Object Repository/ADMIN/Edit Text/Bespoke/Buyer Pages/Item Details/input_Reviews_reviews'

2020-03-20 09:53:03 - [TEST_STEP][PASSED] - sendKeys(findTestObject("ADMIN/Edit Text/Bespoke/Buyer Pages/Item Details/input_Rating Summary_rating-summary"), "*"): Keys '*' sent to object: 'Object Repository/ADMIN/Edit Text/Bespoke/Buyer Pages/Item Details/input_Rating Summary_rating-summary'

2020-03-20 09:53:03 - [MESSAGE][PASSED] - Keys '*' sent to object: 'Object Repository/ADMIN/Edit Text/Bespoke/Buyer Pages/Item Details/input_Rating Summary_rating-summary'

2020-03-20 09:53:03 - [TEST_STEP][PASSED] - sendKeys(findTestObject("ADMIN/Edit Text/Bespoke/Buyer Pages/Item Details/input_Positive Feedback_positive-feedback"), "*"): Keys '*' sent to object: 'Object Repository/ADMIN/Edit Text/Bespoke/Buyer Pages/Item Details/input_Positive Feedback_positive-feedback'

2020-03-20 09:53:03 - [MESSAGE][PASSED] - Keys '*' sent to object: 'Object Repository/ADMIN/Edit Text/Bespoke/Buyer Pages/Item Details/input_Positive Feedback_positive-feedback'

2020-03-20 09:53:03 - [TEST_STEP][PASSED] - sendKeys(findTestObject("ADMIN/Edit Text/Bespoke/Buyer Pages/Item Details/input_Excellent_excellent"), "*"): Keys '*' sent to object: 'Object Repository/ADMIN/Edit Text/Bespoke/Buyer Pages/Item Details/input_Excellent_excellent'

2020-03-20 09:53:03 - [MESSAGE][PASSED] - Keys '*' sent to object: 'Object Repository/ADMIN/Edit Text/Bespoke/Buyer Pages/Item Details/input_Excellent_excellent'

2020-03-20 09:53:03 - [TEST_STEP][PASSED] - sendKeys(findTestObject("ADMIN/Edit Text/Bespoke/Buyer Pages/Item Details/input_Great_great"), "*"): Keys '*' sent to object: 'Object Repository/ADMIN/Edit Text/Bespoke/Buyer Pages/Item Details/input_Great_great'

2020-03-20 09:53:03 - [MESSAGE][PASSED] - Keys '*' sent to object: 'Object Repository/ADMIN/Edit Text/Bespoke/Buyer Pages/Item Details/input_Great_great'

2020-03-20 09:53:03 - [TEST_STEP][PASSED] - sendKeys(findTestObject("ADMIN/Edit Text/Bespoke/Buyer Pages/Item Details/input_Good_good"), "*"): Keys '*' sent to object: 'Object Repository/ADMIN/Edit Text/Bespoke/Buyer Pages/Item Details/input_Good_good'

2020-03-20 09:53:03 - [MESSAGE][PASSED] - Keys '*' sent to object: 'Object Repository/ADMIN/Edit Text/Bespoke/Buyer Pages/Item Details/input_Good_good'

2020-03-20 09:53:03 - [TEST_STEP][PASSED] - sendKeys(findTestObject("ADMIN/Edit Text/Bespoke/Buyer Pages/Item Details/input_Okay_ok"), "*"): Keys '*' sent to object: 'Object Repository/ADMIN/Edit Text/Bespoke/Buyer Pages/Item Details/input_Okay_ok'

2020-03-20 09:53:03 - [MESSAGE][PASSED] - Keys '*' sent to object: 'Object Repository/ADMIN/Edit Text/Bespoke/Buyer Pages/Item Details/input_Okay_ok'

2020-03-20 09:53:03 - [TEST_STEP][PASSED] - sendKeys(findTestObject("ADMIN/Edit Text/Bespoke/Buyer Pages/Item Details/input_Unsatisfied_Unsatisfied"), "*"): Keys '*' sent to object: 'Object Repository/ADMIN/Edit Text/Bespoke/Buyer Pages/Item Details/input_Unsatisfied_Unsatisfied'

2020-03-20 09:53:03 - [MESSAGE][PASSED] - Keys '*' sent to object: 'Object Repository/ADMIN/Edit Text/Bespoke/Buyer Pages/Item Details/input_Unsatisfied_Unsatisfied'

2020-03-20 09:53:03 - [TEST_STEP][PASSED] - sendKeys(findTestObject("ADMIN/Edit Text/Bespoke/Buyer Pages/Item Details/input_Reply from_reply-from"), "*"): Keys '*' sent to object: 'Object Repository/ADMIN/Edit Text/Bespoke/Buyer Pages/Item Details/input_Reply from_reply-from'

2020-03-20 09:53:03 - [MESSAGE][PASSED] - Keys '*' sent to object: 'Object Repository/ADMIN/Edit Text/Bespoke/Buyer Pages/Item Details/input_Reply from_reply-from'

2020-03-20 09:53:03 - [TEST_STEP][PASSED] - sendKeys(findTestObject("ADMIN/Edit Text/Bespoke/Buyer Pages/Item Details/input_Reply_btn_view_cart"), "*"): Keys '*' sent to object: 'Object Repository/ADMIN/Edit Text/Bespoke/Buyer Pages/Item Details/input_Reply_btn_view_cart'

2020-03-20 09:53:04 - [MESSAGE][PASSED] - Keys '*' sent to object: 'Object Repository/ADMIN/Edit Text/Bespoke/Buyer Pages/Item Details/input_Reply_btn_view_cart'

2020-03-20 09:53:04 - [TEST_STEP][PASSED] - sendKeys(findTestObject("ADMIN/Edit Text/Bespoke/Buyer Pages/Item Details/input_REPLY TO_reply"), "*"): Keys '*' sent to object: 'Object Repository/ADMIN/Edit Text/Bespoke/Buyer Pages/Item Details/input_REPLY TO_reply'

2020-03-20 09:53:04 - [MESSAGE][PASSED] - Keys '*' sent to object: 'Object Repository/ADMIN/Edit Text/Bespoke/Buyer Pages/Item Details/input_REPLY TO_reply'

2020-03-20 09:53:04 - [TEST_STEP][PASSED] - sendKeys(findTestObject("ADMIN/Edit Text/Bespoke/Buyer Pages/Item Details/input_Leave a comment_leave-comment"), "*"): Keys '*' sent to object: 'Object Repository/ADMIN/Edit Text/Bespoke/Buyer Pages/Item Details/input_Leave a comment_leave-comment'

2020-03-20 09:53:04 - [MESSAGE][PASSED] - Keys '*' sent to object: 'Object Repository/ADMIN/Edit Text/Bespoke/Buyer Pages/Item Details/input_Leave a comment_leave-comment'

2020-03-20 09:53:04 - [TEST_STEP][PASSED] - sendKeys(findTestObject("ADMIN/Edit Text/Bespoke/Buyer Pages/Item Details/input_SUBMIT_btn_submit"), "*"): Keys '*' sent to object: 'Object Repository/ADMIN/Edit Text/Bespoke/Buyer Pages/Item Details/input_SUBMIT_btn_submit'

2020-03-20 09:53:04 - [MESSAGE][PASSED] - Keys '*' sent to object: 'Object Repository/ADMIN/Edit Text/Bespoke/Buyer Pages/Item Details/input_SUBMIT_btn_submit'

2020-03-20 09:53:04 - [TEST_STEP][PASSED] - click(findTestObject("ADMIN/Edit Text/Bespoke/Buyer Pages/Homepage/button_save"), CONTINUE_ON_FAILURE): Object: 'Object Repository/ADMIN/Edit Text/Bespoke/Buyer Pages/Homepage/button_save' is clicked on

2020-03-20 09:53:04 - [MESSAGE][PASSED] - Object: 'Object Repository/ADMIN/Edit Text/Bespoke/Buyer Pages/Homepage/button_save' is clicked on

2020-03-20 09:53:04 - [TEST_STEP][PASSED] - waitForElementVisible(findTestObject("ADMIN/Edit Text/Bespoke/Buyer Pages/Homepage/toaster_success"), 0): Object 'Object Repository/ADMIN/Edit Text/Bespoke/Buyer Pages/Homepage/toaster_success' is visible

2020-03-20 09:53:04 - [MESSAGE][WARNING] - Timeout '0' is invalid. Using default page load timeout: '30'

2020-03-20 09:53:05 - [MESSAGE][PASSED] - Object 'Object Repository/ADMIN/Edit Text/Bespoke/Buyer Pages/Homepage/toaster_success' is visible]]></system-out>
         <system-err><![CDATA[]]></system-err>
      </testcase>
      <testcase name="Test Cases/ADMIN/Language/Edit Text/Bespoke/Buyer Pages/Item Details" time="6.903" classname="Test Cases/ADMIN/Language/Edit Text/Bespoke/Buyer Pages/Item Details" status="PASSED">
         <system-out><![CDATA[2020-03-20 09:53:05 - [TEST_CASE][PASSED] - Test Cases/ADMIN/Language/Edit Text/Bespoke/Buyer Pages/Item Details: Test Cases/ADMIN/Language/Edit Text/Bespoke/Buyer Pages/Item Details

2020-03-20 09:53:05 - [TEST_STEP][PASSED] - waitForElementVisible(findTestObject("ADMIN/Edit Text/Bespoke/Buyer Navigation/dd_language"), 0): Object 'Object Repository/ADMIN/Edit Text/Bespoke/Buyer Navigation/dd_language' is visible

2020-03-20 09:53:05 - [MESSAGE][WARNING] - Timeout '0' is invalid. Using default page load timeout: '30'

2020-03-20 09:53:05 - [MESSAGE][PASSED] - Object 'Object Repository/ADMIN/Edit Text/Bespoke/Buyer Navigation/dd_language' is visible

2020-03-20 09:53:05 - [TEST_STEP][PASSED] - selectOptionByLabel(findTestObject("ADMIN/Edit Text/Bespoke/Buyer Navigation/dd_language"), varLanguage, false): All options with label 'Chinese (Simplified)' are selected in object 'Object Repository/ADMIN/Edit Text/Bespoke/Buyer Navigation/dd_language' 

2020-03-20 09:53:06 - [MESSAGE][PASSED] - All options with label 'Chinese (Simplified)' are selected in object 'Object Repository/ADMIN/Edit Text/Bespoke/Buyer Navigation/dd_language' 

2020-03-20 09:53:06 - [TEST_STEP][PASSED] - sendKeys(findTestObject("ADMIN/Edit Text/Bespoke/Buyer Pages/Item Details/input_Positive Feedback_item-feedbak"), "*"): Keys '*' sent to object: 'Object Repository/ADMIN/Edit Text/Bespoke/Buyer Pages/Item Details/input_Positive Feedback_item-feedbak'

2020-03-20 09:53:07 - [MESSAGE][PASSED] - Keys '*' sent to object: 'Object Repository/ADMIN/Edit Text/Bespoke/Buyer Pages/Item Details/input_Positive Feedback_item-feedbak'

2020-03-20 09:53:07 - [TEST_STEP][PASSED] - sendKeys(findTestObject("ADMIN/Edit Text/Bespoke/Buyer Pages/Item Details/input_ADD TO CART_1"), "*"): Keys '*' sent to object: 'Object Repository/ADMIN/Edit Text/Bespoke/Buyer Pages/Item Details/input_ADD TO CART_1'

2020-03-20 09:53:07 - [MESSAGE][PASSED] - Keys '*' sent to object: 'Object Repository/ADMIN/Edit Text/Bespoke/Buyer Pages/Item Details/input_ADD TO CART_1'

2020-03-20 09:53:07 - [TEST_STEP][PASSED] - sendKeys(findTestObject("ADMIN/Edit Text/Bespoke/Buyer Pages/Item Details/input_Quantity_item-qty"), "*"): Keys '*' sent to object: 'Object Repository/ADMIN/Edit Text/Bespoke/Buyer Pages/Item Details/input_Quantity_item-qty'

2020-03-20 09:53:08 - [MESSAGE][PASSED] - Keys '*' sent to object: 'Object Repository/ADMIN/Edit Text/Bespoke/Buyer Pages/Item Details/input_Quantity_item-qty'

2020-03-20 09:53:08 - [TEST_STEP][PASSED] - sendKeys(findTestObject("ADMIN/Edit Text/Bespoke/Buyer Pages/Item Details/input_Only_item-one"), "*"): Keys '*' sent to object: 'Object Repository/ADMIN/Edit Text/Bespoke/Buyer Pages/Item Details/input_Only_item-one'

2020-03-20 09:53:08 - [MESSAGE][PASSED] - Keys '*' sent to object: 'Object Repository/ADMIN/Edit Text/Bespoke/Buyer Pages/Item Details/input_Only_item-one'

2020-03-20 09:53:08 - [TEST_STEP][PASSED] - sendKeys(findTestObject("ADMIN/Edit Text/Bespoke/Buyer Pages/Item Details/input_left_item-left"), "*"): Keys '*' sent to object: 'Object Repository/ADMIN/Edit Text/Bespoke/Buyer Pages/Item Details/input_left_item-left'

2020-03-20 09:53:08 - [MESSAGE][PASSED] - Keys '*' sent to object: 'Object Repository/ADMIN/Edit Text/Bespoke/Buyer Pages/Item Details/input_left_item-left'

2020-03-20 09:53:08 - [TEST_STEP][PASSED] - sendKeys(findTestObject("ADMIN/Edit Text/Bespoke/Buyer Pages/Item Details/input_Out of Stock_text-stock"), "*"): Keys '*' sent to object: 'Object Repository/ADMIN/Edit Text/Bespoke/Buyer Pages/Item Details/input_Out of Stock_text-stock'

2020-03-20 09:53:08 - [MESSAGE][PASSED] - Keys '*' sent to object: 'Object Repository/ADMIN/Edit Text/Bespoke/Buyer Pages/Item Details/input_Out of Stock_text-stock'

2020-03-20 09:53:08 - [TEST_STEP][PASSED] - sendKeys(findTestObject("ADMIN/Edit Text/Bespoke/Buyer Pages/Item Details/input_Description_text-description"), "*"): Keys '*' sent to object: 'Object Repository/ADMIN/Edit Text/Bespoke/Buyer Pages/Item Details/input_Description_text-description'

2020-03-20 09:53:08 - [MESSAGE][PASSED] - Keys '*' sent to object: 'Object Repository/ADMIN/Edit Text/Bespoke/Buyer Pages/Item Details/input_Description_text-description'

2020-03-20 09:53:08 - [TEST_STEP][PASSED] - sendKeys(findTestObject("ADMIN/Edit Text/Bespoke/Buyer Pages/Item Details/input_Show More_text-show-more"), "*"): Keys '*' sent to object: 'Object Repository/ADMIN/Edit Text/Bespoke/Buyer Pages/Item Details/input_Show More_text-show-more'

2020-03-20 09:53:09 - [MESSAGE][PASSED] - Keys '*' sent to object: 'Object Repository/ADMIN/Edit Text/Bespoke/Buyer Pages/Item Details/input_Show More_text-show-more'

2020-03-20 09:53:09 - [TEST_STEP][PASSED] - sendKeys(findTestObject("ADMIN/Edit Text/Bespoke/Buyer Pages/Item Details/input_Show Less_text-show-less"), "*"): Keys '*' sent to object: 'Object Repository/ADMIN/Edit Text/Bespoke/Buyer Pages/Item Details/input_Show Less_text-show-less'

2020-03-20 09:53:09 - [MESSAGE][PASSED] - Keys '*' sent to object: 'Object Repository/ADMIN/Edit Text/Bespoke/Buyer Pages/Item Details/input_Show Less_text-show-less'

2020-03-20 09:53:09 - [TEST_STEP][PASSED] - sendKeys(findTestObject("ADMIN/Edit Text/Bespoke/Buyer Pages/Item Details/input_Choose a delivery method later_text-deliver-method"), "*"): Keys '*' sent to object: 'Object Repository/ADMIN/Edit Text/Bespoke/Buyer Pages/Item Details/input_Choose a delivery method later_text-deliver-method'

2020-03-20 09:53:09 - [MESSAGE][PASSED] - Keys '*' sent to object: 'Object Repository/ADMIN/Edit Text/Bespoke/Buyer Pages/Item Details/input_Choose a delivery method later_text-deliver-method'

2020-03-20 09:53:09 - [TEST_STEP][PASSED] - sendKeys(findTestObject("ADMIN/Edit Text/Bespoke/Buyer Pages/Item Details/input_Delivery_text-delivery"), "*"): Keys '*' sent to object: 'Object Repository/ADMIN/Edit Text/Bespoke/Buyer Pages/Item Details/input_Delivery_text-delivery'

2020-03-20 09:53:09 - [MESSAGE][PASSED] - Keys '*' sent to object: 'Object Repository/ADMIN/Edit Text/Bespoke/Buyer Pages/Item Details/input_Delivery_text-delivery'

2020-03-20 09:53:09 - [TEST_STEP][PASSED] - sendKeys(findTestObject("ADMIN/Edit Text/Bespoke/Buyer Pages/Item Details/input_Pick-Up_text-pickup"), "*"): Keys '*' sent to object: 'Object Repository/ADMIN/Edit Text/Bespoke/Buyer Pages/Item Details/input_Pick-Up_text-pickup'

2020-03-20 09:53:09 - [MESSAGE][PASSED] - Keys '*' sent to object: 'Object Repository/ADMIN/Edit Text/Bespoke/Buyer Pages/Item Details/input_Pick-Up_text-pickup'

2020-03-20 09:53:09 - [TEST_STEP][PASSED] - sendKeys(findTestObject("ADMIN/Edit Text/Bespoke/Buyer Pages/Item Details/input_Contact Seller_btn_add_cart"), "*"): Keys '*' sent to object: 'Object Repository/ADMIN/Edit Text/Bespoke/Buyer Pages/Item Details/input_Contact Seller_btn_add_cart'

2020-03-20 09:53:09 - [MESSAGE][PASSED] - Keys '*' sent to object: 'Object Repository/ADMIN/Edit Text/Bespoke/Buyer Pages/Item Details/input_Contact Seller_btn_add_cart'

2020-03-20 09:53:09 - [TEST_STEP][PASSED] - sendKeys(findTestObject("ADMIN/Edit Text/Bespoke/Buyer Pages/Item Details/input_ADD TO CART_2"), "*"): Keys '*' sent to object: 'Object Repository/ADMIN/Edit Text/Bespoke/Buyer Pages/Item Details/input_ADD TO CART_2'

2020-03-20 09:53:09 - [MESSAGE][PASSED] - Keys '*' sent to object: 'Object Repository/ADMIN/Edit Text/Bespoke/Buyer Pages/Item Details/input_ADD TO CART_2'

2020-03-20 09:53:09 - [TEST_STEP][PASSED] - sendKeys(findTestObject("ADMIN/Edit Text/Bespoke/Buyer Pages/Item Details/input_THIS ITEM HAS BEEN ADDED_item-has-been-added"), "*"): Keys '*' sent to object: 'Object Repository/ADMIN/Edit Text/Bespoke/Buyer Pages/Item Details/input_THIS ITEM HAS BEEN ADDED_item-has-been-added'

2020-03-20 09:53:09 - [MESSAGE][PASSED] - Keys '*' sent to object: 'Object Repository/ADMIN/Edit Text/Bespoke/Buyer Pages/Item Details/input_THIS ITEM HAS BEEN ADDED_item-has-been-added'

2020-03-20 09:53:09 - [TEST_STEP][PASSED] - sendKeys(findTestObject("ADMIN/Edit Text/Bespoke/Buyer Pages/Item Details/input_VIEW CART_btn_view_cart"), "*"): Keys '*' sent to object: 'Object Repository/ADMIN/Edit Text/Bespoke/Buyer Pages/Item Details/input_VIEW CART_btn_view_cart'

2020-03-20 09:53:10 - [MESSAGE][PASSED] - Keys '*' sent to object: 'Object Repository/ADMIN/Edit Text/Bespoke/Buyer Pages/Item Details/input_VIEW CART_btn_view_cart'

2020-03-20 09:53:10 - [TEST_STEP][PASSED] - sendKeys(findTestObject("ADMIN/Edit Text/Bespoke/Buyer Pages/Item Details/input_Reviews_reviews"), "*"): Keys '*' sent to object: 'Object Repository/ADMIN/Edit Text/Bespoke/Buyer Pages/Item Details/input_Reviews_reviews'

2020-03-20 09:53:10 - [MESSAGE][PASSED] - Keys '*' sent to object: 'Object Repository/ADMIN/Edit Text/Bespoke/Buyer Pages/Item Details/input_Reviews_reviews'

2020-03-20 09:53:10 - [TEST_STEP][PASSED] - sendKeys(findTestObject("ADMIN/Edit Text/Bespoke/Buyer Pages/Item Details/input_Rating Summary_rating-summary"), "*"): Keys '*' sent to object: 'Object Repository/ADMIN/Edit Text/Bespoke/Buyer Pages/Item Details/input_Rating Summary_rating-summary'

2020-03-20 09:53:10 - [MESSAGE][PASSED] - Keys '*' sent to object: 'Object Repository/ADMIN/Edit Text/Bespoke/Buyer Pages/Item Details/input_Rating Summary_rating-summary'

2020-03-20 09:53:10 - [TEST_STEP][PASSED] - sendKeys(findTestObject("ADMIN/Edit Text/Bespoke/Buyer Pages/Item Details/input_Positive Feedback_positive-feedback"), "*"): Keys '*' sent to object: 'Object Repository/ADMIN/Edit Text/Bespoke/Buyer Pages/Item Details/input_Positive Feedback_positive-feedback'

2020-03-20 09:53:10 - [MESSAGE][PASSED] - Keys '*' sent to object: 'Object Repository/ADMIN/Edit Text/Bespoke/Buyer Pages/Item Details/input_Positive Feedback_positive-feedback'

2020-03-20 09:53:10 - [TEST_STEP][PASSED] - sendKeys(findTestObject("ADMIN/Edit Text/Bespoke/Buyer Pages/Item Details/input_Excellent_excellent"), "*"): Keys '*' sent to object: 'Object Repository/ADMIN/Edit Text/Bespoke/Buyer Pages/Item Details/input_Excellent_excellent'

2020-03-20 09:53:10 - [MESSAGE][PASSED] - Keys '*' sent to object: 'Object Repository/ADMIN/Edit Text/Bespoke/Buyer Pages/Item Details/input_Excellent_excellent'

2020-03-20 09:53:10 - [TEST_STEP][PASSED] - sendKeys(findTestObject("ADMIN/Edit Text/Bespoke/Buyer Pages/Item Details/input_Great_great"), "*"): Keys '*' sent to object: 'Object Repository/ADMIN/Edit Text/Bespoke/Buyer Pages/Item Details/input_Great_great'

2020-03-20 09:53:10 - [MESSAGE][PASSED] - Keys '*' sent to object: 'Object Repository/ADMIN/Edit Text/Bespoke/Buyer Pages/Item Details/input_Great_great'

2020-03-20 09:53:10 - [TEST_STEP][PASSED] - sendKeys(findTestObject("ADMIN/Edit Text/Bespoke/Buyer Pages/Item Details/input_Good_good"), "*"): Keys '*' sent to object: 'Object Repository/ADMIN/Edit Text/Bespoke/Buyer Pages/Item Details/input_Good_good'

2020-03-20 09:53:10 - [MESSAGE][PASSED] - Keys '*' sent to object: 'Object Repository/ADMIN/Edit Text/Bespoke/Buyer Pages/Item Details/input_Good_good'

2020-03-20 09:53:10 - [TEST_STEP][PASSED] - sendKeys(findTestObject("ADMIN/Edit Text/Bespoke/Buyer Pages/Item Details/input_Okay_ok"), "*"): Keys '*' sent to object: 'Object Repository/ADMIN/Edit Text/Bespoke/Buyer Pages/Item Details/input_Okay_ok'

2020-03-20 09:53:10 - [MESSAGE][PASSED] - Keys '*' sent to object: 'Object Repository/ADMIN/Edit Text/Bespoke/Buyer Pages/Item Details/input_Okay_ok'

2020-03-20 09:53:10 - [TEST_STEP][PASSED] - sendKeys(findTestObject("ADMIN/Edit Text/Bespoke/Buyer Pages/Item Details/input_Unsatisfied_Unsatisfied"), "*"): Keys '*' sent to object: 'Object Repository/ADMIN/Edit Text/Bespoke/Buyer Pages/Item Details/input_Unsatisfied_Unsatisfied'

2020-03-20 09:53:11 - [MESSAGE][PASSED] - Keys '*' sent to object: 'Object Repository/ADMIN/Edit Text/Bespoke/Buyer Pages/Item Details/input_Unsatisfied_Unsatisfied'

2020-03-20 09:53:11 - [TEST_STEP][PASSED] - sendKeys(findTestObject("ADMIN/Edit Text/Bespoke/Buyer Pages/Item Details/input_Reply from_reply-from"), "*"): Keys '*' sent to object: 'Object Repository/ADMIN/Edit Text/Bespoke/Buyer Pages/Item Details/input_Reply from_reply-from'

2020-03-20 09:53:11 - [MESSAGE][PASSED] - Keys '*' sent to object: 'Object Repository/ADMIN/Edit Text/Bespoke/Buyer Pages/Item Details/input_Reply from_reply-from'

2020-03-20 09:53:11 - [TEST_STEP][PASSED] - sendKeys(findTestObject("ADMIN/Edit Text/Bespoke/Buyer Pages/Item Details/input_Reply_btn_view_cart"), "*"): Keys '*' sent to object: 'Object Repository/ADMIN/Edit Text/Bespoke/Buyer Pages/Item Details/input_Reply_btn_view_cart'

2020-03-20 09:53:11 - [MESSAGE][PASSED] - Keys '*' sent to object: 'Object Repository/ADMIN/Edit Text/Bespoke/Buyer Pages/Item Details/input_Reply_btn_view_cart'

2020-03-20 09:53:11 - [TEST_STEP][PASSED] - sendKeys(findTestObject("ADMIN/Edit Text/Bespoke/Buyer Pages/Item Details/input_REPLY TO_reply"), "*"): Keys '*' sent to object: 'Object Repository/ADMIN/Edit Text/Bespoke/Buyer Pages/Item Details/input_REPLY TO_reply'

2020-03-20 09:53:11 - [MESSAGE][PASSED] - Keys '*' sent to object: 'Object Repository/ADMIN/Edit Text/Bespoke/Buyer Pages/Item Details/input_REPLY TO_reply'

2020-03-20 09:53:11 - [TEST_STEP][PASSED] - sendKeys(findTestObject("ADMIN/Edit Text/Bespoke/Buyer Pages/Item Details/input_Leave a comment_leave-comment"), "*"): Keys '*' sent to object: 'Object Repository/ADMIN/Edit Text/Bespoke/Buyer Pages/Item Details/input_Leave a comment_leave-comment'

2020-03-20 09:53:11 - [MESSAGE][PASSED] - Keys '*' sent to object: 'Object Repository/ADMIN/Edit Text/Bespoke/Buyer Pages/Item Details/input_Leave a comment_leave-comment'

2020-03-20 09:53:11 - [TEST_STEP][PASSED] - sendKeys(findTestObject("ADMIN/Edit Text/Bespoke/Buyer Pages/Item Details/input_SUBMIT_btn_submit"), "*"): Keys '*' sent to object: 'Object Repository/ADMIN/Edit Text/Bespoke/Buyer Pages/Item Details/input_SUBMIT_btn_submit'

2020-03-20 09:53:11 - [MESSAGE][PASSED] - Keys '*' sent to object: 'Object Repository/ADMIN/Edit Text/Bespoke/Buyer Pages/Item Details/input_SUBMIT_btn_submit'

2020-03-20 09:53:11 - [TEST_STEP][PASSED] - click(findTestObject("ADMIN/Edit Text/Bespoke/Buyer Pages/Homepage/button_save"), CONTINUE_ON_FAILURE): Object: 'Object Repository/ADMIN/Edit Text/Bespoke/Buyer Pages/Homepage/button_save' is clicked on

2020-03-20 09:53:11 - [MESSAGE][PASSED] - Object: 'Object Repository/ADMIN/Edit Text/Bespoke/Buyer Pages/Homepage/button_save' is clicked on

2020-03-20 09:53:11 - [TEST_STEP][PASSED] - waitForElementVisible(findTestObject("ADMIN/Edit Text/Bespoke/Buyer Pages/Homepage/toaster_success"), 0): Object 'Object Repository/ADMIN/Edit Text/Bespoke/Buyer Pages/Homepage/toaster_success' is visible

2020-03-20 09:53:11 - [MESSAGE][WARNING] - Timeout '0' is invalid. Using default page load timeout: '30'

2020-03-20 09:53:12 - [MESSAGE][PASSED] - Object 'Object Repository/ADMIN/Edit Text/Bespoke/Buyer Pages/Homepage/toaster_success' is visible]]></system-out>
         <system-err><![CDATA[]]></system-err>
      </testcase>
      <testcase name="Test Cases/ADMIN/Language/Edit Text/Bespoke/Buyer Pages/Item Details" time="7.077" classname="Test Cases/ADMIN/Language/Edit Text/Bespoke/Buyer Pages/Item Details" status="PASSED">
         <system-out><![CDATA[2020-03-20 09:53:12 - [TEST_CASE][PASSED] - Test Cases/ADMIN/Language/Edit Text/Bespoke/Buyer Pages/Item Details: Test Cases/ADMIN/Language/Edit Text/Bespoke/Buyer Pages/Item Details

2020-03-20 09:53:12 - [TEST_STEP][PASSED] - waitForElementVisible(findTestObject("ADMIN/Edit Text/Bespoke/Buyer Navigation/dd_language"), 0): Object 'Object Repository/ADMIN/Edit Text/Bespoke/Buyer Navigation/dd_language' is visible

2020-03-20 09:53:12 - [MESSAGE][WARNING] - Timeout '0' is invalid. Using default page load timeout: '30'

2020-03-20 09:53:12 - [MESSAGE][PASSED] - Object 'Object Repository/ADMIN/Edit Text/Bespoke/Buyer Navigation/dd_language' is visible

2020-03-20 09:53:12 - [TEST_STEP][PASSED] - selectOptionByLabel(findTestObject("ADMIN/Edit Text/Bespoke/Buyer Navigation/dd_language"), varLanguage, false): All options with label 'Hebrew' are selected in object 'Object Repository/ADMIN/Edit Text/Bespoke/Buyer Navigation/dd_language' 

2020-03-20 09:53:13 - [MESSAGE][PASSED] - All options with label 'Hebrew' are selected in object 'Object Repository/ADMIN/Edit Text/Bespoke/Buyer Navigation/dd_language' 

2020-03-20 09:53:13 - [TEST_STEP][PASSED] - sendKeys(findTestObject("ADMIN/Edit Text/Bespoke/Buyer Pages/Item Details/input_Positive Feedback_item-feedbak"), "*"): Keys '*' sent to object: 'Object Repository/ADMIN/Edit Text/Bespoke/Buyer Pages/Item Details/input_Positive Feedback_item-feedbak'

2020-03-20 09:53:14 - [MESSAGE][PASSED] - Keys '*' sent to object: 'Object Repository/ADMIN/Edit Text/Bespoke/Buyer Pages/Item Details/input_Positive Feedback_item-feedbak'

2020-03-20 09:53:14 - [TEST_STEP][PASSED] - sendKeys(findTestObject("ADMIN/Edit Text/Bespoke/Buyer Pages/Item Details/input_ADD TO CART_1"), "*"): Keys '*' sent to object: 'Object Repository/ADMIN/Edit Text/Bespoke/Buyer Pages/Item Details/input_ADD TO CART_1'

2020-03-20 09:53:15 - [MESSAGE][PASSED] - Keys '*' sent to object: 'Object Repository/ADMIN/Edit Text/Bespoke/Buyer Pages/Item Details/input_ADD TO CART_1'

2020-03-20 09:53:15 - [TEST_STEP][PASSED] - sendKeys(findTestObject("ADMIN/Edit Text/Bespoke/Buyer Pages/Item Details/input_Quantity_item-qty"), "*"): Keys '*' sent to object: 'Object Repository/ADMIN/Edit Text/Bespoke/Buyer Pages/Item Details/input_Quantity_item-qty'

2020-03-20 09:53:15 - [MESSAGE][PASSED] - Keys '*' sent to object: 'Object Repository/ADMIN/Edit Text/Bespoke/Buyer Pages/Item Details/input_Quantity_item-qty'

2020-03-20 09:53:15 - [TEST_STEP][PASSED] - sendKeys(findTestObject("ADMIN/Edit Text/Bespoke/Buyer Pages/Item Details/input_Only_item-one"), "*"): Keys '*' sent to object: 'Object Repository/ADMIN/Edit Text/Bespoke/Buyer Pages/Item Details/input_Only_item-one'

2020-03-20 09:53:15 - [MESSAGE][PASSED] - Keys '*' sent to object: 'Object Repository/ADMIN/Edit Text/Bespoke/Buyer Pages/Item Details/input_Only_item-one'

2020-03-20 09:53:15 - [TEST_STEP][PASSED] - sendKeys(findTestObject("ADMIN/Edit Text/Bespoke/Buyer Pages/Item Details/input_left_item-left"), "*"): Keys '*' sent to object: 'Object Repository/ADMIN/Edit Text/Bespoke/Buyer Pages/Item Details/input_left_item-left'

2020-03-20 09:53:15 - [MESSAGE][PASSED] - Keys '*' sent to object: 'Object Repository/ADMIN/Edit Text/Bespoke/Buyer Pages/Item Details/input_left_item-left'

2020-03-20 09:53:15 - [TEST_STEP][PASSED] - sendKeys(findTestObject("ADMIN/Edit Text/Bespoke/Buyer Pages/Item Details/input_Out of Stock_text-stock"), "*"): Keys '*' sent to object: 'Object Repository/ADMIN/Edit Text/Bespoke/Buyer Pages/Item Details/input_Out of Stock_text-stock'

2020-03-20 09:53:15 - [MESSAGE][PASSED] - Keys '*' sent to object: 'Object Repository/ADMIN/Edit Text/Bespoke/Buyer Pages/Item Details/input_Out of Stock_text-stock'

2020-03-20 09:53:15 - [TEST_STEP][PASSED] - sendKeys(findTestObject("ADMIN/Edit Text/Bespoke/Buyer Pages/Item Details/input_Description_text-description"), "*"): Keys '*' sent to object: 'Object Repository/ADMIN/Edit Text/Bespoke/Buyer Pages/Item Details/input_Description_text-description'

2020-03-20 09:53:15 - [MESSAGE][PASSED] - Keys '*' sent to object: 'Object Repository/ADMIN/Edit Text/Bespoke/Buyer Pages/Item Details/input_Description_text-description'

2020-03-20 09:53:15 - [TEST_STEP][PASSED] - sendKeys(findTestObject("ADMIN/Edit Text/Bespoke/Buyer Pages/Item Details/input_Show More_text-show-more"), "*"): Keys '*' sent to object: 'Object Repository/ADMIN/Edit Text/Bespoke/Buyer Pages/Item Details/input_Show More_text-show-more'

2020-03-20 09:53:15 - [MESSAGE][PASSED] - Keys '*' sent to object: 'Object Repository/ADMIN/Edit Text/Bespoke/Buyer Pages/Item Details/input_Show More_text-show-more'

2020-03-20 09:53:15 - [TEST_STEP][PASSED] - sendKeys(findTestObject("ADMIN/Edit Text/Bespoke/Buyer Pages/Item Details/input_Show Less_text-show-less"), "*"): Keys '*' sent to object: 'Object Repository/ADMIN/Edit Text/Bespoke/Buyer Pages/Item Details/input_Show Less_text-show-less'

2020-03-20 09:53:15 - [MESSAGE][PASSED] - Keys '*' sent to object: 'Object Repository/ADMIN/Edit Text/Bespoke/Buyer Pages/Item Details/input_Show Less_text-show-less'

2020-03-20 09:53:15 - [TEST_STEP][PASSED] - sendKeys(findTestObject("ADMIN/Edit Text/Bespoke/Buyer Pages/Item Details/input_Choose a delivery method later_text-deliver-method"), "*"): Keys '*' sent to object: 'Object Repository/ADMIN/Edit Text/Bespoke/Buyer Pages/Item Details/input_Choose a delivery method later_text-deliver-method'

2020-03-20 09:53:16 - [MESSAGE][PASSED] - Keys '*' sent to object: 'Object Repository/ADMIN/Edit Text/Bespoke/Buyer Pages/Item Details/input_Choose a delivery method later_text-deliver-method'

2020-03-20 09:53:16 - [TEST_STEP][PASSED] - sendKeys(findTestObject("ADMIN/Edit Text/Bespoke/Buyer Pages/Item Details/input_Delivery_text-delivery"), "*"): Keys '*' sent to object: 'Object Repository/ADMIN/Edit Text/Bespoke/Buyer Pages/Item Details/input_Delivery_text-delivery'

2020-03-20 09:53:16 - [MESSAGE][PASSED] - Keys '*' sent to object: 'Object Repository/ADMIN/Edit Text/Bespoke/Buyer Pages/Item Details/input_Delivery_text-delivery'

2020-03-20 09:53:16 - [TEST_STEP][PASSED] - sendKeys(findTestObject("ADMIN/Edit Text/Bespoke/Buyer Pages/Item Details/input_Pick-Up_text-pickup"), "*"): Keys '*' sent to object: 'Object Repository/ADMIN/Edit Text/Bespoke/Buyer Pages/Item Details/input_Pick-Up_text-pickup'

2020-03-20 09:53:16 - [MESSAGE][PASSED] - Keys '*' sent to object: 'Object Repository/ADMIN/Edit Text/Bespoke/Buyer Pages/Item Details/input_Pick-Up_text-pickup'

2020-03-20 09:53:16 - [TEST_STEP][PASSED] - sendKeys(findTestObject("ADMIN/Edit Text/Bespoke/Buyer Pages/Item Details/input_Contact Seller_btn_add_cart"), "*"): Keys '*' sent to object: 'Object Repository/ADMIN/Edit Text/Bespoke/Buyer Pages/Item Details/input_Contact Seller_btn_add_cart'

2020-03-20 09:53:16 - [MESSAGE][PASSED] - Keys '*' sent to object: 'Object Repository/ADMIN/Edit Text/Bespoke/Buyer Pages/Item Details/input_Contact Seller_btn_add_cart'

2020-03-20 09:53:16 - [TEST_STEP][PASSED] - sendKeys(findTestObject("ADMIN/Edit Text/Bespoke/Buyer Pages/Item Details/input_ADD TO CART_2"), "*"): Keys '*' sent to object: 'Object Repository/ADMIN/Edit Text/Bespoke/Buyer Pages/Item Details/input_ADD TO CART_2'

2020-03-20 09:53:16 - [MESSAGE][PASSED] - Keys '*' sent to object: 'Object Repository/ADMIN/Edit Text/Bespoke/Buyer Pages/Item Details/input_ADD TO CART_2'

2020-03-20 09:53:16 - [TEST_STEP][PASSED] - sendKeys(findTestObject("ADMIN/Edit Text/Bespoke/Buyer Pages/Item Details/input_THIS ITEM HAS BEEN ADDED_item-has-been-added"), "*"): Keys '*' sent to object: 'Object Repository/ADMIN/Edit Text/Bespoke/Buyer Pages/Item Details/input_THIS ITEM HAS BEEN ADDED_item-has-been-added'

2020-03-20 09:53:16 - [MESSAGE][PASSED] - Keys '*' sent to object: 'Object Repository/ADMIN/Edit Text/Bespoke/Buyer Pages/Item Details/input_THIS ITEM HAS BEEN ADDED_item-has-been-added'

2020-03-20 09:53:16 - [TEST_STEP][PASSED] - sendKeys(findTestObject("ADMIN/Edit Text/Bespoke/Buyer Pages/Item Details/input_VIEW CART_btn_view_cart"), "*"): Keys '*' sent to object: 'Object Repository/ADMIN/Edit Text/Bespoke/Buyer Pages/Item Details/input_VIEW CART_btn_view_cart'

2020-03-20 09:53:16 - [MESSAGE][PASSED] - Keys '*' sent to object: 'Object Repository/ADMIN/Edit Text/Bespoke/Buyer Pages/Item Details/input_VIEW CART_btn_view_cart'

2020-03-20 09:53:16 - [TEST_STEP][PASSED] - sendKeys(findTestObject("ADMIN/Edit Text/Bespoke/Buyer Pages/Item Details/input_Reviews_reviews"), "*"): Keys '*' sent to object: 'Object Repository/ADMIN/Edit Text/Bespoke/Buyer Pages/Item Details/input_Reviews_reviews'

2020-03-20 09:53:17 - [MESSAGE][PASSED] - Keys '*' sent to object: 'Object Repository/ADMIN/Edit Text/Bespoke/Buyer Pages/Item Details/input_Reviews_reviews'

2020-03-20 09:53:17 - [TEST_STEP][PASSED] - sendKeys(findTestObject("ADMIN/Edit Text/Bespoke/Buyer Pages/Item Details/input_Rating Summary_rating-summary"), "*"): Keys '*' sent to object: 'Object Repository/ADMIN/Edit Text/Bespoke/Buyer Pages/Item Details/input_Rating Summary_rating-summary'

2020-03-20 09:53:17 - [MESSAGE][PASSED] - Keys '*' sent to object: 'Object Repository/ADMIN/Edit Text/Bespoke/Buyer Pages/Item Details/input_Rating Summary_rating-summary'

2020-03-20 09:53:17 - [TEST_STEP][PASSED] - sendKeys(findTestObject("ADMIN/Edit Text/Bespoke/Buyer Pages/Item Details/input_Positive Feedback_positive-feedback"), "*"): Keys '*' sent to object: 'Object Repository/ADMIN/Edit Text/Bespoke/Buyer Pages/Item Details/input_Positive Feedback_positive-feedback'

2020-03-20 09:53:17 - [MESSAGE][PASSED] - Keys '*' sent to object: 'Object Repository/ADMIN/Edit Text/Bespoke/Buyer Pages/Item Details/input_Positive Feedback_positive-feedback'

2020-03-20 09:53:17 - [TEST_STEP][PASSED] - sendKeys(findTestObject("ADMIN/Edit Text/Bespoke/Buyer Pages/Item Details/input_Excellent_excellent"), "*"): Keys '*' sent to object: 'Object Repository/ADMIN/Edit Text/Bespoke/Buyer Pages/Item Details/input_Excellent_excellent'

2020-03-20 09:53:17 - [MESSAGE][PASSED] - Keys '*' sent to object: 'Object Repository/ADMIN/Edit Text/Bespoke/Buyer Pages/Item Details/input_Excellent_excellent'

2020-03-20 09:53:17 - [TEST_STEP][PASSED] - sendKeys(findTestObject("ADMIN/Edit Text/Bespoke/Buyer Pages/Item Details/input_Great_great"), "*"): Keys '*' sent to object: 'Object Repository/ADMIN/Edit Text/Bespoke/Buyer Pages/Item Details/input_Great_great'

2020-03-20 09:53:17 - [MESSAGE][PASSED] - Keys '*' sent to object: 'Object Repository/ADMIN/Edit Text/Bespoke/Buyer Pages/Item Details/input_Great_great'

2020-03-20 09:53:17 - [TEST_STEP][PASSED] - sendKeys(findTestObject("ADMIN/Edit Text/Bespoke/Buyer Pages/Item Details/input_Good_good"), "*"): Keys '*' sent to object: 'Object Repository/ADMIN/Edit Text/Bespoke/Buyer Pages/Item Details/input_Good_good'

2020-03-20 09:53:17 - [MESSAGE][PASSED] - Keys '*' sent to object: 'Object Repository/ADMIN/Edit Text/Bespoke/Buyer Pages/Item Details/input_Good_good'

2020-03-20 09:53:17 - [TEST_STEP][PASSED] - sendKeys(findTestObject("ADMIN/Edit Text/Bespoke/Buyer Pages/Item Details/input_Okay_ok"), "*"): Keys '*' sent to object: 'Object Repository/ADMIN/Edit Text/Bespoke/Buyer Pages/Item Details/input_Okay_ok'

2020-03-20 09:53:17 - [MESSAGE][PASSED] - Keys '*' sent to object: 'Object Repository/ADMIN/Edit Text/Bespoke/Buyer Pages/Item Details/input_Okay_ok'

2020-03-20 09:53:17 - [TEST_STEP][PASSED] - sendKeys(findTestObject("ADMIN/Edit Text/Bespoke/Buyer Pages/Item Details/input_Unsatisfied_Unsatisfied"), "*"): Keys '*' sent to object: 'Object Repository/ADMIN/Edit Text/Bespoke/Buyer Pages/Item Details/input_Unsatisfied_Unsatisfied'

2020-03-20 09:53:18 - [MESSAGE][PASSED] - Keys '*' sent to object: 'Object Repository/ADMIN/Edit Text/Bespoke/Buyer Pages/Item Details/input_Unsatisfied_Unsatisfied'

2020-03-20 09:53:18 - [TEST_STEP][PASSED] - sendKeys(findTestObject("ADMIN/Edit Text/Bespoke/Buyer Pages/Item Details/input_Reply from_reply-from"), "*"): Keys '*' sent to object: 'Object Repository/ADMIN/Edit Text/Bespoke/Buyer Pages/Item Details/input_Reply from_reply-from'

2020-03-20 09:53:18 - [MESSAGE][PASSED] - Keys '*' sent to object: 'Object Repository/ADMIN/Edit Text/Bespoke/Buyer Pages/Item Details/input_Reply from_reply-from'

2020-03-20 09:53:18 - [TEST_STEP][PASSED] - sendKeys(findTestObject("ADMIN/Edit Text/Bespoke/Buyer Pages/Item Details/input_Reply_btn_view_cart"), "*"): Keys '*' sent to object: 'Object Repository/ADMIN/Edit Text/Bespoke/Buyer Pages/Item Details/input_Reply_btn_view_cart'

2020-03-20 09:53:18 - [MESSAGE][PASSED] - Keys '*' sent to object: 'Object Repository/ADMIN/Edit Text/Bespoke/Buyer Pages/Item Details/input_Reply_btn_view_cart'

2020-03-20 09:53:18 - [TEST_STEP][PASSED] - sendKeys(findTestObject("ADMIN/Edit Text/Bespoke/Buyer Pages/Item Details/input_REPLY TO_reply"), "*"): Keys '*' sent to object: 'Object Repository/ADMIN/Edit Text/Bespoke/Buyer Pages/Item Details/input_REPLY TO_reply'

2020-03-20 09:53:18 - [MESSAGE][PASSED] - Keys '*' sent to object: 'Object Repository/ADMIN/Edit Text/Bespoke/Buyer Pages/Item Details/input_REPLY TO_reply'

2020-03-20 09:53:18 - [TEST_STEP][PASSED] - sendKeys(findTestObject("ADMIN/Edit Text/Bespoke/Buyer Pages/Item Details/input_Leave a comment_leave-comment"), "*"): Keys '*' sent to object: 'Object Repository/ADMIN/Edit Text/Bespoke/Buyer Pages/Item Details/input_Leave a comment_leave-comment'

2020-03-20 09:53:18 - [MESSAGE][PASSED] - Keys '*' sent to object: 'Object Repository/ADMIN/Edit Text/Bespoke/Buyer Pages/Item Details/input_Leave a comment_leave-comment'

2020-03-20 09:53:18 - [TEST_STEP][PASSED] - sendKeys(findTestObject("ADMIN/Edit Text/Bespoke/Buyer Pages/Item Details/input_SUBMIT_btn_submit"), "*"): Keys '*' sent to object: 'Object Repository/ADMIN/Edit Text/Bespoke/Buyer Pages/Item Details/input_SUBMIT_btn_submit'

2020-03-20 09:53:18 - [MESSAGE][PASSED] - Keys '*' sent to object: 'Object Repository/ADMIN/Edit Text/Bespoke/Buyer Pages/Item Details/input_SUBMIT_btn_submit'

2020-03-20 09:53:18 - [TEST_STEP][PASSED] - click(findTestObject("ADMIN/Edit Text/Bespoke/Buyer Pages/Homepage/button_save"), CONTINUE_ON_FAILURE): Object: 'Object Repository/ADMIN/Edit Text/Bespoke/Buyer Pages/Homepage/button_save' is clicked on

2020-03-20 09:53:19 - [MESSAGE][PASSED] - Object: 'Object Repository/ADMIN/Edit Text/Bespoke/Buyer Pages/Homepage/button_save' is clicked on

2020-03-20 09:53:19 - [TEST_STEP][PASSED] - waitForElementVisible(findTestObject("ADMIN/Edit Text/Bespoke/Buyer Pages/Homepage/toaster_success"), 0): Object 'Object Repository/ADMIN/Edit Text/Bespoke/Buyer Pages/Homepage/toaster_success' is visible

2020-03-20 09:53:19 - [MESSAGE][WARNING] - Timeout '0' is invalid. Using default page load timeout: '30'

2020-03-20 09:53:19 - [MESSAGE][PASSED] - Object 'Object Repository/ADMIN/Edit Text/Bespoke/Buyer Pages/Homepage/toaster_success' is visible]]></system-out>
         <system-err><![CDATA[]]></system-err>
      </testcase>
      <testcase name="Test Cases/ADMIN/Language/Edit Text/Bespoke/Buyer Pages/Item Details" time="6.55" classname="Test Cases/ADMIN/Language/Edit Text/Bespoke/Buyer Pages/Item Details" status="PASSED">
         <system-out><![CDATA[2020-03-20 09:53:19 - [TEST_CASE][PASSED] - Test Cases/ADMIN/Language/Edit Text/Bespoke/Buyer Pages/Item Details: Test Cases/ADMIN/Language/Edit Text/Bespoke/Buyer Pages/Item Details

2020-03-20 09:53:19 - [TEST_STEP][PASSED] - waitForElementVisible(findTestObject("ADMIN/Edit Text/Bespoke/Buyer Navigation/dd_language"), 0): Object 'Object Repository/ADMIN/Edit Text/Bespoke/Buyer Navigation/dd_language' is visible

2020-03-20 09:53:19 - [MESSAGE][WARNING] - Timeout '0' is invalid. Using default page load timeout: '30'

2020-03-20 09:53:20 - [MESSAGE][PASSED] - Object 'Object Repository/ADMIN/Edit Text/Bespoke/Buyer Navigation/dd_language' is visible

2020-03-20 09:53:20 - [TEST_STEP][PASSED] - selectOptionByLabel(findTestObject("ADMIN/Edit Text/Bespoke/Buyer Navigation/dd_language"), varLanguage, false): All options with label 'English' are selected in object 'Object Repository/ADMIN/Edit Text/Bespoke/Buyer Navigation/dd_language' 

2020-03-20 09:53:21 - [MESSAGE][PASSED] - All options with label 'English' are selected in object 'Object Repository/ADMIN/Edit Text/Bespoke/Buyer Navigation/dd_language' 

2020-03-20 09:53:21 - [TEST_STEP][PASSED] - sendKeys(findTestObject("ADMIN/Edit Text/Bespoke/Buyer Pages/Item Details/input_Positive Feedback_item-feedbak"), "*"): Keys '*' sent to object: 'Object Repository/ADMIN/Edit Text/Bespoke/Buyer Pages/Item Details/input_Positive Feedback_item-feedbak'

2020-03-20 09:53:21 - [MESSAGE][PASSED] - Keys '*' sent to object: 'Object Repository/ADMIN/Edit Text/Bespoke/Buyer Pages/Item Details/input_Positive Feedback_item-feedbak'

2020-03-20 09:53:21 - [TEST_STEP][PASSED] - sendKeys(findTestObject("ADMIN/Edit Text/Bespoke/Buyer Pages/Item Details/input_ADD TO CART_1"), "*"): Keys '*' sent to object: 'Object Repository/ADMIN/Edit Text/Bespoke/Buyer Pages/Item Details/input_ADD TO CART_1'

2020-03-20 09:53:22 - [MESSAGE][PASSED] - Keys '*' sent to object: 'Object Repository/ADMIN/Edit Text/Bespoke/Buyer Pages/Item Details/input_ADD TO CART_1'

2020-03-20 09:53:22 - [TEST_STEP][PASSED] - sendKeys(findTestObject("ADMIN/Edit Text/Bespoke/Buyer Pages/Item Details/input_Quantity_item-qty"), "*"): Keys '*' sent to object: 'Object Repository/ADMIN/Edit Text/Bespoke/Buyer Pages/Item Details/input_Quantity_item-qty'

2020-03-20 09:53:22 - [MESSAGE][PASSED] - Keys '*' sent to object: 'Object Repository/ADMIN/Edit Text/Bespoke/Buyer Pages/Item Details/input_Quantity_item-qty'

2020-03-20 09:53:22 - [TEST_STEP][PASSED] - sendKeys(findTestObject("ADMIN/Edit Text/Bespoke/Buyer Pages/Item Details/input_Only_item-one"), "*"): Keys '*' sent to object: 'Object Repository/ADMIN/Edit Text/Bespoke/Buyer Pages/Item Details/input_Only_item-one'

2020-03-20 09:53:22 - [MESSAGE][PASSED] - Keys '*' sent to object: 'Object Repository/ADMIN/Edit Text/Bespoke/Buyer Pages/Item Details/input_Only_item-one'

2020-03-20 09:53:22 - [TEST_STEP][PASSED] - sendKeys(findTestObject("ADMIN/Edit Text/Bespoke/Buyer Pages/Item Details/input_left_item-left"), "*"): Keys '*' sent to object: 'Object Repository/ADMIN/Edit Text/Bespoke/Buyer Pages/Item Details/input_left_item-left'

2020-03-20 09:53:22 - [MESSAGE][PASSED] - Keys '*' sent to object: 'Object Repository/ADMIN/Edit Text/Bespoke/Buyer Pages/Item Details/input_left_item-left'

2020-03-20 09:53:22 - [TEST_STEP][PASSED] - sendKeys(findTestObject("ADMIN/Edit Text/Bespoke/Buyer Pages/Item Details/input_Out of Stock_text-stock"), "*"): Keys '*' sent to object: 'Object Repository/ADMIN/Edit Text/Bespoke/Buyer Pages/Item Details/input_Out of Stock_text-stock'

2020-03-20 09:53:22 - [MESSAGE][PASSED] - Keys '*' sent to object: 'Object Repository/ADMIN/Edit Text/Bespoke/Buyer Pages/Item Details/input_Out of Stock_text-stock'

2020-03-20 09:53:22 - [TEST_STEP][PASSED] - sendKeys(findTestObject("ADMIN/Edit Text/Bespoke/Buyer Pages/Item Details/input_Description_text-description"), "*"): Keys '*' sent to object: 'Object Repository/ADMIN/Edit Text/Bespoke/Buyer Pages/Item Details/input_Description_text-description'

2020-03-20 09:53:22 - [MESSAGE][PASSED] - Keys '*' sent to object: 'Object Repository/ADMIN/Edit Text/Bespoke/Buyer Pages/Item Details/input_Description_text-description'

2020-03-20 09:53:22 - [TEST_STEP][PASSED] - sendKeys(findTestObject("ADMIN/Edit Text/Bespoke/Buyer Pages/Item Details/input_Show More_text-show-more"), "*"): Keys '*' sent to object: 'Object Repository/ADMIN/Edit Text/Bespoke/Buyer Pages/Item Details/input_Show More_text-show-more'

2020-03-20 09:53:22 - [MESSAGE][PASSED] - Keys '*' sent to object: 'Object Repository/ADMIN/Edit Text/Bespoke/Buyer Pages/Item Details/input_Show More_text-show-more'

2020-03-20 09:53:22 - [TEST_STEP][PASSED] - sendKeys(findTestObject("ADMIN/Edit Text/Bespoke/Buyer Pages/Item Details/input_Show Less_text-show-less"), "*"): Keys '*' sent to object: 'Object Repository/ADMIN/Edit Text/Bespoke/Buyer Pages/Item Details/input_Show Less_text-show-less'

2020-03-20 09:53:22 - [MESSAGE][PASSED] - Keys '*' sent to object: 'Object Repository/ADMIN/Edit Text/Bespoke/Buyer Pages/Item Details/input_Show Less_text-show-less'

2020-03-20 09:53:22 - [TEST_STEP][PASSED] - sendKeys(findTestObject("ADMIN/Edit Text/Bespoke/Buyer Pages/Item Details/input_Choose a delivery method later_text-deliver-method"), "*"): Keys '*' sent to object: 'Object Repository/ADMIN/Edit Text/Bespoke/Buyer Pages/Item Details/input_Choose a delivery method later_text-deliver-method'

2020-03-20 09:53:23 - [MESSAGE][PASSED] - Keys '*' sent to object: 'Object Repository/ADMIN/Edit Text/Bespoke/Buyer Pages/Item Details/input_Choose a delivery method later_text-deliver-method'

2020-03-20 09:53:23 - [TEST_STEP][PASSED] - sendKeys(findTestObject("ADMIN/Edit Text/Bespoke/Buyer Pages/Item Details/input_Delivery_text-delivery"), "*"): Keys '*' sent to object: 'Object Repository/ADMIN/Edit Text/Bespoke/Buyer Pages/Item Details/input_Delivery_text-delivery'

2020-03-20 09:53:23 - [MESSAGE][PASSED] - Keys '*' sent to object: 'Object Repository/ADMIN/Edit Text/Bespoke/Buyer Pages/Item Details/input_Delivery_text-delivery'

2020-03-20 09:53:23 - [TEST_STEP][PASSED] - sendKeys(findTestObject("ADMIN/Edit Text/Bespoke/Buyer Pages/Item Details/input_Pick-Up_text-pickup"), "*"): Keys '*' sent to object: 'Object Repository/ADMIN/Edit Text/Bespoke/Buyer Pages/Item Details/input_Pick-Up_text-pickup'

2020-03-20 09:53:23 - [MESSAGE][PASSED] - Keys '*' sent to object: 'Object Repository/ADMIN/Edit Text/Bespoke/Buyer Pages/Item Details/input_Pick-Up_text-pickup'

2020-03-20 09:53:23 - [TEST_STEP][PASSED] - sendKeys(findTestObject("ADMIN/Edit Text/Bespoke/Buyer Pages/Item Details/input_Contact Seller_btn_add_cart"), "*"): Keys '*' sent to object: 'Object Repository/ADMIN/Edit Text/Bespoke/Buyer Pages/Item Details/input_Contact Seller_btn_add_cart'

2020-03-20 09:53:23 - [MESSAGE][PASSED] - Keys '*' sent to object: 'Object Repository/ADMIN/Edit Text/Bespoke/Buyer Pages/Item Details/input_Contact Seller_btn_add_cart'

2020-03-20 09:53:23 - [TEST_STEP][PASSED] - sendKeys(findTestObject("ADMIN/Edit Text/Bespoke/Buyer Pages/Item Details/input_ADD TO CART_2"), "*"): Keys '*' sent to object: 'Object Repository/ADMIN/Edit Text/Bespoke/Buyer Pages/Item Details/input_ADD TO CART_2'

2020-03-20 09:53:23 - [MESSAGE][PASSED] - Keys '*' sent to object: 'Object Repository/ADMIN/Edit Text/Bespoke/Buyer Pages/Item Details/input_ADD TO CART_2'

2020-03-20 09:53:23 - [TEST_STEP][PASSED] - sendKeys(findTestObject("ADMIN/Edit Text/Bespoke/Buyer Pages/Item Details/input_THIS ITEM HAS BEEN ADDED_item-has-been-added"), "*"): Keys '*' sent to object: 'Object Repository/ADMIN/Edit Text/Bespoke/Buyer Pages/Item Details/input_THIS ITEM HAS BEEN ADDED_item-has-been-added'

2020-03-20 09:53:23 - [MESSAGE][PASSED] - Keys '*' sent to object: 'Object Repository/ADMIN/Edit Text/Bespoke/Buyer Pages/Item Details/input_THIS ITEM HAS BEEN ADDED_item-has-been-added'

2020-03-20 09:53:23 - [TEST_STEP][PASSED] - sendKeys(findTestObject("ADMIN/Edit Text/Bespoke/Buyer Pages/Item Details/input_VIEW CART_btn_view_cart"), "*"): Keys '*' sent to object: 'Object Repository/ADMIN/Edit Text/Bespoke/Buyer Pages/Item Details/input_VIEW CART_btn_view_cart'

2020-03-20 09:53:23 - [MESSAGE][PASSED] - Keys '*' sent to object: 'Object Repository/ADMIN/Edit Text/Bespoke/Buyer Pages/Item Details/input_VIEW CART_btn_view_cart'

2020-03-20 09:53:23 - [TEST_STEP][PASSED] - sendKeys(findTestObject("ADMIN/Edit Text/Bespoke/Buyer Pages/Item Details/input_Reviews_reviews"), "*"): Keys '*' sent to object: 'Object Repository/ADMIN/Edit Text/Bespoke/Buyer Pages/Item Details/input_Reviews_reviews'

2020-03-20 09:53:24 - [MESSAGE][PASSED] - Keys '*' sent to object: 'Object Repository/ADMIN/Edit Text/Bespoke/Buyer Pages/Item Details/input_Reviews_reviews'

2020-03-20 09:53:24 - [TEST_STEP][PASSED] - sendKeys(findTestObject("ADMIN/Edit Text/Bespoke/Buyer Pages/Item Details/input_Rating Summary_rating-summary"), "*"): Keys '*' sent to object: 'Object Repository/ADMIN/Edit Text/Bespoke/Buyer Pages/Item Details/input_Rating Summary_rating-summary'

2020-03-20 09:53:24 - [MESSAGE][PASSED] - Keys '*' sent to object: 'Object Repository/ADMIN/Edit Text/Bespoke/Buyer Pages/Item Details/input_Rating Summary_rating-summary'

2020-03-20 09:53:24 - [TEST_STEP][PASSED] - sendKeys(findTestObject("ADMIN/Edit Text/Bespoke/Buyer Pages/Item Details/input_Positive Feedback_positive-feedback"), "*"): Keys '*' sent to object: 'Object Repository/ADMIN/Edit Text/Bespoke/Buyer Pages/Item Details/input_Positive Feedback_positive-feedback'

2020-03-20 09:53:24 - [MESSAGE][PASSED] - Keys '*' sent to object: 'Object Repository/ADMIN/Edit Text/Bespoke/Buyer Pages/Item Details/input_Positive Feedback_positive-feedback'

2020-03-20 09:53:24 - [TEST_STEP][PASSED] - sendKeys(findTestObject("ADMIN/Edit Text/Bespoke/Buyer Pages/Item Details/input_Excellent_excellent"), "*"): Keys '*' sent to object: 'Object Repository/ADMIN/Edit Text/Bespoke/Buyer Pages/Item Details/input_Excellent_excellent'

2020-03-20 09:53:24 - [MESSAGE][PASSED] - Keys '*' sent to object: 'Object Repository/ADMIN/Edit Text/Bespoke/Buyer Pages/Item Details/input_Excellent_excellent'

2020-03-20 09:53:24 - [TEST_STEP][PASSED] - sendKeys(findTestObject("ADMIN/Edit Text/Bespoke/Buyer Pages/Item Details/input_Great_great"), "*"): Keys '*' sent to object: 'Object Repository/ADMIN/Edit Text/Bespoke/Buyer Pages/Item Details/input_Great_great'

2020-03-20 09:53:24 - [MESSAGE][PASSED] - Keys '*' sent to object: 'Object Repository/ADMIN/Edit Text/Bespoke/Buyer Pages/Item Details/input_Great_great'

2020-03-20 09:53:24 - [TEST_STEP][PASSED] - sendKeys(findTestObject("ADMIN/Edit Text/Bespoke/Buyer Pages/Item Details/input_Good_good"), "*"): Keys '*' sent to object: 'Object Repository/ADMIN/Edit Text/Bespoke/Buyer Pages/Item Details/input_Good_good'

2020-03-20 09:53:24 - [MESSAGE][PASSED] - Keys '*' sent to object: 'Object Repository/ADMIN/Edit Text/Bespoke/Buyer Pages/Item Details/input_Good_good'

2020-03-20 09:53:24 - [TEST_STEP][PASSED] - sendKeys(findTestObject("ADMIN/Edit Text/Bespoke/Buyer Pages/Item Details/input_Okay_ok"), "*"): Keys '*' sent to object: 'Object Repository/ADMIN/Edit Text/Bespoke/Buyer Pages/Item Details/input_Okay_ok'

2020-03-20 09:53:24 - [MESSAGE][PASSED] - Keys '*' sent to object: 'Object Repository/ADMIN/Edit Text/Bespoke/Buyer Pages/Item Details/input_Okay_ok'

2020-03-20 09:53:24 - [TEST_STEP][PASSED] - sendKeys(findTestObject("ADMIN/Edit Text/Bespoke/Buyer Pages/Item Details/input_Unsatisfied_Unsatisfied"), "*"): Keys '*' sent to object: 'Object Repository/ADMIN/Edit Text/Bespoke/Buyer Pages/Item Details/input_Unsatisfied_Unsatisfied'

2020-03-20 09:53:24 - [MESSAGE][PASSED] - Keys '*' sent to object: 'Object Repository/ADMIN/Edit Text/Bespoke/Buyer Pages/Item Details/input_Unsatisfied_Unsatisfied'

2020-03-20 09:53:24 - [TEST_STEP][PASSED] - sendKeys(findTestObject("ADMIN/Edit Text/Bespoke/Buyer Pages/Item Details/input_Reply from_reply-from"), "*"): Keys '*' sent to object: 'Object Repository/ADMIN/Edit Text/Bespoke/Buyer Pages/Item Details/input_Reply from_reply-from'

2020-03-20 09:53:25 - [MESSAGE][PASSED] - Keys '*' sent to object: 'Object Repository/ADMIN/Edit Text/Bespoke/Buyer Pages/Item Details/input_Reply from_reply-from'

2020-03-20 09:53:25 - [TEST_STEP][PASSED] - sendKeys(findTestObject("ADMIN/Edit Text/Bespoke/Buyer Pages/Item Details/input_Reply_btn_view_cart"), "*"): Keys '*' sent to object: 'Object Repository/ADMIN/Edit Text/Bespoke/Buyer Pages/Item Details/input_Reply_btn_view_cart'

2020-03-20 09:53:25 - [MESSAGE][PASSED] - Keys '*' sent to object: 'Object Repository/ADMIN/Edit Text/Bespoke/Buyer Pages/Item Details/input_Reply_btn_view_cart'

2020-03-20 09:53:25 - [TEST_STEP][PASSED] - sendKeys(findTestObject("ADMIN/Edit Text/Bespoke/Buyer Pages/Item Details/input_REPLY TO_reply"), "*"): Keys '*' sent to object: 'Object Repository/ADMIN/Edit Text/Bespoke/Buyer Pages/Item Details/input_REPLY TO_reply'

2020-03-20 09:53:25 - [MESSAGE][PASSED] - Keys '*' sent to object: 'Object Repository/ADMIN/Edit Text/Bespoke/Buyer Pages/Item Details/input_REPLY TO_reply'

2020-03-20 09:53:25 - [TEST_STEP][PASSED] - sendKeys(findTestObject("ADMIN/Edit Text/Bespoke/Buyer Pages/Item Details/input_Leave a comment_leave-comment"), "*"): Keys '*' sent to object: 'Object Repository/ADMIN/Edit Text/Bespoke/Buyer Pages/Item Details/input_Leave a comment_leave-comment'

2020-03-20 09:53:25 - [MESSAGE][PASSED] - Keys '*' sent to object: 'Object Repository/ADMIN/Edit Text/Bespoke/Buyer Pages/Item Details/input_Leave a comment_leave-comment'

2020-03-20 09:53:25 - [TEST_STEP][PASSED] - sendKeys(findTestObject("ADMIN/Edit Text/Bespoke/Buyer Pages/Item Details/input_SUBMIT_btn_submit"), "*"): Keys '*' sent to object: 'Object Repository/ADMIN/Edit Text/Bespoke/Buyer Pages/Item Details/input_SUBMIT_btn_submit'

2020-03-20 09:53:25 - [MESSAGE][PASSED] - Keys '*' sent to object: 'Object Repository/ADMIN/Edit Text/Bespoke/Buyer Pages/Item Details/input_SUBMIT_btn_submit'

2020-03-20 09:53:25 - [TEST_STEP][PASSED] - click(findTestObject("ADMIN/Edit Text/Bespoke/Buyer Pages/Homepage/button_save"), CONTINUE_ON_FAILURE): Object: 'Object Repository/ADMIN/Edit Text/Bespoke/Buyer Pages/Homepage/button_save' is clicked on

2020-03-20 09:53:25 - [MESSAGE][PASSED] - Object: 'Object Repository/ADMIN/Edit Text/Bespoke/Buyer Pages/Homepage/button_save' is clicked on

2020-03-20 09:53:25 - [TEST_STEP][PASSED] - waitForElementVisible(findTestObject("ADMIN/Edit Text/Bespoke/Buyer Pages/Homepage/toaster_success"), 0): Object 'Object Repository/ADMIN/Edit Text/Bespoke/Buyer Pages/Homepage/toaster_success' is visible

2020-03-20 09:53:25 - [MESSAGE][WARNING] - Timeout '0' is invalid. Using default page load timeout: '30'

2020-03-20 09:53:26 - [MESSAGE][PASSED] - Object 'Object Repository/ADMIN/Edit Text/Bespoke/Buyer Pages/Homepage/toaster_success' is visible]]></system-out>
         <system-err><![CDATA[]]></system-err>
      </testcase>
      <system-out><![CDATA[2020-03-20 09:51:26 - [TEST_SUITE][PASSED] - Bespoke Buyer Pages: Test Cases/ADMIN/Language/Edit Text/Bespoke/Buyer Pages/Item Details]]></system-out>
      <system-err><![CDATA[]]></system-err>
   </testsuite>
</testsuites>
