<?xml version="1.0" encoding="UTF-8"?>
<testsuites name="Bespoke Buyer Pages" time="1393.945" tests="221" failures="0" errors="0">
   <testsuite name="Bespoke Buyer Pages" tests="221" failures="0" errors="0" time="1393.945" timestamp="2020-03-20 14:05:56" hostname="ARCADIER03 - 192.168.254.105" id="Test Suites/Admin/Language/Edit Text/Bespoke/Buyer Pages/Bespoke Buyer Pages">
      <properties>
         <property name="deviceName" value=""/>
         <property name="devicePlatform" value=""/>
         <property name="logFolder" value="C:\\Katalon\\Arctick\\Reports\\20200320_140553\\Admin\\Language\\Edit Text\\Bespoke\\Buyer Pages\\Bespoke Buyer Pages\\20200320_140553"/>
         <property name="logFiles" value="C:\\Katalon\\Arctick\\Reports\\20200320_140553\\Admin\\Language\\Edit Text\\Bespoke\\Buyer Pages\\Bespoke Buyer Pages\\20200320_140553\\execution0.log"/>
         <property name="attachments" value=""/>
         <property name="hostName" value="ARCADIER03 - 192.168.254.105"/>
         <property name="os" value="Windows 7 64bit"/>
         <property name="katalonVersion" value="7.2.6.1"/>
         <property name="browser" value="Chrome 80.0.3987.149"/>
         <property name="hostAddress" value="192.168.254.105"/>
         <property name="sessionId" value="1047ba07f4d7d3f0b09558b7ee935cff"/>
         <property name="seleniumVersion" value="3.141.59"/>
         <property name="proxyInformation" value="ProxyInformation{proxyOption=NO_PROXY, proxyServerType=HTTP, password=, proxyServerAddress=, proxyServerPort=0, executionList=}"/>
         <property name="platform" value="Windows 7"/>
      </properties>
      <testcase name="Test Cases/ADMIN/Language/Edit Text/Bespoke/Buyer Pages/Onboarding_Settings Navigation" time="7.705" classname="Test Cases/ADMIN/Language/Edit Text/Bespoke/Buyer Pages/Onboarding_Settings Navigation" status="PASSED">
         <system-out><![CDATA[2020-03-20 14:05:56 - [TEST_CASE][PASSED] - Test Cases/ADMIN/Language/Edit Text/Bespoke/Buyer Pages/Onboarding_Settings Navigation: Test Cases/ADMIN/Language/Edit Text/Bespoke/Buyer Pages/Onboarding_Settings Navigation

2020-03-20 14:05:56 - [TEST_STEP][PASSED] - waitForElementVisible(findTestObject("ADMIN/Language/sidemenu_Language"), 0): Object 'Object Repository/ADMIN/Language/sidemenu_Language' is visible

2020-03-20 14:05:57 - [MESSAGE][WARNING] - Timeout '0' is invalid. Using default page load timeout: '30'

2020-03-20 14:05:59 - [MESSAGE][PASSED] - Object 'Object Repository/ADMIN/Language/sidemenu_Language' is visible

2020-03-20 14:05:59 - [TEST_STEP][PASSED] - click(findTestObject("ADMIN/Language/sidemenu_Language"), CONTINUE_ON_FAILURE): Object: 'Object Repository/ADMIN/Language/sidemenu_Language' is clicked on

2020-03-20 14:06:00 - [MESSAGE][PASSED] - Object: 'Object Repository/ADMIN/Language/sidemenu_Language' is clicked on

2020-03-20 14:06:00 - [TEST_STEP][PASSED] - waitForElementVisible(findTestObject("ADMIN/Language/sidemenu_Edit Text"), 0): Object 'Object Repository/ADMIN/Language/sidemenu_Edit Text' is visible

2020-03-20 14:06:00 - [MESSAGE][WARNING] - Timeout '0' is invalid. Using default page load timeout: '30'

2020-03-20 14:06:00 - [MESSAGE][PASSED] - Object 'Object Repository/ADMIN/Language/sidemenu_Edit Text' is visible

2020-03-20 14:06:00 - [TEST_STEP][PASSED] - click(findTestObject("ADMIN/Language/sidemenu_Edit Text"), CONTINUE_ON_FAILURE): Object: 'Object Repository/ADMIN/Language/sidemenu_Edit Text' is clicked on

2020-03-20 14:06:02 - [MESSAGE][PASSED] - Object: 'Object Repository/ADMIN/Language/sidemenu_Edit Text' is clicked on

2020-03-20 14:06:02 - [TEST_STEP][PASSED] - waitForElementVisible(findTestObject("ADMIN/Edit Text/Bespoke/Buyer Navigation/icon_dd"), 0): Object 'Object Repository/ADMIN/Edit Text/Bespoke/Buyer Navigation/icon_dd' is visible

2020-03-20 14:06:02 - [MESSAGE][WARNING] - Timeout '0' is invalid. Using default page load timeout: '30'

2020-03-20 14:06:02 - [MESSAGE][PASSED] - Object 'Object Repository/ADMIN/Edit Text/Bespoke/Buyer Navigation/icon_dd' is visible

2020-03-20 14:06:02 - [TEST_STEP][PASSED] - click(findTestObject("ADMIN/Edit Text/Bespoke/Buyer Navigation/icon_dd"), CONTINUE_ON_FAILURE): Object: 'Object Repository/ADMIN/Edit Text/Bespoke/Buyer Navigation/icon_dd' is clicked on

2020-03-20 14:06:02 - [MESSAGE][PASSED] - Object: 'Object Repository/ADMIN/Edit Text/Bespoke/Buyer Navigation/icon_dd' is clicked on

2020-03-20 14:06:02 - [TEST_STEP][PASSED] - waitForElementVisible(findTestObject("ADMIN/Edit Text/Bespoke/Buyer Navigation/textlink_Onboard  Settings"), 0): Object 'Object Repository/ADMIN/Edit Text/Bespoke/Buyer Navigation/textlink_Onboard  Settings' is visible

2020-03-20 14:06:02 - [MESSAGE][WARNING] - Timeout '0' is invalid. Using default page load timeout: '30'

2020-03-20 14:06:02 - [MESSAGE][PASSED] - Object 'Object Repository/ADMIN/Edit Text/Bespoke/Buyer Navigation/textlink_Onboard  Settings' is visible

2020-03-20 14:06:02 - [TEST_STEP][PASSED] - click(findTestObject("ADMIN/Edit Text/Bespoke/Buyer Navigation/textlink_Onboard  Settings"), CONTINUE_ON_FAILURE): Object: 'Object Repository/ADMIN/Edit Text/Bespoke/Buyer Navigation/textlink_Onboard  Settings' is clicked on

2020-03-20 14:06:03 - [MESSAGE][PASSED] - Object: 'Object Repository/ADMIN/Edit Text/Bespoke/Buyer Navigation/textlink_Onboard  Settings' is clicked on

2020-03-20 14:06:03 - [TEST_STEP][PASSED] - waitForElementVisible(findTestObject("ADMIN/Edit Text/Bespoke/Buyer Navigation/dd_language"), 0): Object 'Object Repository/ADMIN/Edit Text/Bespoke/Buyer Navigation/dd_language' is visible

2020-03-20 14:06:03 - [MESSAGE][WARNING] - Timeout '0' is invalid. Using default page load timeout: '30'

2020-03-20 14:06:04 - [MESSAGE][PASSED] - Object 'Object Repository/ADMIN/Edit Text/Bespoke/Buyer Navigation/dd_language' is visible]]></system-out>
         <system-err><![CDATA[]]></system-err>
      </testcase>
      <testcase name="Test Cases/ADMIN/Language/Edit Text/Bespoke/Buyer Pages/Onboarding_Settings" time="8.695" classname="Test Cases/ADMIN/Language/Edit Text/Bespoke/Buyer Pages/Onboarding_Settings" status="PASSED">
         <system-out><![CDATA[2020-03-20 14:06:04 - [TEST_CASE][PASSED] - Test Cases/ADMIN/Language/Edit Text/Bespoke/Buyer Pages/Onboarding_Settings: Test Cases/ADMIN/Language/Edit Text/Bespoke/Buyer Pages/Onboarding_Settings

2020-03-20 14:06:04 - [TEST_STEP][PASSED] - waitForElementVisible(findTestObject("ADMIN/Edit Text/Bespoke/Buyer Navigation/dd_language"), 0): Object 'Object Repository/ADMIN/Edit Text/Bespoke/Buyer Navigation/dd_language' is visible

2020-03-20 14:06:04 - [MESSAGE][WARNING] - Timeout '0' is invalid. Using default page load timeout: '30'

2020-03-20 14:06:04 - [MESSAGE][PASSED] - Object 'Object Repository/ADMIN/Edit Text/Bespoke/Buyer Navigation/dd_language' is visible

2020-03-20 14:06:04 - [TEST_STEP][PASSED] - selectOptionByLabel(findTestObject("ADMIN/Edit Text/Bespoke/Buyer Navigation/dd_language"), varLanguage, false): All options with label 'French' are selected in object 'Object Repository/ADMIN/Edit Text/Bespoke/Buyer Navigation/dd_language' 

2020-03-20 14:06:05 - [MESSAGE][PASSED] - All options with label 'French' are selected in object 'Object Repository/ADMIN/Edit Text/Bespoke/Buyer Navigation/dd_language' 

2020-03-20 14:06:05 - [TEST_STEP][PASSED] - sendKeys(findTestObject("ADMIN/Edit Text/Bespoke/Buyer Pages/Onboarding_Settings/input_USER SETTINGS_marketplace-name"), "*"): Keys '*' sent to object: 'Object Repository/ADMIN/Edit Text/Bespoke/Buyer Pages/Onboarding_Settings/input_USER SETTINGS_marketplace-name'

2020-03-20 14:06:05 - [MESSAGE][PASSED] - Keys '*' sent to object: 'Object Repository/ADMIN/Edit Text/Bespoke/Buyer Pages/Onboarding_Settings/input_USER SETTINGS_marketplace-name'

2020-03-20 14:06:05 - [TEST_STEP][PASSED] - sendKeys(findTestObject("ADMIN/Edit Text/Bespoke/Buyer Pages/Onboarding_Settings/input_Configure your profile and your settings here_item_details"), "*"): Keys '*' sent to object: 'Object Repository/ADMIN/Edit Text/Bespoke/Buyer Pages/Onboarding_Settings/input_Configure your profile and your settings here_item_details'

2020-03-20 14:06:06 - [MESSAGE][PASSED] - Keys '*' sent to object: 'Object Repository/ADMIN/Edit Text/Bespoke/Buyer Pages/Onboarding_Settings/input_Configure your profile and your settings here_item_details'

2020-03-20 14:06:06 - [TEST_STEP][PASSED] - sendKeys(findTestObject("ADMIN/Edit Text/Bespoke/Buyer Pages/Onboarding_Settings/input_PROFILE_tab-title"), "*"): Keys '*' sent to object: 'Object Repository/ADMIN/Edit Text/Bespoke/Buyer Pages/Onboarding_Settings/input_PROFILE_tab-title'

2020-03-20 14:06:06 - [MESSAGE][PASSED] - Keys '*' sent to object: 'Object Repository/ADMIN/Edit Text/Bespoke/Buyer Pages/Onboarding_Settings/input_PROFILE_tab-title'

2020-03-20 14:06:06 - [TEST_STEP][PASSED] - sendKeys(findTestObject("ADMIN/Edit Text/Bespoke/Buyer Pages/Onboarding_Settings/input_CHANGE_btn_upload"), "*"): Keys '*' sent to object: 'Object Repository/ADMIN/Edit Text/Bespoke/Buyer Pages/Onboarding_Settings/input_CHANGE_btn_upload'

2020-03-20 14:06:06 - [MESSAGE][PASSED] - Keys '*' sent to object: 'Object Repository/ADMIN/Edit Text/Bespoke/Buyer Pages/Onboarding_Settings/input_CHANGE_btn_upload'

2020-03-20 14:06:06 - [TEST_STEP][PASSED] - sendKeys(findTestObject("ADMIN/Edit Text/Bespoke/Buyer Pages/Onboarding_Settings/input_DISPLAY NAME_display-name"), "*"): Keys '*' sent to object: 'Object Repository/ADMIN/Edit Text/Bespoke/Buyer Pages/Onboarding_Settings/input_DISPLAY NAME_display-name'

2020-03-20 14:06:06 - [MESSAGE][PASSED] - Keys '*' sent to object: 'Object Repository/ADMIN/Edit Text/Bespoke/Buyer Pages/Onboarding_Settings/input_DISPLAY NAME_display-name'

2020-03-20 14:06:06 - [TEST_STEP][PASSED] - sendKeys(findTestObject("ADMIN/Edit Text/Bespoke/Buyer Pages/Onboarding_Settings/input_FIRST NAME_first-name"), "*"): Keys '*' sent to object: 'Object Repository/ADMIN/Edit Text/Bespoke/Buyer Pages/Onboarding_Settings/input_FIRST NAME_first-name'

2020-03-20 14:06:07 - [MESSAGE][PASSED] - Keys '*' sent to object: 'Object Repository/ADMIN/Edit Text/Bespoke/Buyer Pages/Onboarding_Settings/input_FIRST NAME_first-name'

2020-03-20 14:06:07 - [TEST_STEP][PASSED] - sendKeys(findTestObject("ADMIN/Edit Text/Bespoke/Buyer Pages/Onboarding_Settings/input_LAST NAME_last-name"), "*"): Keys '*' sent to object: 'Object Repository/ADMIN/Edit Text/Bespoke/Buyer Pages/Onboarding_Settings/input_LAST NAME_last-name'

2020-03-20 14:06:07 - [MESSAGE][PASSED] - Keys '*' sent to object: 'Object Repository/ADMIN/Edit Text/Bespoke/Buyer Pages/Onboarding_Settings/input_LAST NAME_last-name'

2020-03-20 14:06:07 - [TEST_STEP][PASSED] - sendKeys(findTestObject("ADMIN/Edit Text/Bespoke/Buyer Pages/Onboarding_Settings/input_NOTIFICATION EMAIL_notification-email"), "*"): Keys '*' sent to object: 'Object Repository/ADMIN/Edit Text/Bespoke/Buyer Pages/Onboarding_Settings/input_NOTIFICATION EMAIL_notification-email'

2020-03-20 14:06:07 - [MESSAGE][PASSED] - Keys '*' sent to object: 'Object Repository/ADMIN/Edit Text/Bespoke/Buyer Pages/Onboarding_Settings/input_NOTIFICATION EMAIL_notification-email'

2020-03-20 14:06:07 - [TEST_STEP][PASSED] - sendKeys(findTestObject("ADMIN/Edit Text/Bespoke/Buyer Pages/Onboarding_Settings/input_CONTACT NUMBER_contact-number"), "*"): Keys '*' sent to object: 'Object Repository/ADMIN/Edit Text/Bespoke/Buyer Pages/Onboarding_Settings/input_CONTACT NUMBER_contact-number'

2020-03-20 14:06:07 - [MESSAGE][PASSED] - Keys '*' sent to object: 'Object Repository/ADMIN/Edit Text/Bespoke/Buyer Pages/Onboarding_Settings/input_CONTACT NUMBER_contact-number'

2020-03-20 14:06:07 - [TEST_STEP][PASSED] - sendKeys(findTestObject("ADMIN/Edit Text/Bespoke/Buyer Pages/Onboarding_Settings/input_OPENID LOGIN_open-id-login"), "*"): Keys '*' sent to object: 'Object Repository/ADMIN/Edit Text/Bespoke/Buyer Pages/Onboarding_Settings/input_OPENID LOGIN_open-id-login'

2020-03-20 14:06:07 - [MESSAGE][PASSED] - Keys '*' sent to object: 'Object Repository/ADMIN/Edit Text/Bespoke/Buyer Pages/Onboarding_Settings/input_OPENID LOGIN_open-id-login'

2020-03-20 14:06:07 - [TEST_STEP][PASSED] - sendKeys(findTestObject("ADMIN/Edit Text/Bespoke/Buyer Pages/Onboarding_Settings/input_NEXT_btn_next"), "*"): Keys '*' sent to object: 'Object Repository/ADMIN/Edit Text/Bespoke/Buyer Pages/Onboarding_Settings/input_NEXT_btn_next'

2020-03-20 14:06:07 - [MESSAGE][PASSED] - Keys '*' sent to object: 'Object Repository/ADMIN/Edit Text/Bespoke/Buyer Pages/Onboarding_Settings/input_NEXT_btn_next'

2020-03-20 14:06:07 - [TEST_STEP][PASSED] - sendKeys(findTestObject("ADMIN/Edit Text/Bespoke/Buyer Pages/Onboarding_Settings/input_ADDRESS_tab-title"), "*"): Keys '*' sent to object: 'Object Repository/ADMIN/Edit Text/Bespoke/Buyer Pages/Onboarding_Settings/input_ADDRESS_tab-title'

2020-03-20 14:06:07 - [MESSAGE][PASSED] - Keys '*' sent to object: 'Object Repository/ADMIN/Edit Text/Bespoke/Buyer Pages/Onboarding_Settings/input_ADDRESS_tab-title'

2020-03-20 14:06:07 - [TEST_STEP][PASSED] - sendKeys(findTestObject("ADMIN/Edit Text/Bespoke/Buyer Pages/Onboarding_Settings/input_NEW DELIVERY ADDRESS_new-delivery-address"), "*"): Keys '*' sent to object: 'Object Repository/ADMIN/Edit Text/Bespoke/Buyer Pages/Onboarding_Settings/input_NEW DELIVERY ADDRESS_new-delivery-address'

2020-03-20 14:06:07 - [MESSAGE][PASSED] - Keys '*' sent to object: 'Object Repository/ADMIN/Edit Text/Bespoke/Buyer Pages/Onboarding_Settings/input_NEW DELIVERY ADDRESS_new-delivery-address'

2020-03-20 14:06:07 - [TEST_STEP][PASSED] - sendKeys(findTestObject("ADMIN/Edit Text/Bespoke/Buyer Pages/Onboarding_Settings/input_ADDRESSEE FIRST NAME_addressee-first-name"), "*"): Keys '*' sent to object: 'Object Repository/ADMIN/Edit Text/Bespoke/Buyer Pages/Onboarding_Settings/input_ADDRESSEE FIRST NAME_addressee-first-name'

2020-03-20 14:06:08 - [MESSAGE][PASSED] - Keys '*' sent to object: 'Object Repository/ADMIN/Edit Text/Bespoke/Buyer Pages/Onboarding_Settings/input_ADDRESSEE FIRST NAME_addressee-first-name'

2020-03-20 14:06:08 - [TEST_STEP][PASSED] - sendKeys(findTestObject("ADMIN/Edit Text/Bespoke/Buyer Pages/Onboarding_Settings/input_ADDRESSEE LAST NAME_addressee-last-name"), "*"): Keys '*' sent to object: 'Object Repository/ADMIN/Edit Text/Bespoke/Buyer Pages/Onboarding_Settings/input_ADDRESSEE LAST NAME_addressee-last-name'

2020-03-20 14:06:08 - [MESSAGE][PASSED] - Keys '*' sent to object: 'Object Repository/ADMIN/Edit Text/Bespoke/Buyer Pages/Onboarding_Settings/input_ADDRESSEE LAST NAME_addressee-last-name'

2020-03-20 14:06:08 - [TEST_STEP][PASSED] - sendKeys(findTestObject("ADMIN/Edit Text/Bespoke/Buyer Pages/Onboarding_Settings/input_ADDRESS_address"), "*"): Keys '*' sent to object: 'Object Repository/ADMIN/Edit Text/Bespoke/Buyer Pages/Onboarding_Settings/input_ADDRESS_address'

2020-03-20 14:06:08 - [MESSAGE][PASSED] - Keys '*' sent to object: 'Object Repository/ADMIN/Edit Text/Bespoke/Buyer Pages/Onboarding_Settings/input_ADDRESS_address'

2020-03-20 14:06:08 - [TEST_STEP][PASSED] - sendKeys(findTestObject("ADMIN/Edit Text/Bespoke/Buyer Pages/Onboarding_Settings/input_COUNTRY_address-country"), "*"): Keys '*' sent to object: 'Object Repository/ADMIN/Edit Text/Bespoke/Buyer Pages/Onboarding_Settings/input_COUNTRY_address-country'

2020-03-20 14:06:08 - [MESSAGE][PASSED] - Keys '*' sent to object: 'Object Repository/ADMIN/Edit Text/Bespoke/Buyer Pages/Onboarding_Settings/input_COUNTRY_address-country'

2020-03-20 14:06:08 - [TEST_STEP][PASSED] - sendKeys(findTestObject("ADMIN/Edit Text/Bespoke/Buyer Pages/Onboarding_Settings/input_State_address-state"), "*"): Keys '*' sent to object: 'Object Repository/ADMIN/Edit Text/Bespoke/Buyer Pages/Onboarding_Settings/input_State_address-state'

2020-03-20 14:06:09 - [MESSAGE][PASSED] - Keys '*' sent to object: 'Object Repository/ADMIN/Edit Text/Bespoke/Buyer Pages/Onboarding_Settings/input_State_address-state'

2020-03-20 14:06:09 - [TEST_STEP][PASSED] - sendKeys(findTestObject("ADMIN/Edit Text/Bespoke/Buyer Pages/Onboarding_Settings/input_CITY_address-city"), "*"): Keys '*' sent to object: 'Object Repository/ADMIN/Edit Text/Bespoke/Buyer Pages/Onboarding_Settings/input_CITY_address-city'

2020-03-20 14:06:09 - [MESSAGE][PASSED] - Keys '*' sent to object: 'Object Repository/ADMIN/Edit Text/Bespoke/Buyer Pages/Onboarding_Settings/input_CITY_address-city'

2020-03-20 14:06:09 - [TEST_STEP][PASSED] - sendKeys(findTestObject("ADMIN/Edit Text/Bespoke/Buyer Pages/Onboarding_Settings/input_POSTAL CODE_address-postalcode"), "*"): Keys '*' sent to object: 'Object Repository/ADMIN/Edit Text/Bespoke/Buyer Pages/Onboarding_Settings/input_POSTAL CODE_address-postalcode'

2020-03-20 14:06:09 - [MESSAGE][PASSED] - Keys '*' sent to object: 'Object Repository/ADMIN/Edit Text/Bespoke/Buyer Pages/Onboarding_Settings/input_POSTAL CODE_address-postalcode'

2020-03-20 14:06:09 - [TEST_STEP][PASSED] - sendKeys(findTestObject("ADMIN/Edit Text/Bespoke/Buyer Pages/Onboarding_Settings/input_SELECT COUNTRY_select-country"), "*"): Keys '*' sent to object: 'Object Repository/ADMIN/Edit Text/Bespoke/Buyer Pages/Onboarding_Settings/input_SELECT COUNTRY_select-country'

2020-03-20 14:06:09 - [MESSAGE][PASSED] - Keys '*' sent to object: 'Object Repository/ADMIN/Edit Text/Bespoke/Buyer Pages/Onboarding_Settings/input_SELECT COUNTRY_select-country'

2020-03-20 14:06:09 - [TEST_STEP][PASSED] - sendKeys(findTestObject("ADMIN/Edit Text/Bespoke/Buyer Pages/Onboarding_Settings/input_Select City"), "*"): Keys '*' sent to object: 'Object Repository/ADMIN/Edit Text/Bespoke/Buyer Pages/Onboarding_Settings/input_Select City'

2020-03-20 14:06:09 - [MESSAGE][PASSED] - Keys '*' sent to object: 'Object Repository/ADMIN/Edit Text/Bespoke/Buyer Pages/Onboarding_Settings/input_Select City'

2020-03-20 14:06:09 - [TEST_STEP][PASSED] - sendKeys(findTestObject("ADMIN/Edit Text/Bespoke/Buyer Pages/Onboarding_Settings/input_ADD ADDRESS_btn_add"), "*"): Keys '*' sent to object: 'Object Repository/ADMIN/Edit Text/Bespoke/Buyer Pages/Onboarding_Settings/input_ADD ADDRESS_btn_add'

2020-03-20 14:06:09 - [MESSAGE][PASSED] - Keys '*' sent to object: 'Object Repository/ADMIN/Edit Text/Bespoke/Buyer Pages/Onboarding_Settings/input_ADD ADDRESS_btn_add'

2020-03-20 14:06:09 - [TEST_STEP][PASSED] - sendKeys(findTestObject("ADMIN/Edit Text/Bespoke/Buyer Pages/Onboarding_Settings/input_SAVED ADDRESSES_address-saved"), "*"): Keys '*' sent to object: 'Object Repository/ADMIN/Edit Text/Bespoke/Buyer Pages/Onboarding_Settings/input_SAVED ADDRESSES_address-saved'

2020-03-20 14:06:09 - [MESSAGE][PASSED] - Keys '*' sent to object: 'Object Repository/ADMIN/Edit Text/Bespoke/Buyer Pages/Onboarding_Settings/input_SAVED ADDRESSES_address-saved'

2020-03-20 14:06:09 - [TEST_STEP][PASSED] - sendKeys(findTestObject("ADMIN/Edit Text/Bespoke/Buyer Pages/Onboarding_Settings/input_SAVE_btn_next"), "*"): Keys '*' sent to object: 'Object Repository/ADMIN/Edit Text/Bespoke/Buyer Pages/Onboarding_Settings/input_SAVE_btn_next'

2020-03-20 14:06:10 - [MESSAGE][PASSED] - Keys '*' sent to object: 'Object Repository/ADMIN/Edit Text/Bespoke/Buyer Pages/Onboarding_Settings/input_SAVE_btn_next'

2020-03-20 14:06:10 - [TEST_STEP][PASSED] - sendKeys(findTestObject("ADMIN/Edit Text/Bespoke/Buyer Pages/Onboarding_Settings/input_Are you sure want to delete_popup-title"), "*"): Keys '*' sent to object: 'Object Repository/ADMIN/Edit Text/Bespoke/Buyer Pages/Onboarding_Settings/input_Are you sure want to delete_popup-title'

2020-03-20 14:06:10 - [MESSAGE][PASSED] - Keys '*' sent to object: 'Object Repository/ADMIN/Edit Text/Bespoke/Buyer Pages/Onboarding_Settings/input_Are you sure want to delete_popup-title'

2020-03-20 14:06:10 - [TEST_STEP][PASSED] - sendKeys(findTestObject("ADMIN/Edit Text/Bespoke/Buyer Pages/Onboarding_Settings/input_CANCEL_btn_cancel"), "*"): Keys '*' sent to object: 'Object Repository/ADMIN/Edit Text/Bespoke/Buyer Pages/Onboarding_Settings/input_CANCEL_btn_cancel'

2020-03-20 14:06:10 - [MESSAGE][PASSED] - Keys '*' sent to object: 'Object Repository/ADMIN/Edit Text/Bespoke/Buyer Pages/Onboarding_Settings/input_CANCEL_btn_cancel'

2020-03-20 14:06:10 - [TEST_STEP][PASSED] - sendKeys(findTestObject("ADMIN/Edit Text/Bespoke/Buyer Pages/Onboarding_Settings/input_OK_btn_okay"), "*"): Keys '*' sent to object: 'Object Repository/ADMIN/Edit Text/Bespoke/Buyer Pages/Onboarding_Settings/input_OK_btn_okay'

2020-03-20 14:06:10 - [MESSAGE][PASSED] - Keys '*' sent to object: 'Object Repository/ADMIN/Edit Text/Bespoke/Buyer Pages/Onboarding_Settings/input_OK_btn_okay'

2020-03-20 14:06:10 - [TEST_STEP][PASSED] - click(findTestObject("ADMIN/Edit Text/Bespoke/Buyer Pages/Homepage/button_save"), CONTINUE_ON_FAILURE): Object: 'Object Repository/ADMIN/Edit Text/Bespoke/Buyer Pages/Homepage/button_save' is clicked on

2020-03-20 14:06:10 - [MESSAGE][PASSED] - Object: 'Object Repository/ADMIN/Edit Text/Bespoke/Buyer Pages/Homepage/button_save' is clicked on

2020-03-20 14:06:10 - [TEST_STEP][PASSED] - waitForElementVisible(findTestObject("ADMIN/Edit Text/Bespoke/Buyer Pages/Homepage/toaster_success"), 0): Object 'Object Repository/ADMIN/Edit Text/Bespoke/Buyer Pages/Homepage/toaster_success' is visible

2020-03-20 14:06:10 - [MESSAGE][WARNING] - Timeout '0' is invalid. Using default page load timeout: '30'

2020-03-20 14:06:12 - [MESSAGE][PASSED] - Object 'Object Repository/ADMIN/Edit Text/Bespoke/Buyer Pages/Homepage/toaster_success' is visible]]></system-out>
         <system-err><![CDATA[]]></system-err>
      </testcase>
      <testcase name="Test Cases/ADMIN/Language/Edit Text/Bespoke/Buyer Pages/Onboarding_Settings" time="5.554" classname="Test Cases/ADMIN/Language/Edit Text/Bespoke/Buyer Pages/Onboarding_Settings" status="PASSED">
         <system-out><![CDATA[2020-03-20 14:06:12 - [TEST_CASE][PASSED] - Test Cases/ADMIN/Language/Edit Text/Bespoke/Buyer Pages/Onboarding_Settings: Test Cases/ADMIN/Language/Edit Text/Bespoke/Buyer Pages/Onboarding_Settings

2020-03-20 14:06:13 - [TEST_STEP][PASSED] - waitForElementVisible(findTestObject("ADMIN/Edit Text/Bespoke/Buyer Navigation/dd_language"), 0): Object 'Object Repository/ADMIN/Edit Text/Bespoke/Buyer Navigation/dd_language' is visible

2020-03-20 14:06:13 - [MESSAGE][WARNING] - Timeout '0' is invalid. Using default page load timeout: '30'

2020-03-20 14:06:13 - [MESSAGE][PASSED] - Object 'Object Repository/ADMIN/Edit Text/Bespoke/Buyer Navigation/dd_language' is visible

2020-03-20 14:06:13 - [TEST_STEP][PASSED] - selectOptionByLabel(findTestObject("ADMIN/Edit Text/Bespoke/Buyer Navigation/dd_language"), varLanguage, false): All options with label 'Spanish' are selected in object 'Object Repository/ADMIN/Edit Text/Bespoke/Buyer Navigation/dd_language' 

2020-03-20 14:06:13 - [MESSAGE][PASSED] - All options with label 'Spanish' are selected in object 'Object Repository/ADMIN/Edit Text/Bespoke/Buyer Navigation/dd_language' 

2020-03-20 14:06:13 - [TEST_STEP][PASSED] - sendKeys(findTestObject("ADMIN/Edit Text/Bespoke/Buyer Pages/Onboarding_Settings/input_USER SETTINGS_marketplace-name"), "*"): Keys '*' sent to object: 'Object Repository/ADMIN/Edit Text/Bespoke/Buyer Pages/Onboarding_Settings/input_USER SETTINGS_marketplace-name'

2020-03-20 14:06:14 - [MESSAGE][PASSED] - Keys '*' sent to object: 'Object Repository/ADMIN/Edit Text/Bespoke/Buyer Pages/Onboarding_Settings/input_USER SETTINGS_marketplace-name'

2020-03-20 14:06:14 - [TEST_STEP][PASSED] - sendKeys(findTestObject("ADMIN/Edit Text/Bespoke/Buyer Pages/Onboarding_Settings/input_Configure your profile and your settings here_item_details"), "*"): Keys '*' sent to object: 'Object Repository/ADMIN/Edit Text/Bespoke/Buyer Pages/Onboarding_Settings/input_Configure your profile and your settings here_item_details'

2020-03-20 14:06:14 - [MESSAGE][PASSED] - Keys '*' sent to object: 'Object Repository/ADMIN/Edit Text/Bespoke/Buyer Pages/Onboarding_Settings/input_Configure your profile and your settings here_item_details'

2020-03-20 14:06:14 - [TEST_STEP][PASSED] - sendKeys(findTestObject("ADMIN/Edit Text/Bespoke/Buyer Pages/Onboarding_Settings/input_PROFILE_tab-title"), "*"): Keys '*' sent to object: 'Object Repository/ADMIN/Edit Text/Bespoke/Buyer Pages/Onboarding_Settings/input_PROFILE_tab-title'

2020-03-20 14:06:14 - [MESSAGE][PASSED] - Keys '*' sent to object: 'Object Repository/ADMIN/Edit Text/Bespoke/Buyer Pages/Onboarding_Settings/input_PROFILE_tab-title'

2020-03-20 14:06:14 - [TEST_STEP][PASSED] - sendKeys(findTestObject("ADMIN/Edit Text/Bespoke/Buyer Pages/Onboarding_Settings/input_CHANGE_btn_upload"), "*"): Keys '*' sent to object: 'Object Repository/ADMIN/Edit Text/Bespoke/Buyer Pages/Onboarding_Settings/input_CHANGE_btn_upload'

2020-03-20 14:06:14 - [MESSAGE][PASSED] - Keys '*' sent to object: 'Object Repository/ADMIN/Edit Text/Bespoke/Buyer Pages/Onboarding_Settings/input_CHANGE_btn_upload'

2020-03-20 14:06:14 - [TEST_STEP][PASSED] - sendKeys(findTestObject("ADMIN/Edit Text/Bespoke/Buyer Pages/Onboarding_Settings/input_DISPLAY NAME_display-name"), "*"): Keys '*' sent to object: 'Object Repository/ADMIN/Edit Text/Bespoke/Buyer Pages/Onboarding_Settings/input_DISPLAY NAME_display-name'

2020-03-20 14:06:14 - [MESSAGE][PASSED] - Keys '*' sent to object: 'Object Repository/ADMIN/Edit Text/Bespoke/Buyer Pages/Onboarding_Settings/input_DISPLAY NAME_display-name'

2020-03-20 14:06:14 - [TEST_STEP][PASSED] - sendKeys(findTestObject("ADMIN/Edit Text/Bespoke/Buyer Pages/Onboarding_Settings/input_FIRST NAME_first-name"), "*"): Keys '*' sent to object: 'Object Repository/ADMIN/Edit Text/Bespoke/Buyer Pages/Onboarding_Settings/input_FIRST NAME_first-name'

2020-03-20 14:06:15 - [MESSAGE][PASSED] - Keys '*' sent to object: 'Object Repository/ADMIN/Edit Text/Bespoke/Buyer Pages/Onboarding_Settings/input_FIRST NAME_first-name'

2020-03-20 14:06:15 - [TEST_STEP][PASSED] - sendKeys(findTestObject("ADMIN/Edit Text/Bespoke/Buyer Pages/Onboarding_Settings/input_LAST NAME_last-name"), "*"): Keys '*' sent to object: 'Object Repository/ADMIN/Edit Text/Bespoke/Buyer Pages/Onboarding_Settings/input_LAST NAME_last-name'

2020-03-20 14:06:15 - [MESSAGE][PASSED] - Keys '*' sent to object: 'Object Repository/ADMIN/Edit Text/Bespoke/Buyer Pages/Onboarding_Settings/input_LAST NAME_last-name'

2020-03-20 14:06:15 - [TEST_STEP][PASSED] - sendKeys(findTestObject("ADMIN/Edit Text/Bespoke/Buyer Pages/Onboarding_Settings/input_NOTIFICATION EMAIL_notification-email"), "*"): Keys '*' sent to object: 'Object Repository/ADMIN/Edit Text/Bespoke/Buyer Pages/Onboarding_Settings/input_NOTIFICATION EMAIL_notification-email'

2020-03-20 14:06:15 - [MESSAGE][PASSED] - Keys '*' sent to object: 'Object Repository/ADMIN/Edit Text/Bespoke/Buyer Pages/Onboarding_Settings/input_NOTIFICATION EMAIL_notification-email'

2020-03-20 14:06:15 - [TEST_STEP][PASSED] - sendKeys(findTestObject("ADMIN/Edit Text/Bespoke/Buyer Pages/Onboarding_Settings/input_CONTACT NUMBER_contact-number"), "*"): Keys '*' sent to object: 'Object Repository/ADMIN/Edit Text/Bespoke/Buyer Pages/Onboarding_Settings/input_CONTACT NUMBER_contact-number'

2020-03-20 14:06:15 - [MESSAGE][PASSED] - Keys '*' sent to object: 'Object Repository/ADMIN/Edit Text/Bespoke/Buyer Pages/Onboarding_Settings/input_CONTACT NUMBER_contact-number'

2020-03-20 14:06:15 - [TEST_STEP][PASSED] - sendKeys(findTestObject("ADMIN/Edit Text/Bespoke/Buyer Pages/Onboarding_Settings/input_OPENID LOGIN_open-id-login"), "*"): Keys '*' sent to object: 'Object Repository/ADMIN/Edit Text/Bespoke/Buyer Pages/Onboarding_Settings/input_OPENID LOGIN_open-id-login'

2020-03-20 14:06:15 - [MESSAGE][PASSED] - Keys '*' sent to object: 'Object Repository/ADMIN/Edit Text/Bespoke/Buyer Pages/Onboarding_Settings/input_OPENID LOGIN_open-id-login'

2020-03-20 14:06:15 - [TEST_STEP][PASSED] - sendKeys(findTestObject("ADMIN/Edit Text/Bespoke/Buyer Pages/Onboarding_Settings/input_NEXT_btn_next"), "*"): Keys '*' sent to object: 'Object Repository/ADMIN/Edit Text/Bespoke/Buyer Pages/Onboarding_Settings/input_NEXT_btn_next'

2020-03-20 14:06:15 - [MESSAGE][PASSED] - Keys '*' sent to object: 'Object Repository/ADMIN/Edit Text/Bespoke/Buyer Pages/Onboarding_Settings/input_NEXT_btn_next'

2020-03-20 14:06:15 - [TEST_STEP][PASSED] - sendKeys(findTestObject("ADMIN/Edit Text/Bespoke/Buyer Pages/Onboarding_Settings/input_ADDRESS_tab-title"), "*"): Keys '*' sent to object: 'Object Repository/ADMIN/Edit Text/Bespoke/Buyer Pages/Onboarding_Settings/input_ADDRESS_tab-title'

2020-03-20 14:06:16 - [MESSAGE][PASSED] - Keys '*' sent to object: 'Object Repository/ADMIN/Edit Text/Bespoke/Buyer Pages/Onboarding_Settings/input_ADDRESS_tab-title'

2020-03-20 14:06:16 - [TEST_STEP][PASSED] - sendKeys(findTestObject("ADMIN/Edit Text/Bespoke/Buyer Pages/Onboarding_Settings/input_NEW DELIVERY ADDRESS_new-delivery-address"), "*"): Keys '*' sent to object: 'Object Repository/ADMIN/Edit Text/Bespoke/Buyer Pages/Onboarding_Settings/input_NEW DELIVERY ADDRESS_new-delivery-address'

2020-03-20 14:06:16 - [MESSAGE][PASSED] - Keys '*' sent to object: 'Object Repository/ADMIN/Edit Text/Bespoke/Buyer Pages/Onboarding_Settings/input_NEW DELIVERY ADDRESS_new-delivery-address'

2020-03-20 14:06:16 - [TEST_STEP][PASSED] - sendKeys(findTestObject("ADMIN/Edit Text/Bespoke/Buyer Pages/Onboarding_Settings/input_ADDRESSEE FIRST NAME_addressee-first-name"), "*"): Keys '*' sent to object: 'Object Repository/ADMIN/Edit Text/Bespoke/Buyer Pages/Onboarding_Settings/input_ADDRESSEE FIRST NAME_addressee-first-name'

2020-03-20 14:06:16 - [MESSAGE][PASSED] - Keys '*' sent to object: 'Object Repository/ADMIN/Edit Text/Bespoke/Buyer Pages/Onboarding_Settings/input_ADDRESSEE FIRST NAME_addressee-first-name'

2020-03-20 14:06:16 - [TEST_STEP][PASSED] - sendKeys(findTestObject("ADMIN/Edit Text/Bespoke/Buyer Pages/Onboarding_Settings/input_ADDRESSEE LAST NAME_addressee-last-name"), "*"): Keys '*' sent to object: 'Object Repository/ADMIN/Edit Text/Bespoke/Buyer Pages/Onboarding_Settings/input_ADDRESSEE LAST NAME_addressee-last-name'

2020-03-20 14:06:16 - [MESSAGE][PASSED] - Keys '*' sent to object: 'Object Repository/ADMIN/Edit Text/Bespoke/Buyer Pages/Onboarding_Settings/input_ADDRESSEE LAST NAME_addressee-last-name'

2020-03-20 14:06:16 - [TEST_STEP][PASSED] - sendKeys(findTestObject("ADMIN/Edit Text/Bespoke/Buyer Pages/Onboarding_Settings/input_ADDRESS_address"), "*"): Keys '*' sent to object: 'Object Repository/ADMIN/Edit Text/Bespoke/Buyer Pages/Onboarding_Settings/input_ADDRESS_address'

2020-03-20 14:06:16 - [MESSAGE][PASSED] - Keys '*' sent to object: 'Object Repository/ADMIN/Edit Text/Bespoke/Buyer Pages/Onboarding_Settings/input_ADDRESS_address'

2020-03-20 14:06:16 - [TEST_STEP][PASSED] - sendKeys(findTestObject("ADMIN/Edit Text/Bespoke/Buyer Pages/Onboarding_Settings/input_COUNTRY_address-country"), "*"): Keys '*' sent to object: 'Object Repository/ADMIN/Edit Text/Bespoke/Buyer Pages/Onboarding_Settings/input_COUNTRY_address-country'

2020-03-20 14:06:16 - [MESSAGE][PASSED] - Keys '*' sent to object: 'Object Repository/ADMIN/Edit Text/Bespoke/Buyer Pages/Onboarding_Settings/input_COUNTRY_address-country'

2020-03-20 14:06:16 - [TEST_STEP][PASSED] - sendKeys(findTestObject("ADMIN/Edit Text/Bespoke/Buyer Pages/Onboarding_Settings/input_State_address-state"), "*"): Keys '*' sent to object: 'Object Repository/ADMIN/Edit Text/Bespoke/Buyer Pages/Onboarding_Settings/input_State_address-state'

2020-03-20 14:06:16 - [MESSAGE][PASSED] - Keys '*' sent to object: 'Object Repository/ADMIN/Edit Text/Bespoke/Buyer Pages/Onboarding_Settings/input_State_address-state'

2020-03-20 14:06:16 - [TEST_STEP][PASSED] - sendKeys(findTestObject("ADMIN/Edit Text/Bespoke/Buyer Pages/Onboarding_Settings/input_CITY_address-city"), "*"): Keys '*' sent to object: 'Object Repository/ADMIN/Edit Text/Bespoke/Buyer Pages/Onboarding_Settings/input_CITY_address-city'

2020-03-20 14:06:16 - [MESSAGE][PASSED] - Keys '*' sent to object: 'Object Repository/ADMIN/Edit Text/Bespoke/Buyer Pages/Onboarding_Settings/input_CITY_address-city'

2020-03-20 14:06:16 - [TEST_STEP][PASSED] - sendKeys(findTestObject("ADMIN/Edit Text/Bespoke/Buyer Pages/Onboarding_Settings/input_POSTAL CODE_address-postalcode"), "*"): Keys '*' sent to object: 'Object Repository/ADMIN/Edit Text/Bespoke/Buyer Pages/Onboarding_Settings/input_POSTAL CODE_address-postalcode'

2020-03-20 14:06:16 - [MESSAGE][PASSED] - Keys '*' sent to object: 'Object Repository/ADMIN/Edit Text/Bespoke/Buyer Pages/Onboarding_Settings/input_POSTAL CODE_address-postalcode'

2020-03-20 14:06:16 - [TEST_STEP][PASSED] - sendKeys(findTestObject("ADMIN/Edit Text/Bespoke/Buyer Pages/Onboarding_Settings/input_SELECT COUNTRY_select-country"), "*"): Keys '*' sent to object: 'Object Repository/ADMIN/Edit Text/Bespoke/Buyer Pages/Onboarding_Settings/input_SELECT COUNTRY_select-country'

2020-03-20 14:06:17 - [MESSAGE][PASSED] - Keys '*' sent to object: 'Object Repository/ADMIN/Edit Text/Bespoke/Buyer Pages/Onboarding_Settings/input_SELECT COUNTRY_select-country'

2020-03-20 14:06:17 - [TEST_STEP][PASSED] - sendKeys(findTestObject("ADMIN/Edit Text/Bespoke/Buyer Pages/Onboarding_Settings/input_Select City"), "*"): Keys '*' sent to object: 'Object Repository/ADMIN/Edit Text/Bespoke/Buyer Pages/Onboarding_Settings/input_Select City'

2020-03-20 14:06:17 - [MESSAGE][PASSED] - Keys '*' sent to object: 'Object Repository/ADMIN/Edit Text/Bespoke/Buyer Pages/Onboarding_Settings/input_Select City'

2020-03-20 14:06:17 - [TEST_STEP][PASSED] - sendKeys(findTestObject("ADMIN/Edit Text/Bespoke/Buyer Pages/Onboarding_Settings/input_ADD ADDRESS_btn_add"), "*"): Keys '*' sent to object: 'Object Repository/ADMIN/Edit Text/Bespoke/Buyer Pages/Onboarding_Settings/input_ADD ADDRESS_btn_add'

2020-03-20 14:06:17 - [MESSAGE][PASSED] - Keys '*' sent to object: 'Object Repository/ADMIN/Edit Text/Bespoke/Buyer Pages/Onboarding_Settings/input_ADD ADDRESS_btn_add'

2020-03-20 14:06:17 - [TEST_STEP][PASSED] - sendKeys(findTestObject("ADMIN/Edit Text/Bespoke/Buyer Pages/Onboarding_Settings/input_SAVED ADDRESSES_address-saved"), "*"): Keys '*' sent to object: 'Object Repository/ADMIN/Edit Text/Bespoke/Buyer Pages/Onboarding_Settings/input_SAVED ADDRESSES_address-saved'

2020-03-20 14:06:17 - [MESSAGE][PASSED] - Keys '*' sent to object: 'Object Repository/ADMIN/Edit Text/Bespoke/Buyer Pages/Onboarding_Settings/input_SAVED ADDRESSES_address-saved'

2020-03-20 14:06:17 - [TEST_STEP][PASSED] - sendKeys(findTestObject("ADMIN/Edit Text/Bespoke/Buyer Pages/Onboarding_Settings/input_SAVE_btn_next"), "*"): Keys '*' sent to object: 'Object Repository/ADMIN/Edit Text/Bespoke/Buyer Pages/Onboarding_Settings/input_SAVE_btn_next'

2020-03-20 14:06:17 - [MESSAGE][PASSED] - Keys '*' sent to object: 'Object Repository/ADMIN/Edit Text/Bespoke/Buyer Pages/Onboarding_Settings/input_SAVE_btn_next'

2020-03-20 14:06:17 - [TEST_STEP][PASSED] - sendKeys(findTestObject("ADMIN/Edit Text/Bespoke/Buyer Pages/Onboarding_Settings/input_Are you sure want to delete_popup-title"), "*"): Keys '*' sent to object: 'Object Repository/ADMIN/Edit Text/Bespoke/Buyer Pages/Onboarding_Settings/input_Are you sure want to delete_popup-title'

2020-03-20 14:06:17 - [MESSAGE][PASSED] - Keys '*' sent to object: 'Object Repository/ADMIN/Edit Text/Bespoke/Buyer Pages/Onboarding_Settings/input_Are you sure want to delete_popup-title'

2020-03-20 14:06:17 - [TEST_STEP][PASSED] - sendKeys(findTestObject("ADMIN/Edit Text/Bespoke/Buyer Pages/Onboarding_Settings/input_CANCEL_btn_cancel"), "*"): Keys '*' sent to object: 'Object Repository/ADMIN/Edit Text/Bespoke/Buyer Pages/Onboarding_Settings/input_CANCEL_btn_cancel'

2020-03-20 14:06:17 - [MESSAGE][PASSED] - Keys '*' sent to object: 'Object Repository/ADMIN/Edit Text/Bespoke/Buyer Pages/Onboarding_Settings/input_CANCEL_btn_cancel'

2020-03-20 14:06:17 - [TEST_STEP][PASSED] - sendKeys(findTestObject("ADMIN/Edit Text/Bespoke/Buyer Pages/Onboarding_Settings/input_OK_btn_okay"), "*"): Keys '*' sent to object: 'Object Repository/ADMIN/Edit Text/Bespoke/Buyer Pages/Onboarding_Settings/input_OK_btn_okay'

2020-03-20 14:06:17 - [MESSAGE][PASSED] - Keys '*' sent to object: 'Object Repository/ADMIN/Edit Text/Bespoke/Buyer Pages/Onboarding_Settings/input_OK_btn_okay'

2020-03-20 14:06:17 - [TEST_STEP][PASSED] - click(findTestObject("ADMIN/Edit Text/Bespoke/Buyer Pages/Homepage/button_save"), CONTINUE_ON_FAILURE): Object: 'Object Repository/ADMIN/Edit Text/Bespoke/Buyer Pages/Homepage/button_save' is clicked on

2020-03-20 14:06:17 - [MESSAGE][PASSED] - Object: 'Object Repository/ADMIN/Edit Text/Bespoke/Buyer Pages/Homepage/button_save' is clicked on

2020-03-20 14:06:17 - [TEST_STEP][PASSED] - waitForElementVisible(findTestObject("ADMIN/Edit Text/Bespoke/Buyer Pages/Homepage/toaster_success"), 0): Object 'Object Repository/ADMIN/Edit Text/Bespoke/Buyer Pages/Homepage/toaster_success' is visible

2020-03-20 14:06:17 - [MESSAGE][WARNING] - Timeout '0' is invalid. Using default page load timeout: '30'

2020-03-20 14:06:18 - [MESSAGE][PASSED] - Object 'Object Repository/ADMIN/Edit Text/Bespoke/Buyer Pages/Homepage/toaster_success' is visible]]></system-out>
         <system-err><![CDATA[]]></system-err>
      </testcase>
      <testcase name="Test Cases/ADMIN/Language/Edit Text/Bespoke/Buyer Pages/Onboarding_Settings" time="5.793" classname="Test Cases/ADMIN/Language/Edit Text/Bespoke/Buyer Pages/Onboarding_Settings" status="PASSED">
         <system-out><![CDATA[2020-03-20 14:06:18 - [TEST_CASE][PASSED] - Test Cases/ADMIN/Language/Edit Text/Bespoke/Buyer Pages/Onboarding_Settings: Test Cases/ADMIN/Language/Edit Text/Bespoke/Buyer Pages/Onboarding_Settings

2020-03-20 14:06:18 - [TEST_STEP][PASSED] - waitForElementVisible(findTestObject("ADMIN/Edit Text/Bespoke/Buyer Navigation/dd_language"), 0): Object 'Object Repository/ADMIN/Edit Text/Bespoke/Buyer Navigation/dd_language' is visible

2020-03-20 14:06:18 - [MESSAGE][WARNING] - Timeout '0' is invalid. Using default page load timeout: '30'

2020-03-20 14:06:18 - [MESSAGE][PASSED] - Object 'Object Repository/ADMIN/Edit Text/Bespoke/Buyer Navigation/dd_language' is visible

2020-03-20 14:06:18 - [TEST_STEP][PASSED] - selectOptionByLabel(findTestObject("ADMIN/Edit Text/Bespoke/Buyer Navigation/dd_language"), varLanguage, false): All options with label 'Hindi' are selected in object 'Object Repository/ADMIN/Edit Text/Bespoke/Buyer Navigation/dd_language' 

2020-03-20 14:06:19 - [MESSAGE][PASSED] - All options with label 'Hindi' are selected in object 'Object Repository/ADMIN/Edit Text/Bespoke/Buyer Navigation/dd_language' 

2020-03-20 14:06:19 - [TEST_STEP][PASSED] - sendKeys(findTestObject("ADMIN/Edit Text/Bespoke/Buyer Pages/Onboarding_Settings/input_USER SETTINGS_marketplace-name"), "*"): Keys '*' sent to object: 'Object Repository/ADMIN/Edit Text/Bespoke/Buyer Pages/Onboarding_Settings/input_USER SETTINGS_marketplace-name'

2020-03-20 14:06:20 - [MESSAGE][PASSED] - Keys '*' sent to object: 'Object Repository/ADMIN/Edit Text/Bespoke/Buyer Pages/Onboarding_Settings/input_USER SETTINGS_marketplace-name'

2020-03-20 14:06:20 - [TEST_STEP][PASSED] - sendKeys(findTestObject("ADMIN/Edit Text/Bespoke/Buyer Pages/Onboarding_Settings/input_Configure your profile and your settings here_item_details"), "*"): Keys '*' sent to object: 'Object Repository/ADMIN/Edit Text/Bespoke/Buyer Pages/Onboarding_Settings/input_Configure your profile and your settings here_item_details'

2020-03-20 14:06:20 - [MESSAGE][PASSED] - Keys '*' sent to object: 'Object Repository/ADMIN/Edit Text/Bespoke/Buyer Pages/Onboarding_Settings/input_Configure your profile and your settings here_item_details'

2020-03-20 14:06:20 - [TEST_STEP][PASSED] - sendKeys(findTestObject("ADMIN/Edit Text/Bespoke/Buyer Pages/Onboarding_Settings/input_PROFILE_tab-title"), "*"): Keys '*' sent to object: 'Object Repository/ADMIN/Edit Text/Bespoke/Buyer Pages/Onboarding_Settings/input_PROFILE_tab-title'

2020-03-20 14:06:20 - [MESSAGE][PASSED] - Keys '*' sent to object: 'Object Repository/ADMIN/Edit Text/Bespoke/Buyer Pages/Onboarding_Settings/input_PROFILE_tab-title'

2020-03-20 14:06:20 - [TEST_STEP][PASSED] - sendKeys(findTestObject("ADMIN/Edit Text/Bespoke/Buyer Pages/Onboarding_Settings/input_CHANGE_btn_upload"), "*"): Keys '*' sent to object: 'Object Repository/ADMIN/Edit Text/Bespoke/Buyer Pages/Onboarding_Settings/input_CHANGE_btn_upload'

2020-03-20 14:06:20 - [MESSAGE][PASSED] - Keys '*' sent to object: 'Object Repository/ADMIN/Edit Text/Bespoke/Buyer Pages/Onboarding_Settings/input_CHANGE_btn_upload'

2020-03-20 14:06:20 - [TEST_STEP][PASSED] - sendKeys(findTestObject("ADMIN/Edit Text/Bespoke/Buyer Pages/Onboarding_Settings/input_DISPLAY NAME_display-name"), "*"): Keys '*' sent to object: 'Object Repository/ADMIN/Edit Text/Bespoke/Buyer Pages/Onboarding_Settings/input_DISPLAY NAME_display-name'

2020-03-20 14:06:20 - [MESSAGE][PASSED] - Keys '*' sent to object: 'Object Repository/ADMIN/Edit Text/Bespoke/Buyer Pages/Onboarding_Settings/input_DISPLAY NAME_display-name'

2020-03-20 14:06:20 - [TEST_STEP][PASSED] - sendKeys(findTestObject("ADMIN/Edit Text/Bespoke/Buyer Pages/Onboarding_Settings/input_FIRST NAME_first-name"), "*"): Keys '*' sent to object: 'Object Repository/ADMIN/Edit Text/Bespoke/Buyer Pages/Onboarding_Settings/input_FIRST NAME_first-name'

2020-03-20 14:06:20 - [MESSAGE][PASSED] - Keys '*' sent to object: 'Object Repository/ADMIN/Edit Text/Bespoke/Buyer Pages/Onboarding_Settings/input_FIRST NAME_first-name'

2020-03-20 14:06:20 - [TEST_STEP][PASSED] - sendKeys(findTestObject("ADMIN/Edit Text/Bespoke/Buyer Pages/Onboarding_Settings/input_LAST NAME_last-name"), "*"): Keys '*' sent to object: 'Object Repository/ADMIN/Edit Text/Bespoke/Buyer Pages/Onboarding_Settings/input_LAST NAME_last-name'

2020-03-20 14:06:20 - [MESSAGE][PASSED] - Keys '*' sent to object: 'Object Repository/ADMIN/Edit Text/Bespoke/Buyer Pages/Onboarding_Settings/input_LAST NAME_last-name'

2020-03-20 14:06:20 - [TEST_STEP][PASSED] - sendKeys(findTestObject("ADMIN/Edit Text/Bespoke/Buyer Pages/Onboarding_Settings/input_NOTIFICATION EMAIL_notification-email"), "*"): Keys '*' sent to object: 'Object Repository/ADMIN/Edit Text/Bespoke/Buyer Pages/Onboarding_Settings/input_NOTIFICATION EMAIL_notification-email'

2020-03-20 14:06:20 - [MESSAGE][PASSED] - Keys '*' sent to object: 'Object Repository/ADMIN/Edit Text/Bespoke/Buyer Pages/Onboarding_Settings/input_NOTIFICATION EMAIL_notification-email'

2020-03-20 14:06:20 - [TEST_STEP][PASSED] - sendKeys(findTestObject("ADMIN/Edit Text/Bespoke/Buyer Pages/Onboarding_Settings/input_CONTACT NUMBER_contact-number"), "*"): Keys '*' sent to object: 'Object Repository/ADMIN/Edit Text/Bespoke/Buyer Pages/Onboarding_Settings/input_CONTACT NUMBER_contact-number'

2020-03-20 14:06:21 - [MESSAGE][PASSED] - Keys '*' sent to object: 'Object Repository/ADMIN/Edit Text/Bespoke/Buyer Pages/Onboarding_Settings/input_CONTACT NUMBER_contact-number'

2020-03-20 14:06:21 - [TEST_STEP][PASSED] - sendKeys(findTestObject("ADMIN/Edit Text/Bespoke/Buyer Pages/Onboarding_Settings/input_OPENID LOGIN_open-id-login"), "*"): Keys '*' sent to object: 'Object Repository/ADMIN/Edit Text/Bespoke/Buyer Pages/Onboarding_Settings/input_OPENID LOGIN_open-id-login'

2020-03-20 14:06:21 - [MESSAGE][PASSED] - Keys '*' sent to object: 'Object Repository/ADMIN/Edit Text/Bespoke/Buyer Pages/Onboarding_Settings/input_OPENID LOGIN_open-id-login'

2020-03-20 14:06:21 - [TEST_STEP][PASSED] - sendKeys(findTestObject("ADMIN/Edit Text/Bespoke/Buyer Pages/Onboarding_Settings/input_NEXT_btn_next"), "*"): Keys '*' sent to object: 'Object Repository/ADMIN/Edit Text/Bespoke/Buyer Pages/Onboarding_Settings/input_NEXT_btn_next'

2020-03-20 14:06:21 - [MESSAGE][PASSED] - Keys '*' sent to object: 'Object Repository/ADMIN/Edit Text/Bespoke/Buyer Pages/Onboarding_Settings/input_NEXT_btn_next'

2020-03-20 14:06:21 - [TEST_STEP][PASSED] - sendKeys(findTestObject("ADMIN/Edit Text/Bespoke/Buyer Pages/Onboarding_Settings/input_ADDRESS_tab-title"), "*"): Keys '*' sent to object: 'Object Repository/ADMIN/Edit Text/Bespoke/Buyer Pages/Onboarding_Settings/input_ADDRESS_tab-title'

2020-03-20 14:06:21 - [MESSAGE][PASSED] - Keys '*' sent to object: 'Object Repository/ADMIN/Edit Text/Bespoke/Buyer Pages/Onboarding_Settings/input_ADDRESS_tab-title'

2020-03-20 14:06:21 - [TEST_STEP][PASSED] - sendKeys(findTestObject("ADMIN/Edit Text/Bespoke/Buyer Pages/Onboarding_Settings/input_NEW DELIVERY ADDRESS_new-delivery-address"), "*"): Keys '*' sent to object: 'Object Repository/ADMIN/Edit Text/Bespoke/Buyer Pages/Onboarding_Settings/input_NEW DELIVERY ADDRESS_new-delivery-address'

2020-03-20 14:06:21 - [MESSAGE][PASSED] - Keys '*' sent to object: 'Object Repository/ADMIN/Edit Text/Bespoke/Buyer Pages/Onboarding_Settings/input_NEW DELIVERY ADDRESS_new-delivery-address'

2020-03-20 14:06:21 - [TEST_STEP][PASSED] - sendKeys(findTestObject("ADMIN/Edit Text/Bespoke/Buyer Pages/Onboarding_Settings/input_ADDRESSEE FIRST NAME_addressee-first-name"), "*"): Keys '*' sent to object: 'Object Repository/ADMIN/Edit Text/Bespoke/Buyer Pages/Onboarding_Settings/input_ADDRESSEE FIRST NAME_addressee-first-name'

2020-03-20 14:06:21 - [MESSAGE][PASSED] - Keys '*' sent to object: 'Object Repository/ADMIN/Edit Text/Bespoke/Buyer Pages/Onboarding_Settings/input_ADDRESSEE FIRST NAME_addressee-first-name'

2020-03-20 14:06:21 - [TEST_STEP][PASSED] - sendKeys(findTestObject("ADMIN/Edit Text/Bespoke/Buyer Pages/Onboarding_Settings/input_ADDRESSEE LAST NAME_addressee-last-name"), "*"): Keys '*' sent to object: 'Object Repository/ADMIN/Edit Text/Bespoke/Buyer Pages/Onboarding_Settings/input_ADDRESSEE LAST NAME_addressee-last-name'

2020-03-20 14:06:21 - [MESSAGE][PASSED] - Keys '*' sent to object: 'Object Repository/ADMIN/Edit Text/Bespoke/Buyer Pages/Onboarding_Settings/input_ADDRESSEE LAST NAME_addressee-last-name'

2020-03-20 14:06:21 - [TEST_STEP][PASSED] - sendKeys(findTestObject("ADMIN/Edit Text/Bespoke/Buyer Pages/Onboarding_Settings/input_ADDRESS_address"), "*"): Keys '*' sent to object: 'Object Repository/ADMIN/Edit Text/Bespoke/Buyer Pages/Onboarding_Settings/input_ADDRESS_address'

2020-03-20 14:06:21 - [MESSAGE][PASSED] - Keys '*' sent to object: 'Object Repository/ADMIN/Edit Text/Bespoke/Buyer Pages/Onboarding_Settings/input_ADDRESS_address'

2020-03-20 14:06:21 - [TEST_STEP][PASSED] - sendKeys(findTestObject("ADMIN/Edit Text/Bespoke/Buyer Pages/Onboarding_Settings/input_COUNTRY_address-country"), "*"): Keys '*' sent to object: 'Object Repository/ADMIN/Edit Text/Bespoke/Buyer Pages/Onboarding_Settings/input_COUNTRY_address-country'

2020-03-20 14:06:22 - [MESSAGE][PASSED] - Keys '*' sent to object: 'Object Repository/ADMIN/Edit Text/Bespoke/Buyer Pages/Onboarding_Settings/input_COUNTRY_address-country'

2020-03-20 14:06:22 - [TEST_STEP][PASSED] - sendKeys(findTestObject("ADMIN/Edit Text/Bespoke/Buyer Pages/Onboarding_Settings/input_State_address-state"), "*"): Keys '*' sent to object: 'Object Repository/ADMIN/Edit Text/Bespoke/Buyer Pages/Onboarding_Settings/input_State_address-state'

2020-03-20 14:06:22 - [MESSAGE][PASSED] - Keys '*' sent to object: 'Object Repository/ADMIN/Edit Text/Bespoke/Buyer Pages/Onboarding_Settings/input_State_address-state'

2020-03-20 14:06:22 - [TEST_STEP][PASSED] - sendKeys(findTestObject("ADMIN/Edit Text/Bespoke/Buyer Pages/Onboarding_Settings/input_CITY_address-city"), "*"): Keys '*' sent to object: 'Object Repository/ADMIN/Edit Text/Bespoke/Buyer Pages/Onboarding_Settings/input_CITY_address-city'

2020-03-20 14:06:22 - [MESSAGE][PASSED] - Keys '*' sent to object: 'Object Repository/ADMIN/Edit Text/Bespoke/Buyer Pages/Onboarding_Settings/input_CITY_address-city'

2020-03-20 14:06:22 - [TEST_STEP][PASSED] - sendKeys(findTestObject("ADMIN/Edit Text/Bespoke/Buyer Pages/Onboarding_Settings/input_POSTAL CODE_address-postalcode"), "*"): Keys '*' sent to object: 'Object Repository/ADMIN/Edit Text/Bespoke/Buyer Pages/Onboarding_Settings/input_POSTAL CODE_address-postalcode'

2020-03-20 14:06:22 - [MESSAGE][PASSED] - Keys '*' sent to object: 'Object Repository/ADMIN/Edit Text/Bespoke/Buyer Pages/Onboarding_Settings/input_POSTAL CODE_address-postalcode'

2020-03-20 14:06:22 - [TEST_STEP][PASSED] - sendKeys(findTestObject("ADMIN/Edit Text/Bespoke/Buyer Pages/Onboarding_Settings/input_SELECT COUNTRY_select-country"), "*"): Keys '*' sent to object: 'Object Repository/ADMIN/Edit Text/Bespoke/Buyer Pages/Onboarding_Settings/input_SELECT COUNTRY_select-country'

2020-03-20 14:06:22 - [MESSAGE][PASSED] - Keys '*' sent to object: 'Object Repository/ADMIN/Edit Text/Bespoke/Buyer Pages/Onboarding_Settings/input_SELECT COUNTRY_select-country'

2020-03-20 14:06:22 - [TEST_STEP][PASSED] - sendKeys(findTestObject("ADMIN/Edit Text/Bespoke/Buyer Pages/Onboarding_Settings/input_Select City"), "*"): Keys '*' sent to object: 'Object Repository/ADMIN/Edit Text/Bespoke/Buyer Pages/Onboarding_Settings/input_Select City'

2020-03-20 14:06:22 - [MESSAGE][PASSED] - Keys '*' sent to object: 'Object Repository/ADMIN/Edit Text/Bespoke/Buyer Pages/Onboarding_Settings/input_Select City'

2020-03-20 14:06:22 - [TEST_STEP][PASSED] - sendKeys(findTestObject("ADMIN/Edit Text/Bespoke/Buyer Pages/Onboarding_Settings/input_ADD ADDRESS_btn_add"), "*"): Keys '*' sent to object: 'Object Repository/ADMIN/Edit Text/Bespoke/Buyer Pages/Onboarding_Settings/input_ADD ADDRESS_btn_add'

2020-03-20 14:06:22 - [MESSAGE][PASSED] - Keys '*' sent to object: 'Object Repository/ADMIN/Edit Text/Bespoke/Buyer Pages/Onboarding_Settings/input_ADD ADDRESS_btn_add'

2020-03-20 14:06:22 - [TEST_STEP][PASSED] - sendKeys(findTestObject("ADMIN/Edit Text/Bespoke/Buyer Pages/Onboarding_Settings/input_SAVED ADDRESSES_address-saved"), "*"): Keys '*' sent to object: 'Object Repository/ADMIN/Edit Text/Bespoke/Buyer Pages/Onboarding_Settings/input_SAVED ADDRESSES_address-saved'

2020-03-20 14:06:22 - [MESSAGE][PASSED] - Keys '*' sent to object: 'Object Repository/ADMIN/Edit Text/Bespoke/Buyer Pages/Onboarding_Settings/input_SAVED ADDRESSES_address-saved'

2020-03-20 14:06:22 - [TEST_STEP][PASSED] - sendKeys(findTestObject("ADMIN/Edit Text/Bespoke/Buyer Pages/Onboarding_Settings/input_SAVE_btn_next"), "*"): Keys '*' sent to object: 'Object Repository/ADMIN/Edit Text/Bespoke/Buyer Pages/Onboarding_Settings/input_SAVE_btn_next'

2020-03-20 14:06:23 - [MESSAGE][PASSED] - Keys '*' sent to object: 'Object Repository/ADMIN/Edit Text/Bespoke/Buyer Pages/Onboarding_Settings/input_SAVE_btn_next'

2020-03-20 14:06:23 - [TEST_STEP][PASSED] - sendKeys(findTestObject("ADMIN/Edit Text/Bespoke/Buyer Pages/Onboarding_Settings/input_Are you sure want to delete_popup-title"), "*"): Keys '*' sent to object: 'Object Repository/ADMIN/Edit Text/Bespoke/Buyer Pages/Onboarding_Settings/input_Are you sure want to delete_popup-title'

2020-03-20 14:06:23 - [MESSAGE][PASSED] - Keys '*' sent to object: 'Object Repository/ADMIN/Edit Text/Bespoke/Buyer Pages/Onboarding_Settings/input_Are you sure want to delete_popup-title'

2020-03-20 14:06:23 - [TEST_STEP][PASSED] - sendKeys(findTestObject("ADMIN/Edit Text/Bespoke/Buyer Pages/Onboarding_Settings/input_CANCEL_btn_cancel"), "*"): Keys '*' sent to object: 'Object Repository/ADMIN/Edit Text/Bespoke/Buyer Pages/Onboarding_Settings/input_CANCEL_btn_cancel'

2020-03-20 14:06:23 - [MESSAGE][PASSED] - Keys '*' sent to object: 'Object Repository/ADMIN/Edit Text/Bespoke/Buyer Pages/Onboarding_Settings/input_CANCEL_btn_cancel'

2020-03-20 14:06:23 - [TEST_STEP][PASSED] - sendKeys(findTestObject("ADMIN/Edit Text/Bespoke/Buyer Pages/Onboarding_Settings/input_OK_btn_okay"), "*"): Keys '*' sent to object: 'Object Repository/ADMIN/Edit Text/Bespoke/Buyer Pages/Onboarding_Settings/input_OK_btn_okay'

2020-03-20 14:06:23 - [MESSAGE][PASSED] - Keys '*' sent to object: 'Object Repository/ADMIN/Edit Text/Bespoke/Buyer Pages/Onboarding_Settings/input_OK_btn_okay'

2020-03-20 14:06:23 - [TEST_STEP][PASSED] - click(findTestObject("ADMIN/Edit Text/Bespoke/Buyer Pages/Homepage/button_save"), CONTINUE_ON_FAILURE): Object: 'Object Repository/ADMIN/Edit Text/Bespoke/Buyer Pages/Homepage/button_save' is clicked on

2020-03-20 14:06:23 - [MESSAGE][PASSED] - Object: 'Object Repository/ADMIN/Edit Text/Bespoke/Buyer Pages/Homepage/button_save' is clicked on

2020-03-20 14:06:23 - [TEST_STEP][PASSED] - waitForElementVisible(findTestObject("ADMIN/Edit Text/Bespoke/Buyer Pages/Homepage/toaster_success"), 0): Object 'Object Repository/ADMIN/Edit Text/Bespoke/Buyer Pages/Homepage/toaster_success' is visible

2020-03-20 14:06:23 - [MESSAGE][WARNING] - Timeout '0' is invalid. Using default page load timeout: '30'

2020-03-20 14:06:24 - [MESSAGE][PASSED] - Object 'Object Repository/ADMIN/Edit Text/Bespoke/Buyer Pages/Homepage/toaster_success' is visible]]></system-out>
         <system-err><![CDATA[]]></system-err>
      </testcase>
      <testcase name="Test Cases/ADMIN/Language/Edit Text/Bespoke/Buyer Pages/Onboarding_Settings" time="7.13" classname="Test Cases/ADMIN/Language/Edit Text/Bespoke/Buyer Pages/Onboarding_Settings" status="PASSED">
         <system-out><![CDATA[2020-03-20 14:06:24 - [TEST_CASE][PASSED] - Test Cases/ADMIN/Language/Edit Text/Bespoke/Buyer Pages/Onboarding_Settings: Test Cases/ADMIN/Language/Edit Text/Bespoke/Buyer Pages/Onboarding_Settings

2020-03-20 14:06:24 - [TEST_STEP][PASSED] - waitForElementVisible(findTestObject("ADMIN/Edit Text/Bespoke/Buyer Navigation/dd_language"), 0): Object 'Object Repository/ADMIN/Edit Text/Bespoke/Buyer Navigation/dd_language' is visible

2020-03-20 14:06:24 - [MESSAGE][WARNING] - Timeout '0' is invalid. Using default page load timeout: '30'

2020-03-20 14:06:24 - [MESSAGE][PASSED] - Object 'Object Repository/ADMIN/Edit Text/Bespoke/Buyer Navigation/dd_language' is visible

2020-03-20 14:06:24 - [TEST_STEP][PASSED] - selectOptionByLabel(findTestObject("ADMIN/Edit Text/Bespoke/Buyer Navigation/dd_language"), varLanguage, false): All options with label 'German' are selected in object 'Object Repository/ADMIN/Edit Text/Bespoke/Buyer Navigation/dd_language' 

2020-03-20 14:06:25 - [MESSAGE][PASSED] - All options with label 'German' are selected in object 'Object Repository/ADMIN/Edit Text/Bespoke/Buyer Navigation/dd_language' 

2020-03-20 14:06:25 - [TEST_STEP][PASSED] - sendKeys(findTestObject("ADMIN/Edit Text/Bespoke/Buyer Pages/Onboarding_Settings/input_USER SETTINGS_marketplace-name"), "*"): Keys '*' sent to object: 'Object Repository/ADMIN/Edit Text/Bespoke/Buyer Pages/Onboarding_Settings/input_USER SETTINGS_marketplace-name'

2020-03-20 14:06:25 - [MESSAGE][PASSED] - Keys '*' sent to object: 'Object Repository/ADMIN/Edit Text/Bespoke/Buyer Pages/Onboarding_Settings/input_USER SETTINGS_marketplace-name'

2020-03-20 14:06:25 - [TEST_STEP][PASSED] - sendKeys(findTestObject("ADMIN/Edit Text/Bespoke/Buyer Pages/Onboarding_Settings/input_Configure your profile and your settings here_item_details"), "*"): Keys '*' sent to object: 'Object Repository/ADMIN/Edit Text/Bespoke/Buyer Pages/Onboarding_Settings/input_Configure your profile and your settings here_item_details'

2020-03-20 14:06:25 - [MESSAGE][PASSED] - Keys '*' sent to object: 'Object Repository/ADMIN/Edit Text/Bespoke/Buyer Pages/Onboarding_Settings/input_Configure your profile and your settings here_item_details'

2020-03-20 14:06:25 - [TEST_STEP][PASSED] - sendKeys(findTestObject("ADMIN/Edit Text/Bespoke/Buyer Pages/Onboarding_Settings/input_PROFILE_tab-title"), "*"): Keys '*' sent to object: 'Object Repository/ADMIN/Edit Text/Bespoke/Buyer Pages/Onboarding_Settings/input_PROFILE_tab-title'

2020-03-20 14:06:26 - [MESSAGE][PASSED] - Keys '*' sent to object: 'Object Repository/ADMIN/Edit Text/Bespoke/Buyer Pages/Onboarding_Settings/input_PROFILE_tab-title'

2020-03-20 14:06:26 - [TEST_STEP][PASSED] - sendKeys(findTestObject("ADMIN/Edit Text/Bespoke/Buyer Pages/Onboarding_Settings/input_CHANGE_btn_upload"), "*"): Keys '*' sent to object: 'Object Repository/ADMIN/Edit Text/Bespoke/Buyer Pages/Onboarding_Settings/input_CHANGE_btn_upload'

2020-03-20 14:06:26 - [MESSAGE][PASSED] - Keys '*' sent to object: 'Object Repository/ADMIN/Edit Text/Bespoke/Buyer Pages/Onboarding_Settings/input_CHANGE_btn_upload'

2020-03-20 14:06:26 - [TEST_STEP][PASSED] - sendKeys(findTestObject("ADMIN/Edit Text/Bespoke/Buyer Pages/Onboarding_Settings/input_DISPLAY NAME_display-name"), "*"): Keys '*' sent to object: 'Object Repository/ADMIN/Edit Text/Bespoke/Buyer Pages/Onboarding_Settings/input_DISPLAY NAME_display-name'

2020-03-20 14:06:26 - [MESSAGE][PASSED] - Keys '*' sent to object: 'Object Repository/ADMIN/Edit Text/Bespoke/Buyer Pages/Onboarding_Settings/input_DISPLAY NAME_display-name'

2020-03-20 14:06:26 - [TEST_STEP][PASSED] - sendKeys(findTestObject("ADMIN/Edit Text/Bespoke/Buyer Pages/Onboarding_Settings/input_FIRST NAME_first-name"), "*"): Keys '*' sent to object: 'Object Repository/ADMIN/Edit Text/Bespoke/Buyer Pages/Onboarding_Settings/input_FIRST NAME_first-name'

2020-03-20 14:06:26 - [MESSAGE][PASSED] - Keys '*' sent to object: 'Object Repository/ADMIN/Edit Text/Bespoke/Buyer Pages/Onboarding_Settings/input_FIRST NAME_first-name'

2020-03-20 14:06:26 - [TEST_STEP][PASSED] - sendKeys(findTestObject("ADMIN/Edit Text/Bespoke/Buyer Pages/Onboarding_Settings/input_LAST NAME_last-name"), "*"): Keys '*' sent to object: 'Object Repository/ADMIN/Edit Text/Bespoke/Buyer Pages/Onboarding_Settings/input_LAST NAME_last-name'

2020-03-20 14:06:26 - [MESSAGE][PASSED] - Keys '*' sent to object: 'Object Repository/ADMIN/Edit Text/Bespoke/Buyer Pages/Onboarding_Settings/input_LAST NAME_last-name'

2020-03-20 14:06:26 - [TEST_STEP][PASSED] - sendKeys(findTestObject("ADMIN/Edit Text/Bespoke/Buyer Pages/Onboarding_Settings/input_NOTIFICATION EMAIL_notification-email"), "*"): Keys '*' sent to object: 'Object Repository/ADMIN/Edit Text/Bespoke/Buyer Pages/Onboarding_Settings/input_NOTIFICATION EMAIL_notification-email'

2020-03-20 14:06:26 - [MESSAGE][PASSED] - Keys '*' sent to object: 'Object Repository/ADMIN/Edit Text/Bespoke/Buyer Pages/Onboarding_Settings/input_NOTIFICATION EMAIL_notification-email'

2020-03-20 14:06:26 - [TEST_STEP][PASSED] - sendKeys(findTestObject("ADMIN/Edit Text/Bespoke/Buyer Pages/Onboarding_Settings/input_CONTACT NUMBER_contact-number"), "*"): Keys '*' sent to object: 'Object Repository/ADMIN/Edit Text/Bespoke/Buyer Pages/Onboarding_Settings/input_CONTACT NUMBER_contact-number'

2020-03-20 14:06:27 - [MESSAGE][PASSED] - Keys '*' sent to object: 'Object Repository/ADMIN/Edit Text/Bespoke/Buyer Pages/Onboarding_Settings/input_CONTACT NUMBER_contact-number'

2020-03-20 14:06:27 - [TEST_STEP][PASSED] - sendKeys(findTestObject("ADMIN/Edit Text/Bespoke/Buyer Pages/Onboarding_Settings/input_OPENID LOGIN_open-id-login"), "*"): Keys '*' sent to object: 'Object Repository/ADMIN/Edit Text/Bespoke/Buyer Pages/Onboarding_Settings/input_OPENID LOGIN_open-id-login'

2020-03-20 14:06:27 - [MESSAGE][PASSED] - Keys '*' sent to object: 'Object Repository/ADMIN/Edit Text/Bespoke/Buyer Pages/Onboarding_Settings/input_OPENID LOGIN_open-id-login'

2020-03-20 14:06:27 - [TEST_STEP][PASSED] - sendKeys(findTestObject("ADMIN/Edit Text/Bespoke/Buyer Pages/Onboarding_Settings/input_NEXT_btn_next"), "*"): Keys '*' sent to object: 'Object Repository/ADMIN/Edit Text/Bespoke/Buyer Pages/Onboarding_Settings/input_NEXT_btn_next'

2020-03-20 14:06:27 - [MESSAGE][PASSED] - Keys '*' sent to object: 'Object Repository/ADMIN/Edit Text/Bespoke/Buyer Pages/Onboarding_Settings/input_NEXT_btn_next'

2020-03-20 14:06:27 - [TEST_STEP][PASSED] - sendKeys(findTestObject("ADMIN/Edit Text/Bespoke/Buyer Pages/Onboarding_Settings/input_ADDRESS_tab-title"), "*"): Keys '*' sent to object: 'Object Repository/ADMIN/Edit Text/Bespoke/Buyer Pages/Onboarding_Settings/input_ADDRESS_tab-title'

2020-03-20 14:06:27 - [MESSAGE][PASSED] - Keys '*' sent to object: 'Object Repository/ADMIN/Edit Text/Bespoke/Buyer Pages/Onboarding_Settings/input_ADDRESS_tab-title'

2020-03-20 14:06:27 - [TEST_STEP][PASSED] - sendKeys(findTestObject("ADMIN/Edit Text/Bespoke/Buyer Pages/Onboarding_Settings/input_NEW DELIVERY ADDRESS_new-delivery-address"), "*"): Keys '*' sent to object: 'Object Repository/ADMIN/Edit Text/Bespoke/Buyer Pages/Onboarding_Settings/input_NEW DELIVERY ADDRESS_new-delivery-address'

2020-03-20 14:06:28 - [MESSAGE][PASSED] - Keys '*' sent to object: 'Object Repository/ADMIN/Edit Text/Bespoke/Buyer Pages/Onboarding_Settings/input_NEW DELIVERY ADDRESS_new-delivery-address'

2020-03-20 14:06:28 - [TEST_STEP][PASSED] - sendKeys(findTestObject("ADMIN/Edit Text/Bespoke/Buyer Pages/Onboarding_Settings/input_ADDRESSEE FIRST NAME_addressee-first-name"), "*"): Keys '*' sent to object: 'Object Repository/ADMIN/Edit Text/Bespoke/Buyer Pages/Onboarding_Settings/input_ADDRESSEE FIRST NAME_addressee-first-name'

2020-03-20 14:06:28 - [MESSAGE][PASSED] - Keys '*' sent to object: 'Object Repository/ADMIN/Edit Text/Bespoke/Buyer Pages/Onboarding_Settings/input_ADDRESSEE FIRST NAME_addressee-first-name'

2020-03-20 14:06:28 - [TEST_STEP][PASSED] - sendKeys(findTestObject("ADMIN/Edit Text/Bespoke/Buyer Pages/Onboarding_Settings/input_ADDRESSEE LAST NAME_addressee-last-name"), "*"): Keys '*' sent to object: 'Object Repository/ADMIN/Edit Text/Bespoke/Buyer Pages/Onboarding_Settings/input_ADDRESSEE LAST NAME_addressee-last-name'

2020-03-20 14:06:28 - [MESSAGE][PASSED] - Keys '*' sent to object: 'Object Repository/ADMIN/Edit Text/Bespoke/Buyer Pages/Onboarding_Settings/input_ADDRESSEE LAST NAME_addressee-last-name'

2020-03-20 14:06:28 - [TEST_STEP][PASSED] - sendKeys(findTestObject("ADMIN/Edit Text/Bespoke/Buyer Pages/Onboarding_Settings/input_ADDRESS_address"), "*"): Keys '*' sent to object: 'Object Repository/ADMIN/Edit Text/Bespoke/Buyer Pages/Onboarding_Settings/input_ADDRESS_address'

2020-03-20 14:06:28 - [MESSAGE][PASSED] - Keys '*' sent to object: 'Object Repository/ADMIN/Edit Text/Bespoke/Buyer Pages/Onboarding_Settings/input_ADDRESS_address'

2020-03-20 14:06:28 - [TEST_STEP][PASSED] - sendKeys(findTestObject("ADMIN/Edit Text/Bespoke/Buyer Pages/Onboarding_Settings/input_COUNTRY_address-country"), "*"): Keys '*' sent to object: 'Object Repository/ADMIN/Edit Text/Bespoke/Buyer Pages/Onboarding_Settings/input_COUNTRY_address-country'

2020-03-20 14:06:28 - [MESSAGE][PASSED] - Keys '*' sent to object: 'Object Repository/ADMIN/Edit Text/Bespoke/Buyer Pages/Onboarding_Settings/input_COUNTRY_address-country'

2020-03-20 14:06:28 - [TEST_STEP][PASSED] - sendKeys(findTestObject("ADMIN/Edit Text/Bespoke/Buyer Pages/Onboarding_Settings/input_State_address-state"), "*"): Keys '*' sent to object: 'Object Repository/ADMIN/Edit Text/Bespoke/Buyer Pages/Onboarding_Settings/input_State_address-state'

2020-03-20 14:06:28 - [MESSAGE][PASSED] - Keys '*' sent to object: 'Object Repository/ADMIN/Edit Text/Bespoke/Buyer Pages/Onboarding_Settings/input_State_address-state'

2020-03-20 14:06:28 - [TEST_STEP][PASSED] - sendKeys(findTestObject("ADMIN/Edit Text/Bespoke/Buyer Pages/Onboarding_Settings/input_CITY_address-city"), "*"): Keys '*' sent to object: 'Object Repository/ADMIN/Edit Text/Bespoke/Buyer Pages/Onboarding_Settings/input_CITY_address-city'

2020-03-20 14:06:28 - [MESSAGE][PASSED] - Keys '*' sent to object: 'Object Repository/ADMIN/Edit Text/Bespoke/Buyer Pages/Onboarding_Settings/input_CITY_address-city'

2020-03-20 14:06:28 - [TEST_STEP][PASSED] - sendKeys(findTestObject("ADMIN/Edit Text/Bespoke/Buyer Pages/Onboarding_Settings/input_POSTAL CODE_address-postalcode"), "*"): Keys '*' sent to object: 'Object Repository/ADMIN/Edit Text/Bespoke/Buyer Pages/Onboarding_Settings/input_POSTAL CODE_address-postalcode'

2020-03-20 14:06:29 - [MESSAGE][PASSED] - Keys '*' sent to object: 'Object Repository/ADMIN/Edit Text/Bespoke/Buyer Pages/Onboarding_Settings/input_POSTAL CODE_address-postalcode'

2020-03-20 14:06:29 - [TEST_STEP][PASSED] - sendKeys(findTestObject("ADMIN/Edit Text/Bespoke/Buyer Pages/Onboarding_Settings/input_SELECT COUNTRY_select-country"), "*"): Keys '*' sent to object: 'Object Repository/ADMIN/Edit Text/Bespoke/Buyer Pages/Onboarding_Settings/input_SELECT COUNTRY_select-country'

2020-03-20 14:06:29 - [MESSAGE][PASSED] - Keys '*' sent to object: 'Object Repository/ADMIN/Edit Text/Bespoke/Buyer Pages/Onboarding_Settings/input_SELECT COUNTRY_select-country'

2020-03-20 14:06:29 - [TEST_STEP][PASSED] - sendKeys(findTestObject("ADMIN/Edit Text/Bespoke/Buyer Pages/Onboarding_Settings/input_Select City"), "*"): Keys '*' sent to object: 'Object Repository/ADMIN/Edit Text/Bespoke/Buyer Pages/Onboarding_Settings/input_Select City'

2020-03-20 14:06:29 - [MESSAGE][PASSED] - Keys '*' sent to object: 'Object Repository/ADMIN/Edit Text/Bespoke/Buyer Pages/Onboarding_Settings/input_Select City'

2020-03-20 14:06:29 - [TEST_STEP][PASSED] - sendKeys(findTestObject("ADMIN/Edit Text/Bespoke/Buyer Pages/Onboarding_Settings/input_ADD ADDRESS_btn_add"), "*"): Keys '*' sent to object: 'Object Repository/ADMIN/Edit Text/Bespoke/Buyer Pages/Onboarding_Settings/input_ADD ADDRESS_btn_add'

2020-03-20 14:06:29 - [MESSAGE][PASSED] - Keys '*' sent to object: 'Object Repository/ADMIN/Edit Text/Bespoke/Buyer Pages/Onboarding_Settings/input_ADD ADDRESS_btn_add'

2020-03-20 14:06:29 - [TEST_STEP][PASSED] - sendKeys(findTestObject("ADMIN/Edit Text/Bespoke/Buyer Pages/Onboarding_Settings/input_SAVED ADDRESSES_address-saved"), "*"): Keys '*' sent to object: 'Object Repository/ADMIN/Edit Text/Bespoke/Buyer Pages/Onboarding_Settings/input_SAVED ADDRESSES_address-saved'

2020-03-20 14:06:29 - [MESSAGE][PASSED] - Keys '*' sent to object: 'Object Repository/ADMIN/Edit Text/Bespoke/Buyer Pages/Onboarding_Settings/input_SAVED ADDRESSES_address-saved'

2020-03-20 14:06:29 - [TEST_STEP][PASSED] - sendKeys(findTestObject("ADMIN/Edit Text/Bespoke/Buyer Pages/Onboarding_Settings/input_SAVE_btn_next"), "*"): Keys '*' sent to object: 'Object Repository/ADMIN/Edit Text/Bespoke/Buyer Pages/Onboarding_Settings/input_SAVE_btn_next'

2020-03-20 14:06:30 - [MESSAGE][PASSED] - Keys '*' sent to object: 'Object Repository/ADMIN/Edit Text/Bespoke/Buyer Pages/Onboarding_Settings/input_SAVE_btn_next'

2020-03-20 14:06:30 - [TEST_STEP][PASSED] - sendKeys(findTestObject("ADMIN/Edit Text/Bespoke/Buyer Pages/Onboarding_Settings/input_Are you sure want to delete_popup-title"), "*"): Keys '*' sent to object: 'Object Repository/ADMIN/Edit Text/Bespoke/Buyer Pages/Onboarding_Settings/input_Are you sure want to delete_popup-title'

2020-03-20 14:06:30 - [MESSAGE][PASSED] - Keys '*' sent to object: 'Object Repository/ADMIN/Edit Text/Bespoke/Buyer Pages/Onboarding_Settings/input_Are you sure want to delete_popup-title'

2020-03-20 14:06:30 - [TEST_STEP][PASSED] - sendKeys(findTestObject("ADMIN/Edit Text/Bespoke/Buyer Pages/Onboarding_Settings/input_CANCEL_btn_cancel"), "*"): Keys '*' sent to object: 'Object Repository/ADMIN/Edit Text/Bespoke/Buyer Pages/Onboarding_Settings/input_CANCEL_btn_cancel'

2020-03-20 14:06:30 - [MESSAGE][PASSED] - Keys '*' sent to object: 'Object Repository/ADMIN/Edit Text/Bespoke/Buyer Pages/Onboarding_Settings/input_CANCEL_btn_cancel'

2020-03-20 14:06:30 - [TEST_STEP][PASSED] - sendKeys(findTestObject("ADMIN/Edit Text/Bespoke/Buyer Pages/Onboarding_Settings/input_OK_btn_okay"), "*"): Keys '*' sent to object: 'Object Repository/ADMIN/Edit Text/Bespoke/Buyer Pages/Onboarding_Settings/input_OK_btn_okay'

2020-03-20 14:06:30 - [MESSAGE][PASSED] - Keys '*' sent to object: 'Object Repository/ADMIN/Edit Text/Bespoke/Buyer Pages/Onboarding_Settings/input_OK_btn_okay'

2020-03-20 14:06:30 - [TEST_STEP][PASSED] - click(findTestObject("ADMIN/Edit Text/Bespoke/Buyer Pages/Homepage/button_save"), CONTINUE_ON_FAILURE): Object: 'Object Repository/ADMIN/Edit Text/Bespoke/Buyer Pages/Homepage/button_save' is clicked on

2020-03-20 14:06:30 - [MESSAGE][PASSED] - Object: 'Object Repository/ADMIN/Edit Text/Bespoke/Buyer Pages/Homepage/button_save' is clicked on

2020-03-20 14:06:30 - [TEST_STEP][PASSED] - waitForElementVisible(findTestObject("ADMIN/Edit Text/Bespoke/Buyer Pages/Homepage/toaster_success"), 0): Object 'Object Repository/ADMIN/Edit Text/Bespoke/Buyer Pages/Homepage/toaster_success' is visible

2020-03-20 14:06:30 - [MESSAGE][WARNING] - Timeout '0' is invalid. Using default page load timeout: '30'

2020-03-20 14:06:31 - [MESSAGE][PASSED] - Object 'Object Repository/ADMIN/Edit Text/Bespoke/Buyer Pages/Homepage/toaster_success' is visible]]></system-out>
         <system-err><![CDATA[]]></system-err>
      </testcase>
      <testcase name="Test Cases/ADMIN/Language/Edit Text/Bespoke/Buyer Pages/Onboarding_Settings" time="6.817" classname="Test Cases/ADMIN/Language/Edit Text/Bespoke/Buyer Pages/Onboarding_Settings" status="PASSED">
         <system-out><![CDATA[2020-03-20 14:06:31 - [TEST_CASE][PASSED] - Test Cases/ADMIN/Language/Edit Text/Bespoke/Buyer Pages/Onboarding_Settings: Test Cases/ADMIN/Language/Edit Text/Bespoke/Buyer Pages/Onboarding_Settings

2020-03-20 14:06:31 - [TEST_STEP][PASSED] - waitForElementVisible(findTestObject("ADMIN/Edit Text/Bespoke/Buyer Navigation/dd_language"), 0): Object 'Object Repository/ADMIN/Edit Text/Bespoke/Buyer Navigation/dd_language' is visible

2020-03-20 14:06:31 - [MESSAGE][WARNING] - Timeout '0' is invalid. Using default page load timeout: '30'

2020-03-20 14:06:31 - [MESSAGE][PASSED] - Object 'Object Repository/ADMIN/Edit Text/Bespoke/Buyer Navigation/dd_language' is visible

2020-03-20 14:06:31 - [TEST_STEP][PASSED] - selectOptionByLabel(findTestObject("ADMIN/Edit Text/Bespoke/Buyer Navigation/dd_language"), varLanguage, false): All options with label 'Japanese' are selected in object 'Object Repository/ADMIN/Edit Text/Bespoke/Buyer Navigation/dd_language' 

2020-03-20 14:06:32 - [MESSAGE][PASSED] - All options with label 'Japanese' are selected in object 'Object Repository/ADMIN/Edit Text/Bespoke/Buyer Navigation/dd_language' 

2020-03-20 14:06:32 - [TEST_STEP][PASSED] - sendKeys(findTestObject("ADMIN/Edit Text/Bespoke/Buyer Pages/Onboarding_Settings/input_USER SETTINGS_marketplace-name"), "*"): Keys '*' sent to object: 'Object Repository/ADMIN/Edit Text/Bespoke/Buyer Pages/Onboarding_Settings/input_USER SETTINGS_marketplace-name'

2020-03-20 14:06:32 - [MESSAGE][PASSED] - Keys '*' sent to object: 'Object Repository/ADMIN/Edit Text/Bespoke/Buyer Pages/Onboarding_Settings/input_USER SETTINGS_marketplace-name'

2020-03-20 14:06:32 - [TEST_STEP][PASSED] - sendKeys(findTestObject("ADMIN/Edit Text/Bespoke/Buyer Pages/Onboarding_Settings/input_Configure your profile and your settings here_item_details"), "*"): Keys '*' sent to object: 'Object Repository/ADMIN/Edit Text/Bespoke/Buyer Pages/Onboarding_Settings/input_Configure your profile and your settings here_item_details'

2020-03-20 14:06:33 - [MESSAGE][PASSED] - Keys '*' sent to object: 'Object Repository/ADMIN/Edit Text/Bespoke/Buyer Pages/Onboarding_Settings/input_Configure your profile and your settings here_item_details'

2020-03-20 14:06:33 - [TEST_STEP][PASSED] - sendKeys(findTestObject("ADMIN/Edit Text/Bespoke/Buyer Pages/Onboarding_Settings/input_PROFILE_tab-title"), "*"): Keys '*' sent to object: 'Object Repository/ADMIN/Edit Text/Bespoke/Buyer Pages/Onboarding_Settings/input_PROFILE_tab-title'

2020-03-20 14:06:33 - [MESSAGE][PASSED] - Keys '*' sent to object: 'Object Repository/ADMIN/Edit Text/Bespoke/Buyer Pages/Onboarding_Settings/input_PROFILE_tab-title'

2020-03-20 14:06:33 - [TEST_STEP][PASSED] - sendKeys(findTestObject("ADMIN/Edit Text/Bespoke/Buyer Pages/Onboarding_Settings/input_CHANGE_btn_upload"), "*"): Keys '*' sent to object: 'Object Repository/ADMIN/Edit Text/Bespoke/Buyer Pages/Onboarding_Settings/input_CHANGE_btn_upload'

2020-03-20 14:06:33 - [MESSAGE][PASSED] - Keys '*' sent to object: 'Object Repository/ADMIN/Edit Text/Bespoke/Buyer Pages/Onboarding_Settings/input_CHANGE_btn_upload'

2020-03-20 14:06:33 - [TEST_STEP][PASSED] - sendKeys(findTestObject("ADMIN/Edit Text/Bespoke/Buyer Pages/Onboarding_Settings/input_DISPLAY NAME_display-name"), "*"): Keys '*' sent to object: 'Object Repository/ADMIN/Edit Text/Bespoke/Buyer Pages/Onboarding_Settings/input_DISPLAY NAME_display-name'

2020-03-20 14:06:33 - [MESSAGE][PASSED] - Keys '*' sent to object: 'Object Repository/ADMIN/Edit Text/Bespoke/Buyer Pages/Onboarding_Settings/input_DISPLAY NAME_display-name'

2020-03-20 14:06:33 - [TEST_STEP][PASSED] - sendKeys(findTestObject("ADMIN/Edit Text/Bespoke/Buyer Pages/Onboarding_Settings/input_FIRST NAME_first-name"), "*"): Keys '*' sent to object: 'Object Repository/ADMIN/Edit Text/Bespoke/Buyer Pages/Onboarding_Settings/input_FIRST NAME_first-name'

2020-03-20 14:06:33 - [MESSAGE][PASSED] - Keys '*' sent to object: 'Object Repository/ADMIN/Edit Text/Bespoke/Buyer Pages/Onboarding_Settings/input_FIRST NAME_first-name'

2020-03-20 14:06:33 - [TEST_STEP][PASSED] - sendKeys(findTestObject("ADMIN/Edit Text/Bespoke/Buyer Pages/Onboarding_Settings/input_LAST NAME_last-name"), "*"): Keys '*' sent to object: 'Object Repository/ADMIN/Edit Text/Bespoke/Buyer Pages/Onboarding_Settings/input_LAST NAME_last-name'

2020-03-20 14:06:33 - [MESSAGE][PASSED] - Keys '*' sent to object: 'Object Repository/ADMIN/Edit Text/Bespoke/Buyer Pages/Onboarding_Settings/input_LAST NAME_last-name'

2020-03-20 14:06:33 - [TEST_STEP][PASSED] - sendKeys(findTestObject("ADMIN/Edit Text/Bespoke/Buyer Pages/Onboarding_Settings/input_NOTIFICATION EMAIL_notification-email"), "*"): Keys '*' sent to object: 'Object Repository/ADMIN/Edit Text/Bespoke/Buyer Pages/Onboarding_Settings/input_NOTIFICATION EMAIL_notification-email'

2020-03-20 14:06:34 - [MESSAGE][PASSED] - Keys '*' sent to object: 'Object Repository/ADMIN/Edit Text/Bespoke/Buyer Pages/Onboarding_Settings/input_NOTIFICATION EMAIL_notification-email'

2020-03-20 14:06:34 - [TEST_STEP][PASSED] - sendKeys(findTestObject("ADMIN/Edit Text/Bespoke/Buyer Pages/Onboarding_Settings/input_CONTACT NUMBER_contact-number"), "*"): Keys '*' sent to object: 'Object Repository/ADMIN/Edit Text/Bespoke/Buyer Pages/Onboarding_Settings/input_CONTACT NUMBER_contact-number'

2020-03-20 14:06:34 - [MESSAGE][PASSED] - Keys '*' sent to object: 'Object Repository/ADMIN/Edit Text/Bespoke/Buyer Pages/Onboarding_Settings/input_CONTACT NUMBER_contact-number'

2020-03-20 14:06:34 - [TEST_STEP][PASSED] - sendKeys(findTestObject("ADMIN/Edit Text/Bespoke/Buyer Pages/Onboarding_Settings/input_OPENID LOGIN_open-id-login"), "*"): Keys '*' sent to object: 'Object Repository/ADMIN/Edit Text/Bespoke/Buyer Pages/Onboarding_Settings/input_OPENID LOGIN_open-id-login'

2020-03-20 14:06:34 - [MESSAGE][PASSED] - Keys '*' sent to object: 'Object Repository/ADMIN/Edit Text/Bespoke/Buyer Pages/Onboarding_Settings/input_OPENID LOGIN_open-id-login'

2020-03-20 14:06:34 - [TEST_STEP][PASSED] - sendKeys(findTestObject("ADMIN/Edit Text/Bespoke/Buyer Pages/Onboarding_Settings/input_NEXT_btn_next"), "*"): Keys '*' sent to object: 'Object Repository/ADMIN/Edit Text/Bespoke/Buyer Pages/Onboarding_Settings/input_NEXT_btn_next'

2020-03-20 14:06:34 - [MESSAGE][PASSED] - Keys '*' sent to object: 'Object Repository/ADMIN/Edit Text/Bespoke/Buyer Pages/Onboarding_Settings/input_NEXT_btn_next'

2020-03-20 14:06:34 - [TEST_STEP][PASSED] - sendKeys(findTestObject("ADMIN/Edit Text/Bespoke/Buyer Pages/Onboarding_Settings/input_ADDRESS_tab-title"), "*"): Keys '*' sent to object: 'Object Repository/ADMIN/Edit Text/Bespoke/Buyer Pages/Onboarding_Settings/input_ADDRESS_tab-title'

2020-03-20 14:06:34 - [MESSAGE][PASSED] - Keys '*' sent to object: 'Object Repository/ADMIN/Edit Text/Bespoke/Buyer Pages/Onboarding_Settings/input_ADDRESS_tab-title'

2020-03-20 14:06:34 - [TEST_STEP][PASSED] - sendKeys(findTestObject("ADMIN/Edit Text/Bespoke/Buyer Pages/Onboarding_Settings/input_NEW DELIVERY ADDRESS_new-delivery-address"), "*"): Keys '*' sent to object: 'Object Repository/ADMIN/Edit Text/Bespoke/Buyer Pages/Onboarding_Settings/input_NEW DELIVERY ADDRESS_new-delivery-address'

2020-03-20 14:06:34 - [MESSAGE][PASSED] - Keys '*' sent to object: 'Object Repository/ADMIN/Edit Text/Bespoke/Buyer Pages/Onboarding_Settings/input_NEW DELIVERY ADDRESS_new-delivery-address'

2020-03-20 14:06:34 - [TEST_STEP][PASSED] - sendKeys(findTestObject("ADMIN/Edit Text/Bespoke/Buyer Pages/Onboarding_Settings/input_ADDRESSEE FIRST NAME_addressee-first-name"), "*"): Keys '*' sent to object: 'Object Repository/ADMIN/Edit Text/Bespoke/Buyer Pages/Onboarding_Settings/input_ADDRESSEE FIRST NAME_addressee-first-name'

2020-03-20 14:06:35 - [MESSAGE][PASSED] - Keys '*' sent to object: 'Object Repository/ADMIN/Edit Text/Bespoke/Buyer Pages/Onboarding_Settings/input_ADDRESSEE FIRST NAME_addressee-first-name'

2020-03-20 14:06:35 - [TEST_STEP][PASSED] - sendKeys(findTestObject("ADMIN/Edit Text/Bespoke/Buyer Pages/Onboarding_Settings/input_ADDRESSEE LAST NAME_addressee-last-name"), "*"): Keys '*' sent to object: 'Object Repository/ADMIN/Edit Text/Bespoke/Buyer Pages/Onboarding_Settings/input_ADDRESSEE LAST NAME_addressee-last-name'

2020-03-20 14:06:35 - [MESSAGE][PASSED] - Keys '*' sent to object: 'Object Repository/ADMIN/Edit Text/Bespoke/Buyer Pages/Onboarding_Settings/input_ADDRESSEE LAST NAME_addressee-last-name'

2020-03-20 14:06:35 - [TEST_STEP][PASSED] - sendKeys(findTestObject("ADMIN/Edit Text/Bespoke/Buyer Pages/Onboarding_Settings/input_ADDRESS_address"), "*"): Keys '*' sent to object: 'Object Repository/ADMIN/Edit Text/Bespoke/Buyer Pages/Onboarding_Settings/input_ADDRESS_address'

2020-03-20 14:06:35 - [MESSAGE][PASSED] - Keys '*' sent to object: 'Object Repository/ADMIN/Edit Text/Bespoke/Buyer Pages/Onboarding_Settings/input_ADDRESS_address'

2020-03-20 14:06:35 - [TEST_STEP][PASSED] - sendKeys(findTestObject("ADMIN/Edit Text/Bespoke/Buyer Pages/Onboarding_Settings/input_COUNTRY_address-country"), "*"): Keys '*' sent to object: 'Object Repository/ADMIN/Edit Text/Bespoke/Buyer Pages/Onboarding_Settings/input_COUNTRY_address-country'

2020-03-20 14:06:35 - [MESSAGE][PASSED] - Keys '*' sent to object: 'Object Repository/ADMIN/Edit Text/Bespoke/Buyer Pages/Onboarding_Settings/input_COUNTRY_address-country'

2020-03-20 14:06:35 - [TEST_STEP][PASSED] - sendKeys(findTestObject("ADMIN/Edit Text/Bespoke/Buyer Pages/Onboarding_Settings/input_State_address-state"), "*"): Keys '*' sent to object: 'Object Repository/ADMIN/Edit Text/Bespoke/Buyer Pages/Onboarding_Settings/input_State_address-state'

2020-03-20 14:06:35 - [MESSAGE][PASSED] - Keys '*' sent to object: 'Object Repository/ADMIN/Edit Text/Bespoke/Buyer Pages/Onboarding_Settings/input_State_address-state'

2020-03-20 14:06:35 - [TEST_STEP][PASSED] - sendKeys(findTestObject("ADMIN/Edit Text/Bespoke/Buyer Pages/Onboarding_Settings/input_CITY_address-city"), "*"): Keys '*' sent to object: 'Object Repository/ADMIN/Edit Text/Bespoke/Buyer Pages/Onboarding_Settings/input_CITY_address-city'

2020-03-20 14:06:35 - [MESSAGE][PASSED] - Keys '*' sent to object: 'Object Repository/ADMIN/Edit Text/Bespoke/Buyer Pages/Onboarding_Settings/input_CITY_address-city'

2020-03-20 14:06:35 - [TEST_STEP][PASSED] - sendKeys(findTestObject("ADMIN/Edit Text/Bespoke/Buyer Pages/Onboarding_Settings/input_POSTAL CODE_address-postalcode"), "*"): Keys '*' sent to object: 'Object Repository/ADMIN/Edit Text/Bespoke/Buyer Pages/Onboarding_Settings/input_POSTAL CODE_address-postalcode'

2020-03-20 14:06:36 - [MESSAGE][PASSED] - Keys '*' sent to object: 'Object Repository/ADMIN/Edit Text/Bespoke/Buyer Pages/Onboarding_Settings/input_POSTAL CODE_address-postalcode'

2020-03-20 14:06:36 - [TEST_STEP][PASSED] - sendKeys(findTestObject("ADMIN/Edit Text/Bespoke/Buyer Pages/Onboarding_Settings/input_SELECT COUNTRY_select-country"), "*"): Keys '*' sent to object: 'Object Repository/ADMIN/Edit Text/Bespoke/Buyer Pages/Onboarding_Settings/input_SELECT COUNTRY_select-country'

2020-03-20 14:06:36 - [MESSAGE][PASSED] - Keys '*' sent to object: 'Object Repository/ADMIN/Edit Text/Bespoke/Buyer Pages/Onboarding_Settings/input_SELECT COUNTRY_select-country'

2020-03-20 14:06:36 - [TEST_STEP][PASSED] - sendKeys(findTestObject("ADMIN/Edit Text/Bespoke/Buyer Pages/Onboarding_Settings/input_Select City"), "*"): Keys '*' sent to object: 'Object Repository/ADMIN/Edit Text/Bespoke/Buyer Pages/Onboarding_Settings/input_Select City'

2020-03-20 14:06:36 - [MESSAGE][PASSED] - Keys '*' sent to object: 'Object Repository/ADMIN/Edit Text/Bespoke/Buyer Pages/Onboarding_Settings/input_Select City'

2020-03-20 14:06:36 - [TEST_STEP][PASSED] - sendKeys(findTestObject("ADMIN/Edit Text/Bespoke/Buyer Pages/Onboarding_Settings/input_ADD ADDRESS_btn_add"), "*"): Keys '*' sent to object: 'Object Repository/ADMIN/Edit Text/Bespoke/Buyer Pages/Onboarding_Settings/input_ADD ADDRESS_btn_add'

2020-03-20 14:06:36 - [MESSAGE][PASSED] - Keys '*' sent to object: 'Object Repository/ADMIN/Edit Text/Bespoke/Buyer Pages/Onboarding_Settings/input_ADD ADDRESS_btn_add'

2020-03-20 14:06:36 - [TEST_STEP][PASSED] - sendKeys(findTestObject("ADMIN/Edit Text/Bespoke/Buyer Pages/Onboarding_Settings/input_SAVED ADDRESSES_address-saved"), "*"): Keys '*' sent to object: 'Object Repository/ADMIN/Edit Text/Bespoke/Buyer Pages/Onboarding_Settings/input_SAVED ADDRESSES_address-saved'

2020-03-20 14:06:36 - [MESSAGE][PASSED] - Keys '*' sent to object: 'Object Repository/ADMIN/Edit Text/Bespoke/Buyer Pages/Onboarding_Settings/input_SAVED ADDRESSES_address-saved'

2020-03-20 14:06:36 - [TEST_STEP][PASSED] - sendKeys(findTestObject("ADMIN/Edit Text/Bespoke/Buyer Pages/Onboarding_Settings/input_SAVE_btn_next"), "*"): Keys '*' sent to object: 'Object Repository/ADMIN/Edit Text/Bespoke/Buyer Pages/Onboarding_Settings/input_SAVE_btn_next'

2020-03-20 14:06:36 - [MESSAGE][PASSED] - Keys '*' sent to object: 'Object Repository/ADMIN/Edit Text/Bespoke/Buyer Pages/Onboarding_Settings/input_SAVE_btn_next'

2020-03-20 14:06:36 - [TEST_STEP][PASSED] - sendKeys(findTestObject("ADMIN/Edit Text/Bespoke/Buyer Pages/Onboarding_Settings/input_Are you sure want to delete_popup-title"), "*"): Keys '*' sent to object: 'Object Repository/ADMIN/Edit Text/Bespoke/Buyer Pages/Onboarding_Settings/input_Are you sure want to delete_popup-title'

2020-03-20 14:06:37 - [MESSAGE][PASSED] - Keys '*' sent to object: 'Object Repository/ADMIN/Edit Text/Bespoke/Buyer Pages/Onboarding_Settings/input_Are you sure want to delete_popup-title'

2020-03-20 14:06:37 - [TEST_STEP][PASSED] - sendKeys(findTestObject("ADMIN/Edit Text/Bespoke/Buyer Pages/Onboarding_Settings/input_CANCEL_btn_cancel"), "*"): Keys '*' sent to object: 'Object Repository/ADMIN/Edit Text/Bespoke/Buyer Pages/Onboarding_Settings/input_CANCEL_btn_cancel'

2020-03-20 14:06:37 - [MESSAGE][PASSED] - Keys '*' sent to object: 'Object Repository/ADMIN/Edit Text/Bespoke/Buyer Pages/Onboarding_Settings/input_CANCEL_btn_cancel'

2020-03-20 14:06:37 - [TEST_STEP][PASSED] - sendKeys(findTestObject("ADMIN/Edit Text/Bespoke/Buyer Pages/Onboarding_Settings/input_OK_btn_okay"), "*"): Keys '*' sent to object: 'Object Repository/ADMIN/Edit Text/Bespoke/Buyer Pages/Onboarding_Settings/input_OK_btn_okay'

2020-03-20 14:06:37 - [MESSAGE][PASSED] - Keys '*' sent to object: 'Object Repository/ADMIN/Edit Text/Bespoke/Buyer Pages/Onboarding_Settings/input_OK_btn_okay'

2020-03-20 14:06:37 - [TEST_STEP][PASSED] - click(findTestObject("ADMIN/Edit Text/Bespoke/Buyer Pages/Homepage/button_save"), CONTINUE_ON_FAILURE): Object: 'Object Repository/ADMIN/Edit Text/Bespoke/Buyer Pages/Homepage/button_save' is clicked on

2020-03-20 14:06:37 - [MESSAGE][PASSED] - Object: 'Object Repository/ADMIN/Edit Text/Bespoke/Buyer Pages/Homepage/button_save' is clicked on

2020-03-20 14:06:37 - [TEST_STEP][PASSED] - waitForElementVisible(findTestObject("ADMIN/Edit Text/Bespoke/Buyer Pages/Homepage/toaster_success"), 0): Object 'Object Repository/ADMIN/Edit Text/Bespoke/Buyer Pages/Homepage/toaster_success' is visible

2020-03-20 14:06:37 - [MESSAGE][WARNING] - Timeout '0' is invalid. Using default page load timeout: '30'

2020-03-20 14:06:38 - [MESSAGE][PASSED] - Object 'Object Repository/ADMIN/Edit Text/Bespoke/Buyer Pages/Homepage/toaster_success' is visible]]></system-out>
         <system-err><![CDATA[]]></system-err>
      </testcase>
      <testcase name="Test Cases/ADMIN/Language/Edit Text/Bespoke/Buyer Pages/Onboarding_Settings" time="6.501" classname="Test Cases/ADMIN/Language/Edit Text/Bespoke/Buyer Pages/Onboarding_Settings" status="PASSED">
         <system-out><![CDATA[2020-03-20 14:06:38 - [TEST_CASE][PASSED] - Test Cases/ADMIN/Language/Edit Text/Bespoke/Buyer Pages/Onboarding_Settings: Test Cases/ADMIN/Language/Edit Text/Bespoke/Buyer Pages/Onboarding_Settings

2020-03-20 14:06:38 - [TEST_STEP][PASSED] - waitForElementVisible(findTestObject("ADMIN/Edit Text/Bespoke/Buyer Navigation/dd_language"), 0): Object 'Object Repository/ADMIN/Edit Text/Bespoke/Buyer Navigation/dd_language' is visible

2020-03-20 14:06:38 - [MESSAGE][WARNING] - Timeout '0' is invalid. Using default page load timeout: '30'

2020-03-20 14:06:38 - [MESSAGE][PASSED] - Object 'Object Repository/ADMIN/Edit Text/Bespoke/Buyer Navigation/dd_language' is visible

2020-03-20 14:06:38 - [TEST_STEP][PASSED] - selectOptionByLabel(findTestObject("ADMIN/Edit Text/Bespoke/Buyer Navigation/dd_language"), varLanguage, false): All options with label 'Chinese (Traditional)' are selected in object 'Object Repository/ADMIN/Edit Text/Bespoke/Buyer Navigation/dd_language' 

2020-03-20 14:06:39 - [MESSAGE][PASSED] - All options with label 'Chinese (Traditional)' are selected in object 'Object Repository/ADMIN/Edit Text/Bespoke/Buyer Navigation/dd_language' 

2020-03-20 14:06:39 - [TEST_STEP][PASSED] - sendKeys(findTestObject("ADMIN/Edit Text/Bespoke/Buyer Pages/Onboarding_Settings/input_USER SETTINGS_marketplace-name"), "*"): Keys '*' sent to object: 'Object Repository/ADMIN/Edit Text/Bespoke/Buyer Pages/Onboarding_Settings/input_USER SETTINGS_marketplace-name'

2020-03-20 14:06:39 - [MESSAGE][PASSED] - Keys '*' sent to object: 'Object Repository/ADMIN/Edit Text/Bespoke/Buyer Pages/Onboarding_Settings/input_USER SETTINGS_marketplace-name'

2020-03-20 14:06:39 - [TEST_STEP][PASSED] - sendKeys(findTestObject("ADMIN/Edit Text/Bespoke/Buyer Pages/Onboarding_Settings/input_Configure your profile and your settings here_item_details"), "*"): Keys '*' sent to object: 'Object Repository/ADMIN/Edit Text/Bespoke/Buyer Pages/Onboarding_Settings/input_Configure your profile and your settings here_item_details'

2020-03-20 14:06:39 - [MESSAGE][PASSED] - Keys '*' sent to object: 'Object Repository/ADMIN/Edit Text/Bespoke/Buyer Pages/Onboarding_Settings/input_Configure your profile and your settings here_item_details'

2020-03-20 14:06:39 - [TEST_STEP][PASSED] - sendKeys(findTestObject("ADMIN/Edit Text/Bespoke/Buyer Pages/Onboarding_Settings/input_PROFILE_tab-title"), "*"): Keys '*' sent to object: 'Object Repository/ADMIN/Edit Text/Bespoke/Buyer Pages/Onboarding_Settings/input_PROFILE_tab-title'

2020-03-20 14:06:40 - [MESSAGE][PASSED] - Keys '*' sent to object: 'Object Repository/ADMIN/Edit Text/Bespoke/Buyer Pages/Onboarding_Settings/input_PROFILE_tab-title'

2020-03-20 14:06:40 - [TEST_STEP][PASSED] - sendKeys(findTestObject("ADMIN/Edit Text/Bespoke/Buyer Pages/Onboarding_Settings/input_CHANGE_btn_upload"), "*"): Keys '*' sent to object: 'Object Repository/ADMIN/Edit Text/Bespoke/Buyer Pages/Onboarding_Settings/input_CHANGE_btn_upload'

2020-03-20 14:06:40 - [MESSAGE][PASSED] - Keys '*' sent to object: 'Object Repository/ADMIN/Edit Text/Bespoke/Buyer Pages/Onboarding_Settings/input_CHANGE_btn_upload'

2020-03-20 14:06:40 - [TEST_STEP][PASSED] - sendKeys(findTestObject("ADMIN/Edit Text/Bespoke/Buyer Pages/Onboarding_Settings/input_DISPLAY NAME_display-name"), "*"): Keys '*' sent to object: 'Object Repository/ADMIN/Edit Text/Bespoke/Buyer Pages/Onboarding_Settings/input_DISPLAY NAME_display-name'

2020-03-20 14:06:40 - [MESSAGE][PASSED] - Keys '*' sent to object: 'Object Repository/ADMIN/Edit Text/Bespoke/Buyer Pages/Onboarding_Settings/input_DISPLAY NAME_display-name'

2020-03-20 14:06:40 - [TEST_STEP][PASSED] - sendKeys(findTestObject("ADMIN/Edit Text/Bespoke/Buyer Pages/Onboarding_Settings/input_FIRST NAME_first-name"), "*"): Keys '*' sent to object: 'Object Repository/ADMIN/Edit Text/Bespoke/Buyer Pages/Onboarding_Settings/input_FIRST NAME_first-name'

2020-03-20 14:06:40 - [MESSAGE][PASSED] - Keys '*' sent to object: 'Object Repository/ADMIN/Edit Text/Bespoke/Buyer Pages/Onboarding_Settings/input_FIRST NAME_first-name'

2020-03-20 14:06:40 - [TEST_STEP][PASSED] - sendKeys(findTestObject("ADMIN/Edit Text/Bespoke/Buyer Pages/Onboarding_Settings/input_LAST NAME_last-name"), "*"): Keys '*' sent to object: 'Object Repository/ADMIN/Edit Text/Bespoke/Buyer Pages/Onboarding_Settings/input_LAST NAME_last-name'

2020-03-20 14:06:40 - [MESSAGE][PASSED] - Keys '*' sent to object: 'Object Repository/ADMIN/Edit Text/Bespoke/Buyer Pages/Onboarding_Settings/input_LAST NAME_last-name'

2020-03-20 14:06:40 - [TEST_STEP][PASSED] - sendKeys(findTestObject("ADMIN/Edit Text/Bespoke/Buyer Pages/Onboarding_Settings/input_NOTIFICATION EMAIL_notification-email"), "*"): Keys '*' sent to object: 'Object Repository/ADMIN/Edit Text/Bespoke/Buyer Pages/Onboarding_Settings/input_NOTIFICATION EMAIL_notification-email'

2020-03-20 14:06:41 - [MESSAGE][PASSED] - Keys '*' sent to object: 'Object Repository/ADMIN/Edit Text/Bespoke/Buyer Pages/Onboarding_Settings/input_NOTIFICATION EMAIL_notification-email'

2020-03-20 14:06:41 - [TEST_STEP][PASSED] - sendKeys(findTestObject("ADMIN/Edit Text/Bespoke/Buyer Pages/Onboarding_Settings/input_CONTACT NUMBER_contact-number"), "*"): Keys '*' sent to object: 'Object Repository/ADMIN/Edit Text/Bespoke/Buyer Pages/Onboarding_Settings/input_CONTACT NUMBER_contact-number'

2020-03-20 14:06:41 - [MESSAGE][PASSED] - Keys '*' sent to object: 'Object Repository/ADMIN/Edit Text/Bespoke/Buyer Pages/Onboarding_Settings/input_CONTACT NUMBER_contact-number'

2020-03-20 14:06:41 - [TEST_STEP][PASSED] - sendKeys(findTestObject("ADMIN/Edit Text/Bespoke/Buyer Pages/Onboarding_Settings/input_OPENID LOGIN_open-id-login"), "*"): Keys '*' sent to object: 'Object Repository/ADMIN/Edit Text/Bespoke/Buyer Pages/Onboarding_Settings/input_OPENID LOGIN_open-id-login'

2020-03-20 14:06:41 - [MESSAGE][PASSED] - Keys '*' sent to object: 'Object Repository/ADMIN/Edit Text/Bespoke/Buyer Pages/Onboarding_Settings/input_OPENID LOGIN_open-id-login'

2020-03-20 14:06:41 - [TEST_STEP][PASSED] - sendKeys(findTestObject("ADMIN/Edit Text/Bespoke/Buyer Pages/Onboarding_Settings/input_NEXT_btn_next"), "*"): Keys '*' sent to object: 'Object Repository/ADMIN/Edit Text/Bespoke/Buyer Pages/Onboarding_Settings/input_NEXT_btn_next'

2020-03-20 14:06:41 - [MESSAGE][PASSED] - Keys '*' sent to object: 'Object Repository/ADMIN/Edit Text/Bespoke/Buyer Pages/Onboarding_Settings/input_NEXT_btn_next'

2020-03-20 14:06:41 - [TEST_STEP][PASSED] - sendKeys(findTestObject("ADMIN/Edit Text/Bespoke/Buyer Pages/Onboarding_Settings/input_ADDRESS_tab-title"), "*"): Keys '*' sent to object: 'Object Repository/ADMIN/Edit Text/Bespoke/Buyer Pages/Onboarding_Settings/input_ADDRESS_tab-title'

2020-03-20 14:06:41 - [MESSAGE][PASSED] - Keys '*' sent to object: 'Object Repository/ADMIN/Edit Text/Bespoke/Buyer Pages/Onboarding_Settings/input_ADDRESS_tab-title'

2020-03-20 14:06:41 - [TEST_STEP][PASSED] - sendKeys(findTestObject("ADMIN/Edit Text/Bespoke/Buyer Pages/Onboarding_Settings/input_NEW DELIVERY ADDRESS_new-delivery-address"), "*"): Keys '*' sent to object: 'Object Repository/ADMIN/Edit Text/Bespoke/Buyer Pages/Onboarding_Settings/input_NEW DELIVERY ADDRESS_new-delivery-address'

2020-03-20 14:06:41 - [MESSAGE][PASSED] - Keys '*' sent to object: 'Object Repository/ADMIN/Edit Text/Bespoke/Buyer Pages/Onboarding_Settings/input_NEW DELIVERY ADDRESS_new-delivery-address'

2020-03-20 14:06:41 - [TEST_STEP][PASSED] - sendKeys(findTestObject("ADMIN/Edit Text/Bespoke/Buyer Pages/Onboarding_Settings/input_ADDRESSEE FIRST NAME_addressee-first-name"), "*"): Keys '*' sent to object: 'Object Repository/ADMIN/Edit Text/Bespoke/Buyer Pages/Onboarding_Settings/input_ADDRESSEE FIRST NAME_addressee-first-name'

2020-03-20 14:06:41 - [MESSAGE][PASSED] - Keys '*' sent to object: 'Object Repository/ADMIN/Edit Text/Bespoke/Buyer Pages/Onboarding_Settings/input_ADDRESSEE FIRST NAME_addressee-first-name'

2020-03-20 14:06:41 - [TEST_STEP][PASSED] - sendKeys(findTestObject("ADMIN/Edit Text/Bespoke/Buyer Pages/Onboarding_Settings/input_ADDRESSEE LAST NAME_addressee-last-name"), "*"): Keys '*' sent to object: 'Object Repository/ADMIN/Edit Text/Bespoke/Buyer Pages/Onboarding_Settings/input_ADDRESSEE LAST NAME_addressee-last-name'

2020-03-20 14:06:41 - [MESSAGE][PASSED] - Keys '*' sent to object: 'Object Repository/ADMIN/Edit Text/Bespoke/Buyer Pages/Onboarding_Settings/input_ADDRESSEE LAST NAME_addressee-last-name'

2020-03-20 14:06:41 - [TEST_STEP][PASSED] - sendKeys(findTestObject("ADMIN/Edit Text/Bespoke/Buyer Pages/Onboarding_Settings/input_ADDRESS_address"), "*"): Keys '*' sent to object: 'Object Repository/ADMIN/Edit Text/Bespoke/Buyer Pages/Onboarding_Settings/input_ADDRESS_address'

2020-03-20 14:06:42 - [MESSAGE][PASSED] - Keys '*' sent to object: 'Object Repository/ADMIN/Edit Text/Bespoke/Buyer Pages/Onboarding_Settings/input_ADDRESS_address'

2020-03-20 14:06:42 - [TEST_STEP][PASSED] - sendKeys(findTestObject("ADMIN/Edit Text/Bespoke/Buyer Pages/Onboarding_Settings/input_COUNTRY_address-country"), "*"): Keys '*' sent to object: 'Object Repository/ADMIN/Edit Text/Bespoke/Buyer Pages/Onboarding_Settings/input_COUNTRY_address-country'

2020-03-20 14:06:42 - [MESSAGE][PASSED] - Keys '*' sent to object: 'Object Repository/ADMIN/Edit Text/Bespoke/Buyer Pages/Onboarding_Settings/input_COUNTRY_address-country'

2020-03-20 14:06:42 - [TEST_STEP][PASSED] - sendKeys(findTestObject("ADMIN/Edit Text/Bespoke/Buyer Pages/Onboarding_Settings/input_State_address-state"), "*"): Keys '*' sent to object: 'Object Repository/ADMIN/Edit Text/Bespoke/Buyer Pages/Onboarding_Settings/input_State_address-state'

2020-03-20 14:06:42 - [MESSAGE][PASSED] - Keys '*' sent to object: 'Object Repository/ADMIN/Edit Text/Bespoke/Buyer Pages/Onboarding_Settings/input_State_address-state'

2020-03-20 14:06:42 - [TEST_STEP][PASSED] - sendKeys(findTestObject("ADMIN/Edit Text/Bespoke/Buyer Pages/Onboarding_Settings/input_CITY_address-city"), "*"): Keys '*' sent to object: 'Object Repository/ADMIN/Edit Text/Bespoke/Buyer Pages/Onboarding_Settings/input_CITY_address-city'

2020-03-20 14:06:42 - [MESSAGE][PASSED] - Keys '*' sent to object: 'Object Repository/ADMIN/Edit Text/Bespoke/Buyer Pages/Onboarding_Settings/input_CITY_address-city'

2020-03-20 14:06:42 - [TEST_STEP][PASSED] - sendKeys(findTestObject("ADMIN/Edit Text/Bespoke/Buyer Pages/Onboarding_Settings/input_POSTAL CODE_address-postalcode"), "*"): Keys '*' sent to object: 'Object Repository/ADMIN/Edit Text/Bespoke/Buyer Pages/Onboarding_Settings/input_POSTAL CODE_address-postalcode'

2020-03-20 14:06:42 - [MESSAGE][PASSED] - Keys '*' sent to object: 'Object Repository/ADMIN/Edit Text/Bespoke/Buyer Pages/Onboarding_Settings/input_POSTAL CODE_address-postalcode'

2020-03-20 14:06:42 - [TEST_STEP][PASSED] - sendKeys(findTestObject("ADMIN/Edit Text/Bespoke/Buyer Pages/Onboarding_Settings/input_SELECT COUNTRY_select-country"), "*"): Keys '*' sent to object: 'Object Repository/ADMIN/Edit Text/Bespoke/Buyer Pages/Onboarding_Settings/input_SELECT COUNTRY_select-country'

2020-03-20 14:06:42 - [MESSAGE][PASSED] - Keys '*' sent to object: 'Object Repository/ADMIN/Edit Text/Bespoke/Buyer Pages/Onboarding_Settings/input_SELECT COUNTRY_select-country'

2020-03-20 14:06:42 - [TEST_STEP][PASSED] - sendKeys(findTestObject("ADMIN/Edit Text/Bespoke/Buyer Pages/Onboarding_Settings/input_Select City"), "*"): Keys '*' sent to object: 'Object Repository/ADMIN/Edit Text/Bespoke/Buyer Pages/Onboarding_Settings/input_Select City'

2020-03-20 14:06:42 - [MESSAGE][PASSED] - Keys '*' sent to object: 'Object Repository/ADMIN/Edit Text/Bespoke/Buyer Pages/Onboarding_Settings/input_Select City'

2020-03-20 14:06:42 - [TEST_STEP][PASSED] - sendKeys(findTestObject("ADMIN/Edit Text/Bespoke/Buyer Pages/Onboarding_Settings/input_ADD ADDRESS_btn_add"), "*"): Keys '*' sent to object: 'Object Repository/ADMIN/Edit Text/Bespoke/Buyer Pages/Onboarding_Settings/input_ADD ADDRESS_btn_add'

2020-03-20 14:06:43 - [MESSAGE][PASSED] - Keys '*' sent to object: 'Object Repository/ADMIN/Edit Text/Bespoke/Buyer Pages/Onboarding_Settings/input_ADD ADDRESS_btn_add'

2020-03-20 14:06:43 - [TEST_STEP][PASSED] - sendKeys(findTestObject("ADMIN/Edit Text/Bespoke/Buyer Pages/Onboarding_Settings/input_SAVED ADDRESSES_address-saved"), "*"): Keys '*' sent to object: 'Object Repository/ADMIN/Edit Text/Bespoke/Buyer Pages/Onboarding_Settings/input_SAVED ADDRESSES_address-saved'

2020-03-20 14:06:43 - [MESSAGE][PASSED] - Keys '*' sent to object: 'Object Repository/ADMIN/Edit Text/Bespoke/Buyer Pages/Onboarding_Settings/input_SAVED ADDRESSES_address-saved'

2020-03-20 14:06:43 - [TEST_STEP][PASSED] - sendKeys(findTestObject("ADMIN/Edit Text/Bespoke/Buyer Pages/Onboarding_Settings/input_SAVE_btn_next"), "*"): Keys '*' sent to object: 'Object Repository/ADMIN/Edit Text/Bespoke/Buyer Pages/Onboarding_Settings/input_SAVE_btn_next'

2020-03-20 14:06:43 - [MESSAGE][PASSED] - Keys '*' sent to object: 'Object Repository/ADMIN/Edit Text/Bespoke/Buyer Pages/Onboarding_Settings/input_SAVE_btn_next'

2020-03-20 14:06:43 - [TEST_STEP][PASSED] - sendKeys(findTestObject("ADMIN/Edit Text/Bespoke/Buyer Pages/Onboarding_Settings/input_Are you sure want to delete_popup-title"), "*"): Keys '*' sent to object: 'Object Repository/ADMIN/Edit Text/Bespoke/Buyer Pages/Onboarding_Settings/input_Are you sure want to delete_popup-title'

2020-03-20 14:06:43 - [MESSAGE][PASSED] - Keys '*' sent to object: 'Object Repository/ADMIN/Edit Text/Bespoke/Buyer Pages/Onboarding_Settings/input_Are you sure want to delete_popup-title'

2020-03-20 14:06:43 - [TEST_STEP][PASSED] - sendKeys(findTestObject("ADMIN/Edit Text/Bespoke/Buyer Pages/Onboarding_Settings/input_CANCEL_btn_cancel"), "*"): Keys '*' sent to object: 'Object Repository/ADMIN/Edit Text/Bespoke/Buyer Pages/Onboarding_Settings/input_CANCEL_btn_cancel'

2020-03-20 14:06:43 - [MESSAGE][PASSED] - Keys '*' sent to object: 'Object Repository/ADMIN/Edit Text/Bespoke/Buyer Pages/Onboarding_Settings/input_CANCEL_btn_cancel'

2020-03-20 14:06:43 - [TEST_STEP][PASSED] - sendKeys(findTestObject("ADMIN/Edit Text/Bespoke/Buyer Pages/Onboarding_Settings/input_OK_btn_okay"), "*"): Keys '*' sent to object: 'Object Repository/ADMIN/Edit Text/Bespoke/Buyer Pages/Onboarding_Settings/input_OK_btn_okay'

2020-03-20 14:06:43 - [MESSAGE][PASSED] - Keys '*' sent to object: 'Object Repository/ADMIN/Edit Text/Bespoke/Buyer Pages/Onboarding_Settings/input_OK_btn_okay'

2020-03-20 14:06:43 - [TEST_STEP][PASSED] - click(findTestObject("ADMIN/Edit Text/Bespoke/Buyer Pages/Homepage/button_save"), CONTINUE_ON_FAILURE): Object: 'Object Repository/ADMIN/Edit Text/Bespoke/Buyer Pages/Homepage/button_save' is clicked on

2020-03-20 14:06:44 - [MESSAGE][PASSED] - Object: 'Object Repository/ADMIN/Edit Text/Bespoke/Buyer Pages/Homepage/button_save' is clicked on

2020-03-20 14:06:44 - [TEST_STEP][PASSED] - waitForElementVisible(findTestObject("ADMIN/Edit Text/Bespoke/Buyer Pages/Homepage/toaster_success"), 0): Object 'Object Repository/ADMIN/Edit Text/Bespoke/Buyer Pages/Homepage/toaster_success' is visible

2020-03-20 14:06:44 - [MESSAGE][WARNING] - Timeout '0' is invalid. Using default page load timeout: '30'

2020-03-20 14:06:44 - [MESSAGE][PASSED] - Object 'Object Repository/ADMIN/Edit Text/Bespoke/Buyer Pages/Homepage/toaster_success' is visible]]></system-out>
         <system-err><![CDATA[]]></system-err>
      </testcase>
      <testcase name="Test Cases/ADMIN/Language/Edit Text/Bespoke/Buyer Pages/Onboarding_Settings" time="6.754" classname="Test Cases/ADMIN/Language/Edit Text/Bespoke/Buyer Pages/Onboarding_Settings" status="PASSED">
         <system-out><![CDATA[2020-03-20 14:06:44 - [TEST_CASE][PASSED] - Test Cases/ADMIN/Language/Edit Text/Bespoke/Buyer Pages/Onboarding_Settings: Test Cases/ADMIN/Language/Edit Text/Bespoke/Buyer Pages/Onboarding_Settings

2020-03-20 14:06:44 - [TEST_STEP][PASSED] - waitForElementVisible(findTestObject("ADMIN/Edit Text/Bespoke/Buyer Navigation/dd_language"), 0): Object 'Object Repository/ADMIN/Edit Text/Bespoke/Buyer Navigation/dd_language' is visible

2020-03-20 14:06:44 - [MESSAGE][WARNING] - Timeout '0' is invalid. Using default page load timeout: '30'

2020-03-20 14:06:45 - [MESSAGE][PASSED] - Object 'Object Repository/ADMIN/Edit Text/Bespoke/Buyer Navigation/dd_language' is visible

2020-03-20 14:06:45 - [TEST_STEP][PASSED] - selectOptionByLabel(findTestObject("ADMIN/Edit Text/Bespoke/Buyer Navigation/dd_language"), varLanguage, false): All options with label 'Portuguese' are selected in object 'Object Repository/ADMIN/Edit Text/Bespoke/Buyer Navigation/dd_language' 

2020-03-20 14:06:46 - [MESSAGE][PASSED] - All options with label 'Portuguese' are selected in object 'Object Repository/ADMIN/Edit Text/Bespoke/Buyer Navigation/dd_language' 

2020-03-20 14:06:46 - [TEST_STEP][PASSED] - sendKeys(findTestObject("ADMIN/Edit Text/Bespoke/Buyer Pages/Onboarding_Settings/input_USER SETTINGS_marketplace-name"), "*"): Keys '*' sent to object: 'Object Repository/ADMIN/Edit Text/Bespoke/Buyer Pages/Onboarding_Settings/input_USER SETTINGS_marketplace-name'

2020-03-20 14:06:46 - [MESSAGE][PASSED] - Keys '*' sent to object: 'Object Repository/ADMIN/Edit Text/Bespoke/Buyer Pages/Onboarding_Settings/input_USER SETTINGS_marketplace-name'

2020-03-20 14:06:46 - [TEST_STEP][PASSED] - sendKeys(findTestObject("ADMIN/Edit Text/Bespoke/Buyer Pages/Onboarding_Settings/input_Configure your profile and your settings here_item_details"), "*"): Keys '*' sent to object: 'Object Repository/ADMIN/Edit Text/Bespoke/Buyer Pages/Onboarding_Settings/input_Configure your profile and your settings here_item_details'

2020-03-20 14:06:46 - [MESSAGE][PASSED] - Keys '*' sent to object: 'Object Repository/ADMIN/Edit Text/Bespoke/Buyer Pages/Onboarding_Settings/input_Configure your profile and your settings here_item_details'

2020-03-20 14:06:46 - [TEST_STEP][PASSED] - sendKeys(findTestObject("ADMIN/Edit Text/Bespoke/Buyer Pages/Onboarding_Settings/input_PROFILE_tab-title"), "*"): Keys '*' sent to object: 'Object Repository/ADMIN/Edit Text/Bespoke/Buyer Pages/Onboarding_Settings/input_PROFILE_tab-title'

2020-03-20 14:06:47 - [MESSAGE][PASSED] - Keys '*' sent to object: 'Object Repository/ADMIN/Edit Text/Bespoke/Buyer Pages/Onboarding_Settings/input_PROFILE_tab-title'

2020-03-20 14:06:47 - [TEST_STEP][PASSED] - sendKeys(findTestObject("ADMIN/Edit Text/Bespoke/Buyer Pages/Onboarding_Settings/input_CHANGE_btn_upload"), "*"): Keys '*' sent to object: 'Object Repository/ADMIN/Edit Text/Bespoke/Buyer Pages/Onboarding_Settings/input_CHANGE_btn_upload'

2020-03-20 14:06:47 - [MESSAGE][PASSED] - Keys '*' sent to object: 'Object Repository/ADMIN/Edit Text/Bespoke/Buyer Pages/Onboarding_Settings/input_CHANGE_btn_upload'

2020-03-20 14:06:47 - [TEST_STEP][PASSED] - sendKeys(findTestObject("ADMIN/Edit Text/Bespoke/Buyer Pages/Onboarding_Settings/input_DISPLAY NAME_display-name"), "*"): Keys '*' sent to object: 'Object Repository/ADMIN/Edit Text/Bespoke/Buyer Pages/Onboarding_Settings/input_DISPLAY NAME_display-name'

2020-03-20 14:06:47 - [MESSAGE][PASSED] - Keys '*' sent to object: 'Object Repository/ADMIN/Edit Text/Bespoke/Buyer Pages/Onboarding_Settings/input_DISPLAY NAME_display-name'

2020-03-20 14:06:47 - [TEST_STEP][PASSED] - sendKeys(findTestObject("ADMIN/Edit Text/Bespoke/Buyer Pages/Onboarding_Settings/input_FIRST NAME_first-name"), "*"): Keys '*' sent to object: 'Object Repository/ADMIN/Edit Text/Bespoke/Buyer Pages/Onboarding_Settings/input_FIRST NAME_first-name'

2020-03-20 14:06:47 - [MESSAGE][PASSED] - Keys '*' sent to object: 'Object Repository/ADMIN/Edit Text/Bespoke/Buyer Pages/Onboarding_Settings/input_FIRST NAME_first-name'

2020-03-20 14:06:47 - [TEST_STEP][PASSED] - sendKeys(findTestObject("ADMIN/Edit Text/Bespoke/Buyer Pages/Onboarding_Settings/input_LAST NAME_last-name"), "*"): Keys '*' sent to object: 'Object Repository/ADMIN/Edit Text/Bespoke/Buyer Pages/Onboarding_Settings/input_LAST NAME_last-name'

2020-03-20 14:06:48 - [MESSAGE][PASSED] - Keys '*' sent to object: 'Object Repository/ADMIN/Edit Text/Bespoke/Buyer Pages/Onboarding_Settings/input_LAST NAME_last-name'

2020-03-20 14:06:48 - [TEST_STEP][PASSED] - sendKeys(findTestObject("ADMIN/Edit Text/Bespoke/Buyer Pages/Onboarding_Settings/input_NOTIFICATION EMAIL_notification-email"), "*"): Keys '*' sent to object: 'Object Repository/ADMIN/Edit Text/Bespoke/Buyer Pages/Onboarding_Settings/input_NOTIFICATION EMAIL_notification-email'

2020-03-20 14:06:48 - [MESSAGE][PASSED] - Keys '*' sent to object: 'Object Repository/ADMIN/Edit Text/Bespoke/Buyer Pages/Onboarding_Settings/input_NOTIFICATION EMAIL_notification-email'

2020-03-20 14:06:48 - [TEST_STEP][PASSED] - sendKeys(findTestObject("ADMIN/Edit Text/Bespoke/Buyer Pages/Onboarding_Settings/input_CONTACT NUMBER_contact-number"), "*"): Keys '*' sent to object: 'Object Repository/ADMIN/Edit Text/Bespoke/Buyer Pages/Onboarding_Settings/input_CONTACT NUMBER_contact-number'

2020-03-20 14:06:48 - [MESSAGE][PASSED] - Keys '*' sent to object: 'Object Repository/ADMIN/Edit Text/Bespoke/Buyer Pages/Onboarding_Settings/input_CONTACT NUMBER_contact-number'

2020-03-20 14:06:48 - [TEST_STEP][PASSED] - sendKeys(findTestObject("ADMIN/Edit Text/Bespoke/Buyer Pages/Onboarding_Settings/input_OPENID LOGIN_open-id-login"), "*"): Keys '*' sent to object: 'Object Repository/ADMIN/Edit Text/Bespoke/Buyer Pages/Onboarding_Settings/input_OPENID LOGIN_open-id-login'

2020-03-20 14:06:48 - [MESSAGE][PASSED] - Keys '*' sent to object: 'Object Repository/ADMIN/Edit Text/Bespoke/Buyer Pages/Onboarding_Settings/input_OPENID LOGIN_open-id-login'

2020-03-20 14:06:48 - [TEST_STEP][PASSED] - sendKeys(findTestObject("ADMIN/Edit Text/Bespoke/Buyer Pages/Onboarding_Settings/input_NEXT_btn_next"), "*"): Keys '*' sent to object: 'Object Repository/ADMIN/Edit Text/Bespoke/Buyer Pages/Onboarding_Settings/input_NEXT_btn_next'

2020-03-20 14:06:48 - [MESSAGE][PASSED] - Keys '*' sent to object: 'Object Repository/ADMIN/Edit Text/Bespoke/Buyer Pages/Onboarding_Settings/input_NEXT_btn_next'

2020-03-20 14:06:48 - [TEST_STEP][PASSED] - sendKeys(findTestObject("ADMIN/Edit Text/Bespoke/Buyer Pages/Onboarding_Settings/input_ADDRESS_tab-title"), "*"): Keys '*' sent to object: 'Object Repository/ADMIN/Edit Text/Bespoke/Buyer Pages/Onboarding_Settings/input_ADDRESS_tab-title'

2020-03-20 14:06:48 - [MESSAGE][PASSED] - Keys '*' sent to object: 'Object Repository/ADMIN/Edit Text/Bespoke/Buyer Pages/Onboarding_Settings/input_ADDRESS_tab-title'

2020-03-20 14:06:48 - [TEST_STEP][PASSED] - sendKeys(findTestObject("ADMIN/Edit Text/Bespoke/Buyer Pages/Onboarding_Settings/input_NEW DELIVERY ADDRESS_new-delivery-address"), "*"): Keys '*' sent to object: 'Object Repository/ADMIN/Edit Text/Bespoke/Buyer Pages/Onboarding_Settings/input_NEW DELIVERY ADDRESS_new-delivery-address'

2020-03-20 14:06:48 - [MESSAGE][PASSED] - Keys '*' sent to object: 'Object Repository/ADMIN/Edit Text/Bespoke/Buyer Pages/Onboarding_Settings/input_NEW DELIVERY ADDRESS_new-delivery-address'

2020-03-20 14:06:48 - [TEST_STEP][PASSED] - sendKeys(findTestObject("ADMIN/Edit Text/Bespoke/Buyer Pages/Onboarding_Settings/input_ADDRESSEE FIRST NAME_addressee-first-name"), "*"): Keys '*' sent to object: 'Object Repository/ADMIN/Edit Text/Bespoke/Buyer Pages/Onboarding_Settings/input_ADDRESSEE FIRST NAME_addressee-first-name'

2020-03-20 14:06:49 - [MESSAGE][PASSED] - Keys '*' sent to object: 'Object Repository/ADMIN/Edit Text/Bespoke/Buyer Pages/Onboarding_Settings/input_ADDRESSEE FIRST NAME_addressee-first-name'

2020-03-20 14:06:49 - [TEST_STEP][PASSED] - sendKeys(findTestObject("ADMIN/Edit Text/Bespoke/Buyer Pages/Onboarding_Settings/input_ADDRESSEE LAST NAME_addressee-last-name"), "*"): Keys '*' sent to object: 'Object Repository/ADMIN/Edit Text/Bespoke/Buyer Pages/Onboarding_Settings/input_ADDRESSEE LAST NAME_addressee-last-name'

2020-03-20 14:06:49 - [MESSAGE][PASSED] - Keys '*' sent to object: 'Object Repository/ADMIN/Edit Text/Bespoke/Buyer Pages/Onboarding_Settings/input_ADDRESSEE LAST NAME_addressee-last-name'

2020-03-20 14:06:49 - [TEST_STEP][PASSED] - sendKeys(findTestObject("ADMIN/Edit Text/Bespoke/Buyer Pages/Onboarding_Settings/input_ADDRESS_address"), "*"): Keys '*' sent to object: 'Object Repository/ADMIN/Edit Text/Bespoke/Buyer Pages/Onboarding_Settings/input_ADDRESS_address'

2020-03-20 14:06:49 - [MESSAGE][PASSED] - Keys '*' sent to object: 'Object Repository/ADMIN/Edit Text/Bespoke/Buyer Pages/Onboarding_Settings/input_ADDRESS_address'

2020-03-20 14:06:49 - [TEST_STEP][PASSED] - sendKeys(findTestObject("ADMIN/Edit Text/Bespoke/Buyer Pages/Onboarding_Settings/input_COUNTRY_address-country"), "*"): Keys '*' sent to object: 'Object Repository/ADMIN/Edit Text/Bespoke/Buyer Pages/Onboarding_Settings/input_COUNTRY_address-country'

2020-03-20 14:06:49 - [MESSAGE][PASSED] - Keys '*' sent to object: 'Object Repository/ADMIN/Edit Text/Bespoke/Buyer Pages/Onboarding_Settings/input_COUNTRY_address-country'

2020-03-20 14:06:49 - [TEST_STEP][PASSED] - sendKeys(findTestObject("ADMIN/Edit Text/Bespoke/Buyer Pages/Onboarding_Settings/input_State_address-state"), "*"): Keys '*' sent to object: 'Object Repository/ADMIN/Edit Text/Bespoke/Buyer Pages/Onboarding_Settings/input_State_address-state'

2020-03-20 14:06:49 - [MESSAGE][PASSED] - Keys '*' sent to object: 'Object Repository/ADMIN/Edit Text/Bespoke/Buyer Pages/Onboarding_Settings/input_State_address-state'

2020-03-20 14:06:49 - [TEST_STEP][PASSED] - sendKeys(findTestObject("ADMIN/Edit Text/Bespoke/Buyer Pages/Onboarding_Settings/input_CITY_address-city"), "*"): Keys '*' sent to object: 'Object Repository/ADMIN/Edit Text/Bespoke/Buyer Pages/Onboarding_Settings/input_CITY_address-city'

2020-03-20 14:06:49 - [MESSAGE][PASSED] - Keys '*' sent to object: 'Object Repository/ADMIN/Edit Text/Bespoke/Buyer Pages/Onboarding_Settings/input_CITY_address-city'

2020-03-20 14:06:49 - [TEST_STEP][PASSED] - sendKeys(findTestObject("ADMIN/Edit Text/Bespoke/Buyer Pages/Onboarding_Settings/input_POSTAL CODE_address-postalcode"), "*"): Keys '*' sent to object: 'Object Repository/ADMIN/Edit Text/Bespoke/Buyer Pages/Onboarding_Settings/input_POSTAL CODE_address-postalcode'

2020-03-20 14:06:49 - [MESSAGE][PASSED] - Keys '*' sent to object: 'Object Repository/ADMIN/Edit Text/Bespoke/Buyer Pages/Onboarding_Settings/input_POSTAL CODE_address-postalcode'

2020-03-20 14:06:49 - [TEST_STEP][PASSED] - sendKeys(findTestObject("ADMIN/Edit Text/Bespoke/Buyer Pages/Onboarding_Settings/input_SELECT COUNTRY_select-country"), "*"): Keys '*' sent to object: 'Object Repository/ADMIN/Edit Text/Bespoke/Buyer Pages/Onboarding_Settings/input_SELECT COUNTRY_select-country'

2020-03-20 14:06:50 - [MESSAGE][PASSED] - Keys '*' sent to object: 'Object Repository/ADMIN/Edit Text/Bespoke/Buyer Pages/Onboarding_Settings/input_SELECT COUNTRY_select-country'

2020-03-20 14:06:50 - [TEST_STEP][PASSED] - sendKeys(findTestObject("ADMIN/Edit Text/Bespoke/Buyer Pages/Onboarding_Settings/input_Select City"), "*"): Keys '*' sent to object: 'Object Repository/ADMIN/Edit Text/Bespoke/Buyer Pages/Onboarding_Settings/input_Select City'

2020-03-20 14:06:50 - [MESSAGE][PASSED] - Keys '*' sent to object: 'Object Repository/ADMIN/Edit Text/Bespoke/Buyer Pages/Onboarding_Settings/input_Select City'

2020-03-20 14:06:50 - [TEST_STEP][PASSED] - sendKeys(findTestObject("ADMIN/Edit Text/Bespoke/Buyer Pages/Onboarding_Settings/input_ADD ADDRESS_btn_add"), "*"): Keys '*' sent to object: 'Object Repository/ADMIN/Edit Text/Bespoke/Buyer Pages/Onboarding_Settings/input_ADD ADDRESS_btn_add'

2020-03-20 14:06:50 - [MESSAGE][PASSED] - Keys '*' sent to object: 'Object Repository/ADMIN/Edit Text/Bespoke/Buyer Pages/Onboarding_Settings/input_ADD ADDRESS_btn_add'

2020-03-20 14:06:50 - [TEST_STEP][PASSED] - sendKeys(findTestObject("ADMIN/Edit Text/Bespoke/Buyer Pages/Onboarding_Settings/input_SAVED ADDRESSES_address-saved"), "*"): Keys '*' sent to object: 'Object Repository/ADMIN/Edit Text/Bespoke/Buyer Pages/Onboarding_Settings/input_SAVED ADDRESSES_address-saved'

2020-03-20 14:06:50 - [MESSAGE][PASSED] - Keys '*' sent to object: 'Object Repository/ADMIN/Edit Text/Bespoke/Buyer Pages/Onboarding_Settings/input_SAVED ADDRESSES_address-saved'

2020-03-20 14:06:50 - [TEST_STEP][PASSED] - sendKeys(findTestObject("ADMIN/Edit Text/Bespoke/Buyer Pages/Onboarding_Settings/input_SAVE_btn_next"), "*"): Keys '*' sent to object: 'Object Repository/ADMIN/Edit Text/Bespoke/Buyer Pages/Onboarding_Settings/input_SAVE_btn_next'

2020-03-20 14:06:50 - [MESSAGE][PASSED] - Keys '*' sent to object: 'Object Repository/ADMIN/Edit Text/Bespoke/Buyer Pages/Onboarding_Settings/input_SAVE_btn_next'

2020-03-20 14:06:50 - [TEST_STEP][PASSED] - sendKeys(findTestObject("ADMIN/Edit Text/Bespoke/Buyer Pages/Onboarding_Settings/input_Are you sure want to delete_popup-title"), "*"): Keys '*' sent to object: 'Object Repository/ADMIN/Edit Text/Bespoke/Buyer Pages/Onboarding_Settings/input_Are you sure want to delete_popup-title'

2020-03-20 14:06:50 - [MESSAGE][PASSED] - Keys '*' sent to object: 'Object Repository/ADMIN/Edit Text/Bespoke/Buyer Pages/Onboarding_Settings/input_Are you sure want to delete_popup-title'

2020-03-20 14:06:50 - [TEST_STEP][PASSED] - sendKeys(findTestObject("ADMIN/Edit Text/Bespoke/Buyer Pages/Onboarding_Settings/input_CANCEL_btn_cancel"), "*"): Keys '*' sent to object: 'Object Repository/ADMIN/Edit Text/Bespoke/Buyer Pages/Onboarding_Settings/input_CANCEL_btn_cancel'

2020-03-20 14:06:51 - [MESSAGE][PASSED] - Keys '*' sent to object: 'Object Repository/ADMIN/Edit Text/Bespoke/Buyer Pages/Onboarding_Settings/input_CANCEL_btn_cancel'

2020-03-20 14:06:51 - [TEST_STEP][PASSED] - sendKeys(findTestObject("ADMIN/Edit Text/Bespoke/Buyer Pages/Onboarding_Settings/input_OK_btn_okay"), "*"): Keys '*' sent to object: 'Object Repository/ADMIN/Edit Text/Bespoke/Buyer Pages/Onboarding_Settings/input_OK_btn_okay'

2020-03-20 14:06:51 - [MESSAGE][PASSED] - Keys '*' sent to object: 'Object Repository/ADMIN/Edit Text/Bespoke/Buyer Pages/Onboarding_Settings/input_OK_btn_okay'

2020-03-20 14:06:51 - [TEST_STEP][PASSED] - click(findTestObject("ADMIN/Edit Text/Bespoke/Buyer Pages/Homepage/button_save"), CONTINUE_ON_FAILURE): Object: 'Object Repository/ADMIN/Edit Text/Bespoke/Buyer Pages/Homepage/button_save' is clicked on

2020-03-20 14:06:51 - [MESSAGE][PASSED] - Object: 'Object Repository/ADMIN/Edit Text/Bespoke/Buyer Pages/Homepage/button_save' is clicked on

2020-03-20 14:06:51 - [TEST_STEP][PASSED] - waitForElementVisible(findTestObject("ADMIN/Edit Text/Bespoke/Buyer Pages/Homepage/toaster_success"), 0): Object 'Object Repository/ADMIN/Edit Text/Bespoke/Buyer Pages/Homepage/toaster_success' is visible

2020-03-20 14:06:51 - [MESSAGE][WARNING] - Timeout '0' is invalid. Using default page load timeout: '30'

2020-03-20 14:06:51 - [MESSAGE][PASSED] - Object 'Object Repository/ADMIN/Edit Text/Bespoke/Buyer Pages/Homepage/toaster_success' is visible]]></system-out>
         <system-err><![CDATA[]]></system-err>
      </testcase>
      <testcase name="Test Cases/ADMIN/Language/Edit Text/Bespoke/Buyer Pages/Onboarding_Settings" time="6.379" classname="Test Cases/ADMIN/Language/Edit Text/Bespoke/Buyer Pages/Onboarding_Settings" status="PASSED">
         <system-out><![CDATA[2020-03-20 14:06:51 - [TEST_CASE][PASSED] - Test Cases/ADMIN/Language/Edit Text/Bespoke/Buyer Pages/Onboarding_Settings: Test Cases/ADMIN/Language/Edit Text/Bespoke/Buyer Pages/Onboarding_Settings

2020-03-20 14:06:51 - [TEST_STEP][PASSED] - waitForElementVisible(findTestObject("ADMIN/Edit Text/Bespoke/Buyer Navigation/dd_language"), 0): Object 'Object Repository/ADMIN/Edit Text/Bespoke/Buyer Navigation/dd_language' is visible

2020-03-20 14:06:51 - [MESSAGE][WARNING] - Timeout '0' is invalid. Using default page load timeout: '30'

2020-03-20 14:06:51 - [MESSAGE][PASSED] - Object 'Object Repository/ADMIN/Edit Text/Bespoke/Buyer Navigation/dd_language' is visible

2020-03-20 14:06:51 - [TEST_STEP][PASSED] - selectOptionByLabel(findTestObject("ADMIN/Edit Text/Bespoke/Buyer Navigation/dd_language"), varLanguage, false): All options with label 'Indonesian' are selected in object 'Object Repository/ADMIN/Edit Text/Bespoke/Buyer Navigation/dd_language' 

2020-03-20 14:06:52 - [MESSAGE][PASSED] - All options with label 'Indonesian' are selected in object 'Object Repository/ADMIN/Edit Text/Bespoke/Buyer Navigation/dd_language' 

2020-03-20 14:06:52 - [TEST_STEP][PASSED] - sendKeys(findTestObject("ADMIN/Edit Text/Bespoke/Buyer Pages/Onboarding_Settings/input_USER SETTINGS_marketplace-name"), "*"): Keys '*' sent to object: 'Object Repository/ADMIN/Edit Text/Bespoke/Buyer Pages/Onboarding_Settings/input_USER SETTINGS_marketplace-name'

2020-03-20 14:06:53 - [MESSAGE][PASSED] - Keys '*' sent to object: 'Object Repository/ADMIN/Edit Text/Bespoke/Buyer Pages/Onboarding_Settings/input_USER SETTINGS_marketplace-name'

2020-03-20 14:06:53 - [TEST_STEP][PASSED] - sendKeys(findTestObject("ADMIN/Edit Text/Bespoke/Buyer Pages/Onboarding_Settings/input_Configure your profile and your settings here_item_details"), "*"): Keys '*' sent to object: 'Object Repository/ADMIN/Edit Text/Bespoke/Buyer Pages/Onboarding_Settings/input_Configure your profile and your settings here_item_details'

2020-03-20 14:06:53 - [MESSAGE][PASSED] - Keys '*' sent to object: 'Object Repository/ADMIN/Edit Text/Bespoke/Buyer Pages/Onboarding_Settings/input_Configure your profile and your settings here_item_details'

2020-03-20 14:06:53 - [TEST_STEP][PASSED] - sendKeys(findTestObject("ADMIN/Edit Text/Bespoke/Buyer Pages/Onboarding_Settings/input_PROFILE_tab-title"), "*"): Keys '*' sent to object: 'Object Repository/ADMIN/Edit Text/Bespoke/Buyer Pages/Onboarding_Settings/input_PROFILE_tab-title'

2020-03-20 14:06:53 - [MESSAGE][PASSED] - Keys '*' sent to object: 'Object Repository/ADMIN/Edit Text/Bespoke/Buyer Pages/Onboarding_Settings/input_PROFILE_tab-title'

2020-03-20 14:06:53 - [TEST_STEP][PASSED] - sendKeys(findTestObject("ADMIN/Edit Text/Bespoke/Buyer Pages/Onboarding_Settings/input_CHANGE_btn_upload"), "*"): Keys '*' sent to object: 'Object Repository/ADMIN/Edit Text/Bespoke/Buyer Pages/Onboarding_Settings/input_CHANGE_btn_upload'

2020-03-20 14:06:53 - [MESSAGE][PASSED] - Keys '*' sent to object: 'Object Repository/ADMIN/Edit Text/Bespoke/Buyer Pages/Onboarding_Settings/input_CHANGE_btn_upload'

2020-03-20 14:06:53 - [TEST_STEP][PASSED] - sendKeys(findTestObject("ADMIN/Edit Text/Bespoke/Buyer Pages/Onboarding_Settings/input_DISPLAY NAME_display-name"), "*"): Keys '*' sent to object: 'Object Repository/ADMIN/Edit Text/Bespoke/Buyer Pages/Onboarding_Settings/input_DISPLAY NAME_display-name'

2020-03-20 14:06:54 - [MESSAGE][PASSED] - Keys '*' sent to object: 'Object Repository/ADMIN/Edit Text/Bespoke/Buyer Pages/Onboarding_Settings/input_DISPLAY NAME_display-name'

2020-03-20 14:06:54 - [TEST_STEP][PASSED] - sendKeys(findTestObject("ADMIN/Edit Text/Bespoke/Buyer Pages/Onboarding_Settings/input_FIRST NAME_first-name"), "*"): Keys '*' sent to object: 'Object Repository/ADMIN/Edit Text/Bespoke/Buyer Pages/Onboarding_Settings/input_FIRST NAME_first-name'

2020-03-20 14:06:54 - [MESSAGE][PASSED] - Keys '*' sent to object: 'Object Repository/ADMIN/Edit Text/Bespoke/Buyer Pages/Onboarding_Settings/input_FIRST NAME_first-name'

2020-03-20 14:06:54 - [TEST_STEP][PASSED] - sendKeys(findTestObject("ADMIN/Edit Text/Bespoke/Buyer Pages/Onboarding_Settings/input_LAST NAME_last-name"), "*"): Keys '*' sent to object: 'Object Repository/ADMIN/Edit Text/Bespoke/Buyer Pages/Onboarding_Settings/input_LAST NAME_last-name'

2020-03-20 14:06:54 - [MESSAGE][PASSED] - Keys '*' sent to object: 'Object Repository/ADMIN/Edit Text/Bespoke/Buyer Pages/Onboarding_Settings/input_LAST NAME_last-name'

2020-03-20 14:06:54 - [TEST_STEP][PASSED] - sendKeys(findTestObject("ADMIN/Edit Text/Bespoke/Buyer Pages/Onboarding_Settings/input_NOTIFICATION EMAIL_notification-email"), "*"): Keys '*' sent to object: 'Object Repository/ADMIN/Edit Text/Bespoke/Buyer Pages/Onboarding_Settings/input_NOTIFICATION EMAIL_notification-email'

2020-03-20 14:06:54 - [MESSAGE][PASSED] - Keys '*' sent to object: 'Object Repository/ADMIN/Edit Text/Bespoke/Buyer Pages/Onboarding_Settings/input_NOTIFICATION EMAIL_notification-email'

2020-03-20 14:06:54 - [TEST_STEP][PASSED] - sendKeys(findTestObject("ADMIN/Edit Text/Bespoke/Buyer Pages/Onboarding_Settings/input_CONTACT NUMBER_contact-number"), "*"): Keys '*' sent to object: 'Object Repository/ADMIN/Edit Text/Bespoke/Buyer Pages/Onboarding_Settings/input_CONTACT NUMBER_contact-number'

2020-03-20 14:06:54 - [MESSAGE][PASSED] - Keys '*' sent to object: 'Object Repository/ADMIN/Edit Text/Bespoke/Buyer Pages/Onboarding_Settings/input_CONTACT NUMBER_contact-number'

2020-03-20 14:06:54 - [TEST_STEP][PASSED] - sendKeys(findTestObject("ADMIN/Edit Text/Bespoke/Buyer Pages/Onboarding_Settings/input_OPENID LOGIN_open-id-login"), "*"): Keys '*' sent to object: 'Object Repository/ADMIN/Edit Text/Bespoke/Buyer Pages/Onboarding_Settings/input_OPENID LOGIN_open-id-login'

2020-03-20 14:06:54 - [MESSAGE][PASSED] - Keys '*' sent to object: 'Object Repository/ADMIN/Edit Text/Bespoke/Buyer Pages/Onboarding_Settings/input_OPENID LOGIN_open-id-login'

2020-03-20 14:06:54 - [TEST_STEP][PASSED] - sendKeys(findTestObject("ADMIN/Edit Text/Bespoke/Buyer Pages/Onboarding_Settings/input_NEXT_btn_next"), "*"): Keys '*' sent to object: 'Object Repository/ADMIN/Edit Text/Bespoke/Buyer Pages/Onboarding_Settings/input_NEXT_btn_next'

2020-03-20 14:06:54 - [MESSAGE][PASSED] - Keys '*' sent to object: 'Object Repository/ADMIN/Edit Text/Bespoke/Buyer Pages/Onboarding_Settings/input_NEXT_btn_next'

2020-03-20 14:06:54 - [TEST_STEP][PASSED] - sendKeys(findTestObject("ADMIN/Edit Text/Bespoke/Buyer Pages/Onboarding_Settings/input_ADDRESS_tab-title"), "*"): Keys '*' sent to object: 'Object Repository/ADMIN/Edit Text/Bespoke/Buyer Pages/Onboarding_Settings/input_ADDRESS_tab-title'

2020-03-20 14:06:55 - [MESSAGE][PASSED] - Keys '*' sent to object: 'Object Repository/ADMIN/Edit Text/Bespoke/Buyer Pages/Onboarding_Settings/input_ADDRESS_tab-title'

2020-03-20 14:06:55 - [TEST_STEP][PASSED] - sendKeys(findTestObject("ADMIN/Edit Text/Bespoke/Buyer Pages/Onboarding_Settings/input_NEW DELIVERY ADDRESS_new-delivery-address"), "*"): Keys '*' sent to object: 'Object Repository/ADMIN/Edit Text/Bespoke/Buyer Pages/Onboarding_Settings/input_NEW DELIVERY ADDRESS_new-delivery-address'

2020-03-20 14:06:55 - [MESSAGE][PASSED] - Keys '*' sent to object: 'Object Repository/ADMIN/Edit Text/Bespoke/Buyer Pages/Onboarding_Settings/input_NEW DELIVERY ADDRESS_new-delivery-address'

2020-03-20 14:06:55 - [TEST_STEP][PASSED] - sendKeys(findTestObject("ADMIN/Edit Text/Bespoke/Buyer Pages/Onboarding_Settings/input_ADDRESSEE FIRST NAME_addressee-first-name"), "*"): Keys '*' sent to object: 'Object Repository/ADMIN/Edit Text/Bespoke/Buyer Pages/Onboarding_Settings/input_ADDRESSEE FIRST NAME_addressee-first-name'

2020-03-20 14:06:55 - [MESSAGE][PASSED] - Keys '*' sent to object: 'Object Repository/ADMIN/Edit Text/Bespoke/Buyer Pages/Onboarding_Settings/input_ADDRESSEE FIRST NAME_addressee-first-name'

2020-03-20 14:06:55 - [TEST_STEP][PASSED] - sendKeys(findTestObject("ADMIN/Edit Text/Bespoke/Buyer Pages/Onboarding_Settings/input_ADDRESSEE LAST NAME_addressee-last-name"), "*"): Keys '*' sent to object: 'Object Repository/ADMIN/Edit Text/Bespoke/Buyer Pages/Onboarding_Settings/input_ADDRESSEE LAST NAME_addressee-last-name'

2020-03-20 14:06:55 - [MESSAGE][PASSED] - Keys '*' sent to object: 'Object Repository/ADMIN/Edit Text/Bespoke/Buyer Pages/Onboarding_Settings/input_ADDRESSEE LAST NAME_addressee-last-name'

2020-03-20 14:06:55 - [TEST_STEP][PASSED] - sendKeys(findTestObject("ADMIN/Edit Text/Bespoke/Buyer Pages/Onboarding_Settings/input_ADDRESS_address"), "*"): Keys '*' sent to object: 'Object Repository/ADMIN/Edit Text/Bespoke/Buyer Pages/Onboarding_Settings/input_ADDRESS_address'

2020-03-20 14:06:55 - [MESSAGE][PASSED] - Keys '*' sent to object: 'Object Repository/ADMIN/Edit Text/Bespoke/Buyer Pages/Onboarding_Settings/input_ADDRESS_address'

2020-03-20 14:06:55 - [TEST_STEP][PASSED] - sendKeys(findTestObject("ADMIN/Edit Text/Bespoke/Buyer Pages/Onboarding_Settings/input_COUNTRY_address-country"), "*"): Keys '*' sent to object: 'Object Repository/ADMIN/Edit Text/Bespoke/Buyer Pages/Onboarding_Settings/input_COUNTRY_address-country'

2020-03-20 14:06:55 - [MESSAGE][PASSED] - Keys '*' sent to object: 'Object Repository/ADMIN/Edit Text/Bespoke/Buyer Pages/Onboarding_Settings/input_COUNTRY_address-country'

2020-03-20 14:06:55 - [TEST_STEP][PASSED] - sendKeys(findTestObject("ADMIN/Edit Text/Bespoke/Buyer Pages/Onboarding_Settings/input_State_address-state"), "*"): Keys '*' sent to object: 'Object Repository/ADMIN/Edit Text/Bespoke/Buyer Pages/Onboarding_Settings/input_State_address-state'

2020-03-20 14:06:55 - [MESSAGE][PASSED] - Keys '*' sent to object: 'Object Repository/ADMIN/Edit Text/Bespoke/Buyer Pages/Onboarding_Settings/input_State_address-state'

2020-03-20 14:06:55 - [TEST_STEP][PASSED] - sendKeys(findTestObject("ADMIN/Edit Text/Bespoke/Buyer Pages/Onboarding_Settings/input_CITY_address-city"), "*"): Keys '*' sent to object: 'Object Repository/ADMIN/Edit Text/Bespoke/Buyer Pages/Onboarding_Settings/input_CITY_address-city'

2020-03-20 14:06:55 - [MESSAGE][PASSED] - Keys '*' sent to object: 'Object Repository/ADMIN/Edit Text/Bespoke/Buyer Pages/Onboarding_Settings/input_CITY_address-city'

2020-03-20 14:06:55 - [TEST_STEP][PASSED] - sendKeys(findTestObject("ADMIN/Edit Text/Bespoke/Buyer Pages/Onboarding_Settings/input_POSTAL CODE_address-postalcode"), "*"): Keys '*' sent to object: 'Object Repository/ADMIN/Edit Text/Bespoke/Buyer Pages/Onboarding_Settings/input_POSTAL CODE_address-postalcode'

2020-03-20 14:06:55 - [MESSAGE][PASSED] - Keys '*' sent to object: 'Object Repository/ADMIN/Edit Text/Bespoke/Buyer Pages/Onboarding_Settings/input_POSTAL CODE_address-postalcode'

2020-03-20 14:06:55 - [TEST_STEP][PASSED] - sendKeys(findTestObject("ADMIN/Edit Text/Bespoke/Buyer Pages/Onboarding_Settings/input_SELECT COUNTRY_select-country"), "*"): Keys '*' sent to object: 'Object Repository/ADMIN/Edit Text/Bespoke/Buyer Pages/Onboarding_Settings/input_SELECT COUNTRY_select-country'

2020-03-20 14:06:56 - [MESSAGE][PASSED] - Keys '*' sent to object: 'Object Repository/ADMIN/Edit Text/Bespoke/Buyer Pages/Onboarding_Settings/input_SELECT COUNTRY_select-country'

2020-03-20 14:06:56 - [TEST_STEP][PASSED] - sendKeys(findTestObject("ADMIN/Edit Text/Bespoke/Buyer Pages/Onboarding_Settings/input_Select City"), "*"): Keys '*' sent to object: 'Object Repository/ADMIN/Edit Text/Bespoke/Buyer Pages/Onboarding_Settings/input_Select City'

2020-03-20 14:06:56 - [MESSAGE][PASSED] - Keys '*' sent to object: 'Object Repository/ADMIN/Edit Text/Bespoke/Buyer Pages/Onboarding_Settings/input_Select City'

2020-03-20 14:06:56 - [TEST_STEP][PASSED] - sendKeys(findTestObject("ADMIN/Edit Text/Bespoke/Buyer Pages/Onboarding_Settings/input_ADD ADDRESS_btn_add"), "*"): Keys '*' sent to object: 'Object Repository/ADMIN/Edit Text/Bespoke/Buyer Pages/Onboarding_Settings/input_ADD ADDRESS_btn_add'

2020-03-20 14:06:56 - [MESSAGE][PASSED] - Keys '*' sent to object: 'Object Repository/ADMIN/Edit Text/Bespoke/Buyer Pages/Onboarding_Settings/input_ADD ADDRESS_btn_add'

2020-03-20 14:06:56 - [TEST_STEP][PASSED] - sendKeys(findTestObject("ADMIN/Edit Text/Bespoke/Buyer Pages/Onboarding_Settings/input_SAVED ADDRESSES_address-saved"), "*"): Keys '*' sent to object: 'Object Repository/ADMIN/Edit Text/Bespoke/Buyer Pages/Onboarding_Settings/input_SAVED ADDRESSES_address-saved'

2020-03-20 14:06:56 - [MESSAGE][PASSED] - Keys '*' sent to object: 'Object Repository/ADMIN/Edit Text/Bespoke/Buyer Pages/Onboarding_Settings/input_SAVED ADDRESSES_address-saved'

2020-03-20 14:06:56 - [TEST_STEP][PASSED] - sendKeys(findTestObject("ADMIN/Edit Text/Bespoke/Buyer Pages/Onboarding_Settings/input_SAVE_btn_next"), "*"): Keys '*' sent to object: 'Object Repository/ADMIN/Edit Text/Bespoke/Buyer Pages/Onboarding_Settings/input_SAVE_btn_next'

2020-03-20 14:06:56 - [MESSAGE][PASSED] - Keys '*' sent to object: 'Object Repository/ADMIN/Edit Text/Bespoke/Buyer Pages/Onboarding_Settings/input_SAVE_btn_next'

2020-03-20 14:06:56 - [TEST_STEP][PASSED] - sendKeys(findTestObject("ADMIN/Edit Text/Bespoke/Buyer Pages/Onboarding_Settings/input_Are you sure want to delete_popup-title"), "*"): Keys '*' sent to object: 'Object Repository/ADMIN/Edit Text/Bespoke/Buyer Pages/Onboarding_Settings/input_Are you sure want to delete_popup-title'

2020-03-20 14:06:56 - [MESSAGE][PASSED] - Keys '*' sent to object: 'Object Repository/ADMIN/Edit Text/Bespoke/Buyer Pages/Onboarding_Settings/input_Are you sure want to delete_popup-title'

2020-03-20 14:06:56 - [TEST_STEP][PASSED] - sendKeys(findTestObject("ADMIN/Edit Text/Bespoke/Buyer Pages/Onboarding_Settings/input_CANCEL_btn_cancel"), "*"): Keys '*' sent to object: 'Object Repository/ADMIN/Edit Text/Bespoke/Buyer Pages/Onboarding_Settings/input_CANCEL_btn_cancel'

2020-03-20 14:06:56 - [MESSAGE][PASSED] - Keys '*' sent to object: 'Object Repository/ADMIN/Edit Text/Bespoke/Buyer Pages/Onboarding_Settings/input_CANCEL_btn_cancel'

2020-03-20 14:06:56 - [TEST_STEP][PASSED] - sendKeys(findTestObject("ADMIN/Edit Text/Bespoke/Buyer Pages/Onboarding_Settings/input_OK_btn_okay"), "*"): Keys '*' sent to object: 'Object Repository/ADMIN/Edit Text/Bespoke/Buyer Pages/Onboarding_Settings/input_OK_btn_okay'

2020-03-20 14:06:57 - [MESSAGE][PASSED] - Keys '*' sent to object: 'Object Repository/ADMIN/Edit Text/Bespoke/Buyer Pages/Onboarding_Settings/input_OK_btn_okay'

2020-03-20 14:06:57 - [TEST_STEP][PASSED] - click(findTestObject("ADMIN/Edit Text/Bespoke/Buyer Pages/Homepage/button_save"), CONTINUE_ON_FAILURE): Object: 'Object Repository/ADMIN/Edit Text/Bespoke/Buyer Pages/Homepage/button_save' is clicked on

2020-03-20 14:06:57 - [MESSAGE][PASSED] - Object: 'Object Repository/ADMIN/Edit Text/Bespoke/Buyer Pages/Homepage/button_save' is clicked on

2020-03-20 14:06:57 - [TEST_STEP][PASSED] - waitForElementVisible(findTestObject("ADMIN/Edit Text/Bespoke/Buyer Pages/Homepage/toaster_success"), 0): Object 'Object Repository/ADMIN/Edit Text/Bespoke/Buyer Pages/Homepage/toaster_success' is visible

2020-03-20 14:06:57 - [MESSAGE][WARNING] - Timeout '0' is invalid. Using default page load timeout: '30'

2020-03-20 14:06:57 - [MESSAGE][PASSED] - Object 'Object Repository/ADMIN/Edit Text/Bespoke/Buyer Pages/Homepage/toaster_success' is visible]]></system-out>
         <system-err><![CDATA[]]></system-err>
      </testcase>
      <testcase name="Test Cases/ADMIN/Language/Edit Text/Bespoke/Buyer Pages/Onboarding_Settings" time="6.059" classname="Test Cases/ADMIN/Language/Edit Text/Bespoke/Buyer Pages/Onboarding_Settings" status="PASSED">
         <system-out><![CDATA[2020-03-20 14:06:57 - [TEST_CASE][PASSED] - Test Cases/ADMIN/Language/Edit Text/Bespoke/Buyer Pages/Onboarding_Settings: Test Cases/ADMIN/Language/Edit Text/Bespoke/Buyer Pages/Onboarding_Settings

2020-03-20 14:06:58 - [TEST_STEP][PASSED] - waitForElementVisible(findTestObject("ADMIN/Edit Text/Bespoke/Buyer Navigation/dd_language"), 0): Object 'Object Repository/ADMIN/Edit Text/Bespoke/Buyer Navigation/dd_language' is visible

2020-03-20 14:06:58 - [MESSAGE][WARNING] - Timeout '0' is invalid. Using default page load timeout: '30'

2020-03-20 14:06:58 - [MESSAGE][PASSED] - Object 'Object Repository/ADMIN/Edit Text/Bespoke/Buyer Navigation/dd_language' is visible

2020-03-20 14:06:58 - [TEST_STEP][PASSED] - selectOptionByLabel(findTestObject("ADMIN/Edit Text/Bespoke/Buyer Navigation/dd_language"), varLanguage, false): All options with label 'Russian' are selected in object 'Object Repository/ADMIN/Edit Text/Bespoke/Buyer Navigation/dd_language' 

2020-03-20 14:06:59 - [MESSAGE][PASSED] - All options with label 'Russian' are selected in object 'Object Repository/ADMIN/Edit Text/Bespoke/Buyer Navigation/dd_language' 

2020-03-20 14:06:59 - [TEST_STEP][PASSED] - sendKeys(findTestObject("ADMIN/Edit Text/Bespoke/Buyer Pages/Onboarding_Settings/input_USER SETTINGS_marketplace-name"), "*"): Keys '*' sent to object: 'Object Repository/ADMIN/Edit Text/Bespoke/Buyer Pages/Onboarding_Settings/input_USER SETTINGS_marketplace-name'

2020-03-20 14:06:59 - [MESSAGE][PASSED] - Keys '*' sent to object: 'Object Repository/ADMIN/Edit Text/Bespoke/Buyer Pages/Onboarding_Settings/input_USER SETTINGS_marketplace-name'

2020-03-20 14:06:59 - [TEST_STEP][PASSED] - sendKeys(findTestObject("ADMIN/Edit Text/Bespoke/Buyer Pages/Onboarding_Settings/input_Configure your profile and your settings here_item_details"), "*"): Keys '*' sent to object: 'Object Repository/ADMIN/Edit Text/Bespoke/Buyer Pages/Onboarding_Settings/input_Configure your profile and your settings here_item_details'

2020-03-20 14:06:59 - [MESSAGE][PASSED] - Keys '*' sent to object: 'Object Repository/ADMIN/Edit Text/Bespoke/Buyer Pages/Onboarding_Settings/input_Configure your profile and your settings here_item_details'

2020-03-20 14:06:59 - [TEST_STEP][PASSED] - sendKeys(findTestObject("ADMIN/Edit Text/Bespoke/Buyer Pages/Onboarding_Settings/input_PROFILE_tab-title"), "*"): Keys '*' sent to object: 'Object Repository/ADMIN/Edit Text/Bespoke/Buyer Pages/Onboarding_Settings/input_PROFILE_tab-title'

2020-03-20 14:06:59 - [MESSAGE][PASSED] - Keys '*' sent to object: 'Object Repository/ADMIN/Edit Text/Bespoke/Buyer Pages/Onboarding_Settings/input_PROFILE_tab-title'

2020-03-20 14:06:59 - [TEST_STEP][PASSED] - sendKeys(findTestObject("ADMIN/Edit Text/Bespoke/Buyer Pages/Onboarding_Settings/input_CHANGE_btn_upload"), "*"): Keys '*' sent to object: 'Object Repository/ADMIN/Edit Text/Bespoke/Buyer Pages/Onboarding_Settings/input_CHANGE_btn_upload'

2020-03-20 14:06:59 - [MESSAGE][PASSED] - Keys '*' sent to object: 'Object Repository/ADMIN/Edit Text/Bespoke/Buyer Pages/Onboarding_Settings/input_CHANGE_btn_upload'

2020-03-20 14:06:59 - [TEST_STEP][PASSED] - sendKeys(findTestObject("ADMIN/Edit Text/Bespoke/Buyer Pages/Onboarding_Settings/input_DISPLAY NAME_display-name"), "*"): Keys '*' sent to object: 'Object Repository/ADMIN/Edit Text/Bespoke/Buyer Pages/Onboarding_Settings/input_DISPLAY NAME_display-name'

2020-03-20 14:07:00 - [MESSAGE][PASSED] - Keys '*' sent to object: 'Object Repository/ADMIN/Edit Text/Bespoke/Buyer Pages/Onboarding_Settings/input_DISPLAY NAME_display-name'

2020-03-20 14:07:00 - [TEST_STEP][PASSED] - sendKeys(findTestObject("ADMIN/Edit Text/Bespoke/Buyer Pages/Onboarding_Settings/input_FIRST NAME_first-name"), "*"): Keys '*' sent to object: 'Object Repository/ADMIN/Edit Text/Bespoke/Buyer Pages/Onboarding_Settings/input_FIRST NAME_first-name'

2020-03-20 14:07:00 - [MESSAGE][PASSED] - Keys '*' sent to object: 'Object Repository/ADMIN/Edit Text/Bespoke/Buyer Pages/Onboarding_Settings/input_FIRST NAME_first-name'

2020-03-20 14:07:00 - [TEST_STEP][PASSED] - sendKeys(findTestObject("ADMIN/Edit Text/Bespoke/Buyer Pages/Onboarding_Settings/input_LAST NAME_last-name"), "*"): Keys '*' sent to object: 'Object Repository/ADMIN/Edit Text/Bespoke/Buyer Pages/Onboarding_Settings/input_LAST NAME_last-name'

2020-03-20 14:07:00 - [MESSAGE][PASSED] - Keys '*' sent to object: 'Object Repository/ADMIN/Edit Text/Bespoke/Buyer Pages/Onboarding_Settings/input_LAST NAME_last-name'

2020-03-20 14:07:00 - [TEST_STEP][PASSED] - sendKeys(findTestObject("ADMIN/Edit Text/Bespoke/Buyer Pages/Onboarding_Settings/input_NOTIFICATION EMAIL_notification-email"), "*"): Keys '*' sent to object: 'Object Repository/ADMIN/Edit Text/Bespoke/Buyer Pages/Onboarding_Settings/input_NOTIFICATION EMAIL_notification-email'

2020-03-20 14:07:00 - [MESSAGE][PASSED] - Keys '*' sent to object: 'Object Repository/ADMIN/Edit Text/Bespoke/Buyer Pages/Onboarding_Settings/input_NOTIFICATION EMAIL_notification-email'

2020-03-20 14:07:00 - [TEST_STEP][PASSED] - sendKeys(findTestObject("ADMIN/Edit Text/Bespoke/Buyer Pages/Onboarding_Settings/input_CONTACT NUMBER_contact-number"), "*"): Keys '*' sent to object: 'Object Repository/ADMIN/Edit Text/Bespoke/Buyer Pages/Onboarding_Settings/input_CONTACT NUMBER_contact-number'

2020-03-20 14:07:00 - [MESSAGE][PASSED] - Keys '*' sent to object: 'Object Repository/ADMIN/Edit Text/Bespoke/Buyer Pages/Onboarding_Settings/input_CONTACT NUMBER_contact-number'

2020-03-20 14:07:00 - [TEST_STEP][PASSED] - sendKeys(findTestObject("ADMIN/Edit Text/Bespoke/Buyer Pages/Onboarding_Settings/input_OPENID LOGIN_open-id-login"), "*"): Keys '*' sent to object: 'Object Repository/ADMIN/Edit Text/Bespoke/Buyer Pages/Onboarding_Settings/input_OPENID LOGIN_open-id-login'

2020-03-20 14:07:00 - [MESSAGE][PASSED] - Keys '*' sent to object: 'Object Repository/ADMIN/Edit Text/Bespoke/Buyer Pages/Onboarding_Settings/input_OPENID LOGIN_open-id-login'

2020-03-20 14:07:00 - [TEST_STEP][PASSED] - sendKeys(findTestObject("ADMIN/Edit Text/Bespoke/Buyer Pages/Onboarding_Settings/input_NEXT_btn_next"), "*"): Keys '*' sent to object: 'Object Repository/ADMIN/Edit Text/Bespoke/Buyer Pages/Onboarding_Settings/input_NEXT_btn_next'

2020-03-20 14:07:00 - [MESSAGE][PASSED] - Keys '*' sent to object: 'Object Repository/ADMIN/Edit Text/Bespoke/Buyer Pages/Onboarding_Settings/input_NEXT_btn_next'

2020-03-20 14:07:00 - [TEST_STEP][PASSED] - sendKeys(findTestObject("ADMIN/Edit Text/Bespoke/Buyer Pages/Onboarding_Settings/input_ADDRESS_tab-title"), "*"): Keys '*' sent to object: 'Object Repository/ADMIN/Edit Text/Bespoke/Buyer Pages/Onboarding_Settings/input_ADDRESS_tab-title'

2020-03-20 14:07:01 - [MESSAGE][PASSED] - Keys '*' sent to object: 'Object Repository/ADMIN/Edit Text/Bespoke/Buyer Pages/Onboarding_Settings/input_ADDRESS_tab-title'

2020-03-20 14:07:01 - [TEST_STEP][PASSED] - sendKeys(findTestObject("ADMIN/Edit Text/Bespoke/Buyer Pages/Onboarding_Settings/input_NEW DELIVERY ADDRESS_new-delivery-address"), "*"): Keys '*' sent to object: 'Object Repository/ADMIN/Edit Text/Bespoke/Buyer Pages/Onboarding_Settings/input_NEW DELIVERY ADDRESS_new-delivery-address'

2020-03-20 14:07:01 - [MESSAGE][PASSED] - Keys '*' sent to object: 'Object Repository/ADMIN/Edit Text/Bespoke/Buyer Pages/Onboarding_Settings/input_NEW DELIVERY ADDRESS_new-delivery-address'

2020-03-20 14:07:01 - [TEST_STEP][PASSED] - sendKeys(findTestObject("ADMIN/Edit Text/Bespoke/Buyer Pages/Onboarding_Settings/input_ADDRESSEE FIRST NAME_addressee-first-name"), "*"): Keys '*' sent to object: 'Object Repository/ADMIN/Edit Text/Bespoke/Buyer Pages/Onboarding_Settings/input_ADDRESSEE FIRST NAME_addressee-first-name'

2020-03-20 14:07:01 - [MESSAGE][PASSED] - Keys '*' sent to object: 'Object Repository/ADMIN/Edit Text/Bespoke/Buyer Pages/Onboarding_Settings/input_ADDRESSEE FIRST NAME_addressee-first-name'

2020-03-20 14:07:01 - [TEST_STEP][PASSED] - sendKeys(findTestObject("ADMIN/Edit Text/Bespoke/Buyer Pages/Onboarding_Settings/input_ADDRESSEE LAST NAME_addressee-last-name"), "*"): Keys '*' sent to object: 'Object Repository/ADMIN/Edit Text/Bespoke/Buyer Pages/Onboarding_Settings/input_ADDRESSEE LAST NAME_addressee-last-name'

2020-03-20 14:07:01 - [MESSAGE][PASSED] - Keys '*' sent to object: 'Object Repository/ADMIN/Edit Text/Bespoke/Buyer Pages/Onboarding_Settings/input_ADDRESSEE LAST NAME_addressee-last-name'

2020-03-20 14:07:01 - [TEST_STEP][PASSED] - sendKeys(findTestObject("ADMIN/Edit Text/Bespoke/Buyer Pages/Onboarding_Settings/input_ADDRESS_address"), "*"): Keys '*' sent to object: 'Object Repository/ADMIN/Edit Text/Bespoke/Buyer Pages/Onboarding_Settings/input_ADDRESS_address'

2020-03-20 14:07:01 - [MESSAGE][PASSED] - Keys '*' sent to object: 'Object Repository/ADMIN/Edit Text/Bespoke/Buyer Pages/Onboarding_Settings/input_ADDRESS_address'

2020-03-20 14:07:01 - [TEST_STEP][PASSED] - sendKeys(findTestObject("ADMIN/Edit Text/Bespoke/Buyer Pages/Onboarding_Settings/input_COUNTRY_address-country"), "*"): Keys '*' sent to object: 'Object Repository/ADMIN/Edit Text/Bespoke/Buyer Pages/Onboarding_Settings/input_COUNTRY_address-country'

2020-03-20 14:07:01 - [MESSAGE][PASSED] - Keys '*' sent to object: 'Object Repository/ADMIN/Edit Text/Bespoke/Buyer Pages/Onboarding_Settings/input_COUNTRY_address-country'

2020-03-20 14:07:01 - [TEST_STEP][PASSED] - sendKeys(findTestObject("ADMIN/Edit Text/Bespoke/Buyer Pages/Onboarding_Settings/input_State_address-state"), "*"): Keys '*' sent to object: 'Object Repository/ADMIN/Edit Text/Bespoke/Buyer Pages/Onboarding_Settings/input_State_address-state'

2020-03-20 14:07:01 - [MESSAGE][PASSED] - Keys '*' sent to object: 'Object Repository/ADMIN/Edit Text/Bespoke/Buyer Pages/Onboarding_Settings/input_State_address-state'

2020-03-20 14:07:01 - [TEST_STEP][PASSED] - sendKeys(findTestObject("ADMIN/Edit Text/Bespoke/Buyer Pages/Onboarding_Settings/input_CITY_address-city"), "*"): Keys '*' sent to object: 'Object Repository/ADMIN/Edit Text/Bespoke/Buyer Pages/Onboarding_Settings/input_CITY_address-city'

2020-03-20 14:07:02 - [MESSAGE][PASSED] - Keys '*' sent to object: 'Object Repository/ADMIN/Edit Text/Bespoke/Buyer Pages/Onboarding_Settings/input_CITY_address-city'

2020-03-20 14:07:02 - [TEST_STEP][PASSED] - sendKeys(findTestObject("ADMIN/Edit Text/Bespoke/Buyer Pages/Onboarding_Settings/input_POSTAL CODE_address-postalcode"), "*"): Keys '*' sent to object: 'Object Repository/ADMIN/Edit Text/Bespoke/Buyer Pages/Onboarding_Settings/input_POSTAL CODE_address-postalcode'

2020-03-20 14:07:02 - [MESSAGE][PASSED] - Keys '*' sent to object: 'Object Repository/ADMIN/Edit Text/Bespoke/Buyer Pages/Onboarding_Settings/input_POSTAL CODE_address-postalcode'

2020-03-20 14:07:02 - [TEST_STEP][PASSED] - sendKeys(findTestObject("ADMIN/Edit Text/Bespoke/Buyer Pages/Onboarding_Settings/input_SELECT COUNTRY_select-country"), "*"): Keys '*' sent to object: 'Object Repository/ADMIN/Edit Text/Bespoke/Buyer Pages/Onboarding_Settings/input_SELECT COUNTRY_select-country'

2020-03-20 14:07:02 - [MESSAGE][PASSED] - Keys '*' sent to object: 'Object Repository/ADMIN/Edit Text/Bespoke/Buyer Pages/Onboarding_Settings/input_SELECT COUNTRY_select-country'

2020-03-20 14:07:02 - [TEST_STEP][PASSED] - sendKeys(findTestObject("ADMIN/Edit Text/Bespoke/Buyer Pages/Onboarding_Settings/input_Select City"), "*"): Keys '*' sent to object: 'Object Repository/ADMIN/Edit Text/Bespoke/Buyer Pages/Onboarding_Settings/input_Select City'

2020-03-20 14:07:02 - [MESSAGE][PASSED] - Keys '*' sent to object: 'Object Repository/ADMIN/Edit Text/Bespoke/Buyer Pages/Onboarding_Settings/input_Select City'

2020-03-20 14:07:02 - [TEST_STEP][PASSED] - sendKeys(findTestObject("ADMIN/Edit Text/Bespoke/Buyer Pages/Onboarding_Settings/input_ADD ADDRESS_btn_add"), "*"): Keys '*' sent to object: 'Object Repository/ADMIN/Edit Text/Bespoke/Buyer Pages/Onboarding_Settings/input_ADD ADDRESS_btn_add'

2020-03-20 14:07:02 - [MESSAGE][PASSED] - Keys '*' sent to object: 'Object Repository/ADMIN/Edit Text/Bespoke/Buyer Pages/Onboarding_Settings/input_ADD ADDRESS_btn_add'

2020-03-20 14:07:02 - [TEST_STEP][PASSED] - sendKeys(findTestObject("ADMIN/Edit Text/Bespoke/Buyer Pages/Onboarding_Settings/input_SAVED ADDRESSES_address-saved"), "*"): Keys '*' sent to object: 'Object Repository/ADMIN/Edit Text/Bespoke/Buyer Pages/Onboarding_Settings/input_SAVED ADDRESSES_address-saved'

2020-03-20 14:07:02 - [MESSAGE][PASSED] - Keys '*' sent to object: 'Object Repository/ADMIN/Edit Text/Bespoke/Buyer Pages/Onboarding_Settings/input_SAVED ADDRESSES_address-saved'

2020-03-20 14:07:02 - [TEST_STEP][PASSED] - sendKeys(findTestObject("ADMIN/Edit Text/Bespoke/Buyer Pages/Onboarding_Settings/input_SAVE_btn_next"), "*"): Keys '*' sent to object: 'Object Repository/ADMIN/Edit Text/Bespoke/Buyer Pages/Onboarding_Settings/input_SAVE_btn_next'

2020-03-20 14:07:02 - [MESSAGE][PASSED] - Keys '*' sent to object: 'Object Repository/ADMIN/Edit Text/Bespoke/Buyer Pages/Onboarding_Settings/input_SAVE_btn_next'

2020-03-20 14:07:02 - [TEST_STEP][PASSED] - sendKeys(findTestObject("ADMIN/Edit Text/Bespoke/Buyer Pages/Onboarding_Settings/input_Are you sure want to delete_popup-title"), "*"): Keys '*' sent to object: 'Object Repository/ADMIN/Edit Text/Bespoke/Buyer Pages/Onboarding_Settings/input_Are you sure want to delete_popup-title'

2020-03-20 14:07:03 - [MESSAGE][PASSED] - Keys '*' sent to object: 'Object Repository/ADMIN/Edit Text/Bespoke/Buyer Pages/Onboarding_Settings/input_Are you sure want to delete_popup-title'

2020-03-20 14:07:03 - [TEST_STEP][PASSED] - sendKeys(findTestObject("ADMIN/Edit Text/Bespoke/Buyer Pages/Onboarding_Settings/input_CANCEL_btn_cancel"), "*"): Keys '*' sent to object: 'Object Repository/ADMIN/Edit Text/Bespoke/Buyer Pages/Onboarding_Settings/input_CANCEL_btn_cancel'

2020-03-20 14:07:03 - [MESSAGE][PASSED] - Keys '*' sent to object: 'Object Repository/ADMIN/Edit Text/Bespoke/Buyer Pages/Onboarding_Settings/input_CANCEL_btn_cancel'

2020-03-20 14:07:03 - [TEST_STEP][PASSED] - sendKeys(findTestObject("ADMIN/Edit Text/Bespoke/Buyer Pages/Onboarding_Settings/input_OK_btn_okay"), "*"): Keys '*' sent to object: 'Object Repository/ADMIN/Edit Text/Bespoke/Buyer Pages/Onboarding_Settings/input_OK_btn_okay'

2020-03-20 14:07:03 - [MESSAGE][PASSED] - Keys '*' sent to object: 'Object Repository/ADMIN/Edit Text/Bespoke/Buyer Pages/Onboarding_Settings/input_OK_btn_okay'

2020-03-20 14:07:03 - [TEST_STEP][PASSED] - click(findTestObject("ADMIN/Edit Text/Bespoke/Buyer Pages/Homepage/button_save"), CONTINUE_ON_FAILURE): Object: 'Object Repository/ADMIN/Edit Text/Bespoke/Buyer Pages/Homepage/button_save' is clicked on

2020-03-20 14:07:03 - [MESSAGE][PASSED] - Object: 'Object Repository/ADMIN/Edit Text/Bespoke/Buyer Pages/Homepage/button_save' is clicked on

2020-03-20 14:07:03 - [TEST_STEP][PASSED] - waitForElementVisible(findTestObject("ADMIN/Edit Text/Bespoke/Buyer Pages/Homepage/toaster_success"), 0): Object 'Object Repository/ADMIN/Edit Text/Bespoke/Buyer Pages/Homepage/toaster_success' is visible

2020-03-20 14:07:03 - [MESSAGE][WARNING] - Timeout '0' is invalid. Using default page load timeout: '30'

2020-03-20 14:07:04 - [MESSAGE][PASSED] - Object 'Object Repository/ADMIN/Edit Text/Bespoke/Buyer Pages/Homepage/toaster_success' is visible]]></system-out>
         <system-err><![CDATA[]]></system-err>
      </testcase>
      <testcase name="Test Cases/ADMIN/Language/Edit Text/Bespoke/Buyer Pages/Onboarding_Settings" time="6.337" classname="Test Cases/ADMIN/Language/Edit Text/Bespoke/Buyer Pages/Onboarding_Settings" status="PASSED">
         <system-out><![CDATA[2020-03-20 14:07:04 - [TEST_CASE][PASSED] - Test Cases/ADMIN/Language/Edit Text/Bespoke/Buyer Pages/Onboarding_Settings: Test Cases/ADMIN/Language/Edit Text/Bespoke/Buyer Pages/Onboarding_Settings

2020-03-20 14:07:04 - [TEST_STEP][PASSED] - waitForElementVisible(findTestObject("ADMIN/Edit Text/Bespoke/Buyer Navigation/dd_language"), 0): Object 'Object Repository/ADMIN/Edit Text/Bespoke/Buyer Navigation/dd_language' is visible

2020-03-20 14:07:04 - [MESSAGE][WARNING] - Timeout '0' is invalid. Using default page load timeout: '30'

2020-03-20 14:07:04 - [MESSAGE][PASSED] - Object 'Object Repository/ADMIN/Edit Text/Bespoke/Buyer Navigation/dd_language' is visible

2020-03-20 14:07:04 - [TEST_STEP][PASSED] - selectOptionByLabel(findTestObject("ADMIN/Edit Text/Bespoke/Buyer Navigation/dd_language"), varLanguage, false): All options with label 'Italian' are selected in object 'Object Repository/ADMIN/Edit Text/Bespoke/Buyer Navigation/dd_language' 

2020-03-20 14:07:05 - [MESSAGE][PASSED] - All options with label 'Italian' are selected in object 'Object Repository/ADMIN/Edit Text/Bespoke/Buyer Navigation/dd_language' 

2020-03-20 14:07:05 - [TEST_STEP][PASSED] - sendKeys(findTestObject("ADMIN/Edit Text/Bespoke/Buyer Pages/Onboarding_Settings/input_USER SETTINGS_marketplace-name"), "*"): Keys '*' sent to object: 'Object Repository/ADMIN/Edit Text/Bespoke/Buyer Pages/Onboarding_Settings/input_USER SETTINGS_marketplace-name'

2020-03-20 14:07:05 - [MESSAGE][PASSED] - Keys '*' sent to object: 'Object Repository/ADMIN/Edit Text/Bespoke/Buyer Pages/Onboarding_Settings/input_USER SETTINGS_marketplace-name'

2020-03-20 14:07:05 - [TEST_STEP][PASSED] - sendKeys(findTestObject("ADMIN/Edit Text/Bespoke/Buyer Pages/Onboarding_Settings/input_Configure your profile and your settings here_item_details"), "*"): Keys '*' sent to object: 'Object Repository/ADMIN/Edit Text/Bespoke/Buyer Pages/Onboarding_Settings/input_Configure your profile and your settings here_item_details'

2020-03-20 14:07:05 - [MESSAGE][PASSED] - Keys '*' sent to object: 'Object Repository/ADMIN/Edit Text/Bespoke/Buyer Pages/Onboarding_Settings/input_Configure your profile and your settings here_item_details'

2020-03-20 14:07:05 - [TEST_STEP][PASSED] - sendKeys(findTestObject("ADMIN/Edit Text/Bespoke/Buyer Pages/Onboarding_Settings/input_PROFILE_tab-title"), "*"): Keys '*' sent to object: 'Object Repository/ADMIN/Edit Text/Bespoke/Buyer Pages/Onboarding_Settings/input_PROFILE_tab-title'

2020-03-20 14:07:05 - [MESSAGE][PASSED] - Keys '*' sent to object: 'Object Repository/ADMIN/Edit Text/Bespoke/Buyer Pages/Onboarding_Settings/input_PROFILE_tab-title'

2020-03-20 14:07:05 - [TEST_STEP][PASSED] - sendKeys(findTestObject("ADMIN/Edit Text/Bespoke/Buyer Pages/Onboarding_Settings/input_CHANGE_btn_upload"), "*"): Keys '*' sent to object: 'Object Repository/ADMIN/Edit Text/Bespoke/Buyer Pages/Onboarding_Settings/input_CHANGE_btn_upload'

2020-03-20 14:07:05 - [MESSAGE][PASSED] - Keys '*' sent to object: 'Object Repository/ADMIN/Edit Text/Bespoke/Buyer Pages/Onboarding_Settings/input_CHANGE_btn_upload'

2020-03-20 14:07:05 - [TEST_STEP][PASSED] - sendKeys(findTestObject("ADMIN/Edit Text/Bespoke/Buyer Pages/Onboarding_Settings/input_DISPLAY NAME_display-name"), "*"): Keys '*' sent to object: 'Object Repository/ADMIN/Edit Text/Bespoke/Buyer Pages/Onboarding_Settings/input_DISPLAY NAME_display-name'

2020-03-20 14:07:06 - [MESSAGE][PASSED] - Keys '*' sent to object: 'Object Repository/ADMIN/Edit Text/Bespoke/Buyer Pages/Onboarding_Settings/input_DISPLAY NAME_display-name'

2020-03-20 14:07:06 - [TEST_STEP][PASSED] - sendKeys(findTestObject("ADMIN/Edit Text/Bespoke/Buyer Pages/Onboarding_Settings/input_FIRST NAME_first-name"), "*"): Keys '*' sent to object: 'Object Repository/ADMIN/Edit Text/Bespoke/Buyer Pages/Onboarding_Settings/input_FIRST NAME_first-name'

2020-03-20 14:07:06 - [MESSAGE][PASSED] - Keys '*' sent to object: 'Object Repository/ADMIN/Edit Text/Bespoke/Buyer Pages/Onboarding_Settings/input_FIRST NAME_first-name'

2020-03-20 14:07:06 - [TEST_STEP][PASSED] - sendKeys(findTestObject("ADMIN/Edit Text/Bespoke/Buyer Pages/Onboarding_Settings/input_LAST NAME_last-name"), "*"): Keys '*' sent to object: 'Object Repository/ADMIN/Edit Text/Bespoke/Buyer Pages/Onboarding_Settings/input_LAST NAME_last-name'

2020-03-20 14:07:06 - [MESSAGE][PASSED] - Keys '*' sent to object: 'Object Repository/ADMIN/Edit Text/Bespoke/Buyer Pages/Onboarding_Settings/input_LAST NAME_last-name'

2020-03-20 14:07:06 - [TEST_STEP][PASSED] - sendKeys(findTestObject("ADMIN/Edit Text/Bespoke/Buyer Pages/Onboarding_Settings/input_NOTIFICATION EMAIL_notification-email"), "*"): Keys '*' sent to object: 'Object Repository/ADMIN/Edit Text/Bespoke/Buyer Pages/Onboarding_Settings/input_NOTIFICATION EMAIL_notification-email'

2020-03-20 14:07:06 - [MESSAGE][PASSED] - Keys '*' sent to object: 'Object Repository/ADMIN/Edit Text/Bespoke/Buyer Pages/Onboarding_Settings/input_NOTIFICATION EMAIL_notification-email'

2020-03-20 14:07:06 - [TEST_STEP][PASSED] - sendKeys(findTestObject("ADMIN/Edit Text/Bespoke/Buyer Pages/Onboarding_Settings/input_CONTACT NUMBER_contact-number"), "*"): Keys '*' sent to object: 'Object Repository/ADMIN/Edit Text/Bespoke/Buyer Pages/Onboarding_Settings/input_CONTACT NUMBER_contact-number'

2020-03-20 14:07:07 - [MESSAGE][PASSED] - Keys '*' sent to object: 'Object Repository/ADMIN/Edit Text/Bespoke/Buyer Pages/Onboarding_Settings/input_CONTACT NUMBER_contact-number'

2020-03-20 14:07:07 - [TEST_STEP][PASSED] - sendKeys(findTestObject("ADMIN/Edit Text/Bespoke/Buyer Pages/Onboarding_Settings/input_OPENID LOGIN_open-id-login"), "*"): Keys '*' sent to object: 'Object Repository/ADMIN/Edit Text/Bespoke/Buyer Pages/Onboarding_Settings/input_OPENID LOGIN_open-id-login'

2020-03-20 14:07:07 - [MESSAGE][PASSED] - Keys '*' sent to object: 'Object Repository/ADMIN/Edit Text/Bespoke/Buyer Pages/Onboarding_Settings/input_OPENID LOGIN_open-id-login'

2020-03-20 14:07:07 - [TEST_STEP][PASSED] - sendKeys(findTestObject("ADMIN/Edit Text/Bespoke/Buyer Pages/Onboarding_Settings/input_NEXT_btn_next"), "*"): Keys '*' sent to object: 'Object Repository/ADMIN/Edit Text/Bespoke/Buyer Pages/Onboarding_Settings/input_NEXT_btn_next'

2020-03-20 14:07:07 - [MESSAGE][PASSED] - Keys '*' sent to object: 'Object Repository/ADMIN/Edit Text/Bespoke/Buyer Pages/Onboarding_Settings/input_NEXT_btn_next'

2020-03-20 14:07:07 - [TEST_STEP][PASSED] - sendKeys(findTestObject("ADMIN/Edit Text/Bespoke/Buyer Pages/Onboarding_Settings/input_ADDRESS_tab-title"), "*"): Keys '*' sent to object: 'Object Repository/ADMIN/Edit Text/Bespoke/Buyer Pages/Onboarding_Settings/input_ADDRESS_tab-title'

2020-03-20 14:07:07 - [MESSAGE][PASSED] - Keys '*' sent to object: 'Object Repository/ADMIN/Edit Text/Bespoke/Buyer Pages/Onboarding_Settings/input_ADDRESS_tab-title'

2020-03-20 14:07:07 - [TEST_STEP][PASSED] - sendKeys(findTestObject("ADMIN/Edit Text/Bespoke/Buyer Pages/Onboarding_Settings/input_NEW DELIVERY ADDRESS_new-delivery-address"), "*"): Keys '*' sent to object: 'Object Repository/ADMIN/Edit Text/Bespoke/Buyer Pages/Onboarding_Settings/input_NEW DELIVERY ADDRESS_new-delivery-address'

2020-03-20 14:07:07 - [MESSAGE][PASSED] - Keys '*' sent to object: 'Object Repository/ADMIN/Edit Text/Bespoke/Buyer Pages/Onboarding_Settings/input_NEW DELIVERY ADDRESS_new-delivery-address'

2020-03-20 14:07:07 - [TEST_STEP][PASSED] - sendKeys(findTestObject("ADMIN/Edit Text/Bespoke/Buyer Pages/Onboarding_Settings/input_ADDRESSEE FIRST NAME_addressee-first-name"), "*"): Keys '*' sent to object: 'Object Repository/ADMIN/Edit Text/Bespoke/Buyer Pages/Onboarding_Settings/input_ADDRESSEE FIRST NAME_addressee-first-name'

2020-03-20 14:07:07 - [MESSAGE][PASSED] - Keys '*' sent to object: 'Object Repository/ADMIN/Edit Text/Bespoke/Buyer Pages/Onboarding_Settings/input_ADDRESSEE FIRST NAME_addressee-first-name'

2020-03-20 14:07:07 - [TEST_STEP][PASSED] - sendKeys(findTestObject("ADMIN/Edit Text/Bespoke/Buyer Pages/Onboarding_Settings/input_ADDRESSEE LAST NAME_addressee-last-name"), "*"): Keys '*' sent to object: 'Object Repository/ADMIN/Edit Text/Bespoke/Buyer Pages/Onboarding_Settings/input_ADDRESSEE LAST NAME_addressee-last-name'

2020-03-20 14:07:07 - [MESSAGE][PASSED] - Keys '*' sent to object: 'Object Repository/ADMIN/Edit Text/Bespoke/Buyer Pages/Onboarding_Settings/input_ADDRESSEE LAST NAME_addressee-last-name'

2020-03-20 14:07:07 - [TEST_STEP][PASSED] - sendKeys(findTestObject("ADMIN/Edit Text/Bespoke/Buyer Pages/Onboarding_Settings/input_ADDRESS_address"), "*"): Keys '*' sent to object: 'Object Repository/ADMIN/Edit Text/Bespoke/Buyer Pages/Onboarding_Settings/input_ADDRESS_address'

2020-03-20 14:07:07 - [MESSAGE][PASSED] - Keys '*' sent to object: 'Object Repository/ADMIN/Edit Text/Bespoke/Buyer Pages/Onboarding_Settings/input_ADDRESS_address'

2020-03-20 14:07:07 - [TEST_STEP][PASSED] - sendKeys(findTestObject("ADMIN/Edit Text/Bespoke/Buyer Pages/Onboarding_Settings/input_COUNTRY_address-country"), "*"): Keys '*' sent to object: 'Object Repository/ADMIN/Edit Text/Bespoke/Buyer Pages/Onboarding_Settings/input_COUNTRY_address-country'

2020-03-20 14:07:08 - [MESSAGE][PASSED] - Keys '*' sent to object: 'Object Repository/ADMIN/Edit Text/Bespoke/Buyer Pages/Onboarding_Settings/input_COUNTRY_address-country'

2020-03-20 14:07:08 - [TEST_STEP][PASSED] - sendKeys(findTestObject("ADMIN/Edit Text/Bespoke/Buyer Pages/Onboarding_Settings/input_State_address-state"), "*"): Keys '*' sent to object: 'Object Repository/ADMIN/Edit Text/Bespoke/Buyer Pages/Onboarding_Settings/input_State_address-state'

2020-03-20 14:07:08 - [MESSAGE][PASSED] - Keys '*' sent to object: 'Object Repository/ADMIN/Edit Text/Bespoke/Buyer Pages/Onboarding_Settings/input_State_address-state'

2020-03-20 14:07:08 - [TEST_STEP][PASSED] - sendKeys(findTestObject("ADMIN/Edit Text/Bespoke/Buyer Pages/Onboarding_Settings/input_CITY_address-city"), "*"): Keys '*' sent to object: 'Object Repository/ADMIN/Edit Text/Bespoke/Buyer Pages/Onboarding_Settings/input_CITY_address-city'

2020-03-20 14:07:08 - [MESSAGE][PASSED] - Keys '*' sent to object: 'Object Repository/ADMIN/Edit Text/Bespoke/Buyer Pages/Onboarding_Settings/input_CITY_address-city'

2020-03-20 14:07:08 - [TEST_STEP][PASSED] - sendKeys(findTestObject("ADMIN/Edit Text/Bespoke/Buyer Pages/Onboarding_Settings/input_POSTAL CODE_address-postalcode"), "*"): Keys '*' sent to object: 'Object Repository/ADMIN/Edit Text/Bespoke/Buyer Pages/Onboarding_Settings/input_POSTAL CODE_address-postalcode'

2020-03-20 14:07:08 - [MESSAGE][PASSED] - Keys '*' sent to object: 'Object Repository/ADMIN/Edit Text/Bespoke/Buyer Pages/Onboarding_Settings/input_POSTAL CODE_address-postalcode'

2020-03-20 14:07:08 - [TEST_STEP][PASSED] - sendKeys(findTestObject("ADMIN/Edit Text/Bespoke/Buyer Pages/Onboarding_Settings/input_SELECT COUNTRY_select-country"), "*"): Keys '*' sent to object: 'Object Repository/ADMIN/Edit Text/Bespoke/Buyer Pages/Onboarding_Settings/input_SELECT COUNTRY_select-country'

2020-03-20 14:07:08 - [MESSAGE][PASSED] - Keys '*' sent to object: 'Object Repository/ADMIN/Edit Text/Bespoke/Buyer Pages/Onboarding_Settings/input_SELECT COUNTRY_select-country'

2020-03-20 14:07:08 - [TEST_STEP][PASSED] - sendKeys(findTestObject("ADMIN/Edit Text/Bespoke/Buyer Pages/Onboarding_Settings/input_Select City"), "*"): Keys '*' sent to object: 'Object Repository/ADMIN/Edit Text/Bespoke/Buyer Pages/Onboarding_Settings/input_Select City'

2020-03-20 14:07:08 - [MESSAGE][PASSED] - Keys '*' sent to object: 'Object Repository/ADMIN/Edit Text/Bespoke/Buyer Pages/Onboarding_Settings/input_Select City'

2020-03-20 14:07:08 - [TEST_STEP][PASSED] - sendKeys(findTestObject("ADMIN/Edit Text/Bespoke/Buyer Pages/Onboarding_Settings/input_ADD ADDRESS_btn_add"), "*"): Keys '*' sent to object: 'Object Repository/ADMIN/Edit Text/Bespoke/Buyer Pages/Onboarding_Settings/input_ADD ADDRESS_btn_add'

2020-03-20 14:07:08 - [MESSAGE][PASSED] - Keys '*' sent to object: 'Object Repository/ADMIN/Edit Text/Bespoke/Buyer Pages/Onboarding_Settings/input_ADD ADDRESS_btn_add'

2020-03-20 14:07:08 - [TEST_STEP][PASSED] - sendKeys(findTestObject("ADMIN/Edit Text/Bespoke/Buyer Pages/Onboarding_Settings/input_SAVED ADDRESSES_address-saved"), "*"): Keys '*' sent to object: 'Object Repository/ADMIN/Edit Text/Bespoke/Buyer Pages/Onboarding_Settings/input_SAVED ADDRESSES_address-saved'

2020-03-20 14:07:09 - [MESSAGE][PASSED] - Keys '*' sent to object: 'Object Repository/ADMIN/Edit Text/Bespoke/Buyer Pages/Onboarding_Settings/input_SAVED ADDRESSES_address-saved'

2020-03-20 14:07:09 - [TEST_STEP][PASSED] - sendKeys(findTestObject("ADMIN/Edit Text/Bespoke/Buyer Pages/Onboarding_Settings/input_SAVE_btn_next"), "*"): Keys '*' sent to object: 'Object Repository/ADMIN/Edit Text/Bespoke/Buyer Pages/Onboarding_Settings/input_SAVE_btn_next'

2020-03-20 14:07:09 - [MESSAGE][PASSED] - Keys '*' sent to object: 'Object Repository/ADMIN/Edit Text/Bespoke/Buyer Pages/Onboarding_Settings/input_SAVE_btn_next'

2020-03-20 14:07:09 - [TEST_STEP][PASSED] - sendKeys(findTestObject("ADMIN/Edit Text/Bespoke/Buyer Pages/Onboarding_Settings/input_Are you sure want to delete_popup-title"), "*"): Keys '*' sent to object: 'Object Repository/ADMIN/Edit Text/Bespoke/Buyer Pages/Onboarding_Settings/input_Are you sure want to delete_popup-title'

2020-03-20 14:07:09 - [MESSAGE][PASSED] - Keys '*' sent to object: 'Object Repository/ADMIN/Edit Text/Bespoke/Buyer Pages/Onboarding_Settings/input_Are you sure want to delete_popup-title'

2020-03-20 14:07:09 - [TEST_STEP][PASSED] - sendKeys(findTestObject("ADMIN/Edit Text/Bespoke/Buyer Pages/Onboarding_Settings/input_CANCEL_btn_cancel"), "*"): Keys '*' sent to object: 'Object Repository/ADMIN/Edit Text/Bespoke/Buyer Pages/Onboarding_Settings/input_CANCEL_btn_cancel'

2020-03-20 14:07:09 - [MESSAGE][PASSED] - Keys '*' sent to object: 'Object Repository/ADMIN/Edit Text/Bespoke/Buyer Pages/Onboarding_Settings/input_CANCEL_btn_cancel'

2020-03-20 14:07:09 - [TEST_STEP][PASSED] - sendKeys(findTestObject("ADMIN/Edit Text/Bespoke/Buyer Pages/Onboarding_Settings/input_OK_btn_okay"), "*"): Keys '*' sent to object: 'Object Repository/ADMIN/Edit Text/Bespoke/Buyer Pages/Onboarding_Settings/input_OK_btn_okay'

2020-03-20 14:07:09 - [MESSAGE][PASSED] - Keys '*' sent to object: 'Object Repository/ADMIN/Edit Text/Bespoke/Buyer Pages/Onboarding_Settings/input_OK_btn_okay'

2020-03-20 14:07:09 - [TEST_STEP][PASSED] - click(findTestObject("ADMIN/Edit Text/Bespoke/Buyer Pages/Homepage/button_save"), CONTINUE_ON_FAILURE): Object: 'Object Repository/ADMIN/Edit Text/Bespoke/Buyer Pages/Homepage/button_save' is clicked on

2020-03-20 14:07:09 - [MESSAGE][PASSED] - Object: 'Object Repository/ADMIN/Edit Text/Bespoke/Buyer Pages/Homepage/button_save' is clicked on

2020-03-20 14:07:09 - [TEST_STEP][PASSED] - waitForElementVisible(findTestObject("ADMIN/Edit Text/Bespoke/Buyer Pages/Homepage/toaster_success"), 0): Object 'Object Repository/ADMIN/Edit Text/Bespoke/Buyer Pages/Homepage/toaster_success' is visible

2020-03-20 14:07:09 - [MESSAGE][WARNING] - Timeout '0' is invalid. Using default page load timeout: '30'

2020-03-20 14:07:10 - [MESSAGE][PASSED] - Object 'Object Repository/ADMIN/Edit Text/Bespoke/Buyer Pages/Homepage/toaster_success' is visible]]></system-out>
         <system-err><![CDATA[]]></system-err>
      </testcase>
      <testcase name="Test Cases/ADMIN/Language/Edit Text/Bespoke/Buyer Pages/Onboarding_Settings" time="6.993" classname="Test Cases/ADMIN/Language/Edit Text/Bespoke/Buyer Pages/Onboarding_Settings" status="PASSED">
         <system-out><![CDATA[2020-03-20 14:07:10 - [TEST_CASE][PASSED] - Test Cases/ADMIN/Language/Edit Text/Bespoke/Buyer Pages/Onboarding_Settings: Test Cases/ADMIN/Language/Edit Text/Bespoke/Buyer Pages/Onboarding_Settings

2020-03-20 14:07:10 - [TEST_STEP][PASSED] - waitForElementVisible(findTestObject("ADMIN/Edit Text/Bespoke/Buyer Navigation/dd_language"), 0): Object 'Object Repository/ADMIN/Edit Text/Bespoke/Buyer Navigation/dd_language' is visible

2020-03-20 14:07:10 - [MESSAGE][WARNING] - Timeout '0' is invalid. Using default page load timeout: '30'

2020-03-20 14:07:10 - [MESSAGE][PASSED] - Object 'Object Repository/ADMIN/Edit Text/Bespoke/Buyer Navigation/dd_language' is visible

2020-03-20 14:07:10 - [TEST_STEP][PASSED] - selectOptionByLabel(findTestObject("ADMIN/Edit Text/Bespoke/Buyer Navigation/dd_language"), varLanguage, false): All options with label 'Arabic' are selected in object 'Object Repository/ADMIN/Edit Text/Bespoke/Buyer Navigation/dd_language' 

2020-03-20 14:07:11 - [MESSAGE][PASSED] - All options with label 'Arabic' are selected in object 'Object Repository/ADMIN/Edit Text/Bespoke/Buyer Navigation/dd_language' 

2020-03-20 14:07:11 - [TEST_STEP][PASSED] - sendKeys(findTestObject("ADMIN/Edit Text/Bespoke/Buyer Pages/Onboarding_Settings/input_USER SETTINGS_marketplace-name"), "*"): Keys '*' sent to object: 'Object Repository/ADMIN/Edit Text/Bespoke/Buyer Pages/Onboarding_Settings/input_USER SETTINGS_marketplace-name'

2020-03-20 14:07:11 - [MESSAGE][PASSED] - Keys '*' sent to object: 'Object Repository/ADMIN/Edit Text/Bespoke/Buyer Pages/Onboarding_Settings/input_USER SETTINGS_marketplace-name'

2020-03-20 14:07:11 - [TEST_STEP][PASSED] - sendKeys(findTestObject("ADMIN/Edit Text/Bespoke/Buyer Pages/Onboarding_Settings/input_Configure your profile and your settings here_item_details"), "*"): Keys '*' sent to object: 'Object Repository/ADMIN/Edit Text/Bespoke/Buyer Pages/Onboarding_Settings/input_Configure your profile and your settings here_item_details'

2020-03-20 14:07:11 - [MESSAGE][PASSED] - Keys '*' sent to object: 'Object Repository/ADMIN/Edit Text/Bespoke/Buyer Pages/Onboarding_Settings/input_Configure your profile and your settings here_item_details'

2020-03-20 14:07:11 - [TEST_STEP][PASSED] - sendKeys(findTestObject("ADMIN/Edit Text/Bespoke/Buyer Pages/Onboarding_Settings/input_PROFILE_tab-title"), "*"): Keys '*' sent to object: 'Object Repository/ADMIN/Edit Text/Bespoke/Buyer Pages/Onboarding_Settings/input_PROFILE_tab-title'

2020-03-20 14:07:12 - [MESSAGE][PASSED] - Keys '*' sent to object: 'Object Repository/ADMIN/Edit Text/Bespoke/Buyer Pages/Onboarding_Settings/input_PROFILE_tab-title'

2020-03-20 14:07:12 - [TEST_STEP][PASSED] - sendKeys(findTestObject("ADMIN/Edit Text/Bespoke/Buyer Pages/Onboarding_Settings/input_CHANGE_btn_upload"), "*"): Keys '*' sent to object: 'Object Repository/ADMIN/Edit Text/Bespoke/Buyer Pages/Onboarding_Settings/input_CHANGE_btn_upload'

2020-03-20 14:07:12 - [MESSAGE][PASSED] - Keys '*' sent to object: 'Object Repository/ADMIN/Edit Text/Bespoke/Buyer Pages/Onboarding_Settings/input_CHANGE_btn_upload'

2020-03-20 14:07:12 - [TEST_STEP][PASSED] - sendKeys(findTestObject("ADMIN/Edit Text/Bespoke/Buyer Pages/Onboarding_Settings/input_DISPLAY NAME_display-name"), "*"): Keys '*' sent to object: 'Object Repository/ADMIN/Edit Text/Bespoke/Buyer Pages/Onboarding_Settings/input_DISPLAY NAME_display-name'

2020-03-20 14:07:12 - [MESSAGE][PASSED] - Keys '*' sent to object: 'Object Repository/ADMIN/Edit Text/Bespoke/Buyer Pages/Onboarding_Settings/input_DISPLAY NAME_display-name'

2020-03-20 14:07:12 - [TEST_STEP][PASSED] - sendKeys(findTestObject("ADMIN/Edit Text/Bespoke/Buyer Pages/Onboarding_Settings/input_FIRST NAME_first-name"), "*"): Keys '*' sent to object: 'Object Repository/ADMIN/Edit Text/Bespoke/Buyer Pages/Onboarding_Settings/input_FIRST NAME_first-name'

2020-03-20 14:07:12 - [MESSAGE][PASSED] - Keys '*' sent to object: 'Object Repository/ADMIN/Edit Text/Bespoke/Buyer Pages/Onboarding_Settings/input_FIRST NAME_first-name'

2020-03-20 14:07:12 - [TEST_STEP][PASSED] - sendKeys(findTestObject("ADMIN/Edit Text/Bespoke/Buyer Pages/Onboarding_Settings/input_LAST NAME_last-name"), "*"): Keys '*' sent to object: 'Object Repository/ADMIN/Edit Text/Bespoke/Buyer Pages/Onboarding_Settings/input_LAST NAME_last-name'

2020-03-20 14:07:12 - [MESSAGE][PASSED] - Keys '*' sent to object: 'Object Repository/ADMIN/Edit Text/Bespoke/Buyer Pages/Onboarding_Settings/input_LAST NAME_last-name'

2020-03-20 14:07:12 - [TEST_STEP][PASSED] - sendKeys(findTestObject("ADMIN/Edit Text/Bespoke/Buyer Pages/Onboarding_Settings/input_NOTIFICATION EMAIL_notification-email"), "*"): Keys '*' sent to object: 'Object Repository/ADMIN/Edit Text/Bespoke/Buyer Pages/Onboarding_Settings/input_NOTIFICATION EMAIL_notification-email'

2020-03-20 14:07:12 - [MESSAGE][PASSED] - Keys '*' sent to object: 'Object Repository/ADMIN/Edit Text/Bespoke/Buyer Pages/Onboarding_Settings/input_NOTIFICATION EMAIL_notification-email'

2020-03-20 14:07:12 - [TEST_STEP][PASSED] - sendKeys(findTestObject("ADMIN/Edit Text/Bespoke/Buyer Pages/Onboarding_Settings/input_CONTACT NUMBER_contact-number"), "*"): Keys '*' sent to object: 'Object Repository/ADMIN/Edit Text/Bespoke/Buyer Pages/Onboarding_Settings/input_CONTACT NUMBER_contact-number'

2020-03-20 14:07:12 - [MESSAGE][PASSED] - Keys '*' sent to object: 'Object Repository/ADMIN/Edit Text/Bespoke/Buyer Pages/Onboarding_Settings/input_CONTACT NUMBER_contact-number'

2020-03-20 14:07:12 - [TEST_STEP][PASSED] - sendKeys(findTestObject("ADMIN/Edit Text/Bespoke/Buyer Pages/Onboarding_Settings/input_OPENID LOGIN_open-id-login"), "*"): Keys '*' sent to object: 'Object Repository/ADMIN/Edit Text/Bespoke/Buyer Pages/Onboarding_Settings/input_OPENID LOGIN_open-id-login'

2020-03-20 14:07:12 - [MESSAGE][PASSED] - Keys '*' sent to object: 'Object Repository/ADMIN/Edit Text/Bespoke/Buyer Pages/Onboarding_Settings/input_OPENID LOGIN_open-id-login'

2020-03-20 14:07:12 - [TEST_STEP][PASSED] - sendKeys(findTestObject("ADMIN/Edit Text/Bespoke/Buyer Pages/Onboarding_Settings/input_NEXT_btn_next"), "*"): Keys '*' sent to object: 'Object Repository/ADMIN/Edit Text/Bespoke/Buyer Pages/Onboarding_Settings/input_NEXT_btn_next'

2020-03-20 14:07:13 - [MESSAGE][PASSED] - Keys '*' sent to object: 'Object Repository/ADMIN/Edit Text/Bespoke/Buyer Pages/Onboarding_Settings/input_NEXT_btn_next'

2020-03-20 14:07:13 - [TEST_STEP][PASSED] - sendKeys(findTestObject("ADMIN/Edit Text/Bespoke/Buyer Pages/Onboarding_Settings/input_ADDRESS_tab-title"), "*"): Keys '*' sent to object: 'Object Repository/ADMIN/Edit Text/Bespoke/Buyer Pages/Onboarding_Settings/input_ADDRESS_tab-title'

2020-03-20 14:07:13 - [MESSAGE][PASSED] - Keys '*' sent to object: 'Object Repository/ADMIN/Edit Text/Bespoke/Buyer Pages/Onboarding_Settings/input_ADDRESS_tab-title'

2020-03-20 14:07:13 - [TEST_STEP][PASSED] - sendKeys(findTestObject("ADMIN/Edit Text/Bespoke/Buyer Pages/Onboarding_Settings/input_NEW DELIVERY ADDRESS_new-delivery-address"), "*"): Keys '*' sent to object: 'Object Repository/ADMIN/Edit Text/Bespoke/Buyer Pages/Onboarding_Settings/input_NEW DELIVERY ADDRESS_new-delivery-address'

2020-03-20 14:07:13 - [MESSAGE][PASSED] - Keys '*' sent to object: 'Object Repository/ADMIN/Edit Text/Bespoke/Buyer Pages/Onboarding_Settings/input_NEW DELIVERY ADDRESS_new-delivery-address'

2020-03-20 14:07:13 - [TEST_STEP][PASSED] - sendKeys(findTestObject("ADMIN/Edit Text/Bespoke/Buyer Pages/Onboarding_Settings/input_ADDRESSEE FIRST NAME_addressee-first-name"), "*"): Keys '*' sent to object: 'Object Repository/ADMIN/Edit Text/Bespoke/Buyer Pages/Onboarding_Settings/input_ADDRESSEE FIRST NAME_addressee-first-name'

2020-03-20 14:07:13 - [MESSAGE][PASSED] - Keys '*' sent to object: 'Object Repository/ADMIN/Edit Text/Bespoke/Buyer Pages/Onboarding_Settings/input_ADDRESSEE FIRST NAME_addressee-first-name'

2020-03-20 14:07:13 - [TEST_STEP][PASSED] - sendKeys(findTestObject("ADMIN/Edit Text/Bespoke/Buyer Pages/Onboarding_Settings/input_ADDRESSEE LAST NAME_addressee-last-name"), "*"): Keys '*' sent to object: 'Object Repository/ADMIN/Edit Text/Bespoke/Buyer Pages/Onboarding_Settings/input_ADDRESSEE LAST NAME_addressee-last-name'

2020-03-20 14:07:13 - [MESSAGE][PASSED] - Keys '*' sent to object: 'Object Repository/ADMIN/Edit Text/Bespoke/Buyer Pages/Onboarding_Settings/input_ADDRESSEE LAST NAME_addressee-last-name'

2020-03-20 14:07:13 - [TEST_STEP][PASSED] - sendKeys(findTestObject("ADMIN/Edit Text/Bespoke/Buyer Pages/Onboarding_Settings/input_ADDRESS_address"), "*"): Keys '*' sent to object: 'Object Repository/ADMIN/Edit Text/Bespoke/Buyer Pages/Onboarding_Settings/input_ADDRESS_address'

2020-03-20 14:07:13 - [MESSAGE][PASSED] - Keys '*' sent to object: 'Object Repository/ADMIN/Edit Text/Bespoke/Buyer Pages/Onboarding_Settings/input_ADDRESS_address'

2020-03-20 14:07:13 - [TEST_STEP][PASSED] - sendKeys(findTestObject("ADMIN/Edit Text/Bespoke/Buyer Pages/Onboarding_Settings/input_COUNTRY_address-country"), "*"): Keys '*' sent to object: 'Object Repository/ADMIN/Edit Text/Bespoke/Buyer Pages/Onboarding_Settings/input_COUNTRY_address-country'

2020-03-20 14:07:13 - [MESSAGE][PASSED] - Keys '*' sent to object: 'Object Repository/ADMIN/Edit Text/Bespoke/Buyer Pages/Onboarding_Settings/input_COUNTRY_address-country'

2020-03-20 14:07:13 - [TEST_STEP][PASSED] - sendKeys(findTestObject("ADMIN/Edit Text/Bespoke/Buyer Pages/Onboarding_Settings/input_State_address-state"), "*"): Keys '*' sent to object: 'Object Repository/ADMIN/Edit Text/Bespoke/Buyer Pages/Onboarding_Settings/input_State_address-state'

2020-03-20 14:07:14 - [MESSAGE][PASSED] - Keys '*' sent to object: 'Object Repository/ADMIN/Edit Text/Bespoke/Buyer Pages/Onboarding_Settings/input_State_address-state'

2020-03-20 14:07:14 - [TEST_STEP][PASSED] - sendKeys(findTestObject("ADMIN/Edit Text/Bespoke/Buyer Pages/Onboarding_Settings/input_CITY_address-city"), "*"): Keys '*' sent to object: 'Object Repository/ADMIN/Edit Text/Bespoke/Buyer Pages/Onboarding_Settings/input_CITY_address-city'

2020-03-20 14:07:14 - [MESSAGE][PASSED] - Keys '*' sent to object: 'Object Repository/ADMIN/Edit Text/Bespoke/Buyer Pages/Onboarding_Settings/input_CITY_address-city'

2020-03-20 14:07:14 - [TEST_STEP][PASSED] - sendKeys(findTestObject("ADMIN/Edit Text/Bespoke/Buyer Pages/Onboarding_Settings/input_POSTAL CODE_address-postalcode"), "*"): Keys '*' sent to object: 'Object Repository/ADMIN/Edit Text/Bespoke/Buyer Pages/Onboarding_Settings/input_POSTAL CODE_address-postalcode'

2020-03-20 14:07:14 - [MESSAGE][PASSED] - Keys '*' sent to object: 'Object Repository/ADMIN/Edit Text/Bespoke/Buyer Pages/Onboarding_Settings/input_POSTAL CODE_address-postalcode'

2020-03-20 14:07:14 - [TEST_STEP][PASSED] - sendKeys(findTestObject("ADMIN/Edit Text/Bespoke/Buyer Pages/Onboarding_Settings/input_SELECT COUNTRY_select-country"), "*"): Keys '*' sent to object: 'Object Repository/ADMIN/Edit Text/Bespoke/Buyer Pages/Onboarding_Settings/input_SELECT COUNTRY_select-country'

2020-03-20 14:07:14 - [MESSAGE][PASSED] - Keys '*' sent to object: 'Object Repository/ADMIN/Edit Text/Bespoke/Buyer Pages/Onboarding_Settings/input_SELECT COUNTRY_select-country'

2020-03-20 14:07:14 - [TEST_STEP][PASSED] - sendKeys(findTestObject("ADMIN/Edit Text/Bespoke/Buyer Pages/Onboarding_Settings/input_Select City"), "*"): Keys '*' sent to object: 'Object Repository/ADMIN/Edit Text/Bespoke/Buyer Pages/Onboarding_Settings/input_Select City'

2020-03-20 14:07:14 - [MESSAGE][PASSED] - Keys '*' sent to object: 'Object Repository/ADMIN/Edit Text/Bespoke/Buyer Pages/Onboarding_Settings/input_Select City'

2020-03-20 14:07:14 - [TEST_STEP][PASSED] - sendKeys(findTestObject("ADMIN/Edit Text/Bespoke/Buyer Pages/Onboarding_Settings/input_ADD ADDRESS_btn_add"), "*"): Keys '*' sent to object: 'Object Repository/ADMIN/Edit Text/Bespoke/Buyer Pages/Onboarding_Settings/input_ADD ADDRESS_btn_add'

2020-03-20 14:07:15 - [MESSAGE][PASSED] - Keys '*' sent to object: 'Object Repository/ADMIN/Edit Text/Bespoke/Buyer Pages/Onboarding_Settings/input_ADD ADDRESS_btn_add'

2020-03-20 14:07:15 - [TEST_STEP][PASSED] - sendKeys(findTestObject("ADMIN/Edit Text/Bespoke/Buyer Pages/Onboarding_Settings/input_SAVED ADDRESSES_address-saved"), "*"): Keys '*' sent to object: 'Object Repository/ADMIN/Edit Text/Bespoke/Buyer Pages/Onboarding_Settings/input_SAVED ADDRESSES_address-saved'

2020-03-20 14:07:15 - [MESSAGE][PASSED] - Keys '*' sent to object: 'Object Repository/ADMIN/Edit Text/Bespoke/Buyer Pages/Onboarding_Settings/input_SAVED ADDRESSES_address-saved'

2020-03-20 14:07:15 - [TEST_STEP][PASSED] - sendKeys(findTestObject("ADMIN/Edit Text/Bespoke/Buyer Pages/Onboarding_Settings/input_SAVE_btn_next"), "*"): Keys '*' sent to object: 'Object Repository/ADMIN/Edit Text/Bespoke/Buyer Pages/Onboarding_Settings/input_SAVE_btn_next'

2020-03-20 14:07:15 - [MESSAGE][PASSED] - Keys '*' sent to object: 'Object Repository/ADMIN/Edit Text/Bespoke/Buyer Pages/Onboarding_Settings/input_SAVE_btn_next'

2020-03-20 14:07:15 - [TEST_STEP][PASSED] - sendKeys(findTestObject("ADMIN/Edit Text/Bespoke/Buyer Pages/Onboarding_Settings/input_Are you sure want to delete_popup-title"), "*"): Keys '*' sent to object: 'Object Repository/ADMIN/Edit Text/Bespoke/Buyer Pages/Onboarding_Settings/input_Are you sure want to delete_popup-title'

2020-03-20 14:07:15 - [MESSAGE][PASSED] - Keys '*' sent to object: 'Object Repository/ADMIN/Edit Text/Bespoke/Buyer Pages/Onboarding_Settings/input_Are you sure want to delete_popup-title'

2020-03-20 14:07:15 - [TEST_STEP][PASSED] - sendKeys(findTestObject("ADMIN/Edit Text/Bespoke/Buyer Pages/Onboarding_Settings/input_CANCEL_btn_cancel"), "*"): Keys '*' sent to object: 'Object Repository/ADMIN/Edit Text/Bespoke/Buyer Pages/Onboarding_Settings/input_CANCEL_btn_cancel'

2020-03-20 14:07:16 - [MESSAGE][PASSED] - Keys '*' sent to object: 'Object Repository/ADMIN/Edit Text/Bespoke/Buyer Pages/Onboarding_Settings/input_CANCEL_btn_cancel'

2020-03-20 14:07:16 - [TEST_STEP][PASSED] - sendKeys(findTestObject("ADMIN/Edit Text/Bespoke/Buyer Pages/Onboarding_Settings/input_OK_btn_okay"), "*"): Keys '*' sent to object: 'Object Repository/ADMIN/Edit Text/Bespoke/Buyer Pages/Onboarding_Settings/input_OK_btn_okay'

2020-03-20 14:07:16 - [MESSAGE][PASSED] - Keys '*' sent to object: 'Object Repository/ADMIN/Edit Text/Bespoke/Buyer Pages/Onboarding_Settings/input_OK_btn_okay'

2020-03-20 14:07:16 - [TEST_STEP][PASSED] - click(findTestObject("ADMIN/Edit Text/Bespoke/Buyer Pages/Homepage/button_save"), CONTINUE_ON_FAILURE): Object: 'Object Repository/ADMIN/Edit Text/Bespoke/Buyer Pages/Homepage/button_save' is clicked on

2020-03-20 14:07:16 - [MESSAGE][PASSED] - Object: 'Object Repository/ADMIN/Edit Text/Bespoke/Buyer Pages/Homepage/button_save' is clicked on

2020-03-20 14:07:16 - [TEST_STEP][PASSED] - waitForElementVisible(findTestObject("ADMIN/Edit Text/Bespoke/Buyer Pages/Homepage/toaster_success"), 0): Object 'Object Repository/ADMIN/Edit Text/Bespoke/Buyer Pages/Homepage/toaster_success' is visible

2020-03-20 14:07:16 - [MESSAGE][WARNING] - Timeout '0' is invalid. Using default page load timeout: '30'

2020-03-20 14:07:17 - [MESSAGE][PASSED] - Object 'Object Repository/ADMIN/Edit Text/Bespoke/Buyer Pages/Homepage/toaster_success' is visible]]></system-out>
         <system-err><![CDATA[]]></system-err>
      </testcase>
      <testcase name="Test Cases/ADMIN/Language/Edit Text/Bespoke/Buyer Pages/Onboarding_Settings" time="7.347" classname="Test Cases/ADMIN/Language/Edit Text/Bespoke/Buyer Pages/Onboarding_Settings" status="PASSED">
         <system-out><![CDATA[2020-03-20 14:07:17 - [TEST_CASE][PASSED] - Test Cases/ADMIN/Language/Edit Text/Bespoke/Buyer Pages/Onboarding_Settings: Test Cases/ADMIN/Language/Edit Text/Bespoke/Buyer Pages/Onboarding_Settings

2020-03-20 14:07:17 - [TEST_STEP][PASSED] - waitForElementVisible(findTestObject("ADMIN/Edit Text/Bespoke/Buyer Navigation/dd_language"), 0): Object 'Object Repository/ADMIN/Edit Text/Bespoke/Buyer Navigation/dd_language' is visible

2020-03-20 14:07:17 - [MESSAGE][WARNING] - Timeout '0' is invalid. Using default page load timeout: '30'

2020-03-20 14:07:17 - [MESSAGE][PASSED] - Object 'Object Repository/ADMIN/Edit Text/Bespoke/Buyer Navigation/dd_language' is visible

2020-03-20 14:07:17 - [TEST_STEP][PASSED] - selectOptionByLabel(findTestObject("ADMIN/Edit Text/Bespoke/Buyer Navigation/dd_language"), varLanguage, false): All options with label 'Dutch' are selected in object 'Object Repository/ADMIN/Edit Text/Bespoke/Buyer Navigation/dd_language' 

2020-03-20 14:07:18 - [MESSAGE][PASSED] - All options with label 'Dutch' are selected in object 'Object Repository/ADMIN/Edit Text/Bespoke/Buyer Navigation/dd_language' 

2020-03-20 14:07:18 - [TEST_STEP][PASSED] - sendKeys(findTestObject("ADMIN/Edit Text/Bespoke/Buyer Pages/Onboarding_Settings/input_USER SETTINGS_marketplace-name"), "*"): Keys '*' sent to object: 'Object Repository/ADMIN/Edit Text/Bespoke/Buyer Pages/Onboarding_Settings/input_USER SETTINGS_marketplace-name'

2020-03-20 14:07:18 - [MESSAGE][PASSED] - Keys '*' sent to object: 'Object Repository/ADMIN/Edit Text/Bespoke/Buyer Pages/Onboarding_Settings/input_USER SETTINGS_marketplace-name'

2020-03-20 14:07:18 - [TEST_STEP][PASSED] - sendKeys(findTestObject("ADMIN/Edit Text/Bespoke/Buyer Pages/Onboarding_Settings/input_Configure your profile and your settings here_item_details"), "*"): Keys '*' sent to object: 'Object Repository/ADMIN/Edit Text/Bespoke/Buyer Pages/Onboarding_Settings/input_Configure your profile and your settings here_item_details'

2020-03-20 14:07:19 - [MESSAGE][PASSED] - Keys '*' sent to object: 'Object Repository/ADMIN/Edit Text/Bespoke/Buyer Pages/Onboarding_Settings/input_Configure your profile and your settings here_item_details'

2020-03-20 14:07:19 - [TEST_STEP][PASSED] - sendKeys(findTestObject("ADMIN/Edit Text/Bespoke/Buyer Pages/Onboarding_Settings/input_PROFILE_tab-title"), "*"): Keys '*' sent to object: 'Object Repository/ADMIN/Edit Text/Bespoke/Buyer Pages/Onboarding_Settings/input_PROFILE_tab-title'

2020-03-20 14:07:19 - [MESSAGE][PASSED] - Keys '*' sent to object: 'Object Repository/ADMIN/Edit Text/Bespoke/Buyer Pages/Onboarding_Settings/input_PROFILE_tab-title'

2020-03-20 14:07:19 - [TEST_STEP][PASSED] - sendKeys(findTestObject("ADMIN/Edit Text/Bespoke/Buyer Pages/Onboarding_Settings/input_CHANGE_btn_upload"), "*"): Keys '*' sent to object: 'Object Repository/ADMIN/Edit Text/Bespoke/Buyer Pages/Onboarding_Settings/input_CHANGE_btn_upload'

2020-03-20 14:07:19 - [MESSAGE][PASSED] - Keys '*' sent to object: 'Object Repository/ADMIN/Edit Text/Bespoke/Buyer Pages/Onboarding_Settings/input_CHANGE_btn_upload'

2020-03-20 14:07:19 - [TEST_STEP][PASSED] - sendKeys(findTestObject("ADMIN/Edit Text/Bespoke/Buyer Pages/Onboarding_Settings/input_DISPLAY NAME_display-name"), "*"): Keys '*' sent to object: 'Object Repository/ADMIN/Edit Text/Bespoke/Buyer Pages/Onboarding_Settings/input_DISPLAY NAME_display-name'

2020-03-20 14:07:19 - [MESSAGE][PASSED] - Keys '*' sent to object: 'Object Repository/ADMIN/Edit Text/Bespoke/Buyer Pages/Onboarding_Settings/input_DISPLAY NAME_display-name'

2020-03-20 14:07:19 - [TEST_STEP][PASSED] - sendKeys(findTestObject("ADMIN/Edit Text/Bespoke/Buyer Pages/Onboarding_Settings/input_FIRST NAME_first-name"), "*"): Keys '*' sent to object: 'Object Repository/ADMIN/Edit Text/Bespoke/Buyer Pages/Onboarding_Settings/input_FIRST NAME_first-name'

2020-03-20 14:07:20 - [MESSAGE][PASSED] - Keys '*' sent to object: 'Object Repository/ADMIN/Edit Text/Bespoke/Buyer Pages/Onboarding_Settings/input_FIRST NAME_first-name'

2020-03-20 14:07:20 - [TEST_STEP][PASSED] - sendKeys(findTestObject("ADMIN/Edit Text/Bespoke/Buyer Pages/Onboarding_Settings/input_LAST NAME_last-name"), "*"): Keys '*' sent to object: 'Object Repository/ADMIN/Edit Text/Bespoke/Buyer Pages/Onboarding_Settings/input_LAST NAME_last-name'

2020-03-20 14:07:20 - [MESSAGE][PASSED] - Keys '*' sent to object: 'Object Repository/ADMIN/Edit Text/Bespoke/Buyer Pages/Onboarding_Settings/input_LAST NAME_last-name'

2020-03-20 14:07:20 - [TEST_STEP][PASSED] - sendKeys(findTestObject("ADMIN/Edit Text/Bespoke/Buyer Pages/Onboarding_Settings/input_NOTIFICATION EMAIL_notification-email"), "*"): Keys '*' sent to object: 'Object Repository/ADMIN/Edit Text/Bespoke/Buyer Pages/Onboarding_Settings/input_NOTIFICATION EMAIL_notification-email'

2020-03-20 14:07:20 - [MESSAGE][PASSED] - Keys '*' sent to object: 'Object Repository/ADMIN/Edit Text/Bespoke/Buyer Pages/Onboarding_Settings/input_NOTIFICATION EMAIL_notification-email'

2020-03-20 14:07:20 - [TEST_STEP][PASSED] - sendKeys(findTestObject("ADMIN/Edit Text/Bespoke/Buyer Pages/Onboarding_Settings/input_CONTACT NUMBER_contact-number"), "*"): Keys '*' sent to object: 'Object Repository/ADMIN/Edit Text/Bespoke/Buyer Pages/Onboarding_Settings/input_CONTACT NUMBER_contact-number'

2020-03-20 14:07:20 - [MESSAGE][PASSED] - Keys '*' sent to object: 'Object Repository/ADMIN/Edit Text/Bespoke/Buyer Pages/Onboarding_Settings/input_CONTACT NUMBER_contact-number'

2020-03-20 14:07:20 - [TEST_STEP][PASSED] - sendKeys(findTestObject("ADMIN/Edit Text/Bespoke/Buyer Pages/Onboarding_Settings/input_OPENID LOGIN_open-id-login"), "*"): Keys '*' sent to object: 'Object Repository/ADMIN/Edit Text/Bespoke/Buyer Pages/Onboarding_Settings/input_OPENID LOGIN_open-id-login'

2020-03-20 14:07:20 - [MESSAGE][PASSED] - Keys '*' sent to object: 'Object Repository/ADMIN/Edit Text/Bespoke/Buyer Pages/Onboarding_Settings/input_OPENID LOGIN_open-id-login'

2020-03-20 14:07:20 - [TEST_STEP][PASSED] - sendKeys(findTestObject("ADMIN/Edit Text/Bespoke/Buyer Pages/Onboarding_Settings/input_NEXT_btn_next"), "*"): Keys '*' sent to object: 'Object Repository/ADMIN/Edit Text/Bespoke/Buyer Pages/Onboarding_Settings/input_NEXT_btn_next'

2020-03-20 14:07:20 - [MESSAGE][PASSED] - Keys '*' sent to object: 'Object Repository/ADMIN/Edit Text/Bespoke/Buyer Pages/Onboarding_Settings/input_NEXT_btn_next'

2020-03-20 14:07:20 - [TEST_STEP][PASSED] - sendKeys(findTestObject("ADMIN/Edit Text/Bespoke/Buyer Pages/Onboarding_Settings/input_ADDRESS_tab-title"), "*"): Keys '*' sent to object: 'Object Repository/ADMIN/Edit Text/Bespoke/Buyer Pages/Onboarding_Settings/input_ADDRESS_tab-title'

2020-03-20 14:07:21 - [MESSAGE][PASSED] - Keys '*' sent to object: 'Object Repository/ADMIN/Edit Text/Bespoke/Buyer Pages/Onboarding_Settings/input_ADDRESS_tab-title'

2020-03-20 14:07:21 - [TEST_STEP][PASSED] - sendKeys(findTestObject("ADMIN/Edit Text/Bespoke/Buyer Pages/Onboarding_Settings/input_NEW DELIVERY ADDRESS_new-delivery-address"), "*"): Keys '*' sent to object: 'Object Repository/ADMIN/Edit Text/Bespoke/Buyer Pages/Onboarding_Settings/input_NEW DELIVERY ADDRESS_new-delivery-address'

2020-03-20 14:07:21 - [MESSAGE][PASSED] - Keys '*' sent to object: 'Object Repository/ADMIN/Edit Text/Bespoke/Buyer Pages/Onboarding_Settings/input_NEW DELIVERY ADDRESS_new-delivery-address'

2020-03-20 14:07:21 - [TEST_STEP][PASSED] - sendKeys(findTestObject("ADMIN/Edit Text/Bespoke/Buyer Pages/Onboarding_Settings/input_ADDRESSEE FIRST NAME_addressee-first-name"), "*"): Keys '*' sent to object: 'Object Repository/ADMIN/Edit Text/Bespoke/Buyer Pages/Onboarding_Settings/input_ADDRESSEE FIRST NAME_addressee-first-name'

2020-03-20 14:07:21 - [MESSAGE][PASSED] - Keys '*' sent to object: 'Object Repository/ADMIN/Edit Text/Bespoke/Buyer Pages/Onboarding_Settings/input_ADDRESSEE FIRST NAME_addressee-first-name'

2020-03-20 14:07:21 - [TEST_STEP][PASSED] - sendKeys(findTestObject("ADMIN/Edit Text/Bespoke/Buyer Pages/Onboarding_Settings/input_ADDRESSEE LAST NAME_addressee-last-name"), "*"): Keys '*' sent to object: 'Object Repository/ADMIN/Edit Text/Bespoke/Buyer Pages/Onboarding_Settings/input_ADDRESSEE LAST NAME_addressee-last-name'

2020-03-20 14:07:21 - [MESSAGE][PASSED] - Keys '*' sent to object: 'Object Repository/ADMIN/Edit Text/Bespoke/Buyer Pages/Onboarding_Settings/input_ADDRESSEE LAST NAME_addressee-last-name'

2020-03-20 14:07:21 - [TEST_STEP][PASSED] - sendKeys(findTestObject("ADMIN/Edit Text/Bespoke/Buyer Pages/Onboarding_Settings/input_ADDRESS_address"), "*"): Keys '*' sent to object: 'Object Repository/ADMIN/Edit Text/Bespoke/Buyer Pages/Onboarding_Settings/input_ADDRESS_address'

2020-03-20 14:07:21 - [MESSAGE][PASSED] - Keys '*' sent to object: 'Object Repository/ADMIN/Edit Text/Bespoke/Buyer Pages/Onboarding_Settings/input_ADDRESS_address'

2020-03-20 14:07:21 - [TEST_STEP][PASSED] - sendKeys(findTestObject("ADMIN/Edit Text/Bespoke/Buyer Pages/Onboarding_Settings/input_COUNTRY_address-country"), "*"): Keys '*' sent to object: 'Object Repository/ADMIN/Edit Text/Bespoke/Buyer Pages/Onboarding_Settings/input_COUNTRY_address-country'

2020-03-20 14:07:21 - [MESSAGE][PASSED] - Keys '*' sent to object: 'Object Repository/ADMIN/Edit Text/Bespoke/Buyer Pages/Onboarding_Settings/input_COUNTRY_address-country'

2020-03-20 14:07:21 - [TEST_STEP][PASSED] - sendKeys(findTestObject("ADMIN/Edit Text/Bespoke/Buyer Pages/Onboarding_Settings/input_State_address-state"), "*"): Keys '*' sent to object: 'Object Repository/ADMIN/Edit Text/Bespoke/Buyer Pages/Onboarding_Settings/input_State_address-state'

2020-03-20 14:07:21 - [MESSAGE][PASSED] - Keys '*' sent to object: 'Object Repository/ADMIN/Edit Text/Bespoke/Buyer Pages/Onboarding_Settings/input_State_address-state'

2020-03-20 14:07:21 - [TEST_STEP][PASSED] - sendKeys(findTestObject("ADMIN/Edit Text/Bespoke/Buyer Pages/Onboarding_Settings/input_CITY_address-city"), "*"): Keys '*' sent to object: 'Object Repository/ADMIN/Edit Text/Bespoke/Buyer Pages/Onboarding_Settings/input_CITY_address-city'

2020-03-20 14:07:22 - [MESSAGE][PASSED] - Keys '*' sent to object: 'Object Repository/ADMIN/Edit Text/Bespoke/Buyer Pages/Onboarding_Settings/input_CITY_address-city'

2020-03-20 14:07:22 - [TEST_STEP][PASSED] - sendKeys(findTestObject("ADMIN/Edit Text/Bespoke/Buyer Pages/Onboarding_Settings/input_POSTAL CODE_address-postalcode"), "*"): Keys '*' sent to object: 'Object Repository/ADMIN/Edit Text/Bespoke/Buyer Pages/Onboarding_Settings/input_POSTAL CODE_address-postalcode'

2020-03-20 14:07:22 - [MESSAGE][PASSED] - Keys '*' sent to object: 'Object Repository/ADMIN/Edit Text/Bespoke/Buyer Pages/Onboarding_Settings/input_POSTAL CODE_address-postalcode'

2020-03-20 14:07:22 - [TEST_STEP][PASSED] - sendKeys(findTestObject("ADMIN/Edit Text/Bespoke/Buyer Pages/Onboarding_Settings/input_SELECT COUNTRY_select-country"), "*"): Keys '*' sent to object: 'Object Repository/ADMIN/Edit Text/Bespoke/Buyer Pages/Onboarding_Settings/input_SELECT COUNTRY_select-country'

2020-03-20 14:07:22 - [MESSAGE][PASSED] - Keys '*' sent to object: 'Object Repository/ADMIN/Edit Text/Bespoke/Buyer Pages/Onboarding_Settings/input_SELECT COUNTRY_select-country'

2020-03-20 14:07:22 - [TEST_STEP][PASSED] - sendKeys(findTestObject("ADMIN/Edit Text/Bespoke/Buyer Pages/Onboarding_Settings/input_Select City"), "*"): Keys '*' sent to object: 'Object Repository/ADMIN/Edit Text/Bespoke/Buyer Pages/Onboarding_Settings/input_Select City'

2020-03-20 14:07:22 - [MESSAGE][PASSED] - Keys '*' sent to object: 'Object Repository/ADMIN/Edit Text/Bespoke/Buyer Pages/Onboarding_Settings/input_Select City'

2020-03-20 14:07:22 - [TEST_STEP][PASSED] - sendKeys(findTestObject("ADMIN/Edit Text/Bespoke/Buyer Pages/Onboarding_Settings/input_ADD ADDRESS_btn_add"), "*"): Keys '*' sent to object: 'Object Repository/ADMIN/Edit Text/Bespoke/Buyer Pages/Onboarding_Settings/input_ADD ADDRESS_btn_add'

2020-03-20 14:07:22 - [MESSAGE][PASSED] - Keys '*' sent to object: 'Object Repository/ADMIN/Edit Text/Bespoke/Buyer Pages/Onboarding_Settings/input_ADD ADDRESS_btn_add'

2020-03-20 14:07:22 - [TEST_STEP][PASSED] - sendKeys(findTestObject("ADMIN/Edit Text/Bespoke/Buyer Pages/Onboarding_Settings/input_SAVED ADDRESSES_address-saved"), "*"): Keys '*' sent to object: 'Object Repository/ADMIN/Edit Text/Bespoke/Buyer Pages/Onboarding_Settings/input_SAVED ADDRESSES_address-saved'

2020-03-20 14:07:23 - [MESSAGE][PASSED] - Keys '*' sent to object: 'Object Repository/ADMIN/Edit Text/Bespoke/Buyer Pages/Onboarding_Settings/input_SAVED ADDRESSES_address-saved'

2020-03-20 14:07:23 - [TEST_STEP][PASSED] - sendKeys(findTestObject("ADMIN/Edit Text/Bespoke/Buyer Pages/Onboarding_Settings/input_SAVE_btn_next"), "*"): Keys '*' sent to object: 'Object Repository/ADMIN/Edit Text/Bespoke/Buyer Pages/Onboarding_Settings/input_SAVE_btn_next'

2020-03-20 14:07:23 - [MESSAGE][PASSED] - Keys '*' sent to object: 'Object Repository/ADMIN/Edit Text/Bespoke/Buyer Pages/Onboarding_Settings/input_SAVE_btn_next'

2020-03-20 14:07:23 - [TEST_STEP][PASSED] - sendKeys(findTestObject("ADMIN/Edit Text/Bespoke/Buyer Pages/Onboarding_Settings/input_Are you sure want to delete_popup-title"), "*"): Keys '*' sent to object: 'Object Repository/ADMIN/Edit Text/Bespoke/Buyer Pages/Onboarding_Settings/input_Are you sure want to delete_popup-title'

2020-03-20 14:07:23 - [MESSAGE][PASSED] - Keys '*' sent to object: 'Object Repository/ADMIN/Edit Text/Bespoke/Buyer Pages/Onboarding_Settings/input_Are you sure want to delete_popup-title'

2020-03-20 14:07:23 - [TEST_STEP][PASSED] - sendKeys(findTestObject("ADMIN/Edit Text/Bespoke/Buyer Pages/Onboarding_Settings/input_CANCEL_btn_cancel"), "*"): Keys '*' sent to object: 'Object Repository/ADMIN/Edit Text/Bespoke/Buyer Pages/Onboarding_Settings/input_CANCEL_btn_cancel'

2020-03-20 14:07:23 - [MESSAGE][PASSED] - Keys '*' sent to object: 'Object Repository/ADMIN/Edit Text/Bespoke/Buyer Pages/Onboarding_Settings/input_CANCEL_btn_cancel'

2020-03-20 14:07:23 - [TEST_STEP][PASSED] - sendKeys(findTestObject("ADMIN/Edit Text/Bespoke/Buyer Pages/Onboarding_Settings/input_OK_btn_okay"), "*"): Keys '*' sent to object: 'Object Repository/ADMIN/Edit Text/Bespoke/Buyer Pages/Onboarding_Settings/input_OK_btn_okay'

2020-03-20 14:07:23 - [MESSAGE][PASSED] - Keys '*' sent to object: 'Object Repository/ADMIN/Edit Text/Bespoke/Buyer Pages/Onboarding_Settings/input_OK_btn_okay'

2020-03-20 14:07:23 - [TEST_STEP][PASSED] - click(findTestObject("ADMIN/Edit Text/Bespoke/Buyer Pages/Homepage/button_save"), CONTINUE_ON_FAILURE): Object: 'Object Repository/ADMIN/Edit Text/Bespoke/Buyer Pages/Homepage/button_save' is clicked on

2020-03-20 14:07:24 - [MESSAGE][PASSED] - Object: 'Object Repository/ADMIN/Edit Text/Bespoke/Buyer Pages/Homepage/button_save' is clicked on

2020-03-20 14:07:24 - [TEST_STEP][PASSED] - waitForElementVisible(findTestObject("ADMIN/Edit Text/Bespoke/Buyer Pages/Homepage/toaster_success"), 0): Object 'Object Repository/ADMIN/Edit Text/Bespoke/Buyer Pages/Homepage/toaster_success' is visible

2020-03-20 14:07:24 - [MESSAGE][WARNING] - Timeout '0' is invalid. Using default page load timeout: '30'

2020-03-20 14:07:24 - [MESSAGE][PASSED] - Object 'Object Repository/ADMIN/Edit Text/Bespoke/Buyer Pages/Homepage/toaster_success' is visible]]></system-out>
         <system-err><![CDATA[]]></system-err>
      </testcase>
      <testcase name="Test Cases/ADMIN/Language/Edit Text/Bespoke/Buyer Pages/Onboarding_Settings" time="7.914" classname="Test Cases/ADMIN/Language/Edit Text/Bespoke/Buyer Pages/Onboarding_Settings" status="PASSED">
         <system-out><![CDATA[2020-03-20 14:07:24 - [TEST_CASE][PASSED] - Test Cases/ADMIN/Language/Edit Text/Bespoke/Buyer Pages/Onboarding_Settings: Test Cases/ADMIN/Language/Edit Text/Bespoke/Buyer Pages/Onboarding_Settings

2020-03-20 14:07:24 - [TEST_STEP][PASSED] - waitForElementVisible(findTestObject("ADMIN/Edit Text/Bespoke/Buyer Navigation/dd_language"), 0): Object 'Object Repository/ADMIN/Edit Text/Bespoke/Buyer Navigation/dd_language' is visible

2020-03-20 14:07:24 - [MESSAGE][WARNING] - Timeout '0' is invalid. Using default page load timeout: '30'

2020-03-20 14:07:25 - [MESSAGE][PASSED] - Object 'Object Repository/ADMIN/Edit Text/Bespoke/Buyer Navigation/dd_language' is visible

2020-03-20 14:07:25 - [TEST_STEP][PASSED] - selectOptionByLabel(findTestObject("ADMIN/Edit Text/Bespoke/Buyer Navigation/dd_language"), varLanguage, false): All options with label 'Swedish' are selected in object 'Object Repository/ADMIN/Edit Text/Bespoke/Buyer Navigation/dd_language' 

2020-03-20 14:07:25 - [MESSAGE][PASSED] - All options with label 'Swedish' are selected in object 'Object Repository/ADMIN/Edit Text/Bespoke/Buyer Navigation/dd_language' 

2020-03-20 14:07:25 - [TEST_STEP][PASSED] - sendKeys(findTestObject("ADMIN/Edit Text/Bespoke/Buyer Pages/Onboarding_Settings/input_USER SETTINGS_marketplace-name"), "*"): Keys '*' sent to object: 'Object Repository/ADMIN/Edit Text/Bespoke/Buyer Pages/Onboarding_Settings/input_USER SETTINGS_marketplace-name'

2020-03-20 14:07:26 - [MESSAGE][PASSED] - Keys '*' sent to object: 'Object Repository/ADMIN/Edit Text/Bespoke/Buyer Pages/Onboarding_Settings/input_USER SETTINGS_marketplace-name'

2020-03-20 14:07:26 - [TEST_STEP][PASSED] - sendKeys(findTestObject("ADMIN/Edit Text/Bespoke/Buyer Pages/Onboarding_Settings/input_Configure your profile and your settings here_item_details"), "*"): Keys '*' sent to object: 'Object Repository/ADMIN/Edit Text/Bespoke/Buyer Pages/Onboarding_Settings/input_Configure your profile and your settings here_item_details'

2020-03-20 14:07:26 - [MESSAGE][PASSED] - Keys '*' sent to object: 'Object Repository/ADMIN/Edit Text/Bespoke/Buyer Pages/Onboarding_Settings/input_Configure your profile and your settings here_item_details'

2020-03-20 14:07:26 - [TEST_STEP][PASSED] - sendKeys(findTestObject("ADMIN/Edit Text/Bespoke/Buyer Pages/Onboarding_Settings/input_PROFILE_tab-title"), "*"): Keys '*' sent to object: 'Object Repository/ADMIN/Edit Text/Bespoke/Buyer Pages/Onboarding_Settings/input_PROFILE_tab-title'

2020-03-20 14:07:26 - [MESSAGE][PASSED] - Keys '*' sent to object: 'Object Repository/ADMIN/Edit Text/Bespoke/Buyer Pages/Onboarding_Settings/input_PROFILE_tab-title'

2020-03-20 14:07:26 - [TEST_STEP][PASSED] - sendKeys(findTestObject("ADMIN/Edit Text/Bespoke/Buyer Pages/Onboarding_Settings/input_CHANGE_btn_upload"), "*"): Keys '*' sent to object: 'Object Repository/ADMIN/Edit Text/Bespoke/Buyer Pages/Onboarding_Settings/input_CHANGE_btn_upload'

2020-03-20 14:07:26 - [MESSAGE][PASSED] - Keys '*' sent to object: 'Object Repository/ADMIN/Edit Text/Bespoke/Buyer Pages/Onboarding_Settings/input_CHANGE_btn_upload'

2020-03-20 14:07:26 - [TEST_STEP][PASSED] - sendKeys(findTestObject("ADMIN/Edit Text/Bespoke/Buyer Pages/Onboarding_Settings/input_DISPLAY NAME_display-name"), "*"): Keys '*' sent to object: 'Object Repository/ADMIN/Edit Text/Bespoke/Buyer Pages/Onboarding_Settings/input_DISPLAY NAME_display-name'

2020-03-20 14:07:26 - [MESSAGE][PASSED] - Keys '*' sent to object: 'Object Repository/ADMIN/Edit Text/Bespoke/Buyer Pages/Onboarding_Settings/input_DISPLAY NAME_display-name'

2020-03-20 14:07:26 - [TEST_STEP][PASSED] - sendKeys(findTestObject("ADMIN/Edit Text/Bespoke/Buyer Pages/Onboarding_Settings/input_FIRST NAME_first-name"), "*"): Keys '*' sent to object: 'Object Repository/ADMIN/Edit Text/Bespoke/Buyer Pages/Onboarding_Settings/input_FIRST NAME_first-name'

2020-03-20 14:07:26 - [MESSAGE][PASSED] - Keys '*' sent to object: 'Object Repository/ADMIN/Edit Text/Bespoke/Buyer Pages/Onboarding_Settings/input_FIRST NAME_first-name'

2020-03-20 14:07:26 - [TEST_STEP][PASSED] - sendKeys(findTestObject("ADMIN/Edit Text/Bespoke/Buyer Pages/Onboarding_Settings/input_LAST NAME_last-name"), "*"): Keys '*' sent to object: 'Object Repository/ADMIN/Edit Text/Bespoke/Buyer Pages/Onboarding_Settings/input_LAST NAME_last-name'

2020-03-20 14:07:27 - [MESSAGE][PASSED] - Keys '*' sent to object: 'Object Repository/ADMIN/Edit Text/Bespoke/Buyer Pages/Onboarding_Settings/input_LAST NAME_last-name'

2020-03-20 14:07:27 - [TEST_STEP][PASSED] - sendKeys(findTestObject("ADMIN/Edit Text/Bespoke/Buyer Pages/Onboarding_Settings/input_NOTIFICATION EMAIL_notification-email"), "*"): Keys '*' sent to object: 'Object Repository/ADMIN/Edit Text/Bespoke/Buyer Pages/Onboarding_Settings/input_NOTIFICATION EMAIL_notification-email'

2020-03-20 14:07:27 - [MESSAGE][PASSED] - Keys '*' sent to object: 'Object Repository/ADMIN/Edit Text/Bespoke/Buyer Pages/Onboarding_Settings/input_NOTIFICATION EMAIL_notification-email'

2020-03-20 14:07:27 - [TEST_STEP][PASSED] - sendKeys(findTestObject("ADMIN/Edit Text/Bespoke/Buyer Pages/Onboarding_Settings/input_CONTACT NUMBER_contact-number"), "*"): Keys '*' sent to object: 'Object Repository/ADMIN/Edit Text/Bespoke/Buyer Pages/Onboarding_Settings/input_CONTACT NUMBER_contact-number'

2020-03-20 14:07:27 - [MESSAGE][PASSED] - Keys '*' sent to object: 'Object Repository/ADMIN/Edit Text/Bespoke/Buyer Pages/Onboarding_Settings/input_CONTACT NUMBER_contact-number'

2020-03-20 14:07:27 - [TEST_STEP][PASSED] - sendKeys(findTestObject("ADMIN/Edit Text/Bespoke/Buyer Pages/Onboarding_Settings/input_OPENID LOGIN_open-id-login"), "*"): Keys '*' sent to object: 'Object Repository/ADMIN/Edit Text/Bespoke/Buyer Pages/Onboarding_Settings/input_OPENID LOGIN_open-id-login'

2020-03-20 14:07:27 - [MESSAGE][PASSED] - Keys '*' sent to object: 'Object Repository/ADMIN/Edit Text/Bespoke/Buyer Pages/Onboarding_Settings/input_OPENID LOGIN_open-id-login'

2020-03-20 14:07:27 - [TEST_STEP][PASSED] - sendKeys(findTestObject("ADMIN/Edit Text/Bespoke/Buyer Pages/Onboarding_Settings/input_NEXT_btn_next"), "*"): Keys '*' sent to object: 'Object Repository/ADMIN/Edit Text/Bespoke/Buyer Pages/Onboarding_Settings/input_NEXT_btn_next'

2020-03-20 14:07:27 - [MESSAGE][PASSED] - Keys '*' sent to object: 'Object Repository/ADMIN/Edit Text/Bespoke/Buyer Pages/Onboarding_Settings/input_NEXT_btn_next'

2020-03-20 14:07:27 - [TEST_STEP][PASSED] - sendKeys(findTestObject("ADMIN/Edit Text/Bespoke/Buyer Pages/Onboarding_Settings/input_ADDRESS_tab-title"), "*"): Keys '*' sent to object: 'Object Repository/ADMIN/Edit Text/Bespoke/Buyer Pages/Onboarding_Settings/input_ADDRESS_tab-title'

2020-03-20 14:07:28 - [MESSAGE][PASSED] - Keys '*' sent to object: 'Object Repository/ADMIN/Edit Text/Bespoke/Buyer Pages/Onboarding_Settings/input_ADDRESS_tab-title'

2020-03-20 14:07:28 - [TEST_STEP][PASSED] - sendKeys(findTestObject("ADMIN/Edit Text/Bespoke/Buyer Pages/Onboarding_Settings/input_NEW DELIVERY ADDRESS_new-delivery-address"), "*"): Keys '*' sent to object: 'Object Repository/ADMIN/Edit Text/Bespoke/Buyer Pages/Onboarding_Settings/input_NEW DELIVERY ADDRESS_new-delivery-address'

2020-03-20 14:07:28 - [MESSAGE][PASSED] - Keys '*' sent to object: 'Object Repository/ADMIN/Edit Text/Bespoke/Buyer Pages/Onboarding_Settings/input_NEW DELIVERY ADDRESS_new-delivery-address'

2020-03-20 14:07:28 - [TEST_STEP][PASSED] - sendKeys(findTestObject("ADMIN/Edit Text/Bespoke/Buyer Pages/Onboarding_Settings/input_ADDRESSEE FIRST NAME_addressee-first-name"), "*"): Keys '*' sent to object: 'Object Repository/ADMIN/Edit Text/Bespoke/Buyer Pages/Onboarding_Settings/input_ADDRESSEE FIRST NAME_addressee-first-name'

2020-03-20 14:07:28 - [MESSAGE][PASSED] - Keys '*' sent to object: 'Object Repository/ADMIN/Edit Text/Bespoke/Buyer Pages/Onboarding_Settings/input_ADDRESSEE FIRST NAME_addressee-first-name'

2020-03-20 14:07:28 - [TEST_STEP][PASSED] - sendKeys(findTestObject("ADMIN/Edit Text/Bespoke/Buyer Pages/Onboarding_Settings/input_ADDRESSEE LAST NAME_addressee-last-name"), "*"): Keys '*' sent to object: 'Object Repository/ADMIN/Edit Text/Bespoke/Buyer Pages/Onboarding_Settings/input_ADDRESSEE LAST NAME_addressee-last-name'

2020-03-20 14:07:28 - [MESSAGE][PASSED] - Keys '*' sent to object: 'Object Repository/ADMIN/Edit Text/Bespoke/Buyer Pages/Onboarding_Settings/input_ADDRESSEE LAST NAME_addressee-last-name'

2020-03-20 14:07:28 - [TEST_STEP][PASSED] - sendKeys(findTestObject("ADMIN/Edit Text/Bespoke/Buyer Pages/Onboarding_Settings/input_ADDRESS_address"), "*"): Keys '*' sent to object: 'Object Repository/ADMIN/Edit Text/Bespoke/Buyer Pages/Onboarding_Settings/input_ADDRESS_address'

2020-03-20 14:07:29 - [MESSAGE][PASSED] - Keys '*' sent to object: 'Object Repository/ADMIN/Edit Text/Bespoke/Buyer Pages/Onboarding_Settings/input_ADDRESS_address'

2020-03-20 14:07:29 - [TEST_STEP][PASSED] - sendKeys(findTestObject("ADMIN/Edit Text/Bespoke/Buyer Pages/Onboarding_Settings/input_COUNTRY_address-country"), "*"): Keys '*' sent to object: 'Object Repository/ADMIN/Edit Text/Bespoke/Buyer Pages/Onboarding_Settings/input_COUNTRY_address-country'

2020-03-20 14:07:29 - [MESSAGE][PASSED] - Keys '*' sent to object: 'Object Repository/ADMIN/Edit Text/Bespoke/Buyer Pages/Onboarding_Settings/input_COUNTRY_address-country'

2020-03-20 14:07:29 - [TEST_STEP][PASSED] - sendKeys(findTestObject("ADMIN/Edit Text/Bespoke/Buyer Pages/Onboarding_Settings/input_State_address-state"), "*"): Keys '*' sent to object: 'Object Repository/ADMIN/Edit Text/Bespoke/Buyer Pages/Onboarding_Settings/input_State_address-state'

2020-03-20 14:07:29 - [MESSAGE][PASSED] - Keys '*' sent to object: 'Object Repository/ADMIN/Edit Text/Bespoke/Buyer Pages/Onboarding_Settings/input_State_address-state'

2020-03-20 14:07:29 - [TEST_STEP][PASSED] - sendKeys(findTestObject("ADMIN/Edit Text/Bespoke/Buyer Pages/Onboarding_Settings/input_CITY_address-city"), "*"): Keys '*' sent to object: 'Object Repository/ADMIN/Edit Text/Bespoke/Buyer Pages/Onboarding_Settings/input_CITY_address-city'

2020-03-20 14:07:29 - [MESSAGE][PASSED] - Keys '*' sent to object: 'Object Repository/ADMIN/Edit Text/Bespoke/Buyer Pages/Onboarding_Settings/input_CITY_address-city'

2020-03-20 14:07:29 - [TEST_STEP][PASSED] - sendKeys(findTestObject("ADMIN/Edit Text/Bespoke/Buyer Pages/Onboarding_Settings/input_POSTAL CODE_address-postalcode"), "*"): Keys '*' sent to object: 'Object Repository/ADMIN/Edit Text/Bespoke/Buyer Pages/Onboarding_Settings/input_POSTAL CODE_address-postalcode'

2020-03-20 14:07:30 - [MESSAGE][PASSED] - Keys '*' sent to object: 'Object Repository/ADMIN/Edit Text/Bespoke/Buyer Pages/Onboarding_Settings/input_POSTAL CODE_address-postalcode'

2020-03-20 14:07:30 - [TEST_STEP][PASSED] - sendKeys(findTestObject("ADMIN/Edit Text/Bespoke/Buyer Pages/Onboarding_Settings/input_SELECT COUNTRY_select-country"), "*"): Keys '*' sent to object: 'Object Repository/ADMIN/Edit Text/Bespoke/Buyer Pages/Onboarding_Settings/input_SELECT COUNTRY_select-country'

2020-03-20 14:07:30 - [MESSAGE][PASSED] - Keys '*' sent to object: 'Object Repository/ADMIN/Edit Text/Bespoke/Buyer Pages/Onboarding_Settings/input_SELECT COUNTRY_select-country'

2020-03-20 14:07:30 - [TEST_STEP][PASSED] - sendKeys(findTestObject("ADMIN/Edit Text/Bespoke/Buyer Pages/Onboarding_Settings/input_Select City"), "*"): Keys '*' sent to object: 'Object Repository/ADMIN/Edit Text/Bespoke/Buyer Pages/Onboarding_Settings/input_Select City'

2020-03-20 14:07:30 - [MESSAGE][PASSED] - Keys '*' sent to object: 'Object Repository/ADMIN/Edit Text/Bespoke/Buyer Pages/Onboarding_Settings/input_Select City'

2020-03-20 14:07:30 - [TEST_STEP][PASSED] - sendKeys(findTestObject("ADMIN/Edit Text/Bespoke/Buyer Pages/Onboarding_Settings/input_ADD ADDRESS_btn_add"), "*"): Keys '*' sent to object: 'Object Repository/ADMIN/Edit Text/Bespoke/Buyer Pages/Onboarding_Settings/input_ADD ADDRESS_btn_add'

2020-03-20 14:07:30 - [MESSAGE][PASSED] - Keys '*' sent to object: 'Object Repository/ADMIN/Edit Text/Bespoke/Buyer Pages/Onboarding_Settings/input_ADD ADDRESS_btn_add'

2020-03-20 14:07:30 - [TEST_STEP][PASSED] - sendKeys(findTestObject("ADMIN/Edit Text/Bespoke/Buyer Pages/Onboarding_Settings/input_SAVED ADDRESSES_address-saved"), "*"): Keys '*' sent to object: 'Object Repository/ADMIN/Edit Text/Bespoke/Buyer Pages/Onboarding_Settings/input_SAVED ADDRESSES_address-saved'

2020-03-20 14:07:30 - [MESSAGE][PASSED] - Keys '*' sent to object: 'Object Repository/ADMIN/Edit Text/Bespoke/Buyer Pages/Onboarding_Settings/input_SAVED ADDRESSES_address-saved'

2020-03-20 14:07:30 - [TEST_STEP][PASSED] - sendKeys(findTestObject("ADMIN/Edit Text/Bespoke/Buyer Pages/Onboarding_Settings/input_SAVE_btn_next"), "*"): Keys '*' sent to object: 'Object Repository/ADMIN/Edit Text/Bespoke/Buyer Pages/Onboarding_Settings/input_SAVE_btn_next'

2020-03-20 14:07:31 - [MESSAGE][PASSED] - Keys '*' sent to object: 'Object Repository/ADMIN/Edit Text/Bespoke/Buyer Pages/Onboarding_Settings/input_SAVE_btn_next'

2020-03-20 14:07:31 - [TEST_STEP][PASSED] - sendKeys(findTestObject("ADMIN/Edit Text/Bespoke/Buyer Pages/Onboarding_Settings/input_Are you sure want to delete_popup-title"), "*"): Keys '*' sent to object: 'Object Repository/ADMIN/Edit Text/Bespoke/Buyer Pages/Onboarding_Settings/input_Are you sure want to delete_popup-title'

2020-03-20 14:07:31 - [MESSAGE][PASSED] - Keys '*' sent to object: 'Object Repository/ADMIN/Edit Text/Bespoke/Buyer Pages/Onboarding_Settings/input_Are you sure want to delete_popup-title'

2020-03-20 14:07:31 - [TEST_STEP][PASSED] - sendKeys(findTestObject("ADMIN/Edit Text/Bespoke/Buyer Pages/Onboarding_Settings/input_CANCEL_btn_cancel"), "*"): Keys '*' sent to object: 'Object Repository/ADMIN/Edit Text/Bespoke/Buyer Pages/Onboarding_Settings/input_CANCEL_btn_cancel'

2020-03-20 14:07:31 - [MESSAGE][PASSED] - Keys '*' sent to object: 'Object Repository/ADMIN/Edit Text/Bespoke/Buyer Pages/Onboarding_Settings/input_CANCEL_btn_cancel'

2020-03-20 14:07:31 - [TEST_STEP][PASSED] - sendKeys(findTestObject("ADMIN/Edit Text/Bespoke/Buyer Pages/Onboarding_Settings/input_OK_btn_okay"), "*"): Keys '*' sent to object: 'Object Repository/ADMIN/Edit Text/Bespoke/Buyer Pages/Onboarding_Settings/input_OK_btn_okay'

2020-03-20 14:07:31 - [MESSAGE][PASSED] - Keys '*' sent to object: 'Object Repository/ADMIN/Edit Text/Bespoke/Buyer Pages/Onboarding_Settings/input_OK_btn_okay'

2020-03-20 14:07:31 - [TEST_STEP][PASSED] - click(findTestObject("ADMIN/Edit Text/Bespoke/Buyer Pages/Homepage/button_save"), CONTINUE_ON_FAILURE): Object: 'Object Repository/ADMIN/Edit Text/Bespoke/Buyer Pages/Homepage/button_save' is clicked on

2020-03-20 14:07:32 - [MESSAGE][PASSED] - Object: 'Object Repository/ADMIN/Edit Text/Bespoke/Buyer Pages/Homepage/button_save' is clicked on

2020-03-20 14:07:32 - [TEST_STEP][PASSED] - waitForElementVisible(findTestObject("ADMIN/Edit Text/Bespoke/Buyer Pages/Homepage/toaster_success"), 0): Object 'Object Repository/ADMIN/Edit Text/Bespoke/Buyer Pages/Homepage/toaster_success' is visible

2020-03-20 14:07:32 - [MESSAGE][WARNING] - Timeout '0' is invalid. Using default page load timeout: '30'

2020-03-20 14:07:32 - [MESSAGE][PASSED] - Object 'Object Repository/ADMIN/Edit Text/Bespoke/Buyer Pages/Homepage/toaster_success' is visible]]></system-out>
         <system-err><![CDATA[]]></system-err>
      </testcase>
      <testcase name="Test Cases/ADMIN/Language/Edit Text/Bespoke/Buyer Pages/Onboarding_Settings" time="8.824" classname="Test Cases/ADMIN/Language/Edit Text/Bespoke/Buyer Pages/Onboarding_Settings" status="PASSED">
         <system-out><![CDATA[2020-03-20 14:07:32 - [TEST_CASE][PASSED] - Test Cases/ADMIN/Language/Edit Text/Bespoke/Buyer Pages/Onboarding_Settings: Test Cases/ADMIN/Language/Edit Text/Bespoke/Buyer Pages/Onboarding_Settings

2020-03-20 14:07:32 - [TEST_STEP][PASSED] - waitForElementVisible(findTestObject("ADMIN/Edit Text/Bespoke/Buyer Navigation/dd_language"), 0): Object 'Object Repository/ADMIN/Edit Text/Bespoke/Buyer Navigation/dd_language' is visible

2020-03-20 14:07:32 - [MESSAGE][WARNING] - Timeout '0' is invalid. Using default page load timeout: '30'

2020-03-20 14:07:32 - [MESSAGE][PASSED] - Object 'Object Repository/ADMIN/Edit Text/Bespoke/Buyer Navigation/dd_language' is visible

2020-03-20 14:07:32 - [TEST_STEP][PASSED] - selectOptionByLabel(findTestObject("ADMIN/Edit Text/Bespoke/Buyer Navigation/dd_language"), varLanguage, false): All options with label 'Chinese (Simplified)' are selected in object 'Object Repository/ADMIN/Edit Text/Bespoke/Buyer Navigation/dd_language' 

2020-03-20 14:07:33 - [MESSAGE][PASSED] - All options with label 'Chinese (Simplified)' are selected in object 'Object Repository/ADMIN/Edit Text/Bespoke/Buyer Navigation/dd_language' 

2020-03-20 14:07:33 - [TEST_STEP][PASSED] - sendKeys(findTestObject("ADMIN/Edit Text/Bespoke/Buyer Pages/Onboarding_Settings/input_USER SETTINGS_marketplace-name"), "*"): Keys '*' sent to object: 'Object Repository/ADMIN/Edit Text/Bespoke/Buyer Pages/Onboarding_Settings/input_USER SETTINGS_marketplace-name'

2020-03-20 14:07:34 - [MESSAGE][PASSED] - Keys '*' sent to object: 'Object Repository/ADMIN/Edit Text/Bespoke/Buyer Pages/Onboarding_Settings/input_USER SETTINGS_marketplace-name'

2020-03-20 14:07:34 - [TEST_STEP][PASSED] - sendKeys(findTestObject("ADMIN/Edit Text/Bespoke/Buyer Pages/Onboarding_Settings/input_Configure your profile and your settings here_item_details"), "*"): Keys '*' sent to object: 'Object Repository/ADMIN/Edit Text/Bespoke/Buyer Pages/Onboarding_Settings/input_Configure your profile and your settings here_item_details'

2020-03-20 14:07:34 - [MESSAGE][PASSED] - Keys '*' sent to object: 'Object Repository/ADMIN/Edit Text/Bespoke/Buyer Pages/Onboarding_Settings/input_Configure your profile and your settings here_item_details'

2020-03-20 14:07:34 - [TEST_STEP][PASSED] - sendKeys(findTestObject("ADMIN/Edit Text/Bespoke/Buyer Pages/Onboarding_Settings/input_PROFILE_tab-title"), "*"): Keys '*' sent to object: 'Object Repository/ADMIN/Edit Text/Bespoke/Buyer Pages/Onboarding_Settings/input_PROFILE_tab-title'

2020-03-20 14:07:34 - [MESSAGE][PASSED] - Keys '*' sent to object: 'Object Repository/ADMIN/Edit Text/Bespoke/Buyer Pages/Onboarding_Settings/input_PROFILE_tab-title'

2020-03-20 14:07:34 - [TEST_STEP][PASSED] - sendKeys(findTestObject("ADMIN/Edit Text/Bespoke/Buyer Pages/Onboarding_Settings/input_CHANGE_btn_upload"), "*"): Keys '*' sent to object: 'Object Repository/ADMIN/Edit Text/Bespoke/Buyer Pages/Onboarding_Settings/input_CHANGE_btn_upload'

2020-03-20 14:07:34 - [MESSAGE][PASSED] - Keys '*' sent to object: 'Object Repository/ADMIN/Edit Text/Bespoke/Buyer Pages/Onboarding_Settings/input_CHANGE_btn_upload'

2020-03-20 14:07:34 - [TEST_STEP][PASSED] - sendKeys(findTestObject("ADMIN/Edit Text/Bespoke/Buyer Pages/Onboarding_Settings/input_DISPLAY NAME_display-name"), "*"): Keys '*' sent to object: 'Object Repository/ADMIN/Edit Text/Bespoke/Buyer Pages/Onboarding_Settings/input_DISPLAY NAME_display-name'

2020-03-20 14:07:34 - [MESSAGE][PASSED] - Keys '*' sent to object: 'Object Repository/ADMIN/Edit Text/Bespoke/Buyer Pages/Onboarding_Settings/input_DISPLAY NAME_display-name'

2020-03-20 14:07:34 - [TEST_STEP][PASSED] - sendKeys(findTestObject("ADMIN/Edit Text/Bespoke/Buyer Pages/Onboarding_Settings/input_FIRST NAME_first-name"), "*"): Keys '*' sent to object: 'Object Repository/ADMIN/Edit Text/Bespoke/Buyer Pages/Onboarding_Settings/input_FIRST NAME_first-name'

2020-03-20 14:07:35 - [MESSAGE][PASSED] - Keys '*' sent to object: 'Object Repository/ADMIN/Edit Text/Bespoke/Buyer Pages/Onboarding_Settings/input_FIRST NAME_first-name'

2020-03-20 14:07:35 - [TEST_STEP][PASSED] - sendKeys(findTestObject("ADMIN/Edit Text/Bespoke/Buyer Pages/Onboarding_Settings/input_LAST NAME_last-name"), "*"): Keys '*' sent to object: 'Object Repository/ADMIN/Edit Text/Bespoke/Buyer Pages/Onboarding_Settings/input_LAST NAME_last-name'

2020-03-20 14:07:35 - [MESSAGE][PASSED] - Keys '*' sent to object: 'Object Repository/ADMIN/Edit Text/Bespoke/Buyer Pages/Onboarding_Settings/input_LAST NAME_last-name'

2020-03-20 14:07:35 - [TEST_STEP][PASSED] - sendKeys(findTestObject("ADMIN/Edit Text/Bespoke/Buyer Pages/Onboarding_Settings/input_NOTIFICATION EMAIL_notification-email"), "*"): Keys '*' sent to object: 'Object Repository/ADMIN/Edit Text/Bespoke/Buyer Pages/Onboarding_Settings/input_NOTIFICATION EMAIL_notification-email'

2020-03-20 14:07:36 - [MESSAGE][PASSED] - Keys '*' sent to object: 'Object Repository/ADMIN/Edit Text/Bespoke/Buyer Pages/Onboarding_Settings/input_NOTIFICATION EMAIL_notification-email'

2020-03-20 14:07:36 - [TEST_STEP][PASSED] - sendKeys(findTestObject("ADMIN/Edit Text/Bespoke/Buyer Pages/Onboarding_Settings/input_CONTACT NUMBER_contact-number"), "*"): Keys '*' sent to object: 'Object Repository/ADMIN/Edit Text/Bespoke/Buyer Pages/Onboarding_Settings/input_CONTACT NUMBER_contact-number'

2020-03-20 14:07:36 - [MESSAGE][PASSED] - Keys '*' sent to object: 'Object Repository/ADMIN/Edit Text/Bespoke/Buyer Pages/Onboarding_Settings/input_CONTACT NUMBER_contact-number'

2020-03-20 14:07:36 - [TEST_STEP][PASSED] - sendKeys(findTestObject("ADMIN/Edit Text/Bespoke/Buyer Pages/Onboarding_Settings/input_OPENID LOGIN_open-id-login"), "*"): Keys '*' sent to object: 'Object Repository/ADMIN/Edit Text/Bespoke/Buyer Pages/Onboarding_Settings/input_OPENID LOGIN_open-id-login'

2020-03-20 14:07:36 - [MESSAGE][PASSED] - Keys '*' sent to object: 'Object Repository/ADMIN/Edit Text/Bespoke/Buyer Pages/Onboarding_Settings/input_OPENID LOGIN_open-id-login'

2020-03-20 14:07:36 - [TEST_STEP][PASSED] - sendKeys(findTestObject("ADMIN/Edit Text/Bespoke/Buyer Pages/Onboarding_Settings/input_NEXT_btn_next"), "*"): Keys '*' sent to object: 'Object Repository/ADMIN/Edit Text/Bespoke/Buyer Pages/Onboarding_Settings/input_NEXT_btn_next'

2020-03-20 14:07:36 - [MESSAGE][PASSED] - Keys '*' sent to object: 'Object Repository/ADMIN/Edit Text/Bespoke/Buyer Pages/Onboarding_Settings/input_NEXT_btn_next'

2020-03-20 14:07:36 - [TEST_STEP][PASSED] - sendKeys(findTestObject("ADMIN/Edit Text/Bespoke/Buyer Pages/Onboarding_Settings/input_ADDRESS_tab-title"), "*"): Keys '*' sent to object: 'Object Repository/ADMIN/Edit Text/Bespoke/Buyer Pages/Onboarding_Settings/input_ADDRESS_tab-title'

2020-03-20 14:07:36 - [MESSAGE][PASSED] - Keys '*' sent to object: 'Object Repository/ADMIN/Edit Text/Bespoke/Buyer Pages/Onboarding_Settings/input_ADDRESS_tab-title'

2020-03-20 14:07:36 - [TEST_STEP][PASSED] - sendKeys(findTestObject("ADMIN/Edit Text/Bespoke/Buyer Pages/Onboarding_Settings/input_NEW DELIVERY ADDRESS_new-delivery-address"), "*"): Keys '*' sent to object: 'Object Repository/ADMIN/Edit Text/Bespoke/Buyer Pages/Onboarding_Settings/input_NEW DELIVERY ADDRESS_new-delivery-address'

2020-03-20 14:07:36 - [MESSAGE][PASSED] - Keys '*' sent to object: 'Object Repository/ADMIN/Edit Text/Bespoke/Buyer Pages/Onboarding_Settings/input_NEW DELIVERY ADDRESS_new-delivery-address'

2020-03-20 14:07:36 - [TEST_STEP][PASSED] - sendKeys(findTestObject("ADMIN/Edit Text/Bespoke/Buyer Pages/Onboarding_Settings/input_ADDRESSEE FIRST NAME_addressee-first-name"), "*"): Keys '*' sent to object: 'Object Repository/ADMIN/Edit Text/Bespoke/Buyer Pages/Onboarding_Settings/input_ADDRESSEE FIRST NAME_addressee-first-name'

2020-03-20 14:07:37 - [MESSAGE][PASSED] - Keys '*' sent to object: 'Object Repository/ADMIN/Edit Text/Bespoke/Buyer Pages/Onboarding_Settings/input_ADDRESSEE FIRST NAME_addressee-first-name'

2020-03-20 14:07:37 - [TEST_STEP][PASSED] - sendKeys(findTestObject("ADMIN/Edit Text/Bespoke/Buyer Pages/Onboarding_Settings/input_ADDRESSEE LAST NAME_addressee-last-name"), "*"): Keys '*' sent to object: 'Object Repository/ADMIN/Edit Text/Bespoke/Buyer Pages/Onboarding_Settings/input_ADDRESSEE LAST NAME_addressee-last-name'

2020-03-20 14:07:37 - [MESSAGE][PASSED] - Keys '*' sent to object: 'Object Repository/ADMIN/Edit Text/Bespoke/Buyer Pages/Onboarding_Settings/input_ADDRESSEE LAST NAME_addressee-last-name'

2020-03-20 14:07:37 - [TEST_STEP][PASSED] - sendKeys(findTestObject("ADMIN/Edit Text/Bespoke/Buyer Pages/Onboarding_Settings/input_ADDRESS_address"), "*"): Keys '*' sent to object: 'Object Repository/ADMIN/Edit Text/Bespoke/Buyer Pages/Onboarding_Settings/input_ADDRESS_address'

2020-03-20 14:07:38 - [MESSAGE][PASSED] - Keys '*' sent to object: 'Object Repository/ADMIN/Edit Text/Bespoke/Buyer Pages/Onboarding_Settings/input_ADDRESS_address'

2020-03-20 14:07:38 - [TEST_STEP][PASSED] - sendKeys(findTestObject("ADMIN/Edit Text/Bespoke/Buyer Pages/Onboarding_Settings/input_COUNTRY_address-country"), "*"): Keys '*' sent to object: 'Object Repository/ADMIN/Edit Text/Bespoke/Buyer Pages/Onboarding_Settings/input_COUNTRY_address-country'

2020-03-20 14:07:38 - [MESSAGE][PASSED] - Keys '*' sent to object: 'Object Repository/ADMIN/Edit Text/Bespoke/Buyer Pages/Onboarding_Settings/input_COUNTRY_address-country'

2020-03-20 14:07:38 - [TEST_STEP][PASSED] - sendKeys(findTestObject("ADMIN/Edit Text/Bespoke/Buyer Pages/Onboarding_Settings/input_State_address-state"), "*"): Keys '*' sent to object: 'Object Repository/ADMIN/Edit Text/Bespoke/Buyer Pages/Onboarding_Settings/input_State_address-state'

2020-03-20 14:07:38 - [MESSAGE][PASSED] - Keys '*' sent to object: 'Object Repository/ADMIN/Edit Text/Bespoke/Buyer Pages/Onboarding_Settings/input_State_address-state'

2020-03-20 14:07:38 - [TEST_STEP][PASSED] - sendKeys(findTestObject("ADMIN/Edit Text/Bespoke/Buyer Pages/Onboarding_Settings/input_CITY_address-city"), "*"): Keys '*' sent to object: 'Object Repository/ADMIN/Edit Text/Bespoke/Buyer Pages/Onboarding_Settings/input_CITY_address-city'

2020-03-20 14:07:38 - [MESSAGE][PASSED] - Keys '*' sent to object: 'Object Repository/ADMIN/Edit Text/Bespoke/Buyer Pages/Onboarding_Settings/input_CITY_address-city'

2020-03-20 14:07:38 - [TEST_STEP][PASSED] - sendKeys(findTestObject("ADMIN/Edit Text/Bespoke/Buyer Pages/Onboarding_Settings/input_POSTAL CODE_address-postalcode"), "*"): Keys '*' sent to object: 'Object Repository/ADMIN/Edit Text/Bespoke/Buyer Pages/Onboarding_Settings/input_POSTAL CODE_address-postalcode'

2020-03-20 14:07:38 - [MESSAGE][PASSED] - Keys '*' sent to object: 'Object Repository/ADMIN/Edit Text/Bespoke/Buyer Pages/Onboarding_Settings/input_POSTAL CODE_address-postalcode'

2020-03-20 14:07:38 - [TEST_STEP][PASSED] - sendKeys(findTestObject("ADMIN/Edit Text/Bespoke/Buyer Pages/Onboarding_Settings/input_SELECT COUNTRY_select-country"), "*"): Keys '*' sent to object: 'Object Repository/ADMIN/Edit Text/Bespoke/Buyer Pages/Onboarding_Settings/input_SELECT COUNTRY_select-country'

2020-03-20 14:07:39 - [MESSAGE][PASSED] - Keys '*' sent to object: 'Object Repository/ADMIN/Edit Text/Bespoke/Buyer Pages/Onboarding_Settings/input_SELECT COUNTRY_select-country'

2020-03-20 14:07:39 - [TEST_STEP][PASSED] - sendKeys(findTestObject("ADMIN/Edit Text/Bespoke/Buyer Pages/Onboarding_Settings/input_Select City"), "*"): Keys '*' sent to object: 'Object Repository/ADMIN/Edit Text/Bespoke/Buyer Pages/Onboarding_Settings/input_Select City'

2020-03-20 14:07:39 - [MESSAGE][PASSED] - Keys '*' sent to object: 'Object Repository/ADMIN/Edit Text/Bespoke/Buyer Pages/Onboarding_Settings/input_Select City'

2020-03-20 14:07:39 - [TEST_STEP][PASSED] - sendKeys(findTestObject("ADMIN/Edit Text/Bespoke/Buyer Pages/Onboarding_Settings/input_ADD ADDRESS_btn_add"), "*"): Keys '*' sent to object: 'Object Repository/ADMIN/Edit Text/Bespoke/Buyer Pages/Onboarding_Settings/input_ADD ADDRESS_btn_add'

2020-03-20 14:07:39 - [MESSAGE][PASSED] - Keys '*' sent to object: 'Object Repository/ADMIN/Edit Text/Bespoke/Buyer Pages/Onboarding_Settings/input_ADD ADDRESS_btn_add'

2020-03-20 14:07:39 - [TEST_STEP][PASSED] - sendKeys(findTestObject("ADMIN/Edit Text/Bespoke/Buyer Pages/Onboarding_Settings/input_SAVED ADDRESSES_address-saved"), "*"): Keys '*' sent to object: 'Object Repository/ADMIN/Edit Text/Bespoke/Buyer Pages/Onboarding_Settings/input_SAVED ADDRESSES_address-saved'

2020-03-20 14:07:39 - [MESSAGE][PASSED] - Keys '*' sent to object: 'Object Repository/ADMIN/Edit Text/Bespoke/Buyer Pages/Onboarding_Settings/input_SAVED ADDRESSES_address-saved'

2020-03-20 14:07:39 - [TEST_STEP][PASSED] - sendKeys(findTestObject("ADMIN/Edit Text/Bespoke/Buyer Pages/Onboarding_Settings/input_SAVE_btn_next"), "*"): Keys '*' sent to object: 'Object Repository/ADMIN/Edit Text/Bespoke/Buyer Pages/Onboarding_Settings/input_SAVE_btn_next'

2020-03-20 14:07:39 - [MESSAGE][PASSED] - Keys '*' sent to object: 'Object Repository/ADMIN/Edit Text/Bespoke/Buyer Pages/Onboarding_Settings/input_SAVE_btn_next'

2020-03-20 14:07:39 - [TEST_STEP][PASSED] - sendKeys(findTestObject("ADMIN/Edit Text/Bespoke/Buyer Pages/Onboarding_Settings/input_Are you sure want to delete_popup-title"), "*"): Keys '*' sent to object: 'Object Repository/ADMIN/Edit Text/Bespoke/Buyer Pages/Onboarding_Settings/input_Are you sure want to delete_popup-title'

2020-03-20 14:07:40 - [MESSAGE][PASSED] - Keys '*' sent to object: 'Object Repository/ADMIN/Edit Text/Bespoke/Buyer Pages/Onboarding_Settings/input_Are you sure want to delete_popup-title'

2020-03-20 14:07:40 - [TEST_STEP][PASSED] - sendKeys(findTestObject("ADMIN/Edit Text/Bespoke/Buyer Pages/Onboarding_Settings/input_CANCEL_btn_cancel"), "*"): Keys '*' sent to object: 'Object Repository/ADMIN/Edit Text/Bespoke/Buyer Pages/Onboarding_Settings/input_CANCEL_btn_cancel'

2020-03-20 14:07:40 - [MESSAGE][PASSED] - Keys '*' sent to object: 'Object Repository/ADMIN/Edit Text/Bespoke/Buyer Pages/Onboarding_Settings/input_CANCEL_btn_cancel'

2020-03-20 14:07:40 - [TEST_STEP][PASSED] - sendKeys(findTestObject("ADMIN/Edit Text/Bespoke/Buyer Pages/Onboarding_Settings/input_OK_btn_okay"), "*"): Keys '*' sent to object: 'Object Repository/ADMIN/Edit Text/Bespoke/Buyer Pages/Onboarding_Settings/input_OK_btn_okay'

2020-03-20 14:07:40 - [MESSAGE][PASSED] - Keys '*' sent to object: 'Object Repository/ADMIN/Edit Text/Bespoke/Buyer Pages/Onboarding_Settings/input_OK_btn_okay'

2020-03-20 14:07:40 - [TEST_STEP][PASSED] - click(findTestObject("ADMIN/Edit Text/Bespoke/Buyer Pages/Homepage/button_save"), CONTINUE_ON_FAILURE): Object: 'Object Repository/ADMIN/Edit Text/Bespoke/Buyer Pages/Homepage/button_save' is clicked on

2020-03-20 14:07:40 - [MESSAGE][PASSED] - Object: 'Object Repository/ADMIN/Edit Text/Bespoke/Buyer Pages/Homepage/button_save' is clicked on

2020-03-20 14:07:40 - [TEST_STEP][PASSED] - waitForElementVisible(findTestObject("ADMIN/Edit Text/Bespoke/Buyer Pages/Homepage/toaster_success"), 0): Object 'Object Repository/ADMIN/Edit Text/Bespoke/Buyer Pages/Homepage/toaster_success' is visible

2020-03-20 14:07:40 - [MESSAGE][WARNING] - Timeout '0' is invalid. Using default page load timeout: '30'

2020-03-20 14:07:41 - [MESSAGE][PASSED] - Object 'Object Repository/ADMIN/Edit Text/Bespoke/Buyer Pages/Homepage/toaster_success' is visible]]></system-out>
         <system-err><![CDATA[]]></system-err>
      </testcase>
      <testcase name="Test Cases/ADMIN/Language/Edit Text/Bespoke/Buyer Pages/Onboarding_Settings" time="7.889" classname="Test Cases/ADMIN/Language/Edit Text/Bespoke/Buyer Pages/Onboarding_Settings" status="PASSED">
         <system-out><![CDATA[2020-03-20 14:07:41 - [TEST_CASE][PASSED] - Test Cases/ADMIN/Language/Edit Text/Bespoke/Buyer Pages/Onboarding_Settings: Test Cases/ADMIN/Language/Edit Text/Bespoke/Buyer Pages/Onboarding_Settings

2020-03-20 14:07:41 - [TEST_STEP][PASSED] - waitForElementVisible(findTestObject("ADMIN/Edit Text/Bespoke/Buyer Navigation/dd_language"), 0): Object 'Object Repository/ADMIN/Edit Text/Bespoke/Buyer Navigation/dd_language' is visible

2020-03-20 14:07:41 - [MESSAGE][WARNING] - Timeout '0' is invalid. Using default page load timeout: '30'

2020-03-20 14:07:41 - [MESSAGE][PASSED] - Object 'Object Repository/ADMIN/Edit Text/Bespoke/Buyer Navigation/dd_language' is visible

2020-03-20 14:07:41 - [TEST_STEP][PASSED] - selectOptionByLabel(findTestObject("ADMIN/Edit Text/Bespoke/Buyer Navigation/dd_language"), varLanguage, false): All options with label 'Hebrew' are selected in object 'Object Repository/ADMIN/Edit Text/Bespoke/Buyer Navigation/dd_language' 

2020-03-20 14:07:42 - [MESSAGE][PASSED] - All options with label 'Hebrew' are selected in object 'Object Repository/ADMIN/Edit Text/Bespoke/Buyer Navigation/dd_language' 

2020-03-20 14:07:42 - [TEST_STEP][PASSED] - sendKeys(findTestObject("ADMIN/Edit Text/Bespoke/Buyer Pages/Onboarding_Settings/input_USER SETTINGS_marketplace-name"), "*"): Keys '*' sent to object: 'Object Repository/ADMIN/Edit Text/Bespoke/Buyer Pages/Onboarding_Settings/input_USER SETTINGS_marketplace-name'

2020-03-20 14:07:43 - [MESSAGE][PASSED] - Keys '*' sent to object: 'Object Repository/ADMIN/Edit Text/Bespoke/Buyer Pages/Onboarding_Settings/input_USER SETTINGS_marketplace-name'

2020-03-20 14:07:43 - [TEST_STEP][PASSED] - sendKeys(findTestObject("ADMIN/Edit Text/Bespoke/Buyer Pages/Onboarding_Settings/input_Configure your profile and your settings here_item_details"), "*"): Keys '*' sent to object: 'Object Repository/ADMIN/Edit Text/Bespoke/Buyer Pages/Onboarding_Settings/input_Configure your profile and your settings here_item_details'

2020-03-20 14:07:43 - [MESSAGE][PASSED] - Keys '*' sent to object: 'Object Repository/ADMIN/Edit Text/Bespoke/Buyer Pages/Onboarding_Settings/input_Configure your profile and your settings here_item_details'

2020-03-20 14:07:43 - [TEST_STEP][PASSED] - sendKeys(findTestObject("ADMIN/Edit Text/Bespoke/Buyer Pages/Onboarding_Settings/input_PROFILE_tab-title"), "*"): Keys '*' sent to object: 'Object Repository/ADMIN/Edit Text/Bespoke/Buyer Pages/Onboarding_Settings/input_PROFILE_tab-title'

2020-03-20 14:07:43 - [MESSAGE][PASSED] - Keys '*' sent to object: 'Object Repository/ADMIN/Edit Text/Bespoke/Buyer Pages/Onboarding_Settings/input_PROFILE_tab-title'

2020-03-20 14:07:43 - [TEST_STEP][PASSED] - sendKeys(findTestObject("ADMIN/Edit Text/Bespoke/Buyer Pages/Onboarding_Settings/input_CHANGE_btn_upload"), "*"): Keys '*' sent to object: 'Object Repository/ADMIN/Edit Text/Bespoke/Buyer Pages/Onboarding_Settings/input_CHANGE_btn_upload'

2020-03-20 14:07:43 - [MESSAGE][PASSED] - Keys '*' sent to object: 'Object Repository/ADMIN/Edit Text/Bespoke/Buyer Pages/Onboarding_Settings/input_CHANGE_btn_upload'

2020-03-20 14:07:43 - [TEST_STEP][PASSED] - sendKeys(findTestObject("ADMIN/Edit Text/Bespoke/Buyer Pages/Onboarding_Settings/input_DISPLAY NAME_display-name"), "*"): Keys '*' sent to object: 'Object Repository/ADMIN/Edit Text/Bespoke/Buyer Pages/Onboarding_Settings/input_DISPLAY NAME_display-name'

2020-03-20 14:07:44 - [MESSAGE][PASSED] - Keys '*' sent to object: 'Object Repository/ADMIN/Edit Text/Bespoke/Buyer Pages/Onboarding_Settings/input_DISPLAY NAME_display-name'

2020-03-20 14:07:44 - [TEST_STEP][PASSED] - sendKeys(findTestObject("ADMIN/Edit Text/Bespoke/Buyer Pages/Onboarding_Settings/input_FIRST NAME_first-name"), "*"): Keys '*' sent to object: 'Object Repository/ADMIN/Edit Text/Bespoke/Buyer Pages/Onboarding_Settings/input_FIRST NAME_first-name'

2020-03-20 14:07:44 - [MESSAGE][PASSED] - Keys '*' sent to object: 'Object Repository/ADMIN/Edit Text/Bespoke/Buyer Pages/Onboarding_Settings/input_FIRST NAME_first-name'

2020-03-20 14:07:44 - [TEST_STEP][PASSED] - sendKeys(findTestObject("ADMIN/Edit Text/Bespoke/Buyer Pages/Onboarding_Settings/input_LAST NAME_last-name"), "*"): Keys '*' sent to object: 'Object Repository/ADMIN/Edit Text/Bespoke/Buyer Pages/Onboarding_Settings/input_LAST NAME_last-name'

2020-03-20 14:07:44 - [MESSAGE][PASSED] - Keys '*' sent to object: 'Object Repository/ADMIN/Edit Text/Bespoke/Buyer Pages/Onboarding_Settings/input_LAST NAME_last-name'

2020-03-20 14:07:44 - [TEST_STEP][PASSED] - sendKeys(findTestObject("ADMIN/Edit Text/Bespoke/Buyer Pages/Onboarding_Settings/input_NOTIFICATION EMAIL_notification-email"), "*"): Keys '*' sent to object: 'Object Repository/ADMIN/Edit Text/Bespoke/Buyer Pages/Onboarding_Settings/input_NOTIFICATION EMAIL_notification-email'

2020-03-20 14:07:44 - [MESSAGE][PASSED] - Keys '*' sent to object: 'Object Repository/ADMIN/Edit Text/Bespoke/Buyer Pages/Onboarding_Settings/input_NOTIFICATION EMAIL_notification-email'

2020-03-20 14:07:44 - [TEST_STEP][PASSED] - sendKeys(findTestObject("ADMIN/Edit Text/Bespoke/Buyer Pages/Onboarding_Settings/input_CONTACT NUMBER_contact-number"), "*"): Keys '*' sent to object: 'Object Repository/ADMIN/Edit Text/Bespoke/Buyer Pages/Onboarding_Settings/input_CONTACT NUMBER_contact-number'

2020-03-20 14:07:45 - [MESSAGE][PASSED] - Keys '*' sent to object: 'Object Repository/ADMIN/Edit Text/Bespoke/Buyer Pages/Onboarding_Settings/input_CONTACT NUMBER_contact-number'

2020-03-20 14:07:45 - [TEST_STEP][PASSED] - sendKeys(findTestObject("ADMIN/Edit Text/Bespoke/Buyer Pages/Onboarding_Settings/input_OPENID LOGIN_open-id-login"), "*"): Keys '*' sent to object: 'Object Repository/ADMIN/Edit Text/Bespoke/Buyer Pages/Onboarding_Settings/input_OPENID LOGIN_open-id-login'

2020-03-20 14:07:45 - [MESSAGE][PASSED] - Keys '*' sent to object: 'Object Repository/ADMIN/Edit Text/Bespoke/Buyer Pages/Onboarding_Settings/input_OPENID LOGIN_open-id-login'

2020-03-20 14:07:45 - [TEST_STEP][PASSED] - sendKeys(findTestObject("ADMIN/Edit Text/Bespoke/Buyer Pages/Onboarding_Settings/input_NEXT_btn_next"), "*"): Keys '*' sent to object: 'Object Repository/ADMIN/Edit Text/Bespoke/Buyer Pages/Onboarding_Settings/input_NEXT_btn_next'

2020-03-20 14:07:45 - [MESSAGE][PASSED] - Keys '*' sent to object: 'Object Repository/ADMIN/Edit Text/Bespoke/Buyer Pages/Onboarding_Settings/input_NEXT_btn_next'

2020-03-20 14:07:45 - [TEST_STEP][PASSED] - sendKeys(findTestObject("ADMIN/Edit Text/Bespoke/Buyer Pages/Onboarding_Settings/input_ADDRESS_tab-title"), "*"): Keys '*' sent to object: 'Object Repository/ADMIN/Edit Text/Bespoke/Buyer Pages/Onboarding_Settings/input_ADDRESS_tab-title'

2020-03-20 14:07:45 - [MESSAGE][PASSED] - Keys '*' sent to object: 'Object Repository/ADMIN/Edit Text/Bespoke/Buyer Pages/Onboarding_Settings/input_ADDRESS_tab-title'

2020-03-20 14:07:45 - [TEST_STEP][PASSED] - sendKeys(findTestObject("ADMIN/Edit Text/Bespoke/Buyer Pages/Onboarding_Settings/input_NEW DELIVERY ADDRESS_new-delivery-address"), "*"): Keys '*' sent to object: 'Object Repository/ADMIN/Edit Text/Bespoke/Buyer Pages/Onboarding_Settings/input_NEW DELIVERY ADDRESS_new-delivery-address'

2020-03-20 14:07:45 - [MESSAGE][PASSED] - Keys '*' sent to object: 'Object Repository/ADMIN/Edit Text/Bespoke/Buyer Pages/Onboarding_Settings/input_NEW DELIVERY ADDRESS_new-delivery-address'

2020-03-20 14:07:45 - [TEST_STEP][PASSED] - sendKeys(findTestObject("ADMIN/Edit Text/Bespoke/Buyer Pages/Onboarding_Settings/input_ADDRESSEE FIRST NAME_addressee-first-name"), "*"): Keys '*' sent to object: 'Object Repository/ADMIN/Edit Text/Bespoke/Buyer Pages/Onboarding_Settings/input_ADDRESSEE FIRST NAME_addressee-first-name'

2020-03-20 14:07:45 - [MESSAGE][PASSED] - Keys '*' sent to object: 'Object Repository/ADMIN/Edit Text/Bespoke/Buyer Pages/Onboarding_Settings/input_ADDRESSEE FIRST NAME_addressee-first-name'

2020-03-20 14:07:45 - [TEST_STEP][PASSED] - sendKeys(findTestObject("ADMIN/Edit Text/Bespoke/Buyer Pages/Onboarding_Settings/input_ADDRESSEE LAST NAME_addressee-last-name"), "*"): Keys '*' sent to object: 'Object Repository/ADMIN/Edit Text/Bespoke/Buyer Pages/Onboarding_Settings/input_ADDRESSEE LAST NAME_addressee-last-name'

2020-03-20 14:07:46 - [MESSAGE][PASSED] - Keys '*' sent to object: 'Object Repository/ADMIN/Edit Text/Bespoke/Buyer Pages/Onboarding_Settings/input_ADDRESSEE LAST NAME_addressee-last-name'

2020-03-20 14:07:46 - [TEST_STEP][PASSED] - sendKeys(findTestObject("ADMIN/Edit Text/Bespoke/Buyer Pages/Onboarding_Settings/input_ADDRESS_address"), "*"): Keys '*' sent to object: 'Object Repository/ADMIN/Edit Text/Bespoke/Buyer Pages/Onboarding_Settings/input_ADDRESS_address'

2020-03-20 14:07:46 - [MESSAGE][PASSED] - Keys '*' sent to object: 'Object Repository/ADMIN/Edit Text/Bespoke/Buyer Pages/Onboarding_Settings/input_ADDRESS_address'

2020-03-20 14:07:46 - [TEST_STEP][PASSED] - sendKeys(findTestObject("ADMIN/Edit Text/Bespoke/Buyer Pages/Onboarding_Settings/input_COUNTRY_address-country"), "*"): Keys '*' sent to object: 'Object Repository/ADMIN/Edit Text/Bespoke/Buyer Pages/Onboarding_Settings/input_COUNTRY_address-country'

2020-03-20 14:07:46 - [MESSAGE][PASSED] - Keys '*' sent to object: 'Object Repository/ADMIN/Edit Text/Bespoke/Buyer Pages/Onboarding_Settings/input_COUNTRY_address-country'

2020-03-20 14:07:46 - [TEST_STEP][PASSED] - sendKeys(findTestObject("ADMIN/Edit Text/Bespoke/Buyer Pages/Onboarding_Settings/input_State_address-state"), "*"): Keys '*' sent to object: 'Object Repository/ADMIN/Edit Text/Bespoke/Buyer Pages/Onboarding_Settings/input_State_address-state'

2020-03-20 14:07:46 - [MESSAGE][PASSED] - Keys '*' sent to object: 'Object Repository/ADMIN/Edit Text/Bespoke/Buyer Pages/Onboarding_Settings/input_State_address-state'

2020-03-20 14:07:46 - [TEST_STEP][PASSED] - sendKeys(findTestObject("ADMIN/Edit Text/Bespoke/Buyer Pages/Onboarding_Settings/input_CITY_address-city"), "*"): Keys '*' sent to object: 'Object Repository/ADMIN/Edit Text/Bespoke/Buyer Pages/Onboarding_Settings/input_CITY_address-city'

2020-03-20 14:07:47 - [MESSAGE][PASSED] - Keys '*' sent to object: 'Object Repository/ADMIN/Edit Text/Bespoke/Buyer Pages/Onboarding_Settings/input_CITY_address-city'

2020-03-20 14:07:47 - [TEST_STEP][PASSED] - sendKeys(findTestObject("ADMIN/Edit Text/Bespoke/Buyer Pages/Onboarding_Settings/input_POSTAL CODE_address-postalcode"), "*"): Keys '*' sent to object: 'Object Repository/ADMIN/Edit Text/Bespoke/Buyer Pages/Onboarding_Settings/input_POSTAL CODE_address-postalcode'

2020-03-20 14:07:47 - [MESSAGE][PASSED] - Keys '*' sent to object: 'Object Repository/ADMIN/Edit Text/Bespoke/Buyer Pages/Onboarding_Settings/input_POSTAL CODE_address-postalcode'

2020-03-20 14:07:47 - [TEST_STEP][PASSED] - sendKeys(findTestObject("ADMIN/Edit Text/Bespoke/Buyer Pages/Onboarding_Settings/input_SELECT COUNTRY_select-country"), "*"): Keys '*' sent to object: 'Object Repository/ADMIN/Edit Text/Bespoke/Buyer Pages/Onboarding_Settings/input_SELECT COUNTRY_select-country'

2020-03-20 14:07:47 - [MESSAGE][PASSED] - Keys '*' sent to object: 'Object Repository/ADMIN/Edit Text/Bespoke/Buyer Pages/Onboarding_Settings/input_SELECT COUNTRY_select-country'

2020-03-20 14:07:47 - [TEST_STEP][PASSED] - sendKeys(findTestObject("ADMIN/Edit Text/Bespoke/Buyer Pages/Onboarding_Settings/input_Select City"), "*"): Keys '*' sent to object: 'Object Repository/ADMIN/Edit Text/Bespoke/Buyer Pages/Onboarding_Settings/input_Select City'

2020-03-20 14:07:47 - [MESSAGE][PASSED] - Keys '*' sent to object: 'Object Repository/ADMIN/Edit Text/Bespoke/Buyer Pages/Onboarding_Settings/input_Select City'

2020-03-20 14:07:47 - [TEST_STEP][PASSED] - sendKeys(findTestObject("ADMIN/Edit Text/Bespoke/Buyer Pages/Onboarding_Settings/input_ADD ADDRESS_btn_add"), "*"): Keys '*' sent to object: 'Object Repository/ADMIN/Edit Text/Bespoke/Buyer Pages/Onboarding_Settings/input_ADD ADDRESS_btn_add'

2020-03-20 14:07:47 - [MESSAGE][PASSED] - Keys '*' sent to object: 'Object Repository/ADMIN/Edit Text/Bespoke/Buyer Pages/Onboarding_Settings/input_ADD ADDRESS_btn_add'

2020-03-20 14:07:47 - [TEST_STEP][PASSED] - sendKeys(findTestObject("ADMIN/Edit Text/Bespoke/Buyer Pages/Onboarding_Settings/input_SAVED ADDRESSES_address-saved"), "*"): Keys '*' sent to object: 'Object Repository/ADMIN/Edit Text/Bespoke/Buyer Pages/Onboarding_Settings/input_SAVED ADDRESSES_address-saved'

2020-03-20 14:07:48 - [MESSAGE][PASSED] - Keys '*' sent to object: 'Object Repository/ADMIN/Edit Text/Bespoke/Buyer Pages/Onboarding_Settings/input_SAVED ADDRESSES_address-saved'

2020-03-20 14:07:48 - [TEST_STEP][PASSED] - sendKeys(findTestObject("ADMIN/Edit Text/Bespoke/Buyer Pages/Onboarding_Settings/input_SAVE_btn_next"), "*"): Keys '*' sent to object: 'Object Repository/ADMIN/Edit Text/Bespoke/Buyer Pages/Onboarding_Settings/input_SAVE_btn_next'

2020-03-20 14:07:48 - [MESSAGE][PASSED] - Keys '*' sent to object: 'Object Repository/ADMIN/Edit Text/Bespoke/Buyer Pages/Onboarding_Settings/input_SAVE_btn_next'

2020-03-20 14:07:48 - [TEST_STEP][PASSED] - sendKeys(findTestObject("ADMIN/Edit Text/Bespoke/Buyer Pages/Onboarding_Settings/input_Are you sure want to delete_popup-title"), "*"): Keys '*' sent to object: 'Object Repository/ADMIN/Edit Text/Bespoke/Buyer Pages/Onboarding_Settings/input_Are you sure want to delete_popup-title'

2020-03-20 14:07:48 - [MESSAGE][PASSED] - Keys '*' sent to object: 'Object Repository/ADMIN/Edit Text/Bespoke/Buyer Pages/Onboarding_Settings/input_Are you sure want to delete_popup-title'

2020-03-20 14:07:48 - [TEST_STEP][PASSED] - sendKeys(findTestObject("ADMIN/Edit Text/Bespoke/Buyer Pages/Onboarding_Settings/input_CANCEL_btn_cancel"), "*"): Keys '*' sent to object: 'Object Repository/ADMIN/Edit Text/Bespoke/Buyer Pages/Onboarding_Settings/input_CANCEL_btn_cancel'

2020-03-20 14:07:48 - [MESSAGE][PASSED] - Keys '*' sent to object: 'Object Repository/ADMIN/Edit Text/Bespoke/Buyer Pages/Onboarding_Settings/input_CANCEL_btn_cancel'

2020-03-20 14:07:48 - [TEST_STEP][PASSED] - sendKeys(findTestObject("ADMIN/Edit Text/Bespoke/Buyer Pages/Onboarding_Settings/input_OK_btn_okay"), "*"): Keys '*' sent to object: 'Object Repository/ADMIN/Edit Text/Bespoke/Buyer Pages/Onboarding_Settings/input_OK_btn_okay'

2020-03-20 14:07:48 - [MESSAGE][PASSED] - Keys '*' sent to object: 'Object Repository/ADMIN/Edit Text/Bespoke/Buyer Pages/Onboarding_Settings/input_OK_btn_okay'

2020-03-20 14:07:48 - [TEST_STEP][PASSED] - click(findTestObject("ADMIN/Edit Text/Bespoke/Buyer Pages/Homepage/button_save"), CONTINUE_ON_FAILURE): Object: 'Object Repository/ADMIN/Edit Text/Bespoke/Buyer Pages/Homepage/button_save' is clicked on

2020-03-20 14:07:49 - [MESSAGE][PASSED] - Object: 'Object Repository/ADMIN/Edit Text/Bespoke/Buyer Pages/Homepage/button_save' is clicked on

2020-03-20 14:07:49 - [TEST_STEP][PASSED] - waitForElementVisible(findTestObject("ADMIN/Edit Text/Bespoke/Buyer Pages/Homepage/toaster_success"), 0): Object 'Object Repository/ADMIN/Edit Text/Bespoke/Buyer Pages/Homepage/toaster_success' is visible

2020-03-20 14:07:49 - [MESSAGE][WARNING] - Timeout '0' is invalid. Using default page load timeout: '30'

2020-03-20 14:07:49 - [MESSAGE][PASSED] - Object 'Object Repository/ADMIN/Edit Text/Bespoke/Buyer Pages/Homepage/toaster_success' is visible]]></system-out>
         <system-err><![CDATA[]]></system-err>
      </testcase>
      <testcase name="Test Cases/ADMIN/Language/Edit Text/Bespoke/Buyer Pages/Onboarding_Settings" time="9.05" classname="Test Cases/ADMIN/Language/Edit Text/Bespoke/Buyer Pages/Onboarding_Settings" status="PASSED">
         <system-out><![CDATA[2020-03-20 14:07:49 - [TEST_CASE][PASSED] - Test Cases/ADMIN/Language/Edit Text/Bespoke/Buyer Pages/Onboarding_Settings: Test Cases/ADMIN/Language/Edit Text/Bespoke/Buyer Pages/Onboarding_Settings

2020-03-20 14:07:49 - [TEST_STEP][PASSED] - waitForElementVisible(findTestObject("ADMIN/Edit Text/Bespoke/Buyer Navigation/dd_language"), 0): Object 'Object Repository/ADMIN/Edit Text/Bespoke/Buyer Navigation/dd_language' is visible

2020-03-20 14:07:49 - [MESSAGE][WARNING] - Timeout '0' is invalid. Using default page load timeout: '30'

2020-03-20 14:07:50 - [MESSAGE][PASSED] - Object 'Object Repository/ADMIN/Edit Text/Bespoke/Buyer Navigation/dd_language' is visible

2020-03-20 14:07:50 - [TEST_STEP][PASSED] - selectOptionByLabel(findTestObject("ADMIN/Edit Text/Bespoke/Buyer Navigation/dd_language"), varLanguage, false): All options with label 'English' are selected in object 'Object Repository/ADMIN/Edit Text/Bespoke/Buyer Navigation/dd_language' 

2020-03-20 14:07:50 - [MESSAGE][PASSED] - All options with label 'English' are selected in object 'Object Repository/ADMIN/Edit Text/Bespoke/Buyer Navigation/dd_language' 

2020-03-20 14:07:50 - [TEST_STEP][PASSED] - sendKeys(findTestObject("ADMIN/Edit Text/Bespoke/Buyer Pages/Onboarding_Settings/input_USER SETTINGS_marketplace-name"), "*"): Keys '*' sent to object: 'Object Repository/ADMIN/Edit Text/Bespoke/Buyer Pages/Onboarding_Settings/input_USER SETTINGS_marketplace-name'

2020-03-20 14:07:51 - [MESSAGE][PASSED] - Keys '*' sent to object: 'Object Repository/ADMIN/Edit Text/Bespoke/Buyer Pages/Onboarding_Settings/input_USER SETTINGS_marketplace-name'

2020-03-20 14:07:51 - [TEST_STEP][PASSED] - sendKeys(findTestObject("ADMIN/Edit Text/Bespoke/Buyer Pages/Onboarding_Settings/input_Configure your profile and your settings here_item_details"), "*"): Keys '*' sent to object: 'Object Repository/ADMIN/Edit Text/Bespoke/Buyer Pages/Onboarding_Settings/input_Configure your profile and your settings here_item_details'

2020-03-20 14:07:51 - [MESSAGE][PASSED] - Keys '*' sent to object: 'Object Repository/ADMIN/Edit Text/Bespoke/Buyer Pages/Onboarding_Settings/input_Configure your profile and your settings here_item_details'

2020-03-20 14:07:51 - [TEST_STEP][PASSED] - sendKeys(findTestObject("ADMIN/Edit Text/Bespoke/Buyer Pages/Onboarding_Settings/input_PROFILE_tab-title"), "*"): Keys '*' sent to object: 'Object Repository/ADMIN/Edit Text/Bespoke/Buyer Pages/Onboarding_Settings/input_PROFILE_tab-title'

2020-03-20 14:07:51 - [MESSAGE][PASSED] - Keys '*' sent to object: 'Object Repository/ADMIN/Edit Text/Bespoke/Buyer Pages/Onboarding_Settings/input_PROFILE_tab-title'

2020-03-20 14:07:51 - [TEST_STEP][PASSED] - sendKeys(findTestObject("ADMIN/Edit Text/Bespoke/Buyer Pages/Onboarding_Settings/input_CHANGE_btn_upload"), "*"): Keys '*' sent to object: 'Object Repository/ADMIN/Edit Text/Bespoke/Buyer Pages/Onboarding_Settings/input_CHANGE_btn_upload'

2020-03-20 14:07:52 - [MESSAGE][PASSED] - Keys '*' sent to object: 'Object Repository/ADMIN/Edit Text/Bespoke/Buyer Pages/Onboarding_Settings/input_CHANGE_btn_upload'

2020-03-20 14:07:52 - [TEST_STEP][PASSED] - sendKeys(findTestObject("ADMIN/Edit Text/Bespoke/Buyer Pages/Onboarding_Settings/input_DISPLAY NAME_display-name"), "*"): Keys '*' sent to object: 'Object Repository/ADMIN/Edit Text/Bespoke/Buyer Pages/Onboarding_Settings/input_DISPLAY NAME_display-name'

2020-03-20 14:07:52 - [MESSAGE][PASSED] - Keys '*' sent to object: 'Object Repository/ADMIN/Edit Text/Bespoke/Buyer Pages/Onboarding_Settings/input_DISPLAY NAME_display-name'

2020-03-20 14:07:52 - [TEST_STEP][PASSED] - sendKeys(findTestObject("ADMIN/Edit Text/Bespoke/Buyer Pages/Onboarding_Settings/input_FIRST NAME_first-name"), "*"): Keys '*' sent to object: 'Object Repository/ADMIN/Edit Text/Bespoke/Buyer Pages/Onboarding_Settings/input_FIRST NAME_first-name'

2020-03-20 14:07:53 - [MESSAGE][PASSED] - Keys '*' sent to object: 'Object Repository/ADMIN/Edit Text/Bespoke/Buyer Pages/Onboarding_Settings/input_FIRST NAME_first-name'

2020-03-20 14:07:53 - [TEST_STEP][PASSED] - sendKeys(findTestObject("ADMIN/Edit Text/Bespoke/Buyer Pages/Onboarding_Settings/input_LAST NAME_last-name"), "*"): Keys '*' sent to object: 'Object Repository/ADMIN/Edit Text/Bespoke/Buyer Pages/Onboarding_Settings/input_LAST NAME_last-name'

2020-03-20 14:07:53 - [MESSAGE][PASSED] - Keys '*' sent to object: 'Object Repository/ADMIN/Edit Text/Bespoke/Buyer Pages/Onboarding_Settings/input_LAST NAME_last-name'

2020-03-20 14:07:53 - [TEST_STEP][PASSED] - sendKeys(findTestObject("ADMIN/Edit Text/Bespoke/Buyer Pages/Onboarding_Settings/input_NOTIFICATION EMAIL_notification-email"), "*"): Keys '*' sent to object: 'Object Repository/ADMIN/Edit Text/Bespoke/Buyer Pages/Onboarding_Settings/input_NOTIFICATION EMAIL_notification-email'

2020-03-20 14:07:53 - [MESSAGE][PASSED] - Keys '*' sent to object: 'Object Repository/ADMIN/Edit Text/Bespoke/Buyer Pages/Onboarding_Settings/input_NOTIFICATION EMAIL_notification-email'

2020-03-20 14:07:53 - [TEST_STEP][PASSED] - sendKeys(findTestObject("ADMIN/Edit Text/Bespoke/Buyer Pages/Onboarding_Settings/input_CONTACT NUMBER_contact-number"), "*"): Keys '*' sent to object: 'Object Repository/ADMIN/Edit Text/Bespoke/Buyer Pages/Onboarding_Settings/input_CONTACT NUMBER_contact-number'

2020-03-20 14:07:53 - [MESSAGE][PASSED] - Keys '*' sent to object: 'Object Repository/ADMIN/Edit Text/Bespoke/Buyer Pages/Onboarding_Settings/input_CONTACT NUMBER_contact-number'

2020-03-20 14:07:53 - [TEST_STEP][PASSED] - sendKeys(findTestObject("ADMIN/Edit Text/Bespoke/Buyer Pages/Onboarding_Settings/input_OPENID LOGIN_open-id-login"), "*"): Keys '*' sent to object: 'Object Repository/ADMIN/Edit Text/Bespoke/Buyer Pages/Onboarding_Settings/input_OPENID LOGIN_open-id-login'

2020-03-20 14:07:53 - [MESSAGE][PASSED] - Keys '*' sent to object: 'Object Repository/ADMIN/Edit Text/Bespoke/Buyer Pages/Onboarding_Settings/input_OPENID LOGIN_open-id-login'

2020-03-20 14:07:53 - [TEST_STEP][PASSED] - sendKeys(findTestObject("ADMIN/Edit Text/Bespoke/Buyer Pages/Onboarding_Settings/input_NEXT_btn_next"), "*"): Keys '*' sent to object: 'Object Repository/ADMIN/Edit Text/Bespoke/Buyer Pages/Onboarding_Settings/input_NEXT_btn_next'

2020-03-20 14:07:53 - [MESSAGE][PASSED] - Keys '*' sent to object: 'Object Repository/ADMIN/Edit Text/Bespoke/Buyer Pages/Onboarding_Settings/input_NEXT_btn_next'

2020-03-20 14:07:53 - [TEST_STEP][PASSED] - sendKeys(findTestObject("ADMIN/Edit Text/Bespoke/Buyer Pages/Onboarding_Settings/input_ADDRESS_tab-title"), "*"): Keys '*' sent to object: 'Object Repository/ADMIN/Edit Text/Bespoke/Buyer Pages/Onboarding_Settings/input_ADDRESS_tab-title'

2020-03-20 14:07:54 - [MESSAGE][PASSED] - Keys '*' sent to object: 'Object Repository/ADMIN/Edit Text/Bespoke/Buyer Pages/Onboarding_Settings/input_ADDRESS_tab-title'

2020-03-20 14:07:54 - [TEST_STEP][PASSED] - sendKeys(findTestObject("ADMIN/Edit Text/Bespoke/Buyer Pages/Onboarding_Settings/input_NEW DELIVERY ADDRESS_new-delivery-address"), "*"): Keys '*' sent to object: 'Object Repository/ADMIN/Edit Text/Bespoke/Buyer Pages/Onboarding_Settings/input_NEW DELIVERY ADDRESS_new-delivery-address'

2020-03-20 14:07:54 - [MESSAGE][PASSED] - Keys '*' sent to object: 'Object Repository/ADMIN/Edit Text/Bespoke/Buyer Pages/Onboarding_Settings/input_NEW DELIVERY ADDRESS_new-delivery-address'

2020-03-20 14:07:54 - [TEST_STEP][PASSED] - sendKeys(findTestObject("ADMIN/Edit Text/Bespoke/Buyer Pages/Onboarding_Settings/input_ADDRESSEE FIRST NAME_addressee-first-name"), "*"): Keys '*' sent to object: 'Object Repository/ADMIN/Edit Text/Bespoke/Buyer Pages/Onboarding_Settings/input_ADDRESSEE FIRST NAME_addressee-first-name'

2020-03-20 14:07:54 - [MESSAGE][PASSED] - Keys '*' sent to object: 'Object Repository/ADMIN/Edit Text/Bespoke/Buyer Pages/Onboarding_Settings/input_ADDRESSEE FIRST NAME_addressee-first-name'

2020-03-20 14:07:54 - [TEST_STEP][PASSED] - sendKeys(findTestObject("ADMIN/Edit Text/Bespoke/Buyer Pages/Onboarding_Settings/input_ADDRESSEE LAST NAME_addressee-last-name"), "*"): Keys '*' sent to object: 'Object Repository/ADMIN/Edit Text/Bespoke/Buyer Pages/Onboarding_Settings/input_ADDRESSEE LAST NAME_addressee-last-name'

2020-03-20 14:07:54 - [MESSAGE][PASSED] - Keys '*' sent to object: 'Object Repository/ADMIN/Edit Text/Bespoke/Buyer Pages/Onboarding_Settings/input_ADDRESSEE LAST NAME_addressee-last-name'

2020-03-20 14:07:54 - [TEST_STEP][PASSED] - sendKeys(findTestObject("ADMIN/Edit Text/Bespoke/Buyer Pages/Onboarding_Settings/input_ADDRESS_address"), "*"): Keys '*' sent to object: 'Object Repository/ADMIN/Edit Text/Bespoke/Buyer Pages/Onboarding_Settings/input_ADDRESS_address'

2020-03-20 14:07:54 - [MESSAGE][PASSED] - Keys '*' sent to object: 'Object Repository/ADMIN/Edit Text/Bespoke/Buyer Pages/Onboarding_Settings/input_ADDRESS_address'

2020-03-20 14:07:54 - [TEST_STEP][PASSED] - sendKeys(findTestObject("ADMIN/Edit Text/Bespoke/Buyer Pages/Onboarding_Settings/input_COUNTRY_address-country"), "*"): Keys '*' sent to object: 'Object Repository/ADMIN/Edit Text/Bespoke/Buyer Pages/Onboarding_Settings/input_COUNTRY_address-country'

2020-03-20 14:07:55 - [MESSAGE][PASSED] - Keys '*' sent to object: 'Object Repository/ADMIN/Edit Text/Bespoke/Buyer Pages/Onboarding_Settings/input_COUNTRY_address-country'

2020-03-20 14:07:55 - [TEST_STEP][PASSED] - sendKeys(findTestObject("ADMIN/Edit Text/Bespoke/Buyer Pages/Onboarding_Settings/input_State_address-state"), "*"): Keys '*' sent to object: 'Object Repository/ADMIN/Edit Text/Bespoke/Buyer Pages/Onboarding_Settings/input_State_address-state'

2020-03-20 14:07:55 - [MESSAGE][PASSED] - Keys '*' sent to object: 'Object Repository/ADMIN/Edit Text/Bespoke/Buyer Pages/Onboarding_Settings/input_State_address-state'

2020-03-20 14:07:55 - [TEST_STEP][PASSED] - sendKeys(findTestObject("ADMIN/Edit Text/Bespoke/Buyer Pages/Onboarding_Settings/input_CITY_address-city"), "*"): Keys '*' sent to object: 'Object Repository/ADMIN/Edit Text/Bespoke/Buyer Pages/Onboarding_Settings/input_CITY_address-city'

2020-03-20 14:07:55 - [MESSAGE][PASSED] - Keys '*' sent to object: 'Object Repository/ADMIN/Edit Text/Bespoke/Buyer Pages/Onboarding_Settings/input_CITY_address-city'

2020-03-20 14:07:55 - [TEST_STEP][PASSED] - sendKeys(findTestObject("ADMIN/Edit Text/Bespoke/Buyer Pages/Onboarding_Settings/input_POSTAL CODE_address-postalcode"), "*"): Keys '*' sent to object: 'Object Repository/ADMIN/Edit Text/Bespoke/Buyer Pages/Onboarding_Settings/input_POSTAL CODE_address-postalcode'

2020-03-20 14:07:55 - [MESSAGE][PASSED] - Keys '*' sent to object: 'Object Repository/ADMIN/Edit Text/Bespoke/Buyer Pages/Onboarding_Settings/input_POSTAL CODE_address-postalcode'

2020-03-20 14:07:55 - [TEST_STEP][PASSED] - sendKeys(findTestObject("ADMIN/Edit Text/Bespoke/Buyer Pages/Onboarding_Settings/input_SELECT COUNTRY_select-country"), "*"): Keys '*' sent to object: 'Object Repository/ADMIN/Edit Text/Bespoke/Buyer Pages/Onboarding_Settings/input_SELECT COUNTRY_select-country'

2020-03-20 14:07:56 - [MESSAGE][PASSED] - Keys '*' sent to object: 'Object Repository/ADMIN/Edit Text/Bespoke/Buyer Pages/Onboarding_Settings/input_SELECT COUNTRY_select-country'

2020-03-20 14:07:56 - [TEST_STEP][PASSED] - sendKeys(findTestObject("ADMIN/Edit Text/Bespoke/Buyer Pages/Onboarding_Settings/input_Select City"), "*"): Keys '*' sent to object: 'Object Repository/ADMIN/Edit Text/Bespoke/Buyer Pages/Onboarding_Settings/input_Select City'

2020-03-20 14:07:56 - [MESSAGE][PASSED] - Keys '*' sent to object: 'Object Repository/ADMIN/Edit Text/Bespoke/Buyer Pages/Onboarding_Settings/input_Select City'

2020-03-20 14:07:56 - [TEST_STEP][PASSED] - sendKeys(findTestObject("ADMIN/Edit Text/Bespoke/Buyer Pages/Onboarding_Settings/input_ADD ADDRESS_btn_add"), "*"): Keys '*' sent to object: 'Object Repository/ADMIN/Edit Text/Bespoke/Buyer Pages/Onboarding_Settings/input_ADD ADDRESS_btn_add'

2020-03-20 14:07:57 - [MESSAGE][PASSED] - Keys '*' sent to object: 'Object Repository/ADMIN/Edit Text/Bespoke/Buyer Pages/Onboarding_Settings/input_ADD ADDRESS_btn_add'

2020-03-20 14:07:57 - [TEST_STEP][PASSED] - sendKeys(findTestObject("ADMIN/Edit Text/Bespoke/Buyer Pages/Onboarding_Settings/input_SAVED ADDRESSES_address-saved"), "*"): Keys '*' sent to object: 'Object Repository/ADMIN/Edit Text/Bespoke/Buyer Pages/Onboarding_Settings/input_SAVED ADDRESSES_address-saved'

2020-03-20 14:07:57 - [MESSAGE][PASSED] - Keys '*' sent to object: 'Object Repository/ADMIN/Edit Text/Bespoke/Buyer Pages/Onboarding_Settings/input_SAVED ADDRESSES_address-saved'

2020-03-20 14:07:57 - [TEST_STEP][PASSED] - sendKeys(findTestObject("ADMIN/Edit Text/Bespoke/Buyer Pages/Onboarding_Settings/input_SAVE_btn_next"), "*"): Keys '*' sent to object: 'Object Repository/ADMIN/Edit Text/Bespoke/Buyer Pages/Onboarding_Settings/input_SAVE_btn_next'

2020-03-20 14:07:57 - [MESSAGE][PASSED] - Keys '*' sent to object: 'Object Repository/ADMIN/Edit Text/Bespoke/Buyer Pages/Onboarding_Settings/input_SAVE_btn_next'

2020-03-20 14:07:57 - [TEST_STEP][PASSED] - sendKeys(findTestObject("ADMIN/Edit Text/Bespoke/Buyer Pages/Onboarding_Settings/input_Are you sure want to delete_popup-title"), "*"): Keys '*' sent to object: 'Object Repository/ADMIN/Edit Text/Bespoke/Buyer Pages/Onboarding_Settings/input_Are you sure want to delete_popup-title'

2020-03-20 14:07:57 - [MESSAGE][PASSED] - Keys '*' sent to object: 'Object Repository/ADMIN/Edit Text/Bespoke/Buyer Pages/Onboarding_Settings/input_Are you sure want to delete_popup-title'

2020-03-20 14:07:57 - [TEST_STEP][PASSED] - sendKeys(findTestObject("ADMIN/Edit Text/Bespoke/Buyer Pages/Onboarding_Settings/input_CANCEL_btn_cancel"), "*"): Keys '*' sent to object: 'Object Repository/ADMIN/Edit Text/Bespoke/Buyer Pages/Onboarding_Settings/input_CANCEL_btn_cancel'

2020-03-20 14:07:57 - [MESSAGE][PASSED] - Keys '*' sent to object: 'Object Repository/ADMIN/Edit Text/Bespoke/Buyer Pages/Onboarding_Settings/input_CANCEL_btn_cancel'

2020-03-20 14:07:57 - [TEST_STEP][PASSED] - sendKeys(findTestObject("ADMIN/Edit Text/Bespoke/Buyer Pages/Onboarding_Settings/input_OK_btn_okay"), "*"): Keys '*' sent to object: 'Object Repository/ADMIN/Edit Text/Bespoke/Buyer Pages/Onboarding_Settings/input_OK_btn_okay'

2020-03-20 14:07:57 - [MESSAGE][PASSED] - Keys '*' sent to object: 'Object Repository/ADMIN/Edit Text/Bespoke/Buyer Pages/Onboarding_Settings/input_OK_btn_okay'

2020-03-20 14:07:57 - [TEST_STEP][PASSED] - click(findTestObject("ADMIN/Edit Text/Bespoke/Buyer Pages/Homepage/button_save"), CONTINUE_ON_FAILURE): Object: 'Object Repository/ADMIN/Edit Text/Bespoke/Buyer Pages/Homepage/button_save' is clicked on

2020-03-20 14:07:58 - [MESSAGE][PASSED] - Object: 'Object Repository/ADMIN/Edit Text/Bespoke/Buyer Pages/Homepage/button_save' is clicked on

2020-03-20 14:07:58 - [TEST_STEP][PASSED] - waitForElementVisible(findTestObject("ADMIN/Edit Text/Bespoke/Buyer Pages/Homepage/toaster_success"), 0): Object 'Object Repository/ADMIN/Edit Text/Bespoke/Buyer Pages/Homepage/toaster_success' is visible

2020-03-20 14:07:58 - [MESSAGE][WARNING] - Timeout '0' is invalid. Using default page load timeout: '30'

2020-03-20 14:07:58 - [MESSAGE][PASSED] - Object 'Object Repository/ADMIN/Edit Text/Bespoke/Buyer Pages/Homepage/toaster_success' is visible]]></system-out>
         <system-err><![CDATA[]]></system-err>
      </testcase>
      <testcase name="Test Cases/ADMIN/Language/Edit Text/Bespoke/Buyer Pages/Merchant Storefront Navigation" time="5.304" classname="Test Cases/ADMIN/Language/Edit Text/Bespoke/Buyer Pages/Merchant Storefront Navigation" status="PASSED">
         <system-out><![CDATA[2020-03-20 14:07:58 - [TEST_CASE][PASSED] - Test Cases/ADMIN/Language/Edit Text/Bespoke/Buyer Pages/Merchant Storefront Navigation: Test Cases/ADMIN/Language/Edit Text/Bespoke/Buyer Pages/Merchant Storefront Navigation

2020-03-20 14:07:59 - [TEST_STEP][PASSED] - waitForElementVisible(findTestObject("ADMIN/Language/sidemenu_Language"), 0): Object 'Object Repository/ADMIN/Language/sidemenu_Language' is visible

2020-03-20 14:07:59 - [MESSAGE][WARNING] - Timeout '0' is invalid. Using default page load timeout: '30'

2020-03-20 14:07:59 - [MESSAGE][PASSED] - Object 'Object Repository/ADMIN/Language/sidemenu_Language' is visible

2020-03-20 14:07:59 - [TEST_STEP][PASSED] - click(findTestObject("ADMIN/Language/sidemenu_Language"), CONTINUE_ON_FAILURE): Object: 'Object Repository/ADMIN/Language/sidemenu_Language' is clicked on

2020-03-20 14:07:59 - [MESSAGE][PASSED] - Object: 'Object Repository/ADMIN/Language/sidemenu_Language' is clicked on

2020-03-20 14:07:59 - [TEST_STEP][PASSED] - waitForElementVisible(findTestObject("ADMIN/Language/sidemenu_Edit Text"), 0): Object 'Object Repository/ADMIN/Language/sidemenu_Edit Text' is visible

2020-03-20 14:07:59 - [MESSAGE][WARNING] - Timeout '0' is invalid. Using default page load timeout: '30'

2020-03-20 14:08:00 - [MESSAGE][PASSED] - Object 'Object Repository/ADMIN/Language/sidemenu_Edit Text' is visible

2020-03-20 14:08:00 - [TEST_STEP][PASSED] - click(findTestObject("ADMIN/Language/sidemenu_Edit Text"), CONTINUE_ON_FAILURE): Object: 'Object Repository/ADMIN/Language/sidemenu_Edit Text' is clicked on

2020-03-20 14:08:01 - [MESSAGE][PASSED] - Object: 'Object Repository/ADMIN/Language/sidemenu_Edit Text' is clicked on

2020-03-20 14:08:01 - [TEST_STEP][PASSED] - waitForElementVisible(findTestObject("ADMIN/Edit Text/Bespoke/Buyer Navigation/icon_dd"), 0): Object 'Object Repository/ADMIN/Edit Text/Bespoke/Buyer Navigation/icon_dd' is visible

2020-03-20 14:08:01 - [MESSAGE][WARNING] - Timeout '0' is invalid. Using default page load timeout: '30'

2020-03-20 14:08:01 - [MESSAGE][PASSED] - Object 'Object Repository/ADMIN/Edit Text/Bespoke/Buyer Navigation/icon_dd' is visible

2020-03-20 14:08:01 - [TEST_STEP][PASSED] - click(findTestObject("ADMIN/Edit Text/Bespoke/Buyer Navigation/icon_dd"), CONTINUE_ON_FAILURE): Object: 'Object Repository/ADMIN/Edit Text/Bespoke/Buyer Navigation/icon_dd' is clicked on

2020-03-20 14:08:02 - [MESSAGE][PASSED] - Object: 'Object Repository/ADMIN/Edit Text/Bespoke/Buyer Navigation/icon_dd' is clicked on

2020-03-20 14:08:02 - [TEST_STEP][PASSED] - waitForElementVisible(findTestObject("ADMIN/Edit Text/Bespoke/Buyer Navigation/textlink_Merchant Storefront"), 0): Object 'Object Repository/ADMIN/Edit Text/Bespoke/Buyer Navigation/textlink_Merchant Storefront' is visible

2020-03-20 14:08:02 - [MESSAGE][WARNING] - Timeout '0' is invalid. Using default page load timeout: '30'

2020-03-20 14:08:02 - [MESSAGE][PASSED] - Object 'Object Repository/ADMIN/Edit Text/Bespoke/Buyer Navigation/textlink_Merchant Storefront' is visible

2020-03-20 14:08:02 - [TEST_STEP][PASSED] - click(findTestObject("ADMIN/Edit Text/Bespoke/Buyer Navigation/textlink_Merchant Storefront"), CONTINUE_ON_FAILURE): Object: 'Object Repository/ADMIN/Edit Text/Bespoke/Buyer Navigation/textlink_Merchant Storefront' is clicked on

2020-03-20 14:08:03 - [MESSAGE][PASSED] - Object: 'Object Repository/ADMIN/Edit Text/Bespoke/Buyer Navigation/textlink_Merchant Storefront' is clicked on

2020-03-20 14:08:03 - [TEST_STEP][PASSED] - waitForElementVisible(findTestObject("ADMIN/Edit Text/Bespoke/Buyer Navigation/dd_language"), 0): Object 'Object Repository/ADMIN/Edit Text/Bespoke/Buyer Navigation/dd_language' is visible

2020-03-20 14:08:03 - [MESSAGE][WARNING] - Timeout '0' is invalid. Using default page load timeout: '30'

2020-03-20 14:08:04 - [MESSAGE][PASSED] - Object 'Object Repository/ADMIN/Edit Text/Bespoke/Buyer Navigation/dd_language' is visible]]></system-out>
         <system-err><![CDATA[]]></system-err>
      </testcase>
      <testcase name="Test Cases/ADMIN/Language/Edit Text/Bespoke/Buyer Pages/Merchant Storefront" time="5.261" classname="Test Cases/ADMIN/Language/Edit Text/Bespoke/Buyer Pages/Merchant Storefront" status="PASSED">
         <system-out><![CDATA[2020-03-20 14:08:04 - [TEST_CASE][PASSED] - Test Cases/ADMIN/Language/Edit Text/Bespoke/Buyer Pages/Merchant Storefront: Test Cases/ADMIN/Language/Edit Text/Bespoke/Buyer Pages/Merchant Storefront

2020-03-20 14:08:04 - [TEST_STEP][PASSED] - waitForElementVisible(findTestObject("ADMIN/Edit Text/Bespoke/Buyer Navigation/dd_language"), 0): Object 'Object Repository/ADMIN/Edit Text/Bespoke/Buyer Navigation/dd_language' is visible

2020-03-20 14:08:04 - [MESSAGE][WARNING] - Timeout '0' is invalid. Using default page load timeout: '30'

2020-03-20 14:08:04 - [MESSAGE][PASSED] - Object 'Object Repository/ADMIN/Edit Text/Bespoke/Buyer Navigation/dd_language' is visible

2020-03-20 14:08:04 - [TEST_STEP][PASSED] - selectOptionByLabel(findTestObject("ADMIN/Edit Text/Bespoke/Buyer Navigation/dd_language"), varLanguage, false): All options with label 'French' are selected in object 'Object Repository/ADMIN/Edit Text/Bespoke/Buyer Navigation/dd_language' 

2020-03-20 14:08:06 - [MESSAGE][PASSED] - All options with label 'French' are selected in object 'Object Repository/ADMIN/Edit Text/Bespoke/Buyer Navigation/dd_language' 

2020-03-20 14:08:06 - [TEST_STEP][PASSED] - sendKeys(findTestObject("ADMIN/Edit Text/Bespoke/Buyer Pages/Merchant Storefront/input_VISITORS_visitors"), "*"): Keys '*' sent to object: 'Object Repository/ADMIN/Edit Text/Bespoke/Buyer Pages/Merchant Storefront/input_VISITORS_visitors'

2020-03-20 14:08:06 - [MESSAGE][PASSED] - Keys '*' sent to object: 'Object Repository/ADMIN/Edit Text/Bespoke/Buyer Pages/Merchant Storefront/input_VISITORS_visitors'

2020-03-20 14:08:06 - [TEST_STEP][PASSED] - sendKeys(findTestObject("ADMIN/Edit Text/Bespoke/Buyer Pages/Merchant Storefront/input_Avg Rating_avg_rating"), "*"): Keys '*' sent to object: 'Object Repository/ADMIN/Edit Text/Bespoke/Buyer Pages/Merchant Storefront/input_Avg Rating_avg_rating'

2020-03-20 14:08:06 - [MESSAGE][PASSED] - Keys '*' sent to object: 'Object Repository/ADMIN/Edit Text/Bespoke/Buyer Pages/Merchant Storefront/input_Avg Rating_avg_rating'

2020-03-20 14:08:06 - [TEST_STEP][PASSED] - sendKeys(findTestObject("ADMIN/Edit Text/Bespoke/Buyer Pages/Merchant Storefront/input_Successful Orders_successful-orders"), "*"): Keys '*' sent to object: 'Object Repository/ADMIN/Edit Text/Bespoke/Buyer Pages/Merchant Storefront/input_Successful Orders_successful-orders'

2020-03-20 14:08:06 - [MESSAGE][PASSED] - Keys '*' sent to object: 'Object Repository/ADMIN/Edit Text/Bespoke/Buyer Pages/Merchant Storefront/input_Successful Orders_successful-orders'

2020-03-20 14:08:06 - [TEST_STEP][PASSED] - sendKeys(findTestObject("ADMIN/Edit Text/Bespoke/Buyer Pages/Merchant Storefront/input_Member Since_member-since"), "*"): Keys '*' sent to object: 'Object Repository/ADMIN/Edit Text/Bespoke/Buyer Pages/Merchant Storefront/input_Member Since_member-since'

2020-03-20 14:08:06 - [MESSAGE][PASSED] - Keys '*' sent to object: 'Object Repository/ADMIN/Edit Text/Bespoke/Buyer Pages/Merchant Storefront/input_Member Since_member-since'

2020-03-20 14:08:06 - [TEST_STEP][PASSED] - sendKeys(findTestObject("ADMIN/Edit Text/Bespoke/Buyer Pages/Merchant Storefront/input_ITEMS FOR SALE_item-for-sale"), "*"): Keys '*' sent to object: 'Object Repository/ADMIN/Edit Text/Bespoke/Buyer Pages/Merchant Storefront/input_ITEMS FOR SALE_item-for-sale'

2020-03-20 14:08:06 - [MESSAGE][PASSED] - Keys '*' sent to object: 'Object Repository/ADMIN/Edit Text/Bespoke/Buyer Pages/Merchant Storefront/input_ITEMS FOR SALE_item-for-sale'

2020-03-20 14:08:06 - [TEST_STEP][PASSED] - sendKeys(findTestObject("ADMIN/Edit Text/Bespoke/Buyer Pages/Merchant Storefront/input_ITEM REVIEWS_sort-by"), "*"): Keys '*' sent to object: 'Object Repository/ADMIN/Edit Text/Bespoke/Buyer Pages/Merchant Storefront/input_ITEM REVIEWS_sort-by'

2020-03-20 14:08:07 - [MESSAGE][PASSED] - Keys '*' sent to object: 'Object Repository/ADMIN/Edit Text/Bespoke/Buyer Pages/Merchant Storefront/input_ITEM REVIEWS_sort-by'

2020-03-20 14:08:07 - [TEST_STEP][PASSED] - sendKeys(findTestObject("ADMIN/Edit Text/Bespoke/Buyer Pages/Merchant Storefront/input_Search store_item-for-sale"), "*"): Keys '*' sent to object: 'Object Repository/ADMIN/Edit Text/Bespoke/Buyer Pages/Merchant Storefront/input_Search store_item-for-sale'

2020-03-20 14:08:07 - [MESSAGE][PASSED] - Keys '*' sent to object: 'Object Repository/ADMIN/Edit Text/Bespoke/Buyer Pages/Merchant Storefront/input_Search store_item-for-sale'

2020-03-20 14:08:07 - [TEST_STEP][PASSED] - sendKeys(findTestObject("ADMIN/Edit Text/Bespoke/Buyer Pages/Merchant Storefront/input_Sort by_sort-by"), "*"): Keys '*' sent to object: 'Object Repository/ADMIN/Edit Text/Bespoke/Buyer Pages/Merchant Storefront/input_Sort by_sort-by'

2020-03-20 14:08:07 - [MESSAGE][PASSED] - Keys '*' sent to object: 'Object Repository/ADMIN/Edit Text/Bespoke/Buyer Pages/Merchant Storefront/input_Sort by_sort-by'

2020-03-20 14:08:07 - [TEST_STEP][PASSED] - sendKeys(findTestObject("ADMIN/Edit Text/Bespoke/Buyer Pages/Merchant Storefront/input_Lowest Price_lowest-price"), "*"): Keys '*' sent to object: 'Object Repository/ADMIN/Edit Text/Bespoke/Buyer Pages/Merchant Storefront/input_Lowest Price_lowest-price'

2020-03-20 14:08:07 - [MESSAGE][PASSED] - Keys '*' sent to object: 'Object Repository/ADMIN/Edit Text/Bespoke/Buyer Pages/Merchant Storefront/input_Lowest Price_lowest-price'

2020-03-20 14:08:07 - [TEST_STEP][PASSED] - sendKeys(findTestObject("ADMIN/Edit Text/Bespoke/Buyer Pages/Merchant Storefront/input_Highest Price_highest-price"), "*"): Keys '*' sent to object: 'Object Repository/ADMIN/Edit Text/Bespoke/Buyer Pages/Merchant Storefront/input_Highest Price_highest-price'

2020-03-20 14:08:08 - [MESSAGE][PASSED] - Keys '*' sent to object: 'Object Repository/ADMIN/Edit Text/Bespoke/Buyer Pages/Merchant Storefront/input_Highest Price_highest-price'

2020-03-20 14:08:08 - [TEST_STEP][PASSED] - sendKeys(findTestObject("ADMIN/Edit Text/Bespoke/Buyer Pages/Merchant Storefront/input_VIEW ALL ITEMS FOR SALE_btn_view_item"), "*"): Keys '*' sent to object: 'Object Repository/ADMIN/Edit Text/Bespoke/Buyer Pages/Merchant Storefront/input_VIEW ALL ITEMS FOR SALE_btn_view_item'

2020-03-20 14:08:08 - [MESSAGE][PASSED] - Keys '*' sent to object: 'Object Repository/ADMIN/Edit Text/Bespoke/Buyer Pages/Merchant Storefront/input_VIEW ALL ITEMS FOR SALE_btn_view_item'

2020-03-20 14:08:08 - [TEST_STEP][PASSED] - click(findTestObject("ADMIN/Edit Text/Bespoke/Buyer Pages/Homepage/button_save"), CONTINUE_ON_FAILURE): Object: 'Object Repository/ADMIN/Edit Text/Bespoke/Buyer Pages/Homepage/button_save' is clicked on

2020-03-20 14:08:08 - [MESSAGE][PASSED] - Object: 'Object Repository/ADMIN/Edit Text/Bespoke/Buyer Pages/Homepage/button_save' is clicked on

2020-03-20 14:08:08 - [TEST_STEP][PASSED] - waitForElementVisible(findTestObject("ADMIN/Edit Text/Bespoke/Buyer Pages/Homepage/toaster_success"), 0): Object 'Object Repository/ADMIN/Edit Text/Bespoke/Buyer Pages/Homepage/toaster_success' is visible

2020-03-20 14:08:08 - [MESSAGE][WARNING] - Timeout '0' is invalid. Using default page load timeout: '30'

2020-03-20 14:08:09 - [MESSAGE][PASSED] - Object 'Object Repository/ADMIN/Edit Text/Bespoke/Buyer Pages/Homepage/toaster_success' is visible]]></system-out>
         <system-err><![CDATA[]]></system-err>
      </testcase>
      <testcase name="Test Cases/ADMIN/Language/Edit Text/Bespoke/Buyer Pages/Merchant Storefront" time="5.146" classname="Test Cases/ADMIN/Language/Edit Text/Bespoke/Buyer Pages/Merchant Storefront" status="PASSED">
         <system-out><![CDATA[2020-03-20 14:08:09 - [TEST_CASE][PASSED] - Test Cases/ADMIN/Language/Edit Text/Bespoke/Buyer Pages/Merchant Storefront: Test Cases/ADMIN/Language/Edit Text/Bespoke/Buyer Pages/Merchant Storefront

2020-03-20 14:08:09 - [TEST_STEP][PASSED] - waitForElementVisible(findTestObject("ADMIN/Edit Text/Bespoke/Buyer Navigation/dd_language"), 0): Object 'Object Repository/ADMIN/Edit Text/Bespoke/Buyer Navigation/dd_language' is visible

2020-03-20 14:08:09 - [MESSAGE][WARNING] - Timeout '0' is invalid. Using default page load timeout: '30'

2020-03-20 14:08:09 - [MESSAGE][PASSED] - Object 'Object Repository/ADMIN/Edit Text/Bespoke/Buyer Navigation/dd_language' is visible

2020-03-20 14:08:09 - [TEST_STEP][PASSED] - selectOptionByLabel(findTestObject("ADMIN/Edit Text/Bespoke/Buyer Navigation/dd_language"), varLanguage, false): All options with label 'Spanish' are selected in object 'Object Repository/ADMIN/Edit Text/Bespoke/Buyer Navigation/dd_language' 

2020-03-20 14:08:10 - [MESSAGE][PASSED] - All options with label 'Spanish' are selected in object 'Object Repository/ADMIN/Edit Text/Bespoke/Buyer Navigation/dd_language' 

2020-03-20 14:08:10 - [TEST_STEP][PASSED] - sendKeys(findTestObject("ADMIN/Edit Text/Bespoke/Buyer Pages/Merchant Storefront/input_VISITORS_visitors"), "*"): Keys '*' sent to object: 'Object Repository/ADMIN/Edit Text/Bespoke/Buyer Pages/Merchant Storefront/input_VISITORS_visitors'

2020-03-20 14:08:11 - [MESSAGE][PASSED] - Keys '*' sent to object: 'Object Repository/ADMIN/Edit Text/Bespoke/Buyer Pages/Merchant Storefront/input_VISITORS_visitors'

2020-03-20 14:08:11 - [TEST_STEP][PASSED] - sendKeys(findTestObject("ADMIN/Edit Text/Bespoke/Buyer Pages/Merchant Storefront/input_Avg Rating_avg_rating"), "*"): Keys '*' sent to object: 'Object Repository/ADMIN/Edit Text/Bespoke/Buyer Pages/Merchant Storefront/input_Avg Rating_avg_rating'

2020-03-20 14:08:11 - [MESSAGE][PASSED] - Keys '*' sent to object: 'Object Repository/ADMIN/Edit Text/Bespoke/Buyer Pages/Merchant Storefront/input_Avg Rating_avg_rating'

2020-03-20 14:08:11 - [TEST_STEP][PASSED] - sendKeys(findTestObject("ADMIN/Edit Text/Bespoke/Buyer Pages/Merchant Storefront/input_Successful Orders_successful-orders"), "*"): Keys '*' sent to object: 'Object Repository/ADMIN/Edit Text/Bespoke/Buyer Pages/Merchant Storefront/input_Successful Orders_successful-orders'

2020-03-20 14:08:11 - [MESSAGE][PASSED] - Keys '*' sent to object: 'Object Repository/ADMIN/Edit Text/Bespoke/Buyer Pages/Merchant Storefront/input_Successful Orders_successful-orders'

2020-03-20 14:08:11 - [TEST_STEP][PASSED] - sendKeys(findTestObject("ADMIN/Edit Text/Bespoke/Buyer Pages/Merchant Storefront/input_Member Since_member-since"), "*"): Keys '*' sent to object: 'Object Repository/ADMIN/Edit Text/Bespoke/Buyer Pages/Merchant Storefront/input_Member Since_member-since'

2020-03-20 14:08:12 - [MESSAGE][PASSED] - Keys '*' sent to object: 'Object Repository/ADMIN/Edit Text/Bespoke/Buyer Pages/Merchant Storefront/input_Member Since_member-since'

2020-03-20 14:08:12 - [TEST_STEP][PASSED] - sendKeys(findTestObject("ADMIN/Edit Text/Bespoke/Buyer Pages/Merchant Storefront/input_ITEMS FOR SALE_item-for-sale"), "*"): Keys '*' sent to object: 'Object Repository/ADMIN/Edit Text/Bespoke/Buyer Pages/Merchant Storefront/input_ITEMS FOR SALE_item-for-sale'

2020-03-20 14:08:12 - [MESSAGE][PASSED] - Keys '*' sent to object: 'Object Repository/ADMIN/Edit Text/Bespoke/Buyer Pages/Merchant Storefront/input_ITEMS FOR SALE_item-for-sale'

2020-03-20 14:08:12 - [TEST_STEP][PASSED] - sendKeys(findTestObject("ADMIN/Edit Text/Bespoke/Buyer Pages/Merchant Storefront/input_ITEM REVIEWS_sort-by"), "*"): Keys '*' sent to object: 'Object Repository/ADMIN/Edit Text/Bespoke/Buyer Pages/Merchant Storefront/input_ITEM REVIEWS_sort-by'

2020-03-20 14:08:12 - [MESSAGE][PASSED] - Keys '*' sent to object: 'Object Repository/ADMIN/Edit Text/Bespoke/Buyer Pages/Merchant Storefront/input_ITEM REVIEWS_sort-by'

2020-03-20 14:08:12 - [TEST_STEP][PASSED] - sendKeys(findTestObject("ADMIN/Edit Text/Bespoke/Buyer Pages/Merchant Storefront/input_Search store_item-for-sale"), "*"): Keys '*' sent to object: 'Object Repository/ADMIN/Edit Text/Bespoke/Buyer Pages/Merchant Storefront/input_Search store_item-for-sale'

2020-03-20 14:08:12 - [MESSAGE][PASSED] - Keys '*' sent to object: 'Object Repository/ADMIN/Edit Text/Bespoke/Buyer Pages/Merchant Storefront/input_Search store_item-for-sale'

2020-03-20 14:08:12 - [TEST_STEP][PASSED] - sendKeys(findTestObject("ADMIN/Edit Text/Bespoke/Buyer Pages/Merchant Storefront/input_Sort by_sort-by"), "*"): Keys '*' sent to object: 'Object Repository/ADMIN/Edit Text/Bespoke/Buyer Pages/Merchant Storefront/input_Sort by_sort-by'

2020-03-20 14:08:12 - [MESSAGE][PASSED] - Keys '*' sent to object: 'Object Repository/ADMIN/Edit Text/Bespoke/Buyer Pages/Merchant Storefront/input_Sort by_sort-by'

2020-03-20 14:08:12 - [TEST_STEP][PASSED] - sendKeys(findTestObject("ADMIN/Edit Text/Bespoke/Buyer Pages/Merchant Storefront/input_Lowest Price_lowest-price"), "*"): Keys '*' sent to object: 'Object Repository/ADMIN/Edit Text/Bespoke/Buyer Pages/Merchant Storefront/input_Lowest Price_lowest-price'

2020-03-20 14:08:13 - [MESSAGE][PASSED] - Keys '*' sent to object: 'Object Repository/ADMIN/Edit Text/Bespoke/Buyer Pages/Merchant Storefront/input_Lowest Price_lowest-price'

2020-03-20 14:08:13 - [TEST_STEP][PASSED] - sendKeys(findTestObject("ADMIN/Edit Text/Bespoke/Buyer Pages/Merchant Storefront/input_Highest Price_highest-price"), "*"): Keys '*' sent to object: 'Object Repository/ADMIN/Edit Text/Bespoke/Buyer Pages/Merchant Storefront/input_Highest Price_highest-price'

2020-03-20 14:08:13 - [MESSAGE][PASSED] - Keys '*' sent to object: 'Object Repository/ADMIN/Edit Text/Bespoke/Buyer Pages/Merchant Storefront/input_Highest Price_highest-price'

2020-03-20 14:08:13 - [TEST_STEP][PASSED] - sendKeys(findTestObject("ADMIN/Edit Text/Bespoke/Buyer Pages/Merchant Storefront/input_VIEW ALL ITEMS FOR SALE_btn_view_item"), "*"): Keys '*' sent to object: 'Object Repository/ADMIN/Edit Text/Bespoke/Buyer Pages/Merchant Storefront/input_VIEW ALL ITEMS FOR SALE_btn_view_item'

2020-03-20 14:08:13 - [MESSAGE][PASSED] - Keys '*' sent to object: 'Object Repository/ADMIN/Edit Text/Bespoke/Buyer Pages/Merchant Storefront/input_VIEW ALL ITEMS FOR SALE_btn_view_item'

2020-03-20 14:08:13 - [TEST_STEP][PASSED] - click(findTestObject("ADMIN/Edit Text/Bespoke/Buyer Pages/Homepage/button_save"), CONTINUE_ON_FAILURE): Object: 'Object Repository/ADMIN/Edit Text/Bespoke/Buyer Pages/Homepage/button_save' is clicked on

2020-03-20 14:08:13 - [MESSAGE][PASSED] - Object: 'Object Repository/ADMIN/Edit Text/Bespoke/Buyer Pages/Homepage/button_save' is clicked on

2020-03-20 14:08:13 - [TEST_STEP][PASSED] - waitForElementVisible(findTestObject("ADMIN/Edit Text/Bespoke/Buyer Pages/Homepage/toaster_success"), 0): Object 'Object Repository/ADMIN/Edit Text/Bespoke/Buyer Pages/Homepage/toaster_success' is visible

2020-03-20 14:08:13 - [MESSAGE][WARNING] - Timeout '0' is invalid. Using default page load timeout: '30'

2020-03-20 14:08:14 - [MESSAGE][PASSED] - Object 'Object Repository/ADMIN/Edit Text/Bespoke/Buyer Pages/Homepage/toaster_success' is visible]]></system-out>
         <system-err><![CDATA[]]></system-err>
      </testcase>
      <testcase name="Test Cases/ADMIN/Language/Edit Text/Bespoke/Buyer Pages/Merchant Storefront" time="5.202" classname="Test Cases/ADMIN/Language/Edit Text/Bespoke/Buyer Pages/Merchant Storefront" status="PASSED">
         <system-out><![CDATA[2020-03-20 14:08:14 - [TEST_CASE][PASSED] - Test Cases/ADMIN/Language/Edit Text/Bespoke/Buyer Pages/Merchant Storefront: Test Cases/ADMIN/Language/Edit Text/Bespoke/Buyer Pages/Merchant Storefront

2020-03-20 14:08:14 - [TEST_STEP][PASSED] - waitForElementVisible(findTestObject("ADMIN/Edit Text/Bespoke/Buyer Navigation/dd_language"), 0): Object 'Object Repository/ADMIN/Edit Text/Bespoke/Buyer Navigation/dd_language' is visible

2020-03-20 14:08:14 - [MESSAGE][WARNING] - Timeout '0' is invalid. Using default page load timeout: '30'

2020-03-20 14:08:14 - [MESSAGE][PASSED] - Object 'Object Repository/ADMIN/Edit Text/Bespoke/Buyer Navigation/dd_language' is visible

2020-03-20 14:08:14 - [TEST_STEP][PASSED] - selectOptionByLabel(findTestObject("ADMIN/Edit Text/Bespoke/Buyer Navigation/dd_language"), varLanguage, false): All options with label 'Hindi' are selected in object 'Object Repository/ADMIN/Edit Text/Bespoke/Buyer Navigation/dd_language' 

2020-03-20 14:08:15 - [MESSAGE][PASSED] - All options with label 'Hindi' are selected in object 'Object Repository/ADMIN/Edit Text/Bespoke/Buyer Navigation/dd_language' 

2020-03-20 14:08:15 - [TEST_STEP][PASSED] - sendKeys(findTestObject("ADMIN/Edit Text/Bespoke/Buyer Pages/Merchant Storefront/input_VISITORS_visitors"), "*"): Keys '*' sent to object: 'Object Repository/ADMIN/Edit Text/Bespoke/Buyer Pages/Merchant Storefront/input_VISITORS_visitors'

2020-03-20 14:08:16 - [MESSAGE][PASSED] - Keys '*' sent to object: 'Object Repository/ADMIN/Edit Text/Bespoke/Buyer Pages/Merchant Storefront/input_VISITORS_visitors'

2020-03-20 14:08:16 - [TEST_STEP][PASSED] - sendKeys(findTestObject("ADMIN/Edit Text/Bespoke/Buyer Pages/Merchant Storefront/input_Avg Rating_avg_rating"), "*"): Keys '*' sent to object: 'Object Repository/ADMIN/Edit Text/Bespoke/Buyer Pages/Merchant Storefront/input_Avg Rating_avg_rating'

2020-03-20 14:08:16 - [MESSAGE][PASSED] - Keys '*' sent to object: 'Object Repository/ADMIN/Edit Text/Bespoke/Buyer Pages/Merchant Storefront/input_Avg Rating_avg_rating'

2020-03-20 14:08:16 - [TEST_STEP][PASSED] - sendKeys(findTestObject("ADMIN/Edit Text/Bespoke/Buyer Pages/Merchant Storefront/input_Successful Orders_successful-orders"), "*"): Keys '*' sent to object: 'Object Repository/ADMIN/Edit Text/Bespoke/Buyer Pages/Merchant Storefront/input_Successful Orders_successful-orders'

2020-03-20 14:08:16 - [MESSAGE][PASSED] - Keys '*' sent to object: 'Object Repository/ADMIN/Edit Text/Bespoke/Buyer Pages/Merchant Storefront/input_Successful Orders_successful-orders'

2020-03-20 14:08:16 - [TEST_STEP][PASSED] - sendKeys(findTestObject("ADMIN/Edit Text/Bespoke/Buyer Pages/Merchant Storefront/input_Member Since_member-since"), "*"): Keys '*' sent to object: 'Object Repository/ADMIN/Edit Text/Bespoke/Buyer Pages/Merchant Storefront/input_Member Since_member-since'

2020-03-20 14:08:17 - [MESSAGE][PASSED] - Keys '*' sent to object: 'Object Repository/ADMIN/Edit Text/Bespoke/Buyer Pages/Merchant Storefront/input_Member Since_member-since'

2020-03-20 14:08:17 - [TEST_STEP][PASSED] - sendKeys(findTestObject("ADMIN/Edit Text/Bespoke/Buyer Pages/Merchant Storefront/input_ITEMS FOR SALE_item-for-sale"), "*"): Keys '*' sent to object: 'Object Repository/ADMIN/Edit Text/Bespoke/Buyer Pages/Merchant Storefront/input_ITEMS FOR SALE_item-for-sale'

2020-03-20 14:08:17 - [MESSAGE][PASSED] - Keys '*' sent to object: 'Object Repository/ADMIN/Edit Text/Bespoke/Buyer Pages/Merchant Storefront/input_ITEMS FOR SALE_item-for-sale'

2020-03-20 14:08:17 - [TEST_STEP][PASSED] - sendKeys(findTestObject("ADMIN/Edit Text/Bespoke/Buyer Pages/Merchant Storefront/input_ITEM REVIEWS_sort-by"), "*"): Keys '*' sent to object: 'Object Repository/ADMIN/Edit Text/Bespoke/Buyer Pages/Merchant Storefront/input_ITEM REVIEWS_sort-by'

2020-03-20 14:08:17 - [MESSAGE][PASSED] - Keys '*' sent to object: 'Object Repository/ADMIN/Edit Text/Bespoke/Buyer Pages/Merchant Storefront/input_ITEM REVIEWS_sort-by'

2020-03-20 14:08:17 - [TEST_STEP][PASSED] - sendKeys(findTestObject("ADMIN/Edit Text/Bespoke/Buyer Pages/Merchant Storefront/input_Search store_item-for-sale"), "*"): Keys '*' sent to object: 'Object Repository/ADMIN/Edit Text/Bespoke/Buyer Pages/Merchant Storefront/input_Search store_item-for-sale'

2020-03-20 14:08:18 - [MESSAGE][PASSED] - Keys '*' sent to object: 'Object Repository/ADMIN/Edit Text/Bespoke/Buyer Pages/Merchant Storefront/input_Search store_item-for-sale'

2020-03-20 14:08:18 - [TEST_STEP][PASSED] - sendKeys(findTestObject("ADMIN/Edit Text/Bespoke/Buyer Pages/Merchant Storefront/input_Sort by_sort-by"), "*"): Keys '*' sent to object: 'Object Repository/ADMIN/Edit Text/Bespoke/Buyer Pages/Merchant Storefront/input_Sort by_sort-by'

2020-03-20 14:08:18 - [MESSAGE][PASSED] - Keys '*' sent to object: 'Object Repository/ADMIN/Edit Text/Bespoke/Buyer Pages/Merchant Storefront/input_Sort by_sort-by'

2020-03-20 14:08:18 - [TEST_STEP][PASSED] - sendKeys(findTestObject("ADMIN/Edit Text/Bespoke/Buyer Pages/Merchant Storefront/input_Lowest Price_lowest-price"), "*"): Keys '*' sent to object: 'Object Repository/ADMIN/Edit Text/Bespoke/Buyer Pages/Merchant Storefront/input_Lowest Price_lowest-price'

2020-03-20 14:08:18 - [MESSAGE][PASSED] - Keys '*' sent to object: 'Object Repository/ADMIN/Edit Text/Bespoke/Buyer Pages/Merchant Storefront/input_Lowest Price_lowest-price'

2020-03-20 14:08:18 - [TEST_STEP][PASSED] - sendKeys(findTestObject("ADMIN/Edit Text/Bespoke/Buyer Pages/Merchant Storefront/input_Highest Price_highest-price"), "*"): Keys '*' sent to object: 'Object Repository/ADMIN/Edit Text/Bespoke/Buyer Pages/Merchant Storefront/input_Highest Price_highest-price'

2020-03-20 14:08:18 - [MESSAGE][PASSED] - Keys '*' sent to object: 'Object Repository/ADMIN/Edit Text/Bespoke/Buyer Pages/Merchant Storefront/input_Highest Price_highest-price'

2020-03-20 14:08:18 - [TEST_STEP][PASSED] - sendKeys(findTestObject("ADMIN/Edit Text/Bespoke/Buyer Pages/Merchant Storefront/input_VIEW ALL ITEMS FOR SALE_btn_view_item"), "*"): Keys '*' sent to object: 'Object Repository/ADMIN/Edit Text/Bespoke/Buyer Pages/Merchant Storefront/input_VIEW ALL ITEMS FOR SALE_btn_view_item'

2020-03-20 14:08:18 - [MESSAGE][PASSED] - Keys '*' sent to object: 'Object Repository/ADMIN/Edit Text/Bespoke/Buyer Pages/Merchant Storefront/input_VIEW ALL ITEMS FOR SALE_btn_view_item'

2020-03-20 14:08:18 - [TEST_STEP][PASSED] - click(findTestObject("ADMIN/Edit Text/Bespoke/Buyer Pages/Homepage/button_save"), CONTINUE_ON_FAILURE): Object: 'Object Repository/ADMIN/Edit Text/Bespoke/Buyer Pages/Homepage/button_save' is clicked on

2020-03-20 14:08:19 - [MESSAGE][PASSED] - Object: 'Object Repository/ADMIN/Edit Text/Bespoke/Buyer Pages/Homepage/button_save' is clicked on

2020-03-20 14:08:19 - [TEST_STEP][PASSED] - waitForElementVisible(findTestObject("ADMIN/Edit Text/Bespoke/Buyer Pages/Homepage/toaster_success"), 0): Object 'Object Repository/ADMIN/Edit Text/Bespoke/Buyer Pages/Homepage/toaster_success' is visible

2020-03-20 14:08:19 - [MESSAGE][WARNING] - Timeout '0' is invalid. Using default page load timeout: '30'

2020-03-20 14:08:19 - [MESSAGE][PASSED] - Object 'Object Repository/ADMIN/Edit Text/Bespoke/Buyer Pages/Homepage/toaster_success' is visible]]></system-out>
         <system-err><![CDATA[]]></system-err>
      </testcase>
      <testcase name="Test Cases/ADMIN/Language/Edit Text/Bespoke/Buyer Pages/Merchant Storefront" time="4.127" classname="Test Cases/ADMIN/Language/Edit Text/Bespoke/Buyer Pages/Merchant Storefront" status="PASSED">
         <system-out><![CDATA[2020-03-20 14:08:19 - [TEST_CASE][PASSED] - Test Cases/ADMIN/Language/Edit Text/Bespoke/Buyer Pages/Merchant Storefront: Test Cases/ADMIN/Language/Edit Text/Bespoke/Buyer Pages/Merchant Storefront

2020-03-20 14:08:19 - [TEST_STEP][PASSED] - waitForElementVisible(findTestObject("ADMIN/Edit Text/Bespoke/Buyer Navigation/dd_language"), 0): Object 'Object Repository/ADMIN/Edit Text/Bespoke/Buyer Navigation/dd_language' is visible

2020-03-20 14:08:19 - [MESSAGE][WARNING] - Timeout '0' is invalid. Using default page load timeout: '30'

2020-03-20 14:08:19 - [MESSAGE][PASSED] - Object 'Object Repository/ADMIN/Edit Text/Bespoke/Buyer Navigation/dd_language' is visible

2020-03-20 14:08:19 - [TEST_STEP][PASSED] - selectOptionByLabel(findTestObject("ADMIN/Edit Text/Bespoke/Buyer Navigation/dd_language"), varLanguage, false): All options with label 'German' are selected in object 'Object Repository/ADMIN/Edit Text/Bespoke/Buyer Navigation/dd_language' 

2020-03-20 14:08:21 - [MESSAGE][PASSED] - All options with label 'German' are selected in object 'Object Repository/ADMIN/Edit Text/Bespoke/Buyer Navigation/dd_language' 

2020-03-20 14:08:21 - [TEST_STEP][PASSED] - sendKeys(findTestObject("ADMIN/Edit Text/Bespoke/Buyer Pages/Merchant Storefront/input_VISITORS_visitors"), "*"): Keys '*' sent to object: 'Object Repository/ADMIN/Edit Text/Bespoke/Buyer Pages/Merchant Storefront/input_VISITORS_visitors'

2020-03-20 14:08:21 - [MESSAGE][PASSED] - Keys '*' sent to object: 'Object Repository/ADMIN/Edit Text/Bespoke/Buyer Pages/Merchant Storefront/input_VISITORS_visitors'

2020-03-20 14:08:21 - [TEST_STEP][PASSED] - sendKeys(findTestObject("ADMIN/Edit Text/Bespoke/Buyer Pages/Merchant Storefront/input_Avg Rating_avg_rating"), "*"): Keys '*' sent to object: 'Object Repository/ADMIN/Edit Text/Bespoke/Buyer Pages/Merchant Storefront/input_Avg Rating_avg_rating'

2020-03-20 14:08:21 - [MESSAGE][PASSED] - Keys '*' sent to object: 'Object Repository/ADMIN/Edit Text/Bespoke/Buyer Pages/Merchant Storefront/input_Avg Rating_avg_rating'

2020-03-20 14:08:21 - [TEST_STEP][PASSED] - sendKeys(findTestObject("ADMIN/Edit Text/Bespoke/Buyer Pages/Merchant Storefront/input_Successful Orders_successful-orders"), "*"): Keys '*' sent to object: 'Object Repository/ADMIN/Edit Text/Bespoke/Buyer Pages/Merchant Storefront/input_Successful Orders_successful-orders'

2020-03-20 14:08:21 - [MESSAGE][PASSED] - Keys '*' sent to object: 'Object Repository/ADMIN/Edit Text/Bespoke/Buyer Pages/Merchant Storefront/input_Successful Orders_successful-orders'

2020-03-20 14:08:21 - [TEST_STEP][PASSED] - sendKeys(findTestObject("ADMIN/Edit Text/Bespoke/Buyer Pages/Merchant Storefront/input_Member Since_member-since"), "*"): Keys '*' sent to object: 'Object Repository/ADMIN/Edit Text/Bespoke/Buyer Pages/Merchant Storefront/input_Member Since_member-since'

2020-03-20 14:08:21 - [MESSAGE][PASSED] - Keys '*' sent to object: 'Object Repository/ADMIN/Edit Text/Bespoke/Buyer Pages/Merchant Storefront/input_Member Since_member-since'

2020-03-20 14:08:21 - [TEST_STEP][PASSED] - sendKeys(findTestObject("ADMIN/Edit Text/Bespoke/Buyer Pages/Merchant Storefront/input_ITEMS FOR SALE_item-for-sale"), "*"): Keys '*' sent to object: 'Object Repository/ADMIN/Edit Text/Bespoke/Buyer Pages/Merchant Storefront/input_ITEMS FOR SALE_item-for-sale'

2020-03-20 14:08:22 - [MESSAGE][PASSED] - Keys '*' sent to object: 'Object Repository/ADMIN/Edit Text/Bespoke/Buyer Pages/Merchant Storefront/input_ITEMS FOR SALE_item-for-sale'

2020-03-20 14:08:22 - [TEST_STEP][PASSED] - sendKeys(findTestObject("ADMIN/Edit Text/Bespoke/Buyer Pages/Merchant Storefront/input_ITEM REVIEWS_sort-by"), "*"): Keys '*' sent to object: 'Object Repository/ADMIN/Edit Text/Bespoke/Buyer Pages/Merchant Storefront/input_ITEM REVIEWS_sort-by'

2020-03-20 14:08:22 - [MESSAGE][PASSED] - Keys '*' sent to object: 'Object Repository/ADMIN/Edit Text/Bespoke/Buyer Pages/Merchant Storefront/input_ITEM REVIEWS_sort-by'

2020-03-20 14:08:22 - [TEST_STEP][PASSED] - sendKeys(findTestObject("ADMIN/Edit Text/Bespoke/Buyer Pages/Merchant Storefront/input_Search store_item-for-sale"), "*"): Keys '*' sent to object: 'Object Repository/ADMIN/Edit Text/Bespoke/Buyer Pages/Merchant Storefront/input_Search store_item-for-sale'

2020-03-20 14:08:22 - [MESSAGE][PASSED] - Keys '*' sent to object: 'Object Repository/ADMIN/Edit Text/Bespoke/Buyer Pages/Merchant Storefront/input_Search store_item-for-sale'

2020-03-20 14:08:22 - [TEST_STEP][PASSED] - sendKeys(findTestObject("ADMIN/Edit Text/Bespoke/Buyer Pages/Merchant Storefront/input_Sort by_sort-by"), "*"): Keys '*' sent to object: 'Object Repository/ADMIN/Edit Text/Bespoke/Buyer Pages/Merchant Storefront/input_Sort by_sort-by'

2020-03-20 14:08:23 - [MESSAGE][PASSED] - Keys '*' sent to object: 'Object Repository/ADMIN/Edit Text/Bespoke/Buyer Pages/Merchant Storefront/input_Sort by_sort-by'

2020-03-20 14:08:23 - [TEST_STEP][PASSED] - sendKeys(findTestObject("ADMIN/Edit Text/Bespoke/Buyer Pages/Merchant Storefront/input_Lowest Price_lowest-price"), "*"): Keys '*' sent to object: 'Object Repository/ADMIN/Edit Text/Bespoke/Buyer Pages/Merchant Storefront/input_Lowest Price_lowest-price'

2020-03-20 14:08:23 - [MESSAGE][PASSED] - Keys '*' sent to object: 'Object Repository/ADMIN/Edit Text/Bespoke/Buyer Pages/Merchant Storefront/input_Lowest Price_lowest-price'

2020-03-20 14:08:23 - [TEST_STEP][PASSED] - sendKeys(findTestObject("ADMIN/Edit Text/Bespoke/Buyer Pages/Merchant Storefront/input_Highest Price_highest-price"), "*"): Keys '*' sent to object: 'Object Repository/ADMIN/Edit Text/Bespoke/Buyer Pages/Merchant Storefront/input_Highest Price_highest-price'

2020-03-20 14:08:23 - [MESSAGE][PASSED] - Keys '*' sent to object: 'Object Repository/ADMIN/Edit Text/Bespoke/Buyer Pages/Merchant Storefront/input_Highest Price_highest-price'

2020-03-20 14:08:23 - [TEST_STEP][PASSED] - sendKeys(findTestObject("ADMIN/Edit Text/Bespoke/Buyer Pages/Merchant Storefront/input_VIEW ALL ITEMS FOR SALE_btn_view_item"), "*"): Keys '*' sent to object: 'Object Repository/ADMIN/Edit Text/Bespoke/Buyer Pages/Merchant Storefront/input_VIEW ALL ITEMS FOR SALE_btn_view_item'

2020-03-20 14:08:23 - [MESSAGE][PASSED] - Keys '*' sent to object: 'Object Repository/ADMIN/Edit Text/Bespoke/Buyer Pages/Merchant Storefront/input_VIEW ALL ITEMS FOR SALE_btn_view_item'

2020-03-20 14:08:23 - [TEST_STEP][PASSED] - click(findTestObject("ADMIN/Edit Text/Bespoke/Buyer Pages/Homepage/button_save"), CONTINUE_ON_FAILURE): Object: 'Object Repository/ADMIN/Edit Text/Bespoke/Buyer Pages/Homepage/button_save' is clicked on

2020-03-20 14:08:23 - [MESSAGE][PASSED] - Object: 'Object Repository/ADMIN/Edit Text/Bespoke/Buyer Pages/Homepage/button_save' is clicked on

2020-03-20 14:08:23 - [TEST_STEP][PASSED] - waitForElementVisible(findTestObject("ADMIN/Edit Text/Bespoke/Buyer Pages/Homepage/toaster_success"), 0): Object 'Object Repository/ADMIN/Edit Text/Bespoke/Buyer Pages/Homepage/toaster_success' is visible

2020-03-20 14:08:23 - [MESSAGE][WARNING] - Timeout '0' is invalid. Using default page load timeout: '30'

2020-03-20 14:08:23 - [MESSAGE][PASSED] - Object 'Object Repository/ADMIN/Edit Text/Bespoke/Buyer Pages/Homepage/toaster_success' is visible]]></system-out>
         <system-err><![CDATA[]]></system-err>
      </testcase>
      <testcase name="Test Cases/ADMIN/Language/Edit Text/Bespoke/Buyer Pages/Merchant Storefront" time="4.374" classname="Test Cases/ADMIN/Language/Edit Text/Bespoke/Buyer Pages/Merchant Storefront" status="PASSED">
         <system-out><![CDATA[2020-03-20 14:08:23 - [TEST_CASE][PASSED] - Test Cases/ADMIN/Language/Edit Text/Bespoke/Buyer Pages/Merchant Storefront: Test Cases/ADMIN/Language/Edit Text/Bespoke/Buyer Pages/Merchant Storefront

2020-03-20 14:08:23 - [TEST_STEP][PASSED] - waitForElementVisible(findTestObject("ADMIN/Edit Text/Bespoke/Buyer Navigation/dd_language"), 0): Object 'Object Repository/ADMIN/Edit Text/Bespoke/Buyer Navigation/dd_language' is visible

2020-03-20 14:08:23 - [MESSAGE][WARNING] - Timeout '0' is invalid. Using default page load timeout: '30'

2020-03-20 14:08:24 - [MESSAGE][PASSED] - Object 'Object Repository/ADMIN/Edit Text/Bespoke/Buyer Navigation/dd_language' is visible

2020-03-20 14:08:24 - [TEST_STEP][PASSED] - selectOptionByLabel(findTestObject("ADMIN/Edit Text/Bespoke/Buyer Navigation/dd_language"), varLanguage, false): All options with label 'Japanese' are selected in object 'Object Repository/ADMIN/Edit Text/Bespoke/Buyer Navigation/dd_language' 

2020-03-20 14:08:25 - [MESSAGE][PASSED] - All options with label 'Japanese' are selected in object 'Object Repository/ADMIN/Edit Text/Bespoke/Buyer Navigation/dd_language' 

2020-03-20 14:08:25 - [TEST_STEP][PASSED] - sendKeys(findTestObject("ADMIN/Edit Text/Bespoke/Buyer Pages/Merchant Storefront/input_VISITORS_visitors"), "*"): Keys '*' sent to object: 'Object Repository/ADMIN/Edit Text/Bespoke/Buyer Pages/Merchant Storefront/input_VISITORS_visitors'

2020-03-20 14:08:25 - [MESSAGE][PASSED] - Keys '*' sent to object: 'Object Repository/ADMIN/Edit Text/Bespoke/Buyer Pages/Merchant Storefront/input_VISITORS_visitors'

2020-03-20 14:08:25 - [TEST_STEP][PASSED] - sendKeys(findTestObject("ADMIN/Edit Text/Bespoke/Buyer Pages/Merchant Storefront/input_Avg Rating_avg_rating"), "*"): Keys '*' sent to object: 'Object Repository/ADMIN/Edit Text/Bespoke/Buyer Pages/Merchant Storefront/input_Avg Rating_avg_rating'

2020-03-20 14:08:25 - [MESSAGE][PASSED] - Keys '*' sent to object: 'Object Repository/ADMIN/Edit Text/Bespoke/Buyer Pages/Merchant Storefront/input_Avg Rating_avg_rating'

2020-03-20 14:08:25 - [TEST_STEP][PASSED] - sendKeys(findTestObject("ADMIN/Edit Text/Bespoke/Buyer Pages/Merchant Storefront/input_Successful Orders_successful-orders"), "*"): Keys '*' sent to object: 'Object Repository/ADMIN/Edit Text/Bespoke/Buyer Pages/Merchant Storefront/input_Successful Orders_successful-orders'

2020-03-20 14:08:26 - [MESSAGE][PASSED] - Keys '*' sent to object: 'Object Repository/ADMIN/Edit Text/Bespoke/Buyer Pages/Merchant Storefront/input_Successful Orders_successful-orders'

2020-03-20 14:08:26 - [TEST_STEP][PASSED] - sendKeys(findTestObject("ADMIN/Edit Text/Bespoke/Buyer Pages/Merchant Storefront/input_Member Since_member-since"), "*"): Keys '*' sent to object: 'Object Repository/ADMIN/Edit Text/Bespoke/Buyer Pages/Merchant Storefront/input_Member Since_member-since'

2020-03-20 14:08:26 - [MESSAGE][PASSED] - Keys '*' sent to object: 'Object Repository/ADMIN/Edit Text/Bespoke/Buyer Pages/Merchant Storefront/input_Member Since_member-since'

2020-03-20 14:08:26 - [TEST_STEP][PASSED] - sendKeys(findTestObject("ADMIN/Edit Text/Bespoke/Buyer Pages/Merchant Storefront/input_ITEMS FOR SALE_item-for-sale"), "*"): Keys '*' sent to object: 'Object Repository/ADMIN/Edit Text/Bespoke/Buyer Pages/Merchant Storefront/input_ITEMS FOR SALE_item-for-sale'

2020-03-20 14:08:26 - [MESSAGE][PASSED] - Keys '*' sent to object: 'Object Repository/ADMIN/Edit Text/Bespoke/Buyer Pages/Merchant Storefront/input_ITEMS FOR SALE_item-for-sale'

2020-03-20 14:08:26 - [TEST_STEP][PASSED] - sendKeys(findTestObject("ADMIN/Edit Text/Bespoke/Buyer Pages/Merchant Storefront/input_ITEM REVIEWS_sort-by"), "*"): Keys '*' sent to object: 'Object Repository/ADMIN/Edit Text/Bespoke/Buyer Pages/Merchant Storefront/input_ITEM REVIEWS_sort-by'

2020-03-20 14:08:26 - [MESSAGE][PASSED] - Keys '*' sent to object: 'Object Repository/ADMIN/Edit Text/Bespoke/Buyer Pages/Merchant Storefront/input_ITEM REVIEWS_sort-by'

2020-03-20 14:08:26 - [TEST_STEP][PASSED] - sendKeys(findTestObject("ADMIN/Edit Text/Bespoke/Buyer Pages/Merchant Storefront/input_Search store_item-for-sale"), "*"): Keys '*' sent to object: 'Object Repository/ADMIN/Edit Text/Bespoke/Buyer Pages/Merchant Storefront/input_Search store_item-for-sale'

2020-03-20 14:08:26 - [MESSAGE][PASSED] - Keys '*' sent to object: 'Object Repository/ADMIN/Edit Text/Bespoke/Buyer Pages/Merchant Storefront/input_Search store_item-for-sale'

2020-03-20 14:08:26 - [TEST_STEP][PASSED] - sendKeys(findTestObject("ADMIN/Edit Text/Bespoke/Buyer Pages/Merchant Storefront/input_Sort by_sort-by"), "*"): Keys '*' sent to object: 'Object Repository/ADMIN/Edit Text/Bespoke/Buyer Pages/Merchant Storefront/input_Sort by_sort-by'

2020-03-20 14:08:27 - [MESSAGE][PASSED] - Keys '*' sent to object: 'Object Repository/ADMIN/Edit Text/Bespoke/Buyer Pages/Merchant Storefront/input_Sort by_sort-by'

2020-03-20 14:08:27 - [TEST_STEP][PASSED] - sendKeys(findTestObject("ADMIN/Edit Text/Bespoke/Buyer Pages/Merchant Storefront/input_Lowest Price_lowest-price"), "*"): Keys '*' sent to object: 'Object Repository/ADMIN/Edit Text/Bespoke/Buyer Pages/Merchant Storefront/input_Lowest Price_lowest-price'

2020-03-20 14:08:27 - [MESSAGE][PASSED] - Keys '*' sent to object: 'Object Repository/ADMIN/Edit Text/Bespoke/Buyer Pages/Merchant Storefront/input_Lowest Price_lowest-price'

2020-03-20 14:08:27 - [TEST_STEP][PASSED] - sendKeys(findTestObject("ADMIN/Edit Text/Bespoke/Buyer Pages/Merchant Storefront/input_Highest Price_highest-price"), "*"): Keys '*' sent to object: 'Object Repository/ADMIN/Edit Text/Bespoke/Buyer Pages/Merchant Storefront/input_Highest Price_highest-price'

2020-03-20 14:08:27 - [MESSAGE][PASSED] - Keys '*' sent to object: 'Object Repository/ADMIN/Edit Text/Bespoke/Buyer Pages/Merchant Storefront/input_Highest Price_highest-price'

2020-03-20 14:08:27 - [TEST_STEP][PASSED] - sendKeys(findTestObject("ADMIN/Edit Text/Bespoke/Buyer Pages/Merchant Storefront/input_VIEW ALL ITEMS FOR SALE_btn_view_item"), "*"): Keys '*' sent to object: 'Object Repository/ADMIN/Edit Text/Bespoke/Buyer Pages/Merchant Storefront/input_VIEW ALL ITEMS FOR SALE_btn_view_item'

2020-03-20 14:08:27 - [MESSAGE][PASSED] - Keys '*' sent to object: 'Object Repository/ADMIN/Edit Text/Bespoke/Buyer Pages/Merchant Storefront/input_VIEW ALL ITEMS FOR SALE_btn_view_item'

2020-03-20 14:08:27 - [TEST_STEP][PASSED] - click(findTestObject("ADMIN/Edit Text/Bespoke/Buyer Pages/Homepage/button_save"), CONTINUE_ON_FAILURE): Object: 'Object Repository/ADMIN/Edit Text/Bespoke/Buyer Pages/Homepage/button_save' is clicked on

2020-03-20 14:08:27 - [MESSAGE][PASSED] - Object: 'Object Repository/ADMIN/Edit Text/Bespoke/Buyer Pages/Homepage/button_save' is clicked on

2020-03-20 14:08:27 - [TEST_STEP][PASSED] - waitForElementVisible(findTestObject("ADMIN/Edit Text/Bespoke/Buyer Pages/Homepage/toaster_success"), 0): Object 'Object Repository/ADMIN/Edit Text/Bespoke/Buyer Pages/Homepage/toaster_success' is visible

2020-03-20 14:08:27 - [MESSAGE][WARNING] - Timeout '0' is invalid. Using default page load timeout: '30'

2020-03-20 14:08:28 - [MESSAGE][PASSED] - Object 'Object Repository/ADMIN/Edit Text/Bespoke/Buyer Pages/Homepage/toaster_success' is visible]]></system-out>
         <system-err><![CDATA[]]></system-err>
      </testcase>
      <testcase name="Test Cases/ADMIN/Language/Edit Text/Bespoke/Buyer Pages/Merchant Storefront" time="3.557" classname="Test Cases/ADMIN/Language/Edit Text/Bespoke/Buyer Pages/Merchant Storefront" status="PASSED">
         <system-out><![CDATA[2020-03-20 14:08:28 - [TEST_CASE][PASSED] - Test Cases/ADMIN/Language/Edit Text/Bespoke/Buyer Pages/Merchant Storefront: Test Cases/ADMIN/Language/Edit Text/Bespoke/Buyer Pages/Merchant Storefront

2020-03-20 14:08:28 - [TEST_STEP][PASSED] - waitForElementVisible(findTestObject("ADMIN/Edit Text/Bespoke/Buyer Navigation/dd_language"), 0): Object 'Object Repository/ADMIN/Edit Text/Bespoke/Buyer Navigation/dd_language' is visible

2020-03-20 14:08:28 - [MESSAGE][WARNING] - Timeout '0' is invalid. Using default page load timeout: '30'

2020-03-20 14:08:28 - [MESSAGE][PASSED] - Object 'Object Repository/ADMIN/Edit Text/Bespoke/Buyer Navigation/dd_language' is visible

2020-03-20 14:08:28 - [TEST_STEP][PASSED] - selectOptionByLabel(findTestObject("ADMIN/Edit Text/Bespoke/Buyer Navigation/dd_language"), varLanguage, false): All options with label 'Chinese (Traditional)' are selected in object 'Object Repository/ADMIN/Edit Text/Bespoke/Buyer Navigation/dd_language' 

2020-03-20 14:08:29 - [MESSAGE][PASSED] - All options with label 'Chinese (Traditional)' are selected in object 'Object Repository/ADMIN/Edit Text/Bespoke/Buyer Navigation/dd_language' 

2020-03-20 14:08:29 - [TEST_STEP][PASSED] - sendKeys(findTestObject("ADMIN/Edit Text/Bespoke/Buyer Pages/Merchant Storefront/input_VISITORS_visitors"), "*"): Keys '*' sent to object: 'Object Repository/ADMIN/Edit Text/Bespoke/Buyer Pages/Merchant Storefront/input_VISITORS_visitors'

2020-03-20 14:08:29 - [MESSAGE][PASSED] - Keys '*' sent to object: 'Object Repository/ADMIN/Edit Text/Bespoke/Buyer Pages/Merchant Storefront/input_VISITORS_visitors'

2020-03-20 14:08:29 - [TEST_STEP][PASSED] - sendKeys(findTestObject("ADMIN/Edit Text/Bespoke/Buyer Pages/Merchant Storefront/input_Avg Rating_avg_rating"), "*"): Keys '*' sent to object: 'Object Repository/ADMIN/Edit Text/Bespoke/Buyer Pages/Merchant Storefront/input_Avg Rating_avg_rating'

2020-03-20 14:08:29 - [MESSAGE][PASSED] - Keys '*' sent to object: 'Object Repository/ADMIN/Edit Text/Bespoke/Buyer Pages/Merchant Storefront/input_Avg Rating_avg_rating'

2020-03-20 14:08:29 - [TEST_STEP][PASSED] - sendKeys(findTestObject("ADMIN/Edit Text/Bespoke/Buyer Pages/Merchant Storefront/input_Successful Orders_successful-orders"), "*"): Keys '*' sent to object: 'Object Repository/ADMIN/Edit Text/Bespoke/Buyer Pages/Merchant Storefront/input_Successful Orders_successful-orders'

2020-03-20 14:08:29 - [MESSAGE][PASSED] - Keys '*' sent to object: 'Object Repository/ADMIN/Edit Text/Bespoke/Buyer Pages/Merchant Storefront/input_Successful Orders_successful-orders'

2020-03-20 14:08:29 - [TEST_STEP][PASSED] - sendKeys(findTestObject("ADMIN/Edit Text/Bespoke/Buyer Pages/Merchant Storefront/input_Member Since_member-since"), "*"): Keys '*' sent to object: 'Object Repository/ADMIN/Edit Text/Bespoke/Buyer Pages/Merchant Storefront/input_Member Since_member-since'

2020-03-20 14:08:30 - [MESSAGE][PASSED] - Keys '*' sent to object: 'Object Repository/ADMIN/Edit Text/Bespoke/Buyer Pages/Merchant Storefront/input_Member Since_member-since'

2020-03-20 14:08:30 - [TEST_STEP][PASSED] - sendKeys(findTestObject("ADMIN/Edit Text/Bespoke/Buyer Pages/Merchant Storefront/input_ITEMS FOR SALE_item-for-sale"), "*"): Keys '*' sent to object: 'Object Repository/ADMIN/Edit Text/Bespoke/Buyer Pages/Merchant Storefront/input_ITEMS FOR SALE_item-for-sale'

2020-03-20 14:08:30 - [MESSAGE][PASSED] - Keys '*' sent to object: 'Object Repository/ADMIN/Edit Text/Bespoke/Buyer Pages/Merchant Storefront/input_ITEMS FOR SALE_item-for-sale'

2020-03-20 14:08:30 - [TEST_STEP][PASSED] - sendKeys(findTestObject("ADMIN/Edit Text/Bespoke/Buyer Pages/Merchant Storefront/input_ITEM REVIEWS_sort-by"), "*"): Keys '*' sent to object: 'Object Repository/ADMIN/Edit Text/Bespoke/Buyer Pages/Merchant Storefront/input_ITEM REVIEWS_sort-by'

2020-03-20 14:08:30 - [MESSAGE][PASSED] - Keys '*' sent to object: 'Object Repository/ADMIN/Edit Text/Bespoke/Buyer Pages/Merchant Storefront/input_ITEM REVIEWS_sort-by'

2020-03-20 14:08:30 - [TEST_STEP][PASSED] - sendKeys(findTestObject("ADMIN/Edit Text/Bespoke/Buyer Pages/Merchant Storefront/input_Search store_item-for-sale"), "*"): Keys '*' sent to object: 'Object Repository/ADMIN/Edit Text/Bespoke/Buyer Pages/Merchant Storefront/input_Search store_item-for-sale'

2020-03-20 14:08:30 - [MESSAGE][PASSED] - Keys '*' sent to object: 'Object Repository/ADMIN/Edit Text/Bespoke/Buyer Pages/Merchant Storefront/input_Search store_item-for-sale'

2020-03-20 14:08:30 - [TEST_STEP][PASSED] - sendKeys(findTestObject("ADMIN/Edit Text/Bespoke/Buyer Pages/Merchant Storefront/input_Sort by_sort-by"), "*"): Keys '*' sent to object: 'Object Repository/ADMIN/Edit Text/Bespoke/Buyer Pages/Merchant Storefront/input_Sort by_sort-by'

2020-03-20 14:08:30 - [MESSAGE][PASSED] - Keys '*' sent to object: 'Object Repository/ADMIN/Edit Text/Bespoke/Buyer Pages/Merchant Storefront/input_Sort by_sort-by'

2020-03-20 14:08:30 - [TEST_STEP][PASSED] - sendKeys(findTestObject("ADMIN/Edit Text/Bespoke/Buyer Pages/Merchant Storefront/input_Lowest Price_lowest-price"), "*"): Keys '*' sent to object: 'Object Repository/ADMIN/Edit Text/Bespoke/Buyer Pages/Merchant Storefront/input_Lowest Price_lowest-price'

2020-03-20 14:08:30 - [MESSAGE][PASSED] - Keys '*' sent to object: 'Object Repository/ADMIN/Edit Text/Bespoke/Buyer Pages/Merchant Storefront/input_Lowest Price_lowest-price'

2020-03-20 14:08:30 - [TEST_STEP][PASSED] - sendKeys(findTestObject("ADMIN/Edit Text/Bespoke/Buyer Pages/Merchant Storefront/input_Highest Price_highest-price"), "*"): Keys '*' sent to object: 'Object Repository/ADMIN/Edit Text/Bespoke/Buyer Pages/Merchant Storefront/input_Highest Price_highest-price'

2020-03-20 14:08:31 - [MESSAGE][PASSED] - Keys '*' sent to object: 'Object Repository/ADMIN/Edit Text/Bespoke/Buyer Pages/Merchant Storefront/input_Highest Price_highest-price'

2020-03-20 14:08:31 - [TEST_STEP][PASSED] - sendKeys(findTestObject("ADMIN/Edit Text/Bespoke/Buyer Pages/Merchant Storefront/input_VIEW ALL ITEMS FOR SALE_btn_view_item"), "*"): Keys '*' sent to object: 'Object Repository/ADMIN/Edit Text/Bespoke/Buyer Pages/Merchant Storefront/input_VIEW ALL ITEMS FOR SALE_btn_view_item'

2020-03-20 14:08:31 - [MESSAGE][PASSED] - Keys '*' sent to object: 'Object Repository/ADMIN/Edit Text/Bespoke/Buyer Pages/Merchant Storefront/input_VIEW ALL ITEMS FOR SALE_btn_view_item'

2020-03-20 14:08:31 - [TEST_STEP][PASSED] - click(findTestObject("ADMIN/Edit Text/Bespoke/Buyer Pages/Homepage/button_save"), CONTINUE_ON_FAILURE): Object: 'Object Repository/ADMIN/Edit Text/Bespoke/Buyer Pages/Homepage/button_save' is clicked on

2020-03-20 14:08:31 - [MESSAGE][PASSED] - Object: 'Object Repository/ADMIN/Edit Text/Bespoke/Buyer Pages/Homepage/button_save' is clicked on

2020-03-20 14:08:31 - [TEST_STEP][PASSED] - waitForElementVisible(findTestObject("ADMIN/Edit Text/Bespoke/Buyer Pages/Homepage/toaster_success"), 0): Object 'Object Repository/ADMIN/Edit Text/Bespoke/Buyer Pages/Homepage/toaster_success' is visible

2020-03-20 14:08:31 - [MESSAGE][WARNING] - Timeout '0' is invalid. Using default page load timeout: '30'

2020-03-20 14:08:31 - [MESSAGE][PASSED] - Object 'Object Repository/ADMIN/Edit Text/Bespoke/Buyer Pages/Homepage/toaster_success' is visible]]></system-out>
         <system-err><![CDATA[]]></system-err>
      </testcase>
      <testcase name="Test Cases/ADMIN/Language/Edit Text/Bespoke/Buyer Pages/Merchant Storefront" time="4.91" classname="Test Cases/ADMIN/Language/Edit Text/Bespoke/Buyer Pages/Merchant Storefront" status="PASSED">
         <system-out><![CDATA[2020-03-20 14:08:31 - [TEST_CASE][PASSED] - Test Cases/ADMIN/Language/Edit Text/Bespoke/Buyer Pages/Merchant Storefront: Test Cases/ADMIN/Language/Edit Text/Bespoke/Buyer Pages/Merchant Storefront

2020-03-20 14:08:31 - [TEST_STEP][PASSED] - waitForElementVisible(findTestObject("ADMIN/Edit Text/Bespoke/Buyer Navigation/dd_language"), 0): Object 'Object Repository/ADMIN/Edit Text/Bespoke/Buyer Navigation/dd_language' is visible

2020-03-20 14:08:31 - [MESSAGE][WARNING] - Timeout '0' is invalid. Using default page load timeout: '30'

2020-03-20 14:08:32 - [MESSAGE][PASSED] - Object 'Object Repository/ADMIN/Edit Text/Bespoke/Buyer Navigation/dd_language' is visible

2020-03-20 14:08:32 - [TEST_STEP][PASSED] - selectOptionByLabel(findTestObject("ADMIN/Edit Text/Bespoke/Buyer Navigation/dd_language"), varLanguage, false): All options with label 'Portuguese' are selected in object 'Object Repository/ADMIN/Edit Text/Bespoke/Buyer Navigation/dd_language' 

2020-03-20 14:08:32 - [MESSAGE][PASSED] - All options with label 'Portuguese' are selected in object 'Object Repository/ADMIN/Edit Text/Bespoke/Buyer Navigation/dd_language' 

2020-03-20 14:08:32 - [TEST_STEP][PASSED] - sendKeys(findTestObject("ADMIN/Edit Text/Bespoke/Buyer Pages/Merchant Storefront/input_VISITORS_visitors"), "*"): Keys '*' sent to object: 'Object Repository/ADMIN/Edit Text/Bespoke/Buyer Pages/Merchant Storefront/input_VISITORS_visitors'

2020-03-20 14:08:33 - [MESSAGE][PASSED] - Keys '*' sent to object: 'Object Repository/ADMIN/Edit Text/Bespoke/Buyer Pages/Merchant Storefront/input_VISITORS_visitors'

2020-03-20 14:08:33 - [TEST_STEP][PASSED] - sendKeys(findTestObject("ADMIN/Edit Text/Bespoke/Buyer Pages/Merchant Storefront/input_Avg Rating_avg_rating"), "*"): Keys '*' sent to object: 'Object Repository/ADMIN/Edit Text/Bespoke/Buyer Pages/Merchant Storefront/input_Avg Rating_avg_rating'

2020-03-20 14:08:33 - [MESSAGE][PASSED] - Keys '*' sent to object: 'Object Repository/ADMIN/Edit Text/Bespoke/Buyer Pages/Merchant Storefront/input_Avg Rating_avg_rating'

2020-03-20 14:08:33 - [TEST_STEP][PASSED] - sendKeys(findTestObject("ADMIN/Edit Text/Bespoke/Buyer Pages/Merchant Storefront/input_Successful Orders_successful-orders"), "*"): Keys '*' sent to object: 'Object Repository/ADMIN/Edit Text/Bespoke/Buyer Pages/Merchant Storefront/input_Successful Orders_successful-orders'

2020-03-20 14:08:33 - [MESSAGE][PASSED] - Keys '*' sent to object: 'Object Repository/ADMIN/Edit Text/Bespoke/Buyer Pages/Merchant Storefront/input_Successful Orders_successful-orders'

2020-03-20 14:08:33 - [TEST_STEP][PASSED] - sendKeys(findTestObject("ADMIN/Edit Text/Bespoke/Buyer Pages/Merchant Storefront/input_Member Since_member-since"), "*"): Keys '*' sent to object: 'Object Repository/ADMIN/Edit Text/Bespoke/Buyer Pages/Merchant Storefront/input_Member Since_member-since'

2020-03-20 14:08:33 - [MESSAGE][PASSED] - Keys '*' sent to object: 'Object Repository/ADMIN/Edit Text/Bespoke/Buyer Pages/Merchant Storefront/input_Member Since_member-since'

2020-03-20 14:08:33 - [TEST_STEP][PASSED] - sendKeys(findTestObject("ADMIN/Edit Text/Bespoke/Buyer Pages/Merchant Storefront/input_ITEMS FOR SALE_item-for-sale"), "*"): Keys '*' sent to object: 'Object Repository/ADMIN/Edit Text/Bespoke/Buyer Pages/Merchant Storefront/input_ITEMS FOR SALE_item-for-sale'

2020-03-20 14:08:33 - [MESSAGE][PASSED] - Keys '*' sent to object: 'Object Repository/ADMIN/Edit Text/Bespoke/Buyer Pages/Merchant Storefront/input_ITEMS FOR SALE_item-for-sale'

2020-03-20 14:08:33 - [TEST_STEP][PASSED] - sendKeys(findTestObject("ADMIN/Edit Text/Bespoke/Buyer Pages/Merchant Storefront/input_ITEM REVIEWS_sort-by"), "*"): Keys '*' sent to object: 'Object Repository/ADMIN/Edit Text/Bespoke/Buyer Pages/Merchant Storefront/input_ITEM REVIEWS_sort-by'

2020-03-20 14:08:34 - [MESSAGE][PASSED] - Keys '*' sent to object: 'Object Repository/ADMIN/Edit Text/Bespoke/Buyer Pages/Merchant Storefront/input_ITEM REVIEWS_sort-by'

2020-03-20 14:08:34 - [TEST_STEP][PASSED] - sendKeys(findTestObject("ADMIN/Edit Text/Bespoke/Buyer Pages/Merchant Storefront/input_Search store_item-for-sale"), "*"): Keys '*' sent to object: 'Object Repository/ADMIN/Edit Text/Bespoke/Buyer Pages/Merchant Storefront/input_Search store_item-for-sale'

2020-03-20 14:08:34 - [MESSAGE][PASSED] - Keys '*' sent to object: 'Object Repository/ADMIN/Edit Text/Bespoke/Buyer Pages/Merchant Storefront/input_Search store_item-for-sale'

2020-03-20 14:08:34 - [TEST_STEP][PASSED] - sendKeys(findTestObject("ADMIN/Edit Text/Bespoke/Buyer Pages/Merchant Storefront/input_Sort by_sort-by"), "*"): Keys '*' sent to object: 'Object Repository/ADMIN/Edit Text/Bespoke/Buyer Pages/Merchant Storefront/input_Sort by_sort-by'

2020-03-20 14:08:34 - [MESSAGE][PASSED] - Keys '*' sent to object: 'Object Repository/ADMIN/Edit Text/Bespoke/Buyer Pages/Merchant Storefront/input_Sort by_sort-by'

2020-03-20 14:08:34 - [TEST_STEP][PASSED] - sendKeys(findTestObject("ADMIN/Edit Text/Bespoke/Buyer Pages/Merchant Storefront/input_Lowest Price_lowest-price"), "*"): Keys '*' sent to object: 'Object Repository/ADMIN/Edit Text/Bespoke/Buyer Pages/Merchant Storefront/input_Lowest Price_lowest-price'

2020-03-20 14:08:34 - [MESSAGE][PASSED] - Keys '*' sent to object: 'Object Repository/ADMIN/Edit Text/Bespoke/Buyer Pages/Merchant Storefront/input_Lowest Price_lowest-price'

2020-03-20 14:08:34 - [TEST_STEP][PASSED] - sendKeys(findTestObject("ADMIN/Edit Text/Bespoke/Buyer Pages/Merchant Storefront/input_Highest Price_highest-price"), "*"): Keys '*' sent to object: 'Object Repository/ADMIN/Edit Text/Bespoke/Buyer Pages/Merchant Storefront/input_Highest Price_highest-price'

2020-03-20 14:08:34 - [MESSAGE][PASSED] - Keys '*' sent to object: 'Object Repository/ADMIN/Edit Text/Bespoke/Buyer Pages/Merchant Storefront/input_Highest Price_highest-price'

2020-03-20 14:08:34 - [TEST_STEP][PASSED] - sendKeys(findTestObject("ADMIN/Edit Text/Bespoke/Buyer Pages/Merchant Storefront/input_VIEW ALL ITEMS FOR SALE_btn_view_item"), "*"): Keys '*' sent to object: 'Object Repository/ADMIN/Edit Text/Bespoke/Buyer Pages/Merchant Storefront/input_VIEW ALL ITEMS FOR SALE_btn_view_item'

2020-03-20 14:08:35 - [MESSAGE][PASSED] - Keys '*' sent to object: 'Object Repository/ADMIN/Edit Text/Bespoke/Buyer Pages/Merchant Storefront/input_VIEW ALL ITEMS FOR SALE_btn_view_item'

2020-03-20 14:08:35 - [TEST_STEP][PASSED] - click(findTestObject("ADMIN/Edit Text/Bespoke/Buyer Pages/Homepage/button_save"), CONTINUE_ON_FAILURE): Object: 'Object Repository/ADMIN/Edit Text/Bespoke/Buyer Pages/Homepage/button_save' is clicked on

2020-03-20 14:08:36 - [MESSAGE][PASSED] - Object: 'Object Repository/ADMIN/Edit Text/Bespoke/Buyer Pages/Homepage/button_save' is clicked on

2020-03-20 14:08:36 - [TEST_STEP][PASSED] - waitForElementVisible(findTestObject("ADMIN/Edit Text/Bespoke/Buyer Pages/Homepage/toaster_success"), 0): Object 'Object Repository/ADMIN/Edit Text/Bespoke/Buyer Pages/Homepage/toaster_success' is visible

2020-03-20 14:08:36 - [MESSAGE][WARNING] - Timeout '0' is invalid. Using default page load timeout: '30'

2020-03-20 14:08:36 - [MESSAGE][PASSED] - Object 'Object Repository/ADMIN/Edit Text/Bespoke/Buyer Pages/Homepage/toaster_success' is visible]]></system-out>
         <system-err><![CDATA[]]></system-err>
      </testcase>
      <testcase name="Test Cases/ADMIN/Language/Edit Text/Bespoke/Buyer Pages/Merchant Storefront" time="5.567" classname="Test Cases/ADMIN/Language/Edit Text/Bespoke/Buyer Pages/Merchant Storefront" status="PASSED">
         <system-out><![CDATA[2020-03-20 14:08:36 - [TEST_CASE][PASSED] - Test Cases/ADMIN/Language/Edit Text/Bespoke/Buyer Pages/Merchant Storefront: Test Cases/ADMIN/Language/Edit Text/Bespoke/Buyer Pages/Merchant Storefront

2020-03-20 14:08:36 - [TEST_STEP][PASSED] - waitForElementVisible(findTestObject("ADMIN/Edit Text/Bespoke/Buyer Navigation/dd_language"), 0): Object 'Object Repository/ADMIN/Edit Text/Bespoke/Buyer Navigation/dd_language' is visible

2020-03-20 14:08:36 - [MESSAGE][WARNING] - Timeout '0' is invalid. Using default page load timeout: '30'

2020-03-20 14:08:37 - [MESSAGE][PASSED] - Object 'Object Repository/ADMIN/Edit Text/Bespoke/Buyer Navigation/dd_language' is visible

2020-03-20 14:08:37 - [TEST_STEP][PASSED] - selectOptionByLabel(findTestObject("ADMIN/Edit Text/Bespoke/Buyer Navigation/dd_language"), varLanguage, false): All options with label 'Indonesian' are selected in object 'Object Repository/ADMIN/Edit Text/Bespoke/Buyer Navigation/dd_language' 

2020-03-20 14:08:38 - [MESSAGE][PASSED] - All options with label 'Indonesian' are selected in object 'Object Repository/ADMIN/Edit Text/Bespoke/Buyer Navigation/dd_language' 

2020-03-20 14:08:38 - [TEST_STEP][PASSED] - sendKeys(findTestObject("ADMIN/Edit Text/Bespoke/Buyer Pages/Merchant Storefront/input_VISITORS_visitors"), "*"): Keys '*' sent to object: 'Object Repository/ADMIN/Edit Text/Bespoke/Buyer Pages/Merchant Storefront/input_VISITORS_visitors'

2020-03-20 14:08:38 - [MESSAGE][PASSED] - Keys '*' sent to object: 'Object Repository/ADMIN/Edit Text/Bespoke/Buyer Pages/Merchant Storefront/input_VISITORS_visitors'

2020-03-20 14:08:38 - [TEST_STEP][PASSED] - sendKeys(findTestObject("ADMIN/Edit Text/Bespoke/Buyer Pages/Merchant Storefront/input_Avg Rating_avg_rating"), "*"): Keys '*' sent to object: 'Object Repository/ADMIN/Edit Text/Bespoke/Buyer Pages/Merchant Storefront/input_Avg Rating_avg_rating'

2020-03-20 14:08:38 - [MESSAGE][PASSED] - Keys '*' sent to object: 'Object Repository/ADMIN/Edit Text/Bespoke/Buyer Pages/Merchant Storefront/input_Avg Rating_avg_rating'

2020-03-20 14:08:38 - [TEST_STEP][PASSED] - sendKeys(findTestObject("ADMIN/Edit Text/Bespoke/Buyer Pages/Merchant Storefront/input_Successful Orders_successful-orders"), "*"): Keys '*' sent to object: 'Object Repository/ADMIN/Edit Text/Bespoke/Buyer Pages/Merchant Storefront/input_Successful Orders_successful-orders'

2020-03-20 14:08:39 - [MESSAGE][PASSED] - Keys '*' sent to object: 'Object Repository/ADMIN/Edit Text/Bespoke/Buyer Pages/Merchant Storefront/input_Successful Orders_successful-orders'

2020-03-20 14:08:39 - [TEST_STEP][PASSED] - sendKeys(findTestObject("ADMIN/Edit Text/Bespoke/Buyer Pages/Merchant Storefront/input_Member Since_member-since"), "*"): Keys '*' sent to object: 'Object Repository/ADMIN/Edit Text/Bespoke/Buyer Pages/Merchant Storefront/input_Member Since_member-since'

2020-03-20 14:08:39 - [MESSAGE][PASSED] - Keys '*' sent to object: 'Object Repository/ADMIN/Edit Text/Bespoke/Buyer Pages/Merchant Storefront/input_Member Since_member-since'

2020-03-20 14:08:39 - [TEST_STEP][PASSED] - sendKeys(findTestObject("ADMIN/Edit Text/Bespoke/Buyer Pages/Merchant Storefront/input_ITEMS FOR SALE_item-for-sale"), "*"): Keys '*' sent to object: 'Object Repository/ADMIN/Edit Text/Bespoke/Buyer Pages/Merchant Storefront/input_ITEMS FOR SALE_item-for-sale'

2020-03-20 14:08:39 - [MESSAGE][PASSED] - Keys '*' sent to object: 'Object Repository/ADMIN/Edit Text/Bespoke/Buyer Pages/Merchant Storefront/input_ITEMS FOR SALE_item-for-sale'

2020-03-20 14:08:39 - [TEST_STEP][PASSED] - sendKeys(findTestObject("ADMIN/Edit Text/Bespoke/Buyer Pages/Merchant Storefront/input_ITEM REVIEWS_sort-by"), "*"): Keys '*' sent to object: 'Object Repository/ADMIN/Edit Text/Bespoke/Buyer Pages/Merchant Storefront/input_ITEM REVIEWS_sort-by'

2020-03-20 14:08:39 - [MESSAGE][PASSED] - Keys '*' sent to object: 'Object Repository/ADMIN/Edit Text/Bespoke/Buyer Pages/Merchant Storefront/input_ITEM REVIEWS_sort-by'

2020-03-20 14:08:39 - [TEST_STEP][PASSED] - sendKeys(findTestObject("ADMIN/Edit Text/Bespoke/Buyer Pages/Merchant Storefront/input_Search store_item-for-sale"), "*"): Keys '*' sent to object: 'Object Repository/ADMIN/Edit Text/Bespoke/Buyer Pages/Merchant Storefront/input_Search store_item-for-sale'

2020-03-20 14:08:39 - [MESSAGE][PASSED] - Keys '*' sent to object: 'Object Repository/ADMIN/Edit Text/Bespoke/Buyer Pages/Merchant Storefront/input_Search store_item-for-sale'

2020-03-20 14:08:39 - [TEST_STEP][PASSED] - sendKeys(findTestObject("ADMIN/Edit Text/Bespoke/Buyer Pages/Merchant Storefront/input_Sort by_sort-by"), "*"): Keys '*' sent to object: 'Object Repository/ADMIN/Edit Text/Bespoke/Buyer Pages/Merchant Storefront/input_Sort by_sort-by'

2020-03-20 14:08:40 - [MESSAGE][PASSED] - Keys '*' sent to object: 'Object Repository/ADMIN/Edit Text/Bespoke/Buyer Pages/Merchant Storefront/input_Sort by_sort-by'

2020-03-20 14:08:40 - [TEST_STEP][PASSED] - sendKeys(findTestObject("ADMIN/Edit Text/Bespoke/Buyer Pages/Merchant Storefront/input_Lowest Price_lowest-price"), "*"): Keys '*' sent to object: 'Object Repository/ADMIN/Edit Text/Bespoke/Buyer Pages/Merchant Storefront/input_Lowest Price_lowest-price'

2020-03-20 14:08:40 - [MESSAGE][PASSED] - Keys '*' sent to object: 'Object Repository/ADMIN/Edit Text/Bespoke/Buyer Pages/Merchant Storefront/input_Lowest Price_lowest-price'

2020-03-20 14:08:40 - [TEST_STEP][PASSED] - sendKeys(findTestObject("ADMIN/Edit Text/Bespoke/Buyer Pages/Merchant Storefront/input_Highest Price_highest-price"), "*"): Keys '*' sent to object: 'Object Repository/ADMIN/Edit Text/Bespoke/Buyer Pages/Merchant Storefront/input_Highest Price_highest-price'

2020-03-20 14:08:41 - [MESSAGE][PASSED] - Keys '*' sent to object: 'Object Repository/ADMIN/Edit Text/Bespoke/Buyer Pages/Merchant Storefront/input_Highest Price_highest-price'

2020-03-20 14:08:41 - [TEST_STEP][PASSED] - sendKeys(findTestObject("ADMIN/Edit Text/Bespoke/Buyer Pages/Merchant Storefront/input_VIEW ALL ITEMS FOR SALE_btn_view_item"), "*"): Keys '*' sent to object: 'Object Repository/ADMIN/Edit Text/Bespoke/Buyer Pages/Merchant Storefront/input_VIEW ALL ITEMS FOR SALE_btn_view_item'

2020-03-20 14:08:41 - [MESSAGE][PASSED] - Keys '*' sent to object: 'Object Repository/ADMIN/Edit Text/Bespoke/Buyer Pages/Merchant Storefront/input_VIEW ALL ITEMS FOR SALE_btn_view_item'

2020-03-20 14:08:41 - [TEST_STEP][PASSED] - click(findTestObject("ADMIN/Edit Text/Bespoke/Buyer Pages/Homepage/button_save"), CONTINUE_ON_FAILURE): Object: 'Object Repository/ADMIN/Edit Text/Bespoke/Buyer Pages/Homepage/button_save' is clicked on

2020-03-20 14:08:41 - [MESSAGE][PASSED] - Object: 'Object Repository/ADMIN/Edit Text/Bespoke/Buyer Pages/Homepage/button_save' is clicked on

2020-03-20 14:08:41 - [TEST_STEP][PASSED] - waitForElementVisible(findTestObject("ADMIN/Edit Text/Bespoke/Buyer Pages/Homepage/toaster_success"), 0): Object 'Object Repository/ADMIN/Edit Text/Bespoke/Buyer Pages/Homepage/toaster_success' is visible

2020-03-20 14:08:41 - [MESSAGE][WARNING] - Timeout '0' is invalid. Using default page load timeout: '30'

2020-03-20 14:08:42 - [MESSAGE][PASSED] - Object 'Object Repository/ADMIN/Edit Text/Bespoke/Buyer Pages/Homepage/toaster_success' is visible]]></system-out>
         <system-err><![CDATA[]]></system-err>
      </testcase>
      <testcase name="Test Cases/ADMIN/Language/Edit Text/Bespoke/Buyer Pages/Merchant Storefront" time="5.791" classname="Test Cases/ADMIN/Language/Edit Text/Bespoke/Buyer Pages/Merchant Storefront" status="PASSED">
         <system-out><![CDATA[2020-03-20 14:08:42 - [TEST_CASE][PASSED] - Test Cases/ADMIN/Language/Edit Text/Bespoke/Buyer Pages/Merchant Storefront: Test Cases/ADMIN/Language/Edit Text/Bespoke/Buyer Pages/Merchant Storefront

2020-03-20 14:08:42 - [TEST_STEP][PASSED] - waitForElementVisible(findTestObject("ADMIN/Edit Text/Bespoke/Buyer Navigation/dd_language"), 0): Object 'Object Repository/ADMIN/Edit Text/Bespoke/Buyer Navigation/dd_language' is visible

2020-03-20 14:08:42 - [MESSAGE][WARNING] - Timeout '0' is invalid. Using default page load timeout: '30'

2020-03-20 14:08:42 - [MESSAGE][PASSED] - Object 'Object Repository/ADMIN/Edit Text/Bespoke/Buyer Navigation/dd_language' is visible

2020-03-20 14:08:42 - [TEST_STEP][PASSED] - selectOptionByLabel(findTestObject("ADMIN/Edit Text/Bespoke/Buyer Navigation/dd_language"), varLanguage, false): All options with label 'Russian' are selected in object 'Object Repository/ADMIN/Edit Text/Bespoke/Buyer Navigation/dd_language' 

2020-03-20 14:08:43 - [MESSAGE][PASSED] - All options with label 'Russian' are selected in object 'Object Repository/ADMIN/Edit Text/Bespoke/Buyer Navigation/dd_language' 

2020-03-20 14:08:43 - [TEST_STEP][PASSED] - sendKeys(findTestObject("ADMIN/Edit Text/Bespoke/Buyer Pages/Merchant Storefront/input_VISITORS_visitors"), "*"): Keys '*' sent to object: 'Object Repository/ADMIN/Edit Text/Bespoke/Buyer Pages/Merchant Storefront/input_VISITORS_visitors'

2020-03-20 14:08:44 - [MESSAGE][PASSED] - Keys '*' sent to object: 'Object Repository/ADMIN/Edit Text/Bespoke/Buyer Pages/Merchant Storefront/input_VISITORS_visitors'

2020-03-20 14:08:44 - [TEST_STEP][PASSED] - sendKeys(findTestObject("ADMIN/Edit Text/Bespoke/Buyer Pages/Merchant Storefront/input_Avg Rating_avg_rating"), "*"): Keys '*' sent to object: 'Object Repository/ADMIN/Edit Text/Bespoke/Buyer Pages/Merchant Storefront/input_Avg Rating_avg_rating'

2020-03-20 14:08:44 - [MESSAGE][PASSED] - Keys '*' sent to object: 'Object Repository/ADMIN/Edit Text/Bespoke/Buyer Pages/Merchant Storefront/input_Avg Rating_avg_rating'

2020-03-20 14:08:44 - [TEST_STEP][PASSED] - sendKeys(findTestObject("ADMIN/Edit Text/Bespoke/Buyer Pages/Merchant Storefront/input_Successful Orders_successful-orders"), "*"): Keys '*' sent to object: 'Object Repository/ADMIN/Edit Text/Bespoke/Buyer Pages/Merchant Storefront/input_Successful Orders_successful-orders'

2020-03-20 14:08:45 - [MESSAGE][PASSED] - Keys '*' sent to object: 'Object Repository/ADMIN/Edit Text/Bespoke/Buyer Pages/Merchant Storefront/input_Successful Orders_successful-orders'

2020-03-20 14:08:45 - [TEST_STEP][PASSED] - sendKeys(findTestObject("ADMIN/Edit Text/Bespoke/Buyer Pages/Merchant Storefront/input_Member Since_member-since"), "*"): Keys '*' sent to object: 'Object Repository/ADMIN/Edit Text/Bespoke/Buyer Pages/Merchant Storefront/input_Member Since_member-since'

2020-03-20 14:08:45 - [MESSAGE][PASSED] - Keys '*' sent to object: 'Object Repository/ADMIN/Edit Text/Bespoke/Buyer Pages/Merchant Storefront/input_Member Since_member-since'

2020-03-20 14:08:45 - [TEST_STEP][PASSED] - sendKeys(findTestObject("ADMIN/Edit Text/Bespoke/Buyer Pages/Merchant Storefront/input_ITEMS FOR SALE_item-for-sale"), "*"): Keys '*' sent to object: 'Object Repository/ADMIN/Edit Text/Bespoke/Buyer Pages/Merchant Storefront/input_ITEMS FOR SALE_item-for-sale'

2020-03-20 14:08:45 - [MESSAGE][PASSED] - Keys '*' sent to object: 'Object Repository/ADMIN/Edit Text/Bespoke/Buyer Pages/Merchant Storefront/input_ITEMS FOR SALE_item-for-sale'

2020-03-20 14:08:45 - [TEST_STEP][PASSED] - sendKeys(findTestObject("ADMIN/Edit Text/Bespoke/Buyer Pages/Merchant Storefront/input_ITEM REVIEWS_sort-by"), "*"): Keys '*' sent to object: 'Object Repository/ADMIN/Edit Text/Bespoke/Buyer Pages/Merchant Storefront/input_ITEM REVIEWS_sort-by'

2020-03-20 14:08:45 - [MESSAGE][PASSED] - Keys '*' sent to object: 'Object Repository/ADMIN/Edit Text/Bespoke/Buyer Pages/Merchant Storefront/input_ITEM REVIEWS_sort-by'

2020-03-20 14:08:45 - [TEST_STEP][PASSED] - sendKeys(findTestObject("ADMIN/Edit Text/Bespoke/Buyer Pages/Merchant Storefront/input_Search store_item-for-sale"), "*"): Keys '*' sent to object: 'Object Repository/ADMIN/Edit Text/Bespoke/Buyer Pages/Merchant Storefront/input_Search store_item-for-sale'

2020-03-20 14:08:45 - [MESSAGE][PASSED] - Keys '*' sent to object: 'Object Repository/ADMIN/Edit Text/Bespoke/Buyer Pages/Merchant Storefront/input_Search store_item-for-sale'

2020-03-20 14:08:45 - [TEST_STEP][PASSED] - sendKeys(findTestObject("ADMIN/Edit Text/Bespoke/Buyer Pages/Merchant Storefront/input_Sort by_sort-by"), "*"): Keys '*' sent to object: 'Object Repository/ADMIN/Edit Text/Bespoke/Buyer Pages/Merchant Storefront/input_Sort by_sort-by'

2020-03-20 14:08:46 - [MESSAGE][PASSED] - Keys '*' sent to object: 'Object Repository/ADMIN/Edit Text/Bespoke/Buyer Pages/Merchant Storefront/input_Sort by_sort-by'

2020-03-20 14:08:46 - [TEST_STEP][PASSED] - sendKeys(findTestObject("ADMIN/Edit Text/Bespoke/Buyer Pages/Merchant Storefront/input_Lowest Price_lowest-price"), "*"): Keys '*' sent to object: 'Object Repository/ADMIN/Edit Text/Bespoke/Buyer Pages/Merchant Storefront/input_Lowest Price_lowest-price'

2020-03-20 14:08:46 - [MESSAGE][PASSED] - Keys '*' sent to object: 'Object Repository/ADMIN/Edit Text/Bespoke/Buyer Pages/Merchant Storefront/input_Lowest Price_lowest-price'

2020-03-20 14:08:46 - [TEST_STEP][PASSED] - sendKeys(findTestObject("ADMIN/Edit Text/Bespoke/Buyer Pages/Merchant Storefront/input_Highest Price_highest-price"), "*"): Keys '*' sent to object: 'Object Repository/ADMIN/Edit Text/Bespoke/Buyer Pages/Merchant Storefront/input_Highest Price_highest-price'

2020-03-20 14:08:47 - [MESSAGE][PASSED] - Keys '*' sent to object: 'Object Repository/ADMIN/Edit Text/Bespoke/Buyer Pages/Merchant Storefront/input_Highest Price_highest-price'

2020-03-20 14:08:47 - [TEST_STEP][PASSED] - sendKeys(findTestObject("ADMIN/Edit Text/Bespoke/Buyer Pages/Merchant Storefront/input_VIEW ALL ITEMS FOR SALE_btn_view_item"), "*"): Keys '*' sent to object: 'Object Repository/ADMIN/Edit Text/Bespoke/Buyer Pages/Merchant Storefront/input_VIEW ALL ITEMS FOR SALE_btn_view_item'

2020-03-20 14:08:47 - [MESSAGE][PASSED] - Keys '*' sent to object: 'Object Repository/ADMIN/Edit Text/Bespoke/Buyer Pages/Merchant Storefront/input_VIEW ALL ITEMS FOR SALE_btn_view_item'

2020-03-20 14:08:47 - [TEST_STEP][PASSED] - click(findTestObject("ADMIN/Edit Text/Bespoke/Buyer Pages/Homepage/button_save"), CONTINUE_ON_FAILURE): Object: 'Object Repository/ADMIN/Edit Text/Bespoke/Buyer Pages/Homepage/button_save' is clicked on

2020-03-20 14:08:47 - [MESSAGE][PASSED] - Object: 'Object Repository/ADMIN/Edit Text/Bespoke/Buyer Pages/Homepage/button_save' is clicked on

2020-03-20 14:08:47 - [TEST_STEP][PASSED] - waitForElementVisible(findTestObject("ADMIN/Edit Text/Bespoke/Buyer Pages/Homepage/toaster_success"), 0): Object 'Object Repository/ADMIN/Edit Text/Bespoke/Buyer Pages/Homepage/toaster_success' is visible

2020-03-20 14:08:47 - [MESSAGE][WARNING] - Timeout '0' is invalid. Using default page load timeout: '30'

2020-03-20 14:08:48 - [MESSAGE][PASSED] - Object 'Object Repository/ADMIN/Edit Text/Bespoke/Buyer Pages/Homepage/toaster_success' is visible]]></system-out>
         <system-err><![CDATA[]]></system-err>
      </testcase>
      <testcase name="Test Cases/ADMIN/Language/Edit Text/Bespoke/Buyer Pages/Merchant Storefront" time="4.692" classname="Test Cases/ADMIN/Language/Edit Text/Bespoke/Buyer Pages/Merchant Storefront" status="PASSED">
         <system-out><![CDATA[2020-03-20 14:08:48 - [TEST_CASE][PASSED] - Test Cases/ADMIN/Language/Edit Text/Bespoke/Buyer Pages/Merchant Storefront: Test Cases/ADMIN/Language/Edit Text/Bespoke/Buyer Pages/Merchant Storefront

2020-03-20 14:08:48 - [TEST_STEP][PASSED] - waitForElementVisible(findTestObject("ADMIN/Edit Text/Bespoke/Buyer Navigation/dd_language"), 0): Object 'Object Repository/ADMIN/Edit Text/Bespoke/Buyer Navigation/dd_language' is visible

2020-03-20 14:08:48 - [MESSAGE][WARNING] - Timeout '0' is invalid. Using default page load timeout: '30'

2020-03-20 14:08:48 - [MESSAGE][PASSED] - Object 'Object Repository/ADMIN/Edit Text/Bespoke/Buyer Navigation/dd_language' is visible

2020-03-20 14:08:48 - [TEST_STEP][PASSED] - selectOptionByLabel(findTestObject("ADMIN/Edit Text/Bespoke/Buyer Navigation/dd_language"), varLanguage, false): All options with label 'Italian' are selected in object 'Object Repository/ADMIN/Edit Text/Bespoke/Buyer Navigation/dd_language' 

2020-03-20 14:08:49 - [MESSAGE][PASSED] - All options with label 'Italian' are selected in object 'Object Repository/ADMIN/Edit Text/Bespoke/Buyer Navigation/dd_language' 

2020-03-20 14:08:49 - [TEST_STEP][PASSED] - sendKeys(findTestObject("ADMIN/Edit Text/Bespoke/Buyer Pages/Merchant Storefront/input_VISITORS_visitors"), "*"): Keys '*' sent to object: 'Object Repository/ADMIN/Edit Text/Bespoke/Buyer Pages/Merchant Storefront/input_VISITORS_visitors'

2020-03-20 14:08:50 - [MESSAGE][PASSED] - Keys '*' sent to object: 'Object Repository/ADMIN/Edit Text/Bespoke/Buyer Pages/Merchant Storefront/input_VISITORS_visitors'

2020-03-20 14:08:50 - [TEST_STEP][PASSED] - sendKeys(findTestObject("ADMIN/Edit Text/Bespoke/Buyer Pages/Merchant Storefront/input_Avg Rating_avg_rating"), "*"): Keys '*' sent to object: 'Object Repository/ADMIN/Edit Text/Bespoke/Buyer Pages/Merchant Storefront/input_Avg Rating_avg_rating'

2020-03-20 14:08:50 - [MESSAGE][PASSED] - Keys '*' sent to object: 'Object Repository/ADMIN/Edit Text/Bespoke/Buyer Pages/Merchant Storefront/input_Avg Rating_avg_rating'

2020-03-20 14:08:50 - [TEST_STEP][PASSED] - sendKeys(findTestObject("ADMIN/Edit Text/Bespoke/Buyer Pages/Merchant Storefront/input_Successful Orders_successful-orders"), "*"): Keys '*' sent to object: 'Object Repository/ADMIN/Edit Text/Bespoke/Buyer Pages/Merchant Storefront/input_Successful Orders_successful-orders'

2020-03-20 14:08:50 - [MESSAGE][PASSED] - Keys '*' sent to object: 'Object Repository/ADMIN/Edit Text/Bespoke/Buyer Pages/Merchant Storefront/input_Successful Orders_successful-orders'

2020-03-20 14:08:50 - [TEST_STEP][PASSED] - sendKeys(findTestObject("ADMIN/Edit Text/Bespoke/Buyer Pages/Merchant Storefront/input_Member Since_member-since"), "*"): Keys '*' sent to object: 'Object Repository/ADMIN/Edit Text/Bespoke/Buyer Pages/Merchant Storefront/input_Member Since_member-since'

2020-03-20 14:08:50 - [MESSAGE][PASSED] - Keys '*' sent to object: 'Object Repository/ADMIN/Edit Text/Bespoke/Buyer Pages/Merchant Storefront/input_Member Since_member-since'

2020-03-20 14:08:50 - [TEST_STEP][PASSED] - sendKeys(findTestObject("ADMIN/Edit Text/Bespoke/Buyer Pages/Merchant Storefront/input_ITEMS FOR SALE_item-for-sale"), "*"): Keys '*' sent to object: 'Object Repository/ADMIN/Edit Text/Bespoke/Buyer Pages/Merchant Storefront/input_ITEMS FOR SALE_item-for-sale'

2020-03-20 14:08:50 - [MESSAGE][PASSED] - Keys '*' sent to object: 'Object Repository/ADMIN/Edit Text/Bespoke/Buyer Pages/Merchant Storefront/input_ITEMS FOR SALE_item-for-sale'

2020-03-20 14:08:50 - [TEST_STEP][PASSED] - sendKeys(findTestObject("ADMIN/Edit Text/Bespoke/Buyer Pages/Merchant Storefront/input_ITEM REVIEWS_sort-by"), "*"): Keys '*' sent to object: 'Object Repository/ADMIN/Edit Text/Bespoke/Buyer Pages/Merchant Storefront/input_ITEM REVIEWS_sort-by'

2020-03-20 14:08:51 - [MESSAGE][PASSED] - Keys '*' sent to object: 'Object Repository/ADMIN/Edit Text/Bespoke/Buyer Pages/Merchant Storefront/input_ITEM REVIEWS_sort-by'

2020-03-20 14:08:51 - [TEST_STEP][PASSED] - sendKeys(findTestObject("ADMIN/Edit Text/Bespoke/Buyer Pages/Merchant Storefront/input_Search store_item-for-sale"), "*"): Keys '*' sent to object: 'Object Repository/ADMIN/Edit Text/Bespoke/Buyer Pages/Merchant Storefront/input_Search store_item-for-sale'

2020-03-20 14:08:51 - [MESSAGE][PASSED] - Keys '*' sent to object: 'Object Repository/ADMIN/Edit Text/Bespoke/Buyer Pages/Merchant Storefront/input_Search store_item-for-sale'

2020-03-20 14:08:51 - [TEST_STEP][PASSED] - sendKeys(findTestObject("ADMIN/Edit Text/Bespoke/Buyer Pages/Merchant Storefront/input_Sort by_sort-by"), "*"): Keys '*' sent to object: 'Object Repository/ADMIN/Edit Text/Bespoke/Buyer Pages/Merchant Storefront/input_Sort by_sort-by'

2020-03-20 14:08:51 - [MESSAGE][PASSED] - Keys '*' sent to object: 'Object Repository/ADMIN/Edit Text/Bespoke/Buyer Pages/Merchant Storefront/input_Sort by_sort-by'

2020-03-20 14:08:51 - [TEST_STEP][PASSED] - sendKeys(findTestObject("ADMIN/Edit Text/Bespoke/Buyer Pages/Merchant Storefront/input_Lowest Price_lowest-price"), "*"): Keys '*' sent to object: 'Object Repository/ADMIN/Edit Text/Bespoke/Buyer Pages/Merchant Storefront/input_Lowest Price_lowest-price'

2020-03-20 14:08:51 - [MESSAGE][PASSED] - Keys '*' sent to object: 'Object Repository/ADMIN/Edit Text/Bespoke/Buyer Pages/Merchant Storefront/input_Lowest Price_lowest-price'

2020-03-20 14:08:51 - [TEST_STEP][PASSED] - sendKeys(findTestObject("ADMIN/Edit Text/Bespoke/Buyer Pages/Merchant Storefront/input_Highest Price_highest-price"), "*"): Keys '*' sent to object: 'Object Repository/ADMIN/Edit Text/Bespoke/Buyer Pages/Merchant Storefront/input_Highest Price_highest-price'

2020-03-20 14:08:51 - [MESSAGE][PASSED] - Keys '*' sent to object: 'Object Repository/ADMIN/Edit Text/Bespoke/Buyer Pages/Merchant Storefront/input_Highest Price_highest-price'

2020-03-20 14:08:51 - [TEST_STEP][PASSED] - sendKeys(findTestObject("ADMIN/Edit Text/Bespoke/Buyer Pages/Merchant Storefront/input_VIEW ALL ITEMS FOR SALE_btn_view_item"), "*"): Keys '*' sent to object: 'Object Repository/ADMIN/Edit Text/Bespoke/Buyer Pages/Merchant Storefront/input_VIEW ALL ITEMS FOR SALE_btn_view_item'

2020-03-20 14:08:52 - [MESSAGE][PASSED] - Keys '*' sent to object: 'Object Repository/ADMIN/Edit Text/Bespoke/Buyer Pages/Merchant Storefront/input_VIEW ALL ITEMS FOR SALE_btn_view_item'

2020-03-20 14:08:52 - [TEST_STEP][PASSED] - click(findTestObject("ADMIN/Edit Text/Bespoke/Buyer Pages/Homepage/button_save"), CONTINUE_ON_FAILURE): Object: 'Object Repository/ADMIN/Edit Text/Bespoke/Buyer Pages/Homepage/button_save' is clicked on

2020-03-20 14:08:52 - [MESSAGE][PASSED] - Object: 'Object Repository/ADMIN/Edit Text/Bespoke/Buyer Pages/Homepage/button_save' is clicked on

2020-03-20 14:08:52 - [TEST_STEP][PASSED] - waitForElementVisible(findTestObject("ADMIN/Edit Text/Bespoke/Buyer Pages/Homepage/toaster_success"), 0): Object 'Object Repository/ADMIN/Edit Text/Bespoke/Buyer Pages/Homepage/toaster_success' is visible

2020-03-20 14:08:52 - [MESSAGE][WARNING] - Timeout '0' is invalid. Using default page load timeout: '30'

2020-03-20 14:08:52 - [MESSAGE][PASSED] - Object 'Object Repository/ADMIN/Edit Text/Bespoke/Buyer Pages/Homepage/toaster_success' is visible]]></system-out>
         <system-err><![CDATA[]]></system-err>
      </testcase>
      <testcase name="Test Cases/ADMIN/Language/Edit Text/Bespoke/Buyer Pages/Merchant Storefront" time="5.853" classname="Test Cases/ADMIN/Language/Edit Text/Bespoke/Buyer Pages/Merchant Storefront" status="PASSED">
         <system-out><![CDATA[2020-03-20 14:08:52 - [TEST_CASE][PASSED] - Test Cases/ADMIN/Language/Edit Text/Bespoke/Buyer Pages/Merchant Storefront: Test Cases/ADMIN/Language/Edit Text/Bespoke/Buyer Pages/Merchant Storefront

2020-03-20 14:08:52 - [TEST_STEP][PASSED] - waitForElementVisible(findTestObject("ADMIN/Edit Text/Bespoke/Buyer Navigation/dd_language"), 0): Object 'Object Repository/ADMIN/Edit Text/Bespoke/Buyer Navigation/dd_language' is visible

2020-03-20 14:08:52 - [MESSAGE][WARNING] - Timeout '0' is invalid. Using default page load timeout: '30'

2020-03-20 14:08:53 - [MESSAGE][PASSED] - Object 'Object Repository/ADMIN/Edit Text/Bespoke/Buyer Navigation/dd_language' is visible

2020-03-20 14:08:53 - [TEST_STEP][PASSED] - selectOptionByLabel(findTestObject("ADMIN/Edit Text/Bespoke/Buyer Navigation/dd_language"), varLanguage, false): All options with label 'Arabic' are selected in object 'Object Repository/ADMIN/Edit Text/Bespoke/Buyer Navigation/dd_language' 

2020-03-20 14:08:54 - [MESSAGE][PASSED] - All options with label 'Arabic' are selected in object 'Object Repository/ADMIN/Edit Text/Bespoke/Buyer Navigation/dd_language' 

2020-03-20 14:08:54 - [TEST_STEP][PASSED] - sendKeys(findTestObject("ADMIN/Edit Text/Bespoke/Buyer Pages/Merchant Storefront/input_VISITORS_visitors"), "*"): Keys '*' sent to object: 'Object Repository/ADMIN/Edit Text/Bespoke/Buyer Pages/Merchant Storefront/input_VISITORS_visitors'

2020-03-20 14:08:55 - [MESSAGE][PASSED] - Keys '*' sent to object: 'Object Repository/ADMIN/Edit Text/Bespoke/Buyer Pages/Merchant Storefront/input_VISITORS_visitors'

2020-03-20 14:08:55 - [TEST_STEP][PASSED] - sendKeys(findTestObject("ADMIN/Edit Text/Bespoke/Buyer Pages/Merchant Storefront/input_Avg Rating_avg_rating"), "*"): Keys '*' sent to object: 'Object Repository/ADMIN/Edit Text/Bespoke/Buyer Pages/Merchant Storefront/input_Avg Rating_avg_rating'

2020-03-20 14:08:55 - [MESSAGE][PASSED] - Keys '*' sent to object: 'Object Repository/ADMIN/Edit Text/Bespoke/Buyer Pages/Merchant Storefront/input_Avg Rating_avg_rating'

2020-03-20 14:08:55 - [TEST_STEP][PASSED] - sendKeys(findTestObject("ADMIN/Edit Text/Bespoke/Buyer Pages/Merchant Storefront/input_Successful Orders_successful-orders"), "*"): Keys '*' sent to object: 'Object Repository/ADMIN/Edit Text/Bespoke/Buyer Pages/Merchant Storefront/input_Successful Orders_successful-orders'

2020-03-20 14:08:55 - [MESSAGE][PASSED] - Keys '*' sent to object: 'Object Repository/ADMIN/Edit Text/Bespoke/Buyer Pages/Merchant Storefront/input_Successful Orders_successful-orders'

2020-03-20 14:08:55 - [TEST_STEP][PASSED] - sendKeys(findTestObject("ADMIN/Edit Text/Bespoke/Buyer Pages/Merchant Storefront/input_Member Since_member-since"), "*"): Keys '*' sent to object: 'Object Repository/ADMIN/Edit Text/Bespoke/Buyer Pages/Merchant Storefront/input_Member Since_member-since'

2020-03-20 14:08:55 - [MESSAGE][PASSED] - Keys '*' sent to object: 'Object Repository/ADMIN/Edit Text/Bespoke/Buyer Pages/Merchant Storefront/input_Member Since_member-since'

2020-03-20 14:08:55 - [TEST_STEP][PASSED] - sendKeys(findTestObject("ADMIN/Edit Text/Bespoke/Buyer Pages/Merchant Storefront/input_ITEMS FOR SALE_item-for-sale"), "*"): Keys '*' sent to object: 'Object Repository/ADMIN/Edit Text/Bespoke/Buyer Pages/Merchant Storefront/input_ITEMS FOR SALE_item-for-sale'

2020-03-20 14:08:56 - [MESSAGE][PASSED] - Keys '*' sent to object: 'Object Repository/ADMIN/Edit Text/Bespoke/Buyer Pages/Merchant Storefront/input_ITEMS FOR SALE_item-for-sale'

2020-03-20 14:08:56 - [TEST_STEP][PASSED] - sendKeys(findTestObject("ADMIN/Edit Text/Bespoke/Buyer Pages/Merchant Storefront/input_ITEM REVIEWS_sort-by"), "*"): Keys '*' sent to object: 'Object Repository/ADMIN/Edit Text/Bespoke/Buyer Pages/Merchant Storefront/input_ITEM REVIEWS_sort-by'

2020-03-20 14:08:56 - [MESSAGE][PASSED] - Keys '*' sent to object: 'Object Repository/ADMIN/Edit Text/Bespoke/Buyer Pages/Merchant Storefront/input_ITEM REVIEWS_sort-by'

2020-03-20 14:08:56 - [TEST_STEP][PASSED] - sendKeys(findTestObject("ADMIN/Edit Text/Bespoke/Buyer Pages/Merchant Storefront/input_Search store_item-for-sale"), "*"): Keys '*' sent to object: 'Object Repository/ADMIN/Edit Text/Bespoke/Buyer Pages/Merchant Storefront/input_Search store_item-for-sale'

2020-03-20 14:08:56 - [MESSAGE][PASSED] - Keys '*' sent to object: 'Object Repository/ADMIN/Edit Text/Bespoke/Buyer Pages/Merchant Storefront/input_Search store_item-for-sale'

2020-03-20 14:08:56 - [TEST_STEP][PASSED] - sendKeys(findTestObject("ADMIN/Edit Text/Bespoke/Buyer Pages/Merchant Storefront/input_Sort by_sort-by"), "*"): Keys '*' sent to object: 'Object Repository/ADMIN/Edit Text/Bespoke/Buyer Pages/Merchant Storefront/input_Sort by_sort-by'

2020-03-20 14:08:56 - [MESSAGE][PASSED] - Keys '*' sent to object: 'Object Repository/ADMIN/Edit Text/Bespoke/Buyer Pages/Merchant Storefront/input_Sort by_sort-by'

2020-03-20 14:08:56 - [TEST_STEP][PASSED] - sendKeys(findTestObject("ADMIN/Edit Text/Bespoke/Buyer Pages/Merchant Storefront/input_Lowest Price_lowest-price"), "*"): Keys '*' sent to object: 'Object Repository/ADMIN/Edit Text/Bespoke/Buyer Pages/Merchant Storefront/input_Lowest Price_lowest-price'

2020-03-20 14:08:57 - [MESSAGE][PASSED] - Keys '*' sent to object: 'Object Repository/ADMIN/Edit Text/Bespoke/Buyer Pages/Merchant Storefront/input_Lowest Price_lowest-price'

2020-03-20 14:08:57 - [TEST_STEP][PASSED] - sendKeys(findTestObject("ADMIN/Edit Text/Bespoke/Buyer Pages/Merchant Storefront/input_Highest Price_highest-price"), "*"): Keys '*' sent to object: 'Object Repository/ADMIN/Edit Text/Bespoke/Buyer Pages/Merchant Storefront/input_Highest Price_highest-price'

2020-03-20 14:08:57 - [MESSAGE][PASSED] - Keys '*' sent to object: 'Object Repository/ADMIN/Edit Text/Bespoke/Buyer Pages/Merchant Storefront/input_Highest Price_highest-price'

2020-03-20 14:08:57 - [TEST_STEP][PASSED] - sendKeys(findTestObject("ADMIN/Edit Text/Bespoke/Buyer Pages/Merchant Storefront/input_VIEW ALL ITEMS FOR SALE_btn_view_item"), "*"): Keys '*' sent to object: 'Object Repository/ADMIN/Edit Text/Bespoke/Buyer Pages/Merchant Storefront/input_VIEW ALL ITEMS FOR SALE_btn_view_item'

2020-03-20 14:08:57 - [MESSAGE][PASSED] - Keys '*' sent to object: 'Object Repository/ADMIN/Edit Text/Bespoke/Buyer Pages/Merchant Storefront/input_VIEW ALL ITEMS FOR SALE_btn_view_item'

2020-03-20 14:08:57 - [TEST_STEP][PASSED] - click(findTestObject("ADMIN/Edit Text/Bespoke/Buyer Pages/Homepage/button_save"), CONTINUE_ON_FAILURE): Object: 'Object Repository/ADMIN/Edit Text/Bespoke/Buyer Pages/Homepage/button_save' is clicked on

2020-03-20 14:08:57 - [MESSAGE][PASSED] - Object: 'Object Repository/ADMIN/Edit Text/Bespoke/Buyer Pages/Homepage/button_save' is clicked on

2020-03-20 14:08:57 - [TEST_STEP][PASSED] - waitForElementVisible(findTestObject("ADMIN/Edit Text/Bespoke/Buyer Pages/Homepage/toaster_success"), 0): Object 'Object Repository/ADMIN/Edit Text/Bespoke/Buyer Pages/Homepage/toaster_success' is visible

2020-03-20 14:08:57 - [MESSAGE][WARNING] - Timeout '0' is invalid. Using default page load timeout: '30'

2020-03-20 14:08:58 - [MESSAGE][PASSED] - Object 'Object Repository/ADMIN/Edit Text/Bespoke/Buyer Pages/Homepage/toaster_success' is visible]]></system-out>
         <system-err><![CDATA[]]></system-err>
      </testcase>
      <testcase name="Test Cases/ADMIN/Language/Edit Text/Bespoke/Buyer Pages/Merchant Storefront" time="5.595" classname="Test Cases/ADMIN/Language/Edit Text/Bespoke/Buyer Pages/Merchant Storefront" status="PASSED">
         <system-out><![CDATA[2020-03-20 14:08:58 - [TEST_CASE][PASSED] - Test Cases/ADMIN/Language/Edit Text/Bespoke/Buyer Pages/Merchant Storefront: Test Cases/ADMIN/Language/Edit Text/Bespoke/Buyer Pages/Merchant Storefront

2020-03-20 14:08:58 - [TEST_STEP][PASSED] - waitForElementVisible(findTestObject("ADMIN/Edit Text/Bespoke/Buyer Navigation/dd_language"), 0): Object 'Object Repository/ADMIN/Edit Text/Bespoke/Buyer Navigation/dd_language' is visible

2020-03-20 14:08:58 - [MESSAGE][WARNING] - Timeout '0' is invalid. Using default page load timeout: '30'

2020-03-20 14:08:58 - [MESSAGE][PASSED] - Object 'Object Repository/ADMIN/Edit Text/Bespoke/Buyer Navigation/dd_language' is visible

2020-03-20 14:08:58 - [TEST_STEP][PASSED] - selectOptionByLabel(findTestObject("ADMIN/Edit Text/Bespoke/Buyer Navigation/dd_language"), varLanguage, false): All options with label 'Dutch' are selected in object 'Object Repository/ADMIN/Edit Text/Bespoke/Buyer Navigation/dd_language' 

2020-03-20 14:08:59 - [MESSAGE][PASSED] - All options with label 'Dutch' are selected in object 'Object Repository/ADMIN/Edit Text/Bespoke/Buyer Navigation/dd_language' 

2020-03-20 14:08:59 - [TEST_STEP][PASSED] - sendKeys(findTestObject("ADMIN/Edit Text/Bespoke/Buyer Pages/Merchant Storefront/input_VISITORS_visitors"), "*"): Keys '*' sent to object: 'Object Repository/ADMIN/Edit Text/Bespoke/Buyer Pages/Merchant Storefront/input_VISITORS_visitors'

2020-03-20 14:09:00 - [MESSAGE][PASSED] - Keys '*' sent to object: 'Object Repository/ADMIN/Edit Text/Bespoke/Buyer Pages/Merchant Storefront/input_VISITORS_visitors'

2020-03-20 14:09:00 - [TEST_STEP][PASSED] - sendKeys(findTestObject("ADMIN/Edit Text/Bespoke/Buyer Pages/Merchant Storefront/input_Avg Rating_avg_rating"), "*"): Keys '*' sent to object: 'Object Repository/ADMIN/Edit Text/Bespoke/Buyer Pages/Merchant Storefront/input_Avg Rating_avg_rating'

2020-03-20 14:09:01 - [MESSAGE][PASSED] - Keys '*' sent to object: 'Object Repository/ADMIN/Edit Text/Bespoke/Buyer Pages/Merchant Storefront/input_Avg Rating_avg_rating'

2020-03-20 14:09:01 - [TEST_STEP][PASSED] - sendKeys(findTestObject("ADMIN/Edit Text/Bespoke/Buyer Pages/Merchant Storefront/input_Successful Orders_successful-orders"), "*"): Keys '*' sent to object: 'Object Repository/ADMIN/Edit Text/Bespoke/Buyer Pages/Merchant Storefront/input_Successful Orders_successful-orders'

2020-03-20 14:09:01 - [MESSAGE][PASSED] - Keys '*' sent to object: 'Object Repository/ADMIN/Edit Text/Bespoke/Buyer Pages/Merchant Storefront/input_Successful Orders_successful-orders'

2020-03-20 14:09:01 - [TEST_STEP][PASSED] - sendKeys(findTestObject("ADMIN/Edit Text/Bespoke/Buyer Pages/Merchant Storefront/input_Member Since_member-since"), "*"): Keys '*' sent to object: 'Object Repository/ADMIN/Edit Text/Bespoke/Buyer Pages/Merchant Storefront/input_Member Since_member-since'

2020-03-20 14:09:01 - [MESSAGE][PASSED] - Keys '*' sent to object: 'Object Repository/ADMIN/Edit Text/Bespoke/Buyer Pages/Merchant Storefront/input_Member Since_member-since'

2020-03-20 14:09:01 - [TEST_STEP][PASSED] - sendKeys(findTestObject("ADMIN/Edit Text/Bespoke/Buyer Pages/Merchant Storefront/input_ITEMS FOR SALE_item-for-sale"), "*"): Keys '*' sent to object: 'Object Repository/ADMIN/Edit Text/Bespoke/Buyer Pages/Merchant Storefront/input_ITEMS FOR SALE_item-for-sale'

2020-03-20 14:09:02 - [MESSAGE][PASSED] - Keys '*' sent to object: 'Object Repository/ADMIN/Edit Text/Bespoke/Buyer Pages/Merchant Storefront/input_ITEMS FOR SALE_item-for-sale'

2020-03-20 14:09:02 - [TEST_STEP][PASSED] - sendKeys(findTestObject("ADMIN/Edit Text/Bespoke/Buyer Pages/Merchant Storefront/input_ITEM REVIEWS_sort-by"), "*"): Keys '*' sent to object: 'Object Repository/ADMIN/Edit Text/Bespoke/Buyer Pages/Merchant Storefront/input_ITEM REVIEWS_sort-by'

2020-03-20 14:09:02 - [MESSAGE][PASSED] - Keys '*' sent to object: 'Object Repository/ADMIN/Edit Text/Bespoke/Buyer Pages/Merchant Storefront/input_ITEM REVIEWS_sort-by'

2020-03-20 14:09:02 - [TEST_STEP][PASSED] - sendKeys(findTestObject("ADMIN/Edit Text/Bespoke/Buyer Pages/Merchant Storefront/input_Search store_item-for-sale"), "*"): Keys '*' sent to object: 'Object Repository/ADMIN/Edit Text/Bespoke/Buyer Pages/Merchant Storefront/input_Search store_item-for-sale'

2020-03-20 14:09:02 - [MESSAGE][PASSED] - Keys '*' sent to object: 'Object Repository/ADMIN/Edit Text/Bespoke/Buyer Pages/Merchant Storefront/input_Search store_item-for-sale'

2020-03-20 14:09:02 - [TEST_STEP][PASSED] - sendKeys(findTestObject("ADMIN/Edit Text/Bespoke/Buyer Pages/Merchant Storefront/input_Sort by_sort-by"), "*"): Keys '*' sent to object: 'Object Repository/ADMIN/Edit Text/Bespoke/Buyer Pages/Merchant Storefront/input_Sort by_sort-by'

2020-03-20 14:09:02 - [MESSAGE][PASSED] - Keys '*' sent to object: 'Object Repository/ADMIN/Edit Text/Bespoke/Buyer Pages/Merchant Storefront/input_Sort by_sort-by'

2020-03-20 14:09:02 - [TEST_STEP][PASSED] - sendKeys(findTestObject("ADMIN/Edit Text/Bespoke/Buyer Pages/Merchant Storefront/input_Lowest Price_lowest-price"), "*"): Keys '*' sent to object: 'Object Repository/ADMIN/Edit Text/Bespoke/Buyer Pages/Merchant Storefront/input_Lowest Price_lowest-price'

2020-03-20 14:09:03 - [MESSAGE][PASSED] - Keys '*' sent to object: 'Object Repository/ADMIN/Edit Text/Bespoke/Buyer Pages/Merchant Storefront/input_Lowest Price_lowest-price'

2020-03-20 14:09:03 - [TEST_STEP][PASSED] - sendKeys(findTestObject("ADMIN/Edit Text/Bespoke/Buyer Pages/Merchant Storefront/input_Highest Price_highest-price"), "*"): Keys '*' sent to object: 'Object Repository/ADMIN/Edit Text/Bespoke/Buyer Pages/Merchant Storefront/input_Highest Price_highest-price'

2020-03-20 14:09:03 - [MESSAGE][PASSED] - Keys '*' sent to object: 'Object Repository/ADMIN/Edit Text/Bespoke/Buyer Pages/Merchant Storefront/input_Highest Price_highest-price'

2020-03-20 14:09:03 - [TEST_STEP][PASSED] - sendKeys(findTestObject("ADMIN/Edit Text/Bespoke/Buyer Pages/Merchant Storefront/input_VIEW ALL ITEMS FOR SALE_btn_view_item"), "*"): Keys '*' sent to object: 'Object Repository/ADMIN/Edit Text/Bespoke/Buyer Pages/Merchant Storefront/input_VIEW ALL ITEMS FOR SALE_btn_view_item'

2020-03-20 14:09:03 - [MESSAGE][PASSED] - Keys '*' sent to object: 'Object Repository/ADMIN/Edit Text/Bespoke/Buyer Pages/Merchant Storefront/input_VIEW ALL ITEMS FOR SALE_btn_view_item'

2020-03-20 14:09:03 - [TEST_STEP][PASSED] - click(findTestObject("ADMIN/Edit Text/Bespoke/Buyer Pages/Homepage/button_save"), CONTINUE_ON_FAILURE): Object: 'Object Repository/ADMIN/Edit Text/Bespoke/Buyer Pages/Homepage/button_save' is clicked on

2020-03-20 14:09:03 - [MESSAGE][PASSED] - Object: 'Object Repository/ADMIN/Edit Text/Bespoke/Buyer Pages/Homepage/button_save' is clicked on

2020-03-20 14:09:03 - [TEST_STEP][PASSED] - waitForElementVisible(findTestObject("ADMIN/Edit Text/Bespoke/Buyer Pages/Homepage/toaster_success"), 0): Object 'Object Repository/ADMIN/Edit Text/Bespoke/Buyer Pages/Homepage/toaster_success' is visible

2020-03-20 14:09:03 - [MESSAGE][WARNING] - Timeout '0' is invalid. Using default page load timeout: '30'

2020-03-20 14:09:04 - [MESSAGE][PASSED] - Object 'Object Repository/ADMIN/Edit Text/Bespoke/Buyer Pages/Homepage/toaster_success' is visible]]></system-out>
         <system-err><![CDATA[]]></system-err>
      </testcase>
      <testcase name="Test Cases/ADMIN/Language/Edit Text/Bespoke/Buyer Pages/Merchant Storefront" time="5.072" classname="Test Cases/ADMIN/Language/Edit Text/Bespoke/Buyer Pages/Merchant Storefront" status="PASSED">
         <system-out><![CDATA[2020-03-20 14:09:04 - [TEST_CASE][PASSED] - Test Cases/ADMIN/Language/Edit Text/Bespoke/Buyer Pages/Merchant Storefront: Test Cases/ADMIN/Language/Edit Text/Bespoke/Buyer Pages/Merchant Storefront

2020-03-20 14:09:04 - [TEST_STEP][PASSED] - waitForElementVisible(findTestObject("ADMIN/Edit Text/Bespoke/Buyer Navigation/dd_language"), 0): Object 'Object Repository/ADMIN/Edit Text/Bespoke/Buyer Navigation/dd_language' is visible

2020-03-20 14:09:04 - [MESSAGE][WARNING] - Timeout '0' is invalid. Using default page load timeout: '30'

2020-03-20 14:09:04 - [MESSAGE][PASSED] - Object 'Object Repository/ADMIN/Edit Text/Bespoke/Buyer Navigation/dd_language' is visible

2020-03-20 14:09:04 - [TEST_STEP][PASSED] - selectOptionByLabel(findTestObject("ADMIN/Edit Text/Bespoke/Buyer Navigation/dd_language"), varLanguage, false): All options with label 'Swedish' are selected in object 'Object Repository/ADMIN/Edit Text/Bespoke/Buyer Navigation/dd_language' 

2020-03-20 14:09:05 - [MESSAGE][PASSED] - All options with label 'Swedish' are selected in object 'Object Repository/ADMIN/Edit Text/Bespoke/Buyer Navigation/dd_language' 

2020-03-20 14:09:05 - [TEST_STEP][PASSED] - sendKeys(findTestObject("ADMIN/Edit Text/Bespoke/Buyer Pages/Merchant Storefront/input_VISITORS_visitors"), "*"): Keys '*' sent to object: 'Object Repository/ADMIN/Edit Text/Bespoke/Buyer Pages/Merchant Storefront/input_VISITORS_visitors'

2020-03-20 14:09:06 - [MESSAGE][PASSED] - Keys '*' sent to object: 'Object Repository/ADMIN/Edit Text/Bespoke/Buyer Pages/Merchant Storefront/input_VISITORS_visitors'

2020-03-20 14:09:06 - [TEST_STEP][PASSED] - sendKeys(findTestObject("ADMIN/Edit Text/Bespoke/Buyer Pages/Merchant Storefront/input_Avg Rating_avg_rating"), "*"): Keys '*' sent to object: 'Object Repository/ADMIN/Edit Text/Bespoke/Buyer Pages/Merchant Storefront/input_Avg Rating_avg_rating'

2020-03-20 14:09:06 - [MESSAGE][PASSED] - Keys '*' sent to object: 'Object Repository/ADMIN/Edit Text/Bespoke/Buyer Pages/Merchant Storefront/input_Avg Rating_avg_rating'

2020-03-20 14:09:06 - [TEST_STEP][PASSED] - sendKeys(findTestObject("ADMIN/Edit Text/Bespoke/Buyer Pages/Merchant Storefront/input_Successful Orders_successful-orders"), "*"): Keys '*' sent to object: 'Object Repository/ADMIN/Edit Text/Bespoke/Buyer Pages/Merchant Storefront/input_Successful Orders_successful-orders'

2020-03-20 14:09:06 - [MESSAGE][PASSED] - Keys '*' sent to object: 'Object Repository/ADMIN/Edit Text/Bespoke/Buyer Pages/Merchant Storefront/input_Successful Orders_successful-orders'

2020-03-20 14:09:06 - [TEST_STEP][PASSED] - sendKeys(findTestObject("ADMIN/Edit Text/Bespoke/Buyer Pages/Merchant Storefront/input_Member Since_member-since"), "*"): Keys '*' sent to object: 'Object Repository/ADMIN/Edit Text/Bespoke/Buyer Pages/Merchant Storefront/input_Member Since_member-since'

2020-03-20 14:09:07 - [MESSAGE][PASSED] - Keys '*' sent to object: 'Object Repository/ADMIN/Edit Text/Bespoke/Buyer Pages/Merchant Storefront/input_Member Since_member-since'

2020-03-20 14:09:07 - [TEST_STEP][PASSED] - sendKeys(findTestObject("ADMIN/Edit Text/Bespoke/Buyer Pages/Merchant Storefront/input_ITEMS FOR SALE_item-for-sale"), "*"): Keys '*' sent to object: 'Object Repository/ADMIN/Edit Text/Bespoke/Buyer Pages/Merchant Storefront/input_ITEMS FOR SALE_item-for-sale'

2020-03-20 14:09:07 - [MESSAGE][PASSED] - Keys '*' sent to object: 'Object Repository/ADMIN/Edit Text/Bespoke/Buyer Pages/Merchant Storefront/input_ITEMS FOR SALE_item-for-sale'

2020-03-20 14:09:07 - [TEST_STEP][PASSED] - sendKeys(findTestObject("ADMIN/Edit Text/Bespoke/Buyer Pages/Merchant Storefront/input_ITEM REVIEWS_sort-by"), "*"): Keys '*' sent to object: 'Object Repository/ADMIN/Edit Text/Bespoke/Buyer Pages/Merchant Storefront/input_ITEM REVIEWS_sort-by'

2020-03-20 14:09:07 - [MESSAGE][PASSED] - Keys '*' sent to object: 'Object Repository/ADMIN/Edit Text/Bespoke/Buyer Pages/Merchant Storefront/input_ITEM REVIEWS_sort-by'

2020-03-20 14:09:07 - [TEST_STEP][PASSED] - sendKeys(findTestObject("ADMIN/Edit Text/Bespoke/Buyer Pages/Merchant Storefront/input_Search store_item-for-sale"), "*"): Keys '*' sent to object: 'Object Repository/ADMIN/Edit Text/Bespoke/Buyer Pages/Merchant Storefront/input_Search store_item-for-sale'

2020-03-20 14:09:07 - [MESSAGE][PASSED] - Keys '*' sent to object: 'Object Repository/ADMIN/Edit Text/Bespoke/Buyer Pages/Merchant Storefront/input_Search store_item-for-sale'

2020-03-20 14:09:07 - [TEST_STEP][PASSED] - sendKeys(findTestObject("ADMIN/Edit Text/Bespoke/Buyer Pages/Merchant Storefront/input_Sort by_sort-by"), "*"): Keys '*' sent to object: 'Object Repository/ADMIN/Edit Text/Bespoke/Buyer Pages/Merchant Storefront/input_Sort by_sort-by'

2020-03-20 14:09:07 - [MESSAGE][PASSED] - Keys '*' sent to object: 'Object Repository/ADMIN/Edit Text/Bespoke/Buyer Pages/Merchant Storefront/input_Sort by_sort-by'

2020-03-20 14:09:07 - [TEST_STEP][PASSED] - sendKeys(findTestObject("ADMIN/Edit Text/Bespoke/Buyer Pages/Merchant Storefront/input_Lowest Price_lowest-price"), "*"): Keys '*' sent to object: 'Object Repository/ADMIN/Edit Text/Bespoke/Buyer Pages/Merchant Storefront/input_Lowest Price_lowest-price'

2020-03-20 14:09:08 - [MESSAGE][PASSED] - Keys '*' sent to object: 'Object Repository/ADMIN/Edit Text/Bespoke/Buyer Pages/Merchant Storefront/input_Lowest Price_lowest-price'

2020-03-20 14:09:08 - [TEST_STEP][PASSED] - sendKeys(findTestObject("ADMIN/Edit Text/Bespoke/Buyer Pages/Merchant Storefront/input_Highest Price_highest-price"), "*"): Keys '*' sent to object: 'Object Repository/ADMIN/Edit Text/Bespoke/Buyer Pages/Merchant Storefront/input_Highest Price_highest-price'

2020-03-20 14:09:08 - [MESSAGE][PASSED] - Keys '*' sent to object: 'Object Repository/ADMIN/Edit Text/Bespoke/Buyer Pages/Merchant Storefront/input_Highest Price_highest-price'

2020-03-20 14:09:08 - [TEST_STEP][PASSED] - sendKeys(findTestObject("ADMIN/Edit Text/Bespoke/Buyer Pages/Merchant Storefront/input_VIEW ALL ITEMS FOR SALE_btn_view_item"), "*"): Keys '*' sent to object: 'Object Repository/ADMIN/Edit Text/Bespoke/Buyer Pages/Merchant Storefront/input_VIEW ALL ITEMS FOR SALE_btn_view_item'

2020-03-20 14:09:08 - [MESSAGE][PASSED] - Keys '*' sent to object: 'Object Repository/ADMIN/Edit Text/Bespoke/Buyer Pages/Merchant Storefront/input_VIEW ALL ITEMS FOR SALE_btn_view_item'

2020-03-20 14:09:08 - [TEST_STEP][PASSED] - click(findTestObject("ADMIN/Edit Text/Bespoke/Buyer Pages/Homepage/button_save"), CONTINUE_ON_FAILURE): Object: 'Object Repository/ADMIN/Edit Text/Bespoke/Buyer Pages/Homepage/button_save' is clicked on

2020-03-20 14:09:08 - [MESSAGE][PASSED] - Object: 'Object Repository/ADMIN/Edit Text/Bespoke/Buyer Pages/Homepage/button_save' is clicked on

2020-03-20 14:09:08 - [TEST_STEP][PASSED] - waitForElementVisible(findTestObject("ADMIN/Edit Text/Bespoke/Buyer Pages/Homepage/toaster_success"), 0): Object 'Object Repository/ADMIN/Edit Text/Bespoke/Buyer Pages/Homepage/toaster_success' is visible

2020-03-20 14:09:08 - [MESSAGE][WARNING] - Timeout '0' is invalid. Using default page load timeout: '30'

2020-03-20 14:09:09 - [MESSAGE][PASSED] - Object 'Object Repository/ADMIN/Edit Text/Bespoke/Buyer Pages/Homepage/toaster_success' is visible]]></system-out>
         <system-err><![CDATA[]]></system-err>
      </testcase>
      <testcase name="Test Cases/ADMIN/Language/Edit Text/Bespoke/Buyer Pages/Merchant Storefront" time="4.81" classname="Test Cases/ADMIN/Language/Edit Text/Bespoke/Buyer Pages/Merchant Storefront" status="PASSED">
         <system-out><![CDATA[2020-03-20 14:09:09 - [TEST_CASE][PASSED] - Test Cases/ADMIN/Language/Edit Text/Bespoke/Buyer Pages/Merchant Storefront: Test Cases/ADMIN/Language/Edit Text/Bespoke/Buyer Pages/Merchant Storefront

2020-03-20 14:09:09 - [TEST_STEP][PASSED] - waitForElementVisible(findTestObject("ADMIN/Edit Text/Bespoke/Buyer Navigation/dd_language"), 0): Object 'Object Repository/ADMIN/Edit Text/Bespoke/Buyer Navigation/dd_language' is visible

2020-03-20 14:09:09 - [MESSAGE][WARNING] - Timeout '0' is invalid. Using default page load timeout: '30'

2020-03-20 14:09:09 - [MESSAGE][PASSED] - Object 'Object Repository/ADMIN/Edit Text/Bespoke/Buyer Navigation/dd_language' is visible

2020-03-20 14:09:09 - [TEST_STEP][PASSED] - selectOptionByLabel(findTestObject("ADMIN/Edit Text/Bespoke/Buyer Navigation/dd_language"), varLanguage, false): All options with label 'Chinese (Simplified)' are selected in object 'Object Repository/ADMIN/Edit Text/Bespoke/Buyer Navigation/dd_language' 

2020-03-20 14:09:10 - [MESSAGE][PASSED] - All options with label 'Chinese (Simplified)' are selected in object 'Object Repository/ADMIN/Edit Text/Bespoke/Buyer Navigation/dd_language' 

2020-03-20 14:09:10 - [TEST_STEP][PASSED] - sendKeys(findTestObject("ADMIN/Edit Text/Bespoke/Buyer Pages/Merchant Storefront/input_VISITORS_visitors"), "*"): Keys '*' sent to object: 'Object Repository/ADMIN/Edit Text/Bespoke/Buyer Pages/Merchant Storefront/input_VISITORS_visitors'

2020-03-20 14:09:11 - [MESSAGE][PASSED] - Keys '*' sent to object: 'Object Repository/ADMIN/Edit Text/Bespoke/Buyer Pages/Merchant Storefront/input_VISITORS_visitors'

2020-03-20 14:09:11 - [TEST_STEP][PASSED] - sendKeys(findTestObject("ADMIN/Edit Text/Bespoke/Buyer Pages/Merchant Storefront/input_Avg Rating_avg_rating"), "*"): Keys '*' sent to object: 'Object Repository/ADMIN/Edit Text/Bespoke/Buyer Pages/Merchant Storefront/input_Avg Rating_avg_rating'

2020-03-20 14:09:11 - [MESSAGE][PASSED] - Keys '*' sent to object: 'Object Repository/ADMIN/Edit Text/Bespoke/Buyer Pages/Merchant Storefront/input_Avg Rating_avg_rating'

2020-03-20 14:09:11 - [TEST_STEP][PASSED] - sendKeys(findTestObject("ADMIN/Edit Text/Bespoke/Buyer Pages/Merchant Storefront/input_Successful Orders_successful-orders"), "*"): Keys '*' sent to object: 'Object Repository/ADMIN/Edit Text/Bespoke/Buyer Pages/Merchant Storefront/input_Successful Orders_successful-orders'

2020-03-20 14:09:12 - [MESSAGE][PASSED] - Keys '*' sent to object: 'Object Repository/ADMIN/Edit Text/Bespoke/Buyer Pages/Merchant Storefront/input_Successful Orders_successful-orders'

2020-03-20 14:09:12 - [TEST_STEP][PASSED] - sendKeys(findTestObject("ADMIN/Edit Text/Bespoke/Buyer Pages/Merchant Storefront/input_Member Since_member-since"), "*"): Keys '*' sent to object: 'Object Repository/ADMIN/Edit Text/Bespoke/Buyer Pages/Merchant Storefront/input_Member Since_member-since'

2020-03-20 14:09:12 - [MESSAGE][PASSED] - Keys '*' sent to object: 'Object Repository/ADMIN/Edit Text/Bespoke/Buyer Pages/Merchant Storefront/input_Member Since_member-since'

2020-03-20 14:09:12 - [TEST_STEP][PASSED] - sendKeys(findTestObject("ADMIN/Edit Text/Bespoke/Buyer Pages/Merchant Storefront/input_ITEMS FOR SALE_item-for-sale"), "*"): Keys '*' sent to object: 'Object Repository/ADMIN/Edit Text/Bespoke/Buyer Pages/Merchant Storefront/input_ITEMS FOR SALE_item-for-sale'

2020-03-20 14:09:12 - [MESSAGE][PASSED] - Keys '*' sent to object: 'Object Repository/ADMIN/Edit Text/Bespoke/Buyer Pages/Merchant Storefront/input_ITEMS FOR SALE_item-for-sale'

2020-03-20 14:09:12 - [TEST_STEP][PASSED] - sendKeys(findTestObject("ADMIN/Edit Text/Bespoke/Buyer Pages/Merchant Storefront/input_ITEM REVIEWS_sort-by"), "*"): Keys '*' sent to object: 'Object Repository/ADMIN/Edit Text/Bespoke/Buyer Pages/Merchant Storefront/input_ITEM REVIEWS_sort-by'

2020-03-20 14:09:12 - [MESSAGE][PASSED] - Keys '*' sent to object: 'Object Repository/ADMIN/Edit Text/Bespoke/Buyer Pages/Merchant Storefront/input_ITEM REVIEWS_sort-by'

2020-03-20 14:09:12 - [TEST_STEP][PASSED] - sendKeys(findTestObject("ADMIN/Edit Text/Bespoke/Buyer Pages/Merchant Storefront/input_Search store_item-for-sale"), "*"): Keys '*' sent to object: 'Object Repository/ADMIN/Edit Text/Bespoke/Buyer Pages/Merchant Storefront/input_Search store_item-for-sale'

2020-03-20 14:09:12 - [MESSAGE][PASSED] - Keys '*' sent to object: 'Object Repository/ADMIN/Edit Text/Bespoke/Buyer Pages/Merchant Storefront/input_Search store_item-for-sale'

2020-03-20 14:09:12 - [TEST_STEP][PASSED] - sendKeys(findTestObject("ADMIN/Edit Text/Bespoke/Buyer Pages/Merchant Storefront/input_Sort by_sort-by"), "*"): Keys '*' sent to object: 'Object Repository/ADMIN/Edit Text/Bespoke/Buyer Pages/Merchant Storefront/input_Sort by_sort-by'

2020-03-20 14:09:13 - [MESSAGE][PASSED] - Keys '*' sent to object: 'Object Repository/ADMIN/Edit Text/Bespoke/Buyer Pages/Merchant Storefront/input_Sort by_sort-by'

2020-03-20 14:09:13 - [TEST_STEP][PASSED] - sendKeys(findTestObject("ADMIN/Edit Text/Bespoke/Buyer Pages/Merchant Storefront/input_Lowest Price_lowest-price"), "*"): Keys '*' sent to object: 'Object Repository/ADMIN/Edit Text/Bespoke/Buyer Pages/Merchant Storefront/input_Lowest Price_lowest-price'

2020-03-20 14:09:13 - [MESSAGE][PASSED] - Keys '*' sent to object: 'Object Repository/ADMIN/Edit Text/Bespoke/Buyer Pages/Merchant Storefront/input_Lowest Price_lowest-price'

2020-03-20 14:09:13 - [TEST_STEP][PASSED] - sendKeys(findTestObject("ADMIN/Edit Text/Bespoke/Buyer Pages/Merchant Storefront/input_Highest Price_highest-price"), "*"): Keys '*' sent to object: 'Object Repository/ADMIN/Edit Text/Bespoke/Buyer Pages/Merchant Storefront/input_Highest Price_highest-price'

2020-03-20 14:09:13 - [MESSAGE][PASSED] - Keys '*' sent to object: 'Object Repository/ADMIN/Edit Text/Bespoke/Buyer Pages/Merchant Storefront/input_Highest Price_highest-price'

2020-03-20 14:09:13 - [TEST_STEP][PASSED] - sendKeys(findTestObject("ADMIN/Edit Text/Bespoke/Buyer Pages/Merchant Storefront/input_VIEW ALL ITEMS FOR SALE_btn_view_item"), "*"): Keys '*' sent to object: 'Object Repository/ADMIN/Edit Text/Bespoke/Buyer Pages/Merchant Storefront/input_VIEW ALL ITEMS FOR SALE_btn_view_item'

2020-03-20 14:09:13 - [MESSAGE][PASSED] - Keys '*' sent to object: 'Object Repository/ADMIN/Edit Text/Bespoke/Buyer Pages/Merchant Storefront/input_VIEW ALL ITEMS FOR SALE_btn_view_item'

2020-03-20 14:09:13 - [TEST_STEP][PASSED] - click(findTestObject("ADMIN/Edit Text/Bespoke/Buyer Pages/Homepage/button_save"), CONTINUE_ON_FAILURE): Object: 'Object Repository/ADMIN/Edit Text/Bespoke/Buyer Pages/Homepage/button_save' is clicked on

2020-03-20 14:09:14 - [MESSAGE][PASSED] - Object: 'Object Repository/ADMIN/Edit Text/Bespoke/Buyer Pages/Homepage/button_save' is clicked on

2020-03-20 14:09:14 - [TEST_STEP][PASSED] - waitForElementVisible(findTestObject("ADMIN/Edit Text/Bespoke/Buyer Pages/Homepage/toaster_success"), 0): Object 'Object Repository/ADMIN/Edit Text/Bespoke/Buyer Pages/Homepage/toaster_success' is visible

2020-03-20 14:09:14 - [MESSAGE][WARNING] - Timeout '0' is invalid. Using default page load timeout: '30'

2020-03-20 14:09:14 - [MESSAGE][PASSED] - Object 'Object Repository/ADMIN/Edit Text/Bespoke/Buyer Pages/Homepage/toaster_success' is visible]]></system-out>
         <system-err><![CDATA[]]></system-err>
      </testcase>
      <testcase name="Test Cases/ADMIN/Language/Edit Text/Bespoke/Buyer Pages/Merchant Storefront" time="5.414" classname="Test Cases/ADMIN/Language/Edit Text/Bespoke/Buyer Pages/Merchant Storefront" status="PASSED">
         <system-out><![CDATA[2020-03-20 14:09:14 - [TEST_CASE][PASSED] - Test Cases/ADMIN/Language/Edit Text/Bespoke/Buyer Pages/Merchant Storefront: Test Cases/ADMIN/Language/Edit Text/Bespoke/Buyer Pages/Merchant Storefront

2020-03-20 14:09:14 - [TEST_STEP][PASSED] - waitForElementVisible(findTestObject("ADMIN/Edit Text/Bespoke/Buyer Navigation/dd_language"), 0): Object 'Object Repository/ADMIN/Edit Text/Bespoke/Buyer Navigation/dd_language' is visible

2020-03-20 14:09:14 - [MESSAGE][WARNING] - Timeout '0' is invalid. Using default page load timeout: '30'

2020-03-20 14:09:14 - [MESSAGE][PASSED] - Object 'Object Repository/ADMIN/Edit Text/Bespoke/Buyer Navigation/dd_language' is visible

2020-03-20 14:09:14 - [TEST_STEP][PASSED] - selectOptionByLabel(findTestObject("ADMIN/Edit Text/Bespoke/Buyer Navigation/dd_language"), varLanguage, false): All options with label 'Hebrew' are selected in object 'Object Repository/ADMIN/Edit Text/Bespoke/Buyer Navigation/dd_language' 

2020-03-20 14:09:15 - [MESSAGE][PASSED] - All options with label 'Hebrew' are selected in object 'Object Repository/ADMIN/Edit Text/Bespoke/Buyer Navigation/dd_language' 

2020-03-20 14:09:15 - [TEST_STEP][PASSED] - sendKeys(findTestObject("ADMIN/Edit Text/Bespoke/Buyer Pages/Merchant Storefront/input_VISITORS_visitors"), "*"): Keys '*' sent to object: 'Object Repository/ADMIN/Edit Text/Bespoke/Buyer Pages/Merchant Storefront/input_VISITORS_visitors'

2020-03-20 14:09:16 - [MESSAGE][PASSED] - Keys '*' sent to object: 'Object Repository/ADMIN/Edit Text/Bespoke/Buyer Pages/Merchant Storefront/input_VISITORS_visitors'

2020-03-20 14:09:16 - [TEST_STEP][PASSED] - sendKeys(findTestObject("ADMIN/Edit Text/Bespoke/Buyer Pages/Merchant Storefront/input_Avg Rating_avg_rating"), "*"): Keys '*' sent to object: 'Object Repository/ADMIN/Edit Text/Bespoke/Buyer Pages/Merchant Storefront/input_Avg Rating_avg_rating'

2020-03-20 14:09:16 - [MESSAGE][PASSED] - Keys '*' sent to object: 'Object Repository/ADMIN/Edit Text/Bespoke/Buyer Pages/Merchant Storefront/input_Avg Rating_avg_rating'

2020-03-20 14:09:16 - [TEST_STEP][PASSED] - sendKeys(findTestObject("ADMIN/Edit Text/Bespoke/Buyer Pages/Merchant Storefront/input_Successful Orders_successful-orders"), "*"): Keys '*' sent to object: 'Object Repository/ADMIN/Edit Text/Bespoke/Buyer Pages/Merchant Storefront/input_Successful Orders_successful-orders'

2020-03-20 14:09:16 - [MESSAGE][PASSED] - Keys '*' sent to object: 'Object Repository/ADMIN/Edit Text/Bespoke/Buyer Pages/Merchant Storefront/input_Successful Orders_successful-orders'

2020-03-20 14:09:16 - [TEST_STEP][PASSED] - sendKeys(findTestObject("ADMIN/Edit Text/Bespoke/Buyer Pages/Merchant Storefront/input_Member Since_member-since"), "*"): Keys '*' sent to object: 'Object Repository/ADMIN/Edit Text/Bespoke/Buyer Pages/Merchant Storefront/input_Member Since_member-since'

2020-03-20 14:09:16 - [MESSAGE][PASSED] - Keys '*' sent to object: 'Object Repository/ADMIN/Edit Text/Bespoke/Buyer Pages/Merchant Storefront/input_Member Since_member-since'

2020-03-20 14:09:16 - [TEST_STEP][PASSED] - sendKeys(findTestObject("ADMIN/Edit Text/Bespoke/Buyer Pages/Merchant Storefront/input_ITEMS FOR SALE_item-for-sale"), "*"): Keys '*' sent to object: 'Object Repository/ADMIN/Edit Text/Bespoke/Buyer Pages/Merchant Storefront/input_ITEMS FOR SALE_item-for-sale'

2020-03-20 14:09:17 - [MESSAGE][PASSED] - Keys '*' sent to object: 'Object Repository/ADMIN/Edit Text/Bespoke/Buyer Pages/Merchant Storefront/input_ITEMS FOR SALE_item-for-sale'

2020-03-20 14:09:17 - [TEST_STEP][PASSED] - sendKeys(findTestObject("ADMIN/Edit Text/Bespoke/Buyer Pages/Merchant Storefront/input_ITEM REVIEWS_sort-by"), "*"): Keys '*' sent to object: 'Object Repository/ADMIN/Edit Text/Bespoke/Buyer Pages/Merchant Storefront/input_ITEM REVIEWS_sort-by'

2020-03-20 14:09:17 - [MESSAGE][PASSED] - Keys '*' sent to object: 'Object Repository/ADMIN/Edit Text/Bespoke/Buyer Pages/Merchant Storefront/input_ITEM REVIEWS_sort-by'

2020-03-20 14:09:17 - [TEST_STEP][PASSED] - sendKeys(findTestObject("ADMIN/Edit Text/Bespoke/Buyer Pages/Merchant Storefront/input_Search store_item-for-sale"), "*"): Keys '*' sent to object: 'Object Repository/ADMIN/Edit Text/Bespoke/Buyer Pages/Merchant Storefront/input_Search store_item-for-sale'

2020-03-20 14:09:17 - [MESSAGE][PASSED] - Keys '*' sent to object: 'Object Repository/ADMIN/Edit Text/Bespoke/Buyer Pages/Merchant Storefront/input_Search store_item-for-sale'

2020-03-20 14:09:17 - [TEST_STEP][PASSED] - sendKeys(findTestObject("ADMIN/Edit Text/Bespoke/Buyer Pages/Merchant Storefront/input_Sort by_sort-by"), "*"): Keys '*' sent to object: 'Object Repository/ADMIN/Edit Text/Bespoke/Buyer Pages/Merchant Storefront/input_Sort by_sort-by'

2020-03-20 14:09:17 - [MESSAGE][PASSED] - Keys '*' sent to object: 'Object Repository/ADMIN/Edit Text/Bespoke/Buyer Pages/Merchant Storefront/input_Sort by_sort-by'

2020-03-20 14:09:17 - [TEST_STEP][PASSED] - sendKeys(findTestObject("ADMIN/Edit Text/Bespoke/Buyer Pages/Merchant Storefront/input_Lowest Price_lowest-price"), "*"): Keys '*' sent to object: 'Object Repository/ADMIN/Edit Text/Bespoke/Buyer Pages/Merchant Storefront/input_Lowest Price_lowest-price'

2020-03-20 14:09:18 - [MESSAGE][PASSED] - Keys '*' sent to object: 'Object Repository/ADMIN/Edit Text/Bespoke/Buyer Pages/Merchant Storefront/input_Lowest Price_lowest-price'

2020-03-20 14:09:18 - [TEST_STEP][PASSED] - sendKeys(findTestObject("ADMIN/Edit Text/Bespoke/Buyer Pages/Merchant Storefront/input_Highest Price_highest-price"), "*"): Keys '*' sent to object: 'Object Repository/ADMIN/Edit Text/Bespoke/Buyer Pages/Merchant Storefront/input_Highest Price_highest-price'

2020-03-20 14:09:18 - [MESSAGE][PASSED] - Keys '*' sent to object: 'Object Repository/ADMIN/Edit Text/Bespoke/Buyer Pages/Merchant Storefront/input_Highest Price_highest-price'

2020-03-20 14:09:18 - [TEST_STEP][PASSED] - sendKeys(findTestObject("ADMIN/Edit Text/Bespoke/Buyer Pages/Merchant Storefront/input_VIEW ALL ITEMS FOR SALE_btn_view_item"), "*"): Keys '*' sent to object: 'Object Repository/ADMIN/Edit Text/Bespoke/Buyer Pages/Merchant Storefront/input_VIEW ALL ITEMS FOR SALE_btn_view_item'

2020-03-20 14:09:18 - [MESSAGE][PASSED] - Keys '*' sent to object: 'Object Repository/ADMIN/Edit Text/Bespoke/Buyer Pages/Merchant Storefront/input_VIEW ALL ITEMS FOR SALE_btn_view_item'

2020-03-20 14:09:18 - [TEST_STEP][PASSED] - click(findTestObject("ADMIN/Edit Text/Bespoke/Buyer Pages/Homepage/button_save"), CONTINUE_ON_FAILURE): Object: 'Object Repository/ADMIN/Edit Text/Bespoke/Buyer Pages/Homepage/button_save' is clicked on

2020-03-20 14:09:18 - [MESSAGE][PASSED] - Object: 'Object Repository/ADMIN/Edit Text/Bespoke/Buyer Pages/Homepage/button_save' is clicked on

2020-03-20 14:09:18 - [TEST_STEP][PASSED] - waitForElementVisible(findTestObject("ADMIN/Edit Text/Bespoke/Buyer Pages/Homepage/toaster_success"), 0): Object 'Object Repository/ADMIN/Edit Text/Bespoke/Buyer Pages/Homepage/toaster_success' is visible

2020-03-20 14:09:18 - [MESSAGE][WARNING] - Timeout '0' is invalid. Using default page load timeout: '30'

2020-03-20 14:09:19 - [MESSAGE][PASSED] - Object 'Object Repository/ADMIN/Edit Text/Bespoke/Buyer Pages/Homepage/toaster_success' is visible]]></system-out>
         <system-err><![CDATA[]]></system-err>
      </testcase>
      <testcase name="Test Cases/ADMIN/Language/Edit Text/Bespoke/Buyer Pages/Merchant Storefront" time="3.875" classname="Test Cases/ADMIN/Language/Edit Text/Bespoke/Buyer Pages/Merchant Storefront" status="PASSED">
         <system-out><![CDATA[2020-03-20 14:09:19 - [TEST_CASE][PASSED] - Test Cases/ADMIN/Language/Edit Text/Bespoke/Buyer Pages/Merchant Storefront: Test Cases/ADMIN/Language/Edit Text/Bespoke/Buyer Pages/Merchant Storefront

2020-03-20 14:09:19 - [TEST_STEP][PASSED] - waitForElementVisible(findTestObject("ADMIN/Edit Text/Bespoke/Buyer Navigation/dd_language"), 0): Object 'Object Repository/ADMIN/Edit Text/Bespoke/Buyer Navigation/dd_language' is visible

2020-03-20 14:09:19 - [MESSAGE][WARNING] - Timeout '0' is invalid. Using default page load timeout: '30'

2020-03-20 14:09:19 - [MESSAGE][PASSED] - Object 'Object Repository/ADMIN/Edit Text/Bespoke/Buyer Navigation/dd_language' is visible

2020-03-20 14:09:19 - [TEST_STEP][PASSED] - selectOptionByLabel(findTestObject("ADMIN/Edit Text/Bespoke/Buyer Navigation/dd_language"), varLanguage, false): All options with label 'English' are selected in object 'Object Repository/ADMIN/Edit Text/Bespoke/Buyer Navigation/dd_language' 

2020-03-20 14:09:20 - [MESSAGE][PASSED] - All options with label 'English' are selected in object 'Object Repository/ADMIN/Edit Text/Bespoke/Buyer Navigation/dd_language' 

2020-03-20 14:09:20 - [TEST_STEP][PASSED] - sendKeys(findTestObject("ADMIN/Edit Text/Bespoke/Buyer Pages/Merchant Storefront/input_VISITORS_visitors"), "*"): Keys '*' sent to object: 'Object Repository/ADMIN/Edit Text/Bespoke/Buyer Pages/Merchant Storefront/input_VISITORS_visitors'

2020-03-20 14:09:20 - [MESSAGE][PASSED] - Keys '*' sent to object: 'Object Repository/ADMIN/Edit Text/Bespoke/Buyer Pages/Merchant Storefront/input_VISITORS_visitors'

2020-03-20 14:09:20 - [TEST_STEP][PASSED] - sendKeys(findTestObject("ADMIN/Edit Text/Bespoke/Buyer Pages/Merchant Storefront/input_Avg Rating_avg_rating"), "*"): Keys '*' sent to object: 'Object Repository/ADMIN/Edit Text/Bespoke/Buyer Pages/Merchant Storefront/input_Avg Rating_avg_rating'

2020-03-20 14:09:21 - [MESSAGE][PASSED] - Keys '*' sent to object: 'Object Repository/ADMIN/Edit Text/Bespoke/Buyer Pages/Merchant Storefront/input_Avg Rating_avg_rating'

2020-03-20 14:09:21 - [TEST_STEP][PASSED] - sendKeys(findTestObject("ADMIN/Edit Text/Bespoke/Buyer Pages/Merchant Storefront/input_Successful Orders_successful-orders"), "*"): Keys '*' sent to object: 'Object Repository/ADMIN/Edit Text/Bespoke/Buyer Pages/Merchant Storefront/input_Successful Orders_successful-orders'

2020-03-20 14:09:21 - [MESSAGE][PASSED] - Keys '*' sent to object: 'Object Repository/ADMIN/Edit Text/Bespoke/Buyer Pages/Merchant Storefront/input_Successful Orders_successful-orders'

2020-03-20 14:09:21 - [TEST_STEP][PASSED] - sendKeys(findTestObject("ADMIN/Edit Text/Bespoke/Buyer Pages/Merchant Storefront/input_Member Since_member-since"), "*"): Keys '*' sent to object: 'Object Repository/ADMIN/Edit Text/Bespoke/Buyer Pages/Merchant Storefront/input_Member Since_member-since'

2020-03-20 14:09:21 - [MESSAGE][PASSED] - Keys '*' sent to object: 'Object Repository/ADMIN/Edit Text/Bespoke/Buyer Pages/Merchant Storefront/input_Member Since_member-since'

2020-03-20 14:09:21 - [TEST_STEP][PASSED] - sendKeys(findTestObject("ADMIN/Edit Text/Bespoke/Buyer Pages/Merchant Storefront/input_ITEMS FOR SALE_item-for-sale"), "*"): Keys '*' sent to object: 'Object Repository/ADMIN/Edit Text/Bespoke/Buyer Pages/Merchant Storefront/input_ITEMS FOR SALE_item-for-sale'

2020-03-20 14:09:21 - [MESSAGE][PASSED] - Keys '*' sent to object: 'Object Repository/ADMIN/Edit Text/Bespoke/Buyer Pages/Merchant Storefront/input_ITEMS FOR SALE_item-for-sale'

2020-03-20 14:09:21 - [TEST_STEP][PASSED] - sendKeys(findTestObject("ADMIN/Edit Text/Bespoke/Buyer Pages/Merchant Storefront/input_ITEM REVIEWS_sort-by"), "*"): Keys '*' sent to object: 'Object Repository/ADMIN/Edit Text/Bespoke/Buyer Pages/Merchant Storefront/input_ITEM REVIEWS_sort-by'

2020-03-20 14:09:21 - [MESSAGE][PASSED] - Keys '*' sent to object: 'Object Repository/ADMIN/Edit Text/Bespoke/Buyer Pages/Merchant Storefront/input_ITEM REVIEWS_sort-by'

2020-03-20 14:09:21 - [TEST_STEP][PASSED] - sendKeys(findTestObject("ADMIN/Edit Text/Bespoke/Buyer Pages/Merchant Storefront/input_Search store_item-for-sale"), "*"): Keys '*' sent to object: 'Object Repository/ADMIN/Edit Text/Bespoke/Buyer Pages/Merchant Storefront/input_Search store_item-for-sale'

2020-03-20 14:09:22 - [MESSAGE][PASSED] - Keys '*' sent to object: 'Object Repository/ADMIN/Edit Text/Bespoke/Buyer Pages/Merchant Storefront/input_Search store_item-for-sale'

2020-03-20 14:09:22 - [TEST_STEP][PASSED] - sendKeys(findTestObject("ADMIN/Edit Text/Bespoke/Buyer Pages/Merchant Storefront/input_Sort by_sort-by"), "*"): Keys '*' sent to object: 'Object Repository/ADMIN/Edit Text/Bespoke/Buyer Pages/Merchant Storefront/input_Sort by_sort-by'

2020-03-20 14:09:22 - [MESSAGE][PASSED] - Keys '*' sent to object: 'Object Repository/ADMIN/Edit Text/Bespoke/Buyer Pages/Merchant Storefront/input_Sort by_sort-by'

2020-03-20 14:09:22 - [TEST_STEP][PASSED] - sendKeys(findTestObject("ADMIN/Edit Text/Bespoke/Buyer Pages/Merchant Storefront/input_Lowest Price_lowest-price"), "*"): Keys '*' sent to object: 'Object Repository/ADMIN/Edit Text/Bespoke/Buyer Pages/Merchant Storefront/input_Lowest Price_lowest-price'

2020-03-20 14:09:22 - [MESSAGE][PASSED] - Keys '*' sent to object: 'Object Repository/ADMIN/Edit Text/Bespoke/Buyer Pages/Merchant Storefront/input_Lowest Price_lowest-price'

2020-03-20 14:09:22 - [TEST_STEP][PASSED] - sendKeys(findTestObject("ADMIN/Edit Text/Bespoke/Buyer Pages/Merchant Storefront/input_Highest Price_highest-price"), "*"): Keys '*' sent to object: 'Object Repository/ADMIN/Edit Text/Bespoke/Buyer Pages/Merchant Storefront/input_Highest Price_highest-price'

2020-03-20 14:09:22 - [MESSAGE][PASSED] - Keys '*' sent to object: 'Object Repository/ADMIN/Edit Text/Bespoke/Buyer Pages/Merchant Storefront/input_Highest Price_highest-price'

2020-03-20 14:09:22 - [TEST_STEP][PASSED] - sendKeys(findTestObject("ADMIN/Edit Text/Bespoke/Buyer Pages/Merchant Storefront/input_VIEW ALL ITEMS FOR SALE_btn_view_item"), "*"): Keys '*' sent to object: 'Object Repository/ADMIN/Edit Text/Bespoke/Buyer Pages/Merchant Storefront/input_VIEW ALL ITEMS FOR SALE_btn_view_item'

2020-03-20 14:09:22 - [MESSAGE][PASSED] - Keys '*' sent to object: 'Object Repository/ADMIN/Edit Text/Bespoke/Buyer Pages/Merchant Storefront/input_VIEW ALL ITEMS FOR SALE_btn_view_item'

2020-03-20 14:09:22 - [TEST_STEP][PASSED] - click(findTestObject("ADMIN/Edit Text/Bespoke/Buyer Pages/Homepage/button_save"), CONTINUE_ON_FAILURE): Object: 'Object Repository/ADMIN/Edit Text/Bespoke/Buyer Pages/Homepage/button_save' is clicked on

2020-03-20 14:09:22 - [MESSAGE][PASSED] - Object: 'Object Repository/ADMIN/Edit Text/Bespoke/Buyer Pages/Homepage/button_save' is clicked on

2020-03-20 14:09:22 - [TEST_STEP][PASSED] - waitForElementVisible(findTestObject("ADMIN/Edit Text/Bespoke/Buyer Pages/Homepage/toaster_success"), 0): Object 'Object Repository/ADMIN/Edit Text/Bespoke/Buyer Pages/Homepage/toaster_success' is visible

2020-03-20 14:09:22 - [MESSAGE][WARNING] - Timeout '0' is invalid. Using default page load timeout: '30'

2020-03-20 14:09:23 - [MESSAGE][PASSED] - Object 'Object Repository/ADMIN/Edit Text/Bespoke/Buyer Pages/Homepage/toaster_success' is visible]]></system-out>
         <system-err><![CDATA[]]></system-err>
      </testcase>
      <testcase name="Test Cases/ADMIN/Language/Edit Text/Bespoke/Buyer Pages/Search Result Navigation" time="3.978" classname="Test Cases/ADMIN/Language/Edit Text/Bespoke/Buyer Pages/Search Result Navigation" status="PASSED">
         <system-out><![CDATA[2020-03-20 14:09:23 - [TEST_CASE][PASSED] - Test Cases/ADMIN/Language/Edit Text/Bespoke/Buyer Pages/Search Result Navigation: Test Cases/ADMIN/Language/Edit Text/Bespoke/Buyer Pages/Search Result Navigation

2020-03-20 14:09:23 - [TEST_STEP][PASSED] - waitForElementVisible(findTestObject("ADMIN/Language/sidemenu_Language"), 0): Object 'Object Repository/ADMIN/Language/sidemenu_Language' is visible

2020-03-20 14:09:23 - [MESSAGE][WARNING] - Timeout '0' is invalid. Using default page load timeout: '30'

2020-03-20 14:09:23 - [MESSAGE][PASSED] - Object 'Object Repository/ADMIN/Language/sidemenu_Language' is visible

2020-03-20 14:09:23 - [TEST_STEP][PASSED] - click(findTestObject("ADMIN/Language/sidemenu_Language"), CONTINUE_ON_FAILURE): Object: 'Object Repository/ADMIN/Language/sidemenu_Language' is clicked on

2020-03-20 14:09:23 - [MESSAGE][PASSED] - Object: 'Object Repository/ADMIN/Language/sidemenu_Language' is clicked on

2020-03-20 14:09:23 - [TEST_STEP][PASSED] - waitForElementVisible(findTestObject("ADMIN/Language/sidemenu_Edit Text"), 0): Object 'Object Repository/ADMIN/Language/sidemenu_Edit Text' is visible

2020-03-20 14:09:23 - [MESSAGE][WARNING] - Timeout '0' is invalid. Using default page load timeout: '30'

2020-03-20 14:09:24 - [MESSAGE][PASSED] - Object 'Object Repository/ADMIN/Language/sidemenu_Edit Text' is visible

2020-03-20 14:09:24 - [TEST_STEP][PASSED] - click(findTestObject("ADMIN/Language/sidemenu_Edit Text"), CONTINUE_ON_FAILURE): Object: 'Object Repository/ADMIN/Language/sidemenu_Edit Text' is clicked on

2020-03-20 14:09:25 - [MESSAGE][PASSED] - Object: 'Object Repository/ADMIN/Language/sidemenu_Edit Text' is clicked on

2020-03-20 14:09:25 - [TEST_STEP][PASSED] - waitForElementVisible(findTestObject("ADMIN/Edit Text/Bespoke/Buyer Navigation/icon_dd"), 0): Object 'Object Repository/ADMIN/Edit Text/Bespoke/Buyer Navigation/icon_dd' is visible

2020-03-20 14:09:25 - [MESSAGE][WARNING] - Timeout '0' is invalid. Using default page load timeout: '30'

2020-03-20 14:09:25 - [MESSAGE][PASSED] - Object 'Object Repository/ADMIN/Edit Text/Bespoke/Buyer Navigation/icon_dd' is visible

2020-03-20 14:09:25 - [TEST_STEP][PASSED] - click(findTestObject("ADMIN/Edit Text/Bespoke/Buyer Navigation/icon_dd"), CONTINUE_ON_FAILURE): Object: 'Object Repository/ADMIN/Edit Text/Bespoke/Buyer Navigation/icon_dd' is clicked on

2020-03-20 14:09:26 - [MESSAGE][PASSED] - Object: 'Object Repository/ADMIN/Edit Text/Bespoke/Buyer Navigation/icon_dd' is clicked on

2020-03-20 14:09:26 - [TEST_STEP][PASSED] - waitForElementVisible(findTestObject("ADMIN/Edit Text/Bespoke/Buyer Navigation/textlink_Search Result Page"), 0): Object 'Object Repository/ADMIN/Edit Text/Bespoke/Buyer Navigation/textlink_Search Result Page' is visible

2020-03-20 14:09:26 - [MESSAGE][WARNING] - Timeout '0' is invalid. Using default page load timeout: '30'

2020-03-20 14:09:26 - [MESSAGE][PASSED] - Object 'Object Repository/ADMIN/Edit Text/Bespoke/Buyer Navigation/textlink_Search Result Page' is visible

2020-03-20 14:09:26 - [TEST_STEP][PASSED] - click(findTestObject("ADMIN/Edit Text/Bespoke/Buyer Navigation/textlink_Search Result Page"), CONTINUE_ON_FAILURE): Object: 'Object Repository/ADMIN/Edit Text/Bespoke/Buyer Navigation/textlink_Search Result Page' is clicked on

2020-03-20 14:09:27 - [MESSAGE][PASSED] - Object: 'Object Repository/ADMIN/Edit Text/Bespoke/Buyer Navigation/textlink_Search Result Page' is clicked on

2020-03-20 14:09:27 - [TEST_STEP][PASSED] - waitForElementVisible(findTestObject("ADMIN/Edit Text/Bespoke/Buyer Navigation/dd_language"), 0): Object 'Object Repository/ADMIN/Edit Text/Bespoke/Buyer Navigation/dd_language' is visible

2020-03-20 14:09:27 - [MESSAGE][WARNING] - Timeout '0' is invalid. Using default page load timeout: '30'

2020-03-20 14:09:27 - [MESSAGE][PASSED] - Object 'Object Repository/ADMIN/Edit Text/Bespoke/Buyer Navigation/dd_language' is visible]]></system-out>
         <system-err><![CDATA[]]></system-err>
      </testcase>
      <testcase name="Test Cases/ADMIN/Language/Edit Text/Bespoke/Buyer Pages/Search Result Page" time="5.989" classname="Test Cases/ADMIN/Language/Edit Text/Bespoke/Buyer Pages/Search Result Page" status="PASSED">
         <system-out><![CDATA[2020-03-20 14:09:27 - [TEST_CASE][PASSED] - Test Cases/ADMIN/Language/Edit Text/Bespoke/Buyer Pages/Search Result Page: Test Cases/ADMIN/Language/Edit Text/Bespoke/Buyer Pages/Search Result Page

2020-03-20 14:09:27 - [TEST_STEP][PASSED] - waitForElementVisible(findTestObject("ADMIN/Edit Text/Bespoke/Buyer Navigation/dd_language"), 0): Object 'Object Repository/ADMIN/Edit Text/Bespoke/Buyer Navigation/dd_language' is visible

2020-03-20 14:09:27 - [MESSAGE][WARNING] - Timeout '0' is invalid. Using default page load timeout: '30'

2020-03-20 14:09:27 - [MESSAGE][PASSED] - Object 'Object Repository/ADMIN/Edit Text/Bespoke/Buyer Navigation/dd_language' is visible

2020-03-20 14:09:27 - [TEST_STEP][PASSED] - selectOptionByLabel(findTestObject("ADMIN/Edit Text/Bespoke/Buyer Navigation/dd_language"), varLanguage, false): All options with label 'French' are selected in object 'Object Repository/ADMIN/Edit Text/Bespoke/Buyer Navigation/dd_language' 

2020-03-20 14:09:28 - [MESSAGE][PASSED] - All options with label 'French' are selected in object 'Object Repository/ADMIN/Edit Text/Bespoke/Buyer Navigation/dd_language' 

2020-03-20 14:09:28 - [TEST_STEP][PASSED] - sendKeys(findTestObject("ADMIN/Edit Text/Bespoke/Buyer Pages/Search Result Page/input_ALL CATEGORIES_all-categories"), "*"): Keys '*' sent to object: 'Object Repository/ADMIN/Edit Text/Bespoke/Buyer Pages/Search Result Page/input_ALL CATEGORIES_all-categories'

2020-03-20 14:09:28 - [MESSAGE][PASSED] - Keys '*' sent to object: 'Object Repository/ADMIN/Edit Text/Bespoke/Buyer Pages/Search Result Page/input_ALL CATEGORIES_all-categories'

2020-03-20 14:09:28 - [TEST_STEP][PASSED] - sendKeys(findTestObject("ADMIN/Edit Text/Bespoke/Buyer Pages/Search Result Page/input_SEARCH_search"), "*"): Keys '*' sent to object: 'Object Repository/ADMIN/Edit Text/Bespoke/Buyer Pages/Search Result Page/input_SEARCH_search'

2020-03-20 14:09:28 - [MESSAGE][PASSED] - Keys '*' sent to object: 'Object Repository/ADMIN/Edit Text/Bespoke/Buyer Pages/Search Result Page/input_SEARCH_search'

2020-03-20 14:09:28 - [TEST_STEP][PASSED] - sendKeys(findTestObject("ADMIN/Edit Text/Bespoke/Buyer Pages/Search Result Page/input_All of (category)_search-allof"), "*"): Keys '*' sent to object: 'Object Repository/ADMIN/Edit Text/Bespoke/Buyer Pages/Search Result Page/input_All of (category)_search-allof'

2020-03-20 14:09:28 - [MESSAGE][PASSED] - Keys '*' sent to object: 'Object Repository/ADMIN/Edit Text/Bespoke/Buyer Pages/Search Result Page/input_All of (category)_search-allof'

2020-03-20 14:09:28 - [TEST_STEP][PASSED] - sendKeys(findTestObject("ADMIN/Edit Text/Bespoke/Buyer Pages/Search Result Page/input_Search result for_search-result"), "*"): Keys '*' sent to object: 'Object Repository/ADMIN/Edit Text/Bespoke/Buyer Pages/Search Result Page/input_Search result for_search-result'

2020-03-20 14:09:29 - [MESSAGE][PASSED] - Keys '*' sent to object: 'Object Repository/ADMIN/Edit Text/Bespoke/Buyer Pages/Search Result Page/input_Search result for_search-result'

2020-03-20 14:09:29 - [TEST_STEP][PASSED] - sendKeys(findTestObject("ADMIN/Edit Text/Bespoke/Buyer Pages/Search Result Page/input_Items found_item-found"), "*"): Keys '*' sent to object: 'Object Repository/ADMIN/Edit Text/Bespoke/Buyer Pages/Search Result Page/input_Items found_item-found'

2020-03-20 14:09:29 - [MESSAGE][PASSED] - Keys '*' sent to object: 'Object Repository/ADMIN/Edit Text/Bespoke/Buyer Pages/Search Result Page/input_Items found_item-found'

2020-03-20 14:09:29 - [TEST_STEP][PASSED] - sendKeys(findTestObject("ADMIN/Edit Text/Bespoke/Buyer Pages/Search Result Page/input_FILTERS_filter-txt"), "*"): Keys '*' sent to object: 'Object Repository/ADMIN/Edit Text/Bespoke/Buyer Pages/Search Result Page/input_FILTERS_filter-txt'

2020-03-20 14:09:29 - [MESSAGE][PASSED] - Keys '*' sent to object: 'Object Repository/ADMIN/Edit Text/Bespoke/Buyer Pages/Search Result Page/input_FILTERS_filter-txt'

2020-03-20 14:09:29 - [TEST_STEP][PASSED] - sendKeys(findTestObject("ADMIN/Edit Text/Bespoke/Buyer Pages/Search Result Page/input_PRICE RANGE_price-range"), "*"): Keys '*' sent to object: 'Object Repository/ADMIN/Edit Text/Bespoke/Buyer Pages/Search Result Page/input_PRICE RANGE_price-range'

2020-03-20 14:09:29 - [MESSAGE][PASSED] - Keys '*' sent to object: 'Object Repository/ADMIN/Edit Text/Bespoke/Buyer Pages/Search Result Page/input_PRICE RANGE_price-range'

2020-03-20 14:09:29 - [TEST_STEP][PASSED] - sendKeys(findTestObject("ADMIN/Edit Text/Bespoke/Buyer Pages/Search Result Page/input_RESET_btn_reset"), "*"): Keys '*' sent to object: 'Object Repository/ADMIN/Edit Text/Bespoke/Buyer Pages/Search Result Page/input_RESET_btn_reset'

2020-03-20 14:09:29 - [MESSAGE][PASSED] - Keys '*' sent to object: 'Object Repository/ADMIN/Edit Text/Bespoke/Buyer Pages/Search Result Page/input_RESET_btn_reset'

2020-03-20 14:09:29 - [TEST_STEP][PASSED] - sendKeys(findTestObject("ADMIN/Edit Text/Bespoke/Buyer Pages/Search Result Page/input_APPLY_btn_apply"), "*"): Keys '*' sent to object: 'Object Repository/ADMIN/Edit Text/Bespoke/Buyer Pages/Search Result Page/input_APPLY_btn_apply'

2020-03-20 14:09:30 - [MESSAGE][PASSED] - Keys '*' sent to object: 'Object Repository/ADMIN/Edit Text/Bespoke/Buyer Pages/Search Result Page/input_APPLY_btn_apply'

2020-03-20 14:09:30 - [TEST_STEP][PASSED] - sendKeys(findTestObject("ADMIN/Edit Text/Bespoke/Buyer Pages/Search Result Page/input_Relevance_relevance"), "*"): Keys '*' sent to object: 'Object Repository/ADMIN/Edit Text/Bespoke/Buyer Pages/Search Result Page/input_Relevance_relevance'

2020-03-20 14:09:30 - [MESSAGE][PASSED] - Keys '*' sent to object: 'Object Repository/ADMIN/Edit Text/Bespoke/Buyer Pages/Search Result Page/input_Relevance_relevance'

2020-03-20 14:09:30 - [TEST_STEP][PASSED] - sendKeys(findTestObject("ADMIN/Edit Text/Bespoke/Buyer Pages/Search Result Page/input_Item-Oldest_item-oldest"), "*"): Keys '*' sent to object: 'Object Repository/ADMIN/Edit Text/Bespoke/Buyer Pages/Search Result Page/input_Item-Oldest_item-oldest'

2020-03-20 14:09:30 - [MESSAGE][PASSED] - Keys '*' sent to object: 'Object Repository/ADMIN/Edit Text/Bespoke/Buyer Pages/Search Result Page/input_Item-Oldest_item-oldest'

2020-03-20 14:09:30 - [TEST_STEP][PASSED] - sendKeys(findTestObject("ADMIN/Edit Text/Bespoke/Buyer Pages/Search Result Page/input_Item-Newest_item-newest"), "*"): Keys '*' sent to object: 'Object Repository/ADMIN/Edit Text/Bespoke/Buyer Pages/Search Result Page/input_Item-Newest_item-newest'

2020-03-20 14:09:30 - [MESSAGE][PASSED] - Keys '*' sent to object: 'Object Repository/ADMIN/Edit Text/Bespoke/Buyer Pages/Search Result Page/input_Item-Newest_item-newest'

2020-03-20 14:09:30 - [TEST_STEP][PASSED] - sendKeys(findTestObject("ADMIN/Edit Text/Bespoke/Buyer Pages/Search Result Page/input_Price-Lowest_price-lowest"), "*"): Keys '*' sent to object: 'Object Repository/ADMIN/Edit Text/Bespoke/Buyer Pages/Search Result Page/input_Price-Lowest_price-lowest'

2020-03-20 14:09:30 - [MESSAGE][PASSED] - Keys '*' sent to object: 'Object Repository/ADMIN/Edit Text/Bespoke/Buyer Pages/Search Result Page/input_Price-Lowest_price-lowest'

2020-03-20 14:09:30 - [TEST_STEP][PASSED] - sendKeys(findTestObject("ADMIN/Edit Text/Bespoke/Buyer Pages/Search Result Page/input_Price-Highest_price-highest"), "*"): Keys '*' sent to object: 'Object Repository/ADMIN/Edit Text/Bespoke/Buyer Pages/Search Result Page/input_Price-Highest_price-highest'

2020-03-20 14:09:30 - [MESSAGE][PASSED] - Keys '*' sent to object: 'Object Repository/ADMIN/Edit Text/Bespoke/Buyer Pages/Search Result Page/input_Price-Highest_price-highest'

2020-03-20 14:09:30 - [TEST_STEP][PASSED] - sendKeys(findTestObject("ADMIN/Edit Text/Bespoke/Buyer Pages/Search Result Page/input_Name-Ascending_name-ascending"), "*"): Keys '*' sent to object: 'Object Repository/ADMIN/Edit Text/Bespoke/Buyer Pages/Search Result Page/input_Name-Ascending_name-ascending'

2020-03-20 14:09:31 - [MESSAGE][PASSED] - Keys '*' sent to object: 'Object Repository/ADMIN/Edit Text/Bespoke/Buyer Pages/Search Result Page/input_Name-Ascending_name-ascending'

2020-03-20 14:09:31 - [TEST_STEP][PASSED] - sendKeys(findTestObject("ADMIN/Edit Text/Bespoke/Buyer Pages/Search Result Page/input_Name-Descending_name-decending"), "*"): Keys '*' sent to object: 'Object Repository/ADMIN/Edit Text/Bespoke/Buyer Pages/Search Result Page/input_Name-Descending_name-decending'

2020-03-20 14:09:31 - [MESSAGE][PASSED] - Keys '*' sent to object: 'Object Repository/ADMIN/Edit Text/Bespoke/Buyer Pages/Search Result Page/input_Name-Descending_name-decending'

2020-03-20 14:09:31 - [TEST_STEP][PASSED] - sendKeys(findTestObject("ADMIN/Edit Text/Bespoke/Buyer Pages/Search Result Page/input_RATING-HIGHEST_rating_highest"), "*"): Keys '*' sent to object: 'Object Repository/ADMIN/Edit Text/Bespoke/Buyer Pages/Search Result Page/input_RATING-HIGHEST_rating_highest'

2020-03-20 14:09:31 - [MESSAGE][PASSED] - Keys '*' sent to object: 'Object Repository/ADMIN/Edit Text/Bespoke/Buyer Pages/Search Result Page/input_RATING-HIGHEST_rating_highest'

2020-03-20 14:09:31 - [TEST_STEP][PASSED] - sendKeys(findTestObject("ADMIN/Edit Text/Bespoke/Buyer Pages/Search Result Page/input_RATING-LOWEST_rating_highest"), "*"): Keys '*' sent to object: 'Object Repository/ADMIN/Edit Text/Bespoke/Buyer Pages/Search Result Page/input_RATING-LOWEST_rating_highest'

2020-03-20 14:09:32 - [MESSAGE][PASSED] - Keys '*' sent to object: 'Object Repository/ADMIN/Edit Text/Bespoke/Buyer Pages/Search Result Page/input_RATING-LOWEST_rating_highest'

2020-03-20 14:09:32 - [TEST_STEP][PASSED] - sendKeys(findTestObject("ADMIN/Edit Text/Bespoke/Buyer Pages/Search Result Page/input_Sorry_search-no-result-title"), "*"): Keys '*' sent to object: 'Object Repository/ADMIN/Edit Text/Bespoke/Buyer Pages/Search Result Page/input_Sorry_search-no-result-title'

2020-03-20 14:09:32 - [MESSAGE][PASSED] - Keys '*' sent to object: 'Object Repository/ADMIN/Edit Text/Bespoke/Buyer Pages/Search Result Page/input_Sorry_search-no-result-title'

2020-03-20 14:09:32 - [TEST_STEP][PASSED] - sendKeys(findTestObject("ADMIN/Edit Text/Bespoke/Buyer Pages/Search Result Page/textarea_Seems like no matches were found Alternatively check out what others are looking at below"), "*"): Keys '*' sent to object: 'Object Repository/ADMIN/Edit Text/Bespoke/Buyer Pages/Search Result Page/textarea_Seems like no matches were found Alternatively check out what others are looking at below'

2020-03-20 14:09:32 - [MESSAGE][PASSED] - Keys '*' sent to object: 'Object Repository/ADMIN/Edit Text/Bespoke/Buyer Pages/Search Result Page/textarea_Seems like no matches were found Alternatively check out what others are looking at below'

2020-03-20 14:09:32 - [TEST_STEP][PASSED] - click(findTestObject("ADMIN/Edit Text/Bespoke/Buyer Pages/Homepage/button_save"), CONTINUE_ON_FAILURE): Object: 'Object Repository/ADMIN/Edit Text/Bespoke/Buyer Pages/Homepage/button_save' is clicked on

2020-03-20 14:09:32 - [MESSAGE][PASSED] - Object: 'Object Repository/ADMIN/Edit Text/Bespoke/Buyer Pages/Homepage/button_save' is clicked on

2020-03-20 14:09:32 - [TEST_STEP][PASSED] - waitForElementVisible(findTestObject("ADMIN/Edit Text/Bespoke/Buyer Pages/Homepage/toaster_success"), 0): Object 'Object Repository/ADMIN/Edit Text/Bespoke/Buyer Pages/Homepage/toaster_success' is visible

2020-03-20 14:09:32 - [MESSAGE][WARNING] - Timeout '0' is invalid. Using default page load timeout: '30'

2020-03-20 14:09:33 - [MESSAGE][PASSED] - Object 'Object Repository/ADMIN/Edit Text/Bespoke/Buyer Pages/Homepage/toaster_success' is visible]]></system-out>
         <system-err><![CDATA[]]></system-err>
      </testcase>
      <testcase name="Test Cases/ADMIN/Language/Edit Text/Bespoke/Buyer Pages/Search Result Page" time="6.848" classname="Test Cases/ADMIN/Language/Edit Text/Bespoke/Buyer Pages/Search Result Page" status="PASSED">
         <system-out><![CDATA[2020-03-20 14:09:33 - [TEST_CASE][PASSED] - Test Cases/ADMIN/Language/Edit Text/Bespoke/Buyer Pages/Search Result Page: Test Cases/ADMIN/Language/Edit Text/Bespoke/Buyer Pages/Search Result Page

2020-03-20 14:09:33 - [TEST_STEP][PASSED] - waitForElementVisible(findTestObject("ADMIN/Edit Text/Bespoke/Buyer Navigation/dd_language"), 0): Object 'Object Repository/ADMIN/Edit Text/Bespoke/Buyer Navigation/dd_language' is visible

2020-03-20 14:09:33 - [MESSAGE][WARNING] - Timeout '0' is invalid. Using default page load timeout: '30'

2020-03-20 14:09:33 - [MESSAGE][PASSED] - Object 'Object Repository/ADMIN/Edit Text/Bespoke/Buyer Navigation/dd_language' is visible

2020-03-20 14:09:33 - [TEST_STEP][PASSED] - selectOptionByLabel(findTestObject("ADMIN/Edit Text/Bespoke/Buyer Navigation/dd_language"), varLanguage, false): All options with label 'Spanish' are selected in object 'Object Repository/ADMIN/Edit Text/Bespoke/Buyer Navigation/dd_language' 

2020-03-20 14:09:34 - [MESSAGE][PASSED] - All options with label 'Spanish' are selected in object 'Object Repository/ADMIN/Edit Text/Bespoke/Buyer Navigation/dd_language' 

2020-03-20 14:09:34 - [TEST_STEP][PASSED] - sendKeys(findTestObject("ADMIN/Edit Text/Bespoke/Buyer Pages/Search Result Page/input_ALL CATEGORIES_all-categories"), "*"): Keys '*' sent to object: 'Object Repository/ADMIN/Edit Text/Bespoke/Buyer Pages/Search Result Page/input_ALL CATEGORIES_all-categories'

2020-03-20 14:09:35 - [MESSAGE][PASSED] - Keys '*' sent to object: 'Object Repository/ADMIN/Edit Text/Bespoke/Buyer Pages/Search Result Page/input_ALL CATEGORIES_all-categories'

2020-03-20 14:09:35 - [TEST_STEP][PASSED] - sendKeys(findTestObject("ADMIN/Edit Text/Bespoke/Buyer Pages/Search Result Page/input_SEARCH_search"), "*"): Keys '*' sent to object: 'Object Repository/ADMIN/Edit Text/Bespoke/Buyer Pages/Search Result Page/input_SEARCH_search'

2020-03-20 14:09:35 - [MESSAGE][PASSED] - Keys '*' sent to object: 'Object Repository/ADMIN/Edit Text/Bespoke/Buyer Pages/Search Result Page/input_SEARCH_search'

2020-03-20 14:09:35 - [TEST_STEP][PASSED] - sendKeys(findTestObject("ADMIN/Edit Text/Bespoke/Buyer Pages/Search Result Page/input_All of (category)_search-allof"), "*"): Keys '*' sent to object: 'Object Repository/ADMIN/Edit Text/Bespoke/Buyer Pages/Search Result Page/input_All of (category)_search-allof'

2020-03-20 14:09:35 - [MESSAGE][PASSED] - Keys '*' sent to object: 'Object Repository/ADMIN/Edit Text/Bespoke/Buyer Pages/Search Result Page/input_All of (category)_search-allof'

2020-03-20 14:09:35 - [TEST_STEP][PASSED] - sendKeys(findTestObject("ADMIN/Edit Text/Bespoke/Buyer Pages/Search Result Page/input_Search result for_search-result"), "*"): Keys '*' sent to object: 'Object Repository/ADMIN/Edit Text/Bespoke/Buyer Pages/Search Result Page/input_Search result for_search-result'

2020-03-20 14:09:36 - [MESSAGE][PASSED] - Keys '*' sent to object: 'Object Repository/ADMIN/Edit Text/Bespoke/Buyer Pages/Search Result Page/input_Search result for_search-result'

2020-03-20 14:09:36 - [TEST_STEP][PASSED] - sendKeys(findTestObject("ADMIN/Edit Text/Bespoke/Buyer Pages/Search Result Page/input_Items found_item-found"), "*"): Keys '*' sent to object: 'Object Repository/ADMIN/Edit Text/Bespoke/Buyer Pages/Search Result Page/input_Items found_item-found'

2020-03-20 14:09:36 - [MESSAGE][PASSED] - Keys '*' sent to object: 'Object Repository/ADMIN/Edit Text/Bespoke/Buyer Pages/Search Result Page/input_Items found_item-found'

2020-03-20 14:09:36 - [TEST_STEP][PASSED] - sendKeys(findTestObject("ADMIN/Edit Text/Bespoke/Buyer Pages/Search Result Page/input_FILTERS_filter-txt"), "*"): Keys '*' sent to object: 'Object Repository/ADMIN/Edit Text/Bespoke/Buyer Pages/Search Result Page/input_FILTERS_filter-txt'

2020-03-20 14:09:36 - [MESSAGE][PASSED] - Keys '*' sent to object: 'Object Repository/ADMIN/Edit Text/Bespoke/Buyer Pages/Search Result Page/input_FILTERS_filter-txt'

2020-03-20 14:09:36 - [TEST_STEP][PASSED] - sendKeys(findTestObject("ADMIN/Edit Text/Bespoke/Buyer Pages/Search Result Page/input_PRICE RANGE_price-range"), "*"): Keys '*' sent to object: 'Object Repository/ADMIN/Edit Text/Bespoke/Buyer Pages/Search Result Page/input_PRICE RANGE_price-range'

2020-03-20 14:09:36 - [MESSAGE][PASSED] - Keys '*' sent to object: 'Object Repository/ADMIN/Edit Text/Bespoke/Buyer Pages/Search Result Page/input_PRICE RANGE_price-range'

2020-03-20 14:09:36 - [TEST_STEP][PASSED] - sendKeys(findTestObject("ADMIN/Edit Text/Bespoke/Buyer Pages/Search Result Page/input_RESET_btn_reset"), "*"): Keys '*' sent to object: 'Object Repository/ADMIN/Edit Text/Bespoke/Buyer Pages/Search Result Page/input_RESET_btn_reset'

2020-03-20 14:09:36 - [MESSAGE][PASSED] - Keys '*' sent to object: 'Object Repository/ADMIN/Edit Text/Bespoke/Buyer Pages/Search Result Page/input_RESET_btn_reset'

2020-03-20 14:09:36 - [TEST_STEP][PASSED] - sendKeys(findTestObject("ADMIN/Edit Text/Bespoke/Buyer Pages/Search Result Page/input_APPLY_btn_apply"), "*"): Keys '*' sent to object: 'Object Repository/ADMIN/Edit Text/Bespoke/Buyer Pages/Search Result Page/input_APPLY_btn_apply'

2020-03-20 14:09:37 - [MESSAGE][PASSED] - Keys '*' sent to object: 'Object Repository/ADMIN/Edit Text/Bespoke/Buyer Pages/Search Result Page/input_APPLY_btn_apply'

2020-03-20 14:09:37 - [TEST_STEP][PASSED] - sendKeys(findTestObject("ADMIN/Edit Text/Bespoke/Buyer Pages/Search Result Page/input_Relevance_relevance"), "*"): Keys '*' sent to object: 'Object Repository/ADMIN/Edit Text/Bespoke/Buyer Pages/Search Result Page/input_Relevance_relevance'

2020-03-20 14:09:37 - [MESSAGE][PASSED] - Keys '*' sent to object: 'Object Repository/ADMIN/Edit Text/Bespoke/Buyer Pages/Search Result Page/input_Relevance_relevance'

2020-03-20 14:09:37 - [TEST_STEP][PASSED] - sendKeys(findTestObject("ADMIN/Edit Text/Bespoke/Buyer Pages/Search Result Page/input_Item-Oldest_item-oldest"), "*"): Keys '*' sent to object: 'Object Repository/ADMIN/Edit Text/Bespoke/Buyer Pages/Search Result Page/input_Item-Oldest_item-oldest'

2020-03-20 14:09:37 - [MESSAGE][PASSED] - Keys '*' sent to object: 'Object Repository/ADMIN/Edit Text/Bespoke/Buyer Pages/Search Result Page/input_Item-Oldest_item-oldest'

2020-03-20 14:09:37 - [TEST_STEP][PASSED] - sendKeys(findTestObject("ADMIN/Edit Text/Bespoke/Buyer Pages/Search Result Page/input_Item-Newest_item-newest"), "*"): Keys '*' sent to object: 'Object Repository/ADMIN/Edit Text/Bespoke/Buyer Pages/Search Result Page/input_Item-Newest_item-newest'

2020-03-20 14:09:37 - [MESSAGE][PASSED] - Keys '*' sent to object: 'Object Repository/ADMIN/Edit Text/Bespoke/Buyer Pages/Search Result Page/input_Item-Newest_item-newest'

2020-03-20 14:09:37 - [TEST_STEP][PASSED] - sendKeys(findTestObject("ADMIN/Edit Text/Bespoke/Buyer Pages/Search Result Page/input_Price-Lowest_price-lowest"), "*"): Keys '*' sent to object: 'Object Repository/ADMIN/Edit Text/Bespoke/Buyer Pages/Search Result Page/input_Price-Lowest_price-lowest'

2020-03-20 14:09:37 - [MESSAGE][PASSED] - Keys '*' sent to object: 'Object Repository/ADMIN/Edit Text/Bespoke/Buyer Pages/Search Result Page/input_Price-Lowest_price-lowest'

2020-03-20 14:09:37 - [TEST_STEP][PASSED] - sendKeys(findTestObject("ADMIN/Edit Text/Bespoke/Buyer Pages/Search Result Page/input_Price-Highest_price-highest"), "*"): Keys '*' sent to object: 'Object Repository/ADMIN/Edit Text/Bespoke/Buyer Pages/Search Result Page/input_Price-Highest_price-highest'

2020-03-20 14:09:37 - [MESSAGE][PASSED] - Keys '*' sent to object: 'Object Repository/ADMIN/Edit Text/Bespoke/Buyer Pages/Search Result Page/input_Price-Highest_price-highest'

2020-03-20 14:09:37 - [TEST_STEP][PASSED] - sendKeys(findTestObject("ADMIN/Edit Text/Bespoke/Buyer Pages/Search Result Page/input_Name-Ascending_name-ascending"), "*"): Keys '*' sent to object: 'Object Repository/ADMIN/Edit Text/Bespoke/Buyer Pages/Search Result Page/input_Name-Ascending_name-ascending'

2020-03-20 14:09:38 - [MESSAGE][PASSED] - Keys '*' sent to object: 'Object Repository/ADMIN/Edit Text/Bespoke/Buyer Pages/Search Result Page/input_Name-Ascending_name-ascending'

2020-03-20 14:09:38 - [TEST_STEP][PASSED] - sendKeys(findTestObject("ADMIN/Edit Text/Bespoke/Buyer Pages/Search Result Page/input_Name-Descending_name-decending"), "*"): Keys '*' sent to object: 'Object Repository/ADMIN/Edit Text/Bespoke/Buyer Pages/Search Result Page/input_Name-Descending_name-decending'

2020-03-20 14:09:38 - [MESSAGE][PASSED] - Keys '*' sent to object: 'Object Repository/ADMIN/Edit Text/Bespoke/Buyer Pages/Search Result Page/input_Name-Descending_name-decending'

2020-03-20 14:09:38 - [TEST_STEP][PASSED] - sendKeys(findTestObject("ADMIN/Edit Text/Bespoke/Buyer Pages/Search Result Page/input_RATING-HIGHEST_rating_highest"), "*"): Keys '*' sent to object: 'Object Repository/ADMIN/Edit Text/Bespoke/Buyer Pages/Search Result Page/input_RATING-HIGHEST_rating_highest'

2020-03-20 14:09:38 - [MESSAGE][PASSED] - Keys '*' sent to object: 'Object Repository/ADMIN/Edit Text/Bespoke/Buyer Pages/Search Result Page/input_RATING-HIGHEST_rating_highest'

2020-03-20 14:09:38 - [TEST_STEP][PASSED] - sendKeys(findTestObject("ADMIN/Edit Text/Bespoke/Buyer Pages/Search Result Page/input_RATING-LOWEST_rating_highest"), "*"): Keys '*' sent to object: 'Object Repository/ADMIN/Edit Text/Bespoke/Buyer Pages/Search Result Page/input_RATING-LOWEST_rating_highest'

2020-03-20 14:09:39 - [MESSAGE][PASSED] - Keys '*' sent to object: 'Object Repository/ADMIN/Edit Text/Bespoke/Buyer Pages/Search Result Page/input_RATING-LOWEST_rating_highest'

2020-03-20 14:09:39 - [TEST_STEP][PASSED] - sendKeys(findTestObject("ADMIN/Edit Text/Bespoke/Buyer Pages/Search Result Page/input_Sorry_search-no-result-title"), "*"): Keys '*' sent to object: 'Object Repository/ADMIN/Edit Text/Bespoke/Buyer Pages/Search Result Page/input_Sorry_search-no-result-title'

2020-03-20 14:09:39 - [MESSAGE][PASSED] - Keys '*' sent to object: 'Object Repository/ADMIN/Edit Text/Bespoke/Buyer Pages/Search Result Page/input_Sorry_search-no-result-title'

2020-03-20 14:09:39 - [TEST_STEP][PASSED] - sendKeys(findTestObject("ADMIN/Edit Text/Bespoke/Buyer Pages/Search Result Page/textarea_Seems like no matches were found Alternatively check out what others are looking at below"), "*"): Keys '*' sent to object: 'Object Repository/ADMIN/Edit Text/Bespoke/Buyer Pages/Search Result Page/textarea_Seems like no matches were found Alternatively check out what others are looking at below'

2020-03-20 14:09:39 - [MESSAGE][PASSED] - Keys '*' sent to object: 'Object Repository/ADMIN/Edit Text/Bespoke/Buyer Pages/Search Result Page/textarea_Seems like no matches were found Alternatively check out what others are looking at below'

2020-03-20 14:09:39 - [TEST_STEP][PASSED] - click(findTestObject("ADMIN/Edit Text/Bespoke/Buyer Pages/Homepage/button_save"), CONTINUE_ON_FAILURE): Object: 'Object Repository/ADMIN/Edit Text/Bespoke/Buyer Pages/Homepage/button_save' is clicked on

2020-03-20 14:09:39 - [MESSAGE][PASSED] - Object: 'Object Repository/ADMIN/Edit Text/Bespoke/Buyer Pages/Homepage/button_save' is clicked on

2020-03-20 14:09:39 - [TEST_STEP][PASSED] - waitForElementVisible(findTestObject("ADMIN/Edit Text/Bespoke/Buyer Pages/Homepage/toaster_success"), 0): Object 'Object Repository/ADMIN/Edit Text/Bespoke/Buyer Pages/Homepage/toaster_success' is visible

2020-03-20 14:09:39 - [MESSAGE][WARNING] - Timeout '0' is invalid. Using default page load timeout: '30'

2020-03-20 14:09:40 - [MESSAGE][PASSED] - Object 'Object Repository/ADMIN/Edit Text/Bespoke/Buyer Pages/Homepage/toaster_success' is visible]]></system-out>
         <system-err><![CDATA[]]></system-err>
      </testcase>
      <testcase name="Test Cases/ADMIN/Language/Edit Text/Bespoke/Buyer Pages/Search Result Page" time="7.624" classname="Test Cases/ADMIN/Language/Edit Text/Bespoke/Buyer Pages/Search Result Page" status="PASSED">
         <system-out><![CDATA[2020-03-20 14:09:40 - [TEST_CASE][PASSED] - Test Cases/ADMIN/Language/Edit Text/Bespoke/Buyer Pages/Search Result Page: Test Cases/ADMIN/Language/Edit Text/Bespoke/Buyer Pages/Search Result Page

2020-03-20 14:09:40 - [TEST_STEP][PASSED] - waitForElementVisible(findTestObject("ADMIN/Edit Text/Bespoke/Buyer Navigation/dd_language"), 0): Object 'Object Repository/ADMIN/Edit Text/Bespoke/Buyer Navigation/dd_language' is visible

2020-03-20 14:09:40 - [MESSAGE][WARNING] - Timeout '0' is invalid. Using default page load timeout: '30'

2020-03-20 14:09:40 - [MESSAGE][PASSED] - Object 'Object Repository/ADMIN/Edit Text/Bespoke/Buyer Navigation/dd_language' is visible

2020-03-20 14:09:40 - [TEST_STEP][PASSED] - selectOptionByLabel(findTestObject("ADMIN/Edit Text/Bespoke/Buyer Navigation/dd_language"), varLanguage, false): All options with label 'Hindi' are selected in object 'Object Repository/ADMIN/Edit Text/Bespoke/Buyer Navigation/dd_language' 

2020-03-20 14:09:41 - [MESSAGE][PASSED] - All options with label 'Hindi' are selected in object 'Object Repository/ADMIN/Edit Text/Bespoke/Buyer Navigation/dd_language' 

2020-03-20 14:09:41 - [TEST_STEP][PASSED] - sendKeys(findTestObject("ADMIN/Edit Text/Bespoke/Buyer Pages/Search Result Page/input_ALL CATEGORIES_all-categories"), "*"): Keys '*' sent to object: 'Object Repository/ADMIN/Edit Text/Bespoke/Buyer Pages/Search Result Page/input_ALL CATEGORIES_all-categories'

2020-03-20 14:09:41 - [MESSAGE][PASSED] - Keys '*' sent to object: 'Object Repository/ADMIN/Edit Text/Bespoke/Buyer Pages/Search Result Page/input_ALL CATEGORIES_all-categories'

2020-03-20 14:09:41 - [TEST_STEP][PASSED] - sendKeys(findTestObject("ADMIN/Edit Text/Bespoke/Buyer Pages/Search Result Page/input_SEARCH_search"), "*"): Keys '*' sent to object: 'Object Repository/ADMIN/Edit Text/Bespoke/Buyer Pages/Search Result Page/input_SEARCH_search'

2020-03-20 14:09:42 - [MESSAGE][PASSED] - Keys '*' sent to object: 'Object Repository/ADMIN/Edit Text/Bespoke/Buyer Pages/Search Result Page/input_SEARCH_search'

2020-03-20 14:09:42 - [TEST_STEP][PASSED] - sendKeys(findTestObject("ADMIN/Edit Text/Bespoke/Buyer Pages/Search Result Page/input_All of (category)_search-allof"), "*"): Keys '*' sent to object: 'Object Repository/ADMIN/Edit Text/Bespoke/Buyer Pages/Search Result Page/input_All of (category)_search-allof'

2020-03-20 14:09:42 - [MESSAGE][PASSED] - Keys '*' sent to object: 'Object Repository/ADMIN/Edit Text/Bespoke/Buyer Pages/Search Result Page/input_All of (category)_search-allof'

2020-03-20 14:09:42 - [TEST_STEP][PASSED] - sendKeys(findTestObject("ADMIN/Edit Text/Bespoke/Buyer Pages/Search Result Page/input_Search result for_search-result"), "*"): Keys '*' sent to object: 'Object Repository/ADMIN/Edit Text/Bespoke/Buyer Pages/Search Result Page/input_Search result for_search-result'

2020-03-20 14:09:42 - [MESSAGE][PASSED] - Keys '*' sent to object: 'Object Repository/ADMIN/Edit Text/Bespoke/Buyer Pages/Search Result Page/input_Search result for_search-result'

2020-03-20 14:09:42 - [TEST_STEP][PASSED] - sendKeys(findTestObject("ADMIN/Edit Text/Bespoke/Buyer Pages/Search Result Page/input_Items found_item-found"), "*"): Keys '*' sent to object: 'Object Repository/ADMIN/Edit Text/Bespoke/Buyer Pages/Search Result Page/input_Items found_item-found'

2020-03-20 14:09:42 - [MESSAGE][PASSED] - Keys '*' sent to object: 'Object Repository/ADMIN/Edit Text/Bespoke/Buyer Pages/Search Result Page/input_Items found_item-found'

2020-03-20 14:09:42 - [TEST_STEP][PASSED] - sendKeys(findTestObject("ADMIN/Edit Text/Bespoke/Buyer Pages/Search Result Page/input_FILTERS_filter-txt"), "*"): Keys '*' sent to object: 'Object Repository/ADMIN/Edit Text/Bespoke/Buyer Pages/Search Result Page/input_FILTERS_filter-txt'

2020-03-20 14:09:42 - [MESSAGE][PASSED] - Keys '*' sent to object: 'Object Repository/ADMIN/Edit Text/Bespoke/Buyer Pages/Search Result Page/input_FILTERS_filter-txt'

2020-03-20 14:09:42 - [TEST_STEP][PASSED] - sendKeys(findTestObject("ADMIN/Edit Text/Bespoke/Buyer Pages/Search Result Page/input_PRICE RANGE_price-range"), "*"): Keys '*' sent to object: 'Object Repository/ADMIN/Edit Text/Bespoke/Buyer Pages/Search Result Page/input_PRICE RANGE_price-range'

2020-03-20 14:09:43 - [MESSAGE][PASSED] - Keys '*' sent to object: 'Object Repository/ADMIN/Edit Text/Bespoke/Buyer Pages/Search Result Page/input_PRICE RANGE_price-range'

2020-03-20 14:09:43 - [TEST_STEP][PASSED] - sendKeys(findTestObject("ADMIN/Edit Text/Bespoke/Buyer Pages/Search Result Page/input_RESET_btn_reset"), "*"): Keys '*' sent to object: 'Object Repository/ADMIN/Edit Text/Bespoke/Buyer Pages/Search Result Page/input_RESET_btn_reset'

2020-03-20 14:09:43 - [MESSAGE][PASSED] - Keys '*' sent to object: 'Object Repository/ADMIN/Edit Text/Bespoke/Buyer Pages/Search Result Page/input_RESET_btn_reset'

2020-03-20 14:09:43 - [TEST_STEP][PASSED] - sendKeys(findTestObject("ADMIN/Edit Text/Bespoke/Buyer Pages/Search Result Page/input_APPLY_btn_apply"), "*"): Keys '*' sent to object: 'Object Repository/ADMIN/Edit Text/Bespoke/Buyer Pages/Search Result Page/input_APPLY_btn_apply'

2020-03-20 14:09:44 - [MESSAGE][PASSED] - Keys '*' sent to object: 'Object Repository/ADMIN/Edit Text/Bespoke/Buyer Pages/Search Result Page/input_APPLY_btn_apply'

2020-03-20 14:09:44 - [TEST_STEP][PASSED] - sendKeys(findTestObject("ADMIN/Edit Text/Bespoke/Buyer Pages/Search Result Page/input_Relevance_relevance"), "*"): Keys '*' sent to object: 'Object Repository/ADMIN/Edit Text/Bespoke/Buyer Pages/Search Result Page/input_Relevance_relevance'

2020-03-20 14:09:44 - [MESSAGE][PASSED] - Keys '*' sent to object: 'Object Repository/ADMIN/Edit Text/Bespoke/Buyer Pages/Search Result Page/input_Relevance_relevance'

2020-03-20 14:09:44 - [TEST_STEP][PASSED] - sendKeys(findTestObject("ADMIN/Edit Text/Bespoke/Buyer Pages/Search Result Page/input_Item-Oldest_item-oldest"), "*"): Keys '*' sent to object: 'Object Repository/ADMIN/Edit Text/Bespoke/Buyer Pages/Search Result Page/input_Item-Oldest_item-oldest'

2020-03-20 14:09:44 - [MESSAGE][PASSED] - Keys '*' sent to object: 'Object Repository/ADMIN/Edit Text/Bespoke/Buyer Pages/Search Result Page/input_Item-Oldest_item-oldest'

2020-03-20 14:09:44 - [TEST_STEP][PASSED] - sendKeys(findTestObject("ADMIN/Edit Text/Bespoke/Buyer Pages/Search Result Page/input_Item-Newest_item-newest"), "*"): Keys '*' sent to object: 'Object Repository/ADMIN/Edit Text/Bespoke/Buyer Pages/Search Result Page/input_Item-Newest_item-newest'

2020-03-20 14:09:44 - [MESSAGE][PASSED] - Keys '*' sent to object: 'Object Repository/ADMIN/Edit Text/Bespoke/Buyer Pages/Search Result Page/input_Item-Newest_item-newest'

2020-03-20 14:09:44 - [TEST_STEP][PASSED] - sendKeys(findTestObject("ADMIN/Edit Text/Bespoke/Buyer Pages/Search Result Page/input_Price-Lowest_price-lowest"), "*"): Keys '*' sent to object: 'Object Repository/ADMIN/Edit Text/Bespoke/Buyer Pages/Search Result Page/input_Price-Lowest_price-lowest'

2020-03-20 14:09:45 - [MESSAGE][PASSED] - Keys '*' sent to object: 'Object Repository/ADMIN/Edit Text/Bespoke/Buyer Pages/Search Result Page/input_Price-Lowest_price-lowest'

2020-03-20 14:09:45 - [TEST_STEP][PASSED] - sendKeys(findTestObject("ADMIN/Edit Text/Bespoke/Buyer Pages/Search Result Page/input_Price-Highest_price-highest"), "*"): Keys '*' sent to object: 'Object Repository/ADMIN/Edit Text/Bespoke/Buyer Pages/Search Result Page/input_Price-Highest_price-highest'

2020-03-20 14:09:45 - [MESSAGE][PASSED] - Keys '*' sent to object: 'Object Repository/ADMIN/Edit Text/Bespoke/Buyer Pages/Search Result Page/input_Price-Highest_price-highest'

2020-03-20 14:09:45 - [TEST_STEP][PASSED] - sendKeys(findTestObject("ADMIN/Edit Text/Bespoke/Buyer Pages/Search Result Page/input_Name-Ascending_name-ascending"), "*"): Keys '*' sent to object: 'Object Repository/ADMIN/Edit Text/Bespoke/Buyer Pages/Search Result Page/input_Name-Ascending_name-ascending'

2020-03-20 14:09:45 - [MESSAGE][PASSED] - Keys '*' sent to object: 'Object Repository/ADMIN/Edit Text/Bespoke/Buyer Pages/Search Result Page/input_Name-Ascending_name-ascending'

2020-03-20 14:09:45 - [TEST_STEP][PASSED] - sendKeys(findTestObject("ADMIN/Edit Text/Bespoke/Buyer Pages/Search Result Page/input_Name-Descending_name-decending"), "*"): Keys '*' sent to object: 'Object Repository/ADMIN/Edit Text/Bespoke/Buyer Pages/Search Result Page/input_Name-Descending_name-decending'

2020-03-20 14:09:45 - [MESSAGE][PASSED] - Keys '*' sent to object: 'Object Repository/ADMIN/Edit Text/Bespoke/Buyer Pages/Search Result Page/input_Name-Descending_name-decending'

2020-03-20 14:09:45 - [TEST_STEP][PASSED] - sendKeys(findTestObject("ADMIN/Edit Text/Bespoke/Buyer Pages/Search Result Page/input_RATING-HIGHEST_rating_highest"), "*"): Keys '*' sent to object: 'Object Repository/ADMIN/Edit Text/Bespoke/Buyer Pages/Search Result Page/input_RATING-HIGHEST_rating_highest'

2020-03-20 14:09:45 - [MESSAGE][PASSED] - Keys '*' sent to object: 'Object Repository/ADMIN/Edit Text/Bespoke/Buyer Pages/Search Result Page/input_RATING-HIGHEST_rating_highest'

2020-03-20 14:09:45 - [TEST_STEP][PASSED] - sendKeys(findTestObject("ADMIN/Edit Text/Bespoke/Buyer Pages/Search Result Page/input_RATING-LOWEST_rating_highest"), "*"): Keys '*' sent to object: 'Object Repository/ADMIN/Edit Text/Bespoke/Buyer Pages/Search Result Page/input_RATING-LOWEST_rating_highest'

2020-03-20 14:09:46 - [MESSAGE][PASSED] - Keys '*' sent to object: 'Object Repository/ADMIN/Edit Text/Bespoke/Buyer Pages/Search Result Page/input_RATING-LOWEST_rating_highest'

2020-03-20 14:09:46 - [TEST_STEP][PASSED] - sendKeys(findTestObject("ADMIN/Edit Text/Bespoke/Buyer Pages/Search Result Page/input_Sorry_search-no-result-title"), "*"): Keys '*' sent to object: 'Object Repository/ADMIN/Edit Text/Bespoke/Buyer Pages/Search Result Page/input_Sorry_search-no-result-title'

2020-03-20 14:09:46 - [MESSAGE][PASSED] - Keys '*' sent to object: 'Object Repository/ADMIN/Edit Text/Bespoke/Buyer Pages/Search Result Page/input_Sorry_search-no-result-title'

2020-03-20 14:09:46 - [TEST_STEP][PASSED] - sendKeys(findTestObject("ADMIN/Edit Text/Bespoke/Buyer Pages/Search Result Page/textarea_Seems like no matches were found Alternatively check out what others are looking at below"), "*"): Keys '*' sent to object: 'Object Repository/ADMIN/Edit Text/Bespoke/Buyer Pages/Search Result Page/textarea_Seems like no matches were found Alternatively check out what others are looking at below'

2020-03-20 14:09:46 - [MESSAGE][PASSED] - Keys '*' sent to object: 'Object Repository/ADMIN/Edit Text/Bespoke/Buyer Pages/Search Result Page/textarea_Seems like no matches were found Alternatively check out what others are looking at below'

2020-03-20 14:09:46 - [TEST_STEP][PASSED] - click(findTestObject("ADMIN/Edit Text/Bespoke/Buyer Pages/Homepage/button_save"), CONTINUE_ON_FAILURE): Object: 'Object Repository/ADMIN/Edit Text/Bespoke/Buyer Pages/Homepage/button_save' is clicked on

2020-03-20 14:09:47 - [MESSAGE][PASSED] - Object: 'Object Repository/ADMIN/Edit Text/Bespoke/Buyer Pages/Homepage/button_save' is clicked on

2020-03-20 14:09:47 - [TEST_STEP][PASSED] - waitForElementVisible(findTestObject("ADMIN/Edit Text/Bespoke/Buyer Pages/Homepage/toaster_success"), 0): Object 'Object Repository/ADMIN/Edit Text/Bespoke/Buyer Pages/Homepage/toaster_success' is visible

2020-03-20 14:09:47 - [MESSAGE][WARNING] - Timeout '0' is invalid. Using default page load timeout: '30'

2020-03-20 14:09:47 - [MESSAGE][PASSED] - Object 'Object Repository/ADMIN/Edit Text/Bespoke/Buyer Pages/Homepage/toaster_success' is visible]]></system-out>
         <system-err><![CDATA[]]></system-err>
      </testcase>
      <testcase name="Test Cases/ADMIN/Language/Edit Text/Bespoke/Buyer Pages/Search Result Page" time="6.182" classname="Test Cases/ADMIN/Language/Edit Text/Bespoke/Buyer Pages/Search Result Page" status="PASSED">
         <system-out><![CDATA[2020-03-20 14:09:47 - [TEST_CASE][PASSED] - Test Cases/ADMIN/Language/Edit Text/Bespoke/Buyer Pages/Search Result Page: Test Cases/ADMIN/Language/Edit Text/Bespoke/Buyer Pages/Search Result Page

2020-03-20 14:09:47 - [TEST_STEP][PASSED] - waitForElementVisible(findTestObject("ADMIN/Edit Text/Bespoke/Buyer Navigation/dd_language"), 0): Object 'Object Repository/ADMIN/Edit Text/Bespoke/Buyer Navigation/dd_language' is visible

2020-03-20 14:09:48 - [MESSAGE][WARNING] - Timeout '0' is invalid. Using default page load timeout: '30'

2020-03-20 14:09:48 - [MESSAGE][PASSED] - Object 'Object Repository/ADMIN/Edit Text/Bespoke/Buyer Navigation/dd_language' is visible

2020-03-20 14:09:48 - [TEST_STEP][PASSED] - selectOptionByLabel(findTestObject("ADMIN/Edit Text/Bespoke/Buyer Navigation/dd_language"), varLanguage, false): All options with label 'German' are selected in object 'Object Repository/ADMIN/Edit Text/Bespoke/Buyer Navigation/dd_language' 

2020-03-20 14:09:49 - [MESSAGE][PASSED] - All options with label 'German' are selected in object 'Object Repository/ADMIN/Edit Text/Bespoke/Buyer Navigation/dd_language' 

2020-03-20 14:09:49 - [TEST_STEP][PASSED] - sendKeys(findTestObject("ADMIN/Edit Text/Bespoke/Buyer Pages/Search Result Page/input_ALL CATEGORIES_all-categories"), "*"): Keys '*' sent to object: 'Object Repository/ADMIN/Edit Text/Bespoke/Buyer Pages/Search Result Page/input_ALL CATEGORIES_all-categories'

2020-03-20 14:09:49 - [MESSAGE][PASSED] - Keys '*' sent to object: 'Object Repository/ADMIN/Edit Text/Bespoke/Buyer Pages/Search Result Page/input_ALL CATEGORIES_all-categories'

2020-03-20 14:09:49 - [TEST_STEP][PASSED] - sendKeys(findTestObject("ADMIN/Edit Text/Bespoke/Buyer Pages/Search Result Page/input_SEARCH_search"), "*"): Keys '*' sent to object: 'Object Repository/ADMIN/Edit Text/Bespoke/Buyer Pages/Search Result Page/input_SEARCH_search'

2020-03-20 14:09:49 - [MESSAGE][PASSED] - Keys '*' sent to object: 'Object Repository/ADMIN/Edit Text/Bespoke/Buyer Pages/Search Result Page/input_SEARCH_search'

2020-03-20 14:09:49 - [TEST_STEP][PASSED] - sendKeys(findTestObject("ADMIN/Edit Text/Bespoke/Buyer Pages/Search Result Page/input_All of (category)_search-allof"), "*"): Keys '*' sent to object: 'Object Repository/ADMIN/Edit Text/Bespoke/Buyer Pages/Search Result Page/input_All of (category)_search-allof'

2020-03-20 14:09:50 - [MESSAGE][PASSED] - Keys '*' sent to object: 'Object Repository/ADMIN/Edit Text/Bespoke/Buyer Pages/Search Result Page/input_All of (category)_search-allof'

2020-03-20 14:09:50 - [TEST_STEP][PASSED] - sendKeys(findTestObject("ADMIN/Edit Text/Bespoke/Buyer Pages/Search Result Page/input_Search result for_search-result"), "*"): Keys '*' sent to object: 'Object Repository/ADMIN/Edit Text/Bespoke/Buyer Pages/Search Result Page/input_Search result for_search-result'

2020-03-20 14:09:50 - [MESSAGE][PASSED] - Keys '*' sent to object: 'Object Repository/ADMIN/Edit Text/Bespoke/Buyer Pages/Search Result Page/input_Search result for_search-result'

2020-03-20 14:09:50 - [TEST_STEP][PASSED] - sendKeys(findTestObject("ADMIN/Edit Text/Bespoke/Buyer Pages/Search Result Page/input_Items found_item-found"), "*"): Keys '*' sent to object: 'Object Repository/ADMIN/Edit Text/Bespoke/Buyer Pages/Search Result Page/input_Items found_item-found'

2020-03-20 14:09:50 - [MESSAGE][PASSED] - Keys '*' sent to object: 'Object Repository/ADMIN/Edit Text/Bespoke/Buyer Pages/Search Result Page/input_Items found_item-found'

2020-03-20 14:09:50 - [TEST_STEP][PASSED] - sendKeys(findTestObject("ADMIN/Edit Text/Bespoke/Buyer Pages/Search Result Page/input_FILTERS_filter-txt"), "*"): Keys '*' sent to object: 'Object Repository/ADMIN/Edit Text/Bespoke/Buyer Pages/Search Result Page/input_FILTERS_filter-txt'

2020-03-20 14:09:50 - [MESSAGE][PASSED] - Keys '*' sent to object: 'Object Repository/ADMIN/Edit Text/Bespoke/Buyer Pages/Search Result Page/input_FILTERS_filter-txt'

2020-03-20 14:09:50 - [TEST_STEP][PASSED] - sendKeys(findTestObject("ADMIN/Edit Text/Bespoke/Buyer Pages/Search Result Page/input_PRICE RANGE_price-range"), "*"): Keys '*' sent to object: 'Object Repository/ADMIN/Edit Text/Bespoke/Buyer Pages/Search Result Page/input_PRICE RANGE_price-range'

2020-03-20 14:09:51 - [MESSAGE][PASSED] - Keys '*' sent to object: 'Object Repository/ADMIN/Edit Text/Bespoke/Buyer Pages/Search Result Page/input_PRICE RANGE_price-range'

2020-03-20 14:09:51 - [TEST_STEP][PASSED] - sendKeys(findTestObject("ADMIN/Edit Text/Bespoke/Buyer Pages/Search Result Page/input_RESET_btn_reset"), "*"): Keys '*' sent to object: 'Object Repository/ADMIN/Edit Text/Bespoke/Buyer Pages/Search Result Page/input_RESET_btn_reset'

2020-03-20 14:09:51 - [MESSAGE][PASSED] - Keys '*' sent to object: 'Object Repository/ADMIN/Edit Text/Bespoke/Buyer Pages/Search Result Page/input_RESET_btn_reset'

2020-03-20 14:09:51 - [TEST_STEP][PASSED] - sendKeys(findTestObject("ADMIN/Edit Text/Bespoke/Buyer Pages/Search Result Page/input_APPLY_btn_apply"), "*"): Keys '*' sent to object: 'Object Repository/ADMIN/Edit Text/Bespoke/Buyer Pages/Search Result Page/input_APPLY_btn_apply'

2020-03-20 14:09:51 - [MESSAGE][PASSED] - Keys '*' sent to object: 'Object Repository/ADMIN/Edit Text/Bespoke/Buyer Pages/Search Result Page/input_APPLY_btn_apply'

2020-03-20 14:09:51 - [TEST_STEP][PASSED] - sendKeys(findTestObject("ADMIN/Edit Text/Bespoke/Buyer Pages/Search Result Page/input_Relevance_relevance"), "*"): Keys '*' sent to object: 'Object Repository/ADMIN/Edit Text/Bespoke/Buyer Pages/Search Result Page/input_Relevance_relevance'

2020-03-20 14:09:51 - [MESSAGE][PASSED] - Keys '*' sent to object: 'Object Repository/ADMIN/Edit Text/Bespoke/Buyer Pages/Search Result Page/input_Relevance_relevance'

2020-03-20 14:09:51 - [TEST_STEP][PASSED] - sendKeys(findTestObject("ADMIN/Edit Text/Bespoke/Buyer Pages/Search Result Page/input_Item-Oldest_item-oldest"), "*"): Keys '*' sent to object: 'Object Repository/ADMIN/Edit Text/Bespoke/Buyer Pages/Search Result Page/input_Item-Oldest_item-oldest'

2020-03-20 14:09:51 - [MESSAGE][PASSED] - Keys '*' sent to object: 'Object Repository/ADMIN/Edit Text/Bespoke/Buyer Pages/Search Result Page/input_Item-Oldest_item-oldest'

2020-03-20 14:09:51 - [TEST_STEP][PASSED] - sendKeys(findTestObject("ADMIN/Edit Text/Bespoke/Buyer Pages/Search Result Page/input_Item-Newest_item-newest"), "*"): Keys '*' sent to object: 'Object Repository/ADMIN/Edit Text/Bespoke/Buyer Pages/Search Result Page/input_Item-Newest_item-newest'

2020-03-20 14:09:51 - [MESSAGE][PASSED] - Keys '*' sent to object: 'Object Repository/ADMIN/Edit Text/Bespoke/Buyer Pages/Search Result Page/input_Item-Newest_item-newest'

2020-03-20 14:09:51 - [TEST_STEP][PASSED] - sendKeys(findTestObject("ADMIN/Edit Text/Bespoke/Buyer Pages/Search Result Page/input_Price-Lowest_price-lowest"), "*"): Keys '*' sent to object: 'Object Repository/ADMIN/Edit Text/Bespoke/Buyer Pages/Search Result Page/input_Price-Lowest_price-lowest'

2020-03-20 14:09:52 - [MESSAGE][PASSED] - Keys '*' sent to object: 'Object Repository/ADMIN/Edit Text/Bespoke/Buyer Pages/Search Result Page/input_Price-Lowest_price-lowest'

2020-03-20 14:09:52 - [TEST_STEP][PASSED] - sendKeys(findTestObject("ADMIN/Edit Text/Bespoke/Buyer Pages/Search Result Page/input_Price-Highest_price-highest"), "*"): Keys '*' sent to object: 'Object Repository/ADMIN/Edit Text/Bespoke/Buyer Pages/Search Result Page/input_Price-Highest_price-highest'

2020-03-20 14:09:52 - [MESSAGE][PASSED] - Keys '*' sent to object: 'Object Repository/ADMIN/Edit Text/Bespoke/Buyer Pages/Search Result Page/input_Price-Highest_price-highest'

2020-03-20 14:09:52 - [TEST_STEP][PASSED] - sendKeys(findTestObject("ADMIN/Edit Text/Bespoke/Buyer Pages/Search Result Page/input_Name-Ascending_name-ascending"), "*"): Keys '*' sent to object: 'Object Repository/ADMIN/Edit Text/Bespoke/Buyer Pages/Search Result Page/input_Name-Ascending_name-ascending'

2020-03-20 14:09:52 - [MESSAGE][PASSED] - Keys '*' sent to object: 'Object Repository/ADMIN/Edit Text/Bespoke/Buyer Pages/Search Result Page/input_Name-Ascending_name-ascending'

2020-03-20 14:09:52 - [TEST_STEP][PASSED] - sendKeys(findTestObject("ADMIN/Edit Text/Bespoke/Buyer Pages/Search Result Page/input_Name-Descending_name-decending"), "*"): Keys '*' sent to object: 'Object Repository/ADMIN/Edit Text/Bespoke/Buyer Pages/Search Result Page/input_Name-Descending_name-decending'

2020-03-20 14:09:52 - [MESSAGE][PASSED] - Keys '*' sent to object: 'Object Repository/ADMIN/Edit Text/Bespoke/Buyer Pages/Search Result Page/input_Name-Descending_name-decending'

2020-03-20 14:09:52 - [TEST_STEP][PASSED] - sendKeys(findTestObject("ADMIN/Edit Text/Bespoke/Buyer Pages/Search Result Page/input_RATING-HIGHEST_rating_highest"), "*"): Keys '*' sent to object: 'Object Repository/ADMIN/Edit Text/Bespoke/Buyer Pages/Search Result Page/input_RATING-HIGHEST_rating_highest'

2020-03-20 14:09:52 - [MESSAGE][PASSED] - Keys '*' sent to object: 'Object Repository/ADMIN/Edit Text/Bespoke/Buyer Pages/Search Result Page/input_RATING-HIGHEST_rating_highest'

2020-03-20 14:09:52 - [TEST_STEP][PASSED] - sendKeys(findTestObject("ADMIN/Edit Text/Bespoke/Buyer Pages/Search Result Page/input_RATING-LOWEST_rating_highest"), "*"): Keys '*' sent to object: 'Object Repository/ADMIN/Edit Text/Bespoke/Buyer Pages/Search Result Page/input_RATING-LOWEST_rating_highest'

2020-03-20 14:09:53 - [MESSAGE][PASSED] - Keys '*' sent to object: 'Object Repository/ADMIN/Edit Text/Bespoke/Buyer Pages/Search Result Page/input_RATING-LOWEST_rating_highest'

2020-03-20 14:09:53 - [TEST_STEP][PASSED] - sendKeys(findTestObject("ADMIN/Edit Text/Bespoke/Buyer Pages/Search Result Page/input_Sorry_search-no-result-title"), "*"): Keys '*' sent to object: 'Object Repository/ADMIN/Edit Text/Bespoke/Buyer Pages/Search Result Page/input_Sorry_search-no-result-title'

2020-03-20 14:09:53 - [MESSAGE][PASSED] - Keys '*' sent to object: 'Object Repository/ADMIN/Edit Text/Bespoke/Buyer Pages/Search Result Page/input_Sorry_search-no-result-title'

2020-03-20 14:09:53 - [TEST_STEP][PASSED] - sendKeys(findTestObject("ADMIN/Edit Text/Bespoke/Buyer Pages/Search Result Page/textarea_Seems like no matches were found Alternatively check out what others are looking at below"), "*"): Keys '*' sent to object: 'Object Repository/ADMIN/Edit Text/Bespoke/Buyer Pages/Search Result Page/textarea_Seems like no matches were found Alternatively check out what others are looking at below'

2020-03-20 14:09:53 - [MESSAGE][PASSED] - Keys '*' sent to object: 'Object Repository/ADMIN/Edit Text/Bespoke/Buyer Pages/Search Result Page/textarea_Seems like no matches were found Alternatively check out what others are looking at below'

2020-03-20 14:09:53 - [TEST_STEP][PASSED] - click(findTestObject("ADMIN/Edit Text/Bespoke/Buyer Pages/Homepage/button_save"), CONTINUE_ON_FAILURE): Object: 'Object Repository/ADMIN/Edit Text/Bespoke/Buyer Pages/Homepage/button_save' is clicked on

2020-03-20 14:09:53 - [MESSAGE][PASSED] - Object: 'Object Repository/ADMIN/Edit Text/Bespoke/Buyer Pages/Homepage/button_save' is clicked on

2020-03-20 14:09:53 - [TEST_STEP][PASSED] - waitForElementVisible(findTestObject("ADMIN/Edit Text/Bespoke/Buyer Pages/Homepage/toaster_success"), 0): Object 'Object Repository/ADMIN/Edit Text/Bespoke/Buyer Pages/Homepage/toaster_success' is visible

2020-03-20 14:09:53 - [MESSAGE][WARNING] - Timeout '0' is invalid. Using default page load timeout: '30'

2020-03-20 14:09:54 - [MESSAGE][PASSED] - Object 'Object Repository/ADMIN/Edit Text/Bespoke/Buyer Pages/Homepage/toaster_success' is visible]]></system-out>
         <system-err><![CDATA[]]></system-err>
      </testcase>
      <testcase name="Test Cases/ADMIN/Language/Edit Text/Bespoke/Buyer Pages/Search Result Page" time="6.528" classname="Test Cases/ADMIN/Language/Edit Text/Bespoke/Buyer Pages/Search Result Page" status="PASSED">
         <system-out><![CDATA[2020-03-20 14:09:54 - [TEST_CASE][PASSED] - Test Cases/ADMIN/Language/Edit Text/Bespoke/Buyer Pages/Search Result Page: Test Cases/ADMIN/Language/Edit Text/Bespoke/Buyer Pages/Search Result Page

2020-03-20 14:09:54 - [TEST_STEP][PASSED] - waitForElementVisible(findTestObject("ADMIN/Edit Text/Bespoke/Buyer Navigation/dd_language"), 0): Object 'Object Repository/ADMIN/Edit Text/Bespoke/Buyer Navigation/dd_language' is visible

2020-03-20 14:09:54 - [MESSAGE][WARNING] - Timeout '0' is invalid. Using default page load timeout: '30'

2020-03-20 14:09:54 - [MESSAGE][PASSED] - Object 'Object Repository/ADMIN/Edit Text/Bespoke/Buyer Navigation/dd_language' is visible

2020-03-20 14:09:54 - [TEST_STEP][PASSED] - selectOptionByLabel(findTestObject("ADMIN/Edit Text/Bespoke/Buyer Navigation/dd_language"), varLanguage, false): All options with label 'Japanese' are selected in object 'Object Repository/ADMIN/Edit Text/Bespoke/Buyer Navigation/dd_language' 

2020-03-20 14:09:56 - [MESSAGE][PASSED] - All options with label 'Japanese' are selected in object 'Object Repository/ADMIN/Edit Text/Bespoke/Buyer Navigation/dd_language' 

2020-03-20 14:09:56 - [TEST_STEP][PASSED] - sendKeys(findTestObject("ADMIN/Edit Text/Bespoke/Buyer Pages/Search Result Page/input_ALL CATEGORIES_all-categories"), "*"): Keys '*' sent to object: 'Object Repository/ADMIN/Edit Text/Bespoke/Buyer Pages/Search Result Page/input_ALL CATEGORIES_all-categories'

2020-03-20 14:09:56 - [MESSAGE][PASSED] - Keys '*' sent to object: 'Object Repository/ADMIN/Edit Text/Bespoke/Buyer Pages/Search Result Page/input_ALL CATEGORIES_all-categories'

2020-03-20 14:09:56 - [TEST_STEP][PASSED] - sendKeys(findTestObject("ADMIN/Edit Text/Bespoke/Buyer Pages/Search Result Page/input_SEARCH_search"), "*"): Keys '*' sent to object: 'Object Repository/ADMIN/Edit Text/Bespoke/Buyer Pages/Search Result Page/input_SEARCH_search'

2020-03-20 14:09:56 - [MESSAGE][PASSED] - Keys '*' sent to object: 'Object Repository/ADMIN/Edit Text/Bespoke/Buyer Pages/Search Result Page/input_SEARCH_search'

2020-03-20 14:09:56 - [TEST_STEP][PASSED] - sendKeys(findTestObject("ADMIN/Edit Text/Bespoke/Buyer Pages/Search Result Page/input_All of (category)_search-allof"), "*"): Keys '*' sent to object: 'Object Repository/ADMIN/Edit Text/Bespoke/Buyer Pages/Search Result Page/input_All of (category)_search-allof'

2020-03-20 14:09:57 - [MESSAGE][PASSED] - Keys '*' sent to object: 'Object Repository/ADMIN/Edit Text/Bespoke/Buyer Pages/Search Result Page/input_All of (category)_search-allof'

2020-03-20 14:09:57 - [TEST_STEP][PASSED] - sendKeys(findTestObject("ADMIN/Edit Text/Bespoke/Buyer Pages/Search Result Page/input_Search result for_search-result"), "*"): Keys '*' sent to object: 'Object Repository/ADMIN/Edit Text/Bespoke/Buyer Pages/Search Result Page/input_Search result for_search-result'

2020-03-20 14:09:57 - [MESSAGE][PASSED] - Keys '*' sent to object: 'Object Repository/ADMIN/Edit Text/Bespoke/Buyer Pages/Search Result Page/input_Search result for_search-result'

2020-03-20 14:09:57 - [TEST_STEP][PASSED] - sendKeys(findTestObject("ADMIN/Edit Text/Bespoke/Buyer Pages/Search Result Page/input_Items found_item-found"), "*"): Keys '*' sent to object: 'Object Repository/ADMIN/Edit Text/Bespoke/Buyer Pages/Search Result Page/input_Items found_item-found'

2020-03-20 14:09:57 - [MESSAGE][PASSED] - Keys '*' sent to object: 'Object Repository/ADMIN/Edit Text/Bespoke/Buyer Pages/Search Result Page/input_Items found_item-found'

2020-03-20 14:09:57 - [TEST_STEP][PASSED] - sendKeys(findTestObject("ADMIN/Edit Text/Bespoke/Buyer Pages/Search Result Page/input_FILTERS_filter-txt"), "*"): Keys '*' sent to object: 'Object Repository/ADMIN/Edit Text/Bespoke/Buyer Pages/Search Result Page/input_FILTERS_filter-txt'

2020-03-20 14:09:57 - [MESSAGE][PASSED] - Keys '*' sent to object: 'Object Repository/ADMIN/Edit Text/Bespoke/Buyer Pages/Search Result Page/input_FILTERS_filter-txt'

2020-03-20 14:09:57 - [TEST_STEP][PASSED] - sendKeys(findTestObject("ADMIN/Edit Text/Bespoke/Buyer Pages/Search Result Page/input_PRICE RANGE_price-range"), "*"): Keys '*' sent to object: 'Object Repository/ADMIN/Edit Text/Bespoke/Buyer Pages/Search Result Page/input_PRICE RANGE_price-range'

2020-03-20 14:09:57 - [MESSAGE][PASSED] - Keys '*' sent to object: 'Object Repository/ADMIN/Edit Text/Bespoke/Buyer Pages/Search Result Page/input_PRICE RANGE_price-range'

2020-03-20 14:09:57 - [TEST_STEP][PASSED] - sendKeys(findTestObject("ADMIN/Edit Text/Bespoke/Buyer Pages/Search Result Page/input_RESET_btn_reset"), "*"): Keys '*' sent to object: 'Object Repository/ADMIN/Edit Text/Bespoke/Buyer Pages/Search Result Page/input_RESET_btn_reset'

2020-03-20 14:09:57 - [MESSAGE][PASSED] - Keys '*' sent to object: 'Object Repository/ADMIN/Edit Text/Bespoke/Buyer Pages/Search Result Page/input_RESET_btn_reset'

2020-03-20 14:09:57 - [TEST_STEP][PASSED] - sendKeys(findTestObject("ADMIN/Edit Text/Bespoke/Buyer Pages/Search Result Page/input_APPLY_btn_apply"), "*"): Keys '*' sent to object: 'Object Repository/ADMIN/Edit Text/Bespoke/Buyer Pages/Search Result Page/input_APPLY_btn_apply'

2020-03-20 14:09:58 - [MESSAGE][PASSED] - Keys '*' sent to object: 'Object Repository/ADMIN/Edit Text/Bespoke/Buyer Pages/Search Result Page/input_APPLY_btn_apply'

2020-03-20 14:09:58 - [TEST_STEP][PASSED] - sendKeys(findTestObject("ADMIN/Edit Text/Bespoke/Buyer Pages/Search Result Page/input_Relevance_relevance"), "*"): Keys '*' sent to object: 'Object Repository/ADMIN/Edit Text/Bespoke/Buyer Pages/Search Result Page/input_Relevance_relevance'

2020-03-20 14:09:58 - [MESSAGE][PASSED] - Keys '*' sent to object: 'Object Repository/ADMIN/Edit Text/Bespoke/Buyer Pages/Search Result Page/input_Relevance_relevance'

2020-03-20 14:09:58 - [TEST_STEP][PASSED] - sendKeys(findTestObject("ADMIN/Edit Text/Bespoke/Buyer Pages/Search Result Page/input_Item-Oldest_item-oldest"), "*"): Keys '*' sent to object: 'Object Repository/ADMIN/Edit Text/Bespoke/Buyer Pages/Search Result Page/input_Item-Oldest_item-oldest'

2020-03-20 14:09:58 - [MESSAGE][PASSED] - Keys '*' sent to object: 'Object Repository/ADMIN/Edit Text/Bespoke/Buyer Pages/Search Result Page/input_Item-Oldest_item-oldest'

2020-03-20 14:09:58 - [TEST_STEP][PASSED] - sendKeys(findTestObject("ADMIN/Edit Text/Bespoke/Buyer Pages/Search Result Page/input_Item-Newest_item-newest"), "*"): Keys '*' sent to object: 'Object Repository/ADMIN/Edit Text/Bespoke/Buyer Pages/Search Result Page/input_Item-Newest_item-newest'

2020-03-20 14:09:58 - [MESSAGE][PASSED] - Keys '*' sent to object: 'Object Repository/ADMIN/Edit Text/Bespoke/Buyer Pages/Search Result Page/input_Item-Newest_item-newest'

2020-03-20 14:09:58 - [TEST_STEP][PASSED] - sendKeys(findTestObject("ADMIN/Edit Text/Bespoke/Buyer Pages/Search Result Page/input_Price-Lowest_price-lowest"), "*"): Keys '*' sent to object: 'Object Repository/ADMIN/Edit Text/Bespoke/Buyer Pages/Search Result Page/input_Price-Lowest_price-lowest'

2020-03-20 14:09:58 - [MESSAGE][PASSED] - Keys '*' sent to object: 'Object Repository/ADMIN/Edit Text/Bespoke/Buyer Pages/Search Result Page/input_Price-Lowest_price-lowest'

2020-03-20 14:09:58 - [TEST_STEP][PASSED] - sendKeys(findTestObject("ADMIN/Edit Text/Bespoke/Buyer Pages/Search Result Page/input_Price-Highest_price-highest"), "*"): Keys '*' sent to object: 'Object Repository/ADMIN/Edit Text/Bespoke/Buyer Pages/Search Result Page/input_Price-Highest_price-highest'

2020-03-20 14:09:59 - [MESSAGE][PASSED] - Keys '*' sent to object: 'Object Repository/ADMIN/Edit Text/Bespoke/Buyer Pages/Search Result Page/input_Price-Highest_price-highest'

2020-03-20 14:09:59 - [TEST_STEP][PASSED] - sendKeys(findTestObject("ADMIN/Edit Text/Bespoke/Buyer Pages/Search Result Page/input_Name-Ascending_name-ascending"), "*"): Keys '*' sent to object: 'Object Repository/ADMIN/Edit Text/Bespoke/Buyer Pages/Search Result Page/input_Name-Ascending_name-ascending'

2020-03-20 14:09:59 - [MESSAGE][PASSED] - Keys '*' sent to object: 'Object Repository/ADMIN/Edit Text/Bespoke/Buyer Pages/Search Result Page/input_Name-Ascending_name-ascending'

2020-03-20 14:09:59 - [TEST_STEP][PASSED] - sendKeys(findTestObject("ADMIN/Edit Text/Bespoke/Buyer Pages/Search Result Page/input_Name-Descending_name-decending"), "*"): Keys '*' sent to object: 'Object Repository/ADMIN/Edit Text/Bespoke/Buyer Pages/Search Result Page/input_Name-Descending_name-decending'

2020-03-20 14:09:59 - [MESSAGE][PASSED] - Keys '*' sent to object: 'Object Repository/ADMIN/Edit Text/Bespoke/Buyer Pages/Search Result Page/input_Name-Descending_name-decending'

2020-03-20 14:09:59 - [TEST_STEP][PASSED] - sendKeys(findTestObject("ADMIN/Edit Text/Bespoke/Buyer Pages/Search Result Page/input_RATING-HIGHEST_rating_highest"), "*"): Keys '*' sent to object: 'Object Repository/ADMIN/Edit Text/Bespoke/Buyer Pages/Search Result Page/input_RATING-HIGHEST_rating_highest'

2020-03-20 14:09:59 - [MESSAGE][PASSED] - Keys '*' sent to object: 'Object Repository/ADMIN/Edit Text/Bespoke/Buyer Pages/Search Result Page/input_RATING-HIGHEST_rating_highest'

2020-03-20 14:09:59 - [TEST_STEP][PASSED] - sendKeys(findTestObject("ADMIN/Edit Text/Bespoke/Buyer Pages/Search Result Page/input_RATING-LOWEST_rating_highest"), "*"): Keys '*' sent to object: 'Object Repository/ADMIN/Edit Text/Bespoke/Buyer Pages/Search Result Page/input_RATING-LOWEST_rating_highest'

2020-03-20 14:09:59 - [MESSAGE][PASSED] - Keys '*' sent to object: 'Object Repository/ADMIN/Edit Text/Bespoke/Buyer Pages/Search Result Page/input_RATING-LOWEST_rating_highest'

2020-03-20 14:09:59 - [TEST_STEP][PASSED] - sendKeys(findTestObject("ADMIN/Edit Text/Bespoke/Buyer Pages/Search Result Page/input_Sorry_search-no-result-title"), "*"): Keys '*' sent to object: 'Object Repository/ADMIN/Edit Text/Bespoke/Buyer Pages/Search Result Page/input_Sorry_search-no-result-title'

2020-03-20 14:10:00 - [MESSAGE][PASSED] - Keys '*' sent to object: 'Object Repository/ADMIN/Edit Text/Bespoke/Buyer Pages/Search Result Page/input_Sorry_search-no-result-title'

2020-03-20 14:10:00 - [TEST_STEP][PASSED] - sendKeys(findTestObject("ADMIN/Edit Text/Bespoke/Buyer Pages/Search Result Page/textarea_Seems like no matches were found Alternatively check out what others are looking at below"), "*"): Keys '*' sent to object: 'Object Repository/ADMIN/Edit Text/Bespoke/Buyer Pages/Search Result Page/textarea_Seems like no matches were found Alternatively check out what others are looking at below'

2020-03-20 14:10:00 - [MESSAGE][PASSED] - Keys '*' sent to object: 'Object Repository/ADMIN/Edit Text/Bespoke/Buyer Pages/Search Result Page/textarea_Seems like no matches were found Alternatively check out what others are looking at below'

2020-03-20 14:10:00 - [TEST_STEP][PASSED] - click(findTestObject("ADMIN/Edit Text/Bespoke/Buyer Pages/Homepage/button_save"), CONTINUE_ON_FAILURE): Object: 'Object Repository/ADMIN/Edit Text/Bespoke/Buyer Pages/Homepage/button_save' is clicked on

2020-03-20 14:10:00 - [MESSAGE][PASSED] - Object: 'Object Repository/ADMIN/Edit Text/Bespoke/Buyer Pages/Homepage/button_save' is clicked on

2020-03-20 14:10:00 - [TEST_STEP][PASSED] - waitForElementVisible(findTestObject("ADMIN/Edit Text/Bespoke/Buyer Pages/Homepage/toaster_success"), 0): Object 'Object Repository/ADMIN/Edit Text/Bespoke/Buyer Pages/Homepage/toaster_success' is visible

2020-03-20 14:10:00 - [MESSAGE][WARNING] - Timeout '0' is invalid. Using default page load timeout: '30'

2020-03-20 14:10:00 - [MESSAGE][PASSED] - Object 'Object Repository/ADMIN/Edit Text/Bespoke/Buyer Pages/Homepage/toaster_success' is visible]]></system-out>
         <system-err><![CDATA[]]></system-err>
      </testcase>
      <testcase name="Test Cases/ADMIN/Language/Edit Text/Bespoke/Buyer Pages/Search Result Page" time="6.779" classname="Test Cases/ADMIN/Language/Edit Text/Bespoke/Buyer Pages/Search Result Page" status="PASSED">
         <system-out><![CDATA[2020-03-20 14:10:00 - [TEST_CASE][PASSED] - Test Cases/ADMIN/Language/Edit Text/Bespoke/Buyer Pages/Search Result Page: Test Cases/ADMIN/Language/Edit Text/Bespoke/Buyer Pages/Search Result Page

2020-03-20 14:10:00 - [TEST_STEP][PASSED] - waitForElementVisible(findTestObject("ADMIN/Edit Text/Bespoke/Buyer Navigation/dd_language"), 0): Object 'Object Repository/ADMIN/Edit Text/Bespoke/Buyer Navigation/dd_language' is visible

2020-03-20 14:10:00 - [MESSAGE][WARNING] - Timeout '0' is invalid. Using default page load timeout: '30'

2020-03-20 14:10:01 - [MESSAGE][PASSED] - Object 'Object Repository/ADMIN/Edit Text/Bespoke/Buyer Navigation/dd_language' is visible

2020-03-20 14:10:01 - [TEST_STEP][PASSED] - selectOptionByLabel(findTestObject("ADMIN/Edit Text/Bespoke/Buyer Navigation/dd_language"), varLanguage, false): All options with label 'Chinese (Traditional)' are selected in object 'Object Repository/ADMIN/Edit Text/Bespoke/Buyer Navigation/dd_language' 

2020-03-20 14:10:02 - [MESSAGE][PASSED] - All options with label 'Chinese (Traditional)' are selected in object 'Object Repository/ADMIN/Edit Text/Bespoke/Buyer Navigation/dd_language' 

2020-03-20 14:10:02 - [TEST_STEP][PASSED] - sendKeys(findTestObject("ADMIN/Edit Text/Bespoke/Buyer Pages/Search Result Page/input_ALL CATEGORIES_all-categories"), "*"): Keys '*' sent to object: 'Object Repository/ADMIN/Edit Text/Bespoke/Buyer Pages/Search Result Page/input_ALL CATEGORIES_all-categories'

2020-03-20 14:10:02 - [MESSAGE][PASSED] - Keys '*' sent to object: 'Object Repository/ADMIN/Edit Text/Bespoke/Buyer Pages/Search Result Page/input_ALL CATEGORIES_all-categories'

2020-03-20 14:10:02 - [TEST_STEP][PASSED] - sendKeys(findTestObject("ADMIN/Edit Text/Bespoke/Buyer Pages/Search Result Page/input_SEARCH_search"), "*"): Keys '*' sent to object: 'Object Repository/ADMIN/Edit Text/Bespoke/Buyer Pages/Search Result Page/input_SEARCH_search'

2020-03-20 14:10:02 - [MESSAGE][PASSED] - Keys '*' sent to object: 'Object Repository/ADMIN/Edit Text/Bespoke/Buyer Pages/Search Result Page/input_SEARCH_search'

2020-03-20 14:10:02 - [TEST_STEP][PASSED] - sendKeys(findTestObject("ADMIN/Edit Text/Bespoke/Buyer Pages/Search Result Page/input_All of (category)_search-allof"), "*"): Keys '*' sent to object: 'Object Repository/ADMIN/Edit Text/Bespoke/Buyer Pages/Search Result Page/input_All of (category)_search-allof'

2020-03-20 14:10:02 - [MESSAGE][PASSED] - Keys '*' sent to object: 'Object Repository/ADMIN/Edit Text/Bespoke/Buyer Pages/Search Result Page/input_All of (category)_search-allof'

2020-03-20 14:10:02 - [TEST_STEP][PASSED] - sendKeys(findTestObject("ADMIN/Edit Text/Bespoke/Buyer Pages/Search Result Page/input_Search result for_search-result"), "*"): Keys '*' sent to object: 'Object Repository/ADMIN/Edit Text/Bespoke/Buyer Pages/Search Result Page/input_Search result for_search-result'

2020-03-20 14:10:03 - [MESSAGE][PASSED] - Keys '*' sent to object: 'Object Repository/ADMIN/Edit Text/Bespoke/Buyer Pages/Search Result Page/input_Search result for_search-result'

2020-03-20 14:10:03 - [TEST_STEP][PASSED] - sendKeys(findTestObject("ADMIN/Edit Text/Bespoke/Buyer Pages/Search Result Page/input_Items found_item-found"), "*"): Keys '*' sent to object: 'Object Repository/ADMIN/Edit Text/Bespoke/Buyer Pages/Search Result Page/input_Items found_item-found'

2020-03-20 14:10:03 - [MESSAGE][PASSED] - Keys '*' sent to object: 'Object Repository/ADMIN/Edit Text/Bespoke/Buyer Pages/Search Result Page/input_Items found_item-found'

2020-03-20 14:10:03 - [TEST_STEP][PASSED] - sendKeys(findTestObject("ADMIN/Edit Text/Bespoke/Buyer Pages/Search Result Page/input_FILTERS_filter-txt"), "*"): Keys '*' sent to object: 'Object Repository/ADMIN/Edit Text/Bespoke/Buyer Pages/Search Result Page/input_FILTERS_filter-txt'

2020-03-20 14:10:03 - [MESSAGE][PASSED] - Keys '*' sent to object: 'Object Repository/ADMIN/Edit Text/Bespoke/Buyer Pages/Search Result Page/input_FILTERS_filter-txt'

2020-03-20 14:10:03 - [TEST_STEP][PASSED] - sendKeys(findTestObject("ADMIN/Edit Text/Bespoke/Buyer Pages/Search Result Page/input_PRICE RANGE_price-range"), "*"): Keys '*' sent to object: 'Object Repository/ADMIN/Edit Text/Bespoke/Buyer Pages/Search Result Page/input_PRICE RANGE_price-range'

2020-03-20 14:10:03 - [MESSAGE][PASSED] - Keys '*' sent to object: 'Object Repository/ADMIN/Edit Text/Bespoke/Buyer Pages/Search Result Page/input_PRICE RANGE_price-range'

2020-03-20 14:10:03 - [TEST_STEP][PASSED] - sendKeys(findTestObject("ADMIN/Edit Text/Bespoke/Buyer Pages/Search Result Page/input_RESET_btn_reset"), "*"): Keys '*' sent to object: 'Object Repository/ADMIN/Edit Text/Bespoke/Buyer Pages/Search Result Page/input_RESET_btn_reset'

2020-03-20 14:10:03 - [MESSAGE][PASSED] - Keys '*' sent to object: 'Object Repository/ADMIN/Edit Text/Bespoke/Buyer Pages/Search Result Page/input_RESET_btn_reset'

2020-03-20 14:10:03 - [TEST_STEP][PASSED] - sendKeys(findTestObject("ADMIN/Edit Text/Bespoke/Buyer Pages/Search Result Page/input_APPLY_btn_apply"), "*"): Keys '*' sent to object: 'Object Repository/ADMIN/Edit Text/Bespoke/Buyer Pages/Search Result Page/input_APPLY_btn_apply'

2020-03-20 14:10:04 - [MESSAGE][PASSED] - Keys '*' sent to object: 'Object Repository/ADMIN/Edit Text/Bespoke/Buyer Pages/Search Result Page/input_APPLY_btn_apply'

2020-03-20 14:10:04 - [TEST_STEP][PASSED] - sendKeys(findTestObject("ADMIN/Edit Text/Bespoke/Buyer Pages/Search Result Page/input_Relevance_relevance"), "*"): Keys '*' sent to object: 'Object Repository/ADMIN/Edit Text/Bespoke/Buyer Pages/Search Result Page/input_Relevance_relevance'

2020-03-20 14:10:04 - [MESSAGE][PASSED] - Keys '*' sent to object: 'Object Repository/ADMIN/Edit Text/Bespoke/Buyer Pages/Search Result Page/input_Relevance_relevance'

2020-03-20 14:10:04 - [TEST_STEP][PASSED] - sendKeys(findTestObject("ADMIN/Edit Text/Bespoke/Buyer Pages/Search Result Page/input_Item-Oldest_item-oldest"), "*"): Keys '*' sent to object: 'Object Repository/ADMIN/Edit Text/Bespoke/Buyer Pages/Search Result Page/input_Item-Oldest_item-oldest'

2020-03-20 14:10:04 - [MESSAGE][PASSED] - Keys '*' sent to object: 'Object Repository/ADMIN/Edit Text/Bespoke/Buyer Pages/Search Result Page/input_Item-Oldest_item-oldest'

2020-03-20 14:10:04 - [TEST_STEP][PASSED] - sendKeys(findTestObject("ADMIN/Edit Text/Bespoke/Buyer Pages/Search Result Page/input_Item-Newest_item-newest"), "*"): Keys '*' sent to object: 'Object Repository/ADMIN/Edit Text/Bespoke/Buyer Pages/Search Result Page/input_Item-Newest_item-newest'

2020-03-20 14:10:04 - [MESSAGE][PASSED] - Keys '*' sent to object: 'Object Repository/ADMIN/Edit Text/Bespoke/Buyer Pages/Search Result Page/input_Item-Newest_item-newest'

2020-03-20 14:10:04 - [TEST_STEP][PASSED] - sendKeys(findTestObject("ADMIN/Edit Text/Bespoke/Buyer Pages/Search Result Page/input_Price-Lowest_price-lowest"), "*"): Keys '*' sent to object: 'Object Repository/ADMIN/Edit Text/Bespoke/Buyer Pages/Search Result Page/input_Price-Lowest_price-lowest'

2020-03-20 14:10:05 - [MESSAGE][PASSED] - Keys '*' sent to object: 'Object Repository/ADMIN/Edit Text/Bespoke/Buyer Pages/Search Result Page/input_Price-Lowest_price-lowest'

2020-03-20 14:10:05 - [TEST_STEP][PASSED] - sendKeys(findTestObject("ADMIN/Edit Text/Bespoke/Buyer Pages/Search Result Page/input_Price-Highest_price-highest"), "*"): Keys '*' sent to object: 'Object Repository/ADMIN/Edit Text/Bespoke/Buyer Pages/Search Result Page/input_Price-Highest_price-highest'

2020-03-20 14:10:05 - [MESSAGE][PASSED] - Keys '*' sent to object: 'Object Repository/ADMIN/Edit Text/Bespoke/Buyer Pages/Search Result Page/input_Price-Highest_price-highest'

2020-03-20 14:10:05 - [TEST_STEP][PASSED] - sendKeys(findTestObject("ADMIN/Edit Text/Bespoke/Buyer Pages/Search Result Page/input_Name-Ascending_name-ascending"), "*"): Keys '*' sent to object: 'Object Repository/ADMIN/Edit Text/Bespoke/Buyer Pages/Search Result Page/input_Name-Ascending_name-ascending'

2020-03-20 14:10:05 - [MESSAGE][PASSED] - Keys '*' sent to object: 'Object Repository/ADMIN/Edit Text/Bespoke/Buyer Pages/Search Result Page/input_Name-Ascending_name-ascending'

2020-03-20 14:10:05 - [TEST_STEP][PASSED] - sendKeys(findTestObject("ADMIN/Edit Text/Bespoke/Buyer Pages/Search Result Page/input_Name-Descending_name-decending"), "*"): Keys '*' sent to object: 'Object Repository/ADMIN/Edit Text/Bespoke/Buyer Pages/Search Result Page/input_Name-Descending_name-decending'

2020-03-20 14:10:05 - [MESSAGE][PASSED] - Keys '*' sent to object: 'Object Repository/ADMIN/Edit Text/Bespoke/Buyer Pages/Search Result Page/input_Name-Descending_name-decending'

2020-03-20 14:10:05 - [TEST_STEP][PASSED] - sendKeys(findTestObject("ADMIN/Edit Text/Bespoke/Buyer Pages/Search Result Page/input_RATING-HIGHEST_rating_highest"), "*"): Keys '*' sent to object: 'Object Repository/ADMIN/Edit Text/Bespoke/Buyer Pages/Search Result Page/input_RATING-HIGHEST_rating_highest'

2020-03-20 14:10:05 - [MESSAGE][PASSED] - Keys '*' sent to object: 'Object Repository/ADMIN/Edit Text/Bespoke/Buyer Pages/Search Result Page/input_RATING-HIGHEST_rating_highest'

2020-03-20 14:10:05 - [TEST_STEP][PASSED] - sendKeys(findTestObject("ADMIN/Edit Text/Bespoke/Buyer Pages/Search Result Page/input_RATING-LOWEST_rating_highest"), "*"): Keys '*' sent to object: 'Object Repository/ADMIN/Edit Text/Bespoke/Buyer Pages/Search Result Page/input_RATING-LOWEST_rating_highest'

2020-03-20 14:10:06 - [MESSAGE][PASSED] - Keys '*' sent to object: 'Object Repository/ADMIN/Edit Text/Bespoke/Buyer Pages/Search Result Page/input_RATING-LOWEST_rating_highest'

2020-03-20 14:10:06 - [TEST_STEP][PASSED] - sendKeys(findTestObject("ADMIN/Edit Text/Bespoke/Buyer Pages/Search Result Page/input_Sorry_search-no-result-title"), "*"): Keys '*' sent to object: 'Object Repository/ADMIN/Edit Text/Bespoke/Buyer Pages/Search Result Page/input_Sorry_search-no-result-title'

2020-03-20 14:10:06 - [MESSAGE][PASSED] - Keys '*' sent to object: 'Object Repository/ADMIN/Edit Text/Bespoke/Buyer Pages/Search Result Page/input_Sorry_search-no-result-title'

2020-03-20 14:10:06 - [TEST_STEP][PASSED] - sendKeys(findTestObject("ADMIN/Edit Text/Bespoke/Buyer Pages/Search Result Page/textarea_Seems like no matches were found Alternatively check out what others are looking at below"), "*"): Keys '*' sent to object: 'Object Repository/ADMIN/Edit Text/Bespoke/Buyer Pages/Search Result Page/textarea_Seems like no matches were found Alternatively check out what others are looking at below'

2020-03-20 14:10:06 - [MESSAGE][PASSED] - Keys '*' sent to object: 'Object Repository/ADMIN/Edit Text/Bespoke/Buyer Pages/Search Result Page/textarea_Seems like no matches were found Alternatively check out what others are looking at below'

2020-03-20 14:10:06 - [TEST_STEP][PASSED] - click(findTestObject("ADMIN/Edit Text/Bespoke/Buyer Pages/Homepage/button_save"), CONTINUE_ON_FAILURE): Object: 'Object Repository/ADMIN/Edit Text/Bespoke/Buyer Pages/Homepage/button_save' is clicked on

2020-03-20 14:10:06 - [MESSAGE][PASSED] - Object: 'Object Repository/ADMIN/Edit Text/Bespoke/Buyer Pages/Homepage/button_save' is clicked on

2020-03-20 14:10:06 - [TEST_STEP][PASSED] - waitForElementVisible(findTestObject("ADMIN/Edit Text/Bespoke/Buyer Pages/Homepage/toaster_success"), 0): Object 'Object Repository/ADMIN/Edit Text/Bespoke/Buyer Pages/Homepage/toaster_success' is visible

2020-03-20 14:10:06 - [MESSAGE][WARNING] - Timeout '0' is invalid. Using default page load timeout: '30'

2020-03-20 14:10:07 - [MESSAGE][PASSED] - Object 'Object Repository/ADMIN/Edit Text/Bespoke/Buyer Pages/Homepage/toaster_success' is visible]]></system-out>
         <system-err><![CDATA[]]></system-err>
      </testcase>
      <testcase name="Test Cases/ADMIN/Language/Edit Text/Bespoke/Buyer Pages/Search Result Page" time="7.034" classname="Test Cases/ADMIN/Language/Edit Text/Bespoke/Buyer Pages/Search Result Page" status="PASSED">
         <system-out><![CDATA[2020-03-20 14:10:07 - [TEST_CASE][PASSED] - Test Cases/ADMIN/Language/Edit Text/Bespoke/Buyer Pages/Search Result Page: Test Cases/ADMIN/Language/Edit Text/Bespoke/Buyer Pages/Search Result Page

2020-03-20 14:10:07 - [TEST_STEP][PASSED] - waitForElementVisible(findTestObject("ADMIN/Edit Text/Bespoke/Buyer Navigation/dd_language"), 0): Object 'Object Repository/ADMIN/Edit Text/Bespoke/Buyer Navigation/dd_language' is visible

2020-03-20 14:10:07 - [MESSAGE][WARNING] - Timeout '0' is invalid. Using default page load timeout: '30'

2020-03-20 14:10:07 - [MESSAGE][PASSED] - Object 'Object Repository/ADMIN/Edit Text/Bespoke/Buyer Navigation/dd_language' is visible

2020-03-20 14:10:07 - [TEST_STEP][PASSED] - selectOptionByLabel(findTestObject("ADMIN/Edit Text/Bespoke/Buyer Navigation/dd_language"), varLanguage, false): All options with label 'Portuguese' are selected in object 'Object Repository/ADMIN/Edit Text/Bespoke/Buyer Navigation/dd_language' 

2020-03-20 14:10:09 - [MESSAGE][PASSED] - All options with label 'Portuguese' are selected in object 'Object Repository/ADMIN/Edit Text/Bespoke/Buyer Navigation/dd_language' 

2020-03-20 14:10:09 - [TEST_STEP][PASSED] - sendKeys(findTestObject("ADMIN/Edit Text/Bespoke/Buyer Pages/Search Result Page/input_ALL CATEGORIES_all-categories"), "*"): Keys '*' sent to object: 'Object Repository/ADMIN/Edit Text/Bespoke/Buyer Pages/Search Result Page/input_ALL CATEGORIES_all-categories'

2020-03-20 14:10:09 - [MESSAGE][PASSED] - Keys '*' sent to object: 'Object Repository/ADMIN/Edit Text/Bespoke/Buyer Pages/Search Result Page/input_ALL CATEGORIES_all-categories'

2020-03-20 14:10:09 - [TEST_STEP][PASSED] - sendKeys(findTestObject("ADMIN/Edit Text/Bespoke/Buyer Pages/Search Result Page/input_SEARCH_search"), "*"): Keys '*' sent to object: 'Object Repository/ADMIN/Edit Text/Bespoke/Buyer Pages/Search Result Page/input_SEARCH_search'

2020-03-20 14:10:09 - [MESSAGE][PASSED] - Keys '*' sent to object: 'Object Repository/ADMIN/Edit Text/Bespoke/Buyer Pages/Search Result Page/input_SEARCH_search'

2020-03-20 14:10:09 - [TEST_STEP][PASSED] - sendKeys(findTestObject("ADMIN/Edit Text/Bespoke/Buyer Pages/Search Result Page/input_All of (category)_search-allof"), "*"): Keys '*' sent to object: 'Object Repository/ADMIN/Edit Text/Bespoke/Buyer Pages/Search Result Page/input_All of (category)_search-allof'

2020-03-20 14:10:09 - [MESSAGE][PASSED] - Keys '*' sent to object: 'Object Repository/ADMIN/Edit Text/Bespoke/Buyer Pages/Search Result Page/input_All of (category)_search-allof'

2020-03-20 14:10:09 - [TEST_STEP][PASSED] - sendKeys(findTestObject("ADMIN/Edit Text/Bespoke/Buyer Pages/Search Result Page/input_Search result for_search-result"), "*"): Keys '*' sent to object: 'Object Repository/ADMIN/Edit Text/Bespoke/Buyer Pages/Search Result Page/input_Search result for_search-result'

2020-03-20 14:10:09 - [MESSAGE][PASSED] - Keys '*' sent to object: 'Object Repository/ADMIN/Edit Text/Bespoke/Buyer Pages/Search Result Page/input_Search result for_search-result'

2020-03-20 14:10:09 - [TEST_STEP][PASSED] - sendKeys(findTestObject("ADMIN/Edit Text/Bespoke/Buyer Pages/Search Result Page/input_Items found_item-found"), "*"): Keys '*' sent to object: 'Object Repository/ADMIN/Edit Text/Bespoke/Buyer Pages/Search Result Page/input_Items found_item-found'

2020-03-20 14:10:10 - [MESSAGE][PASSED] - Keys '*' sent to object: 'Object Repository/ADMIN/Edit Text/Bespoke/Buyer Pages/Search Result Page/input_Items found_item-found'

2020-03-20 14:10:10 - [TEST_STEP][PASSED] - sendKeys(findTestObject("ADMIN/Edit Text/Bespoke/Buyer Pages/Search Result Page/input_FILTERS_filter-txt"), "*"): Keys '*' sent to object: 'Object Repository/ADMIN/Edit Text/Bespoke/Buyer Pages/Search Result Page/input_FILTERS_filter-txt'

2020-03-20 14:10:10 - [MESSAGE][PASSED] - Keys '*' sent to object: 'Object Repository/ADMIN/Edit Text/Bespoke/Buyer Pages/Search Result Page/input_FILTERS_filter-txt'

2020-03-20 14:10:10 - [TEST_STEP][PASSED] - sendKeys(findTestObject("ADMIN/Edit Text/Bespoke/Buyer Pages/Search Result Page/input_PRICE RANGE_price-range"), "*"): Keys '*' sent to object: 'Object Repository/ADMIN/Edit Text/Bespoke/Buyer Pages/Search Result Page/input_PRICE RANGE_price-range'

2020-03-20 14:10:10 - [MESSAGE][PASSED] - Keys '*' sent to object: 'Object Repository/ADMIN/Edit Text/Bespoke/Buyer Pages/Search Result Page/input_PRICE RANGE_price-range'

2020-03-20 14:10:10 - [TEST_STEP][PASSED] - sendKeys(findTestObject("ADMIN/Edit Text/Bespoke/Buyer Pages/Search Result Page/input_RESET_btn_reset"), "*"): Keys '*' sent to object: 'Object Repository/ADMIN/Edit Text/Bespoke/Buyer Pages/Search Result Page/input_RESET_btn_reset'

2020-03-20 14:10:10 - [MESSAGE][PASSED] - Keys '*' sent to object: 'Object Repository/ADMIN/Edit Text/Bespoke/Buyer Pages/Search Result Page/input_RESET_btn_reset'

2020-03-20 14:10:10 - [TEST_STEP][PASSED] - sendKeys(findTestObject("ADMIN/Edit Text/Bespoke/Buyer Pages/Search Result Page/input_APPLY_btn_apply"), "*"): Keys '*' sent to object: 'Object Repository/ADMIN/Edit Text/Bespoke/Buyer Pages/Search Result Page/input_APPLY_btn_apply'

2020-03-20 14:10:11 - [MESSAGE][PASSED] - Keys '*' sent to object: 'Object Repository/ADMIN/Edit Text/Bespoke/Buyer Pages/Search Result Page/input_APPLY_btn_apply'

2020-03-20 14:10:11 - [TEST_STEP][PASSED] - sendKeys(findTestObject("ADMIN/Edit Text/Bespoke/Buyer Pages/Search Result Page/input_Relevance_relevance"), "*"): Keys '*' sent to object: 'Object Repository/ADMIN/Edit Text/Bespoke/Buyer Pages/Search Result Page/input_Relevance_relevance'

2020-03-20 14:10:11 - [MESSAGE][PASSED] - Keys '*' sent to object: 'Object Repository/ADMIN/Edit Text/Bespoke/Buyer Pages/Search Result Page/input_Relevance_relevance'

2020-03-20 14:10:11 - [TEST_STEP][PASSED] - sendKeys(findTestObject("ADMIN/Edit Text/Bespoke/Buyer Pages/Search Result Page/input_Item-Oldest_item-oldest"), "*"): Keys '*' sent to object: 'Object Repository/ADMIN/Edit Text/Bespoke/Buyer Pages/Search Result Page/input_Item-Oldest_item-oldest'

2020-03-20 14:10:11 - [MESSAGE][PASSED] - Keys '*' sent to object: 'Object Repository/ADMIN/Edit Text/Bespoke/Buyer Pages/Search Result Page/input_Item-Oldest_item-oldest'

2020-03-20 14:10:11 - [TEST_STEP][PASSED] - sendKeys(findTestObject("ADMIN/Edit Text/Bespoke/Buyer Pages/Search Result Page/input_Item-Newest_item-newest"), "*"): Keys '*' sent to object: 'Object Repository/ADMIN/Edit Text/Bespoke/Buyer Pages/Search Result Page/input_Item-Newest_item-newest'

2020-03-20 14:10:11 - [MESSAGE][PASSED] - Keys '*' sent to object: 'Object Repository/ADMIN/Edit Text/Bespoke/Buyer Pages/Search Result Page/input_Item-Newest_item-newest'

2020-03-20 14:10:11 - [TEST_STEP][PASSED] - sendKeys(findTestObject("ADMIN/Edit Text/Bespoke/Buyer Pages/Search Result Page/input_Price-Lowest_price-lowest"), "*"): Keys '*' sent to object: 'Object Repository/ADMIN/Edit Text/Bespoke/Buyer Pages/Search Result Page/input_Price-Lowest_price-lowest'

2020-03-20 14:10:11 - [MESSAGE][PASSED] - Keys '*' sent to object: 'Object Repository/ADMIN/Edit Text/Bespoke/Buyer Pages/Search Result Page/input_Price-Lowest_price-lowest'

2020-03-20 14:10:11 - [TEST_STEP][PASSED] - sendKeys(findTestObject("ADMIN/Edit Text/Bespoke/Buyer Pages/Search Result Page/input_Price-Highest_price-highest"), "*"): Keys '*' sent to object: 'Object Repository/ADMIN/Edit Text/Bespoke/Buyer Pages/Search Result Page/input_Price-Highest_price-highest'

2020-03-20 14:10:12 - [MESSAGE][PASSED] - Keys '*' sent to object: 'Object Repository/ADMIN/Edit Text/Bespoke/Buyer Pages/Search Result Page/input_Price-Highest_price-highest'

2020-03-20 14:10:12 - [TEST_STEP][PASSED] - sendKeys(findTestObject("ADMIN/Edit Text/Bespoke/Buyer Pages/Search Result Page/input_Name-Ascending_name-ascending"), "*"): Keys '*' sent to object: 'Object Repository/ADMIN/Edit Text/Bespoke/Buyer Pages/Search Result Page/input_Name-Ascending_name-ascending'

2020-03-20 14:10:12 - [MESSAGE][PASSED] - Keys '*' sent to object: 'Object Repository/ADMIN/Edit Text/Bespoke/Buyer Pages/Search Result Page/input_Name-Ascending_name-ascending'

2020-03-20 14:10:12 - [TEST_STEP][PASSED] - sendKeys(findTestObject("ADMIN/Edit Text/Bespoke/Buyer Pages/Search Result Page/input_Name-Descending_name-decending"), "*"): Keys '*' sent to object: 'Object Repository/ADMIN/Edit Text/Bespoke/Buyer Pages/Search Result Page/input_Name-Descending_name-decending'

2020-03-20 14:10:12 - [MESSAGE][PASSED] - Keys '*' sent to object: 'Object Repository/ADMIN/Edit Text/Bespoke/Buyer Pages/Search Result Page/input_Name-Descending_name-decending'

2020-03-20 14:10:12 - [TEST_STEP][PASSED] - sendKeys(findTestObject("ADMIN/Edit Text/Bespoke/Buyer Pages/Search Result Page/input_RATING-HIGHEST_rating_highest"), "*"): Keys '*' sent to object: 'Object Repository/ADMIN/Edit Text/Bespoke/Buyer Pages/Search Result Page/input_RATING-HIGHEST_rating_highest'

2020-03-20 14:10:12 - [MESSAGE][PASSED] - Keys '*' sent to object: 'Object Repository/ADMIN/Edit Text/Bespoke/Buyer Pages/Search Result Page/input_RATING-HIGHEST_rating_highest'

2020-03-20 14:10:12 - [TEST_STEP][PASSED] - sendKeys(findTestObject("ADMIN/Edit Text/Bespoke/Buyer Pages/Search Result Page/input_RATING-LOWEST_rating_highest"), "*"): Keys '*' sent to object: 'Object Repository/ADMIN/Edit Text/Bespoke/Buyer Pages/Search Result Page/input_RATING-LOWEST_rating_highest'

2020-03-20 14:10:12 - [MESSAGE][PASSED] - Keys '*' sent to object: 'Object Repository/ADMIN/Edit Text/Bespoke/Buyer Pages/Search Result Page/input_RATING-LOWEST_rating_highest'

2020-03-20 14:10:12 - [TEST_STEP][PASSED] - sendKeys(findTestObject("ADMIN/Edit Text/Bespoke/Buyer Pages/Search Result Page/input_Sorry_search-no-result-title"), "*"): Keys '*' sent to object: 'Object Repository/ADMIN/Edit Text/Bespoke/Buyer Pages/Search Result Page/input_Sorry_search-no-result-title'

2020-03-20 14:10:13 - [MESSAGE][PASSED] - Keys '*' sent to object: 'Object Repository/ADMIN/Edit Text/Bespoke/Buyer Pages/Search Result Page/input_Sorry_search-no-result-title'

2020-03-20 14:10:13 - [TEST_STEP][PASSED] - sendKeys(findTestObject("ADMIN/Edit Text/Bespoke/Buyer Pages/Search Result Page/textarea_Seems like no matches were found Alternatively check out what others are looking at below"), "*"): Keys '*' sent to object: 'Object Repository/ADMIN/Edit Text/Bespoke/Buyer Pages/Search Result Page/textarea_Seems like no matches were found Alternatively check out what others are looking at below'

2020-03-20 14:10:13 - [MESSAGE][PASSED] - Keys '*' sent to object: 'Object Repository/ADMIN/Edit Text/Bespoke/Buyer Pages/Search Result Page/textarea_Seems like no matches were found Alternatively check out what others are looking at below'

2020-03-20 14:10:13 - [TEST_STEP][PASSED] - click(findTestObject("ADMIN/Edit Text/Bespoke/Buyer Pages/Homepage/button_save"), CONTINUE_ON_FAILURE): Object: 'Object Repository/ADMIN/Edit Text/Bespoke/Buyer Pages/Homepage/button_save' is clicked on

2020-03-20 14:10:13 - [MESSAGE][PASSED] - Object: 'Object Repository/ADMIN/Edit Text/Bespoke/Buyer Pages/Homepage/button_save' is clicked on

2020-03-20 14:10:13 - [TEST_STEP][PASSED] - waitForElementVisible(findTestObject("ADMIN/Edit Text/Bespoke/Buyer Pages/Homepage/toaster_success"), 0): Object 'Object Repository/ADMIN/Edit Text/Bespoke/Buyer Pages/Homepage/toaster_success' is visible

2020-03-20 14:10:13 - [MESSAGE][WARNING] - Timeout '0' is invalid. Using default page load timeout: '30'

2020-03-20 14:10:14 - [MESSAGE][PASSED] - Object 'Object Repository/ADMIN/Edit Text/Bespoke/Buyer Pages/Homepage/toaster_success' is visible]]></system-out>
         <system-err><![CDATA[]]></system-err>
      </testcase>
      <testcase name="Test Cases/ADMIN/Language/Edit Text/Bespoke/Buyer Pages/Search Result Page" time="7.603" classname="Test Cases/ADMIN/Language/Edit Text/Bespoke/Buyer Pages/Search Result Page" status="PASSED">
         <system-out><![CDATA[2020-03-20 14:10:14 - [TEST_CASE][PASSED] - Test Cases/ADMIN/Language/Edit Text/Bespoke/Buyer Pages/Search Result Page: Test Cases/ADMIN/Language/Edit Text/Bespoke/Buyer Pages/Search Result Page

2020-03-20 14:10:14 - [TEST_STEP][PASSED] - waitForElementVisible(findTestObject("ADMIN/Edit Text/Bespoke/Buyer Navigation/dd_language"), 0): Object 'Object Repository/ADMIN/Edit Text/Bespoke/Buyer Navigation/dd_language' is visible

2020-03-20 14:10:14 - [MESSAGE][WARNING] - Timeout '0' is invalid. Using default page load timeout: '30'

2020-03-20 14:10:14 - [MESSAGE][PASSED] - Object 'Object Repository/ADMIN/Edit Text/Bespoke/Buyer Navigation/dd_language' is visible

2020-03-20 14:10:14 - [TEST_STEP][PASSED] - selectOptionByLabel(findTestObject("ADMIN/Edit Text/Bespoke/Buyer Navigation/dd_language"), varLanguage, false): All options with label 'Indonesian' are selected in object 'Object Repository/ADMIN/Edit Text/Bespoke/Buyer Navigation/dd_language' 

2020-03-20 14:10:16 - [MESSAGE][PASSED] - All options with label 'Indonesian' are selected in object 'Object Repository/ADMIN/Edit Text/Bespoke/Buyer Navigation/dd_language' 

2020-03-20 14:10:16 - [TEST_STEP][PASSED] - sendKeys(findTestObject("ADMIN/Edit Text/Bespoke/Buyer Pages/Search Result Page/input_ALL CATEGORIES_all-categories"), "*"): Keys '*' sent to object: 'Object Repository/ADMIN/Edit Text/Bespoke/Buyer Pages/Search Result Page/input_ALL CATEGORIES_all-categories'

2020-03-20 14:10:16 - [MESSAGE][PASSED] - Keys '*' sent to object: 'Object Repository/ADMIN/Edit Text/Bespoke/Buyer Pages/Search Result Page/input_ALL CATEGORIES_all-categories'

2020-03-20 14:10:16 - [TEST_STEP][PASSED] - sendKeys(findTestObject("ADMIN/Edit Text/Bespoke/Buyer Pages/Search Result Page/input_SEARCH_search"), "*"): Keys '*' sent to object: 'Object Repository/ADMIN/Edit Text/Bespoke/Buyer Pages/Search Result Page/input_SEARCH_search'

2020-03-20 14:10:16 - [MESSAGE][PASSED] - Keys '*' sent to object: 'Object Repository/ADMIN/Edit Text/Bespoke/Buyer Pages/Search Result Page/input_SEARCH_search'

2020-03-20 14:10:16 - [TEST_STEP][PASSED] - sendKeys(findTestObject("ADMIN/Edit Text/Bespoke/Buyer Pages/Search Result Page/input_All of (category)_search-allof"), "*"): Keys '*' sent to object: 'Object Repository/ADMIN/Edit Text/Bespoke/Buyer Pages/Search Result Page/input_All of (category)_search-allof'

2020-03-20 14:10:16 - [MESSAGE][PASSED] - Keys '*' sent to object: 'Object Repository/ADMIN/Edit Text/Bespoke/Buyer Pages/Search Result Page/input_All of (category)_search-allof'

2020-03-20 14:10:16 - [TEST_STEP][PASSED] - sendKeys(findTestObject("ADMIN/Edit Text/Bespoke/Buyer Pages/Search Result Page/input_Search result for_search-result"), "*"): Keys '*' sent to object: 'Object Repository/ADMIN/Edit Text/Bespoke/Buyer Pages/Search Result Page/input_Search result for_search-result'

2020-03-20 14:10:16 - [MESSAGE][PASSED] - Keys '*' sent to object: 'Object Repository/ADMIN/Edit Text/Bespoke/Buyer Pages/Search Result Page/input_Search result for_search-result'

2020-03-20 14:10:16 - [TEST_STEP][PASSED] - sendKeys(findTestObject("ADMIN/Edit Text/Bespoke/Buyer Pages/Search Result Page/input_Items found_item-found"), "*"): Keys '*' sent to object: 'Object Repository/ADMIN/Edit Text/Bespoke/Buyer Pages/Search Result Page/input_Items found_item-found'

2020-03-20 14:10:16 - [MESSAGE][PASSED] - Keys '*' sent to object: 'Object Repository/ADMIN/Edit Text/Bespoke/Buyer Pages/Search Result Page/input_Items found_item-found'

2020-03-20 14:10:16 - [TEST_STEP][PASSED] - sendKeys(findTestObject("ADMIN/Edit Text/Bespoke/Buyer Pages/Search Result Page/input_FILTERS_filter-txt"), "*"): Keys '*' sent to object: 'Object Repository/ADMIN/Edit Text/Bespoke/Buyer Pages/Search Result Page/input_FILTERS_filter-txt'

2020-03-20 14:10:16 - [MESSAGE][PASSED] - Keys '*' sent to object: 'Object Repository/ADMIN/Edit Text/Bespoke/Buyer Pages/Search Result Page/input_FILTERS_filter-txt'

2020-03-20 14:10:16 - [TEST_STEP][PASSED] - sendKeys(findTestObject("ADMIN/Edit Text/Bespoke/Buyer Pages/Search Result Page/input_PRICE RANGE_price-range"), "*"): Keys '*' sent to object: 'Object Repository/ADMIN/Edit Text/Bespoke/Buyer Pages/Search Result Page/input_PRICE RANGE_price-range'

2020-03-20 14:10:17 - [MESSAGE][PASSED] - Keys '*' sent to object: 'Object Repository/ADMIN/Edit Text/Bespoke/Buyer Pages/Search Result Page/input_PRICE RANGE_price-range'

2020-03-20 14:10:17 - [TEST_STEP][PASSED] - sendKeys(findTestObject("ADMIN/Edit Text/Bespoke/Buyer Pages/Search Result Page/input_RESET_btn_reset"), "*"): Keys '*' sent to object: 'Object Repository/ADMIN/Edit Text/Bespoke/Buyer Pages/Search Result Page/input_RESET_btn_reset'

2020-03-20 14:10:18 - [MESSAGE][PASSED] - Keys '*' sent to object: 'Object Repository/ADMIN/Edit Text/Bespoke/Buyer Pages/Search Result Page/input_RESET_btn_reset'

2020-03-20 14:10:18 - [TEST_STEP][PASSED] - sendKeys(findTestObject("ADMIN/Edit Text/Bespoke/Buyer Pages/Search Result Page/input_APPLY_btn_apply"), "*"): Keys '*' sent to object: 'Object Repository/ADMIN/Edit Text/Bespoke/Buyer Pages/Search Result Page/input_APPLY_btn_apply'

2020-03-20 14:10:18 - [MESSAGE][PASSED] - Keys '*' sent to object: 'Object Repository/ADMIN/Edit Text/Bespoke/Buyer Pages/Search Result Page/input_APPLY_btn_apply'

2020-03-20 14:10:18 - [TEST_STEP][PASSED] - sendKeys(findTestObject("ADMIN/Edit Text/Bespoke/Buyer Pages/Search Result Page/input_Relevance_relevance"), "*"): Keys '*' sent to object: 'Object Repository/ADMIN/Edit Text/Bespoke/Buyer Pages/Search Result Page/input_Relevance_relevance'

2020-03-20 14:10:18 - [MESSAGE][PASSED] - Keys '*' sent to object: 'Object Repository/ADMIN/Edit Text/Bespoke/Buyer Pages/Search Result Page/input_Relevance_relevance'

2020-03-20 14:10:18 - [TEST_STEP][PASSED] - sendKeys(findTestObject("ADMIN/Edit Text/Bespoke/Buyer Pages/Search Result Page/input_Item-Oldest_item-oldest"), "*"): Keys '*' sent to object: 'Object Repository/ADMIN/Edit Text/Bespoke/Buyer Pages/Search Result Page/input_Item-Oldest_item-oldest'

2020-03-20 14:10:19 - [MESSAGE][PASSED] - Keys '*' sent to object: 'Object Repository/ADMIN/Edit Text/Bespoke/Buyer Pages/Search Result Page/input_Item-Oldest_item-oldest'

2020-03-20 14:10:19 - [TEST_STEP][PASSED] - sendKeys(findTestObject("ADMIN/Edit Text/Bespoke/Buyer Pages/Search Result Page/input_Item-Newest_item-newest"), "*"): Keys '*' sent to object: 'Object Repository/ADMIN/Edit Text/Bespoke/Buyer Pages/Search Result Page/input_Item-Newest_item-newest'

2020-03-20 14:10:19 - [MESSAGE][PASSED] - Keys '*' sent to object: 'Object Repository/ADMIN/Edit Text/Bespoke/Buyer Pages/Search Result Page/input_Item-Newest_item-newest'

2020-03-20 14:10:19 - [TEST_STEP][PASSED] - sendKeys(findTestObject("ADMIN/Edit Text/Bespoke/Buyer Pages/Search Result Page/input_Price-Lowest_price-lowest"), "*"): Keys '*' sent to object: 'Object Repository/ADMIN/Edit Text/Bespoke/Buyer Pages/Search Result Page/input_Price-Lowest_price-lowest'

2020-03-20 14:10:19 - [MESSAGE][PASSED] - Keys '*' sent to object: 'Object Repository/ADMIN/Edit Text/Bespoke/Buyer Pages/Search Result Page/input_Price-Lowest_price-lowest'

2020-03-20 14:10:19 - [TEST_STEP][PASSED] - sendKeys(findTestObject("ADMIN/Edit Text/Bespoke/Buyer Pages/Search Result Page/input_Price-Highest_price-highest"), "*"): Keys '*' sent to object: 'Object Repository/ADMIN/Edit Text/Bespoke/Buyer Pages/Search Result Page/input_Price-Highest_price-highest'

2020-03-20 14:10:19 - [MESSAGE][PASSED] - Keys '*' sent to object: 'Object Repository/ADMIN/Edit Text/Bespoke/Buyer Pages/Search Result Page/input_Price-Highest_price-highest'

2020-03-20 14:10:19 - [TEST_STEP][PASSED] - sendKeys(findTestObject("ADMIN/Edit Text/Bespoke/Buyer Pages/Search Result Page/input_Name-Ascending_name-ascending"), "*"): Keys '*' sent to object: 'Object Repository/ADMIN/Edit Text/Bespoke/Buyer Pages/Search Result Page/input_Name-Ascending_name-ascending'

2020-03-20 14:10:20 - [MESSAGE][PASSED] - Keys '*' sent to object: 'Object Repository/ADMIN/Edit Text/Bespoke/Buyer Pages/Search Result Page/input_Name-Ascending_name-ascending'

2020-03-20 14:10:20 - [TEST_STEP][PASSED] - sendKeys(findTestObject("ADMIN/Edit Text/Bespoke/Buyer Pages/Search Result Page/input_Name-Descending_name-decending"), "*"): Keys '*' sent to object: 'Object Repository/ADMIN/Edit Text/Bespoke/Buyer Pages/Search Result Page/input_Name-Descending_name-decending'

2020-03-20 14:10:20 - [MESSAGE][PASSED] - Keys '*' sent to object: 'Object Repository/ADMIN/Edit Text/Bespoke/Buyer Pages/Search Result Page/input_Name-Descending_name-decending'

2020-03-20 14:10:20 - [TEST_STEP][PASSED] - sendKeys(findTestObject("ADMIN/Edit Text/Bespoke/Buyer Pages/Search Result Page/input_RATING-HIGHEST_rating_highest"), "*"): Keys '*' sent to object: 'Object Repository/ADMIN/Edit Text/Bespoke/Buyer Pages/Search Result Page/input_RATING-HIGHEST_rating_highest'

2020-03-20 14:10:20 - [MESSAGE][PASSED] - Keys '*' sent to object: 'Object Repository/ADMIN/Edit Text/Bespoke/Buyer Pages/Search Result Page/input_RATING-HIGHEST_rating_highest'

2020-03-20 14:10:20 - [TEST_STEP][PASSED] - sendKeys(findTestObject("ADMIN/Edit Text/Bespoke/Buyer Pages/Search Result Page/input_RATING-LOWEST_rating_highest"), "*"): Keys '*' sent to object: 'Object Repository/ADMIN/Edit Text/Bespoke/Buyer Pages/Search Result Page/input_RATING-LOWEST_rating_highest'

2020-03-20 14:10:20 - [MESSAGE][PASSED] - Keys '*' sent to object: 'Object Repository/ADMIN/Edit Text/Bespoke/Buyer Pages/Search Result Page/input_RATING-LOWEST_rating_highest'

2020-03-20 14:10:20 - [TEST_STEP][PASSED] - sendKeys(findTestObject("ADMIN/Edit Text/Bespoke/Buyer Pages/Search Result Page/input_Sorry_search-no-result-title"), "*"): Keys '*' sent to object: 'Object Repository/ADMIN/Edit Text/Bespoke/Buyer Pages/Search Result Page/input_Sorry_search-no-result-title'

2020-03-20 14:10:20 - [MESSAGE][PASSED] - Keys '*' sent to object: 'Object Repository/ADMIN/Edit Text/Bespoke/Buyer Pages/Search Result Page/input_Sorry_search-no-result-title'

2020-03-20 14:10:20 - [TEST_STEP][PASSED] - sendKeys(findTestObject("ADMIN/Edit Text/Bespoke/Buyer Pages/Search Result Page/textarea_Seems like no matches were found Alternatively check out what others are looking at below"), "*"): Keys '*' sent to object: 'Object Repository/ADMIN/Edit Text/Bespoke/Buyer Pages/Search Result Page/textarea_Seems like no matches were found Alternatively check out what others are looking at below'

2020-03-20 14:10:21 - [MESSAGE][PASSED] - Keys '*' sent to object: 'Object Repository/ADMIN/Edit Text/Bespoke/Buyer Pages/Search Result Page/textarea_Seems like no matches were found Alternatively check out what others are looking at below'

2020-03-20 14:10:21 - [TEST_STEP][PASSED] - click(findTestObject("ADMIN/Edit Text/Bespoke/Buyer Pages/Homepage/button_save"), CONTINUE_ON_FAILURE): Object: 'Object Repository/ADMIN/Edit Text/Bespoke/Buyer Pages/Homepage/button_save' is clicked on

2020-03-20 14:10:21 - [MESSAGE][PASSED] - Object: 'Object Repository/ADMIN/Edit Text/Bespoke/Buyer Pages/Homepage/button_save' is clicked on

2020-03-20 14:10:21 - [TEST_STEP][PASSED] - waitForElementVisible(findTestObject("ADMIN/Edit Text/Bespoke/Buyer Pages/Homepage/toaster_success"), 0): Object 'Object Repository/ADMIN/Edit Text/Bespoke/Buyer Pages/Homepage/toaster_success' is visible

2020-03-20 14:10:21 - [MESSAGE][WARNING] - Timeout '0' is invalid. Using default page load timeout: '30'

2020-03-20 14:10:22 - [MESSAGE][PASSED] - Object 'Object Repository/ADMIN/Edit Text/Bespoke/Buyer Pages/Homepage/toaster_success' is visible]]></system-out>
         <system-err><![CDATA[]]></system-err>
      </testcase>
      <testcase name="Test Cases/ADMIN/Language/Edit Text/Bespoke/Buyer Pages/Search Result Page" time="6.81" classname="Test Cases/ADMIN/Language/Edit Text/Bespoke/Buyer Pages/Search Result Page" status="PASSED">
         <system-out><![CDATA[2020-03-20 14:10:22 - [TEST_CASE][PASSED] - Test Cases/ADMIN/Language/Edit Text/Bespoke/Buyer Pages/Search Result Page: Test Cases/ADMIN/Language/Edit Text/Bespoke/Buyer Pages/Search Result Page

2020-03-20 14:10:22 - [TEST_STEP][PASSED] - waitForElementVisible(findTestObject("ADMIN/Edit Text/Bespoke/Buyer Navigation/dd_language"), 0): Object 'Object Repository/ADMIN/Edit Text/Bespoke/Buyer Navigation/dd_language' is visible

2020-03-20 14:10:22 - [MESSAGE][WARNING] - Timeout '0' is invalid. Using default page load timeout: '30'

2020-03-20 14:10:22 - [MESSAGE][PASSED] - Object 'Object Repository/ADMIN/Edit Text/Bespoke/Buyer Navigation/dd_language' is visible

2020-03-20 14:10:22 - [TEST_STEP][PASSED] - selectOptionByLabel(findTestObject("ADMIN/Edit Text/Bespoke/Buyer Navigation/dd_language"), varLanguage, false): All options with label 'Russian' are selected in object 'Object Repository/ADMIN/Edit Text/Bespoke/Buyer Navigation/dd_language' 

2020-03-20 14:10:23 - [MESSAGE][PASSED] - All options with label 'Russian' are selected in object 'Object Repository/ADMIN/Edit Text/Bespoke/Buyer Navigation/dd_language' 

2020-03-20 14:10:23 - [TEST_STEP][PASSED] - sendKeys(findTestObject("ADMIN/Edit Text/Bespoke/Buyer Pages/Search Result Page/input_ALL CATEGORIES_all-categories"), "*"): Keys '*' sent to object: 'Object Repository/ADMIN/Edit Text/Bespoke/Buyer Pages/Search Result Page/input_ALL CATEGORIES_all-categories'

2020-03-20 14:10:23 - [MESSAGE][PASSED] - Keys '*' sent to object: 'Object Repository/ADMIN/Edit Text/Bespoke/Buyer Pages/Search Result Page/input_ALL CATEGORIES_all-categories'

2020-03-20 14:10:23 - [TEST_STEP][PASSED] - sendKeys(findTestObject("ADMIN/Edit Text/Bespoke/Buyer Pages/Search Result Page/input_SEARCH_search"), "*"): Keys '*' sent to object: 'Object Repository/ADMIN/Edit Text/Bespoke/Buyer Pages/Search Result Page/input_SEARCH_search'

2020-03-20 14:10:24 - [MESSAGE][PASSED] - Keys '*' sent to object: 'Object Repository/ADMIN/Edit Text/Bespoke/Buyer Pages/Search Result Page/input_SEARCH_search'

2020-03-20 14:10:24 - [TEST_STEP][PASSED] - sendKeys(findTestObject("ADMIN/Edit Text/Bespoke/Buyer Pages/Search Result Page/input_All of (category)_search-allof"), "*"): Keys '*' sent to object: 'Object Repository/ADMIN/Edit Text/Bespoke/Buyer Pages/Search Result Page/input_All of (category)_search-allof'

2020-03-20 14:10:24 - [MESSAGE][PASSED] - Keys '*' sent to object: 'Object Repository/ADMIN/Edit Text/Bespoke/Buyer Pages/Search Result Page/input_All of (category)_search-allof'

2020-03-20 14:10:24 - [TEST_STEP][PASSED] - sendKeys(findTestObject("ADMIN/Edit Text/Bespoke/Buyer Pages/Search Result Page/input_Search result for_search-result"), "*"): Keys '*' sent to object: 'Object Repository/ADMIN/Edit Text/Bespoke/Buyer Pages/Search Result Page/input_Search result for_search-result'

2020-03-20 14:10:24 - [MESSAGE][PASSED] - Keys '*' sent to object: 'Object Repository/ADMIN/Edit Text/Bespoke/Buyer Pages/Search Result Page/input_Search result for_search-result'

2020-03-20 14:10:24 - [TEST_STEP][PASSED] - sendKeys(findTestObject("ADMIN/Edit Text/Bespoke/Buyer Pages/Search Result Page/input_Items found_item-found"), "*"): Keys '*' sent to object: 'Object Repository/ADMIN/Edit Text/Bespoke/Buyer Pages/Search Result Page/input_Items found_item-found'

2020-03-20 14:10:24 - [MESSAGE][PASSED] - Keys '*' sent to object: 'Object Repository/ADMIN/Edit Text/Bespoke/Buyer Pages/Search Result Page/input_Items found_item-found'

2020-03-20 14:10:24 - [TEST_STEP][PASSED] - sendKeys(findTestObject("ADMIN/Edit Text/Bespoke/Buyer Pages/Search Result Page/input_FILTERS_filter-txt"), "*"): Keys '*' sent to object: 'Object Repository/ADMIN/Edit Text/Bespoke/Buyer Pages/Search Result Page/input_FILTERS_filter-txt'

2020-03-20 14:10:24 - [MESSAGE][PASSED] - Keys '*' sent to object: 'Object Repository/ADMIN/Edit Text/Bespoke/Buyer Pages/Search Result Page/input_FILTERS_filter-txt'

2020-03-20 14:10:24 - [TEST_STEP][PASSED] - sendKeys(findTestObject("ADMIN/Edit Text/Bespoke/Buyer Pages/Search Result Page/input_PRICE RANGE_price-range"), "*"): Keys '*' sent to object: 'Object Repository/ADMIN/Edit Text/Bespoke/Buyer Pages/Search Result Page/input_PRICE RANGE_price-range'

2020-03-20 14:10:25 - [MESSAGE][PASSED] - Keys '*' sent to object: 'Object Repository/ADMIN/Edit Text/Bespoke/Buyer Pages/Search Result Page/input_PRICE RANGE_price-range'

2020-03-20 14:10:25 - [TEST_STEP][PASSED] - sendKeys(findTestObject("ADMIN/Edit Text/Bespoke/Buyer Pages/Search Result Page/input_RESET_btn_reset"), "*"): Keys '*' sent to object: 'Object Repository/ADMIN/Edit Text/Bespoke/Buyer Pages/Search Result Page/input_RESET_btn_reset'

2020-03-20 14:10:25 - [MESSAGE][PASSED] - Keys '*' sent to object: 'Object Repository/ADMIN/Edit Text/Bespoke/Buyer Pages/Search Result Page/input_RESET_btn_reset'

2020-03-20 14:10:25 - [TEST_STEP][PASSED] - sendKeys(findTestObject("ADMIN/Edit Text/Bespoke/Buyer Pages/Search Result Page/input_APPLY_btn_apply"), "*"): Keys '*' sent to object: 'Object Repository/ADMIN/Edit Text/Bespoke/Buyer Pages/Search Result Page/input_APPLY_btn_apply'

2020-03-20 14:10:25 - [MESSAGE][PASSED] - Keys '*' sent to object: 'Object Repository/ADMIN/Edit Text/Bespoke/Buyer Pages/Search Result Page/input_APPLY_btn_apply'

2020-03-20 14:10:25 - [TEST_STEP][PASSED] - sendKeys(findTestObject("ADMIN/Edit Text/Bespoke/Buyer Pages/Search Result Page/input_Relevance_relevance"), "*"): Keys '*' sent to object: 'Object Repository/ADMIN/Edit Text/Bespoke/Buyer Pages/Search Result Page/input_Relevance_relevance'

2020-03-20 14:10:25 - [MESSAGE][PASSED] - Keys '*' sent to object: 'Object Repository/ADMIN/Edit Text/Bespoke/Buyer Pages/Search Result Page/input_Relevance_relevance'

2020-03-20 14:10:25 - [TEST_STEP][PASSED] - sendKeys(findTestObject("ADMIN/Edit Text/Bespoke/Buyer Pages/Search Result Page/input_Item-Oldest_item-oldest"), "*"): Keys '*' sent to object: 'Object Repository/ADMIN/Edit Text/Bespoke/Buyer Pages/Search Result Page/input_Item-Oldest_item-oldest'

2020-03-20 14:10:26 - [MESSAGE][PASSED] - Keys '*' sent to object: 'Object Repository/ADMIN/Edit Text/Bespoke/Buyer Pages/Search Result Page/input_Item-Oldest_item-oldest'

2020-03-20 14:10:26 - [TEST_STEP][PASSED] - sendKeys(findTestObject("ADMIN/Edit Text/Bespoke/Buyer Pages/Search Result Page/input_Item-Newest_item-newest"), "*"): Keys '*' sent to object: 'Object Repository/ADMIN/Edit Text/Bespoke/Buyer Pages/Search Result Page/input_Item-Newest_item-newest'

2020-03-20 14:10:26 - [MESSAGE][PASSED] - Keys '*' sent to object: 'Object Repository/ADMIN/Edit Text/Bespoke/Buyer Pages/Search Result Page/input_Item-Newest_item-newest'

2020-03-20 14:10:26 - [TEST_STEP][PASSED] - sendKeys(findTestObject("ADMIN/Edit Text/Bespoke/Buyer Pages/Search Result Page/input_Price-Lowest_price-lowest"), "*"): Keys '*' sent to object: 'Object Repository/ADMIN/Edit Text/Bespoke/Buyer Pages/Search Result Page/input_Price-Lowest_price-lowest'

2020-03-20 14:10:26 - [MESSAGE][PASSED] - Keys '*' sent to object: 'Object Repository/ADMIN/Edit Text/Bespoke/Buyer Pages/Search Result Page/input_Price-Lowest_price-lowest'

2020-03-20 14:10:26 - [TEST_STEP][PASSED] - sendKeys(findTestObject("ADMIN/Edit Text/Bespoke/Buyer Pages/Search Result Page/input_Price-Highest_price-highest"), "*"): Keys '*' sent to object: 'Object Repository/ADMIN/Edit Text/Bespoke/Buyer Pages/Search Result Page/input_Price-Highest_price-highest'

2020-03-20 14:10:26 - [MESSAGE][PASSED] - Keys '*' sent to object: 'Object Repository/ADMIN/Edit Text/Bespoke/Buyer Pages/Search Result Page/input_Price-Highest_price-highest'

2020-03-20 14:10:26 - [TEST_STEP][PASSED] - sendKeys(findTestObject("ADMIN/Edit Text/Bespoke/Buyer Pages/Search Result Page/input_Name-Ascending_name-ascending"), "*"): Keys '*' sent to object: 'Object Repository/ADMIN/Edit Text/Bespoke/Buyer Pages/Search Result Page/input_Name-Ascending_name-ascending'

2020-03-20 14:10:27 - [MESSAGE][PASSED] - Keys '*' sent to object: 'Object Repository/ADMIN/Edit Text/Bespoke/Buyer Pages/Search Result Page/input_Name-Ascending_name-ascending'

2020-03-20 14:10:27 - [TEST_STEP][PASSED] - sendKeys(findTestObject("ADMIN/Edit Text/Bespoke/Buyer Pages/Search Result Page/input_Name-Descending_name-decending"), "*"): Keys '*' sent to object: 'Object Repository/ADMIN/Edit Text/Bespoke/Buyer Pages/Search Result Page/input_Name-Descending_name-decending'

2020-03-20 14:10:27 - [MESSAGE][PASSED] - Keys '*' sent to object: 'Object Repository/ADMIN/Edit Text/Bespoke/Buyer Pages/Search Result Page/input_Name-Descending_name-decending'

2020-03-20 14:10:27 - [TEST_STEP][PASSED] - sendKeys(findTestObject("ADMIN/Edit Text/Bespoke/Buyer Pages/Search Result Page/input_RATING-HIGHEST_rating_highest"), "*"): Keys '*' sent to object: 'Object Repository/ADMIN/Edit Text/Bespoke/Buyer Pages/Search Result Page/input_RATING-HIGHEST_rating_highest'

2020-03-20 14:10:27 - [MESSAGE][PASSED] - Keys '*' sent to object: 'Object Repository/ADMIN/Edit Text/Bespoke/Buyer Pages/Search Result Page/input_RATING-HIGHEST_rating_highest'

2020-03-20 14:10:27 - [TEST_STEP][PASSED] - sendKeys(findTestObject("ADMIN/Edit Text/Bespoke/Buyer Pages/Search Result Page/input_RATING-LOWEST_rating_highest"), "*"): Keys '*' sent to object: 'Object Repository/ADMIN/Edit Text/Bespoke/Buyer Pages/Search Result Page/input_RATING-LOWEST_rating_highest'

2020-03-20 14:10:27 - [MESSAGE][PASSED] - Keys '*' sent to object: 'Object Repository/ADMIN/Edit Text/Bespoke/Buyer Pages/Search Result Page/input_RATING-LOWEST_rating_highest'

2020-03-20 14:10:27 - [TEST_STEP][PASSED] - sendKeys(findTestObject("ADMIN/Edit Text/Bespoke/Buyer Pages/Search Result Page/input_Sorry_search-no-result-title"), "*"): Keys '*' sent to object: 'Object Repository/ADMIN/Edit Text/Bespoke/Buyer Pages/Search Result Page/input_Sorry_search-no-result-title'

2020-03-20 14:10:27 - [MESSAGE][PASSED] - Keys '*' sent to object: 'Object Repository/ADMIN/Edit Text/Bespoke/Buyer Pages/Search Result Page/input_Sorry_search-no-result-title'

2020-03-20 14:10:27 - [TEST_STEP][PASSED] - sendKeys(findTestObject("ADMIN/Edit Text/Bespoke/Buyer Pages/Search Result Page/textarea_Seems like no matches were found Alternatively check out what others are looking at below"), "*"): Keys '*' sent to object: 'Object Repository/ADMIN/Edit Text/Bespoke/Buyer Pages/Search Result Page/textarea_Seems like no matches were found Alternatively check out what others are looking at below'

2020-03-20 14:10:28 - [MESSAGE][PASSED] - Keys '*' sent to object: 'Object Repository/ADMIN/Edit Text/Bespoke/Buyer Pages/Search Result Page/textarea_Seems like no matches were found Alternatively check out what others are looking at below'

2020-03-20 14:10:28 - [TEST_STEP][PASSED] - click(findTestObject("ADMIN/Edit Text/Bespoke/Buyer Pages/Homepage/button_save"), CONTINUE_ON_FAILURE): Object: 'Object Repository/ADMIN/Edit Text/Bespoke/Buyer Pages/Homepage/button_save' is clicked on

2020-03-20 14:10:28 - [MESSAGE][PASSED] - Object: 'Object Repository/ADMIN/Edit Text/Bespoke/Buyer Pages/Homepage/button_save' is clicked on

2020-03-20 14:10:28 - [TEST_STEP][PASSED] - waitForElementVisible(findTestObject("ADMIN/Edit Text/Bespoke/Buyer Pages/Homepage/toaster_success"), 0): Object 'Object Repository/ADMIN/Edit Text/Bespoke/Buyer Pages/Homepage/toaster_success' is visible

2020-03-20 14:10:28 - [MESSAGE][WARNING] - Timeout '0' is invalid. Using default page load timeout: '30'

2020-03-20 14:10:28 - [MESSAGE][PASSED] - Object 'Object Repository/ADMIN/Edit Text/Bespoke/Buyer Pages/Homepage/toaster_success' is visible]]></system-out>
         <system-err><![CDATA[]]></system-err>
      </testcase>
      <testcase name="Test Cases/ADMIN/Language/Edit Text/Bespoke/Buyer Pages/Search Result Page" time="7.212" classname="Test Cases/ADMIN/Language/Edit Text/Bespoke/Buyer Pages/Search Result Page" status="PASSED">
         <system-out><![CDATA[2020-03-20 14:10:28 - [TEST_CASE][PASSED] - Test Cases/ADMIN/Language/Edit Text/Bespoke/Buyer Pages/Search Result Page: Test Cases/ADMIN/Language/Edit Text/Bespoke/Buyer Pages/Search Result Page

2020-03-20 14:10:28 - [TEST_STEP][PASSED] - waitForElementVisible(findTestObject("ADMIN/Edit Text/Bespoke/Buyer Navigation/dd_language"), 0): Object 'Object Repository/ADMIN/Edit Text/Bespoke/Buyer Navigation/dd_language' is visible

2020-03-20 14:10:29 - [MESSAGE][WARNING] - Timeout '0' is invalid. Using default page load timeout: '30'

2020-03-20 14:10:29 - [MESSAGE][PASSED] - Object 'Object Repository/ADMIN/Edit Text/Bespoke/Buyer Navigation/dd_language' is visible

2020-03-20 14:10:29 - [TEST_STEP][PASSED] - selectOptionByLabel(findTestObject("ADMIN/Edit Text/Bespoke/Buyer Navigation/dd_language"), varLanguage, false): All options with label 'Italian' are selected in object 'Object Repository/ADMIN/Edit Text/Bespoke/Buyer Navigation/dd_language' 

2020-03-20 14:10:30 - [MESSAGE][PASSED] - All options with label 'Italian' are selected in object 'Object Repository/ADMIN/Edit Text/Bespoke/Buyer Navigation/dd_language' 

2020-03-20 14:10:30 - [TEST_STEP][PASSED] - sendKeys(findTestObject("ADMIN/Edit Text/Bespoke/Buyer Pages/Search Result Page/input_ALL CATEGORIES_all-categories"), "*"): Keys '*' sent to object: 'Object Repository/ADMIN/Edit Text/Bespoke/Buyer Pages/Search Result Page/input_ALL CATEGORIES_all-categories'

2020-03-20 14:10:30 - [MESSAGE][PASSED] - Keys '*' sent to object: 'Object Repository/ADMIN/Edit Text/Bespoke/Buyer Pages/Search Result Page/input_ALL CATEGORIES_all-categories'

2020-03-20 14:10:30 - [TEST_STEP][PASSED] - sendKeys(findTestObject("ADMIN/Edit Text/Bespoke/Buyer Pages/Search Result Page/input_SEARCH_search"), "*"): Keys '*' sent to object: 'Object Repository/ADMIN/Edit Text/Bespoke/Buyer Pages/Search Result Page/input_SEARCH_search'

2020-03-20 14:10:30 - [MESSAGE][PASSED] - Keys '*' sent to object: 'Object Repository/ADMIN/Edit Text/Bespoke/Buyer Pages/Search Result Page/input_SEARCH_search'

2020-03-20 14:10:30 - [TEST_STEP][PASSED] - sendKeys(findTestObject("ADMIN/Edit Text/Bespoke/Buyer Pages/Search Result Page/input_All of (category)_search-allof"), "*"): Keys '*' sent to object: 'Object Repository/ADMIN/Edit Text/Bespoke/Buyer Pages/Search Result Page/input_All of (category)_search-allof'

2020-03-20 14:10:30 - [MESSAGE][PASSED] - Keys '*' sent to object: 'Object Repository/ADMIN/Edit Text/Bespoke/Buyer Pages/Search Result Page/input_All of (category)_search-allof'

2020-03-20 14:10:30 - [TEST_STEP][PASSED] - sendKeys(findTestObject("ADMIN/Edit Text/Bespoke/Buyer Pages/Search Result Page/input_Search result for_search-result"), "*"): Keys '*' sent to object: 'Object Repository/ADMIN/Edit Text/Bespoke/Buyer Pages/Search Result Page/input_Search result for_search-result'

2020-03-20 14:10:31 - [MESSAGE][PASSED] - Keys '*' sent to object: 'Object Repository/ADMIN/Edit Text/Bespoke/Buyer Pages/Search Result Page/input_Search result for_search-result'

2020-03-20 14:10:31 - [TEST_STEP][PASSED] - sendKeys(findTestObject("ADMIN/Edit Text/Bespoke/Buyer Pages/Search Result Page/input_Items found_item-found"), "*"): Keys '*' sent to object: 'Object Repository/ADMIN/Edit Text/Bespoke/Buyer Pages/Search Result Page/input_Items found_item-found'

2020-03-20 14:10:31 - [MESSAGE][PASSED] - Keys '*' sent to object: 'Object Repository/ADMIN/Edit Text/Bespoke/Buyer Pages/Search Result Page/input_Items found_item-found'

2020-03-20 14:10:31 - [TEST_STEP][PASSED] - sendKeys(findTestObject("ADMIN/Edit Text/Bespoke/Buyer Pages/Search Result Page/input_FILTERS_filter-txt"), "*"): Keys '*' sent to object: 'Object Repository/ADMIN/Edit Text/Bespoke/Buyer Pages/Search Result Page/input_FILTERS_filter-txt'

2020-03-20 14:10:31 - [MESSAGE][PASSED] - Keys '*' sent to object: 'Object Repository/ADMIN/Edit Text/Bespoke/Buyer Pages/Search Result Page/input_FILTERS_filter-txt'

2020-03-20 14:10:31 - [TEST_STEP][PASSED] - sendKeys(findTestObject("ADMIN/Edit Text/Bespoke/Buyer Pages/Search Result Page/input_PRICE RANGE_price-range"), "*"): Keys '*' sent to object: 'Object Repository/ADMIN/Edit Text/Bespoke/Buyer Pages/Search Result Page/input_PRICE RANGE_price-range'

2020-03-20 14:10:31 - [MESSAGE][PASSED] - Keys '*' sent to object: 'Object Repository/ADMIN/Edit Text/Bespoke/Buyer Pages/Search Result Page/input_PRICE RANGE_price-range'

2020-03-20 14:10:31 - [TEST_STEP][PASSED] - sendKeys(findTestObject("ADMIN/Edit Text/Bespoke/Buyer Pages/Search Result Page/input_RESET_btn_reset"), "*"): Keys '*' sent to object: 'Object Repository/ADMIN/Edit Text/Bespoke/Buyer Pages/Search Result Page/input_RESET_btn_reset'

2020-03-20 14:10:31 - [MESSAGE][PASSED] - Keys '*' sent to object: 'Object Repository/ADMIN/Edit Text/Bespoke/Buyer Pages/Search Result Page/input_RESET_btn_reset'

2020-03-20 14:10:31 - [TEST_STEP][PASSED] - sendKeys(findTestObject("ADMIN/Edit Text/Bespoke/Buyer Pages/Search Result Page/input_APPLY_btn_apply"), "*"): Keys '*' sent to object: 'Object Repository/ADMIN/Edit Text/Bespoke/Buyer Pages/Search Result Page/input_APPLY_btn_apply'

2020-03-20 14:10:32 - [MESSAGE][PASSED] - Keys '*' sent to object: 'Object Repository/ADMIN/Edit Text/Bespoke/Buyer Pages/Search Result Page/input_APPLY_btn_apply'

2020-03-20 14:10:32 - [TEST_STEP][PASSED] - sendKeys(findTestObject("ADMIN/Edit Text/Bespoke/Buyer Pages/Search Result Page/input_Relevance_relevance"), "*"): Keys '*' sent to object: 'Object Repository/ADMIN/Edit Text/Bespoke/Buyer Pages/Search Result Page/input_Relevance_relevance'

2020-03-20 14:10:32 - [MESSAGE][PASSED] - Keys '*' sent to object: 'Object Repository/ADMIN/Edit Text/Bespoke/Buyer Pages/Search Result Page/input_Relevance_relevance'

2020-03-20 14:10:32 - [TEST_STEP][PASSED] - sendKeys(findTestObject("ADMIN/Edit Text/Bespoke/Buyer Pages/Search Result Page/input_Item-Oldest_item-oldest"), "*"): Keys '*' sent to object: 'Object Repository/ADMIN/Edit Text/Bespoke/Buyer Pages/Search Result Page/input_Item-Oldest_item-oldest'

2020-03-20 14:10:32 - [MESSAGE][PASSED] - Keys '*' sent to object: 'Object Repository/ADMIN/Edit Text/Bespoke/Buyer Pages/Search Result Page/input_Item-Oldest_item-oldest'

2020-03-20 14:10:32 - [TEST_STEP][PASSED] - sendKeys(findTestObject("ADMIN/Edit Text/Bespoke/Buyer Pages/Search Result Page/input_Item-Newest_item-newest"), "*"): Keys '*' sent to object: 'Object Repository/ADMIN/Edit Text/Bespoke/Buyer Pages/Search Result Page/input_Item-Newest_item-newest'

2020-03-20 14:10:32 - [MESSAGE][PASSED] - Keys '*' sent to object: 'Object Repository/ADMIN/Edit Text/Bespoke/Buyer Pages/Search Result Page/input_Item-Newest_item-newest'

2020-03-20 14:10:32 - [TEST_STEP][PASSED] - sendKeys(findTestObject("ADMIN/Edit Text/Bespoke/Buyer Pages/Search Result Page/input_Price-Lowest_price-lowest"), "*"): Keys '*' sent to object: 'Object Repository/ADMIN/Edit Text/Bespoke/Buyer Pages/Search Result Page/input_Price-Lowest_price-lowest'

2020-03-20 14:10:33 - [MESSAGE][PASSED] - Keys '*' sent to object: 'Object Repository/ADMIN/Edit Text/Bespoke/Buyer Pages/Search Result Page/input_Price-Lowest_price-lowest'

2020-03-20 14:10:33 - [TEST_STEP][PASSED] - sendKeys(findTestObject("ADMIN/Edit Text/Bespoke/Buyer Pages/Search Result Page/input_Price-Highest_price-highest"), "*"): Keys '*' sent to object: 'Object Repository/ADMIN/Edit Text/Bespoke/Buyer Pages/Search Result Page/input_Price-Highest_price-highest'

2020-03-20 14:10:33 - [MESSAGE][PASSED] - Keys '*' sent to object: 'Object Repository/ADMIN/Edit Text/Bespoke/Buyer Pages/Search Result Page/input_Price-Highest_price-highest'

2020-03-20 14:10:33 - [TEST_STEP][PASSED] - sendKeys(findTestObject("ADMIN/Edit Text/Bespoke/Buyer Pages/Search Result Page/input_Name-Ascending_name-ascending"), "*"): Keys '*' sent to object: 'Object Repository/ADMIN/Edit Text/Bespoke/Buyer Pages/Search Result Page/input_Name-Ascending_name-ascending'

2020-03-20 14:10:33 - [MESSAGE][PASSED] - Keys '*' sent to object: 'Object Repository/ADMIN/Edit Text/Bespoke/Buyer Pages/Search Result Page/input_Name-Ascending_name-ascending'

2020-03-20 14:10:33 - [TEST_STEP][PASSED] - sendKeys(findTestObject("ADMIN/Edit Text/Bespoke/Buyer Pages/Search Result Page/input_Name-Descending_name-decending"), "*"): Keys '*' sent to object: 'Object Repository/ADMIN/Edit Text/Bespoke/Buyer Pages/Search Result Page/input_Name-Descending_name-decending'

2020-03-20 14:10:34 - [MESSAGE][PASSED] - Keys '*' sent to object: 'Object Repository/ADMIN/Edit Text/Bespoke/Buyer Pages/Search Result Page/input_Name-Descending_name-decending'

2020-03-20 14:10:34 - [TEST_STEP][PASSED] - sendKeys(findTestObject("ADMIN/Edit Text/Bespoke/Buyer Pages/Search Result Page/input_RATING-HIGHEST_rating_highest"), "*"): Keys '*' sent to object: 'Object Repository/ADMIN/Edit Text/Bespoke/Buyer Pages/Search Result Page/input_RATING-HIGHEST_rating_highest'

2020-03-20 14:10:34 - [MESSAGE][PASSED] - Keys '*' sent to object: 'Object Repository/ADMIN/Edit Text/Bespoke/Buyer Pages/Search Result Page/input_RATING-HIGHEST_rating_highest'

2020-03-20 14:10:34 - [TEST_STEP][PASSED] - sendKeys(findTestObject("ADMIN/Edit Text/Bespoke/Buyer Pages/Search Result Page/input_RATING-LOWEST_rating_highest"), "*"): Keys '*' sent to object: 'Object Repository/ADMIN/Edit Text/Bespoke/Buyer Pages/Search Result Page/input_RATING-LOWEST_rating_highest'

2020-03-20 14:10:34 - [MESSAGE][PASSED] - Keys '*' sent to object: 'Object Repository/ADMIN/Edit Text/Bespoke/Buyer Pages/Search Result Page/input_RATING-LOWEST_rating_highest'

2020-03-20 14:10:34 - [TEST_STEP][PASSED] - sendKeys(findTestObject("ADMIN/Edit Text/Bespoke/Buyer Pages/Search Result Page/input_Sorry_search-no-result-title"), "*"): Keys '*' sent to object: 'Object Repository/ADMIN/Edit Text/Bespoke/Buyer Pages/Search Result Page/input_Sorry_search-no-result-title'

2020-03-20 14:10:34 - [MESSAGE][PASSED] - Keys '*' sent to object: 'Object Repository/ADMIN/Edit Text/Bespoke/Buyer Pages/Search Result Page/input_Sorry_search-no-result-title'

2020-03-20 14:10:34 - [TEST_STEP][PASSED] - sendKeys(findTestObject("ADMIN/Edit Text/Bespoke/Buyer Pages/Search Result Page/textarea_Seems like no matches were found Alternatively check out what others are looking at below"), "*"): Keys '*' sent to object: 'Object Repository/ADMIN/Edit Text/Bespoke/Buyer Pages/Search Result Page/textarea_Seems like no matches were found Alternatively check out what others are looking at below'

2020-03-20 14:10:35 - [MESSAGE][PASSED] - Keys '*' sent to object: 'Object Repository/ADMIN/Edit Text/Bespoke/Buyer Pages/Search Result Page/textarea_Seems like no matches were found Alternatively check out what others are looking at below'

2020-03-20 14:10:35 - [TEST_STEP][PASSED] - click(findTestObject("ADMIN/Edit Text/Bespoke/Buyer Pages/Homepage/button_save"), CONTINUE_ON_FAILURE): Object: 'Object Repository/ADMIN/Edit Text/Bespoke/Buyer Pages/Homepage/button_save' is clicked on

2020-03-20 14:10:35 - [MESSAGE][PASSED] - Object: 'Object Repository/ADMIN/Edit Text/Bespoke/Buyer Pages/Homepage/button_save' is clicked on

2020-03-20 14:10:35 - [TEST_STEP][PASSED] - waitForElementVisible(findTestObject("ADMIN/Edit Text/Bespoke/Buyer Pages/Homepage/toaster_success"), 0): Object 'Object Repository/ADMIN/Edit Text/Bespoke/Buyer Pages/Homepage/toaster_success' is visible

2020-03-20 14:10:35 - [MESSAGE][WARNING] - Timeout '0' is invalid. Using default page load timeout: '30'

2020-03-20 14:10:36 - [MESSAGE][PASSED] - Object 'Object Repository/ADMIN/Edit Text/Bespoke/Buyer Pages/Homepage/toaster_success' is visible]]></system-out>
         <system-err><![CDATA[]]></system-err>
      </testcase>
      <testcase name="Test Cases/ADMIN/Language/Edit Text/Bespoke/Buyer Pages/Search Result Page" time="6.548" classname="Test Cases/ADMIN/Language/Edit Text/Bespoke/Buyer Pages/Search Result Page" status="PASSED">
         <system-out><![CDATA[2020-03-20 14:10:36 - [TEST_CASE][PASSED] - Test Cases/ADMIN/Language/Edit Text/Bespoke/Buyer Pages/Search Result Page: Test Cases/ADMIN/Language/Edit Text/Bespoke/Buyer Pages/Search Result Page

2020-03-20 14:10:36 - [TEST_STEP][PASSED] - waitForElementVisible(findTestObject("ADMIN/Edit Text/Bespoke/Buyer Navigation/dd_language"), 0): Object 'Object Repository/ADMIN/Edit Text/Bespoke/Buyer Navigation/dd_language' is visible

2020-03-20 14:10:36 - [MESSAGE][WARNING] - Timeout '0' is invalid. Using default page load timeout: '30'

2020-03-20 14:10:36 - [MESSAGE][PASSED] - Object 'Object Repository/ADMIN/Edit Text/Bespoke/Buyer Navigation/dd_language' is visible

2020-03-20 14:10:36 - [TEST_STEP][PASSED] - selectOptionByLabel(findTestObject("ADMIN/Edit Text/Bespoke/Buyer Navigation/dd_language"), varLanguage, false): All options with label 'Arabic' are selected in object 'Object Repository/ADMIN/Edit Text/Bespoke/Buyer Navigation/dd_language' 

2020-03-20 14:10:37 - [MESSAGE][PASSED] - All options with label 'Arabic' are selected in object 'Object Repository/ADMIN/Edit Text/Bespoke/Buyer Navigation/dd_language' 

2020-03-20 14:10:37 - [TEST_STEP][PASSED] - sendKeys(findTestObject("ADMIN/Edit Text/Bespoke/Buyer Pages/Search Result Page/input_ALL CATEGORIES_all-categories"), "*"): Keys '*' sent to object: 'Object Repository/ADMIN/Edit Text/Bespoke/Buyer Pages/Search Result Page/input_ALL CATEGORIES_all-categories'

2020-03-20 14:10:37 - [MESSAGE][PASSED] - Keys '*' sent to object: 'Object Repository/ADMIN/Edit Text/Bespoke/Buyer Pages/Search Result Page/input_ALL CATEGORIES_all-categories'

2020-03-20 14:10:37 - [TEST_STEP][PASSED] - sendKeys(findTestObject("ADMIN/Edit Text/Bespoke/Buyer Pages/Search Result Page/input_SEARCH_search"), "*"): Keys '*' sent to object: 'Object Repository/ADMIN/Edit Text/Bespoke/Buyer Pages/Search Result Page/input_SEARCH_search'

2020-03-20 14:10:37 - [MESSAGE][PASSED] - Keys '*' sent to object: 'Object Repository/ADMIN/Edit Text/Bespoke/Buyer Pages/Search Result Page/input_SEARCH_search'

2020-03-20 14:10:37 - [TEST_STEP][PASSED] - sendKeys(findTestObject("ADMIN/Edit Text/Bespoke/Buyer Pages/Search Result Page/input_All of (category)_search-allof"), "*"): Keys '*' sent to object: 'Object Repository/ADMIN/Edit Text/Bespoke/Buyer Pages/Search Result Page/input_All of (category)_search-allof'

2020-03-20 14:10:37 - [MESSAGE][PASSED] - Keys '*' sent to object: 'Object Repository/ADMIN/Edit Text/Bespoke/Buyer Pages/Search Result Page/input_All of (category)_search-allof'

2020-03-20 14:10:37 - [TEST_STEP][PASSED] - sendKeys(findTestObject("ADMIN/Edit Text/Bespoke/Buyer Pages/Search Result Page/input_Search result for_search-result"), "*"): Keys '*' sent to object: 'Object Repository/ADMIN/Edit Text/Bespoke/Buyer Pages/Search Result Page/input_Search result for_search-result'

2020-03-20 14:10:38 - [MESSAGE][PASSED] - Keys '*' sent to object: 'Object Repository/ADMIN/Edit Text/Bespoke/Buyer Pages/Search Result Page/input_Search result for_search-result'

2020-03-20 14:10:38 - [TEST_STEP][PASSED] - sendKeys(findTestObject("ADMIN/Edit Text/Bespoke/Buyer Pages/Search Result Page/input_Items found_item-found"), "*"): Keys '*' sent to object: 'Object Repository/ADMIN/Edit Text/Bespoke/Buyer Pages/Search Result Page/input_Items found_item-found'

2020-03-20 14:10:38 - [MESSAGE][PASSED] - Keys '*' sent to object: 'Object Repository/ADMIN/Edit Text/Bespoke/Buyer Pages/Search Result Page/input_Items found_item-found'

2020-03-20 14:10:38 - [TEST_STEP][PASSED] - sendKeys(findTestObject("ADMIN/Edit Text/Bespoke/Buyer Pages/Search Result Page/input_FILTERS_filter-txt"), "*"): Keys '*' sent to object: 'Object Repository/ADMIN/Edit Text/Bespoke/Buyer Pages/Search Result Page/input_FILTERS_filter-txt'

2020-03-20 14:10:38 - [MESSAGE][PASSED] - Keys '*' sent to object: 'Object Repository/ADMIN/Edit Text/Bespoke/Buyer Pages/Search Result Page/input_FILTERS_filter-txt'

2020-03-20 14:10:38 - [TEST_STEP][PASSED] - sendKeys(findTestObject("ADMIN/Edit Text/Bespoke/Buyer Pages/Search Result Page/input_PRICE RANGE_price-range"), "*"): Keys '*' sent to object: 'Object Repository/ADMIN/Edit Text/Bespoke/Buyer Pages/Search Result Page/input_PRICE RANGE_price-range'

2020-03-20 14:10:39 - [MESSAGE][PASSED] - Keys '*' sent to object: 'Object Repository/ADMIN/Edit Text/Bespoke/Buyer Pages/Search Result Page/input_PRICE RANGE_price-range'

2020-03-20 14:10:39 - [TEST_STEP][PASSED] - sendKeys(findTestObject("ADMIN/Edit Text/Bespoke/Buyer Pages/Search Result Page/input_RESET_btn_reset"), "*"): Keys '*' sent to object: 'Object Repository/ADMIN/Edit Text/Bespoke/Buyer Pages/Search Result Page/input_RESET_btn_reset'

2020-03-20 14:10:39 - [MESSAGE][PASSED] - Keys '*' sent to object: 'Object Repository/ADMIN/Edit Text/Bespoke/Buyer Pages/Search Result Page/input_RESET_btn_reset'

2020-03-20 14:10:39 - [TEST_STEP][PASSED] - sendKeys(findTestObject("ADMIN/Edit Text/Bespoke/Buyer Pages/Search Result Page/input_APPLY_btn_apply"), "*"): Keys '*' sent to object: 'Object Repository/ADMIN/Edit Text/Bespoke/Buyer Pages/Search Result Page/input_APPLY_btn_apply'

2020-03-20 14:10:39 - [MESSAGE][PASSED] - Keys '*' sent to object: 'Object Repository/ADMIN/Edit Text/Bespoke/Buyer Pages/Search Result Page/input_APPLY_btn_apply'

2020-03-20 14:10:39 - [TEST_STEP][PASSED] - sendKeys(findTestObject("ADMIN/Edit Text/Bespoke/Buyer Pages/Search Result Page/input_Relevance_relevance"), "*"): Keys '*' sent to object: 'Object Repository/ADMIN/Edit Text/Bespoke/Buyer Pages/Search Result Page/input_Relevance_relevance'

2020-03-20 14:10:39 - [MESSAGE][PASSED] - Keys '*' sent to object: 'Object Repository/ADMIN/Edit Text/Bespoke/Buyer Pages/Search Result Page/input_Relevance_relevance'

2020-03-20 14:10:39 - [TEST_STEP][PASSED] - sendKeys(findTestObject("ADMIN/Edit Text/Bespoke/Buyer Pages/Search Result Page/input_Item-Oldest_item-oldest"), "*"): Keys '*' sent to object: 'Object Repository/ADMIN/Edit Text/Bespoke/Buyer Pages/Search Result Page/input_Item-Oldest_item-oldest'

2020-03-20 14:10:39 - [MESSAGE][PASSED] - Keys '*' sent to object: 'Object Repository/ADMIN/Edit Text/Bespoke/Buyer Pages/Search Result Page/input_Item-Oldest_item-oldest'

2020-03-20 14:10:39 - [TEST_STEP][PASSED] - sendKeys(findTestObject("ADMIN/Edit Text/Bespoke/Buyer Pages/Search Result Page/input_Item-Newest_item-newest"), "*"): Keys '*' sent to object: 'Object Repository/ADMIN/Edit Text/Bespoke/Buyer Pages/Search Result Page/input_Item-Newest_item-newest'

2020-03-20 14:10:40 - [MESSAGE][PASSED] - Keys '*' sent to object: 'Object Repository/ADMIN/Edit Text/Bespoke/Buyer Pages/Search Result Page/input_Item-Newest_item-newest'

2020-03-20 14:10:40 - [TEST_STEP][PASSED] - sendKeys(findTestObject("ADMIN/Edit Text/Bespoke/Buyer Pages/Search Result Page/input_Price-Lowest_price-lowest"), "*"): Keys '*' sent to object: 'Object Repository/ADMIN/Edit Text/Bespoke/Buyer Pages/Search Result Page/input_Price-Lowest_price-lowest'

2020-03-20 14:10:40 - [MESSAGE][PASSED] - Keys '*' sent to object: 'Object Repository/ADMIN/Edit Text/Bespoke/Buyer Pages/Search Result Page/input_Price-Lowest_price-lowest'

2020-03-20 14:10:40 - [TEST_STEP][PASSED] - sendKeys(findTestObject("ADMIN/Edit Text/Bespoke/Buyer Pages/Search Result Page/input_Price-Highest_price-highest"), "*"): Keys '*' sent to object: 'Object Repository/ADMIN/Edit Text/Bespoke/Buyer Pages/Search Result Page/input_Price-Highest_price-highest'

2020-03-20 14:10:40 - [MESSAGE][PASSED] - Keys '*' sent to object: 'Object Repository/ADMIN/Edit Text/Bespoke/Buyer Pages/Search Result Page/input_Price-Highest_price-highest'

2020-03-20 14:10:40 - [TEST_STEP][PASSED] - sendKeys(findTestObject("ADMIN/Edit Text/Bespoke/Buyer Pages/Search Result Page/input_Name-Ascending_name-ascending"), "*"): Keys '*' sent to object: 'Object Repository/ADMIN/Edit Text/Bespoke/Buyer Pages/Search Result Page/input_Name-Ascending_name-ascending'

2020-03-20 14:10:40 - [MESSAGE][PASSED] - Keys '*' sent to object: 'Object Repository/ADMIN/Edit Text/Bespoke/Buyer Pages/Search Result Page/input_Name-Ascending_name-ascending'

2020-03-20 14:10:40 - [TEST_STEP][PASSED] - sendKeys(findTestObject("ADMIN/Edit Text/Bespoke/Buyer Pages/Search Result Page/input_Name-Descending_name-decending"), "*"): Keys '*' sent to object: 'Object Repository/ADMIN/Edit Text/Bespoke/Buyer Pages/Search Result Page/input_Name-Descending_name-decending'

2020-03-20 14:10:41 - [MESSAGE][PASSED] - Keys '*' sent to object: 'Object Repository/ADMIN/Edit Text/Bespoke/Buyer Pages/Search Result Page/input_Name-Descending_name-decending'

2020-03-20 14:10:41 - [TEST_STEP][PASSED] - sendKeys(findTestObject("ADMIN/Edit Text/Bespoke/Buyer Pages/Search Result Page/input_RATING-HIGHEST_rating_highest"), "*"): Keys '*' sent to object: 'Object Repository/ADMIN/Edit Text/Bespoke/Buyer Pages/Search Result Page/input_RATING-HIGHEST_rating_highest'

2020-03-20 14:10:41 - [MESSAGE][PASSED] - Keys '*' sent to object: 'Object Repository/ADMIN/Edit Text/Bespoke/Buyer Pages/Search Result Page/input_RATING-HIGHEST_rating_highest'

2020-03-20 14:10:41 - [TEST_STEP][PASSED] - sendKeys(findTestObject("ADMIN/Edit Text/Bespoke/Buyer Pages/Search Result Page/input_RATING-LOWEST_rating_highest"), "*"): Keys '*' sent to object: 'Object Repository/ADMIN/Edit Text/Bespoke/Buyer Pages/Search Result Page/input_RATING-LOWEST_rating_highest'

2020-03-20 14:10:41 - [MESSAGE][PASSED] - Keys '*' sent to object: 'Object Repository/ADMIN/Edit Text/Bespoke/Buyer Pages/Search Result Page/input_RATING-LOWEST_rating_highest'

2020-03-20 14:10:41 - [TEST_STEP][PASSED] - sendKeys(findTestObject("ADMIN/Edit Text/Bespoke/Buyer Pages/Search Result Page/input_Sorry_search-no-result-title"), "*"): Keys '*' sent to object: 'Object Repository/ADMIN/Edit Text/Bespoke/Buyer Pages/Search Result Page/input_Sorry_search-no-result-title'

2020-03-20 14:10:41 - [MESSAGE][PASSED] - Keys '*' sent to object: 'Object Repository/ADMIN/Edit Text/Bespoke/Buyer Pages/Search Result Page/input_Sorry_search-no-result-title'

2020-03-20 14:10:41 - [TEST_STEP][PASSED] - sendKeys(findTestObject("ADMIN/Edit Text/Bespoke/Buyer Pages/Search Result Page/textarea_Seems like no matches were found Alternatively check out what others are looking at below"), "*"): Keys '*' sent to object: 'Object Repository/ADMIN/Edit Text/Bespoke/Buyer Pages/Search Result Page/textarea_Seems like no matches were found Alternatively check out what others are looking at below'

2020-03-20 14:10:41 - [MESSAGE][PASSED] - Keys '*' sent to object: 'Object Repository/ADMIN/Edit Text/Bespoke/Buyer Pages/Search Result Page/textarea_Seems like no matches were found Alternatively check out what others are looking at below'

2020-03-20 14:10:41 - [TEST_STEP][PASSED] - click(findTestObject("ADMIN/Edit Text/Bespoke/Buyer Pages/Homepage/button_save"), CONTINUE_ON_FAILURE): Object: 'Object Repository/ADMIN/Edit Text/Bespoke/Buyer Pages/Homepage/button_save' is clicked on

2020-03-20 14:10:42 - [MESSAGE][PASSED] - Object: 'Object Repository/ADMIN/Edit Text/Bespoke/Buyer Pages/Homepage/button_save' is clicked on

2020-03-20 14:10:42 - [TEST_STEP][PASSED] - waitForElementVisible(findTestObject("ADMIN/Edit Text/Bespoke/Buyer Pages/Homepage/toaster_success"), 0): Object 'Object Repository/ADMIN/Edit Text/Bespoke/Buyer Pages/Homepage/toaster_success' is visible

2020-03-20 14:10:42 - [MESSAGE][WARNING] - Timeout '0' is invalid. Using default page load timeout: '30'

2020-03-20 14:10:42 - [MESSAGE][PASSED] - Object 'Object Repository/ADMIN/Edit Text/Bespoke/Buyer Pages/Homepage/toaster_success' is visible]]></system-out>
         <system-err><![CDATA[]]></system-err>
      </testcase>
      <testcase name="Test Cases/ADMIN/Language/Edit Text/Bespoke/Buyer Pages/Search Result Page" time="6.795" classname="Test Cases/ADMIN/Language/Edit Text/Bespoke/Buyer Pages/Search Result Page" status="PASSED">
         <system-out><![CDATA[2020-03-20 14:10:42 - [TEST_CASE][PASSED] - Test Cases/ADMIN/Language/Edit Text/Bespoke/Buyer Pages/Search Result Page: Test Cases/ADMIN/Language/Edit Text/Bespoke/Buyer Pages/Search Result Page

2020-03-20 14:10:42 - [TEST_STEP][PASSED] - waitForElementVisible(findTestObject("ADMIN/Edit Text/Bespoke/Buyer Navigation/dd_language"), 0): Object 'Object Repository/ADMIN/Edit Text/Bespoke/Buyer Navigation/dd_language' is visible

2020-03-20 14:10:42 - [MESSAGE][WARNING] - Timeout '0' is invalid. Using default page load timeout: '30'

2020-03-20 14:10:43 - [MESSAGE][PASSED] - Object 'Object Repository/ADMIN/Edit Text/Bespoke/Buyer Navigation/dd_language' is visible

2020-03-20 14:10:43 - [TEST_STEP][PASSED] - selectOptionByLabel(findTestObject("ADMIN/Edit Text/Bespoke/Buyer Navigation/dd_language"), varLanguage, false): All options with label 'Dutch' are selected in object 'Object Repository/ADMIN/Edit Text/Bespoke/Buyer Navigation/dd_language' 

2020-03-20 14:10:43 - [MESSAGE][PASSED] - All options with label 'Dutch' are selected in object 'Object Repository/ADMIN/Edit Text/Bespoke/Buyer Navigation/dd_language' 

2020-03-20 14:10:43 - [TEST_STEP][PASSED] - sendKeys(findTestObject("ADMIN/Edit Text/Bespoke/Buyer Pages/Search Result Page/input_ALL CATEGORIES_all-categories"), "*"): Keys '*' sent to object: 'Object Repository/ADMIN/Edit Text/Bespoke/Buyer Pages/Search Result Page/input_ALL CATEGORIES_all-categories'

2020-03-20 14:10:44 - [MESSAGE][PASSED] - Keys '*' sent to object: 'Object Repository/ADMIN/Edit Text/Bespoke/Buyer Pages/Search Result Page/input_ALL CATEGORIES_all-categories'

2020-03-20 14:10:44 - [TEST_STEP][PASSED] - sendKeys(findTestObject("ADMIN/Edit Text/Bespoke/Buyer Pages/Search Result Page/input_SEARCH_search"), "*"): Keys '*' sent to object: 'Object Repository/ADMIN/Edit Text/Bespoke/Buyer Pages/Search Result Page/input_SEARCH_search'

2020-03-20 14:10:44 - [MESSAGE][PASSED] - Keys '*' sent to object: 'Object Repository/ADMIN/Edit Text/Bespoke/Buyer Pages/Search Result Page/input_SEARCH_search'

2020-03-20 14:10:44 - [TEST_STEP][PASSED] - sendKeys(findTestObject("ADMIN/Edit Text/Bespoke/Buyer Pages/Search Result Page/input_All of (category)_search-allof"), "*"): Keys '*' sent to object: 'Object Repository/ADMIN/Edit Text/Bespoke/Buyer Pages/Search Result Page/input_All of (category)_search-allof'

2020-03-20 14:10:45 - [MESSAGE][PASSED] - Keys '*' sent to object: 'Object Repository/ADMIN/Edit Text/Bespoke/Buyer Pages/Search Result Page/input_All of (category)_search-allof'

2020-03-20 14:10:45 - [TEST_STEP][PASSED] - sendKeys(findTestObject("ADMIN/Edit Text/Bespoke/Buyer Pages/Search Result Page/input_Search result for_search-result"), "*"): Keys '*' sent to object: 'Object Repository/ADMIN/Edit Text/Bespoke/Buyer Pages/Search Result Page/input_Search result for_search-result'

2020-03-20 14:10:45 - [MESSAGE][PASSED] - Keys '*' sent to object: 'Object Repository/ADMIN/Edit Text/Bespoke/Buyer Pages/Search Result Page/input_Search result for_search-result'

2020-03-20 14:10:45 - [TEST_STEP][PASSED] - sendKeys(findTestObject("ADMIN/Edit Text/Bespoke/Buyer Pages/Search Result Page/input_Items found_item-found"), "*"): Keys '*' sent to object: 'Object Repository/ADMIN/Edit Text/Bespoke/Buyer Pages/Search Result Page/input_Items found_item-found'

2020-03-20 14:10:45 - [MESSAGE][PASSED] - Keys '*' sent to object: 'Object Repository/ADMIN/Edit Text/Bespoke/Buyer Pages/Search Result Page/input_Items found_item-found'

2020-03-20 14:10:45 - [TEST_STEP][PASSED] - sendKeys(findTestObject("ADMIN/Edit Text/Bespoke/Buyer Pages/Search Result Page/input_FILTERS_filter-txt"), "*"): Keys '*' sent to object: 'Object Repository/ADMIN/Edit Text/Bespoke/Buyer Pages/Search Result Page/input_FILTERS_filter-txt'

2020-03-20 14:10:45 - [MESSAGE][PASSED] - Keys '*' sent to object: 'Object Repository/ADMIN/Edit Text/Bespoke/Buyer Pages/Search Result Page/input_FILTERS_filter-txt'

2020-03-20 14:10:45 - [TEST_STEP][PASSED] - sendKeys(findTestObject("ADMIN/Edit Text/Bespoke/Buyer Pages/Search Result Page/input_PRICE RANGE_price-range"), "*"): Keys '*' sent to object: 'Object Repository/ADMIN/Edit Text/Bespoke/Buyer Pages/Search Result Page/input_PRICE RANGE_price-range'

2020-03-20 14:10:45 - [MESSAGE][PASSED] - Keys '*' sent to object: 'Object Repository/ADMIN/Edit Text/Bespoke/Buyer Pages/Search Result Page/input_PRICE RANGE_price-range'

2020-03-20 14:10:45 - [TEST_STEP][PASSED] - sendKeys(findTestObject("ADMIN/Edit Text/Bespoke/Buyer Pages/Search Result Page/input_RESET_btn_reset"), "*"): Keys '*' sent to object: 'Object Repository/ADMIN/Edit Text/Bespoke/Buyer Pages/Search Result Page/input_RESET_btn_reset'

2020-03-20 14:10:46 - [MESSAGE][PASSED] - Keys '*' sent to object: 'Object Repository/ADMIN/Edit Text/Bespoke/Buyer Pages/Search Result Page/input_RESET_btn_reset'

2020-03-20 14:10:46 - [TEST_STEP][PASSED] - sendKeys(findTestObject("ADMIN/Edit Text/Bespoke/Buyer Pages/Search Result Page/input_APPLY_btn_apply"), "*"): Keys '*' sent to object: 'Object Repository/ADMIN/Edit Text/Bespoke/Buyer Pages/Search Result Page/input_APPLY_btn_apply'

2020-03-20 14:10:46 - [MESSAGE][PASSED] - Keys '*' sent to object: 'Object Repository/ADMIN/Edit Text/Bespoke/Buyer Pages/Search Result Page/input_APPLY_btn_apply'

2020-03-20 14:10:46 - [TEST_STEP][PASSED] - sendKeys(findTestObject("ADMIN/Edit Text/Bespoke/Buyer Pages/Search Result Page/input_Relevance_relevance"), "*"): Keys '*' sent to object: 'Object Repository/ADMIN/Edit Text/Bespoke/Buyer Pages/Search Result Page/input_Relevance_relevance'

2020-03-20 14:10:46 - [MESSAGE][PASSED] - Keys '*' sent to object: 'Object Repository/ADMIN/Edit Text/Bespoke/Buyer Pages/Search Result Page/input_Relevance_relevance'

2020-03-20 14:10:46 - [TEST_STEP][PASSED] - sendKeys(findTestObject("ADMIN/Edit Text/Bespoke/Buyer Pages/Search Result Page/input_Item-Oldest_item-oldest"), "*"): Keys '*' sent to object: 'Object Repository/ADMIN/Edit Text/Bespoke/Buyer Pages/Search Result Page/input_Item-Oldest_item-oldest'

2020-03-20 14:10:46 - [MESSAGE][PASSED] - Keys '*' sent to object: 'Object Repository/ADMIN/Edit Text/Bespoke/Buyer Pages/Search Result Page/input_Item-Oldest_item-oldest'

2020-03-20 14:10:46 - [TEST_STEP][PASSED] - sendKeys(findTestObject("ADMIN/Edit Text/Bespoke/Buyer Pages/Search Result Page/input_Item-Newest_item-newest"), "*"): Keys '*' sent to object: 'Object Repository/ADMIN/Edit Text/Bespoke/Buyer Pages/Search Result Page/input_Item-Newest_item-newest'

2020-03-20 14:10:46 - [MESSAGE][PASSED] - Keys '*' sent to object: 'Object Repository/ADMIN/Edit Text/Bespoke/Buyer Pages/Search Result Page/input_Item-Newest_item-newest'

2020-03-20 14:10:46 - [TEST_STEP][PASSED] - sendKeys(findTestObject("ADMIN/Edit Text/Bespoke/Buyer Pages/Search Result Page/input_Price-Lowest_price-lowest"), "*"): Keys '*' sent to object: 'Object Repository/ADMIN/Edit Text/Bespoke/Buyer Pages/Search Result Page/input_Price-Lowest_price-lowest'

2020-03-20 14:10:47 - [MESSAGE][PASSED] - Keys '*' sent to object: 'Object Repository/ADMIN/Edit Text/Bespoke/Buyer Pages/Search Result Page/input_Price-Lowest_price-lowest'

2020-03-20 14:10:47 - [TEST_STEP][PASSED] - sendKeys(findTestObject("ADMIN/Edit Text/Bespoke/Buyer Pages/Search Result Page/input_Price-Highest_price-highest"), "*"): Keys '*' sent to object: 'Object Repository/ADMIN/Edit Text/Bespoke/Buyer Pages/Search Result Page/input_Price-Highest_price-highest'

2020-03-20 14:10:47 - [MESSAGE][PASSED] - Keys '*' sent to object: 'Object Repository/ADMIN/Edit Text/Bespoke/Buyer Pages/Search Result Page/input_Price-Highest_price-highest'

2020-03-20 14:10:47 - [TEST_STEP][PASSED] - sendKeys(findTestObject("ADMIN/Edit Text/Bespoke/Buyer Pages/Search Result Page/input_Name-Ascending_name-ascending"), "*"): Keys '*' sent to object: 'Object Repository/ADMIN/Edit Text/Bespoke/Buyer Pages/Search Result Page/input_Name-Ascending_name-ascending'

2020-03-20 14:10:47 - [MESSAGE][PASSED] - Keys '*' sent to object: 'Object Repository/ADMIN/Edit Text/Bespoke/Buyer Pages/Search Result Page/input_Name-Ascending_name-ascending'

2020-03-20 14:10:47 - [TEST_STEP][PASSED] - sendKeys(findTestObject("ADMIN/Edit Text/Bespoke/Buyer Pages/Search Result Page/input_Name-Descending_name-decending"), "*"): Keys '*' sent to object: 'Object Repository/ADMIN/Edit Text/Bespoke/Buyer Pages/Search Result Page/input_Name-Descending_name-decending'

2020-03-20 14:10:47 - [MESSAGE][PASSED] - Keys '*' sent to object: 'Object Repository/ADMIN/Edit Text/Bespoke/Buyer Pages/Search Result Page/input_Name-Descending_name-decending'

2020-03-20 14:10:47 - [TEST_STEP][PASSED] - sendKeys(findTestObject("ADMIN/Edit Text/Bespoke/Buyer Pages/Search Result Page/input_RATING-HIGHEST_rating_highest"), "*"): Keys '*' sent to object: 'Object Repository/ADMIN/Edit Text/Bespoke/Buyer Pages/Search Result Page/input_RATING-HIGHEST_rating_highest'

2020-03-20 14:10:47 - [MESSAGE][PASSED] - Keys '*' sent to object: 'Object Repository/ADMIN/Edit Text/Bespoke/Buyer Pages/Search Result Page/input_RATING-HIGHEST_rating_highest'

2020-03-20 14:10:47 - [TEST_STEP][PASSED] - sendKeys(findTestObject("ADMIN/Edit Text/Bespoke/Buyer Pages/Search Result Page/input_RATING-LOWEST_rating_highest"), "*"): Keys '*' sent to object: 'Object Repository/ADMIN/Edit Text/Bespoke/Buyer Pages/Search Result Page/input_RATING-LOWEST_rating_highest'

2020-03-20 14:10:48 - [MESSAGE][PASSED] - Keys '*' sent to object: 'Object Repository/ADMIN/Edit Text/Bespoke/Buyer Pages/Search Result Page/input_RATING-LOWEST_rating_highest'

2020-03-20 14:10:48 - [TEST_STEP][PASSED] - sendKeys(findTestObject("ADMIN/Edit Text/Bespoke/Buyer Pages/Search Result Page/input_Sorry_search-no-result-title"), "*"): Keys '*' sent to object: 'Object Repository/ADMIN/Edit Text/Bespoke/Buyer Pages/Search Result Page/input_Sorry_search-no-result-title'

2020-03-20 14:10:48 - [MESSAGE][PASSED] - Keys '*' sent to object: 'Object Repository/ADMIN/Edit Text/Bespoke/Buyer Pages/Search Result Page/input_Sorry_search-no-result-title'

2020-03-20 14:10:48 - [TEST_STEP][PASSED] - sendKeys(findTestObject("ADMIN/Edit Text/Bespoke/Buyer Pages/Search Result Page/textarea_Seems like no matches were found Alternatively check out what others are looking at below"), "*"): Keys '*' sent to object: 'Object Repository/ADMIN/Edit Text/Bespoke/Buyer Pages/Search Result Page/textarea_Seems like no matches were found Alternatively check out what others are looking at below'

2020-03-20 14:10:48 - [MESSAGE][PASSED] - Keys '*' sent to object: 'Object Repository/ADMIN/Edit Text/Bespoke/Buyer Pages/Search Result Page/textarea_Seems like no matches were found Alternatively check out what others are looking at below'

2020-03-20 14:10:48 - [TEST_STEP][PASSED] - click(findTestObject("ADMIN/Edit Text/Bespoke/Buyer Pages/Homepage/button_save"), CONTINUE_ON_FAILURE): Object: 'Object Repository/ADMIN/Edit Text/Bespoke/Buyer Pages/Homepage/button_save' is clicked on

2020-03-20 14:10:49 - [MESSAGE][PASSED] - Object: 'Object Repository/ADMIN/Edit Text/Bespoke/Buyer Pages/Homepage/button_save' is clicked on

2020-03-20 14:10:49 - [TEST_STEP][PASSED] - waitForElementVisible(findTestObject("ADMIN/Edit Text/Bespoke/Buyer Pages/Homepage/toaster_success"), 0): Object 'Object Repository/ADMIN/Edit Text/Bespoke/Buyer Pages/Homepage/toaster_success' is visible

2020-03-20 14:10:49 - [MESSAGE][WARNING] - Timeout '0' is invalid. Using default page load timeout: '30'

2020-03-20 14:10:49 - [MESSAGE][PASSED] - Object 'Object Repository/ADMIN/Edit Text/Bespoke/Buyer Pages/Homepage/toaster_success' is visible]]></system-out>
         <system-err><![CDATA[]]></system-err>
      </testcase>
      <testcase name="Test Cases/ADMIN/Language/Edit Text/Bespoke/Buyer Pages/Search Result Page" time="6.707" classname="Test Cases/ADMIN/Language/Edit Text/Bespoke/Buyer Pages/Search Result Page" status="PASSED">
         <system-out><![CDATA[2020-03-20 14:10:49 - [TEST_CASE][PASSED] - Test Cases/ADMIN/Language/Edit Text/Bespoke/Buyer Pages/Search Result Page: Test Cases/ADMIN/Language/Edit Text/Bespoke/Buyer Pages/Search Result Page

2020-03-20 14:10:49 - [TEST_STEP][PASSED] - waitForElementVisible(findTestObject("ADMIN/Edit Text/Bespoke/Buyer Navigation/dd_language"), 0): Object 'Object Repository/ADMIN/Edit Text/Bespoke/Buyer Navigation/dd_language' is visible

2020-03-20 14:10:49 - [MESSAGE][WARNING] - Timeout '0' is invalid. Using default page load timeout: '30'

2020-03-20 14:10:49 - [MESSAGE][PASSED] - Object 'Object Repository/ADMIN/Edit Text/Bespoke/Buyer Navigation/dd_language' is visible

2020-03-20 14:10:49 - [TEST_STEP][PASSED] - selectOptionByLabel(findTestObject("ADMIN/Edit Text/Bespoke/Buyer Navigation/dd_language"), varLanguage, false): All options with label 'Swedish' are selected in object 'Object Repository/ADMIN/Edit Text/Bespoke/Buyer Navigation/dd_language' 

2020-03-20 14:10:50 - [MESSAGE][PASSED] - All options with label 'Swedish' are selected in object 'Object Repository/ADMIN/Edit Text/Bespoke/Buyer Navigation/dd_language' 

2020-03-20 14:10:50 - [TEST_STEP][PASSED] - sendKeys(findTestObject("ADMIN/Edit Text/Bespoke/Buyer Pages/Search Result Page/input_ALL CATEGORIES_all-categories"), "*"): Keys '*' sent to object: 'Object Repository/ADMIN/Edit Text/Bespoke/Buyer Pages/Search Result Page/input_ALL CATEGORIES_all-categories'

2020-03-20 14:10:51 - [MESSAGE][PASSED] - Keys '*' sent to object: 'Object Repository/ADMIN/Edit Text/Bespoke/Buyer Pages/Search Result Page/input_ALL CATEGORIES_all-categories'

2020-03-20 14:10:51 - [TEST_STEP][PASSED] - sendKeys(findTestObject("ADMIN/Edit Text/Bespoke/Buyer Pages/Search Result Page/input_SEARCH_search"), "*"): Keys '*' sent to object: 'Object Repository/ADMIN/Edit Text/Bespoke/Buyer Pages/Search Result Page/input_SEARCH_search'

2020-03-20 14:10:51 - [MESSAGE][PASSED] - Keys '*' sent to object: 'Object Repository/ADMIN/Edit Text/Bespoke/Buyer Pages/Search Result Page/input_SEARCH_search'

2020-03-20 14:10:51 - [TEST_STEP][PASSED] - sendKeys(findTestObject("ADMIN/Edit Text/Bespoke/Buyer Pages/Search Result Page/input_All of (category)_search-allof"), "*"): Keys '*' sent to object: 'Object Repository/ADMIN/Edit Text/Bespoke/Buyer Pages/Search Result Page/input_All of (category)_search-allof'

2020-03-20 14:10:51 - [MESSAGE][PASSED] - Keys '*' sent to object: 'Object Repository/ADMIN/Edit Text/Bespoke/Buyer Pages/Search Result Page/input_All of (category)_search-allof'

2020-03-20 14:10:51 - [TEST_STEP][PASSED] - sendKeys(findTestObject("ADMIN/Edit Text/Bespoke/Buyer Pages/Search Result Page/input_Search result for_search-result"), "*"): Keys '*' sent to object: 'Object Repository/ADMIN/Edit Text/Bespoke/Buyer Pages/Search Result Page/input_Search result for_search-result'

2020-03-20 14:10:51 - [MESSAGE][PASSED] - Keys '*' sent to object: 'Object Repository/ADMIN/Edit Text/Bespoke/Buyer Pages/Search Result Page/input_Search result for_search-result'

2020-03-20 14:10:51 - [TEST_STEP][PASSED] - sendKeys(findTestObject("ADMIN/Edit Text/Bespoke/Buyer Pages/Search Result Page/input_Items found_item-found"), "*"): Keys '*' sent to object: 'Object Repository/ADMIN/Edit Text/Bespoke/Buyer Pages/Search Result Page/input_Items found_item-found'

2020-03-20 14:10:52 - [MESSAGE][PASSED] - Keys '*' sent to object: 'Object Repository/ADMIN/Edit Text/Bespoke/Buyer Pages/Search Result Page/input_Items found_item-found'

2020-03-20 14:10:52 - [TEST_STEP][PASSED] - sendKeys(findTestObject("ADMIN/Edit Text/Bespoke/Buyer Pages/Search Result Page/input_FILTERS_filter-txt"), "*"): Keys '*' sent to object: 'Object Repository/ADMIN/Edit Text/Bespoke/Buyer Pages/Search Result Page/input_FILTERS_filter-txt'

2020-03-20 14:10:52 - [MESSAGE][PASSED] - Keys '*' sent to object: 'Object Repository/ADMIN/Edit Text/Bespoke/Buyer Pages/Search Result Page/input_FILTERS_filter-txt'

2020-03-20 14:10:52 - [TEST_STEP][PASSED] - sendKeys(findTestObject("ADMIN/Edit Text/Bespoke/Buyer Pages/Search Result Page/input_PRICE RANGE_price-range"), "*"): Keys '*' sent to object: 'Object Repository/ADMIN/Edit Text/Bespoke/Buyer Pages/Search Result Page/input_PRICE RANGE_price-range'

2020-03-20 14:10:52 - [MESSAGE][PASSED] - Keys '*' sent to object: 'Object Repository/ADMIN/Edit Text/Bespoke/Buyer Pages/Search Result Page/input_PRICE RANGE_price-range'

2020-03-20 14:10:52 - [TEST_STEP][PASSED] - sendKeys(findTestObject("ADMIN/Edit Text/Bespoke/Buyer Pages/Search Result Page/input_RESET_btn_reset"), "*"): Keys '*' sent to object: 'Object Repository/ADMIN/Edit Text/Bespoke/Buyer Pages/Search Result Page/input_RESET_btn_reset'

2020-03-20 14:10:52 - [MESSAGE][PASSED] - Keys '*' sent to object: 'Object Repository/ADMIN/Edit Text/Bespoke/Buyer Pages/Search Result Page/input_RESET_btn_reset'

2020-03-20 14:10:52 - [TEST_STEP][PASSED] - sendKeys(findTestObject("ADMIN/Edit Text/Bespoke/Buyer Pages/Search Result Page/input_APPLY_btn_apply"), "*"): Keys '*' sent to object: 'Object Repository/ADMIN/Edit Text/Bespoke/Buyer Pages/Search Result Page/input_APPLY_btn_apply'

2020-03-20 14:10:52 - [MESSAGE][PASSED] - Keys '*' sent to object: 'Object Repository/ADMIN/Edit Text/Bespoke/Buyer Pages/Search Result Page/input_APPLY_btn_apply'

2020-03-20 14:10:52 - [TEST_STEP][PASSED] - sendKeys(findTestObject("ADMIN/Edit Text/Bespoke/Buyer Pages/Search Result Page/input_Relevance_relevance"), "*"): Keys '*' sent to object: 'Object Repository/ADMIN/Edit Text/Bespoke/Buyer Pages/Search Result Page/input_Relevance_relevance'

2020-03-20 14:10:53 - [MESSAGE][PASSED] - Keys '*' sent to object: 'Object Repository/ADMIN/Edit Text/Bespoke/Buyer Pages/Search Result Page/input_Relevance_relevance'

2020-03-20 14:10:53 - [TEST_STEP][PASSED] - sendKeys(findTestObject("ADMIN/Edit Text/Bespoke/Buyer Pages/Search Result Page/input_Item-Oldest_item-oldest"), "*"): Keys '*' sent to object: 'Object Repository/ADMIN/Edit Text/Bespoke/Buyer Pages/Search Result Page/input_Item-Oldest_item-oldest'

2020-03-20 14:10:53 - [MESSAGE][PASSED] - Keys '*' sent to object: 'Object Repository/ADMIN/Edit Text/Bespoke/Buyer Pages/Search Result Page/input_Item-Oldest_item-oldest'

2020-03-20 14:10:53 - [TEST_STEP][PASSED] - sendKeys(findTestObject("ADMIN/Edit Text/Bespoke/Buyer Pages/Search Result Page/input_Item-Newest_item-newest"), "*"): Keys '*' sent to object: 'Object Repository/ADMIN/Edit Text/Bespoke/Buyer Pages/Search Result Page/input_Item-Newest_item-newest'

2020-03-20 14:10:53 - [MESSAGE][PASSED] - Keys '*' sent to object: 'Object Repository/ADMIN/Edit Text/Bespoke/Buyer Pages/Search Result Page/input_Item-Newest_item-newest'

2020-03-20 14:10:53 - [TEST_STEP][PASSED] - sendKeys(findTestObject("ADMIN/Edit Text/Bespoke/Buyer Pages/Search Result Page/input_Price-Lowest_price-lowest"), "*"): Keys '*' sent to object: 'Object Repository/ADMIN/Edit Text/Bespoke/Buyer Pages/Search Result Page/input_Price-Lowest_price-lowest'

2020-03-20 14:10:53 - [MESSAGE][PASSED] - Keys '*' sent to object: 'Object Repository/ADMIN/Edit Text/Bespoke/Buyer Pages/Search Result Page/input_Price-Lowest_price-lowest'

2020-03-20 14:10:53 - [TEST_STEP][PASSED] - sendKeys(findTestObject("ADMIN/Edit Text/Bespoke/Buyer Pages/Search Result Page/input_Price-Highest_price-highest"), "*"): Keys '*' sent to object: 'Object Repository/ADMIN/Edit Text/Bespoke/Buyer Pages/Search Result Page/input_Price-Highest_price-highest'

2020-03-20 14:10:53 - [MESSAGE][PASSED] - Keys '*' sent to object: 'Object Repository/ADMIN/Edit Text/Bespoke/Buyer Pages/Search Result Page/input_Price-Highest_price-highest'

2020-03-20 14:10:53 - [TEST_STEP][PASSED] - sendKeys(findTestObject("ADMIN/Edit Text/Bespoke/Buyer Pages/Search Result Page/input_Name-Ascending_name-ascending"), "*"): Keys '*' sent to object: 'Object Repository/ADMIN/Edit Text/Bespoke/Buyer Pages/Search Result Page/input_Name-Ascending_name-ascending'

2020-03-20 14:10:54 - [MESSAGE][PASSED] - Keys '*' sent to object: 'Object Repository/ADMIN/Edit Text/Bespoke/Buyer Pages/Search Result Page/input_Name-Ascending_name-ascending'

2020-03-20 14:10:54 - [TEST_STEP][PASSED] - sendKeys(findTestObject("ADMIN/Edit Text/Bespoke/Buyer Pages/Search Result Page/input_Name-Descending_name-decending"), "*"): Keys '*' sent to object: 'Object Repository/ADMIN/Edit Text/Bespoke/Buyer Pages/Search Result Page/input_Name-Descending_name-decending'

2020-03-20 14:10:54 - [MESSAGE][PASSED] - Keys '*' sent to object: 'Object Repository/ADMIN/Edit Text/Bespoke/Buyer Pages/Search Result Page/input_Name-Descending_name-decending'

2020-03-20 14:10:54 - [TEST_STEP][PASSED] - sendKeys(findTestObject("ADMIN/Edit Text/Bespoke/Buyer Pages/Search Result Page/input_RATING-HIGHEST_rating_highest"), "*"): Keys '*' sent to object: 'Object Repository/ADMIN/Edit Text/Bespoke/Buyer Pages/Search Result Page/input_RATING-HIGHEST_rating_highest'

2020-03-20 14:10:54 - [MESSAGE][PASSED] - Keys '*' sent to object: 'Object Repository/ADMIN/Edit Text/Bespoke/Buyer Pages/Search Result Page/input_RATING-HIGHEST_rating_highest'

2020-03-20 14:10:54 - [TEST_STEP][PASSED] - sendKeys(findTestObject("ADMIN/Edit Text/Bespoke/Buyer Pages/Search Result Page/input_RATING-LOWEST_rating_highest"), "*"): Keys '*' sent to object: 'Object Repository/ADMIN/Edit Text/Bespoke/Buyer Pages/Search Result Page/input_RATING-LOWEST_rating_highest'

2020-03-20 14:10:54 - [MESSAGE][PASSED] - Keys '*' sent to object: 'Object Repository/ADMIN/Edit Text/Bespoke/Buyer Pages/Search Result Page/input_RATING-LOWEST_rating_highest'

2020-03-20 14:10:54 - [TEST_STEP][PASSED] - sendKeys(findTestObject("ADMIN/Edit Text/Bespoke/Buyer Pages/Search Result Page/input_Sorry_search-no-result-title"), "*"): Keys '*' sent to object: 'Object Repository/ADMIN/Edit Text/Bespoke/Buyer Pages/Search Result Page/input_Sorry_search-no-result-title'

2020-03-20 14:10:55 - [MESSAGE][PASSED] - Keys '*' sent to object: 'Object Repository/ADMIN/Edit Text/Bespoke/Buyer Pages/Search Result Page/input_Sorry_search-no-result-title'

2020-03-20 14:10:55 - [TEST_STEP][PASSED] - sendKeys(findTestObject("ADMIN/Edit Text/Bespoke/Buyer Pages/Search Result Page/textarea_Seems like no matches were found Alternatively check out what others are looking at below"), "*"): Keys '*' sent to object: 'Object Repository/ADMIN/Edit Text/Bespoke/Buyer Pages/Search Result Page/textarea_Seems like no matches were found Alternatively check out what others are looking at below'

2020-03-20 14:10:55 - [MESSAGE][PASSED] - Keys '*' sent to object: 'Object Repository/ADMIN/Edit Text/Bespoke/Buyer Pages/Search Result Page/textarea_Seems like no matches were found Alternatively check out what others are looking at below'

2020-03-20 14:10:55 - [TEST_STEP][PASSED] - click(findTestObject("ADMIN/Edit Text/Bespoke/Buyer Pages/Homepage/button_save"), CONTINUE_ON_FAILURE): Object: 'Object Repository/ADMIN/Edit Text/Bespoke/Buyer Pages/Homepage/button_save' is clicked on

2020-03-20 14:10:55 - [MESSAGE][PASSED] - Object: 'Object Repository/ADMIN/Edit Text/Bespoke/Buyer Pages/Homepage/button_save' is clicked on

2020-03-20 14:10:55 - [TEST_STEP][PASSED] - waitForElementVisible(findTestObject("ADMIN/Edit Text/Bespoke/Buyer Pages/Homepage/toaster_success"), 0): Object 'Object Repository/ADMIN/Edit Text/Bespoke/Buyer Pages/Homepage/toaster_success' is visible

2020-03-20 14:10:55 - [MESSAGE][WARNING] - Timeout '0' is invalid. Using default page load timeout: '30'

2020-03-20 14:10:56 - [MESSAGE][PASSED] - Object 'Object Repository/ADMIN/Edit Text/Bespoke/Buyer Pages/Homepage/toaster_success' is visible]]></system-out>
         <system-err><![CDATA[]]></system-err>
      </testcase>
      <testcase name="Test Cases/ADMIN/Language/Edit Text/Bespoke/Buyer Pages/Search Result Page" time="6.44" classname="Test Cases/ADMIN/Language/Edit Text/Bespoke/Buyer Pages/Search Result Page" status="PASSED">
         <system-out><![CDATA[2020-03-20 14:10:56 - [TEST_CASE][PASSED] - Test Cases/ADMIN/Language/Edit Text/Bespoke/Buyer Pages/Search Result Page: Test Cases/ADMIN/Language/Edit Text/Bespoke/Buyer Pages/Search Result Page

2020-03-20 14:10:56 - [TEST_STEP][PASSED] - waitForElementVisible(findTestObject("ADMIN/Edit Text/Bespoke/Buyer Navigation/dd_language"), 0): Object 'Object Repository/ADMIN/Edit Text/Bespoke/Buyer Navigation/dd_language' is visible

2020-03-20 14:10:56 - [MESSAGE][WARNING] - Timeout '0' is invalid. Using default page load timeout: '30'

2020-03-20 14:10:56 - [MESSAGE][PASSED] - Object 'Object Repository/ADMIN/Edit Text/Bespoke/Buyer Navigation/dd_language' is visible

2020-03-20 14:10:56 - [TEST_STEP][PASSED] - selectOptionByLabel(findTestObject("ADMIN/Edit Text/Bespoke/Buyer Navigation/dd_language"), varLanguage, false): All options with label 'Chinese (Simplified)' are selected in object 'Object Repository/ADMIN/Edit Text/Bespoke/Buyer Navigation/dd_language' 

2020-03-20 14:10:57 - [MESSAGE][PASSED] - All options with label 'Chinese (Simplified)' are selected in object 'Object Repository/ADMIN/Edit Text/Bespoke/Buyer Navigation/dd_language' 

2020-03-20 14:10:57 - [TEST_STEP][PASSED] - sendKeys(findTestObject("ADMIN/Edit Text/Bespoke/Buyer Pages/Search Result Page/input_ALL CATEGORIES_all-categories"), "*"): Keys '*' sent to object: 'Object Repository/ADMIN/Edit Text/Bespoke/Buyer Pages/Search Result Page/input_ALL CATEGORIES_all-categories'

2020-03-20 14:10:57 - [MESSAGE][PASSED] - Keys '*' sent to object: 'Object Repository/ADMIN/Edit Text/Bespoke/Buyer Pages/Search Result Page/input_ALL CATEGORIES_all-categories'

2020-03-20 14:10:57 - [TEST_STEP][PASSED] - sendKeys(findTestObject("ADMIN/Edit Text/Bespoke/Buyer Pages/Search Result Page/input_SEARCH_search"), "*"): Keys '*' sent to object: 'Object Repository/ADMIN/Edit Text/Bespoke/Buyer Pages/Search Result Page/input_SEARCH_search'

2020-03-20 14:10:57 - [MESSAGE][PASSED] - Keys '*' sent to object: 'Object Repository/ADMIN/Edit Text/Bespoke/Buyer Pages/Search Result Page/input_SEARCH_search'

2020-03-20 14:10:57 - [TEST_STEP][PASSED] - sendKeys(findTestObject("ADMIN/Edit Text/Bespoke/Buyer Pages/Search Result Page/input_All of (category)_search-allof"), "*"): Keys '*' sent to object: 'Object Repository/ADMIN/Edit Text/Bespoke/Buyer Pages/Search Result Page/input_All of (category)_search-allof'

2020-03-20 14:10:58 - [MESSAGE][PASSED] - Keys '*' sent to object: 'Object Repository/ADMIN/Edit Text/Bespoke/Buyer Pages/Search Result Page/input_All of (category)_search-allof'

2020-03-20 14:10:58 - [TEST_STEP][PASSED] - sendKeys(findTestObject("ADMIN/Edit Text/Bespoke/Buyer Pages/Search Result Page/input_Search result for_search-result"), "*"): Keys '*' sent to object: 'Object Repository/ADMIN/Edit Text/Bespoke/Buyer Pages/Search Result Page/input_Search result for_search-result'

2020-03-20 14:10:58 - [MESSAGE][PASSED] - Keys '*' sent to object: 'Object Repository/ADMIN/Edit Text/Bespoke/Buyer Pages/Search Result Page/input_Search result for_search-result'

2020-03-20 14:10:58 - [TEST_STEP][PASSED] - sendKeys(findTestObject("ADMIN/Edit Text/Bespoke/Buyer Pages/Search Result Page/input_Items found_item-found"), "*"): Keys '*' sent to object: 'Object Repository/ADMIN/Edit Text/Bespoke/Buyer Pages/Search Result Page/input_Items found_item-found'

2020-03-20 14:10:58 - [MESSAGE][PASSED] - Keys '*' sent to object: 'Object Repository/ADMIN/Edit Text/Bespoke/Buyer Pages/Search Result Page/input_Items found_item-found'

2020-03-20 14:10:58 - [TEST_STEP][PASSED] - sendKeys(findTestObject("ADMIN/Edit Text/Bespoke/Buyer Pages/Search Result Page/input_FILTERS_filter-txt"), "*"): Keys '*' sent to object: 'Object Repository/ADMIN/Edit Text/Bespoke/Buyer Pages/Search Result Page/input_FILTERS_filter-txt'

2020-03-20 14:10:58 - [MESSAGE][PASSED] - Keys '*' sent to object: 'Object Repository/ADMIN/Edit Text/Bespoke/Buyer Pages/Search Result Page/input_FILTERS_filter-txt'

2020-03-20 14:10:58 - [TEST_STEP][PASSED] - sendKeys(findTestObject("ADMIN/Edit Text/Bespoke/Buyer Pages/Search Result Page/input_PRICE RANGE_price-range"), "*"): Keys '*' sent to object: 'Object Repository/ADMIN/Edit Text/Bespoke/Buyer Pages/Search Result Page/input_PRICE RANGE_price-range'

2020-03-20 14:10:59 - [MESSAGE][PASSED] - Keys '*' sent to object: 'Object Repository/ADMIN/Edit Text/Bespoke/Buyer Pages/Search Result Page/input_PRICE RANGE_price-range'

2020-03-20 14:10:59 - [TEST_STEP][PASSED] - sendKeys(findTestObject("ADMIN/Edit Text/Bespoke/Buyer Pages/Search Result Page/input_RESET_btn_reset"), "*"): Keys '*' sent to object: 'Object Repository/ADMIN/Edit Text/Bespoke/Buyer Pages/Search Result Page/input_RESET_btn_reset'

2020-03-20 14:10:59 - [MESSAGE][PASSED] - Keys '*' sent to object: 'Object Repository/ADMIN/Edit Text/Bespoke/Buyer Pages/Search Result Page/input_RESET_btn_reset'

2020-03-20 14:10:59 - [TEST_STEP][PASSED] - sendKeys(findTestObject("ADMIN/Edit Text/Bespoke/Buyer Pages/Search Result Page/input_APPLY_btn_apply"), "*"): Keys '*' sent to object: 'Object Repository/ADMIN/Edit Text/Bespoke/Buyer Pages/Search Result Page/input_APPLY_btn_apply'

2020-03-20 14:10:59 - [MESSAGE][PASSED] - Keys '*' sent to object: 'Object Repository/ADMIN/Edit Text/Bespoke/Buyer Pages/Search Result Page/input_APPLY_btn_apply'

2020-03-20 14:10:59 - [TEST_STEP][PASSED] - sendKeys(findTestObject("ADMIN/Edit Text/Bespoke/Buyer Pages/Search Result Page/input_Relevance_relevance"), "*"): Keys '*' sent to object: 'Object Repository/ADMIN/Edit Text/Bespoke/Buyer Pages/Search Result Page/input_Relevance_relevance'

2020-03-20 14:10:59 - [MESSAGE][PASSED] - Keys '*' sent to object: 'Object Repository/ADMIN/Edit Text/Bespoke/Buyer Pages/Search Result Page/input_Relevance_relevance'

2020-03-20 14:10:59 - [TEST_STEP][PASSED] - sendKeys(findTestObject("ADMIN/Edit Text/Bespoke/Buyer Pages/Search Result Page/input_Item-Oldest_item-oldest"), "*"): Keys '*' sent to object: 'Object Repository/ADMIN/Edit Text/Bespoke/Buyer Pages/Search Result Page/input_Item-Oldest_item-oldest'

2020-03-20 14:10:59 - [MESSAGE][PASSED] - Keys '*' sent to object: 'Object Repository/ADMIN/Edit Text/Bespoke/Buyer Pages/Search Result Page/input_Item-Oldest_item-oldest'

2020-03-20 14:10:59 - [TEST_STEP][PASSED] - sendKeys(findTestObject("ADMIN/Edit Text/Bespoke/Buyer Pages/Search Result Page/input_Item-Newest_item-newest"), "*"): Keys '*' sent to object: 'Object Repository/ADMIN/Edit Text/Bespoke/Buyer Pages/Search Result Page/input_Item-Newest_item-newest'

2020-03-20 14:11:00 - [MESSAGE][PASSED] - Keys '*' sent to object: 'Object Repository/ADMIN/Edit Text/Bespoke/Buyer Pages/Search Result Page/input_Item-Newest_item-newest'

2020-03-20 14:11:00 - [TEST_STEP][PASSED] - sendKeys(findTestObject("ADMIN/Edit Text/Bespoke/Buyer Pages/Search Result Page/input_Price-Lowest_price-lowest"), "*"): Keys '*' sent to object: 'Object Repository/ADMIN/Edit Text/Bespoke/Buyer Pages/Search Result Page/input_Price-Lowest_price-lowest'

2020-03-20 14:11:00 - [MESSAGE][PASSED] - Keys '*' sent to object: 'Object Repository/ADMIN/Edit Text/Bespoke/Buyer Pages/Search Result Page/input_Price-Lowest_price-lowest'

2020-03-20 14:11:00 - [TEST_STEP][PASSED] - sendKeys(findTestObject("ADMIN/Edit Text/Bespoke/Buyer Pages/Search Result Page/input_Price-Highest_price-highest"), "*"): Keys '*' sent to object: 'Object Repository/ADMIN/Edit Text/Bespoke/Buyer Pages/Search Result Page/input_Price-Highest_price-highest'

2020-03-20 14:11:00 - [MESSAGE][PASSED] - Keys '*' sent to object: 'Object Repository/ADMIN/Edit Text/Bespoke/Buyer Pages/Search Result Page/input_Price-Highest_price-highest'

2020-03-20 14:11:00 - [TEST_STEP][PASSED] - sendKeys(findTestObject("ADMIN/Edit Text/Bespoke/Buyer Pages/Search Result Page/input_Name-Ascending_name-ascending"), "*"): Keys '*' sent to object: 'Object Repository/ADMIN/Edit Text/Bespoke/Buyer Pages/Search Result Page/input_Name-Ascending_name-ascending'

2020-03-20 14:11:00 - [MESSAGE][PASSED] - Keys '*' sent to object: 'Object Repository/ADMIN/Edit Text/Bespoke/Buyer Pages/Search Result Page/input_Name-Ascending_name-ascending'

2020-03-20 14:11:00 - [TEST_STEP][PASSED] - sendKeys(findTestObject("ADMIN/Edit Text/Bespoke/Buyer Pages/Search Result Page/input_Name-Descending_name-decending"), "*"): Keys '*' sent to object: 'Object Repository/ADMIN/Edit Text/Bespoke/Buyer Pages/Search Result Page/input_Name-Descending_name-decending'

2020-03-20 14:11:00 - [MESSAGE][PASSED] - Keys '*' sent to object: 'Object Repository/ADMIN/Edit Text/Bespoke/Buyer Pages/Search Result Page/input_Name-Descending_name-decending'

2020-03-20 14:11:00 - [TEST_STEP][PASSED] - sendKeys(findTestObject("ADMIN/Edit Text/Bespoke/Buyer Pages/Search Result Page/input_RATING-HIGHEST_rating_highest"), "*"): Keys '*' sent to object: 'Object Repository/ADMIN/Edit Text/Bespoke/Buyer Pages/Search Result Page/input_RATING-HIGHEST_rating_highest'

2020-03-20 14:11:01 - [MESSAGE][PASSED] - Keys '*' sent to object: 'Object Repository/ADMIN/Edit Text/Bespoke/Buyer Pages/Search Result Page/input_RATING-HIGHEST_rating_highest'

2020-03-20 14:11:01 - [TEST_STEP][PASSED] - sendKeys(findTestObject("ADMIN/Edit Text/Bespoke/Buyer Pages/Search Result Page/input_RATING-LOWEST_rating_highest"), "*"): Keys '*' sent to object: 'Object Repository/ADMIN/Edit Text/Bespoke/Buyer Pages/Search Result Page/input_RATING-LOWEST_rating_highest'

2020-03-20 14:11:01 - [MESSAGE][PASSED] - Keys '*' sent to object: 'Object Repository/ADMIN/Edit Text/Bespoke/Buyer Pages/Search Result Page/input_RATING-LOWEST_rating_highest'

2020-03-20 14:11:01 - [TEST_STEP][PASSED] - sendKeys(findTestObject("ADMIN/Edit Text/Bespoke/Buyer Pages/Search Result Page/input_Sorry_search-no-result-title"), "*"): Keys '*' sent to object: 'Object Repository/ADMIN/Edit Text/Bespoke/Buyer Pages/Search Result Page/input_Sorry_search-no-result-title'

2020-03-20 14:11:01 - [MESSAGE][PASSED] - Keys '*' sent to object: 'Object Repository/ADMIN/Edit Text/Bespoke/Buyer Pages/Search Result Page/input_Sorry_search-no-result-title'

2020-03-20 14:11:01 - [TEST_STEP][PASSED] - sendKeys(findTestObject("ADMIN/Edit Text/Bespoke/Buyer Pages/Search Result Page/textarea_Seems like no matches were found Alternatively check out what others are looking at below"), "*"): Keys '*' sent to object: 'Object Repository/ADMIN/Edit Text/Bespoke/Buyer Pages/Search Result Page/textarea_Seems like no matches were found Alternatively check out what others are looking at below'

2020-03-20 14:11:01 - [MESSAGE][PASSED] - Keys '*' sent to object: 'Object Repository/ADMIN/Edit Text/Bespoke/Buyer Pages/Search Result Page/textarea_Seems like no matches were found Alternatively check out what others are looking at below'

2020-03-20 14:11:01 - [TEST_STEP][PASSED] - click(findTestObject("ADMIN/Edit Text/Bespoke/Buyer Pages/Homepage/button_save"), CONTINUE_ON_FAILURE): Object: 'Object Repository/ADMIN/Edit Text/Bespoke/Buyer Pages/Homepage/button_save' is clicked on

2020-03-20 14:11:02 - [MESSAGE][PASSED] - Object: 'Object Repository/ADMIN/Edit Text/Bespoke/Buyer Pages/Homepage/button_save' is clicked on

2020-03-20 14:11:02 - [TEST_STEP][PASSED] - waitForElementVisible(findTestObject("ADMIN/Edit Text/Bespoke/Buyer Pages/Homepage/toaster_success"), 0): Object 'Object Repository/ADMIN/Edit Text/Bespoke/Buyer Pages/Homepage/toaster_success' is visible

2020-03-20 14:11:02 - [MESSAGE][WARNING] - Timeout '0' is invalid. Using default page load timeout: '30'

2020-03-20 14:11:02 - [MESSAGE][PASSED] - Object 'Object Repository/ADMIN/Edit Text/Bespoke/Buyer Pages/Homepage/toaster_success' is visible]]></system-out>
         <system-err><![CDATA[]]></system-err>
      </testcase>
      <testcase name="Test Cases/ADMIN/Language/Edit Text/Bespoke/Buyer Pages/Search Result Page" time="6.98" classname="Test Cases/ADMIN/Language/Edit Text/Bespoke/Buyer Pages/Search Result Page" status="PASSED">
         <system-out><![CDATA[2020-03-20 14:11:02 - [TEST_CASE][PASSED] - Test Cases/ADMIN/Language/Edit Text/Bespoke/Buyer Pages/Search Result Page: Test Cases/ADMIN/Language/Edit Text/Bespoke/Buyer Pages/Search Result Page

2020-03-20 14:11:02 - [TEST_STEP][PASSED] - waitForElementVisible(findTestObject("ADMIN/Edit Text/Bespoke/Buyer Navigation/dd_language"), 0): Object 'Object Repository/ADMIN/Edit Text/Bespoke/Buyer Navigation/dd_language' is visible

2020-03-20 14:11:02 - [MESSAGE][WARNING] - Timeout '0' is invalid. Using default page load timeout: '30'

2020-03-20 14:11:03 - [MESSAGE][PASSED] - Object 'Object Repository/ADMIN/Edit Text/Bespoke/Buyer Navigation/dd_language' is visible

2020-03-20 14:11:03 - [TEST_STEP][PASSED] - selectOptionByLabel(findTestObject("ADMIN/Edit Text/Bespoke/Buyer Navigation/dd_language"), varLanguage, false): All options with label 'Hebrew' are selected in object 'Object Repository/ADMIN/Edit Text/Bespoke/Buyer Navigation/dd_language' 

2020-03-20 14:11:03 - [MESSAGE][PASSED] - All options with label 'Hebrew' are selected in object 'Object Repository/ADMIN/Edit Text/Bespoke/Buyer Navigation/dd_language' 

2020-03-20 14:11:03 - [TEST_STEP][PASSED] - sendKeys(findTestObject("ADMIN/Edit Text/Bespoke/Buyer Pages/Search Result Page/input_ALL CATEGORIES_all-categories"), "*"): Keys '*' sent to object: 'Object Repository/ADMIN/Edit Text/Bespoke/Buyer Pages/Search Result Page/input_ALL CATEGORIES_all-categories'

2020-03-20 14:11:04 - [MESSAGE][PASSED] - Keys '*' sent to object: 'Object Repository/ADMIN/Edit Text/Bespoke/Buyer Pages/Search Result Page/input_ALL CATEGORIES_all-categories'

2020-03-20 14:11:04 - [TEST_STEP][PASSED] - sendKeys(findTestObject("ADMIN/Edit Text/Bespoke/Buyer Pages/Search Result Page/input_SEARCH_search"), "*"): Keys '*' sent to object: 'Object Repository/ADMIN/Edit Text/Bespoke/Buyer Pages/Search Result Page/input_SEARCH_search'

2020-03-20 14:11:04 - [MESSAGE][PASSED] - Keys '*' sent to object: 'Object Repository/ADMIN/Edit Text/Bespoke/Buyer Pages/Search Result Page/input_SEARCH_search'

2020-03-20 14:11:04 - [TEST_STEP][PASSED] - sendKeys(findTestObject("ADMIN/Edit Text/Bespoke/Buyer Pages/Search Result Page/input_All of (category)_search-allof"), "*"): Keys '*' sent to object: 'Object Repository/ADMIN/Edit Text/Bespoke/Buyer Pages/Search Result Page/input_All of (category)_search-allof'

2020-03-20 14:11:05 - [MESSAGE][PASSED] - Keys '*' sent to object: 'Object Repository/ADMIN/Edit Text/Bespoke/Buyer Pages/Search Result Page/input_All of (category)_search-allof'

2020-03-20 14:11:05 - [TEST_STEP][PASSED] - sendKeys(findTestObject("ADMIN/Edit Text/Bespoke/Buyer Pages/Search Result Page/input_Search result for_search-result"), "*"): Keys '*' sent to object: 'Object Repository/ADMIN/Edit Text/Bespoke/Buyer Pages/Search Result Page/input_Search result for_search-result'

2020-03-20 14:11:05 - [MESSAGE][PASSED] - Keys '*' sent to object: 'Object Repository/ADMIN/Edit Text/Bespoke/Buyer Pages/Search Result Page/input_Search result for_search-result'

2020-03-20 14:11:05 - [TEST_STEP][PASSED] - sendKeys(findTestObject("ADMIN/Edit Text/Bespoke/Buyer Pages/Search Result Page/input_Items found_item-found"), "*"): Keys '*' sent to object: 'Object Repository/ADMIN/Edit Text/Bespoke/Buyer Pages/Search Result Page/input_Items found_item-found'

2020-03-20 14:11:05 - [MESSAGE][PASSED] - Keys '*' sent to object: 'Object Repository/ADMIN/Edit Text/Bespoke/Buyer Pages/Search Result Page/input_Items found_item-found'

2020-03-20 14:11:05 - [TEST_STEP][PASSED] - sendKeys(findTestObject("ADMIN/Edit Text/Bespoke/Buyer Pages/Search Result Page/input_FILTERS_filter-txt"), "*"): Keys '*' sent to object: 'Object Repository/ADMIN/Edit Text/Bespoke/Buyer Pages/Search Result Page/input_FILTERS_filter-txt'

2020-03-20 14:11:05 - [MESSAGE][PASSED] - Keys '*' sent to object: 'Object Repository/ADMIN/Edit Text/Bespoke/Buyer Pages/Search Result Page/input_FILTERS_filter-txt'

2020-03-20 14:11:05 - [TEST_STEP][PASSED] - sendKeys(findTestObject("ADMIN/Edit Text/Bespoke/Buyer Pages/Search Result Page/input_PRICE RANGE_price-range"), "*"): Keys '*' sent to object: 'Object Repository/ADMIN/Edit Text/Bespoke/Buyer Pages/Search Result Page/input_PRICE RANGE_price-range'

2020-03-20 14:11:05 - [MESSAGE][PASSED] - Keys '*' sent to object: 'Object Repository/ADMIN/Edit Text/Bespoke/Buyer Pages/Search Result Page/input_PRICE RANGE_price-range'

2020-03-20 14:11:05 - [TEST_STEP][PASSED] - sendKeys(findTestObject("ADMIN/Edit Text/Bespoke/Buyer Pages/Search Result Page/input_RESET_btn_reset"), "*"): Keys '*' sent to object: 'Object Repository/ADMIN/Edit Text/Bespoke/Buyer Pages/Search Result Page/input_RESET_btn_reset'

2020-03-20 14:11:06 - [MESSAGE][PASSED] - Keys '*' sent to object: 'Object Repository/ADMIN/Edit Text/Bespoke/Buyer Pages/Search Result Page/input_RESET_btn_reset'

2020-03-20 14:11:06 - [TEST_STEP][PASSED] - sendKeys(findTestObject("ADMIN/Edit Text/Bespoke/Buyer Pages/Search Result Page/input_APPLY_btn_apply"), "*"): Keys '*' sent to object: 'Object Repository/ADMIN/Edit Text/Bespoke/Buyer Pages/Search Result Page/input_APPLY_btn_apply'

2020-03-20 14:11:06 - [MESSAGE][PASSED] - Keys '*' sent to object: 'Object Repository/ADMIN/Edit Text/Bespoke/Buyer Pages/Search Result Page/input_APPLY_btn_apply'

2020-03-20 14:11:06 - [TEST_STEP][PASSED] - sendKeys(findTestObject("ADMIN/Edit Text/Bespoke/Buyer Pages/Search Result Page/input_Relevance_relevance"), "*"): Keys '*' sent to object: 'Object Repository/ADMIN/Edit Text/Bespoke/Buyer Pages/Search Result Page/input_Relevance_relevance'

2020-03-20 14:11:06 - [MESSAGE][PASSED] - Keys '*' sent to object: 'Object Repository/ADMIN/Edit Text/Bespoke/Buyer Pages/Search Result Page/input_Relevance_relevance'

2020-03-20 14:11:06 - [TEST_STEP][PASSED] - sendKeys(findTestObject("ADMIN/Edit Text/Bespoke/Buyer Pages/Search Result Page/input_Item-Oldest_item-oldest"), "*"): Keys '*' sent to object: 'Object Repository/ADMIN/Edit Text/Bespoke/Buyer Pages/Search Result Page/input_Item-Oldest_item-oldest'

2020-03-20 14:11:06 - [MESSAGE][PASSED] - Keys '*' sent to object: 'Object Repository/ADMIN/Edit Text/Bespoke/Buyer Pages/Search Result Page/input_Item-Oldest_item-oldest'

2020-03-20 14:11:06 - [TEST_STEP][PASSED] - sendKeys(findTestObject("ADMIN/Edit Text/Bespoke/Buyer Pages/Search Result Page/input_Item-Newest_item-newest"), "*"): Keys '*' sent to object: 'Object Repository/ADMIN/Edit Text/Bespoke/Buyer Pages/Search Result Page/input_Item-Newest_item-newest'

2020-03-20 14:11:06 - [MESSAGE][PASSED] - Keys '*' sent to object: 'Object Repository/ADMIN/Edit Text/Bespoke/Buyer Pages/Search Result Page/input_Item-Newest_item-newest'

2020-03-20 14:11:06 - [TEST_STEP][PASSED] - sendKeys(findTestObject("ADMIN/Edit Text/Bespoke/Buyer Pages/Search Result Page/input_Price-Lowest_price-lowest"), "*"): Keys '*' sent to object: 'Object Repository/ADMIN/Edit Text/Bespoke/Buyer Pages/Search Result Page/input_Price-Lowest_price-lowest'

2020-03-20 14:11:07 - [MESSAGE][PASSED] - Keys '*' sent to object: 'Object Repository/ADMIN/Edit Text/Bespoke/Buyer Pages/Search Result Page/input_Price-Lowest_price-lowest'

2020-03-20 14:11:07 - [TEST_STEP][PASSED] - sendKeys(findTestObject("ADMIN/Edit Text/Bespoke/Buyer Pages/Search Result Page/input_Price-Highest_price-highest"), "*"): Keys '*' sent to object: 'Object Repository/ADMIN/Edit Text/Bespoke/Buyer Pages/Search Result Page/input_Price-Highest_price-highest'

2020-03-20 14:11:07 - [MESSAGE][PASSED] - Keys '*' sent to object: 'Object Repository/ADMIN/Edit Text/Bespoke/Buyer Pages/Search Result Page/input_Price-Highest_price-highest'

2020-03-20 14:11:07 - [TEST_STEP][PASSED] - sendKeys(findTestObject("ADMIN/Edit Text/Bespoke/Buyer Pages/Search Result Page/input_Name-Ascending_name-ascending"), "*"): Keys '*' sent to object: 'Object Repository/ADMIN/Edit Text/Bespoke/Buyer Pages/Search Result Page/input_Name-Ascending_name-ascending'

2020-03-20 14:11:07 - [MESSAGE][PASSED] - Keys '*' sent to object: 'Object Repository/ADMIN/Edit Text/Bespoke/Buyer Pages/Search Result Page/input_Name-Ascending_name-ascending'

2020-03-20 14:11:07 - [TEST_STEP][PASSED] - sendKeys(findTestObject("ADMIN/Edit Text/Bespoke/Buyer Pages/Search Result Page/input_Name-Descending_name-decending"), "*"): Keys '*' sent to object: 'Object Repository/ADMIN/Edit Text/Bespoke/Buyer Pages/Search Result Page/input_Name-Descending_name-decending'

2020-03-20 14:11:07 - [MESSAGE][PASSED] - Keys '*' sent to object: 'Object Repository/ADMIN/Edit Text/Bespoke/Buyer Pages/Search Result Page/input_Name-Descending_name-decending'

2020-03-20 14:11:07 - [TEST_STEP][PASSED] - sendKeys(findTestObject("ADMIN/Edit Text/Bespoke/Buyer Pages/Search Result Page/input_RATING-HIGHEST_rating_highest"), "*"): Keys '*' sent to object: 'Object Repository/ADMIN/Edit Text/Bespoke/Buyer Pages/Search Result Page/input_RATING-HIGHEST_rating_highest'

2020-03-20 14:11:07 - [MESSAGE][PASSED] - Keys '*' sent to object: 'Object Repository/ADMIN/Edit Text/Bespoke/Buyer Pages/Search Result Page/input_RATING-HIGHEST_rating_highest'

2020-03-20 14:11:07 - [TEST_STEP][PASSED] - sendKeys(findTestObject("ADMIN/Edit Text/Bespoke/Buyer Pages/Search Result Page/input_RATING-LOWEST_rating_highest"), "*"): Keys '*' sent to object: 'Object Repository/ADMIN/Edit Text/Bespoke/Buyer Pages/Search Result Page/input_RATING-LOWEST_rating_highest'

2020-03-20 14:11:08 - [MESSAGE][PASSED] - Keys '*' sent to object: 'Object Repository/ADMIN/Edit Text/Bespoke/Buyer Pages/Search Result Page/input_RATING-LOWEST_rating_highest'

2020-03-20 14:11:08 - [TEST_STEP][PASSED] - sendKeys(findTestObject("ADMIN/Edit Text/Bespoke/Buyer Pages/Search Result Page/input_Sorry_search-no-result-title"), "*"): Keys '*' sent to object: 'Object Repository/ADMIN/Edit Text/Bespoke/Buyer Pages/Search Result Page/input_Sorry_search-no-result-title'

2020-03-20 14:11:08 - [MESSAGE][PASSED] - Keys '*' sent to object: 'Object Repository/ADMIN/Edit Text/Bespoke/Buyer Pages/Search Result Page/input_Sorry_search-no-result-title'

2020-03-20 14:11:08 - [TEST_STEP][PASSED] - sendKeys(findTestObject("ADMIN/Edit Text/Bespoke/Buyer Pages/Search Result Page/textarea_Seems like no matches were found Alternatively check out what others are looking at below"), "*"): Keys '*' sent to object: 'Object Repository/ADMIN/Edit Text/Bespoke/Buyer Pages/Search Result Page/textarea_Seems like no matches were found Alternatively check out what others are looking at below'

2020-03-20 14:11:08 - [MESSAGE][PASSED] - Keys '*' sent to object: 'Object Repository/ADMIN/Edit Text/Bespoke/Buyer Pages/Search Result Page/textarea_Seems like no matches were found Alternatively check out what others are looking at below'

2020-03-20 14:11:08 - [TEST_STEP][PASSED] - click(findTestObject("ADMIN/Edit Text/Bespoke/Buyer Pages/Homepage/button_save"), CONTINUE_ON_FAILURE): Object: 'Object Repository/ADMIN/Edit Text/Bespoke/Buyer Pages/Homepage/button_save' is clicked on

2020-03-20 14:11:08 - [MESSAGE][PASSED] - Object: 'Object Repository/ADMIN/Edit Text/Bespoke/Buyer Pages/Homepage/button_save' is clicked on

2020-03-20 14:11:08 - [TEST_STEP][PASSED] - waitForElementVisible(findTestObject("ADMIN/Edit Text/Bespoke/Buyer Pages/Homepage/toaster_success"), 0): Object 'Object Repository/ADMIN/Edit Text/Bespoke/Buyer Pages/Homepage/toaster_success' is visible

2020-03-20 14:11:08 - [MESSAGE][WARNING] - Timeout '0' is invalid. Using default page load timeout: '30'

2020-03-20 14:11:09 - [MESSAGE][PASSED] - Object 'Object Repository/ADMIN/Edit Text/Bespoke/Buyer Pages/Homepage/toaster_success' is visible]]></system-out>
         <system-err><![CDATA[]]></system-err>
      </testcase>
      <testcase name="Test Cases/ADMIN/Language/Edit Text/Bespoke/Buyer Pages/Search Result Page" time="6.63" classname="Test Cases/ADMIN/Language/Edit Text/Bespoke/Buyer Pages/Search Result Page" status="PASSED">
         <system-out><![CDATA[2020-03-20 14:11:09 - [TEST_CASE][PASSED] - Test Cases/ADMIN/Language/Edit Text/Bespoke/Buyer Pages/Search Result Page: Test Cases/ADMIN/Language/Edit Text/Bespoke/Buyer Pages/Search Result Page

2020-03-20 14:11:09 - [TEST_STEP][PASSED] - waitForElementVisible(findTestObject("ADMIN/Edit Text/Bespoke/Buyer Navigation/dd_language"), 0): Object 'Object Repository/ADMIN/Edit Text/Bespoke/Buyer Navigation/dd_language' is visible

2020-03-20 14:11:09 - [MESSAGE][WARNING] - Timeout '0' is invalid. Using default page load timeout: '30'

2020-03-20 14:11:09 - [MESSAGE][PASSED] - Object 'Object Repository/ADMIN/Edit Text/Bespoke/Buyer Navigation/dd_language' is visible

2020-03-20 14:11:09 - [TEST_STEP][PASSED] - selectOptionByLabel(findTestObject("ADMIN/Edit Text/Bespoke/Buyer Navigation/dd_language"), varLanguage, false): All options with label 'English' are selected in object 'Object Repository/ADMIN/Edit Text/Bespoke/Buyer Navigation/dd_language' 

2020-03-20 14:11:11 - [MESSAGE][PASSED] - All options with label 'English' are selected in object 'Object Repository/ADMIN/Edit Text/Bespoke/Buyer Navigation/dd_language' 

2020-03-20 14:11:11 - [TEST_STEP][PASSED] - sendKeys(findTestObject("ADMIN/Edit Text/Bespoke/Buyer Pages/Search Result Page/input_ALL CATEGORIES_all-categories"), "*"): Keys '*' sent to object: 'Object Repository/ADMIN/Edit Text/Bespoke/Buyer Pages/Search Result Page/input_ALL CATEGORIES_all-categories'

2020-03-20 14:11:11 - [MESSAGE][PASSED] - Keys '*' sent to object: 'Object Repository/ADMIN/Edit Text/Bespoke/Buyer Pages/Search Result Page/input_ALL CATEGORIES_all-categories'

2020-03-20 14:11:11 - [TEST_STEP][PASSED] - sendKeys(findTestObject("ADMIN/Edit Text/Bespoke/Buyer Pages/Search Result Page/input_SEARCH_search"), "*"): Keys '*' sent to object: 'Object Repository/ADMIN/Edit Text/Bespoke/Buyer Pages/Search Result Page/input_SEARCH_search'

2020-03-20 14:11:11 - [MESSAGE][PASSED] - Keys '*' sent to object: 'Object Repository/ADMIN/Edit Text/Bespoke/Buyer Pages/Search Result Page/input_SEARCH_search'

2020-03-20 14:11:11 - [TEST_STEP][PASSED] - sendKeys(findTestObject("ADMIN/Edit Text/Bespoke/Buyer Pages/Search Result Page/input_All of (category)_search-allof"), "*"): Keys '*' sent to object: 'Object Repository/ADMIN/Edit Text/Bespoke/Buyer Pages/Search Result Page/input_All of (category)_search-allof'

2020-03-20 14:11:11 - [MESSAGE][PASSED] - Keys '*' sent to object: 'Object Repository/ADMIN/Edit Text/Bespoke/Buyer Pages/Search Result Page/input_All of (category)_search-allof'

2020-03-20 14:11:11 - [TEST_STEP][PASSED] - sendKeys(findTestObject("ADMIN/Edit Text/Bespoke/Buyer Pages/Search Result Page/input_Search result for_search-result"), "*"): Keys '*' sent to object: 'Object Repository/ADMIN/Edit Text/Bespoke/Buyer Pages/Search Result Page/input_Search result for_search-result'

2020-03-20 14:11:12 - [MESSAGE][PASSED] - Keys '*' sent to object: 'Object Repository/ADMIN/Edit Text/Bespoke/Buyer Pages/Search Result Page/input_Search result for_search-result'

2020-03-20 14:11:12 - [TEST_STEP][PASSED] - sendKeys(findTestObject("ADMIN/Edit Text/Bespoke/Buyer Pages/Search Result Page/input_Items found_item-found"), "*"): Keys '*' sent to object: 'Object Repository/ADMIN/Edit Text/Bespoke/Buyer Pages/Search Result Page/input_Items found_item-found'

2020-03-20 14:11:12 - [MESSAGE][PASSED] - Keys '*' sent to object: 'Object Repository/ADMIN/Edit Text/Bespoke/Buyer Pages/Search Result Page/input_Items found_item-found'

2020-03-20 14:11:12 - [TEST_STEP][PASSED] - sendKeys(findTestObject("ADMIN/Edit Text/Bespoke/Buyer Pages/Search Result Page/input_FILTERS_filter-txt"), "*"): Keys '*' sent to object: 'Object Repository/ADMIN/Edit Text/Bespoke/Buyer Pages/Search Result Page/input_FILTERS_filter-txt'

2020-03-20 14:11:12 - [MESSAGE][PASSED] - Keys '*' sent to object: 'Object Repository/ADMIN/Edit Text/Bespoke/Buyer Pages/Search Result Page/input_FILTERS_filter-txt'

2020-03-20 14:11:12 - [TEST_STEP][PASSED] - sendKeys(findTestObject("ADMIN/Edit Text/Bespoke/Buyer Pages/Search Result Page/input_PRICE RANGE_price-range"), "*"): Keys '*' sent to object: 'Object Repository/ADMIN/Edit Text/Bespoke/Buyer Pages/Search Result Page/input_PRICE RANGE_price-range'

2020-03-20 14:11:12 - [MESSAGE][PASSED] - Keys '*' sent to object: 'Object Repository/ADMIN/Edit Text/Bespoke/Buyer Pages/Search Result Page/input_PRICE RANGE_price-range'

2020-03-20 14:11:12 - [TEST_STEP][PASSED] - sendKeys(findTestObject("ADMIN/Edit Text/Bespoke/Buyer Pages/Search Result Page/input_RESET_btn_reset"), "*"): Keys '*' sent to object: 'Object Repository/ADMIN/Edit Text/Bespoke/Buyer Pages/Search Result Page/input_RESET_btn_reset'

2020-03-20 14:11:12 - [MESSAGE][PASSED] - Keys '*' sent to object: 'Object Repository/ADMIN/Edit Text/Bespoke/Buyer Pages/Search Result Page/input_RESET_btn_reset'

2020-03-20 14:11:12 - [TEST_STEP][PASSED] - sendKeys(findTestObject("ADMIN/Edit Text/Bespoke/Buyer Pages/Search Result Page/input_APPLY_btn_apply"), "*"): Keys '*' sent to object: 'Object Repository/ADMIN/Edit Text/Bespoke/Buyer Pages/Search Result Page/input_APPLY_btn_apply'

2020-03-20 14:11:13 - [MESSAGE][PASSED] - Keys '*' sent to object: 'Object Repository/ADMIN/Edit Text/Bespoke/Buyer Pages/Search Result Page/input_APPLY_btn_apply'

2020-03-20 14:11:13 - [TEST_STEP][PASSED] - sendKeys(findTestObject("ADMIN/Edit Text/Bespoke/Buyer Pages/Search Result Page/input_Relevance_relevance"), "*"): Keys '*' sent to object: 'Object Repository/ADMIN/Edit Text/Bespoke/Buyer Pages/Search Result Page/input_Relevance_relevance'

2020-03-20 14:11:13 - [MESSAGE][PASSED] - Keys '*' sent to object: 'Object Repository/ADMIN/Edit Text/Bespoke/Buyer Pages/Search Result Page/input_Relevance_relevance'

2020-03-20 14:11:13 - [TEST_STEP][PASSED] - sendKeys(findTestObject("ADMIN/Edit Text/Bespoke/Buyer Pages/Search Result Page/input_Item-Oldest_item-oldest"), "*"): Keys '*' sent to object: 'Object Repository/ADMIN/Edit Text/Bespoke/Buyer Pages/Search Result Page/input_Item-Oldest_item-oldest'

2020-03-20 14:11:13 - [MESSAGE][PASSED] - Keys '*' sent to object: 'Object Repository/ADMIN/Edit Text/Bespoke/Buyer Pages/Search Result Page/input_Item-Oldest_item-oldest'

2020-03-20 14:11:13 - [TEST_STEP][PASSED] - sendKeys(findTestObject("ADMIN/Edit Text/Bespoke/Buyer Pages/Search Result Page/input_Item-Newest_item-newest"), "*"): Keys '*' sent to object: 'Object Repository/ADMIN/Edit Text/Bespoke/Buyer Pages/Search Result Page/input_Item-Newest_item-newest'

2020-03-20 14:11:13 - [MESSAGE][PASSED] - Keys '*' sent to object: 'Object Repository/ADMIN/Edit Text/Bespoke/Buyer Pages/Search Result Page/input_Item-Newest_item-newest'

2020-03-20 14:11:13 - [TEST_STEP][PASSED] - sendKeys(findTestObject("ADMIN/Edit Text/Bespoke/Buyer Pages/Search Result Page/input_Price-Lowest_price-lowest"), "*"): Keys '*' sent to object: 'Object Repository/ADMIN/Edit Text/Bespoke/Buyer Pages/Search Result Page/input_Price-Lowest_price-lowest'

2020-03-20 14:11:13 - [MESSAGE][PASSED] - Keys '*' sent to object: 'Object Repository/ADMIN/Edit Text/Bespoke/Buyer Pages/Search Result Page/input_Price-Lowest_price-lowest'

2020-03-20 14:11:13 - [TEST_STEP][PASSED] - sendKeys(findTestObject("ADMIN/Edit Text/Bespoke/Buyer Pages/Search Result Page/input_Price-Highest_price-highest"), "*"): Keys '*' sent to object: 'Object Repository/ADMIN/Edit Text/Bespoke/Buyer Pages/Search Result Page/input_Price-Highest_price-highest'

2020-03-20 14:11:14 - [MESSAGE][PASSED] - Keys '*' sent to object: 'Object Repository/ADMIN/Edit Text/Bespoke/Buyer Pages/Search Result Page/input_Price-Highest_price-highest'

2020-03-20 14:11:14 - [TEST_STEP][PASSED] - sendKeys(findTestObject("ADMIN/Edit Text/Bespoke/Buyer Pages/Search Result Page/input_Name-Ascending_name-ascending"), "*"): Keys '*' sent to object: 'Object Repository/ADMIN/Edit Text/Bespoke/Buyer Pages/Search Result Page/input_Name-Ascending_name-ascending'

2020-03-20 14:11:14 - [MESSAGE][PASSED] - Keys '*' sent to object: 'Object Repository/ADMIN/Edit Text/Bespoke/Buyer Pages/Search Result Page/input_Name-Ascending_name-ascending'

2020-03-20 14:11:14 - [TEST_STEP][PASSED] - sendKeys(findTestObject("ADMIN/Edit Text/Bespoke/Buyer Pages/Search Result Page/input_Name-Descending_name-decending"), "*"): Keys '*' sent to object: 'Object Repository/ADMIN/Edit Text/Bespoke/Buyer Pages/Search Result Page/input_Name-Descending_name-decending'

2020-03-20 14:11:14 - [MESSAGE][PASSED] - Keys '*' sent to object: 'Object Repository/ADMIN/Edit Text/Bespoke/Buyer Pages/Search Result Page/input_Name-Descending_name-decending'

2020-03-20 14:11:14 - [TEST_STEP][PASSED] - sendKeys(findTestObject("ADMIN/Edit Text/Bespoke/Buyer Pages/Search Result Page/input_RATING-HIGHEST_rating_highest"), "*"): Keys '*' sent to object: 'Object Repository/ADMIN/Edit Text/Bespoke/Buyer Pages/Search Result Page/input_RATING-HIGHEST_rating_highest'

2020-03-20 14:11:14 - [MESSAGE][PASSED] - Keys '*' sent to object: 'Object Repository/ADMIN/Edit Text/Bespoke/Buyer Pages/Search Result Page/input_RATING-HIGHEST_rating_highest'

2020-03-20 14:11:14 - [TEST_STEP][PASSED] - sendKeys(findTestObject("ADMIN/Edit Text/Bespoke/Buyer Pages/Search Result Page/input_RATING-LOWEST_rating_highest"), "*"): Keys '*' sent to object: 'Object Repository/ADMIN/Edit Text/Bespoke/Buyer Pages/Search Result Page/input_RATING-LOWEST_rating_highest'

2020-03-20 14:11:14 - [MESSAGE][PASSED] - Keys '*' sent to object: 'Object Repository/ADMIN/Edit Text/Bespoke/Buyer Pages/Search Result Page/input_RATING-LOWEST_rating_highest'

2020-03-20 14:11:14 - [TEST_STEP][PASSED] - sendKeys(findTestObject("ADMIN/Edit Text/Bespoke/Buyer Pages/Search Result Page/input_Sorry_search-no-result-title"), "*"): Keys '*' sent to object: 'Object Repository/ADMIN/Edit Text/Bespoke/Buyer Pages/Search Result Page/input_Sorry_search-no-result-title'

2020-03-20 14:11:15 - [MESSAGE][PASSED] - Keys '*' sent to object: 'Object Repository/ADMIN/Edit Text/Bespoke/Buyer Pages/Search Result Page/input_Sorry_search-no-result-title'

2020-03-20 14:11:15 - [TEST_STEP][PASSED] - sendKeys(findTestObject("ADMIN/Edit Text/Bespoke/Buyer Pages/Search Result Page/textarea_Seems like no matches were found Alternatively check out what others are looking at below"), "*"): Keys '*' sent to object: 'Object Repository/ADMIN/Edit Text/Bespoke/Buyer Pages/Search Result Page/textarea_Seems like no matches were found Alternatively check out what others are looking at below'

2020-03-20 14:11:15 - [MESSAGE][PASSED] - Keys '*' sent to object: 'Object Repository/ADMIN/Edit Text/Bespoke/Buyer Pages/Search Result Page/textarea_Seems like no matches were found Alternatively check out what others are looking at below'

2020-03-20 14:11:15 - [TEST_STEP][PASSED] - click(findTestObject("ADMIN/Edit Text/Bespoke/Buyer Pages/Homepage/button_save"), CONTINUE_ON_FAILURE): Object: 'Object Repository/ADMIN/Edit Text/Bespoke/Buyer Pages/Homepage/button_save' is clicked on

2020-03-20 14:11:15 - [MESSAGE][PASSED] - Object: 'Object Repository/ADMIN/Edit Text/Bespoke/Buyer Pages/Homepage/button_save' is clicked on

2020-03-20 14:11:15 - [TEST_STEP][PASSED] - waitForElementVisible(findTestObject("ADMIN/Edit Text/Bespoke/Buyer Pages/Homepage/toaster_success"), 0): Object 'Object Repository/ADMIN/Edit Text/Bespoke/Buyer Pages/Homepage/toaster_success' is visible

2020-03-20 14:11:15 - [MESSAGE][WARNING] - Timeout '0' is invalid. Using default page load timeout: '30'

2020-03-20 14:11:16 - [MESSAGE][PASSED] - Object 'Object Repository/ADMIN/Edit Text/Bespoke/Buyer Pages/Homepage/toaster_success' is visible]]></system-out>
         <system-err><![CDATA[]]></system-err>
      </testcase>
      <testcase name="Test Cases/ADMIN/Language/Edit Text/Bespoke/Buyer Pages/Item Details Navigation" time="3.928" classname="Test Cases/ADMIN/Language/Edit Text/Bespoke/Buyer Pages/Item Details Navigation" status="PASSED">
         <system-out><![CDATA[2020-03-20 14:11:16 - [TEST_CASE][PASSED] - Test Cases/ADMIN/Language/Edit Text/Bespoke/Buyer Pages/Item Details Navigation: Test Cases/ADMIN/Language/Edit Text/Bespoke/Buyer Pages/Item Details Navigation

2020-03-20 14:11:16 - [TEST_STEP][PASSED] - waitForElementVisible(findTestObject("ADMIN/Language/sidemenu_Language"), 0): Object 'Object Repository/ADMIN/Language/sidemenu_Language' is visible

2020-03-20 14:11:16 - [MESSAGE][WARNING] - Timeout '0' is invalid. Using default page load timeout: '30'

2020-03-20 14:11:16 - [MESSAGE][PASSED] - Object 'Object Repository/ADMIN/Language/sidemenu_Language' is visible

2020-03-20 14:11:16 - [TEST_STEP][PASSED] - click(findTestObject("ADMIN/Language/sidemenu_Language"), CONTINUE_ON_FAILURE): Object: 'Object Repository/ADMIN/Language/sidemenu_Language' is clicked on

2020-03-20 14:11:17 - [MESSAGE][PASSED] - Object: 'Object Repository/ADMIN/Language/sidemenu_Language' is clicked on

2020-03-20 14:11:17 - [TEST_STEP][PASSED] - waitForElementVisible(findTestObject("ADMIN/Language/sidemenu_Edit Text"), 0): Object 'Object Repository/ADMIN/Language/sidemenu_Edit Text' is visible

2020-03-20 14:11:17 - [MESSAGE][WARNING] - Timeout '0' is invalid. Using default page load timeout: '30'

2020-03-20 14:11:17 - [MESSAGE][PASSED] - Object 'Object Repository/ADMIN/Language/sidemenu_Edit Text' is visible

2020-03-20 14:11:17 - [TEST_STEP][PASSED] - click(findTestObject("ADMIN/Language/sidemenu_Edit Text"), CONTINUE_ON_FAILURE): Object: 'Object Repository/ADMIN/Language/sidemenu_Edit Text' is clicked on

2020-03-20 14:11:18 - [MESSAGE][PASSED] - Object: 'Object Repository/ADMIN/Language/sidemenu_Edit Text' is clicked on

2020-03-20 14:11:18 - [TEST_STEP][PASSED] - waitForElementVisible(findTestObject("ADMIN/Edit Text/Bespoke/Buyer Navigation/icon_dd"), 0): Object 'Object Repository/ADMIN/Edit Text/Bespoke/Buyer Navigation/icon_dd' is visible

2020-03-20 14:11:18 - [MESSAGE][WARNING] - Timeout '0' is invalid. Using default page load timeout: '30'

2020-03-20 14:11:18 - [MESSAGE][PASSED] - Object 'Object Repository/ADMIN/Edit Text/Bespoke/Buyer Navigation/icon_dd' is visible

2020-03-20 14:11:18 - [TEST_STEP][PASSED] - click(findTestObject("ADMIN/Edit Text/Bespoke/Buyer Navigation/icon_dd"), CONTINUE_ON_FAILURE): Object: 'Object Repository/ADMIN/Edit Text/Bespoke/Buyer Navigation/icon_dd' is clicked on

2020-03-20 14:11:18 - [MESSAGE][PASSED] - Object: 'Object Repository/ADMIN/Edit Text/Bespoke/Buyer Navigation/icon_dd' is clicked on

2020-03-20 14:11:18 - [TEST_STEP][PASSED] - waitForElementVisible(findTestObject("ADMIN/Edit Text/Bespoke/Buyer Navigation/textlink_Item Details"), 0): Object 'Object Repository/ADMIN/Edit Text/Bespoke/Buyer Navigation/textlink_Item Details' is visible

2020-03-20 14:11:18 - [MESSAGE][WARNING] - Timeout '0' is invalid. Using default page load timeout: '30'

2020-03-20 14:11:18 - [MESSAGE][PASSED] - Object 'Object Repository/ADMIN/Edit Text/Bespoke/Buyer Navigation/textlink_Item Details' is visible

2020-03-20 14:11:18 - [TEST_STEP][PASSED] - click(findTestObject("ADMIN/Edit Text/Bespoke/Buyer Navigation/textlink_Item Details"), CONTINUE_ON_FAILURE): Object: 'Object Repository/ADMIN/Edit Text/Bespoke/Buyer Navigation/textlink_Item Details' is clicked on

2020-03-20 14:11:20 - [MESSAGE][PASSED] - Object: 'Object Repository/ADMIN/Edit Text/Bespoke/Buyer Navigation/textlink_Item Details' is clicked on

2020-03-20 14:11:20 - [TEST_STEP][PASSED] - waitForElementVisible(findTestObject("ADMIN/Edit Text/Bespoke/Buyer Navigation/dd_language"), 0): Object 'Object Repository/ADMIN/Edit Text/Bespoke/Buyer Navigation/dd_language' is visible

2020-03-20 14:11:20 - [MESSAGE][WARNING] - Timeout '0' is invalid. Using default page load timeout: '30'

2020-03-20 14:11:20 - [MESSAGE][PASSED] - Object 'Object Repository/ADMIN/Edit Text/Bespoke/Buyer Navigation/dd_language' is visible]]></system-out>
         <system-err><![CDATA[]]></system-err>
      </testcase>
      <testcase name="Test Cases/ADMIN/Language/Edit Text/Bespoke/Buyer Pages/Item Details" time="9.619" classname="Test Cases/ADMIN/Language/Edit Text/Bespoke/Buyer Pages/Item Details" status="PASSED">
         <system-out><![CDATA[2020-03-20 14:11:20 - [TEST_CASE][PASSED] - Test Cases/ADMIN/Language/Edit Text/Bespoke/Buyer Pages/Item Details: Test Cases/ADMIN/Language/Edit Text/Bespoke/Buyer Pages/Item Details

2020-03-20 14:11:20 - [TEST_STEP][PASSED] - waitForElementVisible(findTestObject("ADMIN/Edit Text/Bespoke/Buyer Navigation/dd_language"), 0): Object 'Object Repository/ADMIN/Edit Text/Bespoke/Buyer Navigation/dd_language' is visible

2020-03-20 14:11:20 - [MESSAGE][WARNING] - Timeout '0' is invalid. Using default page load timeout: '30'

2020-03-20 14:11:20 - [MESSAGE][PASSED] - Object 'Object Repository/ADMIN/Edit Text/Bespoke/Buyer Navigation/dd_language' is visible

2020-03-20 14:11:20 - [TEST_STEP][PASSED] - selectOptionByLabel(findTestObject("ADMIN/Edit Text/Bespoke/Buyer Navigation/dd_language"), varLanguage, false): All options with label 'French' are selected in object 'Object Repository/ADMIN/Edit Text/Bespoke/Buyer Navigation/dd_language' 

2020-03-20 14:11:21 - [MESSAGE][PASSED] - All options with label 'French' are selected in object 'Object Repository/ADMIN/Edit Text/Bespoke/Buyer Navigation/dd_language' 

2020-03-20 14:11:21 - [TEST_STEP][PASSED] - sendKeys(findTestObject("ADMIN/Edit Text/Bespoke/Buyer Pages/Item Details/input_Positive Feedback_item-feedbak"), "*"): Keys '*' sent to object: 'Object Repository/ADMIN/Edit Text/Bespoke/Buyer Pages/Item Details/input_Positive Feedback_item-feedbak'

2020-03-20 14:11:22 - [MESSAGE][PASSED] - Keys '*' sent to object: 'Object Repository/ADMIN/Edit Text/Bespoke/Buyer Pages/Item Details/input_Positive Feedback_item-feedbak'

2020-03-20 14:11:22 - [TEST_STEP][PASSED] - sendKeys(findTestObject("ADMIN/Edit Text/Bespoke/Buyer Pages/Item Details/input_ADD TO CART_1"), "*"): Keys '*' sent to object: 'Object Repository/ADMIN/Edit Text/Bespoke/Buyer Pages/Item Details/input_ADD TO CART_1'

2020-03-20 14:11:22 - [MESSAGE][PASSED] - Keys '*' sent to object: 'Object Repository/ADMIN/Edit Text/Bespoke/Buyer Pages/Item Details/input_ADD TO CART_1'

2020-03-20 14:11:22 - [TEST_STEP][PASSED] - sendKeys(findTestObject("ADMIN/Edit Text/Bespoke/Buyer Pages/Item Details/input_Quantity_item-qty"), "*"): Keys '*' sent to object: 'Object Repository/ADMIN/Edit Text/Bespoke/Buyer Pages/Item Details/input_Quantity_item-qty'

2020-03-20 14:11:22 - [MESSAGE][PASSED] - Keys '*' sent to object: 'Object Repository/ADMIN/Edit Text/Bespoke/Buyer Pages/Item Details/input_Quantity_item-qty'

2020-03-20 14:11:22 - [TEST_STEP][PASSED] - sendKeys(findTestObject("ADMIN/Edit Text/Bespoke/Buyer Pages/Item Details/input_Only_item-one"), "*"): Keys '*' sent to object: 'Object Repository/ADMIN/Edit Text/Bespoke/Buyer Pages/Item Details/input_Only_item-one'

2020-03-20 14:11:23 - [MESSAGE][PASSED] - Keys '*' sent to object: 'Object Repository/ADMIN/Edit Text/Bespoke/Buyer Pages/Item Details/input_Only_item-one'

2020-03-20 14:11:23 - [TEST_STEP][PASSED] - sendKeys(findTestObject("ADMIN/Edit Text/Bespoke/Buyer Pages/Item Details/input_left_item-left"), "*"): Keys '*' sent to object: 'Object Repository/ADMIN/Edit Text/Bespoke/Buyer Pages/Item Details/input_left_item-left'

2020-03-20 14:11:23 - [MESSAGE][PASSED] - Keys '*' sent to object: 'Object Repository/ADMIN/Edit Text/Bespoke/Buyer Pages/Item Details/input_left_item-left'

2020-03-20 14:11:23 - [TEST_STEP][PASSED] - sendKeys(findTestObject("ADMIN/Edit Text/Bespoke/Buyer Pages/Item Details/input_Out of Stock_text-stock"), "*"): Keys '*' sent to object: 'Object Repository/ADMIN/Edit Text/Bespoke/Buyer Pages/Item Details/input_Out of Stock_text-stock'

2020-03-20 14:11:23 - [MESSAGE][PASSED] - Keys '*' sent to object: 'Object Repository/ADMIN/Edit Text/Bespoke/Buyer Pages/Item Details/input_Out of Stock_text-stock'

2020-03-20 14:11:23 - [TEST_STEP][PASSED] - sendKeys(findTestObject("ADMIN/Edit Text/Bespoke/Buyer Pages/Item Details/input_Description_text-description"), "*"): Keys '*' sent to object: 'Object Repository/ADMIN/Edit Text/Bespoke/Buyer Pages/Item Details/input_Description_text-description'

2020-03-20 14:11:23 - [MESSAGE][PASSED] - Keys '*' sent to object: 'Object Repository/ADMIN/Edit Text/Bespoke/Buyer Pages/Item Details/input_Description_text-description'

2020-03-20 14:11:23 - [TEST_STEP][PASSED] - sendKeys(findTestObject("ADMIN/Edit Text/Bespoke/Buyer Pages/Item Details/input_Show More_text-show-more"), "*"): Keys '*' sent to object: 'Object Repository/ADMIN/Edit Text/Bespoke/Buyer Pages/Item Details/input_Show More_text-show-more'

2020-03-20 14:11:23 - [MESSAGE][PASSED] - Keys '*' sent to object: 'Object Repository/ADMIN/Edit Text/Bespoke/Buyer Pages/Item Details/input_Show More_text-show-more'

2020-03-20 14:11:23 - [TEST_STEP][PASSED] - sendKeys(findTestObject("ADMIN/Edit Text/Bespoke/Buyer Pages/Item Details/input_Show Less_text-show-less"), "*"): Keys '*' sent to object: 'Object Repository/ADMIN/Edit Text/Bespoke/Buyer Pages/Item Details/input_Show Less_text-show-less'

2020-03-20 14:11:24 - [MESSAGE][PASSED] - Keys '*' sent to object: 'Object Repository/ADMIN/Edit Text/Bespoke/Buyer Pages/Item Details/input_Show Less_text-show-less'

2020-03-20 14:11:24 - [TEST_STEP][PASSED] - sendKeys(findTestObject("ADMIN/Edit Text/Bespoke/Buyer Pages/Item Details/input_Choose a delivery method later_text-deliver-method"), "*"): Keys '*' sent to object: 'Object Repository/ADMIN/Edit Text/Bespoke/Buyer Pages/Item Details/input_Choose a delivery method later_text-deliver-method'

2020-03-20 14:11:24 - [MESSAGE][PASSED] - Keys '*' sent to object: 'Object Repository/ADMIN/Edit Text/Bespoke/Buyer Pages/Item Details/input_Choose a delivery method later_text-deliver-method'

2020-03-20 14:11:24 - [TEST_STEP][PASSED] - sendKeys(findTestObject("ADMIN/Edit Text/Bespoke/Buyer Pages/Item Details/input_Delivery_text-delivery"), "*"): Keys '*' sent to object: 'Object Repository/ADMIN/Edit Text/Bespoke/Buyer Pages/Item Details/input_Delivery_text-delivery'

2020-03-20 14:11:24 - [MESSAGE][PASSED] - Keys '*' sent to object: 'Object Repository/ADMIN/Edit Text/Bespoke/Buyer Pages/Item Details/input_Delivery_text-delivery'

2020-03-20 14:11:24 - [TEST_STEP][PASSED] - sendKeys(findTestObject("ADMIN/Edit Text/Bespoke/Buyer Pages/Item Details/input_Pick-Up_text-pickup"), "*"): Keys '*' sent to object: 'Object Repository/ADMIN/Edit Text/Bespoke/Buyer Pages/Item Details/input_Pick-Up_text-pickup'

2020-03-20 14:11:24 - [MESSAGE][PASSED] - Keys '*' sent to object: 'Object Repository/ADMIN/Edit Text/Bespoke/Buyer Pages/Item Details/input_Pick-Up_text-pickup'

2020-03-20 14:11:24 - [TEST_STEP][PASSED] - sendKeys(findTestObject("ADMIN/Edit Text/Bespoke/Buyer Pages/Item Details/input_Contact Seller_btn_add_cart"), "*"): Keys '*' sent to object: 'Object Repository/ADMIN/Edit Text/Bespoke/Buyer Pages/Item Details/input_Contact Seller_btn_add_cart'

2020-03-20 14:11:25 - [MESSAGE][PASSED] - Keys '*' sent to object: 'Object Repository/ADMIN/Edit Text/Bespoke/Buyer Pages/Item Details/input_Contact Seller_btn_add_cart'

2020-03-20 14:11:25 - [TEST_STEP][PASSED] - sendKeys(findTestObject("ADMIN/Edit Text/Bespoke/Buyer Pages/Item Details/input_ADD TO CART_2"), "*"): Keys '*' sent to object: 'Object Repository/ADMIN/Edit Text/Bespoke/Buyer Pages/Item Details/input_ADD TO CART_2'

2020-03-20 14:11:25 - [MESSAGE][PASSED] - Keys '*' sent to object: 'Object Repository/ADMIN/Edit Text/Bespoke/Buyer Pages/Item Details/input_ADD TO CART_2'

2020-03-20 14:11:25 - [TEST_STEP][PASSED] - sendKeys(findTestObject("ADMIN/Edit Text/Bespoke/Buyer Pages/Item Details/input_THIS ITEM HAS BEEN ADDED_item-has-been-added"), "*"): Keys '*' sent to object: 'Object Repository/ADMIN/Edit Text/Bespoke/Buyer Pages/Item Details/input_THIS ITEM HAS BEEN ADDED_item-has-been-added'

2020-03-20 14:11:25 - [MESSAGE][PASSED] - Keys '*' sent to object: 'Object Repository/ADMIN/Edit Text/Bespoke/Buyer Pages/Item Details/input_THIS ITEM HAS BEEN ADDED_item-has-been-added'

2020-03-20 14:11:25 - [TEST_STEP][PASSED] - sendKeys(findTestObject("ADMIN/Edit Text/Bespoke/Buyer Pages/Item Details/input_VIEW CART_btn_view_cart"), "*"): Keys '*' sent to object: 'Object Repository/ADMIN/Edit Text/Bespoke/Buyer Pages/Item Details/input_VIEW CART_btn_view_cart'

2020-03-20 14:11:25 - [MESSAGE][PASSED] - Keys '*' sent to object: 'Object Repository/ADMIN/Edit Text/Bespoke/Buyer Pages/Item Details/input_VIEW CART_btn_view_cart'

2020-03-20 14:11:25 - [TEST_STEP][PASSED] - sendKeys(findTestObject("ADMIN/Edit Text/Bespoke/Buyer Pages/Item Details/input_Reviews_reviews"), "*"): Keys '*' sent to object: 'Object Repository/ADMIN/Edit Text/Bespoke/Buyer Pages/Item Details/input_Reviews_reviews'

2020-03-20 14:11:26 - [MESSAGE][PASSED] - Keys '*' sent to object: 'Object Repository/ADMIN/Edit Text/Bespoke/Buyer Pages/Item Details/input_Reviews_reviews'

2020-03-20 14:11:26 - [TEST_STEP][PASSED] - sendKeys(findTestObject("ADMIN/Edit Text/Bespoke/Buyer Pages/Item Details/input_Rating Summary_rating-summary"), "*"): Keys '*' sent to object: 'Object Repository/ADMIN/Edit Text/Bespoke/Buyer Pages/Item Details/input_Rating Summary_rating-summary'

2020-03-20 14:11:26 - [MESSAGE][PASSED] - Keys '*' sent to object: 'Object Repository/ADMIN/Edit Text/Bespoke/Buyer Pages/Item Details/input_Rating Summary_rating-summary'

2020-03-20 14:11:26 - [TEST_STEP][PASSED] - sendKeys(findTestObject("ADMIN/Edit Text/Bespoke/Buyer Pages/Item Details/input_Positive Feedback_positive-feedback"), "*"): Keys '*' sent to object: 'Object Repository/ADMIN/Edit Text/Bespoke/Buyer Pages/Item Details/input_Positive Feedback_positive-feedback'

2020-03-20 14:11:26 - [MESSAGE][PASSED] - Keys '*' sent to object: 'Object Repository/ADMIN/Edit Text/Bespoke/Buyer Pages/Item Details/input_Positive Feedback_positive-feedback'

2020-03-20 14:11:26 - [TEST_STEP][PASSED] - sendKeys(findTestObject("ADMIN/Edit Text/Bespoke/Buyer Pages/Item Details/input_Excellent_excellent"), "*"): Keys '*' sent to object: 'Object Repository/ADMIN/Edit Text/Bespoke/Buyer Pages/Item Details/input_Excellent_excellent'

2020-03-20 14:11:26 - [MESSAGE][PASSED] - Keys '*' sent to object: 'Object Repository/ADMIN/Edit Text/Bespoke/Buyer Pages/Item Details/input_Excellent_excellent'

2020-03-20 14:11:26 - [TEST_STEP][PASSED] - sendKeys(findTestObject("ADMIN/Edit Text/Bespoke/Buyer Pages/Item Details/input_Great_great"), "*"): Keys '*' sent to object: 'Object Repository/ADMIN/Edit Text/Bespoke/Buyer Pages/Item Details/input_Great_great'

2020-03-20 14:11:26 - [MESSAGE][PASSED] - Keys '*' sent to object: 'Object Repository/ADMIN/Edit Text/Bespoke/Buyer Pages/Item Details/input_Great_great'

2020-03-20 14:11:26 - [TEST_STEP][PASSED] - sendKeys(findTestObject("ADMIN/Edit Text/Bespoke/Buyer Pages/Item Details/input_Good_good"), "*"): Keys '*' sent to object: 'Object Repository/ADMIN/Edit Text/Bespoke/Buyer Pages/Item Details/input_Good_good'

2020-03-20 14:11:27 - [MESSAGE][PASSED] - Keys '*' sent to object: 'Object Repository/ADMIN/Edit Text/Bespoke/Buyer Pages/Item Details/input_Good_good'

2020-03-20 14:11:27 - [TEST_STEP][PASSED] - sendKeys(findTestObject("ADMIN/Edit Text/Bespoke/Buyer Pages/Item Details/input_Okay_ok"), "*"): Keys '*' sent to object: 'Object Repository/ADMIN/Edit Text/Bespoke/Buyer Pages/Item Details/input_Okay_ok'

2020-03-20 14:11:27 - [MESSAGE][PASSED] - Keys '*' sent to object: 'Object Repository/ADMIN/Edit Text/Bespoke/Buyer Pages/Item Details/input_Okay_ok'

2020-03-20 14:11:27 - [TEST_STEP][PASSED] - sendKeys(findTestObject("ADMIN/Edit Text/Bespoke/Buyer Pages/Item Details/input_Unsatisfied_Unsatisfied"), "*"): Keys '*' sent to object: 'Object Repository/ADMIN/Edit Text/Bespoke/Buyer Pages/Item Details/input_Unsatisfied_Unsatisfied'

2020-03-20 14:11:27 - [MESSAGE][PASSED] - Keys '*' sent to object: 'Object Repository/ADMIN/Edit Text/Bespoke/Buyer Pages/Item Details/input_Unsatisfied_Unsatisfied'

2020-03-20 14:11:27 - [TEST_STEP][PASSED] - sendKeys(findTestObject("ADMIN/Edit Text/Bespoke/Buyer Pages/Item Details/input_Reply from_reply-from"), "*"): Keys '*' sent to object: 'Object Repository/ADMIN/Edit Text/Bespoke/Buyer Pages/Item Details/input_Reply from_reply-from'

2020-03-20 14:11:28 - [MESSAGE][PASSED] - Keys '*' sent to object: 'Object Repository/ADMIN/Edit Text/Bespoke/Buyer Pages/Item Details/input_Reply from_reply-from'

2020-03-20 14:11:28 - [TEST_STEP][PASSED] - sendKeys(findTestObject("ADMIN/Edit Text/Bespoke/Buyer Pages/Item Details/input_Reply_btn_view_cart"), "*"): Keys '*' sent to object: 'Object Repository/ADMIN/Edit Text/Bespoke/Buyer Pages/Item Details/input_Reply_btn_view_cart'

2020-03-20 14:11:28 - [MESSAGE][PASSED] - Keys '*' sent to object: 'Object Repository/ADMIN/Edit Text/Bespoke/Buyer Pages/Item Details/input_Reply_btn_view_cart'

2020-03-20 14:11:28 - [TEST_STEP][PASSED] - sendKeys(findTestObject("ADMIN/Edit Text/Bespoke/Buyer Pages/Item Details/input_REPLY TO_reply"), "*"): Keys '*' sent to object: 'Object Repository/ADMIN/Edit Text/Bespoke/Buyer Pages/Item Details/input_REPLY TO_reply'

2020-03-20 14:11:28 - [MESSAGE][PASSED] - Keys '*' sent to object: 'Object Repository/ADMIN/Edit Text/Bespoke/Buyer Pages/Item Details/input_REPLY TO_reply'

2020-03-20 14:11:28 - [TEST_STEP][PASSED] - sendKeys(findTestObject("ADMIN/Edit Text/Bespoke/Buyer Pages/Item Details/input_Leave a comment_leave-comment"), "*"): Keys '*' sent to object: 'Object Repository/ADMIN/Edit Text/Bespoke/Buyer Pages/Item Details/input_Leave a comment_leave-comment'

2020-03-20 14:11:28 - [MESSAGE][PASSED] - Keys '*' sent to object: 'Object Repository/ADMIN/Edit Text/Bespoke/Buyer Pages/Item Details/input_Leave a comment_leave-comment'

2020-03-20 14:11:28 - [TEST_STEP][PASSED] - sendKeys(findTestObject("ADMIN/Edit Text/Bespoke/Buyer Pages/Item Details/input_SUBMIT_btn_submit"), "*"): Keys '*' sent to object: 'Object Repository/ADMIN/Edit Text/Bespoke/Buyer Pages/Item Details/input_SUBMIT_btn_submit'

2020-03-20 14:11:28 - [MESSAGE][PASSED] - Keys '*' sent to object: 'Object Repository/ADMIN/Edit Text/Bespoke/Buyer Pages/Item Details/input_SUBMIT_btn_submit'

2020-03-20 14:11:28 - [TEST_STEP][PASSED] - click(findTestObject("ADMIN/Edit Text/Bespoke/Buyer Pages/Homepage/button_save"), CONTINUE_ON_FAILURE): Object: 'Object Repository/ADMIN/Edit Text/Bespoke/Buyer Pages/Homepage/button_save' is clicked on

2020-03-20 14:11:29 - [MESSAGE][PASSED] - Object: 'Object Repository/ADMIN/Edit Text/Bespoke/Buyer Pages/Homepage/button_save' is clicked on

2020-03-20 14:11:29 - [TEST_STEP][PASSED] - waitForElementVisible(findTestObject("ADMIN/Edit Text/Bespoke/Buyer Pages/Homepage/toaster_success"), 0): Object 'Object Repository/ADMIN/Edit Text/Bespoke/Buyer Pages/Homepage/toaster_success' is visible

2020-03-20 14:11:29 - [MESSAGE][WARNING] - Timeout '0' is invalid. Using default page load timeout: '30'

2020-03-20 14:11:29 - [MESSAGE][PASSED] - Object 'Object Repository/ADMIN/Edit Text/Bespoke/Buyer Pages/Homepage/toaster_success' is visible]]></system-out>
         <system-err><![CDATA[]]></system-err>
      </testcase>
      <testcase name="Test Cases/ADMIN/Language/Edit Text/Bespoke/Buyer Pages/Item Details" time="9.061" classname="Test Cases/ADMIN/Language/Edit Text/Bespoke/Buyer Pages/Item Details" status="PASSED">
         <system-out><![CDATA[2020-03-20 14:11:29 - [TEST_CASE][PASSED] - Test Cases/ADMIN/Language/Edit Text/Bespoke/Buyer Pages/Item Details: Test Cases/ADMIN/Language/Edit Text/Bespoke/Buyer Pages/Item Details

2020-03-20 14:11:29 - [TEST_STEP][PASSED] - waitForElementVisible(findTestObject("ADMIN/Edit Text/Bespoke/Buyer Navigation/dd_language"), 0): Object 'Object Repository/ADMIN/Edit Text/Bespoke/Buyer Navigation/dd_language' is visible

2020-03-20 14:11:29 - [MESSAGE][WARNING] - Timeout '0' is invalid. Using default page load timeout: '30'

2020-03-20 14:11:29 - [MESSAGE][PASSED] - Object 'Object Repository/ADMIN/Edit Text/Bespoke/Buyer Navigation/dd_language' is visible

2020-03-20 14:11:29 - [TEST_STEP][PASSED] - selectOptionByLabel(findTestObject("ADMIN/Edit Text/Bespoke/Buyer Navigation/dd_language"), varLanguage, false): All options with label 'Spanish' are selected in object 'Object Repository/ADMIN/Edit Text/Bespoke/Buyer Navigation/dd_language' 

2020-03-20 14:11:30 - [MESSAGE][PASSED] - All options with label 'Spanish' are selected in object 'Object Repository/ADMIN/Edit Text/Bespoke/Buyer Navigation/dd_language' 

2020-03-20 14:11:30 - [TEST_STEP][PASSED] - sendKeys(findTestObject("ADMIN/Edit Text/Bespoke/Buyer Pages/Item Details/input_Positive Feedback_item-feedbak"), "*"): Keys '*' sent to object: 'Object Repository/ADMIN/Edit Text/Bespoke/Buyer Pages/Item Details/input_Positive Feedback_item-feedbak'

2020-03-20 14:11:31 - [MESSAGE][PASSED] - Keys '*' sent to object: 'Object Repository/ADMIN/Edit Text/Bespoke/Buyer Pages/Item Details/input_Positive Feedback_item-feedbak'

2020-03-20 14:11:31 - [TEST_STEP][PASSED] - sendKeys(findTestObject("ADMIN/Edit Text/Bespoke/Buyer Pages/Item Details/input_ADD TO CART_1"), "*"): Keys '*' sent to object: 'Object Repository/ADMIN/Edit Text/Bespoke/Buyer Pages/Item Details/input_ADD TO CART_1'

2020-03-20 14:11:31 - [MESSAGE][PASSED] - Keys '*' sent to object: 'Object Repository/ADMIN/Edit Text/Bespoke/Buyer Pages/Item Details/input_ADD TO CART_1'

2020-03-20 14:11:31 - [TEST_STEP][PASSED] - sendKeys(findTestObject("ADMIN/Edit Text/Bespoke/Buyer Pages/Item Details/input_Quantity_item-qty"), "*"): Keys '*' sent to object: 'Object Repository/ADMIN/Edit Text/Bespoke/Buyer Pages/Item Details/input_Quantity_item-qty'

2020-03-20 14:11:32 - [MESSAGE][PASSED] - Keys '*' sent to object: 'Object Repository/ADMIN/Edit Text/Bespoke/Buyer Pages/Item Details/input_Quantity_item-qty'

2020-03-20 14:11:32 - [TEST_STEP][PASSED] - sendKeys(findTestObject("ADMIN/Edit Text/Bespoke/Buyer Pages/Item Details/input_Only_item-one"), "*"): Keys '*' sent to object: 'Object Repository/ADMIN/Edit Text/Bespoke/Buyer Pages/Item Details/input_Only_item-one'

2020-03-20 14:11:32 - [MESSAGE][PASSED] - Keys '*' sent to object: 'Object Repository/ADMIN/Edit Text/Bespoke/Buyer Pages/Item Details/input_Only_item-one'

2020-03-20 14:11:32 - [TEST_STEP][PASSED] - sendKeys(findTestObject("ADMIN/Edit Text/Bespoke/Buyer Pages/Item Details/input_left_item-left"), "*"): Keys '*' sent to object: 'Object Repository/ADMIN/Edit Text/Bespoke/Buyer Pages/Item Details/input_left_item-left'

2020-03-20 14:11:32 - [MESSAGE][PASSED] - Keys '*' sent to object: 'Object Repository/ADMIN/Edit Text/Bespoke/Buyer Pages/Item Details/input_left_item-left'

2020-03-20 14:11:32 - [TEST_STEP][PASSED] - sendKeys(findTestObject("ADMIN/Edit Text/Bespoke/Buyer Pages/Item Details/input_Out of Stock_text-stock"), "*"): Keys '*' sent to object: 'Object Repository/ADMIN/Edit Text/Bespoke/Buyer Pages/Item Details/input_Out of Stock_text-stock'

2020-03-20 14:11:32 - [MESSAGE][PASSED] - Keys '*' sent to object: 'Object Repository/ADMIN/Edit Text/Bespoke/Buyer Pages/Item Details/input_Out of Stock_text-stock'

2020-03-20 14:11:32 - [TEST_STEP][PASSED] - sendKeys(findTestObject("ADMIN/Edit Text/Bespoke/Buyer Pages/Item Details/input_Description_text-description"), "*"): Keys '*' sent to object: 'Object Repository/ADMIN/Edit Text/Bespoke/Buyer Pages/Item Details/input_Description_text-description'

2020-03-20 14:11:32 - [MESSAGE][PASSED] - Keys '*' sent to object: 'Object Repository/ADMIN/Edit Text/Bespoke/Buyer Pages/Item Details/input_Description_text-description'

2020-03-20 14:11:32 - [TEST_STEP][PASSED] - sendKeys(findTestObject("ADMIN/Edit Text/Bespoke/Buyer Pages/Item Details/input_Show More_text-show-more"), "*"): Keys '*' sent to object: 'Object Repository/ADMIN/Edit Text/Bespoke/Buyer Pages/Item Details/input_Show More_text-show-more'

2020-03-20 14:11:33 - [MESSAGE][PASSED] - Keys '*' sent to object: 'Object Repository/ADMIN/Edit Text/Bespoke/Buyer Pages/Item Details/input_Show More_text-show-more'

2020-03-20 14:11:33 - [TEST_STEP][PASSED] - sendKeys(findTestObject("ADMIN/Edit Text/Bespoke/Buyer Pages/Item Details/input_Show Less_text-show-less"), "*"): Keys '*' sent to object: 'Object Repository/ADMIN/Edit Text/Bespoke/Buyer Pages/Item Details/input_Show Less_text-show-less'

2020-03-20 14:11:33 - [MESSAGE][PASSED] - Keys '*' sent to object: 'Object Repository/ADMIN/Edit Text/Bespoke/Buyer Pages/Item Details/input_Show Less_text-show-less'

2020-03-20 14:11:33 - [TEST_STEP][PASSED] - sendKeys(findTestObject("ADMIN/Edit Text/Bespoke/Buyer Pages/Item Details/input_Choose a delivery method later_text-deliver-method"), "*"): Keys '*' sent to object: 'Object Repository/ADMIN/Edit Text/Bespoke/Buyer Pages/Item Details/input_Choose a delivery method later_text-deliver-method'

2020-03-20 14:11:33 - [MESSAGE][PASSED] - Keys '*' sent to object: 'Object Repository/ADMIN/Edit Text/Bespoke/Buyer Pages/Item Details/input_Choose a delivery method later_text-deliver-method'

2020-03-20 14:11:33 - [TEST_STEP][PASSED] - sendKeys(findTestObject("ADMIN/Edit Text/Bespoke/Buyer Pages/Item Details/input_Delivery_text-delivery"), "*"): Keys '*' sent to object: 'Object Repository/ADMIN/Edit Text/Bespoke/Buyer Pages/Item Details/input_Delivery_text-delivery'

2020-03-20 14:11:34 - [MESSAGE][PASSED] - Keys '*' sent to object: 'Object Repository/ADMIN/Edit Text/Bespoke/Buyer Pages/Item Details/input_Delivery_text-delivery'

2020-03-20 14:11:34 - [TEST_STEP][PASSED] - sendKeys(findTestObject("ADMIN/Edit Text/Bespoke/Buyer Pages/Item Details/input_Pick-Up_text-pickup"), "*"): Keys '*' sent to object: 'Object Repository/ADMIN/Edit Text/Bespoke/Buyer Pages/Item Details/input_Pick-Up_text-pickup'

2020-03-20 14:11:34 - [MESSAGE][PASSED] - Keys '*' sent to object: 'Object Repository/ADMIN/Edit Text/Bespoke/Buyer Pages/Item Details/input_Pick-Up_text-pickup'

2020-03-20 14:11:34 - [TEST_STEP][PASSED] - sendKeys(findTestObject("ADMIN/Edit Text/Bespoke/Buyer Pages/Item Details/input_Contact Seller_btn_add_cart"), "*"): Keys '*' sent to object: 'Object Repository/ADMIN/Edit Text/Bespoke/Buyer Pages/Item Details/input_Contact Seller_btn_add_cart'

2020-03-20 14:11:34 - [MESSAGE][PASSED] - Keys '*' sent to object: 'Object Repository/ADMIN/Edit Text/Bespoke/Buyer Pages/Item Details/input_Contact Seller_btn_add_cart'

2020-03-20 14:11:34 - [TEST_STEP][PASSED] - sendKeys(findTestObject("ADMIN/Edit Text/Bespoke/Buyer Pages/Item Details/input_ADD TO CART_2"), "*"): Keys '*' sent to object: 'Object Repository/ADMIN/Edit Text/Bespoke/Buyer Pages/Item Details/input_ADD TO CART_2'

2020-03-20 14:11:34 - [MESSAGE][PASSED] - Keys '*' sent to object: 'Object Repository/ADMIN/Edit Text/Bespoke/Buyer Pages/Item Details/input_ADD TO CART_2'

2020-03-20 14:11:34 - [TEST_STEP][PASSED] - sendKeys(findTestObject("ADMIN/Edit Text/Bespoke/Buyer Pages/Item Details/input_THIS ITEM HAS BEEN ADDED_item-has-been-added"), "*"): Keys '*' sent to object: 'Object Repository/ADMIN/Edit Text/Bespoke/Buyer Pages/Item Details/input_THIS ITEM HAS BEEN ADDED_item-has-been-added'

2020-03-20 14:11:34 - [MESSAGE][PASSED] - Keys '*' sent to object: 'Object Repository/ADMIN/Edit Text/Bespoke/Buyer Pages/Item Details/input_THIS ITEM HAS BEEN ADDED_item-has-been-added'

2020-03-20 14:11:34 - [TEST_STEP][PASSED] - sendKeys(findTestObject("ADMIN/Edit Text/Bespoke/Buyer Pages/Item Details/input_VIEW CART_btn_view_cart"), "*"): Keys '*' sent to object: 'Object Repository/ADMIN/Edit Text/Bespoke/Buyer Pages/Item Details/input_VIEW CART_btn_view_cart'

2020-03-20 14:11:35 - [MESSAGE][PASSED] - Keys '*' sent to object: 'Object Repository/ADMIN/Edit Text/Bespoke/Buyer Pages/Item Details/input_VIEW CART_btn_view_cart'

2020-03-20 14:11:35 - [TEST_STEP][PASSED] - sendKeys(findTestObject("ADMIN/Edit Text/Bespoke/Buyer Pages/Item Details/input_Reviews_reviews"), "*"): Keys '*' sent to object: 'Object Repository/ADMIN/Edit Text/Bespoke/Buyer Pages/Item Details/input_Reviews_reviews'

2020-03-20 14:11:35 - [MESSAGE][PASSED] - Keys '*' sent to object: 'Object Repository/ADMIN/Edit Text/Bespoke/Buyer Pages/Item Details/input_Reviews_reviews'

2020-03-20 14:11:35 - [TEST_STEP][PASSED] - sendKeys(findTestObject("ADMIN/Edit Text/Bespoke/Buyer Pages/Item Details/input_Rating Summary_rating-summary"), "*"): Keys '*' sent to object: 'Object Repository/ADMIN/Edit Text/Bespoke/Buyer Pages/Item Details/input_Rating Summary_rating-summary'

2020-03-20 14:11:35 - [MESSAGE][PASSED] - Keys '*' sent to object: 'Object Repository/ADMIN/Edit Text/Bespoke/Buyer Pages/Item Details/input_Rating Summary_rating-summary'

2020-03-20 14:11:35 - [TEST_STEP][PASSED] - sendKeys(findTestObject("ADMIN/Edit Text/Bespoke/Buyer Pages/Item Details/input_Positive Feedback_positive-feedback"), "*"): Keys '*' sent to object: 'Object Repository/ADMIN/Edit Text/Bespoke/Buyer Pages/Item Details/input_Positive Feedback_positive-feedback'

2020-03-20 14:11:35 - [MESSAGE][PASSED] - Keys '*' sent to object: 'Object Repository/ADMIN/Edit Text/Bespoke/Buyer Pages/Item Details/input_Positive Feedback_positive-feedback'

2020-03-20 14:11:35 - [TEST_STEP][PASSED] - sendKeys(findTestObject("ADMIN/Edit Text/Bespoke/Buyer Pages/Item Details/input_Excellent_excellent"), "*"): Keys '*' sent to object: 'Object Repository/ADMIN/Edit Text/Bespoke/Buyer Pages/Item Details/input_Excellent_excellent'

2020-03-20 14:11:35 - [MESSAGE][PASSED] - Keys '*' sent to object: 'Object Repository/ADMIN/Edit Text/Bespoke/Buyer Pages/Item Details/input_Excellent_excellent'

2020-03-20 14:11:35 - [TEST_STEP][PASSED] - sendKeys(findTestObject("ADMIN/Edit Text/Bespoke/Buyer Pages/Item Details/input_Great_great"), "*"): Keys '*' sent to object: 'Object Repository/ADMIN/Edit Text/Bespoke/Buyer Pages/Item Details/input_Great_great'

2020-03-20 14:11:36 - [MESSAGE][PASSED] - Keys '*' sent to object: 'Object Repository/ADMIN/Edit Text/Bespoke/Buyer Pages/Item Details/input_Great_great'

2020-03-20 14:11:36 - [TEST_STEP][PASSED] - sendKeys(findTestObject("ADMIN/Edit Text/Bespoke/Buyer Pages/Item Details/input_Good_good"), "*"): Keys '*' sent to object: 'Object Repository/ADMIN/Edit Text/Bespoke/Buyer Pages/Item Details/input_Good_good'

2020-03-20 14:11:36 - [MESSAGE][PASSED] - Keys '*' sent to object: 'Object Repository/ADMIN/Edit Text/Bespoke/Buyer Pages/Item Details/input_Good_good'

2020-03-20 14:11:36 - [TEST_STEP][PASSED] - sendKeys(findTestObject("ADMIN/Edit Text/Bespoke/Buyer Pages/Item Details/input_Okay_ok"), "*"): Keys '*' sent to object: 'Object Repository/ADMIN/Edit Text/Bespoke/Buyer Pages/Item Details/input_Okay_ok'

2020-03-20 14:11:36 - [MESSAGE][PASSED] - Keys '*' sent to object: 'Object Repository/ADMIN/Edit Text/Bespoke/Buyer Pages/Item Details/input_Okay_ok'

2020-03-20 14:11:36 - [TEST_STEP][PASSED] - sendKeys(findTestObject("ADMIN/Edit Text/Bespoke/Buyer Pages/Item Details/input_Unsatisfied_Unsatisfied"), "*"): Keys '*' sent to object: 'Object Repository/ADMIN/Edit Text/Bespoke/Buyer Pages/Item Details/input_Unsatisfied_Unsatisfied'

2020-03-20 14:11:36 - [MESSAGE][PASSED] - Keys '*' sent to object: 'Object Repository/ADMIN/Edit Text/Bespoke/Buyer Pages/Item Details/input_Unsatisfied_Unsatisfied'

2020-03-20 14:11:36 - [TEST_STEP][PASSED] - sendKeys(findTestObject("ADMIN/Edit Text/Bespoke/Buyer Pages/Item Details/input_Reply from_reply-from"), "*"): Keys '*' sent to object: 'Object Repository/ADMIN/Edit Text/Bespoke/Buyer Pages/Item Details/input_Reply from_reply-from'

2020-03-20 14:11:37 - [MESSAGE][PASSED] - Keys '*' sent to object: 'Object Repository/ADMIN/Edit Text/Bespoke/Buyer Pages/Item Details/input_Reply from_reply-from'

2020-03-20 14:11:37 - [TEST_STEP][PASSED] - sendKeys(findTestObject("ADMIN/Edit Text/Bespoke/Buyer Pages/Item Details/input_Reply_btn_view_cart"), "*"): Keys '*' sent to object: 'Object Repository/ADMIN/Edit Text/Bespoke/Buyer Pages/Item Details/input_Reply_btn_view_cart'

2020-03-20 14:11:37 - [MESSAGE][PASSED] - Keys '*' sent to object: 'Object Repository/ADMIN/Edit Text/Bespoke/Buyer Pages/Item Details/input_Reply_btn_view_cart'

2020-03-20 14:11:37 - [TEST_STEP][PASSED] - sendKeys(findTestObject("ADMIN/Edit Text/Bespoke/Buyer Pages/Item Details/input_REPLY TO_reply"), "*"): Keys '*' sent to object: 'Object Repository/ADMIN/Edit Text/Bespoke/Buyer Pages/Item Details/input_REPLY TO_reply'

2020-03-20 14:11:37 - [MESSAGE][PASSED] - Keys '*' sent to object: 'Object Repository/ADMIN/Edit Text/Bespoke/Buyer Pages/Item Details/input_REPLY TO_reply'

2020-03-20 14:11:37 - [TEST_STEP][PASSED] - sendKeys(findTestObject("ADMIN/Edit Text/Bespoke/Buyer Pages/Item Details/input_Leave a comment_leave-comment"), "*"): Keys '*' sent to object: 'Object Repository/ADMIN/Edit Text/Bespoke/Buyer Pages/Item Details/input_Leave a comment_leave-comment'

2020-03-20 14:11:37 - [MESSAGE][PASSED] - Keys '*' sent to object: 'Object Repository/ADMIN/Edit Text/Bespoke/Buyer Pages/Item Details/input_Leave a comment_leave-comment'

2020-03-20 14:11:37 - [TEST_STEP][PASSED] - sendKeys(findTestObject("ADMIN/Edit Text/Bespoke/Buyer Pages/Item Details/input_SUBMIT_btn_submit"), "*"): Keys '*' sent to object: 'Object Repository/ADMIN/Edit Text/Bespoke/Buyer Pages/Item Details/input_SUBMIT_btn_submit'

2020-03-20 14:11:37 - [MESSAGE][PASSED] - Keys '*' sent to object: 'Object Repository/ADMIN/Edit Text/Bespoke/Buyer Pages/Item Details/input_SUBMIT_btn_submit'

2020-03-20 14:11:37 - [TEST_STEP][PASSED] - click(findTestObject("ADMIN/Edit Text/Bespoke/Buyer Pages/Homepage/button_save"), CONTINUE_ON_FAILURE): Object: 'Object Repository/ADMIN/Edit Text/Bespoke/Buyer Pages/Homepage/button_save' is clicked on

2020-03-20 14:11:38 - [MESSAGE][PASSED] - Object: 'Object Repository/ADMIN/Edit Text/Bespoke/Buyer Pages/Homepage/button_save' is clicked on

2020-03-20 14:11:38 - [TEST_STEP][PASSED] - waitForElementVisible(findTestObject("ADMIN/Edit Text/Bespoke/Buyer Pages/Homepage/toaster_success"), 0): Object 'Object Repository/ADMIN/Edit Text/Bespoke/Buyer Pages/Homepage/toaster_success' is visible

2020-03-20 14:11:38 - [MESSAGE][WARNING] - Timeout '0' is invalid. Using default page load timeout: '30'

2020-03-20 14:11:38 - [MESSAGE][PASSED] - Object 'Object Repository/ADMIN/Edit Text/Bespoke/Buyer Pages/Homepage/toaster_success' is visible]]></system-out>
         <system-err><![CDATA[]]></system-err>
      </testcase>
      <testcase name="Test Cases/ADMIN/Language/Edit Text/Bespoke/Buyer Pages/Item Details" time="9.095" classname="Test Cases/ADMIN/Language/Edit Text/Bespoke/Buyer Pages/Item Details" status="PASSED">
         <system-out><![CDATA[2020-03-20 14:11:38 - [TEST_CASE][PASSED] - Test Cases/ADMIN/Language/Edit Text/Bespoke/Buyer Pages/Item Details: Test Cases/ADMIN/Language/Edit Text/Bespoke/Buyer Pages/Item Details

2020-03-20 14:11:38 - [TEST_STEP][PASSED] - waitForElementVisible(findTestObject("ADMIN/Edit Text/Bespoke/Buyer Navigation/dd_language"), 0): Object 'Object Repository/ADMIN/Edit Text/Bespoke/Buyer Navigation/dd_language' is visible

2020-03-20 14:11:39 - [MESSAGE][WARNING] - Timeout '0' is invalid. Using default page load timeout: '30'

2020-03-20 14:11:39 - [MESSAGE][PASSED] - Object 'Object Repository/ADMIN/Edit Text/Bespoke/Buyer Navigation/dd_language' is visible

2020-03-20 14:11:39 - [TEST_STEP][PASSED] - selectOptionByLabel(findTestObject("ADMIN/Edit Text/Bespoke/Buyer Navigation/dd_language"), varLanguage, false): All options with label 'Hindi' are selected in object 'Object Repository/ADMIN/Edit Text/Bespoke/Buyer Navigation/dd_language' 

2020-03-20 14:11:40 - [MESSAGE][PASSED] - All options with label 'Hindi' are selected in object 'Object Repository/ADMIN/Edit Text/Bespoke/Buyer Navigation/dd_language' 

2020-03-20 14:11:40 - [TEST_STEP][PASSED] - sendKeys(findTestObject("ADMIN/Edit Text/Bespoke/Buyer Pages/Item Details/input_Positive Feedback_item-feedbak"), "*"): Keys '*' sent to object: 'Object Repository/ADMIN/Edit Text/Bespoke/Buyer Pages/Item Details/input_Positive Feedback_item-feedbak'

2020-03-20 14:11:40 - [MESSAGE][PASSED] - Keys '*' sent to object: 'Object Repository/ADMIN/Edit Text/Bespoke/Buyer Pages/Item Details/input_Positive Feedback_item-feedbak'

2020-03-20 14:11:40 - [TEST_STEP][PASSED] - sendKeys(findTestObject("ADMIN/Edit Text/Bespoke/Buyer Pages/Item Details/input_ADD TO CART_1"), "*"): Keys '*' sent to object: 'Object Repository/ADMIN/Edit Text/Bespoke/Buyer Pages/Item Details/input_ADD TO CART_1'

2020-03-20 14:11:40 - [MESSAGE][PASSED] - Keys '*' sent to object: 'Object Repository/ADMIN/Edit Text/Bespoke/Buyer Pages/Item Details/input_ADD TO CART_1'

2020-03-20 14:11:40 - [TEST_STEP][PASSED] - sendKeys(findTestObject("ADMIN/Edit Text/Bespoke/Buyer Pages/Item Details/input_Quantity_item-qty"), "*"): Keys '*' sent to object: 'Object Repository/ADMIN/Edit Text/Bespoke/Buyer Pages/Item Details/input_Quantity_item-qty'

2020-03-20 14:11:40 - [MESSAGE][PASSED] - Keys '*' sent to object: 'Object Repository/ADMIN/Edit Text/Bespoke/Buyer Pages/Item Details/input_Quantity_item-qty'

2020-03-20 14:11:40 - [TEST_STEP][PASSED] - sendKeys(findTestObject("ADMIN/Edit Text/Bespoke/Buyer Pages/Item Details/input_Only_item-one"), "*"): Keys '*' sent to object: 'Object Repository/ADMIN/Edit Text/Bespoke/Buyer Pages/Item Details/input_Only_item-one'

2020-03-20 14:11:41 - [MESSAGE][PASSED] - Keys '*' sent to object: 'Object Repository/ADMIN/Edit Text/Bespoke/Buyer Pages/Item Details/input_Only_item-one'

2020-03-20 14:11:41 - [TEST_STEP][PASSED] - sendKeys(findTestObject("ADMIN/Edit Text/Bespoke/Buyer Pages/Item Details/input_left_item-left"), "*"): Keys '*' sent to object: 'Object Repository/ADMIN/Edit Text/Bespoke/Buyer Pages/Item Details/input_left_item-left'

2020-03-20 14:11:41 - [MESSAGE][PASSED] - Keys '*' sent to object: 'Object Repository/ADMIN/Edit Text/Bespoke/Buyer Pages/Item Details/input_left_item-left'

2020-03-20 14:11:41 - [TEST_STEP][PASSED] - sendKeys(findTestObject("ADMIN/Edit Text/Bespoke/Buyer Pages/Item Details/input_Out of Stock_text-stock"), "*"): Keys '*' sent to object: 'Object Repository/ADMIN/Edit Text/Bespoke/Buyer Pages/Item Details/input_Out of Stock_text-stock'

2020-03-20 14:11:41 - [MESSAGE][PASSED] - Keys '*' sent to object: 'Object Repository/ADMIN/Edit Text/Bespoke/Buyer Pages/Item Details/input_Out of Stock_text-stock'

2020-03-20 14:11:41 - [TEST_STEP][PASSED] - sendKeys(findTestObject("ADMIN/Edit Text/Bespoke/Buyer Pages/Item Details/input_Description_text-description"), "*"): Keys '*' sent to object: 'Object Repository/ADMIN/Edit Text/Bespoke/Buyer Pages/Item Details/input_Description_text-description'

2020-03-20 14:11:41 - [MESSAGE][PASSED] - Keys '*' sent to object: 'Object Repository/ADMIN/Edit Text/Bespoke/Buyer Pages/Item Details/input_Description_text-description'

2020-03-20 14:11:41 - [TEST_STEP][PASSED] - sendKeys(findTestObject("ADMIN/Edit Text/Bespoke/Buyer Pages/Item Details/input_Show More_text-show-more"), "*"): Keys '*' sent to object: 'Object Repository/ADMIN/Edit Text/Bespoke/Buyer Pages/Item Details/input_Show More_text-show-more'

2020-03-20 14:11:42 - [MESSAGE][PASSED] - Keys '*' sent to object: 'Object Repository/ADMIN/Edit Text/Bespoke/Buyer Pages/Item Details/input_Show More_text-show-more'

2020-03-20 14:11:42 - [TEST_STEP][PASSED] - sendKeys(findTestObject("ADMIN/Edit Text/Bespoke/Buyer Pages/Item Details/input_Show Less_text-show-less"), "*"): Keys '*' sent to object: 'Object Repository/ADMIN/Edit Text/Bespoke/Buyer Pages/Item Details/input_Show Less_text-show-less'

2020-03-20 14:11:42 - [MESSAGE][PASSED] - Keys '*' sent to object: 'Object Repository/ADMIN/Edit Text/Bespoke/Buyer Pages/Item Details/input_Show Less_text-show-less'

2020-03-20 14:11:42 - [TEST_STEP][PASSED] - sendKeys(findTestObject("ADMIN/Edit Text/Bespoke/Buyer Pages/Item Details/input_Choose a delivery method later_text-deliver-method"), "*"): Keys '*' sent to object: 'Object Repository/ADMIN/Edit Text/Bespoke/Buyer Pages/Item Details/input_Choose a delivery method later_text-deliver-method'

2020-03-20 14:11:42 - [MESSAGE][PASSED] - Keys '*' sent to object: 'Object Repository/ADMIN/Edit Text/Bespoke/Buyer Pages/Item Details/input_Choose a delivery method later_text-deliver-method'

2020-03-20 14:11:42 - [TEST_STEP][PASSED] - sendKeys(findTestObject("ADMIN/Edit Text/Bespoke/Buyer Pages/Item Details/input_Delivery_text-delivery"), "*"): Keys '*' sent to object: 'Object Repository/ADMIN/Edit Text/Bespoke/Buyer Pages/Item Details/input_Delivery_text-delivery'

2020-03-20 14:11:43 - [MESSAGE][PASSED] - Keys '*' sent to object: 'Object Repository/ADMIN/Edit Text/Bespoke/Buyer Pages/Item Details/input_Delivery_text-delivery'

2020-03-20 14:11:43 - [TEST_STEP][PASSED] - sendKeys(findTestObject("ADMIN/Edit Text/Bespoke/Buyer Pages/Item Details/input_Pick-Up_text-pickup"), "*"): Keys '*' sent to object: 'Object Repository/ADMIN/Edit Text/Bespoke/Buyer Pages/Item Details/input_Pick-Up_text-pickup'

2020-03-20 14:11:43 - [MESSAGE][PASSED] - Keys '*' sent to object: 'Object Repository/ADMIN/Edit Text/Bespoke/Buyer Pages/Item Details/input_Pick-Up_text-pickup'

2020-03-20 14:11:43 - [TEST_STEP][PASSED] - sendKeys(findTestObject("ADMIN/Edit Text/Bespoke/Buyer Pages/Item Details/input_Contact Seller_btn_add_cart"), "*"): Keys '*' sent to object: 'Object Repository/ADMIN/Edit Text/Bespoke/Buyer Pages/Item Details/input_Contact Seller_btn_add_cart'

2020-03-20 14:11:43 - [MESSAGE][PASSED] - Keys '*' sent to object: 'Object Repository/ADMIN/Edit Text/Bespoke/Buyer Pages/Item Details/input_Contact Seller_btn_add_cart'

2020-03-20 14:11:43 - [TEST_STEP][PASSED] - sendKeys(findTestObject("ADMIN/Edit Text/Bespoke/Buyer Pages/Item Details/input_ADD TO CART_2"), "*"): Keys '*' sent to object: 'Object Repository/ADMIN/Edit Text/Bespoke/Buyer Pages/Item Details/input_ADD TO CART_2'

2020-03-20 14:11:44 - [MESSAGE][PASSED] - Keys '*' sent to object: 'Object Repository/ADMIN/Edit Text/Bespoke/Buyer Pages/Item Details/input_ADD TO CART_2'

2020-03-20 14:11:44 - [TEST_STEP][PASSED] - sendKeys(findTestObject("ADMIN/Edit Text/Bespoke/Buyer Pages/Item Details/input_THIS ITEM HAS BEEN ADDED_item-has-been-added"), "*"): Keys '*' sent to object: 'Object Repository/ADMIN/Edit Text/Bespoke/Buyer Pages/Item Details/input_THIS ITEM HAS BEEN ADDED_item-has-been-added'

2020-03-20 14:11:44 - [MESSAGE][PASSED] - Keys '*' sent to object: 'Object Repository/ADMIN/Edit Text/Bespoke/Buyer Pages/Item Details/input_THIS ITEM HAS BEEN ADDED_item-has-been-added'

2020-03-20 14:11:44 - [TEST_STEP][PASSED] - sendKeys(findTestObject("ADMIN/Edit Text/Bespoke/Buyer Pages/Item Details/input_VIEW CART_btn_view_cart"), "*"): Keys '*' sent to object: 'Object Repository/ADMIN/Edit Text/Bespoke/Buyer Pages/Item Details/input_VIEW CART_btn_view_cart'

2020-03-20 14:11:44 - [MESSAGE][PASSED] - Keys '*' sent to object: 'Object Repository/ADMIN/Edit Text/Bespoke/Buyer Pages/Item Details/input_VIEW CART_btn_view_cart'

2020-03-20 14:11:44 - [TEST_STEP][PASSED] - sendKeys(findTestObject("ADMIN/Edit Text/Bespoke/Buyer Pages/Item Details/input_Reviews_reviews"), "*"): Keys '*' sent to object: 'Object Repository/ADMIN/Edit Text/Bespoke/Buyer Pages/Item Details/input_Reviews_reviews'

2020-03-20 14:11:44 - [MESSAGE][PASSED] - Keys '*' sent to object: 'Object Repository/ADMIN/Edit Text/Bespoke/Buyer Pages/Item Details/input_Reviews_reviews'

2020-03-20 14:11:44 - [TEST_STEP][PASSED] - sendKeys(findTestObject("ADMIN/Edit Text/Bespoke/Buyer Pages/Item Details/input_Rating Summary_rating-summary"), "*"): Keys '*' sent to object: 'Object Repository/ADMIN/Edit Text/Bespoke/Buyer Pages/Item Details/input_Rating Summary_rating-summary'

2020-03-20 14:11:45 - [MESSAGE][PASSED] - Keys '*' sent to object: 'Object Repository/ADMIN/Edit Text/Bespoke/Buyer Pages/Item Details/input_Rating Summary_rating-summary'

2020-03-20 14:11:45 - [TEST_STEP][PASSED] - sendKeys(findTestObject("ADMIN/Edit Text/Bespoke/Buyer Pages/Item Details/input_Positive Feedback_positive-feedback"), "*"): Keys '*' sent to object: 'Object Repository/ADMIN/Edit Text/Bespoke/Buyer Pages/Item Details/input_Positive Feedback_positive-feedback'

2020-03-20 14:11:45 - [MESSAGE][PASSED] - Keys '*' sent to object: 'Object Repository/ADMIN/Edit Text/Bespoke/Buyer Pages/Item Details/input_Positive Feedback_positive-feedback'

2020-03-20 14:11:45 - [TEST_STEP][PASSED] - sendKeys(findTestObject("ADMIN/Edit Text/Bespoke/Buyer Pages/Item Details/input_Excellent_excellent"), "*"): Keys '*' sent to object: 'Object Repository/ADMIN/Edit Text/Bespoke/Buyer Pages/Item Details/input_Excellent_excellent'

2020-03-20 14:11:45 - [MESSAGE][PASSED] - Keys '*' sent to object: 'Object Repository/ADMIN/Edit Text/Bespoke/Buyer Pages/Item Details/input_Excellent_excellent'

2020-03-20 14:11:45 - [TEST_STEP][PASSED] - sendKeys(findTestObject("ADMIN/Edit Text/Bespoke/Buyer Pages/Item Details/input_Great_great"), "*"): Keys '*' sent to object: 'Object Repository/ADMIN/Edit Text/Bespoke/Buyer Pages/Item Details/input_Great_great'

2020-03-20 14:11:45 - [MESSAGE][PASSED] - Keys '*' sent to object: 'Object Repository/ADMIN/Edit Text/Bespoke/Buyer Pages/Item Details/input_Great_great'

2020-03-20 14:11:45 - [TEST_STEP][PASSED] - sendKeys(findTestObject("ADMIN/Edit Text/Bespoke/Buyer Pages/Item Details/input_Good_good"), "*"): Keys '*' sent to object: 'Object Repository/ADMIN/Edit Text/Bespoke/Buyer Pages/Item Details/input_Good_good'

2020-03-20 14:11:45 - [MESSAGE][PASSED] - Keys '*' sent to object: 'Object Repository/ADMIN/Edit Text/Bespoke/Buyer Pages/Item Details/input_Good_good'

2020-03-20 14:11:45 - [TEST_STEP][PASSED] - sendKeys(findTestObject("ADMIN/Edit Text/Bespoke/Buyer Pages/Item Details/input_Okay_ok"), "*"): Keys '*' sent to object: 'Object Repository/ADMIN/Edit Text/Bespoke/Buyer Pages/Item Details/input_Okay_ok'

2020-03-20 14:11:46 - [MESSAGE][PASSED] - Keys '*' sent to object: 'Object Repository/ADMIN/Edit Text/Bespoke/Buyer Pages/Item Details/input_Okay_ok'

2020-03-20 14:11:46 - [TEST_STEP][PASSED] - sendKeys(findTestObject("ADMIN/Edit Text/Bespoke/Buyer Pages/Item Details/input_Unsatisfied_Unsatisfied"), "*"): Keys '*' sent to object: 'Object Repository/ADMIN/Edit Text/Bespoke/Buyer Pages/Item Details/input_Unsatisfied_Unsatisfied'

2020-03-20 14:11:46 - [MESSAGE][PASSED] - Keys '*' sent to object: 'Object Repository/ADMIN/Edit Text/Bespoke/Buyer Pages/Item Details/input_Unsatisfied_Unsatisfied'

2020-03-20 14:11:46 - [TEST_STEP][PASSED] - sendKeys(findTestObject("ADMIN/Edit Text/Bespoke/Buyer Pages/Item Details/input_Reply from_reply-from"), "*"): Keys '*' sent to object: 'Object Repository/ADMIN/Edit Text/Bespoke/Buyer Pages/Item Details/input_Reply from_reply-from'

2020-03-20 14:11:46 - [MESSAGE][PASSED] - Keys '*' sent to object: 'Object Repository/ADMIN/Edit Text/Bespoke/Buyer Pages/Item Details/input_Reply from_reply-from'

2020-03-20 14:11:46 - [TEST_STEP][PASSED] - sendKeys(findTestObject("ADMIN/Edit Text/Bespoke/Buyer Pages/Item Details/input_Reply_btn_view_cart"), "*"): Keys '*' sent to object: 'Object Repository/ADMIN/Edit Text/Bespoke/Buyer Pages/Item Details/input_Reply_btn_view_cart'

2020-03-20 14:11:46 - [MESSAGE][PASSED] - Keys '*' sent to object: 'Object Repository/ADMIN/Edit Text/Bespoke/Buyer Pages/Item Details/input_Reply_btn_view_cart'

2020-03-20 14:11:46 - [TEST_STEP][PASSED] - sendKeys(findTestObject("ADMIN/Edit Text/Bespoke/Buyer Pages/Item Details/input_REPLY TO_reply"), "*"): Keys '*' sent to object: 'Object Repository/ADMIN/Edit Text/Bespoke/Buyer Pages/Item Details/input_REPLY TO_reply'

2020-03-20 14:11:47 - [MESSAGE][PASSED] - Keys '*' sent to object: 'Object Repository/ADMIN/Edit Text/Bespoke/Buyer Pages/Item Details/input_REPLY TO_reply'

2020-03-20 14:11:47 - [TEST_STEP][PASSED] - sendKeys(findTestObject("ADMIN/Edit Text/Bespoke/Buyer Pages/Item Details/input_Leave a comment_leave-comment"), "*"): Keys '*' sent to object: 'Object Repository/ADMIN/Edit Text/Bespoke/Buyer Pages/Item Details/input_Leave a comment_leave-comment'

2020-03-20 14:11:47 - [MESSAGE][PASSED] - Keys '*' sent to object: 'Object Repository/ADMIN/Edit Text/Bespoke/Buyer Pages/Item Details/input_Leave a comment_leave-comment'

2020-03-20 14:11:47 - [TEST_STEP][PASSED] - sendKeys(findTestObject("ADMIN/Edit Text/Bespoke/Buyer Pages/Item Details/input_SUBMIT_btn_submit"), "*"): Keys '*' sent to object: 'Object Repository/ADMIN/Edit Text/Bespoke/Buyer Pages/Item Details/input_SUBMIT_btn_submit'

2020-03-20 14:11:47 - [MESSAGE][PASSED] - Keys '*' sent to object: 'Object Repository/ADMIN/Edit Text/Bespoke/Buyer Pages/Item Details/input_SUBMIT_btn_submit'

2020-03-20 14:11:47 - [TEST_STEP][PASSED] - click(findTestObject("ADMIN/Edit Text/Bespoke/Buyer Pages/Homepage/button_save"), CONTINUE_ON_FAILURE): Object: 'Object Repository/ADMIN/Edit Text/Bespoke/Buyer Pages/Homepage/button_save' is clicked on

2020-03-20 14:11:47 - [MESSAGE][PASSED] - Object: 'Object Repository/ADMIN/Edit Text/Bespoke/Buyer Pages/Homepage/button_save' is clicked on

2020-03-20 14:11:47 - [TEST_STEP][PASSED] - waitForElementVisible(findTestObject("ADMIN/Edit Text/Bespoke/Buyer Pages/Homepage/toaster_success"), 0): Object 'Object Repository/ADMIN/Edit Text/Bespoke/Buyer Pages/Homepage/toaster_success' is visible

2020-03-20 14:11:47 - [MESSAGE][WARNING] - Timeout '0' is invalid. Using default page load timeout: '30'

2020-03-20 14:11:48 - [MESSAGE][PASSED] - Object 'Object Repository/ADMIN/Edit Text/Bespoke/Buyer Pages/Homepage/toaster_success' is visible]]></system-out>
         <system-err><![CDATA[]]></system-err>
      </testcase>
      <testcase name="Test Cases/ADMIN/Language/Edit Text/Bespoke/Buyer Pages/Item Details" time="8.129" classname="Test Cases/ADMIN/Language/Edit Text/Bespoke/Buyer Pages/Item Details" status="PASSED">
         <system-out><![CDATA[2020-03-20 14:11:48 - [TEST_CASE][PASSED] - Test Cases/ADMIN/Language/Edit Text/Bespoke/Buyer Pages/Item Details: Test Cases/ADMIN/Language/Edit Text/Bespoke/Buyer Pages/Item Details

2020-03-20 14:11:48 - [TEST_STEP][PASSED] - waitForElementVisible(findTestObject("ADMIN/Edit Text/Bespoke/Buyer Navigation/dd_language"), 0): Object 'Object Repository/ADMIN/Edit Text/Bespoke/Buyer Navigation/dd_language' is visible

2020-03-20 14:11:48 - [MESSAGE][WARNING] - Timeout '0' is invalid. Using default page load timeout: '30'

2020-03-20 14:11:48 - [MESSAGE][PASSED] - Object 'Object Repository/ADMIN/Edit Text/Bespoke/Buyer Navigation/dd_language' is visible

2020-03-20 14:11:48 - [TEST_STEP][PASSED] - selectOptionByLabel(findTestObject("ADMIN/Edit Text/Bespoke/Buyer Navigation/dd_language"), varLanguage, false): All options with label 'German' are selected in object 'Object Repository/ADMIN/Edit Text/Bespoke/Buyer Navigation/dd_language' 

2020-03-20 14:11:49 - [MESSAGE][PASSED] - All options with label 'German' are selected in object 'Object Repository/ADMIN/Edit Text/Bespoke/Buyer Navigation/dd_language' 

2020-03-20 14:11:49 - [TEST_STEP][PASSED] - sendKeys(findTestObject("ADMIN/Edit Text/Bespoke/Buyer Pages/Item Details/input_Positive Feedback_item-feedbak"), "*"): Keys '*' sent to object: 'Object Repository/ADMIN/Edit Text/Bespoke/Buyer Pages/Item Details/input_Positive Feedback_item-feedbak'

2020-03-20 14:11:49 - [MESSAGE][PASSED] - Keys '*' sent to object: 'Object Repository/ADMIN/Edit Text/Bespoke/Buyer Pages/Item Details/input_Positive Feedback_item-feedbak'

2020-03-20 14:11:49 - [TEST_STEP][PASSED] - sendKeys(findTestObject("ADMIN/Edit Text/Bespoke/Buyer Pages/Item Details/input_ADD TO CART_1"), "*"): Keys '*' sent to object: 'Object Repository/ADMIN/Edit Text/Bespoke/Buyer Pages/Item Details/input_ADD TO CART_1'

2020-03-20 14:11:50 - [MESSAGE][PASSED] - Keys '*' sent to object: 'Object Repository/ADMIN/Edit Text/Bespoke/Buyer Pages/Item Details/input_ADD TO CART_1'

2020-03-20 14:11:50 - [TEST_STEP][PASSED] - sendKeys(findTestObject("ADMIN/Edit Text/Bespoke/Buyer Pages/Item Details/input_Quantity_item-qty"), "*"): Keys '*' sent to object: 'Object Repository/ADMIN/Edit Text/Bespoke/Buyer Pages/Item Details/input_Quantity_item-qty'

2020-03-20 14:11:50 - [MESSAGE][PASSED] - Keys '*' sent to object: 'Object Repository/ADMIN/Edit Text/Bespoke/Buyer Pages/Item Details/input_Quantity_item-qty'

2020-03-20 14:11:50 - [TEST_STEP][PASSED] - sendKeys(findTestObject("ADMIN/Edit Text/Bespoke/Buyer Pages/Item Details/input_Only_item-one"), "*"): Keys '*' sent to object: 'Object Repository/ADMIN/Edit Text/Bespoke/Buyer Pages/Item Details/input_Only_item-one'

2020-03-20 14:11:50 - [MESSAGE][PASSED] - Keys '*' sent to object: 'Object Repository/ADMIN/Edit Text/Bespoke/Buyer Pages/Item Details/input_Only_item-one'

2020-03-20 14:11:50 - [TEST_STEP][PASSED] - sendKeys(findTestObject("ADMIN/Edit Text/Bespoke/Buyer Pages/Item Details/input_left_item-left"), "*"): Keys '*' sent to object: 'Object Repository/ADMIN/Edit Text/Bespoke/Buyer Pages/Item Details/input_left_item-left'

2020-03-20 14:11:50 - [MESSAGE][PASSED] - Keys '*' sent to object: 'Object Repository/ADMIN/Edit Text/Bespoke/Buyer Pages/Item Details/input_left_item-left'

2020-03-20 14:11:50 - [TEST_STEP][PASSED] - sendKeys(findTestObject("ADMIN/Edit Text/Bespoke/Buyer Pages/Item Details/input_Out of Stock_text-stock"), "*"): Keys '*' sent to object: 'Object Repository/ADMIN/Edit Text/Bespoke/Buyer Pages/Item Details/input_Out of Stock_text-stock'

2020-03-20 14:11:50 - [MESSAGE][PASSED] - Keys '*' sent to object: 'Object Repository/ADMIN/Edit Text/Bespoke/Buyer Pages/Item Details/input_Out of Stock_text-stock'

2020-03-20 14:11:50 - [TEST_STEP][PASSED] - sendKeys(findTestObject("ADMIN/Edit Text/Bespoke/Buyer Pages/Item Details/input_Description_text-description"), "*"): Keys '*' sent to object: 'Object Repository/ADMIN/Edit Text/Bespoke/Buyer Pages/Item Details/input_Description_text-description'

2020-03-20 14:11:50 - [MESSAGE][PASSED] - Keys '*' sent to object: 'Object Repository/ADMIN/Edit Text/Bespoke/Buyer Pages/Item Details/input_Description_text-description'

2020-03-20 14:11:50 - [TEST_STEP][PASSED] - sendKeys(findTestObject("ADMIN/Edit Text/Bespoke/Buyer Pages/Item Details/input_Show More_text-show-more"), "*"): Keys '*' sent to object: 'Object Repository/ADMIN/Edit Text/Bespoke/Buyer Pages/Item Details/input_Show More_text-show-more'

2020-03-20 14:11:51 - [MESSAGE][PASSED] - Keys '*' sent to object: 'Object Repository/ADMIN/Edit Text/Bespoke/Buyer Pages/Item Details/input_Show More_text-show-more'

2020-03-20 14:11:51 - [TEST_STEP][PASSED] - sendKeys(findTestObject("ADMIN/Edit Text/Bespoke/Buyer Pages/Item Details/input_Show Less_text-show-less"), "*"): Keys '*' sent to object: 'Object Repository/ADMIN/Edit Text/Bespoke/Buyer Pages/Item Details/input_Show Less_text-show-less'

2020-03-20 14:11:51 - [MESSAGE][PASSED] - Keys '*' sent to object: 'Object Repository/ADMIN/Edit Text/Bespoke/Buyer Pages/Item Details/input_Show Less_text-show-less'

2020-03-20 14:11:51 - [TEST_STEP][PASSED] - sendKeys(findTestObject("ADMIN/Edit Text/Bespoke/Buyer Pages/Item Details/input_Choose a delivery method later_text-deliver-method"), "*"): Keys '*' sent to object: 'Object Repository/ADMIN/Edit Text/Bespoke/Buyer Pages/Item Details/input_Choose a delivery method later_text-deliver-method'

2020-03-20 14:11:51 - [MESSAGE][PASSED] - Keys '*' sent to object: 'Object Repository/ADMIN/Edit Text/Bespoke/Buyer Pages/Item Details/input_Choose a delivery method later_text-deliver-method'

2020-03-20 14:11:51 - [TEST_STEP][PASSED] - sendKeys(findTestObject("ADMIN/Edit Text/Bespoke/Buyer Pages/Item Details/input_Delivery_text-delivery"), "*"): Keys '*' sent to object: 'Object Repository/ADMIN/Edit Text/Bespoke/Buyer Pages/Item Details/input_Delivery_text-delivery'

2020-03-20 14:11:51 - [MESSAGE][PASSED] - Keys '*' sent to object: 'Object Repository/ADMIN/Edit Text/Bespoke/Buyer Pages/Item Details/input_Delivery_text-delivery'

2020-03-20 14:11:51 - [TEST_STEP][PASSED] - sendKeys(findTestObject("ADMIN/Edit Text/Bespoke/Buyer Pages/Item Details/input_Pick-Up_text-pickup"), "*"): Keys '*' sent to object: 'Object Repository/ADMIN/Edit Text/Bespoke/Buyer Pages/Item Details/input_Pick-Up_text-pickup'

2020-03-20 14:11:51 - [MESSAGE][PASSED] - Keys '*' sent to object: 'Object Repository/ADMIN/Edit Text/Bespoke/Buyer Pages/Item Details/input_Pick-Up_text-pickup'

2020-03-20 14:11:51 - [TEST_STEP][PASSED] - sendKeys(findTestObject("ADMIN/Edit Text/Bespoke/Buyer Pages/Item Details/input_Contact Seller_btn_add_cart"), "*"): Keys '*' sent to object: 'Object Repository/ADMIN/Edit Text/Bespoke/Buyer Pages/Item Details/input_Contact Seller_btn_add_cart'

2020-03-20 14:11:52 - [MESSAGE][PASSED] - Keys '*' sent to object: 'Object Repository/ADMIN/Edit Text/Bespoke/Buyer Pages/Item Details/input_Contact Seller_btn_add_cart'

2020-03-20 14:11:52 - [TEST_STEP][PASSED] - sendKeys(findTestObject("ADMIN/Edit Text/Bespoke/Buyer Pages/Item Details/input_ADD TO CART_2"), "*"): Keys '*' sent to object: 'Object Repository/ADMIN/Edit Text/Bespoke/Buyer Pages/Item Details/input_ADD TO CART_2'

2020-03-20 14:11:52 - [MESSAGE][PASSED] - Keys '*' sent to object: 'Object Repository/ADMIN/Edit Text/Bespoke/Buyer Pages/Item Details/input_ADD TO CART_2'

2020-03-20 14:11:52 - [TEST_STEP][PASSED] - sendKeys(findTestObject("ADMIN/Edit Text/Bespoke/Buyer Pages/Item Details/input_THIS ITEM HAS BEEN ADDED_item-has-been-added"), "*"): Keys '*' sent to object: 'Object Repository/ADMIN/Edit Text/Bespoke/Buyer Pages/Item Details/input_THIS ITEM HAS BEEN ADDED_item-has-been-added'

2020-03-20 14:11:52 - [MESSAGE][PASSED] - Keys '*' sent to object: 'Object Repository/ADMIN/Edit Text/Bespoke/Buyer Pages/Item Details/input_THIS ITEM HAS BEEN ADDED_item-has-been-added'

2020-03-20 14:11:52 - [TEST_STEP][PASSED] - sendKeys(findTestObject("ADMIN/Edit Text/Bespoke/Buyer Pages/Item Details/input_VIEW CART_btn_view_cart"), "*"): Keys '*' sent to object: 'Object Repository/ADMIN/Edit Text/Bespoke/Buyer Pages/Item Details/input_VIEW CART_btn_view_cart'

2020-03-20 14:11:52 - [MESSAGE][PASSED] - Keys '*' sent to object: 'Object Repository/ADMIN/Edit Text/Bespoke/Buyer Pages/Item Details/input_VIEW CART_btn_view_cart'

2020-03-20 14:11:52 - [TEST_STEP][PASSED] - sendKeys(findTestObject("ADMIN/Edit Text/Bespoke/Buyer Pages/Item Details/input_Reviews_reviews"), "*"): Keys '*' sent to object: 'Object Repository/ADMIN/Edit Text/Bespoke/Buyer Pages/Item Details/input_Reviews_reviews'

2020-03-20 14:11:52 - [MESSAGE][PASSED] - Keys '*' sent to object: 'Object Repository/ADMIN/Edit Text/Bespoke/Buyer Pages/Item Details/input_Reviews_reviews'

2020-03-20 14:11:52 - [TEST_STEP][PASSED] - sendKeys(findTestObject("ADMIN/Edit Text/Bespoke/Buyer Pages/Item Details/input_Rating Summary_rating-summary"), "*"): Keys '*' sent to object: 'Object Repository/ADMIN/Edit Text/Bespoke/Buyer Pages/Item Details/input_Rating Summary_rating-summary'

2020-03-20 14:11:53 - [MESSAGE][PASSED] - Keys '*' sent to object: 'Object Repository/ADMIN/Edit Text/Bespoke/Buyer Pages/Item Details/input_Rating Summary_rating-summary'

2020-03-20 14:11:53 - [TEST_STEP][PASSED] - sendKeys(findTestObject("ADMIN/Edit Text/Bespoke/Buyer Pages/Item Details/input_Positive Feedback_positive-feedback"), "*"): Keys '*' sent to object: 'Object Repository/ADMIN/Edit Text/Bespoke/Buyer Pages/Item Details/input_Positive Feedback_positive-feedback'

2020-03-20 14:11:53 - [MESSAGE][PASSED] - Keys '*' sent to object: 'Object Repository/ADMIN/Edit Text/Bespoke/Buyer Pages/Item Details/input_Positive Feedback_positive-feedback'

2020-03-20 14:11:53 - [TEST_STEP][PASSED] - sendKeys(findTestObject("ADMIN/Edit Text/Bespoke/Buyer Pages/Item Details/input_Excellent_excellent"), "*"): Keys '*' sent to object: 'Object Repository/ADMIN/Edit Text/Bespoke/Buyer Pages/Item Details/input_Excellent_excellent'

2020-03-20 14:11:53 - [MESSAGE][PASSED] - Keys '*' sent to object: 'Object Repository/ADMIN/Edit Text/Bespoke/Buyer Pages/Item Details/input_Excellent_excellent'

2020-03-20 14:11:53 - [TEST_STEP][PASSED] - sendKeys(findTestObject("ADMIN/Edit Text/Bespoke/Buyer Pages/Item Details/input_Great_great"), "*"): Keys '*' sent to object: 'Object Repository/ADMIN/Edit Text/Bespoke/Buyer Pages/Item Details/input_Great_great'

2020-03-20 14:11:53 - [MESSAGE][PASSED] - Keys '*' sent to object: 'Object Repository/ADMIN/Edit Text/Bespoke/Buyer Pages/Item Details/input_Great_great'

2020-03-20 14:11:53 - [TEST_STEP][PASSED] - sendKeys(findTestObject("ADMIN/Edit Text/Bespoke/Buyer Pages/Item Details/input_Good_good"), "*"): Keys '*' sent to object: 'Object Repository/ADMIN/Edit Text/Bespoke/Buyer Pages/Item Details/input_Good_good'

2020-03-20 14:11:53 - [MESSAGE][PASSED] - Keys '*' sent to object: 'Object Repository/ADMIN/Edit Text/Bespoke/Buyer Pages/Item Details/input_Good_good'

2020-03-20 14:11:53 - [TEST_STEP][PASSED] - sendKeys(findTestObject("ADMIN/Edit Text/Bespoke/Buyer Pages/Item Details/input_Okay_ok"), "*"): Keys '*' sent to object: 'Object Repository/ADMIN/Edit Text/Bespoke/Buyer Pages/Item Details/input_Okay_ok'

2020-03-20 14:11:54 - [MESSAGE][PASSED] - Keys '*' sent to object: 'Object Repository/ADMIN/Edit Text/Bespoke/Buyer Pages/Item Details/input_Okay_ok'

2020-03-20 14:11:54 - [TEST_STEP][PASSED] - sendKeys(findTestObject("ADMIN/Edit Text/Bespoke/Buyer Pages/Item Details/input_Unsatisfied_Unsatisfied"), "*"): Keys '*' sent to object: 'Object Repository/ADMIN/Edit Text/Bespoke/Buyer Pages/Item Details/input_Unsatisfied_Unsatisfied'

2020-03-20 14:11:54 - [MESSAGE][PASSED] - Keys '*' sent to object: 'Object Repository/ADMIN/Edit Text/Bespoke/Buyer Pages/Item Details/input_Unsatisfied_Unsatisfied'

2020-03-20 14:11:54 - [TEST_STEP][PASSED] - sendKeys(findTestObject("ADMIN/Edit Text/Bespoke/Buyer Pages/Item Details/input_Reply from_reply-from"), "*"): Keys '*' sent to object: 'Object Repository/ADMIN/Edit Text/Bespoke/Buyer Pages/Item Details/input_Reply from_reply-from'

2020-03-20 14:11:54 - [MESSAGE][PASSED] - Keys '*' sent to object: 'Object Repository/ADMIN/Edit Text/Bespoke/Buyer Pages/Item Details/input_Reply from_reply-from'

2020-03-20 14:11:54 - [TEST_STEP][PASSED] - sendKeys(findTestObject("ADMIN/Edit Text/Bespoke/Buyer Pages/Item Details/input_Reply_btn_view_cart"), "*"): Keys '*' sent to object: 'Object Repository/ADMIN/Edit Text/Bespoke/Buyer Pages/Item Details/input_Reply_btn_view_cart'

2020-03-20 14:11:54 - [MESSAGE][PASSED] - Keys '*' sent to object: 'Object Repository/ADMIN/Edit Text/Bespoke/Buyer Pages/Item Details/input_Reply_btn_view_cart'

2020-03-20 14:11:54 - [TEST_STEP][PASSED] - sendKeys(findTestObject("ADMIN/Edit Text/Bespoke/Buyer Pages/Item Details/input_REPLY TO_reply"), "*"): Keys '*' sent to object: 'Object Repository/ADMIN/Edit Text/Bespoke/Buyer Pages/Item Details/input_REPLY TO_reply'

2020-03-20 14:11:55 - [MESSAGE][PASSED] - Keys '*' sent to object: 'Object Repository/ADMIN/Edit Text/Bespoke/Buyer Pages/Item Details/input_REPLY TO_reply'

2020-03-20 14:11:55 - [TEST_STEP][PASSED] - sendKeys(findTestObject("ADMIN/Edit Text/Bespoke/Buyer Pages/Item Details/input_Leave a comment_leave-comment"), "*"): Keys '*' sent to object: 'Object Repository/ADMIN/Edit Text/Bespoke/Buyer Pages/Item Details/input_Leave a comment_leave-comment'

2020-03-20 14:11:55 - [MESSAGE][PASSED] - Keys '*' sent to object: 'Object Repository/ADMIN/Edit Text/Bespoke/Buyer Pages/Item Details/input_Leave a comment_leave-comment'

2020-03-20 14:11:55 - [TEST_STEP][PASSED] - sendKeys(findTestObject("ADMIN/Edit Text/Bespoke/Buyer Pages/Item Details/input_SUBMIT_btn_submit"), "*"): Keys '*' sent to object: 'Object Repository/ADMIN/Edit Text/Bespoke/Buyer Pages/Item Details/input_SUBMIT_btn_submit'

2020-03-20 14:11:55 - [MESSAGE][PASSED] - Keys '*' sent to object: 'Object Repository/ADMIN/Edit Text/Bespoke/Buyer Pages/Item Details/input_SUBMIT_btn_submit'

2020-03-20 14:11:55 - [TEST_STEP][PASSED] - click(findTestObject("ADMIN/Edit Text/Bespoke/Buyer Pages/Homepage/button_save"), CONTINUE_ON_FAILURE): Object: 'Object Repository/ADMIN/Edit Text/Bespoke/Buyer Pages/Homepage/button_save' is clicked on

2020-03-20 14:11:55 - [MESSAGE][PASSED] - Object: 'Object Repository/ADMIN/Edit Text/Bespoke/Buyer Pages/Homepage/button_save' is clicked on

2020-03-20 14:11:55 - [TEST_STEP][PASSED] - waitForElementVisible(findTestObject("ADMIN/Edit Text/Bespoke/Buyer Pages/Homepage/toaster_success"), 0): Object 'Object Repository/ADMIN/Edit Text/Bespoke/Buyer Pages/Homepage/toaster_success' is visible

2020-03-20 14:11:55 - [MESSAGE][WARNING] - Timeout '0' is invalid. Using default page load timeout: '30'

2020-03-20 14:11:56 - [MESSAGE][PASSED] - Object 'Object Repository/ADMIN/Edit Text/Bespoke/Buyer Pages/Homepage/toaster_success' is visible]]></system-out>
         <system-err><![CDATA[]]></system-err>
      </testcase>
      <testcase name="Test Cases/ADMIN/Language/Edit Text/Bespoke/Buyer Pages/Item Details" time="8.621" classname="Test Cases/ADMIN/Language/Edit Text/Bespoke/Buyer Pages/Item Details" status="PASSED">
         <system-out><![CDATA[2020-03-20 14:11:56 - [TEST_CASE][PASSED] - Test Cases/ADMIN/Language/Edit Text/Bespoke/Buyer Pages/Item Details: Test Cases/ADMIN/Language/Edit Text/Bespoke/Buyer Pages/Item Details

2020-03-20 14:11:56 - [TEST_STEP][PASSED] - waitForElementVisible(findTestObject("ADMIN/Edit Text/Bespoke/Buyer Navigation/dd_language"), 0): Object 'Object Repository/ADMIN/Edit Text/Bespoke/Buyer Navigation/dd_language' is visible

2020-03-20 14:11:56 - [MESSAGE][WARNING] - Timeout '0' is invalid. Using default page load timeout: '30'

2020-03-20 14:11:56 - [MESSAGE][PASSED] - Object 'Object Repository/ADMIN/Edit Text/Bespoke/Buyer Navigation/dd_language' is visible

2020-03-20 14:11:56 - [TEST_STEP][PASSED] - selectOptionByLabel(findTestObject("ADMIN/Edit Text/Bespoke/Buyer Navigation/dd_language"), varLanguage, false): All options with label 'Japanese' are selected in object 'Object Repository/ADMIN/Edit Text/Bespoke/Buyer Navigation/dd_language' 

2020-03-20 14:11:57 - [MESSAGE][PASSED] - All options with label 'Japanese' are selected in object 'Object Repository/ADMIN/Edit Text/Bespoke/Buyer Navigation/dd_language' 

2020-03-20 14:11:57 - [TEST_STEP][PASSED] - sendKeys(findTestObject("ADMIN/Edit Text/Bespoke/Buyer Pages/Item Details/input_Positive Feedback_item-feedbak"), "*"): Keys '*' sent to object: 'Object Repository/ADMIN/Edit Text/Bespoke/Buyer Pages/Item Details/input_Positive Feedback_item-feedbak'

2020-03-20 14:11:57 - [MESSAGE][PASSED] - Keys '*' sent to object: 'Object Repository/ADMIN/Edit Text/Bespoke/Buyer Pages/Item Details/input_Positive Feedback_item-feedbak'

2020-03-20 14:11:57 - [TEST_STEP][PASSED] - sendKeys(findTestObject("ADMIN/Edit Text/Bespoke/Buyer Pages/Item Details/input_ADD TO CART_1"), "*"): Keys '*' sent to object: 'Object Repository/ADMIN/Edit Text/Bespoke/Buyer Pages/Item Details/input_ADD TO CART_1'

2020-03-20 14:11:57 - [MESSAGE][PASSED] - Keys '*' sent to object: 'Object Repository/ADMIN/Edit Text/Bespoke/Buyer Pages/Item Details/input_ADD TO CART_1'

2020-03-20 14:11:57 - [TEST_STEP][PASSED] - sendKeys(findTestObject("ADMIN/Edit Text/Bespoke/Buyer Pages/Item Details/input_Quantity_item-qty"), "*"): Keys '*' sent to object: 'Object Repository/ADMIN/Edit Text/Bespoke/Buyer Pages/Item Details/input_Quantity_item-qty'

2020-03-20 14:11:58 - [MESSAGE][PASSED] - Keys '*' sent to object: 'Object Repository/ADMIN/Edit Text/Bespoke/Buyer Pages/Item Details/input_Quantity_item-qty'

2020-03-20 14:11:58 - [TEST_STEP][PASSED] - sendKeys(findTestObject("ADMIN/Edit Text/Bespoke/Buyer Pages/Item Details/input_Only_item-one"), "*"): Keys '*' sent to object: 'Object Repository/ADMIN/Edit Text/Bespoke/Buyer Pages/Item Details/input_Only_item-one'

2020-03-20 14:11:58 - [MESSAGE][PASSED] - Keys '*' sent to object: 'Object Repository/ADMIN/Edit Text/Bespoke/Buyer Pages/Item Details/input_Only_item-one'

2020-03-20 14:11:58 - [TEST_STEP][PASSED] - sendKeys(findTestObject("ADMIN/Edit Text/Bespoke/Buyer Pages/Item Details/input_left_item-left"), "*"): Keys '*' sent to object: 'Object Repository/ADMIN/Edit Text/Bespoke/Buyer Pages/Item Details/input_left_item-left'

2020-03-20 14:11:58 - [MESSAGE][PASSED] - Keys '*' sent to object: 'Object Repository/ADMIN/Edit Text/Bespoke/Buyer Pages/Item Details/input_left_item-left'

2020-03-20 14:11:58 - [TEST_STEP][PASSED] - sendKeys(findTestObject("ADMIN/Edit Text/Bespoke/Buyer Pages/Item Details/input_Out of Stock_text-stock"), "*"): Keys '*' sent to object: 'Object Repository/ADMIN/Edit Text/Bespoke/Buyer Pages/Item Details/input_Out of Stock_text-stock'

2020-03-20 14:11:58 - [MESSAGE][PASSED] - Keys '*' sent to object: 'Object Repository/ADMIN/Edit Text/Bespoke/Buyer Pages/Item Details/input_Out of Stock_text-stock'

2020-03-20 14:11:58 - [TEST_STEP][PASSED] - sendKeys(findTestObject("ADMIN/Edit Text/Bespoke/Buyer Pages/Item Details/input_Description_text-description"), "*"): Keys '*' sent to object: 'Object Repository/ADMIN/Edit Text/Bespoke/Buyer Pages/Item Details/input_Description_text-description'

2020-03-20 14:11:59 - [MESSAGE][PASSED] - Keys '*' sent to object: 'Object Repository/ADMIN/Edit Text/Bespoke/Buyer Pages/Item Details/input_Description_text-description'

2020-03-20 14:11:59 - [TEST_STEP][PASSED] - sendKeys(findTestObject("ADMIN/Edit Text/Bespoke/Buyer Pages/Item Details/input_Show More_text-show-more"), "*"): Keys '*' sent to object: 'Object Repository/ADMIN/Edit Text/Bespoke/Buyer Pages/Item Details/input_Show More_text-show-more'

2020-03-20 14:11:59 - [MESSAGE][PASSED] - Keys '*' sent to object: 'Object Repository/ADMIN/Edit Text/Bespoke/Buyer Pages/Item Details/input_Show More_text-show-more'

2020-03-20 14:11:59 - [TEST_STEP][PASSED] - sendKeys(findTestObject("ADMIN/Edit Text/Bespoke/Buyer Pages/Item Details/input_Show Less_text-show-less"), "*"): Keys '*' sent to object: 'Object Repository/ADMIN/Edit Text/Bespoke/Buyer Pages/Item Details/input_Show Less_text-show-less'

2020-03-20 14:11:59 - [MESSAGE][PASSED] - Keys '*' sent to object: 'Object Repository/ADMIN/Edit Text/Bespoke/Buyer Pages/Item Details/input_Show Less_text-show-less'

2020-03-20 14:11:59 - [TEST_STEP][PASSED] - sendKeys(findTestObject("ADMIN/Edit Text/Bespoke/Buyer Pages/Item Details/input_Choose a delivery method later_text-deliver-method"), "*"): Keys '*' sent to object: 'Object Repository/ADMIN/Edit Text/Bespoke/Buyer Pages/Item Details/input_Choose a delivery method later_text-deliver-method'

2020-03-20 14:11:59 - [MESSAGE][PASSED] - Keys '*' sent to object: 'Object Repository/ADMIN/Edit Text/Bespoke/Buyer Pages/Item Details/input_Choose a delivery method later_text-deliver-method'

2020-03-20 14:11:59 - [TEST_STEP][PASSED] - sendKeys(findTestObject("ADMIN/Edit Text/Bespoke/Buyer Pages/Item Details/input_Delivery_text-delivery"), "*"): Keys '*' sent to object: 'Object Repository/ADMIN/Edit Text/Bespoke/Buyer Pages/Item Details/input_Delivery_text-delivery'

2020-03-20 14:12:00 - [MESSAGE][PASSED] - Keys '*' sent to object: 'Object Repository/ADMIN/Edit Text/Bespoke/Buyer Pages/Item Details/input_Delivery_text-delivery'

2020-03-20 14:12:00 - [TEST_STEP][PASSED] - sendKeys(findTestObject("ADMIN/Edit Text/Bespoke/Buyer Pages/Item Details/input_Pick-Up_text-pickup"), "*"): Keys '*' sent to object: 'Object Repository/ADMIN/Edit Text/Bespoke/Buyer Pages/Item Details/input_Pick-Up_text-pickup'

2020-03-20 14:12:00 - [MESSAGE][PASSED] - Keys '*' sent to object: 'Object Repository/ADMIN/Edit Text/Bespoke/Buyer Pages/Item Details/input_Pick-Up_text-pickup'

2020-03-20 14:12:00 - [TEST_STEP][PASSED] - sendKeys(findTestObject("ADMIN/Edit Text/Bespoke/Buyer Pages/Item Details/input_Contact Seller_btn_add_cart"), "*"): Keys '*' sent to object: 'Object Repository/ADMIN/Edit Text/Bespoke/Buyer Pages/Item Details/input_Contact Seller_btn_add_cart'

2020-03-20 14:12:00 - [MESSAGE][PASSED] - Keys '*' sent to object: 'Object Repository/ADMIN/Edit Text/Bespoke/Buyer Pages/Item Details/input_Contact Seller_btn_add_cart'

2020-03-20 14:12:00 - [TEST_STEP][PASSED] - sendKeys(findTestObject("ADMIN/Edit Text/Bespoke/Buyer Pages/Item Details/input_ADD TO CART_2"), "*"): Keys '*' sent to object: 'Object Repository/ADMIN/Edit Text/Bespoke/Buyer Pages/Item Details/input_ADD TO CART_2'

2020-03-20 14:12:00 - [MESSAGE][PASSED] - Keys '*' sent to object: 'Object Repository/ADMIN/Edit Text/Bespoke/Buyer Pages/Item Details/input_ADD TO CART_2'

2020-03-20 14:12:00 - [TEST_STEP][PASSED] - sendKeys(findTestObject("ADMIN/Edit Text/Bespoke/Buyer Pages/Item Details/input_THIS ITEM HAS BEEN ADDED_item-has-been-added"), "*"): Keys '*' sent to object: 'Object Repository/ADMIN/Edit Text/Bespoke/Buyer Pages/Item Details/input_THIS ITEM HAS BEEN ADDED_item-has-been-added'

2020-03-20 14:12:00 - [MESSAGE][PASSED] - Keys '*' sent to object: 'Object Repository/ADMIN/Edit Text/Bespoke/Buyer Pages/Item Details/input_THIS ITEM HAS BEEN ADDED_item-has-been-added'

2020-03-20 14:12:00 - [TEST_STEP][PASSED] - sendKeys(findTestObject("ADMIN/Edit Text/Bespoke/Buyer Pages/Item Details/input_VIEW CART_btn_view_cart"), "*"): Keys '*' sent to object: 'Object Repository/ADMIN/Edit Text/Bespoke/Buyer Pages/Item Details/input_VIEW CART_btn_view_cart'

2020-03-20 14:12:01 - [MESSAGE][PASSED] - Keys '*' sent to object: 'Object Repository/ADMIN/Edit Text/Bespoke/Buyer Pages/Item Details/input_VIEW CART_btn_view_cart'

2020-03-20 14:12:01 - [TEST_STEP][PASSED] - sendKeys(findTestObject("ADMIN/Edit Text/Bespoke/Buyer Pages/Item Details/input_Reviews_reviews"), "*"): Keys '*' sent to object: 'Object Repository/ADMIN/Edit Text/Bespoke/Buyer Pages/Item Details/input_Reviews_reviews'

2020-03-20 14:12:01 - [MESSAGE][PASSED] - Keys '*' sent to object: 'Object Repository/ADMIN/Edit Text/Bespoke/Buyer Pages/Item Details/input_Reviews_reviews'

2020-03-20 14:12:01 - [TEST_STEP][PASSED] - sendKeys(findTestObject("ADMIN/Edit Text/Bespoke/Buyer Pages/Item Details/input_Rating Summary_rating-summary"), "*"): Keys '*' sent to object: 'Object Repository/ADMIN/Edit Text/Bespoke/Buyer Pages/Item Details/input_Rating Summary_rating-summary'

2020-03-20 14:12:01 - [MESSAGE][PASSED] - Keys '*' sent to object: 'Object Repository/ADMIN/Edit Text/Bespoke/Buyer Pages/Item Details/input_Rating Summary_rating-summary'

2020-03-20 14:12:01 - [TEST_STEP][PASSED] - sendKeys(findTestObject("ADMIN/Edit Text/Bespoke/Buyer Pages/Item Details/input_Positive Feedback_positive-feedback"), "*"): Keys '*' sent to object: 'Object Repository/ADMIN/Edit Text/Bespoke/Buyer Pages/Item Details/input_Positive Feedback_positive-feedback'

2020-03-20 14:12:01 - [MESSAGE][PASSED] - Keys '*' sent to object: 'Object Repository/ADMIN/Edit Text/Bespoke/Buyer Pages/Item Details/input_Positive Feedback_positive-feedback'

2020-03-20 14:12:01 - [TEST_STEP][PASSED] - sendKeys(findTestObject("ADMIN/Edit Text/Bespoke/Buyer Pages/Item Details/input_Excellent_excellent"), "*"): Keys '*' sent to object: 'Object Repository/ADMIN/Edit Text/Bespoke/Buyer Pages/Item Details/input_Excellent_excellent'

2020-03-20 14:12:01 - [MESSAGE][PASSED] - Keys '*' sent to object: 'Object Repository/ADMIN/Edit Text/Bespoke/Buyer Pages/Item Details/input_Excellent_excellent'

2020-03-20 14:12:01 - [TEST_STEP][PASSED] - sendKeys(findTestObject("ADMIN/Edit Text/Bespoke/Buyer Pages/Item Details/input_Great_great"), "*"): Keys '*' sent to object: 'Object Repository/ADMIN/Edit Text/Bespoke/Buyer Pages/Item Details/input_Great_great'

2020-03-20 14:12:02 - [MESSAGE][PASSED] - Keys '*' sent to object: 'Object Repository/ADMIN/Edit Text/Bespoke/Buyer Pages/Item Details/input_Great_great'

2020-03-20 14:12:02 - [TEST_STEP][PASSED] - sendKeys(findTestObject("ADMIN/Edit Text/Bespoke/Buyer Pages/Item Details/input_Good_good"), "*"): Keys '*' sent to object: 'Object Repository/ADMIN/Edit Text/Bespoke/Buyer Pages/Item Details/input_Good_good'

2020-03-20 14:12:02 - [MESSAGE][PASSED] - Keys '*' sent to object: 'Object Repository/ADMIN/Edit Text/Bespoke/Buyer Pages/Item Details/input_Good_good'

2020-03-20 14:12:02 - [TEST_STEP][PASSED] - sendKeys(findTestObject("ADMIN/Edit Text/Bespoke/Buyer Pages/Item Details/input_Okay_ok"), "*"): Keys '*' sent to object: 'Object Repository/ADMIN/Edit Text/Bespoke/Buyer Pages/Item Details/input_Okay_ok'

2020-03-20 14:12:02 - [MESSAGE][PASSED] - Keys '*' sent to object: 'Object Repository/ADMIN/Edit Text/Bespoke/Buyer Pages/Item Details/input_Okay_ok'

2020-03-20 14:12:02 - [TEST_STEP][PASSED] - sendKeys(findTestObject("ADMIN/Edit Text/Bespoke/Buyer Pages/Item Details/input_Unsatisfied_Unsatisfied"), "*"): Keys '*' sent to object: 'Object Repository/ADMIN/Edit Text/Bespoke/Buyer Pages/Item Details/input_Unsatisfied_Unsatisfied'

2020-03-20 14:12:02 - [MESSAGE][PASSED] - Keys '*' sent to object: 'Object Repository/ADMIN/Edit Text/Bespoke/Buyer Pages/Item Details/input_Unsatisfied_Unsatisfied'

2020-03-20 14:12:02 - [TEST_STEP][PASSED] - sendKeys(findTestObject("ADMIN/Edit Text/Bespoke/Buyer Pages/Item Details/input_Reply from_reply-from"), "*"): Keys '*' sent to object: 'Object Repository/ADMIN/Edit Text/Bespoke/Buyer Pages/Item Details/input_Reply from_reply-from'

2020-03-20 14:12:03 - [MESSAGE][PASSED] - Keys '*' sent to object: 'Object Repository/ADMIN/Edit Text/Bespoke/Buyer Pages/Item Details/input_Reply from_reply-from'

2020-03-20 14:12:03 - [TEST_STEP][PASSED] - sendKeys(findTestObject("ADMIN/Edit Text/Bespoke/Buyer Pages/Item Details/input_Reply_btn_view_cart"), "*"): Keys '*' sent to object: 'Object Repository/ADMIN/Edit Text/Bespoke/Buyer Pages/Item Details/input_Reply_btn_view_cart'

2020-03-20 14:12:03 - [MESSAGE][PASSED] - Keys '*' sent to object: 'Object Repository/ADMIN/Edit Text/Bespoke/Buyer Pages/Item Details/input_Reply_btn_view_cart'

2020-03-20 14:12:03 - [TEST_STEP][PASSED] - sendKeys(findTestObject("ADMIN/Edit Text/Bespoke/Buyer Pages/Item Details/input_REPLY TO_reply"), "*"): Keys '*' sent to object: 'Object Repository/ADMIN/Edit Text/Bespoke/Buyer Pages/Item Details/input_REPLY TO_reply'

2020-03-20 14:12:03 - [MESSAGE][PASSED] - Keys '*' sent to object: 'Object Repository/ADMIN/Edit Text/Bespoke/Buyer Pages/Item Details/input_REPLY TO_reply'

2020-03-20 14:12:03 - [TEST_STEP][PASSED] - sendKeys(findTestObject("ADMIN/Edit Text/Bespoke/Buyer Pages/Item Details/input_Leave a comment_leave-comment"), "*"): Keys '*' sent to object: 'Object Repository/ADMIN/Edit Text/Bespoke/Buyer Pages/Item Details/input_Leave a comment_leave-comment'

2020-03-20 14:12:03 - [MESSAGE][PASSED] - Keys '*' sent to object: 'Object Repository/ADMIN/Edit Text/Bespoke/Buyer Pages/Item Details/input_Leave a comment_leave-comment'

2020-03-20 14:12:03 - [TEST_STEP][PASSED] - sendKeys(findTestObject("ADMIN/Edit Text/Bespoke/Buyer Pages/Item Details/input_SUBMIT_btn_submit"), "*"): Keys '*' sent to object: 'Object Repository/ADMIN/Edit Text/Bespoke/Buyer Pages/Item Details/input_SUBMIT_btn_submit'

2020-03-20 14:12:03 - [MESSAGE][PASSED] - Keys '*' sent to object: 'Object Repository/ADMIN/Edit Text/Bespoke/Buyer Pages/Item Details/input_SUBMIT_btn_submit'

2020-03-20 14:12:03 - [TEST_STEP][PASSED] - click(findTestObject("ADMIN/Edit Text/Bespoke/Buyer Pages/Homepage/button_save"), CONTINUE_ON_FAILURE): Object: 'Object Repository/ADMIN/Edit Text/Bespoke/Buyer Pages/Homepage/button_save' is clicked on

2020-03-20 14:12:04 - [MESSAGE][PASSED] - Object: 'Object Repository/ADMIN/Edit Text/Bespoke/Buyer Pages/Homepage/button_save' is clicked on

2020-03-20 14:12:04 - [TEST_STEP][PASSED] - waitForElementVisible(findTestObject("ADMIN/Edit Text/Bespoke/Buyer Pages/Homepage/toaster_success"), 0): Object 'Object Repository/ADMIN/Edit Text/Bespoke/Buyer Pages/Homepage/toaster_success' is visible

2020-03-20 14:12:04 - [MESSAGE][WARNING] - Timeout '0' is invalid. Using default page load timeout: '30'

2020-03-20 14:12:04 - [MESSAGE][PASSED] - Object 'Object Repository/ADMIN/Edit Text/Bespoke/Buyer Pages/Homepage/toaster_success' is visible]]></system-out>
         <system-err><![CDATA[]]></system-err>
      </testcase>
      <testcase name="Test Cases/ADMIN/Language/Edit Text/Bespoke/Buyer Pages/Item Details" time="8.501" classname="Test Cases/ADMIN/Language/Edit Text/Bespoke/Buyer Pages/Item Details" status="PASSED">
         <system-out><![CDATA[2020-03-20 14:12:04 - [TEST_CASE][PASSED] - Test Cases/ADMIN/Language/Edit Text/Bespoke/Buyer Pages/Item Details: Test Cases/ADMIN/Language/Edit Text/Bespoke/Buyer Pages/Item Details

2020-03-20 14:12:04 - [TEST_STEP][PASSED] - waitForElementVisible(findTestObject("ADMIN/Edit Text/Bespoke/Buyer Navigation/dd_language"), 0): Object 'Object Repository/ADMIN/Edit Text/Bespoke/Buyer Navigation/dd_language' is visible

2020-03-20 14:12:04 - [MESSAGE][WARNING] - Timeout '0' is invalid. Using default page load timeout: '30'

2020-03-20 14:12:05 - [MESSAGE][PASSED] - Object 'Object Repository/ADMIN/Edit Text/Bespoke/Buyer Navigation/dd_language' is visible

2020-03-20 14:12:05 - [TEST_STEP][PASSED] - selectOptionByLabel(findTestObject("ADMIN/Edit Text/Bespoke/Buyer Navigation/dd_language"), varLanguage, false): All options with label 'Chinese (Traditional)' are selected in object 'Object Repository/ADMIN/Edit Text/Bespoke/Buyer Navigation/dd_language' 

2020-03-20 14:12:06 - [MESSAGE][PASSED] - All options with label 'Chinese (Traditional)' are selected in object 'Object Repository/ADMIN/Edit Text/Bespoke/Buyer Navigation/dd_language' 

2020-03-20 14:12:06 - [TEST_STEP][PASSED] - sendKeys(findTestObject("ADMIN/Edit Text/Bespoke/Buyer Pages/Item Details/input_Positive Feedback_item-feedbak"), "*"): Keys '*' sent to object: 'Object Repository/ADMIN/Edit Text/Bespoke/Buyer Pages/Item Details/input_Positive Feedback_item-feedbak'

2020-03-20 14:12:06 - [MESSAGE][PASSED] - Keys '*' sent to object: 'Object Repository/ADMIN/Edit Text/Bespoke/Buyer Pages/Item Details/input_Positive Feedback_item-feedbak'

2020-03-20 14:12:06 - [TEST_STEP][PASSED] - sendKeys(findTestObject("ADMIN/Edit Text/Bespoke/Buyer Pages/Item Details/input_ADD TO CART_1"), "*"): Keys '*' sent to object: 'Object Repository/ADMIN/Edit Text/Bespoke/Buyer Pages/Item Details/input_ADD TO CART_1'

2020-03-20 14:12:07 - [MESSAGE][PASSED] - Keys '*' sent to object: 'Object Repository/ADMIN/Edit Text/Bespoke/Buyer Pages/Item Details/input_ADD TO CART_1'

2020-03-20 14:12:07 - [TEST_STEP][PASSED] - sendKeys(findTestObject("ADMIN/Edit Text/Bespoke/Buyer Pages/Item Details/input_Quantity_item-qty"), "*"): Keys '*' sent to object: 'Object Repository/ADMIN/Edit Text/Bespoke/Buyer Pages/Item Details/input_Quantity_item-qty'

2020-03-20 14:12:07 - [MESSAGE][PASSED] - Keys '*' sent to object: 'Object Repository/ADMIN/Edit Text/Bespoke/Buyer Pages/Item Details/input_Quantity_item-qty'

2020-03-20 14:12:07 - [TEST_STEP][PASSED] - sendKeys(findTestObject("ADMIN/Edit Text/Bespoke/Buyer Pages/Item Details/input_Only_item-one"), "*"): Keys '*' sent to object: 'Object Repository/ADMIN/Edit Text/Bespoke/Buyer Pages/Item Details/input_Only_item-one'

2020-03-20 14:12:07 - [MESSAGE][PASSED] - Keys '*' sent to object: 'Object Repository/ADMIN/Edit Text/Bespoke/Buyer Pages/Item Details/input_Only_item-one'

2020-03-20 14:12:07 - [TEST_STEP][PASSED] - sendKeys(findTestObject("ADMIN/Edit Text/Bespoke/Buyer Pages/Item Details/input_left_item-left"), "*"): Keys '*' sent to object: 'Object Repository/ADMIN/Edit Text/Bespoke/Buyer Pages/Item Details/input_left_item-left'

2020-03-20 14:12:07 - [MESSAGE][PASSED] - Keys '*' sent to object: 'Object Repository/ADMIN/Edit Text/Bespoke/Buyer Pages/Item Details/input_left_item-left'

2020-03-20 14:12:07 - [TEST_STEP][PASSED] - sendKeys(findTestObject("ADMIN/Edit Text/Bespoke/Buyer Pages/Item Details/input_Out of Stock_text-stock"), "*"): Keys '*' sent to object: 'Object Repository/ADMIN/Edit Text/Bespoke/Buyer Pages/Item Details/input_Out of Stock_text-stock'

2020-03-20 14:12:08 - [MESSAGE][PASSED] - Keys '*' sent to object: 'Object Repository/ADMIN/Edit Text/Bespoke/Buyer Pages/Item Details/input_Out of Stock_text-stock'

2020-03-20 14:12:08 - [TEST_STEP][PASSED] - sendKeys(findTestObject("ADMIN/Edit Text/Bespoke/Buyer Pages/Item Details/input_Description_text-description"), "*"): Keys '*' sent to object: 'Object Repository/ADMIN/Edit Text/Bespoke/Buyer Pages/Item Details/input_Description_text-description'

2020-03-20 14:12:08 - [MESSAGE][PASSED] - Keys '*' sent to object: 'Object Repository/ADMIN/Edit Text/Bespoke/Buyer Pages/Item Details/input_Description_text-description'

2020-03-20 14:12:08 - [TEST_STEP][PASSED] - sendKeys(findTestObject("ADMIN/Edit Text/Bespoke/Buyer Pages/Item Details/input_Show More_text-show-more"), "*"): Keys '*' sent to object: 'Object Repository/ADMIN/Edit Text/Bespoke/Buyer Pages/Item Details/input_Show More_text-show-more'

2020-03-20 14:12:08 - [MESSAGE][PASSED] - Keys '*' sent to object: 'Object Repository/ADMIN/Edit Text/Bespoke/Buyer Pages/Item Details/input_Show More_text-show-more'

2020-03-20 14:12:08 - [TEST_STEP][PASSED] - sendKeys(findTestObject("ADMIN/Edit Text/Bespoke/Buyer Pages/Item Details/input_Show Less_text-show-less"), "*"): Keys '*' sent to object: 'Object Repository/ADMIN/Edit Text/Bespoke/Buyer Pages/Item Details/input_Show Less_text-show-less'

2020-03-20 14:12:08 - [MESSAGE][PASSED] - Keys '*' sent to object: 'Object Repository/ADMIN/Edit Text/Bespoke/Buyer Pages/Item Details/input_Show Less_text-show-less'

2020-03-20 14:12:08 - [TEST_STEP][PASSED] - sendKeys(findTestObject("ADMIN/Edit Text/Bespoke/Buyer Pages/Item Details/input_Choose a delivery method later_text-deliver-method"), "*"): Keys '*' sent to object: 'Object Repository/ADMIN/Edit Text/Bespoke/Buyer Pages/Item Details/input_Choose a delivery method later_text-deliver-method'

2020-03-20 14:12:09 - [MESSAGE][PASSED] - Keys '*' sent to object: 'Object Repository/ADMIN/Edit Text/Bespoke/Buyer Pages/Item Details/input_Choose a delivery method later_text-deliver-method'

2020-03-20 14:12:09 - [TEST_STEP][PASSED] - sendKeys(findTestObject("ADMIN/Edit Text/Bespoke/Buyer Pages/Item Details/input_Delivery_text-delivery"), "*"): Keys '*' sent to object: 'Object Repository/ADMIN/Edit Text/Bespoke/Buyer Pages/Item Details/input_Delivery_text-delivery'

2020-03-20 14:12:09 - [MESSAGE][PASSED] - Keys '*' sent to object: 'Object Repository/ADMIN/Edit Text/Bespoke/Buyer Pages/Item Details/input_Delivery_text-delivery'

2020-03-20 14:12:09 - [TEST_STEP][PASSED] - sendKeys(findTestObject("ADMIN/Edit Text/Bespoke/Buyer Pages/Item Details/input_Pick-Up_text-pickup"), "*"): Keys '*' sent to object: 'Object Repository/ADMIN/Edit Text/Bespoke/Buyer Pages/Item Details/input_Pick-Up_text-pickup'

2020-03-20 14:12:09 - [MESSAGE][PASSED] - Keys '*' sent to object: 'Object Repository/ADMIN/Edit Text/Bespoke/Buyer Pages/Item Details/input_Pick-Up_text-pickup'

2020-03-20 14:12:09 - [TEST_STEP][PASSED] - sendKeys(findTestObject("ADMIN/Edit Text/Bespoke/Buyer Pages/Item Details/input_Contact Seller_btn_add_cart"), "*"): Keys '*' sent to object: 'Object Repository/ADMIN/Edit Text/Bespoke/Buyer Pages/Item Details/input_Contact Seller_btn_add_cart'

2020-03-20 14:12:09 - [MESSAGE][PASSED] - Keys '*' sent to object: 'Object Repository/ADMIN/Edit Text/Bespoke/Buyer Pages/Item Details/input_Contact Seller_btn_add_cart'

2020-03-20 14:12:09 - [TEST_STEP][PASSED] - sendKeys(findTestObject("ADMIN/Edit Text/Bespoke/Buyer Pages/Item Details/input_ADD TO CART_2"), "*"): Keys '*' sent to object: 'Object Repository/ADMIN/Edit Text/Bespoke/Buyer Pages/Item Details/input_ADD TO CART_2'

2020-03-20 14:12:09 - [MESSAGE][PASSED] - Keys '*' sent to object: 'Object Repository/ADMIN/Edit Text/Bespoke/Buyer Pages/Item Details/input_ADD TO CART_2'

2020-03-20 14:12:09 - [TEST_STEP][PASSED] - sendKeys(findTestObject("ADMIN/Edit Text/Bespoke/Buyer Pages/Item Details/input_THIS ITEM HAS BEEN ADDED_item-has-been-added"), "*"): Keys '*' sent to object: 'Object Repository/ADMIN/Edit Text/Bespoke/Buyer Pages/Item Details/input_THIS ITEM HAS BEEN ADDED_item-has-been-added'

2020-03-20 14:12:10 - [MESSAGE][PASSED] - Keys '*' sent to object: 'Object Repository/ADMIN/Edit Text/Bespoke/Buyer Pages/Item Details/input_THIS ITEM HAS BEEN ADDED_item-has-been-added'

2020-03-20 14:12:10 - [TEST_STEP][PASSED] - sendKeys(findTestObject("ADMIN/Edit Text/Bespoke/Buyer Pages/Item Details/input_VIEW CART_btn_view_cart"), "*"): Keys '*' sent to object: 'Object Repository/ADMIN/Edit Text/Bespoke/Buyer Pages/Item Details/input_VIEW CART_btn_view_cart'

2020-03-20 14:12:10 - [MESSAGE][PASSED] - Keys '*' sent to object: 'Object Repository/ADMIN/Edit Text/Bespoke/Buyer Pages/Item Details/input_VIEW CART_btn_view_cart'

2020-03-20 14:12:10 - [TEST_STEP][PASSED] - sendKeys(findTestObject("ADMIN/Edit Text/Bespoke/Buyer Pages/Item Details/input_Reviews_reviews"), "*"): Keys '*' sent to object: 'Object Repository/ADMIN/Edit Text/Bespoke/Buyer Pages/Item Details/input_Reviews_reviews'

2020-03-20 14:12:10 - [MESSAGE][PASSED] - Keys '*' sent to object: 'Object Repository/ADMIN/Edit Text/Bespoke/Buyer Pages/Item Details/input_Reviews_reviews'

2020-03-20 14:12:10 - [TEST_STEP][PASSED] - sendKeys(findTestObject("ADMIN/Edit Text/Bespoke/Buyer Pages/Item Details/input_Rating Summary_rating-summary"), "*"): Keys '*' sent to object: 'Object Repository/ADMIN/Edit Text/Bespoke/Buyer Pages/Item Details/input_Rating Summary_rating-summary'

2020-03-20 14:12:10 - [MESSAGE][PASSED] - Keys '*' sent to object: 'Object Repository/ADMIN/Edit Text/Bespoke/Buyer Pages/Item Details/input_Rating Summary_rating-summary'

2020-03-20 14:12:10 - [TEST_STEP][PASSED] - sendKeys(findTestObject("ADMIN/Edit Text/Bespoke/Buyer Pages/Item Details/input_Positive Feedback_positive-feedback"), "*"): Keys '*' sent to object: 'Object Repository/ADMIN/Edit Text/Bespoke/Buyer Pages/Item Details/input_Positive Feedback_positive-feedback'

2020-03-20 14:12:10 - [MESSAGE][PASSED] - Keys '*' sent to object: 'Object Repository/ADMIN/Edit Text/Bespoke/Buyer Pages/Item Details/input_Positive Feedback_positive-feedback'

2020-03-20 14:12:10 - [TEST_STEP][PASSED] - sendKeys(findTestObject("ADMIN/Edit Text/Bespoke/Buyer Pages/Item Details/input_Excellent_excellent"), "*"): Keys '*' sent to object: 'Object Repository/ADMIN/Edit Text/Bespoke/Buyer Pages/Item Details/input_Excellent_excellent'

2020-03-20 14:12:11 - [MESSAGE][PASSED] - Keys '*' sent to object: 'Object Repository/ADMIN/Edit Text/Bespoke/Buyer Pages/Item Details/input_Excellent_excellent'

2020-03-20 14:12:11 - [TEST_STEP][PASSED] - sendKeys(findTestObject("ADMIN/Edit Text/Bespoke/Buyer Pages/Item Details/input_Great_great"), "*"): Keys '*' sent to object: 'Object Repository/ADMIN/Edit Text/Bespoke/Buyer Pages/Item Details/input_Great_great'

2020-03-20 14:12:11 - [MESSAGE][PASSED] - Keys '*' sent to object: 'Object Repository/ADMIN/Edit Text/Bespoke/Buyer Pages/Item Details/input_Great_great'

2020-03-20 14:12:11 - [TEST_STEP][PASSED] - sendKeys(findTestObject("ADMIN/Edit Text/Bespoke/Buyer Pages/Item Details/input_Good_good"), "*"): Keys '*' sent to object: 'Object Repository/ADMIN/Edit Text/Bespoke/Buyer Pages/Item Details/input_Good_good'

2020-03-20 14:12:11 - [MESSAGE][PASSED] - Keys '*' sent to object: 'Object Repository/ADMIN/Edit Text/Bespoke/Buyer Pages/Item Details/input_Good_good'

2020-03-20 14:12:11 - [TEST_STEP][PASSED] - sendKeys(findTestObject("ADMIN/Edit Text/Bespoke/Buyer Pages/Item Details/input_Okay_ok"), "*"): Keys '*' sent to object: 'Object Repository/ADMIN/Edit Text/Bespoke/Buyer Pages/Item Details/input_Okay_ok'

2020-03-20 14:12:11 - [MESSAGE][PASSED] - Keys '*' sent to object: 'Object Repository/ADMIN/Edit Text/Bespoke/Buyer Pages/Item Details/input_Okay_ok'

2020-03-20 14:12:11 - [TEST_STEP][PASSED] - sendKeys(findTestObject("ADMIN/Edit Text/Bespoke/Buyer Pages/Item Details/input_Unsatisfied_Unsatisfied"), "*"): Keys '*' sent to object: 'Object Repository/ADMIN/Edit Text/Bespoke/Buyer Pages/Item Details/input_Unsatisfied_Unsatisfied'

2020-03-20 14:12:11 - [MESSAGE][PASSED] - Keys '*' sent to object: 'Object Repository/ADMIN/Edit Text/Bespoke/Buyer Pages/Item Details/input_Unsatisfied_Unsatisfied'

2020-03-20 14:12:11 - [TEST_STEP][PASSED] - sendKeys(findTestObject("ADMIN/Edit Text/Bespoke/Buyer Pages/Item Details/input_Reply from_reply-from"), "*"): Keys '*' sent to object: 'Object Repository/ADMIN/Edit Text/Bespoke/Buyer Pages/Item Details/input_Reply from_reply-from'

2020-03-20 14:12:11 - [MESSAGE][PASSED] - Keys '*' sent to object: 'Object Repository/ADMIN/Edit Text/Bespoke/Buyer Pages/Item Details/input_Reply from_reply-from'

2020-03-20 14:12:11 - [TEST_STEP][PASSED] - sendKeys(findTestObject("ADMIN/Edit Text/Bespoke/Buyer Pages/Item Details/input_Reply_btn_view_cart"), "*"): Keys '*' sent to object: 'Object Repository/ADMIN/Edit Text/Bespoke/Buyer Pages/Item Details/input_Reply_btn_view_cart'

2020-03-20 14:12:12 - [MESSAGE][PASSED] - Keys '*' sent to object: 'Object Repository/ADMIN/Edit Text/Bespoke/Buyer Pages/Item Details/input_Reply_btn_view_cart'

2020-03-20 14:12:12 - [TEST_STEP][PASSED] - sendKeys(findTestObject("ADMIN/Edit Text/Bespoke/Buyer Pages/Item Details/input_REPLY TO_reply"), "*"): Keys '*' sent to object: 'Object Repository/ADMIN/Edit Text/Bespoke/Buyer Pages/Item Details/input_REPLY TO_reply'

2020-03-20 14:12:12 - [MESSAGE][PASSED] - Keys '*' sent to object: 'Object Repository/ADMIN/Edit Text/Bespoke/Buyer Pages/Item Details/input_REPLY TO_reply'

2020-03-20 14:12:12 - [TEST_STEP][PASSED] - sendKeys(findTestObject("ADMIN/Edit Text/Bespoke/Buyer Pages/Item Details/input_Leave a comment_leave-comment"), "*"): Keys '*' sent to object: 'Object Repository/ADMIN/Edit Text/Bespoke/Buyer Pages/Item Details/input_Leave a comment_leave-comment'

2020-03-20 14:12:12 - [MESSAGE][PASSED] - Keys '*' sent to object: 'Object Repository/ADMIN/Edit Text/Bespoke/Buyer Pages/Item Details/input_Leave a comment_leave-comment'

2020-03-20 14:12:12 - [TEST_STEP][PASSED] - sendKeys(findTestObject("ADMIN/Edit Text/Bespoke/Buyer Pages/Item Details/input_SUBMIT_btn_submit"), "*"): Keys '*' sent to object: 'Object Repository/ADMIN/Edit Text/Bespoke/Buyer Pages/Item Details/input_SUBMIT_btn_submit'

2020-03-20 14:12:12 - [MESSAGE][PASSED] - Keys '*' sent to object: 'Object Repository/ADMIN/Edit Text/Bespoke/Buyer Pages/Item Details/input_SUBMIT_btn_submit'

2020-03-20 14:12:12 - [TEST_STEP][PASSED] - click(findTestObject("ADMIN/Edit Text/Bespoke/Buyer Pages/Homepage/button_save"), CONTINUE_ON_FAILURE): Object: 'Object Repository/ADMIN/Edit Text/Bespoke/Buyer Pages/Homepage/button_save' is clicked on

2020-03-20 14:12:13 - [MESSAGE][PASSED] - Object: 'Object Repository/ADMIN/Edit Text/Bespoke/Buyer Pages/Homepage/button_save' is clicked on

2020-03-20 14:12:13 - [TEST_STEP][PASSED] - waitForElementVisible(findTestObject("ADMIN/Edit Text/Bespoke/Buyer Pages/Homepage/toaster_success"), 0): Object 'Object Repository/ADMIN/Edit Text/Bespoke/Buyer Pages/Homepage/toaster_success' is visible

2020-03-20 14:12:13 - [MESSAGE][WARNING] - Timeout '0' is invalid. Using default page load timeout: '30'

2020-03-20 14:12:13 - [MESSAGE][PASSED] - Object 'Object Repository/ADMIN/Edit Text/Bespoke/Buyer Pages/Homepage/toaster_success' is visible]]></system-out>
         <system-err><![CDATA[]]></system-err>
      </testcase>
      <testcase name="Test Cases/ADMIN/Language/Edit Text/Bespoke/Buyer Pages/Item Details" time="8.772" classname="Test Cases/ADMIN/Language/Edit Text/Bespoke/Buyer Pages/Item Details" status="PASSED">
         <system-out><![CDATA[2020-03-20 14:12:13 - [TEST_CASE][PASSED] - Test Cases/ADMIN/Language/Edit Text/Bespoke/Buyer Pages/Item Details: Test Cases/ADMIN/Language/Edit Text/Bespoke/Buyer Pages/Item Details

2020-03-20 14:12:13 - [TEST_STEP][PASSED] - waitForElementVisible(findTestObject("ADMIN/Edit Text/Bespoke/Buyer Navigation/dd_language"), 0): Object 'Object Repository/ADMIN/Edit Text/Bespoke/Buyer Navigation/dd_language' is visible

2020-03-20 14:12:13 - [MESSAGE][WARNING] - Timeout '0' is invalid. Using default page load timeout: '30'

2020-03-20 14:12:13 - [MESSAGE][PASSED] - Object 'Object Repository/ADMIN/Edit Text/Bespoke/Buyer Navigation/dd_language' is visible

2020-03-20 14:12:13 - [TEST_STEP][PASSED] - selectOptionByLabel(findTestObject("ADMIN/Edit Text/Bespoke/Buyer Navigation/dd_language"), varLanguage, false): All options with label 'Portuguese' are selected in object 'Object Repository/ADMIN/Edit Text/Bespoke/Buyer Navigation/dd_language' 

2020-03-20 14:12:14 - [MESSAGE][PASSED] - All options with label 'Portuguese' are selected in object 'Object Repository/ADMIN/Edit Text/Bespoke/Buyer Navigation/dd_language' 

2020-03-20 14:12:14 - [TEST_STEP][PASSED] - sendKeys(findTestObject("ADMIN/Edit Text/Bespoke/Buyer Pages/Item Details/input_Positive Feedback_item-feedbak"), "*"): Keys '*' sent to object: 'Object Repository/ADMIN/Edit Text/Bespoke/Buyer Pages/Item Details/input_Positive Feedback_item-feedbak'

2020-03-20 14:12:15 - [MESSAGE][PASSED] - Keys '*' sent to object: 'Object Repository/ADMIN/Edit Text/Bespoke/Buyer Pages/Item Details/input_Positive Feedback_item-feedbak'

2020-03-20 14:12:15 - [TEST_STEP][PASSED] - sendKeys(findTestObject("ADMIN/Edit Text/Bespoke/Buyer Pages/Item Details/input_ADD TO CART_1"), "*"): Keys '*' sent to object: 'Object Repository/ADMIN/Edit Text/Bespoke/Buyer Pages/Item Details/input_ADD TO CART_1'

2020-03-20 14:12:15 - [MESSAGE][PASSED] - Keys '*' sent to object: 'Object Repository/ADMIN/Edit Text/Bespoke/Buyer Pages/Item Details/input_ADD TO CART_1'

2020-03-20 14:12:15 - [TEST_STEP][PASSED] - sendKeys(findTestObject("ADMIN/Edit Text/Bespoke/Buyer Pages/Item Details/input_Quantity_item-qty"), "*"): Keys '*' sent to object: 'Object Repository/ADMIN/Edit Text/Bespoke/Buyer Pages/Item Details/input_Quantity_item-qty'

2020-03-20 14:12:15 - [MESSAGE][PASSED] - Keys '*' sent to object: 'Object Repository/ADMIN/Edit Text/Bespoke/Buyer Pages/Item Details/input_Quantity_item-qty'

2020-03-20 14:12:15 - [TEST_STEP][PASSED] - sendKeys(findTestObject("ADMIN/Edit Text/Bespoke/Buyer Pages/Item Details/input_Only_item-one"), "*"): Keys '*' sent to object: 'Object Repository/ADMIN/Edit Text/Bespoke/Buyer Pages/Item Details/input_Only_item-one'

2020-03-20 14:12:16 - [MESSAGE][PASSED] - Keys '*' sent to object: 'Object Repository/ADMIN/Edit Text/Bespoke/Buyer Pages/Item Details/input_Only_item-one'

2020-03-20 14:12:16 - [TEST_STEP][PASSED] - sendKeys(findTestObject("ADMIN/Edit Text/Bespoke/Buyer Pages/Item Details/input_left_item-left"), "*"): Keys '*' sent to object: 'Object Repository/ADMIN/Edit Text/Bespoke/Buyer Pages/Item Details/input_left_item-left'

2020-03-20 14:12:16 - [MESSAGE][PASSED] - Keys '*' sent to object: 'Object Repository/ADMIN/Edit Text/Bespoke/Buyer Pages/Item Details/input_left_item-left'

2020-03-20 14:12:16 - [TEST_STEP][PASSED] - sendKeys(findTestObject("ADMIN/Edit Text/Bespoke/Buyer Pages/Item Details/input_Out of Stock_text-stock"), "*"): Keys '*' sent to object: 'Object Repository/ADMIN/Edit Text/Bespoke/Buyer Pages/Item Details/input_Out of Stock_text-stock'

2020-03-20 14:12:16 - [MESSAGE][PASSED] - Keys '*' sent to object: 'Object Repository/ADMIN/Edit Text/Bespoke/Buyer Pages/Item Details/input_Out of Stock_text-stock'

2020-03-20 14:12:16 - [TEST_STEP][PASSED] - sendKeys(findTestObject("ADMIN/Edit Text/Bespoke/Buyer Pages/Item Details/input_Description_text-description"), "*"): Keys '*' sent to object: 'Object Repository/ADMIN/Edit Text/Bespoke/Buyer Pages/Item Details/input_Description_text-description'

2020-03-20 14:12:16 - [MESSAGE][PASSED] - Keys '*' sent to object: 'Object Repository/ADMIN/Edit Text/Bespoke/Buyer Pages/Item Details/input_Description_text-description'

2020-03-20 14:12:16 - [TEST_STEP][PASSED] - sendKeys(findTestObject("ADMIN/Edit Text/Bespoke/Buyer Pages/Item Details/input_Show More_text-show-more"), "*"): Keys '*' sent to object: 'Object Repository/ADMIN/Edit Text/Bespoke/Buyer Pages/Item Details/input_Show More_text-show-more'

2020-03-20 14:12:16 - [MESSAGE][PASSED] - Keys '*' sent to object: 'Object Repository/ADMIN/Edit Text/Bespoke/Buyer Pages/Item Details/input_Show More_text-show-more'

2020-03-20 14:12:16 - [TEST_STEP][PASSED] - sendKeys(findTestObject("ADMIN/Edit Text/Bespoke/Buyer Pages/Item Details/input_Show Less_text-show-less"), "*"): Keys '*' sent to object: 'Object Repository/ADMIN/Edit Text/Bespoke/Buyer Pages/Item Details/input_Show Less_text-show-less'

2020-03-20 14:12:17 - [MESSAGE][PASSED] - Keys '*' sent to object: 'Object Repository/ADMIN/Edit Text/Bespoke/Buyer Pages/Item Details/input_Show Less_text-show-less'

2020-03-20 14:12:17 - [TEST_STEP][PASSED] - sendKeys(findTestObject("ADMIN/Edit Text/Bespoke/Buyer Pages/Item Details/input_Choose a delivery method later_text-deliver-method"), "*"): Keys '*' sent to object: 'Object Repository/ADMIN/Edit Text/Bespoke/Buyer Pages/Item Details/input_Choose a delivery method later_text-deliver-method'

2020-03-20 14:12:17 - [MESSAGE][PASSED] - Keys '*' sent to object: 'Object Repository/ADMIN/Edit Text/Bespoke/Buyer Pages/Item Details/input_Choose a delivery method later_text-deliver-method'

2020-03-20 14:12:17 - [TEST_STEP][PASSED] - sendKeys(findTestObject("ADMIN/Edit Text/Bespoke/Buyer Pages/Item Details/input_Delivery_text-delivery"), "*"): Keys '*' sent to object: 'Object Repository/ADMIN/Edit Text/Bespoke/Buyer Pages/Item Details/input_Delivery_text-delivery'

2020-03-20 14:12:17 - [MESSAGE][PASSED] - Keys '*' sent to object: 'Object Repository/ADMIN/Edit Text/Bespoke/Buyer Pages/Item Details/input_Delivery_text-delivery'

2020-03-20 14:12:17 - [TEST_STEP][PASSED] - sendKeys(findTestObject("ADMIN/Edit Text/Bespoke/Buyer Pages/Item Details/input_Pick-Up_text-pickup"), "*"): Keys '*' sent to object: 'Object Repository/ADMIN/Edit Text/Bespoke/Buyer Pages/Item Details/input_Pick-Up_text-pickup'

2020-03-20 14:12:17 - [MESSAGE][PASSED] - Keys '*' sent to object: 'Object Repository/ADMIN/Edit Text/Bespoke/Buyer Pages/Item Details/input_Pick-Up_text-pickup'

2020-03-20 14:12:17 - [TEST_STEP][PASSED] - sendKeys(findTestObject("ADMIN/Edit Text/Bespoke/Buyer Pages/Item Details/input_Contact Seller_btn_add_cart"), "*"): Keys '*' sent to object: 'Object Repository/ADMIN/Edit Text/Bespoke/Buyer Pages/Item Details/input_Contact Seller_btn_add_cart'

2020-03-20 14:12:18 - [MESSAGE][PASSED] - Keys '*' sent to object: 'Object Repository/ADMIN/Edit Text/Bespoke/Buyer Pages/Item Details/input_Contact Seller_btn_add_cart'

2020-03-20 14:12:18 - [TEST_STEP][PASSED] - sendKeys(findTestObject("ADMIN/Edit Text/Bespoke/Buyer Pages/Item Details/input_ADD TO CART_2"), "*"): Keys '*' sent to object: 'Object Repository/ADMIN/Edit Text/Bespoke/Buyer Pages/Item Details/input_ADD TO CART_2'

2020-03-20 14:12:18 - [MESSAGE][PASSED] - Keys '*' sent to object: 'Object Repository/ADMIN/Edit Text/Bespoke/Buyer Pages/Item Details/input_ADD TO CART_2'

2020-03-20 14:12:18 - [TEST_STEP][PASSED] - sendKeys(findTestObject("ADMIN/Edit Text/Bespoke/Buyer Pages/Item Details/input_THIS ITEM HAS BEEN ADDED_item-has-been-added"), "*"): Keys '*' sent to object: 'Object Repository/ADMIN/Edit Text/Bespoke/Buyer Pages/Item Details/input_THIS ITEM HAS BEEN ADDED_item-has-been-added'

2020-03-20 14:12:18 - [MESSAGE][PASSED] - Keys '*' sent to object: 'Object Repository/ADMIN/Edit Text/Bespoke/Buyer Pages/Item Details/input_THIS ITEM HAS BEEN ADDED_item-has-been-added'

2020-03-20 14:12:18 - [TEST_STEP][PASSED] - sendKeys(findTestObject("ADMIN/Edit Text/Bespoke/Buyer Pages/Item Details/input_VIEW CART_btn_view_cart"), "*"): Keys '*' sent to object: 'Object Repository/ADMIN/Edit Text/Bespoke/Buyer Pages/Item Details/input_VIEW CART_btn_view_cart'

2020-03-20 14:12:18 - [MESSAGE][PASSED] - Keys '*' sent to object: 'Object Repository/ADMIN/Edit Text/Bespoke/Buyer Pages/Item Details/input_VIEW CART_btn_view_cart'

2020-03-20 14:12:18 - [TEST_STEP][PASSED] - sendKeys(findTestObject("ADMIN/Edit Text/Bespoke/Buyer Pages/Item Details/input_Reviews_reviews"), "*"): Keys '*' sent to object: 'Object Repository/ADMIN/Edit Text/Bespoke/Buyer Pages/Item Details/input_Reviews_reviews'

2020-03-20 14:12:18 - [MESSAGE][PASSED] - Keys '*' sent to object: 'Object Repository/ADMIN/Edit Text/Bespoke/Buyer Pages/Item Details/input_Reviews_reviews'

2020-03-20 14:12:18 - [TEST_STEP][PASSED] - sendKeys(findTestObject("ADMIN/Edit Text/Bespoke/Buyer Pages/Item Details/input_Rating Summary_rating-summary"), "*"): Keys '*' sent to object: 'Object Repository/ADMIN/Edit Text/Bespoke/Buyer Pages/Item Details/input_Rating Summary_rating-summary'

2020-03-20 14:12:19 - [MESSAGE][PASSED] - Keys '*' sent to object: 'Object Repository/ADMIN/Edit Text/Bespoke/Buyer Pages/Item Details/input_Rating Summary_rating-summary'

2020-03-20 14:12:19 - [TEST_STEP][PASSED] - sendKeys(findTestObject("ADMIN/Edit Text/Bespoke/Buyer Pages/Item Details/input_Positive Feedback_positive-feedback"), "*"): Keys '*' sent to object: 'Object Repository/ADMIN/Edit Text/Bespoke/Buyer Pages/Item Details/input_Positive Feedback_positive-feedback'

2020-03-20 14:12:19 - [MESSAGE][PASSED] - Keys '*' sent to object: 'Object Repository/ADMIN/Edit Text/Bespoke/Buyer Pages/Item Details/input_Positive Feedback_positive-feedback'

2020-03-20 14:12:19 - [TEST_STEP][PASSED] - sendKeys(findTestObject("ADMIN/Edit Text/Bespoke/Buyer Pages/Item Details/input_Excellent_excellent"), "*"): Keys '*' sent to object: 'Object Repository/ADMIN/Edit Text/Bespoke/Buyer Pages/Item Details/input_Excellent_excellent'

2020-03-20 14:12:19 - [MESSAGE][PASSED] - Keys '*' sent to object: 'Object Repository/ADMIN/Edit Text/Bespoke/Buyer Pages/Item Details/input_Excellent_excellent'

2020-03-20 14:12:19 - [TEST_STEP][PASSED] - sendKeys(findTestObject("ADMIN/Edit Text/Bespoke/Buyer Pages/Item Details/input_Great_great"), "*"): Keys '*' sent to object: 'Object Repository/ADMIN/Edit Text/Bespoke/Buyer Pages/Item Details/input_Great_great'

2020-03-20 14:12:19 - [MESSAGE][PASSED] - Keys '*' sent to object: 'Object Repository/ADMIN/Edit Text/Bespoke/Buyer Pages/Item Details/input_Great_great'

2020-03-20 14:12:19 - [TEST_STEP][PASSED] - sendKeys(findTestObject("ADMIN/Edit Text/Bespoke/Buyer Pages/Item Details/input_Good_good"), "*"): Keys '*' sent to object: 'Object Repository/ADMIN/Edit Text/Bespoke/Buyer Pages/Item Details/input_Good_good'

2020-03-20 14:12:19 - [MESSAGE][PASSED] - Keys '*' sent to object: 'Object Repository/ADMIN/Edit Text/Bespoke/Buyer Pages/Item Details/input_Good_good'

2020-03-20 14:12:19 - [TEST_STEP][PASSED] - sendKeys(findTestObject("ADMIN/Edit Text/Bespoke/Buyer Pages/Item Details/input_Okay_ok"), "*"): Keys '*' sent to object: 'Object Repository/ADMIN/Edit Text/Bespoke/Buyer Pages/Item Details/input_Okay_ok'

2020-03-20 14:12:20 - [MESSAGE][PASSED] - Keys '*' sent to object: 'Object Repository/ADMIN/Edit Text/Bespoke/Buyer Pages/Item Details/input_Okay_ok'

2020-03-20 14:12:20 - [TEST_STEP][PASSED] - sendKeys(findTestObject("ADMIN/Edit Text/Bespoke/Buyer Pages/Item Details/input_Unsatisfied_Unsatisfied"), "*"): Keys '*' sent to object: 'Object Repository/ADMIN/Edit Text/Bespoke/Buyer Pages/Item Details/input_Unsatisfied_Unsatisfied'

2020-03-20 14:12:20 - [MESSAGE][PASSED] - Keys '*' sent to object: 'Object Repository/ADMIN/Edit Text/Bespoke/Buyer Pages/Item Details/input_Unsatisfied_Unsatisfied'

2020-03-20 14:12:20 - [TEST_STEP][PASSED] - sendKeys(findTestObject("ADMIN/Edit Text/Bespoke/Buyer Pages/Item Details/input_Reply from_reply-from"), "*"): Keys '*' sent to object: 'Object Repository/ADMIN/Edit Text/Bespoke/Buyer Pages/Item Details/input_Reply from_reply-from'

2020-03-20 14:12:20 - [MESSAGE][PASSED] - Keys '*' sent to object: 'Object Repository/ADMIN/Edit Text/Bespoke/Buyer Pages/Item Details/input_Reply from_reply-from'

2020-03-20 14:12:20 - [TEST_STEP][PASSED] - sendKeys(findTestObject("ADMIN/Edit Text/Bespoke/Buyer Pages/Item Details/input_Reply_btn_view_cart"), "*"): Keys '*' sent to object: 'Object Repository/ADMIN/Edit Text/Bespoke/Buyer Pages/Item Details/input_Reply_btn_view_cart'

2020-03-20 14:12:20 - [MESSAGE][PASSED] - Keys '*' sent to object: 'Object Repository/ADMIN/Edit Text/Bespoke/Buyer Pages/Item Details/input_Reply_btn_view_cart'

2020-03-20 14:12:20 - [TEST_STEP][PASSED] - sendKeys(findTestObject("ADMIN/Edit Text/Bespoke/Buyer Pages/Item Details/input_REPLY TO_reply"), "*"): Keys '*' sent to object: 'Object Repository/ADMIN/Edit Text/Bespoke/Buyer Pages/Item Details/input_REPLY TO_reply'

2020-03-20 14:12:20 - [MESSAGE][PASSED] - Keys '*' sent to object: 'Object Repository/ADMIN/Edit Text/Bespoke/Buyer Pages/Item Details/input_REPLY TO_reply'

2020-03-20 14:12:20 - [TEST_STEP][PASSED] - sendKeys(findTestObject("ADMIN/Edit Text/Bespoke/Buyer Pages/Item Details/input_Leave a comment_leave-comment"), "*"): Keys '*' sent to object: 'Object Repository/ADMIN/Edit Text/Bespoke/Buyer Pages/Item Details/input_Leave a comment_leave-comment'

2020-03-20 14:12:20 - [MESSAGE][PASSED] - Keys '*' sent to object: 'Object Repository/ADMIN/Edit Text/Bespoke/Buyer Pages/Item Details/input_Leave a comment_leave-comment'

2020-03-20 14:12:20 - [TEST_STEP][PASSED] - sendKeys(findTestObject("ADMIN/Edit Text/Bespoke/Buyer Pages/Item Details/input_SUBMIT_btn_submit"), "*"): Keys '*' sent to object: 'Object Repository/ADMIN/Edit Text/Bespoke/Buyer Pages/Item Details/input_SUBMIT_btn_submit'

2020-03-20 14:12:21 - [MESSAGE][PASSED] - Keys '*' sent to object: 'Object Repository/ADMIN/Edit Text/Bespoke/Buyer Pages/Item Details/input_SUBMIT_btn_submit'

2020-03-20 14:12:21 - [TEST_STEP][PASSED] - click(findTestObject("ADMIN/Edit Text/Bespoke/Buyer Pages/Homepage/button_save"), CONTINUE_ON_FAILURE): Object: 'Object Repository/ADMIN/Edit Text/Bespoke/Buyer Pages/Homepage/button_save' is clicked on

2020-03-20 14:12:21 - [MESSAGE][PASSED] - Object: 'Object Repository/ADMIN/Edit Text/Bespoke/Buyer Pages/Homepage/button_save' is clicked on

2020-03-20 14:12:21 - [TEST_STEP][PASSED] - waitForElementVisible(findTestObject("ADMIN/Edit Text/Bespoke/Buyer Pages/Homepage/toaster_success"), 0): Object 'Object Repository/ADMIN/Edit Text/Bespoke/Buyer Pages/Homepage/toaster_success' is visible

2020-03-20 14:12:21 - [MESSAGE][WARNING] - Timeout '0' is invalid. Using default page load timeout: '30'

2020-03-20 14:12:22 - [MESSAGE][PASSED] - Object 'Object Repository/ADMIN/Edit Text/Bespoke/Buyer Pages/Homepage/toaster_success' is visible]]></system-out>
         <system-err><![CDATA[]]></system-err>
      </testcase>
      <testcase name="Test Cases/ADMIN/Language/Edit Text/Bespoke/Buyer Pages/Item Details" time="9.242" classname="Test Cases/ADMIN/Language/Edit Text/Bespoke/Buyer Pages/Item Details" status="PASSED">
         <system-out><![CDATA[2020-03-20 14:12:22 - [TEST_CASE][PASSED] - Test Cases/ADMIN/Language/Edit Text/Bespoke/Buyer Pages/Item Details: Test Cases/ADMIN/Language/Edit Text/Bespoke/Buyer Pages/Item Details

2020-03-20 14:12:22 - [TEST_STEP][PASSED] - waitForElementVisible(findTestObject("ADMIN/Edit Text/Bespoke/Buyer Navigation/dd_language"), 0): Object 'Object Repository/ADMIN/Edit Text/Bespoke/Buyer Navigation/dd_language' is visible

2020-03-20 14:12:22 - [MESSAGE][WARNING] - Timeout '0' is invalid. Using default page load timeout: '30'

2020-03-20 14:12:22 - [MESSAGE][PASSED] - Object 'Object Repository/ADMIN/Edit Text/Bespoke/Buyer Navigation/dd_language' is visible

2020-03-20 14:12:22 - [TEST_STEP][PASSED] - selectOptionByLabel(findTestObject("ADMIN/Edit Text/Bespoke/Buyer Navigation/dd_language"), varLanguage, false): All options with label 'Indonesian' are selected in object 'Object Repository/ADMIN/Edit Text/Bespoke/Buyer Navigation/dd_language' 

2020-03-20 14:12:23 - [MESSAGE][PASSED] - All options with label 'Indonesian' are selected in object 'Object Repository/ADMIN/Edit Text/Bespoke/Buyer Navigation/dd_language' 

2020-03-20 14:12:23 - [TEST_STEP][PASSED] - sendKeys(findTestObject("ADMIN/Edit Text/Bespoke/Buyer Pages/Item Details/input_Positive Feedback_item-feedbak"), "*"): Keys '*' sent to object: 'Object Repository/ADMIN/Edit Text/Bespoke/Buyer Pages/Item Details/input_Positive Feedback_item-feedbak'

2020-03-20 14:12:23 - [MESSAGE][PASSED] - Keys '*' sent to object: 'Object Repository/ADMIN/Edit Text/Bespoke/Buyer Pages/Item Details/input_Positive Feedback_item-feedbak'

2020-03-20 14:12:23 - [TEST_STEP][PASSED] - sendKeys(findTestObject("ADMIN/Edit Text/Bespoke/Buyer Pages/Item Details/input_ADD TO CART_1"), "*"): Keys '*' sent to object: 'Object Repository/ADMIN/Edit Text/Bespoke/Buyer Pages/Item Details/input_ADD TO CART_1'

2020-03-20 14:12:23 - [MESSAGE][PASSED] - Keys '*' sent to object: 'Object Repository/ADMIN/Edit Text/Bespoke/Buyer Pages/Item Details/input_ADD TO CART_1'

2020-03-20 14:12:23 - [TEST_STEP][PASSED] - sendKeys(findTestObject("ADMIN/Edit Text/Bespoke/Buyer Pages/Item Details/input_Quantity_item-qty"), "*"): Keys '*' sent to object: 'Object Repository/ADMIN/Edit Text/Bespoke/Buyer Pages/Item Details/input_Quantity_item-qty'

2020-03-20 14:12:24 - [MESSAGE][PASSED] - Keys '*' sent to object: 'Object Repository/ADMIN/Edit Text/Bespoke/Buyer Pages/Item Details/input_Quantity_item-qty'

2020-03-20 14:12:24 - [TEST_STEP][PASSED] - sendKeys(findTestObject("ADMIN/Edit Text/Bespoke/Buyer Pages/Item Details/input_Only_item-one"), "*"): Keys '*' sent to object: 'Object Repository/ADMIN/Edit Text/Bespoke/Buyer Pages/Item Details/input_Only_item-one'

2020-03-20 14:12:24 - [MESSAGE][PASSED] - Keys '*' sent to object: 'Object Repository/ADMIN/Edit Text/Bespoke/Buyer Pages/Item Details/input_Only_item-one'

2020-03-20 14:12:24 - [TEST_STEP][PASSED] - sendKeys(findTestObject("ADMIN/Edit Text/Bespoke/Buyer Pages/Item Details/input_left_item-left"), "*"): Keys '*' sent to object: 'Object Repository/ADMIN/Edit Text/Bespoke/Buyer Pages/Item Details/input_left_item-left'

2020-03-20 14:12:24 - [MESSAGE][PASSED] - Keys '*' sent to object: 'Object Repository/ADMIN/Edit Text/Bespoke/Buyer Pages/Item Details/input_left_item-left'

2020-03-20 14:12:24 - [TEST_STEP][PASSED] - sendKeys(findTestObject("ADMIN/Edit Text/Bespoke/Buyer Pages/Item Details/input_Out of Stock_text-stock"), "*"): Keys '*' sent to object: 'Object Repository/ADMIN/Edit Text/Bespoke/Buyer Pages/Item Details/input_Out of Stock_text-stock'

2020-03-20 14:12:24 - [MESSAGE][PASSED] - Keys '*' sent to object: 'Object Repository/ADMIN/Edit Text/Bespoke/Buyer Pages/Item Details/input_Out of Stock_text-stock'

2020-03-20 14:12:24 - [TEST_STEP][PASSED] - sendKeys(findTestObject("ADMIN/Edit Text/Bespoke/Buyer Pages/Item Details/input_Description_text-description"), "*"): Keys '*' sent to object: 'Object Repository/ADMIN/Edit Text/Bespoke/Buyer Pages/Item Details/input_Description_text-description'

2020-03-20 14:12:25 - [MESSAGE][PASSED] - Keys '*' sent to object: 'Object Repository/ADMIN/Edit Text/Bespoke/Buyer Pages/Item Details/input_Description_text-description'

2020-03-20 14:12:25 - [TEST_STEP][PASSED] - sendKeys(findTestObject("ADMIN/Edit Text/Bespoke/Buyer Pages/Item Details/input_Show More_text-show-more"), "*"): Keys '*' sent to object: 'Object Repository/ADMIN/Edit Text/Bespoke/Buyer Pages/Item Details/input_Show More_text-show-more'

2020-03-20 14:12:25 - [MESSAGE][PASSED] - Keys '*' sent to object: 'Object Repository/ADMIN/Edit Text/Bespoke/Buyer Pages/Item Details/input_Show More_text-show-more'

2020-03-20 14:12:25 - [TEST_STEP][PASSED] - sendKeys(findTestObject("ADMIN/Edit Text/Bespoke/Buyer Pages/Item Details/input_Show Less_text-show-less"), "*"): Keys '*' sent to object: 'Object Repository/ADMIN/Edit Text/Bespoke/Buyer Pages/Item Details/input_Show Less_text-show-less'

2020-03-20 14:12:25 - [MESSAGE][PASSED] - Keys '*' sent to object: 'Object Repository/ADMIN/Edit Text/Bespoke/Buyer Pages/Item Details/input_Show Less_text-show-less'

2020-03-20 14:12:25 - [TEST_STEP][PASSED] - sendKeys(findTestObject("ADMIN/Edit Text/Bespoke/Buyer Pages/Item Details/input_Choose a delivery method later_text-deliver-method"), "*"): Keys '*' sent to object: 'Object Repository/ADMIN/Edit Text/Bespoke/Buyer Pages/Item Details/input_Choose a delivery method later_text-deliver-method'

2020-03-20 14:12:25 - [MESSAGE][PASSED] - Keys '*' sent to object: 'Object Repository/ADMIN/Edit Text/Bespoke/Buyer Pages/Item Details/input_Choose a delivery method later_text-deliver-method'

2020-03-20 14:12:25 - [TEST_STEP][PASSED] - sendKeys(findTestObject("ADMIN/Edit Text/Bespoke/Buyer Pages/Item Details/input_Delivery_text-delivery"), "*"): Keys '*' sent to object: 'Object Repository/ADMIN/Edit Text/Bespoke/Buyer Pages/Item Details/input_Delivery_text-delivery'

2020-03-20 14:12:25 - [MESSAGE][PASSED] - Keys '*' sent to object: 'Object Repository/ADMIN/Edit Text/Bespoke/Buyer Pages/Item Details/input_Delivery_text-delivery'

2020-03-20 14:12:25 - [TEST_STEP][PASSED] - sendKeys(findTestObject("ADMIN/Edit Text/Bespoke/Buyer Pages/Item Details/input_Pick-Up_text-pickup"), "*"): Keys '*' sent to object: 'Object Repository/ADMIN/Edit Text/Bespoke/Buyer Pages/Item Details/input_Pick-Up_text-pickup'

2020-03-20 14:12:26 - [MESSAGE][PASSED] - Keys '*' sent to object: 'Object Repository/ADMIN/Edit Text/Bespoke/Buyer Pages/Item Details/input_Pick-Up_text-pickup'

2020-03-20 14:12:26 - [TEST_STEP][PASSED] - sendKeys(findTestObject("ADMIN/Edit Text/Bespoke/Buyer Pages/Item Details/input_Contact Seller_btn_add_cart"), "*"): Keys '*' sent to object: 'Object Repository/ADMIN/Edit Text/Bespoke/Buyer Pages/Item Details/input_Contact Seller_btn_add_cart'

2020-03-20 14:12:26 - [MESSAGE][PASSED] - Keys '*' sent to object: 'Object Repository/ADMIN/Edit Text/Bespoke/Buyer Pages/Item Details/input_Contact Seller_btn_add_cart'

2020-03-20 14:12:26 - [TEST_STEP][PASSED] - sendKeys(findTestObject("ADMIN/Edit Text/Bespoke/Buyer Pages/Item Details/input_ADD TO CART_2"), "*"): Keys '*' sent to object: 'Object Repository/ADMIN/Edit Text/Bespoke/Buyer Pages/Item Details/input_ADD TO CART_2'

2020-03-20 14:12:26 - [MESSAGE][PASSED] - Keys '*' sent to object: 'Object Repository/ADMIN/Edit Text/Bespoke/Buyer Pages/Item Details/input_ADD TO CART_2'

2020-03-20 14:12:26 - [TEST_STEP][PASSED] - sendKeys(findTestObject("ADMIN/Edit Text/Bespoke/Buyer Pages/Item Details/input_THIS ITEM HAS BEEN ADDED_item-has-been-added"), "*"): Keys '*' sent to object: 'Object Repository/ADMIN/Edit Text/Bespoke/Buyer Pages/Item Details/input_THIS ITEM HAS BEEN ADDED_item-has-been-added'

2020-03-20 14:12:26 - [MESSAGE][PASSED] - Keys '*' sent to object: 'Object Repository/ADMIN/Edit Text/Bespoke/Buyer Pages/Item Details/input_THIS ITEM HAS BEEN ADDED_item-has-been-added'

2020-03-20 14:12:26 - [TEST_STEP][PASSED] - sendKeys(findTestObject("ADMIN/Edit Text/Bespoke/Buyer Pages/Item Details/input_VIEW CART_btn_view_cart"), "*"): Keys '*' sent to object: 'Object Repository/ADMIN/Edit Text/Bespoke/Buyer Pages/Item Details/input_VIEW CART_btn_view_cart'

2020-03-20 14:12:26 - [MESSAGE][PASSED] - Keys '*' sent to object: 'Object Repository/ADMIN/Edit Text/Bespoke/Buyer Pages/Item Details/input_VIEW CART_btn_view_cart'

2020-03-20 14:12:26 - [TEST_STEP][PASSED] - sendKeys(findTestObject("ADMIN/Edit Text/Bespoke/Buyer Pages/Item Details/input_Reviews_reviews"), "*"): Keys '*' sent to object: 'Object Repository/ADMIN/Edit Text/Bespoke/Buyer Pages/Item Details/input_Reviews_reviews'

2020-03-20 14:12:27 - [MESSAGE][PASSED] - Keys '*' sent to object: 'Object Repository/ADMIN/Edit Text/Bespoke/Buyer Pages/Item Details/input_Reviews_reviews'

2020-03-20 14:12:27 - [TEST_STEP][PASSED] - sendKeys(findTestObject("ADMIN/Edit Text/Bespoke/Buyer Pages/Item Details/input_Rating Summary_rating-summary"), "*"): Keys '*' sent to object: 'Object Repository/ADMIN/Edit Text/Bespoke/Buyer Pages/Item Details/input_Rating Summary_rating-summary'

2020-03-20 14:12:27 - [MESSAGE][PASSED] - Keys '*' sent to object: 'Object Repository/ADMIN/Edit Text/Bespoke/Buyer Pages/Item Details/input_Rating Summary_rating-summary'

2020-03-20 14:12:27 - [TEST_STEP][PASSED] - sendKeys(findTestObject("ADMIN/Edit Text/Bespoke/Buyer Pages/Item Details/input_Positive Feedback_positive-feedback"), "*"): Keys '*' sent to object: 'Object Repository/ADMIN/Edit Text/Bespoke/Buyer Pages/Item Details/input_Positive Feedback_positive-feedback'

2020-03-20 14:12:27 - [MESSAGE][PASSED] - Keys '*' sent to object: 'Object Repository/ADMIN/Edit Text/Bespoke/Buyer Pages/Item Details/input_Positive Feedback_positive-feedback'

2020-03-20 14:12:27 - [TEST_STEP][PASSED] - sendKeys(findTestObject("ADMIN/Edit Text/Bespoke/Buyer Pages/Item Details/input_Excellent_excellent"), "*"): Keys '*' sent to object: 'Object Repository/ADMIN/Edit Text/Bespoke/Buyer Pages/Item Details/input_Excellent_excellent'

2020-03-20 14:12:28 - [MESSAGE][PASSED] - Keys '*' sent to object: 'Object Repository/ADMIN/Edit Text/Bespoke/Buyer Pages/Item Details/input_Excellent_excellent'

2020-03-20 14:12:28 - [TEST_STEP][PASSED] - sendKeys(findTestObject("ADMIN/Edit Text/Bespoke/Buyer Pages/Item Details/input_Great_great"), "*"): Keys '*' sent to object: 'Object Repository/ADMIN/Edit Text/Bespoke/Buyer Pages/Item Details/input_Great_great'

2020-03-20 14:12:28 - [MESSAGE][PASSED] - Keys '*' sent to object: 'Object Repository/ADMIN/Edit Text/Bespoke/Buyer Pages/Item Details/input_Great_great'

2020-03-20 14:12:28 - [TEST_STEP][PASSED] - sendKeys(findTestObject("ADMIN/Edit Text/Bespoke/Buyer Pages/Item Details/input_Good_good"), "*"): Keys '*' sent to object: 'Object Repository/ADMIN/Edit Text/Bespoke/Buyer Pages/Item Details/input_Good_good'

2020-03-20 14:12:28 - [MESSAGE][PASSED] - Keys '*' sent to object: 'Object Repository/ADMIN/Edit Text/Bespoke/Buyer Pages/Item Details/input_Good_good'

2020-03-20 14:12:28 - [TEST_STEP][PASSED] - sendKeys(findTestObject("ADMIN/Edit Text/Bespoke/Buyer Pages/Item Details/input_Okay_ok"), "*"): Keys '*' sent to object: 'Object Repository/ADMIN/Edit Text/Bespoke/Buyer Pages/Item Details/input_Okay_ok'

2020-03-20 14:12:29 - [MESSAGE][PASSED] - Keys '*' sent to object: 'Object Repository/ADMIN/Edit Text/Bespoke/Buyer Pages/Item Details/input_Okay_ok'

2020-03-20 14:12:29 - [TEST_STEP][PASSED] - sendKeys(findTestObject("ADMIN/Edit Text/Bespoke/Buyer Pages/Item Details/input_Unsatisfied_Unsatisfied"), "*"): Keys '*' sent to object: 'Object Repository/ADMIN/Edit Text/Bespoke/Buyer Pages/Item Details/input_Unsatisfied_Unsatisfied'

2020-03-20 14:12:29 - [MESSAGE][PASSED] - Keys '*' sent to object: 'Object Repository/ADMIN/Edit Text/Bespoke/Buyer Pages/Item Details/input_Unsatisfied_Unsatisfied'

2020-03-20 14:12:29 - [TEST_STEP][PASSED] - sendKeys(findTestObject("ADMIN/Edit Text/Bespoke/Buyer Pages/Item Details/input_Reply from_reply-from"), "*"): Keys '*' sent to object: 'Object Repository/ADMIN/Edit Text/Bespoke/Buyer Pages/Item Details/input_Reply from_reply-from'

2020-03-20 14:12:29 - [MESSAGE][PASSED] - Keys '*' sent to object: 'Object Repository/ADMIN/Edit Text/Bespoke/Buyer Pages/Item Details/input_Reply from_reply-from'

2020-03-20 14:12:29 - [TEST_STEP][PASSED] - sendKeys(findTestObject("ADMIN/Edit Text/Bespoke/Buyer Pages/Item Details/input_Reply_btn_view_cart"), "*"): Keys '*' sent to object: 'Object Repository/ADMIN/Edit Text/Bespoke/Buyer Pages/Item Details/input_Reply_btn_view_cart'

2020-03-20 14:12:29 - [MESSAGE][PASSED] - Keys '*' sent to object: 'Object Repository/ADMIN/Edit Text/Bespoke/Buyer Pages/Item Details/input_Reply_btn_view_cart'

2020-03-20 14:12:29 - [TEST_STEP][PASSED] - sendKeys(findTestObject("ADMIN/Edit Text/Bespoke/Buyer Pages/Item Details/input_REPLY TO_reply"), "*"): Keys '*' sent to object: 'Object Repository/ADMIN/Edit Text/Bespoke/Buyer Pages/Item Details/input_REPLY TO_reply'

2020-03-20 14:12:29 - [MESSAGE][PASSED] - Keys '*' sent to object: 'Object Repository/ADMIN/Edit Text/Bespoke/Buyer Pages/Item Details/input_REPLY TO_reply'

2020-03-20 14:12:29 - [TEST_STEP][PASSED] - sendKeys(findTestObject("ADMIN/Edit Text/Bespoke/Buyer Pages/Item Details/input_Leave a comment_leave-comment"), "*"): Keys '*' sent to object: 'Object Repository/ADMIN/Edit Text/Bespoke/Buyer Pages/Item Details/input_Leave a comment_leave-comment'

2020-03-20 14:12:30 - [MESSAGE][PASSED] - Keys '*' sent to object: 'Object Repository/ADMIN/Edit Text/Bespoke/Buyer Pages/Item Details/input_Leave a comment_leave-comment'

2020-03-20 14:12:30 - [TEST_STEP][PASSED] - sendKeys(findTestObject("ADMIN/Edit Text/Bespoke/Buyer Pages/Item Details/input_SUBMIT_btn_submit"), "*"): Keys '*' sent to object: 'Object Repository/ADMIN/Edit Text/Bespoke/Buyer Pages/Item Details/input_SUBMIT_btn_submit'

2020-03-20 14:12:30 - [MESSAGE][PASSED] - Keys '*' sent to object: 'Object Repository/ADMIN/Edit Text/Bespoke/Buyer Pages/Item Details/input_SUBMIT_btn_submit'

2020-03-20 14:12:30 - [TEST_STEP][PASSED] - click(findTestObject("ADMIN/Edit Text/Bespoke/Buyer Pages/Homepage/button_save"), CONTINUE_ON_FAILURE): Object: 'Object Repository/ADMIN/Edit Text/Bespoke/Buyer Pages/Homepage/button_save' is clicked on

2020-03-20 14:12:30 - [MESSAGE][PASSED] - Object: 'Object Repository/ADMIN/Edit Text/Bespoke/Buyer Pages/Homepage/button_save' is clicked on

2020-03-20 14:12:30 - [TEST_STEP][PASSED] - waitForElementVisible(findTestObject("ADMIN/Edit Text/Bespoke/Buyer Pages/Homepage/toaster_success"), 0): Object 'Object Repository/ADMIN/Edit Text/Bespoke/Buyer Pages/Homepage/toaster_success' is visible

2020-03-20 14:12:30 - [MESSAGE][WARNING] - Timeout '0' is invalid. Using default page load timeout: '30'

2020-03-20 14:12:31 - [MESSAGE][PASSED] - Object 'Object Repository/ADMIN/Edit Text/Bespoke/Buyer Pages/Homepage/toaster_success' is visible]]></system-out>
         <system-err><![CDATA[]]></system-err>
      </testcase>
      <testcase name="Test Cases/ADMIN/Language/Edit Text/Bespoke/Buyer Pages/Item Details" time="9.405" classname="Test Cases/ADMIN/Language/Edit Text/Bespoke/Buyer Pages/Item Details" status="PASSED">
         <system-out><![CDATA[2020-03-20 14:12:31 - [TEST_CASE][PASSED] - Test Cases/ADMIN/Language/Edit Text/Bespoke/Buyer Pages/Item Details: Test Cases/ADMIN/Language/Edit Text/Bespoke/Buyer Pages/Item Details

2020-03-20 14:12:31 - [TEST_STEP][PASSED] - waitForElementVisible(findTestObject("ADMIN/Edit Text/Bespoke/Buyer Navigation/dd_language"), 0): Object 'Object Repository/ADMIN/Edit Text/Bespoke/Buyer Navigation/dd_language' is visible

2020-03-20 14:12:31 - [MESSAGE][WARNING] - Timeout '0' is invalid. Using default page load timeout: '30'

2020-03-20 14:12:31 - [MESSAGE][PASSED] - Object 'Object Repository/ADMIN/Edit Text/Bespoke/Buyer Navigation/dd_language' is visible

2020-03-20 14:12:31 - [TEST_STEP][PASSED] - selectOptionByLabel(findTestObject("ADMIN/Edit Text/Bespoke/Buyer Navigation/dd_language"), varLanguage, false): All options with label 'Russian' are selected in object 'Object Repository/ADMIN/Edit Text/Bespoke/Buyer Navigation/dd_language' 

2020-03-20 14:12:32 - [MESSAGE][PASSED] - All options with label 'Russian' are selected in object 'Object Repository/ADMIN/Edit Text/Bespoke/Buyer Navigation/dd_language' 

2020-03-20 14:12:32 - [TEST_STEP][PASSED] - sendKeys(findTestObject("ADMIN/Edit Text/Bespoke/Buyer Pages/Item Details/input_Positive Feedback_item-feedbak"), "*"): Keys '*' sent to object: 'Object Repository/ADMIN/Edit Text/Bespoke/Buyer Pages/Item Details/input_Positive Feedback_item-feedbak'

2020-03-20 14:12:33 - [MESSAGE][PASSED] - Keys '*' sent to object: 'Object Repository/ADMIN/Edit Text/Bespoke/Buyer Pages/Item Details/input_Positive Feedback_item-feedbak'

2020-03-20 14:12:33 - [TEST_STEP][PASSED] - sendKeys(findTestObject("ADMIN/Edit Text/Bespoke/Buyer Pages/Item Details/input_ADD TO CART_1"), "*"): Keys '*' sent to object: 'Object Repository/ADMIN/Edit Text/Bespoke/Buyer Pages/Item Details/input_ADD TO CART_1'

2020-03-20 14:12:33 - [MESSAGE][PASSED] - Keys '*' sent to object: 'Object Repository/ADMIN/Edit Text/Bespoke/Buyer Pages/Item Details/input_ADD TO CART_1'

2020-03-20 14:12:33 - [TEST_STEP][PASSED] - sendKeys(findTestObject("ADMIN/Edit Text/Bespoke/Buyer Pages/Item Details/input_Quantity_item-qty"), "*"): Keys '*' sent to object: 'Object Repository/ADMIN/Edit Text/Bespoke/Buyer Pages/Item Details/input_Quantity_item-qty'

2020-03-20 14:12:33 - [MESSAGE][PASSED] - Keys '*' sent to object: 'Object Repository/ADMIN/Edit Text/Bespoke/Buyer Pages/Item Details/input_Quantity_item-qty'

2020-03-20 14:12:33 - [TEST_STEP][PASSED] - sendKeys(findTestObject("ADMIN/Edit Text/Bespoke/Buyer Pages/Item Details/input_Only_item-one"), "*"): Keys '*' sent to object: 'Object Repository/ADMIN/Edit Text/Bespoke/Buyer Pages/Item Details/input_Only_item-one'

2020-03-20 14:12:34 - [MESSAGE][PASSED] - Keys '*' sent to object: 'Object Repository/ADMIN/Edit Text/Bespoke/Buyer Pages/Item Details/input_Only_item-one'

2020-03-20 14:12:34 - [TEST_STEP][PASSED] - sendKeys(findTestObject("ADMIN/Edit Text/Bespoke/Buyer Pages/Item Details/input_left_item-left"), "*"): Keys '*' sent to object: 'Object Repository/ADMIN/Edit Text/Bespoke/Buyer Pages/Item Details/input_left_item-left'

2020-03-20 14:12:34 - [MESSAGE][PASSED] - Keys '*' sent to object: 'Object Repository/ADMIN/Edit Text/Bespoke/Buyer Pages/Item Details/input_left_item-left'

2020-03-20 14:12:34 - [TEST_STEP][PASSED] - sendKeys(findTestObject("ADMIN/Edit Text/Bespoke/Buyer Pages/Item Details/input_Out of Stock_text-stock"), "*"): Keys '*' sent to object: 'Object Repository/ADMIN/Edit Text/Bespoke/Buyer Pages/Item Details/input_Out of Stock_text-stock'

2020-03-20 14:12:34 - [MESSAGE][PASSED] - Keys '*' sent to object: 'Object Repository/ADMIN/Edit Text/Bespoke/Buyer Pages/Item Details/input_Out of Stock_text-stock'

2020-03-20 14:12:34 - [TEST_STEP][PASSED] - sendKeys(findTestObject("ADMIN/Edit Text/Bespoke/Buyer Pages/Item Details/input_Description_text-description"), "*"): Keys '*' sent to object: 'Object Repository/ADMIN/Edit Text/Bespoke/Buyer Pages/Item Details/input_Description_text-description'

2020-03-20 14:12:34 - [MESSAGE][PASSED] - Keys '*' sent to object: 'Object Repository/ADMIN/Edit Text/Bespoke/Buyer Pages/Item Details/input_Description_text-description'

2020-03-20 14:12:34 - [TEST_STEP][PASSED] - sendKeys(findTestObject("ADMIN/Edit Text/Bespoke/Buyer Pages/Item Details/input_Show More_text-show-more"), "*"): Keys '*' sent to object: 'Object Repository/ADMIN/Edit Text/Bespoke/Buyer Pages/Item Details/input_Show More_text-show-more'

2020-03-20 14:12:35 - [MESSAGE][PASSED] - Keys '*' sent to object: 'Object Repository/ADMIN/Edit Text/Bespoke/Buyer Pages/Item Details/input_Show More_text-show-more'

2020-03-20 14:12:35 - [TEST_STEP][PASSED] - sendKeys(findTestObject("ADMIN/Edit Text/Bespoke/Buyer Pages/Item Details/input_Show Less_text-show-less"), "*"): Keys '*' sent to object: 'Object Repository/ADMIN/Edit Text/Bespoke/Buyer Pages/Item Details/input_Show Less_text-show-less'

2020-03-20 14:12:35 - [MESSAGE][PASSED] - Keys '*' sent to object: 'Object Repository/ADMIN/Edit Text/Bespoke/Buyer Pages/Item Details/input_Show Less_text-show-less'

2020-03-20 14:12:35 - [TEST_STEP][PASSED] - sendKeys(findTestObject("ADMIN/Edit Text/Bespoke/Buyer Pages/Item Details/input_Choose a delivery method later_text-deliver-method"), "*"): Keys '*' sent to object: 'Object Repository/ADMIN/Edit Text/Bespoke/Buyer Pages/Item Details/input_Choose a delivery method later_text-deliver-method'

2020-03-20 14:12:35 - [MESSAGE][PASSED] - Keys '*' sent to object: 'Object Repository/ADMIN/Edit Text/Bespoke/Buyer Pages/Item Details/input_Choose a delivery method later_text-deliver-method'

2020-03-20 14:12:35 - [TEST_STEP][PASSED] - sendKeys(findTestObject("ADMIN/Edit Text/Bespoke/Buyer Pages/Item Details/input_Delivery_text-delivery"), "*"): Keys '*' sent to object: 'Object Repository/ADMIN/Edit Text/Bespoke/Buyer Pages/Item Details/input_Delivery_text-delivery'

2020-03-20 14:12:35 - [MESSAGE][PASSED] - Keys '*' sent to object: 'Object Repository/ADMIN/Edit Text/Bespoke/Buyer Pages/Item Details/input_Delivery_text-delivery'

2020-03-20 14:12:35 - [TEST_STEP][PASSED] - sendKeys(findTestObject("ADMIN/Edit Text/Bespoke/Buyer Pages/Item Details/input_Pick-Up_text-pickup"), "*"): Keys '*' sent to object: 'Object Repository/ADMIN/Edit Text/Bespoke/Buyer Pages/Item Details/input_Pick-Up_text-pickup'

2020-03-20 14:12:35 - [MESSAGE][PASSED] - Keys '*' sent to object: 'Object Repository/ADMIN/Edit Text/Bespoke/Buyer Pages/Item Details/input_Pick-Up_text-pickup'

2020-03-20 14:12:35 - [TEST_STEP][PASSED] - sendKeys(findTestObject("ADMIN/Edit Text/Bespoke/Buyer Pages/Item Details/input_Contact Seller_btn_add_cart"), "*"): Keys '*' sent to object: 'Object Repository/ADMIN/Edit Text/Bespoke/Buyer Pages/Item Details/input_Contact Seller_btn_add_cart'

2020-03-20 14:12:36 - [MESSAGE][PASSED] - Keys '*' sent to object: 'Object Repository/ADMIN/Edit Text/Bespoke/Buyer Pages/Item Details/input_Contact Seller_btn_add_cart'

2020-03-20 14:12:36 - [TEST_STEP][PASSED] - sendKeys(findTestObject("ADMIN/Edit Text/Bespoke/Buyer Pages/Item Details/input_ADD TO CART_2"), "*"): Keys '*' sent to object: 'Object Repository/ADMIN/Edit Text/Bespoke/Buyer Pages/Item Details/input_ADD TO CART_2'

2020-03-20 14:12:36 - [MESSAGE][PASSED] - Keys '*' sent to object: 'Object Repository/ADMIN/Edit Text/Bespoke/Buyer Pages/Item Details/input_ADD TO CART_2'

2020-03-20 14:12:36 - [TEST_STEP][PASSED] - sendKeys(findTestObject("ADMIN/Edit Text/Bespoke/Buyer Pages/Item Details/input_THIS ITEM HAS BEEN ADDED_item-has-been-added"), "*"): Keys '*' sent to object: 'Object Repository/ADMIN/Edit Text/Bespoke/Buyer Pages/Item Details/input_THIS ITEM HAS BEEN ADDED_item-has-been-added'

2020-03-20 14:12:36 - [MESSAGE][PASSED] - Keys '*' sent to object: 'Object Repository/ADMIN/Edit Text/Bespoke/Buyer Pages/Item Details/input_THIS ITEM HAS BEEN ADDED_item-has-been-added'

2020-03-20 14:12:36 - [TEST_STEP][PASSED] - sendKeys(findTestObject("ADMIN/Edit Text/Bespoke/Buyer Pages/Item Details/input_VIEW CART_btn_view_cart"), "*"): Keys '*' sent to object: 'Object Repository/ADMIN/Edit Text/Bespoke/Buyer Pages/Item Details/input_VIEW CART_btn_view_cart'

2020-03-20 14:12:36 - [MESSAGE][PASSED] - Keys '*' sent to object: 'Object Repository/ADMIN/Edit Text/Bespoke/Buyer Pages/Item Details/input_VIEW CART_btn_view_cart'

2020-03-20 14:12:36 - [TEST_STEP][PASSED] - sendKeys(findTestObject("ADMIN/Edit Text/Bespoke/Buyer Pages/Item Details/input_Reviews_reviews"), "*"): Keys '*' sent to object: 'Object Repository/ADMIN/Edit Text/Bespoke/Buyer Pages/Item Details/input_Reviews_reviews'

2020-03-20 14:12:36 - [MESSAGE][PASSED] - Keys '*' sent to object: 'Object Repository/ADMIN/Edit Text/Bespoke/Buyer Pages/Item Details/input_Reviews_reviews'

2020-03-20 14:12:36 - [TEST_STEP][PASSED] - sendKeys(findTestObject("ADMIN/Edit Text/Bespoke/Buyer Pages/Item Details/input_Rating Summary_rating-summary"), "*"): Keys '*' sent to object: 'Object Repository/ADMIN/Edit Text/Bespoke/Buyer Pages/Item Details/input_Rating Summary_rating-summary'

2020-03-20 14:12:37 - [MESSAGE][PASSED] - Keys '*' sent to object: 'Object Repository/ADMIN/Edit Text/Bespoke/Buyer Pages/Item Details/input_Rating Summary_rating-summary'

2020-03-20 14:12:37 - [TEST_STEP][PASSED] - sendKeys(findTestObject("ADMIN/Edit Text/Bespoke/Buyer Pages/Item Details/input_Positive Feedback_positive-feedback"), "*"): Keys '*' sent to object: 'Object Repository/ADMIN/Edit Text/Bespoke/Buyer Pages/Item Details/input_Positive Feedback_positive-feedback'

2020-03-20 14:12:37 - [MESSAGE][PASSED] - Keys '*' sent to object: 'Object Repository/ADMIN/Edit Text/Bespoke/Buyer Pages/Item Details/input_Positive Feedback_positive-feedback'

2020-03-20 14:12:37 - [TEST_STEP][PASSED] - sendKeys(findTestObject("ADMIN/Edit Text/Bespoke/Buyer Pages/Item Details/input_Excellent_excellent"), "*"): Keys '*' sent to object: 'Object Repository/ADMIN/Edit Text/Bespoke/Buyer Pages/Item Details/input_Excellent_excellent'

2020-03-20 14:12:37 - [MESSAGE][PASSED] - Keys '*' sent to object: 'Object Repository/ADMIN/Edit Text/Bespoke/Buyer Pages/Item Details/input_Excellent_excellent'

2020-03-20 14:12:37 - [TEST_STEP][PASSED] - sendKeys(findTestObject("ADMIN/Edit Text/Bespoke/Buyer Pages/Item Details/input_Great_great"), "*"): Keys '*' sent to object: 'Object Repository/ADMIN/Edit Text/Bespoke/Buyer Pages/Item Details/input_Great_great'

2020-03-20 14:12:37 - [MESSAGE][PASSED] - Keys '*' sent to object: 'Object Repository/ADMIN/Edit Text/Bespoke/Buyer Pages/Item Details/input_Great_great'

2020-03-20 14:12:37 - [TEST_STEP][PASSED] - sendKeys(findTestObject("ADMIN/Edit Text/Bespoke/Buyer Pages/Item Details/input_Good_good"), "*"): Keys '*' sent to object: 'Object Repository/ADMIN/Edit Text/Bespoke/Buyer Pages/Item Details/input_Good_good'

2020-03-20 14:12:38 - [MESSAGE][PASSED] - Keys '*' sent to object: 'Object Repository/ADMIN/Edit Text/Bespoke/Buyer Pages/Item Details/input_Good_good'

2020-03-20 14:12:38 - [TEST_STEP][PASSED] - sendKeys(findTestObject("ADMIN/Edit Text/Bespoke/Buyer Pages/Item Details/input_Okay_ok"), "*"): Keys '*' sent to object: 'Object Repository/ADMIN/Edit Text/Bespoke/Buyer Pages/Item Details/input_Okay_ok'

2020-03-20 14:12:38 - [MESSAGE][PASSED] - Keys '*' sent to object: 'Object Repository/ADMIN/Edit Text/Bespoke/Buyer Pages/Item Details/input_Okay_ok'

2020-03-20 14:12:38 - [TEST_STEP][PASSED] - sendKeys(findTestObject("ADMIN/Edit Text/Bespoke/Buyer Pages/Item Details/input_Unsatisfied_Unsatisfied"), "*"): Keys '*' sent to object: 'Object Repository/ADMIN/Edit Text/Bespoke/Buyer Pages/Item Details/input_Unsatisfied_Unsatisfied'

2020-03-20 14:12:38 - [MESSAGE][PASSED] - Keys '*' sent to object: 'Object Repository/ADMIN/Edit Text/Bespoke/Buyer Pages/Item Details/input_Unsatisfied_Unsatisfied'

2020-03-20 14:12:38 - [TEST_STEP][PASSED] - sendKeys(findTestObject("ADMIN/Edit Text/Bespoke/Buyer Pages/Item Details/input_Reply from_reply-from"), "*"): Keys '*' sent to object: 'Object Repository/ADMIN/Edit Text/Bespoke/Buyer Pages/Item Details/input_Reply from_reply-from'

2020-03-20 14:12:38 - [MESSAGE][PASSED] - Keys '*' sent to object: 'Object Repository/ADMIN/Edit Text/Bespoke/Buyer Pages/Item Details/input_Reply from_reply-from'

2020-03-20 14:12:38 - [TEST_STEP][PASSED] - sendKeys(findTestObject("ADMIN/Edit Text/Bespoke/Buyer Pages/Item Details/input_Reply_btn_view_cart"), "*"): Keys '*' sent to object: 'Object Repository/ADMIN/Edit Text/Bespoke/Buyer Pages/Item Details/input_Reply_btn_view_cart'

2020-03-20 14:12:39 - [MESSAGE][PASSED] - Keys '*' sent to object: 'Object Repository/ADMIN/Edit Text/Bespoke/Buyer Pages/Item Details/input_Reply_btn_view_cart'

2020-03-20 14:12:39 - [TEST_STEP][PASSED] - sendKeys(findTestObject("ADMIN/Edit Text/Bespoke/Buyer Pages/Item Details/input_REPLY TO_reply"), "*"): Keys '*' sent to object: 'Object Repository/ADMIN/Edit Text/Bespoke/Buyer Pages/Item Details/input_REPLY TO_reply'

2020-03-20 14:12:39 - [MESSAGE][PASSED] - Keys '*' sent to object: 'Object Repository/ADMIN/Edit Text/Bespoke/Buyer Pages/Item Details/input_REPLY TO_reply'

2020-03-20 14:12:39 - [TEST_STEP][PASSED] - sendKeys(findTestObject("ADMIN/Edit Text/Bespoke/Buyer Pages/Item Details/input_Leave a comment_leave-comment"), "*"): Keys '*' sent to object: 'Object Repository/ADMIN/Edit Text/Bespoke/Buyer Pages/Item Details/input_Leave a comment_leave-comment'

2020-03-20 14:12:39 - [MESSAGE][PASSED] - Keys '*' sent to object: 'Object Repository/ADMIN/Edit Text/Bespoke/Buyer Pages/Item Details/input_Leave a comment_leave-comment'

2020-03-20 14:12:39 - [TEST_STEP][PASSED] - sendKeys(findTestObject("ADMIN/Edit Text/Bespoke/Buyer Pages/Item Details/input_SUBMIT_btn_submit"), "*"): Keys '*' sent to object: 'Object Repository/ADMIN/Edit Text/Bespoke/Buyer Pages/Item Details/input_SUBMIT_btn_submit'

2020-03-20 14:12:39 - [MESSAGE][PASSED] - Keys '*' sent to object: 'Object Repository/ADMIN/Edit Text/Bespoke/Buyer Pages/Item Details/input_SUBMIT_btn_submit'

2020-03-20 14:12:39 - [TEST_STEP][PASSED] - click(findTestObject("ADMIN/Edit Text/Bespoke/Buyer Pages/Homepage/button_save"), CONTINUE_ON_FAILURE): Object: 'Object Repository/ADMIN/Edit Text/Bespoke/Buyer Pages/Homepage/button_save' is clicked on

2020-03-20 14:12:39 - [MESSAGE][PASSED] - Object: 'Object Repository/ADMIN/Edit Text/Bespoke/Buyer Pages/Homepage/button_save' is clicked on

2020-03-20 14:12:39 - [TEST_STEP][PASSED] - waitForElementVisible(findTestObject("ADMIN/Edit Text/Bespoke/Buyer Pages/Homepage/toaster_success"), 0): Object 'Object Repository/ADMIN/Edit Text/Bespoke/Buyer Pages/Homepage/toaster_success' is visible

2020-03-20 14:12:39 - [MESSAGE][WARNING] - Timeout '0' is invalid. Using default page load timeout: '30'

2020-03-20 14:12:40 - [MESSAGE][PASSED] - Object 'Object Repository/ADMIN/Edit Text/Bespoke/Buyer Pages/Homepage/toaster_success' is visible]]></system-out>
         <system-err><![CDATA[]]></system-err>
      </testcase>
      <testcase name="Test Cases/ADMIN/Language/Edit Text/Bespoke/Buyer Pages/Item Details" time="8.938" classname="Test Cases/ADMIN/Language/Edit Text/Bespoke/Buyer Pages/Item Details" status="PASSED">
         <system-out><![CDATA[2020-03-20 14:12:40 - [TEST_CASE][PASSED] - Test Cases/ADMIN/Language/Edit Text/Bespoke/Buyer Pages/Item Details: Test Cases/ADMIN/Language/Edit Text/Bespoke/Buyer Pages/Item Details

2020-03-20 14:12:40 - [TEST_STEP][PASSED] - waitForElementVisible(findTestObject("ADMIN/Edit Text/Bespoke/Buyer Navigation/dd_language"), 0): Object 'Object Repository/ADMIN/Edit Text/Bespoke/Buyer Navigation/dd_language' is visible

2020-03-20 14:12:40 - [MESSAGE][WARNING] - Timeout '0' is invalid. Using default page load timeout: '30'

2020-03-20 14:12:40 - [MESSAGE][PASSED] - Object 'Object Repository/ADMIN/Edit Text/Bespoke/Buyer Navigation/dd_language' is visible

2020-03-20 14:12:40 - [TEST_STEP][PASSED] - selectOptionByLabel(findTestObject("ADMIN/Edit Text/Bespoke/Buyer Navigation/dd_language"), varLanguage, false): All options with label 'Italian' are selected in object 'Object Repository/ADMIN/Edit Text/Bespoke/Buyer Navigation/dd_language' 

2020-03-20 14:12:42 - [MESSAGE][PASSED] - All options with label 'Italian' are selected in object 'Object Repository/ADMIN/Edit Text/Bespoke/Buyer Navigation/dd_language' 

2020-03-20 14:12:42 - [TEST_STEP][PASSED] - sendKeys(findTestObject("ADMIN/Edit Text/Bespoke/Buyer Pages/Item Details/input_Positive Feedback_item-feedbak"), "*"): Keys '*' sent to object: 'Object Repository/ADMIN/Edit Text/Bespoke/Buyer Pages/Item Details/input_Positive Feedback_item-feedbak'

2020-03-20 14:12:42 - [MESSAGE][PASSED] - Keys '*' sent to object: 'Object Repository/ADMIN/Edit Text/Bespoke/Buyer Pages/Item Details/input_Positive Feedback_item-feedbak'

2020-03-20 14:12:42 - [TEST_STEP][PASSED] - sendKeys(findTestObject("ADMIN/Edit Text/Bespoke/Buyer Pages/Item Details/input_ADD TO CART_1"), "*"): Keys '*' sent to object: 'Object Repository/ADMIN/Edit Text/Bespoke/Buyer Pages/Item Details/input_ADD TO CART_1'

2020-03-20 14:12:42 - [MESSAGE][PASSED] - Keys '*' sent to object: 'Object Repository/ADMIN/Edit Text/Bespoke/Buyer Pages/Item Details/input_ADD TO CART_1'

2020-03-20 14:12:42 - [TEST_STEP][PASSED] - sendKeys(findTestObject("ADMIN/Edit Text/Bespoke/Buyer Pages/Item Details/input_Quantity_item-qty"), "*"): Keys '*' sent to object: 'Object Repository/ADMIN/Edit Text/Bespoke/Buyer Pages/Item Details/input_Quantity_item-qty'

2020-03-20 14:12:42 - [MESSAGE][PASSED] - Keys '*' sent to object: 'Object Repository/ADMIN/Edit Text/Bespoke/Buyer Pages/Item Details/input_Quantity_item-qty'

2020-03-20 14:12:42 - [TEST_STEP][PASSED] - sendKeys(findTestObject("ADMIN/Edit Text/Bespoke/Buyer Pages/Item Details/input_Only_item-one"), "*"): Keys '*' sent to object: 'Object Repository/ADMIN/Edit Text/Bespoke/Buyer Pages/Item Details/input_Only_item-one'

2020-03-20 14:12:43 - [MESSAGE][PASSED] - Keys '*' sent to object: 'Object Repository/ADMIN/Edit Text/Bespoke/Buyer Pages/Item Details/input_Only_item-one'

2020-03-20 14:12:43 - [TEST_STEP][PASSED] - sendKeys(findTestObject("ADMIN/Edit Text/Bespoke/Buyer Pages/Item Details/input_left_item-left"), "*"): Keys '*' sent to object: 'Object Repository/ADMIN/Edit Text/Bespoke/Buyer Pages/Item Details/input_left_item-left'

2020-03-20 14:12:43 - [MESSAGE][PASSED] - Keys '*' sent to object: 'Object Repository/ADMIN/Edit Text/Bespoke/Buyer Pages/Item Details/input_left_item-left'

2020-03-20 14:12:43 - [TEST_STEP][PASSED] - sendKeys(findTestObject("ADMIN/Edit Text/Bespoke/Buyer Pages/Item Details/input_Out of Stock_text-stock"), "*"): Keys '*' sent to object: 'Object Repository/ADMIN/Edit Text/Bespoke/Buyer Pages/Item Details/input_Out of Stock_text-stock'

2020-03-20 14:12:43 - [MESSAGE][PASSED] - Keys '*' sent to object: 'Object Repository/ADMIN/Edit Text/Bespoke/Buyer Pages/Item Details/input_Out of Stock_text-stock'

2020-03-20 14:12:43 - [TEST_STEP][PASSED] - sendKeys(findTestObject("ADMIN/Edit Text/Bespoke/Buyer Pages/Item Details/input_Description_text-description"), "*"): Keys '*' sent to object: 'Object Repository/ADMIN/Edit Text/Bespoke/Buyer Pages/Item Details/input_Description_text-description'

2020-03-20 14:12:43 - [MESSAGE][PASSED] - Keys '*' sent to object: 'Object Repository/ADMIN/Edit Text/Bespoke/Buyer Pages/Item Details/input_Description_text-description'

2020-03-20 14:12:43 - [TEST_STEP][PASSED] - sendKeys(findTestObject("ADMIN/Edit Text/Bespoke/Buyer Pages/Item Details/input_Show More_text-show-more"), "*"): Keys '*' sent to object: 'Object Repository/ADMIN/Edit Text/Bespoke/Buyer Pages/Item Details/input_Show More_text-show-more'

2020-03-20 14:12:43 - [MESSAGE][PASSED] - Keys '*' sent to object: 'Object Repository/ADMIN/Edit Text/Bespoke/Buyer Pages/Item Details/input_Show More_text-show-more'

2020-03-20 14:12:43 - [TEST_STEP][PASSED] - sendKeys(findTestObject("ADMIN/Edit Text/Bespoke/Buyer Pages/Item Details/input_Show Less_text-show-less"), "*"): Keys '*' sent to object: 'Object Repository/ADMIN/Edit Text/Bespoke/Buyer Pages/Item Details/input_Show Less_text-show-less'

2020-03-20 14:12:44 - [MESSAGE][PASSED] - Keys '*' sent to object: 'Object Repository/ADMIN/Edit Text/Bespoke/Buyer Pages/Item Details/input_Show Less_text-show-less'

2020-03-20 14:12:44 - [TEST_STEP][PASSED] - sendKeys(findTestObject("ADMIN/Edit Text/Bespoke/Buyer Pages/Item Details/input_Choose a delivery method later_text-deliver-method"), "*"): Keys '*' sent to object: 'Object Repository/ADMIN/Edit Text/Bespoke/Buyer Pages/Item Details/input_Choose a delivery method later_text-deliver-method'

2020-03-20 14:12:44 - [MESSAGE][PASSED] - Keys '*' sent to object: 'Object Repository/ADMIN/Edit Text/Bespoke/Buyer Pages/Item Details/input_Choose a delivery method later_text-deliver-method'

2020-03-20 14:12:44 - [TEST_STEP][PASSED] - sendKeys(findTestObject("ADMIN/Edit Text/Bespoke/Buyer Pages/Item Details/input_Delivery_text-delivery"), "*"): Keys '*' sent to object: 'Object Repository/ADMIN/Edit Text/Bespoke/Buyer Pages/Item Details/input_Delivery_text-delivery'

2020-03-20 14:12:44 - [MESSAGE][PASSED] - Keys '*' sent to object: 'Object Repository/ADMIN/Edit Text/Bespoke/Buyer Pages/Item Details/input_Delivery_text-delivery'

2020-03-20 14:12:44 - [TEST_STEP][PASSED] - sendKeys(findTestObject("ADMIN/Edit Text/Bespoke/Buyer Pages/Item Details/input_Pick-Up_text-pickup"), "*"): Keys '*' sent to object: 'Object Repository/ADMIN/Edit Text/Bespoke/Buyer Pages/Item Details/input_Pick-Up_text-pickup'

2020-03-20 14:12:45 - [MESSAGE][PASSED] - Keys '*' sent to object: 'Object Repository/ADMIN/Edit Text/Bespoke/Buyer Pages/Item Details/input_Pick-Up_text-pickup'

2020-03-20 14:12:45 - [TEST_STEP][PASSED] - sendKeys(findTestObject("ADMIN/Edit Text/Bespoke/Buyer Pages/Item Details/input_Contact Seller_btn_add_cart"), "*"): Keys '*' sent to object: 'Object Repository/ADMIN/Edit Text/Bespoke/Buyer Pages/Item Details/input_Contact Seller_btn_add_cart'

2020-03-20 14:12:45 - [MESSAGE][PASSED] - Keys '*' sent to object: 'Object Repository/ADMIN/Edit Text/Bespoke/Buyer Pages/Item Details/input_Contact Seller_btn_add_cart'

2020-03-20 14:12:45 - [TEST_STEP][PASSED] - sendKeys(findTestObject("ADMIN/Edit Text/Bespoke/Buyer Pages/Item Details/input_ADD TO CART_2"), "*"): Keys '*' sent to object: 'Object Repository/ADMIN/Edit Text/Bespoke/Buyer Pages/Item Details/input_ADD TO CART_2'

2020-03-20 14:12:45 - [MESSAGE][PASSED] - Keys '*' sent to object: 'Object Repository/ADMIN/Edit Text/Bespoke/Buyer Pages/Item Details/input_ADD TO CART_2'

2020-03-20 14:12:45 - [TEST_STEP][PASSED] - sendKeys(findTestObject("ADMIN/Edit Text/Bespoke/Buyer Pages/Item Details/input_THIS ITEM HAS BEEN ADDED_item-has-been-added"), "*"): Keys '*' sent to object: 'Object Repository/ADMIN/Edit Text/Bespoke/Buyer Pages/Item Details/input_THIS ITEM HAS BEEN ADDED_item-has-been-added'

2020-03-20 14:12:45 - [MESSAGE][PASSED] - Keys '*' sent to object: 'Object Repository/ADMIN/Edit Text/Bespoke/Buyer Pages/Item Details/input_THIS ITEM HAS BEEN ADDED_item-has-been-added'

2020-03-20 14:12:45 - [TEST_STEP][PASSED] - sendKeys(findTestObject("ADMIN/Edit Text/Bespoke/Buyer Pages/Item Details/input_VIEW CART_btn_view_cart"), "*"): Keys '*' sent to object: 'Object Repository/ADMIN/Edit Text/Bespoke/Buyer Pages/Item Details/input_VIEW CART_btn_view_cart'

2020-03-20 14:12:45 - [MESSAGE][PASSED] - Keys '*' sent to object: 'Object Repository/ADMIN/Edit Text/Bespoke/Buyer Pages/Item Details/input_VIEW CART_btn_view_cart'

2020-03-20 14:12:45 - [TEST_STEP][PASSED] - sendKeys(findTestObject("ADMIN/Edit Text/Bespoke/Buyer Pages/Item Details/input_Reviews_reviews"), "*"): Keys '*' sent to object: 'Object Repository/ADMIN/Edit Text/Bespoke/Buyer Pages/Item Details/input_Reviews_reviews'

2020-03-20 14:12:45 - [MESSAGE][PASSED] - Keys '*' sent to object: 'Object Repository/ADMIN/Edit Text/Bespoke/Buyer Pages/Item Details/input_Reviews_reviews'

2020-03-20 14:12:45 - [TEST_STEP][PASSED] - sendKeys(findTestObject("ADMIN/Edit Text/Bespoke/Buyer Pages/Item Details/input_Rating Summary_rating-summary"), "*"): Keys '*' sent to object: 'Object Repository/ADMIN/Edit Text/Bespoke/Buyer Pages/Item Details/input_Rating Summary_rating-summary'

2020-03-20 14:12:46 - [MESSAGE][PASSED] - Keys '*' sent to object: 'Object Repository/ADMIN/Edit Text/Bespoke/Buyer Pages/Item Details/input_Rating Summary_rating-summary'

2020-03-20 14:12:46 - [TEST_STEP][PASSED] - sendKeys(findTestObject("ADMIN/Edit Text/Bespoke/Buyer Pages/Item Details/input_Positive Feedback_positive-feedback"), "*"): Keys '*' sent to object: 'Object Repository/ADMIN/Edit Text/Bespoke/Buyer Pages/Item Details/input_Positive Feedback_positive-feedback'

2020-03-20 14:12:46 - [MESSAGE][PASSED] - Keys '*' sent to object: 'Object Repository/ADMIN/Edit Text/Bespoke/Buyer Pages/Item Details/input_Positive Feedback_positive-feedback'

2020-03-20 14:12:46 - [TEST_STEP][PASSED] - sendKeys(findTestObject("ADMIN/Edit Text/Bespoke/Buyer Pages/Item Details/input_Excellent_excellent"), "*"): Keys '*' sent to object: 'Object Repository/ADMIN/Edit Text/Bespoke/Buyer Pages/Item Details/input_Excellent_excellent'

2020-03-20 14:12:46 - [MESSAGE][PASSED] - Keys '*' sent to object: 'Object Repository/ADMIN/Edit Text/Bespoke/Buyer Pages/Item Details/input_Excellent_excellent'

2020-03-20 14:12:46 - [TEST_STEP][PASSED] - sendKeys(findTestObject("ADMIN/Edit Text/Bespoke/Buyer Pages/Item Details/input_Great_great"), "*"): Keys '*' sent to object: 'Object Repository/ADMIN/Edit Text/Bespoke/Buyer Pages/Item Details/input_Great_great'

2020-03-20 14:12:46 - [MESSAGE][PASSED] - Keys '*' sent to object: 'Object Repository/ADMIN/Edit Text/Bespoke/Buyer Pages/Item Details/input_Great_great'

2020-03-20 14:12:46 - [TEST_STEP][PASSED] - sendKeys(findTestObject("ADMIN/Edit Text/Bespoke/Buyer Pages/Item Details/input_Good_good"), "*"): Keys '*' sent to object: 'Object Repository/ADMIN/Edit Text/Bespoke/Buyer Pages/Item Details/input_Good_good'

2020-03-20 14:12:47 - [MESSAGE][PASSED] - Keys '*' sent to object: 'Object Repository/ADMIN/Edit Text/Bespoke/Buyer Pages/Item Details/input_Good_good'

2020-03-20 14:12:47 - [TEST_STEP][PASSED] - sendKeys(findTestObject("ADMIN/Edit Text/Bespoke/Buyer Pages/Item Details/input_Okay_ok"), "*"): Keys '*' sent to object: 'Object Repository/ADMIN/Edit Text/Bespoke/Buyer Pages/Item Details/input_Okay_ok'

2020-03-20 14:12:47 - [MESSAGE][PASSED] - Keys '*' sent to object: 'Object Repository/ADMIN/Edit Text/Bespoke/Buyer Pages/Item Details/input_Okay_ok'

2020-03-20 14:12:47 - [TEST_STEP][PASSED] - sendKeys(findTestObject("ADMIN/Edit Text/Bespoke/Buyer Pages/Item Details/input_Unsatisfied_Unsatisfied"), "*"): Keys '*' sent to object: 'Object Repository/ADMIN/Edit Text/Bespoke/Buyer Pages/Item Details/input_Unsatisfied_Unsatisfied'

2020-03-20 14:12:47 - [MESSAGE][PASSED] - Keys '*' sent to object: 'Object Repository/ADMIN/Edit Text/Bespoke/Buyer Pages/Item Details/input_Unsatisfied_Unsatisfied'

2020-03-20 14:12:47 - [TEST_STEP][PASSED] - sendKeys(findTestObject("ADMIN/Edit Text/Bespoke/Buyer Pages/Item Details/input_Reply from_reply-from"), "*"): Keys '*' sent to object: 'Object Repository/ADMIN/Edit Text/Bespoke/Buyer Pages/Item Details/input_Reply from_reply-from'

2020-03-20 14:12:48 - [MESSAGE][PASSED] - Keys '*' sent to object: 'Object Repository/ADMIN/Edit Text/Bespoke/Buyer Pages/Item Details/input_Reply from_reply-from'

2020-03-20 14:12:48 - [TEST_STEP][PASSED] - sendKeys(findTestObject("ADMIN/Edit Text/Bespoke/Buyer Pages/Item Details/input_Reply_btn_view_cart"), "*"): Keys '*' sent to object: 'Object Repository/ADMIN/Edit Text/Bespoke/Buyer Pages/Item Details/input_Reply_btn_view_cart'

2020-03-20 14:12:48 - [MESSAGE][PASSED] - Keys '*' sent to object: 'Object Repository/ADMIN/Edit Text/Bespoke/Buyer Pages/Item Details/input_Reply_btn_view_cart'

2020-03-20 14:12:48 - [TEST_STEP][PASSED] - sendKeys(findTestObject("ADMIN/Edit Text/Bespoke/Buyer Pages/Item Details/input_REPLY TO_reply"), "*"): Keys '*' sent to object: 'Object Repository/ADMIN/Edit Text/Bespoke/Buyer Pages/Item Details/input_REPLY TO_reply'

2020-03-20 14:12:48 - [MESSAGE][PASSED] - Keys '*' sent to object: 'Object Repository/ADMIN/Edit Text/Bespoke/Buyer Pages/Item Details/input_REPLY TO_reply'

2020-03-20 14:12:48 - [TEST_STEP][PASSED] - sendKeys(findTestObject("ADMIN/Edit Text/Bespoke/Buyer Pages/Item Details/input_Leave a comment_leave-comment"), "*"): Keys '*' sent to object: 'Object Repository/ADMIN/Edit Text/Bespoke/Buyer Pages/Item Details/input_Leave a comment_leave-comment'

2020-03-20 14:12:48 - [MESSAGE][PASSED] - Keys '*' sent to object: 'Object Repository/ADMIN/Edit Text/Bespoke/Buyer Pages/Item Details/input_Leave a comment_leave-comment'

2020-03-20 14:12:48 - [TEST_STEP][PASSED] - sendKeys(findTestObject("ADMIN/Edit Text/Bespoke/Buyer Pages/Item Details/input_SUBMIT_btn_submit"), "*"): Keys '*' sent to object: 'Object Repository/ADMIN/Edit Text/Bespoke/Buyer Pages/Item Details/input_SUBMIT_btn_submit'

2020-03-20 14:12:48 - [MESSAGE][PASSED] - Keys '*' sent to object: 'Object Repository/ADMIN/Edit Text/Bespoke/Buyer Pages/Item Details/input_SUBMIT_btn_submit'

2020-03-20 14:12:48 - [TEST_STEP][PASSED] - click(findTestObject("ADMIN/Edit Text/Bespoke/Buyer Pages/Homepage/button_save"), CONTINUE_ON_FAILURE): Object: 'Object Repository/ADMIN/Edit Text/Bespoke/Buyer Pages/Homepage/button_save' is clicked on

2020-03-20 14:12:49 - [MESSAGE][PASSED] - Object: 'Object Repository/ADMIN/Edit Text/Bespoke/Buyer Pages/Homepage/button_save' is clicked on

2020-03-20 14:12:49 - [TEST_STEP][PASSED] - waitForElementVisible(findTestObject("ADMIN/Edit Text/Bespoke/Buyer Pages/Homepage/toaster_success"), 0): Object 'Object Repository/ADMIN/Edit Text/Bespoke/Buyer Pages/Homepage/toaster_success' is visible

2020-03-20 14:12:49 - [MESSAGE][WARNING] - Timeout '0' is invalid. Using default page load timeout: '30'

2020-03-20 14:12:49 - [MESSAGE][PASSED] - Object 'Object Repository/ADMIN/Edit Text/Bespoke/Buyer Pages/Homepage/toaster_success' is visible]]></system-out>
         <system-err><![CDATA[]]></system-err>
      </testcase>
      <testcase name="Test Cases/ADMIN/Language/Edit Text/Bespoke/Buyer Pages/Item Details" time="9.374" classname="Test Cases/ADMIN/Language/Edit Text/Bespoke/Buyer Pages/Item Details" status="PASSED">
         <system-out><![CDATA[2020-03-20 14:12:49 - [TEST_CASE][PASSED] - Test Cases/ADMIN/Language/Edit Text/Bespoke/Buyer Pages/Item Details: Test Cases/ADMIN/Language/Edit Text/Bespoke/Buyer Pages/Item Details

2020-03-20 14:12:49 - [TEST_STEP][PASSED] - waitForElementVisible(findTestObject("ADMIN/Edit Text/Bespoke/Buyer Navigation/dd_language"), 0): Object 'Object Repository/ADMIN/Edit Text/Bespoke/Buyer Navigation/dd_language' is visible

2020-03-20 14:12:49 - [MESSAGE][WARNING] - Timeout '0' is invalid. Using default page load timeout: '30'

2020-03-20 14:12:49 - [MESSAGE][PASSED] - Object 'Object Repository/ADMIN/Edit Text/Bespoke/Buyer Navigation/dd_language' is visible

2020-03-20 14:12:49 - [TEST_STEP][PASSED] - selectOptionByLabel(findTestObject("ADMIN/Edit Text/Bespoke/Buyer Navigation/dd_language"), varLanguage, false): All options with label 'Arabic' are selected in object 'Object Repository/ADMIN/Edit Text/Bespoke/Buyer Navigation/dd_language' 

2020-03-20 14:12:51 - [MESSAGE][PASSED] - All options with label 'Arabic' are selected in object 'Object Repository/ADMIN/Edit Text/Bespoke/Buyer Navigation/dd_language' 

2020-03-20 14:12:51 - [TEST_STEP][PASSED] - sendKeys(findTestObject("ADMIN/Edit Text/Bespoke/Buyer Pages/Item Details/input_Positive Feedback_item-feedbak"), "*"): Keys '*' sent to object: 'Object Repository/ADMIN/Edit Text/Bespoke/Buyer Pages/Item Details/input_Positive Feedback_item-feedbak'

2020-03-20 14:12:52 - [MESSAGE][PASSED] - Keys '*' sent to object: 'Object Repository/ADMIN/Edit Text/Bespoke/Buyer Pages/Item Details/input_Positive Feedback_item-feedbak'

2020-03-20 14:12:52 - [TEST_STEP][PASSED] - sendKeys(findTestObject("ADMIN/Edit Text/Bespoke/Buyer Pages/Item Details/input_ADD TO CART_1"), "*"): Keys '*' sent to object: 'Object Repository/ADMIN/Edit Text/Bespoke/Buyer Pages/Item Details/input_ADD TO CART_1'

2020-03-20 14:12:52 - [MESSAGE][PASSED] - Keys '*' sent to object: 'Object Repository/ADMIN/Edit Text/Bespoke/Buyer Pages/Item Details/input_ADD TO CART_1'

2020-03-20 14:12:52 - [TEST_STEP][PASSED] - sendKeys(findTestObject("ADMIN/Edit Text/Bespoke/Buyer Pages/Item Details/input_Quantity_item-qty"), "*"): Keys '*' sent to object: 'Object Repository/ADMIN/Edit Text/Bespoke/Buyer Pages/Item Details/input_Quantity_item-qty'

2020-03-20 14:12:52 - [MESSAGE][PASSED] - Keys '*' sent to object: 'Object Repository/ADMIN/Edit Text/Bespoke/Buyer Pages/Item Details/input_Quantity_item-qty'

2020-03-20 14:12:52 - [TEST_STEP][PASSED] - sendKeys(findTestObject("ADMIN/Edit Text/Bespoke/Buyer Pages/Item Details/input_Only_item-one"), "*"): Keys '*' sent to object: 'Object Repository/ADMIN/Edit Text/Bespoke/Buyer Pages/Item Details/input_Only_item-one'

2020-03-20 14:12:52 - [MESSAGE][PASSED] - Keys '*' sent to object: 'Object Repository/ADMIN/Edit Text/Bespoke/Buyer Pages/Item Details/input_Only_item-one'

2020-03-20 14:12:52 - [TEST_STEP][PASSED] - sendKeys(findTestObject("ADMIN/Edit Text/Bespoke/Buyer Pages/Item Details/input_left_item-left"), "*"): Keys '*' sent to object: 'Object Repository/ADMIN/Edit Text/Bespoke/Buyer Pages/Item Details/input_left_item-left'

2020-03-20 14:12:53 - [MESSAGE][PASSED] - Keys '*' sent to object: 'Object Repository/ADMIN/Edit Text/Bespoke/Buyer Pages/Item Details/input_left_item-left'

2020-03-20 14:12:53 - [TEST_STEP][PASSED] - sendKeys(findTestObject("ADMIN/Edit Text/Bespoke/Buyer Pages/Item Details/input_Out of Stock_text-stock"), "*"): Keys '*' sent to object: 'Object Repository/ADMIN/Edit Text/Bespoke/Buyer Pages/Item Details/input_Out of Stock_text-stock'

2020-03-20 14:12:53 - [MESSAGE][PASSED] - Keys '*' sent to object: 'Object Repository/ADMIN/Edit Text/Bespoke/Buyer Pages/Item Details/input_Out of Stock_text-stock'

2020-03-20 14:12:53 - [TEST_STEP][PASSED] - sendKeys(findTestObject("ADMIN/Edit Text/Bespoke/Buyer Pages/Item Details/input_Description_text-description"), "*"): Keys '*' sent to object: 'Object Repository/ADMIN/Edit Text/Bespoke/Buyer Pages/Item Details/input_Description_text-description'

2020-03-20 14:12:53 - [MESSAGE][PASSED] - Keys '*' sent to object: 'Object Repository/ADMIN/Edit Text/Bespoke/Buyer Pages/Item Details/input_Description_text-description'

2020-03-20 14:12:53 - [TEST_STEP][PASSED] - sendKeys(findTestObject("ADMIN/Edit Text/Bespoke/Buyer Pages/Item Details/input_Show More_text-show-more"), "*"): Keys '*' sent to object: 'Object Repository/ADMIN/Edit Text/Bespoke/Buyer Pages/Item Details/input_Show More_text-show-more'

2020-03-20 14:12:53 - [MESSAGE][PASSED] - Keys '*' sent to object: 'Object Repository/ADMIN/Edit Text/Bespoke/Buyer Pages/Item Details/input_Show More_text-show-more'

2020-03-20 14:12:53 - [TEST_STEP][PASSED] - sendKeys(findTestObject("ADMIN/Edit Text/Bespoke/Buyer Pages/Item Details/input_Show Less_text-show-less"), "*"): Keys '*' sent to object: 'Object Repository/ADMIN/Edit Text/Bespoke/Buyer Pages/Item Details/input_Show Less_text-show-less'

2020-03-20 14:12:53 - [MESSAGE][PASSED] - Keys '*' sent to object: 'Object Repository/ADMIN/Edit Text/Bespoke/Buyer Pages/Item Details/input_Show Less_text-show-less'

2020-03-20 14:12:53 - [TEST_STEP][PASSED] - sendKeys(findTestObject("ADMIN/Edit Text/Bespoke/Buyer Pages/Item Details/input_Choose a delivery method later_text-deliver-method"), "*"): Keys '*' sent to object: 'Object Repository/ADMIN/Edit Text/Bespoke/Buyer Pages/Item Details/input_Choose a delivery method later_text-deliver-method'

2020-03-20 14:12:54 - [MESSAGE][PASSED] - Keys '*' sent to object: 'Object Repository/ADMIN/Edit Text/Bespoke/Buyer Pages/Item Details/input_Choose a delivery method later_text-deliver-method'

2020-03-20 14:12:54 - [TEST_STEP][PASSED] - sendKeys(findTestObject("ADMIN/Edit Text/Bespoke/Buyer Pages/Item Details/input_Delivery_text-delivery"), "*"): Keys '*' sent to object: 'Object Repository/ADMIN/Edit Text/Bespoke/Buyer Pages/Item Details/input_Delivery_text-delivery'

2020-03-20 14:12:54 - [MESSAGE][PASSED] - Keys '*' sent to object: 'Object Repository/ADMIN/Edit Text/Bespoke/Buyer Pages/Item Details/input_Delivery_text-delivery'

2020-03-20 14:12:54 - [TEST_STEP][PASSED] - sendKeys(findTestObject("ADMIN/Edit Text/Bespoke/Buyer Pages/Item Details/input_Pick-Up_text-pickup"), "*"): Keys '*' sent to object: 'Object Repository/ADMIN/Edit Text/Bespoke/Buyer Pages/Item Details/input_Pick-Up_text-pickup'

2020-03-20 14:12:54 - [MESSAGE][PASSED] - Keys '*' sent to object: 'Object Repository/ADMIN/Edit Text/Bespoke/Buyer Pages/Item Details/input_Pick-Up_text-pickup'

2020-03-20 14:12:54 - [TEST_STEP][PASSED] - sendKeys(findTestObject("ADMIN/Edit Text/Bespoke/Buyer Pages/Item Details/input_Contact Seller_btn_add_cart"), "*"): Keys '*' sent to object: 'Object Repository/ADMIN/Edit Text/Bespoke/Buyer Pages/Item Details/input_Contact Seller_btn_add_cart'

2020-03-20 14:12:54 - [MESSAGE][PASSED] - Keys '*' sent to object: 'Object Repository/ADMIN/Edit Text/Bespoke/Buyer Pages/Item Details/input_Contact Seller_btn_add_cart'

2020-03-20 14:12:54 - [TEST_STEP][PASSED] - sendKeys(findTestObject("ADMIN/Edit Text/Bespoke/Buyer Pages/Item Details/input_ADD TO CART_2"), "*"): Keys '*' sent to object: 'Object Repository/ADMIN/Edit Text/Bespoke/Buyer Pages/Item Details/input_ADD TO CART_2'

2020-03-20 14:12:55 - [MESSAGE][PASSED] - Keys '*' sent to object: 'Object Repository/ADMIN/Edit Text/Bespoke/Buyer Pages/Item Details/input_ADD TO CART_2'

2020-03-20 14:12:55 - [TEST_STEP][PASSED] - sendKeys(findTestObject("ADMIN/Edit Text/Bespoke/Buyer Pages/Item Details/input_THIS ITEM HAS BEEN ADDED_item-has-been-added"), "*"): Keys '*' sent to object: 'Object Repository/ADMIN/Edit Text/Bespoke/Buyer Pages/Item Details/input_THIS ITEM HAS BEEN ADDED_item-has-been-added'

2020-03-20 14:12:55 - [MESSAGE][PASSED] - Keys '*' sent to object: 'Object Repository/ADMIN/Edit Text/Bespoke/Buyer Pages/Item Details/input_THIS ITEM HAS BEEN ADDED_item-has-been-added'

2020-03-20 14:12:55 - [TEST_STEP][PASSED] - sendKeys(findTestObject("ADMIN/Edit Text/Bespoke/Buyer Pages/Item Details/input_VIEW CART_btn_view_cart"), "*"): Keys '*' sent to object: 'Object Repository/ADMIN/Edit Text/Bespoke/Buyer Pages/Item Details/input_VIEW CART_btn_view_cart'

2020-03-20 14:12:55 - [MESSAGE][PASSED] - Keys '*' sent to object: 'Object Repository/ADMIN/Edit Text/Bespoke/Buyer Pages/Item Details/input_VIEW CART_btn_view_cart'

2020-03-20 14:12:55 - [TEST_STEP][PASSED] - sendKeys(findTestObject("ADMIN/Edit Text/Bespoke/Buyer Pages/Item Details/input_Reviews_reviews"), "*"): Keys '*' sent to object: 'Object Repository/ADMIN/Edit Text/Bespoke/Buyer Pages/Item Details/input_Reviews_reviews'

2020-03-20 14:12:55 - [MESSAGE][PASSED] - Keys '*' sent to object: 'Object Repository/ADMIN/Edit Text/Bespoke/Buyer Pages/Item Details/input_Reviews_reviews'

2020-03-20 14:12:55 - [TEST_STEP][PASSED] - sendKeys(findTestObject("ADMIN/Edit Text/Bespoke/Buyer Pages/Item Details/input_Rating Summary_rating-summary"), "*"): Keys '*' sent to object: 'Object Repository/ADMIN/Edit Text/Bespoke/Buyer Pages/Item Details/input_Rating Summary_rating-summary'

2020-03-20 14:12:56 - [MESSAGE][PASSED] - Keys '*' sent to object: 'Object Repository/ADMIN/Edit Text/Bespoke/Buyer Pages/Item Details/input_Rating Summary_rating-summary'

2020-03-20 14:12:56 - [TEST_STEP][PASSED] - sendKeys(findTestObject("ADMIN/Edit Text/Bespoke/Buyer Pages/Item Details/input_Positive Feedback_positive-feedback"), "*"): Keys '*' sent to object: 'Object Repository/ADMIN/Edit Text/Bespoke/Buyer Pages/Item Details/input_Positive Feedback_positive-feedback'

2020-03-20 14:12:56 - [MESSAGE][PASSED] - Keys '*' sent to object: 'Object Repository/ADMIN/Edit Text/Bespoke/Buyer Pages/Item Details/input_Positive Feedback_positive-feedback'

2020-03-20 14:12:56 - [TEST_STEP][PASSED] - sendKeys(findTestObject("ADMIN/Edit Text/Bespoke/Buyer Pages/Item Details/input_Excellent_excellent"), "*"): Keys '*' sent to object: 'Object Repository/ADMIN/Edit Text/Bespoke/Buyer Pages/Item Details/input_Excellent_excellent'

2020-03-20 14:12:56 - [MESSAGE][PASSED] - Keys '*' sent to object: 'Object Repository/ADMIN/Edit Text/Bespoke/Buyer Pages/Item Details/input_Excellent_excellent'

2020-03-20 14:12:56 - [TEST_STEP][PASSED] - sendKeys(findTestObject("ADMIN/Edit Text/Bespoke/Buyer Pages/Item Details/input_Great_great"), "*"): Keys '*' sent to object: 'Object Repository/ADMIN/Edit Text/Bespoke/Buyer Pages/Item Details/input_Great_great'

2020-03-20 14:12:56 - [MESSAGE][PASSED] - Keys '*' sent to object: 'Object Repository/ADMIN/Edit Text/Bespoke/Buyer Pages/Item Details/input_Great_great'

2020-03-20 14:12:56 - [TEST_STEP][PASSED] - sendKeys(findTestObject("ADMIN/Edit Text/Bespoke/Buyer Pages/Item Details/input_Good_good"), "*"): Keys '*' sent to object: 'Object Repository/ADMIN/Edit Text/Bespoke/Buyer Pages/Item Details/input_Good_good'

2020-03-20 14:12:56 - [MESSAGE][PASSED] - Keys '*' sent to object: 'Object Repository/ADMIN/Edit Text/Bespoke/Buyer Pages/Item Details/input_Good_good'

2020-03-20 14:12:56 - [TEST_STEP][PASSED] - sendKeys(findTestObject("ADMIN/Edit Text/Bespoke/Buyer Pages/Item Details/input_Okay_ok"), "*"): Keys '*' sent to object: 'Object Repository/ADMIN/Edit Text/Bespoke/Buyer Pages/Item Details/input_Okay_ok'

2020-03-20 14:12:56 - [MESSAGE][PASSED] - Keys '*' sent to object: 'Object Repository/ADMIN/Edit Text/Bespoke/Buyer Pages/Item Details/input_Okay_ok'

2020-03-20 14:12:56 - [TEST_STEP][PASSED] - sendKeys(findTestObject("ADMIN/Edit Text/Bespoke/Buyer Pages/Item Details/input_Unsatisfied_Unsatisfied"), "*"): Keys '*' sent to object: 'Object Repository/ADMIN/Edit Text/Bespoke/Buyer Pages/Item Details/input_Unsatisfied_Unsatisfied'

2020-03-20 14:12:57 - [MESSAGE][PASSED] - Keys '*' sent to object: 'Object Repository/ADMIN/Edit Text/Bespoke/Buyer Pages/Item Details/input_Unsatisfied_Unsatisfied'

2020-03-20 14:12:57 - [TEST_STEP][PASSED] - sendKeys(findTestObject("ADMIN/Edit Text/Bespoke/Buyer Pages/Item Details/input_Reply from_reply-from"), "*"): Keys '*' sent to object: 'Object Repository/ADMIN/Edit Text/Bespoke/Buyer Pages/Item Details/input_Reply from_reply-from'

2020-03-20 14:12:57 - [MESSAGE][PASSED] - Keys '*' sent to object: 'Object Repository/ADMIN/Edit Text/Bespoke/Buyer Pages/Item Details/input_Reply from_reply-from'

2020-03-20 14:12:57 - [TEST_STEP][PASSED] - sendKeys(findTestObject("ADMIN/Edit Text/Bespoke/Buyer Pages/Item Details/input_Reply_btn_view_cart"), "*"): Keys '*' sent to object: 'Object Repository/ADMIN/Edit Text/Bespoke/Buyer Pages/Item Details/input_Reply_btn_view_cart'

2020-03-20 14:12:57 - [MESSAGE][PASSED] - Keys '*' sent to object: 'Object Repository/ADMIN/Edit Text/Bespoke/Buyer Pages/Item Details/input_Reply_btn_view_cart'

2020-03-20 14:12:57 - [TEST_STEP][PASSED] - sendKeys(findTestObject("ADMIN/Edit Text/Bespoke/Buyer Pages/Item Details/input_REPLY TO_reply"), "*"): Keys '*' sent to object: 'Object Repository/ADMIN/Edit Text/Bespoke/Buyer Pages/Item Details/input_REPLY TO_reply'

2020-03-20 14:12:57 - [MESSAGE][PASSED] - Keys '*' sent to object: 'Object Repository/ADMIN/Edit Text/Bespoke/Buyer Pages/Item Details/input_REPLY TO_reply'

2020-03-20 14:12:57 - [TEST_STEP][PASSED] - sendKeys(findTestObject("ADMIN/Edit Text/Bespoke/Buyer Pages/Item Details/input_Leave a comment_leave-comment"), "*"): Keys '*' sent to object: 'Object Repository/ADMIN/Edit Text/Bespoke/Buyer Pages/Item Details/input_Leave a comment_leave-comment'

2020-03-20 14:12:58 - [MESSAGE][PASSED] - Keys '*' sent to object: 'Object Repository/ADMIN/Edit Text/Bespoke/Buyer Pages/Item Details/input_Leave a comment_leave-comment'

2020-03-20 14:12:58 - [TEST_STEP][PASSED] - sendKeys(findTestObject("ADMIN/Edit Text/Bespoke/Buyer Pages/Item Details/input_SUBMIT_btn_submit"), "*"): Keys '*' sent to object: 'Object Repository/ADMIN/Edit Text/Bespoke/Buyer Pages/Item Details/input_SUBMIT_btn_submit'

2020-03-20 14:12:58 - [MESSAGE][PASSED] - Keys '*' sent to object: 'Object Repository/ADMIN/Edit Text/Bespoke/Buyer Pages/Item Details/input_SUBMIT_btn_submit'

2020-03-20 14:12:58 - [TEST_STEP][PASSED] - click(findTestObject("ADMIN/Edit Text/Bespoke/Buyer Pages/Homepage/button_save"), CONTINUE_ON_FAILURE): Object: 'Object Repository/ADMIN/Edit Text/Bespoke/Buyer Pages/Homepage/button_save' is clicked on

2020-03-20 14:12:58 - [MESSAGE][PASSED] - Object: 'Object Repository/ADMIN/Edit Text/Bespoke/Buyer Pages/Homepage/button_save' is clicked on

2020-03-20 14:12:58 - [TEST_STEP][PASSED] - waitForElementVisible(findTestObject("ADMIN/Edit Text/Bespoke/Buyer Pages/Homepage/toaster_success"), 0): Object 'Object Repository/ADMIN/Edit Text/Bespoke/Buyer Pages/Homepage/toaster_success' is visible

2020-03-20 14:12:58 - [MESSAGE][WARNING] - Timeout '0' is invalid. Using default page load timeout: '30'

2020-03-20 14:12:59 - [MESSAGE][PASSED] - Object 'Object Repository/ADMIN/Edit Text/Bespoke/Buyer Pages/Homepage/toaster_success' is visible]]></system-out>
         <system-err><![CDATA[]]></system-err>
      </testcase>
      <testcase name="Test Cases/ADMIN/Language/Edit Text/Bespoke/Buyer Pages/Item Details" time="9.727" classname="Test Cases/ADMIN/Language/Edit Text/Bespoke/Buyer Pages/Item Details" status="PASSED">
         <system-out><![CDATA[2020-03-20 14:12:59 - [TEST_CASE][PASSED] - Test Cases/ADMIN/Language/Edit Text/Bespoke/Buyer Pages/Item Details: Test Cases/ADMIN/Language/Edit Text/Bespoke/Buyer Pages/Item Details

2020-03-20 14:12:59 - [TEST_STEP][PASSED] - waitForElementVisible(findTestObject("ADMIN/Edit Text/Bespoke/Buyer Navigation/dd_language"), 0): Object 'Object Repository/ADMIN/Edit Text/Bespoke/Buyer Navigation/dd_language' is visible

2020-03-20 14:12:59 - [MESSAGE][WARNING] - Timeout '0' is invalid. Using default page load timeout: '30'

2020-03-20 14:12:59 - [MESSAGE][PASSED] - Object 'Object Repository/ADMIN/Edit Text/Bespoke/Buyer Navigation/dd_language' is visible

2020-03-20 14:12:59 - [TEST_STEP][PASSED] - selectOptionByLabel(findTestObject("ADMIN/Edit Text/Bespoke/Buyer Navigation/dd_language"), varLanguage, false): All options with label 'Dutch' are selected in object 'Object Repository/ADMIN/Edit Text/Bespoke/Buyer Navigation/dd_language' 

2020-03-20 14:13:00 - [MESSAGE][PASSED] - All options with label 'Dutch' are selected in object 'Object Repository/ADMIN/Edit Text/Bespoke/Buyer Navigation/dd_language' 

2020-03-20 14:13:00 - [TEST_STEP][PASSED] - sendKeys(findTestObject("ADMIN/Edit Text/Bespoke/Buyer Pages/Item Details/input_Positive Feedback_item-feedbak"), "*"): Keys '*' sent to object: 'Object Repository/ADMIN/Edit Text/Bespoke/Buyer Pages/Item Details/input_Positive Feedback_item-feedbak'

2020-03-20 14:13:01 - [MESSAGE][PASSED] - Keys '*' sent to object: 'Object Repository/ADMIN/Edit Text/Bespoke/Buyer Pages/Item Details/input_Positive Feedback_item-feedbak'

2020-03-20 14:13:01 - [TEST_STEP][PASSED] - sendKeys(findTestObject("ADMIN/Edit Text/Bespoke/Buyer Pages/Item Details/input_ADD TO CART_1"), "*"): Keys '*' sent to object: 'Object Repository/ADMIN/Edit Text/Bespoke/Buyer Pages/Item Details/input_ADD TO CART_1'

2020-03-20 14:13:01 - [MESSAGE][PASSED] - Keys '*' sent to object: 'Object Repository/ADMIN/Edit Text/Bespoke/Buyer Pages/Item Details/input_ADD TO CART_1'

2020-03-20 14:13:01 - [TEST_STEP][PASSED] - sendKeys(findTestObject("ADMIN/Edit Text/Bespoke/Buyer Pages/Item Details/input_Quantity_item-qty"), "*"): Keys '*' sent to object: 'Object Repository/ADMIN/Edit Text/Bespoke/Buyer Pages/Item Details/input_Quantity_item-qty'

2020-03-20 14:13:01 - [MESSAGE][PASSED] - Keys '*' sent to object: 'Object Repository/ADMIN/Edit Text/Bespoke/Buyer Pages/Item Details/input_Quantity_item-qty'

2020-03-20 14:13:01 - [TEST_STEP][PASSED] - sendKeys(findTestObject("ADMIN/Edit Text/Bespoke/Buyer Pages/Item Details/input_Only_item-one"), "*"): Keys '*' sent to object: 'Object Repository/ADMIN/Edit Text/Bespoke/Buyer Pages/Item Details/input_Only_item-one'

2020-03-20 14:13:02 - [MESSAGE][PASSED] - Keys '*' sent to object: 'Object Repository/ADMIN/Edit Text/Bespoke/Buyer Pages/Item Details/input_Only_item-one'

2020-03-20 14:13:02 - [TEST_STEP][PASSED] - sendKeys(findTestObject("ADMIN/Edit Text/Bespoke/Buyer Pages/Item Details/input_left_item-left"), "*"): Keys '*' sent to object: 'Object Repository/ADMIN/Edit Text/Bespoke/Buyer Pages/Item Details/input_left_item-left'

2020-03-20 14:13:02 - [MESSAGE][PASSED] - Keys '*' sent to object: 'Object Repository/ADMIN/Edit Text/Bespoke/Buyer Pages/Item Details/input_left_item-left'

2020-03-20 14:13:02 - [TEST_STEP][PASSED] - sendKeys(findTestObject("ADMIN/Edit Text/Bespoke/Buyer Pages/Item Details/input_Out of Stock_text-stock"), "*"): Keys '*' sent to object: 'Object Repository/ADMIN/Edit Text/Bespoke/Buyer Pages/Item Details/input_Out of Stock_text-stock'

2020-03-20 14:13:02 - [MESSAGE][PASSED] - Keys '*' sent to object: 'Object Repository/ADMIN/Edit Text/Bespoke/Buyer Pages/Item Details/input_Out of Stock_text-stock'

2020-03-20 14:13:02 - [TEST_STEP][PASSED] - sendKeys(findTestObject("ADMIN/Edit Text/Bespoke/Buyer Pages/Item Details/input_Description_text-description"), "*"): Keys '*' sent to object: 'Object Repository/ADMIN/Edit Text/Bespoke/Buyer Pages/Item Details/input_Description_text-description'

2020-03-20 14:13:02 - [MESSAGE][PASSED] - Keys '*' sent to object: 'Object Repository/ADMIN/Edit Text/Bespoke/Buyer Pages/Item Details/input_Description_text-description'

2020-03-20 14:13:02 - [TEST_STEP][PASSED] - sendKeys(findTestObject("ADMIN/Edit Text/Bespoke/Buyer Pages/Item Details/input_Show More_text-show-more"), "*"): Keys '*' sent to object: 'Object Repository/ADMIN/Edit Text/Bespoke/Buyer Pages/Item Details/input_Show More_text-show-more'

2020-03-20 14:13:03 - [MESSAGE][PASSED] - Keys '*' sent to object: 'Object Repository/ADMIN/Edit Text/Bespoke/Buyer Pages/Item Details/input_Show More_text-show-more'

2020-03-20 14:13:03 - [TEST_STEP][PASSED] - sendKeys(findTestObject("ADMIN/Edit Text/Bespoke/Buyer Pages/Item Details/input_Show Less_text-show-less"), "*"): Keys '*' sent to object: 'Object Repository/ADMIN/Edit Text/Bespoke/Buyer Pages/Item Details/input_Show Less_text-show-less'

2020-03-20 14:13:03 - [MESSAGE][PASSED] - Keys '*' sent to object: 'Object Repository/ADMIN/Edit Text/Bespoke/Buyer Pages/Item Details/input_Show Less_text-show-less'

2020-03-20 14:13:03 - [TEST_STEP][PASSED] - sendKeys(findTestObject("ADMIN/Edit Text/Bespoke/Buyer Pages/Item Details/input_Choose a delivery method later_text-deliver-method"), "*"): Keys '*' sent to object: 'Object Repository/ADMIN/Edit Text/Bespoke/Buyer Pages/Item Details/input_Choose a delivery method later_text-deliver-method'

2020-03-20 14:13:03 - [MESSAGE][PASSED] - Keys '*' sent to object: 'Object Repository/ADMIN/Edit Text/Bespoke/Buyer Pages/Item Details/input_Choose a delivery method later_text-deliver-method'

2020-03-20 14:13:03 - [TEST_STEP][PASSED] - sendKeys(findTestObject("ADMIN/Edit Text/Bespoke/Buyer Pages/Item Details/input_Delivery_text-delivery"), "*"): Keys '*' sent to object: 'Object Repository/ADMIN/Edit Text/Bespoke/Buyer Pages/Item Details/input_Delivery_text-delivery'

2020-03-20 14:13:04 - [MESSAGE][PASSED] - Keys '*' sent to object: 'Object Repository/ADMIN/Edit Text/Bespoke/Buyer Pages/Item Details/input_Delivery_text-delivery'

2020-03-20 14:13:04 - [TEST_STEP][PASSED] - sendKeys(findTestObject("ADMIN/Edit Text/Bespoke/Buyer Pages/Item Details/input_Pick-Up_text-pickup"), "*"): Keys '*' sent to object: 'Object Repository/ADMIN/Edit Text/Bespoke/Buyer Pages/Item Details/input_Pick-Up_text-pickup'

2020-03-20 14:13:04 - [MESSAGE][PASSED] - Keys '*' sent to object: 'Object Repository/ADMIN/Edit Text/Bespoke/Buyer Pages/Item Details/input_Pick-Up_text-pickup'

2020-03-20 14:13:04 - [TEST_STEP][PASSED] - sendKeys(findTestObject("ADMIN/Edit Text/Bespoke/Buyer Pages/Item Details/input_Contact Seller_btn_add_cart"), "*"): Keys '*' sent to object: 'Object Repository/ADMIN/Edit Text/Bespoke/Buyer Pages/Item Details/input_Contact Seller_btn_add_cart'

2020-03-20 14:13:04 - [MESSAGE][PASSED] - Keys '*' sent to object: 'Object Repository/ADMIN/Edit Text/Bespoke/Buyer Pages/Item Details/input_Contact Seller_btn_add_cart'

2020-03-20 14:13:04 - [TEST_STEP][PASSED] - sendKeys(findTestObject("ADMIN/Edit Text/Bespoke/Buyer Pages/Item Details/input_ADD TO CART_2"), "*"): Keys '*' sent to object: 'Object Repository/ADMIN/Edit Text/Bespoke/Buyer Pages/Item Details/input_ADD TO CART_2'

2020-03-20 14:13:04 - [MESSAGE][PASSED] - Keys '*' sent to object: 'Object Repository/ADMIN/Edit Text/Bespoke/Buyer Pages/Item Details/input_ADD TO CART_2'

2020-03-20 14:13:04 - [TEST_STEP][PASSED] - sendKeys(findTestObject("ADMIN/Edit Text/Bespoke/Buyer Pages/Item Details/input_THIS ITEM HAS BEEN ADDED_item-has-been-added"), "*"): Keys '*' sent to object: 'Object Repository/ADMIN/Edit Text/Bespoke/Buyer Pages/Item Details/input_THIS ITEM HAS BEEN ADDED_item-has-been-added'

2020-03-20 14:13:05 - [MESSAGE][PASSED] - Keys '*' sent to object: 'Object Repository/ADMIN/Edit Text/Bespoke/Buyer Pages/Item Details/input_THIS ITEM HAS BEEN ADDED_item-has-been-added'

2020-03-20 14:13:05 - [TEST_STEP][PASSED] - sendKeys(findTestObject("ADMIN/Edit Text/Bespoke/Buyer Pages/Item Details/input_VIEW CART_btn_view_cart"), "*"): Keys '*' sent to object: 'Object Repository/ADMIN/Edit Text/Bespoke/Buyer Pages/Item Details/input_VIEW CART_btn_view_cart'

2020-03-20 14:13:05 - [MESSAGE][PASSED] - Keys '*' sent to object: 'Object Repository/ADMIN/Edit Text/Bespoke/Buyer Pages/Item Details/input_VIEW CART_btn_view_cart'

2020-03-20 14:13:05 - [TEST_STEP][PASSED] - sendKeys(findTestObject("ADMIN/Edit Text/Bespoke/Buyer Pages/Item Details/input_Reviews_reviews"), "*"): Keys '*' sent to object: 'Object Repository/ADMIN/Edit Text/Bespoke/Buyer Pages/Item Details/input_Reviews_reviews'

2020-03-20 14:13:05 - [MESSAGE][PASSED] - Keys '*' sent to object: 'Object Repository/ADMIN/Edit Text/Bespoke/Buyer Pages/Item Details/input_Reviews_reviews'

2020-03-20 14:13:05 - [TEST_STEP][PASSED] - sendKeys(findTestObject("ADMIN/Edit Text/Bespoke/Buyer Pages/Item Details/input_Rating Summary_rating-summary"), "*"): Keys '*' sent to object: 'Object Repository/ADMIN/Edit Text/Bespoke/Buyer Pages/Item Details/input_Rating Summary_rating-summary'

2020-03-20 14:13:05 - [MESSAGE][PASSED] - Keys '*' sent to object: 'Object Repository/ADMIN/Edit Text/Bespoke/Buyer Pages/Item Details/input_Rating Summary_rating-summary'

2020-03-20 14:13:05 - [TEST_STEP][PASSED] - sendKeys(findTestObject("ADMIN/Edit Text/Bespoke/Buyer Pages/Item Details/input_Positive Feedback_positive-feedback"), "*"): Keys '*' sent to object: 'Object Repository/ADMIN/Edit Text/Bespoke/Buyer Pages/Item Details/input_Positive Feedback_positive-feedback'

2020-03-20 14:13:06 - [MESSAGE][PASSED] - Keys '*' sent to object: 'Object Repository/ADMIN/Edit Text/Bespoke/Buyer Pages/Item Details/input_Positive Feedback_positive-feedback'

2020-03-20 14:13:06 - [TEST_STEP][PASSED] - sendKeys(findTestObject("ADMIN/Edit Text/Bespoke/Buyer Pages/Item Details/input_Excellent_excellent"), "*"): Keys '*' sent to object: 'Object Repository/ADMIN/Edit Text/Bespoke/Buyer Pages/Item Details/input_Excellent_excellent'

2020-03-20 14:13:06 - [MESSAGE][PASSED] - Keys '*' sent to object: 'Object Repository/ADMIN/Edit Text/Bespoke/Buyer Pages/Item Details/input_Excellent_excellent'

2020-03-20 14:13:06 - [TEST_STEP][PASSED] - sendKeys(findTestObject("ADMIN/Edit Text/Bespoke/Buyer Pages/Item Details/input_Great_great"), "*"): Keys '*' sent to object: 'Object Repository/ADMIN/Edit Text/Bespoke/Buyer Pages/Item Details/input_Great_great'

2020-03-20 14:13:06 - [MESSAGE][PASSED] - Keys '*' sent to object: 'Object Repository/ADMIN/Edit Text/Bespoke/Buyer Pages/Item Details/input_Great_great'

2020-03-20 14:13:06 - [TEST_STEP][PASSED] - sendKeys(findTestObject("ADMIN/Edit Text/Bespoke/Buyer Pages/Item Details/input_Good_good"), "*"): Keys '*' sent to object: 'Object Repository/ADMIN/Edit Text/Bespoke/Buyer Pages/Item Details/input_Good_good'

2020-03-20 14:13:06 - [MESSAGE][PASSED] - Keys '*' sent to object: 'Object Repository/ADMIN/Edit Text/Bespoke/Buyer Pages/Item Details/input_Good_good'

2020-03-20 14:13:06 - [TEST_STEP][PASSED] - sendKeys(findTestObject("ADMIN/Edit Text/Bespoke/Buyer Pages/Item Details/input_Okay_ok"), "*"): Keys '*' sent to object: 'Object Repository/ADMIN/Edit Text/Bespoke/Buyer Pages/Item Details/input_Okay_ok'

2020-03-20 14:13:07 - [MESSAGE][PASSED] - Keys '*' sent to object: 'Object Repository/ADMIN/Edit Text/Bespoke/Buyer Pages/Item Details/input_Okay_ok'

2020-03-20 14:13:07 - [TEST_STEP][PASSED] - sendKeys(findTestObject("ADMIN/Edit Text/Bespoke/Buyer Pages/Item Details/input_Unsatisfied_Unsatisfied"), "*"): Keys '*' sent to object: 'Object Repository/ADMIN/Edit Text/Bespoke/Buyer Pages/Item Details/input_Unsatisfied_Unsatisfied'

2020-03-20 14:13:07 - [MESSAGE][PASSED] - Keys '*' sent to object: 'Object Repository/ADMIN/Edit Text/Bespoke/Buyer Pages/Item Details/input_Unsatisfied_Unsatisfied'

2020-03-20 14:13:07 - [TEST_STEP][PASSED] - sendKeys(findTestObject("ADMIN/Edit Text/Bespoke/Buyer Pages/Item Details/input_Reply from_reply-from"), "*"): Keys '*' sent to object: 'Object Repository/ADMIN/Edit Text/Bespoke/Buyer Pages/Item Details/input_Reply from_reply-from'

2020-03-20 14:13:07 - [MESSAGE][PASSED] - Keys '*' sent to object: 'Object Repository/ADMIN/Edit Text/Bespoke/Buyer Pages/Item Details/input_Reply from_reply-from'

2020-03-20 14:13:07 - [TEST_STEP][PASSED] - sendKeys(findTestObject("ADMIN/Edit Text/Bespoke/Buyer Pages/Item Details/input_Reply_btn_view_cart"), "*"): Keys '*' sent to object: 'Object Repository/ADMIN/Edit Text/Bespoke/Buyer Pages/Item Details/input_Reply_btn_view_cart'

2020-03-20 14:13:07 - [MESSAGE][PASSED] - Keys '*' sent to object: 'Object Repository/ADMIN/Edit Text/Bespoke/Buyer Pages/Item Details/input_Reply_btn_view_cart'

2020-03-20 14:13:07 - [TEST_STEP][PASSED] - sendKeys(findTestObject("ADMIN/Edit Text/Bespoke/Buyer Pages/Item Details/input_REPLY TO_reply"), "*"): Keys '*' sent to object: 'Object Repository/ADMIN/Edit Text/Bespoke/Buyer Pages/Item Details/input_REPLY TO_reply'

2020-03-20 14:13:08 - [MESSAGE][PASSED] - Keys '*' sent to object: 'Object Repository/ADMIN/Edit Text/Bespoke/Buyer Pages/Item Details/input_REPLY TO_reply'

2020-03-20 14:13:08 - [TEST_STEP][PASSED] - sendKeys(findTestObject("ADMIN/Edit Text/Bespoke/Buyer Pages/Item Details/input_Leave a comment_leave-comment"), "*"): Keys '*' sent to object: 'Object Repository/ADMIN/Edit Text/Bespoke/Buyer Pages/Item Details/input_Leave a comment_leave-comment'

2020-03-20 14:13:08 - [MESSAGE][PASSED] - Keys '*' sent to object: 'Object Repository/ADMIN/Edit Text/Bespoke/Buyer Pages/Item Details/input_Leave a comment_leave-comment'

2020-03-20 14:13:08 - [TEST_STEP][PASSED] - sendKeys(findTestObject("ADMIN/Edit Text/Bespoke/Buyer Pages/Item Details/input_SUBMIT_btn_submit"), "*"): Keys '*' sent to object: 'Object Repository/ADMIN/Edit Text/Bespoke/Buyer Pages/Item Details/input_SUBMIT_btn_submit'

2020-03-20 14:13:08 - [MESSAGE][PASSED] - Keys '*' sent to object: 'Object Repository/ADMIN/Edit Text/Bespoke/Buyer Pages/Item Details/input_SUBMIT_btn_submit'

2020-03-20 14:13:08 - [TEST_STEP][PASSED] - click(findTestObject("ADMIN/Edit Text/Bespoke/Buyer Pages/Homepage/button_save"), CONTINUE_ON_FAILURE): Object: 'Object Repository/ADMIN/Edit Text/Bespoke/Buyer Pages/Homepage/button_save' is clicked on

2020-03-20 14:13:08 - [MESSAGE][PASSED] - Object: 'Object Repository/ADMIN/Edit Text/Bespoke/Buyer Pages/Homepage/button_save' is clicked on

2020-03-20 14:13:08 - [TEST_STEP][PASSED] - waitForElementVisible(findTestObject("ADMIN/Edit Text/Bespoke/Buyer Pages/Homepage/toaster_success"), 0): Object 'Object Repository/ADMIN/Edit Text/Bespoke/Buyer Pages/Homepage/toaster_success' is visible

2020-03-20 14:13:08 - [MESSAGE][WARNING] - Timeout '0' is invalid. Using default page load timeout: '30'

2020-03-20 14:13:08 - [MESSAGE][PASSED] - Object 'Object Repository/ADMIN/Edit Text/Bespoke/Buyer Pages/Homepage/toaster_success' is visible]]></system-out>
         <system-err><![CDATA[]]></system-err>
      </testcase>
      <testcase name="Test Cases/ADMIN/Language/Edit Text/Bespoke/Buyer Pages/Item Details" time="9.804" classname="Test Cases/ADMIN/Language/Edit Text/Bespoke/Buyer Pages/Item Details" status="PASSED">
         <system-out><![CDATA[2020-03-20 14:13:08 - [TEST_CASE][PASSED] - Test Cases/ADMIN/Language/Edit Text/Bespoke/Buyer Pages/Item Details: Test Cases/ADMIN/Language/Edit Text/Bespoke/Buyer Pages/Item Details

2020-03-20 14:13:08 - [TEST_STEP][PASSED] - waitForElementVisible(findTestObject("ADMIN/Edit Text/Bespoke/Buyer Navigation/dd_language"), 0): Object 'Object Repository/ADMIN/Edit Text/Bespoke/Buyer Navigation/dd_language' is visible

2020-03-20 14:13:08 - [MESSAGE][WARNING] - Timeout '0' is invalid. Using default page load timeout: '30'

2020-03-20 14:13:09 - [MESSAGE][PASSED] - Object 'Object Repository/ADMIN/Edit Text/Bespoke/Buyer Navigation/dd_language' is visible

2020-03-20 14:13:09 - [TEST_STEP][PASSED] - selectOptionByLabel(findTestObject("ADMIN/Edit Text/Bespoke/Buyer Navigation/dd_language"), varLanguage, false): All options with label 'Swedish' are selected in object 'Object Repository/ADMIN/Edit Text/Bespoke/Buyer Navigation/dd_language' 

2020-03-20 14:13:10 - [MESSAGE][PASSED] - All options with label 'Swedish' are selected in object 'Object Repository/ADMIN/Edit Text/Bespoke/Buyer Navigation/dd_language' 

2020-03-20 14:13:10 - [TEST_STEP][PASSED] - sendKeys(findTestObject("ADMIN/Edit Text/Bespoke/Buyer Pages/Item Details/input_Positive Feedback_item-feedbak"), "*"): Keys '*' sent to object: 'Object Repository/ADMIN/Edit Text/Bespoke/Buyer Pages/Item Details/input_Positive Feedback_item-feedbak'

2020-03-20 14:13:10 - [MESSAGE][PASSED] - Keys '*' sent to object: 'Object Repository/ADMIN/Edit Text/Bespoke/Buyer Pages/Item Details/input_Positive Feedback_item-feedbak'

2020-03-20 14:13:10 - [TEST_STEP][PASSED] - sendKeys(findTestObject("ADMIN/Edit Text/Bespoke/Buyer Pages/Item Details/input_ADD TO CART_1"), "*"): Keys '*' sent to object: 'Object Repository/ADMIN/Edit Text/Bespoke/Buyer Pages/Item Details/input_ADD TO CART_1'

2020-03-20 14:13:10 - [MESSAGE][PASSED] - Keys '*' sent to object: 'Object Repository/ADMIN/Edit Text/Bespoke/Buyer Pages/Item Details/input_ADD TO CART_1'

2020-03-20 14:13:10 - [TEST_STEP][PASSED] - sendKeys(findTestObject("ADMIN/Edit Text/Bespoke/Buyer Pages/Item Details/input_Quantity_item-qty"), "*"): Keys '*' sent to object: 'Object Repository/ADMIN/Edit Text/Bespoke/Buyer Pages/Item Details/input_Quantity_item-qty'

2020-03-20 14:13:11 - [MESSAGE][PASSED] - Keys '*' sent to object: 'Object Repository/ADMIN/Edit Text/Bespoke/Buyer Pages/Item Details/input_Quantity_item-qty'

2020-03-20 14:13:11 - [TEST_STEP][PASSED] - sendKeys(findTestObject("ADMIN/Edit Text/Bespoke/Buyer Pages/Item Details/input_Only_item-one"), "*"): Keys '*' sent to object: 'Object Repository/ADMIN/Edit Text/Bespoke/Buyer Pages/Item Details/input_Only_item-one'

2020-03-20 14:13:11 - [MESSAGE][PASSED] - Keys '*' sent to object: 'Object Repository/ADMIN/Edit Text/Bespoke/Buyer Pages/Item Details/input_Only_item-one'

2020-03-20 14:13:11 - [TEST_STEP][PASSED] - sendKeys(findTestObject("ADMIN/Edit Text/Bespoke/Buyer Pages/Item Details/input_left_item-left"), "*"): Keys '*' sent to object: 'Object Repository/ADMIN/Edit Text/Bespoke/Buyer Pages/Item Details/input_left_item-left'

2020-03-20 14:13:11 - [MESSAGE][PASSED] - Keys '*' sent to object: 'Object Repository/ADMIN/Edit Text/Bespoke/Buyer Pages/Item Details/input_left_item-left'

2020-03-20 14:13:11 - [TEST_STEP][PASSED] - sendKeys(findTestObject("ADMIN/Edit Text/Bespoke/Buyer Pages/Item Details/input_Out of Stock_text-stock"), "*"): Keys '*' sent to object: 'Object Repository/ADMIN/Edit Text/Bespoke/Buyer Pages/Item Details/input_Out of Stock_text-stock'

2020-03-20 14:13:12 - [MESSAGE][PASSED] - Keys '*' sent to object: 'Object Repository/ADMIN/Edit Text/Bespoke/Buyer Pages/Item Details/input_Out of Stock_text-stock'

2020-03-20 14:13:12 - [TEST_STEP][PASSED] - sendKeys(findTestObject("ADMIN/Edit Text/Bespoke/Buyer Pages/Item Details/input_Description_text-description"), "*"): Keys '*' sent to object: 'Object Repository/ADMIN/Edit Text/Bespoke/Buyer Pages/Item Details/input_Description_text-description'

2020-03-20 14:13:12 - [MESSAGE][PASSED] - Keys '*' sent to object: 'Object Repository/ADMIN/Edit Text/Bespoke/Buyer Pages/Item Details/input_Description_text-description'

2020-03-20 14:13:12 - [TEST_STEP][PASSED] - sendKeys(findTestObject("ADMIN/Edit Text/Bespoke/Buyer Pages/Item Details/input_Show More_text-show-more"), "*"): Keys '*' sent to object: 'Object Repository/ADMIN/Edit Text/Bespoke/Buyer Pages/Item Details/input_Show More_text-show-more'

2020-03-20 14:13:12 - [MESSAGE][PASSED] - Keys '*' sent to object: 'Object Repository/ADMIN/Edit Text/Bespoke/Buyer Pages/Item Details/input_Show More_text-show-more'

2020-03-20 14:13:12 - [TEST_STEP][PASSED] - sendKeys(findTestObject("ADMIN/Edit Text/Bespoke/Buyer Pages/Item Details/input_Show Less_text-show-less"), "*"): Keys '*' sent to object: 'Object Repository/ADMIN/Edit Text/Bespoke/Buyer Pages/Item Details/input_Show Less_text-show-less'

2020-03-20 14:13:12 - [MESSAGE][PASSED] - Keys '*' sent to object: 'Object Repository/ADMIN/Edit Text/Bespoke/Buyer Pages/Item Details/input_Show Less_text-show-less'

2020-03-20 14:13:12 - [TEST_STEP][PASSED] - sendKeys(findTestObject("ADMIN/Edit Text/Bespoke/Buyer Pages/Item Details/input_Choose a delivery method later_text-deliver-method"), "*"): Keys '*' sent to object: 'Object Repository/ADMIN/Edit Text/Bespoke/Buyer Pages/Item Details/input_Choose a delivery method later_text-deliver-method'

2020-03-20 14:13:12 - [MESSAGE][PASSED] - Keys '*' sent to object: 'Object Repository/ADMIN/Edit Text/Bespoke/Buyer Pages/Item Details/input_Choose a delivery method later_text-deliver-method'

2020-03-20 14:13:12 - [TEST_STEP][PASSED] - sendKeys(findTestObject("ADMIN/Edit Text/Bespoke/Buyer Pages/Item Details/input_Delivery_text-delivery"), "*"): Keys '*' sent to object: 'Object Repository/ADMIN/Edit Text/Bespoke/Buyer Pages/Item Details/input_Delivery_text-delivery'

2020-03-20 14:13:12 - [MESSAGE][PASSED] - Keys '*' sent to object: 'Object Repository/ADMIN/Edit Text/Bespoke/Buyer Pages/Item Details/input_Delivery_text-delivery'

2020-03-20 14:13:12 - [TEST_STEP][PASSED] - sendKeys(findTestObject("ADMIN/Edit Text/Bespoke/Buyer Pages/Item Details/input_Pick-Up_text-pickup"), "*"): Keys '*' sent to object: 'Object Repository/ADMIN/Edit Text/Bespoke/Buyer Pages/Item Details/input_Pick-Up_text-pickup'

2020-03-20 14:13:13 - [MESSAGE][PASSED] - Keys '*' sent to object: 'Object Repository/ADMIN/Edit Text/Bespoke/Buyer Pages/Item Details/input_Pick-Up_text-pickup'

2020-03-20 14:13:13 - [TEST_STEP][PASSED] - sendKeys(findTestObject("ADMIN/Edit Text/Bespoke/Buyer Pages/Item Details/input_Contact Seller_btn_add_cart"), "*"): Keys '*' sent to object: 'Object Repository/ADMIN/Edit Text/Bespoke/Buyer Pages/Item Details/input_Contact Seller_btn_add_cart'

2020-03-20 14:13:13 - [MESSAGE][PASSED] - Keys '*' sent to object: 'Object Repository/ADMIN/Edit Text/Bespoke/Buyer Pages/Item Details/input_Contact Seller_btn_add_cart'

2020-03-20 14:13:13 - [TEST_STEP][PASSED] - sendKeys(findTestObject("ADMIN/Edit Text/Bespoke/Buyer Pages/Item Details/input_ADD TO CART_2"), "*"): Keys '*' sent to object: 'Object Repository/ADMIN/Edit Text/Bespoke/Buyer Pages/Item Details/input_ADD TO CART_2'

2020-03-20 14:13:13 - [MESSAGE][PASSED] - Keys '*' sent to object: 'Object Repository/ADMIN/Edit Text/Bespoke/Buyer Pages/Item Details/input_ADD TO CART_2'

2020-03-20 14:13:13 - [TEST_STEP][PASSED] - sendKeys(findTestObject("ADMIN/Edit Text/Bespoke/Buyer Pages/Item Details/input_THIS ITEM HAS BEEN ADDED_item-has-been-added"), "*"): Keys '*' sent to object: 'Object Repository/ADMIN/Edit Text/Bespoke/Buyer Pages/Item Details/input_THIS ITEM HAS BEEN ADDED_item-has-been-added'

2020-03-20 14:13:14 - [MESSAGE][PASSED] - Keys '*' sent to object: 'Object Repository/ADMIN/Edit Text/Bespoke/Buyer Pages/Item Details/input_THIS ITEM HAS BEEN ADDED_item-has-been-added'

2020-03-20 14:13:14 - [TEST_STEP][PASSED] - sendKeys(findTestObject("ADMIN/Edit Text/Bespoke/Buyer Pages/Item Details/input_VIEW CART_btn_view_cart"), "*"): Keys '*' sent to object: 'Object Repository/ADMIN/Edit Text/Bespoke/Buyer Pages/Item Details/input_VIEW CART_btn_view_cart'

2020-03-20 14:13:14 - [MESSAGE][PASSED] - Keys '*' sent to object: 'Object Repository/ADMIN/Edit Text/Bespoke/Buyer Pages/Item Details/input_VIEW CART_btn_view_cart'

2020-03-20 14:13:14 - [TEST_STEP][PASSED] - sendKeys(findTestObject("ADMIN/Edit Text/Bespoke/Buyer Pages/Item Details/input_Reviews_reviews"), "*"): Keys '*' sent to object: 'Object Repository/ADMIN/Edit Text/Bespoke/Buyer Pages/Item Details/input_Reviews_reviews'

2020-03-20 14:13:14 - [MESSAGE][PASSED] - Keys '*' sent to object: 'Object Repository/ADMIN/Edit Text/Bespoke/Buyer Pages/Item Details/input_Reviews_reviews'

2020-03-20 14:13:14 - [TEST_STEP][PASSED] - sendKeys(findTestObject("ADMIN/Edit Text/Bespoke/Buyer Pages/Item Details/input_Rating Summary_rating-summary"), "*"): Keys '*' sent to object: 'Object Repository/ADMIN/Edit Text/Bespoke/Buyer Pages/Item Details/input_Rating Summary_rating-summary'

2020-03-20 14:13:14 - [MESSAGE][PASSED] - Keys '*' sent to object: 'Object Repository/ADMIN/Edit Text/Bespoke/Buyer Pages/Item Details/input_Rating Summary_rating-summary'

2020-03-20 14:13:14 - [TEST_STEP][PASSED] - sendKeys(findTestObject("ADMIN/Edit Text/Bespoke/Buyer Pages/Item Details/input_Positive Feedback_positive-feedback"), "*"): Keys '*' sent to object: 'Object Repository/ADMIN/Edit Text/Bespoke/Buyer Pages/Item Details/input_Positive Feedback_positive-feedback'

2020-03-20 14:13:15 - [MESSAGE][PASSED] - Keys '*' sent to object: 'Object Repository/ADMIN/Edit Text/Bespoke/Buyer Pages/Item Details/input_Positive Feedback_positive-feedback'

2020-03-20 14:13:15 - [TEST_STEP][PASSED] - sendKeys(findTestObject("ADMIN/Edit Text/Bespoke/Buyer Pages/Item Details/input_Excellent_excellent"), "*"): Keys '*' sent to object: 'Object Repository/ADMIN/Edit Text/Bespoke/Buyer Pages/Item Details/input_Excellent_excellent'

2020-03-20 14:13:15 - [MESSAGE][PASSED] - Keys '*' sent to object: 'Object Repository/ADMIN/Edit Text/Bespoke/Buyer Pages/Item Details/input_Excellent_excellent'

2020-03-20 14:13:15 - [TEST_STEP][PASSED] - sendKeys(findTestObject("ADMIN/Edit Text/Bespoke/Buyer Pages/Item Details/input_Great_great"), "*"): Keys '*' sent to object: 'Object Repository/ADMIN/Edit Text/Bespoke/Buyer Pages/Item Details/input_Great_great'

2020-03-20 14:13:15 - [MESSAGE][PASSED] - Keys '*' sent to object: 'Object Repository/ADMIN/Edit Text/Bespoke/Buyer Pages/Item Details/input_Great_great'

2020-03-20 14:13:15 - [TEST_STEP][PASSED] - sendKeys(findTestObject("ADMIN/Edit Text/Bespoke/Buyer Pages/Item Details/input_Good_good"), "*"): Keys '*' sent to object: 'Object Repository/ADMIN/Edit Text/Bespoke/Buyer Pages/Item Details/input_Good_good'

2020-03-20 14:13:15 - [MESSAGE][PASSED] - Keys '*' sent to object: 'Object Repository/ADMIN/Edit Text/Bespoke/Buyer Pages/Item Details/input_Good_good'

2020-03-20 14:13:15 - [TEST_STEP][PASSED] - sendKeys(findTestObject("ADMIN/Edit Text/Bespoke/Buyer Pages/Item Details/input_Okay_ok"), "*"): Keys '*' sent to object: 'Object Repository/ADMIN/Edit Text/Bespoke/Buyer Pages/Item Details/input_Okay_ok'

2020-03-20 14:13:15 - [MESSAGE][PASSED] - Keys '*' sent to object: 'Object Repository/ADMIN/Edit Text/Bespoke/Buyer Pages/Item Details/input_Okay_ok'

2020-03-20 14:13:15 - [TEST_STEP][PASSED] - sendKeys(findTestObject("ADMIN/Edit Text/Bespoke/Buyer Pages/Item Details/input_Unsatisfied_Unsatisfied"), "*"): Keys '*' sent to object: 'Object Repository/ADMIN/Edit Text/Bespoke/Buyer Pages/Item Details/input_Unsatisfied_Unsatisfied'

2020-03-20 14:13:16 - [MESSAGE][PASSED] - Keys '*' sent to object: 'Object Repository/ADMIN/Edit Text/Bespoke/Buyer Pages/Item Details/input_Unsatisfied_Unsatisfied'

2020-03-20 14:13:16 - [TEST_STEP][PASSED] - sendKeys(findTestObject("ADMIN/Edit Text/Bespoke/Buyer Pages/Item Details/input_Reply from_reply-from"), "*"): Keys '*' sent to object: 'Object Repository/ADMIN/Edit Text/Bespoke/Buyer Pages/Item Details/input_Reply from_reply-from'

2020-03-20 14:13:16 - [MESSAGE][PASSED] - Keys '*' sent to object: 'Object Repository/ADMIN/Edit Text/Bespoke/Buyer Pages/Item Details/input_Reply from_reply-from'

2020-03-20 14:13:16 - [TEST_STEP][PASSED] - sendKeys(findTestObject("ADMIN/Edit Text/Bespoke/Buyer Pages/Item Details/input_Reply_btn_view_cart"), "*"): Keys '*' sent to object: 'Object Repository/ADMIN/Edit Text/Bespoke/Buyer Pages/Item Details/input_Reply_btn_view_cart'

2020-03-20 14:13:17 - [MESSAGE][PASSED] - Keys '*' sent to object: 'Object Repository/ADMIN/Edit Text/Bespoke/Buyer Pages/Item Details/input_Reply_btn_view_cart'

2020-03-20 14:13:17 - [TEST_STEP][PASSED] - sendKeys(findTestObject("ADMIN/Edit Text/Bespoke/Buyer Pages/Item Details/input_REPLY TO_reply"), "*"): Keys '*' sent to object: 'Object Repository/ADMIN/Edit Text/Bespoke/Buyer Pages/Item Details/input_REPLY TO_reply'

2020-03-20 14:13:17 - [MESSAGE][PASSED] - Keys '*' sent to object: 'Object Repository/ADMIN/Edit Text/Bespoke/Buyer Pages/Item Details/input_REPLY TO_reply'

2020-03-20 14:13:17 - [TEST_STEP][PASSED] - sendKeys(findTestObject("ADMIN/Edit Text/Bespoke/Buyer Pages/Item Details/input_Leave a comment_leave-comment"), "*"): Keys '*' sent to object: 'Object Repository/ADMIN/Edit Text/Bespoke/Buyer Pages/Item Details/input_Leave a comment_leave-comment'

2020-03-20 14:13:17 - [MESSAGE][PASSED] - Keys '*' sent to object: 'Object Repository/ADMIN/Edit Text/Bespoke/Buyer Pages/Item Details/input_Leave a comment_leave-comment'

2020-03-20 14:13:17 - [TEST_STEP][PASSED] - sendKeys(findTestObject("ADMIN/Edit Text/Bespoke/Buyer Pages/Item Details/input_SUBMIT_btn_submit"), "*"): Keys '*' sent to object: 'Object Repository/ADMIN/Edit Text/Bespoke/Buyer Pages/Item Details/input_SUBMIT_btn_submit'

2020-03-20 14:13:17 - [MESSAGE][PASSED] - Keys '*' sent to object: 'Object Repository/ADMIN/Edit Text/Bespoke/Buyer Pages/Item Details/input_SUBMIT_btn_submit'

2020-03-20 14:13:17 - [TEST_STEP][PASSED] - click(findTestObject("ADMIN/Edit Text/Bespoke/Buyer Pages/Homepage/button_save"), CONTINUE_ON_FAILURE): Object: 'Object Repository/ADMIN/Edit Text/Bespoke/Buyer Pages/Homepage/button_save' is clicked on

2020-03-20 14:13:17 - [MESSAGE][PASSED] - Object: 'Object Repository/ADMIN/Edit Text/Bespoke/Buyer Pages/Homepage/button_save' is clicked on

2020-03-20 14:13:17 - [TEST_STEP][PASSED] - waitForElementVisible(findTestObject("ADMIN/Edit Text/Bespoke/Buyer Pages/Homepage/toaster_success"), 0): Object 'Object Repository/ADMIN/Edit Text/Bespoke/Buyer Pages/Homepage/toaster_success' is visible

2020-03-20 14:13:17 - [MESSAGE][WARNING] - Timeout '0' is invalid. Using default page load timeout: '30'

2020-03-20 14:13:18 - [MESSAGE][PASSED] - Object 'Object Repository/ADMIN/Edit Text/Bespoke/Buyer Pages/Homepage/toaster_success' is visible]]></system-out>
         <system-err><![CDATA[]]></system-err>
      </testcase>
      <testcase name="Test Cases/ADMIN/Language/Edit Text/Bespoke/Buyer Pages/Item Details" time="9.165" classname="Test Cases/ADMIN/Language/Edit Text/Bespoke/Buyer Pages/Item Details" status="PASSED">
         <system-out><![CDATA[2020-03-20 14:13:18 - [TEST_CASE][PASSED] - Test Cases/ADMIN/Language/Edit Text/Bespoke/Buyer Pages/Item Details: Test Cases/ADMIN/Language/Edit Text/Bespoke/Buyer Pages/Item Details

2020-03-20 14:13:18 - [TEST_STEP][PASSED] - waitForElementVisible(findTestObject("ADMIN/Edit Text/Bespoke/Buyer Navigation/dd_language"), 0): Object 'Object Repository/ADMIN/Edit Text/Bespoke/Buyer Navigation/dd_language' is visible

2020-03-20 14:13:18 - [MESSAGE][WARNING] - Timeout '0' is invalid. Using default page load timeout: '30'

2020-03-20 14:13:19 - [MESSAGE][PASSED] - Object 'Object Repository/ADMIN/Edit Text/Bespoke/Buyer Navigation/dd_language' is visible

2020-03-20 14:13:19 - [TEST_STEP][PASSED] - selectOptionByLabel(findTestObject("ADMIN/Edit Text/Bespoke/Buyer Navigation/dd_language"), varLanguage, false): All options with label 'Chinese (Simplified)' are selected in object 'Object Repository/ADMIN/Edit Text/Bespoke/Buyer Navigation/dd_language' 

2020-03-20 14:13:20 - [MESSAGE][PASSED] - All options with label 'Chinese (Simplified)' are selected in object 'Object Repository/ADMIN/Edit Text/Bespoke/Buyer Navigation/dd_language' 

2020-03-20 14:13:20 - [TEST_STEP][PASSED] - sendKeys(findTestObject("ADMIN/Edit Text/Bespoke/Buyer Pages/Item Details/input_Positive Feedback_item-feedbak"), "*"): Keys '*' sent to object: 'Object Repository/ADMIN/Edit Text/Bespoke/Buyer Pages/Item Details/input_Positive Feedback_item-feedbak'

2020-03-20 14:13:20 - [MESSAGE][PASSED] - Keys '*' sent to object: 'Object Repository/ADMIN/Edit Text/Bespoke/Buyer Pages/Item Details/input_Positive Feedback_item-feedbak'

2020-03-20 14:13:20 - [TEST_STEP][PASSED] - sendKeys(findTestObject("ADMIN/Edit Text/Bespoke/Buyer Pages/Item Details/input_ADD TO CART_1"), "*"): Keys '*' sent to object: 'Object Repository/ADMIN/Edit Text/Bespoke/Buyer Pages/Item Details/input_ADD TO CART_1'

2020-03-20 14:13:20 - [MESSAGE][PASSED] - Keys '*' sent to object: 'Object Repository/ADMIN/Edit Text/Bespoke/Buyer Pages/Item Details/input_ADD TO CART_1'

2020-03-20 14:13:20 - [TEST_STEP][PASSED] - sendKeys(findTestObject("ADMIN/Edit Text/Bespoke/Buyer Pages/Item Details/input_Quantity_item-qty"), "*"): Keys '*' sent to object: 'Object Repository/ADMIN/Edit Text/Bespoke/Buyer Pages/Item Details/input_Quantity_item-qty'

2020-03-20 14:13:21 - [MESSAGE][PASSED] - Keys '*' sent to object: 'Object Repository/ADMIN/Edit Text/Bespoke/Buyer Pages/Item Details/input_Quantity_item-qty'

2020-03-20 14:13:21 - [TEST_STEP][PASSED] - sendKeys(findTestObject("ADMIN/Edit Text/Bespoke/Buyer Pages/Item Details/input_Only_item-one"), "*"): Keys '*' sent to object: 'Object Repository/ADMIN/Edit Text/Bespoke/Buyer Pages/Item Details/input_Only_item-one'

2020-03-20 14:13:21 - [MESSAGE][PASSED] - Keys '*' sent to object: 'Object Repository/ADMIN/Edit Text/Bespoke/Buyer Pages/Item Details/input_Only_item-one'

2020-03-20 14:13:21 - [TEST_STEP][PASSED] - sendKeys(findTestObject("ADMIN/Edit Text/Bespoke/Buyer Pages/Item Details/input_left_item-left"), "*"): Keys '*' sent to object: 'Object Repository/ADMIN/Edit Text/Bespoke/Buyer Pages/Item Details/input_left_item-left'

2020-03-20 14:13:21 - [MESSAGE][PASSED] - Keys '*' sent to object: 'Object Repository/ADMIN/Edit Text/Bespoke/Buyer Pages/Item Details/input_left_item-left'

2020-03-20 14:13:21 - [TEST_STEP][PASSED] - sendKeys(findTestObject("ADMIN/Edit Text/Bespoke/Buyer Pages/Item Details/input_Out of Stock_text-stock"), "*"): Keys '*' sent to object: 'Object Repository/ADMIN/Edit Text/Bespoke/Buyer Pages/Item Details/input_Out of Stock_text-stock'

2020-03-20 14:13:21 - [MESSAGE][PASSED] - Keys '*' sent to object: 'Object Repository/ADMIN/Edit Text/Bespoke/Buyer Pages/Item Details/input_Out of Stock_text-stock'

2020-03-20 14:13:21 - [TEST_STEP][PASSED] - sendKeys(findTestObject("ADMIN/Edit Text/Bespoke/Buyer Pages/Item Details/input_Description_text-description"), "*"): Keys '*' sent to object: 'Object Repository/ADMIN/Edit Text/Bespoke/Buyer Pages/Item Details/input_Description_text-description'

2020-03-20 14:13:22 - [MESSAGE][PASSED] - Keys '*' sent to object: 'Object Repository/ADMIN/Edit Text/Bespoke/Buyer Pages/Item Details/input_Description_text-description'

2020-03-20 14:13:22 - [TEST_STEP][PASSED] - sendKeys(findTestObject("ADMIN/Edit Text/Bespoke/Buyer Pages/Item Details/input_Show More_text-show-more"), "*"): Keys '*' sent to object: 'Object Repository/ADMIN/Edit Text/Bespoke/Buyer Pages/Item Details/input_Show More_text-show-more'

2020-03-20 14:13:22 - [MESSAGE][PASSED] - Keys '*' sent to object: 'Object Repository/ADMIN/Edit Text/Bespoke/Buyer Pages/Item Details/input_Show More_text-show-more'

2020-03-20 14:13:22 - [TEST_STEP][PASSED] - sendKeys(findTestObject("ADMIN/Edit Text/Bespoke/Buyer Pages/Item Details/input_Show Less_text-show-less"), "*"): Keys '*' sent to object: 'Object Repository/ADMIN/Edit Text/Bespoke/Buyer Pages/Item Details/input_Show Less_text-show-less'

2020-03-20 14:13:22 - [MESSAGE][PASSED] - Keys '*' sent to object: 'Object Repository/ADMIN/Edit Text/Bespoke/Buyer Pages/Item Details/input_Show Less_text-show-less'

2020-03-20 14:13:22 - [TEST_STEP][PASSED] - sendKeys(findTestObject("ADMIN/Edit Text/Bespoke/Buyer Pages/Item Details/input_Choose a delivery method later_text-deliver-method"), "*"): Keys '*' sent to object: 'Object Repository/ADMIN/Edit Text/Bespoke/Buyer Pages/Item Details/input_Choose a delivery method later_text-deliver-method'

2020-03-20 14:13:22 - [MESSAGE][PASSED] - Keys '*' sent to object: 'Object Repository/ADMIN/Edit Text/Bespoke/Buyer Pages/Item Details/input_Choose a delivery method later_text-deliver-method'

2020-03-20 14:13:22 - [TEST_STEP][PASSED] - sendKeys(findTestObject("ADMIN/Edit Text/Bespoke/Buyer Pages/Item Details/input_Delivery_text-delivery"), "*"): Keys '*' sent to object: 'Object Repository/ADMIN/Edit Text/Bespoke/Buyer Pages/Item Details/input_Delivery_text-delivery'

2020-03-20 14:13:23 - [MESSAGE][PASSED] - Keys '*' sent to object: 'Object Repository/ADMIN/Edit Text/Bespoke/Buyer Pages/Item Details/input_Delivery_text-delivery'

2020-03-20 14:13:23 - [TEST_STEP][PASSED] - sendKeys(findTestObject("ADMIN/Edit Text/Bespoke/Buyer Pages/Item Details/input_Pick-Up_text-pickup"), "*"): Keys '*' sent to object: 'Object Repository/ADMIN/Edit Text/Bespoke/Buyer Pages/Item Details/input_Pick-Up_text-pickup'

2020-03-20 14:13:23 - [MESSAGE][PASSED] - Keys '*' sent to object: 'Object Repository/ADMIN/Edit Text/Bespoke/Buyer Pages/Item Details/input_Pick-Up_text-pickup'

2020-03-20 14:13:23 - [TEST_STEP][PASSED] - sendKeys(findTestObject("ADMIN/Edit Text/Bespoke/Buyer Pages/Item Details/input_Contact Seller_btn_add_cart"), "*"): Keys '*' sent to object: 'Object Repository/ADMIN/Edit Text/Bespoke/Buyer Pages/Item Details/input_Contact Seller_btn_add_cart'

2020-03-20 14:13:23 - [MESSAGE][PASSED] - Keys '*' sent to object: 'Object Repository/ADMIN/Edit Text/Bespoke/Buyer Pages/Item Details/input_Contact Seller_btn_add_cart'

2020-03-20 14:13:23 - [TEST_STEP][PASSED] - sendKeys(findTestObject("ADMIN/Edit Text/Bespoke/Buyer Pages/Item Details/input_ADD TO CART_2"), "*"): Keys '*' sent to object: 'Object Repository/ADMIN/Edit Text/Bespoke/Buyer Pages/Item Details/input_ADD TO CART_2'

2020-03-20 14:13:23 - [MESSAGE][PASSED] - Keys '*' sent to object: 'Object Repository/ADMIN/Edit Text/Bespoke/Buyer Pages/Item Details/input_ADD TO CART_2'

2020-03-20 14:13:23 - [TEST_STEP][PASSED] - sendKeys(findTestObject("ADMIN/Edit Text/Bespoke/Buyer Pages/Item Details/input_THIS ITEM HAS BEEN ADDED_item-has-been-added"), "*"): Keys '*' sent to object: 'Object Repository/ADMIN/Edit Text/Bespoke/Buyer Pages/Item Details/input_THIS ITEM HAS BEEN ADDED_item-has-been-added'

2020-03-20 14:13:23 - [MESSAGE][PASSED] - Keys '*' sent to object: 'Object Repository/ADMIN/Edit Text/Bespoke/Buyer Pages/Item Details/input_THIS ITEM HAS BEEN ADDED_item-has-been-added'

2020-03-20 14:13:23 - [TEST_STEP][PASSED] - sendKeys(findTestObject("ADMIN/Edit Text/Bespoke/Buyer Pages/Item Details/input_VIEW CART_btn_view_cart"), "*"): Keys '*' sent to object: 'Object Repository/ADMIN/Edit Text/Bespoke/Buyer Pages/Item Details/input_VIEW CART_btn_view_cart'

2020-03-20 14:13:24 - [MESSAGE][PASSED] - Keys '*' sent to object: 'Object Repository/ADMIN/Edit Text/Bespoke/Buyer Pages/Item Details/input_VIEW CART_btn_view_cart'

2020-03-20 14:13:24 - [TEST_STEP][PASSED] - sendKeys(findTestObject("ADMIN/Edit Text/Bespoke/Buyer Pages/Item Details/input_Reviews_reviews"), "*"): Keys '*' sent to object: 'Object Repository/ADMIN/Edit Text/Bespoke/Buyer Pages/Item Details/input_Reviews_reviews'

2020-03-20 14:13:24 - [MESSAGE][PASSED] - Keys '*' sent to object: 'Object Repository/ADMIN/Edit Text/Bespoke/Buyer Pages/Item Details/input_Reviews_reviews'

2020-03-20 14:13:24 - [TEST_STEP][PASSED] - sendKeys(findTestObject("ADMIN/Edit Text/Bespoke/Buyer Pages/Item Details/input_Rating Summary_rating-summary"), "*"): Keys '*' sent to object: 'Object Repository/ADMIN/Edit Text/Bespoke/Buyer Pages/Item Details/input_Rating Summary_rating-summary'

2020-03-20 14:13:24 - [MESSAGE][PASSED] - Keys '*' sent to object: 'Object Repository/ADMIN/Edit Text/Bespoke/Buyer Pages/Item Details/input_Rating Summary_rating-summary'

2020-03-20 14:13:24 - [TEST_STEP][PASSED] - sendKeys(findTestObject("ADMIN/Edit Text/Bespoke/Buyer Pages/Item Details/input_Positive Feedback_positive-feedback"), "*"): Keys '*' sent to object: 'Object Repository/ADMIN/Edit Text/Bespoke/Buyer Pages/Item Details/input_Positive Feedback_positive-feedback'

2020-03-20 14:13:25 - [MESSAGE][PASSED] - Keys '*' sent to object: 'Object Repository/ADMIN/Edit Text/Bespoke/Buyer Pages/Item Details/input_Positive Feedback_positive-feedback'

2020-03-20 14:13:25 - [TEST_STEP][PASSED] - sendKeys(findTestObject("ADMIN/Edit Text/Bespoke/Buyer Pages/Item Details/input_Excellent_excellent"), "*"): Keys '*' sent to object: 'Object Repository/ADMIN/Edit Text/Bespoke/Buyer Pages/Item Details/input_Excellent_excellent'

2020-03-20 14:13:25 - [MESSAGE][PASSED] - Keys '*' sent to object: 'Object Repository/ADMIN/Edit Text/Bespoke/Buyer Pages/Item Details/input_Excellent_excellent'

2020-03-20 14:13:25 - [TEST_STEP][PASSED] - sendKeys(findTestObject("ADMIN/Edit Text/Bespoke/Buyer Pages/Item Details/input_Great_great"), "*"): Keys '*' sent to object: 'Object Repository/ADMIN/Edit Text/Bespoke/Buyer Pages/Item Details/input_Great_great'

2020-03-20 14:13:25 - [MESSAGE][PASSED] - Keys '*' sent to object: 'Object Repository/ADMIN/Edit Text/Bespoke/Buyer Pages/Item Details/input_Great_great'

2020-03-20 14:13:25 - [TEST_STEP][PASSED] - sendKeys(findTestObject("ADMIN/Edit Text/Bespoke/Buyer Pages/Item Details/input_Good_good"), "*"): Keys '*' sent to object: 'Object Repository/ADMIN/Edit Text/Bespoke/Buyer Pages/Item Details/input_Good_good'

2020-03-20 14:13:25 - [MESSAGE][PASSED] - Keys '*' sent to object: 'Object Repository/ADMIN/Edit Text/Bespoke/Buyer Pages/Item Details/input_Good_good'

2020-03-20 14:13:25 - [TEST_STEP][PASSED] - sendKeys(findTestObject("ADMIN/Edit Text/Bespoke/Buyer Pages/Item Details/input_Okay_ok"), "*"): Keys '*' sent to object: 'Object Repository/ADMIN/Edit Text/Bespoke/Buyer Pages/Item Details/input_Okay_ok'

2020-03-20 14:13:26 - [MESSAGE][PASSED] - Keys '*' sent to object: 'Object Repository/ADMIN/Edit Text/Bespoke/Buyer Pages/Item Details/input_Okay_ok'

2020-03-20 14:13:26 - [TEST_STEP][PASSED] - sendKeys(findTestObject("ADMIN/Edit Text/Bespoke/Buyer Pages/Item Details/input_Unsatisfied_Unsatisfied"), "*"): Keys '*' sent to object: 'Object Repository/ADMIN/Edit Text/Bespoke/Buyer Pages/Item Details/input_Unsatisfied_Unsatisfied'

2020-03-20 14:13:26 - [MESSAGE][PASSED] - Keys '*' sent to object: 'Object Repository/ADMIN/Edit Text/Bespoke/Buyer Pages/Item Details/input_Unsatisfied_Unsatisfied'

2020-03-20 14:13:26 - [TEST_STEP][PASSED] - sendKeys(findTestObject("ADMIN/Edit Text/Bespoke/Buyer Pages/Item Details/input_Reply from_reply-from"), "*"): Keys '*' sent to object: 'Object Repository/ADMIN/Edit Text/Bespoke/Buyer Pages/Item Details/input_Reply from_reply-from'

2020-03-20 14:13:26 - [MESSAGE][PASSED] - Keys '*' sent to object: 'Object Repository/ADMIN/Edit Text/Bespoke/Buyer Pages/Item Details/input_Reply from_reply-from'

2020-03-20 14:13:26 - [TEST_STEP][PASSED] - sendKeys(findTestObject("ADMIN/Edit Text/Bespoke/Buyer Pages/Item Details/input_Reply_btn_view_cart"), "*"): Keys '*' sent to object: 'Object Repository/ADMIN/Edit Text/Bespoke/Buyer Pages/Item Details/input_Reply_btn_view_cart'

2020-03-20 14:13:26 - [MESSAGE][PASSED] - Keys '*' sent to object: 'Object Repository/ADMIN/Edit Text/Bespoke/Buyer Pages/Item Details/input_Reply_btn_view_cart'

2020-03-20 14:13:26 - [TEST_STEP][PASSED] - sendKeys(findTestObject("ADMIN/Edit Text/Bespoke/Buyer Pages/Item Details/input_REPLY TO_reply"), "*"): Keys '*' sent to object: 'Object Repository/ADMIN/Edit Text/Bespoke/Buyer Pages/Item Details/input_REPLY TO_reply'

2020-03-20 14:13:27 - [MESSAGE][PASSED] - Keys '*' sent to object: 'Object Repository/ADMIN/Edit Text/Bespoke/Buyer Pages/Item Details/input_REPLY TO_reply'

2020-03-20 14:13:27 - [TEST_STEP][PASSED] - sendKeys(findTestObject("ADMIN/Edit Text/Bespoke/Buyer Pages/Item Details/input_Leave a comment_leave-comment"), "*"): Keys '*' sent to object: 'Object Repository/ADMIN/Edit Text/Bespoke/Buyer Pages/Item Details/input_Leave a comment_leave-comment'

2020-03-20 14:13:27 - [MESSAGE][PASSED] - Keys '*' sent to object: 'Object Repository/ADMIN/Edit Text/Bespoke/Buyer Pages/Item Details/input_Leave a comment_leave-comment'

2020-03-20 14:13:27 - [TEST_STEP][PASSED] - sendKeys(findTestObject("ADMIN/Edit Text/Bespoke/Buyer Pages/Item Details/input_SUBMIT_btn_submit"), "*"): Keys '*' sent to object: 'Object Repository/ADMIN/Edit Text/Bespoke/Buyer Pages/Item Details/input_SUBMIT_btn_submit'

2020-03-20 14:13:27 - [MESSAGE][PASSED] - Keys '*' sent to object: 'Object Repository/ADMIN/Edit Text/Bespoke/Buyer Pages/Item Details/input_SUBMIT_btn_submit'

2020-03-20 14:13:27 - [TEST_STEP][PASSED] - click(findTestObject("ADMIN/Edit Text/Bespoke/Buyer Pages/Homepage/button_save"), CONTINUE_ON_FAILURE): Object: 'Object Repository/ADMIN/Edit Text/Bespoke/Buyer Pages/Homepage/button_save' is clicked on

2020-03-20 14:13:27 - [MESSAGE][PASSED] - Object: 'Object Repository/ADMIN/Edit Text/Bespoke/Buyer Pages/Homepage/button_save' is clicked on

2020-03-20 14:13:27 - [TEST_STEP][PASSED] - waitForElementVisible(findTestObject("ADMIN/Edit Text/Bespoke/Buyer Pages/Homepage/toaster_success"), 0): Object 'Object Repository/ADMIN/Edit Text/Bespoke/Buyer Pages/Homepage/toaster_success' is visible

2020-03-20 14:13:27 - [MESSAGE][WARNING] - Timeout '0' is invalid. Using default page load timeout: '30'

2020-03-20 14:13:27 - [MESSAGE][PASSED] - Object 'Object Repository/ADMIN/Edit Text/Bespoke/Buyer Pages/Homepage/toaster_success' is visible]]></system-out>
         <system-err><![CDATA[]]></system-err>
      </testcase>
      <testcase name="Test Cases/ADMIN/Language/Edit Text/Bespoke/Buyer Pages/Item Details" time="10.611" classname="Test Cases/ADMIN/Language/Edit Text/Bespoke/Buyer Pages/Item Details" status="PASSED">
         <system-out><![CDATA[2020-03-20 14:13:27 - [TEST_CASE][PASSED] - Test Cases/ADMIN/Language/Edit Text/Bespoke/Buyer Pages/Item Details: Test Cases/ADMIN/Language/Edit Text/Bespoke/Buyer Pages/Item Details

2020-03-20 14:13:27 - [TEST_STEP][PASSED] - waitForElementVisible(findTestObject("ADMIN/Edit Text/Bespoke/Buyer Navigation/dd_language"), 0): Object 'Object Repository/ADMIN/Edit Text/Bespoke/Buyer Navigation/dd_language' is visible

2020-03-20 14:13:27 - [MESSAGE][WARNING] - Timeout '0' is invalid. Using default page load timeout: '30'

2020-03-20 14:13:28 - [MESSAGE][PASSED] - Object 'Object Repository/ADMIN/Edit Text/Bespoke/Buyer Navigation/dd_language' is visible

2020-03-20 14:13:28 - [TEST_STEP][PASSED] - selectOptionByLabel(findTestObject("ADMIN/Edit Text/Bespoke/Buyer Navigation/dd_language"), varLanguage, false): All options with label 'Hebrew' are selected in object 'Object Repository/ADMIN/Edit Text/Bespoke/Buyer Navigation/dd_language' 

2020-03-20 14:13:30 - [MESSAGE][PASSED] - All options with label 'Hebrew' are selected in object 'Object Repository/ADMIN/Edit Text/Bespoke/Buyer Navigation/dd_language' 

2020-03-20 14:13:30 - [TEST_STEP][PASSED] - sendKeys(findTestObject("ADMIN/Edit Text/Bespoke/Buyer Pages/Item Details/input_Positive Feedback_item-feedbak"), "*"): Keys '*' sent to object: 'Object Repository/ADMIN/Edit Text/Bespoke/Buyer Pages/Item Details/input_Positive Feedback_item-feedbak'

2020-03-20 14:13:30 - [MESSAGE][PASSED] - Keys '*' sent to object: 'Object Repository/ADMIN/Edit Text/Bespoke/Buyer Pages/Item Details/input_Positive Feedback_item-feedbak'

2020-03-20 14:13:30 - [TEST_STEP][PASSED] - sendKeys(findTestObject("ADMIN/Edit Text/Bespoke/Buyer Pages/Item Details/input_ADD TO CART_1"), "*"): Keys '*' sent to object: 'Object Repository/ADMIN/Edit Text/Bespoke/Buyer Pages/Item Details/input_ADD TO CART_1'

2020-03-20 14:13:30 - [MESSAGE][PASSED] - Keys '*' sent to object: 'Object Repository/ADMIN/Edit Text/Bespoke/Buyer Pages/Item Details/input_ADD TO CART_1'

2020-03-20 14:13:30 - [TEST_STEP][PASSED] - sendKeys(findTestObject("ADMIN/Edit Text/Bespoke/Buyer Pages/Item Details/input_Quantity_item-qty"), "*"): Keys '*' sent to object: 'Object Repository/ADMIN/Edit Text/Bespoke/Buyer Pages/Item Details/input_Quantity_item-qty'

2020-03-20 14:13:31 - [MESSAGE][PASSED] - Keys '*' sent to object: 'Object Repository/ADMIN/Edit Text/Bespoke/Buyer Pages/Item Details/input_Quantity_item-qty'

2020-03-20 14:13:31 - [TEST_STEP][PASSED] - sendKeys(findTestObject("ADMIN/Edit Text/Bespoke/Buyer Pages/Item Details/input_Only_item-one"), "*"): Keys '*' sent to object: 'Object Repository/ADMIN/Edit Text/Bespoke/Buyer Pages/Item Details/input_Only_item-one'

2020-03-20 14:13:31 - [MESSAGE][PASSED] - Keys '*' sent to object: 'Object Repository/ADMIN/Edit Text/Bespoke/Buyer Pages/Item Details/input_Only_item-one'

2020-03-20 14:13:31 - [TEST_STEP][PASSED] - sendKeys(findTestObject("ADMIN/Edit Text/Bespoke/Buyer Pages/Item Details/input_left_item-left"), "*"): Keys '*' sent to object: 'Object Repository/ADMIN/Edit Text/Bespoke/Buyer Pages/Item Details/input_left_item-left'

2020-03-20 14:13:31 - [MESSAGE][PASSED] - Keys '*' sent to object: 'Object Repository/ADMIN/Edit Text/Bespoke/Buyer Pages/Item Details/input_left_item-left'

2020-03-20 14:13:31 - [TEST_STEP][PASSED] - sendKeys(findTestObject("ADMIN/Edit Text/Bespoke/Buyer Pages/Item Details/input_Out of Stock_text-stock"), "*"): Keys '*' sent to object: 'Object Repository/ADMIN/Edit Text/Bespoke/Buyer Pages/Item Details/input_Out of Stock_text-stock'

2020-03-20 14:13:31 - [MESSAGE][PASSED] - Keys '*' sent to object: 'Object Repository/ADMIN/Edit Text/Bespoke/Buyer Pages/Item Details/input_Out of Stock_text-stock'

2020-03-20 14:13:31 - [TEST_STEP][PASSED] - sendKeys(findTestObject("ADMIN/Edit Text/Bespoke/Buyer Pages/Item Details/input_Description_text-description"), "*"): Keys '*' sent to object: 'Object Repository/ADMIN/Edit Text/Bespoke/Buyer Pages/Item Details/input_Description_text-description'

2020-03-20 14:13:32 - [MESSAGE][PASSED] - Keys '*' sent to object: 'Object Repository/ADMIN/Edit Text/Bespoke/Buyer Pages/Item Details/input_Description_text-description'

2020-03-20 14:13:32 - [TEST_STEP][PASSED] - sendKeys(findTestObject("ADMIN/Edit Text/Bespoke/Buyer Pages/Item Details/input_Show More_text-show-more"), "*"): Keys '*' sent to object: 'Object Repository/ADMIN/Edit Text/Bespoke/Buyer Pages/Item Details/input_Show More_text-show-more'

2020-03-20 14:13:32 - [MESSAGE][PASSED] - Keys '*' sent to object: 'Object Repository/ADMIN/Edit Text/Bespoke/Buyer Pages/Item Details/input_Show More_text-show-more'

2020-03-20 14:13:32 - [TEST_STEP][PASSED] - sendKeys(findTestObject("ADMIN/Edit Text/Bespoke/Buyer Pages/Item Details/input_Show Less_text-show-less"), "*"): Keys '*' sent to object: 'Object Repository/ADMIN/Edit Text/Bespoke/Buyer Pages/Item Details/input_Show Less_text-show-less'

2020-03-20 14:13:32 - [MESSAGE][PASSED] - Keys '*' sent to object: 'Object Repository/ADMIN/Edit Text/Bespoke/Buyer Pages/Item Details/input_Show Less_text-show-less'

2020-03-20 14:13:32 - [TEST_STEP][PASSED] - sendKeys(findTestObject("ADMIN/Edit Text/Bespoke/Buyer Pages/Item Details/input_Choose a delivery method later_text-deliver-method"), "*"): Keys '*' sent to object: 'Object Repository/ADMIN/Edit Text/Bespoke/Buyer Pages/Item Details/input_Choose a delivery method later_text-deliver-method'

2020-03-20 14:13:32 - [MESSAGE][PASSED] - Keys '*' sent to object: 'Object Repository/ADMIN/Edit Text/Bespoke/Buyer Pages/Item Details/input_Choose a delivery method later_text-deliver-method'

2020-03-20 14:13:32 - [TEST_STEP][PASSED] - sendKeys(findTestObject("ADMIN/Edit Text/Bespoke/Buyer Pages/Item Details/input_Delivery_text-delivery"), "*"): Keys '*' sent to object: 'Object Repository/ADMIN/Edit Text/Bespoke/Buyer Pages/Item Details/input_Delivery_text-delivery'

2020-03-20 14:13:33 - [MESSAGE][PASSED] - Keys '*' sent to object: 'Object Repository/ADMIN/Edit Text/Bespoke/Buyer Pages/Item Details/input_Delivery_text-delivery'

2020-03-20 14:13:33 - [TEST_STEP][PASSED] - sendKeys(findTestObject("ADMIN/Edit Text/Bespoke/Buyer Pages/Item Details/input_Pick-Up_text-pickup"), "*"): Keys '*' sent to object: 'Object Repository/ADMIN/Edit Text/Bespoke/Buyer Pages/Item Details/input_Pick-Up_text-pickup'

2020-03-20 14:13:33 - [MESSAGE][PASSED] - Keys '*' sent to object: 'Object Repository/ADMIN/Edit Text/Bespoke/Buyer Pages/Item Details/input_Pick-Up_text-pickup'

2020-03-20 14:13:33 - [TEST_STEP][PASSED] - sendKeys(findTestObject("ADMIN/Edit Text/Bespoke/Buyer Pages/Item Details/input_Contact Seller_btn_add_cart"), "*"): Keys '*' sent to object: 'Object Repository/ADMIN/Edit Text/Bespoke/Buyer Pages/Item Details/input_Contact Seller_btn_add_cart'

2020-03-20 14:13:33 - [MESSAGE][PASSED] - Keys '*' sent to object: 'Object Repository/ADMIN/Edit Text/Bespoke/Buyer Pages/Item Details/input_Contact Seller_btn_add_cart'

2020-03-20 14:13:33 - [TEST_STEP][PASSED] - sendKeys(findTestObject("ADMIN/Edit Text/Bespoke/Buyer Pages/Item Details/input_ADD TO CART_2"), "*"): Keys '*' sent to object: 'Object Repository/ADMIN/Edit Text/Bespoke/Buyer Pages/Item Details/input_ADD TO CART_2'

2020-03-20 14:13:34 - [MESSAGE][PASSED] - Keys '*' sent to object: 'Object Repository/ADMIN/Edit Text/Bespoke/Buyer Pages/Item Details/input_ADD TO CART_2'

2020-03-20 14:13:34 - [TEST_STEP][PASSED] - sendKeys(findTestObject("ADMIN/Edit Text/Bespoke/Buyer Pages/Item Details/input_THIS ITEM HAS BEEN ADDED_item-has-been-added"), "*"): Keys '*' sent to object: 'Object Repository/ADMIN/Edit Text/Bespoke/Buyer Pages/Item Details/input_THIS ITEM HAS BEEN ADDED_item-has-been-added'

2020-03-20 14:13:34 - [MESSAGE][PASSED] - Keys '*' sent to object: 'Object Repository/ADMIN/Edit Text/Bespoke/Buyer Pages/Item Details/input_THIS ITEM HAS BEEN ADDED_item-has-been-added'

2020-03-20 14:13:34 - [TEST_STEP][PASSED] - sendKeys(findTestObject("ADMIN/Edit Text/Bespoke/Buyer Pages/Item Details/input_VIEW CART_btn_view_cart"), "*"): Keys '*' sent to object: 'Object Repository/ADMIN/Edit Text/Bespoke/Buyer Pages/Item Details/input_VIEW CART_btn_view_cart'

2020-03-20 14:13:34 - [MESSAGE][PASSED] - Keys '*' sent to object: 'Object Repository/ADMIN/Edit Text/Bespoke/Buyer Pages/Item Details/input_VIEW CART_btn_view_cart'

2020-03-20 14:13:34 - [TEST_STEP][PASSED] - sendKeys(findTestObject("ADMIN/Edit Text/Bespoke/Buyer Pages/Item Details/input_Reviews_reviews"), "*"): Keys '*' sent to object: 'Object Repository/ADMIN/Edit Text/Bespoke/Buyer Pages/Item Details/input_Reviews_reviews'

2020-03-20 14:13:35 - [MESSAGE][PASSED] - Keys '*' sent to object: 'Object Repository/ADMIN/Edit Text/Bespoke/Buyer Pages/Item Details/input_Reviews_reviews'

2020-03-20 14:13:35 - [TEST_STEP][PASSED] - sendKeys(findTestObject("ADMIN/Edit Text/Bespoke/Buyer Pages/Item Details/input_Rating Summary_rating-summary"), "*"): Keys '*' sent to object: 'Object Repository/ADMIN/Edit Text/Bespoke/Buyer Pages/Item Details/input_Rating Summary_rating-summary'

2020-03-20 14:13:35 - [MESSAGE][PASSED] - Keys '*' sent to object: 'Object Repository/ADMIN/Edit Text/Bespoke/Buyer Pages/Item Details/input_Rating Summary_rating-summary'

2020-03-20 14:13:35 - [TEST_STEP][PASSED] - sendKeys(findTestObject("ADMIN/Edit Text/Bespoke/Buyer Pages/Item Details/input_Positive Feedback_positive-feedback"), "*"): Keys '*' sent to object: 'Object Repository/ADMIN/Edit Text/Bespoke/Buyer Pages/Item Details/input_Positive Feedback_positive-feedback'

2020-03-20 14:13:35 - [MESSAGE][PASSED] - Keys '*' sent to object: 'Object Repository/ADMIN/Edit Text/Bespoke/Buyer Pages/Item Details/input_Positive Feedback_positive-feedback'

2020-03-20 14:13:35 - [TEST_STEP][PASSED] - sendKeys(findTestObject("ADMIN/Edit Text/Bespoke/Buyer Pages/Item Details/input_Excellent_excellent"), "*"): Keys '*' sent to object: 'Object Repository/ADMIN/Edit Text/Bespoke/Buyer Pages/Item Details/input_Excellent_excellent'

2020-03-20 14:13:35 - [MESSAGE][PASSED] - Keys '*' sent to object: 'Object Repository/ADMIN/Edit Text/Bespoke/Buyer Pages/Item Details/input_Excellent_excellent'

2020-03-20 14:13:35 - [TEST_STEP][PASSED] - sendKeys(findTestObject("ADMIN/Edit Text/Bespoke/Buyer Pages/Item Details/input_Great_great"), "*"): Keys '*' sent to object: 'Object Repository/ADMIN/Edit Text/Bespoke/Buyer Pages/Item Details/input_Great_great'

2020-03-20 14:13:35 - [MESSAGE][PASSED] - Keys '*' sent to object: 'Object Repository/ADMIN/Edit Text/Bespoke/Buyer Pages/Item Details/input_Great_great'

2020-03-20 14:13:35 - [TEST_STEP][PASSED] - sendKeys(findTestObject("ADMIN/Edit Text/Bespoke/Buyer Pages/Item Details/input_Good_good"), "*"): Keys '*' sent to object: 'Object Repository/ADMIN/Edit Text/Bespoke/Buyer Pages/Item Details/input_Good_good'

2020-03-20 14:13:36 - [MESSAGE][PASSED] - Keys '*' sent to object: 'Object Repository/ADMIN/Edit Text/Bespoke/Buyer Pages/Item Details/input_Good_good'

2020-03-20 14:13:36 - [TEST_STEP][PASSED] - sendKeys(findTestObject("ADMIN/Edit Text/Bespoke/Buyer Pages/Item Details/input_Okay_ok"), "*"): Keys '*' sent to object: 'Object Repository/ADMIN/Edit Text/Bespoke/Buyer Pages/Item Details/input_Okay_ok'

2020-03-20 14:13:36 - [MESSAGE][PASSED] - Keys '*' sent to object: 'Object Repository/ADMIN/Edit Text/Bespoke/Buyer Pages/Item Details/input_Okay_ok'

2020-03-20 14:13:36 - [TEST_STEP][PASSED] - sendKeys(findTestObject("ADMIN/Edit Text/Bespoke/Buyer Pages/Item Details/input_Unsatisfied_Unsatisfied"), "*"): Keys '*' sent to object: 'Object Repository/ADMIN/Edit Text/Bespoke/Buyer Pages/Item Details/input_Unsatisfied_Unsatisfied'

2020-03-20 14:13:36 - [MESSAGE][PASSED] - Keys '*' sent to object: 'Object Repository/ADMIN/Edit Text/Bespoke/Buyer Pages/Item Details/input_Unsatisfied_Unsatisfied'

2020-03-20 14:13:36 - [TEST_STEP][PASSED] - sendKeys(findTestObject("ADMIN/Edit Text/Bespoke/Buyer Pages/Item Details/input_Reply from_reply-from"), "*"): Keys '*' sent to object: 'Object Repository/ADMIN/Edit Text/Bespoke/Buyer Pages/Item Details/input_Reply from_reply-from'

2020-03-20 14:13:36 - [MESSAGE][PASSED] - Keys '*' sent to object: 'Object Repository/ADMIN/Edit Text/Bespoke/Buyer Pages/Item Details/input_Reply from_reply-from'

2020-03-20 14:13:36 - [TEST_STEP][PASSED] - sendKeys(findTestObject("ADMIN/Edit Text/Bespoke/Buyer Pages/Item Details/input_Reply_btn_view_cart"), "*"): Keys '*' sent to object: 'Object Repository/ADMIN/Edit Text/Bespoke/Buyer Pages/Item Details/input_Reply_btn_view_cart'

2020-03-20 14:13:37 - [MESSAGE][PASSED] - Keys '*' sent to object: 'Object Repository/ADMIN/Edit Text/Bespoke/Buyer Pages/Item Details/input_Reply_btn_view_cart'

2020-03-20 14:13:37 - [TEST_STEP][PASSED] - sendKeys(findTestObject("ADMIN/Edit Text/Bespoke/Buyer Pages/Item Details/input_REPLY TO_reply"), "*"): Keys '*' sent to object: 'Object Repository/ADMIN/Edit Text/Bespoke/Buyer Pages/Item Details/input_REPLY TO_reply'

2020-03-20 14:13:37 - [MESSAGE][PASSED] - Keys '*' sent to object: 'Object Repository/ADMIN/Edit Text/Bespoke/Buyer Pages/Item Details/input_REPLY TO_reply'

2020-03-20 14:13:37 - [TEST_STEP][PASSED] - sendKeys(findTestObject("ADMIN/Edit Text/Bespoke/Buyer Pages/Item Details/input_Leave a comment_leave-comment"), "*"): Keys '*' sent to object: 'Object Repository/ADMIN/Edit Text/Bespoke/Buyer Pages/Item Details/input_Leave a comment_leave-comment'

2020-03-20 14:13:37 - [MESSAGE][PASSED] - Keys '*' sent to object: 'Object Repository/ADMIN/Edit Text/Bespoke/Buyer Pages/Item Details/input_Leave a comment_leave-comment'

2020-03-20 14:13:37 - [TEST_STEP][PASSED] - sendKeys(findTestObject("ADMIN/Edit Text/Bespoke/Buyer Pages/Item Details/input_SUBMIT_btn_submit"), "*"): Keys '*' sent to object: 'Object Repository/ADMIN/Edit Text/Bespoke/Buyer Pages/Item Details/input_SUBMIT_btn_submit'

2020-03-20 14:13:37 - [MESSAGE][PASSED] - Keys '*' sent to object: 'Object Repository/ADMIN/Edit Text/Bespoke/Buyer Pages/Item Details/input_SUBMIT_btn_submit'

2020-03-20 14:13:37 - [TEST_STEP][PASSED] - click(findTestObject("ADMIN/Edit Text/Bespoke/Buyer Pages/Homepage/button_save"), CONTINUE_ON_FAILURE): Object: 'Object Repository/ADMIN/Edit Text/Bespoke/Buyer Pages/Homepage/button_save' is clicked on

2020-03-20 14:13:37 - [MESSAGE][PASSED] - Object: 'Object Repository/ADMIN/Edit Text/Bespoke/Buyer Pages/Homepage/button_save' is clicked on

2020-03-20 14:13:37 - [TEST_STEP][PASSED] - waitForElementVisible(findTestObject("ADMIN/Edit Text/Bespoke/Buyer Pages/Homepage/toaster_success"), 0): Object 'Object Repository/ADMIN/Edit Text/Bespoke/Buyer Pages/Homepage/toaster_success' is visible

2020-03-20 14:13:37 - [MESSAGE][WARNING] - Timeout '0' is invalid. Using default page load timeout: '30'

2020-03-20 14:13:38 - [MESSAGE][PASSED] - Object 'Object Repository/ADMIN/Edit Text/Bespoke/Buyer Pages/Homepage/toaster_success' is visible]]></system-out>
         <system-err><![CDATA[]]></system-err>
      </testcase>
      <testcase name="Test Cases/ADMIN/Language/Edit Text/Bespoke/Buyer Pages/Item Details" time="10.993" classname="Test Cases/ADMIN/Language/Edit Text/Bespoke/Buyer Pages/Item Details" status="PASSED">
         <system-out><![CDATA[2020-03-20 14:13:38 - [TEST_CASE][PASSED] - Test Cases/ADMIN/Language/Edit Text/Bespoke/Buyer Pages/Item Details: Test Cases/ADMIN/Language/Edit Text/Bespoke/Buyer Pages/Item Details

2020-03-20 14:13:38 - [TEST_STEP][PASSED] - waitForElementVisible(findTestObject("ADMIN/Edit Text/Bespoke/Buyer Navigation/dd_language"), 0): Object 'Object Repository/ADMIN/Edit Text/Bespoke/Buyer Navigation/dd_language' is visible

2020-03-20 14:13:38 - [MESSAGE][WARNING] - Timeout '0' is invalid. Using default page load timeout: '30'

2020-03-20 14:13:38 - [MESSAGE][PASSED] - Object 'Object Repository/ADMIN/Edit Text/Bespoke/Buyer Navigation/dd_language' is visible

2020-03-20 14:13:38 - [TEST_STEP][PASSED] - selectOptionByLabel(findTestObject("ADMIN/Edit Text/Bespoke/Buyer Navigation/dd_language"), varLanguage, false): All options with label 'English' are selected in object 'Object Repository/ADMIN/Edit Text/Bespoke/Buyer Navigation/dd_language' 

2020-03-20 14:13:39 - [MESSAGE][PASSED] - All options with label 'English' are selected in object 'Object Repository/ADMIN/Edit Text/Bespoke/Buyer Navigation/dd_language' 

2020-03-20 14:13:40 - [TEST_STEP][PASSED] - sendKeys(findTestObject("ADMIN/Edit Text/Bespoke/Buyer Pages/Item Details/input_Positive Feedback_item-feedbak"), "*"): Keys '*' sent to object: 'Object Repository/ADMIN/Edit Text/Bespoke/Buyer Pages/Item Details/input_Positive Feedback_item-feedbak'

2020-03-20 14:13:40 - [MESSAGE][PASSED] - Keys '*' sent to object: 'Object Repository/ADMIN/Edit Text/Bespoke/Buyer Pages/Item Details/input_Positive Feedback_item-feedbak'

2020-03-20 14:13:40 - [TEST_STEP][PASSED] - sendKeys(findTestObject("ADMIN/Edit Text/Bespoke/Buyer Pages/Item Details/input_ADD TO CART_1"), "*"): Keys '*' sent to object: 'Object Repository/ADMIN/Edit Text/Bespoke/Buyer Pages/Item Details/input_ADD TO CART_1'

2020-03-20 14:13:40 - [MESSAGE][PASSED] - Keys '*' sent to object: 'Object Repository/ADMIN/Edit Text/Bespoke/Buyer Pages/Item Details/input_ADD TO CART_1'

2020-03-20 14:13:40 - [TEST_STEP][PASSED] - sendKeys(findTestObject("ADMIN/Edit Text/Bespoke/Buyer Pages/Item Details/input_Quantity_item-qty"), "*"): Keys '*' sent to object: 'Object Repository/ADMIN/Edit Text/Bespoke/Buyer Pages/Item Details/input_Quantity_item-qty'

2020-03-20 14:13:40 - [MESSAGE][PASSED] - Keys '*' sent to object: 'Object Repository/ADMIN/Edit Text/Bespoke/Buyer Pages/Item Details/input_Quantity_item-qty'

2020-03-20 14:13:40 - [TEST_STEP][PASSED] - sendKeys(findTestObject("ADMIN/Edit Text/Bespoke/Buyer Pages/Item Details/input_Only_item-one"), "*"): Keys '*' sent to object: 'Object Repository/ADMIN/Edit Text/Bespoke/Buyer Pages/Item Details/input_Only_item-one'

2020-03-20 14:13:40 - [MESSAGE][PASSED] - Keys '*' sent to object: 'Object Repository/ADMIN/Edit Text/Bespoke/Buyer Pages/Item Details/input_Only_item-one'

2020-03-20 14:13:40 - [TEST_STEP][PASSED] - sendKeys(findTestObject("ADMIN/Edit Text/Bespoke/Buyer Pages/Item Details/input_left_item-left"), "*"): Keys '*' sent to object: 'Object Repository/ADMIN/Edit Text/Bespoke/Buyer Pages/Item Details/input_left_item-left'

2020-03-20 14:13:41 - [MESSAGE][PASSED] - Keys '*' sent to object: 'Object Repository/ADMIN/Edit Text/Bespoke/Buyer Pages/Item Details/input_left_item-left'

2020-03-20 14:13:41 - [TEST_STEP][PASSED] - sendKeys(findTestObject("ADMIN/Edit Text/Bespoke/Buyer Pages/Item Details/input_Out of Stock_text-stock"), "*"): Keys '*' sent to object: 'Object Repository/ADMIN/Edit Text/Bespoke/Buyer Pages/Item Details/input_Out of Stock_text-stock'

2020-03-20 14:13:41 - [MESSAGE][PASSED] - Keys '*' sent to object: 'Object Repository/ADMIN/Edit Text/Bespoke/Buyer Pages/Item Details/input_Out of Stock_text-stock'

2020-03-20 14:13:41 - [TEST_STEP][PASSED] - sendKeys(findTestObject("ADMIN/Edit Text/Bespoke/Buyer Pages/Item Details/input_Description_text-description"), "*"): Keys '*' sent to object: 'Object Repository/ADMIN/Edit Text/Bespoke/Buyer Pages/Item Details/input_Description_text-description'

2020-03-20 14:13:41 - [MESSAGE][PASSED] - Keys '*' sent to object: 'Object Repository/ADMIN/Edit Text/Bespoke/Buyer Pages/Item Details/input_Description_text-description'

2020-03-20 14:13:41 - [TEST_STEP][PASSED] - sendKeys(findTestObject("ADMIN/Edit Text/Bespoke/Buyer Pages/Item Details/input_Show More_text-show-more"), "*"): Keys '*' sent to object: 'Object Repository/ADMIN/Edit Text/Bespoke/Buyer Pages/Item Details/input_Show More_text-show-more'

2020-03-20 14:13:41 - [MESSAGE][PASSED] - Keys '*' sent to object: 'Object Repository/ADMIN/Edit Text/Bespoke/Buyer Pages/Item Details/input_Show More_text-show-more'

2020-03-20 14:13:41 - [TEST_STEP][PASSED] - sendKeys(findTestObject("ADMIN/Edit Text/Bespoke/Buyer Pages/Item Details/input_Show Less_text-show-less"), "*"): Keys '*' sent to object: 'Object Repository/ADMIN/Edit Text/Bespoke/Buyer Pages/Item Details/input_Show Less_text-show-less'

2020-03-20 14:13:41 - [MESSAGE][PASSED] - Keys '*' sent to object: 'Object Repository/ADMIN/Edit Text/Bespoke/Buyer Pages/Item Details/input_Show Less_text-show-less'

2020-03-20 14:13:41 - [TEST_STEP][PASSED] - sendKeys(findTestObject("ADMIN/Edit Text/Bespoke/Buyer Pages/Item Details/input_Choose a delivery method later_text-deliver-method"), "*"): Keys '*' sent to object: 'Object Repository/ADMIN/Edit Text/Bespoke/Buyer Pages/Item Details/input_Choose a delivery method later_text-deliver-method'

2020-03-20 14:13:42 - [MESSAGE][PASSED] - Keys '*' sent to object: 'Object Repository/ADMIN/Edit Text/Bespoke/Buyer Pages/Item Details/input_Choose a delivery method later_text-deliver-method'

2020-03-20 14:13:42 - [TEST_STEP][PASSED] - sendKeys(findTestObject("ADMIN/Edit Text/Bespoke/Buyer Pages/Item Details/input_Delivery_text-delivery"), "*"): Keys '*' sent to object: 'Object Repository/ADMIN/Edit Text/Bespoke/Buyer Pages/Item Details/input_Delivery_text-delivery'

2020-03-20 14:13:42 - [MESSAGE][PASSED] - Keys '*' sent to object: 'Object Repository/ADMIN/Edit Text/Bespoke/Buyer Pages/Item Details/input_Delivery_text-delivery'

2020-03-20 14:13:42 - [TEST_STEP][PASSED] - sendKeys(findTestObject("ADMIN/Edit Text/Bespoke/Buyer Pages/Item Details/input_Pick-Up_text-pickup"), "*"): Keys '*' sent to object: 'Object Repository/ADMIN/Edit Text/Bespoke/Buyer Pages/Item Details/input_Pick-Up_text-pickup'

2020-03-20 14:13:42 - [MESSAGE][PASSED] - Keys '*' sent to object: 'Object Repository/ADMIN/Edit Text/Bespoke/Buyer Pages/Item Details/input_Pick-Up_text-pickup'

2020-03-20 14:13:42 - [TEST_STEP][PASSED] - sendKeys(findTestObject("ADMIN/Edit Text/Bespoke/Buyer Pages/Item Details/input_Contact Seller_btn_add_cart"), "*"): Keys '*' sent to object: 'Object Repository/ADMIN/Edit Text/Bespoke/Buyer Pages/Item Details/input_Contact Seller_btn_add_cart'

2020-03-20 14:13:42 - [MESSAGE][PASSED] - Keys '*' sent to object: 'Object Repository/ADMIN/Edit Text/Bespoke/Buyer Pages/Item Details/input_Contact Seller_btn_add_cart'

2020-03-20 14:13:42 - [TEST_STEP][PASSED] - sendKeys(findTestObject("ADMIN/Edit Text/Bespoke/Buyer Pages/Item Details/input_ADD TO CART_2"), "*"): Keys '*' sent to object: 'Object Repository/ADMIN/Edit Text/Bespoke/Buyer Pages/Item Details/input_ADD TO CART_2'

2020-03-20 14:13:42 - [MESSAGE][PASSED] - Keys '*' sent to object: 'Object Repository/ADMIN/Edit Text/Bespoke/Buyer Pages/Item Details/input_ADD TO CART_2'

2020-03-20 14:13:42 - [TEST_STEP][PASSED] - sendKeys(findTestObject("ADMIN/Edit Text/Bespoke/Buyer Pages/Item Details/input_THIS ITEM HAS BEEN ADDED_item-has-been-added"), "*"): Keys '*' sent to object: 'Object Repository/ADMIN/Edit Text/Bespoke/Buyer Pages/Item Details/input_THIS ITEM HAS BEEN ADDED_item-has-been-added'

2020-03-20 14:13:43 - [MESSAGE][PASSED] - Keys '*' sent to object: 'Object Repository/ADMIN/Edit Text/Bespoke/Buyer Pages/Item Details/input_THIS ITEM HAS BEEN ADDED_item-has-been-added'

2020-03-20 14:13:43 - [TEST_STEP][PASSED] - sendKeys(findTestObject("ADMIN/Edit Text/Bespoke/Buyer Pages/Item Details/input_VIEW CART_btn_view_cart"), "*"): Keys '*' sent to object: 'Object Repository/ADMIN/Edit Text/Bespoke/Buyer Pages/Item Details/input_VIEW CART_btn_view_cart'

2020-03-20 14:13:43 - [MESSAGE][PASSED] - Keys '*' sent to object: 'Object Repository/ADMIN/Edit Text/Bespoke/Buyer Pages/Item Details/input_VIEW CART_btn_view_cart'

2020-03-20 14:13:43 - [TEST_STEP][PASSED] - sendKeys(findTestObject("ADMIN/Edit Text/Bespoke/Buyer Pages/Item Details/input_Reviews_reviews"), "*"): Keys '*' sent to object: 'Object Repository/ADMIN/Edit Text/Bespoke/Buyer Pages/Item Details/input_Reviews_reviews'

2020-03-20 14:13:43 - [MESSAGE][PASSED] - Keys '*' sent to object: 'Object Repository/ADMIN/Edit Text/Bespoke/Buyer Pages/Item Details/input_Reviews_reviews'

2020-03-20 14:13:43 - [TEST_STEP][PASSED] - sendKeys(findTestObject("ADMIN/Edit Text/Bespoke/Buyer Pages/Item Details/input_Rating Summary_rating-summary"), "*"): Keys '*' sent to object: 'Object Repository/ADMIN/Edit Text/Bespoke/Buyer Pages/Item Details/input_Rating Summary_rating-summary'

2020-03-20 14:13:43 - [MESSAGE][PASSED] - Keys '*' sent to object: 'Object Repository/ADMIN/Edit Text/Bespoke/Buyer Pages/Item Details/input_Rating Summary_rating-summary'

2020-03-20 14:13:43 - [TEST_STEP][PASSED] - sendKeys(findTestObject("ADMIN/Edit Text/Bespoke/Buyer Pages/Item Details/input_Positive Feedback_positive-feedback"), "*"): Keys '*' sent to object: 'Object Repository/ADMIN/Edit Text/Bespoke/Buyer Pages/Item Details/input_Positive Feedback_positive-feedback'

2020-03-20 14:13:44 - [MESSAGE][PASSED] - Keys '*' sent to object: 'Object Repository/ADMIN/Edit Text/Bespoke/Buyer Pages/Item Details/input_Positive Feedback_positive-feedback'

2020-03-20 14:13:44 - [TEST_STEP][PASSED] - sendKeys(findTestObject("ADMIN/Edit Text/Bespoke/Buyer Pages/Item Details/input_Excellent_excellent"), "*"): Keys '*' sent to object: 'Object Repository/ADMIN/Edit Text/Bespoke/Buyer Pages/Item Details/input_Excellent_excellent'

2020-03-20 14:13:44 - [MESSAGE][PASSED] - Keys '*' sent to object: 'Object Repository/ADMIN/Edit Text/Bespoke/Buyer Pages/Item Details/input_Excellent_excellent'

2020-03-20 14:13:44 - [TEST_STEP][PASSED] - sendKeys(findTestObject("ADMIN/Edit Text/Bespoke/Buyer Pages/Item Details/input_Great_great"), "*"): Keys '*' sent to object: 'Object Repository/ADMIN/Edit Text/Bespoke/Buyer Pages/Item Details/input_Great_great'

2020-03-20 14:13:47 - [MESSAGE][PASSED] - Keys '*' sent to object: 'Object Repository/ADMIN/Edit Text/Bespoke/Buyer Pages/Item Details/input_Great_great'

2020-03-20 14:13:47 - [TEST_STEP][PASSED] - sendKeys(findTestObject("ADMIN/Edit Text/Bespoke/Buyer Pages/Item Details/input_Good_good"), "*"): Keys '*' sent to object: 'Object Repository/ADMIN/Edit Text/Bespoke/Buyer Pages/Item Details/input_Good_good'

2020-03-20 14:13:47 - [MESSAGE][PASSED] - Keys '*' sent to object: 'Object Repository/ADMIN/Edit Text/Bespoke/Buyer Pages/Item Details/input_Good_good'

2020-03-20 14:13:47 - [TEST_STEP][PASSED] - sendKeys(findTestObject("ADMIN/Edit Text/Bespoke/Buyer Pages/Item Details/input_Okay_ok"), "*"): Keys '*' sent to object: 'Object Repository/ADMIN/Edit Text/Bespoke/Buyer Pages/Item Details/input_Okay_ok'

2020-03-20 14:13:47 - [MESSAGE][PASSED] - Keys '*' sent to object: 'Object Repository/ADMIN/Edit Text/Bespoke/Buyer Pages/Item Details/input_Okay_ok'

2020-03-20 14:13:47 - [TEST_STEP][PASSED] - sendKeys(findTestObject("ADMIN/Edit Text/Bespoke/Buyer Pages/Item Details/input_Unsatisfied_Unsatisfied"), "*"): Keys '*' sent to object: 'Object Repository/ADMIN/Edit Text/Bespoke/Buyer Pages/Item Details/input_Unsatisfied_Unsatisfied'

2020-03-20 14:13:47 - [MESSAGE][PASSED] - Keys '*' sent to object: 'Object Repository/ADMIN/Edit Text/Bespoke/Buyer Pages/Item Details/input_Unsatisfied_Unsatisfied'

2020-03-20 14:13:47 - [TEST_STEP][PASSED] - sendKeys(findTestObject("ADMIN/Edit Text/Bespoke/Buyer Pages/Item Details/input_Reply from_reply-from"), "*"): Keys '*' sent to object: 'Object Repository/ADMIN/Edit Text/Bespoke/Buyer Pages/Item Details/input_Reply from_reply-from'

2020-03-20 14:13:48 - [MESSAGE][PASSED] - Keys '*' sent to object: 'Object Repository/ADMIN/Edit Text/Bespoke/Buyer Pages/Item Details/input_Reply from_reply-from'

2020-03-20 14:13:48 - [TEST_STEP][PASSED] - sendKeys(findTestObject("ADMIN/Edit Text/Bespoke/Buyer Pages/Item Details/input_Reply_btn_view_cart"), "*"): Keys '*' sent to object: 'Object Repository/ADMIN/Edit Text/Bespoke/Buyer Pages/Item Details/input_Reply_btn_view_cart'

2020-03-20 14:13:48 - [MESSAGE][PASSED] - Keys '*' sent to object: 'Object Repository/ADMIN/Edit Text/Bespoke/Buyer Pages/Item Details/input_Reply_btn_view_cart'

2020-03-20 14:13:48 - [TEST_STEP][PASSED] - sendKeys(findTestObject("ADMIN/Edit Text/Bespoke/Buyer Pages/Item Details/input_REPLY TO_reply"), "*"): Keys '*' sent to object: 'Object Repository/ADMIN/Edit Text/Bespoke/Buyer Pages/Item Details/input_REPLY TO_reply'

2020-03-20 14:13:48 - [MESSAGE][PASSED] - Keys '*' sent to object: 'Object Repository/ADMIN/Edit Text/Bespoke/Buyer Pages/Item Details/input_REPLY TO_reply'

2020-03-20 14:13:48 - [TEST_STEP][PASSED] - sendKeys(findTestObject("ADMIN/Edit Text/Bespoke/Buyer Pages/Item Details/input_Leave a comment_leave-comment"), "*"): Keys '*' sent to object: 'Object Repository/ADMIN/Edit Text/Bespoke/Buyer Pages/Item Details/input_Leave a comment_leave-comment'

2020-03-20 14:13:48 - [MESSAGE][PASSED] - Keys '*' sent to object: 'Object Repository/ADMIN/Edit Text/Bespoke/Buyer Pages/Item Details/input_Leave a comment_leave-comment'

2020-03-20 14:13:48 - [TEST_STEP][PASSED] - sendKeys(findTestObject("ADMIN/Edit Text/Bespoke/Buyer Pages/Item Details/input_SUBMIT_btn_submit"), "*"): Keys '*' sent to object: 'Object Repository/ADMIN/Edit Text/Bespoke/Buyer Pages/Item Details/input_SUBMIT_btn_submit'

2020-03-20 14:13:49 - [MESSAGE][PASSED] - Keys '*' sent to object: 'Object Repository/ADMIN/Edit Text/Bespoke/Buyer Pages/Item Details/input_SUBMIT_btn_submit'

2020-03-20 14:13:49 - [TEST_STEP][PASSED] - click(findTestObject("ADMIN/Edit Text/Bespoke/Buyer Pages/Homepage/button_save"), CONTINUE_ON_FAILURE): Object: 'Object Repository/ADMIN/Edit Text/Bespoke/Buyer Pages/Homepage/button_save' is clicked on

2020-03-20 14:13:49 - [MESSAGE][PASSED] - Object: 'Object Repository/ADMIN/Edit Text/Bespoke/Buyer Pages/Homepage/button_save' is clicked on

2020-03-20 14:13:49 - [TEST_STEP][PASSED] - waitForElementVisible(findTestObject("ADMIN/Edit Text/Bespoke/Buyer Pages/Homepage/toaster_success"), 0): Object 'Object Repository/ADMIN/Edit Text/Bespoke/Buyer Pages/Homepage/toaster_success' is visible

2020-03-20 14:13:49 - [MESSAGE][WARNING] - Timeout '0' is invalid. Using default page load timeout: '30'

2020-03-20 14:13:49 - [MESSAGE][PASSED] - Object 'Object Repository/ADMIN/Edit Text/Bespoke/Buyer Pages/Homepage/toaster_success' is visible]]></system-out>
         <system-err><![CDATA[]]></system-err>
      </testcase>
      <testcase name="Test Cases/ADMIN/Language/Edit Text/Bespoke/Buyer Pages/Cart Navigation" time="4.665" classname="Test Cases/ADMIN/Language/Edit Text/Bespoke/Buyer Pages/Cart Navigation" status="PASSED">
         <system-out><![CDATA[2020-03-20 14:13:49 - [TEST_CASE][PASSED] - Test Cases/ADMIN/Language/Edit Text/Bespoke/Buyer Pages/Cart Navigation: Test Cases/ADMIN/Language/Edit Text/Bespoke/Buyer Pages/Cart Navigation

2020-03-20 14:13:49 - [TEST_STEP][PASSED] - waitForElementVisible(findTestObject("ADMIN/Language/sidemenu_Language"), 0): Object 'Object Repository/ADMIN/Language/sidemenu_Language' is visible

2020-03-20 14:13:49 - [MESSAGE][WARNING] - Timeout '0' is invalid. Using default page load timeout: '30'

2020-03-20 14:13:49 - [MESSAGE][PASSED] - Object 'Object Repository/ADMIN/Language/sidemenu_Language' is visible

2020-03-20 14:13:49 - [TEST_STEP][PASSED] - click(findTestObject("ADMIN/Language/sidemenu_Language"), CONTINUE_ON_FAILURE): Object: 'Object Repository/ADMIN/Language/sidemenu_Language' is clicked on

2020-03-20 14:13:50 - [MESSAGE][PASSED] - Object: 'Object Repository/ADMIN/Language/sidemenu_Language' is clicked on

2020-03-20 14:13:50 - [TEST_STEP][PASSED] - waitForElementVisible(findTestObject("ADMIN/Language/sidemenu_Edit Text"), 0): Object 'Object Repository/ADMIN/Language/sidemenu_Edit Text' is visible

2020-03-20 14:13:50 - [MESSAGE][WARNING] - Timeout '0' is invalid. Using default page load timeout: '30'

2020-03-20 14:13:50 - [MESSAGE][PASSED] - Object 'Object Repository/ADMIN/Language/sidemenu_Edit Text' is visible

2020-03-20 14:13:50 - [TEST_STEP][PASSED] - click(findTestObject("ADMIN/Language/sidemenu_Edit Text"), CONTINUE_ON_FAILURE): Object: 'Object Repository/ADMIN/Language/sidemenu_Edit Text' is clicked on

2020-03-20 14:13:51 - [MESSAGE][PASSED] - Object: 'Object Repository/ADMIN/Language/sidemenu_Edit Text' is clicked on

2020-03-20 14:13:51 - [TEST_STEP][PASSED] - waitForElementVisible(findTestObject("ADMIN/Edit Text/Bespoke/Buyer Navigation/icon_dd"), 0): Object 'Object Repository/ADMIN/Edit Text/Bespoke/Buyer Navigation/icon_dd' is visible

2020-03-20 14:13:51 - [MESSAGE][WARNING] - Timeout '0' is invalid. Using default page load timeout: '30'

2020-03-20 14:13:51 - [MESSAGE][PASSED] - Object 'Object Repository/ADMIN/Edit Text/Bespoke/Buyer Navigation/icon_dd' is visible

2020-03-20 14:13:51 - [TEST_STEP][PASSED] - click(findTestObject("ADMIN/Edit Text/Bespoke/Buyer Navigation/icon_dd"), CONTINUE_ON_FAILURE): Object: 'Object Repository/ADMIN/Edit Text/Bespoke/Buyer Navigation/icon_dd' is clicked on

2020-03-20 14:13:52 - [MESSAGE][PASSED] - Object: 'Object Repository/ADMIN/Edit Text/Bespoke/Buyer Navigation/icon_dd' is clicked on

2020-03-20 14:13:52 - [TEST_STEP][PASSED] - waitForElementVisible(findTestObject("ADMIN/Edit Text/Bespoke/Buyer Navigation/textlink_Cart"), 0): Object 'Object Repository/ADMIN/Edit Text/Bespoke/Buyer Navigation/textlink_Cart' is visible

2020-03-20 14:13:52 - [MESSAGE][WARNING] - Timeout '0' is invalid. Using default page load timeout: '30'

2020-03-20 14:13:52 - [MESSAGE][PASSED] - Object 'Object Repository/ADMIN/Edit Text/Bespoke/Buyer Navigation/textlink_Cart' is visible

2020-03-20 14:13:52 - [TEST_STEP][PASSED] - click(findTestObject("ADMIN/Edit Text/Bespoke/Buyer Navigation/textlink_Cart"), CONTINUE_ON_FAILURE): Object: 'Object Repository/ADMIN/Edit Text/Bespoke/Buyer Navigation/textlink_Cart' is clicked on

2020-03-20 14:13:53 - [MESSAGE][PASSED] - Object: 'Object Repository/ADMIN/Edit Text/Bespoke/Buyer Navigation/textlink_Cart' is clicked on

2020-03-20 14:13:53 - [TEST_STEP][PASSED] - waitForElementVisible(findTestObject("ADMIN/Edit Text/Bespoke/Buyer Navigation/dd_language"), 0): Object 'Object Repository/ADMIN/Edit Text/Bespoke/Buyer Navigation/dd_language' is visible

2020-03-20 14:13:53 - [MESSAGE][WARNING] - Timeout '0' is invalid. Using default page load timeout: '30'

2020-03-20 14:13:54 - [MESSAGE][PASSED] - Object 'Object Repository/ADMIN/Edit Text/Bespoke/Buyer Navigation/dd_language' is visible]]></system-out>
         <system-err><![CDATA[]]></system-err>
      </testcase>
      <testcase name="Test Cases/ADMIN/Language/Edit Text/Bespoke/Buyer Pages/Cart" time="9.416" classname="Test Cases/ADMIN/Language/Edit Text/Bespoke/Buyer Pages/Cart" status="PASSED">
         <system-out><![CDATA[2020-03-20 14:13:54 - [TEST_CASE][PASSED] - Test Cases/ADMIN/Language/Edit Text/Bespoke/Buyer Pages/Cart: Test Cases/ADMIN/Language/Edit Text/Bespoke/Buyer Pages/Cart

2020-03-20 14:13:54 - [TEST_STEP][PASSED] - waitForElementVisible(findTestObject("ADMIN/Edit Text/Bespoke/Buyer Navigation/dd_language"), 0): Object 'Object Repository/ADMIN/Edit Text/Bespoke/Buyer Navigation/dd_language' is visible

2020-03-20 14:13:54 - [MESSAGE][WARNING] - Timeout '0' is invalid. Using default page load timeout: '30'

2020-03-20 14:13:54 - [MESSAGE][PASSED] - Object 'Object Repository/ADMIN/Edit Text/Bespoke/Buyer Navigation/dd_language' is visible

2020-03-20 14:13:54 - [TEST_STEP][PASSED] - selectOptionByLabel(findTestObject("ADMIN/Edit Text/Bespoke/Buyer Navigation/dd_language"), varLanguage, false): All options with label 'French' are selected in object 'Object Repository/ADMIN/Edit Text/Bespoke/Buyer Navigation/dd_language' 

2020-03-20 14:13:55 - [MESSAGE][PASSED] - All options with label 'French' are selected in object 'Object Repository/ADMIN/Edit Text/Bespoke/Buyer Navigation/dd_language' 

2020-03-20 14:13:55 - [TEST_STEP][PASSED] - sendKeys(findTestObject("ADMIN/Edit Text/Bespoke/Buyer Pages/Cart/input_MY CART_my-cart"), "*"): Keys '*' sent to object: 'Object Repository/ADMIN/Edit Text/Bespoke/Buyer Pages/Cart/input_MY CART_my-cart'

2020-03-20 14:13:56 - [MESSAGE][PASSED] - Keys '*' sent to object: 'Object Repository/ADMIN/Edit Text/Bespoke/Buyer Pages/Cart/input_MY CART_my-cart'

2020-03-20 14:13:56 - [TEST_STEP][PASSED] - sendKeys(findTestObject("ADMIN/Edit Text/Bespoke/Buyer Pages/Cart/input_It seems like your cart is empty_my-cart-empty-msg"), "*"): Keys '*' sent to object: 'Object Repository/ADMIN/Edit Text/Bespoke/Buyer Pages/Cart/input_It seems like your cart is empty_my-cart-empty-msg'

2020-03-20 14:13:56 - [MESSAGE][PASSED] - Keys '*' sent to object: 'Object Repository/ADMIN/Edit Text/Bespoke/Buyer Pages/Cart/input_It seems like your cart is empty_my-cart-empty-msg'

2020-03-20 14:13:56 - [TEST_STEP][PASSED] - sendKeys(findTestObject("ADMIN/Edit Text/Bespoke/Buyer Pages/Cart/input_Start searching and adding_my-cart-start-search-add"), "*"): Keys '*' sent to object: 'Object Repository/ADMIN/Edit Text/Bespoke/Buyer Pages/Cart/input_Start searching and adding_my-cart-start-search-add'

2020-03-20 14:13:56 - [MESSAGE][PASSED] - Keys '*' sent to object: 'Object Repository/ADMIN/Edit Text/Bespoke/Buyer Pages/Cart/input_Start searching and adding_my-cart-start-search-add'

2020-03-20 14:13:56 - [TEST_STEP][PASSED] - sendKeys(findTestObject("ADMIN/Edit Text/Bespoke/Buyer Pages/Cart/input_CONTINUE SHOPPING_btn_add_cart"), "*"): Keys '*' sent to object: 'Object Repository/ADMIN/Edit Text/Bespoke/Buyer Pages/Cart/input_CONTINUE SHOPPING_btn_add_cart'

2020-03-20 14:13:56 - [MESSAGE][PASSED] - Keys '*' sent to object: 'Object Repository/ADMIN/Edit Text/Bespoke/Buyer Pages/Cart/input_CONTINUE SHOPPING_btn_add_cart'

2020-03-20 14:13:56 - [TEST_STEP][PASSED] - sendKeys(findTestObject("ADMIN/Edit Text/Bespoke/Buyer Pages/Cart/input_CHECKOUT_btn_add_cart"), "*"): Keys '*' sent to object: 'Object Repository/ADMIN/Edit Text/Bespoke/Buyer Pages/Cart/input_CHECKOUT_btn_add_cart'

2020-03-20 14:13:57 - [MESSAGE][PASSED] - Keys '*' sent to object: 'Object Repository/ADMIN/Edit Text/Bespoke/Buyer Pages/Cart/input_CHECKOUT_btn_add_cart'

2020-03-20 14:13:57 - [TEST_STEP][PASSED] - sendKeys(findTestObject("ADMIN/Edit Text/Bespoke/Buyer Pages/Cart/input_Select Delivery Option_delivery-option-text"), "*"): Keys '*' sent to object: 'Object Repository/ADMIN/Edit Text/Bespoke/Buyer Pages/Cart/input_Select Delivery Option_delivery-option-text'

2020-03-20 14:13:57 - [MESSAGE][PASSED] - Keys '*' sent to object: 'Object Repository/ADMIN/Edit Text/Bespoke/Buyer Pages/Cart/input_Select Delivery Option_delivery-option-text'

2020-03-20 14:13:57 - [TEST_STEP][PASSED] - sendKeys(findTestObject("ADMIN/Edit Text/Bespoke/Buyer Pages/Cart/input_Choose one_delivery-start-text"), "*"): Keys '*' sent to object: 'Object Repository/ADMIN/Edit Text/Bespoke/Buyer Pages/Cart/input_Choose one_delivery-start-text'

2020-03-20 14:13:57 - [MESSAGE][PASSED] - Keys '*' sent to object: 'Object Repository/ADMIN/Edit Text/Bespoke/Buyer Pages/Cart/input_Choose one_delivery-start-text'

2020-03-20 14:13:57 - [TEST_STEP][PASSED] - sendKeys(findTestObject("ADMIN/Edit Text/Bespoke/Buyer Pages/Cart/input_Delivery_delivery-text"), "*"): Keys '*' sent to object: 'Object Repository/ADMIN/Edit Text/Bespoke/Buyer Pages/Cart/input_Delivery_delivery-text'

2020-03-20 14:13:57 - [MESSAGE][PASSED] - Keys '*' sent to object: 'Object Repository/ADMIN/Edit Text/Bespoke/Buyer Pages/Cart/input_Delivery_delivery-text'

2020-03-20 14:13:57 - [TEST_STEP][PASSED] - sendKeys(findTestObject("ADMIN/Edit Text/Bespoke/Buyer Pages/Cart/input_Pick-up_pickup-text"), "*"): Keys '*' sent to object: 'Object Repository/ADMIN/Edit Text/Bespoke/Buyer Pages/Cart/input_Pick-up_pickup-text'

2020-03-20 14:13:57 - [MESSAGE][PASSED] - Keys '*' sent to object: 'Object Repository/ADMIN/Edit Text/Bespoke/Buyer Pages/Cart/input_Pick-up_pickup-text'

2020-03-20 14:13:57 - [TEST_STEP][PASSED] - sendKeys(findTestObject("ADMIN/Edit Text/Bespoke/Buyer Pages/Cart/input_CHANGE_btn_add_cart"), "*"): Keys '*' sent to object: 'Object Repository/ADMIN/Edit Text/Bespoke/Buyer Pages/Cart/input_CHANGE_btn_add_cart'

2020-03-20 14:13:58 - [MESSAGE][PASSED] - Keys '*' sent to object: 'Object Repository/ADMIN/Edit Text/Bespoke/Buyer Pages/Cart/input_CHANGE_btn_add_cart'

2020-03-20 14:13:58 - [TEST_STEP][PASSED] - sendKeys(findTestObject("ADMIN/Edit Text/Bespoke/Buyer Pages/Cart/input_Sold Out_cart-sub-total"), "*"): Keys '*' sent to object: 'Object Repository/ADMIN/Edit Text/Bespoke/Buyer Pages/Cart/input_Sold Out_cart-sub-total'

2020-03-20 14:13:58 - [MESSAGE][PASSED] - Keys '*' sent to object: 'Object Repository/ADMIN/Edit Text/Bespoke/Buyer Pages/Cart/input_Sold Out_cart-sub-total'

2020-03-20 14:13:58 - [TEST_STEP][PASSED] - sendKeys(findTestObject("ADMIN/Edit Text/Bespoke/Buyer Pages/Cart/input_QTY_cart-qty"), "*"): Keys '*' sent to object: 'Object Repository/ADMIN/Edit Text/Bespoke/Buyer Pages/Cart/input_QTY_cart-qty'

2020-03-20 14:13:58 - [MESSAGE][PASSED] - Keys '*' sent to object: 'Object Repository/ADMIN/Edit Text/Bespoke/Buyer Pages/Cart/input_QTY_cart-qty'

2020-03-20 14:13:58 - [TEST_STEP][PASSED] - sendKeys(findTestObject("ADMIN/Edit Text/Bespoke/Buyer Pages/Cart/input_Sub Total_cart-sub-total"), "*"): Keys '*' sent to object: 'Object Repository/ADMIN/Edit Text/Bespoke/Buyer Pages/Cart/input_Sub Total_cart-sub-total'

2020-03-20 14:13:59 - [MESSAGE][PASSED] - Keys '*' sent to object: 'Object Repository/ADMIN/Edit Text/Bespoke/Buyer Pages/Cart/input_Sub Total_cart-sub-total'

2020-03-20 14:13:59 - [TEST_STEP][PASSED] - sendKeys(findTestObject("ADMIN/Edit Text/Bespoke/Buyer Pages/Cart/input_Delivery Costs_cart-delivery-costs"), "*"): Keys '*' sent to object: 'Object Repository/ADMIN/Edit Text/Bespoke/Buyer Pages/Cart/input_Delivery Costs_cart-delivery-costs'

2020-03-20 14:13:59 - [MESSAGE][PASSED] - Keys '*' sent to object: 'Object Repository/ADMIN/Edit Text/Bespoke/Buyer Pages/Cart/input_Delivery Costs_cart-delivery-costs'

2020-03-20 14:13:59 - [TEST_STEP][PASSED] - sendKeys(findTestObject("ADMIN/Edit Text/Bespoke/Buyer Pages/Cart/input_Bulk Delivery Discount_cart-bulk-delivery-discount"), "*"): Keys '*' sent to object: 'Object Repository/ADMIN/Edit Text/Bespoke/Buyer Pages/Cart/input_Bulk Delivery Discount_cart-bulk-delivery-discount'

2020-03-20 14:13:59 - [MESSAGE][PASSED] - Keys '*' sent to object: 'Object Repository/ADMIN/Edit Text/Bespoke/Buyer Pages/Cart/input_Bulk Delivery Discount_cart-bulk-delivery-discount'

2020-03-20 14:13:59 - [TEST_STEP][PASSED] - sendKeys(findTestObject("ADMIN/Edit Text/Bespoke/Buyer Pages/Cart/input_TOTAL_cart-total"), "*"): Keys '*' sent to object: 'Object Repository/ADMIN/Edit Text/Bespoke/Buyer Pages/Cart/input_TOTAL_cart-total'

2020-03-20 14:13:59 - [MESSAGE][PASSED] - Keys '*' sent to object: 'Object Repository/ADMIN/Edit Text/Bespoke/Buyer Pages/Cart/input_TOTAL_cart-total'

2020-03-20 14:13:59 - [TEST_STEP][PASSED] - sendKeys(findTestObject("ADMIN/Edit Text/Bespoke/Buyer Pages/Cart/input_REMOVE ITEM_popup-title"), "*"): Keys '*' sent to object: 'Object Repository/ADMIN/Edit Text/Bespoke/Buyer Pages/Cart/input_REMOVE ITEM_popup-title'

2020-03-20 14:13:59 - [MESSAGE][PASSED] - Keys '*' sent to object: 'Object Repository/ADMIN/Edit Text/Bespoke/Buyer Pages/Cart/input_REMOVE ITEM_popup-title'

2020-03-20 14:13:59 - [TEST_STEP][PASSED] - sendKeys(findTestObject("ADMIN/Edit Text/Bespoke/Buyer Pages/Cart/textarea_You sure about removing this item from your list (Itll be gone forever)"), "*"): Keys '*' sent to object: 'Object Repository/ADMIN/Edit Text/Bespoke/Buyer Pages/Cart/textarea_You sure about removing this item from your list (Itll be gone forever)'

2020-03-20 14:14:00 - [MESSAGE][PASSED] - Keys '*' sent to object: 'Object Repository/ADMIN/Edit Text/Bespoke/Buyer Pages/Cart/textarea_You sure about removing this item from your list (Itll be gone forever)'

2020-03-20 14:14:00 - [TEST_STEP][PASSED] - sendKeys(findTestObject("ADMIN/Edit Text/Bespoke/Buyer Pages/Cart/input_CANCEL_btn_apply"), "*"): Keys '*' sent to object: 'Object Repository/ADMIN/Edit Text/Bespoke/Buyer Pages/Cart/input_CANCEL_btn_apply'

2020-03-20 14:14:00 - [MESSAGE][PASSED] - Keys '*' sent to object: 'Object Repository/ADMIN/Edit Text/Bespoke/Buyer Pages/Cart/input_CANCEL_btn_apply'

2020-03-20 14:14:00 - [TEST_STEP][PASSED] - sendKeys(findTestObject("ADMIN/Edit Text/Bespoke/Buyer Pages/Cart/input_OKAY_btn_apply"), "*"): Keys '*' sent to object: 'Object Repository/ADMIN/Edit Text/Bespoke/Buyer Pages/Cart/input_OKAY_btn_apply'

2020-03-20 14:14:00 - [MESSAGE][PASSED] - Keys '*' sent to object: 'Object Repository/ADMIN/Edit Text/Bespoke/Buyer Pages/Cart/input_OKAY_btn_apply'

2020-03-20 14:14:00 - [TEST_STEP][PASSED] - sendKeys(findTestObject("ADMIN/Edit Text/Bespoke/Buyer Pages/Cart/input_DELIVERY METHOD_popup-title"), "*"): Keys '*' sent to object: 'Object Repository/ADMIN/Edit Text/Bespoke/Buyer Pages/Cart/input_DELIVERY METHOD_popup-title'

2020-03-20 14:14:00 - [MESSAGE][PASSED] - Keys '*' sent to object: 'Object Repository/ADMIN/Edit Text/Bespoke/Buyer Pages/Cart/input_DELIVERY METHOD_popup-title'

2020-03-20 14:14:00 - [TEST_STEP][PASSED] - sendKeys(findTestObject("ADMIN/Edit Text/Bespoke/Buyer Pages/Cart/input_Choose a delivery method later_popup-title2 (1)"), "*"): Keys '*' sent to object: 'Object Repository/ADMIN/Edit Text/Bespoke/Buyer Pages/Cart/input_Choose a delivery method later_popup-title2 (1)'

2020-03-20 14:14:01 - [MESSAGE][PASSED] - Keys '*' sent to object: 'Object Repository/ADMIN/Edit Text/Bespoke/Buyer Pages/Cart/input_Choose a delivery method later_popup-title2 (1)'

2020-03-20 14:14:01 - [TEST_STEP][PASSED] - sendKeys(findTestObject("ADMIN/Edit Text/Bespoke/Buyer Pages/Cart/input_Delivery_popup-title3"), "*"): Keys '*' sent to object: 'Object Repository/ADMIN/Edit Text/Bespoke/Buyer Pages/Cart/input_Delivery_popup-title3'

2020-03-20 14:14:01 - [MESSAGE][PASSED] - Keys '*' sent to object: 'Object Repository/ADMIN/Edit Text/Bespoke/Buyer Pages/Cart/input_Delivery_popup-title3'

2020-03-20 14:14:01 - [TEST_STEP][PASSED] - sendKeys(findTestObject("ADMIN/Edit Text/Bespoke/Buyer Pages/Cart/input_Pick-up_popup-title4"), "*"): Keys '*' sent to object: 'Object Repository/ADMIN/Edit Text/Bespoke/Buyer Pages/Cart/input_Pick-up_popup-title4'

2020-03-20 14:14:01 - [MESSAGE][PASSED] - Keys '*' sent to object: 'Object Repository/ADMIN/Edit Text/Bespoke/Buyer Pages/Cart/input_Pick-up_popup-title4'

2020-03-20 14:14:01 - [TEST_STEP][PASSED] - sendKeys(findTestObject("ADMIN/Edit Text/Bespoke/Buyer Pages/Cart/input_Apply_btn_apply 2"), "*"): Keys '*' sent to object: 'Object Repository/ADMIN/Edit Text/Bespoke/Buyer Pages/Cart/input_Apply_btn_apply 2'

2020-03-20 14:14:01 - [MESSAGE][PASSED] - Keys '*' sent to object: 'Object Repository/ADMIN/Edit Text/Bespoke/Buyer Pages/Cart/input_Apply_btn_apply 2'

2020-03-20 14:14:01 - [TEST_STEP][PASSED] - sendKeys(findTestObject("ADMIN/Edit Text/Bespoke/Buyer Pages/Cart/input_the following"), "*"): Keys '*' sent to object: 'Object Repository/ADMIN/Edit Text/Bespoke/Buyer Pages/Cart/input_the following'

2020-03-20 14:14:02 - [MESSAGE][PASSED] - Keys '*' sent to object: 'Object Repository/ADMIN/Edit Text/Bespoke/Buyer Pages/Cart/input_the following'

2020-03-20 14:14:02 - [TEST_STEP][PASSED] - sendKeys(findTestObject("ADMIN/Edit Text/Bespoke/Buyer Pages/Cart/textarea_Please select a delivery method for each item before checkout If this problem still persists the item may be no longer available ("), "*"): Keys '*' sent to object: 'Object Repository/ADMIN/Edit Text/Bespoke/Buyer Pages/Cart/textarea_Please select a delivery method for each item before checkout If this problem still persists the item may be no longer available ('

2020-03-20 14:14:02 - [MESSAGE][PASSED] - Keys '*' sent to object: 'Object Repository/ADMIN/Edit Text/Bespoke/Buyer Pages/Cart/textarea_Please select a delivery method for each item before checkout If this problem still persists the item may be no longer available ('

2020-03-20 14:14:02 - [TEST_STEP][PASSED] - sendKeys(findTestObject("ADMIN/Edit Text/Bespoke/Buyer Pages/Cart/input_OKAY_btn_apply - Copy"), "*"): Keys '*' sent to object: 'Object Repository/ADMIN/Edit Text/Bespoke/Buyer Pages/Cart/input_OKAY_btn_apply - Copy'

2020-03-20 14:14:02 - [MESSAGE][PASSED] - Keys '*' sent to object: 'Object Repository/ADMIN/Edit Text/Bespoke/Buyer Pages/Cart/input_OKAY_btn_apply - Copy'

2020-03-20 14:14:02 - [TEST_STEP][PASSED] - click(findTestObject("ADMIN/Edit Text/Bespoke/Buyer Pages/Homepage/button_save"), CONTINUE_ON_FAILURE): Object: 'Object Repository/ADMIN/Edit Text/Bespoke/Buyer Pages/Homepage/button_save' is clicked on

2020-03-20 14:14:02 - [MESSAGE][PASSED] - Object: 'Object Repository/ADMIN/Edit Text/Bespoke/Buyer Pages/Homepage/button_save' is clicked on

2020-03-20 14:14:02 - [TEST_STEP][PASSED] - waitForElementVisible(findTestObject("ADMIN/Edit Text/Bespoke/Buyer Pages/Homepage/toaster_success"), 0): Object 'Object Repository/ADMIN/Edit Text/Bespoke/Buyer Pages/Homepage/toaster_success' is visible

2020-03-20 14:14:02 - [MESSAGE][WARNING] - Timeout '0' is invalid. Using default page load timeout: '30'

2020-03-20 14:14:03 - [MESSAGE][PASSED] - Object 'Object Repository/ADMIN/Edit Text/Bespoke/Buyer Pages/Homepage/toaster_success' is visible]]></system-out>
         <system-err><![CDATA[]]></system-err>
      </testcase>
      <testcase name="Test Cases/ADMIN/Language/Edit Text/Bespoke/Buyer Pages/Cart" time="9.006" classname="Test Cases/ADMIN/Language/Edit Text/Bespoke/Buyer Pages/Cart" status="PASSED">
         <system-out><![CDATA[2020-03-20 14:14:03 - [TEST_CASE][PASSED] - Test Cases/ADMIN/Language/Edit Text/Bespoke/Buyer Pages/Cart: Test Cases/ADMIN/Language/Edit Text/Bespoke/Buyer Pages/Cart

2020-03-20 14:14:03 - [TEST_STEP][PASSED] - waitForElementVisible(findTestObject("ADMIN/Edit Text/Bespoke/Buyer Navigation/dd_language"), 0): Object 'Object Repository/ADMIN/Edit Text/Bespoke/Buyer Navigation/dd_language' is visible

2020-03-20 14:14:03 - [MESSAGE][WARNING] - Timeout '0' is invalid. Using default page load timeout: '30'

2020-03-20 14:14:03 - [MESSAGE][PASSED] - Object 'Object Repository/ADMIN/Edit Text/Bespoke/Buyer Navigation/dd_language' is visible

2020-03-20 14:14:03 - [TEST_STEP][PASSED] - selectOptionByLabel(findTestObject("ADMIN/Edit Text/Bespoke/Buyer Navigation/dd_language"), varLanguage, false): All options with label 'Spanish' are selected in object 'Object Repository/ADMIN/Edit Text/Bespoke/Buyer Navigation/dd_language' 

2020-03-20 14:14:04 - [MESSAGE][PASSED] - All options with label 'Spanish' are selected in object 'Object Repository/ADMIN/Edit Text/Bespoke/Buyer Navigation/dd_language' 

2020-03-20 14:14:04 - [TEST_STEP][PASSED] - sendKeys(findTestObject("ADMIN/Edit Text/Bespoke/Buyer Pages/Cart/input_MY CART_my-cart"), "*"): Keys '*' sent to object: 'Object Repository/ADMIN/Edit Text/Bespoke/Buyer Pages/Cart/input_MY CART_my-cart'

2020-03-20 14:14:05 - [MESSAGE][PASSED] - Keys '*' sent to object: 'Object Repository/ADMIN/Edit Text/Bespoke/Buyer Pages/Cart/input_MY CART_my-cart'

2020-03-20 14:14:05 - [TEST_STEP][PASSED] - sendKeys(findTestObject("ADMIN/Edit Text/Bespoke/Buyer Pages/Cart/input_It seems like your cart is empty_my-cart-empty-msg"), "*"): Keys '*' sent to object: 'Object Repository/ADMIN/Edit Text/Bespoke/Buyer Pages/Cart/input_It seems like your cart is empty_my-cart-empty-msg'

2020-03-20 14:14:05 - [MESSAGE][PASSED] - Keys '*' sent to object: 'Object Repository/ADMIN/Edit Text/Bespoke/Buyer Pages/Cart/input_It seems like your cart is empty_my-cart-empty-msg'

2020-03-20 14:14:05 - [TEST_STEP][PASSED] - sendKeys(findTestObject("ADMIN/Edit Text/Bespoke/Buyer Pages/Cart/input_Start searching and adding_my-cart-start-search-add"), "*"): Keys '*' sent to object: 'Object Repository/ADMIN/Edit Text/Bespoke/Buyer Pages/Cart/input_Start searching and adding_my-cart-start-search-add'

2020-03-20 14:14:05 - [MESSAGE][PASSED] - Keys '*' sent to object: 'Object Repository/ADMIN/Edit Text/Bespoke/Buyer Pages/Cart/input_Start searching and adding_my-cart-start-search-add'

2020-03-20 14:14:05 - [TEST_STEP][PASSED] - sendKeys(findTestObject("ADMIN/Edit Text/Bespoke/Buyer Pages/Cart/input_CONTINUE SHOPPING_btn_add_cart"), "*"): Keys '*' sent to object: 'Object Repository/ADMIN/Edit Text/Bespoke/Buyer Pages/Cart/input_CONTINUE SHOPPING_btn_add_cart'

2020-03-20 14:14:05 - [MESSAGE][PASSED] - Keys '*' sent to object: 'Object Repository/ADMIN/Edit Text/Bespoke/Buyer Pages/Cart/input_CONTINUE SHOPPING_btn_add_cart'

2020-03-20 14:14:05 - [TEST_STEP][PASSED] - sendKeys(findTestObject("ADMIN/Edit Text/Bespoke/Buyer Pages/Cart/input_CHECKOUT_btn_add_cart"), "*"): Keys '*' sent to object: 'Object Repository/ADMIN/Edit Text/Bespoke/Buyer Pages/Cart/input_CHECKOUT_btn_add_cart'

2020-03-20 14:14:05 - [MESSAGE][PASSED] - Keys '*' sent to object: 'Object Repository/ADMIN/Edit Text/Bespoke/Buyer Pages/Cart/input_CHECKOUT_btn_add_cart'

2020-03-20 14:14:05 - [TEST_STEP][PASSED] - sendKeys(findTestObject("ADMIN/Edit Text/Bespoke/Buyer Pages/Cart/input_Select Delivery Option_delivery-option-text"), "*"): Keys '*' sent to object: 'Object Repository/ADMIN/Edit Text/Bespoke/Buyer Pages/Cart/input_Select Delivery Option_delivery-option-text'

2020-03-20 14:14:06 - [MESSAGE][PASSED] - Keys '*' sent to object: 'Object Repository/ADMIN/Edit Text/Bespoke/Buyer Pages/Cart/input_Select Delivery Option_delivery-option-text'

2020-03-20 14:14:06 - [TEST_STEP][PASSED] - sendKeys(findTestObject("ADMIN/Edit Text/Bespoke/Buyer Pages/Cart/input_Choose one_delivery-start-text"), "*"): Keys '*' sent to object: 'Object Repository/ADMIN/Edit Text/Bespoke/Buyer Pages/Cart/input_Choose one_delivery-start-text'

2020-03-20 14:14:06 - [MESSAGE][PASSED] - Keys '*' sent to object: 'Object Repository/ADMIN/Edit Text/Bespoke/Buyer Pages/Cart/input_Choose one_delivery-start-text'

2020-03-20 14:14:06 - [TEST_STEP][PASSED] - sendKeys(findTestObject("ADMIN/Edit Text/Bespoke/Buyer Pages/Cart/input_Delivery_delivery-text"), "*"): Keys '*' sent to object: 'Object Repository/ADMIN/Edit Text/Bespoke/Buyer Pages/Cart/input_Delivery_delivery-text'

2020-03-20 14:14:06 - [MESSAGE][PASSED] - Keys '*' sent to object: 'Object Repository/ADMIN/Edit Text/Bespoke/Buyer Pages/Cart/input_Delivery_delivery-text'

2020-03-20 14:14:06 - [TEST_STEP][PASSED] - sendKeys(findTestObject("ADMIN/Edit Text/Bespoke/Buyer Pages/Cart/input_Pick-up_pickup-text"), "*"): Keys '*' sent to object: 'Object Repository/ADMIN/Edit Text/Bespoke/Buyer Pages/Cart/input_Pick-up_pickup-text'

2020-03-20 14:14:06 - [MESSAGE][PASSED] - Keys '*' sent to object: 'Object Repository/ADMIN/Edit Text/Bespoke/Buyer Pages/Cart/input_Pick-up_pickup-text'

2020-03-20 14:14:06 - [TEST_STEP][PASSED] - sendKeys(findTestObject("ADMIN/Edit Text/Bespoke/Buyer Pages/Cart/input_CHANGE_btn_add_cart"), "*"): Keys '*' sent to object: 'Object Repository/ADMIN/Edit Text/Bespoke/Buyer Pages/Cart/input_CHANGE_btn_add_cart'

2020-03-20 14:14:06 - [MESSAGE][PASSED] - Keys '*' sent to object: 'Object Repository/ADMIN/Edit Text/Bespoke/Buyer Pages/Cart/input_CHANGE_btn_add_cart'

2020-03-20 14:14:06 - [TEST_STEP][PASSED] - sendKeys(findTestObject("ADMIN/Edit Text/Bespoke/Buyer Pages/Cart/input_Sold Out_cart-sub-total"), "*"): Keys '*' sent to object: 'Object Repository/ADMIN/Edit Text/Bespoke/Buyer Pages/Cart/input_Sold Out_cart-sub-total'

2020-03-20 14:14:07 - [MESSAGE][PASSED] - Keys '*' sent to object: 'Object Repository/ADMIN/Edit Text/Bespoke/Buyer Pages/Cart/input_Sold Out_cart-sub-total'

2020-03-20 14:14:07 - [TEST_STEP][PASSED] - sendKeys(findTestObject("ADMIN/Edit Text/Bespoke/Buyer Pages/Cart/input_QTY_cart-qty"), "*"): Keys '*' sent to object: 'Object Repository/ADMIN/Edit Text/Bespoke/Buyer Pages/Cart/input_QTY_cart-qty'

2020-03-20 14:14:07 - [MESSAGE][PASSED] - Keys '*' sent to object: 'Object Repository/ADMIN/Edit Text/Bespoke/Buyer Pages/Cart/input_QTY_cart-qty'

2020-03-20 14:14:07 - [TEST_STEP][PASSED] - sendKeys(findTestObject("ADMIN/Edit Text/Bespoke/Buyer Pages/Cart/input_Sub Total_cart-sub-total"), "*"): Keys '*' sent to object: 'Object Repository/ADMIN/Edit Text/Bespoke/Buyer Pages/Cart/input_Sub Total_cart-sub-total'

2020-03-20 14:14:08 - [MESSAGE][PASSED] - Keys '*' sent to object: 'Object Repository/ADMIN/Edit Text/Bespoke/Buyer Pages/Cart/input_Sub Total_cart-sub-total'

2020-03-20 14:14:08 - [TEST_STEP][PASSED] - sendKeys(findTestObject("ADMIN/Edit Text/Bespoke/Buyer Pages/Cart/input_Delivery Costs_cart-delivery-costs"), "*"): Keys '*' sent to object: 'Object Repository/ADMIN/Edit Text/Bespoke/Buyer Pages/Cart/input_Delivery Costs_cart-delivery-costs'

2020-03-20 14:14:08 - [MESSAGE][PASSED] - Keys '*' sent to object: 'Object Repository/ADMIN/Edit Text/Bespoke/Buyer Pages/Cart/input_Delivery Costs_cart-delivery-costs'

2020-03-20 14:14:08 - [TEST_STEP][PASSED] - sendKeys(findTestObject("ADMIN/Edit Text/Bespoke/Buyer Pages/Cart/input_Bulk Delivery Discount_cart-bulk-delivery-discount"), "*"): Keys '*' sent to object: 'Object Repository/ADMIN/Edit Text/Bespoke/Buyer Pages/Cart/input_Bulk Delivery Discount_cart-bulk-delivery-discount'

2020-03-20 14:14:08 - [MESSAGE][PASSED] - Keys '*' sent to object: 'Object Repository/ADMIN/Edit Text/Bespoke/Buyer Pages/Cart/input_Bulk Delivery Discount_cart-bulk-delivery-discount'

2020-03-20 14:14:08 - [TEST_STEP][PASSED] - sendKeys(findTestObject("ADMIN/Edit Text/Bespoke/Buyer Pages/Cart/input_TOTAL_cart-total"), "*"): Keys '*' sent to object: 'Object Repository/ADMIN/Edit Text/Bespoke/Buyer Pages/Cart/input_TOTAL_cart-total'

2020-03-20 14:14:08 - [MESSAGE][PASSED] - Keys '*' sent to object: 'Object Repository/ADMIN/Edit Text/Bespoke/Buyer Pages/Cart/input_TOTAL_cart-total'

2020-03-20 14:14:08 - [TEST_STEP][PASSED] - sendKeys(findTestObject("ADMIN/Edit Text/Bespoke/Buyer Pages/Cart/input_REMOVE ITEM_popup-title"), "*"): Keys '*' sent to object: 'Object Repository/ADMIN/Edit Text/Bespoke/Buyer Pages/Cart/input_REMOVE ITEM_popup-title'

2020-03-20 14:14:09 - [MESSAGE][PASSED] - Keys '*' sent to object: 'Object Repository/ADMIN/Edit Text/Bespoke/Buyer Pages/Cart/input_REMOVE ITEM_popup-title'

2020-03-20 14:14:09 - [TEST_STEP][PASSED] - sendKeys(findTestObject("ADMIN/Edit Text/Bespoke/Buyer Pages/Cart/textarea_You sure about removing this item from your list (Itll be gone forever)"), "*"): Keys '*' sent to object: 'Object Repository/ADMIN/Edit Text/Bespoke/Buyer Pages/Cart/textarea_You sure about removing this item from your list (Itll be gone forever)'

2020-03-20 14:14:09 - [MESSAGE][PASSED] - Keys '*' sent to object: 'Object Repository/ADMIN/Edit Text/Bespoke/Buyer Pages/Cart/textarea_You sure about removing this item from your list (Itll be gone forever)'

2020-03-20 14:14:09 - [TEST_STEP][PASSED] - sendKeys(findTestObject("ADMIN/Edit Text/Bespoke/Buyer Pages/Cart/input_CANCEL_btn_apply"), "*"): Keys '*' sent to object: 'Object Repository/ADMIN/Edit Text/Bespoke/Buyer Pages/Cart/input_CANCEL_btn_apply'

2020-03-20 14:14:09 - [MESSAGE][PASSED] - Keys '*' sent to object: 'Object Repository/ADMIN/Edit Text/Bespoke/Buyer Pages/Cart/input_CANCEL_btn_apply'

2020-03-20 14:14:09 - [TEST_STEP][PASSED] - sendKeys(findTestObject("ADMIN/Edit Text/Bespoke/Buyer Pages/Cart/input_OKAY_btn_apply"), "*"): Keys '*' sent to object: 'Object Repository/ADMIN/Edit Text/Bespoke/Buyer Pages/Cart/input_OKAY_btn_apply'

2020-03-20 14:14:09 - [MESSAGE][PASSED] - Keys '*' sent to object: 'Object Repository/ADMIN/Edit Text/Bespoke/Buyer Pages/Cart/input_OKAY_btn_apply'

2020-03-20 14:14:09 - [TEST_STEP][PASSED] - sendKeys(findTestObject("ADMIN/Edit Text/Bespoke/Buyer Pages/Cart/input_DELIVERY METHOD_popup-title"), "*"): Keys '*' sent to object: 'Object Repository/ADMIN/Edit Text/Bespoke/Buyer Pages/Cart/input_DELIVERY METHOD_popup-title'

2020-03-20 14:14:10 - [MESSAGE][PASSED] - Keys '*' sent to object: 'Object Repository/ADMIN/Edit Text/Bespoke/Buyer Pages/Cart/input_DELIVERY METHOD_popup-title'

2020-03-20 14:14:10 - [TEST_STEP][PASSED] - sendKeys(findTestObject("ADMIN/Edit Text/Bespoke/Buyer Pages/Cart/input_Choose a delivery method later_popup-title2 (1)"), "*"): Keys '*' sent to object: 'Object Repository/ADMIN/Edit Text/Bespoke/Buyer Pages/Cart/input_Choose a delivery method later_popup-title2 (1)'

2020-03-20 14:14:10 - [MESSAGE][PASSED] - Keys '*' sent to object: 'Object Repository/ADMIN/Edit Text/Bespoke/Buyer Pages/Cart/input_Choose a delivery method later_popup-title2 (1)'

2020-03-20 14:14:10 - [TEST_STEP][PASSED] - sendKeys(findTestObject("ADMIN/Edit Text/Bespoke/Buyer Pages/Cart/input_Delivery_popup-title3"), "*"): Keys '*' sent to object: 'Object Repository/ADMIN/Edit Text/Bespoke/Buyer Pages/Cart/input_Delivery_popup-title3'

2020-03-20 14:14:10 - [MESSAGE][PASSED] - Keys '*' sent to object: 'Object Repository/ADMIN/Edit Text/Bespoke/Buyer Pages/Cart/input_Delivery_popup-title3'

2020-03-20 14:14:10 - [TEST_STEP][PASSED] - sendKeys(findTestObject("ADMIN/Edit Text/Bespoke/Buyer Pages/Cart/input_Pick-up_popup-title4"), "*"): Keys '*' sent to object: 'Object Repository/ADMIN/Edit Text/Bespoke/Buyer Pages/Cart/input_Pick-up_popup-title4'

2020-03-20 14:14:10 - [MESSAGE][PASSED] - Keys '*' sent to object: 'Object Repository/ADMIN/Edit Text/Bespoke/Buyer Pages/Cart/input_Pick-up_popup-title4'

2020-03-20 14:14:10 - [TEST_STEP][PASSED] - sendKeys(findTestObject("ADMIN/Edit Text/Bespoke/Buyer Pages/Cart/input_Apply_btn_apply 2"), "*"): Keys '*' sent to object: 'Object Repository/ADMIN/Edit Text/Bespoke/Buyer Pages/Cart/input_Apply_btn_apply 2'

2020-03-20 14:14:10 - [MESSAGE][PASSED] - Keys '*' sent to object: 'Object Repository/ADMIN/Edit Text/Bespoke/Buyer Pages/Cart/input_Apply_btn_apply 2'

2020-03-20 14:14:10 - [TEST_STEP][PASSED] - sendKeys(findTestObject("ADMIN/Edit Text/Bespoke/Buyer Pages/Cart/input_the following"), "*"): Keys '*' sent to object: 'Object Repository/ADMIN/Edit Text/Bespoke/Buyer Pages/Cart/input_the following'

2020-03-20 14:14:11 - [MESSAGE][PASSED] - Keys '*' sent to object: 'Object Repository/ADMIN/Edit Text/Bespoke/Buyer Pages/Cart/input_the following'

2020-03-20 14:14:11 - [TEST_STEP][PASSED] - sendKeys(findTestObject("ADMIN/Edit Text/Bespoke/Buyer Pages/Cart/textarea_Please select a delivery method for each item before checkout If this problem still persists the item may be no longer available ("), "*"): Keys '*' sent to object: 'Object Repository/ADMIN/Edit Text/Bespoke/Buyer Pages/Cart/textarea_Please select a delivery method for each item before checkout If this problem still persists the item may be no longer available ('

2020-03-20 14:14:11 - [MESSAGE][PASSED] - Keys '*' sent to object: 'Object Repository/ADMIN/Edit Text/Bespoke/Buyer Pages/Cart/textarea_Please select a delivery method for each item before checkout If this problem still persists the item may be no longer available ('

2020-03-20 14:14:11 - [TEST_STEP][PASSED] - sendKeys(findTestObject("ADMIN/Edit Text/Bespoke/Buyer Pages/Cart/input_OKAY_btn_apply - Copy"), "*"): Keys '*' sent to object: 'Object Repository/ADMIN/Edit Text/Bespoke/Buyer Pages/Cart/input_OKAY_btn_apply - Copy'

2020-03-20 14:14:11 - [MESSAGE][PASSED] - Keys '*' sent to object: 'Object Repository/ADMIN/Edit Text/Bespoke/Buyer Pages/Cart/input_OKAY_btn_apply - Copy'

2020-03-20 14:14:11 - [TEST_STEP][PASSED] - click(findTestObject("ADMIN/Edit Text/Bespoke/Buyer Pages/Homepage/button_save"), CONTINUE_ON_FAILURE): Object: 'Object Repository/ADMIN/Edit Text/Bespoke/Buyer Pages/Homepage/button_save' is clicked on

2020-03-20 14:14:11 - [MESSAGE][PASSED] - Object: 'Object Repository/ADMIN/Edit Text/Bespoke/Buyer Pages/Homepage/button_save' is clicked on

2020-03-20 14:14:11 - [TEST_STEP][PASSED] - waitForElementVisible(findTestObject("ADMIN/Edit Text/Bespoke/Buyer Pages/Homepage/toaster_success"), 0): Object 'Object Repository/ADMIN/Edit Text/Bespoke/Buyer Pages/Homepage/toaster_success' is visible

2020-03-20 14:14:11 - [MESSAGE][WARNING] - Timeout '0' is invalid. Using default page load timeout: '30'

2020-03-20 14:14:12 - [MESSAGE][PASSED] - Object 'Object Repository/ADMIN/Edit Text/Bespoke/Buyer Pages/Homepage/toaster_success' is visible]]></system-out>
         <system-err><![CDATA[]]></system-err>
      </testcase>
      <testcase name="Test Cases/ADMIN/Language/Edit Text/Bespoke/Buyer Pages/Cart" time="9.34" classname="Test Cases/ADMIN/Language/Edit Text/Bespoke/Buyer Pages/Cart" status="PASSED">
         <system-out><![CDATA[2020-03-20 14:14:12 - [TEST_CASE][PASSED] - Test Cases/ADMIN/Language/Edit Text/Bespoke/Buyer Pages/Cart: Test Cases/ADMIN/Language/Edit Text/Bespoke/Buyer Pages/Cart

2020-03-20 14:14:12 - [TEST_STEP][PASSED] - waitForElementVisible(findTestObject("ADMIN/Edit Text/Bespoke/Buyer Navigation/dd_language"), 0): Object 'Object Repository/ADMIN/Edit Text/Bespoke/Buyer Navigation/dd_language' is visible

2020-03-20 14:14:12 - [MESSAGE][WARNING] - Timeout '0' is invalid. Using default page load timeout: '30'

2020-03-20 14:14:12 - [MESSAGE][PASSED] - Object 'Object Repository/ADMIN/Edit Text/Bespoke/Buyer Navigation/dd_language' is visible

2020-03-20 14:14:12 - [TEST_STEP][PASSED] - selectOptionByLabel(findTestObject("ADMIN/Edit Text/Bespoke/Buyer Navigation/dd_language"), varLanguage, false): All options with label 'Hindi' are selected in object 'Object Repository/ADMIN/Edit Text/Bespoke/Buyer Navigation/dd_language' 

2020-03-20 14:14:14 - [MESSAGE][PASSED] - All options with label 'Hindi' are selected in object 'Object Repository/ADMIN/Edit Text/Bespoke/Buyer Navigation/dd_language' 

2020-03-20 14:14:14 - [TEST_STEP][PASSED] - sendKeys(findTestObject("ADMIN/Edit Text/Bespoke/Buyer Pages/Cart/input_MY CART_my-cart"), "*"): Keys '*' sent to object: 'Object Repository/ADMIN/Edit Text/Bespoke/Buyer Pages/Cart/input_MY CART_my-cart'

2020-03-20 14:14:14 - [MESSAGE][PASSED] - Keys '*' sent to object: 'Object Repository/ADMIN/Edit Text/Bespoke/Buyer Pages/Cart/input_MY CART_my-cart'

2020-03-20 14:14:14 - [TEST_STEP][PASSED] - sendKeys(findTestObject("ADMIN/Edit Text/Bespoke/Buyer Pages/Cart/input_It seems like your cart is empty_my-cart-empty-msg"), "*"): Keys '*' sent to object: 'Object Repository/ADMIN/Edit Text/Bespoke/Buyer Pages/Cart/input_It seems like your cart is empty_my-cart-empty-msg'

2020-03-20 14:14:14 - [MESSAGE][PASSED] - Keys '*' sent to object: 'Object Repository/ADMIN/Edit Text/Bespoke/Buyer Pages/Cart/input_It seems like your cart is empty_my-cart-empty-msg'

2020-03-20 14:14:14 - [TEST_STEP][PASSED] - sendKeys(findTestObject("ADMIN/Edit Text/Bespoke/Buyer Pages/Cart/input_Start searching and adding_my-cart-start-search-add"), "*"): Keys '*' sent to object: 'Object Repository/ADMIN/Edit Text/Bespoke/Buyer Pages/Cart/input_Start searching and adding_my-cart-start-search-add'

2020-03-20 14:14:15 - [MESSAGE][PASSED] - Keys '*' sent to object: 'Object Repository/ADMIN/Edit Text/Bespoke/Buyer Pages/Cart/input_Start searching and adding_my-cart-start-search-add'

2020-03-20 14:14:15 - [TEST_STEP][PASSED] - sendKeys(findTestObject("ADMIN/Edit Text/Bespoke/Buyer Pages/Cart/input_CONTINUE SHOPPING_btn_add_cart"), "*"): Keys '*' sent to object: 'Object Repository/ADMIN/Edit Text/Bespoke/Buyer Pages/Cart/input_CONTINUE SHOPPING_btn_add_cart'

2020-03-20 14:14:15 - [MESSAGE][PASSED] - Keys '*' sent to object: 'Object Repository/ADMIN/Edit Text/Bespoke/Buyer Pages/Cart/input_CONTINUE SHOPPING_btn_add_cart'

2020-03-20 14:14:15 - [TEST_STEP][PASSED] - sendKeys(findTestObject("ADMIN/Edit Text/Bespoke/Buyer Pages/Cart/input_CHECKOUT_btn_add_cart"), "*"): Keys '*' sent to object: 'Object Repository/ADMIN/Edit Text/Bespoke/Buyer Pages/Cart/input_CHECKOUT_btn_add_cart'

2020-03-20 14:14:15 - [MESSAGE][PASSED] - Keys '*' sent to object: 'Object Repository/ADMIN/Edit Text/Bespoke/Buyer Pages/Cart/input_CHECKOUT_btn_add_cart'

2020-03-20 14:14:15 - [TEST_STEP][PASSED] - sendKeys(findTestObject("ADMIN/Edit Text/Bespoke/Buyer Pages/Cart/input_Select Delivery Option_delivery-option-text"), "*"): Keys '*' sent to object: 'Object Repository/ADMIN/Edit Text/Bespoke/Buyer Pages/Cart/input_Select Delivery Option_delivery-option-text'

2020-03-20 14:14:15 - [MESSAGE][PASSED] - Keys '*' sent to object: 'Object Repository/ADMIN/Edit Text/Bespoke/Buyer Pages/Cart/input_Select Delivery Option_delivery-option-text'

2020-03-20 14:14:15 - [TEST_STEP][PASSED] - sendKeys(findTestObject("ADMIN/Edit Text/Bespoke/Buyer Pages/Cart/input_Choose one_delivery-start-text"), "*"): Keys '*' sent to object: 'Object Repository/ADMIN/Edit Text/Bespoke/Buyer Pages/Cart/input_Choose one_delivery-start-text'

2020-03-20 14:14:16 - [MESSAGE][PASSED] - Keys '*' sent to object: 'Object Repository/ADMIN/Edit Text/Bespoke/Buyer Pages/Cart/input_Choose one_delivery-start-text'

2020-03-20 14:14:16 - [TEST_STEP][PASSED] - sendKeys(findTestObject("ADMIN/Edit Text/Bespoke/Buyer Pages/Cart/input_Delivery_delivery-text"), "*"): Keys '*' sent to object: 'Object Repository/ADMIN/Edit Text/Bespoke/Buyer Pages/Cart/input_Delivery_delivery-text'

2020-03-20 14:14:16 - [MESSAGE][PASSED] - Keys '*' sent to object: 'Object Repository/ADMIN/Edit Text/Bespoke/Buyer Pages/Cart/input_Delivery_delivery-text'

2020-03-20 14:14:16 - [TEST_STEP][PASSED] - sendKeys(findTestObject("ADMIN/Edit Text/Bespoke/Buyer Pages/Cart/input_Pick-up_pickup-text"), "*"): Keys '*' sent to object: 'Object Repository/ADMIN/Edit Text/Bespoke/Buyer Pages/Cart/input_Pick-up_pickup-text'

2020-03-20 14:14:16 - [MESSAGE][PASSED] - Keys '*' sent to object: 'Object Repository/ADMIN/Edit Text/Bespoke/Buyer Pages/Cart/input_Pick-up_pickup-text'

2020-03-20 14:14:16 - [TEST_STEP][PASSED] - sendKeys(findTestObject("ADMIN/Edit Text/Bespoke/Buyer Pages/Cart/input_CHANGE_btn_add_cart"), "*"): Keys '*' sent to object: 'Object Repository/ADMIN/Edit Text/Bespoke/Buyer Pages/Cart/input_CHANGE_btn_add_cart'

2020-03-20 14:14:16 - [MESSAGE][PASSED] - Keys '*' sent to object: 'Object Repository/ADMIN/Edit Text/Bespoke/Buyer Pages/Cart/input_CHANGE_btn_add_cart'

2020-03-20 14:14:16 - [TEST_STEP][PASSED] - sendKeys(findTestObject("ADMIN/Edit Text/Bespoke/Buyer Pages/Cart/input_Sold Out_cart-sub-total"), "*"): Keys '*' sent to object: 'Object Repository/ADMIN/Edit Text/Bespoke/Buyer Pages/Cart/input_Sold Out_cart-sub-total'

2020-03-20 14:14:17 - [MESSAGE][PASSED] - Keys '*' sent to object: 'Object Repository/ADMIN/Edit Text/Bespoke/Buyer Pages/Cart/input_Sold Out_cart-sub-total'

2020-03-20 14:14:17 - [TEST_STEP][PASSED] - sendKeys(findTestObject("ADMIN/Edit Text/Bespoke/Buyer Pages/Cart/input_QTY_cart-qty"), "*"): Keys '*' sent to object: 'Object Repository/ADMIN/Edit Text/Bespoke/Buyer Pages/Cart/input_QTY_cart-qty'

2020-03-20 14:14:17 - [MESSAGE][PASSED] - Keys '*' sent to object: 'Object Repository/ADMIN/Edit Text/Bespoke/Buyer Pages/Cart/input_QTY_cart-qty'

2020-03-20 14:14:17 - [TEST_STEP][PASSED] - sendKeys(findTestObject("ADMIN/Edit Text/Bespoke/Buyer Pages/Cart/input_Sub Total_cart-sub-total"), "*"): Keys '*' sent to object: 'Object Repository/ADMIN/Edit Text/Bespoke/Buyer Pages/Cart/input_Sub Total_cart-sub-total'

2020-03-20 14:14:17 - [MESSAGE][PASSED] - Keys '*' sent to object: 'Object Repository/ADMIN/Edit Text/Bespoke/Buyer Pages/Cart/input_Sub Total_cart-sub-total'

2020-03-20 14:14:17 - [TEST_STEP][PASSED] - sendKeys(findTestObject("ADMIN/Edit Text/Bespoke/Buyer Pages/Cart/input_Delivery Costs_cart-delivery-costs"), "*"): Keys '*' sent to object: 'Object Repository/ADMIN/Edit Text/Bespoke/Buyer Pages/Cart/input_Delivery Costs_cart-delivery-costs'

2020-03-20 14:14:17 - [MESSAGE][PASSED] - Keys '*' sent to object: 'Object Repository/ADMIN/Edit Text/Bespoke/Buyer Pages/Cart/input_Delivery Costs_cart-delivery-costs'

2020-03-20 14:14:17 - [TEST_STEP][PASSED] - sendKeys(findTestObject("ADMIN/Edit Text/Bespoke/Buyer Pages/Cart/input_Bulk Delivery Discount_cart-bulk-delivery-discount"), "*"): Keys '*' sent to object: 'Object Repository/ADMIN/Edit Text/Bespoke/Buyer Pages/Cart/input_Bulk Delivery Discount_cart-bulk-delivery-discount'

2020-03-20 14:14:18 - [MESSAGE][PASSED] - Keys '*' sent to object: 'Object Repository/ADMIN/Edit Text/Bespoke/Buyer Pages/Cart/input_Bulk Delivery Discount_cart-bulk-delivery-discount'

2020-03-20 14:14:18 - [TEST_STEP][PASSED] - sendKeys(findTestObject("ADMIN/Edit Text/Bespoke/Buyer Pages/Cart/input_TOTAL_cart-total"), "*"): Keys '*' sent to object: 'Object Repository/ADMIN/Edit Text/Bespoke/Buyer Pages/Cart/input_TOTAL_cart-total'

2020-03-20 14:14:18 - [MESSAGE][PASSED] - Keys '*' sent to object: 'Object Repository/ADMIN/Edit Text/Bespoke/Buyer Pages/Cart/input_TOTAL_cart-total'

2020-03-20 14:14:18 - [TEST_STEP][PASSED] - sendKeys(findTestObject("ADMIN/Edit Text/Bespoke/Buyer Pages/Cart/input_REMOVE ITEM_popup-title"), "*"): Keys '*' sent to object: 'Object Repository/ADMIN/Edit Text/Bespoke/Buyer Pages/Cart/input_REMOVE ITEM_popup-title'

2020-03-20 14:14:18 - [MESSAGE][PASSED] - Keys '*' sent to object: 'Object Repository/ADMIN/Edit Text/Bespoke/Buyer Pages/Cart/input_REMOVE ITEM_popup-title'

2020-03-20 14:14:18 - [TEST_STEP][PASSED] - sendKeys(findTestObject("ADMIN/Edit Text/Bespoke/Buyer Pages/Cart/textarea_You sure about removing this item from your list (Itll be gone forever)"), "*"): Keys '*' sent to object: 'Object Repository/ADMIN/Edit Text/Bespoke/Buyer Pages/Cart/textarea_You sure about removing this item from your list (Itll be gone forever)'

2020-03-20 14:14:18 - [MESSAGE][PASSED] - Keys '*' sent to object: 'Object Repository/ADMIN/Edit Text/Bespoke/Buyer Pages/Cart/textarea_You sure about removing this item from your list (Itll be gone forever)'

2020-03-20 14:14:18 - [TEST_STEP][PASSED] - sendKeys(findTestObject("ADMIN/Edit Text/Bespoke/Buyer Pages/Cart/input_CANCEL_btn_apply"), "*"): Keys '*' sent to object: 'Object Repository/ADMIN/Edit Text/Bespoke/Buyer Pages/Cart/input_CANCEL_btn_apply'

2020-03-20 14:14:18 - [MESSAGE][PASSED] - Keys '*' sent to object: 'Object Repository/ADMIN/Edit Text/Bespoke/Buyer Pages/Cart/input_CANCEL_btn_apply'

2020-03-20 14:14:18 - [TEST_STEP][PASSED] - sendKeys(findTestObject("ADMIN/Edit Text/Bespoke/Buyer Pages/Cart/input_OKAY_btn_apply"), "*"): Keys '*' sent to object: 'Object Repository/ADMIN/Edit Text/Bespoke/Buyer Pages/Cart/input_OKAY_btn_apply'

2020-03-20 14:14:18 - [MESSAGE][PASSED] - Keys '*' sent to object: 'Object Repository/ADMIN/Edit Text/Bespoke/Buyer Pages/Cart/input_OKAY_btn_apply'

2020-03-20 14:14:18 - [TEST_STEP][PASSED] - sendKeys(findTestObject("ADMIN/Edit Text/Bespoke/Buyer Pages/Cart/input_DELIVERY METHOD_popup-title"), "*"): Keys '*' sent to object: 'Object Repository/ADMIN/Edit Text/Bespoke/Buyer Pages/Cart/input_DELIVERY METHOD_popup-title'

2020-03-20 14:14:19 - [MESSAGE][PASSED] - Keys '*' sent to object: 'Object Repository/ADMIN/Edit Text/Bespoke/Buyer Pages/Cart/input_DELIVERY METHOD_popup-title'

2020-03-20 14:14:19 - [TEST_STEP][PASSED] - sendKeys(findTestObject("ADMIN/Edit Text/Bespoke/Buyer Pages/Cart/input_Choose a delivery method later_popup-title2 (1)"), "*"): Keys '*' sent to object: 'Object Repository/ADMIN/Edit Text/Bespoke/Buyer Pages/Cart/input_Choose a delivery method later_popup-title2 (1)'

2020-03-20 14:14:19 - [MESSAGE][PASSED] - Keys '*' sent to object: 'Object Repository/ADMIN/Edit Text/Bespoke/Buyer Pages/Cart/input_Choose a delivery method later_popup-title2 (1)'

2020-03-20 14:14:19 - [TEST_STEP][PASSED] - sendKeys(findTestObject("ADMIN/Edit Text/Bespoke/Buyer Pages/Cart/input_Delivery_popup-title3"), "*"): Keys '*' sent to object: 'Object Repository/ADMIN/Edit Text/Bespoke/Buyer Pages/Cart/input_Delivery_popup-title3'

2020-03-20 14:14:19 - [MESSAGE][PASSED] - Keys '*' sent to object: 'Object Repository/ADMIN/Edit Text/Bespoke/Buyer Pages/Cart/input_Delivery_popup-title3'

2020-03-20 14:14:19 - [TEST_STEP][PASSED] - sendKeys(findTestObject("ADMIN/Edit Text/Bespoke/Buyer Pages/Cart/input_Pick-up_popup-title4"), "*"): Keys '*' sent to object: 'Object Repository/ADMIN/Edit Text/Bespoke/Buyer Pages/Cart/input_Pick-up_popup-title4'

2020-03-20 14:14:19 - [MESSAGE][PASSED] - Keys '*' sent to object: 'Object Repository/ADMIN/Edit Text/Bespoke/Buyer Pages/Cart/input_Pick-up_popup-title4'

2020-03-20 14:14:19 - [TEST_STEP][PASSED] - sendKeys(findTestObject("ADMIN/Edit Text/Bespoke/Buyer Pages/Cart/input_Apply_btn_apply 2"), "*"): Keys '*' sent to object: 'Object Repository/ADMIN/Edit Text/Bespoke/Buyer Pages/Cart/input_Apply_btn_apply 2'

2020-03-20 14:14:20 - [MESSAGE][PASSED] - Keys '*' sent to object: 'Object Repository/ADMIN/Edit Text/Bespoke/Buyer Pages/Cart/input_Apply_btn_apply 2'

2020-03-20 14:14:20 - [TEST_STEP][PASSED] - sendKeys(findTestObject("ADMIN/Edit Text/Bespoke/Buyer Pages/Cart/input_the following"), "*"): Keys '*' sent to object: 'Object Repository/ADMIN/Edit Text/Bespoke/Buyer Pages/Cart/input_the following'

2020-03-20 14:14:20 - [MESSAGE][PASSED] - Keys '*' sent to object: 'Object Repository/ADMIN/Edit Text/Bespoke/Buyer Pages/Cart/input_the following'

2020-03-20 14:14:20 - [TEST_STEP][PASSED] - sendKeys(findTestObject("ADMIN/Edit Text/Bespoke/Buyer Pages/Cart/textarea_Please select a delivery method for each item before checkout If this problem still persists the item may be no longer available ("), "*"): Keys '*' sent to object: 'Object Repository/ADMIN/Edit Text/Bespoke/Buyer Pages/Cart/textarea_Please select a delivery method for each item before checkout If this problem still persists the item may be no longer available ('

2020-03-20 14:14:20 - [MESSAGE][PASSED] - Keys '*' sent to object: 'Object Repository/ADMIN/Edit Text/Bespoke/Buyer Pages/Cart/textarea_Please select a delivery method for each item before checkout If this problem still persists the item may be no longer available ('

2020-03-20 14:14:20 - [TEST_STEP][PASSED] - sendKeys(findTestObject("ADMIN/Edit Text/Bespoke/Buyer Pages/Cart/input_OKAY_btn_apply - Copy"), "*"): Keys '*' sent to object: 'Object Repository/ADMIN/Edit Text/Bespoke/Buyer Pages/Cart/input_OKAY_btn_apply - Copy'

2020-03-20 14:14:20 - [MESSAGE][PASSED] - Keys '*' sent to object: 'Object Repository/ADMIN/Edit Text/Bespoke/Buyer Pages/Cart/input_OKAY_btn_apply - Copy'

2020-03-20 14:14:20 - [TEST_STEP][PASSED] - click(findTestObject("ADMIN/Edit Text/Bespoke/Buyer Pages/Homepage/button_save"), CONTINUE_ON_FAILURE): Object: 'Object Repository/ADMIN/Edit Text/Bespoke/Buyer Pages/Homepage/button_save' is clicked on

2020-03-20 14:14:21 - [MESSAGE][PASSED] - Object: 'Object Repository/ADMIN/Edit Text/Bespoke/Buyer Pages/Homepage/button_save' is clicked on

2020-03-20 14:14:21 - [TEST_STEP][PASSED] - waitForElementVisible(findTestObject("ADMIN/Edit Text/Bespoke/Buyer Pages/Homepage/toaster_success"), 0): Object 'Object Repository/ADMIN/Edit Text/Bespoke/Buyer Pages/Homepage/toaster_success' is visible

2020-03-20 14:14:21 - [MESSAGE][WARNING] - Timeout '0' is invalid. Using default page load timeout: '30'

2020-03-20 14:14:21 - [MESSAGE][PASSED] - Object 'Object Repository/ADMIN/Edit Text/Bespoke/Buyer Pages/Homepage/toaster_success' is visible]]></system-out>
         <system-err><![CDATA[]]></system-err>
      </testcase>
      <testcase name="Test Cases/ADMIN/Language/Edit Text/Bespoke/Buyer Pages/Cart" time="8.899" classname="Test Cases/ADMIN/Language/Edit Text/Bespoke/Buyer Pages/Cart" status="PASSED">
         <system-out><![CDATA[2020-03-20 14:14:21 - [TEST_CASE][PASSED] - Test Cases/ADMIN/Language/Edit Text/Bespoke/Buyer Pages/Cart: Test Cases/ADMIN/Language/Edit Text/Bespoke/Buyer Pages/Cart

2020-03-20 14:14:21 - [TEST_STEP][PASSED] - waitForElementVisible(findTestObject("ADMIN/Edit Text/Bespoke/Buyer Navigation/dd_language"), 0): Object 'Object Repository/ADMIN/Edit Text/Bespoke/Buyer Navigation/dd_language' is visible

2020-03-20 14:14:21 - [MESSAGE][WARNING] - Timeout '0' is invalid. Using default page load timeout: '30'

2020-03-20 14:14:22 - [MESSAGE][PASSED] - Object 'Object Repository/ADMIN/Edit Text/Bespoke/Buyer Navigation/dd_language' is visible

2020-03-20 14:14:22 - [TEST_STEP][PASSED] - selectOptionByLabel(findTestObject("ADMIN/Edit Text/Bespoke/Buyer Navigation/dd_language"), varLanguage, false): All options with label 'German' are selected in object 'Object Repository/ADMIN/Edit Text/Bespoke/Buyer Navigation/dd_language' 

2020-03-20 14:14:23 - [MESSAGE][PASSED] - All options with label 'German' are selected in object 'Object Repository/ADMIN/Edit Text/Bespoke/Buyer Navigation/dd_language' 

2020-03-20 14:14:23 - [TEST_STEP][PASSED] - sendKeys(findTestObject("ADMIN/Edit Text/Bespoke/Buyer Pages/Cart/input_MY CART_my-cart"), "*"): Keys '*' sent to object: 'Object Repository/ADMIN/Edit Text/Bespoke/Buyer Pages/Cart/input_MY CART_my-cart'

2020-03-20 14:14:23 - [MESSAGE][PASSED] - Keys '*' sent to object: 'Object Repository/ADMIN/Edit Text/Bespoke/Buyer Pages/Cart/input_MY CART_my-cart'

2020-03-20 14:14:23 - [TEST_STEP][PASSED] - sendKeys(findTestObject("ADMIN/Edit Text/Bespoke/Buyer Pages/Cart/input_It seems like your cart is empty_my-cart-empty-msg"), "*"): Keys '*' sent to object: 'Object Repository/ADMIN/Edit Text/Bespoke/Buyer Pages/Cart/input_It seems like your cart is empty_my-cart-empty-msg'

2020-03-20 14:14:24 - [MESSAGE][PASSED] - Keys '*' sent to object: 'Object Repository/ADMIN/Edit Text/Bespoke/Buyer Pages/Cart/input_It seems like your cart is empty_my-cart-empty-msg'

2020-03-20 14:14:24 - [TEST_STEP][PASSED] - sendKeys(findTestObject("ADMIN/Edit Text/Bespoke/Buyer Pages/Cart/input_Start searching and adding_my-cart-start-search-add"), "*"): Keys '*' sent to object: 'Object Repository/ADMIN/Edit Text/Bespoke/Buyer Pages/Cart/input_Start searching and adding_my-cart-start-search-add'

2020-03-20 14:14:24 - [MESSAGE][PASSED] - Keys '*' sent to object: 'Object Repository/ADMIN/Edit Text/Bespoke/Buyer Pages/Cart/input_Start searching and adding_my-cart-start-search-add'

2020-03-20 14:14:24 - [TEST_STEP][PASSED] - sendKeys(findTestObject("ADMIN/Edit Text/Bespoke/Buyer Pages/Cart/input_CONTINUE SHOPPING_btn_add_cart"), "*"): Keys '*' sent to object: 'Object Repository/ADMIN/Edit Text/Bespoke/Buyer Pages/Cart/input_CONTINUE SHOPPING_btn_add_cart'

2020-03-20 14:14:24 - [MESSAGE][PASSED] - Keys '*' sent to object: 'Object Repository/ADMIN/Edit Text/Bespoke/Buyer Pages/Cart/input_CONTINUE SHOPPING_btn_add_cart'

2020-03-20 14:14:24 - [TEST_STEP][PASSED] - sendKeys(findTestObject("ADMIN/Edit Text/Bespoke/Buyer Pages/Cart/input_CHECKOUT_btn_add_cart"), "*"): Keys '*' sent to object: 'Object Repository/ADMIN/Edit Text/Bespoke/Buyer Pages/Cart/input_CHECKOUT_btn_add_cart'

2020-03-20 14:14:25 - [MESSAGE][PASSED] - Keys '*' sent to object: 'Object Repository/ADMIN/Edit Text/Bespoke/Buyer Pages/Cart/input_CHECKOUT_btn_add_cart'

2020-03-20 14:14:25 - [TEST_STEP][PASSED] - sendKeys(findTestObject("ADMIN/Edit Text/Bespoke/Buyer Pages/Cart/input_Select Delivery Option_delivery-option-text"), "*"): Keys '*' sent to object: 'Object Repository/ADMIN/Edit Text/Bespoke/Buyer Pages/Cart/input_Select Delivery Option_delivery-option-text'

2020-03-20 14:14:25 - [MESSAGE][PASSED] - Keys '*' sent to object: 'Object Repository/ADMIN/Edit Text/Bespoke/Buyer Pages/Cart/input_Select Delivery Option_delivery-option-text'

2020-03-20 14:14:25 - [TEST_STEP][PASSED] - sendKeys(findTestObject("ADMIN/Edit Text/Bespoke/Buyer Pages/Cart/input_Choose one_delivery-start-text"), "*"): Keys '*' sent to object: 'Object Repository/ADMIN/Edit Text/Bespoke/Buyer Pages/Cart/input_Choose one_delivery-start-text'

2020-03-20 14:14:25 - [MESSAGE][PASSED] - Keys '*' sent to object: 'Object Repository/ADMIN/Edit Text/Bespoke/Buyer Pages/Cart/input_Choose one_delivery-start-text'

2020-03-20 14:14:25 - [TEST_STEP][PASSED] - sendKeys(findTestObject("ADMIN/Edit Text/Bespoke/Buyer Pages/Cart/input_Delivery_delivery-text"), "*"): Keys '*' sent to object: 'Object Repository/ADMIN/Edit Text/Bespoke/Buyer Pages/Cart/input_Delivery_delivery-text'

2020-03-20 14:14:25 - [MESSAGE][PASSED] - Keys '*' sent to object: 'Object Repository/ADMIN/Edit Text/Bespoke/Buyer Pages/Cart/input_Delivery_delivery-text'

2020-03-20 14:14:25 - [TEST_STEP][PASSED] - sendKeys(findTestObject("ADMIN/Edit Text/Bespoke/Buyer Pages/Cart/input_Pick-up_pickup-text"), "*"): Keys '*' sent to object: 'Object Repository/ADMIN/Edit Text/Bespoke/Buyer Pages/Cart/input_Pick-up_pickup-text'

2020-03-20 14:14:25 - [MESSAGE][PASSED] - Keys '*' sent to object: 'Object Repository/ADMIN/Edit Text/Bespoke/Buyer Pages/Cart/input_Pick-up_pickup-text'

2020-03-20 14:14:25 - [TEST_STEP][PASSED] - sendKeys(findTestObject("ADMIN/Edit Text/Bespoke/Buyer Pages/Cart/input_CHANGE_btn_add_cart"), "*"): Keys '*' sent to object: 'Object Repository/ADMIN/Edit Text/Bespoke/Buyer Pages/Cart/input_CHANGE_btn_add_cart'

2020-03-20 14:14:26 - [MESSAGE][PASSED] - Keys '*' sent to object: 'Object Repository/ADMIN/Edit Text/Bespoke/Buyer Pages/Cart/input_CHANGE_btn_add_cart'

2020-03-20 14:14:26 - [TEST_STEP][PASSED] - sendKeys(findTestObject("ADMIN/Edit Text/Bespoke/Buyer Pages/Cart/input_Sold Out_cart-sub-total"), "*"): Keys '*' sent to object: 'Object Repository/ADMIN/Edit Text/Bespoke/Buyer Pages/Cart/input_Sold Out_cart-sub-total'

2020-03-20 14:14:26 - [MESSAGE][PASSED] - Keys '*' sent to object: 'Object Repository/ADMIN/Edit Text/Bespoke/Buyer Pages/Cart/input_Sold Out_cart-sub-total'

2020-03-20 14:14:26 - [TEST_STEP][PASSED] - sendKeys(findTestObject("ADMIN/Edit Text/Bespoke/Buyer Pages/Cart/input_QTY_cart-qty"), "*"): Keys '*' sent to object: 'Object Repository/ADMIN/Edit Text/Bespoke/Buyer Pages/Cart/input_QTY_cart-qty'

2020-03-20 14:14:26 - [MESSAGE][PASSED] - Keys '*' sent to object: 'Object Repository/ADMIN/Edit Text/Bespoke/Buyer Pages/Cart/input_QTY_cart-qty'

2020-03-20 14:14:26 - [TEST_STEP][PASSED] - sendKeys(findTestObject("ADMIN/Edit Text/Bespoke/Buyer Pages/Cart/input_Sub Total_cart-sub-total"), "*"): Keys '*' sent to object: 'Object Repository/ADMIN/Edit Text/Bespoke/Buyer Pages/Cart/input_Sub Total_cart-sub-total'

2020-03-20 14:14:26 - [MESSAGE][PASSED] - Keys '*' sent to object: 'Object Repository/ADMIN/Edit Text/Bespoke/Buyer Pages/Cart/input_Sub Total_cart-sub-total'

2020-03-20 14:14:26 - [TEST_STEP][PASSED] - sendKeys(findTestObject("ADMIN/Edit Text/Bespoke/Buyer Pages/Cart/input_Delivery Costs_cart-delivery-costs"), "*"): Keys '*' sent to object: 'Object Repository/ADMIN/Edit Text/Bespoke/Buyer Pages/Cart/input_Delivery Costs_cart-delivery-costs'

2020-03-20 14:14:26 - [MESSAGE][PASSED] - Keys '*' sent to object: 'Object Repository/ADMIN/Edit Text/Bespoke/Buyer Pages/Cart/input_Delivery Costs_cart-delivery-costs'

2020-03-20 14:14:26 - [TEST_STEP][PASSED] - sendKeys(findTestObject("ADMIN/Edit Text/Bespoke/Buyer Pages/Cart/input_Bulk Delivery Discount_cart-bulk-delivery-discount"), "*"): Keys '*' sent to object: 'Object Repository/ADMIN/Edit Text/Bespoke/Buyer Pages/Cart/input_Bulk Delivery Discount_cart-bulk-delivery-discount'

2020-03-20 14:14:26 - [MESSAGE][PASSED] - Keys '*' sent to object: 'Object Repository/ADMIN/Edit Text/Bespoke/Buyer Pages/Cart/input_Bulk Delivery Discount_cart-bulk-delivery-discount'

2020-03-20 14:14:26 - [TEST_STEP][PASSED] - sendKeys(findTestObject("ADMIN/Edit Text/Bespoke/Buyer Pages/Cart/input_TOTAL_cart-total"), "*"): Keys '*' sent to object: 'Object Repository/ADMIN/Edit Text/Bespoke/Buyer Pages/Cart/input_TOTAL_cart-total'

2020-03-20 14:14:27 - [MESSAGE][PASSED] - Keys '*' sent to object: 'Object Repository/ADMIN/Edit Text/Bespoke/Buyer Pages/Cart/input_TOTAL_cart-total'

2020-03-20 14:14:27 - [TEST_STEP][PASSED] - sendKeys(findTestObject("ADMIN/Edit Text/Bespoke/Buyer Pages/Cart/input_REMOVE ITEM_popup-title"), "*"): Keys '*' sent to object: 'Object Repository/ADMIN/Edit Text/Bespoke/Buyer Pages/Cart/input_REMOVE ITEM_popup-title'

2020-03-20 14:14:27 - [MESSAGE][PASSED] - Keys '*' sent to object: 'Object Repository/ADMIN/Edit Text/Bespoke/Buyer Pages/Cart/input_REMOVE ITEM_popup-title'

2020-03-20 14:14:27 - [TEST_STEP][PASSED] - sendKeys(findTestObject("ADMIN/Edit Text/Bespoke/Buyer Pages/Cart/textarea_You sure about removing this item from your list (Itll be gone forever)"), "*"): Keys '*' sent to object: 'Object Repository/ADMIN/Edit Text/Bespoke/Buyer Pages/Cart/textarea_You sure about removing this item from your list (Itll be gone forever)'

2020-03-20 14:14:27 - [MESSAGE][PASSED] - Keys '*' sent to object: 'Object Repository/ADMIN/Edit Text/Bespoke/Buyer Pages/Cart/textarea_You sure about removing this item from your list (Itll be gone forever)'

2020-03-20 14:14:27 - [TEST_STEP][PASSED] - sendKeys(findTestObject("ADMIN/Edit Text/Bespoke/Buyer Pages/Cart/input_CANCEL_btn_apply"), "*"): Keys '*' sent to object: 'Object Repository/ADMIN/Edit Text/Bespoke/Buyer Pages/Cart/input_CANCEL_btn_apply'

2020-03-20 14:14:27 - [MESSAGE][PASSED] - Keys '*' sent to object: 'Object Repository/ADMIN/Edit Text/Bespoke/Buyer Pages/Cart/input_CANCEL_btn_apply'

2020-03-20 14:14:27 - [TEST_STEP][PASSED] - sendKeys(findTestObject("ADMIN/Edit Text/Bespoke/Buyer Pages/Cart/input_OKAY_btn_apply"), "*"): Keys '*' sent to object: 'Object Repository/ADMIN/Edit Text/Bespoke/Buyer Pages/Cart/input_OKAY_btn_apply'

2020-03-20 14:14:28 - [MESSAGE][PASSED] - Keys '*' sent to object: 'Object Repository/ADMIN/Edit Text/Bespoke/Buyer Pages/Cart/input_OKAY_btn_apply'

2020-03-20 14:14:28 - [TEST_STEP][PASSED] - sendKeys(findTestObject("ADMIN/Edit Text/Bespoke/Buyer Pages/Cart/input_DELIVERY METHOD_popup-title"), "*"): Keys '*' sent to object: 'Object Repository/ADMIN/Edit Text/Bespoke/Buyer Pages/Cart/input_DELIVERY METHOD_popup-title'

2020-03-20 14:14:28 - [MESSAGE][PASSED] - Keys '*' sent to object: 'Object Repository/ADMIN/Edit Text/Bespoke/Buyer Pages/Cart/input_DELIVERY METHOD_popup-title'

2020-03-20 14:14:28 - [TEST_STEP][PASSED] - sendKeys(findTestObject("ADMIN/Edit Text/Bespoke/Buyer Pages/Cart/input_Choose a delivery method later_popup-title2 (1)"), "*"): Keys '*' sent to object: 'Object Repository/ADMIN/Edit Text/Bespoke/Buyer Pages/Cart/input_Choose a delivery method later_popup-title2 (1)'

2020-03-20 14:14:28 - [MESSAGE][PASSED] - Keys '*' sent to object: 'Object Repository/ADMIN/Edit Text/Bespoke/Buyer Pages/Cart/input_Choose a delivery method later_popup-title2 (1)'

2020-03-20 14:14:28 - [TEST_STEP][PASSED] - sendKeys(findTestObject("ADMIN/Edit Text/Bespoke/Buyer Pages/Cart/input_Delivery_popup-title3"), "*"): Keys '*' sent to object: 'Object Repository/ADMIN/Edit Text/Bespoke/Buyer Pages/Cart/input_Delivery_popup-title3'

2020-03-20 14:14:28 - [MESSAGE][PASSED] - Keys '*' sent to object: 'Object Repository/ADMIN/Edit Text/Bespoke/Buyer Pages/Cart/input_Delivery_popup-title3'

2020-03-20 14:14:28 - [TEST_STEP][PASSED] - sendKeys(findTestObject("ADMIN/Edit Text/Bespoke/Buyer Pages/Cart/input_Pick-up_popup-title4"), "*"): Keys '*' sent to object: 'Object Repository/ADMIN/Edit Text/Bespoke/Buyer Pages/Cart/input_Pick-up_popup-title4'

2020-03-20 14:14:29 - [MESSAGE][PASSED] - Keys '*' sent to object: 'Object Repository/ADMIN/Edit Text/Bespoke/Buyer Pages/Cart/input_Pick-up_popup-title4'

2020-03-20 14:14:29 - [TEST_STEP][PASSED] - sendKeys(findTestObject("ADMIN/Edit Text/Bespoke/Buyer Pages/Cart/input_Apply_btn_apply 2"), "*"): Keys '*' sent to object: 'Object Repository/ADMIN/Edit Text/Bespoke/Buyer Pages/Cart/input_Apply_btn_apply 2'

2020-03-20 14:14:29 - [MESSAGE][PASSED] - Keys '*' sent to object: 'Object Repository/ADMIN/Edit Text/Bespoke/Buyer Pages/Cart/input_Apply_btn_apply 2'

2020-03-20 14:14:29 - [TEST_STEP][PASSED] - sendKeys(findTestObject("ADMIN/Edit Text/Bespoke/Buyer Pages/Cart/input_the following"), "*"): Keys '*' sent to object: 'Object Repository/ADMIN/Edit Text/Bespoke/Buyer Pages/Cart/input_the following'

2020-03-20 14:14:29 - [MESSAGE][PASSED] - Keys '*' sent to object: 'Object Repository/ADMIN/Edit Text/Bespoke/Buyer Pages/Cart/input_the following'

2020-03-20 14:14:29 - [TEST_STEP][PASSED] - sendKeys(findTestObject("ADMIN/Edit Text/Bespoke/Buyer Pages/Cart/textarea_Please select a delivery method for each item before checkout If this problem still persists the item may be no longer available ("), "*"): Keys '*' sent to object: 'Object Repository/ADMIN/Edit Text/Bespoke/Buyer Pages/Cart/textarea_Please select a delivery method for each item before checkout If this problem still persists the item may be no longer available ('

2020-03-20 14:14:29 - [MESSAGE][PASSED] - Keys '*' sent to object: 'Object Repository/ADMIN/Edit Text/Bespoke/Buyer Pages/Cart/textarea_Please select a delivery method for each item before checkout If this problem still persists the item may be no longer available ('

2020-03-20 14:14:29 - [TEST_STEP][PASSED] - sendKeys(findTestObject("ADMIN/Edit Text/Bespoke/Buyer Pages/Cart/input_OKAY_btn_apply - Copy"), "*"): Keys '*' sent to object: 'Object Repository/ADMIN/Edit Text/Bespoke/Buyer Pages/Cart/input_OKAY_btn_apply - Copy'

2020-03-20 14:14:29 - [MESSAGE][PASSED] - Keys '*' sent to object: 'Object Repository/ADMIN/Edit Text/Bespoke/Buyer Pages/Cart/input_OKAY_btn_apply - Copy'

2020-03-20 14:14:29 - [TEST_STEP][PASSED] - click(findTestObject("ADMIN/Edit Text/Bespoke/Buyer Pages/Homepage/button_save"), CONTINUE_ON_FAILURE): Object: 'Object Repository/ADMIN/Edit Text/Bespoke/Buyer Pages/Homepage/button_save' is clicked on

2020-03-20 14:14:30 - [MESSAGE][PASSED] - Object: 'Object Repository/ADMIN/Edit Text/Bespoke/Buyer Pages/Homepage/button_save' is clicked on

2020-03-20 14:14:30 - [TEST_STEP][PASSED] - waitForElementVisible(findTestObject("ADMIN/Edit Text/Bespoke/Buyer Pages/Homepage/toaster_success"), 0): Object 'Object Repository/ADMIN/Edit Text/Bespoke/Buyer Pages/Homepage/toaster_success' is visible

2020-03-20 14:14:30 - [MESSAGE][WARNING] - Timeout '0' is invalid. Using default page load timeout: '30'

2020-03-20 14:14:30 - [MESSAGE][PASSED] - Object 'Object Repository/ADMIN/Edit Text/Bespoke/Buyer Pages/Homepage/toaster_success' is visible]]></system-out>
         <system-err><![CDATA[]]></system-err>
      </testcase>
      <testcase name="Test Cases/ADMIN/Language/Edit Text/Bespoke/Buyer Pages/Cart" time="8.369" classname="Test Cases/ADMIN/Language/Edit Text/Bespoke/Buyer Pages/Cart" status="PASSED">
         <system-out><![CDATA[2020-03-20 14:14:30 - [TEST_CASE][PASSED] - Test Cases/ADMIN/Language/Edit Text/Bespoke/Buyer Pages/Cart: Test Cases/ADMIN/Language/Edit Text/Bespoke/Buyer Pages/Cart

2020-03-20 14:14:30 - [TEST_STEP][PASSED] - waitForElementVisible(findTestObject("ADMIN/Edit Text/Bespoke/Buyer Navigation/dd_language"), 0): Object 'Object Repository/ADMIN/Edit Text/Bespoke/Buyer Navigation/dd_language' is visible

2020-03-20 14:14:30 - [MESSAGE][WARNING] - Timeout '0' is invalid. Using default page load timeout: '30'

2020-03-20 14:14:30 - [MESSAGE][PASSED] - Object 'Object Repository/ADMIN/Edit Text/Bespoke/Buyer Navigation/dd_language' is visible

2020-03-20 14:14:30 - [TEST_STEP][PASSED] - selectOptionByLabel(findTestObject("ADMIN/Edit Text/Bespoke/Buyer Navigation/dd_language"), varLanguage, false): All options with label 'Japanese' are selected in object 'Object Repository/ADMIN/Edit Text/Bespoke/Buyer Navigation/dd_language' 

2020-03-20 14:14:32 - [MESSAGE][PASSED] - All options with label 'Japanese' are selected in object 'Object Repository/ADMIN/Edit Text/Bespoke/Buyer Navigation/dd_language' 

2020-03-20 14:14:32 - [TEST_STEP][PASSED] - sendKeys(findTestObject("ADMIN/Edit Text/Bespoke/Buyer Pages/Cart/input_MY CART_my-cart"), "*"): Keys '*' sent to object: 'Object Repository/ADMIN/Edit Text/Bespoke/Buyer Pages/Cart/input_MY CART_my-cart'

2020-03-20 14:14:32 - [MESSAGE][PASSED] - Keys '*' sent to object: 'Object Repository/ADMIN/Edit Text/Bespoke/Buyer Pages/Cart/input_MY CART_my-cart'

2020-03-20 14:14:32 - [TEST_STEP][PASSED] - sendKeys(findTestObject("ADMIN/Edit Text/Bespoke/Buyer Pages/Cart/input_It seems like your cart is empty_my-cart-empty-msg"), "*"): Keys '*' sent to object: 'Object Repository/ADMIN/Edit Text/Bespoke/Buyer Pages/Cart/input_It seems like your cart is empty_my-cart-empty-msg'

2020-03-20 14:14:32 - [MESSAGE][PASSED] - Keys '*' sent to object: 'Object Repository/ADMIN/Edit Text/Bespoke/Buyer Pages/Cart/input_It seems like your cart is empty_my-cart-empty-msg'

2020-03-20 14:14:32 - [TEST_STEP][PASSED] - sendKeys(findTestObject("ADMIN/Edit Text/Bespoke/Buyer Pages/Cart/input_Start searching and adding_my-cart-start-search-add"), "*"): Keys '*' sent to object: 'Object Repository/ADMIN/Edit Text/Bespoke/Buyer Pages/Cart/input_Start searching and adding_my-cart-start-search-add'

2020-03-20 14:14:32 - [MESSAGE][PASSED] - Keys '*' sent to object: 'Object Repository/ADMIN/Edit Text/Bespoke/Buyer Pages/Cart/input_Start searching and adding_my-cart-start-search-add'

2020-03-20 14:14:32 - [TEST_STEP][PASSED] - sendKeys(findTestObject("ADMIN/Edit Text/Bespoke/Buyer Pages/Cart/input_CONTINUE SHOPPING_btn_add_cart"), "*"): Keys '*' sent to object: 'Object Repository/ADMIN/Edit Text/Bespoke/Buyer Pages/Cart/input_CONTINUE SHOPPING_btn_add_cart'

2020-03-20 14:14:33 - [MESSAGE][PASSED] - Keys '*' sent to object: 'Object Repository/ADMIN/Edit Text/Bespoke/Buyer Pages/Cart/input_CONTINUE SHOPPING_btn_add_cart'

2020-03-20 14:14:33 - [TEST_STEP][PASSED] - sendKeys(findTestObject("ADMIN/Edit Text/Bespoke/Buyer Pages/Cart/input_CHECKOUT_btn_add_cart"), "*"): Keys '*' sent to object: 'Object Repository/ADMIN/Edit Text/Bespoke/Buyer Pages/Cart/input_CHECKOUT_btn_add_cart'

2020-03-20 14:14:33 - [MESSAGE][PASSED] - Keys '*' sent to object: 'Object Repository/ADMIN/Edit Text/Bespoke/Buyer Pages/Cart/input_CHECKOUT_btn_add_cart'

2020-03-20 14:14:33 - [TEST_STEP][PASSED] - sendKeys(findTestObject("ADMIN/Edit Text/Bespoke/Buyer Pages/Cart/input_Select Delivery Option_delivery-option-text"), "*"): Keys '*' sent to object: 'Object Repository/ADMIN/Edit Text/Bespoke/Buyer Pages/Cart/input_Select Delivery Option_delivery-option-text'

2020-03-20 14:14:33 - [MESSAGE][PASSED] - Keys '*' sent to object: 'Object Repository/ADMIN/Edit Text/Bespoke/Buyer Pages/Cart/input_Select Delivery Option_delivery-option-text'

2020-03-20 14:14:33 - [TEST_STEP][PASSED] - sendKeys(findTestObject("ADMIN/Edit Text/Bespoke/Buyer Pages/Cart/input_Choose one_delivery-start-text"), "*"): Keys '*' sent to object: 'Object Repository/ADMIN/Edit Text/Bespoke/Buyer Pages/Cart/input_Choose one_delivery-start-text'

2020-03-20 14:14:33 - [MESSAGE][PASSED] - Keys '*' sent to object: 'Object Repository/ADMIN/Edit Text/Bespoke/Buyer Pages/Cart/input_Choose one_delivery-start-text'

2020-03-20 14:14:33 - [TEST_STEP][PASSED] - sendKeys(findTestObject("ADMIN/Edit Text/Bespoke/Buyer Pages/Cart/input_Delivery_delivery-text"), "*"): Keys '*' sent to object: 'Object Repository/ADMIN/Edit Text/Bespoke/Buyer Pages/Cart/input_Delivery_delivery-text'

2020-03-20 14:14:34 - [MESSAGE][PASSED] - Keys '*' sent to object: 'Object Repository/ADMIN/Edit Text/Bespoke/Buyer Pages/Cart/input_Delivery_delivery-text'

2020-03-20 14:14:34 - [TEST_STEP][PASSED] - sendKeys(findTestObject("ADMIN/Edit Text/Bespoke/Buyer Pages/Cart/input_Pick-up_pickup-text"), "*"): Keys '*' sent to object: 'Object Repository/ADMIN/Edit Text/Bespoke/Buyer Pages/Cart/input_Pick-up_pickup-text'

2020-03-20 14:14:34 - [MESSAGE][PASSED] - Keys '*' sent to object: 'Object Repository/ADMIN/Edit Text/Bespoke/Buyer Pages/Cart/input_Pick-up_pickup-text'

2020-03-20 14:14:34 - [TEST_STEP][PASSED] - sendKeys(findTestObject("ADMIN/Edit Text/Bespoke/Buyer Pages/Cart/input_CHANGE_btn_add_cart"), "*"): Keys '*' sent to object: 'Object Repository/ADMIN/Edit Text/Bespoke/Buyer Pages/Cart/input_CHANGE_btn_add_cart'

2020-03-20 14:14:34 - [MESSAGE][PASSED] - Keys '*' sent to object: 'Object Repository/ADMIN/Edit Text/Bespoke/Buyer Pages/Cart/input_CHANGE_btn_add_cart'

2020-03-20 14:14:34 - [TEST_STEP][PASSED] - sendKeys(findTestObject("ADMIN/Edit Text/Bespoke/Buyer Pages/Cart/input_Sold Out_cart-sub-total"), "*"): Keys '*' sent to object: 'Object Repository/ADMIN/Edit Text/Bespoke/Buyer Pages/Cart/input_Sold Out_cart-sub-total'

2020-03-20 14:14:34 - [MESSAGE][PASSED] - Keys '*' sent to object: 'Object Repository/ADMIN/Edit Text/Bespoke/Buyer Pages/Cart/input_Sold Out_cart-sub-total'

2020-03-20 14:14:34 - [TEST_STEP][PASSED] - sendKeys(findTestObject("ADMIN/Edit Text/Bespoke/Buyer Pages/Cart/input_QTY_cart-qty"), "*"): Keys '*' sent to object: 'Object Repository/ADMIN/Edit Text/Bespoke/Buyer Pages/Cart/input_QTY_cart-qty'

2020-03-20 14:14:35 - [MESSAGE][PASSED] - Keys '*' sent to object: 'Object Repository/ADMIN/Edit Text/Bespoke/Buyer Pages/Cart/input_QTY_cart-qty'

2020-03-20 14:14:35 - [TEST_STEP][PASSED] - sendKeys(findTestObject("ADMIN/Edit Text/Bespoke/Buyer Pages/Cart/input_Sub Total_cart-sub-total"), "*"): Keys '*' sent to object: 'Object Repository/ADMIN/Edit Text/Bespoke/Buyer Pages/Cart/input_Sub Total_cart-sub-total'

2020-03-20 14:14:35 - [MESSAGE][PASSED] - Keys '*' sent to object: 'Object Repository/ADMIN/Edit Text/Bespoke/Buyer Pages/Cart/input_Sub Total_cart-sub-total'

2020-03-20 14:14:35 - [TEST_STEP][PASSED] - sendKeys(findTestObject("ADMIN/Edit Text/Bespoke/Buyer Pages/Cart/input_Delivery Costs_cart-delivery-costs"), "*"): Keys '*' sent to object: 'Object Repository/ADMIN/Edit Text/Bespoke/Buyer Pages/Cart/input_Delivery Costs_cart-delivery-costs'

2020-03-20 14:14:35 - [MESSAGE][PASSED] - Keys '*' sent to object: 'Object Repository/ADMIN/Edit Text/Bespoke/Buyer Pages/Cart/input_Delivery Costs_cart-delivery-costs'

2020-03-20 14:14:35 - [TEST_STEP][PASSED] - sendKeys(findTestObject("ADMIN/Edit Text/Bespoke/Buyer Pages/Cart/input_Bulk Delivery Discount_cart-bulk-delivery-discount"), "*"): Keys '*' sent to object: 'Object Repository/ADMIN/Edit Text/Bespoke/Buyer Pages/Cart/input_Bulk Delivery Discount_cart-bulk-delivery-discount'

2020-03-20 14:14:35 - [MESSAGE][PASSED] - Keys '*' sent to object: 'Object Repository/ADMIN/Edit Text/Bespoke/Buyer Pages/Cart/input_Bulk Delivery Discount_cart-bulk-delivery-discount'

2020-03-20 14:14:35 - [TEST_STEP][PASSED] - sendKeys(findTestObject("ADMIN/Edit Text/Bespoke/Buyer Pages/Cart/input_TOTAL_cart-total"), "*"): Keys '*' sent to object: 'Object Repository/ADMIN/Edit Text/Bespoke/Buyer Pages/Cart/input_TOTAL_cart-total'

2020-03-20 14:14:36 - [MESSAGE][PASSED] - Keys '*' sent to object: 'Object Repository/ADMIN/Edit Text/Bespoke/Buyer Pages/Cart/input_TOTAL_cart-total'

2020-03-20 14:14:36 - [TEST_STEP][PASSED] - sendKeys(findTestObject("ADMIN/Edit Text/Bespoke/Buyer Pages/Cart/input_REMOVE ITEM_popup-title"), "*"): Keys '*' sent to object: 'Object Repository/ADMIN/Edit Text/Bespoke/Buyer Pages/Cart/input_REMOVE ITEM_popup-title'

2020-03-20 14:14:36 - [MESSAGE][PASSED] - Keys '*' sent to object: 'Object Repository/ADMIN/Edit Text/Bespoke/Buyer Pages/Cart/input_REMOVE ITEM_popup-title'

2020-03-20 14:14:36 - [TEST_STEP][PASSED] - sendKeys(findTestObject("ADMIN/Edit Text/Bespoke/Buyer Pages/Cart/textarea_You sure about removing this item from your list (Itll be gone forever)"), "*"): Keys '*' sent to object: 'Object Repository/ADMIN/Edit Text/Bespoke/Buyer Pages/Cart/textarea_You sure about removing this item from your list (Itll be gone forever)'

2020-03-20 14:14:36 - [MESSAGE][PASSED] - Keys '*' sent to object: 'Object Repository/ADMIN/Edit Text/Bespoke/Buyer Pages/Cart/textarea_You sure about removing this item from your list (Itll be gone forever)'

2020-03-20 14:14:36 - [TEST_STEP][PASSED] - sendKeys(findTestObject("ADMIN/Edit Text/Bespoke/Buyer Pages/Cart/input_CANCEL_btn_apply"), "*"): Keys '*' sent to object: 'Object Repository/ADMIN/Edit Text/Bespoke/Buyer Pages/Cart/input_CANCEL_btn_apply'

2020-03-20 14:14:36 - [MESSAGE][PASSED] - Keys '*' sent to object: 'Object Repository/ADMIN/Edit Text/Bespoke/Buyer Pages/Cart/input_CANCEL_btn_apply'

2020-03-20 14:14:36 - [TEST_STEP][PASSED] - sendKeys(findTestObject("ADMIN/Edit Text/Bespoke/Buyer Pages/Cart/input_OKAY_btn_apply"), "*"): Keys '*' sent to object: 'Object Repository/ADMIN/Edit Text/Bespoke/Buyer Pages/Cart/input_OKAY_btn_apply'

2020-03-20 14:14:36 - [MESSAGE][PASSED] - Keys '*' sent to object: 'Object Repository/ADMIN/Edit Text/Bespoke/Buyer Pages/Cart/input_OKAY_btn_apply'

2020-03-20 14:14:36 - [TEST_STEP][PASSED] - sendKeys(findTestObject("ADMIN/Edit Text/Bespoke/Buyer Pages/Cart/input_DELIVERY METHOD_popup-title"), "*"): Keys '*' sent to object: 'Object Repository/ADMIN/Edit Text/Bespoke/Buyer Pages/Cart/input_DELIVERY METHOD_popup-title'

2020-03-20 14:14:37 - [MESSAGE][PASSED] - Keys '*' sent to object: 'Object Repository/ADMIN/Edit Text/Bespoke/Buyer Pages/Cart/input_DELIVERY METHOD_popup-title'

2020-03-20 14:14:37 - [TEST_STEP][PASSED] - sendKeys(findTestObject("ADMIN/Edit Text/Bespoke/Buyer Pages/Cart/input_Choose a delivery method later_popup-title2 (1)"), "*"): Keys '*' sent to object: 'Object Repository/ADMIN/Edit Text/Bespoke/Buyer Pages/Cart/input_Choose a delivery method later_popup-title2 (1)'

2020-03-20 14:14:37 - [MESSAGE][PASSED] - Keys '*' sent to object: 'Object Repository/ADMIN/Edit Text/Bespoke/Buyer Pages/Cart/input_Choose a delivery method later_popup-title2 (1)'

2020-03-20 14:14:37 - [TEST_STEP][PASSED] - sendKeys(findTestObject("ADMIN/Edit Text/Bespoke/Buyer Pages/Cart/input_Delivery_popup-title3"), "*"): Keys '*' sent to object: 'Object Repository/ADMIN/Edit Text/Bespoke/Buyer Pages/Cart/input_Delivery_popup-title3'

2020-03-20 14:14:37 - [MESSAGE][PASSED] - Keys '*' sent to object: 'Object Repository/ADMIN/Edit Text/Bespoke/Buyer Pages/Cart/input_Delivery_popup-title3'

2020-03-20 14:14:37 - [TEST_STEP][PASSED] - sendKeys(findTestObject("ADMIN/Edit Text/Bespoke/Buyer Pages/Cart/input_Pick-up_popup-title4"), "*"): Keys '*' sent to object: 'Object Repository/ADMIN/Edit Text/Bespoke/Buyer Pages/Cart/input_Pick-up_popup-title4'

2020-03-20 14:14:37 - [MESSAGE][PASSED] - Keys '*' sent to object: 'Object Repository/ADMIN/Edit Text/Bespoke/Buyer Pages/Cart/input_Pick-up_popup-title4'

2020-03-20 14:14:37 - [TEST_STEP][PASSED] - sendKeys(findTestObject("ADMIN/Edit Text/Bespoke/Buyer Pages/Cart/input_Apply_btn_apply 2"), "*"): Keys '*' sent to object: 'Object Repository/ADMIN/Edit Text/Bespoke/Buyer Pages/Cart/input_Apply_btn_apply 2'

2020-03-20 14:14:38 - [MESSAGE][PASSED] - Keys '*' sent to object: 'Object Repository/ADMIN/Edit Text/Bespoke/Buyer Pages/Cart/input_Apply_btn_apply 2'

2020-03-20 14:14:38 - [TEST_STEP][PASSED] - sendKeys(findTestObject("ADMIN/Edit Text/Bespoke/Buyer Pages/Cart/input_the following"), "*"): Keys '*' sent to object: 'Object Repository/ADMIN/Edit Text/Bespoke/Buyer Pages/Cart/input_the following'

2020-03-20 14:14:38 - [MESSAGE][PASSED] - Keys '*' sent to object: 'Object Repository/ADMIN/Edit Text/Bespoke/Buyer Pages/Cart/input_the following'

2020-03-20 14:14:38 - [TEST_STEP][PASSED] - sendKeys(findTestObject("ADMIN/Edit Text/Bespoke/Buyer Pages/Cart/textarea_Please select a delivery method for each item before checkout If this problem still persists the item may be no longer available ("), "*"): Keys '*' sent to object: 'Object Repository/ADMIN/Edit Text/Bespoke/Buyer Pages/Cart/textarea_Please select a delivery method for each item before checkout If this problem still persists the item may be no longer available ('

2020-03-20 14:14:38 - [MESSAGE][PASSED] - Keys '*' sent to object: 'Object Repository/ADMIN/Edit Text/Bespoke/Buyer Pages/Cart/textarea_Please select a delivery method for each item before checkout If this problem still persists the item may be no longer available ('

2020-03-20 14:14:38 - [TEST_STEP][PASSED] - sendKeys(findTestObject("ADMIN/Edit Text/Bespoke/Buyer Pages/Cart/input_OKAY_btn_apply - Copy"), "*"): Keys '*' sent to object: 'Object Repository/ADMIN/Edit Text/Bespoke/Buyer Pages/Cart/input_OKAY_btn_apply - Copy'

2020-03-20 14:14:38 - [MESSAGE][PASSED] - Keys '*' sent to object: 'Object Repository/ADMIN/Edit Text/Bespoke/Buyer Pages/Cart/input_OKAY_btn_apply - Copy'

2020-03-20 14:14:38 - [TEST_STEP][PASSED] - click(findTestObject("ADMIN/Edit Text/Bespoke/Buyer Pages/Homepage/button_save"), CONTINUE_ON_FAILURE): Object: 'Object Repository/ADMIN/Edit Text/Bespoke/Buyer Pages/Homepage/button_save' is clicked on

2020-03-20 14:14:38 - [MESSAGE][PASSED] - Object: 'Object Repository/ADMIN/Edit Text/Bespoke/Buyer Pages/Homepage/button_save' is clicked on

2020-03-20 14:14:38 - [TEST_STEP][PASSED] - waitForElementVisible(findTestObject("ADMIN/Edit Text/Bespoke/Buyer Pages/Homepage/toaster_success"), 0): Object 'Object Repository/ADMIN/Edit Text/Bespoke/Buyer Pages/Homepage/toaster_success' is visible

2020-03-20 14:14:38 - [MESSAGE][WARNING] - Timeout '0' is invalid. Using default page load timeout: '30'

2020-03-20 14:14:39 - [MESSAGE][PASSED] - Object 'Object Repository/ADMIN/Edit Text/Bespoke/Buyer Pages/Homepage/toaster_success' is visible]]></system-out>
         <system-err><![CDATA[]]></system-err>
      </testcase>
      <testcase name="Test Cases/ADMIN/Language/Edit Text/Bespoke/Buyer Pages/Cart" time="8.744" classname="Test Cases/ADMIN/Language/Edit Text/Bespoke/Buyer Pages/Cart" status="PASSED">
         <system-out><![CDATA[2020-03-20 14:14:39 - [TEST_CASE][PASSED] - Test Cases/ADMIN/Language/Edit Text/Bespoke/Buyer Pages/Cart: Test Cases/ADMIN/Language/Edit Text/Bespoke/Buyer Pages/Cart

2020-03-20 14:14:39 - [TEST_STEP][PASSED] - waitForElementVisible(findTestObject("ADMIN/Edit Text/Bespoke/Buyer Navigation/dd_language"), 0): Object 'Object Repository/ADMIN/Edit Text/Bespoke/Buyer Navigation/dd_language' is visible

2020-03-20 14:14:39 - [MESSAGE][WARNING] - Timeout '0' is invalid. Using default page load timeout: '30'

2020-03-20 14:14:39 - [MESSAGE][PASSED] - Object 'Object Repository/ADMIN/Edit Text/Bespoke/Buyer Navigation/dd_language' is visible

2020-03-20 14:14:39 - [TEST_STEP][PASSED] - selectOptionByLabel(findTestObject("ADMIN/Edit Text/Bespoke/Buyer Navigation/dd_language"), varLanguage, false): All options with label 'Chinese (Traditional)' are selected in object 'Object Repository/ADMIN/Edit Text/Bespoke/Buyer Navigation/dd_language' 

2020-03-20 14:14:40 - [MESSAGE][PASSED] - All options with label 'Chinese (Traditional)' are selected in object 'Object Repository/ADMIN/Edit Text/Bespoke/Buyer Navigation/dd_language' 

2020-03-20 14:14:40 - [TEST_STEP][PASSED] - sendKeys(findTestObject("ADMIN/Edit Text/Bespoke/Buyer Pages/Cart/input_MY CART_my-cart"), "*"): Keys '*' sent to object: 'Object Repository/ADMIN/Edit Text/Bespoke/Buyer Pages/Cart/input_MY CART_my-cart'

2020-03-20 14:14:41 - [MESSAGE][PASSED] - Keys '*' sent to object: 'Object Repository/ADMIN/Edit Text/Bespoke/Buyer Pages/Cart/input_MY CART_my-cart'

2020-03-20 14:14:41 - [TEST_STEP][PASSED] - sendKeys(findTestObject("ADMIN/Edit Text/Bespoke/Buyer Pages/Cart/input_It seems like your cart is empty_my-cart-empty-msg"), "*"): Keys '*' sent to object: 'Object Repository/ADMIN/Edit Text/Bespoke/Buyer Pages/Cart/input_It seems like your cart is empty_my-cart-empty-msg'

2020-03-20 14:14:41 - [MESSAGE][PASSED] - Keys '*' sent to object: 'Object Repository/ADMIN/Edit Text/Bespoke/Buyer Pages/Cart/input_It seems like your cart is empty_my-cart-empty-msg'

2020-03-20 14:14:41 - [TEST_STEP][PASSED] - sendKeys(findTestObject("ADMIN/Edit Text/Bespoke/Buyer Pages/Cart/input_Start searching and adding_my-cart-start-search-add"), "*"): Keys '*' sent to object: 'Object Repository/ADMIN/Edit Text/Bespoke/Buyer Pages/Cart/input_Start searching and adding_my-cart-start-search-add'

2020-03-20 14:14:41 - [MESSAGE][PASSED] - Keys '*' sent to object: 'Object Repository/ADMIN/Edit Text/Bespoke/Buyer Pages/Cart/input_Start searching and adding_my-cart-start-search-add'

2020-03-20 14:14:41 - [TEST_STEP][PASSED] - sendKeys(findTestObject("ADMIN/Edit Text/Bespoke/Buyer Pages/Cart/input_CONTINUE SHOPPING_btn_add_cart"), "*"): Keys '*' sent to object: 'Object Repository/ADMIN/Edit Text/Bespoke/Buyer Pages/Cart/input_CONTINUE SHOPPING_btn_add_cart'

2020-03-20 14:14:41 - [MESSAGE][PASSED] - Keys '*' sent to object: 'Object Repository/ADMIN/Edit Text/Bespoke/Buyer Pages/Cart/input_CONTINUE SHOPPING_btn_add_cart'

2020-03-20 14:14:41 - [TEST_STEP][PASSED] - sendKeys(findTestObject("ADMIN/Edit Text/Bespoke/Buyer Pages/Cart/input_CHECKOUT_btn_add_cart"), "*"): Keys '*' sent to object: 'Object Repository/ADMIN/Edit Text/Bespoke/Buyer Pages/Cart/input_CHECKOUT_btn_add_cart'

2020-03-20 14:14:42 - [MESSAGE][PASSED] - Keys '*' sent to object: 'Object Repository/ADMIN/Edit Text/Bespoke/Buyer Pages/Cart/input_CHECKOUT_btn_add_cart'

2020-03-20 14:14:42 - [TEST_STEP][PASSED] - sendKeys(findTestObject("ADMIN/Edit Text/Bespoke/Buyer Pages/Cart/input_Select Delivery Option_delivery-option-text"), "*"): Keys '*' sent to object: 'Object Repository/ADMIN/Edit Text/Bespoke/Buyer Pages/Cart/input_Select Delivery Option_delivery-option-text'

2020-03-20 14:14:42 - [MESSAGE][PASSED] - Keys '*' sent to object: 'Object Repository/ADMIN/Edit Text/Bespoke/Buyer Pages/Cart/input_Select Delivery Option_delivery-option-text'

2020-03-20 14:14:42 - [TEST_STEP][PASSED] - sendKeys(findTestObject("ADMIN/Edit Text/Bespoke/Buyer Pages/Cart/input_Choose one_delivery-start-text"), "*"): Keys '*' sent to object: 'Object Repository/ADMIN/Edit Text/Bespoke/Buyer Pages/Cart/input_Choose one_delivery-start-text'

2020-03-20 14:14:42 - [MESSAGE][PASSED] - Keys '*' sent to object: 'Object Repository/ADMIN/Edit Text/Bespoke/Buyer Pages/Cart/input_Choose one_delivery-start-text'

2020-03-20 14:14:42 - [TEST_STEP][PASSED] - sendKeys(findTestObject("ADMIN/Edit Text/Bespoke/Buyer Pages/Cart/input_Delivery_delivery-text"), "*"): Keys '*' sent to object: 'Object Repository/ADMIN/Edit Text/Bespoke/Buyer Pages/Cart/input_Delivery_delivery-text'

2020-03-20 14:14:42 - [MESSAGE][PASSED] - Keys '*' sent to object: 'Object Repository/ADMIN/Edit Text/Bespoke/Buyer Pages/Cart/input_Delivery_delivery-text'

2020-03-20 14:14:42 - [TEST_STEP][PASSED] - sendKeys(findTestObject("ADMIN/Edit Text/Bespoke/Buyer Pages/Cart/input_Pick-up_pickup-text"), "*"): Keys '*' sent to object: 'Object Repository/ADMIN/Edit Text/Bespoke/Buyer Pages/Cart/input_Pick-up_pickup-text'

2020-03-20 14:14:42 - [MESSAGE][PASSED] - Keys '*' sent to object: 'Object Repository/ADMIN/Edit Text/Bespoke/Buyer Pages/Cart/input_Pick-up_pickup-text'

2020-03-20 14:14:42 - [TEST_STEP][PASSED] - sendKeys(findTestObject("ADMIN/Edit Text/Bespoke/Buyer Pages/Cart/input_CHANGE_btn_add_cart"), "*"): Keys '*' sent to object: 'Object Repository/ADMIN/Edit Text/Bespoke/Buyer Pages/Cart/input_CHANGE_btn_add_cart'

2020-03-20 14:14:43 - [MESSAGE][PASSED] - Keys '*' sent to object: 'Object Repository/ADMIN/Edit Text/Bespoke/Buyer Pages/Cart/input_CHANGE_btn_add_cart'

2020-03-20 14:14:43 - [TEST_STEP][PASSED] - sendKeys(findTestObject("ADMIN/Edit Text/Bespoke/Buyer Pages/Cart/input_Sold Out_cart-sub-total"), "*"): Keys '*' sent to object: 'Object Repository/ADMIN/Edit Text/Bespoke/Buyer Pages/Cart/input_Sold Out_cart-sub-total'

2020-03-20 14:14:43 - [MESSAGE][PASSED] - Keys '*' sent to object: 'Object Repository/ADMIN/Edit Text/Bespoke/Buyer Pages/Cart/input_Sold Out_cart-sub-total'

2020-03-20 14:14:43 - [TEST_STEP][PASSED] - sendKeys(findTestObject("ADMIN/Edit Text/Bespoke/Buyer Pages/Cart/input_QTY_cart-qty"), "*"): Keys '*' sent to object: 'Object Repository/ADMIN/Edit Text/Bespoke/Buyer Pages/Cart/input_QTY_cart-qty'

2020-03-20 14:14:43 - [MESSAGE][PASSED] - Keys '*' sent to object: 'Object Repository/ADMIN/Edit Text/Bespoke/Buyer Pages/Cart/input_QTY_cart-qty'

2020-03-20 14:14:43 - [TEST_STEP][PASSED] - sendKeys(findTestObject("ADMIN/Edit Text/Bespoke/Buyer Pages/Cart/input_Sub Total_cart-sub-total"), "*"): Keys '*' sent to object: 'Object Repository/ADMIN/Edit Text/Bespoke/Buyer Pages/Cart/input_Sub Total_cart-sub-total'

2020-03-20 14:14:43 - [MESSAGE][PASSED] - Keys '*' sent to object: 'Object Repository/ADMIN/Edit Text/Bespoke/Buyer Pages/Cart/input_Sub Total_cart-sub-total'

2020-03-20 14:14:43 - [TEST_STEP][PASSED] - sendKeys(findTestObject("ADMIN/Edit Text/Bespoke/Buyer Pages/Cart/input_Delivery Costs_cart-delivery-costs"), "*"): Keys '*' sent to object: 'Object Repository/ADMIN/Edit Text/Bespoke/Buyer Pages/Cart/input_Delivery Costs_cart-delivery-costs'

2020-03-20 14:14:43 - [MESSAGE][PASSED] - Keys '*' sent to object: 'Object Repository/ADMIN/Edit Text/Bespoke/Buyer Pages/Cart/input_Delivery Costs_cart-delivery-costs'

2020-03-20 14:14:43 - [TEST_STEP][PASSED] - sendKeys(findTestObject("ADMIN/Edit Text/Bespoke/Buyer Pages/Cart/input_Bulk Delivery Discount_cart-bulk-delivery-discount"), "*"): Keys '*' sent to object: 'Object Repository/ADMIN/Edit Text/Bespoke/Buyer Pages/Cart/input_Bulk Delivery Discount_cart-bulk-delivery-discount'

2020-03-20 14:14:44 - [MESSAGE][PASSED] - Keys '*' sent to object: 'Object Repository/ADMIN/Edit Text/Bespoke/Buyer Pages/Cart/input_Bulk Delivery Discount_cart-bulk-delivery-discount'

2020-03-20 14:14:44 - [TEST_STEP][PASSED] - sendKeys(findTestObject("ADMIN/Edit Text/Bespoke/Buyer Pages/Cart/input_TOTAL_cart-total"), "*"): Keys '*' sent to object: 'Object Repository/ADMIN/Edit Text/Bespoke/Buyer Pages/Cart/input_TOTAL_cart-total'

2020-03-20 14:14:44 - [MESSAGE][PASSED] - Keys '*' sent to object: 'Object Repository/ADMIN/Edit Text/Bespoke/Buyer Pages/Cart/input_TOTAL_cart-total'

2020-03-20 14:14:44 - [TEST_STEP][PASSED] - sendKeys(findTestObject("ADMIN/Edit Text/Bespoke/Buyer Pages/Cart/input_REMOVE ITEM_popup-title"), "*"): Keys '*' sent to object: 'Object Repository/ADMIN/Edit Text/Bespoke/Buyer Pages/Cart/input_REMOVE ITEM_popup-title'

2020-03-20 14:14:44 - [MESSAGE][PASSED] - Keys '*' sent to object: 'Object Repository/ADMIN/Edit Text/Bespoke/Buyer Pages/Cart/input_REMOVE ITEM_popup-title'

2020-03-20 14:14:44 - [TEST_STEP][PASSED] - sendKeys(findTestObject("ADMIN/Edit Text/Bespoke/Buyer Pages/Cart/textarea_You sure about removing this item from your list (Itll be gone forever)"), "*"): Keys '*' sent to object: 'Object Repository/ADMIN/Edit Text/Bespoke/Buyer Pages/Cart/textarea_You sure about removing this item from your list (Itll be gone forever)'

2020-03-20 14:14:44 - [MESSAGE][PASSED] - Keys '*' sent to object: 'Object Repository/ADMIN/Edit Text/Bespoke/Buyer Pages/Cart/textarea_You sure about removing this item from your list (Itll be gone forever)'

2020-03-20 14:14:44 - [TEST_STEP][PASSED] - sendKeys(findTestObject("ADMIN/Edit Text/Bespoke/Buyer Pages/Cart/input_CANCEL_btn_apply"), "*"): Keys '*' sent to object: 'Object Repository/ADMIN/Edit Text/Bespoke/Buyer Pages/Cart/input_CANCEL_btn_apply'

2020-03-20 14:14:45 - [MESSAGE][PASSED] - Keys '*' sent to object: 'Object Repository/ADMIN/Edit Text/Bespoke/Buyer Pages/Cart/input_CANCEL_btn_apply'

2020-03-20 14:14:45 - [TEST_STEP][PASSED] - sendKeys(findTestObject("ADMIN/Edit Text/Bespoke/Buyer Pages/Cart/input_OKAY_btn_apply"), "*"): Keys '*' sent to object: 'Object Repository/ADMIN/Edit Text/Bespoke/Buyer Pages/Cart/input_OKAY_btn_apply'

2020-03-20 14:14:45 - [MESSAGE][PASSED] - Keys '*' sent to object: 'Object Repository/ADMIN/Edit Text/Bespoke/Buyer Pages/Cart/input_OKAY_btn_apply'

2020-03-20 14:14:45 - [TEST_STEP][PASSED] - sendKeys(findTestObject("ADMIN/Edit Text/Bespoke/Buyer Pages/Cart/input_DELIVERY METHOD_popup-title"), "*"): Keys '*' sent to object: 'Object Repository/ADMIN/Edit Text/Bespoke/Buyer Pages/Cart/input_DELIVERY METHOD_popup-title'

2020-03-20 14:14:45 - [MESSAGE][PASSED] - Keys '*' sent to object: 'Object Repository/ADMIN/Edit Text/Bespoke/Buyer Pages/Cart/input_DELIVERY METHOD_popup-title'

2020-03-20 14:14:45 - [TEST_STEP][PASSED] - sendKeys(findTestObject("ADMIN/Edit Text/Bespoke/Buyer Pages/Cart/input_Choose a delivery method later_popup-title2 (1)"), "*"): Keys '*' sent to object: 'Object Repository/ADMIN/Edit Text/Bespoke/Buyer Pages/Cart/input_Choose a delivery method later_popup-title2 (1)'

2020-03-20 14:14:45 - [MESSAGE][PASSED] - Keys '*' sent to object: 'Object Repository/ADMIN/Edit Text/Bespoke/Buyer Pages/Cart/input_Choose a delivery method later_popup-title2 (1)'

2020-03-20 14:14:45 - [TEST_STEP][PASSED] - sendKeys(findTestObject("ADMIN/Edit Text/Bespoke/Buyer Pages/Cart/input_Delivery_popup-title3"), "*"): Keys '*' sent to object: 'Object Repository/ADMIN/Edit Text/Bespoke/Buyer Pages/Cart/input_Delivery_popup-title3'

2020-03-20 14:14:45 - [MESSAGE][PASSED] - Keys '*' sent to object: 'Object Repository/ADMIN/Edit Text/Bespoke/Buyer Pages/Cart/input_Delivery_popup-title3'

2020-03-20 14:14:45 - [TEST_STEP][PASSED] - sendKeys(findTestObject("ADMIN/Edit Text/Bespoke/Buyer Pages/Cart/input_Pick-up_popup-title4"), "*"): Keys '*' sent to object: 'Object Repository/ADMIN/Edit Text/Bespoke/Buyer Pages/Cart/input_Pick-up_popup-title4'

2020-03-20 14:14:46 - [MESSAGE][PASSED] - Keys '*' sent to object: 'Object Repository/ADMIN/Edit Text/Bespoke/Buyer Pages/Cart/input_Pick-up_popup-title4'

2020-03-20 14:14:46 - [TEST_STEP][PASSED] - sendKeys(findTestObject("ADMIN/Edit Text/Bespoke/Buyer Pages/Cart/input_Apply_btn_apply 2"), "*"): Keys '*' sent to object: 'Object Repository/ADMIN/Edit Text/Bespoke/Buyer Pages/Cart/input_Apply_btn_apply 2'

2020-03-20 14:14:46 - [MESSAGE][PASSED] - Keys '*' sent to object: 'Object Repository/ADMIN/Edit Text/Bespoke/Buyer Pages/Cart/input_Apply_btn_apply 2'

2020-03-20 14:14:46 - [TEST_STEP][PASSED] - sendKeys(findTestObject("ADMIN/Edit Text/Bespoke/Buyer Pages/Cart/input_the following"), "*"): Keys '*' sent to object: 'Object Repository/ADMIN/Edit Text/Bespoke/Buyer Pages/Cart/input_the following'

2020-03-20 14:14:46 - [MESSAGE][PASSED] - Keys '*' sent to object: 'Object Repository/ADMIN/Edit Text/Bespoke/Buyer Pages/Cart/input_the following'

2020-03-20 14:14:46 - [TEST_STEP][PASSED] - sendKeys(findTestObject("ADMIN/Edit Text/Bespoke/Buyer Pages/Cart/textarea_Please select a delivery method for each item before checkout If this problem still persists the item may be no longer available ("), "*"): Keys '*' sent to object: 'Object Repository/ADMIN/Edit Text/Bespoke/Buyer Pages/Cart/textarea_Please select a delivery method for each item before checkout If this problem still persists the item may be no longer available ('

2020-03-20 14:14:46 - [MESSAGE][PASSED] - Keys '*' sent to object: 'Object Repository/ADMIN/Edit Text/Bespoke/Buyer Pages/Cart/textarea_Please select a delivery method for each item before checkout If this problem still persists the item may be no longer available ('

2020-03-20 14:14:46 - [TEST_STEP][PASSED] - sendKeys(findTestObject("ADMIN/Edit Text/Bespoke/Buyer Pages/Cart/input_OKAY_btn_apply - Copy"), "*"): Keys '*' sent to object: 'Object Repository/ADMIN/Edit Text/Bespoke/Buyer Pages/Cart/input_OKAY_btn_apply - Copy'

2020-03-20 14:14:47 - [MESSAGE][PASSED] - Keys '*' sent to object: 'Object Repository/ADMIN/Edit Text/Bespoke/Buyer Pages/Cart/input_OKAY_btn_apply - Copy'

2020-03-20 14:14:47 - [TEST_STEP][PASSED] - click(findTestObject("ADMIN/Edit Text/Bespoke/Buyer Pages/Homepage/button_save"), CONTINUE_ON_FAILURE): Object: 'Object Repository/ADMIN/Edit Text/Bespoke/Buyer Pages/Homepage/button_save' is clicked on

2020-03-20 14:14:47 - [MESSAGE][PASSED] - Object: 'Object Repository/ADMIN/Edit Text/Bespoke/Buyer Pages/Homepage/button_save' is clicked on

2020-03-20 14:14:47 - [TEST_STEP][PASSED] - waitForElementVisible(findTestObject("ADMIN/Edit Text/Bespoke/Buyer Pages/Homepage/toaster_success"), 0): Object 'Object Repository/ADMIN/Edit Text/Bespoke/Buyer Pages/Homepage/toaster_success' is visible

2020-03-20 14:14:47 - [MESSAGE][WARNING] - Timeout '0' is invalid. Using default page load timeout: '30'

2020-03-20 14:14:47 - [MESSAGE][PASSED] - Object 'Object Repository/ADMIN/Edit Text/Bespoke/Buyer Pages/Homepage/toaster_success' is visible]]></system-out>
         <system-err><![CDATA[]]></system-err>
      </testcase>
      <testcase name="Test Cases/ADMIN/Language/Edit Text/Bespoke/Buyer Pages/Cart" time="10.001" classname="Test Cases/ADMIN/Language/Edit Text/Bespoke/Buyer Pages/Cart" status="PASSED">
         <system-out><![CDATA[2020-03-20 14:14:47 - [TEST_CASE][PASSED] - Test Cases/ADMIN/Language/Edit Text/Bespoke/Buyer Pages/Cart: Test Cases/ADMIN/Language/Edit Text/Bespoke/Buyer Pages/Cart

2020-03-20 14:14:47 - [TEST_STEP][PASSED] - waitForElementVisible(findTestObject("ADMIN/Edit Text/Bespoke/Buyer Navigation/dd_language"), 0): Object 'Object Repository/ADMIN/Edit Text/Bespoke/Buyer Navigation/dd_language' is visible

2020-03-20 14:14:48 - [MESSAGE][WARNING] - Timeout '0' is invalid. Using default page load timeout: '30'

2020-03-20 14:14:48 - [MESSAGE][PASSED] - Object 'Object Repository/ADMIN/Edit Text/Bespoke/Buyer Navigation/dd_language' is visible

2020-03-20 14:14:48 - [TEST_STEP][PASSED] - selectOptionByLabel(findTestObject("ADMIN/Edit Text/Bespoke/Buyer Navigation/dd_language"), varLanguage, false): All options with label 'Portuguese' are selected in object 'Object Repository/ADMIN/Edit Text/Bespoke/Buyer Navigation/dd_language' 

2020-03-20 14:14:50 - [MESSAGE][PASSED] - All options with label 'Portuguese' are selected in object 'Object Repository/ADMIN/Edit Text/Bespoke/Buyer Navigation/dd_language' 

2020-03-20 14:14:50 - [TEST_STEP][PASSED] - sendKeys(findTestObject("ADMIN/Edit Text/Bespoke/Buyer Pages/Cart/input_MY CART_my-cart"), "*"): Keys '*' sent to object: 'Object Repository/ADMIN/Edit Text/Bespoke/Buyer Pages/Cart/input_MY CART_my-cart'

2020-03-20 14:14:50 - [MESSAGE][PASSED] - Keys '*' sent to object: 'Object Repository/ADMIN/Edit Text/Bespoke/Buyer Pages/Cart/input_MY CART_my-cart'

2020-03-20 14:14:50 - [TEST_STEP][PASSED] - sendKeys(findTestObject("ADMIN/Edit Text/Bespoke/Buyer Pages/Cart/input_It seems like your cart is empty_my-cart-empty-msg"), "*"): Keys '*' sent to object: 'Object Repository/ADMIN/Edit Text/Bespoke/Buyer Pages/Cart/input_It seems like your cart is empty_my-cart-empty-msg'

2020-03-20 14:14:50 - [MESSAGE][PASSED] - Keys '*' sent to object: 'Object Repository/ADMIN/Edit Text/Bespoke/Buyer Pages/Cart/input_It seems like your cart is empty_my-cart-empty-msg'

2020-03-20 14:14:50 - [TEST_STEP][PASSED] - sendKeys(findTestObject("ADMIN/Edit Text/Bespoke/Buyer Pages/Cart/input_Start searching and adding_my-cart-start-search-add"), "*"): Keys '*' sent to object: 'Object Repository/ADMIN/Edit Text/Bespoke/Buyer Pages/Cart/input_Start searching and adding_my-cart-start-search-add'

2020-03-20 14:14:51 - [MESSAGE][PASSED] - Keys '*' sent to object: 'Object Repository/ADMIN/Edit Text/Bespoke/Buyer Pages/Cart/input_Start searching and adding_my-cart-start-search-add'

2020-03-20 14:14:51 - [TEST_STEP][PASSED] - sendKeys(findTestObject("ADMIN/Edit Text/Bespoke/Buyer Pages/Cart/input_CONTINUE SHOPPING_btn_add_cart"), "*"): Keys '*' sent to object: 'Object Repository/ADMIN/Edit Text/Bespoke/Buyer Pages/Cart/input_CONTINUE SHOPPING_btn_add_cart'

2020-03-20 14:14:51 - [MESSAGE][PASSED] - Keys '*' sent to object: 'Object Repository/ADMIN/Edit Text/Bespoke/Buyer Pages/Cart/input_CONTINUE SHOPPING_btn_add_cart'

2020-03-20 14:14:51 - [TEST_STEP][PASSED] - sendKeys(findTestObject("ADMIN/Edit Text/Bespoke/Buyer Pages/Cart/input_CHECKOUT_btn_add_cart"), "*"): Keys '*' sent to object: 'Object Repository/ADMIN/Edit Text/Bespoke/Buyer Pages/Cart/input_CHECKOUT_btn_add_cart'

2020-03-20 14:14:51 - [MESSAGE][PASSED] - Keys '*' sent to object: 'Object Repository/ADMIN/Edit Text/Bespoke/Buyer Pages/Cart/input_CHECKOUT_btn_add_cart'

2020-03-20 14:14:51 - [TEST_STEP][PASSED] - sendKeys(findTestObject("ADMIN/Edit Text/Bespoke/Buyer Pages/Cart/input_Select Delivery Option_delivery-option-text"), "*"): Keys '*' sent to object: 'Object Repository/ADMIN/Edit Text/Bespoke/Buyer Pages/Cart/input_Select Delivery Option_delivery-option-text'

2020-03-20 14:14:51 - [MESSAGE][PASSED] - Keys '*' sent to object: 'Object Repository/ADMIN/Edit Text/Bespoke/Buyer Pages/Cart/input_Select Delivery Option_delivery-option-text'

2020-03-20 14:14:51 - [TEST_STEP][PASSED] - sendKeys(findTestObject("ADMIN/Edit Text/Bespoke/Buyer Pages/Cart/input_Choose one_delivery-start-text"), "*"): Keys '*' sent to object: 'Object Repository/ADMIN/Edit Text/Bespoke/Buyer Pages/Cart/input_Choose one_delivery-start-text'

2020-03-20 14:14:51 - [MESSAGE][PASSED] - Keys '*' sent to object: 'Object Repository/ADMIN/Edit Text/Bespoke/Buyer Pages/Cart/input_Choose one_delivery-start-text'

2020-03-20 14:14:51 - [TEST_STEP][PASSED] - sendKeys(findTestObject("ADMIN/Edit Text/Bespoke/Buyer Pages/Cart/input_Delivery_delivery-text"), "*"): Keys '*' sent to object: 'Object Repository/ADMIN/Edit Text/Bespoke/Buyer Pages/Cart/input_Delivery_delivery-text'

2020-03-20 14:14:52 - [MESSAGE][PASSED] - Keys '*' sent to object: 'Object Repository/ADMIN/Edit Text/Bespoke/Buyer Pages/Cart/input_Delivery_delivery-text'

2020-03-20 14:14:52 - [TEST_STEP][PASSED] - sendKeys(findTestObject("ADMIN/Edit Text/Bespoke/Buyer Pages/Cart/input_Pick-up_pickup-text"), "*"): Keys '*' sent to object: 'Object Repository/ADMIN/Edit Text/Bespoke/Buyer Pages/Cart/input_Pick-up_pickup-text'

2020-03-20 14:14:52 - [MESSAGE][PASSED] - Keys '*' sent to object: 'Object Repository/ADMIN/Edit Text/Bespoke/Buyer Pages/Cart/input_Pick-up_pickup-text'

2020-03-20 14:14:52 - [TEST_STEP][PASSED] - sendKeys(findTestObject("ADMIN/Edit Text/Bespoke/Buyer Pages/Cart/input_CHANGE_btn_add_cart"), "*"): Keys '*' sent to object: 'Object Repository/ADMIN/Edit Text/Bespoke/Buyer Pages/Cart/input_CHANGE_btn_add_cart'

2020-03-20 14:14:52 - [MESSAGE][PASSED] - Keys '*' sent to object: 'Object Repository/ADMIN/Edit Text/Bespoke/Buyer Pages/Cart/input_CHANGE_btn_add_cart'

2020-03-20 14:14:52 - [TEST_STEP][PASSED] - sendKeys(findTestObject("ADMIN/Edit Text/Bespoke/Buyer Pages/Cart/input_Sold Out_cart-sub-total"), "*"): Keys '*' sent to object: 'Object Repository/ADMIN/Edit Text/Bespoke/Buyer Pages/Cart/input_Sold Out_cart-sub-total'

2020-03-20 14:14:52 - [MESSAGE][PASSED] - Keys '*' sent to object: 'Object Repository/ADMIN/Edit Text/Bespoke/Buyer Pages/Cart/input_Sold Out_cart-sub-total'

2020-03-20 14:14:52 - [TEST_STEP][PASSED] - sendKeys(findTestObject("ADMIN/Edit Text/Bespoke/Buyer Pages/Cart/input_QTY_cart-qty"), "*"): Keys '*' sent to object: 'Object Repository/ADMIN/Edit Text/Bespoke/Buyer Pages/Cart/input_QTY_cart-qty'

2020-03-20 14:14:52 - [MESSAGE][PASSED] - Keys '*' sent to object: 'Object Repository/ADMIN/Edit Text/Bespoke/Buyer Pages/Cart/input_QTY_cart-qty'

2020-03-20 14:14:52 - [TEST_STEP][PASSED] - sendKeys(findTestObject("ADMIN/Edit Text/Bespoke/Buyer Pages/Cart/input_Sub Total_cart-sub-total"), "*"): Keys '*' sent to object: 'Object Repository/ADMIN/Edit Text/Bespoke/Buyer Pages/Cart/input_Sub Total_cart-sub-total'

2020-03-20 14:14:53 - [MESSAGE][PASSED] - Keys '*' sent to object: 'Object Repository/ADMIN/Edit Text/Bespoke/Buyer Pages/Cart/input_Sub Total_cart-sub-total'

2020-03-20 14:14:53 - [TEST_STEP][PASSED] - sendKeys(findTestObject("ADMIN/Edit Text/Bespoke/Buyer Pages/Cart/input_Delivery Costs_cart-delivery-costs"), "*"): Keys '*' sent to object: 'Object Repository/ADMIN/Edit Text/Bespoke/Buyer Pages/Cart/input_Delivery Costs_cart-delivery-costs'

2020-03-20 14:14:53 - [MESSAGE][PASSED] - Keys '*' sent to object: 'Object Repository/ADMIN/Edit Text/Bespoke/Buyer Pages/Cart/input_Delivery Costs_cart-delivery-costs'

2020-03-20 14:14:53 - [TEST_STEP][PASSED] - sendKeys(findTestObject("ADMIN/Edit Text/Bespoke/Buyer Pages/Cart/input_Bulk Delivery Discount_cart-bulk-delivery-discount"), "*"): Keys '*' sent to object: 'Object Repository/ADMIN/Edit Text/Bespoke/Buyer Pages/Cart/input_Bulk Delivery Discount_cart-bulk-delivery-discount'

2020-03-20 14:14:54 - [MESSAGE][PASSED] - Keys '*' sent to object: 'Object Repository/ADMIN/Edit Text/Bespoke/Buyer Pages/Cart/input_Bulk Delivery Discount_cart-bulk-delivery-discount'

2020-03-20 14:14:54 - [TEST_STEP][PASSED] - sendKeys(findTestObject("ADMIN/Edit Text/Bespoke/Buyer Pages/Cart/input_TOTAL_cart-total"), "*"): Keys '*' sent to object: 'Object Repository/ADMIN/Edit Text/Bespoke/Buyer Pages/Cart/input_TOTAL_cart-total'

2020-03-20 14:14:54 - [MESSAGE][PASSED] - Keys '*' sent to object: 'Object Repository/ADMIN/Edit Text/Bespoke/Buyer Pages/Cart/input_TOTAL_cart-total'

2020-03-20 14:14:54 - [TEST_STEP][PASSED] - sendKeys(findTestObject("ADMIN/Edit Text/Bespoke/Buyer Pages/Cart/input_REMOVE ITEM_popup-title"), "*"): Keys '*' sent to object: 'Object Repository/ADMIN/Edit Text/Bespoke/Buyer Pages/Cart/input_REMOVE ITEM_popup-title'

2020-03-20 14:14:54 - [MESSAGE][PASSED] - Keys '*' sent to object: 'Object Repository/ADMIN/Edit Text/Bespoke/Buyer Pages/Cart/input_REMOVE ITEM_popup-title'

2020-03-20 14:14:54 - [TEST_STEP][PASSED] - sendKeys(findTestObject("ADMIN/Edit Text/Bespoke/Buyer Pages/Cart/textarea_You sure about removing this item from your list (Itll be gone forever)"), "*"): Keys '*' sent to object: 'Object Repository/ADMIN/Edit Text/Bespoke/Buyer Pages/Cart/textarea_You sure about removing this item from your list (Itll be gone forever)'

2020-03-20 14:14:54 - [MESSAGE][PASSED] - Keys '*' sent to object: 'Object Repository/ADMIN/Edit Text/Bespoke/Buyer Pages/Cart/textarea_You sure about removing this item from your list (Itll be gone forever)'

2020-03-20 14:14:54 - [TEST_STEP][PASSED] - sendKeys(findTestObject("ADMIN/Edit Text/Bespoke/Buyer Pages/Cart/input_CANCEL_btn_apply"), "*"): Keys '*' sent to object: 'Object Repository/ADMIN/Edit Text/Bespoke/Buyer Pages/Cart/input_CANCEL_btn_apply'

2020-03-20 14:14:54 - [MESSAGE][PASSED] - Keys '*' sent to object: 'Object Repository/ADMIN/Edit Text/Bespoke/Buyer Pages/Cart/input_CANCEL_btn_apply'

2020-03-20 14:14:54 - [TEST_STEP][PASSED] - sendKeys(findTestObject("ADMIN/Edit Text/Bespoke/Buyer Pages/Cart/input_OKAY_btn_apply"), "*"): Keys '*' sent to object: 'Object Repository/ADMIN/Edit Text/Bespoke/Buyer Pages/Cart/input_OKAY_btn_apply'

2020-03-20 14:14:54 - [MESSAGE][PASSED] - Keys '*' sent to object: 'Object Repository/ADMIN/Edit Text/Bespoke/Buyer Pages/Cart/input_OKAY_btn_apply'

2020-03-20 14:14:54 - [TEST_STEP][PASSED] - sendKeys(findTestObject("ADMIN/Edit Text/Bespoke/Buyer Pages/Cart/input_DELIVERY METHOD_popup-title"), "*"): Keys '*' sent to object: 'Object Repository/ADMIN/Edit Text/Bespoke/Buyer Pages/Cart/input_DELIVERY METHOD_popup-title'

2020-03-20 14:14:55 - [MESSAGE][PASSED] - Keys '*' sent to object: 'Object Repository/ADMIN/Edit Text/Bespoke/Buyer Pages/Cart/input_DELIVERY METHOD_popup-title'

2020-03-20 14:14:55 - [TEST_STEP][PASSED] - sendKeys(findTestObject("ADMIN/Edit Text/Bespoke/Buyer Pages/Cart/input_Choose a delivery method later_popup-title2 (1)"), "*"): Keys '*' sent to object: 'Object Repository/ADMIN/Edit Text/Bespoke/Buyer Pages/Cart/input_Choose a delivery method later_popup-title2 (1)'

2020-03-20 14:14:55 - [MESSAGE][PASSED] - Keys '*' sent to object: 'Object Repository/ADMIN/Edit Text/Bespoke/Buyer Pages/Cart/input_Choose a delivery method later_popup-title2 (1)'

2020-03-20 14:14:55 - [TEST_STEP][PASSED] - sendKeys(findTestObject("ADMIN/Edit Text/Bespoke/Buyer Pages/Cart/input_Delivery_popup-title3"), "*"): Keys '*' sent to object: 'Object Repository/ADMIN/Edit Text/Bespoke/Buyer Pages/Cart/input_Delivery_popup-title3'

2020-03-20 14:14:55 - [MESSAGE][PASSED] - Keys '*' sent to object: 'Object Repository/ADMIN/Edit Text/Bespoke/Buyer Pages/Cart/input_Delivery_popup-title3'

2020-03-20 14:14:55 - [TEST_STEP][PASSED] - sendKeys(findTestObject("ADMIN/Edit Text/Bespoke/Buyer Pages/Cart/input_Pick-up_popup-title4"), "*"): Keys '*' sent to object: 'Object Repository/ADMIN/Edit Text/Bespoke/Buyer Pages/Cart/input_Pick-up_popup-title4'

2020-03-20 14:14:55 - [MESSAGE][PASSED] - Keys '*' sent to object: 'Object Repository/ADMIN/Edit Text/Bespoke/Buyer Pages/Cart/input_Pick-up_popup-title4'

2020-03-20 14:14:55 - [TEST_STEP][PASSED] - sendKeys(findTestObject("ADMIN/Edit Text/Bespoke/Buyer Pages/Cart/input_Apply_btn_apply 2"), "*"): Keys '*' sent to object: 'Object Repository/ADMIN/Edit Text/Bespoke/Buyer Pages/Cart/input_Apply_btn_apply 2'

2020-03-20 14:14:56 - [MESSAGE][PASSED] - Keys '*' sent to object: 'Object Repository/ADMIN/Edit Text/Bespoke/Buyer Pages/Cart/input_Apply_btn_apply 2'

2020-03-20 14:14:56 - [TEST_STEP][PASSED] - sendKeys(findTestObject("ADMIN/Edit Text/Bespoke/Buyer Pages/Cart/input_the following"), "*"): Keys '*' sent to object: 'Object Repository/ADMIN/Edit Text/Bespoke/Buyer Pages/Cart/input_the following'

2020-03-20 14:14:56 - [MESSAGE][PASSED] - Keys '*' sent to object: 'Object Repository/ADMIN/Edit Text/Bespoke/Buyer Pages/Cart/input_the following'

2020-03-20 14:14:56 - [TEST_STEP][PASSED] - sendKeys(findTestObject("ADMIN/Edit Text/Bespoke/Buyer Pages/Cart/textarea_Please select a delivery method for each item before checkout If this problem still persists the item may be no longer available ("), "*"): Keys '*' sent to object: 'Object Repository/ADMIN/Edit Text/Bespoke/Buyer Pages/Cart/textarea_Please select a delivery method for each item before checkout If this problem still persists the item may be no longer available ('

2020-03-20 14:14:56 - [MESSAGE][PASSED] - Keys '*' sent to object: 'Object Repository/ADMIN/Edit Text/Bespoke/Buyer Pages/Cart/textarea_Please select a delivery method for each item before checkout If this problem still persists the item may be no longer available ('

2020-03-20 14:14:56 - [TEST_STEP][PASSED] - sendKeys(findTestObject("ADMIN/Edit Text/Bespoke/Buyer Pages/Cart/input_OKAY_btn_apply - Copy"), "*"): Keys '*' sent to object: 'Object Repository/ADMIN/Edit Text/Bespoke/Buyer Pages/Cart/input_OKAY_btn_apply - Copy'

2020-03-20 14:14:56 - [MESSAGE][PASSED] - Keys '*' sent to object: 'Object Repository/ADMIN/Edit Text/Bespoke/Buyer Pages/Cart/input_OKAY_btn_apply - Copy'

2020-03-20 14:14:56 - [TEST_STEP][PASSED] - click(findTestObject("ADMIN/Edit Text/Bespoke/Buyer Pages/Homepage/button_save"), CONTINUE_ON_FAILURE): Object: 'Object Repository/ADMIN/Edit Text/Bespoke/Buyer Pages/Homepage/button_save' is clicked on

2020-03-20 14:14:57 - [MESSAGE][PASSED] - Object: 'Object Repository/ADMIN/Edit Text/Bespoke/Buyer Pages/Homepage/button_save' is clicked on

2020-03-20 14:14:57 - [TEST_STEP][PASSED] - waitForElementVisible(findTestObject("ADMIN/Edit Text/Bespoke/Buyer Pages/Homepage/toaster_success"), 0): Object 'Object Repository/ADMIN/Edit Text/Bespoke/Buyer Pages/Homepage/toaster_success' is visible

2020-03-20 14:14:57 - [MESSAGE][WARNING] - Timeout '0' is invalid. Using default page load timeout: '30'

2020-03-20 14:14:57 - [MESSAGE][PASSED] - Object 'Object Repository/ADMIN/Edit Text/Bespoke/Buyer Pages/Homepage/toaster_success' is visible]]></system-out>
         <system-err><![CDATA[]]></system-err>
      </testcase>
      <testcase name="Test Cases/ADMIN/Language/Edit Text/Bespoke/Buyer Pages/Cart" time="8.964" classname="Test Cases/ADMIN/Language/Edit Text/Bespoke/Buyer Pages/Cart" status="PASSED">
         <system-out><![CDATA[2020-03-20 14:14:57 - [TEST_CASE][PASSED] - Test Cases/ADMIN/Language/Edit Text/Bespoke/Buyer Pages/Cart: Test Cases/ADMIN/Language/Edit Text/Bespoke/Buyer Pages/Cart

2020-03-20 14:14:57 - [TEST_STEP][PASSED] - waitForElementVisible(findTestObject("ADMIN/Edit Text/Bespoke/Buyer Navigation/dd_language"), 0): Object 'Object Repository/ADMIN/Edit Text/Bespoke/Buyer Navigation/dd_language' is visible

2020-03-20 14:14:58 - [MESSAGE][WARNING] - Timeout '0' is invalid. Using default page load timeout: '30'

2020-03-20 14:14:58 - [MESSAGE][PASSED] - Object 'Object Repository/ADMIN/Edit Text/Bespoke/Buyer Navigation/dd_language' is visible

2020-03-20 14:14:58 - [TEST_STEP][PASSED] - selectOptionByLabel(findTestObject("ADMIN/Edit Text/Bespoke/Buyer Navigation/dd_language"), varLanguage, false): All options with label 'Indonesian' are selected in object 'Object Repository/ADMIN/Edit Text/Bespoke/Buyer Navigation/dd_language' 

2020-03-20 14:14:59 - [MESSAGE][PASSED] - All options with label 'Indonesian' are selected in object 'Object Repository/ADMIN/Edit Text/Bespoke/Buyer Navigation/dd_language' 

2020-03-20 14:14:59 - [TEST_STEP][PASSED] - sendKeys(findTestObject("ADMIN/Edit Text/Bespoke/Buyer Pages/Cart/input_MY CART_my-cart"), "*"): Keys '*' sent to object: 'Object Repository/ADMIN/Edit Text/Bespoke/Buyer Pages/Cart/input_MY CART_my-cart'

2020-03-20 14:14:59 - [MESSAGE][PASSED] - Keys '*' sent to object: 'Object Repository/ADMIN/Edit Text/Bespoke/Buyer Pages/Cart/input_MY CART_my-cart'

2020-03-20 14:14:59 - [TEST_STEP][PASSED] - sendKeys(findTestObject("ADMIN/Edit Text/Bespoke/Buyer Pages/Cart/input_It seems like your cart is empty_my-cart-empty-msg"), "*"): Keys '*' sent to object: 'Object Repository/ADMIN/Edit Text/Bespoke/Buyer Pages/Cart/input_It seems like your cart is empty_my-cart-empty-msg'

2020-03-20 14:14:59 - [MESSAGE][PASSED] - Keys '*' sent to object: 'Object Repository/ADMIN/Edit Text/Bespoke/Buyer Pages/Cart/input_It seems like your cart is empty_my-cart-empty-msg'

2020-03-20 14:14:59 - [TEST_STEP][PASSED] - sendKeys(findTestObject("ADMIN/Edit Text/Bespoke/Buyer Pages/Cart/input_Start searching and adding_my-cart-start-search-add"), "*"): Keys '*' sent to object: 'Object Repository/ADMIN/Edit Text/Bespoke/Buyer Pages/Cart/input_Start searching and adding_my-cart-start-search-add'

2020-03-20 14:15:00 - [MESSAGE][PASSED] - Keys '*' sent to object: 'Object Repository/ADMIN/Edit Text/Bespoke/Buyer Pages/Cart/input_Start searching and adding_my-cart-start-search-add'

2020-03-20 14:15:00 - [TEST_STEP][PASSED] - sendKeys(findTestObject("ADMIN/Edit Text/Bespoke/Buyer Pages/Cart/input_CONTINUE SHOPPING_btn_add_cart"), "*"): Keys '*' sent to object: 'Object Repository/ADMIN/Edit Text/Bespoke/Buyer Pages/Cart/input_CONTINUE SHOPPING_btn_add_cart'

2020-03-20 14:15:00 - [MESSAGE][PASSED] - Keys '*' sent to object: 'Object Repository/ADMIN/Edit Text/Bespoke/Buyer Pages/Cart/input_CONTINUE SHOPPING_btn_add_cart'

2020-03-20 14:15:00 - [TEST_STEP][PASSED] - sendKeys(findTestObject("ADMIN/Edit Text/Bespoke/Buyer Pages/Cart/input_CHECKOUT_btn_add_cart"), "*"): Keys '*' sent to object: 'Object Repository/ADMIN/Edit Text/Bespoke/Buyer Pages/Cart/input_CHECKOUT_btn_add_cart'

2020-03-20 14:15:00 - [MESSAGE][PASSED] - Keys '*' sent to object: 'Object Repository/ADMIN/Edit Text/Bespoke/Buyer Pages/Cart/input_CHECKOUT_btn_add_cart'

2020-03-20 14:15:00 - [TEST_STEP][PASSED] - sendKeys(findTestObject("ADMIN/Edit Text/Bespoke/Buyer Pages/Cart/input_Select Delivery Option_delivery-option-text"), "*"): Keys '*' sent to object: 'Object Repository/ADMIN/Edit Text/Bespoke/Buyer Pages/Cart/input_Select Delivery Option_delivery-option-text'

2020-03-20 14:15:00 - [MESSAGE][PASSED] - Keys '*' sent to object: 'Object Repository/ADMIN/Edit Text/Bespoke/Buyer Pages/Cart/input_Select Delivery Option_delivery-option-text'

2020-03-20 14:15:00 - [TEST_STEP][PASSED] - sendKeys(findTestObject("ADMIN/Edit Text/Bespoke/Buyer Pages/Cart/input_Choose one_delivery-start-text"), "*"): Keys '*' sent to object: 'Object Repository/ADMIN/Edit Text/Bespoke/Buyer Pages/Cart/input_Choose one_delivery-start-text'

2020-03-20 14:15:01 - [MESSAGE][PASSED] - Keys '*' sent to object: 'Object Repository/ADMIN/Edit Text/Bespoke/Buyer Pages/Cart/input_Choose one_delivery-start-text'

2020-03-20 14:15:01 - [TEST_STEP][PASSED] - sendKeys(findTestObject("ADMIN/Edit Text/Bespoke/Buyer Pages/Cart/input_Delivery_delivery-text"), "*"): Keys '*' sent to object: 'Object Repository/ADMIN/Edit Text/Bespoke/Buyer Pages/Cart/input_Delivery_delivery-text'

2020-03-20 14:15:01 - [MESSAGE][PASSED] - Keys '*' sent to object: 'Object Repository/ADMIN/Edit Text/Bespoke/Buyer Pages/Cart/input_Delivery_delivery-text'

2020-03-20 14:15:01 - [TEST_STEP][PASSED] - sendKeys(findTestObject("ADMIN/Edit Text/Bespoke/Buyer Pages/Cart/input_Pick-up_pickup-text"), "*"): Keys '*' sent to object: 'Object Repository/ADMIN/Edit Text/Bespoke/Buyer Pages/Cart/input_Pick-up_pickup-text'

2020-03-20 14:15:01 - [MESSAGE][PASSED] - Keys '*' sent to object: 'Object Repository/ADMIN/Edit Text/Bespoke/Buyer Pages/Cart/input_Pick-up_pickup-text'

2020-03-20 14:15:01 - [TEST_STEP][PASSED] - sendKeys(findTestObject("ADMIN/Edit Text/Bespoke/Buyer Pages/Cart/input_CHANGE_btn_add_cart"), "*"): Keys '*' sent to object: 'Object Repository/ADMIN/Edit Text/Bespoke/Buyer Pages/Cart/input_CHANGE_btn_add_cart'

2020-03-20 14:15:01 - [MESSAGE][PASSED] - Keys '*' sent to object: 'Object Repository/ADMIN/Edit Text/Bespoke/Buyer Pages/Cart/input_CHANGE_btn_add_cart'

2020-03-20 14:15:01 - [TEST_STEP][PASSED] - sendKeys(findTestObject("ADMIN/Edit Text/Bespoke/Buyer Pages/Cart/input_Sold Out_cart-sub-total"), "*"): Keys '*' sent to object: 'Object Repository/ADMIN/Edit Text/Bespoke/Buyer Pages/Cart/input_Sold Out_cart-sub-total'

2020-03-20 14:15:02 - [MESSAGE][PASSED] - Keys '*' sent to object: 'Object Repository/ADMIN/Edit Text/Bespoke/Buyer Pages/Cart/input_Sold Out_cart-sub-total'

2020-03-20 14:15:02 - [TEST_STEP][PASSED] - sendKeys(findTestObject("ADMIN/Edit Text/Bespoke/Buyer Pages/Cart/input_QTY_cart-qty"), "*"): Keys '*' sent to object: 'Object Repository/ADMIN/Edit Text/Bespoke/Buyer Pages/Cart/input_QTY_cart-qty'

2020-03-20 14:15:02 - [MESSAGE][PASSED] - Keys '*' sent to object: 'Object Repository/ADMIN/Edit Text/Bespoke/Buyer Pages/Cart/input_QTY_cart-qty'

2020-03-20 14:15:02 - [TEST_STEP][PASSED] - sendKeys(findTestObject("ADMIN/Edit Text/Bespoke/Buyer Pages/Cart/input_Sub Total_cart-sub-total"), "*"): Keys '*' sent to object: 'Object Repository/ADMIN/Edit Text/Bespoke/Buyer Pages/Cart/input_Sub Total_cart-sub-total'

2020-03-20 14:15:02 - [MESSAGE][PASSED] - Keys '*' sent to object: 'Object Repository/ADMIN/Edit Text/Bespoke/Buyer Pages/Cart/input_Sub Total_cart-sub-total'

2020-03-20 14:15:02 - [TEST_STEP][PASSED] - sendKeys(findTestObject("ADMIN/Edit Text/Bespoke/Buyer Pages/Cart/input_Delivery Costs_cart-delivery-costs"), "*"): Keys '*' sent to object: 'Object Repository/ADMIN/Edit Text/Bespoke/Buyer Pages/Cart/input_Delivery Costs_cart-delivery-costs'

2020-03-20 14:15:02 - [MESSAGE][PASSED] - Keys '*' sent to object: 'Object Repository/ADMIN/Edit Text/Bespoke/Buyer Pages/Cart/input_Delivery Costs_cart-delivery-costs'

2020-03-20 14:15:02 - [TEST_STEP][PASSED] - sendKeys(findTestObject("ADMIN/Edit Text/Bespoke/Buyer Pages/Cart/input_Bulk Delivery Discount_cart-bulk-delivery-discount"), "*"): Keys '*' sent to object: 'Object Repository/ADMIN/Edit Text/Bespoke/Buyer Pages/Cart/input_Bulk Delivery Discount_cart-bulk-delivery-discount'

2020-03-20 14:15:03 - [MESSAGE][PASSED] - Keys '*' sent to object: 'Object Repository/ADMIN/Edit Text/Bespoke/Buyer Pages/Cart/input_Bulk Delivery Discount_cart-bulk-delivery-discount'

2020-03-20 14:15:03 - [TEST_STEP][PASSED] - sendKeys(findTestObject("ADMIN/Edit Text/Bespoke/Buyer Pages/Cart/input_TOTAL_cart-total"), "*"): Keys '*' sent to object: 'Object Repository/ADMIN/Edit Text/Bespoke/Buyer Pages/Cart/input_TOTAL_cart-total'

2020-03-20 14:15:03 - [MESSAGE][PASSED] - Keys '*' sent to object: 'Object Repository/ADMIN/Edit Text/Bespoke/Buyer Pages/Cart/input_TOTAL_cart-total'

2020-03-20 14:15:03 - [TEST_STEP][PASSED] - sendKeys(findTestObject("ADMIN/Edit Text/Bespoke/Buyer Pages/Cart/input_REMOVE ITEM_popup-title"), "*"): Keys '*' sent to object: 'Object Repository/ADMIN/Edit Text/Bespoke/Buyer Pages/Cart/input_REMOVE ITEM_popup-title'

2020-03-20 14:15:03 - [MESSAGE][PASSED] - Keys '*' sent to object: 'Object Repository/ADMIN/Edit Text/Bespoke/Buyer Pages/Cart/input_REMOVE ITEM_popup-title'

2020-03-20 14:15:03 - [TEST_STEP][PASSED] - sendKeys(findTestObject("ADMIN/Edit Text/Bespoke/Buyer Pages/Cart/textarea_You sure about removing this item from your list (Itll be gone forever)"), "*"): Keys '*' sent to object: 'Object Repository/ADMIN/Edit Text/Bespoke/Buyer Pages/Cart/textarea_You sure about removing this item from your list (Itll be gone forever)'

2020-03-20 14:15:03 - [MESSAGE][PASSED] - Keys '*' sent to object: 'Object Repository/ADMIN/Edit Text/Bespoke/Buyer Pages/Cart/textarea_You sure about removing this item from your list (Itll be gone forever)'

2020-03-20 14:15:03 - [TEST_STEP][PASSED] - sendKeys(findTestObject("ADMIN/Edit Text/Bespoke/Buyer Pages/Cart/input_CANCEL_btn_apply"), "*"): Keys '*' sent to object: 'Object Repository/ADMIN/Edit Text/Bespoke/Buyer Pages/Cart/input_CANCEL_btn_apply'

2020-03-20 14:15:03 - [MESSAGE][PASSED] - Keys '*' sent to object: 'Object Repository/ADMIN/Edit Text/Bespoke/Buyer Pages/Cart/input_CANCEL_btn_apply'

2020-03-20 14:15:03 - [TEST_STEP][PASSED] - sendKeys(findTestObject("ADMIN/Edit Text/Bespoke/Buyer Pages/Cart/input_OKAY_btn_apply"), "*"): Keys '*' sent to object: 'Object Repository/ADMIN/Edit Text/Bespoke/Buyer Pages/Cart/input_OKAY_btn_apply'

2020-03-20 14:15:04 - [MESSAGE][PASSED] - Keys '*' sent to object: 'Object Repository/ADMIN/Edit Text/Bespoke/Buyer Pages/Cart/input_OKAY_btn_apply'

2020-03-20 14:15:04 - [TEST_STEP][PASSED] - sendKeys(findTestObject("ADMIN/Edit Text/Bespoke/Buyer Pages/Cart/input_DELIVERY METHOD_popup-title"), "*"): Keys '*' sent to object: 'Object Repository/ADMIN/Edit Text/Bespoke/Buyer Pages/Cart/input_DELIVERY METHOD_popup-title'

2020-03-20 14:15:04 - [MESSAGE][PASSED] - Keys '*' sent to object: 'Object Repository/ADMIN/Edit Text/Bespoke/Buyer Pages/Cart/input_DELIVERY METHOD_popup-title'

2020-03-20 14:15:04 - [TEST_STEP][PASSED] - sendKeys(findTestObject("ADMIN/Edit Text/Bespoke/Buyer Pages/Cart/input_Choose a delivery method later_popup-title2 (1)"), "*"): Keys '*' sent to object: 'Object Repository/ADMIN/Edit Text/Bespoke/Buyer Pages/Cart/input_Choose a delivery method later_popup-title2 (1)'

2020-03-20 14:15:04 - [MESSAGE][PASSED] - Keys '*' sent to object: 'Object Repository/ADMIN/Edit Text/Bespoke/Buyer Pages/Cart/input_Choose a delivery method later_popup-title2 (1)'

2020-03-20 14:15:04 - [TEST_STEP][PASSED] - sendKeys(findTestObject("ADMIN/Edit Text/Bespoke/Buyer Pages/Cart/input_Delivery_popup-title3"), "*"): Keys '*' sent to object: 'Object Repository/ADMIN/Edit Text/Bespoke/Buyer Pages/Cart/input_Delivery_popup-title3'

2020-03-20 14:15:04 - [MESSAGE][PASSED] - Keys '*' sent to object: 'Object Repository/ADMIN/Edit Text/Bespoke/Buyer Pages/Cart/input_Delivery_popup-title3'

2020-03-20 14:15:04 - [TEST_STEP][PASSED] - sendKeys(findTestObject("ADMIN/Edit Text/Bespoke/Buyer Pages/Cart/input_Pick-up_popup-title4"), "*"): Keys '*' sent to object: 'Object Repository/ADMIN/Edit Text/Bespoke/Buyer Pages/Cart/input_Pick-up_popup-title4'

2020-03-20 14:15:05 - [MESSAGE][PASSED] - Keys '*' sent to object: 'Object Repository/ADMIN/Edit Text/Bespoke/Buyer Pages/Cart/input_Pick-up_popup-title4'

2020-03-20 14:15:05 - [TEST_STEP][PASSED] - sendKeys(findTestObject("ADMIN/Edit Text/Bespoke/Buyer Pages/Cart/input_Apply_btn_apply 2"), "*"): Keys '*' sent to object: 'Object Repository/ADMIN/Edit Text/Bespoke/Buyer Pages/Cart/input_Apply_btn_apply 2'

2020-03-20 14:15:05 - [MESSAGE][PASSED] - Keys '*' sent to object: 'Object Repository/ADMIN/Edit Text/Bespoke/Buyer Pages/Cart/input_Apply_btn_apply 2'

2020-03-20 14:15:05 - [TEST_STEP][PASSED] - sendKeys(findTestObject("ADMIN/Edit Text/Bespoke/Buyer Pages/Cart/input_the following"), "*"): Keys '*' sent to object: 'Object Repository/ADMIN/Edit Text/Bespoke/Buyer Pages/Cart/input_the following'

2020-03-20 14:15:05 - [MESSAGE][PASSED] - Keys '*' sent to object: 'Object Repository/ADMIN/Edit Text/Bespoke/Buyer Pages/Cart/input_the following'

2020-03-20 14:15:05 - [TEST_STEP][PASSED] - sendKeys(findTestObject("ADMIN/Edit Text/Bespoke/Buyer Pages/Cart/textarea_Please select a delivery method for each item before checkout If this problem still persists the item may be no longer available ("), "*"): Keys '*' sent to object: 'Object Repository/ADMIN/Edit Text/Bespoke/Buyer Pages/Cart/textarea_Please select a delivery method for each item before checkout If this problem still persists the item may be no longer available ('

2020-03-20 14:15:05 - [MESSAGE][PASSED] - Keys '*' sent to object: 'Object Repository/ADMIN/Edit Text/Bespoke/Buyer Pages/Cart/textarea_Please select a delivery method for each item before checkout If this problem still persists the item may be no longer available ('

2020-03-20 14:15:05 - [TEST_STEP][PASSED] - sendKeys(findTestObject("ADMIN/Edit Text/Bespoke/Buyer Pages/Cart/input_OKAY_btn_apply - Copy"), "*"): Keys '*' sent to object: 'Object Repository/ADMIN/Edit Text/Bespoke/Buyer Pages/Cart/input_OKAY_btn_apply - Copy'

2020-03-20 14:15:06 - [MESSAGE][PASSED] - Keys '*' sent to object: 'Object Repository/ADMIN/Edit Text/Bespoke/Buyer Pages/Cart/input_OKAY_btn_apply - Copy'

2020-03-20 14:15:06 - [TEST_STEP][PASSED] - click(findTestObject("ADMIN/Edit Text/Bespoke/Buyer Pages/Homepage/button_save"), CONTINUE_ON_FAILURE): Object: 'Object Repository/ADMIN/Edit Text/Bespoke/Buyer Pages/Homepage/button_save' is clicked on

2020-03-20 14:15:06 - [MESSAGE][PASSED] - Object: 'Object Repository/ADMIN/Edit Text/Bespoke/Buyer Pages/Homepage/button_save' is clicked on

2020-03-20 14:15:06 - [TEST_STEP][PASSED] - waitForElementVisible(findTestObject("ADMIN/Edit Text/Bespoke/Buyer Pages/Homepage/toaster_success"), 0): Object 'Object Repository/ADMIN/Edit Text/Bespoke/Buyer Pages/Homepage/toaster_success' is visible

2020-03-20 14:15:06 - [MESSAGE][WARNING] - Timeout '0' is invalid. Using default page load timeout: '30'

2020-03-20 14:15:06 - [MESSAGE][PASSED] - Object 'Object Repository/ADMIN/Edit Text/Bespoke/Buyer Pages/Homepage/toaster_success' is visible]]></system-out>
         <system-err><![CDATA[]]></system-err>
      </testcase>
      <testcase name="Test Cases/ADMIN/Language/Edit Text/Bespoke/Buyer Pages/Cart" time="9.08" classname="Test Cases/ADMIN/Language/Edit Text/Bespoke/Buyer Pages/Cart" status="PASSED">
         <system-out><![CDATA[2020-03-20 14:15:06 - [TEST_CASE][PASSED] - Test Cases/ADMIN/Language/Edit Text/Bespoke/Buyer Pages/Cart: Test Cases/ADMIN/Language/Edit Text/Bespoke/Buyer Pages/Cart

2020-03-20 14:15:06 - [TEST_STEP][PASSED] - waitForElementVisible(findTestObject("ADMIN/Edit Text/Bespoke/Buyer Navigation/dd_language"), 0): Object 'Object Repository/ADMIN/Edit Text/Bespoke/Buyer Navigation/dd_language' is visible

2020-03-20 14:15:07 - [MESSAGE][WARNING] - Timeout '0' is invalid. Using default page load timeout: '30'

2020-03-20 14:15:07 - [MESSAGE][PASSED] - Object 'Object Repository/ADMIN/Edit Text/Bespoke/Buyer Navigation/dd_language' is visible

2020-03-20 14:15:07 - [TEST_STEP][PASSED] - selectOptionByLabel(findTestObject("ADMIN/Edit Text/Bespoke/Buyer Navigation/dd_language"), varLanguage, false): All options with label 'Russian' are selected in object 'Object Repository/ADMIN/Edit Text/Bespoke/Buyer Navigation/dd_language' 

2020-03-20 14:15:08 - [MESSAGE][PASSED] - All options with label 'Russian' are selected in object 'Object Repository/ADMIN/Edit Text/Bespoke/Buyer Navigation/dd_language' 

2020-03-20 14:15:08 - [TEST_STEP][PASSED] - sendKeys(findTestObject("ADMIN/Edit Text/Bespoke/Buyer Pages/Cart/input_MY CART_my-cart"), "*"): Keys '*' sent to object: 'Object Repository/ADMIN/Edit Text/Bespoke/Buyer Pages/Cart/input_MY CART_my-cart'

2020-03-20 14:15:08 - [MESSAGE][PASSED] - Keys '*' sent to object: 'Object Repository/ADMIN/Edit Text/Bespoke/Buyer Pages/Cart/input_MY CART_my-cart'

2020-03-20 14:15:08 - [TEST_STEP][PASSED] - sendKeys(findTestObject("ADMIN/Edit Text/Bespoke/Buyer Pages/Cart/input_It seems like your cart is empty_my-cart-empty-msg"), "*"): Keys '*' sent to object: 'Object Repository/ADMIN/Edit Text/Bespoke/Buyer Pages/Cart/input_It seems like your cart is empty_my-cart-empty-msg'

2020-03-20 14:15:09 - [MESSAGE][PASSED] - Keys '*' sent to object: 'Object Repository/ADMIN/Edit Text/Bespoke/Buyer Pages/Cart/input_It seems like your cart is empty_my-cart-empty-msg'

2020-03-20 14:15:09 - [TEST_STEP][PASSED] - sendKeys(findTestObject("ADMIN/Edit Text/Bespoke/Buyer Pages/Cart/input_Start searching and adding_my-cart-start-search-add"), "*"): Keys '*' sent to object: 'Object Repository/ADMIN/Edit Text/Bespoke/Buyer Pages/Cart/input_Start searching and adding_my-cart-start-search-add'

2020-03-20 14:15:09 - [MESSAGE][PASSED] - Keys '*' sent to object: 'Object Repository/ADMIN/Edit Text/Bespoke/Buyer Pages/Cart/input_Start searching and adding_my-cart-start-search-add'

2020-03-20 14:15:09 - [TEST_STEP][PASSED] - sendKeys(findTestObject("ADMIN/Edit Text/Bespoke/Buyer Pages/Cart/input_CONTINUE SHOPPING_btn_add_cart"), "*"): Keys '*' sent to object: 'Object Repository/ADMIN/Edit Text/Bespoke/Buyer Pages/Cart/input_CONTINUE SHOPPING_btn_add_cart'

2020-03-20 14:15:09 - [MESSAGE][PASSED] - Keys '*' sent to object: 'Object Repository/ADMIN/Edit Text/Bespoke/Buyer Pages/Cart/input_CONTINUE SHOPPING_btn_add_cart'

2020-03-20 14:15:09 - [TEST_STEP][PASSED] - sendKeys(findTestObject("ADMIN/Edit Text/Bespoke/Buyer Pages/Cart/input_CHECKOUT_btn_add_cart"), "*"): Keys '*' sent to object: 'Object Repository/ADMIN/Edit Text/Bespoke/Buyer Pages/Cart/input_CHECKOUT_btn_add_cart'

2020-03-20 14:15:10 - [MESSAGE][PASSED] - Keys '*' sent to object: 'Object Repository/ADMIN/Edit Text/Bespoke/Buyer Pages/Cart/input_CHECKOUT_btn_add_cart'

2020-03-20 14:15:10 - [TEST_STEP][PASSED] - sendKeys(findTestObject("ADMIN/Edit Text/Bespoke/Buyer Pages/Cart/input_Select Delivery Option_delivery-option-text"), "*"): Keys '*' sent to object: 'Object Repository/ADMIN/Edit Text/Bespoke/Buyer Pages/Cart/input_Select Delivery Option_delivery-option-text'

2020-03-20 14:15:10 - [MESSAGE][PASSED] - Keys '*' sent to object: 'Object Repository/ADMIN/Edit Text/Bespoke/Buyer Pages/Cart/input_Select Delivery Option_delivery-option-text'

2020-03-20 14:15:10 - [TEST_STEP][PASSED] - sendKeys(findTestObject("ADMIN/Edit Text/Bespoke/Buyer Pages/Cart/input_Choose one_delivery-start-text"), "*"): Keys '*' sent to object: 'Object Repository/ADMIN/Edit Text/Bespoke/Buyer Pages/Cart/input_Choose one_delivery-start-text'

2020-03-20 14:15:10 - [MESSAGE][PASSED] - Keys '*' sent to object: 'Object Repository/ADMIN/Edit Text/Bespoke/Buyer Pages/Cart/input_Choose one_delivery-start-text'

2020-03-20 14:15:10 - [TEST_STEP][PASSED] - sendKeys(findTestObject("ADMIN/Edit Text/Bespoke/Buyer Pages/Cart/input_Delivery_delivery-text"), "*"): Keys '*' sent to object: 'Object Repository/ADMIN/Edit Text/Bespoke/Buyer Pages/Cart/input_Delivery_delivery-text'

2020-03-20 14:15:10 - [MESSAGE][PASSED] - Keys '*' sent to object: 'Object Repository/ADMIN/Edit Text/Bespoke/Buyer Pages/Cart/input_Delivery_delivery-text'

2020-03-20 14:15:10 - [TEST_STEP][PASSED] - sendKeys(findTestObject("ADMIN/Edit Text/Bespoke/Buyer Pages/Cart/input_Pick-up_pickup-text"), "*"): Keys '*' sent to object: 'Object Repository/ADMIN/Edit Text/Bespoke/Buyer Pages/Cart/input_Pick-up_pickup-text'

2020-03-20 14:15:10 - [MESSAGE][PASSED] - Keys '*' sent to object: 'Object Repository/ADMIN/Edit Text/Bespoke/Buyer Pages/Cart/input_Pick-up_pickup-text'

2020-03-20 14:15:10 - [TEST_STEP][PASSED] - sendKeys(findTestObject("ADMIN/Edit Text/Bespoke/Buyer Pages/Cart/input_CHANGE_btn_add_cart"), "*"): Keys '*' sent to object: 'Object Repository/ADMIN/Edit Text/Bespoke/Buyer Pages/Cart/input_CHANGE_btn_add_cart'

2020-03-20 14:15:11 - [MESSAGE][PASSED] - Keys '*' sent to object: 'Object Repository/ADMIN/Edit Text/Bespoke/Buyer Pages/Cart/input_CHANGE_btn_add_cart'

2020-03-20 14:15:11 - [TEST_STEP][PASSED] - sendKeys(findTestObject("ADMIN/Edit Text/Bespoke/Buyer Pages/Cart/input_Sold Out_cart-sub-total"), "*"): Keys '*' sent to object: 'Object Repository/ADMIN/Edit Text/Bespoke/Buyer Pages/Cart/input_Sold Out_cart-sub-total'

2020-03-20 14:15:11 - [MESSAGE][PASSED] - Keys '*' sent to object: 'Object Repository/ADMIN/Edit Text/Bespoke/Buyer Pages/Cart/input_Sold Out_cart-sub-total'

2020-03-20 14:15:11 - [TEST_STEP][PASSED] - sendKeys(findTestObject("ADMIN/Edit Text/Bespoke/Buyer Pages/Cart/input_QTY_cart-qty"), "*"): Keys '*' sent to object: 'Object Repository/ADMIN/Edit Text/Bespoke/Buyer Pages/Cart/input_QTY_cart-qty'

2020-03-20 14:15:11 - [MESSAGE][PASSED] - Keys '*' sent to object: 'Object Repository/ADMIN/Edit Text/Bespoke/Buyer Pages/Cart/input_QTY_cart-qty'

2020-03-20 14:15:11 - [TEST_STEP][PASSED] - sendKeys(findTestObject("ADMIN/Edit Text/Bespoke/Buyer Pages/Cart/input_Sub Total_cart-sub-total"), "*"): Keys '*' sent to object: 'Object Repository/ADMIN/Edit Text/Bespoke/Buyer Pages/Cart/input_Sub Total_cart-sub-total'

2020-03-20 14:15:11 - [MESSAGE][PASSED] - Keys '*' sent to object: 'Object Repository/ADMIN/Edit Text/Bespoke/Buyer Pages/Cart/input_Sub Total_cart-sub-total'

2020-03-20 14:15:11 - [TEST_STEP][PASSED] - sendKeys(findTestObject("ADMIN/Edit Text/Bespoke/Buyer Pages/Cart/input_Delivery Costs_cart-delivery-costs"), "*"): Keys '*' sent to object: 'Object Repository/ADMIN/Edit Text/Bespoke/Buyer Pages/Cart/input_Delivery Costs_cart-delivery-costs'

2020-03-20 14:15:11 - [MESSAGE][PASSED] - Keys '*' sent to object: 'Object Repository/ADMIN/Edit Text/Bespoke/Buyer Pages/Cart/input_Delivery Costs_cart-delivery-costs'

2020-03-20 14:15:11 - [TEST_STEP][PASSED] - sendKeys(findTestObject("ADMIN/Edit Text/Bespoke/Buyer Pages/Cart/input_Bulk Delivery Discount_cart-bulk-delivery-discount"), "*"): Keys '*' sent to object: 'Object Repository/ADMIN/Edit Text/Bespoke/Buyer Pages/Cart/input_Bulk Delivery Discount_cart-bulk-delivery-discount'

2020-03-20 14:15:11 - [MESSAGE][PASSED] - Keys '*' sent to object: 'Object Repository/ADMIN/Edit Text/Bespoke/Buyer Pages/Cart/input_Bulk Delivery Discount_cart-bulk-delivery-discount'

2020-03-20 14:15:11 - [TEST_STEP][PASSED] - sendKeys(findTestObject("ADMIN/Edit Text/Bespoke/Buyer Pages/Cart/input_TOTAL_cart-total"), "*"): Keys '*' sent to object: 'Object Repository/ADMIN/Edit Text/Bespoke/Buyer Pages/Cart/input_TOTAL_cart-total'

2020-03-20 14:15:12 - [MESSAGE][PASSED] - Keys '*' sent to object: 'Object Repository/ADMIN/Edit Text/Bespoke/Buyer Pages/Cart/input_TOTAL_cart-total'

2020-03-20 14:15:12 - [TEST_STEP][PASSED] - sendKeys(findTestObject("ADMIN/Edit Text/Bespoke/Buyer Pages/Cart/input_REMOVE ITEM_popup-title"), "*"): Keys '*' sent to object: 'Object Repository/ADMIN/Edit Text/Bespoke/Buyer Pages/Cart/input_REMOVE ITEM_popup-title'

2020-03-20 14:15:12 - [MESSAGE][PASSED] - Keys '*' sent to object: 'Object Repository/ADMIN/Edit Text/Bespoke/Buyer Pages/Cart/input_REMOVE ITEM_popup-title'

2020-03-20 14:15:12 - [TEST_STEP][PASSED] - sendKeys(findTestObject("ADMIN/Edit Text/Bespoke/Buyer Pages/Cart/textarea_You sure about removing this item from your list (Itll be gone forever)"), "*"): Keys '*' sent to object: 'Object Repository/ADMIN/Edit Text/Bespoke/Buyer Pages/Cart/textarea_You sure about removing this item from your list (Itll be gone forever)'

2020-03-20 14:15:12 - [MESSAGE][PASSED] - Keys '*' sent to object: 'Object Repository/ADMIN/Edit Text/Bespoke/Buyer Pages/Cart/textarea_You sure about removing this item from your list (Itll be gone forever)'

2020-03-20 14:15:12 - [TEST_STEP][PASSED] - sendKeys(findTestObject("ADMIN/Edit Text/Bespoke/Buyer Pages/Cart/input_CANCEL_btn_apply"), "*"): Keys '*' sent to object: 'Object Repository/ADMIN/Edit Text/Bespoke/Buyer Pages/Cart/input_CANCEL_btn_apply'

2020-03-20 14:15:12 - [MESSAGE][PASSED] - Keys '*' sent to object: 'Object Repository/ADMIN/Edit Text/Bespoke/Buyer Pages/Cart/input_CANCEL_btn_apply'

2020-03-20 14:15:12 - [TEST_STEP][PASSED] - sendKeys(findTestObject("ADMIN/Edit Text/Bespoke/Buyer Pages/Cart/input_OKAY_btn_apply"), "*"): Keys '*' sent to object: 'Object Repository/ADMIN/Edit Text/Bespoke/Buyer Pages/Cart/input_OKAY_btn_apply'

2020-03-20 14:15:13 - [MESSAGE][PASSED] - Keys '*' sent to object: 'Object Repository/ADMIN/Edit Text/Bespoke/Buyer Pages/Cart/input_OKAY_btn_apply'

2020-03-20 14:15:13 - [TEST_STEP][PASSED] - sendKeys(findTestObject("ADMIN/Edit Text/Bespoke/Buyer Pages/Cart/input_DELIVERY METHOD_popup-title"), "*"): Keys '*' sent to object: 'Object Repository/ADMIN/Edit Text/Bespoke/Buyer Pages/Cart/input_DELIVERY METHOD_popup-title'

2020-03-20 14:15:13 - [MESSAGE][PASSED] - Keys '*' sent to object: 'Object Repository/ADMIN/Edit Text/Bespoke/Buyer Pages/Cart/input_DELIVERY METHOD_popup-title'

2020-03-20 14:15:13 - [TEST_STEP][PASSED] - sendKeys(findTestObject("ADMIN/Edit Text/Bespoke/Buyer Pages/Cart/input_Choose a delivery method later_popup-title2 (1)"), "*"): Keys '*' sent to object: 'Object Repository/ADMIN/Edit Text/Bespoke/Buyer Pages/Cart/input_Choose a delivery method later_popup-title2 (1)'

2020-03-20 14:15:13 - [MESSAGE][PASSED] - Keys '*' sent to object: 'Object Repository/ADMIN/Edit Text/Bespoke/Buyer Pages/Cart/input_Choose a delivery method later_popup-title2 (1)'

2020-03-20 14:15:13 - [TEST_STEP][PASSED] - sendKeys(findTestObject("ADMIN/Edit Text/Bespoke/Buyer Pages/Cart/input_Delivery_popup-title3"), "*"): Keys '*' sent to object: 'Object Repository/ADMIN/Edit Text/Bespoke/Buyer Pages/Cart/input_Delivery_popup-title3'

2020-03-20 14:15:13 - [MESSAGE][PASSED] - Keys '*' sent to object: 'Object Repository/ADMIN/Edit Text/Bespoke/Buyer Pages/Cart/input_Delivery_popup-title3'

2020-03-20 14:15:13 - [TEST_STEP][PASSED] - sendKeys(findTestObject("ADMIN/Edit Text/Bespoke/Buyer Pages/Cart/input_Pick-up_popup-title4"), "*"): Keys '*' sent to object: 'Object Repository/ADMIN/Edit Text/Bespoke/Buyer Pages/Cart/input_Pick-up_popup-title4'

2020-03-20 14:15:14 - [MESSAGE][PASSED] - Keys '*' sent to object: 'Object Repository/ADMIN/Edit Text/Bespoke/Buyer Pages/Cart/input_Pick-up_popup-title4'

2020-03-20 14:15:14 - [TEST_STEP][PASSED] - sendKeys(findTestObject("ADMIN/Edit Text/Bespoke/Buyer Pages/Cart/input_Apply_btn_apply 2"), "*"): Keys '*' sent to object: 'Object Repository/ADMIN/Edit Text/Bespoke/Buyer Pages/Cart/input_Apply_btn_apply 2'

2020-03-20 14:15:14 - [MESSAGE][PASSED] - Keys '*' sent to object: 'Object Repository/ADMIN/Edit Text/Bespoke/Buyer Pages/Cart/input_Apply_btn_apply 2'

2020-03-20 14:15:14 - [TEST_STEP][PASSED] - sendKeys(findTestObject("ADMIN/Edit Text/Bespoke/Buyer Pages/Cart/input_the following"), "*"): Keys '*' sent to object: 'Object Repository/ADMIN/Edit Text/Bespoke/Buyer Pages/Cart/input_the following'

2020-03-20 14:15:14 - [MESSAGE][PASSED] - Keys '*' sent to object: 'Object Repository/ADMIN/Edit Text/Bespoke/Buyer Pages/Cart/input_the following'

2020-03-20 14:15:14 - [TEST_STEP][PASSED] - sendKeys(findTestObject("ADMIN/Edit Text/Bespoke/Buyer Pages/Cart/textarea_Please select a delivery method for each item before checkout If this problem still persists the item may be no longer available ("), "*"): Keys '*' sent to object: 'Object Repository/ADMIN/Edit Text/Bespoke/Buyer Pages/Cart/textarea_Please select a delivery method for each item before checkout If this problem still persists the item may be no longer available ('

2020-03-20 14:15:15 - [MESSAGE][PASSED] - Keys '*' sent to object: 'Object Repository/ADMIN/Edit Text/Bespoke/Buyer Pages/Cart/textarea_Please select a delivery method for each item before checkout If this problem still persists the item may be no longer available ('

2020-03-20 14:15:15 - [TEST_STEP][PASSED] - sendKeys(findTestObject("ADMIN/Edit Text/Bespoke/Buyer Pages/Cart/input_OKAY_btn_apply - Copy"), "*"): Keys '*' sent to object: 'Object Repository/ADMIN/Edit Text/Bespoke/Buyer Pages/Cart/input_OKAY_btn_apply - Copy'

2020-03-20 14:15:15 - [MESSAGE][PASSED] - Keys '*' sent to object: 'Object Repository/ADMIN/Edit Text/Bespoke/Buyer Pages/Cart/input_OKAY_btn_apply - Copy'

2020-03-20 14:15:15 - [TEST_STEP][PASSED] - click(findTestObject("ADMIN/Edit Text/Bespoke/Buyer Pages/Homepage/button_save"), CONTINUE_ON_FAILURE): Object: 'Object Repository/ADMIN/Edit Text/Bespoke/Buyer Pages/Homepage/button_save' is clicked on

2020-03-20 14:15:15 - [MESSAGE][PASSED] - Object: 'Object Repository/ADMIN/Edit Text/Bespoke/Buyer Pages/Homepage/button_save' is clicked on

2020-03-20 14:15:15 - [TEST_STEP][PASSED] - waitForElementVisible(findTestObject("ADMIN/Edit Text/Bespoke/Buyer Pages/Homepage/toaster_success"), 0): Object 'Object Repository/ADMIN/Edit Text/Bespoke/Buyer Pages/Homepage/toaster_success' is visible

2020-03-20 14:15:15 - [MESSAGE][WARNING] - Timeout '0' is invalid. Using default page load timeout: '30'

2020-03-20 14:15:16 - [MESSAGE][PASSED] - Object 'Object Repository/ADMIN/Edit Text/Bespoke/Buyer Pages/Homepage/toaster_success' is visible]]></system-out>
         <system-err><![CDATA[]]></system-err>
      </testcase>
      <testcase name="Test Cases/ADMIN/Language/Edit Text/Bespoke/Buyer Pages/Cart" time="8.866" classname="Test Cases/ADMIN/Language/Edit Text/Bespoke/Buyer Pages/Cart" status="PASSED">
         <system-out><![CDATA[2020-03-20 14:15:16 - [TEST_CASE][PASSED] - Test Cases/ADMIN/Language/Edit Text/Bespoke/Buyer Pages/Cart: Test Cases/ADMIN/Language/Edit Text/Bespoke/Buyer Pages/Cart

2020-03-20 14:15:16 - [TEST_STEP][PASSED] - waitForElementVisible(findTestObject("ADMIN/Edit Text/Bespoke/Buyer Navigation/dd_language"), 0): Object 'Object Repository/ADMIN/Edit Text/Bespoke/Buyer Navigation/dd_language' is visible

2020-03-20 14:15:16 - [MESSAGE][WARNING] - Timeout '0' is invalid. Using default page load timeout: '30'

2020-03-20 14:15:16 - [MESSAGE][PASSED] - Object 'Object Repository/ADMIN/Edit Text/Bespoke/Buyer Navigation/dd_language' is visible

2020-03-20 14:15:16 - [TEST_STEP][PASSED] - selectOptionByLabel(findTestObject("ADMIN/Edit Text/Bespoke/Buyer Navigation/dd_language"), varLanguage, false): All options with label 'Italian' are selected in object 'Object Repository/ADMIN/Edit Text/Bespoke/Buyer Navigation/dd_language' 

2020-03-20 14:15:17 - [MESSAGE][PASSED] - All options with label 'Italian' are selected in object 'Object Repository/ADMIN/Edit Text/Bespoke/Buyer Navigation/dd_language' 

2020-03-20 14:15:17 - [TEST_STEP][PASSED] - sendKeys(findTestObject("ADMIN/Edit Text/Bespoke/Buyer Pages/Cart/input_MY CART_my-cart"), "*"): Keys '*' sent to object: 'Object Repository/ADMIN/Edit Text/Bespoke/Buyer Pages/Cart/input_MY CART_my-cart'

2020-03-20 14:15:17 - [MESSAGE][PASSED] - Keys '*' sent to object: 'Object Repository/ADMIN/Edit Text/Bespoke/Buyer Pages/Cart/input_MY CART_my-cart'

2020-03-20 14:15:17 - [TEST_STEP][PASSED] - sendKeys(findTestObject("ADMIN/Edit Text/Bespoke/Buyer Pages/Cart/input_It seems like your cart is empty_my-cart-empty-msg"), "*"): Keys '*' sent to object: 'Object Repository/ADMIN/Edit Text/Bespoke/Buyer Pages/Cart/input_It seems like your cart is empty_my-cart-empty-msg'

2020-03-20 14:15:17 - [MESSAGE][PASSED] - Keys '*' sent to object: 'Object Repository/ADMIN/Edit Text/Bespoke/Buyer Pages/Cart/input_It seems like your cart is empty_my-cart-empty-msg'

2020-03-20 14:15:17 - [TEST_STEP][PASSED] - sendKeys(findTestObject("ADMIN/Edit Text/Bespoke/Buyer Pages/Cart/input_Start searching and adding_my-cart-start-search-add"), "*"): Keys '*' sent to object: 'Object Repository/ADMIN/Edit Text/Bespoke/Buyer Pages/Cart/input_Start searching and adding_my-cart-start-search-add'

2020-03-20 14:15:18 - [MESSAGE][PASSED] - Keys '*' sent to object: 'Object Repository/ADMIN/Edit Text/Bespoke/Buyer Pages/Cart/input_Start searching and adding_my-cart-start-search-add'

2020-03-20 14:15:18 - [TEST_STEP][PASSED] - sendKeys(findTestObject("ADMIN/Edit Text/Bespoke/Buyer Pages/Cart/input_CONTINUE SHOPPING_btn_add_cart"), "*"): Keys '*' sent to object: 'Object Repository/ADMIN/Edit Text/Bespoke/Buyer Pages/Cart/input_CONTINUE SHOPPING_btn_add_cart'

2020-03-20 14:15:18 - [MESSAGE][PASSED] - Keys '*' sent to object: 'Object Repository/ADMIN/Edit Text/Bespoke/Buyer Pages/Cart/input_CONTINUE SHOPPING_btn_add_cart'

2020-03-20 14:15:18 - [TEST_STEP][PASSED] - sendKeys(findTestObject("ADMIN/Edit Text/Bespoke/Buyer Pages/Cart/input_CHECKOUT_btn_add_cart"), "*"): Keys '*' sent to object: 'Object Repository/ADMIN/Edit Text/Bespoke/Buyer Pages/Cart/input_CHECKOUT_btn_add_cart'

2020-03-20 14:15:18 - [MESSAGE][PASSED] - Keys '*' sent to object: 'Object Repository/ADMIN/Edit Text/Bespoke/Buyer Pages/Cart/input_CHECKOUT_btn_add_cart'

2020-03-20 14:15:18 - [TEST_STEP][PASSED] - sendKeys(findTestObject("ADMIN/Edit Text/Bespoke/Buyer Pages/Cart/input_Select Delivery Option_delivery-option-text"), "*"): Keys '*' sent to object: 'Object Repository/ADMIN/Edit Text/Bespoke/Buyer Pages/Cart/input_Select Delivery Option_delivery-option-text'

2020-03-20 14:15:18 - [MESSAGE][PASSED] - Keys '*' sent to object: 'Object Repository/ADMIN/Edit Text/Bespoke/Buyer Pages/Cart/input_Select Delivery Option_delivery-option-text'

2020-03-20 14:15:18 - [TEST_STEP][PASSED] - sendKeys(findTestObject("ADMIN/Edit Text/Bespoke/Buyer Pages/Cart/input_Choose one_delivery-start-text"), "*"): Keys '*' sent to object: 'Object Repository/ADMIN/Edit Text/Bespoke/Buyer Pages/Cart/input_Choose one_delivery-start-text'

2020-03-20 14:15:19 - [MESSAGE][PASSED] - Keys '*' sent to object: 'Object Repository/ADMIN/Edit Text/Bespoke/Buyer Pages/Cart/input_Choose one_delivery-start-text'

2020-03-20 14:15:19 - [TEST_STEP][PASSED] - sendKeys(findTestObject("ADMIN/Edit Text/Bespoke/Buyer Pages/Cart/input_Delivery_delivery-text"), "*"): Keys '*' sent to object: 'Object Repository/ADMIN/Edit Text/Bespoke/Buyer Pages/Cart/input_Delivery_delivery-text'

2020-03-20 14:15:19 - [MESSAGE][PASSED] - Keys '*' sent to object: 'Object Repository/ADMIN/Edit Text/Bespoke/Buyer Pages/Cart/input_Delivery_delivery-text'

2020-03-20 14:15:19 - [TEST_STEP][PASSED] - sendKeys(findTestObject("ADMIN/Edit Text/Bespoke/Buyer Pages/Cart/input_Pick-up_pickup-text"), "*"): Keys '*' sent to object: 'Object Repository/ADMIN/Edit Text/Bespoke/Buyer Pages/Cart/input_Pick-up_pickup-text'

2020-03-20 14:15:19 - [MESSAGE][PASSED] - Keys '*' sent to object: 'Object Repository/ADMIN/Edit Text/Bespoke/Buyer Pages/Cart/input_Pick-up_pickup-text'

2020-03-20 14:15:19 - [TEST_STEP][PASSED] - sendKeys(findTestObject("ADMIN/Edit Text/Bespoke/Buyer Pages/Cart/input_CHANGE_btn_add_cart"), "*"): Keys '*' sent to object: 'Object Repository/ADMIN/Edit Text/Bespoke/Buyer Pages/Cart/input_CHANGE_btn_add_cart'

2020-03-20 14:15:19 - [MESSAGE][PASSED] - Keys '*' sent to object: 'Object Repository/ADMIN/Edit Text/Bespoke/Buyer Pages/Cart/input_CHANGE_btn_add_cart'

2020-03-20 14:15:19 - [TEST_STEP][PASSED] - sendKeys(findTestObject("ADMIN/Edit Text/Bespoke/Buyer Pages/Cart/input_Sold Out_cart-sub-total"), "*"): Keys '*' sent to object: 'Object Repository/ADMIN/Edit Text/Bespoke/Buyer Pages/Cart/input_Sold Out_cart-sub-total'

2020-03-20 14:15:20 - [MESSAGE][PASSED] - Keys '*' sent to object: 'Object Repository/ADMIN/Edit Text/Bespoke/Buyer Pages/Cart/input_Sold Out_cart-sub-total'

2020-03-20 14:15:20 - [TEST_STEP][PASSED] - sendKeys(findTestObject("ADMIN/Edit Text/Bespoke/Buyer Pages/Cart/input_QTY_cart-qty"), "*"): Keys '*' sent to object: 'Object Repository/ADMIN/Edit Text/Bespoke/Buyer Pages/Cart/input_QTY_cart-qty'

2020-03-20 14:15:20 - [MESSAGE][PASSED] - Keys '*' sent to object: 'Object Repository/ADMIN/Edit Text/Bespoke/Buyer Pages/Cart/input_QTY_cart-qty'

2020-03-20 14:15:20 - [TEST_STEP][PASSED] - sendKeys(findTestObject("ADMIN/Edit Text/Bespoke/Buyer Pages/Cart/input_Sub Total_cart-sub-total"), "*"): Keys '*' sent to object: 'Object Repository/ADMIN/Edit Text/Bespoke/Buyer Pages/Cart/input_Sub Total_cart-sub-total'

2020-03-20 14:15:20 - [MESSAGE][PASSED] - Keys '*' sent to object: 'Object Repository/ADMIN/Edit Text/Bespoke/Buyer Pages/Cart/input_Sub Total_cart-sub-total'

2020-03-20 14:15:20 - [TEST_STEP][PASSED] - sendKeys(findTestObject("ADMIN/Edit Text/Bespoke/Buyer Pages/Cart/input_Delivery Costs_cart-delivery-costs"), "*"): Keys '*' sent to object: 'Object Repository/ADMIN/Edit Text/Bespoke/Buyer Pages/Cart/input_Delivery Costs_cart-delivery-costs'

2020-03-20 14:15:20 - [MESSAGE][PASSED] - Keys '*' sent to object: 'Object Repository/ADMIN/Edit Text/Bespoke/Buyer Pages/Cart/input_Delivery Costs_cart-delivery-costs'

2020-03-20 14:15:20 - [TEST_STEP][PASSED] - sendKeys(findTestObject("ADMIN/Edit Text/Bespoke/Buyer Pages/Cart/input_Bulk Delivery Discount_cart-bulk-delivery-discount"), "*"): Keys '*' sent to object: 'Object Repository/ADMIN/Edit Text/Bespoke/Buyer Pages/Cart/input_Bulk Delivery Discount_cart-bulk-delivery-discount'

2020-03-20 14:15:21 - [MESSAGE][PASSED] - Keys '*' sent to object: 'Object Repository/ADMIN/Edit Text/Bespoke/Buyer Pages/Cart/input_Bulk Delivery Discount_cart-bulk-delivery-discount'

2020-03-20 14:15:21 - [TEST_STEP][PASSED] - sendKeys(findTestObject("ADMIN/Edit Text/Bespoke/Buyer Pages/Cart/input_TOTAL_cart-total"), "*"): Keys '*' sent to object: 'Object Repository/ADMIN/Edit Text/Bespoke/Buyer Pages/Cart/input_TOTAL_cart-total'

2020-03-20 14:15:21 - [MESSAGE][PASSED] - Keys '*' sent to object: 'Object Repository/ADMIN/Edit Text/Bespoke/Buyer Pages/Cart/input_TOTAL_cart-total'

2020-03-20 14:15:21 - [TEST_STEP][PASSED] - sendKeys(findTestObject("ADMIN/Edit Text/Bespoke/Buyer Pages/Cart/input_REMOVE ITEM_popup-title"), "*"): Keys '*' sent to object: 'Object Repository/ADMIN/Edit Text/Bespoke/Buyer Pages/Cart/input_REMOVE ITEM_popup-title'

2020-03-20 14:15:21 - [MESSAGE][PASSED] - Keys '*' sent to object: 'Object Repository/ADMIN/Edit Text/Bespoke/Buyer Pages/Cart/input_REMOVE ITEM_popup-title'

2020-03-20 14:15:21 - [TEST_STEP][PASSED] - sendKeys(findTestObject("ADMIN/Edit Text/Bespoke/Buyer Pages/Cart/textarea_You sure about removing this item from your list (Itll be gone forever)"), "*"): Keys '*' sent to object: 'Object Repository/ADMIN/Edit Text/Bespoke/Buyer Pages/Cart/textarea_You sure about removing this item from your list (Itll be gone forever)'

2020-03-20 14:15:21 - [MESSAGE][PASSED] - Keys '*' sent to object: 'Object Repository/ADMIN/Edit Text/Bespoke/Buyer Pages/Cart/textarea_You sure about removing this item from your list (Itll be gone forever)'

2020-03-20 14:15:21 - [TEST_STEP][PASSED] - sendKeys(findTestObject("ADMIN/Edit Text/Bespoke/Buyer Pages/Cart/input_CANCEL_btn_apply"), "*"): Keys '*' sent to object: 'Object Repository/ADMIN/Edit Text/Bespoke/Buyer Pages/Cart/input_CANCEL_btn_apply'

2020-03-20 14:15:21 - [MESSAGE][PASSED] - Keys '*' sent to object: 'Object Repository/ADMIN/Edit Text/Bespoke/Buyer Pages/Cart/input_CANCEL_btn_apply'

2020-03-20 14:15:21 - [TEST_STEP][PASSED] - sendKeys(findTestObject("ADMIN/Edit Text/Bespoke/Buyer Pages/Cart/input_OKAY_btn_apply"), "*"): Keys '*' sent to object: 'Object Repository/ADMIN/Edit Text/Bespoke/Buyer Pages/Cart/input_OKAY_btn_apply'

2020-03-20 14:15:21 - [MESSAGE][PASSED] - Keys '*' sent to object: 'Object Repository/ADMIN/Edit Text/Bespoke/Buyer Pages/Cart/input_OKAY_btn_apply'

2020-03-20 14:15:21 - [TEST_STEP][PASSED] - sendKeys(findTestObject("ADMIN/Edit Text/Bespoke/Buyer Pages/Cart/input_DELIVERY METHOD_popup-title"), "*"): Keys '*' sent to object: 'Object Repository/ADMIN/Edit Text/Bespoke/Buyer Pages/Cart/input_DELIVERY METHOD_popup-title'

2020-03-20 14:15:22 - [MESSAGE][PASSED] - Keys '*' sent to object: 'Object Repository/ADMIN/Edit Text/Bespoke/Buyer Pages/Cart/input_DELIVERY METHOD_popup-title'

2020-03-20 14:15:22 - [TEST_STEP][PASSED] - sendKeys(findTestObject("ADMIN/Edit Text/Bespoke/Buyer Pages/Cart/input_Choose a delivery method later_popup-title2 (1)"), "*"): Keys '*' sent to object: 'Object Repository/ADMIN/Edit Text/Bespoke/Buyer Pages/Cart/input_Choose a delivery method later_popup-title2 (1)'

2020-03-20 14:15:22 - [MESSAGE][PASSED] - Keys '*' sent to object: 'Object Repository/ADMIN/Edit Text/Bespoke/Buyer Pages/Cart/input_Choose a delivery method later_popup-title2 (1)'

2020-03-20 14:15:22 - [TEST_STEP][PASSED] - sendKeys(findTestObject("ADMIN/Edit Text/Bespoke/Buyer Pages/Cart/input_Delivery_popup-title3"), "*"): Keys '*' sent to object: 'Object Repository/ADMIN/Edit Text/Bespoke/Buyer Pages/Cart/input_Delivery_popup-title3'

2020-03-20 14:15:22 - [MESSAGE][PASSED] - Keys '*' sent to object: 'Object Repository/ADMIN/Edit Text/Bespoke/Buyer Pages/Cart/input_Delivery_popup-title3'

2020-03-20 14:15:22 - [TEST_STEP][PASSED] - sendKeys(findTestObject("ADMIN/Edit Text/Bespoke/Buyer Pages/Cart/input_Pick-up_popup-title4"), "*"): Keys '*' sent to object: 'Object Repository/ADMIN/Edit Text/Bespoke/Buyer Pages/Cart/input_Pick-up_popup-title4'

2020-03-20 14:15:22 - [MESSAGE][PASSED] - Keys '*' sent to object: 'Object Repository/ADMIN/Edit Text/Bespoke/Buyer Pages/Cart/input_Pick-up_popup-title4'

2020-03-20 14:15:22 - [TEST_STEP][PASSED] - sendKeys(findTestObject("ADMIN/Edit Text/Bespoke/Buyer Pages/Cart/input_Apply_btn_apply 2"), "*"): Keys '*' sent to object: 'Object Repository/ADMIN/Edit Text/Bespoke/Buyer Pages/Cart/input_Apply_btn_apply 2'

2020-03-20 14:15:23 - [MESSAGE][PASSED] - Keys '*' sent to object: 'Object Repository/ADMIN/Edit Text/Bespoke/Buyer Pages/Cart/input_Apply_btn_apply 2'

2020-03-20 14:15:23 - [TEST_STEP][PASSED] - sendKeys(findTestObject("ADMIN/Edit Text/Bespoke/Buyer Pages/Cart/input_the following"), "*"): Keys '*' sent to object: 'Object Repository/ADMIN/Edit Text/Bespoke/Buyer Pages/Cart/input_the following'

2020-03-20 14:15:23 - [MESSAGE][PASSED] - Keys '*' sent to object: 'Object Repository/ADMIN/Edit Text/Bespoke/Buyer Pages/Cart/input_the following'

2020-03-20 14:15:23 - [TEST_STEP][PASSED] - sendKeys(findTestObject("ADMIN/Edit Text/Bespoke/Buyer Pages/Cart/textarea_Please select a delivery method for each item before checkout If this problem still persists the item may be no longer available ("), "*"): Keys '*' sent to object: 'Object Repository/ADMIN/Edit Text/Bespoke/Buyer Pages/Cart/textarea_Please select a delivery method for each item before checkout If this problem still persists the item may be no longer available ('

2020-03-20 14:15:23 - [MESSAGE][PASSED] - Keys '*' sent to object: 'Object Repository/ADMIN/Edit Text/Bespoke/Buyer Pages/Cart/textarea_Please select a delivery method for each item before checkout If this problem still persists the item may be no longer available ('

2020-03-20 14:15:23 - [TEST_STEP][PASSED] - sendKeys(findTestObject("ADMIN/Edit Text/Bespoke/Buyer Pages/Cart/input_OKAY_btn_apply - Copy"), "*"): Keys '*' sent to object: 'Object Repository/ADMIN/Edit Text/Bespoke/Buyer Pages/Cart/input_OKAY_btn_apply - Copy'

2020-03-20 14:15:23 - [MESSAGE][PASSED] - Keys '*' sent to object: 'Object Repository/ADMIN/Edit Text/Bespoke/Buyer Pages/Cart/input_OKAY_btn_apply - Copy'

2020-03-20 14:15:23 - [TEST_STEP][PASSED] - click(findTestObject("ADMIN/Edit Text/Bespoke/Buyer Pages/Homepage/button_save"), CONTINUE_ON_FAILURE): Object: 'Object Repository/ADMIN/Edit Text/Bespoke/Buyer Pages/Homepage/button_save' is clicked on

2020-03-20 14:15:24 - [MESSAGE][PASSED] - Object: 'Object Repository/ADMIN/Edit Text/Bespoke/Buyer Pages/Homepage/button_save' is clicked on

2020-03-20 14:15:24 - [TEST_STEP][PASSED] - waitForElementVisible(findTestObject("ADMIN/Edit Text/Bespoke/Buyer Pages/Homepage/toaster_success"), 0): Object 'Object Repository/ADMIN/Edit Text/Bespoke/Buyer Pages/Homepage/toaster_success' is visible

2020-03-20 14:15:24 - [MESSAGE][WARNING] - Timeout '0' is invalid. Using default page load timeout: '30'

2020-03-20 14:15:24 - [MESSAGE][PASSED] - Object 'Object Repository/ADMIN/Edit Text/Bespoke/Buyer Pages/Homepage/toaster_success' is visible]]></system-out>
         <system-err><![CDATA[]]></system-err>
      </testcase>
      <testcase name="Test Cases/ADMIN/Language/Edit Text/Bespoke/Buyer Pages/Cart" time="9.267" classname="Test Cases/ADMIN/Language/Edit Text/Bespoke/Buyer Pages/Cart" status="PASSED">
         <system-out><![CDATA[2020-03-20 14:15:24 - [TEST_CASE][PASSED] - Test Cases/ADMIN/Language/Edit Text/Bespoke/Buyer Pages/Cart: Test Cases/ADMIN/Language/Edit Text/Bespoke/Buyer Pages/Cart

2020-03-20 14:15:24 - [TEST_STEP][PASSED] - waitForElementVisible(findTestObject("ADMIN/Edit Text/Bespoke/Buyer Navigation/dd_language"), 0): Object 'Object Repository/ADMIN/Edit Text/Bespoke/Buyer Navigation/dd_language' is visible

2020-03-20 14:15:24 - [MESSAGE][WARNING] - Timeout '0' is invalid. Using default page load timeout: '30'

2020-03-20 14:15:25 - [MESSAGE][PASSED] - Object 'Object Repository/ADMIN/Edit Text/Bespoke/Buyer Navigation/dd_language' is visible

2020-03-20 14:15:25 - [TEST_STEP][PASSED] - selectOptionByLabel(findTestObject("ADMIN/Edit Text/Bespoke/Buyer Navigation/dd_language"), varLanguage, false): All options with label 'Arabic' are selected in object 'Object Repository/ADMIN/Edit Text/Bespoke/Buyer Navigation/dd_language' 

2020-03-20 14:15:26 - [MESSAGE][PASSED] - All options with label 'Arabic' are selected in object 'Object Repository/ADMIN/Edit Text/Bespoke/Buyer Navigation/dd_language' 

2020-03-20 14:15:26 - [TEST_STEP][PASSED] - sendKeys(findTestObject("ADMIN/Edit Text/Bespoke/Buyer Pages/Cart/input_MY CART_my-cart"), "*"): Keys '*' sent to object: 'Object Repository/ADMIN/Edit Text/Bespoke/Buyer Pages/Cart/input_MY CART_my-cart'

2020-03-20 14:15:26 - [MESSAGE][PASSED] - Keys '*' sent to object: 'Object Repository/ADMIN/Edit Text/Bespoke/Buyer Pages/Cart/input_MY CART_my-cart'

2020-03-20 14:15:26 - [TEST_STEP][PASSED] - sendKeys(findTestObject("ADMIN/Edit Text/Bespoke/Buyer Pages/Cart/input_It seems like your cart is empty_my-cart-empty-msg"), "*"): Keys '*' sent to object: 'Object Repository/ADMIN/Edit Text/Bespoke/Buyer Pages/Cart/input_It seems like your cart is empty_my-cart-empty-msg'

2020-03-20 14:15:26 - [MESSAGE][PASSED] - Keys '*' sent to object: 'Object Repository/ADMIN/Edit Text/Bespoke/Buyer Pages/Cart/input_It seems like your cart is empty_my-cart-empty-msg'

2020-03-20 14:15:26 - [TEST_STEP][PASSED] - sendKeys(findTestObject("ADMIN/Edit Text/Bespoke/Buyer Pages/Cart/input_Start searching and adding_my-cart-start-search-add"), "*"): Keys '*' sent to object: 'Object Repository/ADMIN/Edit Text/Bespoke/Buyer Pages/Cart/input_Start searching and adding_my-cart-start-search-add'

2020-03-20 14:15:27 - [MESSAGE][PASSED] - Keys '*' sent to object: 'Object Repository/ADMIN/Edit Text/Bespoke/Buyer Pages/Cart/input_Start searching and adding_my-cart-start-search-add'

2020-03-20 14:15:27 - [TEST_STEP][PASSED] - sendKeys(findTestObject("ADMIN/Edit Text/Bespoke/Buyer Pages/Cart/input_CONTINUE SHOPPING_btn_add_cart"), "*"): Keys '*' sent to object: 'Object Repository/ADMIN/Edit Text/Bespoke/Buyer Pages/Cart/input_CONTINUE SHOPPING_btn_add_cart'

2020-03-20 14:15:27 - [MESSAGE][PASSED] - Keys '*' sent to object: 'Object Repository/ADMIN/Edit Text/Bespoke/Buyer Pages/Cart/input_CONTINUE SHOPPING_btn_add_cart'

2020-03-20 14:15:27 - [TEST_STEP][PASSED] - sendKeys(findTestObject("ADMIN/Edit Text/Bespoke/Buyer Pages/Cart/input_CHECKOUT_btn_add_cart"), "*"): Keys '*' sent to object: 'Object Repository/ADMIN/Edit Text/Bespoke/Buyer Pages/Cart/input_CHECKOUT_btn_add_cart'

2020-03-20 14:15:27 - [MESSAGE][PASSED] - Keys '*' sent to object: 'Object Repository/ADMIN/Edit Text/Bespoke/Buyer Pages/Cart/input_CHECKOUT_btn_add_cart'

2020-03-20 14:15:27 - [TEST_STEP][PASSED] - sendKeys(findTestObject("ADMIN/Edit Text/Bespoke/Buyer Pages/Cart/input_Select Delivery Option_delivery-option-text"), "*"): Keys '*' sent to object: 'Object Repository/ADMIN/Edit Text/Bespoke/Buyer Pages/Cart/input_Select Delivery Option_delivery-option-text'

2020-03-20 14:15:28 - [MESSAGE][PASSED] - Keys '*' sent to object: 'Object Repository/ADMIN/Edit Text/Bespoke/Buyer Pages/Cart/input_Select Delivery Option_delivery-option-text'

2020-03-20 14:15:28 - [TEST_STEP][PASSED] - sendKeys(findTestObject("ADMIN/Edit Text/Bespoke/Buyer Pages/Cart/input_Choose one_delivery-start-text"), "*"): Keys '*' sent to object: 'Object Repository/ADMIN/Edit Text/Bespoke/Buyer Pages/Cart/input_Choose one_delivery-start-text'

2020-03-20 14:15:28 - [MESSAGE][PASSED] - Keys '*' sent to object: 'Object Repository/ADMIN/Edit Text/Bespoke/Buyer Pages/Cart/input_Choose one_delivery-start-text'

2020-03-20 14:15:28 - [TEST_STEP][PASSED] - sendKeys(findTestObject("ADMIN/Edit Text/Bespoke/Buyer Pages/Cart/input_Delivery_delivery-text"), "*"): Keys '*' sent to object: 'Object Repository/ADMIN/Edit Text/Bespoke/Buyer Pages/Cart/input_Delivery_delivery-text'

2020-03-20 14:15:28 - [MESSAGE][PASSED] - Keys '*' sent to object: 'Object Repository/ADMIN/Edit Text/Bespoke/Buyer Pages/Cart/input_Delivery_delivery-text'

2020-03-20 14:15:28 - [TEST_STEP][PASSED] - sendKeys(findTestObject("ADMIN/Edit Text/Bespoke/Buyer Pages/Cart/input_Pick-up_pickup-text"), "*"): Keys '*' sent to object: 'Object Repository/ADMIN/Edit Text/Bespoke/Buyer Pages/Cart/input_Pick-up_pickup-text'

2020-03-20 14:15:28 - [MESSAGE][PASSED] - Keys '*' sent to object: 'Object Repository/ADMIN/Edit Text/Bespoke/Buyer Pages/Cart/input_Pick-up_pickup-text'

2020-03-20 14:15:28 - [TEST_STEP][PASSED] - sendKeys(findTestObject("ADMIN/Edit Text/Bespoke/Buyer Pages/Cart/input_CHANGE_btn_add_cart"), "*"): Keys '*' sent to object: 'Object Repository/ADMIN/Edit Text/Bespoke/Buyer Pages/Cart/input_CHANGE_btn_add_cart'

2020-03-20 14:15:29 - [MESSAGE][PASSED] - Keys '*' sent to object: 'Object Repository/ADMIN/Edit Text/Bespoke/Buyer Pages/Cart/input_CHANGE_btn_add_cart'

2020-03-20 14:15:29 - [TEST_STEP][PASSED] - sendKeys(findTestObject("ADMIN/Edit Text/Bespoke/Buyer Pages/Cart/input_Sold Out_cart-sub-total"), "*"): Keys '*' sent to object: 'Object Repository/ADMIN/Edit Text/Bespoke/Buyer Pages/Cart/input_Sold Out_cart-sub-total'

2020-03-20 14:15:29 - [MESSAGE][PASSED] - Keys '*' sent to object: 'Object Repository/ADMIN/Edit Text/Bespoke/Buyer Pages/Cart/input_Sold Out_cart-sub-total'

2020-03-20 14:15:29 - [TEST_STEP][PASSED] - sendKeys(findTestObject("ADMIN/Edit Text/Bespoke/Buyer Pages/Cart/input_QTY_cart-qty"), "*"): Keys '*' sent to object: 'Object Repository/ADMIN/Edit Text/Bespoke/Buyer Pages/Cart/input_QTY_cart-qty'

2020-03-20 14:15:29 - [MESSAGE][PASSED] - Keys '*' sent to object: 'Object Repository/ADMIN/Edit Text/Bespoke/Buyer Pages/Cart/input_QTY_cart-qty'

2020-03-20 14:15:29 - [TEST_STEP][PASSED] - sendKeys(findTestObject("ADMIN/Edit Text/Bespoke/Buyer Pages/Cart/input_Sub Total_cart-sub-total"), "*"): Keys '*' sent to object: 'Object Repository/ADMIN/Edit Text/Bespoke/Buyer Pages/Cart/input_Sub Total_cart-sub-total'

2020-03-20 14:15:29 - [MESSAGE][PASSED] - Keys '*' sent to object: 'Object Repository/ADMIN/Edit Text/Bespoke/Buyer Pages/Cart/input_Sub Total_cart-sub-total'

2020-03-20 14:15:29 - [TEST_STEP][PASSED] - sendKeys(findTestObject("ADMIN/Edit Text/Bespoke/Buyer Pages/Cart/input_Delivery Costs_cart-delivery-costs"), "*"): Keys '*' sent to object: 'Object Repository/ADMIN/Edit Text/Bespoke/Buyer Pages/Cart/input_Delivery Costs_cart-delivery-costs'

2020-03-20 14:15:29 - [MESSAGE][PASSED] - Keys '*' sent to object: 'Object Repository/ADMIN/Edit Text/Bespoke/Buyer Pages/Cart/input_Delivery Costs_cart-delivery-costs'

2020-03-20 14:15:29 - [TEST_STEP][PASSED] - sendKeys(findTestObject("ADMIN/Edit Text/Bespoke/Buyer Pages/Cart/input_Bulk Delivery Discount_cart-bulk-delivery-discount"), "*"): Keys '*' sent to object: 'Object Repository/ADMIN/Edit Text/Bespoke/Buyer Pages/Cart/input_Bulk Delivery Discount_cart-bulk-delivery-discount'

2020-03-20 14:15:30 - [MESSAGE][PASSED] - Keys '*' sent to object: 'Object Repository/ADMIN/Edit Text/Bespoke/Buyer Pages/Cart/input_Bulk Delivery Discount_cart-bulk-delivery-discount'

2020-03-20 14:15:30 - [TEST_STEP][PASSED] - sendKeys(findTestObject("ADMIN/Edit Text/Bespoke/Buyer Pages/Cart/input_TOTAL_cart-total"), "*"): Keys '*' sent to object: 'Object Repository/ADMIN/Edit Text/Bespoke/Buyer Pages/Cart/input_TOTAL_cart-total'

2020-03-20 14:15:30 - [MESSAGE][PASSED] - Keys '*' sent to object: 'Object Repository/ADMIN/Edit Text/Bespoke/Buyer Pages/Cart/input_TOTAL_cart-total'

2020-03-20 14:15:30 - [TEST_STEP][PASSED] - sendKeys(findTestObject("ADMIN/Edit Text/Bespoke/Buyer Pages/Cart/input_REMOVE ITEM_popup-title"), "*"): Keys '*' sent to object: 'Object Repository/ADMIN/Edit Text/Bespoke/Buyer Pages/Cart/input_REMOVE ITEM_popup-title'

2020-03-20 14:15:30 - [MESSAGE][PASSED] - Keys '*' sent to object: 'Object Repository/ADMIN/Edit Text/Bespoke/Buyer Pages/Cart/input_REMOVE ITEM_popup-title'

2020-03-20 14:15:30 - [TEST_STEP][PASSED] - sendKeys(findTestObject("ADMIN/Edit Text/Bespoke/Buyer Pages/Cart/textarea_You sure about removing this item from your list (Itll be gone forever)"), "*"): Keys '*' sent to object: 'Object Repository/ADMIN/Edit Text/Bespoke/Buyer Pages/Cart/textarea_You sure about removing this item from your list (Itll be gone forever)'

2020-03-20 14:15:30 - [MESSAGE][PASSED] - Keys '*' sent to object: 'Object Repository/ADMIN/Edit Text/Bespoke/Buyer Pages/Cart/textarea_You sure about removing this item from your list (Itll be gone forever)'

2020-03-20 14:15:30 - [TEST_STEP][PASSED] - sendKeys(findTestObject("ADMIN/Edit Text/Bespoke/Buyer Pages/Cart/input_CANCEL_btn_apply"), "*"): Keys '*' sent to object: 'Object Repository/ADMIN/Edit Text/Bespoke/Buyer Pages/Cart/input_CANCEL_btn_apply'

2020-03-20 14:15:30 - [MESSAGE][PASSED] - Keys '*' sent to object: 'Object Repository/ADMIN/Edit Text/Bespoke/Buyer Pages/Cart/input_CANCEL_btn_apply'

2020-03-20 14:15:30 - [TEST_STEP][PASSED] - sendKeys(findTestObject("ADMIN/Edit Text/Bespoke/Buyer Pages/Cart/input_OKAY_btn_apply"), "*"): Keys '*' sent to object: 'Object Repository/ADMIN/Edit Text/Bespoke/Buyer Pages/Cart/input_OKAY_btn_apply'

2020-03-20 14:15:31 - [MESSAGE][PASSED] - Keys '*' sent to object: 'Object Repository/ADMIN/Edit Text/Bespoke/Buyer Pages/Cart/input_OKAY_btn_apply'

2020-03-20 14:15:31 - [TEST_STEP][PASSED] - sendKeys(findTestObject("ADMIN/Edit Text/Bespoke/Buyer Pages/Cart/input_DELIVERY METHOD_popup-title"), "*"): Keys '*' sent to object: 'Object Repository/ADMIN/Edit Text/Bespoke/Buyer Pages/Cart/input_DELIVERY METHOD_popup-title'

2020-03-20 14:15:31 - [MESSAGE][PASSED] - Keys '*' sent to object: 'Object Repository/ADMIN/Edit Text/Bespoke/Buyer Pages/Cart/input_DELIVERY METHOD_popup-title'

2020-03-20 14:15:31 - [TEST_STEP][PASSED] - sendKeys(findTestObject("ADMIN/Edit Text/Bespoke/Buyer Pages/Cart/input_Choose a delivery method later_popup-title2 (1)"), "*"): Keys '*' sent to object: 'Object Repository/ADMIN/Edit Text/Bespoke/Buyer Pages/Cart/input_Choose a delivery method later_popup-title2 (1)'

2020-03-20 14:15:31 - [MESSAGE][PASSED] - Keys '*' sent to object: 'Object Repository/ADMIN/Edit Text/Bespoke/Buyer Pages/Cart/input_Choose a delivery method later_popup-title2 (1)'

2020-03-20 14:15:31 - [TEST_STEP][PASSED] - sendKeys(findTestObject("ADMIN/Edit Text/Bespoke/Buyer Pages/Cart/input_Delivery_popup-title3"), "*"): Keys '*' sent to object: 'Object Repository/ADMIN/Edit Text/Bespoke/Buyer Pages/Cart/input_Delivery_popup-title3'

2020-03-20 14:15:31 - [MESSAGE][PASSED] - Keys '*' sent to object: 'Object Repository/ADMIN/Edit Text/Bespoke/Buyer Pages/Cart/input_Delivery_popup-title3'

2020-03-20 14:15:31 - [TEST_STEP][PASSED] - sendKeys(findTestObject("ADMIN/Edit Text/Bespoke/Buyer Pages/Cart/input_Pick-up_popup-title4"), "*"): Keys '*' sent to object: 'Object Repository/ADMIN/Edit Text/Bespoke/Buyer Pages/Cart/input_Pick-up_popup-title4'

2020-03-20 14:15:32 - [MESSAGE][PASSED] - Keys '*' sent to object: 'Object Repository/ADMIN/Edit Text/Bespoke/Buyer Pages/Cart/input_Pick-up_popup-title4'

2020-03-20 14:15:32 - [TEST_STEP][PASSED] - sendKeys(findTestObject("ADMIN/Edit Text/Bespoke/Buyer Pages/Cart/input_Apply_btn_apply 2"), "*"): Keys '*' sent to object: 'Object Repository/ADMIN/Edit Text/Bespoke/Buyer Pages/Cart/input_Apply_btn_apply 2'

2020-03-20 14:15:32 - [MESSAGE][PASSED] - Keys '*' sent to object: 'Object Repository/ADMIN/Edit Text/Bespoke/Buyer Pages/Cart/input_Apply_btn_apply 2'

2020-03-20 14:15:32 - [TEST_STEP][PASSED] - sendKeys(findTestObject("ADMIN/Edit Text/Bespoke/Buyer Pages/Cart/input_the following"), "*"): Keys '*' sent to object: 'Object Repository/ADMIN/Edit Text/Bespoke/Buyer Pages/Cart/input_the following'

2020-03-20 14:15:32 - [MESSAGE][PASSED] - Keys '*' sent to object: 'Object Repository/ADMIN/Edit Text/Bespoke/Buyer Pages/Cart/input_the following'

2020-03-20 14:15:32 - [TEST_STEP][PASSED] - sendKeys(findTestObject("ADMIN/Edit Text/Bespoke/Buyer Pages/Cart/textarea_Please select a delivery method for each item before checkout If this problem still persists the item may be no longer available ("), "*"): Keys '*' sent to object: 'Object Repository/ADMIN/Edit Text/Bespoke/Buyer Pages/Cart/textarea_Please select a delivery method for each item before checkout If this problem still persists the item may be no longer available ('

2020-03-20 14:15:32 - [MESSAGE][PASSED] - Keys '*' sent to object: 'Object Repository/ADMIN/Edit Text/Bespoke/Buyer Pages/Cart/textarea_Please select a delivery method for each item before checkout If this problem still persists the item may be no longer available ('

2020-03-20 14:15:32 - [TEST_STEP][PASSED] - sendKeys(findTestObject("ADMIN/Edit Text/Bespoke/Buyer Pages/Cart/input_OKAY_btn_apply - Copy"), "*"): Keys '*' sent to object: 'Object Repository/ADMIN/Edit Text/Bespoke/Buyer Pages/Cart/input_OKAY_btn_apply - Copy'

2020-03-20 14:15:33 - [MESSAGE][PASSED] - Keys '*' sent to object: 'Object Repository/ADMIN/Edit Text/Bespoke/Buyer Pages/Cart/input_OKAY_btn_apply - Copy'

2020-03-20 14:15:33 - [TEST_STEP][PASSED] - click(findTestObject("ADMIN/Edit Text/Bespoke/Buyer Pages/Homepage/button_save"), CONTINUE_ON_FAILURE): Object: 'Object Repository/ADMIN/Edit Text/Bespoke/Buyer Pages/Homepage/button_save' is clicked on

2020-03-20 14:15:33 - [MESSAGE][PASSED] - Object: 'Object Repository/ADMIN/Edit Text/Bespoke/Buyer Pages/Homepage/button_save' is clicked on

2020-03-20 14:15:33 - [TEST_STEP][PASSED] - waitForElementVisible(findTestObject("ADMIN/Edit Text/Bespoke/Buyer Pages/Homepage/toaster_success"), 0): Object 'Object Repository/ADMIN/Edit Text/Bespoke/Buyer Pages/Homepage/toaster_success' is visible

2020-03-20 14:15:33 - [MESSAGE][WARNING] - Timeout '0' is invalid. Using default page load timeout: '30'

2020-03-20 14:15:34 - [MESSAGE][PASSED] - Object 'Object Repository/ADMIN/Edit Text/Bespoke/Buyer Pages/Homepage/toaster_success' is visible]]></system-out>
         <system-err><![CDATA[]]></system-err>
      </testcase>
      <testcase name="Test Cases/ADMIN/Language/Edit Text/Bespoke/Buyer Pages/Cart" time="9.453" classname="Test Cases/ADMIN/Language/Edit Text/Bespoke/Buyer Pages/Cart" status="PASSED">
         <system-out><![CDATA[2020-03-20 14:15:34 - [TEST_CASE][PASSED] - Test Cases/ADMIN/Language/Edit Text/Bespoke/Buyer Pages/Cart: Test Cases/ADMIN/Language/Edit Text/Bespoke/Buyer Pages/Cart

2020-03-20 14:15:34 - [TEST_STEP][PASSED] - waitForElementVisible(findTestObject("ADMIN/Edit Text/Bespoke/Buyer Navigation/dd_language"), 0): Object 'Object Repository/ADMIN/Edit Text/Bespoke/Buyer Navigation/dd_language' is visible

2020-03-20 14:15:34 - [MESSAGE][WARNING] - Timeout '0' is invalid. Using default page load timeout: '30'

2020-03-20 14:15:34 - [MESSAGE][PASSED] - Object 'Object Repository/ADMIN/Edit Text/Bespoke/Buyer Navigation/dd_language' is visible

2020-03-20 14:15:34 - [TEST_STEP][PASSED] - selectOptionByLabel(findTestObject("ADMIN/Edit Text/Bespoke/Buyer Navigation/dd_language"), varLanguage, false): All options with label 'Dutch' are selected in object 'Object Repository/ADMIN/Edit Text/Bespoke/Buyer Navigation/dd_language' 

2020-03-20 14:15:35 - [MESSAGE][PASSED] - All options with label 'Dutch' are selected in object 'Object Repository/ADMIN/Edit Text/Bespoke/Buyer Navigation/dd_language' 

2020-03-20 14:15:35 - [TEST_STEP][PASSED] - sendKeys(findTestObject("ADMIN/Edit Text/Bespoke/Buyer Pages/Cart/input_MY CART_my-cart"), "*"): Keys '*' sent to object: 'Object Repository/ADMIN/Edit Text/Bespoke/Buyer Pages/Cart/input_MY CART_my-cart'

2020-03-20 14:15:35 - [MESSAGE][PASSED] - Keys '*' sent to object: 'Object Repository/ADMIN/Edit Text/Bespoke/Buyer Pages/Cart/input_MY CART_my-cart'

2020-03-20 14:15:35 - [TEST_STEP][PASSED] - sendKeys(findTestObject("ADMIN/Edit Text/Bespoke/Buyer Pages/Cart/input_It seems like your cart is empty_my-cart-empty-msg"), "*"): Keys '*' sent to object: 'Object Repository/ADMIN/Edit Text/Bespoke/Buyer Pages/Cart/input_It seems like your cart is empty_my-cart-empty-msg'

2020-03-20 14:15:36 - [MESSAGE][PASSED] - Keys '*' sent to object: 'Object Repository/ADMIN/Edit Text/Bespoke/Buyer Pages/Cart/input_It seems like your cart is empty_my-cart-empty-msg'

2020-03-20 14:15:36 - [TEST_STEP][PASSED] - sendKeys(findTestObject("ADMIN/Edit Text/Bespoke/Buyer Pages/Cart/input_Start searching and adding_my-cart-start-search-add"), "*"): Keys '*' sent to object: 'Object Repository/ADMIN/Edit Text/Bespoke/Buyer Pages/Cart/input_Start searching and adding_my-cart-start-search-add'

2020-03-20 14:15:36 - [MESSAGE][PASSED] - Keys '*' sent to object: 'Object Repository/ADMIN/Edit Text/Bespoke/Buyer Pages/Cart/input_Start searching and adding_my-cart-start-search-add'

2020-03-20 14:15:36 - [TEST_STEP][PASSED] - sendKeys(findTestObject("ADMIN/Edit Text/Bespoke/Buyer Pages/Cart/input_CONTINUE SHOPPING_btn_add_cart"), "*"): Keys '*' sent to object: 'Object Repository/ADMIN/Edit Text/Bespoke/Buyer Pages/Cart/input_CONTINUE SHOPPING_btn_add_cart'

2020-03-20 14:15:36 - [MESSAGE][PASSED] - Keys '*' sent to object: 'Object Repository/ADMIN/Edit Text/Bespoke/Buyer Pages/Cart/input_CONTINUE SHOPPING_btn_add_cart'

2020-03-20 14:15:36 - [TEST_STEP][PASSED] - sendKeys(findTestObject("ADMIN/Edit Text/Bespoke/Buyer Pages/Cart/input_CHECKOUT_btn_add_cart"), "*"): Keys '*' sent to object: 'Object Repository/ADMIN/Edit Text/Bespoke/Buyer Pages/Cart/input_CHECKOUT_btn_add_cart'

2020-03-20 14:15:36 - [MESSAGE][PASSED] - Keys '*' sent to object: 'Object Repository/ADMIN/Edit Text/Bespoke/Buyer Pages/Cart/input_CHECKOUT_btn_add_cart'

2020-03-20 14:15:36 - [TEST_STEP][PASSED] - sendKeys(findTestObject("ADMIN/Edit Text/Bespoke/Buyer Pages/Cart/input_Select Delivery Option_delivery-option-text"), "*"): Keys '*' sent to object: 'Object Repository/ADMIN/Edit Text/Bespoke/Buyer Pages/Cart/input_Select Delivery Option_delivery-option-text'

2020-03-20 14:15:37 - [MESSAGE][PASSED] - Keys '*' sent to object: 'Object Repository/ADMIN/Edit Text/Bespoke/Buyer Pages/Cart/input_Select Delivery Option_delivery-option-text'

2020-03-20 14:15:37 - [TEST_STEP][PASSED] - sendKeys(findTestObject("ADMIN/Edit Text/Bespoke/Buyer Pages/Cart/input_Choose one_delivery-start-text"), "*"): Keys '*' sent to object: 'Object Repository/ADMIN/Edit Text/Bespoke/Buyer Pages/Cart/input_Choose one_delivery-start-text'

2020-03-20 14:15:37 - [MESSAGE][PASSED] - Keys '*' sent to object: 'Object Repository/ADMIN/Edit Text/Bespoke/Buyer Pages/Cart/input_Choose one_delivery-start-text'

2020-03-20 14:15:37 - [TEST_STEP][PASSED] - sendKeys(findTestObject("ADMIN/Edit Text/Bespoke/Buyer Pages/Cart/input_Delivery_delivery-text"), "*"): Keys '*' sent to object: 'Object Repository/ADMIN/Edit Text/Bespoke/Buyer Pages/Cart/input_Delivery_delivery-text'

2020-03-20 14:15:38 - [MESSAGE][PASSED] - Keys '*' sent to object: 'Object Repository/ADMIN/Edit Text/Bespoke/Buyer Pages/Cart/input_Delivery_delivery-text'

2020-03-20 14:15:38 - [TEST_STEP][PASSED] - sendKeys(findTestObject("ADMIN/Edit Text/Bespoke/Buyer Pages/Cart/input_Pick-up_pickup-text"), "*"): Keys '*' sent to object: 'Object Repository/ADMIN/Edit Text/Bespoke/Buyer Pages/Cart/input_Pick-up_pickup-text'

2020-03-20 14:15:38 - [MESSAGE][PASSED] - Keys '*' sent to object: 'Object Repository/ADMIN/Edit Text/Bespoke/Buyer Pages/Cart/input_Pick-up_pickup-text'

2020-03-20 14:15:38 - [TEST_STEP][PASSED] - sendKeys(findTestObject("ADMIN/Edit Text/Bespoke/Buyer Pages/Cart/input_CHANGE_btn_add_cart"), "*"): Keys '*' sent to object: 'Object Repository/ADMIN/Edit Text/Bespoke/Buyer Pages/Cart/input_CHANGE_btn_add_cart'

2020-03-20 14:15:38 - [MESSAGE][PASSED] - Keys '*' sent to object: 'Object Repository/ADMIN/Edit Text/Bespoke/Buyer Pages/Cart/input_CHANGE_btn_add_cart'

2020-03-20 14:15:38 - [TEST_STEP][PASSED] - sendKeys(findTestObject("ADMIN/Edit Text/Bespoke/Buyer Pages/Cart/input_Sold Out_cart-sub-total"), "*"): Keys '*' sent to object: 'Object Repository/ADMIN/Edit Text/Bespoke/Buyer Pages/Cart/input_Sold Out_cart-sub-total'

2020-03-20 14:15:39 - [MESSAGE][PASSED] - Keys '*' sent to object: 'Object Repository/ADMIN/Edit Text/Bespoke/Buyer Pages/Cart/input_Sold Out_cart-sub-total'

2020-03-20 14:15:39 - [TEST_STEP][PASSED] - sendKeys(findTestObject("ADMIN/Edit Text/Bespoke/Buyer Pages/Cart/input_QTY_cart-qty"), "*"): Keys '*' sent to object: 'Object Repository/ADMIN/Edit Text/Bespoke/Buyer Pages/Cart/input_QTY_cart-qty'

2020-03-20 14:15:39 - [MESSAGE][PASSED] - Keys '*' sent to object: 'Object Repository/ADMIN/Edit Text/Bespoke/Buyer Pages/Cart/input_QTY_cart-qty'

2020-03-20 14:15:39 - [TEST_STEP][PASSED] - sendKeys(findTestObject("ADMIN/Edit Text/Bespoke/Buyer Pages/Cart/input_Sub Total_cart-sub-total"), "*"): Keys '*' sent to object: 'Object Repository/ADMIN/Edit Text/Bespoke/Buyer Pages/Cart/input_Sub Total_cart-sub-total'

2020-03-20 14:15:39 - [MESSAGE][PASSED] - Keys '*' sent to object: 'Object Repository/ADMIN/Edit Text/Bespoke/Buyer Pages/Cart/input_Sub Total_cart-sub-total'

2020-03-20 14:15:39 - [TEST_STEP][PASSED] - sendKeys(findTestObject("ADMIN/Edit Text/Bespoke/Buyer Pages/Cart/input_Delivery Costs_cart-delivery-costs"), "*"): Keys '*' sent to object: 'Object Repository/ADMIN/Edit Text/Bespoke/Buyer Pages/Cart/input_Delivery Costs_cart-delivery-costs'

2020-03-20 14:15:39 - [MESSAGE][PASSED] - Keys '*' sent to object: 'Object Repository/ADMIN/Edit Text/Bespoke/Buyer Pages/Cart/input_Delivery Costs_cart-delivery-costs'

2020-03-20 14:15:39 - [TEST_STEP][PASSED] - sendKeys(findTestObject("ADMIN/Edit Text/Bespoke/Buyer Pages/Cart/input_Bulk Delivery Discount_cart-bulk-delivery-discount"), "*"): Keys '*' sent to object: 'Object Repository/ADMIN/Edit Text/Bespoke/Buyer Pages/Cart/input_Bulk Delivery Discount_cart-bulk-delivery-discount'

2020-03-20 14:15:40 - [MESSAGE][PASSED] - Keys '*' sent to object: 'Object Repository/ADMIN/Edit Text/Bespoke/Buyer Pages/Cart/input_Bulk Delivery Discount_cart-bulk-delivery-discount'

2020-03-20 14:15:40 - [TEST_STEP][PASSED] - sendKeys(findTestObject("ADMIN/Edit Text/Bespoke/Buyer Pages/Cart/input_TOTAL_cart-total"), "*"): Keys '*' sent to object: 'Object Repository/ADMIN/Edit Text/Bespoke/Buyer Pages/Cart/input_TOTAL_cart-total'

2020-03-20 14:15:40 - [MESSAGE][PASSED] - Keys '*' sent to object: 'Object Repository/ADMIN/Edit Text/Bespoke/Buyer Pages/Cart/input_TOTAL_cart-total'

2020-03-20 14:15:40 - [TEST_STEP][PASSED] - sendKeys(findTestObject("ADMIN/Edit Text/Bespoke/Buyer Pages/Cart/input_REMOVE ITEM_popup-title"), "*"): Keys '*' sent to object: 'Object Repository/ADMIN/Edit Text/Bespoke/Buyer Pages/Cart/input_REMOVE ITEM_popup-title'

2020-03-20 14:15:40 - [MESSAGE][PASSED] - Keys '*' sent to object: 'Object Repository/ADMIN/Edit Text/Bespoke/Buyer Pages/Cart/input_REMOVE ITEM_popup-title'

2020-03-20 14:15:40 - [TEST_STEP][PASSED] - sendKeys(findTestObject("ADMIN/Edit Text/Bespoke/Buyer Pages/Cart/textarea_You sure about removing this item from your list (Itll be gone forever)"), "*"): Keys '*' sent to object: 'Object Repository/ADMIN/Edit Text/Bespoke/Buyer Pages/Cart/textarea_You sure about removing this item from your list (Itll be gone forever)'

2020-03-20 14:15:40 - [MESSAGE][PASSED] - Keys '*' sent to object: 'Object Repository/ADMIN/Edit Text/Bespoke/Buyer Pages/Cart/textarea_You sure about removing this item from your list (Itll be gone forever)'

2020-03-20 14:15:40 - [TEST_STEP][PASSED] - sendKeys(findTestObject("ADMIN/Edit Text/Bespoke/Buyer Pages/Cart/input_CANCEL_btn_apply"), "*"): Keys '*' sent to object: 'Object Repository/ADMIN/Edit Text/Bespoke/Buyer Pages/Cart/input_CANCEL_btn_apply'

2020-03-20 14:15:40 - [MESSAGE][PASSED] - Keys '*' sent to object: 'Object Repository/ADMIN/Edit Text/Bespoke/Buyer Pages/Cart/input_CANCEL_btn_apply'

2020-03-20 14:15:40 - [TEST_STEP][PASSED] - sendKeys(findTestObject("ADMIN/Edit Text/Bespoke/Buyer Pages/Cart/input_OKAY_btn_apply"), "*"): Keys '*' sent to object: 'Object Repository/ADMIN/Edit Text/Bespoke/Buyer Pages/Cart/input_OKAY_btn_apply'

2020-03-20 14:15:40 - [MESSAGE][PASSED] - Keys '*' sent to object: 'Object Repository/ADMIN/Edit Text/Bespoke/Buyer Pages/Cart/input_OKAY_btn_apply'

2020-03-20 14:15:40 - [TEST_STEP][PASSED] - sendKeys(findTestObject("ADMIN/Edit Text/Bespoke/Buyer Pages/Cart/input_DELIVERY METHOD_popup-title"), "*"): Keys '*' sent to object: 'Object Repository/ADMIN/Edit Text/Bespoke/Buyer Pages/Cart/input_DELIVERY METHOD_popup-title'

2020-03-20 14:15:41 - [MESSAGE][PASSED] - Keys '*' sent to object: 'Object Repository/ADMIN/Edit Text/Bespoke/Buyer Pages/Cart/input_DELIVERY METHOD_popup-title'

2020-03-20 14:15:41 - [TEST_STEP][PASSED] - sendKeys(findTestObject("ADMIN/Edit Text/Bespoke/Buyer Pages/Cart/input_Choose a delivery method later_popup-title2 (1)"), "*"): Keys '*' sent to object: 'Object Repository/ADMIN/Edit Text/Bespoke/Buyer Pages/Cart/input_Choose a delivery method later_popup-title2 (1)'

2020-03-20 14:15:41 - [MESSAGE][PASSED] - Keys '*' sent to object: 'Object Repository/ADMIN/Edit Text/Bespoke/Buyer Pages/Cart/input_Choose a delivery method later_popup-title2 (1)'

2020-03-20 14:15:41 - [TEST_STEP][PASSED] - sendKeys(findTestObject("ADMIN/Edit Text/Bespoke/Buyer Pages/Cart/input_Delivery_popup-title3"), "*"): Keys '*' sent to object: 'Object Repository/ADMIN/Edit Text/Bespoke/Buyer Pages/Cart/input_Delivery_popup-title3'

2020-03-20 14:15:41 - [MESSAGE][PASSED] - Keys '*' sent to object: 'Object Repository/ADMIN/Edit Text/Bespoke/Buyer Pages/Cart/input_Delivery_popup-title3'

2020-03-20 14:15:41 - [TEST_STEP][PASSED] - sendKeys(findTestObject("ADMIN/Edit Text/Bespoke/Buyer Pages/Cart/input_Pick-up_popup-title4"), "*"): Keys '*' sent to object: 'Object Repository/ADMIN/Edit Text/Bespoke/Buyer Pages/Cart/input_Pick-up_popup-title4'

2020-03-20 14:15:41 - [MESSAGE][PASSED] - Keys '*' sent to object: 'Object Repository/ADMIN/Edit Text/Bespoke/Buyer Pages/Cart/input_Pick-up_popup-title4'

2020-03-20 14:15:41 - [TEST_STEP][PASSED] - sendKeys(findTestObject("ADMIN/Edit Text/Bespoke/Buyer Pages/Cart/input_Apply_btn_apply 2"), "*"): Keys '*' sent to object: 'Object Repository/ADMIN/Edit Text/Bespoke/Buyer Pages/Cart/input_Apply_btn_apply 2'

2020-03-20 14:15:42 - [MESSAGE][PASSED] - Keys '*' sent to object: 'Object Repository/ADMIN/Edit Text/Bespoke/Buyer Pages/Cart/input_Apply_btn_apply 2'

2020-03-20 14:15:42 - [TEST_STEP][PASSED] - sendKeys(findTestObject("ADMIN/Edit Text/Bespoke/Buyer Pages/Cart/input_the following"), "*"): Keys '*' sent to object: 'Object Repository/ADMIN/Edit Text/Bespoke/Buyer Pages/Cart/input_the following'

2020-03-20 14:15:42 - [MESSAGE][PASSED] - Keys '*' sent to object: 'Object Repository/ADMIN/Edit Text/Bespoke/Buyer Pages/Cart/input_the following'

2020-03-20 14:15:42 - [TEST_STEP][PASSED] - sendKeys(findTestObject("ADMIN/Edit Text/Bespoke/Buyer Pages/Cart/textarea_Please select a delivery method for each item before checkout If this problem still persists the item may be no longer available ("), "*"): Keys '*' sent to object: 'Object Repository/ADMIN/Edit Text/Bespoke/Buyer Pages/Cart/textarea_Please select a delivery method for each item before checkout If this problem still persists the item may be no longer available ('

2020-03-20 14:15:42 - [MESSAGE][PASSED] - Keys '*' sent to object: 'Object Repository/ADMIN/Edit Text/Bespoke/Buyer Pages/Cart/textarea_Please select a delivery method for each item before checkout If this problem still persists the item may be no longer available ('

2020-03-20 14:15:42 - [TEST_STEP][PASSED] - sendKeys(findTestObject("ADMIN/Edit Text/Bespoke/Buyer Pages/Cart/input_OKAY_btn_apply - Copy"), "*"): Keys '*' sent to object: 'Object Repository/ADMIN/Edit Text/Bespoke/Buyer Pages/Cart/input_OKAY_btn_apply - Copy'

2020-03-20 14:15:42 - [MESSAGE][PASSED] - Keys '*' sent to object: 'Object Repository/ADMIN/Edit Text/Bespoke/Buyer Pages/Cart/input_OKAY_btn_apply - Copy'

2020-03-20 14:15:42 - [TEST_STEP][PASSED] - click(findTestObject("ADMIN/Edit Text/Bespoke/Buyer Pages/Homepage/button_save"), CONTINUE_ON_FAILURE): Object: 'Object Repository/ADMIN/Edit Text/Bespoke/Buyer Pages/Homepage/button_save' is clicked on

2020-03-20 14:15:43 - [MESSAGE][PASSED] - Object: 'Object Repository/ADMIN/Edit Text/Bespoke/Buyer Pages/Homepage/button_save' is clicked on

2020-03-20 14:15:43 - [TEST_STEP][PASSED] - waitForElementVisible(findTestObject("ADMIN/Edit Text/Bespoke/Buyer Pages/Homepage/toaster_success"), 0): Object 'Object Repository/ADMIN/Edit Text/Bespoke/Buyer Pages/Homepage/toaster_success' is visible

2020-03-20 14:15:43 - [MESSAGE][WARNING] - Timeout '0' is invalid. Using default page load timeout: '30'

2020-03-20 14:15:43 - [MESSAGE][PASSED] - Object 'Object Repository/ADMIN/Edit Text/Bespoke/Buyer Pages/Homepage/toaster_success' is visible]]></system-out>
         <system-err><![CDATA[]]></system-err>
      </testcase>
      <testcase name="Test Cases/ADMIN/Language/Edit Text/Bespoke/Buyer Pages/Cart" time="8.664" classname="Test Cases/ADMIN/Language/Edit Text/Bespoke/Buyer Pages/Cart" status="PASSED">
         <system-out><![CDATA[2020-03-20 14:15:43 - [TEST_CASE][PASSED] - Test Cases/ADMIN/Language/Edit Text/Bespoke/Buyer Pages/Cart: Test Cases/ADMIN/Language/Edit Text/Bespoke/Buyer Pages/Cart

2020-03-20 14:15:43 - [TEST_STEP][PASSED] - waitForElementVisible(findTestObject("ADMIN/Edit Text/Bespoke/Buyer Navigation/dd_language"), 0): Object 'Object Repository/ADMIN/Edit Text/Bespoke/Buyer Navigation/dd_language' is visible

2020-03-20 14:15:43 - [MESSAGE][WARNING] - Timeout '0' is invalid. Using default page load timeout: '30'

2020-03-20 14:15:43 - [MESSAGE][PASSED] - Object 'Object Repository/ADMIN/Edit Text/Bespoke/Buyer Navigation/dd_language' is visible

2020-03-20 14:15:43 - [TEST_STEP][PASSED] - selectOptionByLabel(findTestObject("ADMIN/Edit Text/Bespoke/Buyer Navigation/dd_language"), varLanguage, false): All options with label 'Swedish' are selected in object 'Object Repository/ADMIN/Edit Text/Bespoke/Buyer Navigation/dd_language' 

2020-03-20 14:15:44 - [MESSAGE][PASSED] - All options with label 'Swedish' are selected in object 'Object Repository/ADMIN/Edit Text/Bespoke/Buyer Navigation/dd_language' 

2020-03-20 14:15:44 - [TEST_STEP][PASSED] - sendKeys(findTestObject("ADMIN/Edit Text/Bespoke/Buyer Pages/Cart/input_MY CART_my-cart"), "*"): Keys '*' sent to object: 'Object Repository/ADMIN/Edit Text/Bespoke/Buyer Pages/Cart/input_MY CART_my-cart'

2020-03-20 14:15:45 - [MESSAGE][PASSED] - Keys '*' sent to object: 'Object Repository/ADMIN/Edit Text/Bespoke/Buyer Pages/Cart/input_MY CART_my-cart'

2020-03-20 14:15:45 - [TEST_STEP][PASSED] - sendKeys(findTestObject("ADMIN/Edit Text/Bespoke/Buyer Pages/Cart/input_It seems like your cart is empty_my-cart-empty-msg"), "*"): Keys '*' sent to object: 'Object Repository/ADMIN/Edit Text/Bespoke/Buyer Pages/Cart/input_It seems like your cart is empty_my-cart-empty-msg'

2020-03-20 14:15:45 - [MESSAGE][PASSED] - Keys '*' sent to object: 'Object Repository/ADMIN/Edit Text/Bespoke/Buyer Pages/Cart/input_It seems like your cart is empty_my-cart-empty-msg'

2020-03-20 14:15:45 - [TEST_STEP][PASSED] - sendKeys(findTestObject("ADMIN/Edit Text/Bespoke/Buyer Pages/Cart/input_Start searching and adding_my-cart-start-search-add"), "*"): Keys '*' sent to object: 'Object Repository/ADMIN/Edit Text/Bespoke/Buyer Pages/Cart/input_Start searching and adding_my-cart-start-search-add'

2020-03-20 14:15:45 - [MESSAGE][PASSED] - Keys '*' sent to object: 'Object Repository/ADMIN/Edit Text/Bespoke/Buyer Pages/Cart/input_Start searching and adding_my-cart-start-search-add'

2020-03-20 14:15:45 - [TEST_STEP][PASSED] - sendKeys(findTestObject("ADMIN/Edit Text/Bespoke/Buyer Pages/Cart/input_CONTINUE SHOPPING_btn_add_cart"), "*"): Keys '*' sent to object: 'Object Repository/ADMIN/Edit Text/Bespoke/Buyer Pages/Cart/input_CONTINUE SHOPPING_btn_add_cart'

2020-03-20 14:15:46 - [MESSAGE][PASSED] - Keys '*' sent to object: 'Object Repository/ADMIN/Edit Text/Bespoke/Buyer Pages/Cart/input_CONTINUE SHOPPING_btn_add_cart'

2020-03-20 14:15:46 - [TEST_STEP][PASSED] - sendKeys(findTestObject("ADMIN/Edit Text/Bespoke/Buyer Pages/Cart/input_CHECKOUT_btn_add_cart"), "*"): Keys '*' sent to object: 'Object Repository/ADMIN/Edit Text/Bespoke/Buyer Pages/Cart/input_CHECKOUT_btn_add_cart'

2020-03-20 14:15:46 - [MESSAGE][PASSED] - Keys '*' sent to object: 'Object Repository/ADMIN/Edit Text/Bespoke/Buyer Pages/Cart/input_CHECKOUT_btn_add_cart'

2020-03-20 14:15:46 - [TEST_STEP][PASSED] - sendKeys(findTestObject("ADMIN/Edit Text/Bespoke/Buyer Pages/Cart/input_Select Delivery Option_delivery-option-text"), "*"): Keys '*' sent to object: 'Object Repository/ADMIN/Edit Text/Bespoke/Buyer Pages/Cart/input_Select Delivery Option_delivery-option-text'

2020-03-20 14:15:46 - [MESSAGE][PASSED] - Keys '*' sent to object: 'Object Repository/ADMIN/Edit Text/Bespoke/Buyer Pages/Cart/input_Select Delivery Option_delivery-option-text'

2020-03-20 14:15:46 - [TEST_STEP][PASSED] - sendKeys(findTestObject("ADMIN/Edit Text/Bespoke/Buyer Pages/Cart/input_Choose one_delivery-start-text"), "*"): Keys '*' sent to object: 'Object Repository/ADMIN/Edit Text/Bespoke/Buyer Pages/Cart/input_Choose one_delivery-start-text'

2020-03-20 14:15:46 - [MESSAGE][PASSED] - Keys '*' sent to object: 'Object Repository/ADMIN/Edit Text/Bespoke/Buyer Pages/Cart/input_Choose one_delivery-start-text'

2020-03-20 14:15:46 - [TEST_STEP][PASSED] - sendKeys(findTestObject("ADMIN/Edit Text/Bespoke/Buyer Pages/Cart/input_Delivery_delivery-text"), "*"): Keys '*' sent to object: 'Object Repository/ADMIN/Edit Text/Bespoke/Buyer Pages/Cart/input_Delivery_delivery-text'

2020-03-20 14:15:46 - [MESSAGE][PASSED] - Keys '*' sent to object: 'Object Repository/ADMIN/Edit Text/Bespoke/Buyer Pages/Cart/input_Delivery_delivery-text'

2020-03-20 14:15:46 - [TEST_STEP][PASSED] - sendKeys(findTestObject("ADMIN/Edit Text/Bespoke/Buyer Pages/Cart/input_Pick-up_pickup-text"), "*"): Keys '*' sent to object: 'Object Repository/ADMIN/Edit Text/Bespoke/Buyer Pages/Cart/input_Pick-up_pickup-text'

2020-03-20 14:15:47 - [MESSAGE][PASSED] - Keys '*' sent to object: 'Object Repository/ADMIN/Edit Text/Bespoke/Buyer Pages/Cart/input_Pick-up_pickup-text'

2020-03-20 14:15:47 - [TEST_STEP][PASSED] - sendKeys(findTestObject("ADMIN/Edit Text/Bespoke/Buyer Pages/Cart/input_CHANGE_btn_add_cart"), "*"): Keys '*' sent to object: 'Object Repository/ADMIN/Edit Text/Bespoke/Buyer Pages/Cart/input_CHANGE_btn_add_cart'

2020-03-20 14:15:47 - [MESSAGE][PASSED] - Keys '*' sent to object: 'Object Repository/ADMIN/Edit Text/Bespoke/Buyer Pages/Cart/input_CHANGE_btn_add_cart'

2020-03-20 14:15:47 - [TEST_STEP][PASSED] - sendKeys(findTestObject("ADMIN/Edit Text/Bespoke/Buyer Pages/Cart/input_Sold Out_cart-sub-total"), "*"): Keys '*' sent to object: 'Object Repository/ADMIN/Edit Text/Bespoke/Buyer Pages/Cart/input_Sold Out_cart-sub-total'

2020-03-20 14:15:47 - [MESSAGE][PASSED] - Keys '*' sent to object: 'Object Repository/ADMIN/Edit Text/Bespoke/Buyer Pages/Cart/input_Sold Out_cart-sub-total'

2020-03-20 14:15:47 - [TEST_STEP][PASSED] - sendKeys(findTestObject("ADMIN/Edit Text/Bespoke/Buyer Pages/Cart/input_QTY_cart-qty"), "*"): Keys '*' sent to object: 'Object Repository/ADMIN/Edit Text/Bespoke/Buyer Pages/Cart/input_QTY_cart-qty'

2020-03-20 14:15:47 - [MESSAGE][PASSED] - Keys '*' sent to object: 'Object Repository/ADMIN/Edit Text/Bespoke/Buyer Pages/Cart/input_QTY_cart-qty'

2020-03-20 14:15:47 - [TEST_STEP][PASSED] - sendKeys(findTestObject("ADMIN/Edit Text/Bespoke/Buyer Pages/Cart/input_Sub Total_cart-sub-total"), "*"): Keys '*' sent to object: 'Object Repository/ADMIN/Edit Text/Bespoke/Buyer Pages/Cart/input_Sub Total_cart-sub-total'

2020-03-20 14:15:48 - [MESSAGE][PASSED] - Keys '*' sent to object: 'Object Repository/ADMIN/Edit Text/Bespoke/Buyer Pages/Cart/input_Sub Total_cart-sub-total'

2020-03-20 14:15:48 - [TEST_STEP][PASSED] - sendKeys(findTestObject("ADMIN/Edit Text/Bespoke/Buyer Pages/Cart/input_Delivery Costs_cart-delivery-costs"), "*"): Keys '*' sent to object: 'Object Repository/ADMIN/Edit Text/Bespoke/Buyer Pages/Cart/input_Delivery Costs_cart-delivery-costs'

2020-03-20 14:15:48 - [MESSAGE][PASSED] - Keys '*' sent to object: 'Object Repository/ADMIN/Edit Text/Bespoke/Buyer Pages/Cart/input_Delivery Costs_cart-delivery-costs'

2020-03-20 14:15:48 - [TEST_STEP][PASSED] - sendKeys(findTestObject("ADMIN/Edit Text/Bespoke/Buyer Pages/Cart/input_Bulk Delivery Discount_cart-bulk-delivery-discount"), "*"): Keys '*' sent to object: 'Object Repository/ADMIN/Edit Text/Bespoke/Buyer Pages/Cart/input_Bulk Delivery Discount_cart-bulk-delivery-discount'

2020-03-20 14:15:48 - [MESSAGE][PASSED] - Keys '*' sent to object: 'Object Repository/ADMIN/Edit Text/Bespoke/Buyer Pages/Cart/input_Bulk Delivery Discount_cart-bulk-delivery-discount'

2020-03-20 14:15:48 - [TEST_STEP][PASSED] - sendKeys(findTestObject("ADMIN/Edit Text/Bespoke/Buyer Pages/Cart/input_TOTAL_cart-total"), "*"): Keys '*' sent to object: 'Object Repository/ADMIN/Edit Text/Bespoke/Buyer Pages/Cart/input_TOTAL_cart-total'

2020-03-20 14:15:48 - [MESSAGE][PASSED] - Keys '*' sent to object: 'Object Repository/ADMIN/Edit Text/Bespoke/Buyer Pages/Cart/input_TOTAL_cart-total'

2020-03-20 14:15:48 - [TEST_STEP][PASSED] - sendKeys(findTestObject("ADMIN/Edit Text/Bespoke/Buyer Pages/Cart/input_REMOVE ITEM_popup-title"), "*"): Keys '*' sent to object: 'Object Repository/ADMIN/Edit Text/Bespoke/Buyer Pages/Cart/input_REMOVE ITEM_popup-title'

2020-03-20 14:15:48 - [MESSAGE][PASSED] - Keys '*' sent to object: 'Object Repository/ADMIN/Edit Text/Bespoke/Buyer Pages/Cart/input_REMOVE ITEM_popup-title'

2020-03-20 14:15:48 - [TEST_STEP][PASSED] - sendKeys(findTestObject("ADMIN/Edit Text/Bespoke/Buyer Pages/Cart/textarea_You sure about removing this item from your list (Itll be gone forever)"), "*"): Keys '*' sent to object: 'Object Repository/ADMIN/Edit Text/Bespoke/Buyer Pages/Cart/textarea_You sure about removing this item from your list (Itll be gone forever)'

2020-03-20 14:15:49 - [MESSAGE][PASSED] - Keys '*' sent to object: 'Object Repository/ADMIN/Edit Text/Bespoke/Buyer Pages/Cart/textarea_You sure about removing this item from your list (Itll be gone forever)'

2020-03-20 14:15:49 - [TEST_STEP][PASSED] - sendKeys(findTestObject("ADMIN/Edit Text/Bespoke/Buyer Pages/Cart/input_CANCEL_btn_apply"), "*"): Keys '*' sent to object: 'Object Repository/ADMIN/Edit Text/Bespoke/Buyer Pages/Cart/input_CANCEL_btn_apply'

2020-03-20 14:15:49 - [MESSAGE][PASSED] - Keys '*' sent to object: 'Object Repository/ADMIN/Edit Text/Bespoke/Buyer Pages/Cart/input_CANCEL_btn_apply'

2020-03-20 14:15:49 - [TEST_STEP][PASSED] - sendKeys(findTestObject("ADMIN/Edit Text/Bespoke/Buyer Pages/Cart/input_OKAY_btn_apply"), "*"): Keys '*' sent to object: 'Object Repository/ADMIN/Edit Text/Bespoke/Buyer Pages/Cart/input_OKAY_btn_apply'

2020-03-20 14:15:49 - [MESSAGE][PASSED] - Keys '*' sent to object: 'Object Repository/ADMIN/Edit Text/Bespoke/Buyer Pages/Cart/input_OKAY_btn_apply'

2020-03-20 14:15:49 - [TEST_STEP][PASSED] - sendKeys(findTestObject("ADMIN/Edit Text/Bespoke/Buyer Pages/Cart/input_DELIVERY METHOD_popup-title"), "*"): Keys '*' sent to object: 'Object Repository/ADMIN/Edit Text/Bespoke/Buyer Pages/Cart/input_DELIVERY METHOD_popup-title'

2020-03-20 14:15:49 - [MESSAGE][PASSED] - Keys '*' sent to object: 'Object Repository/ADMIN/Edit Text/Bespoke/Buyer Pages/Cart/input_DELIVERY METHOD_popup-title'

2020-03-20 14:15:49 - [TEST_STEP][PASSED] - sendKeys(findTestObject("ADMIN/Edit Text/Bespoke/Buyer Pages/Cart/input_Choose a delivery method later_popup-title2 (1)"), "*"): Keys '*' sent to object: 'Object Repository/ADMIN/Edit Text/Bespoke/Buyer Pages/Cart/input_Choose a delivery method later_popup-title2 (1)'

2020-03-20 14:15:49 - [MESSAGE][PASSED] - Keys '*' sent to object: 'Object Repository/ADMIN/Edit Text/Bespoke/Buyer Pages/Cart/input_Choose a delivery method later_popup-title2 (1)'

2020-03-20 14:15:49 - [TEST_STEP][PASSED] - sendKeys(findTestObject("ADMIN/Edit Text/Bespoke/Buyer Pages/Cart/input_Delivery_popup-title3"), "*"): Keys '*' sent to object: 'Object Repository/ADMIN/Edit Text/Bespoke/Buyer Pages/Cart/input_Delivery_popup-title3'

2020-03-20 14:15:50 - [MESSAGE][PASSED] - Keys '*' sent to object: 'Object Repository/ADMIN/Edit Text/Bespoke/Buyer Pages/Cart/input_Delivery_popup-title3'

2020-03-20 14:15:50 - [TEST_STEP][PASSED] - sendKeys(findTestObject("ADMIN/Edit Text/Bespoke/Buyer Pages/Cart/input_Pick-up_popup-title4"), "*"): Keys '*' sent to object: 'Object Repository/ADMIN/Edit Text/Bespoke/Buyer Pages/Cart/input_Pick-up_popup-title4'

2020-03-20 14:15:50 - [MESSAGE][PASSED] - Keys '*' sent to object: 'Object Repository/ADMIN/Edit Text/Bespoke/Buyer Pages/Cart/input_Pick-up_popup-title4'

2020-03-20 14:15:50 - [TEST_STEP][PASSED] - sendKeys(findTestObject("ADMIN/Edit Text/Bespoke/Buyer Pages/Cart/input_Apply_btn_apply 2"), "*"): Keys '*' sent to object: 'Object Repository/ADMIN/Edit Text/Bespoke/Buyer Pages/Cart/input_Apply_btn_apply 2'

2020-03-20 14:15:50 - [MESSAGE][PASSED] - Keys '*' sent to object: 'Object Repository/ADMIN/Edit Text/Bespoke/Buyer Pages/Cart/input_Apply_btn_apply 2'

2020-03-20 14:15:50 - [TEST_STEP][PASSED] - sendKeys(findTestObject("ADMIN/Edit Text/Bespoke/Buyer Pages/Cart/input_the following"), "*"): Keys '*' sent to object: 'Object Repository/ADMIN/Edit Text/Bespoke/Buyer Pages/Cart/input_the following'

2020-03-20 14:15:50 - [MESSAGE][PASSED] - Keys '*' sent to object: 'Object Repository/ADMIN/Edit Text/Bespoke/Buyer Pages/Cart/input_the following'

2020-03-20 14:15:50 - [TEST_STEP][PASSED] - sendKeys(findTestObject("ADMIN/Edit Text/Bespoke/Buyer Pages/Cart/textarea_Please select a delivery method for each item before checkout If this problem still persists the item may be no longer available ("), "*"): Keys '*' sent to object: 'Object Repository/ADMIN/Edit Text/Bespoke/Buyer Pages/Cart/textarea_Please select a delivery method for each item before checkout If this problem still persists the item may be no longer available ('

2020-03-20 14:15:51 - [MESSAGE][PASSED] - Keys '*' sent to object: 'Object Repository/ADMIN/Edit Text/Bespoke/Buyer Pages/Cart/textarea_Please select a delivery method for each item before checkout If this problem still persists the item may be no longer available ('

2020-03-20 14:15:51 - [TEST_STEP][PASSED] - sendKeys(findTestObject("ADMIN/Edit Text/Bespoke/Buyer Pages/Cart/input_OKAY_btn_apply - Copy"), "*"): Keys '*' sent to object: 'Object Repository/ADMIN/Edit Text/Bespoke/Buyer Pages/Cart/input_OKAY_btn_apply - Copy'

2020-03-20 14:15:51 - [MESSAGE][PASSED] - Keys '*' sent to object: 'Object Repository/ADMIN/Edit Text/Bespoke/Buyer Pages/Cart/input_OKAY_btn_apply - Copy'

2020-03-20 14:15:51 - [TEST_STEP][PASSED] - click(findTestObject("ADMIN/Edit Text/Bespoke/Buyer Pages/Homepage/button_save"), CONTINUE_ON_FAILURE): Object: 'Object Repository/ADMIN/Edit Text/Bespoke/Buyer Pages/Homepage/button_save' is clicked on

2020-03-20 14:15:51 - [MESSAGE][PASSED] - Object: 'Object Repository/ADMIN/Edit Text/Bespoke/Buyer Pages/Homepage/button_save' is clicked on

2020-03-20 14:15:51 - [TEST_STEP][PASSED] - waitForElementVisible(findTestObject("ADMIN/Edit Text/Bespoke/Buyer Pages/Homepage/toaster_success"), 0): Object 'Object Repository/ADMIN/Edit Text/Bespoke/Buyer Pages/Homepage/toaster_success' is visible

2020-03-20 14:15:51 - [MESSAGE][WARNING] - Timeout '0' is invalid. Using default page load timeout: '30'

2020-03-20 14:15:52 - [MESSAGE][PASSED] - Object 'Object Repository/ADMIN/Edit Text/Bespoke/Buyer Pages/Homepage/toaster_success' is visible]]></system-out>
         <system-err><![CDATA[]]></system-err>
      </testcase>
      <testcase name="Test Cases/ADMIN/Language/Edit Text/Bespoke/Buyer Pages/Cart" time="9.14" classname="Test Cases/ADMIN/Language/Edit Text/Bespoke/Buyer Pages/Cart" status="PASSED">
         <system-out><![CDATA[2020-03-20 14:15:52 - [TEST_CASE][PASSED] - Test Cases/ADMIN/Language/Edit Text/Bespoke/Buyer Pages/Cart: Test Cases/ADMIN/Language/Edit Text/Bespoke/Buyer Pages/Cart

2020-03-20 14:15:52 - [TEST_STEP][PASSED] - waitForElementVisible(findTestObject("ADMIN/Edit Text/Bespoke/Buyer Navigation/dd_language"), 0): Object 'Object Repository/ADMIN/Edit Text/Bespoke/Buyer Navigation/dd_language' is visible

2020-03-20 14:15:52 - [MESSAGE][WARNING] - Timeout '0' is invalid. Using default page load timeout: '30'

2020-03-20 14:15:52 - [MESSAGE][PASSED] - Object 'Object Repository/ADMIN/Edit Text/Bespoke/Buyer Navigation/dd_language' is visible

2020-03-20 14:15:52 - [TEST_STEP][PASSED] - selectOptionByLabel(findTestObject("ADMIN/Edit Text/Bespoke/Buyer Navigation/dd_language"), varLanguage, false): All options with label 'Chinese (Simplified)' are selected in object 'Object Repository/ADMIN/Edit Text/Bespoke/Buyer Navigation/dd_language' 

2020-03-20 14:15:53 - [MESSAGE][PASSED] - All options with label 'Chinese (Simplified)' are selected in object 'Object Repository/ADMIN/Edit Text/Bespoke/Buyer Navigation/dd_language' 

2020-03-20 14:15:53 - [TEST_STEP][PASSED] - sendKeys(findTestObject("ADMIN/Edit Text/Bespoke/Buyer Pages/Cart/input_MY CART_my-cart"), "*"): Keys '*' sent to object: 'Object Repository/ADMIN/Edit Text/Bespoke/Buyer Pages/Cart/input_MY CART_my-cart'

2020-03-20 14:15:54 - [MESSAGE][PASSED] - Keys '*' sent to object: 'Object Repository/ADMIN/Edit Text/Bespoke/Buyer Pages/Cart/input_MY CART_my-cart'

2020-03-20 14:15:54 - [TEST_STEP][PASSED] - sendKeys(findTestObject("ADMIN/Edit Text/Bespoke/Buyer Pages/Cart/input_It seems like your cart is empty_my-cart-empty-msg"), "*"): Keys '*' sent to object: 'Object Repository/ADMIN/Edit Text/Bespoke/Buyer Pages/Cart/input_It seems like your cart is empty_my-cart-empty-msg'

2020-03-20 14:15:54 - [MESSAGE][PASSED] - Keys '*' sent to object: 'Object Repository/ADMIN/Edit Text/Bespoke/Buyer Pages/Cart/input_It seems like your cart is empty_my-cart-empty-msg'

2020-03-20 14:15:54 - [TEST_STEP][PASSED] - sendKeys(findTestObject("ADMIN/Edit Text/Bespoke/Buyer Pages/Cart/input_Start searching and adding_my-cart-start-search-add"), "*"): Keys '*' sent to object: 'Object Repository/ADMIN/Edit Text/Bespoke/Buyer Pages/Cart/input_Start searching and adding_my-cart-start-search-add'

2020-03-20 14:15:54 - [MESSAGE][PASSED] - Keys '*' sent to object: 'Object Repository/ADMIN/Edit Text/Bespoke/Buyer Pages/Cart/input_Start searching and adding_my-cart-start-search-add'

2020-03-20 14:15:54 - [TEST_STEP][PASSED] - sendKeys(findTestObject("ADMIN/Edit Text/Bespoke/Buyer Pages/Cart/input_CONTINUE SHOPPING_btn_add_cart"), "*"): Keys '*' sent to object: 'Object Repository/ADMIN/Edit Text/Bespoke/Buyer Pages/Cart/input_CONTINUE SHOPPING_btn_add_cart'

2020-03-20 14:15:55 - [MESSAGE][PASSED] - Keys '*' sent to object: 'Object Repository/ADMIN/Edit Text/Bespoke/Buyer Pages/Cart/input_CONTINUE SHOPPING_btn_add_cart'

2020-03-20 14:15:55 - [TEST_STEP][PASSED] - sendKeys(findTestObject("ADMIN/Edit Text/Bespoke/Buyer Pages/Cart/input_CHECKOUT_btn_add_cart"), "*"): Keys '*' sent to object: 'Object Repository/ADMIN/Edit Text/Bespoke/Buyer Pages/Cart/input_CHECKOUT_btn_add_cart'

2020-03-20 14:15:55 - [MESSAGE][PASSED] - Keys '*' sent to object: 'Object Repository/ADMIN/Edit Text/Bespoke/Buyer Pages/Cart/input_CHECKOUT_btn_add_cart'

2020-03-20 14:15:55 - [TEST_STEP][PASSED] - sendKeys(findTestObject("ADMIN/Edit Text/Bespoke/Buyer Pages/Cart/input_Select Delivery Option_delivery-option-text"), "*"): Keys '*' sent to object: 'Object Repository/ADMIN/Edit Text/Bespoke/Buyer Pages/Cart/input_Select Delivery Option_delivery-option-text'

2020-03-20 14:15:55 - [MESSAGE][PASSED] - Keys '*' sent to object: 'Object Repository/ADMIN/Edit Text/Bespoke/Buyer Pages/Cart/input_Select Delivery Option_delivery-option-text'

2020-03-20 14:15:55 - [TEST_STEP][PASSED] - sendKeys(findTestObject("ADMIN/Edit Text/Bespoke/Buyer Pages/Cart/input_Choose one_delivery-start-text"), "*"): Keys '*' sent to object: 'Object Repository/ADMIN/Edit Text/Bespoke/Buyer Pages/Cart/input_Choose one_delivery-start-text'

2020-03-20 14:15:55 - [MESSAGE][PASSED] - Keys '*' sent to object: 'Object Repository/ADMIN/Edit Text/Bespoke/Buyer Pages/Cart/input_Choose one_delivery-start-text'

2020-03-20 14:15:55 - [TEST_STEP][PASSED] - sendKeys(findTestObject("ADMIN/Edit Text/Bespoke/Buyer Pages/Cart/input_Delivery_delivery-text"), "*"): Keys '*' sent to object: 'Object Repository/ADMIN/Edit Text/Bespoke/Buyer Pages/Cart/input_Delivery_delivery-text'

2020-03-20 14:15:56 - [MESSAGE][PASSED] - Keys '*' sent to object: 'Object Repository/ADMIN/Edit Text/Bespoke/Buyer Pages/Cart/input_Delivery_delivery-text'

2020-03-20 14:15:56 - [TEST_STEP][PASSED] - sendKeys(findTestObject("ADMIN/Edit Text/Bespoke/Buyer Pages/Cart/input_Pick-up_pickup-text"), "*"): Keys '*' sent to object: 'Object Repository/ADMIN/Edit Text/Bespoke/Buyer Pages/Cart/input_Pick-up_pickup-text'

2020-03-20 14:15:56 - [MESSAGE][PASSED] - Keys '*' sent to object: 'Object Repository/ADMIN/Edit Text/Bespoke/Buyer Pages/Cart/input_Pick-up_pickup-text'

2020-03-20 14:15:56 - [TEST_STEP][PASSED] - sendKeys(findTestObject("ADMIN/Edit Text/Bespoke/Buyer Pages/Cart/input_CHANGE_btn_add_cart"), "*"): Keys '*' sent to object: 'Object Repository/ADMIN/Edit Text/Bespoke/Buyer Pages/Cart/input_CHANGE_btn_add_cart'

2020-03-20 14:15:56 - [MESSAGE][PASSED] - Keys '*' sent to object: 'Object Repository/ADMIN/Edit Text/Bespoke/Buyer Pages/Cart/input_CHANGE_btn_add_cart'

2020-03-20 14:15:56 - [TEST_STEP][PASSED] - sendKeys(findTestObject("ADMIN/Edit Text/Bespoke/Buyer Pages/Cart/input_Sold Out_cart-sub-total"), "*"): Keys '*' sent to object: 'Object Repository/ADMIN/Edit Text/Bespoke/Buyer Pages/Cart/input_Sold Out_cart-sub-total'

2020-03-20 14:15:56 - [MESSAGE][PASSED] - Keys '*' sent to object: 'Object Repository/ADMIN/Edit Text/Bespoke/Buyer Pages/Cart/input_Sold Out_cart-sub-total'

2020-03-20 14:15:56 - [TEST_STEP][PASSED] - sendKeys(findTestObject("ADMIN/Edit Text/Bespoke/Buyer Pages/Cart/input_QTY_cart-qty"), "*"): Keys '*' sent to object: 'Object Repository/ADMIN/Edit Text/Bespoke/Buyer Pages/Cart/input_QTY_cart-qty'

2020-03-20 14:15:56 - [MESSAGE][PASSED] - Keys '*' sent to object: 'Object Repository/ADMIN/Edit Text/Bespoke/Buyer Pages/Cart/input_QTY_cart-qty'

2020-03-20 14:15:56 - [TEST_STEP][PASSED] - sendKeys(findTestObject("ADMIN/Edit Text/Bespoke/Buyer Pages/Cart/input_Sub Total_cart-sub-total"), "*"): Keys '*' sent to object: 'Object Repository/ADMIN/Edit Text/Bespoke/Buyer Pages/Cart/input_Sub Total_cart-sub-total'

2020-03-20 14:15:56 - [MESSAGE][PASSED] - Keys '*' sent to object: 'Object Repository/ADMIN/Edit Text/Bespoke/Buyer Pages/Cart/input_Sub Total_cart-sub-total'

2020-03-20 14:15:56 - [TEST_STEP][PASSED] - sendKeys(findTestObject("ADMIN/Edit Text/Bespoke/Buyer Pages/Cart/input_Delivery Costs_cart-delivery-costs"), "*"): Keys '*' sent to object: 'Object Repository/ADMIN/Edit Text/Bespoke/Buyer Pages/Cart/input_Delivery Costs_cart-delivery-costs'

2020-03-20 14:15:56 - [MESSAGE][PASSED] - Keys '*' sent to object: 'Object Repository/ADMIN/Edit Text/Bespoke/Buyer Pages/Cart/input_Delivery Costs_cart-delivery-costs'

2020-03-20 14:15:56 - [TEST_STEP][PASSED] - sendKeys(findTestObject("ADMIN/Edit Text/Bespoke/Buyer Pages/Cart/input_Bulk Delivery Discount_cart-bulk-delivery-discount"), "*"): Keys '*' sent to object: 'Object Repository/ADMIN/Edit Text/Bespoke/Buyer Pages/Cart/input_Bulk Delivery Discount_cart-bulk-delivery-discount'

2020-03-20 14:15:57 - [MESSAGE][PASSED] - Keys '*' sent to object: 'Object Repository/ADMIN/Edit Text/Bespoke/Buyer Pages/Cart/input_Bulk Delivery Discount_cart-bulk-delivery-discount'

2020-03-20 14:15:57 - [TEST_STEP][PASSED] - sendKeys(findTestObject("ADMIN/Edit Text/Bespoke/Buyer Pages/Cart/input_TOTAL_cart-total"), "*"): Keys '*' sent to object: 'Object Repository/ADMIN/Edit Text/Bespoke/Buyer Pages/Cart/input_TOTAL_cart-total'

2020-03-20 14:15:57 - [MESSAGE][PASSED] - Keys '*' sent to object: 'Object Repository/ADMIN/Edit Text/Bespoke/Buyer Pages/Cart/input_TOTAL_cart-total'

2020-03-20 14:15:57 - [TEST_STEP][PASSED] - sendKeys(findTestObject("ADMIN/Edit Text/Bespoke/Buyer Pages/Cart/input_REMOVE ITEM_popup-title"), "*"): Keys '*' sent to object: 'Object Repository/ADMIN/Edit Text/Bespoke/Buyer Pages/Cart/input_REMOVE ITEM_popup-title'

2020-03-20 14:15:57 - [MESSAGE][PASSED] - Keys '*' sent to object: 'Object Repository/ADMIN/Edit Text/Bespoke/Buyer Pages/Cart/input_REMOVE ITEM_popup-title'

2020-03-20 14:15:57 - [TEST_STEP][PASSED] - sendKeys(findTestObject("ADMIN/Edit Text/Bespoke/Buyer Pages/Cart/textarea_You sure about removing this item from your list (Itll be gone forever)"), "*"): Keys '*' sent to object: 'Object Repository/ADMIN/Edit Text/Bespoke/Buyer Pages/Cart/textarea_You sure about removing this item from your list (Itll be gone forever)'

2020-03-20 14:15:57 - [MESSAGE][PASSED] - Keys '*' sent to object: 'Object Repository/ADMIN/Edit Text/Bespoke/Buyer Pages/Cart/textarea_You sure about removing this item from your list (Itll be gone forever)'

2020-03-20 14:15:57 - [TEST_STEP][PASSED] - sendKeys(findTestObject("ADMIN/Edit Text/Bespoke/Buyer Pages/Cart/input_CANCEL_btn_apply"), "*"): Keys '*' sent to object: 'Object Repository/ADMIN/Edit Text/Bespoke/Buyer Pages/Cart/input_CANCEL_btn_apply'

2020-03-20 14:15:58 - [MESSAGE][PASSED] - Keys '*' sent to object: 'Object Repository/ADMIN/Edit Text/Bespoke/Buyer Pages/Cart/input_CANCEL_btn_apply'

2020-03-20 14:15:58 - [TEST_STEP][PASSED] - sendKeys(findTestObject("ADMIN/Edit Text/Bespoke/Buyer Pages/Cart/input_OKAY_btn_apply"), "*"): Keys '*' sent to object: 'Object Repository/ADMIN/Edit Text/Bespoke/Buyer Pages/Cart/input_OKAY_btn_apply'

2020-03-20 14:15:58 - [MESSAGE][PASSED] - Keys '*' sent to object: 'Object Repository/ADMIN/Edit Text/Bespoke/Buyer Pages/Cart/input_OKAY_btn_apply'

2020-03-20 14:15:58 - [TEST_STEP][PASSED] - sendKeys(findTestObject("ADMIN/Edit Text/Bespoke/Buyer Pages/Cart/input_DELIVERY METHOD_popup-title"), "*"): Keys '*' sent to object: 'Object Repository/ADMIN/Edit Text/Bespoke/Buyer Pages/Cart/input_DELIVERY METHOD_popup-title'

2020-03-20 14:15:58 - [MESSAGE][PASSED] - Keys '*' sent to object: 'Object Repository/ADMIN/Edit Text/Bespoke/Buyer Pages/Cart/input_DELIVERY METHOD_popup-title'

2020-03-20 14:15:58 - [TEST_STEP][PASSED] - sendKeys(findTestObject("ADMIN/Edit Text/Bespoke/Buyer Pages/Cart/input_Choose a delivery method later_popup-title2 (1)"), "*"): Keys '*' sent to object: 'Object Repository/ADMIN/Edit Text/Bespoke/Buyer Pages/Cart/input_Choose a delivery method later_popup-title2 (1)'

2020-03-20 14:15:58 - [MESSAGE][PASSED] - Keys '*' sent to object: 'Object Repository/ADMIN/Edit Text/Bespoke/Buyer Pages/Cart/input_Choose a delivery method later_popup-title2 (1)'

2020-03-20 14:15:58 - [TEST_STEP][PASSED] - sendKeys(findTestObject("ADMIN/Edit Text/Bespoke/Buyer Pages/Cart/input_Delivery_popup-title3"), "*"): Keys '*' sent to object: 'Object Repository/ADMIN/Edit Text/Bespoke/Buyer Pages/Cart/input_Delivery_popup-title3'

2020-03-20 14:15:59 - [MESSAGE][PASSED] - Keys '*' sent to object: 'Object Repository/ADMIN/Edit Text/Bespoke/Buyer Pages/Cart/input_Delivery_popup-title3'

2020-03-20 14:15:59 - [TEST_STEP][PASSED] - sendKeys(findTestObject("ADMIN/Edit Text/Bespoke/Buyer Pages/Cart/input_Pick-up_popup-title4"), "*"): Keys '*' sent to object: 'Object Repository/ADMIN/Edit Text/Bespoke/Buyer Pages/Cart/input_Pick-up_popup-title4'

2020-03-20 14:15:59 - [MESSAGE][PASSED] - Keys '*' sent to object: 'Object Repository/ADMIN/Edit Text/Bespoke/Buyer Pages/Cart/input_Pick-up_popup-title4'

2020-03-20 14:15:59 - [TEST_STEP][PASSED] - sendKeys(findTestObject("ADMIN/Edit Text/Bespoke/Buyer Pages/Cart/input_Apply_btn_apply 2"), "*"): Keys '*' sent to object: 'Object Repository/ADMIN/Edit Text/Bespoke/Buyer Pages/Cart/input_Apply_btn_apply 2'

2020-03-20 14:15:59 - [MESSAGE][PASSED] - Keys '*' sent to object: 'Object Repository/ADMIN/Edit Text/Bespoke/Buyer Pages/Cart/input_Apply_btn_apply 2'

2020-03-20 14:15:59 - [TEST_STEP][PASSED] - sendKeys(findTestObject("ADMIN/Edit Text/Bespoke/Buyer Pages/Cart/input_the following"), "*"): Keys '*' sent to object: 'Object Repository/ADMIN/Edit Text/Bespoke/Buyer Pages/Cart/input_the following'

2020-03-20 14:15:59 - [MESSAGE][PASSED] - Keys '*' sent to object: 'Object Repository/ADMIN/Edit Text/Bespoke/Buyer Pages/Cart/input_the following'

2020-03-20 14:15:59 - [TEST_STEP][PASSED] - sendKeys(findTestObject("ADMIN/Edit Text/Bespoke/Buyer Pages/Cart/textarea_Please select a delivery method for each item before checkout If this problem still persists the item may be no longer available ("), "*"): Keys '*' sent to object: 'Object Repository/ADMIN/Edit Text/Bespoke/Buyer Pages/Cart/textarea_Please select a delivery method for each item before checkout If this problem still persists the item may be no longer available ('

2020-03-20 14:16:00 - [MESSAGE][PASSED] - Keys '*' sent to object: 'Object Repository/ADMIN/Edit Text/Bespoke/Buyer Pages/Cart/textarea_Please select a delivery method for each item before checkout If this problem still persists the item may be no longer available ('

2020-03-20 14:16:00 - [TEST_STEP][PASSED] - sendKeys(findTestObject("ADMIN/Edit Text/Bespoke/Buyer Pages/Cart/input_OKAY_btn_apply - Copy"), "*"): Keys '*' sent to object: 'Object Repository/ADMIN/Edit Text/Bespoke/Buyer Pages/Cart/input_OKAY_btn_apply - Copy'

2020-03-20 14:16:00 - [MESSAGE][PASSED] - Keys '*' sent to object: 'Object Repository/ADMIN/Edit Text/Bespoke/Buyer Pages/Cart/input_OKAY_btn_apply - Copy'

2020-03-20 14:16:00 - [TEST_STEP][PASSED] - click(findTestObject("ADMIN/Edit Text/Bespoke/Buyer Pages/Homepage/button_save"), CONTINUE_ON_FAILURE): Object: 'Object Repository/ADMIN/Edit Text/Bespoke/Buyer Pages/Homepage/button_save' is clicked on

2020-03-20 14:16:00 - [MESSAGE][PASSED] - Object: 'Object Repository/ADMIN/Edit Text/Bespoke/Buyer Pages/Homepage/button_save' is clicked on

2020-03-20 14:16:00 - [TEST_STEP][PASSED] - waitForElementVisible(findTestObject("ADMIN/Edit Text/Bespoke/Buyer Pages/Homepage/toaster_success"), 0): Object 'Object Repository/ADMIN/Edit Text/Bespoke/Buyer Pages/Homepage/toaster_success' is visible

2020-03-20 14:16:00 - [MESSAGE][WARNING] - Timeout '0' is invalid. Using default page load timeout: '30'

2020-03-20 14:16:01 - [MESSAGE][PASSED] - Object 'Object Repository/ADMIN/Edit Text/Bespoke/Buyer Pages/Homepage/toaster_success' is visible]]></system-out>
         <system-err><![CDATA[]]></system-err>
      </testcase>
      <testcase name="Test Cases/ADMIN/Language/Edit Text/Bespoke/Buyer Pages/Cart" time="8.373" classname="Test Cases/ADMIN/Language/Edit Text/Bespoke/Buyer Pages/Cart" status="PASSED">
         <system-out><![CDATA[2020-03-20 14:16:01 - [TEST_CASE][PASSED] - Test Cases/ADMIN/Language/Edit Text/Bespoke/Buyer Pages/Cart: Test Cases/ADMIN/Language/Edit Text/Bespoke/Buyer Pages/Cart

2020-03-20 14:16:01 - [TEST_STEP][PASSED] - waitForElementVisible(findTestObject("ADMIN/Edit Text/Bespoke/Buyer Navigation/dd_language"), 0): Object 'Object Repository/ADMIN/Edit Text/Bespoke/Buyer Navigation/dd_language' is visible

2020-03-20 14:16:01 - [MESSAGE][WARNING] - Timeout '0' is invalid. Using default page load timeout: '30'

2020-03-20 14:16:01 - [MESSAGE][PASSED] - Object 'Object Repository/ADMIN/Edit Text/Bespoke/Buyer Navigation/dd_language' is visible

2020-03-20 14:16:01 - [TEST_STEP][PASSED] - selectOptionByLabel(findTestObject("ADMIN/Edit Text/Bespoke/Buyer Navigation/dd_language"), varLanguage, false): All options with label 'Hebrew' are selected in object 'Object Repository/ADMIN/Edit Text/Bespoke/Buyer Navigation/dd_language' 

2020-03-20 14:16:02 - [MESSAGE][PASSED] - All options with label 'Hebrew' are selected in object 'Object Repository/ADMIN/Edit Text/Bespoke/Buyer Navigation/dd_language' 

2020-03-20 14:16:02 - [TEST_STEP][PASSED] - sendKeys(findTestObject("ADMIN/Edit Text/Bespoke/Buyer Pages/Cart/input_MY CART_my-cart"), "*"): Keys '*' sent to object: 'Object Repository/ADMIN/Edit Text/Bespoke/Buyer Pages/Cart/input_MY CART_my-cart'

2020-03-20 14:16:03 - [MESSAGE][PASSED] - Keys '*' sent to object: 'Object Repository/ADMIN/Edit Text/Bespoke/Buyer Pages/Cart/input_MY CART_my-cart'

2020-03-20 14:16:03 - [TEST_STEP][PASSED] - sendKeys(findTestObject("ADMIN/Edit Text/Bespoke/Buyer Pages/Cart/input_It seems like your cart is empty_my-cart-empty-msg"), "*"): Keys '*' sent to object: 'Object Repository/ADMIN/Edit Text/Bespoke/Buyer Pages/Cart/input_It seems like your cart is empty_my-cart-empty-msg'

2020-03-20 14:16:03 - [MESSAGE][PASSED] - Keys '*' sent to object: 'Object Repository/ADMIN/Edit Text/Bespoke/Buyer Pages/Cart/input_It seems like your cart is empty_my-cart-empty-msg'

2020-03-20 14:16:03 - [TEST_STEP][PASSED] - sendKeys(findTestObject("ADMIN/Edit Text/Bespoke/Buyer Pages/Cart/input_Start searching and adding_my-cart-start-search-add"), "*"): Keys '*' sent to object: 'Object Repository/ADMIN/Edit Text/Bespoke/Buyer Pages/Cart/input_Start searching and adding_my-cart-start-search-add'

2020-03-20 14:16:03 - [MESSAGE][PASSED] - Keys '*' sent to object: 'Object Repository/ADMIN/Edit Text/Bespoke/Buyer Pages/Cart/input_Start searching and adding_my-cart-start-search-add'

2020-03-20 14:16:03 - [TEST_STEP][PASSED] - sendKeys(findTestObject("ADMIN/Edit Text/Bespoke/Buyer Pages/Cart/input_CONTINUE SHOPPING_btn_add_cart"), "*"): Keys '*' sent to object: 'Object Repository/ADMIN/Edit Text/Bespoke/Buyer Pages/Cart/input_CONTINUE SHOPPING_btn_add_cart'

2020-03-20 14:16:03 - [MESSAGE][PASSED] - Keys '*' sent to object: 'Object Repository/ADMIN/Edit Text/Bespoke/Buyer Pages/Cart/input_CONTINUE SHOPPING_btn_add_cart'

2020-03-20 14:16:03 - [TEST_STEP][PASSED] - sendKeys(findTestObject("ADMIN/Edit Text/Bespoke/Buyer Pages/Cart/input_CHECKOUT_btn_add_cart"), "*"): Keys '*' sent to object: 'Object Repository/ADMIN/Edit Text/Bespoke/Buyer Pages/Cart/input_CHECKOUT_btn_add_cart'

2020-03-20 14:16:03 - [MESSAGE][PASSED] - Keys '*' sent to object: 'Object Repository/ADMIN/Edit Text/Bespoke/Buyer Pages/Cart/input_CHECKOUT_btn_add_cart'

2020-03-20 14:16:03 - [TEST_STEP][PASSED] - sendKeys(findTestObject("ADMIN/Edit Text/Bespoke/Buyer Pages/Cart/input_Select Delivery Option_delivery-option-text"), "*"): Keys '*' sent to object: 'Object Repository/ADMIN/Edit Text/Bespoke/Buyer Pages/Cart/input_Select Delivery Option_delivery-option-text'

2020-03-20 14:16:04 - [MESSAGE][PASSED] - Keys '*' sent to object: 'Object Repository/ADMIN/Edit Text/Bespoke/Buyer Pages/Cart/input_Select Delivery Option_delivery-option-text'

2020-03-20 14:16:04 - [TEST_STEP][PASSED] - sendKeys(findTestObject("ADMIN/Edit Text/Bespoke/Buyer Pages/Cart/input_Choose one_delivery-start-text"), "*"): Keys '*' sent to object: 'Object Repository/ADMIN/Edit Text/Bespoke/Buyer Pages/Cart/input_Choose one_delivery-start-text'

2020-03-20 14:16:04 - [MESSAGE][PASSED] - Keys '*' sent to object: 'Object Repository/ADMIN/Edit Text/Bespoke/Buyer Pages/Cart/input_Choose one_delivery-start-text'

2020-03-20 14:16:04 - [TEST_STEP][PASSED] - sendKeys(findTestObject("ADMIN/Edit Text/Bespoke/Buyer Pages/Cart/input_Delivery_delivery-text"), "*"): Keys '*' sent to object: 'Object Repository/ADMIN/Edit Text/Bespoke/Buyer Pages/Cart/input_Delivery_delivery-text'

2020-03-20 14:16:04 - [MESSAGE][PASSED] - Keys '*' sent to object: 'Object Repository/ADMIN/Edit Text/Bespoke/Buyer Pages/Cart/input_Delivery_delivery-text'

2020-03-20 14:16:04 - [TEST_STEP][PASSED] - sendKeys(findTestObject("ADMIN/Edit Text/Bespoke/Buyer Pages/Cart/input_Pick-up_pickup-text"), "*"): Keys '*' sent to object: 'Object Repository/ADMIN/Edit Text/Bespoke/Buyer Pages/Cart/input_Pick-up_pickup-text'

2020-03-20 14:16:04 - [MESSAGE][PASSED] - Keys '*' sent to object: 'Object Repository/ADMIN/Edit Text/Bespoke/Buyer Pages/Cart/input_Pick-up_pickup-text'

2020-03-20 14:16:04 - [TEST_STEP][PASSED] - sendKeys(findTestObject("ADMIN/Edit Text/Bespoke/Buyer Pages/Cart/input_CHANGE_btn_add_cart"), "*"): Keys '*' sent to object: 'Object Repository/ADMIN/Edit Text/Bespoke/Buyer Pages/Cart/input_CHANGE_btn_add_cart'

2020-03-20 14:16:05 - [MESSAGE][PASSED] - Keys '*' sent to object: 'Object Repository/ADMIN/Edit Text/Bespoke/Buyer Pages/Cart/input_CHANGE_btn_add_cart'

2020-03-20 14:16:05 - [TEST_STEP][PASSED] - sendKeys(findTestObject("ADMIN/Edit Text/Bespoke/Buyer Pages/Cart/input_Sold Out_cart-sub-total"), "*"): Keys '*' sent to object: 'Object Repository/ADMIN/Edit Text/Bespoke/Buyer Pages/Cart/input_Sold Out_cart-sub-total'

2020-03-20 14:16:05 - [MESSAGE][PASSED] - Keys '*' sent to object: 'Object Repository/ADMIN/Edit Text/Bespoke/Buyer Pages/Cart/input_Sold Out_cart-sub-total'

2020-03-20 14:16:05 - [TEST_STEP][PASSED] - sendKeys(findTestObject("ADMIN/Edit Text/Bespoke/Buyer Pages/Cart/input_QTY_cart-qty"), "*"): Keys '*' sent to object: 'Object Repository/ADMIN/Edit Text/Bespoke/Buyer Pages/Cart/input_QTY_cart-qty'

2020-03-20 14:16:05 - [MESSAGE][PASSED] - Keys '*' sent to object: 'Object Repository/ADMIN/Edit Text/Bespoke/Buyer Pages/Cart/input_QTY_cart-qty'

2020-03-20 14:16:05 - [TEST_STEP][PASSED] - sendKeys(findTestObject("ADMIN/Edit Text/Bespoke/Buyer Pages/Cart/input_Sub Total_cart-sub-total"), "*"): Keys '*' sent to object: 'Object Repository/ADMIN/Edit Text/Bespoke/Buyer Pages/Cart/input_Sub Total_cart-sub-total'

2020-03-20 14:16:05 - [MESSAGE][PASSED] - Keys '*' sent to object: 'Object Repository/ADMIN/Edit Text/Bespoke/Buyer Pages/Cart/input_Sub Total_cart-sub-total'

2020-03-20 14:16:05 - [TEST_STEP][PASSED] - sendKeys(findTestObject("ADMIN/Edit Text/Bespoke/Buyer Pages/Cart/input_Delivery Costs_cart-delivery-costs"), "*"): Keys '*' sent to object: 'Object Repository/ADMIN/Edit Text/Bespoke/Buyer Pages/Cart/input_Delivery Costs_cart-delivery-costs'

2020-03-20 14:16:05 - [MESSAGE][PASSED] - Keys '*' sent to object: 'Object Repository/ADMIN/Edit Text/Bespoke/Buyer Pages/Cart/input_Delivery Costs_cart-delivery-costs'

2020-03-20 14:16:05 - [TEST_STEP][PASSED] - sendKeys(findTestObject("ADMIN/Edit Text/Bespoke/Buyer Pages/Cart/input_Bulk Delivery Discount_cart-bulk-delivery-discount"), "*"): Keys '*' sent to object: 'Object Repository/ADMIN/Edit Text/Bespoke/Buyer Pages/Cart/input_Bulk Delivery Discount_cart-bulk-delivery-discount'

2020-03-20 14:16:05 - [MESSAGE][PASSED] - Keys '*' sent to object: 'Object Repository/ADMIN/Edit Text/Bespoke/Buyer Pages/Cart/input_Bulk Delivery Discount_cart-bulk-delivery-discount'

2020-03-20 14:16:05 - [TEST_STEP][PASSED] - sendKeys(findTestObject("ADMIN/Edit Text/Bespoke/Buyer Pages/Cart/input_TOTAL_cart-total"), "*"): Keys '*' sent to object: 'Object Repository/ADMIN/Edit Text/Bespoke/Buyer Pages/Cart/input_TOTAL_cart-total'

2020-03-20 14:16:06 - [MESSAGE][PASSED] - Keys '*' sent to object: 'Object Repository/ADMIN/Edit Text/Bespoke/Buyer Pages/Cart/input_TOTAL_cart-total'

2020-03-20 14:16:06 - [TEST_STEP][PASSED] - sendKeys(findTestObject("ADMIN/Edit Text/Bespoke/Buyer Pages/Cart/input_REMOVE ITEM_popup-title"), "*"): Keys '*' sent to object: 'Object Repository/ADMIN/Edit Text/Bespoke/Buyer Pages/Cart/input_REMOVE ITEM_popup-title'

2020-03-20 14:16:06 - [MESSAGE][PASSED] - Keys '*' sent to object: 'Object Repository/ADMIN/Edit Text/Bespoke/Buyer Pages/Cart/input_REMOVE ITEM_popup-title'

2020-03-20 14:16:06 - [TEST_STEP][PASSED] - sendKeys(findTestObject("ADMIN/Edit Text/Bespoke/Buyer Pages/Cart/textarea_You sure about removing this item from your list (Itll be gone forever)"), "*"): Keys '*' sent to object: 'Object Repository/ADMIN/Edit Text/Bespoke/Buyer Pages/Cart/textarea_You sure about removing this item from your list (Itll be gone forever)'

2020-03-20 14:16:06 - [MESSAGE][PASSED] - Keys '*' sent to object: 'Object Repository/ADMIN/Edit Text/Bespoke/Buyer Pages/Cart/textarea_You sure about removing this item from your list (Itll be gone forever)'

2020-03-20 14:16:06 - [TEST_STEP][PASSED] - sendKeys(findTestObject("ADMIN/Edit Text/Bespoke/Buyer Pages/Cart/input_CANCEL_btn_apply"), "*"): Keys '*' sent to object: 'Object Repository/ADMIN/Edit Text/Bespoke/Buyer Pages/Cart/input_CANCEL_btn_apply'

2020-03-20 14:16:06 - [MESSAGE][PASSED] - Keys '*' sent to object: 'Object Repository/ADMIN/Edit Text/Bespoke/Buyer Pages/Cart/input_CANCEL_btn_apply'

2020-03-20 14:16:06 - [TEST_STEP][PASSED] - sendKeys(findTestObject("ADMIN/Edit Text/Bespoke/Buyer Pages/Cart/input_OKAY_btn_apply"), "*"): Keys '*' sent to object: 'Object Repository/ADMIN/Edit Text/Bespoke/Buyer Pages/Cart/input_OKAY_btn_apply'

2020-03-20 14:16:07 - [MESSAGE][PASSED] - Keys '*' sent to object: 'Object Repository/ADMIN/Edit Text/Bespoke/Buyer Pages/Cart/input_OKAY_btn_apply'

2020-03-20 14:16:07 - [TEST_STEP][PASSED] - sendKeys(findTestObject("ADMIN/Edit Text/Bespoke/Buyer Pages/Cart/input_DELIVERY METHOD_popup-title"), "*"): Keys '*' sent to object: 'Object Repository/ADMIN/Edit Text/Bespoke/Buyer Pages/Cart/input_DELIVERY METHOD_popup-title'

2020-03-20 14:16:07 - [MESSAGE][PASSED] - Keys '*' sent to object: 'Object Repository/ADMIN/Edit Text/Bespoke/Buyer Pages/Cart/input_DELIVERY METHOD_popup-title'

2020-03-20 14:16:07 - [TEST_STEP][PASSED] - sendKeys(findTestObject("ADMIN/Edit Text/Bespoke/Buyer Pages/Cart/input_Choose a delivery method later_popup-title2 (1)"), "*"): Keys '*' sent to object: 'Object Repository/ADMIN/Edit Text/Bespoke/Buyer Pages/Cart/input_Choose a delivery method later_popup-title2 (1)'

2020-03-20 14:16:07 - [MESSAGE][PASSED] - Keys '*' sent to object: 'Object Repository/ADMIN/Edit Text/Bespoke/Buyer Pages/Cart/input_Choose a delivery method later_popup-title2 (1)'

2020-03-20 14:16:07 - [TEST_STEP][PASSED] - sendKeys(findTestObject("ADMIN/Edit Text/Bespoke/Buyer Pages/Cart/input_Delivery_popup-title3"), "*"): Keys '*' sent to object: 'Object Repository/ADMIN/Edit Text/Bespoke/Buyer Pages/Cart/input_Delivery_popup-title3'

2020-03-20 14:16:07 - [MESSAGE][PASSED] - Keys '*' sent to object: 'Object Repository/ADMIN/Edit Text/Bespoke/Buyer Pages/Cart/input_Delivery_popup-title3'

2020-03-20 14:16:07 - [TEST_STEP][PASSED] - sendKeys(findTestObject("ADMIN/Edit Text/Bespoke/Buyer Pages/Cart/input_Pick-up_popup-title4"), "*"): Keys '*' sent to object: 'Object Repository/ADMIN/Edit Text/Bespoke/Buyer Pages/Cart/input_Pick-up_popup-title4'

2020-03-20 14:16:08 - [MESSAGE][PASSED] - Keys '*' sent to object: 'Object Repository/ADMIN/Edit Text/Bespoke/Buyer Pages/Cart/input_Pick-up_popup-title4'

2020-03-20 14:16:08 - [TEST_STEP][PASSED] - sendKeys(findTestObject("ADMIN/Edit Text/Bespoke/Buyer Pages/Cart/input_Apply_btn_apply 2"), "*"): Keys '*' sent to object: 'Object Repository/ADMIN/Edit Text/Bespoke/Buyer Pages/Cart/input_Apply_btn_apply 2'

2020-03-20 14:16:08 - [MESSAGE][PASSED] - Keys '*' sent to object: 'Object Repository/ADMIN/Edit Text/Bespoke/Buyer Pages/Cart/input_Apply_btn_apply 2'

2020-03-20 14:16:08 - [TEST_STEP][PASSED] - sendKeys(findTestObject("ADMIN/Edit Text/Bespoke/Buyer Pages/Cart/input_the following"), "*"): Keys '*' sent to object: 'Object Repository/ADMIN/Edit Text/Bespoke/Buyer Pages/Cart/input_the following'

2020-03-20 14:16:08 - [MESSAGE][PASSED] - Keys '*' sent to object: 'Object Repository/ADMIN/Edit Text/Bespoke/Buyer Pages/Cart/input_the following'

2020-03-20 14:16:08 - [TEST_STEP][PASSED] - sendKeys(findTestObject("ADMIN/Edit Text/Bespoke/Buyer Pages/Cart/textarea_Please select a delivery method for each item before checkout If this problem still persists the item may be no longer available ("), "*"): Keys '*' sent to object: 'Object Repository/ADMIN/Edit Text/Bespoke/Buyer Pages/Cart/textarea_Please select a delivery method for each item before checkout If this problem still persists the item may be no longer available ('

2020-03-20 14:16:08 - [MESSAGE][PASSED] - Keys '*' sent to object: 'Object Repository/ADMIN/Edit Text/Bespoke/Buyer Pages/Cart/textarea_Please select a delivery method for each item before checkout If this problem still persists the item may be no longer available ('

2020-03-20 14:16:08 - [TEST_STEP][PASSED] - sendKeys(findTestObject("ADMIN/Edit Text/Bespoke/Buyer Pages/Cart/input_OKAY_btn_apply - Copy"), "*"): Keys '*' sent to object: 'Object Repository/ADMIN/Edit Text/Bespoke/Buyer Pages/Cart/input_OKAY_btn_apply - Copy'

2020-03-20 14:16:08 - [MESSAGE][PASSED] - Keys '*' sent to object: 'Object Repository/ADMIN/Edit Text/Bespoke/Buyer Pages/Cart/input_OKAY_btn_apply - Copy'

2020-03-20 14:16:08 - [TEST_STEP][PASSED] - click(findTestObject("ADMIN/Edit Text/Bespoke/Buyer Pages/Homepage/button_save"), CONTINUE_ON_FAILURE): Object: 'Object Repository/ADMIN/Edit Text/Bespoke/Buyer Pages/Homepage/button_save' is clicked on

2020-03-20 14:16:09 - [MESSAGE][PASSED] - Object: 'Object Repository/ADMIN/Edit Text/Bespoke/Buyer Pages/Homepage/button_save' is clicked on

2020-03-20 14:16:09 - [TEST_STEP][PASSED] - waitForElementVisible(findTestObject("ADMIN/Edit Text/Bespoke/Buyer Pages/Homepage/toaster_success"), 0): Object 'Object Repository/ADMIN/Edit Text/Bespoke/Buyer Pages/Homepage/toaster_success' is visible

2020-03-20 14:16:09 - [MESSAGE][WARNING] - Timeout '0' is invalid. Using default page load timeout: '30'

2020-03-20 14:16:09 - [MESSAGE][PASSED] - Object 'Object Repository/ADMIN/Edit Text/Bespoke/Buyer Pages/Homepage/toaster_success' is visible]]></system-out>
         <system-err><![CDATA[]]></system-err>
      </testcase>
      <testcase name="Test Cases/ADMIN/Language/Edit Text/Bespoke/Buyer Pages/Cart" time="7.847" classname="Test Cases/ADMIN/Language/Edit Text/Bespoke/Buyer Pages/Cart" status="PASSED">
         <system-out><![CDATA[2020-03-20 14:16:09 - [TEST_CASE][PASSED] - Test Cases/ADMIN/Language/Edit Text/Bespoke/Buyer Pages/Cart: Test Cases/ADMIN/Language/Edit Text/Bespoke/Buyer Pages/Cart

2020-03-20 14:16:09 - [TEST_STEP][PASSED] - waitForElementVisible(findTestObject("ADMIN/Edit Text/Bespoke/Buyer Navigation/dd_language"), 0): Object 'Object Repository/ADMIN/Edit Text/Bespoke/Buyer Navigation/dd_language' is visible

2020-03-20 14:16:09 - [MESSAGE][WARNING] - Timeout '0' is invalid. Using default page load timeout: '30'

2020-03-20 14:16:09 - [MESSAGE][PASSED] - Object 'Object Repository/ADMIN/Edit Text/Bespoke/Buyer Navigation/dd_language' is visible

2020-03-20 14:16:09 - [TEST_STEP][PASSED] - selectOptionByLabel(findTestObject("ADMIN/Edit Text/Bespoke/Buyer Navigation/dd_language"), varLanguage, false): All options with label 'English' are selected in object 'Object Repository/ADMIN/Edit Text/Bespoke/Buyer Navigation/dd_language' 

2020-03-20 14:16:11 - [MESSAGE][PASSED] - All options with label 'English' are selected in object 'Object Repository/ADMIN/Edit Text/Bespoke/Buyer Navigation/dd_language' 

2020-03-20 14:16:11 - [TEST_STEP][PASSED] - sendKeys(findTestObject("ADMIN/Edit Text/Bespoke/Buyer Pages/Cart/input_MY CART_my-cart"), "*"): Keys '*' sent to object: 'Object Repository/ADMIN/Edit Text/Bespoke/Buyer Pages/Cart/input_MY CART_my-cart'

2020-03-20 14:16:11 - [MESSAGE][PASSED] - Keys '*' sent to object: 'Object Repository/ADMIN/Edit Text/Bespoke/Buyer Pages/Cart/input_MY CART_my-cart'

2020-03-20 14:16:11 - [TEST_STEP][PASSED] - sendKeys(findTestObject("ADMIN/Edit Text/Bespoke/Buyer Pages/Cart/input_It seems like your cart is empty_my-cart-empty-msg"), "*"): Keys '*' sent to object: 'Object Repository/ADMIN/Edit Text/Bespoke/Buyer Pages/Cart/input_It seems like your cart is empty_my-cart-empty-msg'

2020-03-20 14:16:11 - [MESSAGE][PASSED] - Keys '*' sent to object: 'Object Repository/ADMIN/Edit Text/Bespoke/Buyer Pages/Cart/input_It seems like your cart is empty_my-cart-empty-msg'

2020-03-20 14:16:11 - [TEST_STEP][PASSED] - sendKeys(findTestObject("ADMIN/Edit Text/Bespoke/Buyer Pages/Cart/input_Start searching and adding_my-cart-start-search-add"), "*"): Keys '*' sent to object: 'Object Repository/ADMIN/Edit Text/Bespoke/Buyer Pages/Cart/input_Start searching and adding_my-cart-start-search-add'

2020-03-20 14:16:11 - [MESSAGE][PASSED] - Keys '*' sent to object: 'Object Repository/ADMIN/Edit Text/Bespoke/Buyer Pages/Cart/input_Start searching and adding_my-cart-start-search-add'

2020-03-20 14:16:11 - [TEST_STEP][PASSED] - sendKeys(findTestObject("ADMIN/Edit Text/Bespoke/Buyer Pages/Cart/input_CONTINUE SHOPPING_btn_add_cart"), "*"): Keys '*' sent to object: 'Object Repository/ADMIN/Edit Text/Bespoke/Buyer Pages/Cart/input_CONTINUE SHOPPING_btn_add_cart'

2020-03-20 14:16:12 - [MESSAGE][PASSED] - Keys '*' sent to object: 'Object Repository/ADMIN/Edit Text/Bespoke/Buyer Pages/Cart/input_CONTINUE SHOPPING_btn_add_cart'

2020-03-20 14:16:12 - [TEST_STEP][PASSED] - sendKeys(findTestObject("ADMIN/Edit Text/Bespoke/Buyer Pages/Cart/input_CHECKOUT_btn_add_cart"), "*"): Keys '*' sent to object: 'Object Repository/ADMIN/Edit Text/Bespoke/Buyer Pages/Cart/input_CHECKOUT_btn_add_cart'

2020-03-20 14:16:12 - [MESSAGE][PASSED] - Keys '*' sent to object: 'Object Repository/ADMIN/Edit Text/Bespoke/Buyer Pages/Cart/input_CHECKOUT_btn_add_cart'

2020-03-20 14:16:12 - [TEST_STEP][PASSED] - sendKeys(findTestObject("ADMIN/Edit Text/Bespoke/Buyer Pages/Cart/input_Select Delivery Option_delivery-option-text"), "*"): Keys '*' sent to object: 'Object Repository/ADMIN/Edit Text/Bespoke/Buyer Pages/Cart/input_Select Delivery Option_delivery-option-text'

2020-03-20 14:16:12 - [MESSAGE][PASSED] - Keys '*' sent to object: 'Object Repository/ADMIN/Edit Text/Bespoke/Buyer Pages/Cart/input_Select Delivery Option_delivery-option-text'

2020-03-20 14:16:12 - [TEST_STEP][PASSED] - sendKeys(findTestObject("ADMIN/Edit Text/Bespoke/Buyer Pages/Cart/input_Choose one_delivery-start-text"), "*"): Keys '*' sent to object: 'Object Repository/ADMIN/Edit Text/Bespoke/Buyer Pages/Cart/input_Choose one_delivery-start-text'

2020-03-20 14:16:12 - [MESSAGE][PASSED] - Keys '*' sent to object: 'Object Repository/ADMIN/Edit Text/Bespoke/Buyer Pages/Cart/input_Choose one_delivery-start-text'

2020-03-20 14:16:12 - [TEST_STEP][PASSED] - sendKeys(findTestObject("ADMIN/Edit Text/Bespoke/Buyer Pages/Cart/input_Delivery_delivery-text"), "*"): Keys '*' sent to object: 'Object Repository/ADMIN/Edit Text/Bespoke/Buyer Pages/Cart/input_Delivery_delivery-text'

2020-03-20 14:16:12 - [MESSAGE][PASSED] - Keys '*' sent to object: 'Object Repository/ADMIN/Edit Text/Bespoke/Buyer Pages/Cart/input_Delivery_delivery-text'

2020-03-20 14:16:12 - [TEST_STEP][PASSED] - sendKeys(findTestObject("ADMIN/Edit Text/Bespoke/Buyer Pages/Cart/input_Pick-up_pickup-text"), "*"): Keys '*' sent to object: 'Object Repository/ADMIN/Edit Text/Bespoke/Buyer Pages/Cart/input_Pick-up_pickup-text'

2020-03-20 14:16:12 - [MESSAGE][PASSED] - Keys '*' sent to object: 'Object Repository/ADMIN/Edit Text/Bespoke/Buyer Pages/Cart/input_Pick-up_pickup-text'

2020-03-20 14:16:12 - [TEST_STEP][PASSED] - sendKeys(findTestObject("ADMIN/Edit Text/Bespoke/Buyer Pages/Cart/input_CHANGE_btn_add_cart"), "*"): Keys '*' sent to object: 'Object Repository/ADMIN/Edit Text/Bespoke/Buyer Pages/Cart/input_CHANGE_btn_add_cart'

2020-03-20 14:16:13 - [MESSAGE][PASSED] - Keys '*' sent to object: 'Object Repository/ADMIN/Edit Text/Bespoke/Buyer Pages/Cart/input_CHANGE_btn_add_cart'

2020-03-20 14:16:13 - [TEST_STEP][PASSED] - sendKeys(findTestObject("ADMIN/Edit Text/Bespoke/Buyer Pages/Cart/input_Sold Out_cart-sub-total"), "*"): Keys '*' sent to object: 'Object Repository/ADMIN/Edit Text/Bespoke/Buyer Pages/Cart/input_Sold Out_cart-sub-total'

2020-03-20 14:16:13 - [MESSAGE][PASSED] - Keys '*' sent to object: 'Object Repository/ADMIN/Edit Text/Bespoke/Buyer Pages/Cart/input_Sold Out_cart-sub-total'

2020-03-20 14:16:13 - [TEST_STEP][PASSED] - sendKeys(findTestObject("ADMIN/Edit Text/Bespoke/Buyer Pages/Cart/input_QTY_cart-qty"), "*"): Keys '*' sent to object: 'Object Repository/ADMIN/Edit Text/Bespoke/Buyer Pages/Cart/input_QTY_cart-qty'

2020-03-20 14:16:13 - [MESSAGE][PASSED] - Keys '*' sent to object: 'Object Repository/ADMIN/Edit Text/Bespoke/Buyer Pages/Cart/input_QTY_cart-qty'

2020-03-20 14:16:13 - [TEST_STEP][PASSED] - sendKeys(findTestObject("ADMIN/Edit Text/Bespoke/Buyer Pages/Cart/input_Sub Total_cart-sub-total"), "*"): Keys '*' sent to object: 'Object Repository/ADMIN/Edit Text/Bespoke/Buyer Pages/Cart/input_Sub Total_cart-sub-total'

2020-03-20 14:16:13 - [MESSAGE][PASSED] - Keys '*' sent to object: 'Object Repository/ADMIN/Edit Text/Bespoke/Buyer Pages/Cart/input_Sub Total_cart-sub-total'

2020-03-20 14:16:13 - [TEST_STEP][PASSED] - sendKeys(findTestObject("ADMIN/Edit Text/Bespoke/Buyer Pages/Cart/input_Delivery Costs_cart-delivery-costs"), "*"): Keys '*' sent to object: 'Object Repository/ADMIN/Edit Text/Bespoke/Buyer Pages/Cart/input_Delivery Costs_cart-delivery-costs'

2020-03-20 14:16:13 - [MESSAGE][PASSED] - Keys '*' sent to object: 'Object Repository/ADMIN/Edit Text/Bespoke/Buyer Pages/Cart/input_Delivery Costs_cart-delivery-costs'

2020-03-20 14:16:13 - [TEST_STEP][PASSED] - sendKeys(findTestObject("ADMIN/Edit Text/Bespoke/Buyer Pages/Cart/input_Bulk Delivery Discount_cart-bulk-delivery-discount"), "*"): Keys '*' sent to object: 'Object Repository/ADMIN/Edit Text/Bespoke/Buyer Pages/Cart/input_Bulk Delivery Discount_cart-bulk-delivery-discount'

2020-03-20 14:16:14 - [MESSAGE][PASSED] - Keys '*' sent to object: 'Object Repository/ADMIN/Edit Text/Bespoke/Buyer Pages/Cart/input_Bulk Delivery Discount_cart-bulk-delivery-discount'

2020-03-20 14:16:14 - [TEST_STEP][PASSED] - sendKeys(findTestObject("ADMIN/Edit Text/Bespoke/Buyer Pages/Cart/input_TOTAL_cart-total"), "*"): Keys '*' sent to object: 'Object Repository/ADMIN/Edit Text/Bespoke/Buyer Pages/Cart/input_TOTAL_cart-total'

2020-03-20 14:16:14 - [MESSAGE][PASSED] - Keys '*' sent to object: 'Object Repository/ADMIN/Edit Text/Bespoke/Buyer Pages/Cart/input_TOTAL_cart-total'

2020-03-20 14:16:14 - [TEST_STEP][PASSED] - sendKeys(findTestObject("ADMIN/Edit Text/Bespoke/Buyer Pages/Cart/input_REMOVE ITEM_popup-title"), "*"): Keys '*' sent to object: 'Object Repository/ADMIN/Edit Text/Bespoke/Buyer Pages/Cart/input_REMOVE ITEM_popup-title'

2020-03-20 14:16:14 - [MESSAGE][PASSED] - Keys '*' sent to object: 'Object Repository/ADMIN/Edit Text/Bespoke/Buyer Pages/Cart/input_REMOVE ITEM_popup-title'

2020-03-20 14:16:14 - [TEST_STEP][PASSED] - sendKeys(findTestObject("ADMIN/Edit Text/Bespoke/Buyer Pages/Cart/textarea_You sure about removing this item from your list (Itll be gone forever)"), "*"): Keys '*' sent to object: 'Object Repository/ADMIN/Edit Text/Bespoke/Buyer Pages/Cart/textarea_You sure about removing this item from your list (Itll be gone forever)'

2020-03-20 14:16:14 - [MESSAGE][PASSED] - Keys '*' sent to object: 'Object Repository/ADMIN/Edit Text/Bespoke/Buyer Pages/Cart/textarea_You sure about removing this item from your list (Itll be gone forever)'

2020-03-20 14:16:14 - [TEST_STEP][PASSED] - sendKeys(findTestObject("ADMIN/Edit Text/Bespoke/Buyer Pages/Cart/input_CANCEL_btn_apply"), "*"): Keys '*' sent to object: 'Object Repository/ADMIN/Edit Text/Bespoke/Buyer Pages/Cart/input_CANCEL_btn_apply'

2020-03-20 14:16:14 - [MESSAGE][PASSED] - Keys '*' sent to object: 'Object Repository/ADMIN/Edit Text/Bespoke/Buyer Pages/Cart/input_CANCEL_btn_apply'

2020-03-20 14:16:15 - [TEST_STEP][PASSED] - sendKeys(findTestObject("ADMIN/Edit Text/Bespoke/Buyer Pages/Cart/input_OKAY_btn_apply"), "*"): Keys '*' sent to object: 'Object Repository/ADMIN/Edit Text/Bespoke/Buyer Pages/Cart/input_OKAY_btn_apply'

2020-03-20 14:16:15 - [MESSAGE][PASSED] - Keys '*' sent to object: 'Object Repository/ADMIN/Edit Text/Bespoke/Buyer Pages/Cart/input_OKAY_btn_apply'

2020-03-20 14:16:15 - [TEST_STEP][PASSED] - sendKeys(findTestObject("ADMIN/Edit Text/Bespoke/Buyer Pages/Cart/input_DELIVERY METHOD_popup-title"), "*"): Keys '*' sent to object: 'Object Repository/ADMIN/Edit Text/Bespoke/Buyer Pages/Cart/input_DELIVERY METHOD_popup-title'

2020-03-20 14:16:15 - [MESSAGE][PASSED] - Keys '*' sent to object: 'Object Repository/ADMIN/Edit Text/Bespoke/Buyer Pages/Cart/input_DELIVERY METHOD_popup-title'

2020-03-20 14:16:15 - [TEST_STEP][PASSED] - sendKeys(findTestObject("ADMIN/Edit Text/Bespoke/Buyer Pages/Cart/input_Choose a delivery method later_popup-title2 (1)"), "*"): Keys '*' sent to object: 'Object Repository/ADMIN/Edit Text/Bespoke/Buyer Pages/Cart/input_Choose a delivery method later_popup-title2 (1)'

2020-03-20 14:16:15 - [MESSAGE][PASSED] - Keys '*' sent to object: 'Object Repository/ADMIN/Edit Text/Bespoke/Buyer Pages/Cart/input_Choose a delivery method later_popup-title2 (1)'

2020-03-20 14:16:15 - [TEST_STEP][PASSED] - sendKeys(findTestObject("ADMIN/Edit Text/Bespoke/Buyer Pages/Cart/input_Delivery_popup-title3"), "*"): Keys '*' sent to object: 'Object Repository/ADMIN/Edit Text/Bespoke/Buyer Pages/Cart/input_Delivery_popup-title3'

2020-03-20 14:16:15 - [MESSAGE][PASSED] - Keys '*' sent to object: 'Object Repository/ADMIN/Edit Text/Bespoke/Buyer Pages/Cart/input_Delivery_popup-title3'

2020-03-20 14:16:15 - [TEST_STEP][PASSED] - sendKeys(findTestObject("ADMIN/Edit Text/Bespoke/Buyer Pages/Cart/input_Pick-up_popup-title4"), "*"): Keys '*' sent to object: 'Object Repository/ADMIN/Edit Text/Bespoke/Buyer Pages/Cart/input_Pick-up_popup-title4'

2020-03-20 14:16:16 - [MESSAGE][PASSED] - Keys '*' sent to object: 'Object Repository/ADMIN/Edit Text/Bespoke/Buyer Pages/Cart/input_Pick-up_popup-title4'

2020-03-20 14:16:16 - [TEST_STEP][PASSED] - sendKeys(findTestObject("ADMIN/Edit Text/Bespoke/Buyer Pages/Cart/input_Apply_btn_apply 2"), "*"): Keys '*' sent to object: 'Object Repository/ADMIN/Edit Text/Bespoke/Buyer Pages/Cart/input_Apply_btn_apply 2'

2020-03-20 14:16:16 - [MESSAGE][PASSED] - Keys '*' sent to object: 'Object Repository/ADMIN/Edit Text/Bespoke/Buyer Pages/Cart/input_Apply_btn_apply 2'

2020-03-20 14:16:16 - [TEST_STEP][PASSED] - sendKeys(findTestObject("ADMIN/Edit Text/Bespoke/Buyer Pages/Cart/input_the following"), "*"): Keys '*' sent to object: 'Object Repository/ADMIN/Edit Text/Bespoke/Buyer Pages/Cart/input_the following'

2020-03-20 14:16:16 - [MESSAGE][PASSED] - Keys '*' sent to object: 'Object Repository/ADMIN/Edit Text/Bespoke/Buyer Pages/Cart/input_the following'

2020-03-20 14:16:16 - [TEST_STEP][PASSED] - sendKeys(findTestObject("ADMIN/Edit Text/Bespoke/Buyer Pages/Cart/textarea_Please select a delivery method for each item before checkout If this problem still persists the item may be no longer available ("), "*"): Keys '*' sent to object: 'Object Repository/ADMIN/Edit Text/Bespoke/Buyer Pages/Cart/textarea_Please select a delivery method for each item before checkout If this problem still persists the item may be no longer available ('

2020-03-20 14:16:16 - [MESSAGE][PASSED] - Keys '*' sent to object: 'Object Repository/ADMIN/Edit Text/Bespoke/Buyer Pages/Cart/textarea_Please select a delivery method for each item before checkout If this problem still persists the item may be no longer available ('

2020-03-20 14:16:16 - [TEST_STEP][PASSED] - sendKeys(findTestObject("ADMIN/Edit Text/Bespoke/Buyer Pages/Cart/input_OKAY_btn_apply - Copy"), "*"): Keys '*' sent to object: 'Object Repository/ADMIN/Edit Text/Bespoke/Buyer Pages/Cart/input_OKAY_btn_apply - Copy'

2020-03-20 14:16:17 - [MESSAGE][PASSED] - Keys '*' sent to object: 'Object Repository/ADMIN/Edit Text/Bespoke/Buyer Pages/Cart/input_OKAY_btn_apply - Copy'

2020-03-20 14:16:17 - [TEST_STEP][PASSED] - click(findTestObject("ADMIN/Edit Text/Bespoke/Buyer Pages/Homepage/button_save"), CONTINUE_ON_FAILURE): Object: 'Object Repository/ADMIN/Edit Text/Bespoke/Buyer Pages/Homepage/button_save' is clicked on

2020-03-20 14:16:17 - [MESSAGE][PASSED] - Object: 'Object Repository/ADMIN/Edit Text/Bespoke/Buyer Pages/Homepage/button_save' is clicked on

2020-03-20 14:16:17 - [TEST_STEP][PASSED] - waitForElementVisible(findTestObject("ADMIN/Edit Text/Bespoke/Buyer Pages/Homepage/toaster_success"), 0): Object 'Object Repository/ADMIN/Edit Text/Bespoke/Buyer Pages/Homepage/toaster_success' is visible

2020-03-20 14:16:17 - [MESSAGE][WARNING] - Timeout '0' is invalid. Using default page load timeout: '30'

2020-03-20 14:16:17 - [MESSAGE][PASSED] - Object 'Object Repository/ADMIN/Edit Text/Bespoke/Buyer Pages/Homepage/toaster_success' is visible]]></system-out>
         <system-err><![CDATA[]]></system-err>
      </testcase>
      <testcase name="Test Cases/ADMIN/Language/Edit Text/Bespoke/Buyer Pages/Checkout Delivery Navigation" time="4.448" classname="Test Cases/ADMIN/Language/Edit Text/Bespoke/Buyer Pages/Checkout Delivery Navigation" status="PASSED">
         <system-out><![CDATA[2020-03-20 14:16:17 - [TEST_CASE][PASSED] - Test Cases/ADMIN/Language/Edit Text/Bespoke/Buyer Pages/Checkout Delivery Navigation: Test Cases/ADMIN/Language/Edit Text/Bespoke/Buyer Pages/Checkout Delivery Navigation

2020-03-20 14:16:17 - [TEST_STEP][PASSED] - waitForElementVisible(findTestObject("ADMIN/Language/sidemenu_Language"), 0): Object 'Object Repository/ADMIN/Language/sidemenu_Language' is visible

2020-03-20 14:16:17 - [MESSAGE][WARNING] - Timeout '0' is invalid. Using default page load timeout: '30'

2020-03-20 14:16:18 - [MESSAGE][PASSED] - Object 'Object Repository/ADMIN/Language/sidemenu_Language' is visible

2020-03-20 14:16:18 - [TEST_STEP][PASSED] - click(findTestObject("ADMIN/Language/sidemenu_Language"), CONTINUE_ON_FAILURE): Object: 'Object Repository/ADMIN/Language/sidemenu_Language' is clicked on

2020-03-20 14:16:18 - [MESSAGE][PASSED] - Object: 'Object Repository/ADMIN/Language/sidemenu_Language' is clicked on

2020-03-20 14:16:18 - [TEST_STEP][PASSED] - waitForElementVisible(findTestObject("ADMIN/Language/sidemenu_Edit Text"), 0): Object 'Object Repository/ADMIN/Language/sidemenu_Edit Text' is visible

2020-03-20 14:16:18 - [MESSAGE][WARNING] - Timeout '0' is invalid. Using default page load timeout: '30'

2020-03-20 14:16:18 - [MESSAGE][PASSED] - Object 'Object Repository/ADMIN/Language/sidemenu_Edit Text' is visible

2020-03-20 14:16:18 - [TEST_STEP][PASSED] - click(findTestObject("ADMIN/Language/sidemenu_Edit Text"), CONTINUE_ON_FAILURE): Object: 'Object Repository/ADMIN/Language/sidemenu_Edit Text' is clicked on

2020-03-20 14:16:19 - [MESSAGE][PASSED] - Object: 'Object Repository/ADMIN/Language/sidemenu_Edit Text' is clicked on

2020-03-20 14:16:19 - [TEST_STEP][PASSED] - waitForElementVisible(findTestObject("ADMIN/Edit Text/Bespoke/Buyer Navigation/icon_dd"), 0): Object 'Object Repository/ADMIN/Edit Text/Bespoke/Buyer Navigation/icon_dd' is visible

2020-03-20 14:16:19 - [MESSAGE][WARNING] - Timeout '0' is invalid. Using default page load timeout: '30'

2020-03-20 14:16:19 - [MESSAGE][PASSED] - Object 'Object Repository/ADMIN/Edit Text/Bespoke/Buyer Navigation/icon_dd' is visible

2020-03-20 14:16:19 - [TEST_STEP][PASSED] - click(findTestObject("ADMIN/Edit Text/Bespoke/Buyer Navigation/icon_dd"), CONTINUE_ON_FAILURE): Object: 'Object Repository/ADMIN/Edit Text/Bespoke/Buyer Navigation/icon_dd' is clicked on

2020-03-20 14:16:20 - [MESSAGE][PASSED] - Object: 'Object Repository/ADMIN/Edit Text/Bespoke/Buyer Navigation/icon_dd' is clicked on

2020-03-20 14:16:20 - [TEST_STEP][PASSED] - waitForElementVisible(findTestObject("ADMIN/Edit Text/Bespoke/Buyer Navigation/textlink_Checkout (Delivery Details)"), 0): Object 'Object Repository/ADMIN/Edit Text/Bespoke/Buyer Navigation/textlink_Checkout (Delivery Details)' is visible

2020-03-20 14:16:20 - [MESSAGE][WARNING] - Timeout '0' is invalid. Using default page load timeout: '30'

2020-03-20 14:16:20 - [MESSAGE][PASSED] - Object 'Object Repository/ADMIN/Edit Text/Bespoke/Buyer Navigation/textlink_Checkout (Delivery Details)' is visible

2020-03-20 14:16:20 - [TEST_STEP][PASSED] - click(findTestObject("ADMIN/Edit Text/Bespoke/Buyer Navigation/textlink_Checkout (Delivery Details)"), CONTINUE_ON_FAILURE): Object: 'Object Repository/ADMIN/Edit Text/Bespoke/Buyer Navigation/textlink_Checkout (Delivery Details)' is clicked on

2020-03-20 14:16:21 - [MESSAGE][PASSED] - Object: 'Object Repository/ADMIN/Edit Text/Bespoke/Buyer Navigation/textlink_Checkout (Delivery Details)' is clicked on

2020-03-20 14:16:21 - [TEST_STEP][PASSED] - waitForElementVisible(findTestObject("ADMIN/Edit Text/Bespoke/Buyer Navigation/dd_language"), 0): Object 'Object Repository/ADMIN/Edit Text/Bespoke/Buyer Navigation/dd_language' is visible

2020-03-20 14:16:21 - [MESSAGE][WARNING] - Timeout '0' is invalid. Using default page load timeout: '30'

2020-03-20 14:16:22 - [MESSAGE][PASSED] - Object 'Object Repository/ADMIN/Edit Text/Bespoke/Buyer Navigation/dd_language' is visible]]></system-out>
         <system-err><![CDATA[]]></system-err>
      </testcase>
      <testcase name="Test Cases/ADMIN/Language/Edit Text/Bespoke/Buyer Pages/Checkout Delivery" time="8.662" classname="Test Cases/ADMIN/Language/Edit Text/Bespoke/Buyer Pages/Checkout Delivery" status="PASSED">
         <system-out><![CDATA[2020-03-20 14:16:22 - [TEST_CASE][PASSED] - Test Cases/ADMIN/Language/Edit Text/Bespoke/Buyer Pages/Checkout Delivery: Test Cases/ADMIN/Language/Edit Text/Bespoke/Buyer Pages/Checkout Delivery

2020-03-20 14:16:22 - [TEST_STEP][PASSED] - waitForElementVisible(findTestObject("ADMIN/Edit Text/Bespoke/Buyer Navigation/dd_language"), 0): Object 'Object Repository/ADMIN/Edit Text/Bespoke/Buyer Navigation/dd_language' is visible

2020-03-20 14:16:22 - [MESSAGE][WARNING] - Timeout '0' is invalid. Using default page load timeout: '30'

2020-03-20 14:16:22 - [MESSAGE][PASSED] - Object 'Object Repository/ADMIN/Edit Text/Bespoke/Buyer Navigation/dd_language' is visible

2020-03-20 14:16:22 - [TEST_STEP][PASSED] - selectOptionByLabel(findTestObject("ADMIN/Edit Text/Bespoke/Buyer Navigation/dd_language"), varLanguage, false): All options with label 'French' are selected in object 'Object Repository/ADMIN/Edit Text/Bespoke/Buyer Navigation/dd_language' 

2020-03-20 14:16:24 - [MESSAGE][PASSED] - All options with label 'French' are selected in object 'Object Repository/ADMIN/Edit Text/Bespoke/Buyer Navigation/dd_language' 

2020-03-20 14:16:24 - [TEST_STEP][PASSED] - sendKeys(findTestObject("ADMIN/Edit Text/Bespoke/Buyer Pages/Checkout Delivery Details/input_DELIVERY_tab-title"), "*"): Keys '*' sent to object: 'Object Repository/ADMIN/Edit Text/Bespoke/Buyer Pages/Checkout Delivery Details/input_DELIVERY_tab-title'

2020-03-20 14:16:24 - [MESSAGE][PASSED] - Keys '*' sent to object: 'Object Repository/ADMIN/Edit Text/Bespoke/Buyer Pages/Checkout Delivery Details/input_DELIVERY_tab-title'

2020-03-20 14:16:24 - [TEST_STEP][PASSED] - sendKeys(findTestObject("ADMIN/Edit Text/Bespoke/Buyer Pages/Checkout Delivery Details/input_REVIEW_tab-title"), "*"): Keys '*' sent to object: 'Object Repository/ADMIN/Edit Text/Bespoke/Buyer Pages/Checkout Delivery Details/input_REVIEW_tab-title'

2020-03-20 14:16:24 - [MESSAGE][PASSED] - Keys '*' sent to object: 'Object Repository/ADMIN/Edit Text/Bespoke/Buyer Pages/Checkout Delivery Details/input_REVIEW_tab-title'

2020-03-20 14:16:24 - [TEST_STEP][PASSED] - sendKeys(findTestObject("ADMIN/Edit Text/Bespoke/Buyer Pages/Checkout Delivery Details/input_PAY_tab-title"), "*"): Keys '*' sent to object: 'Object Repository/ADMIN/Edit Text/Bespoke/Buyer Pages/Checkout Delivery Details/input_PAY_tab-title'

2020-03-20 14:16:25 - [MESSAGE][PASSED] - Keys '*' sent to object: 'Object Repository/ADMIN/Edit Text/Bespoke/Buyer Pages/Checkout Delivery Details/input_PAY_tab-title'

2020-03-20 14:16:25 - [TEST_STEP][PASSED] - sendKeys(findTestObject("ADMIN/Edit Text/Bespoke/Buyer Pages/Checkout Delivery Details/input_Already registered with us_guest-info-txt"), "*"): Keys '*' sent to object: 'Object Repository/ADMIN/Edit Text/Bespoke/Buyer Pages/Checkout Delivery Details/input_Already registered with us_guest-info-txt'

2020-03-20 14:16:25 - [MESSAGE][PASSED] - Keys '*' sent to object: 'Object Repository/ADMIN/Edit Text/Bespoke/Buyer Pages/Checkout Delivery Details/input_Already registered with us_guest-info-txt'

2020-03-20 14:16:25 - [TEST_STEP][PASSED] - sendKeys(findTestObject("ADMIN/Edit Text/Bespoke/Buyer Pages/Checkout Delivery Details/input_SIGN IN NOW_btn_next"), "*"): Keys '*' sent to object: 'Object Repository/ADMIN/Edit Text/Bespoke/Buyer Pages/Checkout Delivery Details/input_SIGN IN NOW_btn_next'

2020-03-20 14:16:25 - [MESSAGE][PASSED] - Keys '*' sent to object: 'Object Repository/ADMIN/Edit Text/Bespoke/Buyer Pages/Checkout Delivery Details/input_SIGN IN NOW_btn_next'

2020-03-20 14:16:25 - [TEST_STEP][PASSED] - sendKeys(findTestObject("ADMIN/Edit Text/Bespoke/Buyer Pages/Checkout Delivery Details/input_FIRST NAME_first-name"), "*"): Keys '*' sent to object: 'Object Repository/ADMIN/Edit Text/Bespoke/Buyer Pages/Checkout Delivery Details/input_FIRST NAME_first-name'

2020-03-20 14:16:25 - [MESSAGE][PASSED] - Keys '*' sent to object: 'Object Repository/ADMIN/Edit Text/Bespoke/Buyer Pages/Checkout Delivery Details/input_FIRST NAME_first-name'

2020-03-20 14:16:25 - [TEST_STEP][PASSED] - sendKeys(findTestObject("ADMIN/Edit Text/Bespoke/Buyer Pages/Checkout Delivery Details/input_LAST NAME_last-name"), "*"): Keys '*' sent to object: 'Object Repository/ADMIN/Edit Text/Bespoke/Buyer Pages/Checkout Delivery Details/input_LAST NAME_last-name'

2020-03-20 14:16:25 - [MESSAGE][PASSED] - Keys '*' sent to object: 'Object Repository/ADMIN/Edit Text/Bespoke/Buyer Pages/Checkout Delivery Details/input_LAST NAME_last-name'

2020-03-20 14:16:25 - [TEST_STEP][PASSED] - sendKeys(findTestObject("ADMIN/Edit Text/Bespoke/Buyer Pages/Checkout Delivery Details/input_NOTIFICATION EMAIL_notification-email"), "*"): Keys '*' sent to object: 'Object Repository/ADMIN/Edit Text/Bespoke/Buyer Pages/Checkout Delivery Details/input_NOTIFICATION EMAIL_notification-email'

2020-03-20 14:16:26 - [MESSAGE][PASSED] - Keys '*' sent to object: 'Object Repository/ADMIN/Edit Text/Bespoke/Buyer Pages/Checkout Delivery Details/input_NOTIFICATION EMAIL_notification-email'

2020-03-20 14:16:26 - [TEST_STEP][PASSED] - sendKeys(findTestObject("ADMIN/Edit Text/Bespoke/Buyer Pages/Checkout Delivery Details/input_CONTACT NUMBER_contact-number"), "*"): Keys '*' sent to object: 'Object Repository/ADMIN/Edit Text/Bespoke/Buyer Pages/Checkout Delivery Details/input_CONTACT NUMBER_contact-number'

2020-03-20 14:16:26 - [MESSAGE][PASSED] - Keys '*' sent to object: 'Object Repository/ADMIN/Edit Text/Bespoke/Buyer Pages/Checkout Delivery Details/input_CONTACT NUMBER_contact-number'

2020-03-20 14:16:26 - [TEST_STEP][PASSED] - sendKeys(findTestObject("ADMIN/Edit Text/Bespoke/Buyer Pages/Checkout Delivery Details/input_ADD NEW_btn_add"), "*"): Keys '*' sent to object: 'Object Repository/ADMIN/Edit Text/Bespoke/Buyer Pages/Checkout Delivery Details/input_ADD NEW_btn_add'

2020-03-20 14:16:26 - [MESSAGE][PASSED] - Keys '*' sent to object: 'Object Repository/ADMIN/Edit Text/Bespoke/Buyer Pages/Checkout Delivery Details/input_ADD NEW_btn_add'

2020-03-20 14:16:26 - [TEST_STEP][PASSED] - sendKeys(findTestObject("ADMIN/Edit Text/Bespoke/Buyer Pages/Checkout Delivery Details/input_SELECT ADDRESS_btn_select"), "*"): Keys '*' sent to object: 'Object Repository/ADMIN/Edit Text/Bespoke/Buyer Pages/Checkout Delivery Details/input_SELECT ADDRESS_btn_select'

2020-03-20 14:16:26 - [MESSAGE][PASSED] - Keys '*' sent to object: 'Object Repository/ADMIN/Edit Text/Bespoke/Buyer Pages/Checkout Delivery Details/input_SELECT ADDRESS_btn_select'

2020-03-20 14:16:26 - [TEST_STEP][PASSED] - sendKeys(findTestObject("ADMIN/Edit Text/Bespoke/Buyer Pages/Checkout Delivery Details/input_SELECTED_btn_selected"), "*"): Keys '*' sent to object: 'Object Repository/ADMIN/Edit Text/Bespoke/Buyer Pages/Checkout Delivery Details/input_SELECTED_btn_selected'

2020-03-20 14:16:26 - [MESSAGE][PASSED] - Keys '*' sent to object: 'Object Repository/ADMIN/Edit Text/Bespoke/Buyer Pages/Checkout Delivery Details/input_SELECTED_btn_selected'

2020-03-20 14:16:26 - [TEST_STEP][PASSED] - sendKeys(findTestObject("ADMIN/Edit Text/Bespoke/Buyer Pages/Checkout Delivery Details/input_ADDRESSEE FIRST NAME_addressee-first-name"), "*"): Keys '*' sent to object: 'Object Repository/ADMIN/Edit Text/Bespoke/Buyer Pages/Checkout Delivery Details/input_ADDRESSEE FIRST NAME_addressee-first-name'

2020-03-20 14:16:27 - [MESSAGE][PASSED] - Keys '*' sent to object: 'Object Repository/ADMIN/Edit Text/Bespoke/Buyer Pages/Checkout Delivery Details/input_ADDRESSEE FIRST NAME_addressee-first-name'

2020-03-20 14:16:27 - [TEST_STEP][PASSED] - sendKeys(findTestObject("ADMIN/Edit Text/Bespoke/Buyer Pages/Checkout Delivery Details/input_ADDRESSEE LAST NAME_addressee-last-name"), "*"): Keys '*' sent to object: 'Object Repository/ADMIN/Edit Text/Bespoke/Buyer Pages/Checkout Delivery Details/input_ADDRESSEE LAST NAME_addressee-last-name'

2020-03-20 14:16:27 - [MESSAGE][PASSED] - Keys '*' sent to object: 'Object Repository/ADMIN/Edit Text/Bespoke/Buyer Pages/Checkout Delivery Details/input_ADDRESSEE LAST NAME_addressee-last-name'

2020-03-20 14:16:27 - [TEST_STEP][PASSED] - sendKeys(findTestObject("ADMIN/Edit Text/Bespoke/Buyer Pages/Checkout Delivery Details/input_COUNTRY_delivery-country"), "*"): Keys '*' sent to object: 'Object Repository/ADMIN/Edit Text/Bespoke/Buyer Pages/Checkout Delivery Details/input_COUNTRY_delivery-country'

2020-03-20 14:16:27 - [MESSAGE][PASSED] - Keys '*' sent to object: 'Object Repository/ADMIN/Edit Text/Bespoke/Buyer Pages/Checkout Delivery Details/input_COUNTRY_delivery-country'

2020-03-20 14:16:27 - [TEST_STEP][PASSED] - sendKeys(findTestObject("ADMIN/Edit Text/Bespoke/Buyer Pages/Checkout Delivery Details/input_State_delivery-state"), "*"): Keys '*' sent to object: 'Object Repository/ADMIN/Edit Text/Bespoke/Buyer Pages/Checkout Delivery Details/input_State_delivery-state'

2020-03-20 14:16:27 - [MESSAGE][PASSED] - Keys '*' sent to object: 'Object Repository/ADMIN/Edit Text/Bespoke/Buyer Pages/Checkout Delivery Details/input_State_delivery-state'

2020-03-20 14:16:27 - [TEST_STEP][PASSED] - sendKeys(findTestObject("ADMIN/Edit Text/Bespoke/Buyer Pages/Checkout Delivery Details/input_CITY_delivery-city"), "*"): Keys '*' sent to object: 'Object Repository/ADMIN/Edit Text/Bespoke/Buyer Pages/Checkout Delivery Details/input_CITY_delivery-city'

2020-03-20 14:16:27 - [MESSAGE][PASSED] - Keys '*' sent to object: 'Object Repository/ADMIN/Edit Text/Bespoke/Buyer Pages/Checkout Delivery Details/input_CITY_delivery-city'

2020-03-20 14:16:27 - [TEST_STEP][PASSED] - sendKeys(findTestObject("ADMIN/Edit Text/Bespoke/Buyer Pages/Checkout Delivery Details/input_ADDRESS_delivery-address"), "*"): Keys '*' sent to object: 'Object Repository/ADMIN/Edit Text/Bespoke/Buyer Pages/Checkout Delivery Details/input_ADDRESS_delivery-address'

2020-03-20 14:16:28 - [MESSAGE][PASSED] - Keys '*' sent to object: 'Object Repository/ADMIN/Edit Text/Bespoke/Buyer Pages/Checkout Delivery Details/input_ADDRESS_delivery-address'

2020-03-20 14:16:28 - [TEST_STEP][PASSED] - sendKeys(findTestObject("ADMIN/Edit Text/Bespoke/Buyer Pages/Checkout Delivery Details/input_POSTAL CODE_delivery-postal-code"), "*"): Keys '*' sent to object: 'Object Repository/ADMIN/Edit Text/Bespoke/Buyer Pages/Checkout Delivery Details/input_POSTAL CODE_delivery-postal-code'

2020-03-20 14:16:28 - [MESSAGE][PASSED] - Keys '*' sent to object: 'Object Repository/ADMIN/Edit Text/Bespoke/Buyer Pages/Checkout Delivery Details/input_POSTAL CODE_delivery-postal-code'

2020-03-20 14:16:28 - [TEST_STEP][PASSED] - sendKeys(findTestObject("ADMIN/Edit Text/Bespoke/Buyer Pages/Checkout Delivery Details/input_SAVE_btn_save"), "*"): Keys '*' sent to object: 'Object Repository/ADMIN/Edit Text/Bespoke/Buyer Pages/Checkout Delivery Details/input_SAVE_btn_save'

2020-03-20 14:16:28 - [MESSAGE][PASSED] - Keys '*' sent to object: 'Object Repository/ADMIN/Edit Text/Bespoke/Buyer Pages/Checkout Delivery Details/input_SAVE_btn_save'

2020-03-20 14:16:28 - [TEST_STEP][PASSED] - sendKeys(findTestObject("ADMIN/Edit Text/Bespoke/Buyer Pages/Checkout Delivery Details/input_NEXT_btn_next"), "*"): Keys '*' sent to object: 'Object Repository/ADMIN/Edit Text/Bespoke/Buyer Pages/Checkout Delivery Details/input_NEXT_btn_next'

2020-03-20 14:16:28 - [MESSAGE][PASSED] - Keys '*' sent to object: 'Object Repository/ADMIN/Edit Text/Bespoke/Buyer Pages/Checkout Delivery Details/input_NEXT_btn_next'

2020-03-20 14:16:28 - [TEST_STEP][PASSED] - sendKeys(findTestObject("ADMIN/Edit Text/Bespoke/Buyer Pages/Checkout Delivery Details/input_REMOVE ITEM_popup-title"), "*"): Keys '*' sent to object: 'Object Repository/ADMIN/Edit Text/Bespoke/Buyer Pages/Checkout Delivery Details/input_REMOVE ITEM_popup-title'

2020-03-20 14:16:29 - [MESSAGE][PASSED] - Keys '*' sent to object: 'Object Repository/ADMIN/Edit Text/Bespoke/Buyer Pages/Checkout Delivery Details/input_REMOVE ITEM_popup-title'

2020-03-20 14:16:29 - [TEST_STEP][PASSED] - sendKeys(findTestObject("ADMIN/Edit Text/Bespoke/Buyer Pages/Checkout Delivery Details/textarea_You sure about removing this item from your list (Itll be gone forever)"), "*"): Keys '*' sent to object: 'Object Repository/ADMIN/Edit Text/Bespoke/Buyer Pages/Checkout Delivery Details/textarea_You sure about removing this item from your list (Itll be gone forever)'

2020-03-20 14:16:29 - [MESSAGE][PASSED] - Keys '*' sent to object: 'Object Repository/ADMIN/Edit Text/Bespoke/Buyer Pages/Checkout Delivery Details/textarea_You sure about removing this item from your list (Itll be gone forever)'

2020-03-20 14:16:29 - [TEST_STEP][PASSED] - sendKeys(findTestObject("ADMIN/Edit Text/Bespoke/Buyer Pages/Checkout Delivery Details/input_CANCEL_btn_cancel"), "*"): Keys '*' sent to object: 'Object Repository/ADMIN/Edit Text/Bespoke/Buyer Pages/Checkout Delivery Details/input_CANCEL_btn_cancel'

2020-03-20 14:16:29 - [MESSAGE][PASSED] - Keys '*' sent to object: 'Object Repository/ADMIN/Edit Text/Bespoke/Buyer Pages/Checkout Delivery Details/input_CANCEL_btn_cancel'

2020-03-20 14:16:29 - [TEST_STEP][PASSED] - sendKeys(findTestObject("ADMIN/Edit Text/Bespoke/Buyer Pages/Checkout Delivery Details/input_Okay_btn_okay"), "*"): Keys '*' sent to object: 'Object Repository/ADMIN/Edit Text/Bespoke/Buyer Pages/Checkout Delivery Details/input_Okay_btn_okay'

2020-03-20 14:16:29 - [MESSAGE][PASSED] - Keys '*' sent to object: 'Object Repository/ADMIN/Edit Text/Bespoke/Buyer Pages/Checkout Delivery Details/input_Okay_btn_okay'

2020-03-20 14:16:29 - [TEST_STEP][PASSED] - click(findTestObject("ADMIN/Edit Text/Bespoke/Buyer Pages/Homepage/button_save"), CONTINUE_ON_FAILURE): Object: 'Object Repository/ADMIN/Edit Text/Bespoke/Buyer Pages/Homepage/button_save' is clicked on

2020-03-20 14:16:30 - [MESSAGE][PASSED] - Object: 'Object Repository/ADMIN/Edit Text/Bespoke/Buyer Pages/Homepage/button_save' is clicked on

2020-03-20 14:16:30 - [TEST_STEP][PASSED] - waitForElementVisible(findTestObject("ADMIN/Edit Text/Bespoke/Buyer Pages/Homepage/toaster_success"), 0): Object 'Object Repository/ADMIN/Edit Text/Bespoke/Buyer Pages/Homepage/toaster_success' is visible

2020-03-20 14:16:30 - [MESSAGE][WARNING] - Timeout '0' is invalid. Using default page load timeout: '30'

2020-03-20 14:16:30 - [MESSAGE][PASSED] - Object 'Object Repository/ADMIN/Edit Text/Bespoke/Buyer Pages/Homepage/toaster_success' is visible]]></system-out>
         <system-err><![CDATA[]]></system-err>
      </testcase>
      <testcase name="Test Cases/ADMIN/Language/Edit Text/Bespoke/Buyer Pages/Checkout Delivery" time="7.985" classname="Test Cases/ADMIN/Language/Edit Text/Bespoke/Buyer Pages/Checkout Delivery" status="PASSED">
         <system-out><![CDATA[2020-03-20 14:16:30 - [TEST_CASE][PASSED] - Test Cases/ADMIN/Language/Edit Text/Bespoke/Buyer Pages/Checkout Delivery: Test Cases/ADMIN/Language/Edit Text/Bespoke/Buyer Pages/Checkout Delivery

2020-03-20 14:16:30 - [TEST_STEP][PASSED] - waitForElementVisible(findTestObject("ADMIN/Edit Text/Bespoke/Buyer Navigation/dd_language"), 0): Object 'Object Repository/ADMIN/Edit Text/Bespoke/Buyer Navigation/dd_language' is visible

2020-03-20 14:16:30 - [MESSAGE][WARNING] - Timeout '0' is invalid. Using default page load timeout: '30'

2020-03-20 14:16:30 - [MESSAGE][PASSED] - Object 'Object Repository/ADMIN/Edit Text/Bespoke/Buyer Navigation/dd_language' is visible

2020-03-20 14:16:30 - [TEST_STEP][PASSED] - selectOptionByLabel(findTestObject("ADMIN/Edit Text/Bespoke/Buyer Navigation/dd_language"), varLanguage, false): All options with label 'Spanish' are selected in object 'Object Repository/ADMIN/Edit Text/Bespoke/Buyer Navigation/dd_language' 

2020-03-20 14:16:32 - [MESSAGE][PASSED] - All options with label 'Spanish' are selected in object 'Object Repository/ADMIN/Edit Text/Bespoke/Buyer Navigation/dd_language' 

2020-03-20 14:16:32 - [TEST_STEP][PASSED] - sendKeys(findTestObject("ADMIN/Edit Text/Bespoke/Buyer Pages/Checkout Delivery Details/input_DELIVERY_tab-title"), "*"): Keys '*' sent to object: 'Object Repository/ADMIN/Edit Text/Bespoke/Buyer Pages/Checkout Delivery Details/input_DELIVERY_tab-title'

2020-03-20 14:16:32 - [MESSAGE][PASSED] - Keys '*' sent to object: 'Object Repository/ADMIN/Edit Text/Bespoke/Buyer Pages/Checkout Delivery Details/input_DELIVERY_tab-title'

2020-03-20 14:16:32 - [TEST_STEP][PASSED] - sendKeys(findTestObject("ADMIN/Edit Text/Bespoke/Buyer Pages/Checkout Delivery Details/input_REVIEW_tab-title"), "*"): Keys '*' sent to object: 'Object Repository/ADMIN/Edit Text/Bespoke/Buyer Pages/Checkout Delivery Details/input_REVIEW_tab-title'

2020-03-20 14:16:32 - [MESSAGE][PASSED] - Keys '*' sent to object: 'Object Repository/ADMIN/Edit Text/Bespoke/Buyer Pages/Checkout Delivery Details/input_REVIEW_tab-title'

2020-03-20 14:16:32 - [TEST_STEP][PASSED] - sendKeys(findTestObject("ADMIN/Edit Text/Bespoke/Buyer Pages/Checkout Delivery Details/input_PAY_tab-title"), "*"): Keys '*' sent to object: 'Object Repository/ADMIN/Edit Text/Bespoke/Buyer Pages/Checkout Delivery Details/input_PAY_tab-title'

2020-03-20 14:16:32 - [MESSAGE][PASSED] - Keys '*' sent to object: 'Object Repository/ADMIN/Edit Text/Bespoke/Buyer Pages/Checkout Delivery Details/input_PAY_tab-title'

2020-03-20 14:16:32 - [TEST_STEP][PASSED] - sendKeys(findTestObject("ADMIN/Edit Text/Bespoke/Buyer Pages/Checkout Delivery Details/input_Already registered with us_guest-info-txt"), "*"): Keys '*' sent to object: 'Object Repository/ADMIN/Edit Text/Bespoke/Buyer Pages/Checkout Delivery Details/input_Already registered with us_guest-info-txt'

2020-03-20 14:16:33 - [MESSAGE][PASSED] - Keys '*' sent to object: 'Object Repository/ADMIN/Edit Text/Bespoke/Buyer Pages/Checkout Delivery Details/input_Already registered with us_guest-info-txt'

2020-03-20 14:16:33 - [TEST_STEP][PASSED] - sendKeys(findTestObject("ADMIN/Edit Text/Bespoke/Buyer Pages/Checkout Delivery Details/input_SIGN IN NOW_btn_next"), "*"): Keys '*' sent to object: 'Object Repository/ADMIN/Edit Text/Bespoke/Buyer Pages/Checkout Delivery Details/input_SIGN IN NOW_btn_next'

2020-03-20 14:16:33 - [MESSAGE][PASSED] - Keys '*' sent to object: 'Object Repository/ADMIN/Edit Text/Bespoke/Buyer Pages/Checkout Delivery Details/input_SIGN IN NOW_btn_next'

2020-03-20 14:16:33 - [TEST_STEP][PASSED] - sendKeys(findTestObject("ADMIN/Edit Text/Bespoke/Buyer Pages/Checkout Delivery Details/input_FIRST NAME_first-name"), "*"): Keys '*' sent to object: 'Object Repository/ADMIN/Edit Text/Bespoke/Buyer Pages/Checkout Delivery Details/input_FIRST NAME_first-name'

2020-03-20 14:16:33 - [MESSAGE][PASSED] - Keys '*' sent to object: 'Object Repository/ADMIN/Edit Text/Bespoke/Buyer Pages/Checkout Delivery Details/input_FIRST NAME_first-name'

2020-03-20 14:16:33 - [TEST_STEP][PASSED] - sendKeys(findTestObject("ADMIN/Edit Text/Bespoke/Buyer Pages/Checkout Delivery Details/input_LAST NAME_last-name"), "*"): Keys '*' sent to object: 'Object Repository/ADMIN/Edit Text/Bespoke/Buyer Pages/Checkout Delivery Details/input_LAST NAME_last-name'

2020-03-20 14:16:33 - [MESSAGE][PASSED] - Keys '*' sent to object: 'Object Repository/ADMIN/Edit Text/Bespoke/Buyer Pages/Checkout Delivery Details/input_LAST NAME_last-name'

2020-03-20 14:16:33 - [TEST_STEP][PASSED] - sendKeys(findTestObject("ADMIN/Edit Text/Bespoke/Buyer Pages/Checkout Delivery Details/input_NOTIFICATION EMAIL_notification-email"), "*"): Keys '*' sent to object: 'Object Repository/ADMIN/Edit Text/Bespoke/Buyer Pages/Checkout Delivery Details/input_NOTIFICATION EMAIL_notification-email'

2020-03-20 14:16:33 - [MESSAGE][PASSED] - Keys '*' sent to object: 'Object Repository/ADMIN/Edit Text/Bespoke/Buyer Pages/Checkout Delivery Details/input_NOTIFICATION EMAIL_notification-email'

2020-03-20 14:16:33 - [TEST_STEP][PASSED] - sendKeys(findTestObject("ADMIN/Edit Text/Bespoke/Buyer Pages/Checkout Delivery Details/input_CONTACT NUMBER_contact-number"), "*"): Keys '*' sent to object: 'Object Repository/ADMIN/Edit Text/Bespoke/Buyer Pages/Checkout Delivery Details/input_CONTACT NUMBER_contact-number'

2020-03-20 14:16:34 - [MESSAGE][PASSED] - Keys '*' sent to object: 'Object Repository/ADMIN/Edit Text/Bespoke/Buyer Pages/Checkout Delivery Details/input_CONTACT NUMBER_contact-number'

2020-03-20 14:16:34 - [TEST_STEP][PASSED] - sendKeys(findTestObject("ADMIN/Edit Text/Bespoke/Buyer Pages/Checkout Delivery Details/input_ADD NEW_btn_add"), "*"): Keys '*' sent to object: 'Object Repository/ADMIN/Edit Text/Bespoke/Buyer Pages/Checkout Delivery Details/input_ADD NEW_btn_add'

2020-03-20 14:16:34 - [MESSAGE][PASSED] - Keys '*' sent to object: 'Object Repository/ADMIN/Edit Text/Bespoke/Buyer Pages/Checkout Delivery Details/input_ADD NEW_btn_add'

2020-03-20 14:16:34 - [TEST_STEP][PASSED] - sendKeys(findTestObject("ADMIN/Edit Text/Bespoke/Buyer Pages/Checkout Delivery Details/input_SELECT ADDRESS_btn_select"), "*"): Keys '*' sent to object: 'Object Repository/ADMIN/Edit Text/Bespoke/Buyer Pages/Checkout Delivery Details/input_SELECT ADDRESS_btn_select'

2020-03-20 14:16:34 - [MESSAGE][PASSED] - Keys '*' sent to object: 'Object Repository/ADMIN/Edit Text/Bespoke/Buyer Pages/Checkout Delivery Details/input_SELECT ADDRESS_btn_select'

2020-03-20 14:16:34 - [TEST_STEP][PASSED] - sendKeys(findTestObject("ADMIN/Edit Text/Bespoke/Buyer Pages/Checkout Delivery Details/input_SELECTED_btn_selected"), "*"): Keys '*' sent to object: 'Object Repository/ADMIN/Edit Text/Bespoke/Buyer Pages/Checkout Delivery Details/input_SELECTED_btn_selected'

2020-03-20 14:16:34 - [MESSAGE][PASSED] - Keys '*' sent to object: 'Object Repository/ADMIN/Edit Text/Bespoke/Buyer Pages/Checkout Delivery Details/input_SELECTED_btn_selected'

2020-03-20 14:16:34 - [TEST_STEP][PASSED] - sendKeys(findTestObject("ADMIN/Edit Text/Bespoke/Buyer Pages/Checkout Delivery Details/input_ADDRESSEE FIRST NAME_addressee-first-name"), "*"): Keys '*' sent to object: 'Object Repository/ADMIN/Edit Text/Bespoke/Buyer Pages/Checkout Delivery Details/input_ADDRESSEE FIRST NAME_addressee-first-name'

2020-03-20 14:16:34 - [MESSAGE][PASSED] - Keys '*' sent to object: 'Object Repository/ADMIN/Edit Text/Bespoke/Buyer Pages/Checkout Delivery Details/input_ADDRESSEE FIRST NAME_addressee-first-name'

2020-03-20 14:16:34 - [TEST_STEP][PASSED] - sendKeys(findTestObject("ADMIN/Edit Text/Bespoke/Buyer Pages/Checkout Delivery Details/input_ADDRESSEE LAST NAME_addressee-last-name"), "*"): Keys '*' sent to object: 'Object Repository/ADMIN/Edit Text/Bespoke/Buyer Pages/Checkout Delivery Details/input_ADDRESSEE LAST NAME_addressee-last-name'

2020-03-20 14:16:35 - [MESSAGE][PASSED] - Keys '*' sent to object: 'Object Repository/ADMIN/Edit Text/Bespoke/Buyer Pages/Checkout Delivery Details/input_ADDRESSEE LAST NAME_addressee-last-name'

2020-03-20 14:16:35 - [TEST_STEP][PASSED] - sendKeys(findTestObject("ADMIN/Edit Text/Bespoke/Buyer Pages/Checkout Delivery Details/input_COUNTRY_delivery-country"), "*"): Keys '*' sent to object: 'Object Repository/ADMIN/Edit Text/Bespoke/Buyer Pages/Checkout Delivery Details/input_COUNTRY_delivery-country'

2020-03-20 14:16:35 - [MESSAGE][PASSED] - Keys '*' sent to object: 'Object Repository/ADMIN/Edit Text/Bespoke/Buyer Pages/Checkout Delivery Details/input_COUNTRY_delivery-country'

2020-03-20 14:16:35 - [TEST_STEP][PASSED] - sendKeys(findTestObject("ADMIN/Edit Text/Bespoke/Buyer Pages/Checkout Delivery Details/input_State_delivery-state"), "*"): Keys '*' sent to object: 'Object Repository/ADMIN/Edit Text/Bespoke/Buyer Pages/Checkout Delivery Details/input_State_delivery-state'

2020-03-20 14:16:35 - [MESSAGE][PASSED] - Keys '*' sent to object: 'Object Repository/ADMIN/Edit Text/Bespoke/Buyer Pages/Checkout Delivery Details/input_State_delivery-state'

2020-03-20 14:16:35 - [TEST_STEP][PASSED] - sendKeys(findTestObject("ADMIN/Edit Text/Bespoke/Buyer Pages/Checkout Delivery Details/input_CITY_delivery-city"), "*"): Keys '*' sent to object: 'Object Repository/ADMIN/Edit Text/Bespoke/Buyer Pages/Checkout Delivery Details/input_CITY_delivery-city'

2020-03-20 14:16:35 - [MESSAGE][PASSED] - Keys '*' sent to object: 'Object Repository/ADMIN/Edit Text/Bespoke/Buyer Pages/Checkout Delivery Details/input_CITY_delivery-city'

2020-03-20 14:16:35 - [TEST_STEP][PASSED] - sendKeys(findTestObject("ADMIN/Edit Text/Bespoke/Buyer Pages/Checkout Delivery Details/input_ADDRESS_delivery-address"), "*"): Keys '*' sent to object: 'Object Repository/ADMIN/Edit Text/Bespoke/Buyer Pages/Checkout Delivery Details/input_ADDRESS_delivery-address'

2020-03-20 14:16:36 - [MESSAGE][PASSED] - Keys '*' sent to object: 'Object Repository/ADMIN/Edit Text/Bespoke/Buyer Pages/Checkout Delivery Details/input_ADDRESS_delivery-address'

2020-03-20 14:16:36 - [TEST_STEP][PASSED] - sendKeys(findTestObject("ADMIN/Edit Text/Bespoke/Buyer Pages/Checkout Delivery Details/input_POSTAL CODE_delivery-postal-code"), "*"): Keys '*' sent to object: 'Object Repository/ADMIN/Edit Text/Bespoke/Buyer Pages/Checkout Delivery Details/input_POSTAL CODE_delivery-postal-code'

2020-03-20 14:16:36 - [MESSAGE][PASSED] - Keys '*' sent to object: 'Object Repository/ADMIN/Edit Text/Bespoke/Buyer Pages/Checkout Delivery Details/input_POSTAL CODE_delivery-postal-code'

2020-03-20 14:16:36 - [TEST_STEP][PASSED] - sendKeys(findTestObject("ADMIN/Edit Text/Bespoke/Buyer Pages/Checkout Delivery Details/input_SAVE_btn_save"), "*"): Keys '*' sent to object: 'Object Repository/ADMIN/Edit Text/Bespoke/Buyer Pages/Checkout Delivery Details/input_SAVE_btn_save'

2020-03-20 14:16:36 - [MESSAGE][PASSED] - Keys '*' sent to object: 'Object Repository/ADMIN/Edit Text/Bespoke/Buyer Pages/Checkout Delivery Details/input_SAVE_btn_save'

2020-03-20 14:16:36 - [TEST_STEP][PASSED] - sendKeys(findTestObject("ADMIN/Edit Text/Bespoke/Buyer Pages/Checkout Delivery Details/input_NEXT_btn_next"), "*"): Keys '*' sent to object: 'Object Repository/ADMIN/Edit Text/Bespoke/Buyer Pages/Checkout Delivery Details/input_NEXT_btn_next'

2020-03-20 14:16:36 - [MESSAGE][PASSED] - Keys '*' sent to object: 'Object Repository/ADMIN/Edit Text/Bespoke/Buyer Pages/Checkout Delivery Details/input_NEXT_btn_next'

2020-03-20 14:16:36 - [TEST_STEP][PASSED] - sendKeys(findTestObject("ADMIN/Edit Text/Bespoke/Buyer Pages/Checkout Delivery Details/input_REMOVE ITEM_popup-title"), "*"): Keys '*' sent to object: 'Object Repository/ADMIN/Edit Text/Bespoke/Buyer Pages/Checkout Delivery Details/input_REMOVE ITEM_popup-title'

2020-03-20 14:16:36 - [MESSAGE][PASSED] - Keys '*' sent to object: 'Object Repository/ADMIN/Edit Text/Bespoke/Buyer Pages/Checkout Delivery Details/input_REMOVE ITEM_popup-title'

2020-03-20 14:16:36 - [TEST_STEP][PASSED] - sendKeys(findTestObject("ADMIN/Edit Text/Bespoke/Buyer Pages/Checkout Delivery Details/textarea_You sure about removing this item from your list (Itll be gone forever)"), "*"): Keys '*' sent to object: 'Object Repository/ADMIN/Edit Text/Bespoke/Buyer Pages/Checkout Delivery Details/textarea_You sure about removing this item from your list (Itll be gone forever)'

2020-03-20 14:16:37 - [MESSAGE][PASSED] - Keys '*' sent to object: 'Object Repository/ADMIN/Edit Text/Bespoke/Buyer Pages/Checkout Delivery Details/textarea_You sure about removing this item from your list (Itll be gone forever)'

2020-03-20 14:16:37 - [TEST_STEP][PASSED] - sendKeys(findTestObject("ADMIN/Edit Text/Bespoke/Buyer Pages/Checkout Delivery Details/input_CANCEL_btn_cancel"), "*"): Keys '*' sent to object: 'Object Repository/ADMIN/Edit Text/Bespoke/Buyer Pages/Checkout Delivery Details/input_CANCEL_btn_cancel'

2020-03-20 14:16:37 - [MESSAGE][PASSED] - Keys '*' sent to object: 'Object Repository/ADMIN/Edit Text/Bespoke/Buyer Pages/Checkout Delivery Details/input_CANCEL_btn_cancel'

2020-03-20 14:16:37 - [TEST_STEP][PASSED] - sendKeys(findTestObject("ADMIN/Edit Text/Bespoke/Buyer Pages/Checkout Delivery Details/input_Okay_btn_okay"), "*"): Keys '*' sent to object: 'Object Repository/ADMIN/Edit Text/Bespoke/Buyer Pages/Checkout Delivery Details/input_Okay_btn_okay'

2020-03-20 14:16:37 - [MESSAGE][PASSED] - Keys '*' sent to object: 'Object Repository/ADMIN/Edit Text/Bespoke/Buyer Pages/Checkout Delivery Details/input_Okay_btn_okay'

2020-03-20 14:16:37 - [TEST_STEP][PASSED] - click(findTestObject("ADMIN/Edit Text/Bespoke/Buyer Pages/Homepage/button_save"), CONTINUE_ON_FAILURE): Object: 'Object Repository/ADMIN/Edit Text/Bespoke/Buyer Pages/Homepage/button_save' is clicked on

2020-03-20 14:16:37 - [MESSAGE][PASSED] - Object: 'Object Repository/ADMIN/Edit Text/Bespoke/Buyer Pages/Homepage/button_save' is clicked on

2020-03-20 14:16:37 - [TEST_STEP][PASSED] - waitForElementVisible(findTestObject("ADMIN/Edit Text/Bespoke/Buyer Pages/Homepage/toaster_success"), 0): Object 'Object Repository/ADMIN/Edit Text/Bespoke/Buyer Pages/Homepage/toaster_success' is visible

2020-03-20 14:16:37 - [MESSAGE][WARNING] - Timeout '0' is invalid. Using default page load timeout: '30'

2020-03-20 14:16:38 - [MESSAGE][PASSED] - Object 'Object Repository/ADMIN/Edit Text/Bespoke/Buyer Pages/Homepage/toaster_success' is visible]]></system-out>
         <system-err><![CDATA[]]></system-err>
      </testcase>
      <testcase name="Test Cases/ADMIN/Language/Edit Text/Bespoke/Buyer Pages/Checkout Delivery" time="9.066" classname="Test Cases/ADMIN/Language/Edit Text/Bespoke/Buyer Pages/Checkout Delivery" status="PASSED">
         <system-out><![CDATA[2020-03-20 14:16:38 - [TEST_CASE][PASSED] - Test Cases/ADMIN/Language/Edit Text/Bespoke/Buyer Pages/Checkout Delivery: Test Cases/ADMIN/Language/Edit Text/Bespoke/Buyer Pages/Checkout Delivery

2020-03-20 14:16:38 - [TEST_STEP][PASSED] - waitForElementVisible(findTestObject("ADMIN/Edit Text/Bespoke/Buyer Navigation/dd_language"), 0): Object 'Object Repository/ADMIN/Edit Text/Bespoke/Buyer Navigation/dd_language' is visible

2020-03-20 14:16:38 - [MESSAGE][WARNING] - Timeout '0' is invalid. Using default page load timeout: '30'

2020-03-20 14:16:38 - [MESSAGE][PASSED] - Object 'Object Repository/ADMIN/Edit Text/Bespoke/Buyer Navigation/dd_language' is visible

2020-03-20 14:16:38 - [TEST_STEP][PASSED] - selectOptionByLabel(findTestObject("ADMIN/Edit Text/Bespoke/Buyer Navigation/dd_language"), varLanguage, false): All options with label 'Hindi' are selected in object 'Object Repository/ADMIN/Edit Text/Bespoke/Buyer Navigation/dd_language' 

2020-03-20 14:16:41 - [MESSAGE][PASSED] - All options with label 'Hindi' are selected in object 'Object Repository/ADMIN/Edit Text/Bespoke/Buyer Navigation/dd_language' 

2020-03-20 14:16:41 - [TEST_STEP][PASSED] - sendKeys(findTestObject("ADMIN/Edit Text/Bespoke/Buyer Pages/Checkout Delivery Details/input_DELIVERY_tab-title"), "*"): Keys '*' sent to object: 'Object Repository/ADMIN/Edit Text/Bespoke/Buyer Pages/Checkout Delivery Details/input_DELIVERY_tab-title'

2020-03-20 14:16:41 - [MESSAGE][PASSED] - Keys '*' sent to object: 'Object Repository/ADMIN/Edit Text/Bespoke/Buyer Pages/Checkout Delivery Details/input_DELIVERY_tab-title'

2020-03-20 14:16:41 - [TEST_STEP][PASSED] - sendKeys(findTestObject("ADMIN/Edit Text/Bespoke/Buyer Pages/Checkout Delivery Details/input_REVIEW_tab-title"), "*"): Keys '*' sent to object: 'Object Repository/ADMIN/Edit Text/Bespoke/Buyer Pages/Checkout Delivery Details/input_REVIEW_tab-title'

2020-03-20 14:16:41 - [MESSAGE][PASSED] - Keys '*' sent to object: 'Object Repository/ADMIN/Edit Text/Bespoke/Buyer Pages/Checkout Delivery Details/input_REVIEW_tab-title'

2020-03-20 14:16:41 - [TEST_STEP][PASSED] - sendKeys(findTestObject("ADMIN/Edit Text/Bespoke/Buyer Pages/Checkout Delivery Details/input_PAY_tab-title"), "*"): Keys '*' sent to object: 'Object Repository/ADMIN/Edit Text/Bespoke/Buyer Pages/Checkout Delivery Details/input_PAY_tab-title'

2020-03-20 14:16:41 - [MESSAGE][PASSED] - Keys '*' sent to object: 'Object Repository/ADMIN/Edit Text/Bespoke/Buyer Pages/Checkout Delivery Details/input_PAY_tab-title'

2020-03-20 14:16:41 - [TEST_STEP][PASSED] - sendKeys(findTestObject("ADMIN/Edit Text/Bespoke/Buyer Pages/Checkout Delivery Details/input_Already registered with us_guest-info-txt"), "*"): Keys '*' sent to object: 'Object Repository/ADMIN/Edit Text/Bespoke/Buyer Pages/Checkout Delivery Details/input_Already registered with us_guest-info-txt'

2020-03-20 14:16:41 - [MESSAGE][PASSED] - Keys '*' sent to object: 'Object Repository/ADMIN/Edit Text/Bespoke/Buyer Pages/Checkout Delivery Details/input_Already registered with us_guest-info-txt'

2020-03-20 14:16:41 - [TEST_STEP][PASSED] - sendKeys(findTestObject("ADMIN/Edit Text/Bespoke/Buyer Pages/Checkout Delivery Details/input_SIGN IN NOW_btn_next"), "*"): Keys '*' sent to object: 'Object Repository/ADMIN/Edit Text/Bespoke/Buyer Pages/Checkout Delivery Details/input_SIGN IN NOW_btn_next'

2020-03-20 14:16:42 - [MESSAGE][PASSED] - Keys '*' sent to object: 'Object Repository/ADMIN/Edit Text/Bespoke/Buyer Pages/Checkout Delivery Details/input_SIGN IN NOW_btn_next'

2020-03-20 14:16:42 - [TEST_STEP][PASSED] - sendKeys(findTestObject("ADMIN/Edit Text/Bespoke/Buyer Pages/Checkout Delivery Details/input_FIRST NAME_first-name"), "*"): Keys '*' sent to object: 'Object Repository/ADMIN/Edit Text/Bespoke/Buyer Pages/Checkout Delivery Details/input_FIRST NAME_first-name'

2020-03-20 14:16:42 - [MESSAGE][PASSED] - Keys '*' sent to object: 'Object Repository/ADMIN/Edit Text/Bespoke/Buyer Pages/Checkout Delivery Details/input_FIRST NAME_first-name'

2020-03-20 14:16:42 - [TEST_STEP][PASSED] - sendKeys(findTestObject("ADMIN/Edit Text/Bespoke/Buyer Pages/Checkout Delivery Details/input_LAST NAME_last-name"), "*"): Keys '*' sent to object: 'Object Repository/ADMIN/Edit Text/Bespoke/Buyer Pages/Checkout Delivery Details/input_LAST NAME_last-name'

2020-03-20 14:16:42 - [MESSAGE][PASSED] - Keys '*' sent to object: 'Object Repository/ADMIN/Edit Text/Bespoke/Buyer Pages/Checkout Delivery Details/input_LAST NAME_last-name'

2020-03-20 14:16:42 - [TEST_STEP][PASSED] - sendKeys(findTestObject("ADMIN/Edit Text/Bespoke/Buyer Pages/Checkout Delivery Details/input_NOTIFICATION EMAIL_notification-email"), "*"): Keys '*' sent to object: 'Object Repository/ADMIN/Edit Text/Bespoke/Buyer Pages/Checkout Delivery Details/input_NOTIFICATION EMAIL_notification-email'

2020-03-20 14:16:42 - [MESSAGE][PASSED] - Keys '*' sent to object: 'Object Repository/ADMIN/Edit Text/Bespoke/Buyer Pages/Checkout Delivery Details/input_NOTIFICATION EMAIL_notification-email'

2020-03-20 14:16:42 - [TEST_STEP][PASSED] - sendKeys(findTestObject("ADMIN/Edit Text/Bespoke/Buyer Pages/Checkout Delivery Details/input_CONTACT NUMBER_contact-number"), "*"): Keys '*' sent to object: 'Object Repository/ADMIN/Edit Text/Bespoke/Buyer Pages/Checkout Delivery Details/input_CONTACT NUMBER_contact-number'

2020-03-20 14:16:43 - [MESSAGE][PASSED] - Keys '*' sent to object: 'Object Repository/ADMIN/Edit Text/Bespoke/Buyer Pages/Checkout Delivery Details/input_CONTACT NUMBER_contact-number'

2020-03-20 14:16:43 - [TEST_STEP][PASSED] - sendKeys(findTestObject("ADMIN/Edit Text/Bespoke/Buyer Pages/Checkout Delivery Details/input_ADD NEW_btn_add"), "*"): Keys '*' sent to object: 'Object Repository/ADMIN/Edit Text/Bespoke/Buyer Pages/Checkout Delivery Details/input_ADD NEW_btn_add'

2020-03-20 14:16:43 - [MESSAGE][PASSED] - Keys '*' sent to object: 'Object Repository/ADMIN/Edit Text/Bespoke/Buyer Pages/Checkout Delivery Details/input_ADD NEW_btn_add'

2020-03-20 14:16:43 - [TEST_STEP][PASSED] - sendKeys(findTestObject("ADMIN/Edit Text/Bespoke/Buyer Pages/Checkout Delivery Details/input_SELECT ADDRESS_btn_select"), "*"): Keys '*' sent to object: 'Object Repository/ADMIN/Edit Text/Bespoke/Buyer Pages/Checkout Delivery Details/input_SELECT ADDRESS_btn_select'

2020-03-20 14:16:43 - [MESSAGE][PASSED] - Keys '*' sent to object: 'Object Repository/ADMIN/Edit Text/Bespoke/Buyer Pages/Checkout Delivery Details/input_SELECT ADDRESS_btn_select'

2020-03-20 14:16:43 - [TEST_STEP][PASSED] - sendKeys(findTestObject("ADMIN/Edit Text/Bespoke/Buyer Pages/Checkout Delivery Details/input_SELECTED_btn_selected"), "*"): Keys '*' sent to object: 'Object Repository/ADMIN/Edit Text/Bespoke/Buyer Pages/Checkout Delivery Details/input_SELECTED_btn_selected'

2020-03-20 14:16:43 - [MESSAGE][PASSED] - Keys '*' sent to object: 'Object Repository/ADMIN/Edit Text/Bespoke/Buyer Pages/Checkout Delivery Details/input_SELECTED_btn_selected'

2020-03-20 14:16:43 - [TEST_STEP][PASSED] - sendKeys(findTestObject("ADMIN/Edit Text/Bespoke/Buyer Pages/Checkout Delivery Details/input_ADDRESSEE FIRST NAME_addressee-first-name"), "*"): Keys '*' sent to object: 'Object Repository/ADMIN/Edit Text/Bespoke/Buyer Pages/Checkout Delivery Details/input_ADDRESSEE FIRST NAME_addressee-first-name'

2020-03-20 14:16:44 - [MESSAGE][PASSED] - Keys '*' sent to object: 'Object Repository/ADMIN/Edit Text/Bespoke/Buyer Pages/Checkout Delivery Details/input_ADDRESSEE FIRST NAME_addressee-first-name'

2020-03-20 14:16:44 - [TEST_STEP][PASSED] - sendKeys(findTestObject("ADMIN/Edit Text/Bespoke/Buyer Pages/Checkout Delivery Details/input_ADDRESSEE LAST NAME_addressee-last-name"), "*"): Keys '*' sent to object: 'Object Repository/ADMIN/Edit Text/Bespoke/Buyer Pages/Checkout Delivery Details/input_ADDRESSEE LAST NAME_addressee-last-name'

2020-03-20 14:16:44 - [MESSAGE][PASSED] - Keys '*' sent to object: 'Object Repository/ADMIN/Edit Text/Bespoke/Buyer Pages/Checkout Delivery Details/input_ADDRESSEE LAST NAME_addressee-last-name'

2020-03-20 14:16:44 - [TEST_STEP][PASSED] - sendKeys(findTestObject("ADMIN/Edit Text/Bespoke/Buyer Pages/Checkout Delivery Details/input_COUNTRY_delivery-country"), "*"): Keys '*' sent to object: 'Object Repository/ADMIN/Edit Text/Bespoke/Buyer Pages/Checkout Delivery Details/input_COUNTRY_delivery-country'

2020-03-20 14:16:44 - [MESSAGE][PASSED] - Keys '*' sent to object: 'Object Repository/ADMIN/Edit Text/Bespoke/Buyer Pages/Checkout Delivery Details/input_COUNTRY_delivery-country'

2020-03-20 14:16:44 - [TEST_STEP][PASSED] - sendKeys(findTestObject("ADMIN/Edit Text/Bespoke/Buyer Pages/Checkout Delivery Details/input_State_delivery-state"), "*"): Keys '*' sent to object: 'Object Repository/ADMIN/Edit Text/Bespoke/Buyer Pages/Checkout Delivery Details/input_State_delivery-state'

2020-03-20 14:16:44 - [MESSAGE][PASSED] - Keys '*' sent to object: 'Object Repository/ADMIN/Edit Text/Bespoke/Buyer Pages/Checkout Delivery Details/input_State_delivery-state'

2020-03-20 14:16:44 - [TEST_STEP][PASSED] - sendKeys(findTestObject("ADMIN/Edit Text/Bespoke/Buyer Pages/Checkout Delivery Details/input_CITY_delivery-city"), "*"): Keys '*' sent to object: 'Object Repository/ADMIN/Edit Text/Bespoke/Buyer Pages/Checkout Delivery Details/input_CITY_delivery-city'

2020-03-20 14:16:44 - [MESSAGE][PASSED] - Keys '*' sent to object: 'Object Repository/ADMIN/Edit Text/Bespoke/Buyer Pages/Checkout Delivery Details/input_CITY_delivery-city'

2020-03-20 14:16:44 - [TEST_STEP][PASSED] - sendKeys(findTestObject("ADMIN/Edit Text/Bespoke/Buyer Pages/Checkout Delivery Details/input_ADDRESS_delivery-address"), "*"): Keys '*' sent to object: 'Object Repository/ADMIN/Edit Text/Bespoke/Buyer Pages/Checkout Delivery Details/input_ADDRESS_delivery-address'

2020-03-20 14:16:45 - [MESSAGE][PASSED] - Keys '*' sent to object: 'Object Repository/ADMIN/Edit Text/Bespoke/Buyer Pages/Checkout Delivery Details/input_ADDRESS_delivery-address'

2020-03-20 14:16:45 - [TEST_STEP][PASSED] - sendKeys(findTestObject("ADMIN/Edit Text/Bespoke/Buyer Pages/Checkout Delivery Details/input_POSTAL CODE_delivery-postal-code"), "*"): Keys '*' sent to object: 'Object Repository/ADMIN/Edit Text/Bespoke/Buyer Pages/Checkout Delivery Details/input_POSTAL CODE_delivery-postal-code'

2020-03-20 14:16:45 - [MESSAGE][PASSED] - Keys '*' sent to object: 'Object Repository/ADMIN/Edit Text/Bespoke/Buyer Pages/Checkout Delivery Details/input_POSTAL CODE_delivery-postal-code'

2020-03-20 14:16:45 - [TEST_STEP][PASSED] - sendKeys(findTestObject("ADMIN/Edit Text/Bespoke/Buyer Pages/Checkout Delivery Details/input_SAVE_btn_save"), "*"): Keys '*' sent to object: 'Object Repository/ADMIN/Edit Text/Bespoke/Buyer Pages/Checkout Delivery Details/input_SAVE_btn_save'

2020-03-20 14:16:45 - [MESSAGE][PASSED] - Keys '*' sent to object: 'Object Repository/ADMIN/Edit Text/Bespoke/Buyer Pages/Checkout Delivery Details/input_SAVE_btn_save'

2020-03-20 14:16:45 - [TEST_STEP][PASSED] - sendKeys(findTestObject("ADMIN/Edit Text/Bespoke/Buyer Pages/Checkout Delivery Details/input_NEXT_btn_next"), "*"): Keys '*' sent to object: 'Object Repository/ADMIN/Edit Text/Bespoke/Buyer Pages/Checkout Delivery Details/input_NEXT_btn_next'

2020-03-20 14:16:45 - [MESSAGE][PASSED] - Keys '*' sent to object: 'Object Repository/ADMIN/Edit Text/Bespoke/Buyer Pages/Checkout Delivery Details/input_NEXT_btn_next'

2020-03-20 14:16:45 - [TEST_STEP][PASSED] - sendKeys(findTestObject("ADMIN/Edit Text/Bespoke/Buyer Pages/Checkout Delivery Details/input_REMOVE ITEM_popup-title"), "*"): Keys '*' sent to object: 'Object Repository/ADMIN/Edit Text/Bespoke/Buyer Pages/Checkout Delivery Details/input_REMOVE ITEM_popup-title'

2020-03-20 14:16:46 - [MESSAGE][PASSED] - Keys '*' sent to object: 'Object Repository/ADMIN/Edit Text/Bespoke/Buyer Pages/Checkout Delivery Details/input_REMOVE ITEM_popup-title'

2020-03-20 14:16:46 - [TEST_STEP][PASSED] - sendKeys(findTestObject("ADMIN/Edit Text/Bespoke/Buyer Pages/Checkout Delivery Details/textarea_You sure about removing this item from your list (Itll be gone forever)"), "*"): Keys '*' sent to object: 'Object Repository/ADMIN/Edit Text/Bespoke/Buyer Pages/Checkout Delivery Details/textarea_You sure about removing this item from your list (Itll be gone forever)'

2020-03-20 14:16:46 - [MESSAGE][PASSED] - Keys '*' sent to object: 'Object Repository/ADMIN/Edit Text/Bespoke/Buyer Pages/Checkout Delivery Details/textarea_You sure about removing this item from your list (Itll be gone forever)'

2020-03-20 14:16:46 - [TEST_STEP][PASSED] - sendKeys(findTestObject("ADMIN/Edit Text/Bespoke/Buyer Pages/Checkout Delivery Details/input_CANCEL_btn_cancel"), "*"): Keys '*' sent to object: 'Object Repository/ADMIN/Edit Text/Bespoke/Buyer Pages/Checkout Delivery Details/input_CANCEL_btn_cancel'

2020-03-20 14:16:46 - [MESSAGE][PASSED] - Keys '*' sent to object: 'Object Repository/ADMIN/Edit Text/Bespoke/Buyer Pages/Checkout Delivery Details/input_CANCEL_btn_cancel'

2020-03-20 14:16:46 - [TEST_STEP][PASSED] - sendKeys(findTestObject("ADMIN/Edit Text/Bespoke/Buyer Pages/Checkout Delivery Details/input_Okay_btn_okay"), "*"): Keys '*' sent to object: 'Object Repository/ADMIN/Edit Text/Bespoke/Buyer Pages/Checkout Delivery Details/input_Okay_btn_okay'

2020-03-20 14:16:47 - [MESSAGE][PASSED] - Keys '*' sent to object: 'Object Repository/ADMIN/Edit Text/Bespoke/Buyer Pages/Checkout Delivery Details/input_Okay_btn_okay'

2020-03-20 14:16:47 - [TEST_STEP][PASSED] - click(findTestObject("ADMIN/Edit Text/Bespoke/Buyer Pages/Homepage/button_save"), CONTINUE_ON_FAILURE): Object: 'Object Repository/ADMIN/Edit Text/Bespoke/Buyer Pages/Homepage/button_save' is clicked on

2020-03-20 14:16:47 - [MESSAGE][PASSED] - Object: 'Object Repository/ADMIN/Edit Text/Bespoke/Buyer Pages/Homepage/button_save' is clicked on

2020-03-20 14:16:47 - [TEST_STEP][PASSED] - waitForElementVisible(findTestObject("ADMIN/Edit Text/Bespoke/Buyer Pages/Homepage/toaster_success"), 0): Object 'Object Repository/ADMIN/Edit Text/Bespoke/Buyer Pages/Homepage/toaster_success' is visible

2020-03-20 14:16:47 - [MESSAGE][WARNING] - Timeout '0' is invalid. Using default page load timeout: '30'

2020-03-20 14:16:47 - [MESSAGE][PASSED] - Object 'Object Repository/ADMIN/Edit Text/Bespoke/Buyer Pages/Homepage/toaster_success' is visible]]></system-out>
         <system-err><![CDATA[]]></system-err>
      </testcase>
      <testcase name="Test Cases/ADMIN/Language/Edit Text/Bespoke/Buyer Pages/Checkout Delivery" time="7.681" classname="Test Cases/ADMIN/Language/Edit Text/Bespoke/Buyer Pages/Checkout Delivery" status="PASSED">
         <system-out><![CDATA[2020-03-20 14:16:47 - [TEST_CASE][PASSED] - Test Cases/ADMIN/Language/Edit Text/Bespoke/Buyer Pages/Checkout Delivery: Test Cases/ADMIN/Language/Edit Text/Bespoke/Buyer Pages/Checkout Delivery

2020-03-20 14:16:47 - [TEST_STEP][PASSED] - waitForElementVisible(findTestObject("ADMIN/Edit Text/Bespoke/Buyer Navigation/dd_language"), 0): Object 'Object Repository/ADMIN/Edit Text/Bespoke/Buyer Navigation/dd_language' is visible

2020-03-20 14:16:47 - [MESSAGE][WARNING] - Timeout '0' is invalid. Using default page load timeout: '30'

2020-03-20 14:16:48 - [MESSAGE][PASSED] - Object 'Object Repository/ADMIN/Edit Text/Bespoke/Buyer Navigation/dd_language' is visible

2020-03-20 14:16:48 - [TEST_STEP][PASSED] - selectOptionByLabel(findTestObject("ADMIN/Edit Text/Bespoke/Buyer Navigation/dd_language"), varLanguage, false): All options with label 'German' are selected in object 'Object Repository/ADMIN/Edit Text/Bespoke/Buyer Navigation/dd_language' 

2020-03-20 14:16:49 - [MESSAGE][PASSED] - All options with label 'German' are selected in object 'Object Repository/ADMIN/Edit Text/Bespoke/Buyer Navigation/dd_language' 

2020-03-20 14:16:49 - [TEST_STEP][PASSED] - sendKeys(findTestObject("ADMIN/Edit Text/Bespoke/Buyer Pages/Checkout Delivery Details/input_DELIVERY_tab-title"), "*"): Keys '*' sent to object: 'Object Repository/ADMIN/Edit Text/Bespoke/Buyer Pages/Checkout Delivery Details/input_DELIVERY_tab-title'

2020-03-20 14:16:49 - [MESSAGE][PASSED] - Keys '*' sent to object: 'Object Repository/ADMIN/Edit Text/Bespoke/Buyer Pages/Checkout Delivery Details/input_DELIVERY_tab-title'

2020-03-20 14:16:49 - [TEST_STEP][PASSED] - sendKeys(findTestObject("ADMIN/Edit Text/Bespoke/Buyer Pages/Checkout Delivery Details/input_REVIEW_tab-title"), "*"): Keys '*' sent to object: 'Object Repository/ADMIN/Edit Text/Bespoke/Buyer Pages/Checkout Delivery Details/input_REVIEW_tab-title'

2020-03-20 14:16:50 - [MESSAGE][PASSED] - Keys '*' sent to object: 'Object Repository/ADMIN/Edit Text/Bespoke/Buyer Pages/Checkout Delivery Details/input_REVIEW_tab-title'

2020-03-20 14:16:50 - [TEST_STEP][PASSED] - sendKeys(findTestObject("ADMIN/Edit Text/Bespoke/Buyer Pages/Checkout Delivery Details/input_PAY_tab-title"), "*"): Keys '*' sent to object: 'Object Repository/ADMIN/Edit Text/Bespoke/Buyer Pages/Checkout Delivery Details/input_PAY_tab-title'

2020-03-20 14:16:50 - [MESSAGE][PASSED] - Keys '*' sent to object: 'Object Repository/ADMIN/Edit Text/Bespoke/Buyer Pages/Checkout Delivery Details/input_PAY_tab-title'

2020-03-20 14:16:50 - [TEST_STEP][PASSED] - sendKeys(findTestObject("ADMIN/Edit Text/Bespoke/Buyer Pages/Checkout Delivery Details/input_Already registered with us_guest-info-txt"), "*"): Keys '*' sent to object: 'Object Repository/ADMIN/Edit Text/Bespoke/Buyer Pages/Checkout Delivery Details/input_Already registered with us_guest-info-txt'

2020-03-20 14:16:50 - [MESSAGE][PASSED] - Keys '*' sent to object: 'Object Repository/ADMIN/Edit Text/Bespoke/Buyer Pages/Checkout Delivery Details/input_Already registered with us_guest-info-txt'

2020-03-20 14:16:50 - [TEST_STEP][PASSED] - sendKeys(findTestObject("ADMIN/Edit Text/Bespoke/Buyer Pages/Checkout Delivery Details/input_SIGN IN NOW_btn_next"), "*"): Keys '*' sent to object: 'Object Repository/ADMIN/Edit Text/Bespoke/Buyer Pages/Checkout Delivery Details/input_SIGN IN NOW_btn_next'

2020-03-20 14:16:50 - [MESSAGE][PASSED] - Keys '*' sent to object: 'Object Repository/ADMIN/Edit Text/Bespoke/Buyer Pages/Checkout Delivery Details/input_SIGN IN NOW_btn_next'

2020-03-20 14:16:50 - [TEST_STEP][PASSED] - sendKeys(findTestObject("ADMIN/Edit Text/Bespoke/Buyer Pages/Checkout Delivery Details/input_FIRST NAME_first-name"), "*"): Keys '*' sent to object: 'Object Repository/ADMIN/Edit Text/Bespoke/Buyer Pages/Checkout Delivery Details/input_FIRST NAME_first-name'

2020-03-20 14:16:50 - [MESSAGE][PASSED] - Keys '*' sent to object: 'Object Repository/ADMIN/Edit Text/Bespoke/Buyer Pages/Checkout Delivery Details/input_FIRST NAME_first-name'

2020-03-20 14:16:50 - [TEST_STEP][PASSED] - sendKeys(findTestObject("ADMIN/Edit Text/Bespoke/Buyer Pages/Checkout Delivery Details/input_LAST NAME_last-name"), "*"): Keys '*' sent to object: 'Object Repository/ADMIN/Edit Text/Bespoke/Buyer Pages/Checkout Delivery Details/input_LAST NAME_last-name'

2020-03-20 14:16:51 - [MESSAGE][PASSED] - Keys '*' sent to object: 'Object Repository/ADMIN/Edit Text/Bespoke/Buyer Pages/Checkout Delivery Details/input_LAST NAME_last-name'

2020-03-20 14:16:51 - [TEST_STEP][PASSED] - sendKeys(findTestObject("ADMIN/Edit Text/Bespoke/Buyer Pages/Checkout Delivery Details/input_NOTIFICATION EMAIL_notification-email"), "*"): Keys '*' sent to object: 'Object Repository/ADMIN/Edit Text/Bespoke/Buyer Pages/Checkout Delivery Details/input_NOTIFICATION EMAIL_notification-email'

2020-03-20 14:16:51 - [MESSAGE][PASSED] - Keys '*' sent to object: 'Object Repository/ADMIN/Edit Text/Bespoke/Buyer Pages/Checkout Delivery Details/input_NOTIFICATION EMAIL_notification-email'

2020-03-20 14:16:51 - [TEST_STEP][PASSED] - sendKeys(findTestObject("ADMIN/Edit Text/Bespoke/Buyer Pages/Checkout Delivery Details/input_CONTACT NUMBER_contact-number"), "*"): Keys '*' sent to object: 'Object Repository/ADMIN/Edit Text/Bespoke/Buyer Pages/Checkout Delivery Details/input_CONTACT NUMBER_contact-number'

2020-03-20 14:16:51 - [MESSAGE][PASSED] - Keys '*' sent to object: 'Object Repository/ADMIN/Edit Text/Bespoke/Buyer Pages/Checkout Delivery Details/input_CONTACT NUMBER_contact-number'

2020-03-20 14:16:51 - [TEST_STEP][PASSED] - sendKeys(findTestObject("ADMIN/Edit Text/Bespoke/Buyer Pages/Checkout Delivery Details/input_ADD NEW_btn_add"), "*"): Keys '*' sent to object: 'Object Repository/ADMIN/Edit Text/Bespoke/Buyer Pages/Checkout Delivery Details/input_ADD NEW_btn_add'

2020-03-20 14:16:51 - [MESSAGE][PASSED] - Keys '*' sent to object: 'Object Repository/ADMIN/Edit Text/Bespoke/Buyer Pages/Checkout Delivery Details/input_ADD NEW_btn_add'

2020-03-20 14:16:51 - [TEST_STEP][PASSED] - sendKeys(findTestObject("ADMIN/Edit Text/Bespoke/Buyer Pages/Checkout Delivery Details/input_SELECT ADDRESS_btn_select"), "*"): Keys '*' sent to object: 'Object Repository/ADMIN/Edit Text/Bespoke/Buyer Pages/Checkout Delivery Details/input_SELECT ADDRESS_btn_select'

2020-03-20 14:16:52 - [MESSAGE][PASSED] - Keys '*' sent to object: 'Object Repository/ADMIN/Edit Text/Bespoke/Buyer Pages/Checkout Delivery Details/input_SELECT ADDRESS_btn_select'

2020-03-20 14:16:52 - [TEST_STEP][PASSED] - sendKeys(findTestObject("ADMIN/Edit Text/Bespoke/Buyer Pages/Checkout Delivery Details/input_SELECTED_btn_selected"), "*"): Keys '*' sent to object: 'Object Repository/ADMIN/Edit Text/Bespoke/Buyer Pages/Checkout Delivery Details/input_SELECTED_btn_selected'

2020-03-20 14:16:52 - [MESSAGE][PASSED] - Keys '*' sent to object: 'Object Repository/ADMIN/Edit Text/Bespoke/Buyer Pages/Checkout Delivery Details/input_SELECTED_btn_selected'

2020-03-20 14:16:52 - [TEST_STEP][PASSED] - sendKeys(findTestObject("ADMIN/Edit Text/Bespoke/Buyer Pages/Checkout Delivery Details/input_ADDRESSEE FIRST NAME_addressee-first-name"), "*"): Keys '*' sent to object: 'Object Repository/ADMIN/Edit Text/Bespoke/Buyer Pages/Checkout Delivery Details/input_ADDRESSEE FIRST NAME_addressee-first-name'

2020-03-20 14:16:52 - [MESSAGE][PASSED] - Keys '*' sent to object: 'Object Repository/ADMIN/Edit Text/Bespoke/Buyer Pages/Checkout Delivery Details/input_ADDRESSEE FIRST NAME_addressee-first-name'

2020-03-20 14:16:52 - [TEST_STEP][PASSED] - sendKeys(findTestObject("ADMIN/Edit Text/Bespoke/Buyer Pages/Checkout Delivery Details/input_ADDRESSEE LAST NAME_addressee-last-name"), "*"): Keys '*' sent to object: 'Object Repository/ADMIN/Edit Text/Bespoke/Buyer Pages/Checkout Delivery Details/input_ADDRESSEE LAST NAME_addressee-last-name'

2020-03-20 14:16:52 - [MESSAGE][PASSED] - Keys '*' sent to object: 'Object Repository/ADMIN/Edit Text/Bespoke/Buyer Pages/Checkout Delivery Details/input_ADDRESSEE LAST NAME_addressee-last-name'

2020-03-20 14:16:52 - [TEST_STEP][PASSED] - sendKeys(findTestObject("ADMIN/Edit Text/Bespoke/Buyer Pages/Checkout Delivery Details/input_COUNTRY_delivery-country"), "*"): Keys '*' sent to object: 'Object Repository/ADMIN/Edit Text/Bespoke/Buyer Pages/Checkout Delivery Details/input_COUNTRY_delivery-country'

2020-03-20 14:16:52 - [MESSAGE][PASSED] - Keys '*' sent to object: 'Object Repository/ADMIN/Edit Text/Bespoke/Buyer Pages/Checkout Delivery Details/input_COUNTRY_delivery-country'

2020-03-20 14:16:52 - [TEST_STEP][PASSED] - sendKeys(findTestObject("ADMIN/Edit Text/Bespoke/Buyer Pages/Checkout Delivery Details/input_State_delivery-state"), "*"): Keys '*' sent to object: 'Object Repository/ADMIN/Edit Text/Bespoke/Buyer Pages/Checkout Delivery Details/input_State_delivery-state'

2020-03-20 14:16:53 - [MESSAGE][PASSED] - Keys '*' sent to object: 'Object Repository/ADMIN/Edit Text/Bespoke/Buyer Pages/Checkout Delivery Details/input_State_delivery-state'

2020-03-20 14:16:53 - [TEST_STEP][PASSED] - sendKeys(findTestObject("ADMIN/Edit Text/Bespoke/Buyer Pages/Checkout Delivery Details/input_CITY_delivery-city"), "*"): Keys '*' sent to object: 'Object Repository/ADMIN/Edit Text/Bespoke/Buyer Pages/Checkout Delivery Details/input_CITY_delivery-city'

2020-03-20 14:16:53 - [MESSAGE][PASSED] - Keys '*' sent to object: 'Object Repository/ADMIN/Edit Text/Bespoke/Buyer Pages/Checkout Delivery Details/input_CITY_delivery-city'

2020-03-20 14:16:53 - [TEST_STEP][PASSED] - sendKeys(findTestObject("ADMIN/Edit Text/Bespoke/Buyer Pages/Checkout Delivery Details/input_ADDRESS_delivery-address"), "*"): Keys '*' sent to object: 'Object Repository/ADMIN/Edit Text/Bespoke/Buyer Pages/Checkout Delivery Details/input_ADDRESS_delivery-address'

2020-03-20 14:16:53 - [MESSAGE][PASSED] - Keys '*' sent to object: 'Object Repository/ADMIN/Edit Text/Bespoke/Buyer Pages/Checkout Delivery Details/input_ADDRESS_delivery-address'

2020-03-20 14:16:53 - [TEST_STEP][PASSED] - sendKeys(findTestObject("ADMIN/Edit Text/Bespoke/Buyer Pages/Checkout Delivery Details/input_POSTAL CODE_delivery-postal-code"), "*"): Keys '*' sent to object: 'Object Repository/ADMIN/Edit Text/Bespoke/Buyer Pages/Checkout Delivery Details/input_POSTAL CODE_delivery-postal-code'

2020-03-20 14:16:53 - [MESSAGE][PASSED] - Keys '*' sent to object: 'Object Repository/ADMIN/Edit Text/Bespoke/Buyer Pages/Checkout Delivery Details/input_POSTAL CODE_delivery-postal-code'

2020-03-20 14:16:53 - [TEST_STEP][PASSED] - sendKeys(findTestObject("ADMIN/Edit Text/Bespoke/Buyer Pages/Checkout Delivery Details/input_SAVE_btn_save"), "*"): Keys '*' sent to object: 'Object Repository/ADMIN/Edit Text/Bespoke/Buyer Pages/Checkout Delivery Details/input_SAVE_btn_save'

2020-03-20 14:16:54 - [MESSAGE][PASSED] - Keys '*' sent to object: 'Object Repository/ADMIN/Edit Text/Bespoke/Buyer Pages/Checkout Delivery Details/input_SAVE_btn_save'

2020-03-20 14:16:54 - [TEST_STEP][PASSED] - sendKeys(findTestObject("ADMIN/Edit Text/Bespoke/Buyer Pages/Checkout Delivery Details/input_NEXT_btn_next"), "*"): Keys '*' sent to object: 'Object Repository/ADMIN/Edit Text/Bespoke/Buyer Pages/Checkout Delivery Details/input_NEXT_btn_next'

2020-03-20 14:16:54 - [MESSAGE][PASSED] - Keys '*' sent to object: 'Object Repository/ADMIN/Edit Text/Bespoke/Buyer Pages/Checkout Delivery Details/input_NEXT_btn_next'

2020-03-20 14:16:54 - [TEST_STEP][PASSED] - sendKeys(findTestObject("ADMIN/Edit Text/Bespoke/Buyer Pages/Checkout Delivery Details/input_REMOVE ITEM_popup-title"), "*"): Keys '*' sent to object: 'Object Repository/ADMIN/Edit Text/Bespoke/Buyer Pages/Checkout Delivery Details/input_REMOVE ITEM_popup-title'

2020-03-20 14:16:54 - [MESSAGE][PASSED] - Keys '*' sent to object: 'Object Repository/ADMIN/Edit Text/Bespoke/Buyer Pages/Checkout Delivery Details/input_REMOVE ITEM_popup-title'

2020-03-20 14:16:54 - [TEST_STEP][PASSED] - sendKeys(findTestObject("ADMIN/Edit Text/Bespoke/Buyer Pages/Checkout Delivery Details/textarea_You sure about removing this item from your list (Itll be gone forever)"), "*"): Keys '*' sent to object: 'Object Repository/ADMIN/Edit Text/Bespoke/Buyer Pages/Checkout Delivery Details/textarea_You sure about removing this item from your list (Itll be gone forever)'

2020-03-20 14:16:54 - [MESSAGE][PASSED] - Keys '*' sent to object: 'Object Repository/ADMIN/Edit Text/Bespoke/Buyer Pages/Checkout Delivery Details/textarea_You sure about removing this item from your list (Itll be gone forever)'

2020-03-20 14:16:54 - [TEST_STEP][PASSED] - sendKeys(findTestObject("ADMIN/Edit Text/Bespoke/Buyer Pages/Checkout Delivery Details/input_CANCEL_btn_cancel"), "*"): Keys '*' sent to object: 'Object Repository/ADMIN/Edit Text/Bespoke/Buyer Pages/Checkout Delivery Details/input_CANCEL_btn_cancel'

2020-03-20 14:16:54 - [MESSAGE][PASSED] - Keys '*' sent to object: 'Object Repository/ADMIN/Edit Text/Bespoke/Buyer Pages/Checkout Delivery Details/input_CANCEL_btn_cancel'

2020-03-20 14:16:54 - [TEST_STEP][PASSED] - sendKeys(findTestObject("ADMIN/Edit Text/Bespoke/Buyer Pages/Checkout Delivery Details/input_Okay_btn_okay"), "*"): Keys '*' sent to object: 'Object Repository/ADMIN/Edit Text/Bespoke/Buyer Pages/Checkout Delivery Details/input_Okay_btn_okay'

2020-03-20 14:16:55 - [MESSAGE][PASSED] - Keys '*' sent to object: 'Object Repository/ADMIN/Edit Text/Bespoke/Buyer Pages/Checkout Delivery Details/input_Okay_btn_okay'

2020-03-20 14:16:55 - [TEST_STEP][PASSED] - click(findTestObject("ADMIN/Edit Text/Bespoke/Buyer Pages/Homepage/button_save"), CONTINUE_ON_FAILURE): Object: 'Object Repository/ADMIN/Edit Text/Bespoke/Buyer Pages/Homepage/button_save' is clicked on

2020-03-20 14:16:55 - [MESSAGE][PASSED] - Object: 'Object Repository/ADMIN/Edit Text/Bespoke/Buyer Pages/Homepage/button_save' is clicked on

2020-03-20 14:16:55 - [TEST_STEP][PASSED] - waitForElementVisible(findTestObject("ADMIN/Edit Text/Bespoke/Buyer Pages/Homepage/toaster_success"), 0): Object 'Object Repository/ADMIN/Edit Text/Bespoke/Buyer Pages/Homepage/toaster_success' is visible

2020-03-20 14:16:55 - [MESSAGE][WARNING] - Timeout '0' is invalid. Using default page load timeout: '30'

2020-03-20 14:16:55 - [MESSAGE][PASSED] - Object 'Object Repository/ADMIN/Edit Text/Bespoke/Buyer Pages/Homepage/toaster_success' is visible]]></system-out>
         <system-err><![CDATA[]]></system-err>
      </testcase>
      <testcase name="Test Cases/ADMIN/Language/Edit Text/Bespoke/Buyer Pages/Checkout Delivery" time="9.096" classname="Test Cases/ADMIN/Language/Edit Text/Bespoke/Buyer Pages/Checkout Delivery" status="PASSED">
         <system-out><![CDATA[2020-03-20 14:16:55 - [TEST_CASE][PASSED] - Test Cases/ADMIN/Language/Edit Text/Bespoke/Buyer Pages/Checkout Delivery: Test Cases/ADMIN/Language/Edit Text/Bespoke/Buyer Pages/Checkout Delivery

2020-03-20 14:16:55 - [TEST_STEP][PASSED] - waitForElementVisible(findTestObject("ADMIN/Edit Text/Bespoke/Buyer Navigation/dd_language"), 0): Object 'Object Repository/ADMIN/Edit Text/Bespoke/Buyer Navigation/dd_language' is visible

2020-03-20 14:16:55 - [MESSAGE][WARNING] - Timeout '0' is invalid. Using default page load timeout: '30'

2020-03-20 14:16:55 - [MESSAGE][PASSED] - Object 'Object Repository/ADMIN/Edit Text/Bespoke/Buyer Navigation/dd_language' is visible

2020-03-20 14:16:55 - [TEST_STEP][PASSED] - selectOptionByLabel(findTestObject("ADMIN/Edit Text/Bespoke/Buyer Navigation/dd_language"), varLanguage, false): All options with label 'Japanese' are selected in object 'Object Repository/ADMIN/Edit Text/Bespoke/Buyer Navigation/dd_language' 

2020-03-20 14:16:57 - [MESSAGE][PASSED] - All options with label 'Japanese' are selected in object 'Object Repository/ADMIN/Edit Text/Bespoke/Buyer Navigation/dd_language' 

2020-03-20 14:16:57 - [TEST_STEP][PASSED] - sendKeys(findTestObject("ADMIN/Edit Text/Bespoke/Buyer Pages/Checkout Delivery Details/input_DELIVERY_tab-title"), "*"): Keys '*' sent to object: 'Object Repository/ADMIN/Edit Text/Bespoke/Buyer Pages/Checkout Delivery Details/input_DELIVERY_tab-title'

2020-03-20 14:16:57 - [MESSAGE][PASSED] - Keys '*' sent to object: 'Object Repository/ADMIN/Edit Text/Bespoke/Buyer Pages/Checkout Delivery Details/input_DELIVERY_tab-title'

2020-03-20 14:16:57 - [TEST_STEP][PASSED] - sendKeys(findTestObject("ADMIN/Edit Text/Bespoke/Buyer Pages/Checkout Delivery Details/input_REVIEW_tab-title"), "*"): Keys '*' sent to object: 'Object Repository/ADMIN/Edit Text/Bespoke/Buyer Pages/Checkout Delivery Details/input_REVIEW_tab-title'

2020-03-20 14:16:57 - [MESSAGE][PASSED] - Keys '*' sent to object: 'Object Repository/ADMIN/Edit Text/Bespoke/Buyer Pages/Checkout Delivery Details/input_REVIEW_tab-title'

2020-03-20 14:16:57 - [TEST_STEP][PASSED] - sendKeys(findTestObject("ADMIN/Edit Text/Bespoke/Buyer Pages/Checkout Delivery Details/input_PAY_tab-title"), "*"): Keys '*' sent to object: 'Object Repository/ADMIN/Edit Text/Bespoke/Buyer Pages/Checkout Delivery Details/input_PAY_tab-title'

2020-03-20 14:16:57 - [MESSAGE][PASSED] - Keys '*' sent to object: 'Object Repository/ADMIN/Edit Text/Bespoke/Buyer Pages/Checkout Delivery Details/input_PAY_tab-title'

2020-03-20 14:16:57 - [TEST_STEP][PASSED] - sendKeys(findTestObject("ADMIN/Edit Text/Bespoke/Buyer Pages/Checkout Delivery Details/input_Already registered with us_guest-info-txt"), "*"): Keys '*' sent to object: 'Object Repository/ADMIN/Edit Text/Bespoke/Buyer Pages/Checkout Delivery Details/input_Already registered with us_guest-info-txt'

2020-03-20 14:16:58 - [MESSAGE][PASSED] - Keys '*' sent to object: 'Object Repository/ADMIN/Edit Text/Bespoke/Buyer Pages/Checkout Delivery Details/input_Already registered with us_guest-info-txt'

2020-03-20 14:16:58 - [TEST_STEP][PASSED] - sendKeys(findTestObject("ADMIN/Edit Text/Bespoke/Buyer Pages/Checkout Delivery Details/input_SIGN IN NOW_btn_next"), "*"): Keys '*' sent to object: 'Object Repository/ADMIN/Edit Text/Bespoke/Buyer Pages/Checkout Delivery Details/input_SIGN IN NOW_btn_next'

2020-03-20 14:16:58 - [MESSAGE][PASSED] - Keys '*' sent to object: 'Object Repository/ADMIN/Edit Text/Bespoke/Buyer Pages/Checkout Delivery Details/input_SIGN IN NOW_btn_next'

2020-03-20 14:16:58 - [TEST_STEP][PASSED] - sendKeys(findTestObject("ADMIN/Edit Text/Bespoke/Buyer Pages/Checkout Delivery Details/input_FIRST NAME_first-name"), "*"): Keys '*' sent to object: 'Object Repository/ADMIN/Edit Text/Bespoke/Buyer Pages/Checkout Delivery Details/input_FIRST NAME_first-name'

2020-03-20 14:16:58 - [MESSAGE][PASSED] - Keys '*' sent to object: 'Object Repository/ADMIN/Edit Text/Bespoke/Buyer Pages/Checkout Delivery Details/input_FIRST NAME_first-name'

2020-03-20 14:16:58 - [TEST_STEP][PASSED] - sendKeys(findTestObject("ADMIN/Edit Text/Bespoke/Buyer Pages/Checkout Delivery Details/input_LAST NAME_last-name"), "*"): Keys '*' sent to object: 'Object Repository/ADMIN/Edit Text/Bespoke/Buyer Pages/Checkout Delivery Details/input_LAST NAME_last-name'

2020-03-20 14:16:58 - [MESSAGE][PASSED] - Keys '*' sent to object: 'Object Repository/ADMIN/Edit Text/Bespoke/Buyer Pages/Checkout Delivery Details/input_LAST NAME_last-name'

2020-03-20 14:16:58 - [TEST_STEP][PASSED] - sendKeys(findTestObject("ADMIN/Edit Text/Bespoke/Buyer Pages/Checkout Delivery Details/input_NOTIFICATION EMAIL_notification-email"), "*"): Keys '*' sent to object: 'Object Repository/ADMIN/Edit Text/Bespoke/Buyer Pages/Checkout Delivery Details/input_NOTIFICATION EMAIL_notification-email'

2020-03-20 14:16:58 - [MESSAGE][PASSED] - Keys '*' sent to object: 'Object Repository/ADMIN/Edit Text/Bespoke/Buyer Pages/Checkout Delivery Details/input_NOTIFICATION EMAIL_notification-email'

2020-03-20 14:16:58 - [TEST_STEP][PASSED] - sendKeys(findTestObject("ADMIN/Edit Text/Bespoke/Buyer Pages/Checkout Delivery Details/input_CONTACT NUMBER_contact-number"), "*"): Keys '*' sent to object: 'Object Repository/ADMIN/Edit Text/Bespoke/Buyer Pages/Checkout Delivery Details/input_CONTACT NUMBER_contact-number'

2020-03-20 14:16:59 - [MESSAGE][PASSED] - Keys '*' sent to object: 'Object Repository/ADMIN/Edit Text/Bespoke/Buyer Pages/Checkout Delivery Details/input_CONTACT NUMBER_contact-number'

2020-03-20 14:16:59 - [TEST_STEP][PASSED] - sendKeys(findTestObject("ADMIN/Edit Text/Bespoke/Buyer Pages/Checkout Delivery Details/input_ADD NEW_btn_add"), "*"): Keys '*' sent to object: 'Object Repository/ADMIN/Edit Text/Bespoke/Buyer Pages/Checkout Delivery Details/input_ADD NEW_btn_add'

2020-03-20 14:16:59 - [MESSAGE][PASSED] - Keys '*' sent to object: 'Object Repository/ADMIN/Edit Text/Bespoke/Buyer Pages/Checkout Delivery Details/input_ADD NEW_btn_add'

2020-03-20 14:16:59 - [TEST_STEP][PASSED] - sendKeys(findTestObject("ADMIN/Edit Text/Bespoke/Buyer Pages/Checkout Delivery Details/input_SELECT ADDRESS_btn_select"), "*"): Keys '*' sent to object: 'Object Repository/ADMIN/Edit Text/Bespoke/Buyer Pages/Checkout Delivery Details/input_SELECT ADDRESS_btn_select'

2020-03-20 14:16:59 - [MESSAGE][PASSED] - Keys '*' sent to object: 'Object Repository/ADMIN/Edit Text/Bespoke/Buyer Pages/Checkout Delivery Details/input_SELECT ADDRESS_btn_select'

2020-03-20 14:16:59 - [TEST_STEP][PASSED] - sendKeys(findTestObject("ADMIN/Edit Text/Bespoke/Buyer Pages/Checkout Delivery Details/input_SELECTED_btn_selected"), "*"): Keys '*' sent to object: 'Object Repository/ADMIN/Edit Text/Bespoke/Buyer Pages/Checkout Delivery Details/input_SELECTED_btn_selected'

2020-03-20 14:16:59 - [MESSAGE][PASSED] - Keys '*' sent to object: 'Object Repository/ADMIN/Edit Text/Bespoke/Buyer Pages/Checkout Delivery Details/input_SELECTED_btn_selected'

2020-03-20 14:16:59 - [TEST_STEP][PASSED] - sendKeys(findTestObject("ADMIN/Edit Text/Bespoke/Buyer Pages/Checkout Delivery Details/input_ADDRESSEE FIRST NAME_addressee-first-name"), "*"): Keys '*' sent to object: 'Object Repository/ADMIN/Edit Text/Bespoke/Buyer Pages/Checkout Delivery Details/input_ADDRESSEE FIRST NAME_addressee-first-name'

2020-03-20 14:17:00 - [MESSAGE][PASSED] - Keys '*' sent to object: 'Object Repository/ADMIN/Edit Text/Bespoke/Buyer Pages/Checkout Delivery Details/input_ADDRESSEE FIRST NAME_addressee-first-name'

2020-03-20 14:17:00 - [TEST_STEP][PASSED] - sendKeys(findTestObject("ADMIN/Edit Text/Bespoke/Buyer Pages/Checkout Delivery Details/input_ADDRESSEE LAST NAME_addressee-last-name"), "*"): Keys '*' sent to object: 'Object Repository/ADMIN/Edit Text/Bespoke/Buyer Pages/Checkout Delivery Details/input_ADDRESSEE LAST NAME_addressee-last-name'

2020-03-20 14:17:00 - [MESSAGE][PASSED] - Keys '*' sent to object: 'Object Repository/ADMIN/Edit Text/Bespoke/Buyer Pages/Checkout Delivery Details/input_ADDRESSEE LAST NAME_addressee-last-name'

2020-03-20 14:17:00 - [TEST_STEP][PASSED] - sendKeys(findTestObject("ADMIN/Edit Text/Bespoke/Buyer Pages/Checkout Delivery Details/input_COUNTRY_delivery-country"), "*"): Keys '*' sent to object: 'Object Repository/ADMIN/Edit Text/Bespoke/Buyer Pages/Checkout Delivery Details/input_COUNTRY_delivery-country'

2020-03-20 14:17:00 - [MESSAGE][PASSED] - Keys '*' sent to object: 'Object Repository/ADMIN/Edit Text/Bespoke/Buyer Pages/Checkout Delivery Details/input_COUNTRY_delivery-country'

2020-03-20 14:17:00 - [TEST_STEP][PASSED] - sendKeys(findTestObject("ADMIN/Edit Text/Bespoke/Buyer Pages/Checkout Delivery Details/input_State_delivery-state"), "*"): Keys '*' sent to object: 'Object Repository/ADMIN/Edit Text/Bespoke/Buyer Pages/Checkout Delivery Details/input_State_delivery-state'

2020-03-20 14:17:00 - [MESSAGE][PASSED] - Keys '*' sent to object: 'Object Repository/ADMIN/Edit Text/Bespoke/Buyer Pages/Checkout Delivery Details/input_State_delivery-state'

2020-03-20 14:17:00 - [TEST_STEP][PASSED] - sendKeys(findTestObject("ADMIN/Edit Text/Bespoke/Buyer Pages/Checkout Delivery Details/input_CITY_delivery-city"), "*"): Keys '*' sent to object: 'Object Repository/ADMIN/Edit Text/Bespoke/Buyer Pages/Checkout Delivery Details/input_CITY_delivery-city'

2020-03-20 14:17:00 - [MESSAGE][PASSED] - Keys '*' sent to object: 'Object Repository/ADMIN/Edit Text/Bespoke/Buyer Pages/Checkout Delivery Details/input_CITY_delivery-city'

2020-03-20 14:17:00 - [TEST_STEP][PASSED] - sendKeys(findTestObject("ADMIN/Edit Text/Bespoke/Buyer Pages/Checkout Delivery Details/input_ADDRESS_delivery-address"), "*"): Keys '*' sent to object: 'Object Repository/ADMIN/Edit Text/Bespoke/Buyer Pages/Checkout Delivery Details/input_ADDRESS_delivery-address'

2020-03-20 14:17:01 - [MESSAGE][PASSED] - Keys '*' sent to object: 'Object Repository/ADMIN/Edit Text/Bespoke/Buyer Pages/Checkout Delivery Details/input_ADDRESS_delivery-address'

2020-03-20 14:17:01 - [TEST_STEP][PASSED] - sendKeys(findTestObject("ADMIN/Edit Text/Bespoke/Buyer Pages/Checkout Delivery Details/input_POSTAL CODE_delivery-postal-code"), "*"): Keys '*' sent to object: 'Object Repository/ADMIN/Edit Text/Bespoke/Buyer Pages/Checkout Delivery Details/input_POSTAL CODE_delivery-postal-code'

2020-03-20 14:17:01 - [MESSAGE][PASSED] - Keys '*' sent to object: 'Object Repository/ADMIN/Edit Text/Bespoke/Buyer Pages/Checkout Delivery Details/input_POSTAL CODE_delivery-postal-code'

2020-03-20 14:17:01 - [TEST_STEP][PASSED] - sendKeys(findTestObject("ADMIN/Edit Text/Bespoke/Buyer Pages/Checkout Delivery Details/input_SAVE_btn_save"), "*"): Keys '*' sent to object: 'Object Repository/ADMIN/Edit Text/Bespoke/Buyer Pages/Checkout Delivery Details/input_SAVE_btn_save'

2020-03-20 14:17:01 - [MESSAGE][PASSED] - Keys '*' sent to object: 'Object Repository/ADMIN/Edit Text/Bespoke/Buyer Pages/Checkout Delivery Details/input_SAVE_btn_save'

2020-03-20 14:17:01 - [TEST_STEP][PASSED] - sendKeys(findTestObject("ADMIN/Edit Text/Bespoke/Buyer Pages/Checkout Delivery Details/input_NEXT_btn_next"), "*"): Keys '*' sent to object: 'Object Repository/ADMIN/Edit Text/Bespoke/Buyer Pages/Checkout Delivery Details/input_NEXT_btn_next'

2020-03-20 14:17:03 - [MESSAGE][PASSED] - Keys '*' sent to object: 'Object Repository/ADMIN/Edit Text/Bespoke/Buyer Pages/Checkout Delivery Details/input_NEXT_btn_next'

2020-03-20 14:17:03 - [TEST_STEP][PASSED] - sendKeys(findTestObject("ADMIN/Edit Text/Bespoke/Buyer Pages/Checkout Delivery Details/input_REMOVE ITEM_popup-title"), "*"): Keys '*' sent to object: 'Object Repository/ADMIN/Edit Text/Bespoke/Buyer Pages/Checkout Delivery Details/input_REMOVE ITEM_popup-title'

2020-03-20 14:17:03 - [MESSAGE][PASSED] - Keys '*' sent to object: 'Object Repository/ADMIN/Edit Text/Bespoke/Buyer Pages/Checkout Delivery Details/input_REMOVE ITEM_popup-title'

2020-03-20 14:17:03 - [TEST_STEP][PASSED] - sendKeys(findTestObject("ADMIN/Edit Text/Bespoke/Buyer Pages/Checkout Delivery Details/textarea_You sure about removing this item from your list (Itll be gone forever)"), "*"): Keys '*' sent to object: 'Object Repository/ADMIN/Edit Text/Bespoke/Buyer Pages/Checkout Delivery Details/textarea_You sure about removing this item from your list (Itll be gone forever)'

2020-03-20 14:17:03 - [MESSAGE][PASSED] - Keys '*' sent to object: 'Object Repository/ADMIN/Edit Text/Bespoke/Buyer Pages/Checkout Delivery Details/textarea_You sure about removing this item from your list (Itll be gone forever)'

2020-03-20 14:17:03 - [TEST_STEP][PASSED] - sendKeys(findTestObject("ADMIN/Edit Text/Bespoke/Buyer Pages/Checkout Delivery Details/input_CANCEL_btn_cancel"), "*"): Keys '*' sent to object: 'Object Repository/ADMIN/Edit Text/Bespoke/Buyer Pages/Checkout Delivery Details/input_CANCEL_btn_cancel'

2020-03-20 14:17:03 - [MESSAGE][PASSED] - Keys '*' sent to object: 'Object Repository/ADMIN/Edit Text/Bespoke/Buyer Pages/Checkout Delivery Details/input_CANCEL_btn_cancel'

2020-03-20 14:17:03 - [TEST_STEP][PASSED] - sendKeys(findTestObject("ADMIN/Edit Text/Bespoke/Buyer Pages/Checkout Delivery Details/input_Okay_btn_okay"), "*"): Keys '*' sent to object: 'Object Repository/ADMIN/Edit Text/Bespoke/Buyer Pages/Checkout Delivery Details/input_Okay_btn_okay'

2020-03-20 14:17:03 - [MESSAGE][PASSED] - Keys '*' sent to object: 'Object Repository/ADMIN/Edit Text/Bespoke/Buyer Pages/Checkout Delivery Details/input_Okay_btn_okay'

2020-03-20 14:17:03 - [TEST_STEP][PASSED] - click(findTestObject("ADMIN/Edit Text/Bespoke/Buyer Pages/Homepage/button_save"), CONTINUE_ON_FAILURE): Object: 'Object Repository/ADMIN/Edit Text/Bespoke/Buyer Pages/Homepage/button_save' is clicked on

2020-03-20 14:17:04 - [MESSAGE][PASSED] - Object: 'Object Repository/ADMIN/Edit Text/Bespoke/Buyer Pages/Homepage/button_save' is clicked on

2020-03-20 14:17:04 - [TEST_STEP][PASSED] - waitForElementVisible(findTestObject("ADMIN/Edit Text/Bespoke/Buyer Pages/Homepage/toaster_success"), 0): Object 'Object Repository/ADMIN/Edit Text/Bespoke/Buyer Pages/Homepage/toaster_success' is visible

2020-03-20 14:17:04 - [MESSAGE][WARNING] - Timeout '0' is invalid. Using default page load timeout: '30'

2020-03-20 14:17:04 - [MESSAGE][PASSED] - Object 'Object Repository/ADMIN/Edit Text/Bespoke/Buyer Pages/Homepage/toaster_success' is visible]]></system-out>
         <system-err><![CDATA[]]></system-err>
      </testcase>
      <testcase name="Test Cases/ADMIN/Language/Edit Text/Bespoke/Buyer Pages/Checkout Delivery" time="8.577" classname="Test Cases/ADMIN/Language/Edit Text/Bespoke/Buyer Pages/Checkout Delivery" status="PASSED">
         <system-out><![CDATA[2020-03-20 14:17:04 - [TEST_CASE][PASSED] - Test Cases/ADMIN/Language/Edit Text/Bespoke/Buyer Pages/Checkout Delivery: Test Cases/ADMIN/Language/Edit Text/Bespoke/Buyer Pages/Checkout Delivery

2020-03-20 14:17:04 - [TEST_STEP][PASSED] - waitForElementVisible(findTestObject("ADMIN/Edit Text/Bespoke/Buyer Navigation/dd_language"), 0): Object 'Object Repository/ADMIN/Edit Text/Bespoke/Buyer Navigation/dd_language' is visible

2020-03-20 14:17:04 - [MESSAGE][WARNING] - Timeout '0' is invalid. Using default page load timeout: '30'

2020-03-20 14:17:05 - [MESSAGE][PASSED] - Object 'Object Repository/ADMIN/Edit Text/Bespoke/Buyer Navigation/dd_language' is visible

2020-03-20 14:17:05 - [TEST_STEP][PASSED] - selectOptionByLabel(findTestObject("ADMIN/Edit Text/Bespoke/Buyer Navigation/dd_language"), varLanguage, false): All options with label 'Chinese (Traditional)' are selected in object 'Object Repository/ADMIN/Edit Text/Bespoke/Buyer Navigation/dd_language' 

2020-03-20 14:17:06 - [MESSAGE][PASSED] - All options with label 'Chinese (Traditional)' are selected in object 'Object Repository/ADMIN/Edit Text/Bespoke/Buyer Navigation/dd_language' 

2020-03-20 14:17:06 - [TEST_STEP][PASSED] - sendKeys(findTestObject("ADMIN/Edit Text/Bespoke/Buyer Pages/Checkout Delivery Details/input_DELIVERY_tab-title"), "*"): Keys '*' sent to object: 'Object Repository/ADMIN/Edit Text/Bespoke/Buyer Pages/Checkout Delivery Details/input_DELIVERY_tab-title'

2020-03-20 14:17:06 - [MESSAGE][PASSED] - Keys '*' sent to object: 'Object Repository/ADMIN/Edit Text/Bespoke/Buyer Pages/Checkout Delivery Details/input_DELIVERY_tab-title'

2020-03-20 14:17:06 - [TEST_STEP][PASSED] - sendKeys(findTestObject("ADMIN/Edit Text/Bespoke/Buyer Pages/Checkout Delivery Details/input_REVIEW_tab-title"), "*"): Keys '*' sent to object: 'Object Repository/ADMIN/Edit Text/Bespoke/Buyer Pages/Checkout Delivery Details/input_REVIEW_tab-title'

2020-03-20 14:17:06 - [MESSAGE][PASSED] - Keys '*' sent to object: 'Object Repository/ADMIN/Edit Text/Bespoke/Buyer Pages/Checkout Delivery Details/input_REVIEW_tab-title'

2020-03-20 14:17:06 - [TEST_STEP][PASSED] - sendKeys(findTestObject("ADMIN/Edit Text/Bespoke/Buyer Pages/Checkout Delivery Details/input_PAY_tab-title"), "*"): Keys '*' sent to object: 'Object Repository/ADMIN/Edit Text/Bespoke/Buyer Pages/Checkout Delivery Details/input_PAY_tab-title'

2020-03-20 14:17:06 - [MESSAGE][PASSED] - Keys '*' sent to object: 'Object Repository/ADMIN/Edit Text/Bespoke/Buyer Pages/Checkout Delivery Details/input_PAY_tab-title'

2020-03-20 14:17:06 - [TEST_STEP][PASSED] - sendKeys(findTestObject("ADMIN/Edit Text/Bespoke/Buyer Pages/Checkout Delivery Details/input_Already registered with us_guest-info-txt"), "*"): Keys '*' sent to object: 'Object Repository/ADMIN/Edit Text/Bespoke/Buyer Pages/Checkout Delivery Details/input_Already registered with us_guest-info-txt'

2020-03-20 14:17:07 - [MESSAGE][PASSED] - Keys '*' sent to object: 'Object Repository/ADMIN/Edit Text/Bespoke/Buyer Pages/Checkout Delivery Details/input_Already registered with us_guest-info-txt'

2020-03-20 14:17:07 - [TEST_STEP][PASSED] - sendKeys(findTestObject("ADMIN/Edit Text/Bespoke/Buyer Pages/Checkout Delivery Details/input_SIGN IN NOW_btn_next"), "*"): Keys '*' sent to object: 'Object Repository/ADMIN/Edit Text/Bespoke/Buyer Pages/Checkout Delivery Details/input_SIGN IN NOW_btn_next'

2020-03-20 14:17:07 - [MESSAGE][PASSED] - Keys '*' sent to object: 'Object Repository/ADMIN/Edit Text/Bespoke/Buyer Pages/Checkout Delivery Details/input_SIGN IN NOW_btn_next'

2020-03-20 14:17:07 - [TEST_STEP][PASSED] - sendKeys(findTestObject("ADMIN/Edit Text/Bespoke/Buyer Pages/Checkout Delivery Details/input_FIRST NAME_first-name"), "*"): Keys '*' sent to object: 'Object Repository/ADMIN/Edit Text/Bespoke/Buyer Pages/Checkout Delivery Details/input_FIRST NAME_first-name'

2020-03-20 14:17:07 - [MESSAGE][PASSED] - Keys '*' sent to object: 'Object Repository/ADMIN/Edit Text/Bespoke/Buyer Pages/Checkout Delivery Details/input_FIRST NAME_first-name'

2020-03-20 14:17:07 - [TEST_STEP][PASSED] - sendKeys(findTestObject("ADMIN/Edit Text/Bespoke/Buyer Pages/Checkout Delivery Details/input_LAST NAME_last-name"), "*"): Keys '*' sent to object: 'Object Repository/ADMIN/Edit Text/Bespoke/Buyer Pages/Checkout Delivery Details/input_LAST NAME_last-name'

2020-03-20 14:17:08 - [MESSAGE][PASSED] - Keys '*' sent to object: 'Object Repository/ADMIN/Edit Text/Bespoke/Buyer Pages/Checkout Delivery Details/input_LAST NAME_last-name'

2020-03-20 14:17:08 - [TEST_STEP][PASSED] - sendKeys(findTestObject("ADMIN/Edit Text/Bespoke/Buyer Pages/Checkout Delivery Details/input_NOTIFICATION EMAIL_notification-email"), "*"): Keys '*' sent to object: 'Object Repository/ADMIN/Edit Text/Bespoke/Buyer Pages/Checkout Delivery Details/input_NOTIFICATION EMAIL_notification-email'

2020-03-20 14:17:08 - [MESSAGE][PASSED] - Keys '*' sent to object: 'Object Repository/ADMIN/Edit Text/Bespoke/Buyer Pages/Checkout Delivery Details/input_NOTIFICATION EMAIL_notification-email'

2020-03-20 14:17:08 - [TEST_STEP][PASSED] - sendKeys(findTestObject("ADMIN/Edit Text/Bespoke/Buyer Pages/Checkout Delivery Details/input_CONTACT NUMBER_contact-number"), "*"): Keys '*' sent to object: 'Object Repository/ADMIN/Edit Text/Bespoke/Buyer Pages/Checkout Delivery Details/input_CONTACT NUMBER_contact-number'

2020-03-20 14:17:08 - [MESSAGE][PASSED] - Keys '*' sent to object: 'Object Repository/ADMIN/Edit Text/Bespoke/Buyer Pages/Checkout Delivery Details/input_CONTACT NUMBER_contact-number'

2020-03-20 14:17:08 - [TEST_STEP][PASSED] - sendKeys(findTestObject("ADMIN/Edit Text/Bespoke/Buyer Pages/Checkout Delivery Details/input_ADD NEW_btn_add"), "*"): Keys '*' sent to object: 'Object Repository/ADMIN/Edit Text/Bespoke/Buyer Pages/Checkout Delivery Details/input_ADD NEW_btn_add'

2020-03-20 14:17:08 - [MESSAGE][PASSED] - Keys '*' sent to object: 'Object Repository/ADMIN/Edit Text/Bespoke/Buyer Pages/Checkout Delivery Details/input_ADD NEW_btn_add'

2020-03-20 14:17:08 - [TEST_STEP][PASSED] - sendKeys(findTestObject("ADMIN/Edit Text/Bespoke/Buyer Pages/Checkout Delivery Details/input_SELECT ADDRESS_btn_select"), "*"): Keys '*' sent to object: 'Object Repository/ADMIN/Edit Text/Bespoke/Buyer Pages/Checkout Delivery Details/input_SELECT ADDRESS_btn_select'

2020-03-20 14:17:08 - [MESSAGE][PASSED] - Keys '*' sent to object: 'Object Repository/ADMIN/Edit Text/Bespoke/Buyer Pages/Checkout Delivery Details/input_SELECT ADDRESS_btn_select'

2020-03-20 14:17:08 - [TEST_STEP][PASSED] - sendKeys(findTestObject("ADMIN/Edit Text/Bespoke/Buyer Pages/Checkout Delivery Details/input_SELECTED_btn_selected"), "*"): Keys '*' sent to object: 'Object Repository/ADMIN/Edit Text/Bespoke/Buyer Pages/Checkout Delivery Details/input_SELECTED_btn_selected'

2020-03-20 14:17:09 - [MESSAGE][PASSED] - Keys '*' sent to object: 'Object Repository/ADMIN/Edit Text/Bespoke/Buyer Pages/Checkout Delivery Details/input_SELECTED_btn_selected'

2020-03-20 14:17:09 - [TEST_STEP][PASSED] - sendKeys(findTestObject("ADMIN/Edit Text/Bespoke/Buyer Pages/Checkout Delivery Details/input_ADDRESSEE FIRST NAME_addressee-first-name"), "*"): Keys '*' sent to object: 'Object Repository/ADMIN/Edit Text/Bespoke/Buyer Pages/Checkout Delivery Details/input_ADDRESSEE FIRST NAME_addressee-first-name'

2020-03-20 14:17:09 - [MESSAGE][PASSED] - Keys '*' sent to object: 'Object Repository/ADMIN/Edit Text/Bespoke/Buyer Pages/Checkout Delivery Details/input_ADDRESSEE FIRST NAME_addressee-first-name'

2020-03-20 14:17:09 - [TEST_STEP][PASSED] - sendKeys(findTestObject("ADMIN/Edit Text/Bespoke/Buyer Pages/Checkout Delivery Details/input_ADDRESSEE LAST NAME_addressee-last-name"), "*"): Keys '*' sent to object: 'Object Repository/ADMIN/Edit Text/Bespoke/Buyer Pages/Checkout Delivery Details/input_ADDRESSEE LAST NAME_addressee-last-name'

2020-03-20 14:17:09 - [MESSAGE][PASSED] - Keys '*' sent to object: 'Object Repository/ADMIN/Edit Text/Bespoke/Buyer Pages/Checkout Delivery Details/input_ADDRESSEE LAST NAME_addressee-last-name'

2020-03-20 14:17:09 - [TEST_STEP][PASSED] - sendKeys(findTestObject("ADMIN/Edit Text/Bespoke/Buyer Pages/Checkout Delivery Details/input_COUNTRY_delivery-country"), "*"): Keys '*' sent to object: 'Object Repository/ADMIN/Edit Text/Bespoke/Buyer Pages/Checkout Delivery Details/input_COUNTRY_delivery-country'

2020-03-20 14:17:09 - [MESSAGE][PASSED] - Keys '*' sent to object: 'Object Repository/ADMIN/Edit Text/Bespoke/Buyer Pages/Checkout Delivery Details/input_COUNTRY_delivery-country'

2020-03-20 14:17:09 - [TEST_STEP][PASSED] - sendKeys(findTestObject("ADMIN/Edit Text/Bespoke/Buyer Pages/Checkout Delivery Details/input_State_delivery-state"), "*"): Keys '*' sent to object: 'Object Repository/ADMIN/Edit Text/Bespoke/Buyer Pages/Checkout Delivery Details/input_State_delivery-state'

2020-03-20 14:17:09 - [MESSAGE][PASSED] - Keys '*' sent to object: 'Object Repository/ADMIN/Edit Text/Bespoke/Buyer Pages/Checkout Delivery Details/input_State_delivery-state'

2020-03-20 14:17:09 - [TEST_STEP][PASSED] - sendKeys(findTestObject("ADMIN/Edit Text/Bespoke/Buyer Pages/Checkout Delivery Details/input_CITY_delivery-city"), "*"): Keys '*' sent to object: 'Object Repository/ADMIN/Edit Text/Bespoke/Buyer Pages/Checkout Delivery Details/input_CITY_delivery-city'

2020-03-20 14:17:10 - [MESSAGE][PASSED] - Keys '*' sent to object: 'Object Repository/ADMIN/Edit Text/Bespoke/Buyer Pages/Checkout Delivery Details/input_CITY_delivery-city'

2020-03-20 14:17:10 - [TEST_STEP][PASSED] - sendKeys(findTestObject("ADMIN/Edit Text/Bespoke/Buyer Pages/Checkout Delivery Details/input_ADDRESS_delivery-address"), "*"): Keys '*' sent to object: 'Object Repository/ADMIN/Edit Text/Bespoke/Buyer Pages/Checkout Delivery Details/input_ADDRESS_delivery-address'

2020-03-20 14:17:10 - [MESSAGE][PASSED] - Keys '*' sent to object: 'Object Repository/ADMIN/Edit Text/Bespoke/Buyer Pages/Checkout Delivery Details/input_ADDRESS_delivery-address'

2020-03-20 14:17:10 - [TEST_STEP][PASSED] - sendKeys(findTestObject("ADMIN/Edit Text/Bespoke/Buyer Pages/Checkout Delivery Details/input_POSTAL CODE_delivery-postal-code"), "*"): Keys '*' sent to object: 'Object Repository/ADMIN/Edit Text/Bespoke/Buyer Pages/Checkout Delivery Details/input_POSTAL CODE_delivery-postal-code'

2020-03-20 14:17:10 - [MESSAGE][PASSED] - Keys '*' sent to object: 'Object Repository/ADMIN/Edit Text/Bespoke/Buyer Pages/Checkout Delivery Details/input_POSTAL CODE_delivery-postal-code'

2020-03-20 14:17:10 - [TEST_STEP][PASSED] - sendKeys(findTestObject("ADMIN/Edit Text/Bespoke/Buyer Pages/Checkout Delivery Details/input_SAVE_btn_save"), "*"): Keys '*' sent to object: 'Object Repository/ADMIN/Edit Text/Bespoke/Buyer Pages/Checkout Delivery Details/input_SAVE_btn_save'

2020-03-20 14:17:10 - [MESSAGE][PASSED] - Keys '*' sent to object: 'Object Repository/ADMIN/Edit Text/Bespoke/Buyer Pages/Checkout Delivery Details/input_SAVE_btn_save'

2020-03-20 14:17:10 - [TEST_STEP][PASSED] - sendKeys(findTestObject("ADMIN/Edit Text/Bespoke/Buyer Pages/Checkout Delivery Details/input_NEXT_btn_next"), "*"): Keys '*' sent to object: 'Object Repository/ADMIN/Edit Text/Bespoke/Buyer Pages/Checkout Delivery Details/input_NEXT_btn_next'

2020-03-20 14:17:10 - [MESSAGE][PASSED] - Keys '*' sent to object: 'Object Repository/ADMIN/Edit Text/Bespoke/Buyer Pages/Checkout Delivery Details/input_NEXT_btn_next'

2020-03-20 14:17:10 - [TEST_STEP][PASSED] - sendKeys(findTestObject("ADMIN/Edit Text/Bespoke/Buyer Pages/Checkout Delivery Details/input_REMOVE ITEM_popup-title"), "*"): Keys '*' sent to object: 'Object Repository/ADMIN/Edit Text/Bespoke/Buyer Pages/Checkout Delivery Details/input_REMOVE ITEM_popup-title'

2020-03-20 14:17:11 - [MESSAGE][PASSED] - Keys '*' sent to object: 'Object Repository/ADMIN/Edit Text/Bespoke/Buyer Pages/Checkout Delivery Details/input_REMOVE ITEM_popup-title'

2020-03-20 14:17:11 - [TEST_STEP][PASSED] - sendKeys(findTestObject("ADMIN/Edit Text/Bespoke/Buyer Pages/Checkout Delivery Details/textarea_You sure about removing this item from your list (Itll be gone forever)"), "*"): Keys '*' sent to object: 'Object Repository/ADMIN/Edit Text/Bespoke/Buyer Pages/Checkout Delivery Details/textarea_You sure about removing this item from your list (Itll be gone forever)'

2020-03-20 14:17:11 - [MESSAGE][PASSED] - Keys '*' sent to object: 'Object Repository/ADMIN/Edit Text/Bespoke/Buyer Pages/Checkout Delivery Details/textarea_You sure about removing this item from your list (Itll be gone forever)'

2020-03-20 14:17:11 - [TEST_STEP][PASSED] - sendKeys(findTestObject("ADMIN/Edit Text/Bespoke/Buyer Pages/Checkout Delivery Details/input_CANCEL_btn_cancel"), "*"): Keys '*' sent to object: 'Object Repository/ADMIN/Edit Text/Bespoke/Buyer Pages/Checkout Delivery Details/input_CANCEL_btn_cancel'

2020-03-20 14:17:11 - [MESSAGE][PASSED] - Keys '*' sent to object: 'Object Repository/ADMIN/Edit Text/Bespoke/Buyer Pages/Checkout Delivery Details/input_CANCEL_btn_cancel'

2020-03-20 14:17:11 - [TEST_STEP][PASSED] - sendKeys(findTestObject("ADMIN/Edit Text/Bespoke/Buyer Pages/Checkout Delivery Details/input_Okay_btn_okay"), "*"): Keys '*' sent to object: 'Object Repository/ADMIN/Edit Text/Bespoke/Buyer Pages/Checkout Delivery Details/input_Okay_btn_okay'

2020-03-20 14:17:11 - [MESSAGE][PASSED] - Keys '*' sent to object: 'Object Repository/ADMIN/Edit Text/Bespoke/Buyer Pages/Checkout Delivery Details/input_Okay_btn_okay'

2020-03-20 14:17:11 - [TEST_STEP][PASSED] - click(findTestObject("ADMIN/Edit Text/Bespoke/Buyer Pages/Homepage/button_save"), CONTINUE_ON_FAILURE): Object: 'Object Repository/ADMIN/Edit Text/Bespoke/Buyer Pages/Homepage/button_save' is clicked on

2020-03-20 14:17:12 - [MESSAGE][PASSED] - Object: 'Object Repository/ADMIN/Edit Text/Bespoke/Buyer Pages/Homepage/button_save' is clicked on

2020-03-20 14:17:12 - [TEST_STEP][PASSED] - waitForElementVisible(findTestObject("ADMIN/Edit Text/Bespoke/Buyer Pages/Homepage/toaster_success"), 0): Object 'Object Repository/ADMIN/Edit Text/Bespoke/Buyer Pages/Homepage/toaster_success' is visible

2020-03-20 14:17:12 - [MESSAGE][WARNING] - Timeout '0' is invalid. Using default page load timeout: '30'

2020-03-20 14:17:13 - [MESSAGE][PASSED] - Object 'Object Repository/ADMIN/Edit Text/Bespoke/Buyer Pages/Homepage/toaster_success' is visible]]></system-out>
         <system-err><![CDATA[]]></system-err>
      </testcase>
      <testcase name="Test Cases/ADMIN/Language/Edit Text/Bespoke/Buyer Pages/Checkout Delivery" time="9.892" classname="Test Cases/ADMIN/Language/Edit Text/Bespoke/Buyer Pages/Checkout Delivery" status="PASSED">
         <system-out><![CDATA[2020-03-20 14:17:13 - [TEST_CASE][PASSED] - Test Cases/ADMIN/Language/Edit Text/Bespoke/Buyer Pages/Checkout Delivery: Test Cases/ADMIN/Language/Edit Text/Bespoke/Buyer Pages/Checkout Delivery

2020-03-20 14:17:13 - [TEST_STEP][PASSED] - waitForElementVisible(findTestObject("ADMIN/Edit Text/Bespoke/Buyer Navigation/dd_language"), 0): Object 'Object Repository/ADMIN/Edit Text/Bespoke/Buyer Navigation/dd_language' is visible

2020-03-20 14:17:13 - [MESSAGE][WARNING] - Timeout '0' is invalid. Using default page load timeout: '30'

2020-03-20 14:17:13 - [MESSAGE][PASSED] - Object 'Object Repository/ADMIN/Edit Text/Bespoke/Buyer Navigation/dd_language' is visible

2020-03-20 14:17:13 - [TEST_STEP][PASSED] - selectOptionByLabel(findTestObject("ADMIN/Edit Text/Bespoke/Buyer Navigation/dd_language"), varLanguage, false): All options with label 'Portuguese' are selected in object 'Object Repository/ADMIN/Edit Text/Bespoke/Buyer Navigation/dd_language' 

2020-03-20 14:17:15 - [MESSAGE][PASSED] - All options with label 'Portuguese' are selected in object 'Object Repository/ADMIN/Edit Text/Bespoke/Buyer Navigation/dd_language' 

2020-03-20 14:17:15 - [TEST_STEP][PASSED] - sendKeys(findTestObject("ADMIN/Edit Text/Bespoke/Buyer Pages/Checkout Delivery Details/input_DELIVERY_tab-title"), "*"): Keys '*' sent to object: 'Object Repository/ADMIN/Edit Text/Bespoke/Buyer Pages/Checkout Delivery Details/input_DELIVERY_tab-title'

2020-03-20 14:17:15 - [MESSAGE][PASSED] - Keys '*' sent to object: 'Object Repository/ADMIN/Edit Text/Bespoke/Buyer Pages/Checkout Delivery Details/input_DELIVERY_tab-title'

2020-03-20 14:17:15 - [TEST_STEP][PASSED] - sendKeys(findTestObject("ADMIN/Edit Text/Bespoke/Buyer Pages/Checkout Delivery Details/input_REVIEW_tab-title"), "*"): Keys '*' sent to object: 'Object Repository/ADMIN/Edit Text/Bespoke/Buyer Pages/Checkout Delivery Details/input_REVIEW_tab-title'

2020-03-20 14:17:15 - [MESSAGE][PASSED] - Keys '*' sent to object: 'Object Repository/ADMIN/Edit Text/Bespoke/Buyer Pages/Checkout Delivery Details/input_REVIEW_tab-title'

2020-03-20 14:17:15 - [TEST_STEP][PASSED] - sendKeys(findTestObject("ADMIN/Edit Text/Bespoke/Buyer Pages/Checkout Delivery Details/input_PAY_tab-title"), "*"): Keys '*' sent to object: 'Object Repository/ADMIN/Edit Text/Bespoke/Buyer Pages/Checkout Delivery Details/input_PAY_tab-title'

2020-03-20 14:17:16 - [MESSAGE][PASSED] - Keys '*' sent to object: 'Object Repository/ADMIN/Edit Text/Bespoke/Buyer Pages/Checkout Delivery Details/input_PAY_tab-title'

2020-03-20 14:17:16 - [TEST_STEP][PASSED] - sendKeys(findTestObject("ADMIN/Edit Text/Bespoke/Buyer Pages/Checkout Delivery Details/input_Already registered with us_guest-info-txt"), "*"): Keys '*' sent to object: 'Object Repository/ADMIN/Edit Text/Bespoke/Buyer Pages/Checkout Delivery Details/input_Already registered with us_guest-info-txt'

2020-03-20 14:17:16 - [MESSAGE][PASSED] - Keys '*' sent to object: 'Object Repository/ADMIN/Edit Text/Bespoke/Buyer Pages/Checkout Delivery Details/input_Already registered with us_guest-info-txt'

2020-03-20 14:17:16 - [TEST_STEP][PASSED] - sendKeys(findTestObject("ADMIN/Edit Text/Bespoke/Buyer Pages/Checkout Delivery Details/input_SIGN IN NOW_btn_next"), "*"): Keys '*' sent to object: 'Object Repository/ADMIN/Edit Text/Bespoke/Buyer Pages/Checkout Delivery Details/input_SIGN IN NOW_btn_next'

2020-03-20 14:17:16 - [MESSAGE][PASSED] - Keys '*' sent to object: 'Object Repository/ADMIN/Edit Text/Bespoke/Buyer Pages/Checkout Delivery Details/input_SIGN IN NOW_btn_next'

2020-03-20 14:17:16 - [TEST_STEP][PASSED] - sendKeys(findTestObject("ADMIN/Edit Text/Bespoke/Buyer Pages/Checkout Delivery Details/input_FIRST NAME_first-name"), "*"): Keys '*' sent to object: 'Object Repository/ADMIN/Edit Text/Bespoke/Buyer Pages/Checkout Delivery Details/input_FIRST NAME_first-name'

2020-03-20 14:17:16 - [MESSAGE][PASSED] - Keys '*' sent to object: 'Object Repository/ADMIN/Edit Text/Bespoke/Buyer Pages/Checkout Delivery Details/input_FIRST NAME_first-name'

2020-03-20 14:17:16 - [TEST_STEP][PASSED] - sendKeys(findTestObject("ADMIN/Edit Text/Bespoke/Buyer Pages/Checkout Delivery Details/input_LAST NAME_last-name"), "*"): Keys '*' sent to object: 'Object Repository/ADMIN/Edit Text/Bespoke/Buyer Pages/Checkout Delivery Details/input_LAST NAME_last-name'

2020-03-20 14:17:17 - [MESSAGE][PASSED] - Keys '*' sent to object: 'Object Repository/ADMIN/Edit Text/Bespoke/Buyer Pages/Checkout Delivery Details/input_LAST NAME_last-name'

2020-03-20 14:17:17 - [TEST_STEP][PASSED] - sendKeys(findTestObject("ADMIN/Edit Text/Bespoke/Buyer Pages/Checkout Delivery Details/input_NOTIFICATION EMAIL_notification-email"), "*"): Keys '*' sent to object: 'Object Repository/ADMIN/Edit Text/Bespoke/Buyer Pages/Checkout Delivery Details/input_NOTIFICATION EMAIL_notification-email'

2020-03-20 14:17:17 - [MESSAGE][PASSED] - Keys '*' sent to object: 'Object Repository/ADMIN/Edit Text/Bespoke/Buyer Pages/Checkout Delivery Details/input_NOTIFICATION EMAIL_notification-email'

2020-03-20 14:17:17 - [TEST_STEP][PASSED] - sendKeys(findTestObject("ADMIN/Edit Text/Bespoke/Buyer Pages/Checkout Delivery Details/input_CONTACT NUMBER_contact-number"), "*"): Keys '*' sent to object: 'Object Repository/ADMIN/Edit Text/Bespoke/Buyer Pages/Checkout Delivery Details/input_CONTACT NUMBER_contact-number'

2020-03-20 14:17:17 - [MESSAGE][PASSED] - Keys '*' sent to object: 'Object Repository/ADMIN/Edit Text/Bespoke/Buyer Pages/Checkout Delivery Details/input_CONTACT NUMBER_contact-number'

2020-03-20 14:17:17 - [TEST_STEP][PASSED] - sendKeys(findTestObject("ADMIN/Edit Text/Bespoke/Buyer Pages/Checkout Delivery Details/input_ADD NEW_btn_add"), "*"): Keys '*' sent to object: 'Object Repository/ADMIN/Edit Text/Bespoke/Buyer Pages/Checkout Delivery Details/input_ADD NEW_btn_add'

2020-03-20 14:17:17 - [MESSAGE][PASSED] - Keys '*' sent to object: 'Object Repository/ADMIN/Edit Text/Bespoke/Buyer Pages/Checkout Delivery Details/input_ADD NEW_btn_add'

2020-03-20 14:17:17 - [TEST_STEP][PASSED] - sendKeys(findTestObject("ADMIN/Edit Text/Bespoke/Buyer Pages/Checkout Delivery Details/input_SELECT ADDRESS_btn_select"), "*"): Keys '*' sent to object: 'Object Repository/ADMIN/Edit Text/Bespoke/Buyer Pages/Checkout Delivery Details/input_SELECT ADDRESS_btn_select'

2020-03-20 14:17:18 - [MESSAGE][PASSED] - Keys '*' sent to object: 'Object Repository/ADMIN/Edit Text/Bespoke/Buyer Pages/Checkout Delivery Details/input_SELECT ADDRESS_btn_select'

2020-03-20 14:17:18 - [TEST_STEP][PASSED] - sendKeys(findTestObject("ADMIN/Edit Text/Bespoke/Buyer Pages/Checkout Delivery Details/input_SELECTED_btn_selected"), "*"): Keys '*' sent to object: 'Object Repository/ADMIN/Edit Text/Bespoke/Buyer Pages/Checkout Delivery Details/input_SELECTED_btn_selected'

2020-03-20 14:17:18 - [MESSAGE][PASSED] - Keys '*' sent to object: 'Object Repository/ADMIN/Edit Text/Bespoke/Buyer Pages/Checkout Delivery Details/input_SELECTED_btn_selected'

2020-03-20 14:17:18 - [TEST_STEP][PASSED] - sendKeys(findTestObject("ADMIN/Edit Text/Bespoke/Buyer Pages/Checkout Delivery Details/input_ADDRESSEE FIRST NAME_addressee-first-name"), "*"): Keys '*' sent to object: 'Object Repository/ADMIN/Edit Text/Bespoke/Buyer Pages/Checkout Delivery Details/input_ADDRESSEE FIRST NAME_addressee-first-name'

2020-03-20 14:17:18 - [MESSAGE][PASSED] - Keys '*' sent to object: 'Object Repository/ADMIN/Edit Text/Bespoke/Buyer Pages/Checkout Delivery Details/input_ADDRESSEE FIRST NAME_addressee-first-name'

2020-03-20 14:17:18 - [TEST_STEP][PASSED] - sendKeys(findTestObject("ADMIN/Edit Text/Bespoke/Buyer Pages/Checkout Delivery Details/input_ADDRESSEE LAST NAME_addressee-last-name"), "*"): Keys '*' sent to object: 'Object Repository/ADMIN/Edit Text/Bespoke/Buyer Pages/Checkout Delivery Details/input_ADDRESSEE LAST NAME_addressee-last-name'

2020-03-20 14:17:19 - [MESSAGE][PASSED] - Keys '*' sent to object: 'Object Repository/ADMIN/Edit Text/Bespoke/Buyer Pages/Checkout Delivery Details/input_ADDRESSEE LAST NAME_addressee-last-name'

2020-03-20 14:17:19 - [TEST_STEP][PASSED] - sendKeys(findTestObject("ADMIN/Edit Text/Bespoke/Buyer Pages/Checkout Delivery Details/input_COUNTRY_delivery-country"), "*"): Keys '*' sent to object: 'Object Repository/ADMIN/Edit Text/Bespoke/Buyer Pages/Checkout Delivery Details/input_COUNTRY_delivery-country'

2020-03-20 14:17:19 - [MESSAGE][PASSED] - Keys '*' sent to object: 'Object Repository/ADMIN/Edit Text/Bespoke/Buyer Pages/Checkout Delivery Details/input_COUNTRY_delivery-country'

2020-03-20 14:17:19 - [TEST_STEP][PASSED] - sendKeys(findTestObject("ADMIN/Edit Text/Bespoke/Buyer Pages/Checkout Delivery Details/input_State_delivery-state"), "*"): Keys '*' sent to object: 'Object Repository/ADMIN/Edit Text/Bespoke/Buyer Pages/Checkout Delivery Details/input_State_delivery-state'

2020-03-20 14:17:20 - [MESSAGE][PASSED] - Keys '*' sent to object: 'Object Repository/ADMIN/Edit Text/Bespoke/Buyer Pages/Checkout Delivery Details/input_State_delivery-state'

2020-03-20 14:17:20 - [TEST_STEP][PASSED] - sendKeys(findTestObject("ADMIN/Edit Text/Bespoke/Buyer Pages/Checkout Delivery Details/input_CITY_delivery-city"), "*"): Keys '*' sent to object: 'Object Repository/ADMIN/Edit Text/Bespoke/Buyer Pages/Checkout Delivery Details/input_CITY_delivery-city'

2020-03-20 14:17:20 - [MESSAGE][PASSED] - Keys '*' sent to object: 'Object Repository/ADMIN/Edit Text/Bespoke/Buyer Pages/Checkout Delivery Details/input_CITY_delivery-city'

2020-03-20 14:17:20 - [TEST_STEP][PASSED] - sendKeys(findTestObject("ADMIN/Edit Text/Bespoke/Buyer Pages/Checkout Delivery Details/input_ADDRESS_delivery-address"), "*"): Keys '*' sent to object: 'Object Repository/ADMIN/Edit Text/Bespoke/Buyer Pages/Checkout Delivery Details/input_ADDRESS_delivery-address'

2020-03-20 14:17:20 - [MESSAGE][PASSED] - Keys '*' sent to object: 'Object Repository/ADMIN/Edit Text/Bespoke/Buyer Pages/Checkout Delivery Details/input_ADDRESS_delivery-address'

2020-03-20 14:17:20 - [TEST_STEP][PASSED] - sendKeys(findTestObject("ADMIN/Edit Text/Bespoke/Buyer Pages/Checkout Delivery Details/input_POSTAL CODE_delivery-postal-code"), "*"): Keys '*' sent to object: 'Object Repository/ADMIN/Edit Text/Bespoke/Buyer Pages/Checkout Delivery Details/input_POSTAL CODE_delivery-postal-code'

2020-03-20 14:17:20 - [MESSAGE][PASSED] - Keys '*' sent to object: 'Object Repository/ADMIN/Edit Text/Bespoke/Buyer Pages/Checkout Delivery Details/input_POSTAL CODE_delivery-postal-code'

2020-03-20 14:17:20 - [TEST_STEP][PASSED] - sendKeys(findTestObject("ADMIN/Edit Text/Bespoke/Buyer Pages/Checkout Delivery Details/input_SAVE_btn_save"), "*"): Keys '*' sent to object: 'Object Repository/ADMIN/Edit Text/Bespoke/Buyer Pages/Checkout Delivery Details/input_SAVE_btn_save'

2020-03-20 14:17:21 - [MESSAGE][PASSED] - Keys '*' sent to object: 'Object Repository/ADMIN/Edit Text/Bespoke/Buyer Pages/Checkout Delivery Details/input_SAVE_btn_save'

2020-03-20 14:17:21 - [TEST_STEP][PASSED] - sendKeys(findTestObject("ADMIN/Edit Text/Bespoke/Buyer Pages/Checkout Delivery Details/input_NEXT_btn_next"), "*"): Keys '*' sent to object: 'Object Repository/ADMIN/Edit Text/Bespoke/Buyer Pages/Checkout Delivery Details/input_NEXT_btn_next'

2020-03-20 14:17:21 - [MESSAGE][PASSED] - Keys '*' sent to object: 'Object Repository/ADMIN/Edit Text/Bespoke/Buyer Pages/Checkout Delivery Details/input_NEXT_btn_next'

2020-03-20 14:17:21 - [TEST_STEP][PASSED] - sendKeys(findTestObject("ADMIN/Edit Text/Bespoke/Buyer Pages/Checkout Delivery Details/input_REMOVE ITEM_popup-title"), "*"): Keys '*' sent to object: 'Object Repository/ADMIN/Edit Text/Bespoke/Buyer Pages/Checkout Delivery Details/input_REMOVE ITEM_popup-title'

2020-03-20 14:17:21 - [MESSAGE][PASSED] - Keys '*' sent to object: 'Object Repository/ADMIN/Edit Text/Bespoke/Buyer Pages/Checkout Delivery Details/input_REMOVE ITEM_popup-title'

2020-03-20 14:17:21 - [TEST_STEP][PASSED] - sendKeys(findTestObject("ADMIN/Edit Text/Bespoke/Buyer Pages/Checkout Delivery Details/textarea_You sure about removing this item from your list (Itll be gone forever)"), "*"): Keys '*' sent to object: 'Object Repository/ADMIN/Edit Text/Bespoke/Buyer Pages/Checkout Delivery Details/textarea_You sure about removing this item from your list (Itll be gone forever)'

2020-03-20 14:17:21 - [MESSAGE][PASSED] - Keys '*' sent to object: 'Object Repository/ADMIN/Edit Text/Bespoke/Buyer Pages/Checkout Delivery Details/textarea_You sure about removing this item from your list (Itll be gone forever)'

2020-03-20 14:17:21 - [TEST_STEP][PASSED] - sendKeys(findTestObject("ADMIN/Edit Text/Bespoke/Buyer Pages/Checkout Delivery Details/input_CANCEL_btn_cancel"), "*"): Keys '*' sent to object: 'Object Repository/ADMIN/Edit Text/Bespoke/Buyer Pages/Checkout Delivery Details/input_CANCEL_btn_cancel'

2020-03-20 14:17:22 - [MESSAGE][PASSED] - Keys '*' sent to object: 'Object Repository/ADMIN/Edit Text/Bespoke/Buyer Pages/Checkout Delivery Details/input_CANCEL_btn_cancel'

2020-03-20 14:17:22 - [TEST_STEP][PASSED] - sendKeys(findTestObject("ADMIN/Edit Text/Bespoke/Buyer Pages/Checkout Delivery Details/input_Okay_btn_okay"), "*"): Keys '*' sent to object: 'Object Repository/ADMIN/Edit Text/Bespoke/Buyer Pages/Checkout Delivery Details/input_Okay_btn_okay'

2020-03-20 14:17:22 - [MESSAGE][PASSED] - Keys '*' sent to object: 'Object Repository/ADMIN/Edit Text/Bespoke/Buyer Pages/Checkout Delivery Details/input_Okay_btn_okay'

2020-03-20 14:17:22 - [TEST_STEP][PASSED] - click(findTestObject("ADMIN/Edit Text/Bespoke/Buyer Pages/Homepage/button_save"), CONTINUE_ON_FAILURE): Object: 'Object Repository/ADMIN/Edit Text/Bespoke/Buyer Pages/Homepage/button_save' is clicked on

2020-03-20 14:17:22 - [MESSAGE][PASSED] - Object: 'Object Repository/ADMIN/Edit Text/Bespoke/Buyer Pages/Homepage/button_save' is clicked on

2020-03-20 14:17:22 - [TEST_STEP][PASSED] - waitForElementVisible(findTestObject("ADMIN/Edit Text/Bespoke/Buyer Pages/Homepage/toaster_success"), 0): Object 'Object Repository/ADMIN/Edit Text/Bespoke/Buyer Pages/Homepage/toaster_success' is visible

2020-03-20 14:17:22 - [MESSAGE][WARNING] - Timeout '0' is invalid. Using default page load timeout: '30'

2020-03-20 14:17:23 - [MESSAGE][PASSED] - Object 'Object Repository/ADMIN/Edit Text/Bespoke/Buyer Pages/Homepage/toaster_success' is visible]]></system-out>
         <system-err><![CDATA[]]></system-err>
      </testcase>
      <testcase name="Test Cases/ADMIN/Language/Edit Text/Bespoke/Buyer Pages/Checkout Delivery" time="9.165" classname="Test Cases/ADMIN/Language/Edit Text/Bespoke/Buyer Pages/Checkout Delivery" status="PASSED">
         <system-out><![CDATA[2020-03-20 14:17:23 - [TEST_CASE][PASSED] - Test Cases/ADMIN/Language/Edit Text/Bespoke/Buyer Pages/Checkout Delivery: Test Cases/ADMIN/Language/Edit Text/Bespoke/Buyer Pages/Checkout Delivery

2020-03-20 14:17:23 - [TEST_STEP][PASSED] - waitForElementVisible(findTestObject("ADMIN/Edit Text/Bespoke/Buyer Navigation/dd_language"), 0): Object 'Object Repository/ADMIN/Edit Text/Bespoke/Buyer Navigation/dd_language' is visible

2020-03-20 14:17:23 - [MESSAGE][WARNING] - Timeout '0' is invalid. Using default page load timeout: '30'

2020-03-20 14:17:23 - [MESSAGE][PASSED] - Object 'Object Repository/ADMIN/Edit Text/Bespoke/Buyer Navigation/dd_language' is visible

2020-03-20 14:17:23 - [TEST_STEP][PASSED] - selectOptionByLabel(findTestObject("ADMIN/Edit Text/Bespoke/Buyer Navigation/dd_language"), varLanguage, false): All options with label 'Indonesian' are selected in object 'Object Repository/ADMIN/Edit Text/Bespoke/Buyer Navigation/dd_language' 

2020-03-20 14:17:24 - [MESSAGE][PASSED] - All options with label 'Indonesian' are selected in object 'Object Repository/ADMIN/Edit Text/Bespoke/Buyer Navigation/dd_language' 

2020-03-20 14:17:24 - [TEST_STEP][PASSED] - sendKeys(findTestObject("ADMIN/Edit Text/Bespoke/Buyer Pages/Checkout Delivery Details/input_DELIVERY_tab-title"), "*"): Keys '*' sent to object: 'Object Repository/ADMIN/Edit Text/Bespoke/Buyer Pages/Checkout Delivery Details/input_DELIVERY_tab-title'

2020-03-20 14:17:25 - [MESSAGE][PASSED] - Keys '*' sent to object: 'Object Repository/ADMIN/Edit Text/Bespoke/Buyer Pages/Checkout Delivery Details/input_DELIVERY_tab-title'

2020-03-20 14:17:25 - [TEST_STEP][PASSED] - sendKeys(findTestObject("ADMIN/Edit Text/Bespoke/Buyer Pages/Checkout Delivery Details/input_REVIEW_tab-title"), "*"): Keys '*' sent to object: 'Object Repository/ADMIN/Edit Text/Bespoke/Buyer Pages/Checkout Delivery Details/input_REVIEW_tab-title'

2020-03-20 14:17:26 - [MESSAGE][PASSED] - Keys '*' sent to object: 'Object Repository/ADMIN/Edit Text/Bespoke/Buyer Pages/Checkout Delivery Details/input_REVIEW_tab-title'

2020-03-20 14:17:26 - [TEST_STEP][PASSED] - sendKeys(findTestObject("ADMIN/Edit Text/Bespoke/Buyer Pages/Checkout Delivery Details/input_PAY_tab-title"), "*"): Keys '*' sent to object: 'Object Repository/ADMIN/Edit Text/Bespoke/Buyer Pages/Checkout Delivery Details/input_PAY_tab-title'

2020-03-20 14:17:26 - [MESSAGE][PASSED] - Keys '*' sent to object: 'Object Repository/ADMIN/Edit Text/Bespoke/Buyer Pages/Checkout Delivery Details/input_PAY_tab-title'

2020-03-20 14:17:26 - [TEST_STEP][PASSED] - sendKeys(findTestObject("ADMIN/Edit Text/Bespoke/Buyer Pages/Checkout Delivery Details/input_Already registered with us_guest-info-txt"), "*"): Keys '*' sent to object: 'Object Repository/ADMIN/Edit Text/Bespoke/Buyer Pages/Checkout Delivery Details/input_Already registered with us_guest-info-txt'

2020-03-20 14:17:26 - [MESSAGE][PASSED] - Keys '*' sent to object: 'Object Repository/ADMIN/Edit Text/Bespoke/Buyer Pages/Checkout Delivery Details/input_Already registered with us_guest-info-txt'

2020-03-20 14:17:26 - [TEST_STEP][PASSED] - sendKeys(findTestObject("ADMIN/Edit Text/Bespoke/Buyer Pages/Checkout Delivery Details/input_SIGN IN NOW_btn_next"), "*"): Keys '*' sent to object: 'Object Repository/ADMIN/Edit Text/Bespoke/Buyer Pages/Checkout Delivery Details/input_SIGN IN NOW_btn_next'

2020-03-20 14:17:26 - [MESSAGE][PASSED] - Keys '*' sent to object: 'Object Repository/ADMIN/Edit Text/Bespoke/Buyer Pages/Checkout Delivery Details/input_SIGN IN NOW_btn_next'

2020-03-20 14:17:26 - [TEST_STEP][PASSED] - sendKeys(findTestObject("ADMIN/Edit Text/Bespoke/Buyer Pages/Checkout Delivery Details/input_FIRST NAME_first-name"), "*"): Keys '*' sent to object: 'Object Repository/ADMIN/Edit Text/Bespoke/Buyer Pages/Checkout Delivery Details/input_FIRST NAME_first-name'

2020-03-20 14:17:26 - [MESSAGE][PASSED] - Keys '*' sent to object: 'Object Repository/ADMIN/Edit Text/Bespoke/Buyer Pages/Checkout Delivery Details/input_FIRST NAME_first-name'

2020-03-20 14:17:26 - [TEST_STEP][PASSED] - sendKeys(findTestObject("ADMIN/Edit Text/Bespoke/Buyer Pages/Checkout Delivery Details/input_LAST NAME_last-name"), "*"): Keys '*' sent to object: 'Object Repository/ADMIN/Edit Text/Bespoke/Buyer Pages/Checkout Delivery Details/input_LAST NAME_last-name'

2020-03-20 14:17:27 - [MESSAGE][PASSED] - Keys '*' sent to object: 'Object Repository/ADMIN/Edit Text/Bespoke/Buyer Pages/Checkout Delivery Details/input_LAST NAME_last-name'

2020-03-20 14:17:27 - [TEST_STEP][PASSED] - sendKeys(findTestObject("ADMIN/Edit Text/Bespoke/Buyer Pages/Checkout Delivery Details/input_NOTIFICATION EMAIL_notification-email"), "*"): Keys '*' sent to object: 'Object Repository/ADMIN/Edit Text/Bespoke/Buyer Pages/Checkout Delivery Details/input_NOTIFICATION EMAIL_notification-email'

2020-03-20 14:17:27 - [MESSAGE][PASSED] - Keys '*' sent to object: 'Object Repository/ADMIN/Edit Text/Bespoke/Buyer Pages/Checkout Delivery Details/input_NOTIFICATION EMAIL_notification-email'

2020-03-20 14:17:27 - [TEST_STEP][PASSED] - sendKeys(findTestObject("ADMIN/Edit Text/Bespoke/Buyer Pages/Checkout Delivery Details/input_CONTACT NUMBER_contact-number"), "*"): Keys '*' sent to object: 'Object Repository/ADMIN/Edit Text/Bespoke/Buyer Pages/Checkout Delivery Details/input_CONTACT NUMBER_contact-number'

2020-03-20 14:17:27 - [MESSAGE][PASSED] - Keys '*' sent to object: 'Object Repository/ADMIN/Edit Text/Bespoke/Buyer Pages/Checkout Delivery Details/input_CONTACT NUMBER_contact-number'

2020-03-20 14:17:27 - [TEST_STEP][PASSED] - sendKeys(findTestObject("ADMIN/Edit Text/Bespoke/Buyer Pages/Checkout Delivery Details/input_ADD NEW_btn_add"), "*"): Keys '*' sent to object: 'Object Repository/ADMIN/Edit Text/Bespoke/Buyer Pages/Checkout Delivery Details/input_ADD NEW_btn_add'

2020-03-20 14:17:28 - [MESSAGE][PASSED] - Keys '*' sent to object: 'Object Repository/ADMIN/Edit Text/Bespoke/Buyer Pages/Checkout Delivery Details/input_ADD NEW_btn_add'

2020-03-20 14:17:28 - [TEST_STEP][PASSED] - sendKeys(findTestObject("ADMIN/Edit Text/Bespoke/Buyer Pages/Checkout Delivery Details/input_SELECT ADDRESS_btn_select"), "*"): Keys '*' sent to object: 'Object Repository/ADMIN/Edit Text/Bespoke/Buyer Pages/Checkout Delivery Details/input_SELECT ADDRESS_btn_select'

2020-03-20 14:17:28 - [MESSAGE][PASSED] - Keys '*' sent to object: 'Object Repository/ADMIN/Edit Text/Bespoke/Buyer Pages/Checkout Delivery Details/input_SELECT ADDRESS_btn_select'

2020-03-20 14:17:28 - [TEST_STEP][PASSED] - sendKeys(findTestObject("ADMIN/Edit Text/Bespoke/Buyer Pages/Checkout Delivery Details/input_SELECTED_btn_selected"), "*"): Keys '*' sent to object: 'Object Repository/ADMIN/Edit Text/Bespoke/Buyer Pages/Checkout Delivery Details/input_SELECTED_btn_selected'

2020-03-20 14:17:28 - [MESSAGE][PASSED] - Keys '*' sent to object: 'Object Repository/ADMIN/Edit Text/Bespoke/Buyer Pages/Checkout Delivery Details/input_SELECTED_btn_selected'

2020-03-20 14:17:28 - [TEST_STEP][PASSED] - sendKeys(findTestObject("ADMIN/Edit Text/Bespoke/Buyer Pages/Checkout Delivery Details/input_ADDRESSEE FIRST NAME_addressee-first-name"), "*"): Keys '*' sent to object: 'Object Repository/ADMIN/Edit Text/Bespoke/Buyer Pages/Checkout Delivery Details/input_ADDRESSEE FIRST NAME_addressee-first-name'

2020-03-20 14:17:28 - [MESSAGE][PASSED] - Keys '*' sent to object: 'Object Repository/ADMIN/Edit Text/Bespoke/Buyer Pages/Checkout Delivery Details/input_ADDRESSEE FIRST NAME_addressee-first-name'

2020-03-20 14:17:28 - [TEST_STEP][PASSED] - sendKeys(findTestObject("ADMIN/Edit Text/Bespoke/Buyer Pages/Checkout Delivery Details/input_ADDRESSEE LAST NAME_addressee-last-name"), "*"): Keys '*' sent to object: 'Object Repository/ADMIN/Edit Text/Bespoke/Buyer Pages/Checkout Delivery Details/input_ADDRESSEE LAST NAME_addressee-last-name'

2020-03-20 14:17:29 - [MESSAGE][PASSED] - Keys '*' sent to object: 'Object Repository/ADMIN/Edit Text/Bespoke/Buyer Pages/Checkout Delivery Details/input_ADDRESSEE LAST NAME_addressee-last-name'

2020-03-20 14:17:29 - [TEST_STEP][PASSED] - sendKeys(findTestObject("ADMIN/Edit Text/Bespoke/Buyer Pages/Checkout Delivery Details/input_COUNTRY_delivery-country"), "*"): Keys '*' sent to object: 'Object Repository/ADMIN/Edit Text/Bespoke/Buyer Pages/Checkout Delivery Details/input_COUNTRY_delivery-country'

2020-03-20 14:17:29 - [MESSAGE][PASSED] - Keys '*' sent to object: 'Object Repository/ADMIN/Edit Text/Bespoke/Buyer Pages/Checkout Delivery Details/input_COUNTRY_delivery-country'

2020-03-20 14:17:29 - [TEST_STEP][PASSED] - sendKeys(findTestObject("ADMIN/Edit Text/Bespoke/Buyer Pages/Checkout Delivery Details/input_State_delivery-state"), "*"): Keys '*' sent to object: 'Object Repository/ADMIN/Edit Text/Bespoke/Buyer Pages/Checkout Delivery Details/input_State_delivery-state'

2020-03-20 14:17:29 - [MESSAGE][PASSED] - Keys '*' sent to object: 'Object Repository/ADMIN/Edit Text/Bespoke/Buyer Pages/Checkout Delivery Details/input_State_delivery-state'

2020-03-20 14:17:29 - [TEST_STEP][PASSED] - sendKeys(findTestObject("ADMIN/Edit Text/Bespoke/Buyer Pages/Checkout Delivery Details/input_CITY_delivery-city"), "*"): Keys '*' sent to object: 'Object Repository/ADMIN/Edit Text/Bespoke/Buyer Pages/Checkout Delivery Details/input_CITY_delivery-city'

2020-03-20 14:17:29 - [MESSAGE][PASSED] - Keys '*' sent to object: 'Object Repository/ADMIN/Edit Text/Bespoke/Buyer Pages/Checkout Delivery Details/input_CITY_delivery-city'

2020-03-20 14:17:29 - [TEST_STEP][PASSED] - sendKeys(findTestObject("ADMIN/Edit Text/Bespoke/Buyer Pages/Checkout Delivery Details/input_ADDRESS_delivery-address"), "*"): Keys '*' sent to object: 'Object Repository/ADMIN/Edit Text/Bespoke/Buyer Pages/Checkout Delivery Details/input_ADDRESS_delivery-address'

2020-03-20 14:17:30 - [MESSAGE][PASSED] - Keys '*' sent to object: 'Object Repository/ADMIN/Edit Text/Bespoke/Buyer Pages/Checkout Delivery Details/input_ADDRESS_delivery-address'

2020-03-20 14:17:30 - [TEST_STEP][PASSED] - sendKeys(findTestObject("ADMIN/Edit Text/Bespoke/Buyer Pages/Checkout Delivery Details/input_POSTAL CODE_delivery-postal-code"), "*"): Keys '*' sent to object: 'Object Repository/ADMIN/Edit Text/Bespoke/Buyer Pages/Checkout Delivery Details/input_POSTAL CODE_delivery-postal-code'

2020-03-20 14:17:30 - [MESSAGE][PASSED] - Keys '*' sent to object: 'Object Repository/ADMIN/Edit Text/Bespoke/Buyer Pages/Checkout Delivery Details/input_POSTAL CODE_delivery-postal-code'

2020-03-20 14:17:30 - [TEST_STEP][PASSED] - sendKeys(findTestObject("ADMIN/Edit Text/Bespoke/Buyer Pages/Checkout Delivery Details/input_SAVE_btn_save"), "*"): Keys '*' sent to object: 'Object Repository/ADMIN/Edit Text/Bespoke/Buyer Pages/Checkout Delivery Details/input_SAVE_btn_save'

2020-03-20 14:17:30 - [MESSAGE][PASSED] - Keys '*' sent to object: 'Object Repository/ADMIN/Edit Text/Bespoke/Buyer Pages/Checkout Delivery Details/input_SAVE_btn_save'

2020-03-20 14:17:30 - [TEST_STEP][PASSED] - sendKeys(findTestObject("ADMIN/Edit Text/Bespoke/Buyer Pages/Checkout Delivery Details/input_NEXT_btn_next"), "*"): Keys '*' sent to object: 'Object Repository/ADMIN/Edit Text/Bespoke/Buyer Pages/Checkout Delivery Details/input_NEXT_btn_next'

2020-03-20 14:17:30 - [MESSAGE][PASSED] - Keys '*' sent to object: 'Object Repository/ADMIN/Edit Text/Bespoke/Buyer Pages/Checkout Delivery Details/input_NEXT_btn_next'

2020-03-20 14:17:30 - [TEST_STEP][PASSED] - sendKeys(findTestObject("ADMIN/Edit Text/Bespoke/Buyer Pages/Checkout Delivery Details/input_REMOVE ITEM_popup-title"), "*"): Keys '*' sent to object: 'Object Repository/ADMIN/Edit Text/Bespoke/Buyer Pages/Checkout Delivery Details/input_REMOVE ITEM_popup-title'

2020-03-20 14:17:30 - [MESSAGE][PASSED] - Keys '*' sent to object: 'Object Repository/ADMIN/Edit Text/Bespoke/Buyer Pages/Checkout Delivery Details/input_REMOVE ITEM_popup-title'

2020-03-20 14:17:30 - [TEST_STEP][PASSED] - sendKeys(findTestObject("ADMIN/Edit Text/Bespoke/Buyer Pages/Checkout Delivery Details/textarea_You sure about removing this item from your list (Itll be gone forever)"), "*"): Keys '*' sent to object: 'Object Repository/ADMIN/Edit Text/Bespoke/Buyer Pages/Checkout Delivery Details/textarea_You sure about removing this item from your list (Itll be gone forever)'

2020-03-20 14:17:31 - [MESSAGE][PASSED] - Keys '*' sent to object: 'Object Repository/ADMIN/Edit Text/Bespoke/Buyer Pages/Checkout Delivery Details/textarea_You sure about removing this item from your list (Itll be gone forever)'

2020-03-20 14:17:31 - [TEST_STEP][PASSED] - sendKeys(findTestObject("ADMIN/Edit Text/Bespoke/Buyer Pages/Checkout Delivery Details/input_CANCEL_btn_cancel"), "*"): Keys '*' sent to object: 'Object Repository/ADMIN/Edit Text/Bespoke/Buyer Pages/Checkout Delivery Details/input_CANCEL_btn_cancel'

2020-03-20 14:17:31 - [MESSAGE][PASSED] - Keys '*' sent to object: 'Object Repository/ADMIN/Edit Text/Bespoke/Buyer Pages/Checkout Delivery Details/input_CANCEL_btn_cancel'

2020-03-20 14:17:31 - [TEST_STEP][PASSED] - sendKeys(findTestObject("ADMIN/Edit Text/Bespoke/Buyer Pages/Checkout Delivery Details/input_Okay_btn_okay"), "*"): Keys '*' sent to object: 'Object Repository/ADMIN/Edit Text/Bespoke/Buyer Pages/Checkout Delivery Details/input_Okay_btn_okay'

2020-03-20 14:17:31 - [MESSAGE][PASSED] - Keys '*' sent to object: 'Object Repository/ADMIN/Edit Text/Bespoke/Buyer Pages/Checkout Delivery Details/input_Okay_btn_okay'

2020-03-20 14:17:31 - [TEST_STEP][PASSED] - click(findTestObject("ADMIN/Edit Text/Bespoke/Buyer Pages/Homepage/button_save"), CONTINUE_ON_FAILURE): Object: 'Object Repository/ADMIN/Edit Text/Bespoke/Buyer Pages/Homepage/button_save' is clicked on

2020-03-20 14:17:31 - [MESSAGE][PASSED] - Object: 'Object Repository/ADMIN/Edit Text/Bespoke/Buyer Pages/Homepage/button_save' is clicked on

2020-03-20 14:17:31 - [TEST_STEP][PASSED] - waitForElementVisible(findTestObject("ADMIN/Edit Text/Bespoke/Buyer Pages/Homepage/toaster_success"), 0): Object 'Object Repository/ADMIN/Edit Text/Bespoke/Buyer Pages/Homepage/toaster_success' is visible

2020-03-20 14:17:31 - [MESSAGE][WARNING] - Timeout '0' is invalid. Using default page load timeout: '30'

2020-03-20 14:17:32 - [MESSAGE][PASSED] - Object 'Object Repository/ADMIN/Edit Text/Bespoke/Buyer Pages/Homepage/toaster_success' is visible]]></system-out>
         <system-err><![CDATA[]]></system-err>
      </testcase>
      <testcase name="Test Cases/ADMIN/Language/Edit Text/Bespoke/Buyer Pages/Checkout Delivery" time="8.764" classname="Test Cases/ADMIN/Language/Edit Text/Bespoke/Buyer Pages/Checkout Delivery" status="PASSED">
         <system-out><![CDATA[2020-03-20 14:17:32 - [TEST_CASE][PASSED] - Test Cases/ADMIN/Language/Edit Text/Bespoke/Buyer Pages/Checkout Delivery: Test Cases/ADMIN/Language/Edit Text/Bespoke/Buyer Pages/Checkout Delivery

2020-03-20 14:17:32 - [TEST_STEP][PASSED] - waitForElementVisible(findTestObject("ADMIN/Edit Text/Bespoke/Buyer Navigation/dd_language"), 0): Object 'Object Repository/ADMIN/Edit Text/Bespoke/Buyer Navigation/dd_language' is visible

2020-03-20 14:17:32 - [MESSAGE][WARNING] - Timeout '0' is invalid. Using default page load timeout: '30'

2020-03-20 14:17:32 - [MESSAGE][PASSED] - Object 'Object Repository/ADMIN/Edit Text/Bespoke/Buyer Navigation/dd_language' is visible

2020-03-20 14:17:32 - [TEST_STEP][PASSED] - selectOptionByLabel(findTestObject("ADMIN/Edit Text/Bespoke/Buyer Navigation/dd_language"), varLanguage, false): All options with label 'Russian' are selected in object 'Object Repository/ADMIN/Edit Text/Bespoke/Buyer Navigation/dd_language' 

2020-03-20 14:17:34 - [MESSAGE][PASSED] - All options with label 'Russian' are selected in object 'Object Repository/ADMIN/Edit Text/Bespoke/Buyer Navigation/dd_language' 

2020-03-20 14:17:34 - [TEST_STEP][PASSED] - sendKeys(findTestObject("ADMIN/Edit Text/Bespoke/Buyer Pages/Checkout Delivery Details/input_DELIVERY_tab-title"), "*"): Keys '*' sent to object: 'Object Repository/ADMIN/Edit Text/Bespoke/Buyer Pages/Checkout Delivery Details/input_DELIVERY_tab-title'

2020-03-20 14:17:34 - [MESSAGE][PASSED] - Keys '*' sent to object: 'Object Repository/ADMIN/Edit Text/Bespoke/Buyer Pages/Checkout Delivery Details/input_DELIVERY_tab-title'

2020-03-20 14:17:34 - [TEST_STEP][PASSED] - sendKeys(findTestObject("ADMIN/Edit Text/Bespoke/Buyer Pages/Checkout Delivery Details/input_REVIEW_tab-title"), "*"): Keys '*' sent to object: 'Object Repository/ADMIN/Edit Text/Bespoke/Buyer Pages/Checkout Delivery Details/input_REVIEW_tab-title'

2020-03-20 14:17:34 - [MESSAGE][PASSED] - Keys '*' sent to object: 'Object Repository/ADMIN/Edit Text/Bespoke/Buyer Pages/Checkout Delivery Details/input_REVIEW_tab-title'

2020-03-20 14:17:34 - [TEST_STEP][PASSED] - sendKeys(findTestObject("ADMIN/Edit Text/Bespoke/Buyer Pages/Checkout Delivery Details/input_PAY_tab-title"), "*"): Keys '*' sent to object: 'Object Repository/ADMIN/Edit Text/Bespoke/Buyer Pages/Checkout Delivery Details/input_PAY_tab-title'

2020-03-20 14:17:35 - [MESSAGE][PASSED] - Keys '*' sent to object: 'Object Repository/ADMIN/Edit Text/Bespoke/Buyer Pages/Checkout Delivery Details/input_PAY_tab-title'

2020-03-20 14:17:35 - [TEST_STEP][PASSED] - sendKeys(findTestObject("ADMIN/Edit Text/Bespoke/Buyer Pages/Checkout Delivery Details/input_Already registered with us_guest-info-txt"), "*"): Keys '*' sent to object: 'Object Repository/ADMIN/Edit Text/Bespoke/Buyer Pages/Checkout Delivery Details/input_Already registered with us_guest-info-txt'

2020-03-20 14:17:35 - [MESSAGE][PASSED] - Keys '*' sent to object: 'Object Repository/ADMIN/Edit Text/Bespoke/Buyer Pages/Checkout Delivery Details/input_Already registered with us_guest-info-txt'

2020-03-20 14:17:35 - [TEST_STEP][PASSED] - sendKeys(findTestObject("ADMIN/Edit Text/Bespoke/Buyer Pages/Checkout Delivery Details/input_SIGN IN NOW_btn_next"), "*"): Keys '*' sent to object: 'Object Repository/ADMIN/Edit Text/Bespoke/Buyer Pages/Checkout Delivery Details/input_SIGN IN NOW_btn_next'

2020-03-20 14:17:35 - [MESSAGE][PASSED] - Keys '*' sent to object: 'Object Repository/ADMIN/Edit Text/Bespoke/Buyer Pages/Checkout Delivery Details/input_SIGN IN NOW_btn_next'

2020-03-20 14:17:35 - [TEST_STEP][PASSED] - sendKeys(findTestObject("ADMIN/Edit Text/Bespoke/Buyer Pages/Checkout Delivery Details/input_FIRST NAME_first-name"), "*"): Keys '*' sent to object: 'Object Repository/ADMIN/Edit Text/Bespoke/Buyer Pages/Checkout Delivery Details/input_FIRST NAME_first-name'

2020-03-20 14:17:35 - [MESSAGE][PASSED] - Keys '*' sent to object: 'Object Repository/ADMIN/Edit Text/Bespoke/Buyer Pages/Checkout Delivery Details/input_FIRST NAME_first-name'

2020-03-20 14:17:35 - [TEST_STEP][PASSED] - sendKeys(findTestObject("ADMIN/Edit Text/Bespoke/Buyer Pages/Checkout Delivery Details/input_LAST NAME_last-name"), "*"): Keys '*' sent to object: 'Object Repository/ADMIN/Edit Text/Bespoke/Buyer Pages/Checkout Delivery Details/input_LAST NAME_last-name'

2020-03-20 14:17:35 - [MESSAGE][PASSED] - Keys '*' sent to object: 'Object Repository/ADMIN/Edit Text/Bespoke/Buyer Pages/Checkout Delivery Details/input_LAST NAME_last-name'

2020-03-20 14:17:35 - [TEST_STEP][PASSED] - sendKeys(findTestObject("ADMIN/Edit Text/Bespoke/Buyer Pages/Checkout Delivery Details/input_NOTIFICATION EMAIL_notification-email"), "*"): Keys '*' sent to object: 'Object Repository/ADMIN/Edit Text/Bespoke/Buyer Pages/Checkout Delivery Details/input_NOTIFICATION EMAIL_notification-email'

2020-03-20 14:17:36 - [MESSAGE][PASSED] - Keys '*' sent to object: 'Object Repository/ADMIN/Edit Text/Bespoke/Buyer Pages/Checkout Delivery Details/input_NOTIFICATION EMAIL_notification-email'

2020-03-20 14:17:36 - [TEST_STEP][PASSED] - sendKeys(findTestObject("ADMIN/Edit Text/Bespoke/Buyer Pages/Checkout Delivery Details/input_CONTACT NUMBER_contact-number"), "*"): Keys '*' sent to object: 'Object Repository/ADMIN/Edit Text/Bespoke/Buyer Pages/Checkout Delivery Details/input_CONTACT NUMBER_contact-number'

2020-03-20 14:17:36 - [MESSAGE][PASSED] - Keys '*' sent to object: 'Object Repository/ADMIN/Edit Text/Bespoke/Buyer Pages/Checkout Delivery Details/input_CONTACT NUMBER_contact-number'

2020-03-20 14:17:36 - [TEST_STEP][PASSED] - sendKeys(findTestObject("ADMIN/Edit Text/Bespoke/Buyer Pages/Checkout Delivery Details/input_ADD NEW_btn_add"), "*"): Keys '*' sent to object: 'Object Repository/ADMIN/Edit Text/Bespoke/Buyer Pages/Checkout Delivery Details/input_ADD NEW_btn_add'

2020-03-20 14:17:36 - [MESSAGE][PASSED] - Keys '*' sent to object: 'Object Repository/ADMIN/Edit Text/Bespoke/Buyer Pages/Checkout Delivery Details/input_ADD NEW_btn_add'

2020-03-20 14:17:36 - [TEST_STEP][PASSED] - sendKeys(findTestObject("ADMIN/Edit Text/Bespoke/Buyer Pages/Checkout Delivery Details/input_SELECT ADDRESS_btn_select"), "*"): Keys '*' sent to object: 'Object Repository/ADMIN/Edit Text/Bespoke/Buyer Pages/Checkout Delivery Details/input_SELECT ADDRESS_btn_select'

2020-03-20 14:17:36 - [MESSAGE][PASSED] - Keys '*' sent to object: 'Object Repository/ADMIN/Edit Text/Bespoke/Buyer Pages/Checkout Delivery Details/input_SELECT ADDRESS_btn_select'

2020-03-20 14:17:36 - [TEST_STEP][PASSED] - sendKeys(findTestObject("ADMIN/Edit Text/Bespoke/Buyer Pages/Checkout Delivery Details/input_SELECTED_btn_selected"), "*"): Keys '*' sent to object: 'Object Repository/ADMIN/Edit Text/Bespoke/Buyer Pages/Checkout Delivery Details/input_SELECTED_btn_selected'

2020-03-20 14:17:37 - [MESSAGE][PASSED] - Keys '*' sent to object: 'Object Repository/ADMIN/Edit Text/Bespoke/Buyer Pages/Checkout Delivery Details/input_SELECTED_btn_selected'

2020-03-20 14:17:37 - [TEST_STEP][PASSED] - sendKeys(findTestObject("ADMIN/Edit Text/Bespoke/Buyer Pages/Checkout Delivery Details/input_ADDRESSEE FIRST NAME_addressee-first-name"), "*"): Keys '*' sent to object: 'Object Repository/ADMIN/Edit Text/Bespoke/Buyer Pages/Checkout Delivery Details/input_ADDRESSEE FIRST NAME_addressee-first-name'

2020-03-20 14:17:37 - [MESSAGE][PASSED] - Keys '*' sent to object: 'Object Repository/ADMIN/Edit Text/Bespoke/Buyer Pages/Checkout Delivery Details/input_ADDRESSEE FIRST NAME_addressee-first-name'

2020-03-20 14:17:37 - [TEST_STEP][PASSED] - sendKeys(findTestObject("ADMIN/Edit Text/Bespoke/Buyer Pages/Checkout Delivery Details/input_ADDRESSEE LAST NAME_addressee-last-name"), "*"): Keys '*' sent to object: 'Object Repository/ADMIN/Edit Text/Bespoke/Buyer Pages/Checkout Delivery Details/input_ADDRESSEE LAST NAME_addressee-last-name'

2020-03-20 14:17:37 - [MESSAGE][PASSED] - Keys '*' sent to object: 'Object Repository/ADMIN/Edit Text/Bespoke/Buyer Pages/Checkout Delivery Details/input_ADDRESSEE LAST NAME_addressee-last-name'

2020-03-20 14:17:37 - [TEST_STEP][PASSED] - sendKeys(findTestObject("ADMIN/Edit Text/Bespoke/Buyer Pages/Checkout Delivery Details/input_COUNTRY_delivery-country"), "*"): Keys '*' sent to object: 'Object Repository/ADMIN/Edit Text/Bespoke/Buyer Pages/Checkout Delivery Details/input_COUNTRY_delivery-country'

2020-03-20 14:17:37 - [MESSAGE][PASSED] - Keys '*' sent to object: 'Object Repository/ADMIN/Edit Text/Bespoke/Buyer Pages/Checkout Delivery Details/input_COUNTRY_delivery-country'

2020-03-20 14:17:37 - [TEST_STEP][PASSED] - sendKeys(findTestObject("ADMIN/Edit Text/Bespoke/Buyer Pages/Checkout Delivery Details/input_State_delivery-state"), "*"): Keys '*' sent to object: 'Object Repository/ADMIN/Edit Text/Bespoke/Buyer Pages/Checkout Delivery Details/input_State_delivery-state'

2020-03-20 14:17:38 - [MESSAGE][PASSED] - Keys '*' sent to object: 'Object Repository/ADMIN/Edit Text/Bespoke/Buyer Pages/Checkout Delivery Details/input_State_delivery-state'

2020-03-20 14:17:38 - [TEST_STEP][PASSED] - sendKeys(findTestObject("ADMIN/Edit Text/Bespoke/Buyer Pages/Checkout Delivery Details/input_CITY_delivery-city"), "*"): Keys '*' sent to object: 'Object Repository/ADMIN/Edit Text/Bespoke/Buyer Pages/Checkout Delivery Details/input_CITY_delivery-city'

2020-03-20 14:17:38 - [MESSAGE][PASSED] - Keys '*' sent to object: 'Object Repository/ADMIN/Edit Text/Bespoke/Buyer Pages/Checkout Delivery Details/input_CITY_delivery-city'

2020-03-20 14:17:38 - [TEST_STEP][PASSED] - sendKeys(findTestObject("ADMIN/Edit Text/Bespoke/Buyer Pages/Checkout Delivery Details/input_ADDRESS_delivery-address"), "*"): Keys '*' sent to object: 'Object Repository/ADMIN/Edit Text/Bespoke/Buyer Pages/Checkout Delivery Details/input_ADDRESS_delivery-address'

2020-03-20 14:17:38 - [MESSAGE][PASSED] - Keys '*' sent to object: 'Object Repository/ADMIN/Edit Text/Bespoke/Buyer Pages/Checkout Delivery Details/input_ADDRESS_delivery-address'

2020-03-20 14:17:38 - [TEST_STEP][PASSED] - sendKeys(findTestObject("ADMIN/Edit Text/Bespoke/Buyer Pages/Checkout Delivery Details/input_POSTAL CODE_delivery-postal-code"), "*"): Keys '*' sent to object: 'Object Repository/ADMIN/Edit Text/Bespoke/Buyer Pages/Checkout Delivery Details/input_POSTAL CODE_delivery-postal-code'

2020-03-20 14:17:38 - [MESSAGE][PASSED] - Keys '*' sent to object: 'Object Repository/ADMIN/Edit Text/Bespoke/Buyer Pages/Checkout Delivery Details/input_POSTAL CODE_delivery-postal-code'

2020-03-20 14:17:38 - [TEST_STEP][PASSED] - sendKeys(findTestObject("ADMIN/Edit Text/Bespoke/Buyer Pages/Checkout Delivery Details/input_SAVE_btn_save"), "*"): Keys '*' sent to object: 'Object Repository/ADMIN/Edit Text/Bespoke/Buyer Pages/Checkout Delivery Details/input_SAVE_btn_save'

2020-03-20 14:17:38 - [MESSAGE][PASSED] - Keys '*' sent to object: 'Object Repository/ADMIN/Edit Text/Bespoke/Buyer Pages/Checkout Delivery Details/input_SAVE_btn_save'

2020-03-20 14:17:38 - [TEST_STEP][PASSED] - sendKeys(findTestObject("ADMIN/Edit Text/Bespoke/Buyer Pages/Checkout Delivery Details/input_NEXT_btn_next"), "*"): Keys '*' sent to object: 'Object Repository/ADMIN/Edit Text/Bespoke/Buyer Pages/Checkout Delivery Details/input_NEXT_btn_next'

2020-03-20 14:17:39 - [MESSAGE][PASSED] - Keys '*' sent to object: 'Object Repository/ADMIN/Edit Text/Bespoke/Buyer Pages/Checkout Delivery Details/input_NEXT_btn_next'

2020-03-20 14:17:39 - [TEST_STEP][PASSED] - sendKeys(findTestObject("ADMIN/Edit Text/Bespoke/Buyer Pages/Checkout Delivery Details/input_REMOVE ITEM_popup-title"), "*"): Keys '*' sent to object: 'Object Repository/ADMIN/Edit Text/Bespoke/Buyer Pages/Checkout Delivery Details/input_REMOVE ITEM_popup-title'

2020-03-20 14:17:39 - [MESSAGE][PASSED] - Keys '*' sent to object: 'Object Repository/ADMIN/Edit Text/Bespoke/Buyer Pages/Checkout Delivery Details/input_REMOVE ITEM_popup-title'

2020-03-20 14:17:39 - [TEST_STEP][PASSED] - sendKeys(findTestObject("ADMIN/Edit Text/Bespoke/Buyer Pages/Checkout Delivery Details/textarea_You sure about removing this item from your list (Itll be gone forever)"), "*"): Keys '*' sent to object: 'Object Repository/ADMIN/Edit Text/Bespoke/Buyer Pages/Checkout Delivery Details/textarea_You sure about removing this item from your list (Itll be gone forever)'

2020-03-20 14:17:39 - [MESSAGE][PASSED] - Keys '*' sent to object: 'Object Repository/ADMIN/Edit Text/Bespoke/Buyer Pages/Checkout Delivery Details/textarea_You sure about removing this item from your list (Itll be gone forever)'

2020-03-20 14:17:39 - [TEST_STEP][PASSED] - sendKeys(findTestObject("ADMIN/Edit Text/Bespoke/Buyer Pages/Checkout Delivery Details/input_CANCEL_btn_cancel"), "*"): Keys '*' sent to object: 'Object Repository/ADMIN/Edit Text/Bespoke/Buyer Pages/Checkout Delivery Details/input_CANCEL_btn_cancel'

2020-03-20 14:17:39 - [MESSAGE][PASSED] - Keys '*' sent to object: 'Object Repository/ADMIN/Edit Text/Bespoke/Buyer Pages/Checkout Delivery Details/input_CANCEL_btn_cancel'

2020-03-20 14:17:39 - [TEST_STEP][PASSED] - sendKeys(findTestObject("ADMIN/Edit Text/Bespoke/Buyer Pages/Checkout Delivery Details/input_Okay_btn_okay"), "*"): Keys '*' sent to object: 'Object Repository/ADMIN/Edit Text/Bespoke/Buyer Pages/Checkout Delivery Details/input_Okay_btn_okay'

2020-03-20 14:17:39 - [MESSAGE][PASSED] - Keys '*' sent to object: 'Object Repository/ADMIN/Edit Text/Bespoke/Buyer Pages/Checkout Delivery Details/input_Okay_btn_okay'

2020-03-20 14:17:39 - [TEST_STEP][PASSED] - click(findTestObject("ADMIN/Edit Text/Bespoke/Buyer Pages/Homepage/button_save"), CONTINUE_ON_FAILURE): Object: 'Object Repository/ADMIN/Edit Text/Bespoke/Buyer Pages/Homepage/button_save' is clicked on

2020-03-20 14:17:40 - [MESSAGE][PASSED] - Object: 'Object Repository/ADMIN/Edit Text/Bespoke/Buyer Pages/Homepage/button_save' is clicked on

2020-03-20 14:17:40 - [TEST_STEP][PASSED] - waitForElementVisible(findTestObject("ADMIN/Edit Text/Bespoke/Buyer Pages/Homepage/toaster_success"), 0): Object 'Object Repository/ADMIN/Edit Text/Bespoke/Buyer Pages/Homepage/toaster_success' is visible

2020-03-20 14:17:40 - [MESSAGE][WARNING] - Timeout '0' is invalid. Using default page load timeout: '30'

2020-03-20 14:17:41 - [MESSAGE][PASSED] - Object 'Object Repository/ADMIN/Edit Text/Bespoke/Buyer Pages/Homepage/toaster_success' is visible]]></system-out>
         <system-err><![CDATA[]]></system-err>
      </testcase>
      <testcase name="Test Cases/ADMIN/Language/Edit Text/Bespoke/Buyer Pages/Checkout Delivery" time="9.71" classname="Test Cases/ADMIN/Language/Edit Text/Bespoke/Buyer Pages/Checkout Delivery" status="PASSED">
         <system-out><![CDATA[2020-03-20 14:17:41 - [TEST_CASE][PASSED] - Test Cases/ADMIN/Language/Edit Text/Bespoke/Buyer Pages/Checkout Delivery: Test Cases/ADMIN/Language/Edit Text/Bespoke/Buyer Pages/Checkout Delivery

2020-03-20 14:17:41 - [TEST_STEP][PASSED] - waitForElementVisible(findTestObject("ADMIN/Edit Text/Bespoke/Buyer Navigation/dd_language"), 0): Object 'Object Repository/ADMIN/Edit Text/Bespoke/Buyer Navigation/dd_language' is visible

2020-03-20 14:17:41 - [MESSAGE][WARNING] - Timeout '0' is invalid. Using default page load timeout: '30'

2020-03-20 14:17:41 - [MESSAGE][PASSED] - Object 'Object Repository/ADMIN/Edit Text/Bespoke/Buyer Navigation/dd_language' is visible

2020-03-20 14:17:41 - [TEST_STEP][PASSED] - selectOptionByLabel(findTestObject("ADMIN/Edit Text/Bespoke/Buyer Navigation/dd_language"), varLanguage, false): All options with label 'Italian' are selected in object 'Object Repository/ADMIN/Edit Text/Bespoke/Buyer Navigation/dd_language' 

2020-03-20 14:17:42 - [MESSAGE][PASSED] - All options with label 'Italian' are selected in object 'Object Repository/ADMIN/Edit Text/Bespoke/Buyer Navigation/dd_language' 

2020-03-20 14:17:42 - [TEST_STEP][PASSED] - sendKeys(findTestObject("ADMIN/Edit Text/Bespoke/Buyer Pages/Checkout Delivery Details/input_DELIVERY_tab-title"), "*"): Keys '*' sent to object: 'Object Repository/ADMIN/Edit Text/Bespoke/Buyer Pages/Checkout Delivery Details/input_DELIVERY_tab-title'

2020-03-20 14:17:42 - [MESSAGE][PASSED] - Keys '*' sent to object: 'Object Repository/ADMIN/Edit Text/Bespoke/Buyer Pages/Checkout Delivery Details/input_DELIVERY_tab-title'

2020-03-20 14:17:42 - [TEST_STEP][PASSED] - sendKeys(findTestObject("ADMIN/Edit Text/Bespoke/Buyer Pages/Checkout Delivery Details/input_REVIEW_tab-title"), "*"): Keys '*' sent to object: 'Object Repository/ADMIN/Edit Text/Bespoke/Buyer Pages/Checkout Delivery Details/input_REVIEW_tab-title'

2020-03-20 14:17:43 - [MESSAGE][PASSED] - Keys '*' sent to object: 'Object Repository/ADMIN/Edit Text/Bespoke/Buyer Pages/Checkout Delivery Details/input_REVIEW_tab-title'

2020-03-20 14:17:43 - [TEST_STEP][PASSED] - sendKeys(findTestObject("ADMIN/Edit Text/Bespoke/Buyer Pages/Checkout Delivery Details/input_PAY_tab-title"), "*"): Keys '*' sent to object: 'Object Repository/ADMIN/Edit Text/Bespoke/Buyer Pages/Checkout Delivery Details/input_PAY_tab-title'

2020-03-20 14:17:43 - [MESSAGE][PASSED] - Keys '*' sent to object: 'Object Repository/ADMIN/Edit Text/Bespoke/Buyer Pages/Checkout Delivery Details/input_PAY_tab-title'

2020-03-20 14:17:43 - [TEST_STEP][PASSED] - sendKeys(findTestObject("ADMIN/Edit Text/Bespoke/Buyer Pages/Checkout Delivery Details/input_Already registered with us_guest-info-txt"), "*"): Keys '*' sent to object: 'Object Repository/ADMIN/Edit Text/Bespoke/Buyer Pages/Checkout Delivery Details/input_Already registered with us_guest-info-txt'

2020-03-20 14:17:43 - [MESSAGE][PASSED] - Keys '*' sent to object: 'Object Repository/ADMIN/Edit Text/Bespoke/Buyer Pages/Checkout Delivery Details/input_Already registered with us_guest-info-txt'

2020-03-20 14:17:43 - [TEST_STEP][PASSED] - sendKeys(findTestObject("ADMIN/Edit Text/Bespoke/Buyer Pages/Checkout Delivery Details/input_SIGN IN NOW_btn_next"), "*"): Keys '*' sent to object: 'Object Repository/ADMIN/Edit Text/Bespoke/Buyer Pages/Checkout Delivery Details/input_SIGN IN NOW_btn_next'

2020-03-20 14:17:43 - [MESSAGE][PASSED] - Keys '*' sent to object: 'Object Repository/ADMIN/Edit Text/Bespoke/Buyer Pages/Checkout Delivery Details/input_SIGN IN NOW_btn_next'

2020-03-20 14:17:43 - [TEST_STEP][PASSED] - sendKeys(findTestObject("ADMIN/Edit Text/Bespoke/Buyer Pages/Checkout Delivery Details/input_FIRST NAME_first-name"), "*"): Keys '*' sent to object: 'Object Repository/ADMIN/Edit Text/Bespoke/Buyer Pages/Checkout Delivery Details/input_FIRST NAME_first-name'

2020-03-20 14:17:43 - [MESSAGE][PASSED] - Keys '*' sent to object: 'Object Repository/ADMIN/Edit Text/Bespoke/Buyer Pages/Checkout Delivery Details/input_FIRST NAME_first-name'

2020-03-20 14:17:43 - [TEST_STEP][PASSED] - sendKeys(findTestObject("ADMIN/Edit Text/Bespoke/Buyer Pages/Checkout Delivery Details/input_LAST NAME_last-name"), "*"): Keys '*' sent to object: 'Object Repository/ADMIN/Edit Text/Bespoke/Buyer Pages/Checkout Delivery Details/input_LAST NAME_last-name'

2020-03-20 14:17:44 - [MESSAGE][PASSED] - Keys '*' sent to object: 'Object Repository/ADMIN/Edit Text/Bespoke/Buyer Pages/Checkout Delivery Details/input_LAST NAME_last-name'

2020-03-20 14:17:44 - [TEST_STEP][PASSED] - sendKeys(findTestObject("ADMIN/Edit Text/Bespoke/Buyer Pages/Checkout Delivery Details/input_NOTIFICATION EMAIL_notification-email"), "*"): Keys '*' sent to object: 'Object Repository/ADMIN/Edit Text/Bespoke/Buyer Pages/Checkout Delivery Details/input_NOTIFICATION EMAIL_notification-email'

2020-03-20 14:17:44 - [MESSAGE][PASSED] - Keys '*' sent to object: 'Object Repository/ADMIN/Edit Text/Bespoke/Buyer Pages/Checkout Delivery Details/input_NOTIFICATION EMAIL_notification-email'

2020-03-20 14:17:44 - [TEST_STEP][PASSED] - sendKeys(findTestObject("ADMIN/Edit Text/Bespoke/Buyer Pages/Checkout Delivery Details/input_CONTACT NUMBER_contact-number"), "*"): Keys '*' sent to object: 'Object Repository/ADMIN/Edit Text/Bespoke/Buyer Pages/Checkout Delivery Details/input_CONTACT NUMBER_contact-number'

2020-03-20 14:17:44 - [MESSAGE][PASSED] - Keys '*' sent to object: 'Object Repository/ADMIN/Edit Text/Bespoke/Buyer Pages/Checkout Delivery Details/input_CONTACT NUMBER_contact-number'

2020-03-20 14:17:44 - [TEST_STEP][PASSED] - sendKeys(findTestObject("ADMIN/Edit Text/Bespoke/Buyer Pages/Checkout Delivery Details/input_ADD NEW_btn_add"), "*"): Keys '*' sent to object: 'Object Repository/ADMIN/Edit Text/Bespoke/Buyer Pages/Checkout Delivery Details/input_ADD NEW_btn_add'

2020-03-20 14:17:45 - [MESSAGE][PASSED] - Keys '*' sent to object: 'Object Repository/ADMIN/Edit Text/Bespoke/Buyer Pages/Checkout Delivery Details/input_ADD NEW_btn_add'

2020-03-20 14:17:45 - [TEST_STEP][PASSED] - sendKeys(findTestObject("ADMIN/Edit Text/Bespoke/Buyer Pages/Checkout Delivery Details/input_SELECT ADDRESS_btn_select"), "*"): Keys '*' sent to object: 'Object Repository/ADMIN/Edit Text/Bespoke/Buyer Pages/Checkout Delivery Details/input_SELECT ADDRESS_btn_select'

2020-03-20 14:17:45 - [MESSAGE][PASSED] - Keys '*' sent to object: 'Object Repository/ADMIN/Edit Text/Bespoke/Buyer Pages/Checkout Delivery Details/input_SELECT ADDRESS_btn_select'

2020-03-20 14:17:45 - [TEST_STEP][PASSED] - sendKeys(findTestObject("ADMIN/Edit Text/Bespoke/Buyer Pages/Checkout Delivery Details/input_SELECTED_btn_selected"), "*"): Keys '*' sent to object: 'Object Repository/ADMIN/Edit Text/Bespoke/Buyer Pages/Checkout Delivery Details/input_SELECTED_btn_selected'

2020-03-20 14:17:46 - [MESSAGE][PASSED] - Keys '*' sent to object: 'Object Repository/ADMIN/Edit Text/Bespoke/Buyer Pages/Checkout Delivery Details/input_SELECTED_btn_selected'

2020-03-20 14:17:46 - [TEST_STEP][PASSED] - sendKeys(findTestObject("ADMIN/Edit Text/Bespoke/Buyer Pages/Checkout Delivery Details/input_ADDRESSEE FIRST NAME_addressee-first-name"), "*"): Keys '*' sent to object: 'Object Repository/ADMIN/Edit Text/Bespoke/Buyer Pages/Checkout Delivery Details/input_ADDRESSEE FIRST NAME_addressee-first-name'

2020-03-20 14:17:46 - [MESSAGE][PASSED] - Keys '*' sent to object: 'Object Repository/ADMIN/Edit Text/Bespoke/Buyer Pages/Checkout Delivery Details/input_ADDRESSEE FIRST NAME_addressee-first-name'

2020-03-20 14:17:46 - [TEST_STEP][PASSED] - sendKeys(findTestObject("ADMIN/Edit Text/Bespoke/Buyer Pages/Checkout Delivery Details/input_ADDRESSEE LAST NAME_addressee-last-name"), "*"): Keys '*' sent to object: 'Object Repository/ADMIN/Edit Text/Bespoke/Buyer Pages/Checkout Delivery Details/input_ADDRESSEE LAST NAME_addressee-last-name'

2020-03-20 14:17:46 - [MESSAGE][PASSED] - Keys '*' sent to object: 'Object Repository/ADMIN/Edit Text/Bespoke/Buyer Pages/Checkout Delivery Details/input_ADDRESSEE LAST NAME_addressee-last-name'

2020-03-20 14:17:46 - [TEST_STEP][PASSED] - sendKeys(findTestObject("ADMIN/Edit Text/Bespoke/Buyer Pages/Checkout Delivery Details/input_COUNTRY_delivery-country"), "*"): Keys '*' sent to object: 'Object Repository/ADMIN/Edit Text/Bespoke/Buyer Pages/Checkout Delivery Details/input_COUNTRY_delivery-country'

2020-03-20 14:17:47 - [MESSAGE][PASSED] - Keys '*' sent to object: 'Object Repository/ADMIN/Edit Text/Bespoke/Buyer Pages/Checkout Delivery Details/input_COUNTRY_delivery-country'

2020-03-20 14:17:47 - [TEST_STEP][PASSED] - sendKeys(findTestObject("ADMIN/Edit Text/Bespoke/Buyer Pages/Checkout Delivery Details/input_State_delivery-state"), "*"): Keys '*' sent to object: 'Object Repository/ADMIN/Edit Text/Bespoke/Buyer Pages/Checkout Delivery Details/input_State_delivery-state'

2020-03-20 14:17:47 - [MESSAGE][PASSED] - Keys '*' sent to object: 'Object Repository/ADMIN/Edit Text/Bespoke/Buyer Pages/Checkout Delivery Details/input_State_delivery-state'

2020-03-20 14:17:47 - [TEST_STEP][PASSED] - sendKeys(findTestObject("ADMIN/Edit Text/Bespoke/Buyer Pages/Checkout Delivery Details/input_CITY_delivery-city"), "*"): Keys '*' sent to object: 'Object Repository/ADMIN/Edit Text/Bespoke/Buyer Pages/Checkout Delivery Details/input_CITY_delivery-city'

2020-03-20 14:17:48 - [MESSAGE][PASSED] - Keys '*' sent to object: 'Object Repository/ADMIN/Edit Text/Bespoke/Buyer Pages/Checkout Delivery Details/input_CITY_delivery-city'

2020-03-20 14:17:48 - [TEST_STEP][PASSED] - sendKeys(findTestObject("ADMIN/Edit Text/Bespoke/Buyer Pages/Checkout Delivery Details/input_ADDRESS_delivery-address"), "*"): Keys '*' sent to object: 'Object Repository/ADMIN/Edit Text/Bespoke/Buyer Pages/Checkout Delivery Details/input_ADDRESS_delivery-address'

2020-03-20 14:17:48 - [MESSAGE][PASSED] - Keys '*' sent to object: 'Object Repository/ADMIN/Edit Text/Bespoke/Buyer Pages/Checkout Delivery Details/input_ADDRESS_delivery-address'

2020-03-20 14:17:48 - [TEST_STEP][PASSED] - sendKeys(findTestObject("ADMIN/Edit Text/Bespoke/Buyer Pages/Checkout Delivery Details/input_POSTAL CODE_delivery-postal-code"), "*"): Keys '*' sent to object: 'Object Repository/ADMIN/Edit Text/Bespoke/Buyer Pages/Checkout Delivery Details/input_POSTAL CODE_delivery-postal-code'

2020-03-20 14:17:48 - [MESSAGE][PASSED] - Keys '*' sent to object: 'Object Repository/ADMIN/Edit Text/Bespoke/Buyer Pages/Checkout Delivery Details/input_POSTAL CODE_delivery-postal-code'

2020-03-20 14:17:48 - [TEST_STEP][PASSED] - sendKeys(findTestObject("ADMIN/Edit Text/Bespoke/Buyer Pages/Checkout Delivery Details/input_SAVE_btn_save"), "*"): Keys '*' sent to object: 'Object Repository/ADMIN/Edit Text/Bespoke/Buyer Pages/Checkout Delivery Details/input_SAVE_btn_save'

2020-03-20 14:17:48 - [MESSAGE][PASSED] - Keys '*' sent to object: 'Object Repository/ADMIN/Edit Text/Bespoke/Buyer Pages/Checkout Delivery Details/input_SAVE_btn_save'

2020-03-20 14:17:48 - [TEST_STEP][PASSED] - sendKeys(findTestObject("ADMIN/Edit Text/Bespoke/Buyer Pages/Checkout Delivery Details/input_NEXT_btn_next"), "*"): Keys '*' sent to object: 'Object Repository/ADMIN/Edit Text/Bespoke/Buyer Pages/Checkout Delivery Details/input_NEXT_btn_next'

2020-03-20 14:17:49 - [MESSAGE][PASSED] - Keys '*' sent to object: 'Object Repository/ADMIN/Edit Text/Bespoke/Buyer Pages/Checkout Delivery Details/input_NEXT_btn_next'

2020-03-20 14:17:49 - [TEST_STEP][PASSED] - sendKeys(findTestObject("ADMIN/Edit Text/Bespoke/Buyer Pages/Checkout Delivery Details/input_REMOVE ITEM_popup-title"), "*"): Keys '*' sent to object: 'Object Repository/ADMIN/Edit Text/Bespoke/Buyer Pages/Checkout Delivery Details/input_REMOVE ITEM_popup-title'

2020-03-20 14:17:49 - [MESSAGE][PASSED] - Keys '*' sent to object: 'Object Repository/ADMIN/Edit Text/Bespoke/Buyer Pages/Checkout Delivery Details/input_REMOVE ITEM_popup-title'

2020-03-20 14:17:49 - [TEST_STEP][PASSED] - sendKeys(findTestObject("ADMIN/Edit Text/Bespoke/Buyer Pages/Checkout Delivery Details/textarea_You sure about removing this item from your list (Itll be gone forever)"), "*"): Keys '*' sent to object: 'Object Repository/ADMIN/Edit Text/Bespoke/Buyer Pages/Checkout Delivery Details/textarea_You sure about removing this item from your list (Itll be gone forever)'

2020-03-20 14:17:49 - [MESSAGE][PASSED] - Keys '*' sent to object: 'Object Repository/ADMIN/Edit Text/Bespoke/Buyer Pages/Checkout Delivery Details/textarea_You sure about removing this item from your list (Itll be gone forever)'

2020-03-20 14:17:49 - [TEST_STEP][PASSED] - sendKeys(findTestObject("ADMIN/Edit Text/Bespoke/Buyer Pages/Checkout Delivery Details/input_CANCEL_btn_cancel"), "*"): Keys '*' sent to object: 'Object Repository/ADMIN/Edit Text/Bespoke/Buyer Pages/Checkout Delivery Details/input_CANCEL_btn_cancel'

2020-03-20 14:17:49 - [MESSAGE][PASSED] - Keys '*' sent to object: 'Object Repository/ADMIN/Edit Text/Bespoke/Buyer Pages/Checkout Delivery Details/input_CANCEL_btn_cancel'

2020-03-20 14:17:49 - [TEST_STEP][PASSED] - sendKeys(findTestObject("ADMIN/Edit Text/Bespoke/Buyer Pages/Checkout Delivery Details/input_Okay_btn_okay"), "*"): Keys '*' sent to object: 'Object Repository/ADMIN/Edit Text/Bespoke/Buyer Pages/Checkout Delivery Details/input_Okay_btn_okay'

2020-03-20 14:17:49 - [MESSAGE][PASSED] - Keys '*' sent to object: 'Object Repository/ADMIN/Edit Text/Bespoke/Buyer Pages/Checkout Delivery Details/input_Okay_btn_okay'

2020-03-20 14:17:49 - [TEST_STEP][PASSED] - click(findTestObject("ADMIN/Edit Text/Bespoke/Buyer Pages/Homepage/button_save"), CONTINUE_ON_FAILURE): Object: 'Object Repository/ADMIN/Edit Text/Bespoke/Buyer Pages/Homepage/button_save' is clicked on

2020-03-20 14:17:50 - [MESSAGE][PASSED] - Object: 'Object Repository/ADMIN/Edit Text/Bespoke/Buyer Pages/Homepage/button_save' is clicked on

2020-03-20 14:17:50 - [TEST_STEP][PASSED] - waitForElementVisible(findTestObject("ADMIN/Edit Text/Bespoke/Buyer Pages/Homepage/toaster_success"), 0): Object 'Object Repository/ADMIN/Edit Text/Bespoke/Buyer Pages/Homepage/toaster_success' is visible

2020-03-20 14:17:50 - [MESSAGE][WARNING] - Timeout '0' is invalid. Using default page load timeout: '30'

2020-03-20 14:17:50 - [MESSAGE][PASSED] - Object 'Object Repository/ADMIN/Edit Text/Bespoke/Buyer Pages/Homepage/toaster_success' is visible]]></system-out>
         <system-err><![CDATA[]]></system-err>
      </testcase>
      <testcase name="Test Cases/ADMIN/Language/Edit Text/Bespoke/Buyer Pages/Checkout Delivery" time="8.469" classname="Test Cases/ADMIN/Language/Edit Text/Bespoke/Buyer Pages/Checkout Delivery" status="PASSED">
         <system-out><![CDATA[2020-03-20 14:17:50 - [TEST_CASE][PASSED] - Test Cases/ADMIN/Language/Edit Text/Bespoke/Buyer Pages/Checkout Delivery: Test Cases/ADMIN/Language/Edit Text/Bespoke/Buyer Pages/Checkout Delivery

2020-03-20 14:17:50 - [TEST_STEP][PASSED] - waitForElementVisible(findTestObject("ADMIN/Edit Text/Bespoke/Buyer Navigation/dd_language"), 0): Object 'Object Repository/ADMIN/Edit Text/Bespoke/Buyer Navigation/dd_language' is visible

2020-03-20 14:17:50 - [MESSAGE][WARNING] - Timeout '0' is invalid. Using default page load timeout: '30'

2020-03-20 14:17:51 - [MESSAGE][PASSED] - Object 'Object Repository/ADMIN/Edit Text/Bespoke/Buyer Navigation/dd_language' is visible

2020-03-20 14:17:51 - [TEST_STEP][PASSED] - selectOptionByLabel(findTestObject("ADMIN/Edit Text/Bespoke/Buyer Navigation/dd_language"), varLanguage, false): All options with label 'Arabic' are selected in object 'Object Repository/ADMIN/Edit Text/Bespoke/Buyer Navigation/dd_language' 

2020-03-20 14:17:52 - [MESSAGE][PASSED] - All options with label 'Arabic' are selected in object 'Object Repository/ADMIN/Edit Text/Bespoke/Buyer Navigation/dd_language' 

2020-03-20 14:17:52 - [TEST_STEP][PASSED] - sendKeys(findTestObject("ADMIN/Edit Text/Bespoke/Buyer Pages/Checkout Delivery Details/input_DELIVERY_tab-title"), "*"): Keys '*' sent to object: 'Object Repository/ADMIN/Edit Text/Bespoke/Buyer Pages/Checkout Delivery Details/input_DELIVERY_tab-title'

2020-03-20 14:17:52 - [MESSAGE][PASSED] - Keys '*' sent to object: 'Object Repository/ADMIN/Edit Text/Bespoke/Buyer Pages/Checkout Delivery Details/input_DELIVERY_tab-title'

2020-03-20 14:17:52 - [TEST_STEP][PASSED] - sendKeys(findTestObject("ADMIN/Edit Text/Bespoke/Buyer Pages/Checkout Delivery Details/input_REVIEW_tab-title"), "*"): Keys '*' sent to object: 'Object Repository/ADMIN/Edit Text/Bespoke/Buyer Pages/Checkout Delivery Details/input_REVIEW_tab-title'

2020-03-20 14:17:52 - [MESSAGE][PASSED] - Keys '*' sent to object: 'Object Repository/ADMIN/Edit Text/Bespoke/Buyer Pages/Checkout Delivery Details/input_REVIEW_tab-title'

2020-03-20 14:17:52 - [TEST_STEP][PASSED] - sendKeys(findTestObject("ADMIN/Edit Text/Bespoke/Buyer Pages/Checkout Delivery Details/input_PAY_tab-title"), "*"): Keys '*' sent to object: 'Object Repository/ADMIN/Edit Text/Bespoke/Buyer Pages/Checkout Delivery Details/input_PAY_tab-title'

2020-03-20 14:17:53 - [MESSAGE][PASSED] - Keys '*' sent to object: 'Object Repository/ADMIN/Edit Text/Bespoke/Buyer Pages/Checkout Delivery Details/input_PAY_tab-title'

2020-03-20 14:17:53 - [TEST_STEP][PASSED] - sendKeys(findTestObject("ADMIN/Edit Text/Bespoke/Buyer Pages/Checkout Delivery Details/input_Already registered with us_guest-info-txt"), "*"): Keys '*' sent to object: 'Object Repository/ADMIN/Edit Text/Bespoke/Buyer Pages/Checkout Delivery Details/input_Already registered with us_guest-info-txt'

2020-03-20 14:17:53 - [MESSAGE][PASSED] - Keys '*' sent to object: 'Object Repository/ADMIN/Edit Text/Bespoke/Buyer Pages/Checkout Delivery Details/input_Already registered with us_guest-info-txt'

2020-03-20 14:17:53 - [TEST_STEP][PASSED] - sendKeys(findTestObject("ADMIN/Edit Text/Bespoke/Buyer Pages/Checkout Delivery Details/input_SIGN IN NOW_btn_next"), "*"): Keys '*' sent to object: 'Object Repository/ADMIN/Edit Text/Bespoke/Buyer Pages/Checkout Delivery Details/input_SIGN IN NOW_btn_next'

2020-03-20 14:17:53 - [MESSAGE][PASSED] - Keys '*' sent to object: 'Object Repository/ADMIN/Edit Text/Bespoke/Buyer Pages/Checkout Delivery Details/input_SIGN IN NOW_btn_next'

2020-03-20 14:17:53 - [TEST_STEP][PASSED] - sendKeys(findTestObject("ADMIN/Edit Text/Bespoke/Buyer Pages/Checkout Delivery Details/input_FIRST NAME_first-name"), "*"): Keys '*' sent to object: 'Object Repository/ADMIN/Edit Text/Bespoke/Buyer Pages/Checkout Delivery Details/input_FIRST NAME_first-name'

2020-03-20 14:17:53 - [MESSAGE][PASSED] - Keys '*' sent to object: 'Object Repository/ADMIN/Edit Text/Bespoke/Buyer Pages/Checkout Delivery Details/input_FIRST NAME_first-name'

2020-03-20 14:17:53 - [TEST_STEP][PASSED] - sendKeys(findTestObject("ADMIN/Edit Text/Bespoke/Buyer Pages/Checkout Delivery Details/input_LAST NAME_last-name"), "*"): Keys '*' sent to object: 'Object Repository/ADMIN/Edit Text/Bespoke/Buyer Pages/Checkout Delivery Details/input_LAST NAME_last-name'

2020-03-20 14:17:53 - [MESSAGE][PASSED] - Keys '*' sent to object: 'Object Repository/ADMIN/Edit Text/Bespoke/Buyer Pages/Checkout Delivery Details/input_LAST NAME_last-name'

2020-03-20 14:17:53 - [TEST_STEP][PASSED] - sendKeys(findTestObject("ADMIN/Edit Text/Bespoke/Buyer Pages/Checkout Delivery Details/input_NOTIFICATION EMAIL_notification-email"), "*"): Keys '*' sent to object: 'Object Repository/ADMIN/Edit Text/Bespoke/Buyer Pages/Checkout Delivery Details/input_NOTIFICATION EMAIL_notification-email'

2020-03-20 14:17:54 - [MESSAGE][PASSED] - Keys '*' sent to object: 'Object Repository/ADMIN/Edit Text/Bespoke/Buyer Pages/Checkout Delivery Details/input_NOTIFICATION EMAIL_notification-email'

2020-03-20 14:17:54 - [TEST_STEP][PASSED] - sendKeys(findTestObject("ADMIN/Edit Text/Bespoke/Buyer Pages/Checkout Delivery Details/input_CONTACT NUMBER_contact-number"), "*"): Keys '*' sent to object: 'Object Repository/ADMIN/Edit Text/Bespoke/Buyer Pages/Checkout Delivery Details/input_CONTACT NUMBER_contact-number'

2020-03-20 14:17:54 - [MESSAGE][PASSED] - Keys '*' sent to object: 'Object Repository/ADMIN/Edit Text/Bespoke/Buyer Pages/Checkout Delivery Details/input_CONTACT NUMBER_contact-number'

2020-03-20 14:17:54 - [TEST_STEP][PASSED] - sendKeys(findTestObject("ADMIN/Edit Text/Bespoke/Buyer Pages/Checkout Delivery Details/input_ADD NEW_btn_add"), "*"): Keys '*' sent to object: 'Object Repository/ADMIN/Edit Text/Bespoke/Buyer Pages/Checkout Delivery Details/input_ADD NEW_btn_add'

2020-03-20 14:17:55 - [MESSAGE][PASSED] - Keys '*' sent to object: 'Object Repository/ADMIN/Edit Text/Bespoke/Buyer Pages/Checkout Delivery Details/input_ADD NEW_btn_add'

2020-03-20 14:17:55 - [TEST_STEP][PASSED] - sendKeys(findTestObject("ADMIN/Edit Text/Bespoke/Buyer Pages/Checkout Delivery Details/input_SELECT ADDRESS_btn_select"), "*"): Keys '*' sent to object: 'Object Repository/ADMIN/Edit Text/Bespoke/Buyer Pages/Checkout Delivery Details/input_SELECT ADDRESS_btn_select'

2020-03-20 14:17:55 - [MESSAGE][PASSED] - Keys '*' sent to object: 'Object Repository/ADMIN/Edit Text/Bespoke/Buyer Pages/Checkout Delivery Details/input_SELECT ADDRESS_btn_select'

2020-03-20 14:17:55 - [TEST_STEP][PASSED] - sendKeys(findTestObject("ADMIN/Edit Text/Bespoke/Buyer Pages/Checkout Delivery Details/input_SELECTED_btn_selected"), "*"): Keys '*' sent to object: 'Object Repository/ADMIN/Edit Text/Bespoke/Buyer Pages/Checkout Delivery Details/input_SELECTED_btn_selected'

2020-03-20 14:17:55 - [MESSAGE][PASSED] - Keys '*' sent to object: 'Object Repository/ADMIN/Edit Text/Bespoke/Buyer Pages/Checkout Delivery Details/input_SELECTED_btn_selected'

2020-03-20 14:17:55 - [TEST_STEP][PASSED] - sendKeys(findTestObject("ADMIN/Edit Text/Bespoke/Buyer Pages/Checkout Delivery Details/input_ADDRESSEE FIRST NAME_addressee-first-name"), "*"): Keys '*' sent to object: 'Object Repository/ADMIN/Edit Text/Bespoke/Buyer Pages/Checkout Delivery Details/input_ADDRESSEE FIRST NAME_addressee-first-name'

2020-03-20 14:17:55 - [MESSAGE][PASSED] - Keys '*' sent to object: 'Object Repository/ADMIN/Edit Text/Bespoke/Buyer Pages/Checkout Delivery Details/input_ADDRESSEE FIRST NAME_addressee-first-name'

2020-03-20 14:17:55 - [TEST_STEP][PASSED] - sendKeys(findTestObject("ADMIN/Edit Text/Bespoke/Buyer Pages/Checkout Delivery Details/input_ADDRESSEE LAST NAME_addressee-last-name"), "*"): Keys '*' sent to object: 'Object Repository/ADMIN/Edit Text/Bespoke/Buyer Pages/Checkout Delivery Details/input_ADDRESSEE LAST NAME_addressee-last-name'

2020-03-20 14:17:56 - [MESSAGE][PASSED] - Keys '*' sent to object: 'Object Repository/ADMIN/Edit Text/Bespoke/Buyer Pages/Checkout Delivery Details/input_ADDRESSEE LAST NAME_addressee-last-name'

2020-03-20 14:17:56 - [TEST_STEP][PASSED] - sendKeys(findTestObject("ADMIN/Edit Text/Bespoke/Buyer Pages/Checkout Delivery Details/input_COUNTRY_delivery-country"), "*"): Keys '*' sent to object: 'Object Repository/ADMIN/Edit Text/Bespoke/Buyer Pages/Checkout Delivery Details/input_COUNTRY_delivery-country'

2020-03-20 14:17:56 - [MESSAGE][PASSED] - Keys '*' sent to object: 'Object Repository/ADMIN/Edit Text/Bespoke/Buyer Pages/Checkout Delivery Details/input_COUNTRY_delivery-country'

2020-03-20 14:17:56 - [TEST_STEP][PASSED] - sendKeys(findTestObject("ADMIN/Edit Text/Bespoke/Buyer Pages/Checkout Delivery Details/input_State_delivery-state"), "*"): Keys '*' sent to object: 'Object Repository/ADMIN/Edit Text/Bespoke/Buyer Pages/Checkout Delivery Details/input_State_delivery-state'

2020-03-20 14:17:56 - [MESSAGE][PASSED] - Keys '*' sent to object: 'Object Repository/ADMIN/Edit Text/Bespoke/Buyer Pages/Checkout Delivery Details/input_State_delivery-state'

2020-03-20 14:17:56 - [TEST_STEP][PASSED] - sendKeys(findTestObject("ADMIN/Edit Text/Bespoke/Buyer Pages/Checkout Delivery Details/input_CITY_delivery-city"), "*"): Keys '*' sent to object: 'Object Repository/ADMIN/Edit Text/Bespoke/Buyer Pages/Checkout Delivery Details/input_CITY_delivery-city'

2020-03-20 14:17:56 - [MESSAGE][PASSED] - Keys '*' sent to object: 'Object Repository/ADMIN/Edit Text/Bespoke/Buyer Pages/Checkout Delivery Details/input_CITY_delivery-city'

2020-03-20 14:17:56 - [TEST_STEP][PASSED] - sendKeys(findTestObject("ADMIN/Edit Text/Bespoke/Buyer Pages/Checkout Delivery Details/input_ADDRESS_delivery-address"), "*"): Keys '*' sent to object: 'Object Repository/ADMIN/Edit Text/Bespoke/Buyer Pages/Checkout Delivery Details/input_ADDRESS_delivery-address'

2020-03-20 14:17:56 - [MESSAGE][PASSED] - Keys '*' sent to object: 'Object Repository/ADMIN/Edit Text/Bespoke/Buyer Pages/Checkout Delivery Details/input_ADDRESS_delivery-address'

2020-03-20 14:17:56 - [TEST_STEP][PASSED] - sendKeys(findTestObject("ADMIN/Edit Text/Bespoke/Buyer Pages/Checkout Delivery Details/input_POSTAL CODE_delivery-postal-code"), "*"): Keys '*' sent to object: 'Object Repository/ADMIN/Edit Text/Bespoke/Buyer Pages/Checkout Delivery Details/input_POSTAL CODE_delivery-postal-code'

2020-03-20 14:17:57 - [MESSAGE][PASSED] - Keys '*' sent to object: 'Object Repository/ADMIN/Edit Text/Bespoke/Buyer Pages/Checkout Delivery Details/input_POSTAL CODE_delivery-postal-code'

2020-03-20 14:17:57 - [TEST_STEP][PASSED] - sendKeys(findTestObject("ADMIN/Edit Text/Bespoke/Buyer Pages/Checkout Delivery Details/input_SAVE_btn_save"), "*"): Keys '*' sent to object: 'Object Repository/ADMIN/Edit Text/Bespoke/Buyer Pages/Checkout Delivery Details/input_SAVE_btn_save'

2020-03-20 14:17:57 - [MESSAGE][PASSED] - Keys '*' sent to object: 'Object Repository/ADMIN/Edit Text/Bespoke/Buyer Pages/Checkout Delivery Details/input_SAVE_btn_save'

2020-03-20 14:17:57 - [TEST_STEP][PASSED] - sendKeys(findTestObject("ADMIN/Edit Text/Bespoke/Buyer Pages/Checkout Delivery Details/input_NEXT_btn_next"), "*"): Keys '*' sent to object: 'Object Repository/ADMIN/Edit Text/Bespoke/Buyer Pages/Checkout Delivery Details/input_NEXT_btn_next'

2020-03-20 14:17:57 - [MESSAGE][PASSED] - Keys '*' sent to object: 'Object Repository/ADMIN/Edit Text/Bespoke/Buyer Pages/Checkout Delivery Details/input_NEXT_btn_next'

2020-03-20 14:17:57 - [TEST_STEP][PASSED] - sendKeys(findTestObject("ADMIN/Edit Text/Bespoke/Buyer Pages/Checkout Delivery Details/input_REMOVE ITEM_popup-title"), "*"): Keys '*' sent to object: 'Object Repository/ADMIN/Edit Text/Bespoke/Buyer Pages/Checkout Delivery Details/input_REMOVE ITEM_popup-title'

2020-03-20 14:17:57 - [MESSAGE][PASSED] - Keys '*' sent to object: 'Object Repository/ADMIN/Edit Text/Bespoke/Buyer Pages/Checkout Delivery Details/input_REMOVE ITEM_popup-title'

2020-03-20 14:17:57 - [TEST_STEP][PASSED] - sendKeys(findTestObject("ADMIN/Edit Text/Bespoke/Buyer Pages/Checkout Delivery Details/textarea_You sure about removing this item from your list (Itll be gone forever)"), "*"): Keys '*' sent to object: 'Object Repository/ADMIN/Edit Text/Bespoke/Buyer Pages/Checkout Delivery Details/textarea_You sure about removing this item from your list (Itll be gone forever)'

2020-03-20 14:17:58 - [MESSAGE][PASSED] - Keys '*' sent to object: 'Object Repository/ADMIN/Edit Text/Bespoke/Buyer Pages/Checkout Delivery Details/textarea_You sure about removing this item from your list (Itll be gone forever)'

2020-03-20 14:17:58 - [TEST_STEP][PASSED] - sendKeys(findTestObject("ADMIN/Edit Text/Bespoke/Buyer Pages/Checkout Delivery Details/input_CANCEL_btn_cancel"), "*"): Keys '*' sent to object: 'Object Repository/ADMIN/Edit Text/Bespoke/Buyer Pages/Checkout Delivery Details/input_CANCEL_btn_cancel'

2020-03-20 14:17:58 - [MESSAGE][PASSED] - Keys '*' sent to object: 'Object Repository/ADMIN/Edit Text/Bespoke/Buyer Pages/Checkout Delivery Details/input_CANCEL_btn_cancel'

2020-03-20 14:17:58 - [TEST_STEP][PASSED] - sendKeys(findTestObject("ADMIN/Edit Text/Bespoke/Buyer Pages/Checkout Delivery Details/input_Okay_btn_okay"), "*"): Keys '*' sent to object: 'Object Repository/ADMIN/Edit Text/Bespoke/Buyer Pages/Checkout Delivery Details/input_Okay_btn_okay'

2020-03-20 14:17:58 - [MESSAGE][PASSED] - Keys '*' sent to object: 'Object Repository/ADMIN/Edit Text/Bespoke/Buyer Pages/Checkout Delivery Details/input_Okay_btn_okay'

2020-03-20 14:17:58 - [TEST_STEP][PASSED] - click(findTestObject("ADMIN/Edit Text/Bespoke/Buyer Pages/Homepage/button_save"), CONTINUE_ON_FAILURE): Object: 'Object Repository/ADMIN/Edit Text/Bespoke/Buyer Pages/Homepage/button_save' is clicked on

2020-03-20 14:17:58 - [MESSAGE][PASSED] - Object: 'Object Repository/ADMIN/Edit Text/Bespoke/Buyer Pages/Homepage/button_save' is clicked on

2020-03-20 14:17:58 - [TEST_STEP][PASSED] - waitForElementVisible(findTestObject("ADMIN/Edit Text/Bespoke/Buyer Pages/Homepage/toaster_success"), 0): Object 'Object Repository/ADMIN/Edit Text/Bespoke/Buyer Pages/Homepage/toaster_success' is visible

2020-03-20 14:17:58 - [MESSAGE][WARNING] - Timeout '0' is invalid. Using default page load timeout: '30'

2020-03-20 14:17:59 - [MESSAGE][PASSED] - Object 'Object Repository/ADMIN/Edit Text/Bespoke/Buyer Pages/Homepage/toaster_success' is visible]]></system-out>
         <system-err><![CDATA[]]></system-err>
      </testcase>
      <testcase name="Test Cases/ADMIN/Language/Edit Text/Bespoke/Buyer Pages/Checkout Delivery" time="8.295" classname="Test Cases/ADMIN/Language/Edit Text/Bespoke/Buyer Pages/Checkout Delivery" status="PASSED">
         <system-out><![CDATA[2020-03-20 14:17:59 - [TEST_CASE][PASSED] - Test Cases/ADMIN/Language/Edit Text/Bespoke/Buyer Pages/Checkout Delivery: Test Cases/ADMIN/Language/Edit Text/Bespoke/Buyer Pages/Checkout Delivery

2020-03-20 14:17:59 - [TEST_STEP][PASSED] - waitForElementVisible(findTestObject("ADMIN/Edit Text/Bespoke/Buyer Navigation/dd_language"), 0): Object 'Object Repository/ADMIN/Edit Text/Bespoke/Buyer Navigation/dd_language' is visible

2020-03-20 14:17:59 - [MESSAGE][WARNING] - Timeout '0' is invalid. Using default page load timeout: '30'

2020-03-20 14:17:59 - [MESSAGE][PASSED] - Object 'Object Repository/ADMIN/Edit Text/Bespoke/Buyer Navigation/dd_language' is visible

2020-03-20 14:17:59 - [TEST_STEP][PASSED] - selectOptionByLabel(findTestObject("ADMIN/Edit Text/Bespoke/Buyer Navigation/dd_language"), varLanguage, false): All options with label 'Dutch' are selected in object 'Object Repository/ADMIN/Edit Text/Bespoke/Buyer Navigation/dd_language' 

2020-03-20 14:18:00 - [MESSAGE][PASSED] - All options with label 'Dutch' are selected in object 'Object Repository/ADMIN/Edit Text/Bespoke/Buyer Navigation/dd_language' 

2020-03-20 14:18:00 - [TEST_STEP][PASSED] - sendKeys(findTestObject("ADMIN/Edit Text/Bespoke/Buyer Pages/Checkout Delivery Details/input_DELIVERY_tab-title"), "*"): Keys '*' sent to object: 'Object Repository/ADMIN/Edit Text/Bespoke/Buyer Pages/Checkout Delivery Details/input_DELIVERY_tab-title'

2020-03-20 14:18:00 - [MESSAGE][PASSED] - Keys '*' sent to object: 'Object Repository/ADMIN/Edit Text/Bespoke/Buyer Pages/Checkout Delivery Details/input_DELIVERY_tab-title'

2020-03-20 14:18:00 - [TEST_STEP][PASSED] - sendKeys(findTestObject("ADMIN/Edit Text/Bespoke/Buyer Pages/Checkout Delivery Details/input_REVIEW_tab-title"), "*"): Keys '*' sent to object: 'Object Repository/ADMIN/Edit Text/Bespoke/Buyer Pages/Checkout Delivery Details/input_REVIEW_tab-title'

2020-03-20 14:18:01 - [MESSAGE][PASSED] - Keys '*' sent to object: 'Object Repository/ADMIN/Edit Text/Bespoke/Buyer Pages/Checkout Delivery Details/input_REVIEW_tab-title'

2020-03-20 14:18:01 - [TEST_STEP][PASSED] - sendKeys(findTestObject("ADMIN/Edit Text/Bespoke/Buyer Pages/Checkout Delivery Details/input_PAY_tab-title"), "*"): Keys '*' sent to object: 'Object Repository/ADMIN/Edit Text/Bespoke/Buyer Pages/Checkout Delivery Details/input_PAY_tab-title'

2020-03-20 14:18:01 - [MESSAGE][PASSED] - Keys '*' sent to object: 'Object Repository/ADMIN/Edit Text/Bespoke/Buyer Pages/Checkout Delivery Details/input_PAY_tab-title'

2020-03-20 14:18:01 - [TEST_STEP][PASSED] - sendKeys(findTestObject("ADMIN/Edit Text/Bespoke/Buyer Pages/Checkout Delivery Details/input_Already registered with us_guest-info-txt"), "*"): Keys '*' sent to object: 'Object Repository/ADMIN/Edit Text/Bespoke/Buyer Pages/Checkout Delivery Details/input_Already registered with us_guest-info-txt'

2020-03-20 14:18:01 - [MESSAGE][PASSED] - Keys '*' sent to object: 'Object Repository/ADMIN/Edit Text/Bespoke/Buyer Pages/Checkout Delivery Details/input_Already registered with us_guest-info-txt'

2020-03-20 14:18:01 - [TEST_STEP][PASSED] - sendKeys(findTestObject("ADMIN/Edit Text/Bespoke/Buyer Pages/Checkout Delivery Details/input_SIGN IN NOW_btn_next"), "*"): Keys '*' sent to object: 'Object Repository/ADMIN/Edit Text/Bespoke/Buyer Pages/Checkout Delivery Details/input_SIGN IN NOW_btn_next'

2020-03-20 14:18:02 - [MESSAGE][PASSED] - Keys '*' sent to object: 'Object Repository/ADMIN/Edit Text/Bespoke/Buyer Pages/Checkout Delivery Details/input_SIGN IN NOW_btn_next'

2020-03-20 14:18:02 - [TEST_STEP][PASSED] - sendKeys(findTestObject("ADMIN/Edit Text/Bespoke/Buyer Pages/Checkout Delivery Details/input_FIRST NAME_first-name"), "*"): Keys '*' sent to object: 'Object Repository/ADMIN/Edit Text/Bespoke/Buyer Pages/Checkout Delivery Details/input_FIRST NAME_first-name'

2020-03-20 14:18:02 - [MESSAGE][PASSED] - Keys '*' sent to object: 'Object Repository/ADMIN/Edit Text/Bespoke/Buyer Pages/Checkout Delivery Details/input_FIRST NAME_first-name'

2020-03-20 14:18:02 - [TEST_STEP][PASSED] - sendKeys(findTestObject("ADMIN/Edit Text/Bespoke/Buyer Pages/Checkout Delivery Details/input_LAST NAME_last-name"), "*"): Keys '*' sent to object: 'Object Repository/ADMIN/Edit Text/Bespoke/Buyer Pages/Checkout Delivery Details/input_LAST NAME_last-name'

2020-03-20 14:18:02 - [MESSAGE][PASSED] - Keys '*' sent to object: 'Object Repository/ADMIN/Edit Text/Bespoke/Buyer Pages/Checkout Delivery Details/input_LAST NAME_last-name'

2020-03-20 14:18:02 - [TEST_STEP][PASSED] - sendKeys(findTestObject("ADMIN/Edit Text/Bespoke/Buyer Pages/Checkout Delivery Details/input_NOTIFICATION EMAIL_notification-email"), "*"): Keys '*' sent to object: 'Object Repository/ADMIN/Edit Text/Bespoke/Buyer Pages/Checkout Delivery Details/input_NOTIFICATION EMAIL_notification-email'

2020-03-20 14:18:03 - [MESSAGE][PASSED] - Keys '*' sent to object: 'Object Repository/ADMIN/Edit Text/Bespoke/Buyer Pages/Checkout Delivery Details/input_NOTIFICATION EMAIL_notification-email'

2020-03-20 14:18:03 - [TEST_STEP][PASSED] - sendKeys(findTestObject("ADMIN/Edit Text/Bespoke/Buyer Pages/Checkout Delivery Details/input_CONTACT NUMBER_contact-number"), "*"): Keys '*' sent to object: 'Object Repository/ADMIN/Edit Text/Bespoke/Buyer Pages/Checkout Delivery Details/input_CONTACT NUMBER_contact-number'

2020-03-20 14:18:03 - [MESSAGE][PASSED] - Keys '*' sent to object: 'Object Repository/ADMIN/Edit Text/Bespoke/Buyer Pages/Checkout Delivery Details/input_CONTACT NUMBER_contact-number'

2020-03-20 14:18:03 - [TEST_STEP][PASSED] - sendKeys(findTestObject("ADMIN/Edit Text/Bespoke/Buyer Pages/Checkout Delivery Details/input_ADD NEW_btn_add"), "*"): Keys '*' sent to object: 'Object Repository/ADMIN/Edit Text/Bespoke/Buyer Pages/Checkout Delivery Details/input_ADD NEW_btn_add'

2020-03-20 14:18:03 - [MESSAGE][PASSED] - Keys '*' sent to object: 'Object Repository/ADMIN/Edit Text/Bespoke/Buyer Pages/Checkout Delivery Details/input_ADD NEW_btn_add'

2020-03-20 14:18:03 - [TEST_STEP][PASSED] - sendKeys(findTestObject("ADMIN/Edit Text/Bespoke/Buyer Pages/Checkout Delivery Details/input_SELECT ADDRESS_btn_select"), "*"): Keys '*' sent to object: 'Object Repository/ADMIN/Edit Text/Bespoke/Buyer Pages/Checkout Delivery Details/input_SELECT ADDRESS_btn_select'

2020-03-20 14:18:03 - [MESSAGE][PASSED] - Keys '*' sent to object: 'Object Repository/ADMIN/Edit Text/Bespoke/Buyer Pages/Checkout Delivery Details/input_SELECT ADDRESS_btn_select'

2020-03-20 14:18:03 - [TEST_STEP][PASSED] - sendKeys(findTestObject("ADMIN/Edit Text/Bespoke/Buyer Pages/Checkout Delivery Details/input_SELECTED_btn_selected"), "*"): Keys '*' sent to object: 'Object Repository/ADMIN/Edit Text/Bespoke/Buyer Pages/Checkout Delivery Details/input_SELECTED_btn_selected'

2020-03-20 14:18:03 - [MESSAGE][PASSED] - Keys '*' sent to object: 'Object Repository/ADMIN/Edit Text/Bespoke/Buyer Pages/Checkout Delivery Details/input_SELECTED_btn_selected'

2020-03-20 14:18:03 - [TEST_STEP][PASSED] - sendKeys(findTestObject("ADMIN/Edit Text/Bespoke/Buyer Pages/Checkout Delivery Details/input_ADDRESSEE FIRST NAME_addressee-first-name"), "*"): Keys '*' sent to object: 'Object Repository/ADMIN/Edit Text/Bespoke/Buyer Pages/Checkout Delivery Details/input_ADDRESSEE FIRST NAME_addressee-first-name'

2020-03-20 14:18:04 - [MESSAGE][PASSED] - Keys '*' sent to object: 'Object Repository/ADMIN/Edit Text/Bespoke/Buyer Pages/Checkout Delivery Details/input_ADDRESSEE FIRST NAME_addressee-first-name'

2020-03-20 14:18:04 - [TEST_STEP][PASSED] - sendKeys(findTestObject("ADMIN/Edit Text/Bespoke/Buyer Pages/Checkout Delivery Details/input_ADDRESSEE LAST NAME_addressee-last-name"), "*"): Keys '*' sent to object: 'Object Repository/ADMIN/Edit Text/Bespoke/Buyer Pages/Checkout Delivery Details/input_ADDRESSEE LAST NAME_addressee-last-name'

2020-03-20 14:18:04 - [MESSAGE][PASSED] - Keys '*' sent to object: 'Object Repository/ADMIN/Edit Text/Bespoke/Buyer Pages/Checkout Delivery Details/input_ADDRESSEE LAST NAME_addressee-last-name'

2020-03-20 14:18:04 - [TEST_STEP][PASSED] - sendKeys(findTestObject("ADMIN/Edit Text/Bespoke/Buyer Pages/Checkout Delivery Details/input_COUNTRY_delivery-country"), "*"): Keys '*' sent to object: 'Object Repository/ADMIN/Edit Text/Bespoke/Buyer Pages/Checkout Delivery Details/input_COUNTRY_delivery-country'

2020-03-20 14:18:04 - [MESSAGE][PASSED] - Keys '*' sent to object: 'Object Repository/ADMIN/Edit Text/Bespoke/Buyer Pages/Checkout Delivery Details/input_COUNTRY_delivery-country'

2020-03-20 14:18:04 - [TEST_STEP][PASSED] - sendKeys(findTestObject("ADMIN/Edit Text/Bespoke/Buyer Pages/Checkout Delivery Details/input_State_delivery-state"), "*"): Keys '*' sent to object: 'Object Repository/ADMIN/Edit Text/Bespoke/Buyer Pages/Checkout Delivery Details/input_State_delivery-state'

2020-03-20 14:18:04 - [MESSAGE][PASSED] - Keys '*' sent to object: 'Object Repository/ADMIN/Edit Text/Bespoke/Buyer Pages/Checkout Delivery Details/input_State_delivery-state'

2020-03-20 14:18:04 - [TEST_STEP][PASSED] - sendKeys(findTestObject("ADMIN/Edit Text/Bespoke/Buyer Pages/Checkout Delivery Details/input_CITY_delivery-city"), "*"): Keys '*' sent to object: 'Object Repository/ADMIN/Edit Text/Bespoke/Buyer Pages/Checkout Delivery Details/input_CITY_delivery-city'

2020-03-20 14:18:04 - [MESSAGE][PASSED] - Keys '*' sent to object: 'Object Repository/ADMIN/Edit Text/Bespoke/Buyer Pages/Checkout Delivery Details/input_CITY_delivery-city'

2020-03-20 14:18:04 - [TEST_STEP][PASSED] - sendKeys(findTestObject("ADMIN/Edit Text/Bespoke/Buyer Pages/Checkout Delivery Details/input_ADDRESS_delivery-address"), "*"): Keys '*' sent to object: 'Object Repository/ADMIN/Edit Text/Bespoke/Buyer Pages/Checkout Delivery Details/input_ADDRESS_delivery-address'

2020-03-20 14:18:05 - [MESSAGE][PASSED] - Keys '*' sent to object: 'Object Repository/ADMIN/Edit Text/Bespoke/Buyer Pages/Checkout Delivery Details/input_ADDRESS_delivery-address'

2020-03-20 14:18:05 - [TEST_STEP][PASSED] - sendKeys(findTestObject("ADMIN/Edit Text/Bespoke/Buyer Pages/Checkout Delivery Details/input_POSTAL CODE_delivery-postal-code"), "*"): Keys '*' sent to object: 'Object Repository/ADMIN/Edit Text/Bespoke/Buyer Pages/Checkout Delivery Details/input_POSTAL CODE_delivery-postal-code'

2020-03-20 14:18:05 - [MESSAGE][PASSED] - Keys '*' sent to object: 'Object Repository/ADMIN/Edit Text/Bespoke/Buyer Pages/Checkout Delivery Details/input_POSTAL CODE_delivery-postal-code'

2020-03-20 14:18:05 - [TEST_STEP][PASSED] - sendKeys(findTestObject("ADMIN/Edit Text/Bespoke/Buyer Pages/Checkout Delivery Details/input_SAVE_btn_save"), "*"): Keys '*' sent to object: 'Object Repository/ADMIN/Edit Text/Bespoke/Buyer Pages/Checkout Delivery Details/input_SAVE_btn_save'

2020-03-20 14:18:05 - [MESSAGE][PASSED] - Keys '*' sent to object: 'Object Repository/ADMIN/Edit Text/Bespoke/Buyer Pages/Checkout Delivery Details/input_SAVE_btn_save'

2020-03-20 14:18:05 - [TEST_STEP][PASSED] - sendKeys(findTestObject("ADMIN/Edit Text/Bespoke/Buyer Pages/Checkout Delivery Details/input_NEXT_btn_next"), "*"): Keys '*' sent to object: 'Object Repository/ADMIN/Edit Text/Bespoke/Buyer Pages/Checkout Delivery Details/input_NEXT_btn_next'

2020-03-20 14:18:05 - [MESSAGE][PASSED] - Keys '*' sent to object: 'Object Repository/ADMIN/Edit Text/Bespoke/Buyer Pages/Checkout Delivery Details/input_NEXT_btn_next'

2020-03-20 14:18:05 - [TEST_STEP][PASSED] - sendKeys(findTestObject("ADMIN/Edit Text/Bespoke/Buyer Pages/Checkout Delivery Details/input_REMOVE ITEM_popup-title"), "*"): Keys '*' sent to object: 'Object Repository/ADMIN/Edit Text/Bespoke/Buyer Pages/Checkout Delivery Details/input_REMOVE ITEM_popup-title'

2020-03-20 14:18:06 - [MESSAGE][PASSED] - Keys '*' sent to object: 'Object Repository/ADMIN/Edit Text/Bespoke/Buyer Pages/Checkout Delivery Details/input_REMOVE ITEM_popup-title'

2020-03-20 14:18:06 - [TEST_STEP][PASSED] - sendKeys(findTestObject("ADMIN/Edit Text/Bespoke/Buyer Pages/Checkout Delivery Details/textarea_You sure about removing this item from your list (Itll be gone forever)"), "*"): Keys '*' sent to object: 'Object Repository/ADMIN/Edit Text/Bespoke/Buyer Pages/Checkout Delivery Details/textarea_You sure about removing this item from your list (Itll be gone forever)'

2020-03-20 14:18:06 - [MESSAGE][PASSED] - Keys '*' sent to object: 'Object Repository/ADMIN/Edit Text/Bespoke/Buyer Pages/Checkout Delivery Details/textarea_You sure about removing this item from your list (Itll be gone forever)'

2020-03-20 14:18:06 - [TEST_STEP][PASSED] - sendKeys(findTestObject("ADMIN/Edit Text/Bespoke/Buyer Pages/Checkout Delivery Details/input_CANCEL_btn_cancel"), "*"): Keys '*' sent to object: 'Object Repository/ADMIN/Edit Text/Bespoke/Buyer Pages/Checkout Delivery Details/input_CANCEL_btn_cancel'

2020-03-20 14:18:06 - [MESSAGE][PASSED] - Keys '*' sent to object: 'Object Repository/ADMIN/Edit Text/Bespoke/Buyer Pages/Checkout Delivery Details/input_CANCEL_btn_cancel'

2020-03-20 14:18:06 - [TEST_STEP][PASSED] - sendKeys(findTestObject("ADMIN/Edit Text/Bespoke/Buyer Pages/Checkout Delivery Details/input_Okay_btn_okay"), "*"): Keys '*' sent to object: 'Object Repository/ADMIN/Edit Text/Bespoke/Buyer Pages/Checkout Delivery Details/input_Okay_btn_okay'

2020-03-20 14:18:06 - [MESSAGE][PASSED] - Keys '*' sent to object: 'Object Repository/ADMIN/Edit Text/Bespoke/Buyer Pages/Checkout Delivery Details/input_Okay_btn_okay'

2020-03-20 14:18:06 - [TEST_STEP][PASSED] - click(findTestObject("ADMIN/Edit Text/Bespoke/Buyer Pages/Homepage/button_save"), CONTINUE_ON_FAILURE): Object: 'Object Repository/ADMIN/Edit Text/Bespoke/Buyer Pages/Homepage/button_save' is clicked on

2020-03-20 14:18:06 - [MESSAGE][PASSED] - Object: 'Object Repository/ADMIN/Edit Text/Bespoke/Buyer Pages/Homepage/button_save' is clicked on

2020-03-20 14:18:06 - [TEST_STEP][PASSED] - waitForElementVisible(findTestObject("ADMIN/Edit Text/Bespoke/Buyer Pages/Homepage/toaster_success"), 0): Object 'Object Repository/ADMIN/Edit Text/Bespoke/Buyer Pages/Homepage/toaster_success' is visible

2020-03-20 14:18:07 - [MESSAGE][WARNING] - Timeout '0' is invalid. Using default page load timeout: '30'

2020-03-20 14:18:07 - [MESSAGE][PASSED] - Object 'Object Repository/ADMIN/Edit Text/Bespoke/Buyer Pages/Homepage/toaster_success' is visible]]></system-out>
         <system-err><![CDATA[]]></system-err>
      </testcase>
      <testcase name="Test Cases/ADMIN/Language/Edit Text/Bespoke/Buyer Pages/Checkout Delivery" time="8.094" classname="Test Cases/ADMIN/Language/Edit Text/Bespoke/Buyer Pages/Checkout Delivery" status="PASSED">
         <system-out><![CDATA[2020-03-20 14:18:07 - [TEST_CASE][PASSED] - Test Cases/ADMIN/Language/Edit Text/Bespoke/Buyer Pages/Checkout Delivery: Test Cases/ADMIN/Language/Edit Text/Bespoke/Buyer Pages/Checkout Delivery

2020-03-20 14:18:07 - [TEST_STEP][PASSED] - waitForElementVisible(findTestObject("ADMIN/Edit Text/Bespoke/Buyer Navigation/dd_language"), 0): Object 'Object Repository/ADMIN/Edit Text/Bespoke/Buyer Navigation/dd_language' is visible

2020-03-20 14:18:07 - [MESSAGE][WARNING] - Timeout '0' is invalid. Using default page load timeout: '30'

2020-03-20 14:18:07 - [MESSAGE][PASSED] - Object 'Object Repository/ADMIN/Edit Text/Bespoke/Buyer Navigation/dd_language' is visible

2020-03-20 14:18:07 - [TEST_STEP][PASSED] - selectOptionByLabel(findTestObject("ADMIN/Edit Text/Bespoke/Buyer Navigation/dd_language"), varLanguage, false): All options with label 'Swedish' are selected in object 'Object Repository/ADMIN/Edit Text/Bespoke/Buyer Navigation/dd_language' 

2020-03-20 14:18:08 - [MESSAGE][PASSED] - All options with label 'Swedish' are selected in object 'Object Repository/ADMIN/Edit Text/Bespoke/Buyer Navigation/dd_language' 

2020-03-20 14:18:08 - [TEST_STEP][PASSED] - sendKeys(findTestObject("ADMIN/Edit Text/Bespoke/Buyer Pages/Checkout Delivery Details/input_DELIVERY_tab-title"), "*"): Keys '*' sent to object: 'Object Repository/ADMIN/Edit Text/Bespoke/Buyer Pages/Checkout Delivery Details/input_DELIVERY_tab-title'

2020-03-20 14:18:09 - [MESSAGE][PASSED] - Keys '*' sent to object: 'Object Repository/ADMIN/Edit Text/Bespoke/Buyer Pages/Checkout Delivery Details/input_DELIVERY_tab-title'

2020-03-20 14:18:09 - [TEST_STEP][PASSED] - sendKeys(findTestObject("ADMIN/Edit Text/Bespoke/Buyer Pages/Checkout Delivery Details/input_REVIEW_tab-title"), "*"): Keys '*' sent to object: 'Object Repository/ADMIN/Edit Text/Bespoke/Buyer Pages/Checkout Delivery Details/input_REVIEW_tab-title'

2020-03-20 14:18:09 - [MESSAGE][PASSED] - Keys '*' sent to object: 'Object Repository/ADMIN/Edit Text/Bespoke/Buyer Pages/Checkout Delivery Details/input_REVIEW_tab-title'

2020-03-20 14:18:09 - [TEST_STEP][PASSED] - sendKeys(findTestObject("ADMIN/Edit Text/Bespoke/Buyer Pages/Checkout Delivery Details/input_PAY_tab-title"), "*"): Keys '*' sent to object: 'Object Repository/ADMIN/Edit Text/Bespoke/Buyer Pages/Checkout Delivery Details/input_PAY_tab-title'

2020-03-20 14:18:09 - [MESSAGE][PASSED] - Keys '*' sent to object: 'Object Repository/ADMIN/Edit Text/Bespoke/Buyer Pages/Checkout Delivery Details/input_PAY_tab-title'

2020-03-20 14:18:09 - [TEST_STEP][PASSED] - sendKeys(findTestObject("ADMIN/Edit Text/Bespoke/Buyer Pages/Checkout Delivery Details/input_Already registered with us_guest-info-txt"), "*"): Keys '*' sent to object: 'Object Repository/ADMIN/Edit Text/Bespoke/Buyer Pages/Checkout Delivery Details/input_Already registered with us_guest-info-txt'

2020-03-20 14:18:10 - [MESSAGE][PASSED] - Keys '*' sent to object: 'Object Repository/ADMIN/Edit Text/Bespoke/Buyer Pages/Checkout Delivery Details/input_Already registered with us_guest-info-txt'

2020-03-20 14:18:10 - [TEST_STEP][PASSED] - sendKeys(findTestObject("ADMIN/Edit Text/Bespoke/Buyer Pages/Checkout Delivery Details/input_SIGN IN NOW_btn_next"), "*"): Keys '*' sent to object: 'Object Repository/ADMIN/Edit Text/Bespoke/Buyer Pages/Checkout Delivery Details/input_SIGN IN NOW_btn_next'

2020-03-20 14:18:10 - [MESSAGE][PASSED] - Keys '*' sent to object: 'Object Repository/ADMIN/Edit Text/Bespoke/Buyer Pages/Checkout Delivery Details/input_SIGN IN NOW_btn_next'

2020-03-20 14:18:10 - [TEST_STEP][PASSED] - sendKeys(findTestObject("ADMIN/Edit Text/Bespoke/Buyer Pages/Checkout Delivery Details/input_FIRST NAME_first-name"), "*"): Keys '*' sent to object: 'Object Repository/ADMIN/Edit Text/Bespoke/Buyer Pages/Checkout Delivery Details/input_FIRST NAME_first-name'

2020-03-20 14:18:10 - [MESSAGE][PASSED] - Keys '*' sent to object: 'Object Repository/ADMIN/Edit Text/Bespoke/Buyer Pages/Checkout Delivery Details/input_FIRST NAME_first-name'

2020-03-20 14:18:10 - [TEST_STEP][PASSED] - sendKeys(findTestObject("ADMIN/Edit Text/Bespoke/Buyer Pages/Checkout Delivery Details/input_LAST NAME_last-name"), "*"): Keys '*' sent to object: 'Object Repository/ADMIN/Edit Text/Bespoke/Buyer Pages/Checkout Delivery Details/input_LAST NAME_last-name'

2020-03-20 14:18:10 - [MESSAGE][PASSED] - Keys '*' sent to object: 'Object Repository/ADMIN/Edit Text/Bespoke/Buyer Pages/Checkout Delivery Details/input_LAST NAME_last-name'

2020-03-20 14:18:10 - [TEST_STEP][PASSED] - sendKeys(findTestObject("ADMIN/Edit Text/Bespoke/Buyer Pages/Checkout Delivery Details/input_NOTIFICATION EMAIL_notification-email"), "*"): Keys '*' sent to object: 'Object Repository/ADMIN/Edit Text/Bespoke/Buyer Pages/Checkout Delivery Details/input_NOTIFICATION EMAIL_notification-email'

2020-03-20 14:18:10 - [MESSAGE][PASSED] - Keys '*' sent to object: 'Object Repository/ADMIN/Edit Text/Bespoke/Buyer Pages/Checkout Delivery Details/input_NOTIFICATION EMAIL_notification-email'

2020-03-20 14:18:10 - [TEST_STEP][PASSED] - sendKeys(findTestObject("ADMIN/Edit Text/Bespoke/Buyer Pages/Checkout Delivery Details/input_CONTACT NUMBER_contact-number"), "*"): Keys '*' sent to object: 'Object Repository/ADMIN/Edit Text/Bespoke/Buyer Pages/Checkout Delivery Details/input_CONTACT NUMBER_contact-number'

2020-03-20 14:18:11 - [MESSAGE][PASSED] - Keys '*' sent to object: 'Object Repository/ADMIN/Edit Text/Bespoke/Buyer Pages/Checkout Delivery Details/input_CONTACT NUMBER_contact-number'

2020-03-20 14:18:11 - [TEST_STEP][PASSED] - sendKeys(findTestObject("ADMIN/Edit Text/Bespoke/Buyer Pages/Checkout Delivery Details/input_ADD NEW_btn_add"), "*"): Keys '*' sent to object: 'Object Repository/ADMIN/Edit Text/Bespoke/Buyer Pages/Checkout Delivery Details/input_ADD NEW_btn_add'

2020-03-20 14:18:11 - [MESSAGE][PASSED] - Keys '*' sent to object: 'Object Repository/ADMIN/Edit Text/Bespoke/Buyer Pages/Checkout Delivery Details/input_ADD NEW_btn_add'

2020-03-20 14:18:11 - [TEST_STEP][PASSED] - sendKeys(findTestObject("ADMIN/Edit Text/Bespoke/Buyer Pages/Checkout Delivery Details/input_SELECT ADDRESS_btn_select"), "*"): Keys '*' sent to object: 'Object Repository/ADMIN/Edit Text/Bespoke/Buyer Pages/Checkout Delivery Details/input_SELECT ADDRESS_btn_select'

2020-03-20 14:18:11 - [MESSAGE][PASSED] - Keys '*' sent to object: 'Object Repository/ADMIN/Edit Text/Bespoke/Buyer Pages/Checkout Delivery Details/input_SELECT ADDRESS_btn_select'

2020-03-20 14:18:11 - [TEST_STEP][PASSED] - sendKeys(findTestObject("ADMIN/Edit Text/Bespoke/Buyer Pages/Checkout Delivery Details/input_SELECTED_btn_selected"), "*"): Keys '*' sent to object: 'Object Repository/ADMIN/Edit Text/Bespoke/Buyer Pages/Checkout Delivery Details/input_SELECTED_btn_selected'

2020-03-20 14:18:11 - [MESSAGE][PASSED] - Keys '*' sent to object: 'Object Repository/ADMIN/Edit Text/Bespoke/Buyer Pages/Checkout Delivery Details/input_SELECTED_btn_selected'

2020-03-20 14:18:11 - [TEST_STEP][PASSED] - sendKeys(findTestObject("ADMIN/Edit Text/Bespoke/Buyer Pages/Checkout Delivery Details/input_ADDRESSEE FIRST NAME_addressee-first-name"), "*"): Keys '*' sent to object: 'Object Repository/ADMIN/Edit Text/Bespoke/Buyer Pages/Checkout Delivery Details/input_ADDRESSEE FIRST NAME_addressee-first-name'

2020-03-20 14:18:11 - [MESSAGE][PASSED] - Keys '*' sent to object: 'Object Repository/ADMIN/Edit Text/Bespoke/Buyer Pages/Checkout Delivery Details/input_ADDRESSEE FIRST NAME_addressee-first-name'

2020-03-20 14:18:11 - [TEST_STEP][PASSED] - sendKeys(findTestObject("ADMIN/Edit Text/Bespoke/Buyer Pages/Checkout Delivery Details/input_ADDRESSEE LAST NAME_addressee-last-name"), "*"): Keys '*' sent to object: 'Object Repository/ADMIN/Edit Text/Bespoke/Buyer Pages/Checkout Delivery Details/input_ADDRESSEE LAST NAME_addressee-last-name'

2020-03-20 14:18:12 - [MESSAGE][PASSED] - Keys '*' sent to object: 'Object Repository/ADMIN/Edit Text/Bespoke/Buyer Pages/Checkout Delivery Details/input_ADDRESSEE LAST NAME_addressee-last-name'

2020-03-20 14:18:12 - [TEST_STEP][PASSED] - sendKeys(findTestObject("ADMIN/Edit Text/Bespoke/Buyer Pages/Checkout Delivery Details/input_COUNTRY_delivery-country"), "*"): Keys '*' sent to object: 'Object Repository/ADMIN/Edit Text/Bespoke/Buyer Pages/Checkout Delivery Details/input_COUNTRY_delivery-country'

2020-03-20 14:18:12 - [MESSAGE][PASSED] - Keys '*' sent to object: 'Object Repository/ADMIN/Edit Text/Bespoke/Buyer Pages/Checkout Delivery Details/input_COUNTRY_delivery-country'

2020-03-20 14:18:12 - [TEST_STEP][PASSED] - sendKeys(findTestObject("ADMIN/Edit Text/Bespoke/Buyer Pages/Checkout Delivery Details/input_State_delivery-state"), "*"): Keys '*' sent to object: 'Object Repository/ADMIN/Edit Text/Bespoke/Buyer Pages/Checkout Delivery Details/input_State_delivery-state'

2020-03-20 14:18:12 - [MESSAGE][PASSED] - Keys '*' sent to object: 'Object Repository/ADMIN/Edit Text/Bespoke/Buyer Pages/Checkout Delivery Details/input_State_delivery-state'

2020-03-20 14:18:12 - [TEST_STEP][PASSED] - sendKeys(findTestObject("ADMIN/Edit Text/Bespoke/Buyer Pages/Checkout Delivery Details/input_CITY_delivery-city"), "*"): Keys '*' sent to object: 'Object Repository/ADMIN/Edit Text/Bespoke/Buyer Pages/Checkout Delivery Details/input_CITY_delivery-city'

2020-03-20 14:18:12 - [MESSAGE][PASSED] - Keys '*' sent to object: 'Object Repository/ADMIN/Edit Text/Bespoke/Buyer Pages/Checkout Delivery Details/input_CITY_delivery-city'

2020-03-20 14:18:12 - [TEST_STEP][PASSED] - sendKeys(findTestObject("ADMIN/Edit Text/Bespoke/Buyer Pages/Checkout Delivery Details/input_ADDRESS_delivery-address"), "*"): Keys '*' sent to object: 'Object Repository/ADMIN/Edit Text/Bespoke/Buyer Pages/Checkout Delivery Details/input_ADDRESS_delivery-address'

2020-03-20 14:18:13 - [MESSAGE][PASSED] - Keys '*' sent to object: 'Object Repository/ADMIN/Edit Text/Bespoke/Buyer Pages/Checkout Delivery Details/input_ADDRESS_delivery-address'

2020-03-20 14:18:13 - [TEST_STEP][PASSED] - sendKeys(findTestObject("ADMIN/Edit Text/Bespoke/Buyer Pages/Checkout Delivery Details/input_POSTAL CODE_delivery-postal-code"), "*"): Keys '*' sent to object: 'Object Repository/ADMIN/Edit Text/Bespoke/Buyer Pages/Checkout Delivery Details/input_POSTAL CODE_delivery-postal-code'

2020-03-20 14:18:13 - [MESSAGE][PASSED] - Keys '*' sent to object: 'Object Repository/ADMIN/Edit Text/Bespoke/Buyer Pages/Checkout Delivery Details/input_POSTAL CODE_delivery-postal-code'

2020-03-20 14:18:13 - [TEST_STEP][PASSED] - sendKeys(findTestObject("ADMIN/Edit Text/Bespoke/Buyer Pages/Checkout Delivery Details/input_SAVE_btn_save"), "*"): Keys '*' sent to object: 'Object Repository/ADMIN/Edit Text/Bespoke/Buyer Pages/Checkout Delivery Details/input_SAVE_btn_save'

2020-03-20 14:18:13 - [MESSAGE][PASSED] - Keys '*' sent to object: 'Object Repository/ADMIN/Edit Text/Bespoke/Buyer Pages/Checkout Delivery Details/input_SAVE_btn_save'

2020-03-20 14:18:13 - [TEST_STEP][PASSED] - sendKeys(findTestObject("ADMIN/Edit Text/Bespoke/Buyer Pages/Checkout Delivery Details/input_NEXT_btn_next"), "*"): Keys '*' sent to object: 'Object Repository/ADMIN/Edit Text/Bespoke/Buyer Pages/Checkout Delivery Details/input_NEXT_btn_next'

2020-03-20 14:18:13 - [MESSAGE][PASSED] - Keys '*' sent to object: 'Object Repository/ADMIN/Edit Text/Bespoke/Buyer Pages/Checkout Delivery Details/input_NEXT_btn_next'

2020-03-20 14:18:13 - [TEST_STEP][PASSED] - sendKeys(findTestObject("ADMIN/Edit Text/Bespoke/Buyer Pages/Checkout Delivery Details/input_REMOVE ITEM_popup-title"), "*"): Keys '*' sent to object: 'Object Repository/ADMIN/Edit Text/Bespoke/Buyer Pages/Checkout Delivery Details/input_REMOVE ITEM_popup-title'

2020-03-20 14:18:14 - [MESSAGE][PASSED] - Keys '*' sent to object: 'Object Repository/ADMIN/Edit Text/Bespoke/Buyer Pages/Checkout Delivery Details/input_REMOVE ITEM_popup-title'

2020-03-20 14:18:14 - [TEST_STEP][PASSED] - sendKeys(findTestObject("ADMIN/Edit Text/Bespoke/Buyer Pages/Checkout Delivery Details/textarea_You sure about removing this item from your list (Itll be gone forever)"), "*"): Keys '*' sent to object: 'Object Repository/ADMIN/Edit Text/Bespoke/Buyer Pages/Checkout Delivery Details/textarea_You sure about removing this item from your list (Itll be gone forever)'

2020-03-20 14:18:14 - [MESSAGE][PASSED] - Keys '*' sent to object: 'Object Repository/ADMIN/Edit Text/Bespoke/Buyer Pages/Checkout Delivery Details/textarea_You sure about removing this item from your list (Itll be gone forever)'

2020-03-20 14:18:14 - [TEST_STEP][PASSED] - sendKeys(findTestObject("ADMIN/Edit Text/Bespoke/Buyer Pages/Checkout Delivery Details/input_CANCEL_btn_cancel"), "*"): Keys '*' sent to object: 'Object Repository/ADMIN/Edit Text/Bespoke/Buyer Pages/Checkout Delivery Details/input_CANCEL_btn_cancel'

2020-03-20 14:18:14 - [MESSAGE][PASSED] - Keys '*' sent to object: 'Object Repository/ADMIN/Edit Text/Bespoke/Buyer Pages/Checkout Delivery Details/input_CANCEL_btn_cancel'

2020-03-20 14:18:14 - [TEST_STEP][PASSED] - sendKeys(findTestObject("ADMIN/Edit Text/Bespoke/Buyer Pages/Checkout Delivery Details/input_Okay_btn_okay"), "*"): Keys '*' sent to object: 'Object Repository/ADMIN/Edit Text/Bespoke/Buyer Pages/Checkout Delivery Details/input_Okay_btn_okay'

2020-03-20 14:18:14 - [MESSAGE][PASSED] - Keys '*' sent to object: 'Object Repository/ADMIN/Edit Text/Bespoke/Buyer Pages/Checkout Delivery Details/input_Okay_btn_okay'

2020-03-20 14:18:14 - [TEST_STEP][PASSED] - click(findTestObject("ADMIN/Edit Text/Bespoke/Buyer Pages/Homepage/button_save"), CONTINUE_ON_FAILURE): Object: 'Object Repository/ADMIN/Edit Text/Bespoke/Buyer Pages/Homepage/button_save' is clicked on

2020-03-20 14:18:14 - [MESSAGE][PASSED] - Object: 'Object Repository/ADMIN/Edit Text/Bespoke/Buyer Pages/Homepage/button_save' is clicked on

2020-03-20 14:18:14 - [TEST_STEP][PASSED] - waitForElementVisible(findTestObject("ADMIN/Edit Text/Bespoke/Buyer Pages/Homepage/toaster_success"), 0): Object 'Object Repository/ADMIN/Edit Text/Bespoke/Buyer Pages/Homepage/toaster_success' is visible

2020-03-20 14:18:15 - [MESSAGE][WARNING] - Timeout '0' is invalid. Using default page load timeout: '30'

2020-03-20 14:18:15 - [MESSAGE][PASSED] - Object 'Object Repository/ADMIN/Edit Text/Bespoke/Buyer Pages/Homepage/toaster_success' is visible]]></system-out>
         <system-err><![CDATA[]]></system-err>
      </testcase>
      <testcase name="Test Cases/ADMIN/Language/Edit Text/Bespoke/Buyer Pages/Checkout Delivery" time="7.4" classname="Test Cases/ADMIN/Language/Edit Text/Bespoke/Buyer Pages/Checkout Delivery" status="PASSED">
         <system-out><![CDATA[2020-03-20 14:18:15 - [TEST_CASE][PASSED] - Test Cases/ADMIN/Language/Edit Text/Bespoke/Buyer Pages/Checkout Delivery: Test Cases/ADMIN/Language/Edit Text/Bespoke/Buyer Pages/Checkout Delivery

2020-03-20 14:18:15 - [TEST_STEP][PASSED] - waitForElementVisible(findTestObject("ADMIN/Edit Text/Bespoke/Buyer Navigation/dd_language"), 0): Object 'Object Repository/ADMIN/Edit Text/Bespoke/Buyer Navigation/dd_language' is visible

2020-03-20 14:18:15 - [MESSAGE][WARNING] - Timeout '0' is invalid. Using default page load timeout: '30'

2020-03-20 14:18:15 - [MESSAGE][PASSED] - Object 'Object Repository/ADMIN/Edit Text/Bespoke/Buyer Navigation/dd_language' is visible

2020-03-20 14:18:15 - [TEST_STEP][PASSED] - selectOptionByLabel(findTestObject("ADMIN/Edit Text/Bespoke/Buyer Navigation/dd_language"), varLanguage, false): All options with label 'Chinese (Simplified)' are selected in object 'Object Repository/ADMIN/Edit Text/Bespoke/Buyer Navigation/dd_language' 

2020-03-20 14:18:17 - [MESSAGE][PASSED] - All options with label 'Chinese (Simplified)' are selected in object 'Object Repository/ADMIN/Edit Text/Bespoke/Buyer Navigation/dd_language' 

2020-03-20 14:18:17 - [TEST_STEP][PASSED] - sendKeys(findTestObject("ADMIN/Edit Text/Bespoke/Buyer Pages/Checkout Delivery Details/input_DELIVERY_tab-title"), "*"): Keys '*' sent to object: 'Object Repository/ADMIN/Edit Text/Bespoke/Buyer Pages/Checkout Delivery Details/input_DELIVERY_tab-title'

2020-03-20 14:18:17 - [MESSAGE][PASSED] - Keys '*' sent to object: 'Object Repository/ADMIN/Edit Text/Bespoke/Buyer Pages/Checkout Delivery Details/input_DELIVERY_tab-title'

2020-03-20 14:18:17 - [TEST_STEP][PASSED] - sendKeys(findTestObject("ADMIN/Edit Text/Bespoke/Buyer Pages/Checkout Delivery Details/input_REVIEW_tab-title"), "*"): Keys '*' sent to object: 'Object Repository/ADMIN/Edit Text/Bespoke/Buyer Pages/Checkout Delivery Details/input_REVIEW_tab-title'

2020-03-20 14:18:17 - [MESSAGE][PASSED] - Keys '*' sent to object: 'Object Repository/ADMIN/Edit Text/Bespoke/Buyer Pages/Checkout Delivery Details/input_REVIEW_tab-title'

2020-03-20 14:18:17 - [TEST_STEP][PASSED] - sendKeys(findTestObject("ADMIN/Edit Text/Bespoke/Buyer Pages/Checkout Delivery Details/input_PAY_tab-title"), "*"): Keys '*' sent to object: 'Object Repository/ADMIN/Edit Text/Bespoke/Buyer Pages/Checkout Delivery Details/input_PAY_tab-title'

2020-03-20 14:18:17 - [MESSAGE][PASSED] - Keys '*' sent to object: 'Object Repository/ADMIN/Edit Text/Bespoke/Buyer Pages/Checkout Delivery Details/input_PAY_tab-title'

2020-03-20 14:18:17 - [TEST_STEP][PASSED] - sendKeys(findTestObject("ADMIN/Edit Text/Bespoke/Buyer Pages/Checkout Delivery Details/input_Already registered with us_guest-info-txt"), "*"): Keys '*' sent to object: 'Object Repository/ADMIN/Edit Text/Bespoke/Buyer Pages/Checkout Delivery Details/input_Already registered with us_guest-info-txt'

2020-03-20 14:18:17 - [MESSAGE][PASSED] - Keys '*' sent to object: 'Object Repository/ADMIN/Edit Text/Bespoke/Buyer Pages/Checkout Delivery Details/input_Already registered with us_guest-info-txt'

2020-03-20 14:18:17 - [TEST_STEP][PASSED] - sendKeys(findTestObject("ADMIN/Edit Text/Bespoke/Buyer Pages/Checkout Delivery Details/input_SIGN IN NOW_btn_next"), "*"): Keys '*' sent to object: 'Object Repository/ADMIN/Edit Text/Bespoke/Buyer Pages/Checkout Delivery Details/input_SIGN IN NOW_btn_next'

2020-03-20 14:18:17 - [MESSAGE][PASSED] - Keys '*' sent to object: 'Object Repository/ADMIN/Edit Text/Bespoke/Buyer Pages/Checkout Delivery Details/input_SIGN IN NOW_btn_next'

2020-03-20 14:18:17 - [TEST_STEP][PASSED] - sendKeys(findTestObject("ADMIN/Edit Text/Bespoke/Buyer Pages/Checkout Delivery Details/input_FIRST NAME_first-name"), "*"): Keys '*' sent to object: 'Object Repository/ADMIN/Edit Text/Bespoke/Buyer Pages/Checkout Delivery Details/input_FIRST NAME_first-name'

2020-03-20 14:18:18 - [MESSAGE][PASSED] - Keys '*' sent to object: 'Object Repository/ADMIN/Edit Text/Bespoke/Buyer Pages/Checkout Delivery Details/input_FIRST NAME_first-name'

2020-03-20 14:18:18 - [TEST_STEP][PASSED] - sendKeys(findTestObject("ADMIN/Edit Text/Bespoke/Buyer Pages/Checkout Delivery Details/input_LAST NAME_last-name"), "*"): Keys '*' sent to object: 'Object Repository/ADMIN/Edit Text/Bespoke/Buyer Pages/Checkout Delivery Details/input_LAST NAME_last-name'

2020-03-20 14:18:18 - [MESSAGE][PASSED] - Keys '*' sent to object: 'Object Repository/ADMIN/Edit Text/Bespoke/Buyer Pages/Checkout Delivery Details/input_LAST NAME_last-name'

2020-03-20 14:18:18 - [TEST_STEP][PASSED] - sendKeys(findTestObject("ADMIN/Edit Text/Bespoke/Buyer Pages/Checkout Delivery Details/input_NOTIFICATION EMAIL_notification-email"), "*"): Keys '*' sent to object: 'Object Repository/ADMIN/Edit Text/Bespoke/Buyer Pages/Checkout Delivery Details/input_NOTIFICATION EMAIL_notification-email'

2020-03-20 14:18:18 - [MESSAGE][PASSED] - Keys '*' sent to object: 'Object Repository/ADMIN/Edit Text/Bespoke/Buyer Pages/Checkout Delivery Details/input_NOTIFICATION EMAIL_notification-email'

2020-03-20 14:18:18 - [TEST_STEP][PASSED] - sendKeys(findTestObject("ADMIN/Edit Text/Bespoke/Buyer Pages/Checkout Delivery Details/input_CONTACT NUMBER_contact-number"), "*"): Keys '*' sent to object: 'Object Repository/ADMIN/Edit Text/Bespoke/Buyer Pages/Checkout Delivery Details/input_CONTACT NUMBER_contact-number'

2020-03-20 14:18:18 - [MESSAGE][PASSED] - Keys '*' sent to object: 'Object Repository/ADMIN/Edit Text/Bespoke/Buyer Pages/Checkout Delivery Details/input_CONTACT NUMBER_contact-number'

2020-03-20 14:18:18 - [TEST_STEP][PASSED] - sendKeys(findTestObject("ADMIN/Edit Text/Bespoke/Buyer Pages/Checkout Delivery Details/input_ADD NEW_btn_add"), "*"): Keys '*' sent to object: 'Object Repository/ADMIN/Edit Text/Bespoke/Buyer Pages/Checkout Delivery Details/input_ADD NEW_btn_add'

2020-03-20 14:18:18 - [MESSAGE][PASSED] - Keys '*' sent to object: 'Object Repository/ADMIN/Edit Text/Bespoke/Buyer Pages/Checkout Delivery Details/input_ADD NEW_btn_add'

2020-03-20 14:18:18 - [TEST_STEP][PASSED] - sendKeys(findTestObject("ADMIN/Edit Text/Bespoke/Buyer Pages/Checkout Delivery Details/input_SELECT ADDRESS_btn_select"), "*"): Keys '*' sent to object: 'Object Repository/ADMIN/Edit Text/Bespoke/Buyer Pages/Checkout Delivery Details/input_SELECT ADDRESS_btn_select'

2020-03-20 14:18:19 - [MESSAGE][PASSED] - Keys '*' sent to object: 'Object Repository/ADMIN/Edit Text/Bespoke/Buyer Pages/Checkout Delivery Details/input_SELECT ADDRESS_btn_select'

2020-03-20 14:18:19 - [TEST_STEP][PASSED] - sendKeys(findTestObject("ADMIN/Edit Text/Bespoke/Buyer Pages/Checkout Delivery Details/input_SELECTED_btn_selected"), "*"): Keys '*' sent to object: 'Object Repository/ADMIN/Edit Text/Bespoke/Buyer Pages/Checkout Delivery Details/input_SELECTED_btn_selected'

2020-03-20 14:18:19 - [MESSAGE][PASSED] - Keys '*' sent to object: 'Object Repository/ADMIN/Edit Text/Bespoke/Buyer Pages/Checkout Delivery Details/input_SELECTED_btn_selected'

2020-03-20 14:18:19 - [TEST_STEP][PASSED] - sendKeys(findTestObject("ADMIN/Edit Text/Bespoke/Buyer Pages/Checkout Delivery Details/input_ADDRESSEE FIRST NAME_addressee-first-name"), "*"): Keys '*' sent to object: 'Object Repository/ADMIN/Edit Text/Bespoke/Buyer Pages/Checkout Delivery Details/input_ADDRESSEE FIRST NAME_addressee-first-name'

2020-03-20 14:18:19 - [MESSAGE][PASSED] - Keys '*' sent to object: 'Object Repository/ADMIN/Edit Text/Bespoke/Buyer Pages/Checkout Delivery Details/input_ADDRESSEE FIRST NAME_addressee-first-name'

2020-03-20 14:18:19 - [TEST_STEP][PASSED] - sendKeys(findTestObject("ADMIN/Edit Text/Bespoke/Buyer Pages/Checkout Delivery Details/input_ADDRESSEE LAST NAME_addressee-last-name"), "*"): Keys '*' sent to object: 'Object Repository/ADMIN/Edit Text/Bespoke/Buyer Pages/Checkout Delivery Details/input_ADDRESSEE LAST NAME_addressee-last-name'

2020-03-20 14:18:19 - [MESSAGE][PASSED] - Keys '*' sent to object: 'Object Repository/ADMIN/Edit Text/Bespoke/Buyer Pages/Checkout Delivery Details/input_ADDRESSEE LAST NAME_addressee-last-name'

2020-03-20 14:18:19 - [TEST_STEP][PASSED] - sendKeys(findTestObject("ADMIN/Edit Text/Bespoke/Buyer Pages/Checkout Delivery Details/input_COUNTRY_delivery-country"), "*"): Keys '*' sent to object: 'Object Repository/ADMIN/Edit Text/Bespoke/Buyer Pages/Checkout Delivery Details/input_COUNTRY_delivery-country'

2020-03-20 14:18:20 - [MESSAGE][PASSED] - Keys '*' sent to object: 'Object Repository/ADMIN/Edit Text/Bespoke/Buyer Pages/Checkout Delivery Details/input_COUNTRY_delivery-country'

2020-03-20 14:18:20 - [TEST_STEP][PASSED] - sendKeys(findTestObject("ADMIN/Edit Text/Bespoke/Buyer Pages/Checkout Delivery Details/input_State_delivery-state"), "*"): Keys '*' sent to object: 'Object Repository/ADMIN/Edit Text/Bespoke/Buyer Pages/Checkout Delivery Details/input_State_delivery-state'

2020-03-20 14:18:20 - [MESSAGE][PASSED] - Keys '*' sent to object: 'Object Repository/ADMIN/Edit Text/Bespoke/Buyer Pages/Checkout Delivery Details/input_State_delivery-state'

2020-03-20 14:18:20 - [TEST_STEP][PASSED] - sendKeys(findTestObject("ADMIN/Edit Text/Bespoke/Buyer Pages/Checkout Delivery Details/input_CITY_delivery-city"), "*"): Keys '*' sent to object: 'Object Repository/ADMIN/Edit Text/Bespoke/Buyer Pages/Checkout Delivery Details/input_CITY_delivery-city'

2020-03-20 14:18:20 - [MESSAGE][PASSED] - Keys '*' sent to object: 'Object Repository/ADMIN/Edit Text/Bespoke/Buyer Pages/Checkout Delivery Details/input_CITY_delivery-city'

2020-03-20 14:18:20 - [TEST_STEP][PASSED] - sendKeys(findTestObject("ADMIN/Edit Text/Bespoke/Buyer Pages/Checkout Delivery Details/input_ADDRESS_delivery-address"), "*"): Keys '*' sent to object: 'Object Repository/ADMIN/Edit Text/Bespoke/Buyer Pages/Checkout Delivery Details/input_ADDRESS_delivery-address'

2020-03-20 14:18:20 - [MESSAGE][PASSED] - Keys '*' sent to object: 'Object Repository/ADMIN/Edit Text/Bespoke/Buyer Pages/Checkout Delivery Details/input_ADDRESS_delivery-address'

2020-03-20 14:18:20 - [TEST_STEP][PASSED] - sendKeys(findTestObject("ADMIN/Edit Text/Bespoke/Buyer Pages/Checkout Delivery Details/input_POSTAL CODE_delivery-postal-code"), "*"): Keys '*' sent to object: 'Object Repository/ADMIN/Edit Text/Bespoke/Buyer Pages/Checkout Delivery Details/input_POSTAL CODE_delivery-postal-code'

2020-03-20 14:18:20 - [MESSAGE][PASSED] - Keys '*' sent to object: 'Object Repository/ADMIN/Edit Text/Bespoke/Buyer Pages/Checkout Delivery Details/input_POSTAL CODE_delivery-postal-code'

2020-03-20 14:18:20 - [TEST_STEP][PASSED] - sendKeys(findTestObject("ADMIN/Edit Text/Bespoke/Buyer Pages/Checkout Delivery Details/input_SAVE_btn_save"), "*"): Keys '*' sent to object: 'Object Repository/ADMIN/Edit Text/Bespoke/Buyer Pages/Checkout Delivery Details/input_SAVE_btn_save'

2020-03-20 14:18:21 - [MESSAGE][PASSED] - Keys '*' sent to object: 'Object Repository/ADMIN/Edit Text/Bespoke/Buyer Pages/Checkout Delivery Details/input_SAVE_btn_save'

2020-03-20 14:18:21 - [TEST_STEP][PASSED] - sendKeys(findTestObject("ADMIN/Edit Text/Bespoke/Buyer Pages/Checkout Delivery Details/input_NEXT_btn_next"), "*"): Keys '*' sent to object: 'Object Repository/ADMIN/Edit Text/Bespoke/Buyer Pages/Checkout Delivery Details/input_NEXT_btn_next'

2020-03-20 14:18:21 - [MESSAGE][PASSED] - Keys '*' sent to object: 'Object Repository/ADMIN/Edit Text/Bespoke/Buyer Pages/Checkout Delivery Details/input_NEXT_btn_next'

2020-03-20 14:18:21 - [TEST_STEP][PASSED] - sendKeys(findTestObject("ADMIN/Edit Text/Bespoke/Buyer Pages/Checkout Delivery Details/input_REMOVE ITEM_popup-title"), "*"): Keys '*' sent to object: 'Object Repository/ADMIN/Edit Text/Bespoke/Buyer Pages/Checkout Delivery Details/input_REMOVE ITEM_popup-title'

2020-03-20 14:18:21 - [MESSAGE][PASSED] - Keys '*' sent to object: 'Object Repository/ADMIN/Edit Text/Bespoke/Buyer Pages/Checkout Delivery Details/input_REMOVE ITEM_popup-title'

2020-03-20 14:18:21 - [TEST_STEP][PASSED] - sendKeys(findTestObject("ADMIN/Edit Text/Bespoke/Buyer Pages/Checkout Delivery Details/textarea_You sure about removing this item from your list (Itll be gone forever)"), "*"): Keys '*' sent to object: 'Object Repository/ADMIN/Edit Text/Bespoke/Buyer Pages/Checkout Delivery Details/textarea_You sure about removing this item from your list (Itll be gone forever)'

2020-03-20 14:18:21 - [MESSAGE][PASSED] - Keys '*' sent to object: 'Object Repository/ADMIN/Edit Text/Bespoke/Buyer Pages/Checkout Delivery Details/textarea_You sure about removing this item from your list (Itll be gone forever)'

2020-03-20 14:18:21 - [TEST_STEP][PASSED] - sendKeys(findTestObject("ADMIN/Edit Text/Bespoke/Buyer Pages/Checkout Delivery Details/input_CANCEL_btn_cancel"), "*"): Keys '*' sent to object: 'Object Repository/ADMIN/Edit Text/Bespoke/Buyer Pages/Checkout Delivery Details/input_CANCEL_btn_cancel'

2020-03-20 14:18:21 - [MESSAGE][PASSED] - Keys '*' sent to object: 'Object Repository/ADMIN/Edit Text/Bespoke/Buyer Pages/Checkout Delivery Details/input_CANCEL_btn_cancel'

2020-03-20 14:18:21 - [TEST_STEP][PASSED] - sendKeys(findTestObject("ADMIN/Edit Text/Bespoke/Buyer Pages/Checkout Delivery Details/input_Okay_btn_okay"), "*"): Keys '*' sent to object: 'Object Repository/ADMIN/Edit Text/Bespoke/Buyer Pages/Checkout Delivery Details/input_Okay_btn_okay'

2020-03-20 14:18:22 - [MESSAGE][PASSED] - Keys '*' sent to object: 'Object Repository/ADMIN/Edit Text/Bespoke/Buyer Pages/Checkout Delivery Details/input_Okay_btn_okay'

2020-03-20 14:18:22 - [TEST_STEP][PASSED] - click(findTestObject("ADMIN/Edit Text/Bespoke/Buyer Pages/Homepage/button_save"), CONTINUE_ON_FAILURE): Object: 'Object Repository/ADMIN/Edit Text/Bespoke/Buyer Pages/Homepage/button_save' is clicked on

2020-03-20 14:18:22 - [MESSAGE][PASSED] - Object: 'Object Repository/ADMIN/Edit Text/Bespoke/Buyer Pages/Homepage/button_save' is clicked on

2020-03-20 14:18:22 - [TEST_STEP][PASSED] - waitForElementVisible(findTestObject("ADMIN/Edit Text/Bespoke/Buyer Pages/Homepage/toaster_success"), 0): Object 'Object Repository/ADMIN/Edit Text/Bespoke/Buyer Pages/Homepage/toaster_success' is visible

2020-03-20 14:18:22 - [MESSAGE][WARNING] - Timeout '0' is invalid. Using default page load timeout: '30'

2020-03-20 14:18:23 - [MESSAGE][PASSED] - Object 'Object Repository/ADMIN/Edit Text/Bespoke/Buyer Pages/Homepage/toaster_success' is visible]]></system-out>
         <system-err><![CDATA[]]></system-err>
      </testcase>
      <testcase name="Test Cases/ADMIN/Language/Edit Text/Bespoke/Buyer Pages/Checkout Delivery" time="8.261" classname="Test Cases/ADMIN/Language/Edit Text/Bespoke/Buyer Pages/Checkout Delivery" status="PASSED">
         <system-out><![CDATA[2020-03-20 14:18:23 - [TEST_CASE][PASSED] - Test Cases/ADMIN/Language/Edit Text/Bespoke/Buyer Pages/Checkout Delivery: Test Cases/ADMIN/Language/Edit Text/Bespoke/Buyer Pages/Checkout Delivery

2020-03-20 14:18:23 - [TEST_STEP][PASSED] - waitForElementVisible(findTestObject("ADMIN/Edit Text/Bespoke/Buyer Navigation/dd_language"), 0): Object 'Object Repository/ADMIN/Edit Text/Bespoke/Buyer Navigation/dd_language' is visible

2020-03-20 14:18:23 - [MESSAGE][WARNING] - Timeout '0' is invalid. Using default page load timeout: '30'

2020-03-20 14:18:23 - [MESSAGE][PASSED] - Object 'Object Repository/ADMIN/Edit Text/Bespoke/Buyer Navigation/dd_language' is visible

2020-03-20 14:18:23 - [TEST_STEP][PASSED] - selectOptionByLabel(findTestObject("ADMIN/Edit Text/Bespoke/Buyer Navigation/dd_language"), varLanguage, false): All options with label 'Hebrew' are selected in object 'Object Repository/ADMIN/Edit Text/Bespoke/Buyer Navigation/dd_language' 

2020-03-20 14:18:24 - [MESSAGE][PASSED] - All options with label 'Hebrew' are selected in object 'Object Repository/ADMIN/Edit Text/Bespoke/Buyer Navigation/dd_language' 

2020-03-20 14:18:24 - [TEST_STEP][PASSED] - sendKeys(findTestObject("ADMIN/Edit Text/Bespoke/Buyer Pages/Checkout Delivery Details/input_DELIVERY_tab-title"), "*"): Keys '*' sent to object: 'Object Repository/ADMIN/Edit Text/Bespoke/Buyer Pages/Checkout Delivery Details/input_DELIVERY_tab-title'

2020-03-20 14:18:24 - [MESSAGE][PASSED] - Keys '*' sent to object: 'Object Repository/ADMIN/Edit Text/Bespoke/Buyer Pages/Checkout Delivery Details/input_DELIVERY_tab-title'

2020-03-20 14:18:24 - [TEST_STEP][PASSED] - sendKeys(findTestObject("ADMIN/Edit Text/Bespoke/Buyer Pages/Checkout Delivery Details/input_REVIEW_tab-title"), "*"): Keys '*' sent to object: 'Object Repository/ADMIN/Edit Text/Bespoke/Buyer Pages/Checkout Delivery Details/input_REVIEW_tab-title'

2020-03-20 14:18:25 - [MESSAGE][PASSED] - Keys '*' sent to object: 'Object Repository/ADMIN/Edit Text/Bespoke/Buyer Pages/Checkout Delivery Details/input_REVIEW_tab-title'

2020-03-20 14:18:25 - [TEST_STEP][PASSED] - sendKeys(findTestObject("ADMIN/Edit Text/Bespoke/Buyer Pages/Checkout Delivery Details/input_PAY_tab-title"), "*"): Keys '*' sent to object: 'Object Repository/ADMIN/Edit Text/Bespoke/Buyer Pages/Checkout Delivery Details/input_PAY_tab-title'

2020-03-20 14:18:25 - [MESSAGE][PASSED] - Keys '*' sent to object: 'Object Repository/ADMIN/Edit Text/Bespoke/Buyer Pages/Checkout Delivery Details/input_PAY_tab-title'

2020-03-20 14:18:25 - [TEST_STEP][PASSED] - sendKeys(findTestObject("ADMIN/Edit Text/Bespoke/Buyer Pages/Checkout Delivery Details/input_Already registered with us_guest-info-txt"), "*"): Keys '*' sent to object: 'Object Repository/ADMIN/Edit Text/Bespoke/Buyer Pages/Checkout Delivery Details/input_Already registered with us_guest-info-txt'

2020-03-20 14:18:25 - [MESSAGE][PASSED] - Keys '*' sent to object: 'Object Repository/ADMIN/Edit Text/Bespoke/Buyer Pages/Checkout Delivery Details/input_Already registered with us_guest-info-txt'

2020-03-20 14:18:25 - [TEST_STEP][PASSED] - sendKeys(findTestObject("ADMIN/Edit Text/Bespoke/Buyer Pages/Checkout Delivery Details/input_SIGN IN NOW_btn_next"), "*"): Keys '*' sent to object: 'Object Repository/ADMIN/Edit Text/Bespoke/Buyer Pages/Checkout Delivery Details/input_SIGN IN NOW_btn_next'

2020-03-20 14:18:25 - [MESSAGE][PASSED] - Keys '*' sent to object: 'Object Repository/ADMIN/Edit Text/Bespoke/Buyer Pages/Checkout Delivery Details/input_SIGN IN NOW_btn_next'

2020-03-20 14:18:25 - [TEST_STEP][PASSED] - sendKeys(findTestObject("ADMIN/Edit Text/Bespoke/Buyer Pages/Checkout Delivery Details/input_FIRST NAME_first-name"), "*"): Keys '*' sent to object: 'Object Repository/ADMIN/Edit Text/Bespoke/Buyer Pages/Checkout Delivery Details/input_FIRST NAME_first-name'

2020-03-20 14:18:25 - [MESSAGE][PASSED] - Keys '*' sent to object: 'Object Repository/ADMIN/Edit Text/Bespoke/Buyer Pages/Checkout Delivery Details/input_FIRST NAME_first-name'

2020-03-20 14:18:25 - [TEST_STEP][PASSED] - sendKeys(findTestObject("ADMIN/Edit Text/Bespoke/Buyer Pages/Checkout Delivery Details/input_LAST NAME_last-name"), "*"): Keys '*' sent to object: 'Object Repository/ADMIN/Edit Text/Bespoke/Buyer Pages/Checkout Delivery Details/input_LAST NAME_last-name'

2020-03-20 14:18:26 - [MESSAGE][PASSED] - Keys '*' sent to object: 'Object Repository/ADMIN/Edit Text/Bespoke/Buyer Pages/Checkout Delivery Details/input_LAST NAME_last-name'

2020-03-20 14:18:26 - [TEST_STEP][PASSED] - sendKeys(findTestObject("ADMIN/Edit Text/Bespoke/Buyer Pages/Checkout Delivery Details/input_NOTIFICATION EMAIL_notification-email"), "*"): Keys '*' sent to object: 'Object Repository/ADMIN/Edit Text/Bespoke/Buyer Pages/Checkout Delivery Details/input_NOTIFICATION EMAIL_notification-email'

2020-03-20 14:18:26 - [MESSAGE][PASSED] - Keys '*' sent to object: 'Object Repository/ADMIN/Edit Text/Bespoke/Buyer Pages/Checkout Delivery Details/input_NOTIFICATION EMAIL_notification-email'

2020-03-20 14:18:26 - [TEST_STEP][PASSED] - sendKeys(findTestObject("ADMIN/Edit Text/Bespoke/Buyer Pages/Checkout Delivery Details/input_CONTACT NUMBER_contact-number"), "*"): Keys '*' sent to object: 'Object Repository/ADMIN/Edit Text/Bespoke/Buyer Pages/Checkout Delivery Details/input_CONTACT NUMBER_contact-number'

2020-03-20 14:18:26 - [MESSAGE][PASSED] - Keys '*' sent to object: 'Object Repository/ADMIN/Edit Text/Bespoke/Buyer Pages/Checkout Delivery Details/input_CONTACT NUMBER_contact-number'

2020-03-20 14:18:26 - [TEST_STEP][PASSED] - sendKeys(findTestObject("ADMIN/Edit Text/Bespoke/Buyer Pages/Checkout Delivery Details/input_ADD NEW_btn_add"), "*"): Keys '*' sent to object: 'Object Repository/ADMIN/Edit Text/Bespoke/Buyer Pages/Checkout Delivery Details/input_ADD NEW_btn_add'

2020-03-20 14:18:26 - [MESSAGE][PASSED] - Keys '*' sent to object: 'Object Repository/ADMIN/Edit Text/Bespoke/Buyer Pages/Checkout Delivery Details/input_ADD NEW_btn_add'

2020-03-20 14:18:26 - [TEST_STEP][PASSED] - sendKeys(findTestObject("ADMIN/Edit Text/Bespoke/Buyer Pages/Checkout Delivery Details/input_SELECT ADDRESS_btn_select"), "*"): Keys '*' sent to object: 'Object Repository/ADMIN/Edit Text/Bespoke/Buyer Pages/Checkout Delivery Details/input_SELECT ADDRESS_btn_select'

2020-03-20 14:18:27 - [MESSAGE][PASSED] - Keys '*' sent to object: 'Object Repository/ADMIN/Edit Text/Bespoke/Buyer Pages/Checkout Delivery Details/input_SELECT ADDRESS_btn_select'

2020-03-20 14:18:27 - [TEST_STEP][PASSED] - sendKeys(findTestObject("ADMIN/Edit Text/Bespoke/Buyer Pages/Checkout Delivery Details/input_SELECTED_btn_selected"), "*"): Keys '*' sent to object: 'Object Repository/ADMIN/Edit Text/Bespoke/Buyer Pages/Checkout Delivery Details/input_SELECTED_btn_selected'

2020-03-20 14:18:27 - [MESSAGE][PASSED] - Keys '*' sent to object: 'Object Repository/ADMIN/Edit Text/Bespoke/Buyer Pages/Checkout Delivery Details/input_SELECTED_btn_selected'

2020-03-20 14:18:27 - [TEST_STEP][PASSED] - sendKeys(findTestObject("ADMIN/Edit Text/Bespoke/Buyer Pages/Checkout Delivery Details/input_ADDRESSEE FIRST NAME_addressee-first-name"), "*"): Keys '*' sent to object: 'Object Repository/ADMIN/Edit Text/Bespoke/Buyer Pages/Checkout Delivery Details/input_ADDRESSEE FIRST NAME_addressee-first-name'

2020-03-20 14:18:27 - [MESSAGE][PASSED] - Keys '*' sent to object: 'Object Repository/ADMIN/Edit Text/Bespoke/Buyer Pages/Checkout Delivery Details/input_ADDRESSEE FIRST NAME_addressee-first-name'

2020-03-20 14:18:27 - [TEST_STEP][PASSED] - sendKeys(findTestObject("ADMIN/Edit Text/Bespoke/Buyer Pages/Checkout Delivery Details/input_ADDRESSEE LAST NAME_addressee-last-name"), "*"): Keys '*' sent to object: 'Object Repository/ADMIN/Edit Text/Bespoke/Buyer Pages/Checkout Delivery Details/input_ADDRESSEE LAST NAME_addressee-last-name'

2020-03-20 14:18:27 - [MESSAGE][PASSED] - Keys '*' sent to object: 'Object Repository/ADMIN/Edit Text/Bespoke/Buyer Pages/Checkout Delivery Details/input_ADDRESSEE LAST NAME_addressee-last-name'

2020-03-20 14:18:27 - [TEST_STEP][PASSED] - sendKeys(findTestObject("ADMIN/Edit Text/Bespoke/Buyer Pages/Checkout Delivery Details/input_COUNTRY_delivery-country"), "*"): Keys '*' sent to object: 'Object Repository/ADMIN/Edit Text/Bespoke/Buyer Pages/Checkout Delivery Details/input_COUNTRY_delivery-country'

2020-03-20 14:18:28 - [MESSAGE][PASSED] - Keys '*' sent to object: 'Object Repository/ADMIN/Edit Text/Bespoke/Buyer Pages/Checkout Delivery Details/input_COUNTRY_delivery-country'

2020-03-20 14:18:28 - [TEST_STEP][PASSED] - sendKeys(findTestObject("ADMIN/Edit Text/Bespoke/Buyer Pages/Checkout Delivery Details/input_State_delivery-state"), "*"): Keys '*' sent to object: 'Object Repository/ADMIN/Edit Text/Bespoke/Buyer Pages/Checkout Delivery Details/input_State_delivery-state'

2020-03-20 14:18:28 - [MESSAGE][PASSED] - Keys '*' sent to object: 'Object Repository/ADMIN/Edit Text/Bespoke/Buyer Pages/Checkout Delivery Details/input_State_delivery-state'

2020-03-20 14:18:28 - [TEST_STEP][PASSED] - sendKeys(findTestObject("ADMIN/Edit Text/Bespoke/Buyer Pages/Checkout Delivery Details/input_CITY_delivery-city"), "*"): Keys '*' sent to object: 'Object Repository/ADMIN/Edit Text/Bespoke/Buyer Pages/Checkout Delivery Details/input_CITY_delivery-city'

2020-03-20 14:18:28 - [MESSAGE][PASSED] - Keys '*' sent to object: 'Object Repository/ADMIN/Edit Text/Bespoke/Buyer Pages/Checkout Delivery Details/input_CITY_delivery-city'

2020-03-20 14:18:28 - [TEST_STEP][PASSED] - sendKeys(findTestObject("ADMIN/Edit Text/Bespoke/Buyer Pages/Checkout Delivery Details/input_ADDRESS_delivery-address"), "*"): Keys '*' sent to object: 'Object Repository/ADMIN/Edit Text/Bespoke/Buyer Pages/Checkout Delivery Details/input_ADDRESS_delivery-address'

2020-03-20 14:18:28 - [MESSAGE][PASSED] - Keys '*' sent to object: 'Object Repository/ADMIN/Edit Text/Bespoke/Buyer Pages/Checkout Delivery Details/input_ADDRESS_delivery-address'

2020-03-20 14:18:28 - [TEST_STEP][PASSED] - sendKeys(findTestObject("ADMIN/Edit Text/Bespoke/Buyer Pages/Checkout Delivery Details/input_POSTAL CODE_delivery-postal-code"), "*"): Keys '*' sent to object: 'Object Repository/ADMIN/Edit Text/Bespoke/Buyer Pages/Checkout Delivery Details/input_POSTAL CODE_delivery-postal-code'

2020-03-20 14:18:28 - [MESSAGE][PASSED] - Keys '*' sent to object: 'Object Repository/ADMIN/Edit Text/Bespoke/Buyer Pages/Checkout Delivery Details/input_POSTAL CODE_delivery-postal-code'

2020-03-20 14:18:28 - [TEST_STEP][PASSED] - sendKeys(findTestObject("ADMIN/Edit Text/Bespoke/Buyer Pages/Checkout Delivery Details/input_SAVE_btn_save"), "*"): Keys '*' sent to object: 'Object Repository/ADMIN/Edit Text/Bespoke/Buyer Pages/Checkout Delivery Details/input_SAVE_btn_save'

2020-03-20 14:18:29 - [MESSAGE][PASSED] - Keys '*' sent to object: 'Object Repository/ADMIN/Edit Text/Bespoke/Buyer Pages/Checkout Delivery Details/input_SAVE_btn_save'

2020-03-20 14:18:29 - [TEST_STEP][PASSED] - sendKeys(findTestObject("ADMIN/Edit Text/Bespoke/Buyer Pages/Checkout Delivery Details/input_NEXT_btn_next"), "*"): Keys '*' sent to object: 'Object Repository/ADMIN/Edit Text/Bespoke/Buyer Pages/Checkout Delivery Details/input_NEXT_btn_next'

2020-03-20 14:18:29 - [MESSAGE][PASSED] - Keys '*' sent to object: 'Object Repository/ADMIN/Edit Text/Bespoke/Buyer Pages/Checkout Delivery Details/input_NEXT_btn_next'

2020-03-20 14:18:29 - [TEST_STEP][PASSED] - sendKeys(findTestObject("ADMIN/Edit Text/Bespoke/Buyer Pages/Checkout Delivery Details/input_REMOVE ITEM_popup-title"), "*"): Keys '*' sent to object: 'Object Repository/ADMIN/Edit Text/Bespoke/Buyer Pages/Checkout Delivery Details/input_REMOVE ITEM_popup-title'

2020-03-20 14:18:29 - [MESSAGE][PASSED] - Keys '*' sent to object: 'Object Repository/ADMIN/Edit Text/Bespoke/Buyer Pages/Checkout Delivery Details/input_REMOVE ITEM_popup-title'

2020-03-20 14:18:29 - [TEST_STEP][PASSED] - sendKeys(findTestObject("ADMIN/Edit Text/Bespoke/Buyer Pages/Checkout Delivery Details/textarea_You sure about removing this item from your list (Itll be gone forever)"), "*"): Keys '*' sent to object: 'Object Repository/ADMIN/Edit Text/Bespoke/Buyer Pages/Checkout Delivery Details/textarea_You sure about removing this item from your list (Itll be gone forever)'

2020-03-20 14:18:29 - [MESSAGE][PASSED] - Keys '*' sent to object: 'Object Repository/ADMIN/Edit Text/Bespoke/Buyer Pages/Checkout Delivery Details/textarea_You sure about removing this item from your list (Itll be gone forever)'

2020-03-20 14:18:29 - [TEST_STEP][PASSED] - sendKeys(findTestObject("ADMIN/Edit Text/Bespoke/Buyer Pages/Checkout Delivery Details/input_CANCEL_btn_cancel"), "*"): Keys '*' sent to object: 'Object Repository/ADMIN/Edit Text/Bespoke/Buyer Pages/Checkout Delivery Details/input_CANCEL_btn_cancel'

2020-03-20 14:18:30 - [MESSAGE][PASSED] - Keys '*' sent to object: 'Object Repository/ADMIN/Edit Text/Bespoke/Buyer Pages/Checkout Delivery Details/input_CANCEL_btn_cancel'

2020-03-20 14:18:30 - [TEST_STEP][PASSED] - sendKeys(findTestObject("ADMIN/Edit Text/Bespoke/Buyer Pages/Checkout Delivery Details/input_Okay_btn_okay"), "*"): Keys '*' sent to object: 'Object Repository/ADMIN/Edit Text/Bespoke/Buyer Pages/Checkout Delivery Details/input_Okay_btn_okay'

2020-03-20 14:18:30 - [MESSAGE][PASSED] - Keys '*' sent to object: 'Object Repository/ADMIN/Edit Text/Bespoke/Buyer Pages/Checkout Delivery Details/input_Okay_btn_okay'

2020-03-20 14:18:30 - [TEST_STEP][PASSED] - click(findTestObject("ADMIN/Edit Text/Bespoke/Buyer Pages/Homepage/button_save"), CONTINUE_ON_FAILURE): Object: 'Object Repository/ADMIN/Edit Text/Bespoke/Buyer Pages/Homepage/button_save' is clicked on

2020-03-20 14:18:30 - [MESSAGE][PASSED] - Object: 'Object Repository/ADMIN/Edit Text/Bespoke/Buyer Pages/Homepage/button_save' is clicked on

2020-03-20 14:18:30 - [TEST_STEP][PASSED] - waitForElementVisible(findTestObject("ADMIN/Edit Text/Bespoke/Buyer Pages/Homepage/toaster_success"), 0): Object 'Object Repository/ADMIN/Edit Text/Bespoke/Buyer Pages/Homepage/toaster_success' is visible

2020-03-20 14:18:30 - [MESSAGE][WARNING] - Timeout '0' is invalid. Using default page load timeout: '30'

2020-03-20 14:18:31 - [MESSAGE][PASSED] - Object 'Object Repository/ADMIN/Edit Text/Bespoke/Buyer Pages/Homepage/toaster_success' is visible]]></system-out>
         <system-err><![CDATA[]]></system-err>
      </testcase>
      <testcase name="Test Cases/ADMIN/Language/Edit Text/Bespoke/Buyer Pages/Checkout Delivery" time="9.273" classname="Test Cases/ADMIN/Language/Edit Text/Bespoke/Buyer Pages/Checkout Delivery" status="PASSED">
         <system-out><![CDATA[2020-03-20 14:18:31 - [TEST_CASE][PASSED] - Test Cases/ADMIN/Language/Edit Text/Bespoke/Buyer Pages/Checkout Delivery: Test Cases/ADMIN/Language/Edit Text/Bespoke/Buyer Pages/Checkout Delivery

2020-03-20 14:18:31 - [TEST_STEP][PASSED] - waitForElementVisible(findTestObject("ADMIN/Edit Text/Bespoke/Buyer Navigation/dd_language"), 0): Object 'Object Repository/ADMIN/Edit Text/Bespoke/Buyer Navigation/dd_language' is visible

2020-03-20 14:18:31 - [MESSAGE][WARNING] - Timeout '0' is invalid. Using default page load timeout: '30'

2020-03-20 14:18:31 - [MESSAGE][PASSED] - Object 'Object Repository/ADMIN/Edit Text/Bespoke/Buyer Navigation/dd_language' is visible

2020-03-20 14:18:31 - [TEST_STEP][PASSED] - selectOptionByLabel(findTestObject("ADMIN/Edit Text/Bespoke/Buyer Navigation/dd_language"), varLanguage, false): All options with label 'English' are selected in object 'Object Repository/ADMIN/Edit Text/Bespoke/Buyer Navigation/dd_language' 

2020-03-20 14:18:33 - [MESSAGE][PASSED] - All options with label 'English' are selected in object 'Object Repository/ADMIN/Edit Text/Bespoke/Buyer Navigation/dd_language' 

2020-03-20 14:18:33 - [TEST_STEP][PASSED] - sendKeys(findTestObject("ADMIN/Edit Text/Bespoke/Buyer Pages/Checkout Delivery Details/input_DELIVERY_tab-title"), "*"): Keys '*' sent to object: 'Object Repository/ADMIN/Edit Text/Bespoke/Buyer Pages/Checkout Delivery Details/input_DELIVERY_tab-title'

2020-03-20 14:18:33 - [MESSAGE][PASSED] - Keys '*' sent to object: 'Object Repository/ADMIN/Edit Text/Bespoke/Buyer Pages/Checkout Delivery Details/input_DELIVERY_tab-title'

2020-03-20 14:18:33 - [TEST_STEP][PASSED] - sendKeys(findTestObject("ADMIN/Edit Text/Bespoke/Buyer Pages/Checkout Delivery Details/input_REVIEW_tab-title"), "*"): Keys '*' sent to object: 'Object Repository/ADMIN/Edit Text/Bespoke/Buyer Pages/Checkout Delivery Details/input_REVIEW_tab-title'

2020-03-20 14:18:33 - [MESSAGE][PASSED] - Keys '*' sent to object: 'Object Repository/ADMIN/Edit Text/Bespoke/Buyer Pages/Checkout Delivery Details/input_REVIEW_tab-title'

2020-03-20 14:18:33 - [TEST_STEP][PASSED] - sendKeys(findTestObject("ADMIN/Edit Text/Bespoke/Buyer Pages/Checkout Delivery Details/input_PAY_tab-title"), "*"): Keys '*' sent to object: 'Object Repository/ADMIN/Edit Text/Bespoke/Buyer Pages/Checkout Delivery Details/input_PAY_tab-title'

2020-03-20 14:18:33 - [MESSAGE][PASSED] - Keys '*' sent to object: 'Object Repository/ADMIN/Edit Text/Bespoke/Buyer Pages/Checkout Delivery Details/input_PAY_tab-title'

2020-03-20 14:18:33 - [TEST_STEP][PASSED] - sendKeys(findTestObject("ADMIN/Edit Text/Bespoke/Buyer Pages/Checkout Delivery Details/input_Already registered with us_guest-info-txt"), "*"): Keys '*' sent to object: 'Object Repository/ADMIN/Edit Text/Bespoke/Buyer Pages/Checkout Delivery Details/input_Already registered with us_guest-info-txt'

2020-03-20 14:18:34 - [MESSAGE][PASSED] - Keys '*' sent to object: 'Object Repository/ADMIN/Edit Text/Bespoke/Buyer Pages/Checkout Delivery Details/input_Already registered with us_guest-info-txt'

2020-03-20 14:18:34 - [TEST_STEP][PASSED] - sendKeys(findTestObject("ADMIN/Edit Text/Bespoke/Buyer Pages/Checkout Delivery Details/input_SIGN IN NOW_btn_next"), "*"): Keys '*' sent to object: 'Object Repository/ADMIN/Edit Text/Bespoke/Buyer Pages/Checkout Delivery Details/input_SIGN IN NOW_btn_next'

2020-03-20 14:18:34 - [MESSAGE][PASSED] - Keys '*' sent to object: 'Object Repository/ADMIN/Edit Text/Bespoke/Buyer Pages/Checkout Delivery Details/input_SIGN IN NOW_btn_next'

2020-03-20 14:18:34 - [TEST_STEP][PASSED] - sendKeys(findTestObject("ADMIN/Edit Text/Bespoke/Buyer Pages/Checkout Delivery Details/input_FIRST NAME_first-name"), "*"): Keys '*' sent to object: 'Object Repository/ADMIN/Edit Text/Bespoke/Buyer Pages/Checkout Delivery Details/input_FIRST NAME_first-name'

2020-03-20 14:18:34 - [MESSAGE][PASSED] - Keys '*' sent to object: 'Object Repository/ADMIN/Edit Text/Bespoke/Buyer Pages/Checkout Delivery Details/input_FIRST NAME_first-name'

2020-03-20 14:18:34 - [TEST_STEP][PASSED] - sendKeys(findTestObject("ADMIN/Edit Text/Bespoke/Buyer Pages/Checkout Delivery Details/input_LAST NAME_last-name"), "*"): Keys '*' sent to object: 'Object Repository/ADMIN/Edit Text/Bespoke/Buyer Pages/Checkout Delivery Details/input_LAST NAME_last-name'

2020-03-20 14:18:34 - [MESSAGE][PASSED] - Keys '*' sent to object: 'Object Repository/ADMIN/Edit Text/Bespoke/Buyer Pages/Checkout Delivery Details/input_LAST NAME_last-name'

2020-03-20 14:18:34 - [TEST_STEP][PASSED] - sendKeys(findTestObject("ADMIN/Edit Text/Bespoke/Buyer Pages/Checkout Delivery Details/input_NOTIFICATION EMAIL_notification-email"), "*"): Keys '*' sent to object: 'Object Repository/ADMIN/Edit Text/Bespoke/Buyer Pages/Checkout Delivery Details/input_NOTIFICATION EMAIL_notification-email'

2020-03-20 14:18:35 - [MESSAGE][PASSED] - Keys '*' sent to object: 'Object Repository/ADMIN/Edit Text/Bespoke/Buyer Pages/Checkout Delivery Details/input_NOTIFICATION EMAIL_notification-email'

2020-03-20 14:18:35 - [TEST_STEP][PASSED] - sendKeys(findTestObject("ADMIN/Edit Text/Bespoke/Buyer Pages/Checkout Delivery Details/input_CONTACT NUMBER_contact-number"), "*"): Keys '*' sent to object: 'Object Repository/ADMIN/Edit Text/Bespoke/Buyer Pages/Checkout Delivery Details/input_CONTACT NUMBER_contact-number'

2020-03-20 14:18:35 - [MESSAGE][PASSED] - Keys '*' sent to object: 'Object Repository/ADMIN/Edit Text/Bespoke/Buyer Pages/Checkout Delivery Details/input_CONTACT NUMBER_contact-number'

2020-03-20 14:18:35 - [TEST_STEP][PASSED] - sendKeys(findTestObject("ADMIN/Edit Text/Bespoke/Buyer Pages/Checkout Delivery Details/input_ADD NEW_btn_add"), "*"): Keys '*' sent to object: 'Object Repository/ADMIN/Edit Text/Bespoke/Buyer Pages/Checkout Delivery Details/input_ADD NEW_btn_add'

2020-03-20 14:18:36 - [MESSAGE][PASSED] - Keys '*' sent to object: 'Object Repository/ADMIN/Edit Text/Bespoke/Buyer Pages/Checkout Delivery Details/input_ADD NEW_btn_add'

2020-03-20 14:18:36 - [TEST_STEP][PASSED] - sendKeys(findTestObject("ADMIN/Edit Text/Bespoke/Buyer Pages/Checkout Delivery Details/input_SELECT ADDRESS_btn_select"), "*"): Keys '*' sent to object: 'Object Repository/ADMIN/Edit Text/Bespoke/Buyer Pages/Checkout Delivery Details/input_SELECT ADDRESS_btn_select'

2020-03-20 14:18:36 - [MESSAGE][PASSED] - Keys '*' sent to object: 'Object Repository/ADMIN/Edit Text/Bespoke/Buyer Pages/Checkout Delivery Details/input_SELECT ADDRESS_btn_select'

2020-03-20 14:18:36 - [TEST_STEP][PASSED] - sendKeys(findTestObject("ADMIN/Edit Text/Bespoke/Buyer Pages/Checkout Delivery Details/input_SELECTED_btn_selected"), "*"): Keys '*' sent to object: 'Object Repository/ADMIN/Edit Text/Bespoke/Buyer Pages/Checkout Delivery Details/input_SELECTED_btn_selected'

2020-03-20 14:18:36 - [MESSAGE][PASSED] - Keys '*' sent to object: 'Object Repository/ADMIN/Edit Text/Bespoke/Buyer Pages/Checkout Delivery Details/input_SELECTED_btn_selected'

2020-03-20 14:18:36 - [TEST_STEP][PASSED] - sendKeys(findTestObject("ADMIN/Edit Text/Bespoke/Buyer Pages/Checkout Delivery Details/input_ADDRESSEE FIRST NAME_addressee-first-name"), "*"): Keys '*' sent to object: 'Object Repository/ADMIN/Edit Text/Bespoke/Buyer Pages/Checkout Delivery Details/input_ADDRESSEE FIRST NAME_addressee-first-name'

2020-03-20 14:18:36 - [MESSAGE][PASSED] - Keys '*' sent to object: 'Object Repository/ADMIN/Edit Text/Bespoke/Buyer Pages/Checkout Delivery Details/input_ADDRESSEE FIRST NAME_addressee-first-name'

2020-03-20 14:18:36 - [TEST_STEP][PASSED] - sendKeys(findTestObject("ADMIN/Edit Text/Bespoke/Buyer Pages/Checkout Delivery Details/input_ADDRESSEE LAST NAME_addressee-last-name"), "*"): Keys '*' sent to object: 'Object Repository/ADMIN/Edit Text/Bespoke/Buyer Pages/Checkout Delivery Details/input_ADDRESSEE LAST NAME_addressee-last-name'

2020-03-20 14:18:36 - [MESSAGE][PASSED] - Keys '*' sent to object: 'Object Repository/ADMIN/Edit Text/Bespoke/Buyer Pages/Checkout Delivery Details/input_ADDRESSEE LAST NAME_addressee-last-name'

2020-03-20 14:18:36 - [TEST_STEP][PASSED] - sendKeys(findTestObject("ADMIN/Edit Text/Bespoke/Buyer Pages/Checkout Delivery Details/input_COUNTRY_delivery-country"), "*"): Keys '*' sent to object: 'Object Repository/ADMIN/Edit Text/Bespoke/Buyer Pages/Checkout Delivery Details/input_COUNTRY_delivery-country'

2020-03-20 14:18:36 - [MESSAGE][PASSED] - Keys '*' sent to object: 'Object Repository/ADMIN/Edit Text/Bespoke/Buyer Pages/Checkout Delivery Details/input_COUNTRY_delivery-country'

2020-03-20 14:18:36 - [TEST_STEP][PASSED] - sendKeys(findTestObject("ADMIN/Edit Text/Bespoke/Buyer Pages/Checkout Delivery Details/input_State_delivery-state"), "*"): Keys '*' sent to object: 'Object Repository/ADMIN/Edit Text/Bespoke/Buyer Pages/Checkout Delivery Details/input_State_delivery-state'

2020-03-20 14:18:37 - [MESSAGE][PASSED] - Keys '*' sent to object: 'Object Repository/ADMIN/Edit Text/Bespoke/Buyer Pages/Checkout Delivery Details/input_State_delivery-state'

2020-03-20 14:18:37 - [TEST_STEP][PASSED] - sendKeys(findTestObject("ADMIN/Edit Text/Bespoke/Buyer Pages/Checkout Delivery Details/input_CITY_delivery-city"), "*"): Keys '*' sent to object: 'Object Repository/ADMIN/Edit Text/Bespoke/Buyer Pages/Checkout Delivery Details/input_CITY_delivery-city'

2020-03-20 14:18:37 - [MESSAGE][PASSED] - Keys '*' sent to object: 'Object Repository/ADMIN/Edit Text/Bespoke/Buyer Pages/Checkout Delivery Details/input_CITY_delivery-city'

2020-03-20 14:18:37 - [TEST_STEP][PASSED] - sendKeys(findTestObject("ADMIN/Edit Text/Bespoke/Buyer Pages/Checkout Delivery Details/input_ADDRESS_delivery-address"), "*"): Keys '*' sent to object: 'Object Repository/ADMIN/Edit Text/Bespoke/Buyer Pages/Checkout Delivery Details/input_ADDRESS_delivery-address'

2020-03-20 14:18:38 - [MESSAGE][PASSED] - Keys '*' sent to object: 'Object Repository/ADMIN/Edit Text/Bespoke/Buyer Pages/Checkout Delivery Details/input_ADDRESS_delivery-address'

2020-03-20 14:18:38 - [TEST_STEP][PASSED] - sendKeys(findTestObject("ADMIN/Edit Text/Bespoke/Buyer Pages/Checkout Delivery Details/input_POSTAL CODE_delivery-postal-code"), "*"): Keys '*' sent to object: 'Object Repository/ADMIN/Edit Text/Bespoke/Buyer Pages/Checkout Delivery Details/input_POSTAL CODE_delivery-postal-code'

2020-03-20 14:18:38 - [MESSAGE][PASSED] - Keys '*' sent to object: 'Object Repository/ADMIN/Edit Text/Bespoke/Buyer Pages/Checkout Delivery Details/input_POSTAL CODE_delivery-postal-code'

2020-03-20 14:18:38 - [TEST_STEP][PASSED] - sendKeys(findTestObject("ADMIN/Edit Text/Bespoke/Buyer Pages/Checkout Delivery Details/input_SAVE_btn_save"), "*"): Keys '*' sent to object: 'Object Repository/ADMIN/Edit Text/Bespoke/Buyer Pages/Checkout Delivery Details/input_SAVE_btn_save'

2020-03-20 14:18:38 - [MESSAGE][PASSED] - Keys '*' sent to object: 'Object Repository/ADMIN/Edit Text/Bespoke/Buyer Pages/Checkout Delivery Details/input_SAVE_btn_save'

2020-03-20 14:18:38 - [TEST_STEP][PASSED] - sendKeys(findTestObject("ADMIN/Edit Text/Bespoke/Buyer Pages/Checkout Delivery Details/input_NEXT_btn_next"), "*"): Keys '*' sent to object: 'Object Repository/ADMIN/Edit Text/Bespoke/Buyer Pages/Checkout Delivery Details/input_NEXT_btn_next'

2020-03-20 14:18:38 - [MESSAGE][PASSED] - Keys '*' sent to object: 'Object Repository/ADMIN/Edit Text/Bespoke/Buyer Pages/Checkout Delivery Details/input_NEXT_btn_next'

2020-03-20 14:18:38 - [TEST_STEP][PASSED] - sendKeys(findTestObject("ADMIN/Edit Text/Bespoke/Buyer Pages/Checkout Delivery Details/input_REMOVE ITEM_popup-title"), "*"): Keys '*' sent to object: 'Object Repository/ADMIN/Edit Text/Bespoke/Buyer Pages/Checkout Delivery Details/input_REMOVE ITEM_popup-title'

2020-03-20 14:18:38 - [MESSAGE][PASSED] - Keys '*' sent to object: 'Object Repository/ADMIN/Edit Text/Bespoke/Buyer Pages/Checkout Delivery Details/input_REMOVE ITEM_popup-title'

2020-03-20 14:18:38 - [TEST_STEP][PASSED] - sendKeys(findTestObject("ADMIN/Edit Text/Bespoke/Buyer Pages/Checkout Delivery Details/textarea_You sure about removing this item from your list (Itll be gone forever)"), "*"): Keys '*' sent to object: 'Object Repository/ADMIN/Edit Text/Bespoke/Buyer Pages/Checkout Delivery Details/textarea_You sure about removing this item from your list (Itll be gone forever)'

2020-03-20 14:18:39 - [MESSAGE][PASSED] - Keys '*' sent to object: 'Object Repository/ADMIN/Edit Text/Bespoke/Buyer Pages/Checkout Delivery Details/textarea_You sure about removing this item from your list (Itll be gone forever)'

2020-03-20 14:18:39 - [TEST_STEP][PASSED] - sendKeys(findTestObject("ADMIN/Edit Text/Bespoke/Buyer Pages/Checkout Delivery Details/input_CANCEL_btn_cancel"), "*"): Keys '*' sent to object: 'Object Repository/ADMIN/Edit Text/Bespoke/Buyer Pages/Checkout Delivery Details/input_CANCEL_btn_cancel'

2020-03-20 14:18:39 - [MESSAGE][PASSED] - Keys '*' sent to object: 'Object Repository/ADMIN/Edit Text/Bespoke/Buyer Pages/Checkout Delivery Details/input_CANCEL_btn_cancel'

2020-03-20 14:18:39 - [TEST_STEP][PASSED] - sendKeys(findTestObject("ADMIN/Edit Text/Bespoke/Buyer Pages/Checkout Delivery Details/input_Okay_btn_okay"), "*"): Keys '*' sent to object: 'Object Repository/ADMIN/Edit Text/Bespoke/Buyer Pages/Checkout Delivery Details/input_Okay_btn_okay'

2020-03-20 14:18:39 - [MESSAGE][PASSED] - Keys '*' sent to object: 'Object Repository/ADMIN/Edit Text/Bespoke/Buyer Pages/Checkout Delivery Details/input_Okay_btn_okay'

2020-03-20 14:18:39 - [TEST_STEP][PASSED] - click(findTestObject("ADMIN/Edit Text/Bespoke/Buyer Pages/Homepage/button_save"), CONTINUE_ON_FAILURE): Object: 'Object Repository/ADMIN/Edit Text/Bespoke/Buyer Pages/Homepage/button_save' is clicked on

2020-03-20 14:18:39 - [MESSAGE][PASSED] - Object: 'Object Repository/ADMIN/Edit Text/Bespoke/Buyer Pages/Homepage/button_save' is clicked on

2020-03-20 14:18:39 - [TEST_STEP][PASSED] - waitForElementVisible(findTestObject("ADMIN/Edit Text/Bespoke/Buyer Pages/Homepage/toaster_success"), 0): Object 'Object Repository/ADMIN/Edit Text/Bespoke/Buyer Pages/Homepage/toaster_success' is visible

2020-03-20 14:18:39 - [MESSAGE][WARNING] - Timeout '0' is invalid. Using default page load timeout: '30'

2020-03-20 14:18:40 - [MESSAGE][PASSED] - Object 'Object Repository/ADMIN/Edit Text/Bespoke/Buyer Pages/Homepage/toaster_success' is visible]]></system-out>
         <system-err><![CDATA[]]></system-err>
      </testcase>
      <testcase name="Test Cases/ADMIN/Language/Edit Text/Bespoke/Buyer Pages/Checkout Review Navigation" time="4.28" classname="Test Cases/ADMIN/Language/Edit Text/Bespoke/Buyer Pages/Checkout Review Navigation" status="PASSED">
         <system-out><![CDATA[2020-03-20 14:18:40 - [TEST_CASE][PASSED] - Test Cases/ADMIN/Language/Edit Text/Bespoke/Buyer Pages/Checkout Review Navigation: Test Cases/ADMIN/Language/Edit Text/Bespoke/Buyer Pages/Checkout Review Navigation

2020-03-20 14:18:40 - [TEST_STEP][PASSED] - waitForElementVisible(findTestObject("ADMIN/Language/sidemenu_Language"), 0): Object 'Object Repository/ADMIN/Language/sidemenu_Language' is visible

2020-03-20 14:18:40 - [MESSAGE][WARNING] - Timeout '0' is invalid. Using default page load timeout: '30'

2020-03-20 14:18:41 - [MESSAGE][PASSED] - Object 'Object Repository/ADMIN/Language/sidemenu_Language' is visible

2020-03-20 14:18:41 - [TEST_STEP][PASSED] - click(findTestObject("ADMIN/Language/sidemenu_Language"), CONTINUE_ON_FAILURE): Object: 'Object Repository/ADMIN/Language/sidemenu_Language' is clicked on

2020-03-20 14:18:41 - [MESSAGE][PASSED] - Object: 'Object Repository/ADMIN/Language/sidemenu_Language' is clicked on

2020-03-20 14:18:41 - [TEST_STEP][PASSED] - waitForElementVisible(findTestObject("ADMIN/Language/sidemenu_Edit Text"), 0): Object 'Object Repository/ADMIN/Language/sidemenu_Edit Text' is visible

2020-03-20 14:18:41 - [MESSAGE][WARNING] - Timeout '0' is invalid. Using default page load timeout: '30'

2020-03-20 14:18:41 - [MESSAGE][PASSED] - Object 'Object Repository/ADMIN/Language/sidemenu_Edit Text' is visible

2020-03-20 14:18:41 - [TEST_STEP][PASSED] - click(findTestObject("ADMIN/Language/sidemenu_Edit Text"), CONTINUE_ON_FAILURE): Object: 'Object Repository/ADMIN/Language/sidemenu_Edit Text' is clicked on

2020-03-20 14:18:42 - [MESSAGE][PASSED] - Object: 'Object Repository/ADMIN/Language/sidemenu_Edit Text' is clicked on

2020-03-20 14:18:42 - [TEST_STEP][PASSED] - waitForElementVisible(findTestObject("ADMIN/Edit Text/Bespoke/Buyer Navigation/icon_dd"), 0): Object 'Object Repository/ADMIN/Edit Text/Bespoke/Buyer Navigation/icon_dd' is visible

2020-03-20 14:18:42 - [MESSAGE][WARNING] - Timeout '0' is invalid. Using default page load timeout: '30'

2020-03-20 14:18:42 - [MESSAGE][PASSED] - Object 'Object Repository/ADMIN/Edit Text/Bespoke/Buyer Navigation/icon_dd' is visible

2020-03-20 14:18:42 - [TEST_STEP][PASSED] - click(findTestObject("ADMIN/Edit Text/Bespoke/Buyer Navigation/icon_dd"), CONTINUE_ON_FAILURE): Object: 'Object Repository/ADMIN/Edit Text/Bespoke/Buyer Navigation/icon_dd' is clicked on

2020-03-20 14:18:43 - [MESSAGE][PASSED] - Object: 'Object Repository/ADMIN/Edit Text/Bespoke/Buyer Navigation/icon_dd' is clicked on

2020-03-20 14:18:43 - [TEST_STEP][PASSED] - waitForElementVisible(findTestObject("ADMIN/Edit Text/Bespoke/Buyer Navigation/textlink_Checkout (Order Review)"), 0): Object 'Object Repository/ADMIN/Edit Text/Bespoke/Buyer Navigation/textlink_Checkout (Order Review)' is visible

2020-03-20 14:18:43 - [MESSAGE][WARNING] - Timeout '0' is invalid. Using default page load timeout: '30'

2020-03-20 14:18:43 - [MESSAGE][PASSED] - Object 'Object Repository/ADMIN/Edit Text/Bespoke/Buyer Navigation/textlink_Checkout (Order Review)' is visible

2020-03-20 14:18:43 - [TEST_STEP][PASSED] - click(findTestObject("ADMIN/Edit Text/Bespoke/Buyer Navigation/textlink_Checkout (Order Review)"), CONTINUE_ON_FAILURE): Object: 'Object Repository/ADMIN/Edit Text/Bespoke/Buyer Navigation/textlink_Checkout (Order Review)' is clicked on

2020-03-20 14:18:44 - [MESSAGE][PASSED] - Object: 'Object Repository/ADMIN/Edit Text/Bespoke/Buyer Navigation/textlink_Checkout (Order Review)' is clicked on

2020-03-20 14:18:44 - [TEST_STEP][PASSED] - waitForElementVisible(findTestObject("ADMIN/Edit Text/Bespoke/Buyer Navigation/dd_language"), 0): Object 'Object Repository/ADMIN/Edit Text/Bespoke/Buyer Navigation/dd_language' is visible

2020-03-20 14:18:44 - [MESSAGE][WARNING] - Timeout '0' is invalid. Using default page load timeout: '30'

2020-03-20 14:18:44 - [MESSAGE][PASSED] - Object 'Object Repository/ADMIN/Edit Text/Bespoke/Buyer Navigation/dd_language' is visible]]></system-out>
         <system-err><![CDATA[]]></system-err>
      </testcase>
      <testcase name="Test Cases/ADMIN/Language/Edit Text/Bespoke/Buyer Pages/Checkout Review" time="6.546" classname="Test Cases/ADMIN/Language/Edit Text/Bespoke/Buyer Pages/Checkout Review" status="PASSED">
         <system-out><![CDATA[2020-03-20 14:18:44 - [TEST_CASE][PASSED] - Test Cases/ADMIN/Language/Edit Text/Bespoke/Buyer Pages/Checkout Review: Test Cases/ADMIN/Language/Edit Text/Bespoke/Buyer Pages/Checkout Review

2020-03-20 14:18:45 - [TEST_STEP][PASSED] - waitForElementVisible(findTestObject("ADMIN/Edit Text/Bespoke/Buyer Navigation/dd_language"), 0): Object 'Object Repository/ADMIN/Edit Text/Bespoke/Buyer Navigation/dd_language' is visible

2020-03-20 14:18:45 - [MESSAGE][WARNING] - Timeout '0' is invalid. Using default page load timeout: '30'

2020-03-20 14:18:45 - [MESSAGE][PASSED] - Object 'Object Repository/ADMIN/Edit Text/Bespoke/Buyer Navigation/dd_language' is visible

2020-03-20 14:18:45 - [TEST_STEP][PASSED] - selectOptionByLabel(findTestObject("ADMIN/Edit Text/Bespoke/Buyer Navigation/dd_language"), varLanguage, false): All options with label 'French' are selected in object 'Object Repository/ADMIN/Edit Text/Bespoke/Buyer Navigation/dd_language' 

2020-03-20 14:18:46 - [MESSAGE][PASSED] - All options with label 'French' are selected in object 'Object Repository/ADMIN/Edit Text/Bespoke/Buyer Navigation/dd_language' 

2020-03-20 14:18:46 - [TEST_STEP][PASSED] - sendKeys(findTestObject("ADMIN/Edit Text/Bespoke/Buyer Pages/Checkout Review/input_DELIVERY_tab-title"), "*"): Keys '*' sent to object: 'Object Repository/ADMIN/Edit Text/Bespoke/Buyer Pages/Checkout Review/input_DELIVERY_tab-title'

2020-03-20 14:18:46 - [MESSAGE][PASSED] - Keys '*' sent to object: 'Object Repository/ADMIN/Edit Text/Bespoke/Buyer Pages/Checkout Review/input_DELIVERY_tab-title'

2020-03-20 14:18:46 - [TEST_STEP][PASSED] - sendKeys(findTestObject("ADMIN/Edit Text/Bespoke/Buyer Pages/Checkout Review/input_REVIEW_tab-title"), "*"): Keys '*' sent to object: 'Object Repository/ADMIN/Edit Text/Bespoke/Buyer Pages/Checkout Review/input_REVIEW_tab-title'

2020-03-20 14:18:46 - [MESSAGE][PASSED] - Keys '*' sent to object: 'Object Repository/ADMIN/Edit Text/Bespoke/Buyer Pages/Checkout Review/input_REVIEW_tab-title'

2020-03-20 14:18:46 - [TEST_STEP][PASSED] - sendKeys(findTestObject("ADMIN/Edit Text/Bespoke/Buyer Pages/Checkout Review/input_PAY_tab-title"), "*"): Keys '*' sent to object: 'Object Repository/ADMIN/Edit Text/Bespoke/Buyer Pages/Checkout Review/input_PAY_tab-title'

2020-03-20 14:18:47 - [MESSAGE][PASSED] - Keys '*' sent to object: 'Object Repository/ADMIN/Edit Text/Bespoke/Buyer Pages/Checkout Review/input_PAY_tab-title'

2020-03-20 14:18:47 - [TEST_STEP][PASSED] - sendKeys(findTestObject("ADMIN/Edit Text/Bespoke/Buyer Pages/Checkout Review/input_Delivery Address_tab-title"), "*"): Keys '*' sent to object: 'Object Repository/ADMIN/Edit Text/Bespoke/Buyer Pages/Checkout Review/input_Delivery Address_tab-title'

2020-03-20 14:18:47 - [MESSAGE][PASSED] - Keys '*' sent to object: 'Object Repository/ADMIN/Edit Text/Bespoke/Buyer Pages/Checkout Review/input_Delivery Address_tab-title'

2020-03-20 14:18:47 - [TEST_STEP][PASSED] - sendKeys(findTestObject("ADMIN/Edit Text/Bespoke/Buyer Pages/Checkout Review/input_DeliveryPick-up_tab-title"), "*"): Keys '*' sent to object: 'Object Repository/ADMIN/Edit Text/Bespoke/Buyer Pages/Checkout Review/input_DeliveryPick-up_tab-title'

2020-03-20 14:18:47 - [MESSAGE][PASSED] - Keys '*' sent to object: 'Object Repository/ADMIN/Edit Text/Bespoke/Buyer Pages/Checkout Review/input_DeliveryPick-up_tab-title'

2020-03-20 14:18:47 - [TEST_STEP][PASSED] - sendKeys(findTestObject("ADMIN/Edit Text/Bespoke/Buyer Pages/Checkout Review/input_Order Summary_tab-title"), "*"): Keys '*' sent to object: 'Object Repository/ADMIN/Edit Text/Bespoke/Buyer Pages/Checkout Review/input_Order Summary_tab-title'

2020-03-20 14:18:47 - [MESSAGE][PASSED] - Keys '*' sent to object: 'Object Repository/ADMIN/Edit Text/Bespoke/Buyer Pages/Checkout Review/input_Order Summary_tab-title'

2020-03-20 14:18:47 - [TEST_STEP][PASSED] - sendKeys(findTestObject("ADMIN/Edit Text/Bespoke/Buyer Pages/Checkout Review/input_Surcharge_tab-title"), "*"): Keys '*' sent to object: 'Object Repository/ADMIN/Edit Text/Bespoke/Buyer Pages/Checkout Review/input_Surcharge_tab-title'

2020-03-20 14:18:48 - [MESSAGE][PASSED] - Keys '*' sent to object: 'Object Repository/ADMIN/Edit Text/Bespoke/Buyer Pages/Checkout Review/input_Surcharge_tab-title'

2020-03-20 14:18:48 - [TEST_STEP][PASSED] - sendKeys(findTestObject("ADMIN/Edit Text/Bespoke/Buyer Pages/Checkout Review/input_Sub Total_tab-title"), "*"): Keys '*' sent to object: 'Object Repository/ADMIN/Edit Text/Bespoke/Buyer Pages/Checkout Review/input_Sub Total_tab-title'

2020-03-20 14:18:48 - [MESSAGE][PASSED] - Keys '*' sent to object: 'Object Repository/ADMIN/Edit Text/Bespoke/Buyer Pages/Checkout Review/input_Sub Total_tab-title'

2020-03-20 14:18:48 - [TEST_STEP][PASSED] - sendKeys(findTestObject("ADMIN/Edit Text/Bespoke/Buyer Pages/Checkout Review/input_Minimum Lead Time_tab-title"), "*"): Keys '*' sent to object: 'Object Repository/ADMIN/Edit Text/Bespoke/Buyer Pages/Checkout Review/input_Minimum Lead Time_tab-title'

2020-03-20 14:18:48 - [MESSAGE][PASSED] - Keys '*' sent to object: 'Object Repository/ADMIN/Edit Text/Bespoke/Buyer Pages/Checkout Review/input_Minimum Lead Time_tab-title'

2020-03-20 14:18:48 - [TEST_STEP][PASSED] - sendKeys(findTestObject("ADMIN/Edit Text/Bespoke/Buyer Pages/Checkout Review/input_Delivery Costs_tab-title"), "*"): Keys '*' sent to object: 'Object Repository/ADMIN/Edit Text/Bespoke/Buyer Pages/Checkout Review/input_Delivery Costs_tab-title'

2020-03-20 14:18:48 - [MESSAGE][PASSED] - Keys '*' sent to object: 'Object Repository/ADMIN/Edit Text/Bespoke/Buyer Pages/Checkout Review/input_Delivery Costs_tab-title'

2020-03-20 14:18:48 - [TEST_STEP][PASSED] - sendKeys(findTestObject("ADMIN/Edit Text/Bespoke/Buyer Pages/Checkout Review/input_Select Delivery Method_tab-title"), "*"): Keys '*' sent to object: 'Object Repository/ADMIN/Edit Text/Bespoke/Buyer Pages/Checkout Review/input_Select Delivery Method_tab-title'

2020-03-20 14:18:49 - [MESSAGE][PASSED] - Keys '*' sent to object: 'Object Repository/ADMIN/Edit Text/Bespoke/Buyer Pages/Checkout Review/input_Select Delivery Method_tab-title'

2020-03-20 14:18:49 - [TEST_STEP][PASSED] - sendKeys(findTestObject("ADMIN/Edit Text/Bespoke/Buyer Pages/Checkout Review/input_Total_tab-title"), "*"): Keys '*' sent to object: 'Object Repository/ADMIN/Edit Text/Bespoke/Buyer Pages/Checkout Review/input_Total_tab-title'

2020-03-20 14:18:49 - [MESSAGE][PASSED] - Keys '*' sent to object: 'Object Repository/ADMIN/Edit Text/Bespoke/Buyer Pages/Checkout Review/input_Total_tab-title'

2020-03-20 14:18:49 - [TEST_STEP][PASSED] - sendKeys(findTestObject("ADMIN/Edit Text/Bespoke/Buyer Pages/Checkout Review/input_QTY_tab-title"), "*"): Keys '*' sent to object: 'Object Repository/ADMIN/Edit Text/Bespoke/Buyer Pages/Checkout Review/input_QTY_tab-title'

2020-03-20 14:18:49 - [MESSAGE][PASSED] - Keys '*' sent to object: 'Object Repository/ADMIN/Edit Text/Bespoke/Buyer Pages/Checkout Review/input_QTY_tab-title'

2020-03-20 14:18:49 - [TEST_STEP][PASSED] - sendKeys(findTestObject("ADMIN/Edit Text/Bespoke/Buyer Pages/Checkout Review/input_No available delivery method please check the item(s) detail page or contact merchant_tab-title"), "*"): Keys '*' sent to object: 'Object Repository/ADMIN/Edit Text/Bespoke/Buyer Pages/Checkout Review/input_No available delivery method please check the item(s) detail page or contact merchant_tab-title'

2020-03-20 14:18:49 - [MESSAGE][PASSED] - Keys '*' sent to object: 'Object Repository/ADMIN/Edit Text/Bespoke/Buyer Pages/Checkout Review/input_No available delivery method please check the item(s) detail page or contact merchant_tab-title'

2020-03-20 14:18:49 - [TEST_STEP][PASSED] - sendKeys(findTestObject("ADMIN/Edit Text/Bespoke/Buyer Pages/Checkout Review/input_Back_btn_selected"), "*"): Keys '*' sent to object: 'Object Repository/ADMIN/Edit Text/Bespoke/Buyer Pages/Checkout Review/input_Back_btn_selected'

2020-03-20 14:18:50 - [MESSAGE][PASSED] - Keys '*' sent to object: 'Object Repository/ADMIN/Edit Text/Bespoke/Buyer Pages/Checkout Review/input_Back_btn_selected'

2020-03-20 14:18:50 - [TEST_STEP][PASSED] - sendKeys(findTestObject("ADMIN/Edit Text/Bespoke/Buyer Pages/Checkout Review/input_Proceed To Payment_btn_selected"), "*"): Keys '*' sent to object: 'Object Repository/ADMIN/Edit Text/Bespoke/Buyer Pages/Checkout Review/input_Proceed To Payment_btn_selected'

2020-03-20 14:18:50 - [MESSAGE][PASSED] - Keys '*' sent to object: 'Object Repository/ADMIN/Edit Text/Bespoke/Buyer Pages/Checkout Review/input_Proceed To Payment_btn_selected'

2020-03-20 14:18:50 - [TEST_STEP][PASSED] - click(findTestObject("ADMIN/Edit Text/Bespoke/Buyer Pages/Homepage/button_save"), CONTINUE_ON_FAILURE): Object: 'Object Repository/ADMIN/Edit Text/Bespoke/Buyer Pages/Homepage/button_save' is clicked on

2020-03-20 14:18:50 - [MESSAGE][PASSED] - Object: 'Object Repository/ADMIN/Edit Text/Bespoke/Buyer Pages/Homepage/button_save' is clicked on

2020-03-20 14:18:50 - [TEST_STEP][PASSED] - waitForElementVisible(findTestObject("ADMIN/Edit Text/Bespoke/Buyer Pages/Homepage/toaster_success"), 0): Object 'Object Repository/ADMIN/Edit Text/Bespoke/Buyer Pages/Homepage/toaster_success' is visible

2020-03-20 14:18:50 - [MESSAGE][WARNING] - Timeout '0' is invalid. Using default page load timeout: '30'

2020-03-20 14:18:51 - [MESSAGE][PASSED] - Object 'Object Repository/ADMIN/Edit Text/Bespoke/Buyer Pages/Homepage/toaster_success' is visible]]></system-out>
         <system-err><![CDATA[]]></system-err>
      </testcase>
      <testcase name="Test Cases/ADMIN/Language/Edit Text/Bespoke/Buyer Pages/Checkout Review" time="6.513" classname="Test Cases/ADMIN/Language/Edit Text/Bespoke/Buyer Pages/Checkout Review" status="PASSED">
         <system-out><![CDATA[2020-03-20 14:18:51 - [TEST_CASE][PASSED] - Test Cases/ADMIN/Language/Edit Text/Bespoke/Buyer Pages/Checkout Review: Test Cases/ADMIN/Language/Edit Text/Bespoke/Buyer Pages/Checkout Review

2020-03-20 14:18:51 - [TEST_STEP][PASSED] - waitForElementVisible(findTestObject("ADMIN/Edit Text/Bespoke/Buyer Navigation/dd_language"), 0): Object 'Object Repository/ADMIN/Edit Text/Bespoke/Buyer Navigation/dd_language' is visible

2020-03-20 14:18:51 - [MESSAGE][WARNING] - Timeout '0' is invalid. Using default page load timeout: '30'

2020-03-20 14:18:51 - [MESSAGE][PASSED] - Object 'Object Repository/ADMIN/Edit Text/Bespoke/Buyer Navigation/dd_language' is visible

2020-03-20 14:18:51 - [TEST_STEP][PASSED] - selectOptionByLabel(findTestObject("ADMIN/Edit Text/Bespoke/Buyer Navigation/dd_language"), varLanguage, false): All options with label 'Spanish' are selected in object 'Object Repository/ADMIN/Edit Text/Bespoke/Buyer Navigation/dd_language' 

2020-03-20 14:18:52 - [MESSAGE][PASSED] - All options with label 'Spanish' are selected in object 'Object Repository/ADMIN/Edit Text/Bespoke/Buyer Navigation/dd_language' 

2020-03-20 14:18:52 - [TEST_STEP][PASSED] - sendKeys(findTestObject("ADMIN/Edit Text/Bespoke/Buyer Pages/Checkout Review/input_DELIVERY_tab-title"), "*"): Keys '*' sent to object: 'Object Repository/ADMIN/Edit Text/Bespoke/Buyer Pages/Checkout Review/input_DELIVERY_tab-title'

2020-03-20 14:18:53 - [MESSAGE][PASSED] - Keys '*' sent to object: 'Object Repository/ADMIN/Edit Text/Bespoke/Buyer Pages/Checkout Review/input_DELIVERY_tab-title'

2020-03-20 14:18:53 - [TEST_STEP][PASSED] - sendKeys(findTestObject("ADMIN/Edit Text/Bespoke/Buyer Pages/Checkout Review/input_REVIEW_tab-title"), "*"): Keys '*' sent to object: 'Object Repository/ADMIN/Edit Text/Bespoke/Buyer Pages/Checkout Review/input_REVIEW_tab-title'

2020-03-20 14:18:53 - [MESSAGE][PASSED] - Keys '*' sent to object: 'Object Repository/ADMIN/Edit Text/Bespoke/Buyer Pages/Checkout Review/input_REVIEW_tab-title'

2020-03-20 14:18:53 - [TEST_STEP][PASSED] - sendKeys(findTestObject("ADMIN/Edit Text/Bespoke/Buyer Pages/Checkout Review/input_PAY_tab-title"), "*"): Keys '*' sent to object: 'Object Repository/ADMIN/Edit Text/Bespoke/Buyer Pages/Checkout Review/input_PAY_tab-title'

2020-03-20 14:18:53 - [MESSAGE][PASSED] - Keys '*' sent to object: 'Object Repository/ADMIN/Edit Text/Bespoke/Buyer Pages/Checkout Review/input_PAY_tab-title'

2020-03-20 14:18:53 - [TEST_STEP][PASSED] - sendKeys(findTestObject("ADMIN/Edit Text/Bespoke/Buyer Pages/Checkout Review/input_Delivery Address_tab-title"), "*"): Keys '*' sent to object: 'Object Repository/ADMIN/Edit Text/Bespoke/Buyer Pages/Checkout Review/input_Delivery Address_tab-title'

2020-03-20 14:18:53 - [MESSAGE][PASSED] - Keys '*' sent to object: 'Object Repository/ADMIN/Edit Text/Bespoke/Buyer Pages/Checkout Review/input_Delivery Address_tab-title'

2020-03-20 14:18:53 - [TEST_STEP][PASSED] - sendKeys(findTestObject("ADMIN/Edit Text/Bespoke/Buyer Pages/Checkout Review/input_DeliveryPick-up_tab-title"), "*"): Keys '*' sent to object: 'Object Repository/ADMIN/Edit Text/Bespoke/Buyer Pages/Checkout Review/input_DeliveryPick-up_tab-title'

2020-03-20 14:18:54 - [MESSAGE][PASSED] - Keys '*' sent to object: 'Object Repository/ADMIN/Edit Text/Bespoke/Buyer Pages/Checkout Review/input_DeliveryPick-up_tab-title'

2020-03-20 14:18:54 - [TEST_STEP][PASSED] - sendKeys(findTestObject("ADMIN/Edit Text/Bespoke/Buyer Pages/Checkout Review/input_Order Summary_tab-title"), "*"): Keys '*' sent to object: 'Object Repository/ADMIN/Edit Text/Bespoke/Buyer Pages/Checkout Review/input_Order Summary_tab-title'

2020-03-20 14:18:54 - [MESSAGE][PASSED] - Keys '*' sent to object: 'Object Repository/ADMIN/Edit Text/Bespoke/Buyer Pages/Checkout Review/input_Order Summary_tab-title'

2020-03-20 14:18:54 - [TEST_STEP][PASSED] - sendKeys(findTestObject("ADMIN/Edit Text/Bespoke/Buyer Pages/Checkout Review/input_Surcharge_tab-title"), "*"): Keys '*' sent to object: 'Object Repository/ADMIN/Edit Text/Bespoke/Buyer Pages/Checkout Review/input_Surcharge_tab-title'

2020-03-20 14:18:54 - [MESSAGE][PASSED] - Keys '*' sent to object: 'Object Repository/ADMIN/Edit Text/Bespoke/Buyer Pages/Checkout Review/input_Surcharge_tab-title'

2020-03-20 14:18:54 - [TEST_STEP][PASSED] - sendKeys(findTestObject("ADMIN/Edit Text/Bespoke/Buyer Pages/Checkout Review/input_Sub Total_tab-title"), "*"): Keys '*' sent to object: 'Object Repository/ADMIN/Edit Text/Bespoke/Buyer Pages/Checkout Review/input_Sub Total_tab-title'

2020-03-20 14:18:54 - [MESSAGE][PASSED] - Keys '*' sent to object: 'Object Repository/ADMIN/Edit Text/Bespoke/Buyer Pages/Checkout Review/input_Sub Total_tab-title'

2020-03-20 14:18:54 - [TEST_STEP][PASSED] - sendKeys(findTestObject("ADMIN/Edit Text/Bespoke/Buyer Pages/Checkout Review/input_Minimum Lead Time_tab-title"), "*"): Keys '*' sent to object: 'Object Repository/ADMIN/Edit Text/Bespoke/Buyer Pages/Checkout Review/input_Minimum Lead Time_tab-title'

2020-03-20 14:18:55 - [MESSAGE][PASSED] - Keys '*' sent to object: 'Object Repository/ADMIN/Edit Text/Bespoke/Buyer Pages/Checkout Review/input_Minimum Lead Time_tab-title'

2020-03-20 14:18:55 - [TEST_STEP][PASSED] - sendKeys(findTestObject("ADMIN/Edit Text/Bespoke/Buyer Pages/Checkout Review/input_Delivery Costs_tab-title"), "*"): Keys '*' sent to object: 'Object Repository/ADMIN/Edit Text/Bespoke/Buyer Pages/Checkout Review/input_Delivery Costs_tab-title'

2020-03-20 14:18:55 - [MESSAGE][PASSED] - Keys '*' sent to object: 'Object Repository/ADMIN/Edit Text/Bespoke/Buyer Pages/Checkout Review/input_Delivery Costs_tab-title'

2020-03-20 14:18:55 - [TEST_STEP][PASSED] - sendKeys(findTestObject("ADMIN/Edit Text/Bespoke/Buyer Pages/Checkout Review/input_Select Delivery Method_tab-title"), "*"): Keys '*' sent to object: 'Object Repository/ADMIN/Edit Text/Bespoke/Buyer Pages/Checkout Review/input_Select Delivery Method_tab-title'

2020-03-20 14:18:55 - [MESSAGE][PASSED] - Keys '*' sent to object: 'Object Repository/ADMIN/Edit Text/Bespoke/Buyer Pages/Checkout Review/input_Select Delivery Method_tab-title'

2020-03-20 14:18:55 - [TEST_STEP][PASSED] - sendKeys(findTestObject("ADMIN/Edit Text/Bespoke/Buyer Pages/Checkout Review/input_Total_tab-title"), "*"): Keys '*' sent to object: 'Object Repository/ADMIN/Edit Text/Bespoke/Buyer Pages/Checkout Review/input_Total_tab-title'

2020-03-20 14:18:56 - [MESSAGE][PASSED] - Keys '*' sent to object: 'Object Repository/ADMIN/Edit Text/Bespoke/Buyer Pages/Checkout Review/input_Total_tab-title'

2020-03-20 14:18:56 - [TEST_STEP][PASSED] - sendKeys(findTestObject("ADMIN/Edit Text/Bespoke/Buyer Pages/Checkout Review/input_QTY_tab-title"), "*"): Keys '*' sent to object: 'Object Repository/ADMIN/Edit Text/Bespoke/Buyer Pages/Checkout Review/input_QTY_tab-title'

2020-03-20 14:18:56 - [MESSAGE][PASSED] - Keys '*' sent to object: 'Object Repository/ADMIN/Edit Text/Bespoke/Buyer Pages/Checkout Review/input_QTY_tab-title'

2020-03-20 14:18:56 - [TEST_STEP][PASSED] - sendKeys(findTestObject("ADMIN/Edit Text/Bespoke/Buyer Pages/Checkout Review/input_No available delivery method please check the item(s) detail page or contact merchant_tab-title"), "*"): Keys '*' sent to object: 'Object Repository/ADMIN/Edit Text/Bespoke/Buyer Pages/Checkout Review/input_No available delivery method please check the item(s) detail page or contact merchant_tab-title'

2020-03-20 14:18:56 - [MESSAGE][PASSED] - Keys '*' sent to object: 'Object Repository/ADMIN/Edit Text/Bespoke/Buyer Pages/Checkout Review/input_No available delivery method please check the item(s) detail page or contact merchant_tab-title'

2020-03-20 14:18:56 - [TEST_STEP][PASSED] - sendKeys(findTestObject("ADMIN/Edit Text/Bespoke/Buyer Pages/Checkout Review/input_Back_btn_selected"), "*"): Keys '*' sent to object: 'Object Repository/ADMIN/Edit Text/Bespoke/Buyer Pages/Checkout Review/input_Back_btn_selected'

2020-03-20 14:18:56 - [MESSAGE][PASSED] - Keys '*' sent to object: 'Object Repository/ADMIN/Edit Text/Bespoke/Buyer Pages/Checkout Review/input_Back_btn_selected'

2020-03-20 14:18:56 - [TEST_STEP][PASSED] - sendKeys(findTestObject("ADMIN/Edit Text/Bespoke/Buyer Pages/Checkout Review/input_Proceed To Payment_btn_selected"), "*"): Keys '*' sent to object: 'Object Repository/ADMIN/Edit Text/Bespoke/Buyer Pages/Checkout Review/input_Proceed To Payment_btn_selected'

2020-03-20 14:18:57 - [MESSAGE][PASSED] - Keys '*' sent to object: 'Object Repository/ADMIN/Edit Text/Bespoke/Buyer Pages/Checkout Review/input_Proceed To Payment_btn_selected'

2020-03-20 14:18:57 - [TEST_STEP][PASSED] - click(findTestObject("ADMIN/Edit Text/Bespoke/Buyer Pages/Homepage/button_save"), CONTINUE_ON_FAILURE): Object: 'Object Repository/ADMIN/Edit Text/Bespoke/Buyer Pages/Homepage/button_save' is clicked on

2020-03-20 14:18:57 - [MESSAGE][PASSED] - Object: 'Object Repository/ADMIN/Edit Text/Bespoke/Buyer Pages/Homepage/button_save' is clicked on

2020-03-20 14:18:57 - [TEST_STEP][PASSED] - waitForElementVisible(findTestObject("ADMIN/Edit Text/Bespoke/Buyer Pages/Homepage/toaster_success"), 0): Object 'Object Repository/ADMIN/Edit Text/Bespoke/Buyer Pages/Homepage/toaster_success' is visible

2020-03-20 14:18:57 - [MESSAGE][WARNING] - Timeout '0' is invalid. Using default page load timeout: '30'

2020-03-20 14:18:58 - [MESSAGE][PASSED] - Object 'Object Repository/ADMIN/Edit Text/Bespoke/Buyer Pages/Homepage/toaster_success' is visible]]></system-out>
         <system-err><![CDATA[]]></system-err>
      </testcase>
      <testcase name="Test Cases/ADMIN/Language/Edit Text/Bespoke/Buyer Pages/Checkout Review" time="6.372" classname="Test Cases/ADMIN/Language/Edit Text/Bespoke/Buyer Pages/Checkout Review" status="PASSED">
         <system-out><![CDATA[2020-03-20 14:18:58 - [TEST_CASE][PASSED] - Test Cases/ADMIN/Language/Edit Text/Bespoke/Buyer Pages/Checkout Review: Test Cases/ADMIN/Language/Edit Text/Bespoke/Buyer Pages/Checkout Review

2020-03-20 14:18:58 - [TEST_STEP][PASSED] - waitForElementVisible(findTestObject("ADMIN/Edit Text/Bespoke/Buyer Navigation/dd_language"), 0): Object 'Object Repository/ADMIN/Edit Text/Bespoke/Buyer Navigation/dd_language' is visible

2020-03-20 14:18:58 - [MESSAGE][WARNING] - Timeout '0' is invalid. Using default page load timeout: '30'

2020-03-20 14:18:58 - [MESSAGE][PASSED] - Object 'Object Repository/ADMIN/Edit Text/Bespoke/Buyer Navigation/dd_language' is visible

2020-03-20 14:18:58 - [TEST_STEP][PASSED] - selectOptionByLabel(findTestObject("ADMIN/Edit Text/Bespoke/Buyer Navigation/dd_language"), varLanguage, false): All options with label 'Hindi' are selected in object 'Object Repository/ADMIN/Edit Text/Bespoke/Buyer Navigation/dd_language' 

2020-03-20 14:18:59 - [MESSAGE][PASSED] - All options with label 'Hindi' are selected in object 'Object Repository/ADMIN/Edit Text/Bespoke/Buyer Navigation/dd_language' 

2020-03-20 14:18:59 - [TEST_STEP][PASSED] - sendKeys(findTestObject("ADMIN/Edit Text/Bespoke/Buyer Pages/Checkout Review/input_DELIVERY_tab-title"), "*"): Keys '*' sent to object: 'Object Repository/ADMIN/Edit Text/Bespoke/Buyer Pages/Checkout Review/input_DELIVERY_tab-title'

2020-03-20 14:18:59 - [MESSAGE][PASSED] - Keys '*' sent to object: 'Object Repository/ADMIN/Edit Text/Bespoke/Buyer Pages/Checkout Review/input_DELIVERY_tab-title'

2020-03-20 14:18:59 - [TEST_STEP][PASSED] - sendKeys(findTestObject("ADMIN/Edit Text/Bespoke/Buyer Pages/Checkout Review/input_REVIEW_tab-title"), "*"): Keys '*' sent to object: 'Object Repository/ADMIN/Edit Text/Bespoke/Buyer Pages/Checkout Review/input_REVIEW_tab-title'

2020-03-20 14:18:59 - [MESSAGE][PASSED] - Keys '*' sent to object: 'Object Repository/ADMIN/Edit Text/Bespoke/Buyer Pages/Checkout Review/input_REVIEW_tab-title'

2020-03-20 14:18:59 - [TEST_STEP][PASSED] - sendKeys(findTestObject("ADMIN/Edit Text/Bespoke/Buyer Pages/Checkout Review/input_PAY_tab-title"), "*"): Keys '*' sent to object: 'Object Repository/ADMIN/Edit Text/Bespoke/Buyer Pages/Checkout Review/input_PAY_tab-title'

2020-03-20 14:19:00 - [MESSAGE][PASSED] - Keys '*' sent to object: 'Object Repository/ADMIN/Edit Text/Bespoke/Buyer Pages/Checkout Review/input_PAY_tab-title'

2020-03-20 14:19:00 - [TEST_STEP][PASSED] - sendKeys(findTestObject("ADMIN/Edit Text/Bespoke/Buyer Pages/Checkout Review/input_Delivery Address_tab-title"), "*"): Keys '*' sent to object: 'Object Repository/ADMIN/Edit Text/Bespoke/Buyer Pages/Checkout Review/input_Delivery Address_tab-title'

2020-03-20 14:19:00 - [MESSAGE][PASSED] - Keys '*' sent to object: 'Object Repository/ADMIN/Edit Text/Bespoke/Buyer Pages/Checkout Review/input_Delivery Address_tab-title'

2020-03-20 14:19:00 - [TEST_STEP][PASSED] - sendKeys(findTestObject("ADMIN/Edit Text/Bespoke/Buyer Pages/Checkout Review/input_DeliveryPick-up_tab-title"), "*"): Keys '*' sent to object: 'Object Repository/ADMIN/Edit Text/Bespoke/Buyer Pages/Checkout Review/input_DeliveryPick-up_tab-title'

2020-03-20 14:19:00 - [MESSAGE][PASSED] - Keys '*' sent to object: 'Object Repository/ADMIN/Edit Text/Bespoke/Buyer Pages/Checkout Review/input_DeliveryPick-up_tab-title'

2020-03-20 14:19:00 - [TEST_STEP][PASSED] - sendKeys(findTestObject("ADMIN/Edit Text/Bespoke/Buyer Pages/Checkout Review/input_Order Summary_tab-title"), "*"): Keys '*' sent to object: 'Object Repository/ADMIN/Edit Text/Bespoke/Buyer Pages/Checkout Review/input_Order Summary_tab-title'

2020-03-20 14:19:00 - [MESSAGE][PASSED] - Keys '*' sent to object: 'Object Repository/ADMIN/Edit Text/Bespoke/Buyer Pages/Checkout Review/input_Order Summary_tab-title'

2020-03-20 14:19:00 - [TEST_STEP][PASSED] - sendKeys(findTestObject("ADMIN/Edit Text/Bespoke/Buyer Pages/Checkout Review/input_Surcharge_tab-title"), "*"): Keys '*' sent to object: 'Object Repository/ADMIN/Edit Text/Bespoke/Buyer Pages/Checkout Review/input_Surcharge_tab-title'

2020-03-20 14:19:01 - [MESSAGE][PASSED] - Keys '*' sent to object: 'Object Repository/ADMIN/Edit Text/Bespoke/Buyer Pages/Checkout Review/input_Surcharge_tab-title'

2020-03-20 14:19:01 - [TEST_STEP][PASSED] - sendKeys(findTestObject("ADMIN/Edit Text/Bespoke/Buyer Pages/Checkout Review/input_Sub Total_tab-title"), "*"): Keys '*' sent to object: 'Object Repository/ADMIN/Edit Text/Bespoke/Buyer Pages/Checkout Review/input_Sub Total_tab-title'

2020-03-20 14:19:01 - [MESSAGE][PASSED] - Keys '*' sent to object: 'Object Repository/ADMIN/Edit Text/Bespoke/Buyer Pages/Checkout Review/input_Sub Total_tab-title'

2020-03-20 14:19:01 - [TEST_STEP][PASSED] - sendKeys(findTestObject("ADMIN/Edit Text/Bespoke/Buyer Pages/Checkout Review/input_Minimum Lead Time_tab-title"), "*"): Keys '*' sent to object: 'Object Repository/ADMIN/Edit Text/Bespoke/Buyer Pages/Checkout Review/input_Minimum Lead Time_tab-title'

2020-03-20 14:19:01 - [MESSAGE][PASSED] - Keys '*' sent to object: 'Object Repository/ADMIN/Edit Text/Bespoke/Buyer Pages/Checkout Review/input_Minimum Lead Time_tab-title'

2020-03-20 14:19:01 - [TEST_STEP][PASSED] - sendKeys(findTestObject("ADMIN/Edit Text/Bespoke/Buyer Pages/Checkout Review/input_Delivery Costs_tab-title"), "*"): Keys '*' sent to object: 'Object Repository/ADMIN/Edit Text/Bespoke/Buyer Pages/Checkout Review/input_Delivery Costs_tab-title'

2020-03-20 14:19:01 - [MESSAGE][PASSED] - Keys '*' sent to object: 'Object Repository/ADMIN/Edit Text/Bespoke/Buyer Pages/Checkout Review/input_Delivery Costs_tab-title'

2020-03-20 14:19:01 - [TEST_STEP][PASSED] - sendKeys(findTestObject("ADMIN/Edit Text/Bespoke/Buyer Pages/Checkout Review/input_Select Delivery Method_tab-title"), "*"): Keys '*' sent to object: 'Object Repository/ADMIN/Edit Text/Bespoke/Buyer Pages/Checkout Review/input_Select Delivery Method_tab-title'

2020-03-20 14:19:01 - [MESSAGE][PASSED] - Keys '*' sent to object: 'Object Repository/ADMIN/Edit Text/Bespoke/Buyer Pages/Checkout Review/input_Select Delivery Method_tab-title'

2020-03-20 14:19:01 - [TEST_STEP][PASSED] - sendKeys(findTestObject("ADMIN/Edit Text/Bespoke/Buyer Pages/Checkout Review/input_Total_tab-title"), "*"): Keys '*' sent to object: 'Object Repository/ADMIN/Edit Text/Bespoke/Buyer Pages/Checkout Review/input_Total_tab-title'

2020-03-20 14:19:02 - [MESSAGE][PASSED] - Keys '*' sent to object: 'Object Repository/ADMIN/Edit Text/Bespoke/Buyer Pages/Checkout Review/input_Total_tab-title'

2020-03-20 14:19:02 - [TEST_STEP][PASSED] - sendKeys(findTestObject("ADMIN/Edit Text/Bespoke/Buyer Pages/Checkout Review/input_QTY_tab-title"), "*"): Keys '*' sent to object: 'Object Repository/ADMIN/Edit Text/Bespoke/Buyer Pages/Checkout Review/input_QTY_tab-title'

2020-03-20 14:19:02 - [MESSAGE][PASSED] - Keys '*' sent to object: 'Object Repository/ADMIN/Edit Text/Bespoke/Buyer Pages/Checkout Review/input_QTY_tab-title'

2020-03-20 14:19:02 - [TEST_STEP][PASSED] - sendKeys(findTestObject("ADMIN/Edit Text/Bespoke/Buyer Pages/Checkout Review/input_No available delivery method please check the item(s) detail page or contact merchant_tab-title"), "*"): Keys '*' sent to object: 'Object Repository/ADMIN/Edit Text/Bespoke/Buyer Pages/Checkout Review/input_No available delivery method please check the item(s) detail page or contact merchant_tab-title'

2020-03-20 14:19:02 - [MESSAGE][PASSED] - Keys '*' sent to object: 'Object Repository/ADMIN/Edit Text/Bespoke/Buyer Pages/Checkout Review/input_No available delivery method please check the item(s) detail page or contact merchant_tab-title'

2020-03-20 14:19:02 - [TEST_STEP][PASSED] - sendKeys(findTestObject("ADMIN/Edit Text/Bespoke/Buyer Pages/Checkout Review/input_Back_btn_selected"), "*"): Keys '*' sent to object: 'Object Repository/ADMIN/Edit Text/Bespoke/Buyer Pages/Checkout Review/input_Back_btn_selected'

2020-03-20 14:19:03 - [MESSAGE][PASSED] - Keys '*' sent to object: 'Object Repository/ADMIN/Edit Text/Bespoke/Buyer Pages/Checkout Review/input_Back_btn_selected'

2020-03-20 14:19:03 - [TEST_STEP][PASSED] - sendKeys(findTestObject("ADMIN/Edit Text/Bespoke/Buyer Pages/Checkout Review/input_Proceed To Payment_btn_selected"), "*"): Keys '*' sent to object: 'Object Repository/ADMIN/Edit Text/Bespoke/Buyer Pages/Checkout Review/input_Proceed To Payment_btn_selected'

2020-03-20 14:19:03 - [MESSAGE][PASSED] - Keys '*' sent to object: 'Object Repository/ADMIN/Edit Text/Bespoke/Buyer Pages/Checkout Review/input_Proceed To Payment_btn_selected'

2020-03-20 14:19:03 - [TEST_STEP][PASSED] - click(findTestObject("ADMIN/Edit Text/Bespoke/Buyer Pages/Homepage/button_save"), CONTINUE_ON_FAILURE): Object: 'Object Repository/ADMIN/Edit Text/Bespoke/Buyer Pages/Homepage/button_save' is clicked on

2020-03-20 14:19:03 - [MESSAGE][PASSED] - Object: 'Object Repository/ADMIN/Edit Text/Bespoke/Buyer Pages/Homepage/button_save' is clicked on

2020-03-20 14:19:03 - [TEST_STEP][PASSED] - waitForElementVisible(findTestObject("ADMIN/Edit Text/Bespoke/Buyer Pages/Homepage/toaster_success"), 0): Object 'Object Repository/ADMIN/Edit Text/Bespoke/Buyer Pages/Homepage/toaster_success' is visible

2020-03-20 14:19:03 - [MESSAGE][WARNING] - Timeout '0' is invalid. Using default page load timeout: '30'

2020-03-20 14:19:04 - [MESSAGE][PASSED] - Object 'Object Repository/ADMIN/Edit Text/Bespoke/Buyer Pages/Homepage/toaster_success' is visible]]></system-out>
         <system-err><![CDATA[]]></system-err>
      </testcase>
      <testcase name="Test Cases/ADMIN/Language/Edit Text/Bespoke/Buyer Pages/Checkout Review" time="6.54" classname="Test Cases/ADMIN/Language/Edit Text/Bespoke/Buyer Pages/Checkout Review" status="PASSED">
         <system-out><![CDATA[2020-03-20 14:19:04 - [TEST_CASE][PASSED] - Test Cases/ADMIN/Language/Edit Text/Bespoke/Buyer Pages/Checkout Review: Test Cases/ADMIN/Language/Edit Text/Bespoke/Buyer Pages/Checkout Review

2020-03-20 14:19:04 - [TEST_STEP][PASSED] - waitForElementVisible(findTestObject("ADMIN/Edit Text/Bespoke/Buyer Navigation/dd_language"), 0): Object 'Object Repository/ADMIN/Edit Text/Bespoke/Buyer Navigation/dd_language' is visible

2020-03-20 14:19:04 - [MESSAGE][WARNING] - Timeout '0' is invalid. Using default page load timeout: '30'

2020-03-20 14:19:04 - [MESSAGE][PASSED] - Object 'Object Repository/ADMIN/Edit Text/Bespoke/Buyer Navigation/dd_language' is visible

2020-03-20 14:19:04 - [TEST_STEP][PASSED] - selectOptionByLabel(findTestObject("ADMIN/Edit Text/Bespoke/Buyer Navigation/dd_language"), varLanguage, false): All options with label 'German' are selected in object 'Object Repository/ADMIN/Edit Text/Bespoke/Buyer Navigation/dd_language' 

2020-03-20 14:19:05 - [MESSAGE][PASSED] - All options with label 'German' are selected in object 'Object Repository/ADMIN/Edit Text/Bespoke/Buyer Navigation/dd_language' 

2020-03-20 14:19:05 - [TEST_STEP][PASSED] - sendKeys(findTestObject("ADMIN/Edit Text/Bespoke/Buyer Pages/Checkout Review/input_DELIVERY_tab-title"), "*"): Keys '*' sent to object: 'Object Repository/ADMIN/Edit Text/Bespoke/Buyer Pages/Checkout Review/input_DELIVERY_tab-title'

2020-03-20 14:19:06 - [MESSAGE][PASSED] - Keys '*' sent to object: 'Object Repository/ADMIN/Edit Text/Bespoke/Buyer Pages/Checkout Review/input_DELIVERY_tab-title'

2020-03-20 14:19:06 - [TEST_STEP][PASSED] - sendKeys(findTestObject("ADMIN/Edit Text/Bespoke/Buyer Pages/Checkout Review/input_REVIEW_tab-title"), "*"): Keys '*' sent to object: 'Object Repository/ADMIN/Edit Text/Bespoke/Buyer Pages/Checkout Review/input_REVIEW_tab-title'

2020-03-20 14:19:06 - [MESSAGE][PASSED] - Keys '*' sent to object: 'Object Repository/ADMIN/Edit Text/Bespoke/Buyer Pages/Checkout Review/input_REVIEW_tab-title'

2020-03-20 14:19:06 - [TEST_STEP][PASSED] - sendKeys(findTestObject("ADMIN/Edit Text/Bespoke/Buyer Pages/Checkout Review/input_PAY_tab-title"), "*"): Keys '*' sent to object: 'Object Repository/ADMIN/Edit Text/Bespoke/Buyer Pages/Checkout Review/input_PAY_tab-title'

2020-03-20 14:19:06 - [MESSAGE][PASSED] - Keys '*' sent to object: 'Object Repository/ADMIN/Edit Text/Bespoke/Buyer Pages/Checkout Review/input_PAY_tab-title'

2020-03-20 14:19:06 - [TEST_STEP][PASSED] - sendKeys(findTestObject("ADMIN/Edit Text/Bespoke/Buyer Pages/Checkout Review/input_Delivery Address_tab-title"), "*"): Keys '*' sent to object: 'Object Repository/ADMIN/Edit Text/Bespoke/Buyer Pages/Checkout Review/input_Delivery Address_tab-title'

2020-03-20 14:19:07 - [MESSAGE][PASSED] - Keys '*' sent to object: 'Object Repository/ADMIN/Edit Text/Bespoke/Buyer Pages/Checkout Review/input_Delivery Address_tab-title'

2020-03-20 14:19:07 - [TEST_STEP][PASSED] - sendKeys(findTestObject("ADMIN/Edit Text/Bespoke/Buyer Pages/Checkout Review/input_DeliveryPick-up_tab-title"), "*"): Keys '*' sent to object: 'Object Repository/ADMIN/Edit Text/Bespoke/Buyer Pages/Checkout Review/input_DeliveryPick-up_tab-title'

2020-03-20 14:19:07 - [MESSAGE][PASSED] - Keys '*' sent to object: 'Object Repository/ADMIN/Edit Text/Bespoke/Buyer Pages/Checkout Review/input_DeliveryPick-up_tab-title'

2020-03-20 14:19:07 - [TEST_STEP][PASSED] - sendKeys(findTestObject("ADMIN/Edit Text/Bespoke/Buyer Pages/Checkout Review/input_Order Summary_tab-title"), "*"): Keys '*' sent to object: 'Object Repository/ADMIN/Edit Text/Bespoke/Buyer Pages/Checkout Review/input_Order Summary_tab-title'

2020-03-20 14:19:07 - [MESSAGE][PASSED] - Keys '*' sent to object: 'Object Repository/ADMIN/Edit Text/Bespoke/Buyer Pages/Checkout Review/input_Order Summary_tab-title'

2020-03-20 14:19:07 - [TEST_STEP][PASSED] - sendKeys(findTestObject("ADMIN/Edit Text/Bespoke/Buyer Pages/Checkout Review/input_Surcharge_tab-title"), "*"): Keys '*' sent to object: 'Object Repository/ADMIN/Edit Text/Bespoke/Buyer Pages/Checkout Review/input_Surcharge_tab-title'

2020-03-20 14:19:07 - [MESSAGE][PASSED] - Keys '*' sent to object: 'Object Repository/ADMIN/Edit Text/Bespoke/Buyer Pages/Checkout Review/input_Surcharge_tab-title'

2020-03-20 14:19:07 - [TEST_STEP][PASSED] - sendKeys(findTestObject("ADMIN/Edit Text/Bespoke/Buyer Pages/Checkout Review/input_Sub Total_tab-title"), "*"): Keys '*' sent to object: 'Object Repository/ADMIN/Edit Text/Bespoke/Buyer Pages/Checkout Review/input_Sub Total_tab-title'

2020-03-20 14:19:07 - [MESSAGE][PASSED] - Keys '*' sent to object: 'Object Repository/ADMIN/Edit Text/Bespoke/Buyer Pages/Checkout Review/input_Sub Total_tab-title'

2020-03-20 14:19:07 - [TEST_STEP][PASSED] - sendKeys(findTestObject("ADMIN/Edit Text/Bespoke/Buyer Pages/Checkout Review/input_Minimum Lead Time_tab-title"), "*"): Keys '*' sent to object: 'Object Repository/ADMIN/Edit Text/Bespoke/Buyer Pages/Checkout Review/input_Minimum Lead Time_tab-title'

2020-03-20 14:19:08 - [MESSAGE][PASSED] - Keys '*' sent to object: 'Object Repository/ADMIN/Edit Text/Bespoke/Buyer Pages/Checkout Review/input_Minimum Lead Time_tab-title'

2020-03-20 14:19:08 - [TEST_STEP][PASSED] - sendKeys(findTestObject("ADMIN/Edit Text/Bespoke/Buyer Pages/Checkout Review/input_Delivery Costs_tab-title"), "*"): Keys '*' sent to object: 'Object Repository/ADMIN/Edit Text/Bespoke/Buyer Pages/Checkout Review/input_Delivery Costs_tab-title'

2020-03-20 14:19:08 - [MESSAGE][PASSED] - Keys '*' sent to object: 'Object Repository/ADMIN/Edit Text/Bespoke/Buyer Pages/Checkout Review/input_Delivery Costs_tab-title'

2020-03-20 14:19:08 - [TEST_STEP][PASSED] - sendKeys(findTestObject("ADMIN/Edit Text/Bespoke/Buyer Pages/Checkout Review/input_Select Delivery Method_tab-title"), "*"): Keys '*' sent to object: 'Object Repository/ADMIN/Edit Text/Bespoke/Buyer Pages/Checkout Review/input_Select Delivery Method_tab-title'

2020-03-20 14:19:08 - [MESSAGE][PASSED] - Keys '*' sent to object: 'Object Repository/ADMIN/Edit Text/Bespoke/Buyer Pages/Checkout Review/input_Select Delivery Method_tab-title'

2020-03-20 14:19:08 - [TEST_STEP][PASSED] - sendKeys(findTestObject("ADMIN/Edit Text/Bespoke/Buyer Pages/Checkout Review/input_Total_tab-title"), "*"): Keys '*' sent to object: 'Object Repository/ADMIN/Edit Text/Bespoke/Buyer Pages/Checkout Review/input_Total_tab-title'

2020-03-20 14:19:08 - [MESSAGE][PASSED] - Keys '*' sent to object: 'Object Repository/ADMIN/Edit Text/Bespoke/Buyer Pages/Checkout Review/input_Total_tab-title'

2020-03-20 14:19:08 - [TEST_STEP][PASSED] - sendKeys(findTestObject("ADMIN/Edit Text/Bespoke/Buyer Pages/Checkout Review/input_QTY_tab-title"), "*"): Keys '*' sent to object: 'Object Repository/ADMIN/Edit Text/Bespoke/Buyer Pages/Checkout Review/input_QTY_tab-title'

2020-03-20 14:19:09 - [MESSAGE][PASSED] - Keys '*' sent to object: 'Object Repository/ADMIN/Edit Text/Bespoke/Buyer Pages/Checkout Review/input_QTY_tab-title'

2020-03-20 14:19:09 - [TEST_STEP][PASSED] - sendKeys(findTestObject("ADMIN/Edit Text/Bespoke/Buyer Pages/Checkout Review/input_No available delivery method please check the item(s) detail page or contact merchant_tab-title"), "*"): Keys '*' sent to object: 'Object Repository/ADMIN/Edit Text/Bespoke/Buyer Pages/Checkout Review/input_No available delivery method please check the item(s) detail page or contact merchant_tab-title'

2020-03-20 14:19:09 - [MESSAGE][PASSED] - Keys '*' sent to object: 'Object Repository/ADMIN/Edit Text/Bespoke/Buyer Pages/Checkout Review/input_No available delivery method please check the item(s) detail page or contact merchant_tab-title'

2020-03-20 14:19:09 - [TEST_STEP][PASSED] - sendKeys(findTestObject("ADMIN/Edit Text/Bespoke/Buyer Pages/Checkout Review/input_Back_btn_selected"), "*"): Keys '*' sent to object: 'Object Repository/ADMIN/Edit Text/Bespoke/Buyer Pages/Checkout Review/input_Back_btn_selected'

2020-03-20 14:19:09 - [MESSAGE][PASSED] - Keys '*' sent to object: 'Object Repository/ADMIN/Edit Text/Bespoke/Buyer Pages/Checkout Review/input_Back_btn_selected'

2020-03-20 14:19:09 - [TEST_STEP][PASSED] - sendKeys(findTestObject("ADMIN/Edit Text/Bespoke/Buyer Pages/Checkout Review/input_Proceed To Payment_btn_selected"), "*"): Keys '*' sent to object: 'Object Repository/ADMIN/Edit Text/Bespoke/Buyer Pages/Checkout Review/input_Proceed To Payment_btn_selected'

2020-03-20 14:19:09 - [MESSAGE][PASSED] - Keys '*' sent to object: 'Object Repository/ADMIN/Edit Text/Bespoke/Buyer Pages/Checkout Review/input_Proceed To Payment_btn_selected'

2020-03-20 14:19:09 - [TEST_STEP][PASSED] - click(findTestObject("ADMIN/Edit Text/Bespoke/Buyer Pages/Homepage/button_save"), CONTINUE_ON_FAILURE): Object: 'Object Repository/ADMIN/Edit Text/Bespoke/Buyer Pages/Homepage/button_save' is clicked on

2020-03-20 14:19:10 - [MESSAGE][PASSED] - Object: 'Object Repository/ADMIN/Edit Text/Bespoke/Buyer Pages/Homepage/button_save' is clicked on

2020-03-20 14:19:10 - [TEST_STEP][PASSED] - waitForElementVisible(findTestObject("ADMIN/Edit Text/Bespoke/Buyer Pages/Homepage/toaster_success"), 0): Object 'Object Repository/ADMIN/Edit Text/Bespoke/Buyer Pages/Homepage/toaster_success' is visible

2020-03-20 14:19:10 - [MESSAGE][WARNING] - Timeout '0' is invalid. Using default page load timeout: '30'

2020-03-20 14:19:10 - [MESSAGE][PASSED] - Object 'Object Repository/ADMIN/Edit Text/Bespoke/Buyer Pages/Homepage/toaster_success' is visible]]></system-out>
         <system-err><![CDATA[]]></system-err>
      </testcase>
      <testcase name="Test Cases/ADMIN/Language/Edit Text/Bespoke/Buyer Pages/Checkout Review" time="5.902" classname="Test Cases/ADMIN/Language/Edit Text/Bespoke/Buyer Pages/Checkout Review" status="PASSED">
         <system-out><![CDATA[2020-03-20 14:19:10 - [TEST_CASE][PASSED] - Test Cases/ADMIN/Language/Edit Text/Bespoke/Buyer Pages/Checkout Review: Test Cases/ADMIN/Language/Edit Text/Bespoke/Buyer Pages/Checkout Review

2020-03-20 14:19:10 - [TEST_STEP][PASSED] - waitForElementVisible(findTestObject("ADMIN/Edit Text/Bespoke/Buyer Navigation/dd_language"), 0): Object 'Object Repository/ADMIN/Edit Text/Bespoke/Buyer Navigation/dd_language' is visible

2020-03-20 14:19:11 - [MESSAGE][WARNING] - Timeout '0' is invalid. Using default page load timeout: '30'

2020-03-20 14:19:11 - [MESSAGE][PASSED] - Object 'Object Repository/ADMIN/Edit Text/Bespoke/Buyer Navigation/dd_language' is visible

2020-03-20 14:19:11 - [TEST_STEP][PASSED] - selectOptionByLabel(findTestObject("ADMIN/Edit Text/Bespoke/Buyer Navigation/dd_language"), varLanguage, false): All options with label 'Japanese' are selected in object 'Object Repository/ADMIN/Edit Text/Bespoke/Buyer Navigation/dd_language' 

2020-03-20 14:19:12 - [MESSAGE][PASSED] - All options with label 'Japanese' are selected in object 'Object Repository/ADMIN/Edit Text/Bespoke/Buyer Navigation/dd_language' 

2020-03-20 14:19:12 - [TEST_STEP][PASSED] - sendKeys(findTestObject("ADMIN/Edit Text/Bespoke/Buyer Pages/Checkout Review/input_DELIVERY_tab-title"), "*"): Keys '*' sent to object: 'Object Repository/ADMIN/Edit Text/Bespoke/Buyer Pages/Checkout Review/input_DELIVERY_tab-title'

2020-03-20 14:19:12 - [MESSAGE][PASSED] - Keys '*' sent to object: 'Object Repository/ADMIN/Edit Text/Bespoke/Buyer Pages/Checkout Review/input_DELIVERY_tab-title'

2020-03-20 14:19:12 - [TEST_STEP][PASSED] - sendKeys(findTestObject("ADMIN/Edit Text/Bespoke/Buyer Pages/Checkout Review/input_REVIEW_tab-title"), "*"): Keys '*' sent to object: 'Object Repository/ADMIN/Edit Text/Bespoke/Buyer Pages/Checkout Review/input_REVIEW_tab-title'

2020-03-20 14:19:12 - [MESSAGE][PASSED] - Keys '*' sent to object: 'Object Repository/ADMIN/Edit Text/Bespoke/Buyer Pages/Checkout Review/input_REVIEW_tab-title'

2020-03-20 14:19:12 - [TEST_STEP][PASSED] - sendKeys(findTestObject("ADMIN/Edit Text/Bespoke/Buyer Pages/Checkout Review/input_PAY_tab-title"), "*"): Keys '*' sent to object: 'Object Repository/ADMIN/Edit Text/Bespoke/Buyer Pages/Checkout Review/input_PAY_tab-title'

2020-03-20 14:19:13 - [MESSAGE][PASSED] - Keys '*' sent to object: 'Object Repository/ADMIN/Edit Text/Bespoke/Buyer Pages/Checkout Review/input_PAY_tab-title'

2020-03-20 14:19:13 - [TEST_STEP][PASSED] - sendKeys(findTestObject("ADMIN/Edit Text/Bespoke/Buyer Pages/Checkout Review/input_Delivery Address_tab-title"), "*"): Keys '*' sent to object: 'Object Repository/ADMIN/Edit Text/Bespoke/Buyer Pages/Checkout Review/input_Delivery Address_tab-title'

2020-03-20 14:19:13 - [MESSAGE][PASSED] - Keys '*' sent to object: 'Object Repository/ADMIN/Edit Text/Bespoke/Buyer Pages/Checkout Review/input_Delivery Address_tab-title'

2020-03-20 14:19:13 - [TEST_STEP][PASSED] - sendKeys(findTestObject("ADMIN/Edit Text/Bespoke/Buyer Pages/Checkout Review/input_DeliveryPick-up_tab-title"), "*"): Keys '*' sent to object: 'Object Repository/ADMIN/Edit Text/Bespoke/Buyer Pages/Checkout Review/input_DeliveryPick-up_tab-title'

2020-03-20 14:19:13 - [MESSAGE][PASSED] - Keys '*' sent to object: 'Object Repository/ADMIN/Edit Text/Bespoke/Buyer Pages/Checkout Review/input_DeliveryPick-up_tab-title'

2020-03-20 14:19:13 - [TEST_STEP][PASSED] - sendKeys(findTestObject("ADMIN/Edit Text/Bespoke/Buyer Pages/Checkout Review/input_Order Summary_tab-title"), "*"): Keys '*' sent to object: 'Object Repository/ADMIN/Edit Text/Bespoke/Buyer Pages/Checkout Review/input_Order Summary_tab-title'

2020-03-20 14:19:14 - [MESSAGE][PASSED] - Keys '*' sent to object: 'Object Repository/ADMIN/Edit Text/Bespoke/Buyer Pages/Checkout Review/input_Order Summary_tab-title'

2020-03-20 14:19:14 - [TEST_STEP][PASSED] - sendKeys(findTestObject("ADMIN/Edit Text/Bespoke/Buyer Pages/Checkout Review/input_Surcharge_tab-title"), "*"): Keys '*' sent to object: 'Object Repository/ADMIN/Edit Text/Bespoke/Buyer Pages/Checkout Review/input_Surcharge_tab-title'

2020-03-20 14:19:14 - [MESSAGE][PASSED] - Keys '*' sent to object: 'Object Repository/ADMIN/Edit Text/Bespoke/Buyer Pages/Checkout Review/input_Surcharge_tab-title'

2020-03-20 14:19:14 - [TEST_STEP][PASSED] - sendKeys(findTestObject("ADMIN/Edit Text/Bespoke/Buyer Pages/Checkout Review/input_Sub Total_tab-title"), "*"): Keys '*' sent to object: 'Object Repository/ADMIN/Edit Text/Bespoke/Buyer Pages/Checkout Review/input_Sub Total_tab-title'

2020-03-20 14:19:14 - [MESSAGE][PASSED] - Keys '*' sent to object: 'Object Repository/ADMIN/Edit Text/Bespoke/Buyer Pages/Checkout Review/input_Sub Total_tab-title'

2020-03-20 14:19:14 - [TEST_STEP][PASSED] - sendKeys(findTestObject("ADMIN/Edit Text/Bespoke/Buyer Pages/Checkout Review/input_Minimum Lead Time_tab-title"), "*"): Keys '*' sent to object: 'Object Repository/ADMIN/Edit Text/Bespoke/Buyer Pages/Checkout Review/input_Minimum Lead Time_tab-title'

2020-03-20 14:19:14 - [MESSAGE][PASSED] - Keys '*' sent to object: 'Object Repository/ADMIN/Edit Text/Bespoke/Buyer Pages/Checkout Review/input_Minimum Lead Time_tab-title'

2020-03-20 14:19:14 - [TEST_STEP][PASSED] - sendKeys(findTestObject("ADMIN/Edit Text/Bespoke/Buyer Pages/Checkout Review/input_Delivery Costs_tab-title"), "*"): Keys '*' sent to object: 'Object Repository/ADMIN/Edit Text/Bespoke/Buyer Pages/Checkout Review/input_Delivery Costs_tab-title'

2020-03-20 14:19:14 - [MESSAGE][PASSED] - Keys '*' sent to object: 'Object Repository/ADMIN/Edit Text/Bespoke/Buyer Pages/Checkout Review/input_Delivery Costs_tab-title'

2020-03-20 14:19:14 - [TEST_STEP][PASSED] - sendKeys(findTestObject("ADMIN/Edit Text/Bespoke/Buyer Pages/Checkout Review/input_Select Delivery Method_tab-title"), "*"): Keys '*' sent to object: 'Object Repository/ADMIN/Edit Text/Bespoke/Buyer Pages/Checkout Review/input_Select Delivery Method_tab-title'

2020-03-20 14:19:15 - [MESSAGE][PASSED] - Keys '*' sent to object: 'Object Repository/ADMIN/Edit Text/Bespoke/Buyer Pages/Checkout Review/input_Select Delivery Method_tab-title'

2020-03-20 14:19:15 - [TEST_STEP][PASSED] - sendKeys(findTestObject("ADMIN/Edit Text/Bespoke/Buyer Pages/Checkout Review/input_Total_tab-title"), "*"): Keys '*' sent to object: 'Object Repository/ADMIN/Edit Text/Bespoke/Buyer Pages/Checkout Review/input_Total_tab-title'

2020-03-20 14:19:15 - [MESSAGE][PASSED] - Keys '*' sent to object: 'Object Repository/ADMIN/Edit Text/Bespoke/Buyer Pages/Checkout Review/input_Total_tab-title'

2020-03-20 14:19:15 - [TEST_STEP][PASSED] - sendKeys(findTestObject("ADMIN/Edit Text/Bespoke/Buyer Pages/Checkout Review/input_QTY_tab-title"), "*"): Keys '*' sent to object: 'Object Repository/ADMIN/Edit Text/Bespoke/Buyer Pages/Checkout Review/input_QTY_tab-title'

2020-03-20 14:19:15 - [MESSAGE][PASSED] - Keys '*' sent to object: 'Object Repository/ADMIN/Edit Text/Bespoke/Buyer Pages/Checkout Review/input_QTY_tab-title'

2020-03-20 14:19:15 - [TEST_STEP][PASSED] - sendKeys(findTestObject("ADMIN/Edit Text/Bespoke/Buyer Pages/Checkout Review/input_No available delivery method please check the item(s) detail page or contact merchant_tab-title"), "*"): Keys '*' sent to object: 'Object Repository/ADMIN/Edit Text/Bespoke/Buyer Pages/Checkout Review/input_No available delivery method please check the item(s) detail page or contact merchant_tab-title'

2020-03-20 14:19:15 - [MESSAGE][PASSED] - Keys '*' sent to object: 'Object Repository/ADMIN/Edit Text/Bespoke/Buyer Pages/Checkout Review/input_No available delivery method please check the item(s) detail page or contact merchant_tab-title'

2020-03-20 14:19:15 - [TEST_STEP][PASSED] - sendKeys(findTestObject("ADMIN/Edit Text/Bespoke/Buyer Pages/Checkout Review/input_Back_btn_selected"), "*"): Keys '*' sent to object: 'Object Repository/ADMIN/Edit Text/Bespoke/Buyer Pages/Checkout Review/input_Back_btn_selected'

2020-03-20 14:19:15 - [MESSAGE][PASSED] - Keys '*' sent to object: 'Object Repository/ADMIN/Edit Text/Bespoke/Buyer Pages/Checkout Review/input_Back_btn_selected'

2020-03-20 14:19:15 - [TEST_STEP][PASSED] - sendKeys(findTestObject("ADMIN/Edit Text/Bespoke/Buyer Pages/Checkout Review/input_Proceed To Payment_btn_selected"), "*"): Keys '*' sent to object: 'Object Repository/ADMIN/Edit Text/Bespoke/Buyer Pages/Checkout Review/input_Proceed To Payment_btn_selected'

2020-03-20 14:19:15 - [MESSAGE][PASSED] - Keys '*' sent to object: 'Object Repository/ADMIN/Edit Text/Bespoke/Buyer Pages/Checkout Review/input_Proceed To Payment_btn_selected'

2020-03-20 14:19:15 - [TEST_STEP][PASSED] - click(findTestObject("ADMIN/Edit Text/Bespoke/Buyer Pages/Homepage/button_save"), CONTINUE_ON_FAILURE): Object: 'Object Repository/ADMIN/Edit Text/Bespoke/Buyer Pages/Homepage/button_save' is clicked on

2020-03-20 14:19:16 - [MESSAGE][PASSED] - Object: 'Object Repository/ADMIN/Edit Text/Bespoke/Buyer Pages/Homepage/button_save' is clicked on

2020-03-20 14:19:16 - [TEST_STEP][PASSED] - waitForElementVisible(findTestObject("ADMIN/Edit Text/Bespoke/Buyer Pages/Homepage/toaster_success"), 0): Object 'Object Repository/ADMIN/Edit Text/Bespoke/Buyer Pages/Homepage/toaster_success' is visible

2020-03-20 14:19:16 - [MESSAGE][WARNING] - Timeout '0' is invalid. Using default page load timeout: '30'

2020-03-20 14:19:16 - [MESSAGE][PASSED] - Object 'Object Repository/ADMIN/Edit Text/Bespoke/Buyer Pages/Homepage/toaster_success' is visible]]></system-out>
         <system-err><![CDATA[]]></system-err>
      </testcase>
      <testcase name="Test Cases/ADMIN/Language/Edit Text/Bespoke/Buyer Pages/Checkout Review" time="5.818" classname="Test Cases/ADMIN/Language/Edit Text/Bespoke/Buyer Pages/Checkout Review" status="PASSED">
         <system-out><![CDATA[2020-03-20 14:19:16 - [TEST_CASE][PASSED] - Test Cases/ADMIN/Language/Edit Text/Bespoke/Buyer Pages/Checkout Review: Test Cases/ADMIN/Language/Edit Text/Bespoke/Buyer Pages/Checkout Review

2020-03-20 14:19:16 - [TEST_STEP][PASSED] - waitForElementVisible(findTestObject("ADMIN/Edit Text/Bespoke/Buyer Navigation/dd_language"), 0): Object 'Object Repository/ADMIN/Edit Text/Bespoke/Buyer Navigation/dd_language' is visible

2020-03-20 14:19:16 - [MESSAGE][WARNING] - Timeout '0' is invalid. Using default page load timeout: '30'

2020-03-20 14:19:16 - [MESSAGE][PASSED] - Object 'Object Repository/ADMIN/Edit Text/Bespoke/Buyer Navigation/dd_language' is visible

2020-03-20 14:19:16 - [TEST_STEP][PASSED] - selectOptionByLabel(findTestObject("ADMIN/Edit Text/Bespoke/Buyer Navigation/dd_language"), varLanguage, false): All options with label 'Chinese (Traditional)' are selected in object 'Object Repository/ADMIN/Edit Text/Bespoke/Buyer Navigation/dd_language' 

2020-03-20 14:19:18 - [MESSAGE][PASSED] - All options with label 'Chinese (Traditional)' are selected in object 'Object Repository/ADMIN/Edit Text/Bespoke/Buyer Navigation/dd_language' 

2020-03-20 14:19:18 - [TEST_STEP][PASSED] - sendKeys(findTestObject("ADMIN/Edit Text/Bespoke/Buyer Pages/Checkout Review/input_DELIVERY_tab-title"), "*"): Keys '*' sent to object: 'Object Repository/ADMIN/Edit Text/Bespoke/Buyer Pages/Checkout Review/input_DELIVERY_tab-title'

2020-03-20 14:19:18 - [MESSAGE][PASSED] - Keys '*' sent to object: 'Object Repository/ADMIN/Edit Text/Bespoke/Buyer Pages/Checkout Review/input_DELIVERY_tab-title'

2020-03-20 14:19:18 - [TEST_STEP][PASSED] - sendKeys(findTestObject("ADMIN/Edit Text/Bespoke/Buyer Pages/Checkout Review/input_REVIEW_tab-title"), "*"): Keys '*' sent to object: 'Object Repository/ADMIN/Edit Text/Bespoke/Buyer Pages/Checkout Review/input_REVIEW_tab-title'

2020-03-20 14:19:18 - [MESSAGE][PASSED] - Keys '*' sent to object: 'Object Repository/ADMIN/Edit Text/Bespoke/Buyer Pages/Checkout Review/input_REVIEW_tab-title'

2020-03-20 14:19:18 - [TEST_STEP][PASSED] - sendKeys(findTestObject("ADMIN/Edit Text/Bespoke/Buyer Pages/Checkout Review/input_PAY_tab-title"), "*"): Keys '*' sent to object: 'Object Repository/ADMIN/Edit Text/Bespoke/Buyer Pages/Checkout Review/input_PAY_tab-title'

2020-03-20 14:19:19 - [MESSAGE][PASSED] - Keys '*' sent to object: 'Object Repository/ADMIN/Edit Text/Bespoke/Buyer Pages/Checkout Review/input_PAY_tab-title'

2020-03-20 14:19:19 - [TEST_STEP][PASSED] - sendKeys(findTestObject("ADMIN/Edit Text/Bespoke/Buyer Pages/Checkout Review/input_Delivery Address_tab-title"), "*"): Keys '*' sent to object: 'Object Repository/ADMIN/Edit Text/Bespoke/Buyer Pages/Checkout Review/input_Delivery Address_tab-title'

2020-03-20 14:19:19 - [MESSAGE][PASSED] - Keys '*' sent to object: 'Object Repository/ADMIN/Edit Text/Bespoke/Buyer Pages/Checkout Review/input_Delivery Address_tab-title'

2020-03-20 14:19:19 - [TEST_STEP][PASSED] - sendKeys(findTestObject("ADMIN/Edit Text/Bespoke/Buyer Pages/Checkout Review/input_DeliveryPick-up_tab-title"), "*"): Keys '*' sent to object: 'Object Repository/ADMIN/Edit Text/Bespoke/Buyer Pages/Checkout Review/input_DeliveryPick-up_tab-title'

2020-03-20 14:19:19 - [MESSAGE][PASSED] - Keys '*' sent to object: 'Object Repository/ADMIN/Edit Text/Bespoke/Buyer Pages/Checkout Review/input_DeliveryPick-up_tab-title'

2020-03-20 14:19:19 - [TEST_STEP][PASSED] - sendKeys(findTestObject("ADMIN/Edit Text/Bespoke/Buyer Pages/Checkout Review/input_Order Summary_tab-title"), "*"): Keys '*' sent to object: 'Object Repository/ADMIN/Edit Text/Bespoke/Buyer Pages/Checkout Review/input_Order Summary_tab-title'

2020-03-20 14:19:19 - [MESSAGE][PASSED] - Keys '*' sent to object: 'Object Repository/ADMIN/Edit Text/Bespoke/Buyer Pages/Checkout Review/input_Order Summary_tab-title'

2020-03-20 14:19:19 - [TEST_STEP][PASSED] - sendKeys(findTestObject("ADMIN/Edit Text/Bespoke/Buyer Pages/Checkout Review/input_Surcharge_tab-title"), "*"): Keys '*' sent to object: 'Object Repository/ADMIN/Edit Text/Bespoke/Buyer Pages/Checkout Review/input_Surcharge_tab-title'

2020-03-20 14:19:19 - [MESSAGE][PASSED] - Keys '*' sent to object: 'Object Repository/ADMIN/Edit Text/Bespoke/Buyer Pages/Checkout Review/input_Surcharge_tab-title'

2020-03-20 14:19:19 - [TEST_STEP][PASSED] - sendKeys(findTestObject("ADMIN/Edit Text/Bespoke/Buyer Pages/Checkout Review/input_Sub Total_tab-title"), "*"): Keys '*' sent to object: 'Object Repository/ADMIN/Edit Text/Bespoke/Buyer Pages/Checkout Review/input_Sub Total_tab-title'

2020-03-20 14:19:20 - [MESSAGE][PASSED] - Keys '*' sent to object: 'Object Repository/ADMIN/Edit Text/Bespoke/Buyer Pages/Checkout Review/input_Sub Total_tab-title'

2020-03-20 14:19:20 - [TEST_STEP][PASSED] - sendKeys(findTestObject("ADMIN/Edit Text/Bespoke/Buyer Pages/Checkout Review/input_Minimum Lead Time_tab-title"), "*"): Keys '*' sent to object: 'Object Repository/ADMIN/Edit Text/Bespoke/Buyer Pages/Checkout Review/input_Minimum Lead Time_tab-title'

2020-03-20 14:19:20 - [MESSAGE][PASSED] - Keys '*' sent to object: 'Object Repository/ADMIN/Edit Text/Bespoke/Buyer Pages/Checkout Review/input_Minimum Lead Time_tab-title'

2020-03-20 14:19:20 - [TEST_STEP][PASSED] - sendKeys(findTestObject("ADMIN/Edit Text/Bespoke/Buyer Pages/Checkout Review/input_Delivery Costs_tab-title"), "*"): Keys '*' sent to object: 'Object Repository/ADMIN/Edit Text/Bespoke/Buyer Pages/Checkout Review/input_Delivery Costs_tab-title'

2020-03-20 14:19:20 - [MESSAGE][PASSED] - Keys '*' sent to object: 'Object Repository/ADMIN/Edit Text/Bespoke/Buyer Pages/Checkout Review/input_Delivery Costs_tab-title'

2020-03-20 14:19:20 - [TEST_STEP][PASSED] - sendKeys(findTestObject("ADMIN/Edit Text/Bespoke/Buyer Pages/Checkout Review/input_Select Delivery Method_tab-title"), "*"): Keys '*' sent to object: 'Object Repository/ADMIN/Edit Text/Bespoke/Buyer Pages/Checkout Review/input_Select Delivery Method_tab-title'

2020-03-20 14:19:20 - [MESSAGE][PASSED] - Keys '*' sent to object: 'Object Repository/ADMIN/Edit Text/Bespoke/Buyer Pages/Checkout Review/input_Select Delivery Method_tab-title'

2020-03-20 14:19:20 - [TEST_STEP][PASSED] - sendKeys(findTestObject("ADMIN/Edit Text/Bespoke/Buyer Pages/Checkout Review/input_Total_tab-title"), "*"): Keys '*' sent to object: 'Object Repository/ADMIN/Edit Text/Bespoke/Buyer Pages/Checkout Review/input_Total_tab-title'

2020-03-20 14:19:21 - [MESSAGE][PASSED] - Keys '*' sent to object: 'Object Repository/ADMIN/Edit Text/Bespoke/Buyer Pages/Checkout Review/input_Total_tab-title'

2020-03-20 14:19:21 - [TEST_STEP][PASSED] - sendKeys(findTestObject("ADMIN/Edit Text/Bespoke/Buyer Pages/Checkout Review/input_QTY_tab-title"), "*"): Keys '*' sent to object: 'Object Repository/ADMIN/Edit Text/Bespoke/Buyer Pages/Checkout Review/input_QTY_tab-title'

2020-03-20 14:19:21 - [MESSAGE][PASSED] - Keys '*' sent to object: 'Object Repository/ADMIN/Edit Text/Bespoke/Buyer Pages/Checkout Review/input_QTY_tab-title'

2020-03-20 14:19:21 - [TEST_STEP][PASSED] - sendKeys(findTestObject("ADMIN/Edit Text/Bespoke/Buyer Pages/Checkout Review/input_No available delivery method please check the item(s) detail page or contact merchant_tab-title"), "*"): Keys '*' sent to object: 'Object Repository/ADMIN/Edit Text/Bespoke/Buyer Pages/Checkout Review/input_No available delivery method please check the item(s) detail page or contact merchant_tab-title'

2020-03-20 14:19:21 - [MESSAGE][PASSED] - Keys '*' sent to object: 'Object Repository/ADMIN/Edit Text/Bespoke/Buyer Pages/Checkout Review/input_No available delivery method please check the item(s) detail page or contact merchant_tab-title'

2020-03-20 14:19:21 - [TEST_STEP][PASSED] - sendKeys(findTestObject("ADMIN/Edit Text/Bespoke/Buyer Pages/Checkout Review/input_Back_btn_selected"), "*"): Keys '*' sent to object: 'Object Repository/ADMIN/Edit Text/Bespoke/Buyer Pages/Checkout Review/input_Back_btn_selected'

2020-03-20 14:19:22 - [MESSAGE][PASSED] - Keys '*' sent to object: 'Object Repository/ADMIN/Edit Text/Bespoke/Buyer Pages/Checkout Review/input_Back_btn_selected'

2020-03-20 14:19:22 - [TEST_STEP][PASSED] - sendKeys(findTestObject("ADMIN/Edit Text/Bespoke/Buyer Pages/Checkout Review/input_Proceed To Payment_btn_selected"), "*"): Keys '*' sent to object: 'Object Repository/ADMIN/Edit Text/Bespoke/Buyer Pages/Checkout Review/input_Proceed To Payment_btn_selected'

2020-03-20 14:19:22 - [MESSAGE][PASSED] - Keys '*' sent to object: 'Object Repository/ADMIN/Edit Text/Bespoke/Buyer Pages/Checkout Review/input_Proceed To Payment_btn_selected'

2020-03-20 14:19:22 - [TEST_STEP][PASSED] - click(findTestObject("ADMIN/Edit Text/Bespoke/Buyer Pages/Homepage/button_save"), CONTINUE_ON_FAILURE): Object: 'Object Repository/ADMIN/Edit Text/Bespoke/Buyer Pages/Homepage/button_save' is clicked on

2020-03-20 14:19:22 - [MESSAGE][PASSED] - Object: 'Object Repository/ADMIN/Edit Text/Bespoke/Buyer Pages/Homepage/button_save' is clicked on

2020-03-20 14:19:22 - [TEST_STEP][PASSED] - waitForElementVisible(findTestObject("ADMIN/Edit Text/Bespoke/Buyer Pages/Homepage/toaster_success"), 0): Object 'Object Repository/ADMIN/Edit Text/Bespoke/Buyer Pages/Homepage/toaster_success' is visible

2020-03-20 14:19:22 - [MESSAGE][WARNING] - Timeout '0' is invalid. Using default page load timeout: '30'

2020-03-20 14:19:22 - [MESSAGE][PASSED] - Object 'Object Repository/ADMIN/Edit Text/Bespoke/Buyer Pages/Homepage/toaster_success' is visible]]></system-out>
         <system-err><![CDATA[]]></system-err>
      </testcase>
      <testcase name="Test Cases/ADMIN/Language/Edit Text/Bespoke/Buyer Pages/Checkout Review" time="5.743" classname="Test Cases/ADMIN/Language/Edit Text/Bespoke/Buyer Pages/Checkout Review" status="PASSED">
         <system-out><![CDATA[2020-03-20 14:19:22 - [TEST_CASE][PASSED] - Test Cases/ADMIN/Language/Edit Text/Bespoke/Buyer Pages/Checkout Review: Test Cases/ADMIN/Language/Edit Text/Bespoke/Buyer Pages/Checkout Review

2020-03-20 14:19:22 - [TEST_STEP][PASSED] - waitForElementVisible(findTestObject("ADMIN/Edit Text/Bespoke/Buyer Navigation/dd_language"), 0): Object 'Object Repository/ADMIN/Edit Text/Bespoke/Buyer Navigation/dd_language' is visible

2020-03-20 14:19:22 - [MESSAGE][WARNING] - Timeout '0' is invalid. Using default page load timeout: '30'

2020-03-20 14:19:22 - [MESSAGE][PASSED] - Object 'Object Repository/ADMIN/Edit Text/Bespoke/Buyer Navigation/dd_language' is visible

2020-03-20 14:19:22 - [TEST_STEP][PASSED] - selectOptionByLabel(findTestObject("ADMIN/Edit Text/Bespoke/Buyer Navigation/dd_language"), varLanguage, false): All options with label 'Portuguese' are selected in object 'Object Repository/ADMIN/Edit Text/Bespoke/Buyer Navigation/dd_language' 

2020-03-20 14:19:23 - [MESSAGE][PASSED] - All options with label 'Portuguese' are selected in object 'Object Repository/ADMIN/Edit Text/Bespoke/Buyer Navigation/dd_language' 

2020-03-20 14:19:23 - [TEST_STEP][PASSED] - sendKeys(findTestObject("ADMIN/Edit Text/Bespoke/Buyer Pages/Checkout Review/input_DELIVERY_tab-title"), "*"): Keys '*' sent to object: 'Object Repository/ADMIN/Edit Text/Bespoke/Buyer Pages/Checkout Review/input_DELIVERY_tab-title'

2020-03-20 14:19:24 - [MESSAGE][PASSED] - Keys '*' sent to object: 'Object Repository/ADMIN/Edit Text/Bespoke/Buyer Pages/Checkout Review/input_DELIVERY_tab-title'

2020-03-20 14:19:24 - [TEST_STEP][PASSED] - sendKeys(findTestObject("ADMIN/Edit Text/Bespoke/Buyer Pages/Checkout Review/input_REVIEW_tab-title"), "*"): Keys '*' sent to object: 'Object Repository/ADMIN/Edit Text/Bespoke/Buyer Pages/Checkout Review/input_REVIEW_tab-title'

2020-03-20 14:19:24 - [MESSAGE][PASSED] - Keys '*' sent to object: 'Object Repository/ADMIN/Edit Text/Bespoke/Buyer Pages/Checkout Review/input_REVIEW_tab-title'

2020-03-20 14:19:24 - [TEST_STEP][PASSED] - sendKeys(findTestObject("ADMIN/Edit Text/Bespoke/Buyer Pages/Checkout Review/input_PAY_tab-title"), "*"): Keys '*' sent to object: 'Object Repository/ADMIN/Edit Text/Bespoke/Buyer Pages/Checkout Review/input_PAY_tab-title'

2020-03-20 14:19:25 - [MESSAGE][PASSED] - Keys '*' sent to object: 'Object Repository/ADMIN/Edit Text/Bespoke/Buyer Pages/Checkout Review/input_PAY_tab-title'

2020-03-20 14:19:25 - [TEST_STEP][PASSED] - sendKeys(findTestObject("ADMIN/Edit Text/Bespoke/Buyer Pages/Checkout Review/input_Delivery Address_tab-title"), "*"): Keys '*' sent to object: 'Object Repository/ADMIN/Edit Text/Bespoke/Buyer Pages/Checkout Review/input_Delivery Address_tab-title'

2020-03-20 14:19:25 - [MESSAGE][PASSED] - Keys '*' sent to object: 'Object Repository/ADMIN/Edit Text/Bespoke/Buyer Pages/Checkout Review/input_Delivery Address_tab-title'

2020-03-20 14:19:25 - [TEST_STEP][PASSED] - sendKeys(findTestObject("ADMIN/Edit Text/Bespoke/Buyer Pages/Checkout Review/input_DeliveryPick-up_tab-title"), "*"): Keys '*' sent to object: 'Object Repository/ADMIN/Edit Text/Bespoke/Buyer Pages/Checkout Review/input_DeliveryPick-up_tab-title'

2020-03-20 14:19:25 - [MESSAGE][PASSED] - Keys '*' sent to object: 'Object Repository/ADMIN/Edit Text/Bespoke/Buyer Pages/Checkout Review/input_DeliveryPick-up_tab-title'

2020-03-20 14:19:25 - [TEST_STEP][PASSED] - sendKeys(findTestObject("ADMIN/Edit Text/Bespoke/Buyer Pages/Checkout Review/input_Order Summary_tab-title"), "*"): Keys '*' sent to object: 'Object Repository/ADMIN/Edit Text/Bespoke/Buyer Pages/Checkout Review/input_Order Summary_tab-title'

2020-03-20 14:19:25 - [MESSAGE][PASSED] - Keys '*' sent to object: 'Object Repository/ADMIN/Edit Text/Bespoke/Buyer Pages/Checkout Review/input_Order Summary_tab-title'

2020-03-20 14:19:25 - [TEST_STEP][PASSED] - sendKeys(findTestObject("ADMIN/Edit Text/Bespoke/Buyer Pages/Checkout Review/input_Surcharge_tab-title"), "*"): Keys '*' sent to object: 'Object Repository/ADMIN/Edit Text/Bespoke/Buyer Pages/Checkout Review/input_Surcharge_tab-title'

2020-03-20 14:19:25 - [MESSAGE][PASSED] - Keys '*' sent to object: 'Object Repository/ADMIN/Edit Text/Bespoke/Buyer Pages/Checkout Review/input_Surcharge_tab-title'

2020-03-20 14:19:25 - [TEST_STEP][PASSED] - sendKeys(findTestObject("ADMIN/Edit Text/Bespoke/Buyer Pages/Checkout Review/input_Sub Total_tab-title"), "*"): Keys '*' sent to object: 'Object Repository/ADMIN/Edit Text/Bespoke/Buyer Pages/Checkout Review/input_Sub Total_tab-title'

2020-03-20 14:19:25 - [MESSAGE][PASSED] - Keys '*' sent to object: 'Object Repository/ADMIN/Edit Text/Bespoke/Buyer Pages/Checkout Review/input_Sub Total_tab-title'

2020-03-20 14:19:25 - [TEST_STEP][PASSED] - sendKeys(findTestObject("ADMIN/Edit Text/Bespoke/Buyer Pages/Checkout Review/input_Minimum Lead Time_tab-title"), "*"): Keys '*' sent to object: 'Object Repository/ADMIN/Edit Text/Bespoke/Buyer Pages/Checkout Review/input_Minimum Lead Time_tab-title'

2020-03-20 14:19:26 - [MESSAGE][PASSED] - Keys '*' sent to object: 'Object Repository/ADMIN/Edit Text/Bespoke/Buyer Pages/Checkout Review/input_Minimum Lead Time_tab-title'

2020-03-20 14:19:26 - [TEST_STEP][PASSED] - sendKeys(findTestObject("ADMIN/Edit Text/Bespoke/Buyer Pages/Checkout Review/input_Delivery Costs_tab-title"), "*"): Keys '*' sent to object: 'Object Repository/ADMIN/Edit Text/Bespoke/Buyer Pages/Checkout Review/input_Delivery Costs_tab-title'

2020-03-20 14:19:26 - [MESSAGE][PASSED] - Keys '*' sent to object: 'Object Repository/ADMIN/Edit Text/Bespoke/Buyer Pages/Checkout Review/input_Delivery Costs_tab-title'

2020-03-20 14:19:26 - [TEST_STEP][PASSED] - sendKeys(findTestObject("ADMIN/Edit Text/Bespoke/Buyer Pages/Checkout Review/input_Select Delivery Method_tab-title"), "*"): Keys '*' sent to object: 'Object Repository/ADMIN/Edit Text/Bespoke/Buyer Pages/Checkout Review/input_Select Delivery Method_tab-title'

2020-03-20 14:19:26 - [MESSAGE][PASSED] - Keys '*' sent to object: 'Object Repository/ADMIN/Edit Text/Bespoke/Buyer Pages/Checkout Review/input_Select Delivery Method_tab-title'

2020-03-20 14:19:26 - [TEST_STEP][PASSED] - sendKeys(findTestObject("ADMIN/Edit Text/Bespoke/Buyer Pages/Checkout Review/input_Total_tab-title"), "*"): Keys '*' sent to object: 'Object Repository/ADMIN/Edit Text/Bespoke/Buyer Pages/Checkout Review/input_Total_tab-title'

2020-03-20 14:19:26 - [MESSAGE][PASSED] - Keys '*' sent to object: 'Object Repository/ADMIN/Edit Text/Bespoke/Buyer Pages/Checkout Review/input_Total_tab-title'

2020-03-20 14:19:26 - [TEST_STEP][PASSED] - sendKeys(findTestObject("ADMIN/Edit Text/Bespoke/Buyer Pages/Checkout Review/input_QTY_tab-title"), "*"): Keys '*' sent to object: 'Object Repository/ADMIN/Edit Text/Bespoke/Buyer Pages/Checkout Review/input_QTY_tab-title'

2020-03-20 14:19:26 - [MESSAGE][PASSED] - Keys '*' sent to object: 'Object Repository/ADMIN/Edit Text/Bespoke/Buyer Pages/Checkout Review/input_QTY_tab-title'

2020-03-20 14:19:26 - [TEST_STEP][PASSED] - sendKeys(findTestObject("ADMIN/Edit Text/Bespoke/Buyer Pages/Checkout Review/input_No available delivery method please check the item(s) detail page or contact merchant_tab-title"), "*"): Keys '*' sent to object: 'Object Repository/ADMIN/Edit Text/Bespoke/Buyer Pages/Checkout Review/input_No available delivery method please check the item(s) detail page or contact merchant_tab-title'

2020-03-20 14:19:26 - [MESSAGE][PASSED] - Keys '*' sent to object: 'Object Repository/ADMIN/Edit Text/Bespoke/Buyer Pages/Checkout Review/input_No available delivery method please check the item(s) detail page or contact merchant_tab-title'

2020-03-20 14:19:26 - [TEST_STEP][PASSED] - sendKeys(findTestObject("ADMIN/Edit Text/Bespoke/Buyer Pages/Checkout Review/input_Back_btn_selected"), "*"): Keys '*' sent to object: 'Object Repository/ADMIN/Edit Text/Bespoke/Buyer Pages/Checkout Review/input_Back_btn_selected'

2020-03-20 14:19:27 - [MESSAGE][PASSED] - Keys '*' sent to object: 'Object Repository/ADMIN/Edit Text/Bespoke/Buyer Pages/Checkout Review/input_Back_btn_selected'

2020-03-20 14:19:27 - [TEST_STEP][PASSED] - sendKeys(findTestObject("ADMIN/Edit Text/Bespoke/Buyer Pages/Checkout Review/input_Proceed To Payment_btn_selected"), "*"): Keys '*' sent to object: 'Object Repository/ADMIN/Edit Text/Bespoke/Buyer Pages/Checkout Review/input_Proceed To Payment_btn_selected'

2020-03-20 14:19:27 - [MESSAGE][PASSED] - Keys '*' sent to object: 'Object Repository/ADMIN/Edit Text/Bespoke/Buyer Pages/Checkout Review/input_Proceed To Payment_btn_selected'

2020-03-20 14:19:27 - [TEST_STEP][PASSED] - click(findTestObject("ADMIN/Edit Text/Bespoke/Buyer Pages/Homepage/button_save"), CONTINUE_ON_FAILURE): Object: 'Object Repository/ADMIN/Edit Text/Bespoke/Buyer Pages/Homepage/button_save' is clicked on

2020-03-20 14:19:27 - [MESSAGE][PASSED] - Object: 'Object Repository/ADMIN/Edit Text/Bespoke/Buyer Pages/Homepage/button_save' is clicked on

2020-03-20 14:19:27 - [TEST_STEP][PASSED] - waitForElementVisible(findTestObject("ADMIN/Edit Text/Bespoke/Buyer Pages/Homepage/toaster_success"), 0): Object 'Object Repository/ADMIN/Edit Text/Bespoke/Buyer Pages/Homepage/toaster_success' is visible

2020-03-20 14:19:27 - [MESSAGE][WARNING] - Timeout '0' is invalid. Using default page load timeout: '30'

2020-03-20 14:19:28 - [MESSAGE][PASSED] - Object 'Object Repository/ADMIN/Edit Text/Bespoke/Buyer Pages/Homepage/toaster_success' is visible]]></system-out>
         <system-err><![CDATA[]]></system-err>
      </testcase>
      <testcase name="Test Cases/ADMIN/Language/Edit Text/Bespoke/Buyer Pages/Checkout Review" time="6.437" classname="Test Cases/ADMIN/Language/Edit Text/Bespoke/Buyer Pages/Checkout Review" status="PASSED">
         <system-out><![CDATA[2020-03-20 14:19:28 - [TEST_CASE][PASSED] - Test Cases/ADMIN/Language/Edit Text/Bespoke/Buyer Pages/Checkout Review: Test Cases/ADMIN/Language/Edit Text/Bespoke/Buyer Pages/Checkout Review

2020-03-20 14:19:28 - [TEST_STEP][PASSED] - waitForElementVisible(findTestObject("ADMIN/Edit Text/Bespoke/Buyer Navigation/dd_language"), 0): Object 'Object Repository/ADMIN/Edit Text/Bespoke/Buyer Navigation/dd_language' is visible

2020-03-20 14:19:28 - [MESSAGE][WARNING] - Timeout '0' is invalid. Using default page load timeout: '30'

2020-03-20 14:19:28 - [MESSAGE][PASSED] - Object 'Object Repository/ADMIN/Edit Text/Bespoke/Buyer Navigation/dd_language' is visible

2020-03-20 14:19:28 - [TEST_STEP][PASSED] - selectOptionByLabel(findTestObject("ADMIN/Edit Text/Bespoke/Buyer Navigation/dd_language"), varLanguage, false): All options with label 'Indonesian' are selected in object 'Object Repository/ADMIN/Edit Text/Bespoke/Buyer Navigation/dd_language' 

2020-03-20 14:19:30 - [MESSAGE][PASSED] - All options with label 'Indonesian' are selected in object 'Object Repository/ADMIN/Edit Text/Bespoke/Buyer Navigation/dd_language' 

2020-03-20 14:19:30 - [TEST_STEP][PASSED] - sendKeys(findTestObject("ADMIN/Edit Text/Bespoke/Buyer Pages/Checkout Review/input_DELIVERY_tab-title"), "*"): Keys '*' sent to object: 'Object Repository/ADMIN/Edit Text/Bespoke/Buyer Pages/Checkout Review/input_DELIVERY_tab-title'

2020-03-20 14:19:30 - [MESSAGE][PASSED] - Keys '*' sent to object: 'Object Repository/ADMIN/Edit Text/Bespoke/Buyer Pages/Checkout Review/input_DELIVERY_tab-title'

2020-03-20 14:19:30 - [TEST_STEP][PASSED] - sendKeys(findTestObject("ADMIN/Edit Text/Bespoke/Buyer Pages/Checkout Review/input_REVIEW_tab-title"), "*"): Keys '*' sent to object: 'Object Repository/ADMIN/Edit Text/Bespoke/Buyer Pages/Checkout Review/input_REVIEW_tab-title'

2020-03-20 14:19:30 - [MESSAGE][PASSED] - Keys '*' sent to object: 'Object Repository/ADMIN/Edit Text/Bespoke/Buyer Pages/Checkout Review/input_REVIEW_tab-title'

2020-03-20 14:19:30 - [TEST_STEP][PASSED] - sendKeys(findTestObject("ADMIN/Edit Text/Bespoke/Buyer Pages/Checkout Review/input_PAY_tab-title"), "*"): Keys '*' sent to object: 'Object Repository/ADMIN/Edit Text/Bespoke/Buyer Pages/Checkout Review/input_PAY_tab-title'

2020-03-20 14:19:30 - [MESSAGE][PASSED] - Keys '*' sent to object: 'Object Repository/ADMIN/Edit Text/Bespoke/Buyer Pages/Checkout Review/input_PAY_tab-title'

2020-03-20 14:19:30 - [TEST_STEP][PASSED] - sendKeys(findTestObject("ADMIN/Edit Text/Bespoke/Buyer Pages/Checkout Review/input_Delivery Address_tab-title"), "*"): Keys '*' sent to object: 'Object Repository/ADMIN/Edit Text/Bespoke/Buyer Pages/Checkout Review/input_Delivery Address_tab-title'

2020-03-20 14:19:31 - [MESSAGE][PASSED] - Keys '*' sent to object: 'Object Repository/ADMIN/Edit Text/Bespoke/Buyer Pages/Checkout Review/input_Delivery Address_tab-title'

2020-03-20 14:19:31 - [TEST_STEP][PASSED] - sendKeys(findTestObject("ADMIN/Edit Text/Bespoke/Buyer Pages/Checkout Review/input_DeliveryPick-up_tab-title"), "*"): Keys '*' sent to object: 'Object Repository/ADMIN/Edit Text/Bespoke/Buyer Pages/Checkout Review/input_DeliveryPick-up_tab-title'

2020-03-20 14:19:31 - [MESSAGE][PASSED] - Keys '*' sent to object: 'Object Repository/ADMIN/Edit Text/Bespoke/Buyer Pages/Checkout Review/input_DeliveryPick-up_tab-title'

2020-03-20 14:19:31 - [TEST_STEP][PASSED] - sendKeys(findTestObject("ADMIN/Edit Text/Bespoke/Buyer Pages/Checkout Review/input_Order Summary_tab-title"), "*"): Keys '*' sent to object: 'Object Repository/ADMIN/Edit Text/Bespoke/Buyer Pages/Checkout Review/input_Order Summary_tab-title'

2020-03-20 14:19:31 - [MESSAGE][PASSED] - Keys '*' sent to object: 'Object Repository/ADMIN/Edit Text/Bespoke/Buyer Pages/Checkout Review/input_Order Summary_tab-title'

2020-03-20 14:19:31 - [TEST_STEP][PASSED] - sendKeys(findTestObject("ADMIN/Edit Text/Bespoke/Buyer Pages/Checkout Review/input_Surcharge_tab-title"), "*"): Keys '*' sent to object: 'Object Repository/ADMIN/Edit Text/Bespoke/Buyer Pages/Checkout Review/input_Surcharge_tab-title'

2020-03-20 14:19:32 - [MESSAGE][PASSED] - Keys '*' sent to object: 'Object Repository/ADMIN/Edit Text/Bespoke/Buyer Pages/Checkout Review/input_Surcharge_tab-title'

2020-03-20 14:19:32 - [TEST_STEP][PASSED] - sendKeys(findTestObject("ADMIN/Edit Text/Bespoke/Buyer Pages/Checkout Review/input_Sub Total_tab-title"), "*"): Keys '*' sent to object: 'Object Repository/ADMIN/Edit Text/Bespoke/Buyer Pages/Checkout Review/input_Sub Total_tab-title'

2020-03-20 14:19:32 - [MESSAGE][PASSED] - Keys '*' sent to object: 'Object Repository/ADMIN/Edit Text/Bespoke/Buyer Pages/Checkout Review/input_Sub Total_tab-title'

2020-03-20 14:19:32 - [TEST_STEP][PASSED] - sendKeys(findTestObject("ADMIN/Edit Text/Bespoke/Buyer Pages/Checkout Review/input_Minimum Lead Time_tab-title"), "*"): Keys '*' sent to object: 'Object Repository/ADMIN/Edit Text/Bespoke/Buyer Pages/Checkout Review/input_Minimum Lead Time_tab-title'

2020-03-20 14:19:32 - [MESSAGE][PASSED] - Keys '*' sent to object: 'Object Repository/ADMIN/Edit Text/Bespoke/Buyer Pages/Checkout Review/input_Minimum Lead Time_tab-title'

2020-03-20 14:19:32 - [TEST_STEP][PASSED] - sendKeys(findTestObject("ADMIN/Edit Text/Bespoke/Buyer Pages/Checkout Review/input_Delivery Costs_tab-title"), "*"): Keys '*' sent to object: 'Object Repository/ADMIN/Edit Text/Bespoke/Buyer Pages/Checkout Review/input_Delivery Costs_tab-title'

2020-03-20 14:19:32 - [MESSAGE][PASSED] - Keys '*' sent to object: 'Object Repository/ADMIN/Edit Text/Bespoke/Buyer Pages/Checkout Review/input_Delivery Costs_tab-title'

2020-03-20 14:19:32 - [TEST_STEP][PASSED] - sendKeys(findTestObject("ADMIN/Edit Text/Bespoke/Buyer Pages/Checkout Review/input_Select Delivery Method_tab-title"), "*"): Keys '*' sent to object: 'Object Repository/ADMIN/Edit Text/Bespoke/Buyer Pages/Checkout Review/input_Select Delivery Method_tab-title'

2020-03-20 14:19:32 - [MESSAGE][PASSED] - Keys '*' sent to object: 'Object Repository/ADMIN/Edit Text/Bespoke/Buyer Pages/Checkout Review/input_Select Delivery Method_tab-title'

2020-03-20 14:19:32 - [TEST_STEP][PASSED] - sendKeys(findTestObject("ADMIN/Edit Text/Bespoke/Buyer Pages/Checkout Review/input_Total_tab-title"), "*"): Keys '*' sent to object: 'Object Repository/ADMIN/Edit Text/Bespoke/Buyer Pages/Checkout Review/input_Total_tab-title'

2020-03-20 14:19:33 - [MESSAGE][PASSED] - Keys '*' sent to object: 'Object Repository/ADMIN/Edit Text/Bespoke/Buyer Pages/Checkout Review/input_Total_tab-title'

2020-03-20 14:19:33 - [TEST_STEP][PASSED] - sendKeys(findTestObject("ADMIN/Edit Text/Bespoke/Buyer Pages/Checkout Review/input_QTY_tab-title"), "*"): Keys '*' sent to object: 'Object Repository/ADMIN/Edit Text/Bespoke/Buyer Pages/Checkout Review/input_QTY_tab-title'

2020-03-20 14:19:33 - [MESSAGE][PASSED] - Keys '*' sent to object: 'Object Repository/ADMIN/Edit Text/Bespoke/Buyer Pages/Checkout Review/input_QTY_tab-title'

2020-03-20 14:19:33 - [TEST_STEP][PASSED] - sendKeys(findTestObject("ADMIN/Edit Text/Bespoke/Buyer Pages/Checkout Review/input_No available delivery method please check the item(s) detail page or contact merchant_tab-title"), "*"): Keys '*' sent to object: 'Object Repository/ADMIN/Edit Text/Bespoke/Buyer Pages/Checkout Review/input_No available delivery method please check the item(s) detail page or contact merchant_tab-title'

2020-03-20 14:19:33 - [MESSAGE][PASSED] - Keys '*' sent to object: 'Object Repository/ADMIN/Edit Text/Bespoke/Buyer Pages/Checkout Review/input_No available delivery method please check the item(s) detail page or contact merchant_tab-title'

2020-03-20 14:19:33 - [TEST_STEP][PASSED] - sendKeys(findTestObject("ADMIN/Edit Text/Bespoke/Buyer Pages/Checkout Review/input_Back_btn_selected"), "*"): Keys '*' sent to object: 'Object Repository/ADMIN/Edit Text/Bespoke/Buyer Pages/Checkout Review/input_Back_btn_selected'

2020-03-20 14:19:33 - [MESSAGE][PASSED] - Keys '*' sent to object: 'Object Repository/ADMIN/Edit Text/Bespoke/Buyer Pages/Checkout Review/input_Back_btn_selected'

2020-03-20 14:19:33 - [TEST_STEP][PASSED] - sendKeys(findTestObject("ADMIN/Edit Text/Bespoke/Buyer Pages/Checkout Review/input_Proceed To Payment_btn_selected"), "*"): Keys '*' sent to object: 'Object Repository/ADMIN/Edit Text/Bespoke/Buyer Pages/Checkout Review/input_Proceed To Payment_btn_selected'

2020-03-20 14:19:33 - [MESSAGE][PASSED] - Keys '*' sent to object: 'Object Repository/ADMIN/Edit Text/Bespoke/Buyer Pages/Checkout Review/input_Proceed To Payment_btn_selected'

2020-03-20 14:19:33 - [TEST_STEP][PASSED] - click(findTestObject("ADMIN/Edit Text/Bespoke/Buyer Pages/Homepage/button_save"), CONTINUE_ON_FAILURE): Object: 'Object Repository/ADMIN/Edit Text/Bespoke/Buyer Pages/Homepage/button_save' is clicked on

2020-03-20 14:19:34 - [MESSAGE][PASSED] - Object: 'Object Repository/ADMIN/Edit Text/Bespoke/Buyer Pages/Homepage/button_save' is clicked on

2020-03-20 14:19:34 - [TEST_STEP][PASSED] - waitForElementVisible(findTestObject("ADMIN/Edit Text/Bespoke/Buyer Pages/Homepage/toaster_success"), 0): Object 'Object Repository/ADMIN/Edit Text/Bespoke/Buyer Pages/Homepage/toaster_success' is visible

2020-03-20 14:19:34 - [MESSAGE][WARNING] - Timeout '0' is invalid. Using default page load timeout: '30'

2020-03-20 14:19:34 - [MESSAGE][PASSED] - Object 'Object Repository/ADMIN/Edit Text/Bespoke/Buyer Pages/Homepage/toaster_success' is visible]]></system-out>
         <system-err><![CDATA[]]></system-err>
      </testcase>
      <testcase name="Test Cases/ADMIN/Language/Edit Text/Bespoke/Buyer Pages/Checkout Review" time="7.067" classname="Test Cases/ADMIN/Language/Edit Text/Bespoke/Buyer Pages/Checkout Review" status="PASSED">
         <system-out><![CDATA[2020-03-20 14:19:34 - [TEST_CASE][PASSED] - Test Cases/ADMIN/Language/Edit Text/Bespoke/Buyer Pages/Checkout Review: Test Cases/ADMIN/Language/Edit Text/Bespoke/Buyer Pages/Checkout Review

2020-03-20 14:19:34 - [TEST_STEP][PASSED] - waitForElementVisible(findTestObject("ADMIN/Edit Text/Bespoke/Buyer Navigation/dd_language"), 0): Object 'Object Repository/ADMIN/Edit Text/Bespoke/Buyer Navigation/dd_language' is visible

2020-03-20 14:19:34 - [MESSAGE][WARNING] - Timeout '0' is invalid. Using default page load timeout: '30'

2020-03-20 14:19:35 - [MESSAGE][PASSED] - Object 'Object Repository/ADMIN/Edit Text/Bespoke/Buyer Navigation/dd_language' is visible

2020-03-20 14:19:35 - [TEST_STEP][PASSED] - selectOptionByLabel(findTestObject("ADMIN/Edit Text/Bespoke/Buyer Navigation/dd_language"), varLanguage, false): All options with label 'Russian' are selected in object 'Object Repository/ADMIN/Edit Text/Bespoke/Buyer Navigation/dd_language' 

2020-03-20 14:19:36 - [MESSAGE][PASSED] - All options with label 'Russian' are selected in object 'Object Repository/ADMIN/Edit Text/Bespoke/Buyer Navigation/dd_language' 

2020-03-20 14:19:36 - [TEST_STEP][PASSED] - sendKeys(findTestObject("ADMIN/Edit Text/Bespoke/Buyer Pages/Checkout Review/input_DELIVERY_tab-title"), "*"): Keys '*' sent to object: 'Object Repository/ADMIN/Edit Text/Bespoke/Buyer Pages/Checkout Review/input_DELIVERY_tab-title'

2020-03-20 14:19:37 - [MESSAGE][PASSED] - Keys '*' sent to object: 'Object Repository/ADMIN/Edit Text/Bespoke/Buyer Pages/Checkout Review/input_DELIVERY_tab-title'

2020-03-20 14:19:37 - [TEST_STEP][PASSED] - sendKeys(findTestObject("ADMIN/Edit Text/Bespoke/Buyer Pages/Checkout Review/input_REVIEW_tab-title"), "*"): Keys '*' sent to object: 'Object Repository/ADMIN/Edit Text/Bespoke/Buyer Pages/Checkout Review/input_REVIEW_tab-title'

2020-03-20 14:19:37 - [MESSAGE][PASSED] - Keys '*' sent to object: 'Object Repository/ADMIN/Edit Text/Bespoke/Buyer Pages/Checkout Review/input_REVIEW_tab-title'

2020-03-20 14:19:37 - [TEST_STEP][PASSED] - sendKeys(findTestObject("ADMIN/Edit Text/Bespoke/Buyer Pages/Checkout Review/input_PAY_tab-title"), "*"): Keys '*' sent to object: 'Object Repository/ADMIN/Edit Text/Bespoke/Buyer Pages/Checkout Review/input_PAY_tab-title'

2020-03-20 14:19:38 - [MESSAGE][PASSED] - Keys '*' sent to object: 'Object Repository/ADMIN/Edit Text/Bespoke/Buyer Pages/Checkout Review/input_PAY_tab-title'

2020-03-20 14:19:38 - [TEST_STEP][PASSED] - sendKeys(findTestObject("ADMIN/Edit Text/Bespoke/Buyer Pages/Checkout Review/input_Delivery Address_tab-title"), "*"): Keys '*' sent to object: 'Object Repository/ADMIN/Edit Text/Bespoke/Buyer Pages/Checkout Review/input_Delivery Address_tab-title'

2020-03-20 14:19:38 - [MESSAGE][PASSED] - Keys '*' sent to object: 'Object Repository/ADMIN/Edit Text/Bespoke/Buyer Pages/Checkout Review/input_Delivery Address_tab-title'

2020-03-20 14:19:38 - [TEST_STEP][PASSED] - sendKeys(findTestObject("ADMIN/Edit Text/Bespoke/Buyer Pages/Checkout Review/input_DeliveryPick-up_tab-title"), "*"): Keys '*' sent to object: 'Object Repository/ADMIN/Edit Text/Bespoke/Buyer Pages/Checkout Review/input_DeliveryPick-up_tab-title'

2020-03-20 14:19:38 - [MESSAGE][PASSED] - Keys '*' sent to object: 'Object Repository/ADMIN/Edit Text/Bespoke/Buyer Pages/Checkout Review/input_DeliveryPick-up_tab-title'

2020-03-20 14:19:38 - [TEST_STEP][PASSED] - sendKeys(findTestObject("ADMIN/Edit Text/Bespoke/Buyer Pages/Checkout Review/input_Order Summary_tab-title"), "*"): Keys '*' sent to object: 'Object Repository/ADMIN/Edit Text/Bespoke/Buyer Pages/Checkout Review/input_Order Summary_tab-title'

2020-03-20 14:19:38 - [MESSAGE][PASSED] - Keys '*' sent to object: 'Object Repository/ADMIN/Edit Text/Bespoke/Buyer Pages/Checkout Review/input_Order Summary_tab-title'

2020-03-20 14:19:38 - [TEST_STEP][PASSED] - sendKeys(findTestObject("ADMIN/Edit Text/Bespoke/Buyer Pages/Checkout Review/input_Surcharge_tab-title"), "*"): Keys '*' sent to object: 'Object Repository/ADMIN/Edit Text/Bespoke/Buyer Pages/Checkout Review/input_Surcharge_tab-title'

2020-03-20 14:19:38 - [MESSAGE][PASSED] - Keys '*' sent to object: 'Object Repository/ADMIN/Edit Text/Bespoke/Buyer Pages/Checkout Review/input_Surcharge_tab-title'

2020-03-20 14:19:38 - [TEST_STEP][PASSED] - sendKeys(findTestObject("ADMIN/Edit Text/Bespoke/Buyer Pages/Checkout Review/input_Sub Total_tab-title"), "*"): Keys '*' sent to object: 'Object Repository/ADMIN/Edit Text/Bespoke/Buyer Pages/Checkout Review/input_Sub Total_tab-title'

2020-03-20 14:19:39 - [MESSAGE][PASSED] - Keys '*' sent to object: 'Object Repository/ADMIN/Edit Text/Bespoke/Buyer Pages/Checkout Review/input_Sub Total_tab-title'

2020-03-20 14:19:39 - [TEST_STEP][PASSED] - sendKeys(findTestObject("ADMIN/Edit Text/Bespoke/Buyer Pages/Checkout Review/input_Minimum Lead Time_tab-title"), "*"): Keys '*' sent to object: 'Object Repository/ADMIN/Edit Text/Bespoke/Buyer Pages/Checkout Review/input_Minimum Lead Time_tab-title'

2020-03-20 14:19:39 - [MESSAGE][PASSED] - Keys '*' sent to object: 'Object Repository/ADMIN/Edit Text/Bespoke/Buyer Pages/Checkout Review/input_Minimum Lead Time_tab-title'

2020-03-20 14:19:39 - [TEST_STEP][PASSED] - sendKeys(findTestObject("ADMIN/Edit Text/Bespoke/Buyer Pages/Checkout Review/input_Delivery Costs_tab-title"), "*"): Keys '*' sent to object: 'Object Repository/ADMIN/Edit Text/Bespoke/Buyer Pages/Checkout Review/input_Delivery Costs_tab-title'

2020-03-20 14:19:39 - [MESSAGE][PASSED] - Keys '*' sent to object: 'Object Repository/ADMIN/Edit Text/Bespoke/Buyer Pages/Checkout Review/input_Delivery Costs_tab-title'

2020-03-20 14:19:39 - [TEST_STEP][PASSED] - sendKeys(findTestObject("ADMIN/Edit Text/Bespoke/Buyer Pages/Checkout Review/input_Select Delivery Method_tab-title"), "*"): Keys '*' sent to object: 'Object Repository/ADMIN/Edit Text/Bespoke/Buyer Pages/Checkout Review/input_Select Delivery Method_tab-title'

2020-03-20 14:19:39 - [MESSAGE][PASSED] - Keys '*' sent to object: 'Object Repository/ADMIN/Edit Text/Bespoke/Buyer Pages/Checkout Review/input_Select Delivery Method_tab-title'

2020-03-20 14:19:39 - [TEST_STEP][PASSED] - sendKeys(findTestObject("ADMIN/Edit Text/Bespoke/Buyer Pages/Checkout Review/input_Total_tab-title"), "*"): Keys '*' sent to object: 'Object Repository/ADMIN/Edit Text/Bespoke/Buyer Pages/Checkout Review/input_Total_tab-title'

2020-03-20 14:19:40 - [MESSAGE][PASSED] - Keys '*' sent to object: 'Object Repository/ADMIN/Edit Text/Bespoke/Buyer Pages/Checkout Review/input_Total_tab-title'

2020-03-20 14:19:40 - [TEST_STEP][PASSED] - sendKeys(findTestObject("ADMIN/Edit Text/Bespoke/Buyer Pages/Checkout Review/input_QTY_tab-title"), "*"): Keys '*' sent to object: 'Object Repository/ADMIN/Edit Text/Bespoke/Buyer Pages/Checkout Review/input_QTY_tab-title'

2020-03-20 14:19:40 - [MESSAGE][PASSED] - Keys '*' sent to object: 'Object Repository/ADMIN/Edit Text/Bespoke/Buyer Pages/Checkout Review/input_QTY_tab-title'

2020-03-20 14:19:40 - [TEST_STEP][PASSED] - sendKeys(findTestObject("ADMIN/Edit Text/Bespoke/Buyer Pages/Checkout Review/input_No available delivery method please check the item(s) detail page or contact merchant_tab-title"), "*"): Keys '*' sent to object: 'Object Repository/ADMIN/Edit Text/Bespoke/Buyer Pages/Checkout Review/input_No available delivery method please check the item(s) detail page or contact merchant_tab-title'

2020-03-20 14:19:40 - [MESSAGE][PASSED] - Keys '*' sent to object: 'Object Repository/ADMIN/Edit Text/Bespoke/Buyer Pages/Checkout Review/input_No available delivery method please check the item(s) detail page or contact merchant_tab-title'

2020-03-20 14:19:40 - [TEST_STEP][PASSED] - sendKeys(findTestObject("ADMIN/Edit Text/Bespoke/Buyer Pages/Checkout Review/input_Back_btn_selected"), "*"): Keys '*' sent to object: 'Object Repository/ADMIN/Edit Text/Bespoke/Buyer Pages/Checkout Review/input_Back_btn_selected'

2020-03-20 14:19:40 - [MESSAGE][PASSED] - Keys '*' sent to object: 'Object Repository/ADMIN/Edit Text/Bespoke/Buyer Pages/Checkout Review/input_Back_btn_selected'

2020-03-20 14:19:40 - [TEST_STEP][PASSED] - sendKeys(findTestObject("ADMIN/Edit Text/Bespoke/Buyer Pages/Checkout Review/input_Proceed To Payment_btn_selected"), "*"): Keys '*' sent to object: 'Object Repository/ADMIN/Edit Text/Bespoke/Buyer Pages/Checkout Review/input_Proceed To Payment_btn_selected'

2020-03-20 14:19:41 - [MESSAGE][PASSED] - Keys '*' sent to object: 'Object Repository/ADMIN/Edit Text/Bespoke/Buyer Pages/Checkout Review/input_Proceed To Payment_btn_selected'

2020-03-20 14:19:41 - [TEST_STEP][PASSED] - click(findTestObject("ADMIN/Edit Text/Bespoke/Buyer Pages/Homepage/button_save"), CONTINUE_ON_FAILURE): Object: 'Object Repository/ADMIN/Edit Text/Bespoke/Buyer Pages/Homepage/button_save' is clicked on

2020-03-20 14:19:41 - [MESSAGE][PASSED] - Object: 'Object Repository/ADMIN/Edit Text/Bespoke/Buyer Pages/Homepage/button_save' is clicked on

2020-03-20 14:19:41 - [TEST_STEP][PASSED] - waitForElementVisible(findTestObject("ADMIN/Edit Text/Bespoke/Buyer Pages/Homepage/toaster_success"), 0): Object 'Object Repository/ADMIN/Edit Text/Bespoke/Buyer Pages/Homepage/toaster_success' is visible

2020-03-20 14:19:41 - [MESSAGE][WARNING] - Timeout '0' is invalid. Using default page load timeout: '30'

2020-03-20 14:19:41 - [MESSAGE][PASSED] - Object 'Object Repository/ADMIN/Edit Text/Bespoke/Buyer Pages/Homepage/toaster_success' is visible]]></system-out>
         <system-err><![CDATA[]]></system-err>
      </testcase>
      <testcase name="Test Cases/ADMIN/Language/Edit Text/Bespoke/Buyer Pages/Checkout Review" time="6.186" classname="Test Cases/ADMIN/Language/Edit Text/Bespoke/Buyer Pages/Checkout Review" status="PASSED">
         <system-out><![CDATA[2020-03-20 14:19:41 - [TEST_CASE][PASSED] - Test Cases/ADMIN/Language/Edit Text/Bespoke/Buyer Pages/Checkout Review: Test Cases/ADMIN/Language/Edit Text/Bespoke/Buyer Pages/Checkout Review

2020-03-20 14:19:41 - [TEST_STEP][PASSED] - waitForElementVisible(findTestObject("ADMIN/Edit Text/Bespoke/Buyer Navigation/dd_language"), 0): Object 'Object Repository/ADMIN/Edit Text/Bespoke/Buyer Navigation/dd_language' is visible

2020-03-20 14:19:42 - [MESSAGE][WARNING] - Timeout '0' is invalid. Using default page load timeout: '30'

2020-03-20 14:19:42 - [MESSAGE][PASSED] - Object 'Object Repository/ADMIN/Edit Text/Bespoke/Buyer Navigation/dd_language' is visible

2020-03-20 14:19:42 - [TEST_STEP][PASSED] - selectOptionByLabel(findTestObject("ADMIN/Edit Text/Bespoke/Buyer Navigation/dd_language"), varLanguage, false): All options with label 'Italian' are selected in object 'Object Repository/ADMIN/Edit Text/Bespoke/Buyer Navigation/dd_language' 

2020-03-20 14:19:43 - [MESSAGE][PASSED] - All options with label 'Italian' are selected in object 'Object Repository/ADMIN/Edit Text/Bespoke/Buyer Navigation/dd_language' 

2020-03-20 14:19:43 - [TEST_STEP][PASSED] - sendKeys(findTestObject("ADMIN/Edit Text/Bespoke/Buyer Pages/Checkout Review/input_DELIVERY_tab-title"), "*"): Keys '*' sent to object: 'Object Repository/ADMIN/Edit Text/Bespoke/Buyer Pages/Checkout Review/input_DELIVERY_tab-title'

2020-03-20 14:19:43 - [MESSAGE][PASSED] - Keys '*' sent to object: 'Object Repository/ADMIN/Edit Text/Bespoke/Buyer Pages/Checkout Review/input_DELIVERY_tab-title'

2020-03-20 14:19:43 - [TEST_STEP][PASSED] - sendKeys(findTestObject("ADMIN/Edit Text/Bespoke/Buyer Pages/Checkout Review/input_REVIEW_tab-title"), "*"): Keys '*' sent to object: 'Object Repository/ADMIN/Edit Text/Bespoke/Buyer Pages/Checkout Review/input_REVIEW_tab-title'

2020-03-20 14:19:43 - [MESSAGE][PASSED] - Keys '*' sent to object: 'Object Repository/ADMIN/Edit Text/Bespoke/Buyer Pages/Checkout Review/input_REVIEW_tab-title'

2020-03-20 14:19:43 - [TEST_STEP][PASSED] - sendKeys(findTestObject("ADMIN/Edit Text/Bespoke/Buyer Pages/Checkout Review/input_PAY_tab-title"), "*"): Keys '*' sent to object: 'Object Repository/ADMIN/Edit Text/Bespoke/Buyer Pages/Checkout Review/input_PAY_tab-title'

2020-03-20 14:19:44 - [MESSAGE][PASSED] - Keys '*' sent to object: 'Object Repository/ADMIN/Edit Text/Bespoke/Buyer Pages/Checkout Review/input_PAY_tab-title'

2020-03-20 14:19:44 - [TEST_STEP][PASSED] - sendKeys(findTestObject("ADMIN/Edit Text/Bespoke/Buyer Pages/Checkout Review/input_Delivery Address_tab-title"), "*"): Keys '*' sent to object: 'Object Repository/ADMIN/Edit Text/Bespoke/Buyer Pages/Checkout Review/input_Delivery Address_tab-title'

2020-03-20 14:19:44 - [MESSAGE][PASSED] - Keys '*' sent to object: 'Object Repository/ADMIN/Edit Text/Bespoke/Buyer Pages/Checkout Review/input_Delivery Address_tab-title'

2020-03-20 14:19:44 - [TEST_STEP][PASSED] - sendKeys(findTestObject("ADMIN/Edit Text/Bespoke/Buyer Pages/Checkout Review/input_DeliveryPick-up_tab-title"), "*"): Keys '*' sent to object: 'Object Repository/ADMIN/Edit Text/Bespoke/Buyer Pages/Checkout Review/input_DeliveryPick-up_tab-title'

2020-03-20 14:19:44 - [MESSAGE][PASSED] - Keys '*' sent to object: 'Object Repository/ADMIN/Edit Text/Bespoke/Buyer Pages/Checkout Review/input_DeliveryPick-up_tab-title'

2020-03-20 14:19:44 - [TEST_STEP][PASSED] - sendKeys(findTestObject("ADMIN/Edit Text/Bespoke/Buyer Pages/Checkout Review/input_Order Summary_tab-title"), "*"): Keys '*' sent to object: 'Object Repository/ADMIN/Edit Text/Bespoke/Buyer Pages/Checkout Review/input_Order Summary_tab-title'

2020-03-20 14:19:45 - [MESSAGE][PASSED] - Keys '*' sent to object: 'Object Repository/ADMIN/Edit Text/Bespoke/Buyer Pages/Checkout Review/input_Order Summary_tab-title'

2020-03-20 14:19:45 - [TEST_STEP][PASSED] - sendKeys(findTestObject("ADMIN/Edit Text/Bespoke/Buyer Pages/Checkout Review/input_Surcharge_tab-title"), "*"): Keys '*' sent to object: 'Object Repository/ADMIN/Edit Text/Bespoke/Buyer Pages/Checkout Review/input_Surcharge_tab-title'

2020-03-20 14:19:45 - [MESSAGE][PASSED] - Keys '*' sent to object: 'Object Repository/ADMIN/Edit Text/Bespoke/Buyer Pages/Checkout Review/input_Surcharge_tab-title'

2020-03-20 14:19:45 - [TEST_STEP][PASSED] - sendKeys(findTestObject("ADMIN/Edit Text/Bespoke/Buyer Pages/Checkout Review/input_Sub Total_tab-title"), "*"): Keys '*' sent to object: 'Object Repository/ADMIN/Edit Text/Bespoke/Buyer Pages/Checkout Review/input_Sub Total_tab-title'

2020-03-20 14:19:45 - [MESSAGE][PASSED] - Keys '*' sent to object: 'Object Repository/ADMIN/Edit Text/Bespoke/Buyer Pages/Checkout Review/input_Sub Total_tab-title'

2020-03-20 14:19:45 - [TEST_STEP][PASSED] - sendKeys(findTestObject("ADMIN/Edit Text/Bespoke/Buyer Pages/Checkout Review/input_Minimum Lead Time_tab-title"), "*"): Keys '*' sent to object: 'Object Repository/ADMIN/Edit Text/Bespoke/Buyer Pages/Checkout Review/input_Minimum Lead Time_tab-title'

2020-03-20 14:19:45 - [MESSAGE][PASSED] - Keys '*' sent to object: 'Object Repository/ADMIN/Edit Text/Bespoke/Buyer Pages/Checkout Review/input_Minimum Lead Time_tab-title'

2020-03-20 14:19:45 - [TEST_STEP][PASSED] - sendKeys(findTestObject("ADMIN/Edit Text/Bespoke/Buyer Pages/Checkout Review/input_Delivery Costs_tab-title"), "*"): Keys '*' sent to object: 'Object Repository/ADMIN/Edit Text/Bespoke/Buyer Pages/Checkout Review/input_Delivery Costs_tab-title'

2020-03-20 14:19:46 - [MESSAGE][PASSED] - Keys '*' sent to object: 'Object Repository/ADMIN/Edit Text/Bespoke/Buyer Pages/Checkout Review/input_Delivery Costs_tab-title'

2020-03-20 14:19:46 - [TEST_STEP][PASSED] - sendKeys(findTestObject("ADMIN/Edit Text/Bespoke/Buyer Pages/Checkout Review/input_Select Delivery Method_tab-title"), "*"): Keys '*' sent to object: 'Object Repository/ADMIN/Edit Text/Bespoke/Buyer Pages/Checkout Review/input_Select Delivery Method_tab-title'

2020-03-20 14:19:46 - [MESSAGE][PASSED] - Keys '*' sent to object: 'Object Repository/ADMIN/Edit Text/Bespoke/Buyer Pages/Checkout Review/input_Select Delivery Method_tab-title'

2020-03-20 14:19:46 - [TEST_STEP][PASSED] - sendKeys(findTestObject("ADMIN/Edit Text/Bespoke/Buyer Pages/Checkout Review/input_Total_tab-title"), "*"): Keys '*' sent to object: 'Object Repository/ADMIN/Edit Text/Bespoke/Buyer Pages/Checkout Review/input_Total_tab-title'

2020-03-20 14:19:46 - [MESSAGE][PASSED] - Keys '*' sent to object: 'Object Repository/ADMIN/Edit Text/Bespoke/Buyer Pages/Checkout Review/input_Total_tab-title'

2020-03-20 14:19:46 - [TEST_STEP][PASSED] - sendKeys(findTestObject("ADMIN/Edit Text/Bespoke/Buyer Pages/Checkout Review/input_QTY_tab-title"), "*"): Keys '*' sent to object: 'Object Repository/ADMIN/Edit Text/Bespoke/Buyer Pages/Checkout Review/input_QTY_tab-title'

2020-03-20 14:19:46 - [MESSAGE][PASSED] - Keys '*' sent to object: 'Object Repository/ADMIN/Edit Text/Bespoke/Buyer Pages/Checkout Review/input_QTY_tab-title'

2020-03-20 14:19:46 - [TEST_STEP][PASSED] - sendKeys(findTestObject("ADMIN/Edit Text/Bespoke/Buyer Pages/Checkout Review/input_No available delivery method please check the item(s) detail page or contact merchant_tab-title"), "*"): Keys '*' sent to object: 'Object Repository/ADMIN/Edit Text/Bespoke/Buyer Pages/Checkout Review/input_No available delivery method please check the item(s) detail page or contact merchant_tab-title'

2020-03-20 14:19:47 - [MESSAGE][PASSED] - Keys '*' sent to object: 'Object Repository/ADMIN/Edit Text/Bespoke/Buyer Pages/Checkout Review/input_No available delivery method please check the item(s) detail page or contact merchant_tab-title'

2020-03-20 14:19:47 - [TEST_STEP][PASSED] - sendKeys(findTestObject("ADMIN/Edit Text/Bespoke/Buyer Pages/Checkout Review/input_Back_btn_selected"), "*"): Keys '*' sent to object: 'Object Repository/ADMIN/Edit Text/Bespoke/Buyer Pages/Checkout Review/input_Back_btn_selected'

2020-03-20 14:19:47 - [MESSAGE][PASSED] - Keys '*' sent to object: 'Object Repository/ADMIN/Edit Text/Bespoke/Buyer Pages/Checkout Review/input_Back_btn_selected'

2020-03-20 14:19:47 - [TEST_STEP][PASSED] - sendKeys(findTestObject("ADMIN/Edit Text/Bespoke/Buyer Pages/Checkout Review/input_Proceed To Payment_btn_selected"), "*"): Keys '*' sent to object: 'Object Repository/ADMIN/Edit Text/Bespoke/Buyer Pages/Checkout Review/input_Proceed To Payment_btn_selected'

2020-03-20 14:19:47 - [MESSAGE][PASSED] - Keys '*' sent to object: 'Object Repository/ADMIN/Edit Text/Bespoke/Buyer Pages/Checkout Review/input_Proceed To Payment_btn_selected'

2020-03-20 14:19:47 - [TEST_STEP][PASSED] - click(findTestObject("ADMIN/Edit Text/Bespoke/Buyer Pages/Homepage/button_save"), CONTINUE_ON_FAILURE): Object: 'Object Repository/ADMIN/Edit Text/Bespoke/Buyer Pages/Homepage/button_save' is clicked on

2020-03-20 14:19:47 - [MESSAGE][PASSED] - Object: 'Object Repository/ADMIN/Edit Text/Bespoke/Buyer Pages/Homepage/button_save' is clicked on

2020-03-20 14:19:47 - [TEST_STEP][PASSED] - waitForElementVisible(findTestObject("ADMIN/Edit Text/Bespoke/Buyer Pages/Homepage/toaster_success"), 0): Object 'Object Repository/ADMIN/Edit Text/Bespoke/Buyer Pages/Homepage/toaster_success' is visible

2020-03-20 14:19:47 - [MESSAGE][WARNING] - Timeout '0' is invalid. Using default page load timeout: '30'

2020-03-20 14:19:48 - [MESSAGE][PASSED] - Object 'Object Repository/ADMIN/Edit Text/Bespoke/Buyer Pages/Homepage/toaster_success' is visible]]></system-out>
         <system-err><![CDATA[]]></system-err>
      </testcase>
      <testcase name="Test Cases/ADMIN/Language/Edit Text/Bespoke/Buyer Pages/Checkout Review" time="5.242" classname="Test Cases/ADMIN/Language/Edit Text/Bespoke/Buyer Pages/Checkout Review" status="PASSED">
         <system-out><![CDATA[2020-03-20 14:19:48 - [TEST_CASE][PASSED] - Test Cases/ADMIN/Language/Edit Text/Bespoke/Buyer Pages/Checkout Review: Test Cases/ADMIN/Language/Edit Text/Bespoke/Buyer Pages/Checkout Review

2020-03-20 14:19:48 - [TEST_STEP][PASSED] - waitForElementVisible(findTestObject("ADMIN/Edit Text/Bespoke/Buyer Navigation/dd_language"), 0): Object 'Object Repository/ADMIN/Edit Text/Bespoke/Buyer Navigation/dd_language' is visible

2020-03-20 14:19:48 - [MESSAGE][WARNING] - Timeout '0' is invalid. Using default page load timeout: '30'

2020-03-20 14:19:48 - [MESSAGE][PASSED] - Object 'Object Repository/ADMIN/Edit Text/Bespoke/Buyer Navigation/dd_language' is visible

2020-03-20 14:19:48 - [TEST_STEP][PASSED] - selectOptionByLabel(findTestObject("ADMIN/Edit Text/Bespoke/Buyer Navigation/dd_language"), varLanguage, false): All options with label 'Arabic' are selected in object 'Object Repository/ADMIN/Edit Text/Bespoke/Buyer Navigation/dd_language' 

2020-03-20 14:19:49 - [MESSAGE][PASSED] - All options with label 'Arabic' are selected in object 'Object Repository/ADMIN/Edit Text/Bespoke/Buyer Navigation/dd_language' 

2020-03-20 14:19:49 - [TEST_STEP][PASSED] - sendKeys(findTestObject("ADMIN/Edit Text/Bespoke/Buyer Pages/Checkout Review/input_DELIVERY_tab-title"), "*"): Keys '*' sent to object: 'Object Repository/ADMIN/Edit Text/Bespoke/Buyer Pages/Checkout Review/input_DELIVERY_tab-title'

2020-03-20 14:19:49 - [MESSAGE][PASSED] - Keys '*' sent to object: 'Object Repository/ADMIN/Edit Text/Bespoke/Buyer Pages/Checkout Review/input_DELIVERY_tab-title'

2020-03-20 14:19:49 - [TEST_STEP][PASSED] - sendKeys(findTestObject("ADMIN/Edit Text/Bespoke/Buyer Pages/Checkout Review/input_REVIEW_tab-title"), "*"): Keys '*' sent to object: 'Object Repository/ADMIN/Edit Text/Bespoke/Buyer Pages/Checkout Review/input_REVIEW_tab-title'

2020-03-20 14:19:50 - [MESSAGE][PASSED] - Keys '*' sent to object: 'Object Repository/ADMIN/Edit Text/Bespoke/Buyer Pages/Checkout Review/input_REVIEW_tab-title'

2020-03-20 14:19:50 - [TEST_STEP][PASSED] - sendKeys(findTestObject("ADMIN/Edit Text/Bespoke/Buyer Pages/Checkout Review/input_PAY_tab-title"), "*"): Keys '*' sent to object: 'Object Repository/ADMIN/Edit Text/Bespoke/Buyer Pages/Checkout Review/input_PAY_tab-title'

2020-03-20 14:19:50 - [MESSAGE][PASSED] - Keys '*' sent to object: 'Object Repository/ADMIN/Edit Text/Bespoke/Buyer Pages/Checkout Review/input_PAY_tab-title'

2020-03-20 14:19:50 - [TEST_STEP][PASSED] - sendKeys(findTestObject("ADMIN/Edit Text/Bespoke/Buyer Pages/Checkout Review/input_Delivery Address_tab-title"), "*"): Keys '*' sent to object: 'Object Repository/ADMIN/Edit Text/Bespoke/Buyer Pages/Checkout Review/input_Delivery Address_tab-title'

2020-03-20 14:19:50 - [MESSAGE][PASSED] - Keys '*' sent to object: 'Object Repository/ADMIN/Edit Text/Bespoke/Buyer Pages/Checkout Review/input_Delivery Address_tab-title'

2020-03-20 14:19:50 - [TEST_STEP][PASSED] - sendKeys(findTestObject("ADMIN/Edit Text/Bespoke/Buyer Pages/Checkout Review/input_DeliveryPick-up_tab-title"), "*"): Keys '*' sent to object: 'Object Repository/ADMIN/Edit Text/Bespoke/Buyer Pages/Checkout Review/input_DeliveryPick-up_tab-title'

2020-03-20 14:19:50 - [MESSAGE][PASSED] - Keys '*' sent to object: 'Object Repository/ADMIN/Edit Text/Bespoke/Buyer Pages/Checkout Review/input_DeliveryPick-up_tab-title'

2020-03-20 14:19:50 - [TEST_STEP][PASSED] - sendKeys(findTestObject("ADMIN/Edit Text/Bespoke/Buyer Pages/Checkout Review/input_Order Summary_tab-title"), "*"): Keys '*' sent to object: 'Object Repository/ADMIN/Edit Text/Bespoke/Buyer Pages/Checkout Review/input_Order Summary_tab-title'

2020-03-20 14:19:51 - [MESSAGE][PASSED] - Keys '*' sent to object: 'Object Repository/ADMIN/Edit Text/Bespoke/Buyer Pages/Checkout Review/input_Order Summary_tab-title'

2020-03-20 14:19:51 - [TEST_STEP][PASSED] - sendKeys(findTestObject("ADMIN/Edit Text/Bespoke/Buyer Pages/Checkout Review/input_Surcharge_tab-title"), "*"): Keys '*' sent to object: 'Object Repository/ADMIN/Edit Text/Bespoke/Buyer Pages/Checkout Review/input_Surcharge_tab-title'

2020-03-20 14:19:51 - [MESSAGE][PASSED] - Keys '*' sent to object: 'Object Repository/ADMIN/Edit Text/Bespoke/Buyer Pages/Checkout Review/input_Surcharge_tab-title'

2020-03-20 14:19:51 - [TEST_STEP][PASSED] - sendKeys(findTestObject("ADMIN/Edit Text/Bespoke/Buyer Pages/Checkout Review/input_Sub Total_tab-title"), "*"): Keys '*' sent to object: 'Object Repository/ADMIN/Edit Text/Bespoke/Buyer Pages/Checkout Review/input_Sub Total_tab-title'

2020-03-20 14:19:51 - [MESSAGE][PASSED] - Keys '*' sent to object: 'Object Repository/ADMIN/Edit Text/Bespoke/Buyer Pages/Checkout Review/input_Sub Total_tab-title'

2020-03-20 14:19:51 - [TEST_STEP][PASSED] - sendKeys(findTestObject("ADMIN/Edit Text/Bespoke/Buyer Pages/Checkout Review/input_Minimum Lead Time_tab-title"), "*"): Keys '*' sent to object: 'Object Repository/ADMIN/Edit Text/Bespoke/Buyer Pages/Checkout Review/input_Minimum Lead Time_tab-title'

2020-03-20 14:19:51 - [MESSAGE][PASSED] - Keys '*' sent to object: 'Object Repository/ADMIN/Edit Text/Bespoke/Buyer Pages/Checkout Review/input_Minimum Lead Time_tab-title'

2020-03-20 14:19:51 - [TEST_STEP][PASSED] - sendKeys(findTestObject("ADMIN/Edit Text/Bespoke/Buyer Pages/Checkout Review/input_Delivery Costs_tab-title"), "*"): Keys '*' sent to object: 'Object Repository/ADMIN/Edit Text/Bespoke/Buyer Pages/Checkout Review/input_Delivery Costs_tab-title'

2020-03-20 14:19:51 - [MESSAGE][PASSED] - Keys '*' sent to object: 'Object Repository/ADMIN/Edit Text/Bespoke/Buyer Pages/Checkout Review/input_Delivery Costs_tab-title'

2020-03-20 14:19:51 - [TEST_STEP][PASSED] - sendKeys(findTestObject("ADMIN/Edit Text/Bespoke/Buyer Pages/Checkout Review/input_Select Delivery Method_tab-title"), "*"): Keys '*' sent to object: 'Object Repository/ADMIN/Edit Text/Bespoke/Buyer Pages/Checkout Review/input_Select Delivery Method_tab-title'

2020-03-20 14:19:51 - [MESSAGE][PASSED] - Keys '*' sent to object: 'Object Repository/ADMIN/Edit Text/Bespoke/Buyer Pages/Checkout Review/input_Select Delivery Method_tab-title'

2020-03-20 14:19:51 - [TEST_STEP][PASSED] - sendKeys(findTestObject("ADMIN/Edit Text/Bespoke/Buyer Pages/Checkout Review/input_Total_tab-title"), "*"): Keys '*' sent to object: 'Object Repository/ADMIN/Edit Text/Bespoke/Buyer Pages/Checkout Review/input_Total_tab-title'

2020-03-20 14:19:52 - [MESSAGE][PASSED] - Keys '*' sent to object: 'Object Repository/ADMIN/Edit Text/Bespoke/Buyer Pages/Checkout Review/input_Total_tab-title'

2020-03-20 14:19:52 - [TEST_STEP][PASSED] - sendKeys(findTestObject("ADMIN/Edit Text/Bespoke/Buyer Pages/Checkout Review/input_QTY_tab-title"), "*"): Keys '*' sent to object: 'Object Repository/ADMIN/Edit Text/Bespoke/Buyer Pages/Checkout Review/input_QTY_tab-title'

2020-03-20 14:19:52 - [MESSAGE][PASSED] - Keys '*' sent to object: 'Object Repository/ADMIN/Edit Text/Bespoke/Buyer Pages/Checkout Review/input_QTY_tab-title'

2020-03-20 14:19:52 - [TEST_STEP][PASSED] - sendKeys(findTestObject("ADMIN/Edit Text/Bespoke/Buyer Pages/Checkout Review/input_No available delivery method please check the item(s) detail page or contact merchant_tab-title"), "*"): Keys '*' sent to object: 'Object Repository/ADMIN/Edit Text/Bespoke/Buyer Pages/Checkout Review/input_No available delivery method please check the item(s) detail page or contact merchant_tab-title'

2020-03-20 14:19:52 - [MESSAGE][PASSED] - Keys '*' sent to object: 'Object Repository/ADMIN/Edit Text/Bespoke/Buyer Pages/Checkout Review/input_No available delivery method please check the item(s) detail page or contact merchant_tab-title'

2020-03-20 14:19:52 - [TEST_STEP][PASSED] - sendKeys(findTestObject("ADMIN/Edit Text/Bespoke/Buyer Pages/Checkout Review/input_Back_btn_selected"), "*"): Keys '*' sent to object: 'Object Repository/ADMIN/Edit Text/Bespoke/Buyer Pages/Checkout Review/input_Back_btn_selected'

2020-03-20 14:19:52 - [MESSAGE][PASSED] - Keys '*' sent to object: 'Object Repository/ADMIN/Edit Text/Bespoke/Buyer Pages/Checkout Review/input_Back_btn_selected'

2020-03-20 14:19:52 - [TEST_STEP][PASSED] - sendKeys(findTestObject("ADMIN/Edit Text/Bespoke/Buyer Pages/Checkout Review/input_Proceed To Payment_btn_selected"), "*"): Keys '*' sent to object: 'Object Repository/ADMIN/Edit Text/Bespoke/Buyer Pages/Checkout Review/input_Proceed To Payment_btn_selected'

2020-03-20 14:19:52 - [MESSAGE][PASSED] - Keys '*' sent to object: 'Object Repository/ADMIN/Edit Text/Bespoke/Buyer Pages/Checkout Review/input_Proceed To Payment_btn_selected'

2020-03-20 14:19:52 - [TEST_STEP][PASSED] - click(findTestObject("ADMIN/Edit Text/Bespoke/Buyer Pages/Homepage/button_save"), CONTINUE_ON_FAILURE): Object: 'Object Repository/ADMIN/Edit Text/Bespoke/Buyer Pages/Homepage/button_save' is clicked on

2020-03-20 14:19:53 - [MESSAGE][PASSED] - Object: 'Object Repository/ADMIN/Edit Text/Bespoke/Buyer Pages/Homepage/button_save' is clicked on

2020-03-20 14:19:53 - [TEST_STEP][PASSED] - waitForElementVisible(findTestObject("ADMIN/Edit Text/Bespoke/Buyer Pages/Homepage/toaster_success"), 0): Object 'Object Repository/ADMIN/Edit Text/Bespoke/Buyer Pages/Homepage/toaster_success' is visible

2020-03-20 14:19:53 - [MESSAGE][WARNING] - Timeout '0' is invalid. Using default page load timeout: '30'

2020-03-20 14:19:53 - [MESSAGE][PASSED] - Object 'Object Repository/ADMIN/Edit Text/Bespoke/Buyer Pages/Homepage/toaster_success' is visible]]></system-out>
         <system-err><![CDATA[]]></system-err>
      </testcase>
      <testcase name="Test Cases/ADMIN/Language/Edit Text/Bespoke/Buyer Pages/Checkout Review" time="6.126" classname="Test Cases/ADMIN/Language/Edit Text/Bespoke/Buyer Pages/Checkout Review" status="PASSED">
         <system-out><![CDATA[2020-03-20 14:19:53 - [TEST_CASE][PASSED] - Test Cases/ADMIN/Language/Edit Text/Bespoke/Buyer Pages/Checkout Review: Test Cases/ADMIN/Language/Edit Text/Bespoke/Buyer Pages/Checkout Review

2020-03-20 14:19:53 - [TEST_STEP][PASSED] - waitForElementVisible(findTestObject("ADMIN/Edit Text/Bespoke/Buyer Navigation/dd_language"), 0): Object 'Object Repository/ADMIN/Edit Text/Bespoke/Buyer Navigation/dd_language' is visible

2020-03-20 14:19:53 - [MESSAGE][WARNING] - Timeout '0' is invalid. Using default page load timeout: '30'

2020-03-20 14:19:53 - [MESSAGE][PASSED] - Object 'Object Repository/ADMIN/Edit Text/Bespoke/Buyer Navigation/dd_language' is visible

2020-03-20 14:19:53 - [TEST_STEP][PASSED] - selectOptionByLabel(findTestObject("ADMIN/Edit Text/Bespoke/Buyer Navigation/dd_language"), varLanguage, false): All options with label 'Dutch' are selected in object 'Object Repository/ADMIN/Edit Text/Bespoke/Buyer Navigation/dd_language' 

2020-03-20 14:19:54 - [MESSAGE][PASSED] - All options with label 'Dutch' are selected in object 'Object Repository/ADMIN/Edit Text/Bespoke/Buyer Navigation/dd_language' 

2020-03-20 14:19:54 - [TEST_STEP][PASSED] - sendKeys(findTestObject("ADMIN/Edit Text/Bespoke/Buyer Pages/Checkout Review/input_DELIVERY_tab-title"), "*"): Keys '*' sent to object: 'Object Repository/ADMIN/Edit Text/Bespoke/Buyer Pages/Checkout Review/input_DELIVERY_tab-title'

2020-03-20 14:19:55 - [MESSAGE][PASSED] - Keys '*' sent to object: 'Object Repository/ADMIN/Edit Text/Bespoke/Buyer Pages/Checkout Review/input_DELIVERY_tab-title'

2020-03-20 14:19:55 - [TEST_STEP][PASSED] - sendKeys(findTestObject("ADMIN/Edit Text/Bespoke/Buyer Pages/Checkout Review/input_REVIEW_tab-title"), "*"): Keys '*' sent to object: 'Object Repository/ADMIN/Edit Text/Bespoke/Buyer Pages/Checkout Review/input_REVIEW_tab-title'

2020-03-20 14:19:55 - [MESSAGE][PASSED] - Keys '*' sent to object: 'Object Repository/ADMIN/Edit Text/Bespoke/Buyer Pages/Checkout Review/input_REVIEW_tab-title'

2020-03-20 14:19:55 - [TEST_STEP][PASSED] - sendKeys(findTestObject("ADMIN/Edit Text/Bespoke/Buyer Pages/Checkout Review/input_PAY_tab-title"), "*"): Keys '*' sent to object: 'Object Repository/ADMIN/Edit Text/Bespoke/Buyer Pages/Checkout Review/input_PAY_tab-title'

2020-03-20 14:19:55 - [MESSAGE][PASSED] - Keys '*' sent to object: 'Object Repository/ADMIN/Edit Text/Bespoke/Buyer Pages/Checkout Review/input_PAY_tab-title'

2020-03-20 14:19:55 - [TEST_STEP][PASSED] - sendKeys(findTestObject("ADMIN/Edit Text/Bespoke/Buyer Pages/Checkout Review/input_Delivery Address_tab-title"), "*"): Keys '*' sent to object: 'Object Repository/ADMIN/Edit Text/Bespoke/Buyer Pages/Checkout Review/input_Delivery Address_tab-title'

2020-03-20 14:19:55 - [MESSAGE][PASSED] - Keys '*' sent to object: 'Object Repository/ADMIN/Edit Text/Bespoke/Buyer Pages/Checkout Review/input_Delivery Address_tab-title'

2020-03-20 14:19:55 - [TEST_STEP][PASSED] - sendKeys(findTestObject("ADMIN/Edit Text/Bespoke/Buyer Pages/Checkout Review/input_DeliveryPick-up_tab-title"), "*"): Keys '*' sent to object: 'Object Repository/ADMIN/Edit Text/Bespoke/Buyer Pages/Checkout Review/input_DeliveryPick-up_tab-title'

2020-03-20 14:19:56 - [MESSAGE][PASSED] - Keys '*' sent to object: 'Object Repository/ADMIN/Edit Text/Bespoke/Buyer Pages/Checkout Review/input_DeliveryPick-up_tab-title'

2020-03-20 14:19:56 - [TEST_STEP][PASSED] - sendKeys(findTestObject("ADMIN/Edit Text/Bespoke/Buyer Pages/Checkout Review/input_Order Summary_tab-title"), "*"): Keys '*' sent to object: 'Object Repository/ADMIN/Edit Text/Bespoke/Buyer Pages/Checkout Review/input_Order Summary_tab-title'

2020-03-20 14:19:56 - [MESSAGE][PASSED] - Keys '*' sent to object: 'Object Repository/ADMIN/Edit Text/Bespoke/Buyer Pages/Checkout Review/input_Order Summary_tab-title'

2020-03-20 14:19:56 - [TEST_STEP][PASSED] - sendKeys(findTestObject("ADMIN/Edit Text/Bespoke/Buyer Pages/Checkout Review/input_Surcharge_tab-title"), "*"): Keys '*' sent to object: 'Object Repository/ADMIN/Edit Text/Bespoke/Buyer Pages/Checkout Review/input_Surcharge_tab-title'

2020-03-20 14:19:56 - [MESSAGE][PASSED] - Keys '*' sent to object: 'Object Repository/ADMIN/Edit Text/Bespoke/Buyer Pages/Checkout Review/input_Surcharge_tab-title'

2020-03-20 14:19:56 - [TEST_STEP][PASSED] - sendKeys(findTestObject("ADMIN/Edit Text/Bespoke/Buyer Pages/Checkout Review/input_Sub Total_tab-title"), "*"): Keys '*' sent to object: 'Object Repository/ADMIN/Edit Text/Bespoke/Buyer Pages/Checkout Review/input_Sub Total_tab-title'

2020-03-20 14:19:56 - [MESSAGE][PASSED] - Keys '*' sent to object: 'Object Repository/ADMIN/Edit Text/Bespoke/Buyer Pages/Checkout Review/input_Sub Total_tab-title'

2020-03-20 14:19:56 - [TEST_STEP][PASSED] - sendKeys(findTestObject("ADMIN/Edit Text/Bespoke/Buyer Pages/Checkout Review/input_Minimum Lead Time_tab-title"), "*"): Keys '*' sent to object: 'Object Repository/ADMIN/Edit Text/Bespoke/Buyer Pages/Checkout Review/input_Minimum Lead Time_tab-title'

2020-03-20 14:19:56 - [MESSAGE][PASSED] - Keys '*' sent to object: 'Object Repository/ADMIN/Edit Text/Bespoke/Buyer Pages/Checkout Review/input_Minimum Lead Time_tab-title'

2020-03-20 14:19:56 - [TEST_STEP][PASSED] - sendKeys(findTestObject("ADMIN/Edit Text/Bespoke/Buyer Pages/Checkout Review/input_Delivery Costs_tab-title"), "*"): Keys '*' sent to object: 'Object Repository/ADMIN/Edit Text/Bespoke/Buyer Pages/Checkout Review/input_Delivery Costs_tab-title'

2020-03-20 14:19:57 - [MESSAGE][PASSED] - Keys '*' sent to object: 'Object Repository/ADMIN/Edit Text/Bespoke/Buyer Pages/Checkout Review/input_Delivery Costs_tab-title'

2020-03-20 14:19:57 - [TEST_STEP][PASSED] - sendKeys(findTestObject("ADMIN/Edit Text/Bespoke/Buyer Pages/Checkout Review/input_Select Delivery Method_tab-title"), "*"): Keys '*' sent to object: 'Object Repository/ADMIN/Edit Text/Bespoke/Buyer Pages/Checkout Review/input_Select Delivery Method_tab-title'

2020-03-20 14:19:57 - [MESSAGE][PASSED] - Keys '*' sent to object: 'Object Repository/ADMIN/Edit Text/Bespoke/Buyer Pages/Checkout Review/input_Select Delivery Method_tab-title'

2020-03-20 14:19:57 - [TEST_STEP][PASSED] - sendKeys(findTestObject("ADMIN/Edit Text/Bespoke/Buyer Pages/Checkout Review/input_Total_tab-title"), "*"): Keys '*' sent to object: 'Object Repository/ADMIN/Edit Text/Bespoke/Buyer Pages/Checkout Review/input_Total_tab-title'

2020-03-20 14:19:57 - [MESSAGE][PASSED] - Keys '*' sent to object: 'Object Repository/ADMIN/Edit Text/Bespoke/Buyer Pages/Checkout Review/input_Total_tab-title'

2020-03-20 14:19:57 - [TEST_STEP][PASSED] - sendKeys(findTestObject("ADMIN/Edit Text/Bespoke/Buyer Pages/Checkout Review/input_QTY_tab-title"), "*"): Keys '*' sent to object: 'Object Repository/ADMIN/Edit Text/Bespoke/Buyer Pages/Checkout Review/input_QTY_tab-title'

2020-03-20 14:19:57 - [MESSAGE][PASSED] - Keys '*' sent to object: 'Object Repository/ADMIN/Edit Text/Bespoke/Buyer Pages/Checkout Review/input_QTY_tab-title'

2020-03-20 14:19:57 - [TEST_STEP][PASSED] - sendKeys(findTestObject("ADMIN/Edit Text/Bespoke/Buyer Pages/Checkout Review/input_No available delivery method please check the item(s) detail page or contact merchant_tab-title"), "*"): Keys '*' sent to object: 'Object Repository/ADMIN/Edit Text/Bespoke/Buyer Pages/Checkout Review/input_No available delivery method please check the item(s) detail page or contact merchant_tab-title'

2020-03-20 14:19:57 - [MESSAGE][PASSED] - Keys '*' sent to object: 'Object Repository/ADMIN/Edit Text/Bespoke/Buyer Pages/Checkout Review/input_No available delivery method please check the item(s) detail page or contact merchant_tab-title'

2020-03-20 14:19:57 - [TEST_STEP][PASSED] - sendKeys(findTestObject("ADMIN/Edit Text/Bespoke/Buyer Pages/Checkout Review/input_Back_btn_selected"), "*"): Keys '*' sent to object: 'Object Repository/ADMIN/Edit Text/Bespoke/Buyer Pages/Checkout Review/input_Back_btn_selected'

2020-03-20 14:19:58 - [MESSAGE][PASSED] - Keys '*' sent to object: 'Object Repository/ADMIN/Edit Text/Bespoke/Buyer Pages/Checkout Review/input_Back_btn_selected'

2020-03-20 14:19:58 - [TEST_STEP][PASSED] - sendKeys(findTestObject("ADMIN/Edit Text/Bespoke/Buyer Pages/Checkout Review/input_Proceed To Payment_btn_selected"), "*"): Keys '*' sent to object: 'Object Repository/ADMIN/Edit Text/Bespoke/Buyer Pages/Checkout Review/input_Proceed To Payment_btn_selected'

2020-03-20 14:19:58 - [MESSAGE][PASSED] - Keys '*' sent to object: 'Object Repository/ADMIN/Edit Text/Bespoke/Buyer Pages/Checkout Review/input_Proceed To Payment_btn_selected'

2020-03-20 14:19:58 - [TEST_STEP][PASSED] - click(findTestObject("ADMIN/Edit Text/Bespoke/Buyer Pages/Homepage/button_save"), CONTINUE_ON_FAILURE): Object: 'Object Repository/ADMIN/Edit Text/Bespoke/Buyer Pages/Homepage/button_save' is clicked on

2020-03-20 14:19:58 - [MESSAGE][PASSED] - Object: 'Object Repository/ADMIN/Edit Text/Bespoke/Buyer Pages/Homepage/button_save' is clicked on

2020-03-20 14:19:58 - [TEST_STEP][PASSED] - waitForElementVisible(findTestObject("ADMIN/Edit Text/Bespoke/Buyer Pages/Homepage/toaster_success"), 0): Object 'Object Repository/ADMIN/Edit Text/Bespoke/Buyer Pages/Homepage/toaster_success' is visible

2020-03-20 14:19:58 - [MESSAGE][WARNING] - Timeout '0' is invalid. Using default page load timeout: '30'

2020-03-20 14:19:59 - [MESSAGE][PASSED] - Object 'Object Repository/ADMIN/Edit Text/Bespoke/Buyer Pages/Homepage/toaster_success' is visible]]></system-out>
         <system-err><![CDATA[]]></system-err>
      </testcase>
      <testcase name="Test Cases/ADMIN/Language/Edit Text/Bespoke/Buyer Pages/Checkout Review" time="6.568" classname="Test Cases/ADMIN/Language/Edit Text/Bespoke/Buyer Pages/Checkout Review" status="PASSED">
         <system-out><![CDATA[2020-03-20 14:19:59 - [TEST_CASE][PASSED] - Test Cases/ADMIN/Language/Edit Text/Bespoke/Buyer Pages/Checkout Review: Test Cases/ADMIN/Language/Edit Text/Bespoke/Buyer Pages/Checkout Review

2020-03-20 14:19:59 - [TEST_STEP][PASSED] - waitForElementVisible(findTestObject("ADMIN/Edit Text/Bespoke/Buyer Navigation/dd_language"), 0): Object 'Object Repository/ADMIN/Edit Text/Bespoke/Buyer Navigation/dd_language' is visible

2020-03-20 14:19:59 - [MESSAGE][WARNING] - Timeout '0' is invalid. Using default page load timeout: '30'

2020-03-20 14:19:59 - [MESSAGE][PASSED] - Object 'Object Repository/ADMIN/Edit Text/Bespoke/Buyer Navigation/dd_language' is visible

2020-03-20 14:19:59 - [TEST_STEP][PASSED] - selectOptionByLabel(findTestObject("ADMIN/Edit Text/Bespoke/Buyer Navigation/dd_language"), varLanguage, false): All options with label 'Swedish' are selected in object 'Object Repository/ADMIN/Edit Text/Bespoke/Buyer Navigation/dd_language' 

2020-03-20 14:20:00 - [MESSAGE][PASSED] - All options with label 'Swedish' are selected in object 'Object Repository/ADMIN/Edit Text/Bespoke/Buyer Navigation/dd_language' 

2020-03-20 14:20:00 - [TEST_STEP][PASSED] - sendKeys(findTestObject("ADMIN/Edit Text/Bespoke/Buyer Pages/Checkout Review/input_DELIVERY_tab-title"), "*"): Keys '*' sent to object: 'Object Repository/ADMIN/Edit Text/Bespoke/Buyer Pages/Checkout Review/input_DELIVERY_tab-title'

2020-03-20 14:20:01 - [MESSAGE][PASSED] - Keys '*' sent to object: 'Object Repository/ADMIN/Edit Text/Bespoke/Buyer Pages/Checkout Review/input_DELIVERY_tab-title'

2020-03-20 14:20:01 - [TEST_STEP][PASSED] - sendKeys(findTestObject("ADMIN/Edit Text/Bespoke/Buyer Pages/Checkout Review/input_REVIEW_tab-title"), "*"): Keys '*' sent to object: 'Object Repository/ADMIN/Edit Text/Bespoke/Buyer Pages/Checkout Review/input_REVIEW_tab-title'

2020-03-20 14:20:01 - [MESSAGE][PASSED] - Keys '*' sent to object: 'Object Repository/ADMIN/Edit Text/Bespoke/Buyer Pages/Checkout Review/input_REVIEW_tab-title'

2020-03-20 14:20:01 - [TEST_STEP][PASSED] - sendKeys(findTestObject("ADMIN/Edit Text/Bespoke/Buyer Pages/Checkout Review/input_PAY_tab-title"), "*"): Keys '*' sent to object: 'Object Repository/ADMIN/Edit Text/Bespoke/Buyer Pages/Checkout Review/input_PAY_tab-title'

2020-03-20 14:20:01 - [MESSAGE][PASSED] - Keys '*' sent to object: 'Object Repository/ADMIN/Edit Text/Bespoke/Buyer Pages/Checkout Review/input_PAY_tab-title'

2020-03-20 14:20:01 - [TEST_STEP][PASSED] - sendKeys(findTestObject("ADMIN/Edit Text/Bespoke/Buyer Pages/Checkout Review/input_Delivery Address_tab-title"), "*"): Keys '*' sent to object: 'Object Repository/ADMIN/Edit Text/Bespoke/Buyer Pages/Checkout Review/input_Delivery Address_tab-title'

2020-03-20 14:20:02 - [MESSAGE][PASSED] - Keys '*' sent to object: 'Object Repository/ADMIN/Edit Text/Bespoke/Buyer Pages/Checkout Review/input_Delivery Address_tab-title'

2020-03-20 14:20:02 - [TEST_STEP][PASSED] - sendKeys(findTestObject("ADMIN/Edit Text/Bespoke/Buyer Pages/Checkout Review/input_DeliveryPick-up_tab-title"), "*"): Keys '*' sent to object: 'Object Repository/ADMIN/Edit Text/Bespoke/Buyer Pages/Checkout Review/input_DeliveryPick-up_tab-title'

2020-03-20 14:20:02 - [MESSAGE][PASSED] - Keys '*' sent to object: 'Object Repository/ADMIN/Edit Text/Bespoke/Buyer Pages/Checkout Review/input_DeliveryPick-up_tab-title'

2020-03-20 14:20:02 - [TEST_STEP][PASSED] - sendKeys(findTestObject("ADMIN/Edit Text/Bespoke/Buyer Pages/Checkout Review/input_Order Summary_tab-title"), "*"): Keys '*' sent to object: 'Object Repository/ADMIN/Edit Text/Bespoke/Buyer Pages/Checkout Review/input_Order Summary_tab-title'

2020-03-20 14:20:02 - [MESSAGE][PASSED] - Keys '*' sent to object: 'Object Repository/ADMIN/Edit Text/Bespoke/Buyer Pages/Checkout Review/input_Order Summary_tab-title'

2020-03-20 14:20:02 - [TEST_STEP][PASSED] - sendKeys(findTestObject("ADMIN/Edit Text/Bespoke/Buyer Pages/Checkout Review/input_Surcharge_tab-title"), "*"): Keys '*' sent to object: 'Object Repository/ADMIN/Edit Text/Bespoke/Buyer Pages/Checkout Review/input_Surcharge_tab-title'

2020-03-20 14:20:02 - [MESSAGE][PASSED] - Keys '*' sent to object: 'Object Repository/ADMIN/Edit Text/Bespoke/Buyer Pages/Checkout Review/input_Surcharge_tab-title'

2020-03-20 14:20:02 - [TEST_STEP][PASSED] - sendKeys(findTestObject("ADMIN/Edit Text/Bespoke/Buyer Pages/Checkout Review/input_Sub Total_tab-title"), "*"): Keys '*' sent to object: 'Object Repository/ADMIN/Edit Text/Bespoke/Buyer Pages/Checkout Review/input_Sub Total_tab-title'

2020-03-20 14:20:03 - [MESSAGE][PASSED] - Keys '*' sent to object: 'Object Repository/ADMIN/Edit Text/Bespoke/Buyer Pages/Checkout Review/input_Sub Total_tab-title'

2020-03-20 14:20:03 - [TEST_STEP][PASSED] - sendKeys(findTestObject("ADMIN/Edit Text/Bespoke/Buyer Pages/Checkout Review/input_Minimum Lead Time_tab-title"), "*"): Keys '*' sent to object: 'Object Repository/ADMIN/Edit Text/Bespoke/Buyer Pages/Checkout Review/input_Minimum Lead Time_tab-title'

2020-03-20 14:20:03 - [MESSAGE][PASSED] - Keys '*' sent to object: 'Object Repository/ADMIN/Edit Text/Bespoke/Buyer Pages/Checkout Review/input_Minimum Lead Time_tab-title'

2020-03-20 14:20:03 - [TEST_STEP][PASSED] - sendKeys(findTestObject("ADMIN/Edit Text/Bespoke/Buyer Pages/Checkout Review/input_Delivery Costs_tab-title"), "*"): Keys '*' sent to object: 'Object Repository/ADMIN/Edit Text/Bespoke/Buyer Pages/Checkout Review/input_Delivery Costs_tab-title'

2020-03-20 14:20:04 - [MESSAGE][PASSED] - Keys '*' sent to object: 'Object Repository/ADMIN/Edit Text/Bespoke/Buyer Pages/Checkout Review/input_Delivery Costs_tab-title'

2020-03-20 14:20:04 - [TEST_STEP][PASSED] - sendKeys(findTestObject("ADMIN/Edit Text/Bespoke/Buyer Pages/Checkout Review/input_Select Delivery Method_tab-title"), "*"): Keys '*' sent to object: 'Object Repository/ADMIN/Edit Text/Bespoke/Buyer Pages/Checkout Review/input_Select Delivery Method_tab-title'

2020-03-20 14:20:04 - [MESSAGE][PASSED] - Keys '*' sent to object: 'Object Repository/ADMIN/Edit Text/Bespoke/Buyer Pages/Checkout Review/input_Select Delivery Method_tab-title'

2020-03-20 14:20:04 - [TEST_STEP][PASSED] - sendKeys(findTestObject("ADMIN/Edit Text/Bespoke/Buyer Pages/Checkout Review/input_Total_tab-title"), "*"): Keys '*' sent to object: 'Object Repository/ADMIN/Edit Text/Bespoke/Buyer Pages/Checkout Review/input_Total_tab-title'

2020-03-20 14:20:04 - [MESSAGE][PASSED] - Keys '*' sent to object: 'Object Repository/ADMIN/Edit Text/Bespoke/Buyer Pages/Checkout Review/input_Total_tab-title'

2020-03-20 14:20:04 - [TEST_STEP][PASSED] - sendKeys(findTestObject("ADMIN/Edit Text/Bespoke/Buyer Pages/Checkout Review/input_QTY_tab-title"), "*"): Keys '*' sent to object: 'Object Repository/ADMIN/Edit Text/Bespoke/Buyer Pages/Checkout Review/input_QTY_tab-title'

2020-03-20 14:20:04 - [MESSAGE][PASSED] - Keys '*' sent to object: 'Object Repository/ADMIN/Edit Text/Bespoke/Buyer Pages/Checkout Review/input_QTY_tab-title'

2020-03-20 14:20:04 - [TEST_STEP][PASSED] - sendKeys(findTestObject("ADMIN/Edit Text/Bespoke/Buyer Pages/Checkout Review/input_No available delivery method please check the item(s) detail page or contact merchant_tab-title"), "*"): Keys '*' sent to object: 'Object Repository/ADMIN/Edit Text/Bespoke/Buyer Pages/Checkout Review/input_No available delivery method please check the item(s) detail page or contact merchant_tab-title'

2020-03-20 14:20:04 - [MESSAGE][PASSED] - Keys '*' sent to object: 'Object Repository/ADMIN/Edit Text/Bespoke/Buyer Pages/Checkout Review/input_No available delivery method please check the item(s) detail page or contact merchant_tab-title'

2020-03-20 14:20:04 - [TEST_STEP][PASSED] - sendKeys(findTestObject("ADMIN/Edit Text/Bespoke/Buyer Pages/Checkout Review/input_Back_btn_selected"), "*"): Keys '*' sent to object: 'Object Repository/ADMIN/Edit Text/Bespoke/Buyer Pages/Checkout Review/input_Back_btn_selected'

2020-03-20 14:20:05 - [MESSAGE][PASSED] - Keys '*' sent to object: 'Object Repository/ADMIN/Edit Text/Bespoke/Buyer Pages/Checkout Review/input_Back_btn_selected'

2020-03-20 14:20:05 - [TEST_STEP][PASSED] - sendKeys(findTestObject("ADMIN/Edit Text/Bespoke/Buyer Pages/Checkout Review/input_Proceed To Payment_btn_selected"), "*"): Keys '*' sent to object: 'Object Repository/ADMIN/Edit Text/Bespoke/Buyer Pages/Checkout Review/input_Proceed To Payment_btn_selected'

2020-03-20 14:20:05 - [MESSAGE][PASSED] - Keys '*' sent to object: 'Object Repository/ADMIN/Edit Text/Bespoke/Buyer Pages/Checkout Review/input_Proceed To Payment_btn_selected'

2020-03-20 14:20:05 - [TEST_STEP][PASSED] - click(findTestObject("ADMIN/Edit Text/Bespoke/Buyer Pages/Homepage/button_save"), CONTINUE_ON_FAILURE): Object: 'Object Repository/ADMIN/Edit Text/Bespoke/Buyer Pages/Homepage/button_save' is clicked on

2020-03-20 14:20:05 - [MESSAGE][PASSED] - Object: 'Object Repository/ADMIN/Edit Text/Bespoke/Buyer Pages/Homepage/button_save' is clicked on

2020-03-20 14:20:05 - [TEST_STEP][PASSED] - waitForElementVisible(findTestObject("ADMIN/Edit Text/Bespoke/Buyer Pages/Homepage/toaster_success"), 0): Object 'Object Repository/ADMIN/Edit Text/Bespoke/Buyer Pages/Homepage/toaster_success' is visible

2020-03-20 14:20:05 - [MESSAGE][WARNING] - Timeout '0' is invalid. Using default page load timeout: '30'

2020-03-20 14:20:06 - [MESSAGE][PASSED] - Object 'Object Repository/ADMIN/Edit Text/Bespoke/Buyer Pages/Homepage/toaster_success' is visible]]></system-out>
         <system-err><![CDATA[]]></system-err>
      </testcase>
      <testcase name="Test Cases/ADMIN/Language/Edit Text/Bespoke/Buyer Pages/Checkout Review" time="5.498" classname="Test Cases/ADMIN/Language/Edit Text/Bespoke/Buyer Pages/Checkout Review" status="PASSED">
         <system-out><![CDATA[2020-03-20 14:20:06 - [TEST_CASE][PASSED] - Test Cases/ADMIN/Language/Edit Text/Bespoke/Buyer Pages/Checkout Review: Test Cases/ADMIN/Language/Edit Text/Bespoke/Buyer Pages/Checkout Review

2020-03-20 14:20:06 - [TEST_STEP][PASSED] - waitForElementVisible(findTestObject("ADMIN/Edit Text/Bespoke/Buyer Navigation/dd_language"), 0): Object 'Object Repository/ADMIN/Edit Text/Bespoke/Buyer Navigation/dd_language' is visible

2020-03-20 14:20:06 - [MESSAGE][WARNING] - Timeout '0' is invalid. Using default page load timeout: '30'

2020-03-20 14:20:06 - [MESSAGE][PASSED] - Object 'Object Repository/ADMIN/Edit Text/Bespoke/Buyer Navigation/dd_language' is visible

2020-03-20 14:20:06 - [TEST_STEP][PASSED] - selectOptionByLabel(findTestObject("ADMIN/Edit Text/Bespoke/Buyer Navigation/dd_language"), varLanguage, false): All options with label 'Chinese (Simplified)' are selected in object 'Object Repository/ADMIN/Edit Text/Bespoke/Buyer Navigation/dd_language' 

2020-03-20 14:20:07 - [MESSAGE][PASSED] - All options with label 'Chinese (Simplified)' are selected in object 'Object Repository/ADMIN/Edit Text/Bespoke/Buyer Navigation/dd_language' 

2020-03-20 14:20:07 - [TEST_STEP][PASSED] - sendKeys(findTestObject("ADMIN/Edit Text/Bespoke/Buyer Pages/Checkout Review/input_DELIVERY_tab-title"), "*"): Keys '*' sent to object: 'Object Repository/ADMIN/Edit Text/Bespoke/Buyer Pages/Checkout Review/input_DELIVERY_tab-title'

2020-03-20 14:20:07 - [MESSAGE][PASSED] - Keys '*' sent to object: 'Object Repository/ADMIN/Edit Text/Bespoke/Buyer Pages/Checkout Review/input_DELIVERY_tab-title'

2020-03-20 14:20:07 - [TEST_STEP][PASSED] - sendKeys(findTestObject("ADMIN/Edit Text/Bespoke/Buyer Pages/Checkout Review/input_REVIEW_tab-title"), "*"): Keys '*' sent to object: 'Object Repository/ADMIN/Edit Text/Bespoke/Buyer Pages/Checkout Review/input_REVIEW_tab-title'

2020-03-20 14:20:08 - [MESSAGE][PASSED] - Keys '*' sent to object: 'Object Repository/ADMIN/Edit Text/Bespoke/Buyer Pages/Checkout Review/input_REVIEW_tab-title'

2020-03-20 14:20:08 - [TEST_STEP][PASSED] - sendKeys(findTestObject("ADMIN/Edit Text/Bespoke/Buyer Pages/Checkout Review/input_PAY_tab-title"), "*"): Keys '*' sent to object: 'Object Repository/ADMIN/Edit Text/Bespoke/Buyer Pages/Checkout Review/input_PAY_tab-title'

2020-03-20 14:20:08 - [MESSAGE][PASSED] - Keys '*' sent to object: 'Object Repository/ADMIN/Edit Text/Bespoke/Buyer Pages/Checkout Review/input_PAY_tab-title'

2020-03-20 14:20:08 - [TEST_STEP][PASSED] - sendKeys(findTestObject("ADMIN/Edit Text/Bespoke/Buyer Pages/Checkout Review/input_Delivery Address_tab-title"), "*"): Keys '*' sent to object: 'Object Repository/ADMIN/Edit Text/Bespoke/Buyer Pages/Checkout Review/input_Delivery Address_tab-title'

2020-03-20 14:20:08 - [MESSAGE][PASSED] - Keys '*' sent to object: 'Object Repository/ADMIN/Edit Text/Bespoke/Buyer Pages/Checkout Review/input_Delivery Address_tab-title'

2020-03-20 14:20:08 - [TEST_STEP][PASSED] - sendKeys(findTestObject("ADMIN/Edit Text/Bespoke/Buyer Pages/Checkout Review/input_DeliveryPick-up_tab-title"), "*"): Keys '*' sent to object: 'Object Repository/ADMIN/Edit Text/Bespoke/Buyer Pages/Checkout Review/input_DeliveryPick-up_tab-title'

2020-03-20 14:20:08 - [MESSAGE][PASSED] - Keys '*' sent to object: 'Object Repository/ADMIN/Edit Text/Bespoke/Buyer Pages/Checkout Review/input_DeliveryPick-up_tab-title'

2020-03-20 14:20:08 - [TEST_STEP][PASSED] - sendKeys(findTestObject("ADMIN/Edit Text/Bespoke/Buyer Pages/Checkout Review/input_Order Summary_tab-title"), "*"): Keys '*' sent to object: 'Object Repository/ADMIN/Edit Text/Bespoke/Buyer Pages/Checkout Review/input_Order Summary_tab-title'

2020-03-20 14:20:08 - [MESSAGE][PASSED] - Keys '*' sent to object: 'Object Repository/ADMIN/Edit Text/Bespoke/Buyer Pages/Checkout Review/input_Order Summary_tab-title'

2020-03-20 14:20:08 - [TEST_STEP][PASSED] - sendKeys(findTestObject("ADMIN/Edit Text/Bespoke/Buyer Pages/Checkout Review/input_Surcharge_tab-title"), "*"): Keys '*' sent to object: 'Object Repository/ADMIN/Edit Text/Bespoke/Buyer Pages/Checkout Review/input_Surcharge_tab-title'

2020-03-20 14:20:09 - [MESSAGE][PASSED] - Keys '*' sent to object: 'Object Repository/ADMIN/Edit Text/Bespoke/Buyer Pages/Checkout Review/input_Surcharge_tab-title'

2020-03-20 14:20:09 - [TEST_STEP][PASSED] - sendKeys(findTestObject("ADMIN/Edit Text/Bespoke/Buyer Pages/Checkout Review/input_Sub Total_tab-title"), "*"): Keys '*' sent to object: 'Object Repository/ADMIN/Edit Text/Bespoke/Buyer Pages/Checkout Review/input_Sub Total_tab-title'

2020-03-20 14:20:09 - [MESSAGE][PASSED] - Keys '*' sent to object: 'Object Repository/ADMIN/Edit Text/Bespoke/Buyer Pages/Checkout Review/input_Sub Total_tab-title'

2020-03-20 14:20:09 - [TEST_STEP][PASSED] - sendKeys(findTestObject("ADMIN/Edit Text/Bespoke/Buyer Pages/Checkout Review/input_Minimum Lead Time_tab-title"), "*"): Keys '*' sent to object: 'Object Repository/ADMIN/Edit Text/Bespoke/Buyer Pages/Checkout Review/input_Minimum Lead Time_tab-title'

2020-03-20 14:20:09 - [MESSAGE][PASSED] - Keys '*' sent to object: 'Object Repository/ADMIN/Edit Text/Bespoke/Buyer Pages/Checkout Review/input_Minimum Lead Time_tab-title'

2020-03-20 14:20:09 - [TEST_STEP][PASSED] - sendKeys(findTestObject("ADMIN/Edit Text/Bespoke/Buyer Pages/Checkout Review/input_Delivery Costs_tab-title"), "*"): Keys '*' sent to object: 'Object Repository/ADMIN/Edit Text/Bespoke/Buyer Pages/Checkout Review/input_Delivery Costs_tab-title'

2020-03-20 14:20:09 - [MESSAGE][PASSED] - Keys '*' sent to object: 'Object Repository/ADMIN/Edit Text/Bespoke/Buyer Pages/Checkout Review/input_Delivery Costs_tab-title'

2020-03-20 14:20:09 - [TEST_STEP][PASSED] - sendKeys(findTestObject("ADMIN/Edit Text/Bespoke/Buyer Pages/Checkout Review/input_Select Delivery Method_tab-title"), "*"): Keys '*' sent to object: 'Object Repository/ADMIN/Edit Text/Bespoke/Buyer Pages/Checkout Review/input_Select Delivery Method_tab-title'

2020-03-20 14:20:09 - [MESSAGE][PASSED] - Keys '*' sent to object: 'Object Repository/ADMIN/Edit Text/Bespoke/Buyer Pages/Checkout Review/input_Select Delivery Method_tab-title'

2020-03-20 14:20:09 - [TEST_STEP][PASSED] - sendKeys(findTestObject("ADMIN/Edit Text/Bespoke/Buyer Pages/Checkout Review/input_Total_tab-title"), "*"): Keys '*' sent to object: 'Object Repository/ADMIN/Edit Text/Bespoke/Buyer Pages/Checkout Review/input_Total_tab-title'

2020-03-20 14:20:10 - [MESSAGE][PASSED] - Keys '*' sent to object: 'Object Repository/ADMIN/Edit Text/Bespoke/Buyer Pages/Checkout Review/input_Total_tab-title'

2020-03-20 14:20:10 - [TEST_STEP][PASSED] - sendKeys(findTestObject("ADMIN/Edit Text/Bespoke/Buyer Pages/Checkout Review/input_QTY_tab-title"), "*"): Keys '*' sent to object: 'Object Repository/ADMIN/Edit Text/Bespoke/Buyer Pages/Checkout Review/input_QTY_tab-title'

2020-03-20 14:20:10 - [MESSAGE][PASSED] - Keys '*' sent to object: 'Object Repository/ADMIN/Edit Text/Bespoke/Buyer Pages/Checkout Review/input_QTY_tab-title'

2020-03-20 14:20:10 - [TEST_STEP][PASSED] - sendKeys(findTestObject("ADMIN/Edit Text/Bespoke/Buyer Pages/Checkout Review/input_No available delivery method please check the item(s) detail page or contact merchant_tab-title"), "*"): Keys '*' sent to object: 'Object Repository/ADMIN/Edit Text/Bespoke/Buyer Pages/Checkout Review/input_No available delivery method please check the item(s) detail page or contact merchant_tab-title'

2020-03-20 14:20:10 - [MESSAGE][PASSED] - Keys '*' sent to object: 'Object Repository/ADMIN/Edit Text/Bespoke/Buyer Pages/Checkout Review/input_No available delivery method please check the item(s) detail page or contact merchant_tab-title'

2020-03-20 14:20:10 - [TEST_STEP][PASSED] - sendKeys(findTestObject("ADMIN/Edit Text/Bespoke/Buyer Pages/Checkout Review/input_Back_btn_selected"), "*"): Keys '*' sent to object: 'Object Repository/ADMIN/Edit Text/Bespoke/Buyer Pages/Checkout Review/input_Back_btn_selected'

2020-03-20 14:20:10 - [MESSAGE][PASSED] - Keys '*' sent to object: 'Object Repository/ADMIN/Edit Text/Bespoke/Buyer Pages/Checkout Review/input_Back_btn_selected'

2020-03-20 14:20:10 - [TEST_STEP][PASSED] - sendKeys(findTestObject("ADMIN/Edit Text/Bespoke/Buyer Pages/Checkout Review/input_Proceed To Payment_btn_selected"), "*"): Keys '*' sent to object: 'Object Repository/ADMIN/Edit Text/Bespoke/Buyer Pages/Checkout Review/input_Proceed To Payment_btn_selected'

2020-03-20 14:20:11 - [MESSAGE][PASSED] - Keys '*' sent to object: 'Object Repository/ADMIN/Edit Text/Bespoke/Buyer Pages/Checkout Review/input_Proceed To Payment_btn_selected'

2020-03-20 14:20:11 - [TEST_STEP][PASSED] - click(findTestObject("ADMIN/Edit Text/Bespoke/Buyer Pages/Homepage/button_save"), CONTINUE_ON_FAILURE): Object: 'Object Repository/ADMIN/Edit Text/Bespoke/Buyer Pages/Homepage/button_save' is clicked on

2020-03-20 14:20:11 - [MESSAGE][PASSED] - Object: 'Object Repository/ADMIN/Edit Text/Bespoke/Buyer Pages/Homepage/button_save' is clicked on

2020-03-20 14:20:11 - [TEST_STEP][PASSED] - waitForElementVisible(findTestObject("ADMIN/Edit Text/Bespoke/Buyer Pages/Homepage/toaster_success"), 0): Object 'Object Repository/ADMIN/Edit Text/Bespoke/Buyer Pages/Homepage/toaster_success' is visible

2020-03-20 14:20:11 - [MESSAGE][WARNING] - Timeout '0' is invalid. Using default page load timeout: '30'

2020-03-20 14:20:11 - [MESSAGE][PASSED] - Object 'Object Repository/ADMIN/Edit Text/Bespoke/Buyer Pages/Homepage/toaster_success' is visible]]></system-out>
         <system-err><![CDATA[]]></system-err>
      </testcase>
      <testcase name="Test Cases/ADMIN/Language/Edit Text/Bespoke/Buyer Pages/Checkout Review" time="5.915" classname="Test Cases/ADMIN/Language/Edit Text/Bespoke/Buyer Pages/Checkout Review" status="PASSED">
         <system-out><![CDATA[2020-03-20 14:20:11 - [TEST_CASE][PASSED] - Test Cases/ADMIN/Language/Edit Text/Bespoke/Buyer Pages/Checkout Review: Test Cases/ADMIN/Language/Edit Text/Bespoke/Buyer Pages/Checkout Review

2020-03-20 14:20:11 - [TEST_STEP][PASSED] - waitForElementVisible(findTestObject("ADMIN/Edit Text/Bespoke/Buyer Navigation/dd_language"), 0): Object 'Object Repository/ADMIN/Edit Text/Bespoke/Buyer Navigation/dd_language' is visible

2020-03-20 14:20:11 - [MESSAGE][WARNING] - Timeout '0' is invalid. Using default page load timeout: '30'

2020-03-20 14:20:11 - [MESSAGE][PASSED] - Object 'Object Repository/ADMIN/Edit Text/Bespoke/Buyer Navigation/dd_language' is visible

2020-03-20 14:20:11 - [TEST_STEP][PASSED] - selectOptionByLabel(findTestObject("ADMIN/Edit Text/Bespoke/Buyer Navigation/dd_language"), varLanguage, false): All options with label 'Hebrew' are selected in object 'Object Repository/ADMIN/Edit Text/Bespoke/Buyer Navigation/dd_language' 

2020-03-20 14:20:13 - [MESSAGE][PASSED] - All options with label 'Hebrew' are selected in object 'Object Repository/ADMIN/Edit Text/Bespoke/Buyer Navigation/dd_language' 

2020-03-20 14:20:13 - [TEST_STEP][PASSED] - sendKeys(findTestObject("ADMIN/Edit Text/Bespoke/Buyer Pages/Checkout Review/input_DELIVERY_tab-title"), "*"): Keys '*' sent to object: 'Object Repository/ADMIN/Edit Text/Bespoke/Buyer Pages/Checkout Review/input_DELIVERY_tab-title'

2020-03-20 14:20:13 - [MESSAGE][PASSED] - Keys '*' sent to object: 'Object Repository/ADMIN/Edit Text/Bespoke/Buyer Pages/Checkout Review/input_DELIVERY_tab-title'

2020-03-20 14:20:13 - [TEST_STEP][PASSED] - sendKeys(findTestObject("ADMIN/Edit Text/Bespoke/Buyer Pages/Checkout Review/input_REVIEW_tab-title"), "*"): Keys '*' sent to object: 'Object Repository/ADMIN/Edit Text/Bespoke/Buyer Pages/Checkout Review/input_REVIEW_tab-title'

2020-03-20 14:20:13 - [MESSAGE][PASSED] - Keys '*' sent to object: 'Object Repository/ADMIN/Edit Text/Bespoke/Buyer Pages/Checkout Review/input_REVIEW_tab-title'

2020-03-20 14:20:13 - [TEST_STEP][PASSED] - sendKeys(findTestObject("ADMIN/Edit Text/Bespoke/Buyer Pages/Checkout Review/input_PAY_tab-title"), "*"): Keys '*' sent to object: 'Object Repository/ADMIN/Edit Text/Bespoke/Buyer Pages/Checkout Review/input_PAY_tab-title'

2020-03-20 14:20:13 - [MESSAGE][PASSED] - Keys '*' sent to object: 'Object Repository/ADMIN/Edit Text/Bespoke/Buyer Pages/Checkout Review/input_PAY_tab-title'

2020-03-20 14:20:13 - [TEST_STEP][PASSED] - sendKeys(findTestObject("ADMIN/Edit Text/Bespoke/Buyer Pages/Checkout Review/input_Delivery Address_tab-title"), "*"): Keys '*' sent to object: 'Object Repository/ADMIN/Edit Text/Bespoke/Buyer Pages/Checkout Review/input_Delivery Address_tab-title'

2020-03-20 14:20:13 - [MESSAGE][PASSED] - Keys '*' sent to object: 'Object Repository/ADMIN/Edit Text/Bespoke/Buyer Pages/Checkout Review/input_Delivery Address_tab-title'

2020-03-20 14:20:13 - [TEST_STEP][PASSED] - sendKeys(findTestObject("ADMIN/Edit Text/Bespoke/Buyer Pages/Checkout Review/input_DeliveryPick-up_tab-title"), "*"): Keys '*' sent to object: 'Object Repository/ADMIN/Edit Text/Bespoke/Buyer Pages/Checkout Review/input_DeliveryPick-up_tab-title'

2020-03-20 14:20:14 - [MESSAGE][PASSED] - Keys '*' sent to object: 'Object Repository/ADMIN/Edit Text/Bespoke/Buyer Pages/Checkout Review/input_DeliveryPick-up_tab-title'

2020-03-20 14:20:14 - [TEST_STEP][PASSED] - sendKeys(findTestObject("ADMIN/Edit Text/Bespoke/Buyer Pages/Checkout Review/input_Order Summary_tab-title"), "*"): Keys '*' sent to object: 'Object Repository/ADMIN/Edit Text/Bespoke/Buyer Pages/Checkout Review/input_Order Summary_tab-title'

2020-03-20 14:20:14 - [MESSAGE][PASSED] - Keys '*' sent to object: 'Object Repository/ADMIN/Edit Text/Bespoke/Buyer Pages/Checkout Review/input_Order Summary_tab-title'

2020-03-20 14:20:14 - [TEST_STEP][PASSED] - sendKeys(findTestObject("ADMIN/Edit Text/Bespoke/Buyer Pages/Checkout Review/input_Surcharge_tab-title"), "*"): Keys '*' sent to object: 'Object Repository/ADMIN/Edit Text/Bespoke/Buyer Pages/Checkout Review/input_Surcharge_tab-title'

2020-03-20 14:20:14 - [MESSAGE][PASSED] - Keys '*' sent to object: 'Object Repository/ADMIN/Edit Text/Bespoke/Buyer Pages/Checkout Review/input_Surcharge_tab-title'

2020-03-20 14:20:14 - [TEST_STEP][PASSED] - sendKeys(findTestObject("ADMIN/Edit Text/Bespoke/Buyer Pages/Checkout Review/input_Sub Total_tab-title"), "*"): Keys '*' sent to object: 'Object Repository/ADMIN/Edit Text/Bespoke/Buyer Pages/Checkout Review/input_Sub Total_tab-title'

2020-03-20 14:20:14 - [MESSAGE][PASSED] - Keys '*' sent to object: 'Object Repository/ADMIN/Edit Text/Bespoke/Buyer Pages/Checkout Review/input_Sub Total_tab-title'

2020-03-20 14:20:14 - [TEST_STEP][PASSED] - sendKeys(findTestObject("ADMIN/Edit Text/Bespoke/Buyer Pages/Checkout Review/input_Minimum Lead Time_tab-title"), "*"): Keys '*' sent to object: 'Object Repository/ADMIN/Edit Text/Bespoke/Buyer Pages/Checkout Review/input_Minimum Lead Time_tab-title'

2020-03-20 14:20:15 - [MESSAGE][PASSED] - Keys '*' sent to object: 'Object Repository/ADMIN/Edit Text/Bespoke/Buyer Pages/Checkout Review/input_Minimum Lead Time_tab-title'

2020-03-20 14:20:15 - [TEST_STEP][PASSED] - sendKeys(findTestObject("ADMIN/Edit Text/Bespoke/Buyer Pages/Checkout Review/input_Delivery Costs_tab-title"), "*"): Keys '*' sent to object: 'Object Repository/ADMIN/Edit Text/Bespoke/Buyer Pages/Checkout Review/input_Delivery Costs_tab-title'

2020-03-20 14:20:15 - [MESSAGE][PASSED] - Keys '*' sent to object: 'Object Repository/ADMIN/Edit Text/Bespoke/Buyer Pages/Checkout Review/input_Delivery Costs_tab-title'

2020-03-20 14:20:15 - [TEST_STEP][PASSED] - sendKeys(findTestObject("ADMIN/Edit Text/Bespoke/Buyer Pages/Checkout Review/input_Select Delivery Method_tab-title"), "*"): Keys '*' sent to object: 'Object Repository/ADMIN/Edit Text/Bespoke/Buyer Pages/Checkout Review/input_Select Delivery Method_tab-title'

2020-03-20 14:20:15 - [MESSAGE][PASSED] - Keys '*' sent to object: 'Object Repository/ADMIN/Edit Text/Bespoke/Buyer Pages/Checkout Review/input_Select Delivery Method_tab-title'

2020-03-20 14:20:15 - [TEST_STEP][PASSED] - sendKeys(findTestObject("ADMIN/Edit Text/Bespoke/Buyer Pages/Checkout Review/input_Total_tab-title"), "*"): Keys '*' sent to object: 'Object Repository/ADMIN/Edit Text/Bespoke/Buyer Pages/Checkout Review/input_Total_tab-title'

2020-03-20 14:20:15 - [MESSAGE][PASSED] - Keys '*' sent to object: 'Object Repository/ADMIN/Edit Text/Bespoke/Buyer Pages/Checkout Review/input_Total_tab-title'

2020-03-20 14:20:15 - [TEST_STEP][PASSED] - sendKeys(findTestObject("ADMIN/Edit Text/Bespoke/Buyer Pages/Checkout Review/input_QTY_tab-title"), "*"): Keys '*' sent to object: 'Object Repository/ADMIN/Edit Text/Bespoke/Buyer Pages/Checkout Review/input_QTY_tab-title'

2020-03-20 14:20:15 - [MESSAGE][PASSED] - Keys '*' sent to object: 'Object Repository/ADMIN/Edit Text/Bespoke/Buyer Pages/Checkout Review/input_QTY_tab-title'

2020-03-20 14:20:15 - [TEST_STEP][PASSED] - sendKeys(findTestObject("ADMIN/Edit Text/Bespoke/Buyer Pages/Checkout Review/input_No available delivery method please check the item(s) detail page or contact merchant_tab-title"), "*"): Keys '*' sent to object: 'Object Repository/ADMIN/Edit Text/Bespoke/Buyer Pages/Checkout Review/input_No available delivery method please check the item(s) detail page or contact merchant_tab-title'

2020-03-20 14:20:16 - [MESSAGE][PASSED] - Keys '*' sent to object: 'Object Repository/ADMIN/Edit Text/Bespoke/Buyer Pages/Checkout Review/input_No available delivery method please check the item(s) detail page or contact merchant_tab-title'

2020-03-20 14:20:16 - [TEST_STEP][PASSED] - sendKeys(findTestObject("ADMIN/Edit Text/Bespoke/Buyer Pages/Checkout Review/input_Back_btn_selected"), "*"): Keys '*' sent to object: 'Object Repository/ADMIN/Edit Text/Bespoke/Buyer Pages/Checkout Review/input_Back_btn_selected'

2020-03-20 14:20:16 - [MESSAGE][PASSED] - Keys '*' sent to object: 'Object Repository/ADMIN/Edit Text/Bespoke/Buyer Pages/Checkout Review/input_Back_btn_selected'

2020-03-20 14:20:16 - [TEST_STEP][PASSED] - sendKeys(findTestObject("ADMIN/Edit Text/Bespoke/Buyer Pages/Checkout Review/input_Proceed To Payment_btn_selected"), "*"): Keys '*' sent to object: 'Object Repository/ADMIN/Edit Text/Bespoke/Buyer Pages/Checkout Review/input_Proceed To Payment_btn_selected'

2020-03-20 14:20:16 - [MESSAGE][PASSED] - Keys '*' sent to object: 'Object Repository/ADMIN/Edit Text/Bespoke/Buyer Pages/Checkout Review/input_Proceed To Payment_btn_selected'

2020-03-20 14:20:16 - [TEST_STEP][PASSED] - click(findTestObject("ADMIN/Edit Text/Bespoke/Buyer Pages/Homepage/button_save"), CONTINUE_ON_FAILURE): Object: 'Object Repository/ADMIN/Edit Text/Bespoke/Buyer Pages/Homepage/button_save' is clicked on

2020-03-20 14:20:16 - [MESSAGE][PASSED] - Object: 'Object Repository/ADMIN/Edit Text/Bespoke/Buyer Pages/Homepage/button_save' is clicked on

2020-03-20 14:20:16 - [TEST_STEP][PASSED] - waitForElementVisible(findTestObject("ADMIN/Edit Text/Bespoke/Buyer Pages/Homepage/toaster_success"), 0): Object 'Object Repository/ADMIN/Edit Text/Bespoke/Buyer Pages/Homepage/toaster_success' is visible

2020-03-20 14:20:16 - [MESSAGE][WARNING] - Timeout '0' is invalid. Using default page load timeout: '30'

2020-03-20 14:20:17 - [MESSAGE][PASSED] - Object 'Object Repository/ADMIN/Edit Text/Bespoke/Buyer Pages/Homepage/toaster_success' is visible]]></system-out>
         <system-err><![CDATA[]]></system-err>
      </testcase>
      <testcase name="Test Cases/ADMIN/Language/Edit Text/Bespoke/Buyer Pages/Checkout Review" time="5.888" classname="Test Cases/ADMIN/Language/Edit Text/Bespoke/Buyer Pages/Checkout Review" status="PASSED">
         <system-out><![CDATA[2020-03-20 14:20:17 - [TEST_CASE][PASSED] - Test Cases/ADMIN/Language/Edit Text/Bespoke/Buyer Pages/Checkout Review: Test Cases/ADMIN/Language/Edit Text/Bespoke/Buyer Pages/Checkout Review

2020-03-20 14:20:17 - [TEST_STEP][PASSED] - waitForElementVisible(findTestObject("ADMIN/Edit Text/Bespoke/Buyer Navigation/dd_language"), 0): Object 'Object Repository/ADMIN/Edit Text/Bespoke/Buyer Navigation/dd_language' is visible

2020-03-20 14:20:17 - [MESSAGE][WARNING] - Timeout '0' is invalid. Using default page load timeout: '30'

2020-03-20 14:20:17 - [MESSAGE][PASSED] - Object 'Object Repository/ADMIN/Edit Text/Bespoke/Buyer Navigation/dd_language' is visible

2020-03-20 14:20:17 - [TEST_STEP][PASSED] - selectOptionByLabel(findTestObject("ADMIN/Edit Text/Bespoke/Buyer Navigation/dd_language"), varLanguage, false): All options with label 'English' are selected in object 'Object Repository/ADMIN/Edit Text/Bespoke/Buyer Navigation/dd_language' 

2020-03-20 14:20:18 - [MESSAGE][PASSED] - All options with label 'English' are selected in object 'Object Repository/ADMIN/Edit Text/Bespoke/Buyer Navigation/dd_language' 

2020-03-20 14:20:18 - [TEST_STEP][PASSED] - sendKeys(findTestObject("ADMIN/Edit Text/Bespoke/Buyer Pages/Checkout Review/input_DELIVERY_tab-title"), "*"): Keys '*' sent to object: 'Object Repository/ADMIN/Edit Text/Bespoke/Buyer Pages/Checkout Review/input_DELIVERY_tab-title'

2020-03-20 14:20:19 - [MESSAGE][PASSED] - Keys '*' sent to object: 'Object Repository/ADMIN/Edit Text/Bespoke/Buyer Pages/Checkout Review/input_DELIVERY_tab-title'

2020-03-20 14:20:19 - [TEST_STEP][PASSED] - sendKeys(findTestObject("ADMIN/Edit Text/Bespoke/Buyer Pages/Checkout Review/input_REVIEW_tab-title"), "*"): Keys '*' sent to object: 'Object Repository/ADMIN/Edit Text/Bespoke/Buyer Pages/Checkout Review/input_REVIEW_tab-title'

2020-03-20 14:20:19 - [MESSAGE][PASSED] - Keys '*' sent to object: 'Object Repository/ADMIN/Edit Text/Bespoke/Buyer Pages/Checkout Review/input_REVIEW_tab-title'

2020-03-20 14:20:19 - [TEST_STEP][PASSED] - sendKeys(findTestObject("ADMIN/Edit Text/Bespoke/Buyer Pages/Checkout Review/input_PAY_tab-title"), "*"): Keys '*' sent to object: 'Object Repository/ADMIN/Edit Text/Bespoke/Buyer Pages/Checkout Review/input_PAY_tab-title'

2020-03-20 14:20:19 - [MESSAGE][PASSED] - Keys '*' sent to object: 'Object Repository/ADMIN/Edit Text/Bespoke/Buyer Pages/Checkout Review/input_PAY_tab-title'

2020-03-20 14:20:19 - [TEST_STEP][PASSED] - sendKeys(findTestObject("ADMIN/Edit Text/Bespoke/Buyer Pages/Checkout Review/input_Delivery Address_tab-title"), "*"): Keys '*' sent to object: 'Object Repository/ADMIN/Edit Text/Bespoke/Buyer Pages/Checkout Review/input_Delivery Address_tab-title'

2020-03-20 14:20:19 - [MESSAGE][PASSED] - Keys '*' sent to object: 'Object Repository/ADMIN/Edit Text/Bespoke/Buyer Pages/Checkout Review/input_Delivery Address_tab-title'

2020-03-20 14:20:19 - [TEST_STEP][PASSED] - sendKeys(findTestObject("ADMIN/Edit Text/Bespoke/Buyer Pages/Checkout Review/input_DeliveryPick-up_tab-title"), "*"): Keys '*' sent to object: 'Object Repository/ADMIN/Edit Text/Bespoke/Buyer Pages/Checkout Review/input_DeliveryPick-up_tab-title'

2020-03-20 14:20:20 - [MESSAGE][PASSED] - Keys '*' sent to object: 'Object Repository/ADMIN/Edit Text/Bespoke/Buyer Pages/Checkout Review/input_DeliveryPick-up_tab-title'

2020-03-20 14:20:20 - [TEST_STEP][PASSED] - sendKeys(findTestObject("ADMIN/Edit Text/Bespoke/Buyer Pages/Checkout Review/input_Order Summary_tab-title"), "*"): Keys '*' sent to object: 'Object Repository/ADMIN/Edit Text/Bespoke/Buyer Pages/Checkout Review/input_Order Summary_tab-title'

2020-03-20 14:20:20 - [MESSAGE][PASSED] - Keys '*' sent to object: 'Object Repository/ADMIN/Edit Text/Bespoke/Buyer Pages/Checkout Review/input_Order Summary_tab-title'

2020-03-20 14:20:20 - [TEST_STEP][PASSED] - sendKeys(findTestObject("ADMIN/Edit Text/Bespoke/Buyer Pages/Checkout Review/input_Surcharge_tab-title"), "*"): Keys '*' sent to object: 'Object Repository/ADMIN/Edit Text/Bespoke/Buyer Pages/Checkout Review/input_Surcharge_tab-title'

2020-03-20 14:20:20 - [MESSAGE][PASSED] - Keys '*' sent to object: 'Object Repository/ADMIN/Edit Text/Bespoke/Buyer Pages/Checkout Review/input_Surcharge_tab-title'

2020-03-20 14:20:20 - [TEST_STEP][PASSED] - sendKeys(findTestObject("ADMIN/Edit Text/Bespoke/Buyer Pages/Checkout Review/input_Sub Total_tab-title"), "*"): Keys '*' sent to object: 'Object Repository/ADMIN/Edit Text/Bespoke/Buyer Pages/Checkout Review/input_Sub Total_tab-title'

2020-03-20 14:20:20 - [MESSAGE][PASSED] - Keys '*' sent to object: 'Object Repository/ADMIN/Edit Text/Bespoke/Buyer Pages/Checkout Review/input_Sub Total_tab-title'

2020-03-20 14:20:20 - [TEST_STEP][PASSED] - sendKeys(findTestObject("ADMIN/Edit Text/Bespoke/Buyer Pages/Checkout Review/input_Minimum Lead Time_tab-title"), "*"): Keys '*' sent to object: 'Object Repository/ADMIN/Edit Text/Bespoke/Buyer Pages/Checkout Review/input_Minimum Lead Time_tab-title'

2020-03-20 14:20:21 - [MESSAGE][PASSED] - Keys '*' sent to object: 'Object Repository/ADMIN/Edit Text/Bespoke/Buyer Pages/Checkout Review/input_Minimum Lead Time_tab-title'

2020-03-20 14:20:21 - [TEST_STEP][PASSED] - sendKeys(findTestObject("ADMIN/Edit Text/Bespoke/Buyer Pages/Checkout Review/input_Delivery Costs_tab-title"), "*"): Keys '*' sent to object: 'Object Repository/ADMIN/Edit Text/Bespoke/Buyer Pages/Checkout Review/input_Delivery Costs_tab-title'

2020-03-20 14:20:21 - [MESSAGE][PASSED] - Keys '*' sent to object: 'Object Repository/ADMIN/Edit Text/Bespoke/Buyer Pages/Checkout Review/input_Delivery Costs_tab-title'

2020-03-20 14:20:21 - [TEST_STEP][PASSED] - sendKeys(findTestObject("ADMIN/Edit Text/Bespoke/Buyer Pages/Checkout Review/input_Select Delivery Method_tab-title"), "*"): Keys '*' sent to object: 'Object Repository/ADMIN/Edit Text/Bespoke/Buyer Pages/Checkout Review/input_Select Delivery Method_tab-title'

2020-03-20 14:20:21 - [MESSAGE][PASSED] - Keys '*' sent to object: 'Object Repository/ADMIN/Edit Text/Bespoke/Buyer Pages/Checkout Review/input_Select Delivery Method_tab-title'

2020-03-20 14:20:21 - [TEST_STEP][PASSED] - sendKeys(findTestObject("ADMIN/Edit Text/Bespoke/Buyer Pages/Checkout Review/input_Total_tab-title"), "*"): Keys '*' sent to object: 'Object Repository/ADMIN/Edit Text/Bespoke/Buyer Pages/Checkout Review/input_Total_tab-title'

2020-03-20 14:20:21 - [MESSAGE][PASSED] - Keys '*' sent to object: 'Object Repository/ADMIN/Edit Text/Bespoke/Buyer Pages/Checkout Review/input_Total_tab-title'

2020-03-20 14:20:21 - [TEST_STEP][PASSED] - sendKeys(findTestObject("ADMIN/Edit Text/Bespoke/Buyer Pages/Checkout Review/input_QTY_tab-title"), "*"): Keys '*' sent to object: 'Object Repository/ADMIN/Edit Text/Bespoke/Buyer Pages/Checkout Review/input_QTY_tab-title'

2020-03-20 14:20:21 - [MESSAGE][PASSED] - Keys '*' sent to object: 'Object Repository/ADMIN/Edit Text/Bespoke/Buyer Pages/Checkout Review/input_QTY_tab-title'

2020-03-20 14:20:21 - [TEST_STEP][PASSED] - sendKeys(findTestObject("ADMIN/Edit Text/Bespoke/Buyer Pages/Checkout Review/input_No available delivery method please check the item(s) detail page or contact merchant_tab-title"), "*"): Keys '*' sent to object: 'Object Repository/ADMIN/Edit Text/Bespoke/Buyer Pages/Checkout Review/input_No available delivery method please check the item(s) detail page or contact merchant_tab-title'

2020-03-20 14:20:22 - [MESSAGE][PASSED] - Keys '*' sent to object: 'Object Repository/ADMIN/Edit Text/Bespoke/Buyer Pages/Checkout Review/input_No available delivery method please check the item(s) detail page or contact merchant_tab-title'

2020-03-20 14:20:22 - [TEST_STEP][PASSED] - sendKeys(findTestObject("ADMIN/Edit Text/Bespoke/Buyer Pages/Checkout Review/input_Back_btn_selected"), "*"): Keys '*' sent to object: 'Object Repository/ADMIN/Edit Text/Bespoke/Buyer Pages/Checkout Review/input_Back_btn_selected'

2020-03-20 14:20:22 - [MESSAGE][PASSED] - Keys '*' sent to object: 'Object Repository/ADMIN/Edit Text/Bespoke/Buyer Pages/Checkout Review/input_Back_btn_selected'

2020-03-20 14:20:22 - [TEST_STEP][PASSED] - sendKeys(findTestObject("ADMIN/Edit Text/Bespoke/Buyer Pages/Checkout Review/input_Proceed To Payment_btn_selected"), "*"): Keys '*' sent to object: 'Object Repository/ADMIN/Edit Text/Bespoke/Buyer Pages/Checkout Review/input_Proceed To Payment_btn_selected'

2020-03-20 14:20:22 - [MESSAGE][PASSED] - Keys '*' sent to object: 'Object Repository/ADMIN/Edit Text/Bespoke/Buyer Pages/Checkout Review/input_Proceed To Payment_btn_selected'

2020-03-20 14:20:22 - [TEST_STEP][PASSED] - click(findTestObject("ADMIN/Edit Text/Bespoke/Buyer Pages/Homepage/button_save"), CONTINUE_ON_FAILURE): Object: 'Object Repository/ADMIN/Edit Text/Bespoke/Buyer Pages/Homepage/button_save' is clicked on

2020-03-20 14:20:22 - [MESSAGE][PASSED] - Object: 'Object Repository/ADMIN/Edit Text/Bespoke/Buyer Pages/Homepage/button_save' is clicked on

2020-03-20 14:20:22 - [TEST_STEP][PASSED] - waitForElementVisible(findTestObject("ADMIN/Edit Text/Bespoke/Buyer Pages/Homepage/toaster_success"), 0): Object 'Object Repository/ADMIN/Edit Text/Bespoke/Buyer Pages/Homepage/toaster_success' is visible

2020-03-20 14:20:22 - [MESSAGE][WARNING] - Timeout '0' is invalid. Using default page load timeout: '30'

2020-03-20 14:20:23 - [MESSAGE][PASSED] - Object 'Object Repository/ADMIN/Edit Text/Bespoke/Buyer Pages/Homepage/toaster_success' is visible]]></system-out>
         <system-err><![CDATA[]]></system-err>
      </testcase>
      <testcase name="Test Cases/ADMIN/Language/Edit Text/Bespoke/Buyer Pages/Checkout Payment Navigation" time="6.284" classname="Test Cases/ADMIN/Language/Edit Text/Bespoke/Buyer Pages/Checkout Payment Navigation" status="PASSED">
         <system-out><![CDATA[2020-03-20 14:20:23 - [TEST_CASE][PASSED] - Test Cases/ADMIN/Language/Edit Text/Bespoke/Buyer Pages/Checkout Payment Navigation: Test Cases/ADMIN/Language/Edit Text/Bespoke/Buyer Pages/Checkout Payment Navigation

2020-03-20 14:20:23 - [TEST_STEP][PASSED] - waitForElementVisible(findTestObject("ADMIN/Language/sidemenu_Language"), 0): Object 'Object Repository/ADMIN/Language/sidemenu_Language' is visible

2020-03-20 14:20:23 - [MESSAGE][WARNING] - Timeout '0' is invalid. Using default page load timeout: '30'

2020-03-20 14:20:23 - [MESSAGE][PASSED] - Object 'Object Repository/ADMIN/Language/sidemenu_Language' is visible

2020-03-20 14:20:23 - [TEST_STEP][PASSED] - click(findTestObject("ADMIN/Language/sidemenu_Language"), CONTINUE_ON_FAILURE): Object: 'Object Repository/ADMIN/Language/sidemenu_Language' is clicked on

2020-03-20 14:20:24 - [MESSAGE][PASSED] - Object: 'Object Repository/ADMIN/Language/sidemenu_Language' is clicked on

2020-03-20 14:20:24 - [TEST_STEP][PASSED] - waitForElementVisible(findTestObject("ADMIN/Language/sidemenu_Edit Text"), 0): Object 'Object Repository/ADMIN/Language/sidemenu_Edit Text' is visible

2020-03-20 14:20:24 - [MESSAGE][WARNING] - Timeout '0' is invalid. Using default page load timeout: '30'

2020-03-20 14:20:25 - [MESSAGE][PASSED] - Object 'Object Repository/ADMIN/Language/sidemenu_Edit Text' is visible

2020-03-20 14:20:25 - [TEST_STEP][PASSED] - click(findTestObject("ADMIN/Language/sidemenu_Edit Text"), CONTINUE_ON_FAILURE): Object: 'Object Repository/ADMIN/Language/sidemenu_Edit Text' is clicked on

2020-03-20 14:20:26 - [MESSAGE][PASSED] - Object: 'Object Repository/ADMIN/Language/sidemenu_Edit Text' is clicked on

2020-03-20 14:20:26 - [TEST_STEP][PASSED] - waitForElementVisible(findTestObject("ADMIN/Edit Text/Bespoke/Buyer Navigation/icon_dd"), 0): Object 'Object Repository/ADMIN/Edit Text/Bespoke/Buyer Navigation/icon_dd' is visible

2020-03-20 14:20:26 - [MESSAGE][WARNING] - Timeout '0' is invalid. Using default page load timeout: '30'

2020-03-20 14:20:26 - [MESSAGE][PASSED] - Object 'Object Repository/ADMIN/Edit Text/Bespoke/Buyer Navigation/icon_dd' is visible

2020-03-20 14:20:26 - [TEST_STEP][PASSED] - click(findTestObject("ADMIN/Edit Text/Bespoke/Buyer Navigation/icon_dd"), CONTINUE_ON_FAILURE): Object: 'Object Repository/ADMIN/Edit Text/Bespoke/Buyer Navigation/icon_dd' is clicked on

2020-03-20 14:20:26 - [MESSAGE][PASSED] - Object: 'Object Repository/ADMIN/Edit Text/Bespoke/Buyer Navigation/icon_dd' is clicked on

2020-03-20 14:20:26 - [TEST_STEP][PASSED] - waitForElementVisible(findTestObject("ADMIN/Edit Text/Bespoke/Buyer Navigation/textlink_Checkout (Payment)"), 0): Object 'Object Repository/ADMIN/Edit Text/Bespoke/Buyer Navigation/textlink_Checkout (Payment)' is visible

2020-03-20 14:20:26 - [MESSAGE][WARNING] - Timeout '0' is invalid. Using default page load timeout: '30'

2020-03-20 14:20:27 - [MESSAGE][PASSED] - Object 'Object Repository/ADMIN/Edit Text/Bespoke/Buyer Navigation/textlink_Checkout (Payment)' is visible

2020-03-20 14:20:27 - [TEST_STEP][PASSED] - click(findTestObject("ADMIN/Edit Text/Bespoke/Buyer Navigation/textlink_Checkout (Payment)"), CONTINUE_ON_FAILURE): Object: 'Object Repository/ADMIN/Edit Text/Bespoke/Buyer Navigation/textlink_Checkout (Payment)' is clicked on

2020-03-20 14:20:29 - [MESSAGE][PASSED] - Object: 'Object Repository/ADMIN/Edit Text/Bespoke/Buyer Navigation/textlink_Checkout (Payment)' is clicked on

2020-03-20 14:20:29 - [TEST_STEP][PASSED] - waitForElementVisible(findTestObject("ADMIN/Edit Text/Bespoke/Buyer Navigation/dd_language"), 0): Object 'Object Repository/ADMIN/Edit Text/Bespoke/Buyer Navigation/dd_language' is visible

2020-03-20 14:20:29 - [MESSAGE][WARNING] - Timeout '0' is invalid. Using default page load timeout: '30'

2020-03-20 14:20:29 - [MESSAGE][PASSED] - Object 'Object Repository/ADMIN/Edit Text/Bespoke/Buyer Navigation/dd_language' is visible]]></system-out>
         <system-err><![CDATA[]]></system-err>
      </testcase>
      <testcase name="Test Cases/ADMIN/Language/Edit Text/Bespoke/Buyer Pages/Checkout Payment" time="4.876" classname="Test Cases/ADMIN/Language/Edit Text/Bespoke/Buyer Pages/Checkout Payment" status="PASSED">
         <system-out><![CDATA[2020-03-20 14:20:29 - [TEST_CASE][PASSED] - Test Cases/ADMIN/Language/Edit Text/Bespoke/Buyer Pages/Checkout Payment: Test Cases/ADMIN/Language/Edit Text/Bespoke/Buyer Pages/Checkout Payment

2020-03-20 14:20:30 - [TEST_STEP][PASSED] - waitForElementVisible(findTestObject("ADMIN/Edit Text/Bespoke/Buyer Navigation/dd_language"), 0): Object 'Object Repository/ADMIN/Edit Text/Bespoke/Buyer Navigation/dd_language' is visible

2020-03-20 14:20:30 - [MESSAGE][WARNING] - Timeout '0' is invalid. Using default page load timeout: '30'

2020-03-20 14:20:30 - [MESSAGE][PASSED] - Object 'Object Repository/ADMIN/Edit Text/Bespoke/Buyer Navigation/dd_language' is visible

2020-03-20 14:20:30 - [TEST_STEP][PASSED] - selectOptionByLabel(findTestObject("ADMIN/Edit Text/Bespoke/Buyer Navigation/dd_language"), varLanguage, false): All options with label 'French' are selected in object 'Object Repository/ADMIN/Edit Text/Bespoke/Buyer Navigation/dd_language' 

2020-03-20 14:20:31 - [MESSAGE][PASSED] - All options with label 'French' are selected in object 'Object Repository/ADMIN/Edit Text/Bespoke/Buyer Navigation/dd_language' 

2020-03-20 14:20:31 - [TEST_STEP][PASSED] - sendKeys(findTestObject("ADMIN/Edit Text/Bespoke/Buyer Pages/Checkout Payment/input_DELIVERY_tab-title"), "*"): Keys '*' sent to object: 'Object Repository/ADMIN/Edit Text/Bespoke/Buyer Pages/Checkout Payment/input_DELIVERY_tab-title'

2020-03-20 14:20:31 - [MESSAGE][PASSED] - Keys '*' sent to object: 'Object Repository/ADMIN/Edit Text/Bespoke/Buyer Pages/Checkout Payment/input_DELIVERY_tab-title'

2020-03-20 14:20:31 - [TEST_STEP][PASSED] - sendKeys(findTestObject("ADMIN/Edit Text/Bespoke/Buyer Pages/Checkout Payment/input_REVIEW_tab-title"), "*"): Keys '*' sent to object: 'Object Repository/ADMIN/Edit Text/Bespoke/Buyer Pages/Checkout Payment/input_REVIEW_tab-title'

2020-03-20 14:20:31 - [MESSAGE][PASSED] - Keys '*' sent to object: 'Object Repository/ADMIN/Edit Text/Bespoke/Buyer Pages/Checkout Payment/input_REVIEW_tab-title'

2020-03-20 14:20:31 - [TEST_STEP][PASSED] - sendKeys(findTestObject("ADMIN/Edit Text/Bespoke/Buyer Pages/Checkout Payment/input_PAY_tab-title"), "*"): Keys '*' sent to object: 'Object Repository/ADMIN/Edit Text/Bespoke/Buyer Pages/Checkout Payment/input_PAY_tab-title'

2020-03-20 14:20:32 - [MESSAGE][PASSED] - Keys '*' sent to object: 'Object Repository/ADMIN/Edit Text/Bespoke/Buyer Pages/Checkout Payment/input_PAY_tab-title'

2020-03-20 14:20:32 - [TEST_STEP][PASSED] - sendKeys(findTestObject("ADMIN/Edit Text/Bespoke/Buyer Pages/Checkout Payment/input_PAYMENT METHOD_delivery-address"), "*"): Keys '*' sent to object: 'Object Repository/ADMIN/Edit Text/Bespoke/Buyer Pages/Checkout Payment/input_PAYMENT METHOD_delivery-address'

2020-03-20 14:20:32 - [MESSAGE][PASSED] - Keys '*' sent to object: 'Object Repository/ADMIN/Edit Text/Bespoke/Buyer Pages/Checkout Payment/input_PAYMENT METHOD_delivery-address'

2020-03-20 14:20:32 - [TEST_STEP][PASSED] - sendKeys(findTestObject("ADMIN/Edit Text/Bespoke/Buyer Pages/Checkout Payment/input_ORDER SUMMARY_order-summary"), "*"): Keys '*' sent to object: 'Object Repository/ADMIN/Edit Text/Bespoke/Buyer Pages/Checkout Payment/input_ORDER SUMMARY_order-summary'

2020-03-20 14:20:32 - [MESSAGE][PASSED] - Keys '*' sent to object: 'Object Repository/ADMIN/Edit Text/Bespoke/Buyer Pages/Checkout Payment/input_ORDER SUMMARY_order-summary'

2020-03-20 14:20:32 - [TEST_STEP][PASSED] - sendKeys(findTestObject("ADMIN/Edit Text/Bespoke/Buyer Pages/Checkout Payment/textarea_Upon clicking the Pay Now button you will be re-directed to the Payment Gateway to continue with your transaction"), "*"): Keys '*' sent to object: 'Object Repository/ADMIN/Edit Text/Bespoke/Buyer Pages/Checkout Payment/textarea_Upon clicking the Pay Now button you will be re-directed to the Payment Gateway to continue with your transaction'

2020-03-20 14:20:32 - [MESSAGE][PASSED] - Keys '*' sent to object: 'Object Repository/ADMIN/Edit Text/Bespoke/Buyer Pages/Checkout Payment/textarea_Upon clicking the Pay Now button you will be re-directed to the Payment Gateway to continue with your transaction'

2020-03-20 14:20:32 - [TEST_STEP][PASSED] - sendKeys(findTestObject("ADMIN/Edit Text/Bespoke/Buyer Pages/Checkout Payment/input_Sub Total_cart-sub-total"), "*"): Keys '*' sent to object: 'Object Repository/ADMIN/Edit Text/Bespoke/Buyer Pages/Checkout Payment/input_Sub Total_cart-sub-total'

2020-03-20 14:20:33 - [MESSAGE][PASSED] - Keys '*' sent to object: 'Object Repository/ADMIN/Edit Text/Bespoke/Buyer Pages/Checkout Payment/input_Sub Total_cart-sub-total'

2020-03-20 14:20:33 - [TEST_STEP][PASSED] - sendKeys(findTestObject("ADMIN/Edit Text/Bespoke/Buyer Pages/Checkout Payment/input_Delivery Costs_cart-delivery-costs"), "*"): Keys '*' sent to object: 'Object Repository/ADMIN/Edit Text/Bespoke/Buyer Pages/Checkout Payment/input_Delivery Costs_cart-delivery-costs'

2020-03-20 14:20:33 - [MESSAGE][PASSED] - Keys '*' sent to object: 'Object Repository/ADMIN/Edit Text/Bespoke/Buyer Pages/Checkout Payment/input_Delivery Costs_cart-delivery-costs'

2020-03-20 14:20:33 - [TEST_STEP][PASSED] - sendKeys(findTestObject("ADMIN/Edit Text/Bespoke/Buyer Pages/Checkout Payment/input_Bulk Delivery Discount_cart-bulk-delivery-discount"), "*"): Keys '*' sent to object: 'Object Repository/ADMIN/Edit Text/Bespoke/Buyer Pages/Checkout Payment/input_Bulk Delivery Discount_cart-bulk-delivery-discount'

2020-03-20 14:20:33 - [MESSAGE][PASSED] - Keys '*' sent to object: 'Object Repository/ADMIN/Edit Text/Bespoke/Buyer Pages/Checkout Payment/input_Bulk Delivery Discount_cart-bulk-delivery-discount'

2020-03-20 14:20:33 - [TEST_STEP][PASSED] - sendKeys(findTestObject("ADMIN/Edit Text/Bespoke/Buyer Pages/Checkout Payment/input_TOTAL_cart-total"), "*"): Keys '*' sent to object: 'Object Repository/ADMIN/Edit Text/Bespoke/Buyer Pages/Checkout Payment/input_TOTAL_cart-total'

2020-03-20 14:20:33 - [MESSAGE][PASSED] - Keys '*' sent to object: 'Object Repository/ADMIN/Edit Text/Bespoke/Buyer Pages/Checkout Payment/input_TOTAL_cart-total'

2020-03-20 14:20:33 - [TEST_STEP][PASSED] - sendKeys(findTestObject("ADMIN/Edit Text/Bespoke/Buyer Pages/Checkout Payment/input_BACK_btn_back"), "*"): Keys '*' sent to object: 'Object Repository/ADMIN/Edit Text/Bespoke/Buyer Pages/Checkout Payment/input_BACK_btn_back'

2020-03-20 14:20:33 - [MESSAGE][PASSED] - Keys '*' sent to object: 'Object Repository/ADMIN/Edit Text/Bespoke/Buyer Pages/Checkout Payment/input_BACK_btn_back'

2020-03-20 14:20:33 - [TEST_STEP][PASSED] - sendKeys(findTestObject("ADMIN/Edit Text/Bespoke/Buyer Pages/Checkout Payment/input_PAY NOW_btn_proceed_payment"), "*"): Keys '*' sent to object: 'Object Repository/ADMIN/Edit Text/Bespoke/Buyer Pages/Checkout Payment/input_PAY NOW_btn_proceed_payment'

2020-03-20 14:20:34 - [MESSAGE][PASSED] - Keys '*' sent to object: 'Object Repository/ADMIN/Edit Text/Bespoke/Buyer Pages/Checkout Payment/input_PAY NOW_btn_proceed_payment'

2020-03-20 14:20:34 - [TEST_STEP][PASSED] - click(findTestObject("ADMIN/Edit Text/Bespoke/Buyer Pages/Homepage/button_save"), CONTINUE_ON_FAILURE): Object: 'Object Repository/ADMIN/Edit Text/Bespoke/Buyer Pages/Homepage/button_save' is clicked on

2020-03-20 14:20:34 - [MESSAGE][PASSED] - Object: 'Object Repository/ADMIN/Edit Text/Bespoke/Buyer Pages/Homepage/button_save' is clicked on

2020-03-20 14:20:34 - [TEST_STEP][PASSED] - waitForElementVisible(findTestObject("ADMIN/Edit Text/Bespoke/Buyer Pages/Homepage/toaster_success"), 0): Object 'Object Repository/ADMIN/Edit Text/Bespoke/Buyer Pages/Homepage/toaster_success' is visible

2020-03-20 14:20:34 - [MESSAGE][WARNING] - Timeout '0' is invalid. Using default page load timeout: '30'

2020-03-20 14:20:34 - [MESSAGE][PASSED] - Object 'Object Repository/ADMIN/Edit Text/Bespoke/Buyer Pages/Homepage/toaster_success' is visible]]></system-out>
         <system-err><![CDATA[]]></system-err>
      </testcase>
      <testcase name="Test Cases/ADMIN/Language/Edit Text/Bespoke/Buyer Pages/Checkout Payment" time="4.971" classname="Test Cases/ADMIN/Language/Edit Text/Bespoke/Buyer Pages/Checkout Payment" status="PASSED">
         <system-out><![CDATA[2020-03-20 14:20:34 - [TEST_CASE][PASSED] - Test Cases/ADMIN/Language/Edit Text/Bespoke/Buyer Pages/Checkout Payment: Test Cases/ADMIN/Language/Edit Text/Bespoke/Buyer Pages/Checkout Payment

2020-03-20 14:20:34 - [TEST_STEP][PASSED] - waitForElementVisible(findTestObject("ADMIN/Edit Text/Bespoke/Buyer Navigation/dd_language"), 0): Object 'Object Repository/ADMIN/Edit Text/Bespoke/Buyer Navigation/dd_language' is visible

2020-03-20 14:20:34 - [MESSAGE][WARNING] - Timeout '0' is invalid. Using default page load timeout: '30'

2020-03-20 14:20:34 - [MESSAGE][PASSED] - Object 'Object Repository/ADMIN/Edit Text/Bespoke/Buyer Navigation/dd_language' is visible

2020-03-20 14:20:34 - [TEST_STEP][PASSED] - selectOptionByLabel(findTestObject("ADMIN/Edit Text/Bespoke/Buyer Navigation/dd_language"), varLanguage, false): All options with label 'Spanish' are selected in object 'Object Repository/ADMIN/Edit Text/Bespoke/Buyer Navigation/dd_language' 

2020-03-20 14:20:35 - [MESSAGE][PASSED] - All options with label 'Spanish' are selected in object 'Object Repository/ADMIN/Edit Text/Bespoke/Buyer Navigation/dd_language' 

2020-03-20 14:20:35 - [TEST_STEP][PASSED] - sendKeys(findTestObject("ADMIN/Edit Text/Bespoke/Buyer Pages/Checkout Payment/input_DELIVERY_tab-title"), "*"): Keys '*' sent to object: 'Object Repository/ADMIN/Edit Text/Bespoke/Buyer Pages/Checkout Payment/input_DELIVERY_tab-title'

2020-03-20 14:20:36 - [MESSAGE][PASSED] - Keys '*' sent to object: 'Object Repository/ADMIN/Edit Text/Bespoke/Buyer Pages/Checkout Payment/input_DELIVERY_tab-title'

2020-03-20 14:20:36 - [TEST_STEP][PASSED] - sendKeys(findTestObject("ADMIN/Edit Text/Bespoke/Buyer Pages/Checkout Payment/input_REVIEW_tab-title"), "*"): Keys '*' sent to object: 'Object Repository/ADMIN/Edit Text/Bespoke/Buyer Pages/Checkout Payment/input_REVIEW_tab-title'

2020-03-20 14:20:36 - [MESSAGE][PASSED] - Keys '*' sent to object: 'Object Repository/ADMIN/Edit Text/Bespoke/Buyer Pages/Checkout Payment/input_REVIEW_tab-title'

2020-03-20 14:20:36 - [TEST_STEP][PASSED] - sendKeys(findTestObject("ADMIN/Edit Text/Bespoke/Buyer Pages/Checkout Payment/input_PAY_tab-title"), "*"): Keys '*' sent to object: 'Object Repository/ADMIN/Edit Text/Bespoke/Buyer Pages/Checkout Payment/input_PAY_tab-title'

2020-03-20 14:20:36 - [MESSAGE][PASSED] - Keys '*' sent to object: 'Object Repository/ADMIN/Edit Text/Bespoke/Buyer Pages/Checkout Payment/input_PAY_tab-title'

2020-03-20 14:20:36 - [TEST_STEP][PASSED] - sendKeys(findTestObject("ADMIN/Edit Text/Bespoke/Buyer Pages/Checkout Payment/input_PAYMENT METHOD_delivery-address"), "*"): Keys '*' sent to object: 'Object Repository/ADMIN/Edit Text/Bespoke/Buyer Pages/Checkout Payment/input_PAYMENT METHOD_delivery-address'

2020-03-20 14:20:36 - [MESSAGE][PASSED] - Keys '*' sent to object: 'Object Repository/ADMIN/Edit Text/Bespoke/Buyer Pages/Checkout Payment/input_PAYMENT METHOD_delivery-address'

2020-03-20 14:20:36 - [TEST_STEP][PASSED] - sendKeys(findTestObject("ADMIN/Edit Text/Bespoke/Buyer Pages/Checkout Payment/input_ORDER SUMMARY_order-summary"), "*"): Keys '*' sent to object: 'Object Repository/ADMIN/Edit Text/Bespoke/Buyer Pages/Checkout Payment/input_ORDER SUMMARY_order-summary'

2020-03-20 14:20:36 - [MESSAGE][PASSED] - Keys '*' sent to object: 'Object Repository/ADMIN/Edit Text/Bespoke/Buyer Pages/Checkout Payment/input_ORDER SUMMARY_order-summary'

2020-03-20 14:20:36 - [TEST_STEP][PASSED] - sendKeys(findTestObject("ADMIN/Edit Text/Bespoke/Buyer Pages/Checkout Payment/textarea_Upon clicking the Pay Now button you will be re-directed to the Payment Gateway to continue with your transaction"), "*"): Keys '*' sent to object: 'Object Repository/ADMIN/Edit Text/Bespoke/Buyer Pages/Checkout Payment/textarea_Upon clicking the Pay Now button you will be re-directed to the Payment Gateway to continue with your transaction'

2020-03-20 14:20:37 - [MESSAGE][PASSED] - Keys '*' sent to object: 'Object Repository/ADMIN/Edit Text/Bespoke/Buyer Pages/Checkout Payment/textarea_Upon clicking the Pay Now button you will be re-directed to the Payment Gateway to continue with your transaction'

2020-03-20 14:20:37 - [TEST_STEP][PASSED] - sendKeys(findTestObject("ADMIN/Edit Text/Bespoke/Buyer Pages/Checkout Payment/input_Sub Total_cart-sub-total"), "*"): Keys '*' sent to object: 'Object Repository/ADMIN/Edit Text/Bespoke/Buyer Pages/Checkout Payment/input_Sub Total_cart-sub-total'

2020-03-20 14:20:37 - [MESSAGE][PASSED] - Keys '*' sent to object: 'Object Repository/ADMIN/Edit Text/Bespoke/Buyer Pages/Checkout Payment/input_Sub Total_cart-sub-total'

2020-03-20 14:20:37 - [TEST_STEP][PASSED] - sendKeys(findTestObject("ADMIN/Edit Text/Bespoke/Buyer Pages/Checkout Payment/input_Delivery Costs_cart-delivery-costs"), "*"): Keys '*' sent to object: 'Object Repository/ADMIN/Edit Text/Bespoke/Buyer Pages/Checkout Payment/input_Delivery Costs_cart-delivery-costs'

2020-03-20 14:20:37 - [MESSAGE][PASSED] - Keys '*' sent to object: 'Object Repository/ADMIN/Edit Text/Bespoke/Buyer Pages/Checkout Payment/input_Delivery Costs_cart-delivery-costs'

2020-03-20 14:20:37 - [TEST_STEP][PASSED] - sendKeys(findTestObject("ADMIN/Edit Text/Bespoke/Buyer Pages/Checkout Payment/input_Bulk Delivery Discount_cart-bulk-delivery-discount"), "*"): Keys '*' sent to object: 'Object Repository/ADMIN/Edit Text/Bespoke/Buyer Pages/Checkout Payment/input_Bulk Delivery Discount_cart-bulk-delivery-discount'

2020-03-20 14:20:37 - [MESSAGE][PASSED] - Keys '*' sent to object: 'Object Repository/ADMIN/Edit Text/Bespoke/Buyer Pages/Checkout Payment/input_Bulk Delivery Discount_cart-bulk-delivery-discount'

2020-03-20 14:20:37 - [TEST_STEP][PASSED] - sendKeys(findTestObject("ADMIN/Edit Text/Bespoke/Buyer Pages/Checkout Payment/input_TOTAL_cart-total"), "*"): Keys '*' sent to object: 'Object Repository/ADMIN/Edit Text/Bespoke/Buyer Pages/Checkout Payment/input_TOTAL_cart-total'

2020-03-20 14:20:38 - [MESSAGE][PASSED] - Keys '*' sent to object: 'Object Repository/ADMIN/Edit Text/Bespoke/Buyer Pages/Checkout Payment/input_TOTAL_cart-total'

2020-03-20 14:20:38 - [TEST_STEP][PASSED] - sendKeys(findTestObject("ADMIN/Edit Text/Bespoke/Buyer Pages/Checkout Payment/input_BACK_btn_back"), "*"): Keys '*' sent to object: 'Object Repository/ADMIN/Edit Text/Bespoke/Buyer Pages/Checkout Payment/input_BACK_btn_back'

2020-03-20 14:20:38 - [MESSAGE][PASSED] - Keys '*' sent to object: 'Object Repository/ADMIN/Edit Text/Bespoke/Buyer Pages/Checkout Payment/input_BACK_btn_back'

2020-03-20 14:20:38 - [TEST_STEP][PASSED] - sendKeys(findTestObject("ADMIN/Edit Text/Bespoke/Buyer Pages/Checkout Payment/input_PAY NOW_btn_proceed_payment"), "*"): Keys '*' sent to object: 'Object Repository/ADMIN/Edit Text/Bespoke/Buyer Pages/Checkout Payment/input_PAY NOW_btn_proceed_payment'

2020-03-20 14:20:38 - [MESSAGE][PASSED] - Keys '*' sent to object: 'Object Repository/ADMIN/Edit Text/Bespoke/Buyer Pages/Checkout Payment/input_PAY NOW_btn_proceed_payment'

2020-03-20 14:20:38 - [TEST_STEP][PASSED] - click(findTestObject("ADMIN/Edit Text/Bespoke/Buyer Pages/Homepage/button_save"), CONTINUE_ON_FAILURE): Object: 'Object Repository/ADMIN/Edit Text/Bespoke/Buyer Pages/Homepage/button_save' is clicked on

2020-03-20 14:20:38 - [MESSAGE][PASSED] - Object: 'Object Repository/ADMIN/Edit Text/Bespoke/Buyer Pages/Homepage/button_save' is clicked on

2020-03-20 14:20:38 - [TEST_STEP][PASSED] - waitForElementVisible(findTestObject("ADMIN/Edit Text/Bespoke/Buyer Pages/Homepage/toaster_success"), 0): Object 'Object Repository/ADMIN/Edit Text/Bespoke/Buyer Pages/Homepage/toaster_success' is visible

2020-03-20 14:20:38 - [MESSAGE][WARNING] - Timeout '0' is invalid. Using default page load timeout: '30'

2020-03-20 14:20:39 - [MESSAGE][PASSED] - Object 'Object Repository/ADMIN/Edit Text/Bespoke/Buyer Pages/Homepage/toaster_success' is visible]]></system-out>
         <system-err><![CDATA[]]></system-err>
      </testcase>
      <testcase name="Test Cases/ADMIN/Language/Edit Text/Bespoke/Buyer Pages/Checkout Payment" time="4.917" classname="Test Cases/ADMIN/Language/Edit Text/Bespoke/Buyer Pages/Checkout Payment" status="PASSED">
         <system-out><![CDATA[2020-03-20 14:20:39 - [TEST_CASE][PASSED] - Test Cases/ADMIN/Language/Edit Text/Bespoke/Buyer Pages/Checkout Payment: Test Cases/ADMIN/Language/Edit Text/Bespoke/Buyer Pages/Checkout Payment

2020-03-20 14:20:39 - [TEST_STEP][PASSED] - waitForElementVisible(findTestObject("ADMIN/Edit Text/Bespoke/Buyer Navigation/dd_language"), 0): Object 'Object Repository/ADMIN/Edit Text/Bespoke/Buyer Navigation/dd_language' is visible

2020-03-20 14:20:39 - [MESSAGE][WARNING] - Timeout '0' is invalid. Using default page load timeout: '30'

2020-03-20 14:20:39 - [MESSAGE][PASSED] - Object 'Object Repository/ADMIN/Edit Text/Bespoke/Buyer Navigation/dd_language' is visible

2020-03-20 14:20:39 - [TEST_STEP][PASSED] - selectOptionByLabel(findTestObject("ADMIN/Edit Text/Bespoke/Buyer Navigation/dd_language"), varLanguage, false): All options with label 'Hindi' are selected in object 'Object Repository/ADMIN/Edit Text/Bespoke/Buyer Navigation/dd_language' 

2020-03-20 14:20:40 - [MESSAGE][PASSED] - All options with label 'Hindi' are selected in object 'Object Repository/ADMIN/Edit Text/Bespoke/Buyer Navigation/dd_language' 

2020-03-20 14:20:40 - [TEST_STEP][PASSED] - sendKeys(findTestObject("ADMIN/Edit Text/Bespoke/Buyer Pages/Checkout Payment/input_DELIVERY_tab-title"), "*"): Keys '*' sent to object: 'Object Repository/ADMIN/Edit Text/Bespoke/Buyer Pages/Checkout Payment/input_DELIVERY_tab-title'

2020-03-20 14:20:41 - [MESSAGE][PASSED] - Keys '*' sent to object: 'Object Repository/ADMIN/Edit Text/Bespoke/Buyer Pages/Checkout Payment/input_DELIVERY_tab-title'

2020-03-20 14:20:41 - [TEST_STEP][PASSED] - sendKeys(findTestObject("ADMIN/Edit Text/Bespoke/Buyer Pages/Checkout Payment/input_REVIEW_tab-title"), "*"): Keys '*' sent to object: 'Object Repository/ADMIN/Edit Text/Bespoke/Buyer Pages/Checkout Payment/input_REVIEW_tab-title'

2020-03-20 14:20:41 - [MESSAGE][PASSED] - Keys '*' sent to object: 'Object Repository/ADMIN/Edit Text/Bespoke/Buyer Pages/Checkout Payment/input_REVIEW_tab-title'

2020-03-20 14:20:41 - [TEST_STEP][PASSED] - sendKeys(findTestObject("ADMIN/Edit Text/Bespoke/Buyer Pages/Checkout Payment/input_PAY_tab-title"), "*"): Keys '*' sent to object: 'Object Repository/ADMIN/Edit Text/Bespoke/Buyer Pages/Checkout Payment/input_PAY_tab-title'

2020-03-20 14:20:41 - [MESSAGE][PASSED] - Keys '*' sent to object: 'Object Repository/ADMIN/Edit Text/Bespoke/Buyer Pages/Checkout Payment/input_PAY_tab-title'

2020-03-20 14:20:41 - [TEST_STEP][PASSED] - sendKeys(findTestObject("ADMIN/Edit Text/Bespoke/Buyer Pages/Checkout Payment/input_PAYMENT METHOD_delivery-address"), "*"): Keys '*' sent to object: 'Object Repository/ADMIN/Edit Text/Bespoke/Buyer Pages/Checkout Payment/input_PAYMENT METHOD_delivery-address'

2020-03-20 14:20:41 - [MESSAGE][PASSED] - Keys '*' sent to object: 'Object Repository/ADMIN/Edit Text/Bespoke/Buyer Pages/Checkout Payment/input_PAYMENT METHOD_delivery-address'

2020-03-20 14:20:41 - [TEST_STEP][PASSED] - sendKeys(findTestObject("ADMIN/Edit Text/Bespoke/Buyer Pages/Checkout Payment/input_ORDER SUMMARY_order-summary"), "*"): Keys '*' sent to object: 'Object Repository/ADMIN/Edit Text/Bespoke/Buyer Pages/Checkout Payment/input_ORDER SUMMARY_order-summary'

2020-03-20 14:20:42 - [MESSAGE][PASSED] - Keys '*' sent to object: 'Object Repository/ADMIN/Edit Text/Bespoke/Buyer Pages/Checkout Payment/input_ORDER SUMMARY_order-summary'

2020-03-20 14:20:42 - [TEST_STEP][PASSED] - sendKeys(findTestObject("ADMIN/Edit Text/Bespoke/Buyer Pages/Checkout Payment/textarea_Upon clicking the Pay Now button you will be re-directed to the Payment Gateway to continue with your transaction"), "*"): Keys '*' sent to object: 'Object Repository/ADMIN/Edit Text/Bespoke/Buyer Pages/Checkout Payment/textarea_Upon clicking the Pay Now button you will be re-directed to the Payment Gateway to continue with your transaction'

2020-03-20 14:20:42 - [MESSAGE][PASSED] - Keys '*' sent to object: 'Object Repository/ADMIN/Edit Text/Bespoke/Buyer Pages/Checkout Payment/textarea_Upon clicking the Pay Now button you will be re-directed to the Payment Gateway to continue with your transaction'

2020-03-20 14:20:42 - [TEST_STEP][PASSED] - sendKeys(findTestObject("ADMIN/Edit Text/Bespoke/Buyer Pages/Checkout Payment/input_Sub Total_cart-sub-total"), "*"): Keys '*' sent to object: 'Object Repository/ADMIN/Edit Text/Bespoke/Buyer Pages/Checkout Payment/input_Sub Total_cart-sub-total'

2020-03-20 14:20:42 - [MESSAGE][PASSED] - Keys '*' sent to object: 'Object Repository/ADMIN/Edit Text/Bespoke/Buyer Pages/Checkout Payment/input_Sub Total_cart-sub-total'

2020-03-20 14:20:42 - [TEST_STEP][PASSED] - sendKeys(findTestObject("ADMIN/Edit Text/Bespoke/Buyer Pages/Checkout Payment/input_Delivery Costs_cart-delivery-costs"), "*"): Keys '*' sent to object: 'Object Repository/ADMIN/Edit Text/Bespoke/Buyer Pages/Checkout Payment/input_Delivery Costs_cart-delivery-costs'

2020-03-20 14:20:42 - [MESSAGE][PASSED] - Keys '*' sent to object: 'Object Repository/ADMIN/Edit Text/Bespoke/Buyer Pages/Checkout Payment/input_Delivery Costs_cart-delivery-costs'

2020-03-20 14:20:42 - [TEST_STEP][PASSED] - sendKeys(findTestObject("ADMIN/Edit Text/Bespoke/Buyer Pages/Checkout Payment/input_Bulk Delivery Discount_cart-bulk-delivery-discount"), "*"): Keys '*' sent to object: 'Object Repository/ADMIN/Edit Text/Bespoke/Buyer Pages/Checkout Payment/input_Bulk Delivery Discount_cart-bulk-delivery-discount'

2020-03-20 14:20:43 - [MESSAGE][PASSED] - Keys '*' sent to object: 'Object Repository/ADMIN/Edit Text/Bespoke/Buyer Pages/Checkout Payment/input_Bulk Delivery Discount_cart-bulk-delivery-discount'

2020-03-20 14:20:43 - [TEST_STEP][PASSED] - sendKeys(findTestObject("ADMIN/Edit Text/Bespoke/Buyer Pages/Checkout Payment/input_TOTAL_cart-total"), "*"): Keys '*' sent to object: 'Object Repository/ADMIN/Edit Text/Bespoke/Buyer Pages/Checkout Payment/input_TOTAL_cart-total'

2020-03-20 14:20:43 - [MESSAGE][PASSED] - Keys '*' sent to object: 'Object Repository/ADMIN/Edit Text/Bespoke/Buyer Pages/Checkout Payment/input_TOTAL_cart-total'

2020-03-20 14:20:43 - [TEST_STEP][PASSED] - sendKeys(findTestObject("ADMIN/Edit Text/Bespoke/Buyer Pages/Checkout Payment/input_BACK_btn_back"), "*"): Keys '*' sent to object: 'Object Repository/ADMIN/Edit Text/Bespoke/Buyer Pages/Checkout Payment/input_BACK_btn_back'

2020-03-20 14:20:43 - [MESSAGE][PASSED] - Keys '*' sent to object: 'Object Repository/ADMIN/Edit Text/Bespoke/Buyer Pages/Checkout Payment/input_BACK_btn_back'

2020-03-20 14:20:43 - [TEST_STEP][PASSED] - sendKeys(findTestObject("ADMIN/Edit Text/Bespoke/Buyer Pages/Checkout Payment/input_PAY NOW_btn_proceed_payment"), "*"): Keys '*' sent to object: 'Object Repository/ADMIN/Edit Text/Bespoke/Buyer Pages/Checkout Payment/input_PAY NOW_btn_proceed_payment'

2020-03-20 14:20:43 - [MESSAGE][PASSED] - Keys '*' sent to object: 'Object Repository/ADMIN/Edit Text/Bespoke/Buyer Pages/Checkout Payment/input_PAY NOW_btn_proceed_payment'

2020-03-20 14:20:43 - [TEST_STEP][PASSED] - click(findTestObject("ADMIN/Edit Text/Bespoke/Buyer Pages/Homepage/button_save"), CONTINUE_ON_FAILURE): Object: 'Object Repository/ADMIN/Edit Text/Bespoke/Buyer Pages/Homepage/button_save' is clicked on

2020-03-20 14:20:43 - [MESSAGE][PASSED] - Object: 'Object Repository/ADMIN/Edit Text/Bespoke/Buyer Pages/Homepage/button_save' is clicked on

2020-03-20 14:20:43 - [TEST_STEP][PASSED] - waitForElementVisible(findTestObject("ADMIN/Edit Text/Bespoke/Buyer Pages/Homepage/toaster_success"), 0): Object 'Object Repository/ADMIN/Edit Text/Bespoke/Buyer Pages/Homepage/toaster_success' is visible

2020-03-20 14:20:43 - [MESSAGE][WARNING] - Timeout '0' is invalid. Using default page load timeout: '30'

2020-03-20 14:20:44 - [MESSAGE][PASSED] - Object 'Object Repository/ADMIN/Edit Text/Bespoke/Buyer Pages/Homepage/toaster_success' is visible]]></system-out>
         <system-err><![CDATA[]]></system-err>
      </testcase>
      <testcase name="Test Cases/ADMIN/Language/Edit Text/Bespoke/Buyer Pages/Checkout Payment" time="5.161" classname="Test Cases/ADMIN/Language/Edit Text/Bespoke/Buyer Pages/Checkout Payment" status="PASSED">
         <system-out><![CDATA[2020-03-20 14:20:44 - [TEST_CASE][PASSED] - Test Cases/ADMIN/Language/Edit Text/Bespoke/Buyer Pages/Checkout Payment: Test Cases/ADMIN/Language/Edit Text/Bespoke/Buyer Pages/Checkout Payment

2020-03-20 14:20:44 - [TEST_STEP][PASSED] - waitForElementVisible(findTestObject("ADMIN/Edit Text/Bespoke/Buyer Navigation/dd_language"), 0): Object 'Object Repository/ADMIN/Edit Text/Bespoke/Buyer Navigation/dd_language' is visible

2020-03-20 14:20:44 - [MESSAGE][WARNING] - Timeout '0' is invalid. Using default page load timeout: '30'

2020-03-20 14:20:44 - [MESSAGE][PASSED] - Object 'Object Repository/ADMIN/Edit Text/Bespoke/Buyer Navigation/dd_language' is visible

2020-03-20 14:20:44 - [TEST_STEP][PASSED] - selectOptionByLabel(findTestObject("ADMIN/Edit Text/Bespoke/Buyer Navigation/dd_language"), varLanguage, false): All options with label 'German' are selected in object 'Object Repository/ADMIN/Edit Text/Bespoke/Buyer Navigation/dd_language' 

2020-03-20 14:20:46 - [MESSAGE][PASSED] - All options with label 'German' are selected in object 'Object Repository/ADMIN/Edit Text/Bespoke/Buyer Navigation/dd_language' 

2020-03-20 14:20:46 - [TEST_STEP][PASSED] - sendKeys(findTestObject("ADMIN/Edit Text/Bespoke/Buyer Pages/Checkout Payment/input_DELIVERY_tab-title"), "*"): Keys '*' sent to object: 'Object Repository/ADMIN/Edit Text/Bespoke/Buyer Pages/Checkout Payment/input_DELIVERY_tab-title'

2020-03-20 14:20:46 - [MESSAGE][PASSED] - Keys '*' sent to object: 'Object Repository/ADMIN/Edit Text/Bespoke/Buyer Pages/Checkout Payment/input_DELIVERY_tab-title'

2020-03-20 14:20:46 - [TEST_STEP][PASSED] - sendKeys(findTestObject("ADMIN/Edit Text/Bespoke/Buyer Pages/Checkout Payment/input_REVIEW_tab-title"), "*"): Keys '*' sent to object: 'Object Repository/ADMIN/Edit Text/Bespoke/Buyer Pages/Checkout Payment/input_REVIEW_tab-title'

2020-03-20 14:20:46 - [MESSAGE][PASSED] - Keys '*' sent to object: 'Object Repository/ADMIN/Edit Text/Bespoke/Buyer Pages/Checkout Payment/input_REVIEW_tab-title'

2020-03-20 14:20:46 - [TEST_STEP][PASSED] - sendKeys(findTestObject("ADMIN/Edit Text/Bespoke/Buyer Pages/Checkout Payment/input_PAY_tab-title"), "*"): Keys '*' sent to object: 'Object Repository/ADMIN/Edit Text/Bespoke/Buyer Pages/Checkout Payment/input_PAY_tab-title'

2020-03-20 14:20:46 - [MESSAGE][PASSED] - Keys '*' sent to object: 'Object Repository/ADMIN/Edit Text/Bespoke/Buyer Pages/Checkout Payment/input_PAY_tab-title'

2020-03-20 14:20:46 - [TEST_STEP][PASSED] - sendKeys(findTestObject("ADMIN/Edit Text/Bespoke/Buyer Pages/Checkout Payment/input_PAYMENT METHOD_delivery-address"), "*"): Keys '*' sent to object: 'Object Repository/ADMIN/Edit Text/Bespoke/Buyer Pages/Checkout Payment/input_PAYMENT METHOD_delivery-address'

2020-03-20 14:20:47 - [MESSAGE][PASSED] - Keys '*' sent to object: 'Object Repository/ADMIN/Edit Text/Bespoke/Buyer Pages/Checkout Payment/input_PAYMENT METHOD_delivery-address'

2020-03-20 14:20:47 - [TEST_STEP][PASSED] - sendKeys(findTestObject("ADMIN/Edit Text/Bespoke/Buyer Pages/Checkout Payment/input_ORDER SUMMARY_order-summary"), "*"): Keys '*' sent to object: 'Object Repository/ADMIN/Edit Text/Bespoke/Buyer Pages/Checkout Payment/input_ORDER SUMMARY_order-summary'

2020-03-20 14:20:47 - [MESSAGE][PASSED] - Keys '*' sent to object: 'Object Repository/ADMIN/Edit Text/Bespoke/Buyer Pages/Checkout Payment/input_ORDER SUMMARY_order-summary'

2020-03-20 14:20:47 - [TEST_STEP][PASSED] - sendKeys(findTestObject("ADMIN/Edit Text/Bespoke/Buyer Pages/Checkout Payment/textarea_Upon clicking the Pay Now button you will be re-directed to the Payment Gateway to continue with your transaction"), "*"): Keys '*' sent to object: 'Object Repository/ADMIN/Edit Text/Bespoke/Buyer Pages/Checkout Payment/textarea_Upon clicking the Pay Now button you will be re-directed to the Payment Gateway to continue with your transaction'

2020-03-20 14:20:47 - [MESSAGE][PASSED] - Keys '*' sent to object: 'Object Repository/ADMIN/Edit Text/Bespoke/Buyer Pages/Checkout Payment/textarea_Upon clicking the Pay Now button you will be re-directed to the Payment Gateway to continue with your transaction'

2020-03-20 14:20:47 - [TEST_STEP][PASSED] - sendKeys(findTestObject("ADMIN/Edit Text/Bespoke/Buyer Pages/Checkout Payment/input_Sub Total_cart-sub-total"), "*"): Keys '*' sent to object: 'Object Repository/ADMIN/Edit Text/Bespoke/Buyer Pages/Checkout Payment/input_Sub Total_cart-sub-total'

2020-03-20 14:20:47 - [MESSAGE][PASSED] - Keys '*' sent to object: 'Object Repository/ADMIN/Edit Text/Bespoke/Buyer Pages/Checkout Payment/input_Sub Total_cart-sub-total'

2020-03-20 14:20:47 - [TEST_STEP][PASSED] - sendKeys(findTestObject("ADMIN/Edit Text/Bespoke/Buyer Pages/Checkout Payment/input_Delivery Costs_cart-delivery-costs"), "*"): Keys '*' sent to object: 'Object Repository/ADMIN/Edit Text/Bespoke/Buyer Pages/Checkout Payment/input_Delivery Costs_cart-delivery-costs'

2020-03-20 14:20:47 - [MESSAGE][PASSED] - Keys '*' sent to object: 'Object Repository/ADMIN/Edit Text/Bespoke/Buyer Pages/Checkout Payment/input_Delivery Costs_cart-delivery-costs'

2020-03-20 14:20:47 - [TEST_STEP][PASSED] - sendKeys(findTestObject("ADMIN/Edit Text/Bespoke/Buyer Pages/Checkout Payment/input_Bulk Delivery Discount_cart-bulk-delivery-discount"), "*"): Keys '*' sent to object: 'Object Repository/ADMIN/Edit Text/Bespoke/Buyer Pages/Checkout Payment/input_Bulk Delivery Discount_cart-bulk-delivery-discount'

2020-03-20 14:20:47 - [MESSAGE][PASSED] - Keys '*' sent to object: 'Object Repository/ADMIN/Edit Text/Bespoke/Buyer Pages/Checkout Payment/input_Bulk Delivery Discount_cart-bulk-delivery-discount'

2020-03-20 14:20:47 - [TEST_STEP][PASSED] - sendKeys(findTestObject("ADMIN/Edit Text/Bespoke/Buyer Pages/Checkout Payment/input_TOTAL_cart-total"), "*"): Keys '*' sent to object: 'Object Repository/ADMIN/Edit Text/Bespoke/Buyer Pages/Checkout Payment/input_TOTAL_cart-total'

2020-03-20 14:20:48 - [MESSAGE][PASSED] - Keys '*' sent to object: 'Object Repository/ADMIN/Edit Text/Bespoke/Buyer Pages/Checkout Payment/input_TOTAL_cart-total'

2020-03-20 14:20:48 - [TEST_STEP][PASSED] - sendKeys(findTestObject("ADMIN/Edit Text/Bespoke/Buyer Pages/Checkout Payment/input_BACK_btn_back"), "*"): Keys '*' sent to object: 'Object Repository/ADMIN/Edit Text/Bespoke/Buyer Pages/Checkout Payment/input_BACK_btn_back'

2020-03-20 14:20:48 - [MESSAGE][PASSED] - Keys '*' sent to object: 'Object Repository/ADMIN/Edit Text/Bespoke/Buyer Pages/Checkout Payment/input_BACK_btn_back'

2020-03-20 14:20:48 - [TEST_STEP][PASSED] - sendKeys(findTestObject("ADMIN/Edit Text/Bespoke/Buyer Pages/Checkout Payment/input_PAY NOW_btn_proceed_payment"), "*"): Keys '*' sent to object: 'Object Repository/ADMIN/Edit Text/Bespoke/Buyer Pages/Checkout Payment/input_PAY NOW_btn_proceed_payment'

2020-03-20 14:20:48 - [MESSAGE][PASSED] - Keys '*' sent to object: 'Object Repository/ADMIN/Edit Text/Bespoke/Buyer Pages/Checkout Payment/input_PAY NOW_btn_proceed_payment'

2020-03-20 14:20:48 - [TEST_STEP][PASSED] - click(findTestObject("ADMIN/Edit Text/Bespoke/Buyer Pages/Homepage/button_save"), CONTINUE_ON_FAILURE): Object: 'Object Repository/ADMIN/Edit Text/Bespoke/Buyer Pages/Homepage/button_save' is clicked on

2020-03-20 14:20:48 - [MESSAGE][PASSED] - Object: 'Object Repository/ADMIN/Edit Text/Bespoke/Buyer Pages/Homepage/button_save' is clicked on

2020-03-20 14:20:48 - [TEST_STEP][PASSED] - waitForElementVisible(findTestObject("ADMIN/Edit Text/Bespoke/Buyer Pages/Homepage/toaster_success"), 0): Object 'Object Repository/ADMIN/Edit Text/Bespoke/Buyer Pages/Homepage/toaster_success' is visible

2020-03-20 14:20:48 - [MESSAGE][WARNING] - Timeout '0' is invalid. Using default page load timeout: '30'

2020-03-20 14:20:49 - [MESSAGE][PASSED] - Object 'Object Repository/ADMIN/Edit Text/Bespoke/Buyer Pages/Homepage/toaster_success' is visible]]></system-out>
         <system-err><![CDATA[]]></system-err>
      </testcase>
      <testcase name="Test Cases/ADMIN/Language/Edit Text/Bespoke/Buyer Pages/Checkout Payment" time="5.521" classname="Test Cases/ADMIN/Language/Edit Text/Bespoke/Buyer Pages/Checkout Payment" status="PASSED">
         <system-out><![CDATA[2020-03-20 14:20:49 - [TEST_CASE][PASSED] - Test Cases/ADMIN/Language/Edit Text/Bespoke/Buyer Pages/Checkout Payment: Test Cases/ADMIN/Language/Edit Text/Bespoke/Buyer Pages/Checkout Payment

2020-03-20 14:20:49 - [TEST_STEP][PASSED] - waitForElementVisible(findTestObject("ADMIN/Edit Text/Bespoke/Buyer Navigation/dd_language"), 0): Object 'Object Repository/ADMIN/Edit Text/Bespoke/Buyer Navigation/dd_language' is visible

2020-03-20 14:20:49 - [MESSAGE][WARNING] - Timeout '0' is invalid. Using default page load timeout: '30'

2020-03-20 14:20:49 - [MESSAGE][PASSED] - Object 'Object Repository/ADMIN/Edit Text/Bespoke/Buyer Navigation/dd_language' is visible

2020-03-20 14:20:49 - [TEST_STEP][PASSED] - selectOptionByLabel(findTestObject("ADMIN/Edit Text/Bespoke/Buyer Navigation/dd_language"), varLanguage, false): All options with label 'Japanese' are selected in object 'Object Repository/ADMIN/Edit Text/Bespoke/Buyer Navigation/dd_language' 

2020-03-20 14:20:51 - [MESSAGE][PASSED] - All options with label 'Japanese' are selected in object 'Object Repository/ADMIN/Edit Text/Bespoke/Buyer Navigation/dd_language' 

2020-03-20 14:20:51 - [TEST_STEP][PASSED] - sendKeys(findTestObject("ADMIN/Edit Text/Bespoke/Buyer Pages/Checkout Payment/input_DELIVERY_tab-title"), "*"): Keys '*' sent to object: 'Object Repository/ADMIN/Edit Text/Bespoke/Buyer Pages/Checkout Payment/input_DELIVERY_tab-title'

2020-03-20 14:20:51 - [MESSAGE][PASSED] - Keys '*' sent to object: 'Object Repository/ADMIN/Edit Text/Bespoke/Buyer Pages/Checkout Payment/input_DELIVERY_tab-title'

2020-03-20 14:20:51 - [TEST_STEP][PASSED] - sendKeys(findTestObject("ADMIN/Edit Text/Bespoke/Buyer Pages/Checkout Payment/input_REVIEW_tab-title"), "*"): Keys '*' sent to object: 'Object Repository/ADMIN/Edit Text/Bespoke/Buyer Pages/Checkout Payment/input_REVIEW_tab-title'

2020-03-20 14:20:51 - [MESSAGE][PASSED] - Keys '*' sent to object: 'Object Repository/ADMIN/Edit Text/Bespoke/Buyer Pages/Checkout Payment/input_REVIEW_tab-title'

2020-03-20 14:20:51 - [TEST_STEP][PASSED] - sendKeys(findTestObject("ADMIN/Edit Text/Bespoke/Buyer Pages/Checkout Payment/input_PAY_tab-title"), "*"): Keys '*' sent to object: 'Object Repository/ADMIN/Edit Text/Bespoke/Buyer Pages/Checkout Payment/input_PAY_tab-title'

2020-03-20 14:20:51 - [MESSAGE][PASSED] - Keys '*' sent to object: 'Object Repository/ADMIN/Edit Text/Bespoke/Buyer Pages/Checkout Payment/input_PAY_tab-title'

2020-03-20 14:20:51 - [TEST_STEP][PASSED] - sendKeys(findTestObject("ADMIN/Edit Text/Bespoke/Buyer Pages/Checkout Payment/input_PAYMENT METHOD_delivery-address"), "*"): Keys '*' sent to object: 'Object Repository/ADMIN/Edit Text/Bespoke/Buyer Pages/Checkout Payment/input_PAYMENT METHOD_delivery-address'

2020-03-20 14:20:52 - [MESSAGE][PASSED] - Keys '*' sent to object: 'Object Repository/ADMIN/Edit Text/Bespoke/Buyer Pages/Checkout Payment/input_PAYMENT METHOD_delivery-address'

2020-03-20 14:20:52 - [TEST_STEP][PASSED] - sendKeys(findTestObject("ADMIN/Edit Text/Bespoke/Buyer Pages/Checkout Payment/input_ORDER SUMMARY_order-summary"), "*"): Keys '*' sent to object: 'Object Repository/ADMIN/Edit Text/Bespoke/Buyer Pages/Checkout Payment/input_ORDER SUMMARY_order-summary'

2020-03-20 14:20:52 - [MESSAGE][PASSED] - Keys '*' sent to object: 'Object Repository/ADMIN/Edit Text/Bespoke/Buyer Pages/Checkout Payment/input_ORDER SUMMARY_order-summary'

2020-03-20 14:20:52 - [TEST_STEP][PASSED] - sendKeys(findTestObject("ADMIN/Edit Text/Bespoke/Buyer Pages/Checkout Payment/textarea_Upon clicking the Pay Now button you will be re-directed to the Payment Gateway to continue with your transaction"), "*"): Keys '*' sent to object: 'Object Repository/ADMIN/Edit Text/Bespoke/Buyer Pages/Checkout Payment/textarea_Upon clicking the Pay Now button you will be re-directed to the Payment Gateway to continue with your transaction'

2020-03-20 14:20:52 - [MESSAGE][PASSED] - Keys '*' sent to object: 'Object Repository/ADMIN/Edit Text/Bespoke/Buyer Pages/Checkout Payment/textarea_Upon clicking the Pay Now button you will be re-directed to the Payment Gateway to continue with your transaction'

2020-03-20 14:20:52 - [TEST_STEP][PASSED] - sendKeys(findTestObject("ADMIN/Edit Text/Bespoke/Buyer Pages/Checkout Payment/input_Sub Total_cart-sub-total"), "*"): Keys '*' sent to object: 'Object Repository/ADMIN/Edit Text/Bespoke/Buyer Pages/Checkout Payment/input_Sub Total_cart-sub-total'

2020-03-20 14:20:52 - [MESSAGE][PASSED] - Keys '*' sent to object: 'Object Repository/ADMIN/Edit Text/Bespoke/Buyer Pages/Checkout Payment/input_Sub Total_cart-sub-total'

2020-03-20 14:20:52 - [TEST_STEP][PASSED] - sendKeys(findTestObject("ADMIN/Edit Text/Bespoke/Buyer Pages/Checkout Payment/input_Delivery Costs_cart-delivery-costs"), "*"): Keys '*' sent to object: 'Object Repository/ADMIN/Edit Text/Bespoke/Buyer Pages/Checkout Payment/input_Delivery Costs_cart-delivery-costs'

2020-03-20 14:20:53 - [MESSAGE][PASSED] - Keys '*' sent to object: 'Object Repository/ADMIN/Edit Text/Bespoke/Buyer Pages/Checkout Payment/input_Delivery Costs_cart-delivery-costs'

2020-03-20 14:20:53 - [TEST_STEP][PASSED] - sendKeys(findTestObject("ADMIN/Edit Text/Bespoke/Buyer Pages/Checkout Payment/input_Bulk Delivery Discount_cart-bulk-delivery-discount"), "*"): Keys '*' sent to object: 'Object Repository/ADMIN/Edit Text/Bespoke/Buyer Pages/Checkout Payment/input_Bulk Delivery Discount_cart-bulk-delivery-discount'

2020-03-20 14:20:53 - [MESSAGE][PASSED] - Keys '*' sent to object: 'Object Repository/ADMIN/Edit Text/Bespoke/Buyer Pages/Checkout Payment/input_Bulk Delivery Discount_cart-bulk-delivery-discount'

2020-03-20 14:20:53 - [TEST_STEP][PASSED] - sendKeys(findTestObject("ADMIN/Edit Text/Bespoke/Buyer Pages/Checkout Payment/input_TOTAL_cart-total"), "*"): Keys '*' sent to object: 'Object Repository/ADMIN/Edit Text/Bespoke/Buyer Pages/Checkout Payment/input_TOTAL_cart-total'

2020-03-20 14:20:53 - [MESSAGE][PASSED] - Keys '*' sent to object: 'Object Repository/ADMIN/Edit Text/Bespoke/Buyer Pages/Checkout Payment/input_TOTAL_cart-total'

2020-03-20 14:20:53 - [TEST_STEP][PASSED] - sendKeys(findTestObject("ADMIN/Edit Text/Bespoke/Buyer Pages/Checkout Payment/input_BACK_btn_back"), "*"): Keys '*' sent to object: 'Object Repository/ADMIN/Edit Text/Bespoke/Buyer Pages/Checkout Payment/input_BACK_btn_back'

2020-03-20 14:20:53 - [MESSAGE][PASSED] - Keys '*' sent to object: 'Object Repository/ADMIN/Edit Text/Bespoke/Buyer Pages/Checkout Payment/input_BACK_btn_back'

2020-03-20 14:20:53 - [TEST_STEP][PASSED] - sendKeys(findTestObject("ADMIN/Edit Text/Bespoke/Buyer Pages/Checkout Payment/input_PAY NOW_btn_proceed_payment"), "*"): Keys '*' sent to object: 'Object Repository/ADMIN/Edit Text/Bespoke/Buyer Pages/Checkout Payment/input_PAY NOW_btn_proceed_payment'

2020-03-20 14:20:54 - [MESSAGE][PASSED] - Keys '*' sent to object: 'Object Repository/ADMIN/Edit Text/Bespoke/Buyer Pages/Checkout Payment/input_PAY NOW_btn_proceed_payment'

2020-03-20 14:20:54 - [TEST_STEP][PASSED] - click(findTestObject("ADMIN/Edit Text/Bespoke/Buyer Pages/Homepage/button_save"), CONTINUE_ON_FAILURE): Object: 'Object Repository/ADMIN/Edit Text/Bespoke/Buyer Pages/Homepage/button_save' is clicked on

2020-03-20 14:20:54 - [MESSAGE][PASSED] - Object: 'Object Repository/ADMIN/Edit Text/Bespoke/Buyer Pages/Homepage/button_save' is clicked on

2020-03-20 14:20:54 - [TEST_STEP][PASSED] - waitForElementVisible(findTestObject("ADMIN/Edit Text/Bespoke/Buyer Pages/Homepage/toaster_success"), 0): Object 'Object Repository/ADMIN/Edit Text/Bespoke/Buyer Pages/Homepage/toaster_success' is visible

2020-03-20 14:20:54 - [MESSAGE][WARNING] - Timeout '0' is invalid. Using default page load timeout: '30'

2020-03-20 14:20:55 - [MESSAGE][PASSED] - Object 'Object Repository/ADMIN/Edit Text/Bespoke/Buyer Pages/Homepage/toaster_success' is visible]]></system-out>
         <system-err><![CDATA[]]></system-err>
      </testcase>
      <testcase name="Test Cases/ADMIN/Language/Edit Text/Bespoke/Buyer Pages/Checkout Payment" time="4.856" classname="Test Cases/ADMIN/Language/Edit Text/Bespoke/Buyer Pages/Checkout Payment" status="PASSED">
         <system-out><![CDATA[2020-03-20 14:20:55 - [TEST_CASE][PASSED] - Test Cases/ADMIN/Language/Edit Text/Bespoke/Buyer Pages/Checkout Payment: Test Cases/ADMIN/Language/Edit Text/Bespoke/Buyer Pages/Checkout Payment

2020-03-20 14:20:55 - [TEST_STEP][PASSED] - waitForElementVisible(findTestObject("ADMIN/Edit Text/Bespoke/Buyer Navigation/dd_language"), 0): Object 'Object Repository/ADMIN/Edit Text/Bespoke/Buyer Navigation/dd_language' is visible

2020-03-20 14:20:55 - [MESSAGE][WARNING] - Timeout '0' is invalid. Using default page load timeout: '30'

2020-03-20 14:20:55 - [MESSAGE][PASSED] - Object 'Object Repository/ADMIN/Edit Text/Bespoke/Buyer Navigation/dd_language' is visible

2020-03-20 14:20:55 - [TEST_STEP][PASSED] - selectOptionByLabel(findTestObject("ADMIN/Edit Text/Bespoke/Buyer Navigation/dd_language"), varLanguage, false): All options with label 'Chinese (Traditional)' are selected in object 'Object Repository/ADMIN/Edit Text/Bespoke/Buyer Navigation/dd_language' 

2020-03-20 14:20:56 - [MESSAGE][PASSED] - All options with label 'Chinese (Traditional)' are selected in object 'Object Repository/ADMIN/Edit Text/Bespoke/Buyer Navigation/dd_language' 

2020-03-20 14:20:56 - [TEST_STEP][PASSED] - sendKeys(findTestObject("ADMIN/Edit Text/Bespoke/Buyer Pages/Checkout Payment/input_DELIVERY_tab-title"), "*"): Keys '*' sent to object: 'Object Repository/ADMIN/Edit Text/Bespoke/Buyer Pages/Checkout Payment/input_DELIVERY_tab-title'

2020-03-20 14:20:56 - [MESSAGE][PASSED] - Keys '*' sent to object: 'Object Repository/ADMIN/Edit Text/Bespoke/Buyer Pages/Checkout Payment/input_DELIVERY_tab-title'

2020-03-20 14:20:56 - [TEST_STEP][PASSED] - sendKeys(findTestObject("ADMIN/Edit Text/Bespoke/Buyer Pages/Checkout Payment/input_REVIEW_tab-title"), "*"): Keys '*' sent to object: 'Object Repository/ADMIN/Edit Text/Bespoke/Buyer Pages/Checkout Payment/input_REVIEW_tab-title'

2020-03-20 14:20:56 - [MESSAGE][PASSED] - Keys '*' sent to object: 'Object Repository/ADMIN/Edit Text/Bespoke/Buyer Pages/Checkout Payment/input_REVIEW_tab-title'

2020-03-20 14:20:56 - [TEST_STEP][PASSED] - sendKeys(findTestObject("ADMIN/Edit Text/Bespoke/Buyer Pages/Checkout Payment/input_PAY_tab-title"), "*"): Keys '*' sent to object: 'Object Repository/ADMIN/Edit Text/Bespoke/Buyer Pages/Checkout Payment/input_PAY_tab-title'

2020-03-20 14:20:56 - [MESSAGE][PASSED] - Keys '*' sent to object: 'Object Repository/ADMIN/Edit Text/Bespoke/Buyer Pages/Checkout Payment/input_PAY_tab-title'

2020-03-20 14:20:56 - [TEST_STEP][PASSED] - sendKeys(findTestObject("ADMIN/Edit Text/Bespoke/Buyer Pages/Checkout Payment/input_PAYMENT METHOD_delivery-address"), "*"): Keys '*' sent to object: 'Object Repository/ADMIN/Edit Text/Bespoke/Buyer Pages/Checkout Payment/input_PAYMENT METHOD_delivery-address'

2020-03-20 14:20:57 - [MESSAGE][PASSED] - Keys '*' sent to object: 'Object Repository/ADMIN/Edit Text/Bespoke/Buyer Pages/Checkout Payment/input_PAYMENT METHOD_delivery-address'

2020-03-20 14:20:57 - [TEST_STEP][PASSED] - sendKeys(findTestObject("ADMIN/Edit Text/Bespoke/Buyer Pages/Checkout Payment/input_ORDER SUMMARY_order-summary"), "*"): Keys '*' sent to object: 'Object Repository/ADMIN/Edit Text/Bespoke/Buyer Pages/Checkout Payment/input_ORDER SUMMARY_order-summary'

2020-03-20 14:20:57 - [MESSAGE][PASSED] - Keys '*' sent to object: 'Object Repository/ADMIN/Edit Text/Bespoke/Buyer Pages/Checkout Payment/input_ORDER SUMMARY_order-summary'

2020-03-20 14:20:57 - [TEST_STEP][PASSED] - sendKeys(findTestObject("ADMIN/Edit Text/Bespoke/Buyer Pages/Checkout Payment/textarea_Upon clicking the Pay Now button you will be re-directed to the Payment Gateway to continue with your transaction"), "*"): Keys '*' sent to object: 'Object Repository/ADMIN/Edit Text/Bespoke/Buyer Pages/Checkout Payment/textarea_Upon clicking the Pay Now button you will be re-directed to the Payment Gateway to continue with your transaction'

2020-03-20 14:20:57 - [MESSAGE][PASSED] - Keys '*' sent to object: 'Object Repository/ADMIN/Edit Text/Bespoke/Buyer Pages/Checkout Payment/textarea_Upon clicking the Pay Now button you will be re-directed to the Payment Gateway to continue with your transaction'

2020-03-20 14:20:57 - [TEST_STEP][PASSED] - sendKeys(findTestObject("ADMIN/Edit Text/Bespoke/Buyer Pages/Checkout Payment/input_Sub Total_cart-sub-total"), "*"): Keys '*' sent to object: 'Object Repository/ADMIN/Edit Text/Bespoke/Buyer Pages/Checkout Payment/input_Sub Total_cart-sub-total'

2020-03-20 14:20:57 - [MESSAGE][PASSED] - Keys '*' sent to object: 'Object Repository/ADMIN/Edit Text/Bespoke/Buyer Pages/Checkout Payment/input_Sub Total_cart-sub-total'

2020-03-20 14:20:57 - [TEST_STEP][PASSED] - sendKeys(findTestObject("ADMIN/Edit Text/Bespoke/Buyer Pages/Checkout Payment/input_Delivery Costs_cart-delivery-costs"), "*"): Keys '*' sent to object: 'Object Repository/ADMIN/Edit Text/Bespoke/Buyer Pages/Checkout Payment/input_Delivery Costs_cart-delivery-costs'

2020-03-20 14:20:58 - [MESSAGE][PASSED] - Keys '*' sent to object: 'Object Repository/ADMIN/Edit Text/Bespoke/Buyer Pages/Checkout Payment/input_Delivery Costs_cart-delivery-costs'

2020-03-20 14:20:58 - [TEST_STEP][PASSED] - sendKeys(findTestObject("ADMIN/Edit Text/Bespoke/Buyer Pages/Checkout Payment/input_Bulk Delivery Discount_cart-bulk-delivery-discount"), "*"): Keys '*' sent to object: 'Object Repository/ADMIN/Edit Text/Bespoke/Buyer Pages/Checkout Payment/input_Bulk Delivery Discount_cart-bulk-delivery-discount'

2020-03-20 14:20:58 - [MESSAGE][PASSED] - Keys '*' sent to object: 'Object Repository/ADMIN/Edit Text/Bespoke/Buyer Pages/Checkout Payment/input_Bulk Delivery Discount_cart-bulk-delivery-discount'

2020-03-20 14:20:58 - [TEST_STEP][PASSED] - sendKeys(findTestObject("ADMIN/Edit Text/Bespoke/Buyer Pages/Checkout Payment/input_TOTAL_cart-total"), "*"): Keys '*' sent to object: 'Object Repository/ADMIN/Edit Text/Bespoke/Buyer Pages/Checkout Payment/input_TOTAL_cart-total'

2020-03-20 14:20:58 - [MESSAGE][PASSED] - Keys '*' sent to object: 'Object Repository/ADMIN/Edit Text/Bespoke/Buyer Pages/Checkout Payment/input_TOTAL_cart-total'

2020-03-20 14:20:58 - [TEST_STEP][PASSED] - sendKeys(findTestObject("ADMIN/Edit Text/Bespoke/Buyer Pages/Checkout Payment/input_BACK_btn_back"), "*"): Keys '*' sent to object: 'Object Repository/ADMIN/Edit Text/Bespoke/Buyer Pages/Checkout Payment/input_BACK_btn_back'

2020-03-20 14:20:58 - [MESSAGE][PASSED] - Keys '*' sent to object: 'Object Repository/ADMIN/Edit Text/Bespoke/Buyer Pages/Checkout Payment/input_BACK_btn_back'

2020-03-20 14:20:58 - [TEST_STEP][PASSED] - sendKeys(findTestObject("ADMIN/Edit Text/Bespoke/Buyer Pages/Checkout Payment/input_PAY NOW_btn_proceed_payment"), "*"): Keys '*' sent to object: 'Object Repository/ADMIN/Edit Text/Bespoke/Buyer Pages/Checkout Payment/input_PAY NOW_btn_proceed_payment'

2020-03-20 14:20:59 - [MESSAGE][PASSED] - Keys '*' sent to object: 'Object Repository/ADMIN/Edit Text/Bespoke/Buyer Pages/Checkout Payment/input_PAY NOW_btn_proceed_payment'

2020-03-20 14:20:59 - [TEST_STEP][PASSED] - click(findTestObject("ADMIN/Edit Text/Bespoke/Buyer Pages/Homepage/button_save"), CONTINUE_ON_FAILURE): Object: 'Object Repository/ADMIN/Edit Text/Bespoke/Buyer Pages/Homepage/button_save' is clicked on

2020-03-20 14:20:59 - [MESSAGE][PASSED] - Object: 'Object Repository/ADMIN/Edit Text/Bespoke/Buyer Pages/Homepage/button_save' is clicked on

2020-03-20 14:20:59 - [TEST_STEP][PASSED] - waitForElementVisible(findTestObject("ADMIN/Edit Text/Bespoke/Buyer Pages/Homepage/toaster_success"), 0): Object 'Object Repository/ADMIN/Edit Text/Bespoke/Buyer Pages/Homepage/toaster_success' is visible

2020-03-20 14:20:59 - [MESSAGE][WARNING] - Timeout '0' is invalid. Using default page load timeout: '30'

2020-03-20 14:21:00 - [MESSAGE][PASSED] - Object 'Object Repository/ADMIN/Edit Text/Bespoke/Buyer Pages/Homepage/toaster_success' is visible]]></system-out>
         <system-err><![CDATA[]]></system-err>
      </testcase>
      <testcase name="Test Cases/ADMIN/Language/Edit Text/Bespoke/Buyer Pages/Checkout Payment" time="3.308" classname="Test Cases/ADMIN/Language/Edit Text/Bespoke/Buyer Pages/Checkout Payment" status="PASSED">
         <system-out><![CDATA[2020-03-20 14:21:00 - [TEST_CASE][PASSED] - Test Cases/ADMIN/Language/Edit Text/Bespoke/Buyer Pages/Checkout Payment: Test Cases/ADMIN/Language/Edit Text/Bespoke/Buyer Pages/Checkout Payment

2020-03-20 14:21:00 - [TEST_STEP][PASSED] - waitForElementVisible(findTestObject("ADMIN/Edit Text/Bespoke/Buyer Navigation/dd_language"), 0): Object 'Object Repository/ADMIN/Edit Text/Bespoke/Buyer Navigation/dd_language' is visible

2020-03-20 14:21:00 - [MESSAGE][WARNING] - Timeout '0' is invalid. Using default page load timeout: '30'

2020-03-20 14:21:00 - [MESSAGE][PASSED] - Object 'Object Repository/ADMIN/Edit Text/Bespoke/Buyer Navigation/dd_language' is visible

2020-03-20 14:21:00 - [TEST_STEP][PASSED] - selectOptionByLabel(findTestObject("ADMIN/Edit Text/Bespoke/Buyer Navigation/dd_language"), varLanguage, false): All options with label 'Portuguese' are selected in object 'Object Repository/ADMIN/Edit Text/Bespoke/Buyer Navigation/dd_language' 

2020-03-20 14:21:01 - [MESSAGE][PASSED] - All options with label 'Portuguese' are selected in object 'Object Repository/ADMIN/Edit Text/Bespoke/Buyer Navigation/dd_language' 

2020-03-20 14:21:01 - [TEST_STEP][PASSED] - sendKeys(findTestObject("ADMIN/Edit Text/Bespoke/Buyer Pages/Checkout Payment/input_DELIVERY_tab-title"), "*"): Keys '*' sent to object: 'Object Repository/ADMIN/Edit Text/Bespoke/Buyer Pages/Checkout Payment/input_DELIVERY_tab-title'

2020-03-20 14:21:01 - [MESSAGE][PASSED] - Keys '*' sent to object: 'Object Repository/ADMIN/Edit Text/Bespoke/Buyer Pages/Checkout Payment/input_DELIVERY_tab-title'

2020-03-20 14:21:01 - [TEST_STEP][PASSED] - sendKeys(findTestObject("ADMIN/Edit Text/Bespoke/Buyer Pages/Checkout Payment/input_REVIEW_tab-title"), "*"): Keys '*' sent to object: 'Object Repository/ADMIN/Edit Text/Bespoke/Buyer Pages/Checkout Payment/input_REVIEW_tab-title'

2020-03-20 14:21:01 - [MESSAGE][PASSED] - Keys '*' sent to object: 'Object Repository/ADMIN/Edit Text/Bespoke/Buyer Pages/Checkout Payment/input_REVIEW_tab-title'

2020-03-20 14:21:01 - [TEST_STEP][PASSED] - sendKeys(findTestObject("ADMIN/Edit Text/Bespoke/Buyer Pages/Checkout Payment/input_PAY_tab-title"), "*"): Keys '*' sent to object: 'Object Repository/ADMIN/Edit Text/Bespoke/Buyer Pages/Checkout Payment/input_PAY_tab-title'

2020-03-20 14:21:01 - [MESSAGE][PASSED] - Keys '*' sent to object: 'Object Repository/ADMIN/Edit Text/Bespoke/Buyer Pages/Checkout Payment/input_PAY_tab-title'

2020-03-20 14:21:01 - [TEST_STEP][PASSED] - sendKeys(findTestObject("ADMIN/Edit Text/Bespoke/Buyer Pages/Checkout Payment/input_PAYMENT METHOD_delivery-address"), "*"): Keys '*' sent to object: 'Object Repository/ADMIN/Edit Text/Bespoke/Buyer Pages/Checkout Payment/input_PAYMENT METHOD_delivery-address'

2020-03-20 14:21:01 - [MESSAGE][PASSED] - Keys '*' sent to object: 'Object Repository/ADMIN/Edit Text/Bespoke/Buyer Pages/Checkout Payment/input_PAYMENT METHOD_delivery-address'

2020-03-20 14:21:01 - [TEST_STEP][PASSED] - sendKeys(findTestObject("ADMIN/Edit Text/Bespoke/Buyer Pages/Checkout Payment/input_ORDER SUMMARY_order-summary"), "*"): Keys '*' sent to object: 'Object Repository/ADMIN/Edit Text/Bespoke/Buyer Pages/Checkout Payment/input_ORDER SUMMARY_order-summary'

2020-03-20 14:21:02 - [MESSAGE][PASSED] - Keys '*' sent to object: 'Object Repository/ADMIN/Edit Text/Bespoke/Buyer Pages/Checkout Payment/input_ORDER SUMMARY_order-summary'

2020-03-20 14:21:02 - [TEST_STEP][PASSED] - sendKeys(findTestObject("ADMIN/Edit Text/Bespoke/Buyer Pages/Checkout Payment/textarea_Upon clicking the Pay Now button you will be re-directed to the Payment Gateway to continue with your transaction"), "*"): Keys '*' sent to object: 'Object Repository/ADMIN/Edit Text/Bespoke/Buyer Pages/Checkout Payment/textarea_Upon clicking the Pay Now button you will be re-directed to the Payment Gateway to continue with your transaction'

2020-03-20 14:21:02 - [MESSAGE][PASSED] - Keys '*' sent to object: 'Object Repository/ADMIN/Edit Text/Bespoke/Buyer Pages/Checkout Payment/textarea_Upon clicking the Pay Now button you will be re-directed to the Payment Gateway to continue with your transaction'

2020-03-20 14:21:02 - [TEST_STEP][PASSED] - sendKeys(findTestObject("ADMIN/Edit Text/Bespoke/Buyer Pages/Checkout Payment/input_Sub Total_cart-sub-total"), "*"): Keys '*' sent to object: 'Object Repository/ADMIN/Edit Text/Bespoke/Buyer Pages/Checkout Payment/input_Sub Total_cart-sub-total'

2020-03-20 14:21:02 - [MESSAGE][PASSED] - Keys '*' sent to object: 'Object Repository/ADMIN/Edit Text/Bespoke/Buyer Pages/Checkout Payment/input_Sub Total_cart-sub-total'

2020-03-20 14:21:02 - [TEST_STEP][PASSED] - sendKeys(findTestObject("ADMIN/Edit Text/Bespoke/Buyer Pages/Checkout Payment/input_Delivery Costs_cart-delivery-costs"), "*"): Keys '*' sent to object: 'Object Repository/ADMIN/Edit Text/Bespoke/Buyer Pages/Checkout Payment/input_Delivery Costs_cart-delivery-costs'

2020-03-20 14:21:02 - [MESSAGE][PASSED] - Keys '*' sent to object: 'Object Repository/ADMIN/Edit Text/Bespoke/Buyer Pages/Checkout Payment/input_Delivery Costs_cart-delivery-costs'

2020-03-20 14:21:02 - [TEST_STEP][PASSED] - sendKeys(findTestObject("ADMIN/Edit Text/Bespoke/Buyer Pages/Checkout Payment/input_Bulk Delivery Discount_cart-bulk-delivery-discount"), "*"): Keys '*' sent to object: 'Object Repository/ADMIN/Edit Text/Bespoke/Buyer Pages/Checkout Payment/input_Bulk Delivery Discount_cart-bulk-delivery-discount'

2020-03-20 14:21:02 - [MESSAGE][PASSED] - Keys '*' sent to object: 'Object Repository/ADMIN/Edit Text/Bespoke/Buyer Pages/Checkout Payment/input_Bulk Delivery Discount_cart-bulk-delivery-discount'

2020-03-20 14:21:02 - [TEST_STEP][PASSED] - sendKeys(findTestObject("ADMIN/Edit Text/Bespoke/Buyer Pages/Checkout Payment/input_TOTAL_cart-total"), "*"): Keys '*' sent to object: 'Object Repository/ADMIN/Edit Text/Bespoke/Buyer Pages/Checkout Payment/input_TOTAL_cart-total'

2020-03-20 14:21:02 - [MESSAGE][PASSED] - Keys '*' sent to object: 'Object Repository/ADMIN/Edit Text/Bespoke/Buyer Pages/Checkout Payment/input_TOTAL_cart-total'

2020-03-20 14:21:02 - [TEST_STEP][PASSED] - sendKeys(findTestObject("ADMIN/Edit Text/Bespoke/Buyer Pages/Checkout Payment/input_BACK_btn_back"), "*"): Keys '*' sent to object: 'Object Repository/ADMIN/Edit Text/Bespoke/Buyer Pages/Checkout Payment/input_BACK_btn_back'

2020-03-20 14:21:03 - [MESSAGE][PASSED] - Keys '*' sent to object: 'Object Repository/ADMIN/Edit Text/Bespoke/Buyer Pages/Checkout Payment/input_BACK_btn_back'

2020-03-20 14:21:03 - [TEST_STEP][PASSED] - sendKeys(findTestObject("ADMIN/Edit Text/Bespoke/Buyer Pages/Checkout Payment/input_PAY NOW_btn_proceed_payment"), "*"): Keys '*' sent to object: 'Object Repository/ADMIN/Edit Text/Bespoke/Buyer Pages/Checkout Payment/input_PAY NOW_btn_proceed_payment'

2020-03-20 14:21:03 - [MESSAGE][PASSED] - Keys '*' sent to object: 'Object Repository/ADMIN/Edit Text/Bespoke/Buyer Pages/Checkout Payment/input_PAY NOW_btn_proceed_payment'

2020-03-20 14:21:03 - [TEST_STEP][PASSED] - click(findTestObject("ADMIN/Edit Text/Bespoke/Buyer Pages/Homepage/button_save"), CONTINUE_ON_FAILURE): Object: 'Object Repository/ADMIN/Edit Text/Bespoke/Buyer Pages/Homepage/button_save' is clicked on

2020-03-20 14:21:03 - [MESSAGE][PASSED] - Object: 'Object Repository/ADMIN/Edit Text/Bespoke/Buyer Pages/Homepage/button_save' is clicked on

2020-03-20 14:21:03 - [TEST_STEP][PASSED] - waitForElementVisible(findTestObject("ADMIN/Edit Text/Bespoke/Buyer Pages/Homepage/toaster_success"), 0): Object 'Object Repository/ADMIN/Edit Text/Bespoke/Buyer Pages/Homepage/toaster_success' is visible

2020-03-20 14:21:03 - [MESSAGE][WARNING] - Timeout '0' is invalid. Using default page load timeout: '30'

2020-03-20 14:21:03 - [MESSAGE][PASSED] - Object 'Object Repository/ADMIN/Edit Text/Bespoke/Buyer Pages/Homepage/toaster_success' is visible]]></system-out>
         <system-err><![CDATA[]]></system-err>
      </testcase>
      <testcase name="Test Cases/ADMIN/Language/Edit Text/Bespoke/Buyer Pages/Checkout Payment" time="4.993" classname="Test Cases/ADMIN/Language/Edit Text/Bespoke/Buyer Pages/Checkout Payment" status="PASSED">
         <system-out><![CDATA[2020-03-20 14:21:03 - [TEST_CASE][PASSED] - Test Cases/ADMIN/Language/Edit Text/Bespoke/Buyer Pages/Checkout Payment: Test Cases/ADMIN/Language/Edit Text/Bespoke/Buyer Pages/Checkout Payment

2020-03-20 14:21:03 - [TEST_STEP][PASSED] - waitForElementVisible(findTestObject("ADMIN/Edit Text/Bespoke/Buyer Navigation/dd_language"), 0): Object 'Object Repository/ADMIN/Edit Text/Bespoke/Buyer Navigation/dd_language' is visible

2020-03-20 14:21:03 - [MESSAGE][WARNING] - Timeout '0' is invalid. Using default page load timeout: '30'

2020-03-20 14:21:03 - [MESSAGE][PASSED] - Object 'Object Repository/ADMIN/Edit Text/Bespoke/Buyer Navigation/dd_language' is visible

2020-03-20 14:21:03 - [TEST_STEP][PASSED] - selectOptionByLabel(findTestObject("ADMIN/Edit Text/Bespoke/Buyer Navigation/dd_language"), varLanguage, false): All options with label 'Indonesian' are selected in object 'Object Repository/ADMIN/Edit Text/Bespoke/Buyer Navigation/dd_language' 

2020-03-20 14:21:04 - [MESSAGE][PASSED] - All options with label 'Indonesian' are selected in object 'Object Repository/ADMIN/Edit Text/Bespoke/Buyer Navigation/dd_language' 

2020-03-20 14:21:04 - [TEST_STEP][PASSED] - sendKeys(findTestObject("ADMIN/Edit Text/Bespoke/Buyer Pages/Checkout Payment/input_DELIVERY_tab-title"), "*"): Keys '*' sent to object: 'Object Repository/ADMIN/Edit Text/Bespoke/Buyer Pages/Checkout Payment/input_DELIVERY_tab-title'

2020-03-20 14:21:05 - [MESSAGE][PASSED] - Keys '*' sent to object: 'Object Repository/ADMIN/Edit Text/Bespoke/Buyer Pages/Checkout Payment/input_DELIVERY_tab-title'

2020-03-20 14:21:05 - [TEST_STEP][PASSED] - sendKeys(findTestObject("ADMIN/Edit Text/Bespoke/Buyer Pages/Checkout Payment/input_REVIEW_tab-title"), "*"): Keys '*' sent to object: 'Object Repository/ADMIN/Edit Text/Bespoke/Buyer Pages/Checkout Payment/input_REVIEW_tab-title'

2020-03-20 14:21:05 - [MESSAGE][PASSED] - Keys '*' sent to object: 'Object Repository/ADMIN/Edit Text/Bespoke/Buyer Pages/Checkout Payment/input_REVIEW_tab-title'

2020-03-20 14:21:05 - [TEST_STEP][PASSED] - sendKeys(findTestObject("ADMIN/Edit Text/Bespoke/Buyer Pages/Checkout Payment/input_PAY_tab-title"), "*"): Keys '*' sent to object: 'Object Repository/ADMIN/Edit Text/Bespoke/Buyer Pages/Checkout Payment/input_PAY_tab-title'

2020-03-20 14:21:05 - [MESSAGE][PASSED] - Keys '*' sent to object: 'Object Repository/ADMIN/Edit Text/Bespoke/Buyer Pages/Checkout Payment/input_PAY_tab-title'

2020-03-20 14:21:05 - [TEST_STEP][PASSED] - sendKeys(findTestObject("ADMIN/Edit Text/Bespoke/Buyer Pages/Checkout Payment/input_PAYMENT METHOD_delivery-address"), "*"): Keys '*' sent to object: 'Object Repository/ADMIN/Edit Text/Bespoke/Buyer Pages/Checkout Payment/input_PAYMENT METHOD_delivery-address'

2020-03-20 14:21:06 - [MESSAGE][PASSED] - Keys '*' sent to object: 'Object Repository/ADMIN/Edit Text/Bespoke/Buyer Pages/Checkout Payment/input_PAYMENT METHOD_delivery-address'

2020-03-20 14:21:06 - [TEST_STEP][PASSED] - sendKeys(findTestObject("ADMIN/Edit Text/Bespoke/Buyer Pages/Checkout Payment/input_ORDER SUMMARY_order-summary"), "*"): Keys '*' sent to object: 'Object Repository/ADMIN/Edit Text/Bespoke/Buyer Pages/Checkout Payment/input_ORDER SUMMARY_order-summary'

2020-03-20 14:21:06 - [MESSAGE][PASSED] - Keys '*' sent to object: 'Object Repository/ADMIN/Edit Text/Bespoke/Buyer Pages/Checkout Payment/input_ORDER SUMMARY_order-summary'

2020-03-20 14:21:06 - [TEST_STEP][PASSED] - sendKeys(findTestObject("ADMIN/Edit Text/Bespoke/Buyer Pages/Checkout Payment/textarea_Upon clicking the Pay Now button you will be re-directed to the Payment Gateway to continue with your transaction"), "*"): Keys '*' sent to object: 'Object Repository/ADMIN/Edit Text/Bespoke/Buyer Pages/Checkout Payment/textarea_Upon clicking the Pay Now button you will be re-directed to the Payment Gateway to continue with your transaction'

2020-03-20 14:21:06 - [MESSAGE][PASSED] - Keys '*' sent to object: 'Object Repository/ADMIN/Edit Text/Bespoke/Buyer Pages/Checkout Payment/textarea_Upon clicking the Pay Now button you will be re-directed to the Payment Gateway to continue with your transaction'

2020-03-20 14:21:06 - [TEST_STEP][PASSED] - sendKeys(findTestObject("ADMIN/Edit Text/Bespoke/Buyer Pages/Checkout Payment/input_Sub Total_cart-sub-total"), "*"): Keys '*' sent to object: 'Object Repository/ADMIN/Edit Text/Bespoke/Buyer Pages/Checkout Payment/input_Sub Total_cart-sub-total'

2020-03-20 14:21:06 - [MESSAGE][PASSED] - Keys '*' sent to object: 'Object Repository/ADMIN/Edit Text/Bespoke/Buyer Pages/Checkout Payment/input_Sub Total_cart-sub-total'

2020-03-20 14:21:06 - [TEST_STEP][PASSED] - sendKeys(findTestObject("ADMIN/Edit Text/Bespoke/Buyer Pages/Checkout Payment/input_Delivery Costs_cart-delivery-costs"), "*"): Keys '*' sent to object: 'Object Repository/ADMIN/Edit Text/Bespoke/Buyer Pages/Checkout Payment/input_Delivery Costs_cart-delivery-costs'

2020-03-20 14:21:07 - [MESSAGE][PASSED] - Keys '*' sent to object: 'Object Repository/ADMIN/Edit Text/Bespoke/Buyer Pages/Checkout Payment/input_Delivery Costs_cart-delivery-costs'

2020-03-20 14:21:07 - [TEST_STEP][PASSED] - sendKeys(findTestObject("ADMIN/Edit Text/Bespoke/Buyer Pages/Checkout Payment/input_Bulk Delivery Discount_cart-bulk-delivery-discount"), "*"): Keys '*' sent to object: 'Object Repository/ADMIN/Edit Text/Bespoke/Buyer Pages/Checkout Payment/input_Bulk Delivery Discount_cart-bulk-delivery-discount'

2020-03-20 14:21:07 - [MESSAGE][PASSED] - Keys '*' sent to object: 'Object Repository/ADMIN/Edit Text/Bespoke/Buyer Pages/Checkout Payment/input_Bulk Delivery Discount_cart-bulk-delivery-discount'

2020-03-20 14:21:07 - [TEST_STEP][PASSED] - sendKeys(findTestObject("ADMIN/Edit Text/Bespoke/Buyer Pages/Checkout Payment/input_TOTAL_cart-total"), "*"): Keys '*' sent to object: 'Object Repository/ADMIN/Edit Text/Bespoke/Buyer Pages/Checkout Payment/input_TOTAL_cart-total'

2020-03-20 14:21:07 - [MESSAGE][PASSED] - Keys '*' sent to object: 'Object Repository/ADMIN/Edit Text/Bespoke/Buyer Pages/Checkout Payment/input_TOTAL_cart-total'

2020-03-20 14:21:07 - [TEST_STEP][PASSED] - sendKeys(findTestObject("ADMIN/Edit Text/Bespoke/Buyer Pages/Checkout Payment/input_BACK_btn_back"), "*"): Keys '*' sent to object: 'Object Repository/ADMIN/Edit Text/Bespoke/Buyer Pages/Checkout Payment/input_BACK_btn_back'

2020-03-20 14:21:07 - [MESSAGE][PASSED] - Keys '*' sent to object: 'Object Repository/ADMIN/Edit Text/Bespoke/Buyer Pages/Checkout Payment/input_BACK_btn_back'

2020-03-20 14:21:07 - [TEST_STEP][PASSED] - sendKeys(findTestObject("ADMIN/Edit Text/Bespoke/Buyer Pages/Checkout Payment/input_PAY NOW_btn_proceed_payment"), "*"): Keys '*' sent to object: 'Object Repository/ADMIN/Edit Text/Bespoke/Buyer Pages/Checkout Payment/input_PAY NOW_btn_proceed_payment'

2020-03-20 14:21:08 - [MESSAGE][PASSED] - Keys '*' sent to object: 'Object Repository/ADMIN/Edit Text/Bespoke/Buyer Pages/Checkout Payment/input_PAY NOW_btn_proceed_payment'

2020-03-20 14:21:08 - [TEST_STEP][PASSED] - click(findTestObject("ADMIN/Edit Text/Bespoke/Buyer Pages/Homepage/button_save"), CONTINUE_ON_FAILURE): Object: 'Object Repository/ADMIN/Edit Text/Bespoke/Buyer Pages/Homepage/button_save' is clicked on

2020-03-20 14:21:08 - [MESSAGE][PASSED] - Object: 'Object Repository/ADMIN/Edit Text/Bespoke/Buyer Pages/Homepage/button_save' is clicked on

2020-03-20 14:21:08 - [TEST_STEP][PASSED] - waitForElementVisible(findTestObject("ADMIN/Edit Text/Bespoke/Buyer Pages/Homepage/toaster_success"), 0): Object 'Object Repository/ADMIN/Edit Text/Bespoke/Buyer Pages/Homepage/toaster_success' is visible

2020-03-20 14:21:08 - [MESSAGE][WARNING] - Timeout '0' is invalid. Using default page load timeout: '30'

2020-03-20 14:21:08 - [MESSAGE][PASSED] - Object 'Object Repository/ADMIN/Edit Text/Bespoke/Buyer Pages/Homepage/toaster_success' is visible]]></system-out>
         <system-err><![CDATA[]]></system-err>
      </testcase>
      <testcase name="Test Cases/ADMIN/Language/Edit Text/Bespoke/Buyer Pages/Checkout Payment" time="5.013" classname="Test Cases/ADMIN/Language/Edit Text/Bespoke/Buyer Pages/Checkout Payment" status="PASSED">
         <system-out><![CDATA[2020-03-20 14:21:08 - [TEST_CASE][PASSED] - Test Cases/ADMIN/Language/Edit Text/Bespoke/Buyer Pages/Checkout Payment: Test Cases/ADMIN/Language/Edit Text/Bespoke/Buyer Pages/Checkout Payment

2020-03-20 14:21:08 - [TEST_STEP][PASSED] - waitForElementVisible(findTestObject("ADMIN/Edit Text/Bespoke/Buyer Navigation/dd_language"), 0): Object 'Object Repository/ADMIN/Edit Text/Bespoke/Buyer Navigation/dd_language' is visible

2020-03-20 14:21:08 - [MESSAGE][WARNING] - Timeout '0' is invalid. Using default page load timeout: '30'

2020-03-20 14:21:08 - [MESSAGE][PASSED] - Object 'Object Repository/ADMIN/Edit Text/Bespoke/Buyer Navigation/dd_language' is visible

2020-03-20 14:21:08 - [TEST_STEP][PASSED] - selectOptionByLabel(findTestObject("ADMIN/Edit Text/Bespoke/Buyer Navigation/dd_language"), varLanguage, false): All options with label 'Russian' are selected in object 'Object Repository/ADMIN/Edit Text/Bespoke/Buyer Navigation/dd_language' 

2020-03-20 14:21:09 - [MESSAGE][PASSED] - All options with label 'Russian' are selected in object 'Object Repository/ADMIN/Edit Text/Bespoke/Buyer Navigation/dd_language' 

2020-03-20 14:21:09 - [TEST_STEP][PASSED] - sendKeys(findTestObject("ADMIN/Edit Text/Bespoke/Buyer Pages/Checkout Payment/input_DELIVERY_tab-title"), "*"): Keys '*' sent to object: 'Object Repository/ADMIN/Edit Text/Bespoke/Buyer Pages/Checkout Payment/input_DELIVERY_tab-title'

2020-03-20 14:21:10 - [MESSAGE][PASSED] - Keys '*' sent to object: 'Object Repository/ADMIN/Edit Text/Bespoke/Buyer Pages/Checkout Payment/input_DELIVERY_tab-title'

2020-03-20 14:21:10 - [TEST_STEP][PASSED] - sendKeys(findTestObject("ADMIN/Edit Text/Bespoke/Buyer Pages/Checkout Payment/input_REVIEW_tab-title"), "*"): Keys '*' sent to object: 'Object Repository/ADMIN/Edit Text/Bespoke/Buyer Pages/Checkout Payment/input_REVIEW_tab-title'

2020-03-20 14:21:10 - [MESSAGE][PASSED] - Keys '*' sent to object: 'Object Repository/ADMIN/Edit Text/Bespoke/Buyer Pages/Checkout Payment/input_REVIEW_tab-title'

2020-03-20 14:21:10 - [TEST_STEP][PASSED] - sendKeys(findTestObject("ADMIN/Edit Text/Bespoke/Buyer Pages/Checkout Payment/input_PAY_tab-title"), "*"): Keys '*' sent to object: 'Object Repository/ADMIN/Edit Text/Bespoke/Buyer Pages/Checkout Payment/input_PAY_tab-title'

2020-03-20 14:21:10 - [MESSAGE][PASSED] - Keys '*' sent to object: 'Object Repository/ADMIN/Edit Text/Bespoke/Buyer Pages/Checkout Payment/input_PAY_tab-title'

2020-03-20 14:21:10 - [TEST_STEP][PASSED] - sendKeys(findTestObject("ADMIN/Edit Text/Bespoke/Buyer Pages/Checkout Payment/input_PAYMENT METHOD_delivery-address"), "*"): Keys '*' sent to object: 'Object Repository/ADMIN/Edit Text/Bespoke/Buyer Pages/Checkout Payment/input_PAYMENT METHOD_delivery-address'

2020-03-20 14:21:10 - [MESSAGE][PASSED] - Keys '*' sent to object: 'Object Repository/ADMIN/Edit Text/Bespoke/Buyer Pages/Checkout Payment/input_PAYMENT METHOD_delivery-address'

2020-03-20 14:21:10 - [TEST_STEP][PASSED] - sendKeys(findTestObject("ADMIN/Edit Text/Bespoke/Buyer Pages/Checkout Payment/input_ORDER SUMMARY_order-summary"), "*"): Keys '*' sent to object: 'Object Repository/ADMIN/Edit Text/Bespoke/Buyer Pages/Checkout Payment/input_ORDER SUMMARY_order-summary'

2020-03-20 14:21:11 - [MESSAGE][PASSED] - Keys '*' sent to object: 'Object Repository/ADMIN/Edit Text/Bespoke/Buyer Pages/Checkout Payment/input_ORDER SUMMARY_order-summary'

2020-03-20 14:21:11 - [TEST_STEP][PASSED] - sendKeys(findTestObject("ADMIN/Edit Text/Bespoke/Buyer Pages/Checkout Payment/textarea_Upon clicking the Pay Now button you will be re-directed to the Payment Gateway to continue with your transaction"), "*"): Keys '*' sent to object: 'Object Repository/ADMIN/Edit Text/Bespoke/Buyer Pages/Checkout Payment/textarea_Upon clicking the Pay Now button you will be re-directed to the Payment Gateway to continue with your transaction'

2020-03-20 14:21:11 - [MESSAGE][PASSED] - Keys '*' sent to object: 'Object Repository/ADMIN/Edit Text/Bespoke/Buyer Pages/Checkout Payment/textarea_Upon clicking the Pay Now button you will be re-directed to the Payment Gateway to continue with your transaction'

2020-03-20 14:21:11 - [TEST_STEP][PASSED] - sendKeys(findTestObject("ADMIN/Edit Text/Bespoke/Buyer Pages/Checkout Payment/input_Sub Total_cart-sub-total"), "*"): Keys '*' sent to object: 'Object Repository/ADMIN/Edit Text/Bespoke/Buyer Pages/Checkout Payment/input_Sub Total_cart-sub-total'

2020-03-20 14:21:11 - [MESSAGE][PASSED] - Keys '*' sent to object: 'Object Repository/ADMIN/Edit Text/Bespoke/Buyer Pages/Checkout Payment/input_Sub Total_cart-sub-total'

2020-03-20 14:21:11 - [TEST_STEP][PASSED] - sendKeys(findTestObject("ADMIN/Edit Text/Bespoke/Buyer Pages/Checkout Payment/input_Delivery Costs_cart-delivery-costs"), "*"): Keys '*' sent to object: 'Object Repository/ADMIN/Edit Text/Bespoke/Buyer Pages/Checkout Payment/input_Delivery Costs_cart-delivery-costs'

2020-03-20 14:21:11 - [MESSAGE][PASSED] - Keys '*' sent to object: 'Object Repository/ADMIN/Edit Text/Bespoke/Buyer Pages/Checkout Payment/input_Delivery Costs_cart-delivery-costs'

2020-03-20 14:21:11 - [TEST_STEP][PASSED] - sendKeys(findTestObject("ADMIN/Edit Text/Bespoke/Buyer Pages/Checkout Payment/input_Bulk Delivery Discount_cart-bulk-delivery-discount"), "*"): Keys '*' sent to object: 'Object Repository/ADMIN/Edit Text/Bespoke/Buyer Pages/Checkout Payment/input_Bulk Delivery Discount_cart-bulk-delivery-discount'

2020-03-20 14:21:11 - [MESSAGE][PASSED] - Keys '*' sent to object: 'Object Repository/ADMIN/Edit Text/Bespoke/Buyer Pages/Checkout Payment/input_Bulk Delivery Discount_cart-bulk-delivery-discount'

2020-03-20 14:21:11 - [TEST_STEP][PASSED] - sendKeys(findTestObject("ADMIN/Edit Text/Bespoke/Buyer Pages/Checkout Payment/input_TOTAL_cart-total"), "*"): Keys '*' sent to object: 'Object Repository/ADMIN/Edit Text/Bespoke/Buyer Pages/Checkout Payment/input_TOTAL_cart-total'

2020-03-20 14:21:12 - [MESSAGE][PASSED] - Keys '*' sent to object: 'Object Repository/ADMIN/Edit Text/Bespoke/Buyer Pages/Checkout Payment/input_TOTAL_cart-total'

2020-03-20 14:21:12 - [TEST_STEP][PASSED] - sendKeys(findTestObject("ADMIN/Edit Text/Bespoke/Buyer Pages/Checkout Payment/input_BACK_btn_back"), "*"): Keys '*' sent to object: 'Object Repository/ADMIN/Edit Text/Bespoke/Buyer Pages/Checkout Payment/input_BACK_btn_back'

2020-03-20 14:21:12 - [MESSAGE][PASSED] - Keys '*' sent to object: 'Object Repository/ADMIN/Edit Text/Bespoke/Buyer Pages/Checkout Payment/input_BACK_btn_back'

2020-03-20 14:21:12 - [TEST_STEP][PASSED] - sendKeys(findTestObject("ADMIN/Edit Text/Bespoke/Buyer Pages/Checkout Payment/input_PAY NOW_btn_proceed_payment"), "*"): Keys '*' sent to object: 'Object Repository/ADMIN/Edit Text/Bespoke/Buyer Pages/Checkout Payment/input_PAY NOW_btn_proceed_payment'

2020-03-20 14:21:12 - [MESSAGE][PASSED] - Keys '*' sent to object: 'Object Repository/ADMIN/Edit Text/Bespoke/Buyer Pages/Checkout Payment/input_PAY NOW_btn_proceed_payment'

2020-03-20 14:21:12 - [TEST_STEP][PASSED] - click(findTestObject("ADMIN/Edit Text/Bespoke/Buyer Pages/Homepage/button_save"), CONTINUE_ON_FAILURE): Object: 'Object Repository/ADMIN/Edit Text/Bespoke/Buyer Pages/Homepage/button_save' is clicked on

2020-03-20 14:21:12 - [MESSAGE][PASSED] - Object: 'Object Repository/ADMIN/Edit Text/Bespoke/Buyer Pages/Homepage/button_save' is clicked on

2020-03-20 14:21:12 - [TEST_STEP][PASSED] - waitForElementVisible(findTestObject("ADMIN/Edit Text/Bespoke/Buyer Pages/Homepage/toaster_success"), 0): Object 'Object Repository/ADMIN/Edit Text/Bespoke/Buyer Pages/Homepage/toaster_success' is visible

2020-03-20 14:21:12 - [MESSAGE][WARNING] - Timeout '0' is invalid. Using default page load timeout: '30'

2020-03-20 14:21:13 - [MESSAGE][PASSED] - Object 'Object Repository/ADMIN/Edit Text/Bespoke/Buyer Pages/Homepage/toaster_success' is visible]]></system-out>
         <system-err><![CDATA[]]></system-err>
      </testcase>
      <testcase name="Test Cases/ADMIN/Language/Edit Text/Bespoke/Buyer Pages/Checkout Payment" time="5.248" classname="Test Cases/ADMIN/Language/Edit Text/Bespoke/Buyer Pages/Checkout Payment" status="PASSED">
         <system-out><![CDATA[2020-03-20 14:21:13 - [TEST_CASE][PASSED] - Test Cases/ADMIN/Language/Edit Text/Bespoke/Buyer Pages/Checkout Payment: Test Cases/ADMIN/Language/Edit Text/Bespoke/Buyer Pages/Checkout Payment

2020-03-20 14:21:13 - [TEST_STEP][PASSED] - waitForElementVisible(findTestObject("ADMIN/Edit Text/Bespoke/Buyer Navigation/dd_language"), 0): Object 'Object Repository/ADMIN/Edit Text/Bespoke/Buyer Navigation/dd_language' is visible

2020-03-20 14:21:13 - [MESSAGE][WARNING] - Timeout '0' is invalid. Using default page load timeout: '30'

2020-03-20 14:21:13 - [MESSAGE][PASSED] - Object 'Object Repository/ADMIN/Edit Text/Bespoke/Buyer Navigation/dd_language' is visible

2020-03-20 14:21:13 - [TEST_STEP][PASSED] - selectOptionByLabel(findTestObject("ADMIN/Edit Text/Bespoke/Buyer Navigation/dd_language"), varLanguage, false): All options with label 'Italian' are selected in object 'Object Repository/ADMIN/Edit Text/Bespoke/Buyer Navigation/dd_language' 

2020-03-20 14:21:14 - [MESSAGE][PASSED] - All options with label 'Italian' are selected in object 'Object Repository/ADMIN/Edit Text/Bespoke/Buyer Navigation/dd_language' 

2020-03-20 14:21:14 - [TEST_STEP][PASSED] - sendKeys(findTestObject("ADMIN/Edit Text/Bespoke/Buyer Pages/Checkout Payment/input_DELIVERY_tab-title"), "*"): Keys '*' sent to object: 'Object Repository/ADMIN/Edit Text/Bespoke/Buyer Pages/Checkout Payment/input_DELIVERY_tab-title'

2020-03-20 14:21:15 - [MESSAGE][PASSED] - Keys '*' sent to object: 'Object Repository/ADMIN/Edit Text/Bespoke/Buyer Pages/Checkout Payment/input_DELIVERY_tab-title'

2020-03-20 14:21:15 - [TEST_STEP][PASSED] - sendKeys(findTestObject("ADMIN/Edit Text/Bespoke/Buyer Pages/Checkout Payment/input_REVIEW_tab-title"), "*"): Keys '*' sent to object: 'Object Repository/ADMIN/Edit Text/Bespoke/Buyer Pages/Checkout Payment/input_REVIEW_tab-title'

2020-03-20 14:21:15 - [MESSAGE][PASSED] - Keys '*' sent to object: 'Object Repository/ADMIN/Edit Text/Bespoke/Buyer Pages/Checkout Payment/input_REVIEW_tab-title'

2020-03-20 14:21:15 - [TEST_STEP][PASSED] - sendKeys(findTestObject("ADMIN/Edit Text/Bespoke/Buyer Pages/Checkout Payment/input_PAY_tab-title"), "*"): Keys '*' sent to object: 'Object Repository/ADMIN/Edit Text/Bespoke/Buyer Pages/Checkout Payment/input_PAY_tab-title'

2020-03-20 14:21:15 - [MESSAGE][PASSED] - Keys '*' sent to object: 'Object Repository/ADMIN/Edit Text/Bespoke/Buyer Pages/Checkout Payment/input_PAY_tab-title'

2020-03-20 14:21:15 - [TEST_STEP][PASSED] - sendKeys(findTestObject("ADMIN/Edit Text/Bespoke/Buyer Pages/Checkout Payment/input_PAYMENT METHOD_delivery-address"), "*"): Keys '*' sent to object: 'Object Repository/ADMIN/Edit Text/Bespoke/Buyer Pages/Checkout Payment/input_PAYMENT METHOD_delivery-address'

2020-03-20 14:21:16 - [MESSAGE][PASSED] - Keys '*' sent to object: 'Object Repository/ADMIN/Edit Text/Bespoke/Buyer Pages/Checkout Payment/input_PAYMENT METHOD_delivery-address'

2020-03-20 14:21:16 - [TEST_STEP][PASSED] - sendKeys(findTestObject("ADMIN/Edit Text/Bespoke/Buyer Pages/Checkout Payment/input_ORDER SUMMARY_order-summary"), "*"): Keys '*' sent to object: 'Object Repository/ADMIN/Edit Text/Bespoke/Buyer Pages/Checkout Payment/input_ORDER SUMMARY_order-summary'

2020-03-20 14:21:16 - [MESSAGE][PASSED] - Keys '*' sent to object: 'Object Repository/ADMIN/Edit Text/Bespoke/Buyer Pages/Checkout Payment/input_ORDER SUMMARY_order-summary'

2020-03-20 14:21:16 - [TEST_STEP][PASSED] - sendKeys(findTestObject("ADMIN/Edit Text/Bespoke/Buyer Pages/Checkout Payment/textarea_Upon clicking the Pay Now button you will be re-directed to the Payment Gateway to continue with your transaction"), "*"): Keys '*' sent to object: 'Object Repository/ADMIN/Edit Text/Bespoke/Buyer Pages/Checkout Payment/textarea_Upon clicking the Pay Now button you will be re-directed to the Payment Gateway to continue with your transaction'

2020-03-20 14:21:16 - [MESSAGE][PASSED] - Keys '*' sent to object: 'Object Repository/ADMIN/Edit Text/Bespoke/Buyer Pages/Checkout Payment/textarea_Upon clicking the Pay Now button you will be re-directed to the Payment Gateway to continue with your transaction'

2020-03-20 14:21:16 - [TEST_STEP][PASSED] - sendKeys(findTestObject("ADMIN/Edit Text/Bespoke/Buyer Pages/Checkout Payment/input_Sub Total_cart-sub-total"), "*"): Keys '*' sent to object: 'Object Repository/ADMIN/Edit Text/Bespoke/Buyer Pages/Checkout Payment/input_Sub Total_cart-sub-total'

2020-03-20 14:21:16 - [MESSAGE][PASSED] - Keys '*' sent to object: 'Object Repository/ADMIN/Edit Text/Bespoke/Buyer Pages/Checkout Payment/input_Sub Total_cart-sub-total'

2020-03-20 14:21:16 - [TEST_STEP][PASSED] - sendKeys(findTestObject("ADMIN/Edit Text/Bespoke/Buyer Pages/Checkout Payment/input_Delivery Costs_cart-delivery-costs"), "*"): Keys '*' sent to object: 'Object Repository/ADMIN/Edit Text/Bespoke/Buyer Pages/Checkout Payment/input_Delivery Costs_cart-delivery-costs'

2020-03-20 14:21:17 - [MESSAGE][PASSED] - Keys '*' sent to object: 'Object Repository/ADMIN/Edit Text/Bespoke/Buyer Pages/Checkout Payment/input_Delivery Costs_cart-delivery-costs'

2020-03-20 14:21:17 - [TEST_STEP][PASSED] - sendKeys(findTestObject("ADMIN/Edit Text/Bespoke/Buyer Pages/Checkout Payment/input_Bulk Delivery Discount_cart-bulk-delivery-discount"), "*"): Keys '*' sent to object: 'Object Repository/ADMIN/Edit Text/Bespoke/Buyer Pages/Checkout Payment/input_Bulk Delivery Discount_cart-bulk-delivery-discount'

2020-03-20 14:21:17 - [MESSAGE][PASSED] - Keys '*' sent to object: 'Object Repository/ADMIN/Edit Text/Bespoke/Buyer Pages/Checkout Payment/input_Bulk Delivery Discount_cart-bulk-delivery-discount'

2020-03-20 14:21:17 - [TEST_STEP][PASSED] - sendKeys(findTestObject("ADMIN/Edit Text/Bespoke/Buyer Pages/Checkout Payment/input_TOTAL_cart-total"), "*"): Keys '*' sent to object: 'Object Repository/ADMIN/Edit Text/Bespoke/Buyer Pages/Checkout Payment/input_TOTAL_cart-total'

2020-03-20 14:21:17 - [MESSAGE][PASSED] - Keys '*' sent to object: 'Object Repository/ADMIN/Edit Text/Bespoke/Buyer Pages/Checkout Payment/input_TOTAL_cart-total'

2020-03-20 14:21:17 - [TEST_STEP][PASSED] - sendKeys(findTestObject("ADMIN/Edit Text/Bespoke/Buyer Pages/Checkout Payment/input_BACK_btn_back"), "*"): Keys '*' sent to object: 'Object Repository/ADMIN/Edit Text/Bespoke/Buyer Pages/Checkout Payment/input_BACK_btn_back'

2020-03-20 14:21:17 - [MESSAGE][PASSED] - Keys '*' sent to object: 'Object Repository/ADMIN/Edit Text/Bespoke/Buyer Pages/Checkout Payment/input_BACK_btn_back'

2020-03-20 14:21:17 - [TEST_STEP][PASSED] - sendKeys(findTestObject("ADMIN/Edit Text/Bespoke/Buyer Pages/Checkout Payment/input_PAY NOW_btn_proceed_payment"), "*"): Keys '*' sent to object: 'Object Repository/ADMIN/Edit Text/Bespoke/Buyer Pages/Checkout Payment/input_PAY NOW_btn_proceed_payment'

2020-03-20 14:21:17 - [MESSAGE][PASSED] - Keys '*' sent to object: 'Object Repository/ADMIN/Edit Text/Bespoke/Buyer Pages/Checkout Payment/input_PAY NOW_btn_proceed_payment'

2020-03-20 14:21:17 - [TEST_STEP][PASSED] - click(findTestObject("ADMIN/Edit Text/Bespoke/Buyer Pages/Homepage/button_save"), CONTINUE_ON_FAILURE): Object: 'Object Repository/ADMIN/Edit Text/Bespoke/Buyer Pages/Homepage/button_save' is clicked on

2020-03-20 14:21:18 - [MESSAGE][PASSED] - Object: 'Object Repository/ADMIN/Edit Text/Bespoke/Buyer Pages/Homepage/button_save' is clicked on

2020-03-20 14:21:18 - [TEST_STEP][PASSED] - waitForElementVisible(findTestObject("ADMIN/Edit Text/Bespoke/Buyer Pages/Homepage/toaster_success"), 0): Object 'Object Repository/ADMIN/Edit Text/Bespoke/Buyer Pages/Homepage/toaster_success' is visible

2020-03-20 14:21:18 - [MESSAGE][WARNING] - Timeout '0' is invalid. Using default page load timeout: '30'

2020-03-20 14:21:18 - [MESSAGE][PASSED] - Object 'Object Repository/ADMIN/Edit Text/Bespoke/Buyer Pages/Homepage/toaster_success' is visible]]></system-out>
         <system-err><![CDATA[]]></system-err>
      </testcase>
      <testcase name="Test Cases/ADMIN/Language/Edit Text/Bespoke/Buyer Pages/Checkout Payment" time="5.961" classname="Test Cases/ADMIN/Language/Edit Text/Bespoke/Buyer Pages/Checkout Payment" status="PASSED">
         <system-out><![CDATA[2020-03-20 14:21:18 - [TEST_CASE][PASSED] - Test Cases/ADMIN/Language/Edit Text/Bespoke/Buyer Pages/Checkout Payment: Test Cases/ADMIN/Language/Edit Text/Bespoke/Buyer Pages/Checkout Payment

2020-03-20 14:21:18 - [TEST_STEP][PASSED] - waitForElementVisible(findTestObject("ADMIN/Edit Text/Bespoke/Buyer Navigation/dd_language"), 0): Object 'Object Repository/ADMIN/Edit Text/Bespoke/Buyer Navigation/dd_language' is visible

2020-03-20 14:21:18 - [MESSAGE][WARNING] - Timeout '0' is invalid. Using default page load timeout: '30'

2020-03-20 14:21:19 - [MESSAGE][PASSED] - Object 'Object Repository/ADMIN/Edit Text/Bespoke/Buyer Navigation/dd_language' is visible

2020-03-20 14:21:19 - [TEST_STEP][PASSED] - selectOptionByLabel(findTestObject("ADMIN/Edit Text/Bespoke/Buyer Navigation/dd_language"), varLanguage, false): All options with label 'Arabic' are selected in object 'Object Repository/ADMIN/Edit Text/Bespoke/Buyer Navigation/dd_language' 

2020-03-20 14:21:20 - [MESSAGE][PASSED] - All options with label 'Arabic' are selected in object 'Object Repository/ADMIN/Edit Text/Bespoke/Buyer Navigation/dd_language' 

2020-03-20 14:21:20 - [TEST_STEP][PASSED] - sendKeys(findTestObject("ADMIN/Edit Text/Bespoke/Buyer Pages/Checkout Payment/input_DELIVERY_tab-title"), "*"): Keys '*' sent to object: 'Object Repository/ADMIN/Edit Text/Bespoke/Buyer Pages/Checkout Payment/input_DELIVERY_tab-title'

2020-03-20 14:21:20 - [MESSAGE][PASSED] - Keys '*' sent to object: 'Object Repository/ADMIN/Edit Text/Bespoke/Buyer Pages/Checkout Payment/input_DELIVERY_tab-title'

2020-03-20 14:21:20 - [TEST_STEP][PASSED] - sendKeys(findTestObject("ADMIN/Edit Text/Bespoke/Buyer Pages/Checkout Payment/input_REVIEW_tab-title"), "*"): Keys '*' sent to object: 'Object Repository/ADMIN/Edit Text/Bespoke/Buyer Pages/Checkout Payment/input_REVIEW_tab-title'

2020-03-20 14:21:21 - [MESSAGE][PASSED] - Keys '*' sent to object: 'Object Repository/ADMIN/Edit Text/Bespoke/Buyer Pages/Checkout Payment/input_REVIEW_tab-title'

2020-03-20 14:21:21 - [TEST_STEP][PASSED] - sendKeys(findTestObject("ADMIN/Edit Text/Bespoke/Buyer Pages/Checkout Payment/input_PAY_tab-title"), "*"): Keys '*' sent to object: 'Object Repository/ADMIN/Edit Text/Bespoke/Buyer Pages/Checkout Payment/input_PAY_tab-title'

2020-03-20 14:21:21 - [MESSAGE][PASSED] - Keys '*' sent to object: 'Object Repository/ADMIN/Edit Text/Bespoke/Buyer Pages/Checkout Payment/input_PAY_tab-title'

2020-03-20 14:21:21 - [TEST_STEP][PASSED] - sendKeys(findTestObject("ADMIN/Edit Text/Bespoke/Buyer Pages/Checkout Payment/input_PAYMENT METHOD_delivery-address"), "*"): Keys '*' sent to object: 'Object Repository/ADMIN/Edit Text/Bespoke/Buyer Pages/Checkout Payment/input_PAYMENT METHOD_delivery-address'

2020-03-20 14:21:21 - [MESSAGE][PASSED] - Keys '*' sent to object: 'Object Repository/ADMIN/Edit Text/Bespoke/Buyer Pages/Checkout Payment/input_PAYMENT METHOD_delivery-address'

2020-03-20 14:21:21 - [TEST_STEP][PASSED] - sendKeys(findTestObject("ADMIN/Edit Text/Bespoke/Buyer Pages/Checkout Payment/input_ORDER SUMMARY_order-summary"), "*"): Keys '*' sent to object: 'Object Repository/ADMIN/Edit Text/Bespoke/Buyer Pages/Checkout Payment/input_ORDER SUMMARY_order-summary'

2020-03-20 14:21:21 - [MESSAGE][PASSED] - Keys '*' sent to object: 'Object Repository/ADMIN/Edit Text/Bespoke/Buyer Pages/Checkout Payment/input_ORDER SUMMARY_order-summary'

2020-03-20 14:21:21 - [TEST_STEP][PASSED] - sendKeys(findTestObject("ADMIN/Edit Text/Bespoke/Buyer Pages/Checkout Payment/textarea_Upon clicking the Pay Now button you will be re-directed to the Payment Gateway to continue with your transaction"), "*"): Keys '*' sent to object: 'Object Repository/ADMIN/Edit Text/Bespoke/Buyer Pages/Checkout Payment/textarea_Upon clicking the Pay Now button you will be re-directed to the Payment Gateway to continue with your transaction'

2020-03-20 14:21:22 - [MESSAGE][PASSED] - Keys '*' sent to object: 'Object Repository/ADMIN/Edit Text/Bespoke/Buyer Pages/Checkout Payment/textarea_Upon clicking the Pay Now button you will be re-directed to the Payment Gateway to continue with your transaction'

2020-03-20 14:21:22 - [TEST_STEP][PASSED] - sendKeys(findTestObject("ADMIN/Edit Text/Bespoke/Buyer Pages/Checkout Payment/input_Sub Total_cart-sub-total"), "*"): Keys '*' sent to object: 'Object Repository/ADMIN/Edit Text/Bespoke/Buyer Pages/Checkout Payment/input_Sub Total_cart-sub-total'

2020-03-20 14:21:22 - [MESSAGE][PASSED] - Keys '*' sent to object: 'Object Repository/ADMIN/Edit Text/Bespoke/Buyer Pages/Checkout Payment/input_Sub Total_cart-sub-total'

2020-03-20 14:21:22 - [TEST_STEP][PASSED] - sendKeys(findTestObject("ADMIN/Edit Text/Bespoke/Buyer Pages/Checkout Payment/input_Delivery Costs_cart-delivery-costs"), "*"): Keys '*' sent to object: 'Object Repository/ADMIN/Edit Text/Bespoke/Buyer Pages/Checkout Payment/input_Delivery Costs_cart-delivery-costs'

2020-03-20 14:21:22 - [MESSAGE][PASSED] - Keys '*' sent to object: 'Object Repository/ADMIN/Edit Text/Bespoke/Buyer Pages/Checkout Payment/input_Delivery Costs_cart-delivery-costs'

2020-03-20 14:21:22 - [TEST_STEP][PASSED] - sendKeys(findTestObject("ADMIN/Edit Text/Bespoke/Buyer Pages/Checkout Payment/input_Bulk Delivery Discount_cart-bulk-delivery-discount"), "*"): Keys '*' sent to object: 'Object Repository/ADMIN/Edit Text/Bespoke/Buyer Pages/Checkout Payment/input_Bulk Delivery Discount_cart-bulk-delivery-discount'

2020-03-20 14:21:22 - [MESSAGE][PASSED] - Keys '*' sent to object: 'Object Repository/ADMIN/Edit Text/Bespoke/Buyer Pages/Checkout Payment/input_Bulk Delivery Discount_cart-bulk-delivery-discount'

2020-03-20 14:21:22 - [TEST_STEP][PASSED] - sendKeys(findTestObject("ADMIN/Edit Text/Bespoke/Buyer Pages/Checkout Payment/input_TOTAL_cart-total"), "*"): Keys '*' sent to object: 'Object Repository/ADMIN/Edit Text/Bespoke/Buyer Pages/Checkout Payment/input_TOTAL_cart-total'

2020-03-20 14:21:23 - [MESSAGE][PASSED] - Keys '*' sent to object: 'Object Repository/ADMIN/Edit Text/Bespoke/Buyer Pages/Checkout Payment/input_TOTAL_cart-total'

2020-03-20 14:21:23 - [TEST_STEP][PASSED] - sendKeys(findTestObject("ADMIN/Edit Text/Bespoke/Buyer Pages/Checkout Payment/input_BACK_btn_back"), "*"): Keys '*' sent to object: 'Object Repository/ADMIN/Edit Text/Bespoke/Buyer Pages/Checkout Payment/input_BACK_btn_back'

2020-03-20 14:21:23 - [MESSAGE][PASSED] - Keys '*' sent to object: 'Object Repository/ADMIN/Edit Text/Bespoke/Buyer Pages/Checkout Payment/input_BACK_btn_back'

2020-03-20 14:21:23 - [TEST_STEP][PASSED] - sendKeys(findTestObject("ADMIN/Edit Text/Bespoke/Buyer Pages/Checkout Payment/input_PAY NOW_btn_proceed_payment"), "*"): Keys '*' sent to object: 'Object Repository/ADMIN/Edit Text/Bespoke/Buyer Pages/Checkout Payment/input_PAY NOW_btn_proceed_payment'

2020-03-20 14:21:23 - [MESSAGE][PASSED] - Keys '*' sent to object: 'Object Repository/ADMIN/Edit Text/Bespoke/Buyer Pages/Checkout Payment/input_PAY NOW_btn_proceed_payment'

2020-03-20 14:21:23 - [TEST_STEP][PASSED] - click(findTestObject("ADMIN/Edit Text/Bespoke/Buyer Pages/Homepage/button_save"), CONTINUE_ON_FAILURE): Object: 'Object Repository/ADMIN/Edit Text/Bespoke/Buyer Pages/Homepage/button_save' is clicked on

2020-03-20 14:21:24 - [MESSAGE][PASSED] - Object: 'Object Repository/ADMIN/Edit Text/Bespoke/Buyer Pages/Homepage/button_save' is clicked on

2020-03-20 14:21:24 - [TEST_STEP][PASSED] - waitForElementVisible(findTestObject("ADMIN/Edit Text/Bespoke/Buyer Pages/Homepage/toaster_success"), 0): Object 'Object Repository/ADMIN/Edit Text/Bespoke/Buyer Pages/Homepage/toaster_success' is visible

2020-03-20 14:21:24 - [MESSAGE][WARNING] - Timeout '0' is invalid. Using default page load timeout: '30'

2020-03-20 14:21:24 - [MESSAGE][PASSED] - Object 'Object Repository/ADMIN/Edit Text/Bespoke/Buyer Pages/Homepage/toaster_success' is visible]]></system-out>
         <system-err><![CDATA[]]></system-err>
      </testcase>
      <testcase name="Test Cases/ADMIN/Language/Edit Text/Bespoke/Buyer Pages/Checkout Payment" time="4.805" classname="Test Cases/ADMIN/Language/Edit Text/Bespoke/Buyer Pages/Checkout Payment" status="PASSED">
         <system-out><![CDATA[2020-03-20 14:21:24 - [TEST_CASE][PASSED] - Test Cases/ADMIN/Language/Edit Text/Bespoke/Buyer Pages/Checkout Payment: Test Cases/ADMIN/Language/Edit Text/Bespoke/Buyer Pages/Checkout Payment

2020-03-20 14:21:24 - [TEST_STEP][PASSED] - waitForElementVisible(findTestObject("ADMIN/Edit Text/Bespoke/Buyer Navigation/dd_language"), 0): Object 'Object Repository/ADMIN/Edit Text/Bespoke/Buyer Navigation/dd_language' is visible

2020-03-20 14:21:24 - [MESSAGE][WARNING] - Timeout '0' is invalid. Using default page load timeout: '30'

2020-03-20 14:21:25 - [MESSAGE][PASSED] - Object 'Object Repository/ADMIN/Edit Text/Bespoke/Buyer Navigation/dd_language' is visible

2020-03-20 14:21:25 - [TEST_STEP][PASSED] - selectOptionByLabel(findTestObject("ADMIN/Edit Text/Bespoke/Buyer Navigation/dd_language"), varLanguage, false): All options with label 'Dutch' are selected in object 'Object Repository/ADMIN/Edit Text/Bespoke/Buyer Navigation/dd_language' 

2020-03-20 14:21:26 - [MESSAGE][PASSED] - All options with label 'Dutch' are selected in object 'Object Repository/ADMIN/Edit Text/Bespoke/Buyer Navigation/dd_language' 

2020-03-20 14:21:26 - [TEST_STEP][PASSED] - sendKeys(findTestObject("ADMIN/Edit Text/Bespoke/Buyer Pages/Checkout Payment/input_DELIVERY_tab-title"), "*"): Keys '*' sent to object: 'Object Repository/ADMIN/Edit Text/Bespoke/Buyer Pages/Checkout Payment/input_DELIVERY_tab-title'

2020-03-20 14:21:26 - [MESSAGE][PASSED] - Keys '*' sent to object: 'Object Repository/ADMIN/Edit Text/Bespoke/Buyer Pages/Checkout Payment/input_DELIVERY_tab-title'

2020-03-20 14:21:26 - [TEST_STEP][PASSED] - sendKeys(findTestObject("ADMIN/Edit Text/Bespoke/Buyer Pages/Checkout Payment/input_REVIEW_tab-title"), "*"): Keys '*' sent to object: 'Object Repository/ADMIN/Edit Text/Bespoke/Buyer Pages/Checkout Payment/input_REVIEW_tab-title'

2020-03-20 14:21:26 - [MESSAGE][PASSED] - Keys '*' sent to object: 'Object Repository/ADMIN/Edit Text/Bespoke/Buyer Pages/Checkout Payment/input_REVIEW_tab-title'

2020-03-20 14:21:26 - [TEST_STEP][PASSED] - sendKeys(findTestObject("ADMIN/Edit Text/Bespoke/Buyer Pages/Checkout Payment/input_PAY_tab-title"), "*"): Keys '*' sent to object: 'Object Repository/ADMIN/Edit Text/Bespoke/Buyer Pages/Checkout Payment/input_PAY_tab-title'

2020-03-20 14:21:26 - [MESSAGE][PASSED] - Keys '*' sent to object: 'Object Repository/ADMIN/Edit Text/Bespoke/Buyer Pages/Checkout Payment/input_PAY_tab-title'

2020-03-20 14:21:26 - [TEST_STEP][PASSED] - sendKeys(findTestObject("ADMIN/Edit Text/Bespoke/Buyer Pages/Checkout Payment/input_PAYMENT METHOD_delivery-address"), "*"): Keys '*' sent to object: 'Object Repository/ADMIN/Edit Text/Bespoke/Buyer Pages/Checkout Payment/input_PAYMENT METHOD_delivery-address'

2020-03-20 14:21:26 - [MESSAGE][PASSED] - Keys '*' sent to object: 'Object Repository/ADMIN/Edit Text/Bespoke/Buyer Pages/Checkout Payment/input_PAYMENT METHOD_delivery-address'

2020-03-20 14:21:26 - [TEST_STEP][PASSED] - sendKeys(findTestObject("ADMIN/Edit Text/Bespoke/Buyer Pages/Checkout Payment/input_ORDER SUMMARY_order-summary"), "*"): Keys '*' sent to object: 'Object Repository/ADMIN/Edit Text/Bespoke/Buyer Pages/Checkout Payment/input_ORDER SUMMARY_order-summary'

2020-03-20 14:21:27 - [MESSAGE][PASSED] - Keys '*' sent to object: 'Object Repository/ADMIN/Edit Text/Bespoke/Buyer Pages/Checkout Payment/input_ORDER SUMMARY_order-summary'

2020-03-20 14:21:27 - [TEST_STEP][PASSED] - sendKeys(findTestObject("ADMIN/Edit Text/Bespoke/Buyer Pages/Checkout Payment/textarea_Upon clicking the Pay Now button you will be re-directed to the Payment Gateway to continue with your transaction"), "*"): Keys '*' sent to object: 'Object Repository/ADMIN/Edit Text/Bespoke/Buyer Pages/Checkout Payment/textarea_Upon clicking the Pay Now button you will be re-directed to the Payment Gateway to continue with your transaction'

2020-03-20 14:21:27 - [MESSAGE][PASSED] - Keys '*' sent to object: 'Object Repository/ADMIN/Edit Text/Bespoke/Buyer Pages/Checkout Payment/textarea_Upon clicking the Pay Now button you will be re-directed to the Payment Gateway to continue with your transaction'

2020-03-20 14:21:27 - [TEST_STEP][PASSED] - sendKeys(findTestObject("ADMIN/Edit Text/Bespoke/Buyer Pages/Checkout Payment/input_Sub Total_cart-sub-total"), "*"): Keys '*' sent to object: 'Object Repository/ADMIN/Edit Text/Bespoke/Buyer Pages/Checkout Payment/input_Sub Total_cart-sub-total'

2020-03-20 14:21:27 - [MESSAGE][PASSED] - Keys '*' sent to object: 'Object Repository/ADMIN/Edit Text/Bespoke/Buyer Pages/Checkout Payment/input_Sub Total_cart-sub-total'

2020-03-20 14:21:27 - [TEST_STEP][PASSED] - sendKeys(findTestObject("ADMIN/Edit Text/Bespoke/Buyer Pages/Checkout Payment/input_Delivery Costs_cart-delivery-costs"), "*"): Keys '*' sent to object: 'Object Repository/ADMIN/Edit Text/Bespoke/Buyer Pages/Checkout Payment/input_Delivery Costs_cart-delivery-costs'

2020-03-20 14:21:27 - [MESSAGE][PASSED] - Keys '*' sent to object: 'Object Repository/ADMIN/Edit Text/Bespoke/Buyer Pages/Checkout Payment/input_Delivery Costs_cart-delivery-costs'

2020-03-20 14:21:27 - [TEST_STEP][PASSED] - sendKeys(findTestObject("ADMIN/Edit Text/Bespoke/Buyer Pages/Checkout Payment/input_Bulk Delivery Discount_cart-bulk-delivery-discount"), "*"): Keys '*' sent to object: 'Object Repository/ADMIN/Edit Text/Bespoke/Buyer Pages/Checkout Payment/input_Bulk Delivery Discount_cart-bulk-delivery-discount'

2020-03-20 14:21:28 - [MESSAGE][PASSED] - Keys '*' sent to object: 'Object Repository/ADMIN/Edit Text/Bespoke/Buyer Pages/Checkout Payment/input_Bulk Delivery Discount_cart-bulk-delivery-discount'

2020-03-20 14:21:28 - [TEST_STEP][PASSED] - sendKeys(findTestObject("ADMIN/Edit Text/Bespoke/Buyer Pages/Checkout Payment/input_TOTAL_cart-total"), "*"): Keys '*' sent to object: 'Object Repository/ADMIN/Edit Text/Bespoke/Buyer Pages/Checkout Payment/input_TOTAL_cart-total'

2020-03-20 14:21:28 - [MESSAGE][PASSED] - Keys '*' sent to object: 'Object Repository/ADMIN/Edit Text/Bespoke/Buyer Pages/Checkout Payment/input_TOTAL_cart-total'

2020-03-20 14:21:28 - [TEST_STEP][PASSED] - sendKeys(findTestObject("ADMIN/Edit Text/Bespoke/Buyer Pages/Checkout Payment/input_BACK_btn_back"), "*"): Keys '*' sent to object: 'Object Repository/ADMIN/Edit Text/Bespoke/Buyer Pages/Checkout Payment/input_BACK_btn_back'

2020-03-20 14:21:28 - [MESSAGE][PASSED] - Keys '*' sent to object: 'Object Repository/ADMIN/Edit Text/Bespoke/Buyer Pages/Checkout Payment/input_BACK_btn_back'

2020-03-20 14:21:28 - [TEST_STEP][PASSED] - sendKeys(findTestObject("ADMIN/Edit Text/Bespoke/Buyer Pages/Checkout Payment/input_PAY NOW_btn_proceed_payment"), "*"): Keys '*' sent to object: 'Object Repository/ADMIN/Edit Text/Bespoke/Buyer Pages/Checkout Payment/input_PAY NOW_btn_proceed_payment'

2020-03-20 14:21:28 - [MESSAGE][PASSED] - Keys '*' sent to object: 'Object Repository/ADMIN/Edit Text/Bespoke/Buyer Pages/Checkout Payment/input_PAY NOW_btn_proceed_payment'

2020-03-20 14:21:28 - [TEST_STEP][PASSED] - click(findTestObject("ADMIN/Edit Text/Bespoke/Buyer Pages/Homepage/button_save"), CONTINUE_ON_FAILURE): Object: 'Object Repository/ADMIN/Edit Text/Bespoke/Buyer Pages/Homepage/button_save' is clicked on

2020-03-20 14:21:28 - [MESSAGE][PASSED] - Object: 'Object Repository/ADMIN/Edit Text/Bespoke/Buyer Pages/Homepage/button_save' is clicked on

2020-03-20 14:21:28 - [TEST_STEP][PASSED] - waitForElementVisible(findTestObject("ADMIN/Edit Text/Bespoke/Buyer Pages/Homepage/toaster_success"), 0): Object 'Object Repository/ADMIN/Edit Text/Bespoke/Buyer Pages/Homepage/toaster_success' is visible

2020-03-20 14:21:28 - [MESSAGE][WARNING] - Timeout '0' is invalid. Using default page load timeout: '30'

2020-03-20 14:21:29 - [MESSAGE][PASSED] - Object 'Object Repository/ADMIN/Edit Text/Bespoke/Buyer Pages/Homepage/toaster_success' is visible]]></system-out>
         <system-err><![CDATA[]]></system-err>
      </testcase>
      <testcase name="Test Cases/ADMIN/Language/Edit Text/Bespoke/Buyer Pages/Checkout Payment" time="7.407" classname="Test Cases/ADMIN/Language/Edit Text/Bespoke/Buyer Pages/Checkout Payment" status="PASSED">
         <system-out><![CDATA[2020-03-20 14:21:29 - [TEST_CASE][PASSED] - Test Cases/ADMIN/Language/Edit Text/Bespoke/Buyer Pages/Checkout Payment: Test Cases/ADMIN/Language/Edit Text/Bespoke/Buyer Pages/Checkout Payment

2020-03-20 14:21:29 - [TEST_STEP][PASSED] - waitForElementVisible(findTestObject("ADMIN/Edit Text/Bespoke/Buyer Navigation/dd_language"), 0): Object 'Object Repository/ADMIN/Edit Text/Bespoke/Buyer Navigation/dd_language' is visible

2020-03-20 14:21:29 - [MESSAGE][WARNING] - Timeout '0' is invalid. Using default page load timeout: '30'

2020-03-20 14:21:29 - [MESSAGE][PASSED] - Object 'Object Repository/ADMIN/Edit Text/Bespoke/Buyer Navigation/dd_language' is visible

2020-03-20 14:21:29 - [TEST_STEP][PASSED] - selectOptionByLabel(findTestObject("ADMIN/Edit Text/Bespoke/Buyer Navigation/dd_language"), varLanguage, false): All options with label 'Swedish' are selected in object 'Object Repository/ADMIN/Edit Text/Bespoke/Buyer Navigation/dd_language' 

2020-03-20 14:21:31 - [MESSAGE][PASSED] - All options with label 'Swedish' are selected in object 'Object Repository/ADMIN/Edit Text/Bespoke/Buyer Navigation/dd_language' 

2020-03-20 14:21:31 - [TEST_STEP][PASSED] - sendKeys(findTestObject("ADMIN/Edit Text/Bespoke/Buyer Pages/Checkout Payment/input_DELIVERY_tab-title"), "*"): Keys '*' sent to object: 'Object Repository/ADMIN/Edit Text/Bespoke/Buyer Pages/Checkout Payment/input_DELIVERY_tab-title'

2020-03-20 14:21:32 - [MESSAGE][PASSED] - Keys '*' sent to object: 'Object Repository/ADMIN/Edit Text/Bespoke/Buyer Pages/Checkout Payment/input_DELIVERY_tab-title'

2020-03-20 14:21:32 - [TEST_STEP][PASSED] - sendKeys(findTestObject("ADMIN/Edit Text/Bespoke/Buyer Pages/Checkout Payment/input_REVIEW_tab-title"), "*"): Keys '*' sent to object: 'Object Repository/ADMIN/Edit Text/Bespoke/Buyer Pages/Checkout Payment/input_REVIEW_tab-title'

2020-03-20 14:21:32 - [MESSAGE][PASSED] - Keys '*' sent to object: 'Object Repository/ADMIN/Edit Text/Bespoke/Buyer Pages/Checkout Payment/input_REVIEW_tab-title'

2020-03-20 14:21:32 - [TEST_STEP][PASSED] - sendKeys(findTestObject("ADMIN/Edit Text/Bespoke/Buyer Pages/Checkout Payment/input_PAY_tab-title"), "*"): Keys '*' sent to object: 'Object Repository/ADMIN/Edit Text/Bespoke/Buyer Pages/Checkout Payment/input_PAY_tab-title'

2020-03-20 14:21:32 - [MESSAGE][PASSED] - Keys '*' sent to object: 'Object Repository/ADMIN/Edit Text/Bespoke/Buyer Pages/Checkout Payment/input_PAY_tab-title'

2020-03-20 14:21:32 - [TEST_STEP][PASSED] - sendKeys(findTestObject("ADMIN/Edit Text/Bespoke/Buyer Pages/Checkout Payment/input_PAYMENT METHOD_delivery-address"), "*"): Keys '*' sent to object: 'Object Repository/ADMIN/Edit Text/Bespoke/Buyer Pages/Checkout Payment/input_PAYMENT METHOD_delivery-address'

2020-03-20 14:21:33 - [MESSAGE][PASSED] - Keys '*' sent to object: 'Object Repository/ADMIN/Edit Text/Bespoke/Buyer Pages/Checkout Payment/input_PAYMENT METHOD_delivery-address'

2020-03-20 14:21:33 - [TEST_STEP][PASSED] - sendKeys(findTestObject("ADMIN/Edit Text/Bespoke/Buyer Pages/Checkout Payment/input_ORDER SUMMARY_order-summary"), "*"): Keys '*' sent to object: 'Object Repository/ADMIN/Edit Text/Bespoke/Buyer Pages/Checkout Payment/input_ORDER SUMMARY_order-summary'

2020-03-20 14:21:33 - [MESSAGE][PASSED] - Keys '*' sent to object: 'Object Repository/ADMIN/Edit Text/Bespoke/Buyer Pages/Checkout Payment/input_ORDER SUMMARY_order-summary'

2020-03-20 14:21:33 - [TEST_STEP][PASSED] - sendKeys(findTestObject("ADMIN/Edit Text/Bespoke/Buyer Pages/Checkout Payment/textarea_Upon clicking the Pay Now button you will be re-directed to the Payment Gateway to continue with your transaction"), "*"): Keys '*' sent to object: 'Object Repository/ADMIN/Edit Text/Bespoke/Buyer Pages/Checkout Payment/textarea_Upon clicking the Pay Now button you will be re-directed to the Payment Gateway to continue with your transaction'

2020-03-20 14:21:33 - [MESSAGE][PASSED] - Keys '*' sent to object: 'Object Repository/ADMIN/Edit Text/Bespoke/Buyer Pages/Checkout Payment/textarea_Upon clicking the Pay Now button you will be re-directed to the Payment Gateway to continue with your transaction'

2020-03-20 14:21:33 - [TEST_STEP][PASSED] - sendKeys(findTestObject("ADMIN/Edit Text/Bespoke/Buyer Pages/Checkout Payment/input_Sub Total_cart-sub-total"), "*"): Keys '*' sent to object: 'Object Repository/ADMIN/Edit Text/Bespoke/Buyer Pages/Checkout Payment/input_Sub Total_cart-sub-total'

2020-03-20 14:21:34 - [MESSAGE][PASSED] - Keys '*' sent to object: 'Object Repository/ADMIN/Edit Text/Bespoke/Buyer Pages/Checkout Payment/input_Sub Total_cart-sub-total'

2020-03-20 14:21:34 - [TEST_STEP][PASSED] - sendKeys(findTestObject("ADMIN/Edit Text/Bespoke/Buyer Pages/Checkout Payment/input_Delivery Costs_cart-delivery-costs"), "*"): Keys '*' sent to object: 'Object Repository/ADMIN/Edit Text/Bespoke/Buyer Pages/Checkout Payment/input_Delivery Costs_cart-delivery-costs'

2020-03-20 14:21:34 - [MESSAGE][PASSED] - Keys '*' sent to object: 'Object Repository/ADMIN/Edit Text/Bespoke/Buyer Pages/Checkout Payment/input_Delivery Costs_cart-delivery-costs'

2020-03-20 14:21:34 - [TEST_STEP][PASSED] - sendKeys(findTestObject("ADMIN/Edit Text/Bespoke/Buyer Pages/Checkout Payment/input_Bulk Delivery Discount_cart-bulk-delivery-discount"), "*"): Keys '*' sent to object: 'Object Repository/ADMIN/Edit Text/Bespoke/Buyer Pages/Checkout Payment/input_Bulk Delivery Discount_cart-bulk-delivery-discount'

2020-03-20 14:21:34 - [MESSAGE][PASSED] - Keys '*' sent to object: 'Object Repository/ADMIN/Edit Text/Bespoke/Buyer Pages/Checkout Payment/input_Bulk Delivery Discount_cart-bulk-delivery-discount'

2020-03-20 14:21:34 - [TEST_STEP][PASSED] - sendKeys(findTestObject("ADMIN/Edit Text/Bespoke/Buyer Pages/Checkout Payment/input_TOTAL_cart-total"), "*"): Keys '*' sent to object: 'Object Repository/ADMIN/Edit Text/Bespoke/Buyer Pages/Checkout Payment/input_TOTAL_cart-total'

2020-03-20 14:21:35 - [MESSAGE][PASSED] - Keys '*' sent to object: 'Object Repository/ADMIN/Edit Text/Bespoke/Buyer Pages/Checkout Payment/input_TOTAL_cart-total'

2020-03-20 14:21:35 - [TEST_STEP][PASSED] - sendKeys(findTestObject("ADMIN/Edit Text/Bespoke/Buyer Pages/Checkout Payment/input_BACK_btn_back"), "*"): Keys '*' sent to object: 'Object Repository/ADMIN/Edit Text/Bespoke/Buyer Pages/Checkout Payment/input_BACK_btn_back'

2020-03-20 14:21:35 - [MESSAGE][PASSED] - Keys '*' sent to object: 'Object Repository/ADMIN/Edit Text/Bespoke/Buyer Pages/Checkout Payment/input_BACK_btn_back'

2020-03-20 14:21:35 - [TEST_STEP][PASSED] - sendKeys(findTestObject("ADMIN/Edit Text/Bespoke/Buyer Pages/Checkout Payment/input_PAY NOW_btn_proceed_payment"), "*"): Keys '*' sent to object: 'Object Repository/ADMIN/Edit Text/Bespoke/Buyer Pages/Checkout Payment/input_PAY NOW_btn_proceed_payment'

2020-03-20 14:21:35 - [MESSAGE][PASSED] - Keys '*' sent to object: 'Object Repository/ADMIN/Edit Text/Bespoke/Buyer Pages/Checkout Payment/input_PAY NOW_btn_proceed_payment'

2020-03-20 14:21:35 - [TEST_STEP][PASSED] - click(findTestObject("ADMIN/Edit Text/Bespoke/Buyer Pages/Homepage/button_save"), CONTINUE_ON_FAILURE): Object: 'Object Repository/ADMIN/Edit Text/Bespoke/Buyer Pages/Homepage/button_save' is clicked on

2020-03-20 14:21:35 - [MESSAGE][PASSED] - Object: 'Object Repository/ADMIN/Edit Text/Bespoke/Buyer Pages/Homepage/button_save' is clicked on

2020-03-20 14:21:35 - [TEST_STEP][PASSED] - waitForElementVisible(findTestObject("ADMIN/Edit Text/Bespoke/Buyer Pages/Homepage/toaster_success"), 0): Object 'Object Repository/ADMIN/Edit Text/Bespoke/Buyer Pages/Homepage/toaster_success' is visible

2020-03-20 14:21:36 - [MESSAGE][WARNING] - Timeout '0' is invalid. Using default page load timeout: '30'

2020-03-20 14:21:36 - [MESSAGE][PASSED] - Object 'Object Repository/ADMIN/Edit Text/Bespoke/Buyer Pages/Homepage/toaster_success' is visible]]></system-out>
         <system-err><![CDATA[]]></system-err>
      </testcase>
      <testcase name="Test Cases/ADMIN/Language/Edit Text/Bespoke/Buyer Pages/Checkout Payment" time="6.107" classname="Test Cases/ADMIN/Language/Edit Text/Bespoke/Buyer Pages/Checkout Payment" status="PASSED">
         <system-out><![CDATA[2020-03-20 14:21:36 - [TEST_CASE][PASSED] - Test Cases/ADMIN/Language/Edit Text/Bespoke/Buyer Pages/Checkout Payment: Test Cases/ADMIN/Language/Edit Text/Bespoke/Buyer Pages/Checkout Payment

2020-03-20 14:21:36 - [TEST_STEP][PASSED] - waitForElementVisible(findTestObject("ADMIN/Edit Text/Bespoke/Buyer Navigation/dd_language"), 0): Object 'Object Repository/ADMIN/Edit Text/Bespoke/Buyer Navigation/dd_language' is visible

2020-03-20 14:21:36 - [MESSAGE][WARNING] - Timeout '0' is invalid. Using default page load timeout: '30'

2020-03-20 14:21:36 - [MESSAGE][PASSED] - Object 'Object Repository/ADMIN/Edit Text/Bespoke/Buyer Navigation/dd_language' is visible

2020-03-20 14:21:36 - [TEST_STEP][PASSED] - selectOptionByLabel(findTestObject("ADMIN/Edit Text/Bespoke/Buyer Navigation/dd_language"), varLanguage, false): All options with label 'Chinese (Simplified)' are selected in object 'Object Repository/ADMIN/Edit Text/Bespoke/Buyer Navigation/dd_language' 

2020-03-20 14:21:38 - [MESSAGE][PASSED] - All options with label 'Chinese (Simplified)' are selected in object 'Object Repository/ADMIN/Edit Text/Bespoke/Buyer Navigation/dd_language' 

2020-03-20 14:21:38 - [TEST_STEP][PASSED] - sendKeys(findTestObject("ADMIN/Edit Text/Bespoke/Buyer Pages/Checkout Payment/input_DELIVERY_tab-title"), "*"): Keys '*' sent to object: 'Object Repository/ADMIN/Edit Text/Bespoke/Buyer Pages/Checkout Payment/input_DELIVERY_tab-title'

2020-03-20 14:21:39 - [MESSAGE][PASSED] - Keys '*' sent to object: 'Object Repository/ADMIN/Edit Text/Bespoke/Buyer Pages/Checkout Payment/input_DELIVERY_tab-title'

2020-03-20 14:21:39 - [TEST_STEP][PASSED] - sendKeys(findTestObject("ADMIN/Edit Text/Bespoke/Buyer Pages/Checkout Payment/input_REVIEW_tab-title"), "*"): Keys '*' sent to object: 'Object Repository/ADMIN/Edit Text/Bespoke/Buyer Pages/Checkout Payment/input_REVIEW_tab-title'

2020-03-20 14:21:39 - [MESSAGE][PASSED] - Keys '*' sent to object: 'Object Repository/ADMIN/Edit Text/Bespoke/Buyer Pages/Checkout Payment/input_REVIEW_tab-title'

2020-03-20 14:21:39 - [TEST_STEP][PASSED] - sendKeys(findTestObject("ADMIN/Edit Text/Bespoke/Buyer Pages/Checkout Payment/input_PAY_tab-title"), "*"): Keys '*' sent to object: 'Object Repository/ADMIN/Edit Text/Bespoke/Buyer Pages/Checkout Payment/input_PAY_tab-title'

2020-03-20 14:21:39 - [MESSAGE][PASSED] - Keys '*' sent to object: 'Object Repository/ADMIN/Edit Text/Bespoke/Buyer Pages/Checkout Payment/input_PAY_tab-title'

2020-03-20 14:21:39 - [TEST_STEP][PASSED] - sendKeys(findTestObject("ADMIN/Edit Text/Bespoke/Buyer Pages/Checkout Payment/input_PAYMENT METHOD_delivery-address"), "*"): Keys '*' sent to object: 'Object Repository/ADMIN/Edit Text/Bespoke/Buyer Pages/Checkout Payment/input_PAYMENT METHOD_delivery-address'

2020-03-20 14:21:40 - [MESSAGE][PASSED] - Keys '*' sent to object: 'Object Repository/ADMIN/Edit Text/Bespoke/Buyer Pages/Checkout Payment/input_PAYMENT METHOD_delivery-address'

2020-03-20 14:21:40 - [TEST_STEP][PASSED] - sendKeys(findTestObject("ADMIN/Edit Text/Bespoke/Buyer Pages/Checkout Payment/input_ORDER SUMMARY_order-summary"), "*"): Keys '*' sent to object: 'Object Repository/ADMIN/Edit Text/Bespoke/Buyer Pages/Checkout Payment/input_ORDER SUMMARY_order-summary'

2020-03-20 14:21:40 - [MESSAGE][PASSED] - Keys '*' sent to object: 'Object Repository/ADMIN/Edit Text/Bespoke/Buyer Pages/Checkout Payment/input_ORDER SUMMARY_order-summary'

2020-03-20 14:21:40 - [TEST_STEP][PASSED] - sendKeys(findTestObject("ADMIN/Edit Text/Bespoke/Buyer Pages/Checkout Payment/textarea_Upon clicking the Pay Now button you will be re-directed to the Payment Gateway to continue with your transaction"), "*"): Keys '*' sent to object: 'Object Repository/ADMIN/Edit Text/Bespoke/Buyer Pages/Checkout Payment/textarea_Upon clicking the Pay Now button you will be re-directed to the Payment Gateway to continue with your transaction'

2020-03-20 14:21:40 - [MESSAGE][PASSED] - Keys '*' sent to object: 'Object Repository/ADMIN/Edit Text/Bespoke/Buyer Pages/Checkout Payment/textarea_Upon clicking the Pay Now button you will be re-directed to the Payment Gateway to continue with your transaction'

2020-03-20 14:21:40 - [TEST_STEP][PASSED] - sendKeys(findTestObject("ADMIN/Edit Text/Bespoke/Buyer Pages/Checkout Payment/input_Sub Total_cart-sub-total"), "*"): Keys '*' sent to object: 'Object Repository/ADMIN/Edit Text/Bespoke/Buyer Pages/Checkout Payment/input_Sub Total_cart-sub-total'

2020-03-20 14:21:40 - [MESSAGE][PASSED] - Keys '*' sent to object: 'Object Repository/ADMIN/Edit Text/Bespoke/Buyer Pages/Checkout Payment/input_Sub Total_cart-sub-total'

2020-03-20 14:21:40 - [TEST_STEP][PASSED] - sendKeys(findTestObject("ADMIN/Edit Text/Bespoke/Buyer Pages/Checkout Payment/input_Delivery Costs_cart-delivery-costs"), "*"): Keys '*' sent to object: 'Object Repository/ADMIN/Edit Text/Bespoke/Buyer Pages/Checkout Payment/input_Delivery Costs_cart-delivery-costs'

2020-03-20 14:21:40 - [MESSAGE][PASSED] - Keys '*' sent to object: 'Object Repository/ADMIN/Edit Text/Bespoke/Buyer Pages/Checkout Payment/input_Delivery Costs_cart-delivery-costs'

2020-03-20 14:21:40 - [TEST_STEP][PASSED] - sendKeys(findTestObject("ADMIN/Edit Text/Bespoke/Buyer Pages/Checkout Payment/input_Bulk Delivery Discount_cart-bulk-delivery-discount"), "*"): Keys '*' sent to object: 'Object Repository/ADMIN/Edit Text/Bespoke/Buyer Pages/Checkout Payment/input_Bulk Delivery Discount_cart-bulk-delivery-discount'

2020-03-20 14:21:41 - [MESSAGE][PASSED] - Keys '*' sent to object: 'Object Repository/ADMIN/Edit Text/Bespoke/Buyer Pages/Checkout Payment/input_Bulk Delivery Discount_cart-bulk-delivery-discount'

2020-03-20 14:21:41 - [TEST_STEP][PASSED] - sendKeys(findTestObject("ADMIN/Edit Text/Bespoke/Buyer Pages/Checkout Payment/input_TOTAL_cart-total"), "*"): Keys '*' sent to object: 'Object Repository/ADMIN/Edit Text/Bespoke/Buyer Pages/Checkout Payment/input_TOTAL_cart-total'

2020-03-20 14:21:41 - [MESSAGE][PASSED] - Keys '*' sent to object: 'Object Repository/ADMIN/Edit Text/Bespoke/Buyer Pages/Checkout Payment/input_TOTAL_cart-total'

2020-03-20 14:21:41 - [TEST_STEP][PASSED] - sendKeys(findTestObject("ADMIN/Edit Text/Bespoke/Buyer Pages/Checkout Payment/input_BACK_btn_back"), "*"): Keys '*' sent to object: 'Object Repository/ADMIN/Edit Text/Bespoke/Buyer Pages/Checkout Payment/input_BACK_btn_back'

2020-03-20 14:21:41 - [MESSAGE][PASSED] - Keys '*' sent to object: 'Object Repository/ADMIN/Edit Text/Bespoke/Buyer Pages/Checkout Payment/input_BACK_btn_back'

2020-03-20 14:21:41 - [TEST_STEP][PASSED] - sendKeys(findTestObject("ADMIN/Edit Text/Bespoke/Buyer Pages/Checkout Payment/input_PAY NOW_btn_proceed_payment"), "*"): Keys '*' sent to object: 'Object Repository/ADMIN/Edit Text/Bespoke/Buyer Pages/Checkout Payment/input_PAY NOW_btn_proceed_payment'

2020-03-20 14:21:41 - [MESSAGE][PASSED] - Keys '*' sent to object: 'Object Repository/ADMIN/Edit Text/Bespoke/Buyer Pages/Checkout Payment/input_PAY NOW_btn_proceed_payment'

2020-03-20 14:21:41 - [TEST_STEP][PASSED] - click(findTestObject("ADMIN/Edit Text/Bespoke/Buyer Pages/Homepage/button_save"), CONTINUE_ON_FAILURE): Object: 'Object Repository/ADMIN/Edit Text/Bespoke/Buyer Pages/Homepage/button_save' is clicked on

2020-03-20 14:21:42 - [MESSAGE][PASSED] - Object: 'Object Repository/ADMIN/Edit Text/Bespoke/Buyer Pages/Homepage/button_save' is clicked on

2020-03-20 14:21:42 - [TEST_STEP][PASSED] - waitForElementVisible(findTestObject("ADMIN/Edit Text/Bespoke/Buyer Pages/Homepage/toaster_success"), 0): Object 'Object Repository/ADMIN/Edit Text/Bespoke/Buyer Pages/Homepage/toaster_success' is visible

2020-03-20 14:21:42 - [MESSAGE][WARNING] - Timeout '0' is invalid. Using default page load timeout: '30'

2020-03-20 14:21:42 - [MESSAGE][PASSED] - Object 'Object Repository/ADMIN/Edit Text/Bespoke/Buyer Pages/Homepage/toaster_success' is visible]]></system-out>
         <system-err><![CDATA[]]></system-err>
      </testcase>
      <testcase name="Test Cases/ADMIN/Language/Edit Text/Bespoke/Buyer Pages/Checkout Payment" time="5.651" classname="Test Cases/ADMIN/Language/Edit Text/Bespoke/Buyer Pages/Checkout Payment" status="PASSED">
         <system-out><![CDATA[2020-03-20 14:21:43 - [TEST_CASE][PASSED] - Test Cases/ADMIN/Language/Edit Text/Bespoke/Buyer Pages/Checkout Payment: Test Cases/ADMIN/Language/Edit Text/Bespoke/Buyer Pages/Checkout Payment

2020-03-20 14:21:43 - [TEST_STEP][PASSED] - waitForElementVisible(findTestObject("ADMIN/Edit Text/Bespoke/Buyer Navigation/dd_language"), 0): Object 'Object Repository/ADMIN/Edit Text/Bespoke/Buyer Navigation/dd_language' is visible

2020-03-20 14:21:43 - [MESSAGE][WARNING] - Timeout '0' is invalid. Using default page load timeout: '30'

2020-03-20 14:21:43 - [MESSAGE][PASSED] - Object 'Object Repository/ADMIN/Edit Text/Bespoke/Buyer Navigation/dd_language' is visible

2020-03-20 14:21:43 - [TEST_STEP][PASSED] - selectOptionByLabel(findTestObject("ADMIN/Edit Text/Bespoke/Buyer Navigation/dd_language"), varLanguage, false): All options with label 'Hebrew' are selected in object 'Object Repository/ADMIN/Edit Text/Bespoke/Buyer Navigation/dd_language' 

2020-03-20 14:21:44 - [MESSAGE][PASSED] - All options with label 'Hebrew' are selected in object 'Object Repository/ADMIN/Edit Text/Bespoke/Buyer Navigation/dd_language' 

2020-03-20 14:21:44 - [TEST_STEP][PASSED] - sendKeys(findTestObject("ADMIN/Edit Text/Bespoke/Buyer Pages/Checkout Payment/input_DELIVERY_tab-title"), "*"): Keys '*' sent to object: 'Object Repository/ADMIN/Edit Text/Bespoke/Buyer Pages/Checkout Payment/input_DELIVERY_tab-title'

2020-03-20 14:21:45 - [MESSAGE][PASSED] - Keys '*' sent to object: 'Object Repository/ADMIN/Edit Text/Bespoke/Buyer Pages/Checkout Payment/input_DELIVERY_tab-title'

2020-03-20 14:21:45 - [TEST_STEP][PASSED] - sendKeys(findTestObject("ADMIN/Edit Text/Bespoke/Buyer Pages/Checkout Payment/input_REVIEW_tab-title"), "*"): Keys '*' sent to object: 'Object Repository/ADMIN/Edit Text/Bespoke/Buyer Pages/Checkout Payment/input_REVIEW_tab-title'

2020-03-20 14:21:45 - [MESSAGE][PASSED] - Keys '*' sent to object: 'Object Repository/ADMIN/Edit Text/Bespoke/Buyer Pages/Checkout Payment/input_REVIEW_tab-title'

2020-03-20 14:21:45 - [TEST_STEP][PASSED] - sendKeys(findTestObject("ADMIN/Edit Text/Bespoke/Buyer Pages/Checkout Payment/input_PAY_tab-title"), "*"): Keys '*' sent to object: 'Object Repository/ADMIN/Edit Text/Bespoke/Buyer Pages/Checkout Payment/input_PAY_tab-title'

2020-03-20 14:21:45 - [MESSAGE][PASSED] - Keys '*' sent to object: 'Object Repository/ADMIN/Edit Text/Bespoke/Buyer Pages/Checkout Payment/input_PAY_tab-title'

2020-03-20 14:21:45 - [TEST_STEP][PASSED] - sendKeys(findTestObject("ADMIN/Edit Text/Bespoke/Buyer Pages/Checkout Payment/input_PAYMENT METHOD_delivery-address"), "*"): Keys '*' sent to object: 'Object Repository/ADMIN/Edit Text/Bespoke/Buyer Pages/Checkout Payment/input_PAYMENT METHOD_delivery-address'

2020-03-20 14:21:45 - [MESSAGE][PASSED] - Keys '*' sent to object: 'Object Repository/ADMIN/Edit Text/Bespoke/Buyer Pages/Checkout Payment/input_PAYMENT METHOD_delivery-address'

2020-03-20 14:21:45 - [TEST_STEP][PASSED] - sendKeys(findTestObject("ADMIN/Edit Text/Bespoke/Buyer Pages/Checkout Payment/input_ORDER SUMMARY_order-summary"), "*"): Keys '*' sent to object: 'Object Repository/ADMIN/Edit Text/Bespoke/Buyer Pages/Checkout Payment/input_ORDER SUMMARY_order-summary'

2020-03-20 14:21:46 - [MESSAGE][PASSED] - Keys '*' sent to object: 'Object Repository/ADMIN/Edit Text/Bespoke/Buyer Pages/Checkout Payment/input_ORDER SUMMARY_order-summary'

2020-03-20 14:21:46 - [TEST_STEP][PASSED] - sendKeys(findTestObject("ADMIN/Edit Text/Bespoke/Buyer Pages/Checkout Payment/textarea_Upon clicking the Pay Now button you will be re-directed to the Payment Gateway to continue with your transaction"), "*"): Keys '*' sent to object: 'Object Repository/ADMIN/Edit Text/Bespoke/Buyer Pages/Checkout Payment/textarea_Upon clicking the Pay Now button you will be re-directed to the Payment Gateway to continue with your transaction'

2020-03-20 14:21:46 - [MESSAGE][PASSED] - Keys '*' sent to object: 'Object Repository/ADMIN/Edit Text/Bespoke/Buyer Pages/Checkout Payment/textarea_Upon clicking the Pay Now button you will be re-directed to the Payment Gateway to continue with your transaction'

2020-03-20 14:21:46 - [TEST_STEP][PASSED] - sendKeys(findTestObject("ADMIN/Edit Text/Bespoke/Buyer Pages/Checkout Payment/input_Sub Total_cart-sub-total"), "*"): Keys '*' sent to object: 'Object Repository/ADMIN/Edit Text/Bespoke/Buyer Pages/Checkout Payment/input_Sub Total_cart-sub-total'

2020-03-20 14:21:46 - [MESSAGE][PASSED] - Keys '*' sent to object: 'Object Repository/ADMIN/Edit Text/Bespoke/Buyer Pages/Checkout Payment/input_Sub Total_cart-sub-total'

2020-03-20 14:21:46 - [TEST_STEP][PASSED] - sendKeys(findTestObject("ADMIN/Edit Text/Bespoke/Buyer Pages/Checkout Payment/input_Delivery Costs_cart-delivery-costs"), "*"): Keys '*' sent to object: 'Object Repository/ADMIN/Edit Text/Bespoke/Buyer Pages/Checkout Payment/input_Delivery Costs_cart-delivery-costs'

2020-03-20 14:21:46 - [MESSAGE][PASSED] - Keys '*' sent to object: 'Object Repository/ADMIN/Edit Text/Bespoke/Buyer Pages/Checkout Payment/input_Delivery Costs_cart-delivery-costs'

2020-03-20 14:21:46 - [TEST_STEP][PASSED] - sendKeys(findTestObject("ADMIN/Edit Text/Bespoke/Buyer Pages/Checkout Payment/input_Bulk Delivery Discount_cart-bulk-delivery-discount"), "*"): Keys '*' sent to object: 'Object Repository/ADMIN/Edit Text/Bespoke/Buyer Pages/Checkout Payment/input_Bulk Delivery Discount_cart-bulk-delivery-discount'

2020-03-20 14:21:46 - [MESSAGE][PASSED] - Keys '*' sent to object: 'Object Repository/ADMIN/Edit Text/Bespoke/Buyer Pages/Checkout Payment/input_Bulk Delivery Discount_cart-bulk-delivery-discount'

2020-03-20 14:21:46 - [TEST_STEP][PASSED] - sendKeys(findTestObject("ADMIN/Edit Text/Bespoke/Buyer Pages/Checkout Payment/input_TOTAL_cart-total"), "*"): Keys '*' sent to object: 'Object Repository/ADMIN/Edit Text/Bespoke/Buyer Pages/Checkout Payment/input_TOTAL_cart-total'

2020-03-20 14:21:47 - [MESSAGE][PASSED] - Keys '*' sent to object: 'Object Repository/ADMIN/Edit Text/Bespoke/Buyer Pages/Checkout Payment/input_TOTAL_cart-total'

2020-03-20 14:21:47 - [TEST_STEP][PASSED] - sendKeys(findTestObject("ADMIN/Edit Text/Bespoke/Buyer Pages/Checkout Payment/input_BACK_btn_back"), "*"): Keys '*' sent to object: 'Object Repository/ADMIN/Edit Text/Bespoke/Buyer Pages/Checkout Payment/input_BACK_btn_back'

2020-03-20 14:21:47 - [MESSAGE][PASSED] - Keys '*' sent to object: 'Object Repository/ADMIN/Edit Text/Bespoke/Buyer Pages/Checkout Payment/input_BACK_btn_back'

2020-03-20 14:21:47 - [TEST_STEP][PASSED] - sendKeys(findTestObject("ADMIN/Edit Text/Bespoke/Buyer Pages/Checkout Payment/input_PAY NOW_btn_proceed_payment"), "*"): Keys '*' sent to object: 'Object Repository/ADMIN/Edit Text/Bespoke/Buyer Pages/Checkout Payment/input_PAY NOW_btn_proceed_payment'

2020-03-20 14:21:47 - [MESSAGE][PASSED] - Keys '*' sent to object: 'Object Repository/ADMIN/Edit Text/Bespoke/Buyer Pages/Checkout Payment/input_PAY NOW_btn_proceed_payment'

2020-03-20 14:21:47 - [TEST_STEP][PASSED] - click(findTestObject("ADMIN/Edit Text/Bespoke/Buyer Pages/Homepage/button_save"), CONTINUE_ON_FAILURE): Object: 'Object Repository/ADMIN/Edit Text/Bespoke/Buyer Pages/Homepage/button_save' is clicked on

2020-03-20 14:21:47 - [MESSAGE][PASSED] - Object: 'Object Repository/ADMIN/Edit Text/Bespoke/Buyer Pages/Homepage/button_save' is clicked on

2020-03-20 14:21:47 - [TEST_STEP][PASSED] - waitForElementVisible(findTestObject("ADMIN/Edit Text/Bespoke/Buyer Pages/Homepage/toaster_success"), 0): Object 'Object Repository/ADMIN/Edit Text/Bespoke/Buyer Pages/Homepage/toaster_success' is visible

2020-03-20 14:21:47 - [MESSAGE][WARNING] - Timeout '0' is invalid. Using default page load timeout: '30'

2020-03-20 14:21:48 - [MESSAGE][PASSED] - Object 'Object Repository/ADMIN/Edit Text/Bespoke/Buyer Pages/Homepage/toaster_success' is visible]]></system-out>
         <system-err><![CDATA[]]></system-err>
      </testcase>
      <testcase name="Test Cases/ADMIN/Language/Edit Text/Bespoke/Buyer Pages/Checkout Payment" time="4.881" classname="Test Cases/ADMIN/Language/Edit Text/Bespoke/Buyer Pages/Checkout Payment" status="PASSED">
         <system-out><![CDATA[2020-03-20 14:21:48 - [TEST_CASE][PASSED] - Test Cases/ADMIN/Language/Edit Text/Bespoke/Buyer Pages/Checkout Payment: Test Cases/ADMIN/Language/Edit Text/Bespoke/Buyer Pages/Checkout Payment

2020-03-20 14:21:48 - [TEST_STEP][PASSED] - waitForElementVisible(findTestObject("ADMIN/Edit Text/Bespoke/Buyer Navigation/dd_language"), 0): Object 'Object Repository/ADMIN/Edit Text/Bespoke/Buyer Navigation/dd_language' is visible

2020-03-20 14:21:48 - [MESSAGE][WARNING] - Timeout '0' is invalid. Using default page load timeout: '30'

2020-03-20 14:21:49 - [MESSAGE][PASSED] - Object 'Object Repository/ADMIN/Edit Text/Bespoke/Buyer Navigation/dd_language' is visible

2020-03-20 14:21:49 - [TEST_STEP][PASSED] - selectOptionByLabel(findTestObject("ADMIN/Edit Text/Bespoke/Buyer Navigation/dd_language"), varLanguage, false): All options with label 'English' are selected in object 'Object Repository/ADMIN/Edit Text/Bespoke/Buyer Navigation/dd_language' 

2020-03-20 14:21:50 - [MESSAGE][PASSED] - All options with label 'English' are selected in object 'Object Repository/ADMIN/Edit Text/Bespoke/Buyer Navigation/dd_language' 

2020-03-20 14:21:50 - [TEST_STEP][PASSED] - sendKeys(findTestObject("ADMIN/Edit Text/Bespoke/Buyer Pages/Checkout Payment/input_DELIVERY_tab-title"), "*"): Keys '*' sent to object: 'Object Repository/ADMIN/Edit Text/Bespoke/Buyer Pages/Checkout Payment/input_DELIVERY_tab-title'

2020-03-20 14:21:50 - [MESSAGE][PASSED] - Keys '*' sent to object: 'Object Repository/ADMIN/Edit Text/Bespoke/Buyer Pages/Checkout Payment/input_DELIVERY_tab-title'

2020-03-20 14:21:50 - [TEST_STEP][PASSED] - sendKeys(findTestObject("ADMIN/Edit Text/Bespoke/Buyer Pages/Checkout Payment/input_REVIEW_tab-title"), "*"): Keys '*' sent to object: 'Object Repository/ADMIN/Edit Text/Bespoke/Buyer Pages/Checkout Payment/input_REVIEW_tab-title'

2020-03-20 14:21:50 - [MESSAGE][PASSED] - Keys '*' sent to object: 'Object Repository/ADMIN/Edit Text/Bespoke/Buyer Pages/Checkout Payment/input_REVIEW_tab-title'

2020-03-20 14:21:50 - [TEST_STEP][PASSED] - sendKeys(findTestObject("ADMIN/Edit Text/Bespoke/Buyer Pages/Checkout Payment/input_PAY_tab-title"), "*"): Keys '*' sent to object: 'Object Repository/ADMIN/Edit Text/Bespoke/Buyer Pages/Checkout Payment/input_PAY_tab-title'

2020-03-20 14:21:50 - [MESSAGE][PASSED] - Keys '*' sent to object: 'Object Repository/ADMIN/Edit Text/Bespoke/Buyer Pages/Checkout Payment/input_PAY_tab-title'

2020-03-20 14:21:50 - [TEST_STEP][PASSED] - sendKeys(findTestObject("ADMIN/Edit Text/Bespoke/Buyer Pages/Checkout Payment/input_PAYMENT METHOD_delivery-address"), "*"): Keys '*' sent to object: 'Object Repository/ADMIN/Edit Text/Bespoke/Buyer Pages/Checkout Payment/input_PAYMENT METHOD_delivery-address'

2020-03-20 14:21:51 - [MESSAGE][PASSED] - Keys '*' sent to object: 'Object Repository/ADMIN/Edit Text/Bespoke/Buyer Pages/Checkout Payment/input_PAYMENT METHOD_delivery-address'

2020-03-20 14:21:51 - [TEST_STEP][PASSED] - sendKeys(findTestObject("ADMIN/Edit Text/Bespoke/Buyer Pages/Checkout Payment/input_ORDER SUMMARY_order-summary"), "*"): Keys '*' sent to object: 'Object Repository/ADMIN/Edit Text/Bespoke/Buyer Pages/Checkout Payment/input_ORDER SUMMARY_order-summary'

2020-03-20 14:21:51 - [MESSAGE][PASSED] - Keys '*' sent to object: 'Object Repository/ADMIN/Edit Text/Bespoke/Buyer Pages/Checkout Payment/input_ORDER SUMMARY_order-summary'

2020-03-20 14:21:51 - [TEST_STEP][PASSED] - sendKeys(findTestObject("ADMIN/Edit Text/Bespoke/Buyer Pages/Checkout Payment/textarea_Upon clicking the Pay Now button you will be re-directed to the Payment Gateway to continue with your transaction"), "*"): Keys '*' sent to object: 'Object Repository/ADMIN/Edit Text/Bespoke/Buyer Pages/Checkout Payment/textarea_Upon clicking the Pay Now button you will be re-directed to the Payment Gateway to continue with your transaction'

2020-03-20 14:21:51 - [MESSAGE][PASSED] - Keys '*' sent to object: 'Object Repository/ADMIN/Edit Text/Bespoke/Buyer Pages/Checkout Payment/textarea_Upon clicking the Pay Now button you will be re-directed to the Payment Gateway to continue with your transaction'

2020-03-20 14:21:51 - [TEST_STEP][PASSED] - sendKeys(findTestObject("ADMIN/Edit Text/Bespoke/Buyer Pages/Checkout Payment/input_Sub Total_cart-sub-total"), "*"): Keys '*' sent to object: 'Object Repository/ADMIN/Edit Text/Bespoke/Buyer Pages/Checkout Payment/input_Sub Total_cart-sub-total'

2020-03-20 14:21:51 - [MESSAGE][PASSED] - Keys '*' sent to object: 'Object Repository/ADMIN/Edit Text/Bespoke/Buyer Pages/Checkout Payment/input_Sub Total_cart-sub-total'

2020-03-20 14:21:51 - [TEST_STEP][PASSED] - sendKeys(findTestObject("ADMIN/Edit Text/Bespoke/Buyer Pages/Checkout Payment/input_Delivery Costs_cart-delivery-costs"), "*"): Keys '*' sent to object: 'Object Repository/ADMIN/Edit Text/Bespoke/Buyer Pages/Checkout Payment/input_Delivery Costs_cart-delivery-costs'

2020-03-20 14:21:52 - [MESSAGE][PASSED] - Keys '*' sent to object: 'Object Repository/ADMIN/Edit Text/Bespoke/Buyer Pages/Checkout Payment/input_Delivery Costs_cart-delivery-costs'

2020-03-20 14:21:52 - [TEST_STEP][PASSED] - sendKeys(findTestObject("ADMIN/Edit Text/Bespoke/Buyer Pages/Checkout Payment/input_Bulk Delivery Discount_cart-bulk-delivery-discount"), "*"): Keys '*' sent to object: 'Object Repository/ADMIN/Edit Text/Bespoke/Buyer Pages/Checkout Payment/input_Bulk Delivery Discount_cart-bulk-delivery-discount'

2020-03-20 14:21:52 - [MESSAGE][PASSED] - Keys '*' sent to object: 'Object Repository/ADMIN/Edit Text/Bespoke/Buyer Pages/Checkout Payment/input_Bulk Delivery Discount_cart-bulk-delivery-discount'

2020-03-20 14:21:52 - [TEST_STEP][PASSED] - sendKeys(findTestObject("ADMIN/Edit Text/Bespoke/Buyer Pages/Checkout Payment/input_TOTAL_cart-total"), "*"): Keys '*' sent to object: 'Object Repository/ADMIN/Edit Text/Bespoke/Buyer Pages/Checkout Payment/input_TOTAL_cart-total'

2020-03-20 14:21:52 - [MESSAGE][PASSED] - Keys '*' sent to object: 'Object Repository/ADMIN/Edit Text/Bespoke/Buyer Pages/Checkout Payment/input_TOTAL_cart-total'

2020-03-20 14:21:52 - [TEST_STEP][PASSED] - sendKeys(findTestObject("ADMIN/Edit Text/Bespoke/Buyer Pages/Checkout Payment/input_BACK_btn_back"), "*"): Keys '*' sent to object: 'Object Repository/ADMIN/Edit Text/Bespoke/Buyer Pages/Checkout Payment/input_BACK_btn_back'

2020-03-20 14:21:52 - [MESSAGE][PASSED] - Keys '*' sent to object: 'Object Repository/ADMIN/Edit Text/Bespoke/Buyer Pages/Checkout Payment/input_BACK_btn_back'

2020-03-20 14:21:52 - [TEST_STEP][PASSED] - sendKeys(findTestObject("ADMIN/Edit Text/Bespoke/Buyer Pages/Checkout Payment/input_PAY NOW_btn_proceed_payment"), "*"): Keys '*' sent to object: 'Object Repository/ADMIN/Edit Text/Bespoke/Buyer Pages/Checkout Payment/input_PAY NOW_btn_proceed_payment'

2020-03-20 14:21:53 - [MESSAGE][PASSED] - Keys '*' sent to object: 'Object Repository/ADMIN/Edit Text/Bespoke/Buyer Pages/Checkout Payment/input_PAY NOW_btn_proceed_payment'

2020-03-20 14:21:53 - [TEST_STEP][PASSED] - click(findTestObject("ADMIN/Edit Text/Bespoke/Buyer Pages/Homepage/button_save"), CONTINUE_ON_FAILURE): Object: 'Object Repository/ADMIN/Edit Text/Bespoke/Buyer Pages/Homepage/button_save' is clicked on

2020-03-20 14:21:53 - [MESSAGE][PASSED] - Object: 'Object Repository/ADMIN/Edit Text/Bespoke/Buyer Pages/Homepage/button_save' is clicked on

2020-03-20 14:21:53 - [TEST_STEP][PASSED] - waitForElementVisible(findTestObject("ADMIN/Edit Text/Bespoke/Buyer Pages/Homepage/toaster_success"), 0): Object 'Object Repository/ADMIN/Edit Text/Bespoke/Buyer Pages/Homepage/toaster_success' is visible

2020-03-20 14:21:53 - [MESSAGE][WARNING] - Timeout '0' is invalid. Using default page load timeout: '30'

2020-03-20 14:21:53 - [MESSAGE][PASSED] - Object 'Object Repository/ADMIN/Edit Text/Bespoke/Buyer Pages/Homepage/toaster_success' is visible]]></system-out>
         <system-err><![CDATA[]]></system-err>
      </testcase>
      <testcase name="Test Cases/ADMIN/Language/Edit Text/Bespoke/Buyer Pages/Checkout Completed Navigation" time="4.287" classname="Test Cases/ADMIN/Language/Edit Text/Bespoke/Buyer Pages/Checkout Completed Navigation" status="PASSED">
         <system-out><![CDATA[2020-03-20 14:21:53 - [TEST_CASE][PASSED] - Test Cases/ADMIN/Language/Edit Text/Bespoke/Buyer Pages/Checkout Completed Navigation: Test Cases/ADMIN/Language/Edit Text/Bespoke/Buyer Pages/Checkout Completed Navigation

2020-03-20 14:21:53 - [TEST_STEP][PASSED] - waitForElementVisible(findTestObject("ADMIN/Language/sidemenu_Language"), 0): Object 'Object Repository/ADMIN/Language/sidemenu_Language' is visible

2020-03-20 14:21:53 - [MESSAGE][WARNING] - Timeout '0' is invalid. Using default page load timeout: '30'

2020-03-20 14:21:53 - [MESSAGE][PASSED] - Object 'Object Repository/ADMIN/Language/sidemenu_Language' is visible

2020-03-20 14:21:53 - [TEST_STEP][PASSED] - click(findTestObject("ADMIN/Language/sidemenu_Language"), CONTINUE_ON_FAILURE): Object: 'Object Repository/ADMIN/Language/sidemenu_Language' is clicked on

2020-03-20 14:21:54 - [MESSAGE][PASSED] - Object: 'Object Repository/ADMIN/Language/sidemenu_Language' is clicked on

2020-03-20 14:21:54 - [TEST_STEP][PASSED] - waitForElementVisible(findTestObject("ADMIN/Language/sidemenu_Edit Text"), 0): Object 'Object Repository/ADMIN/Language/sidemenu_Edit Text' is visible

2020-03-20 14:21:54 - [MESSAGE][WARNING] - Timeout '0' is invalid. Using default page load timeout: '30'

2020-03-20 14:21:54 - [MESSAGE][PASSED] - Object 'Object Repository/ADMIN/Language/sidemenu_Edit Text' is visible

2020-03-20 14:21:54 - [TEST_STEP][PASSED] - click(findTestObject("ADMIN/Language/sidemenu_Edit Text"), CONTINUE_ON_FAILURE): Object: 'Object Repository/ADMIN/Language/sidemenu_Edit Text' is clicked on

2020-03-20 14:21:55 - [MESSAGE][PASSED] - Object: 'Object Repository/ADMIN/Language/sidemenu_Edit Text' is clicked on

2020-03-20 14:21:55 - [TEST_STEP][PASSED] - waitForElementVisible(findTestObject("ADMIN/Edit Text/Bespoke/Buyer Navigation/icon_dd"), 0): Object 'Object Repository/ADMIN/Edit Text/Bespoke/Buyer Navigation/icon_dd' is visible

2020-03-20 14:21:55 - [MESSAGE][WARNING] - Timeout '0' is invalid. Using default page load timeout: '30'

2020-03-20 14:21:55 - [MESSAGE][PASSED] - Object 'Object Repository/ADMIN/Edit Text/Bespoke/Buyer Navigation/icon_dd' is visible

2020-03-20 14:21:55 - [TEST_STEP][PASSED] - click(findTestObject("ADMIN/Edit Text/Bespoke/Buyer Navigation/icon_dd"), CONTINUE_ON_FAILURE): Object: 'Object Repository/ADMIN/Edit Text/Bespoke/Buyer Navigation/icon_dd' is clicked on

2020-03-20 14:21:56 - [MESSAGE][PASSED] - Object: 'Object Repository/ADMIN/Edit Text/Bespoke/Buyer Navigation/icon_dd' is clicked on

2020-03-20 14:21:56 - [TEST_STEP][PASSED] - waitForElementVisible(findTestObject("ADMIN/Edit Text/Bespoke/Buyer Navigation/textlink_Checkout (Completed)"), 0): Object 'Object Repository/ADMIN/Edit Text/Bespoke/Buyer Navigation/textlink_Checkout (Completed)' is visible

2020-03-20 14:21:56 - [MESSAGE][WARNING] - Timeout '0' is invalid. Using default page load timeout: '30'

2020-03-20 14:21:56 - [MESSAGE][PASSED] - Object 'Object Repository/ADMIN/Edit Text/Bespoke/Buyer Navigation/textlink_Checkout (Completed)' is visible

2020-03-20 14:21:56 - [TEST_STEP][PASSED] - click(findTestObject("ADMIN/Edit Text/Bespoke/Buyer Navigation/textlink_Checkout (Completed)"), CONTINUE_ON_FAILURE): Object: 'Object Repository/ADMIN/Edit Text/Bespoke/Buyer Navigation/textlink_Checkout (Completed)' is clicked on

2020-03-20 14:21:57 - [MESSAGE][PASSED] - Object: 'Object Repository/ADMIN/Edit Text/Bespoke/Buyer Navigation/textlink_Checkout (Completed)' is clicked on

2020-03-20 14:21:57 - [TEST_STEP][PASSED] - waitForElementVisible(findTestObject("ADMIN/Edit Text/Bespoke/Buyer Navigation/dd_language"), 0): Object 'Object Repository/ADMIN/Edit Text/Bespoke/Buyer Navigation/dd_language' is visible

2020-03-20 14:21:57 - [MESSAGE][WARNING] - Timeout '0' is invalid. Using default page load timeout: '30'

2020-03-20 14:21:57 - [MESSAGE][PASSED] - Object 'Object Repository/ADMIN/Edit Text/Bespoke/Buyer Navigation/dd_language' is visible]]></system-out>
         <system-err><![CDATA[]]></system-err>
      </testcase>
      <testcase name="Test Cases/ADMIN/Language/Edit Text/Bespoke/Buyer Pages/Checkout Completed" time="4.513" classname="Test Cases/ADMIN/Language/Edit Text/Bespoke/Buyer Pages/Checkout Completed" status="PASSED">
         <system-out><![CDATA[2020-03-20 14:21:57 - [TEST_CASE][PASSED] - Test Cases/ADMIN/Language/Edit Text/Bespoke/Buyer Pages/Checkout Completed: Test Cases/ADMIN/Language/Edit Text/Bespoke/Buyer Pages/Checkout Completed

2020-03-20 14:21:58 - [TEST_STEP][PASSED] - waitForElementVisible(findTestObject("ADMIN/Edit Text/Bespoke/Buyer Navigation/dd_language"), 0): Object 'Object Repository/ADMIN/Edit Text/Bespoke/Buyer Navigation/dd_language' is visible

2020-03-20 14:21:58 - [MESSAGE][WARNING] - Timeout '0' is invalid. Using default page load timeout: '30'

2020-03-20 14:21:58 - [MESSAGE][PASSED] - Object 'Object Repository/ADMIN/Edit Text/Bespoke/Buyer Navigation/dd_language' is visible

2020-03-20 14:21:58 - [TEST_STEP][PASSED] - selectOptionByLabel(findTestObject("ADMIN/Edit Text/Bespoke/Buyer Navigation/dd_language"), varLanguage, false): All options with label 'French' are selected in object 'Object Repository/ADMIN/Edit Text/Bespoke/Buyer Navigation/dd_language' 

2020-03-20 14:21:59 - [MESSAGE][PASSED] - All options with label 'French' are selected in object 'Object Repository/ADMIN/Edit Text/Bespoke/Buyer Navigation/dd_language' 

2020-03-20 14:21:59 - [TEST_STEP][PASSED] - sendKeys(findTestObject("ADMIN/Edit Text/Bespoke/Buyer Pages/Checkout Completed/input_THANK YOU FOR YOUR PURCHASE_thanks-msg"), "*"): Keys '*' sent to object: 'Object Repository/ADMIN/Edit Text/Bespoke/Buyer Pages/Checkout Completed/input_THANK YOU FOR YOUR PURCHASE_thanks-msg'

2020-03-20 14:22:00 - [MESSAGE][PASSED] - Keys '*' sent to object: 'Object Repository/ADMIN/Edit Text/Bespoke/Buyer Pages/Checkout Completed/input_THANK YOU FOR YOUR PURCHASE_thanks-msg'

2020-03-20 14:22:00 - [TEST_STEP][PASSED] - sendKeys(findTestObject("ADMIN/Edit Text/Bespoke/Buyer Pages/Checkout Completed/input_YOUR INVOICE ID IS_your-invoice-id"), "*"): Keys '*' sent to object: 'Object Repository/ADMIN/Edit Text/Bespoke/Buyer Pages/Checkout Completed/input_YOUR INVOICE ID IS_your-invoice-id'

2020-03-20 14:22:00 - [MESSAGE][PASSED] - Keys '*' sent to object: 'Object Repository/ADMIN/Edit Text/Bespoke/Buyer Pages/Checkout Completed/input_YOUR INVOICE ID IS_your-invoice-id'

2020-03-20 14:22:00 - [TEST_STEP][PASSED] - sendKeys(findTestObject("ADMIN/Edit Text/Bespoke/Buyer Pages/Checkout Completed/textarea_You will receive an order confirmation email shortlyIf you have any enquiry please"), "*"): Keys '*' sent to object: 'Object Repository/ADMIN/Edit Text/Bespoke/Buyer Pages/Checkout Completed/textarea_You will receive an order confirmation email shortlyIf you have any enquiry please'

2020-03-20 14:22:00 - [MESSAGE][PASSED] - Keys '*' sent to object: 'Object Repository/ADMIN/Edit Text/Bespoke/Buyer Pages/Checkout Completed/textarea_You will receive an order confirmation email shortlyIf you have any enquiry please'

2020-03-20 14:22:00 - [TEST_STEP][PASSED] - sendKeys(findTestObject("ADMIN/Edit Text/Bespoke/Buyer Pages/Checkout Completed/input_contact us_contact-us-txt"), "*"): Keys '*' sent to object: 'Object Repository/ADMIN/Edit Text/Bespoke/Buyer Pages/Checkout Completed/input_contact us_contact-us-txt'

2020-03-20 14:22:00 - [MESSAGE][PASSED] - Keys '*' sent to object: 'Object Repository/ADMIN/Edit Text/Bespoke/Buyer Pages/Checkout Completed/input_contact us_contact-us-txt'

2020-03-20 14:22:00 - [TEST_STEP][PASSED] - sendKeys(findTestObject("ADMIN/Edit Text/Bespoke/Buyer Pages/Checkout Completed/input_HOME PAGE_btn_back"), "*"): Keys '*' sent to object: 'Object Repository/ADMIN/Edit Text/Bespoke/Buyer Pages/Checkout Completed/input_HOME PAGE_btn_back'

2020-03-20 14:22:01 - [MESSAGE][PASSED] - Keys '*' sent to object: 'Object Repository/ADMIN/Edit Text/Bespoke/Buyer Pages/Checkout Completed/input_HOME PAGE_btn_back'

2020-03-20 14:22:01 - [TEST_STEP][PASSED] - sendKeys(findTestObject("ADMIN/Edit Text/Bespoke/Buyer Pages/Checkout Completed/input_PURCHASE HISTORY_btn_proceed_payment"), "*"): Keys '*' sent to object: 'Object Repository/ADMIN/Edit Text/Bespoke/Buyer Pages/Checkout Completed/input_PURCHASE HISTORY_btn_proceed_payment'

2020-03-20 14:22:01 - [MESSAGE][PASSED] - Keys '*' sent to object: 'Object Repository/ADMIN/Edit Text/Bespoke/Buyer Pages/Checkout Completed/input_PURCHASE HISTORY_btn_proceed_payment'

2020-03-20 14:22:01 - [TEST_STEP][PASSED] - sendKeys(findTestObject("ADMIN/Edit Text/Bespoke/Buyer Pages/Checkout Completed/input_Sign up now to save your address for next time_sign-up-msg"), "*"): Keys '*' sent to object: 'Object Repository/ADMIN/Edit Text/Bespoke/Buyer Pages/Checkout Completed/input_Sign up now to save your address for next time_sign-up-msg'

2020-03-20 14:22:01 - [MESSAGE][PASSED] - Keys '*' sent to object: 'Object Repository/ADMIN/Edit Text/Bespoke/Buyer Pages/Checkout Completed/input_Sign up now to save your address for next time_sign-up-msg'

2020-03-20 14:22:01 - [TEST_STEP][PASSED] - sendKeys(findTestObject("ADMIN/Edit Text/Bespoke/Buyer Pages/Checkout Completed/input_SIGN UP_btn_back"), "*"): Keys '*' sent to object: 'Object Repository/ADMIN/Edit Text/Bespoke/Buyer Pages/Checkout Completed/input_SIGN UP_btn_back'

2020-03-20 14:22:01 - [MESSAGE][PASSED] - Keys '*' sent to object: 'Object Repository/ADMIN/Edit Text/Bespoke/Buyer Pages/Checkout Completed/input_SIGN UP_btn_back'

2020-03-20 14:22:01 - [TEST_STEP][PASSED] - click(findTestObject("ADMIN/Edit Text/Bespoke/Buyer Pages/Homepage/button_save"), CONTINUE_ON_FAILURE): Object: 'Object Repository/ADMIN/Edit Text/Bespoke/Buyer Pages/Homepage/button_save' is clicked on

2020-03-20 14:22:02 - [MESSAGE][PASSED] - Object: 'Object Repository/ADMIN/Edit Text/Bespoke/Buyer Pages/Homepage/button_save' is clicked on

2020-03-20 14:22:02 - [TEST_STEP][PASSED] - waitForElementVisible(findTestObject("ADMIN/Edit Text/Bespoke/Buyer Pages/Homepage/toaster_success"), 0): Object 'Object Repository/ADMIN/Edit Text/Bespoke/Buyer Pages/Homepage/toaster_success' is visible

2020-03-20 14:22:02 - [MESSAGE][WARNING] - Timeout '0' is invalid. Using default page load timeout: '30'

2020-03-20 14:22:02 - [MESSAGE][PASSED] - Object 'Object Repository/ADMIN/Edit Text/Bespoke/Buyer Pages/Homepage/toaster_success' is visible]]></system-out>
         <system-err><![CDATA[]]></system-err>
      </testcase>
      <testcase name="Test Cases/ADMIN/Language/Edit Text/Bespoke/Buyer Pages/Checkout Completed" time="4.003" classname="Test Cases/ADMIN/Language/Edit Text/Bespoke/Buyer Pages/Checkout Completed" status="PASSED">
         <system-out><![CDATA[2020-03-20 14:22:02 - [TEST_CASE][PASSED] - Test Cases/ADMIN/Language/Edit Text/Bespoke/Buyer Pages/Checkout Completed: Test Cases/ADMIN/Language/Edit Text/Bespoke/Buyer Pages/Checkout Completed

2020-03-20 14:22:02 - [TEST_STEP][PASSED] - waitForElementVisible(findTestObject("ADMIN/Edit Text/Bespoke/Buyer Navigation/dd_language"), 0): Object 'Object Repository/ADMIN/Edit Text/Bespoke/Buyer Navigation/dd_language' is visible

2020-03-20 14:22:02 - [MESSAGE][WARNING] - Timeout '0' is invalid. Using default page load timeout: '30'

2020-03-20 14:22:02 - [MESSAGE][PASSED] - Object 'Object Repository/ADMIN/Edit Text/Bespoke/Buyer Navigation/dd_language' is visible

2020-03-20 14:22:02 - [TEST_STEP][PASSED] - selectOptionByLabel(findTestObject("ADMIN/Edit Text/Bespoke/Buyer Navigation/dd_language"), varLanguage, false): All options with label 'Spanish' are selected in object 'Object Repository/ADMIN/Edit Text/Bespoke/Buyer Navigation/dd_language' 

2020-03-20 14:22:03 - [MESSAGE][PASSED] - All options with label 'Spanish' are selected in object 'Object Repository/ADMIN/Edit Text/Bespoke/Buyer Navigation/dd_language' 

2020-03-20 14:22:03 - [TEST_STEP][PASSED] - sendKeys(findTestObject("ADMIN/Edit Text/Bespoke/Buyer Pages/Checkout Completed/input_THANK YOU FOR YOUR PURCHASE_thanks-msg"), "*"): Keys '*' sent to object: 'Object Repository/ADMIN/Edit Text/Bespoke/Buyer Pages/Checkout Completed/input_THANK YOU FOR YOUR PURCHASE_thanks-msg'

2020-03-20 14:22:04 - [MESSAGE][PASSED] - Keys '*' sent to object: 'Object Repository/ADMIN/Edit Text/Bespoke/Buyer Pages/Checkout Completed/input_THANK YOU FOR YOUR PURCHASE_thanks-msg'

2020-03-20 14:22:04 - [TEST_STEP][PASSED] - sendKeys(findTestObject("ADMIN/Edit Text/Bespoke/Buyer Pages/Checkout Completed/input_YOUR INVOICE ID IS_your-invoice-id"), "*"): Keys '*' sent to object: 'Object Repository/ADMIN/Edit Text/Bespoke/Buyer Pages/Checkout Completed/input_YOUR INVOICE ID IS_your-invoice-id'

2020-03-20 14:22:04 - [MESSAGE][PASSED] - Keys '*' sent to object: 'Object Repository/ADMIN/Edit Text/Bespoke/Buyer Pages/Checkout Completed/input_YOUR INVOICE ID IS_your-invoice-id'

2020-03-20 14:22:04 - [TEST_STEP][PASSED] - sendKeys(findTestObject("ADMIN/Edit Text/Bespoke/Buyer Pages/Checkout Completed/textarea_You will receive an order confirmation email shortlyIf you have any enquiry please"), "*"): Keys '*' sent to object: 'Object Repository/ADMIN/Edit Text/Bespoke/Buyer Pages/Checkout Completed/textarea_You will receive an order confirmation email shortlyIf you have any enquiry please'

2020-03-20 14:22:04 - [MESSAGE][PASSED] - Keys '*' sent to object: 'Object Repository/ADMIN/Edit Text/Bespoke/Buyer Pages/Checkout Completed/textarea_You will receive an order confirmation email shortlyIf you have any enquiry please'

2020-03-20 14:22:04 - [TEST_STEP][PASSED] - sendKeys(findTestObject("ADMIN/Edit Text/Bespoke/Buyer Pages/Checkout Completed/input_contact us_contact-us-txt"), "*"): Keys '*' sent to object: 'Object Repository/ADMIN/Edit Text/Bespoke/Buyer Pages/Checkout Completed/input_contact us_contact-us-txt'

2020-03-20 14:22:04 - [MESSAGE][PASSED] - Keys '*' sent to object: 'Object Repository/ADMIN/Edit Text/Bespoke/Buyer Pages/Checkout Completed/input_contact us_contact-us-txt'

2020-03-20 14:22:04 - [TEST_STEP][PASSED] - sendKeys(findTestObject("ADMIN/Edit Text/Bespoke/Buyer Pages/Checkout Completed/input_HOME PAGE_btn_back"), "*"): Keys '*' sent to object: 'Object Repository/ADMIN/Edit Text/Bespoke/Buyer Pages/Checkout Completed/input_HOME PAGE_btn_back'

2020-03-20 14:22:04 - [MESSAGE][PASSED] - Keys '*' sent to object: 'Object Repository/ADMIN/Edit Text/Bespoke/Buyer Pages/Checkout Completed/input_HOME PAGE_btn_back'

2020-03-20 14:22:04 - [TEST_STEP][PASSED] - sendKeys(findTestObject("ADMIN/Edit Text/Bespoke/Buyer Pages/Checkout Completed/input_PURCHASE HISTORY_btn_proceed_payment"), "*"): Keys '*' sent to object: 'Object Repository/ADMIN/Edit Text/Bespoke/Buyer Pages/Checkout Completed/input_PURCHASE HISTORY_btn_proceed_payment'

2020-03-20 14:22:05 - [MESSAGE][PASSED] - Keys '*' sent to object: 'Object Repository/ADMIN/Edit Text/Bespoke/Buyer Pages/Checkout Completed/input_PURCHASE HISTORY_btn_proceed_payment'

2020-03-20 14:22:05 - [TEST_STEP][PASSED] - sendKeys(findTestObject("ADMIN/Edit Text/Bespoke/Buyer Pages/Checkout Completed/input_Sign up now to save your address for next time_sign-up-msg"), "*"): Keys '*' sent to object: 'Object Repository/ADMIN/Edit Text/Bespoke/Buyer Pages/Checkout Completed/input_Sign up now to save your address for next time_sign-up-msg'

2020-03-20 14:22:05 - [MESSAGE][PASSED] - Keys '*' sent to object: 'Object Repository/ADMIN/Edit Text/Bespoke/Buyer Pages/Checkout Completed/input_Sign up now to save your address for next time_sign-up-msg'

2020-03-20 14:22:05 - [TEST_STEP][PASSED] - sendKeys(findTestObject("ADMIN/Edit Text/Bespoke/Buyer Pages/Checkout Completed/input_SIGN UP_btn_back"), "*"): Keys '*' sent to object: 'Object Repository/ADMIN/Edit Text/Bespoke/Buyer Pages/Checkout Completed/input_SIGN UP_btn_back'

2020-03-20 14:22:05 - [MESSAGE][PASSED] - Keys '*' sent to object: 'Object Repository/ADMIN/Edit Text/Bespoke/Buyer Pages/Checkout Completed/input_SIGN UP_btn_back'

2020-03-20 14:22:05 - [TEST_STEP][PASSED] - click(findTestObject("ADMIN/Edit Text/Bespoke/Buyer Pages/Homepage/button_save"), CONTINUE_ON_FAILURE): Object: 'Object Repository/ADMIN/Edit Text/Bespoke/Buyer Pages/Homepage/button_save' is clicked on

2020-03-20 14:22:05 - [MESSAGE][PASSED] - Object: 'Object Repository/ADMIN/Edit Text/Bespoke/Buyer Pages/Homepage/button_save' is clicked on

2020-03-20 14:22:05 - [TEST_STEP][PASSED] - waitForElementVisible(findTestObject("ADMIN/Edit Text/Bespoke/Buyer Pages/Homepage/toaster_success"), 0): Object 'Object Repository/ADMIN/Edit Text/Bespoke/Buyer Pages/Homepage/toaster_success' is visible

2020-03-20 14:22:05 - [MESSAGE][WARNING] - Timeout '0' is invalid. Using default page load timeout: '30'

2020-03-20 14:22:06 - [MESSAGE][PASSED] - Object 'Object Repository/ADMIN/Edit Text/Bespoke/Buyer Pages/Homepage/toaster_success' is visible]]></system-out>
         <system-err><![CDATA[]]></system-err>
      </testcase>
      <testcase name="Test Cases/ADMIN/Language/Edit Text/Bespoke/Buyer Pages/Checkout Completed" time="3.59" classname="Test Cases/ADMIN/Language/Edit Text/Bespoke/Buyer Pages/Checkout Completed" status="PASSED">
         <system-out><![CDATA[2020-03-20 14:22:06 - [TEST_CASE][PASSED] - Test Cases/ADMIN/Language/Edit Text/Bespoke/Buyer Pages/Checkout Completed: Test Cases/ADMIN/Language/Edit Text/Bespoke/Buyer Pages/Checkout Completed

2020-03-20 14:22:06 - [TEST_STEP][PASSED] - waitForElementVisible(findTestObject("ADMIN/Edit Text/Bespoke/Buyer Navigation/dd_language"), 0): Object 'Object Repository/ADMIN/Edit Text/Bespoke/Buyer Navigation/dd_language' is visible

2020-03-20 14:22:06 - [MESSAGE][WARNING] - Timeout '0' is invalid. Using default page load timeout: '30'

2020-03-20 14:22:06 - [MESSAGE][PASSED] - Object 'Object Repository/ADMIN/Edit Text/Bespoke/Buyer Navigation/dd_language' is visible

2020-03-20 14:22:06 - [TEST_STEP][PASSED] - selectOptionByLabel(findTestObject("ADMIN/Edit Text/Bespoke/Buyer Navigation/dd_language"), varLanguage, false): All options with label 'Hindi' are selected in object 'Object Repository/ADMIN/Edit Text/Bespoke/Buyer Navigation/dd_language' 

2020-03-20 14:22:07 - [MESSAGE][PASSED] - All options with label 'Hindi' are selected in object 'Object Repository/ADMIN/Edit Text/Bespoke/Buyer Navigation/dd_language' 

2020-03-20 14:22:07 - [TEST_STEP][PASSED] - sendKeys(findTestObject("ADMIN/Edit Text/Bespoke/Buyer Pages/Checkout Completed/input_THANK YOU FOR YOUR PURCHASE_thanks-msg"), "*"): Keys '*' sent to object: 'Object Repository/ADMIN/Edit Text/Bespoke/Buyer Pages/Checkout Completed/input_THANK YOU FOR YOUR PURCHASE_thanks-msg'

2020-03-20 14:22:08 - [MESSAGE][PASSED] - Keys '*' sent to object: 'Object Repository/ADMIN/Edit Text/Bespoke/Buyer Pages/Checkout Completed/input_THANK YOU FOR YOUR PURCHASE_thanks-msg'

2020-03-20 14:22:08 - [TEST_STEP][PASSED] - sendKeys(findTestObject("ADMIN/Edit Text/Bespoke/Buyer Pages/Checkout Completed/input_YOUR INVOICE ID IS_your-invoice-id"), "*"): Keys '*' sent to object: 'Object Repository/ADMIN/Edit Text/Bespoke/Buyer Pages/Checkout Completed/input_YOUR INVOICE ID IS_your-invoice-id'

2020-03-20 14:22:08 - [MESSAGE][PASSED] - Keys '*' sent to object: 'Object Repository/ADMIN/Edit Text/Bespoke/Buyer Pages/Checkout Completed/input_YOUR INVOICE ID IS_your-invoice-id'

2020-03-20 14:22:08 - [TEST_STEP][PASSED] - sendKeys(findTestObject("ADMIN/Edit Text/Bespoke/Buyer Pages/Checkout Completed/textarea_You will receive an order confirmation email shortlyIf you have any enquiry please"), "*"): Keys '*' sent to object: 'Object Repository/ADMIN/Edit Text/Bespoke/Buyer Pages/Checkout Completed/textarea_You will receive an order confirmation email shortlyIf you have any enquiry please'

2020-03-20 14:22:08 - [MESSAGE][PASSED] - Keys '*' sent to object: 'Object Repository/ADMIN/Edit Text/Bespoke/Buyer Pages/Checkout Completed/textarea_You will receive an order confirmation email shortlyIf you have any enquiry please'

2020-03-20 14:22:08 - [TEST_STEP][PASSED] - sendKeys(findTestObject("ADMIN/Edit Text/Bespoke/Buyer Pages/Checkout Completed/input_contact us_contact-us-txt"), "*"): Keys '*' sent to object: 'Object Repository/ADMIN/Edit Text/Bespoke/Buyer Pages/Checkout Completed/input_contact us_contact-us-txt'

2020-03-20 14:22:08 - [MESSAGE][PASSED] - Keys '*' sent to object: 'Object Repository/ADMIN/Edit Text/Bespoke/Buyer Pages/Checkout Completed/input_contact us_contact-us-txt'

2020-03-20 14:22:08 - [TEST_STEP][PASSED] - sendKeys(findTestObject("ADMIN/Edit Text/Bespoke/Buyer Pages/Checkout Completed/input_HOME PAGE_btn_back"), "*"): Keys '*' sent to object: 'Object Repository/ADMIN/Edit Text/Bespoke/Buyer Pages/Checkout Completed/input_HOME PAGE_btn_back'

2020-03-20 14:22:08 - [MESSAGE][PASSED] - Keys '*' sent to object: 'Object Repository/ADMIN/Edit Text/Bespoke/Buyer Pages/Checkout Completed/input_HOME PAGE_btn_back'

2020-03-20 14:22:08 - [TEST_STEP][PASSED] - sendKeys(findTestObject("ADMIN/Edit Text/Bespoke/Buyer Pages/Checkout Completed/input_PURCHASE HISTORY_btn_proceed_payment"), "*"): Keys '*' sent to object: 'Object Repository/ADMIN/Edit Text/Bespoke/Buyer Pages/Checkout Completed/input_PURCHASE HISTORY_btn_proceed_payment'

2020-03-20 14:22:08 - [MESSAGE][PASSED] - Keys '*' sent to object: 'Object Repository/ADMIN/Edit Text/Bespoke/Buyer Pages/Checkout Completed/input_PURCHASE HISTORY_btn_proceed_payment'

2020-03-20 14:22:08 - [TEST_STEP][PASSED] - sendKeys(findTestObject("ADMIN/Edit Text/Bespoke/Buyer Pages/Checkout Completed/input_Sign up now to save your address for next time_sign-up-msg"), "*"): Keys '*' sent to object: 'Object Repository/ADMIN/Edit Text/Bespoke/Buyer Pages/Checkout Completed/input_Sign up now to save your address for next time_sign-up-msg'

2020-03-20 14:22:08 - [MESSAGE][PASSED] - Keys '*' sent to object: 'Object Repository/ADMIN/Edit Text/Bespoke/Buyer Pages/Checkout Completed/input_Sign up now to save your address for next time_sign-up-msg'

2020-03-20 14:22:08 - [TEST_STEP][PASSED] - sendKeys(findTestObject("ADMIN/Edit Text/Bespoke/Buyer Pages/Checkout Completed/input_SIGN UP_btn_back"), "*"): Keys '*' sent to object: 'Object Repository/ADMIN/Edit Text/Bespoke/Buyer Pages/Checkout Completed/input_SIGN UP_btn_back'

2020-03-20 14:22:09 - [MESSAGE][PASSED] - Keys '*' sent to object: 'Object Repository/ADMIN/Edit Text/Bespoke/Buyer Pages/Checkout Completed/input_SIGN UP_btn_back'

2020-03-20 14:22:09 - [TEST_STEP][PASSED] - click(findTestObject("ADMIN/Edit Text/Bespoke/Buyer Pages/Homepage/button_save"), CONTINUE_ON_FAILURE): Object: 'Object Repository/ADMIN/Edit Text/Bespoke/Buyer Pages/Homepage/button_save' is clicked on

2020-03-20 14:22:09 - [MESSAGE][PASSED] - Object: 'Object Repository/ADMIN/Edit Text/Bespoke/Buyer Pages/Homepage/button_save' is clicked on

2020-03-20 14:22:09 - [TEST_STEP][PASSED] - waitForElementVisible(findTestObject("ADMIN/Edit Text/Bespoke/Buyer Pages/Homepage/toaster_success"), 0): Object 'Object Repository/ADMIN/Edit Text/Bespoke/Buyer Pages/Homepage/toaster_success' is visible

2020-03-20 14:22:09 - [MESSAGE][WARNING] - Timeout '0' is invalid. Using default page load timeout: '30'

2020-03-20 14:22:09 - [MESSAGE][PASSED] - Object 'Object Repository/ADMIN/Edit Text/Bespoke/Buyer Pages/Homepage/toaster_success' is visible]]></system-out>
         <system-err><![CDATA[]]></system-err>
      </testcase>
      <testcase name="Test Cases/ADMIN/Language/Edit Text/Bespoke/Buyer Pages/Checkout Completed" time="4.176" classname="Test Cases/ADMIN/Language/Edit Text/Bespoke/Buyer Pages/Checkout Completed" status="PASSED">
         <system-out><![CDATA[2020-03-20 14:22:09 - [TEST_CASE][PASSED] - Test Cases/ADMIN/Language/Edit Text/Bespoke/Buyer Pages/Checkout Completed: Test Cases/ADMIN/Language/Edit Text/Bespoke/Buyer Pages/Checkout Completed

2020-03-20 14:22:09 - [TEST_STEP][PASSED] - waitForElementVisible(findTestObject("ADMIN/Edit Text/Bespoke/Buyer Navigation/dd_language"), 0): Object 'Object Repository/ADMIN/Edit Text/Bespoke/Buyer Navigation/dd_language' is visible

2020-03-20 14:22:10 - [MESSAGE][WARNING] - Timeout '0' is invalid. Using default page load timeout: '30'

2020-03-20 14:22:10 - [MESSAGE][PASSED] - Object 'Object Repository/ADMIN/Edit Text/Bespoke/Buyer Navigation/dd_language' is visible

2020-03-20 14:22:10 - [TEST_STEP][PASSED] - selectOptionByLabel(findTestObject("ADMIN/Edit Text/Bespoke/Buyer Navigation/dd_language"), varLanguage, false): All options with label 'German' are selected in object 'Object Repository/ADMIN/Edit Text/Bespoke/Buyer Navigation/dd_language' 

2020-03-20 14:22:10 - [MESSAGE][PASSED] - All options with label 'German' are selected in object 'Object Repository/ADMIN/Edit Text/Bespoke/Buyer Navigation/dd_language' 

2020-03-20 14:22:10 - [TEST_STEP][PASSED] - sendKeys(findTestObject("ADMIN/Edit Text/Bespoke/Buyer Pages/Checkout Completed/input_THANK YOU FOR YOUR PURCHASE_thanks-msg"), "*"): Keys '*' sent to object: 'Object Repository/ADMIN/Edit Text/Bespoke/Buyer Pages/Checkout Completed/input_THANK YOU FOR YOUR PURCHASE_thanks-msg'

2020-03-20 14:22:11 - [MESSAGE][PASSED] - Keys '*' sent to object: 'Object Repository/ADMIN/Edit Text/Bespoke/Buyer Pages/Checkout Completed/input_THANK YOU FOR YOUR PURCHASE_thanks-msg'

2020-03-20 14:22:11 - [TEST_STEP][PASSED] - sendKeys(findTestObject("ADMIN/Edit Text/Bespoke/Buyer Pages/Checkout Completed/input_YOUR INVOICE ID IS_your-invoice-id"), "*"): Keys '*' sent to object: 'Object Repository/ADMIN/Edit Text/Bespoke/Buyer Pages/Checkout Completed/input_YOUR INVOICE ID IS_your-invoice-id'

2020-03-20 14:22:11 - [MESSAGE][PASSED] - Keys '*' sent to object: 'Object Repository/ADMIN/Edit Text/Bespoke/Buyer Pages/Checkout Completed/input_YOUR INVOICE ID IS_your-invoice-id'

2020-03-20 14:22:11 - [TEST_STEP][PASSED] - sendKeys(findTestObject("ADMIN/Edit Text/Bespoke/Buyer Pages/Checkout Completed/textarea_You will receive an order confirmation email shortlyIf you have any enquiry please"), "*"): Keys '*' sent to object: 'Object Repository/ADMIN/Edit Text/Bespoke/Buyer Pages/Checkout Completed/textarea_You will receive an order confirmation email shortlyIf you have any enquiry please'

2020-03-20 14:22:12 - [MESSAGE][PASSED] - Keys '*' sent to object: 'Object Repository/ADMIN/Edit Text/Bespoke/Buyer Pages/Checkout Completed/textarea_You will receive an order confirmation email shortlyIf you have any enquiry please'

2020-03-20 14:22:12 - [TEST_STEP][PASSED] - sendKeys(findTestObject("ADMIN/Edit Text/Bespoke/Buyer Pages/Checkout Completed/input_contact us_contact-us-txt"), "*"): Keys '*' sent to object: 'Object Repository/ADMIN/Edit Text/Bespoke/Buyer Pages/Checkout Completed/input_contact us_contact-us-txt'

2020-03-20 14:22:12 - [MESSAGE][PASSED] - Keys '*' sent to object: 'Object Repository/ADMIN/Edit Text/Bespoke/Buyer Pages/Checkout Completed/input_contact us_contact-us-txt'

2020-03-20 14:22:12 - [TEST_STEP][PASSED] - sendKeys(findTestObject("ADMIN/Edit Text/Bespoke/Buyer Pages/Checkout Completed/input_HOME PAGE_btn_back"), "*"): Keys '*' sent to object: 'Object Repository/ADMIN/Edit Text/Bespoke/Buyer Pages/Checkout Completed/input_HOME PAGE_btn_back'

2020-03-20 14:22:12 - [MESSAGE][PASSED] - Keys '*' sent to object: 'Object Repository/ADMIN/Edit Text/Bespoke/Buyer Pages/Checkout Completed/input_HOME PAGE_btn_back'

2020-03-20 14:22:12 - [TEST_STEP][PASSED] - sendKeys(findTestObject("ADMIN/Edit Text/Bespoke/Buyer Pages/Checkout Completed/input_PURCHASE HISTORY_btn_proceed_payment"), "*"): Keys '*' sent to object: 'Object Repository/ADMIN/Edit Text/Bespoke/Buyer Pages/Checkout Completed/input_PURCHASE HISTORY_btn_proceed_payment'

2020-03-20 14:22:12 - [MESSAGE][PASSED] - Keys '*' sent to object: 'Object Repository/ADMIN/Edit Text/Bespoke/Buyer Pages/Checkout Completed/input_PURCHASE HISTORY_btn_proceed_payment'

2020-03-20 14:22:12 - [TEST_STEP][PASSED] - sendKeys(findTestObject("ADMIN/Edit Text/Bespoke/Buyer Pages/Checkout Completed/input_Sign up now to save your address for next time_sign-up-msg"), "*"): Keys '*' sent to object: 'Object Repository/ADMIN/Edit Text/Bespoke/Buyer Pages/Checkout Completed/input_Sign up now to save your address for next time_sign-up-msg'

2020-03-20 14:22:13 - [MESSAGE][PASSED] - Keys '*' sent to object: 'Object Repository/ADMIN/Edit Text/Bespoke/Buyer Pages/Checkout Completed/input_Sign up now to save your address for next time_sign-up-msg'

2020-03-20 14:22:13 - [TEST_STEP][PASSED] - sendKeys(findTestObject("ADMIN/Edit Text/Bespoke/Buyer Pages/Checkout Completed/input_SIGN UP_btn_back"), "*"): Keys '*' sent to object: 'Object Repository/ADMIN/Edit Text/Bespoke/Buyer Pages/Checkout Completed/input_SIGN UP_btn_back'

2020-03-20 14:22:13 - [MESSAGE][PASSED] - Keys '*' sent to object: 'Object Repository/ADMIN/Edit Text/Bespoke/Buyer Pages/Checkout Completed/input_SIGN UP_btn_back'

2020-03-20 14:22:13 - [TEST_STEP][PASSED] - click(findTestObject("ADMIN/Edit Text/Bespoke/Buyer Pages/Homepage/button_save"), CONTINUE_ON_FAILURE): Object: 'Object Repository/ADMIN/Edit Text/Bespoke/Buyer Pages/Homepage/button_save' is clicked on

2020-03-20 14:22:13 - [MESSAGE][PASSED] - Object: 'Object Repository/ADMIN/Edit Text/Bespoke/Buyer Pages/Homepage/button_save' is clicked on

2020-03-20 14:22:13 - [TEST_STEP][PASSED] - waitForElementVisible(findTestObject("ADMIN/Edit Text/Bespoke/Buyer Pages/Homepage/toaster_success"), 0): Object 'Object Repository/ADMIN/Edit Text/Bespoke/Buyer Pages/Homepage/toaster_success' is visible

2020-03-20 14:22:13 - [MESSAGE][WARNING] - Timeout '0' is invalid. Using default page load timeout: '30'

2020-03-20 14:22:14 - [MESSAGE][PASSED] - Object 'Object Repository/ADMIN/Edit Text/Bespoke/Buyer Pages/Homepage/toaster_success' is visible]]></system-out>
         <system-err><![CDATA[]]></system-err>
      </testcase>
      <testcase name="Test Cases/ADMIN/Language/Edit Text/Bespoke/Buyer Pages/Checkout Completed" time="4.862" classname="Test Cases/ADMIN/Language/Edit Text/Bespoke/Buyer Pages/Checkout Completed" status="PASSED">
         <system-out><![CDATA[2020-03-20 14:22:14 - [TEST_CASE][PASSED] - Test Cases/ADMIN/Language/Edit Text/Bespoke/Buyer Pages/Checkout Completed: Test Cases/ADMIN/Language/Edit Text/Bespoke/Buyer Pages/Checkout Completed

2020-03-20 14:22:14 - [TEST_STEP][PASSED] - waitForElementVisible(findTestObject("ADMIN/Edit Text/Bespoke/Buyer Navigation/dd_language"), 0): Object 'Object Repository/ADMIN/Edit Text/Bespoke/Buyer Navigation/dd_language' is visible

2020-03-20 14:22:14 - [MESSAGE][WARNING] - Timeout '0' is invalid. Using default page load timeout: '30'

2020-03-20 14:22:14 - [MESSAGE][PASSED] - Object 'Object Repository/ADMIN/Edit Text/Bespoke/Buyer Navigation/dd_language' is visible

2020-03-20 14:22:14 - [TEST_STEP][PASSED] - selectOptionByLabel(findTestObject("ADMIN/Edit Text/Bespoke/Buyer Navigation/dd_language"), varLanguage, false): All options with label 'Japanese' are selected in object 'Object Repository/ADMIN/Edit Text/Bespoke/Buyer Navigation/dd_language' 

2020-03-20 14:22:15 - [MESSAGE][PASSED] - All options with label 'Japanese' are selected in object 'Object Repository/ADMIN/Edit Text/Bespoke/Buyer Navigation/dd_language' 

2020-03-20 14:22:15 - [TEST_STEP][PASSED] - sendKeys(findTestObject("ADMIN/Edit Text/Bespoke/Buyer Pages/Checkout Completed/input_THANK YOU FOR YOUR PURCHASE_thanks-msg"), "*"): Keys '*' sent to object: 'Object Repository/ADMIN/Edit Text/Bespoke/Buyer Pages/Checkout Completed/input_THANK YOU FOR YOUR PURCHASE_thanks-msg'

2020-03-20 14:22:16 - [MESSAGE][PASSED] - Keys '*' sent to object: 'Object Repository/ADMIN/Edit Text/Bespoke/Buyer Pages/Checkout Completed/input_THANK YOU FOR YOUR PURCHASE_thanks-msg'

2020-03-20 14:22:16 - [TEST_STEP][PASSED] - sendKeys(findTestObject("ADMIN/Edit Text/Bespoke/Buyer Pages/Checkout Completed/input_YOUR INVOICE ID IS_your-invoice-id"), "*"): Keys '*' sent to object: 'Object Repository/ADMIN/Edit Text/Bespoke/Buyer Pages/Checkout Completed/input_YOUR INVOICE ID IS_your-invoice-id'

2020-03-20 14:22:16 - [MESSAGE][PASSED] - Keys '*' sent to object: 'Object Repository/ADMIN/Edit Text/Bespoke/Buyer Pages/Checkout Completed/input_YOUR INVOICE ID IS_your-invoice-id'

2020-03-20 14:22:16 - [TEST_STEP][PASSED] - sendKeys(findTestObject("ADMIN/Edit Text/Bespoke/Buyer Pages/Checkout Completed/textarea_You will receive an order confirmation email shortlyIf you have any enquiry please"), "*"): Keys '*' sent to object: 'Object Repository/ADMIN/Edit Text/Bespoke/Buyer Pages/Checkout Completed/textarea_You will receive an order confirmation email shortlyIf you have any enquiry please'

2020-03-20 14:22:17 - [MESSAGE][PASSED] - Keys '*' sent to object: 'Object Repository/ADMIN/Edit Text/Bespoke/Buyer Pages/Checkout Completed/textarea_You will receive an order confirmation email shortlyIf you have any enquiry please'

2020-03-20 14:22:17 - [TEST_STEP][PASSED] - sendKeys(findTestObject("ADMIN/Edit Text/Bespoke/Buyer Pages/Checkout Completed/input_contact us_contact-us-txt"), "*"): Keys '*' sent to object: 'Object Repository/ADMIN/Edit Text/Bespoke/Buyer Pages/Checkout Completed/input_contact us_contact-us-txt'

2020-03-20 14:22:17 - [MESSAGE][PASSED] - Keys '*' sent to object: 'Object Repository/ADMIN/Edit Text/Bespoke/Buyer Pages/Checkout Completed/input_contact us_contact-us-txt'

2020-03-20 14:22:17 - [TEST_STEP][PASSED] - sendKeys(findTestObject("ADMIN/Edit Text/Bespoke/Buyer Pages/Checkout Completed/input_HOME PAGE_btn_back"), "*"): Keys '*' sent to object: 'Object Repository/ADMIN/Edit Text/Bespoke/Buyer Pages/Checkout Completed/input_HOME PAGE_btn_back'

2020-03-20 14:22:17 - [MESSAGE][PASSED] - Keys '*' sent to object: 'Object Repository/ADMIN/Edit Text/Bespoke/Buyer Pages/Checkout Completed/input_HOME PAGE_btn_back'

2020-03-20 14:22:17 - [TEST_STEP][PASSED] - sendKeys(findTestObject("ADMIN/Edit Text/Bespoke/Buyer Pages/Checkout Completed/input_PURCHASE HISTORY_btn_proceed_payment"), "*"): Keys '*' sent to object: 'Object Repository/ADMIN/Edit Text/Bespoke/Buyer Pages/Checkout Completed/input_PURCHASE HISTORY_btn_proceed_payment'

2020-03-20 14:22:17 - [MESSAGE][PASSED] - Keys '*' sent to object: 'Object Repository/ADMIN/Edit Text/Bespoke/Buyer Pages/Checkout Completed/input_PURCHASE HISTORY_btn_proceed_payment'

2020-03-20 14:22:17 - [TEST_STEP][PASSED] - sendKeys(findTestObject("ADMIN/Edit Text/Bespoke/Buyer Pages/Checkout Completed/input_Sign up now to save your address for next time_sign-up-msg"), "*"): Keys '*' sent to object: 'Object Repository/ADMIN/Edit Text/Bespoke/Buyer Pages/Checkout Completed/input_Sign up now to save your address for next time_sign-up-msg'

2020-03-20 14:22:18 - [MESSAGE][PASSED] - Keys '*' sent to object: 'Object Repository/ADMIN/Edit Text/Bespoke/Buyer Pages/Checkout Completed/input_Sign up now to save your address for next time_sign-up-msg'

2020-03-20 14:22:18 - [TEST_STEP][PASSED] - sendKeys(findTestObject("ADMIN/Edit Text/Bespoke/Buyer Pages/Checkout Completed/input_SIGN UP_btn_back"), "*"): Keys '*' sent to object: 'Object Repository/ADMIN/Edit Text/Bespoke/Buyer Pages/Checkout Completed/input_SIGN UP_btn_back'

2020-03-20 14:22:18 - [MESSAGE][PASSED] - Keys '*' sent to object: 'Object Repository/ADMIN/Edit Text/Bespoke/Buyer Pages/Checkout Completed/input_SIGN UP_btn_back'

2020-03-20 14:22:18 - [TEST_STEP][PASSED] - click(findTestObject("ADMIN/Edit Text/Bespoke/Buyer Pages/Homepage/button_save"), CONTINUE_ON_FAILURE): Object: 'Object Repository/ADMIN/Edit Text/Bespoke/Buyer Pages/Homepage/button_save' is clicked on

2020-03-20 14:22:18 - [MESSAGE][PASSED] - Object: 'Object Repository/ADMIN/Edit Text/Bespoke/Buyer Pages/Homepage/button_save' is clicked on

2020-03-20 14:22:18 - [TEST_STEP][PASSED] - waitForElementVisible(findTestObject("ADMIN/Edit Text/Bespoke/Buyer Pages/Homepage/toaster_success"), 0): Object 'Object Repository/ADMIN/Edit Text/Bespoke/Buyer Pages/Homepage/toaster_success' is visible

2020-03-20 14:22:18 - [MESSAGE][WARNING] - Timeout '0' is invalid. Using default page load timeout: '30'

2020-03-20 14:22:19 - [MESSAGE][PASSED] - Object 'Object Repository/ADMIN/Edit Text/Bespoke/Buyer Pages/Homepage/toaster_success' is visible]]></system-out>
         <system-err><![CDATA[]]></system-err>
      </testcase>
      <testcase name="Test Cases/ADMIN/Language/Edit Text/Bespoke/Buyer Pages/Checkout Completed" time="4.156" classname="Test Cases/ADMIN/Language/Edit Text/Bespoke/Buyer Pages/Checkout Completed" status="PASSED">
         <system-out><![CDATA[2020-03-20 14:22:19 - [TEST_CASE][PASSED] - Test Cases/ADMIN/Language/Edit Text/Bespoke/Buyer Pages/Checkout Completed: Test Cases/ADMIN/Language/Edit Text/Bespoke/Buyer Pages/Checkout Completed

2020-03-20 14:22:19 - [TEST_STEP][PASSED] - waitForElementVisible(findTestObject("ADMIN/Edit Text/Bespoke/Buyer Navigation/dd_language"), 0): Object 'Object Repository/ADMIN/Edit Text/Bespoke/Buyer Navigation/dd_language' is visible

2020-03-20 14:22:19 - [MESSAGE][WARNING] - Timeout '0' is invalid. Using default page load timeout: '30'

2020-03-20 14:22:19 - [MESSAGE][PASSED] - Object 'Object Repository/ADMIN/Edit Text/Bespoke/Buyer Navigation/dd_language' is visible

2020-03-20 14:22:19 - [TEST_STEP][PASSED] - selectOptionByLabel(findTestObject("ADMIN/Edit Text/Bespoke/Buyer Navigation/dd_language"), varLanguage, false): All options with label 'Chinese (Traditional)' are selected in object 'Object Repository/ADMIN/Edit Text/Bespoke/Buyer Navigation/dd_language' 

2020-03-20 14:22:20 - [MESSAGE][PASSED] - All options with label 'Chinese (Traditional)' are selected in object 'Object Repository/ADMIN/Edit Text/Bespoke/Buyer Navigation/dd_language' 

2020-03-20 14:22:20 - [TEST_STEP][PASSED] - sendKeys(findTestObject("ADMIN/Edit Text/Bespoke/Buyer Pages/Checkout Completed/input_THANK YOU FOR YOUR PURCHASE_thanks-msg"), "*"): Keys '*' sent to object: 'Object Repository/ADMIN/Edit Text/Bespoke/Buyer Pages/Checkout Completed/input_THANK YOU FOR YOUR PURCHASE_thanks-msg'

2020-03-20 14:22:20 - [MESSAGE][PASSED] - Keys '*' sent to object: 'Object Repository/ADMIN/Edit Text/Bespoke/Buyer Pages/Checkout Completed/input_THANK YOU FOR YOUR PURCHASE_thanks-msg'

2020-03-20 14:22:20 - [TEST_STEP][PASSED] - sendKeys(findTestObject("ADMIN/Edit Text/Bespoke/Buyer Pages/Checkout Completed/input_YOUR INVOICE ID IS_your-invoice-id"), "*"): Keys '*' sent to object: 'Object Repository/ADMIN/Edit Text/Bespoke/Buyer Pages/Checkout Completed/input_YOUR INVOICE ID IS_your-invoice-id'

2020-03-20 14:22:21 - [MESSAGE][PASSED] - Keys '*' sent to object: 'Object Repository/ADMIN/Edit Text/Bespoke/Buyer Pages/Checkout Completed/input_YOUR INVOICE ID IS_your-invoice-id'

2020-03-20 14:22:21 - [TEST_STEP][PASSED] - sendKeys(findTestObject("ADMIN/Edit Text/Bespoke/Buyer Pages/Checkout Completed/textarea_You will receive an order confirmation email shortlyIf you have any enquiry please"), "*"): Keys '*' sent to object: 'Object Repository/ADMIN/Edit Text/Bespoke/Buyer Pages/Checkout Completed/textarea_You will receive an order confirmation email shortlyIf you have any enquiry please'

2020-03-20 14:22:21 - [MESSAGE][PASSED] - Keys '*' sent to object: 'Object Repository/ADMIN/Edit Text/Bespoke/Buyer Pages/Checkout Completed/textarea_You will receive an order confirmation email shortlyIf you have any enquiry please'

2020-03-20 14:22:21 - [TEST_STEP][PASSED] - sendKeys(findTestObject("ADMIN/Edit Text/Bespoke/Buyer Pages/Checkout Completed/input_contact us_contact-us-txt"), "*"): Keys '*' sent to object: 'Object Repository/ADMIN/Edit Text/Bespoke/Buyer Pages/Checkout Completed/input_contact us_contact-us-txt'

2020-03-20 14:22:21 - [MESSAGE][PASSED] - Keys '*' sent to object: 'Object Repository/ADMIN/Edit Text/Bespoke/Buyer Pages/Checkout Completed/input_contact us_contact-us-txt'

2020-03-20 14:22:21 - [TEST_STEP][PASSED] - sendKeys(findTestObject("ADMIN/Edit Text/Bespoke/Buyer Pages/Checkout Completed/input_HOME PAGE_btn_back"), "*"): Keys '*' sent to object: 'Object Repository/ADMIN/Edit Text/Bespoke/Buyer Pages/Checkout Completed/input_HOME PAGE_btn_back'

2020-03-20 14:22:21 - [MESSAGE][PASSED] - Keys '*' sent to object: 'Object Repository/ADMIN/Edit Text/Bespoke/Buyer Pages/Checkout Completed/input_HOME PAGE_btn_back'

2020-03-20 14:22:21 - [TEST_STEP][PASSED] - sendKeys(findTestObject("ADMIN/Edit Text/Bespoke/Buyer Pages/Checkout Completed/input_PURCHASE HISTORY_btn_proceed_payment"), "*"): Keys '*' sent to object: 'Object Repository/ADMIN/Edit Text/Bespoke/Buyer Pages/Checkout Completed/input_PURCHASE HISTORY_btn_proceed_payment'

2020-03-20 14:22:22 - [MESSAGE][PASSED] - Keys '*' sent to object: 'Object Repository/ADMIN/Edit Text/Bespoke/Buyer Pages/Checkout Completed/input_PURCHASE HISTORY_btn_proceed_payment'

2020-03-20 14:22:22 - [TEST_STEP][PASSED] - sendKeys(findTestObject("ADMIN/Edit Text/Bespoke/Buyer Pages/Checkout Completed/input_Sign up now to save your address for next time_sign-up-msg"), "*"): Keys '*' sent to object: 'Object Repository/ADMIN/Edit Text/Bespoke/Buyer Pages/Checkout Completed/input_Sign up now to save your address for next time_sign-up-msg'

2020-03-20 14:22:22 - [MESSAGE][PASSED] - Keys '*' sent to object: 'Object Repository/ADMIN/Edit Text/Bespoke/Buyer Pages/Checkout Completed/input_Sign up now to save your address for next time_sign-up-msg'

2020-03-20 14:22:22 - [TEST_STEP][PASSED] - sendKeys(findTestObject("ADMIN/Edit Text/Bespoke/Buyer Pages/Checkout Completed/input_SIGN UP_btn_back"), "*"): Keys '*' sent to object: 'Object Repository/ADMIN/Edit Text/Bespoke/Buyer Pages/Checkout Completed/input_SIGN UP_btn_back'

2020-03-20 14:22:22 - [MESSAGE][PASSED] - Keys '*' sent to object: 'Object Repository/ADMIN/Edit Text/Bespoke/Buyer Pages/Checkout Completed/input_SIGN UP_btn_back'

2020-03-20 14:22:22 - [TEST_STEP][PASSED] - click(findTestObject("ADMIN/Edit Text/Bespoke/Buyer Pages/Homepage/button_save"), CONTINUE_ON_FAILURE): Object: 'Object Repository/ADMIN/Edit Text/Bespoke/Buyer Pages/Homepage/button_save' is clicked on

2020-03-20 14:22:22 - [MESSAGE][PASSED] - Object: 'Object Repository/ADMIN/Edit Text/Bespoke/Buyer Pages/Homepage/button_save' is clicked on

2020-03-20 14:22:22 - [TEST_STEP][PASSED] - waitForElementVisible(findTestObject("ADMIN/Edit Text/Bespoke/Buyer Pages/Homepage/toaster_success"), 0): Object 'Object Repository/ADMIN/Edit Text/Bespoke/Buyer Pages/Homepage/toaster_success' is visible

2020-03-20 14:22:23 - [MESSAGE][WARNING] - Timeout '0' is invalid. Using default page load timeout: '30'

2020-03-20 14:22:23 - [MESSAGE][PASSED] - Object 'Object Repository/ADMIN/Edit Text/Bespoke/Buyer Pages/Homepage/toaster_success' is visible]]></system-out>
         <system-err><![CDATA[]]></system-err>
      </testcase>
      <testcase name="Test Cases/ADMIN/Language/Edit Text/Bespoke/Buyer Pages/Checkout Completed" time="4.284" classname="Test Cases/ADMIN/Language/Edit Text/Bespoke/Buyer Pages/Checkout Completed" status="PASSED">
         <system-out><![CDATA[2020-03-20 14:22:23 - [TEST_CASE][PASSED] - Test Cases/ADMIN/Language/Edit Text/Bespoke/Buyer Pages/Checkout Completed: Test Cases/ADMIN/Language/Edit Text/Bespoke/Buyer Pages/Checkout Completed

2020-03-20 14:22:23 - [TEST_STEP][PASSED] - waitForElementVisible(findTestObject("ADMIN/Edit Text/Bespoke/Buyer Navigation/dd_language"), 0): Object 'Object Repository/ADMIN/Edit Text/Bespoke/Buyer Navigation/dd_language' is visible

2020-03-20 14:22:23 - [MESSAGE][WARNING] - Timeout '0' is invalid. Using default page load timeout: '30'

2020-03-20 14:22:23 - [MESSAGE][PASSED] - Object 'Object Repository/ADMIN/Edit Text/Bespoke/Buyer Navigation/dd_language' is visible

2020-03-20 14:22:23 - [TEST_STEP][PASSED] - selectOptionByLabel(findTestObject("ADMIN/Edit Text/Bespoke/Buyer Navigation/dd_language"), varLanguage, false): All options with label 'Portuguese' are selected in object 'Object Repository/ADMIN/Edit Text/Bespoke/Buyer Navigation/dd_language' 

2020-03-20 14:22:24 - [MESSAGE][PASSED] - All options with label 'Portuguese' are selected in object 'Object Repository/ADMIN/Edit Text/Bespoke/Buyer Navigation/dd_language' 

2020-03-20 14:22:24 - [TEST_STEP][PASSED] - sendKeys(findTestObject("ADMIN/Edit Text/Bespoke/Buyer Pages/Checkout Completed/input_THANK YOU FOR YOUR PURCHASE_thanks-msg"), "*"): Keys '*' sent to object: 'Object Repository/ADMIN/Edit Text/Bespoke/Buyer Pages/Checkout Completed/input_THANK YOU FOR YOUR PURCHASE_thanks-msg'

2020-03-20 14:22:25 - [MESSAGE][PASSED] - Keys '*' sent to object: 'Object Repository/ADMIN/Edit Text/Bespoke/Buyer Pages/Checkout Completed/input_THANK YOU FOR YOUR PURCHASE_thanks-msg'

2020-03-20 14:22:25 - [TEST_STEP][PASSED] - sendKeys(findTestObject("ADMIN/Edit Text/Bespoke/Buyer Pages/Checkout Completed/input_YOUR INVOICE ID IS_your-invoice-id"), "*"): Keys '*' sent to object: 'Object Repository/ADMIN/Edit Text/Bespoke/Buyer Pages/Checkout Completed/input_YOUR INVOICE ID IS_your-invoice-id'

2020-03-20 14:22:25 - [MESSAGE][PASSED] - Keys '*' sent to object: 'Object Repository/ADMIN/Edit Text/Bespoke/Buyer Pages/Checkout Completed/input_YOUR INVOICE ID IS_your-invoice-id'

2020-03-20 14:22:25 - [TEST_STEP][PASSED] - sendKeys(findTestObject("ADMIN/Edit Text/Bespoke/Buyer Pages/Checkout Completed/textarea_You will receive an order confirmation email shortlyIf you have any enquiry please"), "*"): Keys '*' sent to object: 'Object Repository/ADMIN/Edit Text/Bespoke/Buyer Pages/Checkout Completed/textarea_You will receive an order confirmation email shortlyIf you have any enquiry please'

2020-03-20 14:22:25 - [MESSAGE][PASSED] - Keys '*' sent to object: 'Object Repository/ADMIN/Edit Text/Bespoke/Buyer Pages/Checkout Completed/textarea_You will receive an order confirmation email shortlyIf you have any enquiry please'

2020-03-20 14:22:25 - [TEST_STEP][PASSED] - sendKeys(findTestObject("ADMIN/Edit Text/Bespoke/Buyer Pages/Checkout Completed/input_contact us_contact-us-txt"), "*"): Keys '*' sent to object: 'Object Repository/ADMIN/Edit Text/Bespoke/Buyer Pages/Checkout Completed/input_contact us_contact-us-txt'

2020-03-20 14:22:25 - [MESSAGE][PASSED] - Keys '*' sent to object: 'Object Repository/ADMIN/Edit Text/Bespoke/Buyer Pages/Checkout Completed/input_contact us_contact-us-txt'

2020-03-20 14:22:25 - [TEST_STEP][PASSED] - sendKeys(findTestObject("ADMIN/Edit Text/Bespoke/Buyer Pages/Checkout Completed/input_HOME PAGE_btn_back"), "*"): Keys '*' sent to object: 'Object Repository/ADMIN/Edit Text/Bespoke/Buyer Pages/Checkout Completed/input_HOME PAGE_btn_back'

2020-03-20 14:22:26 - [MESSAGE][PASSED] - Keys '*' sent to object: 'Object Repository/ADMIN/Edit Text/Bespoke/Buyer Pages/Checkout Completed/input_HOME PAGE_btn_back'

2020-03-20 14:22:26 - [TEST_STEP][PASSED] - sendKeys(findTestObject("ADMIN/Edit Text/Bespoke/Buyer Pages/Checkout Completed/input_PURCHASE HISTORY_btn_proceed_payment"), "*"): Keys '*' sent to object: 'Object Repository/ADMIN/Edit Text/Bespoke/Buyer Pages/Checkout Completed/input_PURCHASE HISTORY_btn_proceed_payment'

2020-03-20 14:22:26 - [MESSAGE][PASSED] - Keys '*' sent to object: 'Object Repository/ADMIN/Edit Text/Bespoke/Buyer Pages/Checkout Completed/input_PURCHASE HISTORY_btn_proceed_payment'

2020-03-20 14:22:26 - [TEST_STEP][PASSED] - sendKeys(findTestObject("ADMIN/Edit Text/Bespoke/Buyer Pages/Checkout Completed/input_Sign up now to save your address for next time_sign-up-msg"), "*"): Keys '*' sent to object: 'Object Repository/ADMIN/Edit Text/Bespoke/Buyer Pages/Checkout Completed/input_Sign up now to save your address for next time_sign-up-msg'

2020-03-20 14:22:26 - [MESSAGE][PASSED] - Keys '*' sent to object: 'Object Repository/ADMIN/Edit Text/Bespoke/Buyer Pages/Checkout Completed/input_Sign up now to save your address for next time_sign-up-msg'

2020-03-20 14:22:26 - [TEST_STEP][PASSED] - sendKeys(findTestObject("ADMIN/Edit Text/Bespoke/Buyer Pages/Checkout Completed/input_SIGN UP_btn_back"), "*"): Keys '*' sent to object: 'Object Repository/ADMIN/Edit Text/Bespoke/Buyer Pages/Checkout Completed/input_SIGN UP_btn_back'

2020-03-20 14:22:26 - [MESSAGE][PASSED] - Keys '*' sent to object: 'Object Repository/ADMIN/Edit Text/Bespoke/Buyer Pages/Checkout Completed/input_SIGN UP_btn_back'

2020-03-20 14:22:26 - [TEST_STEP][PASSED] - click(findTestObject("ADMIN/Edit Text/Bespoke/Buyer Pages/Homepage/button_save"), CONTINUE_ON_FAILURE): Object: 'Object Repository/ADMIN/Edit Text/Bespoke/Buyer Pages/Homepage/button_save' is clicked on

2020-03-20 14:22:26 - [MESSAGE][PASSED] - Object: 'Object Repository/ADMIN/Edit Text/Bespoke/Buyer Pages/Homepage/button_save' is clicked on

2020-03-20 14:22:26 - [TEST_STEP][PASSED] - waitForElementVisible(findTestObject("ADMIN/Edit Text/Bespoke/Buyer Pages/Homepage/toaster_success"), 0): Object 'Object Repository/ADMIN/Edit Text/Bespoke/Buyer Pages/Homepage/toaster_success' is visible

2020-03-20 14:22:26 - [MESSAGE][WARNING] - Timeout '0' is invalid. Using default page load timeout: '30'

2020-03-20 14:22:27 - [MESSAGE][PASSED] - Object 'Object Repository/ADMIN/Edit Text/Bespoke/Buyer Pages/Homepage/toaster_success' is visible]]></system-out>
         <system-err><![CDATA[]]></system-err>
      </testcase>
      <testcase name="Test Cases/ADMIN/Language/Edit Text/Bespoke/Buyer Pages/Checkout Completed" time="3.393" classname="Test Cases/ADMIN/Language/Edit Text/Bespoke/Buyer Pages/Checkout Completed" status="PASSED">
         <system-out><![CDATA[2020-03-20 14:22:27 - [TEST_CASE][PASSED] - Test Cases/ADMIN/Language/Edit Text/Bespoke/Buyer Pages/Checkout Completed: Test Cases/ADMIN/Language/Edit Text/Bespoke/Buyer Pages/Checkout Completed

2020-03-20 14:22:27 - [TEST_STEP][PASSED] - waitForElementVisible(findTestObject("ADMIN/Edit Text/Bespoke/Buyer Navigation/dd_language"), 0): Object 'Object Repository/ADMIN/Edit Text/Bespoke/Buyer Navigation/dd_language' is visible

2020-03-20 14:22:27 - [MESSAGE][WARNING] - Timeout '0' is invalid. Using default page load timeout: '30'

2020-03-20 14:22:27 - [MESSAGE][PASSED] - Object 'Object Repository/ADMIN/Edit Text/Bespoke/Buyer Navigation/dd_language' is visible

2020-03-20 14:22:27 - [TEST_STEP][PASSED] - selectOptionByLabel(findTestObject("ADMIN/Edit Text/Bespoke/Buyer Navigation/dd_language"), varLanguage, false): All options with label 'Indonesian' are selected in object 'Object Repository/ADMIN/Edit Text/Bespoke/Buyer Navigation/dd_language' 

2020-03-20 14:22:28 - [MESSAGE][PASSED] - All options with label 'Indonesian' are selected in object 'Object Repository/ADMIN/Edit Text/Bespoke/Buyer Navigation/dd_language' 

2020-03-20 14:22:28 - [TEST_STEP][PASSED] - sendKeys(findTestObject("ADMIN/Edit Text/Bespoke/Buyer Pages/Checkout Completed/input_THANK YOU FOR YOUR PURCHASE_thanks-msg"), "*"): Keys '*' sent to object: 'Object Repository/ADMIN/Edit Text/Bespoke/Buyer Pages/Checkout Completed/input_THANK YOU FOR YOUR PURCHASE_thanks-msg'

2020-03-20 14:22:28 - [MESSAGE][PASSED] - Keys '*' sent to object: 'Object Repository/ADMIN/Edit Text/Bespoke/Buyer Pages/Checkout Completed/input_THANK YOU FOR YOUR PURCHASE_thanks-msg'

2020-03-20 14:22:28 - [TEST_STEP][PASSED] - sendKeys(findTestObject("ADMIN/Edit Text/Bespoke/Buyer Pages/Checkout Completed/input_YOUR INVOICE ID IS_your-invoice-id"), "*"): Keys '*' sent to object: 'Object Repository/ADMIN/Edit Text/Bespoke/Buyer Pages/Checkout Completed/input_YOUR INVOICE ID IS_your-invoice-id'

2020-03-20 14:22:29 - [MESSAGE][PASSED] - Keys '*' sent to object: 'Object Repository/ADMIN/Edit Text/Bespoke/Buyer Pages/Checkout Completed/input_YOUR INVOICE ID IS_your-invoice-id'

2020-03-20 14:22:29 - [TEST_STEP][PASSED] - sendKeys(findTestObject("ADMIN/Edit Text/Bespoke/Buyer Pages/Checkout Completed/textarea_You will receive an order confirmation email shortlyIf you have any enquiry please"), "*"): Keys '*' sent to object: 'Object Repository/ADMIN/Edit Text/Bespoke/Buyer Pages/Checkout Completed/textarea_You will receive an order confirmation email shortlyIf you have any enquiry please'

2020-03-20 14:22:29 - [MESSAGE][PASSED] - Keys '*' sent to object: 'Object Repository/ADMIN/Edit Text/Bespoke/Buyer Pages/Checkout Completed/textarea_You will receive an order confirmation email shortlyIf you have any enquiry please'

2020-03-20 14:22:29 - [TEST_STEP][PASSED] - sendKeys(findTestObject("ADMIN/Edit Text/Bespoke/Buyer Pages/Checkout Completed/input_contact us_contact-us-txt"), "*"): Keys '*' sent to object: 'Object Repository/ADMIN/Edit Text/Bespoke/Buyer Pages/Checkout Completed/input_contact us_contact-us-txt'

2020-03-20 14:22:29 - [MESSAGE][PASSED] - Keys '*' sent to object: 'Object Repository/ADMIN/Edit Text/Bespoke/Buyer Pages/Checkout Completed/input_contact us_contact-us-txt'

2020-03-20 14:22:29 - [TEST_STEP][PASSED] - sendKeys(findTestObject("ADMIN/Edit Text/Bespoke/Buyer Pages/Checkout Completed/input_HOME PAGE_btn_back"), "*"): Keys '*' sent to object: 'Object Repository/ADMIN/Edit Text/Bespoke/Buyer Pages/Checkout Completed/input_HOME PAGE_btn_back'

2020-03-20 14:22:29 - [MESSAGE][PASSED] - Keys '*' sent to object: 'Object Repository/ADMIN/Edit Text/Bespoke/Buyer Pages/Checkout Completed/input_HOME PAGE_btn_back'

2020-03-20 14:22:29 - [TEST_STEP][PASSED] - sendKeys(findTestObject("ADMIN/Edit Text/Bespoke/Buyer Pages/Checkout Completed/input_PURCHASE HISTORY_btn_proceed_payment"), "*"): Keys '*' sent to object: 'Object Repository/ADMIN/Edit Text/Bespoke/Buyer Pages/Checkout Completed/input_PURCHASE HISTORY_btn_proceed_payment'

2020-03-20 14:22:29 - [MESSAGE][PASSED] - Keys '*' sent to object: 'Object Repository/ADMIN/Edit Text/Bespoke/Buyer Pages/Checkout Completed/input_PURCHASE HISTORY_btn_proceed_payment'

2020-03-20 14:22:29 - [TEST_STEP][PASSED] - sendKeys(findTestObject("ADMIN/Edit Text/Bespoke/Buyer Pages/Checkout Completed/input_Sign up now to save your address for next time_sign-up-msg"), "*"): Keys '*' sent to object: 'Object Repository/ADMIN/Edit Text/Bespoke/Buyer Pages/Checkout Completed/input_Sign up now to save your address for next time_sign-up-msg'

2020-03-20 14:22:30 - [MESSAGE][PASSED] - Keys '*' sent to object: 'Object Repository/ADMIN/Edit Text/Bespoke/Buyer Pages/Checkout Completed/input_Sign up now to save your address for next time_sign-up-msg'

2020-03-20 14:22:30 - [TEST_STEP][PASSED] - sendKeys(findTestObject("ADMIN/Edit Text/Bespoke/Buyer Pages/Checkout Completed/input_SIGN UP_btn_back"), "*"): Keys '*' sent to object: 'Object Repository/ADMIN/Edit Text/Bespoke/Buyer Pages/Checkout Completed/input_SIGN UP_btn_back'

2020-03-20 14:22:30 - [MESSAGE][PASSED] - Keys '*' sent to object: 'Object Repository/ADMIN/Edit Text/Bespoke/Buyer Pages/Checkout Completed/input_SIGN UP_btn_back'

2020-03-20 14:22:30 - [TEST_STEP][PASSED] - click(findTestObject("ADMIN/Edit Text/Bespoke/Buyer Pages/Homepage/button_save"), CONTINUE_ON_FAILURE): Object: 'Object Repository/ADMIN/Edit Text/Bespoke/Buyer Pages/Homepage/button_save' is clicked on

2020-03-20 14:22:30 - [MESSAGE][PASSED] - Object: 'Object Repository/ADMIN/Edit Text/Bespoke/Buyer Pages/Homepage/button_save' is clicked on

2020-03-20 14:22:30 - [TEST_STEP][PASSED] - waitForElementVisible(findTestObject("ADMIN/Edit Text/Bespoke/Buyer Pages/Homepage/toaster_success"), 0): Object 'Object Repository/ADMIN/Edit Text/Bespoke/Buyer Pages/Homepage/toaster_success' is visible

2020-03-20 14:22:30 - [MESSAGE][WARNING] - Timeout '0' is invalid. Using default page load timeout: '30'

2020-03-20 14:22:30 - [MESSAGE][PASSED] - Object 'Object Repository/ADMIN/Edit Text/Bespoke/Buyer Pages/Homepage/toaster_success' is visible]]></system-out>
         <system-err><![CDATA[]]></system-err>
      </testcase>
      <testcase name="Test Cases/ADMIN/Language/Edit Text/Bespoke/Buyer Pages/Checkout Completed" time="2.897" classname="Test Cases/ADMIN/Language/Edit Text/Bespoke/Buyer Pages/Checkout Completed" status="PASSED">
         <system-out><![CDATA[2020-03-20 14:22:30 - [TEST_CASE][PASSED] - Test Cases/ADMIN/Language/Edit Text/Bespoke/Buyer Pages/Checkout Completed: Test Cases/ADMIN/Language/Edit Text/Bespoke/Buyer Pages/Checkout Completed

2020-03-20 14:22:30 - [TEST_STEP][PASSED] - waitForElementVisible(findTestObject("ADMIN/Edit Text/Bespoke/Buyer Navigation/dd_language"), 0): Object 'Object Repository/ADMIN/Edit Text/Bespoke/Buyer Navigation/dd_language' is visible

2020-03-20 14:22:30 - [MESSAGE][WARNING] - Timeout '0' is invalid. Using default page load timeout: '30'

2020-03-20 14:22:30 - [MESSAGE][PASSED] - Object 'Object Repository/ADMIN/Edit Text/Bespoke/Buyer Navigation/dd_language' is visible

2020-03-20 14:22:30 - [TEST_STEP][PASSED] - selectOptionByLabel(findTestObject("ADMIN/Edit Text/Bespoke/Buyer Navigation/dd_language"), varLanguage, false): All options with label 'Russian' are selected in object 'Object Repository/ADMIN/Edit Text/Bespoke/Buyer Navigation/dd_language' 

2020-03-20 14:22:31 - [MESSAGE][PASSED] - All options with label 'Russian' are selected in object 'Object Repository/ADMIN/Edit Text/Bespoke/Buyer Navigation/dd_language' 

2020-03-20 14:22:31 - [TEST_STEP][PASSED] - sendKeys(findTestObject("ADMIN/Edit Text/Bespoke/Buyer Pages/Checkout Completed/input_THANK YOU FOR YOUR PURCHASE_thanks-msg"), "*"): Keys '*' sent to object: 'Object Repository/ADMIN/Edit Text/Bespoke/Buyer Pages/Checkout Completed/input_THANK YOU FOR YOUR PURCHASE_thanks-msg'

2020-03-20 14:22:32 - [MESSAGE][PASSED] - Keys '*' sent to object: 'Object Repository/ADMIN/Edit Text/Bespoke/Buyer Pages/Checkout Completed/input_THANK YOU FOR YOUR PURCHASE_thanks-msg'

2020-03-20 14:22:32 - [TEST_STEP][PASSED] - sendKeys(findTestObject("ADMIN/Edit Text/Bespoke/Buyer Pages/Checkout Completed/input_YOUR INVOICE ID IS_your-invoice-id"), "*"): Keys '*' sent to object: 'Object Repository/ADMIN/Edit Text/Bespoke/Buyer Pages/Checkout Completed/input_YOUR INVOICE ID IS_your-invoice-id'

2020-03-20 14:22:32 - [MESSAGE][PASSED] - Keys '*' sent to object: 'Object Repository/ADMIN/Edit Text/Bespoke/Buyer Pages/Checkout Completed/input_YOUR INVOICE ID IS_your-invoice-id'

2020-03-20 14:22:32 - [TEST_STEP][PASSED] - sendKeys(findTestObject("ADMIN/Edit Text/Bespoke/Buyer Pages/Checkout Completed/textarea_You will receive an order confirmation email shortlyIf you have any enquiry please"), "*"): Keys '*' sent to object: 'Object Repository/ADMIN/Edit Text/Bespoke/Buyer Pages/Checkout Completed/textarea_You will receive an order confirmation email shortlyIf you have any enquiry please'

2020-03-20 14:22:32 - [MESSAGE][PASSED] - Keys '*' sent to object: 'Object Repository/ADMIN/Edit Text/Bespoke/Buyer Pages/Checkout Completed/textarea_You will receive an order confirmation email shortlyIf you have any enquiry please'

2020-03-20 14:22:32 - [TEST_STEP][PASSED] - sendKeys(findTestObject("ADMIN/Edit Text/Bespoke/Buyer Pages/Checkout Completed/input_contact us_contact-us-txt"), "*"): Keys '*' sent to object: 'Object Repository/ADMIN/Edit Text/Bespoke/Buyer Pages/Checkout Completed/input_contact us_contact-us-txt'

2020-03-20 14:22:32 - [MESSAGE][PASSED] - Keys '*' sent to object: 'Object Repository/ADMIN/Edit Text/Bespoke/Buyer Pages/Checkout Completed/input_contact us_contact-us-txt'

2020-03-20 14:22:32 - [TEST_STEP][PASSED] - sendKeys(findTestObject("ADMIN/Edit Text/Bespoke/Buyer Pages/Checkout Completed/input_HOME PAGE_btn_back"), "*"): Keys '*' sent to object: 'Object Repository/ADMIN/Edit Text/Bespoke/Buyer Pages/Checkout Completed/input_HOME PAGE_btn_back'

2020-03-20 14:22:32 - [MESSAGE][PASSED] - Keys '*' sent to object: 'Object Repository/ADMIN/Edit Text/Bespoke/Buyer Pages/Checkout Completed/input_HOME PAGE_btn_back'

2020-03-20 14:22:32 - [TEST_STEP][PASSED] - sendKeys(findTestObject("ADMIN/Edit Text/Bespoke/Buyer Pages/Checkout Completed/input_PURCHASE HISTORY_btn_proceed_payment"), "*"): Keys '*' sent to object: 'Object Repository/ADMIN/Edit Text/Bespoke/Buyer Pages/Checkout Completed/input_PURCHASE HISTORY_btn_proceed_payment'

2020-03-20 14:22:33 - [MESSAGE][PASSED] - Keys '*' sent to object: 'Object Repository/ADMIN/Edit Text/Bespoke/Buyer Pages/Checkout Completed/input_PURCHASE HISTORY_btn_proceed_payment'

2020-03-20 14:22:33 - [TEST_STEP][PASSED] - sendKeys(findTestObject("ADMIN/Edit Text/Bespoke/Buyer Pages/Checkout Completed/input_Sign up now to save your address for next time_sign-up-msg"), "*"): Keys '*' sent to object: 'Object Repository/ADMIN/Edit Text/Bespoke/Buyer Pages/Checkout Completed/input_Sign up now to save your address for next time_sign-up-msg'

2020-03-20 14:22:33 - [MESSAGE][PASSED] - Keys '*' sent to object: 'Object Repository/ADMIN/Edit Text/Bespoke/Buyer Pages/Checkout Completed/input_Sign up now to save your address for next time_sign-up-msg'

2020-03-20 14:22:33 - [TEST_STEP][PASSED] - sendKeys(findTestObject("ADMIN/Edit Text/Bespoke/Buyer Pages/Checkout Completed/input_SIGN UP_btn_back"), "*"): Keys '*' sent to object: 'Object Repository/ADMIN/Edit Text/Bespoke/Buyer Pages/Checkout Completed/input_SIGN UP_btn_back'

2020-03-20 14:22:33 - [MESSAGE][PASSED] - Keys '*' sent to object: 'Object Repository/ADMIN/Edit Text/Bespoke/Buyer Pages/Checkout Completed/input_SIGN UP_btn_back'

2020-03-20 14:22:33 - [TEST_STEP][PASSED] - click(findTestObject("ADMIN/Edit Text/Bespoke/Buyer Pages/Homepage/button_save"), CONTINUE_ON_FAILURE): Object: 'Object Repository/ADMIN/Edit Text/Bespoke/Buyer Pages/Homepage/button_save' is clicked on

2020-03-20 14:22:33 - [MESSAGE][PASSED] - Object: 'Object Repository/ADMIN/Edit Text/Bespoke/Buyer Pages/Homepage/button_save' is clicked on

2020-03-20 14:22:33 - [TEST_STEP][PASSED] - waitForElementVisible(findTestObject("ADMIN/Edit Text/Bespoke/Buyer Pages/Homepage/toaster_success"), 0): Object 'Object Repository/ADMIN/Edit Text/Bespoke/Buyer Pages/Homepage/toaster_success' is visible

2020-03-20 14:22:33 - [MESSAGE][WARNING] - Timeout '0' is invalid. Using default page load timeout: '30'

2020-03-20 14:22:33 - [MESSAGE][PASSED] - Object 'Object Repository/ADMIN/Edit Text/Bespoke/Buyer Pages/Homepage/toaster_success' is visible]]></system-out>
         <system-err><![CDATA[]]></system-err>
      </testcase>
      <testcase name="Test Cases/ADMIN/Language/Edit Text/Bespoke/Buyer Pages/Checkout Completed" time="4.302" classname="Test Cases/ADMIN/Language/Edit Text/Bespoke/Buyer Pages/Checkout Completed" status="PASSED">
         <system-out><![CDATA[2020-03-20 14:22:33 - [TEST_CASE][PASSED] - Test Cases/ADMIN/Language/Edit Text/Bespoke/Buyer Pages/Checkout Completed: Test Cases/ADMIN/Language/Edit Text/Bespoke/Buyer Pages/Checkout Completed

2020-03-20 14:22:33 - [TEST_STEP][PASSED] - waitForElementVisible(findTestObject("ADMIN/Edit Text/Bespoke/Buyer Navigation/dd_language"), 0): Object 'Object Repository/ADMIN/Edit Text/Bespoke/Buyer Navigation/dd_language' is visible

2020-03-20 14:22:33 - [MESSAGE][WARNING] - Timeout '0' is invalid. Using default page load timeout: '30'

2020-03-20 14:22:34 - [MESSAGE][PASSED] - Object 'Object Repository/ADMIN/Edit Text/Bespoke/Buyer Navigation/dd_language' is visible

2020-03-20 14:22:34 - [TEST_STEP][PASSED] - selectOptionByLabel(findTestObject("ADMIN/Edit Text/Bespoke/Buyer Navigation/dd_language"), varLanguage, false): All options with label 'Italian' are selected in object 'Object Repository/ADMIN/Edit Text/Bespoke/Buyer Navigation/dd_language' 

2020-03-20 14:22:34 - [MESSAGE][PASSED] - All options with label 'Italian' are selected in object 'Object Repository/ADMIN/Edit Text/Bespoke/Buyer Navigation/dd_language' 

2020-03-20 14:22:34 - [TEST_STEP][PASSED] - sendKeys(findTestObject("ADMIN/Edit Text/Bespoke/Buyer Pages/Checkout Completed/input_THANK YOU FOR YOUR PURCHASE_thanks-msg"), "*"): Keys '*' sent to object: 'Object Repository/ADMIN/Edit Text/Bespoke/Buyer Pages/Checkout Completed/input_THANK YOU FOR YOUR PURCHASE_thanks-msg'

2020-03-20 14:22:35 - [MESSAGE][PASSED] - Keys '*' sent to object: 'Object Repository/ADMIN/Edit Text/Bespoke/Buyer Pages/Checkout Completed/input_THANK YOU FOR YOUR PURCHASE_thanks-msg'

2020-03-20 14:22:35 - [TEST_STEP][PASSED] - sendKeys(findTestObject("ADMIN/Edit Text/Bespoke/Buyer Pages/Checkout Completed/input_YOUR INVOICE ID IS_your-invoice-id"), "*"): Keys '*' sent to object: 'Object Repository/ADMIN/Edit Text/Bespoke/Buyer Pages/Checkout Completed/input_YOUR INVOICE ID IS_your-invoice-id'

2020-03-20 14:22:35 - [MESSAGE][PASSED] - Keys '*' sent to object: 'Object Repository/ADMIN/Edit Text/Bespoke/Buyer Pages/Checkout Completed/input_YOUR INVOICE ID IS_your-invoice-id'

2020-03-20 14:22:35 - [TEST_STEP][PASSED] - sendKeys(findTestObject("ADMIN/Edit Text/Bespoke/Buyer Pages/Checkout Completed/textarea_You will receive an order confirmation email shortlyIf you have any enquiry please"), "*"): Keys '*' sent to object: 'Object Repository/ADMIN/Edit Text/Bespoke/Buyer Pages/Checkout Completed/textarea_You will receive an order confirmation email shortlyIf you have any enquiry please'

2020-03-20 14:22:36 - [MESSAGE][PASSED] - Keys '*' sent to object: 'Object Repository/ADMIN/Edit Text/Bespoke/Buyer Pages/Checkout Completed/textarea_You will receive an order confirmation email shortlyIf you have any enquiry please'

2020-03-20 14:22:36 - [TEST_STEP][PASSED] - sendKeys(findTestObject("ADMIN/Edit Text/Bespoke/Buyer Pages/Checkout Completed/input_contact us_contact-us-txt"), "*"): Keys '*' sent to object: 'Object Repository/ADMIN/Edit Text/Bespoke/Buyer Pages/Checkout Completed/input_contact us_contact-us-txt'

2020-03-20 14:22:36 - [MESSAGE][PASSED] - Keys '*' sent to object: 'Object Repository/ADMIN/Edit Text/Bespoke/Buyer Pages/Checkout Completed/input_contact us_contact-us-txt'

2020-03-20 14:22:36 - [TEST_STEP][PASSED] - sendKeys(findTestObject("ADMIN/Edit Text/Bespoke/Buyer Pages/Checkout Completed/input_HOME PAGE_btn_back"), "*"): Keys '*' sent to object: 'Object Repository/ADMIN/Edit Text/Bespoke/Buyer Pages/Checkout Completed/input_HOME PAGE_btn_back'

2020-03-20 14:22:36 - [MESSAGE][PASSED] - Keys '*' sent to object: 'Object Repository/ADMIN/Edit Text/Bespoke/Buyer Pages/Checkout Completed/input_HOME PAGE_btn_back'

2020-03-20 14:22:36 - [TEST_STEP][PASSED] - sendKeys(findTestObject("ADMIN/Edit Text/Bespoke/Buyer Pages/Checkout Completed/input_PURCHASE HISTORY_btn_proceed_payment"), "*"): Keys '*' sent to object: 'Object Repository/ADMIN/Edit Text/Bespoke/Buyer Pages/Checkout Completed/input_PURCHASE HISTORY_btn_proceed_payment'

2020-03-20 14:22:36 - [MESSAGE][PASSED] - Keys '*' sent to object: 'Object Repository/ADMIN/Edit Text/Bespoke/Buyer Pages/Checkout Completed/input_PURCHASE HISTORY_btn_proceed_payment'

2020-03-20 14:22:36 - [TEST_STEP][PASSED] - sendKeys(findTestObject("ADMIN/Edit Text/Bespoke/Buyer Pages/Checkout Completed/input_Sign up now to save your address for next time_sign-up-msg"), "*"): Keys '*' sent to object: 'Object Repository/ADMIN/Edit Text/Bespoke/Buyer Pages/Checkout Completed/input_Sign up now to save your address for next time_sign-up-msg'

2020-03-20 14:22:36 - [MESSAGE][PASSED] - Keys '*' sent to object: 'Object Repository/ADMIN/Edit Text/Bespoke/Buyer Pages/Checkout Completed/input_Sign up now to save your address for next time_sign-up-msg'

2020-03-20 14:22:36 - [TEST_STEP][PASSED] - sendKeys(findTestObject("ADMIN/Edit Text/Bespoke/Buyer Pages/Checkout Completed/input_SIGN UP_btn_back"), "*"): Keys '*' sent to object: 'Object Repository/ADMIN/Edit Text/Bespoke/Buyer Pages/Checkout Completed/input_SIGN UP_btn_back'

2020-03-20 14:22:37 - [MESSAGE][PASSED] - Keys '*' sent to object: 'Object Repository/ADMIN/Edit Text/Bespoke/Buyer Pages/Checkout Completed/input_SIGN UP_btn_back'

2020-03-20 14:22:37 - [TEST_STEP][PASSED] - click(findTestObject("ADMIN/Edit Text/Bespoke/Buyer Pages/Homepage/button_save"), CONTINUE_ON_FAILURE): Object: 'Object Repository/ADMIN/Edit Text/Bespoke/Buyer Pages/Homepage/button_save' is clicked on

2020-03-20 14:22:37 - [MESSAGE][PASSED] - Object: 'Object Repository/ADMIN/Edit Text/Bespoke/Buyer Pages/Homepage/button_save' is clicked on

2020-03-20 14:22:37 - [TEST_STEP][PASSED] - waitForElementVisible(findTestObject("ADMIN/Edit Text/Bespoke/Buyer Pages/Homepage/toaster_success"), 0): Object 'Object Repository/ADMIN/Edit Text/Bespoke/Buyer Pages/Homepage/toaster_success' is visible

2020-03-20 14:22:37 - [MESSAGE][WARNING] - Timeout '0' is invalid. Using default page load timeout: '30'

2020-03-20 14:22:38 - [MESSAGE][PASSED] - Object 'Object Repository/ADMIN/Edit Text/Bespoke/Buyer Pages/Homepage/toaster_success' is visible]]></system-out>
         <system-err><![CDATA[]]></system-err>
      </testcase>
      <testcase name="Test Cases/ADMIN/Language/Edit Text/Bespoke/Buyer Pages/Checkout Completed" time="4.586" classname="Test Cases/ADMIN/Language/Edit Text/Bespoke/Buyer Pages/Checkout Completed" status="PASSED">
         <system-out><![CDATA[2020-03-20 14:22:38 - [TEST_CASE][PASSED] - Test Cases/ADMIN/Language/Edit Text/Bespoke/Buyer Pages/Checkout Completed: Test Cases/ADMIN/Language/Edit Text/Bespoke/Buyer Pages/Checkout Completed

2020-03-20 14:22:38 - [TEST_STEP][PASSED] - waitForElementVisible(findTestObject("ADMIN/Edit Text/Bespoke/Buyer Navigation/dd_language"), 0): Object 'Object Repository/ADMIN/Edit Text/Bespoke/Buyer Navigation/dd_language' is visible

2020-03-20 14:22:38 - [MESSAGE][WARNING] - Timeout '0' is invalid. Using default page load timeout: '30'

2020-03-20 14:22:38 - [MESSAGE][PASSED] - Object 'Object Repository/ADMIN/Edit Text/Bespoke/Buyer Navigation/dd_language' is visible

2020-03-20 14:22:38 - [TEST_STEP][PASSED] - selectOptionByLabel(findTestObject("ADMIN/Edit Text/Bespoke/Buyer Navigation/dd_language"), varLanguage, false): All options with label 'Arabic' are selected in object 'Object Repository/ADMIN/Edit Text/Bespoke/Buyer Navigation/dd_language' 

2020-03-20 14:22:40 - [MESSAGE][PASSED] - All options with label 'Arabic' are selected in object 'Object Repository/ADMIN/Edit Text/Bespoke/Buyer Navigation/dd_language' 

2020-03-20 14:22:40 - [TEST_STEP][PASSED] - sendKeys(findTestObject("ADMIN/Edit Text/Bespoke/Buyer Pages/Checkout Completed/input_THANK YOU FOR YOUR PURCHASE_thanks-msg"), "*"): Keys '*' sent to object: 'Object Repository/ADMIN/Edit Text/Bespoke/Buyer Pages/Checkout Completed/input_THANK YOU FOR YOUR PURCHASE_thanks-msg'

2020-03-20 14:22:40 - [MESSAGE][PASSED] - Keys '*' sent to object: 'Object Repository/ADMIN/Edit Text/Bespoke/Buyer Pages/Checkout Completed/input_THANK YOU FOR YOUR PURCHASE_thanks-msg'

2020-03-20 14:22:40 - [TEST_STEP][PASSED] - sendKeys(findTestObject("ADMIN/Edit Text/Bespoke/Buyer Pages/Checkout Completed/input_YOUR INVOICE ID IS_your-invoice-id"), "*"): Keys '*' sent to object: 'Object Repository/ADMIN/Edit Text/Bespoke/Buyer Pages/Checkout Completed/input_YOUR INVOICE ID IS_your-invoice-id'

2020-03-20 14:22:40 - [MESSAGE][PASSED] - Keys '*' sent to object: 'Object Repository/ADMIN/Edit Text/Bespoke/Buyer Pages/Checkout Completed/input_YOUR INVOICE ID IS_your-invoice-id'

2020-03-20 14:22:40 - [TEST_STEP][PASSED] - sendKeys(findTestObject("ADMIN/Edit Text/Bespoke/Buyer Pages/Checkout Completed/textarea_You will receive an order confirmation email shortlyIf you have any enquiry please"), "*"): Keys '*' sent to object: 'Object Repository/ADMIN/Edit Text/Bespoke/Buyer Pages/Checkout Completed/textarea_You will receive an order confirmation email shortlyIf you have any enquiry please'

2020-03-20 14:22:40 - [MESSAGE][PASSED] - Keys '*' sent to object: 'Object Repository/ADMIN/Edit Text/Bespoke/Buyer Pages/Checkout Completed/textarea_You will receive an order confirmation email shortlyIf you have any enquiry please'

2020-03-20 14:22:40 - [TEST_STEP][PASSED] - sendKeys(findTestObject("ADMIN/Edit Text/Bespoke/Buyer Pages/Checkout Completed/input_contact us_contact-us-txt"), "*"): Keys '*' sent to object: 'Object Repository/ADMIN/Edit Text/Bespoke/Buyer Pages/Checkout Completed/input_contact us_contact-us-txt'

2020-03-20 14:22:40 - [MESSAGE][PASSED] - Keys '*' sent to object: 'Object Repository/ADMIN/Edit Text/Bespoke/Buyer Pages/Checkout Completed/input_contact us_contact-us-txt'

2020-03-20 14:22:40 - [TEST_STEP][PASSED] - sendKeys(findTestObject("ADMIN/Edit Text/Bespoke/Buyer Pages/Checkout Completed/input_HOME PAGE_btn_back"), "*"): Keys '*' sent to object: 'Object Repository/ADMIN/Edit Text/Bespoke/Buyer Pages/Checkout Completed/input_HOME PAGE_btn_back'

2020-03-20 14:22:40 - [MESSAGE][PASSED] - Keys '*' sent to object: 'Object Repository/ADMIN/Edit Text/Bespoke/Buyer Pages/Checkout Completed/input_HOME PAGE_btn_back'

2020-03-20 14:22:40 - [TEST_STEP][PASSED] - sendKeys(findTestObject("ADMIN/Edit Text/Bespoke/Buyer Pages/Checkout Completed/input_PURCHASE HISTORY_btn_proceed_payment"), "*"): Keys '*' sent to object: 'Object Repository/ADMIN/Edit Text/Bespoke/Buyer Pages/Checkout Completed/input_PURCHASE HISTORY_btn_proceed_payment'

2020-03-20 14:22:41 - [MESSAGE][PASSED] - Keys '*' sent to object: 'Object Repository/ADMIN/Edit Text/Bespoke/Buyer Pages/Checkout Completed/input_PURCHASE HISTORY_btn_proceed_payment'

2020-03-20 14:22:41 - [TEST_STEP][PASSED] - sendKeys(findTestObject("ADMIN/Edit Text/Bespoke/Buyer Pages/Checkout Completed/input_Sign up now to save your address for next time_sign-up-msg"), "*"): Keys '*' sent to object: 'Object Repository/ADMIN/Edit Text/Bespoke/Buyer Pages/Checkout Completed/input_Sign up now to save your address for next time_sign-up-msg'

2020-03-20 14:22:41 - [MESSAGE][PASSED] - Keys '*' sent to object: 'Object Repository/ADMIN/Edit Text/Bespoke/Buyer Pages/Checkout Completed/input_Sign up now to save your address for next time_sign-up-msg'

2020-03-20 14:22:41 - [TEST_STEP][PASSED] - sendKeys(findTestObject("ADMIN/Edit Text/Bespoke/Buyer Pages/Checkout Completed/input_SIGN UP_btn_back"), "*"): Keys '*' sent to object: 'Object Repository/ADMIN/Edit Text/Bespoke/Buyer Pages/Checkout Completed/input_SIGN UP_btn_back'

2020-03-20 14:22:41 - [MESSAGE][PASSED] - Keys '*' sent to object: 'Object Repository/ADMIN/Edit Text/Bespoke/Buyer Pages/Checkout Completed/input_SIGN UP_btn_back'

2020-03-20 14:22:41 - [TEST_STEP][PASSED] - click(findTestObject("ADMIN/Edit Text/Bespoke/Buyer Pages/Homepage/button_save"), CONTINUE_ON_FAILURE): Object: 'Object Repository/ADMIN/Edit Text/Bespoke/Buyer Pages/Homepage/button_save' is clicked on

2020-03-20 14:22:42 - [MESSAGE][PASSED] - Object: 'Object Repository/ADMIN/Edit Text/Bespoke/Buyer Pages/Homepage/button_save' is clicked on

2020-03-20 14:22:42 - [TEST_STEP][PASSED] - waitForElementVisible(findTestObject("ADMIN/Edit Text/Bespoke/Buyer Pages/Homepage/toaster_success"), 0): Object 'Object Repository/ADMIN/Edit Text/Bespoke/Buyer Pages/Homepage/toaster_success' is visible

2020-03-20 14:22:42 - [MESSAGE][WARNING] - Timeout '0' is invalid. Using default page load timeout: '30'

2020-03-20 14:22:42 - [MESSAGE][PASSED] - Object 'Object Repository/ADMIN/Edit Text/Bespoke/Buyer Pages/Homepage/toaster_success' is visible]]></system-out>
         <system-err><![CDATA[]]></system-err>
      </testcase>
      <testcase name="Test Cases/ADMIN/Language/Edit Text/Bespoke/Buyer Pages/Checkout Completed" time="5.219" classname="Test Cases/ADMIN/Language/Edit Text/Bespoke/Buyer Pages/Checkout Completed" status="PASSED">
         <system-out><![CDATA[2020-03-20 14:22:42 - [TEST_CASE][PASSED] - Test Cases/ADMIN/Language/Edit Text/Bespoke/Buyer Pages/Checkout Completed: Test Cases/ADMIN/Language/Edit Text/Bespoke/Buyer Pages/Checkout Completed

2020-03-20 14:22:42 - [TEST_STEP][PASSED] - waitForElementVisible(findTestObject("ADMIN/Edit Text/Bespoke/Buyer Navigation/dd_language"), 0): Object 'Object Repository/ADMIN/Edit Text/Bespoke/Buyer Navigation/dd_language' is visible

2020-03-20 14:22:42 - [MESSAGE][WARNING] - Timeout '0' is invalid. Using default page load timeout: '30'

2020-03-20 14:22:42 - [MESSAGE][PASSED] - Object 'Object Repository/ADMIN/Edit Text/Bespoke/Buyer Navigation/dd_language' is visible

2020-03-20 14:22:42 - [TEST_STEP][PASSED] - selectOptionByLabel(findTestObject("ADMIN/Edit Text/Bespoke/Buyer Navigation/dd_language"), varLanguage, false): All options with label 'Dutch' are selected in object 'Object Repository/ADMIN/Edit Text/Bespoke/Buyer Navigation/dd_language' 

2020-03-20 14:22:44 - [MESSAGE][PASSED] - All options with label 'Dutch' are selected in object 'Object Repository/ADMIN/Edit Text/Bespoke/Buyer Navigation/dd_language' 

2020-03-20 14:22:44 - [TEST_STEP][PASSED] - sendKeys(findTestObject("ADMIN/Edit Text/Bespoke/Buyer Pages/Checkout Completed/input_THANK YOU FOR YOUR PURCHASE_thanks-msg"), "*"): Keys '*' sent to object: 'Object Repository/ADMIN/Edit Text/Bespoke/Buyer Pages/Checkout Completed/input_THANK YOU FOR YOUR PURCHASE_thanks-msg'

2020-03-20 14:22:44 - [MESSAGE][PASSED] - Keys '*' sent to object: 'Object Repository/ADMIN/Edit Text/Bespoke/Buyer Pages/Checkout Completed/input_THANK YOU FOR YOUR PURCHASE_thanks-msg'

2020-03-20 14:22:44 - [TEST_STEP][PASSED] - sendKeys(findTestObject("ADMIN/Edit Text/Bespoke/Buyer Pages/Checkout Completed/input_YOUR INVOICE ID IS_your-invoice-id"), "*"): Keys '*' sent to object: 'Object Repository/ADMIN/Edit Text/Bespoke/Buyer Pages/Checkout Completed/input_YOUR INVOICE ID IS_your-invoice-id'

2020-03-20 14:22:45 - [MESSAGE][PASSED] - Keys '*' sent to object: 'Object Repository/ADMIN/Edit Text/Bespoke/Buyer Pages/Checkout Completed/input_YOUR INVOICE ID IS_your-invoice-id'

2020-03-20 14:22:45 - [TEST_STEP][PASSED] - sendKeys(findTestObject("ADMIN/Edit Text/Bespoke/Buyer Pages/Checkout Completed/textarea_You will receive an order confirmation email shortlyIf you have any enquiry please"), "*"): Keys '*' sent to object: 'Object Repository/ADMIN/Edit Text/Bespoke/Buyer Pages/Checkout Completed/textarea_You will receive an order confirmation email shortlyIf you have any enquiry please'

2020-03-20 14:22:45 - [MESSAGE][PASSED] - Keys '*' sent to object: 'Object Repository/ADMIN/Edit Text/Bespoke/Buyer Pages/Checkout Completed/textarea_You will receive an order confirmation email shortlyIf you have any enquiry please'

2020-03-20 14:22:45 - [TEST_STEP][PASSED] - sendKeys(findTestObject("ADMIN/Edit Text/Bespoke/Buyer Pages/Checkout Completed/input_contact us_contact-us-txt"), "*"): Keys '*' sent to object: 'Object Repository/ADMIN/Edit Text/Bespoke/Buyer Pages/Checkout Completed/input_contact us_contact-us-txt'

2020-03-20 14:22:45 - [MESSAGE][PASSED] - Keys '*' sent to object: 'Object Repository/ADMIN/Edit Text/Bespoke/Buyer Pages/Checkout Completed/input_contact us_contact-us-txt'

2020-03-20 14:22:45 - [TEST_STEP][PASSED] - sendKeys(findTestObject("ADMIN/Edit Text/Bespoke/Buyer Pages/Checkout Completed/input_HOME PAGE_btn_back"), "*"): Keys '*' sent to object: 'Object Repository/ADMIN/Edit Text/Bespoke/Buyer Pages/Checkout Completed/input_HOME PAGE_btn_back'

2020-03-20 14:22:45 - [MESSAGE][PASSED] - Keys '*' sent to object: 'Object Repository/ADMIN/Edit Text/Bespoke/Buyer Pages/Checkout Completed/input_HOME PAGE_btn_back'

2020-03-20 14:22:45 - [TEST_STEP][PASSED] - sendKeys(findTestObject("ADMIN/Edit Text/Bespoke/Buyer Pages/Checkout Completed/input_PURCHASE HISTORY_btn_proceed_payment"), "*"): Keys '*' sent to object: 'Object Repository/ADMIN/Edit Text/Bespoke/Buyer Pages/Checkout Completed/input_PURCHASE HISTORY_btn_proceed_payment'

2020-03-20 14:22:46 - [MESSAGE][PASSED] - Keys '*' sent to object: 'Object Repository/ADMIN/Edit Text/Bespoke/Buyer Pages/Checkout Completed/input_PURCHASE HISTORY_btn_proceed_payment'

2020-03-20 14:22:46 - [TEST_STEP][PASSED] - sendKeys(findTestObject("ADMIN/Edit Text/Bespoke/Buyer Pages/Checkout Completed/input_Sign up now to save your address for next time_sign-up-msg"), "*"): Keys '*' sent to object: 'Object Repository/ADMIN/Edit Text/Bespoke/Buyer Pages/Checkout Completed/input_Sign up now to save your address for next time_sign-up-msg'

2020-03-20 14:22:46 - [MESSAGE][PASSED] - Keys '*' sent to object: 'Object Repository/ADMIN/Edit Text/Bespoke/Buyer Pages/Checkout Completed/input_Sign up now to save your address for next time_sign-up-msg'

2020-03-20 14:22:46 - [TEST_STEP][PASSED] - sendKeys(findTestObject("ADMIN/Edit Text/Bespoke/Buyer Pages/Checkout Completed/input_SIGN UP_btn_back"), "*"): Keys '*' sent to object: 'Object Repository/ADMIN/Edit Text/Bespoke/Buyer Pages/Checkout Completed/input_SIGN UP_btn_back'

2020-03-20 14:22:46 - [MESSAGE][PASSED] - Keys '*' sent to object: 'Object Repository/ADMIN/Edit Text/Bespoke/Buyer Pages/Checkout Completed/input_SIGN UP_btn_back'

2020-03-20 14:22:46 - [TEST_STEP][PASSED] - click(findTestObject("ADMIN/Edit Text/Bespoke/Buyer Pages/Homepage/button_save"), CONTINUE_ON_FAILURE): Object: 'Object Repository/ADMIN/Edit Text/Bespoke/Buyer Pages/Homepage/button_save' is clicked on

2020-03-20 14:22:47 - [MESSAGE][PASSED] - Object: 'Object Repository/ADMIN/Edit Text/Bespoke/Buyer Pages/Homepage/button_save' is clicked on

2020-03-20 14:22:47 - [TEST_STEP][PASSED] - waitForElementVisible(findTestObject("ADMIN/Edit Text/Bespoke/Buyer Pages/Homepage/toaster_success"), 0): Object 'Object Repository/ADMIN/Edit Text/Bespoke/Buyer Pages/Homepage/toaster_success' is visible

2020-03-20 14:22:47 - [MESSAGE][WARNING] - Timeout '0' is invalid. Using default page load timeout: '30'

2020-03-20 14:22:47 - [MESSAGE][PASSED] - Object 'Object Repository/ADMIN/Edit Text/Bespoke/Buyer Pages/Homepage/toaster_success' is visible]]></system-out>
         <system-err><![CDATA[]]></system-err>
      </testcase>
      <testcase name="Test Cases/ADMIN/Language/Edit Text/Bespoke/Buyer Pages/Checkout Completed" time="3.503" classname="Test Cases/ADMIN/Language/Edit Text/Bespoke/Buyer Pages/Checkout Completed" status="PASSED">
         <system-out><![CDATA[2020-03-20 14:22:47 - [TEST_CASE][PASSED] - Test Cases/ADMIN/Language/Edit Text/Bespoke/Buyer Pages/Checkout Completed: Test Cases/ADMIN/Language/Edit Text/Bespoke/Buyer Pages/Checkout Completed

2020-03-20 14:22:47 - [TEST_STEP][PASSED] - waitForElementVisible(findTestObject("ADMIN/Edit Text/Bespoke/Buyer Navigation/dd_language"), 0): Object 'Object Repository/ADMIN/Edit Text/Bespoke/Buyer Navigation/dd_language' is visible

2020-03-20 14:22:47 - [MESSAGE][WARNING] - Timeout '0' is invalid. Using default page load timeout: '30'

2020-03-20 14:22:48 - [MESSAGE][PASSED] - Object 'Object Repository/ADMIN/Edit Text/Bespoke/Buyer Navigation/dd_language' is visible

2020-03-20 14:22:48 - [TEST_STEP][PASSED] - selectOptionByLabel(findTestObject("ADMIN/Edit Text/Bespoke/Buyer Navigation/dd_language"), varLanguage, false): All options with label 'Swedish' are selected in object 'Object Repository/ADMIN/Edit Text/Bespoke/Buyer Navigation/dd_language' 

2020-03-20 14:22:49 - [MESSAGE][PASSED] - All options with label 'Swedish' are selected in object 'Object Repository/ADMIN/Edit Text/Bespoke/Buyer Navigation/dd_language' 

2020-03-20 14:22:49 - [TEST_STEP][PASSED] - sendKeys(findTestObject("ADMIN/Edit Text/Bespoke/Buyer Pages/Checkout Completed/input_THANK YOU FOR YOUR PURCHASE_thanks-msg"), "*"): Keys '*' sent to object: 'Object Repository/ADMIN/Edit Text/Bespoke/Buyer Pages/Checkout Completed/input_THANK YOU FOR YOUR PURCHASE_thanks-msg'

2020-03-20 14:22:49 - [MESSAGE][PASSED] - Keys '*' sent to object: 'Object Repository/ADMIN/Edit Text/Bespoke/Buyer Pages/Checkout Completed/input_THANK YOU FOR YOUR PURCHASE_thanks-msg'

2020-03-20 14:22:49 - [TEST_STEP][PASSED] - sendKeys(findTestObject("ADMIN/Edit Text/Bespoke/Buyer Pages/Checkout Completed/input_YOUR INVOICE ID IS_your-invoice-id"), "*"): Keys '*' sent to object: 'Object Repository/ADMIN/Edit Text/Bespoke/Buyer Pages/Checkout Completed/input_YOUR INVOICE ID IS_your-invoice-id'

2020-03-20 14:22:49 - [MESSAGE][PASSED] - Keys '*' sent to object: 'Object Repository/ADMIN/Edit Text/Bespoke/Buyer Pages/Checkout Completed/input_YOUR INVOICE ID IS_your-invoice-id'

2020-03-20 14:22:49 - [TEST_STEP][PASSED] - sendKeys(findTestObject("ADMIN/Edit Text/Bespoke/Buyer Pages/Checkout Completed/textarea_You will receive an order confirmation email shortlyIf you have any enquiry please"), "*"): Keys '*' sent to object: 'Object Repository/ADMIN/Edit Text/Bespoke/Buyer Pages/Checkout Completed/textarea_You will receive an order confirmation email shortlyIf you have any enquiry please'

2020-03-20 14:22:50 - [MESSAGE][PASSED] - Keys '*' sent to object: 'Object Repository/ADMIN/Edit Text/Bespoke/Buyer Pages/Checkout Completed/textarea_You will receive an order confirmation email shortlyIf you have any enquiry please'

2020-03-20 14:22:50 - [TEST_STEP][PASSED] - sendKeys(findTestObject("ADMIN/Edit Text/Bespoke/Buyer Pages/Checkout Completed/input_contact us_contact-us-txt"), "*"): Keys '*' sent to object: 'Object Repository/ADMIN/Edit Text/Bespoke/Buyer Pages/Checkout Completed/input_contact us_contact-us-txt'

2020-03-20 14:22:50 - [MESSAGE][PASSED] - Keys '*' sent to object: 'Object Repository/ADMIN/Edit Text/Bespoke/Buyer Pages/Checkout Completed/input_contact us_contact-us-txt'

2020-03-20 14:22:50 - [TEST_STEP][PASSED] - sendKeys(findTestObject("ADMIN/Edit Text/Bespoke/Buyer Pages/Checkout Completed/input_HOME PAGE_btn_back"), "*"): Keys '*' sent to object: 'Object Repository/ADMIN/Edit Text/Bespoke/Buyer Pages/Checkout Completed/input_HOME PAGE_btn_back'

2020-03-20 14:22:50 - [MESSAGE][PASSED] - Keys '*' sent to object: 'Object Repository/ADMIN/Edit Text/Bespoke/Buyer Pages/Checkout Completed/input_HOME PAGE_btn_back'

2020-03-20 14:22:50 - [TEST_STEP][PASSED] - sendKeys(findTestObject("ADMIN/Edit Text/Bespoke/Buyer Pages/Checkout Completed/input_PURCHASE HISTORY_btn_proceed_payment"), "*"): Keys '*' sent to object: 'Object Repository/ADMIN/Edit Text/Bespoke/Buyer Pages/Checkout Completed/input_PURCHASE HISTORY_btn_proceed_payment'

2020-03-20 14:22:50 - [MESSAGE][PASSED] - Keys '*' sent to object: 'Object Repository/ADMIN/Edit Text/Bespoke/Buyer Pages/Checkout Completed/input_PURCHASE HISTORY_btn_proceed_payment'

2020-03-20 14:22:50 - [TEST_STEP][PASSED] - sendKeys(findTestObject("ADMIN/Edit Text/Bespoke/Buyer Pages/Checkout Completed/input_Sign up now to save your address for next time_sign-up-msg"), "*"): Keys '*' sent to object: 'Object Repository/ADMIN/Edit Text/Bespoke/Buyer Pages/Checkout Completed/input_Sign up now to save your address for next time_sign-up-msg'

2020-03-20 14:22:50 - [MESSAGE][PASSED] - Keys '*' sent to object: 'Object Repository/ADMIN/Edit Text/Bespoke/Buyer Pages/Checkout Completed/input_Sign up now to save your address for next time_sign-up-msg'

2020-03-20 14:22:50 - [TEST_STEP][PASSED] - sendKeys(findTestObject("ADMIN/Edit Text/Bespoke/Buyer Pages/Checkout Completed/input_SIGN UP_btn_back"), "*"): Keys '*' sent to object: 'Object Repository/ADMIN/Edit Text/Bespoke/Buyer Pages/Checkout Completed/input_SIGN UP_btn_back'

2020-03-20 14:22:51 - [MESSAGE][PASSED] - Keys '*' sent to object: 'Object Repository/ADMIN/Edit Text/Bespoke/Buyer Pages/Checkout Completed/input_SIGN UP_btn_back'

2020-03-20 14:22:51 - [TEST_STEP][PASSED] - click(findTestObject("ADMIN/Edit Text/Bespoke/Buyer Pages/Homepage/button_save"), CONTINUE_ON_FAILURE): Object: 'Object Repository/ADMIN/Edit Text/Bespoke/Buyer Pages/Homepage/button_save' is clicked on

2020-03-20 14:22:51 - [MESSAGE][PASSED] - Object: 'Object Repository/ADMIN/Edit Text/Bespoke/Buyer Pages/Homepage/button_save' is clicked on

2020-03-20 14:22:51 - [TEST_STEP][PASSED] - waitForElementVisible(findTestObject("ADMIN/Edit Text/Bespoke/Buyer Pages/Homepage/toaster_success"), 0): Object 'Object Repository/ADMIN/Edit Text/Bespoke/Buyer Pages/Homepage/toaster_success' is visible

2020-03-20 14:22:51 - [MESSAGE][WARNING] - Timeout '0' is invalid. Using default page load timeout: '30'

2020-03-20 14:22:51 - [MESSAGE][PASSED] - Object 'Object Repository/ADMIN/Edit Text/Bespoke/Buyer Pages/Homepage/toaster_success' is visible]]></system-out>
         <system-err><![CDATA[]]></system-err>
      </testcase>
      <testcase name="Test Cases/ADMIN/Language/Edit Text/Bespoke/Buyer Pages/Checkout Completed" time="3.708" classname="Test Cases/ADMIN/Language/Edit Text/Bespoke/Buyer Pages/Checkout Completed" status="PASSED">
         <system-out><![CDATA[2020-03-20 14:22:51 - [TEST_CASE][PASSED] - Test Cases/ADMIN/Language/Edit Text/Bespoke/Buyer Pages/Checkout Completed: Test Cases/ADMIN/Language/Edit Text/Bespoke/Buyer Pages/Checkout Completed

2020-03-20 14:22:51 - [TEST_STEP][PASSED] - waitForElementVisible(findTestObject("ADMIN/Edit Text/Bespoke/Buyer Navigation/dd_language"), 0): Object 'Object Repository/ADMIN/Edit Text/Bespoke/Buyer Navigation/dd_language' is visible

2020-03-20 14:22:51 - [MESSAGE][WARNING] - Timeout '0' is invalid. Using default page load timeout: '30'

2020-03-20 14:22:51 - [MESSAGE][PASSED] - Object 'Object Repository/ADMIN/Edit Text/Bespoke/Buyer Navigation/dd_language' is visible

2020-03-20 14:22:51 - [TEST_STEP][PASSED] - selectOptionByLabel(findTestObject("ADMIN/Edit Text/Bespoke/Buyer Navigation/dd_language"), varLanguage, false): All options with label 'Chinese (Simplified)' are selected in object 'Object Repository/ADMIN/Edit Text/Bespoke/Buyer Navigation/dd_language' 

2020-03-20 14:22:52 - [MESSAGE][PASSED] - All options with label 'Chinese (Simplified)' are selected in object 'Object Repository/ADMIN/Edit Text/Bespoke/Buyer Navigation/dd_language' 

2020-03-20 14:22:52 - [TEST_STEP][PASSED] - sendKeys(findTestObject("ADMIN/Edit Text/Bespoke/Buyer Pages/Checkout Completed/input_THANK YOU FOR YOUR PURCHASE_thanks-msg"), "*"): Keys '*' sent to object: 'Object Repository/ADMIN/Edit Text/Bespoke/Buyer Pages/Checkout Completed/input_THANK YOU FOR YOUR PURCHASE_thanks-msg'

2020-03-20 14:22:52 - [MESSAGE][PASSED] - Keys '*' sent to object: 'Object Repository/ADMIN/Edit Text/Bespoke/Buyer Pages/Checkout Completed/input_THANK YOU FOR YOUR PURCHASE_thanks-msg'

2020-03-20 14:22:52 - [TEST_STEP][PASSED] - sendKeys(findTestObject("ADMIN/Edit Text/Bespoke/Buyer Pages/Checkout Completed/input_YOUR INVOICE ID IS_your-invoice-id"), "*"): Keys '*' sent to object: 'Object Repository/ADMIN/Edit Text/Bespoke/Buyer Pages/Checkout Completed/input_YOUR INVOICE ID IS_your-invoice-id'

2020-03-20 14:22:52 - [MESSAGE][PASSED] - Keys '*' sent to object: 'Object Repository/ADMIN/Edit Text/Bespoke/Buyer Pages/Checkout Completed/input_YOUR INVOICE ID IS_your-invoice-id'

2020-03-20 14:22:52 - [TEST_STEP][PASSED] - sendKeys(findTestObject("ADMIN/Edit Text/Bespoke/Buyer Pages/Checkout Completed/textarea_You will receive an order confirmation email shortlyIf you have any enquiry please"), "*"): Keys '*' sent to object: 'Object Repository/ADMIN/Edit Text/Bespoke/Buyer Pages/Checkout Completed/textarea_You will receive an order confirmation email shortlyIf you have any enquiry please'

2020-03-20 14:22:52 - [MESSAGE][PASSED] - Keys '*' sent to object: 'Object Repository/ADMIN/Edit Text/Bespoke/Buyer Pages/Checkout Completed/textarea_You will receive an order confirmation email shortlyIf you have any enquiry please'

2020-03-20 14:22:52 - [TEST_STEP][PASSED] - sendKeys(findTestObject("ADMIN/Edit Text/Bespoke/Buyer Pages/Checkout Completed/input_contact us_contact-us-txt"), "*"): Keys '*' sent to object: 'Object Repository/ADMIN/Edit Text/Bespoke/Buyer Pages/Checkout Completed/input_contact us_contact-us-txt'

2020-03-20 14:22:53 - [MESSAGE][PASSED] - Keys '*' sent to object: 'Object Repository/ADMIN/Edit Text/Bespoke/Buyer Pages/Checkout Completed/input_contact us_contact-us-txt'

2020-03-20 14:22:53 - [TEST_STEP][PASSED] - sendKeys(findTestObject("ADMIN/Edit Text/Bespoke/Buyer Pages/Checkout Completed/input_HOME PAGE_btn_back"), "*"): Keys '*' sent to object: 'Object Repository/ADMIN/Edit Text/Bespoke/Buyer Pages/Checkout Completed/input_HOME PAGE_btn_back'

2020-03-20 14:22:53 - [MESSAGE][PASSED] - Keys '*' sent to object: 'Object Repository/ADMIN/Edit Text/Bespoke/Buyer Pages/Checkout Completed/input_HOME PAGE_btn_back'

2020-03-20 14:22:53 - [TEST_STEP][PASSED] - sendKeys(findTestObject("ADMIN/Edit Text/Bespoke/Buyer Pages/Checkout Completed/input_PURCHASE HISTORY_btn_proceed_payment"), "*"): Keys '*' sent to object: 'Object Repository/ADMIN/Edit Text/Bespoke/Buyer Pages/Checkout Completed/input_PURCHASE HISTORY_btn_proceed_payment'

2020-03-20 14:22:53 - [MESSAGE][PASSED] - Keys '*' sent to object: 'Object Repository/ADMIN/Edit Text/Bespoke/Buyer Pages/Checkout Completed/input_PURCHASE HISTORY_btn_proceed_payment'

2020-03-20 14:22:53 - [TEST_STEP][PASSED] - sendKeys(findTestObject("ADMIN/Edit Text/Bespoke/Buyer Pages/Checkout Completed/input_Sign up now to save your address for next time_sign-up-msg"), "*"): Keys '*' sent to object: 'Object Repository/ADMIN/Edit Text/Bespoke/Buyer Pages/Checkout Completed/input_Sign up now to save your address for next time_sign-up-msg'

2020-03-20 14:22:54 - [MESSAGE][PASSED] - Keys '*' sent to object: 'Object Repository/ADMIN/Edit Text/Bespoke/Buyer Pages/Checkout Completed/input_Sign up now to save your address for next time_sign-up-msg'

2020-03-20 14:22:54 - [TEST_STEP][PASSED] - sendKeys(findTestObject("ADMIN/Edit Text/Bespoke/Buyer Pages/Checkout Completed/input_SIGN UP_btn_back"), "*"): Keys '*' sent to object: 'Object Repository/ADMIN/Edit Text/Bespoke/Buyer Pages/Checkout Completed/input_SIGN UP_btn_back'

2020-03-20 14:22:54 - [MESSAGE][PASSED] - Keys '*' sent to object: 'Object Repository/ADMIN/Edit Text/Bespoke/Buyer Pages/Checkout Completed/input_SIGN UP_btn_back'

2020-03-20 14:22:54 - [TEST_STEP][PASSED] - click(findTestObject("ADMIN/Edit Text/Bespoke/Buyer Pages/Homepage/button_save"), CONTINUE_ON_FAILURE): Object: 'Object Repository/ADMIN/Edit Text/Bespoke/Buyer Pages/Homepage/button_save' is clicked on

2020-03-20 14:22:54 - [MESSAGE][PASSED] - Object: 'Object Repository/ADMIN/Edit Text/Bespoke/Buyer Pages/Homepage/button_save' is clicked on

2020-03-20 14:22:54 - [TEST_STEP][PASSED] - waitForElementVisible(findTestObject("ADMIN/Edit Text/Bespoke/Buyer Pages/Homepage/toaster_success"), 0): Object 'Object Repository/ADMIN/Edit Text/Bespoke/Buyer Pages/Homepage/toaster_success' is visible

2020-03-20 14:22:54 - [MESSAGE][WARNING] - Timeout '0' is invalid. Using default page load timeout: '30'

2020-03-20 14:22:55 - [MESSAGE][PASSED] - Object 'Object Repository/ADMIN/Edit Text/Bespoke/Buyer Pages/Homepage/toaster_success' is visible]]></system-out>
         <system-err><![CDATA[]]></system-err>
      </testcase>
      <testcase name="Test Cases/ADMIN/Language/Edit Text/Bespoke/Buyer Pages/Checkout Completed" time="4.647" classname="Test Cases/ADMIN/Language/Edit Text/Bespoke/Buyer Pages/Checkout Completed" status="PASSED">
         <system-out><![CDATA[2020-03-20 14:22:55 - [TEST_CASE][PASSED] - Test Cases/ADMIN/Language/Edit Text/Bespoke/Buyer Pages/Checkout Completed: Test Cases/ADMIN/Language/Edit Text/Bespoke/Buyer Pages/Checkout Completed

2020-03-20 14:22:55 - [TEST_STEP][PASSED] - waitForElementVisible(findTestObject("ADMIN/Edit Text/Bespoke/Buyer Navigation/dd_language"), 0): Object 'Object Repository/ADMIN/Edit Text/Bespoke/Buyer Navigation/dd_language' is visible

2020-03-20 14:22:55 - [MESSAGE][WARNING] - Timeout '0' is invalid. Using default page load timeout: '30'

2020-03-20 14:22:55 - [MESSAGE][PASSED] - Object 'Object Repository/ADMIN/Edit Text/Bespoke/Buyer Navigation/dd_language' is visible

2020-03-20 14:22:55 - [TEST_STEP][PASSED] - selectOptionByLabel(findTestObject("ADMIN/Edit Text/Bespoke/Buyer Navigation/dd_language"), varLanguage, false): All options with label 'Hebrew' are selected in object 'Object Repository/ADMIN/Edit Text/Bespoke/Buyer Navigation/dd_language' 

2020-03-20 14:22:56 - [MESSAGE][PASSED] - All options with label 'Hebrew' are selected in object 'Object Repository/ADMIN/Edit Text/Bespoke/Buyer Navigation/dd_language' 

2020-03-20 14:22:56 - [TEST_STEP][PASSED] - sendKeys(findTestObject("ADMIN/Edit Text/Bespoke/Buyer Pages/Checkout Completed/input_THANK YOU FOR YOUR PURCHASE_thanks-msg"), "*"): Keys '*' sent to object: 'Object Repository/ADMIN/Edit Text/Bespoke/Buyer Pages/Checkout Completed/input_THANK YOU FOR YOUR PURCHASE_thanks-msg'

2020-03-20 14:22:57 - [MESSAGE][PASSED] - Keys '*' sent to object: 'Object Repository/ADMIN/Edit Text/Bespoke/Buyer Pages/Checkout Completed/input_THANK YOU FOR YOUR PURCHASE_thanks-msg'

2020-03-20 14:22:57 - [TEST_STEP][PASSED] - sendKeys(findTestObject("ADMIN/Edit Text/Bespoke/Buyer Pages/Checkout Completed/input_YOUR INVOICE ID IS_your-invoice-id"), "*"): Keys '*' sent to object: 'Object Repository/ADMIN/Edit Text/Bespoke/Buyer Pages/Checkout Completed/input_YOUR INVOICE ID IS_your-invoice-id'

2020-03-20 14:22:57 - [MESSAGE][PASSED] - Keys '*' sent to object: 'Object Repository/ADMIN/Edit Text/Bespoke/Buyer Pages/Checkout Completed/input_YOUR INVOICE ID IS_your-invoice-id'

2020-03-20 14:22:57 - [TEST_STEP][PASSED] - sendKeys(findTestObject("ADMIN/Edit Text/Bespoke/Buyer Pages/Checkout Completed/textarea_You will receive an order confirmation email shortlyIf you have any enquiry please"), "*"): Keys '*' sent to object: 'Object Repository/ADMIN/Edit Text/Bespoke/Buyer Pages/Checkout Completed/textarea_You will receive an order confirmation email shortlyIf you have any enquiry please'

2020-03-20 14:22:57 - [MESSAGE][PASSED] - Keys '*' sent to object: 'Object Repository/ADMIN/Edit Text/Bespoke/Buyer Pages/Checkout Completed/textarea_You will receive an order confirmation email shortlyIf you have any enquiry please'

2020-03-20 14:22:57 - [TEST_STEP][PASSED] - sendKeys(findTestObject("ADMIN/Edit Text/Bespoke/Buyer Pages/Checkout Completed/input_contact us_contact-us-txt"), "*"): Keys '*' sent to object: 'Object Repository/ADMIN/Edit Text/Bespoke/Buyer Pages/Checkout Completed/input_contact us_contact-us-txt'

2020-03-20 14:22:58 - [MESSAGE][PASSED] - Keys '*' sent to object: 'Object Repository/ADMIN/Edit Text/Bespoke/Buyer Pages/Checkout Completed/input_contact us_contact-us-txt'

2020-03-20 14:22:58 - [TEST_STEP][PASSED] - sendKeys(findTestObject("ADMIN/Edit Text/Bespoke/Buyer Pages/Checkout Completed/input_HOME PAGE_btn_back"), "*"): Keys '*' sent to object: 'Object Repository/ADMIN/Edit Text/Bespoke/Buyer Pages/Checkout Completed/input_HOME PAGE_btn_back'

2020-03-20 14:22:58 - [MESSAGE][PASSED] - Keys '*' sent to object: 'Object Repository/ADMIN/Edit Text/Bespoke/Buyer Pages/Checkout Completed/input_HOME PAGE_btn_back'

2020-03-20 14:22:58 - [TEST_STEP][PASSED] - sendKeys(findTestObject("ADMIN/Edit Text/Bespoke/Buyer Pages/Checkout Completed/input_PURCHASE HISTORY_btn_proceed_payment"), "*"): Keys '*' sent to object: 'Object Repository/ADMIN/Edit Text/Bespoke/Buyer Pages/Checkout Completed/input_PURCHASE HISTORY_btn_proceed_payment'

2020-03-20 14:22:58 - [MESSAGE][PASSED] - Keys '*' sent to object: 'Object Repository/ADMIN/Edit Text/Bespoke/Buyer Pages/Checkout Completed/input_PURCHASE HISTORY_btn_proceed_payment'

2020-03-20 14:22:58 - [TEST_STEP][PASSED] - sendKeys(findTestObject("ADMIN/Edit Text/Bespoke/Buyer Pages/Checkout Completed/input_Sign up now to save your address for next time_sign-up-msg"), "*"): Keys '*' sent to object: 'Object Repository/ADMIN/Edit Text/Bespoke/Buyer Pages/Checkout Completed/input_Sign up now to save your address for next time_sign-up-msg'

2020-03-20 14:22:58 - [MESSAGE][PASSED] - Keys '*' sent to object: 'Object Repository/ADMIN/Edit Text/Bespoke/Buyer Pages/Checkout Completed/input_Sign up now to save your address for next time_sign-up-msg'

2020-03-20 14:22:58 - [TEST_STEP][PASSED] - sendKeys(findTestObject("ADMIN/Edit Text/Bespoke/Buyer Pages/Checkout Completed/input_SIGN UP_btn_back"), "*"): Keys '*' sent to object: 'Object Repository/ADMIN/Edit Text/Bespoke/Buyer Pages/Checkout Completed/input_SIGN UP_btn_back'

2020-03-20 14:22:58 - [MESSAGE][PASSED] - Keys '*' sent to object: 'Object Repository/ADMIN/Edit Text/Bespoke/Buyer Pages/Checkout Completed/input_SIGN UP_btn_back'

2020-03-20 14:22:58 - [TEST_STEP][PASSED] - click(findTestObject("ADMIN/Edit Text/Bespoke/Buyer Pages/Homepage/button_save"), CONTINUE_ON_FAILURE): Object: 'Object Repository/ADMIN/Edit Text/Bespoke/Buyer Pages/Homepage/button_save' is clicked on

2020-03-20 14:22:59 - [MESSAGE][PASSED] - Object: 'Object Repository/ADMIN/Edit Text/Bespoke/Buyer Pages/Homepage/button_save' is clicked on

2020-03-20 14:22:59 - [TEST_STEP][PASSED] - waitForElementVisible(findTestObject("ADMIN/Edit Text/Bespoke/Buyer Pages/Homepage/toaster_success"), 0): Object 'Object Repository/ADMIN/Edit Text/Bespoke/Buyer Pages/Homepage/toaster_success' is visible

2020-03-20 14:22:59 - [MESSAGE][WARNING] - Timeout '0' is invalid. Using default page load timeout: '30'

2020-03-20 14:22:59 - [MESSAGE][PASSED] - Object 'Object Repository/ADMIN/Edit Text/Bespoke/Buyer Pages/Homepage/toaster_success' is visible]]></system-out>
         <system-err><![CDATA[]]></system-err>
      </testcase>
      <testcase name="Test Cases/ADMIN/Language/Edit Text/Bespoke/Buyer Pages/Checkout Completed" time="4.221" classname="Test Cases/ADMIN/Language/Edit Text/Bespoke/Buyer Pages/Checkout Completed" status="PASSED">
         <system-out><![CDATA[2020-03-20 14:22:59 - [TEST_CASE][PASSED] - Test Cases/ADMIN/Language/Edit Text/Bespoke/Buyer Pages/Checkout Completed: Test Cases/ADMIN/Language/Edit Text/Bespoke/Buyer Pages/Checkout Completed

2020-03-20 14:22:59 - [TEST_STEP][PASSED] - waitForElementVisible(findTestObject("ADMIN/Edit Text/Bespoke/Buyer Navigation/dd_language"), 0): Object 'Object Repository/ADMIN/Edit Text/Bespoke/Buyer Navigation/dd_language' is visible

2020-03-20 14:22:59 - [MESSAGE][WARNING] - Timeout '0' is invalid. Using default page load timeout: '30'

2020-03-20 14:22:59 - [MESSAGE][PASSED] - Object 'Object Repository/ADMIN/Edit Text/Bespoke/Buyer Navigation/dd_language' is visible

2020-03-20 14:22:59 - [TEST_STEP][PASSED] - selectOptionByLabel(findTestObject("ADMIN/Edit Text/Bespoke/Buyer Navigation/dd_language"), varLanguage, false): All options with label 'English' are selected in object 'Object Repository/ADMIN/Edit Text/Bespoke/Buyer Navigation/dd_language' 

2020-03-20 14:23:01 - [MESSAGE][PASSED] - All options with label 'English' are selected in object 'Object Repository/ADMIN/Edit Text/Bespoke/Buyer Navigation/dd_language' 

2020-03-20 14:23:01 - [TEST_STEP][PASSED] - sendKeys(findTestObject("ADMIN/Edit Text/Bespoke/Buyer Pages/Checkout Completed/input_THANK YOU FOR YOUR PURCHASE_thanks-msg"), "*"): Keys '*' sent to object: 'Object Repository/ADMIN/Edit Text/Bespoke/Buyer Pages/Checkout Completed/input_THANK YOU FOR YOUR PURCHASE_thanks-msg'

2020-03-20 14:23:01 - [MESSAGE][PASSED] - Keys '*' sent to object: 'Object Repository/ADMIN/Edit Text/Bespoke/Buyer Pages/Checkout Completed/input_THANK YOU FOR YOUR PURCHASE_thanks-msg'

2020-03-20 14:23:01 - [TEST_STEP][PASSED] - sendKeys(findTestObject("ADMIN/Edit Text/Bespoke/Buyer Pages/Checkout Completed/input_YOUR INVOICE ID IS_your-invoice-id"), "*"): Keys '*' sent to object: 'Object Repository/ADMIN/Edit Text/Bespoke/Buyer Pages/Checkout Completed/input_YOUR INVOICE ID IS_your-invoice-id'

2020-03-20 14:23:01 - [MESSAGE][PASSED] - Keys '*' sent to object: 'Object Repository/ADMIN/Edit Text/Bespoke/Buyer Pages/Checkout Completed/input_YOUR INVOICE ID IS_your-invoice-id'

2020-03-20 14:23:01 - [TEST_STEP][PASSED] - sendKeys(findTestObject("ADMIN/Edit Text/Bespoke/Buyer Pages/Checkout Completed/textarea_You will receive an order confirmation email shortlyIf you have any enquiry please"), "*"): Keys '*' sent to object: 'Object Repository/ADMIN/Edit Text/Bespoke/Buyer Pages/Checkout Completed/textarea_You will receive an order confirmation email shortlyIf you have any enquiry please'

2020-03-20 14:23:01 - [MESSAGE][PASSED] - Keys '*' sent to object: 'Object Repository/ADMIN/Edit Text/Bespoke/Buyer Pages/Checkout Completed/textarea_You will receive an order confirmation email shortlyIf you have any enquiry please'

2020-03-20 14:23:01 - [TEST_STEP][PASSED] - sendKeys(findTestObject("ADMIN/Edit Text/Bespoke/Buyer Pages/Checkout Completed/input_contact us_contact-us-txt"), "*"): Keys '*' sent to object: 'Object Repository/ADMIN/Edit Text/Bespoke/Buyer Pages/Checkout Completed/input_contact us_contact-us-txt'

2020-03-20 14:23:02 - [MESSAGE][PASSED] - Keys '*' sent to object: 'Object Repository/ADMIN/Edit Text/Bespoke/Buyer Pages/Checkout Completed/input_contact us_contact-us-txt'

2020-03-20 14:23:02 - [TEST_STEP][PASSED] - sendKeys(findTestObject("ADMIN/Edit Text/Bespoke/Buyer Pages/Checkout Completed/input_HOME PAGE_btn_back"), "*"): Keys '*' sent to object: 'Object Repository/ADMIN/Edit Text/Bespoke/Buyer Pages/Checkout Completed/input_HOME PAGE_btn_back'

2020-03-20 14:23:02 - [MESSAGE][PASSED] - Keys '*' sent to object: 'Object Repository/ADMIN/Edit Text/Bespoke/Buyer Pages/Checkout Completed/input_HOME PAGE_btn_back'

2020-03-20 14:23:02 - [TEST_STEP][PASSED] - sendKeys(findTestObject("ADMIN/Edit Text/Bespoke/Buyer Pages/Checkout Completed/input_PURCHASE HISTORY_btn_proceed_payment"), "*"): Keys '*' sent to object: 'Object Repository/ADMIN/Edit Text/Bespoke/Buyer Pages/Checkout Completed/input_PURCHASE HISTORY_btn_proceed_payment'

2020-03-20 14:23:02 - [MESSAGE][PASSED] - Keys '*' sent to object: 'Object Repository/ADMIN/Edit Text/Bespoke/Buyer Pages/Checkout Completed/input_PURCHASE HISTORY_btn_proceed_payment'

2020-03-20 14:23:02 - [TEST_STEP][PASSED] - sendKeys(findTestObject("ADMIN/Edit Text/Bespoke/Buyer Pages/Checkout Completed/input_Sign up now to save your address for next time_sign-up-msg"), "*"): Keys '*' sent to object: 'Object Repository/ADMIN/Edit Text/Bespoke/Buyer Pages/Checkout Completed/input_Sign up now to save your address for next time_sign-up-msg'

2020-03-20 14:23:02 - [MESSAGE][PASSED] - Keys '*' sent to object: 'Object Repository/ADMIN/Edit Text/Bespoke/Buyer Pages/Checkout Completed/input_Sign up now to save your address for next time_sign-up-msg'

2020-03-20 14:23:02 - [TEST_STEP][PASSED] - sendKeys(findTestObject("ADMIN/Edit Text/Bespoke/Buyer Pages/Checkout Completed/input_SIGN UP_btn_back"), "*"): Keys '*' sent to object: 'Object Repository/ADMIN/Edit Text/Bespoke/Buyer Pages/Checkout Completed/input_SIGN UP_btn_back'

2020-03-20 14:23:03 - [MESSAGE][PASSED] - Keys '*' sent to object: 'Object Repository/ADMIN/Edit Text/Bespoke/Buyer Pages/Checkout Completed/input_SIGN UP_btn_back'

2020-03-20 14:23:03 - [TEST_STEP][PASSED] - click(findTestObject("ADMIN/Edit Text/Bespoke/Buyer Pages/Homepage/button_save"), CONTINUE_ON_FAILURE): Object: 'Object Repository/ADMIN/Edit Text/Bespoke/Buyer Pages/Homepage/button_save' is clicked on

2020-03-20 14:23:03 - [MESSAGE][PASSED] - Object: 'Object Repository/ADMIN/Edit Text/Bespoke/Buyer Pages/Homepage/button_save' is clicked on

2020-03-20 14:23:03 - [TEST_STEP][PASSED] - waitForElementVisible(findTestObject("ADMIN/Edit Text/Bespoke/Buyer Pages/Homepage/toaster_success"), 0): Object 'Object Repository/ADMIN/Edit Text/Bespoke/Buyer Pages/Homepage/toaster_success' is visible

2020-03-20 14:23:03 - [MESSAGE][WARNING] - Timeout '0' is invalid. Using default page load timeout: '30'

2020-03-20 14:23:04 - [MESSAGE][PASSED] - Object 'Object Repository/ADMIN/Edit Text/Bespoke/Buyer Pages/Homepage/toaster_success' is visible]]></system-out>
         <system-err><![CDATA[]]></system-err>
      </testcase>
      <testcase name="Test Cases/ADMIN/Language/Edit Text/Bespoke/Buyer Pages/Purchase History Navigation" time="4.547" classname="Test Cases/ADMIN/Language/Edit Text/Bespoke/Buyer Pages/Purchase History Navigation" status="PASSED">
         <system-out><![CDATA[2020-03-20 14:23:04 - [TEST_CASE][PASSED] - Test Cases/ADMIN/Language/Edit Text/Bespoke/Buyer Pages/Purchase History Navigation: Test Cases/ADMIN/Language/Edit Text/Bespoke/Buyer Pages/Purchase History Navigation

2020-03-20 14:23:04 - [TEST_STEP][PASSED] - waitForElementVisible(findTestObject("ADMIN/Language/sidemenu_Language"), 0): Object 'Object Repository/ADMIN/Language/sidemenu_Language' is visible

2020-03-20 14:23:04 - [MESSAGE][WARNING] - Timeout '0' is invalid. Using default page load timeout: '30'

2020-03-20 14:23:04 - [MESSAGE][PASSED] - Object 'Object Repository/ADMIN/Language/sidemenu_Language' is visible

2020-03-20 14:23:04 - [TEST_STEP][PASSED] - click(findTestObject("ADMIN/Language/sidemenu_Language"), CONTINUE_ON_FAILURE): Object: 'Object Repository/ADMIN/Language/sidemenu_Language' is clicked on

2020-03-20 14:23:04 - [MESSAGE][PASSED] - Object: 'Object Repository/ADMIN/Language/sidemenu_Language' is clicked on

2020-03-20 14:23:04 - [TEST_STEP][PASSED] - waitForElementVisible(findTestObject("ADMIN/Language/sidemenu_Edit Text"), 0): Object 'Object Repository/ADMIN/Language/sidemenu_Edit Text' is visible

2020-03-20 14:23:04 - [MESSAGE][WARNING] - Timeout '0' is invalid. Using default page load timeout: '30'

2020-03-20 14:23:05 - [MESSAGE][PASSED] - Object 'Object Repository/ADMIN/Language/sidemenu_Edit Text' is visible

2020-03-20 14:23:05 - [TEST_STEP][PASSED] - click(findTestObject("ADMIN/Language/sidemenu_Edit Text"), CONTINUE_ON_FAILURE): Object: 'Object Repository/ADMIN/Language/sidemenu_Edit Text' is clicked on

2020-03-20 14:23:06 - [MESSAGE][PASSED] - Object: 'Object Repository/ADMIN/Language/sidemenu_Edit Text' is clicked on

2020-03-20 14:23:06 - [TEST_STEP][PASSED] - waitForElementVisible(findTestObject("ADMIN/Edit Text/Bespoke/Buyer Navigation/icon_dd"), 0): Object 'Object Repository/ADMIN/Edit Text/Bespoke/Buyer Navigation/icon_dd' is visible

2020-03-20 14:23:06 - [MESSAGE][WARNING] - Timeout '0' is invalid. Using default page load timeout: '30'

2020-03-20 14:23:06 - [MESSAGE][PASSED] - Object 'Object Repository/ADMIN/Edit Text/Bespoke/Buyer Navigation/icon_dd' is visible

2020-03-20 14:23:06 - [TEST_STEP][PASSED] - click(findTestObject("ADMIN/Edit Text/Bespoke/Buyer Navigation/icon_dd"), CONTINUE_ON_FAILURE): Object: 'Object Repository/ADMIN/Edit Text/Bespoke/Buyer Navigation/icon_dd' is clicked on

2020-03-20 14:23:07 - [MESSAGE][PASSED] - Object: 'Object Repository/ADMIN/Edit Text/Bespoke/Buyer Navigation/icon_dd' is clicked on

2020-03-20 14:23:07 - [TEST_STEP][PASSED] - waitForElementVisible(findTestObject("ADMIN/Edit Text/Bespoke/Buyer Navigation/textlink_Purchase History"), 0): Object 'Object Repository/ADMIN/Edit Text/Bespoke/Buyer Navigation/textlink_Purchase History' is visible

2020-03-20 14:23:07 - [MESSAGE][WARNING] - Timeout '0' is invalid. Using default page load timeout: '30'

2020-03-20 14:23:07 - [MESSAGE][PASSED] - Object 'Object Repository/ADMIN/Edit Text/Bespoke/Buyer Navigation/textlink_Purchase History' is visible

2020-03-20 14:23:07 - [TEST_STEP][PASSED] - click(findTestObject("ADMIN/Edit Text/Bespoke/Buyer Navigation/textlink_Purchase History"), CONTINUE_ON_FAILURE): Object: 'Object Repository/ADMIN/Edit Text/Bespoke/Buyer Navigation/textlink_Purchase History' is clicked on

2020-03-20 14:23:08 - [MESSAGE][PASSED] - Object: 'Object Repository/ADMIN/Edit Text/Bespoke/Buyer Navigation/textlink_Purchase History' is clicked on

2020-03-20 14:23:08 - [TEST_STEP][PASSED] - waitForElementVisible(findTestObject("ADMIN/Edit Text/Bespoke/Buyer Navigation/dd_language"), 0): Object 'Object Repository/ADMIN/Edit Text/Bespoke/Buyer Navigation/dd_language' is visible

2020-03-20 14:23:08 - [MESSAGE][WARNING] - Timeout '0' is invalid. Using default page load timeout: '30'

2020-03-20 14:23:08 - [MESSAGE][PASSED] - Object 'Object Repository/ADMIN/Edit Text/Bespoke/Buyer Navigation/dd_language' is visible]]></system-out>
         <system-err><![CDATA[]]></system-err>
      </testcase>
      <testcase name="Test Cases/ADMIN/Language/Edit Text/Bespoke/Buyer Pages/Purchase History" time="5.376" classname="Test Cases/ADMIN/Language/Edit Text/Bespoke/Buyer Pages/Purchase History" status="PASSED">
         <system-out><![CDATA[2020-03-20 14:23:08 - [TEST_CASE][PASSED] - Test Cases/ADMIN/Language/Edit Text/Bespoke/Buyer Pages/Purchase History: Test Cases/ADMIN/Language/Edit Text/Bespoke/Buyer Pages/Purchase History

2020-03-20 14:23:08 - [TEST_STEP][PASSED] - waitForElementVisible(findTestObject("ADMIN/Edit Text/Bespoke/Buyer Navigation/dd_language"), 0): Object 'Object Repository/ADMIN/Edit Text/Bespoke/Buyer Navigation/dd_language' is visible

2020-03-20 14:23:08 - [MESSAGE][WARNING] - Timeout '0' is invalid. Using default page load timeout: '30'

2020-03-20 14:23:09 - [MESSAGE][PASSED] - Object 'Object Repository/ADMIN/Edit Text/Bespoke/Buyer Navigation/dd_language' is visible

2020-03-20 14:23:09 - [TEST_STEP][PASSED] - selectOptionByLabel(findTestObject("ADMIN/Edit Text/Bespoke/Buyer Navigation/dd_language"), varLanguage, false): All options with label 'French' are selected in object 'Object Repository/ADMIN/Edit Text/Bespoke/Buyer Navigation/dd_language' 

2020-03-20 14:23:10 - [MESSAGE][PASSED] - All options with label 'French' are selected in object 'Object Repository/ADMIN/Edit Text/Bespoke/Buyer Navigation/dd_language' 

2020-03-20 14:23:10 - [TEST_STEP][PASSED] - sendKeys(findTestObject("ADMIN/Edit Text/Bespoke/Buyer Pages/Purchase History/input_PURCHASE HISTORY_item_name"), "*"): Keys '*' sent to object: 'Object Repository/ADMIN/Edit Text/Bespoke/Buyer Pages/Purchase History/input_PURCHASE HISTORY_item_name'

2020-03-20 14:23:10 - [MESSAGE][PASSED] - Keys '*' sent to object: 'Object Repository/ADMIN/Edit Text/Bespoke/Buyer Pages/Purchase History/input_PURCHASE HISTORY_item_name'

2020-03-20 14:23:10 - [TEST_STEP][PASSED] - sendKeys(findTestObject("ADMIN/Edit Text/Bespoke/Buyer Pages/Purchase History/input_Manage all"), "*"): Keys '*' sent to object: 'Object Repository/ADMIN/Edit Text/Bespoke/Buyer Pages/Purchase History/input_Manage all'

2020-03-20 14:23:10 - [MESSAGE][PASSED] - Keys '*' sent to object: 'Object Repository/ADMIN/Edit Text/Bespoke/Buyer Pages/Purchase History/input_Manage all'

2020-03-20 14:23:10 - [TEST_STEP][PASSED] - sendKeys(findTestObject("ADMIN/Edit Text/Bespoke/Buyer Pages/Purchase History/input_Search by Invoice ID_search-by-txt"), "*"): Keys '*' sent to object: 'Object Repository/ADMIN/Edit Text/Bespoke/Buyer Pages/Purchase History/input_Search by Invoice ID_search-by-txt'

2020-03-20 14:23:10 - [MESSAGE][PASSED] - Keys '*' sent to object: 'Object Repository/ADMIN/Edit Text/Bespoke/Buyer Pages/Purchase History/input_Search by Invoice ID_search-by-txt'

2020-03-20 14:23:10 - [TEST_STEP][PASSED] - sendKeys(findTestObject("ADMIN/Edit Text/Bespoke/Buyer Pages/Purchase History/input_INVOICE NO_search-by-invid"), "*"): Keys '*' sent to object: 'Object Repository/ADMIN/Edit Text/Bespoke/Buyer Pages/Purchase History/input_INVOICE NO_search-by-invid'

2020-03-20 14:23:10 - [MESSAGE][PASSED] - Keys '*' sent to object: 'Object Repository/ADMIN/Edit Text/Bespoke/Buyer Pages/Purchase History/input_INVOICE NO_search-by-invid'

2020-03-20 14:23:10 - [TEST_STEP][PASSED] - sendKeys(findTestObject("ADMIN/Edit Text/Bespoke/Buyer Pages/Purchase History/input_TIMESTAMP_search-by-tmstmp"), "*"): Keys '*' sent to object: 'Object Repository/ADMIN/Edit Text/Bespoke/Buyer Pages/Purchase History/input_TIMESTAMP_search-by-tmstmp'

2020-03-20 14:23:11 - [MESSAGE][PASSED] - Keys '*' sent to object: 'Object Repository/ADMIN/Edit Text/Bespoke/Buyer Pages/Purchase History/input_TIMESTAMP_search-by-tmstmp'

2020-03-20 14:23:11 - [TEST_STEP][PASSED] - sendKeys(findTestObject("ADMIN/Edit Text/Bespoke/Buyer Pages/Purchase History/input_NO OF ITEM(S)_search-by-itm"), "*"): Keys '*' sent to object: 'Object Repository/ADMIN/Edit Text/Bespoke/Buyer Pages/Purchase History/input_NO OF ITEM(S)_search-by-itm'

2020-03-20 14:23:11 - [MESSAGE][PASSED] - Keys '*' sent to object: 'Object Repository/ADMIN/Edit Text/Bespoke/Buyer Pages/Purchase History/input_NO OF ITEM(S)_search-by-itm'

2020-03-20 14:23:11 - [TEST_STEP][PASSED] - sendKeys(findTestObject("ADMIN/Edit Text/Bespoke/Buyer Pages/Purchase History/input_ORDER TOTAL_search-by-qty"), "*"): Keys '*' sent to object: 'Object Repository/ADMIN/Edit Text/Bespoke/Buyer Pages/Purchase History/input_ORDER TOTAL_search-by-qty'

2020-03-20 14:23:11 - [MESSAGE][PASSED] - Keys '*' sent to object: 'Object Repository/ADMIN/Edit Text/Bespoke/Buyer Pages/Purchase History/input_ORDER TOTAL_search-by-qty'

2020-03-20 14:23:11 - [TEST_STEP][PASSED] - sendKeys(findTestObject("ADMIN/Edit Text/Bespoke/Buyer Pages/Purchase History/input_Delivery_search-by-dlrvy"), "*"): Keys '*' sent to object: 'Object Repository/ADMIN/Edit Text/Bespoke/Buyer Pages/Purchase History/input_Delivery_search-by-dlrvy'

2020-03-20 14:23:11 - [MESSAGE][PASSED] - Keys '*' sent to object: 'Object Repository/ADMIN/Edit Text/Bespoke/Buyer Pages/Purchase History/input_Delivery_search-by-dlrvy'

2020-03-20 14:23:11 - [TEST_STEP][PASSED] - sendKeys(findTestObject("ADMIN/Edit Text/Bespoke/Buyer Pages/Purchase History/input_Pick-up_search-by-dlrvy"), "*"): Keys '*' sent to object: 'Object Repository/ADMIN/Edit Text/Bespoke/Buyer Pages/Purchase History/input_Pick-up_search-by-dlrvy'

2020-03-20 14:23:12 - [MESSAGE][PASSED] - Keys '*' sent to object: 'Object Repository/ADMIN/Edit Text/Bespoke/Buyer Pages/Purchase History/input_Pick-up_search-by-dlrvy'

2020-03-20 14:23:12 - [TEST_STEP][PASSED] - sendKeys(findTestObject("ADMIN/Edit Text/Bespoke/Buyer Pages/Purchase History/input_Search by item name_search-by-txt"), "*"): Keys '*' sent to object: 'Object Repository/ADMIN/Edit Text/Bespoke/Buyer Pages/Purchase History/input_Search by item name_search-by-txt'

2020-03-20 14:23:12 - [MESSAGE][PASSED] - Keys '*' sent to object: 'Object Repository/ADMIN/Edit Text/Bespoke/Buyer Pages/Purchase History/input_Search by item name_search-by-txt'

2020-03-20 14:23:12 - [TEST_STEP][PASSED] - sendKeys(findTestObject("ADMIN/Edit Text/Bespoke/Buyer Pages/Purchase History/input_Sold By_sold-by"), "*"): Keys '*' sent to object: 'Object Repository/ADMIN/Edit Text/Bespoke/Buyer Pages/Purchase History/input_Sold By_sold-by'

2020-03-20 14:23:12 - [MESSAGE][PASSED] - Keys '*' sent to object: 'Object Repository/ADMIN/Edit Text/Bespoke/Buyer Pages/Purchase History/input_Sold By_sold-by'

2020-03-20 14:23:12 - [TEST_STEP][PASSED] - sendKeys(findTestObject("ADMIN/Edit Text/Bespoke/Buyer Pages/Purchase History/input_SUBMIT_btn_apply"), "*"): Keys '*' sent to object: 'Object Repository/ADMIN/Edit Text/Bespoke/Buyer Pages/Purchase History/input_SUBMIT_btn_apply'

2020-03-20 14:23:12 - [MESSAGE][PASSED] - Keys '*' sent to object: 'Object Repository/ADMIN/Edit Text/Bespoke/Buyer Pages/Purchase History/input_SUBMIT_btn_apply'

2020-03-20 14:23:12 - [TEST_STEP][PASSED] - click(findTestObject("ADMIN/Edit Text/Bespoke/Buyer Pages/Homepage/button_save"), CONTINUE_ON_FAILURE): Object: 'Object Repository/ADMIN/Edit Text/Bespoke/Buyer Pages/Homepage/button_save' is clicked on

2020-03-20 14:23:13 - [MESSAGE][PASSED] - Object: 'Object Repository/ADMIN/Edit Text/Bespoke/Buyer Pages/Homepage/button_save' is clicked on

2020-03-20 14:23:13 - [TEST_STEP][PASSED] - waitForElementVisible(findTestObject("ADMIN/Edit Text/Bespoke/Buyer Pages/Homepage/toaster_success"), 0): Object 'Object Repository/ADMIN/Edit Text/Bespoke/Buyer Pages/Homepage/toaster_success' is visible

2020-03-20 14:23:13 - [MESSAGE][WARNING] - Timeout '0' is invalid. Using default page load timeout: '30'

2020-03-20 14:23:13 - [MESSAGE][PASSED] - Object 'Object Repository/ADMIN/Edit Text/Bespoke/Buyer Pages/Homepage/toaster_success' is visible]]></system-out>
         <system-err><![CDATA[]]></system-err>
      </testcase>
      <testcase name="Test Cases/ADMIN/Language/Edit Text/Bespoke/Buyer Pages/Purchase History" time="4.312" classname="Test Cases/ADMIN/Language/Edit Text/Bespoke/Buyer Pages/Purchase History" status="PASSED">
         <system-out><![CDATA[2020-03-20 14:23:13 - [TEST_CASE][PASSED] - Test Cases/ADMIN/Language/Edit Text/Bespoke/Buyer Pages/Purchase History: Test Cases/ADMIN/Language/Edit Text/Bespoke/Buyer Pages/Purchase History

2020-03-20 14:23:13 - [TEST_STEP][PASSED] - waitForElementVisible(findTestObject("ADMIN/Edit Text/Bespoke/Buyer Navigation/dd_language"), 0): Object 'Object Repository/ADMIN/Edit Text/Bespoke/Buyer Navigation/dd_language' is visible

2020-03-20 14:23:13 - [MESSAGE][WARNING] - Timeout '0' is invalid. Using default page load timeout: '30'

2020-03-20 14:23:14 - [MESSAGE][PASSED] - Object 'Object Repository/ADMIN/Edit Text/Bespoke/Buyer Navigation/dd_language' is visible

2020-03-20 14:23:14 - [TEST_STEP][PASSED] - selectOptionByLabel(findTestObject("ADMIN/Edit Text/Bespoke/Buyer Navigation/dd_language"), varLanguage, false): All options with label 'Spanish' are selected in object 'Object Repository/ADMIN/Edit Text/Bespoke/Buyer Navigation/dd_language' 

2020-03-20 14:23:14 - [MESSAGE][PASSED] - All options with label 'Spanish' are selected in object 'Object Repository/ADMIN/Edit Text/Bespoke/Buyer Navigation/dd_language' 

2020-03-20 14:23:14 - [TEST_STEP][PASSED] - sendKeys(findTestObject("ADMIN/Edit Text/Bespoke/Buyer Pages/Purchase History/input_PURCHASE HISTORY_item_name"), "*"): Keys '*' sent to object: 'Object Repository/ADMIN/Edit Text/Bespoke/Buyer Pages/Purchase History/input_PURCHASE HISTORY_item_name'

2020-03-20 14:23:15 - [MESSAGE][PASSED] - Keys '*' sent to object: 'Object Repository/ADMIN/Edit Text/Bespoke/Buyer Pages/Purchase History/input_PURCHASE HISTORY_item_name'

2020-03-20 14:23:15 - [TEST_STEP][PASSED] - sendKeys(findTestObject("ADMIN/Edit Text/Bespoke/Buyer Pages/Purchase History/input_Manage all"), "*"): Keys '*' sent to object: 'Object Repository/ADMIN/Edit Text/Bespoke/Buyer Pages/Purchase History/input_Manage all'

2020-03-20 14:23:16 - [MESSAGE][PASSED] - Keys '*' sent to object: 'Object Repository/ADMIN/Edit Text/Bespoke/Buyer Pages/Purchase History/input_Manage all'

2020-03-20 14:23:16 - [TEST_STEP][PASSED] - sendKeys(findTestObject("ADMIN/Edit Text/Bespoke/Buyer Pages/Purchase History/input_Search by Invoice ID_search-by-txt"), "*"): Keys '*' sent to object: 'Object Repository/ADMIN/Edit Text/Bespoke/Buyer Pages/Purchase History/input_Search by Invoice ID_search-by-txt'

2020-03-20 14:23:16 - [MESSAGE][PASSED] - Keys '*' sent to object: 'Object Repository/ADMIN/Edit Text/Bespoke/Buyer Pages/Purchase History/input_Search by Invoice ID_search-by-txt'

2020-03-20 14:23:16 - [TEST_STEP][PASSED] - sendKeys(findTestObject("ADMIN/Edit Text/Bespoke/Buyer Pages/Purchase History/input_INVOICE NO_search-by-invid"), "*"): Keys '*' sent to object: 'Object Repository/ADMIN/Edit Text/Bespoke/Buyer Pages/Purchase History/input_INVOICE NO_search-by-invid'

2020-03-20 14:23:16 - [MESSAGE][PASSED] - Keys '*' sent to object: 'Object Repository/ADMIN/Edit Text/Bespoke/Buyer Pages/Purchase History/input_INVOICE NO_search-by-invid'

2020-03-20 14:23:16 - [TEST_STEP][PASSED] - sendKeys(findTestObject("ADMIN/Edit Text/Bespoke/Buyer Pages/Purchase History/input_TIMESTAMP_search-by-tmstmp"), "*"): Keys '*' sent to object: 'Object Repository/ADMIN/Edit Text/Bespoke/Buyer Pages/Purchase History/input_TIMESTAMP_search-by-tmstmp'

2020-03-20 14:23:16 - [MESSAGE][PASSED] - Keys '*' sent to object: 'Object Repository/ADMIN/Edit Text/Bespoke/Buyer Pages/Purchase History/input_TIMESTAMP_search-by-tmstmp'

2020-03-20 14:23:16 - [TEST_STEP][PASSED] - sendKeys(findTestObject("ADMIN/Edit Text/Bespoke/Buyer Pages/Purchase History/input_NO OF ITEM(S)_search-by-itm"), "*"): Keys '*' sent to object: 'Object Repository/ADMIN/Edit Text/Bespoke/Buyer Pages/Purchase History/input_NO OF ITEM(S)_search-by-itm'

2020-03-20 14:23:16 - [MESSAGE][PASSED] - Keys '*' sent to object: 'Object Repository/ADMIN/Edit Text/Bespoke/Buyer Pages/Purchase History/input_NO OF ITEM(S)_search-by-itm'

2020-03-20 14:23:16 - [TEST_STEP][PASSED] - sendKeys(findTestObject("ADMIN/Edit Text/Bespoke/Buyer Pages/Purchase History/input_ORDER TOTAL_search-by-qty"), "*"): Keys '*' sent to object: 'Object Repository/ADMIN/Edit Text/Bespoke/Buyer Pages/Purchase History/input_ORDER TOTAL_search-by-qty'

2020-03-20 14:23:16 - [MESSAGE][PASSED] - Keys '*' sent to object: 'Object Repository/ADMIN/Edit Text/Bespoke/Buyer Pages/Purchase History/input_ORDER TOTAL_search-by-qty'

2020-03-20 14:23:16 - [TEST_STEP][PASSED] - sendKeys(findTestObject("ADMIN/Edit Text/Bespoke/Buyer Pages/Purchase History/input_Delivery_search-by-dlrvy"), "*"): Keys '*' sent to object: 'Object Repository/ADMIN/Edit Text/Bespoke/Buyer Pages/Purchase History/input_Delivery_search-by-dlrvy'

2020-03-20 14:23:16 - [MESSAGE][PASSED] - Keys '*' sent to object: 'Object Repository/ADMIN/Edit Text/Bespoke/Buyer Pages/Purchase History/input_Delivery_search-by-dlrvy'

2020-03-20 14:23:16 - [TEST_STEP][PASSED] - sendKeys(findTestObject("ADMIN/Edit Text/Bespoke/Buyer Pages/Purchase History/input_Pick-up_search-by-dlrvy"), "*"): Keys '*' sent to object: 'Object Repository/ADMIN/Edit Text/Bespoke/Buyer Pages/Purchase History/input_Pick-up_search-by-dlrvy'

2020-03-20 14:23:17 - [MESSAGE][PASSED] - Keys '*' sent to object: 'Object Repository/ADMIN/Edit Text/Bespoke/Buyer Pages/Purchase History/input_Pick-up_search-by-dlrvy'

2020-03-20 14:23:17 - [TEST_STEP][PASSED] - sendKeys(findTestObject("ADMIN/Edit Text/Bespoke/Buyer Pages/Purchase History/input_Search by item name_search-by-txt"), "*"): Keys '*' sent to object: 'Object Repository/ADMIN/Edit Text/Bespoke/Buyer Pages/Purchase History/input_Search by item name_search-by-txt'

2020-03-20 14:23:17 - [MESSAGE][PASSED] - Keys '*' sent to object: 'Object Repository/ADMIN/Edit Text/Bespoke/Buyer Pages/Purchase History/input_Search by item name_search-by-txt'

2020-03-20 14:23:17 - [TEST_STEP][PASSED] - sendKeys(findTestObject("ADMIN/Edit Text/Bespoke/Buyer Pages/Purchase History/input_Sold By_sold-by"), "*"): Keys '*' sent to object: 'Object Repository/ADMIN/Edit Text/Bespoke/Buyer Pages/Purchase History/input_Sold By_sold-by'

2020-03-20 14:23:17 - [MESSAGE][PASSED] - Keys '*' sent to object: 'Object Repository/ADMIN/Edit Text/Bespoke/Buyer Pages/Purchase History/input_Sold By_sold-by'

2020-03-20 14:23:17 - [TEST_STEP][PASSED] - sendKeys(findTestObject("ADMIN/Edit Text/Bespoke/Buyer Pages/Purchase History/input_SUBMIT_btn_apply"), "*"): Keys '*' sent to object: 'Object Repository/ADMIN/Edit Text/Bespoke/Buyer Pages/Purchase History/input_SUBMIT_btn_apply'

2020-03-20 14:23:17 - [MESSAGE][PASSED] - Keys '*' sent to object: 'Object Repository/ADMIN/Edit Text/Bespoke/Buyer Pages/Purchase History/input_SUBMIT_btn_apply'

2020-03-20 14:23:17 - [TEST_STEP][PASSED] - click(findTestObject("ADMIN/Edit Text/Bespoke/Buyer Pages/Homepage/button_save"), CONTINUE_ON_FAILURE): Object: 'Object Repository/ADMIN/Edit Text/Bespoke/Buyer Pages/Homepage/button_save' is clicked on

2020-03-20 14:23:17 - [MESSAGE][PASSED] - Object: 'Object Repository/ADMIN/Edit Text/Bespoke/Buyer Pages/Homepage/button_save' is clicked on

2020-03-20 14:23:17 - [TEST_STEP][PASSED] - waitForElementVisible(findTestObject("ADMIN/Edit Text/Bespoke/Buyer Pages/Homepage/toaster_success"), 0): Object 'Object Repository/ADMIN/Edit Text/Bespoke/Buyer Pages/Homepage/toaster_success' is visible

2020-03-20 14:23:17 - [MESSAGE][WARNING] - Timeout '0' is invalid. Using default page load timeout: '30'

2020-03-20 14:23:18 - [MESSAGE][PASSED] - Object 'Object Repository/ADMIN/Edit Text/Bespoke/Buyer Pages/Homepage/toaster_success' is visible]]></system-out>
         <system-err><![CDATA[]]></system-err>
      </testcase>
      <testcase name="Test Cases/ADMIN/Language/Edit Text/Bespoke/Buyer Pages/Purchase History" time="5.007" classname="Test Cases/ADMIN/Language/Edit Text/Bespoke/Buyer Pages/Purchase History" status="PASSED">
         <system-out><![CDATA[2020-03-20 14:23:18 - [TEST_CASE][PASSED] - Test Cases/ADMIN/Language/Edit Text/Bespoke/Buyer Pages/Purchase History: Test Cases/ADMIN/Language/Edit Text/Bespoke/Buyer Pages/Purchase History

2020-03-20 14:23:18 - [TEST_STEP][PASSED] - waitForElementVisible(findTestObject("ADMIN/Edit Text/Bespoke/Buyer Navigation/dd_language"), 0): Object 'Object Repository/ADMIN/Edit Text/Bespoke/Buyer Navigation/dd_language' is visible

2020-03-20 14:23:18 - [MESSAGE][WARNING] - Timeout '0' is invalid. Using default page load timeout: '30'

2020-03-20 14:23:18 - [MESSAGE][PASSED] - Object 'Object Repository/ADMIN/Edit Text/Bespoke/Buyer Navigation/dd_language' is visible

2020-03-20 14:23:18 - [TEST_STEP][PASSED] - selectOptionByLabel(findTestObject("ADMIN/Edit Text/Bespoke/Buyer Navigation/dd_language"), varLanguage, false): All options with label 'Hindi' are selected in object 'Object Repository/ADMIN/Edit Text/Bespoke/Buyer Navigation/dd_language' 

2020-03-20 14:23:19 - [MESSAGE][PASSED] - All options with label 'Hindi' are selected in object 'Object Repository/ADMIN/Edit Text/Bespoke/Buyer Navigation/dd_language' 

2020-03-20 14:23:19 - [TEST_STEP][PASSED] - sendKeys(findTestObject("ADMIN/Edit Text/Bespoke/Buyer Pages/Purchase History/input_PURCHASE HISTORY_item_name"), "*"): Keys '*' sent to object: 'Object Repository/ADMIN/Edit Text/Bespoke/Buyer Pages/Purchase History/input_PURCHASE HISTORY_item_name'

2020-03-20 14:23:20 - [MESSAGE][PASSED] - Keys '*' sent to object: 'Object Repository/ADMIN/Edit Text/Bespoke/Buyer Pages/Purchase History/input_PURCHASE HISTORY_item_name'

2020-03-20 14:23:20 - [TEST_STEP][PASSED] - sendKeys(findTestObject("ADMIN/Edit Text/Bespoke/Buyer Pages/Purchase History/input_Manage all"), "*"): Keys '*' sent to object: 'Object Repository/ADMIN/Edit Text/Bespoke/Buyer Pages/Purchase History/input_Manage all'

2020-03-20 14:23:20 - [MESSAGE][PASSED] - Keys '*' sent to object: 'Object Repository/ADMIN/Edit Text/Bespoke/Buyer Pages/Purchase History/input_Manage all'

2020-03-20 14:23:20 - [TEST_STEP][PASSED] - sendKeys(findTestObject("ADMIN/Edit Text/Bespoke/Buyer Pages/Purchase History/input_Search by Invoice ID_search-by-txt"), "*"): Keys '*' sent to object: 'Object Repository/ADMIN/Edit Text/Bespoke/Buyer Pages/Purchase History/input_Search by Invoice ID_search-by-txt'

2020-03-20 14:23:20 - [MESSAGE][PASSED] - Keys '*' sent to object: 'Object Repository/ADMIN/Edit Text/Bespoke/Buyer Pages/Purchase History/input_Search by Invoice ID_search-by-txt'

2020-03-20 14:23:20 - [TEST_STEP][PASSED] - sendKeys(findTestObject("ADMIN/Edit Text/Bespoke/Buyer Pages/Purchase History/input_INVOICE NO_search-by-invid"), "*"): Keys '*' sent to object: 'Object Repository/ADMIN/Edit Text/Bespoke/Buyer Pages/Purchase History/input_INVOICE NO_search-by-invid'

2020-03-20 14:23:21 - [MESSAGE][PASSED] - Keys '*' sent to object: 'Object Repository/ADMIN/Edit Text/Bespoke/Buyer Pages/Purchase History/input_INVOICE NO_search-by-invid'

2020-03-20 14:23:21 - [TEST_STEP][PASSED] - sendKeys(findTestObject("ADMIN/Edit Text/Bespoke/Buyer Pages/Purchase History/input_TIMESTAMP_search-by-tmstmp"), "*"): Keys '*' sent to object: 'Object Repository/ADMIN/Edit Text/Bespoke/Buyer Pages/Purchase History/input_TIMESTAMP_search-by-tmstmp'

2020-03-20 14:23:21 - [MESSAGE][PASSED] - Keys '*' sent to object: 'Object Repository/ADMIN/Edit Text/Bespoke/Buyer Pages/Purchase History/input_TIMESTAMP_search-by-tmstmp'

2020-03-20 14:23:21 - [TEST_STEP][PASSED] - sendKeys(findTestObject("ADMIN/Edit Text/Bespoke/Buyer Pages/Purchase History/input_NO OF ITEM(S)_search-by-itm"), "*"): Keys '*' sent to object: 'Object Repository/ADMIN/Edit Text/Bespoke/Buyer Pages/Purchase History/input_NO OF ITEM(S)_search-by-itm'

2020-03-20 14:23:21 - [MESSAGE][PASSED] - Keys '*' sent to object: 'Object Repository/ADMIN/Edit Text/Bespoke/Buyer Pages/Purchase History/input_NO OF ITEM(S)_search-by-itm'

2020-03-20 14:23:21 - [TEST_STEP][PASSED] - sendKeys(findTestObject("ADMIN/Edit Text/Bespoke/Buyer Pages/Purchase History/input_ORDER TOTAL_search-by-qty"), "*"): Keys '*' sent to object: 'Object Repository/ADMIN/Edit Text/Bespoke/Buyer Pages/Purchase History/input_ORDER TOTAL_search-by-qty'

2020-03-20 14:23:21 - [MESSAGE][PASSED] - Keys '*' sent to object: 'Object Repository/ADMIN/Edit Text/Bespoke/Buyer Pages/Purchase History/input_ORDER TOTAL_search-by-qty'

2020-03-20 14:23:21 - [TEST_STEP][PASSED] - sendKeys(findTestObject("ADMIN/Edit Text/Bespoke/Buyer Pages/Purchase History/input_Delivery_search-by-dlrvy"), "*"): Keys '*' sent to object: 'Object Repository/ADMIN/Edit Text/Bespoke/Buyer Pages/Purchase History/input_Delivery_search-by-dlrvy'

2020-03-20 14:23:21 - [MESSAGE][PASSED] - Keys '*' sent to object: 'Object Repository/ADMIN/Edit Text/Bespoke/Buyer Pages/Purchase History/input_Delivery_search-by-dlrvy'

2020-03-20 14:23:21 - [TEST_STEP][PASSED] - sendKeys(findTestObject("ADMIN/Edit Text/Bespoke/Buyer Pages/Purchase History/input_Pick-up_search-by-dlrvy"), "*"): Keys '*' sent to object: 'Object Repository/ADMIN/Edit Text/Bespoke/Buyer Pages/Purchase History/input_Pick-up_search-by-dlrvy'

2020-03-20 14:23:22 - [MESSAGE][PASSED] - Keys '*' sent to object: 'Object Repository/ADMIN/Edit Text/Bespoke/Buyer Pages/Purchase History/input_Pick-up_search-by-dlrvy'

2020-03-20 14:23:22 - [TEST_STEP][PASSED] - sendKeys(findTestObject("ADMIN/Edit Text/Bespoke/Buyer Pages/Purchase History/input_Search by item name_search-by-txt"), "*"): Keys '*' sent to object: 'Object Repository/ADMIN/Edit Text/Bespoke/Buyer Pages/Purchase History/input_Search by item name_search-by-txt'

2020-03-20 14:23:22 - [MESSAGE][PASSED] - Keys '*' sent to object: 'Object Repository/ADMIN/Edit Text/Bespoke/Buyer Pages/Purchase History/input_Search by item name_search-by-txt'

2020-03-20 14:23:22 - [TEST_STEP][PASSED] - sendKeys(findTestObject("ADMIN/Edit Text/Bespoke/Buyer Pages/Purchase History/input_Sold By_sold-by"), "*"): Keys '*' sent to object: 'Object Repository/ADMIN/Edit Text/Bespoke/Buyer Pages/Purchase History/input_Sold By_sold-by'

2020-03-20 14:23:22 - [MESSAGE][PASSED] - Keys '*' sent to object: 'Object Repository/ADMIN/Edit Text/Bespoke/Buyer Pages/Purchase History/input_Sold By_sold-by'

2020-03-20 14:23:22 - [TEST_STEP][PASSED] - sendKeys(findTestObject("ADMIN/Edit Text/Bespoke/Buyer Pages/Purchase History/input_SUBMIT_btn_apply"), "*"): Keys '*' sent to object: 'Object Repository/ADMIN/Edit Text/Bespoke/Buyer Pages/Purchase History/input_SUBMIT_btn_apply'

2020-03-20 14:23:22 - [MESSAGE][PASSED] - Keys '*' sent to object: 'Object Repository/ADMIN/Edit Text/Bespoke/Buyer Pages/Purchase History/input_SUBMIT_btn_apply'

2020-03-20 14:23:22 - [TEST_STEP][PASSED] - click(findTestObject("ADMIN/Edit Text/Bespoke/Buyer Pages/Homepage/button_save"), CONTINUE_ON_FAILURE): Object: 'Object Repository/ADMIN/Edit Text/Bespoke/Buyer Pages/Homepage/button_save' is clicked on

2020-03-20 14:23:22 - [MESSAGE][PASSED] - Object: 'Object Repository/ADMIN/Edit Text/Bespoke/Buyer Pages/Homepage/button_save' is clicked on

2020-03-20 14:23:22 - [TEST_STEP][PASSED] - waitForElementVisible(findTestObject("ADMIN/Edit Text/Bespoke/Buyer Pages/Homepage/toaster_success"), 0): Object 'Object Repository/ADMIN/Edit Text/Bespoke/Buyer Pages/Homepage/toaster_success' is visible

2020-03-20 14:23:23 - [MESSAGE][WARNING] - Timeout '0' is invalid. Using default page load timeout: '30'

2020-03-20 14:23:23 - [MESSAGE][PASSED] - Object 'Object Repository/ADMIN/Edit Text/Bespoke/Buyer Pages/Homepage/toaster_success' is visible]]></system-out>
         <system-err><![CDATA[]]></system-err>
      </testcase>
      <testcase name="Test Cases/ADMIN/Language/Edit Text/Bespoke/Buyer Pages/Purchase History" time="5.026" classname="Test Cases/ADMIN/Language/Edit Text/Bespoke/Buyer Pages/Purchase History" status="PASSED">
         <system-out><![CDATA[2020-03-20 14:23:23 - [TEST_CASE][PASSED] - Test Cases/ADMIN/Language/Edit Text/Bespoke/Buyer Pages/Purchase History: Test Cases/ADMIN/Language/Edit Text/Bespoke/Buyer Pages/Purchase History

2020-03-20 14:23:23 - [TEST_STEP][PASSED] - waitForElementVisible(findTestObject("ADMIN/Edit Text/Bespoke/Buyer Navigation/dd_language"), 0): Object 'Object Repository/ADMIN/Edit Text/Bespoke/Buyer Navigation/dd_language' is visible

2020-03-20 14:23:23 - [MESSAGE][WARNING] - Timeout '0' is invalid. Using default page load timeout: '30'

2020-03-20 14:23:23 - [MESSAGE][PASSED] - Object 'Object Repository/ADMIN/Edit Text/Bespoke/Buyer Navigation/dd_language' is visible

2020-03-20 14:23:23 - [TEST_STEP][PASSED] - selectOptionByLabel(findTestObject("ADMIN/Edit Text/Bespoke/Buyer Navigation/dd_language"), varLanguage, false): All options with label 'German' are selected in object 'Object Repository/ADMIN/Edit Text/Bespoke/Buyer Navigation/dd_language' 

2020-03-20 14:23:24 - [MESSAGE][PASSED] - All options with label 'German' are selected in object 'Object Repository/ADMIN/Edit Text/Bespoke/Buyer Navigation/dd_language' 

2020-03-20 14:23:24 - [TEST_STEP][PASSED] - sendKeys(findTestObject("ADMIN/Edit Text/Bespoke/Buyer Pages/Purchase History/input_PURCHASE HISTORY_item_name"), "*"): Keys '*' sent to object: 'Object Repository/ADMIN/Edit Text/Bespoke/Buyer Pages/Purchase History/input_PURCHASE HISTORY_item_name'

2020-03-20 14:23:25 - [MESSAGE][PASSED] - Keys '*' sent to object: 'Object Repository/ADMIN/Edit Text/Bespoke/Buyer Pages/Purchase History/input_PURCHASE HISTORY_item_name'

2020-03-20 14:23:25 - [TEST_STEP][PASSED] - sendKeys(findTestObject("ADMIN/Edit Text/Bespoke/Buyer Pages/Purchase History/input_Manage all"), "*"): Keys '*' sent to object: 'Object Repository/ADMIN/Edit Text/Bespoke/Buyer Pages/Purchase History/input_Manage all'

2020-03-20 14:23:25 - [MESSAGE][PASSED] - Keys '*' sent to object: 'Object Repository/ADMIN/Edit Text/Bespoke/Buyer Pages/Purchase History/input_Manage all'

2020-03-20 14:23:25 - [TEST_STEP][PASSED] - sendKeys(findTestObject("ADMIN/Edit Text/Bespoke/Buyer Pages/Purchase History/input_Search by Invoice ID_search-by-txt"), "*"): Keys '*' sent to object: 'Object Repository/ADMIN/Edit Text/Bespoke/Buyer Pages/Purchase History/input_Search by Invoice ID_search-by-txt'

2020-03-20 14:23:25 - [MESSAGE][PASSED] - Keys '*' sent to object: 'Object Repository/ADMIN/Edit Text/Bespoke/Buyer Pages/Purchase History/input_Search by Invoice ID_search-by-txt'

2020-03-20 14:23:25 - [TEST_STEP][PASSED] - sendKeys(findTestObject("ADMIN/Edit Text/Bespoke/Buyer Pages/Purchase History/input_INVOICE NO_search-by-invid"), "*"): Keys '*' sent to object: 'Object Repository/ADMIN/Edit Text/Bespoke/Buyer Pages/Purchase History/input_INVOICE NO_search-by-invid'

2020-03-20 14:23:25 - [MESSAGE][PASSED] - Keys '*' sent to object: 'Object Repository/ADMIN/Edit Text/Bespoke/Buyer Pages/Purchase History/input_INVOICE NO_search-by-invid'

2020-03-20 14:23:25 - [TEST_STEP][PASSED] - sendKeys(findTestObject("ADMIN/Edit Text/Bespoke/Buyer Pages/Purchase History/input_TIMESTAMP_search-by-tmstmp"), "*"): Keys '*' sent to object: 'Object Repository/ADMIN/Edit Text/Bespoke/Buyer Pages/Purchase History/input_TIMESTAMP_search-by-tmstmp'

2020-03-20 14:23:26 - [MESSAGE][PASSED] - Keys '*' sent to object: 'Object Repository/ADMIN/Edit Text/Bespoke/Buyer Pages/Purchase History/input_TIMESTAMP_search-by-tmstmp'

2020-03-20 14:23:26 - [TEST_STEP][PASSED] - sendKeys(findTestObject("ADMIN/Edit Text/Bespoke/Buyer Pages/Purchase History/input_NO OF ITEM(S)_search-by-itm"), "*"): Keys '*' sent to object: 'Object Repository/ADMIN/Edit Text/Bespoke/Buyer Pages/Purchase History/input_NO OF ITEM(S)_search-by-itm'

2020-03-20 14:23:26 - [MESSAGE][PASSED] - Keys '*' sent to object: 'Object Repository/ADMIN/Edit Text/Bespoke/Buyer Pages/Purchase History/input_NO OF ITEM(S)_search-by-itm'

2020-03-20 14:23:26 - [TEST_STEP][PASSED] - sendKeys(findTestObject("ADMIN/Edit Text/Bespoke/Buyer Pages/Purchase History/input_ORDER TOTAL_search-by-qty"), "*"): Keys '*' sent to object: 'Object Repository/ADMIN/Edit Text/Bespoke/Buyer Pages/Purchase History/input_ORDER TOTAL_search-by-qty'

2020-03-20 14:23:26 - [MESSAGE][PASSED] - Keys '*' sent to object: 'Object Repository/ADMIN/Edit Text/Bespoke/Buyer Pages/Purchase History/input_ORDER TOTAL_search-by-qty'

2020-03-20 14:23:26 - [TEST_STEP][PASSED] - sendKeys(findTestObject("ADMIN/Edit Text/Bespoke/Buyer Pages/Purchase History/input_Delivery_search-by-dlrvy"), "*"): Keys '*' sent to object: 'Object Repository/ADMIN/Edit Text/Bespoke/Buyer Pages/Purchase History/input_Delivery_search-by-dlrvy'

2020-03-20 14:23:26 - [MESSAGE][PASSED] - Keys '*' sent to object: 'Object Repository/ADMIN/Edit Text/Bespoke/Buyer Pages/Purchase History/input_Delivery_search-by-dlrvy'

2020-03-20 14:23:26 - [TEST_STEP][PASSED] - sendKeys(findTestObject("ADMIN/Edit Text/Bespoke/Buyer Pages/Purchase History/input_Pick-up_search-by-dlrvy"), "*"): Keys '*' sent to object: 'Object Repository/ADMIN/Edit Text/Bespoke/Buyer Pages/Purchase History/input_Pick-up_search-by-dlrvy'

2020-03-20 14:23:26 - [MESSAGE][PASSED] - Keys '*' sent to object: 'Object Repository/ADMIN/Edit Text/Bespoke/Buyer Pages/Purchase History/input_Pick-up_search-by-dlrvy'

2020-03-20 14:23:26 - [TEST_STEP][PASSED] - sendKeys(findTestObject("ADMIN/Edit Text/Bespoke/Buyer Pages/Purchase History/input_Search by item name_search-by-txt"), "*"): Keys '*' sent to object: 'Object Repository/ADMIN/Edit Text/Bespoke/Buyer Pages/Purchase History/input_Search by item name_search-by-txt'

2020-03-20 14:23:27 - [MESSAGE][PASSED] - Keys '*' sent to object: 'Object Repository/ADMIN/Edit Text/Bespoke/Buyer Pages/Purchase History/input_Search by item name_search-by-txt'

2020-03-20 14:23:27 - [TEST_STEP][PASSED] - sendKeys(findTestObject("ADMIN/Edit Text/Bespoke/Buyer Pages/Purchase History/input_Sold By_sold-by"), "*"): Keys '*' sent to object: 'Object Repository/ADMIN/Edit Text/Bespoke/Buyer Pages/Purchase History/input_Sold By_sold-by'

2020-03-20 14:23:27 - [MESSAGE][PASSED] - Keys '*' sent to object: 'Object Repository/ADMIN/Edit Text/Bespoke/Buyer Pages/Purchase History/input_Sold By_sold-by'

2020-03-20 14:23:27 - [TEST_STEP][PASSED] - sendKeys(findTestObject("ADMIN/Edit Text/Bespoke/Buyer Pages/Purchase History/input_SUBMIT_btn_apply"), "*"): Keys '*' sent to object: 'Object Repository/ADMIN/Edit Text/Bespoke/Buyer Pages/Purchase History/input_SUBMIT_btn_apply'

2020-03-20 14:23:27 - [MESSAGE][PASSED] - Keys '*' sent to object: 'Object Repository/ADMIN/Edit Text/Bespoke/Buyer Pages/Purchase History/input_SUBMIT_btn_apply'

2020-03-20 14:23:27 - [TEST_STEP][PASSED] - click(findTestObject("ADMIN/Edit Text/Bespoke/Buyer Pages/Homepage/button_save"), CONTINUE_ON_FAILURE): Object: 'Object Repository/ADMIN/Edit Text/Bespoke/Buyer Pages/Homepage/button_save' is clicked on

2020-03-20 14:23:27 - [MESSAGE][PASSED] - Object: 'Object Repository/ADMIN/Edit Text/Bespoke/Buyer Pages/Homepage/button_save' is clicked on

2020-03-20 14:23:27 - [TEST_STEP][PASSED] - waitForElementVisible(findTestObject("ADMIN/Edit Text/Bespoke/Buyer Pages/Homepage/toaster_success"), 0): Object 'Object Repository/ADMIN/Edit Text/Bespoke/Buyer Pages/Homepage/toaster_success' is visible

2020-03-20 14:23:27 - [MESSAGE][WARNING] - Timeout '0' is invalid. Using default page load timeout: '30'

2020-03-20 14:23:28 - [MESSAGE][PASSED] - Object 'Object Repository/ADMIN/Edit Text/Bespoke/Buyer Pages/Homepage/toaster_success' is visible]]></system-out>
         <system-err><![CDATA[]]></system-err>
      </testcase>
      <testcase name="Test Cases/ADMIN/Language/Edit Text/Bespoke/Buyer Pages/Purchase History" time="4.83" classname="Test Cases/ADMIN/Language/Edit Text/Bespoke/Buyer Pages/Purchase History" status="PASSED">
         <system-out><![CDATA[2020-03-20 14:23:28 - [TEST_CASE][PASSED] - Test Cases/ADMIN/Language/Edit Text/Bespoke/Buyer Pages/Purchase History: Test Cases/ADMIN/Language/Edit Text/Bespoke/Buyer Pages/Purchase History

2020-03-20 14:23:28 - [TEST_STEP][PASSED] - waitForElementVisible(findTestObject("ADMIN/Edit Text/Bespoke/Buyer Navigation/dd_language"), 0): Object 'Object Repository/ADMIN/Edit Text/Bespoke/Buyer Navigation/dd_language' is visible

2020-03-20 14:23:28 - [MESSAGE][WARNING] - Timeout '0' is invalid. Using default page load timeout: '30'

2020-03-20 14:23:28 - [MESSAGE][PASSED] - Object 'Object Repository/ADMIN/Edit Text/Bespoke/Buyer Navigation/dd_language' is visible

2020-03-20 14:23:28 - [TEST_STEP][PASSED] - selectOptionByLabel(findTestObject("ADMIN/Edit Text/Bespoke/Buyer Navigation/dd_language"), varLanguage, false): All options with label 'Japanese' are selected in object 'Object Repository/ADMIN/Edit Text/Bespoke/Buyer Navigation/dd_language' 

2020-03-20 14:23:29 - [MESSAGE][PASSED] - All options with label 'Japanese' are selected in object 'Object Repository/ADMIN/Edit Text/Bespoke/Buyer Navigation/dd_language' 

2020-03-20 14:23:29 - [TEST_STEP][PASSED] - sendKeys(findTestObject("ADMIN/Edit Text/Bespoke/Buyer Pages/Purchase History/input_PURCHASE HISTORY_item_name"), "*"): Keys '*' sent to object: 'Object Repository/ADMIN/Edit Text/Bespoke/Buyer Pages/Purchase History/input_PURCHASE HISTORY_item_name'

2020-03-20 14:23:29 - [MESSAGE][PASSED] - Keys '*' sent to object: 'Object Repository/ADMIN/Edit Text/Bespoke/Buyer Pages/Purchase History/input_PURCHASE HISTORY_item_name'

2020-03-20 14:23:29 - [TEST_STEP][PASSED] - sendKeys(findTestObject("ADMIN/Edit Text/Bespoke/Buyer Pages/Purchase History/input_Manage all"), "*"): Keys '*' sent to object: 'Object Repository/ADMIN/Edit Text/Bespoke/Buyer Pages/Purchase History/input_Manage all'

2020-03-20 14:23:29 - [MESSAGE][PASSED] - Keys '*' sent to object: 'Object Repository/ADMIN/Edit Text/Bespoke/Buyer Pages/Purchase History/input_Manage all'

2020-03-20 14:23:29 - [TEST_STEP][PASSED] - sendKeys(findTestObject("ADMIN/Edit Text/Bespoke/Buyer Pages/Purchase History/input_Search by Invoice ID_search-by-txt"), "*"): Keys '*' sent to object: 'Object Repository/ADMIN/Edit Text/Bespoke/Buyer Pages/Purchase History/input_Search by Invoice ID_search-by-txt'

2020-03-20 14:23:30 - [MESSAGE][PASSED] - Keys '*' sent to object: 'Object Repository/ADMIN/Edit Text/Bespoke/Buyer Pages/Purchase History/input_Search by Invoice ID_search-by-txt'

2020-03-20 14:23:30 - [TEST_STEP][PASSED] - sendKeys(findTestObject("ADMIN/Edit Text/Bespoke/Buyer Pages/Purchase History/input_INVOICE NO_search-by-invid"), "*"): Keys '*' sent to object: 'Object Repository/ADMIN/Edit Text/Bespoke/Buyer Pages/Purchase History/input_INVOICE NO_search-by-invid'

2020-03-20 14:23:30 - [MESSAGE][PASSED] - Keys '*' sent to object: 'Object Repository/ADMIN/Edit Text/Bespoke/Buyer Pages/Purchase History/input_INVOICE NO_search-by-invid'

2020-03-20 14:23:30 - [TEST_STEP][PASSED] - sendKeys(findTestObject("ADMIN/Edit Text/Bespoke/Buyer Pages/Purchase History/input_TIMESTAMP_search-by-tmstmp"), "*"): Keys '*' sent to object: 'Object Repository/ADMIN/Edit Text/Bespoke/Buyer Pages/Purchase History/input_TIMESTAMP_search-by-tmstmp'

2020-03-20 14:23:30 - [MESSAGE][PASSED] - Keys '*' sent to object: 'Object Repository/ADMIN/Edit Text/Bespoke/Buyer Pages/Purchase History/input_TIMESTAMP_search-by-tmstmp'

2020-03-20 14:23:30 - [TEST_STEP][PASSED] - sendKeys(findTestObject("ADMIN/Edit Text/Bespoke/Buyer Pages/Purchase History/input_NO OF ITEM(S)_search-by-itm"), "*"): Keys '*' sent to object: 'Object Repository/ADMIN/Edit Text/Bespoke/Buyer Pages/Purchase History/input_NO OF ITEM(S)_search-by-itm'

2020-03-20 14:23:30 - [MESSAGE][PASSED] - Keys '*' sent to object: 'Object Repository/ADMIN/Edit Text/Bespoke/Buyer Pages/Purchase History/input_NO OF ITEM(S)_search-by-itm'

2020-03-20 14:23:30 - [TEST_STEP][PASSED] - sendKeys(findTestObject("ADMIN/Edit Text/Bespoke/Buyer Pages/Purchase History/input_ORDER TOTAL_search-by-qty"), "*"): Keys '*' sent to object: 'Object Repository/ADMIN/Edit Text/Bespoke/Buyer Pages/Purchase History/input_ORDER TOTAL_search-by-qty'

2020-03-20 14:23:31 - [MESSAGE][PASSED] - Keys '*' sent to object: 'Object Repository/ADMIN/Edit Text/Bespoke/Buyer Pages/Purchase History/input_ORDER TOTAL_search-by-qty'

2020-03-20 14:23:31 - [TEST_STEP][PASSED] - sendKeys(findTestObject("ADMIN/Edit Text/Bespoke/Buyer Pages/Purchase History/input_Delivery_search-by-dlrvy"), "*"): Keys '*' sent to object: 'Object Repository/ADMIN/Edit Text/Bespoke/Buyer Pages/Purchase History/input_Delivery_search-by-dlrvy'

2020-03-20 14:23:31 - [MESSAGE][PASSED] - Keys '*' sent to object: 'Object Repository/ADMIN/Edit Text/Bespoke/Buyer Pages/Purchase History/input_Delivery_search-by-dlrvy'

2020-03-20 14:23:31 - [TEST_STEP][PASSED] - sendKeys(findTestObject("ADMIN/Edit Text/Bespoke/Buyer Pages/Purchase History/input_Pick-up_search-by-dlrvy"), "*"): Keys '*' sent to object: 'Object Repository/ADMIN/Edit Text/Bespoke/Buyer Pages/Purchase History/input_Pick-up_search-by-dlrvy'

2020-03-20 14:23:31 - [MESSAGE][PASSED] - Keys '*' sent to object: 'Object Repository/ADMIN/Edit Text/Bespoke/Buyer Pages/Purchase History/input_Pick-up_search-by-dlrvy'

2020-03-20 14:23:31 - [TEST_STEP][PASSED] - sendKeys(findTestObject("ADMIN/Edit Text/Bespoke/Buyer Pages/Purchase History/input_Search by item name_search-by-txt"), "*"): Keys '*' sent to object: 'Object Repository/ADMIN/Edit Text/Bespoke/Buyer Pages/Purchase History/input_Search by item name_search-by-txt'

2020-03-20 14:23:32 - [MESSAGE][PASSED] - Keys '*' sent to object: 'Object Repository/ADMIN/Edit Text/Bespoke/Buyer Pages/Purchase History/input_Search by item name_search-by-txt'

2020-03-20 14:23:32 - [TEST_STEP][PASSED] - sendKeys(findTestObject("ADMIN/Edit Text/Bespoke/Buyer Pages/Purchase History/input_Sold By_sold-by"), "*"): Keys '*' sent to object: 'Object Repository/ADMIN/Edit Text/Bespoke/Buyer Pages/Purchase History/input_Sold By_sold-by'

2020-03-20 14:23:32 - [MESSAGE][PASSED] - Keys '*' sent to object: 'Object Repository/ADMIN/Edit Text/Bespoke/Buyer Pages/Purchase History/input_Sold By_sold-by'

2020-03-20 14:23:32 - [TEST_STEP][PASSED] - sendKeys(findTestObject("ADMIN/Edit Text/Bespoke/Buyer Pages/Purchase History/input_SUBMIT_btn_apply"), "*"): Keys '*' sent to object: 'Object Repository/ADMIN/Edit Text/Bespoke/Buyer Pages/Purchase History/input_SUBMIT_btn_apply'

2020-03-20 14:23:32 - [MESSAGE][PASSED] - Keys '*' sent to object: 'Object Repository/ADMIN/Edit Text/Bespoke/Buyer Pages/Purchase History/input_SUBMIT_btn_apply'

2020-03-20 14:23:32 - [TEST_STEP][PASSED] - click(findTestObject("ADMIN/Edit Text/Bespoke/Buyer Pages/Homepage/button_save"), CONTINUE_ON_FAILURE): Object: 'Object Repository/ADMIN/Edit Text/Bespoke/Buyer Pages/Homepage/button_save' is clicked on

2020-03-20 14:23:32 - [MESSAGE][PASSED] - Object: 'Object Repository/ADMIN/Edit Text/Bespoke/Buyer Pages/Homepage/button_save' is clicked on

2020-03-20 14:23:32 - [TEST_STEP][PASSED] - waitForElementVisible(findTestObject("ADMIN/Edit Text/Bespoke/Buyer Pages/Homepage/toaster_success"), 0): Object 'Object Repository/ADMIN/Edit Text/Bespoke/Buyer Pages/Homepage/toaster_success' is visible

2020-03-20 14:23:32 - [MESSAGE][WARNING] - Timeout '0' is invalid. Using default page load timeout: '30'

2020-03-20 14:23:33 - [MESSAGE][PASSED] - Object 'Object Repository/ADMIN/Edit Text/Bespoke/Buyer Pages/Homepage/toaster_success' is visible]]></system-out>
         <system-err><![CDATA[]]></system-err>
      </testcase>
      <testcase name="Test Cases/ADMIN/Language/Edit Text/Bespoke/Buyer Pages/Purchase History" time="4.997" classname="Test Cases/ADMIN/Language/Edit Text/Bespoke/Buyer Pages/Purchase History" status="PASSED">
         <system-out><![CDATA[2020-03-20 14:23:33 - [TEST_CASE][PASSED] - Test Cases/ADMIN/Language/Edit Text/Bespoke/Buyer Pages/Purchase History: Test Cases/ADMIN/Language/Edit Text/Bespoke/Buyer Pages/Purchase History

2020-03-20 14:23:33 - [TEST_STEP][PASSED] - waitForElementVisible(findTestObject("ADMIN/Edit Text/Bespoke/Buyer Navigation/dd_language"), 0): Object 'Object Repository/ADMIN/Edit Text/Bespoke/Buyer Navigation/dd_language' is visible

2020-03-20 14:23:33 - [MESSAGE][WARNING] - Timeout '0' is invalid. Using default page load timeout: '30'

2020-03-20 14:23:33 - [MESSAGE][PASSED] - Object 'Object Repository/ADMIN/Edit Text/Bespoke/Buyer Navigation/dd_language' is visible

2020-03-20 14:23:33 - [TEST_STEP][PASSED] - selectOptionByLabel(findTestObject("ADMIN/Edit Text/Bespoke/Buyer Navigation/dd_language"), varLanguage, false): All options with label 'Chinese (Traditional)' are selected in object 'Object Repository/ADMIN/Edit Text/Bespoke/Buyer Navigation/dd_language' 

2020-03-20 14:23:33 - [MESSAGE][PASSED] - All options with label 'Chinese (Traditional)' are selected in object 'Object Repository/ADMIN/Edit Text/Bespoke/Buyer Navigation/dd_language' 

2020-03-20 14:23:33 - [TEST_STEP][PASSED] - sendKeys(findTestObject("ADMIN/Edit Text/Bespoke/Buyer Pages/Purchase History/input_PURCHASE HISTORY_item_name"), "*"): Keys '*' sent to object: 'Object Repository/ADMIN/Edit Text/Bespoke/Buyer Pages/Purchase History/input_PURCHASE HISTORY_item_name'

2020-03-20 14:23:34 - [MESSAGE][PASSED] - Keys '*' sent to object: 'Object Repository/ADMIN/Edit Text/Bespoke/Buyer Pages/Purchase History/input_PURCHASE HISTORY_item_name'

2020-03-20 14:23:34 - [TEST_STEP][PASSED] - sendKeys(findTestObject("ADMIN/Edit Text/Bespoke/Buyer Pages/Purchase History/input_Manage all"), "*"): Keys '*' sent to object: 'Object Repository/ADMIN/Edit Text/Bespoke/Buyer Pages/Purchase History/input_Manage all'

2020-03-20 14:23:35 - [MESSAGE][PASSED] - Keys '*' sent to object: 'Object Repository/ADMIN/Edit Text/Bespoke/Buyer Pages/Purchase History/input_Manage all'

2020-03-20 14:23:35 - [TEST_STEP][PASSED] - sendKeys(findTestObject("ADMIN/Edit Text/Bespoke/Buyer Pages/Purchase History/input_Search by Invoice ID_search-by-txt"), "*"): Keys '*' sent to object: 'Object Repository/ADMIN/Edit Text/Bespoke/Buyer Pages/Purchase History/input_Search by Invoice ID_search-by-txt'

2020-03-20 14:23:35 - [MESSAGE][PASSED] - Keys '*' sent to object: 'Object Repository/ADMIN/Edit Text/Bespoke/Buyer Pages/Purchase History/input_Search by Invoice ID_search-by-txt'

2020-03-20 14:23:35 - [TEST_STEP][PASSED] - sendKeys(findTestObject("ADMIN/Edit Text/Bespoke/Buyer Pages/Purchase History/input_INVOICE NO_search-by-invid"), "*"): Keys '*' sent to object: 'Object Repository/ADMIN/Edit Text/Bespoke/Buyer Pages/Purchase History/input_INVOICE NO_search-by-invid'

2020-03-20 14:23:35 - [MESSAGE][PASSED] - Keys '*' sent to object: 'Object Repository/ADMIN/Edit Text/Bespoke/Buyer Pages/Purchase History/input_INVOICE NO_search-by-invid'

2020-03-20 14:23:35 - [TEST_STEP][PASSED] - sendKeys(findTestObject("ADMIN/Edit Text/Bespoke/Buyer Pages/Purchase History/input_TIMESTAMP_search-by-tmstmp"), "*"): Keys '*' sent to object: 'Object Repository/ADMIN/Edit Text/Bespoke/Buyer Pages/Purchase History/input_TIMESTAMP_search-by-tmstmp'

2020-03-20 14:23:36 - [MESSAGE][PASSED] - Keys '*' sent to object: 'Object Repository/ADMIN/Edit Text/Bespoke/Buyer Pages/Purchase History/input_TIMESTAMP_search-by-tmstmp'

2020-03-20 14:23:36 - [TEST_STEP][PASSED] - sendKeys(findTestObject("ADMIN/Edit Text/Bespoke/Buyer Pages/Purchase History/input_NO OF ITEM(S)_search-by-itm"), "*"): Keys '*' sent to object: 'Object Repository/ADMIN/Edit Text/Bespoke/Buyer Pages/Purchase History/input_NO OF ITEM(S)_search-by-itm'

2020-03-20 14:23:36 - [MESSAGE][PASSED] - Keys '*' sent to object: 'Object Repository/ADMIN/Edit Text/Bespoke/Buyer Pages/Purchase History/input_NO OF ITEM(S)_search-by-itm'

2020-03-20 14:23:36 - [TEST_STEP][PASSED] - sendKeys(findTestObject("ADMIN/Edit Text/Bespoke/Buyer Pages/Purchase History/input_ORDER TOTAL_search-by-qty"), "*"): Keys '*' sent to object: 'Object Repository/ADMIN/Edit Text/Bespoke/Buyer Pages/Purchase History/input_ORDER TOTAL_search-by-qty'

2020-03-20 14:23:36 - [MESSAGE][PASSED] - Keys '*' sent to object: 'Object Repository/ADMIN/Edit Text/Bespoke/Buyer Pages/Purchase History/input_ORDER TOTAL_search-by-qty'

2020-03-20 14:23:36 - [TEST_STEP][PASSED] - sendKeys(findTestObject("ADMIN/Edit Text/Bespoke/Buyer Pages/Purchase History/input_Delivery_search-by-dlrvy"), "*"): Keys '*' sent to object: 'Object Repository/ADMIN/Edit Text/Bespoke/Buyer Pages/Purchase History/input_Delivery_search-by-dlrvy'

2020-03-20 14:23:36 - [MESSAGE][PASSED] - Keys '*' sent to object: 'Object Repository/ADMIN/Edit Text/Bespoke/Buyer Pages/Purchase History/input_Delivery_search-by-dlrvy'

2020-03-20 14:23:36 - [TEST_STEP][PASSED] - sendKeys(findTestObject("ADMIN/Edit Text/Bespoke/Buyer Pages/Purchase History/input_Pick-up_search-by-dlrvy"), "*"): Keys '*' sent to object: 'Object Repository/ADMIN/Edit Text/Bespoke/Buyer Pages/Purchase History/input_Pick-up_search-by-dlrvy'

2020-03-20 14:23:36 - [MESSAGE][PASSED] - Keys '*' sent to object: 'Object Repository/ADMIN/Edit Text/Bespoke/Buyer Pages/Purchase History/input_Pick-up_search-by-dlrvy'

2020-03-20 14:23:36 - [TEST_STEP][PASSED] - sendKeys(findTestObject("ADMIN/Edit Text/Bespoke/Buyer Pages/Purchase History/input_Search by item name_search-by-txt"), "*"): Keys '*' sent to object: 'Object Repository/ADMIN/Edit Text/Bespoke/Buyer Pages/Purchase History/input_Search by item name_search-by-txt'

2020-03-20 14:23:37 - [MESSAGE][PASSED] - Keys '*' sent to object: 'Object Repository/ADMIN/Edit Text/Bespoke/Buyer Pages/Purchase History/input_Search by item name_search-by-txt'

2020-03-20 14:23:37 - [TEST_STEP][PASSED] - sendKeys(findTestObject("ADMIN/Edit Text/Bespoke/Buyer Pages/Purchase History/input_Sold By_sold-by"), "*"): Keys '*' sent to object: 'Object Repository/ADMIN/Edit Text/Bespoke/Buyer Pages/Purchase History/input_Sold By_sold-by'

2020-03-20 14:23:37 - [MESSAGE][PASSED] - Keys '*' sent to object: 'Object Repository/ADMIN/Edit Text/Bespoke/Buyer Pages/Purchase History/input_Sold By_sold-by'

2020-03-20 14:23:37 - [TEST_STEP][PASSED] - sendKeys(findTestObject("ADMIN/Edit Text/Bespoke/Buyer Pages/Purchase History/input_SUBMIT_btn_apply"), "*"): Keys '*' sent to object: 'Object Repository/ADMIN/Edit Text/Bespoke/Buyer Pages/Purchase History/input_SUBMIT_btn_apply'

2020-03-20 14:23:37 - [MESSAGE][PASSED] - Keys '*' sent to object: 'Object Repository/ADMIN/Edit Text/Bespoke/Buyer Pages/Purchase History/input_SUBMIT_btn_apply'

2020-03-20 14:23:37 - [TEST_STEP][PASSED] - click(findTestObject("ADMIN/Edit Text/Bespoke/Buyer Pages/Homepage/button_save"), CONTINUE_ON_FAILURE): Object: 'Object Repository/ADMIN/Edit Text/Bespoke/Buyer Pages/Homepage/button_save' is clicked on

2020-03-20 14:23:37 - [MESSAGE][PASSED] - Object: 'Object Repository/ADMIN/Edit Text/Bespoke/Buyer Pages/Homepage/button_save' is clicked on

2020-03-20 14:23:37 - [TEST_STEP][PASSED] - waitForElementVisible(findTestObject("ADMIN/Edit Text/Bespoke/Buyer Pages/Homepage/toaster_success"), 0): Object 'Object Repository/ADMIN/Edit Text/Bespoke/Buyer Pages/Homepage/toaster_success' is visible

2020-03-20 14:23:37 - [MESSAGE][WARNING] - Timeout '0' is invalid. Using default page load timeout: '30'

2020-03-20 14:23:38 - [MESSAGE][PASSED] - Object 'Object Repository/ADMIN/Edit Text/Bespoke/Buyer Pages/Homepage/toaster_success' is visible]]></system-out>
         <system-err><![CDATA[]]></system-err>
      </testcase>
      <testcase name="Test Cases/ADMIN/Language/Edit Text/Bespoke/Buyer Pages/Purchase History" time="5.426" classname="Test Cases/ADMIN/Language/Edit Text/Bespoke/Buyer Pages/Purchase History" status="PASSED">
         <system-out><![CDATA[2020-03-20 14:23:38 - [TEST_CASE][PASSED] - Test Cases/ADMIN/Language/Edit Text/Bespoke/Buyer Pages/Purchase History: Test Cases/ADMIN/Language/Edit Text/Bespoke/Buyer Pages/Purchase History

2020-03-20 14:23:38 - [TEST_STEP][PASSED] - waitForElementVisible(findTestObject("ADMIN/Edit Text/Bespoke/Buyer Navigation/dd_language"), 0): Object 'Object Repository/ADMIN/Edit Text/Bespoke/Buyer Navigation/dd_language' is visible

2020-03-20 14:23:38 - [MESSAGE][WARNING] - Timeout '0' is invalid. Using default page load timeout: '30'

2020-03-20 14:23:38 - [MESSAGE][PASSED] - Object 'Object Repository/ADMIN/Edit Text/Bespoke/Buyer Navigation/dd_language' is visible

2020-03-20 14:23:38 - [TEST_STEP][PASSED] - selectOptionByLabel(findTestObject("ADMIN/Edit Text/Bespoke/Buyer Navigation/dd_language"), varLanguage, false): All options with label 'Portuguese' are selected in object 'Object Repository/ADMIN/Edit Text/Bespoke/Buyer Navigation/dd_language' 

2020-03-20 14:23:39 - [MESSAGE][PASSED] - All options with label 'Portuguese' are selected in object 'Object Repository/ADMIN/Edit Text/Bespoke/Buyer Navigation/dd_language' 

2020-03-20 14:23:39 - [TEST_STEP][PASSED] - sendKeys(findTestObject("ADMIN/Edit Text/Bespoke/Buyer Pages/Purchase History/input_PURCHASE HISTORY_item_name"), "*"): Keys '*' sent to object: 'Object Repository/ADMIN/Edit Text/Bespoke/Buyer Pages/Purchase History/input_PURCHASE HISTORY_item_name'

2020-03-20 14:23:40 - [MESSAGE][PASSED] - Keys '*' sent to object: 'Object Repository/ADMIN/Edit Text/Bespoke/Buyer Pages/Purchase History/input_PURCHASE HISTORY_item_name'

2020-03-20 14:23:40 - [TEST_STEP][PASSED] - sendKeys(findTestObject("ADMIN/Edit Text/Bespoke/Buyer Pages/Purchase History/input_Manage all"), "*"): Keys '*' sent to object: 'Object Repository/ADMIN/Edit Text/Bespoke/Buyer Pages/Purchase History/input_Manage all'

2020-03-20 14:23:40 - [MESSAGE][PASSED] - Keys '*' sent to object: 'Object Repository/ADMIN/Edit Text/Bespoke/Buyer Pages/Purchase History/input_Manage all'

2020-03-20 14:23:40 - [TEST_STEP][PASSED] - sendKeys(findTestObject("ADMIN/Edit Text/Bespoke/Buyer Pages/Purchase History/input_Search by Invoice ID_search-by-txt"), "*"): Keys '*' sent to object: 'Object Repository/ADMIN/Edit Text/Bespoke/Buyer Pages/Purchase History/input_Search by Invoice ID_search-by-txt'

2020-03-20 14:23:40 - [MESSAGE][PASSED] - Keys '*' sent to object: 'Object Repository/ADMIN/Edit Text/Bespoke/Buyer Pages/Purchase History/input_Search by Invoice ID_search-by-txt'

2020-03-20 14:23:40 - [TEST_STEP][PASSED] - sendKeys(findTestObject("ADMIN/Edit Text/Bespoke/Buyer Pages/Purchase History/input_INVOICE NO_search-by-invid"), "*"): Keys '*' sent to object: 'Object Repository/ADMIN/Edit Text/Bespoke/Buyer Pages/Purchase History/input_INVOICE NO_search-by-invid'

2020-03-20 14:23:40 - [MESSAGE][PASSED] - Keys '*' sent to object: 'Object Repository/ADMIN/Edit Text/Bespoke/Buyer Pages/Purchase History/input_INVOICE NO_search-by-invid'

2020-03-20 14:23:40 - [TEST_STEP][PASSED] - sendKeys(findTestObject("ADMIN/Edit Text/Bespoke/Buyer Pages/Purchase History/input_TIMESTAMP_search-by-tmstmp"), "*"): Keys '*' sent to object: 'Object Repository/ADMIN/Edit Text/Bespoke/Buyer Pages/Purchase History/input_TIMESTAMP_search-by-tmstmp'

2020-03-20 14:23:41 - [MESSAGE][PASSED] - Keys '*' sent to object: 'Object Repository/ADMIN/Edit Text/Bespoke/Buyer Pages/Purchase History/input_TIMESTAMP_search-by-tmstmp'

2020-03-20 14:23:41 - [TEST_STEP][PASSED] - sendKeys(findTestObject("ADMIN/Edit Text/Bespoke/Buyer Pages/Purchase History/input_NO OF ITEM(S)_search-by-itm"), "*"): Keys '*' sent to object: 'Object Repository/ADMIN/Edit Text/Bespoke/Buyer Pages/Purchase History/input_NO OF ITEM(S)_search-by-itm'

2020-03-20 14:23:41 - [MESSAGE][PASSED] - Keys '*' sent to object: 'Object Repository/ADMIN/Edit Text/Bespoke/Buyer Pages/Purchase History/input_NO OF ITEM(S)_search-by-itm'

2020-03-20 14:23:41 - [TEST_STEP][PASSED] - sendKeys(findTestObject("ADMIN/Edit Text/Bespoke/Buyer Pages/Purchase History/input_ORDER TOTAL_search-by-qty"), "*"): Keys '*' sent to object: 'Object Repository/ADMIN/Edit Text/Bespoke/Buyer Pages/Purchase History/input_ORDER TOTAL_search-by-qty'

2020-03-20 14:23:41 - [MESSAGE][PASSED] - Keys '*' sent to object: 'Object Repository/ADMIN/Edit Text/Bespoke/Buyer Pages/Purchase History/input_ORDER TOTAL_search-by-qty'

2020-03-20 14:23:41 - [TEST_STEP][PASSED] - sendKeys(findTestObject("ADMIN/Edit Text/Bespoke/Buyer Pages/Purchase History/input_Delivery_search-by-dlrvy"), "*"): Keys '*' sent to object: 'Object Repository/ADMIN/Edit Text/Bespoke/Buyer Pages/Purchase History/input_Delivery_search-by-dlrvy'

2020-03-20 14:23:41 - [MESSAGE][PASSED] - Keys '*' sent to object: 'Object Repository/ADMIN/Edit Text/Bespoke/Buyer Pages/Purchase History/input_Delivery_search-by-dlrvy'

2020-03-20 14:23:41 - [TEST_STEP][PASSED] - sendKeys(findTestObject("ADMIN/Edit Text/Bespoke/Buyer Pages/Purchase History/input_Pick-up_search-by-dlrvy"), "*"): Keys '*' sent to object: 'Object Repository/ADMIN/Edit Text/Bespoke/Buyer Pages/Purchase History/input_Pick-up_search-by-dlrvy'

2020-03-20 14:23:42 - [MESSAGE][PASSED] - Keys '*' sent to object: 'Object Repository/ADMIN/Edit Text/Bespoke/Buyer Pages/Purchase History/input_Pick-up_search-by-dlrvy'

2020-03-20 14:23:42 - [TEST_STEP][PASSED] - sendKeys(findTestObject("ADMIN/Edit Text/Bespoke/Buyer Pages/Purchase History/input_Search by item name_search-by-txt"), "*"): Keys '*' sent to object: 'Object Repository/ADMIN/Edit Text/Bespoke/Buyer Pages/Purchase History/input_Search by item name_search-by-txt'

2020-03-20 14:23:42 - [MESSAGE][PASSED] - Keys '*' sent to object: 'Object Repository/ADMIN/Edit Text/Bespoke/Buyer Pages/Purchase History/input_Search by item name_search-by-txt'

2020-03-20 14:23:42 - [TEST_STEP][PASSED] - sendKeys(findTestObject("ADMIN/Edit Text/Bespoke/Buyer Pages/Purchase History/input_Sold By_sold-by"), "*"): Keys '*' sent to object: 'Object Repository/ADMIN/Edit Text/Bespoke/Buyer Pages/Purchase History/input_Sold By_sold-by'

2020-03-20 14:23:42 - [MESSAGE][PASSED] - Keys '*' sent to object: 'Object Repository/ADMIN/Edit Text/Bespoke/Buyer Pages/Purchase History/input_Sold By_sold-by'

2020-03-20 14:23:42 - [TEST_STEP][PASSED] - sendKeys(findTestObject("ADMIN/Edit Text/Bespoke/Buyer Pages/Purchase History/input_SUBMIT_btn_apply"), "*"): Keys '*' sent to object: 'Object Repository/ADMIN/Edit Text/Bespoke/Buyer Pages/Purchase History/input_SUBMIT_btn_apply'

2020-03-20 14:23:42 - [MESSAGE][PASSED] - Keys '*' sent to object: 'Object Repository/ADMIN/Edit Text/Bespoke/Buyer Pages/Purchase History/input_SUBMIT_btn_apply'

2020-03-20 14:23:42 - [TEST_STEP][PASSED] - click(findTestObject("ADMIN/Edit Text/Bespoke/Buyer Pages/Homepage/button_save"), CONTINUE_ON_FAILURE): Object: 'Object Repository/ADMIN/Edit Text/Bespoke/Buyer Pages/Homepage/button_save' is clicked on

2020-03-20 14:23:43 - [MESSAGE][PASSED] - Object: 'Object Repository/ADMIN/Edit Text/Bespoke/Buyer Pages/Homepage/button_save' is clicked on

2020-03-20 14:23:43 - [TEST_STEP][PASSED] - waitForElementVisible(findTestObject("ADMIN/Edit Text/Bespoke/Buyer Pages/Homepage/toaster_success"), 0): Object 'Object Repository/ADMIN/Edit Text/Bespoke/Buyer Pages/Homepage/toaster_success' is visible

2020-03-20 14:23:43 - [MESSAGE][WARNING] - Timeout '0' is invalid. Using default page load timeout: '30'

2020-03-20 14:23:43 - [MESSAGE][PASSED] - Object 'Object Repository/ADMIN/Edit Text/Bespoke/Buyer Pages/Homepage/toaster_success' is visible]]></system-out>
         <system-err><![CDATA[]]></system-err>
      </testcase>
      <testcase name="Test Cases/ADMIN/Language/Edit Text/Bespoke/Buyer Pages/Purchase History" time="5.116" classname="Test Cases/ADMIN/Language/Edit Text/Bespoke/Buyer Pages/Purchase History" status="PASSED">
         <system-out><![CDATA[2020-03-20 14:23:43 - [TEST_CASE][PASSED] - Test Cases/ADMIN/Language/Edit Text/Bespoke/Buyer Pages/Purchase History: Test Cases/ADMIN/Language/Edit Text/Bespoke/Buyer Pages/Purchase History

2020-03-20 14:23:43 - [TEST_STEP][PASSED] - waitForElementVisible(findTestObject("ADMIN/Edit Text/Bespoke/Buyer Navigation/dd_language"), 0): Object 'Object Repository/ADMIN/Edit Text/Bespoke/Buyer Navigation/dd_language' is visible

2020-03-20 14:23:43 - [MESSAGE][WARNING] - Timeout '0' is invalid. Using default page load timeout: '30'

2020-03-20 14:23:43 - [MESSAGE][PASSED] - Object 'Object Repository/ADMIN/Edit Text/Bespoke/Buyer Navigation/dd_language' is visible

2020-03-20 14:23:43 - [TEST_STEP][PASSED] - selectOptionByLabel(findTestObject("ADMIN/Edit Text/Bespoke/Buyer Navigation/dd_language"), varLanguage, false): All options with label 'Indonesian' are selected in object 'Object Repository/ADMIN/Edit Text/Bespoke/Buyer Navigation/dd_language' 

2020-03-20 14:23:44 - [MESSAGE][PASSED] - All options with label 'Indonesian' are selected in object 'Object Repository/ADMIN/Edit Text/Bespoke/Buyer Navigation/dd_language' 

2020-03-20 14:23:44 - [TEST_STEP][PASSED] - sendKeys(findTestObject("ADMIN/Edit Text/Bespoke/Buyer Pages/Purchase History/input_PURCHASE HISTORY_item_name"), "*"): Keys '*' sent to object: 'Object Repository/ADMIN/Edit Text/Bespoke/Buyer Pages/Purchase History/input_PURCHASE HISTORY_item_name'

2020-03-20 14:23:45 - [MESSAGE][PASSED] - Keys '*' sent to object: 'Object Repository/ADMIN/Edit Text/Bespoke/Buyer Pages/Purchase History/input_PURCHASE HISTORY_item_name'

2020-03-20 14:23:45 - [TEST_STEP][PASSED] - sendKeys(findTestObject("ADMIN/Edit Text/Bespoke/Buyer Pages/Purchase History/input_Manage all"), "*"): Keys '*' sent to object: 'Object Repository/ADMIN/Edit Text/Bespoke/Buyer Pages/Purchase History/input_Manage all'

2020-03-20 14:23:45 - [MESSAGE][PASSED] - Keys '*' sent to object: 'Object Repository/ADMIN/Edit Text/Bespoke/Buyer Pages/Purchase History/input_Manage all'

2020-03-20 14:23:45 - [TEST_STEP][PASSED] - sendKeys(findTestObject("ADMIN/Edit Text/Bespoke/Buyer Pages/Purchase History/input_Search by Invoice ID_search-by-txt"), "*"): Keys '*' sent to object: 'Object Repository/ADMIN/Edit Text/Bespoke/Buyer Pages/Purchase History/input_Search by Invoice ID_search-by-txt'

2020-03-20 14:23:45 - [MESSAGE][PASSED] - Keys '*' sent to object: 'Object Repository/ADMIN/Edit Text/Bespoke/Buyer Pages/Purchase History/input_Search by Invoice ID_search-by-txt'

2020-03-20 14:23:45 - [TEST_STEP][PASSED] - sendKeys(findTestObject("ADMIN/Edit Text/Bespoke/Buyer Pages/Purchase History/input_INVOICE NO_search-by-invid"), "*"): Keys '*' sent to object: 'Object Repository/ADMIN/Edit Text/Bespoke/Buyer Pages/Purchase History/input_INVOICE NO_search-by-invid'

2020-03-20 14:23:45 - [MESSAGE][PASSED] - Keys '*' sent to object: 'Object Repository/ADMIN/Edit Text/Bespoke/Buyer Pages/Purchase History/input_INVOICE NO_search-by-invid'

2020-03-20 14:23:45 - [TEST_STEP][PASSED] - sendKeys(findTestObject("ADMIN/Edit Text/Bespoke/Buyer Pages/Purchase History/input_TIMESTAMP_search-by-tmstmp"), "*"): Keys '*' sent to object: 'Object Repository/ADMIN/Edit Text/Bespoke/Buyer Pages/Purchase History/input_TIMESTAMP_search-by-tmstmp'

2020-03-20 14:23:46 - [MESSAGE][PASSED] - Keys '*' sent to object: 'Object Repository/ADMIN/Edit Text/Bespoke/Buyer Pages/Purchase History/input_TIMESTAMP_search-by-tmstmp'

2020-03-20 14:23:46 - [TEST_STEP][PASSED] - sendKeys(findTestObject("ADMIN/Edit Text/Bespoke/Buyer Pages/Purchase History/input_NO OF ITEM(S)_search-by-itm"), "*"): Keys '*' sent to object: 'Object Repository/ADMIN/Edit Text/Bespoke/Buyer Pages/Purchase History/input_NO OF ITEM(S)_search-by-itm'

2020-03-20 14:23:46 - [MESSAGE][PASSED] - Keys '*' sent to object: 'Object Repository/ADMIN/Edit Text/Bespoke/Buyer Pages/Purchase History/input_NO OF ITEM(S)_search-by-itm'

2020-03-20 14:23:46 - [TEST_STEP][PASSED] - sendKeys(findTestObject("ADMIN/Edit Text/Bespoke/Buyer Pages/Purchase History/input_ORDER TOTAL_search-by-qty"), "*"): Keys '*' sent to object: 'Object Repository/ADMIN/Edit Text/Bespoke/Buyer Pages/Purchase History/input_ORDER TOTAL_search-by-qty'

2020-03-20 14:23:46 - [MESSAGE][PASSED] - Keys '*' sent to object: 'Object Repository/ADMIN/Edit Text/Bespoke/Buyer Pages/Purchase History/input_ORDER TOTAL_search-by-qty'

2020-03-20 14:23:46 - [TEST_STEP][PASSED] - sendKeys(findTestObject("ADMIN/Edit Text/Bespoke/Buyer Pages/Purchase History/input_Delivery_search-by-dlrvy"), "*"): Keys '*' sent to object: 'Object Repository/ADMIN/Edit Text/Bespoke/Buyer Pages/Purchase History/input_Delivery_search-by-dlrvy'

2020-03-20 14:23:46 - [MESSAGE][PASSED] - Keys '*' sent to object: 'Object Repository/ADMIN/Edit Text/Bespoke/Buyer Pages/Purchase History/input_Delivery_search-by-dlrvy'

2020-03-20 14:23:46 - [TEST_STEP][PASSED] - sendKeys(findTestObject("ADMIN/Edit Text/Bespoke/Buyer Pages/Purchase History/input_Pick-up_search-by-dlrvy"), "*"): Keys '*' sent to object: 'Object Repository/ADMIN/Edit Text/Bespoke/Buyer Pages/Purchase History/input_Pick-up_search-by-dlrvy'

2020-03-20 14:23:46 - [MESSAGE][PASSED] - Keys '*' sent to object: 'Object Repository/ADMIN/Edit Text/Bespoke/Buyer Pages/Purchase History/input_Pick-up_search-by-dlrvy'

2020-03-20 14:23:46 - [TEST_STEP][PASSED] - sendKeys(findTestObject("ADMIN/Edit Text/Bespoke/Buyer Pages/Purchase History/input_Search by item name_search-by-txt"), "*"): Keys '*' sent to object: 'Object Repository/ADMIN/Edit Text/Bespoke/Buyer Pages/Purchase History/input_Search by item name_search-by-txt'

2020-03-20 14:23:47 - [MESSAGE][PASSED] - Keys '*' sent to object: 'Object Repository/ADMIN/Edit Text/Bespoke/Buyer Pages/Purchase History/input_Search by item name_search-by-txt'

2020-03-20 14:23:47 - [TEST_STEP][PASSED] - sendKeys(findTestObject("ADMIN/Edit Text/Bespoke/Buyer Pages/Purchase History/input_Sold By_sold-by"), "*"): Keys '*' sent to object: 'Object Repository/ADMIN/Edit Text/Bespoke/Buyer Pages/Purchase History/input_Sold By_sold-by'

2020-03-20 14:23:47 - [MESSAGE][PASSED] - Keys '*' sent to object: 'Object Repository/ADMIN/Edit Text/Bespoke/Buyer Pages/Purchase History/input_Sold By_sold-by'

2020-03-20 14:23:47 - [TEST_STEP][PASSED] - sendKeys(findTestObject("ADMIN/Edit Text/Bespoke/Buyer Pages/Purchase History/input_SUBMIT_btn_apply"), "*"): Keys '*' sent to object: 'Object Repository/ADMIN/Edit Text/Bespoke/Buyer Pages/Purchase History/input_SUBMIT_btn_apply'

2020-03-20 14:23:47 - [MESSAGE][PASSED] - Keys '*' sent to object: 'Object Repository/ADMIN/Edit Text/Bespoke/Buyer Pages/Purchase History/input_SUBMIT_btn_apply'

2020-03-20 14:23:47 - [TEST_STEP][PASSED] - click(findTestObject("ADMIN/Edit Text/Bespoke/Buyer Pages/Homepage/button_save"), CONTINUE_ON_FAILURE): Object: 'Object Repository/ADMIN/Edit Text/Bespoke/Buyer Pages/Homepage/button_save' is clicked on

2020-03-20 14:23:47 - [MESSAGE][PASSED] - Object: 'Object Repository/ADMIN/Edit Text/Bespoke/Buyer Pages/Homepage/button_save' is clicked on

2020-03-20 14:23:47 - [TEST_STEP][PASSED] - waitForElementVisible(findTestObject("ADMIN/Edit Text/Bespoke/Buyer Pages/Homepage/toaster_success"), 0): Object 'Object Repository/ADMIN/Edit Text/Bespoke/Buyer Pages/Homepage/toaster_success' is visible

2020-03-20 14:23:47 - [MESSAGE][WARNING] - Timeout '0' is invalid. Using default page load timeout: '30'

2020-03-20 14:23:48 - [MESSAGE][PASSED] - Object 'Object Repository/ADMIN/Edit Text/Bespoke/Buyer Pages/Homepage/toaster_success' is visible]]></system-out>
         <system-err><![CDATA[]]></system-err>
      </testcase>
      <testcase name="Test Cases/ADMIN/Language/Edit Text/Bespoke/Buyer Pages/Purchase History" time="5.334" classname="Test Cases/ADMIN/Language/Edit Text/Bespoke/Buyer Pages/Purchase History" status="PASSED">
         <system-out><![CDATA[2020-03-20 14:23:48 - [TEST_CASE][PASSED] - Test Cases/ADMIN/Language/Edit Text/Bespoke/Buyer Pages/Purchase History: Test Cases/ADMIN/Language/Edit Text/Bespoke/Buyer Pages/Purchase History

2020-03-20 14:23:48 - [TEST_STEP][PASSED] - waitForElementVisible(findTestObject("ADMIN/Edit Text/Bespoke/Buyer Navigation/dd_language"), 0): Object 'Object Repository/ADMIN/Edit Text/Bespoke/Buyer Navigation/dd_language' is visible

2020-03-20 14:23:48 - [MESSAGE][WARNING] - Timeout '0' is invalid. Using default page load timeout: '30'

2020-03-20 14:23:48 - [MESSAGE][PASSED] - Object 'Object Repository/ADMIN/Edit Text/Bespoke/Buyer Navigation/dd_language' is visible

2020-03-20 14:23:48 - [TEST_STEP][PASSED] - selectOptionByLabel(findTestObject("ADMIN/Edit Text/Bespoke/Buyer Navigation/dd_language"), varLanguage, false): All options with label 'Russian' are selected in object 'Object Repository/ADMIN/Edit Text/Bespoke/Buyer Navigation/dd_language' 

2020-03-20 14:23:50 - [MESSAGE][PASSED] - All options with label 'Russian' are selected in object 'Object Repository/ADMIN/Edit Text/Bespoke/Buyer Navigation/dd_language' 

2020-03-20 14:23:50 - [TEST_STEP][PASSED] - sendKeys(findTestObject("ADMIN/Edit Text/Bespoke/Buyer Pages/Purchase History/input_PURCHASE HISTORY_item_name"), "*"): Keys '*' sent to object: 'Object Repository/ADMIN/Edit Text/Bespoke/Buyer Pages/Purchase History/input_PURCHASE HISTORY_item_name'

2020-03-20 14:23:50 - [MESSAGE][PASSED] - Keys '*' sent to object: 'Object Repository/ADMIN/Edit Text/Bespoke/Buyer Pages/Purchase History/input_PURCHASE HISTORY_item_name'

2020-03-20 14:23:50 - [TEST_STEP][PASSED] - sendKeys(findTestObject("ADMIN/Edit Text/Bespoke/Buyer Pages/Purchase History/input_Manage all"), "*"): Keys '*' sent to object: 'Object Repository/ADMIN/Edit Text/Bespoke/Buyer Pages/Purchase History/input_Manage all'

2020-03-20 14:23:50 - [MESSAGE][PASSED] - Keys '*' sent to object: 'Object Repository/ADMIN/Edit Text/Bespoke/Buyer Pages/Purchase History/input_Manage all'

2020-03-20 14:23:50 - [TEST_STEP][PASSED] - sendKeys(findTestObject("ADMIN/Edit Text/Bespoke/Buyer Pages/Purchase History/input_Search by Invoice ID_search-by-txt"), "*"): Keys '*' sent to object: 'Object Repository/ADMIN/Edit Text/Bespoke/Buyer Pages/Purchase History/input_Search by Invoice ID_search-by-txt'

2020-03-20 14:23:50 - [MESSAGE][PASSED] - Keys '*' sent to object: 'Object Repository/ADMIN/Edit Text/Bespoke/Buyer Pages/Purchase History/input_Search by Invoice ID_search-by-txt'

2020-03-20 14:23:50 - [TEST_STEP][PASSED] - sendKeys(findTestObject("ADMIN/Edit Text/Bespoke/Buyer Pages/Purchase History/input_INVOICE NO_search-by-invid"), "*"): Keys '*' sent to object: 'Object Repository/ADMIN/Edit Text/Bespoke/Buyer Pages/Purchase History/input_INVOICE NO_search-by-invid'

2020-03-20 14:23:51 - [MESSAGE][PASSED] - Keys '*' sent to object: 'Object Repository/ADMIN/Edit Text/Bespoke/Buyer Pages/Purchase History/input_INVOICE NO_search-by-invid'

2020-03-20 14:23:51 - [TEST_STEP][PASSED] - sendKeys(findTestObject("ADMIN/Edit Text/Bespoke/Buyer Pages/Purchase History/input_TIMESTAMP_search-by-tmstmp"), "*"): Keys '*' sent to object: 'Object Repository/ADMIN/Edit Text/Bespoke/Buyer Pages/Purchase History/input_TIMESTAMP_search-by-tmstmp'

2020-03-20 14:23:51 - [MESSAGE][PASSED] - Keys '*' sent to object: 'Object Repository/ADMIN/Edit Text/Bespoke/Buyer Pages/Purchase History/input_TIMESTAMP_search-by-tmstmp'

2020-03-20 14:23:51 - [TEST_STEP][PASSED] - sendKeys(findTestObject("ADMIN/Edit Text/Bespoke/Buyer Pages/Purchase History/input_NO OF ITEM(S)_search-by-itm"), "*"): Keys '*' sent to object: 'Object Repository/ADMIN/Edit Text/Bespoke/Buyer Pages/Purchase History/input_NO OF ITEM(S)_search-by-itm'

2020-03-20 14:23:51 - [MESSAGE][PASSED] - Keys '*' sent to object: 'Object Repository/ADMIN/Edit Text/Bespoke/Buyer Pages/Purchase History/input_NO OF ITEM(S)_search-by-itm'

2020-03-20 14:23:51 - [TEST_STEP][PASSED] - sendKeys(findTestObject("ADMIN/Edit Text/Bespoke/Buyer Pages/Purchase History/input_ORDER TOTAL_search-by-qty"), "*"): Keys '*' sent to object: 'Object Repository/ADMIN/Edit Text/Bespoke/Buyer Pages/Purchase History/input_ORDER TOTAL_search-by-qty'

2020-03-20 14:23:51 - [MESSAGE][PASSED] - Keys '*' sent to object: 'Object Repository/ADMIN/Edit Text/Bespoke/Buyer Pages/Purchase History/input_ORDER TOTAL_search-by-qty'

2020-03-20 14:23:51 - [TEST_STEP][PASSED] - sendKeys(findTestObject("ADMIN/Edit Text/Bespoke/Buyer Pages/Purchase History/input_Delivery_search-by-dlrvy"), "*"): Keys '*' sent to object: 'Object Repository/ADMIN/Edit Text/Bespoke/Buyer Pages/Purchase History/input_Delivery_search-by-dlrvy'

2020-03-20 14:23:52 - [MESSAGE][PASSED] - Keys '*' sent to object: 'Object Repository/ADMIN/Edit Text/Bespoke/Buyer Pages/Purchase History/input_Delivery_search-by-dlrvy'

2020-03-20 14:23:52 - [TEST_STEP][PASSED] - sendKeys(findTestObject("ADMIN/Edit Text/Bespoke/Buyer Pages/Purchase History/input_Pick-up_search-by-dlrvy"), "*"): Keys '*' sent to object: 'Object Repository/ADMIN/Edit Text/Bespoke/Buyer Pages/Purchase History/input_Pick-up_search-by-dlrvy'

2020-03-20 14:23:52 - [MESSAGE][PASSED] - Keys '*' sent to object: 'Object Repository/ADMIN/Edit Text/Bespoke/Buyer Pages/Purchase History/input_Pick-up_search-by-dlrvy'

2020-03-20 14:23:52 - [TEST_STEP][PASSED] - sendKeys(findTestObject("ADMIN/Edit Text/Bespoke/Buyer Pages/Purchase History/input_Search by item name_search-by-txt"), "*"): Keys '*' sent to object: 'Object Repository/ADMIN/Edit Text/Bespoke/Buyer Pages/Purchase History/input_Search by item name_search-by-txt'

2020-03-20 14:23:52 - [MESSAGE][PASSED] - Keys '*' sent to object: 'Object Repository/ADMIN/Edit Text/Bespoke/Buyer Pages/Purchase History/input_Search by item name_search-by-txt'

2020-03-20 14:23:52 - [TEST_STEP][PASSED] - sendKeys(findTestObject("ADMIN/Edit Text/Bespoke/Buyer Pages/Purchase History/input_Sold By_sold-by"), "*"): Keys '*' sent to object: 'Object Repository/ADMIN/Edit Text/Bespoke/Buyer Pages/Purchase History/input_Sold By_sold-by'

2020-03-20 14:23:52 - [MESSAGE][PASSED] - Keys '*' sent to object: 'Object Repository/ADMIN/Edit Text/Bespoke/Buyer Pages/Purchase History/input_Sold By_sold-by'

2020-03-20 14:23:52 - [TEST_STEP][PASSED] - sendKeys(findTestObject("ADMIN/Edit Text/Bespoke/Buyer Pages/Purchase History/input_SUBMIT_btn_apply"), "*"): Keys '*' sent to object: 'Object Repository/ADMIN/Edit Text/Bespoke/Buyer Pages/Purchase History/input_SUBMIT_btn_apply'

2020-03-20 14:23:52 - [MESSAGE][PASSED] - Keys '*' sent to object: 'Object Repository/ADMIN/Edit Text/Bespoke/Buyer Pages/Purchase History/input_SUBMIT_btn_apply'

2020-03-20 14:23:52 - [TEST_STEP][PASSED] - click(findTestObject("ADMIN/Edit Text/Bespoke/Buyer Pages/Homepage/button_save"), CONTINUE_ON_FAILURE): Object: 'Object Repository/ADMIN/Edit Text/Bespoke/Buyer Pages/Homepage/button_save' is clicked on

2020-03-20 14:23:53 - [MESSAGE][PASSED] - Object: 'Object Repository/ADMIN/Edit Text/Bespoke/Buyer Pages/Homepage/button_save' is clicked on

2020-03-20 14:23:53 - [TEST_STEP][PASSED] - waitForElementVisible(findTestObject("ADMIN/Edit Text/Bespoke/Buyer Pages/Homepage/toaster_success"), 0): Object 'Object Repository/ADMIN/Edit Text/Bespoke/Buyer Pages/Homepage/toaster_success' is visible

2020-03-20 14:23:53 - [MESSAGE][WARNING] - Timeout '0' is invalid. Using default page load timeout: '30'

2020-03-20 14:23:54 - [MESSAGE][PASSED] - Object 'Object Repository/ADMIN/Edit Text/Bespoke/Buyer Pages/Homepage/toaster_success' is visible]]></system-out>
         <system-err><![CDATA[]]></system-err>
      </testcase>
      <testcase name="Test Cases/ADMIN/Language/Edit Text/Bespoke/Buyer Pages/Purchase History" time="5.045" classname="Test Cases/ADMIN/Language/Edit Text/Bespoke/Buyer Pages/Purchase History" status="PASSED">
         <system-out><![CDATA[2020-03-20 14:23:54 - [TEST_CASE][PASSED] - Test Cases/ADMIN/Language/Edit Text/Bespoke/Buyer Pages/Purchase History: Test Cases/ADMIN/Language/Edit Text/Bespoke/Buyer Pages/Purchase History

2020-03-20 14:23:54 - [TEST_STEP][PASSED] - waitForElementVisible(findTestObject("ADMIN/Edit Text/Bespoke/Buyer Navigation/dd_language"), 0): Object 'Object Repository/ADMIN/Edit Text/Bespoke/Buyer Navigation/dd_language' is visible

2020-03-20 14:23:54 - [MESSAGE][WARNING] - Timeout '0' is invalid. Using default page load timeout: '30'

2020-03-20 14:23:54 - [MESSAGE][PASSED] - Object 'Object Repository/ADMIN/Edit Text/Bespoke/Buyer Navigation/dd_language' is visible

2020-03-20 14:23:54 - [TEST_STEP][PASSED] - selectOptionByLabel(findTestObject("ADMIN/Edit Text/Bespoke/Buyer Navigation/dd_language"), varLanguage, false): All options with label 'Italian' are selected in object 'Object Repository/ADMIN/Edit Text/Bespoke/Buyer Navigation/dd_language' 

2020-03-20 14:23:55 - [MESSAGE][PASSED] - All options with label 'Italian' are selected in object 'Object Repository/ADMIN/Edit Text/Bespoke/Buyer Navigation/dd_language' 

2020-03-20 14:23:55 - [TEST_STEP][PASSED] - sendKeys(findTestObject("ADMIN/Edit Text/Bespoke/Buyer Pages/Purchase History/input_PURCHASE HISTORY_item_name"), "*"): Keys '*' sent to object: 'Object Repository/ADMIN/Edit Text/Bespoke/Buyer Pages/Purchase History/input_PURCHASE HISTORY_item_name'

2020-03-20 14:23:55 - [MESSAGE][PASSED] - Keys '*' sent to object: 'Object Repository/ADMIN/Edit Text/Bespoke/Buyer Pages/Purchase History/input_PURCHASE HISTORY_item_name'

2020-03-20 14:23:55 - [TEST_STEP][PASSED] - sendKeys(findTestObject("ADMIN/Edit Text/Bespoke/Buyer Pages/Purchase History/input_Manage all"), "*"): Keys '*' sent to object: 'Object Repository/ADMIN/Edit Text/Bespoke/Buyer Pages/Purchase History/input_Manage all'

2020-03-20 14:23:55 - [MESSAGE][PASSED] - Keys '*' sent to object: 'Object Repository/ADMIN/Edit Text/Bespoke/Buyer Pages/Purchase History/input_Manage all'

2020-03-20 14:23:55 - [TEST_STEP][PASSED] - sendKeys(findTestObject("ADMIN/Edit Text/Bespoke/Buyer Pages/Purchase History/input_Search by Invoice ID_search-by-txt"), "*"): Keys '*' sent to object: 'Object Repository/ADMIN/Edit Text/Bespoke/Buyer Pages/Purchase History/input_Search by Invoice ID_search-by-txt'

2020-03-20 14:23:56 - [MESSAGE][PASSED] - Keys '*' sent to object: 'Object Repository/ADMIN/Edit Text/Bespoke/Buyer Pages/Purchase History/input_Search by Invoice ID_search-by-txt'

2020-03-20 14:23:56 - [TEST_STEP][PASSED] - sendKeys(findTestObject("ADMIN/Edit Text/Bespoke/Buyer Pages/Purchase History/input_INVOICE NO_search-by-invid"), "*"): Keys '*' sent to object: 'Object Repository/ADMIN/Edit Text/Bespoke/Buyer Pages/Purchase History/input_INVOICE NO_search-by-invid'

2020-03-20 14:23:56 - [MESSAGE][PASSED] - Keys '*' sent to object: 'Object Repository/ADMIN/Edit Text/Bespoke/Buyer Pages/Purchase History/input_INVOICE NO_search-by-invid'

2020-03-20 14:23:56 - [TEST_STEP][PASSED] - sendKeys(findTestObject("ADMIN/Edit Text/Bespoke/Buyer Pages/Purchase History/input_TIMESTAMP_search-by-tmstmp"), "*"): Keys '*' sent to object: 'Object Repository/ADMIN/Edit Text/Bespoke/Buyer Pages/Purchase History/input_TIMESTAMP_search-by-tmstmp'

2020-03-20 14:23:56 - [MESSAGE][PASSED] - Keys '*' sent to object: 'Object Repository/ADMIN/Edit Text/Bespoke/Buyer Pages/Purchase History/input_TIMESTAMP_search-by-tmstmp'

2020-03-20 14:23:56 - [TEST_STEP][PASSED] - sendKeys(findTestObject("ADMIN/Edit Text/Bespoke/Buyer Pages/Purchase History/input_NO OF ITEM(S)_search-by-itm"), "*"): Keys '*' sent to object: 'Object Repository/ADMIN/Edit Text/Bespoke/Buyer Pages/Purchase History/input_NO OF ITEM(S)_search-by-itm'

2020-03-20 14:23:56 - [MESSAGE][PASSED] - Keys '*' sent to object: 'Object Repository/ADMIN/Edit Text/Bespoke/Buyer Pages/Purchase History/input_NO OF ITEM(S)_search-by-itm'

2020-03-20 14:23:56 - [TEST_STEP][PASSED] - sendKeys(findTestObject("ADMIN/Edit Text/Bespoke/Buyer Pages/Purchase History/input_ORDER TOTAL_search-by-qty"), "*"): Keys '*' sent to object: 'Object Repository/ADMIN/Edit Text/Bespoke/Buyer Pages/Purchase History/input_ORDER TOTAL_search-by-qty'

2020-03-20 14:23:57 - [MESSAGE][PASSED] - Keys '*' sent to object: 'Object Repository/ADMIN/Edit Text/Bespoke/Buyer Pages/Purchase History/input_ORDER TOTAL_search-by-qty'

2020-03-20 14:23:57 - [TEST_STEP][PASSED] - sendKeys(findTestObject("ADMIN/Edit Text/Bespoke/Buyer Pages/Purchase History/input_Delivery_search-by-dlrvy"), "*"): Keys '*' sent to object: 'Object Repository/ADMIN/Edit Text/Bespoke/Buyer Pages/Purchase History/input_Delivery_search-by-dlrvy'

2020-03-20 14:23:57 - [MESSAGE][PASSED] - Keys '*' sent to object: 'Object Repository/ADMIN/Edit Text/Bespoke/Buyer Pages/Purchase History/input_Delivery_search-by-dlrvy'

2020-03-20 14:23:57 - [TEST_STEP][PASSED] - sendKeys(findTestObject("ADMIN/Edit Text/Bespoke/Buyer Pages/Purchase History/input_Pick-up_search-by-dlrvy"), "*"): Keys '*' sent to object: 'Object Repository/ADMIN/Edit Text/Bespoke/Buyer Pages/Purchase History/input_Pick-up_search-by-dlrvy'

2020-03-20 14:23:57 - [MESSAGE][PASSED] - Keys '*' sent to object: 'Object Repository/ADMIN/Edit Text/Bespoke/Buyer Pages/Purchase History/input_Pick-up_search-by-dlrvy'

2020-03-20 14:23:57 - [TEST_STEP][PASSED] - sendKeys(findTestObject("ADMIN/Edit Text/Bespoke/Buyer Pages/Purchase History/input_Search by item name_search-by-txt"), "*"): Keys '*' sent to object: 'Object Repository/ADMIN/Edit Text/Bespoke/Buyer Pages/Purchase History/input_Search by item name_search-by-txt'

2020-03-20 14:23:57 - [MESSAGE][PASSED] - Keys '*' sent to object: 'Object Repository/ADMIN/Edit Text/Bespoke/Buyer Pages/Purchase History/input_Search by item name_search-by-txt'

2020-03-20 14:23:57 - [TEST_STEP][PASSED] - sendKeys(findTestObject("ADMIN/Edit Text/Bespoke/Buyer Pages/Purchase History/input_Sold By_sold-by"), "*"): Keys '*' sent to object: 'Object Repository/ADMIN/Edit Text/Bespoke/Buyer Pages/Purchase History/input_Sold By_sold-by'

2020-03-20 14:23:57 - [MESSAGE][PASSED] - Keys '*' sent to object: 'Object Repository/ADMIN/Edit Text/Bespoke/Buyer Pages/Purchase History/input_Sold By_sold-by'

2020-03-20 14:23:57 - [TEST_STEP][PASSED] - sendKeys(findTestObject("ADMIN/Edit Text/Bespoke/Buyer Pages/Purchase History/input_SUBMIT_btn_apply"), "*"): Keys '*' sent to object: 'Object Repository/ADMIN/Edit Text/Bespoke/Buyer Pages/Purchase History/input_SUBMIT_btn_apply'

2020-03-20 14:23:58 - [MESSAGE][PASSED] - Keys '*' sent to object: 'Object Repository/ADMIN/Edit Text/Bespoke/Buyer Pages/Purchase History/input_SUBMIT_btn_apply'

2020-03-20 14:23:58 - [TEST_STEP][PASSED] - click(findTestObject("ADMIN/Edit Text/Bespoke/Buyer Pages/Homepage/button_save"), CONTINUE_ON_FAILURE): Object: 'Object Repository/ADMIN/Edit Text/Bespoke/Buyer Pages/Homepage/button_save' is clicked on

2020-03-20 14:23:58 - [MESSAGE][PASSED] - Object: 'Object Repository/ADMIN/Edit Text/Bespoke/Buyer Pages/Homepage/button_save' is clicked on

2020-03-20 14:23:58 - [TEST_STEP][PASSED] - waitForElementVisible(findTestObject("ADMIN/Edit Text/Bespoke/Buyer Pages/Homepage/toaster_success"), 0): Object 'Object Repository/ADMIN/Edit Text/Bespoke/Buyer Pages/Homepage/toaster_success' is visible

2020-03-20 14:23:58 - [MESSAGE][WARNING] - Timeout '0' is invalid. Using default page load timeout: '30'

2020-03-20 14:23:59 - [MESSAGE][PASSED] - Object 'Object Repository/ADMIN/Edit Text/Bespoke/Buyer Pages/Homepage/toaster_success' is visible]]></system-out>
         <system-err><![CDATA[]]></system-err>
      </testcase>
      <testcase name="Test Cases/ADMIN/Language/Edit Text/Bespoke/Buyer Pages/Purchase History" time="5.01" classname="Test Cases/ADMIN/Language/Edit Text/Bespoke/Buyer Pages/Purchase History" status="PASSED">
         <system-out><![CDATA[2020-03-20 14:23:59 - [TEST_CASE][PASSED] - Test Cases/ADMIN/Language/Edit Text/Bespoke/Buyer Pages/Purchase History: Test Cases/ADMIN/Language/Edit Text/Bespoke/Buyer Pages/Purchase History

2020-03-20 14:23:59 - [TEST_STEP][PASSED] - waitForElementVisible(findTestObject("ADMIN/Edit Text/Bespoke/Buyer Navigation/dd_language"), 0): Object 'Object Repository/ADMIN/Edit Text/Bespoke/Buyer Navigation/dd_language' is visible

2020-03-20 14:23:59 - [MESSAGE][WARNING] - Timeout '0' is invalid. Using default page load timeout: '30'

2020-03-20 14:23:59 - [MESSAGE][PASSED] - Object 'Object Repository/ADMIN/Edit Text/Bespoke/Buyer Navigation/dd_language' is visible

2020-03-20 14:23:59 - [TEST_STEP][PASSED] - selectOptionByLabel(findTestObject("ADMIN/Edit Text/Bespoke/Buyer Navigation/dd_language"), varLanguage, false): All options with label 'Arabic' are selected in object 'Object Repository/ADMIN/Edit Text/Bespoke/Buyer Navigation/dd_language' 

2020-03-20 14:24:00 - [MESSAGE][PASSED] - All options with label 'Arabic' are selected in object 'Object Repository/ADMIN/Edit Text/Bespoke/Buyer Navigation/dd_language' 

2020-03-20 14:24:00 - [TEST_STEP][PASSED] - sendKeys(findTestObject("ADMIN/Edit Text/Bespoke/Buyer Pages/Purchase History/input_PURCHASE HISTORY_item_name"), "*"): Keys '*' sent to object: 'Object Repository/ADMIN/Edit Text/Bespoke/Buyer Pages/Purchase History/input_PURCHASE HISTORY_item_name'

2020-03-20 14:24:00 - [MESSAGE][PASSED] - Keys '*' sent to object: 'Object Repository/ADMIN/Edit Text/Bespoke/Buyer Pages/Purchase History/input_PURCHASE HISTORY_item_name'

2020-03-20 14:24:00 - [TEST_STEP][PASSED] - sendKeys(findTestObject("ADMIN/Edit Text/Bespoke/Buyer Pages/Purchase History/input_Manage all"), "*"): Keys '*' sent to object: 'Object Repository/ADMIN/Edit Text/Bespoke/Buyer Pages/Purchase History/input_Manage all'

2020-03-20 14:24:00 - [MESSAGE][PASSED] - Keys '*' sent to object: 'Object Repository/ADMIN/Edit Text/Bespoke/Buyer Pages/Purchase History/input_Manage all'

2020-03-20 14:24:00 - [TEST_STEP][PASSED] - sendKeys(findTestObject("ADMIN/Edit Text/Bespoke/Buyer Pages/Purchase History/input_Search by Invoice ID_search-by-txt"), "*"): Keys '*' sent to object: 'Object Repository/ADMIN/Edit Text/Bespoke/Buyer Pages/Purchase History/input_Search by Invoice ID_search-by-txt'

2020-03-20 14:24:01 - [MESSAGE][PASSED] - Keys '*' sent to object: 'Object Repository/ADMIN/Edit Text/Bespoke/Buyer Pages/Purchase History/input_Search by Invoice ID_search-by-txt'

2020-03-20 14:24:01 - [TEST_STEP][PASSED] - sendKeys(findTestObject("ADMIN/Edit Text/Bespoke/Buyer Pages/Purchase History/input_INVOICE NO_search-by-invid"), "*"): Keys '*' sent to object: 'Object Repository/ADMIN/Edit Text/Bespoke/Buyer Pages/Purchase History/input_INVOICE NO_search-by-invid'

2020-03-20 14:24:01 - [MESSAGE][PASSED] - Keys '*' sent to object: 'Object Repository/ADMIN/Edit Text/Bespoke/Buyer Pages/Purchase History/input_INVOICE NO_search-by-invid'

2020-03-20 14:24:01 - [TEST_STEP][PASSED] - sendKeys(findTestObject("ADMIN/Edit Text/Bespoke/Buyer Pages/Purchase History/input_TIMESTAMP_search-by-tmstmp"), "*"): Keys '*' sent to object: 'Object Repository/ADMIN/Edit Text/Bespoke/Buyer Pages/Purchase History/input_TIMESTAMP_search-by-tmstmp'

2020-03-20 14:24:01 - [MESSAGE][PASSED] - Keys '*' sent to object: 'Object Repository/ADMIN/Edit Text/Bespoke/Buyer Pages/Purchase History/input_TIMESTAMP_search-by-tmstmp'

2020-03-20 14:24:01 - [TEST_STEP][PASSED] - sendKeys(findTestObject("ADMIN/Edit Text/Bespoke/Buyer Pages/Purchase History/input_NO OF ITEM(S)_search-by-itm"), "*"): Keys '*' sent to object: 'Object Repository/ADMIN/Edit Text/Bespoke/Buyer Pages/Purchase History/input_NO OF ITEM(S)_search-by-itm'

2020-03-20 14:24:01 - [MESSAGE][PASSED] - Keys '*' sent to object: 'Object Repository/ADMIN/Edit Text/Bespoke/Buyer Pages/Purchase History/input_NO OF ITEM(S)_search-by-itm'

2020-03-20 14:24:01 - [TEST_STEP][PASSED] - sendKeys(findTestObject("ADMIN/Edit Text/Bespoke/Buyer Pages/Purchase History/input_ORDER TOTAL_search-by-qty"), "*"): Keys '*' sent to object: 'Object Repository/ADMIN/Edit Text/Bespoke/Buyer Pages/Purchase History/input_ORDER TOTAL_search-by-qty'

2020-03-20 14:24:02 - [MESSAGE][PASSED] - Keys '*' sent to object: 'Object Repository/ADMIN/Edit Text/Bespoke/Buyer Pages/Purchase History/input_ORDER TOTAL_search-by-qty'

2020-03-20 14:24:02 - [TEST_STEP][PASSED] - sendKeys(findTestObject("ADMIN/Edit Text/Bespoke/Buyer Pages/Purchase History/input_Delivery_search-by-dlrvy"), "*"): Keys '*' sent to object: 'Object Repository/ADMIN/Edit Text/Bespoke/Buyer Pages/Purchase History/input_Delivery_search-by-dlrvy'

2020-03-20 14:24:02 - [MESSAGE][PASSED] - Keys '*' sent to object: 'Object Repository/ADMIN/Edit Text/Bespoke/Buyer Pages/Purchase History/input_Delivery_search-by-dlrvy'

2020-03-20 14:24:02 - [TEST_STEP][PASSED] - sendKeys(findTestObject("ADMIN/Edit Text/Bespoke/Buyer Pages/Purchase History/input_Pick-up_search-by-dlrvy"), "*"): Keys '*' sent to object: 'Object Repository/ADMIN/Edit Text/Bespoke/Buyer Pages/Purchase History/input_Pick-up_search-by-dlrvy'

2020-03-20 14:24:02 - [MESSAGE][PASSED] - Keys '*' sent to object: 'Object Repository/ADMIN/Edit Text/Bespoke/Buyer Pages/Purchase History/input_Pick-up_search-by-dlrvy'

2020-03-20 14:24:02 - [TEST_STEP][PASSED] - sendKeys(findTestObject("ADMIN/Edit Text/Bespoke/Buyer Pages/Purchase History/input_Search by item name_search-by-txt"), "*"): Keys '*' sent to object: 'Object Repository/ADMIN/Edit Text/Bespoke/Buyer Pages/Purchase History/input_Search by item name_search-by-txt'

2020-03-20 14:24:02 - [MESSAGE][PASSED] - Keys '*' sent to object: 'Object Repository/ADMIN/Edit Text/Bespoke/Buyer Pages/Purchase History/input_Search by item name_search-by-txt'

2020-03-20 14:24:02 - [TEST_STEP][PASSED] - sendKeys(findTestObject("ADMIN/Edit Text/Bespoke/Buyer Pages/Purchase History/input_Sold By_sold-by"), "*"): Keys '*' sent to object: 'Object Repository/ADMIN/Edit Text/Bespoke/Buyer Pages/Purchase History/input_Sold By_sold-by'

2020-03-20 14:24:03 - [MESSAGE][PASSED] - Keys '*' sent to object: 'Object Repository/ADMIN/Edit Text/Bespoke/Buyer Pages/Purchase History/input_Sold By_sold-by'

2020-03-20 14:24:03 - [TEST_STEP][PASSED] - sendKeys(findTestObject("ADMIN/Edit Text/Bespoke/Buyer Pages/Purchase History/input_SUBMIT_btn_apply"), "*"): Keys '*' sent to object: 'Object Repository/ADMIN/Edit Text/Bespoke/Buyer Pages/Purchase History/input_SUBMIT_btn_apply'

2020-03-20 14:24:03 - [MESSAGE][PASSED] - Keys '*' sent to object: 'Object Repository/ADMIN/Edit Text/Bespoke/Buyer Pages/Purchase History/input_SUBMIT_btn_apply'

2020-03-20 14:24:03 - [TEST_STEP][PASSED] - click(findTestObject("ADMIN/Edit Text/Bespoke/Buyer Pages/Homepage/button_save"), CONTINUE_ON_FAILURE): Object: 'Object Repository/ADMIN/Edit Text/Bespoke/Buyer Pages/Homepage/button_save' is clicked on

2020-03-20 14:24:03 - [MESSAGE][PASSED] - Object: 'Object Repository/ADMIN/Edit Text/Bespoke/Buyer Pages/Homepage/button_save' is clicked on

2020-03-20 14:24:03 - [TEST_STEP][PASSED] - waitForElementVisible(findTestObject("ADMIN/Edit Text/Bespoke/Buyer Pages/Homepage/toaster_success"), 0): Object 'Object Repository/ADMIN/Edit Text/Bespoke/Buyer Pages/Homepage/toaster_success' is visible

2020-03-20 14:24:03 - [MESSAGE][WARNING] - Timeout '0' is invalid. Using default page load timeout: '30'

2020-03-20 14:24:04 - [MESSAGE][PASSED] - Object 'Object Repository/ADMIN/Edit Text/Bespoke/Buyer Pages/Homepage/toaster_success' is visible]]></system-out>
         <system-err><![CDATA[]]></system-err>
      </testcase>
      <testcase name="Test Cases/ADMIN/Language/Edit Text/Bespoke/Buyer Pages/Purchase History" time="4.798" classname="Test Cases/ADMIN/Language/Edit Text/Bespoke/Buyer Pages/Purchase History" status="PASSED">
         <system-out><![CDATA[2020-03-20 14:24:04 - [TEST_CASE][PASSED] - Test Cases/ADMIN/Language/Edit Text/Bespoke/Buyer Pages/Purchase History: Test Cases/ADMIN/Language/Edit Text/Bespoke/Buyer Pages/Purchase History

2020-03-20 14:24:04 - [TEST_STEP][PASSED] - waitForElementVisible(findTestObject("ADMIN/Edit Text/Bespoke/Buyer Navigation/dd_language"), 0): Object 'Object Repository/ADMIN/Edit Text/Bespoke/Buyer Navigation/dd_language' is visible

2020-03-20 14:24:04 - [MESSAGE][WARNING] - Timeout '0' is invalid. Using default page load timeout: '30'

2020-03-20 14:24:04 - [MESSAGE][PASSED] - Object 'Object Repository/ADMIN/Edit Text/Bespoke/Buyer Navigation/dd_language' is visible

2020-03-20 14:24:04 - [TEST_STEP][PASSED] - selectOptionByLabel(findTestObject("ADMIN/Edit Text/Bespoke/Buyer Navigation/dd_language"), varLanguage, false): All options with label 'Dutch' are selected in object 'Object Repository/ADMIN/Edit Text/Bespoke/Buyer Navigation/dd_language' 

2020-03-20 14:24:05 - [MESSAGE][PASSED] - All options with label 'Dutch' are selected in object 'Object Repository/ADMIN/Edit Text/Bespoke/Buyer Navigation/dd_language' 

2020-03-20 14:24:05 - [TEST_STEP][PASSED] - sendKeys(findTestObject("ADMIN/Edit Text/Bespoke/Buyer Pages/Purchase History/input_PURCHASE HISTORY_item_name"), "*"): Keys '*' sent to object: 'Object Repository/ADMIN/Edit Text/Bespoke/Buyer Pages/Purchase History/input_PURCHASE HISTORY_item_name'

2020-03-20 14:24:05 - [MESSAGE][PASSED] - Keys '*' sent to object: 'Object Repository/ADMIN/Edit Text/Bespoke/Buyer Pages/Purchase History/input_PURCHASE HISTORY_item_name'

2020-03-20 14:24:05 - [TEST_STEP][PASSED] - sendKeys(findTestObject("ADMIN/Edit Text/Bespoke/Buyer Pages/Purchase History/input_Manage all"), "*"): Keys '*' sent to object: 'Object Repository/ADMIN/Edit Text/Bespoke/Buyer Pages/Purchase History/input_Manage all'

2020-03-20 14:24:06 - [MESSAGE][PASSED] - Keys '*' sent to object: 'Object Repository/ADMIN/Edit Text/Bespoke/Buyer Pages/Purchase History/input_Manage all'

2020-03-20 14:24:06 - [TEST_STEP][PASSED] - sendKeys(findTestObject("ADMIN/Edit Text/Bespoke/Buyer Pages/Purchase History/input_Search by Invoice ID_search-by-txt"), "*"): Keys '*' sent to object: 'Object Repository/ADMIN/Edit Text/Bespoke/Buyer Pages/Purchase History/input_Search by Invoice ID_search-by-txt'

2020-03-20 14:24:06 - [MESSAGE][PASSED] - Keys '*' sent to object: 'Object Repository/ADMIN/Edit Text/Bespoke/Buyer Pages/Purchase History/input_Search by Invoice ID_search-by-txt'

2020-03-20 14:24:06 - [TEST_STEP][PASSED] - sendKeys(findTestObject("ADMIN/Edit Text/Bespoke/Buyer Pages/Purchase History/input_INVOICE NO_search-by-invid"), "*"): Keys '*' sent to object: 'Object Repository/ADMIN/Edit Text/Bespoke/Buyer Pages/Purchase History/input_INVOICE NO_search-by-invid'

2020-03-20 14:24:06 - [MESSAGE][PASSED] - Keys '*' sent to object: 'Object Repository/ADMIN/Edit Text/Bespoke/Buyer Pages/Purchase History/input_INVOICE NO_search-by-invid'

2020-03-20 14:24:06 - [TEST_STEP][PASSED] - sendKeys(findTestObject("ADMIN/Edit Text/Bespoke/Buyer Pages/Purchase History/input_TIMESTAMP_search-by-tmstmp"), "*"): Keys '*' sent to object: 'Object Repository/ADMIN/Edit Text/Bespoke/Buyer Pages/Purchase History/input_TIMESTAMP_search-by-tmstmp'

2020-03-20 14:24:06 - [MESSAGE][PASSED] - Keys '*' sent to object: 'Object Repository/ADMIN/Edit Text/Bespoke/Buyer Pages/Purchase History/input_TIMESTAMP_search-by-tmstmp'

2020-03-20 14:24:06 - [TEST_STEP][PASSED] - sendKeys(findTestObject("ADMIN/Edit Text/Bespoke/Buyer Pages/Purchase History/input_NO OF ITEM(S)_search-by-itm"), "*"): Keys '*' sent to object: 'Object Repository/ADMIN/Edit Text/Bespoke/Buyer Pages/Purchase History/input_NO OF ITEM(S)_search-by-itm'

2020-03-20 14:24:07 - [MESSAGE][PASSED] - Keys '*' sent to object: 'Object Repository/ADMIN/Edit Text/Bespoke/Buyer Pages/Purchase History/input_NO OF ITEM(S)_search-by-itm'

2020-03-20 14:24:07 - [TEST_STEP][PASSED] - sendKeys(findTestObject("ADMIN/Edit Text/Bespoke/Buyer Pages/Purchase History/input_ORDER TOTAL_search-by-qty"), "*"): Keys '*' sent to object: 'Object Repository/ADMIN/Edit Text/Bespoke/Buyer Pages/Purchase History/input_ORDER TOTAL_search-by-qty'

2020-03-20 14:24:07 - [MESSAGE][PASSED] - Keys '*' sent to object: 'Object Repository/ADMIN/Edit Text/Bespoke/Buyer Pages/Purchase History/input_ORDER TOTAL_search-by-qty'

2020-03-20 14:24:07 - [TEST_STEP][PASSED] - sendKeys(findTestObject("ADMIN/Edit Text/Bespoke/Buyer Pages/Purchase History/input_Delivery_search-by-dlrvy"), "*"): Keys '*' sent to object: 'Object Repository/ADMIN/Edit Text/Bespoke/Buyer Pages/Purchase History/input_Delivery_search-by-dlrvy'

2020-03-20 14:24:07 - [MESSAGE][PASSED] - Keys '*' sent to object: 'Object Repository/ADMIN/Edit Text/Bespoke/Buyer Pages/Purchase History/input_Delivery_search-by-dlrvy'

2020-03-20 14:24:07 - [TEST_STEP][PASSED] - sendKeys(findTestObject("ADMIN/Edit Text/Bespoke/Buyer Pages/Purchase History/input_Pick-up_search-by-dlrvy"), "*"): Keys '*' sent to object: 'Object Repository/ADMIN/Edit Text/Bespoke/Buyer Pages/Purchase History/input_Pick-up_search-by-dlrvy'

2020-03-20 14:24:07 - [MESSAGE][PASSED] - Keys '*' sent to object: 'Object Repository/ADMIN/Edit Text/Bespoke/Buyer Pages/Purchase History/input_Pick-up_search-by-dlrvy'

2020-03-20 14:24:07 - [TEST_STEP][PASSED] - sendKeys(findTestObject("ADMIN/Edit Text/Bespoke/Buyer Pages/Purchase History/input_Search by item name_search-by-txt"), "*"): Keys '*' sent to object: 'Object Repository/ADMIN/Edit Text/Bespoke/Buyer Pages/Purchase History/input_Search by item name_search-by-txt'

2020-03-20 14:24:08 - [MESSAGE][PASSED] - Keys '*' sent to object: 'Object Repository/ADMIN/Edit Text/Bespoke/Buyer Pages/Purchase History/input_Search by item name_search-by-txt'

2020-03-20 14:24:08 - [TEST_STEP][PASSED] - sendKeys(findTestObject("ADMIN/Edit Text/Bespoke/Buyer Pages/Purchase History/input_Sold By_sold-by"), "*"): Keys '*' sent to object: 'Object Repository/ADMIN/Edit Text/Bespoke/Buyer Pages/Purchase History/input_Sold By_sold-by'

2020-03-20 14:24:08 - [MESSAGE][PASSED] - Keys '*' sent to object: 'Object Repository/ADMIN/Edit Text/Bespoke/Buyer Pages/Purchase History/input_Sold By_sold-by'

2020-03-20 14:24:08 - [TEST_STEP][PASSED] - sendKeys(findTestObject("ADMIN/Edit Text/Bespoke/Buyer Pages/Purchase History/input_SUBMIT_btn_apply"), "*"): Keys '*' sent to object: 'Object Repository/ADMIN/Edit Text/Bespoke/Buyer Pages/Purchase History/input_SUBMIT_btn_apply'

2020-03-20 14:24:08 - [MESSAGE][PASSED] - Keys '*' sent to object: 'Object Repository/ADMIN/Edit Text/Bespoke/Buyer Pages/Purchase History/input_SUBMIT_btn_apply'

2020-03-20 14:24:08 - [TEST_STEP][PASSED] - click(findTestObject("ADMIN/Edit Text/Bespoke/Buyer Pages/Homepage/button_save"), CONTINUE_ON_FAILURE): Object: 'Object Repository/ADMIN/Edit Text/Bespoke/Buyer Pages/Homepage/button_save' is clicked on

2020-03-20 14:24:08 - [MESSAGE][PASSED] - Object: 'Object Repository/ADMIN/Edit Text/Bespoke/Buyer Pages/Homepage/button_save' is clicked on

2020-03-20 14:24:08 - [TEST_STEP][PASSED] - waitForElementVisible(findTestObject("ADMIN/Edit Text/Bespoke/Buyer Pages/Homepage/toaster_success"), 0): Object 'Object Repository/ADMIN/Edit Text/Bespoke/Buyer Pages/Homepage/toaster_success' is visible

2020-03-20 14:24:08 - [MESSAGE][WARNING] - Timeout '0' is invalid. Using default page load timeout: '30'

2020-03-20 14:24:08 - [MESSAGE][PASSED] - Object 'Object Repository/ADMIN/Edit Text/Bespoke/Buyer Pages/Homepage/toaster_success' is visible]]></system-out>
         <system-err><![CDATA[]]></system-err>
      </testcase>
      <testcase name="Test Cases/ADMIN/Language/Edit Text/Bespoke/Buyer Pages/Purchase History" time="5.725" classname="Test Cases/ADMIN/Language/Edit Text/Bespoke/Buyer Pages/Purchase History" status="PASSED">
         <system-out><![CDATA[2020-03-20 14:24:08 - [TEST_CASE][PASSED] - Test Cases/ADMIN/Language/Edit Text/Bespoke/Buyer Pages/Purchase History: Test Cases/ADMIN/Language/Edit Text/Bespoke/Buyer Pages/Purchase History

2020-03-20 14:24:08 - [TEST_STEP][PASSED] - waitForElementVisible(findTestObject("ADMIN/Edit Text/Bespoke/Buyer Navigation/dd_language"), 0): Object 'Object Repository/ADMIN/Edit Text/Bespoke/Buyer Navigation/dd_language' is visible

2020-03-20 14:24:08 - [MESSAGE][WARNING] - Timeout '0' is invalid. Using default page load timeout: '30'

2020-03-20 14:24:09 - [MESSAGE][PASSED] - Object 'Object Repository/ADMIN/Edit Text/Bespoke/Buyer Navigation/dd_language' is visible

2020-03-20 14:24:09 - [TEST_STEP][PASSED] - selectOptionByLabel(findTestObject("ADMIN/Edit Text/Bespoke/Buyer Navigation/dd_language"), varLanguage, false): All options with label 'Swedish' are selected in object 'Object Repository/ADMIN/Edit Text/Bespoke/Buyer Navigation/dd_language' 

2020-03-20 14:24:10 - [MESSAGE][PASSED] - All options with label 'Swedish' are selected in object 'Object Repository/ADMIN/Edit Text/Bespoke/Buyer Navigation/dd_language' 

2020-03-20 14:24:10 - [TEST_STEP][PASSED] - sendKeys(findTestObject("ADMIN/Edit Text/Bespoke/Buyer Pages/Purchase History/input_PURCHASE HISTORY_item_name"), "*"): Keys '*' sent to object: 'Object Repository/ADMIN/Edit Text/Bespoke/Buyer Pages/Purchase History/input_PURCHASE HISTORY_item_name'

2020-03-20 14:24:10 - [MESSAGE][PASSED] - Keys '*' sent to object: 'Object Repository/ADMIN/Edit Text/Bespoke/Buyer Pages/Purchase History/input_PURCHASE HISTORY_item_name'

2020-03-20 14:24:10 - [TEST_STEP][PASSED] - sendKeys(findTestObject("ADMIN/Edit Text/Bespoke/Buyer Pages/Purchase History/input_Manage all"), "*"): Keys '*' sent to object: 'Object Repository/ADMIN/Edit Text/Bespoke/Buyer Pages/Purchase History/input_Manage all'

2020-03-20 14:24:10 - [MESSAGE][PASSED] - Keys '*' sent to object: 'Object Repository/ADMIN/Edit Text/Bespoke/Buyer Pages/Purchase History/input_Manage all'

2020-03-20 14:24:10 - [TEST_STEP][PASSED] - sendKeys(findTestObject("ADMIN/Edit Text/Bespoke/Buyer Pages/Purchase History/input_Search by Invoice ID_search-by-txt"), "*"): Keys '*' sent to object: 'Object Repository/ADMIN/Edit Text/Bespoke/Buyer Pages/Purchase History/input_Search by Invoice ID_search-by-txt'

2020-03-20 14:24:10 - [MESSAGE][PASSED] - Keys '*' sent to object: 'Object Repository/ADMIN/Edit Text/Bespoke/Buyer Pages/Purchase History/input_Search by Invoice ID_search-by-txt'

2020-03-20 14:24:10 - [TEST_STEP][PASSED] - sendKeys(findTestObject("ADMIN/Edit Text/Bespoke/Buyer Pages/Purchase History/input_INVOICE NO_search-by-invid"), "*"): Keys '*' sent to object: 'Object Repository/ADMIN/Edit Text/Bespoke/Buyer Pages/Purchase History/input_INVOICE NO_search-by-invid'

2020-03-20 14:24:11 - [MESSAGE][PASSED] - Keys '*' sent to object: 'Object Repository/ADMIN/Edit Text/Bespoke/Buyer Pages/Purchase History/input_INVOICE NO_search-by-invid'

2020-03-20 14:24:11 - [TEST_STEP][PASSED] - sendKeys(findTestObject("ADMIN/Edit Text/Bespoke/Buyer Pages/Purchase History/input_TIMESTAMP_search-by-tmstmp"), "*"): Keys '*' sent to object: 'Object Repository/ADMIN/Edit Text/Bespoke/Buyer Pages/Purchase History/input_TIMESTAMP_search-by-tmstmp'

2020-03-20 14:24:11 - [MESSAGE][PASSED] - Keys '*' sent to object: 'Object Repository/ADMIN/Edit Text/Bespoke/Buyer Pages/Purchase History/input_TIMESTAMP_search-by-tmstmp'

2020-03-20 14:24:11 - [TEST_STEP][PASSED] - sendKeys(findTestObject("ADMIN/Edit Text/Bespoke/Buyer Pages/Purchase History/input_NO OF ITEM(S)_search-by-itm"), "*"): Keys '*' sent to object: 'Object Repository/ADMIN/Edit Text/Bespoke/Buyer Pages/Purchase History/input_NO OF ITEM(S)_search-by-itm'

2020-03-20 14:24:11 - [MESSAGE][PASSED] - Keys '*' sent to object: 'Object Repository/ADMIN/Edit Text/Bespoke/Buyer Pages/Purchase History/input_NO OF ITEM(S)_search-by-itm'

2020-03-20 14:24:11 - [TEST_STEP][PASSED] - sendKeys(findTestObject("ADMIN/Edit Text/Bespoke/Buyer Pages/Purchase History/input_ORDER TOTAL_search-by-qty"), "*"): Keys '*' sent to object: 'Object Repository/ADMIN/Edit Text/Bespoke/Buyer Pages/Purchase History/input_ORDER TOTAL_search-by-qty'

2020-03-20 14:24:11 - [MESSAGE][PASSED] - Keys '*' sent to object: 'Object Repository/ADMIN/Edit Text/Bespoke/Buyer Pages/Purchase History/input_ORDER TOTAL_search-by-qty'

2020-03-20 14:24:11 - [TEST_STEP][PASSED] - sendKeys(findTestObject("ADMIN/Edit Text/Bespoke/Buyer Pages/Purchase History/input_Delivery_search-by-dlrvy"), "*"): Keys '*' sent to object: 'Object Repository/ADMIN/Edit Text/Bespoke/Buyer Pages/Purchase History/input_Delivery_search-by-dlrvy'

2020-03-20 14:24:12 - [MESSAGE][PASSED] - Keys '*' sent to object: 'Object Repository/ADMIN/Edit Text/Bespoke/Buyer Pages/Purchase History/input_Delivery_search-by-dlrvy'

2020-03-20 14:24:12 - [TEST_STEP][PASSED] - sendKeys(findTestObject("ADMIN/Edit Text/Bespoke/Buyer Pages/Purchase History/input_Pick-up_search-by-dlrvy"), "*"): Keys '*' sent to object: 'Object Repository/ADMIN/Edit Text/Bespoke/Buyer Pages/Purchase History/input_Pick-up_search-by-dlrvy'

2020-03-20 14:24:12 - [MESSAGE][PASSED] - Keys '*' sent to object: 'Object Repository/ADMIN/Edit Text/Bespoke/Buyer Pages/Purchase History/input_Pick-up_search-by-dlrvy'

2020-03-20 14:24:12 - [TEST_STEP][PASSED] - sendKeys(findTestObject("ADMIN/Edit Text/Bespoke/Buyer Pages/Purchase History/input_Search by item name_search-by-txt"), "*"): Keys '*' sent to object: 'Object Repository/ADMIN/Edit Text/Bespoke/Buyer Pages/Purchase History/input_Search by item name_search-by-txt'

2020-03-20 14:24:13 - [MESSAGE][PASSED] - Keys '*' sent to object: 'Object Repository/ADMIN/Edit Text/Bespoke/Buyer Pages/Purchase History/input_Search by item name_search-by-txt'

2020-03-20 14:24:13 - [TEST_STEP][PASSED] - sendKeys(findTestObject("ADMIN/Edit Text/Bespoke/Buyer Pages/Purchase History/input_Sold By_sold-by"), "*"): Keys '*' sent to object: 'Object Repository/ADMIN/Edit Text/Bespoke/Buyer Pages/Purchase History/input_Sold By_sold-by'

2020-03-20 14:24:13 - [MESSAGE][PASSED] - Keys '*' sent to object: 'Object Repository/ADMIN/Edit Text/Bespoke/Buyer Pages/Purchase History/input_Sold By_sold-by'

2020-03-20 14:24:13 - [TEST_STEP][PASSED] - sendKeys(findTestObject("ADMIN/Edit Text/Bespoke/Buyer Pages/Purchase History/input_SUBMIT_btn_apply"), "*"): Keys '*' sent to object: 'Object Repository/ADMIN/Edit Text/Bespoke/Buyer Pages/Purchase History/input_SUBMIT_btn_apply'

2020-03-20 14:24:13 - [MESSAGE][PASSED] - Keys '*' sent to object: 'Object Repository/ADMIN/Edit Text/Bespoke/Buyer Pages/Purchase History/input_SUBMIT_btn_apply'

2020-03-20 14:24:13 - [TEST_STEP][PASSED] - click(findTestObject("ADMIN/Edit Text/Bespoke/Buyer Pages/Homepage/button_save"), CONTINUE_ON_FAILURE): Object: 'Object Repository/ADMIN/Edit Text/Bespoke/Buyer Pages/Homepage/button_save' is clicked on

2020-03-20 14:24:13 - [MESSAGE][PASSED] - Object: 'Object Repository/ADMIN/Edit Text/Bespoke/Buyer Pages/Homepage/button_save' is clicked on

2020-03-20 14:24:13 - [TEST_STEP][PASSED] - waitForElementVisible(findTestObject("ADMIN/Edit Text/Bespoke/Buyer Pages/Homepage/toaster_success"), 0): Object 'Object Repository/ADMIN/Edit Text/Bespoke/Buyer Pages/Homepage/toaster_success' is visible

2020-03-20 14:24:13 - [MESSAGE][WARNING] - Timeout '0' is invalid. Using default page load timeout: '30'

2020-03-20 14:24:14 - [MESSAGE][PASSED] - Object 'Object Repository/ADMIN/Edit Text/Bespoke/Buyer Pages/Homepage/toaster_success' is visible]]></system-out>
         <system-err><![CDATA[]]></system-err>
      </testcase>
      <testcase name="Test Cases/ADMIN/Language/Edit Text/Bespoke/Buyer Pages/Purchase History" time="4.702" classname="Test Cases/ADMIN/Language/Edit Text/Bespoke/Buyer Pages/Purchase History" status="PASSED">
         <system-out><![CDATA[2020-03-20 14:24:14 - [TEST_CASE][PASSED] - Test Cases/ADMIN/Language/Edit Text/Bespoke/Buyer Pages/Purchase History: Test Cases/ADMIN/Language/Edit Text/Bespoke/Buyer Pages/Purchase History

2020-03-20 14:24:14 - [TEST_STEP][PASSED] - waitForElementVisible(findTestObject("ADMIN/Edit Text/Bespoke/Buyer Navigation/dd_language"), 0): Object 'Object Repository/ADMIN/Edit Text/Bespoke/Buyer Navigation/dd_language' is visible

2020-03-20 14:24:14 - [MESSAGE][WARNING] - Timeout '0' is invalid. Using default page load timeout: '30'

2020-03-20 14:24:14 - [MESSAGE][PASSED] - Object 'Object Repository/ADMIN/Edit Text/Bespoke/Buyer Navigation/dd_language' is visible

2020-03-20 14:24:14 - [TEST_STEP][PASSED] - selectOptionByLabel(findTestObject("ADMIN/Edit Text/Bespoke/Buyer Navigation/dd_language"), varLanguage, false): All options with label 'Chinese (Simplified)' are selected in object 'Object Repository/ADMIN/Edit Text/Bespoke/Buyer Navigation/dd_language' 

2020-03-20 14:24:15 - [MESSAGE][PASSED] - All options with label 'Chinese (Simplified)' are selected in object 'Object Repository/ADMIN/Edit Text/Bespoke/Buyer Navigation/dd_language' 

2020-03-20 14:24:15 - [TEST_STEP][PASSED] - sendKeys(findTestObject("ADMIN/Edit Text/Bespoke/Buyer Pages/Purchase History/input_PURCHASE HISTORY_item_name"), "*"): Keys '*' sent to object: 'Object Repository/ADMIN/Edit Text/Bespoke/Buyer Pages/Purchase History/input_PURCHASE HISTORY_item_name'

2020-03-20 14:24:16 - [MESSAGE][PASSED] - Keys '*' sent to object: 'Object Repository/ADMIN/Edit Text/Bespoke/Buyer Pages/Purchase History/input_PURCHASE HISTORY_item_name'

2020-03-20 14:24:16 - [TEST_STEP][PASSED] - sendKeys(findTestObject("ADMIN/Edit Text/Bespoke/Buyer Pages/Purchase History/input_Manage all"), "*"): Keys '*' sent to object: 'Object Repository/ADMIN/Edit Text/Bespoke/Buyer Pages/Purchase History/input_Manage all'

2020-03-20 14:24:16 - [MESSAGE][PASSED] - Keys '*' sent to object: 'Object Repository/ADMIN/Edit Text/Bespoke/Buyer Pages/Purchase History/input_Manage all'

2020-03-20 14:24:16 - [TEST_STEP][PASSED] - sendKeys(findTestObject("ADMIN/Edit Text/Bespoke/Buyer Pages/Purchase History/input_Search by Invoice ID_search-by-txt"), "*"): Keys '*' sent to object: 'Object Repository/ADMIN/Edit Text/Bespoke/Buyer Pages/Purchase History/input_Search by Invoice ID_search-by-txt'

2020-03-20 14:24:17 - [MESSAGE][PASSED] - Keys '*' sent to object: 'Object Repository/ADMIN/Edit Text/Bespoke/Buyer Pages/Purchase History/input_Search by Invoice ID_search-by-txt'

2020-03-20 14:24:17 - [TEST_STEP][PASSED] - sendKeys(findTestObject("ADMIN/Edit Text/Bespoke/Buyer Pages/Purchase History/input_INVOICE NO_search-by-invid"), "*"): Keys '*' sent to object: 'Object Repository/ADMIN/Edit Text/Bespoke/Buyer Pages/Purchase History/input_INVOICE NO_search-by-invid'

2020-03-20 14:24:17 - [MESSAGE][PASSED] - Keys '*' sent to object: 'Object Repository/ADMIN/Edit Text/Bespoke/Buyer Pages/Purchase History/input_INVOICE NO_search-by-invid'

2020-03-20 14:24:17 - [TEST_STEP][PASSED] - sendKeys(findTestObject("ADMIN/Edit Text/Bespoke/Buyer Pages/Purchase History/input_TIMESTAMP_search-by-tmstmp"), "*"): Keys '*' sent to object: 'Object Repository/ADMIN/Edit Text/Bespoke/Buyer Pages/Purchase History/input_TIMESTAMP_search-by-tmstmp'

2020-03-20 14:24:17 - [MESSAGE][PASSED] - Keys '*' sent to object: 'Object Repository/ADMIN/Edit Text/Bespoke/Buyer Pages/Purchase History/input_TIMESTAMP_search-by-tmstmp'

2020-03-20 14:24:17 - [TEST_STEP][PASSED] - sendKeys(findTestObject("ADMIN/Edit Text/Bespoke/Buyer Pages/Purchase History/input_NO OF ITEM(S)_search-by-itm"), "*"): Keys '*' sent to object: 'Object Repository/ADMIN/Edit Text/Bespoke/Buyer Pages/Purchase History/input_NO OF ITEM(S)_search-by-itm'

2020-03-20 14:24:17 - [MESSAGE][PASSED] - Keys '*' sent to object: 'Object Repository/ADMIN/Edit Text/Bespoke/Buyer Pages/Purchase History/input_NO OF ITEM(S)_search-by-itm'

2020-03-20 14:24:17 - [TEST_STEP][PASSED] - sendKeys(findTestObject("ADMIN/Edit Text/Bespoke/Buyer Pages/Purchase History/input_ORDER TOTAL_search-by-qty"), "*"): Keys '*' sent to object: 'Object Repository/ADMIN/Edit Text/Bespoke/Buyer Pages/Purchase History/input_ORDER TOTAL_search-by-qty'

2020-03-20 14:24:17 - [MESSAGE][PASSED] - Keys '*' sent to object: 'Object Repository/ADMIN/Edit Text/Bespoke/Buyer Pages/Purchase History/input_ORDER TOTAL_search-by-qty'

2020-03-20 14:24:17 - [TEST_STEP][PASSED] - sendKeys(findTestObject("ADMIN/Edit Text/Bespoke/Buyer Pages/Purchase History/input_Delivery_search-by-dlrvy"), "*"): Keys '*' sent to object: 'Object Repository/ADMIN/Edit Text/Bespoke/Buyer Pages/Purchase History/input_Delivery_search-by-dlrvy'

2020-03-20 14:24:18 - [MESSAGE][PASSED] - Keys '*' sent to object: 'Object Repository/ADMIN/Edit Text/Bespoke/Buyer Pages/Purchase History/input_Delivery_search-by-dlrvy'

2020-03-20 14:24:18 - [TEST_STEP][PASSED] - sendKeys(findTestObject("ADMIN/Edit Text/Bespoke/Buyer Pages/Purchase History/input_Pick-up_search-by-dlrvy"), "*"): Keys '*' sent to object: 'Object Repository/ADMIN/Edit Text/Bespoke/Buyer Pages/Purchase History/input_Pick-up_search-by-dlrvy'

2020-03-20 14:24:18 - [MESSAGE][PASSED] - Keys '*' sent to object: 'Object Repository/ADMIN/Edit Text/Bespoke/Buyer Pages/Purchase History/input_Pick-up_search-by-dlrvy'

2020-03-20 14:24:18 - [TEST_STEP][PASSED] - sendKeys(findTestObject("ADMIN/Edit Text/Bespoke/Buyer Pages/Purchase History/input_Search by item name_search-by-txt"), "*"): Keys '*' sent to object: 'Object Repository/ADMIN/Edit Text/Bespoke/Buyer Pages/Purchase History/input_Search by item name_search-by-txt'

2020-03-20 14:24:18 - [MESSAGE][PASSED] - Keys '*' sent to object: 'Object Repository/ADMIN/Edit Text/Bespoke/Buyer Pages/Purchase History/input_Search by item name_search-by-txt'

2020-03-20 14:24:18 - [TEST_STEP][PASSED] - sendKeys(findTestObject("ADMIN/Edit Text/Bespoke/Buyer Pages/Purchase History/input_Sold By_sold-by"), "*"): Keys '*' sent to object: 'Object Repository/ADMIN/Edit Text/Bespoke/Buyer Pages/Purchase History/input_Sold By_sold-by'

2020-03-20 14:24:18 - [MESSAGE][PASSED] - Keys '*' sent to object: 'Object Repository/ADMIN/Edit Text/Bespoke/Buyer Pages/Purchase History/input_Sold By_sold-by'

2020-03-20 14:24:18 - [TEST_STEP][PASSED] - sendKeys(findTestObject("ADMIN/Edit Text/Bespoke/Buyer Pages/Purchase History/input_SUBMIT_btn_apply"), "*"): Keys '*' sent to object: 'Object Repository/ADMIN/Edit Text/Bespoke/Buyer Pages/Purchase History/input_SUBMIT_btn_apply'

2020-03-20 14:24:18 - [MESSAGE][PASSED] - Keys '*' sent to object: 'Object Repository/ADMIN/Edit Text/Bespoke/Buyer Pages/Purchase History/input_SUBMIT_btn_apply'

2020-03-20 14:24:18 - [TEST_STEP][PASSED] - click(findTestObject("ADMIN/Edit Text/Bespoke/Buyer Pages/Homepage/button_save"), CONTINUE_ON_FAILURE): Object: 'Object Repository/ADMIN/Edit Text/Bespoke/Buyer Pages/Homepage/button_save' is clicked on

2020-03-20 14:24:18 - [MESSAGE][PASSED] - Object: 'Object Repository/ADMIN/Edit Text/Bespoke/Buyer Pages/Homepage/button_save' is clicked on

2020-03-20 14:24:18 - [TEST_STEP][PASSED] - waitForElementVisible(findTestObject("ADMIN/Edit Text/Bespoke/Buyer Pages/Homepage/toaster_success"), 0): Object 'Object Repository/ADMIN/Edit Text/Bespoke/Buyer Pages/Homepage/toaster_success' is visible

2020-03-20 14:24:18 - [MESSAGE][WARNING] - Timeout '0' is invalid. Using default page load timeout: '30'

2020-03-20 14:24:19 - [MESSAGE][PASSED] - Object 'Object Repository/ADMIN/Edit Text/Bespoke/Buyer Pages/Homepage/toaster_success' is visible]]></system-out>
         <system-err><![CDATA[]]></system-err>
      </testcase>
      <testcase name="Test Cases/ADMIN/Language/Edit Text/Bespoke/Buyer Pages/Purchase History" time="4.089" classname="Test Cases/ADMIN/Language/Edit Text/Bespoke/Buyer Pages/Purchase History" status="PASSED">
         <system-out><![CDATA[2020-03-20 14:24:19 - [TEST_CASE][PASSED] - Test Cases/ADMIN/Language/Edit Text/Bespoke/Buyer Pages/Purchase History: Test Cases/ADMIN/Language/Edit Text/Bespoke/Buyer Pages/Purchase History

2020-03-20 14:24:19 - [TEST_STEP][PASSED] - waitForElementVisible(findTestObject("ADMIN/Edit Text/Bespoke/Buyer Navigation/dd_language"), 0): Object 'Object Repository/ADMIN/Edit Text/Bespoke/Buyer Navigation/dd_language' is visible

2020-03-20 14:24:19 - [MESSAGE][WARNING] - Timeout '0' is invalid. Using default page load timeout: '30'

2020-03-20 14:24:19 - [MESSAGE][PASSED] - Object 'Object Repository/ADMIN/Edit Text/Bespoke/Buyer Navigation/dd_language' is visible

2020-03-20 14:24:19 - [TEST_STEP][PASSED] - selectOptionByLabel(findTestObject("ADMIN/Edit Text/Bespoke/Buyer Navigation/dd_language"), varLanguage, false): All options with label 'Hebrew' are selected in object 'Object Repository/ADMIN/Edit Text/Bespoke/Buyer Navigation/dd_language' 

2020-03-20 14:24:20 - [MESSAGE][PASSED] - All options with label 'Hebrew' are selected in object 'Object Repository/ADMIN/Edit Text/Bespoke/Buyer Navigation/dd_language' 

2020-03-20 14:24:20 - [TEST_STEP][PASSED] - sendKeys(findTestObject("ADMIN/Edit Text/Bespoke/Buyer Pages/Purchase History/input_PURCHASE HISTORY_item_name"), "*"): Keys '*' sent to object: 'Object Repository/ADMIN/Edit Text/Bespoke/Buyer Pages/Purchase History/input_PURCHASE HISTORY_item_name'

2020-03-20 14:24:20 - [MESSAGE][PASSED] - Keys '*' sent to object: 'Object Repository/ADMIN/Edit Text/Bespoke/Buyer Pages/Purchase History/input_PURCHASE HISTORY_item_name'

2020-03-20 14:24:20 - [TEST_STEP][PASSED] - sendKeys(findTestObject("ADMIN/Edit Text/Bespoke/Buyer Pages/Purchase History/input_Manage all"), "*"): Keys '*' sent to object: 'Object Repository/ADMIN/Edit Text/Bespoke/Buyer Pages/Purchase History/input_Manage all'

2020-03-20 14:24:21 - [MESSAGE][PASSED] - Keys '*' sent to object: 'Object Repository/ADMIN/Edit Text/Bespoke/Buyer Pages/Purchase History/input_Manage all'

2020-03-20 14:24:21 - [TEST_STEP][PASSED] - sendKeys(findTestObject("ADMIN/Edit Text/Bespoke/Buyer Pages/Purchase History/input_Search by Invoice ID_search-by-txt"), "*"): Keys '*' sent to object: 'Object Repository/ADMIN/Edit Text/Bespoke/Buyer Pages/Purchase History/input_Search by Invoice ID_search-by-txt'

2020-03-20 14:24:21 - [MESSAGE][PASSED] - Keys '*' sent to object: 'Object Repository/ADMIN/Edit Text/Bespoke/Buyer Pages/Purchase History/input_Search by Invoice ID_search-by-txt'

2020-03-20 14:24:21 - [TEST_STEP][PASSED] - sendKeys(findTestObject("ADMIN/Edit Text/Bespoke/Buyer Pages/Purchase History/input_INVOICE NO_search-by-invid"), "*"): Keys '*' sent to object: 'Object Repository/ADMIN/Edit Text/Bespoke/Buyer Pages/Purchase History/input_INVOICE NO_search-by-invid'

2020-03-20 14:24:21 - [MESSAGE][PASSED] - Keys '*' sent to object: 'Object Repository/ADMIN/Edit Text/Bespoke/Buyer Pages/Purchase History/input_INVOICE NO_search-by-invid'

2020-03-20 14:24:21 - [TEST_STEP][PASSED] - sendKeys(findTestObject("ADMIN/Edit Text/Bespoke/Buyer Pages/Purchase History/input_TIMESTAMP_search-by-tmstmp"), "*"): Keys '*' sent to object: 'Object Repository/ADMIN/Edit Text/Bespoke/Buyer Pages/Purchase History/input_TIMESTAMP_search-by-tmstmp'

2020-03-20 14:24:21 - [MESSAGE][PASSED] - Keys '*' sent to object: 'Object Repository/ADMIN/Edit Text/Bespoke/Buyer Pages/Purchase History/input_TIMESTAMP_search-by-tmstmp'

2020-03-20 14:24:21 - [TEST_STEP][PASSED] - sendKeys(findTestObject("ADMIN/Edit Text/Bespoke/Buyer Pages/Purchase History/input_NO OF ITEM(S)_search-by-itm"), "*"): Keys '*' sent to object: 'Object Repository/ADMIN/Edit Text/Bespoke/Buyer Pages/Purchase History/input_NO OF ITEM(S)_search-by-itm'

2020-03-20 14:24:21 - [MESSAGE][PASSED] - Keys '*' sent to object: 'Object Repository/ADMIN/Edit Text/Bespoke/Buyer Pages/Purchase History/input_NO OF ITEM(S)_search-by-itm'

2020-03-20 14:24:21 - [TEST_STEP][PASSED] - sendKeys(findTestObject("ADMIN/Edit Text/Bespoke/Buyer Pages/Purchase History/input_ORDER TOTAL_search-by-qty"), "*"): Keys '*' sent to object: 'Object Repository/ADMIN/Edit Text/Bespoke/Buyer Pages/Purchase History/input_ORDER TOTAL_search-by-qty'

2020-03-20 14:24:21 - [MESSAGE][PASSED] - Keys '*' sent to object: 'Object Repository/ADMIN/Edit Text/Bespoke/Buyer Pages/Purchase History/input_ORDER TOTAL_search-by-qty'

2020-03-20 14:24:21 - [TEST_STEP][PASSED] - sendKeys(findTestObject("ADMIN/Edit Text/Bespoke/Buyer Pages/Purchase History/input_Delivery_search-by-dlrvy"), "*"): Keys '*' sent to object: 'Object Repository/ADMIN/Edit Text/Bespoke/Buyer Pages/Purchase History/input_Delivery_search-by-dlrvy'

2020-03-20 14:24:21 - [MESSAGE][PASSED] - Keys '*' sent to object: 'Object Repository/ADMIN/Edit Text/Bespoke/Buyer Pages/Purchase History/input_Delivery_search-by-dlrvy'

2020-03-20 14:24:21 - [TEST_STEP][PASSED] - sendKeys(findTestObject("ADMIN/Edit Text/Bespoke/Buyer Pages/Purchase History/input_Pick-up_search-by-dlrvy"), "*"): Keys '*' sent to object: 'Object Repository/ADMIN/Edit Text/Bespoke/Buyer Pages/Purchase History/input_Pick-up_search-by-dlrvy'

2020-03-20 14:24:22 - [MESSAGE][PASSED] - Keys '*' sent to object: 'Object Repository/ADMIN/Edit Text/Bespoke/Buyer Pages/Purchase History/input_Pick-up_search-by-dlrvy'

2020-03-20 14:24:22 - [TEST_STEP][PASSED] - sendKeys(findTestObject("ADMIN/Edit Text/Bespoke/Buyer Pages/Purchase History/input_Search by item name_search-by-txt"), "*"): Keys '*' sent to object: 'Object Repository/ADMIN/Edit Text/Bespoke/Buyer Pages/Purchase History/input_Search by item name_search-by-txt'

2020-03-20 14:24:22 - [MESSAGE][PASSED] - Keys '*' sent to object: 'Object Repository/ADMIN/Edit Text/Bespoke/Buyer Pages/Purchase History/input_Search by item name_search-by-txt'

2020-03-20 14:24:22 - [TEST_STEP][PASSED] - sendKeys(findTestObject("ADMIN/Edit Text/Bespoke/Buyer Pages/Purchase History/input_Sold By_sold-by"), "*"): Keys '*' sent to object: 'Object Repository/ADMIN/Edit Text/Bespoke/Buyer Pages/Purchase History/input_Sold By_sold-by'

2020-03-20 14:24:22 - [MESSAGE][PASSED] - Keys '*' sent to object: 'Object Repository/ADMIN/Edit Text/Bespoke/Buyer Pages/Purchase History/input_Sold By_sold-by'

2020-03-20 14:24:22 - [TEST_STEP][PASSED] - sendKeys(findTestObject("ADMIN/Edit Text/Bespoke/Buyer Pages/Purchase History/input_SUBMIT_btn_apply"), "*"): Keys '*' sent to object: 'Object Repository/ADMIN/Edit Text/Bespoke/Buyer Pages/Purchase History/input_SUBMIT_btn_apply'

2020-03-20 14:24:22 - [MESSAGE][PASSED] - Keys '*' sent to object: 'Object Repository/ADMIN/Edit Text/Bespoke/Buyer Pages/Purchase History/input_SUBMIT_btn_apply'

2020-03-20 14:24:22 - [TEST_STEP][PASSED] - click(findTestObject("ADMIN/Edit Text/Bespoke/Buyer Pages/Homepage/button_save"), CONTINUE_ON_FAILURE): Object: 'Object Repository/ADMIN/Edit Text/Bespoke/Buyer Pages/Homepage/button_save' is clicked on

2020-03-20 14:24:22 - [MESSAGE][PASSED] - Object: 'Object Repository/ADMIN/Edit Text/Bespoke/Buyer Pages/Homepage/button_save' is clicked on

2020-03-20 14:24:22 - [TEST_STEP][PASSED] - waitForElementVisible(findTestObject("ADMIN/Edit Text/Bespoke/Buyer Pages/Homepage/toaster_success"), 0): Object 'Object Repository/ADMIN/Edit Text/Bespoke/Buyer Pages/Homepage/toaster_success' is visible

2020-03-20 14:24:22 - [MESSAGE][WARNING] - Timeout '0' is invalid. Using default page load timeout: '30'

2020-03-20 14:24:23 - [MESSAGE][PASSED] - Object 'Object Repository/ADMIN/Edit Text/Bespoke/Buyer Pages/Homepage/toaster_success' is visible]]></system-out>
         <system-err><![CDATA[]]></system-err>
      </testcase>
      <testcase name="Test Cases/ADMIN/Language/Edit Text/Bespoke/Buyer Pages/Purchase History" time="5.967" classname="Test Cases/ADMIN/Language/Edit Text/Bespoke/Buyer Pages/Purchase History" status="PASSED">
         <system-out><![CDATA[2020-03-20 14:24:23 - [TEST_CASE][PASSED] - Test Cases/ADMIN/Language/Edit Text/Bespoke/Buyer Pages/Purchase History: Test Cases/ADMIN/Language/Edit Text/Bespoke/Buyer Pages/Purchase History

2020-03-20 14:24:23 - [TEST_STEP][PASSED] - waitForElementVisible(findTestObject("ADMIN/Edit Text/Bespoke/Buyer Navigation/dd_language"), 0): Object 'Object Repository/ADMIN/Edit Text/Bespoke/Buyer Navigation/dd_language' is visible

2020-03-20 14:24:23 - [MESSAGE][WARNING] - Timeout '0' is invalid. Using default page load timeout: '30'

2020-03-20 14:24:23 - [MESSAGE][PASSED] - Object 'Object Repository/ADMIN/Edit Text/Bespoke/Buyer Navigation/dd_language' is visible

2020-03-20 14:24:23 - [TEST_STEP][PASSED] - selectOptionByLabel(findTestObject("ADMIN/Edit Text/Bespoke/Buyer Navigation/dd_language"), varLanguage, false): All options with label 'English' are selected in object 'Object Repository/ADMIN/Edit Text/Bespoke/Buyer Navigation/dd_language' 

2020-03-20 14:24:24 - [MESSAGE][PASSED] - All options with label 'English' are selected in object 'Object Repository/ADMIN/Edit Text/Bespoke/Buyer Navigation/dd_language' 

2020-03-20 14:24:24 - [TEST_STEP][PASSED] - sendKeys(findTestObject("ADMIN/Edit Text/Bespoke/Buyer Pages/Purchase History/input_PURCHASE HISTORY_item_name"), "*"): Keys '*' sent to object: 'Object Repository/ADMIN/Edit Text/Bespoke/Buyer Pages/Purchase History/input_PURCHASE HISTORY_item_name'

2020-03-20 14:24:25 - [MESSAGE][PASSED] - Keys '*' sent to object: 'Object Repository/ADMIN/Edit Text/Bespoke/Buyer Pages/Purchase History/input_PURCHASE HISTORY_item_name'

2020-03-20 14:24:25 - [TEST_STEP][PASSED] - sendKeys(findTestObject("ADMIN/Edit Text/Bespoke/Buyer Pages/Purchase History/input_Manage all"), "*"): Keys '*' sent to object: 'Object Repository/ADMIN/Edit Text/Bespoke/Buyer Pages/Purchase History/input_Manage all'

2020-03-20 14:24:25 - [MESSAGE][PASSED] - Keys '*' sent to object: 'Object Repository/ADMIN/Edit Text/Bespoke/Buyer Pages/Purchase History/input_Manage all'

2020-03-20 14:24:25 - [TEST_STEP][PASSED] - sendKeys(findTestObject("ADMIN/Edit Text/Bespoke/Buyer Pages/Purchase History/input_Search by Invoice ID_search-by-txt"), "*"): Keys '*' sent to object: 'Object Repository/ADMIN/Edit Text/Bespoke/Buyer Pages/Purchase History/input_Search by Invoice ID_search-by-txt'

2020-03-20 14:24:26 - [MESSAGE][PASSED] - Keys '*' sent to object: 'Object Repository/ADMIN/Edit Text/Bespoke/Buyer Pages/Purchase History/input_Search by Invoice ID_search-by-txt'

2020-03-20 14:24:26 - [TEST_STEP][PASSED] - sendKeys(findTestObject("ADMIN/Edit Text/Bespoke/Buyer Pages/Purchase History/input_INVOICE NO_search-by-invid"), "*"): Keys '*' sent to object: 'Object Repository/ADMIN/Edit Text/Bespoke/Buyer Pages/Purchase History/input_INVOICE NO_search-by-invid'

2020-03-20 14:24:26 - [MESSAGE][PASSED] - Keys '*' sent to object: 'Object Repository/ADMIN/Edit Text/Bespoke/Buyer Pages/Purchase History/input_INVOICE NO_search-by-invid'

2020-03-20 14:24:26 - [TEST_STEP][PASSED] - sendKeys(findTestObject("ADMIN/Edit Text/Bespoke/Buyer Pages/Purchase History/input_TIMESTAMP_search-by-tmstmp"), "*"): Keys '*' sent to object: 'Object Repository/ADMIN/Edit Text/Bespoke/Buyer Pages/Purchase History/input_TIMESTAMP_search-by-tmstmp'

2020-03-20 14:24:26 - [MESSAGE][PASSED] - Keys '*' sent to object: 'Object Repository/ADMIN/Edit Text/Bespoke/Buyer Pages/Purchase History/input_TIMESTAMP_search-by-tmstmp'

2020-03-20 14:24:26 - [TEST_STEP][PASSED] - sendKeys(findTestObject("ADMIN/Edit Text/Bespoke/Buyer Pages/Purchase History/input_NO OF ITEM(S)_search-by-itm"), "*"): Keys '*' sent to object: 'Object Repository/ADMIN/Edit Text/Bespoke/Buyer Pages/Purchase History/input_NO OF ITEM(S)_search-by-itm'

2020-03-20 14:24:26 - [MESSAGE][PASSED] - Keys '*' sent to object: 'Object Repository/ADMIN/Edit Text/Bespoke/Buyer Pages/Purchase History/input_NO OF ITEM(S)_search-by-itm'

2020-03-20 14:24:26 - [TEST_STEP][PASSED] - sendKeys(findTestObject("ADMIN/Edit Text/Bespoke/Buyer Pages/Purchase History/input_ORDER TOTAL_search-by-qty"), "*"): Keys '*' sent to object: 'Object Repository/ADMIN/Edit Text/Bespoke/Buyer Pages/Purchase History/input_ORDER TOTAL_search-by-qty'

2020-03-20 14:24:27 - [MESSAGE][PASSED] - Keys '*' sent to object: 'Object Repository/ADMIN/Edit Text/Bespoke/Buyer Pages/Purchase History/input_ORDER TOTAL_search-by-qty'

2020-03-20 14:24:27 - [TEST_STEP][PASSED] - sendKeys(findTestObject("ADMIN/Edit Text/Bespoke/Buyer Pages/Purchase History/input_Delivery_search-by-dlrvy"), "*"): Keys '*' sent to object: 'Object Repository/ADMIN/Edit Text/Bespoke/Buyer Pages/Purchase History/input_Delivery_search-by-dlrvy'

2020-03-20 14:24:27 - [MESSAGE][PASSED] - Keys '*' sent to object: 'Object Repository/ADMIN/Edit Text/Bespoke/Buyer Pages/Purchase History/input_Delivery_search-by-dlrvy'

2020-03-20 14:24:27 - [TEST_STEP][PASSED] - sendKeys(findTestObject("ADMIN/Edit Text/Bespoke/Buyer Pages/Purchase History/input_Pick-up_search-by-dlrvy"), "*"): Keys '*' sent to object: 'Object Repository/ADMIN/Edit Text/Bespoke/Buyer Pages/Purchase History/input_Pick-up_search-by-dlrvy'

2020-03-20 14:24:27 - [MESSAGE][PASSED] - Keys '*' sent to object: 'Object Repository/ADMIN/Edit Text/Bespoke/Buyer Pages/Purchase History/input_Pick-up_search-by-dlrvy'

2020-03-20 14:24:27 - [TEST_STEP][PASSED] - sendKeys(findTestObject("ADMIN/Edit Text/Bespoke/Buyer Pages/Purchase History/input_Search by item name_search-by-txt"), "*"): Keys '*' sent to object: 'Object Repository/ADMIN/Edit Text/Bespoke/Buyer Pages/Purchase History/input_Search by item name_search-by-txt'

2020-03-20 14:24:27 - [MESSAGE][PASSED] - Keys '*' sent to object: 'Object Repository/ADMIN/Edit Text/Bespoke/Buyer Pages/Purchase History/input_Search by item name_search-by-txt'

2020-03-20 14:24:27 - [TEST_STEP][PASSED] - sendKeys(findTestObject("ADMIN/Edit Text/Bespoke/Buyer Pages/Purchase History/input_Sold By_sold-by"), "*"): Keys '*' sent to object: 'Object Repository/ADMIN/Edit Text/Bespoke/Buyer Pages/Purchase History/input_Sold By_sold-by'

2020-03-20 14:24:28 - [MESSAGE][PASSED] - Keys '*' sent to object: 'Object Repository/ADMIN/Edit Text/Bespoke/Buyer Pages/Purchase History/input_Sold By_sold-by'

2020-03-20 14:24:28 - [TEST_STEP][PASSED] - sendKeys(findTestObject("ADMIN/Edit Text/Bespoke/Buyer Pages/Purchase History/input_SUBMIT_btn_apply"), "*"): Keys '*' sent to object: 'Object Repository/ADMIN/Edit Text/Bespoke/Buyer Pages/Purchase History/input_SUBMIT_btn_apply'

2020-03-20 14:24:28 - [MESSAGE][PASSED] - Keys '*' sent to object: 'Object Repository/ADMIN/Edit Text/Bespoke/Buyer Pages/Purchase History/input_SUBMIT_btn_apply'

2020-03-20 14:24:28 - [TEST_STEP][PASSED] - click(findTestObject("ADMIN/Edit Text/Bespoke/Buyer Pages/Homepage/button_save"), CONTINUE_ON_FAILURE): Object: 'Object Repository/ADMIN/Edit Text/Bespoke/Buyer Pages/Homepage/button_save' is clicked on

2020-03-20 14:24:28 - [MESSAGE][PASSED] - Object: 'Object Repository/ADMIN/Edit Text/Bespoke/Buyer Pages/Homepage/button_save' is clicked on

2020-03-20 14:24:28 - [TEST_STEP][PASSED] - waitForElementVisible(findTestObject("ADMIN/Edit Text/Bespoke/Buyer Pages/Homepage/toaster_success"), 0): Object 'Object Repository/ADMIN/Edit Text/Bespoke/Buyer Pages/Homepage/toaster_success' is visible

2020-03-20 14:24:28 - [MESSAGE][WARNING] - Timeout '0' is invalid. Using default page load timeout: '30'

2020-03-20 14:24:29 - [MESSAGE][PASSED] - Object 'Object Repository/ADMIN/Edit Text/Bespoke/Buyer Pages/Homepage/toaster_success' is visible]]></system-out>
         <system-err><![CDATA[]]></system-err>
      </testcase>
      <testcase name="Test Cases/ADMIN/Language/Edit Text/Bespoke/Buyer Pages/Purchase Details Navigation" time="5.117" classname="Test Cases/ADMIN/Language/Edit Text/Bespoke/Buyer Pages/Purchase Details Navigation" status="PASSED">
         <system-out><![CDATA[2020-03-20 14:24:29 - [TEST_CASE][PASSED] - Test Cases/ADMIN/Language/Edit Text/Bespoke/Buyer Pages/Purchase Details Navigation: Test Cases/ADMIN/Language/Edit Text/Bespoke/Buyer Pages/Purchase Details Navigation

2020-03-20 14:24:29 - [TEST_STEP][PASSED] - waitForElementVisible(findTestObject("ADMIN/Language/sidemenu_Language"), 0): Object 'Object Repository/ADMIN/Language/sidemenu_Language' is visible

2020-03-20 14:24:29 - [MESSAGE][WARNING] - Timeout '0' is invalid. Using default page load timeout: '30'

2020-03-20 14:24:30 - [MESSAGE][PASSED] - Object 'Object Repository/ADMIN/Language/sidemenu_Language' is visible

2020-03-20 14:24:30 - [TEST_STEP][PASSED] - click(findTestObject("ADMIN/Language/sidemenu_Language"), CONTINUE_ON_FAILURE): Object: 'Object Repository/ADMIN/Language/sidemenu_Language' is clicked on

2020-03-20 14:24:30 - [MESSAGE][PASSED] - Object: 'Object Repository/ADMIN/Language/sidemenu_Language' is clicked on

2020-03-20 14:24:30 - [TEST_STEP][PASSED] - waitForElementVisible(findTestObject("ADMIN/Language/sidemenu_Edit Text"), 0): Object 'Object Repository/ADMIN/Language/sidemenu_Edit Text' is visible

2020-03-20 14:24:30 - [MESSAGE][WARNING] - Timeout '0' is invalid. Using default page load timeout: '30'

2020-03-20 14:24:30 - [MESSAGE][PASSED] - Object 'Object Repository/ADMIN/Language/sidemenu_Edit Text' is visible

2020-03-20 14:24:30 - [TEST_STEP][PASSED] - click(findTestObject("ADMIN/Language/sidemenu_Edit Text"), CONTINUE_ON_FAILURE): Object: 'Object Repository/ADMIN/Language/sidemenu_Edit Text' is clicked on

2020-03-20 14:24:31 - [MESSAGE][PASSED] - Object: 'Object Repository/ADMIN/Language/sidemenu_Edit Text' is clicked on

2020-03-20 14:24:31 - [TEST_STEP][PASSED] - waitForElementVisible(findTestObject("ADMIN/Edit Text/Bespoke/Buyer Navigation/icon_dd"), 0): Object 'Object Repository/ADMIN/Edit Text/Bespoke/Buyer Navigation/icon_dd' is visible

2020-03-20 14:24:31 - [MESSAGE][WARNING] - Timeout '0' is invalid. Using default page load timeout: '30'

2020-03-20 14:24:31 - [MESSAGE][PASSED] - Object 'Object Repository/ADMIN/Edit Text/Bespoke/Buyer Navigation/icon_dd' is visible

2020-03-20 14:24:31 - [TEST_STEP][PASSED] - click(findTestObject("ADMIN/Edit Text/Bespoke/Buyer Navigation/icon_dd"), CONTINUE_ON_FAILURE): Object: 'Object Repository/ADMIN/Edit Text/Bespoke/Buyer Navigation/icon_dd' is clicked on

2020-03-20 14:24:32 - [MESSAGE][PASSED] - Object: 'Object Repository/ADMIN/Edit Text/Bespoke/Buyer Navigation/icon_dd' is clicked on

2020-03-20 14:24:32 - [TEST_STEP][PASSED] - waitForElementVisible(findTestObject("ADMIN/Edit Text/Bespoke/Buyer Navigation/textlink_Purchase History Details"), 0): Object 'Object Repository/ADMIN/Edit Text/Bespoke/Buyer Navigation/textlink_Purchase History Details' is visible

2020-03-20 14:24:32 - [MESSAGE][WARNING] - Timeout '0' is invalid. Using default page load timeout: '30'

2020-03-20 14:24:33 - [MESSAGE][PASSED] - Object 'Object Repository/ADMIN/Edit Text/Bespoke/Buyer Navigation/textlink_Purchase History Details' is visible

2020-03-20 14:24:33 - [TEST_STEP][PASSED] - click(findTestObject("ADMIN/Edit Text/Bespoke/Buyer Navigation/textlink_Purchase History Details"), CONTINUE_ON_FAILURE): Object: 'Object Repository/ADMIN/Edit Text/Bespoke/Buyer Navigation/textlink_Purchase History Details' is clicked on

2020-03-20 14:24:34 - [MESSAGE][PASSED] - Object: 'Object Repository/ADMIN/Edit Text/Bespoke/Buyer Navigation/textlink_Purchase History Details' is clicked on

2020-03-20 14:24:34 - [TEST_STEP][PASSED] - waitForElementVisible(findTestObject("ADMIN/Edit Text/Bespoke/Buyer Navigation/dd_language"), 0): Object 'Object Repository/ADMIN/Edit Text/Bespoke/Buyer Navigation/dd_language' is visible

2020-03-20 14:24:34 - [MESSAGE][WARNING] - Timeout '0' is invalid. Using default page load timeout: '30'

2020-03-20 14:24:34 - [MESSAGE][PASSED] - Object 'Object Repository/ADMIN/Edit Text/Bespoke/Buyer Navigation/dd_language' is visible]]></system-out>
         <system-err><![CDATA[]]></system-err>
      </testcase>
      <testcase name="Test Cases/ADMIN/Language/Edit Text/Bespoke/Buyer Pages/Purchase Details" time="10.372" classname="Test Cases/ADMIN/Language/Edit Text/Bespoke/Buyer Pages/Purchase Details" status="PASSED">
         <system-out><![CDATA[2020-03-20 14:24:34 - [TEST_CASE][PASSED] - Test Cases/ADMIN/Language/Edit Text/Bespoke/Buyer Pages/Purchase Details: Test Cases/ADMIN/Language/Edit Text/Bespoke/Buyer Pages/Purchase Details

2020-03-20 14:24:34 - [TEST_STEP][PASSED] - waitForElementVisible(findTestObject("ADMIN/Edit Text/Bespoke/Buyer Navigation/dd_language"), 0): Object 'Object Repository/ADMIN/Edit Text/Bespoke/Buyer Navigation/dd_language' is visible

2020-03-20 14:24:34 - [MESSAGE][WARNING] - Timeout '0' is invalid. Using default page load timeout: '30'

2020-03-20 14:24:35 - [MESSAGE][PASSED] - Object 'Object Repository/ADMIN/Edit Text/Bespoke/Buyer Navigation/dd_language' is visible

2020-03-20 14:24:35 - [TEST_STEP][PASSED] - selectOptionByLabel(findTestObject("ADMIN/Edit Text/Bespoke/Buyer Navigation/dd_language"), varLanguage, false): All options with label 'French' are selected in object 'Object Repository/ADMIN/Edit Text/Bespoke/Buyer Navigation/dd_language' 

2020-03-20 14:24:36 - [MESSAGE][PASSED] - All options with label 'French' are selected in object 'Object Repository/ADMIN/Edit Text/Bespoke/Buyer Navigation/dd_language' 

2020-03-20 14:24:36 - [TEST_STEP][PASSED] - sendKeys(findTestObject("ADMIN/Edit Text/Bespoke/Buyer Pages/Purchase Details/input_INVOICE ID_purchase-invoice-id"), "*"): Keys '*' sent to object: 'Object Repository/ADMIN/Edit Text/Bespoke/Buyer Pages/Purchase Details/input_INVOICE ID_purchase-invoice-id'

2020-03-20 14:24:36 - [MESSAGE][PASSED] - Keys '*' sent to object: 'Object Repository/ADMIN/Edit Text/Bespoke/Buyer Pages/Purchase Details/input_INVOICE ID_purchase-invoice-id'

2020-03-20 14:24:36 - [TEST_STEP][PASSED] - sendKeys(findTestObject("ADMIN/Edit Text/Bespoke/Buyer Pages/Purchase Details/input_TIMESTAMP_purchase-timestamp"), "*"): Keys '*' sent to object: 'Object Repository/ADMIN/Edit Text/Bespoke/Buyer Pages/Purchase Details/input_TIMESTAMP_purchase-timestamp'

2020-03-20 14:24:36 - [MESSAGE][PASSED] - Keys '*' sent to object: 'Object Repository/ADMIN/Edit Text/Bespoke/Buyer Pages/Purchase Details/input_TIMESTAMP_purchase-timestamp'

2020-03-20 14:24:36 - [TEST_STEP][PASSED] - sendKeys(findTestObject("ADMIN/Edit Text/Bespoke/Buyer Pages/Purchase Details/input_DELIVERY ADDRESS_purchase-delivery"), "*"): Keys '*' sent to object: 'Object Repository/ADMIN/Edit Text/Bespoke/Buyer Pages/Purchase Details/input_DELIVERY ADDRESS_purchase-delivery'

2020-03-20 14:24:36 - [MESSAGE][PASSED] - Keys '*' sent to object: 'Object Repository/ADMIN/Edit Text/Bespoke/Buyer Pages/Purchase Details/input_DELIVERY ADDRESS_purchase-delivery'

2020-03-20 14:24:36 - [TEST_STEP][PASSED] - sendKeys(findTestObject("ADMIN/Edit Text/Bespoke/Buyer Pages/Purchase Details/input_TRANSACTION TOTAL_purchase-transaction-total"), "*"): Keys '*' sent to object: 'Object Repository/ADMIN/Edit Text/Bespoke/Buyer Pages/Purchase Details/input_TRANSACTION TOTAL_purchase-transaction-total'

2020-03-20 14:24:37 - [MESSAGE][PASSED] - Keys '*' sent to object: 'Object Repository/ADMIN/Edit Text/Bespoke/Buyer Pages/Purchase Details/input_TRANSACTION TOTAL_purchase-transaction-total'

2020-03-20 14:24:37 - [TEST_STEP][PASSED] - sendKeys(findTestObject("ADMIN/Edit Text/Bespoke/Buyer Pages/Purchase Details/input_Subtotal_purchase-subtotal-txt"), "*"): Keys '*' sent to object: 'Object Repository/ADMIN/Edit Text/Bespoke/Buyer Pages/Purchase Details/input_Subtotal_purchase-subtotal-txt'

2020-03-20 14:24:37 - [MESSAGE][PASSED] - Keys '*' sent to object: 'Object Repository/ADMIN/Edit Text/Bespoke/Buyer Pages/Purchase Details/input_Subtotal_purchase-subtotal-txt'

2020-03-20 14:24:37 - [TEST_STEP][PASSED] - sendKeys(findTestObject("ADMIN/Edit Text/Bespoke/Buyer Pages/Purchase Details/input_PAYMENT METHOD_payment_method"), "*"): Keys '*' sent to object: 'Object Repository/ADMIN/Edit Text/Bespoke/Buyer Pages/Purchase Details/input_PAYMENT METHOD_payment_method'

2020-03-20 14:24:37 - [MESSAGE][PASSED] - Keys '*' sent to object: 'Object Repository/ADMIN/Edit Text/Bespoke/Buyer Pages/Purchase Details/input_PAYMENT METHOD_payment_method'

2020-03-20 14:24:37 - [TEST_STEP][PASSED] - sendKeys(findTestObject("ADMIN/Edit Text/Bespoke/Buyer Pages/Purchase Details/input_Delivery_purchase-delivery-txt"), "*"): Keys '*' sent to object: 'Object Repository/ADMIN/Edit Text/Bespoke/Buyer Pages/Purchase Details/input_Delivery_purchase-delivery-txt'

2020-03-20 14:24:37 - [MESSAGE][PASSED] - Keys '*' sent to object: 'Object Repository/ADMIN/Edit Text/Bespoke/Buyer Pages/Purchase Details/input_Delivery_purchase-delivery-txt'

2020-03-20 14:24:37 - [TEST_STEP][PASSED] - sendKeys(findTestObject("ADMIN/Edit Text/Bespoke/Buyer Pages/Purchase Details/input_PAYMENT STATUS_payment_status"), "*"): Keys '*' sent to object: 'Object Repository/ADMIN/Edit Text/Bespoke/Buyer Pages/Purchase Details/input_PAYMENT STATUS_payment_status'

2020-03-20 14:24:37 - [MESSAGE][PASSED] - Keys '*' sent to object: 'Object Repository/ADMIN/Edit Text/Bespoke/Buyer Pages/Purchase Details/input_PAYMENT STATUS_payment_status'

2020-03-20 14:24:37 - [TEST_STEP][PASSED] - sendKeys(findTestObject("ADMIN/Edit Text/Bespoke/Buyer Pages/Purchase Details/input_Bulk Delivery Discount_purchase-bulk-delivery-discount-txt"), "*"): Keys '*' sent to object: 'Object Repository/ADMIN/Edit Text/Bespoke/Buyer Pages/Purchase Details/input_Bulk Delivery Discount_purchase-bulk-delivery-discount-txt'

2020-03-20 14:24:38 - [MESSAGE][PASSED] - Keys '*' sent to object: 'Object Repository/ADMIN/Edit Text/Bespoke/Buyer Pages/Purchase Details/input_Bulk Delivery Discount_purchase-bulk-delivery-discount-txt'

2020-03-20 14:24:38 - [TEST_STEP][PASSED] - sendKeys(findTestObject("ADMIN/Edit Text/Bespoke/Buyer Pages/Purchase Details/input_ITEM_purchase-item-txt"), "*"): Keys '*' sent to object: 'Object Repository/ADMIN/Edit Text/Bespoke/Buyer Pages/Purchase Details/input_ITEM_purchase-item-txt'

2020-03-20 14:24:38 - [MESSAGE][PASSED] - Keys '*' sent to object: 'Object Repository/ADMIN/Edit Text/Bespoke/Buyer Pages/Purchase Details/input_ITEM_purchase-item-txt'

2020-03-20 14:24:38 - [TEST_STEP][PASSED] - sendKeys(findTestObject("ADMIN/Edit Text/Bespoke/Buyer Pages/Purchase Details/input_PRICE_purchase-price-txt"), "*"): Keys '*' sent to object: 'Object Repository/ADMIN/Edit Text/Bespoke/Buyer Pages/Purchase Details/input_PRICE_purchase-price-txt'

2020-03-20 14:24:38 - [MESSAGE][PASSED] - Keys '*' sent to object: 'Object Repository/ADMIN/Edit Text/Bespoke/Buyer Pages/Purchase Details/input_PRICE_purchase-price-txt'

2020-03-20 14:24:38 - [TEST_STEP][PASSED] - sendKeys(findTestObject("ADMIN/Edit Text/Bespoke/Buyer Pages/Purchase Details/input_QTY_purchase-qty-txt"), "*"): Keys '*' sent to object: 'Object Repository/ADMIN/Edit Text/Bespoke/Buyer Pages/Purchase Details/input_QTY_purchase-qty-txt'

2020-03-20 14:24:38 - [MESSAGE][PASSED] - Keys '*' sent to object: 'Object Repository/ADMIN/Edit Text/Bespoke/Buyer Pages/Purchase Details/input_QTY_purchase-qty-txt'

2020-03-20 14:24:38 - [TEST_STEP][PASSED] - sendKeys(findTestObject("ADMIN/Edit Text/Bespoke/Buyer Pages/Purchase Details/input_DELIVERY_purchase-delivery-txt (1)"), "*"): Keys '*' sent to object: 'Object Repository/ADMIN/Edit Text/Bespoke/Buyer Pages/Purchase Details/input_DELIVERY_purchase-delivery-txt (1)'

2020-03-20 14:24:38 - [MESSAGE][PASSED] - Keys '*' sent to object: 'Object Repository/ADMIN/Edit Text/Bespoke/Buyer Pages/Purchase Details/input_DELIVERY_purchase-delivery-txt (1)'

2020-03-20 14:24:38 - [TEST_STEP][PASSED] - sendKeys(findTestObject("ADMIN/Edit Text/Bespoke/Buyer Pages/Purchase Details/input_ORDER STATUS_purchase-orderstatus-txt"), "*"): Keys '*' sent to object: 'Object Repository/ADMIN/Edit Text/Bespoke/Buyer Pages/Purchase Details/input_ORDER STATUS_purchase-orderstatus-txt'

2020-03-20 14:24:39 - [MESSAGE][PASSED] - Keys '*' sent to object: 'Object Repository/ADMIN/Edit Text/Bespoke/Buyer Pages/Purchase Details/input_ORDER STATUS_purchase-orderstatus-txt'

2020-03-20 14:24:39 - [TEST_STEP][PASSED] - sendKeys(findTestObject("ADMIN/Edit Text/Bespoke/Buyer Pages/Purchase Details/input_REVIEWS_purchase-review-txt"), "*"): Keys '*' sent to object: 'Object Repository/ADMIN/Edit Text/Bespoke/Buyer Pages/Purchase Details/input_REVIEWS_purchase-review-txt'

2020-03-20 14:24:39 - [MESSAGE][PASSED] - Keys '*' sent to object: 'Object Repository/ADMIN/Edit Text/Bespoke/Buyer Pages/Purchase Details/input_REVIEWS_purchase-review-txt'

2020-03-20 14:24:39 - [TEST_STEP][PASSED] - sendKeys(findTestObject("ADMIN/Edit Text/Bespoke/Buyer Pages/Purchase Details/input_Sold By_sold-by"), "*"): Keys '*' sent to object: 'Object Repository/ADMIN/Edit Text/Bespoke/Buyer Pages/Purchase Details/input_Sold By_sold-by'

2020-03-20 14:24:39 - [MESSAGE][PASSED] - Keys '*' sent to object: 'Object Repository/ADMIN/Edit Text/Bespoke/Buyer Pages/Purchase Details/input_Sold By_sold-by'

2020-03-20 14:24:39 - [TEST_STEP][PASSED] - sendKeys(findTestObject("ADMIN/Edit Text/Bespoke/Buyer Pages/Purchase Details/input_Contact_Contact"), "*"): Keys '*' sent to object: 'Object Repository/ADMIN/Edit Text/Bespoke/Buyer Pages/Purchase Details/input_Contact_Contact'

2020-03-20 14:24:40 - [MESSAGE][PASSED] - Keys '*' sent to object: 'Object Repository/ADMIN/Edit Text/Bespoke/Buyer Pages/Purchase Details/input_Contact_Contact'

2020-03-20 14:24:40 - [TEST_STEP][PASSED] - sendKeys(findTestObject("ADMIN/Edit Text/Bespoke/Buyer Pages/Purchase Details/input_Delivery_Delivery"), "*"): Keys '*' sent to object: 'Object Repository/ADMIN/Edit Text/Bespoke/Buyer Pages/Purchase Details/input_Delivery_Delivery'

2020-03-20 14:24:40 - [MESSAGE][PASSED] - Keys '*' sent to object: 'Object Repository/ADMIN/Edit Text/Bespoke/Buyer Pages/Purchase Details/input_Delivery_Delivery'

2020-03-20 14:24:40 - [TEST_STEP][PASSED] - sendKeys(findTestObject("ADMIN/Edit Text/Bespoke/Buyer Pages/Purchase Details/input_Pickup_Pickup"), "*"): Keys '*' sent to object: 'Object Repository/ADMIN/Edit Text/Bespoke/Buyer Pages/Purchase Details/input_Pickup_Pickup'

2020-03-20 14:24:40 - [MESSAGE][PASSED] - Keys '*' sent to object: 'Object Repository/ADMIN/Edit Text/Bespoke/Buyer Pages/Purchase Details/input_Pickup_Pickup'

2020-03-20 14:24:40 - [TEST_STEP][PASSED] - sendKeys(findTestObject("ADMIN/Edit Text/Bespoke/Buyer Pages/Purchase Details/input_Leave a feedback_purchase-leave-feedback-txt"), "*"): Keys '*' sent to object: 'Object Repository/ADMIN/Edit Text/Bespoke/Buyer Pages/Purchase Details/input_Leave a feedback_purchase-leave-feedback-txt'

2020-03-20 14:24:40 - [MESSAGE][PASSED] - Keys '*' sent to object: 'Object Repository/ADMIN/Edit Text/Bespoke/Buyer Pages/Purchase Details/input_Leave a feedback_purchase-leave-feedback-txt'

2020-03-20 14:24:40 - [TEST_STEP][PASSED] - sendKeys(findTestObject("ADMIN/Edit Text/Bespoke/Buyer Pages/Purchase Details/input_Left feedback_purchase-left-feedback-txt"), "*"): Keys '*' sent to object: 'Object Repository/ADMIN/Edit Text/Bespoke/Buyer Pages/Purchase Details/input_Left feedback_purchase-left-feedback-txt'

2020-03-20 14:24:41 - [MESSAGE][PASSED] - Keys '*' sent to object: 'Object Repository/ADMIN/Edit Text/Bespoke/Buyer Pages/Purchase Details/input_Left feedback_purchase-left-feedback-txt'

2020-03-20 14:24:41 - [TEST_STEP][PASSED] - sendKeys(findTestObject("ADMIN/Edit Text/Bespoke/Buyer Pages/Purchase Details/input_BACK TO LIST_btn_back"), "*"): Keys '*' sent to object: 'Object Repository/ADMIN/Edit Text/Bespoke/Buyer Pages/Purchase Details/input_BACK TO LIST_btn_back'

2020-03-20 14:24:41 - [MESSAGE][PASSED] - Keys '*' sent to object: 'Object Repository/ADMIN/Edit Text/Bespoke/Buyer Pages/Purchase Details/input_BACK TO LIST_btn_back'

2020-03-20 14:24:41 - [TEST_STEP][PASSED] - sendKeys(findTestObject("ADMIN/Edit Text/Bespoke/Buyer Pages/Purchase Details/input_LEFT A FEEDBACK FOR_popup-title"), "*"): Keys '*' sent to object: 'Object Repository/ADMIN/Edit Text/Bespoke/Buyer Pages/Purchase Details/input_LEFT A FEEDBACK FOR_popup-title'

2020-03-20 14:24:41 - [MESSAGE][PASSED] - Keys '*' sent to object: 'Object Repository/ADMIN/Edit Text/Bespoke/Buyer Pages/Purchase Details/input_LEFT A FEEDBACK FOR_popup-title'

2020-03-20 14:24:41 - [TEST_STEP][PASSED] - sendKeys(findTestObject("ADMIN/Edit Text/Bespoke/Buyer Pages/Purchase Details/input_How much do you rate this item_popup-desc"), "*"): Keys '*' sent to object: 'Object Repository/ADMIN/Edit Text/Bespoke/Buyer Pages/Purchase Details/input_How much do you rate this item_popup-desc'

2020-03-20 14:24:41 - [MESSAGE][PASSED] - Keys '*' sent to object: 'Object Repository/ADMIN/Edit Text/Bespoke/Buyer Pages/Purchase Details/input_How much do you rate this item_popup-desc'

2020-03-20 14:24:41 - [TEST_STEP][PASSED] - sendKeys(findTestObject("ADMIN/Edit Text/Bespoke/Buyer Pages/Purchase Details/input_Leave a feedback_leave-feedback"), "*"): Keys '*' sent to object: 'Object Repository/ADMIN/Edit Text/Bespoke/Buyer Pages/Purchase Details/input_Leave a feedback_leave-feedback'

2020-03-20 14:24:42 - [MESSAGE][PASSED] - Keys '*' sent to object: 'Object Repository/ADMIN/Edit Text/Bespoke/Buyer Pages/Purchase Details/input_Leave a feedback_leave-feedback'

2020-03-20 14:24:42 - [TEST_STEP][PASSED] - sendKeys(findTestObject("ADMIN/Edit Text/Bespoke/Buyer Pages/Purchase Details/input_Excellent_excellent"), "*"): Keys '*' sent to object: 'Object Repository/ADMIN/Edit Text/Bespoke/Buyer Pages/Purchase Details/input_Excellent_excellent'

2020-03-20 14:24:42 - [MESSAGE][PASSED] - Keys '*' sent to object: 'Object Repository/ADMIN/Edit Text/Bespoke/Buyer Pages/Purchase Details/input_Excellent_excellent'

2020-03-20 14:24:42 - [TEST_STEP][PASSED] - sendKeys(findTestObject("ADMIN/Edit Text/Bespoke/Buyer Pages/Purchase Details/input_Great_great"), "*"): Keys '*' sent to object: 'Object Repository/ADMIN/Edit Text/Bespoke/Buyer Pages/Purchase Details/input_Great_great'

2020-03-20 14:24:42 - [MESSAGE][PASSED] - Keys '*' sent to object: 'Object Repository/ADMIN/Edit Text/Bespoke/Buyer Pages/Purchase Details/input_Great_great'

2020-03-20 14:24:42 - [TEST_STEP][PASSED] - sendKeys(findTestObject("ADMIN/Edit Text/Bespoke/Buyer Pages/Purchase Details/input_Good_good"), "*"): Keys '*' sent to object: 'Object Repository/ADMIN/Edit Text/Bespoke/Buyer Pages/Purchase Details/input_Good_good'

2020-03-20 14:24:43 - [MESSAGE][PASSED] - Keys '*' sent to object: 'Object Repository/ADMIN/Edit Text/Bespoke/Buyer Pages/Purchase Details/input_Good_good'

2020-03-20 14:24:43 - [TEST_STEP][PASSED] - sendKeys(findTestObject("ADMIN/Edit Text/Bespoke/Buyer Pages/Purchase Details/input_Okay_ok"), "*"): Keys '*' sent to object: 'Object Repository/ADMIN/Edit Text/Bespoke/Buyer Pages/Purchase Details/input_Okay_ok'

2020-03-20 14:24:43 - [MESSAGE][PASSED] - Keys '*' sent to object: 'Object Repository/ADMIN/Edit Text/Bespoke/Buyer Pages/Purchase Details/input_Okay_ok'

2020-03-20 14:24:43 - [TEST_STEP][PASSED] - sendKeys(findTestObject("ADMIN/Edit Text/Bespoke/Buyer Pages/Purchase Details/input_Unsatisfied_Unsatisfied"), "*"): Keys '*' sent to object: 'Object Repository/ADMIN/Edit Text/Bespoke/Buyer Pages/Purchase Details/input_Unsatisfied_Unsatisfied'

2020-03-20 14:24:43 - [MESSAGE][PASSED] - Keys '*' sent to object: 'Object Repository/ADMIN/Edit Text/Bespoke/Buyer Pages/Purchase Details/input_Unsatisfied_Unsatisfied'

2020-03-20 14:24:43 - [TEST_STEP][PASSED] - sendKeys(findTestObject("ADMIN/Edit Text/Bespoke/Buyer Pages/Purchase Details/input_SUBMIT_btn_okay"), "*"): Keys '*' sent to object: 'Object Repository/ADMIN/Edit Text/Bespoke/Buyer Pages/Purchase Details/input_SUBMIT_btn_okay'

2020-03-20 14:24:43 - [MESSAGE][PASSED] - Keys '*' sent to object: 'Object Repository/ADMIN/Edit Text/Bespoke/Buyer Pages/Purchase Details/input_SUBMIT_btn_okay'

2020-03-20 14:24:43 - [TEST_STEP][PASSED] - click(findTestObject("ADMIN/Edit Text/Bespoke/Buyer Pages/Homepage/button_save"), CONTINUE_ON_FAILURE): Object: 'Object Repository/ADMIN/Edit Text/Bespoke/Buyer Pages/Homepage/button_save' is clicked on

2020-03-20 14:24:44 - [MESSAGE][PASSED] - Object: 'Object Repository/ADMIN/Edit Text/Bespoke/Buyer Pages/Homepage/button_save' is clicked on

2020-03-20 14:24:44 - [TEST_STEP][PASSED] - waitForElementVisible(findTestObject("ADMIN/Edit Text/Bespoke/Buyer Pages/Homepage/toaster_success"), 0): Object 'Object Repository/ADMIN/Edit Text/Bespoke/Buyer Pages/Homepage/toaster_success' is visible

2020-03-20 14:24:44 - [MESSAGE][WARNING] - Timeout '0' is invalid. Using default page load timeout: '30'

2020-03-20 14:24:44 - [MESSAGE][PASSED] - Object 'Object Repository/ADMIN/Edit Text/Bespoke/Buyer Pages/Homepage/toaster_success' is visible]]></system-out>
         <system-err><![CDATA[]]></system-err>
      </testcase>
      <testcase name="Test Cases/ADMIN/Language/Edit Text/Bespoke/Buyer Pages/Purchase Details" time="10.408" classname="Test Cases/ADMIN/Language/Edit Text/Bespoke/Buyer Pages/Purchase Details" status="PASSED">
         <system-out><![CDATA[2020-03-20 14:24:44 - [TEST_CASE][PASSED] - Test Cases/ADMIN/Language/Edit Text/Bespoke/Buyer Pages/Purchase Details: Test Cases/ADMIN/Language/Edit Text/Bespoke/Buyer Pages/Purchase Details

2020-03-20 14:24:44 - [TEST_STEP][PASSED] - waitForElementVisible(findTestObject("ADMIN/Edit Text/Bespoke/Buyer Navigation/dd_language"), 0): Object 'Object Repository/ADMIN/Edit Text/Bespoke/Buyer Navigation/dd_language' is visible

2020-03-20 14:24:44 - [MESSAGE][WARNING] - Timeout '0' is invalid. Using default page load timeout: '30'

2020-03-20 14:24:45 - [MESSAGE][PASSED] - Object 'Object Repository/ADMIN/Edit Text/Bespoke/Buyer Navigation/dd_language' is visible

2020-03-20 14:24:45 - [TEST_STEP][PASSED] - selectOptionByLabel(findTestObject("ADMIN/Edit Text/Bespoke/Buyer Navigation/dd_language"), varLanguage, false): All options with label 'Spanish' are selected in object 'Object Repository/ADMIN/Edit Text/Bespoke/Buyer Navigation/dd_language' 

2020-03-20 14:24:46 - [MESSAGE][PASSED] - All options with label 'Spanish' are selected in object 'Object Repository/ADMIN/Edit Text/Bespoke/Buyer Navigation/dd_language' 

2020-03-20 14:24:46 - [TEST_STEP][PASSED] - sendKeys(findTestObject("ADMIN/Edit Text/Bespoke/Buyer Pages/Purchase Details/input_INVOICE ID_purchase-invoice-id"), "*"): Keys '*' sent to object: 'Object Repository/ADMIN/Edit Text/Bespoke/Buyer Pages/Purchase Details/input_INVOICE ID_purchase-invoice-id'

2020-03-20 14:24:46 - [MESSAGE][PASSED] - Keys '*' sent to object: 'Object Repository/ADMIN/Edit Text/Bespoke/Buyer Pages/Purchase Details/input_INVOICE ID_purchase-invoice-id'

2020-03-20 14:24:46 - [TEST_STEP][PASSED] - sendKeys(findTestObject("ADMIN/Edit Text/Bespoke/Buyer Pages/Purchase Details/input_TIMESTAMP_purchase-timestamp"), "*"): Keys '*' sent to object: 'Object Repository/ADMIN/Edit Text/Bespoke/Buyer Pages/Purchase Details/input_TIMESTAMP_purchase-timestamp'

2020-03-20 14:24:46 - [MESSAGE][PASSED] - Keys '*' sent to object: 'Object Repository/ADMIN/Edit Text/Bespoke/Buyer Pages/Purchase Details/input_TIMESTAMP_purchase-timestamp'

2020-03-20 14:24:46 - [TEST_STEP][PASSED] - sendKeys(findTestObject("ADMIN/Edit Text/Bespoke/Buyer Pages/Purchase Details/input_DELIVERY ADDRESS_purchase-delivery"), "*"): Keys '*' sent to object: 'Object Repository/ADMIN/Edit Text/Bespoke/Buyer Pages/Purchase Details/input_DELIVERY ADDRESS_purchase-delivery'

2020-03-20 14:24:47 - [MESSAGE][PASSED] - Keys '*' sent to object: 'Object Repository/ADMIN/Edit Text/Bespoke/Buyer Pages/Purchase Details/input_DELIVERY ADDRESS_purchase-delivery'

2020-03-20 14:24:47 - [TEST_STEP][PASSED] - sendKeys(findTestObject("ADMIN/Edit Text/Bespoke/Buyer Pages/Purchase Details/input_TRANSACTION TOTAL_purchase-transaction-total"), "*"): Keys '*' sent to object: 'Object Repository/ADMIN/Edit Text/Bespoke/Buyer Pages/Purchase Details/input_TRANSACTION TOTAL_purchase-transaction-total'

2020-03-20 14:24:47 - [MESSAGE][PASSED] - Keys '*' sent to object: 'Object Repository/ADMIN/Edit Text/Bespoke/Buyer Pages/Purchase Details/input_TRANSACTION TOTAL_purchase-transaction-total'

2020-03-20 14:24:47 - [TEST_STEP][PASSED] - sendKeys(findTestObject("ADMIN/Edit Text/Bespoke/Buyer Pages/Purchase Details/input_Subtotal_purchase-subtotal-txt"), "*"): Keys '*' sent to object: 'Object Repository/ADMIN/Edit Text/Bespoke/Buyer Pages/Purchase Details/input_Subtotal_purchase-subtotal-txt'

2020-03-20 14:24:47 - [MESSAGE][PASSED] - Keys '*' sent to object: 'Object Repository/ADMIN/Edit Text/Bespoke/Buyer Pages/Purchase Details/input_Subtotal_purchase-subtotal-txt'

2020-03-20 14:24:47 - [TEST_STEP][PASSED] - sendKeys(findTestObject("ADMIN/Edit Text/Bespoke/Buyer Pages/Purchase Details/input_PAYMENT METHOD_payment_method"), "*"): Keys '*' sent to object: 'Object Repository/ADMIN/Edit Text/Bespoke/Buyer Pages/Purchase Details/input_PAYMENT METHOD_payment_method'

2020-03-20 14:24:47 - [MESSAGE][PASSED] - Keys '*' sent to object: 'Object Repository/ADMIN/Edit Text/Bespoke/Buyer Pages/Purchase Details/input_PAYMENT METHOD_payment_method'

2020-03-20 14:24:47 - [TEST_STEP][PASSED] - sendKeys(findTestObject("ADMIN/Edit Text/Bespoke/Buyer Pages/Purchase Details/input_Delivery_purchase-delivery-txt"), "*"): Keys '*' sent to object: 'Object Repository/ADMIN/Edit Text/Bespoke/Buyer Pages/Purchase Details/input_Delivery_purchase-delivery-txt'

2020-03-20 14:24:47 - [MESSAGE][PASSED] - Keys '*' sent to object: 'Object Repository/ADMIN/Edit Text/Bespoke/Buyer Pages/Purchase Details/input_Delivery_purchase-delivery-txt'

2020-03-20 14:24:47 - [TEST_STEP][PASSED] - sendKeys(findTestObject("ADMIN/Edit Text/Bespoke/Buyer Pages/Purchase Details/input_PAYMENT STATUS_payment_status"), "*"): Keys '*' sent to object: 'Object Repository/ADMIN/Edit Text/Bespoke/Buyer Pages/Purchase Details/input_PAYMENT STATUS_payment_status'

2020-03-20 14:24:48 - [MESSAGE][PASSED] - Keys '*' sent to object: 'Object Repository/ADMIN/Edit Text/Bespoke/Buyer Pages/Purchase Details/input_PAYMENT STATUS_payment_status'

2020-03-20 14:24:48 - [TEST_STEP][PASSED] - sendKeys(findTestObject("ADMIN/Edit Text/Bespoke/Buyer Pages/Purchase Details/input_Bulk Delivery Discount_purchase-bulk-delivery-discount-txt"), "*"): Keys '*' sent to object: 'Object Repository/ADMIN/Edit Text/Bespoke/Buyer Pages/Purchase Details/input_Bulk Delivery Discount_purchase-bulk-delivery-discount-txt'

2020-03-20 14:24:48 - [MESSAGE][PASSED] - Keys '*' sent to object: 'Object Repository/ADMIN/Edit Text/Bespoke/Buyer Pages/Purchase Details/input_Bulk Delivery Discount_purchase-bulk-delivery-discount-txt'

2020-03-20 14:24:48 - [TEST_STEP][PASSED] - sendKeys(findTestObject("ADMIN/Edit Text/Bespoke/Buyer Pages/Purchase Details/input_ITEM_purchase-item-txt"), "*"): Keys '*' sent to object: 'Object Repository/ADMIN/Edit Text/Bespoke/Buyer Pages/Purchase Details/input_ITEM_purchase-item-txt'

2020-03-20 14:24:48 - [MESSAGE][PASSED] - Keys '*' sent to object: 'Object Repository/ADMIN/Edit Text/Bespoke/Buyer Pages/Purchase Details/input_ITEM_purchase-item-txt'

2020-03-20 14:24:48 - [TEST_STEP][PASSED] - sendKeys(findTestObject("ADMIN/Edit Text/Bespoke/Buyer Pages/Purchase Details/input_PRICE_purchase-price-txt"), "*"): Keys '*' sent to object: 'Object Repository/ADMIN/Edit Text/Bespoke/Buyer Pages/Purchase Details/input_PRICE_purchase-price-txt'

2020-03-20 14:24:49 - [MESSAGE][PASSED] - Keys '*' sent to object: 'Object Repository/ADMIN/Edit Text/Bespoke/Buyer Pages/Purchase Details/input_PRICE_purchase-price-txt'

2020-03-20 14:24:49 - [TEST_STEP][PASSED] - sendKeys(findTestObject("ADMIN/Edit Text/Bespoke/Buyer Pages/Purchase Details/input_QTY_purchase-qty-txt"), "*"): Keys '*' sent to object: 'Object Repository/ADMIN/Edit Text/Bespoke/Buyer Pages/Purchase Details/input_QTY_purchase-qty-txt'

2020-03-20 14:24:49 - [MESSAGE][PASSED] - Keys '*' sent to object: 'Object Repository/ADMIN/Edit Text/Bespoke/Buyer Pages/Purchase Details/input_QTY_purchase-qty-txt'

2020-03-20 14:24:49 - [TEST_STEP][PASSED] - sendKeys(findTestObject("ADMIN/Edit Text/Bespoke/Buyer Pages/Purchase Details/input_DELIVERY_purchase-delivery-txt (1)"), "*"): Keys '*' sent to object: 'Object Repository/ADMIN/Edit Text/Bespoke/Buyer Pages/Purchase Details/input_DELIVERY_purchase-delivery-txt (1)'

2020-03-20 14:24:49 - [MESSAGE][PASSED] - Keys '*' sent to object: 'Object Repository/ADMIN/Edit Text/Bespoke/Buyer Pages/Purchase Details/input_DELIVERY_purchase-delivery-txt (1)'

2020-03-20 14:24:49 - [TEST_STEP][PASSED] - sendKeys(findTestObject("ADMIN/Edit Text/Bespoke/Buyer Pages/Purchase Details/input_ORDER STATUS_purchase-orderstatus-txt"), "*"): Keys '*' sent to object: 'Object Repository/ADMIN/Edit Text/Bespoke/Buyer Pages/Purchase Details/input_ORDER STATUS_purchase-orderstatus-txt'

2020-03-20 14:24:49 - [MESSAGE][PASSED] - Keys '*' sent to object: 'Object Repository/ADMIN/Edit Text/Bespoke/Buyer Pages/Purchase Details/input_ORDER STATUS_purchase-orderstatus-txt'

2020-03-20 14:24:49 - [TEST_STEP][PASSED] - sendKeys(findTestObject("ADMIN/Edit Text/Bespoke/Buyer Pages/Purchase Details/input_REVIEWS_purchase-review-txt"), "*"): Keys '*' sent to object: 'Object Repository/ADMIN/Edit Text/Bespoke/Buyer Pages/Purchase Details/input_REVIEWS_purchase-review-txt'

2020-03-20 14:24:49 - [MESSAGE][PASSED] - Keys '*' sent to object: 'Object Repository/ADMIN/Edit Text/Bespoke/Buyer Pages/Purchase Details/input_REVIEWS_purchase-review-txt'

2020-03-20 14:24:49 - [TEST_STEP][PASSED] - sendKeys(findTestObject("ADMIN/Edit Text/Bespoke/Buyer Pages/Purchase Details/input_Sold By_sold-by"), "*"): Keys '*' sent to object: 'Object Repository/ADMIN/Edit Text/Bespoke/Buyer Pages/Purchase Details/input_Sold By_sold-by'

2020-03-20 14:24:50 - [MESSAGE][PASSED] - Keys '*' sent to object: 'Object Repository/ADMIN/Edit Text/Bespoke/Buyer Pages/Purchase Details/input_Sold By_sold-by'

2020-03-20 14:24:50 - [TEST_STEP][PASSED] - sendKeys(findTestObject("ADMIN/Edit Text/Bespoke/Buyer Pages/Purchase Details/input_Contact_Contact"), "*"): Keys '*' sent to object: 'Object Repository/ADMIN/Edit Text/Bespoke/Buyer Pages/Purchase Details/input_Contact_Contact'

2020-03-20 14:24:50 - [MESSAGE][PASSED] - Keys '*' sent to object: 'Object Repository/ADMIN/Edit Text/Bespoke/Buyer Pages/Purchase Details/input_Contact_Contact'

2020-03-20 14:24:50 - [TEST_STEP][PASSED] - sendKeys(findTestObject("ADMIN/Edit Text/Bespoke/Buyer Pages/Purchase Details/input_Delivery_Delivery"), "*"): Keys '*' sent to object: 'Object Repository/ADMIN/Edit Text/Bespoke/Buyer Pages/Purchase Details/input_Delivery_Delivery'

2020-03-20 14:24:51 - [MESSAGE][PASSED] - Keys '*' sent to object: 'Object Repository/ADMIN/Edit Text/Bespoke/Buyer Pages/Purchase Details/input_Delivery_Delivery'

2020-03-20 14:24:51 - [TEST_STEP][PASSED] - sendKeys(findTestObject("ADMIN/Edit Text/Bespoke/Buyer Pages/Purchase Details/input_Pickup_Pickup"), "*"): Keys '*' sent to object: 'Object Repository/ADMIN/Edit Text/Bespoke/Buyer Pages/Purchase Details/input_Pickup_Pickup'

2020-03-20 14:24:51 - [MESSAGE][PASSED] - Keys '*' sent to object: 'Object Repository/ADMIN/Edit Text/Bespoke/Buyer Pages/Purchase Details/input_Pickup_Pickup'

2020-03-20 14:24:51 - [TEST_STEP][PASSED] - sendKeys(findTestObject("ADMIN/Edit Text/Bespoke/Buyer Pages/Purchase Details/input_Leave a feedback_purchase-leave-feedback-txt"), "*"): Keys '*' sent to object: 'Object Repository/ADMIN/Edit Text/Bespoke/Buyer Pages/Purchase Details/input_Leave a feedback_purchase-leave-feedback-txt'

2020-03-20 14:24:51 - [MESSAGE][PASSED] - Keys '*' sent to object: 'Object Repository/ADMIN/Edit Text/Bespoke/Buyer Pages/Purchase Details/input_Leave a feedback_purchase-leave-feedback-txt'

2020-03-20 14:24:51 - [TEST_STEP][PASSED] - sendKeys(findTestObject("ADMIN/Edit Text/Bespoke/Buyer Pages/Purchase Details/input_Left feedback_purchase-left-feedback-txt"), "*"): Keys '*' sent to object: 'Object Repository/ADMIN/Edit Text/Bespoke/Buyer Pages/Purchase Details/input_Left feedback_purchase-left-feedback-txt'

2020-03-20 14:24:51 - [MESSAGE][PASSED] - Keys '*' sent to object: 'Object Repository/ADMIN/Edit Text/Bespoke/Buyer Pages/Purchase Details/input_Left feedback_purchase-left-feedback-txt'

2020-03-20 14:24:51 - [TEST_STEP][PASSED] - sendKeys(findTestObject("ADMIN/Edit Text/Bespoke/Buyer Pages/Purchase Details/input_BACK TO LIST_btn_back"), "*"): Keys '*' sent to object: 'Object Repository/ADMIN/Edit Text/Bespoke/Buyer Pages/Purchase Details/input_BACK TO LIST_btn_back'

2020-03-20 14:24:52 - [MESSAGE][PASSED] - Keys '*' sent to object: 'Object Repository/ADMIN/Edit Text/Bespoke/Buyer Pages/Purchase Details/input_BACK TO LIST_btn_back'

2020-03-20 14:24:52 - [TEST_STEP][PASSED] - sendKeys(findTestObject("ADMIN/Edit Text/Bespoke/Buyer Pages/Purchase Details/input_LEFT A FEEDBACK FOR_popup-title"), "*"): Keys '*' sent to object: 'Object Repository/ADMIN/Edit Text/Bespoke/Buyer Pages/Purchase Details/input_LEFT A FEEDBACK FOR_popup-title'

2020-03-20 14:24:52 - [MESSAGE][PASSED] - Keys '*' sent to object: 'Object Repository/ADMIN/Edit Text/Bespoke/Buyer Pages/Purchase Details/input_LEFT A FEEDBACK FOR_popup-title'

2020-03-20 14:24:52 - [TEST_STEP][PASSED] - sendKeys(findTestObject("ADMIN/Edit Text/Bespoke/Buyer Pages/Purchase Details/input_How much do you rate this item_popup-desc"), "*"): Keys '*' sent to object: 'Object Repository/ADMIN/Edit Text/Bespoke/Buyer Pages/Purchase Details/input_How much do you rate this item_popup-desc'

2020-03-20 14:24:52 - [MESSAGE][PASSED] - Keys '*' sent to object: 'Object Repository/ADMIN/Edit Text/Bespoke/Buyer Pages/Purchase Details/input_How much do you rate this item_popup-desc'

2020-03-20 14:24:52 - [TEST_STEP][PASSED] - sendKeys(findTestObject("ADMIN/Edit Text/Bespoke/Buyer Pages/Purchase Details/input_Leave a feedback_leave-feedback"), "*"): Keys '*' sent to object: 'Object Repository/ADMIN/Edit Text/Bespoke/Buyer Pages/Purchase Details/input_Leave a feedback_leave-feedback'

2020-03-20 14:24:52 - [MESSAGE][PASSED] - Keys '*' sent to object: 'Object Repository/ADMIN/Edit Text/Bespoke/Buyer Pages/Purchase Details/input_Leave a feedback_leave-feedback'

2020-03-20 14:24:52 - [TEST_STEP][PASSED] - sendKeys(findTestObject("ADMIN/Edit Text/Bespoke/Buyer Pages/Purchase Details/input_Excellent_excellent"), "*"): Keys '*' sent to object: 'Object Repository/ADMIN/Edit Text/Bespoke/Buyer Pages/Purchase Details/input_Excellent_excellent'

2020-03-20 14:24:53 - [MESSAGE][PASSED] - Keys '*' sent to object: 'Object Repository/ADMIN/Edit Text/Bespoke/Buyer Pages/Purchase Details/input_Excellent_excellent'

2020-03-20 14:24:53 - [TEST_STEP][PASSED] - sendKeys(findTestObject("ADMIN/Edit Text/Bespoke/Buyer Pages/Purchase Details/input_Great_great"), "*"): Keys '*' sent to object: 'Object Repository/ADMIN/Edit Text/Bespoke/Buyer Pages/Purchase Details/input_Great_great'

2020-03-20 14:24:53 - [MESSAGE][PASSED] - Keys '*' sent to object: 'Object Repository/ADMIN/Edit Text/Bespoke/Buyer Pages/Purchase Details/input_Great_great'

2020-03-20 14:24:53 - [TEST_STEP][PASSED] - sendKeys(findTestObject("ADMIN/Edit Text/Bespoke/Buyer Pages/Purchase Details/input_Good_good"), "*"): Keys '*' sent to object: 'Object Repository/ADMIN/Edit Text/Bespoke/Buyer Pages/Purchase Details/input_Good_good'

2020-03-20 14:24:53 - [MESSAGE][PASSED] - Keys '*' sent to object: 'Object Repository/ADMIN/Edit Text/Bespoke/Buyer Pages/Purchase Details/input_Good_good'

2020-03-20 14:24:53 - [TEST_STEP][PASSED] - sendKeys(findTestObject("ADMIN/Edit Text/Bespoke/Buyer Pages/Purchase Details/input_Okay_ok"), "*"): Keys '*' sent to object: 'Object Repository/ADMIN/Edit Text/Bespoke/Buyer Pages/Purchase Details/input_Okay_ok'

2020-03-20 14:24:53 - [MESSAGE][PASSED] - Keys '*' sent to object: 'Object Repository/ADMIN/Edit Text/Bespoke/Buyer Pages/Purchase Details/input_Okay_ok'

2020-03-20 14:24:53 - [TEST_STEP][PASSED] - sendKeys(findTestObject("ADMIN/Edit Text/Bespoke/Buyer Pages/Purchase Details/input_Unsatisfied_Unsatisfied"), "*"): Keys '*' sent to object: 'Object Repository/ADMIN/Edit Text/Bespoke/Buyer Pages/Purchase Details/input_Unsatisfied_Unsatisfied'

2020-03-20 14:24:54 - [MESSAGE][PASSED] - Keys '*' sent to object: 'Object Repository/ADMIN/Edit Text/Bespoke/Buyer Pages/Purchase Details/input_Unsatisfied_Unsatisfied'

2020-03-20 14:24:54 - [TEST_STEP][PASSED] - sendKeys(findTestObject("ADMIN/Edit Text/Bespoke/Buyer Pages/Purchase Details/input_SUBMIT_btn_okay"), "*"): Keys '*' sent to object: 'Object Repository/ADMIN/Edit Text/Bespoke/Buyer Pages/Purchase Details/input_SUBMIT_btn_okay'

2020-03-20 14:24:54 - [MESSAGE][PASSED] - Keys '*' sent to object: 'Object Repository/ADMIN/Edit Text/Bespoke/Buyer Pages/Purchase Details/input_SUBMIT_btn_okay'

2020-03-20 14:24:54 - [TEST_STEP][PASSED] - click(findTestObject("ADMIN/Edit Text/Bespoke/Buyer Pages/Homepage/button_save"), CONTINUE_ON_FAILURE): Object: 'Object Repository/ADMIN/Edit Text/Bespoke/Buyer Pages/Homepage/button_save' is clicked on

2020-03-20 14:24:54 - [MESSAGE][PASSED] - Object: 'Object Repository/ADMIN/Edit Text/Bespoke/Buyer Pages/Homepage/button_save' is clicked on

2020-03-20 14:24:54 - [TEST_STEP][PASSED] - waitForElementVisible(findTestObject("ADMIN/Edit Text/Bespoke/Buyer Pages/Homepage/toaster_success"), 0): Object 'Object Repository/ADMIN/Edit Text/Bespoke/Buyer Pages/Homepage/toaster_success' is visible

2020-03-20 14:24:54 - [MESSAGE][WARNING] - Timeout '0' is invalid. Using default page load timeout: '30'

2020-03-20 14:24:55 - [MESSAGE][PASSED] - Object 'Object Repository/ADMIN/Edit Text/Bespoke/Buyer Pages/Homepage/toaster_success' is visible]]></system-out>
         <system-err><![CDATA[]]></system-err>
      </testcase>
      <testcase name="Test Cases/ADMIN/Language/Edit Text/Bespoke/Buyer Pages/Purchase Details" time="9.894" classname="Test Cases/ADMIN/Language/Edit Text/Bespoke/Buyer Pages/Purchase Details" status="PASSED">
         <system-out><![CDATA[2020-03-20 14:24:55 - [TEST_CASE][PASSED] - Test Cases/ADMIN/Language/Edit Text/Bespoke/Buyer Pages/Purchase Details: Test Cases/ADMIN/Language/Edit Text/Bespoke/Buyer Pages/Purchase Details

2020-03-20 14:24:55 - [TEST_STEP][PASSED] - waitForElementVisible(findTestObject("ADMIN/Edit Text/Bespoke/Buyer Navigation/dd_language"), 0): Object 'Object Repository/ADMIN/Edit Text/Bespoke/Buyer Navigation/dd_language' is visible

2020-03-20 14:24:55 - [MESSAGE][WARNING] - Timeout '0' is invalid. Using default page load timeout: '30'

2020-03-20 14:24:55 - [MESSAGE][PASSED] - Object 'Object Repository/ADMIN/Edit Text/Bespoke/Buyer Navigation/dd_language' is visible

2020-03-20 14:24:55 - [TEST_STEP][PASSED] - selectOptionByLabel(findTestObject("ADMIN/Edit Text/Bespoke/Buyer Navigation/dd_language"), varLanguage, false): All options with label 'Hindi' are selected in object 'Object Repository/ADMIN/Edit Text/Bespoke/Buyer Navigation/dd_language' 

2020-03-20 14:24:56 - [MESSAGE][PASSED] - All options with label 'Hindi' are selected in object 'Object Repository/ADMIN/Edit Text/Bespoke/Buyer Navigation/dd_language' 

2020-03-20 14:24:56 - [TEST_STEP][PASSED] - sendKeys(findTestObject("ADMIN/Edit Text/Bespoke/Buyer Pages/Purchase Details/input_INVOICE ID_purchase-invoice-id"), "*"): Keys '*' sent to object: 'Object Repository/ADMIN/Edit Text/Bespoke/Buyer Pages/Purchase Details/input_INVOICE ID_purchase-invoice-id'

2020-03-20 14:24:57 - [MESSAGE][PASSED] - Keys '*' sent to object: 'Object Repository/ADMIN/Edit Text/Bespoke/Buyer Pages/Purchase Details/input_INVOICE ID_purchase-invoice-id'

2020-03-20 14:24:57 - [TEST_STEP][PASSED] - sendKeys(findTestObject("ADMIN/Edit Text/Bespoke/Buyer Pages/Purchase Details/input_TIMESTAMP_purchase-timestamp"), "*"): Keys '*' sent to object: 'Object Repository/ADMIN/Edit Text/Bespoke/Buyer Pages/Purchase Details/input_TIMESTAMP_purchase-timestamp'

2020-03-20 14:24:57 - [MESSAGE][PASSED] - Keys '*' sent to object: 'Object Repository/ADMIN/Edit Text/Bespoke/Buyer Pages/Purchase Details/input_TIMESTAMP_purchase-timestamp'

2020-03-20 14:24:57 - [TEST_STEP][PASSED] - sendKeys(findTestObject("ADMIN/Edit Text/Bespoke/Buyer Pages/Purchase Details/input_DELIVERY ADDRESS_purchase-delivery"), "*"): Keys '*' sent to object: 'Object Repository/ADMIN/Edit Text/Bespoke/Buyer Pages/Purchase Details/input_DELIVERY ADDRESS_purchase-delivery'

2020-03-20 14:24:58 - [MESSAGE][PASSED] - Keys '*' sent to object: 'Object Repository/ADMIN/Edit Text/Bespoke/Buyer Pages/Purchase Details/input_DELIVERY ADDRESS_purchase-delivery'

2020-03-20 14:24:58 - [TEST_STEP][PASSED] - sendKeys(findTestObject("ADMIN/Edit Text/Bespoke/Buyer Pages/Purchase Details/input_TRANSACTION TOTAL_purchase-transaction-total"), "*"): Keys '*' sent to object: 'Object Repository/ADMIN/Edit Text/Bespoke/Buyer Pages/Purchase Details/input_TRANSACTION TOTAL_purchase-transaction-total'

2020-03-20 14:24:58 - [MESSAGE][PASSED] - Keys '*' sent to object: 'Object Repository/ADMIN/Edit Text/Bespoke/Buyer Pages/Purchase Details/input_TRANSACTION TOTAL_purchase-transaction-total'

2020-03-20 14:24:58 - [TEST_STEP][PASSED] - sendKeys(findTestObject("ADMIN/Edit Text/Bespoke/Buyer Pages/Purchase Details/input_Subtotal_purchase-subtotal-txt"), "*"): Keys '*' sent to object: 'Object Repository/ADMIN/Edit Text/Bespoke/Buyer Pages/Purchase Details/input_Subtotal_purchase-subtotal-txt'

2020-03-20 14:24:58 - [MESSAGE][PASSED] - Keys '*' sent to object: 'Object Repository/ADMIN/Edit Text/Bespoke/Buyer Pages/Purchase Details/input_Subtotal_purchase-subtotal-txt'

2020-03-20 14:24:58 - [TEST_STEP][PASSED] - sendKeys(findTestObject("ADMIN/Edit Text/Bespoke/Buyer Pages/Purchase Details/input_PAYMENT METHOD_payment_method"), "*"): Keys '*' sent to object: 'Object Repository/ADMIN/Edit Text/Bespoke/Buyer Pages/Purchase Details/input_PAYMENT METHOD_payment_method'

2020-03-20 14:24:58 - [MESSAGE][PASSED] - Keys '*' sent to object: 'Object Repository/ADMIN/Edit Text/Bespoke/Buyer Pages/Purchase Details/input_PAYMENT METHOD_payment_method'

2020-03-20 14:24:58 - [TEST_STEP][PASSED] - sendKeys(findTestObject("ADMIN/Edit Text/Bespoke/Buyer Pages/Purchase Details/input_Delivery_purchase-delivery-txt"), "*"): Keys '*' sent to object: 'Object Repository/ADMIN/Edit Text/Bespoke/Buyer Pages/Purchase Details/input_Delivery_purchase-delivery-txt'

2020-03-20 14:24:58 - [MESSAGE][PASSED] - Keys '*' sent to object: 'Object Repository/ADMIN/Edit Text/Bespoke/Buyer Pages/Purchase Details/input_Delivery_purchase-delivery-txt'

2020-03-20 14:24:58 - [TEST_STEP][PASSED] - sendKeys(findTestObject("ADMIN/Edit Text/Bespoke/Buyer Pages/Purchase Details/input_PAYMENT STATUS_payment_status"), "*"): Keys '*' sent to object: 'Object Repository/ADMIN/Edit Text/Bespoke/Buyer Pages/Purchase Details/input_PAYMENT STATUS_payment_status'

2020-03-20 14:24:59 - [MESSAGE][PASSED] - Keys '*' sent to object: 'Object Repository/ADMIN/Edit Text/Bespoke/Buyer Pages/Purchase Details/input_PAYMENT STATUS_payment_status'

2020-03-20 14:24:59 - [TEST_STEP][PASSED] - sendKeys(findTestObject("ADMIN/Edit Text/Bespoke/Buyer Pages/Purchase Details/input_Bulk Delivery Discount_purchase-bulk-delivery-discount-txt"), "*"): Keys '*' sent to object: 'Object Repository/ADMIN/Edit Text/Bespoke/Buyer Pages/Purchase Details/input_Bulk Delivery Discount_purchase-bulk-delivery-discount-txt'

2020-03-20 14:24:59 - [MESSAGE][PASSED] - Keys '*' sent to object: 'Object Repository/ADMIN/Edit Text/Bespoke/Buyer Pages/Purchase Details/input_Bulk Delivery Discount_purchase-bulk-delivery-discount-txt'

2020-03-20 14:24:59 - [TEST_STEP][PASSED] - sendKeys(findTestObject("ADMIN/Edit Text/Bespoke/Buyer Pages/Purchase Details/input_ITEM_purchase-item-txt"), "*"): Keys '*' sent to object: 'Object Repository/ADMIN/Edit Text/Bespoke/Buyer Pages/Purchase Details/input_ITEM_purchase-item-txt'

2020-03-20 14:24:59 - [MESSAGE][PASSED] - Keys '*' sent to object: 'Object Repository/ADMIN/Edit Text/Bespoke/Buyer Pages/Purchase Details/input_ITEM_purchase-item-txt'

2020-03-20 14:24:59 - [TEST_STEP][PASSED] - sendKeys(findTestObject("ADMIN/Edit Text/Bespoke/Buyer Pages/Purchase Details/input_PRICE_purchase-price-txt"), "*"): Keys '*' sent to object: 'Object Repository/ADMIN/Edit Text/Bespoke/Buyer Pages/Purchase Details/input_PRICE_purchase-price-txt'

2020-03-20 14:24:59 - [MESSAGE][PASSED] - Keys '*' sent to object: 'Object Repository/ADMIN/Edit Text/Bespoke/Buyer Pages/Purchase Details/input_PRICE_purchase-price-txt'

2020-03-20 14:24:59 - [TEST_STEP][PASSED] - sendKeys(findTestObject("ADMIN/Edit Text/Bespoke/Buyer Pages/Purchase Details/input_QTY_purchase-qty-txt"), "*"): Keys '*' sent to object: 'Object Repository/ADMIN/Edit Text/Bespoke/Buyer Pages/Purchase Details/input_QTY_purchase-qty-txt'

2020-03-20 14:25:00 - [MESSAGE][PASSED] - Keys '*' sent to object: 'Object Repository/ADMIN/Edit Text/Bespoke/Buyer Pages/Purchase Details/input_QTY_purchase-qty-txt'

2020-03-20 14:25:00 - [TEST_STEP][PASSED] - sendKeys(findTestObject("ADMIN/Edit Text/Bespoke/Buyer Pages/Purchase Details/input_DELIVERY_purchase-delivery-txt (1)"), "*"): Keys '*' sent to object: 'Object Repository/ADMIN/Edit Text/Bespoke/Buyer Pages/Purchase Details/input_DELIVERY_purchase-delivery-txt (1)'

2020-03-20 14:25:00 - [MESSAGE][PASSED] - Keys '*' sent to object: 'Object Repository/ADMIN/Edit Text/Bespoke/Buyer Pages/Purchase Details/input_DELIVERY_purchase-delivery-txt (1)'

2020-03-20 14:25:00 - [TEST_STEP][PASSED] - sendKeys(findTestObject("ADMIN/Edit Text/Bespoke/Buyer Pages/Purchase Details/input_ORDER STATUS_purchase-orderstatus-txt"), "*"): Keys '*' sent to object: 'Object Repository/ADMIN/Edit Text/Bespoke/Buyer Pages/Purchase Details/input_ORDER STATUS_purchase-orderstatus-txt'

2020-03-20 14:25:00 - [MESSAGE][PASSED] - Keys '*' sent to object: 'Object Repository/ADMIN/Edit Text/Bespoke/Buyer Pages/Purchase Details/input_ORDER STATUS_purchase-orderstatus-txt'

2020-03-20 14:25:00 - [TEST_STEP][PASSED] - sendKeys(findTestObject("ADMIN/Edit Text/Bespoke/Buyer Pages/Purchase Details/input_REVIEWS_purchase-review-txt"), "*"): Keys '*' sent to object: 'Object Repository/ADMIN/Edit Text/Bespoke/Buyer Pages/Purchase Details/input_REVIEWS_purchase-review-txt'

2020-03-20 14:25:00 - [MESSAGE][PASSED] - Keys '*' sent to object: 'Object Repository/ADMIN/Edit Text/Bespoke/Buyer Pages/Purchase Details/input_REVIEWS_purchase-review-txt'

2020-03-20 14:25:00 - [TEST_STEP][PASSED] - sendKeys(findTestObject("ADMIN/Edit Text/Bespoke/Buyer Pages/Purchase Details/input_Sold By_sold-by"), "*"): Keys '*' sent to object: 'Object Repository/ADMIN/Edit Text/Bespoke/Buyer Pages/Purchase Details/input_Sold By_sold-by'

2020-03-20 14:25:01 - [MESSAGE][PASSED] - Keys '*' sent to object: 'Object Repository/ADMIN/Edit Text/Bespoke/Buyer Pages/Purchase Details/input_Sold By_sold-by'

2020-03-20 14:25:01 - [TEST_STEP][PASSED] - sendKeys(findTestObject("ADMIN/Edit Text/Bespoke/Buyer Pages/Purchase Details/input_Contact_Contact"), "*"): Keys '*' sent to object: 'Object Repository/ADMIN/Edit Text/Bespoke/Buyer Pages/Purchase Details/input_Contact_Contact'

2020-03-20 14:25:01 - [MESSAGE][PASSED] - Keys '*' sent to object: 'Object Repository/ADMIN/Edit Text/Bespoke/Buyer Pages/Purchase Details/input_Contact_Contact'

2020-03-20 14:25:01 - [TEST_STEP][PASSED] - sendKeys(findTestObject("ADMIN/Edit Text/Bespoke/Buyer Pages/Purchase Details/input_Delivery_Delivery"), "*"): Keys '*' sent to object: 'Object Repository/ADMIN/Edit Text/Bespoke/Buyer Pages/Purchase Details/input_Delivery_Delivery'

2020-03-20 14:25:01 - [MESSAGE][PASSED] - Keys '*' sent to object: 'Object Repository/ADMIN/Edit Text/Bespoke/Buyer Pages/Purchase Details/input_Delivery_Delivery'

2020-03-20 14:25:01 - [TEST_STEP][PASSED] - sendKeys(findTestObject("ADMIN/Edit Text/Bespoke/Buyer Pages/Purchase Details/input_Pickup_Pickup"), "*"): Keys '*' sent to object: 'Object Repository/ADMIN/Edit Text/Bespoke/Buyer Pages/Purchase Details/input_Pickup_Pickup'

2020-03-20 14:25:01 - [MESSAGE][PASSED] - Keys '*' sent to object: 'Object Repository/ADMIN/Edit Text/Bespoke/Buyer Pages/Purchase Details/input_Pickup_Pickup'

2020-03-20 14:25:01 - [TEST_STEP][PASSED] - sendKeys(findTestObject("ADMIN/Edit Text/Bespoke/Buyer Pages/Purchase Details/input_Leave a feedback_purchase-leave-feedback-txt"), "*"): Keys '*' sent to object: 'Object Repository/ADMIN/Edit Text/Bespoke/Buyer Pages/Purchase Details/input_Leave a feedback_purchase-leave-feedback-txt'

2020-03-20 14:25:02 - [MESSAGE][PASSED] - Keys '*' sent to object: 'Object Repository/ADMIN/Edit Text/Bespoke/Buyer Pages/Purchase Details/input_Leave a feedback_purchase-leave-feedback-txt'

2020-03-20 14:25:02 - [TEST_STEP][PASSED] - sendKeys(findTestObject("ADMIN/Edit Text/Bespoke/Buyer Pages/Purchase Details/input_Left feedback_purchase-left-feedback-txt"), "*"): Keys '*' sent to object: 'Object Repository/ADMIN/Edit Text/Bespoke/Buyer Pages/Purchase Details/input_Left feedback_purchase-left-feedback-txt'

2020-03-20 14:25:02 - [MESSAGE][PASSED] - Keys '*' sent to object: 'Object Repository/ADMIN/Edit Text/Bespoke/Buyer Pages/Purchase Details/input_Left feedback_purchase-left-feedback-txt'

2020-03-20 14:25:02 - [TEST_STEP][PASSED] - sendKeys(findTestObject("ADMIN/Edit Text/Bespoke/Buyer Pages/Purchase Details/input_BACK TO LIST_btn_back"), "*"): Keys '*' sent to object: 'Object Repository/ADMIN/Edit Text/Bespoke/Buyer Pages/Purchase Details/input_BACK TO LIST_btn_back'

2020-03-20 14:25:02 - [MESSAGE][PASSED] - Keys '*' sent to object: 'Object Repository/ADMIN/Edit Text/Bespoke/Buyer Pages/Purchase Details/input_BACK TO LIST_btn_back'

2020-03-20 14:25:02 - [TEST_STEP][PASSED] - sendKeys(findTestObject("ADMIN/Edit Text/Bespoke/Buyer Pages/Purchase Details/input_LEFT A FEEDBACK FOR_popup-title"), "*"): Keys '*' sent to object: 'Object Repository/ADMIN/Edit Text/Bespoke/Buyer Pages/Purchase Details/input_LEFT A FEEDBACK FOR_popup-title'

2020-03-20 14:25:02 - [MESSAGE][PASSED] - Keys '*' sent to object: 'Object Repository/ADMIN/Edit Text/Bespoke/Buyer Pages/Purchase Details/input_LEFT A FEEDBACK FOR_popup-title'

2020-03-20 14:25:02 - [TEST_STEP][PASSED] - sendKeys(findTestObject("ADMIN/Edit Text/Bespoke/Buyer Pages/Purchase Details/input_How much do you rate this item_popup-desc"), "*"): Keys '*' sent to object: 'Object Repository/ADMIN/Edit Text/Bespoke/Buyer Pages/Purchase Details/input_How much do you rate this item_popup-desc'

2020-03-20 14:25:02 - [MESSAGE][PASSED] - Keys '*' sent to object: 'Object Repository/ADMIN/Edit Text/Bespoke/Buyer Pages/Purchase Details/input_How much do you rate this item_popup-desc'

2020-03-20 14:25:02 - [TEST_STEP][PASSED] - sendKeys(findTestObject("ADMIN/Edit Text/Bespoke/Buyer Pages/Purchase Details/input_Leave a feedback_leave-feedback"), "*"): Keys '*' sent to object: 'Object Repository/ADMIN/Edit Text/Bespoke/Buyer Pages/Purchase Details/input_Leave a feedback_leave-feedback'

2020-03-20 14:25:03 - [MESSAGE][PASSED] - Keys '*' sent to object: 'Object Repository/ADMIN/Edit Text/Bespoke/Buyer Pages/Purchase Details/input_Leave a feedback_leave-feedback'

2020-03-20 14:25:03 - [TEST_STEP][PASSED] - sendKeys(findTestObject("ADMIN/Edit Text/Bespoke/Buyer Pages/Purchase Details/input_Excellent_excellent"), "*"): Keys '*' sent to object: 'Object Repository/ADMIN/Edit Text/Bespoke/Buyer Pages/Purchase Details/input_Excellent_excellent'

2020-03-20 14:25:03 - [MESSAGE][PASSED] - Keys '*' sent to object: 'Object Repository/ADMIN/Edit Text/Bespoke/Buyer Pages/Purchase Details/input_Excellent_excellent'

2020-03-20 14:25:03 - [TEST_STEP][PASSED] - sendKeys(findTestObject("ADMIN/Edit Text/Bespoke/Buyer Pages/Purchase Details/input_Great_great"), "*"): Keys '*' sent to object: 'Object Repository/ADMIN/Edit Text/Bespoke/Buyer Pages/Purchase Details/input_Great_great'

2020-03-20 14:25:03 - [MESSAGE][PASSED] - Keys '*' sent to object: 'Object Repository/ADMIN/Edit Text/Bespoke/Buyer Pages/Purchase Details/input_Great_great'

2020-03-20 14:25:03 - [TEST_STEP][PASSED] - sendKeys(findTestObject("ADMIN/Edit Text/Bespoke/Buyer Pages/Purchase Details/input_Good_good"), "*"): Keys '*' sent to object: 'Object Repository/ADMIN/Edit Text/Bespoke/Buyer Pages/Purchase Details/input_Good_good'

2020-03-20 14:25:03 - [MESSAGE][PASSED] - Keys '*' sent to object: 'Object Repository/ADMIN/Edit Text/Bespoke/Buyer Pages/Purchase Details/input_Good_good'

2020-03-20 14:25:03 - [TEST_STEP][PASSED] - sendKeys(findTestObject("ADMIN/Edit Text/Bespoke/Buyer Pages/Purchase Details/input_Okay_ok"), "*"): Keys '*' sent to object: 'Object Repository/ADMIN/Edit Text/Bespoke/Buyer Pages/Purchase Details/input_Okay_ok'

2020-03-20 14:25:03 - [MESSAGE][PASSED] - Keys '*' sent to object: 'Object Repository/ADMIN/Edit Text/Bespoke/Buyer Pages/Purchase Details/input_Okay_ok'

2020-03-20 14:25:03 - [TEST_STEP][PASSED] - sendKeys(findTestObject("ADMIN/Edit Text/Bespoke/Buyer Pages/Purchase Details/input_Unsatisfied_Unsatisfied"), "*"): Keys '*' sent to object: 'Object Repository/ADMIN/Edit Text/Bespoke/Buyer Pages/Purchase Details/input_Unsatisfied_Unsatisfied'

2020-03-20 14:25:04 - [MESSAGE][PASSED] - Keys '*' sent to object: 'Object Repository/ADMIN/Edit Text/Bespoke/Buyer Pages/Purchase Details/input_Unsatisfied_Unsatisfied'

2020-03-20 14:25:04 - [TEST_STEP][PASSED] - sendKeys(findTestObject("ADMIN/Edit Text/Bespoke/Buyer Pages/Purchase Details/input_SUBMIT_btn_okay"), "*"): Keys '*' sent to object: 'Object Repository/ADMIN/Edit Text/Bespoke/Buyer Pages/Purchase Details/input_SUBMIT_btn_okay'

2020-03-20 14:25:04 - [MESSAGE][PASSED] - Keys '*' sent to object: 'Object Repository/ADMIN/Edit Text/Bespoke/Buyer Pages/Purchase Details/input_SUBMIT_btn_okay'

2020-03-20 14:25:04 - [TEST_STEP][PASSED] - click(findTestObject("ADMIN/Edit Text/Bespoke/Buyer Pages/Homepage/button_save"), CONTINUE_ON_FAILURE): Object: 'Object Repository/ADMIN/Edit Text/Bespoke/Buyer Pages/Homepage/button_save' is clicked on

2020-03-20 14:25:04 - [MESSAGE][PASSED] - Object: 'Object Repository/ADMIN/Edit Text/Bespoke/Buyer Pages/Homepage/button_save' is clicked on

2020-03-20 14:25:04 - [TEST_STEP][PASSED] - waitForElementVisible(findTestObject("ADMIN/Edit Text/Bespoke/Buyer Pages/Homepage/toaster_success"), 0): Object 'Object Repository/ADMIN/Edit Text/Bespoke/Buyer Pages/Homepage/toaster_success' is visible

2020-03-20 14:25:04 - [MESSAGE][WARNING] - Timeout '0' is invalid. Using default page load timeout: '30'

2020-03-20 14:25:05 - [MESSAGE][PASSED] - Object 'Object Repository/ADMIN/Edit Text/Bespoke/Buyer Pages/Homepage/toaster_success' is visible]]></system-out>
         <system-err><![CDATA[]]></system-err>
      </testcase>
      <testcase name="Test Cases/ADMIN/Language/Edit Text/Bespoke/Buyer Pages/Purchase Details" time="9.399" classname="Test Cases/ADMIN/Language/Edit Text/Bespoke/Buyer Pages/Purchase Details" status="PASSED">
         <system-out><![CDATA[2020-03-20 14:25:05 - [TEST_CASE][PASSED] - Test Cases/ADMIN/Language/Edit Text/Bespoke/Buyer Pages/Purchase Details: Test Cases/ADMIN/Language/Edit Text/Bespoke/Buyer Pages/Purchase Details

2020-03-20 14:25:05 - [TEST_STEP][PASSED] - waitForElementVisible(findTestObject("ADMIN/Edit Text/Bespoke/Buyer Navigation/dd_language"), 0): Object 'Object Repository/ADMIN/Edit Text/Bespoke/Buyer Navigation/dd_language' is visible

2020-03-20 14:25:05 - [MESSAGE][WARNING] - Timeout '0' is invalid. Using default page load timeout: '30'

2020-03-20 14:25:05 - [MESSAGE][PASSED] - Object 'Object Repository/ADMIN/Edit Text/Bespoke/Buyer Navigation/dd_language' is visible

2020-03-20 14:25:05 - [TEST_STEP][PASSED] - selectOptionByLabel(findTestObject("ADMIN/Edit Text/Bespoke/Buyer Navigation/dd_language"), varLanguage, false): All options with label 'German' are selected in object 'Object Repository/ADMIN/Edit Text/Bespoke/Buyer Navigation/dd_language' 

2020-03-20 14:25:06 - [MESSAGE][PASSED] - All options with label 'German' are selected in object 'Object Repository/ADMIN/Edit Text/Bespoke/Buyer Navigation/dd_language' 

2020-03-20 14:25:06 - [TEST_STEP][PASSED] - sendKeys(findTestObject("ADMIN/Edit Text/Bespoke/Buyer Pages/Purchase Details/input_INVOICE ID_purchase-invoice-id"), "*"): Keys '*' sent to object: 'Object Repository/ADMIN/Edit Text/Bespoke/Buyer Pages/Purchase Details/input_INVOICE ID_purchase-invoice-id'

2020-03-20 14:25:07 - [MESSAGE][PASSED] - Keys '*' sent to object: 'Object Repository/ADMIN/Edit Text/Bespoke/Buyer Pages/Purchase Details/input_INVOICE ID_purchase-invoice-id'

2020-03-20 14:25:07 - [TEST_STEP][PASSED] - sendKeys(findTestObject("ADMIN/Edit Text/Bespoke/Buyer Pages/Purchase Details/input_TIMESTAMP_purchase-timestamp"), "*"): Keys '*' sent to object: 'Object Repository/ADMIN/Edit Text/Bespoke/Buyer Pages/Purchase Details/input_TIMESTAMP_purchase-timestamp'

2020-03-20 14:25:07 - [MESSAGE][PASSED] - Keys '*' sent to object: 'Object Repository/ADMIN/Edit Text/Bespoke/Buyer Pages/Purchase Details/input_TIMESTAMP_purchase-timestamp'

2020-03-20 14:25:07 - [TEST_STEP][PASSED] - sendKeys(findTestObject("ADMIN/Edit Text/Bespoke/Buyer Pages/Purchase Details/input_DELIVERY ADDRESS_purchase-delivery"), "*"): Keys '*' sent to object: 'Object Repository/ADMIN/Edit Text/Bespoke/Buyer Pages/Purchase Details/input_DELIVERY ADDRESS_purchase-delivery'

2020-03-20 14:25:07 - [MESSAGE][PASSED] - Keys '*' sent to object: 'Object Repository/ADMIN/Edit Text/Bespoke/Buyer Pages/Purchase Details/input_DELIVERY ADDRESS_purchase-delivery'

2020-03-20 14:25:07 - [TEST_STEP][PASSED] - sendKeys(findTestObject("ADMIN/Edit Text/Bespoke/Buyer Pages/Purchase Details/input_TRANSACTION TOTAL_purchase-transaction-total"), "*"): Keys '*' sent to object: 'Object Repository/ADMIN/Edit Text/Bespoke/Buyer Pages/Purchase Details/input_TRANSACTION TOTAL_purchase-transaction-total'

2020-03-20 14:25:07 - [MESSAGE][PASSED] - Keys '*' sent to object: 'Object Repository/ADMIN/Edit Text/Bespoke/Buyer Pages/Purchase Details/input_TRANSACTION TOTAL_purchase-transaction-total'

2020-03-20 14:25:07 - [TEST_STEP][PASSED] - sendKeys(findTestObject("ADMIN/Edit Text/Bespoke/Buyer Pages/Purchase Details/input_Subtotal_purchase-subtotal-txt"), "*"): Keys '*' sent to object: 'Object Repository/ADMIN/Edit Text/Bespoke/Buyer Pages/Purchase Details/input_Subtotal_purchase-subtotal-txt'

2020-03-20 14:25:07 - [MESSAGE][PASSED] - Keys '*' sent to object: 'Object Repository/ADMIN/Edit Text/Bespoke/Buyer Pages/Purchase Details/input_Subtotal_purchase-subtotal-txt'

2020-03-20 14:25:07 - [TEST_STEP][PASSED] - sendKeys(findTestObject("ADMIN/Edit Text/Bespoke/Buyer Pages/Purchase Details/input_PAYMENT METHOD_payment_method"), "*"): Keys '*' sent to object: 'Object Repository/ADMIN/Edit Text/Bespoke/Buyer Pages/Purchase Details/input_PAYMENT METHOD_payment_method'

2020-03-20 14:25:08 - [MESSAGE][PASSED] - Keys '*' sent to object: 'Object Repository/ADMIN/Edit Text/Bespoke/Buyer Pages/Purchase Details/input_PAYMENT METHOD_payment_method'

2020-03-20 14:25:08 - [TEST_STEP][PASSED] - sendKeys(findTestObject("ADMIN/Edit Text/Bespoke/Buyer Pages/Purchase Details/input_Delivery_purchase-delivery-txt"), "*"): Keys '*' sent to object: 'Object Repository/ADMIN/Edit Text/Bespoke/Buyer Pages/Purchase Details/input_Delivery_purchase-delivery-txt'

2020-03-20 14:25:08 - [MESSAGE][PASSED] - Keys '*' sent to object: 'Object Repository/ADMIN/Edit Text/Bespoke/Buyer Pages/Purchase Details/input_Delivery_purchase-delivery-txt'

2020-03-20 14:25:08 - [TEST_STEP][PASSED] - sendKeys(findTestObject("ADMIN/Edit Text/Bespoke/Buyer Pages/Purchase Details/input_PAYMENT STATUS_payment_status"), "*"): Keys '*' sent to object: 'Object Repository/ADMIN/Edit Text/Bespoke/Buyer Pages/Purchase Details/input_PAYMENT STATUS_payment_status'

2020-03-20 14:25:08 - [MESSAGE][PASSED] - Keys '*' sent to object: 'Object Repository/ADMIN/Edit Text/Bespoke/Buyer Pages/Purchase Details/input_PAYMENT STATUS_payment_status'

2020-03-20 14:25:08 - [TEST_STEP][PASSED] - sendKeys(findTestObject("ADMIN/Edit Text/Bespoke/Buyer Pages/Purchase Details/input_Bulk Delivery Discount_purchase-bulk-delivery-discount-txt"), "*"): Keys '*' sent to object: 'Object Repository/ADMIN/Edit Text/Bespoke/Buyer Pages/Purchase Details/input_Bulk Delivery Discount_purchase-bulk-delivery-discount-txt'

2020-03-20 14:25:08 - [MESSAGE][PASSED] - Keys '*' sent to object: 'Object Repository/ADMIN/Edit Text/Bespoke/Buyer Pages/Purchase Details/input_Bulk Delivery Discount_purchase-bulk-delivery-discount-txt'

2020-03-20 14:25:08 - [TEST_STEP][PASSED] - sendKeys(findTestObject("ADMIN/Edit Text/Bespoke/Buyer Pages/Purchase Details/input_ITEM_purchase-item-txt"), "*"): Keys '*' sent to object: 'Object Repository/ADMIN/Edit Text/Bespoke/Buyer Pages/Purchase Details/input_ITEM_purchase-item-txt'

2020-03-20 14:25:09 - [MESSAGE][PASSED] - Keys '*' sent to object: 'Object Repository/ADMIN/Edit Text/Bespoke/Buyer Pages/Purchase Details/input_ITEM_purchase-item-txt'

2020-03-20 14:25:09 - [TEST_STEP][PASSED] - sendKeys(findTestObject("ADMIN/Edit Text/Bespoke/Buyer Pages/Purchase Details/input_PRICE_purchase-price-txt"), "*"): Keys '*' sent to object: 'Object Repository/ADMIN/Edit Text/Bespoke/Buyer Pages/Purchase Details/input_PRICE_purchase-price-txt'

2020-03-20 14:25:09 - [MESSAGE][PASSED] - Keys '*' sent to object: 'Object Repository/ADMIN/Edit Text/Bespoke/Buyer Pages/Purchase Details/input_PRICE_purchase-price-txt'

2020-03-20 14:25:09 - [TEST_STEP][PASSED] - sendKeys(findTestObject("ADMIN/Edit Text/Bespoke/Buyer Pages/Purchase Details/input_QTY_purchase-qty-txt"), "*"): Keys '*' sent to object: 'Object Repository/ADMIN/Edit Text/Bespoke/Buyer Pages/Purchase Details/input_QTY_purchase-qty-txt'

2020-03-20 14:25:09 - [MESSAGE][PASSED] - Keys '*' sent to object: 'Object Repository/ADMIN/Edit Text/Bespoke/Buyer Pages/Purchase Details/input_QTY_purchase-qty-txt'

2020-03-20 14:25:09 - [TEST_STEP][PASSED] - sendKeys(findTestObject("ADMIN/Edit Text/Bespoke/Buyer Pages/Purchase Details/input_DELIVERY_purchase-delivery-txt (1)"), "*"): Keys '*' sent to object: 'Object Repository/ADMIN/Edit Text/Bespoke/Buyer Pages/Purchase Details/input_DELIVERY_purchase-delivery-txt (1)'

2020-03-20 14:25:09 - [MESSAGE][PASSED] - Keys '*' sent to object: 'Object Repository/ADMIN/Edit Text/Bespoke/Buyer Pages/Purchase Details/input_DELIVERY_purchase-delivery-txt (1)'

2020-03-20 14:25:09 - [TEST_STEP][PASSED] - sendKeys(findTestObject("ADMIN/Edit Text/Bespoke/Buyer Pages/Purchase Details/input_ORDER STATUS_purchase-orderstatus-txt"), "*"): Keys '*' sent to object: 'Object Repository/ADMIN/Edit Text/Bespoke/Buyer Pages/Purchase Details/input_ORDER STATUS_purchase-orderstatus-txt'

2020-03-20 14:25:09 - [MESSAGE][PASSED] - Keys '*' sent to object: 'Object Repository/ADMIN/Edit Text/Bespoke/Buyer Pages/Purchase Details/input_ORDER STATUS_purchase-orderstatus-txt'

2020-03-20 14:25:09 - [TEST_STEP][PASSED] - sendKeys(findTestObject("ADMIN/Edit Text/Bespoke/Buyer Pages/Purchase Details/input_REVIEWS_purchase-review-txt"), "*"): Keys '*' sent to object: 'Object Repository/ADMIN/Edit Text/Bespoke/Buyer Pages/Purchase Details/input_REVIEWS_purchase-review-txt'

2020-03-20 14:25:10 - [MESSAGE][PASSED] - Keys '*' sent to object: 'Object Repository/ADMIN/Edit Text/Bespoke/Buyer Pages/Purchase Details/input_REVIEWS_purchase-review-txt'

2020-03-20 14:25:10 - [TEST_STEP][PASSED] - sendKeys(findTestObject("ADMIN/Edit Text/Bespoke/Buyer Pages/Purchase Details/input_Sold By_sold-by"), "*"): Keys '*' sent to object: 'Object Repository/ADMIN/Edit Text/Bespoke/Buyer Pages/Purchase Details/input_Sold By_sold-by'

2020-03-20 14:25:10 - [MESSAGE][PASSED] - Keys '*' sent to object: 'Object Repository/ADMIN/Edit Text/Bespoke/Buyer Pages/Purchase Details/input_Sold By_sold-by'

2020-03-20 14:25:10 - [TEST_STEP][PASSED] - sendKeys(findTestObject("ADMIN/Edit Text/Bespoke/Buyer Pages/Purchase Details/input_Contact_Contact"), "*"): Keys '*' sent to object: 'Object Repository/ADMIN/Edit Text/Bespoke/Buyer Pages/Purchase Details/input_Contact_Contact'

2020-03-20 14:25:10 - [MESSAGE][PASSED] - Keys '*' sent to object: 'Object Repository/ADMIN/Edit Text/Bespoke/Buyer Pages/Purchase Details/input_Contact_Contact'

2020-03-20 14:25:10 - [TEST_STEP][PASSED] - sendKeys(findTestObject("ADMIN/Edit Text/Bespoke/Buyer Pages/Purchase Details/input_Delivery_Delivery"), "*"): Keys '*' sent to object: 'Object Repository/ADMIN/Edit Text/Bespoke/Buyer Pages/Purchase Details/input_Delivery_Delivery'

2020-03-20 14:25:10 - [MESSAGE][PASSED] - Keys '*' sent to object: 'Object Repository/ADMIN/Edit Text/Bespoke/Buyer Pages/Purchase Details/input_Delivery_Delivery'

2020-03-20 14:25:10 - [TEST_STEP][PASSED] - sendKeys(findTestObject("ADMIN/Edit Text/Bespoke/Buyer Pages/Purchase Details/input_Pickup_Pickup"), "*"): Keys '*' sent to object: 'Object Repository/ADMIN/Edit Text/Bespoke/Buyer Pages/Purchase Details/input_Pickup_Pickup'

2020-03-20 14:25:10 - [MESSAGE][PASSED] - Keys '*' sent to object: 'Object Repository/ADMIN/Edit Text/Bespoke/Buyer Pages/Purchase Details/input_Pickup_Pickup'

2020-03-20 14:25:10 - [TEST_STEP][PASSED] - sendKeys(findTestObject("ADMIN/Edit Text/Bespoke/Buyer Pages/Purchase Details/input_Leave a feedback_purchase-leave-feedback-txt"), "*"): Keys '*' sent to object: 'Object Repository/ADMIN/Edit Text/Bespoke/Buyer Pages/Purchase Details/input_Leave a feedback_purchase-leave-feedback-txt'

2020-03-20 14:25:10 - [MESSAGE][PASSED] - Keys '*' sent to object: 'Object Repository/ADMIN/Edit Text/Bespoke/Buyer Pages/Purchase Details/input_Leave a feedback_purchase-leave-feedback-txt'

2020-03-20 14:25:10 - [TEST_STEP][PASSED] - sendKeys(findTestObject("ADMIN/Edit Text/Bespoke/Buyer Pages/Purchase Details/input_Left feedback_purchase-left-feedback-txt"), "*"): Keys '*' sent to object: 'Object Repository/ADMIN/Edit Text/Bespoke/Buyer Pages/Purchase Details/input_Left feedback_purchase-left-feedback-txt'

2020-03-20 14:25:11 - [MESSAGE][PASSED] - Keys '*' sent to object: 'Object Repository/ADMIN/Edit Text/Bespoke/Buyer Pages/Purchase Details/input_Left feedback_purchase-left-feedback-txt'

2020-03-20 14:25:11 - [TEST_STEP][PASSED] - sendKeys(findTestObject("ADMIN/Edit Text/Bespoke/Buyer Pages/Purchase Details/input_BACK TO LIST_btn_back"), "*"): Keys '*' sent to object: 'Object Repository/ADMIN/Edit Text/Bespoke/Buyer Pages/Purchase Details/input_BACK TO LIST_btn_back'

2020-03-20 14:25:11 - [MESSAGE][PASSED] - Keys '*' sent to object: 'Object Repository/ADMIN/Edit Text/Bespoke/Buyer Pages/Purchase Details/input_BACK TO LIST_btn_back'

2020-03-20 14:25:11 - [TEST_STEP][PASSED] - sendKeys(findTestObject("ADMIN/Edit Text/Bespoke/Buyer Pages/Purchase Details/input_LEFT A FEEDBACK FOR_popup-title"), "*"): Keys '*' sent to object: 'Object Repository/ADMIN/Edit Text/Bespoke/Buyer Pages/Purchase Details/input_LEFT A FEEDBACK FOR_popup-title'

2020-03-20 14:25:11 - [MESSAGE][PASSED] - Keys '*' sent to object: 'Object Repository/ADMIN/Edit Text/Bespoke/Buyer Pages/Purchase Details/input_LEFT A FEEDBACK FOR_popup-title'

2020-03-20 14:25:11 - [TEST_STEP][PASSED] - sendKeys(findTestObject("ADMIN/Edit Text/Bespoke/Buyer Pages/Purchase Details/input_How much do you rate this item_popup-desc"), "*"): Keys '*' sent to object: 'Object Repository/ADMIN/Edit Text/Bespoke/Buyer Pages/Purchase Details/input_How much do you rate this item_popup-desc'

2020-03-20 14:25:12 - [MESSAGE][PASSED] - Keys '*' sent to object: 'Object Repository/ADMIN/Edit Text/Bespoke/Buyer Pages/Purchase Details/input_How much do you rate this item_popup-desc'

2020-03-20 14:25:12 - [TEST_STEP][PASSED] - sendKeys(findTestObject("ADMIN/Edit Text/Bespoke/Buyer Pages/Purchase Details/input_Leave a feedback_leave-feedback"), "*"): Keys '*' sent to object: 'Object Repository/ADMIN/Edit Text/Bespoke/Buyer Pages/Purchase Details/input_Leave a feedback_leave-feedback'

2020-03-20 14:25:12 - [MESSAGE][PASSED] - Keys '*' sent to object: 'Object Repository/ADMIN/Edit Text/Bespoke/Buyer Pages/Purchase Details/input_Leave a feedback_leave-feedback'

2020-03-20 14:25:12 - [TEST_STEP][PASSED] - sendKeys(findTestObject("ADMIN/Edit Text/Bespoke/Buyer Pages/Purchase Details/input_Excellent_excellent"), "*"): Keys '*' sent to object: 'Object Repository/ADMIN/Edit Text/Bespoke/Buyer Pages/Purchase Details/input_Excellent_excellent'

2020-03-20 14:25:12 - [MESSAGE][PASSED] - Keys '*' sent to object: 'Object Repository/ADMIN/Edit Text/Bespoke/Buyer Pages/Purchase Details/input_Excellent_excellent'

2020-03-20 14:25:12 - [TEST_STEP][PASSED] - sendKeys(findTestObject("ADMIN/Edit Text/Bespoke/Buyer Pages/Purchase Details/input_Great_great"), "*"): Keys '*' sent to object: 'Object Repository/ADMIN/Edit Text/Bespoke/Buyer Pages/Purchase Details/input_Great_great'

2020-03-20 14:25:12 - [MESSAGE][PASSED] - Keys '*' sent to object: 'Object Repository/ADMIN/Edit Text/Bespoke/Buyer Pages/Purchase Details/input_Great_great'

2020-03-20 14:25:12 - [TEST_STEP][PASSED] - sendKeys(findTestObject("ADMIN/Edit Text/Bespoke/Buyer Pages/Purchase Details/input_Good_good"), "*"): Keys '*' sent to object: 'Object Repository/ADMIN/Edit Text/Bespoke/Buyer Pages/Purchase Details/input_Good_good'

2020-03-20 14:25:12 - [MESSAGE][PASSED] - Keys '*' sent to object: 'Object Repository/ADMIN/Edit Text/Bespoke/Buyer Pages/Purchase Details/input_Good_good'

2020-03-20 14:25:12 - [TEST_STEP][PASSED] - sendKeys(findTestObject("ADMIN/Edit Text/Bespoke/Buyer Pages/Purchase Details/input_Okay_ok"), "*"): Keys '*' sent to object: 'Object Repository/ADMIN/Edit Text/Bespoke/Buyer Pages/Purchase Details/input_Okay_ok'

2020-03-20 14:25:13 - [MESSAGE][PASSED] - Keys '*' sent to object: 'Object Repository/ADMIN/Edit Text/Bespoke/Buyer Pages/Purchase Details/input_Okay_ok'

2020-03-20 14:25:13 - [TEST_STEP][PASSED] - sendKeys(findTestObject("ADMIN/Edit Text/Bespoke/Buyer Pages/Purchase Details/input_Unsatisfied_Unsatisfied"), "*"): Keys '*' sent to object: 'Object Repository/ADMIN/Edit Text/Bespoke/Buyer Pages/Purchase Details/input_Unsatisfied_Unsatisfied'

2020-03-20 14:25:13 - [MESSAGE][PASSED] - Keys '*' sent to object: 'Object Repository/ADMIN/Edit Text/Bespoke/Buyer Pages/Purchase Details/input_Unsatisfied_Unsatisfied'

2020-03-20 14:25:13 - [TEST_STEP][PASSED] - sendKeys(findTestObject("ADMIN/Edit Text/Bespoke/Buyer Pages/Purchase Details/input_SUBMIT_btn_okay"), "*"): Keys '*' sent to object: 'Object Repository/ADMIN/Edit Text/Bespoke/Buyer Pages/Purchase Details/input_SUBMIT_btn_okay'

2020-03-20 14:25:13 - [MESSAGE][PASSED] - Keys '*' sent to object: 'Object Repository/ADMIN/Edit Text/Bespoke/Buyer Pages/Purchase Details/input_SUBMIT_btn_okay'

2020-03-20 14:25:13 - [TEST_STEP][PASSED] - click(findTestObject("ADMIN/Edit Text/Bespoke/Buyer Pages/Homepage/button_save"), CONTINUE_ON_FAILURE): Object: 'Object Repository/ADMIN/Edit Text/Bespoke/Buyer Pages/Homepage/button_save' is clicked on

2020-03-20 14:25:13 - [MESSAGE][PASSED] - Object: 'Object Repository/ADMIN/Edit Text/Bespoke/Buyer Pages/Homepage/button_save' is clicked on

2020-03-20 14:25:13 - [TEST_STEP][PASSED] - waitForElementVisible(findTestObject("ADMIN/Edit Text/Bespoke/Buyer Pages/Homepage/toaster_success"), 0): Object 'Object Repository/ADMIN/Edit Text/Bespoke/Buyer Pages/Homepage/toaster_success' is visible

2020-03-20 14:25:13 - [MESSAGE][WARNING] - Timeout '0' is invalid. Using default page load timeout: '30'

2020-03-20 14:25:14 - [MESSAGE][PASSED] - Object 'Object Repository/ADMIN/Edit Text/Bespoke/Buyer Pages/Homepage/toaster_success' is visible]]></system-out>
         <system-err><![CDATA[]]></system-err>
      </testcase>
      <testcase name="Test Cases/ADMIN/Language/Edit Text/Bespoke/Buyer Pages/Purchase Details" time="10.364" classname="Test Cases/ADMIN/Language/Edit Text/Bespoke/Buyer Pages/Purchase Details" status="PASSED">
         <system-out><![CDATA[2020-03-20 14:25:14 - [TEST_CASE][PASSED] - Test Cases/ADMIN/Language/Edit Text/Bespoke/Buyer Pages/Purchase Details: Test Cases/ADMIN/Language/Edit Text/Bespoke/Buyer Pages/Purchase Details

2020-03-20 14:25:14 - [TEST_STEP][PASSED] - waitForElementVisible(findTestObject("ADMIN/Edit Text/Bespoke/Buyer Navigation/dd_language"), 0): Object 'Object Repository/ADMIN/Edit Text/Bespoke/Buyer Navigation/dd_language' is visible

2020-03-20 14:25:14 - [MESSAGE][WARNING] - Timeout '0' is invalid. Using default page load timeout: '30'

2020-03-20 14:25:14 - [MESSAGE][PASSED] - Object 'Object Repository/ADMIN/Edit Text/Bespoke/Buyer Navigation/dd_language' is visible

2020-03-20 14:25:14 - [TEST_STEP][PASSED] - selectOptionByLabel(findTestObject("ADMIN/Edit Text/Bespoke/Buyer Navigation/dd_language"), varLanguage, false): All options with label 'Japanese' are selected in object 'Object Repository/ADMIN/Edit Text/Bespoke/Buyer Navigation/dd_language' 

2020-03-20 14:25:16 - [MESSAGE][PASSED] - All options with label 'Japanese' are selected in object 'Object Repository/ADMIN/Edit Text/Bespoke/Buyer Navigation/dd_language' 

2020-03-20 14:25:16 - [TEST_STEP][PASSED] - sendKeys(findTestObject("ADMIN/Edit Text/Bespoke/Buyer Pages/Purchase Details/input_INVOICE ID_purchase-invoice-id"), "*"): Keys '*' sent to object: 'Object Repository/ADMIN/Edit Text/Bespoke/Buyer Pages/Purchase Details/input_INVOICE ID_purchase-invoice-id'

2020-03-20 14:25:16 - [MESSAGE][PASSED] - Keys '*' sent to object: 'Object Repository/ADMIN/Edit Text/Bespoke/Buyer Pages/Purchase Details/input_INVOICE ID_purchase-invoice-id'

2020-03-20 14:25:16 - [TEST_STEP][PASSED] - sendKeys(findTestObject("ADMIN/Edit Text/Bespoke/Buyer Pages/Purchase Details/input_TIMESTAMP_purchase-timestamp"), "*"): Keys '*' sent to object: 'Object Repository/ADMIN/Edit Text/Bespoke/Buyer Pages/Purchase Details/input_TIMESTAMP_purchase-timestamp'

2020-03-20 14:25:16 - [MESSAGE][PASSED] - Keys '*' sent to object: 'Object Repository/ADMIN/Edit Text/Bespoke/Buyer Pages/Purchase Details/input_TIMESTAMP_purchase-timestamp'

2020-03-20 14:25:16 - [TEST_STEP][PASSED] - sendKeys(findTestObject("ADMIN/Edit Text/Bespoke/Buyer Pages/Purchase Details/input_DELIVERY ADDRESS_purchase-delivery"), "*"): Keys '*' sent to object: 'Object Repository/ADMIN/Edit Text/Bespoke/Buyer Pages/Purchase Details/input_DELIVERY ADDRESS_purchase-delivery'

2020-03-20 14:25:16 - [MESSAGE][PASSED] - Keys '*' sent to object: 'Object Repository/ADMIN/Edit Text/Bespoke/Buyer Pages/Purchase Details/input_DELIVERY ADDRESS_purchase-delivery'

2020-03-20 14:25:16 - [TEST_STEP][PASSED] - sendKeys(findTestObject("ADMIN/Edit Text/Bespoke/Buyer Pages/Purchase Details/input_TRANSACTION TOTAL_purchase-transaction-total"), "*"): Keys '*' sent to object: 'Object Repository/ADMIN/Edit Text/Bespoke/Buyer Pages/Purchase Details/input_TRANSACTION TOTAL_purchase-transaction-total'

2020-03-20 14:25:16 - [MESSAGE][PASSED] - Keys '*' sent to object: 'Object Repository/ADMIN/Edit Text/Bespoke/Buyer Pages/Purchase Details/input_TRANSACTION TOTAL_purchase-transaction-total'

2020-03-20 14:25:16 - [TEST_STEP][PASSED] - sendKeys(findTestObject("ADMIN/Edit Text/Bespoke/Buyer Pages/Purchase Details/input_Subtotal_purchase-subtotal-txt"), "*"): Keys '*' sent to object: 'Object Repository/ADMIN/Edit Text/Bespoke/Buyer Pages/Purchase Details/input_Subtotal_purchase-subtotal-txt'

2020-03-20 14:25:17 - [MESSAGE][PASSED] - Keys '*' sent to object: 'Object Repository/ADMIN/Edit Text/Bespoke/Buyer Pages/Purchase Details/input_Subtotal_purchase-subtotal-txt'

2020-03-20 14:25:17 - [TEST_STEP][PASSED] - sendKeys(findTestObject("ADMIN/Edit Text/Bespoke/Buyer Pages/Purchase Details/input_PAYMENT METHOD_payment_method"), "*"): Keys '*' sent to object: 'Object Repository/ADMIN/Edit Text/Bespoke/Buyer Pages/Purchase Details/input_PAYMENT METHOD_payment_method'

2020-03-20 14:25:17 - [MESSAGE][PASSED] - Keys '*' sent to object: 'Object Repository/ADMIN/Edit Text/Bespoke/Buyer Pages/Purchase Details/input_PAYMENT METHOD_payment_method'

2020-03-20 14:25:17 - [TEST_STEP][PASSED] - sendKeys(findTestObject("ADMIN/Edit Text/Bespoke/Buyer Pages/Purchase Details/input_Delivery_purchase-delivery-txt"), "*"): Keys '*' sent to object: 'Object Repository/ADMIN/Edit Text/Bespoke/Buyer Pages/Purchase Details/input_Delivery_purchase-delivery-txt'

2020-03-20 14:25:17 - [MESSAGE][PASSED] - Keys '*' sent to object: 'Object Repository/ADMIN/Edit Text/Bespoke/Buyer Pages/Purchase Details/input_Delivery_purchase-delivery-txt'

2020-03-20 14:25:17 - [TEST_STEP][PASSED] - sendKeys(findTestObject("ADMIN/Edit Text/Bespoke/Buyer Pages/Purchase Details/input_PAYMENT STATUS_payment_status"), "*"): Keys '*' sent to object: 'Object Repository/ADMIN/Edit Text/Bespoke/Buyer Pages/Purchase Details/input_PAYMENT STATUS_payment_status'

2020-03-20 14:25:17 - [MESSAGE][PASSED] - Keys '*' sent to object: 'Object Repository/ADMIN/Edit Text/Bespoke/Buyer Pages/Purchase Details/input_PAYMENT STATUS_payment_status'

2020-03-20 14:25:17 - [TEST_STEP][PASSED] - sendKeys(findTestObject("ADMIN/Edit Text/Bespoke/Buyer Pages/Purchase Details/input_Bulk Delivery Discount_purchase-bulk-delivery-discount-txt"), "*"): Keys '*' sent to object: 'Object Repository/ADMIN/Edit Text/Bespoke/Buyer Pages/Purchase Details/input_Bulk Delivery Discount_purchase-bulk-delivery-discount-txt'

2020-03-20 14:25:18 - [MESSAGE][PASSED] - Keys '*' sent to object: 'Object Repository/ADMIN/Edit Text/Bespoke/Buyer Pages/Purchase Details/input_Bulk Delivery Discount_purchase-bulk-delivery-discount-txt'

2020-03-20 14:25:18 - [TEST_STEP][PASSED] - sendKeys(findTestObject("ADMIN/Edit Text/Bespoke/Buyer Pages/Purchase Details/input_ITEM_purchase-item-txt"), "*"): Keys '*' sent to object: 'Object Repository/ADMIN/Edit Text/Bespoke/Buyer Pages/Purchase Details/input_ITEM_purchase-item-txt'

2020-03-20 14:25:18 - [MESSAGE][PASSED] - Keys '*' sent to object: 'Object Repository/ADMIN/Edit Text/Bespoke/Buyer Pages/Purchase Details/input_ITEM_purchase-item-txt'

2020-03-20 14:25:18 - [TEST_STEP][PASSED] - sendKeys(findTestObject("ADMIN/Edit Text/Bespoke/Buyer Pages/Purchase Details/input_PRICE_purchase-price-txt"), "*"): Keys '*' sent to object: 'Object Repository/ADMIN/Edit Text/Bespoke/Buyer Pages/Purchase Details/input_PRICE_purchase-price-txt'

2020-03-20 14:25:18 - [MESSAGE][PASSED] - Keys '*' sent to object: 'Object Repository/ADMIN/Edit Text/Bespoke/Buyer Pages/Purchase Details/input_PRICE_purchase-price-txt'

2020-03-20 14:25:18 - [TEST_STEP][PASSED] - sendKeys(findTestObject("ADMIN/Edit Text/Bespoke/Buyer Pages/Purchase Details/input_QTY_purchase-qty-txt"), "*"): Keys '*' sent to object: 'Object Repository/ADMIN/Edit Text/Bespoke/Buyer Pages/Purchase Details/input_QTY_purchase-qty-txt'

2020-03-20 14:25:18 - [MESSAGE][PASSED] - Keys '*' sent to object: 'Object Repository/ADMIN/Edit Text/Bespoke/Buyer Pages/Purchase Details/input_QTY_purchase-qty-txt'

2020-03-20 14:25:18 - [TEST_STEP][PASSED] - sendKeys(findTestObject("ADMIN/Edit Text/Bespoke/Buyer Pages/Purchase Details/input_DELIVERY_purchase-delivery-txt (1)"), "*"): Keys '*' sent to object: 'Object Repository/ADMIN/Edit Text/Bespoke/Buyer Pages/Purchase Details/input_DELIVERY_purchase-delivery-txt (1)'

2020-03-20 14:25:18 - [MESSAGE][PASSED] - Keys '*' sent to object: 'Object Repository/ADMIN/Edit Text/Bespoke/Buyer Pages/Purchase Details/input_DELIVERY_purchase-delivery-txt (1)'

2020-03-20 14:25:18 - [TEST_STEP][PASSED] - sendKeys(findTestObject("ADMIN/Edit Text/Bespoke/Buyer Pages/Purchase Details/input_ORDER STATUS_purchase-orderstatus-txt"), "*"): Keys '*' sent to object: 'Object Repository/ADMIN/Edit Text/Bespoke/Buyer Pages/Purchase Details/input_ORDER STATUS_purchase-orderstatus-txt'

2020-03-20 14:25:19 - [MESSAGE][PASSED] - Keys '*' sent to object: 'Object Repository/ADMIN/Edit Text/Bespoke/Buyer Pages/Purchase Details/input_ORDER STATUS_purchase-orderstatus-txt'

2020-03-20 14:25:19 - [TEST_STEP][PASSED] - sendKeys(findTestObject("ADMIN/Edit Text/Bespoke/Buyer Pages/Purchase Details/input_REVIEWS_purchase-review-txt"), "*"): Keys '*' sent to object: 'Object Repository/ADMIN/Edit Text/Bespoke/Buyer Pages/Purchase Details/input_REVIEWS_purchase-review-txt'

2020-03-20 14:25:19 - [MESSAGE][PASSED] - Keys '*' sent to object: 'Object Repository/ADMIN/Edit Text/Bespoke/Buyer Pages/Purchase Details/input_REVIEWS_purchase-review-txt'

2020-03-20 14:25:19 - [TEST_STEP][PASSED] - sendKeys(findTestObject("ADMIN/Edit Text/Bespoke/Buyer Pages/Purchase Details/input_Sold By_sold-by"), "*"): Keys '*' sent to object: 'Object Repository/ADMIN/Edit Text/Bespoke/Buyer Pages/Purchase Details/input_Sold By_sold-by'

2020-03-20 14:25:19 - [MESSAGE][PASSED] - Keys '*' sent to object: 'Object Repository/ADMIN/Edit Text/Bespoke/Buyer Pages/Purchase Details/input_Sold By_sold-by'

2020-03-20 14:25:19 - [TEST_STEP][PASSED] - sendKeys(findTestObject("ADMIN/Edit Text/Bespoke/Buyer Pages/Purchase Details/input_Contact_Contact"), "*"): Keys '*' sent to object: 'Object Repository/ADMIN/Edit Text/Bespoke/Buyer Pages/Purchase Details/input_Contact_Contact'

2020-03-20 14:25:20 - [MESSAGE][PASSED] - Keys '*' sent to object: 'Object Repository/ADMIN/Edit Text/Bespoke/Buyer Pages/Purchase Details/input_Contact_Contact'

2020-03-20 14:25:20 - [TEST_STEP][PASSED] - sendKeys(findTestObject("ADMIN/Edit Text/Bespoke/Buyer Pages/Purchase Details/input_Delivery_Delivery"), "*"): Keys '*' sent to object: 'Object Repository/ADMIN/Edit Text/Bespoke/Buyer Pages/Purchase Details/input_Delivery_Delivery'

2020-03-20 14:25:20 - [MESSAGE][PASSED] - Keys '*' sent to object: 'Object Repository/ADMIN/Edit Text/Bespoke/Buyer Pages/Purchase Details/input_Delivery_Delivery'

2020-03-20 14:25:20 - [TEST_STEP][PASSED] - sendKeys(findTestObject("ADMIN/Edit Text/Bespoke/Buyer Pages/Purchase Details/input_Pickup_Pickup"), "*"): Keys '*' sent to object: 'Object Repository/ADMIN/Edit Text/Bespoke/Buyer Pages/Purchase Details/input_Pickup_Pickup'

2020-03-20 14:25:20 - [MESSAGE][PASSED] - Keys '*' sent to object: 'Object Repository/ADMIN/Edit Text/Bespoke/Buyer Pages/Purchase Details/input_Pickup_Pickup'

2020-03-20 14:25:20 - [TEST_STEP][PASSED] - sendKeys(findTestObject("ADMIN/Edit Text/Bespoke/Buyer Pages/Purchase Details/input_Leave a feedback_purchase-leave-feedback-txt"), "*"): Keys '*' sent to object: 'Object Repository/ADMIN/Edit Text/Bespoke/Buyer Pages/Purchase Details/input_Leave a feedback_purchase-leave-feedback-txt'

2020-03-20 14:25:20 - [MESSAGE][PASSED] - Keys '*' sent to object: 'Object Repository/ADMIN/Edit Text/Bespoke/Buyer Pages/Purchase Details/input_Leave a feedback_purchase-leave-feedback-txt'

2020-03-20 14:25:20 - [TEST_STEP][PASSED] - sendKeys(findTestObject("ADMIN/Edit Text/Bespoke/Buyer Pages/Purchase Details/input_Left feedback_purchase-left-feedback-txt"), "*"): Keys '*' sent to object: 'Object Repository/ADMIN/Edit Text/Bespoke/Buyer Pages/Purchase Details/input_Left feedback_purchase-left-feedback-txt'

2020-03-20 14:25:21 - [MESSAGE][PASSED] - Keys '*' sent to object: 'Object Repository/ADMIN/Edit Text/Bespoke/Buyer Pages/Purchase Details/input_Left feedback_purchase-left-feedback-txt'

2020-03-20 14:25:21 - [TEST_STEP][PASSED] - sendKeys(findTestObject("ADMIN/Edit Text/Bespoke/Buyer Pages/Purchase Details/input_BACK TO LIST_btn_back"), "*"): Keys '*' sent to object: 'Object Repository/ADMIN/Edit Text/Bespoke/Buyer Pages/Purchase Details/input_BACK TO LIST_btn_back'

2020-03-20 14:25:21 - [MESSAGE][PASSED] - Keys '*' sent to object: 'Object Repository/ADMIN/Edit Text/Bespoke/Buyer Pages/Purchase Details/input_BACK TO LIST_btn_back'

2020-03-20 14:25:21 - [TEST_STEP][PASSED] - sendKeys(findTestObject("ADMIN/Edit Text/Bespoke/Buyer Pages/Purchase Details/input_LEFT A FEEDBACK FOR_popup-title"), "*"): Keys '*' sent to object: 'Object Repository/ADMIN/Edit Text/Bespoke/Buyer Pages/Purchase Details/input_LEFT A FEEDBACK FOR_popup-title'

2020-03-20 14:25:21 - [MESSAGE][PASSED] - Keys '*' sent to object: 'Object Repository/ADMIN/Edit Text/Bespoke/Buyer Pages/Purchase Details/input_LEFT A FEEDBACK FOR_popup-title'

2020-03-20 14:25:21 - [TEST_STEP][PASSED] - sendKeys(findTestObject("ADMIN/Edit Text/Bespoke/Buyer Pages/Purchase Details/input_How much do you rate this item_popup-desc"), "*"): Keys '*' sent to object: 'Object Repository/ADMIN/Edit Text/Bespoke/Buyer Pages/Purchase Details/input_How much do you rate this item_popup-desc'

2020-03-20 14:25:21 - [MESSAGE][PASSED] - Keys '*' sent to object: 'Object Repository/ADMIN/Edit Text/Bespoke/Buyer Pages/Purchase Details/input_How much do you rate this item_popup-desc'

2020-03-20 14:25:21 - [TEST_STEP][PASSED] - sendKeys(findTestObject("ADMIN/Edit Text/Bespoke/Buyer Pages/Purchase Details/input_Leave a feedback_leave-feedback"), "*"): Keys '*' sent to object: 'Object Repository/ADMIN/Edit Text/Bespoke/Buyer Pages/Purchase Details/input_Leave a feedback_leave-feedback'

2020-03-20 14:25:22 - [MESSAGE][PASSED] - Keys '*' sent to object: 'Object Repository/ADMIN/Edit Text/Bespoke/Buyer Pages/Purchase Details/input_Leave a feedback_leave-feedback'

2020-03-20 14:25:22 - [TEST_STEP][PASSED] - sendKeys(findTestObject("ADMIN/Edit Text/Bespoke/Buyer Pages/Purchase Details/input_Excellent_excellent"), "*"): Keys '*' sent to object: 'Object Repository/ADMIN/Edit Text/Bespoke/Buyer Pages/Purchase Details/input_Excellent_excellent'

2020-03-20 14:25:22 - [MESSAGE][PASSED] - Keys '*' sent to object: 'Object Repository/ADMIN/Edit Text/Bespoke/Buyer Pages/Purchase Details/input_Excellent_excellent'

2020-03-20 14:25:22 - [TEST_STEP][PASSED] - sendKeys(findTestObject("ADMIN/Edit Text/Bespoke/Buyer Pages/Purchase Details/input_Great_great"), "*"): Keys '*' sent to object: 'Object Repository/ADMIN/Edit Text/Bespoke/Buyer Pages/Purchase Details/input_Great_great'

2020-03-20 14:25:22 - [MESSAGE][PASSED] - Keys '*' sent to object: 'Object Repository/ADMIN/Edit Text/Bespoke/Buyer Pages/Purchase Details/input_Great_great'

2020-03-20 14:25:22 - [TEST_STEP][PASSED] - sendKeys(findTestObject("ADMIN/Edit Text/Bespoke/Buyer Pages/Purchase Details/input_Good_good"), "*"): Keys '*' sent to object: 'Object Repository/ADMIN/Edit Text/Bespoke/Buyer Pages/Purchase Details/input_Good_good'

2020-03-20 14:25:22 - [MESSAGE][PASSED] - Keys '*' sent to object: 'Object Repository/ADMIN/Edit Text/Bespoke/Buyer Pages/Purchase Details/input_Good_good'

2020-03-20 14:25:22 - [TEST_STEP][PASSED] - sendKeys(findTestObject("ADMIN/Edit Text/Bespoke/Buyer Pages/Purchase Details/input_Okay_ok"), "*"): Keys '*' sent to object: 'Object Repository/ADMIN/Edit Text/Bespoke/Buyer Pages/Purchase Details/input_Okay_ok'

2020-03-20 14:25:23 - [MESSAGE][PASSED] - Keys '*' sent to object: 'Object Repository/ADMIN/Edit Text/Bespoke/Buyer Pages/Purchase Details/input_Okay_ok'

2020-03-20 14:25:23 - [TEST_STEP][PASSED] - sendKeys(findTestObject("ADMIN/Edit Text/Bespoke/Buyer Pages/Purchase Details/input_Unsatisfied_Unsatisfied"), "*"): Keys '*' sent to object: 'Object Repository/ADMIN/Edit Text/Bespoke/Buyer Pages/Purchase Details/input_Unsatisfied_Unsatisfied'

2020-03-20 14:25:23 - [MESSAGE][PASSED] - Keys '*' sent to object: 'Object Repository/ADMIN/Edit Text/Bespoke/Buyer Pages/Purchase Details/input_Unsatisfied_Unsatisfied'

2020-03-20 14:25:23 - [TEST_STEP][PASSED] - sendKeys(findTestObject("ADMIN/Edit Text/Bespoke/Buyer Pages/Purchase Details/input_SUBMIT_btn_okay"), "*"): Keys '*' sent to object: 'Object Repository/ADMIN/Edit Text/Bespoke/Buyer Pages/Purchase Details/input_SUBMIT_btn_okay'

2020-03-20 14:25:23 - [MESSAGE][PASSED] - Keys '*' sent to object: 'Object Repository/ADMIN/Edit Text/Bespoke/Buyer Pages/Purchase Details/input_SUBMIT_btn_okay'

2020-03-20 14:25:23 - [TEST_STEP][PASSED] - click(findTestObject("ADMIN/Edit Text/Bespoke/Buyer Pages/Homepage/button_save"), CONTINUE_ON_FAILURE): Object: 'Object Repository/ADMIN/Edit Text/Bespoke/Buyer Pages/Homepage/button_save' is clicked on

2020-03-20 14:25:24 - [MESSAGE][PASSED] - Object: 'Object Repository/ADMIN/Edit Text/Bespoke/Buyer Pages/Homepage/button_save' is clicked on

2020-03-20 14:25:24 - [TEST_STEP][PASSED] - waitForElementVisible(findTestObject("ADMIN/Edit Text/Bespoke/Buyer Pages/Homepage/toaster_success"), 0): Object 'Object Repository/ADMIN/Edit Text/Bespoke/Buyer Pages/Homepage/toaster_success' is visible

2020-03-20 14:25:24 - [MESSAGE][WARNING] - Timeout '0' is invalid. Using default page load timeout: '30'

2020-03-20 14:25:25 - [MESSAGE][PASSED] - Object 'Object Repository/ADMIN/Edit Text/Bespoke/Buyer Pages/Homepage/toaster_success' is visible]]></system-out>
         <system-err><![CDATA[]]></system-err>
      </testcase>
      <testcase name="Test Cases/ADMIN/Language/Edit Text/Bespoke/Buyer Pages/Purchase Details" time="10.349" classname="Test Cases/ADMIN/Language/Edit Text/Bespoke/Buyer Pages/Purchase Details" status="PASSED">
         <system-out><![CDATA[2020-03-20 14:25:25 - [TEST_CASE][PASSED] - Test Cases/ADMIN/Language/Edit Text/Bespoke/Buyer Pages/Purchase Details: Test Cases/ADMIN/Language/Edit Text/Bespoke/Buyer Pages/Purchase Details

2020-03-20 14:25:25 - [TEST_STEP][PASSED] - waitForElementVisible(findTestObject("ADMIN/Edit Text/Bespoke/Buyer Navigation/dd_language"), 0): Object 'Object Repository/ADMIN/Edit Text/Bespoke/Buyer Navigation/dd_language' is visible

2020-03-20 14:25:25 - [MESSAGE][WARNING] - Timeout '0' is invalid. Using default page load timeout: '30'

2020-03-20 14:25:25 - [MESSAGE][PASSED] - Object 'Object Repository/ADMIN/Edit Text/Bespoke/Buyer Navigation/dd_language' is visible

2020-03-20 14:25:25 - [TEST_STEP][PASSED] - selectOptionByLabel(findTestObject("ADMIN/Edit Text/Bespoke/Buyer Navigation/dd_language"), varLanguage, false): All options with label 'Chinese (Traditional)' are selected in object 'Object Repository/ADMIN/Edit Text/Bespoke/Buyer Navigation/dd_language' 

2020-03-20 14:25:27 - [MESSAGE][PASSED] - All options with label 'Chinese (Traditional)' are selected in object 'Object Repository/ADMIN/Edit Text/Bespoke/Buyer Navigation/dd_language' 

2020-03-20 14:25:27 - [TEST_STEP][PASSED] - sendKeys(findTestObject("ADMIN/Edit Text/Bespoke/Buyer Pages/Purchase Details/input_INVOICE ID_purchase-invoice-id"), "*"): Keys '*' sent to object: 'Object Repository/ADMIN/Edit Text/Bespoke/Buyer Pages/Purchase Details/input_INVOICE ID_purchase-invoice-id'

2020-03-20 14:25:27 - [MESSAGE][PASSED] - Keys '*' sent to object: 'Object Repository/ADMIN/Edit Text/Bespoke/Buyer Pages/Purchase Details/input_INVOICE ID_purchase-invoice-id'

2020-03-20 14:25:27 - [TEST_STEP][PASSED] - sendKeys(findTestObject("ADMIN/Edit Text/Bespoke/Buyer Pages/Purchase Details/input_TIMESTAMP_purchase-timestamp"), "*"): Keys '*' sent to object: 'Object Repository/ADMIN/Edit Text/Bespoke/Buyer Pages/Purchase Details/input_TIMESTAMP_purchase-timestamp'

2020-03-20 14:25:27 - [MESSAGE][PASSED] - Keys '*' sent to object: 'Object Repository/ADMIN/Edit Text/Bespoke/Buyer Pages/Purchase Details/input_TIMESTAMP_purchase-timestamp'

2020-03-20 14:25:27 - [TEST_STEP][PASSED] - sendKeys(findTestObject("ADMIN/Edit Text/Bespoke/Buyer Pages/Purchase Details/input_DELIVERY ADDRESS_purchase-delivery"), "*"): Keys '*' sent to object: 'Object Repository/ADMIN/Edit Text/Bespoke/Buyer Pages/Purchase Details/input_DELIVERY ADDRESS_purchase-delivery'

2020-03-20 14:25:28 - [MESSAGE][PASSED] - Keys '*' sent to object: 'Object Repository/ADMIN/Edit Text/Bespoke/Buyer Pages/Purchase Details/input_DELIVERY ADDRESS_purchase-delivery'

2020-03-20 14:25:28 - [TEST_STEP][PASSED] - sendKeys(findTestObject("ADMIN/Edit Text/Bespoke/Buyer Pages/Purchase Details/input_TRANSACTION TOTAL_purchase-transaction-total"), "*"): Keys '*' sent to object: 'Object Repository/ADMIN/Edit Text/Bespoke/Buyer Pages/Purchase Details/input_TRANSACTION TOTAL_purchase-transaction-total'

2020-03-20 14:25:28 - [MESSAGE][PASSED] - Keys '*' sent to object: 'Object Repository/ADMIN/Edit Text/Bespoke/Buyer Pages/Purchase Details/input_TRANSACTION TOTAL_purchase-transaction-total'

2020-03-20 14:25:28 - [TEST_STEP][PASSED] - sendKeys(findTestObject("ADMIN/Edit Text/Bespoke/Buyer Pages/Purchase Details/input_Subtotal_purchase-subtotal-txt"), "*"): Keys '*' sent to object: 'Object Repository/ADMIN/Edit Text/Bespoke/Buyer Pages/Purchase Details/input_Subtotal_purchase-subtotal-txt'

2020-03-20 14:25:28 - [MESSAGE][PASSED] - Keys '*' sent to object: 'Object Repository/ADMIN/Edit Text/Bespoke/Buyer Pages/Purchase Details/input_Subtotal_purchase-subtotal-txt'

2020-03-20 14:25:28 - [TEST_STEP][PASSED] - sendKeys(findTestObject("ADMIN/Edit Text/Bespoke/Buyer Pages/Purchase Details/input_PAYMENT METHOD_payment_method"), "*"): Keys '*' sent to object: 'Object Repository/ADMIN/Edit Text/Bespoke/Buyer Pages/Purchase Details/input_PAYMENT METHOD_payment_method'

2020-03-20 14:25:28 - [MESSAGE][PASSED] - Keys '*' sent to object: 'Object Repository/ADMIN/Edit Text/Bespoke/Buyer Pages/Purchase Details/input_PAYMENT METHOD_payment_method'

2020-03-20 14:25:28 - [TEST_STEP][PASSED] - sendKeys(findTestObject("ADMIN/Edit Text/Bespoke/Buyer Pages/Purchase Details/input_Delivery_purchase-delivery-txt"), "*"): Keys '*' sent to object: 'Object Repository/ADMIN/Edit Text/Bespoke/Buyer Pages/Purchase Details/input_Delivery_purchase-delivery-txt'

2020-03-20 14:25:28 - [MESSAGE][PASSED] - Keys '*' sent to object: 'Object Repository/ADMIN/Edit Text/Bespoke/Buyer Pages/Purchase Details/input_Delivery_purchase-delivery-txt'

2020-03-20 14:25:28 - [TEST_STEP][PASSED] - sendKeys(findTestObject("ADMIN/Edit Text/Bespoke/Buyer Pages/Purchase Details/input_PAYMENT STATUS_payment_status"), "*"): Keys '*' sent to object: 'Object Repository/ADMIN/Edit Text/Bespoke/Buyer Pages/Purchase Details/input_PAYMENT STATUS_payment_status'

2020-03-20 14:25:29 - [MESSAGE][PASSED] - Keys '*' sent to object: 'Object Repository/ADMIN/Edit Text/Bespoke/Buyer Pages/Purchase Details/input_PAYMENT STATUS_payment_status'

2020-03-20 14:25:29 - [TEST_STEP][PASSED] - sendKeys(findTestObject("ADMIN/Edit Text/Bespoke/Buyer Pages/Purchase Details/input_Bulk Delivery Discount_purchase-bulk-delivery-discount-txt"), "*"): Keys '*' sent to object: 'Object Repository/ADMIN/Edit Text/Bespoke/Buyer Pages/Purchase Details/input_Bulk Delivery Discount_purchase-bulk-delivery-discount-txt'

2020-03-20 14:25:29 - [MESSAGE][PASSED] - Keys '*' sent to object: 'Object Repository/ADMIN/Edit Text/Bespoke/Buyer Pages/Purchase Details/input_Bulk Delivery Discount_purchase-bulk-delivery-discount-txt'

2020-03-20 14:25:29 - [TEST_STEP][PASSED] - sendKeys(findTestObject("ADMIN/Edit Text/Bespoke/Buyer Pages/Purchase Details/input_ITEM_purchase-item-txt"), "*"): Keys '*' sent to object: 'Object Repository/ADMIN/Edit Text/Bespoke/Buyer Pages/Purchase Details/input_ITEM_purchase-item-txt'

2020-03-20 14:25:29 - [MESSAGE][PASSED] - Keys '*' sent to object: 'Object Repository/ADMIN/Edit Text/Bespoke/Buyer Pages/Purchase Details/input_ITEM_purchase-item-txt'

2020-03-20 14:25:29 - [TEST_STEP][PASSED] - sendKeys(findTestObject("ADMIN/Edit Text/Bespoke/Buyer Pages/Purchase Details/input_PRICE_purchase-price-txt"), "*"): Keys '*' sent to object: 'Object Repository/ADMIN/Edit Text/Bespoke/Buyer Pages/Purchase Details/input_PRICE_purchase-price-txt'

2020-03-20 14:25:29 - [MESSAGE][PASSED] - Keys '*' sent to object: 'Object Repository/ADMIN/Edit Text/Bespoke/Buyer Pages/Purchase Details/input_PRICE_purchase-price-txt'

2020-03-20 14:25:29 - [TEST_STEP][PASSED] - sendKeys(findTestObject("ADMIN/Edit Text/Bespoke/Buyer Pages/Purchase Details/input_QTY_purchase-qty-txt"), "*"): Keys '*' sent to object: 'Object Repository/ADMIN/Edit Text/Bespoke/Buyer Pages/Purchase Details/input_QTY_purchase-qty-txt'

2020-03-20 14:25:30 - [MESSAGE][PASSED] - Keys '*' sent to object: 'Object Repository/ADMIN/Edit Text/Bespoke/Buyer Pages/Purchase Details/input_QTY_purchase-qty-txt'

2020-03-20 14:25:30 - [TEST_STEP][PASSED] - sendKeys(findTestObject("ADMIN/Edit Text/Bespoke/Buyer Pages/Purchase Details/input_DELIVERY_purchase-delivery-txt (1)"), "*"): Keys '*' sent to object: 'Object Repository/ADMIN/Edit Text/Bespoke/Buyer Pages/Purchase Details/input_DELIVERY_purchase-delivery-txt (1)'

2020-03-20 14:25:30 - [MESSAGE][PASSED] - Keys '*' sent to object: 'Object Repository/ADMIN/Edit Text/Bespoke/Buyer Pages/Purchase Details/input_DELIVERY_purchase-delivery-txt (1)'

2020-03-20 14:25:30 - [TEST_STEP][PASSED] - sendKeys(findTestObject("ADMIN/Edit Text/Bespoke/Buyer Pages/Purchase Details/input_ORDER STATUS_purchase-orderstatus-txt"), "*"): Keys '*' sent to object: 'Object Repository/ADMIN/Edit Text/Bespoke/Buyer Pages/Purchase Details/input_ORDER STATUS_purchase-orderstatus-txt'

2020-03-20 14:25:30 - [MESSAGE][PASSED] - Keys '*' sent to object: 'Object Repository/ADMIN/Edit Text/Bespoke/Buyer Pages/Purchase Details/input_ORDER STATUS_purchase-orderstatus-txt'

2020-03-20 14:25:30 - [TEST_STEP][PASSED] - sendKeys(findTestObject("ADMIN/Edit Text/Bespoke/Buyer Pages/Purchase Details/input_REVIEWS_purchase-review-txt"), "*"): Keys '*' sent to object: 'Object Repository/ADMIN/Edit Text/Bespoke/Buyer Pages/Purchase Details/input_REVIEWS_purchase-review-txt'

2020-03-20 14:25:30 - [MESSAGE][PASSED] - Keys '*' sent to object: 'Object Repository/ADMIN/Edit Text/Bespoke/Buyer Pages/Purchase Details/input_REVIEWS_purchase-review-txt'

2020-03-20 14:25:30 - [TEST_STEP][PASSED] - sendKeys(findTestObject("ADMIN/Edit Text/Bespoke/Buyer Pages/Purchase Details/input_Sold By_sold-by"), "*"): Keys '*' sent to object: 'Object Repository/ADMIN/Edit Text/Bespoke/Buyer Pages/Purchase Details/input_Sold By_sold-by'

2020-03-20 14:25:31 - [MESSAGE][PASSED] - Keys '*' sent to object: 'Object Repository/ADMIN/Edit Text/Bespoke/Buyer Pages/Purchase Details/input_Sold By_sold-by'

2020-03-20 14:25:31 - [TEST_STEP][PASSED] - sendKeys(findTestObject("ADMIN/Edit Text/Bespoke/Buyer Pages/Purchase Details/input_Contact_Contact"), "*"): Keys '*' sent to object: 'Object Repository/ADMIN/Edit Text/Bespoke/Buyer Pages/Purchase Details/input_Contact_Contact'

2020-03-20 14:25:31 - [MESSAGE][PASSED] - Keys '*' sent to object: 'Object Repository/ADMIN/Edit Text/Bespoke/Buyer Pages/Purchase Details/input_Contact_Contact'

2020-03-20 14:25:31 - [TEST_STEP][PASSED] - sendKeys(findTestObject("ADMIN/Edit Text/Bespoke/Buyer Pages/Purchase Details/input_Delivery_Delivery"), "*"): Keys '*' sent to object: 'Object Repository/ADMIN/Edit Text/Bespoke/Buyer Pages/Purchase Details/input_Delivery_Delivery'

2020-03-20 14:25:31 - [MESSAGE][PASSED] - Keys '*' sent to object: 'Object Repository/ADMIN/Edit Text/Bespoke/Buyer Pages/Purchase Details/input_Delivery_Delivery'

2020-03-20 14:25:31 - [TEST_STEP][PASSED] - sendKeys(findTestObject("ADMIN/Edit Text/Bespoke/Buyer Pages/Purchase Details/input_Pickup_Pickup"), "*"): Keys '*' sent to object: 'Object Repository/ADMIN/Edit Text/Bespoke/Buyer Pages/Purchase Details/input_Pickup_Pickup'

2020-03-20 14:25:31 - [MESSAGE][PASSED] - Keys '*' sent to object: 'Object Repository/ADMIN/Edit Text/Bespoke/Buyer Pages/Purchase Details/input_Pickup_Pickup'

2020-03-20 14:25:31 - [TEST_STEP][PASSED] - sendKeys(findTestObject("ADMIN/Edit Text/Bespoke/Buyer Pages/Purchase Details/input_Leave a feedback_purchase-leave-feedback-txt"), "*"): Keys '*' sent to object: 'Object Repository/ADMIN/Edit Text/Bespoke/Buyer Pages/Purchase Details/input_Leave a feedback_purchase-leave-feedback-txt'

2020-03-20 14:25:31 - [MESSAGE][PASSED] - Keys '*' sent to object: 'Object Repository/ADMIN/Edit Text/Bespoke/Buyer Pages/Purchase Details/input_Leave a feedback_purchase-leave-feedback-txt'

2020-03-20 14:25:31 - [TEST_STEP][PASSED] - sendKeys(findTestObject("ADMIN/Edit Text/Bespoke/Buyer Pages/Purchase Details/input_Left feedback_purchase-left-feedback-txt"), "*"): Keys '*' sent to object: 'Object Repository/ADMIN/Edit Text/Bespoke/Buyer Pages/Purchase Details/input_Left feedback_purchase-left-feedback-txt'

2020-03-20 14:25:32 - [MESSAGE][PASSED] - Keys '*' sent to object: 'Object Repository/ADMIN/Edit Text/Bespoke/Buyer Pages/Purchase Details/input_Left feedback_purchase-left-feedback-txt'

2020-03-20 14:25:32 - [TEST_STEP][PASSED] - sendKeys(findTestObject("ADMIN/Edit Text/Bespoke/Buyer Pages/Purchase Details/input_BACK TO LIST_btn_back"), "*"): Keys '*' sent to object: 'Object Repository/ADMIN/Edit Text/Bespoke/Buyer Pages/Purchase Details/input_BACK TO LIST_btn_back'

2020-03-20 14:25:32 - [MESSAGE][PASSED] - Keys '*' sent to object: 'Object Repository/ADMIN/Edit Text/Bespoke/Buyer Pages/Purchase Details/input_BACK TO LIST_btn_back'

2020-03-20 14:25:32 - [TEST_STEP][PASSED] - sendKeys(findTestObject("ADMIN/Edit Text/Bespoke/Buyer Pages/Purchase Details/input_LEFT A FEEDBACK FOR_popup-title"), "*"): Keys '*' sent to object: 'Object Repository/ADMIN/Edit Text/Bespoke/Buyer Pages/Purchase Details/input_LEFT A FEEDBACK FOR_popup-title'

2020-03-20 14:25:32 - [MESSAGE][PASSED] - Keys '*' sent to object: 'Object Repository/ADMIN/Edit Text/Bespoke/Buyer Pages/Purchase Details/input_LEFT A FEEDBACK FOR_popup-title'

2020-03-20 14:25:32 - [TEST_STEP][PASSED] - sendKeys(findTestObject("ADMIN/Edit Text/Bespoke/Buyer Pages/Purchase Details/input_How much do you rate this item_popup-desc"), "*"): Keys '*' sent to object: 'Object Repository/ADMIN/Edit Text/Bespoke/Buyer Pages/Purchase Details/input_How much do you rate this item_popup-desc'

2020-03-20 14:25:32 - [MESSAGE][PASSED] - Keys '*' sent to object: 'Object Repository/ADMIN/Edit Text/Bespoke/Buyer Pages/Purchase Details/input_How much do you rate this item_popup-desc'

2020-03-20 14:25:32 - [TEST_STEP][PASSED] - sendKeys(findTestObject("ADMIN/Edit Text/Bespoke/Buyer Pages/Purchase Details/input_Leave a feedback_leave-feedback"), "*"): Keys '*' sent to object: 'Object Repository/ADMIN/Edit Text/Bespoke/Buyer Pages/Purchase Details/input_Leave a feedback_leave-feedback'

2020-03-20 14:25:32 - [MESSAGE][PASSED] - Keys '*' sent to object: 'Object Repository/ADMIN/Edit Text/Bespoke/Buyer Pages/Purchase Details/input_Leave a feedback_leave-feedback'

2020-03-20 14:25:32 - [TEST_STEP][PASSED] - sendKeys(findTestObject("ADMIN/Edit Text/Bespoke/Buyer Pages/Purchase Details/input_Excellent_excellent"), "*"): Keys '*' sent to object: 'Object Repository/ADMIN/Edit Text/Bespoke/Buyer Pages/Purchase Details/input_Excellent_excellent'

2020-03-20 14:25:33 - [MESSAGE][PASSED] - Keys '*' sent to object: 'Object Repository/ADMIN/Edit Text/Bespoke/Buyer Pages/Purchase Details/input_Excellent_excellent'

2020-03-20 14:25:33 - [TEST_STEP][PASSED] - sendKeys(findTestObject("ADMIN/Edit Text/Bespoke/Buyer Pages/Purchase Details/input_Great_great"), "*"): Keys '*' sent to object: 'Object Repository/ADMIN/Edit Text/Bespoke/Buyer Pages/Purchase Details/input_Great_great'

2020-03-20 14:25:33 - [MESSAGE][PASSED] - Keys '*' sent to object: 'Object Repository/ADMIN/Edit Text/Bespoke/Buyer Pages/Purchase Details/input_Great_great'

2020-03-20 14:25:33 - [TEST_STEP][PASSED] - sendKeys(findTestObject("ADMIN/Edit Text/Bespoke/Buyer Pages/Purchase Details/input_Good_good"), "*"): Keys '*' sent to object: 'Object Repository/ADMIN/Edit Text/Bespoke/Buyer Pages/Purchase Details/input_Good_good'

2020-03-20 14:25:33 - [MESSAGE][PASSED] - Keys '*' sent to object: 'Object Repository/ADMIN/Edit Text/Bespoke/Buyer Pages/Purchase Details/input_Good_good'

2020-03-20 14:25:33 - [TEST_STEP][PASSED] - sendKeys(findTestObject("ADMIN/Edit Text/Bespoke/Buyer Pages/Purchase Details/input_Okay_ok"), "*"): Keys '*' sent to object: 'Object Repository/ADMIN/Edit Text/Bespoke/Buyer Pages/Purchase Details/input_Okay_ok'

2020-03-20 14:25:34 - [MESSAGE][PASSED] - Keys '*' sent to object: 'Object Repository/ADMIN/Edit Text/Bespoke/Buyer Pages/Purchase Details/input_Okay_ok'

2020-03-20 14:25:34 - [TEST_STEP][PASSED] - sendKeys(findTestObject("ADMIN/Edit Text/Bespoke/Buyer Pages/Purchase Details/input_Unsatisfied_Unsatisfied"), "*"): Keys '*' sent to object: 'Object Repository/ADMIN/Edit Text/Bespoke/Buyer Pages/Purchase Details/input_Unsatisfied_Unsatisfied'

2020-03-20 14:25:34 - [MESSAGE][PASSED] - Keys '*' sent to object: 'Object Repository/ADMIN/Edit Text/Bespoke/Buyer Pages/Purchase Details/input_Unsatisfied_Unsatisfied'

2020-03-20 14:25:34 - [TEST_STEP][PASSED] - sendKeys(findTestObject("ADMIN/Edit Text/Bespoke/Buyer Pages/Purchase Details/input_SUBMIT_btn_okay"), "*"): Keys '*' sent to object: 'Object Repository/ADMIN/Edit Text/Bespoke/Buyer Pages/Purchase Details/input_SUBMIT_btn_okay'

2020-03-20 14:25:34 - [MESSAGE][PASSED] - Keys '*' sent to object: 'Object Repository/ADMIN/Edit Text/Bespoke/Buyer Pages/Purchase Details/input_SUBMIT_btn_okay'

2020-03-20 14:25:34 - [TEST_STEP][PASSED] - click(findTestObject("ADMIN/Edit Text/Bespoke/Buyer Pages/Homepage/button_save"), CONTINUE_ON_FAILURE): Object: 'Object Repository/ADMIN/Edit Text/Bespoke/Buyer Pages/Homepage/button_save' is clicked on

2020-03-20 14:25:34 - [MESSAGE][PASSED] - Object: 'Object Repository/ADMIN/Edit Text/Bespoke/Buyer Pages/Homepage/button_save' is clicked on

2020-03-20 14:25:34 - [TEST_STEP][PASSED] - waitForElementVisible(findTestObject("ADMIN/Edit Text/Bespoke/Buyer Pages/Homepage/toaster_success"), 0): Object 'Object Repository/ADMIN/Edit Text/Bespoke/Buyer Pages/Homepage/toaster_success' is visible

2020-03-20 14:25:34 - [MESSAGE][WARNING] - Timeout '0' is invalid. Using default page load timeout: '30'

2020-03-20 14:25:35 - [MESSAGE][PASSED] - Object 'Object Repository/ADMIN/Edit Text/Bespoke/Buyer Pages/Homepage/toaster_success' is visible]]></system-out>
         <system-err><![CDATA[]]></system-err>
      </testcase>
      <testcase name="Test Cases/ADMIN/Language/Edit Text/Bespoke/Buyer Pages/Purchase Details" time="9.797" classname="Test Cases/ADMIN/Language/Edit Text/Bespoke/Buyer Pages/Purchase Details" status="PASSED">
         <system-out><![CDATA[2020-03-20 14:25:35 - [TEST_CASE][PASSED] - Test Cases/ADMIN/Language/Edit Text/Bespoke/Buyer Pages/Purchase Details: Test Cases/ADMIN/Language/Edit Text/Bespoke/Buyer Pages/Purchase Details

2020-03-20 14:25:35 - [TEST_STEP][PASSED] - waitForElementVisible(findTestObject("ADMIN/Edit Text/Bespoke/Buyer Navigation/dd_language"), 0): Object 'Object Repository/ADMIN/Edit Text/Bespoke/Buyer Navigation/dd_language' is visible

2020-03-20 14:25:35 - [MESSAGE][WARNING] - Timeout '0' is invalid. Using default page load timeout: '30'

2020-03-20 14:25:35 - [MESSAGE][PASSED] - Object 'Object Repository/ADMIN/Edit Text/Bespoke/Buyer Navigation/dd_language' is visible

2020-03-20 14:25:35 - [TEST_STEP][PASSED] - selectOptionByLabel(findTestObject("ADMIN/Edit Text/Bespoke/Buyer Navigation/dd_language"), varLanguage, false): All options with label 'Portuguese' are selected in object 'Object Repository/ADMIN/Edit Text/Bespoke/Buyer Navigation/dd_language' 

2020-03-20 14:25:36 - [MESSAGE][PASSED] - All options with label 'Portuguese' are selected in object 'Object Repository/ADMIN/Edit Text/Bespoke/Buyer Navigation/dd_language' 

2020-03-20 14:25:36 - [TEST_STEP][PASSED] - sendKeys(findTestObject("ADMIN/Edit Text/Bespoke/Buyer Pages/Purchase Details/input_INVOICE ID_purchase-invoice-id"), "*"): Keys '*' sent to object: 'Object Repository/ADMIN/Edit Text/Bespoke/Buyer Pages/Purchase Details/input_INVOICE ID_purchase-invoice-id'

2020-03-20 14:25:37 - [MESSAGE][PASSED] - Keys '*' sent to object: 'Object Repository/ADMIN/Edit Text/Bespoke/Buyer Pages/Purchase Details/input_INVOICE ID_purchase-invoice-id'

2020-03-20 14:25:37 - [TEST_STEP][PASSED] - sendKeys(findTestObject("ADMIN/Edit Text/Bespoke/Buyer Pages/Purchase Details/input_TIMESTAMP_purchase-timestamp"), "*"): Keys '*' sent to object: 'Object Repository/ADMIN/Edit Text/Bespoke/Buyer Pages/Purchase Details/input_TIMESTAMP_purchase-timestamp'

2020-03-20 14:25:37 - [MESSAGE][PASSED] - Keys '*' sent to object: 'Object Repository/ADMIN/Edit Text/Bespoke/Buyer Pages/Purchase Details/input_TIMESTAMP_purchase-timestamp'

2020-03-20 14:25:37 - [TEST_STEP][PASSED] - sendKeys(findTestObject("ADMIN/Edit Text/Bespoke/Buyer Pages/Purchase Details/input_DELIVERY ADDRESS_purchase-delivery"), "*"): Keys '*' sent to object: 'Object Repository/ADMIN/Edit Text/Bespoke/Buyer Pages/Purchase Details/input_DELIVERY ADDRESS_purchase-delivery'

2020-03-20 14:25:37 - [MESSAGE][PASSED] - Keys '*' sent to object: 'Object Repository/ADMIN/Edit Text/Bespoke/Buyer Pages/Purchase Details/input_DELIVERY ADDRESS_purchase-delivery'

2020-03-20 14:25:37 - [TEST_STEP][PASSED] - sendKeys(findTestObject("ADMIN/Edit Text/Bespoke/Buyer Pages/Purchase Details/input_TRANSACTION TOTAL_purchase-transaction-total"), "*"): Keys '*' sent to object: 'Object Repository/ADMIN/Edit Text/Bespoke/Buyer Pages/Purchase Details/input_TRANSACTION TOTAL_purchase-transaction-total'

2020-03-20 14:25:37 - [MESSAGE][PASSED] - Keys '*' sent to object: 'Object Repository/ADMIN/Edit Text/Bespoke/Buyer Pages/Purchase Details/input_TRANSACTION TOTAL_purchase-transaction-total'

2020-03-20 14:25:37 - [TEST_STEP][PASSED] - sendKeys(findTestObject("ADMIN/Edit Text/Bespoke/Buyer Pages/Purchase Details/input_Subtotal_purchase-subtotal-txt"), "*"): Keys '*' sent to object: 'Object Repository/ADMIN/Edit Text/Bespoke/Buyer Pages/Purchase Details/input_Subtotal_purchase-subtotal-txt'

2020-03-20 14:25:38 - [MESSAGE][PASSED] - Keys '*' sent to object: 'Object Repository/ADMIN/Edit Text/Bespoke/Buyer Pages/Purchase Details/input_Subtotal_purchase-subtotal-txt'

2020-03-20 14:25:38 - [TEST_STEP][PASSED] - sendKeys(findTestObject("ADMIN/Edit Text/Bespoke/Buyer Pages/Purchase Details/input_PAYMENT METHOD_payment_method"), "*"): Keys '*' sent to object: 'Object Repository/ADMIN/Edit Text/Bespoke/Buyer Pages/Purchase Details/input_PAYMENT METHOD_payment_method'

2020-03-20 14:25:38 - [MESSAGE][PASSED] - Keys '*' sent to object: 'Object Repository/ADMIN/Edit Text/Bespoke/Buyer Pages/Purchase Details/input_PAYMENT METHOD_payment_method'

2020-03-20 14:25:38 - [TEST_STEP][PASSED] - sendKeys(findTestObject("ADMIN/Edit Text/Bespoke/Buyer Pages/Purchase Details/input_Delivery_purchase-delivery-txt"), "*"): Keys '*' sent to object: 'Object Repository/ADMIN/Edit Text/Bespoke/Buyer Pages/Purchase Details/input_Delivery_purchase-delivery-txt'

2020-03-20 14:25:38 - [MESSAGE][PASSED] - Keys '*' sent to object: 'Object Repository/ADMIN/Edit Text/Bespoke/Buyer Pages/Purchase Details/input_Delivery_purchase-delivery-txt'

2020-03-20 14:25:38 - [TEST_STEP][PASSED] - sendKeys(findTestObject("ADMIN/Edit Text/Bespoke/Buyer Pages/Purchase Details/input_PAYMENT STATUS_payment_status"), "*"): Keys '*' sent to object: 'Object Repository/ADMIN/Edit Text/Bespoke/Buyer Pages/Purchase Details/input_PAYMENT STATUS_payment_status'

2020-03-20 14:25:39 - [MESSAGE][PASSED] - Keys '*' sent to object: 'Object Repository/ADMIN/Edit Text/Bespoke/Buyer Pages/Purchase Details/input_PAYMENT STATUS_payment_status'

2020-03-20 14:25:39 - [TEST_STEP][PASSED] - sendKeys(findTestObject("ADMIN/Edit Text/Bespoke/Buyer Pages/Purchase Details/input_Bulk Delivery Discount_purchase-bulk-delivery-discount-txt"), "*"): Keys '*' sent to object: 'Object Repository/ADMIN/Edit Text/Bespoke/Buyer Pages/Purchase Details/input_Bulk Delivery Discount_purchase-bulk-delivery-discount-txt'

2020-03-20 14:25:39 - [MESSAGE][PASSED] - Keys '*' sent to object: 'Object Repository/ADMIN/Edit Text/Bespoke/Buyer Pages/Purchase Details/input_Bulk Delivery Discount_purchase-bulk-delivery-discount-txt'

2020-03-20 14:25:39 - [TEST_STEP][PASSED] - sendKeys(findTestObject("ADMIN/Edit Text/Bespoke/Buyer Pages/Purchase Details/input_ITEM_purchase-item-txt"), "*"): Keys '*' sent to object: 'Object Repository/ADMIN/Edit Text/Bespoke/Buyer Pages/Purchase Details/input_ITEM_purchase-item-txt'

2020-03-20 14:25:39 - [MESSAGE][PASSED] - Keys '*' sent to object: 'Object Repository/ADMIN/Edit Text/Bespoke/Buyer Pages/Purchase Details/input_ITEM_purchase-item-txt'

2020-03-20 14:25:39 - [TEST_STEP][PASSED] - sendKeys(findTestObject("ADMIN/Edit Text/Bespoke/Buyer Pages/Purchase Details/input_PRICE_purchase-price-txt"), "*"): Keys '*' sent to object: 'Object Repository/ADMIN/Edit Text/Bespoke/Buyer Pages/Purchase Details/input_PRICE_purchase-price-txt'

2020-03-20 14:25:39 - [MESSAGE][PASSED] - Keys '*' sent to object: 'Object Repository/ADMIN/Edit Text/Bespoke/Buyer Pages/Purchase Details/input_PRICE_purchase-price-txt'

2020-03-20 14:25:39 - [TEST_STEP][PASSED] - sendKeys(findTestObject("ADMIN/Edit Text/Bespoke/Buyer Pages/Purchase Details/input_QTY_purchase-qty-txt"), "*"): Keys '*' sent to object: 'Object Repository/ADMIN/Edit Text/Bespoke/Buyer Pages/Purchase Details/input_QTY_purchase-qty-txt'

2020-03-20 14:25:39 - [MESSAGE][PASSED] - Keys '*' sent to object: 'Object Repository/ADMIN/Edit Text/Bespoke/Buyer Pages/Purchase Details/input_QTY_purchase-qty-txt'

2020-03-20 14:25:39 - [TEST_STEP][PASSED] - sendKeys(findTestObject("ADMIN/Edit Text/Bespoke/Buyer Pages/Purchase Details/input_DELIVERY_purchase-delivery-txt (1)"), "*"): Keys '*' sent to object: 'Object Repository/ADMIN/Edit Text/Bespoke/Buyer Pages/Purchase Details/input_DELIVERY_purchase-delivery-txt (1)'

2020-03-20 14:25:40 - [MESSAGE][PASSED] - Keys '*' sent to object: 'Object Repository/ADMIN/Edit Text/Bespoke/Buyer Pages/Purchase Details/input_DELIVERY_purchase-delivery-txt (1)'

2020-03-20 14:25:40 - [TEST_STEP][PASSED] - sendKeys(findTestObject("ADMIN/Edit Text/Bespoke/Buyer Pages/Purchase Details/input_ORDER STATUS_purchase-orderstatus-txt"), "*"): Keys '*' sent to object: 'Object Repository/ADMIN/Edit Text/Bespoke/Buyer Pages/Purchase Details/input_ORDER STATUS_purchase-orderstatus-txt'

2020-03-20 14:25:40 - [MESSAGE][PASSED] - Keys '*' sent to object: 'Object Repository/ADMIN/Edit Text/Bespoke/Buyer Pages/Purchase Details/input_ORDER STATUS_purchase-orderstatus-txt'

2020-03-20 14:25:40 - [TEST_STEP][PASSED] - sendKeys(findTestObject("ADMIN/Edit Text/Bespoke/Buyer Pages/Purchase Details/input_REVIEWS_purchase-review-txt"), "*"): Keys '*' sent to object: 'Object Repository/ADMIN/Edit Text/Bespoke/Buyer Pages/Purchase Details/input_REVIEWS_purchase-review-txt'

2020-03-20 14:25:40 - [MESSAGE][PASSED] - Keys '*' sent to object: 'Object Repository/ADMIN/Edit Text/Bespoke/Buyer Pages/Purchase Details/input_REVIEWS_purchase-review-txt'

2020-03-20 14:25:40 - [TEST_STEP][PASSED] - sendKeys(findTestObject("ADMIN/Edit Text/Bespoke/Buyer Pages/Purchase Details/input_Sold By_sold-by"), "*"): Keys '*' sent to object: 'Object Repository/ADMIN/Edit Text/Bespoke/Buyer Pages/Purchase Details/input_Sold By_sold-by'

2020-03-20 14:25:41 - [MESSAGE][PASSED] - Keys '*' sent to object: 'Object Repository/ADMIN/Edit Text/Bespoke/Buyer Pages/Purchase Details/input_Sold By_sold-by'

2020-03-20 14:25:41 - [TEST_STEP][PASSED] - sendKeys(findTestObject("ADMIN/Edit Text/Bespoke/Buyer Pages/Purchase Details/input_Contact_Contact"), "*"): Keys '*' sent to object: 'Object Repository/ADMIN/Edit Text/Bespoke/Buyer Pages/Purchase Details/input_Contact_Contact'

2020-03-20 14:25:41 - [MESSAGE][PASSED] - Keys '*' sent to object: 'Object Repository/ADMIN/Edit Text/Bespoke/Buyer Pages/Purchase Details/input_Contact_Contact'

2020-03-20 14:25:41 - [TEST_STEP][PASSED] - sendKeys(findTestObject("ADMIN/Edit Text/Bespoke/Buyer Pages/Purchase Details/input_Delivery_Delivery"), "*"): Keys '*' sent to object: 'Object Repository/ADMIN/Edit Text/Bespoke/Buyer Pages/Purchase Details/input_Delivery_Delivery'

2020-03-20 14:25:41 - [MESSAGE][PASSED] - Keys '*' sent to object: 'Object Repository/ADMIN/Edit Text/Bespoke/Buyer Pages/Purchase Details/input_Delivery_Delivery'

2020-03-20 14:25:41 - [TEST_STEP][PASSED] - sendKeys(findTestObject("ADMIN/Edit Text/Bespoke/Buyer Pages/Purchase Details/input_Pickup_Pickup"), "*"): Keys '*' sent to object: 'Object Repository/ADMIN/Edit Text/Bespoke/Buyer Pages/Purchase Details/input_Pickup_Pickup'

2020-03-20 14:25:41 - [MESSAGE][PASSED] - Keys '*' sent to object: 'Object Repository/ADMIN/Edit Text/Bespoke/Buyer Pages/Purchase Details/input_Pickup_Pickup'

2020-03-20 14:25:41 - [TEST_STEP][PASSED] - sendKeys(findTestObject("ADMIN/Edit Text/Bespoke/Buyer Pages/Purchase Details/input_Leave a feedback_purchase-leave-feedback-txt"), "*"): Keys '*' sent to object: 'Object Repository/ADMIN/Edit Text/Bespoke/Buyer Pages/Purchase Details/input_Leave a feedback_purchase-leave-feedback-txt'

2020-03-20 14:25:41 - [MESSAGE][PASSED] - Keys '*' sent to object: 'Object Repository/ADMIN/Edit Text/Bespoke/Buyer Pages/Purchase Details/input_Leave a feedback_purchase-leave-feedback-txt'

2020-03-20 14:25:41 - [TEST_STEP][PASSED] - sendKeys(findTestObject("ADMIN/Edit Text/Bespoke/Buyer Pages/Purchase Details/input_Left feedback_purchase-left-feedback-txt"), "*"): Keys '*' sent to object: 'Object Repository/ADMIN/Edit Text/Bespoke/Buyer Pages/Purchase Details/input_Left feedback_purchase-left-feedback-txt'

2020-03-20 14:25:42 - [MESSAGE][PASSED] - Keys '*' sent to object: 'Object Repository/ADMIN/Edit Text/Bespoke/Buyer Pages/Purchase Details/input_Left feedback_purchase-left-feedback-txt'

2020-03-20 14:25:42 - [TEST_STEP][PASSED] - sendKeys(findTestObject("ADMIN/Edit Text/Bespoke/Buyer Pages/Purchase Details/input_BACK TO LIST_btn_back"), "*"): Keys '*' sent to object: 'Object Repository/ADMIN/Edit Text/Bespoke/Buyer Pages/Purchase Details/input_BACK TO LIST_btn_back'

2020-03-20 14:25:42 - [MESSAGE][PASSED] - Keys '*' sent to object: 'Object Repository/ADMIN/Edit Text/Bespoke/Buyer Pages/Purchase Details/input_BACK TO LIST_btn_back'

2020-03-20 14:25:42 - [TEST_STEP][PASSED] - sendKeys(findTestObject("ADMIN/Edit Text/Bespoke/Buyer Pages/Purchase Details/input_LEFT A FEEDBACK FOR_popup-title"), "*"): Keys '*' sent to object: 'Object Repository/ADMIN/Edit Text/Bespoke/Buyer Pages/Purchase Details/input_LEFT A FEEDBACK FOR_popup-title'

2020-03-20 14:25:42 - [MESSAGE][PASSED] - Keys '*' sent to object: 'Object Repository/ADMIN/Edit Text/Bespoke/Buyer Pages/Purchase Details/input_LEFT A FEEDBACK FOR_popup-title'

2020-03-20 14:25:42 - [TEST_STEP][PASSED] - sendKeys(findTestObject("ADMIN/Edit Text/Bespoke/Buyer Pages/Purchase Details/input_How much do you rate this item_popup-desc"), "*"): Keys '*' sent to object: 'Object Repository/ADMIN/Edit Text/Bespoke/Buyer Pages/Purchase Details/input_How much do you rate this item_popup-desc'

2020-03-20 14:25:43 - [MESSAGE][PASSED] - Keys '*' sent to object: 'Object Repository/ADMIN/Edit Text/Bespoke/Buyer Pages/Purchase Details/input_How much do you rate this item_popup-desc'

2020-03-20 14:25:43 - [TEST_STEP][PASSED] - sendKeys(findTestObject("ADMIN/Edit Text/Bespoke/Buyer Pages/Purchase Details/input_Leave a feedback_leave-feedback"), "*"): Keys '*' sent to object: 'Object Repository/ADMIN/Edit Text/Bespoke/Buyer Pages/Purchase Details/input_Leave a feedback_leave-feedback'

2020-03-20 14:25:43 - [MESSAGE][PASSED] - Keys '*' sent to object: 'Object Repository/ADMIN/Edit Text/Bespoke/Buyer Pages/Purchase Details/input_Leave a feedback_leave-feedback'

2020-03-20 14:25:43 - [TEST_STEP][PASSED] - sendKeys(findTestObject("ADMIN/Edit Text/Bespoke/Buyer Pages/Purchase Details/input_Excellent_excellent"), "*"): Keys '*' sent to object: 'Object Repository/ADMIN/Edit Text/Bespoke/Buyer Pages/Purchase Details/input_Excellent_excellent'

2020-03-20 14:25:43 - [MESSAGE][PASSED] - Keys '*' sent to object: 'Object Repository/ADMIN/Edit Text/Bespoke/Buyer Pages/Purchase Details/input_Excellent_excellent'

2020-03-20 14:25:43 - [TEST_STEP][PASSED] - sendKeys(findTestObject("ADMIN/Edit Text/Bespoke/Buyer Pages/Purchase Details/input_Great_great"), "*"): Keys '*' sent to object: 'Object Repository/ADMIN/Edit Text/Bespoke/Buyer Pages/Purchase Details/input_Great_great'

2020-03-20 14:25:43 - [MESSAGE][PASSED] - Keys '*' sent to object: 'Object Repository/ADMIN/Edit Text/Bespoke/Buyer Pages/Purchase Details/input_Great_great'

2020-03-20 14:25:43 - [TEST_STEP][PASSED] - sendKeys(findTestObject("ADMIN/Edit Text/Bespoke/Buyer Pages/Purchase Details/input_Good_good"), "*"): Keys '*' sent to object: 'Object Repository/ADMIN/Edit Text/Bespoke/Buyer Pages/Purchase Details/input_Good_good'

2020-03-20 14:25:43 - [MESSAGE][PASSED] - Keys '*' sent to object: 'Object Repository/ADMIN/Edit Text/Bespoke/Buyer Pages/Purchase Details/input_Good_good'

2020-03-20 14:25:43 - [TEST_STEP][PASSED] - sendKeys(findTestObject("ADMIN/Edit Text/Bespoke/Buyer Pages/Purchase Details/input_Okay_ok"), "*"): Keys '*' sent to object: 'Object Repository/ADMIN/Edit Text/Bespoke/Buyer Pages/Purchase Details/input_Okay_ok'

2020-03-20 14:25:44 - [MESSAGE][PASSED] - Keys '*' sent to object: 'Object Repository/ADMIN/Edit Text/Bespoke/Buyer Pages/Purchase Details/input_Okay_ok'

2020-03-20 14:25:44 - [TEST_STEP][PASSED] - sendKeys(findTestObject("ADMIN/Edit Text/Bespoke/Buyer Pages/Purchase Details/input_Unsatisfied_Unsatisfied"), "*"): Keys '*' sent to object: 'Object Repository/ADMIN/Edit Text/Bespoke/Buyer Pages/Purchase Details/input_Unsatisfied_Unsatisfied'

2020-03-20 14:25:44 - [MESSAGE][PASSED] - Keys '*' sent to object: 'Object Repository/ADMIN/Edit Text/Bespoke/Buyer Pages/Purchase Details/input_Unsatisfied_Unsatisfied'

2020-03-20 14:25:44 - [TEST_STEP][PASSED] - sendKeys(findTestObject("ADMIN/Edit Text/Bespoke/Buyer Pages/Purchase Details/input_SUBMIT_btn_okay"), "*"): Keys '*' sent to object: 'Object Repository/ADMIN/Edit Text/Bespoke/Buyer Pages/Purchase Details/input_SUBMIT_btn_okay'

2020-03-20 14:25:44 - [MESSAGE][PASSED] - Keys '*' sent to object: 'Object Repository/ADMIN/Edit Text/Bespoke/Buyer Pages/Purchase Details/input_SUBMIT_btn_okay'

2020-03-20 14:25:44 - [TEST_STEP][PASSED] - click(findTestObject("ADMIN/Edit Text/Bespoke/Buyer Pages/Homepage/button_save"), CONTINUE_ON_FAILURE): Object: 'Object Repository/ADMIN/Edit Text/Bespoke/Buyer Pages/Homepage/button_save' is clicked on

2020-03-20 14:25:44 - [MESSAGE][PASSED] - Object: 'Object Repository/ADMIN/Edit Text/Bespoke/Buyer Pages/Homepage/button_save' is clicked on

2020-03-20 14:25:44 - [TEST_STEP][PASSED] - waitForElementVisible(findTestObject("ADMIN/Edit Text/Bespoke/Buyer Pages/Homepage/toaster_success"), 0): Object 'Object Repository/ADMIN/Edit Text/Bespoke/Buyer Pages/Homepage/toaster_success' is visible

2020-03-20 14:25:44 - [MESSAGE][WARNING] - Timeout '0' is invalid. Using default page load timeout: '30'

2020-03-20 14:25:45 - [MESSAGE][PASSED] - Object 'Object Repository/ADMIN/Edit Text/Bespoke/Buyer Pages/Homepage/toaster_success' is visible]]></system-out>
         <system-err><![CDATA[]]></system-err>
      </testcase>
      <testcase name="Test Cases/ADMIN/Language/Edit Text/Bespoke/Buyer Pages/Purchase Details" time="9.248" classname="Test Cases/ADMIN/Language/Edit Text/Bespoke/Buyer Pages/Purchase Details" status="PASSED">
         <system-out><![CDATA[2020-03-20 14:25:45 - [TEST_CASE][PASSED] - Test Cases/ADMIN/Language/Edit Text/Bespoke/Buyer Pages/Purchase Details: Test Cases/ADMIN/Language/Edit Text/Bespoke/Buyer Pages/Purchase Details

2020-03-20 14:25:45 - [TEST_STEP][PASSED] - waitForElementVisible(findTestObject("ADMIN/Edit Text/Bespoke/Buyer Navigation/dd_language"), 0): Object 'Object Repository/ADMIN/Edit Text/Bespoke/Buyer Navigation/dd_language' is visible

2020-03-20 14:25:45 - [MESSAGE][WARNING] - Timeout '0' is invalid. Using default page load timeout: '30'

2020-03-20 14:25:45 - [MESSAGE][PASSED] - Object 'Object Repository/ADMIN/Edit Text/Bespoke/Buyer Navigation/dd_language' is visible

2020-03-20 14:25:45 - [TEST_STEP][PASSED] - selectOptionByLabel(findTestObject("ADMIN/Edit Text/Bespoke/Buyer Navigation/dd_language"), varLanguage, false): All options with label 'Indonesian' are selected in object 'Object Repository/ADMIN/Edit Text/Bespoke/Buyer Navigation/dd_language' 

2020-03-20 14:25:46 - [MESSAGE][PASSED] - All options with label 'Indonesian' are selected in object 'Object Repository/ADMIN/Edit Text/Bespoke/Buyer Navigation/dd_language' 

2020-03-20 14:25:46 - [TEST_STEP][PASSED] - sendKeys(findTestObject("ADMIN/Edit Text/Bespoke/Buyer Pages/Purchase Details/input_INVOICE ID_purchase-invoice-id"), "*"): Keys '*' sent to object: 'Object Repository/ADMIN/Edit Text/Bespoke/Buyer Pages/Purchase Details/input_INVOICE ID_purchase-invoice-id'

2020-03-20 14:25:46 - [MESSAGE][PASSED] - Keys '*' sent to object: 'Object Repository/ADMIN/Edit Text/Bespoke/Buyer Pages/Purchase Details/input_INVOICE ID_purchase-invoice-id'

2020-03-20 14:25:46 - [TEST_STEP][PASSED] - sendKeys(findTestObject("ADMIN/Edit Text/Bespoke/Buyer Pages/Purchase Details/input_TIMESTAMP_purchase-timestamp"), "*"): Keys '*' sent to object: 'Object Repository/ADMIN/Edit Text/Bespoke/Buyer Pages/Purchase Details/input_TIMESTAMP_purchase-timestamp'

2020-03-20 14:25:47 - [MESSAGE][PASSED] - Keys '*' sent to object: 'Object Repository/ADMIN/Edit Text/Bespoke/Buyer Pages/Purchase Details/input_TIMESTAMP_purchase-timestamp'

2020-03-20 14:25:47 - [TEST_STEP][PASSED] - sendKeys(findTestObject("ADMIN/Edit Text/Bespoke/Buyer Pages/Purchase Details/input_DELIVERY ADDRESS_purchase-delivery"), "*"): Keys '*' sent to object: 'Object Repository/ADMIN/Edit Text/Bespoke/Buyer Pages/Purchase Details/input_DELIVERY ADDRESS_purchase-delivery'

2020-03-20 14:25:47 - [MESSAGE][PASSED] - Keys '*' sent to object: 'Object Repository/ADMIN/Edit Text/Bespoke/Buyer Pages/Purchase Details/input_DELIVERY ADDRESS_purchase-delivery'

2020-03-20 14:25:47 - [TEST_STEP][PASSED] - sendKeys(findTestObject("ADMIN/Edit Text/Bespoke/Buyer Pages/Purchase Details/input_TRANSACTION TOTAL_purchase-transaction-total"), "*"): Keys '*' sent to object: 'Object Repository/ADMIN/Edit Text/Bespoke/Buyer Pages/Purchase Details/input_TRANSACTION TOTAL_purchase-transaction-total'

2020-03-20 14:25:47 - [MESSAGE][PASSED] - Keys '*' sent to object: 'Object Repository/ADMIN/Edit Text/Bespoke/Buyer Pages/Purchase Details/input_TRANSACTION TOTAL_purchase-transaction-total'

2020-03-20 14:25:47 - [TEST_STEP][PASSED] - sendKeys(findTestObject("ADMIN/Edit Text/Bespoke/Buyer Pages/Purchase Details/input_Subtotal_purchase-subtotal-txt"), "*"): Keys '*' sent to object: 'Object Repository/ADMIN/Edit Text/Bespoke/Buyer Pages/Purchase Details/input_Subtotal_purchase-subtotal-txt'

2020-03-20 14:25:47 - [MESSAGE][PASSED] - Keys '*' sent to object: 'Object Repository/ADMIN/Edit Text/Bespoke/Buyer Pages/Purchase Details/input_Subtotal_purchase-subtotal-txt'

2020-03-20 14:25:47 - [TEST_STEP][PASSED] - sendKeys(findTestObject("ADMIN/Edit Text/Bespoke/Buyer Pages/Purchase Details/input_PAYMENT METHOD_payment_method"), "*"): Keys '*' sent to object: 'Object Repository/ADMIN/Edit Text/Bespoke/Buyer Pages/Purchase Details/input_PAYMENT METHOD_payment_method'

2020-03-20 14:25:48 - [MESSAGE][PASSED] - Keys '*' sent to object: 'Object Repository/ADMIN/Edit Text/Bespoke/Buyer Pages/Purchase Details/input_PAYMENT METHOD_payment_method'

2020-03-20 14:25:48 - [TEST_STEP][PASSED] - sendKeys(findTestObject("ADMIN/Edit Text/Bespoke/Buyer Pages/Purchase Details/input_Delivery_purchase-delivery-txt"), "*"): Keys '*' sent to object: 'Object Repository/ADMIN/Edit Text/Bespoke/Buyer Pages/Purchase Details/input_Delivery_purchase-delivery-txt'

2020-03-20 14:25:48 - [MESSAGE][PASSED] - Keys '*' sent to object: 'Object Repository/ADMIN/Edit Text/Bespoke/Buyer Pages/Purchase Details/input_Delivery_purchase-delivery-txt'

2020-03-20 14:25:48 - [TEST_STEP][PASSED] - sendKeys(findTestObject("ADMIN/Edit Text/Bespoke/Buyer Pages/Purchase Details/input_PAYMENT STATUS_payment_status"), "*"): Keys '*' sent to object: 'Object Repository/ADMIN/Edit Text/Bespoke/Buyer Pages/Purchase Details/input_PAYMENT STATUS_payment_status'

2020-03-20 14:25:48 - [MESSAGE][PASSED] - Keys '*' sent to object: 'Object Repository/ADMIN/Edit Text/Bespoke/Buyer Pages/Purchase Details/input_PAYMENT STATUS_payment_status'

2020-03-20 14:25:48 - [TEST_STEP][PASSED] - sendKeys(findTestObject("ADMIN/Edit Text/Bespoke/Buyer Pages/Purchase Details/input_Bulk Delivery Discount_purchase-bulk-delivery-discount-txt"), "*"): Keys '*' sent to object: 'Object Repository/ADMIN/Edit Text/Bespoke/Buyer Pages/Purchase Details/input_Bulk Delivery Discount_purchase-bulk-delivery-discount-txt'

2020-03-20 14:25:48 - [MESSAGE][PASSED] - Keys '*' sent to object: 'Object Repository/ADMIN/Edit Text/Bespoke/Buyer Pages/Purchase Details/input_Bulk Delivery Discount_purchase-bulk-delivery-discount-txt'

2020-03-20 14:25:48 - [TEST_STEP][PASSED] - sendKeys(findTestObject("ADMIN/Edit Text/Bespoke/Buyer Pages/Purchase Details/input_ITEM_purchase-item-txt"), "*"): Keys '*' sent to object: 'Object Repository/ADMIN/Edit Text/Bespoke/Buyer Pages/Purchase Details/input_ITEM_purchase-item-txt'

2020-03-20 14:25:49 - [MESSAGE][PASSED] - Keys '*' sent to object: 'Object Repository/ADMIN/Edit Text/Bespoke/Buyer Pages/Purchase Details/input_ITEM_purchase-item-txt'

2020-03-20 14:25:49 - [TEST_STEP][PASSED] - sendKeys(findTestObject("ADMIN/Edit Text/Bespoke/Buyer Pages/Purchase Details/input_PRICE_purchase-price-txt"), "*"): Keys '*' sent to object: 'Object Repository/ADMIN/Edit Text/Bespoke/Buyer Pages/Purchase Details/input_PRICE_purchase-price-txt'

2020-03-20 14:25:49 - [MESSAGE][PASSED] - Keys '*' sent to object: 'Object Repository/ADMIN/Edit Text/Bespoke/Buyer Pages/Purchase Details/input_PRICE_purchase-price-txt'

2020-03-20 14:25:49 - [TEST_STEP][PASSED] - sendKeys(findTestObject("ADMIN/Edit Text/Bespoke/Buyer Pages/Purchase Details/input_QTY_purchase-qty-txt"), "*"): Keys '*' sent to object: 'Object Repository/ADMIN/Edit Text/Bespoke/Buyer Pages/Purchase Details/input_QTY_purchase-qty-txt'

2020-03-20 14:25:49 - [MESSAGE][PASSED] - Keys '*' sent to object: 'Object Repository/ADMIN/Edit Text/Bespoke/Buyer Pages/Purchase Details/input_QTY_purchase-qty-txt'

2020-03-20 14:25:49 - [TEST_STEP][PASSED] - sendKeys(findTestObject("ADMIN/Edit Text/Bespoke/Buyer Pages/Purchase Details/input_DELIVERY_purchase-delivery-txt (1)"), "*"): Keys '*' sent to object: 'Object Repository/ADMIN/Edit Text/Bespoke/Buyer Pages/Purchase Details/input_DELIVERY_purchase-delivery-txt (1)'

2020-03-20 14:25:49 - [MESSAGE][PASSED] - Keys '*' sent to object: 'Object Repository/ADMIN/Edit Text/Bespoke/Buyer Pages/Purchase Details/input_DELIVERY_purchase-delivery-txt (1)'

2020-03-20 14:25:49 - [TEST_STEP][PASSED] - sendKeys(findTestObject("ADMIN/Edit Text/Bespoke/Buyer Pages/Purchase Details/input_ORDER STATUS_purchase-orderstatus-txt"), "*"): Keys '*' sent to object: 'Object Repository/ADMIN/Edit Text/Bespoke/Buyer Pages/Purchase Details/input_ORDER STATUS_purchase-orderstatus-txt'

2020-03-20 14:25:50 - [MESSAGE][PASSED] - Keys '*' sent to object: 'Object Repository/ADMIN/Edit Text/Bespoke/Buyer Pages/Purchase Details/input_ORDER STATUS_purchase-orderstatus-txt'

2020-03-20 14:25:50 - [TEST_STEP][PASSED] - sendKeys(findTestObject("ADMIN/Edit Text/Bespoke/Buyer Pages/Purchase Details/input_REVIEWS_purchase-review-txt"), "*"): Keys '*' sent to object: 'Object Repository/ADMIN/Edit Text/Bespoke/Buyer Pages/Purchase Details/input_REVIEWS_purchase-review-txt'

2020-03-20 14:25:50 - [MESSAGE][PASSED] - Keys '*' sent to object: 'Object Repository/ADMIN/Edit Text/Bespoke/Buyer Pages/Purchase Details/input_REVIEWS_purchase-review-txt'

2020-03-20 14:25:50 - [TEST_STEP][PASSED] - sendKeys(findTestObject("ADMIN/Edit Text/Bespoke/Buyer Pages/Purchase Details/input_Sold By_sold-by"), "*"): Keys '*' sent to object: 'Object Repository/ADMIN/Edit Text/Bespoke/Buyer Pages/Purchase Details/input_Sold By_sold-by'

2020-03-20 14:25:50 - [MESSAGE][PASSED] - Keys '*' sent to object: 'Object Repository/ADMIN/Edit Text/Bespoke/Buyer Pages/Purchase Details/input_Sold By_sold-by'

2020-03-20 14:25:50 - [TEST_STEP][PASSED] - sendKeys(findTestObject("ADMIN/Edit Text/Bespoke/Buyer Pages/Purchase Details/input_Contact_Contact"), "*"): Keys '*' sent to object: 'Object Repository/ADMIN/Edit Text/Bespoke/Buyer Pages/Purchase Details/input_Contact_Contact'

2020-03-20 14:25:50 - [MESSAGE][PASSED] - Keys '*' sent to object: 'Object Repository/ADMIN/Edit Text/Bespoke/Buyer Pages/Purchase Details/input_Contact_Contact'

2020-03-20 14:25:50 - [TEST_STEP][PASSED] - sendKeys(findTestObject("ADMIN/Edit Text/Bespoke/Buyer Pages/Purchase Details/input_Delivery_Delivery"), "*"): Keys '*' sent to object: 'Object Repository/ADMIN/Edit Text/Bespoke/Buyer Pages/Purchase Details/input_Delivery_Delivery'

2020-03-20 14:25:51 - [MESSAGE][PASSED] - Keys '*' sent to object: 'Object Repository/ADMIN/Edit Text/Bespoke/Buyer Pages/Purchase Details/input_Delivery_Delivery'

2020-03-20 14:25:51 - [TEST_STEP][PASSED] - sendKeys(findTestObject("ADMIN/Edit Text/Bespoke/Buyer Pages/Purchase Details/input_Pickup_Pickup"), "*"): Keys '*' sent to object: 'Object Repository/ADMIN/Edit Text/Bespoke/Buyer Pages/Purchase Details/input_Pickup_Pickup'

2020-03-20 14:25:51 - [MESSAGE][PASSED] - Keys '*' sent to object: 'Object Repository/ADMIN/Edit Text/Bespoke/Buyer Pages/Purchase Details/input_Pickup_Pickup'

2020-03-20 14:25:51 - [TEST_STEP][PASSED] - sendKeys(findTestObject("ADMIN/Edit Text/Bespoke/Buyer Pages/Purchase Details/input_Leave a feedback_purchase-leave-feedback-txt"), "*"): Keys '*' sent to object: 'Object Repository/ADMIN/Edit Text/Bespoke/Buyer Pages/Purchase Details/input_Leave a feedback_purchase-leave-feedback-txt'

2020-03-20 14:25:51 - [MESSAGE][PASSED] - Keys '*' sent to object: 'Object Repository/ADMIN/Edit Text/Bespoke/Buyer Pages/Purchase Details/input_Leave a feedback_purchase-leave-feedback-txt'

2020-03-20 14:25:51 - [TEST_STEP][PASSED] - sendKeys(findTestObject("ADMIN/Edit Text/Bespoke/Buyer Pages/Purchase Details/input_Left feedback_purchase-left-feedback-txt"), "*"): Keys '*' sent to object: 'Object Repository/ADMIN/Edit Text/Bespoke/Buyer Pages/Purchase Details/input_Left feedback_purchase-left-feedback-txt'

2020-03-20 14:25:51 - [MESSAGE][PASSED] - Keys '*' sent to object: 'Object Repository/ADMIN/Edit Text/Bespoke/Buyer Pages/Purchase Details/input_Left feedback_purchase-left-feedback-txt'

2020-03-20 14:25:51 - [TEST_STEP][PASSED] - sendKeys(findTestObject("ADMIN/Edit Text/Bespoke/Buyer Pages/Purchase Details/input_BACK TO LIST_btn_back"), "*"): Keys '*' sent to object: 'Object Repository/ADMIN/Edit Text/Bespoke/Buyer Pages/Purchase Details/input_BACK TO LIST_btn_back'

2020-03-20 14:25:51 - [MESSAGE][PASSED] - Keys '*' sent to object: 'Object Repository/ADMIN/Edit Text/Bespoke/Buyer Pages/Purchase Details/input_BACK TO LIST_btn_back'

2020-03-20 14:25:51 - [TEST_STEP][PASSED] - sendKeys(findTestObject("ADMIN/Edit Text/Bespoke/Buyer Pages/Purchase Details/input_LEFT A FEEDBACK FOR_popup-title"), "*"): Keys '*' sent to object: 'Object Repository/ADMIN/Edit Text/Bespoke/Buyer Pages/Purchase Details/input_LEFT A FEEDBACK FOR_popup-title'

2020-03-20 14:25:52 - [MESSAGE][PASSED] - Keys '*' sent to object: 'Object Repository/ADMIN/Edit Text/Bespoke/Buyer Pages/Purchase Details/input_LEFT A FEEDBACK FOR_popup-title'

2020-03-20 14:25:52 - [TEST_STEP][PASSED] - sendKeys(findTestObject("ADMIN/Edit Text/Bespoke/Buyer Pages/Purchase Details/input_How much do you rate this item_popup-desc"), "*"): Keys '*' sent to object: 'Object Repository/ADMIN/Edit Text/Bespoke/Buyer Pages/Purchase Details/input_How much do you rate this item_popup-desc'

2020-03-20 14:25:52 - [MESSAGE][PASSED] - Keys '*' sent to object: 'Object Repository/ADMIN/Edit Text/Bespoke/Buyer Pages/Purchase Details/input_How much do you rate this item_popup-desc'

2020-03-20 14:25:52 - [TEST_STEP][PASSED] - sendKeys(findTestObject("ADMIN/Edit Text/Bespoke/Buyer Pages/Purchase Details/input_Leave a feedback_leave-feedback"), "*"): Keys '*' sent to object: 'Object Repository/ADMIN/Edit Text/Bespoke/Buyer Pages/Purchase Details/input_Leave a feedback_leave-feedback'

2020-03-20 14:25:52 - [MESSAGE][PASSED] - Keys '*' sent to object: 'Object Repository/ADMIN/Edit Text/Bespoke/Buyer Pages/Purchase Details/input_Leave a feedback_leave-feedback'

2020-03-20 14:25:52 - [TEST_STEP][PASSED] - sendKeys(findTestObject("ADMIN/Edit Text/Bespoke/Buyer Pages/Purchase Details/input_Excellent_excellent"), "*"): Keys '*' sent to object: 'Object Repository/ADMIN/Edit Text/Bespoke/Buyer Pages/Purchase Details/input_Excellent_excellent'

2020-03-20 14:25:52 - [MESSAGE][PASSED] - Keys '*' sent to object: 'Object Repository/ADMIN/Edit Text/Bespoke/Buyer Pages/Purchase Details/input_Excellent_excellent'

2020-03-20 14:25:52 - [TEST_STEP][PASSED] - sendKeys(findTestObject("ADMIN/Edit Text/Bespoke/Buyer Pages/Purchase Details/input_Great_great"), "*"): Keys '*' sent to object: 'Object Repository/ADMIN/Edit Text/Bespoke/Buyer Pages/Purchase Details/input_Great_great'

2020-03-20 14:25:52 - [MESSAGE][PASSED] - Keys '*' sent to object: 'Object Repository/ADMIN/Edit Text/Bespoke/Buyer Pages/Purchase Details/input_Great_great'

2020-03-20 14:25:52 - [TEST_STEP][PASSED] - sendKeys(findTestObject("ADMIN/Edit Text/Bespoke/Buyer Pages/Purchase Details/input_Good_good"), "*"): Keys '*' sent to object: 'Object Repository/ADMIN/Edit Text/Bespoke/Buyer Pages/Purchase Details/input_Good_good'

2020-03-20 14:25:53 - [MESSAGE][PASSED] - Keys '*' sent to object: 'Object Repository/ADMIN/Edit Text/Bespoke/Buyer Pages/Purchase Details/input_Good_good'

2020-03-20 14:25:53 - [TEST_STEP][PASSED] - sendKeys(findTestObject("ADMIN/Edit Text/Bespoke/Buyer Pages/Purchase Details/input_Okay_ok"), "*"): Keys '*' sent to object: 'Object Repository/ADMIN/Edit Text/Bespoke/Buyer Pages/Purchase Details/input_Okay_ok'

2020-03-20 14:25:53 - [MESSAGE][PASSED] - Keys '*' sent to object: 'Object Repository/ADMIN/Edit Text/Bespoke/Buyer Pages/Purchase Details/input_Okay_ok'

2020-03-20 14:25:53 - [TEST_STEP][PASSED] - sendKeys(findTestObject("ADMIN/Edit Text/Bespoke/Buyer Pages/Purchase Details/input_Unsatisfied_Unsatisfied"), "*"): Keys '*' sent to object: 'Object Repository/ADMIN/Edit Text/Bespoke/Buyer Pages/Purchase Details/input_Unsatisfied_Unsatisfied'

2020-03-20 14:25:53 - [MESSAGE][PASSED] - Keys '*' sent to object: 'Object Repository/ADMIN/Edit Text/Bespoke/Buyer Pages/Purchase Details/input_Unsatisfied_Unsatisfied'

2020-03-20 14:25:53 - [TEST_STEP][PASSED] - sendKeys(findTestObject("ADMIN/Edit Text/Bespoke/Buyer Pages/Purchase Details/input_SUBMIT_btn_okay"), "*"): Keys '*' sent to object: 'Object Repository/ADMIN/Edit Text/Bespoke/Buyer Pages/Purchase Details/input_SUBMIT_btn_okay'

2020-03-20 14:25:54 - [MESSAGE][PASSED] - Keys '*' sent to object: 'Object Repository/ADMIN/Edit Text/Bespoke/Buyer Pages/Purchase Details/input_SUBMIT_btn_okay'

2020-03-20 14:25:54 - [TEST_STEP][PASSED] - click(findTestObject("ADMIN/Edit Text/Bespoke/Buyer Pages/Homepage/button_save"), CONTINUE_ON_FAILURE): Object: 'Object Repository/ADMIN/Edit Text/Bespoke/Buyer Pages/Homepage/button_save' is clicked on

2020-03-20 14:25:54 - [MESSAGE][PASSED] - Object: 'Object Repository/ADMIN/Edit Text/Bespoke/Buyer Pages/Homepage/button_save' is clicked on

2020-03-20 14:25:54 - [TEST_STEP][PASSED] - waitForElementVisible(findTestObject("ADMIN/Edit Text/Bespoke/Buyer Pages/Homepage/toaster_success"), 0): Object 'Object Repository/ADMIN/Edit Text/Bespoke/Buyer Pages/Homepage/toaster_success' is visible

2020-03-20 14:25:54 - [MESSAGE][WARNING] - Timeout '0' is invalid. Using default page load timeout: '30'

2020-03-20 14:25:54 - [MESSAGE][PASSED] - Object 'Object Repository/ADMIN/Edit Text/Bespoke/Buyer Pages/Homepage/toaster_success' is visible]]></system-out>
         <system-err><![CDATA[]]></system-err>
      </testcase>
      <testcase name="Test Cases/ADMIN/Language/Edit Text/Bespoke/Buyer Pages/Purchase Details" time="10.44" classname="Test Cases/ADMIN/Language/Edit Text/Bespoke/Buyer Pages/Purchase Details" status="PASSED">
         <system-out><![CDATA[2020-03-20 14:25:54 - [TEST_CASE][PASSED] - Test Cases/ADMIN/Language/Edit Text/Bespoke/Buyer Pages/Purchase Details: Test Cases/ADMIN/Language/Edit Text/Bespoke/Buyer Pages/Purchase Details

2020-03-20 14:25:54 - [TEST_STEP][PASSED] - waitForElementVisible(findTestObject("ADMIN/Edit Text/Bespoke/Buyer Navigation/dd_language"), 0): Object 'Object Repository/ADMIN/Edit Text/Bespoke/Buyer Navigation/dd_language' is visible

2020-03-20 14:25:54 - [MESSAGE][WARNING] - Timeout '0' is invalid. Using default page load timeout: '30'

2020-03-20 14:25:54 - [MESSAGE][PASSED] - Object 'Object Repository/ADMIN/Edit Text/Bespoke/Buyer Navigation/dd_language' is visible

2020-03-20 14:25:54 - [TEST_STEP][PASSED] - selectOptionByLabel(findTestObject("ADMIN/Edit Text/Bespoke/Buyer Navigation/dd_language"), varLanguage, false): All options with label 'Russian' are selected in object 'Object Repository/ADMIN/Edit Text/Bespoke/Buyer Navigation/dd_language' 

2020-03-20 14:25:55 - [MESSAGE][PASSED] - All options with label 'Russian' are selected in object 'Object Repository/ADMIN/Edit Text/Bespoke/Buyer Navigation/dd_language' 

2020-03-20 14:25:55 - [TEST_STEP][PASSED] - sendKeys(findTestObject("ADMIN/Edit Text/Bespoke/Buyer Pages/Purchase Details/input_INVOICE ID_purchase-invoice-id"), "*"): Keys '*' sent to object: 'Object Repository/ADMIN/Edit Text/Bespoke/Buyer Pages/Purchase Details/input_INVOICE ID_purchase-invoice-id'

2020-03-20 14:25:56 - [MESSAGE][PASSED] - Keys '*' sent to object: 'Object Repository/ADMIN/Edit Text/Bespoke/Buyer Pages/Purchase Details/input_INVOICE ID_purchase-invoice-id'

2020-03-20 14:25:56 - [TEST_STEP][PASSED] - sendKeys(findTestObject("ADMIN/Edit Text/Bespoke/Buyer Pages/Purchase Details/input_TIMESTAMP_purchase-timestamp"), "*"): Keys '*' sent to object: 'Object Repository/ADMIN/Edit Text/Bespoke/Buyer Pages/Purchase Details/input_TIMESTAMP_purchase-timestamp'

2020-03-20 14:25:56 - [MESSAGE][PASSED] - Keys '*' sent to object: 'Object Repository/ADMIN/Edit Text/Bespoke/Buyer Pages/Purchase Details/input_TIMESTAMP_purchase-timestamp'

2020-03-20 14:25:56 - [TEST_STEP][PASSED] - sendKeys(findTestObject("ADMIN/Edit Text/Bespoke/Buyer Pages/Purchase Details/input_DELIVERY ADDRESS_purchase-delivery"), "*"): Keys '*' sent to object: 'Object Repository/ADMIN/Edit Text/Bespoke/Buyer Pages/Purchase Details/input_DELIVERY ADDRESS_purchase-delivery'

2020-03-20 14:25:56 - [MESSAGE][PASSED] - Keys '*' sent to object: 'Object Repository/ADMIN/Edit Text/Bespoke/Buyer Pages/Purchase Details/input_DELIVERY ADDRESS_purchase-delivery'

2020-03-20 14:25:56 - [TEST_STEP][PASSED] - sendKeys(findTestObject("ADMIN/Edit Text/Bespoke/Buyer Pages/Purchase Details/input_TRANSACTION TOTAL_purchase-transaction-total"), "*"): Keys '*' sent to object: 'Object Repository/ADMIN/Edit Text/Bespoke/Buyer Pages/Purchase Details/input_TRANSACTION TOTAL_purchase-transaction-total'

2020-03-20 14:25:57 - [MESSAGE][PASSED] - Keys '*' sent to object: 'Object Repository/ADMIN/Edit Text/Bespoke/Buyer Pages/Purchase Details/input_TRANSACTION TOTAL_purchase-transaction-total'

2020-03-20 14:25:57 - [TEST_STEP][PASSED] - sendKeys(findTestObject("ADMIN/Edit Text/Bespoke/Buyer Pages/Purchase Details/input_Subtotal_purchase-subtotal-txt"), "*"): Keys '*' sent to object: 'Object Repository/ADMIN/Edit Text/Bespoke/Buyer Pages/Purchase Details/input_Subtotal_purchase-subtotal-txt'

2020-03-20 14:25:57 - [MESSAGE][PASSED] - Keys '*' sent to object: 'Object Repository/ADMIN/Edit Text/Bespoke/Buyer Pages/Purchase Details/input_Subtotal_purchase-subtotal-txt'

2020-03-20 14:25:57 - [TEST_STEP][PASSED] - sendKeys(findTestObject("ADMIN/Edit Text/Bespoke/Buyer Pages/Purchase Details/input_PAYMENT METHOD_payment_method"), "*"): Keys '*' sent to object: 'Object Repository/ADMIN/Edit Text/Bespoke/Buyer Pages/Purchase Details/input_PAYMENT METHOD_payment_method'

2020-03-20 14:25:57 - [MESSAGE][PASSED] - Keys '*' sent to object: 'Object Repository/ADMIN/Edit Text/Bespoke/Buyer Pages/Purchase Details/input_PAYMENT METHOD_payment_method'

2020-03-20 14:25:57 - [TEST_STEP][PASSED] - sendKeys(findTestObject("ADMIN/Edit Text/Bespoke/Buyer Pages/Purchase Details/input_Delivery_purchase-delivery-txt"), "*"): Keys '*' sent to object: 'Object Repository/ADMIN/Edit Text/Bespoke/Buyer Pages/Purchase Details/input_Delivery_purchase-delivery-txt'

2020-03-20 14:25:58 - [MESSAGE][PASSED] - Keys '*' sent to object: 'Object Repository/ADMIN/Edit Text/Bespoke/Buyer Pages/Purchase Details/input_Delivery_purchase-delivery-txt'

2020-03-20 14:25:58 - [TEST_STEP][PASSED] - sendKeys(findTestObject("ADMIN/Edit Text/Bespoke/Buyer Pages/Purchase Details/input_PAYMENT STATUS_payment_status"), "*"): Keys '*' sent to object: 'Object Repository/ADMIN/Edit Text/Bespoke/Buyer Pages/Purchase Details/input_PAYMENT STATUS_payment_status'

2020-03-20 14:25:58 - [MESSAGE][PASSED] - Keys '*' sent to object: 'Object Repository/ADMIN/Edit Text/Bespoke/Buyer Pages/Purchase Details/input_PAYMENT STATUS_payment_status'

2020-03-20 14:25:58 - [TEST_STEP][PASSED] - sendKeys(findTestObject("ADMIN/Edit Text/Bespoke/Buyer Pages/Purchase Details/input_Bulk Delivery Discount_purchase-bulk-delivery-discount-txt"), "*"): Keys '*' sent to object: 'Object Repository/ADMIN/Edit Text/Bespoke/Buyer Pages/Purchase Details/input_Bulk Delivery Discount_purchase-bulk-delivery-discount-txt'

2020-03-20 14:25:58 - [MESSAGE][PASSED] - Keys '*' sent to object: 'Object Repository/ADMIN/Edit Text/Bespoke/Buyer Pages/Purchase Details/input_Bulk Delivery Discount_purchase-bulk-delivery-discount-txt'

2020-03-20 14:25:58 - [TEST_STEP][PASSED] - sendKeys(findTestObject("ADMIN/Edit Text/Bespoke/Buyer Pages/Purchase Details/input_ITEM_purchase-item-txt"), "*"): Keys '*' sent to object: 'Object Repository/ADMIN/Edit Text/Bespoke/Buyer Pages/Purchase Details/input_ITEM_purchase-item-txt'

2020-03-20 14:25:58 - [MESSAGE][PASSED] - Keys '*' sent to object: 'Object Repository/ADMIN/Edit Text/Bespoke/Buyer Pages/Purchase Details/input_ITEM_purchase-item-txt'

2020-03-20 14:25:58 - [TEST_STEP][PASSED] - sendKeys(findTestObject("ADMIN/Edit Text/Bespoke/Buyer Pages/Purchase Details/input_PRICE_purchase-price-txt"), "*"): Keys '*' sent to object: 'Object Repository/ADMIN/Edit Text/Bespoke/Buyer Pages/Purchase Details/input_PRICE_purchase-price-txt'

2020-03-20 14:25:59 - [MESSAGE][PASSED] - Keys '*' sent to object: 'Object Repository/ADMIN/Edit Text/Bespoke/Buyer Pages/Purchase Details/input_PRICE_purchase-price-txt'

2020-03-20 14:25:59 - [TEST_STEP][PASSED] - sendKeys(findTestObject("ADMIN/Edit Text/Bespoke/Buyer Pages/Purchase Details/input_QTY_purchase-qty-txt"), "*"): Keys '*' sent to object: 'Object Repository/ADMIN/Edit Text/Bespoke/Buyer Pages/Purchase Details/input_QTY_purchase-qty-txt'

2020-03-20 14:25:59 - [MESSAGE][PASSED] - Keys '*' sent to object: 'Object Repository/ADMIN/Edit Text/Bespoke/Buyer Pages/Purchase Details/input_QTY_purchase-qty-txt'

2020-03-20 14:25:59 - [TEST_STEP][PASSED] - sendKeys(findTestObject("ADMIN/Edit Text/Bespoke/Buyer Pages/Purchase Details/input_DELIVERY_purchase-delivery-txt (1)"), "*"): Keys '*' sent to object: 'Object Repository/ADMIN/Edit Text/Bespoke/Buyer Pages/Purchase Details/input_DELIVERY_purchase-delivery-txt (1)'

2020-03-20 14:25:59 - [MESSAGE][PASSED] - Keys '*' sent to object: 'Object Repository/ADMIN/Edit Text/Bespoke/Buyer Pages/Purchase Details/input_DELIVERY_purchase-delivery-txt (1)'

2020-03-20 14:25:59 - [TEST_STEP][PASSED] - sendKeys(findTestObject("ADMIN/Edit Text/Bespoke/Buyer Pages/Purchase Details/input_ORDER STATUS_purchase-orderstatus-txt"), "*"): Keys '*' sent to object: 'Object Repository/ADMIN/Edit Text/Bespoke/Buyer Pages/Purchase Details/input_ORDER STATUS_purchase-orderstatus-txt'

2020-03-20 14:25:59 - [MESSAGE][PASSED] - Keys '*' sent to object: 'Object Repository/ADMIN/Edit Text/Bespoke/Buyer Pages/Purchase Details/input_ORDER STATUS_purchase-orderstatus-txt'

2020-03-20 14:25:59 - [TEST_STEP][PASSED] - sendKeys(findTestObject("ADMIN/Edit Text/Bespoke/Buyer Pages/Purchase Details/input_REVIEWS_purchase-review-txt"), "*"): Keys '*' sent to object: 'Object Repository/ADMIN/Edit Text/Bespoke/Buyer Pages/Purchase Details/input_REVIEWS_purchase-review-txt'

2020-03-20 14:26:00 - [MESSAGE][PASSED] - Keys '*' sent to object: 'Object Repository/ADMIN/Edit Text/Bespoke/Buyer Pages/Purchase Details/input_REVIEWS_purchase-review-txt'

2020-03-20 14:26:00 - [TEST_STEP][PASSED] - sendKeys(findTestObject("ADMIN/Edit Text/Bespoke/Buyer Pages/Purchase Details/input_Sold By_sold-by"), "*"): Keys '*' sent to object: 'Object Repository/ADMIN/Edit Text/Bespoke/Buyer Pages/Purchase Details/input_Sold By_sold-by'

2020-03-20 14:26:00 - [MESSAGE][PASSED] - Keys '*' sent to object: 'Object Repository/ADMIN/Edit Text/Bespoke/Buyer Pages/Purchase Details/input_Sold By_sold-by'

2020-03-20 14:26:00 - [TEST_STEP][PASSED] - sendKeys(findTestObject("ADMIN/Edit Text/Bespoke/Buyer Pages/Purchase Details/input_Contact_Contact"), "*"): Keys '*' sent to object: 'Object Repository/ADMIN/Edit Text/Bespoke/Buyer Pages/Purchase Details/input_Contact_Contact'

2020-03-20 14:26:00 - [MESSAGE][PASSED] - Keys '*' sent to object: 'Object Repository/ADMIN/Edit Text/Bespoke/Buyer Pages/Purchase Details/input_Contact_Contact'

2020-03-20 14:26:00 - [TEST_STEP][PASSED] - sendKeys(findTestObject("ADMIN/Edit Text/Bespoke/Buyer Pages/Purchase Details/input_Delivery_Delivery"), "*"): Keys '*' sent to object: 'Object Repository/ADMIN/Edit Text/Bespoke/Buyer Pages/Purchase Details/input_Delivery_Delivery'

2020-03-20 14:26:00 - [MESSAGE][PASSED] - Keys '*' sent to object: 'Object Repository/ADMIN/Edit Text/Bespoke/Buyer Pages/Purchase Details/input_Delivery_Delivery'

2020-03-20 14:26:00 - [TEST_STEP][PASSED] - sendKeys(findTestObject("ADMIN/Edit Text/Bespoke/Buyer Pages/Purchase Details/input_Pickup_Pickup"), "*"): Keys '*' sent to object: 'Object Repository/ADMIN/Edit Text/Bespoke/Buyer Pages/Purchase Details/input_Pickup_Pickup'

2020-03-20 14:26:00 - [MESSAGE][PASSED] - Keys '*' sent to object: 'Object Repository/ADMIN/Edit Text/Bespoke/Buyer Pages/Purchase Details/input_Pickup_Pickup'

2020-03-20 14:26:00 - [TEST_STEP][PASSED] - sendKeys(findTestObject("ADMIN/Edit Text/Bespoke/Buyer Pages/Purchase Details/input_Leave a feedback_purchase-leave-feedback-txt"), "*"): Keys '*' sent to object: 'Object Repository/ADMIN/Edit Text/Bespoke/Buyer Pages/Purchase Details/input_Leave a feedback_purchase-leave-feedback-txt'

2020-03-20 14:26:01 - [MESSAGE][PASSED] - Keys '*' sent to object: 'Object Repository/ADMIN/Edit Text/Bespoke/Buyer Pages/Purchase Details/input_Leave a feedback_purchase-leave-feedback-txt'

2020-03-20 14:26:01 - [TEST_STEP][PASSED] - sendKeys(findTestObject("ADMIN/Edit Text/Bespoke/Buyer Pages/Purchase Details/input_Left feedback_purchase-left-feedback-txt"), "*"): Keys '*' sent to object: 'Object Repository/ADMIN/Edit Text/Bespoke/Buyer Pages/Purchase Details/input_Left feedback_purchase-left-feedback-txt'

2020-03-20 14:26:01 - [MESSAGE][PASSED] - Keys '*' sent to object: 'Object Repository/ADMIN/Edit Text/Bespoke/Buyer Pages/Purchase Details/input_Left feedback_purchase-left-feedback-txt'

2020-03-20 14:26:01 - [TEST_STEP][PASSED] - sendKeys(findTestObject("ADMIN/Edit Text/Bespoke/Buyer Pages/Purchase Details/input_BACK TO LIST_btn_back"), "*"): Keys '*' sent to object: 'Object Repository/ADMIN/Edit Text/Bespoke/Buyer Pages/Purchase Details/input_BACK TO LIST_btn_back'

2020-03-20 14:26:01 - [MESSAGE][PASSED] - Keys '*' sent to object: 'Object Repository/ADMIN/Edit Text/Bespoke/Buyer Pages/Purchase Details/input_BACK TO LIST_btn_back'

2020-03-20 14:26:01 - [TEST_STEP][PASSED] - sendKeys(findTestObject("ADMIN/Edit Text/Bespoke/Buyer Pages/Purchase Details/input_LEFT A FEEDBACK FOR_popup-title"), "*"): Keys '*' sent to object: 'Object Repository/ADMIN/Edit Text/Bespoke/Buyer Pages/Purchase Details/input_LEFT A FEEDBACK FOR_popup-title'

2020-03-20 14:26:01 - [MESSAGE][PASSED] - Keys '*' sent to object: 'Object Repository/ADMIN/Edit Text/Bespoke/Buyer Pages/Purchase Details/input_LEFT A FEEDBACK FOR_popup-title'

2020-03-20 14:26:01 - [TEST_STEP][PASSED] - sendKeys(findTestObject("ADMIN/Edit Text/Bespoke/Buyer Pages/Purchase Details/input_How much do you rate this item_popup-desc"), "*"): Keys '*' sent to object: 'Object Repository/ADMIN/Edit Text/Bespoke/Buyer Pages/Purchase Details/input_How much do you rate this item_popup-desc'

2020-03-20 14:26:02 - [MESSAGE][PASSED] - Keys '*' sent to object: 'Object Repository/ADMIN/Edit Text/Bespoke/Buyer Pages/Purchase Details/input_How much do you rate this item_popup-desc'

2020-03-20 14:26:02 - [TEST_STEP][PASSED] - sendKeys(findTestObject("ADMIN/Edit Text/Bespoke/Buyer Pages/Purchase Details/input_Leave a feedback_leave-feedback"), "*"): Keys '*' sent to object: 'Object Repository/ADMIN/Edit Text/Bespoke/Buyer Pages/Purchase Details/input_Leave a feedback_leave-feedback'

2020-03-20 14:26:02 - [MESSAGE][PASSED] - Keys '*' sent to object: 'Object Repository/ADMIN/Edit Text/Bespoke/Buyer Pages/Purchase Details/input_Leave a feedback_leave-feedback'

2020-03-20 14:26:02 - [TEST_STEP][PASSED] - sendKeys(findTestObject("ADMIN/Edit Text/Bespoke/Buyer Pages/Purchase Details/input_Excellent_excellent"), "*"): Keys '*' sent to object: 'Object Repository/ADMIN/Edit Text/Bespoke/Buyer Pages/Purchase Details/input_Excellent_excellent'

2020-03-20 14:26:02 - [MESSAGE][PASSED] - Keys '*' sent to object: 'Object Repository/ADMIN/Edit Text/Bespoke/Buyer Pages/Purchase Details/input_Excellent_excellent'

2020-03-20 14:26:02 - [TEST_STEP][PASSED] - sendKeys(findTestObject("ADMIN/Edit Text/Bespoke/Buyer Pages/Purchase Details/input_Great_great"), "*"): Keys '*' sent to object: 'Object Repository/ADMIN/Edit Text/Bespoke/Buyer Pages/Purchase Details/input_Great_great'

2020-03-20 14:26:03 - [MESSAGE][PASSED] - Keys '*' sent to object: 'Object Repository/ADMIN/Edit Text/Bespoke/Buyer Pages/Purchase Details/input_Great_great'

2020-03-20 14:26:03 - [TEST_STEP][PASSED] - sendKeys(findTestObject("ADMIN/Edit Text/Bespoke/Buyer Pages/Purchase Details/input_Good_good"), "*"): Keys '*' sent to object: 'Object Repository/ADMIN/Edit Text/Bespoke/Buyer Pages/Purchase Details/input_Good_good'

2020-03-20 14:26:03 - [MESSAGE][PASSED] - Keys '*' sent to object: 'Object Repository/ADMIN/Edit Text/Bespoke/Buyer Pages/Purchase Details/input_Good_good'

2020-03-20 14:26:03 - [TEST_STEP][PASSED] - sendKeys(findTestObject("ADMIN/Edit Text/Bespoke/Buyer Pages/Purchase Details/input_Okay_ok"), "*"): Keys '*' sent to object: 'Object Repository/ADMIN/Edit Text/Bespoke/Buyer Pages/Purchase Details/input_Okay_ok'

2020-03-20 14:26:03 - [MESSAGE][PASSED] - Keys '*' sent to object: 'Object Repository/ADMIN/Edit Text/Bespoke/Buyer Pages/Purchase Details/input_Okay_ok'

2020-03-20 14:26:03 - [TEST_STEP][PASSED] - sendKeys(findTestObject("ADMIN/Edit Text/Bespoke/Buyer Pages/Purchase Details/input_Unsatisfied_Unsatisfied"), "*"): Keys '*' sent to object: 'Object Repository/ADMIN/Edit Text/Bespoke/Buyer Pages/Purchase Details/input_Unsatisfied_Unsatisfied'

2020-03-20 14:26:03 - [MESSAGE][PASSED] - Keys '*' sent to object: 'Object Repository/ADMIN/Edit Text/Bespoke/Buyer Pages/Purchase Details/input_Unsatisfied_Unsatisfied'

2020-03-20 14:26:03 - [TEST_STEP][PASSED] - sendKeys(findTestObject("ADMIN/Edit Text/Bespoke/Buyer Pages/Purchase Details/input_SUBMIT_btn_okay"), "*"): Keys '*' sent to object: 'Object Repository/ADMIN/Edit Text/Bespoke/Buyer Pages/Purchase Details/input_SUBMIT_btn_okay'

2020-03-20 14:26:03 - [MESSAGE][PASSED] - Keys '*' sent to object: 'Object Repository/ADMIN/Edit Text/Bespoke/Buyer Pages/Purchase Details/input_SUBMIT_btn_okay'

2020-03-20 14:26:03 - [TEST_STEP][PASSED] - click(findTestObject("ADMIN/Edit Text/Bespoke/Buyer Pages/Homepage/button_save"), CONTINUE_ON_FAILURE): Object: 'Object Repository/ADMIN/Edit Text/Bespoke/Buyer Pages/Homepage/button_save' is clicked on

2020-03-20 14:26:04 - [MESSAGE][PASSED] - Object: 'Object Repository/ADMIN/Edit Text/Bespoke/Buyer Pages/Homepage/button_save' is clicked on

2020-03-20 14:26:04 - [TEST_STEP][PASSED] - waitForElementVisible(findTestObject("ADMIN/Edit Text/Bespoke/Buyer Pages/Homepage/toaster_success"), 0): Object 'Object Repository/ADMIN/Edit Text/Bespoke/Buyer Pages/Homepage/toaster_success' is visible

2020-03-20 14:26:04 - [MESSAGE][WARNING] - Timeout '0' is invalid. Using default page load timeout: '30'

2020-03-20 14:26:04 - [MESSAGE][PASSED] - Object 'Object Repository/ADMIN/Edit Text/Bespoke/Buyer Pages/Homepage/toaster_success' is visible]]></system-out>
         <system-err><![CDATA[]]></system-err>
      </testcase>
      <testcase name="Test Cases/ADMIN/Language/Edit Text/Bespoke/Buyer Pages/Purchase Details" time="10.076" classname="Test Cases/ADMIN/Language/Edit Text/Bespoke/Buyer Pages/Purchase Details" status="PASSED">
         <system-out><![CDATA[2020-03-20 14:26:04 - [TEST_CASE][PASSED] - Test Cases/ADMIN/Language/Edit Text/Bespoke/Buyer Pages/Purchase Details: Test Cases/ADMIN/Language/Edit Text/Bespoke/Buyer Pages/Purchase Details

2020-03-20 14:26:04 - [TEST_STEP][PASSED] - waitForElementVisible(findTestObject("ADMIN/Edit Text/Bespoke/Buyer Navigation/dd_language"), 0): Object 'Object Repository/ADMIN/Edit Text/Bespoke/Buyer Navigation/dd_language' is visible

2020-03-20 14:26:04 - [MESSAGE][WARNING] - Timeout '0' is invalid. Using default page load timeout: '30'

2020-03-20 14:26:04 - [MESSAGE][PASSED] - Object 'Object Repository/ADMIN/Edit Text/Bespoke/Buyer Navigation/dd_language' is visible

2020-03-20 14:26:04 - [TEST_STEP][PASSED] - selectOptionByLabel(findTestObject("ADMIN/Edit Text/Bespoke/Buyer Navigation/dd_language"), varLanguage, false): All options with label 'Italian' are selected in object 'Object Repository/ADMIN/Edit Text/Bespoke/Buyer Navigation/dd_language' 

2020-03-20 14:26:06 - [MESSAGE][PASSED] - All options with label 'Italian' are selected in object 'Object Repository/ADMIN/Edit Text/Bespoke/Buyer Navigation/dd_language' 

2020-03-20 14:26:06 - [TEST_STEP][PASSED] - sendKeys(findTestObject("ADMIN/Edit Text/Bespoke/Buyer Pages/Purchase Details/input_INVOICE ID_purchase-invoice-id"), "*"): Keys '*' sent to object: 'Object Repository/ADMIN/Edit Text/Bespoke/Buyer Pages/Purchase Details/input_INVOICE ID_purchase-invoice-id'

2020-03-20 14:26:06 - [MESSAGE][PASSED] - Keys '*' sent to object: 'Object Repository/ADMIN/Edit Text/Bespoke/Buyer Pages/Purchase Details/input_INVOICE ID_purchase-invoice-id'

2020-03-20 14:26:06 - [TEST_STEP][PASSED] - sendKeys(findTestObject("ADMIN/Edit Text/Bespoke/Buyer Pages/Purchase Details/input_TIMESTAMP_purchase-timestamp"), "*"): Keys '*' sent to object: 'Object Repository/ADMIN/Edit Text/Bespoke/Buyer Pages/Purchase Details/input_TIMESTAMP_purchase-timestamp'

2020-03-20 14:26:06 - [MESSAGE][PASSED] - Keys '*' sent to object: 'Object Repository/ADMIN/Edit Text/Bespoke/Buyer Pages/Purchase Details/input_TIMESTAMP_purchase-timestamp'

2020-03-20 14:26:06 - [TEST_STEP][PASSED] - sendKeys(findTestObject("ADMIN/Edit Text/Bespoke/Buyer Pages/Purchase Details/input_DELIVERY ADDRESS_purchase-delivery"), "*"): Keys '*' sent to object: 'Object Repository/ADMIN/Edit Text/Bespoke/Buyer Pages/Purchase Details/input_DELIVERY ADDRESS_purchase-delivery'

2020-03-20 14:26:07 - [MESSAGE][PASSED] - Keys '*' sent to object: 'Object Repository/ADMIN/Edit Text/Bespoke/Buyer Pages/Purchase Details/input_DELIVERY ADDRESS_purchase-delivery'

2020-03-20 14:26:07 - [TEST_STEP][PASSED] - sendKeys(findTestObject("ADMIN/Edit Text/Bespoke/Buyer Pages/Purchase Details/input_TRANSACTION TOTAL_purchase-transaction-total"), "*"): Keys '*' sent to object: 'Object Repository/ADMIN/Edit Text/Bespoke/Buyer Pages/Purchase Details/input_TRANSACTION TOTAL_purchase-transaction-total'

2020-03-20 14:26:07 - [MESSAGE][PASSED] - Keys '*' sent to object: 'Object Repository/ADMIN/Edit Text/Bespoke/Buyer Pages/Purchase Details/input_TRANSACTION TOTAL_purchase-transaction-total'

2020-03-20 14:26:07 - [TEST_STEP][PASSED] - sendKeys(findTestObject("ADMIN/Edit Text/Bespoke/Buyer Pages/Purchase Details/input_Subtotal_purchase-subtotal-txt"), "*"): Keys '*' sent to object: 'Object Repository/ADMIN/Edit Text/Bespoke/Buyer Pages/Purchase Details/input_Subtotal_purchase-subtotal-txt'

2020-03-20 14:26:07 - [MESSAGE][PASSED] - Keys '*' sent to object: 'Object Repository/ADMIN/Edit Text/Bespoke/Buyer Pages/Purchase Details/input_Subtotal_purchase-subtotal-txt'

2020-03-20 14:26:07 - [TEST_STEP][PASSED] - sendKeys(findTestObject("ADMIN/Edit Text/Bespoke/Buyer Pages/Purchase Details/input_PAYMENT METHOD_payment_method"), "*"): Keys '*' sent to object: 'Object Repository/ADMIN/Edit Text/Bespoke/Buyer Pages/Purchase Details/input_PAYMENT METHOD_payment_method'

2020-03-20 14:26:07 - [MESSAGE][PASSED] - Keys '*' sent to object: 'Object Repository/ADMIN/Edit Text/Bespoke/Buyer Pages/Purchase Details/input_PAYMENT METHOD_payment_method'

2020-03-20 14:26:07 - [TEST_STEP][PASSED] - sendKeys(findTestObject("ADMIN/Edit Text/Bespoke/Buyer Pages/Purchase Details/input_Delivery_purchase-delivery-txt"), "*"): Keys '*' sent to object: 'Object Repository/ADMIN/Edit Text/Bespoke/Buyer Pages/Purchase Details/input_Delivery_purchase-delivery-txt'

2020-03-20 14:26:08 - [MESSAGE][PASSED] - Keys '*' sent to object: 'Object Repository/ADMIN/Edit Text/Bespoke/Buyer Pages/Purchase Details/input_Delivery_purchase-delivery-txt'

2020-03-20 14:26:08 - [TEST_STEP][PASSED] - sendKeys(findTestObject("ADMIN/Edit Text/Bespoke/Buyer Pages/Purchase Details/input_PAYMENT STATUS_payment_status"), "*"): Keys '*' sent to object: 'Object Repository/ADMIN/Edit Text/Bespoke/Buyer Pages/Purchase Details/input_PAYMENT STATUS_payment_status'

2020-03-20 14:26:08 - [MESSAGE][PASSED] - Keys '*' sent to object: 'Object Repository/ADMIN/Edit Text/Bespoke/Buyer Pages/Purchase Details/input_PAYMENT STATUS_payment_status'

2020-03-20 14:26:08 - [TEST_STEP][PASSED] - sendKeys(findTestObject("ADMIN/Edit Text/Bespoke/Buyer Pages/Purchase Details/input_Bulk Delivery Discount_purchase-bulk-delivery-discount-txt"), "*"): Keys '*' sent to object: 'Object Repository/ADMIN/Edit Text/Bespoke/Buyer Pages/Purchase Details/input_Bulk Delivery Discount_purchase-bulk-delivery-discount-txt'

2020-03-20 14:26:08 - [MESSAGE][PASSED] - Keys '*' sent to object: 'Object Repository/ADMIN/Edit Text/Bespoke/Buyer Pages/Purchase Details/input_Bulk Delivery Discount_purchase-bulk-delivery-discount-txt'

2020-03-20 14:26:08 - [TEST_STEP][PASSED] - sendKeys(findTestObject("ADMIN/Edit Text/Bespoke/Buyer Pages/Purchase Details/input_ITEM_purchase-item-txt"), "*"): Keys '*' sent to object: 'Object Repository/ADMIN/Edit Text/Bespoke/Buyer Pages/Purchase Details/input_ITEM_purchase-item-txt'

2020-03-20 14:26:08 - [MESSAGE][PASSED] - Keys '*' sent to object: 'Object Repository/ADMIN/Edit Text/Bespoke/Buyer Pages/Purchase Details/input_ITEM_purchase-item-txt'

2020-03-20 14:26:08 - [TEST_STEP][PASSED] - sendKeys(findTestObject("ADMIN/Edit Text/Bespoke/Buyer Pages/Purchase Details/input_PRICE_purchase-price-txt"), "*"): Keys '*' sent to object: 'Object Repository/ADMIN/Edit Text/Bespoke/Buyer Pages/Purchase Details/input_PRICE_purchase-price-txt'

2020-03-20 14:26:09 - [MESSAGE][PASSED] - Keys '*' sent to object: 'Object Repository/ADMIN/Edit Text/Bespoke/Buyer Pages/Purchase Details/input_PRICE_purchase-price-txt'

2020-03-20 14:26:09 - [TEST_STEP][PASSED] - sendKeys(findTestObject("ADMIN/Edit Text/Bespoke/Buyer Pages/Purchase Details/input_QTY_purchase-qty-txt"), "*"): Keys '*' sent to object: 'Object Repository/ADMIN/Edit Text/Bespoke/Buyer Pages/Purchase Details/input_QTY_purchase-qty-txt'

2020-03-20 14:26:09 - [MESSAGE][PASSED] - Keys '*' sent to object: 'Object Repository/ADMIN/Edit Text/Bespoke/Buyer Pages/Purchase Details/input_QTY_purchase-qty-txt'

2020-03-20 14:26:09 - [TEST_STEP][PASSED] - sendKeys(findTestObject("ADMIN/Edit Text/Bespoke/Buyer Pages/Purchase Details/input_DELIVERY_purchase-delivery-txt (1)"), "*"): Keys '*' sent to object: 'Object Repository/ADMIN/Edit Text/Bespoke/Buyer Pages/Purchase Details/input_DELIVERY_purchase-delivery-txt (1)'

2020-03-20 14:26:09 - [MESSAGE][PASSED] - Keys '*' sent to object: 'Object Repository/ADMIN/Edit Text/Bespoke/Buyer Pages/Purchase Details/input_DELIVERY_purchase-delivery-txt (1)'

2020-03-20 14:26:09 - [TEST_STEP][PASSED] - sendKeys(findTestObject("ADMIN/Edit Text/Bespoke/Buyer Pages/Purchase Details/input_ORDER STATUS_purchase-orderstatus-txt"), "*"): Keys '*' sent to object: 'Object Repository/ADMIN/Edit Text/Bespoke/Buyer Pages/Purchase Details/input_ORDER STATUS_purchase-orderstatus-txt'

2020-03-20 14:26:09 - [MESSAGE][PASSED] - Keys '*' sent to object: 'Object Repository/ADMIN/Edit Text/Bespoke/Buyer Pages/Purchase Details/input_ORDER STATUS_purchase-orderstatus-txt'

2020-03-20 14:26:09 - [TEST_STEP][PASSED] - sendKeys(findTestObject("ADMIN/Edit Text/Bespoke/Buyer Pages/Purchase Details/input_REVIEWS_purchase-review-txt"), "*"): Keys '*' sent to object: 'Object Repository/ADMIN/Edit Text/Bespoke/Buyer Pages/Purchase Details/input_REVIEWS_purchase-review-txt'

2020-03-20 14:26:10 - [MESSAGE][PASSED] - Keys '*' sent to object: 'Object Repository/ADMIN/Edit Text/Bespoke/Buyer Pages/Purchase Details/input_REVIEWS_purchase-review-txt'

2020-03-20 14:26:10 - [TEST_STEP][PASSED] - sendKeys(findTestObject("ADMIN/Edit Text/Bespoke/Buyer Pages/Purchase Details/input_Sold By_sold-by"), "*"): Keys '*' sent to object: 'Object Repository/ADMIN/Edit Text/Bespoke/Buyer Pages/Purchase Details/input_Sold By_sold-by'

2020-03-20 14:26:10 - [MESSAGE][PASSED] - Keys '*' sent to object: 'Object Repository/ADMIN/Edit Text/Bespoke/Buyer Pages/Purchase Details/input_Sold By_sold-by'

2020-03-20 14:26:10 - [TEST_STEP][PASSED] - sendKeys(findTestObject("ADMIN/Edit Text/Bespoke/Buyer Pages/Purchase Details/input_Contact_Contact"), "*"): Keys '*' sent to object: 'Object Repository/ADMIN/Edit Text/Bespoke/Buyer Pages/Purchase Details/input_Contact_Contact'

2020-03-20 14:26:10 - [MESSAGE][PASSED] - Keys '*' sent to object: 'Object Repository/ADMIN/Edit Text/Bespoke/Buyer Pages/Purchase Details/input_Contact_Contact'

2020-03-20 14:26:10 - [TEST_STEP][PASSED] - sendKeys(findTestObject("ADMIN/Edit Text/Bespoke/Buyer Pages/Purchase Details/input_Delivery_Delivery"), "*"): Keys '*' sent to object: 'Object Repository/ADMIN/Edit Text/Bespoke/Buyer Pages/Purchase Details/input_Delivery_Delivery'

2020-03-20 14:26:10 - [MESSAGE][PASSED] - Keys '*' sent to object: 'Object Repository/ADMIN/Edit Text/Bespoke/Buyer Pages/Purchase Details/input_Delivery_Delivery'

2020-03-20 14:26:10 - [TEST_STEP][PASSED] - sendKeys(findTestObject("ADMIN/Edit Text/Bespoke/Buyer Pages/Purchase Details/input_Pickup_Pickup"), "*"): Keys '*' sent to object: 'Object Repository/ADMIN/Edit Text/Bespoke/Buyer Pages/Purchase Details/input_Pickup_Pickup'

2020-03-20 14:26:11 - [MESSAGE][PASSED] - Keys '*' sent to object: 'Object Repository/ADMIN/Edit Text/Bespoke/Buyer Pages/Purchase Details/input_Pickup_Pickup'

2020-03-20 14:26:11 - [TEST_STEP][PASSED] - sendKeys(findTestObject("ADMIN/Edit Text/Bespoke/Buyer Pages/Purchase Details/input_Leave a feedback_purchase-leave-feedback-txt"), "*"): Keys '*' sent to object: 'Object Repository/ADMIN/Edit Text/Bespoke/Buyer Pages/Purchase Details/input_Leave a feedback_purchase-leave-feedback-txt'

2020-03-20 14:26:11 - [MESSAGE][PASSED] - Keys '*' sent to object: 'Object Repository/ADMIN/Edit Text/Bespoke/Buyer Pages/Purchase Details/input_Leave a feedback_purchase-leave-feedback-txt'

2020-03-20 14:26:11 - [TEST_STEP][PASSED] - sendKeys(findTestObject("ADMIN/Edit Text/Bespoke/Buyer Pages/Purchase Details/input_Left feedback_purchase-left-feedback-txt"), "*"): Keys '*' sent to object: 'Object Repository/ADMIN/Edit Text/Bespoke/Buyer Pages/Purchase Details/input_Left feedback_purchase-left-feedback-txt'

2020-03-20 14:26:11 - [MESSAGE][PASSED] - Keys '*' sent to object: 'Object Repository/ADMIN/Edit Text/Bespoke/Buyer Pages/Purchase Details/input_Left feedback_purchase-left-feedback-txt'

2020-03-20 14:26:11 - [TEST_STEP][PASSED] - sendKeys(findTestObject("ADMIN/Edit Text/Bespoke/Buyer Pages/Purchase Details/input_BACK TO LIST_btn_back"), "*"): Keys '*' sent to object: 'Object Repository/ADMIN/Edit Text/Bespoke/Buyer Pages/Purchase Details/input_BACK TO LIST_btn_back'

2020-03-20 14:26:11 - [MESSAGE][PASSED] - Keys '*' sent to object: 'Object Repository/ADMIN/Edit Text/Bespoke/Buyer Pages/Purchase Details/input_BACK TO LIST_btn_back'

2020-03-20 14:26:11 - [TEST_STEP][PASSED] - sendKeys(findTestObject("ADMIN/Edit Text/Bespoke/Buyer Pages/Purchase Details/input_LEFT A FEEDBACK FOR_popup-title"), "*"): Keys '*' sent to object: 'Object Repository/ADMIN/Edit Text/Bespoke/Buyer Pages/Purchase Details/input_LEFT A FEEDBACK FOR_popup-title'

2020-03-20 14:26:12 - [MESSAGE][PASSED] - Keys '*' sent to object: 'Object Repository/ADMIN/Edit Text/Bespoke/Buyer Pages/Purchase Details/input_LEFT A FEEDBACK FOR_popup-title'

2020-03-20 14:26:12 - [TEST_STEP][PASSED] - sendKeys(findTestObject("ADMIN/Edit Text/Bespoke/Buyer Pages/Purchase Details/input_How much do you rate this item_popup-desc"), "*"): Keys '*' sent to object: 'Object Repository/ADMIN/Edit Text/Bespoke/Buyer Pages/Purchase Details/input_How much do you rate this item_popup-desc'

2020-03-20 14:26:12 - [MESSAGE][PASSED] - Keys '*' sent to object: 'Object Repository/ADMIN/Edit Text/Bespoke/Buyer Pages/Purchase Details/input_How much do you rate this item_popup-desc'

2020-03-20 14:26:12 - [TEST_STEP][PASSED] - sendKeys(findTestObject("ADMIN/Edit Text/Bespoke/Buyer Pages/Purchase Details/input_Leave a feedback_leave-feedback"), "*"): Keys '*' sent to object: 'Object Repository/ADMIN/Edit Text/Bespoke/Buyer Pages/Purchase Details/input_Leave a feedback_leave-feedback'

2020-03-20 14:26:12 - [MESSAGE][PASSED] - Keys '*' sent to object: 'Object Repository/ADMIN/Edit Text/Bespoke/Buyer Pages/Purchase Details/input_Leave a feedback_leave-feedback'

2020-03-20 14:26:12 - [TEST_STEP][PASSED] - sendKeys(findTestObject("ADMIN/Edit Text/Bespoke/Buyer Pages/Purchase Details/input_Excellent_excellent"), "*"): Keys '*' sent to object: 'Object Repository/ADMIN/Edit Text/Bespoke/Buyer Pages/Purchase Details/input_Excellent_excellent'

2020-03-20 14:26:12 - [MESSAGE][PASSED] - Keys '*' sent to object: 'Object Repository/ADMIN/Edit Text/Bespoke/Buyer Pages/Purchase Details/input_Excellent_excellent'

2020-03-20 14:26:12 - [TEST_STEP][PASSED] - sendKeys(findTestObject("ADMIN/Edit Text/Bespoke/Buyer Pages/Purchase Details/input_Great_great"), "*"): Keys '*' sent to object: 'Object Repository/ADMIN/Edit Text/Bespoke/Buyer Pages/Purchase Details/input_Great_great'

2020-03-20 14:26:13 - [MESSAGE][PASSED] - Keys '*' sent to object: 'Object Repository/ADMIN/Edit Text/Bespoke/Buyer Pages/Purchase Details/input_Great_great'

2020-03-20 14:26:13 - [TEST_STEP][PASSED] - sendKeys(findTestObject("ADMIN/Edit Text/Bespoke/Buyer Pages/Purchase Details/input_Good_good"), "*"): Keys '*' sent to object: 'Object Repository/ADMIN/Edit Text/Bespoke/Buyer Pages/Purchase Details/input_Good_good'

2020-03-20 14:26:13 - [MESSAGE][PASSED] - Keys '*' sent to object: 'Object Repository/ADMIN/Edit Text/Bespoke/Buyer Pages/Purchase Details/input_Good_good'

2020-03-20 14:26:13 - [TEST_STEP][PASSED] - sendKeys(findTestObject("ADMIN/Edit Text/Bespoke/Buyer Pages/Purchase Details/input_Okay_ok"), "*"): Keys '*' sent to object: 'Object Repository/ADMIN/Edit Text/Bespoke/Buyer Pages/Purchase Details/input_Okay_ok'

2020-03-20 14:26:13 - [MESSAGE][PASSED] - Keys '*' sent to object: 'Object Repository/ADMIN/Edit Text/Bespoke/Buyer Pages/Purchase Details/input_Okay_ok'

2020-03-20 14:26:13 - [TEST_STEP][PASSED] - sendKeys(findTestObject("ADMIN/Edit Text/Bespoke/Buyer Pages/Purchase Details/input_Unsatisfied_Unsatisfied"), "*"): Keys '*' sent to object: 'Object Repository/ADMIN/Edit Text/Bespoke/Buyer Pages/Purchase Details/input_Unsatisfied_Unsatisfied'

2020-03-20 14:26:13 - [MESSAGE][PASSED] - Keys '*' sent to object: 'Object Repository/ADMIN/Edit Text/Bespoke/Buyer Pages/Purchase Details/input_Unsatisfied_Unsatisfied'

2020-03-20 14:26:13 - [TEST_STEP][PASSED] - sendKeys(findTestObject("ADMIN/Edit Text/Bespoke/Buyer Pages/Purchase Details/input_SUBMIT_btn_okay"), "*"): Keys '*' sent to object: 'Object Repository/ADMIN/Edit Text/Bespoke/Buyer Pages/Purchase Details/input_SUBMIT_btn_okay'

2020-03-20 14:26:13 - [MESSAGE][PASSED] - Keys '*' sent to object: 'Object Repository/ADMIN/Edit Text/Bespoke/Buyer Pages/Purchase Details/input_SUBMIT_btn_okay'

2020-03-20 14:26:13 - [TEST_STEP][PASSED] - click(findTestObject("ADMIN/Edit Text/Bespoke/Buyer Pages/Homepage/button_save"), CONTINUE_ON_FAILURE): Object: 'Object Repository/ADMIN/Edit Text/Bespoke/Buyer Pages/Homepage/button_save' is clicked on

2020-03-20 14:26:14 - [MESSAGE][PASSED] - Object: 'Object Repository/ADMIN/Edit Text/Bespoke/Buyer Pages/Homepage/button_save' is clicked on

2020-03-20 14:26:14 - [TEST_STEP][PASSED] - waitForElementVisible(findTestObject("ADMIN/Edit Text/Bespoke/Buyer Pages/Homepage/toaster_success"), 0): Object 'Object Repository/ADMIN/Edit Text/Bespoke/Buyer Pages/Homepage/toaster_success' is visible

2020-03-20 14:26:14 - [MESSAGE][WARNING] - Timeout '0' is invalid. Using default page load timeout: '30'

2020-03-20 14:26:14 - [MESSAGE][PASSED] - Object 'Object Repository/ADMIN/Edit Text/Bespoke/Buyer Pages/Homepage/toaster_success' is visible]]></system-out>
         <system-err><![CDATA[]]></system-err>
      </testcase>
      <testcase name="Test Cases/ADMIN/Language/Edit Text/Bespoke/Buyer Pages/Purchase Details" time="9.854" classname="Test Cases/ADMIN/Language/Edit Text/Bespoke/Buyer Pages/Purchase Details" status="PASSED">
         <system-out><![CDATA[2020-03-20 14:26:14 - [TEST_CASE][PASSED] - Test Cases/ADMIN/Language/Edit Text/Bespoke/Buyer Pages/Purchase Details: Test Cases/ADMIN/Language/Edit Text/Bespoke/Buyer Pages/Purchase Details

2020-03-20 14:26:14 - [TEST_STEP][PASSED] - waitForElementVisible(findTestObject("ADMIN/Edit Text/Bespoke/Buyer Navigation/dd_language"), 0): Object 'Object Repository/ADMIN/Edit Text/Bespoke/Buyer Navigation/dd_language' is visible

2020-03-20 14:26:15 - [MESSAGE][WARNING] - Timeout '0' is invalid. Using default page load timeout: '30'

2020-03-20 14:26:15 - [MESSAGE][PASSED] - Object 'Object Repository/ADMIN/Edit Text/Bespoke/Buyer Navigation/dd_language' is visible

2020-03-20 14:26:15 - [TEST_STEP][PASSED] - selectOptionByLabel(findTestObject("ADMIN/Edit Text/Bespoke/Buyer Navigation/dd_language"), varLanguage, false): All options with label 'Arabic' are selected in object 'Object Repository/ADMIN/Edit Text/Bespoke/Buyer Navigation/dd_language' 

2020-03-20 14:26:16 - [MESSAGE][PASSED] - All options with label 'Arabic' are selected in object 'Object Repository/ADMIN/Edit Text/Bespoke/Buyer Navigation/dd_language' 

2020-03-20 14:26:16 - [TEST_STEP][PASSED] - sendKeys(findTestObject("ADMIN/Edit Text/Bespoke/Buyer Pages/Purchase Details/input_INVOICE ID_purchase-invoice-id"), "*"): Keys '*' sent to object: 'Object Repository/ADMIN/Edit Text/Bespoke/Buyer Pages/Purchase Details/input_INVOICE ID_purchase-invoice-id'

2020-03-20 14:26:17 - [MESSAGE][PASSED] - Keys '*' sent to object: 'Object Repository/ADMIN/Edit Text/Bespoke/Buyer Pages/Purchase Details/input_INVOICE ID_purchase-invoice-id'

2020-03-20 14:26:17 - [TEST_STEP][PASSED] - sendKeys(findTestObject("ADMIN/Edit Text/Bespoke/Buyer Pages/Purchase Details/input_TIMESTAMP_purchase-timestamp"), "*"): Keys '*' sent to object: 'Object Repository/ADMIN/Edit Text/Bespoke/Buyer Pages/Purchase Details/input_TIMESTAMP_purchase-timestamp'

2020-03-20 14:26:17 - [MESSAGE][PASSED] - Keys '*' sent to object: 'Object Repository/ADMIN/Edit Text/Bespoke/Buyer Pages/Purchase Details/input_TIMESTAMP_purchase-timestamp'

2020-03-20 14:26:17 - [TEST_STEP][PASSED] - sendKeys(findTestObject("ADMIN/Edit Text/Bespoke/Buyer Pages/Purchase Details/input_DELIVERY ADDRESS_purchase-delivery"), "*"): Keys '*' sent to object: 'Object Repository/ADMIN/Edit Text/Bespoke/Buyer Pages/Purchase Details/input_DELIVERY ADDRESS_purchase-delivery'

2020-03-20 14:26:17 - [MESSAGE][PASSED] - Keys '*' sent to object: 'Object Repository/ADMIN/Edit Text/Bespoke/Buyer Pages/Purchase Details/input_DELIVERY ADDRESS_purchase-delivery'

2020-03-20 14:26:17 - [TEST_STEP][PASSED] - sendKeys(findTestObject("ADMIN/Edit Text/Bespoke/Buyer Pages/Purchase Details/input_TRANSACTION TOTAL_purchase-transaction-total"), "*"): Keys '*' sent to object: 'Object Repository/ADMIN/Edit Text/Bespoke/Buyer Pages/Purchase Details/input_TRANSACTION TOTAL_purchase-transaction-total'

2020-03-20 14:26:17 - [MESSAGE][PASSED] - Keys '*' sent to object: 'Object Repository/ADMIN/Edit Text/Bespoke/Buyer Pages/Purchase Details/input_TRANSACTION TOTAL_purchase-transaction-total'

2020-03-20 14:26:17 - [TEST_STEP][PASSED] - sendKeys(findTestObject("ADMIN/Edit Text/Bespoke/Buyer Pages/Purchase Details/input_Subtotal_purchase-subtotal-txt"), "*"): Keys '*' sent to object: 'Object Repository/ADMIN/Edit Text/Bespoke/Buyer Pages/Purchase Details/input_Subtotal_purchase-subtotal-txt'

2020-03-20 14:26:18 - [MESSAGE][PASSED] - Keys '*' sent to object: 'Object Repository/ADMIN/Edit Text/Bespoke/Buyer Pages/Purchase Details/input_Subtotal_purchase-subtotal-txt'

2020-03-20 14:26:18 - [TEST_STEP][PASSED] - sendKeys(findTestObject("ADMIN/Edit Text/Bespoke/Buyer Pages/Purchase Details/input_PAYMENT METHOD_payment_method"), "*"): Keys '*' sent to object: 'Object Repository/ADMIN/Edit Text/Bespoke/Buyer Pages/Purchase Details/input_PAYMENT METHOD_payment_method'

2020-03-20 14:26:18 - [MESSAGE][PASSED] - Keys '*' sent to object: 'Object Repository/ADMIN/Edit Text/Bespoke/Buyer Pages/Purchase Details/input_PAYMENT METHOD_payment_method'

2020-03-20 14:26:18 - [TEST_STEP][PASSED] - sendKeys(findTestObject("ADMIN/Edit Text/Bespoke/Buyer Pages/Purchase Details/input_Delivery_purchase-delivery-txt"), "*"): Keys '*' sent to object: 'Object Repository/ADMIN/Edit Text/Bespoke/Buyer Pages/Purchase Details/input_Delivery_purchase-delivery-txt'

2020-03-20 14:26:18 - [MESSAGE][PASSED] - Keys '*' sent to object: 'Object Repository/ADMIN/Edit Text/Bespoke/Buyer Pages/Purchase Details/input_Delivery_purchase-delivery-txt'

2020-03-20 14:26:18 - [TEST_STEP][PASSED] - sendKeys(findTestObject("ADMIN/Edit Text/Bespoke/Buyer Pages/Purchase Details/input_PAYMENT STATUS_payment_status"), "*"): Keys '*' sent to object: 'Object Repository/ADMIN/Edit Text/Bespoke/Buyer Pages/Purchase Details/input_PAYMENT STATUS_payment_status'

2020-03-20 14:26:18 - [MESSAGE][PASSED] - Keys '*' sent to object: 'Object Repository/ADMIN/Edit Text/Bespoke/Buyer Pages/Purchase Details/input_PAYMENT STATUS_payment_status'

2020-03-20 14:26:18 - [TEST_STEP][PASSED] - sendKeys(findTestObject("ADMIN/Edit Text/Bespoke/Buyer Pages/Purchase Details/input_Bulk Delivery Discount_purchase-bulk-delivery-discount-txt"), "*"): Keys '*' sent to object: 'Object Repository/ADMIN/Edit Text/Bespoke/Buyer Pages/Purchase Details/input_Bulk Delivery Discount_purchase-bulk-delivery-discount-txt'

2020-03-20 14:26:19 - [MESSAGE][PASSED] - Keys '*' sent to object: 'Object Repository/ADMIN/Edit Text/Bespoke/Buyer Pages/Purchase Details/input_Bulk Delivery Discount_purchase-bulk-delivery-discount-txt'

2020-03-20 14:26:19 - [TEST_STEP][PASSED] - sendKeys(findTestObject("ADMIN/Edit Text/Bespoke/Buyer Pages/Purchase Details/input_ITEM_purchase-item-txt"), "*"): Keys '*' sent to object: 'Object Repository/ADMIN/Edit Text/Bespoke/Buyer Pages/Purchase Details/input_ITEM_purchase-item-txt'

2020-03-20 14:26:19 - [MESSAGE][PASSED] - Keys '*' sent to object: 'Object Repository/ADMIN/Edit Text/Bespoke/Buyer Pages/Purchase Details/input_ITEM_purchase-item-txt'

2020-03-20 14:26:19 - [TEST_STEP][PASSED] - sendKeys(findTestObject("ADMIN/Edit Text/Bespoke/Buyer Pages/Purchase Details/input_PRICE_purchase-price-txt"), "*"): Keys '*' sent to object: 'Object Repository/ADMIN/Edit Text/Bespoke/Buyer Pages/Purchase Details/input_PRICE_purchase-price-txt'

2020-03-20 14:26:19 - [MESSAGE][PASSED] - Keys '*' sent to object: 'Object Repository/ADMIN/Edit Text/Bespoke/Buyer Pages/Purchase Details/input_PRICE_purchase-price-txt'

2020-03-20 14:26:19 - [TEST_STEP][PASSED] - sendKeys(findTestObject("ADMIN/Edit Text/Bespoke/Buyer Pages/Purchase Details/input_QTY_purchase-qty-txt"), "*"): Keys '*' sent to object: 'Object Repository/ADMIN/Edit Text/Bespoke/Buyer Pages/Purchase Details/input_QTY_purchase-qty-txt'

2020-03-20 14:26:19 - [MESSAGE][PASSED] - Keys '*' sent to object: 'Object Repository/ADMIN/Edit Text/Bespoke/Buyer Pages/Purchase Details/input_QTY_purchase-qty-txt'

2020-03-20 14:26:19 - [TEST_STEP][PASSED] - sendKeys(findTestObject("ADMIN/Edit Text/Bespoke/Buyer Pages/Purchase Details/input_DELIVERY_purchase-delivery-txt (1)"), "*"): Keys '*' sent to object: 'Object Repository/ADMIN/Edit Text/Bespoke/Buyer Pages/Purchase Details/input_DELIVERY_purchase-delivery-txt (1)'

2020-03-20 14:26:19 - [MESSAGE][PASSED] - Keys '*' sent to object: 'Object Repository/ADMIN/Edit Text/Bespoke/Buyer Pages/Purchase Details/input_DELIVERY_purchase-delivery-txt (1)'

2020-03-20 14:26:19 - [TEST_STEP][PASSED] - sendKeys(findTestObject("ADMIN/Edit Text/Bespoke/Buyer Pages/Purchase Details/input_ORDER STATUS_purchase-orderstatus-txt"), "*"): Keys '*' sent to object: 'Object Repository/ADMIN/Edit Text/Bespoke/Buyer Pages/Purchase Details/input_ORDER STATUS_purchase-orderstatus-txt'

2020-03-20 14:26:19 - [MESSAGE][PASSED] - Keys '*' sent to object: 'Object Repository/ADMIN/Edit Text/Bespoke/Buyer Pages/Purchase Details/input_ORDER STATUS_purchase-orderstatus-txt'

2020-03-20 14:26:19 - [TEST_STEP][PASSED] - sendKeys(findTestObject("ADMIN/Edit Text/Bespoke/Buyer Pages/Purchase Details/input_REVIEWS_purchase-review-txt"), "*"): Keys '*' sent to object: 'Object Repository/ADMIN/Edit Text/Bespoke/Buyer Pages/Purchase Details/input_REVIEWS_purchase-review-txt'

2020-03-20 14:26:20 - [MESSAGE][PASSED] - Keys '*' sent to object: 'Object Repository/ADMIN/Edit Text/Bespoke/Buyer Pages/Purchase Details/input_REVIEWS_purchase-review-txt'

2020-03-20 14:26:20 - [TEST_STEP][PASSED] - sendKeys(findTestObject("ADMIN/Edit Text/Bespoke/Buyer Pages/Purchase Details/input_Sold By_sold-by"), "*"): Keys '*' sent to object: 'Object Repository/ADMIN/Edit Text/Bespoke/Buyer Pages/Purchase Details/input_Sold By_sold-by'

2020-03-20 14:26:20 - [MESSAGE][PASSED] - Keys '*' sent to object: 'Object Repository/ADMIN/Edit Text/Bespoke/Buyer Pages/Purchase Details/input_Sold By_sold-by'

2020-03-20 14:26:20 - [TEST_STEP][PASSED] - sendKeys(findTestObject("ADMIN/Edit Text/Bespoke/Buyer Pages/Purchase Details/input_Contact_Contact"), "*"): Keys '*' sent to object: 'Object Repository/ADMIN/Edit Text/Bespoke/Buyer Pages/Purchase Details/input_Contact_Contact'

2020-03-20 14:26:20 - [MESSAGE][PASSED] - Keys '*' sent to object: 'Object Repository/ADMIN/Edit Text/Bespoke/Buyer Pages/Purchase Details/input_Contact_Contact'

2020-03-20 14:26:20 - [TEST_STEP][PASSED] - sendKeys(findTestObject("ADMIN/Edit Text/Bespoke/Buyer Pages/Purchase Details/input_Delivery_Delivery"), "*"): Keys '*' sent to object: 'Object Repository/ADMIN/Edit Text/Bespoke/Buyer Pages/Purchase Details/input_Delivery_Delivery'

2020-03-20 14:26:20 - [MESSAGE][PASSED] - Keys '*' sent to object: 'Object Repository/ADMIN/Edit Text/Bespoke/Buyer Pages/Purchase Details/input_Delivery_Delivery'

2020-03-20 14:26:20 - [TEST_STEP][PASSED] - sendKeys(findTestObject("ADMIN/Edit Text/Bespoke/Buyer Pages/Purchase Details/input_Pickup_Pickup"), "*"): Keys '*' sent to object: 'Object Repository/ADMIN/Edit Text/Bespoke/Buyer Pages/Purchase Details/input_Pickup_Pickup'

2020-03-20 14:26:20 - [MESSAGE][PASSED] - Keys '*' sent to object: 'Object Repository/ADMIN/Edit Text/Bespoke/Buyer Pages/Purchase Details/input_Pickup_Pickup'

2020-03-20 14:26:20 - [TEST_STEP][PASSED] - sendKeys(findTestObject("ADMIN/Edit Text/Bespoke/Buyer Pages/Purchase Details/input_Leave a feedback_purchase-leave-feedback-txt"), "*"): Keys '*' sent to object: 'Object Repository/ADMIN/Edit Text/Bespoke/Buyer Pages/Purchase Details/input_Leave a feedback_purchase-leave-feedback-txt'

2020-03-20 14:26:21 - [MESSAGE][PASSED] - Keys '*' sent to object: 'Object Repository/ADMIN/Edit Text/Bespoke/Buyer Pages/Purchase Details/input_Leave a feedback_purchase-leave-feedback-txt'

2020-03-20 14:26:21 - [TEST_STEP][PASSED] - sendKeys(findTestObject("ADMIN/Edit Text/Bespoke/Buyer Pages/Purchase Details/input_Left feedback_purchase-left-feedback-txt"), "*"): Keys '*' sent to object: 'Object Repository/ADMIN/Edit Text/Bespoke/Buyer Pages/Purchase Details/input_Left feedback_purchase-left-feedback-txt'

2020-03-20 14:26:21 - [MESSAGE][PASSED] - Keys '*' sent to object: 'Object Repository/ADMIN/Edit Text/Bespoke/Buyer Pages/Purchase Details/input_Left feedback_purchase-left-feedback-txt'

2020-03-20 14:26:21 - [TEST_STEP][PASSED] - sendKeys(findTestObject("ADMIN/Edit Text/Bespoke/Buyer Pages/Purchase Details/input_BACK TO LIST_btn_back"), "*"): Keys '*' sent to object: 'Object Repository/ADMIN/Edit Text/Bespoke/Buyer Pages/Purchase Details/input_BACK TO LIST_btn_back'

2020-03-20 14:26:21 - [MESSAGE][PASSED] - Keys '*' sent to object: 'Object Repository/ADMIN/Edit Text/Bespoke/Buyer Pages/Purchase Details/input_BACK TO LIST_btn_back'

2020-03-20 14:26:21 - [TEST_STEP][PASSED] - sendKeys(findTestObject("ADMIN/Edit Text/Bespoke/Buyer Pages/Purchase Details/input_LEFT A FEEDBACK FOR_popup-title"), "*"): Keys '*' sent to object: 'Object Repository/ADMIN/Edit Text/Bespoke/Buyer Pages/Purchase Details/input_LEFT A FEEDBACK FOR_popup-title'

2020-03-20 14:26:21 - [MESSAGE][PASSED] - Keys '*' sent to object: 'Object Repository/ADMIN/Edit Text/Bespoke/Buyer Pages/Purchase Details/input_LEFT A FEEDBACK FOR_popup-title'

2020-03-20 14:26:21 - [TEST_STEP][PASSED] - sendKeys(findTestObject("ADMIN/Edit Text/Bespoke/Buyer Pages/Purchase Details/input_How much do you rate this item_popup-desc"), "*"): Keys '*' sent to object: 'Object Repository/ADMIN/Edit Text/Bespoke/Buyer Pages/Purchase Details/input_How much do you rate this item_popup-desc'

2020-03-20 14:26:22 - [MESSAGE][PASSED] - Keys '*' sent to object: 'Object Repository/ADMIN/Edit Text/Bespoke/Buyer Pages/Purchase Details/input_How much do you rate this item_popup-desc'

2020-03-20 14:26:22 - [TEST_STEP][PASSED] - sendKeys(findTestObject("ADMIN/Edit Text/Bespoke/Buyer Pages/Purchase Details/input_Leave a feedback_leave-feedback"), "*"): Keys '*' sent to object: 'Object Repository/ADMIN/Edit Text/Bespoke/Buyer Pages/Purchase Details/input_Leave a feedback_leave-feedback'

2020-03-20 14:26:22 - [MESSAGE][PASSED] - Keys '*' sent to object: 'Object Repository/ADMIN/Edit Text/Bespoke/Buyer Pages/Purchase Details/input_Leave a feedback_leave-feedback'

2020-03-20 14:26:22 - [TEST_STEP][PASSED] - sendKeys(findTestObject("ADMIN/Edit Text/Bespoke/Buyer Pages/Purchase Details/input_Excellent_excellent"), "*"): Keys '*' sent to object: 'Object Repository/ADMIN/Edit Text/Bespoke/Buyer Pages/Purchase Details/input_Excellent_excellent'

2020-03-20 14:26:22 - [MESSAGE][PASSED] - Keys '*' sent to object: 'Object Repository/ADMIN/Edit Text/Bespoke/Buyer Pages/Purchase Details/input_Excellent_excellent'

2020-03-20 14:26:22 - [TEST_STEP][PASSED] - sendKeys(findTestObject("ADMIN/Edit Text/Bespoke/Buyer Pages/Purchase Details/input_Great_great"), "*"): Keys '*' sent to object: 'Object Repository/ADMIN/Edit Text/Bespoke/Buyer Pages/Purchase Details/input_Great_great'

2020-03-20 14:26:22 - [MESSAGE][PASSED] - Keys '*' sent to object: 'Object Repository/ADMIN/Edit Text/Bespoke/Buyer Pages/Purchase Details/input_Great_great'

2020-03-20 14:26:22 - [TEST_STEP][PASSED] - sendKeys(findTestObject("ADMIN/Edit Text/Bespoke/Buyer Pages/Purchase Details/input_Good_good"), "*"): Keys '*' sent to object: 'Object Repository/ADMIN/Edit Text/Bespoke/Buyer Pages/Purchase Details/input_Good_good'

2020-03-20 14:26:23 - [MESSAGE][PASSED] - Keys '*' sent to object: 'Object Repository/ADMIN/Edit Text/Bespoke/Buyer Pages/Purchase Details/input_Good_good'

2020-03-20 14:26:23 - [TEST_STEP][PASSED] - sendKeys(findTestObject("ADMIN/Edit Text/Bespoke/Buyer Pages/Purchase Details/input_Okay_ok"), "*"): Keys '*' sent to object: 'Object Repository/ADMIN/Edit Text/Bespoke/Buyer Pages/Purchase Details/input_Okay_ok'

2020-03-20 14:26:23 - [MESSAGE][PASSED] - Keys '*' sent to object: 'Object Repository/ADMIN/Edit Text/Bespoke/Buyer Pages/Purchase Details/input_Okay_ok'

2020-03-20 14:26:23 - [TEST_STEP][PASSED] - sendKeys(findTestObject("ADMIN/Edit Text/Bespoke/Buyer Pages/Purchase Details/input_Unsatisfied_Unsatisfied"), "*"): Keys '*' sent to object: 'Object Repository/ADMIN/Edit Text/Bespoke/Buyer Pages/Purchase Details/input_Unsatisfied_Unsatisfied'

2020-03-20 14:26:23 - [MESSAGE][PASSED] - Keys '*' sent to object: 'Object Repository/ADMIN/Edit Text/Bespoke/Buyer Pages/Purchase Details/input_Unsatisfied_Unsatisfied'

2020-03-20 14:26:23 - [TEST_STEP][PASSED] - sendKeys(findTestObject("ADMIN/Edit Text/Bespoke/Buyer Pages/Purchase Details/input_SUBMIT_btn_okay"), "*"): Keys '*' sent to object: 'Object Repository/ADMIN/Edit Text/Bespoke/Buyer Pages/Purchase Details/input_SUBMIT_btn_okay'

2020-03-20 14:26:23 - [MESSAGE][PASSED] - Keys '*' sent to object: 'Object Repository/ADMIN/Edit Text/Bespoke/Buyer Pages/Purchase Details/input_SUBMIT_btn_okay'

2020-03-20 14:26:23 - [TEST_STEP][PASSED] - click(findTestObject("ADMIN/Edit Text/Bespoke/Buyer Pages/Homepage/button_save"), CONTINUE_ON_FAILURE): Object: 'Object Repository/ADMIN/Edit Text/Bespoke/Buyer Pages/Homepage/button_save' is clicked on

2020-03-20 14:26:24 - [MESSAGE][PASSED] - Object: 'Object Repository/ADMIN/Edit Text/Bespoke/Buyer Pages/Homepage/button_save' is clicked on

2020-03-20 14:26:24 - [TEST_STEP][PASSED] - waitForElementVisible(findTestObject("ADMIN/Edit Text/Bespoke/Buyer Pages/Homepage/toaster_success"), 0): Object 'Object Repository/ADMIN/Edit Text/Bespoke/Buyer Pages/Homepage/toaster_success' is visible

2020-03-20 14:26:24 - [MESSAGE][WARNING] - Timeout '0' is invalid. Using default page load timeout: '30'

2020-03-20 14:26:24 - [MESSAGE][PASSED] - Object 'Object Repository/ADMIN/Edit Text/Bespoke/Buyer Pages/Homepage/toaster_success' is visible]]></system-out>
         <system-err><![CDATA[]]></system-err>
      </testcase>
      <testcase name="Test Cases/ADMIN/Language/Edit Text/Bespoke/Buyer Pages/Purchase Details" time="11.103" classname="Test Cases/ADMIN/Language/Edit Text/Bespoke/Buyer Pages/Purchase Details" status="PASSED">
         <system-out><![CDATA[2020-03-20 14:26:24 - [TEST_CASE][PASSED] - Test Cases/ADMIN/Language/Edit Text/Bespoke/Buyer Pages/Purchase Details: Test Cases/ADMIN/Language/Edit Text/Bespoke/Buyer Pages/Purchase Details

2020-03-20 14:26:24 - [TEST_STEP][PASSED] - waitForElementVisible(findTestObject("ADMIN/Edit Text/Bespoke/Buyer Navigation/dd_language"), 0): Object 'Object Repository/ADMIN/Edit Text/Bespoke/Buyer Navigation/dd_language' is visible

2020-03-20 14:26:24 - [MESSAGE][WARNING] - Timeout '0' is invalid. Using default page load timeout: '30'

2020-03-20 14:26:24 - [MESSAGE][PASSED] - Object 'Object Repository/ADMIN/Edit Text/Bespoke/Buyer Navigation/dd_language' is visible

2020-03-20 14:26:24 - [TEST_STEP][PASSED] - selectOptionByLabel(findTestObject("ADMIN/Edit Text/Bespoke/Buyer Navigation/dd_language"), varLanguage, false): All options with label 'Dutch' are selected in object 'Object Repository/ADMIN/Edit Text/Bespoke/Buyer Navigation/dd_language' 

2020-03-20 14:26:26 - [MESSAGE][PASSED] - All options with label 'Dutch' are selected in object 'Object Repository/ADMIN/Edit Text/Bespoke/Buyer Navigation/dd_language' 

2020-03-20 14:26:26 - [TEST_STEP][PASSED] - sendKeys(findTestObject("ADMIN/Edit Text/Bespoke/Buyer Pages/Purchase Details/input_INVOICE ID_purchase-invoice-id"), "*"): Keys '*' sent to object: 'Object Repository/ADMIN/Edit Text/Bespoke/Buyer Pages/Purchase Details/input_INVOICE ID_purchase-invoice-id'

2020-03-20 14:26:26 - [MESSAGE][PASSED] - Keys '*' sent to object: 'Object Repository/ADMIN/Edit Text/Bespoke/Buyer Pages/Purchase Details/input_INVOICE ID_purchase-invoice-id'

2020-03-20 14:26:26 - [TEST_STEP][PASSED] - sendKeys(findTestObject("ADMIN/Edit Text/Bespoke/Buyer Pages/Purchase Details/input_TIMESTAMP_purchase-timestamp"), "*"): Keys '*' sent to object: 'Object Repository/ADMIN/Edit Text/Bespoke/Buyer Pages/Purchase Details/input_TIMESTAMP_purchase-timestamp'

2020-03-20 14:26:27 - [MESSAGE][PASSED] - Keys '*' sent to object: 'Object Repository/ADMIN/Edit Text/Bespoke/Buyer Pages/Purchase Details/input_TIMESTAMP_purchase-timestamp'

2020-03-20 14:26:27 - [TEST_STEP][PASSED] - sendKeys(findTestObject("ADMIN/Edit Text/Bespoke/Buyer Pages/Purchase Details/input_DELIVERY ADDRESS_purchase-delivery"), "*"): Keys '*' sent to object: 'Object Repository/ADMIN/Edit Text/Bespoke/Buyer Pages/Purchase Details/input_DELIVERY ADDRESS_purchase-delivery'

2020-03-20 14:26:27 - [MESSAGE][PASSED] - Keys '*' sent to object: 'Object Repository/ADMIN/Edit Text/Bespoke/Buyer Pages/Purchase Details/input_DELIVERY ADDRESS_purchase-delivery'

2020-03-20 14:26:27 - [TEST_STEP][PASSED] - sendKeys(findTestObject("ADMIN/Edit Text/Bespoke/Buyer Pages/Purchase Details/input_TRANSACTION TOTAL_purchase-transaction-total"), "*"): Keys '*' sent to object: 'Object Repository/ADMIN/Edit Text/Bespoke/Buyer Pages/Purchase Details/input_TRANSACTION TOTAL_purchase-transaction-total'

2020-03-20 14:26:27 - [MESSAGE][PASSED] - Keys '*' sent to object: 'Object Repository/ADMIN/Edit Text/Bespoke/Buyer Pages/Purchase Details/input_TRANSACTION TOTAL_purchase-transaction-total'

2020-03-20 14:26:27 - [TEST_STEP][PASSED] - sendKeys(findTestObject("ADMIN/Edit Text/Bespoke/Buyer Pages/Purchase Details/input_Subtotal_purchase-subtotal-txt"), "*"): Keys '*' sent to object: 'Object Repository/ADMIN/Edit Text/Bespoke/Buyer Pages/Purchase Details/input_Subtotal_purchase-subtotal-txt'

2020-03-20 14:26:28 - [MESSAGE][PASSED] - Keys '*' sent to object: 'Object Repository/ADMIN/Edit Text/Bespoke/Buyer Pages/Purchase Details/input_Subtotal_purchase-subtotal-txt'

2020-03-20 14:26:28 - [TEST_STEP][PASSED] - sendKeys(findTestObject("ADMIN/Edit Text/Bespoke/Buyer Pages/Purchase Details/input_PAYMENT METHOD_payment_method"), "*"): Keys '*' sent to object: 'Object Repository/ADMIN/Edit Text/Bespoke/Buyer Pages/Purchase Details/input_PAYMENT METHOD_payment_method'

2020-03-20 14:26:28 - [MESSAGE][PASSED] - Keys '*' sent to object: 'Object Repository/ADMIN/Edit Text/Bespoke/Buyer Pages/Purchase Details/input_PAYMENT METHOD_payment_method'

2020-03-20 14:26:28 - [TEST_STEP][PASSED] - sendKeys(findTestObject("ADMIN/Edit Text/Bespoke/Buyer Pages/Purchase Details/input_Delivery_purchase-delivery-txt"), "*"): Keys '*' sent to object: 'Object Repository/ADMIN/Edit Text/Bespoke/Buyer Pages/Purchase Details/input_Delivery_purchase-delivery-txt'

2020-03-20 14:26:28 - [MESSAGE][PASSED] - Keys '*' sent to object: 'Object Repository/ADMIN/Edit Text/Bespoke/Buyer Pages/Purchase Details/input_Delivery_purchase-delivery-txt'

2020-03-20 14:26:28 - [TEST_STEP][PASSED] - sendKeys(findTestObject("ADMIN/Edit Text/Bespoke/Buyer Pages/Purchase Details/input_PAYMENT STATUS_payment_status"), "*"): Keys '*' sent to object: 'Object Repository/ADMIN/Edit Text/Bespoke/Buyer Pages/Purchase Details/input_PAYMENT STATUS_payment_status'

2020-03-20 14:26:28 - [MESSAGE][PASSED] - Keys '*' sent to object: 'Object Repository/ADMIN/Edit Text/Bespoke/Buyer Pages/Purchase Details/input_PAYMENT STATUS_payment_status'

2020-03-20 14:26:28 - [TEST_STEP][PASSED] - sendKeys(findTestObject("ADMIN/Edit Text/Bespoke/Buyer Pages/Purchase Details/input_Bulk Delivery Discount_purchase-bulk-delivery-discount-txt"), "*"): Keys '*' sent to object: 'Object Repository/ADMIN/Edit Text/Bespoke/Buyer Pages/Purchase Details/input_Bulk Delivery Discount_purchase-bulk-delivery-discount-txt'

2020-03-20 14:26:29 - [MESSAGE][PASSED] - Keys '*' sent to object: 'Object Repository/ADMIN/Edit Text/Bespoke/Buyer Pages/Purchase Details/input_Bulk Delivery Discount_purchase-bulk-delivery-discount-txt'

2020-03-20 14:26:29 - [TEST_STEP][PASSED] - sendKeys(findTestObject("ADMIN/Edit Text/Bespoke/Buyer Pages/Purchase Details/input_ITEM_purchase-item-txt"), "*"): Keys '*' sent to object: 'Object Repository/ADMIN/Edit Text/Bespoke/Buyer Pages/Purchase Details/input_ITEM_purchase-item-txt'

2020-03-20 14:26:29 - [MESSAGE][PASSED] - Keys '*' sent to object: 'Object Repository/ADMIN/Edit Text/Bespoke/Buyer Pages/Purchase Details/input_ITEM_purchase-item-txt'

2020-03-20 14:26:29 - [TEST_STEP][PASSED] - sendKeys(findTestObject("ADMIN/Edit Text/Bespoke/Buyer Pages/Purchase Details/input_PRICE_purchase-price-txt"), "*"): Keys '*' sent to object: 'Object Repository/ADMIN/Edit Text/Bespoke/Buyer Pages/Purchase Details/input_PRICE_purchase-price-txt'

2020-03-20 14:26:29 - [MESSAGE][PASSED] - Keys '*' sent to object: 'Object Repository/ADMIN/Edit Text/Bespoke/Buyer Pages/Purchase Details/input_PRICE_purchase-price-txt'

2020-03-20 14:26:29 - [TEST_STEP][PASSED] - sendKeys(findTestObject("ADMIN/Edit Text/Bespoke/Buyer Pages/Purchase Details/input_QTY_purchase-qty-txt"), "*"): Keys '*' sent to object: 'Object Repository/ADMIN/Edit Text/Bespoke/Buyer Pages/Purchase Details/input_QTY_purchase-qty-txt'

2020-03-20 14:26:30 - [MESSAGE][PASSED] - Keys '*' sent to object: 'Object Repository/ADMIN/Edit Text/Bespoke/Buyer Pages/Purchase Details/input_QTY_purchase-qty-txt'

2020-03-20 14:26:30 - [TEST_STEP][PASSED] - sendKeys(findTestObject("ADMIN/Edit Text/Bespoke/Buyer Pages/Purchase Details/input_DELIVERY_purchase-delivery-txt (1)"), "*"): Keys '*' sent to object: 'Object Repository/ADMIN/Edit Text/Bespoke/Buyer Pages/Purchase Details/input_DELIVERY_purchase-delivery-txt (1)'

2020-03-20 14:26:30 - [MESSAGE][PASSED] - Keys '*' sent to object: 'Object Repository/ADMIN/Edit Text/Bespoke/Buyer Pages/Purchase Details/input_DELIVERY_purchase-delivery-txt (1)'

2020-03-20 14:26:30 - [TEST_STEP][PASSED] - sendKeys(findTestObject("ADMIN/Edit Text/Bespoke/Buyer Pages/Purchase Details/input_ORDER STATUS_purchase-orderstatus-txt"), "*"): Keys '*' sent to object: 'Object Repository/ADMIN/Edit Text/Bespoke/Buyer Pages/Purchase Details/input_ORDER STATUS_purchase-orderstatus-txt'

2020-03-20 14:26:30 - [MESSAGE][PASSED] - Keys '*' sent to object: 'Object Repository/ADMIN/Edit Text/Bespoke/Buyer Pages/Purchase Details/input_ORDER STATUS_purchase-orderstatus-txt'

2020-03-20 14:26:30 - [TEST_STEP][PASSED] - sendKeys(findTestObject("ADMIN/Edit Text/Bespoke/Buyer Pages/Purchase Details/input_REVIEWS_purchase-review-txt"), "*"): Keys '*' sent to object: 'Object Repository/ADMIN/Edit Text/Bespoke/Buyer Pages/Purchase Details/input_REVIEWS_purchase-review-txt'

2020-03-20 14:26:30 - [MESSAGE][PASSED] - Keys '*' sent to object: 'Object Repository/ADMIN/Edit Text/Bespoke/Buyer Pages/Purchase Details/input_REVIEWS_purchase-review-txt'

2020-03-20 14:26:30 - [TEST_STEP][PASSED] - sendKeys(findTestObject("ADMIN/Edit Text/Bespoke/Buyer Pages/Purchase Details/input_Sold By_sold-by"), "*"): Keys '*' sent to object: 'Object Repository/ADMIN/Edit Text/Bespoke/Buyer Pages/Purchase Details/input_Sold By_sold-by'

2020-03-20 14:26:30 - [MESSAGE][PASSED] - Keys '*' sent to object: 'Object Repository/ADMIN/Edit Text/Bespoke/Buyer Pages/Purchase Details/input_Sold By_sold-by'

2020-03-20 14:26:30 - [TEST_STEP][PASSED] - sendKeys(findTestObject("ADMIN/Edit Text/Bespoke/Buyer Pages/Purchase Details/input_Contact_Contact"), "*"): Keys '*' sent to object: 'Object Repository/ADMIN/Edit Text/Bespoke/Buyer Pages/Purchase Details/input_Contact_Contact'

2020-03-20 14:26:31 - [MESSAGE][PASSED] - Keys '*' sent to object: 'Object Repository/ADMIN/Edit Text/Bespoke/Buyer Pages/Purchase Details/input_Contact_Contact'

2020-03-20 14:26:31 - [TEST_STEP][PASSED] - sendKeys(findTestObject("ADMIN/Edit Text/Bespoke/Buyer Pages/Purchase Details/input_Delivery_Delivery"), "*"): Keys '*' sent to object: 'Object Repository/ADMIN/Edit Text/Bespoke/Buyer Pages/Purchase Details/input_Delivery_Delivery'

2020-03-20 14:26:32 - [MESSAGE][PASSED] - Keys '*' sent to object: 'Object Repository/ADMIN/Edit Text/Bespoke/Buyer Pages/Purchase Details/input_Delivery_Delivery'

2020-03-20 14:26:32 - [TEST_STEP][PASSED] - sendKeys(findTestObject("ADMIN/Edit Text/Bespoke/Buyer Pages/Purchase Details/input_Pickup_Pickup"), "*"): Keys '*' sent to object: 'Object Repository/ADMIN/Edit Text/Bespoke/Buyer Pages/Purchase Details/input_Pickup_Pickup'

2020-03-20 14:26:32 - [MESSAGE][PASSED] - Keys '*' sent to object: 'Object Repository/ADMIN/Edit Text/Bespoke/Buyer Pages/Purchase Details/input_Pickup_Pickup'

2020-03-20 14:26:32 - [TEST_STEP][PASSED] - sendKeys(findTestObject("ADMIN/Edit Text/Bespoke/Buyer Pages/Purchase Details/input_Leave a feedback_purchase-leave-feedback-txt"), "*"): Keys '*' sent to object: 'Object Repository/ADMIN/Edit Text/Bespoke/Buyer Pages/Purchase Details/input_Leave a feedback_purchase-leave-feedback-txt'

2020-03-20 14:26:32 - [MESSAGE][PASSED] - Keys '*' sent to object: 'Object Repository/ADMIN/Edit Text/Bespoke/Buyer Pages/Purchase Details/input_Leave a feedback_purchase-leave-feedback-txt'

2020-03-20 14:26:32 - [TEST_STEP][PASSED] - sendKeys(findTestObject("ADMIN/Edit Text/Bespoke/Buyer Pages/Purchase Details/input_Left feedback_purchase-left-feedback-txt"), "*"): Keys '*' sent to object: 'Object Repository/ADMIN/Edit Text/Bespoke/Buyer Pages/Purchase Details/input_Left feedback_purchase-left-feedback-txt'

2020-03-20 14:26:32 - [MESSAGE][PASSED] - Keys '*' sent to object: 'Object Repository/ADMIN/Edit Text/Bespoke/Buyer Pages/Purchase Details/input_Left feedback_purchase-left-feedback-txt'

2020-03-20 14:26:32 - [TEST_STEP][PASSED] - sendKeys(findTestObject("ADMIN/Edit Text/Bespoke/Buyer Pages/Purchase Details/input_BACK TO LIST_btn_back"), "*"): Keys '*' sent to object: 'Object Repository/ADMIN/Edit Text/Bespoke/Buyer Pages/Purchase Details/input_BACK TO LIST_btn_back'

2020-03-20 14:26:32 - [MESSAGE][PASSED] - Keys '*' sent to object: 'Object Repository/ADMIN/Edit Text/Bespoke/Buyer Pages/Purchase Details/input_BACK TO LIST_btn_back'

2020-03-20 14:26:32 - [TEST_STEP][PASSED] - sendKeys(findTestObject("ADMIN/Edit Text/Bespoke/Buyer Pages/Purchase Details/input_LEFT A FEEDBACK FOR_popup-title"), "*"): Keys '*' sent to object: 'Object Repository/ADMIN/Edit Text/Bespoke/Buyer Pages/Purchase Details/input_LEFT A FEEDBACK FOR_popup-title'

2020-03-20 14:26:33 - [MESSAGE][PASSED] - Keys '*' sent to object: 'Object Repository/ADMIN/Edit Text/Bespoke/Buyer Pages/Purchase Details/input_LEFT A FEEDBACK FOR_popup-title'

2020-03-20 14:26:33 - [TEST_STEP][PASSED] - sendKeys(findTestObject("ADMIN/Edit Text/Bespoke/Buyer Pages/Purchase Details/input_How much do you rate this item_popup-desc"), "*"): Keys '*' sent to object: 'Object Repository/ADMIN/Edit Text/Bespoke/Buyer Pages/Purchase Details/input_How much do you rate this item_popup-desc'

2020-03-20 14:26:33 - [MESSAGE][PASSED] - Keys '*' sent to object: 'Object Repository/ADMIN/Edit Text/Bespoke/Buyer Pages/Purchase Details/input_How much do you rate this item_popup-desc'

2020-03-20 14:26:33 - [TEST_STEP][PASSED] - sendKeys(findTestObject("ADMIN/Edit Text/Bespoke/Buyer Pages/Purchase Details/input_Leave a feedback_leave-feedback"), "*"): Keys '*' sent to object: 'Object Repository/ADMIN/Edit Text/Bespoke/Buyer Pages/Purchase Details/input_Leave a feedback_leave-feedback'

2020-03-20 14:26:33 - [MESSAGE][PASSED] - Keys '*' sent to object: 'Object Repository/ADMIN/Edit Text/Bespoke/Buyer Pages/Purchase Details/input_Leave a feedback_leave-feedback'

2020-03-20 14:26:33 - [TEST_STEP][PASSED] - sendKeys(findTestObject("ADMIN/Edit Text/Bespoke/Buyer Pages/Purchase Details/input_Excellent_excellent"), "*"): Keys '*' sent to object: 'Object Repository/ADMIN/Edit Text/Bespoke/Buyer Pages/Purchase Details/input_Excellent_excellent'

2020-03-20 14:26:33 - [MESSAGE][PASSED] - Keys '*' sent to object: 'Object Repository/ADMIN/Edit Text/Bespoke/Buyer Pages/Purchase Details/input_Excellent_excellent'

2020-03-20 14:26:33 - [TEST_STEP][PASSED] - sendKeys(findTestObject("ADMIN/Edit Text/Bespoke/Buyer Pages/Purchase Details/input_Great_great"), "*"): Keys '*' sent to object: 'Object Repository/ADMIN/Edit Text/Bespoke/Buyer Pages/Purchase Details/input_Great_great'

2020-03-20 14:26:33 - [MESSAGE][PASSED] - Keys '*' sent to object: 'Object Repository/ADMIN/Edit Text/Bespoke/Buyer Pages/Purchase Details/input_Great_great'

2020-03-20 14:26:33 - [TEST_STEP][PASSED] - sendKeys(findTestObject("ADMIN/Edit Text/Bespoke/Buyer Pages/Purchase Details/input_Good_good"), "*"): Keys '*' sent to object: 'Object Repository/ADMIN/Edit Text/Bespoke/Buyer Pages/Purchase Details/input_Good_good'

2020-03-20 14:26:34 - [MESSAGE][PASSED] - Keys '*' sent to object: 'Object Repository/ADMIN/Edit Text/Bespoke/Buyer Pages/Purchase Details/input_Good_good'

2020-03-20 14:26:34 - [TEST_STEP][PASSED] - sendKeys(findTestObject("ADMIN/Edit Text/Bespoke/Buyer Pages/Purchase Details/input_Okay_ok"), "*"): Keys '*' sent to object: 'Object Repository/ADMIN/Edit Text/Bespoke/Buyer Pages/Purchase Details/input_Okay_ok'

2020-03-20 14:26:34 - [MESSAGE][PASSED] - Keys '*' sent to object: 'Object Repository/ADMIN/Edit Text/Bespoke/Buyer Pages/Purchase Details/input_Okay_ok'

2020-03-20 14:26:34 - [TEST_STEP][PASSED] - sendKeys(findTestObject("ADMIN/Edit Text/Bespoke/Buyer Pages/Purchase Details/input_Unsatisfied_Unsatisfied"), "*"): Keys '*' sent to object: 'Object Repository/ADMIN/Edit Text/Bespoke/Buyer Pages/Purchase Details/input_Unsatisfied_Unsatisfied'

2020-03-20 14:26:34 - [MESSAGE][PASSED] - Keys '*' sent to object: 'Object Repository/ADMIN/Edit Text/Bespoke/Buyer Pages/Purchase Details/input_Unsatisfied_Unsatisfied'

2020-03-20 14:26:34 - [TEST_STEP][PASSED] - sendKeys(findTestObject("ADMIN/Edit Text/Bespoke/Buyer Pages/Purchase Details/input_SUBMIT_btn_okay"), "*"): Keys '*' sent to object: 'Object Repository/ADMIN/Edit Text/Bespoke/Buyer Pages/Purchase Details/input_SUBMIT_btn_okay'

2020-03-20 14:26:35 - [MESSAGE][PASSED] - Keys '*' sent to object: 'Object Repository/ADMIN/Edit Text/Bespoke/Buyer Pages/Purchase Details/input_SUBMIT_btn_okay'

2020-03-20 14:26:35 - [TEST_STEP][PASSED] - click(findTestObject("ADMIN/Edit Text/Bespoke/Buyer Pages/Homepage/button_save"), CONTINUE_ON_FAILURE): Object: 'Object Repository/ADMIN/Edit Text/Bespoke/Buyer Pages/Homepage/button_save' is clicked on

2020-03-20 14:26:35 - [MESSAGE][PASSED] - Object: 'Object Repository/ADMIN/Edit Text/Bespoke/Buyer Pages/Homepage/button_save' is clicked on

2020-03-20 14:26:35 - [TEST_STEP][PASSED] - waitForElementVisible(findTestObject("ADMIN/Edit Text/Bespoke/Buyer Pages/Homepage/toaster_success"), 0): Object 'Object Repository/ADMIN/Edit Text/Bespoke/Buyer Pages/Homepage/toaster_success' is visible

2020-03-20 14:26:35 - [MESSAGE][WARNING] - Timeout '0' is invalid. Using default page load timeout: '30'

2020-03-20 14:26:35 - [MESSAGE][PASSED] - Object 'Object Repository/ADMIN/Edit Text/Bespoke/Buyer Pages/Homepage/toaster_success' is visible]]></system-out>
         <system-err><![CDATA[]]></system-err>
      </testcase>
      <testcase name="Test Cases/ADMIN/Language/Edit Text/Bespoke/Buyer Pages/Purchase Details" time="9.575" classname="Test Cases/ADMIN/Language/Edit Text/Bespoke/Buyer Pages/Purchase Details" status="PASSED">
         <system-out><![CDATA[2020-03-20 14:26:35 - [TEST_CASE][PASSED] - Test Cases/ADMIN/Language/Edit Text/Bespoke/Buyer Pages/Purchase Details: Test Cases/ADMIN/Language/Edit Text/Bespoke/Buyer Pages/Purchase Details

2020-03-20 14:26:35 - [TEST_STEP][PASSED] - waitForElementVisible(findTestObject("ADMIN/Edit Text/Bespoke/Buyer Navigation/dd_language"), 0): Object 'Object Repository/ADMIN/Edit Text/Bespoke/Buyer Navigation/dd_language' is visible

2020-03-20 14:26:35 - [MESSAGE][WARNING] - Timeout '0' is invalid. Using default page load timeout: '30'

2020-03-20 14:26:36 - [MESSAGE][PASSED] - Object 'Object Repository/ADMIN/Edit Text/Bespoke/Buyer Navigation/dd_language' is visible

2020-03-20 14:26:36 - [TEST_STEP][PASSED] - selectOptionByLabel(findTestObject("ADMIN/Edit Text/Bespoke/Buyer Navigation/dd_language"), varLanguage, false): All options with label 'Swedish' are selected in object 'Object Repository/ADMIN/Edit Text/Bespoke/Buyer Navigation/dd_language' 

2020-03-20 14:26:37 - [MESSAGE][PASSED] - All options with label 'Swedish' are selected in object 'Object Repository/ADMIN/Edit Text/Bespoke/Buyer Navigation/dd_language' 

2020-03-20 14:26:37 - [TEST_STEP][PASSED] - sendKeys(findTestObject("ADMIN/Edit Text/Bespoke/Buyer Pages/Purchase Details/input_INVOICE ID_purchase-invoice-id"), "*"): Keys '*' sent to object: 'Object Repository/ADMIN/Edit Text/Bespoke/Buyer Pages/Purchase Details/input_INVOICE ID_purchase-invoice-id'

2020-03-20 14:26:37 - [MESSAGE][PASSED] - Keys '*' sent to object: 'Object Repository/ADMIN/Edit Text/Bespoke/Buyer Pages/Purchase Details/input_INVOICE ID_purchase-invoice-id'

2020-03-20 14:26:37 - [TEST_STEP][PASSED] - sendKeys(findTestObject("ADMIN/Edit Text/Bespoke/Buyer Pages/Purchase Details/input_TIMESTAMP_purchase-timestamp"), "*"): Keys '*' sent to object: 'Object Repository/ADMIN/Edit Text/Bespoke/Buyer Pages/Purchase Details/input_TIMESTAMP_purchase-timestamp'

2020-03-20 14:26:37 - [MESSAGE][PASSED] - Keys '*' sent to object: 'Object Repository/ADMIN/Edit Text/Bespoke/Buyer Pages/Purchase Details/input_TIMESTAMP_purchase-timestamp'

2020-03-20 14:26:37 - [TEST_STEP][PASSED] - sendKeys(findTestObject("ADMIN/Edit Text/Bespoke/Buyer Pages/Purchase Details/input_DELIVERY ADDRESS_purchase-delivery"), "*"): Keys '*' sent to object: 'Object Repository/ADMIN/Edit Text/Bespoke/Buyer Pages/Purchase Details/input_DELIVERY ADDRESS_purchase-delivery'

2020-03-20 14:26:38 - [MESSAGE][PASSED] - Keys '*' sent to object: 'Object Repository/ADMIN/Edit Text/Bespoke/Buyer Pages/Purchase Details/input_DELIVERY ADDRESS_purchase-delivery'

2020-03-20 14:26:38 - [TEST_STEP][PASSED] - sendKeys(findTestObject("ADMIN/Edit Text/Bespoke/Buyer Pages/Purchase Details/input_TRANSACTION TOTAL_purchase-transaction-total"), "*"): Keys '*' sent to object: 'Object Repository/ADMIN/Edit Text/Bespoke/Buyer Pages/Purchase Details/input_TRANSACTION TOTAL_purchase-transaction-total'

2020-03-20 14:26:38 - [MESSAGE][PASSED] - Keys '*' sent to object: 'Object Repository/ADMIN/Edit Text/Bespoke/Buyer Pages/Purchase Details/input_TRANSACTION TOTAL_purchase-transaction-total'

2020-03-20 14:26:38 - [TEST_STEP][PASSED] - sendKeys(findTestObject("ADMIN/Edit Text/Bespoke/Buyer Pages/Purchase Details/input_Subtotal_purchase-subtotal-txt"), "*"): Keys '*' sent to object: 'Object Repository/ADMIN/Edit Text/Bespoke/Buyer Pages/Purchase Details/input_Subtotal_purchase-subtotal-txt'

2020-03-20 14:26:38 - [MESSAGE][PASSED] - Keys '*' sent to object: 'Object Repository/ADMIN/Edit Text/Bespoke/Buyer Pages/Purchase Details/input_Subtotal_purchase-subtotal-txt'

2020-03-20 14:26:38 - [TEST_STEP][PASSED] - sendKeys(findTestObject("ADMIN/Edit Text/Bespoke/Buyer Pages/Purchase Details/input_PAYMENT METHOD_payment_method"), "*"): Keys '*' sent to object: 'Object Repository/ADMIN/Edit Text/Bespoke/Buyer Pages/Purchase Details/input_PAYMENT METHOD_payment_method'

2020-03-20 14:26:38 - [MESSAGE][PASSED] - Keys '*' sent to object: 'Object Repository/ADMIN/Edit Text/Bespoke/Buyer Pages/Purchase Details/input_PAYMENT METHOD_payment_method'

2020-03-20 14:26:38 - [TEST_STEP][PASSED] - sendKeys(findTestObject("ADMIN/Edit Text/Bespoke/Buyer Pages/Purchase Details/input_Delivery_purchase-delivery-txt"), "*"): Keys '*' sent to object: 'Object Repository/ADMIN/Edit Text/Bespoke/Buyer Pages/Purchase Details/input_Delivery_purchase-delivery-txt'

2020-03-20 14:26:39 - [MESSAGE][PASSED] - Keys '*' sent to object: 'Object Repository/ADMIN/Edit Text/Bespoke/Buyer Pages/Purchase Details/input_Delivery_purchase-delivery-txt'

2020-03-20 14:26:39 - [TEST_STEP][PASSED] - sendKeys(findTestObject("ADMIN/Edit Text/Bespoke/Buyer Pages/Purchase Details/input_PAYMENT STATUS_payment_status"), "*"): Keys '*' sent to object: 'Object Repository/ADMIN/Edit Text/Bespoke/Buyer Pages/Purchase Details/input_PAYMENT STATUS_payment_status'

2020-03-20 14:26:39 - [MESSAGE][PASSED] - Keys '*' sent to object: 'Object Repository/ADMIN/Edit Text/Bespoke/Buyer Pages/Purchase Details/input_PAYMENT STATUS_payment_status'

2020-03-20 14:26:39 - [TEST_STEP][PASSED] - sendKeys(findTestObject("ADMIN/Edit Text/Bespoke/Buyer Pages/Purchase Details/input_Bulk Delivery Discount_purchase-bulk-delivery-discount-txt"), "*"): Keys '*' sent to object: 'Object Repository/ADMIN/Edit Text/Bespoke/Buyer Pages/Purchase Details/input_Bulk Delivery Discount_purchase-bulk-delivery-discount-txt'

2020-03-20 14:26:39 - [MESSAGE][PASSED] - Keys '*' sent to object: 'Object Repository/ADMIN/Edit Text/Bespoke/Buyer Pages/Purchase Details/input_Bulk Delivery Discount_purchase-bulk-delivery-discount-txt'

2020-03-20 14:26:39 - [TEST_STEP][PASSED] - sendKeys(findTestObject("ADMIN/Edit Text/Bespoke/Buyer Pages/Purchase Details/input_ITEM_purchase-item-txt"), "*"): Keys '*' sent to object: 'Object Repository/ADMIN/Edit Text/Bespoke/Buyer Pages/Purchase Details/input_ITEM_purchase-item-txt'

2020-03-20 14:26:39 - [MESSAGE][PASSED] - Keys '*' sent to object: 'Object Repository/ADMIN/Edit Text/Bespoke/Buyer Pages/Purchase Details/input_ITEM_purchase-item-txt'

2020-03-20 14:26:39 - [TEST_STEP][PASSED] - sendKeys(findTestObject("ADMIN/Edit Text/Bespoke/Buyer Pages/Purchase Details/input_PRICE_purchase-price-txt"), "*"): Keys '*' sent to object: 'Object Repository/ADMIN/Edit Text/Bespoke/Buyer Pages/Purchase Details/input_PRICE_purchase-price-txt'

2020-03-20 14:26:39 - [MESSAGE][PASSED] - Keys '*' sent to object: 'Object Repository/ADMIN/Edit Text/Bespoke/Buyer Pages/Purchase Details/input_PRICE_purchase-price-txt'

2020-03-20 14:26:39 - [TEST_STEP][PASSED] - sendKeys(findTestObject("ADMIN/Edit Text/Bespoke/Buyer Pages/Purchase Details/input_QTY_purchase-qty-txt"), "*"): Keys '*' sent to object: 'Object Repository/ADMIN/Edit Text/Bespoke/Buyer Pages/Purchase Details/input_QTY_purchase-qty-txt'

2020-03-20 14:26:39 - [MESSAGE][PASSED] - Keys '*' sent to object: 'Object Repository/ADMIN/Edit Text/Bespoke/Buyer Pages/Purchase Details/input_QTY_purchase-qty-txt'

2020-03-20 14:26:39 - [TEST_STEP][PASSED] - sendKeys(findTestObject("ADMIN/Edit Text/Bespoke/Buyer Pages/Purchase Details/input_DELIVERY_purchase-delivery-txt (1)"), "*"): Keys '*' sent to object: 'Object Repository/ADMIN/Edit Text/Bespoke/Buyer Pages/Purchase Details/input_DELIVERY_purchase-delivery-txt (1)'

2020-03-20 14:26:40 - [MESSAGE][PASSED] - Keys '*' sent to object: 'Object Repository/ADMIN/Edit Text/Bespoke/Buyer Pages/Purchase Details/input_DELIVERY_purchase-delivery-txt (1)'

2020-03-20 14:26:40 - [TEST_STEP][PASSED] - sendKeys(findTestObject("ADMIN/Edit Text/Bespoke/Buyer Pages/Purchase Details/input_ORDER STATUS_purchase-orderstatus-txt"), "*"): Keys '*' sent to object: 'Object Repository/ADMIN/Edit Text/Bespoke/Buyer Pages/Purchase Details/input_ORDER STATUS_purchase-orderstatus-txt'

2020-03-20 14:26:40 - [MESSAGE][PASSED] - Keys '*' sent to object: 'Object Repository/ADMIN/Edit Text/Bespoke/Buyer Pages/Purchase Details/input_ORDER STATUS_purchase-orderstatus-txt'

2020-03-20 14:26:40 - [TEST_STEP][PASSED] - sendKeys(findTestObject("ADMIN/Edit Text/Bespoke/Buyer Pages/Purchase Details/input_REVIEWS_purchase-review-txt"), "*"): Keys '*' sent to object: 'Object Repository/ADMIN/Edit Text/Bespoke/Buyer Pages/Purchase Details/input_REVIEWS_purchase-review-txt'

2020-03-20 14:26:40 - [MESSAGE][PASSED] - Keys '*' sent to object: 'Object Repository/ADMIN/Edit Text/Bespoke/Buyer Pages/Purchase Details/input_REVIEWS_purchase-review-txt'

2020-03-20 14:26:40 - [TEST_STEP][PASSED] - sendKeys(findTestObject("ADMIN/Edit Text/Bespoke/Buyer Pages/Purchase Details/input_Sold By_sold-by"), "*"): Keys '*' sent to object: 'Object Repository/ADMIN/Edit Text/Bespoke/Buyer Pages/Purchase Details/input_Sold By_sold-by'

2020-03-20 14:26:40 - [MESSAGE][PASSED] - Keys '*' sent to object: 'Object Repository/ADMIN/Edit Text/Bespoke/Buyer Pages/Purchase Details/input_Sold By_sold-by'

2020-03-20 14:26:40 - [TEST_STEP][PASSED] - sendKeys(findTestObject("ADMIN/Edit Text/Bespoke/Buyer Pages/Purchase Details/input_Contact_Contact"), "*"): Keys '*' sent to object: 'Object Repository/ADMIN/Edit Text/Bespoke/Buyer Pages/Purchase Details/input_Contact_Contact'

2020-03-20 14:26:40 - [MESSAGE][PASSED] - Keys '*' sent to object: 'Object Repository/ADMIN/Edit Text/Bespoke/Buyer Pages/Purchase Details/input_Contact_Contact'

2020-03-20 14:26:40 - [TEST_STEP][PASSED] - sendKeys(findTestObject("ADMIN/Edit Text/Bespoke/Buyer Pages/Purchase Details/input_Delivery_Delivery"), "*"): Keys '*' sent to object: 'Object Repository/ADMIN/Edit Text/Bespoke/Buyer Pages/Purchase Details/input_Delivery_Delivery'

2020-03-20 14:26:41 - [MESSAGE][PASSED] - Keys '*' sent to object: 'Object Repository/ADMIN/Edit Text/Bespoke/Buyer Pages/Purchase Details/input_Delivery_Delivery'

2020-03-20 14:26:41 - [TEST_STEP][PASSED] - sendKeys(findTestObject("ADMIN/Edit Text/Bespoke/Buyer Pages/Purchase Details/input_Pickup_Pickup"), "*"): Keys '*' sent to object: 'Object Repository/ADMIN/Edit Text/Bespoke/Buyer Pages/Purchase Details/input_Pickup_Pickup'

2020-03-20 14:26:41 - [MESSAGE][PASSED] - Keys '*' sent to object: 'Object Repository/ADMIN/Edit Text/Bespoke/Buyer Pages/Purchase Details/input_Pickup_Pickup'

2020-03-20 14:26:41 - [TEST_STEP][PASSED] - sendKeys(findTestObject("ADMIN/Edit Text/Bespoke/Buyer Pages/Purchase Details/input_Leave a feedback_purchase-leave-feedback-txt"), "*"): Keys '*' sent to object: 'Object Repository/ADMIN/Edit Text/Bespoke/Buyer Pages/Purchase Details/input_Leave a feedback_purchase-leave-feedback-txt'

2020-03-20 14:26:41 - [MESSAGE][PASSED] - Keys '*' sent to object: 'Object Repository/ADMIN/Edit Text/Bespoke/Buyer Pages/Purchase Details/input_Leave a feedback_purchase-leave-feedback-txt'

2020-03-20 14:26:41 - [TEST_STEP][PASSED] - sendKeys(findTestObject("ADMIN/Edit Text/Bespoke/Buyer Pages/Purchase Details/input_Left feedback_purchase-left-feedback-txt"), "*"): Keys '*' sent to object: 'Object Repository/ADMIN/Edit Text/Bespoke/Buyer Pages/Purchase Details/input_Left feedback_purchase-left-feedback-txt'

2020-03-20 14:26:41 - [MESSAGE][PASSED] - Keys '*' sent to object: 'Object Repository/ADMIN/Edit Text/Bespoke/Buyer Pages/Purchase Details/input_Left feedback_purchase-left-feedback-txt'

2020-03-20 14:26:41 - [TEST_STEP][PASSED] - sendKeys(findTestObject("ADMIN/Edit Text/Bespoke/Buyer Pages/Purchase Details/input_BACK TO LIST_btn_back"), "*"): Keys '*' sent to object: 'Object Repository/ADMIN/Edit Text/Bespoke/Buyer Pages/Purchase Details/input_BACK TO LIST_btn_back'

2020-03-20 14:26:42 - [MESSAGE][PASSED] - Keys '*' sent to object: 'Object Repository/ADMIN/Edit Text/Bespoke/Buyer Pages/Purchase Details/input_BACK TO LIST_btn_back'

2020-03-20 14:26:42 - [TEST_STEP][PASSED] - sendKeys(findTestObject("ADMIN/Edit Text/Bespoke/Buyer Pages/Purchase Details/input_LEFT A FEEDBACK FOR_popup-title"), "*"): Keys '*' sent to object: 'Object Repository/ADMIN/Edit Text/Bespoke/Buyer Pages/Purchase Details/input_LEFT A FEEDBACK FOR_popup-title'

2020-03-20 14:26:42 - [MESSAGE][PASSED] - Keys '*' sent to object: 'Object Repository/ADMIN/Edit Text/Bespoke/Buyer Pages/Purchase Details/input_LEFT A FEEDBACK FOR_popup-title'

2020-03-20 14:26:42 - [TEST_STEP][PASSED] - sendKeys(findTestObject("ADMIN/Edit Text/Bespoke/Buyer Pages/Purchase Details/input_How much do you rate this item_popup-desc"), "*"): Keys '*' sent to object: 'Object Repository/ADMIN/Edit Text/Bespoke/Buyer Pages/Purchase Details/input_How much do you rate this item_popup-desc'

2020-03-20 14:26:42 - [MESSAGE][PASSED] - Keys '*' sent to object: 'Object Repository/ADMIN/Edit Text/Bespoke/Buyer Pages/Purchase Details/input_How much do you rate this item_popup-desc'

2020-03-20 14:26:42 - [TEST_STEP][PASSED] - sendKeys(findTestObject("ADMIN/Edit Text/Bespoke/Buyer Pages/Purchase Details/input_Leave a feedback_leave-feedback"), "*"): Keys '*' sent to object: 'Object Repository/ADMIN/Edit Text/Bespoke/Buyer Pages/Purchase Details/input_Leave a feedback_leave-feedback'

2020-03-20 14:26:42 - [MESSAGE][PASSED] - Keys '*' sent to object: 'Object Repository/ADMIN/Edit Text/Bespoke/Buyer Pages/Purchase Details/input_Leave a feedback_leave-feedback'

2020-03-20 14:26:42 - [TEST_STEP][PASSED] - sendKeys(findTestObject("ADMIN/Edit Text/Bespoke/Buyer Pages/Purchase Details/input_Excellent_excellent"), "*"): Keys '*' sent to object: 'Object Repository/ADMIN/Edit Text/Bespoke/Buyer Pages/Purchase Details/input_Excellent_excellent'

2020-03-20 14:26:43 - [MESSAGE][PASSED] - Keys '*' sent to object: 'Object Repository/ADMIN/Edit Text/Bespoke/Buyer Pages/Purchase Details/input_Excellent_excellent'

2020-03-20 14:26:43 - [TEST_STEP][PASSED] - sendKeys(findTestObject("ADMIN/Edit Text/Bespoke/Buyer Pages/Purchase Details/input_Great_great"), "*"): Keys '*' sent to object: 'Object Repository/ADMIN/Edit Text/Bespoke/Buyer Pages/Purchase Details/input_Great_great'

2020-03-20 14:26:43 - [MESSAGE][PASSED] - Keys '*' sent to object: 'Object Repository/ADMIN/Edit Text/Bespoke/Buyer Pages/Purchase Details/input_Great_great'

2020-03-20 14:26:43 - [TEST_STEP][PASSED] - sendKeys(findTestObject("ADMIN/Edit Text/Bespoke/Buyer Pages/Purchase Details/input_Good_good"), "*"): Keys '*' sent to object: 'Object Repository/ADMIN/Edit Text/Bespoke/Buyer Pages/Purchase Details/input_Good_good'

2020-03-20 14:26:43 - [MESSAGE][PASSED] - Keys '*' sent to object: 'Object Repository/ADMIN/Edit Text/Bespoke/Buyer Pages/Purchase Details/input_Good_good'

2020-03-20 14:26:43 - [TEST_STEP][PASSED] - sendKeys(findTestObject("ADMIN/Edit Text/Bespoke/Buyer Pages/Purchase Details/input_Okay_ok"), "*"): Keys '*' sent to object: 'Object Repository/ADMIN/Edit Text/Bespoke/Buyer Pages/Purchase Details/input_Okay_ok'

2020-03-20 14:26:43 - [MESSAGE][PASSED] - Keys '*' sent to object: 'Object Repository/ADMIN/Edit Text/Bespoke/Buyer Pages/Purchase Details/input_Okay_ok'

2020-03-20 14:26:43 - [TEST_STEP][PASSED] - sendKeys(findTestObject("ADMIN/Edit Text/Bespoke/Buyer Pages/Purchase Details/input_Unsatisfied_Unsatisfied"), "*"): Keys '*' sent to object: 'Object Repository/ADMIN/Edit Text/Bespoke/Buyer Pages/Purchase Details/input_Unsatisfied_Unsatisfied'

2020-03-20 14:26:44 - [MESSAGE][PASSED] - Keys '*' sent to object: 'Object Repository/ADMIN/Edit Text/Bespoke/Buyer Pages/Purchase Details/input_Unsatisfied_Unsatisfied'

2020-03-20 14:26:44 - [TEST_STEP][PASSED] - sendKeys(findTestObject("ADMIN/Edit Text/Bespoke/Buyer Pages/Purchase Details/input_SUBMIT_btn_okay"), "*"): Keys '*' sent to object: 'Object Repository/ADMIN/Edit Text/Bespoke/Buyer Pages/Purchase Details/input_SUBMIT_btn_okay'

2020-03-20 14:26:44 - [MESSAGE][PASSED] - Keys '*' sent to object: 'Object Repository/ADMIN/Edit Text/Bespoke/Buyer Pages/Purchase Details/input_SUBMIT_btn_okay'

2020-03-20 14:26:44 - [TEST_STEP][PASSED] - click(findTestObject("ADMIN/Edit Text/Bespoke/Buyer Pages/Homepage/button_save"), CONTINUE_ON_FAILURE): Object: 'Object Repository/ADMIN/Edit Text/Bespoke/Buyer Pages/Homepage/button_save' is clicked on

2020-03-20 14:26:44 - [MESSAGE][PASSED] - Object: 'Object Repository/ADMIN/Edit Text/Bespoke/Buyer Pages/Homepage/button_save' is clicked on

2020-03-20 14:26:44 - [TEST_STEP][PASSED] - waitForElementVisible(findTestObject("ADMIN/Edit Text/Bespoke/Buyer Pages/Homepage/toaster_success"), 0): Object 'Object Repository/ADMIN/Edit Text/Bespoke/Buyer Pages/Homepage/toaster_success' is visible

2020-03-20 14:26:44 - [MESSAGE][WARNING] - Timeout '0' is invalid. Using default page load timeout: '30'

2020-03-20 14:26:45 - [MESSAGE][PASSED] - Object 'Object Repository/ADMIN/Edit Text/Bespoke/Buyer Pages/Homepage/toaster_success' is visible]]></system-out>
         <system-err><![CDATA[]]></system-err>
      </testcase>
      <testcase name="Test Cases/ADMIN/Language/Edit Text/Bespoke/Buyer Pages/Purchase Details" time="9.721" classname="Test Cases/ADMIN/Language/Edit Text/Bespoke/Buyer Pages/Purchase Details" status="PASSED">
         <system-out><![CDATA[2020-03-20 14:26:45 - [TEST_CASE][PASSED] - Test Cases/ADMIN/Language/Edit Text/Bespoke/Buyer Pages/Purchase Details: Test Cases/ADMIN/Language/Edit Text/Bespoke/Buyer Pages/Purchase Details

2020-03-20 14:26:45 - [TEST_STEP][PASSED] - waitForElementVisible(findTestObject("ADMIN/Edit Text/Bespoke/Buyer Navigation/dd_language"), 0): Object 'Object Repository/ADMIN/Edit Text/Bespoke/Buyer Navigation/dd_language' is visible

2020-03-20 14:26:45 - [MESSAGE][WARNING] - Timeout '0' is invalid. Using default page load timeout: '30'

2020-03-20 14:26:45 - [MESSAGE][PASSED] - Object 'Object Repository/ADMIN/Edit Text/Bespoke/Buyer Navigation/dd_language' is visible

2020-03-20 14:26:45 - [TEST_STEP][PASSED] - selectOptionByLabel(findTestObject("ADMIN/Edit Text/Bespoke/Buyer Navigation/dd_language"), varLanguage, false): All options with label 'Chinese (Simplified)' are selected in object 'Object Repository/ADMIN/Edit Text/Bespoke/Buyer Navigation/dd_language' 

2020-03-20 14:26:46 - [MESSAGE][PASSED] - All options with label 'Chinese (Simplified)' are selected in object 'Object Repository/ADMIN/Edit Text/Bespoke/Buyer Navigation/dd_language' 

2020-03-20 14:26:46 - [TEST_STEP][PASSED] - sendKeys(findTestObject("ADMIN/Edit Text/Bespoke/Buyer Pages/Purchase Details/input_INVOICE ID_purchase-invoice-id"), "*"): Keys '*' sent to object: 'Object Repository/ADMIN/Edit Text/Bespoke/Buyer Pages/Purchase Details/input_INVOICE ID_purchase-invoice-id'

2020-03-20 14:26:47 - [MESSAGE][PASSED] - Keys '*' sent to object: 'Object Repository/ADMIN/Edit Text/Bespoke/Buyer Pages/Purchase Details/input_INVOICE ID_purchase-invoice-id'

2020-03-20 14:26:47 - [TEST_STEP][PASSED] - sendKeys(findTestObject("ADMIN/Edit Text/Bespoke/Buyer Pages/Purchase Details/input_TIMESTAMP_purchase-timestamp"), "*"): Keys '*' sent to object: 'Object Repository/ADMIN/Edit Text/Bespoke/Buyer Pages/Purchase Details/input_TIMESTAMP_purchase-timestamp'

2020-03-20 14:26:47 - [MESSAGE][PASSED] - Keys '*' sent to object: 'Object Repository/ADMIN/Edit Text/Bespoke/Buyer Pages/Purchase Details/input_TIMESTAMP_purchase-timestamp'

2020-03-20 14:26:47 - [TEST_STEP][PASSED] - sendKeys(findTestObject("ADMIN/Edit Text/Bespoke/Buyer Pages/Purchase Details/input_DELIVERY ADDRESS_purchase-delivery"), "*"): Keys '*' sent to object: 'Object Repository/ADMIN/Edit Text/Bespoke/Buyer Pages/Purchase Details/input_DELIVERY ADDRESS_purchase-delivery'

2020-03-20 14:26:48 - [MESSAGE][PASSED] - Keys '*' sent to object: 'Object Repository/ADMIN/Edit Text/Bespoke/Buyer Pages/Purchase Details/input_DELIVERY ADDRESS_purchase-delivery'

2020-03-20 14:26:48 - [TEST_STEP][PASSED] - sendKeys(findTestObject("ADMIN/Edit Text/Bespoke/Buyer Pages/Purchase Details/input_TRANSACTION TOTAL_purchase-transaction-total"), "*"): Keys '*' sent to object: 'Object Repository/ADMIN/Edit Text/Bespoke/Buyer Pages/Purchase Details/input_TRANSACTION TOTAL_purchase-transaction-total'

2020-03-20 14:26:48 - [MESSAGE][PASSED] - Keys '*' sent to object: 'Object Repository/ADMIN/Edit Text/Bespoke/Buyer Pages/Purchase Details/input_TRANSACTION TOTAL_purchase-transaction-total'

2020-03-20 14:26:48 - [TEST_STEP][PASSED] - sendKeys(findTestObject("ADMIN/Edit Text/Bespoke/Buyer Pages/Purchase Details/input_Subtotal_purchase-subtotal-txt"), "*"): Keys '*' sent to object: 'Object Repository/ADMIN/Edit Text/Bespoke/Buyer Pages/Purchase Details/input_Subtotal_purchase-subtotal-txt'

2020-03-20 14:26:48 - [MESSAGE][PASSED] - Keys '*' sent to object: 'Object Repository/ADMIN/Edit Text/Bespoke/Buyer Pages/Purchase Details/input_Subtotal_purchase-subtotal-txt'

2020-03-20 14:26:48 - [TEST_STEP][PASSED] - sendKeys(findTestObject("ADMIN/Edit Text/Bespoke/Buyer Pages/Purchase Details/input_PAYMENT METHOD_payment_method"), "*"): Keys '*' sent to object: 'Object Repository/ADMIN/Edit Text/Bespoke/Buyer Pages/Purchase Details/input_PAYMENT METHOD_payment_method'

2020-03-20 14:26:48 - [MESSAGE][PASSED] - Keys '*' sent to object: 'Object Repository/ADMIN/Edit Text/Bespoke/Buyer Pages/Purchase Details/input_PAYMENT METHOD_payment_method'

2020-03-20 14:26:48 - [TEST_STEP][PASSED] - sendKeys(findTestObject("ADMIN/Edit Text/Bespoke/Buyer Pages/Purchase Details/input_Delivery_purchase-delivery-txt"), "*"): Keys '*' sent to object: 'Object Repository/ADMIN/Edit Text/Bespoke/Buyer Pages/Purchase Details/input_Delivery_purchase-delivery-txt'

2020-03-20 14:26:48 - [MESSAGE][PASSED] - Keys '*' sent to object: 'Object Repository/ADMIN/Edit Text/Bespoke/Buyer Pages/Purchase Details/input_Delivery_purchase-delivery-txt'

2020-03-20 14:26:48 - [TEST_STEP][PASSED] - sendKeys(findTestObject("ADMIN/Edit Text/Bespoke/Buyer Pages/Purchase Details/input_PAYMENT STATUS_payment_status"), "*"): Keys '*' sent to object: 'Object Repository/ADMIN/Edit Text/Bespoke/Buyer Pages/Purchase Details/input_PAYMENT STATUS_payment_status'

2020-03-20 14:26:49 - [MESSAGE][PASSED] - Keys '*' sent to object: 'Object Repository/ADMIN/Edit Text/Bespoke/Buyer Pages/Purchase Details/input_PAYMENT STATUS_payment_status'

2020-03-20 14:26:49 - [TEST_STEP][PASSED] - sendKeys(findTestObject("ADMIN/Edit Text/Bespoke/Buyer Pages/Purchase Details/input_Bulk Delivery Discount_purchase-bulk-delivery-discount-txt"), "*"): Keys '*' sent to object: 'Object Repository/ADMIN/Edit Text/Bespoke/Buyer Pages/Purchase Details/input_Bulk Delivery Discount_purchase-bulk-delivery-discount-txt'

2020-03-20 14:26:49 - [MESSAGE][PASSED] - Keys '*' sent to object: 'Object Repository/ADMIN/Edit Text/Bespoke/Buyer Pages/Purchase Details/input_Bulk Delivery Discount_purchase-bulk-delivery-discount-txt'

2020-03-20 14:26:49 - [TEST_STEP][PASSED] - sendKeys(findTestObject("ADMIN/Edit Text/Bespoke/Buyer Pages/Purchase Details/input_ITEM_purchase-item-txt"), "*"): Keys '*' sent to object: 'Object Repository/ADMIN/Edit Text/Bespoke/Buyer Pages/Purchase Details/input_ITEM_purchase-item-txt'

2020-03-20 14:26:49 - [MESSAGE][PASSED] - Keys '*' sent to object: 'Object Repository/ADMIN/Edit Text/Bespoke/Buyer Pages/Purchase Details/input_ITEM_purchase-item-txt'

2020-03-20 14:26:49 - [TEST_STEP][PASSED] - sendKeys(findTestObject("ADMIN/Edit Text/Bespoke/Buyer Pages/Purchase Details/input_PRICE_purchase-price-txt"), "*"): Keys '*' sent to object: 'Object Repository/ADMIN/Edit Text/Bespoke/Buyer Pages/Purchase Details/input_PRICE_purchase-price-txt'

2020-03-20 14:26:49 - [MESSAGE][PASSED] - Keys '*' sent to object: 'Object Repository/ADMIN/Edit Text/Bespoke/Buyer Pages/Purchase Details/input_PRICE_purchase-price-txt'

2020-03-20 14:26:49 - [TEST_STEP][PASSED] - sendKeys(findTestObject("ADMIN/Edit Text/Bespoke/Buyer Pages/Purchase Details/input_QTY_purchase-qty-txt"), "*"): Keys '*' sent to object: 'Object Repository/ADMIN/Edit Text/Bespoke/Buyer Pages/Purchase Details/input_QTY_purchase-qty-txt'

2020-03-20 14:26:49 - [MESSAGE][PASSED] - Keys '*' sent to object: 'Object Repository/ADMIN/Edit Text/Bespoke/Buyer Pages/Purchase Details/input_QTY_purchase-qty-txt'

2020-03-20 14:26:49 - [TEST_STEP][PASSED] - sendKeys(findTestObject("ADMIN/Edit Text/Bespoke/Buyer Pages/Purchase Details/input_DELIVERY_purchase-delivery-txt (1)"), "*"): Keys '*' sent to object: 'Object Repository/ADMIN/Edit Text/Bespoke/Buyer Pages/Purchase Details/input_DELIVERY_purchase-delivery-txt (1)'

2020-03-20 14:26:50 - [MESSAGE][PASSED] - Keys '*' sent to object: 'Object Repository/ADMIN/Edit Text/Bespoke/Buyer Pages/Purchase Details/input_DELIVERY_purchase-delivery-txt (1)'

2020-03-20 14:26:50 - [TEST_STEP][PASSED] - sendKeys(findTestObject("ADMIN/Edit Text/Bespoke/Buyer Pages/Purchase Details/input_ORDER STATUS_purchase-orderstatus-txt"), "*"): Keys '*' sent to object: 'Object Repository/ADMIN/Edit Text/Bespoke/Buyer Pages/Purchase Details/input_ORDER STATUS_purchase-orderstatus-txt'

2020-03-20 14:26:50 - [MESSAGE][PASSED] - Keys '*' sent to object: 'Object Repository/ADMIN/Edit Text/Bespoke/Buyer Pages/Purchase Details/input_ORDER STATUS_purchase-orderstatus-txt'

2020-03-20 14:26:50 - [TEST_STEP][PASSED] - sendKeys(findTestObject("ADMIN/Edit Text/Bespoke/Buyer Pages/Purchase Details/input_REVIEWS_purchase-review-txt"), "*"): Keys '*' sent to object: 'Object Repository/ADMIN/Edit Text/Bespoke/Buyer Pages/Purchase Details/input_REVIEWS_purchase-review-txt'

2020-03-20 14:26:50 - [MESSAGE][PASSED] - Keys '*' sent to object: 'Object Repository/ADMIN/Edit Text/Bespoke/Buyer Pages/Purchase Details/input_REVIEWS_purchase-review-txt'

2020-03-20 14:26:50 - [TEST_STEP][PASSED] - sendKeys(findTestObject("ADMIN/Edit Text/Bespoke/Buyer Pages/Purchase Details/input_Sold By_sold-by"), "*"): Keys '*' sent to object: 'Object Repository/ADMIN/Edit Text/Bespoke/Buyer Pages/Purchase Details/input_Sold By_sold-by'

2020-03-20 14:26:50 - [MESSAGE][PASSED] - Keys '*' sent to object: 'Object Repository/ADMIN/Edit Text/Bespoke/Buyer Pages/Purchase Details/input_Sold By_sold-by'

2020-03-20 14:26:50 - [TEST_STEP][PASSED] - sendKeys(findTestObject("ADMIN/Edit Text/Bespoke/Buyer Pages/Purchase Details/input_Contact_Contact"), "*"): Keys '*' sent to object: 'Object Repository/ADMIN/Edit Text/Bespoke/Buyer Pages/Purchase Details/input_Contact_Contact'

2020-03-20 14:26:51 - [MESSAGE][PASSED] - Keys '*' sent to object: 'Object Repository/ADMIN/Edit Text/Bespoke/Buyer Pages/Purchase Details/input_Contact_Contact'

2020-03-20 14:26:51 - [TEST_STEP][PASSED] - sendKeys(findTestObject("ADMIN/Edit Text/Bespoke/Buyer Pages/Purchase Details/input_Delivery_Delivery"), "*"): Keys '*' sent to object: 'Object Repository/ADMIN/Edit Text/Bespoke/Buyer Pages/Purchase Details/input_Delivery_Delivery'

2020-03-20 14:26:51 - [MESSAGE][PASSED] - Keys '*' sent to object: 'Object Repository/ADMIN/Edit Text/Bespoke/Buyer Pages/Purchase Details/input_Delivery_Delivery'

2020-03-20 14:26:51 - [TEST_STEP][PASSED] - sendKeys(findTestObject("ADMIN/Edit Text/Bespoke/Buyer Pages/Purchase Details/input_Pickup_Pickup"), "*"): Keys '*' sent to object: 'Object Repository/ADMIN/Edit Text/Bespoke/Buyer Pages/Purchase Details/input_Pickup_Pickup'

2020-03-20 14:26:51 - [MESSAGE][PASSED] - Keys '*' sent to object: 'Object Repository/ADMIN/Edit Text/Bespoke/Buyer Pages/Purchase Details/input_Pickup_Pickup'

2020-03-20 14:26:51 - [TEST_STEP][PASSED] - sendKeys(findTestObject("ADMIN/Edit Text/Bespoke/Buyer Pages/Purchase Details/input_Leave a feedback_purchase-leave-feedback-txt"), "*"): Keys '*' sent to object: 'Object Repository/ADMIN/Edit Text/Bespoke/Buyer Pages/Purchase Details/input_Leave a feedback_purchase-leave-feedback-txt'

2020-03-20 14:26:51 - [MESSAGE][PASSED] - Keys '*' sent to object: 'Object Repository/ADMIN/Edit Text/Bespoke/Buyer Pages/Purchase Details/input_Leave a feedback_purchase-leave-feedback-txt'

2020-03-20 14:26:51 - [TEST_STEP][PASSED] - sendKeys(findTestObject("ADMIN/Edit Text/Bespoke/Buyer Pages/Purchase Details/input_Left feedback_purchase-left-feedback-txt"), "*"): Keys '*' sent to object: 'Object Repository/ADMIN/Edit Text/Bespoke/Buyer Pages/Purchase Details/input_Left feedback_purchase-left-feedback-txt'

2020-03-20 14:26:52 - [MESSAGE][PASSED] - Keys '*' sent to object: 'Object Repository/ADMIN/Edit Text/Bespoke/Buyer Pages/Purchase Details/input_Left feedback_purchase-left-feedback-txt'

2020-03-20 14:26:52 - [TEST_STEP][PASSED] - sendKeys(findTestObject("ADMIN/Edit Text/Bespoke/Buyer Pages/Purchase Details/input_BACK TO LIST_btn_back"), "*"): Keys '*' sent to object: 'Object Repository/ADMIN/Edit Text/Bespoke/Buyer Pages/Purchase Details/input_BACK TO LIST_btn_back'

2020-03-20 14:26:52 - [MESSAGE][PASSED] - Keys '*' sent to object: 'Object Repository/ADMIN/Edit Text/Bespoke/Buyer Pages/Purchase Details/input_BACK TO LIST_btn_back'

2020-03-20 14:26:52 - [TEST_STEP][PASSED] - sendKeys(findTestObject("ADMIN/Edit Text/Bespoke/Buyer Pages/Purchase Details/input_LEFT A FEEDBACK FOR_popup-title"), "*"): Keys '*' sent to object: 'Object Repository/ADMIN/Edit Text/Bespoke/Buyer Pages/Purchase Details/input_LEFT A FEEDBACK FOR_popup-title'

2020-03-20 14:26:52 - [MESSAGE][PASSED] - Keys '*' sent to object: 'Object Repository/ADMIN/Edit Text/Bespoke/Buyer Pages/Purchase Details/input_LEFT A FEEDBACK FOR_popup-title'

2020-03-20 14:26:52 - [TEST_STEP][PASSED] - sendKeys(findTestObject("ADMIN/Edit Text/Bespoke/Buyer Pages/Purchase Details/input_How much do you rate this item_popup-desc"), "*"): Keys '*' sent to object: 'Object Repository/ADMIN/Edit Text/Bespoke/Buyer Pages/Purchase Details/input_How much do you rate this item_popup-desc'

2020-03-20 14:26:52 - [MESSAGE][PASSED] - Keys '*' sent to object: 'Object Repository/ADMIN/Edit Text/Bespoke/Buyer Pages/Purchase Details/input_How much do you rate this item_popup-desc'

2020-03-20 14:26:52 - [TEST_STEP][PASSED] - sendKeys(findTestObject("ADMIN/Edit Text/Bespoke/Buyer Pages/Purchase Details/input_Leave a feedback_leave-feedback"), "*"): Keys '*' sent to object: 'Object Repository/ADMIN/Edit Text/Bespoke/Buyer Pages/Purchase Details/input_Leave a feedback_leave-feedback'

2020-03-20 14:26:53 - [MESSAGE][PASSED] - Keys '*' sent to object: 'Object Repository/ADMIN/Edit Text/Bespoke/Buyer Pages/Purchase Details/input_Leave a feedback_leave-feedback'

2020-03-20 14:26:53 - [TEST_STEP][PASSED] - sendKeys(findTestObject("ADMIN/Edit Text/Bespoke/Buyer Pages/Purchase Details/input_Excellent_excellent"), "*"): Keys '*' sent to object: 'Object Repository/ADMIN/Edit Text/Bespoke/Buyer Pages/Purchase Details/input_Excellent_excellent'

2020-03-20 14:26:53 - [MESSAGE][PASSED] - Keys '*' sent to object: 'Object Repository/ADMIN/Edit Text/Bespoke/Buyer Pages/Purchase Details/input_Excellent_excellent'

2020-03-20 14:26:53 - [TEST_STEP][PASSED] - sendKeys(findTestObject("ADMIN/Edit Text/Bespoke/Buyer Pages/Purchase Details/input_Great_great"), "*"): Keys '*' sent to object: 'Object Repository/ADMIN/Edit Text/Bespoke/Buyer Pages/Purchase Details/input_Great_great'

2020-03-20 14:26:53 - [MESSAGE][PASSED] - Keys '*' sent to object: 'Object Repository/ADMIN/Edit Text/Bespoke/Buyer Pages/Purchase Details/input_Great_great'

2020-03-20 14:26:53 - [TEST_STEP][PASSED] - sendKeys(findTestObject("ADMIN/Edit Text/Bespoke/Buyer Pages/Purchase Details/input_Good_good"), "*"): Keys '*' sent to object: 'Object Repository/ADMIN/Edit Text/Bespoke/Buyer Pages/Purchase Details/input_Good_good'

2020-03-20 14:26:53 - [MESSAGE][PASSED] - Keys '*' sent to object: 'Object Repository/ADMIN/Edit Text/Bespoke/Buyer Pages/Purchase Details/input_Good_good'

2020-03-20 14:26:53 - [TEST_STEP][PASSED] - sendKeys(findTestObject("ADMIN/Edit Text/Bespoke/Buyer Pages/Purchase Details/input_Okay_ok"), "*"): Keys '*' sent to object: 'Object Repository/ADMIN/Edit Text/Bespoke/Buyer Pages/Purchase Details/input_Okay_ok'

2020-03-20 14:26:53 - [MESSAGE][PASSED] - Keys '*' sent to object: 'Object Repository/ADMIN/Edit Text/Bespoke/Buyer Pages/Purchase Details/input_Okay_ok'

2020-03-20 14:26:53 - [TEST_STEP][PASSED] - sendKeys(findTestObject("ADMIN/Edit Text/Bespoke/Buyer Pages/Purchase Details/input_Unsatisfied_Unsatisfied"), "*"): Keys '*' sent to object: 'Object Repository/ADMIN/Edit Text/Bespoke/Buyer Pages/Purchase Details/input_Unsatisfied_Unsatisfied'

2020-03-20 14:26:54 - [MESSAGE][PASSED] - Keys '*' sent to object: 'Object Repository/ADMIN/Edit Text/Bespoke/Buyer Pages/Purchase Details/input_Unsatisfied_Unsatisfied'

2020-03-20 14:26:54 - [TEST_STEP][PASSED] - sendKeys(findTestObject("ADMIN/Edit Text/Bespoke/Buyer Pages/Purchase Details/input_SUBMIT_btn_okay"), "*"): Keys '*' sent to object: 'Object Repository/ADMIN/Edit Text/Bespoke/Buyer Pages/Purchase Details/input_SUBMIT_btn_okay'

2020-03-20 14:26:54 - [MESSAGE][PASSED] - Keys '*' sent to object: 'Object Repository/ADMIN/Edit Text/Bespoke/Buyer Pages/Purchase Details/input_SUBMIT_btn_okay'

2020-03-20 14:26:54 - [TEST_STEP][PASSED] - click(findTestObject("ADMIN/Edit Text/Bespoke/Buyer Pages/Homepage/button_save"), CONTINUE_ON_FAILURE): Object: 'Object Repository/ADMIN/Edit Text/Bespoke/Buyer Pages/Homepage/button_save' is clicked on

2020-03-20 14:26:54 - [MESSAGE][PASSED] - Object: 'Object Repository/ADMIN/Edit Text/Bespoke/Buyer Pages/Homepage/button_save' is clicked on

2020-03-20 14:26:54 - [TEST_STEP][PASSED] - waitForElementVisible(findTestObject("ADMIN/Edit Text/Bespoke/Buyer Pages/Homepage/toaster_success"), 0): Object 'Object Repository/ADMIN/Edit Text/Bespoke/Buyer Pages/Homepage/toaster_success' is visible

2020-03-20 14:26:54 - [MESSAGE][WARNING] - Timeout '0' is invalid. Using default page load timeout: '30'

2020-03-20 14:26:55 - [MESSAGE][PASSED] - Object 'Object Repository/ADMIN/Edit Text/Bespoke/Buyer Pages/Homepage/toaster_success' is visible]]></system-out>
         <system-err><![CDATA[]]></system-err>
      </testcase>
      <testcase name="Test Cases/ADMIN/Language/Edit Text/Bespoke/Buyer Pages/Purchase Details" time="10.41" classname="Test Cases/ADMIN/Language/Edit Text/Bespoke/Buyer Pages/Purchase Details" status="PASSED">
         <system-out><![CDATA[2020-03-20 14:26:55 - [TEST_CASE][PASSED] - Test Cases/ADMIN/Language/Edit Text/Bespoke/Buyer Pages/Purchase Details: Test Cases/ADMIN/Language/Edit Text/Bespoke/Buyer Pages/Purchase Details

2020-03-20 14:26:55 - [TEST_STEP][PASSED] - waitForElementVisible(findTestObject("ADMIN/Edit Text/Bespoke/Buyer Navigation/dd_language"), 0): Object 'Object Repository/ADMIN/Edit Text/Bespoke/Buyer Navigation/dd_language' is visible

2020-03-20 14:26:55 - [MESSAGE][WARNING] - Timeout '0' is invalid. Using default page load timeout: '30'

2020-03-20 14:26:55 - [MESSAGE][PASSED] - Object 'Object Repository/ADMIN/Edit Text/Bespoke/Buyer Navigation/dd_language' is visible

2020-03-20 14:26:55 - [TEST_STEP][PASSED] - selectOptionByLabel(findTestObject("ADMIN/Edit Text/Bespoke/Buyer Navigation/dd_language"), varLanguage, false): All options with label 'Hebrew' are selected in object 'Object Repository/ADMIN/Edit Text/Bespoke/Buyer Navigation/dd_language' 

2020-03-20 14:26:56 - [MESSAGE][PASSED] - All options with label 'Hebrew' are selected in object 'Object Repository/ADMIN/Edit Text/Bespoke/Buyer Navigation/dd_language' 

2020-03-20 14:26:56 - [TEST_STEP][PASSED] - sendKeys(findTestObject("ADMIN/Edit Text/Bespoke/Buyer Pages/Purchase Details/input_INVOICE ID_purchase-invoice-id"), "*"): Keys '*' sent to object: 'Object Repository/ADMIN/Edit Text/Bespoke/Buyer Pages/Purchase Details/input_INVOICE ID_purchase-invoice-id'

2020-03-20 14:26:57 - [MESSAGE][PASSED] - Keys '*' sent to object: 'Object Repository/ADMIN/Edit Text/Bespoke/Buyer Pages/Purchase Details/input_INVOICE ID_purchase-invoice-id'

2020-03-20 14:26:57 - [TEST_STEP][PASSED] - sendKeys(findTestObject("ADMIN/Edit Text/Bespoke/Buyer Pages/Purchase Details/input_TIMESTAMP_purchase-timestamp"), "*"): Keys '*' sent to object: 'Object Repository/ADMIN/Edit Text/Bespoke/Buyer Pages/Purchase Details/input_TIMESTAMP_purchase-timestamp'

2020-03-20 14:26:57 - [MESSAGE][PASSED] - Keys '*' sent to object: 'Object Repository/ADMIN/Edit Text/Bespoke/Buyer Pages/Purchase Details/input_TIMESTAMP_purchase-timestamp'

2020-03-20 14:26:57 - [TEST_STEP][PASSED] - sendKeys(findTestObject("ADMIN/Edit Text/Bespoke/Buyer Pages/Purchase Details/input_DELIVERY ADDRESS_purchase-delivery"), "*"): Keys '*' sent to object: 'Object Repository/ADMIN/Edit Text/Bespoke/Buyer Pages/Purchase Details/input_DELIVERY ADDRESS_purchase-delivery'

2020-03-20 14:26:57 - [MESSAGE][PASSED] - Keys '*' sent to object: 'Object Repository/ADMIN/Edit Text/Bespoke/Buyer Pages/Purchase Details/input_DELIVERY ADDRESS_purchase-delivery'

2020-03-20 14:26:57 - [TEST_STEP][PASSED] - sendKeys(findTestObject("ADMIN/Edit Text/Bespoke/Buyer Pages/Purchase Details/input_TRANSACTION TOTAL_purchase-transaction-total"), "*"): Keys '*' sent to object: 'Object Repository/ADMIN/Edit Text/Bespoke/Buyer Pages/Purchase Details/input_TRANSACTION TOTAL_purchase-transaction-total'

2020-03-20 14:26:58 - [MESSAGE][PASSED] - Keys '*' sent to object: 'Object Repository/ADMIN/Edit Text/Bespoke/Buyer Pages/Purchase Details/input_TRANSACTION TOTAL_purchase-transaction-total'

2020-03-20 14:26:58 - [TEST_STEP][PASSED] - sendKeys(findTestObject("ADMIN/Edit Text/Bespoke/Buyer Pages/Purchase Details/input_Subtotal_purchase-subtotal-txt"), "*"): Keys '*' sent to object: 'Object Repository/ADMIN/Edit Text/Bespoke/Buyer Pages/Purchase Details/input_Subtotal_purchase-subtotal-txt'

2020-03-20 14:26:58 - [MESSAGE][PASSED] - Keys '*' sent to object: 'Object Repository/ADMIN/Edit Text/Bespoke/Buyer Pages/Purchase Details/input_Subtotal_purchase-subtotal-txt'

2020-03-20 14:26:58 - [TEST_STEP][PASSED] - sendKeys(findTestObject("ADMIN/Edit Text/Bespoke/Buyer Pages/Purchase Details/input_PAYMENT METHOD_payment_method"), "*"): Keys '*' sent to object: 'Object Repository/ADMIN/Edit Text/Bespoke/Buyer Pages/Purchase Details/input_PAYMENT METHOD_payment_method'

2020-03-20 14:26:58 - [MESSAGE][PASSED] - Keys '*' sent to object: 'Object Repository/ADMIN/Edit Text/Bespoke/Buyer Pages/Purchase Details/input_PAYMENT METHOD_payment_method'

2020-03-20 14:26:58 - [TEST_STEP][PASSED] - sendKeys(findTestObject("ADMIN/Edit Text/Bespoke/Buyer Pages/Purchase Details/input_Delivery_purchase-delivery-txt"), "*"): Keys '*' sent to object: 'Object Repository/ADMIN/Edit Text/Bespoke/Buyer Pages/Purchase Details/input_Delivery_purchase-delivery-txt'

2020-03-20 14:26:58 - [MESSAGE][PASSED] - Keys '*' sent to object: 'Object Repository/ADMIN/Edit Text/Bespoke/Buyer Pages/Purchase Details/input_Delivery_purchase-delivery-txt'

2020-03-20 14:26:58 - [TEST_STEP][PASSED] - sendKeys(findTestObject("ADMIN/Edit Text/Bespoke/Buyer Pages/Purchase Details/input_PAYMENT STATUS_payment_status"), "*"): Keys '*' sent to object: 'Object Repository/ADMIN/Edit Text/Bespoke/Buyer Pages/Purchase Details/input_PAYMENT STATUS_payment_status'

2020-03-20 14:26:59 - [MESSAGE][PASSED] - Keys '*' sent to object: 'Object Repository/ADMIN/Edit Text/Bespoke/Buyer Pages/Purchase Details/input_PAYMENT STATUS_payment_status'

2020-03-20 14:26:59 - [TEST_STEP][PASSED] - sendKeys(findTestObject("ADMIN/Edit Text/Bespoke/Buyer Pages/Purchase Details/input_Bulk Delivery Discount_purchase-bulk-delivery-discount-txt"), "*"): Keys '*' sent to object: 'Object Repository/ADMIN/Edit Text/Bespoke/Buyer Pages/Purchase Details/input_Bulk Delivery Discount_purchase-bulk-delivery-discount-txt'

2020-03-20 14:26:59 - [MESSAGE][PASSED] - Keys '*' sent to object: 'Object Repository/ADMIN/Edit Text/Bespoke/Buyer Pages/Purchase Details/input_Bulk Delivery Discount_purchase-bulk-delivery-discount-txt'

2020-03-20 14:26:59 - [TEST_STEP][PASSED] - sendKeys(findTestObject("ADMIN/Edit Text/Bespoke/Buyer Pages/Purchase Details/input_ITEM_purchase-item-txt"), "*"): Keys '*' sent to object: 'Object Repository/ADMIN/Edit Text/Bespoke/Buyer Pages/Purchase Details/input_ITEM_purchase-item-txt'

2020-03-20 14:26:59 - [MESSAGE][PASSED] - Keys '*' sent to object: 'Object Repository/ADMIN/Edit Text/Bespoke/Buyer Pages/Purchase Details/input_ITEM_purchase-item-txt'

2020-03-20 14:26:59 - [TEST_STEP][PASSED] - sendKeys(findTestObject("ADMIN/Edit Text/Bespoke/Buyer Pages/Purchase Details/input_PRICE_purchase-price-txt"), "*"): Keys '*' sent to object: 'Object Repository/ADMIN/Edit Text/Bespoke/Buyer Pages/Purchase Details/input_PRICE_purchase-price-txt'

2020-03-20 14:26:59 - [MESSAGE][PASSED] - Keys '*' sent to object: 'Object Repository/ADMIN/Edit Text/Bespoke/Buyer Pages/Purchase Details/input_PRICE_purchase-price-txt'

2020-03-20 14:26:59 - [TEST_STEP][PASSED] - sendKeys(findTestObject("ADMIN/Edit Text/Bespoke/Buyer Pages/Purchase Details/input_QTY_purchase-qty-txt"), "*"): Keys '*' sent to object: 'Object Repository/ADMIN/Edit Text/Bespoke/Buyer Pages/Purchase Details/input_QTY_purchase-qty-txt'

2020-03-20 14:27:00 - [MESSAGE][PASSED] - Keys '*' sent to object: 'Object Repository/ADMIN/Edit Text/Bespoke/Buyer Pages/Purchase Details/input_QTY_purchase-qty-txt'

2020-03-20 14:27:00 - [TEST_STEP][PASSED] - sendKeys(findTestObject("ADMIN/Edit Text/Bespoke/Buyer Pages/Purchase Details/input_DELIVERY_purchase-delivery-txt (1)"), "*"): Keys '*' sent to object: 'Object Repository/ADMIN/Edit Text/Bespoke/Buyer Pages/Purchase Details/input_DELIVERY_purchase-delivery-txt (1)'

2020-03-20 14:27:00 - [MESSAGE][PASSED] - Keys '*' sent to object: 'Object Repository/ADMIN/Edit Text/Bespoke/Buyer Pages/Purchase Details/input_DELIVERY_purchase-delivery-txt (1)'

2020-03-20 14:27:00 - [TEST_STEP][PASSED] - sendKeys(findTestObject("ADMIN/Edit Text/Bespoke/Buyer Pages/Purchase Details/input_ORDER STATUS_purchase-orderstatus-txt"), "*"): Keys '*' sent to object: 'Object Repository/ADMIN/Edit Text/Bespoke/Buyer Pages/Purchase Details/input_ORDER STATUS_purchase-orderstatus-txt'

2020-03-20 14:27:00 - [MESSAGE][PASSED] - Keys '*' sent to object: 'Object Repository/ADMIN/Edit Text/Bespoke/Buyer Pages/Purchase Details/input_ORDER STATUS_purchase-orderstatus-txt'

2020-03-20 14:27:00 - [TEST_STEP][PASSED] - sendKeys(findTestObject("ADMIN/Edit Text/Bespoke/Buyer Pages/Purchase Details/input_REVIEWS_purchase-review-txt"), "*"): Keys '*' sent to object: 'Object Repository/ADMIN/Edit Text/Bespoke/Buyer Pages/Purchase Details/input_REVIEWS_purchase-review-txt'

2020-03-20 14:27:00 - [MESSAGE][PASSED] - Keys '*' sent to object: 'Object Repository/ADMIN/Edit Text/Bespoke/Buyer Pages/Purchase Details/input_REVIEWS_purchase-review-txt'

2020-03-20 14:27:00 - [TEST_STEP][PASSED] - sendKeys(findTestObject("ADMIN/Edit Text/Bespoke/Buyer Pages/Purchase Details/input_Sold By_sold-by"), "*"): Keys '*' sent to object: 'Object Repository/ADMIN/Edit Text/Bespoke/Buyer Pages/Purchase Details/input_Sold By_sold-by'

2020-03-20 14:27:01 - [MESSAGE][PASSED] - Keys '*' sent to object: 'Object Repository/ADMIN/Edit Text/Bespoke/Buyer Pages/Purchase Details/input_Sold By_sold-by'

2020-03-20 14:27:01 - [TEST_STEP][PASSED] - sendKeys(findTestObject("ADMIN/Edit Text/Bespoke/Buyer Pages/Purchase Details/input_Contact_Contact"), "*"): Keys '*' sent to object: 'Object Repository/ADMIN/Edit Text/Bespoke/Buyer Pages/Purchase Details/input_Contact_Contact'

2020-03-20 14:27:01 - [MESSAGE][PASSED] - Keys '*' sent to object: 'Object Repository/ADMIN/Edit Text/Bespoke/Buyer Pages/Purchase Details/input_Contact_Contact'

2020-03-20 14:27:01 - [TEST_STEP][PASSED] - sendKeys(findTestObject("ADMIN/Edit Text/Bespoke/Buyer Pages/Purchase Details/input_Delivery_Delivery"), "*"): Keys '*' sent to object: 'Object Repository/ADMIN/Edit Text/Bespoke/Buyer Pages/Purchase Details/input_Delivery_Delivery'

2020-03-20 14:27:01 - [MESSAGE][PASSED] - Keys '*' sent to object: 'Object Repository/ADMIN/Edit Text/Bespoke/Buyer Pages/Purchase Details/input_Delivery_Delivery'

2020-03-20 14:27:01 - [TEST_STEP][PASSED] - sendKeys(findTestObject("ADMIN/Edit Text/Bespoke/Buyer Pages/Purchase Details/input_Pickup_Pickup"), "*"): Keys '*' sent to object: 'Object Repository/ADMIN/Edit Text/Bespoke/Buyer Pages/Purchase Details/input_Pickup_Pickup'

2020-03-20 14:27:01 - [MESSAGE][PASSED] - Keys '*' sent to object: 'Object Repository/ADMIN/Edit Text/Bespoke/Buyer Pages/Purchase Details/input_Pickup_Pickup'

2020-03-20 14:27:01 - [TEST_STEP][PASSED] - sendKeys(findTestObject("ADMIN/Edit Text/Bespoke/Buyer Pages/Purchase Details/input_Leave a feedback_purchase-leave-feedback-txt"), "*"): Keys '*' sent to object: 'Object Repository/ADMIN/Edit Text/Bespoke/Buyer Pages/Purchase Details/input_Leave a feedback_purchase-leave-feedback-txt'

2020-03-20 14:27:01 - [MESSAGE][PASSED] - Keys '*' sent to object: 'Object Repository/ADMIN/Edit Text/Bespoke/Buyer Pages/Purchase Details/input_Leave a feedback_purchase-leave-feedback-txt'

2020-03-20 14:27:01 - [TEST_STEP][PASSED] - sendKeys(findTestObject("ADMIN/Edit Text/Bespoke/Buyer Pages/Purchase Details/input_Left feedback_purchase-left-feedback-txt"), "*"): Keys '*' sent to object: 'Object Repository/ADMIN/Edit Text/Bespoke/Buyer Pages/Purchase Details/input_Left feedback_purchase-left-feedback-txt'

2020-03-20 14:27:02 - [MESSAGE][PASSED] - Keys '*' sent to object: 'Object Repository/ADMIN/Edit Text/Bespoke/Buyer Pages/Purchase Details/input_Left feedback_purchase-left-feedback-txt'

2020-03-20 14:27:02 - [TEST_STEP][PASSED] - sendKeys(findTestObject("ADMIN/Edit Text/Bespoke/Buyer Pages/Purchase Details/input_BACK TO LIST_btn_back"), "*"): Keys '*' sent to object: 'Object Repository/ADMIN/Edit Text/Bespoke/Buyer Pages/Purchase Details/input_BACK TO LIST_btn_back'

2020-03-20 14:27:02 - [MESSAGE][PASSED] - Keys '*' sent to object: 'Object Repository/ADMIN/Edit Text/Bespoke/Buyer Pages/Purchase Details/input_BACK TO LIST_btn_back'

2020-03-20 14:27:02 - [TEST_STEP][PASSED] - sendKeys(findTestObject("ADMIN/Edit Text/Bespoke/Buyer Pages/Purchase Details/input_LEFT A FEEDBACK FOR_popup-title"), "*"): Keys '*' sent to object: 'Object Repository/ADMIN/Edit Text/Bespoke/Buyer Pages/Purchase Details/input_LEFT A FEEDBACK FOR_popup-title'

2020-03-20 14:27:02 - [MESSAGE][PASSED] - Keys '*' sent to object: 'Object Repository/ADMIN/Edit Text/Bespoke/Buyer Pages/Purchase Details/input_LEFT A FEEDBACK FOR_popup-title'

2020-03-20 14:27:02 - [TEST_STEP][PASSED] - sendKeys(findTestObject("ADMIN/Edit Text/Bespoke/Buyer Pages/Purchase Details/input_How much do you rate this item_popup-desc"), "*"): Keys '*' sent to object: 'Object Repository/ADMIN/Edit Text/Bespoke/Buyer Pages/Purchase Details/input_How much do you rate this item_popup-desc'

2020-03-20 14:27:02 - [MESSAGE][PASSED] - Keys '*' sent to object: 'Object Repository/ADMIN/Edit Text/Bespoke/Buyer Pages/Purchase Details/input_How much do you rate this item_popup-desc'

2020-03-20 14:27:02 - [TEST_STEP][PASSED] - sendKeys(findTestObject("ADMIN/Edit Text/Bespoke/Buyer Pages/Purchase Details/input_Leave a feedback_leave-feedback"), "*"): Keys '*' sent to object: 'Object Repository/ADMIN/Edit Text/Bespoke/Buyer Pages/Purchase Details/input_Leave a feedback_leave-feedback'

2020-03-20 14:27:03 - [MESSAGE][PASSED] - Keys '*' sent to object: 'Object Repository/ADMIN/Edit Text/Bespoke/Buyer Pages/Purchase Details/input_Leave a feedback_leave-feedback'

2020-03-20 14:27:03 - [TEST_STEP][PASSED] - sendKeys(findTestObject("ADMIN/Edit Text/Bespoke/Buyer Pages/Purchase Details/input_Excellent_excellent"), "*"): Keys '*' sent to object: 'Object Repository/ADMIN/Edit Text/Bespoke/Buyer Pages/Purchase Details/input_Excellent_excellent'

2020-03-20 14:27:03 - [MESSAGE][PASSED] - Keys '*' sent to object: 'Object Repository/ADMIN/Edit Text/Bespoke/Buyer Pages/Purchase Details/input_Excellent_excellent'

2020-03-20 14:27:03 - [TEST_STEP][PASSED] - sendKeys(findTestObject("ADMIN/Edit Text/Bespoke/Buyer Pages/Purchase Details/input_Great_great"), "*"): Keys '*' sent to object: 'Object Repository/ADMIN/Edit Text/Bespoke/Buyer Pages/Purchase Details/input_Great_great'

2020-03-20 14:27:03 - [MESSAGE][PASSED] - Keys '*' sent to object: 'Object Repository/ADMIN/Edit Text/Bespoke/Buyer Pages/Purchase Details/input_Great_great'

2020-03-20 14:27:03 - [TEST_STEP][PASSED] - sendKeys(findTestObject("ADMIN/Edit Text/Bespoke/Buyer Pages/Purchase Details/input_Good_good"), "*"): Keys '*' sent to object: 'Object Repository/ADMIN/Edit Text/Bespoke/Buyer Pages/Purchase Details/input_Good_good'

2020-03-20 14:27:03 - [MESSAGE][PASSED] - Keys '*' sent to object: 'Object Repository/ADMIN/Edit Text/Bespoke/Buyer Pages/Purchase Details/input_Good_good'

2020-03-20 14:27:03 - [TEST_STEP][PASSED] - sendKeys(findTestObject("ADMIN/Edit Text/Bespoke/Buyer Pages/Purchase Details/input_Okay_ok"), "*"): Keys '*' sent to object: 'Object Repository/ADMIN/Edit Text/Bespoke/Buyer Pages/Purchase Details/input_Okay_ok'

2020-03-20 14:27:04 - [MESSAGE][PASSED] - Keys '*' sent to object: 'Object Repository/ADMIN/Edit Text/Bespoke/Buyer Pages/Purchase Details/input_Okay_ok'

2020-03-20 14:27:04 - [TEST_STEP][PASSED] - sendKeys(findTestObject("ADMIN/Edit Text/Bespoke/Buyer Pages/Purchase Details/input_Unsatisfied_Unsatisfied"), "*"): Keys '*' sent to object: 'Object Repository/ADMIN/Edit Text/Bespoke/Buyer Pages/Purchase Details/input_Unsatisfied_Unsatisfied'

2020-03-20 14:27:04 - [MESSAGE][PASSED] - Keys '*' sent to object: 'Object Repository/ADMIN/Edit Text/Bespoke/Buyer Pages/Purchase Details/input_Unsatisfied_Unsatisfied'

2020-03-20 14:27:04 - [TEST_STEP][PASSED] - sendKeys(findTestObject("ADMIN/Edit Text/Bespoke/Buyer Pages/Purchase Details/input_SUBMIT_btn_okay"), "*"): Keys '*' sent to object: 'Object Repository/ADMIN/Edit Text/Bespoke/Buyer Pages/Purchase Details/input_SUBMIT_btn_okay'

2020-03-20 14:27:04 - [MESSAGE][PASSED] - Keys '*' sent to object: 'Object Repository/ADMIN/Edit Text/Bespoke/Buyer Pages/Purchase Details/input_SUBMIT_btn_okay'

2020-03-20 14:27:04 - [TEST_STEP][PASSED] - click(findTestObject("ADMIN/Edit Text/Bespoke/Buyer Pages/Homepage/button_save"), CONTINUE_ON_FAILURE): Object: 'Object Repository/ADMIN/Edit Text/Bespoke/Buyer Pages/Homepage/button_save' is clicked on

2020-03-20 14:27:04 - [MESSAGE][PASSED] - Object: 'Object Repository/ADMIN/Edit Text/Bespoke/Buyer Pages/Homepage/button_save' is clicked on

2020-03-20 14:27:04 - [TEST_STEP][PASSED] - waitForElementVisible(findTestObject("ADMIN/Edit Text/Bespoke/Buyer Pages/Homepage/toaster_success"), 0): Object 'Object Repository/ADMIN/Edit Text/Bespoke/Buyer Pages/Homepage/toaster_success' is visible

2020-03-20 14:27:04 - [MESSAGE][WARNING] - Timeout '0' is invalid. Using default page load timeout: '30'

2020-03-20 14:27:05 - [MESSAGE][PASSED] - Object 'Object Repository/ADMIN/Edit Text/Bespoke/Buyer Pages/Homepage/toaster_success' is visible]]></system-out>
         <system-err><![CDATA[]]></system-err>
      </testcase>
      <testcase name="Test Cases/ADMIN/Language/Edit Text/Bespoke/Buyer Pages/Purchase Details" time="10.295" classname="Test Cases/ADMIN/Language/Edit Text/Bespoke/Buyer Pages/Purchase Details" status="PASSED">
         <system-out><![CDATA[2020-03-20 14:27:05 - [TEST_CASE][PASSED] - Test Cases/ADMIN/Language/Edit Text/Bespoke/Buyer Pages/Purchase Details: Test Cases/ADMIN/Language/Edit Text/Bespoke/Buyer Pages/Purchase Details

2020-03-20 14:27:05 - [TEST_STEP][PASSED] - waitForElementVisible(findTestObject("ADMIN/Edit Text/Bespoke/Buyer Navigation/dd_language"), 0): Object 'Object Repository/ADMIN/Edit Text/Bespoke/Buyer Navigation/dd_language' is visible

2020-03-20 14:27:05 - [MESSAGE][WARNING] - Timeout '0' is invalid. Using default page load timeout: '30'

2020-03-20 14:27:05 - [MESSAGE][PASSED] - Object 'Object Repository/ADMIN/Edit Text/Bespoke/Buyer Navigation/dd_language' is visible

2020-03-20 14:27:05 - [TEST_STEP][PASSED] - selectOptionByLabel(findTestObject("ADMIN/Edit Text/Bespoke/Buyer Navigation/dd_language"), varLanguage, false): All options with label 'English' are selected in object 'Object Repository/ADMIN/Edit Text/Bespoke/Buyer Navigation/dd_language' 

2020-03-20 14:27:07 - [MESSAGE][PASSED] - All options with label 'English' are selected in object 'Object Repository/ADMIN/Edit Text/Bespoke/Buyer Navigation/dd_language' 

2020-03-20 14:27:07 - [TEST_STEP][PASSED] - sendKeys(findTestObject("ADMIN/Edit Text/Bespoke/Buyer Pages/Purchase Details/input_INVOICE ID_purchase-invoice-id"), "*"): Keys '*' sent to object: 'Object Repository/ADMIN/Edit Text/Bespoke/Buyer Pages/Purchase Details/input_INVOICE ID_purchase-invoice-id'

2020-03-20 14:27:07 - [MESSAGE][PASSED] - Keys '*' sent to object: 'Object Repository/ADMIN/Edit Text/Bespoke/Buyer Pages/Purchase Details/input_INVOICE ID_purchase-invoice-id'

2020-03-20 14:27:07 - [TEST_STEP][PASSED] - sendKeys(findTestObject("ADMIN/Edit Text/Bespoke/Buyer Pages/Purchase Details/input_TIMESTAMP_purchase-timestamp"), "*"): Keys '*' sent to object: 'Object Repository/ADMIN/Edit Text/Bespoke/Buyer Pages/Purchase Details/input_TIMESTAMP_purchase-timestamp'

2020-03-20 14:27:07 - [MESSAGE][PASSED] - Keys '*' sent to object: 'Object Repository/ADMIN/Edit Text/Bespoke/Buyer Pages/Purchase Details/input_TIMESTAMP_purchase-timestamp'

2020-03-20 14:27:07 - [TEST_STEP][PASSED] - sendKeys(findTestObject("ADMIN/Edit Text/Bespoke/Buyer Pages/Purchase Details/input_DELIVERY ADDRESS_purchase-delivery"), "*"): Keys '*' sent to object: 'Object Repository/ADMIN/Edit Text/Bespoke/Buyer Pages/Purchase Details/input_DELIVERY ADDRESS_purchase-delivery'

2020-03-20 14:27:07 - [MESSAGE][PASSED] - Keys '*' sent to object: 'Object Repository/ADMIN/Edit Text/Bespoke/Buyer Pages/Purchase Details/input_DELIVERY ADDRESS_purchase-delivery'

2020-03-20 14:27:07 - [TEST_STEP][PASSED] - sendKeys(findTestObject("ADMIN/Edit Text/Bespoke/Buyer Pages/Purchase Details/input_TRANSACTION TOTAL_purchase-transaction-total"), "*"): Keys '*' sent to object: 'Object Repository/ADMIN/Edit Text/Bespoke/Buyer Pages/Purchase Details/input_TRANSACTION TOTAL_purchase-transaction-total'

2020-03-20 14:27:08 - [MESSAGE][PASSED] - Keys '*' sent to object: 'Object Repository/ADMIN/Edit Text/Bespoke/Buyer Pages/Purchase Details/input_TRANSACTION TOTAL_purchase-transaction-total'

2020-03-20 14:27:08 - [TEST_STEP][PASSED] - sendKeys(findTestObject("ADMIN/Edit Text/Bespoke/Buyer Pages/Purchase Details/input_Subtotal_purchase-subtotal-txt"), "*"): Keys '*' sent to object: 'Object Repository/ADMIN/Edit Text/Bespoke/Buyer Pages/Purchase Details/input_Subtotal_purchase-subtotal-txt'

2020-03-20 14:27:08 - [MESSAGE][PASSED] - Keys '*' sent to object: 'Object Repository/ADMIN/Edit Text/Bespoke/Buyer Pages/Purchase Details/input_Subtotal_purchase-subtotal-txt'

2020-03-20 14:27:08 - [TEST_STEP][PASSED] - sendKeys(findTestObject("ADMIN/Edit Text/Bespoke/Buyer Pages/Purchase Details/input_PAYMENT METHOD_payment_method"), "*"): Keys '*' sent to object: 'Object Repository/ADMIN/Edit Text/Bespoke/Buyer Pages/Purchase Details/input_PAYMENT METHOD_payment_method'

2020-03-20 14:27:08 - [MESSAGE][PASSED] - Keys '*' sent to object: 'Object Repository/ADMIN/Edit Text/Bespoke/Buyer Pages/Purchase Details/input_PAYMENT METHOD_payment_method'

2020-03-20 14:27:08 - [TEST_STEP][PASSED] - sendKeys(findTestObject("ADMIN/Edit Text/Bespoke/Buyer Pages/Purchase Details/input_Delivery_purchase-delivery-txt"), "*"): Keys '*' sent to object: 'Object Repository/ADMIN/Edit Text/Bespoke/Buyer Pages/Purchase Details/input_Delivery_purchase-delivery-txt'

2020-03-20 14:27:09 - [MESSAGE][PASSED] - Keys '*' sent to object: 'Object Repository/ADMIN/Edit Text/Bespoke/Buyer Pages/Purchase Details/input_Delivery_purchase-delivery-txt'

2020-03-20 14:27:09 - [TEST_STEP][PASSED] - sendKeys(findTestObject("ADMIN/Edit Text/Bespoke/Buyer Pages/Purchase Details/input_PAYMENT STATUS_payment_status"), "*"): Keys '*' sent to object: 'Object Repository/ADMIN/Edit Text/Bespoke/Buyer Pages/Purchase Details/input_PAYMENT STATUS_payment_status'

2020-03-20 14:27:09 - [MESSAGE][PASSED] - Keys '*' sent to object: 'Object Repository/ADMIN/Edit Text/Bespoke/Buyer Pages/Purchase Details/input_PAYMENT STATUS_payment_status'

2020-03-20 14:27:09 - [TEST_STEP][PASSED] - sendKeys(findTestObject("ADMIN/Edit Text/Bespoke/Buyer Pages/Purchase Details/input_Bulk Delivery Discount_purchase-bulk-delivery-discount-txt"), "*"): Keys '*' sent to object: 'Object Repository/ADMIN/Edit Text/Bespoke/Buyer Pages/Purchase Details/input_Bulk Delivery Discount_purchase-bulk-delivery-discount-txt'

2020-03-20 14:27:09 - [MESSAGE][PASSED] - Keys '*' sent to object: 'Object Repository/ADMIN/Edit Text/Bespoke/Buyer Pages/Purchase Details/input_Bulk Delivery Discount_purchase-bulk-delivery-discount-txt'

2020-03-20 14:27:09 - [TEST_STEP][PASSED] - sendKeys(findTestObject("ADMIN/Edit Text/Bespoke/Buyer Pages/Purchase Details/input_ITEM_purchase-item-txt"), "*"): Keys '*' sent to object: 'Object Repository/ADMIN/Edit Text/Bespoke/Buyer Pages/Purchase Details/input_ITEM_purchase-item-txt'

2020-03-20 14:27:09 - [MESSAGE][PASSED] - Keys '*' sent to object: 'Object Repository/ADMIN/Edit Text/Bespoke/Buyer Pages/Purchase Details/input_ITEM_purchase-item-txt'

2020-03-20 14:27:09 - [TEST_STEP][PASSED] - sendKeys(findTestObject("ADMIN/Edit Text/Bespoke/Buyer Pages/Purchase Details/input_PRICE_purchase-price-txt"), "*"): Keys '*' sent to object: 'Object Repository/ADMIN/Edit Text/Bespoke/Buyer Pages/Purchase Details/input_PRICE_purchase-price-txt'

2020-03-20 14:27:10 - [MESSAGE][PASSED] - Keys '*' sent to object: 'Object Repository/ADMIN/Edit Text/Bespoke/Buyer Pages/Purchase Details/input_PRICE_purchase-price-txt'

2020-03-20 14:27:10 - [TEST_STEP][PASSED] - sendKeys(findTestObject("ADMIN/Edit Text/Bespoke/Buyer Pages/Purchase Details/input_QTY_purchase-qty-txt"), "*"): Keys '*' sent to object: 'Object Repository/ADMIN/Edit Text/Bespoke/Buyer Pages/Purchase Details/input_QTY_purchase-qty-txt'

2020-03-20 14:27:10 - [MESSAGE][PASSED] - Keys '*' sent to object: 'Object Repository/ADMIN/Edit Text/Bespoke/Buyer Pages/Purchase Details/input_QTY_purchase-qty-txt'

2020-03-20 14:27:10 - [TEST_STEP][PASSED] - sendKeys(findTestObject("ADMIN/Edit Text/Bespoke/Buyer Pages/Purchase Details/input_DELIVERY_purchase-delivery-txt (1)"), "*"): Keys '*' sent to object: 'Object Repository/ADMIN/Edit Text/Bespoke/Buyer Pages/Purchase Details/input_DELIVERY_purchase-delivery-txt (1)'

2020-03-20 14:27:10 - [MESSAGE][PASSED] - Keys '*' sent to object: 'Object Repository/ADMIN/Edit Text/Bespoke/Buyer Pages/Purchase Details/input_DELIVERY_purchase-delivery-txt (1)'

2020-03-20 14:27:10 - [TEST_STEP][PASSED] - sendKeys(findTestObject("ADMIN/Edit Text/Bespoke/Buyer Pages/Purchase Details/input_ORDER STATUS_purchase-orderstatus-txt"), "*"): Keys '*' sent to object: 'Object Repository/ADMIN/Edit Text/Bespoke/Buyer Pages/Purchase Details/input_ORDER STATUS_purchase-orderstatus-txt'

2020-03-20 14:27:10 - [MESSAGE][PASSED] - Keys '*' sent to object: 'Object Repository/ADMIN/Edit Text/Bespoke/Buyer Pages/Purchase Details/input_ORDER STATUS_purchase-orderstatus-txt'

2020-03-20 14:27:10 - [TEST_STEP][PASSED] - sendKeys(findTestObject("ADMIN/Edit Text/Bespoke/Buyer Pages/Purchase Details/input_REVIEWS_purchase-review-txt"), "*"): Keys '*' sent to object: 'Object Repository/ADMIN/Edit Text/Bespoke/Buyer Pages/Purchase Details/input_REVIEWS_purchase-review-txt'

2020-03-20 14:27:11 - [MESSAGE][PASSED] - Keys '*' sent to object: 'Object Repository/ADMIN/Edit Text/Bespoke/Buyer Pages/Purchase Details/input_REVIEWS_purchase-review-txt'

2020-03-20 14:27:11 - [TEST_STEP][PASSED] - sendKeys(findTestObject("ADMIN/Edit Text/Bespoke/Buyer Pages/Purchase Details/input_Sold By_sold-by"), "*"): Keys '*' sent to object: 'Object Repository/ADMIN/Edit Text/Bespoke/Buyer Pages/Purchase Details/input_Sold By_sold-by'

2020-03-20 14:27:11 - [MESSAGE][PASSED] - Keys '*' sent to object: 'Object Repository/ADMIN/Edit Text/Bespoke/Buyer Pages/Purchase Details/input_Sold By_sold-by'

2020-03-20 14:27:11 - [TEST_STEP][PASSED] - sendKeys(findTestObject("ADMIN/Edit Text/Bespoke/Buyer Pages/Purchase Details/input_Contact_Contact"), "*"): Keys '*' sent to object: 'Object Repository/ADMIN/Edit Text/Bespoke/Buyer Pages/Purchase Details/input_Contact_Contact'

2020-03-20 14:27:11 - [MESSAGE][PASSED] - Keys '*' sent to object: 'Object Repository/ADMIN/Edit Text/Bespoke/Buyer Pages/Purchase Details/input_Contact_Contact'

2020-03-20 14:27:11 - [TEST_STEP][PASSED] - sendKeys(findTestObject("ADMIN/Edit Text/Bespoke/Buyer Pages/Purchase Details/input_Delivery_Delivery"), "*"): Keys '*' sent to object: 'Object Repository/ADMIN/Edit Text/Bespoke/Buyer Pages/Purchase Details/input_Delivery_Delivery'

2020-03-20 14:27:11 - [MESSAGE][PASSED] - Keys '*' sent to object: 'Object Repository/ADMIN/Edit Text/Bespoke/Buyer Pages/Purchase Details/input_Delivery_Delivery'

2020-03-20 14:27:11 - [TEST_STEP][PASSED] - sendKeys(findTestObject("ADMIN/Edit Text/Bespoke/Buyer Pages/Purchase Details/input_Pickup_Pickup"), "*"): Keys '*' sent to object: 'Object Repository/ADMIN/Edit Text/Bespoke/Buyer Pages/Purchase Details/input_Pickup_Pickup'

2020-03-20 14:27:12 - [MESSAGE][PASSED] - Keys '*' sent to object: 'Object Repository/ADMIN/Edit Text/Bespoke/Buyer Pages/Purchase Details/input_Pickup_Pickup'

2020-03-20 14:27:12 - [TEST_STEP][PASSED] - sendKeys(findTestObject("ADMIN/Edit Text/Bespoke/Buyer Pages/Purchase Details/input_Leave a feedback_purchase-leave-feedback-txt"), "*"): Keys '*' sent to object: 'Object Repository/ADMIN/Edit Text/Bespoke/Buyer Pages/Purchase Details/input_Leave a feedback_purchase-leave-feedback-txt'

2020-03-20 14:27:12 - [MESSAGE][PASSED] - Keys '*' sent to object: 'Object Repository/ADMIN/Edit Text/Bespoke/Buyer Pages/Purchase Details/input_Leave a feedback_purchase-leave-feedback-txt'

2020-03-20 14:27:12 - [TEST_STEP][PASSED] - sendKeys(findTestObject("ADMIN/Edit Text/Bespoke/Buyer Pages/Purchase Details/input_Left feedback_purchase-left-feedback-txt"), "*"): Keys '*' sent to object: 'Object Repository/ADMIN/Edit Text/Bespoke/Buyer Pages/Purchase Details/input_Left feedback_purchase-left-feedback-txt'

2020-03-20 14:27:12 - [MESSAGE][PASSED] - Keys '*' sent to object: 'Object Repository/ADMIN/Edit Text/Bespoke/Buyer Pages/Purchase Details/input_Left feedback_purchase-left-feedback-txt'

2020-03-20 14:27:12 - [TEST_STEP][PASSED] - sendKeys(findTestObject("ADMIN/Edit Text/Bespoke/Buyer Pages/Purchase Details/input_BACK TO LIST_btn_back"), "*"): Keys '*' sent to object: 'Object Repository/ADMIN/Edit Text/Bespoke/Buyer Pages/Purchase Details/input_BACK TO LIST_btn_back'

2020-03-20 14:27:12 - [MESSAGE][PASSED] - Keys '*' sent to object: 'Object Repository/ADMIN/Edit Text/Bespoke/Buyer Pages/Purchase Details/input_BACK TO LIST_btn_back'

2020-03-20 14:27:12 - [TEST_STEP][PASSED] - sendKeys(findTestObject("ADMIN/Edit Text/Bespoke/Buyer Pages/Purchase Details/input_LEFT A FEEDBACK FOR_popup-title"), "*"): Keys '*' sent to object: 'Object Repository/ADMIN/Edit Text/Bespoke/Buyer Pages/Purchase Details/input_LEFT A FEEDBACK FOR_popup-title'

2020-03-20 14:27:13 - [MESSAGE][PASSED] - Keys '*' sent to object: 'Object Repository/ADMIN/Edit Text/Bespoke/Buyer Pages/Purchase Details/input_LEFT A FEEDBACK FOR_popup-title'

2020-03-20 14:27:13 - [TEST_STEP][PASSED] - sendKeys(findTestObject("ADMIN/Edit Text/Bespoke/Buyer Pages/Purchase Details/input_How much do you rate this item_popup-desc"), "*"): Keys '*' sent to object: 'Object Repository/ADMIN/Edit Text/Bespoke/Buyer Pages/Purchase Details/input_How much do you rate this item_popup-desc'

2020-03-20 14:27:13 - [MESSAGE][PASSED] - Keys '*' sent to object: 'Object Repository/ADMIN/Edit Text/Bespoke/Buyer Pages/Purchase Details/input_How much do you rate this item_popup-desc'

2020-03-20 14:27:13 - [TEST_STEP][PASSED] - sendKeys(findTestObject("ADMIN/Edit Text/Bespoke/Buyer Pages/Purchase Details/input_Leave a feedback_leave-feedback"), "*"): Keys '*' sent to object: 'Object Repository/ADMIN/Edit Text/Bespoke/Buyer Pages/Purchase Details/input_Leave a feedback_leave-feedback'

2020-03-20 14:27:13 - [MESSAGE][PASSED] - Keys '*' sent to object: 'Object Repository/ADMIN/Edit Text/Bespoke/Buyer Pages/Purchase Details/input_Leave a feedback_leave-feedback'

2020-03-20 14:27:13 - [TEST_STEP][PASSED] - sendKeys(findTestObject("ADMIN/Edit Text/Bespoke/Buyer Pages/Purchase Details/input_Excellent_excellent"), "*"): Keys '*' sent to object: 'Object Repository/ADMIN/Edit Text/Bespoke/Buyer Pages/Purchase Details/input_Excellent_excellent'

2020-03-20 14:27:13 - [MESSAGE][PASSED] - Keys '*' sent to object: 'Object Repository/ADMIN/Edit Text/Bespoke/Buyer Pages/Purchase Details/input_Excellent_excellent'

2020-03-20 14:27:13 - [TEST_STEP][PASSED] - sendKeys(findTestObject("ADMIN/Edit Text/Bespoke/Buyer Pages/Purchase Details/input_Great_great"), "*"): Keys '*' sent to object: 'Object Repository/ADMIN/Edit Text/Bespoke/Buyer Pages/Purchase Details/input_Great_great'

2020-03-20 14:27:14 - [MESSAGE][PASSED] - Keys '*' sent to object: 'Object Repository/ADMIN/Edit Text/Bespoke/Buyer Pages/Purchase Details/input_Great_great'

2020-03-20 14:27:14 - [TEST_STEP][PASSED] - sendKeys(findTestObject("ADMIN/Edit Text/Bespoke/Buyer Pages/Purchase Details/input_Good_good"), "*"): Keys '*' sent to object: 'Object Repository/ADMIN/Edit Text/Bespoke/Buyer Pages/Purchase Details/input_Good_good'

2020-03-20 14:27:14 - [MESSAGE][PASSED] - Keys '*' sent to object: 'Object Repository/ADMIN/Edit Text/Bespoke/Buyer Pages/Purchase Details/input_Good_good'

2020-03-20 14:27:14 - [TEST_STEP][PASSED] - sendKeys(findTestObject("ADMIN/Edit Text/Bespoke/Buyer Pages/Purchase Details/input_Okay_ok"), "*"): Keys '*' sent to object: 'Object Repository/ADMIN/Edit Text/Bespoke/Buyer Pages/Purchase Details/input_Okay_ok'

2020-03-20 14:27:14 - [MESSAGE][PASSED] - Keys '*' sent to object: 'Object Repository/ADMIN/Edit Text/Bespoke/Buyer Pages/Purchase Details/input_Okay_ok'

2020-03-20 14:27:14 - [TEST_STEP][PASSED] - sendKeys(findTestObject("ADMIN/Edit Text/Bespoke/Buyer Pages/Purchase Details/input_Unsatisfied_Unsatisfied"), "*"): Keys '*' sent to object: 'Object Repository/ADMIN/Edit Text/Bespoke/Buyer Pages/Purchase Details/input_Unsatisfied_Unsatisfied'

2020-03-20 14:27:14 - [MESSAGE][PASSED] - Keys '*' sent to object: 'Object Repository/ADMIN/Edit Text/Bespoke/Buyer Pages/Purchase Details/input_Unsatisfied_Unsatisfied'

2020-03-20 14:27:14 - [TEST_STEP][PASSED] - sendKeys(findTestObject("ADMIN/Edit Text/Bespoke/Buyer Pages/Purchase Details/input_SUBMIT_btn_okay"), "*"): Keys '*' sent to object: 'Object Repository/ADMIN/Edit Text/Bespoke/Buyer Pages/Purchase Details/input_SUBMIT_btn_okay'

2020-03-20 14:27:14 - [MESSAGE][PASSED] - Keys '*' sent to object: 'Object Repository/ADMIN/Edit Text/Bespoke/Buyer Pages/Purchase Details/input_SUBMIT_btn_okay'

2020-03-20 14:27:14 - [TEST_STEP][PASSED] - click(findTestObject("ADMIN/Edit Text/Bespoke/Buyer Pages/Homepage/button_save"), CONTINUE_ON_FAILURE): Object: 'Object Repository/ADMIN/Edit Text/Bespoke/Buyer Pages/Homepage/button_save' is clicked on

2020-03-20 14:27:15 - [MESSAGE][PASSED] - Object: 'Object Repository/ADMIN/Edit Text/Bespoke/Buyer Pages/Homepage/button_save' is clicked on

2020-03-20 14:27:15 - [TEST_STEP][PASSED] - waitForElementVisible(findTestObject("ADMIN/Edit Text/Bespoke/Buyer Pages/Homepage/toaster_success"), 0): Object 'Object Repository/ADMIN/Edit Text/Bespoke/Buyer Pages/Homepage/toaster_success' is visible

2020-03-20 14:27:15 - [MESSAGE][WARNING] - Timeout '0' is invalid. Using default page load timeout: '30'

2020-03-20 14:27:15 - [MESSAGE][PASSED] - Object 'Object Repository/ADMIN/Edit Text/Bespoke/Buyer Pages/Homepage/toaster_success' is visible]]></system-out>
         <system-err><![CDATA[]]></system-err>
      </testcase>
      <testcase name="Test Cases/ADMIN/Language/Edit Text/Bespoke/Buyer Pages/Inbox Navigation" time="4.103" classname="Test Cases/ADMIN/Language/Edit Text/Bespoke/Buyer Pages/Inbox Navigation" status="PASSED">
         <system-out><![CDATA[2020-03-20 14:27:15 - [TEST_CASE][PASSED] - Test Cases/ADMIN/Language/Edit Text/Bespoke/Buyer Pages/Inbox Navigation: Test Cases/ADMIN/Language/Edit Text/Bespoke/Buyer Pages/Inbox Navigation

2020-03-20 14:27:16 - [TEST_STEP][PASSED] - waitForElementVisible(findTestObject("ADMIN/Language/sidemenu_Language"), 0): Object 'Object Repository/ADMIN/Language/sidemenu_Language' is visible

2020-03-20 14:27:16 - [MESSAGE][WARNING] - Timeout '0' is invalid. Using default page load timeout: '30'

2020-03-20 14:27:16 - [MESSAGE][PASSED] - Object 'Object Repository/ADMIN/Language/sidemenu_Language' is visible

2020-03-20 14:27:16 - [TEST_STEP][PASSED] - click(findTestObject("ADMIN/Language/sidemenu_Language"), CONTINUE_ON_FAILURE): Object: 'Object Repository/ADMIN/Language/sidemenu_Language' is clicked on

2020-03-20 14:27:16 - [MESSAGE][PASSED] - Object: 'Object Repository/ADMIN/Language/sidemenu_Language' is clicked on

2020-03-20 14:27:16 - [TEST_STEP][PASSED] - waitForElementVisible(findTestObject("ADMIN/Language/sidemenu_Edit Text"), 0): Object 'Object Repository/ADMIN/Language/sidemenu_Edit Text' is visible

2020-03-20 14:27:16 - [MESSAGE][WARNING] - Timeout '0' is invalid. Using default page load timeout: '30'

2020-03-20 14:27:16 - [MESSAGE][PASSED] - Object 'Object Repository/ADMIN/Language/sidemenu_Edit Text' is visible

2020-03-20 14:27:16 - [TEST_STEP][PASSED] - click(findTestObject("ADMIN/Language/sidemenu_Edit Text"), CONTINUE_ON_FAILURE): Object: 'Object Repository/ADMIN/Language/sidemenu_Edit Text' is clicked on

2020-03-20 14:27:18 - [MESSAGE][PASSED] - Object: 'Object Repository/ADMIN/Language/sidemenu_Edit Text' is clicked on

2020-03-20 14:27:18 - [TEST_STEP][PASSED] - waitForElementVisible(findTestObject("ADMIN/Edit Text/Bespoke/Buyer Navigation/icon_dd"), 0): Object 'Object Repository/ADMIN/Edit Text/Bespoke/Buyer Navigation/icon_dd' is visible

2020-03-20 14:27:18 - [MESSAGE][WARNING] - Timeout '0' is invalid. Using default page load timeout: '30'

2020-03-20 14:27:18 - [MESSAGE][PASSED] - Object 'Object Repository/ADMIN/Edit Text/Bespoke/Buyer Navigation/icon_dd' is visible

2020-03-20 14:27:18 - [TEST_STEP][PASSED] - click(findTestObject("ADMIN/Edit Text/Bespoke/Buyer Navigation/icon_dd"), CONTINUE_ON_FAILURE): Object: 'Object Repository/ADMIN/Edit Text/Bespoke/Buyer Navigation/icon_dd' is clicked on

2020-03-20 14:27:18 - [MESSAGE][PASSED] - Object: 'Object Repository/ADMIN/Edit Text/Bespoke/Buyer Navigation/icon_dd' is clicked on

2020-03-20 14:27:18 - [TEST_STEP][PASSED] - waitForElementVisible(findTestObject("ADMIN/Edit Text/Bespoke/Buyer Navigation/textlink_Inbox"), 0): Object 'Object Repository/ADMIN/Edit Text/Bespoke/Buyer Navigation/textlink_Inbox' is visible

2020-03-20 14:27:18 - [MESSAGE][WARNING] - Timeout '0' is invalid. Using default page load timeout: '30'

2020-03-20 14:27:18 - [MESSAGE][PASSED] - Object 'Object Repository/ADMIN/Edit Text/Bespoke/Buyer Navigation/textlink_Inbox' is visible

2020-03-20 14:27:18 - [TEST_STEP][PASSED] - click(findTestObject("ADMIN/Edit Text/Bespoke/Buyer Navigation/textlink_Inbox"), CONTINUE_ON_FAILURE): Object: 'Object Repository/ADMIN/Edit Text/Bespoke/Buyer Navigation/textlink_Inbox' is clicked on

2020-03-20 14:27:19 - [MESSAGE][PASSED] - Object: 'Object Repository/ADMIN/Edit Text/Bespoke/Buyer Navigation/textlink_Inbox' is clicked on

2020-03-20 14:27:19 - [TEST_STEP][PASSED] - waitForElementVisible(findTestObject("ADMIN/Edit Text/Bespoke/Buyer Navigation/dd_language"), 0): Object 'Object Repository/ADMIN/Edit Text/Bespoke/Buyer Navigation/dd_language' is visible

2020-03-20 14:27:19 - [MESSAGE][WARNING] - Timeout '0' is invalid. Using default page load timeout: '30'

2020-03-20 14:27:20 - [MESSAGE][PASSED] - Object 'Object Repository/ADMIN/Edit Text/Bespoke/Buyer Navigation/dd_language' is visible]]></system-out>
         <system-err><![CDATA[]]></system-err>
      </testcase>
      <testcase name="Test Cases/ADMIN/Language/Edit Text/Bespoke/Buyer Pages/Inbox" time="3.618" classname="Test Cases/ADMIN/Language/Edit Text/Bespoke/Buyer Pages/Inbox" status="PASSED">
         <system-out><![CDATA[2020-03-20 14:27:20 - [TEST_CASE][PASSED] - Test Cases/ADMIN/Language/Edit Text/Bespoke/Buyer Pages/Inbox: Test Cases/ADMIN/Language/Edit Text/Bespoke/Buyer Pages/Inbox

2020-03-20 14:27:20 - [TEST_STEP][PASSED] - waitForElementVisible(findTestObject("ADMIN/Edit Text/Bespoke/Buyer Navigation/dd_language"), 0): Object 'Object Repository/ADMIN/Edit Text/Bespoke/Buyer Navigation/dd_language' is visible

2020-03-20 14:27:20 - [MESSAGE][WARNING] - Timeout '0' is invalid. Using default page load timeout: '30'

2020-03-20 14:27:20 - [MESSAGE][PASSED] - Object 'Object Repository/ADMIN/Edit Text/Bespoke/Buyer Navigation/dd_language' is visible

2020-03-20 14:27:20 - [TEST_STEP][PASSED] - selectOptionByLabel(findTestObject("ADMIN/Edit Text/Bespoke/Buyer Navigation/dd_language"), varLanguage, false): All options with label 'French' are selected in object 'Object Repository/ADMIN/Edit Text/Bespoke/Buyer Navigation/dd_language' 

2020-03-20 14:27:21 - [MESSAGE][PASSED] - All options with label 'French' are selected in object 'Object Repository/ADMIN/Edit Text/Bespoke/Buyer Navigation/dd_language' 

2020-03-20 14:27:21 - [TEST_STEP][PASSED] - sendKeys(findTestObject("ADMIN/Edit Text/Bespoke/Buyer Pages/Inbox/input_Inbox_item-feedbak"), "*"): Keys '*' sent to object: 'Object Repository/ADMIN/Edit Text/Bespoke/Buyer Pages/Inbox/input_Inbox_item-feedbak'

2020-03-20 14:27:22 - [MESSAGE][PASSED] - Keys '*' sent to object: 'Object Repository/ADMIN/Edit Text/Bespoke/Buyer Pages/Inbox/input_Inbox_item-feedbak'

2020-03-20 14:27:22 - [TEST_STEP][PASSED] - sendKeys(findTestObject("ADMIN/Edit Text/Bespoke/Buyer Pages/Inbox/input_Sellers_seller"), "*"): Keys '*' sent to object: 'Object Repository/ADMIN/Edit Text/Bespoke/Buyer Pages/Inbox/input_Sellers_seller'

2020-03-20 14:27:22 - [MESSAGE][PASSED] - Keys '*' sent to object: 'Object Repository/ADMIN/Edit Text/Bespoke/Buyer Pages/Inbox/input_Sellers_seller'

2020-03-20 14:27:22 - [TEST_STEP][PASSED] - sendKeys(findTestObject("ADMIN/Edit Text/Bespoke/Buyer Pages/Inbox/input_Buyers_buyers"), "*"): Keys '*' sent to object: 'Object Repository/ADMIN/Edit Text/Bespoke/Buyer Pages/Inbox/input_Buyers_buyers'

2020-03-20 14:27:22 - [MESSAGE][PASSED] - Keys '*' sent to object: 'Object Repository/ADMIN/Edit Text/Bespoke/Buyer Pages/Inbox/input_Buyers_buyers'

2020-03-20 14:27:22 - [TEST_STEP][PASSED] - sendKeys(findTestObject("ADMIN/Edit Text/Bespoke/Buyer Pages/Inbox/input_Search by name and message_search-by-name-message"), "*"): Keys '*' sent to object: 'Object Repository/ADMIN/Edit Text/Bespoke/Buyer Pages/Inbox/input_Search by name and message_search-by-name-message'

2020-03-20 14:27:23 - [MESSAGE][PASSED] - Keys '*' sent to object: 'Object Repository/ADMIN/Edit Text/Bespoke/Buyer Pages/Inbox/input_Search by name and message_search-by-name-message'

2020-03-20 14:27:23 - [TEST_STEP][PASSED] - click(findTestObject("ADMIN/Edit Text/Bespoke/Buyer Pages/Homepage/button_save"), CONTINUE_ON_FAILURE): Object: 'Object Repository/ADMIN/Edit Text/Bespoke/Buyer Pages/Homepage/button_save' is clicked on

2020-03-20 14:27:23 - [MESSAGE][PASSED] - Object: 'Object Repository/ADMIN/Edit Text/Bespoke/Buyer Pages/Homepage/button_save' is clicked on

2020-03-20 14:27:23 - [TEST_STEP][PASSED] - waitForElementVisible(findTestObject("ADMIN/Edit Text/Bespoke/Buyer Pages/Homepage/toaster_success"), 0): Object 'Object Repository/ADMIN/Edit Text/Bespoke/Buyer Pages/Homepage/toaster_success' is visible

2020-03-20 14:27:23 - [MESSAGE][WARNING] - Timeout '0' is invalid. Using default page load timeout: '30'

2020-03-20 14:27:23 - [MESSAGE][PASSED] - Object 'Object Repository/ADMIN/Edit Text/Bespoke/Buyer Pages/Homepage/toaster_success' is visible]]></system-out>
         <system-err><![CDATA[]]></system-err>
      </testcase>
      <testcase name="Test Cases/ADMIN/Language/Edit Text/Bespoke/Buyer Pages/Inbox" time="3.427" classname="Test Cases/ADMIN/Language/Edit Text/Bespoke/Buyer Pages/Inbox" status="PASSED">
         <system-out><![CDATA[2020-03-20 14:27:23 - [TEST_CASE][PASSED] - Test Cases/ADMIN/Language/Edit Text/Bespoke/Buyer Pages/Inbox: Test Cases/ADMIN/Language/Edit Text/Bespoke/Buyer Pages/Inbox

2020-03-20 14:27:23 - [TEST_STEP][PASSED] - waitForElementVisible(findTestObject("ADMIN/Edit Text/Bespoke/Buyer Navigation/dd_language"), 0): Object 'Object Repository/ADMIN/Edit Text/Bespoke/Buyer Navigation/dd_language' is visible

2020-03-20 14:27:23 - [MESSAGE][WARNING] - Timeout '0' is invalid. Using default page load timeout: '30'

2020-03-20 14:27:23 - [MESSAGE][PASSED] - Object 'Object Repository/ADMIN/Edit Text/Bespoke/Buyer Navigation/dd_language' is visible

2020-03-20 14:27:23 - [TEST_STEP][PASSED] - selectOptionByLabel(findTestObject("ADMIN/Edit Text/Bespoke/Buyer Navigation/dd_language"), varLanguage, false): All options with label 'Spanish' are selected in object 'Object Repository/ADMIN/Edit Text/Bespoke/Buyer Navigation/dd_language' 

2020-03-20 14:27:24 - [MESSAGE][PASSED] - All options with label 'Spanish' are selected in object 'Object Repository/ADMIN/Edit Text/Bespoke/Buyer Navigation/dd_language' 

2020-03-20 14:27:24 - [TEST_STEP][PASSED] - sendKeys(findTestObject("ADMIN/Edit Text/Bespoke/Buyer Pages/Inbox/input_Inbox_item-feedbak"), "*"): Keys '*' sent to object: 'Object Repository/ADMIN/Edit Text/Bespoke/Buyer Pages/Inbox/input_Inbox_item-feedbak'

2020-03-20 14:27:25 - [MESSAGE][PASSED] - Keys '*' sent to object: 'Object Repository/ADMIN/Edit Text/Bespoke/Buyer Pages/Inbox/input_Inbox_item-feedbak'

2020-03-20 14:27:25 - [TEST_STEP][PASSED] - sendKeys(findTestObject("ADMIN/Edit Text/Bespoke/Buyer Pages/Inbox/input_Sellers_seller"), "*"): Keys '*' sent to object: 'Object Repository/ADMIN/Edit Text/Bespoke/Buyer Pages/Inbox/input_Sellers_seller'

2020-03-20 14:27:25 - [MESSAGE][PASSED] - Keys '*' sent to object: 'Object Repository/ADMIN/Edit Text/Bespoke/Buyer Pages/Inbox/input_Sellers_seller'

2020-03-20 14:27:25 - [TEST_STEP][PASSED] - sendKeys(findTestObject("ADMIN/Edit Text/Bespoke/Buyer Pages/Inbox/input_Buyers_buyers"), "*"): Keys '*' sent to object: 'Object Repository/ADMIN/Edit Text/Bespoke/Buyer Pages/Inbox/input_Buyers_buyers'

2020-03-20 14:27:25 - [MESSAGE][PASSED] - Keys '*' sent to object: 'Object Repository/ADMIN/Edit Text/Bespoke/Buyer Pages/Inbox/input_Buyers_buyers'

2020-03-20 14:27:25 - [TEST_STEP][PASSED] - sendKeys(findTestObject("ADMIN/Edit Text/Bespoke/Buyer Pages/Inbox/input_Search by name and message_search-by-name-message"), "*"): Keys '*' sent to object: 'Object Repository/ADMIN/Edit Text/Bespoke/Buyer Pages/Inbox/input_Search by name and message_search-by-name-message'

2020-03-20 14:27:26 - [MESSAGE][PASSED] - Keys '*' sent to object: 'Object Repository/ADMIN/Edit Text/Bespoke/Buyer Pages/Inbox/input_Search by name and message_search-by-name-message'

2020-03-20 14:27:26 - [TEST_STEP][PASSED] - click(findTestObject("ADMIN/Edit Text/Bespoke/Buyer Pages/Homepage/button_save"), CONTINUE_ON_FAILURE): Object: 'Object Repository/ADMIN/Edit Text/Bespoke/Buyer Pages/Homepage/button_save' is clicked on

2020-03-20 14:27:26 - [MESSAGE][PASSED] - Object: 'Object Repository/ADMIN/Edit Text/Bespoke/Buyer Pages/Homepage/button_save' is clicked on

2020-03-20 14:27:26 - [TEST_STEP][PASSED] - waitForElementVisible(findTestObject("ADMIN/Edit Text/Bespoke/Buyer Pages/Homepage/toaster_success"), 0): Object 'Object Repository/ADMIN/Edit Text/Bespoke/Buyer Pages/Homepage/toaster_success' is visible

2020-03-20 14:27:26 - [MESSAGE][WARNING] - Timeout '0' is invalid. Using default page load timeout: '30'

2020-03-20 14:27:27 - [MESSAGE][PASSED] - Object 'Object Repository/ADMIN/Edit Text/Bespoke/Buyer Pages/Homepage/toaster_success' is visible]]></system-out>
         <system-err><![CDATA[]]></system-err>
      </testcase>
      <testcase name="Test Cases/ADMIN/Language/Edit Text/Bespoke/Buyer Pages/Inbox" time="2.879" classname="Test Cases/ADMIN/Language/Edit Text/Bespoke/Buyer Pages/Inbox" status="PASSED">
         <system-out><![CDATA[2020-03-20 14:27:27 - [TEST_CASE][PASSED] - Test Cases/ADMIN/Language/Edit Text/Bespoke/Buyer Pages/Inbox: Test Cases/ADMIN/Language/Edit Text/Bespoke/Buyer Pages/Inbox

2020-03-20 14:27:27 - [TEST_STEP][PASSED] - waitForElementVisible(findTestObject("ADMIN/Edit Text/Bespoke/Buyer Navigation/dd_language"), 0): Object 'Object Repository/ADMIN/Edit Text/Bespoke/Buyer Navigation/dd_language' is visible

2020-03-20 14:27:27 - [MESSAGE][WARNING] - Timeout '0' is invalid. Using default page load timeout: '30'

2020-03-20 14:27:27 - [MESSAGE][PASSED] - Object 'Object Repository/ADMIN/Edit Text/Bespoke/Buyer Navigation/dd_language' is visible

2020-03-20 14:27:27 - [TEST_STEP][PASSED] - selectOptionByLabel(findTestObject("ADMIN/Edit Text/Bespoke/Buyer Navigation/dd_language"), varLanguage, false): All options with label 'Hindi' are selected in object 'Object Repository/ADMIN/Edit Text/Bespoke/Buyer Navigation/dd_language' 

2020-03-20 14:27:28 - [MESSAGE][PASSED] - All options with label 'Hindi' are selected in object 'Object Repository/ADMIN/Edit Text/Bespoke/Buyer Navigation/dd_language' 

2020-03-20 14:27:28 - [TEST_STEP][PASSED] - sendKeys(findTestObject("ADMIN/Edit Text/Bespoke/Buyer Pages/Inbox/input_Inbox_item-feedbak"), "*"): Keys '*' sent to object: 'Object Repository/ADMIN/Edit Text/Bespoke/Buyer Pages/Inbox/input_Inbox_item-feedbak'

2020-03-20 14:27:28 - [MESSAGE][PASSED] - Keys '*' sent to object: 'Object Repository/ADMIN/Edit Text/Bespoke/Buyer Pages/Inbox/input_Inbox_item-feedbak'

2020-03-20 14:27:28 - [TEST_STEP][PASSED] - sendKeys(findTestObject("ADMIN/Edit Text/Bespoke/Buyer Pages/Inbox/input_Sellers_seller"), "*"): Keys '*' sent to object: 'Object Repository/ADMIN/Edit Text/Bespoke/Buyer Pages/Inbox/input_Sellers_seller'

2020-03-20 14:27:29 - [MESSAGE][PASSED] - Keys '*' sent to object: 'Object Repository/ADMIN/Edit Text/Bespoke/Buyer Pages/Inbox/input_Sellers_seller'

2020-03-20 14:27:29 - [TEST_STEP][PASSED] - sendKeys(findTestObject("ADMIN/Edit Text/Bespoke/Buyer Pages/Inbox/input_Buyers_buyers"), "*"): Keys '*' sent to object: 'Object Repository/ADMIN/Edit Text/Bespoke/Buyer Pages/Inbox/input_Buyers_buyers'

2020-03-20 14:27:29 - [MESSAGE][PASSED] - Keys '*' sent to object: 'Object Repository/ADMIN/Edit Text/Bespoke/Buyer Pages/Inbox/input_Buyers_buyers'

2020-03-20 14:27:29 - [TEST_STEP][PASSED] - sendKeys(findTestObject("ADMIN/Edit Text/Bespoke/Buyer Pages/Inbox/input_Search by name and message_search-by-name-message"), "*"): Keys '*' sent to object: 'Object Repository/ADMIN/Edit Text/Bespoke/Buyer Pages/Inbox/input_Search by name and message_search-by-name-message'

2020-03-20 14:27:29 - [MESSAGE][PASSED] - Keys '*' sent to object: 'Object Repository/ADMIN/Edit Text/Bespoke/Buyer Pages/Inbox/input_Search by name and message_search-by-name-message'

2020-03-20 14:27:29 - [TEST_STEP][PASSED] - click(findTestObject("ADMIN/Edit Text/Bespoke/Buyer Pages/Homepage/button_save"), CONTINUE_ON_FAILURE): Object: 'Object Repository/ADMIN/Edit Text/Bespoke/Buyer Pages/Homepage/button_save' is clicked on

2020-03-20 14:27:29 - [MESSAGE][PASSED] - Object: 'Object Repository/ADMIN/Edit Text/Bespoke/Buyer Pages/Homepage/button_save' is clicked on

2020-03-20 14:27:29 - [TEST_STEP][PASSED] - waitForElementVisible(findTestObject("ADMIN/Edit Text/Bespoke/Buyer Pages/Homepage/toaster_success"), 0): Object 'Object Repository/ADMIN/Edit Text/Bespoke/Buyer Pages/Homepage/toaster_success' is visible

2020-03-20 14:27:29 - [MESSAGE][WARNING] - Timeout '0' is invalid. Using default page load timeout: '30'

2020-03-20 14:27:30 - [MESSAGE][PASSED] - Object 'Object Repository/ADMIN/Edit Text/Bespoke/Buyer Pages/Homepage/toaster_success' is visible]]></system-out>
         <system-err><![CDATA[]]></system-err>
      </testcase>
      <testcase name="Test Cases/ADMIN/Language/Edit Text/Bespoke/Buyer Pages/Inbox" time="3.656" classname="Test Cases/ADMIN/Language/Edit Text/Bespoke/Buyer Pages/Inbox" status="PASSED">
         <system-out><![CDATA[2020-03-20 14:27:30 - [TEST_CASE][PASSED] - Test Cases/ADMIN/Language/Edit Text/Bespoke/Buyer Pages/Inbox: Test Cases/ADMIN/Language/Edit Text/Bespoke/Buyer Pages/Inbox

2020-03-20 14:27:30 - [TEST_STEP][PASSED] - waitForElementVisible(findTestObject("ADMIN/Edit Text/Bespoke/Buyer Navigation/dd_language"), 0): Object 'Object Repository/ADMIN/Edit Text/Bespoke/Buyer Navigation/dd_language' is visible

2020-03-20 14:27:30 - [MESSAGE][WARNING] - Timeout '0' is invalid. Using default page load timeout: '30'

2020-03-20 14:27:30 - [MESSAGE][PASSED] - Object 'Object Repository/ADMIN/Edit Text/Bespoke/Buyer Navigation/dd_language' is visible

2020-03-20 14:27:30 - [TEST_STEP][PASSED] - selectOptionByLabel(findTestObject("ADMIN/Edit Text/Bespoke/Buyer Navigation/dd_language"), varLanguage, false): All options with label 'German' are selected in object 'Object Repository/ADMIN/Edit Text/Bespoke/Buyer Navigation/dd_language' 

2020-03-20 14:27:31 - [MESSAGE][PASSED] - All options with label 'German' are selected in object 'Object Repository/ADMIN/Edit Text/Bespoke/Buyer Navigation/dd_language' 

2020-03-20 14:27:31 - [TEST_STEP][PASSED] - sendKeys(findTestObject("ADMIN/Edit Text/Bespoke/Buyer Pages/Inbox/input_Inbox_item-feedbak"), "*"): Keys '*' sent to object: 'Object Repository/ADMIN/Edit Text/Bespoke/Buyer Pages/Inbox/input_Inbox_item-feedbak'

2020-03-20 14:27:31 - [MESSAGE][PASSED] - Keys '*' sent to object: 'Object Repository/ADMIN/Edit Text/Bespoke/Buyer Pages/Inbox/input_Inbox_item-feedbak'

2020-03-20 14:27:31 - [TEST_STEP][PASSED] - sendKeys(findTestObject("ADMIN/Edit Text/Bespoke/Buyer Pages/Inbox/input_Sellers_seller"), "*"): Keys '*' sent to object: 'Object Repository/ADMIN/Edit Text/Bespoke/Buyer Pages/Inbox/input_Sellers_seller'

2020-03-20 14:27:32 - [MESSAGE][PASSED] - Keys '*' sent to object: 'Object Repository/ADMIN/Edit Text/Bespoke/Buyer Pages/Inbox/input_Sellers_seller'

2020-03-20 14:27:32 - [TEST_STEP][PASSED] - sendKeys(findTestObject("ADMIN/Edit Text/Bespoke/Buyer Pages/Inbox/input_Buyers_buyers"), "*"): Keys '*' sent to object: 'Object Repository/ADMIN/Edit Text/Bespoke/Buyer Pages/Inbox/input_Buyers_buyers'

2020-03-20 14:27:32 - [MESSAGE][PASSED] - Keys '*' sent to object: 'Object Repository/ADMIN/Edit Text/Bespoke/Buyer Pages/Inbox/input_Buyers_buyers'

2020-03-20 14:27:32 - [TEST_STEP][PASSED] - sendKeys(findTestObject("ADMIN/Edit Text/Bespoke/Buyer Pages/Inbox/input_Search by name and message_search-by-name-message"), "*"): Keys '*' sent to object: 'Object Repository/ADMIN/Edit Text/Bespoke/Buyer Pages/Inbox/input_Search by name and message_search-by-name-message'

2020-03-20 14:27:32 - [MESSAGE][PASSED] - Keys '*' sent to object: 'Object Repository/ADMIN/Edit Text/Bespoke/Buyer Pages/Inbox/input_Search by name and message_search-by-name-message'

2020-03-20 14:27:32 - [TEST_STEP][PASSED] - click(findTestObject("ADMIN/Edit Text/Bespoke/Buyer Pages/Homepage/button_save"), CONTINUE_ON_FAILURE): Object: 'Object Repository/ADMIN/Edit Text/Bespoke/Buyer Pages/Homepage/button_save' is clicked on

2020-03-20 14:27:32 - [MESSAGE][PASSED] - Object: 'Object Repository/ADMIN/Edit Text/Bespoke/Buyer Pages/Homepage/button_save' is clicked on

2020-03-20 14:27:32 - [TEST_STEP][PASSED] - waitForElementVisible(findTestObject("ADMIN/Edit Text/Bespoke/Buyer Pages/Homepage/toaster_success"), 0): Object 'Object Repository/ADMIN/Edit Text/Bespoke/Buyer Pages/Homepage/toaster_success' is visible

2020-03-20 14:27:32 - [MESSAGE][WARNING] - Timeout '0' is invalid. Using default page load timeout: '30'

2020-03-20 14:27:33 - [MESSAGE][PASSED] - Object 'Object Repository/ADMIN/Edit Text/Bespoke/Buyer Pages/Homepage/toaster_success' is visible]]></system-out>
         <system-err><![CDATA[]]></system-err>
      </testcase>
      <testcase name="Test Cases/ADMIN/Language/Edit Text/Bespoke/Buyer Pages/Inbox" time="2.84" classname="Test Cases/ADMIN/Language/Edit Text/Bespoke/Buyer Pages/Inbox" status="PASSED">
         <system-out><![CDATA[2020-03-20 14:27:33 - [TEST_CASE][PASSED] - Test Cases/ADMIN/Language/Edit Text/Bespoke/Buyer Pages/Inbox: Test Cases/ADMIN/Language/Edit Text/Bespoke/Buyer Pages/Inbox

2020-03-20 14:27:33 - [TEST_STEP][PASSED] - waitForElementVisible(findTestObject("ADMIN/Edit Text/Bespoke/Buyer Navigation/dd_language"), 0): Object 'Object Repository/ADMIN/Edit Text/Bespoke/Buyer Navigation/dd_language' is visible

2020-03-20 14:27:33 - [MESSAGE][WARNING] - Timeout '0' is invalid. Using default page load timeout: '30'

2020-03-20 14:27:33 - [MESSAGE][PASSED] - Object 'Object Repository/ADMIN/Edit Text/Bespoke/Buyer Navigation/dd_language' is visible

2020-03-20 14:27:33 - [TEST_STEP][PASSED] - selectOptionByLabel(findTestObject("ADMIN/Edit Text/Bespoke/Buyer Navigation/dd_language"), varLanguage, false): All options with label 'Japanese' are selected in object 'Object Repository/ADMIN/Edit Text/Bespoke/Buyer Navigation/dd_language' 

2020-03-20 14:27:35 - [MESSAGE][PASSED] - All options with label 'Japanese' are selected in object 'Object Repository/ADMIN/Edit Text/Bespoke/Buyer Navigation/dd_language' 

2020-03-20 14:27:35 - [TEST_STEP][PASSED] - sendKeys(findTestObject("ADMIN/Edit Text/Bespoke/Buyer Pages/Inbox/input_Inbox_item-feedbak"), "*"): Keys '*' sent to object: 'Object Repository/ADMIN/Edit Text/Bespoke/Buyer Pages/Inbox/input_Inbox_item-feedbak'

2020-03-20 14:27:35 - [MESSAGE][PASSED] - Keys '*' sent to object: 'Object Repository/ADMIN/Edit Text/Bespoke/Buyer Pages/Inbox/input_Inbox_item-feedbak'

2020-03-20 14:27:35 - [TEST_STEP][PASSED] - sendKeys(findTestObject("ADMIN/Edit Text/Bespoke/Buyer Pages/Inbox/input_Sellers_seller"), "*"): Keys '*' sent to object: 'Object Repository/ADMIN/Edit Text/Bespoke/Buyer Pages/Inbox/input_Sellers_seller'

2020-03-20 14:27:35 - [MESSAGE][PASSED] - Keys '*' sent to object: 'Object Repository/ADMIN/Edit Text/Bespoke/Buyer Pages/Inbox/input_Sellers_seller'

2020-03-20 14:27:35 - [TEST_STEP][PASSED] - sendKeys(findTestObject("ADMIN/Edit Text/Bespoke/Buyer Pages/Inbox/input_Buyers_buyers"), "*"): Keys '*' sent to object: 'Object Repository/ADMIN/Edit Text/Bespoke/Buyer Pages/Inbox/input_Buyers_buyers'

2020-03-20 14:27:36 - [MESSAGE][PASSED] - Keys '*' sent to object: 'Object Repository/ADMIN/Edit Text/Bespoke/Buyer Pages/Inbox/input_Buyers_buyers'

2020-03-20 14:27:36 - [TEST_STEP][PASSED] - sendKeys(findTestObject("ADMIN/Edit Text/Bespoke/Buyer Pages/Inbox/input_Search by name and message_search-by-name-message"), "*"): Keys '*' sent to object: 'Object Repository/ADMIN/Edit Text/Bespoke/Buyer Pages/Inbox/input_Search by name and message_search-by-name-message'

2020-03-20 14:27:36 - [MESSAGE][PASSED] - Keys '*' sent to object: 'Object Repository/ADMIN/Edit Text/Bespoke/Buyer Pages/Inbox/input_Search by name and message_search-by-name-message'

2020-03-20 14:27:36 - [TEST_STEP][PASSED] - click(findTestObject("ADMIN/Edit Text/Bespoke/Buyer Pages/Homepage/button_save"), CONTINUE_ON_FAILURE): Object: 'Object Repository/ADMIN/Edit Text/Bespoke/Buyer Pages/Homepage/button_save' is clicked on

2020-03-20 14:27:36 - [MESSAGE][PASSED] - Object: 'Object Repository/ADMIN/Edit Text/Bespoke/Buyer Pages/Homepage/button_save' is clicked on

2020-03-20 14:27:36 - [TEST_STEP][PASSED] - waitForElementVisible(findTestObject("ADMIN/Edit Text/Bespoke/Buyer Pages/Homepage/toaster_success"), 0): Object 'Object Repository/ADMIN/Edit Text/Bespoke/Buyer Pages/Homepage/toaster_success' is visible

2020-03-20 14:27:36 - [MESSAGE][WARNING] - Timeout '0' is invalid. Using default page load timeout: '30'

2020-03-20 14:27:36 - [MESSAGE][PASSED] - Object 'Object Repository/ADMIN/Edit Text/Bespoke/Buyer Pages/Homepage/toaster_success' is visible]]></system-out>
         <system-err><![CDATA[]]></system-err>
      </testcase>
      <testcase name="Test Cases/ADMIN/Language/Edit Text/Bespoke/Buyer Pages/Inbox" time="3.519" classname="Test Cases/ADMIN/Language/Edit Text/Bespoke/Buyer Pages/Inbox" status="PASSED">
         <system-out><![CDATA[2020-03-20 14:27:36 - [TEST_CASE][PASSED] - Test Cases/ADMIN/Language/Edit Text/Bespoke/Buyer Pages/Inbox: Test Cases/ADMIN/Language/Edit Text/Bespoke/Buyer Pages/Inbox

2020-03-20 14:27:36 - [TEST_STEP][PASSED] - waitForElementVisible(findTestObject("ADMIN/Edit Text/Bespoke/Buyer Navigation/dd_language"), 0): Object 'Object Repository/ADMIN/Edit Text/Bespoke/Buyer Navigation/dd_language' is visible

2020-03-20 14:27:36 - [MESSAGE][WARNING] - Timeout '0' is invalid. Using default page load timeout: '30'

2020-03-20 14:27:36 - [MESSAGE][PASSED] - Object 'Object Repository/ADMIN/Edit Text/Bespoke/Buyer Navigation/dd_language' is visible

2020-03-20 14:27:36 - [TEST_STEP][PASSED] - selectOptionByLabel(findTestObject("ADMIN/Edit Text/Bespoke/Buyer Navigation/dd_language"), varLanguage, false): All options with label 'Chinese (Traditional)' are selected in object 'Object Repository/ADMIN/Edit Text/Bespoke/Buyer Navigation/dd_language' 

2020-03-20 14:27:37 - [MESSAGE][PASSED] - All options with label 'Chinese (Traditional)' are selected in object 'Object Repository/ADMIN/Edit Text/Bespoke/Buyer Navigation/dd_language' 

2020-03-20 14:27:37 - [TEST_STEP][PASSED] - sendKeys(findTestObject("ADMIN/Edit Text/Bespoke/Buyer Pages/Inbox/input_Inbox_item-feedbak"), "*"): Keys '*' sent to object: 'Object Repository/ADMIN/Edit Text/Bespoke/Buyer Pages/Inbox/input_Inbox_item-feedbak'

2020-03-20 14:27:38 - [MESSAGE][PASSED] - Keys '*' sent to object: 'Object Repository/ADMIN/Edit Text/Bespoke/Buyer Pages/Inbox/input_Inbox_item-feedbak'

2020-03-20 14:27:38 - [TEST_STEP][PASSED] - sendKeys(findTestObject("ADMIN/Edit Text/Bespoke/Buyer Pages/Inbox/input_Sellers_seller"), "*"): Keys '*' sent to object: 'Object Repository/ADMIN/Edit Text/Bespoke/Buyer Pages/Inbox/input_Sellers_seller'

2020-03-20 14:27:38 - [MESSAGE][PASSED] - Keys '*' sent to object: 'Object Repository/ADMIN/Edit Text/Bespoke/Buyer Pages/Inbox/input_Sellers_seller'

2020-03-20 14:27:38 - [TEST_STEP][PASSED] - sendKeys(findTestObject("ADMIN/Edit Text/Bespoke/Buyer Pages/Inbox/input_Buyers_buyers"), "*"): Keys '*' sent to object: 'Object Repository/ADMIN/Edit Text/Bespoke/Buyer Pages/Inbox/input_Buyers_buyers'

2020-03-20 14:27:38 - [MESSAGE][PASSED] - Keys '*' sent to object: 'Object Repository/ADMIN/Edit Text/Bespoke/Buyer Pages/Inbox/input_Buyers_buyers'

2020-03-20 14:27:38 - [TEST_STEP][PASSED] - sendKeys(findTestObject("ADMIN/Edit Text/Bespoke/Buyer Pages/Inbox/input_Search by name and message_search-by-name-message"), "*"): Keys '*' sent to object: 'Object Repository/ADMIN/Edit Text/Bespoke/Buyer Pages/Inbox/input_Search by name and message_search-by-name-message'

2020-03-20 14:27:39 - [MESSAGE][PASSED] - Keys '*' sent to object: 'Object Repository/ADMIN/Edit Text/Bespoke/Buyer Pages/Inbox/input_Search by name and message_search-by-name-message'

2020-03-20 14:27:39 - [TEST_STEP][PASSED] - click(findTestObject("ADMIN/Edit Text/Bespoke/Buyer Pages/Homepage/button_save"), CONTINUE_ON_FAILURE): Object: 'Object Repository/ADMIN/Edit Text/Bespoke/Buyer Pages/Homepage/button_save' is clicked on

2020-03-20 14:27:39 - [MESSAGE][PASSED] - Object: 'Object Repository/ADMIN/Edit Text/Bespoke/Buyer Pages/Homepage/button_save' is clicked on

2020-03-20 14:27:39 - [TEST_STEP][PASSED] - waitForElementVisible(findTestObject("ADMIN/Edit Text/Bespoke/Buyer Pages/Homepage/toaster_success"), 0): Object 'Object Repository/ADMIN/Edit Text/Bespoke/Buyer Pages/Homepage/toaster_success' is visible

2020-03-20 14:27:39 - [MESSAGE][WARNING] - Timeout '0' is invalid. Using default page load timeout: '30'

2020-03-20 14:27:40 - [MESSAGE][PASSED] - Object 'Object Repository/ADMIN/Edit Text/Bespoke/Buyer Pages/Homepage/toaster_success' is visible]]></system-out>
         <system-err><![CDATA[]]></system-err>
      </testcase>
      <testcase name="Test Cases/ADMIN/Language/Edit Text/Bespoke/Buyer Pages/Inbox" time="3.935" classname="Test Cases/ADMIN/Language/Edit Text/Bespoke/Buyer Pages/Inbox" status="PASSED">
         <system-out><![CDATA[2020-03-20 14:27:40 - [TEST_CASE][PASSED] - Test Cases/ADMIN/Language/Edit Text/Bespoke/Buyer Pages/Inbox: Test Cases/ADMIN/Language/Edit Text/Bespoke/Buyer Pages/Inbox

2020-03-20 14:27:40 - [TEST_STEP][PASSED] - waitForElementVisible(findTestObject("ADMIN/Edit Text/Bespoke/Buyer Navigation/dd_language"), 0): Object 'Object Repository/ADMIN/Edit Text/Bespoke/Buyer Navigation/dd_language' is visible

2020-03-20 14:27:40 - [MESSAGE][WARNING] - Timeout '0' is invalid. Using default page load timeout: '30'

2020-03-20 14:27:40 - [MESSAGE][PASSED] - Object 'Object Repository/ADMIN/Edit Text/Bespoke/Buyer Navigation/dd_language' is visible

2020-03-20 14:27:40 - [TEST_STEP][PASSED] - selectOptionByLabel(findTestObject("ADMIN/Edit Text/Bespoke/Buyer Navigation/dd_language"), varLanguage, false): All options with label 'Portuguese' are selected in object 'Object Repository/ADMIN/Edit Text/Bespoke/Buyer Navigation/dd_language' 

2020-03-20 14:27:41 - [MESSAGE][PASSED] - All options with label 'Portuguese' are selected in object 'Object Repository/ADMIN/Edit Text/Bespoke/Buyer Navigation/dd_language' 

2020-03-20 14:27:41 - [TEST_STEP][PASSED] - sendKeys(findTestObject("ADMIN/Edit Text/Bespoke/Buyer Pages/Inbox/input_Inbox_item-feedbak"), "*"): Keys '*' sent to object: 'Object Repository/ADMIN/Edit Text/Bespoke/Buyer Pages/Inbox/input_Inbox_item-feedbak'

2020-03-20 14:27:41 - [MESSAGE][PASSED] - Keys '*' sent to object: 'Object Repository/ADMIN/Edit Text/Bespoke/Buyer Pages/Inbox/input_Inbox_item-feedbak'

2020-03-20 14:27:41 - [TEST_STEP][PASSED] - sendKeys(findTestObject("ADMIN/Edit Text/Bespoke/Buyer Pages/Inbox/input_Sellers_seller"), "*"): Keys '*' sent to object: 'Object Repository/ADMIN/Edit Text/Bespoke/Buyer Pages/Inbox/input_Sellers_seller'

2020-03-20 14:27:42 - [MESSAGE][PASSED] - Keys '*' sent to object: 'Object Repository/ADMIN/Edit Text/Bespoke/Buyer Pages/Inbox/input_Sellers_seller'

2020-03-20 14:27:42 - [TEST_STEP][PASSED] - sendKeys(findTestObject("ADMIN/Edit Text/Bespoke/Buyer Pages/Inbox/input_Buyers_buyers"), "*"): Keys '*' sent to object: 'Object Repository/ADMIN/Edit Text/Bespoke/Buyer Pages/Inbox/input_Buyers_buyers'

2020-03-20 14:27:42 - [MESSAGE][PASSED] - Keys '*' sent to object: 'Object Repository/ADMIN/Edit Text/Bespoke/Buyer Pages/Inbox/input_Buyers_buyers'

2020-03-20 14:27:42 - [TEST_STEP][PASSED] - sendKeys(findTestObject("ADMIN/Edit Text/Bespoke/Buyer Pages/Inbox/input_Search by name and message_search-by-name-message"), "*"): Keys '*' sent to object: 'Object Repository/ADMIN/Edit Text/Bespoke/Buyer Pages/Inbox/input_Search by name and message_search-by-name-message'

2020-03-20 14:27:43 - [MESSAGE][PASSED] - Keys '*' sent to object: 'Object Repository/ADMIN/Edit Text/Bespoke/Buyer Pages/Inbox/input_Search by name and message_search-by-name-message'

2020-03-20 14:27:43 - [TEST_STEP][PASSED] - click(findTestObject("ADMIN/Edit Text/Bespoke/Buyer Pages/Homepage/button_save"), CONTINUE_ON_FAILURE): Object: 'Object Repository/ADMIN/Edit Text/Bespoke/Buyer Pages/Homepage/button_save' is clicked on

2020-03-20 14:27:43 - [MESSAGE][PASSED] - Object: 'Object Repository/ADMIN/Edit Text/Bespoke/Buyer Pages/Homepage/button_save' is clicked on

2020-03-20 14:27:43 - [TEST_STEP][PASSED] - waitForElementVisible(findTestObject("ADMIN/Edit Text/Bespoke/Buyer Pages/Homepage/toaster_success"), 0): Object 'Object Repository/ADMIN/Edit Text/Bespoke/Buyer Pages/Homepage/toaster_success' is visible

2020-03-20 14:27:43 - [MESSAGE][WARNING] - Timeout '0' is invalid. Using default page load timeout: '30'

2020-03-20 14:27:44 - [MESSAGE][PASSED] - Object 'Object Repository/ADMIN/Edit Text/Bespoke/Buyer Pages/Homepage/toaster_success' is visible]]></system-out>
         <system-err><![CDATA[]]></system-err>
      </testcase>
      <testcase name="Test Cases/ADMIN/Language/Edit Text/Bespoke/Buyer Pages/Inbox" time="3.29" classname="Test Cases/ADMIN/Language/Edit Text/Bespoke/Buyer Pages/Inbox" status="PASSED">
         <system-out><![CDATA[2020-03-20 14:27:44 - [TEST_CASE][PASSED] - Test Cases/ADMIN/Language/Edit Text/Bespoke/Buyer Pages/Inbox: Test Cases/ADMIN/Language/Edit Text/Bespoke/Buyer Pages/Inbox

2020-03-20 14:27:44 - [TEST_STEP][PASSED] - waitForElementVisible(findTestObject("ADMIN/Edit Text/Bespoke/Buyer Navigation/dd_language"), 0): Object 'Object Repository/ADMIN/Edit Text/Bespoke/Buyer Navigation/dd_language' is visible

2020-03-20 14:27:44 - [MESSAGE][WARNING] - Timeout '0' is invalid. Using default page load timeout: '30'

2020-03-20 14:27:44 - [MESSAGE][PASSED] - Object 'Object Repository/ADMIN/Edit Text/Bespoke/Buyer Navigation/dd_language' is visible

2020-03-20 14:27:44 - [TEST_STEP][PASSED] - selectOptionByLabel(findTestObject("ADMIN/Edit Text/Bespoke/Buyer Navigation/dd_language"), varLanguage, false): All options with label 'Indonesian' are selected in object 'Object Repository/ADMIN/Edit Text/Bespoke/Buyer Navigation/dd_language' 

2020-03-20 14:27:45 - [MESSAGE][PASSED] - All options with label 'Indonesian' are selected in object 'Object Repository/ADMIN/Edit Text/Bespoke/Buyer Navigation/dd_language' 

2020-03-20 14:27:45 - [TEST_STEP][PASSED] - sendKeys(findTestObject("ADMIN/Edit Text/Bespoke/Buyer Pages/Inbox/input_Inbox_item-feedbak"), "*"): Keys '*' sent to object: 'Object Repository/ADMIN/Edit Text/Bespoke/Buyer Pages/Inbox/input_Inbox_item-feedbak'

2020-03-20 14:27:45 - [MESSAGE][PASSED] - Keys '*' sent to object: 'Object Repository/ADMIN/Edit Text/Bespoke/Buyer Pages/Inbox/input_Inbox_item-feedbak'

2020-03-20 14:27:45 - [TEST_STEP][PASSED] - sendKeys(findTestObject("ADMIN/Edit Text/Bespoke/Buyer Pages/Inbox/input_Sellers_seller"), "*"): Keys '*' sent to object: 'Object Repository/ADMIN/Edit Text/Bespoke/Buyer Pages/Inbox/input_Sellers_seller'

2020-03-20 14:27:45 - [MESSAGE][PASSED] - Keys '*' sent to object: 'Object Repository/ADMIN/Edit Text/Bespoke/Buyer Pages/Inbox/input_Sellers_seller'

2020-03-20 14:27:45 - [TEST_STEP][PASSED] - sendKeys(findTestObject("ADMIN/Edit Text/Bespoke/Buyer Pages/Inbox/input_Buyers_buyers"), "*"): Keys '*' sent to object: 'Object Repository/ADMIN/Edit Text/Bespoke/Buyer Pages/Inbox/input_Buyers_buyers'

2020-03-20 14:27:46 - [MESSAGE][PASSED] - Keys '*' sent to object: 'Object Repository/ADMIN/Edit Text/Bespoke/Buyer Pages/Inbox/input_Buyers_buyers'

2020-03-20 14:27:46 - [TEST_STEP][PASSED] - sendKeys(findTestObject("ADMIN/Edit Text/Bespoke/Buyer Pages/Inbox/input_Search by name and message_search-by-name-message"), "*"): Keys '*' sent to object: 'Object Repository/ADMIN/Edit Text/Bespoke/Buyer Pages/Inbox/input_Search by name and message_search-by-name-message'

2020-03-20 14:27:46 - [MESSAGE][PASSED] - Keys '*' sent to object: 'Object Repository/ADMIN/Edit Text/Bespoke/Buyer Pages/Inbox/input_Search by name and message_search-by-name-message'

2020-03-20 14:27:46 - [TEST_STEP][PASSED] - click(findTestObject("ADMIN/Edit Text/Bespoke/Buyer Pages/Homepage/button_save"), CONTINUE_ON_FAILURE): Object: 'Object Repository/ADMIN/Edit Text/Bespoke/Buyer Pages/Homepage/button_save' is clicked on

2020-03-20 14:27:46 - [MESSAGE][PASSED] - Object: 'Object Repository/ADMIN/Edit Text/Bespoke/Buyer Pages/Homepage/button_save' is clicked on

2020-03-20 14:27:46 - [TEST_STEP][PASSED] - waitForElementVisible(findTestObject("ADMIN/Edit Text/Bespoke/Buyer Pages/Homepage/toaster_success"), 0): Object 'Object Repository/ADMIN/Edit Text/Bespoke/Buyer Pages/Homepage/toaster_success' is visible

2020-03-20 14:27:46 - [MESSAGE][WARNING] - Timeout '0' is invalid. Using default page load timeout: '30'

2020-03-20 14:27:47 - [MESSAGE][PASSED] - Object 'Object Repository/ADMIN/Edit Text/Bespoke/Buyer Pages/Homepage/toaster_success' is visible]]></system-out>
         <system-err><![CDATA[]]></system-err>
      </testcase>
      <testcase name="Test Cases/ADMIN/Language/Edit Text/Bespoke/Buyer Pages/Inbox" time="3.203" classname="Test Cases/ADMIN/Language/Edit Text/Bespoke/Buyer Pages/Inbox" status="PASSED">
         <system-out><![CDATA[2020-03-20 14:27:47 - [TEST_CASE][PASSED] - Test Cases/ADMIN/Language/Edit Text/Bespoke/Buyer Pages/Inbox: Test Cases/ADMIN/Language/Edit Text/Bespoke/Buyer Pages/Inbox

2020-03-20 14:27:47 - [TEST_STEP][PASSED] - waitForElementVisible(findTestObject("ADMIN/Edit Text/Bespoke/Buyer Navigation/dd_language"), 0): Object 'Object Repository/ADMIN/Edit Text/Bespoke/Buyer Navigation/dd_language' is visible

2020-03-20 14:27:47 - [MESSAGE][WARNING] - Timeout '0' is invalid. Using default page load timeout: '30'

2020-03-20 14:27:47 - [MESSAGE][PASSED] - Object 'Object Repository/ADMIN/Edit Text/Bespoke/Buyer Navigation/dd_language' is visible

2020-03-20 14:27:47 - [TEST_STEP][PASSED] - selectOptionByLabel(findTestObject("ADMIN/Edit Text/Bespoke/Buyer Navigation/dd_language"), varLanguage, false): All options with label 'Russian' are selected in object 'Object Repository/ADMIN/Edit Text/Bespoke/Buyer Navigation/dd_language' 

2020-03-20 14:27:48 - [MESSAGE][PASSED] - All options with label 'Russian' are selected in object 'Object Repository/ADMIN/Edit Text/Bespoke/Buyer Navigation/dd_language' 

2020-03-20 14:27:48 - [TEST_STEP][PASSED] - sendKeys(findTestObject("ADMIN/Edit Text/Bespoke/Buyer Pages/Inbox/input_Inbox_item-feedbak"), "*"): Keys '*' sent to object: 'Object Repository/ADMIN/Edit Text/Bespoke/Buyer Pages/Inbox/input_Inbox_item-feedbak'

2020-03-20 14:27:48 - [MESSAGE][PASSED] - Keys '*' sent to object: 'Object Repository/ADMIN/Edit Text/Bespoke/Buyer Pages/Inbox/input_Inbox_item-feedbak'

2020-03-20 14:27:48 - [TEST_STEP][PASSED] - sendKeys(findTestObject("ADMIN/Edit Text/Bespoke/Buyer Pages/Inbox/input_Sellers_seller"), "*"): Keys '*' sent to object: 'Object Repository/ADMIN/Edit Text/Bespoke/Buyer Pages/Inbox/input_Sellers_seller'

2020-03-20 14:27:49 - [MESSAGE][PASSED] - Keys '*' sent to object: 'Object Repository/ADMIN/Edit Text/Bespoke/Buyer Pages/Inbox/input_Sellers_seller'

2020-03-20 14:27:49 - [TEST_STEP][PASSED] - sendKeys(findTestObject("ADMIN/Edit Text/Bespoke/Buyer Pages/Inbox/input_Buyers_buyers"), "*"): Keys '*' sent to object: 'Object Repository/ADMIN/Edit Text/Bespoke/Buyer Pages/Inbox/input_Buyers_buyers'

2020-03-20 14:27:49 - [MESSAGE][PASSED] - Keys '*' sent to object: 'Object Repository/ADMIN/Edit Text/Bespoke/Buyer Pages/Inbox/input_Buyers_buyers'

2020-03-20 14:27:49 - [TEST_STEP][PASSED] - sendKeys(findTestObject("ADMIN/Edit Text/Bespoke/Buyer Pages/Inbox/input_Search by name and message_search-by-name-message"), "*"): Keys '*' sent to object: 'Object Repository/ADMIN/Edit Text/Bespoke/Buyer Pages/Inbox/input_Search by name and message_search-by-name-message'

2020-03-20 14:27:49 - [MESSAGE][PASSED] - Keys '*' sent to object: 'Object Repository/ADMIN/Edit Text/Bespoke/Buyer Pages/Inbox/input_Search by name and message_search-by-name-message'

2020-03-20 14:27:49 - [TEST_STEP][PASSED] - click(findTestObject("ADMIN/Edit Text/Bespoke/Buyer Pages/Homepage/button_save"), CONTINUE_ON_FAILURE): Object: 'Object Repository/ADMIN/Edit Text/Bespoke/Buyer Pages/Homepage/button_save' is clicked on

2020-03-20 14:27:49 - [MESSAGE][PASSED] - Object: 'Object Repository/ADMIN/Edit Text/Bespoke/Buyer Pages/Homepage/button_save' is clicked on

2020-03-20 14:27:49 - [TEST_STEP][PASSED] - waitForElementVisible(findTestObject("ADMIN/Edit Text/Bespoke/Buyer Pages/Homepage/toaster_success"), 0): Object 'Object Repository/ADMIN/Edit Text/Bespoke/Buyer Pages/Homepage/toaster_success' is visible

2020-03-20 14:27:49 - [MESSAGE][WARNING] - Timeout '0' is invalid. Using default page load timeout: '30'

2020-03-20 14:27:50 - [MESSAGE][PASSED] - Object 'Object Repository/ADMIN/Edit Text/Bespoke/Buyer Pages/Homepage/toaster_success' is visible]]></system-out>
         <system-err><![CDATA[]]></system-err>
      </testcase>
      <testcase name="Test Cases/ADMIN/Language/Edit Text/Bespoke/Buyer Pages/Inbox" time="2.819" classname="Test Cases/ADMIN/Language/Edit Text/Bespoke/Buyer Pages/Inbox" status="PASSED">
         <system-out><![CDATA[2020-03-20 14:27:50 - [TEST_CASE][PASSED] - Test Cases/ADMIN/Language/Edit Text/Bespoke/Buyer Pages/Inbox: Test Cases/ADMIN/Language/Edit Text/Bespoke/Buyer Pages/Inbox

2020-03-20 14:27:50 - [TEST_STEP][PASSED] - waitForElementVisible(findTestObject("ADMIN/Edit Text/Bespoke/Buyer Navigation/dd_language"), 0): Object 'Object Repository/ADMIN/Edit Text/Bespoke/Buyer Navigation/dd_language' is visible

2020-03-20 14:27:50 - [MESSAGE][WARNING] - Timeout '0' is invalid. Using default page load timeout: '30'

2020-03-20 14:27:50 - [MESSAGE][PASSED] - Object 'Object Repository/ADMIN/Edit Text/Bespoke/Buyer Navigation/dd_language' is visible

2020-03-20 14:27:50 - [TEST_STEP][PASSED] - selectOptionByLabel(findTestObject("ADMIN/Edit Text/Bespoke/Buyer Navigation/dd_language"), varLanguage, false): All options with label 'Italian' are selected in object 'Object Repository/ADMIN/Edit Text/Bespoke/Buyer Navigation/dd_language' 

2020-03-20 14:27:52 - [MESSAGE][PASSED] - All options with label 'Italian' are selected in object 'Object Repository/ADMIN/Edit Text/Bespoke/Buyer Navigation/dd_language' 

2020-03-20 14:27:52 - [TEST_STEP][PASSED] - sendKeys(findTestObject("ADMIN/Edit Text/Bespoke/Buyer Pages/Inbox/input_Inbox_item-feedbak"), "*"): Keys '*' sent to object: 'Object Repository/ADMIN/Edit Text/Bespoke/Buyer Pages/Inbox/input_Inbox_item-feedbak'

2020-03-20 14:27:52 - [MESSAGE][PASSED] - Keys '*' sent to object: 'Object Repository/ADMIN/Edit Text/Bespoke/Buyer Pages/Inbox/input_Inbox_item-feedbak'

2020-03-20 14:27:52 - [TEST_STEP][PASSED] - sendKeys(findTestObject("ADMIN/Edit Text/Bespoke/Buyer Pages/Inbox/input_Sellers_seller"), "*"): Keys '*' sent to object: 'Object Repository/ADMIN/Edit Text/Bespoke/Buyer Pages/Inbox/input_Sellers_seller'

2020-03-20 14:27:52 - [MESSAGE][PASSED] - Keys '*' sent to object: 'Object Repository/ADMIN/Edit Text/Bespoke/Buyer Pages/Inbox/input_Sellers_seller'

2020-03-20 14:27:52 - [TEST_STEP][PASSED] - sendKeys(findTestObject("ADMIN/Edit Text/Bespoke/Buyer Pages/Inbox/input_Buyers_buyers"), "*"): Keys '*' sent to object: 'Object Repository/ADMIN/Edit Text/Bespoke/Buyer Pages/Inbox/input_Buyers_buyers'

2020-03-20 14:27:52 - [MESSAGE][PASSED] - Keys '*' sent to object: 'Object Repository/ADMIN/Edit Text/Bespoke/Buyer Pages/Inbox/input_Buyers_buyers'

2020-03-20 14:27:52 - [TEST_STEP][PASSED] - sendKeys(findTestObject("ADMIN/Edit Text/Bespoke/Buyer Pages/Inbox/input_Search by name and message_search-by-name-message"), "*"): Keys '*' sent to object: 'Object Repository/ADMIN/Edit Text/Bespoke/Buyer Pages/Inbox/input_Search by name and message_search-by-name-message'

2020-03-20 14:27:52 - [MESSAGE][PASSED] - Keys '*' sent to object: 'Object Repository/ADMIN/Edit Text/Bespoke/Buyer Pages/Inbox/input_Search by name and message_search-by-name-message'

2020-03-20 14:27:52 - [TEST_STEP][PASSED] - click(findTestObject("ADMIN/Edit Text/Bespoke/Buyer Pages/Homepage/button_save"), CONTINUE_ON_FAILURE): Object: 'Object Repository/ADMIN/Edit Text/Bespoke/Buyer Pages/Homepage/button_save' is clicked on

2020-03-20 14:27:53 - [MESSAGE][PASSED] - Object: 'Object Repository/ADMIN/Edit Text/Bespoke/Buyer Pages/Homepage/button_save' is clicked on

2020-03-20 14:27:53 - [TEST_STEP][PASSED] - waitForElementVisible(findTestObject("ADMIN/Edit Text/Bespoke/Buyer Pages/Homepage/toaster_success"), 0): Object 'Object Repository/ADMIN/Edit Text/Bespoke/Buyer Pages/Homepage/toaster_success' is visible

2020-03-20 14:27:53 - [MESSAGE][WARNING] - Timeout '0' is invalid. Using default page load timeout: '30'

2020-03-20 14:27:53 - [MESSAGE][PASSED] - Object 'Object Repository/ADMIN/Edit Text/Bespoke/Buyer Pages/Homepage/toaster_success' is visible]]></system-out>
         <system-err><![CDATA[]]></system-err>
      </testcase>
      <testcase name="Test Cases/ADMIN/Language/Edit Text/Bespoke/Buyer Pages/Inbox" time="3.556" classname="Test Cases/ADMIN/Language/Edit Text/Bespoke/Buyer Pages/Inbox" status="PASSED">
         <system-out><![CDATA[2020-03-20 14:27:53 - [TEST_CASE][PASSED] - Test Cases/ADMIN/Language/Edit Text/Bespoke/Buyer Pages/Inbox: Test Cases/ADMIN/Language/Edit Text/Bespoke/Buyer Pages/Inbox

2020-03-20 14:27:53 - [TEST_STEP][PASSED] - waitForElementVisible(findTestObject("ADMIN/Edit Text/Bespoke/Buyer Navigation/dd_language"), 0): Object 'Object Repository/ADMIN/Edit Text/Bespoke/Buyer Navigation/dd_language' is visible

2020-03-20 14:27:53 - [MESSAGE][WARNING] - Timeout '0' is invalid. Using default page load timeout: '30'

2020-03-20 14:27:53 - [MESSAGE][PASSED] - Object 'Object Repository/ADMIN/Edit Text/Bespoke/Buyer Navigation/dd_language' is visible

2020-03-20 14:27:53 - [TEST_STEP][PASSED] - selectOptionByLabel(findTestObject("ADMIN/Edit Text/Bespoke/Buyer Navigation/dd_language"), varLanguage, false): All options with label 'Arabic' are selected in object 'Object Repository/ADMIN/Edit Text/Bespoke/Buyer Navigation/dd_language' 

2020-03-20 14:27:54 - [MESSAGE][PASSED] - All options with label 'Arabic' are selected in object 'Object Repository/ADMIN/Edit Text/Bespoke/Buyer Navigation/dd_language' 

2020-03-20 14:27:54 - [TEST_STEP][PASSED] - sendKeys(findTestObject("ADMIN/Edit Text/Bespoke/Buyer Pages/Inbox/input_Inbox_item-feedbak"), "*"): Keys '*' sent to object: 'Object Repository/ADMIN/Edit Text/Bespoke/Buyer Pages/Inbox/input_Inbox_item-feedbak'

2020-03-20 14:27:55 - [MESSAGE][PASSED] - Keys '*' sent to object: 'Object Repository/ADMIN/Edit Text/Bespoke/Buyer Pages/Inbox/input_Inbox_item-feedbak'

2020-03-20 14:27:55 - [TEST_STEP][PASSED] - sendKeys(findTestObject("ADMIN/Edit Text/Bespoke/Buyer Pages/Inbox/input_Sellers_seller"), "*"): Keys '*' sent to object: 'Object Repository/ADMIN/Edit Text/Bespoke/Buyer Pages/Inbox/input_Sellers_seller'

2020-03-20 14:27:55 - [MESSAGE][PASSED] - Keys '*' sent to object: 'Object Repository/ADMIN/Edit Text/Bespoke/Buyer Pages/Inbox/input_Sellers_seller'

2020-03-20 14:27:55 - [TEST_STEP][PASSED] - sendKeys(findTestObject("ADMIN/Edit Text/Bespoke/Buyer Pages/Inbox/input_Buyers_buyers"), "*"): Keys '*' sent to object: 'Object Repository/ADMIN/Edit Text/Bespoke/Buyer Pages/Inbox/input_Buyers_buyers'

2020-03-20 14:27:55 - [MESSAGE][PASSED] - Keys '*' sent to object: 'Object Repository/ADMIN/Edit Text/Bespoke/Buyer Pages/Inbox/input_Buyers_buyers'

2020-03-20 14:27:55 - [TEST_STEP][PASSED] - sendKeys(findTestObject("ADMIN/Edit Text/Bespoke/Buyer Pages/Inbox/input_Search by name and message_search-by-name-message"), "*"): Keys '*' sent to object: 'Object Repository/ADMIN/Edit Text/Bespoke/Buyer Pages/Inbox/input_Search by name and message_search-by-name-message'

2020-03-20 14:27:55 - [MESSAGE][PASSED] - Keys '*' sent to object: 'Object Repository/ADMIN/Edit Text/Bespoke/Buyer Pages/Inbox/input_Search by name and message_search-by-name-message'

2020-03-20 14:27:55 - [TEST_STEP][PASSED] - click(findTestObject("ADMIN/Edit Text/Bespoke/Buyer Pages/Homepage/button_save"), CONTINUE_ON_FAILURE): Object: 'Object Repository/ADMIN/Edit Text/Bespoke/Buyer Pages/Homepage/button_save' is clicked on

2020-03-20 14:27:56 - [MESSAGE][PASSED] - Object: 'Object Repository/ADMIN/Edit Text/Bespoke/Buyer Pages/Homepage/button_save' is clicked on

2020-03-20 14:27:56 - [TEST_STEP][PASSED] - waitForElementVisible(findTestObject("ADMIN/Edit Text/Bespoke/Buyer Pages/Homepage/toaster_success"), 0): Object 'Object Repository/ADMIN/Edit Text/Bespoke/Buyer Pages/Homepage/toaster_success' is visible

2020-03-20 14:27:56 - [MESSAGE][WARNING] - Timeout '0' is invalid. Using default page load timeout: '30'

2020-03-20 14:27:56 - [MESSAGE][PASSED] - Object 'Object Repository/ADMIN/Edit Text/Bespoke/Buyer Pages/Homepage/toaster_success' is visible]]></system-out>
         <system-err><![CDATA[]]></system-err>
      </testcase>
      <testcase name="Test Cases/ADMIN/Language/Edit Text/Bespoke/Buyer Pages/Inbox" time="3.275" classname="Test Cases/ADMIN/Language/Edit Text/Bespoke/Buyer Pages/Inbox" status="PASSED">
         <system-out><![CDATA[2020-03-20 14:27:56 - [TEST_CASE][PASSED] - Test Cases/ADMIN/Language/Edit Text/Bespoke/Buyer Pages/Inbox: Test Cases/ADMIN/Language/Edit Text/Bespoke/Buyer Pages/Inbox

2020-03-20 14:27:56 - [TEST_STEP][PASSED] - waitForElementVisible(findTestObject("ADMIN/Edit Text/Bespoke/Buyer Navigation/dd_language"), 0): Object 'Object Repository/ADMIN/Edit Text/Bespoke/Buyer Navigation/dd_language' is visible

2020-03-20 14:27:56 - [MESSAGE][WARNING] - Timeout '0' is invalid. Using default page load timeout: '30'

2020-03-20 14:27:56 - [MESSAGE][PASSED] - Object 'Object Repository/ADMIN/Edit Text/Bespoke/Buyer Navigation/dd_language' is visible

2020-03-20 14:27:56 - [TEST_STEP][PASSED] - selectOptionByLabel(findTestObject("ADMIN/Edit Text/Bespoke/Buyer Navigation/dd_language"), varLanguage, false): All options with label 'Dutch' are selected in object 'Object Repository/ADMIN/Edit Text/Bespoke/Buyer Navigation/dd_language' 

2020-03-20 14:27:58 - [MESSAGE][PASSED] - All options with label 'Dutch' are selected in object 'Object Repository/ADMIN/Edit Text/Bespoke/Buyer Navigation/dd_language' 

2020-03-20 14:27:58 - [TEST_STEP][PASSED] - sendKeys(findTestObject("ADMIN/Edit Text/Bespoke/Buyer Pages/Inbox/input_Inbox_item-feedbak"), "*"): Keys '*' sent to object: 'Object Repository/ADMIN/Edit Text/Bespoke/Buyer Pages/Inbox/input_Inbox_item-feedbak'

2020-03-20 14:27:58 - [MESSAGE][PASSED] - Keys '*' sent to object: 'Object Repository/ADMIN/Edit Text/Bespoke/Buyer Pages/Inbox/input_Inbox_item-feedbak'

2020-03-20 14:27:58 - [TEST_STEP][PASSED] - sendKeys(findTestObject("ADMIN/Edit Text/Bespoke/Buyer Pages/Inbox/input_Sellers_seller"), "*"): Keys '*' sent to object: 'Object Repository/ADMIN/Edit Text/Bespoke/Buyer Pages/Inbox/input_Sellers_seller'

2020-03-20 14:27:58 - [MESSAGE][PASSED] - Keys '*' sent to object: 'Object Repository/ADMIN/Edit Text/Bespoke/Buyer Pages/Inbox/input_Sellers_seller'

2020-03-20 14:27:58 - [TEST_STEP][PASSED] - sendKeys(findTestObject("ADMIN/Edit Text/Bespoke/Buyer Pages/Inbox/input_Buyers_buyers"), "*"): Keys '*' sent to object: 'Object Repository/ADMIN/Edit Text/Bespoke/Buyer Pages/Inbox/input_Buyers_buyers'

2020-03-20 14:27:59 - [MESSAGE][PASSED] - Keys '*' sent to object: 'Object Repository/ADMIN/Edit Text/Bespoke/Buyer Pages/Inbox/input_Buyers_buyers'

2020-03-20 14:27:59 - [TEST_STEP][PASSED] - sendKeys(findTestObject("ADMIN/Edit Text/Bespoke/Buyer Pages/Inbox/input_Search by name and message_search-by-name-message"), "*"): Keys '*' sent to object: 'Object Repository/ADMIN/Edit Text/Bespoke/Buyer Pages/Inbox/input_Search by name and message_search-by-name-message'

2020-03-20 14:27:59 - [MESSAGE][PASSED] - Keys '*' sent to object: 'Object Repository/ADMIN/Edit Text/Bespoke/Buyer Pages/Inbox/input_Search by name and message_search-by-name-message'

2020-03-20 14:27:59 - [TEST_STEP][PASSED] - click(findTestObject("ADMIN/Edit Text/Bespoke/Buyer Pages/Homepage/button_save"), CONTINUE_ON_FAILURE): Object: 'Object Repository/ADMIN/Edit Text/Bespoke/Buyer Pages/Homepage/button_save' is clicked on

2020-03-20 14:27:59 - [MESSAGE][PASSED] - Object: 'Object Repository/ADMIN/Edit Text/Bespoke/Buyer Pages/Homepage/button_save' is clicked on

2020-03-20 14:27:59 - [TEST_STEP][PASSED] - waitForElementVisible(findTestObject("ADMIN/Edit Text/Bespoke/Buyer Pages/Homepage/toaster_success"), 0): Object 'Object Repository/ADMIN/Edit Text/Bespoke/Buyer Pages/Homepage/toaster_success' is visible

2020-03-20 14:27:59 - [MESSAGE][WARNING] - Timeout '0' is invalid. Using default page load timeout: '30'

2020-03-20 14:28:00 - [MESSAGE][PASSED] - Object 'Object Repository/ADMIN/Edit Text/Bespoke/Buyer Pages/Homepage/toaster_success' is visible]]></system-out>
         <system-err><![CDATA[]]></system-err>
      </testcase>
      <testcase name="Test Cases/ADMIN/Language/Edit Text/Bespoke/Buyer Pages/Inbox" time="3.309" classname="Test Cases/ADMIN/Language/Edit Text/Bespoke/Buyer Pages/Inbox" status="PASSED">
         <system-out><![CDATA[2020-03-20 14:28:00 - [TEST_CASE][PASSED] - Test Cases/ADMIN/Language/Edit Text/Bespoke/Buyer Pages/Inbox: Test Cases/ADMIN/Language/Edit Text/Bespoke/Buyer Pages/Inbox

2020-03-20 14:28:00 - [TEST_STEP][PASSED] - waitForElementVisible(findTestObject("ADMIN/Edit Text/Bespoke/Buyer Navigation/dd_language"), 0): Object 'Object Repository/ADMIN/Edit Text/Bespoke/Buyer Navigation/dd_language' is visible

2020-03-20 14:28:00 - [MESSAGE][WARNING] - Timeout '0' is invalid. Using default page load timeout: '30'

2020-03-20 14:28:00 - [MESSAGE][PASSED] - Object 'Object Repository/ADMIN/Edit Text/Bespoke/Buyer Navigation/dd_language' is visible

2020-03-20 14:28:00 - [TEST_STEP][PASSED] - selectOptionByLabel(findTestObject("ADMIN/Edit Text/Bespoke/Buyer Navigation/dd_language"), varLanguage, false): All options with label 'Swedish' are selected in object 'Object Repository/ADMIN/Edit Text/Bespoke/Buyer Navigation/dd_language' 

2020-03-20 14:28:01 - [MESSAGE][PASSED] - All options with label 'Swedish' are selected in object 'Object Repository/ADMIN/Edit Text/Bespoke/Buyer Navigation/dd_language' 

2020-03-20 14:28:01 - [TEST_STEP][PASSED] - sendKeys(findTestObject("ADMIN/Edit Text/Bespoke/Buyer Pages/Inbox/input_Inbox_item-feedbak"), "*"): Keys '*' sent to object: 'Object Repository/ADMIN/Edit Text/Bespoke/Buyer Pages/Inbox/input_Inbox_item-feedbak'

2020-03-20 14:28:01 - [MESSAGE][PASSED] - Keys '*' sent to object: 'Object Repository/ADMIN/Edit Text/Bespoke/Buyer Pages/Inbox/input_Inbox_item-feedbak'

2020-03-20 14:28:01 - [TEST_STEP][PASSED] - sendKeys(findTestObject("ADMIN/Edit Text/Bespoke/Buyer Pages/Inbox/input_Sellers_seller"), "*"): Keys '*' sent to object: 'Object Repository/ADMIN/Edit Text/Bespoke/Buyer Pages/Inbox/input_Sellers_seller'

2020-03-20 14:28:02 - [MESSAGE][PASSED] - Keys '*' sent to object: 'Object Repository/ADMIN/Edit Text/Bespoke/Buyer Pages/Inbox/input_Sellers_seller'

2020-03-20 14:28:02 - [TEST_STEP][PASSED] - sendKeys(findTestObject("ADMIN/Edit Text/Bespoke/Buyer Pages/Inbox/input_Buyers_buyers"), "*"): Keys '*' sent to object: 'Object Repository/ADMIN/Edit Text/Bespoke/Buyer Pages/Inbox/input_Buyers_buyers'

2020-03-20 14:28:02 - [MESSAGE][PASSED] - Keys '*' sent to object: 'Object Repository/ADMIN/Edit Text/Bespoke/Buyer Pages/Inbox/input_Buyers_buyers'

2020-03-20 14:28:02 - [TEST_STEP][PASSED] - sendKeys(findTestObject("ADMIN/Edit Text/Bespoke/Buyer Pages/Inbox/input_Search by name and message_search-by-name-message"), "*"): Keys '*' sent to object: 'Object Repository/ADMIN/Edit Text/Bespoke/Buyer Pages/Inbox/input_Search by name and message_search-by-name-message'

2020-03-20 14:28:02 - [MESSAGE][PASSED] - Keys '*' sent to object: 'Object Repository/ADMIN/Edit Text/Bespoke/Buyer Pages/Inbox/input_Search by name and message_search-by-name-message'

2020-03-20 14:28:02 - [TEST_STEP][PASSED] - click(findTestObject("ADMIN/Edit Text/Bespoke/Buyer Pages/Homepage/button_save"), CONTINUE_ON_FAILURE): Object: 'Object Repository/ADMIN/Edit Text/Bespoke/Buyer Pages/Homepage/button_save' is clicked on

2020-03-20 14:28:02 - [MESSAGE][PASSED] - Object: 'Object Repository/ADMIN/Edit Text/Bespoke/Buyer Pages/Homepage/button_save' is clicked on

2020-03-20 14:28:02 - [TEST_STEP][PASSED] - waitForElementVisible(findTestObject("ADMIN/Edit Text/Bespoke/Buyer Pages/Homepage/toaster_success"), 0): Object 'Object Repository/ADMIN/Edit Text/Bespoke/Buyer Pages/Homepage/toaster_success' is visible

2020-03-20 14:28:02 - [MESSAGE][WARNING] - Timeout '0' is invalid. Using default page load timeout: '30'

2020-03-20 14:28:03 - [MESSAGE][PASSED] - Object 'Object Repository/ADMIN/Edit Text/Bespoke/Buyer Pages/Homepage/toaster_success' is visible]]></system-out>
         <system-err><![CDATA[]]></system-err>
      </testcase>
      <testcase name="Test Cases/ADMIN/Language/Edit Text/Bespoke/Buyer Pages/Inbox" time="3.534" classname="Test Cases/ADMIN/Language/Edit Text/Bespoke/Buyer Pages/Inbox" status="PASSED">
         <system-out><![CDATA[2020-03-20 14:28:03 - [TEST_CASE][PASSED] - Test Cases/ADMIN/Language/Edit Text/Bespoke/Buyer Pages/Inbox: Test Cases/ADMIN/Language/Edit Text/Bespoke/Buyer Pages/Inbox

2020-03-20 14:28:03 - [TEST_STEP][PASSED] - waitForElementVisible(findTestObject("ADMIN/Edit Text/Bespoke/Buyer Navigation/dd_language"), 0): Object 'Object Repository/ADMIN/Edit Text/Bespoke/Buyer Navigation/dd_language' is visible

2020-03-20 14:28:03 - [MESSAGE][WARNING] - Timeout '0' is invalid. Using default page load timeout: '30'

2020-03-20 14:28:03 - [MESSAGE][PASSED] - Object 'Object Repository/ADMIN/Edit Text/Bespoke/Buyer Navigation/dd_language' is visible

2020-03-20 14:28:03 - [TEST_STEP][PASSED] - selectOptionByLabel(findTestObject("ADMIN/Edit Text/Bespoke/Buyer Navigation/dd_language"), varLanguage, false): All options with label 'Chinese (Simplified)' are selected in object 'Object Repository/ADMIN/Edit Text/Bespoke/Buyer Navigation/dd_language' 

2020-03-20 14:28:04 - [MESSAGE][PASSED] - All options with label 'Chinese (Simplified)' are selected in object 'Object Repository/ADMIN/Edit Text/Bespoke/Buyer Navigation/dd_language' 

2020-03-20 14:28:04 - [TEST_STEP][PASSED] - sendKeys(findTestObject("ADMIN/Edit Text/Bespoke/Buyer Pages/Inbox/input_Inbox_item-feedbak"), "*"): Keys '*' sent to object: 'Object Repository/ADMIN/Edit Text/Bespoke/Buyer Pages/Inbox/input_Inbox_item-feedbak'

2020-03-20 14:28:05 - [MESSAGE][PASSED] - Keys '*' sent to object: 'Object Repository/ADMIN/Edit Text/Bespoke/Buyer Pages/Inbox/input_Inbox_item-feedbak'

2020-03-20 14:28:05 - [TEST_STEP][PASSED] - sendKeys(findTestObject("ADMIN/Edit Text/Bespoke/Buyer Pages/Inbox/input_Sellers_seller"), "*"): Keys '*' sent to object: 'Object Repository/ADMIN/Edit Text/Bespoke/Buyer Pages/Inbox/input_Sellers_seller'

2020-03-20 14:28:05 - [MESSAGE][PASSED] - Keys '*' sent to object: 'Object Repository/ADMIN/Edit Text/Bespoke/Buyer Pages/Inbox/input_Sellers_seller'

2020-03-20 14:28:05 - [TEST_STEP][PASSED] - sendKeys(findTestObject("ADMIN/Edit Text/Bespoke/Buyer Pages/Inbox/input_Buyers_buyers"), "*"): Keys '*' sent to object: 'Object Repository/ADMIN/Edit Text/Bespoke/Buyer Pages/Inbox/input_Buyers_buyers'

2020-03-20 14:28:05 - [MESSAGE][PASSED] - Keys '*' sent to object: 'Object Repository/ADMIN/Edit Text/Bespoke/Buyer Pages/Inbox/input_Buyers_buyers'

2020-03-20 14:28:05 - [TEST_STEP][PASSED] - sendKeys(findTestObject("ADMIN/Edit Text/Bespoke/Buyer Pages/Inbox/input_Search by name and message_search-by-name-message"), "*"): Keys '*' sent to object: 'Object Repository/ADMIN/Edit Text/Bespoke/Buyer Pages/Inbox/input_Search by name and message_search-by-name-message'

2020-03-20 14:28:05 - [MESSAGE][PASSED] - Keys '*' sent to object: 'Object Repository/ADMIN/Edit Text/Bespoke/Buyer Pages/Inbox/input_Search by name and message_search-by-name-message'

2020-03-20 14:28:05 - [TEST_STEP][PASSED] - click(findTestObject("ADMIN/Edit Text/Bespoke/Buyer Pages/Homepage/button_save"), CONTINUE_ON_FAILURE): Object: 'Object Repository/ADMIN/Edit Text/Bespoke/Buyer Pages/Homepage/button_save' is clicked on

2020-03-20 14:28:06 - [MESSAGE][PASSED] - Object: 'Object Repository/ADMIN/Edit Text/Bespoke/Buyer Pages/Homepage/button_save' is clicked on

2020-03-20 14:28:06 - [TEST_STEP][PASSED] - waitForElementVisible(findTestObject("ADMIN/Edit Text/Bespoke/Buyer Pages/Homepage/toaster_success"), 0): Object 'Object Repository/ADMIN/Edit Text/Bespoke/Buyer Pages/Homepage/toaster_success' is visible

2020-03-20 14:28:06 - [MESSAGE][WARNING] - Timeout '0' is invalid. Using default page load timeout: '30'

2020-03-20 14:28:07 - [MESSAGE][PASSED] - Object 'Object Repository/ADMIN/Edit Text/Bespoke/Buyer Pages/Homepage/toaster_success' is visible]]></system-out>
         <system-err><![CDATA[]]></system-err>
      </testcase>
      <testcase name="Test Cases/ADMIN/Language/Edit Text/Bespoke/Buyer Pages/Inbox" time="3.352" classname="Test Cases/ADMIN/Language/Edit Text/Bespoke/Buyer Pages/Inbox" status="PASSED">
         <system-out><![CDATA[2020-03-20 14:28:07 - [TEST_CASE][PASSED] - Test Cases/ADMIN/Language/Edit Text/Bespoke/Buyer Pages/Inbox: Test Cases/ADMIN/Language/Edit Text/Bespoke/Buyer Pages/Inbox

2020-03-20 14:28:07 - [TEST_STEP][PASSED] - waitForElementVisible(findTestObject("ADMIN/Edit Text/Bespoke/Buyer Navigation/dd_language"), 0): Object 'Object Repository/ADMIN/Edit Text/Bespoke/Buyer Navigation/dd_language' is visible

2020-03-20 14:28:07 - [MESSAGE][WARNING] - Timeout '0' is invalid. Using default page load timeout: '30'

2020-03-20 14:28:07 - [MESSAGE][PASSED] - Object 'Object Repository/ADMIN/Edit Text/Bespoke/Buyer Navigation/dd_language' is visible

2020-03-20 14:28:07 - [TEST_STEP][PASSED] - selectOptionByLabel(findTestObject("ADMIN/Edit Text/Bespoke/Buyer Navigation/dd_language"), varLanguage, false): All options with label 'Hebrew' are selected in object 'Object Repository/ADMIN/Edit Text/Bespoke/Buyer Navigation/dd_language' 

2020-03-20 14:28:08 - [MESSAGE][PASSED] - All options with label 'Hebrew' are selected in object 'Object Repository/ADMIN/Edit Text/Bespoke/Buyer Navigation/dd_language' 

2020-03-20 14:28:08 - [TEST_STEP][PASSED] - sendKeys(findTestObject("ADMIN/Edit Text/Bespoke/Buyer Pages/Inbox/input_Inbox_item-feedbak"), "*"): Keys '*' sent to object: 'Object Repository/ADMIN/Edit Text/Bespoke/Buyer Pages/Inbox/input_Inbox_item-feedbak'

2020-03-20 14:28:08 - [MESSAGE][PASSED] - Keys '*' sent to object: 'Object Repository/ADMIN/Edit Text/Bespoke/Buyer Pages/Inbox/input_Inbox_item-feedbak'

2020-03-20 14:28:08 - [TEST_STEP][PASSED] - sendKeys(findTestObject("ADMIN/Edit Text/Bespoke/Buyer Pages/Inbox/input_Sellers_seller"), "*"): Keys '*' sent to object: 'Object Repository/ADMIN/Edit Text/Bespoke/Buyer Pages/Inbox/input_Sellers_seller'

2020-03-20 14:28:08 - [MESSAGE][PASSED] - Keys '*' sent to object: 'Object Repository/ADMIN/Edit Text/Bespoke/Buyer Pages/Inbox/input_Sellers_seller'

2020-03-20 14:28:08 - [TEST_STEP][PASSED] - sendKeys(findTestObject("ADMIN/Edit Text/Bespoke/Buyer Pages/Inbox/input_Buyers_buyers"), "*"): Keys '*' sent to object: 'Object Repository/ADMIN/Edit Text/Bespoke/Buyer Pages/Inbox/input_Buyers_buyers'

2020-03-20 14:28:09 - [MESSAGE][PASSED] - Keys '*' sent to object: 'Object Repository/ADMIN/Edit Text/Bespoke/Buyer Pages/Inbox/input_Buyers_buyers'

2020-03-20 14:28:09 - [TEST_STEP][PASSED] - sendKeys(findTestObject("ADMIN/Edit Text/Bespoke/Buyer Pages/Inbox/input_Search by name and message_search-by-name-message"), "*"): Keys '*' sent to object: 'Object Repository/ADMIN/Edit Text/Bespoke/Buyer Pages/Inbox/input_Search by name and message_search-by-name-message'

2020-03-20 14:28:09 - [MESSAGE][PASSED] - Keys '*' sent to object: 'Object Repository/ADMIN/Edit Text/Bespoke/Buyer Pages/Inbox/input_Search by name and message_search-by-name-message'

2020-03-20 14:28:09 - [TEST_STEP][PASSED] - click(findTestObject("ADMIN/Edit Text/Bespoke/Buyer Pages/Homepage/button_save"), CONTINUE_ON_FAILURE): Object: 'Object Repository/ADMIN/Edit Text/Bespoke/Buyer Pages/Homepage/button_save' is clicked on

2020-03-20 14:28:09 - [MESSAGE][PASSED] - Object: 'Object Repository/ADMIN/Edit Text/Bespoke/Buyer Pages/Homepage/button_save' is clicked on

2020-03-20 14:28:09 - [TEST_STEP][PASSED] - waitForElementVisible(findTestObject("ADMIN/Edit Text/Bespoke/Buyer Pages/Homepage/toaster_success"), 0): Object 'Object Repository/ADMIN/Edit Text/Bespoke/Buyer Pages/Homepage/toaster_success' is visible

2020-03-20 14:28:09 - [MESSAGE][WARNING] - Timeout '0' is invalid. Using default page load timeout: '30'

2020-03-20 14:28:10 - [MESSAGE][PASSED] - Object 'Object Repository/ADMIN/Edit Text/Bespoke/Buyer Pages/Homepage/toaster_success' is visible]]></system-out>
         <system-err><![CDATA[]]></system-err>
      </testcase>
      <testcase name="Test Cases/ADMIN/Language/Edit Text/Bespoke/Buyer Pages/Inbox" time="3.033" classname="Test Cases/ADMIN/Language/Edit Text/Bespoke/Buyer Pages/Inbox" status="PASSED">
         <system-out><![CDATA[2020-03-20 14:28:10 - [TEST_CASE][PASSED] - Test Cases/ADMIN/Language/Edit Text/Bespoke/Buyer Pages/Inbox: Test Cases/ADMIN/Language/Edit Text/Bespoke/Buyer Pages/Inbox

2020-03-20 14:28:10 - [TEST_STEP][PASSED] - waitForElementVisible(findTestObject("ADMIN/Edit Text/Bespoke/Buyer Navigation/dd_language"), 0): Object 'Object Repository/ADMIN/Edit Text/Bespoke/Buyer Navigation/dd_language' is visible

2020-03-20 14:28:10 - [MESSAGE][WARNING] - Timeout '0' is invalid. Using default page load timeout: '30'

2020-03-20 14:28:10 - [MESSAGE][PASSED] - Object 'Object Repository/ADMIN/Edit Text/Bespoke/Buyer Navigation/dd_language' is visible

2020-03-20 14:28:10 - [TEST_STEP][PASSED] - selectOptionByLabel(findTestObject("ADMIN/Edit Text/Bespoke/Buyer Navigation/dd_language"), varLanguage, false): All options with label 'English' are selected in object 'Object Repository/ADMIN/Edit Text/Bespoke/Buyer Navigation/dd_language' 

2020-03-20 14:28:12 - [MESSAGE][PASSED] - All options with label 'English' are selected in object 'Object Repository/ADMIN/Edit Text/Bespoke/Buyer Navigation/dd_language' 

2020-03-20 14:28:12 - [TEST_STEP][PASSED] - sendKeys(findTestObject("ADMIN/Edit Text/Bespoke/Buyer Pages/Inbox/input_Inbox_item-feedbak"), "*"): Keys '*' sent to object: 'Object Repository/ADMIN/Edit Text/Bespoke/Buyer Pages/Inbox/input_Inbox_item-feedbak'

2020-03-20 14:28:12 - [MESSAGE][PASSED] - Keys '*' sent to object: 'Object Repository/ADMIN/Edit Text/Bespoke/Buyer Pages/Inbox/input_Inbox_item-feedbak'

2020-03-20 14:28:12 - [TEST_STEP][PASSED] - sendKeys(findTestObject("ADMIN/Edit Text/Bespoke/Buyer Pages/Inbox/input_Sellers_seller"), "*"): Keys '*' sent to object: 'Object Repository/ADMIN/Edit Text/Bespoke/Buyer Pages/Inbox/input_Sellers_seller'

2020-03-20 14:28:12 - [MESSAGE][PASSED] - Keys '*' sent to object: 'Object Repository/ADMIN/Edit Text/Bespoke/Buyer Pages/Inbox/input_Sellers_seller'

2020-03-20 14:28:12 - [TEST_STEP][PASSED] - sendKeys(findTestObject("ADMIN/Edit Text/Bespoke/Buyer Pages/Inbox/input_Buyers_buyers"), "*"): Keys '*' sent to object: 'Object Repository/ADMIN/Edit Text/Bespoke/Buyer Pages/Inbox/input_Buyers_buyers'

2020-03-20 14:28:12 - [MESSAGE][PASSED] - Keys '*' sent to object: 'Object Repository/ADMIN/Edit Text/Bespoke/Buyer Pages/Inbox/input_Buyers_buyers'

2020-03-20 14:28:12 - [TEST_STEP][PASSED] - sendKeys(findTestObject("ADMIN/Edit Text/Bespoke/Buyer Pages/Inbox/input_Search by name and message_search-by-name-message"), "*"): Keys '*' sent to object: 'Object Repository/ADMIN/Edit Text/Bespoke/Buyer Pages/Inbox/input_Search by name and message_search-by-name-message'

2020-03-20 14:28:12 - [MESSAGE][PASSED] - Keys '*' sent to object: 'Object Repository/ADMIN/Edit Text/Bespoke/Buyer Pages/Inbox/input_Search by name and message_search-by-name-message'

2020-03-20 14:28:12 - [TEST_STEP][PASSED] - click(findTestObject("ADMIN/Edit Text/Bespoke/Buyer Pages/Homepage/button_save"), CONTINUE_ON_FAILURE): Object: 'Object Repository/ADMIN/Edit Text/Bespoke/Buyer Pages/Homepage/button_save' is clicked on

2020-03-20 14:28:13 - [MESSAGE][PASSED] - Object: 'Object Repository/ADMIN/Edit Text/Bespoke/Buyer Pages/Homepage/button_save' is clicked on

2020-03-20 14:28:13 - [TEST_STEP][PASSED] - waitForElementVisible(findTestObject("ADMIN/Edit Text/Bespoke/Buyer Pages/Homepage/toaster_success"), 0): Object 'Object Repository/ADMIN/Edit Text/Bespoke/Buyer Pages/Homepage/toaster_success' is visible

2020-03-20 14:28:13 - [MESSAGE][WARNING] - Timeout '0' is invalid. Using default page load timeout: '30'

2020-03-20 14:28:13 - [MESSAGE][PASSED] - Object 'Object Repository/ADMIN/Edit Text/Bespoke/Buyer Pages/Homepage/toaster_success' is visible]]></system-out>
         <system-err><![CDATA[]]></system-err>
      </testcase>
      <testcase name="Test Cases/ADMIN/Language/Edit Text/Bespoke/Buyer Pages/Chat Navigation" time="6.095" classname="Test Cases/ADMIN/Language/Edit Text/Bespoke/Buyer Pages/Chat Navigation" status="PASSED">
         <system-out><![CDATA[2020-03-20 14:28:13 - [TEST_CASE][PASSED] - Test Cases/ADMIN/Language/Edit Text/Bespoke/Buyer Pages/Chat Navigation: Test Cases/ADMIN/Language/Edit Text/Bespoke/Buyer Pages/Chat Navigation

2020-03-20 14:28:13 - [TEST_STEP][PASSED] - waitForElementVisible(findTestObject("ADMIN/Language/sidemenu_Language"), 0): Object 'Object Repository/ADMIN/Language/sidemenu_Language' is visible

2020-03-20 14:28:13 - [MESSAGE][WARNING] - Timeout '0' is invalid. Using default page load timeout: '30'

2020-03-20 14:28:13 - [MESSAGE][PASSED] - Object 'Object Repository/ADMIN/Language/sidemenu_Language' is visible

2020-03-20 14:28:13 - [TEST_STEP][PASSED] - click(findTestObject("ADMIN/Language/sidemenu_Language"), CONTINUE_ON_FAILURE): Object: 'Object Repository/ADMIN/Language/sidemenu_Language' is clicked on

2020-03-20 14:28:14 - [MESSAGE][PASSED] - Object: 'Object Repository/ADMIN/Language/sidemenu_Language' is clicked on

2020-03-20 14:28:14 - [TEST_STEP][PASSED] - waitForElementVisible(findTestObject("ADMIN/Language/sidemenu_Edit Text"), 0): Object 'Object Repository/ADMIN/Language/sidemenu_Edit Text' is visible

2020-03-20 14:28:14 - [MESSAGE][WARNING] - Timeout '0' is invalid. Using default page load timeout: '30'

2020-03-20 14:28:14 - [MESSAGE][PASSED] - Object 'Object Repository/ADMIN/Language/sidemenu_Edit Text' is visible

2020-03-20 14:28:14 - [TEST_STEP][PASSED] - click(findTestObject("ADMIN/Language/sidemenu_Edit Text"), CONTINUE_ON_FAILURE): Object: 'Object Repository/ADMIN/Language/sidemenu_Edit Text' is clicked on

2020-03-20 14:28:16 - [MESSAGE][PASSED] - Object: 'Object Repository/ADMIN/Language/sidemenu_Edit Text' is clicked on

2020-03-20 14:28:16 - [TEST_STEP][PASSED] - waitForElementVisible(findTestObject("ADMIN/Edit Text/Bespoke/Buyer Navigation/icon_dd"), 0): Object 'Object Repository/ADMIN/Edit Text/Bespoke/Buyer Navigation/icon_dd' is visible

2020-03-20 14:28:16 - [MESSAGE][WARNING] - Timeout '0' is invalid. Using default page load timeout: '30'

2020-03-20 14:28:16 - [MESSAGE][PASSED] - Object 'Object Repository/ADMIN/Edit Text/Bespoke/Buyer Navigation/icon_dd' is visible

2020-03-20 14:28:16 - [TEST_STEP][PASSED] - click(findTestObject("ADMIN/Edit Text/Bespoke/Buyer Navigation/icon_dd"), CONTINUE_ON_FAILURE): Object: 'Object Repository/ADMIN/Edit Text/Bespoke/Buyer Navigation/icon_dd' is clicked on

2020-03-20 14:28:16 - [MESSAGE][PASSED] - Object: 'Object Repository/ADMIN/Edit Text/Bespoke/Buyer Navigation/icon_dd' is clicked on

2020-03-20 14:28:16 - [TEST_STEP][PASSED] - waitForElementVisible(findTestObject("ADMIN/Edit Text/Bespoke/Buyer Navigation/textlink_Chat"), 0): Object 'Object Repository/ADMIN/Edit Text/Bespoke/Buyer Navigation/textlink_Chat' is visible

2020-03-20 14:28:17 - [MESSAGE][WARNING] - Timeout '0' is invalid. Using default page load timeout: '30'

2020-03-20 14:28:17 - [MESSAGE][PASSED] - Object 'Object Repository/ADMIN/Edit Text/Bespoke/Buyer Navigation/textlink_Chat' is visible

2020-03-20 14:28:17 - [TEST_STEP][PASSED] - click(findTestObject("ADMIN/Edit Text/Bespoke/Buyer Navigation/textlink_Chat"), CONTINUE_ON_FAILURE): Object: 'Object Repository/ADMIN/Edit Text/Bespoke/Buyer Navigation/textlink_Chat' is clicked on

2020-03-20 14:28:18 - [MESSAGE][PASSED] - Object: 'Object Repository/ADMIN/Edit Text/Bespoke/Buyer Navigation/textlink_Chat' is clicked on

2020-03-20 14:28:18 - [TEST_STEP][PASSED] - waitForElementVisible(findTestObject("ADMIN/Edit Text/Bespoke/Buyer Navigation/dd_language"), 0): Object 'Object Repository/ADMIN/Edit Text/Bespoke/Buyer Navigation/dd_language' is visible

2020-03-20 14:28:18 - [MESSAGE][WARNING] - Timeout '0' is invalid. Using default page load timeout: '30'

2020-03-20 14:28:19 - [MESSAGE][PASSED] - Object 'Object Repository/ADMIN/Edit Text/Bespoke/Buyer Navigation/dd_language' is visible]]></system-out>
         <system-err><![CDATA[]]></system-err>
      </testcase>
      <testcase name="Test Cases/ADMIN/Language/Edit Text/Bespoke/Buyer Pages/Chat" time="2.858" classname="Test Cases/ADMIN/Language/Edit Text/Bespoke/Buyer Pages/Chat" status="PASSED">
         <system-out><![CDATA[2020-03-20 14:28:19 - [TEST_CASE][PASSED] - Test Cases/ADMIN/Language/Edit Text/Bespoke/Buyer Pages/Chat: Test Cases/ADMIN/Language/Edit Text/Bespoke/Buyer Pages/Chat

2020-03-20 14:28:19 - [TEST_STEP][PASSED] - waitForElementVisible(findTestObject("ADMIN/Edit Text/Bespoke/Buyer Navigation/dd_language"), 0): Object 'Object Repository/ADMIN/Edit Text/Bespoke/Buyer Navigation/dd_language' is visible

2020-03-20 14:28:19 - [MESSAGE][WARNING] - Timeout '0' is invalid. Using default page load timeout: '30'

2020-03-20 14:28:20 - [MESSAGE][PASSED] - Object 'Object Repository/ADMIN/Edit Text/Bespoke/Buyer Navigation/dd_language' is visible

2020-03-20 14:28:20 - [TEST_STEP][PASSED] - selectOptionByLabel(findTestObject("ADMIN/Edit Text/Bespoke/Buyer Navigation/dd_language"), varLanguage, false): All options with label 'French' are selected in object 'Object Repository/ADMIN/Edit Text/Bespoke/Buyer Navigation/dd_language' 

2020-03-20 14:28:21 - [MESSAGE][PASSED] - All options with label 'French' are selected in object 'Object Repository/ADMIN/Edit Text/Bespoke/Buyer Navigation/dd_language' 

2020-03-20 14:28:21 - [TEST_STEP][PASSED] - sendKeys(findTestObject("ADMIN/Edit Text/Bespoke/Buyer Pages/Chat/input_Type a message_item-has-been-added"), "*"): Keys '*' sent to object: 'Object Repository/ADMIN/Edit Text/Bespoke/Buyer Pages/Chat/input_Type a message_item-has-been-added'

2020-03-20 14:28:21 - [MESSAGE][PASSED] - Keys '*' sent to object: 'Object Repository/ADMIN/Edit Text/Bespoke/Buyer Pages/Chat/input_Type a message_item-has-been-added'

2020-03-20 14:28:21 - [TEST_STEP][PASSED] - sendKeys(findTestObject("ADMIN/Edit Text/Bespoke/Buyer Pages/Chat/input_Please wait while channel is loading_channel-loading"), "*"): Keys '*' sent to object: 'Object Repository/ADMIN/Edit Text/Bespoke/Buyer Pages/Chat/input_Please wait while channel is loading_channel-loading'

2020-03-20 14:28:21 - [MESSAGE][PASSED] - Keys '*' sent to object: 'Object Repository/ADMIN/Edit Text/Bespoke/Buyer Pages/Chat/input_Please wait while channel is loading_channel-loading'

2020-03-20 14:28:21 - [TEST_STEP][PASSED] - sendKeys(findTestObject("ADMIN/Edit Text/Bespoke/Buyer Pages/Chat/input_SEND_btn_view_cart"), "*"): Keys '*' sent to object: 'Object Repository/ADMIN/Edit Text/Bespoke/Buyer Pages/Chat/input_SEND_btn_view_cart'

2020-03-20 14:28:22 - [MESSAGE][PASSED] - Keys '*' sent to object: 'Object Repository/ADMIN/Edit Text/Bespoke/Buyer Pages/Chat/input_SEND_btn_view_cart'

2020-03-20 14:28:22 - [TEST_STEP][PASSED] - click(findTestObject("ADMIN/Edit Text/Bespoke/Buyer Pages/Homepage/button_save"), CONTINUE_ON_FAILURE): Object: 'Object Repository/ADMIN/Edit Text/Bespoke/Buyer Pages/Homepage/button_save' is clicked on

2020-03-20 14:28:22 - [MESSAGE][PASSED] - Object: 'Object Repository/ADMIN/Edit Text/Bespoke/Buyer Pages/Homepage/button_save' is clicked on

2020-03-20 14:28:22 - [TEST_STEP][PASSED] - waitForElementVisible(findTestObject("ADMIN/Edit Text/Bespoke/Buyer Pages/Homepage/toaster_success"), 0): Object 'Object Repository/ADMIN/Edit Text/Bespoke/Buyer Pages/Homepage/toaster_success' is visible

2020-03-20 14:28:22 - [MESSAGE][WARNING] - Timeout '0' is invalid. Using default page load timeout: '30'

2020-03-20 14:28:22 - [MESSAGE][PASSED] - Object 'Object Repository/ADMIN/Edit Text/Bespoke/Buyer Pages/Homepage/toaster_success' is visible]]></system-out>
         <system-err><![CDATA[]]></system-err>
      </testcase>
      <testcase name="Test Cases/ADMIN/Language/Edit Text/Bespoke/Buyer Pages/Chat" time="3.395" classname="Test Cases/ADMIN/Language/Edit Text/Bespoke/Buyer Pages/Chat" status="PASSED">
         <system-out><![CDATA[2020-03-20 14:28:22 - [TEST_CASE][PASSED] - Test Cases/ADMIN/Language/Edit Text/Bespoke/Buyer Pages/Chat: Test Cases/ADMIN/Language/Edit Text/Bespoke/Buyer Pages/Chat

2020-03-20 14:28:22 - [TEST_STEP][PASSED] - waitForElementVisible(findTestObject("ADMIN/Edit Text/Bespoke/Buyer Navigation/dd_language"), 0): Object 'Object Repository/ADMIN/Edit Text/Bespoke/Buyer Navigation/dd_language' is visible

2020-03-20 14:28:22 - [MESSAGE][WARNING] - Timeout '0' is invalid. Using default page load timeout: '30'

2020-03-20 14:28:22 - [MESSAGE][PASSED] - Object 'Object Repository/ADMIN/Edit Text/Bespoke/Buyer Navigation/dd_language' is visible

2020-03-20 14:28:22 - [TEST_STEP][PASSED] - selectOptionByLabel(findTestObject("ADMIN/Edit Text/Bespoke/Buyer Navigation/dd_language"), varLanguage, false): All options with label 'Spanish' are selected in object 'Object Repository/ADMIN/Edit Text/Bespoke/Buyer Navigation/dd_language' 

2020-03-20 14:28:24 - [MESSAGE][PASSED] - All options with label 'Spanish' are selected in object 'Object Repository/ADMIN/Edit Text/Bespoke/Buyer Navigation/dd_language' 

2020-03-20 14:28:24 - [TEST_STEP][PASSED] - sendKeys(findTestObject("ADMIN/Edit Text/Bespoke/Buyer Pages/Chat/input_Type a message_item-has-been-added"), "*"): Keys '*' sent to object: 'Object Repository/ADMIN/Edit Text/Bespoke/Buyer Pages/Chat/input_Type a message_item-has-been-added'

2020-03-20 14:28:24 - [MESSAGE][PASSED] - Keys '*' sent to object: 'Object Repository/ADMIN/Edit Text/Bespoke/Buyer Pages/Chat/input_Type a message_item-has-been-added'

2020-03-20 14:28:24 - [TEST_STEP][PASSED] - sendKeys(findTestObject("ADMIN/Edit Text/Bespoke/Buyer Pages/Chat/input_Please wait while channel is loading_channel-loading"), "*"): Keys '*' sent to object: 'Object Repository/ADMIN/Edit Text/Bespoke/Buyer Pages/Chat/input_Please wait while channel is loading_channel-loading'

2020-03-20 14:28:24 - [MESSAGE][PASSED] - Keys '*' sent to object: 'Object Repository/ADMIN/Edit Text/Bespoke/Buyer Pages/Chat/input_Please wait while channel is loading_channel-loading'

2020-03-20 14:28:24 - [TEST_STEP][PASSED] - sendKeys(findTestObject("ADMIN/Edit Text/Bespoke/Buyer Pages/Chat/input_SEND_btn_view_cart"), "*"): Keys '*' sent to object: 'Object Repository/ADMIN/Edit Text/Bespoke/Buyer Pages/Chat/input_SEND_btn_view_cart'

2020-03-20 14:28:24 - [MESSAGE][PASSED] - Keys '*' sent to object: 'Object Repository/ADMIN/Edit Text/Bespoke/Buyer Pages/Chat/input_SEND_btn_view_cart'

2020-03-20 14:28:24 - [TEST_STEP][PASSED] - click(findTestObject("ADMIN/Edit Text/Bespoke/Buyer Pages/Homepage/button_save"), CONTINUE_ON_FAILURE): Object: 'Object Repository/ADMIN/Edit Text/Bespoke/Buyer Pages/Homepage/button_save' is clicked on

2020-03-20 14:28:25 - [MESSAGE][PASSED] - Object: 'Object Repository/ADMIN/Edit Text/Bespoke/Buyer Pages/Homepage/button_save' is clicked on

2020-03-20 14:28:25 - [TEST_STEP][PASSED] - waitForElementVisible(findTestObject("ADMIN/Edit Text/Bespoke/Buyer Pages/Homepage/toaster_success"), 0): Object 'Object Repository/ADMIN/Edit Text/Bespoke/Buyer Pages/Homepage/toaster_success' is visible

2020-03-20 14:28:25 - [MESSAGE][WARNING] - Timeout '0' is invalid. Using default page load timeout: '30'

2020-03-20 14:28:25 - [MESSAGE][PASSED] - Object 'Object Repository/ADMIN/Edit Text/Bespoke/Buyer Pages/Homepage/toaster_success' is visible]]></system-out>
         <system-err><![CDATA[]]></system-err>
      </testcase>
      <testcase name="Test Cases/ADMIN/Language/Edit Text/Bespoke/Buyer Pages/Chat" time="4.547" classname="Test Cases/ADMIN/Language/Edit Text/Bespoke/Buyer Pages/Chat" status="PASSED">
         <system-out><![CDATA[2020-03-20 14:28:25 - [TEST_CASE][PASSED] - Test Cases/ADMIN/Language/Edit Text/Bespoke/Buyer Pages/Chat: Test Cases/ADMIN/Language/Edit Text/Bespoke/Buyer Pages/Chat

2020-03-20 14:28:25 - [TEST_STEP][PASSED] - waitForElementVisible(findTestObject("ADMIN/Edit Text/Bespoke/Buyer Navigation/dd_language"), 0): Object 'Object Repository/ADMIN/Edit Text/Bespoke/Buyer Navigation/dd_language' is visible

2020-03-20 14:28:25 - [MESSAGE][WARNING] - Timeout '0' is invalid. Using default page load timeout: '30'

2020-03-20 14:28:25 - [MESSAGE][PASSED] - Object 'Object Repository/ADMIN/Edit Text/Bespoke/Buyer Navigation/dd_language' is visible

2020-03-20 14:28:25 - [TEST_STEP][PASSED] - selectOptionByLabel(findTestObject("ADMIN/Edit Text/Bespoke/Buyer Navigation/dd_language"), varLanguage, false): All options with label 'Hindi' are selected in object 'Object Repository/ADMIN/Edit Text/Bespoke/Buyer Navigation/dd_language' 

2020-03-20 14:28:27 - [MESSAGE][PASSED] - All options with label 'Hindi' are selected in object 'Object Repository/ADMIN/Edit Text/Bespoke/Buyer Navigation/dd_language' 

2020-03-20 14:28:27 - [TEST_STEP][PASSED] - sendKeys(findTestObject("ADMIN/Edit Text/Bespoke/Buyer Pages/Chat/input_Type a message_item-has-been-added"), "*"): Keys '*' sent to object: 'Object Repository/ADMIN/Edit Text/Bespoke/Buyer Pages/Chat/input_Type a message_item-has-been-added'

2020-03-20 14:28:27 - [MESSAGE][PASSED] - Keys '*' sent to object: 'Object Repository/ADMIN/Edit Text/Bespoke/Buyer Pages/Chat/input_Type a message_item-has-been-added'

2020-03-20 14:28:27 - [TEST_STEP][PASSED] - sendKeys(findTestObject("ADMIN/Edit Text/Bespoke/Buyer Pages/Chat/input_Please wait while channel is loading_channel-loading"), "*"): Keys '*' sent to object: 'Object Repository/ADMIN/Edit Text/Bespoke/Buyer Pages/Chat/input_Please wait while channel is loading_channel-loading'

2020-03-20 14:28:27 - [MESSAGE][PASSED] - Keys '*' sent to object: 'Object Repository/ADMIN/Edit Text/Bespoke/Buyer Pages/Chat/input_Please wait while channel is loading_channel-loading'

2020-03-20 14:28:27 - [TEST_STEP][PASSED] - sendKeys(findTestObject("ADMIN/Edit Text/Bespoke/Buyer Pages/Chat/input_SEND_btn_view_cart"), "*"): Keys '*' sent to object: 'Object Repository/ADMIN/Edit Text/Bespoke/Buyer Pages/Chat/input_SEND_btn_view_cart'

2020-03-20 14:28:27 - [MESSAGE][PASSED] - Keys '*' sent to object: 'Object Repository/ADMIN/Edit Text/Bespoke/Buyer Pages/Chat/input_SEND_btn_view_cart'

2020-03-20 14:28:27 - [TEST_STEP][PASSED] - click(findTestObject("ADMIN/Edit Text/Bespoke/Buyer Pages/Homepage/button_save"), CONTINUE_ON_FAILURE): Object: 'Object Repository/ADMIN/Edit Text/Bespoke/Buyer Pages/Homepage/button_save' is clicked on

2020-03-20 14:28:29 - [MESSAGE][PASSED] - Object: 'Object Repository/ADMIN/Edit Text/Bespoke/Buyer Pages/Homepage/button_save' is clicked on

2020-03-20 14:28:29 - [TEST_STEP][PASSED] - waitForElementVisible(findTestObject("ADMIN/Edit Text/Bespoke/Buyer Pages/Homepage/toaster_success"), 0): Object 'Object Repository/ADMIN/Edit Text/Bespoke/Buyer Pages/Homepage/toaster_success' is visible

2020-03-20 14:28:29 - [MESSAGE][WARNING] - Timeout '0' is invalid. Using default page load timeout: '30'

2020-03-20 14:28:30 - [MESSAGE][PASSED] - Object 'Object Repository/ADMIN/Edit Text/Bespoke/Buyer Pages/Homepage/toaster_success' is visible]]></system-out>
         <system-err><![CDATA[]]></system-err>
      </testcase>
      <testcase name="Test Cases/ADMIN/Language/Edit Text/Bespoke/Buyer Pages/Chat" time="3.699" classname="Test Cases/ADMIN/Language/Edit Text/Bespoke/Buyer Pages/Chat" status="PASSED">
         <system-out><![CDATA[2020-03-20 14:28:30 - [TEST_CASE][PASSED] - Test Cases/ADMIN/Language/Edit Text/Bespoke/Buyer Pages/Chat: Test Cases/ADMIN/Language/Edit Text/Bespoke/Buyer Pages/Chat

2020-03-20 14:28:30 - [TEST_STEP][PASSED] - waitForElementVisible(findTestObject("ADMIN/Edit Text/Bespoke/Buyer Navigation/dd_language"), 0): Object 'Object Repository/ADMIN/Edit Text/Bespoke/Buyer Navigation/dd_language' is visible

2020-03-20 14:28:30 - [MESSAGE][WARNING] - Timeout '0' is invalid. Using default page load timeout: '30'

2020-03-20 14:28:31 - [MESSAGE][PASSED] - Object 'Object Repository/ADMIN/Edit Text/Bespoke/Buyer Navigation/dd_language' is visible

2020-03-20 14:28:31 - [TEST_STEP][PASSED] - selectOptionByLabel(findTestObject("ADMIN/Edit Text/Bespoke/Buyer Navigation/dd_language"), varLanguage, false): All options with label 'German' are selected in object 'Object Repository/ADMIN/Edit Text/Bespoke/Buyer Navigation/dd_language' 

2020-03-20 14:28:32 - [MESSAGE][PASSED] - All options with label 'German' are selected in object 'Object Repository/ADMIN/Edit Text/Bespoke/Buyer Navigation/dd_language' 

2020-03-20 14:28:32 - [TEST_STEP][PASSED] - sendKeys(findTestObject("ADMIN/Edit Text/Bespoke/Buyer Pages/Chat/input_Type a message_item-has-been-added"), "*"): Keys '*' sent to object: 'Object Repository/ADMIN/Edit Text/Bespoke/Buyer Pages/Chat/input_Type a message_item-has-been-added'

2020-03-20 14:28:32 - [MESSAGE][PASSED] - Keys '*' sent to object: 'Object Repository/ADMIN/Edit Text/Bespoke/Buyer Pages/Chat/input_Type a message_item-has-been-added'

2020-03-20 14:28:32 - [TEST_STEP][PASSED] - sendKeys(findTestObject("ADMIN/Edit Text/Bespoke/Buyer Pages/Chat/input_Please wait while channel is loading_channel-loading"), "*"): Keys '*' sent to object: 'Object Repository/ADMIN/Edit Text/Bespoke/Buyer Pages/Chat/input_Please wait while channel is loading_channel-loading'

2020-03-20 14:28:32 - [MESSAGE][PASSED] - Keys '*' sent to object: 'Object Repository/ADMIN/Edit Text/Bespoke/Buyer Pages/Chat/input_Please wait while channel is loading_channel-loading'

2020-03-20 14:28:32 - [TEST_STEP][PASSED] - sendKeys(findTestObject("ADMIN/Edit Text/Bespoke/Buyer Pages/Chat/input_SEND_btn_view_cart"), "*"): Keys '*' sent to object: 'Object Repository/ADMIN/Edit Text/Bespoke/Buyer Pages/Chat/input_SEND_btn_view_cart'

2020-03-20 14:28:33 - [MESSAGE][PASSED] - Keys '*' sent to object: 'Object Repository/ADMIN/Edit Text/Bespoke/Buyer Pages/Chat/input_SEND_btn_view_cart'

2020-03-20 14:28:33 - [TEST_STEP][PASSED] - click(findTestObject("ADMIN/Edit Text/Bespoke/Buyer Pages/Homepage/button_save"), CONTINUE_ON_FAILURE): Object: 'Object Repository/ADMIN/Edit Text/Bespoke/Buyer Pages/Homepage/button_save' is clicked on

2020-03-20 14:28:33 - [MESSAGE][PASSED] - Object: 'Object Repository/ADMIN/Edit Text/Bespoke/Buyer Pages/Homepage/button_save' is clicked on

2020-03-20 14:28:33 - [TEST_STEP][PASSED] - waitForElementVisible(findTestObject("ADMIN/Edit Text/Bespoke/Buyer Pages/Homepage/toaster_success"), 0): Object 'Object Repository/ADMIN/Edit Text/Bespoke/Buyer Pages/Homepage/toaster_success' is visible

2020-03-20 14:28:33 - [MESSAGE][WARNING] - Timeout '0' is invalid. Using default page load timeout: '30'

2020-03-20 14:28:34 - [MESSAGE][PASSED] - Object 'Object Repository/ADMIN/Edit Text/Bespoke/Buyer Pages/Homepage/toaster_success' is visible]]></system-out>
         <system-err><![CDATA[]]></system-err>
      </testcase>
      <testcase name="Test Cases/ADMIN/Language/Edit Text/Bespoke/Buyer Pages/Chat" time="3.129" classname="Test Cases/ADMIN/Language/Edit Text/Bespoke/Buyer Pages/Chat" status="PASSED">
         <system-out><![CDATA[2020-03-20 14:28:34 - [TEST_CASE][PASSED] - Test Cases/ADMIN/Language/Edit Text/Bespoke/Buyer Pages/Chat: Test Cases/ADMIN/Language/Edit Text/Bespoke/Buyer Pages/Chat

2020-03-20 14:28:34 - [TEST_STEP][PASSED] - waitForElementVisible(findTestObject("ADMIN/Edit Text/Bespoke/Buyer Navigation/dd_language"), 0): Object 'Object Repository/ADMIN/Edit Text/Bespoke/Buyer Navigation/dd_language' is visible

2020-03-20 14:28:34 - [MESSAGE][WARNING] - Timeout '0' is invalid. Using default page load timeout: '30'

2020-03-20 14:28:34 - [MESSAGE][PASSED] - Object 'Object Repository/ADMIN/Edit Text/Bespoke/Buyer Navigation/dd_language' is visible

2020-03-20 14:28:34 - [TEST_STEP][PASSED] - selectOptionByLabel(findTestObject("ADMIN/Edit Text/Bespoke/Buyer Navigation/dd_language"), varLanguage, false): All options with label 'Japanese' are selected in object 'Object Repository/ADMIN/Edit Text/Bespoke/Buyer Navigation/dd_language' 

2020-03-20 14:28:35 - [MESSAGE][PASSED] - All options with label 'Japanese' are selected in object 'Object Repository/ADMIN/Edit Text/Bespoke/Buyer Navigation/dd_language' 

2020-03-20 14:28:35 - [TEST_STEP][PASSED] - sendKeys(findTestObject("ADMIN/Edit Text/Bespoke/Buyer Pages/Chat/input_Type a message_item-has-been-added"), "*"): Keys '*' sent to object: 'Object Repository/ADMIN/Edit Text/Bespoke/Buyer Pages/Chat/input_Type a message_item-has-been-added'

2020-03-20 14:28:35 - [MESSAGE][PASSED] - Keys '*' sent to object: 'Object Repository/ADMIN/Edit Text/Bespoke/Buyer Pages/Chat/input_Type a message_item-has-been-added'

2020-03-20 14:28:35 - [TEST_STEP][PASSED] - sendKeys(findTestObject("ADMIN/Edit Text/Bespoke/Buyer Pages/Chat/input_Please wait while channel is loading_channel-loading"), "*"): Keys '*' sent to object: 'Object Repository/ADMIN/Edit Text/Bespoke/Buyer Pages/Chat/input_Please wait while channel is loading_channel-loading'

2020-03-20 14:28:35 - [MESSAGE][PASSED] - Keys '*' sent to object: 'Object Repository/ADMIN/Edit Text/Bespoke/Buyer Pages/Chat/input_Please wait while channel is loading_channel-loading'

2020-03-20 14:28:35 - [TEST_STEP][PASSED] - sendKeys(findTestObject("ADMIN/Edit Text/Bespoke/Buyer Pages/Chat/input_SEND_btn_view_cart"), "*"): Keys '*' sent to object: 'Object Repository/ADMIN/Edit Text/Bespoke/Buyer Pages/Chat/input_SEND_btn_view_cart'

2020-03-20 14:28:36 - [MESSAGE][PASSED] - Keys '*' sent to object: 'Object Repository/ADMIN/Edit Text/Bespoke/Buyer Pages/Chat/input_SEND_btn_view_cart'

2020-03-20 14:28:36 - [TEST_STEP][PASSED] - click(findTestObject("ADMIN/Edit Text/Bespoke/Buyer Pages/Homepage/button_save"), CONTINUE_ON_FAILURE): Object: 'Object Repository/ADMIN/Edit Text/Bespoke/Buyer Pages/Homepage/button_save' is clicked on

2020-03-20 14:28:36 - [MESSAGE][PASSED] - Object: 'Object Repository/ADMIN/Edit Text/Bespoke/Buyer Pages/Homepage/button_save' is clicked on

2020-03-20 14:28:36 - [TEST_STEP][PASSED] - waitForElementVisible(findTestObject("ADMIN/Edit Text/Bespoke/Buyer Pages/Homepage/toaster_success"), 0): Object 'Object Repository/ADMIN/Edit Text/Bespoke/Buyer Pages/Homepage/toaster_success' is visible

2020-03-20 14:28:36 - [MESSAGE][WARNING] - Timeout '0' is invalid. Using default page load timeout: '30'

2020-03-20 14:28:37 - [MESSAGE][PASSED] - Object 'Object Repository/ADMIN/Edit Text/Bespoke/Buyer Pages/Homepage/toaster_success' is visible]]></system-out>
         <system-err><![CDATA[]]></system-err>
      </testcase>
      <testcase name="Test Cases/ADMIN/Language/Edit Text/Bespoke/Buyer Pages/Chat" time="2.457" classname="Test Cases/ADMIN/Language/Edit Text/Bespoke/Buyer Pages/Chat" status="PASSED">
         <system-out><![CDATA[2020-03-20 14:28:37 - [TEST_CASE][PASSED] - Test Cases/ADMIN/Language/Edit Text/Bespoke/Buyer Pages/Chat: Test Cases/ADMIN/Language/Edit Text/Bespoke/Buyer Pages/Chat

2020-03-20 14:28:37 - [TEST_STEP][PASSED] - waitForElementVisible(findTestObject("ADMIN/Edit Text/Bespoke/Buyer Navigation/dd_language"), 0): Object 'Object Repository/ADMIN/Edit Text/Bespoke/Buyer Navigation/dd_language' is visible

2020-03-20 14:28:37 - [MESSAGE][WARNING] - Timeout '0' is invalid. Using default page load timeout: '30'

2020-03-20 14:28:37 - [MESSAGE][PASSED] - Object 'Object Repository/ADMIN/Edit Text/Bespoke/Buyer Navigation/dd_language' is visible

2020-03-20 14:28:37 - [TEST_STEP][PASSED] - selectOptionByLabel(findTestObject("ADMIN/Edit Text/Bespoke/Buyer Navigation/dd_language"), varLanguage, false): All options with label 'Chinese (Traditional)' are selected in object 'Object Repository/ADMIN/Edit Text/Bespoke/Buyer Navigation/dd_language' 

2020-03-20 14:28:38 - [MESSAGE][PASSED] - All options with label 'Chinese (Traditional)' are selected in object 'Object Repository/ADMIN/Edit Text/Bespoke/Buyer Navigation/dd_language' 

2020-03-20 14:28:38 - [TEST_STEP][PASSED] - sendKeys(findTestObject("ADMIN/Edit Text/Bespoke/Buyer Pages/Chat/input_Type a message_item-has-been-added"), "*"): Keys '*' sent to object: 'Object Repository/ADMIN/Edit Text/Bespoke/Buyer Pages/Chat/input_Type a message_item-has-been-added'

2020-03-20 14:28:38 - [MESSAGE][PASSED] - Keys '*' sent to object: 'Object Repository/ADMIN/Edit Text/Bespoke/Buyer Pages/Chat/input_Type a message_item-has-been-added'

2020-03-20 14:28:38 - [TEST_STEP][PASSED] - sendKeys(findTestObject("ADMIN/Edit Text/Bespoke/Buyer Pages/Chat/input_Please wait while channel is loading_channel-loading"), "*"): Keys '*' sent to object: 'Object Repository/ADMIN/Edit Text/Bespoke/Buyer Pages/Chat/input_Please wait while channel is loading_channel-loading'

2020-03-20 14:28:38 - [MESSAGE][PASSED] - Keys '*' sent to object: 'Object Repository/ADMIN/Edit Text/Bespoke/Buyer Pages/Chat/input_Please wait while channel is loading_channel-loading'

2020-03-20 14:28:38 - [TEST_STEP][PASSED] - sendKeys(findTestObject("ADMIN/Edit Text/Bespoke/Buyer Pages/Chat/input_SEND_btn_view_cart"), "*"): Keys '*' sent to object: 'Object Repository/ADMIN/Edit Text/Bespoke/Buyer Pages/Chat/input_SEND_btn_view_cart'

2020-03-20 14:28:39 - [MESSAGE][PASSED] - Keys '*' sent to object: 'Object Repository/ADMIN/Edit Text/Bespoke/Buyer Pages/Chat/input_SEND_btn_view_cart'

2020-03-20 14:28:39 - [TEST_STEP][PASSED] - click(findTestObject("ADMIN/Edit Text/Bespoke/Buyer Pages/Homepage/button_save"), CONTINUE_ON_FAILURE): Object: 'Object Repository/ADMIN/Edit Text/Bespoke/Buyer Pages/Homepage/button_save' is clicked on

2020-03-20 14:28:39 - [MESSAGE][PASSED] - Object: 'Object Repository/ADMIN/Edit Text/Bespoke/Buyer Pages/Homepage/button_save' is clicked on

2020-03-20 14:28:39 - [TEST_STEP][PASSED] - waitForElementVisible(findTestObject("ADMIN/Edit Text/Bespoke/Buyer Pages/Homepage/toaster_success"), 0): Object 'Object Repository/ADMIN/Edit Text/Bespoke/Buyer Pages/Homepage/toaster_success' is visible

2020-03-20 14:28:39 - [MESSAGE][WARNING] - Timeout '0' is invalid. Using default page load timeout: '30'

2020-03-20 14:28:39 - [MESSAGE][PASSED] - Object 'Object Repository/ADMIN/Edit Text/Bespoke/Buyer Pages/Homepage/toaster_success' is visible]]></system-out>
         <system-err><![CDATA[]]></system-err>
      </testcase>
      <testcase name="Test Cases/ADMIN/Language/Edit Text/Bespoke/Buyer Pages/Chat" time="2.96" classname="Test Cases/ADMIN/Language/Edit Text/Bespoke/Buyer Pages/Chat" status="PASSED">
         <system-out><![CDATA[2020-03-20 14:28:39 - [TEST_CASE][PASSED] - Test Cases/ADMIN/Language/Edit Text/Bespoke/Buyer Pages/Chat: Test Cases/ADMIN/Language/Edit Text/Bespoke/Buyer Pages/Chat

2020-03-20 14:28:39 - [TEST_STEP][PASSED] - waitForElementVisible(findTestObject("ADMIN/Edit Text/Bespoke/Buyer Navigation/dd_language"), 0): Object 'Object Repository/ADMIN/Edit Text/Bespoke/Buyer Navigation/dd_language' is visible

2020-03-20 14:28:39 - [MESSAGE][WARNING] - Timeout '0' is invalid. Using default page load timeout: '30'

2020-03-20 14:28:40 - [MESSAGE][PASSED] - Object 'Object Repository/ADMIN/Edit Text/Bespoke/Buyer Navigation/dd_language' is visible

2020-03-20 14:28:40 - [TEST_STEP][PASSED] - selectOptionByLabel(findTestObject("ADMIN/Edit Text/Bespoke/Buyer Navigation/dd_language"), varLanguage, false): All options with label 'Portuguese' are selected in object 'Object Repository/ADMIN/Edit Text/Bespoke/Buyer Navigation/dd_language' 

2020-03-20 14:28:41 - [MESSAGE][PASSED] - All options with label 'Portuguese' are selected in object 'Object Repository/ADMIN/Edit Text/Bespoke/Buyer Navigation/dd_language' 

2020-03-20 14:28:41 - [TEST_STEP][PASSED] - sendKeys(findTestObject("ADMIN/Edit Text/Bespoke/Buyer Pages/Chat/input_Type a message_item-has-been-added"), "*"): Keys '*' sent to object: 'Object Repository/ADMIN/Edit Text/Bespoke/Buyer Pages/Chat/input_Type a message_item-has-been-added'

2020-03-20 14:28:41 - [MESSAGE][PASSED] - Keys '*' sent to object: 'Object Repository/ADMIN/Edit Text/Bespoke/Buyer Pages/Chat/input_Type a message_item-has-been-added'

2020-03-20 14:28:41 - [TEST_STEP][PASSED] - sendKeys(findTestObject("ADMIN/Edit Text/Bespoke/Buyer Pages/Chat/input_Please wait while channel is loading_channel-loading"), "*"): Keys '*' sent to object: 'Object Repository/ADMIN/Edit Text/Bespoke/Buyer Pages/Chat/input_Please wait while channel is loading_channel-loading'

2020-03-20 14:28:41 - [MESSAGE][PASSED] - Keys '*' sent to object: 'Object Repository/ADMIN/Edit Text/Bespoke/Buyer Pages/Chat/input_Please wait while channel is loading_channel-loading'

2020-03-20 14:28:41 - [TEST_STEP][PASSED] - sendKeys(findTestObject("ADMIN/Edit Text/Bespoke/Buyer Pages/Chat/input_SEND_btn_view_cart"), "*"): Keys '*' sent to object: 'Object Repository/ADMIN/Edit Text/Bespoke/Buyer Pages/Chat/input_SEND_btn_view_cart'

2020-03-20 14:28:42 - [MESSAGE][PASSED] - Keys '*' sent to object: 'Object Repository/ADMIN/Edit Text/Bespoke/Buyer Pages/Chat/input_SEND_btn_view_cart'

2020-03-20 14:28:42 - [TEST_STEP][PASSED] - click(findTestObject("ADMIN/Edit Text/Bespoke/Buyer Pages/Homepage/button_save"), CONTINUE_ON_FAILURE): Object: 'Object Repository/ADMIN/Edit Text/Bespoke/Buyer Pages/Homepage/button_save' is clicked on

2020-03-20 14:28:42 - [MESSAGE][PASSED] - Object: 'Object Repository/ADMIN/Edit Text/Bespoke/Buyer Pages/Homepage/button_save' is clicked on

2020-03-20 14:28:42 - [TEST_STEP][PASSED] - waitForElementVisible(findTestObject("ADMIN/Edit Text/Bespoke/Buyer Pages/Homepage/toaster_success"), 0): Object 'Object Repository/ADMIN/Edit Text/Bespoke/Buyer Pages/Homepage/toaster_success' is visible

2020-03-20 14:28:42 - [MESSAGE][WARNING] - Timeout '0' is invalid. Using default page load timeout: '30'

2020-03-20 14:28:42 - [MESSAGE][PASSED] - Object 'Object Repository/ADMIN/Edit Text/Bespoke/Buyer Pages/Homepage/toaster_success' is visible]]></system-out>
         <system-err><![CDATA[]]></system-err>
      </testcase>
      <testcase name="Test Cases/ADMIN/Language/Edit Text/Bespoke/Buyer Pages/Chat" time="2.809" classname="Test Cases/ADMIN/Language/Edit Text/Bespoke/Buyer Pages/Chat" status="PASSED">
         <system-out><![CDATA[2020-03-20 14:28:42 - [TEST_CASE][PASSED] - Test Cases/ADMIN/Language/Edit Text/Bespoke/Buyer Pages/Chat: Test Cases/ADMIN/Language/Edit Text/Bespoke/Buyer Pages/Chat

2020-03-20 14:28:42 - [TEST_STEP][PASSED] - waitForElementVisible(findTestObject("ADMIN/Edit Text/Bespoke/Buyer Navigation/dd_language"), 0): Object 'Object Repository/ADMIN/Edit Text/Bespoke/Buyer Navigation/dd_language' is visible

2020-03-20 14:28:42 - [MESSAGE][WARNING] - Timeout '0' is invalid. Using default page load timeout: '30'

2020-03-20 14:28:42 - [MESSAGE][PASSED] - Object 'Object Repository/ADMIN/Edit Text/Bespoke/Buyer Navigation/dd_language' is visible

2020-03-20 14:28:42 - [TEST_STEP][PASSED] - selectOptionByLabel(findTestObject("ADMIN/Edit Text/Bespoke/Buyer Navigation/dd_language"), varLanguage, false): All options with label 'Indonesian' are selected in object 'Object Repository/ADMIN/Edit Text/Bespoke/Buyer Navigation/dd_language' 

2020-03-20 14:28:44 - [MESSAGE][PASSED] - All options with label 'Indonesian' are selected in object 'Object Repository/ADMIN/Edit Text/Bespoke/Buyer Navigation/dd_language' 

2020-03-20 14:28:44 - [TEST_STEP][PASSED] - sendKeys(findTestObject("ADMIN/Edit Text/Bespoke/Buyer Pages/Chat/input_Type a message_item-has-been-added"), "*"): Keys '*' sent to object: 'Object Repository/ADMIN/Edit Text/Bespoke/Buyer Pages/Chat/input_Type a message_item-has-been-added'

2020-03-20 14:28:44 - [MESSAGE][PASSED] - Keys '*' sent to object: 'Object Repository/ADMIN/Edit Text/Bespoke/Buyer Pages/Chat/input_Type a message_item-has-been-added'

2020-03-20 14:28:44 - [TEST_STEP][PASSED] - sendKeys(findTestObject("ADMIN/Edit Text/Bespoke/Buyer Pages/Chat/input_Please wait while channel is loading_channel-loading"), "*"): Keys '*' sent to object: 'Object Repository/ADMIN/Edit Text/Bespoke/Buyer Pages/Chat/input_Please wait while channel is loading_channel-loading'

2020-03-20 14:28:44 - [MESSAGE][PASSED] - Keys '*' sent to object: 'Object Repository/ADMIN/Edit Text/Bespoke/Buyer Pages/Chat/input_Please wait while channel is loading_channel-loading'

2020-03-20 14:28:44 - [TEST_STEP][PASSED] - sendKeys(findTestObject("ADMIN/Edit Text/Bespoke/Buyer Pages/Chat/input_SEND_btn_view_cart"), "*"): Keys '*' sent to object: 'Object Repository/ADMIN/Edit Text/Bespoke/Buyer Pages/Chat/input_SEND_btn_view_cart'

2020-03-20 14:28:44 - [MESSAGE][PASSED] - Keys '*' sent to object: 'Object Repository/ADMIN/Edit Text/Bespoke/Buyer Pages/Chat/input_SEND_btn_view_cart'

2020-03-20 14:28:44 - [TEST_STEP][PASSED] - click(findTestObject("ADMIN/Edit Text/Bespoke/Buyer Pages/Homepage/button_save"), CONTINUE_ON_FAILURE): Object: 'Object Repository/ADMIN/Edit Text/Bespoke/Buyer Pages/Homepage/button_save' is clicked on

2020-03-20 14:28:45 - [MESSAGE][PASSED] - Object: 'Object Repository/ADMIN/Edit Text/Bespoke/Buyer Pages/Homepage/button_save' is clicked on

2020-03-20 14:28:45 - [TEST_STEP][PASSED] - waitForElementVisible(findTestObject("ADMIN/Edit Text/Bespoke/Buyer Pages/Homepage/toaster_success"), 0): Object 'Object Repository/ADMIN/Edit Text/Bespoke/Buyer Pages/Homepage/toaster_success' is visible

2020-03-20 14:28:45 - [MESSAGE][WARNING] - Timeout '0' is invalid. Using default page load timeout: '30'

2020-03-20 14:28:45 - [MESSAGE][PASSED] - Object 'Object Repository/ADMIN/Edit Text/Bespoke/Buyer Pages/Homepage/toaster_success' is visible]]></system-out>
         <system-err><![CDATA[]]></system-err>
      </testcase>
      <testcase name="Test Cases/ADMIN/Language/Edit Text/Bespoke/Buyer Pages/Chat" time="2.781" classname="Test Cases/ADMIN/Language/Edit Text/Bespoke/Buyer Pages/Chat" status="PASSED">
         <system-out><![CDATA[2020-03-20 14:28:45 - [TEST_CASE][PASSED] - Test Cases/ADMIN/Language/Edit Text/Bespoke/Buyer Pages/Chat: Test Cases/ADMIN/Language/Edit Text/Bespoke/Buyer Pages/Chat

2020-03-20 14:28:45 - [TEST_STEP][PASSED] - waitForElementVisible(findTestObject("ADMIN/Edit Text/Bespoke/Buyer Navigation/dd_language"), 0): Object 'Object Repository/ADMIN/Edit Text/Bespoke/Buyer Navigation/dd_language' is visible

2020-03-20 14:28:45 - [MESSAGE][WARNING] - Timeout '0' is invalid. Using default page load timeout: '30'

2020-03-20 14:28:45 - [MESSAGE][PASSED] - Object 'Object Repository/ADMIN/Edit Text/Bespoke/Buyer Navigation/dd_language' is visible

2020-03-20 14:28:45 - [TEST_STEP][PASSED] - selectOptionByLabel(findTestObject("ADMIN/Edit Text/Bespoke/Buyer Navigation/dd_language"), varLanguage, false): All options with label 'Russian' are selected in object 'Object Repository/ADMIN/Edit Text/Bespoke/Buyer Navigation/dd_language' 

2020-03-20 14:28:46 - [MESSAGE][PASSED] - All options with label 'Russian' are selected in object 'Object Repository/ADMIN/Edit Text/Bespoke/Buyer Navigation/dd_language' 

2020-03-20 14:28:46 - [TEST_STEP][PASSED] - sendKeys(findTestObject("ADMIN/Edit Text/Bespoke/Buyer Pages/Chat/input_Type a message_item-has-been-added"), "*"): Keys '*' sent to object: 'Object Repository/ADMIN/Edit Text/Bespoke/Buyer Pages/Chat/input_Type a message_item-has-been-added'

2020-03-20 14:28:47 - [MESSAGE][PASSED] - Keys '*' sent to object: 'Object Repository/ADMIN/Edit Text/Bespoke/Buyer Pages/Chat/input_Type a message_item-has-been-added'

2020-03-20 14:28:47 - [TEST_STEP][PASSED] - sendKeys(findTestObject("ADMIN/Edit Text/Bespoke/Buyer Pages/Chat/input_Please wait while channel is loading_channel-loading"), "*"): Keys '*' sent to object: 'Object Repository/ADMIN/Edit Text/Bespoke/Buyer Pages/Chat/input_Please wait while channel is loading_channel-loading'

2020-03-20 14:28:47 - [MESSAGE][PASSED] - Keys '*' sent to object: 'Object Repository/ADMIN/Edit Text/Bespoke/Buyer Pages/Chat/input_Please wait while channel is loading_channel-loading'

2020-03-20 14:28:47 - [TEST_STEP][PASSED] - sendKeys(findTestObject("ADMIN/Edit Text/Bespoke/Buyer Pages/Chat/input_SEND_btn_view_cart"), "*"): Keys '*' sent to object: 'Object Repository/ADMIN/Edit Text/Bespoke/Buyer Pages/Chat/input_SEND_btn_view_cart'

2020-03-20 14:28:47 - [MESSAGE][PASSED] - Keys '*' sent to object: 'Object Repository/ADMIN/Edit Text/Bespoke/Buyer Pages/Chat/input_SEND_btn_view_cart'

2020-03-20 14:28:47 - [TEST_STEP][PASSED] - click(findTestObject("ADMIN/Edit Text/Bespoke/Buyer Pages/Homepage/button_save"), CONTINUE_ON_FAILURE): Object: 'Object Repository/ADMIN/Edit Text/Bespoke/Buyer Pages/Homepage/button_save' is clicked on

2020-03-20 14:28:47 - [MESSAGE][PASSED] - Object: 'Object Repository/ADMIN/Edit Text/Bespoke/Buyer Pages/Homepage/button_save' is clicked on

2020-03-20 14:28:47 - [TEST_STEP][PASSED] - waitForElementVisible(findTestObject("ADMIN/Edit Text/Bespoke/Buyer Pages/Homepage/toaster_success"), 0): Object 'Object Repository/ADMIN/Edit Text/Bespoke/Buyer Pages/Homepage/toaster_success' is visible

2020-03-20 14:28:48 - [MESSAGE][WARNING] - Timeout '0' is invalid. Using default page load timeout: '30'

2020-03-20 14:28:48 - [MESSAGE][PASSED] - Object 'Object Repository/ADMIN/Edit Text/Bespoke/Buyer Pages/Homepage/toaster_success' is visible]]></system-out>
         <system-err><![CDATA[]]></system-err>
      </testcase>
      <testcase name="Test Cases/ADMIN/Language/Edit Text/Bespoke/Buyer Pages/Chat" time="3.048" classname="Test Cases/ADMIN/Language/Edit Text/Bespoke/Buyer Pages/Chat" status="PASSED">
         <system-out><![CDATA[2020-03-20 14:28:48 - [TEST_CASE][PASSED] - Test Cases/ADMIN/Language/Edit Text/Bespoke/Buyer Pages/Chat: Test Cases/ADMIN/Language/Edit Text/Bespoke/Buyer Pages/Chat

2020-03-20 14:28:48 - [TEST_STEP][PASSED] - waitForElementVisible(findTestObject("ADMIN/Edit Text/Bespoke/Buyer Navigation/dd_language"), 0): Object 'Object Repository/ADMIN/Edit Text/Bespoke/Buyer Navigation/dd_language' is visible

2020-03-20 14:28:48 - [MESSAGE][WARNING] - Timeout '0' is invalid. Using default page load timeout: '30'

2020-03-20 14:28:48 - [MESSAGE][PASSED] - Object 'Object Repository/ADMIN/Edit Text/Bespoke/Buyer Navigation/dd_language' is visible

2020-03-20 14:28:48 - [TEST_STEP][PASSED] - selectOptionByLabel(findTestObject("ADMIN/Edit Text/Bespoke/Buyer Navigation/dd_language"), varLanguage, false): All options with label 'Italian' are selected in object 'Object Repository/ADMIN/Edit Text/Bespoke/Buyer Navigation/dd_language' 

2020-03-20 14:28:49 - [MESSAGE][PASSED] - All options with label 'Italian' are selected in object 'Object Repository/ADMIN/Edit Text/Bespoke/Buyer Navigation/dd_language' 

2020-03-20 14:28:49 - [TEST_STEP][PASSED] - sendKeys(findTestObject("ADMIN/Edit Text/Bespoke/Buyer Pages/Chat/input_Type a message_item-has-been-added"), "*"): Keys '*' sent to object: 'Object Repository/ADMIN/Edit Text/Bespoke/Buyer Pages/Chat/input_Type a message_item-has-been-added'

2020-03-20 14:28:50 - [MESSAGE][PASSED] - Keys '*' sent to object: 'Object Repository/ADMIN/Edit Text/Bespoke/Buyer Pages/Chat/input_Type a message_item-has-been-added'

2020-03-20 14:28:50 - [TEST_STEP][PASSED] - sendKeys(findTestObject("ADMIN/Edit Text/Bespoke/Buyer Pages/Chat/input_Please wait while channel is loading_channel-loading"), "*"): Keys '*' sent to object: 'Object Repository/ADMIN/Edit Text/Bespoke/Buyer Pages/Chat/input_Please wait while channel is loading_channel-loading'

2020-03-20 14:28:50 - [MESSAGE][PASSED] - Keys '*' sent to object: 'Object Repository/ADMIN/Edit Text/Bespoke/Buyer Pages/Chat/input_Please wait while channel is loading_channel-loading'

2020-03-20 14:28:50 - [TEST_STEP][PASSED] - sendKeys(findTestObject("ADMIN/Edit Text/Bespoke/Buyer Pages/Chat/input_SEND_btn_view_cart"), "*"): Keys '*' sent to object: 'Object Repository/ADMIN/Edit Text/Bespoke/Buyer Pages/Chat/input_SEND_btn_view_cart'

2020-03-20 14:28:50 - [MESSAGE][PASSED] - Keys '*' sent to object: 'Object Repository/ADMIN/Edit Text/Bespoke/Buyer Pages/Chat/input_SEND_btn_view_cart'

2020-03-20 14:28:50 - [TEST_STEP][PASSED] - click(findTestObject("ADMIN/Edit Text/Bespoke/Buyer Pages/Homepage/button_save"), CONTINUE_ON_FAILURE): Object: 'Object Repository/ADMIN/Edit Text/Bespoke/Buyer Pages/Homepage/button_save' is clicked on

2020-03-20 14:28:50 - [MESSAGE][PASSED] - Object: 'Object Repository/ADMIN/Edit Text/Bespoke/Buyer Pages/Homepage/button_save' is clicked on

2020-03-20 14:28:50 - [TEST_STEP][PASSED] - waitForElementVisible(findTestObject("ADMIN/Edit Text/Bespoke/Buyer Pages/Homepage/toaster_success"), 0): Object 'Object Repository/ADMIN/Edit Text/Bespoke/Buyer Pages/Homepage/toaster_success' is visible

2020-03-20 14:28:50 - [MESSAGE][WARNING] - Timeout '0' is invalid. Using default page load timeout: '30'

2020-03-20 14:28:51 - [MESSAGE][PASSED] - Object 'Object Repository/ADMIN/Edit Text/Bespoke/Buyer Pages/Homepage/toaster_success' is visible]]></system-out>
         <system-err><![CDATA[]]></system-err>
      </testcase>
      <testcase name="Test Cases/ADMIN/Language/Edit Text/Bespoke/Buyer Pages/Chat" time="3.372" classname="Test Cases/ADMIN/Language/Edit Text/Bespoke/Buyer Pages/Chat" status="PASSED">
         <system-out><![CDATA[2020-03-20 14:28:51 - [TEST_CASE][PASSED] - Test Cases/ADMIN/Language/Edit Text/Bespoke/Buyer Pages/Chat: Test Cases/ADMIN/Language/Edit Text/Bespoke/Buyer Pages/Chat

2020-03-20 14:28:51 - [TEST_STEP][PASSED] - waitForElementVisible(findTestObject("ADMIN/Edit Text/Bespoke/Buyer Navigation/dd_language"), 0): Object 'Object Repository/ADMIN/Edit Text/Bespoke/Buyer Navigation/dd_language' is visible

2020-03-20 14:28:51 - [MESSAGE][WARNING] - Timeout '0' is invalid. Using default page load timeout: '30'

2020-03-20 14:28:51 - [MESSAGE][PASSED] - Object 'Object Repository/ADMIN/Edit Text/Bespoke/Buyer Navigation/dd_language' is visible

2020-03-20 14:28:51 - [TEST_STEP][PASSED] - selectOptionByLabel(findTestObject("ADMIN/Edit Text/Bespoke/Buyer Navigation/dd_language"), varLanguage, false): All options with label 'Arabic' are selected in object 'Object Repository/ADMIN/Edit Text/Bespoke/Buyer Navigation/dd_language' 

2020-03-20 14:28:52 - [MESSAGE][PASSED] - All options with label 'Arabic' are selected in object 'Object Repository/ADMIN/Edit Text/Bespoke/Buyer Navigation/dd_language' 

2020-03-20 14:28:52 - [TEST_STEP][PASSED] - sendKeys(findTestObject("ADMIN/Edit Text/Bespoke/Buyer Pages/Chat/input_Type a message_item-has-been-added"), "*"): Keys '*' sent to object: 'Object Repository/ADMIN/Edit Text/Bespoke/Buyer Pages/Chat/input_Type a message_item-has-been-added'

2020-03-20 14:28:53 - [MESSAGE][PASSED] - Keys '*' sent to object: 'Object Repository/ADMIN/Edit Text/Bespoke/Buyer Pages/Chat/input_Type a message_item-has-been-added'

2020-03-20 14:28:53 - [TEST_STEP][PASSED] - sendKeys(findTestObject("ADMIN/Edit Text/Bespoke/Buyer Pages/Chat/input_Please wait while channel is loading_channel-loading"), "*"): Keys '*' sent to object: 'Object Repository/ADMIN/Edit Text/Bespoke/Buyer Pages/Chat/input_Please wait while channel is loading_channel-loading'

2020-03-20 14:28:53 - [MESSAGE][PASSED] - Keys '*' sent to object: 'Object Repository/ADMIN/Edit Text/Bespoke/Buyer Pages/Chat/input_Please wait while channel is loading_channel-loading'

2020-03-20 14:28:53 - [TEST_STEP][PASSED] - sendKeys(findTestObject("ADMIN/Edit Text/Bespoke/Buyer Pages/Chat/input_SEND_btn_view_cart"), "*"): Keys '*' sent to object: 'Object Repository/ADMIN/Edit Text/Bespoke/Buyer Pages/Chat/input_SEND_btn_view_cart'

2020-03-20 14:28:53 - [MESSAGE][PASSED] - Keys '*' sent to object: 'Object Repository/ADMIN/Edit Text/Bespoke/Buyer Pages/Chat/input_SEND_btn_view_cart'

2020-03-20 14:28:53 - [TEST_STEP][PASSED] - click(findTestObject("ADMIN/Edit Text/Bespoke/Buyer Pages/Homepage/button_save"), CONTINUE_ON_FAILURE): Object: 'Object Repository/ADMIN/Edit Text/Bespoke/Buyer Pages/Homepage/button_save' is clicked on

2020-03-20 14:28:53 - [MESSAGE][PASSED] - Object: 'Object Repository/ADMIN/Edit Text/Bespoke/Buyer Pages/Homepage/button_save' is clicked on

2020-03-20 14:28:53 - [TEST_STEP][PASSED] - waitForElementVisible(findTestObject("ADMIN/Edit Text/Bespoke/Buyer Pages/Homepage/toaster_success"), 0): Object 'Object Repository/ADMIN/Edit Text/Bespoke/Buyer Pages/Homepage/toaster_success' is visible

2020-03-20 14:28:54 - [MESSAGE][WARNING] - Timeout '0' is invalid. Using default page load timeout: '30'

2020-03-20 14:28:54 - [MESSAGE][PASSED] - Object 'Object Repository/ADMIN/Edit Text/Bespoke/Buyer Pages/Homepage/toaster_success' is visible]]></system-out>
         <system-err><![CDATA[]]></system-err>
      </testcase>
      <testcase name="Test Cases/ADMIN/Language/Edit Text/Bespoke/Buyer Pages/Chat" time="3.051" classname="Test Cases/ADMIN/Language/Edit Text/Bespoke/Buyer Pages/Chat" status="PASSED">
         <system-out><![CDATA[2020-03-20 14:28:54 - [TEST_CASE][PASSED] - Test Cases/ADMIN/Language/Edit Text/Bespoke/Buyer Pages/Chat: Test Cases/ADMIN/Language/Edit Text/Bespoke/Buyer Pages/Chat

2020-03-20 14:28:54 - [TEST_STEP][PASSED] - waitForElementVisible(findTestObject("ADMIN/Edit Text/Bespoke/Buyer Navigation/dd_language"), 0): Object 'Object Repository/ADMIN/Edit Text/Bespoke/Buyer Navigation/dd_language' is visible

2020-03-20 14:28:54 - [MESSAGE][WARNING] - Timeout '0' is invalid. Using default page load timeout: '30'

2020-03-20 14:28:54 - [MESSAGE][PASSED] - Object 'Object Repository/ADMIN/Edit Text/Bespoke/Buyer Navigation/dd_language' is visible

2020-03-20 14:28:54 - [TEST_STEP][PASSED] - selectOptionByLabel(findTestObject("ADMIN/Edit Text/Bespoke/Buyer Navigation/dd_language"), varLanguage, false): All options with label 'Dutch' are selected in object 'Object Repository/ADMIN/Edit Text/Bespoke/Buyer Navigation/dd_language' 

2020-03-20 14:28:56 - [MESSAGE][PASSED] - All options with label 'Dutch' are selected in object 'Object Repository/ADMIN/Edit Text/Bespoke/Buyer Navigation/dd_language' 

2020-03-20 14:28:56 - [TEST_STEP][PASSED] - sendKeys(findTestObject("ADMIN/Edit Text/Bespoke/Buyer Pages/Chat/input_Type a message_item-has-been-added"), "*"): Keys '*' sent to object: 'Object Repository/ADMIN/Edit Text/Bespoke/Buyer Pages/Chat/input_Type a message_item-has-been-added'

2020-03-20 14:28:56 - [MESSAGE][PASSED] - Keys '*' sent to object: 'Object Repository/ADMIN/Edit Text/Bespoke/Buyer Pages/Chat/input_Type a message_item-has-been-added'

2020-03-20 14:28:56 - [TEST_STEP][PASSED] - sendKeys(findTestObject("ADMIN/Edit Text/Bespoke/Buyer Pages/Chat/input_Please wait while channel is loading_channel-loading"), "*"): Keys '*' sent to object: 'Object Repository/ADMIN/Edit Text/Bespoke/Buyer Pages/Chat/input_Please wait while channel is loading_channel-loading'

2020-03-20 14:28:56 - [MESSAGE][PASSED] - Keys '*' sent to object: 'Object Repository/ADMIN/Edit Text/Bespoke/Buyer Pages/Chat/input_Please wait while channel is loading_channel-loading'

2020-03-20 14:28:56 - [TEST_STEP][PASSED] - sendKeys(findTestObject("ADMIN/Edit Text/Bespoke/Buyer Pages/Chat/input_SEND_btn_view_cart"), "*"): Keys '*' sent to object: 'Object Repository/ADMIN/Edit Text/Bespoke/Buyer Pages/Chat/input_SEND_btn_view_cart'

2020-03-20 14:28:57 - [MESSAGE][PASSED] - Keys '*' sent to object: 'Object Repository/ADMIN/Edit Text/Bespoke/Buyer Pages/Chat/input_SEND_btn_view_cart'

2020-03-20 14:28:57 - [TEST_STEP][PASSED] - click(findTestObject("ADMIN/Edit Text/Bespoke/Buyer Pages/Homepage/button_save"), CONTINUE_ON_FAILURE): Object: 'Object Repository/ADMIN/Edit Text/Bespoke/Buyer Pages/Homepage/button_save' is clicked on

2020-03-20 14:28:57 - [MESSAGE][PASSED] - Object: 'Object Repository/ADMIN/Edit Text/Bespoke/Buyer Pages/Homepage/button_save' is clicked on

2020-03-20 14:28:57 - [TEST_STEP][PASSED] - waitForElementVisible(findTestObject("ADMIN/Edit Text/Bespoke/Buyer Pages/Homepage/toaster_success"), 0): Object 'Object Repository/ADMIN/Edit Text/Bespoke/Buyer Pages/Homepage/toaster_success' is visible

2020-03-20 14:28:57 - [MESSAGE][WARNING] - Timeout '0' is invalid. Using default page load timeout: '30'

2020-03-20 14:28:57 - [MESSAGE][PASSED] - Object 'Object Repository/ADMIN/Edit Text/Bespoke/Buyer Pages/Homepage/toaster_success' is visible]]></system-out>
         <system-err><![CDATA[]]></system-err>
      </testcase>
      <testcase name="Test Cases/ADMIN/Language/Edit Text/Bespoke/Buyer Pages/Chat" time="2.819" classname="Test Cases/ADMIN/Language/Edit Text/Bespoke/Buyer Pages/Chat" status="PASSED">
         <system-out><![CDATA[2020-03-20 14:28:57 - [TEST_CASE][PASSED] - Test Cases/ADMIN/Language/Edit Text/Bespoke/Buyer Pages/Chat: Test Cases/ADMIN/Language/Edit Text/Bespoke/Buyer Pages/Chat

2020-03-20 14:28:57 - [TEST_STEP][PASSED] - waitForElementVisible(findTestObject("ADMIN/Edit Text/Bespoke/Buyer Navigation/dd_language"), 0): Object 'Object Repository/ADMIN/Edit Text/Bespoke/Buyer Navigation/dd_language' is visible

2020-03-20 14:28:57 - [MESSAGE][WARNING] - Timeout '0' is invalid. Using default page load timeout: '30'

2020-03-20 14:28:57 - [MESSAGE][PASSED] - Object 'Object Repository/ADMIN/Edit Text/Bespoke/Buyer Navigation/dd_language' is visible

2020-03-20 14:28:57 - [TEST_STEP][PASSED] - selectOptionByLabel(findTestObject("ADMIN/Edit Text/Bespoke/Buyer Navigation/dd_language"), varLanguage, false): All options with label 'Swedish' are selected in object 'Object Repository/ADMIN/Edit Text/Bespoke/Buyer Navigation/dd_language' 

2020-03-20 14:28:58 - [MESSAGE][PASSED] - All options with label 'Swedish' are selected in object 'Object Repository/ADMIN/Edit Text/Bespoke/Buyer Navigation/dd_language' 

2020-03-20 14:28:58 - [TEST_STEP][PASSED] - sendKeys(findTestObject("ADMIN/Edit Text/Bespoke/Buyer Pages/Chat/input_Type a message_item-has-been-added"), "*"): Keys '*' sent to object: 'Object Repository/ADMIN/Edit Text/Bespoke/Buyer Pages/Chat/input_Type a message_item-has-been-added'

2020-03-20 14:28:59 - [MESSAGE][PASSED] - Keys '*' sent to object: 'Object Repository/ADMIN/Edit Text/Bespoke/Buyer Pages/Chat/input_Type a message_item-has-been-added'

2020-03-20 14:28:59 - [TEST_STEP][PASSED] - sendKeys(findTestObject("ADMIN/Edit Text/Bespoke/Buyer Pages/Chat/input_Please wait while channel is loading_channel-loading"), "*"): Keys '*' sent to object: 'Object Repository/ADMIN/Edit Text/Bespoke/Buyer Pages/Chat/input_Please wait while channel is loading_channel-loading'

2020-03-20 14:28:59 - [MESSAGE][PASSED] - Keys '*' sent to object: 'Object Repository/ADMIN/Edit Text/Bespoke/Buyer Pages/Chat/input_Please wait while channel is loading_channel-loading'

2020-03-20 14:28:59 - [TEST_STEP][PASSED] - sendKeys(findTestObject("ADMIN/Edit Text/Bespoke/Buyer Pages/Chat/input_SEND_btn_view_cart"), "*"): Keys '*' sent to object: 'Object Repository/ADMIN/Edit Text/Bespoke/Buyer Pages/Chat/input_SEND_btn_view_cart'

2020-03-20 14:29:00 - [MESSAGE][PASSED] - Keys '*' sent to object: 'Object Repository/ADMIN/Edit Text/Bespoke/Buyer Pages/Chat/input_SEND_btn_view_cart'

2020-03-20 14:29:00 - [TEST_STEP][PASSED] - click(findTestObject("ADMIN/Edit Text/Bespoke/Buyer Pages/Homepage/button_save"), CONTINUE_ON_FAILURE): Object: 'Object Repository/ADMIN/Edit Text/Bespoke/Buyer Pages/Homepage/button_save' is clicked on

2020-03-20 14:29:00 - [MESSAGE][PASSED] - Object: 'Object Repository/ADMIN/Edit Text/Bespoke/Buyer Pages/Homepage/button_save' is clicked on

2020-03-20 14:29:00 - [TEST_STEP][PASSED] - waitForElementVisible(findTestObject("ADMIN/Edit Text/Bespoke/Buyer Pages/Homepage/toaster_success"), 0): Object 'Object Repository/ADMIN/Edit Text/Bespoke/Buyer Pages/Homepage/toaster_success' is visible

2020-03-20 14:29:00 - [MESSAGE][WARNING] - Timeout '0' is invalid. Using default page load timeout: '30'

2020-03-20 14:29:00 - [MESSAGE][PASSED] - Object 'Object Repository/ADMIN/Edit Text/Bespoke/Buyer Pages/Homepage/toaster_success' is visible]]></system-out>
         <system-err><![CDATA[]]></system-err>
      </testcase>
      <testcase name="Test Cases/ADMIN/Language/Edit Text/Bespoke/Buyer Pages/Chat" time="3.435" classname="Test Cases/ADMIN/Language/Edit Text/Bespoke/Buyer Pages/Chat" status="PASSED">
         <system-out><![CDATA[2020-03-20 14:29:00 - [TEST_CASE][PASSED] - Test Cases/ADMIN/Language/Edit Text/Bespoke/Buyer Pages/Chat: Test Cases/ADMIN/Language/Edit Text/Bespoke/Buyer Pages/Chat

2020-03-20 14:29:00 - [TEST_STEP][PASSED] - waitForElementVisible(findTestObject("ADMIN/Edit Text/Bespoke/Buyer Navigation/dd_language"), 0): Object 'Object Repository/ADMIN/Edit Text/Bespoke/Buyer Navigation/dd_language' is visible

2020-03-20 14:29:00 - [MESSAGE][WARNING] - Timeout '0' is invalid. Using default page load timeout: '30'

2020-03-20 14:29:00 - [MESSAGE][PASSED] - Object 'Object Repository/ADMIN/Edit Text/Bespoke/Buyer Navigation/dd_language' is visible

2020-03-20 14:29:00 - [TEST_STEP][PASSED] - selectOptionByLabel(findTestObject("ADMIN/Edit Text/Bespoke/Buyer Navigation/dd_language"), varLanguage, false): All options with label 'Chinese (Simplified)' are selected in object 'Object Repository/ADMIN/Edit Text/Bespoke/Buyer Navigation/dd_language' 

2020-03-20 14:29:01 - [MESSAGE][PASSED] - All options with label 'Chinese (Simplified)' are selected in object 'Object Repository/ADMIN/Edit Text/Bespoke/Buyer Navigation/dd_language' 

2020-03-20 14:29:01 - [TEST_STEP][PASSED] - sendKeys(findTestObject("ADMIN/Edit Text/Bespoke/Buyer Pages/Chat/input_Type a message_item-has-been-added"), "*"): Keys '*' sent to object: 'Object Repository/ADMIN/Edit Text/Bespoke/Buyer Pages/Chat/input_Type a message_item-has-been-added'

2020-03-20 14:29:02 - [MESSAGE][PASSED] - Keys '*' sent to object: 'Object Repository/ADMIN/Edit Text/Bespoke/Buyer Pages/Chat/input_Type a message_item-has-been-added'

2020-03-20 14:29:02 - [TEST_STEP][PASSED] - sendKeys(findTestObject("ADMIN/Edit Text/Bespoke/Buyer Pages/Chat/input_Please wait while channel is loading_channel-loading"), "*"): Keys '*' sent to object: 'Object Repository/ADMIN/Edit Text/Bespoke/Buyer Pages/Chat/input_Please wait while channel is loading_channel-loading'

2020-03-20 14:29:02 - [MESSAGE][PASSED] - Keys '*' sent to object: 'Object Repository/ADMIN/Edit Text/Bespoke/Buyer Pages/Chat/input_Please wait while channel is loading_channel-loading'

2020-03-20 14:29:02 - [TEST_STEP][PASSED] - sendKeys(findTestObject("ADMIN/Edit Text/Bespoke/Buyer Pages/Chat/input_SEND_btn_view_cart"), "*"): Keys '*' sent to object: 'Object Repository/ADMIN/Edit Text/Bespoke/Buyer Pages/Chat/input_SEND_btn_view_cart'

2020-03-20 14:29:03 - [MESSAGE][PASSED] - Keys '*' sent to object: 'Object Repository/ADMIN/Edit Text/Bespoke/Buyer Pages/Chat/input_SEND_btn_view_cart'

2020-03-20 14:29:03 - [TEST_STEP][PASSED] - click(findTestObject("ADMIN/Edit Text/Bespoke/Buyer Pages/Homepage/button_save"), CONTINUE_ON_FAILURE): Object: 'Object Repository/ADMIN/Edit Text/Bespoke/Buyer Pages/Homepage/button_save' is clicked on

2020-03-20 14:29:03 - [MESSAGE][PASSED] - Object: 'Object Repository/ADMIN/Edit Text/Bespoke/Buyer Pages/Homepage/button_save' is clicked on

2020-03-20 14:29:03 - [TEST_STEP][PASSED] - waitForElementVisible(findTestObject("ADMIN/Edit Text/Bespoke/Buyer Pages/Homepage/toaster_success"), 0): Object 'Object Repository/ADMIN/Edit Text/Bespoke/Buyer Pages/Homepage/toaster_success' is visible

2020-03-20 14:29:03 - [MESSAGE][WARNING] - Timeout '0' is invalid. Using default page load timeout: '30'

2020-03-20 14:29:04 - [MESSAGE][PASSED] - Object 'Object Repository/ADMIN/Edit Text/Bespoke/Buyer Pages/Homepage/toaster_success' is visible]]></system-out>
         <system-err><![CDATA[]]></system-err>
      </testcase>
      <testcase name="Test Cases/ADMIN/Language/Edit Text/Bespoke/Buyer Pages/Chat" time="2.78" classname="Test Cases/ADMIN/Language/Edit Text/Bespoke/Buyer Pages/Chat" status="PASSED">
         <system-out><![CDATA[2020-03-20 14:29:04 - [TEST_CASE][PASSED] - Test Cases/ADMIN/Language/Edit Text/Bespoke/Buyer Pages/Chat: Test Cases/ADMIN/Language/Edit Text/Bespoke/Buyer Pages/Chat

2020-03-20 14:29:04 - [TEST_STEP][PASSED] - waitForElementVisible(findTestObject("ADMIN/Edit Text/Bespoke/Buyer Navigation/dd_language"), 0): Object 'Object Repository/ADMIN/Edit Text/Bespoke/Buyer Navigation/dd_language' is visible

2020-03-20 14:29:04 - [MESSAGE][WARNING] - Timeout '0' is invalid. Using default page load timeout: '30'

2020-03-20 14:29:04 - [MESSAGE][PASSED] - Object 'Object Repository/ADMIN/Edit Text/Bespoke/Buyer Navigation/dd_language' is visible

2020-03-20 14:29:04 - [TEST_STEP][PASSED] - selectOptionByLabel(findTestObject("ADMIN/Edit Text/Bespoke/Buyer Navigation/dd_language"), varLanguage, false): All options with label 'Hebrew' are selected in object 'Object Repository/ADMIN/Edit Text/Bespoke/Buyer Navigation/dd_language' 

2020-03-20 14:29:05 - [MESSAGE][PASSED] - All options with label 'Hebrew' are selected in object 'Object Repository/ADMIN/Edit Text/Bespoke/Buyer Navigation/dd_language' 

2020-03-20 14:29:05 - [TEST_STEP][PASSED] - sendKeys(findTestObject("ADMIN/Edit Text/Bespoke/Buyer Pages/Chat/input_Type a message_item-has-been-added"), "*"): Keys '*' sent to object: 'Object Repository/ADMIN/Edit Text/Bespoke/Buyer Pages/Chat/input_Type a message_item-has-been-added'

2020-03-20 14:29:05 - [MESSAGE][PASSED] - Keys '*' sent to object: 'Object Repository/ADMIN/Edit Text/Bespoke/Buyer Pages/Chat/input_Type a message_item-has-been-added'

2020-03-20 14:29:05 - [TEST_STEP][PASSED] - sendKeys(findTestObject("ADMIN/Edit Text/Bespoke/Buyer Pages/Chat/input_Please wait while channel is loading_channel-loading"), "*"): Keys '*' sent to object: 'Object Repository/ADMIN/Edit Text/Bespoke/Buyer Pages/Chat/input_Please wait while channel is loading_channel-loading'

2020-03-20 14:29:06 - [MESSAGE][PASSED] - Keys '*' sent to object: 'Object Repository/ADMIN/Edit Text/Bespoke/Buyer Pages/Chat/input_Please wait while channel is loading_channel-loading'

2020-03-20 14:29:06 - [TEST_STEP][PASSED] - sendKeys(findTestObject("ADMIN/Edit Text/Bespoke/Buyer Pages/Chat/input_SEND_btn_view_cart"), "*"): Keys '*' sent to object: 'Object Repository/ADMIN/Edit Text/Bespoke/Buyer Pages/Chat/input_SEND_btn_view_cart'

2020-03-20 14:29:06 - [MESSAGE][PASSED] - Keys '*' sent to object: 'Object Repository/ADMIN/Edit Text/Bespoke/Buyer Pages/Chat/input_SEND_btn_view_cart'

2020-03-20 14:29:06 - [TEST_STEP][PASSED] - click(findTestObject("ADMIN/Edit Text/Bespoke/Buyer Pages/Homepage/button_save"), CONTINUE_ON_FAILURE): Object: 'Object Repository/ADMIN/Edit Text/Bespoke/Buyer Pages/Homepage/button_save' is clicked on

2020-03-20 14:29:06 - [MESSAGE][PASSED] - Object: 'Object Repository/ADMIN/Edit Text/Bespoke/Buyer Pages/Homepage/button_save' is clicked on

2020-03-20 14:29:06 - [TEST_STEP][PASSED] - waitForElementVisible(findTestObject("ADMIN/Edit Text/Bespoke/Buyer Pages/Homepage/toaster_success"), 0): Object 'Object Repository/ADMIN/Edit Text/Bespoke/Buyer Pages/Homepage/toaster_success' is visible

2020-03-20 14:29:06 - [MESSAGE][WARNING] - Timeout '0' is invalid. Using default page load timeout: '30'

2020-03-20 14:29:06 - [MESSAGE][PASSED] - Object 'Object Repository/ADMIN/Edit Text/Bespoke/Buyer Pages/Homepage/toaster_success' is visible]]></system-out>
         <system-err><![CDATA[]]></system-err>
      </testcase>
      <testcase name="Test Cases/ADMIN/Language/Edit Text/Bespoke/Buyer Pages/Chat" time="3.171" classname="Test Cases/ADMIN/Language/Edit Text/Bespoke/Buyer Pages/Chat" status="PASSED">
         <system-out><![CDATA[2020-03-20 14:29:06 - [TEST_CASE][PASSED] - Test Cases/ADMIN/Language/Edit Text/Bespoke/Buyer Pages/Chat: Test Cases/ADMIN/Language/Edit Text/Bespoke/Buyer Pages/Chat

2020-03-20 14:29:06 - [TEST_STEP][PASSED] - waitForElementVisible(findTestObject("ADMIN/Edit Text/Bespoke/Buyer Navigation/dd_language"), 0): Object 'Object Repository/ADMIN/Edit Text/Bespoke/Buyer Navigation/dd_language' is visible

2020-03-20 14:29:06 - [MESSAGE][WARNING] - Timeout '0' is invalid. Using default page load timeout: '30'

2020-03-20 14:29:07 - [MESSAGE][PASSED] - Object 'Object Repository/ADMIN/Edit Text/Bespoke/Buyer Navigation/dd_language' is visible

2020-03-20 14:29:07 - [TEST_STEP][PASSED] - selectOptionByLabel(findTestObject("ADMIN/Edit Text/Bespoke/Buyer Navigation/dd_language"), varLanguage, false): All options with label 'English' are selected in object 'Object Repository/ADMIN/Edit Text/Bespoke/Buyer Navigation/dd_language' 

2020-03-20 14:29:08 - [MESSAGE][PASSED] - All options with label 'English' are selected in object 'Object Repository/ADMIN/Edit Text/Bespoke/Buyer Navigation/dd_language' 

2020-03-20 14:29:08 - [TEST_STEP][PASSED] - sendKeys(findTestObject("ADMIN/Edit Text/Bespoke/Buyer Pages/Chat/input_Type a message_item-has-been-added"), "*"): Keys '*' sent to object: 'Object Repository/ADMIN/Edit Text/Bespoke/Buyer Pages/Chat/input_Type a message_item-has-been-added'

2020-03-20 14:29:08 - [MESSAGE][PASSED] - Keys '*' sent to object: 'Object Repository/ADMIN/Edit Text/Bespoke/Buyer Pages/Chat/input_Type a message_item-has-been-added'

2020-03-20 14:29:08 - [TEST_STEP][PASSED] - sendKeys(findTestObject("ADMIN/Edit Text/Bespoke/Buyer Pages/Chat/input_Please wait while channel is loading_channel-loading"), "*"): Keys '*' sent to object: 'Object Repository/ADMIN/Edit Text/Bespoke/Buyer Pages/Chat/input_Please wait while channel is loading_channel-loading'

2020-03-20 14:29:09 - [MESSAGE][PASSED] - Keys '*' sent to object: 'Object Repository/ADMIN/Edit Text/Bespoke/Buyer Pages/Chat/input_Please wait while channel is loading_channel-loading'

2020-03-20 14:29:09 - [TEST_STEP][PASSED] - sendKeys(findTestObject("ADMIN/Edit Text/Bespoke/Buyer Pages/Chat/input_SEND_btn_view_cart"), "*"): Keys '*' sent to object: 'Object Repository/ADMIN/Edit Text/Bespoke/Buyer Pages/Chat/input_SEND_btn_view_cart'

2020-03-20 14:29:09 - [MESSAGE][PASSED] - Keys '*' sent to object: 'Object Repository/ADMIN/Edit Text/Bespoke/Buyer Pages/Chat/input_SEND_btn_view_cart'

2020-03-20 14:29:09 - [TEST_STEP][PASSED] - click(findTestObject("ADMIN/Edit Text/Bespoke/Buyer Pages/Homepage/button_save"), CONTINUE_ON_FAILURE): Object: 'Object Repository/ADMIN/Edit Text/Bespoke/Buyer Pages/Homepage/button_save' is clicked on

2020-03-20 14:29:09 - [MESSAGE][PASSED] - Object: 'Object Repository/ADMIN/Edit Text/Bespoke/Buyer Pages/Homepage/button_save' is clicked on

2020-03-20 14:29:09 - [TEST_STEP][PASSED] - waitForElementVisible(findTestObject("ADMIN/Edit Text/Bespoke/Buyer Pages/Homepage/toaster_success"), 0): Object 'Object Repository/ADMIN/Edit Text/Bespoke/Buyer Pages/Homepage/toaster_success' is visible

2020-03-20 14:29:09 - [MESSAGE][WARNING] - Timeout '0' is invalid. Using default page load timeout: '30'

2020-03-20 14:29:09 - [MESSAGE][PASSED] - Object 'Object Repository/ADMIN/Edit Text/Bespoke/Buyer Pages/Homepage/toaster_success' is visible]]></system-out>
         <system-err><![CDATA[]]></system-err>
      </testcase>
      <system-out><![CDATA[2020-03-20 14:05:56 - [TEST_SUITE][PASSED] - Bespoke Buyer Pages: Test Cases/ADMIN/Language/Edit Text/Bespoke/Buyer Pages/Chat]]></system-out>
      <system-err><![CDATA[]]></system-err>
   </testsuite>
</testsuites>
