<?xml version="1.0" encoding="UTF-8"?>
<testsuites name="Admin Add Custom Fields" time="6" tests="2" failures="0" errors="0">
   <testsuite name="Admin Add Custom Fields" tests="2" failures="0" errors="0" time="6" timestamp="2019-06-13 14:30:53" hostname="Arcadier - Arcadier-PC" id="Test Suites/Suites/Admin Add Custom Fields">
      <properties>
         <property name="deviceName" value=""/>
         <property name="devicePlatform" value=""/>
         <property name="logFolder" value="C:\\Users\\Arcadier\\git\\Arctick\\Reports\\Suites\\Admin Add Custom Fields\\20190613_143051"/>
         <property name="logFiles" value="C:\\Users\\Arcadier\\git\\Arctick\\Reports\\Suites\\Admin Add Custom Fields\\20190613_143051\\execution0.log"/>
         <property name="attachments" value=""/>
         <property name="hostName" value="Arcadier - Arcadier-PC"/>
         <property name="os" value="Windows 7 64bit"/>
         <property name="katalonVersion" value="5.4.2.1"/>
         <property name="browser" value="Chrome 74.0.3729.169"/>
         <property name="hostAddress" value="10.10.31.95"/>
         <property name="sessionId" value="d566b53dab4c8e48f37119dda1a645fb"/>
         <property name="seleniumVersion" value="3.7.1"/>
         <property name="proxyInformation" value="ProxyInformation{proxyOption=NO_PROXY, proxyServerType=HTTP, password=, proxyServerAddress=, proxyServerPort=0}"/>
         <property name="platform" value="Windows 7"/>
      </properties>
      <testcase name="Test Cases/Utilities/ADMIN/Admin Login" classname="Test Cases/Utilities/ADMIN/Admin Login" status="PASSED">
         <system-out><![CDATA[2019-06-13 14:30:54 - [TEST_CASE][PASSED] - Test Cases/Utilities/ADMIN/Admin Login: Test Cases/Utilities/ADMIN/Admin Login

2019-06-13 14:30:54 - [TEST_STEP][PASSED] - openBrowser: Browser is opened with url: ''

2019-06-13 14:30:56 - [MESSAGE][PASSED] - Browser is opened with url: ''

2019-06-13 14:30:56 - [TEST_STEP][PASSED] - maximizeWindow: Current window maximized

2019-06-13 14:30:56 - [MESSAGE][PASSED] - Current window maximized

2019-06-13 14:30:56 - [TEST_STEP][PASSED] - navigateToUrl: Navigate to 'http://0613SR.test.arcadier.io/admin' successfully

2019-06-13 14:30:57 - [MESSAGE][PASSED] - Navigate to 'http://0613SR.test.arcadier.io/admin' successfully

2019-06-13 14:30:57 - [TEST_STEP][PASSED] - Statement - If (AdminAccountType == "custom"): Object: 'Object Repository/ADMIN/Admin Login/Admin Login/btn_signin' is clicked on

2019-06-13 14:30:57 - [TEST_STEP][PASSED] - waitForElementVisible: Object 'Object Repository/ADMIN/Admin Login/Admin Login/txtbox_username' is visible

2019-06-13 14:30:57 - [MESSAGE][WARNING] - Timeout '0' is invalid. Using default page load timeout: '30'

2019-06-13 14:30:57 - [MESSAGE][PASSED] - Object 'Object Repository/ADMIN/Admin Login/Admin Login/txtbox_username' is visible

2019-06-13 14:30:57 - [TEST_STEP][PASSED] - setText: Text '0613SR' is set on object 'Object Repository/ADMIN/Admin Login/Admin Login/txtbox_username'

2019-06-13 14:30:57 - [MESSAGE][PASSED] - Text '0613SR' is set on object 'Object Repository/ADMIN/Admin Login/Admin Login/txtbox_username'

2019-06-13 14:30:57 - [TEST_STEP][PASSED] - setText: Text 'welcome8' is set on object 'Object Repository/ADMIN/Admin Login/Admin Login/txtbox_password'

2019-06-13 14:30:57 - [MESSAGE][PASSED] - Text 'welcome8' is set on object 'Object Repository/ADMIN/Admin Login/Admin Login/txtbox_password'

2019-06-13 14:30:57 - [TEST_STEP][PASSED] - click: Object: 'Object Repository/ADMIN/Admin Login/Admin Login/btn_signin' is clicked on

2019-06-13 14:31:00 - [MESSAGE][PASSED] - Object: 'Object Repository/ADMIN/Admin Login/Admin Login/btn_signin' is clicked on]]></system-out>
         <system-err><![CDATA[]]></system-err>
      </testcase>
      <testcase name="Test Cases/ADMIN/Custom Fields Page/Add Custom Item Fields/Add_Checkbox" classname="Test Cases/ADMIN/Custom Fields Page/Add Custom Item Fields/Add_Checkbox" status="PASSED">
         <system-out><![CDATA[2019-06-13 14:31:00 - [TEST_CASE][PASSED] - Test Cases/ADMIN/Custom Fields Page/Add Custom Item Fields/Add_Checkbox: null]]></system-out>
         <system-err><![CDATA[]]></system-err>
      </testcase>
      <system-out><![CDATA[2019-06-13 14:30:53 - [TEST_SUITE][INCOMPLETE] - Admin Add Custom Fields: null]]></system-out>
      <system-err><![CDATA[2019-06-13 14:30:53 - [TEST_SUITE][INCOMPLETE] - Admin Add Custom Fields: null]]></system-err>
   </testsuite>
</testsuites>
