<?xml version="1.0" encoding="UTF-8"?>
<testsuites name="Combination_OvernightUnit" time="519" tests="17" failures="0" errors="0">
   <testsuite name="Combination_OvernightUnit" tests="17" failures="0" errors="0" time="519" timestamp="2019-05-15 10:24:54" hostname="Arcadier - Arcadier-PC" id="Test Suites/Feature Control/Booking Unit/Combination_OvernightUnit">
      <properties>
         <property name="deviceName" value=""/>
         <property name="devicePlatform" value=""/>
         <property name="logFolder" value="C:\\Katalon\\Arctick\\Reports\\Feature Control\\Booking Unit\\Combination_OvernightUnit\\20190515_102452"/>
         <property name="logFiles" value="C:\\Katalon\\Arctick\\Reports\\Feature Control\\Booking Unit\\Combination_OvernightUnit\\20190515_102452\\execution0.log"/>
         <property name="attachments" value=""/>
         <property name="hostName" value="Arcadier - Arcadier-PC"/>
         <property name="os" value="Windows 7 64bit"/>
         <property name="katalonVersion" value="5.4.2.1"/>
         <property name="browser" value="Chrome 74.0.3729.131"/>
         <property name="hostAddress" value="10.10.31.95"/>
         <property name="sessionId" value="c08d80852d8beffe781d6a1b49baa2be"/>
         <property name="seleniumVersion" value="3.7.1"/>
         <property name="proxyInformation" value="ProxyInformation{proxyOption=NO_PROXY, proxyServerType=HTTP, password=, proxyServerAddress=, proxyServerPort=0}"/>
         <property name="platform" value="Windows 7"/>
      </properties>
      <testcase name="Test Cases/Utilities/ADMIN/Admin Login" classname="Test Cases/Utilities/ADMIN/Admin Login" status="PASSED">
         <system-out><![CDATA[2019-05-15 10:24:54 - [TEST_CASE][PASSED] - Test Cases/Utilities/ADMIN/Admin Login: Test Cases/Utilities/ADMIN/Admin Login

2019-05-15 10:24:55 - [TEST_STEP][PASSED] - openBrowser: Browser is opened with url: ''

2019-05-15 10:24:56 - [MESSAGE][PASSED] - Browser is opened with url: ''

2019-05-15 10:24:56 - [TEST_STEP][PASSED] - maximizeWindow: Current window maximized

2019-05-15 10:24:56 - [MESSAGE][PASSED] - Current window maximized

2019-05-15 10:24:56 - [TEST_STEP][PASSED] - navigateToUrl: Navigate to 'http://0514SR.test.arcadier.io/admin' successfully

2019-05-15 10:24:56 - [MESSAGE][PASSED] - Navigate to 'http://0514SR.test.arcadier.io/admin' successfully

2019-05-15 10:24:56 - [TEST_STEP][PASSED] - Statement - If (AdminAccountType == "custom"): Object: 'Object Repository/ADMIN/Admin Login/Admin Login/btn_signin' is clicked on

2019-05-15 10:24:56 - [TEST_STEP][PASSED] - waitForElementVisible: Object 'Object Repository/ADMIN/Admin Login/Admin Login/txtbox_username' is visible

2019-05-15 10:24:56 - [MESSAGE][WARNING] - Timeout '0' is invalid. Using default page load timeout: '30'

2019-05-15 10:24:56 - [MESSAGE][PASSED] - Object 'Object Repository/ADMIN/Admin Login/Admin Login/txtbox_username' is visible

2019-05-15 10:24:56 - [TEST_STEP][PASSED] - setText: Text '0514SR' is set on object 'Object Repository/ADMIN/Admin Login/Admin Login/txtbox_username'

2019-05-15 10:24:57 - [MESSAGE][PASSED] - Text '0514SR' is set on object 'Object Repository/ADMIN/Admin Login/Admin Login/txtbox_username'

2019-05-15 10:24:57 - [TEST_STEP][PASSED] - setText: Text 'welcome8' is set on object 'Object Repository/ADMIN/Admin Login/Admin Login/txtbox_password'

2019-05-15 10:24:57 - [MESSAGE][PASSED] - Text 'welcome8' is set on object 'Object Repository/ADMIN/Admin Login/Admin Login/txtbox_password'

2019-05-15 10:24:57 - [TEST_STEP][PASSED] - click: Object: 'Object Repository/ADMIN/Admin Login/Admin Login/btn_signin' is clicked on

2019-05-15 10:25:05 - [MESSAGE][PASSED] - Object: 'Object Repository/ADMIN/Admin Login/Admin Login/btn_signin' is clicked on]]></system-out>
         <system-err><![CDATA[]]></system-err>
      </testcase>
      <testcase name="Test Cases/ADMIN/Features Control/Booking Unit/Combination/Overnight/01Add_perNight" classname="Test Cases/ADMIN/Features Control/Booking Unit/Combination/Overnight/01Add_perNight" status="PASSED">
         <system-out><![CDATA[2019-05-15 10:25:05 - [TEST_CASE][PASSED] - Test Cases/ADMIN/Features Control/Booking Unit/Combination/Overnight/01Add_perNight: Test Cases/ADMIN/Features Control/Booking Unit/Combination/Overnight/01Add_perNight

2019-05-15 10:25:05 - [TEST_STEP][PASSED] - waitForElementVisible: Object 'Object Repository/ADMIN/Features Control/Advance Search/a_Features Control' is visible

2019-05-15 10:25:05 - [MESSAGE][WARNING] - Timeout '0' is invalid. Using default page load timeout: '30'

2019-05-15 10:25:05 - [MESSAGE][PASSED] - Object 'Object Repository/ADMIN/Features Control/Advance Search/a_Features Control' is visible

2019-05-15 10:25:05 - [TEST_STEP][PASSED] - click: Object: 'Object Repository/ADMIN/Features Control/Advance Search/a_Features Control' is clicked on

2019-05-15 10:25:11 - [MESSAGE][PASSED] - Object: 'Object Repository/ADMIN/Features Control/Advance Search/a_Features Control' is clicked on

2019-05-15 10:25:11 - [TEST_STEP][PASSED] - waitForElementVisible: Object 'Object Repository/ADMIN/Features Control/Booking Unit/button_Edit' is visible

2019-05-15 10:25:11 - [MESSAGE][WARNING] - Timeout '0' is invalid. Using default page load timeout: '30'

2019-05-15 10:25:11 - [MESSAGE][PASSED] - Object 'Object Repository/ADMIN/Features Control/Booking Unit/button_Edit' is visible

2019-05-15 10:25:11 - [TEST_STEP][PASSED] - click: Object: 'Object Repository/ADMIN/Features Control/Booking Unit/button_Edit' is clicked on

2019-05-15 10:25:13 - [MESSAGE][PASSED] - Object: 'Object Repository/ADMIN/Features Control/Booking Unit/button_Edit' is clicked on

2019-05-15 10:25:13 - [TEST_STEP][PASSED] - waitForElementVisible: Object 'Object Repository/ADMIN/Features Control/Booking Unit/icon1st_NewBookingUnit' is visible

2019-05-15 10:25:13 - [MESSAGE][WARNING] - Timeout '0' is invalid. Using default page load timeout: '30'

2019-05-15 10:25:14 - [MESSAGE][PASSED] - Object 'Object Repository/ADMIN/Features Control/Booking Unit/icon1st_NewBookingUnit' is visible

2019-05-15 10:25:14 - [TEST_STEP][PASSED] - verifyElementVisible: Object 'Object Repository/ADMIN/Features Control/Booking Unit/textlabel_NewBookingUnit' is visible

2019-05-15 10:25:14 - [MESSAGE][PASSED] - Object 'Object Repository/ADMIN/Features Control/Booking Unit/textlabel_NewBookingUnit' is visible

2019-05-15 10:25:14 - [TEST_STEP][PASSED] - delay: Delayed 1 second(s)

2019-05-15 10:25:15 - [MESSAGE][PASSED] - Delayed 1 second(s)

2019-05-15 10:25:15 - [TEST_STEP][PASSED] - click: Object: 'Object Repository/ADMIN/Features Control/Booking Unit/button_AddBookingUnit' is clicked on

2019-05-15 10:25:15 - [MESSAGE][PASSED] - Object: 'Object Repository/ADMIN/Features Control/Booking Unit/button_AddBookingUnit' is clicked on

2019-05-15 10:25:15 - [TEST_STEP][PASSED] - waitForElementVisible: Object 'Object Repository/ADMIN/Features Control/Booking Unit/a_Add New Booking Unit/textlabel_AddNewBookingUnit' is visible

2019-05-15 10:25:15 - [MESSAGE][WARNING] - Timeout '0' is invalid. Using default page load timeout: '30'

2019-05-15 10:25:15 - [MESSAGE][PASSED] - Object 'Object Repository/ADMIN/Features Control/Booking Unit/a_Add New Booking Unit/textlabel_AddNewBookingUnit' is visible

2019-05-15 10:25:15 - [TEST_STEP][PASSED] - delay: Delayed 1 second(s)

2019-05-15 10:25:16 - [MESSAGE][PASSED] - Delayed 1 second(s)

2019-05-15 10:25:16 - [TEST_STEP][PASSED] - setText: Text 'Night 1' is set on object 'Object Repository/ADMIN/Features Control/Booking Unit/a_Add New Booking Unit/textfield_UnitName'

2019-05-15 10:25:16 - [MESSAGE][PASSED] - Text 'Night 1' is set on object 'Object Repository/ADMIN/Features Control/Booking Unit/a_Add New Booking Unit/textfield_UnitName'

2019-05-15 10:25:16 - [TEST_STEP][PASSED] - delay: Delayed 1 second(s)

2019-05-15 10:25:17 - [MESSAGE][PASSED] - Delayed 1 second(s)

2019-05-15 10:25:17 - [TEST_STEP][PASSED] - click: Object: 'Object Repository/ADMIN/Features Control/Booking Unit/a_Add New Booking Unit/button_toggle' is clicked on

2019-05-15 10:25:17 - [MESSAGE][PASSED] - Object: 'Object Repository/ADMIN/Features Control/Booking Unit/a_Add New Booking Unit/button_toggle' is clicked on

2019-05-15 10:25:17 - [TEST_STEP][PASSED] - waitForElementVisible: Object 'Object Repository/ADMIN/Features Control/Booking Unit/a_Add New Booking Unit/checkbox_Night' is visible

2019-05-15 10:25:17 - [MESSAGE][WARNING] - Timeout '0' is invalid. Using default page load timeout: '30'

2019-05-15 10:25:17 - [MESSAGE][PASSED] - Object 'Object Repository/ADMIN/Features Control/Booking Unit/a_Add New Booking Unit/checkbox_Night' is visible

2019-05-15 10:25:17 - [TEST_STEP][PASSED] - click: Object: 'Object Repository/ADMIN/Features Control/Booking Unit/a_Add New Booking Unit/checkbox_Night' is clicked on

2019-05-15 10:25:17 - [MESSAGE][PASSED] - Object: 'Object Repository/ADMIN/Features Control/Booking Unit/a_Add New Booking Unit/checkbox_Night' is clicked on

2019-05-15 10:25:17 - [TEST_STEP][PASSED] - delay: Delayed 1 second(s)

2019-05-15 10:25:18 - [MESSAGE][PASSED] - Delayed 1 second(s)

2019-05-15 10:25:18 - [TEST_STEP][PASSED] - click: Object: 'Object Repository/ADMIN/Features Control/Booking Unit/a_Add New Booking Unit/button_Save' is clicked on

2019-05-15 10:25:18 - [MESSAGE][PASSED] - Object: 'Object Repository/ADMIN/Features Control/Booking Unit/a_Add New Booking Unit/button_Save' is clicked on

2019-05-15 10:25:18 - [TEST_STEP][PASSED] - delay: Delayed 1 second(s)

2019-05-15 10:25:19 - [MESSAGE][PASSED] - Delayed 1 second(s)

2019-05-15 10:25:19 - [TEST_STEP][PASSED] - click: Object: 'Object Repository/ADMIN/Features Control/Booking Unit/topbutton_Save' is clicked on

2019-05-15 10:25:20 - [MESSAGE][PASSED] - Object: 'Object Repository/ADMIN/Features Control/Booking Unit/topbutton_Save' is clicked on

2019-05-15 10:25:20 - [TEST_STEP][PASSED] - waitForElementVisible: Object 'Object Repository/ADMIN/Features Control/Booking Unit/a_Save Popup/button_Save' is visible

2019-05-15 10:25:20 - [MESSAGE][WARNING] - Timeout '0' is invalid. Using default page load timeout: '30'

2019-05-15 10:25:20 - [MESSAGE][PASSED] - Object 'Object Repository/ADMIN/Features Control/Booking Unit/a_Save Popup/button_Save' is visible

2019-05-15 10:25:20 - [TEST_STEP][PASSED] - click: Object: 'Object Repository/ADMIN/Features Control/Booking Unit/a_Save Popup/button_Save' is clicked on

2019-05-15 10:25:20 - [MESSAGE][PASSED] - Object: 'Object Repository/ADMIN/Features Control/Booking Unit/a_Save Popup/button_Save' is clicked on

2019-05-15 10:25:20 - [TEST_STEP][PASSED] - waitForElementVisible: Object 'Object Repository/ADMIN/Features Control/Booking Unit/a_ToasterMessage/toaster_SaveSuccessfully' is visible

2019-05-15 10:25:20 - [MESSAGE][WARNING] - Timeout '0' is invalid. Using default page load timeout: '30'

2019-05-15 10:25:24 - [MESSAGE][PASSED] - Object 'Object Repository/ADMIN/Features Control/Booking Unit/a_ToasterMessage/toaster_SaveSuccessfully' is visible

2019-05-15 10:25:24 - [TEST_STEP][PASSED] - waitForElementNotPresent: Web element with id: 'Object Repository/ADMIN/Features Control/Booking Unit/a_ToasterMessage/toaster_SaveSuccessfully' located by 'By.xpath: //div[@class = 'toast toast-success' and (text() = 'Save successfully' or . = 'Save successfully')]' is not present after '30' second(s)

2019-05-15 10:25:25 - [MESSAGE][WARNING] - Timeout '0' is invalid. Using default page load timeout: '30'

2019-05-15 10:25:31 - [MESSAGE][PASSED] - Web element with id: 'Object Repository/ADMIN/Features Control/Booking Unit/a_ToasterMessage/toaster_SaveSuccessfully' located by 'By.xpath: //div[@class = 'toast toast-success' and (text() = 'Save successfully' or . = 'Save successfully')]' is not present after '30' second(s)]]></system-out>
         <system-err><![CDATA[]]></system-err>
      </testcase>
      <testcase name="Test Cases/ADMIN/Features Control/Booking Unit/Combination/Overnight/02Add_perNightWeek" classname="Test Cases/ADMIN/Features Control/Booking Unit/Combination/Overnight/02Add_perNightWeek" status="PASSED">
         <system-out><![CDATA[2019-05-15 10:25:31 - [TEST_CASE][PASSED] - Test Cases/ADMIN/Features Control/Booking Unit/Combination/Overnight/02Add_perNightWeek: Test Cases/ADMIN/Features Control/Booking Unit/Combination/Overnight/02Add_perNightWeek

2019-05-15 10:25:31 - [TEST_STEP][PASSED] - waitForElementVisible: Object 'Object Repository/ADMIN/Features Control/Advance Search/a_Features Control' is visible

2019-05-15 10:25:31 - [MESSAGE][WARNING] - Timeout '0' is invalid. Using default page load timeout: '30'

2019-05-15 10:25:31 - [MESSAGE][PASSED] - Object 'Object Repository/ADMIN/Features Control/Advance Search/a_Features Control' is visible

2019-05-15 10:25:31 - [TEST_STEP][PASSED] - click: Object: 'Object Repository/ADMIN/Features Control/Advance Search/a_Features Control' is clicked on

2019-05-15 10:25:40 - [MESSAGE][PASSED] - Object: 'Object Repository/ADMIN/Features Control/Advance Search/a_Features Control' is clicked on

2019-05-15 10:25:40 - [TEST_STEP][PASSED] - waitForElementVisible: Object 'Object Repository/ADMIN/Features Control/Booking Unit/button_Edit' is visible

2019-05-15 10:25:40 - [MESSAGE][WARNING] - Timeout '0' is invalid. Using default page load timeout: '30'

2019-05-15 10:25:40 - [MESSAGE][PASSED] - Object 'Object Repository/ADMIN/Features Control/Booking Unit/button_Edit' is visible

2019-05-15 10:25:40 - [TEST_STEP][PASSED] - click: Object: 'Object Repository/ADMIN/Features Control/Booking Unit/button_Edit' is clicked on

2019-05-15 10:25:41 - [MESSAGE][PASSED] - Object: 'Object Repository/ADMIN/Features Control/Booking Unit/button_Edit' is clicked on

2019-05-15 10:25:41 - [TEST_STEP][PASSED] - waitForElementVisible: Object 'Object Repository/ADMIN/Features Control/Booking Unit/icon1st_NewBookingUnit' is visible

2019-05-15 10:25:41 - [MESSAGE][WARNING] - Timeout '0' is invalid. Using default page load timeout: '30'

2019-05-15 10:25:41 - [MESSAGE][PASSED] - Object 'Object Repository/ADMIN/Features Control/Booking Unit/icon1st_NewBookingUnit' is visible

2019-05-15 10:25:41 - [TEST_STEP][PASSED] - verifyElementVisible: Object 'Object Repository/ADMIN/Features Control/Booking Unit/textlabel_NewBookingUnit' is visible

2019-05-15 10:25:41 - [MESSAGE][PASSED] - Object 'Object Repository/ADMIN/Features Control/Booking Unit/textlabel_NewBookingUnit' is visible

2019-05-15 10:25:41 - [TEST_STEP][PASSED] - delay: Delayed 1 second(s)

2019-05-15 10:25:42 - [MESSAGE][PASSED] - Delayed 1 second(s)

2019-05-15 10:25:42 - [TEST_STEP][PASSED] - click: Object: 'Object Repository/ADMIN/Features Control/Booking Unit/button_AddBookingUnit' is clicked on

2019-05-15 10:25:42 - [MESSAGE][PASSED] - Object: 'Object Repository/ADMIN/Features Control/Booking Unit/button_AddBookingUnit' is clicked on

2019-05-15 10:25:42 - [TEST_STEP][PASSED] - waitForElementVisible: Object 'Object Repository/ADMIN/Features Control/Booking Unit/a_Add New Booking Unit/textlabel_AddNewBookingUnit' is visible

2019-05-15 10:25:42 - [MESSAGE][WARNING] - Timeout '0' is invalid. Using default page load timeout: '30'

2019-05-15 10:25:42 - [MESSAGE][PASSED] - Object 'Object Repository/ADMIN/Features Control/Booking Unit/a_Add New Booking Unit/textlabel_AddNewBookingUnit' is visible

2019-05-15 10:25:42 - [TEST_STEP][PASSED] - delay: Delayed 1 second(s)

2019-05-15 10:25:43 - [MESSAGE][PASSED] - Delayed 1 second(s)

2019-05-15 10:25:43 - [TEST_STEP][PASSED] - setText: Text 'Night 2' is set on object 'Object Repository/ADMIN/Features Control/Booking Unit/a_Add New Booking Unit/textfield_UnitName'

2019-05-15 10:25:44 - [MESSAGE][PASSED] - Text 'Night 2' is set on object 'Object Repository/ADMIN/Features Control/Booking Unit/a_Add New Booking Unit/textfield_UnitName'

2019-05-15 10:25:44 - [TEST_STEP][PASSED] - delay: Delayed 1 second(s)

2019-05-15 10:25:45 - [MESSAGE][PASSED] - Delayed 1 second(s)

2019-05-15 10:25:45 - [TEST_STEP][PASSED] - click: Object: 'Object Repository/ADMIN/Features Control/Booking Unit/a_Add New Booking Unit/button_toggle' is clicked on

2019-05-15 10:25:45 - [MESSAGE][PASSED] - Object: 'Object Repository/ADMIN/Features Control/Booking Unit/a_Add New Booking Unit/button_toggle' is clicked on

2019-05-15 10:25:45 - [TEST_STEP][PASSED] - waitForElementVisible: Object 'Object Repository/ADMIN/Features Control/Booking Unit/a_Add New Booking Unit/checkbox_Night' is visible

2019-05-15 10:25:45 - [MESSAGE][WARNING] - Timeout '0' is invalid. Using default page load timeout: '30'

2019-05-15 10:25:45 - [MESSAGE][PASSED] - Object 'Object Repository/ADMIN/Features Control/Booking Unit/a_Add New Booking Unit/checkbox_Night' is visible

2019-05-15 10:25:45 - [TEST_STEP][PASSED] - click: Object: 'Object Repository/ADMIN/Features Control/Booking Unit/a_Add New Booking Unit/checkbox_NightWeek' is clicked on

2019-05-15 10:25:45 - [MESSAGE][PASSED] - Object: 'Object Repository/ADMIN/Features Control/Booking Unit/a_Add New Booking Unit/checkbox_NightWeek' is clicked on

2019-05-15 10:25:45 - [TEST_STEP][PASSED] - delay: Delayed 1 second(s)

2019-05-15 10:25:46 - [MESSAGE][PASSED] - Delayed 1 second(s)

2019-05-15 10:25:46 - [TEST_STEP][PASSED] - click: Object: 'Object Repository/ADMIN/Features Control/Booking Unit/a_Add New Booking Unit/button_Save' is clicked on

2019-05-15 10:25:46 - [MESSAGE][PASSED] - Object: 'Object Repository/ADMIN/Features Control/Booking Unit/a_Add New Booking Unit/button_Save' is clicked on

2019-05-15 10:25:46 - [TEST_STEP][PASSED] - delay: Delayed 1 second(s)

2019-05-15 10:25:47 - [MESSAGE][PASSED] - Delayed 1 second(s)

2019-05-15 10:25:47 - [TEST_STEP][PASSED] - click: Object: 'Object Repository/ADMIN/Features Control/Booking Unit/topbutton_Save' is clicked on

2019-05-15 10:25:47 - [MESSAGE][PASSED] - Object: 'Object Repository/ADMIN/Features Control/Booking Unit/topbutton_Save' is clicked on

2019-05-15 10:25:47 - [TEST_STEP][PASSED] - waitForElementVisible: Object 'Object Repository/ADMIN/Features Control/Booking Unit/a_Save Popup/button_Save' is visible

2019-05-15 10:25:47 - [MESSAGE][WARNING] - Timeout '0' is invalid. Using default page load timeout: '30'

2019-05-15 10:25:47 - [MESSAGE][PASSED] - Object 'Object Repository/ADMIN/Features Control/Booking Unit/a_Save Popup/button_Save' is visible

2019-05-15 10:25:47 - [TEST_STEP][PASSED] - click: Object: 'Object Repository/ADMIN/Features Control/Booking Unit/a_Save Popup/button_Save' is clicked on

2019-05-15 10:25:47 - [MESSAGE][PASSED] - Object: 'Object Repository/ADMIN/Features Control/Booking Unit/a_Save Popup/button_Save' is clicked on

2019-05-15 10:25:47 - [TEST_STEP][PASSED] - waitForElementVisible: Object 'Object Repository/ADMIN/Features Control/Booking Unit/a_ToasterMessage/toaster_SaveSuccessfully' is visible

2019-05-15 10:25:47 - [MESSAGE][WARNING] - Timeout '0' is invalid. Using default page load timeout: '30'

2019-05-15 10:25:51 - [MESSAGE][PASSED] - Object 'Object Repository/ADMIN/Features Control/Booking Unit/a_ToasterMessage/toaster_SaveSuccessfully' is visible

2019-05-15 10:25:51 - [TEST_STEP][PASSED] - waitForElementNotPresent: Web element with id: 'Object Repository/ADMIN/Features Control/Booking Unit/a_ToasterMessage/toaster_SaveSuccessfully' located by 'By.xpath: //div[@class = 'toast toast-success' and (text() = 'Save successfully' or . = 'Save successfully')]' is not present after '30' second(s)

2019-05-15 10:25:51 - [MESSAGE][WARNING] - Timeout '0' is invalid. Using default page load timeout: '30'

2019-05-15 10:25:57 - [MESSAGE][PASSED] - Web element with id: 'Object Repository/ADMIN/Features Control/Booking Unit/a_ToasterMessage/toaster_SaveSuccessfully' located by 'By.xpath: //div[@class = 'toast toast-success' and (text() = 'Save successfully' or . = 'Save successfully')]' is not present after '30' second(s)]]></system-out>
         <system-err><![CDATA[]]></system-err>
      </testcase>
      <testcase name="Test Cases/ADMIN/Features Control/Booking Unit/Combination/Overnight/03Add_perNightMonth" classname="Test Cases/ADMIN/Features Control/Booking Unit/Combination/Overnight/03Add_perNightMonth" status="PASSED">
         <system-out><![CDATA[2019-05-15 10:25:57 - [TEST_CASE][PASSED] - Test Cases/ADMIN/Features Control/Booking Unit/Combination/Overnight/03Add_perNightMonth: Test Cases/ADMIN/Features Control/Booking Unit/Combination/Overnight/03Add_perNightMonth

2019-05-15 10:25:57 - [TEST_STEP][PASSED] - waitForElementVisible: Object 'Object Repository/ADMIN/Features Control/Advance Search/a_Features Control' is visible

2019-05-15 10:25:57 - [MESSAGE][WARNING] - Timeout '0' is invalid. Using default page load timeout: '30'

2019-05-15 10:25:57 - [MESSAGE][PASSED] - Object 'Object Repository/ADMIN/Features Control/Advance Search/a_Features Control' is visible

2019-05-15 10:25:57 - [TEST_STEP][PASSED] - click: Object: 'Object Repository/ADMIN/Features Control/Advance Search/a_Features Control' is clicked on

2019-05-15 10:26:07 - [MESSAGE][PASSED] - Object: 'Object Repository/ADMIN/Features Control/Advance Search/a_Features Control' is clicked on

2019-05-15 10:26:07 - [TEST_STEP][PASSED] - waitForElementVisible: Object 'Object Repository/ADMIN/Features Control/Booking Unit/button_Edit' is visible

2019-05-15 10:26:07 - [MESSAGE][WARNING] - Timeout '0' is invalid. Using default page load timeout: '30'

2019-05-15 10:26:07 - [MESSAGE][PASSED] - Object 'Object Repository/ADMIN/Features Control/Booking Unit/button_Edit' is visible

2019-05-15 10:26:07 - [TEST_STEP][PASSED] - click: Object: 'Object Repository/ADMIN/Features Control/Booking Unit/button_Edit' is clicked on

2019-05-15 10:26:19 - [MESSAGE][PASSED] - Object: 'Object Repository/ADMIN/Features Control/Booking Unit/button_Edit' is clicked on

2019-05-15 10:26:19 - [TEST_STEP][PASSED] - waitForElementVisible: Object 'Object Repository/ADMIN/Features Control/Booking Unit/icon1st_NewBookingUnit' is visible

2019-05-15 10:26:19 - [MESSAGE][WARNING] - Timeout '0' is invalid. Using default page load timeout: '30'

2019-05-15 10:26:19 - [MESSAGE][PASSED] - Object 'Object Repository/ADMIN/Features Control/Booking Unit/icon1st_NewBookingUnit' is visible

2019-05-15 10:26:19 - [TEST_STEP][PASSED] - verifyElementVisible: Object 'Object Repository/ADMIN/Features Control/Booking Unit/textlabel_NewBookingUnit' is visible

2019-05-15 10:26:19 - [MESSAGE][PASSED] - Object 'Object Repository/ADMIN/Features Control/Booking Unit/textlabel_NewBookingUnit' is visible

2019-05-15 10:26:19 - [TEST_STEP][PASSED] - delay: Delayed 1 second(s)

2019-05-15 10:26:20 - [MESSAGE][PASSED] - Delayed 1 second(s)

2019-05-15 10:26:20 - [TEST_STEP][PASSED] - click: Object: 'Object Repository/ADMIN/Features Control/Booking Unit/button_AddBookingUnit' is clicked on

2019-05-15 10:26:20 - [MESSAGE][PASSED] - Object: 'Object Repository/ADMIN/Features Control/Booking Unit/button_AddBookingUnit' is clicked on

2019-05-15 10:26:21 - [TEST_STEP][PASSED] - waitForElementVisible: Object 'Object Repository/ADMIN/Features Control/Booking Unit/a_Add New Booking Unit/textlabel_AddNewBookingUnit' is visible

2019-05-15 10:26:21 - [MESSAGE][WARNING] - Timeout '0' is invalid. Using default page load timeout: '30'

2019-05-15 10:26:21 - [MESSAGE][PASSED] - Object 'Object Repository/ADMIN/Features Control/Booking Unit/a_Add New Booking Unit/textlabel_AddNewBookingUnit' is visible

2019-05-15 10:26:21 - [TEST_STEP][PASSED] - delay: Delayed 1 second(s)

2019-05-15 10:26:22 - [MESSAGE][PASSED] - Delayed 1 second(s)

2019-05-15 10:26:22 - [TEST_STEP][PASSED] - setText: Text 'Night 3' is set on object 'Object Repository/ADMIN/Features Control/Booking Unit/a_Add New Booking Unit/textfield_UnitName'

2019-05-15 10:26:22 - [MESSAGE][PASSED] - Text 'Night 3' is set on object 'Object Repository/ADMIN/Features Control/Booking Unit/a_Add New Booking Unit/textfield_UnitName'

2019-05-15 10:26:22 - [TEST_STEP][PASSED] - delay: Delayed 1 second(s)

2019-05-15 10:26:23 - [MESSAGE][PASSED] - Delayed 1 second(s)

2019-05-15 10:26:23 - [TEST_STEP][PASSED] - click: Object: 'Object Repository/ADMIN/Features Control/Booking Unit/a_Add New Booking Unit/button_toggle' is clicked on

2019-05-15 10:26:23 - [MESSAGE][PASSED] - Object: 'Object Repository/ADMIN/Features Control/Booking Unit/a_Add New Booking Unit/button_toggle' is clicked on

2019-05-15 10:26:23 - [TEST_STEP][PASSED] - waitForElementVisible: Object 'Object Repository/ADMIN/Features Control/Booking Unit/a_Add New Booking Unit/checkbox_Night' is visible

2019-05-15 10:26:23 - [MESSAGE][WARNING] - Timeout '0' is invalid. Using default page load timeout: '30'

2019-05-15 10:26:23 - [MESSAGE][PASSED] - Object 'Object Repository/ADMIN/Features Control/Booking Unit/a_Add New Booking Unit/checkbox_Night' is visible

2019-05-15 10:26:23 - [TEST_STEP][PASSED] - click: Object: 'Object Repository/ADMIN/Features Control/Booking Unit/a_Add New Booking Unit/checkbox_NightMonth' is clicked on

2019-05-15 10:26:23 - [MESSAGE][PASSED] - Object: 'Object Repository/ADMIN/Features Control/Booking Unit/a_Add New Booking Unit/checkbox_NightMonth' is clicked on

2019-05-15 10:26:23 - [TEST_STEP][PASSED] - delay: Delayed 1 second(s)

2019-05-15 10:26:24 - [MESSAGE][PASSED] - Delayed 1 second(s)

2019-05-15 10:26:24 - [TEST_STEP][PASSED] - click: Object: 'Object Repository/ADMIN/Features Control/Booking Unit/a_Add New Booking Unit/button_Save' is clicked on

2019-05-15 10:26:24 - [MESSAGE][PASSED] - Object: 'Object Repository/ADMIN/Features Control/Booking Unit/a_Add New Booking Unit/button_Save' is clicked on

2019-05-15 10:26:24 - [TEST_STEP][PASSED] - delay: Delayed 1 second(s)

2019-05-15 10:26:25 - [MESSAGE][PASSED] - Delayed 1 second(s)

2019-05-15 10:26:25 - [TEST_STEP][PASSED] - click: Object: 'Object Repository/ADMIN/Features Control/Booking Unit/topbutton_Save' is clicked on

2019-05-15 10:26:25 - [MESSAGE][PASSED] - Object: 'Object Repository/ADMIN/Features Control/Booking Unit/topbutton_Save' is clicked on

2019-05-15 10:26:25 - [TEST_STEP][PASSED] - waitForElementVisible: Object 'Object Repository/ADMIN/Features Control/Booking Unit/a_Save Popup/button_Save' is visible

2019-05-15 10:26:25 - [MESSAGE][WARNING] - Timeout '0' is invalid. Using default page load timeout: '30'

2019-05-15 10:26:25 - [MESSAGE][PASSED] - Object 'Object Repository/ADMIN/Features Control/Booking Unit/a_Save Popup/button_Save' is visible

2019-05-15 10:26:25 - [TEST_STEP][PASSED] - click: Object: 'Object Repository/ADMIN/Features Control/Booking Unit/a_Save Popup/button_Save' is clicked on

2019-05-15 10:26:25 - [MESSAGE][PASSED] - Object: 'Object Repository/ADMIN/Features Control/Booking Unit/a_Save Popup/button_Save' is clicked on

2019-05-15 10:26:25 - [TEST_STEP][PASSED] - waitForElementVisible: Object 'Object Repository/ADMIN/Features Control/Booking Unit/a_ToasterMessage/toaster_SaveSuccessfully' is visible

2019-05-15 10:26:25 - [MESSAGE][WARNING] - Timeout '0' is invalid. Using default page load timeout: '30'

2019-05-15 10:26:28 - [MESSAGE][PASSED] - Object 'Object Repository/ADMIN/Features Control/Booking Unit/a_ToasterMessage/toaster_SaveSuccessfully' is visible

2019-05-15 10:26:28 - [TEST_STEP][PASSED] - waitForElementNotPresent: Web element with id: 'Object Repository/ADMIN/Features Control/Booking Unit/a_ToasterMessage/toaster_SaveSuccessfully' located by 'By.xpath: //div[@class = 'toast toast-success' and (text() = 'Save successfully' or . = 'Save successfully')]' is not present after '30' second(s)

2019-05-15 10:26:28 - [MESSAGE][WARNING] - Timeout '0' is invalid. Using default page load timeout: '30'

2019-05-15 10:26:34 - [MESSAGE][PASSED] - Web element with id: 'Object Repository/ADMIN/Features Control/Booking Unit/a_ToasterMessage/toaster_SaveSuccessfully' located by 'By.xpath: //div[@class = 'toast toast-success' and (text() = 'Save successfully' or . = 'Save successfully')]' is not present after '30' second(s)]]></system-out>
         <system-err><![CDATA[]]></system-err>
      </testcase>
      <testcase name="Test Cases/ADMIN/Features Control/Booking Unit/Combination/Overnight/04Add_perNightCustom" classname="Test Cases/ADMIN/Features Control/Booking Unit/Combination/Overnight/04Add_perNightCustom" status="PASSED">
         <system-out><![CDATA[2019-05-15 10:26:34 - [TEST_CASE][PASSED] - Test Cases/ADMIN/Features Control/Booking Unit/Combination/Overnight/04Add_perNightCustom: Test Cases/ADMIN/Features Control/Booking Unit/Combination/Overnight/04Add_perNightCustom

2019-05-15 10:26:34 - [TEST_STEP][PASSED] - waitForElementVisible: Object 'Object Repository/ADMIN/Features Control/Advance Search/a_Features Control' is visible

2019-05-15 10:26:34 - [MESSAGE][WARNING] - Timeout '0' is invalid. Using default page load timeout: '30'

2019-05-15 10:26:34 - [MESSAGE][PASSED] - Object 'Object Repository/ADMIN/Features Control/Advance Search/a_Features Control' is visible

2019-05-15 10:26:34 - [TEST_STEP][PASSED] - click: Object: 'Object Repository/ADMIN/Features Control/Advance Search/a_Features Control' is clicked on

2019-05-15 10:26:41 - [MESSAGE][PASSED] - Object: 'Object Repository/ADMIN/Features Control/Advance Search/a_Features Control' is clicked on

2019-05-15 10:26:41 - [TEST_STEP][PASSED] - waitForElementVisible: Object 'Object Repository/ADMIN/Features Control/Booking Unit/button_Edit' is visible

2019-05-15 10:26:41 - [MESSAGE][WARNING] - Timeout '0' is invalid. Using default page load timeout: '30'

2019-05-15 10:26:42 - [MESSAGE][PASSED] - Object 'Object Repository/ADMIN/Features Control/Booking Unit/button_Edit' is visible

2019-05-15 10:26:42 - [TEST_STEP][PASSED] - click: Object: 'Object Repository/ADMIN/Features Control/Booking Unit/button_Edit' is clicked on

2019-05-15 10:26:48 - [MESSAGE][PASSED] - Object: 'Object Repository/ADMIN/Features Control/Booking Unit/button_Edit' is clicked on

2019-05-15 10:26:48 - [TEST_STEP][PASSED] - waitForElementVisible: Object 'Object Repository/ADMIN/Features Control/Booking Unit/icon1st_NewBookingUnit' is visible

2019-05-15 10:26:48 - [MESSAGE][WARNING] - Timeout '0' is invalid. Using default page load timeout: '30'

2019-05-15 10:26:49 - [MESSAGE][PASSED] - Object 'Object Repository/ADMIN/Features Control/Booking Unit/icon1st_NewBookingUnit' is visible

2019-05-15 10:26:49 - [TEST_STEP][PASSED] - verifyElementVisible: Object 'Object Repository/ADMIN/Features Control/Booking Unit/textlabel_NewBookingUnit' is visible

2019-05-15 10:26:49 - [MESSAGE][PASSED] - Object 'Object Repository/ADMIN/Features Control/Booking Unit/textlabel_NewBookingUnit' is visible

2019-05-15 10:26:49 - [TEST_STEP][PASSED] - delay: Delayed 1 second(s)

2019-05-15 10:26:50 - [MESSAGE][PASSED] - Delayed 1 second(s)

2019-05-15 10:26:50 - [TEST_STEP][PASSED] - click: Object: 'Object Repository/ADMIN/Features Control/Booking Unit/button_AddBookingUnit' is clicked on

2019-05-15 10:26:50 - [MESSAGE][PASSED] - Object: 'Object Repository/ADMIN/Features Control/Booking Unit/button_AddBookingUnit' is clicked on

2019-05-15 10:26:50 - [TEST_STEP][PASSED] - waitForElementVisible: Object 'Object Repository/ADMIN/Features Control/Booking Unit/a_Add New Booking Unit/textlabel_AddNewBookingUnit' is visible

2019-05-15 10:26:50 - [MESSAGE][WARNING] - Timeout '0' is invalid. Using default page load timeout: '30'

2019-05-15 10:26:50 - [MESSAGE][PASSED] - Object 'Object Repository/ADMIN/Features Control/Booking Unit/a_Add New Booking Unit/textlabel_AddNewBookingUnit' is visible

2019-05-15 10:26:50 - [TEST_STEP][PASSED] - delay: Delayed 1 second(s)

2019-05-15 10:26:51 - [MESSAGE][PASSED] - Delayed 1 second(s)

2019-05-15 10:26:51 - [TEST_STEP][PASSED] - setText: Text 'Night 4' is set on object 'Object Repository/ADMIN/Features Control/Booking Unit/a_Add New Booking Unit/textfield_UnitName'

2019-05-15 10:26:51 - [MESSAGE][PASSED] - Text 'Night 4' is set on object 'Object Repository/ADMIN/Features Control/Booking Unit/a_Add New Booking Unit/textfield_UnitName'

2019-05-15 10:26:51 - [TEST_STEP][PASSED] - delay: Delayed 1 second(s)

2019-05-15 10:26:52 - [MESSAGE][PASSED] - Delayed 1 second(s)

2019-05-15 10:26:52 - [TEST_STEP][PASSED] - click: Object: 'Object Repository/ADMIN/Features Control/Booking Unit/a_Add New Booking Unit/button_toggle' is clicked on

2019-05-15 10:26:52 - [MESSAGE][PASSED] - Object: 'Object Repository/ADMIN/Features Control/Booking Unit/a_Add New Booking Unit/button_toggle' is clicked on

2019-05-15 10:26:52 - [TEST_STEP][PASSED] - waitForElementVisible: Object 'Object Repository/ADMIN/Features Control/Booking Unit/a_Add New Booking Unit/checkbox_Night' is visible

2019-05-15 10:26:52 - [MESSAGE][WARNING] - Timeout '0' is invalid. Using default page load timeout: '30'

2019-05-15 10:26:52 - [MESSAGE][PASSED] - Object 'Object Repository/ADMIN/Features Control/Booking Unit/a_Add New Booking Unit/checkbox_Night' is visible

2019-05-15 10:26:52 - [TEST_STEP][PASSED] - click: Object: 'Object Repository/ADMIN/Features Control/Booking Unit/a_Add New Booking Unit/checkbox_NightCustom' is clicked on

2019-05-15 10:26:52 - [MESSAGE][PASSED] - Object: 'Object Repository/ADMIN/Features Control/Booking Unit/a_Add New Booking Unit/checkbox_NightCustom' is clicked on

2019-05-15 10:26:52 - [TEST_STEP][PASSED] - delay: Delayed 1 second(s)

2019-05-15 10:26:53 - [MESSAGE][PASSED] - Delayed 1 second(s)

2019-05-15 10:26:53 - [TEST_STEP][PASSED] - click: Object: 'Object Repository/ADMIN/Features Control/Booking Unit/a_Add New Booking Unit/button_Save' is clicked on

2019-05-15 10:26:53 - [MESSAGE][PASSED] - Object: 'Object Repository/ADMIN/Features Control/Booking Unit/a_Add New Booking Unit/button_Save' is clicked on

2019-05-15 10:26:53 - [TEST_STEP][PASSED] - delay: Delayed 1 second(s)

2019-05-15 10:26:54 - [MESSAGE][PASSED] - Delayed 1 second(s)

2019-05-15 10:26:54 - [TEST_STEP][PASSED] - click: Object: 'Object Repository/ADMIN/Features Control/Booking Unit/topbutton_Save' is clicked on

2019-05-15 10:26:54 - [MESSAGE][PASSED] - Object: 'Object Repository/ADMIN/Features Control/Booking Unit/topbutton_Save' is clicked on

2019-05-15 10:26:54 - [TEST_STEP][PASSED] - waitForElementVisible: Object 'Object Repository/ADMIN/Features Control/Booking Unit/a_Save Popup/button_Save' is visible

2019-05-15 10:26:54 - [MESSAGE][WARNING] - Timeout '0' is invalid. Using default page load timeout: '30'

2019-05-15 10:26:55 - [MESSAGE][PASSED] - Object 'Object Repository/ADMIN/Features Control/Booking Unit/a_Save Popup/button_Save' is visible

2019-05-15 10:26:55 - [TEST_STEP][PASSED] - click: Object: 'Object Repository/ADMIN/Features Control/Booking Unit/a_Save Popup/button_Save' is clicked on

2019-05-15 10:26:55 - [MESSAGE][PASSED] - Object: 'Object Repository/ADMIN/Features Control/Booking Unit/a_Save Popup/button_Save' is clicked on

2019-05-15 10:26:55 - [TEST_STEP][PASSED] - waitForElementVisible: Object 'Object Repository/ADMIN/Features Control/Booking Unit/a_ToasterMessage/toaster_SaveSuccessfully' is visible

2019-05-15 10:26:55 - [MESSAGE][WARNING] - Timeout '0' is invalid. Using default page load timeout: '30'

2019-05-15 10:26:59 - [MESSAGE][PASSED] - Object 'Object Repository/ADMIN/Features Control/Booking Unit/a_ToasterMessage/toaster_SaveSuccessfully' is visible

2019-05-15 10:26:59 - [TEST_STEP][PASSED] - waitForElementNotPresent: Web element with id: 'Object Repository/ADMIN/Features Control/Booking Unit/a_ToasterMessage/toaster_SaveSuccessfully' located by 'By.xpath: //div[@class = 'toast toast-success' and (text() = 'Save successfully' or . = 'Save successfully')]' is not present after '30' second(s)

2019-05-15 10:26:59 - [MESSAGE][WARNING] - Timeout '0' is invalid. Using default page load timeout: '30'

2019-05-15 10:27:05 - [MESSAGE][PASSED] - Web element with id: 'Object Repository/ADMIN/Features Control/Booking Unit/a_ToasterMessage/toaster_SaveSuccessfully' located by 'By.xpath: //div[@class = 'toast toast-success' and (text() = 'Save successfully' or . = 'Save successfully')]' is not present after '30' second(s)]]></system-out>
         <system-err><![CDATA[]]></system-err>
      </testcase>
      <testcase name="Test Cases/ADMIN/Features Control/Booking Unit/Combination/Overnight/05Add_NightWeek" classname="Test Cases/ADMIN/Features Control/Booking Unit/Combination/Overnight/05Add_NightWeek" status="PASSED">
         <system-out><![CDATA[2019-05-15 10:27:05 - [TEST_CASE][PASSED] - Test Cases/ADMIN/Features Control/Booking Unit/Combination/Overnight/05Add_NightWeek: Test Cases/ADMIN/Features Control/Booking Unit/Combination/Overnight/05Add_NightWeek

2019-05-15 10:27:05 - [TEST_STEP][PASSED] - waitForElementVisible: Object 'Object Repository/ADMIN/Features Control/Advance Search/a_Features Control' is visible

2019-05-15 10:27:05 - [MESSAGE][WARNING] - Timeout '0' is invalid. Using default page load timeout: '30'

2019-05-15 10:27:05 - [MESSAGE][PASSED] - Object 'Object Repository/ADMIN/Features Control/Advance Search/a_Features Control' is visible

2019-05-15 10:27:05 - [TEST_STEP][PASSED] - click: Object: 'Object Repository/ADMIN/Features Control/Advance Search/a_Features Control' is clicked on

2019-05-15 10:27:16 - [MESSAGE][PASSED] - Object: 'Object Repository/ADMIN/Features Control/Advance Search/a_Features Control' is clicked on

2019-05-15 10:27:16 - [TEST_STEP][PASSED] - waitForElementVisible: Object 'Object Repository/ADMIN/Features Control/Booking Unit/button_Edit' is visible

2019-05-15 10:27:16 - [MESSAGE][WARNING] - Timeout '0' is invalid. Using default page load timeout: '30'

2019-05-15 10:27:16 - [MESSAGE][PASSED] - Object 'Object Repository/ADMIN/Features Control/Booking Unit/button_Edit' is visible

2019-05-15 10:27:16 - [TEST_STEP][PASSED] - click: Object: 'Object Repository/ADMIN/Features Control/Booking Unit/button_Edit' is clicked on

2019-05-15 10:27:20 - [MESSAGE][PASSED] - Object: 'Object Repository/ADMIN/Features Control/Booking Unit/button_Edit' is clicked on

2019-05-15 10:27:20 - [TEST_STEP][PASSED] - waitForElementVisible: Object 'Object Repository/ADMIN/Features Control/Booking Unit/icon1st_NewBookingUnit' is visible

2019-05-15 10:27:20 - [MESSAGE][WARNING] - Timeout '0' is invalid. Using default page load timeout: '30'

2019-05-15 10:27:20 - [MESSAGE][PASSED] - Object 'Object Repository/ADMIN/Features Control/Booking Unit/icon1st_NewBookingUnit' is visible

2019-05-15 10:27:20 - [TEST_STEP][PASSED] - verifyElementVisible: Object 'Object Repository/ADMIN/Features Control/Booking Unit/textlabel_NewBookingUnit' is visible

2019-05-15 10:27:20 - [MESSAGE][PASSED] - Object 'Object Repository/ADMIN/Features Control/Booking Unit/textlabel_NewBookingUnit' is visible

2019-05-15 10:27:20 - [TEST_STEP][PASSED] - delay: Delayed 1 second(s)

2019-05-15 10:27:21 - [MESSAGE][PASSED] - Delayed 1 second(s)

2019-05-15 10:27:21 - [TEST_STEP][PASSED] - click: Object: 'Object Repository/ADMIN/Features Control/Booking Unit/button_AddBookingUnit' is clicked on

2019-05-15 10:27:21 - [MESSAGE][PASSED] - Object: 'Object Repository/ADMIN/Features Control/Booking Unit/button_AddBookingUnit' is clicked on

2019-05-15 10:27:21 - [TEST_STEP][PASSED] - waitForElementVisible: Object 'Object Repository/ADMIN/Features Control/Booking Unit/a_Add New Booking Unit/textlabel_AddNewBookingUnit' is visible

2019-05-15 10:27:21 - [MESSAGE][WARNING] - Timeout '0' is invalid. Using default page load timeout: '30'

2019-05-15 10:27:22 - [MESSAGE][PASSED] - Object 'Object Repository/ADMIN/Features Control/Booking Unit/a_Add New Booking Unit/textlabel_AddNewBookingUnit' is visible

2019-05-15 10:27:22 - [TEST_STEP][PASSED] - delay: Delayed 1 second(s)

2019-05-15 10:27:23 - [MESSAGE][PASSED] - Delayed 1 second(s)

2019-05-15 10:27:23 - [TEST_STEP][PASSED] - setText: Text 'Night 6' is set on object 'Object Repository/ADMIN/Features Control/Booking Unit/a_Add New Booking Unit/textfield_UnitName'

2019-05-15 10:27:23 - [MESSAGE][PASSED] - Text 'Night 6' is set on object 'Object Repository/ADMIN/Features Control/Booking Unit/a_Add New Booking Unit/textfield_UnitName'

2019-05-15 10:27:23 - [TEST_STEP][PASSED] - delay: Delayed 1 second(s)

2019-05-15 10:27:24 - [MESSAGE][PASSED] - Delayed 1 second(s)

2019-05-15 10:27:24 - [TEST_STEP][PASSED] - click: Object: 'Object Repository/ADMIN/Features Control/Booking Unit/a_Add New Booking Unit/button_toggle' is clicked on

2019-05-15 10:27:24 - [MESSAGE][PASSED] - Object: 'Object Repository/ADMIN/Features Control/Booking Unit/a_Add New Booking Unit/button_toggle' is clicked on

2019-05-15 10:27:24 - [TEST_STEP][PASSED] - waitForElementVisible: Object 'Object Repository/ADMIN/Features Control/Booking Unit/a_Add New Booking Unit/checkbox_Night' is visible

2019-05-15 10:27:24 - [MESSAGE][WARNING] - Timeout '0' is invalid. Using default page load timeout: '30'

2019-05-15 10:27:24 - [MESSAGE][PASSED] - Object 'Object Repository/ADMIN/Features Control/Booking Unit/a_Add New Booking Unit/checkbox_Night' is visible

2019-05-15 10:27:24 - [TEST_STEP][PASSED] - click: Object: 'Object Repository/ADMIN/Features Control/Booking Unit/a_Add New Booking Unit/checkbox_Night' is clicked on

2019-05-15 10:27:24 - [MESSAGE][PASSED] - Object: 'Object Repository/ADMIN/Features Control/Booking Unit/a_Add New Booking Unit/checkbox_Night' is clicked on

2019-05-15 10:27:24 - [TEST_STEP][PASSED] - click: Object: 'Object Repository/ADMIN/Features Control/Booking Unit/a_Add New Booking Unit/checkbox_NightWeek' is clicked on

2019-05-15 10:27:24 - [MESSAGE][PASSED] - Object: 'Object Repository/ADMIN/Features Control/Booking Unit/a_Add New Booking Unit/checkbox_NightWeek' is clicked on

2019-05-15 10:27:24 - [TEST_STEP][PASSED] - delay: Delayed 1 second(s)

2019-05-15 10:27:25 - [MESSAGE][PASSED] - Delayed 1 second(s)

2019-05-15 10:27:25 - [TEST_STEP][PASSED] - click: Object: 'Object Repository/ADMIN/Features Control/Booking Unit/a_Add New Booking Unit/button_Save' is clicked on

2019-05-15 10:27:25 - [MESSAGE][PASSED] - Object: 'Object Repository/ADMIN/Features Control/Booking Unit/a_Add New Booking Unit/button_Save' is clicked on

2019-05-15 10:27:25 - [TEST_STEP][PASSED] - delay: Delayed 1 second(s)

2019-05-15 10:27:26 - [MESSAGE][PASSED] - Delayed 1 second(s)

2019-05-15 10:27:26 - [TEST_STEP][PASSED] - click: Object: 'Object Repository/ADMIN/Features Control/Booking Unit/topbutton_Save' is clicked on

2019-05-15 10:27:26 - [MESSAGE][PASSED] - Object: 'Object Repository/ADMIN/Features Control/Booking Unit/topbutton_Save' is clicked on

2019-05-15 10:27:26 - [TEST_STEP][PASSED] - waitForElementVisible: Object 'Object Repository/ADMIN/Features Control/Booking Unit/a_Save Popup/button_Save' is visible

2019-05-15 10:27:26 - [MESSAGE][WARNING] - Timeout '0' is invalid. Using default page load timeout: '30'

2019-05-15 10:27:26 - [MESSAGE][PASSED] - Object 'Object Repository/ADMIN/Features Control/Booking Unit/a_Save Popup/button_Save' is visible

2019-05-15 10:27:26 - [TEST_STEP][PASSED] - click: Object: 'Object Repository/ADMIN/Features Control/Booking Unit/a_Save Popup/button_Save' is clicked on

2019-05-15 10:27:26 - [MESSAGE][PASSED] - Object: 'Object Repository/ADMIN/Features Control/Booking Unit/a_Save Popup/button_Save' is clicked on

2019-05-15 10:27:26 - [TEST_STEP][PASSED] - waitForElementVisible: Object 'Object Repository/ADMIN/Features Control/Booking Unit/a_ToasterMessage/toaster_SaveSuccessfully' is visible

2019-05-15 10:27:26 - [MESSAGE][WARNING] - Timeout '0' is invalid. Using default page load timeout: '30'

2019-05-15 10:27:49 - [MESSAGE][PASSED] - Object 'Object Repository/ADMIN/Features Control/Booking Unit/a_ToasterMessage/toaster_SaveSuccessfully' is visible

2019-05-15 10:27:49 - [TEST_STEP][PASSED] - waitForElementNotPresent: Web element with id: 'Object Repository/ADMIN/Features Control/Booking Unit/a_ToasterMessage/toaster_SaveSuccessfully' located by 'By.xpath: //div[@class = 'toast toast-success' and (text() = 'Save successfully' or . = 'Save successfully')]' is not present after '30' second(s)

2019-05-15 10:27:49 - [MESSAGE][WARNING] - Timeout '0' is invalid. Using default page load timeout: '30'

2019-05-15 10:27:54 - [MESSAGE][PASSED] - Web element with id: 'Object Repository/ADMIN/Features Control/Booking Unit/a_ToasterMessage/toaster_SaveSuccessfully' located by 'By.xpath: //div[@class = 'toast toast-success' and (text() = 'Save successfully' or . = 'Save successfully')]' is not present after '30' second(s)]]></system-out>
         <system-err><![CDATA[]]></system-err>
      </testcase>
      <testcase name="Test Cases/ADMIN/Features Control/Booking Unit/Combination/Overnight/06Add_NightMonth" classname="Test Cases/ADMIN/Features Control/Booking Unit/Combination/Overnight/06Add_NightMonth" status="PASSED">
         <system-out><![CDATA[2019-05-15 10:27:54 - [TEST_CASE][PASSED] - Test Cases/ADMIN/Features Control/Booking Unit/Combination/Overnight/06Add_NightMonth: Test Cases/ADMIN/Features Control/Booking Unit/Combination/Overnight/06Add_NightMonth

2019-05-15 10:27:55 - [TEST_STEP][PASSED] - waitForElementVisible: Object 'Object Repository/ADMIN/Features Control/Advance Search/a_Features Control' is visible

2019-05-15 10:27:55 - [MESSAGE][WARNING] - Timeout '0' is invalid. Using default page load timeout: '30'

2019-05-15 10:27:55 - [MESSAGE][PASSED] - Object 'Object Repository/ADMIN/Features Control/Advance Search/a_Features Control' is visible

2019-05-15 10:27:55 - [TEST_STEP][PASSED] - click: Object: 'Object Repository/ADMIN/Features Control/Advance Search/a_Features Control' is clicked on

2019-05-15 10:28:05 - [MESSAGE][PASSED] - Object: 'Object Repository/ADMIN/Features Control/Advance Search/a_Features Control' is clicked on

2019-05-15 10:28:05 - [TEST_STEP][PASSED] - waitForElementVisible: Object 'Object Repository/ADMIN/Features Control/Booking Unit/button_Edit' is visible

2019-05-15 10:28:05 - [MESSAGE][WARNING] - Timeout '0' is invalid. Using default page load timeout: '30'

2019-05-15 10:28:05 - [MESSAGE][PASSED] - Object 'Object Repository/ADMIN/Features Control/Booking Unit/button_Edit' is visible

2019-05-15 10:28:05 - [TEST_STEP][PASSED] - click: Object: 'Object Repository/ADMIN/Features Control/Booking Unit/button_Edit' is clicked on

2019-05-15 10:28:18 - [MESSAGE][PASSED] - Object: 'Object Repository/ADMIN/Features Control/Booking Unit/button_Edit' is clicked on

2019-05-15 10:28:18 - [TEST_STEP][PASSED] - waitForElementVisible: Object 'Object Repository/ADMIN/Features Control/Booking Unit/icon1st_NewBookingUnit' is visible

2019-05-15 10:28:18 - [MESSAGE][WARNING] - Timeout '0' is invalid. Using default page load timeout: '30'

2019-05-15 10:28:18 - [MESSAGE][PASSED] - Object 'Object Repository/ADMIN/Features Control/Booking Unit/icon1st_NewBookingUnit' is visible

2019-05-15 10:28:18 - [TEST_STEP][PASSED] - verifyElementVisible: Object 'Object Repository/ADMIN/Features Control/Booking Unit/textlabel_NewBookingUnit' is visible

2019-05-15 10:28:18 - [MESSAGE][PASSED] - Object 'Object Repository/ADMIN/Features Control/Booking Unit/textlabel_NewBookingUnit' is visible

2019-05-15 10:28:18 - [TEST_STEP][PASSED] - delay: Delayed 1 second(s)

2019-05-15 10:28:19 - [MESSAGE][PASSED] - Delayed 1 second(s)

2019-05-15 10:28:19 - [TEST_STEP][PASSED] - click: Object: 'Object Repository/ADMIN/Features Control/Booking Unit/button_AddBookingUnit' is clicked on

2019-05-15 10:28:19 - [MESSAGE][PASSED] - Object: 'Object Repository/ADMIN/Features Control/Booking Unit/button_AddBookingUnit' is clicked on

2019-05-15 10:28:19 - [TEST_STEP][PASSED] - waitForElementVisible: Object 'Object Repository/ADMIN/Features Control/Booking Unit/a_Add New Booking Unit/textlabel_AddNewBookingUnit' is visible

2019-05-15 10:28:19 - [MESSAGE][WARNING] - Timeout '0' is invalid. Using default page load timeout: '30'

2019-05-15 10:28:19 - [MESSAGE][PASSED] - Object 'Object Repository/ADMIN/Features Control/Booking Unit/a_Add New Booking Unit/textlabel_AddNewBookingUnit' is visible

2019-05-15 10:28:19 - [TEST_STEP][PASSED] - delay: Delayed 1 second(s)

2019-05-15 10:28:20 - [MESSAGE][PASSED] - Delayed 1 second(s)

2019-05-15 10:28:20 - [TEST_STEP][PASSED] - setText: Text 'Night 6' is set on object 'Object Repository/ADMIN/Features Control/Booking Unit/a_Add New Booking Unit/textfield_UnitName'

2019-05-15 10:28:20 - [MESSAGE][PASSED] - Text 'Night 6' is set on object 'Object Repository/ADMIN/Features Control/Booking Unit/a_Add New Booking Unit/textfield_UnitName'

2019-05-15 10:28:20 - [TEST_STEP][PASSED] - delay: Delayed 1 second(s)

2019-05-15 10:28:21 - [MESSAGE][PASSED] - Delayed 1 second(s)

2019-05-15 10:28:21 - [TEST_STEP][PASSED] - click: Object: 'Object Repository/ADMIN/Features Control/Booking Unit/a_Add New Booking Unit/button_toggle' is clicked on

2019-05-15 10:28:22 - [MESSAGE][PASSED] - Object: 'Object Repository/ADMIN/Features Control/Booking Unit/a_Add New Booking Unit/button_toggle' is clicked on

2019-05-15 10:28:22 - [TEST_STEP][PASSED] - waitForElementVisible: Object 'Object Repository/ADMIN/Features Control/Booking Unit/a_Add New Booking Unit/checkbox_Night' is visible

2019-05-15 10:28:22 - [MESSAGE][WARNING] - Timeout '0' is invalid. Using default page load timeout: '30'

2019-05-15 10:28:22 - [MESSAGE][PASSED] - Object 'Object Repository/ADMIN/Features Control/Booking Unit/a_Add New Booking Unit/checkbox_Night' is visible

2019-05-15 10:28:22 - [TEST_STEP][PASSED] - click: Object: 'Object Repository/ADMIN/Features Control/Booking Unit/a_Add New Booking Unit/checkbox_Night' is clicked on

2019-05-15 10:28:22 - [MESSAGE][PASSED] - Object: 'Object Repository/ADMIN/Features Control/Booking Unit/a_Add New Booking Unit/checkbox_Night' is clicked on

2019-05-15 10:28:22 - [TEST_STEP][PASSED] - click: Object: 'Object Repository/ADMIN/Features Control/Booking Unit/a_Add New Booking Unit/checkbox_NightMonth' is clicked on

2019-05-15 10:28:22 - [MESSAGE][PASSED] - Object: 'Object Repository/ADMIN/Features Control/Booking Unit/a_Add New Booking Unit/checkbox_NightMonth' is clicked on

2019-05-15 10:28:22 - [TEST_STEP][PASSED] - delay: Delayed 1 second(s)

2019-05-15 10:28:23 - [MESSAGE][PASSED] - Delayed 1 second(s)

2019-05-15 10:28:23 - [TEST_STEP][PASSED] - click: Object: 'Object Repository/ADMIN/Features Control/Booking Unit/a_Add New Booking Unit/button_Save' is clicked on

2019-05-15 10:28:23 - [MESSAGE][PASSED] - Object: 'Object Repository/ADMIN/Features Control/Booking Unit/a_Add New Booking Unit/button_Save' is clicked on

2019-05-15 10:28:23 - [TEST_STEP][PASSED] - delay: Delayed 1 second(s)

2019-05-15 10:28:24 - [MESSAGE][PASSED] - Delayed 1 second(s)

2019-05-15 10:28:24 - [TEST_STEP][PASSED] - click: Object: 'Object Repository/ADMIN/Features Control/Booking Unit/topbutton_Save' is clicked on

2019-05-15 10:28:24 - [MESSAGE][PASSED] - Object: 'Object Repository/ADMIN/Features Control/Booking Unit/topbutton_Save' is clicked on

2019-05-15 10:28:24 - [TEST_STEP][PASSED] - waitForElementVisible: Object 'Object Repository/ADMIN/Features Control/Booking Unit/a_Save Popup/button_Save' is visible

2019-05-15 10:28:24 - [MESSAGE][WARNING] - Timeout '0' is invalid. Using default page load timeout: '30'

2019-05-15 10:28:24 - [MESSAGE][PASSED] - Object 'Object Repository/ADMIN/Features Control/Booking Unit/a_Save Popup/button_Save' is visible

2019-05-15 10:28:24 - [TEST_STEP][PASSED] - click: Object: 'Object Repository/ADMIN/Features Control/Booking Unit/a_Save Popup/button_Save' is clicked on

2019-05-15 10:28:24 - [MESSAGE][PASSED] - Object: 'Object Repository/ADMIN/Features Control/Booking Unit/a_Save Popup/button_Save' is clicked on

2019-05-15 10:28:24 - [TEST_STEP][PASSED] - waitForElementVisible: Object 'Object Repository/ADMIN/Features Control/Booking Unit/a_ToasterMessage/toaster_SaveSuccessfully' is visible

2019-05-15 10:28:24 - [MESSAGE][WARNING] - Timeout '0' is invalid. Using default page load timeout: '30'

2019-05-15 10:28:26 - [MESSAGE][PASSED] - Object 'Object Repository/ADMIN/Features Control/Booking Unit/a_ToasterMessage/toaster_SaveSuccessfully' is visible

2019-05-15 10:28:26 - [TEST_STEP][PASSED] - waitForElementNotPresent: Web element with id: 'Object Repository/ADMIN/Features Control/Booking Unit/a_ToasterMessage/toaster_SaveSuccessfully' located by 'By.xpath: //div[@class = 'toast toast-success' and (text() = 'Save successfully' or . = 'Save successfully')]' is not present after '30' second(s)

2019-05-15 10:28:26 - [MESSAGE][WARNING] - Timeout '0' is invalid. Using default page load timeout: '30'

2019-05-15 10:28:32 - [MESSAGE][PASSED] - Web element with id: 'Object Repository/ADMIN/Features Control/Booking Unit/a_ToasterMessage/toaster_SaveSuccessfully' located by 'By.xpath: //div[@class = 'toast toast-success' and (text() = 'Save successfully' or . = 'Save successfully')]' is not present after '30' second(s)]]></system-out>
         <system-err><![CDATA[]]></system-err>
      </testcase>
      <testcase name="Test Cases/ADMIN/Features Control/Booking Unit/Combination/Overnight/07Add_NightCustom" classname="Test Cases/ADMIN/Features Control/Booking Unit/Combination/Overnight/07Add_NightCustom" status="PASSED">
         <system-out><![CDATA[2019-05-15 10:28:32 - [TEST_CASE][PASSED] - Test Cases/ADMIN/Features Control/Booking Unit/Combination/Overnight/07Add_NightCustom: Test Cases/ADMIN/Features Control/Booking Unit/Combination/Overnight/07Add_NightCustom

2019-05-15 10:28:32 - [TEST_STEP][PASSED] - waitForElementVisible: Object 'Object Repository/ADMIN/Features Control/Advance Search/a_Features Control' is visible

2019-05-15 10:28:32 - [MESSAGE][WARNING] - Timeout '0' is invalid. Using default page load timeout: '30'

2019-05-15 10:28:32 - [MESSAGE][PASSED] - Object 'Object Repository/ADMIN/Features Control/Advance Search/a_Features Control' is visible

2019-05-15 10:28:32 - [TEST_STEP][PASSED] - click: Object: 'Object Repository/ADMIN/Features Control/Advance Search/a_Features Control' is clicked on

2019-05-15 10:28:35 - [MESSAGE][PASSED] - Object: 'Object Repository/ADMIN/Features Control/Advance Search/a_Features Control' is clicked on

2019-05-15 10:28:35 - [TEST_STEP][PASSED] - waitForElementVisible: Object 'Object Repository/ADMIN/Features Control/Booking Unit/button_Edit' is visible

2019-05-15 10:28:35 - [MESSAGE][WARNING] - Timeout '0' is invalid. Using default page load timeout: '30'

2019-05-15 10:28:35 - [MESSAGE][PASSED] - Object 'Object Repository/ADMIN/Features Control/Booking Unit/button_Edit' is visible

2019-05-15 10:28:35 - [TEST_STEP][PASSED] - click: Object: 'Object Repository/ADMIN/Features Control/Booking Unit/button_Edit' is clicked on

2019-05-15 10:28:48 - [MESSAGE][PASSED] - Object: 'Object Repository/ADMIN/Features Control/Booking Unit/button_Edit' is clicked on

2019-05-15 10:28:48 - [TEST_STEP][PASSED] - waitForElementVisible: Object 'Object Repository/ADMIN/Features Control/Booking Unit/icon1st_NewBookingUnit' is visible

2019-05-15 10:28:48 - [MESSAGE][WARNING] - Timeout '0' is invalid. Using default page load timeout: '30'

2019-05-15 10:28:48 - [MESSAGE][PASSED] - Object 'Object Repository/ADMIN/Features Control/Booking Unit/icon1st_NewBookingUnit' is visible

2019-05-15 10:28:48 - [TEST_STEP][PASSED] - verifyElementVisible: Object 'Object Repository/ADMIN/Features Control/Booking Unit/textlabel_NewBookingUnit' is visible

2019-05-15 10:28:48 - [MESSAGE][PASSED] - Object 'Object Repository/ADMIN/Features Control/Booking Unit/textlabel_NewBookingUnit' is visible

2019-05-15 10:28:48 - [TEST_STEP][PASSED] - delay: Delayed 1 second(s)

2019-05-15 10:28:49 - [MESSAGE][PASSED] - Delayed 1 second(s)

2019-05-15 10:28:49 - [TEST_STEP][PASSED] - click: Object: 'Object Repository/ADMIN/Features Control/Booking Unit/button_AddBookingUnit' is clicked on

2019-05-15 10:28:49 - [MESSAGE][PASSED] - Object: 'Object Repository/ADMIN/Features Control/Booking Unit/button_AddBookingUnit' is clicked on

2019-05-15 10:28:49 - [TEST_STEP][PASSED] - waitForElementVisible: Object 'Object Repository/ADMIN/Features Control/Booking Unit/a_Add New Booking Unit/textlabel_AddNewBookingUnit' is visible

2019-05-15 10:28:49 - [MESSAGE][WARNING] - Timeout '0' is invalid. Using default page load timeout: '30'

2019-05-15 10:28:49 - [MESSAGE][PASSED] - Object 'Object Repository/ADMIN/Features Control/Booking Unit/a_Add New Booking Unit/textlabel_AddNewBookingUnit' is visible

2019-05-15 10:28:49 - [TEST_STEP][PASSED] - delay: Delayed 1 second(s)

2019-05-15 10:28:50 - [MESSAGE][PASSED] - Delayed 1 second(s)

2019-05-15 10:28:50 - [TEST_STEP][PASSED] - setText: Text 'Night 7' is set on object 'Object Repository/ADMIN/Features Control/Booking Unit/a_Add New Booking Unit/textfield_UnitName'

2019-05-15 10:28:51 - [MESSAGE][PASSED] - Text 'Night 7' is set on object 'Object Repository/ADMIN/Features Control/Booking Unit/a_Add New Booking Unit/textfield_UnitName'

2019-05-15 10:28:51 - [TEST_STEP][PASSED] - delay: Delayed 1 second(s)

2019-05-15 10:28:52 - [MESSAGE][PASSED] - Delayed 1 second(s)

2019-05-15 10:28:52 - [TEST_STEP][PASSED] - click: Object: 'Object Repository/ADMIN/Features Control/Booking Unit/a_Add New Booking Unit/button_toggle' is clicked on

2019-05-15 10:28:52 - [MESSAGE][PASSED] - Object: 'Object Repository/ADMIN/Features Control/Booking Unit/a_Add New Booking Unit/button_toggle' is clicked on

2019-05-15 10:28:52 - [TEST_STEP][PASSED] - waitForElementVisible: Object 'Object Repository/ADMIN/Features Control/Booking Unit/a_Add New Booking Unit/checkbox_Night' is visible

2019-05-15 10:28:52 - [MESSAGE][WARNING] - Timeout '0' is invalid. Using default page load timeout: '30'

2019-05-15 10:28:52 - [MESSAGE][PASSED] - Object 'Object Repository/ADMIN/Features Control/Booking Unit/a_Add New Booking Unit/checkbox_Night' is visible

2019-05-15 10:28:52 - [TEST_STEP][PASSED] - click: Object: 'Object Repository/ADMIN/Features Control/Booking Unit/a_Add New Booking Unit/checkbox_NightWeek' is clicked on

2019-05-15 10:28:52 - [MESSAGE][PASSED] - Object: 'Object Repository/ADMIN/Features Control/Booking Unit/a_Add New Booking Unit/checkbox_NightWeek' is clicked on

2019-05-15 10:28:52 - [TEST_STEP][PASSED] - click: Object: 'Object Repository/ADMIN/Features Control/Booking Unit/a_Add New Booking Unit/checkbox_NightCustom' is clicked on

2019-05-15 10:28:52 - [MESSAGE][PASSED] - Object: 'Object Repository/ADMIN/Features Control/Booking Unit/a_Add New Booking Unit/checkbox_NightCustom' is clicked on

2019-05-15 10:28:52 - [TEST_STEP][PASSED] - delay: Delayed 1 second(s)

2019-05-15 10:28:53 - [MESSAGE][PASSED] - Delayed 1 second(s)

2019-05-15 10:28:53 - [TEST_STEP][PASSED] - click: Object: 'Object Repository/ADMIN/Features Control/Booking Unit/a_Add New Booking Unit/button_Save' is clicked on

2019-05-15 10:28:53 - [MESSAGE][PASSED] - Object: 'Object Repository/ADMIN/Features Control/Booking Unit/a_Add New Booking Unit/button_Save' is clicked on

2019-05-15 10:28:53 - [TEST_STEP][PASSED] - delay: Delayed 1 second(s)

2019-05-15 10:28:54 - [MESSAGE][PASSED] - Delayed 1 second(s)

2019-05-15 10:28:54 - [TEST_STEP][PASSED] - click: Object: 'Object Repository/ADMIN/Features Control/Booking Unit/topbutton_Save' is clicked on

2019-05-15 10:28:54 - [MESSAGE][PASSED] - Object: 'Object Repository/ADMIN/Features Control/Booking Unit/topbutton_Save' is clicked on

2019-05-15 10:28:54 - [TEST_STEP][PASSED] - waitForElementVisible: Object 'Object Repository/ADMIN/Features Control/Booking Unit/a_Save Popup/button_Save' is visible

2019-05-15 10:28:54 - [MESSAGE][WARNING] - Timeout '0' is invalid. Using default page load timeout: '30'

2019-05-15 10:28:54 - [MESSAGE][PASSED] - Object 'Object Repository/ADMIN/Features Control/Booking Unit/a_Save Popup/button_Save' is visible

2019-05-15 10:28:54 - [TEST_STEP][PASSED] - click: Object: 'Object Repository/ADMIN/Features Control/Booking Unit/a_Save Popup/button_Save' is clicked on

2019-05-15 10:28:54 - [MESSAGE][PASSED] - Object: 'Object Repository/ADMIN/Features Control/Booking Unit/a_Save Popup/button_Save' is clicked on

2019-05-15 10:28:54 - [TEST_STEP][PASSED] - waitForElementVisible: Object 'Object Repository/ADMIN/Features Control/Booking Unit/a_ToasterMessage/toaster_SaveSuccessfully' is visible

2019-05-15 10:28:54 - [MESSAGE][WARNING] - Timeout '0' is invalid. Using default page load timeout: '30'

2019-05-15 10:28:57 - [MESSAGE][PASSED] - Object 'Object Repository/ADMIN/Features Control/Booking Unit/a_ToasterMessage/toaster_SaveSuccessfully' is visible

2019-05-15 10:28:57 - [TEST_STEP][PASSED] - waitForElementNotPresent: Web element with id: 'Object Repository/ADMIN/Features Control/Booking Unit/a_ToasterMessage/toaster_SaveSuccessfully' located by 'By.xpath: //div[@class = 'toast toast-success' and (text() = 'Save successfully' or . = 'Save successfully')]' is not present after '30' second(s)

2019-05-15 10:28:57 - [MESSAGE][WARNING] - Timeout '0' is invalid. Using default page load timeout: '30'

2019-05-15 10:29:04 - [MESSAGE][PASSED] - Web element with id: 'Object Repository/ADMIN/Features Control/Booking Unit/a_ToasterMessage/toaster_SaveSuccessfully' located by 'By.xpath: //div[@class = 'toast toast-success' and (text() = 'Save successfully' or . = 'Save successfully')]' is not present after '30' second(s)]]></system-out>
         <system-err><![CDATA[]]></system-err>
      </testcase>
      <testcase name="Test Cases/ADMIN/Features Control/Booking Unit/Combination/Overnight/08Add_WeekMonth" classname="Test Cases/ADMIN/Features Control/Booking Unit/Combination/Overnight/08Add_WeekMonth" status="PASSED">
         <system-out><![CDATA[2019-05-15 10:29:04 - [TEST_CASE][PASSED] - Test Cases/ADMIN/Features Control/Booking Unit/Combination/Overnight/08Add_WeekMonth: Test Cases/ADMIN/Features Control/Booking Unit/Combination/Overnight/08Add_WeekMonth

2019-05-15 10:29:04 - [TEST_STEP][PASSED] - waitForElementVisible: Object 'Object Repository/ADMIN/Features Control/Advance Search/a_Features Control' is visible

2019-05-15 10:29:04 - [MESSAGE][WARNING] - Timeout '0' is invalid. Using default page load timeout: '30'

2019-05-15 10:29:04 - [MESSAGE][PASSED] - Object 'Object Repository/ADMIN/Features Control/Advance Search/a_Features Control' is visible

2019-05-15 10:29:04 - [TEST_STEP][PASSED] - click: Object: 'Object Repository/ADMIN/Features Control/Advance Search/a_Features Control' is clicked on

2019-05-15 10:29:15 - [MESSAGE][PASSED] - Object: 'Object Repository/ADMIN/Features Control/Advance Search/a_Features Control' is clicked on

2019-05-15 10:29:15 - [TEST_STEP][PASSED] - waitForElementVisible: Object 'Object Repository/ADMIN/Features Control/Booking Unit/button_Edit' is visible

2019-05-15 10:29:15 - [MESSAGE][WARNING] - Timeout '0' is invalid. Using default page load timeout: '30'

2019-05-15 10:29:15 - [MESSAGE][PASSED] - Object 'Object Repository/ADMIN/Features Control/Booking Unit/button_Edit' is visible

2019-05-15 10:29:15 - [TEST_STEP][PASSED] - click: Object: 'Object Repository/ADMIN/Features Control/Booking Unit/button_Edit' is clicked on

2019-05-15 10:29:26 - [MESSAGE][PASSED] - Object: 'Object Repository/ADMIN/Features Control/Booking Unit/button_Edit' is clicked on

2019-05-15 10:29:26 - [TEST_STEP][PASSED] - waitForElementVisible: Object 'Object Repository/ADMIN/Features Control/Booking Unit/icon1st_NewBookingUnit' is visible

2019-05-15 10:29:26 - [MESSAGE][WARNING] - Timeout '0' is invalid. Using default page load timeout: '30'

2019-05-15 10:29:26 - [MESSAGE][PASSED] - Object 'Object Repository/ADMIN/Features Control/Booking Unit/icon1st_NewBookingUnit' is visible

2019-05-15 10:29:26 - [TEST_STEP][PASSED] - verifyElementVisible: Object 'Object Repository/ADMIN/Features Control/Booking Unit/textlabel_NewBookingUnit' is visible

2019-05-15 10:29:26 - [MESSAGE][PASSED] - Object 'Object Repository/ADMIN/Features Control/Booking Unit/textlabel_NewBookingUnit' is visible

2019-05-15 10:29:26 - [TEST_STEP][PASSED] - delay: Delayed 1 second(s)

2019-05-15 10:29:27 - [MESSAGE][PASSED] - Delayed 1 second(s)

2019-05-15 10:29:27 - [TEST_STEP][PASSED] - click: Object: 'Object Repository/ADMIN/Features Control/Booking Unit/button_AddBookingUnit' is clicked on

2019-05-15 10:29:27 - [MESSAGE][PASSED] - Object: 'Object Repository/ADMIN/Features Control/Booking Unit/button_AddBookingUnit' is clicked on

2019-05-15 10:29:27 - [TEST_STEP][PASSED] - waitForElementVisible: Object 'Object Repository/ADMIN/Features Control/Booking Unit/a_Add New Booking Unit/textlabel_AddNewBookingUnit' is visible

2019-05-15 10:29:27 - [MESSAGE][WARNING] - Timeout '0' is invalid. Using default page load timeout: '30'

2019-05-15 10:29:27 - [MESSAGE][PASSED] - Object 'Object Repository/ADMIN/Features Control/Booking Unit/a_Add New Booking Unit/textlabel_AddNewBookingUnit' is visible

2019-05-15 10:29:27 - [TEST_STEP][PASSED] - delay: Delayed 1 second(s)

2019-05-15 10:29:28 - [MESSAGE][PASSED] - Delayed 1 second(s)

2019-05-15 10:29:28 - [TEST_STEP][PASSED] - setText: Text 'Night 8' is set on object 'Object Repository/ADMIN/Features Control/Booking Unit/a_Add New Booking Unit/textfield_UnitName'

2019-05-15 10:29:28 - [MESSAGE][PASSED] - Text 'Night 8' is set on object 'Object Repository/ADMIN/Features Control/Booking Unit/a_Add New Booking Unit/textfield_UnitName'

2019-05-15 10:29:28 - [TEST_STEP][PASSED] - delay: Delayed 1 second(s)

2019-05-15 10:29:29 - [MESSAGE][PASSED] - Delayed 1 second(s)

2019-05-15 10:29:29 - [TEST_STEP][PASSED] - click: Object: 'Object Repository/ADMIN/Features Control/Booking Unit/a_Add New Booking Unit/button_toggle' is clicked on

2019-05-15 10:29:30 - [MESSAGE][PASSED] - Object: 'Object Repository/ADMIN/Features Control/Booking Unit/a_Add New Booking Unit/button_toggle' is clicked on

2019-05-15 10:29:30 - [TEST_STEP][PASSED] - waitForElementVisible: Object 'Object Repository/ADMIN/Features Control/Booking Unit/a_Add New Booking Unit/checkbox_Night' is visible

2019-05-15 10:29:30 - [MESSAGE][WARNING] - Timeout '0' is invalid. Using default page load timeout: '30'

2019-05-15 10:29:30 - [MESSAGE][PASSED] - Object 'Object Repository/ADMIN/Features Control/Booking Unit/a_Add New Booking Unit/checkbox_Night' is visible

2019-05-15 10:29:30 - [TEST_STEP][PASSED] - click: Object: 'Object Repository/ADMIN/Features Control/Booking Unit/a_Add New Booking Unit/checkbox_NightWeek' is clicked on

2019-05-15 10:29:30 - [MESSAGE][PASSED] - Object: 'Object Repository/ADMIN/Features Control/Booking Unit/a_Add New Booking Unit/checkbox_NightWeek' is clicked on

2019-05-15 10:29:30 - [TEST_STEP][PASSED] - click: Object: 'Object Repository/ADMIN/Features Control/Booking Unit/a_Add New Booking Unit/checkbox_NightMonth' is clicked on

2019-05-15 10:29:30 - [MESSAGE][PASSED] - Object: 'Object Repository/ADMIN/Features Control/Booking Unit/a_Add New Booking Unit/checkbox_NightMonth' is clicked on

2019-05-15 10:29:30 - [TEST_STEP][PASSED] - delay: Delayed 1 second(s)

2019-05-15 10:29:31 - [MESSAGE][PASSED] - Delayed 1 second(s)

2019-05-15 10:29:31 - [TEST_STEP][PASSED] - click: Object: 'Object Repository/ADMIN/Features Control/Booking Unit/a_Add New Booking Unit/button_Save' is clicked on

2019-05-15 10:29:32 - [MESSAGE][PASSED] - Object: 'Object Repository/ADMIN/Features Control/Booking Unit/a_Add New Booking Unit/button_Save' is clicked on

2019-05-15 10:29:32 - [TEST_STEP][PASSED] - delay: Delayed 1 second(s)

2019-05-15 10:29:33 - [MESSAGE][PASSED] - Delayed 1 second(s)

2019-05-15 10:29:33 - [TEST_STEP][PASSED] - click: Object: 'Object Repository/ADMIN/Features Control/Booking Unit/topbutton_Save' is clicked on

2019-05-15 10:29:33 - [MESSAGE][PASSED] - Object: 'Object Repository/ADMIN/Features Control/Booking Unit/topbutton_Save' is clicked on

2019-05-15 10:29:33 - [TEST_STEP][PASSED] - waitForElementVisible: Object 'Object Repository/ADMIN/Features Control/Booking Unit/a_Save Popup/button_Save' is visible

2019-05-15 10:29:33 - [MESSAGE][WARNING] - Timeout '0' is invalid. Using default page load timeout: '30'

2019-05-15 10:29:33 - [MESSAGE][PASSED] - Object 'Object Repository/ADMIN/Features Control/Booking Unit/a_Save Popup/button_Save' is visible

2019-05-15 10:29:33 - [TEST_STEP][PASSED] - click: Object: 'Object Repository/ADMIN/Features Control/Booking Unit/a_Save Popup/button_Save' is clicked on

2019-05-15 10:29:33 - [MESSAGE][PASSED] - Object: 'Object Repository/ADMIN/Features Control/Booking Unit/a_Save Popup/button_Save' is clicked on

2019-05-15 10:29:33 - [TEST_STEP][PASSED] - waitForElementVisible: Object 'Object Repository/ADMIN/Features Control/Booking Unit/a_ToasterMessage/toaster_SaveSuccessfully' is visible

2019-05-15 10:29:33 - [MESSAGE][WARNING] - Timeout '0' is invalid. Using default page load timeout: '30'

2019-05-15 10:29:42 - [MESSAGE][PASSED] - Object 'Object Repository/ADMIN/Features Control/Booking Unit/a_ToasterMessage/toaster_SaveSuccessfully' is visible

2019-05-15 10:29:42 - [TEST_STEP][PASSED] - waitForElementNotPresent: Web element with id: 'Object Repository/ADMIN/Features Control/Booking Unit/a_ToasterMessage/toaster_SaveSuccessfully' located by 'By.xpath: //div[@class = 'toast toast-success' and (text() = 'Save successfully' or . = 'Save successfully')]' is not present after '30' second(s)

2019-05-15 10:29:42 - [MESSAGE][WARNING] - Timeout '0' is invalid. Using default page load timeout: '30'

2019-05-15 10:29:47 - [MESSAGE][PASSED] - Web element with id: 'Object Repository/ADMIN/Features Control/Booking Unit/a_ToasterMessage/toaster_SaveSuccessfully' located by 'By.xpath: //div[@class = 'toast toast-success' and (text() = 'Save successfully' or . = 'Save successfully')]' is not present after '30' second(s)]]></system-out>
         <system-err><![CDATA[]]></system-err>
      </testcase>
      <testcase name="Test Cases/ADMIN/Features Control/Booking Unit/Combination/Overnight/09Add_WeekCustom" classname="Test Cases/ADMIN/Features Control/Booking Unit/Combination/Overnight/09Add_WeekCustom" status="PASSED">
         <system-out><![CDATA[2019-05-15 10:29:47 - [TEST_CASE][PASSED] - Test Cases/ADMIN/Features Control/Booking Unit/Combination/Overnight/09Add_WeekCustom: Test Cases/ADMIN/Features Control/Booking Unit/Combination/Overnight/09Add_WeekCustom

2019-05-15 10:29:47 - [TEST_STEP][PASSED] - waitForElementVisible: Object 'Object Repository/ADMIN/Features Control/Advance Search/a_Features Control' is visible

2019-05-15 10:29:47 - [MESSAGE][WARNING] - Timeout '0' is invalid. Using default page load timeout: '30'

2019-05-15 10:29:47 - [MESSAGE][PASSED] - Object 'Object Repository/ADMIN/Features Control/Advance Search/a_Features Control' is visible

2019-05-15 10:29:47 - [TEST_STEP][PASSED] - click: Object: 'Object Repository/ADMIN/Features Control/Advance Search/a_Features Control' is clicked on

2019-05-15 10:29:53 - [MESSAGE][PASSED] - Object: 'Object Repository/ADMIN/Features Control/Advance Search/a_Features Control' is clicked on

2019-05-15 10:29:53 - [TEST_STEP][PASSED] - waitForElementVisible: Object 'Object Repository/ADMIN/Features Control/Booking Unit/button_Edit' is visible

2019-05-15 10:29:53 - [MESSAGE][WARNING] - Timeout '0' is invalid. Using default page load timeout: '30'

2019-05-15 10:29:53 - [MESSAGE][PASSED] - Object 'Object Repository/ADMIN/Features Control/Booking Unit/button_Edit' is visible

2019-05-15 10:29:53 - [TEST_STEP][PASSED] - click: Object: 'Object Repository/ADMIN/Features Control/Booking Unit/button_Edit' is clicked on

2019-05-15 10:30:07 - [MESSAGE][PASSED] - Object: 'Object Repository/ADMIN/Features Control/Booking Unit/button_Edit' is clicked on

2019-05-15 10:30:07 - [TEST_STEP][PASSED] - waitForElementVisible: Object 'Object Repository/ADMIN/Features Control/Booking Unit/icon1st_NewBookingUnit' is visible

2019-05-15 10:30:07 - [MESSAGE][WARNING] - Timeout '0' is invalid. Using default page load timeout: '30'

2019-05-15 10:30:07 - [MESSAGE][PASSED] - Object 'Object Repository/ADMIN/Features Control/Booking Unit/icon1st_NewBookingUnit' is visible

2019-05-15 10:30:07 - [TEST_STEP][PASSED] - verifyElementVisible: Object 'Object Repository/ADMIN/Features Control/Booking Unit/textlabel_NewBookingUnit' is visible

2019-05-15 10:30:07 - [MESSAGE][PASSED] - Object 'Object Repository/ADMIN/Features Control/Booking Unit/textlabel_NewBookingUnit' is visible

2019-05-15 10:30:07 - [TEST_STEP][PASSED] - delay: Delayed 1 second(s)

2019-05-15 10:30:08 - [MESSAGE][PASSED] - Delayed 1 second(s)

2019-05-15 10:30:08 - [TEST_STEP][PASSED] - click: Object: 'Object Repository/ADMIN/Features Control/Booking Unit/button_AddBookingUnit' is clicked on

2019-05-15 10:30:08 - [MESSAGE][PASSED] - Object: 'Object Repository/ADMIN/Features Control/Booking Unit/button_AddBookingUnit' is clicked on

2019-05-15 10:30:08 - [TEST_STEP][PASSED] - waitForElementVisible: Object 'Object Repository/ADMIN/Features Control/Booking Unit/a_Add New Booking Unit/textlabel_AddNewBookingUnit' is visible

2019-05-15 10:30:08 - [MESSAGE][WARNING] - Timeout '0' is invalid. Using default page load timeout: '30'

2019-05-15 10:30:08 - [MESSAGE][PASSED] - Object 'Object Repository/ADMIN/Features Control/Booking Unit/a_Add New Booking Unit/textlabel_AddNewBookingUnit' is visible

2019-05-15 10:30:08 - [TEST_STEP][PASSED] - delay: Delayed 1 second(s)

2019-05-15 10:30:09 - [MESSAGE][PASSED] - Delayed 1 second(s)

2019-05-15 10:30:09 - [TEST_STEP][PASSED] - setText: Text 'Night 9' is set on object 'Object Repository/ADMIN/Features Control/Booking Unit/a_Add New Booking Unit/textfield_UnitName'

2019-05-15 10:30:10 - [MESSAGE][PASSED] - Text 'Night 9' is set on object 'Object Repository/ADMIN/Features Control/Booking Unit/a_Add New Booking Unit/textfield_UnitName'

2019-05-15 10:30:10 - [TEST_STEP][PASSED] - delay: Delayed 1 second(s)

2019-05-15 10:30:11 - [MESSAGE][PASSED] - Delayed 1 second(s)

2019-05-15 10:30:11 - [TEST_STEP][PASSED] - click: Object: 'Object Repository/ADMIN/Features Control/Booking Unit/a_Add New Booking Unit/button_toggle' is clicked on

2019-05-15 10:30:11 - [MESSAGE][PASSED] - Object: 'Object Repository/ADMIN/Features Control/Booking Unit/a_Add New Booking Unit/button_toggle' is clicked on

2019-05-15 10:30:11 - [TEST_STEP][PASSED] - waitForElementVisible: Object 'Object Repository/ADMIN/Features Control/Booking Unit/a_Add New Booking Unit/checkbox_Night' is visible

2019-05-15 10:30:11 - [MESSAGE][WARNING] - Timeout '0' is invalid. Using default page load timeout: '30'

2019-05-15 10:30:11 - [MESSAGE][PASSED] - Object 'Object Repository/ADMIN/Features Control/Booking Unit/a_Add New Booking Unit/checkbox_Night' is visible

2019-05-15 10:30:11 - [TEST_STEP][PASSED] - click: Object: 'Object Repository/ADMIN/Features Control/Booking Unit/a_Add New Booking Unit/checkbox_NightWeek' is clicked on

2019-05-15 10:30:11 - [MESSAGE][PASSED] - Object: 'Object Repository/ADMIN/Features Control/Booking Unit/a_Add New Booking Unit/checkbox_NightWeek' is clicked on

2019-05-15 10:30:11 - [TEST_STEP][PASSED] - click: Object: 'Object Repository/ADMIN/Features Control/Booking Unit/a_Add New Booking Unit/checkbox_NightCustom' is clicked on

2019-05-15 10:30:11 - [MESSAGE][PASSED] - Object: 'Object Repository/ADMIN/Features Control/Booking Unit/a_Add New Booking Unit/checkbox_NightCustom' is clicked on

2019-05-15 10:30:11 - [TEST_STEP][PASSED] - delay: Delayed 1 second(s)

2019-05-15 10:30:12 - [MESSAGE][PASSED] - Delayed 1 second(s)

2019-05-15 10:30:12 - [TEST_STEP][PASSED] - click: Object: 'Object Repository/ADMIN/Features Control/Booking Unit/a_Add New Booking Unit/button_Save' is clicked on

2019-05-15 10:30:12 - [MESSAGE][PASSED] - Object: 'Object Repository/ADMIN/Features Control/Booking Unit/a_Add New Booking Unit/button_Save' is clicked on

2019-05-15 10:30:12 - [TEST_STEP][PASSED] - delay: Delayed 1 second(s)

2019-05-15 10:30:13 - [MESSAGE][PASSED] - Delayed 1 second(s)

2019-05-15 10:30:13 - [TEST_STEP][PASSED] - click: Object: 'Object Repository/ADMIN/Features Control/Booking Unit/topbutton_Save' is clicked on

2019-05-15 10:30:13 - [MESSAGE][PASSED] - Object: 'Object Repository/ADMIN/Features Control/Booking Unit/topbutton_Save' is clicked on

2019-05-15 10:30:13 - [TEST_STEP][PASSED] - waitForElementVisible: Object 'Object Repository/ADMIN/Features Control/Booking Unit/a_Save Popup/button_Save' is visible

2019-05-15 10:30:13 - [MESSAGE][WARNING] - Timeout '0' is invalid. Using default page load timeout: '30'

2019-05-15 10:30:13 - [MESSAGE][PASSED] - Object 'Object Repository/ADMIN/Features Control/Booking Unit/a_Save Popup/button_Save' is visible

2019-05-15 10:30:13 - [TEST_STEP][PASSED] - click: Object: 'Object Repository/ADMIN/Features Control/Booking Unit/a_Save Popup/button_Save' is clicked on

2019-05-15 10:30:13 - [MESSAGE][PASSED] - Object: 'Object Repository/ADMIN/Features Control/Booking Unit/a_Save Popup/button_Save' is clicked on

2019-05-15 10:30:13 - [TEST_STEP][PASSED] - waitForElementVisible: Object 'Object Repository/ADMIN/Features Control/Booking Unit/a_ToasterMessage/toaster_SaveSuccessfully' is visible

2019-05-15 10:30:13 - [MESSAGE][WARNING] - Timeout '0' is invalid. Using default page load timeout: '30'

2019-05-15 10:30:28 - [MESSAGE][PASSED] - Object 'Object Repository/ADMIN/Features Control/Booking Unit/a_ToasterMessage/toaster_SaveSuccessfully' is visible

2019-05-15 10:30:28 - [TEST_STEP][PASSED] - waitForElementNotPresent: Web element with id: 'Object Repository/ADMIN/Features Control/Booking Unit/a_ToasterMessage/toaster_SaveSuccessfully' located by 'By.xpath: //div[@class = 'toast toast-success' and (text() = 'Save successfully' or . = 'Save successfully')]' is not present after '30' second(s)

2019-05-15 10:30:28 - [MESSAGE][WARNING] - Timeout '0' is invalid. Using default page load timeout: '30'

2019-05-15 10:30:33 - [MESSAGE][PASSED] - Web element with id: 'Object Repository/ADMIN/Features Control/Booking Unit/a_ToasterMessage/toaster_SaveSuccessfully' located by 'By.xpath: //div[@class = 'toast toast-success' and (text() = 'Save successfully' or . = 'Save successfully')]' is not present after '30' second(s)]]></system-out>
         <system-err><![CDATA[]]></system-err>
      </testcase>
      <testcase name="Test Cases/ADMIN/Features Control/Booking Unit/Combination/Overnight/10Add_MonthCustom" classname="Test Cases/ADMIN/Features Control/Booking Unit/Combination/Overnight/10Add_MonthCustom" status="PASSED">
         <system-out><![CDATA[2019-05-15 10:30:33 - [TEST_CASE][PASSED] - Test Cases/ADMIN/Features Control/Booking Unit/Combination/Overnight/10Add_MonthCustom: Test Cases/ADMIN/Features Control/Booking Unit/Combination/Overnight/10Add_MonthCustom

2019-05-15 10:30:33 - [TEST_STEP][PASSED] - waitForElementVisible: Object 'Object Repository/ADMIN/Features Control/Advance Search/a_Features Control' is visible

2019-05-15 10:30:33 - [MESSAGE][WARNING] - Timeout '0' is invalid. Using default page load timeout: '30'

2019-05-15 10:30:34 - [MESSAGE][PASSED] - Object 'Object Repository/ADMIN/Features Control/Advance Search/a_Features Control' is visible

2019-05-15 10:30:34 - [TEST_STEP][PASSED] - click: Object: 'Object Repository/ADMIN/Features Control/Advance Search/a_Features Control' is clicked on

2019-05-15 10:30:36 - [MESSAGE][PASSED] - Object: 'Object Repository/ADMIN/Features Control/Advance Search/a_Features Control' is clicked on

2019-05-15 10:30:36 - [TEST_STEP][PASSED] - waitForElementVisible: Object 'Object Repository/ADMIN/Features Control/Booking Unit/button_Edit' is visible

2019-05-15 10:30:36 - [MESSAGE][WARNING] - Timeout '0' is invalid. Using default page load timeout: '30'

2019-05-15 10:30:36 - [MESSAGE][PASSED] - Object 'Object Repository/ADMIN/Features Control/Booking Unit/button_Edit' is visible

2019-05-15 10:30:36 - [TEST_STEP][PASSED] - click: Object: 'Object Repository/ADMIN/Features Control/Booking Unit/button_Edit' is clicked on

2019-05-15 10:30:47 - [MESSAGE][PASSED] - Object: 'Object Repository/ADMIN/Features Control/Booking Unit/button_Edit' is clicked on

2019-05-15 10:30:47 - [TEST_STEP][PASSED] - waitForElementVisible: Object 'Object Repository/ADMIN/Features Control/Booking Unit/icon1st_NewBookingUnit' is visible

2019-05-15 10:30:47 - [MESSAGE][WARNING] - Timeout '0' is invalid. Using default page load timeout: '30'

2019-05-15 10:30:47 - [MESSAGE][PASSED] - Object 'Object Repository/ADMIN/Features Control/Booking Unit/icon1st_NewBookingUnit' is visible

2019-05-15 10:30:47 - [TEST_STEP][PASSED] - verifyElementVisible: Object 'Object Repository/ADMIN/Features Control/Booking Unit/textlabel_NewBookingUnit' is visible

2019-05-15 10:30:47 - [MESSAGE][PASSED] - Object 'Object Repository/ADMIN/Features Control/Booking Unit/textlabel_NewBookingUnit' is visible

2019-05-15 10:30:47 - [TEST_STEP][PASSED] - delay: Delayed 1 second(s)

2019-05-15 10:30:48 - [MESSAGE][PASSED] - Delayed 1 second(s)

2019-05-15 10:30:48 - [TEST_STEP][PASSED] - click: Object: 'Object Repository/ADMIN/Features Control/Booking Unit/button_AddBookingUnit' is clicked on

2019-05-15 10:30:49 - [MESSAGE][PASSED] - Object: 'Object Repository/ADMIN/Features Control/Booking Unit/button_AddBookingUnit' is clicked on

2019-05-15 10:30:49 - [TEST_STEP][PASSED] - waitForElementVisible: Object 'Object Repository/ADMIN/Features Control/Booking Unit/a_Add New Booking Unit/textlabel_AddNewBookingUnit' is visible

2019-05-15 10:30:49 - [MESSAGE][WARNING] - Timeout '0' is invalid. Using default page load timeout: '30'

2019-05-15 10:30:49 - [MESSAGE][PASSED] - Object 'Object Repository/ADMIN/Features Control/Booking Unit/a_Add New Booking Unit/textlabel_AddNewBookingUnit' is visible

2019-05-15 10:30:49 - [TEST_STEP][PASSED] - delay: Delayed 1 second(s)

2019-05-15 10:30:50 - [MESSAGE][PASSED] - Delayed 1 second(s)

2019-05-15 10:30:50 - [TEST_STEP][PASSED] - setText: Text 'Night 10' is set on object 'Object Repository/ADMIN/Features Control/Booking Unit/a_Add New Booking Unit/textfield_UnitName'

2019-05-15 10:30:50 - [MESSAGE][PASSED] - Text 'Night 10' is set on object 'Object Repository/ADMIN/Features Control/Booking Unit/a_Add New Booking Unit/textfield_UnitName'

2019-05-15 10:30:50 - [TEST_STEP][PASSED] - delay: Delayed 1 second(s)

2019-05-15 10:30:51 - [MESSAGE][PASSED] - Delayed 1 second(s)

2019-05-15 10:30:51 - [TEST_STEP][PASSED] - click: Object: 'Object Repository/ADMIN/Features Control/Booking Unit/a_Add New Booking Unit/button_toggle' is clicked on

2019-05-15 10:30:51 - [MESSAGE][PASSED] - Object: 'Object Repository/ADMIN/Features Control/Booking Unit/a_Add New Booking Unit/button_toggle' is clicked on

2019-05-15 10:30:51 - [TEST_STEP][PASSED] - waitForElementVisible: Object 'Object Repository/ADMIN/Features Control/Booking Unit/a_Add New Booking Unit/checkbox_Night' is visible

2019-05-15 10:30:51 - [MESSAGE][WARNING] - Timeout '0' is invalid. Using default page load timeout: '30'

2019-05-15 10:30:51 - [MESSAGE][PASSED] - Object 'Object Repository/ADMIN/Features Control/Booking Unit/a_Add New Booking Unit/checkbox_Night' is visible

2019-05-15 10:30:51 - [TEST_STEP][PASSED] - click: Object: 'Object Repository/ADMIN/Features Control/Booking Unit/a_Add New Booking Unit/checkbox_NightMonth' is clicked on

2019-05-15 10:30:51 - [MESSAGE][PASSED] - Object: 'Object Repository/ADMIN/Features Control/Booking Unit/a_Add New Booking Unit/checkbox_NightMonth' is clicked on

2019-05-15 10:30:51 - [TEST_STEP][PASSED] - click: Object: 'Object Repository/ADMIN/Features Control/Booking Unit/a_Add New Booking Unit/checkbox_NightCustom' is clicked on

2019-05-15 10:30:51 - [MESSAGE][PASSED] - Object: 'Object Repository/ADMIN/Features Control/Booking Unit/a_Add New Booking Unit/checkbox_NightCustom' is clicked on

2019-05-15 10:30:51 - [TEST_STEP][PASSED] - delay: Delayed 1 second(s)

2019-05-15 10:30:52 - [MESSAGE][PASSED] - Delayed 1 second(s)

2019-05-15 10:30:52 - [TEST_STEP][PASSED] - click: Object: 'Object Repository/ADMIN/Features Control/Booking Unit/a_Add New Booking Unit/button_Save' is clicked on

2019-05-15 10:30:52 - [MESSAGE][PASSED] - Object: 'Object Repository/ADMIN/Features Control/Booking Unit/a_Add New Booking Unit/button_Save' is clicked on

2019-05-15 10:30:52 - [TEST_STEP][PASSED] - delay: Delayed 1 second(s)

2019-05-15 10:30:53 - [MESSAGE][PASSED] - Delayed 1 second(s)

2019-05-15 10:30:53 - [TEST_STEP][PASSED] - click: Object: 'Object Repository/ADMIN/Features Control/Booking Unit/topbutton_Save' is clicked on

2019-05-15 10:30:54 - [MESSAGE][PASSED] - Object: 'Object Repository/ADMIN/Features Control/Booking Unit/topbutton_Save' is clicked on

2019-05-15 10:30:54 - [TEST_STEP][PASSED] - waitForElementVisible: Object 'Object Repository/ADMIN/Features Control/Booking Unit/a_Save Popup/button_Save' is visible

2019-05-15 10:30:54 - [MESSAGE][WARNING] - Timeout '0' is invalid. Using default page load timeout: '30'

2019-05-15 10:30:54 - [MESSAGE][PASSED] - Object 'Object Repository/ADMIN/Features Control/Booking Unit/a_Save Popup/button_Save' is visible

2019-05-15 10:30:54 - [TEST_STEP][PASSED] - click: Object: 'Object Repository/ADMIN/Features Control/Booking Unit/a_Save Popup/button_Save' is clicked on

2019-05-15 10:30:54 - [MESSAGE][PASSED] - Object: 'Object Repository/ADMIN/Features Control/Booking Unit/a_Save Popup/button_Save' is clicked on

2019-05-15 10:30:54 - [TEST_STEP][PASSED] - waitForElementVisible: Object 'Object Repository/ADMIN/Features Control/Booking Unit/a_ToasterMessage/toaster_SaveSuccessfully' is visible

2019-05-15 10:30:54 - [MESSAGE][WARNING] - Timeout '0' is invalid. Using default page load timeout: '30'

2019-05-15 10:30:56 - [MESSAGE][PASSED] - Object 'Object Repository/ADMIN/Features Control/Booking Unit/a_ToasterMessage/toaster_SaveSuccessfully' is visible

2019-05-15 10:30:56 - [TEST_STEP][PASSED] - waitForElementNotPresent: Web element with id: 'Object Repository/ADMIN/Features Control/Booking Unit/a_ToasterMessage/toaster_SaveSuccessfully' located by 'By.xpath: //div[@class = 'toast toast-success' and (text() = 'Save successfully' or . = 'Save successfully')]' is not present after '30' second(s)

2019-05-15 10:30:56 - [MESSAGE][WARNING] - Timeout '0' is invalid. Using default page load timeout: '30'

2019-05-15 10:31:02 - [MESSAGE][PASSED] - Web element with id: 'Object Repository/ADMIN/Features Control/Booking Unit/a_ToasterMessage/toaster_SaveSuccessfully' located by 'By.xpath: //div[@class = 'toast toast-success' and (text() = 'Save successfully' or . = 'Save successfully')]' is not present after '30' second(s)]]></system-out>
         <system-err><![CDATA[]]></system-err>
      </testcase>
      <testcase name="Test Cases/ADMIN/Features Control/Booking Unit/Combination/Overnight/11Add_NightWeekMonth" classname="Test Cases/ADMIN/Features Control/Booking Unit/Combination/Overnight/11Add_NightWeekMonth" status="PASSED">
         <system-out><![CDATA[2019-05-15 10:31:02 - [TEST_CASE][PASSED] - Test Cases/ADMIN/Features Control/Booking Unit/Combination/Overnight/11Add_NightWeekMonth: Test Cases/ADMIN/Features Control/Booking Unit/Combination/Overnight/11Add_NightWeekMonth

2019-05-15 10:31:02 - [TEST_STEP][PASSED] - waitForElementVisible: Object 'Object Repository/ADMIN/Features Control/Advance Search/a_Features Control' is visible

2019-05-15 10:31:02 - [MESSAGE][WARNING] - Timeout '0' is invalid. Using default page load timeout: '30'

2019-05-15 10:31:02 - [MESSAGE][PASSED] - Object 'Object Repository/ADMIN/Features Control/Advance Search/a_Features Control' is visible

2019-05-15 10:31:02 - [TEST_STEP][PASSED] - click: Object: 'Object Repository/ADMIN/Features Control/Advance Search/a_Features Control' is clicked on

2019-05-15 10:31:13 - [MESSAGE][PASSED] - Object: 'Object Repository/ADMIN/Features Control/Advance Search/a_Features Control' is clicked on

2019-05-15 10:31:13 - [TEST_STEP][PASSED] - waitForElementVisible: Object 'Object Repository/ADMIN/Features Control/Booking Unit/button_Edit' is visible

2019-05-15 10:31:13 - [MESSAGE][WARNING] - Timeout '0' is invalid. Using default page load timeout: '30'

2019-05-15 10:31:13 - [MESSAGE][PASSED] - Object 'Object Repository/ADMIN/Features Control/Booking Unit/button_Edit' is visible

2019-05-15 10:31:13 - [TEST_STEP][PASSED] - click: Object: 'Object Repository/ADMIN/Features Control/Booking Unit/button_Edit' is clicked on

2019-05-15 10:31:19 - [MESSAGE][PASSED] - Object: 'Object Repository/ADMIN/Features Control/Booking Unit/button_Edit' is clicked on

2019-05-15 10:31:19 - [TEST_STEP][PASSED] - waitForElementVisible: Object 'Object Repository/ADMIN/Features Control/Booking Unit/icon1st_NewBookingUnit' is visible

2019-05-15 10:31:19 - [MESSAGE][WARNING] - Timeout '0' is invalid. Using default page load timeout: '30'

2019-05-15 10:31:19 - [MESSAGE][PASSED] - Object 'Object Repository/ADMIN/Features Control/Booking Unit/icon1st_NewBookingUnit' is visible

2019-05-15 10:31:19 - [TEST_STEP][PASSED] - verifyElementVisible: Object 'Object Repository/ADMIN/Features Control/Booking Unit/textlabel_NewBookingUnit' is visible

2019-05-15 10:31:19 - [MESSAGE][PASSED] - Object 'Object Repository/ADMIN/Features Control/Booking Unit/textlabel_NewBookingUnit' is visible

2019-05-15 10:31:19 - [TEST_STEP][PASSED] - delay: Delayed 1 second(s)

2019-05-15 10:31:20 - [MESSAGE][PASSED] - Delayed 1 second(s)

2019-05-15 10:31:20 - [TEST_STEP][PASSED] - click: Object: 'Object Repository/ADMIN/Features Control/Booking Unit/button_AddBookingUnit' is clicked on

2019-05-15 10:31:20 - [MESSAGE][PASSED] - Object: 'Object Repository/ADMIN/Features Control/Booking Unit/button_AddBookingUnit' is clicked on

2019-05-15 10:31:20 - [TEST_STEP][PASSED] - waitForElementVisible: Object 'Object Repository/ADMIN/Features Control/Booking Unit/a_Add New Booking Unit/textlabel_AddNewBookingUnit' is visible

2019-05-15 10:31:20 - [MESSAGE][WARNING] - Timeout '0' is invalid. Using default page load timeout: '30'

2019-05-15 10:31:20 - [MESSAGE][PASSED] - Object 'Object Repository/ADMIN/Features Control/Booking Unit/a_Add New Booking Unit/textlabel_AddNewBookingUnit' is visible

2019-05-15 10:31:20 - [TEST_STEP][PASSED] - delay: Delayed 1 second(s)

2019-05-15 10:31:21 - [MESSAGE][PASSED] - Delayed 1 second(s)

2019-05-15 10:31:21 - [TEST_STEP][PASSED] - setText: Text 'Night 11' is set on object 'Object Repository/ADMIN/Features Control/Booking Unit/a_Add New Booking Unit/textfield_UnitName'

2019-05-15 10:31:22 - [MESSAGE][PASSED] - Text 'Night 11' is set on object 'Object Repository/ADMIN/Features Control/Booking Unit/a_Add New Booking Unit/textfield_UnitName'

2019-05-15 10:31:22 - [TEST_STEP][PASSED] - delay: Delayed 1 second(s)

2019-05-15 10:31:23 - [MESSAGE][PASSED] - Delayed 1 second(s)

2019-05-15 10:31:23 - [TEST_STEP][PASSED] - click: Object: 'Object Repository/ADMIN/Features Control/Booking Unit/a_Add New Booking Unit/button_toggle' is clicked on

2019-05-15 10:31:23 - [MESSAGE][PASSED] - Object: 'Object Repository/ADMIN/Features Control/Booking Unit/a_Add New Booking Unit/button_toggle' is clicked on

2019-05-15 10:31:23 - [TEST_STEP][PASSED] - waitForElementVisible: Object 'Object Repository/ADMIN/Features Control/Booking Unit/a_Add New Booking Unit/checkbox_Night' is visible

2019-05-15 10:31:23 - [MESSAGE][WARNING] - Timeout '0' is invalid. Using default page load timeout: '30'

2019-05-15 10:31:23 - [MESSAGE][PASSED] - Object 'Object Repository/ADMIN/Features Control/Booking Unit/a_Add New Booking Unit/checkbox_Night' is visible

2019-05-15 10:31:23 - [TEST_STEP][PASSED] - click: Object: 'Object Repository/ADMIN/Features Control/Booking Unit/a_Add New Booking Unit/checkbox_Night' is clicked on

2019-05-15 10:31:23 - [MESSAGE][PASSED] - Object: 'Object Repository/ADMIN/Features Control/Booking Unit/a_Add New Booking Unit/checkbox_Night' is clicked on

2019-05-15 10:31:23 - [TEST_STEP][PASSED] - click: Object: 'Object Repository/ADMIN/Features Control/Booking Unit/a_Add New Booking Unit/checkbox_NightWeek' is clicked on

2019-05-15 10:31:23 - [MESSAGE][PASSED] - Object: 'Object Repository/ADMIN/Features Control/Booking Unit/a_Add New Booking Unit/checkbox_NightWeek' is clicked on

2019-05-15 10:31:23 - [TEST_STEP][PASSED] - click: Object: 'Object Repository/ADMIN/Features Control/Booking Unit/a_Add New Booking Unit/checkbox_NightMonth' is clicked on

2019-05-15 10:31:23 - [MESSAGE][PASSED] - Object: 'Object Repository/ADMIN/Features Control/Booking Unit/a_Add New Booking Unit/checkbox_NightMonth' is clicked on

2019-05-15 10:31:23 - [TEST_STEP][PASSED] - delay: Delayed 1 second(s)

2019-05-15 10:31:24 - [MESSAGE][PASSED] - Delayed 1 second(s)

2019-05-15 10:31:24 - [TEST_STEP][PASSED] - click: Object: 'Object Repository/ADMIN/Features Control/Booking Unit/a_Add New Booking Unit/button_Save' is clicked on

2019-05-15 10:31:24 - [MESSAGE][PASSED] - Object: 'Object Repository/ADMIN/Features Control/Booking Unit/a_Add New Booking Unit/button_Save' is clicked on

2019-05-15 10:31:24 - [TEST_STEP][PASSED] - delay: Delayed 1 second(s)

2019-05-15 10:31:25 - [MESSAGE][PASSED] - Delayed 1 second(s)

2019-05-15 10:31:25 - [TEST_STEP][PASSED] - click: Object: 'Object Repository/ADMIN/Features Control/Booking Unit/topbutton_Save' is clicked on

2019-05-15 10:31:25 - [MESSAGE][PASSED] - Object: 'Object Repository/ADMIN/Features Control/Booking Unit/topbutton_Save' is clicked on

2019-05-15 10:31:25 - [TEST_STEP][PASSED] - waitForElementVisible: Object 'Object Repository/ADMIN/Features Control/Booking Unit/a_Save Popup/button_Save' is visible

2019-05-15 10:31:25 - [MESSAGE][WARNING] - Timeout '0' is invalid. Using default page load timeout: '30'

2019-05-15 10:31:25 - [MESSAGE][PASSED] - Object 'Object Repository/ADMIN/Features Control/Booking Unit/a_Save Popup/button_Save' is visible

2019-05-15 10:31:25 - [TEST_STEP][PASSED] - click: Object: 'Object Repository/ADMIN/Features Control/Booking Unit/a_Save Popup/button_Save' is clicked on

2019-05-15 10:31:25 - [MESSAGE][PASSED] - Object: 'Object Repository/ADMIN/Features Control/Booking Unit/a_Save Popup/button_Save' is clicked on

2019-05-15 10:31:25 - [TEST_STEP][PASSED] - waitForElementVisible: Object 'Object Repository/ADMIN/Features Control/Booking Unit/a_ToasterMessage/toaster_SaveSuccessfully' is visible

2019-05-15 10:31:25 - [MESSAGE][WARNING] - Timeout '0' is invalid. Using default page load timeout: '30'

2019-05-15 10:31:28 - [MESSAGE][PASSED] - Object 'Object Repository/ADMIN/Features Control/Booking Unit/a_ToasterMessage/toaster_SaveSuccessfully' is visible

2019-05-15 10:31:28 - [TEST_STEP][PASSED] - waitForElementNotPresent: Web element with id: 'Object Repository/ADMIN/Features Control/Booking Unit/a_ToasterMessage/toaster_SaveSuccessfully' located by 'By.xpath: //div[@class = 'toast toast-success' and (text() = 'Save successfully' or . = 'Save successfully')]' is not present after '30' second(s)

2019-05-15 10:31:28 - [MESSAGE][WARNING] - Timeout '0' is invalid. Using default page load timeout: '30'

2019-05-15 10:31:34 - [MESSAGE][PASSED] - Web element with id: 'Object Repository/ADMIN/Features Control/Booking Unit/a_ToasterMessage/toaster_SaveSuccessfully' located by 'By.xpath: //div[@class = 'toast toast-success' and (text() = 'Save successfully' or . = 'Save successfully')]' is not present after '30' second(s)]]></system-out>
         <system-err><![CDATA[]]></system-err>
      </testcase>
      <testcase name="Test Cases/ADMIN/Features Control/Booking Unit/Combination/Overnight/12Add_NightMonthCustom" classname="Test Cases/ADMIN/Features Control/Booking Unit/Combination/Overnight/12Add_NightMonthCustom" status="PASSED">
         <system-out><![CDATA[2019-05-15 10:31:34 - [TEST_CASE][PASSED] - Test Cases/ADMIN/Features Control/Booking Unit/Combination/Overnight/12Add_NightMonthCustom: Test Cases/ADMIN/Features Control/Booking Unit/Combination/Overnight/12Add_NightMonthCustom

2019-05-15 10:31:34 - [TEST_STEP][PASSED] - waitForElementVisible: Object 'Object Repository/ADMIN/Features Control/Advance Search/a_Features Control' is visible

2019-05-15 10:31:34 - [MESSAGE][WARNING] - Timeout '0' is invalid. Using default page load timeout: '30'

2019-05-15 10:31:34 - [MESSAGE][PASSED] - Object 'Object Repository/ADMIN/Features Control/Advance Search/a_Features Control' is visible

2019-05-15 10:31:34 - [TEST_STEP][PASSED] - click: Object: 'Object Repository/ADMIN/Features Control/Advance Search/a_Features Control' is clicked on

2019-05-15 10:31:35 - [MESSAGE][PASSED] - Object: 'Object Repository/ADMIN/Features Control/Advance Search/a_Features Control' is clicked on

2019-05-15 10:31:35 - [TEST_STEP][PASSED] - waitForElementVisible: Object 'Object Repository/ADMIN/Features Control/Booking Unit/button_Edit' is visible

2019-05-15 10:31:35 - [MESSAGE][WARNING] - Timeout '0' is invalid. Using default page load timeout: '30'

2019-05-15 10:31:36 - [MESSAGE][PASSED] - Object 'Object Repository/ADMIN/Features Control/Booking Unit/button_Edit' is visible

2019-05-15 10:31:36 - [TEST_STEP][PASSED] - click: Object: 'Object Repository/ADMIN/Features Control/Booking Unit/button_Edit' is clicked on

2019-05-15 10:31:48 - [MESSAGE][PASSED] - Object: 'Object Repository/ADMIN/Features Control/Booking Unit/button_Edit' is clicked on

2019-05-15 10:31:48 - [TEST_STEP][PASSED] - waitForElementVisible: Object 'Object Repository/ADMIN/Features Control/Booking Unit/icon1st_NewBookingUnit' is visible

2019-05-15 10:31:48 - [MESSAGE][WARNING] - Timeout '0' is invalid. Using default page load timeout: '30'

2019-05-15 10:31:49 - [MESSAGE][PASSED] - Object 'Object Repository/ADMIN/Features Control/Booking Unit/icon1st_NewBookingUnit' is visible

2019-05-15 10:31:49 - [TEST_STEP][PASSED] - verifyElementVisible: Object 'Object Repository/ADMIN/Features Control/Booking Unit/textlabel_NewBookingUnit' is visible

2019-05-15 10:31:49 - [MESSAGE][PASSED] - Object 'Object Repository/ADMIN/Features Control/Booking Unit/textlabel_NewBookingUnit' is visible

2019-05-15 10:31:49 - [TEST_STEP][PASSED] - delay: Delayed 1 second(s)

2019-05-15 10:31:50 - [MESSAGE][PASSED] - Delayed 1 second(s)

2019-05-15 10:31:50 - [TEST_STEP][PASSED] - click: Object: 'Object Repository/ADMIN/Features Control/Booking Unit/button_AddBookingUnit' is clicked on

2019-05-15 10:31:50 - [MESSAGE][PASSED] - Object: 'Object Repository/ADMIN/Features Control/Booking Unit/button_AddBookingUnit' is clicked on

2019-05-15 10:31:50 - [TEST_STEP][PASSED] - waitForElementVisible: Object 'Object Repository/ADMIN/Features Control/Booking Unit/a_Add New Booking Unit/textlabel_AddNewBookingUnit' is visible

2019-05-15 10:31:50 - [MESSAGE][WARNING] - Timeout '0' is invalid. Using default page load timeout: '30'

2019-05-15 10:31:50 - [MESSAGE][PASSED] - Object 'Object Repository/ADMIN/Features Control/Booking Unit/a_Add New Booking Unit/textlabel_AddNewBookingUnit' is visible

2019-05-15 10:31:50 - [TEST_STEP][PASSED] - delay: Delayed 1 second(s)

2019-05-15 10:31:51 - [MESSAGE][PASSED] - Delayed 1 second(s)

2019-05-15 10:31:51 - [TEST_STEP][PASSED] - setText: Text 'Night 12' is set on object 'Object Repository/ADMIN/Features Control/Booking Unit/a_Add New Booking Unit/textfield_UnitName'

2019-05-15 10:31:51 - [MESSAGE][PASSED] - Text 'Night 12' is set on object 'Object Repository/ADMIN/Features Control/Booking Unit/a_Add New Booking Unit/textfield_UnitName'

2019-05-15 10:31:51 - [TEST_STEP][PASSED] - delay: Delayed 1 second(s)

2019-05-15 10:31:52 - [MESSAGE][PASSED] - Delayed 1 second(s)

2019-05-15 10:31:52 - [TEST_STEP][PASSED] - click: Object: 'Object Repository/ADMIN/Features Control/Booking Unit/a_Add New Booking Unit/button_toggle' is clicked on

2019-05-15 10:31:52 - [MESSAGE][PASSED] - Object: 'Object Repository/ADMIN/Features Control/Booking Unit/a_Add New Booking Unit/button_toggle' is clicked on

2019-05-15 10:31:52 - [TEST_STEP][PASSED] - waitForElementVisible: Object 'Object Repository/ADMIN/Features Control/Booking Unit/a_Add New Booking Unit/checkbox_Night' is visible

2019-05-15 10:31:52 - [MESSAGE][WARNING] - Timeout '0' is invalid. Using default page load timeout: '30'

2019-05-15 10:31:52 - [MESSAGE][PASSED] - Object 'Object Repository/ADMIN/Features Control/Booking Unit/a_Add New Booking Unit/checkbox_Night' is visible

2019-05-15 10:31:52 - [TEST_STEP][PASSED] - click: Object: 'Object Repository/ADMIN/Features Control/Booking Unit/a_Add New Booking Unit/checkbox_Night' is clicked on

2019-05-15 10:31:52 - [MESSAGE][PASSED] - Object: 'Object Repository/ADMIN/Features Control/Booking Unit/a_Add New Booking Unit/checkbox_Night' is clicked on

2019-05-15 10:31:52 - [TEST_STEP][PASSED] - click: Object: 'Object Repository/ADMIN/Features Control/Booking Unit/a_Add New Booking Unit/checkbox_NightMonth' is clicked on

2019-05-15 10:31:52 - [MESSAGE][PASSED] - Object: 'Object Repository/ADMIN/Features Control/Booking Unit/a_Add New Booking Unit/checkbox_NightMonth' is clicked on

2019-05-15 10:31:52 - [TEST_STEP][PASSED] - click: Object: 'Object Repository/ADMIN/Features Control/Booking Unit/a_Add New Booking Unit/checkbox_NightCustom' is clicked on

2019-05-15 10:31:52 - [MESSAGE][PASSED] - Object: 'Object Repository/ADMIN/Features Control/Booking Unit/a_Add New Booking Unit/checkbox_NightCustom' is clicked on

2019-05-15 10:31:52 - [TEST_STEP][PASSED] - delay: Delayed 1 second(s)

2019-05-15 10:31:53 - [MESSAGE][PASSED] - Delayed 1 second(s)

2019-05-15 10:31:53 - [TEST_STEP][PASSED] - click: Object: 'Object Repository/ADMIN/Features Control/Booking Unit/a_Add New Booking Unit/button_Save' is clicked on

2019-05-15 10:31:53 - [MESSAGE][PASSED] - Object: 'Object Repository/ADMIN/Features Control/Booking Unit/a_Add New Booking Unit/button_Save' is clicked on

2019-05-15 10:31:53 - [TEST_STEP][PASSED] - delay: Delayed 1 second(s)

2019-05-15 10:31:54 - [MESSAGE][PASSED] - Delayed 1 second(s)

2019-05-15 10:31:54 - [TEST_STEP][PASSED] - click: Object: 'Object Repository/ADMIN/Features Control/Booking Unit/topbutton_Save' is clicked on

2019-05-15 10:31:55 - [MESSAGE][PASSED] - Object: 'Object Repository/ADMIN/Features Control/Booking Unit/topbutton_Save' is clicked on

2019-05-15 10:31:55 - [TEST_STEP][PASSED] - waitForElementVisible: Object 'Object Repository/ADMIN/Features Control/Booking Unit/a_Save Popup/button_Save' is visible

2019-05-15 10:31:55 - [MESSAGE][WARNING] - Timeout '0' is invalid. Using default page load timeout: '30'

2019-05-15 10:31:55 - [MESSAGE][PASSED] - Object 'Object Repository/ADMIN/Features Control/Booking Unit/a_Save Popup/button_Save' is visible

2019-05-15 10:31:55 - [TEST_STEP][PASSED] - click: Object: 'Object Repository/ADMIN/Features Control/Booking Unit/a_Save Popup/button_Save' is clicked on

2019-05-15 10:31:55 - [MESSAGE][PASSED] - Object: 'Object Repository/ADMIN/Features Control/Booking Unit/a_Save Popup/button_Save' is clicked on

2019-05-15 10:31:55 - [TEST_STEP][PASSED] - waitForElementVisible: Object 'Object Repository/ADMIN/Features Control/Booking Unit/a_ToasterMessage/toaster_SaveSuccessfully' is visible

2019-05-15 10:31:55 - [MESSAGE][WARNING] - Timeout '0' is invalid. Using default page load timeout: '30'

2019-05-15 10:31:57 - [MESSAGE][PASSED] - Object 'Object Repository/ADMIN/Features Control/Booking Unit/a_ToasterMessage/toaster_SaveSuccessfully' is visible

2019-05-15 10:31:57 - [TEST_STEP][PASSED] - waitForElementNotPresent: Web element with id: 'Object Repository/ADMIN/Features Control/Booking Unit/a_ToasterMessage/toaster_SaveSuccessfully' located by 'By.xpath: //div[@class = 'toast toast-success' and (text() = 'Save successfully' or . = 'Save successfully')]' is not present after '30' second(s)

2019-05-15 10:31:57 - [MESSAGE][WARNING] - Timeout '0' is invalid. Using default page load timeout: '30'

2019-05-15 10:32:03 - [MESSAGE][PASSED] - Web element with id: 'Object Repository/ADMIN/Features Control/Booking Unit/a_ToasterMessage/toaster_SaveSuccessfully' located by 'By.xpath: //div[@class = 'toast toast-success' and (text() = 'Save successfully' or . = 'Save successfully')]' is not present after '30' second(s)]]></system-out>
         <system-err><![CDATA[]]></system-err>
      </testcase>
      <testcase name="Test Cases/ADMIN/Features Control/Booking Unit/Combination/Overnight/13Add_WeekMonthCustom" classname="Test Cases/ADMIN/Features Control/Booking Unit/Combination/Overnight/13Add_WeekMonthCustom" status="PASSED">
         <system-out><![CDATA[2019-05-15 10:32:03 - [TEST_CASE][PASSED] - Test Cases/ADMIN/Features Control/Booking Unit/Combination/Overnight/13Add_WeekMonthCustom: Test Cases/ADMIN/Features Control/Booking Unit/Combination/Overnight/13Add_WeekMonthCustom

2019-05-15 10:32:03 - [TEST_STEP][PASSED] - waitForElementVisible: Object 'Object Repository/ADMIN/Features Control/Advance Search/a_Features Control' is visible

2019-05-15 10:32:03 - [MESSAGE][WARNING] - Timeout '0' is invalid. Using default page load timeout: '30'

2019-05-15 10:32:03 - [MESSAGE][PASSED] - Object 'Object Repository/ADMIN/Features Control/Advance Search/a_Features Control' is visible

2019-05-15 10:32:03 - [TEST_STEP][PASSED] - click: Object: 'Object Repository/ADMIN/Features Control/Advance Search/a_Features Control' is clicked on

2019-05-15 10:32:05 - [MESSAGE][PASSED] - Object: 'Object Repository/ADMIN/Features Control/Advance Search/a_Features Control' is clicked on

2019-05-15 10:32:05 - [TEST_STEP][PASSED] - waitForElementVisible: Object 'Object Repository/ADMIN/Features Control/Booking Unit/button_Edit' is visible

2019-05-15 10:32:05 - [MESSAGE][WARNING] - Timeout '0' is invalid. Using default page load timeout: '30'

2019-05-15 10:32:05 - [MESSAGE][PASSED] - Object 'Object Repository/ADMIN/Features Control/Booking Unit/button_Edit' is visible

2019-05-15 10:32:05 - [TEST_STEP][PASSED] - click: Object: 'Object Repository/ADMIN/Features Control/Booking Unit/button_Edit' is clicked on

2019-05-15 10:32:06 - [MESSAGE][PASSED] - Object: 'Object Repository/ADMIN/Features Control/Booking Unit/button_Edit' is clicked on

2019-05-15 10:32:06 - [TEST_STEP][PASSED] - waitForElementVisible: Object 'Object Repository/ADMIN/Features Control/Booking Unit/icon1st_NewBookingUnit' is visible

2019-05-15 10:32:06 - [MESSAGE][WARNING] - Timeout '0' is invalid. Using default page load timeout: '30'

2019-05-15 10:32:06 - [MESSAGE][PASSED] - Object 'Object Repository/ADMIN/Features Control/Booking Unit/icon1st_NewBookingUnit' is visible

2019-05-15 10:32:06 - [TEST_STEP][PASSED] - verifyElementVisible: Object 'Object Repository/ADMIN/Features Control/Booking Unit/textlabel_NewBookingUnit' is visible

2019-05-15 10:32:06 - [MESSAGE][PASSED] - Object 'Object Repository/ADMIN/Features Control/Booking Unit/textlabel_NewBookingUnit' is visible

2019-05-15 10:32:06 - [TEST_STEP][PASSED] - delay: Delayed 1 second(s)

2019-05-15 10:32:07 - [MESSAGE][PASSED] - Delayed 1 second(s)

2019-05-15 10:32:07 - [TEST_STEP][PASSED] - click: Object: 'Object Repository/ADMIN/Features Control/Booking Unit/button_AddBookingUnit' is clicked on

2019-05-15 10:32:07 - [MESSAGE][PASSED] - Object: 'Object Repository/ADMIN/Features Control/Booking Unit/button_AddBookingUnit' is clicked on

2019-05-15 10:32:07 - [TEST_STEP][PASSED] - waitForElementVisible: Object 'Object Repository/ADMIN/Features Control/Booking Unit/a_Add New Booking Unit/textlabel_AddNewBookingUnit' is visible

2019-05-15 10:32:07 - [MESSAGE][WARNING] - Timeout '0' is invalid. Using default page load timeout: '30'

2019-05-15 10:32:07 - [MESSAGE][PASSED] - Object 'Object Repository/ADMIN/Features Control/Booking Unit/a_Add New Booking Unit/textlabel_AddNewBookingUnit' is visible

2019-05-15 10:32:07 - [TEST_STEP][PASSED] - delay: Delayed 1 second(s)

2019-05-15 10:32:08 - [MESSAGE][PASSED] - Delayed 1 second(s)

2019-05-15 10:32:08 - [TEST_STEP][PASSED] - setText: Text 'Night 13' is set on object 'Object Repository/ADMIN/Features Control/Booking Unit/a_Add New Booking Unit/textfield_UnitName'

2019-05-15 10:32:09 - [MESSAGE][PASSED] - Text 'Night 13' is set on object 'Object Repository/ADMIN/Features Control/Booking Unit/a_Add New Booking Unit/textfield_UnitName'

2019-05-15 10:32:09 - [TEST_STEP][PASSED] - delay: Delayed 1 second(s)

2019-05-15 10:32:10 - [MESSAGE][PASSED] - Delayed 1 second(s)

2019-05-15 10:32:10 - [TEST_STEP][PASSED] - click: Object: 'Object Repository/ADMIN/Features Control/Booking Unit/a_Add New Booking Unit/button_toggle' is clicked on

2019-05-15 10:32:10 - [MESSAGE][PASSED] - Object: 'Object Repository/ADMIN/Features Control/Booking Unit/a_Add New Booking Unit/button_toggle' is clicked on

2019-05-15 10:32:10 - [TEST_STEP][PASSED] - waitForElementVisible: Object 'Object Repository/ADMIN/Features Control/Booking Unit/a_Add New Booking Unit/checkbox_Night' is visible

2019-05-15 10:32:10 - [MESSAGE][WARNING] - Timeout '0' is invalid. Using default page load timeout: '30'

2019-05-15 10:32:10 - [MESSAGE][PASSED] - Object 'Object Repository/ADMIN/Features Control/Booking Unit/a_Add New Booking Unit/checkbox_Night' is visible

2019-05-15 10:32:10 - [TEST_STEP][PASSED] - click: Object: 'Object Repository/ADMIN/Features Control/Booking Unit/a_Add New Booking Unit/checkbox_NightWeek' is clicked on

2019-05-15 10:32:10 - [MESSAGE][PASSED] - Object: 'Object Repository/ADMIN/Features Control/Booking Unit/a_Add New Booking Unit/checkbox_NightWeek' is clicked on

2019-05-15 10:32:10 - [TEST_STEP][PASSED] - click: Object: 'Object Repository/ADMIN/Features Control/Booking Unit/a_Add New Booking Unit/checkbox_NightMonth' is clicked on

2019-05-15 10:32:10 - [MESSAGE][PASSED] - Object: 'Object Repository/ADMIN/Features Control/Booking Unit/a_Add New Booking Unit/checkbox_NightMonth' is clicked on

2019-05-15 10:32:10 - [TEST_STEP][PASSED] - click: Object: 'Object Repository/ADMIN/Features Control/Booking Unit/a_Add New Booking Unit/checkbox_NightCustom' is clicked on

2019-05-15 10:32:10 - [MESSAGE][PASSED] - Object: 'Object Repository/ADMIN/Features Control/Booking Unit/a_Add New Booking Unit/checkbox_NightCustom' is clicked on

2019-05-15 10:32:10 - [TEST_STEP][PASSED] - delay: Delayed 1 second(s)

2019-05-15 10:32:11 - [MESSAGE][PASSED] - Delayed 1 second(s)

2019-05-15 10:32:11 - [TEST_STEP][PASSED] - click: Object: 'Object Repository/ADMIN/Features Control/Booking Unit/a_Add New Booking Unit/button_Save' is clicked on

2019-05-15 10:32:11 - [MESSAGE][PASSED] - Object: 'Object Repository/ADMIN/Features Control/Booking Unit/a_Add New Booking Unit/button_Save' is clicked on

2019-05-15 10:32:11 - [TEST_STEP][PASSED] - delay: Delayed 1 second(s)

2019-05-15 10:32:12 - [MESSAGE][PASSED] - Delayed 1 second(s)

2019-05-15 10:32:12 - [TEST_STEP][PASSED] - click: Object: 'Object Repository/ADMIN/Features Control/Booking Unit/topbutton_Save' is clicked on

2019-05-15 10:32:12 - [MESSAGE][PASSED] - Object: 'Object Repository/ADMIN/Features Control/Booking Unit/topbutton_Save' is clicked on

2019-05-15 10:32:12 - [TEST_STEP][PASSED] - waitForElementVisible: Object 'Object Repository/ADMIN/Features Control/Booking Unit/a_Save Popup/button_Save' is visible

2019-05-15 10:32:12 - [MESSAGE][WARNING] - Timeout '0' is invalid. Using default page load timeout: '30'

2019-05-15 10:32:12 - [MESSAGE][PASSED] - Object 'Object Repository/ADMIN/Features Control/Booking Unit/a_Save Popup/button_Save' is visible

2019-05-15 10:32:12 - [TEST_STEP][PASSED] - click: Object: 'Object Repository/ADMIN/Features Control/Booking Unit/a_Save Popup/button_Save' is clicked on

2019-05-15 10:32:12 - [MESSAGE][PASSED] - Object: 'Object Repository/ADMIN/Features Control/Booking Unit/a_Save Popup/button_Save' is clicked on

2019-05-15 10:32:12 - [TEST_STEP][PASSED] - waitForElementVisible: Object 'Object Repository/ADMIN/Features Control/Booking Unit/a_ToasterMessage/toaster_SaveSuccessfully' is visible

2019-05-15 10:32:12 - [MESSAGE][WARNING] - Timeout '0' is invalid. Using default page load timeout: '30'

2019-05-15 10:32:28 - [MESSAGE][PASSED] - Object 'Object Repository/ADMIN/Features Control/Booking Unit/a_ToasterMessage/toaster_SaveSuccessfully' is visible

2019-05-15 10:32:28 - [TEST_STEP][PASSED] - waitForElementNotPresent: Web element with id: 'Object Repository/ADMIN/Features Control/Booking Unit/a_ToasterMessage/toaster_SaveSuccessfully' located by 'By.xpath: //div[@class = 'toast toast-success' and (text() = 'Save successfully' or . = 'Save successfully')]' is not present after '30' second(s)

2019-05-15 10:32:28 - [MESSAGE][WARNING] - Timeout '0' is invalid. Using default page load timeout: '30'

2019-05-15 10:32:33 - [MESSAGE][PASSED] - Web element with id: 'Object Repository/ADMIN/Features Control/Booking Unit/a_ToasterMessage/toaster_SaveSuccessfully' located by 'By.xpath: //div[@class = 'toast toast-success' and (text() = 'Save successfully' or . = 'Save successfully')]' is not present after '30' second(s)]]></system-out>
         <system-err><![CDATA[]]></system-err>
      </testcase>
      <testcase name="Test Cases/ADMIN/Features Control/Booking Unit/Combination/Overnight/14Add_WeekCustomNight" classname="Test Cases/ADMIN/Features Control/Booking Unit/Combination/Overnight/14Add_WeekCustomNight" status="PASSED">
         <system-out><![CDATA[2019-05-15 10:32:33 - [TEST_CASE][PASSED] - Test Cases/ADMIN/Features Control/Booking Unit/Combination/Overnight/14Add_WeekCustomNight: Test Cases/ADMIN/Features Control/Booking Unit/Combination/Overnight/14Add_WeekCustomNight

2019-05-15 10:32:33 - [TEST_STEP][PASSED] - waitForElementVisible: Object 'Object Repository/ADMIN/Features Control/Advance Search/a_Features Control' is visible

2019-05-15 10:32:33 - [MESSAGE][WARNING] - Timeout '0' is invalid. Using default page load timeout: '30'

2019-05-15 10:32:33 - [MESSAGE][PASSED] - Object 'Object Repository/ADMIN/Features Control/Advance Search/a_Features Control' is visible

2019-05-15 10:32:33 - [TEST_STEP][PASSED] - click: Object: 'Object Repository/ADMIN/Features Control/Advance Search/a_Features Control' is clicked on

2019-05-15 10:32:34 - [MESSAGE][PASSED] - Object: 'Object Repository/ADMIN/Features Control/Advance Search/a_Features Control' is clicked on

2019-05-15 10:32:34 - [TEST_STEP][PASSED] - waitForElementVisible: Object 'Object Repository/ADMIN/Features Control/Booking Unit/button_Edit' is visible

2019-05-15 10:32:34 - [MESSAGE][WARNING] - Timeout '0' is invalid. Using default page load timeout: '30'

2019-05-15 10:32:34 - [MESSAGE][PASSED] - Object 'Object Repository/ADMIN/Features Control/Booking Unit/button_Edit' is visible

2019-05-15 10:32:34 - [TEST_STEP][PASSED] - click: Object: 'Object Repository/ADMIN/Features Control/Booking Unit/button_Edit' is clicked on

2019-05-15 10:32:34 - [MESSAGE][PASSED] - Object: 'Object Repository/ADMIN/Features Control/Booking Unit/button_Edit' is clicked on

2019-05-15 10:32:34 - [TEST_STEP][PASSED] - waitForElementVisible: Object 'Object Repository/ADMIN/Features Control/Booking Unit/icon1st_NewBookingUnit' is visible

2019-05-15 10:32:34 - [MESSAGE][WARNING] - Timeout '0' is invalid. Using default page load timeout: '30'

2019-05-15 10:32:35 - [MESSAGE][PASSED] - Object 'Object Repository/ADMIN/Features Control/Booking Unit/icon1st_NewBookingUnit' is visible

2019-05-15 10:32:35 - [TEST_STEP][PASSED] - verifyElementVisible: Object 'Object Repository/ADMIN/Features Control/Booking Unit/textlabel_NewBookingUnit' is visible

2019-05-15 10:32:35 - [MESSAGE][PASSED] - Object 'Object Repository/ADMIN/Features Control/Booking Unit/textlabel_NewBookingUnit' is visible

2019-05-15 10:32:35 - [TEST_STEP][PASSED] - delay: Delayed 1 second(s)

2019-05-15 10:32:36 - [MESSAGE][PASSED] - Delayed 1 second(s)

2019-05-15 10:32:36 - [TEST_STEP][PASSED] - click: Object: 'Object Repository/ADMIN/Features Control/Booking Unit/button_AddBookingUnit' is clicked on

2019-05-15 10:32:36 - [MESSAGE][PASSED] - Object: 'Object Repository/ADMIN/Features Control/Booking Unit/button_AddBookingUnit' is clicked on

2019-05-15 10:32:36 - [TEST_STEP][PASSED] - waitForElementVisible: Object 'Object Repository/ADMIN/Features Control/Booking Unit/a_Add New Booking Unit/textlabel_AddNewBookingUnit' is visible

2019-05-15 10:32:36 - [MESSAGE][WARNING] - Timeout '0' is invalid. Using default page load timeout: '30'

2019-05-15 10:32:36 - [MESSAGE][PASSED] - Object 'Object Repository/ADMIN/Features Control/Booking Unit/a_Add New Booking Unit/textlabel_AddNewBookingUnit' is visible

2019-05-15 10:32:36 - [TEST_STEP][PASSED] - delay: Delayed 1 second(s)

2019-05-15 10:32:37 - [MESSAGE][PASSED] - Delayed 1 second(s)

2019-05-15 10:32:37 - [TEST_STEP][PASSED] - setText: Text 'Night 14' is set on object 'Object Repository/ADMIN/Features Control/Booking Unit/a_Add New Booking Unit/textfield_UnitName'

2019-05-15 10:32:37 - [MESSAGE][PASSED] - Text 'Night 14' is set on object 'Object Repository/ADMIN/Features Control/Booking Unit/a_Add New Booking Unit/textfield_UnitName'

2019-05-15 10:32:37 - [TEST_STEP][PASSED] - delay: Delayed 1 second(s)

2019-05-15 10:32:38 - [MESSAGE][PASSED] - Delayed 1 second(s)

2019-05-15 10:32:38 - [TEST_STEP][PASSED] - click: Object: 'Object Repository/ADMIN/Features Control/Booking Unit/a_Add New Booking Unit/button_toggle' is clicked on

2019-05-15 10:32:38 - [MESSAGE][PASSED] - Object: 'Object Repository/ADMIN/Features Control/Booking Unit/a_Add New Booking Unit/button_toggle' is clicked on

2019-05-15 10:32:38 - [TEST_STEP][PASSED] - waitForElementVisible: Object 'Object Repository/ADMIN/Features Control/Booking Unit/a_Add New Booking Unit/checkbox_Night' is visible

2019-05-15 10:32:38 - [MESSAGE][WARNING] - Timeout '0' is invalid. Using default page load timeout: '30'

2019-05-15 10:32:38 - [MESSAGE][PASSED] - Object 'Object Repository/ADMIN/Features Control/Booking Unit/a_Add New Booking Unit/checkbox_Night' is visible

2019-05-15 10:32:38 - [TEST_STEP][PASSED] - click: Object: 'Object Repository/ADMIN/Features Control/Booking Unit/a_Add New Booking Unit/checkbox_NightWeek' is clicked on

2019-05-15 10:32:38 - [MESSAGE][PASSED] - Object: 'Object Repository/ADMIN/Features Control/Booking Unit/a_Add New Booking Unit/checkbox_NightWeek' is clicked on

2019-05-15 10:32:38 - [TEST_STEP][PASSED] - click: Object: 'Object Repository/ADMIN/Features Control/Booking Unit/a_Add New Booking Unit/checkbox_NightCustom' is clicked on

2019-05-15 10:32:39 - [MESSAGE][PASSED] - Object: 'Object Repository/ADMIN/Features Control/Booking Unit/a_Add New Booking Unit/checkbox_NightCustom' is clicked on

2019-05-15 10:32:39 - [TEST_STEP][PASSED] - click: Object: 'Object Repository/ADMIN/Features Control/Booking Unit/a_Add New Booking Unit/checkbox_Night' is clicked on

2019-05-15 10:32:39 - [MESSAGE][PASSED] - Object: 'Object Repository/ADMIN/Features Control/Booking Unit/a_Add New Booking Unit/checkbox_Night' is clicked on

2019-05-15 10:32:39 - [TEST_STEP][PASSED] - delay: Delayed 1 second(s)

2019-05-15 10:32:40 - [MESSAGE][PASSED] - Delayed 1 second(s)

2019-05-15 10:32:40 - [TEST_STEP][PASSED] - click: Object: 'Object Repository/ADMIN/Features Control/Booking Unit/a_Add New Booking Unit/button_Save' is clicked on

2019-05-15 10:32:40 - [MESSAGE][PASSED] - Object: 'Object Repository/ADMIN/Features Control/Booking Unit/a_Add New Booking Unit/button_Save' is clicked on

2019-05-15 10:32:40 - [TEST_STEP][PASSED] - delay: Delayed 1 second(s)

2019-05-15 10:32:41 - [MESSAGE][PASSED] - Delayed 1 second(s)

2019-05-15 10:32:41 - [TEST_STEP][PASSED] - click: Object: 'Object Repository/ADMIN/Features Control/Booking Unit/topbutton_Save' is clicked on

2019-05-15 10:32:41 - [MESSAGE][PASSED] - Object: 'Object Repository/ADMIN/Features Control/Booking Unit/topbutton_Save' is clicked on

2019-05-15 10:32:41 - [TEST_STEP][PASSED] - waitForElementVisible: Object 'Object Repository/ADMIN/Features Control/Booking Unit/a_Save Popup/button_Save' is visible

2019-05-15 10:32:41 - [MESSAGE][WARNING] - Timeout '0' is invalid. Using default page load timeout: '30'

2019-05-15 10:32:41 - [MESSAGE][PASSED] - Object 'Object Repository/ADMIN/Features Control/Booking Unit/a_Save Popup/button_Save' is visible

2019-05-15 10:32:41 - [TEST_STEP][PASSED] - click: Object: 'Object Repository/ADMIN/Features Control/Booking Unit/a_Save Popup/button_Save' is clicked on

2019-05-15 10:32:41 - [MESSAGE][PASSED] - Object: 'Object Repository/ADMIN/Features Control/Booking Unit/a_Save Popup/button_Save' is clicked on

2019-05-15 10:32:41 - [TEST_STEP][PASSED] - waitForElementVisible: Object 'Object Repository/ADMIN/Features Control/Booking Unit/a_ToasterMessage/toaster_SaveSuccessfully' is visible

2019-05-15 10:32:41 - [MESSAGE][WARNING] - Timeout '0' is invalid. Using default page load timeout: '30'

2019-05-15 10:32:45 - [MESSAGE][PASSED] - Object 'Object Repository/ADMIN/Features Control/Booking Unit/a_ToasterMessage/toaster_SaveSuccessfully' is visible

2019-05-15 10:32:45 - [TEST_STEP][PASSED] - waitForElementNotPresent: Web element with id: 'Object Repository/ADMIN/Features Control/Booking Unit/a_ToasterMessage/toaster_SaveSuccessfully' located by 'By.xpath: //div[@class = 'toast toast-success' and (text() = 'Save successfully' or . = 'Save successfully')]' is not present after '30' second(s)

2019-05-15 10:32:45 - [MESSAGE][WARNING] - Timeout '0' is invalid. Using default page load timeout: '30'

2019-05-15 10:32:51 - [MESSAGE][PASSED] - Web element with id: 'Object Repository/ADMIN/Features Control/Booking Unit/a_ToasterMessage/toaster_SaveSuccessfully' located by 'By.xpath: //div[@class = 'toast toast-success' and (text() = 'Save successfully' or . = 'Save successfully')]' is not present after '30' second(s)]]></system-out>
         <system-err><![CDATA[]]></system-err>
      </testcase>
      <testcase name="Test Cases/ADMIN/Features Control/Booking Unit/Combination/Overnight/15Add_allNightService" classname="Test Cases/ADMIN/Features Control/Booking Unit/Combination/Overnight/15Add_allNightService" status="PASSED">
         <system-out><![CDATA[2019-05-15 10:32:51 - [TEST_CASE][PASSED] - Test Cases/ADMIN/Features Control/Booking Unit/Combination/Overnight/15Add_allNightService: Test Cases/ADMIN/Features Control/Booking Unit/Combination/Overnight/15Add_allNightService

2019-05-15 10:32:51 - [TEST_STEP][PASSED] - waitForElementVisible: Object 'Object Repository/ADMIN/Features Control/Advance Search/a_Features Control' is visible

2019-05-15 10:32:51 - [MESSAGE][WARNING] - Timeout '0' is invalid. Using default page load timeout: '30'

2019-05-15 10:32:51 - [MESSAGE][PASSED] - Object 'Object Repository/ADMIN/Features Control/Advance Search/a_Features Control' is visible

2019-05-15 10:32:51 - [TEST_STEP][PASSED] - click: Object: 'Object Repository/ADMIN/Features Control/Advance Search/a_Features Control' is clicked on

2019-05-15 10:32:56 - [MESSAGE][PASSED] - Object: 'Object Repository/ADMIN/Features Control/Advance Search/a_Features Control' is clicked on

2019-05-15 10:32:56 - [TEST_STEP][PASSED] - waitForElementVisible: Object 'Object Repository/ADMIN/Features Control/Booking Unit/button_Edit' is visible

2019-05-15 10:32:56 - [MESSAGE][WARNING] - Timeout '0' is invalid. Using default page load timeout: '30'

2019-05-15 10:32:56 - [MESSAGE][PASSED] - Object 'Object Repository/ADMIN/Features Control/Booking Unit/button_Edit' is visible

2019-05-15 10:32:56 - [TEST_STEP][PASSED] - click: Object: 'Object Repository/ADMIN/Features Control/Booking Unit/button_Edit' is clicked on

2019-05-15 10:33:00 - [MESSAGE][PASSED] - Object: 'Object Repository/ADMIN/Features Control/Booking Unit/button_Edit' is clicked on

2019-05-15 10:33:00 - [TEST_STEP][PASSED] - waitForElementVisible: Object 'Object Repository/ADMIN/Features Control/Booking Unit/icon1st_NewBookingUnit' is visible

2019-05-15 10:33:00 - [MESSAGE][WARNING] - Timeout '0' is invalid. Using default page load timeout: '30'

2019-05-15 10:33:00 - [MESSAGE][PASSED] - Object 'Object Repository/ADMIN/Features Control/Booking Unit/icon1st_NewBookingUnit' is visible

2019-05-15 10:33:00 - [TEST_STEP][PASSED] - verifyElementVisible: Object 'Object Repository/ADMIN/Features Control/Booking Unit/textlabel_NewBookingUnit' is visible

2019-05-15 10:33:00 - [MESSAGE][PASSED] - Object 'Object Repository/ADMIN/Features Control/Booking Unit/textlabel_NewBookingUnit' is visible

2019-05-15 10:33:00 - [TEST_STEP][PASSED] - delay: Delayed 1 second(s)

2019-05-15 10:33:01 - [MESSAGE][PASSED] - Delayed 1 second(s)

2019-05-15 10:33:01 - [TEST_STEP][PASSED] - click: Object: 'Object Repository/ADMIN/Features Control/Booking Unit/button_AddBookingUnit' is clicked on

2019-05-15 10:33:01 - [MESSAGE][PASSED] - Object: 'Object Repository/ADMIN/Features Control/Booking Unit/button_AddBookingUnit' is clicked on

2019-05-15 10:33:01 - [TEST_STEP][PASSED] - waitForElementVisible: Object 'Object Repository/ADMIN/Features Control/Booking Unit/a_Add New Booking Unit/textlabel_AddNewBookingUnit' is visible

2019-05-15 10:33:01 - [MESSAGE][WARNING] - Timeout '0' is invalid. Using default page load timeout: '30'

2019-05-15 10:33:01 - [MESSAGE][PASSED] - Object 'Object Repository/ADMIN/Features Control/Booking Unit/a_Add New Booking Unit/textlabel_AddNewBookingUnit' is visible

2019-05-15 10:33:01 - [TEST_STEP][PASSED] - delay: Delayed 1 second(s)

2019-05-15 10:33:02 - [MESSAGE][PASSED] - Delayed 1 second(s)

2019-05-15 10:33:02 - [TEST_STEP][PASSED] - setText: Text 'Night 15' is set on object 'Object Repository/ADMIN/Features Control/Booking Unit/a_Add New Booking Unit/textfield_UnitName'

2019-05-15 10:33:02 - [MESSAGE][PASSED] - Text 'Night 15' is set on object 'Object Repository/ADMIN/Features Control/Booking Unit/a_Add New Booking Unit/textfield_UnitName'

2019-05-15 10:33:02 - [TEST_STEP][PASSED] - delay: Delayed 1 second(s)

2019-05-15 10:33:03 - [MESSAGE][PASSED] - Delayed 1 second(s)

2019-05-15 10:33:03 - [TEST_STEP][PASSED] - click: Object: 'Object Repository/ADMIN/Features Control/Booking Unit/a_Add New Booking Unit/button_toggle' is clicked on

2019-05-15 10:33:04 - [MESSAGE][PASSED] - Object: 'Object Repository/ADMIN/Features Control/Booking Unit/a_Add New Booking Unit/button_toggle' is clicked on

2019-05-15 10:33:04 - [TEST_STEP][PASSED] - waitForElementVisible: Object 'Object Repository/ADMIN/Features Control/Booking Unit/a_Add New Booking Unit/checkbox_Night' is visible

2019-05-15 10:33:04 - [MESSAGE][WARNING] - Timeout '0' is invalid. Using default page load timeout: '30'

2019-05-15 10:33:04 - [MESSAGE][PASSED] - Object 'Object Repository/ADMIN/Features Control/Booking Unit/a_Add New Booking Unit/checkbox_Night' is visible

2019-05-15 10:33:04 - [TEST_STEP][PASSED] - click: Object: 'Object Repository/ADMIN/Features Control/Booking Unit/a_Add New Booking Unit/checkbox_Night' is clicked on

2019-05-15 10:33:04 - [MESSAGE][PASSED] - Object: 'Object Repository/ADMIN/Features Control/Booking Unit/a_Add New Booking Unit/checkbox_Night' is clicked on

2019-05-15 10:33:04 - [TEST_STEP][PASSED] - click: Object: 'Object Repository/ADMIN/Features Control/Booking Unit/a_Add New Booking Unit/checkbox_NightWeek' is clicked on

2019-05-15 10:33:04 - [MESSAGE][PASSED] - Object: 'Object Repository/ADMIN/Features Control/Booking Unit/a_Add New Booking Unit/checkbox_NightWeek' is clicked on

2019-05-15 10:33:04 - [TEST_STEP][PASSED] - click: Object: 'Object Repository/ADMIN/Features Control/Booking Unit/a_Add New Booking Unit/checkbox_NightMonth' is clicked on

2019-05-15 10:33:04 - [MESSAGE][PASSED] - Object: 'Object Repository/ADMIN/Features Control/Booking Unit/a_Add New Booking Unit/checkbox_NightMonth' is clicked on

2019-05-15 10:33:04 - [TEST_STEP][PASSED] - click: Object: 'Object Repository/ADMIN/Features Control/Booking Unit/a_Add New Booking Unit/checkbox_NightCustom' is clicked on

2019-05-15 10:33:04 - [MESSAGE][PASSED] - Object: 'Object Repository/ADMIN/Features Control/Booking Unit/a_Add New Booking Unit/checkbox_NightCustom' is clicked on

2019-05-15 10:33:04 - [TEST_STEP][PASSED] - delay: Delayed 1 second(s)

2019-05-15 10:33:05 - [MESSAGE][PASSED] - Delayed 1 second(s)

2019-05-15 10:33:05 - [TEST_STEP][PASSED] - click: Object: 'Object Repository/ADMIN/Features Control/Booking Unit/a_Add New Booking Unit/button_Save' is clicked on

2019-05-15 10:33:05 - [MESSAGE][PASSED] - Object: 'Object Repository/ADMIN/Features Control/Booking Unit/a_Add New Booking Unit/button_Save' is clicked on

2019-05-15 10:33:05 - [TEST_STEP][PASSED] - delay: Delayed 1 second(s)

2019-05-15 10:33:06 - [MESSAGE][PASSED] - Delayed 1 second(s)

2019-05-15 10:33:06 - [TEST_STEP][PASSED] - click: Object: 'Object Repository/ADMIN/Features Control/Booking Unit/topbutton_Save' is clicked on

2019-05-15 10:33:06 - [MESSAGE][PASSED] - Object: 'Object Repository/ADMIN/Features Control/Booking Unit/topbutton_Save' is clicked on

2019-05-15 10:33:06 - [TEST_STEP][PASSED] - waitForElementVisible: Object 'Object Repository/ADMIN/Features Control/Booking Unit/a_Save Popup/button_Save' is visible

2019-05-15 10:33:06 - [MESSAGE][WARNING] - Timeout '0' is invalid. Using default page load timeout: '30'

2019-05-15 10:33:06 - [MESSAGE][PASSED] - Object 'Object Repository/ADMIN/Features Control/Booking Unit/a_Save Popup/button_Save' is visible

2019-05-15 10:33:06 - [TEST_STEP][PASSED] - click: Object: 'Object Repository/ADMIN/Features Control/Booking Unit/a_Save Popup/button_Save' is clicked on

2019-05-15 10:33:06 - [MESSAGE][PASSED] - Object: 'Object Repository/ADMIN/Features Control/Booking Unit/a_Save Popup/button_Save' is clicked on

2019-05-15 10:33:06 - [TEST_STEP][PASSED] - waitForElementVisible: Object 'Object Repository/ADMIN/Features Control/Booking Unit/a_ToasterMessage/toaster_SaveSuccessfully' is visible

2019-05-15 10:33:06 - [MESSAGE][WARNING] - Timeout '0' is invalid. Using default page load timeout: '30'

2019-05-15 10:33:16 - [MESSAGE][PASSED] - Object 'Object Repository/ADMIN/Features Control/Booking Unit/a_ToasterMessage/toaster_SaveSuccessfully' is visible

2019-05-15 10:33:16 - [TEST_STEP][PASSED] - waitForElementNotPresent: Web element with id: 'Object Repository/ADMIN/Features Control/Booking Unit/a_ToasterMessage/toaster_SaveSuccessfully' located by 'By.xpath: //div[@class = 'toast toast-success' and (text() = 'Save successfully' or . = 'Save successfully')]' is not present after '30' second(s)

2019-05-15 10:33:16 - [MESSAGE][WARNING] - Timeout '0' is invalid. Using default page load timeout: '30'

2019-05-15 10:33:21 - [MESSAGE][PASSED] - Web element with id: 'Object Repository/ADMIN/Features Control/Booking Unit/a_ToasterMessage/toaster_SaveSuccessfully' located by 'By.xpath: //div[@class = 'toast toast-success' and (text() = 'Save successfully' or . = 'Save successfully')]' is not present after '30' second(s)]]></system-out>
         <system-err><![CDATA[]]></system-err>
      </testcase>
      <testcase name="Test Cases/Utilities/ADMIN/Admin Logout" classname="Test Cases/Utilities/ADMIN/Admin Logout" status="PASSED">
         <system-out><![CDATA[2019-05-15 10:33:21 - [TEST_CASE][PASSED] - Test Cases/Utilities/ADMIN/Admin Logout: Test Cases/Utilities/ADMIN/Admin Logout

2019-05-15 10:33:21 - [TEST_STEP][PASSED] - waitForElementVisible: Object 'Object Repository/Utilities/Admin Logout/button_Logout' is visible

2019-05-15 10:33:21 - [MESSAGE][WARNING] - Timeout '0' is invalid. Using default page load timeout: '30'

2019-05-15 10:33:21 - [MESSAGE][PASSED] - Object 'Object Repository/Utilities/Admin Logout/button_Logout' is visible

2019-05-15 10:33:21 - [TEST_STEP][PASSED] - click: Object: 'Object Repository/Utilities/Admin Logout/button_Logout' is clicked on

2019-05-15 10:33:33 - [MESSAGE][PASSED] - Object: 'Object Repository/Utilities/Admin Logout/button_Logout' is clicked on]]></system-out>
         <system-err><![CDATA[]]></system-err>
      </testcase>
      <system-out><![CDATA[2019-05-15 10:24:54 - [TEST_SUITE][PASSED] - Combination_OvernightUnit: Test Cases/Utilities/ADMIN/Admin Logout]]></system-out>
      <system-err><![CDATA[]]></system-err>
   </testsuite>
</testsuites>
