<?xml version="1.0" encoding="UTF-8"?>
<testsuites name="Bespoke Admin Pages" time="13.408" tests="2" failures="0" errors="0">
   <testsuite name="Bespoke Admin Pages" tests="2" failures="0" errors="0" time="13.408" timestamp="2020-03-20 11:54:32" hostname="ARCADIER03 - 192.168.254.105" id="Test Suites/Admin/Language/Edit Text/Bespoke/Admin Pages/Bespoke Admin Pages">
      <properties>
         <property name="deviceName" value=""/>
         <property name="devicePlatform" value=""/>
         <property name="logFolder" value="C:\\Katalon\\Arctick\\Reports\\20200320_115429\\Admin\\Language\\Edit Text\\Bespoke\\Admin Pages\\Bespoke Admin Pages\\20200320_115429"/>
         <property name="logFiles" value="C:\\Katalon\\Arctick\\Reports\\20200320_115429\\Admin\\Language\\Edit Text\\Bespoke\\Admin Pages\\Bespoke Admin Pages\\20200320_115429\\execution0.log"/>
         <property name="attachments" value=""/>
         <property name="hostName" value="ARCADIER03 - 192.168.254.105"/>
         <property name="os" value="Windows 7 64bit"/>
         <property name="katalonVersion" value="7.2.6.1"/>
         <property name="browser" value="Chrome 80.0.3987.149"/>
         <property name="hostAddress" value="192.168.254.105"/>
         <property name="sessionId" value="36d01542543bc6b7e6541b3e6dcbd8a9"/>
         <property name="seleniumVersion" value="3.141.59"/>
         <property name="proxyInformation" value="ProxyInformation{proxyOption=NO_PROXY, proxyServerType=HTTP, password=, proxyServerAddress=, proxyServerPort=0, executionList=}"/>
         <property name="platform" value="Windows 7"/>
      </properties>
      <testcase name="Test Cases/ADMIN/Language/Edit Text/Bespoke/Admin Pages/About Us Navigation" time="9.383" classname="Test Cases/ADMIN/Language/Edit Text/Bespoke/Admin Pages/About Us Navigation" status="PASSED">
         <system-out><![CDATA[2020-03-20 11:54:32 - [TEST_CASE][PASSED] - Test Cases/ADMIN/Language/Edit Text/Bespoke/Admin Pages/About Us Navigation: Test Cases/ADMIN/Language/Edit Text/Bespoke/Admin Pages/About Us Navigation

2020-03-20 11:54:33 - [TEST_STEP][PASSED] - waitForElementVisible(findTestObject("ADMIN/Language/sidemenu_Language"), 0): Object 'Object Repository/ADMIN/Language/sidemenu_Language' is visible

2020-03-20 11:54:33 - [MESSAGE][WARNING] - Timeout '0' is invalid. Using default page load timeout: '30'

2020-03-20 11:54:35 - [MESSAGE][PASSED] - Object 'Object Repository/ADMIN/Language/sidemenu_Language' is visible

2020-03-20 11:54:35 - [TEST_STEP][PASSED] - click(findTestObject("ADMIN/Language/sidemenu_Language"), CONTINUE_ON_FAILURE): Object: 'Object Repository/ADMIN/Language/sidemenu_Language' is clicked on

2020-03-20 11:54:35 - [MESSAGE][PASSED] - Object: 'Object Repository/ADMIN/Language/sidemenu_Language' is clicked on

2020-03-20 11:54:35 - [TEST_STEP][PASSED] - waitForElementVisible(findTestObject("ADMIN/Language/sidemenu_Edit Text"), 0): Object 'Object Repository/ADMIN/Language/sidemenu_Edit Text' is visible

2020-03-20 11:54:35 - [MESSAGE][WARNING] - Timeout '0' is invalid. Using default page load timeout: '30'

2020-03-20 11:54:36 - [MESSAGE][PASSED] - Object 'Object Repository/ADMIN/Language/sidemenu_Edit Text' is visible

2020-03-20 11:54:36 - [TEST_STEP][PASSED] - click(findTestObject("ADMIN/Language/sidemenu_Edit Text"), CONTINUE_ON_FAILURE): Object: 'Object Repository/ADMIN/Language/sidemenu_Edit Text' is clicked on

2020-03-20 11:54:38 - [MESSAGE][PASSED] - Object: 'Object Repository/ADMIN/Language/sidemenu_Edit Text' is clicked on

2020-03-20 11:54:38 - [TEST_STEP][PASSED] - waitForElementVisible(findTestObject("ADMIN/Edit Text/Bespoke/Admin Navigation/dd_icon"), 0): Object 'Object Repository/ADMIN/Edit Text/Bespoke/Admin Navigation/dd_icon' is visible

2020-03-20 11:54:38 - [MESSAGE][WARNING] - Timeout '0' is invalid. Using default page load timeout: '30'

2020-03-20 11:54:38 - [MESSAGE][PASSED] - Object 'Object Repository/ADMIN/Edit Text/Bespoke/Admin Navigation/dd_icon' is visible

2020-03-20 11:54:38 - [TEST_STEP][PASSED] - click(findTestObject("ADMIN/Edit Text/Bespoke/Admin Navigation/dd_icon"), CONTINUE_ON_FAILURE): Object: 'Object Repository/ADMIN/Edit Text/Bespoke/Admin Navigation/dd_icon' is clicked on

2020-03-20 11:54:38 - [MESSAGE][PASSED] - Object: 'Object Repository/ADMIN/Edit Text/Bespoke/Admin Navigation/dd_icon' is clicked on

2020-03-20 11:54:38 - [TEST_STEP][PASSED] - waitForElementVisible(findTestObject("ADMIN/Edit Text/Bespoke/Admin Navigation/span_About Us"), 0): Object 'Object Repository/ADMIN/Edit Text/Bespoke/Admin Navigation/span_About Us' is visible

2020-03-20 11:54:38 - [MESSAGE][WARNING] - Timeout '0' is invalid. Using default page load timeout: '30'

2020-03-20 11:54:39 - [MESSAGE][PASSED] - Object 'Object Repository/ADMIN/Edit Text/Bespoke/Admin Navigation/span_About Us' is visible

2020-03-20 11:54:39 - [TEST_STEP][PASSED] - click(findTestObject("ADMIN/Edit Text/Bespoke/Admin Navigation/span_About Us"), CONTINUE_ON_FAILURE): Object: 'Object Repository/ADMIN/Edit Text/Bespoke/Admin Navigation/span_About Us' is clicked on

2020-03-20 11:54:41 - [MESSAGE][PASSED] - Object: 'Object Repository/ADMIN/Edit Text/Bespoke/Admin Navigation/span_About Us' is clicked on

2020-03-20 11:54:41 - [TEST_STEP][PASSED] - waitForElementVisible(findTestObject("ADMIN/Edit Text/Bespoke/Buyer Navigation/dd_language"), 0): Object 'Object Repository/ADMIN/Edit Text/Bespoke/Buyer Navigation/dd_language' is visible

2020-03-20 11:54:41 - [MESSAGE][WARNING] - Timeout '0' is invalid. Using default page load timeout: '30'

2020-03-20 11:54:42 - [MESSAGE][PASSED] - Object 'Object Repository/ADMIN/Edit Text/Bespoke/Buyer Navigation/dd_language' is visible]]></system-out>
         <system-err><![CDATA[]]></system-err>
      </testcase>
      <testcase name="Test Cases/ADMIN/Language/Edit Text/Bespoke/Admin Pages/About Us" time="3.464" classname="Test Cases/ADMIN/Language/Edit Text/Bespoke/Admin Pages/About Us" status="PASSED">
         <system-out><![CDATA[2020-03-20 11:54:42 - [TEST_CASE][PASSED] - Test Cases/ADMIN/Language/Edit Text/Bespoke/Admin Pages/About Us: Test Cases/ADMIN/Language/Edit Text/Bespoke/Admin Pages/About Us

2020-03-20 11:54:42 - [TEST_STEP][PASSED] - waitForElementVisible(findTestObject("ADMIN/Edit Text/Bespoke/Buyer Navigation/dd_language"), 0): Object 'Object Repository/ADMIN/Edit Text/Bespoke/Buyer Navigation/dd_language' is visible

2020-03-20 11:54:42 - [MESSAGE][WARNING] - Timeout '0' is invalid. Using default page load timeout: '30'

2020-03-20 11:54:42 - [MESSAGE][PASSED] - Object 'Object Repository/ADMIN/Edit Text/Bespoke/Buyer Navigation/dd_language' is visible

2020-03-20 11:54:42 - [TEST_STEP][PASSED] - selectOptionByLabel(findTestObject("ADMIN/Edit Text/Bespoke/Buyer Navigation/dd_language"), varLanguage, false): All options with label 'French' are selected in object 'Object Repository/ADMIN/Edit Text/Bespoke/Buyer Navigation/dd_language' 

2020-03-20 11:54:43 - [MESSAGE][PASSED] - All options with label 'French' are selected in object 'Object Repository/ADMIN/Edit Text/Bespoke/Buyer Navigation/dd_language' 

2020-03-20 11:54:43 - [TEST_STEP][PASSED] - sendKeys(findTestObject("ADMIN/Edit Text/Bespoke/Admin Pages/About Us/input_ABOUT_lbl_title"), "*"): Keys '*' sent to object: 'Object Repository/ADMIN/Edit Text/Bespoke/Admin Pages/About Us/input_ABOUT_lbl_title'

2020-03-20 11:54:44 - [MESSAGE][PASSED] - Keys '*' sent to object: 'Object Repository/ADMIN/Edit Text/Bespoke/Admin Pages/About Us/input_ABOUT_lbl_title'

2020-03-20 11:54:44 - [TEST_STEP][PASSED] - sendKeys(findTestObject("ADMIN/Edit Text/Bespoke/Admin Pages/About Us/div_FontFormat_nicEdit-main nicEdit-selected"), "*"): Keys '*' sent to object: 'Object Repository/ADMIN/Edit Text/Bespoke/Admin Pages/About Us/div_FontFormat_nicEdit-main nicEdit-selected'

2020-03-20 11:54:44 - [MESSAGE][PASSED] - Keys '*' sent to object: 'Object Repository/ADMIN/Edit Text/Bespoke/Admin Pages/About Us/div_FontFormat_nicEdit-main nicEdit-selected'

2020-03-20 11:54:44 - [TEST_STEP][PASSED] - click(findTestObject("ADMIN/Edit Text/Bespoke/Buyer Pages/Homepage/button_save"), CONTINUE_ON_FAILURE): Object: 'Object Repository/ADMIN/Edit Text/Bespoke/Buyer Pages/Homepage/button_save' is clicked on

2020-03-20 11:54:44 - [MESSAGE][PASSED] - Object: 'Object Repository/ADMIN/Edit Text/Bespoke/Buyer Pages/Homepage/button_save' is clicked on

2020-03-20 11:54:44 - [TEST_STEP][PASSED] - waitForElementVisible(findTestObject("ADMIN/Edit Text/Bespoke/Buyer Pages/Homepage/toaster_success About"), 0): Object 'Object Repository/ADMIN/Edit Text/Bespoke/Buyer Pages/Homepage/toaster_success About' is visible

2020-03-20 11:54:44 - [MESSAGE][WARNING] - Timeout '0' is invalid. Using default page load timeout: '30'

2020-03-20 11:54:45 - [MESSAGE][PASSED] - Object 'Object Repository/ADMIN/Edit Text/Bespoke/Buyer Pages/Homepage/toaster_success About' is visible]]></system-out>
         <system-err><![CDATA[]]></system-err>
      </testcase>
      <system-out><![CDATA[2020-03-20 11:54:32 - [TEST_SUITE][PASSED] - Bespoke Admin Pages: Test Cases/ADMIN/Language/Edit Text/Bespoke/Admin Pages/About Us]]></system-out>
      <system-err><![CDATA[]]></system-err>
   </testsuite>
</testsuites>
