<?xml version="1.0" encoding="UTF-8"?>
<testsuites name="Bespoke Seller Pages" time="148.164" tests="17" failures="0" errors="0">
   <testsuite name="Bespoke Seller Pages" tests="17" failures="0" errors="0" time="148.164" timestamp="2020-03-20 11:39:48" hostname="ARCADIER03 - 192.168.254.105" id="Test Suites/Admin/Language/Edit Text/Bespoke/Seller Pages/Bespoke Seller Pages">
      <properties>
         <property name="deviceName" value=""/>
         <property name="devicePlatform" value=""/>
         <property name="logFolder" value="C:\\Katalon\\Arctick\\Reports\\20200320_113945\\Admin\\Language\\Edit Text\\Bespoke\\Seller Pages\\Bespoke Seller Pages\\20200320_113945"/>
         <property name="logFiles" value="C:\\Katalon\\Arctick\\Reports\\20200320_113945\\Admin\\Language\\Edit Text\\Bespoke\\Seller Pages\\Bespoke Seller Pages\\20200320_113945\\execution0.log"/>
         <property name="attachments" value=""/>
         <property name="hostName" value="ARCADIER03 - 192.168.254.105"/>
         <property name="os" value="Windows 7 64bit"/>
         <property name="katalonVersion" value="7.2.6.1"/>
         <property name="browser" value="Chrome 80.0.3987.149"/>
         <property name="hostAddress" value="192.168.254.105"/>
         <property name="sessionId" value="36d01542543bc6b7e6541b3e6dcbd8a9"/>
         <property name="seleniumVersion" value="3.141.59"/>
         <property name="proxyInformation" value="ProxyInformation{proxyOption=NO_PROXY, proxyServerType=HTTP, password=, proxyServerAddress=, proxyServerPort=0, executionList=}"/>
         <property name="platform" value="Windows 7"/>
      </properties>
      <testcase name="Test Cases/ADMIN/Language/Edit Text/Bespoke/Seller/Delivery Settings Navigation" time="10.862" classname="Test Cases/ADMIN/Language/Edit Text/Bespoke/Seller/Delivery Settings Navigation" status="PASSED">
         <system-out><![CDATA[2020-03-20 11:39:48 - [TEST_CASE][PASSED] - Test Cases/ADMIN/Language/Edit Text/Bespoke/Seller/Delivery Settings Navigation: Test Cases/ADMIN/Language/Edit Text/Bespoke/Seller/Delivery Settings Navigation

2020-03-20 11:39:49 - [TEST_STEP][PASSED] - waitForElementVisible(findTestObject("ADMIN/Language/sidemenu_Language"), 0): Object 'Object Repository/ADMIN/Language/sidemenu_Language' is visible

2020-03-20 11:39:50 - [MESSAGE][WARNING] - Timeout '0' is invalid. Using default page load timeout: '30'

2020-03-20 11:39:52 - [MESSAGE][PASSED] - Object 'Object Repository/ADMIN/Language/sidemenu_Language' is visible

2020-03-20 11:39:52 - [TEST_STEP][PASSED] - click(findTestObject("ADMIN/Language/sidemenu_Language"), CONTINUE_ON_FAILURE): Object: 'Object Repository/ADMIN/Language/sidemenu_Language' is clicked on

2020-03-20 11:39:52 - [MESSAGE][PASSED] - Object: 'Object Repository/ADMIN/Language/sidemenu_Language' is clicked on

2020-03-20 11:39:52 - [TEST_STEP][PASSED] - waitForElementVisible(findTestObject("ADMIN/Language/sidemenu_Edit Text"), 0): Object 'Object Repository/ADMIN/Language/sidemenu_Edit Text' is visible

2020-03-20 11:39:52 - [MESSAGE][WARNING] - Timeout '0' is invalid. Using default page load timeout: '30'

2020-03-20 11:39:53 - [MESSAGE][PASSED] - Object 'Object Repository/ADMIN/Language/sidemenu_Edit Text' is visible

2020-03-20 11:39:53 - [TEST_STEP][PASSED] - click(findTestObject("ADMIN/Language/sidemenu_Edit Text"), CONTINUE_ON_FAILURE): Object: 'Object Repository/ADMIN/Language/sidemenu_Edit Text' is clicked on

2020-03-20 11:39:55 - [MESSAGE][PASSED] - Object: 'Object Repository/ADMIN/Language/sidemenu_Edit Text' is clicked on

2020-03-20 11:39:55 - [TEST_STEP][PASSED] - waitForElementVisible(findTestObject("ADMIN/Edit Text/Bespoke/Seller Navigation/dd_icon seller"), 0): Object 'Object Repository/ADMIN/Edit Text/Bespoke/Seller Navigation/dd_icon seller' is visible

2020-03-20 11:39:56 - [MESSAGE][WARNING] - Timeout '0' is invalid. Using default page load timeout: '30'

2020-03-20 11:39:56 - [MESSAGE][PASSED] - Object 'Object Repository/ADMIN/Edit Text/Bespoke/Seller Navigation/dd_icon seller' is visible

2020-03-20 11:39:56 - [TEST_STEP][PASSED] - click(findTestObject("ADMIN/Edit Text/Bespoke/Seller Navigation/dd_icon seller"), CONTINUE_ON_FAILURE): Object: 'Object Repository/ADMIN/Edit Text/Bespoke/Seller Navigation/dd_icon seller' is clicked on

2020-03-20 11:39:56 - [MESSAGE][PASSED] - Object: 'Object Repository/ADMIN/Edit Text/Bespoke/Seller Navigation/dd_icon seller' is clicked on

2020-03-20 11:39:56 - [TEST_STEP][PASSED] - waitForElementVisible(findTestObject("ADMIN/Edit Text/Bespoke/Seller Navigation/span_Delivery Settings"), 0): Object 'Object Repository/ADMIN/Edit Text/Bespoke/Seller Navigation/span_Delivery Settings' is visible

2020-03-20 11:39:56 - [MESSAGE][WARNING] - Timeout '0' is invalid. Using default page load timeout: '30'

2020-03-20 11:39:57 - [MESSAGE][PASSED] - Object 'Object Repository/ADMIN/Edit Text/Bespoke/Seller Navigation/span_Delivery Settings' is visible

2020-03-20 11:39:57 - [TEST_STEP][PASSED] - click(findTestObject("ADMIN/Edit Text/Bespoke/Seller Navigation/span_Delivery Settings"), CONTINUE_ON_FAILURE): Object: 'Object Repository/ADMIN/Edit Text/Bespoke/Seller Navigation/span_Delivery Settings' is clicked on

2020-03-20 11:39:58 - [MESSAGE][PASSED] - Object: 'Object Repository/ADMIN/Edit Text/Bespoke/Seller Navigation/span_Delivery Settings' is clicked on

2020-03-20 11:39:58 - [TEST_STEP][PASSED] - waitForElementVisible(findTestObject("ADMIN/Edit Text/Bespoke/Buyer Navigation/dd_language"), 0): Object 'Object Repository/ADMIN/Edit Text/Bespoke/Buyer Navigation/dd_language' is visible

2020-03-20 11:39:58 - [MESSAGE][WARNING] - Timeout '0' is invalid. Using default page load timeout: '30'

2020-03-20 11:39:59 - [MESSAGE][PASSED] - Object 'Object Repository/ADMIN/Edit Text/Bespoke/Buyer Navigation/dd_language' is visible]]></system-out>
         <system-err><![CDATA[]]></system-err>
      </testcase>
      <testcase name="Test Cases/ADMIN/Language/Edit Text/Bespoke/Seller/Delivery Settings" time="9.636" classname="Test Cases/ADMIN/Language/Edit Text/Bespoke/Seller/Delivery Settings" status="PASSED">
         <system-out><![CDATA[2020-03-20 11:39:59 - [TEST_CASE][PASSED] - Test Cases/ADMIN/Language/Edit Text/Bespoke/Seller/Delivery Settings: Test Cases/ADMIN/Language/Edit Text/Bespoke/Seller/Delivery Settings

2020-03-20 11:40:00 - [TEST_STEP][PASSED] - waitForElementVisible(findTestObject("ADMIN/Edit Text/Bespoke/Buyer Navigation/dd_language"), 0): Object 'Object Repository/ADMIN/Edit Text/Bespoke/Buyer Navigation/dd_language' is visible

2020-03-20 11:40:00 - [MESSAGE][WARNING] - Timeout '0' is invalid. Using default page load timeout: '30'

2020-03-20 11:40:00 - [MESSAGE][PASSED] - Object 'Object Repository/ADMIN/Edit Text/Bespoke/Buyer Navigation/dd_language' is visible

2020-03-20 11:40:00 - [TEST_STEP][PASSED] - selectOptionByLabel(findTestObject("ADMIN/Edit Text/Bespoke/Buyer Navigation/dd_language"), varLanguage, false): All options with label 'French' are selected in object 'Object Repository/ADMIN/Edit Text/Bespoke/Buyer Navigation/dd_language' 

2020-03-20 11:40:01 - [MESSAGE][PASSED] - All options with label 'French' are selected in object 'Object Repository/ADMIN/Edit Text/Bespoke/Buyer Navigation/dd_language' 

2020-03-20 11:40:01 - [TEST_STEP][PASSED] - sendKeys(findTestObject("ADMIN/Edit Text/Bespoke/Seller Pages/Delivery Settings/input_DELIVERY SETTINGS_DELIVERY_SETTINGS"), "*"): Keys '*' sent to object: 'Object Repository/ADMIN/Edit Text/Bespoke/Seller Pages/Delivery Settings/input_DELIVERY SETTINGS_DELIVERY_SETTINGS'

2020-03-20 11:40:02 - [MESSAGE][PASSED] - Keys '*' sent to object: 'Object Repository/ADMIN/Edit Text/Bespoke/Seller Pages/Delivery Settings/input_DELIVERY SETTINGS_DELIVERY_SETTINGS'

2020-03-20 11:40:02 - [TEST_STEP][PASSED] - sendKeys(findTestObject("ADMIN/Edit Text/Bespoke/Seller Pages/Delivery Settings/input_add del or pickup"), "*"): Keys '*' sent to object: 'Object Repository/ADMIN/Edit Text/Bespoke/Seller Pages/Delivery Settings/input_add del or pickup'

2020-03-20 11:40:02 - [MESSAGE][PASSED] - Keys '*' sent to object: 'Object Repository/ADMIN/Edit Text/Bespoke/Seller Pages/Delivery Settings/input_add del or pickup'

2020-03-20 11:40:02 - [TEST_STEP][PASSED] - sendKeys(findTestObject("ADMIN/Edit Text/Bespoke/Seller Pages/Delivery Settings/input_DELIVERY OPTIONS_DELIVERY_OPTIONS"), "*"): Keys '*' sent to object: 'Object Repository/ADMIN/Edit Text/Bespoke/Seller Pages/Delivery Settings/input_DELIVERY OPTIONS_DELIVERY_OPTIONS'

2020-03-20 11:40:03 - [MESSAGE][PASSED] - Keys '*' sent to object: 'Object Repository/ADMIN/Edit Text/Bespoke/Seller Pages/Delivery Settings/input_DELIVERY OPTIONS_DELIVERY_OPTIONS'

2020-03-20 11:40:03 - [TEST_STEP][PASSED] - sendKeys(findTestObject("ADMIN/Edit Text/Bespoke/Seller Pages/Delivery Settings/input_Add Delivery Options_select_delivery_method"), "*"): Keys '*' sent to object: 'Object Repository/ADMIN/Edit Text/Bespoke/Seller Pages/Delivery Settings/input_Add Delivery Options_select_delivery_method'

2020-03-20 11:40:03 - [MESSAGE][PASSED] - Keys '*' sent to object: 'Object Repository/ADMIN/Edit Text/Bespoke/Seller Pages/Delivery Settings/input_Add Delivery Options_select_delivery_method'

2020-03-20 11:40:03 - [TEST_STEP][PASSED] - sendKeys(findTestObject("ADMIN/Edit Text/Bespoke/Seller Pages/Delivery Settings/input_Name_Name"), "*"): Keys '*' sent to object: 'Object Repository/ADMIN/Edit Text/Bespoke/Seller Pages/Delivery Settings/input_Name_Name'

2020-03-20 11:40:03 - [MESSAGE][PASSED] - Keys '*' sent to object: 'Object Repository/ADMIN/Edit Text/Bespoke/Seller Pages/Delivery Settings/input_Name_Name'

2020-03-20 11:40:03 - [TEST_STEP][PASSED] - sendKeys(findTestObject("ADMIN/Edit Text/Bespoke/Seller Pages/Delivery Settings/input_DELIVERS TO_DELIVERS_TO"), "*"): Keys '*' sent to object: 'Object Repository/ADMIN/Edit Text/Bespoke/Seller Pages/Delivery Settings/input_DELIVERS TO_DELIVERS_TO'

2020-03-20 11:40:03 - [MESSAGE][PASSED] - Keys '*' sent to object: 'Object Repository/ADMIN/Edit Text/Bespoke/Seller Pages/Delivery Settings/input_DELIVERS TO_DELIVERS_TO'

2020-03-20 11:40:03 - [TEST_STEP][PASSED] - sendKeys(findTestObject("ADMIN/Edit Text/Bespoke/Seller Pages/Delivery Settings/input_PICK-UP OPTIONS_PICK-UP_OPTIONS"), "*"): Keys '*' sent to object: 'Object Repository/ADMIN/Edit Text/Bespoke/Seller Pages/Delivery Settings/input_PICK-UP OPTIONS_PICK-UP_OPTIONS'

2020-03-20 11:40:03 - [MESSAGE][PASSED] - Keys '*' sent to object: 'Object Repository/ADMIN/Edit Text/Bespoke/Seller Pages/Delivery Settings/input_PICK-UP OPTIONS_PICK-UP_OPTIONS'

2020-03-20 11:40:03 - [TEST_STEP][PASSED] - sendKeys(findTestObject("ADMIN/Edit Text/Bespoke/Seller Pages/Delivery Settings/input_Add Pick-up Options_Add_Pick-up_Options"), "*"): Keys '*' sent to object: 'Object Repository/ADMIN/Edit Text/Bespoke/Seller Pages/Delivery Settings/input_Add Pick-up Options_Add_Pick-up_Options'

2020-03-20 11:40:03 - [MESSAGE][PASSED] - Keys '*' sent to object: 'Object Repository/ADMIN/Edit Text/Bespoke/Seller Pages/Delivery Settings/input_Add Pick-up Options_Add_Pick-up_Options'

2020-03-20 11:40:03 - [TEST_STEP][PASSED] - sendKeys(findTestObject("ADMIN/Edit Text/Bespoke/Seller Pages/Delivery Settings/input_Define the full address where the buyer can pick up from_delivery_desc_used"), "*"): Keys '*' sent to object: 'Object Repository/ADMIN/Edit Text/Bespoke/Seller Pages/Delivery Settings/input_Define the full address where the buyer can pick up from_delivery_desc_used'

2020-03-20 11:40:03 - [MESSAGE][PASSED] - Keys '*' sent to object: 'Object Repository/ADMIN/Edit Text/Bespoke/Seller Pages/Delivery Settings/input_Define the full address where the buyer can pick up from_delivery_desc_used'

2020-03-20 11:40:03 - [TEST_STEP][PASSED] - sendKeys(findTestObject("ADMIN/Edit Text/Bespoke/Seller Pages/Delivery Settings/input_Delivers to_Delivers_to (1)"), "*"): Keys '*' sent to object: 'Object Repository/ADMIN/Edit Text/Bespoke/Seller Pages/Delivery Settings/input_Delivers to_Delivers_to (1)'

2020-03-20 11:40:04 - [MESSAGE][PASSED] - Keys '*' sent to object: 'Object Repository/ADMIN/Edit Text/Bespoke/Seller Pages/Delivery Settings/input_Delivers to_Delivers_to (1)'

2020-03-20 11:40:04 - [TEST_STEP][PASSED] - sendKeys(findTestObject("ADMIN/Edit Text/Bespoke/Seller Pages/Delivery Settings/input_Shipping rate by_Shipping_rate_by"), "*"): Keys '*' sent to object: 'Object Repository/ADMIN/Edit Text/Bespoke/Seller Pages/Delivery Settings/input_Shipping rate by_Shipping_rate_by'

2020-03-20 11:40:04 - [MESSAGE][PASSED] - Keys '*' sent to object: 'Object Repository/ADMIN/Edit Text/Bespoke/Seller Pages/Delivery Settings/input_Shipping rate by_Shipping_rate_by'

2020-03-20 11:40:04 - [TEST_STEP][PASSED] - sendKeys(findTestObject("ADMIN/Edit Text/Bespoke/Seller Pages/Delivery Settings/input_Delivering from_Delivering_from"), "*"): Keys '*' sent to object: 'Object Repository/ADMIN/Edit Text/Bespoke/Seller Pages/Delivery Settings/input_Delivering from_Delivering_from'

2020-03-20 11:40:04 - [MESSAGE][PASSED] - Keys '*' sent to object: 'Object Repository/ADMIN/Edit Text/Bespoke/Seller Pages/Delivery Settings/input_Delivering from_Delivering_from'

2020-03-20 11:40:04 - [TEST_STEP][PASSED] - sendKeys(findTestObject("ADMIN/Edit Text/Bespoke/Seller Pages/Delivery Settings/input_Delivery rates(s)_Shipping_rate_by"), "*"): Keys '*' sent to object: 'Object Repository/ADMIN/Edit Text/Bespoke/Seller Pages/Delivery Settings/input_Delivery rates(s)_Shipping_rate_by'

2020-03-20 11:40:04 - [MESSAGE][PASSED] - Keys '*' sent to object: 'Object Repository/ADMIN/Edit Text/Bespoke/Seller Pages/Delivery Settings/input_Delivery rates(s)_Shipping_rate_by'

2020-03-20 11:40:04 - [TEST_STEP][PASSED] - sendKeys(findTestObject("ADMIN/Edit Text/Bespoke/Seller Pages/Delivery Settings/input_Name_Name1"), "*"): Keys '*' sent to object: 'Object Repository/ADMIN/Edit Text/Bespoke/Seller Pages/Delivery Settings/input_Name_Name1'

2020-03-20 11:40:04 - [MESSAGE][PASSED] - Keys '*' sent to object: 'Object Repository/ADMIN/Edit Text/Bespoke/Seller Pages/Delivery Settings/input_Name_Name1'

2020-03-20 11:40:04 - [TEST_STEP][PASSED] - sendKeys(findTestObject("ADMIN/Edit Text/Bespoke/Seller Pages/Delivery Settings/input_Range_Range"), "*"): Keys '*' sent to object: 'Object Repository/ADMIN/Edit Text/Bespoke/Seller Pages/Delivery Settings/input_Range_Range'

2020-03-20 11:40:04 - [MESSAGE][PASSED] - Keys '*' sent to object: 'Object Repository/ADMIN/Edit Text/Bespoke/Seller Pages/Delivery Settings/input_Range_Range'

2020-03-20 11:40:04 - [TEST_STEP][PASSED] - sendKeys(findTestObject("ADMIN/Edit Text/Bespoke/Seller Pages/Delivery Settings/input_Delivery Cost_Delivery_Cost"), "*"): Keys '*' sent to object: 'Object Repository/ADMIN/Edit Text/Bespoke/Seller Pages/Delivery Settings/input_Delivery Cost_Delivery_Cost'

2020-03-20 11:40:04 - [MESSAGE][PASSED] - Keys '*' sent to object: 'Object Repository/ADMIN/Edit Text/Bespoke/Seller Pages/Delivery Settings/input_Delivery Cost_Delivery_Cost'

2020-03-20 11:40:04 - [TEST_STEP][PASSED] - sendKeys(findTestObject("ADMIN/Edit Text/Bespoke/Seller Pages/Delivery Settings/input_Okay_Range"), "*"): Keys '*' sent to object: 'Object Repository/ADMIN/Edit Text/Bespoke/Seller Pages/Delivery Settings/input_Okay_Range'

2020-03-20 11:40:05 - [MESSAGE][PASSED] - Keys '*' sent to object: 'Object Repository/ADMIN/Edit Text/Bespoke/Seller Pages/Delivery Settings/input_Okay_Range'

2020-03-20 11:40:05 - [TEST_STEP][PASSED] - sendKeys(findTestObject("ADMIN/Edit Text/Bespoke/Seller Pages/Delivery Settings/input_ADDEDIT DELIVERY OPTION_Add_edit_delivery_option"), "*"): Keys '*' sent to object: 'Object Repository/ADMIN/Edit Text/Bespoke/Seller Pages/Delivery Settings/input_ADDEDIT DELIVERY OPTION_Add_edit_delivery_option'

2020-03-20 11:40:05 - [MESSAGE][PASSED] - Keys '*' sent to object: 'Object Repository/ADMIN/Edit Text/Bespoke/Seller Pages/Delivery Settings/input_ADDEDIT DELIVERY OPTION_Add_edit_delivery_option'

2020-03-20 11:40:05 - [TEST_STEP][PASSED] - sendKeys(findTestObject("ADMIN/Edit Text/Bespoke/Seller Pages/Delivery Settings/input_Define the locations available and the rates for the delivery option_Define_the_locations_available_and_the_rates_for_the_delivery_option"), "*"): Keys '*' sent to object: 'Object Repository/ADMIN/Edit Text/Bespoke/Seller Pages/Delivery Settings/input_Define the locations available and the rates for the delivery option_Define_the_locations_available_and_the_rates_for_the_delivery_option'

2020-03-20 11:40:05 - [MESSAGE][PASSED] - Keys '*' sent to object: 'Object Repository/ADMIN/Edit Text/Bespoke/Seller Pages/Delivery Settings/input_Define the locations available and the rates for the delivery option_Define_the_locations_available_and_the_rates_for_the_delivery_option'

2020-03-20 11:40:05 - [TEST_STEP][PASSED] - sendKeys(findTestObject("ADMIN/Edit Text/Bespoke/Seller Pages/Delivery Settings/input_DELIVERY OPTION SETTINGS_DELIVERY_OPTIONS_SETTINGS"), "*"): Keys '*' sent to object: 'Object Repository/ADMIN/Edit Text/Bespoke/Seller Pages/Delivery Settings/input_DELIVERY OPTION SETTINGS_DELIVERY_OPTIONS_SETTINGS'

2020-03-20 11:40:05 - [MESSAGE][PASSED] - Keys '*' sent to object: 'Object Repository/ADMIN/Edit Text/Bespoke/Seller Pages/Delivery Settings/input_DELIVERY OPTION SETTINGS_DELIVERY_OPTIONS_SETTINGS'

2020-03-20 11:40:05 - [TEST_STEP][PASSED] - sendKeys(findTestObject("ADMIN/Edit Text/Bespoke/Seller Pages/Delivery Settings/input_DELIVERY OPTION NAME_DELIVERY_OPTION_NAME"), "*"): Keys '*' sent to object: 'Object Repository/ADMIN/Edit Text/Bespoke/Seller Pages/Delivery Settings/input_DELIVERY OPTION NAME_DELIVERY_OPTION_NAME'

2020-03-20 11:40:05 - [MESSAGE][PASSED] - Keys '*' sent to object: 'Object Repository/ADMIN/Edit Text/Bespoke/Seller Pages/Delivery Settings/input_DELIVERY OPTION NAME_DELIVERY_OPTION_NAME'

2020-03-20 11:40:05 - [TEST_STEP][PASSED] - sendKeys(findTestObject("ADMIN/Edit Text/Bespoke/Seller Pages/Delivery Settings/input_delivers to3"), "*"): Keys '*' sent to object: 'Object Repository/ADMIN/Edit Text/Bespoke/Seller Pages/Delivery Settings/input_delivers to3'

2020-03-20 11:40:05 - [MESSAGE][PASSED] - Keys '*' sent to object: 'Object Repository/ADMIN/Edit Text/Bespoke/Seller Pages/Delivery Settings/input_delivers to3'

2020-03-20 11:40:05 - [TEST_STEP][PASSED] - sendKeys(findTestObject("ADMIN/Edit Text/Bespoke/Seller Pages/Delivery Settings/input_MINIMUM LEAD TIME_Minimum_lead_time"), "*"): Keys '*' sent to object: 'Object Repository/ADMIN/Edit Text/Bespoke/Seller Pages/Delivery Settings/input_MINIMUM LEAD TIME_Minimum_lead_time'

2020-03-20 11:40:06 - [MESSAGE][PASSED] - Keys '*' sent to object: 'Object Repository/ADMIN/Edit Text/Bespoke/Seller Pages/Delivery Settings/input_MINIMUM LEAD TIME_Minimum_lead_time'

2020-03-20 11:40:06 - [TEST_STEP][PASSED] - sendKeys(findTestObject("ADMIN/Edit Text/Bespoke/Seller Pages/Delivery Settings/input_WHERE ARE YOU DELIVERING FROM_Where_are_you_delivering_from"), "*"): Keys '*' sent to object: 'Object Repository/ADMIN/Edit Text/Bespoke/Seller Pages/Delivery Settings/input_WHERE ARE YOU DELIVERING FROM_Where_are_you_delivering_from'

2020-03-20 11:40:06 - [MESSAGE][PASSED] - Keys '*' sent to object: 'Object Repository/ADMIN/Edit Text/Bespoke/Seller Pages/Delivery Settings/input_WHERE ARE YOU DELIVERING FROM_Where_are_you_delivering_from'

2020-03-20 11:40:06 - [TEST_STEP][PASSED] - sendKeys(findTestObject("ADMIN/Edit Text/Bespoke/Seller Pages/Delivery Settings/input_Select if you would like to calculate shipping by total order weight or total order price_total_order_weight_or_total_order_price"), "*"): Keys '*' sent to object: 'Object Repository/ADMIN/Edit Text/Bespoke/Seller Pages/Delivery Settings/input_Select if you would like to calculate shipping by total order weight or total order price_total_order_weight_or_total_order_price'

2020-03-20 11:40:06 - [MESSAGE][PASSED] - Keys '*' sent to object: 'Object Repository/ADMIN/Edit Text/Bespoke/Seller Pages/Delivery Settings/input_Select if you would like to calculate shipping by total order weight or total order price_total_order_weight_or_total_order_price'

2020-03-20 11:40:06 - [TEST_STEP][PASSED] - sendKeys(findTestObject("ADMIN/Edit Text/Bespoke/Seller Pages/Delivery Settings/input_Weight_Weight"), "*"): Keys '*' sent to object: 'Object Repository/ADMIN/Edit Text/Bespoke/Seller Pages/Delivery Settings/input_Weight_Weight'

2020-03-20 11:40:06 - [MESSAGE][PASSED] - Keys '*' sent to object: 'Object Repository/ADMIN/Edit Text/Bespoke/Seller Pages/Delivery Settings/input_Weight_Weight'

2020-03-20 11:40:06 - [TEST_STEP][PASSED] - sendKeys(findTestObject("ADMIN/Edit Text/Bespoke/Seller Pages/Delivery Settings/input_Price_Price"), "*"): Keys '*' sent to object: 'Object Repository/ADMIN/Edit Text/Bespoke/Seller Pages/Delivery Settings/input_Price_Price'

2020-03-20 11:40:06 - [MESSAGE][PASSED] - Keys '*' sent to object: 'Object Repository/ADMIN/Edit Text/Bespoke/Seller Pages/Delivery Settings/input_Price_Price'

2020-03-20 11:40:06 - [TEST_STEP][PASSED] - sendKeys(findTestObject("ADMIN/Edit Text/Bespoke/Seller Pages/Delivery Settings/input_Delivery Rate(s)_DelDelivery_Rates"), "*"): Keys '*' sent to object: 'Object Repository/ADMIN/Edit Text/Bespoke/Seller Pages/Delivery Settings/input_Delivery Rate(s)_DelDelivery_Rates'

2020-03-20 11:40:06 - [MESSAGE][PASSED] - Keys '*' sent to object: 'Object Repository/ADMIN/Edit Text/Bespoke/Seller Pages/Delivery Settings/input_Delivery Rate(s)_DelDelivery_Rates'

2020-03-20 11:40:06 - [TEST_STEP][PASSED] - sendKeys(findTestObject("ADMIN/Edit Text/Bespoke/Seller Pages/Delivery Settings/input_NAME_Name (1)"), "*"): Keys '*' sent to object: 'Object Repository/ADMIN/Edit Text/Bespoke/Seller Pages/Delivery Settings/input_NAME_Name (1)'

2020-03-20 11:40:07 - [MESSAGE][PASSED] - Keys '*' sent to object: 'Object Repository/ADMIN/Edit Text/Bespoke/Seller Pages/Delivery Settings/input_NAME_Name (1)'

2020-03-20 11:40:07 - [TEST_STEP][PASSED] - sendKeys(findTestObject("ADMIN/Edit Text/Bespoke/Seller Pages/Delivery Settings/input_RANGE_Range (1)"), "*"): Keys '*' sent to object: 'Object Repository/ADMIN/Edit Text/Bespoke/Seller Pages/Delivery Settings/input_RANGE_Range (1)'

2020-03-20 11:40:07 - [MESSAGE][PASSED] - Keys '*' sent to object: 'Object Repository/ADMIN/Edit Text/Bespoke/Seller Pages/Delivery Settings/input_RANGE_Range (1)'

2020-03-20 11:40:07 - [TEST_STEP][PASSED] - sendKeys(findTestObject("ADMIN/Edit Text/Bespoke/Seller Pages/Delivery Settings/input_DELIVERY COST_Delivery_Cost (1)"), "*"): Keys '*' sent to object: 'Object Repository/ADMIN/Edit Text/Bespoke/Seller Pages/Delivery Settings/input_DELIVERY COST_Delivery_Cost (1)'

2020-03-20 11:40:07 - [MESSAGE][PASSED] - Keys '*' sent to object: 'Object Repository/ADMIN/Edit Text/Bespoke/Seller Pages/Delivery Settings/input_DELIVERY COST_Delivery_Cost (1)'

2020-03-20 11:40:07 - [TEST_STEP][PASSED] - sendKeys(findTestObject("ADMIN/Edit Text/Bespoke/Seller Pages/Delivery Settings/input_Onwards_Onwards"), "*"): Keys '*' sent to object: 'Object Repository/ADMIN/Edit Text/Bespoke/Seller Pages/Delivery Settings/input_Onwards_Onwards'

2020-03-20 11:40:07 - [MESSAGE][PASSED] - Keys '*' sent to object: 'Object Repository/ADMIN/Edit Text/Bespoke/Seller Pages/Delivery Settings/input_Onwards_Onwards'

2020-03-20 11:40:07 - [TEST_STEP][PASSED] - sendKeys(findTestObject("ADMIN/Edit Text/Bespoke/Seller Pages/Delivery Settings/input_Add Delivery Rate_Add_Delivery_Rate"), "*"): Keys '*' sent to object: 'Object Repository/ADMIN/Edit Text/Bespoke/Seller Pages/Delivery Settings/input_Add Delivery Rate_Add_Delivery_Rate'

2020-03-20 11:40:07 - [MESSAGE][PASSED] - Keys '*' sent to object: 'Object Repository/ADMIN/Edit Text/Bespoke/Seller Pages/Delivery Settings/input_Add Delivery Rate_Add_Delivery_Rate'

2020-03-20 11:40:07 - [TEST_STEP][PASSED] - sendKeys(findTestObject("ADMIN/Edit Text/Bespoke/Seller Pages/Delivery Settings/input_Delivery Rate Name (Buyers will not see this)_Delivery_Rate_Name"), "*"): Keys '*' sent to object: 'Object Repository/ADMIN/Edit Text/Bespoke/Seller Pages/Delivery Settings/input_Delivery Rate Name (Buyers will not see this)_Delivery_Rate_Name'

2020-03-20 11:40:07 - [MESSAGE][PASSED] - Keys '*' sent to object: 'Object Repository/ADMIN/Edit Text/Bespoke/Seller Pages/Delivery Settings/input_Delivery Rate Name (Buyers will not see this)_Delivery_Rate_Name'

2020-03-20 11:40:07 - [TEST_STEP][PASSED] - sendKeys(findTestObject("ADMIN/Edit Text/Bespoke/Seller Pages/Delivery Settings/input_To_To"), "*"): Keys '*' sent to object: 'Object Repository/ADMIN/Edit Text/Bespoke/Seller Pages/Delivery Settings/input_To_To'

2020-03-20 11:40:08 - [MESSAGE][PASSED] - Keys '*' sent to object: 'Object Repository/ADMIN/Edit Text/Bespoke/Seller Pages/Delivery Settings/input_To_To'

2020-03-20 11:40:08 - [TEST_STEP][PASSED] - sendKeys(findTestObject("ADMIN/Edit Text/Bespoke/Seller Pages/Delivery Settings/input_delivery cost4"), "*"): Keys '*' sent to object: 'Object Repository/ADMIN/Edit Text/Bespoke/Seller Pages/Delivery Settings/input_delivery cost4'

2020-03-20 11:40:08 - [MESSAGE][PASSED] - Keys '*' sent to object: 'Object Repository/ADMIN/Edit Text/Bespoke/Seller Pages/Delivery Settings/input_delivery cost4'

2020-03-20 11:40:08 - [TEST_STEP][PASSED] - sendKeys(findTestObject("ADMIN/Edit Text/Bespoke/Seller Pages/Delivery Settings/input_Save_Save"), "*"): Keys '*' sent to object: 'Object Repository/ADMIN/Edit Text/Bespoke/Seller Pages/Delivery Settings/input_Save_Save'

2020-03-20 11:40:08 - [MESSAGE][PASSED] - Keys '*' sent to object: 'Object Repository/ADMIN/Edit Text/Bespoke/Seller Pages/Delivery Settings/input_Save_Save'

2020-03-20 11:40:08 - [TEST_STEP][PASSED] - sendKeys(findTestObject("ADMIN/Edit Text/Bespoke/Seller Pages/Delivery Settings/input_Cancel_Cancel"), "*"): Keys '*' sent to object: 'Object Repository/ADMIN/Edit Text/Bespoke/Seller Pages/Delivery Settings/input_Cancel_Cancel'

2020-03-20 11:40:08 - [MESSAGE][PASSED] - Keys '*' sent to object: 'Object Repository/ADMIN/Edit Text/Bespoke/Seller Pages/Delivery Settings/input_Cancel_Cancel'

2020-03-20 11:40:08 - [TEST_STEP][PASSED] - click(findTestObject("ADMIN/Edit Text/Bespoke/Buyer Pages/Homepage/button_save"), CONTINUE_ON_FAILURE): Object: 'Object Repository/ADMIN/Edit Text/Bespoke/Buyer Pages/Homepage/button_save' is clicked on

2020-03-20 11:40:08 - [MESSAGE][PASSED] - Object: 'Object Repository/ADMIN/Edit Text/Bespoke/Buyer Pages/Homepage/button_save' is clicked on

2020-03-20 11:40:08 - [TEST_STEP][PASSED] - waitForElementVisible(findTestObject("ADMIN/Edit Text/Bespoke/Buyer Pages/Homepage/toaster_success"), 0): Object 'Object Repository/ADMIN/Edit Text/Bespoke/Buyer Pages/Homepage/toaster_success' is visible

2020-03-20 11:40:08 - [MESSAGE][WARNING] - Timeout '0' is invalid. Using default page load timeout: '30'

2020-03-20 11:40:09 - [MESSAGE][PASSED] - Object 'Object Repository/ADMIN/Edit Text/Bespoke/Buyer Pages/Homepage/toaster_success' is visible]]></system-out>
         <system-err><![CDATA[]]></system-err>
      </testcase>
      <testcase name="Test Cases/ADMIN/Language/Edit Text/Bespoke/Seller/Delivery Settings" time="8.445" classname="Test Cases/ADMIN/Language/Edit Text/Bespoke/Seller/Delivery Settings" status="PASSED">
         <system-out><![CDATA[2020-03-20 11:40:09 - [TEST_CASE][PASSED] - Test Cases/ADMIN/Language/Edit Text/Bespoke/Seller/Delivery Settings: Test Cases/ADMIN/Language/Edit Text/Bespoke/Seller/Delivery Settings

2020-03-20 11:40:09 - [TEST_STEP][PASSED] - waitForElementVisible(findTestObject("ADMIN/Edit Text/Bespoke/Buyer Navigation/dd_language"), 0): Object 'Object Repository/ADMIN/Edit Text/Bespoke/Buyer Navigation/dd_language' is visible

2020-03-20 11:40:09 - [MESSAGE][WARNING] - Timeout '0' is invalid. Using default page load timeout: '30'

2020-03-20 11:40:09 - [MESSAGE][PASSED] - Object 'Object Repository/ADMIN/Edit Text/Bespoke/Buyer Navigation/dd_language' is visible

2020-03-20 11:40:09 - [TEST_STEP][PASSED] - selectOptionByLabel(findTestObject("ADMIN/Edit Text/Bespoke/Buyer Navigation/dd_language"), varLanguage, false): All options with label 'Spanish' are selected in object 'Object Repository/ADMIN/Edit Text/Bespoke/Buyer Navigation/dd_language' 

2020-03-20 11:40:10 - [MESSAGE][PASSED] - All options with label 'Spanish' are selected in object 'Object Repository/ADMIN/Edit Text/Bespoke/Buyer Navigation/dd_language' 

2020-03-20 11:40:10 - [TEST_STEP][PASSED] - sendKeys(findTestObject("ADMIN/Edit Text/Bespoke/Seller Pages/Delivery Settings/input_DELIVERY SETTINGS_DELIVERY_SETTINGS"), "*"): Keys '*' sent to object: 'Object Repository/ADMIN/Edit Text/Bespoke/Seller Pages/Delivery Settings/input_DELIVERY SETTINGS_DELIVERY_SETTINGS'

2020-03-20 11:40:11 - [MESSAGE][PASSED] - Keys '*' sent to object: 'Object Repository/ADMIN/Edit Text/Bespoke/Seller Pages/Delivery Settings/input_DELIVERY SETTINGS_DELIVERY_SETTINGS'

2020-03-20 11:40:11 - [TEST_STEP][PASSED] - sendKeys(findTestObject("ADMIN/Edit Text/Bespoke/Seller Pages/Delivery Settings/input_add del or pickup"), "*"): Keys '*' sent to object: 'Object Repository/ADMIN/Edit Text/Bespoke/Seller Pages/Delivery Settings/input_add del or pickup'

2020-03-20 11:40:11 - [MESSAGE][PASSED] - Keys '*' sent to object: 'Object Repository/ADMIN/Edit Text/Bespoke/Seller Pages/Delivery Settings/input_add del or pickup'

2020-03-20 11:40:11 - [TEST_STEP][PASSED] - sendKeys(findTestObject("ADMIN/Edit Text/Bespoke/Seller Pages/Delivery Settings/input_DELIVERY OPTIONS_DELIVERY_OPTIONS"), "*"): Keys '*' sent to object: 'Object Repository/ADMIN/Edit Text/Bespoke/Seller Pages/Delivery Settings/input_DELIVERY OPTIONS_DELIVERY_OPTIONS'

2020-03-20 11:40:12 - [MESSAGE][PASSED] - Keys '*' sent to object: 'Object Repository/ADMIN/Edit Text/Bespoke/Seller Pages/Delivery Settings/input_DELIVERY OPTIONS_DELIVERY_OPTIONS'

2020-03-20 11:40:12 - [TEST_STEP][PASSED] - sendKeys(findTestObject("ADMIN/Edit Text/Bespoke/Seller Pages/Delivery Settings/input_Add Delivery Options_select_delivery_method"), "*"): Keys '*' sent to object: 'Object Repository/ADMIN/Edit Text/Bespoke/Seller Pages/Delivery Settings/input_Add Delivery Options_select_delivery_method'

2020-03-20 11:40:12 - [MESSAGE][PASSED] - Keys '*' sent to object: 'Object Repository/ADMIN/Edit Text/Bespoke/Seller Pages/Delivery Settings/input_Add Delivery Options_select_delivery_method'

2020-03-20 11:40:12 - [TEST_STEP][PASSED] - sendKeys(findTestObject("ADMIN/Edit Text/Bespoke/Seller Pages/Delivery Settings/input_Name_Name"), "*"): Keys '*' sent to object: 'Object Repository/ADMIN/Edit Text/Bespoke/Seller Pages/Delivery Settings/input_Name_Name'

2020-03-20 11:40:12 - [MESSAGE][PASSED] - Keys '*' sent to object: 'Object Repository/ADMIN/Edit Text/Bespoke/Seller Pages/Delivery Settings/input_Name_Name'

2020-03-20 11:40:12 - [TEST_STEP][PASSED] - sendKeys(findTestObject("ADMIN/Edit Text/Bespoke/Seller Pages/Delivery Settings/input_DELIVERS TO_DELIVERS_TO"), "*"): Keys '*' sent to object: 'Object Repository/ADMIN/Edit Text/Bespoke/Seller Pages/Delivery Settings/input_DELIVERS TO_DELIVERS_TO'

2020-03-20 11:40:12 - [MESSAGE][PASSED] - Keys '*' sent to object: 'Object Repository/ADMIN/Edit Text/Bespoke/Seller Pages/Delivery Settings/input_DELIVERS TO_DELIVERS_TO'

2020-03-20 11:40:12 - [TEST_STEP][PASSED] - sendKeys(findTestObject("ADMIN/Edit Text/Bespoke/Seller Pages/Delivery Settings/input_PICK-UP OPTIONS_PICK-UP_OPTIONS"), "*"): Keys '*' sent to object: 'Object Repository/ADMIN/Edit Text/Bespoke/Seller Pages/Delivery Settings/input_PICK-UP OPTIONS_PICK-UP_OPTIONS'

2020-03-20 11:40:12 - [MESSAGE][PASSED] - Keys '*' sent to object: 'Object Repository/ADMIN/Edit Text/Bespoke/Seller Pages/Delivery Settings/input_PICK-UP OPTIONS_PICK-UP_OPTIONS'

2020-03-20 11:40:12 - [TEST_STEP][PASSED] - sendKeys(findTestObject("ADMIN/Edit Text/Bespoke/Seller Pages/Delivery Settings/input_Add Pick-up Options_Add_Pick-up_Options"), "*"): Keys '*' sent to object: 'Object Repository/ADMIN/Edit Text/Bespoke/Seller Pages/Delivery Settings/input_Add Pick-up Options_Add_Pick-up_Options'

2020-03-20 11:40:12 - [MESSAGE][PASSED] - Keys '*' sent to object: 'Object Repository/ADMIN/Edit Text/Bespoke/Seller Pages/Delivery Settings/input_Add Pick-up Options_Add_Pick-up_Options'

2020-03-20 11:40:12 - [TEST_STEP][PASSED] - sendKeys(findTestObject("ADMIN/Edit Text/Bespoke/Seller Pages/Delivery Settings/input_Define the full address where the buyer can pick up from_delivery_desc_used"), "*"): Keys '*' sent to object: 'Object Repository/ADMIN/Edit Text/Bespoke/Seller Pages/Delivery Settings/input_Define the full address where the buyer can pick up from_delivery_desc_used'

2020-03-20 11:40:12 - [MESSAGE][PASSED] - Keys '*' sent to object: 'Object Repository/ADMIN/Edit Text/Bespoke/Seller Pages/Delivery Settings/input_Define the full address where the buyer can pick up from_delivery_desc_used'

2020-03-20 11:40:12 - [TEST_STEP][PASSED] - sendKeys(findTestObject("ADMIN/Edit Text/Bespoke/Seller Pages/Delivery Settings/input_Delivers to_Delivers_to (1)"), "*"): Keys '*' sent to object: 'Object Repository/ADMIN/Edit Text/Bespoke/Seller Pages/Delivery Settings/input_Delivers to_Delivers_to (1)'

2020-03-20 11:40:13 - [MESSAGE][PASSED] - Keys '*' sent to object: 'Object Repository/ADMIN/Edit Text/Bespoke/Seller Pages/Delivery Settings/input_Delivers to_Delivers_to (1)'

2020-03-20 11:40:13 - [TEST_STEP][PASSED] - sendKeys(findTestObject("ADMIN/Edit Text/Bespoke/Seller Pages/Delivery Settings/input_Shipping rate by_Shipping_rate_by"), "*"): Keys '*' sent to object: 'Object Repository/ADMIN/Edit Text/Bespoke/Seller Pages/Delivery Settings/input_Shipping rate by_Shipping_rate_by'

2020-03-20 11:40:13 - [MESSAGE][PASSED] - Keys '*' sent to object: 'Object Repository/ADMIN/Edit Text/Bespoke/Seller Pages/Delivery Settings/input_Shipping rate by_Shipping_rate_by'

2020-03-20 11:40:13 - [TEST_STEP][PASSED] - sendKeys(findTestObject("ADMIN/Edit Text/Bespoke/Seller Pages/Delivery Settings/input_Delivering from_Delivering_from"), "*"): Keys '*' sent to object: 'Object Repository/ADMIN/Edit Text/Bespoke/Seller Pages/Delivery Settings/input_Delivering from_Delivering_from'

2020-03-20 11:40:13 - [MESSAGE][PASSED] - Keys '*' sent to object: 'Object Repository/ADMIN/Edit Text/Bespoke/Seller Pages/Delivery Settings/input_Delivering from_Delivering_from'

2020-03-20 11:40:13 - [TEST_STEP][PASSED] - sendKeys(findTestObject("ADMIN/Edit Text/Bespoke/Seller Pages/Delivery Settings/input_Delivery rates(s)_Shipping_rate_by"), "*"): Keys '*' sent to object: 'Object Repository/ADMIN/Edit Text/Bespoke/Seller Pages/Delivery Settings/input_Delivery rates(s)_Shipping_rate_by'

2020-03-20 11:40:13 - [MESSAGE][PASSED] - Keys '*' sent to object: 'Object Repository/ADMIN/Edit Text/Bespoke/Seller Pages/Delivery Settings/input_Delivery rates(s)_Shipping_rate_by'

2020-03-20 11:40:13 - [TEST_STEP][PASSED] - sendKeys(findTestObject("ADMIN/Edit Text/Bespoke/Seller Pages/Delivery Settings/input_Name_Name1"), "*"): Keys '*' sent to object: 'Object Repository/ADMIN/Edit Text/Bespoke/Seller Pages/Delivery Settings/input_Name_Name1'

2020-03-20 11:40:13 - [MESSAGE][PASSED] - Keys '*' sent to object: 'Object Repository/ADMIN/Edit Text/Bespoke/Seller Pages/Delivery Settings/input_Name_Name1'

2020-03-20 11:40:13 - [TEST_STEP][PASSED] - sendKeys(findTestObject("ADMIN/Edit Text/Bespoke/Seller Pages/Delivery Settings/input_Range_Range"), "*"): Keys '*' sent to object: 'Object Repository/ADMIN/Edit Text/Bespoke/Seller Pages/Delivery Settings/input_Range_Range'

2020-03-20 11:40:13 - [MESSAGE][PASSED] - Keys '*' sent to object: 'Object Repository/ADMIN/Edit Text/Bespoke/Seller Pages/Delivery Settings/input_Range_Range'

2020-03-20 11:40:13 - [TEST_STEP][PASSED] - sendKeys(findTestObject("ADMIN/Edit Text/Bespoke/Seller Pages/Delivery Settings/input_Delivery Cost_Delivery_Cost"), "*"): Keys '*' sent to object: 'Object Repository/ADMIN/Edit Text/Bespoke/Seller Pages/Delivery Settings/input_Delivery Cost_Delivery_Cost'

2020-03-20 11:40:13 - [MESSAGE][PASSED] - Keys '*' sent to object: 'Object Repository/ADMIN/Edit Text/Bespoke/Seller Pages/Delivery Settings/input_Delivery Cost_Delivery_Cost'

2020-03-20 11:40:13 - [TEST_STEP][PASSED] - sendKeys(findTestObject("ADMIN/Edit Text/Bespoke/Seller Pages/Delivery Settings/input_Okay_Range"), "*"): Keys '*' sent to object: 'Object Repository/ADMIN/Edit Text/Bespoke/Seller Pages/Delivery Settings/input_Okay_Range'

2020-03-20 11:40:14 - [MESSAGE][PASSED] - Keys '*' sent to object: 'Object Repository/ADMIN/Edit Text/Bespoke/Seller Pages/Delivery Settings/input_Okay_Range'

2020-03-20 11:40:14 - [TEST_STEP][PASSED] - sendKeys(findTestObject("ADMIN/Edit Text/Bespoke/Seller Pages/Delivery Settings/input_ADDEDIT DELIVERY OPTION_Add_edit_delivery_option"), "*"): Keys '*' sent to object: 'Object Repository/ADMIN/Edit Text/Bespoke/Seller Pages/Delivery Settings/input_ADDEDIT DELIVERY OPTION_Add_edit_delivery_option'

2020-03-20 11:40:14 - [MESSAGE][PASSED] - Keys '*' sent to object: 'Object Repository/ADMIN/Edit Text/Bespoke/Seller Pages/Delivery Settings/input_ADDEDIT DELIVERY OPTION_Add_edit_delivery_option'

2020-03-20 11:40:14 - [TEST_STEP][PASSED] - sendKeys(findTestObject("ADMIN/Edit Text/Bespoke/Seller Pages/Delivery Settings/input_Define the locations available and the rates for the delivery option_Define_the_locations_available_and_the_rates_for_the_delivery_option"), "*"): Keys '*' sent to object: 'Object Repository/ADMIN/Edit Text/Bespoke/Seller Pages/Delivery Settings/input_Define the locations available and the rates for the delivery option_Define_the_locations_available_and_the_rates_for_the_delivery_option'

2020-03-20 11:40:14 - [MESSAGE][PASSED] - Keys '*' sent to object: 'Object Repository/ADMIN/Edit Text/Bespoke/Seller Pages/Delivery Settings/input_Define the locations available and the rates for the delivery option_Define_the_locations_available_and_the_rates_for_the_delivery_option'

2020-03-20 11:40:14 - [TEST_STEP][PASSED] - sendKeys(findTestObject("ADMIN/Edit Text/Bespoke/Seller Pages/Delivery Settings/input_DELIVERY OPTION SETTINGS_DELIVERY_OPTIONS_SETTINGS"), "*"): Keys '*' sent to object: 'Object Repository/ADMIN/Edit Text/Bespoke/Seller Pages/Delivery Settings/input_DELIVERY OPTION SETTINGS_DELIVERY_OPTIONS_SETTINGS'

2020-03-20 11:40:14 - [MESSAGE][PASSED] - Keys '*' sent to object: 'Object Repository/ADMIN/Edit Text/Bespoke/Seller Pages/Delivery Settings/input_DELIVERY OPTION SETTINGS_DELIVERY_OPTIONS_SETTINGS'

2020-03-20 11:40:14 - [TEST_STEP][PASSED] - sendKeys(findTestObject("ADMIN/Edit Text/Bespoke/Seller Pages/Delivery Settings/input_DELIVERY OPTION NAME_DELIVERY_OPTION_NAME"), "*"): Keys '*' sent to object: 'Object Repository/ADMIN/Edit Text/Bespoke/Seller Pages/Delivery Settings/input_DELIVERY OPTION NAME_DELIVERY_OPTION_NAME'

2020-03-20 11:40:14 - [MESSAGE][PASSED] - Keys '*' sent to object: 'Object Repository/ADMIN/Edit Text/Bespoke/Seller Pages/Delivery Settings/input_DELIVERY OPTION NAME_DELIVERY_OPTION_NAME'

2020-03-20 11:40:14 - [TEST_STEP][PASSED] - sendKeys(findTestObject("ADMIN/Edit Text/Bespoke/Seller Pages/Delivery Settings/input_delivers to3"), "*"): Keys '*' sent to object: 'Object Repository/ADMIN/Edit Text/Bespoke/Seller Pages/Delivery Settings/input_delivers to3'

2020-03-20 11:40:14 - [MESSAGE][PASSED] - Keys '*' sent to object: 'Object Repository/ADMIN/Edit Text/Bespoke/Seller Pages/Delivery Settings/input_delivers to3'

2020-03-20 11:40:14 - [TEST_STEP][PASSED] - sendKeys(findTestObject("ADMIN/Edit Text/Bespoke/Seller Pages/Delivery Settings/input_MINIMUM LEAD TIME_Minimum_lead_time"), "*"): Keys '*' sent to object: 'Object Repository/ADMIN/Edit Text/Bespoke/Seller Pages/Delivery Settings/input_MINIMUM LEAD TIME_Minimum_lead_time'

2020-03-20 11:40:15 - [MESSAGE][PASSED] - Keys '*' sent to object: 'Object Repository/ADMIN/Edit Text/Bespoke/Seller Pages/Delivery Settings/input_MINIMUM LEAD TIME_Minimum_lead_time'

2020-03-20 11:40:15 - [TEST_STEP][PASSED] - sendKeys(findTestObject("ADMIN/Edit Text/Bespoke/Seller Pages/Delivery Settings/input_WHERE ARE YOU DELIVERING FROM_Where_are_you_delivering_from"), "*"): Keys '*' sent to object: 'Object Repository/ADMIN/Edit Text/Bespoke/Seller Pages/Delivery Settings/input_WHERE ARE YOU DELIVERING FROM_Where_are_you_delivering_from'

2020-03-20 11:40:15 - [MESSAGE][PASSED] - Keys '*' sent to object: 'Object Repository/ADMIN/Edit Text/Bespoke/Seller Pages/Delivery Settings/input_WHERE ARE YOU DELIVERING FROM_Where_are_you_delivering_from'

2020-03-20 11:40:15 - [TEST_STEP][PASSED] - sendKeys(findTestObject("ADMIN/Edit Text/Bespoke/Seller Pages/Delivery Settings/input_Select if you would like to calculate shipping by total order weight or total order price_total_order_weight_or_total_order_price"), "*"): Keys '*' sent to object: 'Object Repository/ADMIN/Edit Text/Bespoke/Seller Pages/Delivery Settings/input_Select if you would like to calculate shipping by total order weight or total order price_total_order_weight_or_total_order_price'

2020-03-20 11:40:15 - [MESSAGE][PASSED] - Keys '*' sent to object: 'Object Repository/ADMIN/Edit Text/Bespoke/Seller Pages/Delivery Settings/input_Select if you would like to calculate shipping by total order weight or total order price_total_order_weight_or_total_order_price'

2020-03-20 11:40:15 - [TEST_STEP][PASSED] - sendKeys(findTestObject("ADMIN/Edit Text/Bespoke/Seller Pages/Delivery Settings/input_Weight_Weight"), "*"): Keys '*' sent to object: 'Object Repository/ADMIN/Edit Text/Bespoke/Seller Pages/Delivery Settings/input_Weight_Weight'

2020-03-20 11:40:15 - [MESSAGE][PASSED] - Keys '*' sent to object: 'Object Repository/ADMIN/Edit Text/Bespoke/Seller Pages/Delivery Settings/input_Weight_Weight'

2020-03-20 11:40:15 - [TEST_STEP][PASSED] - sendKeys(findTestObject("ADMIN/Edit Text/Bespoke/Seller Pages/Delivery Settings/input_Price_Price"), "*"): Keys '*' sent to object: 'Object Repository/ADMIN/Edit Text/Bespoke/Seller Pages/Delivery Settings/input_Price_Price'

2020-03-20 11:40:15 - [MESSAGE][PASSED] - Keys '*' sent to object: 'Object Repository/ADMIN/Edit Text/Bespoke/Seller Pages/Delivery Settings/input_Price_Price'

2020-03-20 11:40:15 - [TEST_STEP][PASSED] - sendKeys(findTestObject("ADMIN/Edit Text/Bespoke/Seller Pages/Delivery Settings/input_Delivery Rate(s)_DelDelivery_Rates"), "*"): Keys '*' sent to object: 'Object Repository/ADMIN/Edit Text/Bespoke/Seller Pages/Delivery Settings/input_Delivery Rate(s)_DelDelivery_Rates'

2020-03-20 11:40:15 - [MESSAGE][PASSED] - Keys '*' sent to object: 'Object Repository/ADMIN/Edit Text/Bespoke/Seller Pages/Delivery Settings/input_Delivery Rate(s)_DelDelivery_Rates'

2020-03-20 11:40:15 - [TEST_STEP][PASSED] - sendKeys(findTestObject("ADMIN/Edit Text/Bespoke/Seller Pages/Delivery Settings/input_NAME_Name (1)"), "*"): Keys '*' sent to object: 'Object Repository/ADMIN/Edit Text/Bespoke/Seller Pages/Delivery Settings/input_NAME_Name (1)'

2020-03-20 11:40:15 - [MESSAGE][PASSED] - Keys '*' sent to object: 'Object Repository/ADMIN/Edit Text/Bespoke/Seller Pages/Delivery Settings/input_NAME_Name (1)'

2020-03-20 11:40:15 - [TEST_STEP][PASSED] - sendKeys(findTestObject("ADMIN/Edit Text/Bespoke/Seller Pages/Delivery Settings/input_RANGE_Range (1)"), "*"): Keys '*' sent to object: 'Object Repository/ADMIN/Edit Text/Bespoke/Seller Pages/Delivery Settings/input_RANGE_Range (1)'

2020-03-20 11:40:15 - [MESSAGE][PASSED] - Keys '*' sent to object: 'Object Repository/ADMIN/Edit Text/Bespoke/Seller Pages/Delivery Settings/input_RANGE_Range (1)'

2020-03-20 11:40:15 - [TEST_STEP][PASSED] - sendKeys(findTestObject("ADMIN/Edit Text/Bespoke/Seller Pages/Delivery Settings/input_DELIVERY COST_Delivery_Cost (1)"), "*"): Keys '*' sent to object: 'Object Repository/ADMIN/Edit Text/Bespoke/Seller Pages/Delivery Settings/input_DELIVERY COST_Delivery_Cost (1)'

2020-03-20 11:40:16 - [MESSAGE][PASSED] - Keys '*' sent to object: 'Object Repository/ADMIN/Edit Text/Bespoke/Seller Pages/Delivery Settings/input_DELIVERY COST_Delivery_Cost (1)'

2020-03-20 11:40:16 - [TEST_STEP][PASSED] - sendKeys(findTestObject("ADMIN/Edit Text/Bespoke/Seller Pages/Delivery Settings/input_Onwards_Onwards"), "*"): Keys '*' sent to object: 'Object Repository/ADMIN/Edit Text/Bespoke/Seller Pages/Delivery Settings/input_Onwards_Onwards'

2020-03-20 11:40:16 - [MESSAGE][PASSED] - Keys '*' sent to object: 'Object Repository/ADMIN/Edit Text/Bespoke/Seller Pages/Delivery Settings/input_Onwards_Onwards'

2020-03-20 11:40:16 - [TEST_STEP][PASSED] - sendKeys(findTestObject("ADMIN/Edit Text/Bespoke/Seller Pages/Delivery Settings/input_Add Delivery Rate_Add_Delivery_Rate"), "*"): Keys '*' sent to object: 'Object Repository/ADMIN/Edit Text/Bespoke/Seller Pages/Delivery Settings/input_Add Delivery Rate_Add_Delivery_Rate'

2020-03-20 11:40:16 - [MESSAGE][PASSED] - Keys '*' sent to object: 'Object Repository/ADMIN/Edit Text/Bespoke/Seller Pages/Delivery Settings/input_Add Delivery Rate_Add_Delivery_Rate'

2020-03-20 11:40:16 - [TEST_STEP][PASSED] - sendKeys(findTestObject("ADMIN/Edit Text/Bespoke/Seller Pages/Delivery Settings/input_Delivery Rate Name (Buyers will not see this)_Delivery_Rate_Name"), "*"): Keys '*' sent to object: 'Object Repository/ADMIN/Edit Text/Bespoke/Seller Pages/Delivery Settings/input_Delivery Rate Name (Buyers will not see this)_Delivery_Rate_Name'

2020-03-20 11:40:16 - [MESSAGE][PASSED] - Keys '*' sent to object: 'Object Repository/ADMIN/Edit Text/Bespoke/Seller Pages/Delivery Settings/input_Delivery Rate Name (Buyers will not see this)_Delivery_Rate_Name'

2020-03-20 11:40:16 - [TEST_STEP][PASSED] - sendKeys(findTestObject("ADMIN/Edit Text/Bespoke/Seller Pages/Delivery Settings/input_To_To"), "*"): Keys '*' sent to object: 'Object Repository/ADMIN/Edit Text/Bespoke/Seller Pages/Delivery Settings/input_To_To'

2020-03-20 11:40:16 - [MESSAGE][PASSED] - Keys '*' sent to object: 'Object Repository/ADMIN/Edit Text/Bespoke/Seller Pages/Delivery Settings/input_To_To'

2020-03-20 11:40:16 - [TEST_STEP][PASSED] - sendKeys(findTestObject("ADMIN/Edit Text/Bespoke/Seller Pages/Delivery Settings/input_delivery cost4"), "*"): Keys '*' sent to object: 'Object Repository/ADMIN/Edit Text/Bespoke/Seller Pages/Delivery Settings/input_delivery cost4'

2020-03-20 11:40:16 - [MESSAGE][PASSED] - Keys '*' sent to object: 'Object Repository/ADMIN/Edit Text/Bespoke/Seller Pages/Delivery Settings/input_delivery cost4'

2020-03-20 11:40:16 - [TEST_STEP][PASSED] - sendKeys(findTestObject("ADMIN/Edit Text/Bespoke/Seller Pages/Delivery Settings/input_Save_Save"), "*"): Keys '*' sent to object: 'Object Repository/ADMIN/Edit Text/Bespoke/Seller Pages/Delivery Settings/input_Save_Save'

2020-03-20 11:40:16 - [MESSAGE][PASSED] - Keys '*' sent to object: 'Object Repository/ADMIN/Edit Text/Bespoke/Seller Pages/Delivery Settings/input_Save_Save'

2020-03-20 11:40:16 - [TEST_STEP][PASSED] - sendKeys(findTestObject("ADMIN/Edit Text/Bespoke/Seller Pages/Delivery Settings/input_Cancel_Cancel"), "*"): Keys '*' sent to object: 'Object Repository/ADMIN/Edit Text/Bespoke/Seller Pages/Delivery Settings/input_Cancel_Cancel'

2020-03-20 11:40:16 - [MESSAGE][PASSED] - Keys '*' sent to object: 'Object Repository/ADMIN/Edit Text/Bespoke/Seller Pages/Delivery Settings/input_Cancel_Cancel'

2020-03-20 11:40:16 - [TEST_STEP][PASSED] - click(findTestObject("ADMIN/Edit Text/Bespoke/Buyer Pages/Homepage/button_save"), CONTINUE_ON_FAILURE): Object: 'Object Repository/ADMIN/Edit Text/Bespoke/Buyer Pages/Homepage/button_save' is clicked on

2020-03-20 11:40:17 - [MESSAGE][PASSED] - Object: 'Object Repository/ADMIN/Edit Text/Bespoke/Buyer Pages/Homepage/button_save' is clicked on

2020-03-20 11:40:17 - [TEST_STEP][PASSED] - waitForElementVisible(findTestObject("ADMIN/Edit Text/Bespoke/Buyer Pages/Homepage/toaster_success"), 0): Object 'Object Repository/ADMIN/Edit Text/Bespoke/Buyer Pages/Homepage/toaster_success' is visible

2020-03-20 11:40:17 - [MESSAGE][WARNING] - Timeout '0' is invalid. Using default page load timeout: '30'

2020-03-20 11:40:17 - [MESSAGE][PASSED] - Object 'Object Repository/ADMIN/Edit Text/Bespoke/Buyer Pages/Homepage/toaster_success' is visible]]></system-out>
         <system-err><![CDATA[]]></system-err>
      </testcase>
      <testcase name="Test Cases/ADMIN/Language/Edit Text/Bespoke/Seller/Delivery Settings" time="8.562" classname="Test Cases/ADMIN/Language/Edit Text/Bespoke/Seller/Delivery Settings" status="PASSED">
         <system-out><![CDATA[2020-03-20 11:40:17 - [TEST_CASE][PASSED] - Test Cases/ADMIN/Language/Edit Text/Bespoke/Seller/Delivery Settings: Test Cases/ADMIN/Language/Edit Text/Bespoke/Seller/Delivery Settings

2020-03-20 11:40:17 - [TEST_STEP][PASSED] - waitForElementVisible(findTestObject("ADMIN/Edit Text/Bespoke/Buyer Navigation/dd_language"), 0): Object 'Object Repository/ADMIN/Edit Text/Bespoke/Buyer Navigation/dd_language' is visible

2020-03-20 11:40:18 - [MESSAGE][WARNING] - Timeout '0' is invalid. Using default page load timeout: '30'

2020-03-20 11:40:18 - [MESSAGE][PASSED] - Object 'Object Repository/ADMIN/Edit Text/Bespoke/Buyer Navigation/dd_language' is visible

2020-03-20 11:40:18 - [TEST_STEP][PASSED] - selectOptionByLabel(findTestObject("ADMIN/Edit Text/Bespoke/Buyer Navigation/dd_language"), varLanguage, false): All options with label 'Hindi' are selected in object 'Object Repository/ADMIN/Edit Text/Bespoke/Buyer Navigation/dd_language' 

2020-03-20 11:40:19 - [MESSAGE][PASSED] - All options with label 'Hindi' are selected in object 'Object Repository/ADMIN/Edit Text/Bespoke/Buyer Navigation/dd_language' 

2020-03-20 11:40:19 - [TEST_STEP][PASSED] - sendKeys(findTestObject("ADMIN/Edit Text/Bespoke/Seller Pages/Delivery Settings/input_DELIVERY SETTINGS_DELIVERY_SETTINGS"), "*"): Keys '*' sent to object: 'Object Repository/ADMIN/Edit Text/Bespoke/Seller Pages/Delivery Settings/input_DELIVERY SETTINGS_DELIVERY_SETTINGS'

2020-03-20 11:40:20 - [MESSAGE][PASSED] - Keys '*' sent to object: 'Object Repository/ADMIN/Edit Text/Bespoke/Seller Pages/Delivery Settings/input_DELIVERY SETTINGS_DELIVERY_SETTINGS'

2020-03-20 11:40:20 - [TEST_STEP][PASSED] - sendKeys(findTestObject("ADMIN/Edit Text/Bespoke/Seller Pages/Delivery Settings/input_add del or pickup"), "*"): Keys '*' sent to object: 'Object Repository/ADMIN/Edit Text/Bespoke/Seller Pages/Delivery Settings/input_add del or pickup'

2020-03-20 11:40:20 - [MESSAGE][PASSED] - Keys '*' sent to object: 'Object Repository/ADMIN/Edit Text/Bespoke/Seller Pages/Delivery Settings/input_add del or pickup'

2020-03-20 11:40:20 - [TEST_STEP][PASSED] - sendKeys(findTestObject("ADMIN/Edit Text/Bespoke/Seller Pages/Delivery Settings/input_DELIVERY OPTIONS_DELIVERY_OPTIONS"), "*"): Keys '*' sent to object: 'Object Repository/ADMIN/Edit Text/Bespoke/Seller Pages/Delivery Settings/input_DELIVERY OPTIONS_DELIVERY_OPTIONS'

2020-03-20 11:40:20 - [MESSAGE][PASSED] - Keys '*' sent to object: 'Object Repository/ADMIN/Edit Text/Bespoke/Seller Pages/Delivery Settings/input_DELIVERY OPTIONS_DELIVERY_OPTIONS'

2020-03-20 11:40:20 - [TEST_STEP][PASSED] - sendKeys(findTestObject("ADMIN/Edit Text/Bespoke/Seller Pages/Delivery Settings/input_Add Delivery Options_select_delivery_method"), "*"): Keys '*' sent to object: 'Object Repository/ADMIN/Edit Text/Bespoke/Seller Pages/Delivery Settings/input_Add Delivery Options_select_delivery_method'

2020-03-20 11:40:20 - [MESSAGE][PASSED] - Keys '*' sent to object: 'Object Repository/ADMIN/Edit Text/Bespoke/Seller Pages/Delivery Settings/input_Add Delivery Options_select_delivery_method'

2020-03-20 11:40:20 - [TEST_STEP][PASSED] - sendKeys(findTestObject("ADMIN/Edit Text/Bespoke/Seller Pages/Delivery Settings/input_Name_Name"), "*"): Keys '*' sent to object: 'Object Repository/ADMIN/Edit Text/Bespoke/Seller Pages/Delivery Settings/input_Name_Name'

2020-03-20 11:40:20 - [MESSAGE][PASSED] - Keys '*' sent to object: 'Object Repository/ADMIN/Edit Text/Bespoke/Seller Pages/Delivery Settings/input_Name_Name'

2020-03-20 11:40:20 - [TEST_STEP][PASSED] - sendKeys(findTestObject("ADMIN/Edit Text/Bespoke/Seller Pages/Delivery Settings/input_DELIVERS TO_DELIVERS_TO"), "*"): Keys '*' sent to object: 'Object Repository/ADMIN/Edit Text/Bespoke/Seller Pages/Delivery Settings/input_DELIVERS TO_DELIVERS_TO'

2020-03-20 11:40:20 - [MESSAGE][PASSED] - Keys '*' sent to object: 'Object Repository/ADMIN/Edit Text/Bespoke/Seller Pages/Delivery Settings/input_DELIVERS TO_DELIVERS_TO'

2020-03-20 11:40:20 - [TEST_STEP][PASSED] - sendKeys(findTestObject("ADMIN/Edit Text/Bespoke/Seller Pages/Delivery Settings/input_PICK-UP OPTIONS_PICK-UP_OPTIONS"), "*"): Keys '*' sent to object: 'Object Repository/ADMIN/Edit Text/Bespoke/Seller Pages/Delivery Settings/input_PICK-UP OPTIONS_PICK-UP_OPTIONS'

2020-03-20 11:40:21 - [MESSAGE][PASSED] - Keys '*' sent to object: 'Object Repository/ADMIN/Edit Text/Bespoke/Seller Pages/Delivery Settings/input_PICK-UP OPTIONS_PICK-UP_OPTIONS'

2020-03-20 11:40:21 - [TEST_STEP][PASSED] - sendKeys(findTestObject("ADMIN/Edit Text/Bespoke/Seller Pages/Delivery Settings/input_Add Pick-up Options_Add_Pick-up_Options"), "*"): Keys '*' sent to object: 'Object Repository/ADMIN/Edit Text/Bespoke/Seller Pages/Delivery Settings/input_Add Pick-up Options_Add_Pick-up_Options'

2020-03-20 11:40:21 - [MESSAGE][PASSED] - Keys '*' sent to object: 'Object Repository/ADMIN/Edit Text/Bespoke/Seller Pages/Delivery Settings/input_Add Pick-up Options_Add_Pick-up_Options'

2020-03-20 11:40:21 - [TEST_STEP][PASSED] - sendKeys(findTestObject("ADMIN/Edit Text/Bespoke/Seller Pages/Delivery Settings/input_Define the full address where the buyer can pick up from_delivery_desc_used"), "*"): Keys '*' sent to object: 'Object Repository/ADMIN/Edit Text/Bespoke/Seller Pages/Delivery Settings/input_Define the full address where the buyer can pick up from_delivery_desc_used'

2020-03-20 11:40:21 - [MESSAGE][PASSED] - Keys '*' sent to object: 'Object Repository/ADMIN/Edit Text/Bespoke/Seller Pages/Delivery Settings/input_Define the full address where the buyer can pick up from_delivery_desc_used'

2020-03-20 11:40:21 - [TEST_STEP][PASSED] - sendKeys(findTestObject("ADMIN/Edit Text/Bespoke/Seller Pages/Delivery Settings/input_Delivers to_Delivers_to (1)"), "*"): Keys '*' sent to object: 'Object Repository/ADMIN/Edit Text/Bespoke/Seller Pages/Delivery Settings/input_Delivers to_Delivers_to (1)'

2020-03-20 11:40:21 - [MESSAGE][PASSED] - Keys '*' sent to object: 'Object Repository/ADMIN/Edit Text/Bespoke/Seller Pages/Delivery Settings/input_Delivers to_Delivers_to (1)'

2020-03-20 11:40:21 - [TEST_STEP][PASSED] - sendKeys(findTestObject("ADMIN/Edit Text/Bespoke/Seller Pages/Delivery Settings/input_Shipping rate by_Shipping_rate_by"), "*"): Keys '*' sent to object: 'Object Repository/ADMIN/Edit Text/Bespoke/Seller Pages/Delivery Settings/input_Shipping rate by_Shipping_rate_by'

2020-03-20 11:40:21 - [MESSAGE][PASSED] - Keys '*' sent to object: 'Object Repository/ADMIN/Edit Text/Bespoke/Seller Pages/Delivery Settings/input_Shipping rate by_Shipping_rate_by'

2020-03-20 11:40:21 - [TEST_STEP][PASSED] - sendKeys(findTestObject("ADMIN/Edit Text/Bespoke/Seller Pages/Delivery Settings/input_Delivering from_Delivering_from"), "*"): Keys '*' sent to object: 'Object Repository/ADMIN/Edit Text/Bespoke/Seller Pages/Delivery Settings/input_Delivering from_Delivering_from'

2020-03-20 11:40:21 - [MESSAGE][PASSED] - Keys '*' sent to object: 'Object Repository/ADMIN/Edit Text/Bespoke/Seller Pages/Delivery Settings/input_Delivering from_Delivering_from'

2020-03-20 11:40:21 - [TEST_STEP][PASSED] - sendKeys(findTestObject("ADMIN/Edit Text/Bespoke/Seller Pages/Delivery Settings/input_Delivery rates(s)_Shipping_rate_by"), "*"): Keys '*' sent to object: 'Object Repository/ADMIN/Edit Text/Bespoke/Seller Pages/Delivery Settings/input_Delivery rates(s)_Shipping_rate_by'

2020-03-20 11:40:21 - [MESSAGE][PASSED] - Keys '*' sent to object: 'Object Repository/ADMIN/Edit Text/Bespoke/Seller Pages/Delivery Settings/input_Delivery rates(s)_Shipping_rate_by'

2020-03-20 11:40:21 - [TEST_STEP][PASSED] - sendKeys(findTestObject("ADMIN/Edit Text/Bespoke/Seller Pages/Delivery Settings/input_Name_Name1"), "*"): Keys '*' sent to object: 'Object Repository/ADMIN/Edit Text/Bespoke/Seller Pages/Delivery Settings/input_Name_Name1'

2020-03-20 11:40:22 - [MESSAGE][PASSED] - Keys '*' sent to object: 'Object Repository/ADMIN/Edit Text/Bespoke/Seller Pages/Delivery Settings/input_Name_Name1'

2020-03-20 11:40:22 - [TEST_STEP][PASSED] - sendKeys(findTestObject("ADMIN/Edit Text/Bespoke/Seller Pages/Delivery Settings/input_Range_Range"), "*"): Keys '*' sent to object: 'Object Repository/ADMIN/Edit Text/Bespoke/Seller Pages/Delivery Settings/input_Range_Range'

2020-03-20 11:40:22 - [MESSAGE][PASSED] - Keys '*' sent to object: 'Object Repository/ADMIN/Edit Text/Bespoke/Seller Pages/Delivery Settings/input_Range_Range'

2020-03-20 11:40:22 - [TEST_STEP][PASSED] - sendKeys(findTestObject("ADMIN/Edit Text/Bespoke/Seller Pages/Delivery Settings/input_Delivery Cost_Delivery_Cost"), "*"): Keys '*' sent to object: 'Object Repository/ADMIN/Edit Text/Bespoke/Seller Pages/Delivery Settings/input_Delivery Cost_Delivery_Cost'

2020-03-20 11:40:22 - [MESSAGE][PASSED] - Keys '*' sent to object: 'Object Repository/ADMIN/Edit Text/Bespoke/Seller Pages/Delivery Settings/input_Delivery Cost_Delivery_Cost'

2020-03-20 11:40:22 - [TEST_STEP][PASSED] - sendKeys(findTestObject("ADMIN/Edit Text/Bespoke/Seller Pages/Delivery Settings/input_Okay_Range"), "*"): Keys '*' sent to object: 'Object Repository/ADMIN/Edit Text/Bespoke/Seller Pages/Delivery Settings/input_Okay_Range'

2020-03-20 11:40:22 - [MESSAGE][PASSED] - Keys '*' sent to object: 'Object Repository/ADMIN/Edit Text/Bespoke/Seller Pages/Delivery Settings/input_Okay_Range'

2020-03-20 11:40:22 - [TEST_STEP][PASSED] - sendKeys(findTestObject("ADMIN/Edit Text/Bespoke/Seller Pages/Delivery Settings/input_ADDEDIT DELIVERY OPTION_Add_edit_delivery_option"), "*"): Keys '*' sent to object: 'Object Repository/ADMIN/Edit Text/Bespoke/Seller Pages/Delivery Settings/input_ADDEDIT DELIVERY OPTION_Add_edit_delivery_option'

2020-03-20 11:40:22 - [MESSAGE][PASSED] - Keys '*' sent to object: 'Object Repository/ADMIN/Edit Text/Bespoke/Seller Pages/Delivery Settings/input_ADDEDIT DELIVERY OPTION_Add_edit_delivery_option'

2020-03-20 11:40:22 - [TEST_STEP][PASSED] - sendKeys(findTestObject("ADMIN/Edit Text/Bespoke/Seller Pages/Delivery Settings/input_Define the locations available and the rates for the delivery option_Define_the_locations_available_and_the_rates_for_the_delivery_option"), "*"): Keys '*' sent to object: 'Object Repository/ADMIN/Edit Text/Bespoke/Seller Pages/Delivery Settings/input_Define the locations available and the rates for the delivery option_Define_the_locations_available_and_the_rates_for_the_delivery_option'

2020-03-20 11:40:22 - [MESSAGE][PASSED] - Keys '*' sent to object: 'Object Repository/ADMIN/Edit Text/Bespoke/Seller Pages/Delivery Settings/input_Define the locations available and the rates for the delivery option_Define_the_locations_available_and_the_rates_for_the_delivery_option'

2020-03-20 11:40:22 - [TEST_STEP][PASSED] - sendKeys(findTestObject("ADMIN/Edit Text/Bespoke/Seller Pages/Delivery Settings/input_DELIVERY OPTION SETTINGS_DELIVERY_OPTIONS_SETTINGS"), "*"): Keys '*' sent to object: 'Object Repository/ADMIN/Edit Text/Bespoke/Seller Pages/Delivery Settings/input_DELIVERY OPTION SETTINGS_DELIVERY_OPTIONS_SETTINGS'

2020-03-20 11:40:23 - [MESSAGE][PASSED] - Keys '*' sent to object: 'Object Repository/ADMIN/Edit Text/Bespoke/Seller Pages/Delivery Settings/input_DELIVERY OPTION SETTINGS_DELIVERY_OPTIONS_SETTINGS'

2020-03-20 11:40:23 - [TEST_STEP][PASSED] - sendKeys(findTestObject("ADMIN/Edit Text/Bespoke/Seller Pages/Delivery Settings/input_DELIVERY OPTION NAME_DELIVERY_OPTION_NAME"), "*"): Keys '*' sent to object: 'Object Repository/ADMIN/Edit Text/Bespoke/Seller Pages/Delivery Settings/input_DELIVERY OPTION NAME_DELIVERY_OPTION_NAME'

2020-03-20 11:40:23 - [MESSAGE][PASSED] - Keys '*' sent to object: 'Object Repository/ADMIN/Edit Text/Bespoke/Seller Pages/Delivery Settings/input_DELIVERY OPTION NAME_DELIVERY_OPTION_NAME'

2020-03-20 11:40:23 - [TEST_STEP][PASSED] - sendKeys(findTestObject("ADMIN/Edit Text/Bespoke/Seller Pages/Delivery Settings/input_delivers to3"), "*"): Keys '*' sent to object: 'Object Repository/ADMIN/Edit Text/Bespoke/Seller Pages/Delivery Settings/input_delivers to3'

2020-03-20 11:40:23 - [MESSAGE][PASSED] - Keys '*' sent to object: 'Object Repository/ADMIN/Edit Text/Bespoke/Seller Pages/Delivery Settings/input_delivers to3'

2020-03-20 11:40:23 - [TEST_STEP][PASSED] - sendKeys(findTestObject("ADMIN/Edit Text/Bespoke/Seller Pages/Delivery Settings/input_MINIMUM LEAD TIME_Minimum_lead_time"), "*"): Keys '*' sent to object: 'Object Repository/ADMIN/Edit Text/Bespoke/Seller Pages/Delivery Settings/input_MINIMUM LEAD TIME_Minimum_lead_time'

2020-03-20 11:40:23 - [MESSAGE][PASSED] - Keys '*' sent to object: 'Object Repository/ADMIN/Edit Text/Bespoke/Seller Pages/Delivery Settings/input_MINIMUM LEAD TIME_Minimum_lead_time'

2020-03-20 11:40:23 - [TEST_STEP][PASSED] - sendKeys(findTestObject("ADMIN/Edit Text/Bespoke/Seller Pages/Delivery Settings/input_WHERE ARE YOU DELIVERING FROM_Where_are_you_delivering_from"), "*"): Keys '*' sent to object: 'Object Repository/ADMIN/Edit Text/Bespoke/Seller Pages/Delivery Settings/input_WHERE ARE YOU DELIVERING FROM_Where_are_you_delivering_from'

2020-03-20 11:40:23 - [MESSAGE][PASSED] - Keys '*' sent to object: 'Object Repository/ADMIN/Edit Text/Bespoke/Seller Pages/Delivery Settings/input_WHERE ARE YOU DELIVERING FROM_Where_are_you_delivering_from'

2020-03-20 11:40:23 - [TEST_STEP][PASSED] - sendKeys(findTestObject("ADMIN/Edit Text/Bespoke/Seller Pages/Delivery Settings/input_Select if you would like to calculate shipping by total order weight or total order price_total_order_weight_or_total_order_price"), "*"): Keys '*' sent to object: 'Object Repository/ADMIN/Edit Text/Bespoke/Seller Pages/Delivery Settings/input_Select if you would like to calculate shipping by total order weight or total order price_total_order_weight_or_total_order_price'

2020-03-20 11:40:23 - [MESSAGE][PASSED] - Keys '*' sent to object: 'Object Repository/ADMIN/Edit Text/Bespoke/Seller Pages/Delivery Settings/input_Select if you would like to calculate shipping by total order weight or total order price_total_order_weight_or_total_order_price'

2020-03-20 11:40:23 - [TEST_STEP][PASSED] - sendKeys(findTestObject("ADMIN/Edit Text/Bespoke/Seller Pages/Delivery Settings/input_Weight_Weight"), "*"): Keys '*' sent to object: 'Object Repository/ADMIN/Edit Text/Bespoke/Seller Pages/Delivery Settings/input_Weight_Weight'

2020-03-20 11:40:24 - [MESSAGE][PASSED] - Keys '*' sent to object: 'Object Repository/ADMIN/Edit Text/Bespoke/Seller Pages/Delivery Settings/input_Weight_Weight'

2020-03-20 11:40:24 - [TEST_STEP][PASSED] - sendKeys(findTestObject("ADMIN/Edit Text/Bespoke/Seller Pages/Delivery Settings/input_Price_Price"), "*"): Keys '*' sent to object: 'Object Repository/ADMIN/Edit Text/Bespoke/Seller Pages/Delivery Settings/input_Price_Price'

2020-03-20 11:40:24 - [MESSAGE][PASSED] - Keys '*' sent to object: 'Object Repository/ADMIN/Edit Text/Bespoke/Seller Pages/Delivery Settings/input_Price_Price'

2020-03-20 11:40:24 - [TEST_STEP][PASSED] - sendKeys(findTestObject("ADMIN/Edit Text/Bespoke/Seller Pages/Delivery Settings/input_Delivery Rate(s)_DelDelivery_Rates"), "*"): Keys '*' sent to object: 'Object Repository/ADMIN/Edit Text/Bespoke/Seller Pages/Delivery Settings/input_Delivery Rate(s)_DelDelivery_Rates'

2020-03-20 11:40:24 - [MESSAGE][PASSED] - Keys '*' sent to object: 'Object Repository/ADMIN/Edit Text/Bespoke/Seller Pages/Delivery Settings/input_Delivery Rate(s)_DelDelivery_Rates'

2020-03-20 11:40:24 - [TEST_STEP][PASSED] - sendKeys(findTestObject("ADMIN/Edit Text/Bespoke/Seller Pages/Delivery Settings/input_NAME_Name (1)"), "*"): Keys '*' sent to object: 'Object Repository/ADMIN/Edit Text/Bespoke/Seller Pages/Delivery Settings/input_NAME_Name (1)'

2020-03-20 11:40:24 - [MESSAGE][PASSED] - Keys '*' sent to object: 'Object Repository/ADMIN/Edit Text/Bespoke/Seller Pages/Delivery Settings/input_NAME_Name (1)'

2020-03-20 11:40:24 - [TEST_STEP][PASSED] - sendKeys(findTestObject("ADMIN/Edit Text/Bespoke/Seller Pages/Delivery Settings/input_RANGE_Range (1)"), "*"): Keys '*' sent to object: 'Object Repository/ADMIN/Edit Text/Bespoke/Seller Pages/Delivery Settings/input_RANGE_Range (1)'

2020-03-20 11:40:24 - [MESSAGE][PASSED] - Keys '*' sent to object: 'Object Repository/ADMIN/Edit Text/Bespoke/Seller Pages/Delivery Settings/input_RANGE_Range (1)'

2020-03-20 11:40:24 - [TEST_STEP][PASSED] - sendKeys(findTestObject("ADMIN/Edit Text/Bespoke/Seller Pages/Delivery Settings/input_DELIVERY COST_Delivery_Cost (1)"), "*"): Keys '*' sent to object: 'Object Repository/ADMIN/Edit Text/Bespoke/Seller Pages/Delivery Settings/input_DELIVERY COST_Delivery_Cost (1)'

2020-03-20 11:40:24 - [MESSAGE][PASSED] - Keys '*' sent to object: 'Object Repository/ADMIN/Edit Text/Bespoke/Seller Pages/Delivery Settings/input_DELIVERY COST_Delivery_Cost (1)'

2020-03-20 11:40:24 - [TEST_STEP][PASSED] - sendKeys(findTestObject("ADMIN/Edit Text/Bespoke/Seller Pages/Delivery Settings/input_Onwards_Onwards"), "*"): Keys '*' sent to object: 'Object Repository/ADMIN/Edit Text/Bespoke/Seller Pages/Delivery Settings/input_Onwards_Onwards'

2020-03-20 11:40:24 - [MESSAGE][PASSED] - Keys '*' sent to object: 'Object Repository/ADMIN/Edit Text/Bespoke/Seller Pages/Delivery Settings/input_Onwards_Onwards'

2020-03-20 11:40:24 - [TEST_STEP][PASSED] - sendKeys(findTestObject("ADMIN/Edit Text/Bespoke/Seller Pages/Delivery Settings/input_Add Delivery Rate_Add_Delivery_Rate"), "*"): Keys '*' sent to object: 'Object Repository/ADMIN/Edit Text/Bespoke/Seller Pages/Delivery Settings/input_Add Delivery Rate_Add_Delivery_Rate'

2020-03-20 11:40:24 - [MESSAGE][PASSED] - Keys '*' sent to object: 'Object Repository/ADMIN/Edit Text/Bespoke/Seller Pages/Delivery Settings/input_Add Delivery Rate_Add_Delivery_Rate'

2020-03-20 11:40:24 - [TEST_STEP][PASSED] - sendKeys(findTestObject("ADMIN/Edit Text/Bespoke/Seller Pages/Delivery Settings/input_Delivery Rate Name (Buyers will not see this)_Delivery_Rate_Name"), "*"): Keys '*' sent to object: 'Object Repository/ADMIN/Edit Text/Bespoke/Seller Pages/Delivery Settings/input_Delivery Rate Name (Buyers will not see this)_Delivery_Rate_Name'

2020-03-20 11:40:25 - [MESSAGE][PASSED] - Keys '*' sent to object: 'Object Repository/ADMIN/Edit Text/Bespoke/Seller Pages/Delivery Settings/input_Delivery Rate Name (Buyers will not see this)_Delivery_Rate_Name'

2020-03-20 11:40:25 - [TEST_STEP][PASSED] - sendKeys(findTestObject("ADMIN/Edit Text/Bespoke/Seller Pages/Delivery Settings/input_To_To"), "*"): Keys '*' sent to object: 'Object Repository/ADMIN/Edit Text/Bespoke/Seller Pages/Delivery Settings/input_To_To'

2020-03-20 11:40:25 - [MESSAGE][PASSED] - Keys '*' sent to object: 'Object Repository/ADMIN/Edit Text/Bespoke/Seller Pages/Delivery Settings/input_To_To'

2020-03-20 11:40:25 - [TEST_STEP][PASSED] - sendKeys(findTestObject("ADMIN/Edit Text/Bespoke/Seller Pages/Delivery Settings/input_delivery cost4"), "*"): Keys '*' sent to object: 'Object Repository/ADMIN/Edit Text/Bespoke/Seller Pages/Delivery Settings/input_delivery cost4'

2020-03-20 11:40:25 - [MESSAGE][PASSED] - Keys '*' sent to object: 'Object Repository/ADMIN/Edit Text/Bespoke/Seller Pages/Delivery Settings/input_delivery cost4'

2020-03-20 11:40:25 - [TEST_STEP][PASSED] - sendKeys(findTestObject("ADMIN/Edit Text/Bespoke/Seller Pages/Delivery Settings/input_Save_Save"), "*"): Keys '*' sent to object: 'Object Repository/ADMIN/Edit Text/Bespoke/Seller Pages/Delivery Settings/input_Save_Save'

2020-03-20 11:40:25 - [MESSAGE][PASSED] - Keys '*' sent to object: 'Object Repository/ADMIN/Edit Text/Bespoke/Seller Pages/Delivery Settings/input_Save_Save'

2020-03-20 11:40:25 - [TEST_STEP][PASSED] - sendKeys(findTestObject("ADMIN/Edit Text/Bespoke/Seller Pages/Delivery Settings/input_Cancel_Cancel"), "*"): Keys '*' sent to object: 'Object Repository/ADMIN/Edit Text/Bespoke/Seller Pages/Delivery Settings/input_Cancel_Cancel'

2020-03-20 11:40:25 - [MESSAGE][PASSED] - Keys '*' sent to object: 'Object Repository/ADMIN/Edit Text/Bespoke/Seller Pages/Delivery Settings/input_Cancel_Cancel'

2020-03-20 11:40:25 - [TEST_STEP][PASSED] - click(findTestObject("ADMIN/Edit Text/Bespoke/Buyer Pages/Homepage/button_save"), CONTINUE_ON_FAILURE): Object: 'Object Repository/ADMIN/Edit Text/Bespoke/Buyer Pages/Homepage/button_save' is clicked on

2020-03-20 11:40:25 - [MESSAGE][PASSED] - Object: 'Object Repository/ADMIN/Edit Text/Bespoke/Buyer Pages/Homepage/button_save' is clicked on

2020-03-20 11:40:25 - [TEST_STEP][PASSED] - waitForElementVisible(findTestObject("ADMIN/Edit Text/Bespoke/Buyer Pages/Homepage/toaster_success"), 0): Object 'Object Repository/ADMIN/Edit Text/Bespoke/Buyer Pages/Homepage/toaster_success' is visible

2020-03-20 11:40:25 - [MESSAGE][WARNING] - Timeout '0' is invalid. Using default page load timeout: '30'

2020-03-20 11:40:26 - [MESSAGE][PASSED] - Object 'Object Repository/ADMIN/Edit Text/Bespoke/Buyer Pages/Homepage/toaster_success' is visible]]></system-out>
         <system-err><![CDATA[]]></system-err>
      </testcase>
      <testcase name="Test Cases/ADMIN/Language/Edit Text/Bespoke/Seller/Delivery Settings" time="8.839" classname="Test Cases/ADMIN/Language/Edit Text/Bespoke/Seller/Delivery Settings" status="PASSED">
         <system-out><![CDATA[2020-03-20 11:40:26 - [TEST_CASE][PASSED] - Test Cases/ADMIN/Language/Edit Text/Bespoke/Seller/Delivery Settings: Test Cases/ADMIN/Language/Edit Text/Bespoke/Seller/Delivery Settings

2020-03-20 11:40:26 - [TEST_STEP][PASSED] - waitForElementVisible(findTestObject("ADMIN/Edit Text/Bespoke/Buyer Navigation/dd_language"), 0): Object 'Object Repository/ADMIN/Edit Text/Bespoke/Buyer Navigation/dd_language' is visible

2020-03-20 11:40:26 - [MESSAGE][WARNING] - Timeout '0' is invalid. Using default page load timeout: '30'

2020-03-20 11:40:26 - [MESSAGE][PASSED] - Object 'Object Repository/ADMIN/Edit Text/Bespoke/Buyer Navigation/dd_language' is visible

2020-03-20 11:40:26 - [TEST_STEP][PASSED] - selectOptionByLabel(findTestObject("ADMIN/Edit Text/Bespoke/Buyer Navigation/dd_language"), varLanguage, false): All options with label 'German' are selected in object 'Object Repository/ADMIN/Edit Text/Bespoke/Buyer Navigation/dd_language' 

2020-03-20 11:40:27 - [MESSAGE][PASSED] - All options with label 'German' are selected in object 'Object Repository/ADMIN/Edit Text/Bespoke/Buyer Navigation/dd_language' 

2020-03-20 11:40:27 - [TEST_STEP][PASSED] - sendKeys(findTestObject("ADMIN/Edit Text/Bespoke/Seller Pages/Delivery Settings/input_DELIVERY SETTINGS_DELIVERY_SETTINGS"), "*"): Keys '*' sent to object: 'Object Repository/ADMIN/Edit Text/Bespoke/Seller Pages/Delivery Settings/input_DELIVERY SETTINGS_DELIVERY_SETTINGS'

2020-03-20 11:40:28 - [MESSAGE][PASSED] - Keys '*' sent to object: 'Object Repository/ADMIN/Edit Text/Bespoke/Seller Pages/Delivery Settings/input_DELIVERY SETTINGS_DELIVERY_SETTINGS'

2020-03-20 11:40:28 - [TEST_STEP][PASSED] - sendKeys(findTestObject("ADMIN/Edit Text/Bespoke/Seller Pages/Delivery Settings/input_add del or pickup"), "*"): Keys '*' sent to object: 'Object Repository/ADMIN/Edit Text/Bespoke/Seller Pages/Delivery Settings/input_add del or pickup'

2020-03-20 11:40:28 - [MESSAGE][PASSED] - Keys '*' sent to object: 'Object Repository/ADMIN/Edit Text/Bespoke/Seller Pages/Delivery Settings/input_add del or pickup'

2020-03-20 11:40:28 - [TEST_STEP][PASSED] - sendKeys(findTestObject("ADMIN/Edit Text/Bespoke/Seller Pages/Delivery Settings/input_DELIVERY OPTIONS_DELIVERY_OPTIONS"), "*"): Keys '*' sent to object: 'Object Repository/ADMIN/Edit Text/Bespoke/Seller Pages/Delivery Settings/input_DELIVERY OPTIONS_DELIVERY_OPTIONS'

2020-03-20 11:40:29 - [MESSAGE][PASSED] - Keys '*' sent to object: 'Object Repository/ADMIN/Edit Text/Bespoke/Seller Pages/Delivery Settings/input_DELIVERY OPTIONS_DELIVERY_OPTIONS'

2020-03-20 11:40:29 - [TEST_STEP][PASSED] - sendKeys(findTestObject("ADMIN/Edit Text/Bespoke/Seller Pages/Delivery Settings/input_Add Delivery Options_select_delivery_method"), "*"): Keys '*' sent to object: 'Object Repository/ADMIN/Edit Text/Bespoke/Seller Pages/Delivery Settings/input_Add Delivery Options_select_delivery_method'

2020-03-20 11:40:29 - [MESSAGE][PASSED] - Keys '*' sent to object: 'Object Repository/ADMIN/Edit Text/Bespoke/Seller Pages/Delivery Settings/input_Add Delivery Options_select_delivery_method'

2020-03-20 11:40:29 - [TEST_STEP][PASSED] - sendKeys(findTestObject("ADMIN/Edit Text/Bespoke/Seller Pages/Delivery Settings/input_Name_Name"), "*"): Keys '*' sent to object: 'Object Repository/ADMIN/Edit Text/Bespoke/Seller Pages/Delivery Settings/input_Name_Name'

2020-03-20 11:40:29 - [MESSAGE][PASSED] - Keys '*' sent to object: 'Object Repository/ADMIN/Edit Text/Bespoke/Seller Pages/Delivery Settings/input_Name_Name'

2020-03-20 11:40:29 - [TEST_STEP][PASSED] - sendKeys(findTestObject("ADMIN/Edit Text/Bespoke/Seller Pages/Delivery Settings/input_DELIVERS TO_DELIVERS_TO"), "*"): Keys '*' sent to object: 'Object Repository/ADMIN/Edit Text/Bespoke/Seller Pages/Delivery Settings/input_DELIVERS TO_DELIVERS_TO'

2020-03-20 11:40:29 - [MESSAGE][PASSED] - Keys '*' sent to object: 'Object Repository/ADMIN/Edit Text/Bespoke/Seller Pages/Delivery Settings/input_DELIVERS TO_DELIVERS_TO'

2020-03-20 11:40:29 - [TEST_STEP][PASSED] - sendKeys(findTestObject("ADMIN/Edit Text/Bespoke/Seller Pages/Delivery Settings/input_PICK-UP OPTIONS_PICK-UP_OPTIONS"), "*"): Keys '*' sent to object: 'Object Repository/ADMIN/Edit Text/Bespoke/Seller Pages/Delivery Settings/input_PICK-UP OPTIONS_PICK-UP_OPTIONS'

2020-03-20 11:40:29 - [MESSAGE][PASSED] - Keys '*' sent to object: 'Object Repository/ADMIN/Edit Text/Bespoke/Seller Pages/Delivery Settings/input_PICK-UP OPTIONS_PICK-UP_OPTIONS'

2020-03-20 11:40:29 - [TEST_STEP][PASSED] - sendKeys(findTestObject("ADMIN/Edit Text/Bespoke/Seller Pages/Delivery Settings/input_Add Pick-up Options_Add_Pick-up_Options"), "*"): Keys '*' sent to object: 'Object Repository/ADMIN/Edit Text/Bespoke/Seller Pages/Delivery Settings/input_Add Pick-up Options_Add_Pick-up_Options'

2020-03-20 11:40:30 - [MESSAGE][PASSED] - Keys '*' sent to object: 'Object Repository/ADMIN/Edit Text/Bespoke/Seller Pages/Delivery Settings/input_Add Pick-up Options_Add_Pick-up_Options'

2020-03-20 11:40:30 - [TEST_STEP][PASSED] - sendKeys(findTestObject("ADMIN/Edit Text/Bespoke/Seller Pages/Delivery Settings/input_Define the full address where the buyer can pick up from_delivery_desc_used"), "*"): Keys '*' sent to object: 'Object Repository/ADMIN/Edit Text/Bespoke/Seller Pages/Delivery Settings/input_Define the full address where the buyer can pick up from_delivery_desc_used'

2020-03-20 11:40:30 - [MESSAGE][PASSED] - Keys '*' sent to object: 'Object Repository/ADMIN/Edit Text/Bespoke/Seller Pages/Delivery Settings/input_Define the full address where the buyer can pick up from_delivery_desc_used'

2020-03-20 11:40:30 - [TEST_STEP][PASSED] - sendKeys(findTestObject("ADMIN/Edit Text/Bespoke/Seller Pages/Delivery Settings/input_Delivers to_Delivers_to (1)"), "*"): Keys '*' sent to object: 'Object Repository/ADMIN/Edit Text/Bespoke/Seller Pages/Delivery Settings/input_Delivers to_Delivers_to (1)'

2020-03-20 11:40:30 - [MESSAGE][PASSED] - Keys '*' sent to object: 'Object Repository/ADMIN/Edit Text/Bespoke/Seller Pages/Delivery Settings/input_Delivers to_Delivers_to (1)'

2020-03-20 11:40:30 - [TEST_STEP][PASSED] - sendKeys(findTestObject("ADMIN/Edit Text/Bespoke/Seller Pages/Delivery Settings/input_Shipping rate by_Shipping_rate_by"), "*"): Keys '*' sent to object: 'Object Repository/ADMIN/Edit Text/Bespoke/Seller Pages/Delivery Settings/input_Shipping rate by_Shipping_rate_by'

2020-03-20 11:40:30 - [MESSAGE][PASSED] - Keys '*' sent to object: 'Object Repository/ADMIN/Edit Text/Bespoke/Seller Pages/Delivery Settings/input_Shipping rate by_Shipping_rate_by'

2020-03-20 11:40:30 - [TEST_STEP][PASSED] - sendKeys(findTestObject("ADMIN/Edit Text/Bespoke/Seller Pages/Delivery Settings/input_Delivering from_Delivering_from"), "*"): Keys '*' sent to object: 'Object Repository/ADMIN/Edit Text/Bespoke/Seller Pages/Delivery Settings/input_Delivering from_Delivering_from'

2020-03-20 11:40:30 - [MESSAGE][PASSED] - Keys '*' sent to object: 'Object Repository/ADMIN/Edit Text/Bespoke/Seller Pages/Delivery Settings/input_Delivering from_Delivering_from'

2020-03-20 11:40:30 - [TEST_STEP][PASSED] - sendKeys(findTestObject("ADMIN/Edit Text/Bespoke/Seller Pages/Delivery Settings/input_Delivery rates(s)_Shipping_rate_by"), "*"): Keys '*' sent to object: 'Object Repository/ADMIN/Edit Text/Bespoke/Seller Pages/Delivery Settings/input_Delivery rates(s)_Shipping_rate_by'

2020-03-20 11:40:30 - [MESSAGE][PASSED] - Keys '*' sent to object: 'Object Repository/ADMIN/Edit Text/Bespoke/Seller Pages/Delivery Settings/input_Delivery rates(s)_Shipping_rate_by'

2020-03-20 11:40:30 - [TEST_STEP][PASSED] - sendKeys(findTestObject("ADMIN/Edit Text/Bespoke/Seller Pages/Delivery Settings/input_Name_Name1"), "*"): Keys '*' sent to object: 'Object Repository/ADMIN/Edit Text/Bespoke/Seller Pages/Delivery Settings/input_Name_Name1'

2020-03-20 11:40:31 - [MESSAGE][PASSED] - Keys '*' sent to object: 'Object Repository/ADMIN/Edit Text/Bespoke/Seller Pages/Delivery Settings/input_Name_Name1'

2020-03-20 11:40:31 - [TEST_STEP][PASSED] - sendKeys(findTestObject("ADMIN/Edit Text/Bespoke/Seller Pages/Delivery Settings/input_Range_Range"), "*"): Keys '*' sent to object: 'Object Repository/ADMIN/Edit Text/Bespoke/Seller Pages/Delivery Settings/input_Range_Range'

2020-03-20 11:40:31 - [MESSAGE][PASSED] - Keys '*' sent to object: 'Object Repository/ADMIN/Edit Text/Bespoke/Seller Pages/Delivery Settings/input_Range_Range'

2020-03-20 11:40:31 - [TEST_STEP][PASSED] - sendKeys(findTestObject("ADMIN/Edit Text/Bespoke/Seller Pages/Delivery Settings/input_Delivery Cost_Delivery_Cost"), "*"): Keys '*' sent to object: 'Object Repository/ADMIN/Edit Text/Bespoke/Seller Pages/Delivery Settings/input_Delivery Cost_Delivery_Cost'

2020-03-20 11:40:31 - [MESSAGE][PASSED] - Keys '*' sent to object: 'Object Repository/ADMIN/Edit Text/Bespoke/Seller Pages/Delivery Settings/input_Delivery Cost_Delivery_Cost'

2020-03-20 11:40:31 - [TEST_STEP][PASSED] - sendKeys(findTestObject("ADMIN/Edit Text/Bespoke/Seller Pages/Delivery Settings/input_Okay_Range"), "*"): Keys '*' sent to object: 'Object Repository/ADMIN/Edit Text/Bespoke/Seller Pages/Delivery Settings/input_Okay_Range'

2020-03-20 11:40:31 - [MESSAGE][PASSED] - Keys '*' sent to object: 'Object Repository/ADMIN/Edit Text/Bespoke/Seller Pages/Delivery Settings/input_Okay_Range'

2020-03-20 11:40:31 - [TEST_STEP][PASSED] - sendKeys(findTestObject("ADMIN/Edit Text/Bespoke/Seller Pages/Delivery Settings/input_ADDEDIT DELIVERY OPTION_Add_edit_delivery_option"), "*"): Keys '*' sent to object: 'Object Repository/ADMIN/Edit Text/Bespoke/Seller Pages/Delivery Settings/input_ADDEDIT DELIVERY OPTION_Add_edit_delivery_option'

2020-03-20 11:40:31 - [MESSAGE][PASSED] - Keys '*' sent to object: 'Object Repository/ADMIN/Edit Text/Bespoke/Seller Pages/Delivery Settings/input_ADDEDIT DELIVERY OPTION_Add_edit_delivery_option'

2020-03-20 11:40:31 - [TEST_STEP][PASSED] - sendKeys(findTestObject("ADMIN/Edit Text/Bespoke/Seller Pages/Delivery Settings/input_Define the locations available and the rates for the delivery option_Define_the_locations_available_and_the_rates_for_the_delivery_option"), "*"): Keys '*' sent to object: 'Object Repository/ADMIN/Edit Text/Bespoke/Seller Pages/Delivery Settings/input_Define the locations available and the rates for the delivery option_Define_the_locations_available_and_the_rates_for_the_delivery_option'

2020-03-20 11:40:31 - [MESSAGE][PASSED] - Keys '*' sent to object: 'Object Repository/ADMIN/Edit Text/Bespoke/Seller Pages/Delivery Settings/input_Define the locations available and the rates for the delivery option_Define_the_locations_available_and_the_rates_for_the_delivery_option'

2020-03-20 11:40:31 - [TEST_STEP][PASSED] - sendKeys(findTestObject("ADMIN/Edit Text/Bespoke/Seller Pages/Delivery Settings/input_DELIVERY OPTION SETTINGS_DELIVERY_OPTIONS_SETTINGS"), "*"): Keys '*' sent to object: 'Object Repository/ADMIN/Edit Text/Bespoke/Seller Pages/Delivery Settings/input_DELIVERY OPTION SETTINGS_DELIVERY_OPTIONS_SETTINGS'

2020-03-20 11:40:32 - [MESSAGE][PASSED] - Keys '*' sent to object: 'Object Repository/ADMIN/Edit Text/Bespoke/Seller Pages/Delivery Settings/input_DELIVERY OPTION SETTINGS_DELIVERY_OPTIONS_SETTINGS'

2020-03-20 11:40:32 - [TEST_STEP][PASSED] - sendKeys(findTestObject("ADMIN/Edit Text/Bespoke/Seller Pages/Delivery Settings/input_DELIVERY OPTION NAME_DELIVERY_OPTION_NAME"), "*"): Keys '*' sent to object: 'Object Repository/ADMIN/Edit Text/Bespoke/Seller Pages/Delivery Settings/input_DELIVERY OPTION NAME_DELIVERY_OPTION_NAME'

2020-03-20 11:40:32 - [MESSAGE][PASSED] - Keys '*' sent to object: 'Object Repository/ADMIN/Edit Text/Bespoke/Seller Pages/Delivery Settings/input_DELIVERY OPTION NAME_DELIVERY_OPTION_NAME'

2020-03-20 11:40:32 - [TEST_STEP][PASSED] - sendKeys(findTestObject("ADMIN/Edit Text/Bespoke/Seller Pages/Delivery Settings/input_delivers to3"), "*"): Keys '*' sent to object: 'Object Repository/ADMIN/Edit Text/Bespoke/Seller Pages/Delivery Settings/input_delivers to3'

2020-03-20 11:40:32 - [MESSAGE][PASSED] - Keys '*' sent to object: 'Object Repository/ADMIN/Edit Text/Bespoke/Seller Pages/Delivery Settings/input_delivers to3'

2020-03-20 11:40:32 - [TEST_STEP][PASSED] - sendKeys(findTestObject("ADMIN/Edit Text/Bespoke/Seller Pages/Delivery Settings/input_MINIMUM LEAD TIME_Minimum_lead_time"), "*"): Keys '*' sent to object: 'Object Repository/ADMIN/Edit Text/Bespoke/Seller Pages/Delivery Settings/input_MINIMUM LEAD TIME_Minimum_lead_time'

2020-03-20 11:40:32 - [MESSAGE][PASSED] - Keys '*' sent to object: 'Object Repository/ADMIN/Edit Text/Bespoke/Seller Pages/Delivery Settings/input_MINIMUM LEAD TIME_Minimum_lead_time'

2020-03-20 11:40:32 - [TEST_STEP][PASSED] - sendKeys(findTestObject("ADMIN/Edit Text/Bespoke/Seller Pages/Delivery Settings/input_WHERE ARE YOU DELIVERING FROM_Where_are_you_delivering_from"), "*"): Keys '*' sent to object: 'Object Repository/ADMIN/Edit Text/Bespoke/Seller Pages/Delivery Settings/input_WHERE ARE YOU DELIVERING FROM_Where_are_you_delivering_from'

2020-03-20 11:40:32 - [MESSAGE][PASSED] - Keys '*' sent to object: 'Object Repository/ADMIN/Edit Text/Bespoke/Seller Pages/Delivery Settings/input_WHERE ARE YOU DELIVERING FROM_Where_are_you_delivering_from'

2020-03-20 11:40:32 - [TEST_STEP][PASSED] - sendKeys(findTestObject("ADMIN/Edit Text/Bespoke/Seller Pages/Delivery Settings/input_Select if you would like to calculate shipping by total order weight or total order price_total_order_weight_or_total_order_price"), "*"): Keys '*' sent to object: 'Object Repository/ADMIN/Edit Text/Bespoke/Seller Pages/Delivery Settings/input_Select if you would like to calculate shipping by total order weight or total order price_total_order_weight_or_total_order_price'

2020-03-20 11:40:32 - [MESSAGE][PASSED] - Keys '*' sent to object: 'Object Repository/ADMIN/Edit Text/Bespoke/Seller Pages/Delivery Settings/input_Select if you would like to calculate shipping by total order weight or total order price_total_order_weight_or_total_order_price'

2020-03-20 11:40:32 - [TEST_STEP][PASSED] - sendKeys(findTestObject("ADMIN/Edit Text/Bespoke/Seller Pages/Delivery Settings/input_Weight_Weight"), "*"): Keys '*' sent to object: 'Object Repository/ADMIN/Edit Text/Bespoke/Seller Pages/Delivery Settings/input_Weight_Weight'

2020-03-20 11:40:33 - [MESSAGE][PASSED] - Keys '*' sent to object: 'Object Repository/ADMIN/Edit Text/Bespoke/Seller Pages/Delivery Settings/input_Weight_Weight'

2020-03-20 11:40:33 - [TEST_STEP][PASSED] - sendKeys(findTestObject("ADMIN/Edit Text/Bespoke/Seller Pages/Delivery Settings/input_Price_Price"), "*"): Keys '*' sent to object: 'Object Repository/ADMIN/Edit Text/Bespoke/Seller Pages/Delivery Settings/input_Price_Price'

2020-03-20 11:40:33 - [MESSAGE][PASSED] - Keys '*' sent to object: 'Object Repository/ADMIN/Edit Text/Bespoke/Seller Pages/Delivery Settings/input_Price_Price'

2020-03-20 11:40:33 - [TEST_STEP][PASSED] - sendKeys(findTestObject("ADMIN/Edit Text/Bespoke/Seller Pages/Delivery Settings/input_Delivery Rate(s)_DelDelivery_Rates"), "*"): Keys '*' sent to object: 'Object Repository/ADMIN/Edit Text/Bespoke/Seller Pages/Delivery Settings/input_Delivery Rate(s)_DelDelivery_Rates'

2020-03-20 11:40:33 - [MESSAGE][PASSED] - Keys '*' sent to object: 'Object Repository/ADMIN/Edit Text/Bespoke/Seller Pages/Delivery Settings/input_Delivery Rate(s)_DelDelivery_Rates'

2020-03-20 11:40:33 - [TEST_STEP][PASSED] - sendKeys(findTestObject("ADMIN/Edit Text/Bespoke/Seller Pages/Delivery Settings/input_NAME_Name (1)"), "*"): Keys '*' sent to object: 'Object Repository/ADMIN/Edit Text/Bespoke/Seller Pages/Delivery Settings/input_NAME_Name (1)'

2020-03-20 11:40:33 - [MESSAGE][PASSED] - Keys '*' sent to object: 'Object Repository/ADMIN/Edit Text/Bespoke/Seller Pages/Delivery Settings/input_NAME_Name (1)'

2020-03-20 11:40:33 - [TEST_STEP][PASSED] - sendKeys(findTestObject("ADMIN/Edit Text/Bespoke/Seller Pages/Delivery Settings/input_RANGE_Range (1)"), "*"): Keys '*' sent to object: 'Object Repository/ADMIN/Edit Text/Bespoke/Seller Pages/Delivery Settings/input_RANGE_Range (1)'

2020-03-20 11:40:33 - [MESSAGE][PASSED] - Keys '*' sent to object: 'Object Repository/ADMIN/Edit Text/Bespoke/Seller Pages/Delivery Settings/input_RANGE_Range (1)'

2020-03-20 11:40:33 - [TEST_STEP][PASSED] - sendKeys(findTestObject("ADMIN/Edit Text/Bespoke/Seller Pages/Delivery Settings/input_DELIVERY COST_Delivery_Cost (1)"), "*"): Keys '*' sent to object: 'Object Repository/ADMIN/Edit Text/Bespoke/Seller Pages/Delivery Settings/input_DELIVERY COST_Delivery_Cost (1)'

2020-03-20 11:40:33 - [MESSAGE][PASSED] - Keys '*' sent to object: 'Object Repository/ADMIN/Edit Text/Bespoke/Seller Pages/Delivery Settings/input_DELIVERY COST_Delivery_Cost (1)'

2020-03-20 11:40:33 - [TEST_STEP][PASSED] - sendKeys(findTestObject("ADMIN/Edit Text/Bespoke/Seller Pages/Delivery Settings/input_Onwards_Onwards"), "*"): Keys '*' sent to object: 'Object Repository/ADMIN/Edit Text/Bespoke/Seller Pages/Delivery Settings/input_Onwards_Onwards'

2020-03-20 11:40:33 - [MESSAGE][PASSED] - Keys '*' sent to object: 'Object Repository/ADMIN/Edit Text/Bespoke/Seller Pages/Delivery Settings/input_Onwards_Onwards'

2020-03-20 11:40:33 - [TEST_STEP][PASSED] - sendKeys(findTestObject("ADMIN/Edit Text/Bespoke/Seller Pages/Delivery Settings/input_Add Delivery Rate_Add_Delivery_Rate"), "*"): Keys '*' sent to object: 'Object Repository/ADMIN/Edit Text/Bespoke/Seller Pages/Delivery Settings/input_Add Delivery Rate_Add_Delivery_Rate'

2020-03-20 11:40:33 - [MESSAGE][PASSED] - Keys '*' sent to object: 'Object Repository/ADMIN/Edit Text/Bespoke/Seller Pages/Delivery Settings/input_Add Delivery Rate_Add_Delivery_Rate'

2020-03-20 11:40:33 - [TEST_STEP][PASSED] - sendKeys(findTestObject("ADMIN/Edit Text/Bespoke/Seller Pages/Delivery Settings/input_Delivery Rate Name (Buyers will not see this)_Delivery_Rate_Name"), "*"): Keys '*' sent to object: 'Object Repository/ADMIN/Edit Text/Bespoke/Seller Pages/Delivery Settings/input_Delivery Rate Name (Buyers will not see this)_Delivery_Rate_Name'

2020-03-20 11:40:33 - [MESSAGE][PASSED] - Keys '*' sent to object: 'Object Repository/ADMIN/Edit Text/Bespoke/Seller Pages/Delivery Settings/input_Delivery Rate Name (Buyers will not see this)_Delivery_Rate_Name'

2020-03-20 11:40:34 - [TEST_STEP][PASSED] - sendKeys(findTestObject("ADMIN/Edit Text/Bespoke/Seller Pages/Delivery Settings/input_To_To"), "*"): Keys '*' sent to object: 'Object Repository/ADMIN/Edit Text/Bespoke/Seller Pages/Delivery Settings/input_To_To'

2020-03-20 11:40:34 - [MESSAGE][PASSED] - Keys '*' sent to object: 'Object Repository/ADMIN/Edit Text/Bespoke/Seller Pages/Delivery Settings/input_To_To'

2020-03-20 11:40:34 - [TEST_STEP][PASSED] - sendKeys(findTestObject("ADMIN/Edit Text/Bespoke/Seller Pages/Delivery Settings/input_delivery cost4"), "*"): Keys '*' sent to object: 'Object Repository/ADMIN/Edit Text/Bespoke/Seller Pages/Delivery Settings/input_delivery cost4'

2020-03-20 11:40:34 - [MESSAGE][PASSED] - Keys '*' sent to object: 'Object Repository/ADMIN/Edit Text/Bespoke/Seller Pages/Delivery Settings/input_delivery cost4'

2020-03-20 11:40:34 - [TEST_STEP][PASSED] - sendKeys(findTestObject("ADMIN/Edit Text/Bespoke/Seller Pages/Delivery Settings/input_Save_Save"), "*"): Keys '*' sent to object: 'Object Repository/ADMIN/Edit Text/Bespoke/Seller Pages/Delivery Settings/input_Save_Save'

2020-03-20 11:40:34 - [MESSAGE][PASSED] - Keys '*' sent to object: 'Object Repository/ADMIN/Edit Text/Bespoke/Seller Pages/Delivery Settings/input_Save_Save'

2020-03-20 11:40:34 - [TEST_STEP][PASSED] - sendKeys(findTestObject("ADMIN/Edit Text/Bespoke/Seller Pages/Delivery Settings/input_Cancel_Cancel"), "*"): Keys '*' sent to object: 'Object Repository/ADMIN/Edit Text/Bespoke/Seller Pages/Delivery Settings/input_Cancel_Cancel'

2020-03-20 11:40:34 - [MESSAGE][PASSED] - Keys '*' sent to object: 'Object Repository/ADMIN/Edit Text/Bespoke/Seller Pages/Delivery Settings/input_Cancel_Cancel'

2020-03-20 11:40:34 - [TEST_STEP][PASSED] - click(findTestObject("ADMIN/Edit Text/Bespoke/Buyer Pages/Homepage/button_save"), CONTINUE_ON_FAILURE): Object: 'Object Repository/ADMIN/Edit Text/Bespoke/Buyer Pages/Homepage/button_save' is clicked on

2020-03-20 11:40:34 - [MESSAGE][PASSED] - Object: 'Object Repository/ADMIN/Edit Text/Bespoke/Buyer Pages/Homepage/button_save' is clicked on

2020-03-20 11:40:34 - [TEST_STEP][PASSED] - waitForElementVisible(findTestObject("ADMIN/Edit Text/Bespoke/Buyer Pages/Homepage/toaster_success"), 0): Object 'Object Repository/ADMIN/Edit Text/Bespoke/Buyer Pages/Homepage/toaster_success' is visible

2020-03-20 11:40:34 - [MESSAGE][WARNING] - Timeout '0' is invalid. Using default page load timeout: '30'

2020-03-20 11:40:35 - [MESSAGE][PASSED] - Object 'Object Repository/ADMIN/Edit Text/Bespoke/Buyer Pages/Homepage/toaster_success' is visible]]></system-out>
         <system-err><![CDATA[]]></system-err>
      </testcase>
      <testcase name="Test Cases/ADMIN/Language/Edit Text/Bespoke/Seller/Delivery Settings" time="8.168" classname="Test Cases/ADMIN/Language/Edit Text/Bespoke/Seller/Delivery Settings" status="PASSED">
         <system-out><![CDATA[2020-03-20 11:40:35 - [TEST_CASE][PASSED] - Test Cases/ADMIN/Language/Edit Text/Bespoke/Seller/Delivery Settings: Test Cases/ADMIN/Language/Edit Text/Bespoke/Seller/Delivery Settings

2020-03-20 11:40:35 - [TEST_STEP][PASSED] - waitForElementVisible(findTestObject("ADMIN/Edit Text/Bespoke/Buyer Navigation/dd_language"), 0): Object 'Object Repository/ADMIN/Edit Text/Bespoke/Buyer Navigation/dd_language' is visible

2020-03-20 11:40:35 - [MESSAGE][WARNING] - Timeout '0' is invalid. Using default page load timeout: '30'

2020-03-20 11:40:35 - [MESSAGE][PASSED] - Object 'Object Repository/ADMIN/Edit Text/Bespoke/Buyer Navigation/dd_language' is visible

2020-03-20 11:40:35 - [TEST_STEP][PASSED] - selectOptionByLabel(findTestObject("ADMIN/Edit Text/Bespoke/Buyer Navigation/dd_language"), varLanguage, false): All options with label 'Japanese' are selected in object 'Object Repository/ADMIN/Edit Text/Bespoke/Buyer Navigation/dd_language' 

2020-03-20 11:40:36 - [MESSAGE][PASSED] - All options with label 'Japanese' are selected in object 'Object Repository/ADMIN/Edit Text/Bespoke/Buyer Navigation/dd_language' 

2020-03-20 11:40:36 - [TEST_STEP][PASSED] - sendKeys(findTestObject("ADMIN/Edit Text/Bespoke/Seller Pages/Delivery Settings/input_DELIVERY SETTINGS_DELIVERY_SETTINGS"), "*"): Keys '*' sent to object: 'Object Repository/ADMIN/Edit Text/Bespoke/Seller Pages/Delivery Settings/input_DELIVERY SETTINGS_DELIVERY_SETTINGS'

2020-03-20 11:40:37 - [MESSAGE][PASSED] - Keys '*' sent to object: 'Object Repository/ADMIN/Edit Text/Bespoke/Seller Pages/Delivery Settings/input_DELIVERY SETTINGS_DELIVERY_SETTINGS'

2020-03-20 11:40:37 - [TEST_STEP][PASSED] - sendKeys(findTestObject("ADMIN/Edit Text/Bespoke/Seller Pages/Delivery Settings/input_add del or pickup"), "*"): Keys '*' sent to object: 'Object Repository/ADMIN/Edit Text/Bespoke/Seller Pages/Delivery Settings/input_add del or pickup'

2020-03-20 11:40:37 - [MESSAGE][PASSED] - Keys '*' sent to object: 'Object Repository/ADMIN/Edit Text/Bespoke/Seller Pages/Delivery Settings/input_add del or pickup'

2020-03-20 11:40:37 - [TEST_STEP][PASSED] - sendKeys(findTestObject("ADMIN/Edit Text/Bespoke/Seller Pages/Delivery Settings/input_DELIVERY OPTIONS_DELIVERY_OPTIONS"), "*"): Keys '*' sent to object: 'Object Repository/ADMIN/Edit Text/Bespoke/Seller Pages/Delivery Settings/input_DELIVERY OPTIONS_DELIVERY_OPTIONS'

2020-03-20 11:40:37 - [MESSAGE][PASSED] - Keys '*' sent to object: 'Object Repository/ADMIN/Edit Text/Bespoke/Seller Pages/Delivery Settings/input_DELIVERY OPTIONS_DELIVERY_OPTIONS'

2020-03-20 11:40:37 - [TEST_STEP][PASSED] - sendKeys(findTestObject("ADMIN/Edit Text/Bespoke/Seller Pages/Delivery Settings/input_Add Delivery Options_select_delivery_method"), "*"): Keys '*' sent to object: 'Object Repository/ADMIN/Edit Text/Bespoke/Seller Pages/Delivery Settings/input_Add Delivery Options_select_delivery_method'

2020-03-20 11:40:38 - [MESSAGE][PASSED] - Keys '*' sent to object: 'Object Repository/ADMIN/Edit Text/Bespoke/Seller Pages/Delivery Settings/input_Add Delivery Options_select_delivery_method'

2020-03-20 11:40:38 - [TEST_STEP][PASSED] - sendKeys(findTestObject("ADMIN/Edit Text/Bespoke/Seller Pages/Delivery Settings/input_Name_Name"), "*"): Keys '*' sent to object: 'Object Repository/ADMIN/Edit Text/Bespoke/Seller Pages/Delivery Settings/input_Name_Name'

2020-03-20 11:40:38 - [MESSAGE][PASSED] - Keys '*' sent to object: 'Object Repository/ADMIN/Edit Text/Bespoke/Seller Pages/Delivery Settings/input_Name_Name'

2020-03-20 11:40:38 - [TEST_STEP][PASSED] - sendKeys(findTestObject("ADMIN/Edit Text/Bespoke/Seller Pages/Delivery Settings/input_DELIVERS TO_DELIVERS_TO"), "*"): Keys '*' sent to object: 'Object Repository/ADMIN/Edit Text/Bespoke/Seller Pages/Delivery Settings/input_DELIVERS TO_DELIVERS_TO'

2020-03-20 11:40:38 - [MESSAGE][PASSED] - Keys '*' sent to object: 'Object Repository/ADMIN/Edit Text/Bespoke/Seller Pages/Delivery Settings/input_DELIVERS TO_DELIVERS_TO'

2020-03-20 11:40:38 - [TEST_STEP][PASSED] - sendKeys(findTestObject("ADMIN/Edit Text/Bespoke/Seller Pages/Delivery Settings/input_PICK-UP OPTIONS_PICK-UP_OPTIONS"), "*"): Keys '*' sent to object: 'Object Repository/ADMIN/Edit Text/Bespoke/Seller Pages/Delivery Settings/input_PICK-UP OPTIONS_PICK-UP_OPTIONS'

2020-03-20 11:40:38 - [MESSAGE][PASSED] - Keys '*' sent to object: 'Object Repository/ADMIN/Edit Text/Bespoke/Seller Pages/Delivery Settings/input_PICK-UP OPTIONS_PICK-UP_OPTIONS'

2020-03-20 11:40:38 - [TEST_STEP][PASSED] - sendKeys(findTestObject("ADMIN/Edit Text/Bespoke/Seller Pages/Delivery Settings/input_Add Pick-up Options_Add_Pick-up_Options"), "*"): Keys '*' sent to object: 'Object Repository/ADMIN/Edit Text/Bespoke/Seller Pages/Delivery Settings/input_Add Pick-up Options_Add_Pick-up_Options'

2020-03-20 11:40:38 - [MESSAGE][PASSED] - Keys '*' sent to object: 'Object Repository/ADMIN/Edit Text/Bespoke/Seller Pages/Delivery Settings/input_Add Pick-up Options_Add_Pick-up_Options'

2020-03-20 11:40:38 - [TEST_STEP][PASSED] - sendKeys(findTestObject("ADMIN/Edit Text/Bespoke/Seller Pages/Delivery Settings/input_Define the full address where the buyer can pick up from_delivery_desc_used"), "*"): Keys '*' sent to object: 'Object Repository/ADMIN/Edit Text/Bespoke/Seller Pages/Delivery Settings/input_Define the full address where the buyer can pick up from_delivery_desc_used'

2020-03-20 11:40:38 - [MESSAGE][PASSED] - Keys '*' sent to object: 'Object Repository/ADMIN/Edit Text/Bespoke/Seller Pages/Delivery Settings/input_Define the full address where the buyer can pick up from_delivery_desc_used'

2020-03-20 11:40:38 - [TEST_STEP][PASSED] - sendKeys(findTestObject("ADMIN/Edit Text/Bespoke/Seller Pages/Delivery Settings/input_Delivers to_Delivers_to (1)"), "*"): Keys '*' sent to object: 'Object Repository/ADMIN/Edit Text/Bespoke/Seller Pages/Delivery Settings/input_Delivers to_Delivers_to (1)'

2020-03-20 11:40:38 - [MESSAGE][PASSED] - Keys '*' sent to object: 'Object Repository/ADMIN/Edit Text/Bespoke/Seller Pages/Delivery Settings/input_Delivers to_Delivers_to (1)'

2020-03-20 11:40:38 - [TEST_STEP][PASSED] - sendKeys(findTestObject("ADMIN/Edit Text/Bespoke/Seller Pages/Delivery Settings/input_Shipping rate by_Shipping_rate_by"), "*"): Keys '*' sent to object: 'Object Repository/ADMIN/Edit Text/Bespoke/Seller Pages/Delivery Settings/input_Shipping rate by_Shipping_rate_by'

2020-03-20 11:40:39 - [MESSAGE][PASSED] - Keys '*' sent to object: 'Object Repository/ADMIN/Edit Text/Bespoke/Seller Pages/Delivery Settings/input_Shipping rate by_Shipping_rate_by'

2020-03-20 11:40:39 - [TEST_STEP][PASSED] - sendKeys(findTestObject("ADMIN/Edit Text/Bespoke/Seller Pages/Delivery Settings/input_Delivering from_Delivering_from"), "*"): Keys '*' sent to object: 'Object Repository/ADMIN/Edit Text/Bespoke/Seller Pages/Delivery Settings/input_Delivering from_Delivering_from'

2020-03-20 11:40:39 - [MESSAGE][PASSED] - Keys '*' sent to object: 'Object Repository/ADMIN/Edit Text/Bespoke/Seller Pages/Delivery Settings/input_Delivering from_Delivering_from'

2020-03-20 11:40:39 - [TEST_STEP][PASSED] - sendKeys(findTestObject("ADMIN/Edit Text/Bespoke/Seller Pages/Delivery Settings/input_Delivery rates(s)_Shipping_rate_by"), "*"): Keys '*' sent to object: 'Object Repository/ADMIN/Edit Text/Bespoke/Seller Pages/Delivery Settings/input_Delivery rates(s)_Shipping_rate_by'

2020-03-20 11:40:39 - [MESSAGE][PASSED] - Keys '*' sent to object: 'Object Repository/ADMIN/Edit Text/Bespoke/Seller Pages/Delivery Settings/input_Delivery rates(s)_Shipping_rate_by'

2020-03-20 11:40:39 - [TEST_STEP][PASSED] - sendKeys(findTestObject("ADMIN/Edit Text/Bespoke/Seller Pages/Delivery Settings/input_Name_Name1"), "*"): Keys '*' sent to object: 'Object Repository/ADMIN/Edit Text/Bespoke/Seller Pages/Delivery Settings/input_Name_Name1'

2020-03-20 11:40:39 - [MESSAGE][PASSED] - Keys '*' sent to object: 'Object Repository/ADMIN/Edit Text/Bespoke/Seller Pages/Delivery Settings/input_Name_Name1'

2020-03-20 11:40:39 - [TEST_STEP][PASSED] - sendKeys(findTestObject("ADMIN/Edit Text/Bespoke/Seller Pages/Delivery Settings/input_Range_Range"), "*"): Keys '*' sent to object: 'Object Repository/ADMIN/Edit Text/Bespoke/Seller Pages/Delivery Settings/input_Range_Range'

2020-03-20 11:40:39 - [MESSAGE][PASSED] - Keys '*' sent to object: 'Object Repository/ADMIN/Edit Text/Bespoke/Seller Pages/Delivery Settings/input_Range_Range'

2020-03-20 11:40:39 - [TEST_STEP][PASSED] - sendKeys(findTestObject("ADMIN/Edit Text/Bespoke/Seller Pages/Delivery Settings/input_Delivery Cost_Delivery_Cost"), "*"): Keys '*' sent to object: 'Object Repository/ADMIN/Edit Text/Bespoke/Seller Pages/Delivery Settings/input_Delivery Cost_Delivery_Cost'

2020-03-20 11:40:39 - [MESSAGE][PASSED] - Keys '*' sent to object: 'Object Repository/ADMIN/Edit Text/Bespoke/Seller Pages/Delivery Settings/input_Delivery Cost_Delivery_Cost'

2020-03-20 11:40:39 - [TEST_STEP][PASSED] - sendKeys(findTestObject("ADMIN/Edit Text/Bespoke/Seller Pages/Delivery Settings/input_Okay_Range"), "*"): Keys '*' sent to object: 'Object Repository/ADMIN/Edit Text/Bespoke/Seller Pages/Delivery Settings/input_Okay_Range'

2020-03-20 11:40:39 - [MESSAGE][PASSED] - Keys '*' sent to object: 'Object Repository/ADMIN/Edit Text/Bespoke/Seller Pages/Delivery Settings/input_Okay_Range'

2020-03-20 11:40:39 - [TEST_STEP][PASSED] - sendKeys(findTestObject("ADMIN/Edit Text/Bespoke/Seller Pages/Delivery Settings/input_ADDEDIT DELIVERY OPTION_Add_edit_delivery_option"), "*"): Keys '*' sent to object: 'Object Repository/ADMIN/Edit Text/Bespoke/Seller Pages/Delivery Settings/input_ADDEDIT DELIVERY OPTION_Add_edit_delivery_option'

2020-03-20 11:40:40 - [MESSAGE][PASSED] - Keys '*' sent to object: 'Object Repository/ADMIN/Edit Text/Bespoke/Seller Pages/Delivery Settings/input_ADDEDIT DELIVERY OPTION_Add_edit_delivery_option'

2020-03-20 11:40:40 - [TEST_STEP][PASSED] - sendKeys(findTestObject("ADMIN/Edit Text/Bespoke/Seller Pages/Delivery Settings/input_Define the locations available and the rates for the delivery option_Define_the_locations_available_and_the_rates_for_the_delivery_option"), "*"): Keys '*' sent to object: 'Object Repository/ADMIN/Edit Text/Bespoke/Seller Pages/Delivery Settings/input_Define the locations available and the rates for the delivery option_Define_the_locations_available_and_the_rates_for_the_delivery_option'

2020-03-20 11:40:40 - [MESSAGE][PASSED] - Keys '*' sent to object: 'Object Repository/ADMIN/Edit Text/Bespoke/Seller Pages/Delivery Settings/input_Define the locations available and the rates for the delivery option_Define_the_locations_available_and_the_rates_for_the_delivery_option'

2020-03-20 11:40:40 - [TEST_STEP][PASSED] - sendKeys(findTestObject("ADMIN/Edit Text/Bespoke/Seller Pages/Delivery Settings/input_DELIVERY OPTION SETTINGS_DELIVERY_OPTIONS_SETTINGS"), "*"): Keys '*' sent to object: 'Object Repository/ADMIN/Edit Text/Bespoke/Seller Pages/Delivery Settings/input_DELIVERY OPTION SETTINGS_DELIVERY_OPTIONS_SETTINGS'

2020-03-20 11:40:40 - [MESSAGE][PASSED] - Keys '*' sent to object: 'Object Repository/ADMIN/Edit Text/Bespoke/Seller Pages/Delivery Settings/input_DELIVERY OPTION SETTINGS_DELIVERY_OPTIONS_SETTINGS'

2020-03-20 11:40:40 - [TEST_STEP][PASSED] - sendKeys(findTestObject("ADMIN/Edit Text/Bespoke/Seller Pages/Delivery Settings/input_DELIVERY OPTION NAME_DELIVERY_OPTION_NAME"), "*"): Keys '*' sent to object: 'Object Repository/ADMIN/Edit Text/Bespoke/Seller Pages/Delivery Settings/input_DELIVERY OPTION NAME_DELIVERY_OPTION_NAME'

2020-03-20 11:40:40 - [MESSAGE][PASSED] - Keys '*' sent to object: 'Object Repository/ADMIN/Edit Text/Bespoke/Seller Pages/Delivery Settings/input_DELIVERY OPTION NAME_DELIVERY_OPTION_NAME'

2020-03-20 11:40:40 - [TEST_STEP][PASSED] - sendKeys(findTestObject("ADMIN/Edit Text/Bespoke/Seller Pages/Delivery Settings/input_delivers to3"), "*"): Keys '*' sent to object: 'Object Repository/ADMIN/Edit Text/Bespoke/Seller Pages/Delivery Settings/input_delivers to3'

2020-03-20 11:40:40 - [MESSAGE][PASSED] - Keys '*' sent to object: 'Object Repository/ADMIN/Edit Text/Bespoke/Seller Pages/Delivery Settings/input_delivers to3'

2020-03-20 11:40:40 - [TEST_STEP][PASSED] - sendKeys(findTestObject("ADMIN/Edit Text/Bespoke/Seller Pages/Delivery Settings/input_MINIMUM LEAD TIME_Minimum_lead_time"), "*"): Keys '*' sent to object: 'Object Repository/ADMIN/Edit Text/Bespoke/Seller Pages/Delivery Settings/input_MINIMUM LEAD TIME_Minimum_lead_time'

2020-03-20 11:40:40 - [MESSAGE][PASSED] - Keys '*' sent to object: 'Object Repository/ADMIN/Edit Text/Bespoke/Seller Pages/Delivery Settings/input_MINIMUM LEAD TIME_Minimum_lead_time'

2020-03-20 11:40:40 - [TEST_STEP][PASSED] - sendKeys(findTestObject("ADMIN/Edit Text/Bespoke/Seller Pages/Delivery Settings/input_WHERE ARE YOU DELIVERING FROM_Where_are_you_delivering_from"), "*"): Keys '*' sent to object: 'Object Repository/ADMIN/Edit Text/Bespoke/Seller Pages/Delivery Settings/input_WHERE ARE YOU DELIVERING FROM_Where_are_you_delivering_from'

2020-03-20 11:40:40 - [MESSAGE][PASSED] - Keys '*' sent to object: 'Object Repository/ADMIN/Edit Text/Bespoke/Seller Pages/Delivery Settings/input_WHERE ARE YOU DELIVERING FROM_Where_are_you_delivering_from'

2020-03-20 11:40:40 - [TEST_STEP][PASSED] - sendKeys(findTestObject("ADMIN/Edit Text/Bespoke/Seller Pages/Delivery Settings/input_Select if you would like to calculate shipping by total order weight or total order price_total_order_weight_or_total_order_price"), "*"): Keys '*' sent to object: 'Object Repository/ADMIN/Edit Text/Bespoke/Seller Pages/Delivery Settings/input_Select if you would like to calculate shipping by total order weight or total order price_total_order_weight_or_total_order_price'

2020-03-20 11:40:40 - [MESSAGE][PASSED] - Keys '*' sent to object: 'Object Repository/ADMIN/Edit Text/Bespoke/Seller Pages/Delivery Settings/input_Select if you would like to calculate shipping by total order weight or total order price_total_order_weight_or_total_order_price'

2020-03-20 11:40:40 - [TEST_STEP][PASSED] - sendKeys(findTestObject("ADMIN/Edit Text/Bespoke/Seller Pages/Delivery Settings/input_Weight_Weight"), "*"): Keys '*' sent to object: 'Object Repository/ADMIN/Edit Text/Bespoke/Seller Pages/Delivery Settings/input_Weight_Weight'

2020-03-20 11:40:40 - [MESSAGE][PASSED] - Keys '*' sent to object: 'Object Repository/ADMIN/Edit Text/Bespoke/Seller Pages/Delivery Settings/input_Weight_Weight'

2020-03-20 11:40:40 - [TEST_STEP][PASSED] - sendKeys(findTestObject("ADMIN/Edit Text/Bespoke/Seller Pages/Delivery Settings/input_Price_Price"), "*"): Keys '*' sent to object: 'Object Repository/ADMIN/Edit Text/Bespoke/Seller Pages/Delivery Settings/input_Price_Price'

2020-03-20 11:40:41 - [MESSAGE][PASSED] - Keys '*' sent to object: 'Object Repository/ADMIN/Edit Text/Bespoke/Seller Pages/Delivery Settings/input_Price_Price'

2020-03-20 11:40:41 - [TEST_STEP][PASSED] - sendKeys(findTestObject("ADMIN/Edit Text/Bespoke/Seller Pages/Delivery Settings/input_Delivery Rate(s)_DelDelivery_Rates"), "*"): Keys '*' sent to object: 'Object Repository/ADMIN/Edit Text/Bespoke/Seller Pages/Delivery Settings/input_Delivery Rate(s)_DelDelivery_Rates'

2020-03-20 11:40:41 - [MESSAGE][PASSED] - Keys '*' sent to object: 'Object Repository/ADMIN/Edit Text/Bespoke/Seller Pages/Delivery Settings/input_Delivery Rate(s)_DelDelivery_Rates'

2020-03-20 11:40:41 - [TEST_STEP][PASSED] - sendKeys(findTestObject("ADMIN/Edit Text/Bespoke/Seller Pages/Delivery Settings/input_NAME_Name (1)"), "*"): Keys '*' sent to object: 'Object Repository/ADMIN/Edit Text/Bespoke/Seller Pages/Delivery Settings/input_NAME_Name (1)'

2020-03-20 11:40:41 - [MESSAGE][PASSED] - Keys '*' sent to object: 'Object Repository/ADMIN/Edit Text/Bespoke/Seller Pages/Delivery Settings/input_NAME_Name (1)'

2020-03-20 11:40:41 - [TEST_STEP][PASSED] - sendKeys(findTestObject("ADMIN/Edit Text/Bespoke/Seller Pages/Delivery Settings/input_RANGE_Range (1)"), "*"): Keys '*' sent to object: 'Object Repository/ADMIN/Edit Text/Bespoke/Seller Pages/Delivery Settings/input_RANGE_Range (1)'

2020-03-20 11:40:41 - [MESSAGE][PASSED] - Keys '*' sent to object: 'Object Repository/ADMIN/Edit Text/Bespoke/Seller Pages/Delivery Settings/input_RANGE_Range (1)'

2020-03-20 11:40:41 - [TEST_STEP][PASSED] - sendKeys(findTestObject("ADMIN/Edit Text/Bespoke/Seller Pages/Delivery Settings/input_DELIVERY COST_Delivery_Cost (1)"), "*"): Keys '*' sent to object: 'Object Repository/ADMIN/Edit Text/Bespoke/Seller Pages/Delivery Settings/input_DELIVERY COST_Delivery_Cost (1)'

2020-03-20 11:40:41 - [MESSAGE][PASSED] - Keys '*' sent to object: 'Object Repository/ADMIN/Edit Text/Bespoke/Seller Pages/Delivery Settings/input_DELIVERY COST_Delivery_Cost (1)'

2020-03-20 11:40:41 - [TEST_STEP][PASSED] - sendKeys(findTestObject("ADMIN/Edit Text/Bespoke/Seller Pages/Delivery Settings/input_Onwards_Onwards"), "*"): Keys '*' sent to object: 'Object Repository/ADMIN/Edit Text/Bespoke/Seller Pages/Delivery Settings/input_Onwards_Onwards'

2020-03-20 11:40:41 - [MESSAGE][PASSED] - Keys '*' sent to object: 'Object Repository/ADMIN/Edit Text/Bespoke/Seller Pages/Delivery Settings/input_Onwards_Onwards'

2020-03-20 11:40:41 - [TEST_STEP][PASSED] - sendKeys(findTestObject("ADMIN/Edit Text/Bespoke/Seller Pages/Delivery Settings/input_Add Delivery Rate_Add_Delivery_Rate"), "*"): Keys '*' sent to object: 'Object Repository/ADMIN/Edit Text/Bespoke/Seller Pages/Delivery Settings/input_Add Delivery Rate_Add_Delivery_Rate'

2020-03-20 11:40:42 - [MESSAGE][PASSED] - Keys '*' sent to object: 'Object Repository/ADMIN/Edit Text/Bespoke/Seller Pages/Delivery Settings/input_Add Delivery Rate_Add_Delivery_Rate'

2020-03-20 11:40:42 - [TEST_STEP][PASSED] - sendKeys(findTestObject("ADMIN/Edit Text/Bespoke/Seller Pages/Delivery Settings/input_Delivery Rate Name (Buyers will not see this)_Delivery_Rate_Name"), "*"): Keys '*' sent to object: 'Object Repository/ADMIN/Edit Text/Bespoke/Seller Pages/Delivery Settings/input_Delivery Rate Name (Buyers will not see this)_Delivery_Rate_Name'

2020-03-20 11:40:42 - [MESSAGE][PASSED] - Keys '*' sent to object: 'Object Repository/ADMIN/Edit Text/Bespoke/Seller Pages/Delivery Settings/input_Delivery Rate Name (Buyers will not see this)_Delivery_Rate_Name'

2020-03-20 11:40:42 - [TEST_STEP][PASSED] - sendKeys(findTestObject("ADMIN/Edit Text/Bespoke/Seller Pages/Delivery Settings/input_To_To"), "*"): Keys '*' sent to object: 'Object Repository/ADMIN/Edit Text/Bespoke/Seller Pages/Delivery Settings/input_To_To'

2020-03-20 11:40:42 - [MESSAGE][PASSED] - Keys '*' sent to object: 'Object Repository/ADMIN/Edit Text/Bespoke/Seller Pages/Delivery Settings/input_To_To'

2020-03-20 11:40:42 - [TEST_STEP][PASSED] - sendKeys(findTestObject("ADMIN/Edit Text/Bespoke/Seller Pages/Delivery Settings/input_delivery cost4"), "*"): Keys '*' sent to object: 'Object Repository/ADMIN/Edit Text/Bespoke/Seller Pages/Delivery Settings/input_delivery cost4'

2020-03-20 11:40:42 - [MESSAGE][PASSED] - Keys '*' sent to object: 'Object Repository/ADMIN/Edit Text/Bespoke/Seller Pages/Delivery Settings/input_delivery cost4'

2020-03-20 11:40:42 - [TEST_STEP][PASSED] - sendKeys(findTestObject("ADMIN/Edit Text/Bespoke/Seller Pages/Delivery Settings/input_Save_Save"), "*"): Keys '*' sent to object: 'Object Repository/ADMIN/Edit Text/Bespoke/Seller Pages/Delivery Settings/input_Save_Save'

2020-03-20 11:40:42 - [MESSAGE][PASSED] - Keys '*' sent to object: 'Object Repository/ADMIN/Edit Text/Bespoke/Seller Pages/Delivery Settings/input_Save_Save'

2020-03-20 11:40:42 - [TEST_STEP][PASSED] - sendKeys(findTestObject("ADMIN/Edit Text/Bespoke/Seller Pages/Delivery Settings/input_Cancel_Cancel"), "*"): Keys '*' sent to object: 'Object Repository/ADMIN/Edit Text/Bespoke/Seller Pages/Delivery Settings/input_Cancel_Cancel'

2020-03-20 11:40:42 - [MESSAGE][PASSED] - Keys '*' sent to object: 'Object Repository/ADMIN/Edit Text/Bespoke/Seller Pages/Delivery Settings/input_Cancel_Cancel'

2020-03-20 11:40:42 - [TEST_STEP][PASSED] - click(findTestObject("ADMIN/Edit Text/Bespoke/Buyer Pages/Homepage/button_save"), CONTINUE_ON_FAILURE): Object: 'Object Repository/ADMIN/Edit Text/Bespoke/Buyer Pages/Homepage/button_save' is clicked on

2020-03-20 11:40:42 - [MESSAGE][PASSED] - Object: 'Object Repository/ADMIN/Edit Text/Bespoke/Buyer Pages/Homepage/button_save' is clicked on

2020-03-20 11:40:42 - [TEST_STEP][PASSED] - waitForElementVisible(findTestObject("ADMIN/Edit Text/Bespoke/Buyer Pages/Homepage/toaster_success"), 0): Object 'Object Repository/ADMIN/Edit Text/Bespoke/Buyer Pages/Homepage/toaster_success' is visible

2020-03-20 11:40:42 - [MESSAGE][WARNING] - Timeout '0' is invalid. Using default page load timeout: '30'

2020-03-20 11:40:43 - [MESSAGE][PASSED] - Object 'Object Repository/ADMIN/Edit Text/Bespoke/Buyer Pages/Homepage/toaster_success' is visible]]></system-out>
         <system-err><![CDATA[]]></system-err>
      </testcase>
      <testcase name="Test Cases/ADMIN/Language/Edit Text/Bespoke/Seller/Delivery Settings" time="8.429" classname="Test Cases/ADMIN/Language/Edit Text/Bespoke/Seller/Delivery Settings" status="PASSED">
         <system-out><![CDATA[2020-03-20 11:40:43 - [TEST_CASE][PASSED] - Test Cases/ADMIN/Language/Edit Text/Bespoke/Seller/Delivery Settings: Test Cases/ADMIN/Language/Edit Text/Bespoke/Seller/Delivery Settings

2020-03-20 11:40:43 - [TEST_STEP][PASSED] - waitForElementVisible(findTestObject("ADMIN/Edit Text/Bespoke/Buyer Navigation/dd_language"), 0): Object 'Object Repository/ADMIN/Edit Text/Bespoke/Buyer Navigation/dd_language' is visible

2020-03-20 11:40:43 - [MESSAGE][WARNING] - Timeout '0' is invalid. Using default page load timeout: '30'

2020-03-20 11:40:43 - [MESSAGE][PASSED] - Object 'Object Repository/ADMIN/Edit Text/Bespoke/Buyer Navigation/dd_language' is visible

2020-03-20 11:40:43 - [TEST_STEP][PASSED] - selectOptionByLabel(findTestObject("ADMIN/Edit Text/Bespoke/Buyer Navigation/dd_language"), varLanguage, false): All options with label 'Chinese (Traditional)' are selected in object 'Object Repository/ADMIN/Edit Text/Bespoke/Buyer Navigation/dd_language' 

2020-03-20 11:40:45 - [MESSAGE][PASSED] - All options with label 'Chinese (Traditional)' are selected in object 'Object Repository/ADMIN/Edit Text/Bespoke/Buyer Navigation/dd_language' 

2020-03-20 11:40:45 - [TEST_STEP][PASSED] - sendKeys(findTestObject("ADMIN/Edit Text/Bespoke/Seller Pages/Delivery Settings/input_DELIVERY SETTINGS_DELIVERY_SETTINGS"), "*"): Keys '*' sent to object: 'Object Repository/ADMIN/Edit Text/Bespoke/Seller Pages/Delivery Settings/input_DELIVERY SETTINGS_DELIVERY_SETTINGS'

2020-03-20 11:40:45 - [MESSAGE][PASSED] - Keys '*' sent to object: 'Object Repository/ADMIN/Edit Text/Bespoke/Seller Pages/Delivery Settings/input_DELIVERY SETTINGS_DELIVERY_SETTINGS'

2020-03-20 11:40:45 - [TEST_STEP][PASSED] - sendKeys(findTestObject("ADMIN/Edit Text/Bespoke/Seller Pages/Delivery Settings/input_add del or pickup"), "*"): Keys '*' sent to object: 'Object Repository/ADMIN/Edit Text/Bespoke/Seller Pages/Delivery Settings/input_add del or pickup'

2020-03-20 11:40:45 - [MESSAGE][PASSED] - Keys '*' sent to object: 'Object Repository/ADMIN/Edit Text/Bespoke/Seller Pages/Delivery Settings/input_add del or pickup'

2020-03-20 11:40:45 - [TEST_STEP][PASSED] - sendKeys(findTestObject("ADMIN/Edit Text/Bespoke/Seller Pages/Delivery Settings/input_DELIVERY OPTIONS_DELIVERY_OPTIONS"), "*"): Keys '*' sent to object: 'Object Repository/ADMIN/Edit Text/Bespoke/Seller Pages/Delivery Settings/input_DELIVERY OPTIONS_DELIVERY_OPTIONS'

2020-03-20 11:40:45 - [MESSAGE][PASSED] - Keys '*' sent to object: 'Object Repository/ADMIN/Edit Text/Bespoke/Seller Pages/Delivery Settings/input_DELIVERY OPTIONS_DELIVERY_OPTIONS'

2020-03-20 11:40:45 - [TEST_STEP][PASSED] - sendKeys(findTestObject("ADMIN/Edit Text/Bespoke/Seller Pages/Delivery Settings/input_Add Delivery Options_select_delivery_method"), "*"): Keys '*' sent to object: 'Object Repository/ADMIN/Edit Text/Bespoke/Seller Pages/Delivery Settings/input_Add Delivery Options_select_delivery_method'

2020-03-20 11:40:46 - [MESSAGE][PASSED] - Keys '*' sent to object: 'Object Repository/ADMIN/Edit Text/Bespoke/Seller Pages/Delivery Settings/input_Add Delivery Options_select_delivery_method'

2020-03-20 11:40:46 - [TEST_STEP][PASSED] - sendKeys(findTestObject("ADMIN/Edit Text/Bespoke/Seller Pages/Delivery Settings/input_Name_Name"), "*"): Keys '*' sent to object: 'Object Repository/ADMIN/Edit Text/Bespoke/Seller Pages/Delivery Settings/input_Name_Name'

2020-03-20 11:40:46 - [MESSAGE][PASSED] - Keys '*' sent to object: 'Object Repository/ADMIN/Edit Text/Bespoke/Seller Pages/Delivery Settings/input_Name_Name'

2020-03-20 11:40:46 - [TEST_STEP][PASSED] - sendKeys(findTestObject("ADMIN/Edit Text/Bespoke/Seller Pages/Delivery Settings/input_DELIVERS TO_DELIVERS_TO"), "*"): Keys '*' sent to object: 'Object Repository/ADMIN/Edit Text/Bespoke/Seller Pages/Delivery Settings/input_DELIVERS TO_DELIVERS_TO'

2020-03-20 11:40:46 - [MESSAGE][PASSED] - Keys '*' sent to object: 'Object Repository/ADMIN/Edit Text/Bespoke/Seller Pages/Delivery Settings/input_DELIVERS TO_DELIVERS_TO'

2020-03-20 11:40:46 - [TEST_STEP][PASSED] - sendKeys(findTestObject("ADMIN/Edit Text/Bespoke/Seller Pages/Delivery Settings/input_PICK-UP OPTIONS_PICK-UP_OPTIONS"), "*"): Keys '*' sent to object: 'Object Repository/ADMIN/Edit Text/Bespoke/Seller Pages/Delivery Settings/input_PICK-UP OPTIONS_PICK-UP_OPTIONS'

2020-03-20 11:40:46 - [MESSAGE][PASSED] - Keys '*' sent to object: 'Object Repository/ADMIN/Edit Text/Bespoke/Seller Pages/Delivery Settings/input_PICK-UP OPTIONS_PICK-UP_OPTIONS'

2020-03-20 11:40:46 - [TEST_STEP][PASSED] - sendKeys(findTestObject("ADMIN/Edit Text/Bespoke/Seller Pages/Delivery Settings/input_Add Pick-up Options_Add_Pick-up_Options"), "*"): Keys '*' sent to object: 'Object Repository/ADMIN/Edit Text/Bespoke/Seller Pages/Delivery Settings/input_Add Pick-up Options_Add_Pick-up_Options'

2020-03-20 11:40:46 - [MESSAGE][PASSED] - Keys '*' sent to object: 'Object Repository/ADMIN/Edit Text/Bespoke/Seller Pages/Delivery Settings/input_Add Pick-up Options_Add_Pick-up_Options'

2020-03-20 11:40:46 - [TEST_STEP][PASSED] - sendKeys(findTestObject("ADMIN/Edit Text/Bespoke/Seller Pages/Delivery Settings/input_Define the full address where the buyer can pick up from_delivery_desc_used"), "*"): Keys '*' sent to object: 'Object Repository/ADMIN/Edit Text/Bespoke/Seller Pages/Delivery Settings/input_Define the full address where the buyer can pick up from_delivery_desc_used'

2020-03-20 11:40:46 - [MESSAGE][PASSED] - Keys '*' sent to object: 'Object Repository/ADMIN/Edit Text/Bespoke/Seller Pages/Delivery Settings/input_Define the full address where the buyer can pick up from_delivery_desc_used'

2020-03-20 11:40:46 - [TEST_STEP][PASSED] - sendKeys(findTestObject("ADMIN/Edit Text/Bespoke/Seller Pages/Delivery Settings/input_Delivers to_Delivers_to (1)"), "*"): Keys '*' sent to object: 'Object Repository/ADMIN/Edit Text/Bespoke/Seller Pages/Delivery Settings/input_Delivers to_Delivers_to (1)'

2020-03-20 11:40:46 - [MESSAGE][PASSED] - Keys '*' sent to object: 'Object Repository/ADMIN/Edit Text/Bespoke/Seller Pages/Delivery Settings/input_Delivers to_Delivers_to (1)'

2020-03-20 11:40:46 - [TEST_STEP][PASSED] - sendKeys(findTestObject("ADMIN/Edit Text/Bespoke/Seller Pages/Delivery Settings/input_Shipping rate by_Shipping_rate_by"), "*"): Keys '*' sent to object: 'Object Repository/ADMIN/Edit Text/Bespoke/Seller Pages/Delivery Settings/input_Shipping rate by_Shipping_rate_by'

2020-03-20 11:40:46 - [MESSAGE][PASSED] - Keys '*' sent to object: 'Object Repository/ADMIN/Edit Text/Bespoke/Seller Pages/Delivery Settings/input_Shipping rate by_Shipping_rate_by'

2020-03-20 11:40:46 - [TEST_STEP][PASSED] - sendKeys(findTestObject("ADMIN/Edit Text/Bespoke/Seller Pages/Delivery Settings/input_Delivering from_Delivering_from"), "*"): Keys '*' sent to object: 'Object Repository/ADMIN/Edit Text/Bespoke/Seller Pages/Delivery Settings/input_Delivering from_Delivering_from'

2020-03-20 11:40:47 - [MESSAGE][PASSED] - Keys '*' sent to object: 'Object Repository/ADMIN/Edit Text/Bespoke/Seller Pages/Delivery Settings/input_Delivering from_Delivering_from'

2020-03-20 11:40:47 - [TEST_STEP][PASSED] - sendKeys(findTestObject("ADMIN/Edit Text/Bespoke/Seller Pages/Delivery Settings/input_Delivery rates(s)_Shipping_rate_by"), "*"): Keys '*' sent to object: 'Object Repository/ADMIN/Edit Text/Bespoke/Seller Pages/Delivery Settings/input_Delivery rates(s)_Shipping_rate_by'

2020-03-20 11:40:47 - [MESSAGE][PASSED] - Keys '*' sent to object: 'Object Repository/ADMIN/Edit Text/Bespoke/Seller Pages/Delivery Settings/input_Delivery rates(s)_Shipping_rate_by'

2020-03-20 11:40:47 - [TEST_STEP][PASSED] - sendKeys(findTestObject("ADMIN/Edit Text/Bespoke/Seller Pages/Delivery Settings/input_Name_Name1"), "*"): Keys '*' sent to object: 'Object Repository/ADMIN/Edit Text/Bespoke/Seller Pages/Delivery Settings/input_Name_Name1'

2020-03-20 11:40:47 - [MESSAGE][PASSED] - Keys '*' sent to object: 'Object Repository/ADMIN/Edit Text/Bespoke/Seller Pages/Delivery Settings/input_Name_Name1'

2020-03-20 11:40:47 - [TEST_STEP][PASSED] - sendKeys(findTestObject("ADMIN/Edit Text/Bespoke/Seller Pages/Delivery Settings/input_Range_Range"), "*"): Keys '*' sent to object: 'Object Repository/ADMIN/Edit Text/Bespoke/Seller Pages/Delivery Settings/input_Range_Range'

2020-03-20 11:40:47 - [MESSAGE][PASSED] - Keys '*' sent to object: 'Object Repository/ADMIN/Edit Text/Bespoke/Seller Pages/Delivery Settings/input_Range_Range'

2020-03-20 11:40:47 - [TEST_STEP][PASSED] - sendKeys(findTestObject("ADMIN/Edit Text/Bespoke/Seller Pages/Delivery Settings/input_Delivery Cost_Delivery_Cost"), "*"): Keys '*' sent to object: 'Object Repository/ADMIN/Edit Text/Bespoke/Seller Pages/Delivery Settings/input_Delivery Cost_Delivery_Cost'

2020-03-20 11:40:47 - [MESSAGE][PASSED] - Keys '*' sent to object: 'Object Repository/ADMIN/Edit Text/Bespoke/Seller Pages/Delivery Settings/input_Delivery Cost_Delivery_Cost'

2020-03-20 11:40:47 - [TEST_STEP][PASSED] - sendKeys(findTestObject("ADMIN/Edit Text/Bespoke/Seller Pages/Delivery Settings/input_Okay_Range"), "*"): Keys '*' sent to object: 'Object Repository/ADMIN/Edit Text/Bespoke/Seller Pages/Delivery Settings/input_Okay_Range'

2020-03-20 11:40:47 - [MESSAGE][PASSED] - Keys '*' sent to object: 'Object Repository/ADMIN/Edit Text/Bespoke/Seller Pages/Delivery Settings/input_Okay_Range'

2020-03-20 11:40:47 - [TEST_STEP][PASSED] - sendKeys(findTestObject("ADMIN/Edit Text/Bespoke/Seller Pages/Delivery Settings/input_ADDEDIT DELIVERY OPTION_Add_edit_delivery_option"), "*"): Keys '*' sent to object: 'Object Repository/ADMIN/Edit Text/Bespoke/Seller Pages/Delivery Settings/input_ADDEDIT DELIVERY OPTION_Add_edit_delivery_option'

2020-03-20 11:40:48 - [MESSAGE][PASSED] - Keys '*' sent to object: 'Object Repository/ADMIN/Edit Text/Bespoke/Seller Pages/Delivery Settings/input_ADDEDIT DELIVERY OPTION_Add_edit_delivery_option'

2020-03-20 11:40:48 - [TEST_STEP][PASSED] - sendKeys(findTestObject("ADMIN/Edit Text/Bespoke/Seller Pages/Delivery Settings/input_Define the locations available and the rates for the delivery option_Define_the_locations_available_and_the_rates_for_the_delivery_option"), "*"): Keys '*' sent to object: 'Object Repository/ADMIN/Edit Text/Bespoke/Seller Pages/Delivery Settings/input_Define the locations available and the rates for the delivery option_Define_the_locations_available_and_the_rates_for_the_delivery_option'

2020-03-20 11:40:48 - [MESSAGE][PASSED] - Keys '*' sent to object: 'Object Repository/ADMIN/Edit Text/Bespoke/Seller Pages/Delivery Settings/input_Define the locations available and the rates for the delivery option_Define_the_locations_available_and_the_rates_for_the_delivery_option'

2020-03-20 11:40:48 - [TEST_STEP][PASSED] - sendKeys(findTestObject("ADMIN/Edit Text/Bespoke/Seller Pages/Delivery Settings/input_DELIVERY OPTION SETTINGS_DELIVERY_OPTIONS_SETTINGS"), "*"): Keys '*' sent to object: 'Object Repository/ADMIN/Edit Text/Bespoke/Seller Pages/Delivery Settings/input_DELIVERY OPTION SETTINGS_DELIVERY_OPTIONS_SETTINGS'

2020-03-20 11:40:48 - [MESSAGE][PASSED] - Keys '*' sent to object: 'Object Repository/ADMIN/Edit Text/Bespoke/Seller Pages/Delivery Settings/input_DELIVERY OPTION SETTINGS_DELIVERY_OPTIONS_SETTINGS'

2020-03-20 11:40:48 - [TEST_STEP][PASSED] - sendKeys(findTestObject("ADMIN/Edit Text/Bespoke/Seller Pages/Delivery Settings/input_DELIVERY OPTION NAME_DELIVERY_OPTION_NAME"), "*"): Keys '*' sent to object: 'Object Repository/ADMIN/Edit Text/Bespoke/Seller Pages/Delivery Settings/input_DELIVERY OPTION NAME_DELIVERY_OPTION_NAME'

2020-03-20 11:40:48 - [MESSAGE][PASSED] - Keys '*' sent to object: 'Object Repository/ADMIN/Edit Text/Bespoke/Seller Pages/Delivery Settings/input_DELIVERY OPTION NAME_DELIVERY_OPTION_NAME'

2020-03-20 11:40:48 - [TEST_STEP][PASSED] - sendKeys(findTestObject("ADMIN/Edit Text/Bespoke/Seller Pages/Delivery Settings/input_delivers to3"), "*"): Keys '*' sent to object: 'Object Repository/ADMIN/Edit Text/Bespoke/Seller Pages/Delivery Settings/input_delivers to3'

2020-03-20 11:40:48 - [MESSAGE][PASSED] - Keys '*' sent to object: 'Object Repository/ADMIN/Edit Text/Bespoke/Seller Pages/Delivery Settings/input_delivers to3'

2020-03-20 11:40:48 - [TEST_STEP][PASSED] - sendKeys(findTestObject("ADMIN/Edit Text/Bespoke/Seller Pages/Delivery Settings/input_MINIMUM LEAD TIME_Minimum_lead_time"), "*"): Keys '*' sent to object: 'Object Repository/ADMIN/Edit Text/Bespoke/Seller Pages/Delivery Settings/input_MINIMUM LEAD TIME_Minimum_lead_time'

2020-03-20 11:40:48 - [MESSAGE][PASSED] - Keys '*' sent to object: 'Object Repository/ADMIN/Edit Text/Bespoke/Seller Pages/Delivery Settings/input_MINIMUM LEAD TIME_Minimum_lead_time'

2020-03-20 11:40:48 - [TEST_STEP][PASSED] - sendKeys(findTestObject("ADMIN/Edit Text/Bespoke/Seller Pages/Delivery Settings/input_WHERE ARE YOU DELIVERING FROM_Where_are_you_delivering_from"), "*"): Keys '*' sent to object: 'Object Repository/ADMIN/Edit Text/Bespoke/Seller Pages/Delivery Settings/input_WHERE ARE YOU DELIVERING FROM_Where_are_you_delivering_from'

2020-03-20 11:40:48 - [MESSAGE][PASSED] - Keys '*' sent to object: 'Object Repository/ADMIN/Edit Text/Bespoke/Seller Pages/Delivery Settings/input_WHERE ARE YOU DELIVERING FROM_Where_are_you_delivering_from'

2020-03-20 11:40:48 - [TEST_STEP][PASSED] - sendKeys(findTestObject("ADMIN/Edit Text/Bespoke/Seller Pages/Delivery Settings/input_Select if you would like to calculate shipping by total order weight or total order price_total_order_weight_or_total_order_price"), "*"): Keys '*' sent to object: 'Object Repository/ADMIN/Edit Text/Bespoke/Seller Pages/Delivery Settings/input_Select if you would like to calculate shipping by total order weight or total order price_total_order_weight_or_total_order_price'

2020-03-20 11:40:48 - [MESSAGE][PASSED] - Keys '*' sent to object: 'Object Repository/ADMIN/Edit Text/Bespoke/Seller Pages/Delivery Settings/input_Select if you would like to calculate shipping by total order weight or total order price_total_order_weight_or_total_order_price'

2020-03-20 11:40:48 - [TEST_STEP][PASSED] - sendKeys(findTestObject("ADMIN/Edit Text/Bespoke/Seller Pages/Delivery Settings/input_Weight_Weight"), "*"): Keys '*' sent to object: 'Object Repository/ADMIN/Edit Text/Bespoke/Seller Pages/Delivery Settings/input_Weight_Weight'

2020-03-20 11:40:49 - [MESSAGE][PASSED] - Keys '*' sent to object: 'Object Repository/ADMIN/Edit Text/Bespoke/Seller Pages/Delivery Settings/input_Weight_Weight'

2020-03-20 11:40:49 - [TEST_STEP][PASSED] - sendKeys(findTestObject("ADMIN/Edit Text/Bespoke/Seller Pages/Delivery Settings/input_Price_Price"), "*"): Keys '*' sent to object: 'Object Repository/ADMIN/Edit Text/Bespoke/Seller Pages/Delivery Settings/input_Price_Price'

2020-03-20 11:40:49 - [MESSAGE][PASSED] - Keys '*' sent to object: 'Object Repository/ADMIN/Edit Text/Bespoke/Seller Pages/Delivery Settings/input_Price_Price'

2020-03-20 11:40:49 - [TEST_STEP][PASSED] - sendKeys(findTestObject("ADMIN/Edit Text/Bespoke/Seller Pages/Delivery Settings/input_Delivery Rate(s)_DelDelivery_Rates"), "*"): Keys '*' sent to object: 'Object Repository/ADMIN/Edit Text/Bespoke/Seller Pages/Delivery Settings/input_Delivery Rate(s)_DelDelivery_Rates'

2020-03-20 11:40:49 - [MESSAGE][PASSED] - Keys '*' sent to object: 'Object Repository/ADMIN/Edit Text/Bespoke/Seller Pages/Delivery Settings/input_Delivery Rate(s)_DelDelivery_Rates'

2020-03-20 11:40:49 - [TEST_STEP][PASSED] - sendKeys(findTestObject("ADMIN/Edit Text/Bespoke/Seller Pages/Delivery Settings/input_NAME_Name (1)"), "*"): Keys '*' sent to object: 'Object Repository/ADMIN/Edit Text/Bespoke/Seller Pages/Delivery Settings/input_NAME_Name (1)'

2020-03-20 11:40:49 - [MESSAGE][PASSED] - Keys '*' sent to object: 'Object Repository/ADMIN/Edit Text/Bespoke/Seller Pages/Delivery Settings/input_NAME_Name (1)'

2020-03-20 11:40:49 - [TEST_STEP][PASSED] - sendKeys(findTestObject("ADMIN/Edit Text/Bespoke/Seller Pages/Delivery Settings/input_RANGE_Range (1)"), "*"): Keys '*' sent to object: 'Object Repository/ADMIN/Edit Text/Bespoke/Seller Pages/Delivery Settings/input_RANGE_Range (1)'

2020-03-20 11:40:49 - [MESSAGE][PASSED] - Keys '*' sent to object: 'Object Repository/ADMIN/Edit Text/Bespoke/Seller Pages/Delivery Settings/input_RANGE_Range (1)'

2020-03-20 11:40:49 - [TEST_STEP][PASSED] - sendKeys(findTestObject("ADMIN/Edit Text/Bespoke/Seller Pages/Delivery Settings/input_DELIVERY COST_Delivery_Cost (1)"), "*"): Keys '*' sent to object: 'Object Repository/ADMIN/Edit Text/Bespoke/Seller Pages/Delivery Settings/input_DELIVERY COST_Delivery_Cost (1)'

2020-03-20 11:40:49 - [MESSAGE][PASSED] - Keys '*' sent to object: 'Object Repository/ADMIN/Edit Text/Bespoke/Seller Pages/Delivery Settings/input_DELIVERY COST_Delivery_Cost (1)'

2020-03-20 11:40:49 - [TEST_STEP][PASSED] - sendKeys(findTestObject("ADMIN/Edit Text/Bespoke/Seller Pages/Delivery Settings/input_Onwards_Onwards"), "*"): Keys '*' sent to object: 'Object Repository/ADMIN/Edit Text/Bespoke/Seller Pages/Delivery Settings/input_Onwards_Onwards'

2020-03-20 11:40:49 - [MESSAGE][PASSED] - Keys '*' sent to object: 'Object Repository/ADMIN/Edit Text/Bespoke/Seller Pages/Delivery Settings/input_Onwards_Onwards'

2020-03-20 11:40:49 - [TEST_STEP][PASSED] - sendKeys(findTestObject("ADMIN/Edit Text/Bespoke/Seller Pages/Delivery Settings/input_Add Delivery Rate_Add_Delivery_Rate"), "*"): Keys '*' sent to object: 'Object Repository/ADMIN/Edit Text/Bespoke/Seller Pages/Delivery Settings/input_Add Delivery Rate_Add_Delivery_Rate'

2020-03-20 11:40:50 - [MESSAGE][PASSED] - Keys '*' sent to object: 'Object Repository/ADMIN/Edit Text/Bespoke/Seller Pages/Delivery Settings/input_Add Delivery Rate_Add_Delivery_Rate'

2020-03-20 11:40:50 - [TEST_STEP][PASSED] - sendKeys(findTestObject("ADMIN/Edit Text/Bespoke/Seller Pages/Delivery Settings/input_Delivery Rate Name (Buyers will not see this)_Delivery_Rate_Name"), "*"): Keys '*' sent to object: 'Object Repository/ADMIN/Edit Text/Bespoke/Seller Pages/Delivery Settings/input_Delivery Rate Name (Buyers will not see this)_Delivery_Rate_Name'

2020-03-20 11:40:50 - [MESSAGE][PASSED] - Keys '*' sent to object: 'Object Repository/ADMIN/Edit Text/Bespoke/Seller Pages/Delivery Settings/input_Delivery Rate Name (Buyers will not see this)_Delivery_Rate_Name'

2020-03-20 11:40:50 - [TEST_STEP][PASSED] - sendKeys(findTestObject("ADMIN/Edit Text/Bespoke/Seller Pages/Delivery Settings/input_To_To"), "*"): Keys '*' sent to object: 'Object Repository/ADMIN/Edit Text/Bespoke/Seller Pages/Delivery Settings/input_To_To'

2020-03-20 11:40:50 - [MESSAGE][PASSED] - Keys '*' sent to object: 'Object Repository/ADMIN/Edit Text/Bespoke/Seller Pages/Delivery Settings/input_To_To'

2020-03-20 11:40:50 - [TEST_STEP][PASSED] - sendKeys(findTestObject("ADMIN/Edit Text/Bespoke/Seller Pages/Delivery Settings/input_delivery cost4"), "*"): Keys '*' sent to object: 'Object Repository/ADMIN/Edit Text/Bespoke/Seller Pages/Delivery Settings/input_delivery cost4'

2020-03-20 11:40:50 - [MESSAGE][PASSED] - Keys '*' sent to object: 'Object Repository/ADMIN/Edit Text/Bespoke/Seller Pages/Delivery Settings/input_delivery cost4'

2020-03-20 11:40:50 - [TEST_STEP][PASSED] - sendKeys(findTestObject("ADMIN/Edit Text/Bespoke/Seller Pages/Delivery Settings/input_Save_Save"), "*"): Keys '*' sent to object: 'Object Repository/ADMIN/Edit Text/Bespoke/Seller Pages/Delivery Settings/input_Save_Save'

2020-03-20 11:40:50 - [MESSAGE][PASSED] - Keys '*' sent to object: 'Object Repository/ADMIN/Edit Text/Bespoke/Seller Pages/Delivery Settings/input_Save_Save'

2020-03-20 11:40:50 - [TEST_STEP][PASSED] - sendKeys(findTestObject("ADMIN/Edit Text/Bespoke/Seller Pages/Delivery Settings/input_Cancel_Cancel"), "*"): Keys '*' sent to object: 'Object Repository/ADMIN/Edit Text/Bespoke/Seller Pages/Delivery Settings/input_Cancel_Cancel'

2020-03-20 11:40:50 - [MESSAGE][PASSED] - Keys '*' sent to object: 'Object Repository/ADMIN/Edit Text/Bespoke/Seller Pages/Delivery Settings/input_Cancel_Cancel'

2020-03-20 11:40:50 - [TEST_STEP][PASSED] - click(findTestObject("ADMIN/Edit Text/Bespoke/Buyer Pages/Homepage/button_save"), CONTINUE_ON_FAILURE): Object: 'Object Repository/ADMIN/Edit Text/Bespoke/Buyer Pages/Homepage/button_save' is clicked on

2020-03-20 11:40:51 - [MESSAGE][PASSED] - Object: 'Object Repository/ADMIN/Edit Text/Bespoke/Buyer Pages/Homepage/button_save' is clicked on

2020-03-20 11:40:51 - [TEST_STEP][PASSED] - waitForElementVisible(findTestObject("ADMIN/Edit Text/Bespoke/Buyer Pages/Homepage/toaster_success"), 0): Object 'Object Repository/ADMIN/Edit Text/Bespoke/Buyer Pages/Homepage/toaster_success' is visible

2020-03-20 11:40:51 - [MESSAGE][WARNING] - Timeout '0' is invalid. Using default page load timeout: '30'

2020-03-20 11:40:51 - [MESSAGE][PASSED] - Object 'Object Repository/ADMIN/Edit Text/Bespoke/Buyer Pages/Homepage/toaster_success' is visible]]></system-out>
         <system-err><![CDATA[]]></system-err>
      </testcase>
      <testcase name="Test Cases/ADMIN/Language/Edit Text/Bespoke/Seller/Delivery Settings" time="8.347" classname="Test Cases/ADMIN/Language/Edit Text/Bespoke/Seller/Delivery Settings" status="PASSED">
         <system-out><![CDATA[2020-03-20 11:40:51 - [TEST_CASE][PASSED] - Test Cases/ADMIN/Language/Edit Text/Bespoke/Seller/Delivery Settings: Test Cases/ADMIN/Language/Edit Text/Bespoke/Seller/Delivery Settings

2020-03-20 11:40:51 - [TEST_STEP][PASSED] - waitForElementVisible(findTestObject("ADMIN/Edit Text/Bespoke/Buyer Navigation/dd_language"), 0): Object 'Object Repository/ADMIN/Edit Text/Bespoke/Buyer Navigation/dd_language' is visible

2020-03-20 11:40:51 - [MESSAGE][WARNING] - Timeout '0' is invalid. Using default page load timeout: '30'

2020-03-20 11:40:52 - [MESSAGE][PASSED] - Object 'Object Repository/ADMIN/Edit Text/Bespoke/Buyer Navigation/dd_language' is visible

2020-03-20 11:40:52 - [TEST_STEP][PASSED] - selectOptionByLabel(findTestObject("ADMIN/Edit Text/Bespoke/Buyer Navigation/dd_language"), varLanguage, false): All options with label 'Portuguese' are selected in object 'Object Repository/ADMIN/Edit Text/Bespoke/Buyer Navigation/dd_language' 

2020-03-20 11:40:53 - [MESSAGE][PASSED] - All options with label 'Portuguese' are selected in object 'Object Repository/ADMIN/Edit Text/Bespoke/Buyer Navigation/dd_language' 

2020-03-20 11:40:53 - [TEST_STEP][PASSED] - sendKeys(findTestObject("ADMIN/Edit Text/Bespoke/Seller Pages/Delivery Settings/input_DELIVERY SETTINGS_DELIVERY_SETTINGS"), "*"): Keys '*' sent to object: 'Object Repository/ADMIN/Edit Text/Bespoke/Seller Pages/Delivery Settings/input_DELIVERY SETTINGS_DELIVERY_SETTINGS'

2020-03-20 11:40:54 - [MESSAGE][PASSED] - Keys '*' sent to object: 'Object Repository/ADMIN/Edit Text/Bespoke/Seller Pages/Delivery Settings/input_DELIVERY SETTINGS_DELIVERY_SETTINGS'

2020-03-20 11:40:54 - [TEST_STEP][PASSED] - sendKeys(findTestObject("ADMIN/Edit Text/Bespoke/Seller Pages/Delivery Settings/input_add del or pickup"), "*"): Keys '*' sent to object: 'Object Repository/ADMIN/Edit Text/Bespoke/Seller Pages/Delivery Settings/input_add del or pickup'

2020-03-20 11:40:54 - [MESSAGE][PASSED] - Keys '*' sent to object: 'Object Repository/ADMIN/Edit Text/Bespoke/Seller Pages/Delivery Settings/input_add del or pickup'

2020-03-20 11:40:54 - [TEST_STEP][PASSED] - sendKeys(findTestObject("ADMIN/Edit Text/Bespoke/Seller Pages/Delivery Settings/input_DELIVERY OPTIONS_DELIVERY_OPTIONS"), "*"): Keys '*' sent to object: 'Object Repository/ADMIN/Edit Text/Bespoke/Seller Pages/Delivery Settings/input_DELIVERY OPTIONS_DELIVERY_OPTIONS'

2020-03-20 11:40:54 - [MESSAGE][PASSED] - Keys '*' sent to object: 'Object Repository/ADMIN/Edit Text/Bespoke/Seller Pages/Delivery Settings/input_DELIVERY OPTIONS_DELIVERY_OPTIONS'

2020-03-20 11:40:54 - [TEST_STEP][PASSED] - sendKeys(findTestObject("ADMIN/Edit Text/Bespoke/Seller Pages/Delivery Settings/input_Add Delivery Options_select_delivery_method"), "*"): Keys '*' sent to object: 'Object Repository/ADMIN/Edit Text/Bespoke/Seller Pages/Delivery Settings/input_Add Delivery Options_select_delivery_method'

2020-03-20 11:40:54 - [MESSAGE][PASSED] - Keys '*' sent to object: 'Object Repository/ADMIN/Edit Text/Bespoke/Seller Pages/Delivery Settings/input_Add Delivery Options_select_delivery_method'

2020-03-20 11:40:54 - [TEST_STEP][PASSED] - sendKeys(findTestObject("ADMIN/Edit Text/Bespoke/Seller Pages/Delivery Settings/input_Name_Name"), "*"): Keys '*' sent to object: 'Object Repository/ADMIN/Edit Text/Bespoke/Seller Pages/Delivery Settings/input_Name_Name'

2020-03-20 11:40:54 - [MESSAGE][PASSED] - Keys '*' sent to object: 'Object Repository/ADMIN/Edit Text/Bespoke/Seller Pages/Delivery Settings/input_Name_Name'

2020-03-20 11:40:54 - [TEST_STEP][PASSED] - sendKeys(findTestObject("ADMIN/Edit Text/Bespoke/Seller Pages/Delivery Settings/input_DELIVERS TO_DELIVERS_TO"), "*"): Keys '*' sent to object: 'Object Repository/ADMIN/Edit Text/Bespoke/Seller Pages/Delivery Settings/input_DELIVERS TO_DELIVERS_TO'

2020-03-20 11:40:54 - [MESSAGE][PASSED] - Keys '*' sent to object: 'Object Repository/ADMIN/Edit Text/Bespoke/Seller Pages/Delivery Settings/input_DELIVERS TO_DELIVERS_TO'

2020-03-20 11:40:54 - [TEST_STEP][PASSED] - sendKeys(findTestObject("ADMIN/Edit Text/Bespoke/Seller Pages/Delivery Settings/input_PICK-UP OPTIONS_PICK-UP_OPTIONS"), "*"): Keys '*' sent to object: 'Object Repository/ADMIN/Edit Text/Bespoke/Seller Pages/Delivery Settings/input_PICK-UP OPTIONS_PICK-UP_OPTIONS'

2020-03-20 11:40:54 - [MESSAGE][PASSED] - Keys '*' sent to object: 'Object Repository/ADMIN/Edit Text/Bespoke/Seller Pages/Delivery Settings/input_PICK-UP OPTIONS_PICK-UP_OPTIONS'

2020-03-20 11:40:54 - [TEST_STEP][PASSED] - sendKeys(findTestObject("ADMIN/Edit Text/Bespoke/Seller Pages/Delivery Settings/input_Add Pick-up Options_Add_Pick-up_Options"), "*"): Keys '*' sent to object: 'Object Repository/ADMIN/Edit Text/Bespoke/Seller Pages/Delivery Settings/input_Add Pick-up Options_Add_Pick-up_Options'

2020-03-20 11:40:55 - [MESSAGE][PASSED] - Keys '*' sent to object: 'Object Repository/ADMIN/Edit Text/Bespoke/Seller Pages/Delivery Settings/input_Add Pick-up Options_Add_Pick-up_Options'

2020-03-20 11:40:55 - [TEST_STEP][PASSED] - sendKeys(findTestObject("ADMIN/Edit Text/Bespoke/Seller Pages/Delivery Settings/input_Define the full address where the buyer can pick up from_delivery_desc_used"), "*"): Keys '*' sent to object: 'Object Repository/ADMIN/Edit Text/Bespoke/Seller Pages/Delivery Settings/input_Define the full address where the buyer can pick up from_delivery_desc_used'

2020-03-20 11:40:55 - [MESSAGE][PASSED] - Keys '*' sent to object: 'Object Repository/ADMIN/Edit Text/Bespoke/Seller Pages/Delivery Settings/input_Define the full address where the buyer can pick up from_delivery_desc_used'

2020-03-20 11:40:55 - [TEST_STEP][PASSED] - sendKeys(findTestObject("ADMIN/Edit Text/Bespoke/Seller Pages/Delivery Settings/input_Delivers to_Delivers_to (1)"), "*"): Keys '*' sent to object: 'Object Repository/ADMIN/Edit Text/Bespoke/Seller Pages/Delivery Settings/input_Delivers to_Delivers_to (1)'

2020-03-20 11:40:55 - [MESSAGE][PASSED] - Keys '*' sent to object: 'Object Repository/ADMIN/Edit Text/Bespoke/Seller Pages/Delivery Settings/input_Delivers to_Delivers_to (1)'

2020-03-20 11:40:55 - [TEST_STEP][PASSED] - sendKeys(findTestObject("ADMIN/Edit Text/Bespoke/Seller Pages/Delivery Settings/input_Shipping rate by_Shipping_rate_by"), "*"): Keys '*' sent to object: 'Object Repository/ADMIN/Edit Text/Bespoke/Seller Pages/Delivery Settings/input_Shipping rate by_Shipping_rate_by'

2020-03-20 11:40:55 - [MESSAGE][PASSED] - Keys '*' sent to object: 'Object Repository/ADMIN/Edit Text/Bespoke/Seller Pages/Delivery Settings/input_Shipping rate by_Shipping_rate_by'

2020-03-20 11:40:55 - [TEST_STEP][PASSED] - sendKeys(findTestObject("ADMIN/Edit Text/Bespoke/Seller Pages/Delivery Settings/input_Delivering from_Delivering_from"), "*"): Keys '*' sent to object: 'Object Repository/ADMIN/Edit Text/Bespoke/Seller Pages/Delivery Settings/input_Delivering from_Delivering_from'

2020-03-20 11:40:55 - [MESSAGE][PASSED] - Keys '*' sent to object: 'Object Repository/ADMIN/Edit Text/Bespoke/Seller Pages/Delivery Settings/input_Delivering from_Delivering_from'

2020-03-20 11:40:55 - [TEST_STEP][PASSED] - sendKeys(findTestObject("ADMIN/Edit Text/Bespoke/Seller Pages/Delivery Settings/input_Delivery rates(s)_Shipping_rate_by"), "*"): Keys '*' sent to object: 'Object Repository/ADMIN/Edit Text/Bespoke/Seller Pages/Delivery Settings/input_Delivery rates(s)_Shipping_rate_by'

2020-03-20 11:40:55 - [MESSAGE][PASSED] - Keys '*' sent to object: 'Object Repository/ADMIN/Edit Text/Bespoke/Seller Pages/Delivery Settings/input_Delivery rates(s)_Shipping_rate_by'

2020-03-20 11:40:55 - [TEST_STEP][PASSED] - sendKeys(findTestObject("ADMIN/Edit Text/Bespoke/Seller Pages/Delivery Settings/input_Name_Name1"), "*"): Keys '*' sent to object: 'Object Repository/ADMIN/Edit Text/Bespoke/Seller Pages/Delivery Settings/input_Name_Name1'

2020-03-20 11:40:55 - [MESSAGE][PASSED] - Keys '*' sent to object: 'Object Repository/ADMIN/Edit Text/Bespoke/Seller Pages/Delivery Settings/input_Name_Name1'

2020-03-20 11:40:55 - [TEST_STEP][PASSED] - sendKeys(findTestObject("ADMIN/Edit Text/Bespoke/Seller Pages/Delivery Settings/input_Range_Range"), "*"): Keys '*' sent to object: 'Object Repository/ADMIN/Edit Text/Bespoke/Seller Pages/Delivery Settings/input_Range_Range'

2020-03-20 11:40:55 - [MESSAGE][PASSED] - Keys '*' sent to object: 'Object Repository/ADMIN/Edit Text/Bespoke/Seller Pages/Delivery Settings/input_Range_Range'

2020-03-20 11:40:55 - [TEST_STEP][PASSED] - sendKeys(findTestObject("ADMIN/Edit Text/Bespoke/Seller Pages/Delivery Settings/input_Delivery Cost_Delivery_Cost"), "*"): Keys '*' sent to object: 'Object Repository/ADMIN/Edit Text/Bespoke/Seller Pages/Delivery Settings/input_Delivery Cost_Delivery_Cost'

2020-03-20 11:40:56 - [MESSAGE][PASSED] - Keys '*' sent to object: 'Object Repository/ADMIN/Edit Text/Bespoke/Seller Pages/Delivery Settings/input_Delivery Cost_Delivery_Cost'

2020-03-20 11:40:56 - [TEST_STEP][PASSED] - sendKeys(findTestObject("ADMIN/Edit Text/Bespoke/Seller Pages/Delivery Settings/input_Okay_Range"), "*"): Keys '*' sent to object: 'Object Repository/ADMIN/Edit Text/Bespoke/Seller Pages/Delivery Settings/input_Okay_Range'

2020-03-20 11:40:56 - [MESSAGE][PASSED] - Keys '*' sent to object: 'Object Repository/ADMIN/Edit Text/Bespoke/Seller Pages/Delivery Settings/input_Okay_Range'

2020-03-20 11:40:56 - [TEST_STEP][PASSED] - sendKeys(findTestObject("ADMIN/Edit Text/Bespoke/Seller Pages/Delivery Settings/input_ADDEDIT DELIVERY OPTION_Add_edit_delivery_option"), "*"): Keys '*' sent to object: 'Object Repository/ADMIN/Edit Text/Bespoke/Seller Pages/Delivery Settings/input_ADDEDIT DELIVERY OPTION_Add_edit_delivery_option'

2020-03-20 11:40:56 - [MESSAGE][PASSED] - Keys '*' sent to object: 'Object Repository/ADMIN/Edit Text/Bespoke/Seller Pages/Delivery Settings/input_ADDEDIT DELIVERY OPTION_Add_edit_delivery_option'

2020-03-20 11:40:56 - [TEST_STEP][PASSED] - sendKeys(findTestObject("ADMIN/Edit Text/Bespoke/Seller Pages/Delivery Settings/input_Define the locations available and the rates for the delivery option_Define_the_locations_available_and_the_rates_for_the_delivery_option"), "*"): Keys '*' sent to object: 'Object Repository/ADMIN/Edit Text/Bespoke/Seller Pages/Delivery Settings/input_Define the locations available and the rates for the delivery option_Define_the_locations_available_and_the_rates_for_the_delivery_option'

2020-03-20 11:40:56 - [MESSAGE][PASSED] - Keys '*' sent to object: 'Object Repository/ADMIN/Edit Text/Bespoke/Seller Pages/Delivery Settings/input_Define the locations available and the rates for the delivery option_Define_the_locations_available_and_the_rates_for_the_delivery_option'

2020-03-20 11:40:56 - [TEST_STEP][PASSED] - sendKeys(findTestObject("ADMIN/Edit Text/Bespoke/Seller Pages/Delivery Settings/input_DELIVERY OPTION SETTINGS_DELIVERY_OPTIONS_SETTINGS"), "*"): Keys '*' sent to object: 'Object Repository/ADMIN/Edit Text/Bespoke/Seller Pages/Delivery Settings/input_DELIVERY OPTION SETTINGS_DELIVERY_OPTIONS_SETTINGS'

2020-03-20 11:40:56 - [MESSAGE][PASSED] - Keys '*' sent to object: 'Object Repository/ADMIN/Edit Text/Bespoke/Seller Pages/Delivery Settings/input_DELIVERY OPTION SETTINGS_DELIVERY_OPTIONS_SETTINGS'

2020-03-20 11:40:56 - [TEST_STEP][PASSED] - sendKeys(findTestObject("ADMIN/Edit Text/Bespoke/Seller Pages/Delivery Settings/input_DELIVERY OPTION NAME_DELIVERY_OPTION_NAME"), "*"): Keys '*' sent to object: 'Object Repository/ADMIN/Edit Text/Bespoke/Seller Pages/Delivery Settings/input_DELIVERY OPTION NAME_DELIVERY_OPTION_NAME'

2020-03-20 11:40:56 - [MESSAGE][PASSED] - Keys '*' sent to object: 'Object Repository/ADMIN/Edit Text/Bespoke/Seller Pages/Delivery Settings/input_DELIVERY OPTION NAME_DELIVERY_OPTION_NAME'

2020-03-20 11:40:56 - [TEST_STEP][PASSED] - sendKeys(findTestObject("ADMIN/Edit Text/Bespoke/Seller Pages/Delivery Settings/input_delivers to3"), "*"): Keys '*' sent to object: 'Object Repository/ADMIN/Edit Text/Bespoke/Seller Pages/Delivery Settings/input_delivers to3'

2020-03-20 11:40:57 - [MESSAGE][PASSED] - Keys '*' sent to object: 'Object Repository/ADMIN/Edit Text/Bespoke/Seller Pages/Delivery Settings/input_delivers to3'

2020-03-20 11:40:57 - [TEST_STEP][PASSED] - sendKeys(findTestObject("ADMIN/Edit Text/Bespoke/Seller Pages/Delivery Settings/input_MINIMUM LEAD TIME_Minimum_lead_time"), "*"): Keys '*' sent to object: 'Object Repository/ADMIN/Edit Text/Bespoke/Seller Pages/Delivery Settings/input_MINIMUM LEAD TIME_Minimum_lead_time'

2020-03-20 11:40:57 - [MESSAGE][PASSED] - Keys '*' sent to object: 'Object Repository/ADMIN/Edit Text/Bespoke/Seller Pages/Delivery Settings/input_MINIMUM LEAD TIME_Minimum_lead_time'

2020-03-20 11:40:57 - [TEST_STEP][PASSED] - sendKeys(findTestObject("ADMIN/Edit Text/Bespoke/Seller Pages/Delivery Settings/input_WHERE ARE YOU DELIVERING FROM_Where_are_you_delivering_from"), "*"): Keys '*' sent to object: 'Object Repository/ADMIN/Edit Text/Bespoke/Seller Pages/Delivery Settings/input_WHERE ARE YOU DELIVERING FROM_Where_are_you_delivering_from'

2020-03-20 11:40:57 - [MESSAGE][PASSED] - Keys '*' sent to object: 'Object Repository/ADMIN/Edit Text/Bespoke/Seller Pages/Delivery Settings/input_WHERE ARE YOU DELIVERING FROM_Where_are_you_delivering_from'

2020-03-20 11:40:57 - [TEST_STEP][PASSED] - sendKeys(findTestObject("ADMIN/Edit Text/Bespoke/Seller Pages/Delivery Settings/input_Select if you would like to calculate shipping by total order weight or total order price_total_order_weight_or_total_order_price"), "*"): Keys '*' sent to object: 'Object Repository/ADMIN/Edit Text/Bespoke/Seller Pages/Delivery Settings/input_Select if you would like to calculate shipping by total order weight or total order price_total_order_weight_or_total_order_price'

2020-03-20 11:40:57 - [MESSAGE][PASSED] - Keys '*' sent to object: 'Object Repository/ADMIN/Edit Text/Bespoke/Seller Pages/Delivery Settings/input_Select if you would like to calculate shipping by total order weight or total order price_total_order_weight_or_total_order_price'

2020-03-20 11:40:57 - [TEST_STEP][PASSED] - sendKeys(findTestObject("ADMIN/Edit Text/Bespoke/Seller Pages/Delivery Settings/input_Weight_Weight"), "*"): Keys '*' sent to object: 'Object Repository/ADMIN/Edit Text/Bespoke/Seller Pages/Delivery Settings/input_Weight_Weight'

2020-03-20 11:40:57 - [MESSAGE][PASSED] - Keys '*' sent to object: 'Object Repository/ADMIN/Edit Text/Bespoke/Seller Pages/Delivery Settings/input_Weight_Weight'

2020-03-20 11:40:57 - [TEST_STEP][PASSED] - sendKeys(findTestObject("ADMIN/Edit Text/Bespoke/Seller Pages/Delivery Settings/input_Price_Price"), "*"): Keys '*' sent to object: 'Object Repository/ADMIN/Edit Text/Bespoke/Seller Pages/Delivery Settings/input_Price_Price'

2020-03-20 11:40:57 - [MESSAGE][PASSED] - Keys '*' sent to object: 'Object Repository/ADMIN/Edit Text/Bespoke/Seller Pages/Delivery Settings/input_Price_Price'

2020-03-20 11:40:57 - [TEST_STEP][PASSED] - sendKeys(findTestObject("ADMIN/Edit Text/Bespoke/Seller Pages/Delivery Settings/input_Delivery Rate(s)_DelDelivery_Rates"), "*"): Keys '*' sent to object: 'Object Repository/ADMIN/Edit Text/Bespoke/Seller Pages/Delivery Settings/input_Delivery Rate(s)_DelDelivery_Rates'

2020-03-20 11:40:57 - [MESSAGE][PASSED] - Keys '*' sent to object: 'Object Repository/ADMIN/Edit Text/Bespoke/Seller Pages/Delivery Settings/input_Delivery Rate(s)_DelDelivery_Rates'

2020-03-20 11:40:57 - [TEST_STEP][PASSED] - sendKeys(findTestObject("ADMIN/Edit Text/Bespoke/Seller Pages/Delivery Settings/input_NAME_Name (1)"), "*"): Keys '*' sent to object: 'Object Repository/ADMIN/Edit Text/Bespoke/Seller Pages/Delivery Settings/input_NAME_Name (1)'

2020-03-20 11:40:57 - [MESSAGE][PASSED] - Keys '*' sent to object: 'Object Repository/ADMIN/Edit Text/Bespoke/Seller Pages/Delivery Settings/input_NAME_Name (1)'

2020-03-20 11:40:57 - [TEST_STEP][PASSED] - sendKeys(findTestObject("ADMIN/Edit Text/Bespoke/Seller Pages/Delivery Settings/input_RANGE_Range (1)"), "*"): Keys '*' sent to object: 'Object Repository/ADMIN/Edit Text/Bespoke/Seller Pages/Delivery Settings/input_RANGE_Range (1)'

2020-03-20 11:40:58 - [MESSAGE][PASSED] - Keys '*' sent to object: 'Object Repository/ADMIN/Edit Text/Bespoke/Seller Pages/Delivery Settings/input_RANGE_Range (1)'

2020-03-20 11:40:58 - [TEST_STEP][PASSED] - sendKeys(findTestObject("ADMIN/Edit Text/Bespoke/Seller Pages/Delivery Settings/input_DELIVERY COST_Delivery_Cost (1)"), "*"): Keys '*' sent to object: 'Object Repository/ADMIN/Edit Text/Bespoke/Seller Pages/Delivery Settings/input_DELIVERY COST_Delivery_Cost (1)'

2020-03-20 11:40:58 - [MESSAGE][PASSED] - Keys '*' sent to object: 'Object Repository/ADMIN/Edit Text/Bespoke/Seller Pages/Delivery Settings/input_DELIVERY COST_Delivery_Cost (1)'

2020-03-20 11:40:58 - [TEST_STEP][PASSED] - sendKeys(findTestObject("ADMIN/Edit Text/Bespoke/Seller Pages/Delivery Settings/input_Onwards_Onwards"), "*"): Keys '*' sent to object: 'Object Repository/ADMIN/Edit Text/Bespoke/Seller Pages/Delivery Settings/input_Onwards_Onwards'

2020-03-20 11:40:58 - [MESSAGE][PASSED] - Keys '*' sent to object: 'Object Repository/ADMIN/Edit Text/Bespoke/Seller Pages/Delivery Settings/input_Onwards_Onwards'

2020-03-20 11:40:58 - [TEST_STEP][PASSED] - sendKeys(findTestObject("ADMIN/Edit Text/Bespoke/Seller Pages/Delivery Settings/input_Add Delivery Rate_Add_Delivery_Rate"), "*"): Keys '*' sent to object: 'Object Repository/ADMIN/Edit Text/Bespoke/Seller Pages/Delivery Settings/input_Add Delivery Rate_Add_Delivery_Rate'

2020-03-20 11:40:58 - [MESSAGE][PASSED] - Keys '*' sent to object: 'Object Repository/ADMIN/Edit Text/Bespoke/Seller Pages/Delivery Settings/input_Add Delivery Rate_Add_Delivery_Rate'

2020-03-20 11:40:58 - [TEST_STEP][PASSED] - sendKeys(findTestObject("ADMIN/Edit Text/Bespoke/Seller Pages/Delivery Settings/input_Delivery Rate Name (Buyers will not see this)_Delivery_Rate_Name"), "*"): Keys '*' sent to object: 'Object Repository/ADMIN/Edit Text/Bespoke/Seller Pages/Delivery Settings/input_Delivery Rate Name (Buyers will not see this)_Delivery_Rate_Name'

2020-03-20 11:40:58 - [MESSAGE][PASSED] - Keys '*' sent to object: 'Object Repository/ADMIN/Edit Text/Bespoke/Seller Pages/Delivery Settings/input_Delivery Rate Name (Buyers will not see this)_Delivery_Rate_Name'

2020-03-20 11:40:58 - [TEST_STEP][PASSED] - sendKeys(findTestObject("ADMIN/Edit Text/Bespoke/Seller Pages/Delivery Settings/input_To_To"), "*"): Keys '*' sent to object: 'Object Repository/ADMIN/Edit Text/Bespoke/Seller Pages/Delivery Settings/input_To_To'

2020-03-20 11:40:59 - [MESSAGE][PASSED] - Keys '*' sent to object: 'Object Repository/ADMIN/Edit Text/Bespoke/Seller Pages/Delivery Settings/input_To_To'

2020-03-20 11:40:59 - [TEST_STEP][PASSED] - sendKeys(findTestObject("ADMIN/Edit Text/Bespoke/Seller Pages/Delivery Settings/input_delivery cost4"), "*"): Keys '*' sent to object: 'Object Repository/ADMIN/Edit Text/Bespoke/Seller Pages/Delivery Settings/input_delivery cost4'

2020-03-20 11:40:59 - [MESSAGE][PASSED] - Keys '*' sent to object: 'Object Repository/ADMIN/Edit Text/Bespoke/Seller Pages/Delivery Settings/input_delivery cost4'

2020-03-20 11:40:59 - [TEST_STEP][PASSED] - sendKeys(findTestObject("ADMIN/Edit Text/Bespoke/Seller Pages/Delivery Settings/input_Save_Save"), "*"): Keys '*' sent to object: 'Object Repository/ADMIN/Edit Text/Bespoke/Seller Pages/Delivery Settings/input_Save_Save'

2020-03-20 11:40:59 - [MESSAGE][PASSED] - Keys '*' sent to object: 'Object Repository/ADMIN/Edit Text/Bespoke/Seller Pages/Delivery Settings/input_Save_Save'

2020-03-20 11:40:59 - [TEST_STEP][PASSED] - sendKeys(findTestObject("ADMIN/Edit Text/Bespoke/Seller Pages/Delivery Settings/input_Cancel_Cancel"), "*"): Keys '*' sent to object: 'Object Repository/ADMIN/Edit Text/Bespoke/Seller Pages/Delivery Settings/input_Cancel_Cancel'

2020-03-20 11:40:59 - [MESSAGE][PASSED] - Keys '*' sent to object: 'Object Repository/ADMIN/Edit Text/Bespoke/Seller Pages/Delivery Settings/input_Cancel_Cancel'

2020-03-20 11:40:59 - [TEST_STEP][PASSED] - click(findTestObject("ADMIN/Edit Text/Bespoke/Buyer Pages/Homepage/button_save"), CONTINUE_ON_FAILURE): Object: 'Object Repository/ADMIN/Edit Text/Bespoke/Buyer Pages/Homepage/button_save' is clicked on

2020-03-20 11:40:59 - [MESSAGE][PASSED] - Object: 'Object Repository/ADMIN/Edit Text/Bespoke/Buyer Pages/Homepage/button_save' is clicked on

2020-03-20 11:40:59 - [TEST_STEP][PASSED] - waitForElementVisible(findTestObject("ADMIN/Edit Text/Bespoke/Buyer Pages/Homepage/toaster_success"), 0): Object 'Object Repository/ADMIN/Edit Text/Bespoke/Buyer Pages/Homepage/toaster_success' is visible

2020-03-20 11:40:59 - [MESSAGE][WARNING] - Timeout '0' is invalid. Using default page load timeout: '30'

2020-03-20 11:41:00 - [MESSAGE][PASSED] - Object 'Object Repository/ADMIN/Edit Text/Bespoke/Buyer Pages/Homepage/toaster_success' is visible]]></system-out>
         <system-err><![CDATA[]]></system-err>
      </testcase>
      <testcase name="Test Cases/ADMIN/Language/Edit Text/Bespoke/Seller/Delivery Settings" time="8.265" classname="Test Cases/ADMIN/Language/Edit Text/Bespoke/Seller/Delivery Settings" status="PASSED">
         <system-out><![CDATA[2020-03-20 11:41:00 - [TEST_CASE][PASSED] - Test Cases/ADMIN/Language/Edit Text/Bespoke/Seller/Delivery Settings: Test Cases/ADMIN/Language/Edit Text/Bespoke/Seller/Delivery Settings

2020-03-20 11:41:00 - [TEST_STEP][PASSED] - waitForElementVisible(findTestObject("ADMIN/Edit Text/Bespoke/Buyer Navigation/dd_language"), 0): Object 'Object Repository/ADMIN/Edit Text/Bespoke/Buyer Navigation/dd_language' is visible

2020-03-20 11:41:00 - [MESSAGE][WARNING] - Timeout '0' is invalid. Using default page load timeout: '30'

2020-03-20 11:41:00 - [MESSAGE][PASSED] - Object 'Object Repository/ADMIN/Edit Text/Bespoke/Buyer Navigation/dd_language' is visible

2020-03-20 11:41:00 - [TEST_STEP][PASSED] - selectOptionByLabel(findTestObject("ADMIN/Edit Text/Bespoke/Buyer Navigation/dd_language"), varLanguage, false): All options with label 'Indonesian' are selected in object 'Object Repository/ADMIN/Edit Text/Bespoke/Buyer Navigation/dd_language' 

2020-03-20 11:41:02 - [MESSAGE][PASSED] - All options with label 'Indonesian' are selected in object 'Object Repository/ADMIN/Edit Text/Bespoke/Buyer Navigation/dd_language' 

2020-03-20 11:41:02 - [TEST_STEP][PASSED] - sendKeys(findTestObject("ADMIN/Edit Text/Bespoke/Seller Pages/Delivery Settings/input_DELIVERY SETTINGS_DELIVERY_SETTINGS"), "*"): Keys '*' sent to object: 'Object Repository/ADMIN/Edit Text/Bespoke/Seller Pages/Delivery Settings/input_DELIVERY SETTINGS_DELIVERY_SETTINGS'

2020-03-20 11:41:02 - [MESSAGE][PASSED] - Keys '*' sent to object: 'Object Repository/ADMIN/Edit Text/Bespoke/Seller Pages/Delivery Settings/input_DELIVERY SETTINGS_DELIVERY_SETTINGS'

2020-03-20 11:41:02 - [TEST_STEP][PASSED] - sendKeys(findTestObject("ADMIN/Edit Text/Bespoke/Seller Pages/Delivery Settings/input_add del or pickup"), "*"): Keys '*' sent to object: 'Object Repository/ADMIN/Edit Text/Bespoke/Seller Pages/Delivery Settings/input_add del or pickup'

2020-03-20 11:41:02 - [MESSAGE][PASSED] - Keys '*' sent to object: 'Object Repository/ADMIN/Edit Text/Bespoke/Seller Pages/Delivery Settings/input_add del or pickup'

2020-03-20 11:41:02 - [TEST_STEP][PASSED] - sendKeys(findTestObject("ADMIN/Edit Text/Bespoke/Seller Pages/Delivery Settings/input_DELIVERY OPTIONS_DELIVERY_OPTIONS"), "*"): Keys '*' sent to object: 'Object Repository/ADMIN/Edit Text/Bespoke/Seller Pages/Delivery Settings/input_DELIVERY OPTIONS_DELIVERY_OPTIONS'

2020-03-20 11:41:02 - [MESSAGE][PASSED] - Keys '*' sent to object: 'Object Repository/ADMIN/Edit Text/Bespoke/Seller Pages/Delivery Settings/input_DELIVERY OPTIONS_DELIVERY_OPTIONS'

2020-03-20 11:41:02 - [TEST_STEP][PASSED] - sendKeys(findTestObject("ADMIN/Edit Text/Bespoke/Seller Pages/Delivery Settings/input_Add Delivery Options_select_delivery_method"), "*"): Keys '*' sent to object: 'Object Repository/ADMIN/Edit Text/Bespoke/Seller Pages/Delivery Settings/input_Add Delivery Options_select_delivery_method'

2020-03-20 11:41:03 - [MESSAGE][PASSED] - Keys '*' sent to object: 'Object Repository/ADMIN/Edit Text/Bespoke/Seller Pages/Delivery Settings/input_Add Delivery Options_select_delivery_method'

2020-03-20 11:41:03 - [TEST_STEP][PASSED] - sendKeys(findTestObject("ADMIN/Edit Text/Bespoke/Seller Pages/Delivery Settings/input_Name_Name"), "*"): Keys '*' sent to object: 'Object Repository/ADMIN/Edit Text/Bespoke/Seller Pages/Delivery Settings/input_Name_Name'

2020-03-20 11:41:03 - [MESSAGE][PASSED] - Keys '*' sent to object: 'Object Repository/ADMIN/Edit Text/Bespoke/Seller Pages/Delivery Settings/input_Name_Name'

2020-03-20 11:41:03 - [TEST_STEP][PASSED] - sendKeys(findTestObject("ADMIN/Edit Text/Bespoke/Seller Pages/Delivery Settings/input_DELIVERS TO_DELIVERS_TO"), "*"): Keys '*' sent to object: 'Object Repository/ADMIN/Edit Text/Bespoke/Seller Pages/Delivery Settings/input_DELIVERS TO_DELIVERS_TO'

2020-03-20 11:41:03 - [MESSAGE][PASSED] - Keys '*' sent to object: 'Object Repository/ADMIN/Edit Text/Bespoke/Seller Pages/Delivery Settings/input_DELIVERS TO_DELIVERS_TO'

2020-03-20 11:41:03 - [TEST_STEP][PASSED] - sendKeys(findTestObject("ADMIN/Edit Text/Bespoke/Seller Pages/Delivery Settings/input_PICK-UP OPTIONS_PICK-UP_OPTIONS"), "*"): Keys '*' sent to object: 'Object Repository/ADMIN/Edit Text/Bespoke/Seller Pages/Delivery Settings/input_PICK-UP OPTIONS_PICK-UP_OPTIONS'

2020-03-20 11:41:03 - [MESSAGE][PASSED] - Keys '*' sent to object: 'Object Repository/ADMIN/Edit Text/Bespoke/Seller Pages/Delivery Settings/input_PICK-UP OPTIONS_PICK-UP_OPTIONS'

2020-03-20 11:41:03 - [TEST_STEP][PASSED] - sendKeys(findTestObject("ADMIN/Edit Text/Bespoke/Seller Pages/Delivery Settings/input_Add Pick-up Options_Add_Pick-up_Options"), "*"): Keys '*' sent to object: 'Object Repository/ADMIN/Edit Text/Bespoke/Seller Pages/Delivery Settings/input_Add Pick-up Options_Add_Pick-up_Options'

2020-03-20 11:41:03 - [MESSAGE][PASSED] - Keys '*' sent to object: 'Object Repository/ADMIN/Edit Text/Bespoke/Seller Pages/Delivery Settings/input_Add Pick-up Options_Add_Pick-up_Options'

2020-03-20 11:41:03 - [TEST_STEP][PASSED] - sendKeys(findTestObject("ADMIN/Edit Text/Bespoke/Seller Pages/Delivery Settings/input_Define the full address where the buyer can pick up from_delivery_desc_used"), "*"): Keys '*' sent to object: 'Object Repository/ADMIN/Edit Text/Bespoke/Seller Pages/Delivery Settings/input_Define the full address where the buyer can pick up from_delivery_desc_used'

2020-03-20 11:41:03 - [MESSAGE][PASSED] - Keys '*' sent to object: 'Object Repository/ADMIN/Edit Text/Bespoke/Seller Pages/Delivery Settings/input_Define the full address where the buyer can pick up from_delivery_desc_used'

2020-03-20 11:41:03 - [TEST_STEP][PASSED] - sendKeys(findTestObject("ADMIN/Edit Text/Bespoke/Seller Pages/Delivery Settings/input_Delivers to_Delivers_to (1)"), "*"): Keys '*' sent to object: 'Object Repository/ADMIN/Edit Text/Bespoke/Seller Pages/Delivery Settings/input_Delivers to_Delivers_to (1)'

2020-03-20 11:41:04 - [MESSAGE][PASSED] - Keys '*' sent to object: 'Object Repository/ADMIN/Edit Text/Bespoke/Seller Pages/Delivery Settings/input_Delivers to_Delivers_to (1)'

2020-03-20 11:41:04 - [TEST_STEP][PASSED] - sendKeys(findTestObject("ADMIN/Edit Text/Bespoke/Seller Pages/Delivery Settings/input_Shipping rate by_Shipping_rate_by"), "*"): Keys '*' sent to object: 'Object Repository/ADMIN/Edit Text/Bespoke/Seller Pages/Delivery Settings/input_Shipping rate by_Shipping_rate_by'

2020-03-20 11:41:04 - [MESSAGE][PASSED] - Keys '*' sent to object: 'Object Repository/ADMIN/Edit Text/Bespoke/Seller Pages/Delivery Settings/input_Shipping rate by_Shipping_rate_by'

2020-03-20 11:41:04 - [TEST_STEP][PASSED] - sendKeys(findTestObject("ADMIN/Edit Text/Bespoke/Seller Pages/Delivery Settings/input_Delivering from_Delivering_from"), "*"): Keys '*' sent to object: 'Object Repository/ADMIN/Edit Text/Bespoke/Seller Pages/Delivery Settings/input_Delivering from_Delivering_from'

2020-03-20 11:41:04 - [MESSAGE][PASSED] - Keys '*' sent to object: 'Object Repository/ADMIN/Edit Text/Bespoke/Seller Pages/Delivery Settings/input_Delivering from_Delivering_from'

2020-03-20 11:41:04 - [TEST_STEP][PASSED] - sendKeys(findTestObject("ADMIN/Edit Text/Bespoke/Seller Pages/Delivery Settings/input_Delivery rates(s)_Shipping_rate_by"), "*"): Keys '*' sent to object: 'Object Repository/ADMIN/Edit Text/Bespoke/Seller Pages/Delivery Settings/input_Delivery rates(s)_Shipping_rate_by'

2020-03-20 11:41:04 - [MESSAGE][PASSED] - Keys '*' sent to object: 'Object Repository/ADMIN/Edit Text/Bespoke/Seller Pages/Delivery Settings/input_Delivery rates(s)_Shipping_rate_by'

2020-03-20 11:41:04 - [TEST_STEP][PASSED] - sendKeys(findTestObject("ADMIN/Edit Text/Bespoke/Seller Pages/Delivery Settings/input_Name_Name1"), "*"): Keys '*' sent to object: 'Object Repository/ADMIN/Edit Text/Bespoke/Seller Pages/Delivery Settings/input_Name_Name1'

2020-03-20 11:41:04 - [MESSAGE][PASSED] - Keys '*' sent to object: 'Object Repository/ADMIN/Edit Text/Bespoke/Seller Pages/Delivery Settings/input_Name_Name1'

2020-03-20 11:41:04 - [TEST_STEP][PASSED] - sendKeys(findTestObject("ADMIN/Edit Text/Bespoke/Seller Pages/Delivery Settings/input_Range_Range"), "*"): Keys '*' sent to object: 'Object Repository/ADMIN/Edit Text/Bespoke/Seller Pages/Delivery Settings/input_Range_Range'

2020-03-20 11:41:04 - [MESSAGE][PASSED] - Keys '*' sent to object: 'Object Repository/ADMIN/Edit Text/Bespoke/Seller Pages/Delivery Settings/input_Range_Range'

2020-03-20 11:41:04 - [TEST_STEP][PASSED] - sendKeys(findTestObject("ADMIN/Edit Text/Bespoke/Seller Pages/Delivery Settings/input_Delivery Cost_Delivery_Cost"), "*"): Keys '*' sent to object: 'Object Repository/ADMIN/Edit Text/Bespoke/Seller Pages/Delivery Settings/input_Delivery Cost_Delivery_Cost'

2020-03-20 11:41:05 - [MESSAGE][PASSED] - Keys '*' sent to object: 'Object Repository/ADMIN/Edit Text/Bespoke/Seller Pages/Delivery Settings/input_Delivery Cost_Delivery_Cost'

2020-03-20 11:41:05 - [TEST_STEP][PASSED] - sendKeys(findTestObject("ADMIN/Edit Text/Bespoke/Seller Pages/Delivery Settings/input_Okay_Range"), "*"): Keys '*' sent to object: 'Object Repository/ADMIN/Edit Text/Bespoke/Seller Pages/Delivery Settings/input_Okay_Range'

2020-03-20 11:41:05 - [MESSAGE][PASSED] - Keys '*' sent to object: 'Object Repository/ADMIN/Edit Text/Bespoke/Seller Pages/Delivery Settings/input_Okay_Range'

2020-03-20 11:41:05 - [TEST_STEP][PASSED] - sendKeys(findTestObject("ADMIN/Edit Text/Bespoke/Seller Pages/Delivery Settings/input_ADDEDIT DELIVERY OPTION_Add_edit_delivery_option"), "*"): Keys '*' sent to object: 'Object Repository/ADMIN/Edit Text/Bespoke/Seller Pages/Delivery Settings/input_ADDEDIT DELIVERY OPTION_Add_edit_delivery_option'

2020-03-20 11:41:05 - [MESSAGE][PASSED] - Keys '*' sent to object: 'Object Repository/ADMIN/Edit Text/Bespoke/Seller Pages/Delivery Settings/input_ADDEDIT DELIVERY OPTION_Add_edit_delivery_option'

2020-03-20 11:41:05 - [TEST_STEP][PASSED] - sendKeys(findTestObject("ADMIN/Edit Text/Bespoke/Seller Pages/Delivery Settings/input_Define the locations available and the rates for the delivery option_Define_the_locations_available_and_the_rates_for_the_delivery_option"), "*"): Keys '*' sent to object: 'Object Repository/ADMIN/Edit Text/Bespoke/Seller Pages/Delivery Settings/input_Define the locations available and the rates for the delivery option_Define_the_locations_available_and_the_rates_for_the_delivery_option'

2020-03-20 11:41:05 - [MESSAGE][PASSED] - Keys '*' sent to object: 'Object Repository/ADMIN/Edit Text/Bespoke/Seller Pages/Delivery Settings/input_Define the locations available and the rates for the delivery option_Define_the_locations_available_and_the_rates_for_the_delivery_option'

2020-03-20 11:41:05 - [TEST_STEP][PASSED] - sendKeys(findTestObject("ADMIN/Edit Text/Bespoke/Seller Pages/Delivery Settings/input_DELIVERY OPTION SETTINGS_DELIVERY_OPTIONS_SETTINGS"), "*"): Keys '*' sent to object: 'Object Repository/ADMIN/Edit Text/Bespoke/Seller Pages/Delivery Settings/input_DELIVERY OPTION SETTINGS_DELIVERY_OPTIONS_SETTINGS'

2020-03-20 11:41:05 - [MESSAGE][PASSED] - Keys '*' sent to object: 'Object Repository/ADMIN/Edit Text/Bespoke/Seller Pages/Delivery Settings/input_DELIVERY OPTION SETTINGS_DELIVERY_OPTIONS_SETTINGS'

2020-03-20 11:41:05 - [TEST_STEP][PASSED] - sendKeys(findTestObject("ADMIN/Edit Text/Bespoke/Seller Pages/Delivery Settings/input_DELIVERY OPTION NAME_DELIVERY_OPTION_NAME"), "*"): Keys '*' sent to object: 'Object Repository/ADMIN/Edit Text/Bespoke/Seller Pages/Delivery Settings/input_DELIVERY OPTION NAME_DELIVERY_OPTION_NAME'

2020-03-20 11:41:05 - [MESSAGE][PASSED] - Keys '*' sent to object: 'Object Repository/ADMIN/Edit Text/Bespoke/Seller Pages/Delivery Settings/input_DELIVERY OPTION NAME_DELIVERY_OPTION_NAME'

2020-03-20 11:41:05 - [TEST_STEP][PASSED] - sendKeys(findTestObject("ADMIN/Edit Text/Bespoke/Seller Pages/Delivery Settings/input_delivers to3"), "*"): Keys '*' sent to object: 'Object Repository/ADMIN/Edit Text/Bespoke/Seller Pages/Delivery Settings/input_delivers to3'

2020-03-20 11:41:05 - [MESSAGE][PASSED] - Keys '*' sent to object: 'Object Repository/ADMIN/Edit Text/Bespoke/Seller Pages/Delivery Settings/input_delivers to3'

2020-03-20 11:41:05 - [TEST_STEP][PASSED] - sendKeys(findTestObject("ADMIN/Edit Text/Bespoke/Seller Pages/Delivery Settings/input_MINIMUM LEAD TIME_Minimum_lead_time"), "*"): Keys '*' sent to object: 'Object Repository/ADMIN/Edit Text/Bespoke/Seller Pages/Delivery Settings/input_MINIMUM LEAD TIME_Minimum_lead_time'

2020-03-20 11:41:05 - [MESSAGE][PASSED] - Keys '*' sent to object: 'Object Repository/ADMIN/Edit Text/Bespoke/Seller Pages/Delivery Settings/input_MINIMUM LEAD TIME_Minimum_lead_time'

2020-03-20 11:41:05 - [TEST_STEP][PASSED] - sendKeys(findTestObject("ADMIN/Edit Text/Bespoke/Seller Pages/Delivery Settings/input_WHERE ARE YOU DELIVERING FROM_Where_are_you_delivering_from"), "*"): Keys '*' sent to object: 'Object Repository/ADMIN/Edit Text/Bespoke/Seller Pages/Delivery Settings/input_WHERE ARE YOU DELIVERING FROM_Where_are_you_delivering_from'

2020-03-20 11:41:06 - [MESSAGE][PASSED] - Keys '*' sent to object: 'Object Repository/ADMIN/Edit Text/Bespoke/Seller Pages/Delivery Settings/input_WHERE ARE YOU DELIVERING FROM_Where_are_you_delivering_from'

2020-03-20 11:41:06 - [TEST_STEP][PASSED] - sendKeys(findTestObject("ADMIN/Edit Text/Bespoke/Seller Pages/Delivery Settings/input_Select if you would like to calculate shipping by total order weight or total order price_total_order_weight_or_total_order_price"), "*"): Keys '*' sent to object: 'Object Repository/ADMIN/Edit Text/Bespoke/Seller Pages/Delivery Settings/input_Select if you would like to calculate shipping by total order weight or total order price_total_order_weight_or_total_order_price'

2020-03-20 11:41:06 - [MESSAGE][PASSED] - Keys '*' sent to object: 'Object Repository/ADMIN/Edit Text/Bespoke/Seller Pages/Delivery Settings/input_Select if you would like to calculate shipping by total order weight or total order price_total_order_weight_or_total_order_price'

2020-03-20 11:41:06 - [TEST_STEP][PASSED] - sendKeys(findTestObject("ADMIN/Edit Text/Bespoke/Seller Pages/Delivery Settings/input_Weight_Weight"), "*"): Keys '*' sent to object: 'Object Repository/ADMIN/Edit Text/Bespoke/Seller Pages/Delivery Settings/input_Weight_Weight'

2020-03-20 11:41:06 - [MESSAGE][PASSED] - Keys '*' sent to object: 'Object Repository/ADMIN/Edit Text/Bespoke/Seller Pages/Delivery Settings/input_Weight_Weight'

2020-03-20 11:41:06 - [TEST_STEP][PASSED] - sendKeys(findTestObject("ADMIN/Edit Text/Bespoke/Seller Pages/Delivery Settings/input_Price_Price"), "*"): Keys '*' sent to object: 'Object Repository/ADMIN/Edit Text/Bespoke/Seller Pages/Delivery Settings/input_Price_Price'

2020-03-20 11:41:06 - [MESSAGE][PASSED] - Keys '*' sent to object: 'Object Repository/ADMIN/Edit Text/Bespoke/Seller Pages/Delivery Settings/input_Price_Price'

2020-03-20 11:41:06 - [TEST_STEP][PASSED] - sendKeys(findTestObject("ADMIN/Edit Text/Bespoke/Seller Pages/Delivery Settings/input_Delivery Rate(s)_DelDelivery_Rates"), "*"): Keys '*' sent to object: 'Object Repository/ADMIN/Edit Text/Bespoke/Seller Pages/Delivery Settings/input_Delivery Rate(s)_DelDelivery_Rates'

2020-03-20 11:41:06 - [MESSAGE][PASSED] - Keys '*' sent to object: 'Object Repository/ADMIN/Edit Text/Bespoke/Seller Pages/Delivery Settings/input_Delivery Rate(s)_DelDelivery_Rates'

2020-03-20 11:41:06 - [TEST_STEP][PASSED] - sendKeys(findTestObject("ADMIN/Edit Text/Bespoke/Seller Pages/Delivery Settings/input_NAME_Name (1)"), "*"): Keys '*' sent to object: 'Object Repository/ADMIN/Edit Text/Bespoke/Seller Pages/Delivery Settings/input_NAME_Name (1)'

2020-03-20 11:41:06 - [MESSAGE][PASSED] - Keys '*' sent to object: 'Object Repository/ADMIN/Edit Text/Bespoke/Seller Pages/Delivery Settings/input_NAME_Name (1)'

2020-03-20 11:41:06 - [TEST_STEP][PASSED] - sendKeys(findTestObject("ADMIN/Edit Text/Bespoke/Seller Pages/Delivery Settings/input_RANGE_Range (1)"), "*"): Keys '*' sent to object: 'Object Repository/ADMIN/Edit Text/Bespoke/Seller Pages/Delivery Settings/input_RANGE_Range (1)'

2020-03-20 11:41:06 - [MESSAGE][PASSED] - Keys '*' sent to object: 'Object Repository/ADMIN/Edit Text/Bespoke/Seller Pages/Delivery Settings/input_RANGE_Range (1)'

2020-03-20 11:41:06 - [TEST_STEP][PASSED] - sendKeys(findTestObject("ADMIN/Edit Text/Bespoke/Seller Pages/Delivery Settings/input_DELIVERY COST_Delivery_Cost (1)"), "*"): Keys '*' sent to object: 'Object Repository/ADMIN/Edit Text/Bespoke/Seller Pages/Delivery Settings/input_DELIVERY COST_Delivery_Cost (1)'

2020-03-20 11:41:06 - [MESSAGE][PASSED] - Keys '*' sent to object: 'Object Repository/ADMIN/Edit Text/Bespoke/Seller Pages/Delivery Settings/input_DELIVERY COST_Delivery_Cost (1)'

2020-03-20 11:41:06 - [TEST_STEP][PASSED] - sendKeys(findTestObject("ADMIN/Edit Text/Bespoke/Seller Pages/Delivery Settings/input_Onwards_Onwards"), "*"): Keys '*' sent to object: 'Object Repository/ADMIN/Edit Text/Bespoke/Seller Pages/Delivery Settings/input_Onwards_Onwards'

2020-03-20 11:41:07 - [MESSAGE][PASSED] - Keys '*' sent to object: 'Object Repository/ADMIN/Edit Text/Bespoke/Seller Pages/Delivery Settings/input_Onwards_Onwards'

2020-03-20 11:41:07 - [TEST_STEP][PASSED] - sendKeys(findTestObject("ADMIN/Edit Text/Bespoke/Seller Pages/Delivery Settings/input_Add Delivery Rate_Add_Delivery_Rate"), "*"): Keys '*' sent to object: 'Object Repository/ADMIN/Edit Text/Bespoke/Seller Pages/Delivery Settings/input_Add Delivery Rate_Add_Delivery_Rate'

2020-03-20 11:41:07 - [MESSAGE][PASSED] - Keys '*' sent to object: 'Object Repository/ADMIN/Edit Text/Bespoke/Seller Pages/Delivery Settings/input_Add Delivery Rate_Add_Delivery_Rate'

2020-03-20 11:41:07 - [TEST_STEP][PASSED] - sendKeys(findTestObject("ADMIN/Edit Text/Bespoke/Seller Pages/Delivery Settings/input_Delivery Rate Name (Buyers will not see this)_Delivery_Rate_Name"), "*"): Keys '*' sent to object: 'Object Repository/ADMIN/Edit Text/Bespoke/Seller Pages/Delivery Settings/input_Delivery Rate Name (Buyers will not see this)_Delivery_Rate_Name'

2020-03-20 11:41:07 - [MESSAGE][PASSED] - Keys '*' sent to object: 'Object Repository/ADMIN/Edit Text/Bespoke/Seller Pages/Delivery Settings/input_Delivery Rate Name (Buyers will not see this)_Delivery_Rate_Name'

2020-03-20 11:41:07 - [TEST_STEP][PASSED] - sendKeys(findTestObject("ADMIN/Edit Text/Bespoke/Seller Pages/Delivery Settings/input_To_To"), "*"): Keys '*' sent to object: 'Object Repository/ADMIN/Edit Text/Bespoke/Seller Pages/Delivery Settings/input_To_To'

2020-03-20 11:41:07 - [MESSAGE][PASSED] - Keys '*' sent to object: 'Object Repository/ADMIN/Edit Text/Bespoke/Seller Pages/Delivery Settings/input_To_To'

2020-03-20 11:41:07 - [TEST_STEP][PASSED] - sendKeys(findTestObject("ADMIN/Edit Text/Bespoke/Seller Pages/Delivery Settings/input_delivery cost4"), "*"): Keys '*' sent to object: 'Object Repository/ADMIN/Edit Text/Bespoke/Seller Pages/Delivery Settings/input_delivery cost4'

2020-03-20 11:41:07 - [MESSAGE][PASSED] - Keys '*' sent to object: 'Object Repository/ADMIN/Edit Text/Bespoke/Seller Pages/Delivery Settings/input_delivery cost4'

2020-03-20 11:41:07 - [TEST_STEP][PASSED] - sendKeys(findTestObject("ADMIN/Edit Text/Bespoke/Seller Pages/Delivery Settings/input_Save_Save"), "*"): Keys '*' sent to object: 'Object Repository/ADMIN/Edit Text/Bespoke/Seller Pages/Delivery Settings/input_Save_Save'

2020-03-20 11:41:07 - [MESSAGE][PASSED] - Keys '*' sent to object: 'Object Repository/ADMIN/Edit Text/Bespoke/Seller Pages/Delivery Settings/input_Save_Save'

2020-03-20 11:41:07 - [TEST_STEP][PASSED] - sendKeys(findTestObject("ADMIN/Edit Text/Bespoke/Seller Pages/Delivery Settings/input_Cancel_Cancel"), "*"): Keys '*' sent to object: 'Object Repository/ADMIN/Edit Text/Bespoke/Seller Pages/Delivery Settings/input_Cancel_Cancel'

2020-03-20 11:41:07 - [MESSAGE][PASSED] - Keys '*' sent to object: 'Object Repository/ADMIN/Edit Text/Bespoke/Seller Pages/Delivery Settings/input_Cancel_Cancel'

2020-03-20 11:41:07 - [TEST_STEP][PASSED] - click(findTestObject("ADMIN/Edit Text/Bespoke/Buyer Pages/Homepage/button_save"), CONTINUE_ON_FAILURE): Object: 'Object Repository/ADMIN/Edit Text/Bespoke/Buyer Pages/Homepage/button_save' is clicked on

2020-03-20 11:41:07 - [MESSAGE][PASSED] - Object: 'Object Repository/ADMIN/Edit Text/Bespoke/Buyer Pages/Homepage/button_save' is clicked on

2020-03-20 11:41:07 - [TEST_STEP][PASSED] - waitForElementVisible(findTestObject("ADMIN/Edit Text/Bespoke/Buyer Pages/Homepage/toaster_success"), 0): Object 'Object Repository/ADMIN/Edit Text/Bespoke/Buyer Pages/Homepage/toaster_success' is visible

2020-03-20 11:41:07 - [MESSAGE][WARNING] - Timeout '0' is invalid. Using default page load timeout: '30'

2020-03-20 11:41:08 - [MESSAGE][PASSED] - Object 'Object Repository/ADMIN/Edit Text/Bespoke/Buyer Pages/Homepage/toaster_success' is visible]]></system-out>
         <system-err><![CDATA[]]></system-err>
      </testcase>
      <testcase name="Test Cases/ADMIN/Language/Edit Text/Bespoke/Seller/Delivery Settings" time="8.854" classname="Test Cases/ADMIN/Language/Edit Text/Bespoke/Seller/Delivery Settings" status="PASSED">
         <system-out><![CDATA[2020-03-20 11:41:08 - [TEST_CASE][PASSED] - Test Cases/ADMIN/Language/Edit Text/Bespoke/Seller/Delivery Settings: Test Cases/ADMIN/Language/Edit Text/Bespoke/Seller/Delivery Settings

2020-03-20 11:41:08 - [TEST_STEP][PASSED] - waitForElementVisible(findTestObject("ADMIN/Edit Text/Bespoke/Buyer Navigation/dd_language"), 0): Object 'Object Repository/ADMIN/Edit Text/Bespoke/Buyer Navigation/dd_language' is visible

2020-03-20 11:41:08 - [MESSAGE][WARNING] - Timeout '0' is invalid. Using default page load timeout: '30'

2020-03-20 11:41:08 - [MESSAGE][PASSED] - Object 'Object Repository/ADMIN/Edit Text/Bespoke/Buyer Navigation/dd_language' is visible

2020-03-20 11:41:08 - [TEST_STEP][PASSED] - selectOptionByLabel(findTestObject("ADMIN/Edit Text/Bespoke/Buyer Navigation/dd_language"), varLanguage, false): All options with label 'Russian' are selected in object 'Object Repository/ADMIN/Edit Text/Bespoke/Buyer Navigation/dd_language' 

2020-03-20 11:41:09 - [MESSAGE][PASSED] - All options with label 'Russian' are selected in object 'Object Repository/ADMIN/Edit Text/Bespoke/Buyer Navigation/dd_language' 

2020-03-20 11:41:09 - [TEST_STEP][PASSED] - sendKeys(findTestObject("ADMIN/Edit Text/Bespoke/Seller Pages/Delivery Settings/input_DELIVERY SETTINGS_DELIVERY_SETTINGS"), "*"): Keys '*' sent to object: 'Object Repository/ADMIN/Edit Text/Bespoke/Seller Pages/Delivery Settings/input_DELIVERY SETTINGS_DELIVERY_SETTINGS'

2020-03-20 11:41:10 - [MESSAGE][PASSED] - Keys '*' sent to object: 'Object Repository/ADMIN/Edit Text/Bespoke/Seller Pages/Delivery Settings/input_DELIVERY SETTINGS_DELIVERY_SETTINGS'

2020-03-20 11:41:10 - [TEST_STEP][PASSED] - sendKeys(findTestObject("ADMIN/Edit Text/Bespoke/Seller Pages/Delivery Settings/input_add del or pickup"), "*"): Keys '*' sent to object: 'Object Repository/ADMIN/Edit Text/Bespoke/Seller Pages/Delivery Settings/input_add del or pickup'

2020-03-20 11:41:10 - [MESSAGE][PASSED] - Keys '*' sent to object: 'Object Repository/ADMIN/Edit Text/Bespoke/Seller Pages/Delivery Settings/input_add del or pickup'

2020-03-20 11:41:10 - [TEST_STEP][PASSED] - sendKeys(findTestObject("ADMIN/Edit Text/Bespoke/Seller Pages/Delivery Settings/input_DELIVERY OPTIONS_DELIVERY_OPTIONS"), "*"): Keys '*' sent to object: 'Object Repository/ADMIN/Edit Text/Bespoke/Seller Pages/Delivery Settings/input_DELIVERY OPTIONS_DELIVERY_OPTIONS'

2020-03-20 11:41:11 - [MESSAGE][PASSED] - Keys '*' sent to object: 'Object Repository/ADMIN/Edit Text/Bespoke/Seller Pages/Delivery Settings/input_DELIVERY OPTIONS_DELIVERY_OPTIONS'

2020-03-20 11:41:11 - [TEST_STEP][PASSED] - sendKeys(findTestObject("ADMIN/Edit Text/Bespoke/Seller Pages/Delivery Settings/input_Add Delivery Options_select_delivery_method"), "*"): Keys '*' sent to object: 'Object Repository/ADMIN/Edit Text/Bespoke/Seller Pages/Delivery Settings/input_Add Delivery Options_select_delivery_method'

2020-03-20 11:41:11 - [MESSAGE][PASSED] - Keys '*' sent to object: 'Object Repository/ADMIN/Edit Text/Bespoke/Seller Pages/Delivery Settings/input_Add Delivery Options_select_delivery_method'

2020-03-20 11:41:11 - [TEST_STEP][PASSED] - sendKeys(findTestObject("ADMIN/Edit Text/Bespoke/Seller Pages/Delivery Settings/input_Name_Name"), "*"): Keys '*' sent to object: 'Object Repository/ADMIN/Edit Text/Bespoke/Seller Pages/Delivery Settings/input_Name_Name'

2020-03-20 11:41:11 - [MESSAGE][PASSED] - Keys '*' sent to object: 'Object Repository/ADMIN/Edit Text/Bespoke/Seller Pages/Delivery Settings/input_Name_Name'

2020-03-20 11:41:11 - [TEST_STEP][PASSED] - sendKeys(findTestObject("ADMIN/Edit Text/Bespoke/Seller Pages/Delivery Settings/input_DELIVERS TO_DELIVERS_TO"), "*"): Keys '*' sent to object: 'Object Repository/ADMIN/Edit Text/Bespoke/Seller Pages/Delivery Settings/input_DELIVERS TO_DELIVERS_TO'

2020-03-20 11:41:11 - [MESSAGE][PASSED] - Keys '*' sent to object: 'Object Repository/ADMIN/Edit Text/Bespoke/Seller Pages/Delivery Settings/input_DELIVERS TO_DELIVERS_TO'

2020-03-20 11:41:11 - [TEST_STEP][PASSED] - sendKeys(findTestObject("ADMIN/Edit Text/Bespoke/Seller Pages/Delivery Settings/input_PICK-UP OPTIONS_PICK-UP_OPTIONS"), "*"): Keys '*' sent to object: 'Object Repository/ADMIN/Edit Text/Bespoke/Seller Pages/Delivery Settings/input_PICK-UP OPTIONS_PICK-UP_OPTIONS'

2020-03-20 11:41:11 - [MESSAGE][PASSED] - Keys '*' sent to object: 'Object Repository/ADMIN/Edit Text/Bespoke/Seller Pages/Delivery Settings/input_PICK-UP OPTIONS_PICK-UP_OPTIONS'

2020-03-20 11:41:11 - [TEST_STEP][PASSED] - sendKeys(findTestObject("ADMIN/Edit Text/Bespoke/Seller Pages/Delivery Settings/input_Add Pick-up Options_Add_Pick-up_Options"), "*"): Keys '*' sent to object: 'Object Repository/ADMIN/Edit Text/Bespoke/Seller Pages/Delivery Settings/input_Add Pick-up Options_Add_Pick-up_Options'

2020-03-20 11:41:12 - [MESSAGE][PASSED] - Keys '*' sent to object: 'Object Repository/ADMIN/Edit Text/Bespoke/Seller Pages/Delivery Settings/input_Add Pick-up Options_Add_Pick-up_Options'

2020-03-20 11:41:12 - [TEST_STEP][PASSED] - sendKeys(findTestObject("ADMIN/Edit Text/Bespoke/Seller Pages/Delivery Settings/input_Define the full address where the buyer can pick up from_delivery_desc_used"), "*"): Keys '*' sent to object: 'Object Repository/ADMIN/Edit Text/Bespoke/Seller Pages/Delivery Settings/input_Define the full address where the buyer can pick up from_delivery_desc_used'

2020-03-20 11:41:12 - [MESSAGE][PASSED] - Keys '*' sent to object: 'Object Repository/ADMIN/Edit Text/Bespoke/Seller Pages/Delivery Settings/input_Define the full address where the buyer can pick up from_delivery_desc_used'

2020-03-20 11:41:12 - [TEST_STEP][PASSED] - sendKeys(findTestObject("ADMIN/Edit Text/Bespoke/Seller Pages/Delivery Settings/input_Delivers to_Delivers_to (1)"), "*"): Keys '*' sent to object: 'Object Repository/ADMIN/Edit Text/Bespoke/Seller Pages/Delivery Settings/input_Delivers to_Delivers_to (1)'

2020-03-20 11:41:12 - [MESSAGE][PASSED] - Keys '*' sent to object: 'Object Repository/ADMIN/Edit Text/Bespoke/Seller Pages/Delivery Settings/input_Delivers to_Delivers_to (1)'

2020-03-20 11:41:12 - [TEST_STEP][PASSED] - sendKeys(findTestObject("ADMIN/Edit Text/Bespoke/Seller Pages/Delivery Settings/input_Shipping rate by_Shipping_rate_by"), "*"): Keys '*' sent to object: 'Object Repository/ADMIN/Edit Text/Bespoke/Seller Pages/Delivery Settings/input_Shipping rate by_Shipping_rate_by'

2020-03-20 11:41:12 - [MESSAGE][PASSED] - Keys '*' sent to object: 'Object Repository/ADMIN/Edit Text/Bespoke/Seller Pages/Delivery Settings/input_Shipping rate by_Shipping_rate_by'

2020-03-20 11:41:12 - [TEST_STEP][PASSED] - sendKeys(findTestObject("ADMIN/Edit Text/Bespoke/Seller Pages/Delivery Settings/input_Delivering from_Delivering_from"), "*"): Keys '*' sent to object: 'Object Repository/ADMIN/Edit Text/Bespoke/Seller Pages/Delivery Settings/input_Delivering from_Delivering_from'

2020-03-20 11:41:12 - [MESSAGE][PASSED] - Keys '*' sent to object: 'Object Repository/ADMIN/Edit Text/Bespoke/Seller Pages/Delivery Settings/input_Delivering from_Delivering_from'

2020-03-20 11:41:12 - [TEST_STEP][PASSED] - sendKeys(findTestObject("ADMIN/Edit Text/Bespoke/Seller Pages/Delivery Settings/input_Delivery rates(s)_Shipping_rate_by"), "*"): Keys '*' sent to object: 'Object Repository/ADMIN/Edit Text/Bespoke/Seller Pages/Delivery Settings/input_Delivery rates(s)_Shipping_rate_by'

2020-03-20 11:41:12 - [MESSAGE][PASSED] - Keys '*' sent to object: 'Object Repository/ADMIN/Edit Text/Bespoke/Seller Pages/Delivery Settings/input_Delivery rates(s)_Shipping_rate_by'

2020-03-20 11:41:12 - [TEST_STEP][PASSED] - sendKeys(findTestObject("ADMIN/Edit Text/Bespoke/Seller Pages/Delivery Settings/input_Name_Name1"), "*"): Keys '*' sent to object: 'Object Repository/ADMIN/Edit Text/Bespoke/Seller Pages/Delivery Settings/input_Name_Name1'

2020-03-20 11:41:12 - [MESSAGE][PASSED] - Keys '*' sent to object: 'Object Repository/ADMIN/Edit Text/Bespoke/Seller Pages/Delivery Settings/input_Name_Name1'

2020-03-20 11:41:12 - [TEST_STEP][PASSED] - sendKeys(findTestObject("ADMIN/Edit Text/Bespoke/Seller Pages/Delivery Settings/input_Range_Range"), "*"): Keys '*' sent to object: 'Object Repository/ADMIN/Edit Text/Bespoke/Seller Pages/Delivery Settings/input_Range_Range'

2020-03-20 11:41:12 - [MESSAGE][PASSED] - Keys '*' sent to object: 'Object Repository/ADMIN/Edit Text/Bespoke/Seller Pages/Delivery Settings/input_Range_Range'

2020-03-20 11:41:12 - [TEST_STEP][PASSED] - sendKeys(findTestObject("ADMIN/Edit Text/Bespoke/Seller Pages/Delivery Settings/input_Delivery Cost_Delivery_Cost"), "*"): Keys '*' sent to object: 'Object Repository/ADMIN/Edit Text/Bespoke/Seller Pages/Delivery Settings/input_Delivery Cost_Delivery_Cost'

2020-03-20 11:41:13 - [MESSAGE][PASSED] - Keys '*' sent to object: 'Object Repository/ADMIN/Edit Text/Bespoke/Seller Pages/Delivery Settings/input_Delivery Cost_Delivery_Cost'

2020-03-20 11:41:13 - [TEST_STEP][PASSED] - sendKeys(findTestObject("ADMIN/Edit Text/Bespoke/Seller Pages/Delivery Settings/input_Okay_Range"), "*"): Keys '*' sent to object: 'Object Repository/ADMIN/Edit Text/Bespoke/Seller Pages/Delivery Settings/input_Okay_Range'

2020-03-20 11:41:13 - [MESSAGE][PASSED] - Keys '*' sent to object: 'Object Repository/ADMIN/Edit Text/Bespoke/Seller Pages/Delivery Settings/input_Okay_Range'

2020-03-20 11:41:13 - [TEST_STEP][PASSED] - sendKeys(findTestObject("ADMIN/Edit Text/Bespoke/Seller Pages/Delivery Settings/input_ADDEDIT DELIVERY OPTION_Add_edit_delivery_option"), "*"): Keys '*' sent to object: 'Object Repository/ADMIN/Edit Text/Bespoke/Seller Pages/Delivery Settings/input_ADDEDIT DELIVERY OPTION_Add_edit_delivery_option'

2020-03-20 11:41:13 - [MESSAGE][PASSED] - Keys '*' sent to object: 'Object Repository/ADMIN/Edit Text/Bespoke/Seller Pages/Delivery Settings/input_ADDEDIT DELIVERY OPTION_Add_edit_delivery_option'

2020-03-20 11:41:13 - [TEST_STEP][PASSED] - sendKeys(findTestObject("ADMIN/Edit Text/Bespoke/Seller Pages/Delivery Settings/input_Define the locations available and the rates for the delivery option_Define_the_locations_available_and_the_rates_for_the_delivery_option"), "*"): Keys '*' sent to object: 'Object Repository/ADMIN/Edit Text/Bespoke/Seller Pages/Delivery Settings/input_Define the locations available and the rates for the delivery option_Define_the_locations_available_and_the_rates_for_the_delivery_option'

2020-03-20 11:41:13 - [MESSAGE][PASSED] - Keys '*' sent to object: 'Object Repository/ADMIN/Edit Text/Bespoke/Seller Pages/Delivery Settings/input_Define the locations available and the rates for the delivery option_Define_the_locations_available_and_the_rates_for_the_delivery_option'

2020-03-20 11:41:13 - [TEST_STEP][PASSED] - sendKeys(findTestObject("ADMIN/Edit Text/Bespoke/Seller Pages/Delivery Settings/input_DELIVERY OPTION SETTINGS_DELIVERY_OPTIONS_SETTINGS"), "*"): Keys '*' sent to object: 'Object Repository/ADMIN/Edit Text/Bespoke/Seller Pages/Delivery Settings/input_DELIVERY OPTION SETTINGS_DELIVERY_OPTIONS_SETTINGS'

2020-03-20 11:41:13 - [MESSAGE][PASSED] - Keys '*' sent to object: 'Object Repository/ADMIN/Edit Text/Bespoke/Seller Pages/Delivery Settings/input_DELIVERY OPTION SETTINGS_DELIVERY_OPTIONS_SETTINGS'

2020-03-20 11:41:13 - [TEST_STEP][PASSED] - sendKeys(findTestObject("ADMIN/Edit Text/Bespoke/Seller Pages/Delivery Settings/input_DELIVERY OPTION NAME_DELIVERY_OPTION_NAME"), "*"): Keys '*' sent to object: 'Object Repository/ADMIN/Edit Text/Bespoke/Seller Pages/Delivery Settings/input_DELIVERY OPTION NAME_DELIVERY_OPTION_NAME'

2020-03-20 11:41:13 - [MESSAGE][PASSED] - Keys '*' sent to object: 'Object Repository/ADMIN/Edit Text/Bespoke/Seller Pages/Delivery Settings/input_DELIVERY OPTION NAME_DELIVERY_OPTION_NAME'

2020-03-20 11:41:13 - [TEST_STEP][PASSED] - sendKeys(findTestObject("ADMIN/Edit Text/Bespoke/Seller Pages/Delivery Settings/input_delivers to3"), "*"): Keys '*' sent to object: 'Object Repository/ADMIN/Edit Text/Bespoke/Seller Pages/Delivery Settings/input_delivers to3'

2020-03-20 11:41:14 - [MESSAGE][PASSED] - Keys '*' sent to object: 'Object Repository/ADMIN/Edit Text/Bespoke/Seller Pages/Delivery Settings/input_delivers to3'

2020-03-20 11:41:14 - [TEST_STEP][PASSED] - sendKeys(findTestObject("ADMIN/Edit Text/Bespoke/Seller Pages/Delivery Settings/input_MINIMUM LEAD TIME_Minimum_lead_time"), "*"): Keys '*' sent to object: 'Object Repository/ADMIN/Edit Text/Bespoke/Seller Pages/Delivery Settings/input_MINIMUM LEAD TIME_Minimum_lead_time'

2020-03-20 11:41:14 - [MESSAGE][PASSED] - Keys '*' sent to object: 'Object Repository/ADMIN/Edit Text/Bespoke/Seller Pages/Delivery Settings/input_MINIMUM LEAD TIME_Minimum_lead_time'

2020-03-20 11:41:14 - [TEST_STEP][PASSED] - sendKeys(findTestObject("ADMIN/Edit Text/Bespoke/Seller Pages/Delivery Settings/input_WHERE ARE YOU DELIVERING FROM_Where_are_you_delivering_from"), "*"): Keys '*' sent to object: 'Object Repository/ADMIN/Edit Text/Bespoke/Seller Pages/Delivery Settings/input_WHERE ARE YOU DELIVERING FROM_Where_are_you_delivering_from'

2020-03-20 11:41:14 - [MESSAGE][PASSED] - Keys '*' sent to object: 'Object Repository/ADMIN/Edit Text/Bespoke/Seller Pages/Delivery Settings/input_WHERE ARE YOU DELIVERING FROM_Where_are_you_delivering_from'

2020-03-20 11:41:14 - [TEST_STEP][PASSED] - sendKeys(findTestObject("ADMIN/Edit Text/Bespoke/Seller Pages/Delivery Settings/input_Select if you would like to calculate shipping by total order weight or total order price_total_order_weight_or_total_order_price"), "*"): Keys '*' sent to object: 'Object Repository/ADMIN/Edit Text/Bespoke/Seller Pages/Delivery Settings/input_Select if you would like to calculate shipping by total order weight or total order price_total_order_weight_or_total_order_price'

2020-03-20 11:41:14 - [MESSAGE][PASSED] - Keys '*' sent to object: 'Object Repository/ADMIN/Edit Text/Bespoke/Seller Pages/Delivery Settings/input_Select if you would like to calculate shipping by total order weight or total order price_total_order_weight_or_total_order_price'

2020-03-20 11:41:14 - [TEST_STEP][PASSED] - sendKeys(findTestObject("ADMIN/Edit Text/Bespoke/Seller Pages/Delivery Settings/input_Weight_Weight"), "*"): Keys '*' sent to object: 'Object Repository/ADMIN/Edit Text/Bespoke/Seller Pages/Delivery Settings/input_Weight_Weight'

2020-03-20 11:41:14 - [MESSAGE][PASSED] - Keys '*' sent to object: 'Object Repository/ADMIN/Edit Text/Bespoke/Seller Pages/Delivery Settings/input_Weight_Weight'

2020-03-20 11:41:14 - [TEST_STEP][PASSED] - sendKeys(findTestObject("ADMIN/Edit Text/Bespoke/Seller Pages/Delivery Settings/input_Price_Price"), "*"): Keys '*' sent to object: 'Object Repository/ADMIN/Edit Text/Bespoke/Seller Pages/Delivery Settings/input_Price_Price'

2020-03-20 11:41:14 - [MESSAGE][PASSED] - Keys '*' sent to object: 'Object Repository/ADMIN/Edit Text/Bespoke/Seller Pages/Delivery Settings/input_Price_Price'

2020-03-20 11:41:14 - [TEST_STEP][PASSED] - sendKeys(findTestObject("ADMIN/Edit Text/Bespoke/Seller Pages/Delivery Settings/input_Delivery Rate(s)_DelDelivery_Rates"), "*"): Keys '*' sent to object: 'Object Repository/ADMIN/Edit Text/Bespoke/Seller Pages/Delivery Settings/input_Delivery Rate(s)_DelDelivery_Rates'

2020-03-20 11:41:15 - [MESSAGE][PASSED] - Keys '*' sent to object: 'Object Repository/ADMIN/Edit Text/Bespoke/Seller Pages/Delivery Settings/input_Delivery Rate(s)_DelDelivery_Rates'

2020-03-20 11:41:15 - [TEST_STEP][PASSED] - sendKeys(findTestObject("ADMIN/Edit Text/Bespoke/Seller Pages/Delivery Settings/input_NAME_Name (1)"), "*"): Keys '*' sent to object: 'Object Repository/ADMIN/Edit Text/Bespoke/Seller Pages/Delivery Settings/input_NAME_Name (1)'

2020-03-20 11:41:15 - [MESSAGE][PASSED] - Keys '*' sent to object: 'Object Repository/ADMIN/Edit Text/Bespoke/Seller Pages/Delivery Settings/input_NAME_Name (1)'

2020-03-20 11:41:15 - [TEST_STEP][PASSED] - sendKeys(findTestObject("ADMIN/Edit Text/Bespoke/Seller Pages/Delivery Settings/input_RANGE_Range (1)"), "*"): Keys '*' sent to object: 'Object Repository/ADMIN/Edit Text/Bespoke/Seller Pages/Delivery Settings/input_RANGE_Range (1)'

2020-03-20 11:41:15 - [MESSAGE][PASSED] - Keys '*' sent to object: 'Object Repository/ADMIN/Edit Text/Bespoke/Seller Pages/Delivery Settings/input_RANGE_Range (1)'

2020-03-20 11:41:15 - [TEST_STEP][PASSED] - sendKeys(findTestObject("ADMIN/Edit Text/Bespoke/Seller Pages/Delivery Settings/input_DELIVERY COST_Delivery_Cost (1)"), "*"): Keys '*' sent to object: 'Object Repository/ADMIN/Edit Text/Bespoke/Seller Pages/Delivery Settings/input_DELIVERY COST_Delivery_Cost (1)'

2020-03-20 11:41:15 - [MESSAGE][PASSED] - Keys '*' sent to object: 'Object Repository/ADMIN/Edit Text/Bespoke/Seller Pages/Delivery Settings/input_DELIVERY COST_Delivery_Cost (1)'

2020-03-20 11:41:15 - [TEST_STEP][PASSED] - sendKeys(findTestObject("ADMIN/Edit Text/Bespoke/Seller Pages/Delivery Settings/input_Onwards_Onwards"), "*"): Keys '*' sent to object: 'Object Repository/ADMIN/Edit Text/Bespoke/Seller Pages/Delivery Settings/input_Onwards_Onwards'

2020-03-20 11:41:15 - [MESSAGE][PASSED] - Keys '*' sent to object: 'Object Repository/ADMIN/Edit Text/Bespoke/Seller Pages/Delivery Settings/input_Onwards_Onwards'

2020-03-20 11:41:15 - [TEST_STEP][PASSED] - sendKeys(findTestObject("ADMIN/Edit Text/Bespoke/Seller Pages/Delivery Settings/input_Add Delivery Rate_Add_Delivery_Rate"), "*"): Keys '*' sent to object: 'Object Repository/ADMIN/Edit Text/Bespoke/Seller Pages/Delivery Settings/input_Add Delivery Rate_Add_Delivery_Rate'

2020-03-20 11:41:15 - [MESSAGE][PASSED] - Keys '*' sent to object: 'Object Repository/ADMIN/Edit Text/Bespoke/Seller Pages/Delivery Settings/input_Add Delivery Rate_Add_Delivery_Rate'

2020-03-20 11:41:15 - [TEST_STEP][PASSED] - sendKeys(findTestObject("ADMIN/Edit Text/Bespoke/Seller Pages/Delivery Settings/input_Delivery Rate Name (Buyers will not see this)_Delivery_Rate_Name"), "*"): Keys '*' sent to object: 'Object Repository/ADMIN/Edit Text/Bespoke/Seller Pages/Delivery Settings/input_Delivery Rate Name (Buyers will not see this)_Delivery_Rate_Name'

2020-03-20 11:41:15 - [MESSAGE][PASSED] - Keys '*' sent to object: 'Object Repository/ADMIN/Edit Text/Bespoke/Seller Pages/Delivery Settings/input_Delivery Rate Name (Buyers will not see this)_Delivery_Rate_Name'

2020-03-20 11:41:15 - [TEST_STEP][PASSED] - sendKeys(findTestObject("ADMIN/Edit Text/Bespoke/Seller Pages/Delivery Settings/input_To_To"), "*"): Keys '*' sent to object: 'Object Repository/ADMIN/Edit Text/Bespoke/Seller Pages/Delivery Settings/input_To_To'

2020-03-20 11:41:16 - [MESSAGE][PASSED] - Keys '*' sent to object: 'Object Repository/ADMIN/Edit Text/Bespoke/Seller Pages/Delivery Settings/input_To_To'

2020-03-20 11:41:16 - [TEST_STEP][PASSED] - sendKeys(findTestObject("ADMIN/Edit Text/Bespoke/Seller Pages/Delivery Settings/input_delivery cost4"), "*"): Keys '*' sent to object: 'Object Repository/ADMIN/Edit Text/Bespoke/Seller Pages/Delivery Settings/input_delivery cost4'

2020-03-20 11:41:16 - [MESSAGE][PASSED] - Keys '*' sent to object: 'Object Repository/ADMIN/Edit Text/Bespoke/Seller Pages/Delivery Settings/input_delivery cost4'

2020-03-20 11:41:16 - [TEST_STEP][PASSED] - sendKeys(findTestObject("ADMIN/Edit Text/Bespoke/Seller Pages/Delivery Settings/input_Save_Save"), "*"): Keys '*' sent to object: 'Object Repository/ADMIN/Edit Text/Bespoke/Seller Pages/Delivery Settings/input_Save_Save'

2020-03-20 11:41:16 - [MESSAGE][PASSED] - Keys '*' sent to object: 'Object Repository/ADMIN/Edit Text/Bespoke/Seller Pages/Delivery Settings/input_Save_Save'

2020-03-20 11:41:16 - [TEST_STEP][PASSED] - sendKeys(findTestObject("ADMIN/Edit Text/Bespoke/Seller Pages/Delivery Settings/input_Cancel_Cancel"), "*"): Keys '*' sent to object: 'Object Repository/ADMIN/Edit Text/Bespoke/Seller Pages/Delivery Settings/input_Cancel_Cancel'

2020-03-20 11:41:16 - [MESSAGE][PASSED] - Keys '*' sent to object: 'Object Repository/ADMIN/Edit Text/Bespoke/Seller Pages/Delivery Settings/input_Cancel_Cancel'

2020-03-20 11:41:16 - [TEST_STEP][PASSED] - click(findTestObject("ADMIN/Edit Text/Bespoke/Buyer Pages/Homepage/button_save"), CONTINUE_ON_FAILURE): Object: 'Object Repository/ADMIN/Edit Text/Bespoke/Buyer Pages/Homepage/button_save' is clicked on

2020-03-20 11:41:16 - [MESSAGE][PASSED] - Object: 'Object Repository/ADMIN/Edit Text/Bespoke/Buyer Pages/Homepage/button_save' is clicked on

2020-03-20 11:41:16 - [TEST_STEP][PASSED] - waitForElementVisible(findTestObject("ADMIN/Edit Text/Bespoke/Buyer Pages/Homepage/toaster_success"), 0): Object 'Object Repository/ADMIN/Edit Text/Bespoke/Buyer Pages/Homepage/toaster_success' is visible

2020-03-20 11:41:16 - [MESSAGE][WARNING] - Timeout '0' is invalid. Using default page load timeout: '30'

2020-03-20 11:41:17 - [MESSAGE][PASSED] - Object 'Object Repository/ADMIN/Edit Text/Bespoke/Buyer Pages/Homepage/toaster_success' is visible]]></system-out>
         <system-err><![CDATA[]]></system-err>
      </testcase>
      <testcase name="Test Cases/ADMIN/Language/Edit Text/Bespoke/Seller/Delivery Settings" time="8.491" classname="Test Cases/ADMIN/Language/Edit Text/Bespoke/Seller/Delivery Settings" status="PASSED">
         <system-out><![CDATA[2020-03-20 11:41:17 - [TEST_CASE][PASSED] - Test Cases/ADMIN/Language/Edit Text/Bespoke/Seller/Delivery Settings: Test Cases/ADMIN/Language/Edit Text/Bespoke/Seller/Delivery Settings

2020-03-20 11:41:17 - [TEST_STEP][PASSED] - waitForElementVisible(findTestObject("ADMIN/Edit Text/Bespoke/Buyer Navigation/dd_language"), 0): Object 'Object Repository/ADMIN/Edit Text/Bespoke/Buyer Navigation/dd_language' is visible

2020-03-20 11:41:17 - [MESSAGE][WARNING] - Timeout '0' is invalid. Using default page load timeout: '30'

2020-03-20 11:41:17 - [MESSAGE][PASSED] - Object 'Object Repository/ADMIN/Edit Text/Bespoke/Buyer Navigation/dd_language' is visible

2020-03-20 11:41:17 - [TEST_STEP][PASSED] - selectOptionByLabel(findTestObject("ADMIN/Edit Text/Bespoke/Buyer Navigation/dd_language"), varLanguage, false): All options with label 'Italian' are selected in object 'Object Repository/ADMIN/Edit Text/Bespoke/Buyer Navigation/dd_language' 

2020-03-20 11:41:18 - [MESSAGE][PASSED] - All options with label 'Italian' are selected in object 'Object Repository/ADMIN/Edit Text/Bespoke/Buyer Navigation/dd_language' 

2020-03-20 11:41:18 - [TEST_STEP][PASSED] - sendKeys(findTestObject("ADMIN/Edit Text/Bespoke/Seller Pages/Delivery Settings/input_DELIVERY SETTINGS_DELIVERY_SETTINGS"), "*"): Keys '*' sent to object: 'Object Repository/ADMIN/Edit Text/Bespoke/Seller Pages/Delivery Settings/input_DELIVERY SETTINGS_DELIVERY_SETTINGS'

2020-03-20 11:41:19 - [MESSAGE][PASSED] - Keys '*' sent to object: 'Object Repository/ADMIN/Edit Text/Bespoke/Seller Pages/Delivery Settings/input_DELIVERY SETTINGS_DELIVERY_SETTINGS'

2020-03-20 11:41:19 - [TEST_STEP][PASSED] - sendKeys(findTestObject("ADMIN/Edit Text/Bespoke/Seller Pages/Delivery Settings/input_add del or pickup"), "*"): Keys '*' sent to object: 'Object Repository/ADMIN/Edit Text/Bespoke/Seller Pages/Delivery Settings/input_add del or pickup'

2020-03-20 11:41:19 - [MESSAGE][PASSED] - Keys '*' sent to object: 'Object Repository/ADMIN/Edit Text/Bespoke/Seller Pages/Delivery Settings/input_add del or pickup'

2020-03-20 11:41:19 - [TEST_STEP][PASSED] - sendKeys(findTestObject("ADMIN/Edit Text/Bespoke/Seller Pages/Delivery Settings/input_DELIVERY OPTIONS_DELIVERY_OPTIONS"), "*"): Keys '*' sent to object: 'Object Repository/ADMIN/Edit Text/Bespoke/Seller Pages/Delivery Settings/input_DELIVERY OPTIONS_DELIVERY_OPTIONS'

2020-03-20 11:41:19 - [MESSAGE][PASSED] - Keys '*' sent to object: 'Object Repository/ADMIN/Edit Text/Bespoke/Seller Pages/Delivery Settings/input_DELIVERY OPTIONS_DELIVERY_OPTIONS'

2020-03-20 11:41:19 - [TEST_STEP][PASSED] - sendKeys(findTestObject("ADMIN/Edit Text/Bespoke/Seller Pages/Delivery Settings/input_Add Delivery Options_select_delivery_method"), "*"): Keys '*' sent to object: 'Object Repository/ADMIN/Edit Text/Bespoke/Seller Pages/Delivery Settings/input_Add Delivery Options_select_delivery_method'

2020-03-20 11:41:20 - [MESSAGE][PASSED] - Keys '*' sent to object: 'Object Repository/ADMIN/Edit Text/Bespoke/Seller Pages/Delivery Settings/input_Add Delivery Options_select_delivery_method'

2020-03-20 11:41:20 - [TEST_STEP][PASSED] - sendKeys(findTestObject("ADMIN/Edit Text/Bespoke/Seller Pages/Delivery Settings/input_Name_Name"), "*"): Keys '*' sent to object: 'Object Repository/ADMIN/Edit Text/Bespoke/Seller Pages/Delivery Settings/input_Name_Name'

2020-03-20 11:41:20 - [MESSAGE][PASSED] - Keys '*' sent to object: 'Object Repository/ADMIN/Edit Text/Bespoke/Seller Pages/Delivery Settings/input_Name_Name'

2020-03-20 11:41:20 - [TEST_STEP][PASSED] - sendKeys(findTestObject("ADMIN/Edit Text/Bespoke/Seller Pages/Delivery Settings/input_DELIVERS TO_DELIVERS_TO"), "*"): Keys '*' sent to object: 'Object Repository/ADMIN/Edit Text/Bespoke/Seller Pages/Delivery Settings/input_DELIVERS TO_DELIVERS_TO'

2020-03-20 11:41:20 - [MESSAGE][PASSED] - Keys '*' sent to object: 'Object Repository/ADMIN/Edit Text/Bespoke/Seller Pages/Delivery Settings/input_DELIVERS TO_DELIVERS_TO'

2020-03-20 11:41:20 - [TEST_STEP][PASSED] - sendKeys(findTestObject("ADMIN/Edit Text/Bespoke/Seller Pages/Delivery Settings/input_PICK-UP OPTIONS_PICK-UP_OPTIONS"), "*"): Keys '*' sent to object: 'Object Repository/ADMIN/Edit Text/Bespoke/Seller Pages/Delivery Settings/input_PICK-UP OPTIONS_PICK-UP_OPTIONS'

2020-03-20 11:41:20 - [MESSAGE][PASSED] - Keys '*' sent to object: 'Object Repository/ADMIN/Edit Text/Bespoke/Seller Pages/Delivery Settings/input_PICK-UP OPTIONS_PICK-UP_OPTIONS'

2020-03-20 11:41:20 - [TEST_STEP][PASSED] - sendKeys(findTestObject("ADMIN/Edit Text/Bespoke/Seller Pages/Delivery Settings/input_Add Pick-up Options_Add_Pick-up_Options"), "*"): Keys '*' sent to object: 'Object Repository/ADMIN/Edit Text/Bespoke/Seller Pages/Delivery Settings/input_Add Pick-up Options_Add_Pick-up_Options'

2020-03-20 11:41:20 - [MESSAGE][PASSED] - Keys '*' sent to object: 'Object Repository/ADMIN/Edit Text/Bespoke/Seller Pages/Delivery Settings/input_Add Pick-up Options_Add_Pick-up_Options'

2020-03-20 11:41:20 - [TEST_STEP][PASSED] - sendKeys(findTestObject("ADMIN/Edit Text/Bespoke/Seller Pages/Delivery Settings/input_Define the full address where the buyer can pick up from_delivery_desc_used"), "*"): Keys '*' sent to object: 'Object Repository/ADMIN/Edit Text/Bespoke/Seller Pages/Delivery Settings/input_Define the full address where the buyer can pick up from_delivery_desc_used'

2020-03-20 11:41:20 - [MESSAGE][PASSED] - Keys '*' sent to object: 'Object Repository/ADMIN/Edit Text/Bespoke/Seller Pages/Delivery Settings/input_Define the full address where the buyer can pick up from_delivery_desc_used'

2020-03-20 11:41:20 - [TEST_STEP][PASSED] - sendKeys(findTestObject("ADMIN/Edit Text/Bespoke/Seller Pages/Delivery Settings/input_Delivers to_Delivers_to (1)"), "*"): Keys '*' sent to object: 'Object Repository/ADMIN/Edit Text/Bespoke/Seller Pages/Delivery Settings/input_Delivers to_Delivers_to (1)'

2020-03-20 11:41:21 - [MESSAGE][PASSED] - Keys '*' sent to object: 'Object Repository/ADMIN/Edit Text/Bespoke/Seller Pages/Delivery Settings/input_Delivers to_Delivers_to (1)'

2020-03-20 11:41:21 - [TEST_STEP][PASSED] - sendKeys(findTestObject("ADMIN/Edit Text/Bespoke/Seller Pages/Delivery Settings/input_Shipping rate by_Shipping_rate_by"), "*"): Keys '*' sent to object: 'Object Repository/ADMIN/Edit Text/Bespoke/Seller Pages/Delivery Settings/input_Shipping rate by_Shipping_rate_by'

2020-03-20 11:41:21 - [MESSAGE][PASSED] - Keys '*' sent to object: 'Object Repository/ADMIN/Edit Text/Bespoke/Seller Pages/Delivery Settings/input_Shipping rate by_Shipping_rate_by'

2020-03-20 11:41:21 - [TEST_STEP][PASSED] - sendKeys(findTestObject("ADMIN/Edit Text/Bespoke/Seller Pages/Delivery Settings/input_Delivering from_Delivering_from"), "*"): Keys '*' sent to object: 'Object Repository/ADMIN/Edit Text/Bespoke/Seller Pages/Delivery Settings/input_Delivering from_Delivering_from'

2020-03-20 11:41:21 - [MESSAGE][PASSED] - Keys '*' sent to object: 'Object Repository/ADMIN/Edit Text/Bespoke/Seller Pages/Delivery Settings/input_Delivering from_Delivering_from'

2020-03-20 11:41:21 - [TEST_STEP][PASSED] - sendKeys(findTestObject("ADMIN/Edit Text/Bespoke/Seller Pages/Delivery Settings/input_Delivery rates(s)_Shipping_rate_by"), "*"): Keys '*' sent to object: 'Object Repository/ADMIN/Edit Text/Bespoke/Seller Pages/Delivery Settings/input_Delivery rates(s)_Shipping_rate_by'

2020-03-20 11:41:21 - [MESSAGE][PASSED] - Keys '*' sent to object: 'Object Repository/ADMIN/Edit Text/Bespoke/Seller Pages/Delivery Settings/input_Delivery rates(s)_Shipping_rate_by'

2020-03-20 11:41:21 - [TEST_STEP][PASSED] - sendKeys(findTestObject("ADMIN/Edit Text/Bespoke/Seller Pages/Delivery Settings/input_Name_Name1"), "*"): Keys '*' sent to object: 'Object Repository/ADMIN/Edit Text/Bespoke/Seller Pages/Delivery Settings/input_Name_Name1'

2020-03-20 11:41:21 - [MESSAGE][PASSED] - Keys '*' sent to object: 'Object Repository/ADMIN/Edit Text/Bespoke/Seller Pages/Delivery Settings/input_Name_Name1'

2020-03-20 11:41:21 - [TEST_STEP][PASSED] - sendKeys(findTestObject("ADMIN/Edit Text/Bespoke/Seller Pages/Delivery Settings/input_Range_Range"), "*"): Keys '*' sent to object: 'Object Repository/ADMIN/Edit Text/Bespoke/Seller Pages/Delivery Settings/input_Range_Range'

2020-03-20 11:41:21 - [MESSAGE][PASSED] - Keys '*' sent to object: 'Object Repository/ADMIN/Edit Text/Bespoke/Seller Pages/Delivery Settings/input_Range_Range'

2020-03-20 11:41:21 - [TEST_STEP][PASSED] - sendKeys(findTestObject("ADMIN/Edit Text/Bespoke/Seller Pages/Delivery Settings/input_Delivery Cost_Delivery_Cost"), "*"): Keys '*' sent to object: 'Object Repository/ADMIN/Edit Text/Bespoke/Seller Pages/Delivery Settings/input_Delivery Cost_Delivery_Cost'

2020-03-20 11:41:22 - [MESSAGE][PASSED] - Keys '*' sent to object: 'Object Repository/ADMIN/Edit Text/Bespoke/Seller Pages/Delivery Settings/input_Delivery Cost_Delivery_Cost'

2020-03-20 11:41:22 - [TEST_STEP][PASSED] - sendKeys(findTestObject("ADMIN/Edit Text/Bespoke/Seller Pages/Delivery Settings/input_Okay_Range"), "*"): Keys '*' sent to object: 'Object Repository/ADMIN/Edit Text/Bespoke/Seller Pages/Delivery Settings/input_Okay_Range'

2020-03-20 11:41:22 - [MESSAGE][PASSED] - Keys '*' sent to object: 'Object Repository/ADMIN/Edit Text/Bespoke/Seller Pages/Delivery Settings/input_Okay_Range'

2020-03-20 11:41:22 - [TEST_STEP][PASSED] - sendKeys(findTestObject("ADMIN/Edit Text/Bespoke/Seller Pages/Delivery Settings/input_ADDEDIT DELIVERY OPTION_Add_edit_delivery_option"), "*"): Keys '*' sent to object: 'Object Repository/ADMIN/Edit Text/Bespoke/Seller Pages/Delivery Settings/input_ADDEDIT DELIVERY OPTION_Add_edit_delivery_option'

2020-03-20 11:41:22 - [MESSAGE][PASSED] - Keys '*' sent to object: 'Object Repository/ADMIN/Edit Text/Bespoke/Seller Pages/Delivery Settings/input_ADDEDIT DELIVERY OPTION_Add_edit_delivery_option'

2020-03-20 11:41:22 - [TEST_STEP][PASSED] - sendKeys(findTestObject("ADMIN/Edit Text/Bespoke/Seller Pages/Delivery Settings/input_Define the locations available and the rates for the delivery option_Define_the_locations_available_and_the_rates_for_the_delivery_option"), "*"): Keys '*' sent to object: 'Object Repository/ADMIN/Edit Text/Bespoke/Seller Pages/Delivery Settings/input_Define the locations available and the rates for the delivery option_Define_the_locations_available_and_the_rates_for_the_delivery_option'

2020-03-20 11:41:22 - [MESSAGE][PASSED] - Keys '*' sent to object: 'Object Repository/ADMIN/Edit Text/Bespoke/Seller Pages/Delivery Settings/input_Define the locations available and the rates for the delivery option_Define_the_locations_available_and_the_rates_for_the_delivery_option'

2020-03-20 11:41:22 - [TEST_STEP][PASSED] - sendKeys(findTestObject("ADMIN/Edit Text/Bespoke/Seller Pages/Delivery Settings/input_DELIVERY OPTION SETTINGS_DELIVERY_OPTIONS_SETTINGS"), "*"): Keys '*' sent to object: 'Object Repository/ADMIN/Edit Text/Bespoke/Seller Pages/Delivery Settings/input_DELIVERY OPTION SETTINGS_DELIVERY_OPTIONS_SETTINGS'

2020-03-20 11:41:22 - [MESSAGE][PASSED] - Keys '*' sent to object: 'Object Repository/ADMIN/Edit Text/Bespoke/Seller Pages/Delivery Settings/input_DELIVERY OPTION SETTINGS_DELIVERY_OPTIONS_SETTINGS'

2020-03-20 11:41:22 - [TEST_STEP][PASSED] - sendKeys(findTestObject("ADMIN/Edit Text/Bespoke/Seller Pages/Delivery Settings/input_DELIVERY OPTION NAME_DELIVERY_OPTION_NAME"), "*"): Keys '*' sent to object: 'Object Repository/ADMIN/Edit Text/Bespoke/Seller Pages/Delivery Settings/input_DELIVERY OPTION NAME_DELIVERY_OPTION_NAME'

2020-03-20 11:41:22 - [MESSAGE][PASSED] - Keys '*' sent to object: 'Object Repository/ADMIN/Edit Text/Bespoke/Seller Pages/Delivery Settings/input_DELIVERY OPTION NAME_DELIVERY_OPTION_NAME'

2020-03-20 11:41:22 - [TEST_STEP][PASSED] - sendKeys(findTestObject("ADMIN/Edit Text/Bespoke/Seller Pages/Delivery Settings/input_delivers to3"), "*"): Keys '*' sent to object: 'Object Repository/ADMIN/Edit Text/Bespoke/Seller Pages/Delivery Settings/input_delivers to3'

2020-03-20 11:41:22 - [MESSAGE][PASSED] - Keys '*' sent to object: 'Object Repository/ADMIN/Edit Text/Bespoke/Seller Pages/Delivery Settings/input_delivers to3'

2020-03-20 11:41:22 - [TEST_STEP][PASSED] - sendKeys(findTestObject("ADMIN/Edit Text/Bespoke/Seller Pages/Delivery Settings/input_MINIMUM LEAD TIME_Minimum_lead_time"), "*"): Keys '*' sent to object: 'Object Repository/ADMIN/Edit Text/Bespoke/Seller Pages/Delivery Settings/input_MINIMUM LEAD TIME_Minimum_lead_time'

2020-03-20 11:41:23 - [MESSAGE][PASSED] - Keys '*' sent to object: 'Object Repository/ADMIN/Edit Text/Bespoke/Seller Pages/Delivery Settings/input_MINIMUM LEAD TIME_Minimum_lead_time'

2020-03-20 11:41:23 - [TEST_STEP][PASSED] - sendKeys(findTestObject("ADMIN/Edit Text/Bespoke/Seller Pages/Delivery Settings/input_WHERE ARE YOU DELIVERING FROM_Where_are_you_delivering_from"), "*"): Keys '*' sent to object: 'Object Repository/ADMIN/Edit Text/Bespoke/Seller Pages/Delivery Settings/input_WHERE ARE YOU DELIVERING FROM_Where_are_you_delivering_from'

2020-03-20 11:41:23 - [MESSAGE][PASSED] - Keys '*' sent to object: 'Object Repository/ADMIN/Edit Text/Bespoke/Seller Pages/Delivery Settings/input_WHERE ARE YOU DELIVERING FROM_Where_are_you_delivering_from'

2020-03-20 11:41:23 - [TEST_STEP][PASSED] - sendKeys(findTestObject("ADMIN/Edit Text/Bespoke/Seller Pages/Delivery Settings/input_Select if you would like to calculate shipping by total order weight or total order price_total_order_weight_or_total_order_price"), "*"): Keys '*' sent to object: 'Object Repository/ADMIN/Edit Text/Bespoke/Seller Pages/Delivery Settings/input_Select if you would like to calculate shipping by total order weight or total order price_total_order_weight_or_total_order_price'

2020-03-20 11:41:23 - [MESSAGE][PASSED] - Keys '*' sent to object: 'Object Repository/ADMIN/Edit Text/Bespoke/Seller Pages/Delivery Settings/input_Select if you would like to calculate shipping by total order weight or total order price_total_order_weight_or_total_order_price'

2020-03-20 11:41:23 - [TEST_STEP][PASSED] - sendKeys(findTestObject("ADMIN/Edit Text/Bespoke/Seller Pages/Delivery Settings/input_Weight_Weight"), "*"): Keys '*' sent to object: 'Object Repository/ADMIN/Edit Text/Bespoke/Seller Pages/Delivery Settings/input_Weight_Weight'

2020-03-20 11:41:23 - [MESSAGE][PASSED] - Keys '*' sent to object: 'Object Repository/ADMIN/Edit Text/Bespoke/Seller Pages/Delivery Settings/input_Weight_Weight'

2020-03-20 11:41:23 - [TEST_STEP][PASSED] - sendKeys(findTestObject("ADMIN/Edit Text/Bespoke/Seller Pages/Delivery Settings/input_Price_Price"), "*"): Keys '*' sent to object: 'Object Repository/ADMIN/Edit Text/Bespoke/Seller Pages/Delivery Settings/input_Price_Price'

2020-03-20 11:41:23 - [MESSAGE][PASSED] - Keys '*' sent to object: 'Object Repository/ADMIN/Edit Text/Bespoke/Seller Pages/Delivery Settings/input_Price_Price'

2020-03-20 11:41:23 - [TEST_STEP][PASSED] - sendKeys(findTestObject("ADMIN/Edit Text/Bespoke/Seller Pages/Delivery Settings/input_Delivery Rate(s)_DelDelivery_Rates"), "*"): Keys '*' sent to object: 'Object Repository/ADMIN/Edit Text/Bespoke/Seller Pages/Delivery Settings/input_Delivery Rate(s)_DelDelivery_Rates'

2020-03-20 11:41:23 - [MESSAGE][PASSED] - Keys '*' sent to object: 'Object Repository/ADMIN/Edit Text/Bespoke/Seller Pages/Delivery Settings/input_Delivery Rate(s)_DelDelivery_Rates'

2020-03-20 11:41:23 - [TEST_STEP][PASSED] - sendKeys(findTestObject("ADMIN/Edit Text/Bespoke/Seller Pages/Delivery Settings/input_NAME_Name (1)"), "*"): Keys '*' sent to object: 'Object Repository/ADMIN/Edit Text/Bespoke/Seller Pages/Delivery Settings/input_NAME_Name (1)'

2020-03-20 11:41:23 - [MESSAGE][PASSED] - Keys '*' sent to object: 'Object Repository/ADMIN/Edit Text/Bespoke/Seller Pages/Delivery Settings/input_NAME_Name (1)'

2020-03-20 11:41:23 - [TEST_STEP][PASSED] - sendKeys(findTestObject("ADMIN/Edit Text/Bespoke/Seller Pages/Delivery Settings/input_RANGE_Range (1)"), "*"): Keys '*' sent to object: 'Object Repository/ADMIN/Edit Text/Bespoke/Seller Pages/Delivery Settings/input_RANGE_Range (1)'

2020-03-20 11:41:23 - [MESSAGE][PASSED] - Keys '*' sent to object: 'Object Repository/ADMIN/Edit Text/Bespoke/Seller Pages/Delivery Settings/input_RANGE_Range (1)'

2020-03-20 11:41:23 - [TEST_STEP][PASSED] - sendKeys(findTestObject("ADMIN/Edit Text/Bespoke/Seller Pages/Delivery Settings/input_DELIVERY COST_Delivery_Cost (1)"), "*"): Keys '*' sent to object: 'Object Repository/ADMIN/Edit Text/Bespoke/Seller Pages/Delivery Settings/input_DELIVERY COST_Delivery_Cost (1)'

2020-03-20 11:41:24 - [MESSAGE][PASSED] - Keys '*' sent to object: 'Object Repository/ADMIN/Edit Text/Bespoke/Seller Pages/Delivery Settings/input_DELIVERY COST_Delivery_Cost (1)'

2020-03-20 11:41:24 - [TEST_STEP][PASSED] - sendKeys(findTestObject("ADMIN/Edit Text/Bespoke/Seller Pages/Delivery Settings/input_Onwards_Onwards"), "*"): Keys '*' sent to object: 'Object Repository/ADMIN/Edit Text/Bespoke/Seller Pages/Delivery Settings/input_Onwards_Onwards'

2020-03-20 11:41:24 - [MESSAGE][PASSED] - Keys '*' sent to object: 'Object Repository/ADMIN/Edit Text/Bespoke/Seller Pages/Delivery Settings/input_Onwards_Onwards'

2020-03-20 11:41:24 - [TEST_STEP][PASSED] - sendKeys(findTestObject("ADMIN/Edit Text/Bespoke/Seller Pages/Delivery Settings/input_Add Delivery Rate_Add_Delivery_Rate"), "*"): Keys '*' sent to object: 'Object Repository/ADMIN/Edit Text/Bespoke/Seller Pages/Delivery Settings/input_Add Delivery Rate_Add_Delivery_Rate'

2020-03-20 11:41:24 - [MESSAGE][PASSED] - Keys '*' sent to object: 'Object Repository/ADMIN/Edit Text/Bespoke/Seller Pages/Delivery Settings/input_Add Delivery Rate_Add_Delivery_Rate'

2020-03-20 11:41:24 - [TEST_STEP][PASSED] - sendKeys(findTestObject("ADMIN/Edit Text/Bespoke/Seller Pages/Delivery Settings/input_Delivery Rate Name (Buyers will not see this)_Delivery_Rate_Name"), "*"): Keys '*' sent to object: 'Object Repository/ADMIN/Edit Text/Bespoke/Seller Pages/Delivery Settings/input_Delivery Rate Name (Buyers will not see this)_Delivery_Rate_Name'

2020-03-20 11:41:24 - [MESSAGE][PASSED] - Keys '*' sent to object: 'Object Repository/ADMIN/Edit Text/Bespoke/Seller Pages/Delivery Settings/input_Delivery Rate Name (Buyers will not see this)_Delivery_Rate_Name'

2020-03-20 11:41:24 - [TEST_STEP][PASSED] - sendKeys(findTestObject("ADMIN/Edit Text/Bespoke/Seller Pages/Delivery Settings/input_To_To"), "*"): Keys '*' sent to object: 'Object Repository/ADMIN/Edit Text/Bespoke/Seller Pages/Delivery Settings/input_To_To'

2020-03-20 11:41:24 - [MESSAGE][PASSED] - Keys '*' sent to object: 'Object Repository/ADMIN/Edit Text/Bespoke/Seller Pages/Delivery Settings/input_To_To'

2020-03-20 11:41:24 - [TEST_STEP][PASSED] - sendKeys(findTestObject("ADMIN/Edit Text/Bespoke/Seller Pages/Delivery Settings/input_delivery cost4"), "*"): Keys '*' sent to object: 'Object Repository/ADMIN/Edit Text/Bespoke/Seller Pages/Delivery Settings/input_delivery cost4'

2020-03-20 11:41:24 - [MESSAGE][PASSED] - Keys '*' sent to object: 'Object Repository/ADMIN/Edit Text/Bespoke/Seller Pages/Delivery Settings/input_delivery cost4'

2020-03-20 11:41:24 - [TEST_STEP][PASSED] - sendKeys(findTestObject("ADMIN/Edit Text/Bespoke/Seller Pages/Delivery Settings/input_Save_Save"), "*"): Keys '*' sent to object: 'Object Repository/ADMIN/Edit Text/Bespoke/Seller Pages/Delivery Settings/input_Save_Save'

2020-03-20 11:41:25 - [MESSAGE][PASSED] - Keys '*' sent to object: 'Object Repository/ADMIN/Edit Text/Bespoke/Seller Pages/Delivery Settings/input_Save_Save'

2020-03-20 11:41:25 - [TEST_STEP][PASSED] - sendKeys(findTestObject("ADMIN/Edit Text/Bespoke/Seller Pages/Delivery Settings/input_Cancel_Cancel"), "*"): Keys '*' sent to object: 'Object Repository/ADMIN/Edit Text/Bespoke/Seller Pages/Delivery Settings/input_Cancel_Cancel'

2020-03-20 11:41:25 - [MESSAGE][PASSED] - Keys '*' sent to object: 'Object Repository/ADMIN/Edit Text/Bespoke/Seller Pages/Delivery Settings/input_Cancel_Cancel'

2020-03-20 11:41:25 - [TEST_STEP][PASSED] - click(findTestObject("ADMIN/Edit Text/Bespoke/Buyer Pages/Homepage/button_save"), CONTINUE_ON_FAILURE): Object: 'Object Repository/ADMIN/Edit Text/Bespoke/Buyer Pages/Homepage/button_save' is clicked on

2020-03-20 11:41:25 - [MESSAGE][PASSED] - Object: 'Object Repository/ADMIN/Edit Text/Bespoke/Buyer Pages/Homepage/button_save' is clicked on

2020-03-20 11:41:25 - [TEST_STEP][PASSED] - waitForElementVisible(findTestObject("ADMIN/Edit Text/Bespoke/Buyer Pages/Homepage/toaster_success"), 0): Object 'Object Repository/ADMIN/Edit Text/Bespoke/Buyer Pages/Homepage/toaster_success' is visible

2020-03-20 11:41:25 - [MESSAGE][WARNING] - Timeout '0' is invalid. Using default page load timeout: '30'

2020-03-20 11:41:25 - [MESSAGE][PASSED] - Object 'Object Repository/ADMIN/Edit Text/Bespoke/Buyer Pages/Homepage/toaster_success' is visible]]></system-out>
         <system-err><![CDATA[]]></system-err>
      </testcase>
      <testcase name="Test Cases/ADMIN/Language/Edit Text/Bespoke/Seller/Delivery Settings" time="8.856" classname="Test Cases/ADMIN/Language/Edit Text/Bespoke/Seller/Delivery Settings" status="PASSED">
         <system-out><![CDATA[2020-03-20 11:41:25 - [TEST_CASE][PASSED] - Test Cases/ADMIN/Language/Edit Text/Bespoke/Seller/Delivery Settings: Test Cases/ADMIN/Language/Edit Text/Bespoke/Seller/Delivery Settings

2020-03-20 11:41:25 - [TEST_STEP][PASSED] - waitForElementVisible(findTestObject("ADMIN/Edit Text/Bespoke/Buyer Navigation/dd_language"), 0): Object 'Object Repository/ADMIN/Edit Text/Bespoke/Buyer Navigation/dd_language' is visible

2020-03-20 11:41:25 - [MESSAGE][WARNING] - Timeout '0' is invalid. Using default page load timeout: '30'

2020-03-20 11:41:26 - [MESSAGE][PASSED] - Object 'Object Repository/ADMIN/Edit Text/Bespoke/Buyer Navigation/dd_language' is visible

2020-03-20 11:41:26 - [TEST_STEP][PASSED] - selectOptionByLabel(findTestObject("ADMIN/Edit Text/Bespoke/Buyer Navigation/dd_language"), varLanguage, false): All options with label 'Arabic' are selected in object 'Object Repository/ADMIN/Edit Text/Bespoke/Buyer Navigation/dd_language' 

2020-03-20 11:41:27 - [MESSAGE][PASSED] - All options with label 'Arabic' are selected in object 'Object Repository/ADMIN/Edit Text/Bespoke/Buyer Navigation/dd_language' 

2020-03-20 11:41:27 - [TEST_STEP][PASSED] - sendKeys(findTestObject("ADMIN/Edit Text/Bespoke/Seller Pages/Delivery Settings/input_DELIVERY SETTINGS_DELIVERY_SETTINGS"), "*"): Keys '*' sent to object: 'Object Repository/ADMIN/Edit Text/Bespoke/Seller Pages/Delivery Settings/input_DELIVERY SETTINGS_DELIVERY_SETTINGS'

2020-03-20 11:41:28 - [MESSAGE][PASSED] - Keys '*' sent to object: 'Object Repository/ADMIN/Edit Text/Bespoke/Seller Pages/Delivery Settings/input_DELIVERY SETTINGS_DELIVERY_SETTINGS'

2020-03-20 11:41:28 - [TEST_STEP][PASSED] - sendKeys(findTestObject("ADMIN/Edit Text/Bespoke/Seller Pages/Delivery Settings/input_add del or pickup"), "*"): Keys '*' sent to object: 'Object Repository/ADMIN/Edit Text/Bespoke/Seller Pages/Delivery Settings/input_add del or pickup'

2020-03-20 11:41:28 - [MESSAGE][PASSED] - Keys '*' sent to object: 'Object Repository/ADMIN/Edit Text/Bespoke/Seller Pages/Delivery Settings/input_add del or pickup'

2020-03-20 11:41:28 - [TEST_STEP][PASSED] - sendKeys(findTestObject("ADMIN/Edit Text/Bespoke/Seller Pages/Delivery Settings/input_DELIVERY OPTIONS_DELIVERY_OPTIONS"), "*"): Keys '*' sent to object: 'Object Repository/ADMIN/Edit Text/Bespoke/Seller Pages/Delivery Settings/input_DELIVERY OPTIONS_DELIVERY_OPTIONS'

2020-03-20 11:41:28 - [MESSAGE][PASSED] - Keys '*' sent to object: 'Object Repository/ADMIN/Edit Text/Bespoke/Seller Pages/Delivery Settings/input_DELIVERY OPTIONS_DELIVERY_OPTIONS'

2020-03-20 11:41:28 - [TEST_STEP][PASSED] - sendKeys(findTestObject("ADMIN/Edit Text/Bespoke/Seller Pages/Delivery Settings/input_Add Delivery Options_select_delivery_method"), "*"): Keys '*' sent to object: 'Object Repository/ADMIN/Edit Text/Bespoke/Seller Pages/Delivery Settings/input_Add Delivery Options_select_delivery_method'

2020-03-20 11:41:28 - [MESSAGE][PASSED] - Keys '*' sent to object: 'Object Repository/ADMIN/Edit Text/Bespoke/Seller Pages/Delivery Settings/input_Add Delivery Options_select_delivery_method'

2020-03-20 11:41:28 - [TEST_STEP][PASSED] - sendKeys(findTestObject("ADMIN/Edit Text/Bespoke/Seller Pages/Delivery Settings/input_Name_Name"), "*"): Keys '*' sent to object: 'Object Repository/ADMIN/Edit Text/Bespoke/Seller Pages/Delivery Settings/input_Name_Name'

2020-03-20 11:41:28 - [MESSAGE][PASSED] - Keys '*' sent to object: 'Object Repository/ADMIN/Edit Text/Bespoke/Seller Pages/Delivery Settings/input_Name_Name'

2020-03-20 11:41:28 - [TEST_STEP][PASSED] - sendKeys(findTestObject("ADMIN/Edit Text/Bespoke/Seller Pages/Delivery Settings/input_DELIVERS TO_DELIVERS_TO"), "*"): Keys '*' sent to object: 'Object Repository/ADMIN/Edit Text/Bespoke/Seller Pages/Delivery Settings/input_DELIVERS TO_DELIVERS_TO'

2020-03-20 11:41:29 - [MESSAGE][PASSED] - Keys '*' sent to object: 'Object Repository/ADMIN/Edit Text/Bespoke/Seller Pages/Delivery Settings/input_DELIVERS TO_DELIVERS_TO'

2020-03-20 11:41:29 - [TEST_STEP][PASSED] - sendKeys(findTestObject("ADMIN/Edit Text/Bespoke/Seller Pages/Delivery Settings/input_PICK-UP OPTIONS_PICK-UP_OPTIONS"), "*"): Keys '*' sent to object: 'Object Repository/ADMIN/Edit Text/Bespoke/Seller Pages/Delivery Settings/input_PICK-UP OPTIONS_PICK-UP_OPTIONS'

2020-03-20 11:41:29 - [MESSAGE][PASSED] - Keys '*' sent to object: 'Object Repository/ADMIN/Edit Text/Bespoke/Seller Pages/Delivery Settings/input_PICK-UP OPTIONS_PICK-UP_OPTIONS'

2020-03-20 11:41:29 - [TEST_STEP][PASSED] - sendKeys(findTestObject("ADMIN/Edit Text/Bespoke/Seller Pages/Delivery Settings/input_Add Pick-up Options_Add_Pick-up_Options"), "*"): Keys '*' sent to object: 'Object Repository/ADMIN/Edit Text/Bespoke/Seller Pages/Delivery Settings/input_Add Pick-up Options_Add_Pick-up_Options'

2020-03-20 11:41:29 - [MESSAGE][PASSED] - Keys '*' sent to object: 'Object Repository/ADMIN/Edit Text/Bespoke/Seller Pages/Delivery Settings/input_Add Pick-up Options_Add_Pick-up_Options'

2020-03-20 11:41:29 - [TEST_STEP][PASSED] - sendKeys(findTestObject("ADMIN/Edit Text/Bespoke/Seller Pages/Delivery Settings/input_Define the full address where the buyer can pick up from_delivery_desc_used"), "*"): Keys '*' sent to object: 'Object Repository/ADMIN/Edit Text/Bespoke/Seller Pages/Delivery Settings/input_Define the full address where the buyer can pick up from_delivery_desc_used'

2020-03-20 11:41:29 - [MESSAGE][PASSED] - Keys '*' sent to object: 'Object Repository/ADMIN/Edit Text/Bespoke/Seller Pages/Delivery Settings/input_Define the full address where the buyer can pick up from_delivery_desc_used'

2020-03-20 11:41:29 - [TEST_STEP][PASSED] - sendKeys(findTestObject("ADMIN/Edit Text/Bespoke/Seller Pages/Delivery Settings/input_Delivers to_Delivers_to (1)"), "*"): Keys '*' sent to object: 'Object Repository/ADMIN/Edit Text/Bespoke/Seller Pages/Delivery Settings/input_Delivers to_Delivers_to (1)'

2020-03-20 11:41:29 - [MESSAGE][PASSED] - Keys '*' sent to object: 'Object Repository/ADMIN/Edit Text/Bespoke/Seller Pages/Delivery Settings/input_Delivers to_Delivers_to (1)'

2020-03-20 11:41:29 - [TEST_STEP][PASSED] - sendKeys(findTestObject("ADMIN/Edit Text/Bespoke/Seller Pages/Delivery Settings/input_Shipping rate by_Shipping_rate_by"), "*"): Keys '*' sent to object: 'Object Repository/ADMIN/Edit Text/Bespoke/Seller Pages/Delivery Settings/input_Shipping rate by_Shipping_rate_by'

2020-03-20 11:41:29 - [MESSAGE][PASSED] - Keys '*' sent to object: 'Object Repository/ADMIN/Edit Text/Bespoke/Seller Pages/Delivery Settings/input_Shipping rate by_Shipping_rate_by'

2020-03-20 11:41:29 - [TEST_STEP][PASSED] - sendKeys(findTestObject("ADMIN/Edit Text/Bespoke/Seller Pages/Delivery Settings/input_Delivering from_Delivering_from"), "*"): Keys '*' sent to object: 'Object Repository/ADMIN/Edit Text/Bespoke/Seller Pages/Delivery Settings/input_Delivering from_Delivering_from'

2020-03-20 11:41:29 - [MESSAGE][PASSED] - Keys '*' sent to object: 'Object Repository/ADMIN/Edit Text/Bespoke/Seller Pages/Delivery Settings/input_Delivering from_Delivering_from'

2020-03-20 11:41:29 - [TEST_STEP][PASSED] - sendKeys(findTestObject("ADMIN/Edit Text/Bespoke/Seller Pages/Delivery Settings/input_Delivery rates(s)_Shipping_rate_by"), "*"): Keys '*' sent to object: 'Object Repository/ADMIN/Edit Text/Bespoke/Seller Pages/Delivery Settings/input_Delivery rates(s)_Shipping_rate_by'

2020-03-20 11:41:30 - [MESSAGE][PASSED] - Keys '*' sent to object: 'Object Repository/ADMIN/Edit Text/Bespoke/Seller Pages/Delivery Settings/input_Delivery rates(s)_Shipping_rate_by'

2020-03-20 11:41:30 - [TEST_STEP][PASSED] - sendKeys(findTestObject("ADMIN/Edit Text/Bespoke/Seller Pages/Delivery Settings/input_Name_Name1"), "*"): Keys '*' sent to object: 'Object Repository/ADMIN/Edit Text/Bespoke/Seller Pages/Delivery Settings/input_Name_Name1'

2020-03-20 11:41:30 - [MESSAGE][PASSED] - Keys '*' sent to object: 'Object Repository/ADMIN/Edit Text/Bespoke/Seller Pages/Delivery Settings/input_Name_Name1'

2020-03-20 11:41:30 - [TEST_STEP][PASSED] - sendKeys(findTestObject("ADMIN/Edit Text/Bespoke/Seller Pages/Delivery Settings/input_Range_Range"), "*"): Keys '*' sent to object: 'Object Repository/ADMIN/Edit Text/Bespoke/Seller Pages/Delivery Settings/input_Range_Range'

2020-03-20 11:41:30 - [MESSAGE][PASSED] - Keys '*' sent to object: 'Object Repository/ADMIN/Edit Text/Bespoke/Seller Pages/Delivery Settings/input_Range_Range'

2020-03-20 11:41:30 - [TEST_STEP][PASSED] - sendKeys(findTestObject("ADMIN/Edit Text/Bespoke/Seller Pages/Delivery Settings/input_Delivery Cost_Delivery_Cost"), "*"): Keys '*' sent to object: 'Object Repository/ADMIN/Edit Text/Bespoke/Seller Pages/Delivery Settings/input_Delivery Cost_Delivery_Cost'

2020-03-20 11:41:30 - [MESSAGE][PASSED] - Keys '*' sent to object: 'Object Repository/ADMIN/Edit Text/Bespoke/Seller Pages/Delivery Settings/input_Delivery Cost_Delivery_Cost'

2020-03-20 11:41:30 - [TEST_STEP][PASSED] - sendKeys(findTestObject("ADMIN/Edit Text/Bespoke/Seller Pages/Delivery Settings/input_Okay_Range"), "*"): Keys '*' sent to object: 'Object Repository/ADMIN/Edit Text/Bespoke/Seller Pages/Delivery Settings/input_Okay_Range'

2020-03-20 11:41:30 - [MESSAGE][PASSED] - Keys '*' sent to object: 'Object Repository/ADMIN/Edit Text/Bespoke/Seller Pages/Delivery Settings/input_Okay_Range'

2020-03-20 11:41:30 - [TEST_STEP][PASSED] - sendKeys(findTestObject("ADMIN/Edit Text/Bespoke/Seller Pages/Delivery Settings/input_ADDEDIT DELIVERY OPTION_Add_edit_delivery_option"), "*"): Keys '*' sent to object: 'Object Repository/ADMIN/Edit Text/Bespoke/Seller Pages/Delivery Settings/input_ADDEDIT DELIVERY OPTION_Add_edit_delivery_option'

2020-03-20 11:41:30 - [MESSAGE][PASSED] - Keys '*' sent to object: 'Object Repository/ADMIN/Edit Text/Bespoke/Seller Pages/Delivery Settings/input_ADDEDIT DELIVERY OPTION_Add_edit_delivery_option'

2020-03-20 11:41:30 - [TEST_STEP][PASSED] - sendKeys(findTestObject("ADMIN/Edit Text/Bespoke/Seller Pages/Delivery Settings/input_Define the locations available and the rates for the delivery option_Define_the_locations_available_and_the_rates_for_the_delivery_option"), "*"): Keys '*' sent to object: 'Object Repository/ADMIN/Edit Text/Bespoke/Seller Pages/Delivery Settings/input_Define the locations available and the rates for the delivery option_Define_the_locations_available_and_the_rates_for_the_delivery_option'

2020-03-20 11:41:30 - [MESSAGE][PASSED] - Keys '*' sent to object: 'Object Repository/ADMIN/Edit Text/Bespoke/Seller Pages/Delivery Settings/input_Define the locations available and the rates for the delivery option_Define_the_locations_available_and_the_rates_for_the_delivery_option'

2020-03-20 11:41:30 - [TEST_STEP][PASSED] - sendKeys(findTestObject("ADMIN/Edit Text/Bespoke/Seller Pages/Delivery Settings/input_DELIVERY OPTION SETTINGS_DELIVERY_OPTIONS_SETTINGS"), "*"): Keys '*' sent to object: 'Object Repository/ADMIN/Edit Text/Bespoke/Seller Pages/Delivery Settings/input_DELIVERY OPTION SETTINGS_DELIVERY_OPTIONS_SETTINGS'

2020-03-20 11:41:31 - [MESSAGE][PASSED] - Keys '*' sent to object: 'Object Repository/ADMIN/Edit Text/Bespoke/Seller Pages/Delivery Settings/input_DELIVERY OPTION SETTINGS_DELIVERY_OPTIONS_SETTINGS'

2020-03-20 11:41:31 - [TEST_STEP][PASSED] - sendKeys(findTestObject("ADMIN/Edit Text/Bespoke/Seller Pages/Delivery Settings/input_DELIVERY OPTION NAME_DELIVERY_OPTION_NAME"), "*"): Keys '*' sent to object: 'Object Repository/ADMIN/Edit Text/Bespoke/Seller Pages/Delivery Settings/input_DELIVERY OPTION NAME_DELIVERY_OPTION_NAME'

2020-03-20 11:41:31 - [MESSAGE][PASSED] - Keys '*' sent to object: 'Object Repository/ADMIN/Edit Text/Bespoke/Seller Pages/Delivery Settings/input_DELIVERY OPTION NAME_DELIVERY_OPTION_NAME'

2020-03-20 11:41:31 - [TEST_STEP][PASSED] - sendKeys(findTestObject("ADMIN/Edit Text/Bespoke/Seller Pages/Delivery Settings/input_delivers to3"), "*"): Keys '*' sent to object: 'Object Repository/ADMIN/Edit Text/Bespoke/Seller Pages/Delivery Settings/input_delivers to3'

2020-03-20 11:41:31 - [MESSAGE][PASSED] - Keys '*' sent to object: 'Object Repository/ADMIN/Edit Text/Bespoke/Seller Pages/Delivery Settings/input_delivers to3'

2020-03-20 11:41:31 - [TEST_STEP][PASSED] - sendKeys(findTestObject("ADMIN/Edit Text/Bespoke/Seller Pages/Delivery Settings/input_MINIMUM LEAD TIME_Minimum_lead_time"), "*"): Keys '*' sent to object: 'Object Repository/ADMIN/Edit Text/Bespoke/Seller Pages/Delivery Settings/input_MINIMUM LEAD TIME_Minimum_lead_time'

2020-03-20 11:41:31 - [MESSAGE][PASSED] - Keys '*' sent to object: 'Object Repository/ADMIN/Edit Text/Bespoke/Seller Pages/Delivery Settings/input_MINIMUM LEAD TIME_Minimum_lead_time'

2020-03-20 11:41:31 - [TEST_STEP][PASSED] - sendKeys(findTestObject("ADMIN/Edit Text/Bespoke/Seller Pages/Delivery Settings/input_WHERE ARE YOU DELIVERING FROM_Where_are_you_delivering_from"), "*"): Keys '*' sent to object: 'Object Repository/ADMIN/Edit Text/Bespoke/Seller Pages/Delivery Settings/input_WHERE ARE YOU DELIVERING FROM_Where_are_you_delivering_from'

2020-03-20 11:41:31 - [MESSAGE][PASSED] - Keys '*' sent to object: 'Object Repository/ADMIN/Edit Text/Bespoke/Seller Pages/Delivery Settings/input_WHERE ARE YOU DELIVERING FROM_Where_are_you_delivering_from'

2020-03-20 11:41:31 - [TEST_STEP][PASSED] - sendKeys(findTestObject("ADMIN/Edit Text/Bespoke/Seller Pages/Delivery Settings/input_Select if you would like to calculate shipping by total order weight or total order price_total_order_weight_or_total_order_price"), "*"): Keys '*' sent to object: 'Object Repository/ADMIN/Edit Text/Bespoke/Seller Pages/Delivery Settings/input_Select if you would like to calculate shipping by total order weight or total order price_total_order_weight_or_total_order_price'

2020-03-20 11:41:32 - [MESSAGE][PASSED] - Keys '*' sent to object: 'Object Repository/ADMIN/Edit Text/Bespoke/Seller Pages/Delivery Settings/input_Select if you would like to calculate shipping by total order weight or total order price_total_order_weight_or_total_order_price'

2020-03-20 11:41:32 - [TEST_STEP][PASSED] - sendKeys(findTestObject("ADMIN/Edit Text/Bespoke/Seller Pages/Delivery Settings/input_Weight_Weight"), "*"): Keys '*' sent to object: 'Object Repository/ADMIN/Edit Text/Bespoke/Seller Pages/Delivery Settings/input_Weight_Weight'

2020-03-20 11:41:32 - [MESSAGE][PASSED] - Keys '*' sent to object: 'Object Repository/ADMIN/Edit Text/Bespoke/Seller Pages/Delivery Settings/input_Weight_Weight'

2020-03-20 11:41:32 - [TEST_STEP][PASSED] - sendKeys(findTestObject("ADMIN/Edit Text/Bespoke/Seller Pages/Delivery Settings/input_Price_Price"), "*"): Keys '*' sent to object: 'Object Repository/ADMIN/Edit Text/Bespoke/Seller Pages/Delivery Settings/input_Price_Price'

2020-03-20 11:41:32 - [MESSAGE][PASSED] - Keys '*' sent to object: 'Object Repository/ADMIN/Edit Text/Bespoke/Seller Pages/Delivery Settings/input_Price_Price'

2020-03-20 11:41:32 - [TEST_STEP][PASSED] - sendKeys(findTestObject("ADMIN/Edit Text/Bespoke/Seller Pages/Delivery Settings/input_Delivery Rate(s)_DelDelivery_Rates"), "*"): Keys '*' sent to object: 'Object Repository/ADMIN/Edit Text/Bespoke/Seller Pages/Delivery Settings/input_Delivery Rate(s)_DelDelivery_Rates'

2020-03-20 11:41:32 - [MESSAGE][PASSED] - Keys '*' sent to object: 'Object Repository/ADMIN/Edit Text/Bespoke/Seller Pages/Delivery Settings/input_Delivery Rate(s)_DelDelivery_Rates'

2020-03-20 11:41:32 - [TEST_STEP][PASSED] - sendKeys(findTestObject("ADMIN/Edit Text/Bespoke/Seller Pages/Delivery Settings/input_NAME_Name (1)"), "*"): Keys '*' sent to object: 'Object Repository/ADMIN/Edit Text/Bespoke/Seller Pages/Delivery Settings/input_NAME_Name (1)'

2020-03-20 11:41:32 - [MESSAGE][PASSED] - Keys '*' sent to object: 'Object Repository/ADMIN/Edit Text/Bespoke/Seller Pages/Delivery Settings/input_NAME_Name (1)'

2020-03-20 11:41:32 - [TEST_STEP][PASSED] - sendKeys(findTestObject("ADMIN/Edit Text/Bespoke/Seller Pages/Delivery Settings/input_RANGE_Range (1)"), "*"): Keys '*' sent to object: 'Object Repository/ADMIN/Edit Text/Bespoke/Seller Pages/Delivery Settings/input_RANGE_Range (1)'

2020-03-20 11:41:32 - [MESSAGE][PASSED] - Keys '*' sent to object: 'Object Repository/ADMIN/Edit Text/Bespoke/Seller Pages/Delivery Settings/input_RANGE_Range (1)'

2020-03-20 11:41:32 - [TEST_STEP][PASSED] - sendKeys(findTestObject("ADMIN/Edit Text/Bespoke/Seller Pages/Delivery Settings/input_DELIVERY COST_Delivery_Cost (1)"), "*"): Keys '*' sent to object: 'Object Repository/ADMIN/Edit Text/Bespoke/Seller Pages/Delivery Settings/input_DELIVERY COST_Delivery_Cost (1)'

2020-03-20 11:41:32 - [MESSAGE][PASSED] - Keys '*' sent to object: 'Object Repository/ADMIN/Edit Text/Bespoke/Seller Pages/Delivery Settings/input_DELIVERY COST_Delivery_Cost (1)'

2020-03-20 11:41:32 - [TEST_STEP][PASSED] - sendKeys(findTestObject("ADMIN/Edit Text/Bespoke/Seller Pages/Delivery Settings/input_Onwards_Onwards"), "*"): Keys '*' sent to object: 'Object Repository/ADMIN/Edit Text/Bespoke/Seller Pages/Delivery Settings/input_Onwards_Onwards'

2020-03-20 11:41:32 - [MESSAGE][PASSED] - Keys '*' sent to object: 'Object Repository/ADMIN/Edit Text/Bespoke/Seller Pages/Delivery Settings/input_Onwards_Onwards'

2020-03-20 11:41:32 - [TEST_STEP][PASSED] - sendKeys(findTestObject("ADMIN/Edit Text/Bespoke/Seller Pages/Delivery Settings/input_Add Delivery Rate_Add_Delivery_Rate"), "*"): Keys '*' sent to object: 'Object Repository/ADMIN/Edit Text/Bespoke/Seller Pages/Delivery Settings/input_Add Delivery Rate_Add_Delivery_Rate'

2020-03-20 11:41:33 - [MESSAGE][PASSED] - Keys '*' sent to object: 'Object Repository/ADMIN/Edit Text/Bespoke/Seller Pages/Delivery Settings/input_Add Delivery Rate_Add_Delivery_Rate'

2020-03-20 11:41:33 - [TEST_STEP][PASSED] - sendKeys(findTestObject("ADMIN/Edit Text/Bespoke/Seller Pages/Delivery Settings/input_Delivery Rate Name (Buyers will not see this)_Delivery_Rate_Name"), "*"): Keys '*' sent to object: 'Object Repository/ADMIN/Edit Text/Bespoke/Seller Pages/Delivery Settings/input_Delivery Rate Name (Buyers will not see this)_Delivery_Rate_Name'

2020-03-20 11:41:33 - [MESSAGE][PASSED] - Keys '*' sent to object: 'Object Repository/ADMIN/Edit Text/Bespoke/Seller Pages/Delivery Settings/input_Delivery Rate Name (Buyers will not see this)_Delivery_Rate_Name'

2020-03-20 11:41:33 - [TEST_STEP][PASSED] - sendKeys(findTestObject("ADMIN/Edit Text/Bespoke/Seller Pages/Delivery Settings/input_To_To"), "*"): Keys '*' sent to object: 'Object Repository/ADMIN/Edit Text/Bespoke/Seller Pages/Delivery Settings/input_To_To'

2020-03-20 11:41:33 - [MESSAGE][PASSED] - Keys '*' sent to object: 'Object Repository/ADMIN/Edit Text/Bespoke/Seller Pages/Delivery Settings/input_To_To'

2020-03-20 11:41:33 - [TEST_STEP][PASSED] - sendKeys(findTestObject("ADMIN/Edit Text/Bespoke/Seller Pages/Delivery Settings/input_delivery cost4"), "*"): Keys '*' sent to object: 'Object Repository/ADMIN/Edit Text/Bespoke/Seller Pages/Delivery Settings/input_delivery cost4'

2020-03-20 11:41:33 - [MESSAGE][PASSED] - Keys '*' sent to object: 'Object Repository/ADMIN/Edit Text/Bespoke/Seller Pages/Delivery Settings/input_delivery cost4'

2020-03-20 11:41:33 - [TEST_STEP][PASSED] - sendKeys(findTestObject("ADMIN/Edit Text/Bespoke/Seller Pages/Delivery Settings/input_Save_Save"), "*"): Keys '*' sent to object: 'Object Repository/ADMIN/Edit Text/Bespoke/Seller Pages/Delivery Settings/input_Save_Save'

2020-03-20 11:41:33 - [MESSAGE][PASSED] - Keys '*' sent to object: 'Object Repository/ADMIN/Edit Text/Bespoke/Seller Pages/Delivery Settings/input_Save_Save'

2020-03-20 11:41:33 - [TEST_STEP][PASSED] - sendKeys(findTestObject("ADMIN/Edit Text/Bespoke/Seller Pages/Delivery Settings/input_Cancel_Cancel"), "*"): Keys '*' sent to object: 'Object Repository/ADMIN/Edit Text/Bespoke/Seller Pages/Delivery Settings/input_Cancel_Cancel'

2020-03-20 11:41:34 - [MESSAGE][PASSED] - Keys '*' sent to object: 'Object Repository/ADMIN/Edit Text/Bespoke/Seller Pages/Delivery Settings/input_Cancel_Cancel'

2020-03-20 11:41:34 - [TEST_STEP][PASSED] - click(findTestObject("ADMIN/Edit Text/Bespoke/Buyer Pages/Homepage/button_save"), CONTINUE_ON_FAILURE): Object: 'Object Repository/ADMIN/Edit Text/Bespoke/Buyer Pages/Homepage/button_save' is clicked on

2020-03-20 11:41:34 - [MESSAGE][PASSED] - Object: 'Object Repository/ADMIN/Edit Text/Bespoke/Buyer Pages/Homepage/button_save' is clicked on

2020-03-20 11:41:34 - [TEST_STEP][PASSED] - waitForElementVisible(findTestObject("ADMIN/Edit Text/Bespoke/Buyer Pages/Homepage/toaster_success"), 0): Object 'Object Repository/ADMIN/Edit Text/Bespoke/Buyer Pages/Homepage/toaster_success' is visible

2020-03-20 11:41:34 - [MESSAGE][WARNING] - Timeout '0' is invalid. Using default page load timeout: '30'

2020-03-20 11:41:34 - [MESSAGE][PASSED] - Object 'Object Repository/ADMIN/Edit Text/Bespoke/Buyer Pages/Homepage/toaster_success' is visible]]></system-out>
         <system-err><![CDATA[]]></system-err>
      </testcase>
      <testcase name="Test Cases/ADMIN/Language/Edit Text/Bespoke/Seller/Delivery Settings" time="8.562" classname="Test Cases/ADMIN/Language/Edit Text/Bespoke/Seller/Delivery Settings" status="PASSED">
         <system-out><![CDATA[2020-03-20 11:41:34 - [TEST_CASE][PASSED] - Test Cases/ADMIN/Language/Edit Text/Bespoke/Seller/Delivery Settings: Test Cases/ADMIN/Language/Edit Text/Bespoke/Seller/Delivery Settings

2020-03-20 11:41:34 - [TEST_STEP][PASSED] - waitForElementVisible(findTestObject("ADMIN/Edit Text/Bespoke/Buyer Navigation/dd_language"), 0): Object 'Object Repository/ADMIN/Edit Text/Bespoke/Buyer Navigation/dd_language' is visible

2020-03-20 11:41:34 - [MESSAGE][WARNING] - Timeout '0' is invalid. Using default page load timeout: '30'

2020-03-20 11:41:34 - [MESSAGE][PASSED] - Object 'Object Repository/ADMIN/Edit Text/Bespoke/Buyer Navigation/dd_language' is visible

2020-03-20 11:41:34 - [TEST_STEP][PASSED] - selectOptionByLabel(findTestObject("ADMIN/Edit Text/Bespoke/Buyer Navigation/dd_language"), varLanguage, false): All options with label 'Dutch' are selected in object 'Object Repository/ADMIN/Edit Text/Bespoke/Buyer Navigation/dd_language' 

2020-03-20 11:41:35 - [MESSAGE][PASSED] - All options with label 'Dutch' are selected in object 'Object Repository/ADMIN/Edit Text/Bespoke/Buyer Navigation/dd_language' 

2020-03-20 11:41:35 - [TEST_STEP][PASSED] - sendKeys(findTestObject("ADMIN/Edit Text/Bespoke/Seller Pages/Delivery Settings/input_DELIVERY SETTINGS_DELIVERY_SETTINGS"), "*"): Keys '*' sent to object: 'Object Repository/ADMIN/Edit Text/Bespoke/Seller Pages/Delivery Settings/input_DELIVERY SETTINGS_DELIVERY_SETTINGS'

2020-03-20 11:41:36 - [MESSAGE][PASSED] - Keys '*' sent to object: 'Object Repository/ADMIN/Edit Text/Bespoke/Seller Pages/Delivery Settings/input_DELIVERY SETTINGS_DELIVERY_SETTINGS'

2020-03-20 11:41:36 - [TEST_STEP][PASSED] - sendKeys(findTestObject("ADMIN/Edit Text/Bespoke/Seller Pages/Delivery Settings/input_add del or pickup"), "*"): Keys '*' sent to object: 'Object Repository/ADMIN/Edit Text/Bespoke/Seller Pages/Delivery Settings/input_add del or pickup'

2020-03-20 11:41:37 - [MESSAGE][PASSED] - Keys '*' sent to object: 'Object Repository/ADMIN/Edit Text/Bespoke/Seller Pages/Delivery Settings/input_add del or pickup'

2020-03-20 11:41:37 - [TEST_STEP][PASSED] - sendKeys(findTestObject("ADMIN/Edit Text/Bespoke/Seller Pages/Delivery Settings/input_DELIVERY OPTIONS_DELIVERY_OPTIONS"), "*"): Keys '*' sent to object: 'Object Repository/ADMIN/Edit Text/Bespoke/Seller Pages/Delivery Settings/input_DELIVERY OPTIONS_DELIVERY_OPTIONS'

2020-03-20 11:41:37 - [MESSAGE][PASSED] - Keys '*' sent to object: 'Object Repository/ADMIN/Edit Text/Bespoke/Seller Pages/Delivery Settings/input_DELIVERY OPTIONS_DELIVERY_OPTIONS'

2020-03-20 11:41:37 - [TEST_STEP][PASSED] - sendKeys(findTestObject("ADMIN/Edit Text/Bespoke/Seller Pages/Delivery Settings/input_Add Delivery Options_select_delivery_method"), "*"): Keys '*' sent to object: 'Object Repository/ADMIN/Edit Text/Bespoke/Seller Pages/Delivery Settings/input_Add Delivery Options_select_delivery_method'

2020-03-20 11:41:37 - [MESSAGE][PASSED] - Keys '*' sent to object: 'Object Repository/ADMIN/Edit Text/Bespoke/Seller Pages/Delivery Settings/input_Add Delivery Options_select_delivery_method'

2020-03-20 11:41:37 - [TEST_STEP][PASSED] - sendKeys(findTestObject("ADMIN/Edit Text/Bespoke/Seller Pages/Delivery Settings/input_Name_Name"), "*"): Keys '*' sent to object: 'Object Repository/ADMIN/Edit Text/Bespoke/Seller Pages/Delivery Settings/input_Name_Name'

2020-03-20 11:41:37 - [MESSAGE][PASSED] - Keys '*' sent to object: 'Object Repository/ADMIN/Edit Text/Bespoke/Seller Pages/Delivery Settings/input_Name_Name'

2020-03-20 11:41:37 - [TEST_STEP][PASSED] - sendKeys(findTestObject("ADMIN/Edit Text/Bespoke/Seller Pages/Delivery Settings/input_DELIVERS TO_DELIVERS_TO"), "*"): Keys '*' sent to object: 'Object Repository/ADMIN/Edit Text/Bespoke/Seller Pages/Delivery Settings/input_DELIVERS TO_DELIVERS_TO'

2020-03-20 11:41:37 - [MESSAGE][PASSED] - Keys '*' sent to object: 'Object Repository/ADMIN/Edit Text/Bespoke/Seller Pages/Delivery Settings/input_DELIVERS TO_DELIVERS_TO'

2020-03-20 11:41:37 - [TEST_STEP][PASSED] - sendKeys(findTestObject("ADMIN/Edit Text/Bespoke/Seller Pages/Delivery Settings/input_PICK-UP OPTIONS_PICK-UP_OPTIONS"), "*"): Keys '*' sent to object: 'Object Repository/ADMIN/Edit Text/Bespoke/Seller Pages/Delivery Settings/input_PICK-UP OPTIONS_PICK-UP_OPTIONS'

2020-03-20 11:41:38 - [MESSAGE][PASSED] - Keys '*' sent to object: 'Object Repository/ADMIN/Edit Text/Bespoke/Seller Pages/Delivery Settings/input_PICK-UP OPTIONS_PICK-UP_OPTIONS'

2020-03-20 11:41:38 - [TEST_STEP][PASSED] - sendKeys(findTestObject("ADMIN/Edit Text/Bespoke/Seller Pages/Delivery Settings/input_Add Pick-up Options_Add_Pick-up_Options"), "*"): Keys '*' sent to object: 'Object Repository/ADMIN/Edit Text/Bespoke/Seller Pages/Delivery Settings/input_Add Pick-up Options_Add_Pick-up_Options'

2020-03-20 11:41:38 - [MESSAGE][PASSED] - Keys '*' sent to object: 'Object Repository/ADMIN/Edit Text/Bespoke/Seller Pages/Delivery Settings/input_Add Pick-up Options_Add_Pick-up_Options'

2020-03-20 11:41:38 - [TEST_STEP][PASSED] - sendKeys(findTestObject("ADMIN/Edit Text/Bespoke/Seller Pages/Delivery Settings/input_Define the full address where the buyer can pick up from_delivery_desc_used"), "*"): Keys '*' sent to object: 'Object Repository/ADMIN/Edit Text/Bespoke/Seller Pages/Delivery Settings/input_Define the full address where the buyer can pick up from_delivery_desc_used'

2020-03-20 11:41:38 - [MESSAGE][PASSED] - Keys '*' sent to object: 'Object Repository/ADMIN/Edit Text/Bespoke/Seller Pages/Delivery Settings/input_Define the full address where the buyer can pick up from_delivery_desc_used'

2020-03-20 11:41:38 - [TEST_STEP][PASSED] - sendKeys(findTestObject("ADMIN/Edit Text/Bespoke/Seller Pages/Delivery Settings/input_Delivers to_Delivers_to (1)"), "*"): Keys '*' sent to object: 'Object Repository/ADMIN/Edit Text/Bespoke/Seller Pages/Delivery Settings/input_Delivers to_Delivers_to (1)'

2020-03-20 11:41:38 - [MESSAGE][PASSED] - Keys '*' sent to object: 'Object Repository/ADMIN/Edit Text/Bespoke/Seller Pages/Delivery Settings/input_Delivers to_Delivers_to (1)'

2020-03-20 11:41:38 - [TEST_STEP][PASSED] - sendKeys(findTestObject("ADMIN/Edit Text/Bespoke/Seller Pages/Delivery Settings/input_Shipping rate by_Shipping_rate_by"), "*"): Keys '*' sent to object: 'Object Repository/ADMIN/Edit Text/Bespoke/Seller Pages/Delivery Settings/input_Shipping rate by_Shipping_rate_by'

2020-03-20 11:41:38 - [MESSAGE][PASSED] - Keys '*' sent to object: 'Object Repository/ADMIN/Edit Text/Bespoke/Seller Pages/Delivery Settings/input_Shipping rate by_Shipping_rate_by'

2020-03-20 11:41:38 - [TEST_STEP][PASSED] - sendKeys(findTestObject("ADMIN/Edit Text/Bespoke/Seller Pages/Delivery Settings/input_Delivering from_Delivering_from"), "*"): Keys '*' sent to object: 'Object Repository/ADMIN/Edit Text/Bespoke/Seller Pages/Delivery Settings/input_Delivering from_Delivering_from'

2020-03-20 11:41:38 - [MESSAGE][PASSED] - Keys '*' sent to object: 'Object Repository/ADMIN/Edit Text/Bespoke/Seller Pages/Delivery Settings/input_Delivering from_Delivering_from'

2020-03-20 11:41:38 - [TEST_STEP][PASSED] - sendKeys(findTestObject("ADMIN/Edit Text/Bespoke/Seller Pages/Delivery Settings/input_Delivery rates(s)_Shipping_rate_by"), "*"): Keys '*' sent to object: 'Object Repository/ADMIN/Edit Text/Bespoke/Seller Pages/Delivery Settings/input_Delivery rates(s)_Shipping_rate_by'

2020-03-20 11:41:38 - [MESSAGE][PASSED] - Keys '*' sent to object: 'Object Repository/ADMIN/Edit Text/Bespoke/Seller Pages/Delivery Settings/input_Delivery rates(s)_Shipping_rate_by'

2020-03-20 11:41:38 - [TEST_STEP][PASSED] - sendKeys(findTestObject("ADMIN/Edit Text/Bespoke/Seller Pages/Delivery Settings/input_Name_Name1"), "*"): Keys '*' sent to object: 'Object Repository/ADMIN/Edit Text/Bespoke/Seller Pages/Delivery Settings/input_Name_Name1'

2020-03-20 11:41:39 - [MESSAGE][PASSED] - Keys '*' sent to object: 'Object Repository/ADMIN/Edit Text/Bespoke/Seller Pages/Delivery Settings/input_Name_Name1'

2020-03-20 11:41:39 - [TEST_STEP][PASSED] - sendKeys(findTestObject("ADMIN/Edit Text/Bespoke/Seller Pages/Delivery Settings/input_Range_Range"), "*"): Keys '*' sent to object: 'Object Repository/ADMIN/Edit Text/Bespoke/Seller Pages/Delivery Settings/input_Range_Range'

2020-03-20 11:41:39 - [MESSAGE][PASSED] - Keys '*' sent to object: 'Object Repository/ADMIN/Edit Text/Bespoke/Seller Pages/Delivery Settings/input_Range_Range'

2020-03-20 11:41:39 - [TEST_STEP][PASSED] - sendKeys(findTestObject("ADMIN/Edit Text/Bespoke/Seller Pages/Delivery Settings/input_Delivery Cost_Delivery_Cost"), "*"): Keys '*' sent to object: 'Object Repository/ADMIN/Edit Text/Bespoke/Seller Pages/Delivery Settings/input_Delivery Cost_Delivery_Cost'

2020-03-20 11:41:39 - [MESSAGE][PASSED] - Keys '*' sent to object: 'Object Repository/ADMIN/Edit Text/Bespoke/Seller Pages/Delivery Settings/input_Delivery Cost_Delivery_Cost'

2020-03-20 11:41:39 - [TEST_STEP][PASSED] - sendKeys(findTestObject("ADMIN/Edit Text/Bespoke/Seller Pages/Delivery Settings/input_Okay_Range"), "*"): Keys '*' sent to object: 'Object Repository/ADMIN/Edit Text/Bespoke/Seller Pages/Delivery Settings/input_Okay_Range'

2020-03-20 11:41:39 - [MESSAGE][PASSED] - Keys '*' sent to object: 'Object Repository/ADMIN/Edit Text/Bespoke/Seller Pages/Delivery Settings/input_Okay_Range'

2020-03-20 11:41:39 - [TEST_STEP][PASSED] - sendKeys(findTestObject("ADMIN/Edit Text/Bespoke/Seller Pages/Delivery Settings/input_ADDEDIT DELIVERY OPTION_Add_edit_delivery_option"), "*"): Keys '*' sent to object: 'Object Repository/ADMIN/Edit Text/Bespoke/Seller Pages/Delivery Settings/input_ADDEDIT DELIVERY OPTION_Add_edit_delivery_option'

2020-03-20 11:41:39 - [MESSAGE][PASSED] - Keys '*' sent to object: 'Object Repository/ADMIN/Edit Text/Bespoke/Seller Pages/Delivery Settings/input_ADDEDIT DELIVERY OPTION_Add_edit_delivery_option'

2020-03-20 11:41:39 - [TEST_STEP][PASSED] - sendKeys(findTestObject("ADMIN/Edit Text/Bespoke/Seller Pages/Delivery Settings/input_Define the locations available and the rates for the delivery option_Define_the_locations_available_and_the_rates_for_the_delivery_option"), "*"): Keys '*' sent to object: 'Object Repository/ADMIN/Edit Text/Bespoke/Seller Pages/Delivery Settings/input_Define the locations available and the rates for the delivery option_Define_the_locations_available_and_the_rates_for_the_delivery_option'

2020-03-20 11:41:39 - [MESSAGE][PASSED] - Keys '*' sent to object: 'Object Repository/ADMIN/Edit Text/Bespoke/Seller Pages/Delivery Settings/input_Define the locations available and the rates for the delivery option_Define_the_locations_available_and_the_rates_for_the_delivery_option'

2020-03-20 11:41:39 - [TEST_STEP][PASSED] - sendKeys(findTestObject("ADMIN/Edit Text/Bespoke/Seller Pages/Delivery Settings/input_DELIVERY OPTION SETTINGS_DELIVERY_OPTIONS_SETTINGS"), "*"): Keys '*' sent to object: 'Object Repository/ADMIN/Edit Text/Bespoke/Seller Pages/Delivery Settings/input_DELIVERY OPTION SETTINGS_DELIVERY_OPTIONS_SETTINGS'

2020-03-20 11:41:39 - [MESSAGE][PASSED] - Keys '*' sent to object: 'Object Repository/ADMIN/Edit Text/Bespoke/Seller Pages/Delivery Settings/input_DELIVERY OPTION SETTINGS_DELIVERY_OPTIONS_SETTINGS'

2020-03-20 11:41:39 - [TEST_STEP][PASSED] - sendKeys(findTestObject("ADMIN/Edit Text/Bespoke/Seller Pages/Delivery Settings/input_DELIVERY OPTION NAME_DELIVERY_OPTION_NAME"), "*"): Keys '*' sent to object: 'Object Repository/ADMIN/Edit Text/Bespoke/Seller Pages/Delivery Settings/input_DELIVERY OPTION NAME_DELIVERY_OPTION_NAME'

2020-03-20 11:41:40 - [MESSAGE][PASSED] - Keys '*' sent to object: 'Object Repository/ADMIN/Edit Text/Bespoke/Seller Pages/Delivery Settings/input_DELIVERY OPTION NAME_DELIVERY_OPTION_NAME'

2020-03-20 11:41:40 - [TEST_STEP][PASSED] - sendKeys(findTestObject("ADMIN/Edit Text/Bespoke/Seller Pages/Delivery Settings/input_delivers to3"), "*"): Keys '*' sent to object: 'Object Repository/ADMIN/Edit Text/Bespoke/Seller Pages/Delivery Settings/input_delivers to3'

2020-03-20 11:41:40 - [MESSAGE][PASSED] - Keys '*' sent to object: 'Object Repository/ADMIN/Edit Text/Bespoke/Seller Pages/Delivery Settings/input_delivers to3'

2020-03-20 11:41:40 - [TEST_STEP][PASSED] - sendKeys(findTestObject("ADMIN/Edit Text/Bespoke/Seller Pages/Delivery Settings/input_MINIMUM LEAD TIME_Minimum_lead_time"), "*"): Keys '*' sent to object: 'Object Repository/ADMIN/Edit Text/Bespoke/Seller Pages/Delivery Settings/input_MINIMUM LEAD TIME_Minimum_lead_time'

2020-03-20 11:41:40 - [MESSAGE][PASSED] - Keys '*' sent to object: 'Object Repository/ADMIN/Edit Text/Bespoke/Seller Pages/Delivery Settings/input_MINIMUM LEAD TIME_Minimum_lead_time'

2020-03-20 11:41:40 - [TEST_STEP][PASSED] - sendKeys(findTestObject("ADMIN/Edit Text/Bespoke/Seller Pages/Delivery Settings/input_WHERE ARE YOU DELIVERING FROM_Where_are_you_delivering_from"), "*"): Keys '*' sent to object: 'Object Repository/ADMIN/Edit Text/Bespoke/Seller Pages/Delivery Settings/input_WHERE ARE YOU DELIVERING FROM_Where_are_you_delivering_from'

2020-03-20 11:41:40 - [MESSAGE][PASSED] - Keys '*' sent to object: 'Object Repository/ADMIN/Edit Text/Bespoke/Seller Pages/Delivery Settings/input_WHERE ARE YOU DELIVERING FROM_Where_are_you_delivering_from'

2020-03-20 11:41:40 - [TEST_STEP][PASSED] - sendKeys(findTestObject("ADMIN/Edit Text/Bespoke/Seller Pages/Delivery Settings/input_Select if you would like to calculate shipping by total order weight or total order price_total_order_weight_or_total_order_price"), "*"): Keys '*' sent to object: 'Object Repository/ADMIN/Edit Text/Bespoke/Seller Pages/Delivery Settings/input_Select if you would like to calculate shipping by total order weight or total order price_total_order_weight_or_total_order_price'

2020-03-20 11:41:40 - [MESSAGE][PASSED] - Keys '*' sent to object: 'Object Repository/ADMIN/Edit Text/Bespoke/Seller Pages/Delivery Settings/input_Select if you would like to calculate shipping by total order weight or total order price_total_order_weight_or_total_order_price'

2020-03-20 11:41:40 - [TEST_STEP][PASSED] - sendKeys(findTestObject("ADMIN/Edit Text/Bespoke/Seller Pages/Delivery Settings/input_Weight_Weight"), "*"): Keys '*' sent to object: 'Object Repository/ADMIN/Edit Text/Bespoke/Seller Pages/Delivery Settings/input_Weight_Weight'

2020-03-20 11:41:40 - [MESSAGE][PASSED] - Keys '*' sent to object: 'Object Repository/ADMIN/Edit Text/Bespoke/Seller Pages/Delivery Settings/input_Weight_Weight'

2020-03-20 11:41:40 - [TEST_STEP][PASSED] - sendKeys(findTestObject("ADMIN/Edit Text/Bespoke/Seller Pages/Delivery Settings/input_Price_Price"), "*"): Keys '*' sent to object: 'Object Repository/ADMIN/Edit Text/Bespoke/Seller Pages/Delivery Settings/input_Price_Price'

2020-03-20 11:41:40 - [MESSAGE][PASSED] - Keys '*' sent to object: 'Object Repository/ADMIN/Edit Text/Bespoke/Seller Pages/Delivery Settings/input_Price_Price'

2020-03-20 11:41:40 - [TEST_STEP][PASSED] - sendKeys(findTestObject("ADMIN/Edit Text/Bespoke/Seller Pages/Delivery Settings/input_Delivery Rate(s)_DelDelivery_Rates"), "*"): Keys '*' sent to object: 'Object Repository/ADMIN/Edit Text/Bespoke/Seller Pages/Delivery Settings/input_Delivery Rate(s)_DelDelivery_Rates'

2020-03-20 11:41:41 - [MESSAGE][PASSED] - Keys '*' sent to object: 'Object Repository/ADMIN/Edit Text/Bespoke/Seller Pages/Delivery Settings/input_Delivery Rate(s)_DelDelivery_Rates'

2020-03-20 11:41:41 - [TEST_STEP][PASSED] - sendKeys(findTestObject("ADMIN/Edit Text/Bespoke/Seller Pages/Delivery Settings/input_NAME_Name (1)"), "*"): Keys '*' sent to object: 'Object Repository/ADMIN/Edit Text/Bespoke/Seller Pages/Delivery Settings/input_NAME_Name (1)'

2020-03-20 11:41:41 - [MESSAGE][PASSED] - Keys '*' sent to object: 'Object Repository/ADMIN/Edit Text/Bespoke/Seller Pages/Delivery Settings/input_NAME_Name (1)'

2020-03-20 11:41:41 - [TEST_STEP][PASSED] - sendKeys(findTestObject("ADMIN/Edit Text/Bespoke/Seller Pages/Delivery Settings/input_RANGE_Range (1)"), "*"): Keys '*' sent to object: 'Object Repository/ADMIN/Edit Text/Bespoke/Seller Pages/Delivery Settings/input_RANGE_Range (1)'

2020-03-20 11:41:41 - [MESSAGE][PASSED] - Keys '*' sent to object: 'Object Repository/ADMIN/Edit Text/Bespoke/Seller Pages/Delivery Settings/input_RANGE_Range (1)'

2020-03-20 11:41:41 - [TEST_STEP][PASSED] - sendKeys(findTestObject("ADMIN/Edit Text/Bespoke/Seller Pages/Delivery Settings/input_DELIVERY COST_Delivery_Cost (1)"), "*"): Keys '*' sent to object: 'Object Repository/ADMIN/Edit Text/Bespoke/Seller Pages/Delivery Settings/input_DELIVERY COST_Delivery_Cost (1)'

2020-03-20 11:41:41 - [MESSAGE][PASSED] - Keys '*' sent to object: 'Object Repository/ADMIN/Edit Text/Bespoke/Seller Pages/Delivery Settings/input_DELIVERY COST_Delivery_Cost (1)'

2020-03-20 11:41:41 - [TEST_STEP][PASSED] - sendKeys(findTestObject("ADMIN/Edit Text/Bespoke/Seller Pages/Delivery Settings/input_Onwards_Onwards"), "*"): Keys '*' sent to object: 'Object Repository/ADMIN/Edit Text/Bespoke/Seller Pages/Delivery Settings/input_Onwards_Onwards'

2020-03-20 11:41:41 - [MESSAGE][PASSED] - Keys '*' sent to object: 'Object Repository/ADMIN/Edit Text/Bespoke/Seller Pages/Delivery Settings/input_Onwards_Onwards'

2020-03-20 11:41:41 - [TEST_STEP][PASSED] - sendKeys(findTestObject("ADMIN/Edit Text/Bespoke/Seller Pages/Delivery Settings/input_Add Delivery Rate_Add_Delivery_Rate"), "*"): Keys '*' sent to object: 'Object Repository/ADMIN/Edit Text/Bespoke/Seller Pages/Delivery Settings/input_Add Delivery Rate_Add_Delivery_Rate'

2020-03-20 11:41:41 - [MESSAGE][PASSED] - Keys '*' sent to object: 'Object Repository/ADMIN/Edit Text/Bespoke/Seller Pages/Delivery Settings/input_Add Delivery Rate_Add_Delivery_Rate'

2020-03-20 11:41:41 - [TEST_STEP][PASSED] - sendKeys(findTestObject("ADMIN/Edit Text/Bespoke/Seller Pages/Delivery Settings/input_Delivery Rate Name (Buyers will not see this)_Delivery_Rate_Name"), "*"): Keys '*' sent to object: 'Object Repository/ADMIN/Edit Text/Bespoke/Seller Pages/Delivery Settings/input_Delivery Rate Name (Buyers will not see this)_Delivery_Rate_Name'

2020-03-20 11:41:41 - [MESSAGE][PASSED] - Keys '*' sent to object: 'Object Repository/ADMIN/Edit Text/Bespoke/Seller Pages/Delivery Settings/input_Delivery Rate Name (Buyers will not see this)_Delivery_Rate_Name'

2020-03-20 11:41:41 - [TEST_STEP][PASSED] - sendKeys(findTestObject("ADMIN/Edit Text/Bespoke/Seller Pages/Delivery Settings/input_To_To"), "*"): Keys '*' sent to object: 'Object Repository/ADMIN/Edit Text/Bespoke/Seller Pages/Delivery Settings/input_To_To'

2020-03-20 11:41:42 - [MESSAGE][PASSED] - Keys '*' sent to object: 'Object Repository/ADMIN/Edit Text/Bespoke/Seller Pages/Delivery Settings/input_To_To'

2020-03-20 11:41:42 - [TEST_STEP][PASSED] - sendKeys(findTestObject("ADMIN/Edit Text/Bespoke/Seller Pages/Delivery Settings/input_delivery cost4"), "*"): Keys '*' sent to object: 'Object Repository/ADMIN/Edit Text/Bespoke/Seller Pages/Delivery Settings/input_delivery cost4'

2020-03-20 11:41:42 - [MESSAGE][PASSED] - Keys '*' sent to object: 'Object Repository/ADMIN/Edit Text/Bespoke/Seller Pages/Delivery Settings/input_delivery cost4'

2020-03-20 11:41:42 - [TEST_STEP][PASSED] - sendKeys(findTestObject("ADMIN/Edit Text/Bespoke/Seller Pages/Delivery Settings/input_Save_Save"), "*"): Keys '*' sent to object: 'Object Repository/ADMIN/Edit Text/Bespoke/Seller Pages/Delivery Settings/input_Save_Save'

2020-03-20 11:41:42 - [MESSAGE][PASSED] - Keys '*' sent to object: 'Object Repository/ADMIN/Edit Text/Bespoke/Seller Pages/Delivery Settings/input_Save_Save'

2020-03-20 11:41:42 - [TEST_STEP][PASSED] - sendKeys(findTestObject("ADMIN/Edit Text/Bespoke/Seller Pages/Delivery Settings/input_Cancel_Cancel"), "*"): Keys '*' sent to object: 'Object Repository/ADMIN/Edit Text/Bespoke/Seller Pages/Delivery Settings/input_Cancel_Cancel'

2020-03-20 11:41:42 - [MESSAGE][PASSED] - Keys '*' sent to object: 'Object Repository/ADMIN/Edit Text/Bespoke/Seller Pages/Delivery Settings/input_Cancel_Cancel'

2020-03-20 11:41:42 - [TEST_STEP][PASSED] - click(findTestObject("ADMIN/Edit Text/Bespoke/Buyer Pages/Homepage/button_save"), CONTINUE_ON_FAILURE): Object: 'Object Repository/ADMIN/Edit Text/Bespoke/Buyer Pages/Homepage/button_save' is clicked on

2020-03-20 11:41:42 - [MESSAGE][PASSED] - Object: 'Object Repository/ADMIN/Edit Text/Bespoke/Buyer Pages/Homepage/button_save' is clicked on

2020-03-20 11:41:42 - [TEST_STEP][PASSED] - waitForElementVisible(findTestObject("ADMIN/Edit Text/Bespoke/Buyer Pages/Homepage/toaster_success"), 0): Object 'Object Repository/ADMIN/Edit Text/Bespoke/Buyer Pages/Homepage/toaster_success' is visible

2020-03-20 11:41:42 - [MESSAGE][WARNING] - Timeout '0' is invalid. Using default page load timeout: '30'

2020-03-20 11:41:43 - [MESSAGE][PASSED] - Object 'Object Repository/ADMIN/Edit Text/Bespoke/Buyer Pages/Homepage/toaster_success' is visible]]></system-out>
         <system-err><![CDATA[]]></system-err>
      </testcase>
      <testcase name="Test Cases/ADMIN/Language/Edit Text/Bespoke/Seller/Delivery Settings" time="8.11" classname="Test Cases/ADMIN/Language/Edit Text/Bespoke/Seller/Delivery Settings" status="PASSED">
         <system-out><![CDATA[2020-03-20 11:41:43 - [TEST_CASE][PASSED] - Test Cases/ADMIN/Language/Edit Text/Bespoke/Seller/Delivery Settings: Test Cases/ADMIN/Language/Edit Text/Bespoke/Seller/Delivery Settings

2020-03-20 11:41:43 - [TEST_STEP][PASSED] - waitForElementVisible(findTestObject("ADMIN/Edit Text/Bespoke/Buyer Navigation/dd_language"), 0): Object 'Object Repository/ADMIN/Edit Text/Bespoke/Buyer Navigation/dd_language' is visible

2020-03-20 11:41:43 - [MESSAGE][WARNING] - Timeout '0' is invalid. Using default page load timeout: '30'

2020-03-20 11:41:43 - [MESSAGE][PASSED] - Object 'Object Repository/ADMIN/Edit Text/Bespoke/Buyer Navigation/dd_language' is visible

2020-03-20 11:41:43 - [TEST_STEP][PASSED] - selectOptionByLabel(findTestObject("ADMIN/Edit Text/Bespoke/Buyer Navigation/dd_language"), varLanguage, false): All options with label 'Swedish' are selected in object 'Object Repository/ADMIN/Edit Text/Bespoke/Buyer Navigation/dd_language' 

2020-03-20 11:41:44 - [MESSAGE][PASSED] - All options with label 'Swedish' are selected in object 'Object Repository/ADMIN/Edit Text/Bespoke/Buyer Navigation/dd_language' 

2020-03-20 11:41:44 - [TEST_STEP][PASSED] - sendKeys(findTestObject("ADMIN/Edit Text/Bespoke/Seller Pages/Delivery Settings/input_DELIVERY SETTINGS_DELIVERY_SETTINGS"), "*"): Keys '*' sent to object: 'Object Repository/ADMIN/Edit Text/Bespoke/Seller Pages/Delivery Settings/input_DELIVERY SETTINGS_DELIVERY_SETTINGS'

2020-03-20 11:41:45 - [MESSAGE][PASSED] - Keys '*' sent to object: 'Object Repository/ADMIN/Edit Text/Bespoke/Seller Pages/Delivery Settings/input_DELIVERY SETTINGS_DELIVERY_SETTINGS'

2020-03-20 11:41:45 - [TEST_STEP][PASSED] - sendKeys(findTestObject("ADMIN/Edit Text/Bespoke/Seller Pages/Delivery Settings/input_add del or pickup"), "*"): Keys '*' sent to object: 'Object Repository/ADMIN/Edit Text/Bespoke/Seller Pages/Delivery Settings/input_add del or pickup'

2020-03-20 11:41:45 - [MESSAGE][PASSED] - Keys '*' sent to object: 'Object Repository/ADMIN/Edit Text/Bespoke/Seller Pages/Delivery Settings/input_add del or pickup'

2020-03-20 11:41:45 - [TEST_STEP][PASSED] - sendKeys(findTestObject("ADMIN/Edit Text/Bespoke/Seller Pages/Delivery Settings/input_DELIVERY OPTIONS_DELIVERY_OPTIONS"), "*"): Keys '*' sent to object: 'Object Repository/ADMIN/Edit Text/Bespoke/Seller Pages/Delivery Settings/input_DELIVERY OPTIONS_DELIVERY_OPTIONS'

2020-03-20 11:41:45 - [MESSAGE][PASSED] - Keys '*' sent to object: 'Object Repository/ADMIN/Edit Text/Bespoke/Seller Pages/Delivery Settings/input_DELIVERY OPTIONS_DELIVERY_OPTIONS'

2020-03-20 11:41:45 - [TEST_STEP][PASSED] - sendKeys(findTestObject("ADMIN/Edit Text/Bespoke/Seller Pages/Delivery Settings/input_Add Delivery Options_select_delivery_method"), "*"): Keys '*' sent to object: 'Object Repository/ADMIN/Edit Text/Bespoke/Seller Pages/Delivery Settings/input_Add Delivery Options_select_delivery_method'

2020-03-20 11:41:45 - [MESSAGE][PASSED] - Keys '*' sent to object: 'Object Repository/ADMIN/Edit Text/Bespoke/Seller Pages/Delivery Settings/input_Add Delivery Options_select_delivery_method'

2020-03-20 11:41:45 - [TEST_STEP][PASSED] - sendKeys(findTestObject("ADMIN/Edit Text/Bespoke/Seller Pages/Delivery Settings/input_Name_Name"), "*"): Keys '*' sent to object: 'Object Repository/ADMIN/Edit Text/Bespoke/Seller Pages/Delivery Settings/input_Name_Name'

2020-03-20 11:41:46 - [MESSAGE][PASSED] - Keys '*' sent to object: 'Object Repository/ADMIN/Edit Text/Bespoke/Seller Pages/Delivery Settings/input_Name_Name'

2020-03-20 11:41:46 - [TEST_STEP][PASSED] - sendKeys(findTestObject("ADMIN/Edit Text/Bespoke/Seller Pages/Delivery Settings/input_DELIVERS TO_DELIVERS_TO"), "*"): Keys '*' sent to object: 'Object Repository/ADMIN/Edit Text/Bespoke/Seller Pages/Delivery Settings/input_DELIVERS TO_DELIVERS_TO'

2020-03-20 11:41:46 - [MESSAGE][PASSED] - Keys '*' sent to object: 'Object Repository/ADMIN/Edit Text/Bespoke/Seller Pages/Delivery Settings/input_DELIVERS TO_DELIVERS_TO'

2020-03-20 11:41:46 - [TEST_STEP][PASSED] - sendKeys(findTestObject("ADMIN/Edit Text/Bespoke/Seller Pages/Delivery Settings/input_PICK-UP OPTIONS_PICK-UP_OPTIONS"), "*"): Keys '*' sent to object: 'Object Repository/ADMIN/Edit Text/Bespoke/Seller Pages/Delivery Settings/input_PICK-UP OPTIONS_PICK-UP_OPTIONS'

2020-03-20 11:41:46 - [MESSAGE][PASSED] - Keys '*' sent to object: 'Object Repository/ADMIN/Edit Text/Bespoke/Seller Pages/Delivery Settings/input_PICK-UP OPTIONS_PICK-UP_OPTIONS'

2020-03-20 11:41:46 - [TEST_STEP][PASSED] - sendKeys(findTestObject("ADMIN/Edit Text/Bespoke/Seller Pages/Delivery Settings/input_Add Pick-up Options_Add_Pick-up_Options"), "*"): Keys '*' sent to object: 'Object Repository/ADMIN/Edit Text/Bespoke/Seller Pages/Delivery Settings/input_Add Pick-up Options_Add_Pick-up_Options'

2020-03-20 11:41:46 - [MESSAGE][PASSED] - Keys '*' sent to object: 'Object Repository/ADMIN/Edit Text/Bespoke/Seller Pages/Delivery Settings/input_Add Pick-up Options_Add_Pick-up_Options'

2020-03-20 11:41:46 - [TEST_STEP][PASSED] - sendKeys(findTestObject("ADMIN/Edit Text/Bespoke/Seller Pages/Delivery Settings/input_Define the full address where the buyer can pick up from_delivery_desc_used"), "*"): Keys '*' sent to object: 'Object Repository/ADMIN/Edit Text/Bespoke/Seller Pages/Delivery Settings/input_Define the full address where the buyer can pick up from_delivery_desc_used'

2020-03-20 11:41:46 - [MESSAGE][PASSED] - Keys '*' sent to object: 'Object Repository/ADMIN/Edit Text/Bespoke/Seller Pages/Delivery Settings/input_Define the full address where the buyer can pick up from_delivery_desc_used'

2020-03-20 11:41:46 - [TEST_STEP][PASSED] - sendKeys(findTestObject("ADMIN/Edit Text/Bespoke/Seller Pages/Delivery Settings/input_Delivers to_Delivers_to (1)"), "*"): Keys '*' sent to object: 'Object Repository/ADMIN/Edit Text/Bespoke/Seller Pages/Delivery Settings/input_Delivers to_Delivers_to (1)'

2020-03-20 11:41:46 - [MESSAGE][PASSED] - Keys '*' sent to object: 'Object Repository/ADMIN/Edit Text/Bespoke/Seller Pages/Delivery Settings/input_Delivers to_Delivers_to (1)'

2020-03-20 11:41:46 - [TEST_STEP][PASSED] - sendKeys(findTestObject("ADMIN/Edit Text/Bespoke/Seller Pages/Delivery Settings/input_Shipping rate by_Shipping_rate_by"), "*"): Keys '*' sent to object: 'Object Repository/ADMIN/Edit Text/Bespoke/Seller Pages/Delivery Settings/input_Shipping rate by_Shipping_rate_by'

2020-03-20 11:41:46 - [MESSAGE][PASSED] - Keys '*' sent to object: 'Object Repository/ADMIN/Edit Text/Bespoke/Seller Pages/Delivery Settings/input_Shipping rate by_Shipping_rate_by'

2020-03-20 11:41:46 - [TEST_STEP][PASSED] - sendKeys(findTestObject("ADMIN/Edit Text/Bespoke/Seller Pages/Delivery Settings/input_Delivering from_Delivering_from"), "*"): Keys '*' sent to object: 'Object Repository/ADMIN/Edit Text/Bespoke/Seller Pages/Delivery Settings/input_Delivering from_Delivering_from'

2020-03-20 11:41:47 - [MESSAGE][PASSED] - Keys '*' sent to object: 'Object Repository/ADMIN/Edit Text/Bespoke/Seller Pages/Delivery Settings/input_Delivering from_Delivering_from'

2020-03-20 11:41:47 - [TEST_STEP][PASSED] - sendKeys(findTestObject("ADMIN/Edit Text/Bespoke/Seller Pages/Delivery Settings/input_Delivery rates(s)_Shipping_rate_by"), "*"): Keys '*' sent to object: 'Object Repository/ADMIN/Edit Text/Bespoke/Seller Pages/Delivery Settings/input_Delivery rates(s)_Shipping_rate_by'

2020-03-20 11:41:47 - [MESSAGE][PASSED] - Keys '*' sent to object: 'Object Repository/ADMIN/Edit Text/Bespoke/Seller Pages/Delivery Settings/input_Delivery rates(s)_Shipping_rate_by'

2020-03-20 11:41:47 - [TEST_STEP][PASSED] - sendKeys(findTestObject("ADMIN/Edit Text/Bespoke/Seller Pages/Delivery Settings/input_Name_Name1"), "*"): Keys '*' sent to object: 'Object Repository/ADMIN/Edit Text/Bespoke/Seller Pages/Delivery Settings/input_Name_Name1'

2020-03-20 11:41:47 - [MESSAGE][PASSED] - Keys '*' sent to object: 'Object Repository/ADMIN/Edit Text/Bespoke/Seller Pages/Delivery Settings/input_Name_Name1'

2020-03-20 11:41:47 - [TEST_STEP][PASSED] - sendKeys(findTestObject("ADMIN/Edit Text/Bespoke/Seller Pages/Delivery Settings/input_Range_Range"), "*"): Keys '*' sent to object: 'Object Repository/ADMIN/Edit Text/Bespoke/Seller Pages/Delivery Settings/input_Range_Range'

2020-03-20 11:41:47 - [MESSAGE][PASSED] - Keys '*' sent to object: 'Object Repository/ADMIN/Edit Text/Bespoke/Seller Pages/Delivery Settings/input_Range_Range'

2020-03-20 11:41:47 - [TEST_STEP][PASSED] - sendKeys(findTestObject("ADMIN/Edit Text/Bespoke/Seller Pages/Delivery Settings/input_Delivery Cost_Delivery_Cost"), "*"): Keys '*' sent to object: 'Object Repository/ADMIN/Edit Text/Bespoke/Seller Pages/Delivery Settings/input_Delivery Cost_Delivery_Cost'

2020-03-20 11:41:47 - [MESSAGE][PASSED] - Keys '*' sent to object: 'Object Repository/ADMIN/Edit Text/Bespoke/Seller Pages/Delivery Settings/input_Delivery Cost_Delivery_Cost'

2020-03-20 11:41:47 - [TEST_STEP][PASSED] - sendKeys(findTestObject("ADMIN/Edit Text/Bespoke/Seller Pages/Delivery Settings/input_Okay_Range"), "*"): Keys '*' sent to object: 'Object Repository/ADMIN/Edit Text/Bespoke/Seller Pages/Delivery Settings/input_Okay_Range'

2020-03-20 11:41:47 - [MESSAGE][PASSED] - Keys '*' sent to object: 'Object Repository/ADMIN/Edit Text/Bespoke/Seller Pages/Delivery Settings/input_Okay_Range'

2020-03-20 11:41:47 - [TEST_STEP][PASSED] - sendKeys(findTestObject("ADMIN/Edit Text/Bespoke/Seller Pages/Delivery Settings/input_ADDEDIT DELIVERY OPTION_Add_edit_delivery_option"), "*"): Keys '*' sent to object: 'Object Repository/ADMIN/Edit Text/Bespoke/Seller Pages/Delivery Settings/input_ADDEDIT DELIVERY OPTION_Add_edit_delivery_option'

2020-03-20 11:41:48 - [MESSAGE][PASSED] - Keys '*' sent to object: 'Object Repository/ADMIN/Edit Text/Bespoke/Seller Pages/Delivery Settings/input_ADDEDIT DELIVERY OPTION_Add_edit_delivery_option'

2020-03-20 11:41:48 - [TEST_STEP][PASSED] - sendKeys(findTestObject("ADMIN/Edit Text/Bespoke/Seller Pages/Delivery Settings/input_Define the locations available and the rates for the delivery option_Define_the_locations_available_and_the_rates_for_the_delivery_option"), "*"): Keys '*' sent to object: 'Object Repository/ADMIN/Edit Text/Bespoke/Seller Pages/Delivery Settings/input_Define the locations available and the rates for the delivery option_Define_the_locations_available_and_the_rates_for_the_delivery_option'

2020-03-20 11:41:48 - [MESSAGE][PASSED] - Keys '*' sent to object: 'Object Repository/ADMIN/Edit Text/Bespoke/Seller Pages/Delivery Settings/input_Define the locations available and the rates for the delivery option_Define_the_locations_available_and_the_rates_for_the_delivery_option'

2020-03-20 11:41:48 - [TEST_STEP][PASSED] - sendKeys(findTestObject("ADMIN/Edit Text/Bespoke/Seller Pages/Delivery Settings/input_DELIVERY OPTION SETTINGS_DELIVERY_OPTIONS_SETTINGS"), "*"): Keys '*' sent to object: 'Object Repository/ADMIN/Edit Text/Bespoke/Seller Pages/Delivery Settings/input_DELIVERY OPTION SETTINGS_DELIVERY_OPTIONS_SETTINGS'

2020-03-20 11:41:48 - [MESSAGE][PASSED] - Keys '*' sent to object: 'Object Repository/ADMIN/Edit Text/Bespoke/Seller Pages/Delivery Settings/input_DELIVERY OPTION SETTINGS_DELIVERY_OPTIONS_SETTINGS'

2020-03-20 11:41:48 - [TEST_STEP][PASSED] - sendKeys(findTestObject("ADMIN/Edit Text/Bespoke/Seller Pages/Delivery Settings/input_DELIVERY OPTION NAME_DELIVERY_OPTION_NAME"), "*"): Keys '*' sent to object: 'Object Repository/ADMIN/Edit Text/Bespoke/Seller Pages/Delivery Settings/input_DELIVERY OPTION NAME_DELIVERY_OPTION_NAME'

2020-03-20 11:41:48 - [MESSAGE][PASSED] - Keys '*' sent to object: 'Object Repository/ADMIN/Edit Text/Bespoke/Seller Pages/Delivery Settings/input_DELIVERY OPTION NAME_DELIVERY_OPTION_NAME'

2020-03-20 11:41:48 - [TEST_STEP][PASSED] - sendKeys(findTestObject("ADMIN/Edit Text/Bespoke/Seller Pages/Delivery Settings/input_delivers to3"), "*"): Keys '*' sent to object: 'Object Repository/ADMIN/Edit Text/Bespoke/Seller Pages/Delivery Settings/input_delivers to3'

2020-03-20 11:41:48 - [MESSAGE][PASSED] - Keys '*' sent to object: 'Object Repository/ADMIN/Edit Text/Bespoke/Seller Pages/Delivery Settings/input_delivers to3'

2020-03-20 11:41:48 - [TEST_STEP][PASSED] - sendKeys(findTestObject("ADMIN/Edit Text/Bespoke/Seller Pages/Delivery Settings/input_MINIMUM LEAD TIME_Minimum_lead_time"), "*"): Keys '*' sent to object: 'Object Repository/ADMIN/Edit Text/Bespoke/Seller Pages/Delivery Settings/input_MINIMUM LEAD TIME_Minimum_lead_time'

2020-03-20 11:41:48 - [MESSAGE][PASSED] - Keys '*' sent to object: 'Object Repository/ADMIN/Edit Text/Bespoke/Seller Pages/Delivery Settings/input_MINIMUM LEAD TIME_Minimum_lead_time'

2020-03-20 11:41:48 - [TEST_STEP][PASSED] - sendKeys(findTestObject("ADMIN/Edit Text/Bespoke/Seller Pages/Delivery Settings/input_WHERE ARE YOU DELIVERING FROM_Where_are_you_delivering_from"), "*"): Keys '*' sent to object: 'Object Repository/ADMIN/Edit Text/Bespoke/Seller Pages/Delivery Settings/input_WHERE ARE YOU DELIVERING FROM_Where_are_you_delivering_from'

2020-03-20 11:41:48 - [MESSAGE][PASSED] - Keys '*' sent to object: 'Object Repository/ADMIN/Edit Text/Bespoke/Seller Pages/Delivery Settings/input_WHERE ARE YOU DELIVERING FROM_Where_are_you_delivering_from'

2020-03-20 11:41:48 - [TEST_STEP][PASSED] - sendKeys(findTestObject("ADMIN/Edit Text/Bespoke/Seller Pages/Delivery Settings/input_Select if you would like to calculate shipping by total order weight or total order price_total_order_weight_or_total_order_price"), "*"): Keys '*' sent to object: 'Object Repository/ADMIN/Edit Text/Bespoke/Seller Pages/Delivery Settings/input_Select if you would like to calculate shipping by total order weight or total order price_total_order_weight_or_total_order_price'

2020-03-20 11:41:48 - [MESSAGE][PASSED] - Keys '*' sent to object: 'Object Repository/ADMIN/Edit Text/Bespoke/Seller Pages/Delivery Settings/input_Select if you would like to calculate shipping by total order weight or total order price_total_order_weight_or_total_order_price'

2020-03-20 11:41:48 - [TEST_STEP][PASSED] - sendKeys(findTestObject("ADMIN/Edit Text/Bespoke/Seller Pages/Delivery Settings/input_Weight_Weight"), "*"): Keys '*' sent to object: 'Object Repository/ADMIN/Edit Text/Bespoke/Seller Pages/Delivery Settings/input_Weight_Weight'

2020-03-20 11:41:49 - [MESSAGE][PASSED] - Keys '*' sent to object: 'Object Repository/ADMIN/Edit Text/Bespoke/Seller Pages/Delivery Settings/input_Weight_Weight'

2020-03-20 11:41:49 - [TEST_STEP][PASSED] - sendKeys(findTestObject("ADMIN/Edit Text/Bespoke/Seller Pages/Delivery Settings/input_Price_Price"), "*"): Keys '*' sent to object: 'Object Repository/ADMIN/Edit Text/Bespoke/Seller Pages/Delivery Settings/input_Price_Price'

2020-03-20 11:41:49 - [MESSAGE][PASSED] - Keys '*' sent to object: 'Object Repository/ADMIN/Edit Text/Bespoke/Seller Pages/Delivery Settings/input_Price_Price'

2020-03-20 11:41:49 - [TEST_STEP][PASSED] - sendKeys(findTestObject("ADMIN/Edit Text/Bespoke/Seller Pages/Delivery Settings/input_Delivery Rate(s)_DelDelivery_Rates"), "*"): Keys '*' sent to object: 'Object Repository/ADMIN/Edit Text/Bespoke/Seller Pages/Delivery Settings/input_Delivery Rate(s)_DelDelivery_Rates'

2020-03-20 11:41:49 - [MESSAGE][PASSED] - Keys '*' sent to object: 'Object Repository/ADMIN/Edit Text/Bespoke/Seller Pages/Delivery Settings/input_Delivery Rate(s)_DelDelivery_Rates'

2020-03-20 11:41:49 - [TEST_STEP][PASSED] - sendKeys(findTestObject("ADMIN/Edit Text/Bespoke/Seller Pages/Delivery Settings/input_NAME_Name (1)"), "*"): Keys '*' sent to object: 'Object Repository/ADMIN/Edit Text/Bespoke/Seller Pages/Delivery Settings/input_NAME_Name (1)'

2020-03-20 11:41:49 - [MESSAGE][PASSED] - Keys '*' sent to object: 'Object Repository/ADMIN/Edit Text/Bespoke/Seller Pages/Delivery Settings/input_NAME_Name (1)'

2020-03-20 11:41:49 - [TEST_STEP][PASSED] - sendKeys(findTestObject("ADMIN/Edit Text/Bespoke/Seller Pages/Delivery Settings/input_RANGE_Range (1)"), "*"): Keys '*' sent to object: 'Object Repository/ADMIN/Edit Text/Bespoke/Seller Pages/Delivery Settings/input_RANGE_Range (1)'

2020-03-20 11:41:49 - [MESSAGE][PASSED] - Keys '*' sent to object: 'Object Repository/ADMIN/Edit Text/Bespoke/Seller Pages/Delivery Settings/input_RANGE_Range (1)'

2020-03-20 11:41:49 - [TEST_STEP][PASSED] - sendKeys(findTestObject("ADMIN/Edit Text/Bespoke/Seller Pages/Delivery Settings/input_DELIVERY COST_Delivery_Cost (1)"), "*"): Keys '*' sent to object: 'Object Repository/ADMIN/Edit Text/Bespoke/Seller Pages/Delivery Settings/input_DELIVERY COST_Delivery_Cost (1)'

2020-03-20 11:41:49 - [MESSAGE][PASSED] - Keys '*' sent to object: 'Object Repository/ADMIN/Edit Text/Bespoke/Seller Pages/Delivery Settings/input_DELIVERY COST_Delivery_Cost (1)'

2020-03-20 11:41:49 - [TEST_STEP][PASSED] - sendKeys(findTestObject("ADMIN/Edit Text/Bespoke/Seller Pages/Delivery Settings/input_Onwards_Onwards"), "*"): Keys '*' sent to object: 'Object Repository/ADMIN/Edit Text/Bespoke/Seller Pages/Delivery Settings/input_Onwards_Onwards'

2020-03-20 11:41:49 - [MESSAGE][PASSED] - Keys '*' sent to object: 'Object Repository/ADMIN/Edit Text/Bespoke/Seller Pages/Delivery Settings/input_Onwards_Onwards'

2020-03-20 11:41:49 - [TEST_STEP][PASSED] - sendKeys(findTestObject("ADMIN/Edit Text/Bespoke/Seller Pages/Delivery Settings/input_Add Delivery Rate_Add_Delivery_Rate"), "*"): Keys '*' sent to object: 'Object Repository/ADMIN/Edit Text/Bespoke/Seller Pages/Delivery Settings/input_Add Delivery Rate_Add_Delivery_Rate'

2020-03-20 11:41:49 - [MESSAGE][PASSED] - Keys '*' sent to object: 'Object Repository/ADMIN/Edit Text/Bespoke/Seller Pages/Delivery Settings/input_Add Delivery Rate_Add_Delivery_Rate'

2020-03-20 11:41:49 - [TEST_STEP][PASSED] - sendKeys(findTestObject("ADMIN/Edit Text/Bespoke/Seller Pages/Delivery Settings/input_Delivery Rate Name (Buyers will not see this)_Delivery_Rate_Name"), "*"): Keys '*' sent to object: 'Object Repository/ADMIN/Edit Text/Bespoke/Seller Pages/Delivery Settings/input_Delivery Rate Name (Buyers will not see this)_Delivery_Rate_Name'

2020-03-20 11:41:50 - [MESSAGE][PASSED] - Keys '*' sent to object: 'Object Repository/ADMIN/Edit Text/Bespoke/Seller Pages/Delivery Settings/input_Delivery Rate Name (Buyers will not see this)_Delivery_Rate_Name'

2020-03-20 11:41:50 - [TEST_STEP][PASSED] - sendKeys(findTestObject("ADMIN/Edit Text/Bespoke/Seller Pages/Delivery Settings/input_To_To"), "*"): Keys '*' sent to object: 'Object Repository/ADMIN/Edit Text/Bespoke/Seller Pages/Delivery Settings/input_To_To'

2020-03-20 11:41:50 - [MESSAGE][PASSED] - Keys '*' sent to object: 'Object Repository/ADMIN/Edit Text/Bespoke/Seller Pages/Delivery Settings/input_To_To'

2020-03-20 11:41:50 - [TEST_STEP][PASSED] - sendKeys(findTestObject("ADMIN/Edit Text/Bespoke/Seller Pages/Delivery Settings/input_delivery cost4"), "*"): Keys '*' sent to object: 'Object Repository/ADMIN/Edit Text/Bespoke/Seller Pages/Delivery Settings/input_delivery cost4'

2020-03-20 11:41:50 - [MESSAGE][PASSED] - Keys '*' sent to object: 'Object Repository/ADMIN/Edit Text/Bespoke/Seller Pages/Delivery Settings/input_delivery cost4'

2020-03-20 11:41:50 - [TEST_STEP][PASSED] - sendKeys(findTestObject("ADMIN/Edit Text/Bespoke/Seller Pages/Delivery Settings/input_Save_Save"), "*"): Keys '*' sent to object: 'Object Repository/ADMIN/Edit Text/Bespoke/Seller Pages/Delivery Settings/input_Save_Save'

2020-03-20 11:41:50 - [MESSAGE][PASSED] - Keys '*' sent to object: 'Object Repository/ADMIN/Edit Text/Bespoke/Seller Pages/Delivery Settings/input_Save_Save'

2020-03-20 11:41:50 - [TEST_STEP][PASSED] - sendKeys(findTestObject("ADMIN/Edit Text/Bespoke/Seller Pages/Delivery Settings/input_Cancel_Cancel"), "*"): Keys '*' sent to object: 'Object Repository/ADMIN/Edit Text/Bespoke/Seller Pages/Delivery Settings/input_Cancel_Cancel'

2020-03-20 11:41:50 - [MESSAGE][PASSED] - Keys '*' sent to object: 'Object Repository/ADMIN/Edit Text/Bespoke/Seller Pages/Delivery Settings/input_Cancel_Cancel'

2020-03-20 11:41:50 - [TEST_STEP][PASSED] - click(findTestObject("ADMIN/Edit Text/Bespoke/Buyer Pages/Homepage/button_save"), CONTINUE_ON_FAILURE): Object: 'Object Repository/ADMIN/Edit Text/Bespoke/Buyer Pages/Homepage/button_save' is clicked on

2020-03-20 11:41:50 - [MESSAGE][PASSED] - Object: 'Object Repository/ADMIN/Edit Text/Bespoke/Buyer Pages/Homepage/button_save' is clicked on

2020-03-20 11:41:50 - [TEST_STEP][PASSED] - waitForElementVisible(findTestObject("ADMIN/Edit Text/Bespoke/Buyer Pages/Homepage/toaster_success"), 0): Object 'Object Repository/ADMIN/Edit Text/Bespoke/Buyer Pages/Homepage/toaster_success' is visible

2020-03-20 11:41:50 - [MESSAGE][WARNING] - Timeout '0' is invalid. Using default page load timeout: '30'

2020-03-20 11:41:51 - [MESSAGE][PASSED] - Object 'Object Repository/ADMIN/Edit Text/Bespoke/Buyer Pages/Homepage/toaster_success' is visible]]></system-out>
         <system-err><![CDATA[]]></system-err>
      </testcase>
      <testcase name="Test Cases/ADMIN/Language/Edit Text/Bespoke/Seller/Delivery Settings" time="8.149" classname="Test Cases/ADMIN/Language/Edit Text/Bespoke/Seller/Delivery Settings" status="PASSED">
         <system-out><![CDATA[2020-03-20 11:41:51 - [TEST_CASE][PASSED] - Test Cases/ADMIN/Language/Edit Text/Bespoke/Seller/Delivery Settings: Test Cases/ADMIN/Language/Edit Text/Bespoke/Seller/Delivery Settings

2020-03-20 11:41:51 - [TEST_STEP][PASSED] - waitForElementVisible(findTestObject("ADMIN/Edit Text/Bespoke/Buyer Navigation/dd_language"), 0): Object 'Object Repository/ADMIN/Edit Text/Bespoke/Buyer Navigation/dd_language' is visible

2020-03-20 11:41:51 - [MESSAGE][WARNING] - Timeout '0' is invalid. Using default page load timeout: '30'

2020-03-20 11:41:51 - [MESSAGE][PASSED] - Object 'Object Repository/ADMIN/Edit Text/Bespoke/Buyer Navigation/dd_language' is visible

2020-03-20 11:41:51 - [TEST_STEP][PASSED] - selectOptionByLabel(findTestObject("ADMIN/Edit Text/Bespoke/Buyer Navigation/dd_language"), varLanguage, false): All options with label 'Chinese (Simplified)' are selected in object 'Object Repository/ADMIN/Edit Text/Bespoke/Buyer Navigation/dd_language' 

2020-03-20 11:41:53 - [MESSAGE][PASSED] - All options with label 'Chinese (Simplified)' are selected in object 'Object Repository/ADMIN/Edit Text/Bespoke/Buyer Navigation/dd_language' 

2020-03-20 11:41:53 - [TEST_STEP][PASSED] - sendKeys(findTestObject("ADMIN/Edit Text/Bespoke/Seller Pages/Delivery Settings/input_DELIVERY SETTINGS_DELIVERY_SETTINGS"), "*"): Keys '*' sent to object: 'Object Repository/ADMIN/Edit Text/Bespoke/Seller Pages/Delivery Settings/input_DELIVERY SETTINGS_DELIVERY_SETTINGS'

2020-03-20 11:41:53 - [MESSAGE][PASSED] - Keys '*' sent to object: 'Object Repository/ADMIN/Edit Text/Bespoke/Seller Pages/Delivery Settings/input_DELIVERY SETTINGS_DELIVERY_SETTINGS'

2020-03-20 11:41:53 - [TEST_STEP][PASSED] - sendKeys(findTestObject("ADMIN/Edit Text/Bespoke/Seller Pages/Delivery Settings/input_add del or pickup"), "*"): Keys '*' sent to object: 'Object Repository/ADMIN/Edit Text/Bespoke/Seller Pages/Delivery Settings/input_add del or pickup'

2020-03-20 11:41:54 - [MESSAGE][PASSED] - Keys '*' sent to object: 'Object Repository/ADMIN/Edit Text/Bespoke/Seller Pages/Delivery Settings/input_add del or pickup'

2020-03-20 11:41:54 - [TEST_STEP][PASSED] - sendKeys(findTestObject("ADMIN/Edit Text/Bespoke/Seller Pages/Delivery Settings/input_DELIVERY OPTIONS_DELIVERY_OPTIONS"), "*"): Keys '*' sent to object: 'Object Repository/ADMIN/Edit Text/Bespoke/Seller Pages/Delivery Settings/input_DELIVERY OPTIONS_DELIVERY_OPTIONS'

2020-03-20 11:41:54 - [MESSAGE][PASSED] - Keys '*' sent to object: 'Object Repository/ADMIN/Edit Text/Bespoke/Seller Pages/Delivery Settings/input_DELIVERY OPTIONS_DELIVERY_OPTIONS'

2020-03-20 11:41:54 - [TEST_STEP][PASSED] - sendKeys(findTestObject("ADMIN/Edit Text/Bespoke/Seller Pages/Delivery Settings/input_Add Delivery Options_select_delivery_method"), "*"): Keys '*' sent to object: 'Object Repository/ADMIN/Edit Text/Bespoke/Seller Pages/Delivery Settings/input_Add Delivery Options_select_delivery_method'

2020-03-20 11:41:54 - [MESSAGE][PASSED] - Keys '*' sent to object: 'Object Repository/ADMIN/Edit Text/Bespoke/Seller Pages/Delivery Settings/input_Add Delivery Options_select_delivery_method'

2020-03-20 11:41:54 - [TEST_STEP][PASSED] - sendKeys(findTestObject("ADMIN/Edit Text/Bespoke/Seller Pages/Delivery Settings/input_Name_Name"), "*"): Keys '*' sent to object: 'Object Repository/ADMIN/Edit Text/Bespoke/Seller Pages/Delivery Settings/input_Name_Name'

2020-03-20 11:41:54 - [MESSAGE][PASSED] - Keys '*' sent to object: 'Object Repository/ADMIN/Edit Text/Bespoke/Seller Pages/Delivery Settings/input_Name_Name'

2020-03-20 11:41:54 - [TEST_STEP][PASSED] - sendKeys(findTestObject("ADMIN/Edit Text/Bespoke/Seller Pages/Delivery Settings/input_DELIVERS TO_DELIVERS_TO"), "*"): Keys '*' sent to object: 'Object Repository/ADMIN/Edit Text/Bespoke/Seller Pages/Delivery Settings/input_DELIVERS TO_DELIVERS_TO'

2020-03-20 11:41:54 - [MESSAGE][PASSED] - Keys '*' sent to object: 'Object Repository/ADMIN/Edit Text/Bespoke/Seller Pages/Delivery Settings/input_DELIVERS TO_DELIVERS_TO'

2020-03-20 11:41:54 - [TEST_STEP][PASSED] - sendKeys(findTestObject("ADMIN/Edit Text/Bespoke/Seller Pages/Delivery Settings/input_PICK-UP OPTIONS_PICK-UP_OPTIONS"), "*"): Keys '*' sent to object: 'Object Repository/ADMIN/Edit Text/Bespoke/Seller Pages/Delivery Settings/input_PICK-UP OPTIONS_PICK-UP_OPTIONS'

2020-03-20 11:41:54 - [MESSAGE][PASSED] - Keys '*' sent to object: 'Object Repository/ADMIN/Edit Text/Bespoke/Seller Pages/Delivery Settings/input_PICK-UP OPTIONS_PICK-UP_OPTIONS'

2020-03-20 11:41:54 - [TEST_STEP][PASSED] - sendKeys(findTestObject("ADMIN/Edit Text/Bespoke/Seller Pages/Delivery Settings/input_Add Pick-up Options_Add_Pick-up_Options"), "*"): Keys '*' sent to object: 'Object Repository/ADMIN/Edit Text/Bespoke/Seller Pages/Delivery Settings/input_Add Pick-up Options_Add_Pick-up_Options'

2020-03-20 11:41:54 - [MESSAGE][PASSED] - Keys '*' sent to object: 'Object Repository/ADMIN/Edit Text/Bespoke/Seller Pages/Delivery Settings/input_Add Pick-up Options_Add_Pick-up_Options'

2020-03-20 11:41:54 - [TEST_STEP][PASSED] - sendKeys(findTestObject("ADMIN/Edit Text/Bespoke/Seller Pages/Delivery Settings/input_Define the full address where the buyer can pick up from_delivery_desc_used"), "*"): Keys '*' sent to object: 'Object Repository/ADMIN/Edit Text/Bespoke/Seller Pages/Delivery Settings/input_Define the full address where the buyer can pick up from_delivery_desc_used'

2020-03-20 11:41:54 - [MESSAGE][PASSED] - Keys '*' sent to object: 'Object Repository/ADMIN/Edit Text/Bespoke/Seller Pages/Delivery Settings/input_Define the full address where the buyer can pick up from_delivery_desc_used'

2020-03-20 11:41:54 - [TEST_STEP][PASSED] - sendKeys(findTestObject("ADMIN/Edit Text/Bespoke/Seller Pages/Delivery Settings/input_Delivers to_Delivers_to (1)"), "*"): Keys '*' sent to object: 'Object Repository/ADMIN/Edit Text/Bespoke/Seller Pages/Delivery Settings/input_Delivers to_Delivers_to (1)'

2020-03-20 11:41:55 - [MESSAGE][PASSED] - Keys '*' sent to object: 'Object Repository/ADMIN/Edit Text/Bespoke/Seller Pages/Delivery Settings/input_Delivers to_Delivers_to (1)'

2020-03-20 11:41:55 - [TEST_STEP][PASSED] - sendKeys(findTestObject("ADMIN/Edit Text/Bespoke/Seller Pages/Delivery Settings/input_Shipping rate by_Shipping_rate_by"), "*"): Keys '*' sent to object: 'Object Repository/ADMIN/Edit Text/Bespoke/Seller Pages/Delivery Settings/input_Shipping rate by_Shipping_rate_by'

2020-03-20 11:41:55 - [MESSAGE][PASSED] - Keys '*' sent to object: 'Object Repository/ADMIN/Edit Text/Bespoke/Seller Pages/Delivery Settings/input_Shipping rate by_Shipping_rate_by'

2020-03-20 11:41:55 - [TEST_STEP][PASSED] - sendKeys(findTestObject("ADMIN/Edit Text/Bespoke/Seller Pages/Delivery Settings/input_Delivering from_Delivering_from"), "*"): Keys '*' sent to object: 'Object Repository/ADMIN/Edit Text/Bespoke/Seller Pages/Delivery Settings/input_Delivering from_Delivering_from'

2020-03-20 11:41:55 - [MESSAGE][PASSED] - Keys '*' sent to object: 'Object Repository/ADMIN/Edit Text/Bespoke/Seller Pages/Delivery Settings/input_Delivering from_Delivering_from'

2020-03-20 11:41:55 - [TEST_STEP][PASSED] - sendKeys(findTestObject("ADMIN/Edit Text/Bespoke/Seller Pages/Delivery Settings/input_Delivery rates(s)_Shipping_rate_by"), "*"): Keys '*' sent to object: 'Object Repository/ADMIN/Edit Text/Bespoke/Seller Pages/Delivery Settings/input_Delivery rates(s)_Shipping_rate_by'

2020-03-20 11:41:55 - [MESSAGE][PASSED] - Keys '*' sent to object: 'Object Repository/ADMIN/Edit Text/Bespoke/Seller Pages/Delivery Settings/input_Delivery rates(s)_Shipping_rate_by'

2020-03-20 11:41:55 - [TEST_STEP][PASSED] - sendKeys(findTestObject("ADMIN/Edit Text/Bespoke/Seller Pages/Delivery Settings/input_Name_Name1"), "*"): Keys '*' sent to object: 'Object Repository/ADMIN/Edit Text/Bespoke/Seller Pages/Delivery Settings/input_Name_Name1'

2020-03-20 11:41:55 - [MESSAGE][PASSED] - Keys '*' sent to object: 'Object Repository/ADMIN/Edit Text/Bespoke/Seller Pages/Delivery Settings/input_Name_Name1'

2020-03-20 11:41:55 - [TEST_STEP][PASSED] - sendKeys(findTestObject("ADMIN/Edit Text/Bespoke/Seller Pages/Delivery Settings/input_Range_Range"), "*"): Keys '*' sent to object: 'Object Repository/ADMIN/Edit Text/Bespoke/Seller Pages/Delivery Settings/input_Range_Range'

2020-03-20 11:41:55 - [MESSAGE][PASSED] - Keys '*' sent to object: 'Object Repository/ADMIN/Edit Text/Bespoke/Seller Pages/Delivery Settings/input_Range_Range'

2020-03-20 11:41:55 - [TEST_STEP][PASSED] - sendKeys(findTestObject("ADMIN/Edit Text/Bespoke/Seller Pages/Delivery Settings/input_Delivery Cost_Delivery_Cost"), "*"): Keys '*' sent to object: 'Object Repository/ADMIN/Edit Text/Bespoke/Seller Pages/Delivery Settings/input_Delivery Cost_Delivery_Cost'

2020-03-20 11:41:55 - [MESSAGE][PASSED] - Keys '*' sent to object: 'Object Repository/ADMIN/Edit Text/Bespoke/Seller Pages/Delivery Settings/input_Delivery Cost_Delivery_Cost'

2020-03-20 11:41:55 - [TEST_STEP][PASSED] - sendKeys(findTestObject("ADMIN/Edit Text/Bespoke/Seller Pages/Delivery Settings/input_Okay_Range"), "*"): Keys '*' sent to object: 'Object Repository/ADMIN/Edit Text/Bespoke/Seller Pages/Delivery Settings/input_Okay_Range'

2020-03-20 11:41:56 - [MESSAGE][PASSED] - Keys '*' sent to object: 'Object Repository/ADMIN/Edit Text/Bespoke/Seller Pages/Delivery Settings/input_Okay_Range'

2020-03-20 11:41:56 - [TEST_STEP][PASSED] - sendKeys(findTestObject("ADMIN/Edit Text/Bespoke/Seller Pages/Delivery Settings/input_ADDEDIT DELIVERY OPTION_Add_edit_delivery_option"), "*"): Keys '*' sent to object: 'Object Repository/ADMIN/Edit Text/Bespoke/Seller Pages/Delivery Settings/input_ADDEDIT DELIVERY OPTION_Add_edit_delivery_option'

2020-03-20 11:41:56 - [MESSAGE][PASSED] - Keys '*' sent to object: 'Object Repository/ADMIN/Edit Text/Bespoke/Seller Pages/Delivery Settings/input_ADDEDIT DELIVERY OPTION_Add_edit_delivery_option'

2020-03-20 11:41:56 - [TEST_STEP][PASSED] - sendKeys(findTestObject("ADMIN/Edit Text/Bespoke/Seller Pages/Delivery Settings/input_Define the locations available and the rates for the delivery option_Define_the_locations_available_and_the_rates_for_the_delivery_option"), "*"): Keys '*' sent to object: 'Object Repository/ADMIN/Edit Text/Bespoke/Seller Pages/Delivery Settings/input_Define the locations available and the rates for the delivery option_Define_the_locations_available_and_the_rates_for_the_delivery_option'

2020-03-20 11:41:56 - [MESSAGE][PASSED] - Keys '*' sent to object: 'Object Repository/ADMIN/Edit Text/Bespoke/Seller Pages/Delivery Settings/input_Define the locations available and the rates for the delivery option_Define_the_locations_available_and_the_rates_for_the_delivery_option'

2020-03-20 11:41:56 - [TEST_STEP][PASSED] - sendKeys(findTestObject("ADMIN/Edit Text/Bespoke/Seller Pages/Delivery Settings/input_DELIVERY OPTION SETTINGS_DELIVERY_OPTIONS_SETTINGS"), "*"): Keys '*' sent to object: 'Object Repository/ADMIN/Edit Text/Bespoke/Seller Pages/Delivery Settings/input_DELIVERY OPTION SETTINGS_DELIVERY_OPTIONS_SETTINGS'

2020-03-20 11:41:56 - [MESSAGE][PASSED] - Keys '*' sent to object: 'Object Repository/ADMIN/Edit Text/Bespoke/Seller Pages/Delivery Settings/input_DELIVERY OPTION SETTINGS_DELIVERY_OPTIONS_SETTINGS'

2020-03-20 11:41:56 - [TEST_STEP][PASSED] - sendKeys(findTestObject("ADMIN/Edit Text/Bespoke/Seller Pages/Delivery Settings/input_DELIVERY OPTION NAME_DELIVERY_OPTION_NAME"), "*"): Keys '*' sent to object: 'Object Repository/ADMIN/Edit Text/Bespoke/Seller Pages/Delivery Settings/input_DELIVERY OPTION NAME_DELIVERY_OPTION_NAME'

2020-03-20 11:41:56 - [MESSAGE][PASSED] - Keys '*' sent to object: 'Object Repository/ADMIN/Edit Text/Bespoke/Seller Pages/Delivery Settings/input_DELIVERY OPTION NAME_DELIVERY_OPTION_NAME'

2020-03-20 11:41:56 - [TEST_STEP][PASSED] - sendKeys(findTestObject("ADMIN/Edit Text/Bespoke/Seller Pages/Delivery Settings/input_delivers to3"), "*"): Keys '*' sent to object: 'Object Repository/ADMIN/Edit Text/Bespoke/Seller Pages/Delivery Settings/input_delivers to3'

2020-03-20 11:41:56 - [MESSAGE][PASSED] - Keys '*' sent to object: 'Object Repository/ADMIN/Edit Text/Bespoke/Seller Pages/Delivery Settings/input_delivers to3'

2020-03-20 11:41:56 - [TEST_STEP][PASSED] - sendKeys(findTestObject("ADMIN/Edit Text/Bespoke/Seller Pages/Delivery Settings/input_MINIMUM LEAD TIME_Minimum_lead_time"), "*"): Keys '*' sent to object: 'Object Repository/ADMIN/Edit Text/Bespoke/Seller Pages/Delivery Settings/input_MINIMUM LEAD TIME_Minimum_lead_time'

2020-03-20 11:41:56 - [MESSAGE][PASSED] - Keys '*' sent to object: 'Object Repository/ADMIN/Edit Text/Bespoke/Seller Pages/Delivery Settings/input_MINIMUM LEAD TIME_Minimum_lead_time'

2020-03-20 11:41:56 - [TEST_STEP][PASSED] - sendKeys(findTestObject("ADMIN/Edit Text/Bespoke/Seller Pages/Delivery Settings/input_WHERE ARE YOU DELIVERING FROM_Where_are_you_delivering_from"), "*"): Keys '*' sent to object: 'Object Repository/ADMIN/Edit Text/Bespoke/Seller Pages/Delivery Settings/input_WHERE ARE YOU DELIVERING FROM_Where_are_you_delivering_from'

2020-03-20 11:41:56 - [MESSAGE][PASSED] - Keys '*' sent to object: 'Object Repository/ADMIN/Edit Text/Bespoke/Seller Pages/Delivery Settings/input_WHERE ARE YOU DELIVERING FROM_Where_are_you_delivering_from'

2020-03-20 11:41:56 - [TEST_STEP][PASSED] - sendKeys(findTestObject("ADMIN/Edit Text/Bespoke/Seller Pages/Delivery Settings/input_Select if you would like to calculate shipping by total order weight or total order price_total_order_weight_or_total_order_price"), "*"): Keys '*' sent to object: 'Object Repository/ADMIN/Edit Text/Bespoke/Seller Pages/Delivery Settings/input_Select if you would like to calculate shipping by total order weight or total order price_total_order_weight_or_total_order_price'

2020-03-20 11:41:57 - [MESSAGE][PASSED] - Keys '*' sent to object: 'Object Repository/ADMIN/Edit Text/Bespoke/Seller Pages/Delivery Settings/input_Select if you would like to calculate shipping by total order weight or total order price_total_order_weight_or_total_order_price'

2020-03-20 11:41:57 - [TEST_STEP][PASSED] - sendKeys(findTestObject("ADMIN/Edit Text/Bespoke/Seller Pages/Delivery Settings/input_Weight_Weight"), "*"): Keys '*' sent to object: 'Object Repository/ADMIN/Edit Text/Bespoke/Seller Pages/Delivery Settings/input_Weight_Weight'

2020-03-20 11:41:57 - [MESSAGE][PASSED] - Keys '*' sent to object: 'Object Repository/ADMIN/Edit Text/Bespoke/Seller Pages/Delivery Settings/input_Weight_Weight'

2020-03-20 11:41:57 - [TEST_STEP][PASSED] - sendKeys(findTestObject("ADMIN/Edit Text/Bespoke/Seller Pages/Delivery Settings/input_Price_Price"), "*"): Keys '*' sent to object: 'Object Repository/ADMIN/Edit Text/Bespoke/Seller Pages/Delivery Settings/input_Price_Price'

2020-03-20 11:41:57 - [MESSAGE][PASSED] - Keys '*' sent to object: 'Object Repository/ADMIN/Edit Text/Bespoke/Seller Pages/Delivery Settings/input_Price_Price'

2020-03-20 11:41:57 - [TEST_STEP][PASSED] - sendKeys(findTestObject("ADMIN/Edit Text/Bespoke/Seller Pages/Delivery Settings/input_Delivery Rate(s)_DelDelivery_Rates"), "*"): Keys '*' sent to object: 'Object Repository/ADMIN/Edit Text/Bespoke/Seller Pages/Delivery Settings/input_Delivery Rate(s)_DelDelivery_Rates'

2020-03-20 11:41:57 - [MESSAGE][PASSED] - Keys '*' sent to object: 'Object Repository/ADMIN/Edit Text/Bespoke/Seller Pages/Delivery Settings/input_Delivery Rate(s)_DelDelivery_Rates'

2020-03-20 11:41:57 - [TEST_STEP][PASSED] - sendKeys(findTestObject("ADMIN/Edit Text/Bespoke/Seller Pages/Delivery Settings/input_NAME_Name (1)"), "*"): Keys '*' sent to object: 'Object Repository/ADMIN/Edit Text/Bespoke/Seller Pages/Delivery Settings/input_NAME_Name (1)'

2020-03-20 11:41:57 - [MESSAGE][PASSED] - Keys '*' sent to object: 'Object Repository/ADMIN/Edit Text/Bespoke/Seller Pages/Delivery Settings/input_NAME_Name (1)'

2020-03-20 11:41:57 - [TEST_STEP][PASSED] - sendKeys(findTestObject("ADMIN/Edit Text/Bespoke/Seller Pages/Delivery Settings/input_RANGE_Range (1)"), "*"): Keys '*' sent to object: 'Object Repository/ADMIN/Edit Text/Bespoke/Seller Pages/Delivery Settings/input_RANGE_Range (1)'

2020-03-20 11:41:57 - [MESSAGE][PASSED] - Keys '*' sent to object: 'Object Repository/ADMIN/Edit Text/Bespoke/Seller Pages/Delivery Settings/input_RANGE_Range (1)'

2020-03-20 11:41:57 - [TEST_STEP][PASSED] - sendKeys(findTestObject("ADMIN/Edit Text/Bespoke/Seller Pages/Delivery Settings/input_DELIVERY COST_Delivery_Cost (1)"), "*"): Keys '*' sent to object: 'Object Repository/ADMIN/Edit Text/Bespoke/Seller Pages/Delivery Settings/input_DELIVERY COST_Delivery_Cost (1)'

2020-03-20 11:41:57 - [MESSAGE][PASSED] - Keys '*' sent to object: 'Object Repository/ADMIN/Edit Text/Bespoke/Seller Pages/Delivery Settings/input_DELIVERY COST_Delivery_Cost (1)'

2020-03-20 11:41:57 - [TEST_STEP][PASSED] - sendKeys(findTestObject("ADMIN/Edit Text/Bespoke/Seller Pages/Delivery Settings/input_Onwards_Onwards"), "*"): Keys '*' sent to object: 'Object Repository/ADMIN/Edit Text/Bespoke/Seller Pages/Delivery Settings/input_Onwards_Onwards'

2020-03-20 11:41:57 - [MESSAGE][PASSED] - Keys '*' sent to object: 'Object Repository/ADMIN/Edit Text/Bespoke/Seller Pages/Delivery Settings/input_Onwards_Onwards'

2020-03-20 11:41:57 - [TEST_STEP][PASSED] - sendKeys(findTestObject("ADMIN/Edit Text/Bespoke/Seller Pages/Delivery Settings/input_Add Delivery Rate_Add_Delivery_Rate"), "*"): Keys '*' sent to object: 'Object Repository/ADMIN/Edit Text/Bespoke/Seller Pages/Delivery Settings/input_Add Delivery Rate_Add_Delivery_Rate'

2020-03-20 11:41:58 - [MESSAGE][PASSED] - Keys '*' sent to object: 'Object Repository/ADMIN/Edit Text/Bespoke/Seller Pages/Delivery Settings/input_Add Delivery Rate_Add_Delivery_Rate'

2020-03-20 11:41:58 - [TEST_STEP][PASSED] - sendKeys(findTestObject("ADMIN/Edit Text/Bespoke/Seller Pages/Delivery Settings/input_Delivery Rate Name (Buyers will not see this)_Delivery_Rate_Name"), "*"): Keys '*' sent to object: 'Object Repository/ADMIN/Edit Text/Bespoke/Seller Pages/Delivery Settings/input_Delivery Rate Name (Buyers will not see this)_Delivery_Rate_Name'

2020-03-20 11:41:58 - [MESSAGE][PASSED] - Keys '*' sent to object: 'Object Repository/ADMIN/Edit Text/Bespoke/Seller Pages/Delivery Settings/input_Delivery Rate Name (Buyers will not see this)_Delivery_Rate_Name'

2020-03-20 11:41:58 - [TEST_STEP][PASSED] - sendKeys(findTestObject("ADMIN/Edit Text/Bespoke/Seller Pages/Delivery Settings/input_To_To"), "*"): Keys '*' sent to object: 'Object Repository/ADMIN/Edit Text/Bespoke/Seller Pages/Delivery Settings/input_To_To'

2020-03-20 11:41:58 - [MESSAGE][PASSED] - Keys '*' sent to object: 'Object Repository/ADMIN/Edit Text/Bespoke/Seller Pages/Delivery Settings/input_To_To'

2020-03-20 11:41:58 - [TEST_STEP][PASSED] - sendKeys(findTestObject("ADMIN/Edit Text/Bespoke/Seller Pages/Delivery Settings/input_delivery cost4"), "*"): Keys '*' sent to object: 'Object Repository/ADMIN/Edit Text/Bespoke/Seller Pages/Delivery Settings/input_delivery cost4'

2020-03-20 11:41:58 - [MESSAGE][PASSED] - Keys '*' sent to object: 'Object Repository/ADMIN/Edit Text/Bespoke/Seller Pages/Delivery Settings/input_delivery cost4'

2020-03-20 11:41:58 - [TEST_STEP][PASSED] - sendKeys(findTestObject("ADMIN/Edit Text/Bespoke/Seller Pages/Delivery Settings/input_Save_Save"), "*"): Keys '*' sent to object: 'Object Repository/ADMIN/Edit Text/Bespoke/Seller Pages/Delivery Settings/input_Save_Save'

2020-03-20 11:41:58 - [MESSAGE][PASSED] - Keys '*' sent to object: 'Object Repository/ADMIN/Edit Text/Bespoke/Seller Pages/Delivery Settings/input_Save_Save'

2020-03-20 11:41:58 - [TEST_STEP][PASSED] - sendKeys(findTestObject("ADMIN/Edit Text/Bespoke/Seller Pages/Delivery Settings/input_Cancel_Cancel"), "*"): Keys '*' sent to object: 'Object Repository/ADMIN/Edit Text/Bespoke/Seller Pages/Delivery Settings/input_Cancel_Cancel'

2020-03-20 11:41:58 - [MESSAGE][PASSED] - Keys '*' sent to object: 'Object Repository/ADMIN/Edit Text/Bespoke/Seller Pages/Delivery Settings/input_Cancel_Cancel'

2020-03-20 11:41:58 - [TEST_STEP][PASSED] - click(findTestObject("ADMIN/Edit Text/Bespoke/Buyer Pages/Homepage/button_save"), CONTINUE_ON_FAILURE): Object: 'Object Repository/ADMIN/Edit Text/Bespoke/Buyer Pages/Homepage/button_save' is clicked on

2020-03-20 11:41:59 - [MESSAGE][PASSED] - Object: 'Object Repository/ADMIN/Edit Text/Bespoke/Buyer Pages/Homepage/button_save' is clicked on

2020-03-20 11:41:59 - [TEST_STEP][PASSED] - waitForElementVisible(findTestObject("ADMIN/Edit Text/Bespoke/Buyer Pages/Homepage/toaster_success"), 0): Object 'Object Repository/ADMIN/Edit Text/Bespoke/Buyer Pages/Homepage/toaster_success' is visible

2020-03-20 11:41:59 - [MESSAGE][WARNING] - Timeout '0' is invalid. Using default page load timeout: '30'

2020-03-20 11:41:59 - [MESSAGE][PASSED] - Object 'Object Repository/ADMIN/Edit Text/Bespoke/Buyer Pages/Homepage/toaster_success' is visible]]></system-out>
         <system-err><![CDATA[]]></system-err>
      </testcase>
      <testcase name="Test Cases/ADMIN/Language/Edit Text/Bespoke/Seller/Delivery Settings" time="8.338" classname="Test Cases/ADMIN/Language/Edit Text/Bespoke/Seller/Delivery Settings" status="PASSED">
         <system-out><![CDATA[2020-03-20 11:41:59 - [TEST_CASE][PASSED] - Test Cases/ADMIN/Language/Edit Text/Bespoke/Seller/Delivery Settings: Test Cases/ADMIN/Language/Edit Text/Bespoke/Seller/Delivery Settings

2020-03-20 11:41:59 - [TEST_STEP][PASSED] - waitForElementVisible(findTestObject("ADMIN/Edit Text/Bespoke/Buyer Navigation/dd_language"), 0): Object 'Object Repository/ADMIN/Edit Text/Bespoke/Buyer Navigation/dd_language' is visible

2020-03-20 11:41:59 - [MESSAGE][WARNING] - Timeout '0' is invalid. Using default page load timeout: '30'

2020-03-20 11:41:59 - [MESSAGE][PASSED] - Object 'Object Repository/ADMIN/Edit Text/Bespoke/Buyer Navigation/dd_language' is visible

2020-03-20 11:41:59 - [TEST_STEP][PASSED] - selectOptionByLabel(findTestObject("ADMIN/Edit Text/Bespoke/Buyer Navigation/dd_language"), varLanguage, false): All options with label 'Hebrew' are selected in object 'Object Repository/ADMIN/Edit Text/Bespoke/Buyer Navigation/dd_language' 

2020-03-20 11:42:01 - [MESSAGE][PASSED] - All options with label 'Hebrew' are selected in object 'Object Repository/ADMIN/Edit Text/Bespoke/Buyer Navigation/dd_language' 

2020-03-20 11:42:01 - [TEST_STEP][PASSED] - sendKeys(findTestObject("ADMIN/Edit Text/Bespoke/Seller Pages/Delivery Settings/input_DELIVERY SETTINGS_DELIVERY_SETTINGS"), "*"): Keys '*' sent to object: 'Object Repository/ADMIN/Edit Text/Bespoke/Seller Pages/Delivery Settings/input_DELIVERY SETTINGS_DELIVERY_SETTINGS'

2020-03-20 11:42:01 - [MESSAGE][PASSED] - Keys '*' sent to object: 'Object Repository/ADMIN/Edit Text/Bespoke/Seller Pages/Delivery Settings/input_DELIVERY SETTINGS_DELIVERY_SETTINGS'

2020-03-20 11:42:01 - [TEST_STEP][PASSED] - sendKeys(findTestObject("ADMIN/Edit Text/Bespoke/Seller Pages/Delivery Settings/input_add del or pickup"), "*"): Keys '*' sent to object: 'Object Repository/ADMIN/Edit Text/Bespoke/Seller Pages/Delivery Settings/input_add del or pickup'

2020-03-20 11:42:02 - [MESSAGE][PASSED] - Keys '*' sent to object: 'Object Repository/ADMIN/Edit Text/Bespoke/Seller Pages/Delivery Settings/input_add del or pickup'

2020-03-20 11:42:02 - [TEST_STEP][PASSED] - sendKeys(findTestObject("ADMIN/Edit Text/Bespoke/Seller Pages/Delivery Settings/input_DELIVERY OPTIONS_DELIVERY_OPTIONS"), "*"): Keys '*' sent to object: 'Object Repository/ADMIN/Edit Text/Bespoke/Seller Pages/Delivery Settings/input_DELIVERY OPTIONS_DELIVERY_OPTIONS'

2020-03-20 11:42:02 - [MESSAGE][PASSED] - Keys '*' sent to object: 'Object Repository/ADMIN/Edit Text/Bespoke/Seller Pages/Delivery Settings/input_DELIVERY OPTIONS_DELIVERY_OPTIONS'

2020-03-20 11:42:02 - [TEST_STEP][PASSED] - sendKeys(findTestObject("ADMIN/Edit Text/Bespoke/Seller Pages/Delivery Settings/input_Add Delivery Options_select_delivery_method"), "*"): Keys '*' sent to object: 'Object Repository/ADMIN/Edit Text/Bespoke/Seller Pages/Delivery Settings/input_Add Delivery Options_select_delivery_method'

2020-03-20 11:42:02 - [MESSAGE][PASSED] - Keys '*' sent to object: 'Object Repository/ADMIN/Edit Text/Bespoke/Seller Pages/Delivery Settings/input_Add Delivery Options_select_delivery_method'

2020-03-20 11:42:02 - [TEST_STEP][PASSED] - sendKeys(findTestObject("ADMIN/Edit Text/Bespoke/Seller Pages/Delivery Settings/input_Name_Name"), "*"): Keys '*' sent to object: 'Object Repository/ADMIN/Edit Text/Bespoke/Seller Pages/Delivery Settings/input_Name_Name'

2020-03-20 11:42:02 - [MESSAGE][PASSED] - Keys '*' sent to object: 'Object Repository/ADMIN/Edit Text/Bespoke/Seller Pages/Delivery Settings/input_Name_Name'

2020-03-20 11:42:02 - [TEST_STEP][PASSED] - sendKeys(findTestObject("ADMIN/Edit Text/Bespoke/Seller Pages/Delivery Settings/input_DELIVERS TO_DELIVERS_TO"), "*"): Keys '*' sent to object: 'Object Repository/ADMIN/Edit Text/Bespoke/Seller Pages/Delivery Settings/input_DELIVERS TO_DELIVERS_TO'

2020-03-20 11:42:02 - [MESSAGE][PASSED] - Keys '*' sent to object: 'Object Repository/ADMIN/Edit Text/Bespoke/Seller Pages/Delivery Settings/input_DELIVERS TO_DELIVERS_TO'

2020-03-20 11:42:02 - [TEST_STEP][PASSED] - sendKeys(findTestObject("ADMIN/Edit Text/Bespoke/Seller Pages/Delivery Settings/input_PICK-UP OPTIONS_PICK-UP_OPTIONS"), "*"): Keys '*' sent to object: 'Object Repository/ADMIN/Edit Text/Bespoke/Seller Pages/Delivery Settings/input_PICK-UP OPTIONS_PICK-UP_OPTIONS'

2020-03-20 11:42:02 - [MESSAGE][PASSED] - Keys '*' sent to object: 'Object Repository/ADMIN/Edit Text/Bespoke/Seller Pages/Delivery Settings/input_PICK-UP OPTIONS_PICK-UP_OPTIONS'

2020-03-20 11:42:02 - [TEST_STEP][PASSED] - sendKeys(findTestObject("ADMIN/Edit Text/Bespoke/Seller Pages/Delivery Settings/input_Add Pick-up Options_Add_Pick-up_Options"), "*"): Keys '*' sent to object: 'Object Repository/ADMIN/Edit Text/Bespoke/Seller Pages/Delivery Settings/input_Add Pick-up Options_Add_Pick-up_Options'

2020-03-20 11:42:03 - [MESSAGE][PASSED] - Keys '*' sent to object: 'Object Repository/ADMIN/Edit Text/Bespoke/Seller Pages/Delivery Settings/input_Add Pick-up Options_Add_Pick-up_Options'

2020-03-20 11:42:03 - [TEST_STEP][PASSED] - sendKeys(findTestObject("ADMIN/Edit Text/Bespoke/Seller Pages/Delivery Settings/input_Define the full address where the buyer can pick up from_delivery_desc_used"), "*"): Keys '*' sent to object: 'Object Repository/ADMIN/Edit Text/Bespoke/Seller Pages/Delivery Settings/input_Define the full address where the buyer can pick up from_delivery_desc_used'

2020-03-20 11:42:03 - [MESSAGE][PASSED] - Keys '*' sent to object: 'Object Repository/ADMIN/Edit Text/Bespoke/Seller Pages/Delivery Settings/input_Define the full address where the buyer can pick up from_delivery_desc_used'

2020-03-20 11:42:03 - [TEST_STEP][PASSED] - sendKeys(findTestObject("ADMIN/Edit Text/Bespoke/Seller Pages/Delivery Settings/input_Delivers to_Delivers_to (1)"), "*"): Keys '*' sent to object: 'Object Repository/ADMIN/Edit Text/Bespoke/Seller Pages/Delivery Settings/input_Delivers to_Delivers_to (1)'

2020-03-20 11:42:03 - [MESSAGE][PASSED] - Keys '*' sent to object: 'Object Repository/ADMIN/Edit Text/Bespoke/Seller Pages/Delivery Settings/input_Delivers to_Delivers_to (1)'

2020-03-20 11:42:03 - [TEST_STEP][PASSED] - sendKeys(findTestObject("ADMIN/Edit Text/Bespoke/Seller Pages/Delivery Settings/input_Shipping rate by_Shipping_rate_by"), "*"): Keys '*' sent to object: 'Object Repository/ADMIN/Edit Text/Bespoke/Seller Pages/Delivery Settings/input_Shipping rate by_Shipping_rate_by'

2020-03-20 11:42:03 - [MESSAGE][PASSED] - Keys '*' sent to object: 'Object Repository/ADMIN/Edit Text/Bespoke/Seller Pages/Delivery Settings/input_Shipping rate by_Shipping_rate_by'

2020-03-20 11:42:03 - [TEST_STEP][PASSED] - sendKeys(findTestObject("ADMIN/Edit Text/Bespoke/Seller Pages/Delivery Settings/input_Delivering from_Delivering_from"), "*"): Keys '*' sent to object: 'Object Repository/ADMIN/Edit Text/Bespoke/Seller Pages/Delivery Settings/input_Delivering from_Delivering_from'

2020-03-20 11:42:03 - [MESSAGE][PASSED] - Keys '*' sent to object: 'Object Repository/ADMIN/Edit Text/Bespoke/Seller Pages/Delivery Settings/input_Delivering from_Delivering_from'

2020-03-20 11:42:03 - [TEST_STEP][PASSED] - sendKeys(findTestObject("ADMIN/Edit Text/Bespoke/Seller Pages/Delivery Settings/input_Delivery rates(s)_Shipping_rate_by"), "*"): Keys '*' sent to object: 'Object Repository/ADMIN/Edit Text/Bespoke/Seller Pages/Delivery Settings/input_Delivery rates(s)_Shipping_rate_by'

2020-03-20 11:42:03 - [MESSAGE][PASSED] - Keys '*' sent to object: 'Object Repository/ADMIN/Edit Text/Bespoke/Seller Pages/Delivery Settings/input_Delivery rates(s)_Shipping_rate_by'

2020-03-20 11:42:03 - [TEST_STEP][PASSED] - sendKeys(findTestObject("ADMIN/Edit Text/Bespoke/Seller Pages/Delivery Settings/input_Name_Name1"), "*"): Keys '*' sent to object: 'Object Repository/ADMIN/Edit Text/Bespoke/Seller Pages/Delivery Settings/input_Name_Name1'

2020-03-20 11:42:03 - [MESSAGE][PASSED] - Keys '*' sent to object: 'Object Repository/ADMIN/Edit Text/Bespoke/Seller Pages/Delivery Settings/input_Name_Name1'

2020-03-20 11:42:03 - [TEST_STEP][PASSED] - sendKeys(findTestObject("ADMIN/Edit Text/Bespoke/Seller Pages/Delivery Settings/input_Range_Range"), "*"): Keys '*' sent to object: 'Object Repository/ADMIN/Edit Text/Bespoke/Seller Pages/Delivery Settings/input_Range_Range'

2020-03-20 11:42:03 - [MESSAGE][PASSED] - Keys '*' sent to object: 'Object Repository/ADMIN/Edit Text/Bespoke/Seller Pages/Delivery Settings/input_Range_Range'

2020-03-20 11:42:03 - [TEST_STEP][PASSED] - sendKeys(findTestObject("ADMIN/Edit Text/Bespoke/Seller Pages/Delivery Settings/input_Delivery Cost_Delivery_Cost"), "*"): Keys '*' sent to object: 'Object Repository/ADMIN/Edit Text/Bespoke/Seller Pages/Delivery Settings/input_Delivery Cost_Delivery_Cost'

2020-03-20 11:42:04 - [MESSAGE][PASSED] - Keys '*' sent to object: 'Object Repository/ADMIN/Edit Text/Bespoke/Seller Pages/Delivery Settings/input_Delivery Cost_Delivery_Cost'

2020-03-20 11:42:04 - [TEST_STEP][PASSED] - sendKeys(findTestObject("ADMIN/Edit Text/Bespoke/Seller Pages/Delivery Settings/input_Okay_Range"), "*"): Keys '*' sent to object: 'Object Repository/ADMIN/Edit Text/Bespoke/Seller Pages/Delivery Settings/input_Okay_Range'

2020-03-20 11:42:04 - [MESSAGE][PASSED] - Keys '*' sent to object: 'Object Repository/ADMIN/Edit Text/Bespoke/Seller Pages/Delivery Settings/input_Okay_Range'

2020-03-20 11:42:04 - [TEST_STEP][PASSED] - sendKeys(findTestObject("ADMIN/Edit Text/Bespoke/Seller Pages/Delivery Settings/input_ADDEDIT DELIVERY OPTION_Add_edit_delivery_option"), "*"): Keys '*' sent to object: 'Object Repository/ADMIN/Edit Text/Bespoke/Seller Pages/Delivery Settings/input_ADDEDIT DELIVERY OPTION_Add_edit_delivery_option'

2020-03-20 11:42:04 - [MESSAGE][PASSED] - Keys '*' sent to object: 'Object Repository/ADMIN/Edit Text/Bespoke/Seller Pages/Delivery Settings/input_ADDEDIT DELIVERY OPTION_Add_edit_delivery_option'

2020-03-20 11:42:04 - [TEST_STEP][PASSED] - sendKeys(findTestObject("ADMIN/Edit Text/Bespoke/Seller Pages/Delivery Settings/input_Define the locations available and the rates for the delivery option_Define_the_locations_available_and_the_rates_for_the_delivery_option"), "*"): Keys '*' sent to object: 'Object Repository/ADMIN/Edit Text/Bespoke/Seller Pages/Delivery Settings/input_Define the locations available and the rates for the delivery option_Define_the_locations_available_and_the_rates_for_the_delivery_option'

2020-03-20 11:42:04 - [MESSAGE][PASSED] - Keys '*' sent to object: 'Object Repository/ADMIN/Edit Text/Bespoke/Seller Pages/Delivery Settings/input_Define the locations available and the rates for the delivery option_Define_the_locations_available_and_the_rates_for_the_delivery_option'

2020-03-20 11:42:04 - [TEST_STEP][PASSED] - sendKeys(findTestObject("ADMIN/Edit Text/Bespoke/Seller Pages/Delivery Settings/input_DELIVERY OPTION SETTINGS_DELIVERY_OPTIONS_SETTINGS"), "*"): Keys '*' sent to object: 'Object Repository/ADMIN/Edit Text/Bespoke/Seller Pages/Delivery Settings/input_DELIVERY OPTION SETTINGS_DELIVERY_OPTIONS_SETTINGS'

2020-03-20 11:42:04 - [MESSAGE][PASSED] - Keys '*' sent to object: 'Object Repository/ADMIN/Edit Text/Bespoke/Seller Pages/Delivery Settings/input_DELIVERY OPTION SETTINGS_DELIVERY_OPTIONS_SETTINGS'

2020-03-20 11:42:04 - [TEST_STEP][PASSED] - sendKeys(findTestObject("ADMIN/Edit Text/Bespoke/Seller Pages/Delivery Settings/input_DELIVERY OPTION NAME_DELIVERY_OPTION_NAME"), "*"): Keys '*' sent to object: 'Object Repository/ADMIN/Edit Text/Bespoke/Seller Pages/Delivery Settings/input_DELIVERY OPTION NAME_DELIVERY_OPTION_NAME'

2020-03-20 11:42:04 - [MESSAGE][PASSED] - Keys '*' sent to object: 'Object Repository/ADMIN/Edit Text/Bespoke/Seller Pages/Delivery Settings/input_DELIVERY OPTION NAME_DELIVERY_OPTION_NAME'

2020-03-20 11:42:04 - [TEST_STEP][PASSED] - sendKeys(findTestObject("ADMIN/Edit Text/Bespoke/Seller Pages/Delivery Settings/input_delivers to3"), "*"): Keys '*' sent to object: 'Object Repository/ADMIN/Edit Text/Bespoke/Seller Pages/Delivery Settings/input_delivers to3'

2020-03-20 11:42:04 - [MESSAGE][PASSED] - Keys '*' sent to object: 'Object Repository/ADMIN/Edit Text/Bespoke/Seller Pages/Delivery Settings/input_delivers to3'

2020-03-20 11:42:04 - [TEST_STEP][PASSED] - sendKeys(findTestObject("ADMIN/Edit Text/Bespoke/Seller Pages/Delivery Settings/input_MINIMUM LEAD TIME_Minimum_lead_time"), "*"): Keys '*' sent to object: 'Object Repository/ADMIN/Edit Text/Bespoke/Seller Pages/Delivery Settings/input_MINIMUM LEAD TIME_Minimum_lead_time'

2020-03-20 11:42:05 - [MESSAGE][PASSED] - Keys '*' sent to object: 'Object Repository/ADMIN/Edit Text/Bespoke/Seller Pages/Delivery Settings/input_MINIMUM LEAD TIME_Minimum_lead_time'

2020-03-20 11:42:05 - [TEST_STEP][PASSED] - sendKeys(findTestObject("ADMIN/Edit Text/Bespoke/Seller Pages/Delivery Settings/input_WHERE ARE YOU DELIVERING FROM_Where_are_you_delivering_from"), "*"): Keys '*' sent to object: 'Object Repository/ADMIN/Edit Text/Bespoke/Seller Pages/Delivery Settings/input_WHERE ARE YOU DELIVERING FROM_Where_are_you_delivering_from'

2020-03-20 11:42:05 - [MESSAGE][PASSED] - Keys '*' sent to object: 'Object Repository/ADMIN/Edit Text/Bespoke/Seller Pages/Delivery Settings/input_WHERE ARE YOU DELIVERING FROM_Where_are_you_delivering_from'

2020-03-20 11:42:05 - [TEST_STEP][PASSED] - sendKeys(findTestObject("ADMIN/Edit Text/Bespoke/Seller Pages/Delivery Settings/input_Select if you would like to calculate shipping by total order weight or total order price_total_order_weight_or_total_order_price"), "*"): Keys '*' sent to object: 'Object Repository/ADMIN/Edit Text/Bespoke/Seller Pages/Delivery Settings/input_Select if you would like to calculate shipping by total order weight or total order price_total_order_weight_or_total_order_price'

2020-03-20 11:42:05 - [MESSAGE][PASSED] - Keys '*' sent to object: 'Object Repository/ADMIN/Edit Text/Bespoke/Seller Pages/Delivery Settings/input_Select if you would like to calculate shipping by total order weight or total order price_total_order_weight_or_total_order_price'

2020-03-20 11:42:05 - [TEST_STEP][PASSED] - sendKeys(findTestObject("ADMIN/Edit Text/Bespoke/Seller Pages/Delivery Settings/input_Weight_Weight"), "*"): Keys '*' sent to object: 'Object Repository/ADMIN/Edit Text/Bespoke/Seller Pages/Delivery Settings/input_Weight_Weight'

2020-03-20 11:42:05 - [MESSAGE][PASSED] - Keys '*' sent to object: 'Object Repository/ADMIN/Edit Text/Bespoke/Seller Pages/Delivery Settings/input_Weight_Weight'

2020-03-20 11:42:05 - [TEST_STEP][PASSED] - sendKeys(findTestObject("ADMIN/Edit Text/Bespoke/Seller Pages/Delivery Settings/input_Price_Price"), "*"): Keys '*' sent to object: 'Object Repository/ADMIN/Edit Text/Bespoke/Seller Pages/Delivery Settings/input_Price_Price'

2020-03-20 11:42:05 - [MESSAGE][PASSED] - Keys '*' sent to object: 'Object Repository/ADMIN/Edit Text/Bespoke/Seller Pages/Delivery Settings/input_Price_Price'

2020-03-20 11:42:05 - [TEST_STEP][PASSED] - sendKeys(findTestObject("ADMIN/Edit Text/Bespoke/Seller Pages/Delivery Settings/input_Delivery Rate(s)_DelDelivery_Rates"), "*"): Keys '*' sent to object: 'Object Repository/ADMIN/Edit Text/Bespoke/Seller Pages/Delivery Settings/input_Delivery Rate(s)_DelDelivery_Rates'

2020-03-20 11:42:05 - [MESSAGE][PASSED] - Keys '*' sent to object: 'Object Repository/ADMIN/Edit Text/Bespoke/Seller Pages/Delivery Settings/input_Delivery Rate(s)_DelDelivery_Rates'

2020-03-20 11:42:05 - [TEST_STEP][PASSED] - sendKeys(findTestObject("ADMIN/Edit Text/Bespoke/Seller Pages/Delivery Settings/input_NAME_Name (1)"), "*"): Keys '*' sent to object: 'Object Repository/ADMIN/Edit Text/Bespoke/Seller Pages/Delivery Settings/input_NAME_Name (1)'

2020-03-20 11:42:05 - [MESSAGE][PASSED] - Keys '*' sent to object: 'Object Repository/ADMIN/Edit Text/Bespoke/Seller Pages/Delivery Settings/input_NAME_Name (1)'

2020-03-20 11:42:05 - [TEST_STEP][PASSED] - sendKeys(findTestObject("ADMIN/Edit Text/Bespoke/Seller Pages/Delivery Settings/input_RANGE_Range (1)"), "*"): Keys '*' sent to object: 'Object Repository/ADMIN/Edit Text/Bespoke/Seller Pages/Delivery Settings/input_RANGE_Range (1)'

2020-03-20 11:42:06 - [MESSAGE][PASSED] - Keys '*' sent to object: 'Object Repository/ADMIN/Edit Text/Bespoke/Seller Pages/Delivery Settings/input_RANGE_Range (1)'

2020-03-20 11:42:06 - [TEST_STEP][PASSED] - sendKeys(findTestObject("ADMIN/Edit Text/Bespoke/Seller Pages/Delivery Settings/input_DELIVERY COST_Delivery_Cost (1)"), "*"): Keys '*' sent to object: 'Object Repository/ADMIN/Edit Text/Bespoke/Seller Pages/Delivery Settings/input_DELIVERY COST_Delivery_Cost (1)'

2020-03-20 11:42:06 - [MESSAGE][PASSED] - Keys '*' sent to object: 'Object Repository/ADMIN/Edit Text/Bespoke/Seller Pages/Delivery Settings/input_DELIVERY COST_Delivery_Cost (1)'

2020-03-20 11:42:06 - [TEST_STEP][PASSED] - sendKeys(findTestObject("ADMIN/Edit Text/Bespoke/Seller Pages/Delivery Settings/input_Onwards_Onwards"), "*"): Keys '*' sent to object: 'Object Repository/ADMIN/Edit Text/Bespoke/Seller Pages/Delivery Settings/input_Onwards_Onwards'

2020-03-20 11:42:06 - [MESSAGE][PASSED] - Keys '*' sent to object: 'Object Repository/ADMIN/Edit Text/Bespoke/Seller Pages/Delivery Settings/input_Onwards_Onwards'

2020-03-20 11:42:06 - [TEST_STEP][PASSED] - sendKeys(findTestObject("ADMIN/Edit Text/Bespoke/Seller Pages/Delivery Settings/input_Add Delivery Rate_Add_Delivery_Rate"), "*"): Keys '*' sent to object: 'Object Repository/ADMIN/Edit Text/Bespoke/Seller Pages/Delivery Settings/input_Add Delivery Rate_Add_Delivery_Rate'

2020-03-20 11:42:06 - [MESSAGE][PASSED] - Keys '*' sent to object: 'Object Repository/ADMIN/Edit Text/Bespoke/Seller Pages/Delivery Settings/input_Add Delivery Rate_Add_Delivery_Rate'

2020-03-20 11:42:06 - [TEST_STEP][PASSED] - sendKeys(findTestObject("ADMIN/Edit Text/Bespoke/Seller Pages/Delivery Settings/input_Delivery Rate Name (Buyers will not see this)_Delivery_Rate_Name"), "*"): Keys '*' sent to object: 'Object Repository/ADMIN/Edit Text/Bespoke/Seller Pages/Delivery Settings/input_Delivery Rate Name (Buyers will not see this)_Delivery_Rate_Name'

2020-03-20 11:42:06 - [MESSAGE][PASSED] - Keys '*' sent to object: 'Object Repository/ADMIN/Edit Text/Bespoke/Seller Pages/Delivery Settings/input_Delivery Rate Name (Buyers will not see this)_Delivery_Rate_Name'

2020-03-20 11:42:06 - [TEST_STEP][PASSED] - sendKeys(findTestObject("ADMIN/Edit Text/Bespoke/Seller Pages/Delivery Settings/input_To_To"), "*"): Keys '*' sent to object: 'Object Repository/ADMIN/Edit Text/Bespoke/Seller Pages/Delivery Settings/input_To_To'

2020-03-20 11:42:06 - [MESSAGE][PASSED] - Keys '*' sent to object: 'Object Repository/ADMIN/Edit Text/Bespoke/Seller Pages/Delivery Settings/input_To_To'

2020-03-20 11:42:06 - [TEST_STEP][PASSED] - sendKeys(findTestObject("ADMIN/Edit Text/Bespoke/Seller Pages/Delivery Settings/input_delivery cost4"), "*"): Keys '*' sent to object: 'Object Repository/ADMIN/Edit Text/Bespoke/Seller Pages/Delivery Settings/input_delivery cost4'

2020-03-20 11:42:06 - [MESSAGE][PASSED] - Keys '*' sent to object: 'Object Repository/ADMIN/Edit Text/Bespoke/Seller Pages/Delivery Settings/input_delivery cost4'

2020-03-20 11:42:06 - [TEST_STEP][PASSED] - sendKeys(findTestObject("ADMIN/Edit Text/Bespoke/Seller Pages/Delivery Settings/input_Save_Save"), "*"): Keys '*' sent to object: 'Object Repository/ADMIN/Edit Text/Bespoke/Seller Pages/Delivery Settings/input_Save_Save'

2020-03-20 11:42:06 - [MESSAGE][PASSED] - Keys '*' sent to object: 'Object Repository/ADMIN/Edit Text/Bespoke/Seller Pages/Delivery Settings/input_Save_Save'

2020-03-20 11:42:06 - [TEST_STEP][PASSED] - sendKeys(findTestObject("ADMIN/Edit Text/Bespoke/Seller Pages/Delivery Settings/input_Cancel_Cancel"), "*"): Keys '*' sent to object: 'Object Repository/ADMIN/Edit Text/Bespoke/Seller Pages/Delivery Settings/input_Cancel_Cancel'

2020-03-20 11:42:07 - [MESSAGE][PASSED] - Keys '*' sent to object: 'Object Repository/ADMIN/Edit Text/Bespoke/Seller Pages/Delivery Settings/input_Cancel_Cancel'

2020-03-20 11:42:07 - [TEST_STEP][PASSED] - click(findTestObject("ADMIN/Edit Text/Bespoke/Buyer Pages/Homepage/button_save"), CONTINUE_ON_FAILURE): Object: 'Object Repository/ADMIN/Edit Text/Bespoke/Buyer Pages/Homepage/button_save' is clicked on

2020-03-20 11:42:07 - [MESSAGE][PASSED] - Object: 'Object Repository/ADMIN/Edit Text/Bespoke/Buyer Pages/Homepage/button_save' is clicked on

2020-03-20 11:42:07 - [TEST_STEP][PASSED] - waitForElementVisible(findTestObject("ADMIN/Edit Text/Bespoke/Buyer Pages/Homepage/toaster_success"), 0): Object 'Object Repository/ADMIN/Edit Text/Bespoke/Buyer Pages/Homepage/toaster_success' is visible

2020-03-20 11:42:07 - [MESSAGE][WARNING] - Timeout '0' is invalid. Using default page load timeout: '30'

2020-03-20 11:42:07 - [MESSAGE][PASSED] - Object 'Object Repository/ADMIN/Edit Text/Bespoke/Buyer Pages/Homepage/toaster_success' is visible]]></system-out>
         <system-err><![CDATA[]]></system-err>
      </testcase>
      <testcase name="Test Cases/ADMIN/Language/Edit Text/Bespoke/Seller/Delivery Settings" time="8.637" classname="Test Cases/ADMIN/Language/Edit Text/Bespoke/Seller/Delivery Settings" status="PASSED">
         <system-out><![CDATA[2020-03-20 11:42:07 - [TEST_CASE][PASSED] - Test Cases/ADMIN/Language/Edit Text/Bespoke/Seller/Delivery Settings: Test Cases/ADMIN/Language/Edit Text/Bespoke/Seller/Delivery Settings

2020-03-20 11:42:07 - [TEST_STEP][PASSED] - waitForElementVisible(findTestObject("ADMIN/Edit Text/Bespoke/Buyer Navigation/dd_language"), 0): Object 'Object Repository/ADMIN/Edit Text/Bespoke/Buyer Navigation/dd_language' is visible

2020-03-20 11:42:08 - [MESSAGE][WARNING] - Timeout '0' is invalid. Using default page load timeout: '30'

2020-03-20 11:42:08 - [MESSAGE][PASSED] - Object 'Object Repository/ADMIN/Edit Text/Bespoke/Buyer Navigation/dd_language' is visible

2020-03-20 11:42:08 - [TEST_STEP][PASSED] - selectOptionByLabel(findTestObject("ADMIN/Edit Text/Bespoke/Buyer Navigation/dd_language"), varLanguage, false): All options with label 'English' are selected in object 'Object Repository/ADMIN/Edit Text/Bespoke/Buyer Navigation/dd_language' 

2020-03-20 11:42:09 - [MESSAGE][PASSED] - All options with label 'English' are selected in object 'Object Repository/ADMIN/Edit Text/Bespoke/Buyer Navigation/dd_language' 

2020-03-20 11:42:09 - [TEST_STEP][PASSED] - sendKeys(findTestObject("ADMIN/Edit Text/Bespoke/Seller Pages/Delivery Settings/input_DELIVERY SETTINGS_DELIVERY_SETTINGS"), "*"): Keys '*' sent to object: 'Object Repository/ADMIN/Edit Text/Bespoke/Seller Pages/Delivery Settings/input_DELIVERY SETTINGS_DELIVERY_SETTINGS'

2020-03-20 11:42:09 - [MESSAGE][PASSED] - Keys '*' sent to object: 'Object Repository/ADMIN/Edit Text/Bespoke/Seller Pages/Delivery Settings/input_DELIVERY SETTINGS_DELIVERY_SETTINGS'

2020-03-20 11:42:09 - [TEST_STEP][PASSED] - sendKeys(findTestObject("ADMIN/Edit Text/Bespoke/Seller Pages/Delivery Settings/input_add del or pickup"), "*"): Keys '*' sent to object: 'Object Repository/ADMIN/Edit Text/Bespoke/Seller Pages/Delivery Settings/input_add del or pickup'

2020-03-20 11:42:10 - [MESSAGE][PASSED] - Keys '*' sent to object: 'Object Repository/ADMIN/Edit Text/Bespoke/Seller Pages/Delivery Settings/input_add del or pickup'

2020-03-20 11:42:10 - [TEST_STEP][PASSED] - sendKeys(findTestObject("ADMIN/Edit Text/Bespoke/Seller Pages/Delivery Settings/input_DELIVERY OPTIONS_DELIVERY_OPTIONS"), "*"): Keys '*' sent to object: 'Object Repository/ADMIN/Edit Text/Bespoke/Seller Pages/Delivery Settings/input_DELIVERY OPTIONS_DELIVERY_OPTIONS'

2020-03-20 11:42:10 - [MESSAGE][PASSED] - Keys '*' sent to object: 'Object Repository/ADMIN/Edit Text/Bespoke/Seller Pages/Delivery Settings/input_DELIVERY OPTIONS_DELIVERY_OPTIONS'

2020-03-20 11:42:10 - [TEST_STEP][PASSED] - sendKeys(findTestObject("ADMIN/Edit Text/Bespoke/Seller Pages/Delivery Settings/input_Add Delivery Options_select_delivery_method"), "*"): Keys '*' sent to object: 'Object Repository/ADMIN/Edit Text/Bespoke/Seller Pages/Delivery Settings/input_Add Delivery Options_select_delivery_method'

2020-03-20 11:42:10 - [MESSAGE][PASSED] - Keys '*' sent to object: 'Object Repository/ADMIN/Edit Text/Bespoke/Seller Pages/Delivery Settings/input_Add Delivery Options_select_delivery_method'

2020-03-20 11:42:10 - [TEST_STEP][PASSED] - sendKeys(findTestObject("ADMIN/Edit Text/Bespoke/Seller Pages/Delivery Settings/input_Name_Name"), "*"): Keys '*' sent to object: 'Object Repository/ADMIN/Edit Text/Bespoke/Seller Pages/Delivery Settings/input_Name_Name'

2020-03-20 11:42:10 - [MESSAGE][PASSED] - Keys '*' sent to object: 'Object Repository/ADMIN/Edit Text/Bespoke/Seller Pages/Delivery Settings/input_Name_Name'

2020-03-20 11:42:10 - [TEST_STEP][PASSED] - sendKeys(findTestObject("ADMIN/Edit Text/Bespoke/Seller Pages/Delivery Settings/input_DELIVERS TO_DELIVERS_TO"), "*"): Keys '*' sent to object: 'Object Repository/ADMIN/Edit Text/Bespoke/Seller Pages/Delivery Settings/input_DELIVERS TO_DELIVERS_TO'

2020-03-20 11:42:10 - [MESSAGE][PASSED] - Keys '*' sent to object: 'Object Repository/ADMIN/Edit Text/Bespoke/Seller Pages/Delivery Settings/input_DELIVERS TO_DELIVERS_TO'

2020-03-20 11:42:10 - [TEST_STEP][PASSED] - sendKeys(findTestObject("ADMIN/Edit Text/Bespoke/Seller Pages/Delivery Settings/input_PICK-UP OPTIONS_PICK-UP_OPTIONS"), "*"): Keys '*' sent to object: 'Object Repository/ADMIN/Edit Text/Bespoke/Seller Pages/Delivery Settings/input_PICK-UP OPTIONS_PICK-UP_OPTIONS'

2020-03-20 11:42:10 - [MESSAGE][PASSED] - Keys '*' sent to object: 'Object Repository/ADMIN/Edit Text/Bespoke/Seller Pages/Delivery Settings/input_PICK-UP OPTIONS_PICK-UP_OPTIONS'

2020-03-20 11:42:10 - [TEST_STEP][PASSED] - sendKeys(findTestObject("ADMIN/Edit Text/Bespoke/Seller Pages/Delivery Settings/input_Add Pick-up Options_Add_Pick-up_Options"), "*"): Keys '*' sent to object: 'Object Repository/ADMIN/Edit Text/Bespoke/Seller Pages/Delivery Settings/input_Add Pick-up Options_Add_Pick-up_Options'

2020-03-20 11:42:10 - [MESSAGE][PASSED] - Keys '*' sent to object: 'Object Repository/ADMIN/Edit Text/Bespoke/Seller Pages/Delivery Settings/input_Add Pick-up Options_Add_Pick-up_Options'

2020-03-20 11:42:10 - [TEST_STEP][PASSED] - sendKeys(findTestObject("ADMIN/Edit Text/Bespoke/Seller Pages/Delivery Settings/input_Define the full address where the buyer can pick up from_delivery_desc_used"), "*"): Keys '*' sent to object: 'Object Repository/ADMIN/Edit Text/Bespoke/Seller Pages/Delivery Settings/input_Define the full address where the buyer can pick up from_delivery_desc_used'

2020-03-20 11:42:10 - [MESSAGE][PASSED] - Keys '*' sent to object: 'Object Repository/ADMIN/Edit Text/Bespoke/Seller Pages/Delivery Settings/input_Define the full address where the buyer can pick up from_delivery_desc_used'

2020-03-20 11:42:10 - [TEST_STEP][PASSED] - sendKeys(findTestObject("ADMIN/Edit Text/Bespoke/Seller Pages/Delivery Settings/input_Delivers to_Delivers_to (1)"), "*"): Keys '*' sent to object: 'Object Repository/ADMIN/Edit Text/Bespoke/Seller Pages/Delivery Settings/input_Delivers to_Delivers_to (1)'

2020-03-20 11:42:11 - [MESSAGE][PASSED] - Keys '*' sent to object: 'Object Repository/ADMIN/Edit Text/Bespoke/Seller Pages/Delivery Settings/input_Delivers to_Delivers_to (1)'

2020-03-20 11:42:11 - [TEST_STEP][PASSED] - sendKeys(findTestObject("ADMIN/Edit Text/Bespoke/Seller Pages/Delivery Settings/input_Shipping rate by_Shipping_rate_by"), "*"): Keys '*' sent to object: 'Object Repository/ADMIN/Edit Text/Bespoke/Seller Pages/Delivery Settings/input_Shipping rate by_Shipping_rate_by'

2020-03-20 11:42:11 - [MESSAGE][PASSED] - Keys '*' sent to object: 'Object Repository/ADMIN/Edit Text/Bespoke/Seller Pages/Delivery Settings/input_Shipping rate by_Shipping_rate_by'

2020-03-20 11:42:11 - [TEST_STEP][PASSED] - sendKeys(findTestObject("ADMIN/Edit Text/Bespoke/Seller Pages/Delivery Settings/input_Delivering from_Delivering_from"), "*"): Keys '*' sent to object: 'Object Repository/ADMIN/Edit Text/Bespoke/Seller Pages/Delivery Settings/input_Delivering from_Delivering_from'

2020-03-20 11:42:11 - [MESSAGE][PASSED] - Keys '*' sent to object: 'Object Repository/ADMIN/Edit Text/Bespoke/Seller Pages/Delivery Settings/input_Delivering from_Delivering_from'

2020-03-20 11:42:11 - [TEST_STEP][PASSED] - sendKeys(findTestObject("ADMIN/Edit Text/Bespoke/Seller Pages/Delivery Settings/input_Delivery rates(s)_Shipping_rate_by"), "*"): Keys '*' sent to object: 'Object Repository/ADMIN/Edit Text/Bespoke/Seller Pages/Delivery Settings/input_Delivery rates(s)_Shipping_rate_by'

2020-03-20 11:42:11 - [MESSAGE][PASSED] - Keys '*' sent to object: 'Object Repository/ADMIN/Edit Text/Bespoke/Seller Pages/Delivery Settings/input_Delivery rates(s)_Shipping_rate_by'

2020-03-20 11:42:11 - [TEST_STEP][PASSED] - sendKeys(findTestObject("ADMIN/Edit Text/Bespoke/Seller Pages/Delivery Settings/input_Name_Name1"), "*"): Keys '*' sent to object: 'Object Repository/ADMIN/Edit Text/Bespoke/Seller Pages/Delivery Settings/input_Name_Name1'

2020-03-20 11:42:12 - [MESSAGE][PASSED] - Keys '*' sent to object: 'Object Repository/ADMIN/Edit Text/Bespoke/Seller Pages/Delivery Settings/input_Name_Name1'

2020-03-20 11:42:12 - [TEST_STEP][PASSED] - sendKeys(findTestObject("ADMIN/Edit Text/Bespoke/Seller Pages/Delivery Settings/input_Range_Range"), "*"): Keys '*' sent to object: 'Object Repository/ADMIN/Edit Text/Bespoke/Seller Pages/Delivery Settings/input_Range_Range'

2020-03-20 11:42:12 - [MESSAGE][PASSED] - Keys '*' sent to object: 'Object Repository/ADMIN/Edit Text/Bespoke/Seller Pages/Delivery Settings/input_Range_Range'

2020-03-20 11:42:12 - [TEST_STEP][PASSED] - sendKeys(findTestObject("ADMIN/Edit Text/Bespoke/Seller Pages/Delivery Settings/input_Delivery Cost_Delivery_Cost"), "*"): Keys '*' sent to object: 'Object Repository/ADMIN/Edit Text/Bespoke/Seller Pages/Delivery Settings/input_Delivery Cost_Delivery_Cost'

2020-03-20 11:42:12 - [MESSAGE][PASSED] - Keys '*' sent to object: 'Object Repository/ADMIN/Edit Text/Bespoke/Seller Pages/Delivery Settings/input_Delivery Cost_Delivery_Cost'

2020-03-20 11:42:12 - [TEST_STEP][PASSED] - sendKeys(findTestObject("ADMIN/Edit Text/Bespoke/Seller Pages/Delivery Settings/input_Okay_Range"), "*"): Keys '*' sent to object: 'Object Repository/ADMIN/Edit Text/Bespoke/Seller Pages/Delivery Settings/input_Okay_Range'

2020-03-20 11:42:12 - [MESSAGE][PASSED] - Keys '*' sent to object: 'Object Repository/ADMIN/Edit Text/Bespoke/Seller Pages/Delivery Settings/input_Okay_Range'

2020-03-20 11:42:12 - [TEST_STEP][PASSED] - sendKeys(findTestObject("ADMIN/Edit Text/Bespoke/Seller Pages/Delivery Settings/input_ADDEDIT DELIVERY OPTION_Add_edit_delivery_option"), "*"): Keys '*' sent to object: 'Object Repository/ADMIN/Edit Text/Bespoke/Seller Pages/Delivery Settings/input_ADDEDIT DELIVERY OPTION_Add_edit_delivery_option'

2020-03-20 11:42:12 - [MESSAGE][PASSED] - Keys '*' sent to object: 'Object Repository/ADMIN/Edit Text/Bespoke/Seller Pages/Delivery Settings/input_ADDEDIT DELIVERY OPTION_Add_edit_delivery_option'

2020-03-20 11:42:12 - [TEST_STEP][PASSED] - sendKeys(findTestObject("ADMIN/Edit Text/Bespoke/Seller Pages/Delivery Settings/input_Define the locations available and the rates for the delivery option_Define_the_locations_available_and_the_rates_for_the_delivery_option"), "*"): Keys '*' sent to object: 'Object Repository/ADMIN/Edit Text/Bespoke/Seller Pages/Delivery Settings/input_Define the locations available and the rates for the delivery option_Define_the_locations_available_and_the_rates_for_the_delivery_option'

2020-03-20 11:42:12 - [MESSAGE][PASSED] - Keys '*' sent to object: 'Object Repository/ADMIN/Edit Text/Bespoke/Seller Pages/Delivery Settings/input_Define the locations available and the rates for the delivery option_Define_the_locations_available_and_the_rates_for_the_delivery_option'

2020-03-20 11:42:12 - [TEST_STEP][PASSED] - sendKeys(findTestObject("ADMIN/Edit Text/Bespoke/Seller Pages/Delivery Settings/input_DELIVERY OPTION SETTINGS_DELIVERY_OPTIONS_SETTINGS"), "*"): Keys '*' sent to object: 'Object Repository/ADMIN/Edit Text/Bespoke/Seller Pages/Delivery Settings/input_DELIVERY OPTION SETTINGS_DELIVERY_OPTIONS_SETTINGS'

2020-03-20 11:42:13 - [MESSAGE][PASSED] - Keys '*' sent to object: 'Object Repository/ADMIN/Edit Text/Bespoke/Seller Pages/Delivery Settings/input_DELIVERY OPTION SETTINGS_DELIVERY_OPTIONS_SETTINGS'

2020-03-20 11:42:13 - [TEST_STEP][PASSED] - sendKeys(findTestObject("ADMIN/Edit Text/Bespoke/Seller Pages/Delivery Settings/input_DELIVERY OPTION NAME_DELIVERY_OPTION_NAME"), "*"): Keys '*' sent to object: 'Object Repository/ADMIN/Edit Text/Bespoke/Seller Pages/Delivery Settings/input_DELIVERY OPTION NAME_DELIVERY_OPTION_NAME'

2020-03-20 11:42:13 - [MESSAGE][PASSED] - Keys '*' sent to object: 'Object Repository/ADMIN/Edit Text/Bespoke/Seller Pages/Delivery Settings/input_DELIVERY OPTION NAME_DELIVERY_OPTION_NAME'

2020-03-20 11:42:13 - [TEST_STEP][PASSED] - sendKeys(findTestObject("ADMIN/Edit Text/Bespoke/Seller Pages/Delivery Settings/input_delivers to3"), "*"): Keys '*' sent to object: 'Object Repository/ADMIN/Edit Text/Bespoke/Seller Pages/Delivery Settings/input_delivers to3'

2020-03-20 11:42:13 - [MESSAGE][PASSED] - Keys '*' sent to object: 'Object Repository/ADMIN/Edit Text/Bespoke/Seller Pages/Delivery Settings/input_delivers to3'

2020-03-20 11:42:13 - [TEST_STEP][PASSED] - sendKeys(findTestObject("ADMIN/Edit Text/Bespoke/Seller Pages/Delivery Settings/input_MINIMUM LEAD TIME_Minimum_lead_time"), "*"): Keys '*' sent to object: 'Object Repository/ADMIN/Edit Text/Bespoke/Seller Pages/Delivery Settings/input_MINIMUM LEAD TIME_Minimum_lead_time'

2020-03-20 11:42:13 - [MESSAGE][PASSED] - Keys '*' sent to object: 'Object Repository/ADMIN/Edit Text/Bespoke/Seller Pages/Delivery Settings/input_MINIMUM LEAD TIME_Minimum_lead_time'

2020-03-20 11:42:13 - [TEST_STEP][PASSED] - sendKeys(findTestObject("ADMIN/Edit Text/Bespoke/Seller Pages/Delivery Settings/input_WHERE ARE YOU DELIVERING FROM_Where_are_you_delivering_from"), "*"): Keys '*' sent to object: 'Object Repository/ADMIN/Edit Text/Bespoke/Seller Pages/Delivery Settings/input_WHERE ARE YOU DELIVERING FROM_Where_are_you_delivering_from'

2020-03-20 11:42:13 - [MESSAGE][PASSED] - Keys '*' sent to object: 'Object Repository/ADMIN/Edit Text/Bespoke/Seller Pages/Delivery Settings/input_WHERE ARE YOU DELIVERING FROM_Where_are_you_delivering_from'

2020-03-20 11:42:13 - [TEST_STEP][PASSED] - sendKeys(findTestObject("ADMIN/Edit Text/Bespoke/Seller Pages/Delivery Settings/input_Select if you would like to calculate shipping by total order weight or total order price_total_order_weight_or_total_order_price"), "*"): Keys '*' sent to object: 'Object Repository/ADMIN/Edit Text/Bespoke/Seller Pages/Delivery Settings/input_Select if you would like to calculate shipping by total order weight or total order price_total_order_weight_or_total_order_price'

2020-03-20 11:42:13 - [MESSAGE][PASSED] - Keys '*' sent to object: 'Object Repository/ADMIN/Edit Text/Bespoke/Seller Pages/Delivery Settings/input_Select if you would like to calculate shipping by total order weight or total order price_total_order_weight_or_total_order_price'

2020-03-20 11:42:13 - [TEST_STEP][PASSED] - sendKeys(findTestObject("ADMIN/Edit Text/Bespoke/Seller Pages/Delivery Settings/input_Weight_Weight"), "*"): Keys '*' sent to object: 'Object Repository/ADMIN/Edit Text/Bespoke/Seller Pages/Delivery Settings/input_Weight_Weight'

2020-03-20 11:42:13 - [MESSAGE][PASSED] - Keys '*' sent to object: 'Object Repository/ADMIN/Edit Text/Bespoke/Seller Pages/Delivery Settings/input_Weight_Weight'

2020-03-20 11:42:13 - [TEST_STEP][PASSED] - sendKeys(findTestObject("ADMIN/Edit Text/Bespoke/Seller Pages/Delivery Settings/input_Price_Price"), "*"): Keys '*' sent to object: 'Object Repository/ADMIN/Edit Text/Bespoke/Seller Pages/Delivery Settings/input_Price_Price'

2020-03-20 11:42:14 - [MESSAGE][PASSED] - Keys '*' sent to object: 'Object Repository/ADMIN/Edit Text/Bespoke/Seller Pages/Delivery Settings/input_Price_Price'

2020-03-20 11:42:14 - [TEST_STEP][PASSED] - sendKeys(findTestObject("ADMIN/Edit Text/Bespoke/Seller Pages/Delivery Settings/input_Delivery Rate(s)_DelDelivery_Rates"), "*"): Keys '*' sent to object: 'Object Repository/ADMIN/Edit Text/Bespoke/Seller Pages/Delivery Settings/input_Delivery Rate(s)_DelDelivery_Rates'

2020-03-20 11:42:14 - [MESSAGE][PASSED] - Keys '*' sent to object: 'Object Repository/ADMIN/Edit Text/Bespoke/Seller Pages/Delivery Settings/input_Delivery Rate(s)_DelDelivery_Rates'

2020-03-20 11:42:14 - [TEST_STEP][PASSED] - sendKeys(findTestObject("ADMIN/Edit Text/Bespoke/Seller Pages/Delivery Settings/input_NAME_Name (1)"), "*"): Keys '*' sent to object: 'Object Repository/ADMIN/Edit Text/Bespoke/Seller Pages/Delivery Settings/input_NAME_Name (1)'

2020-03-20 11:42:14 - [MESSAGE][PASSED] - Keys '*' sent to object: 'Object Repository/ADMIN/Edit Text/Bespoke/Seller Pages/Delivery Settings/input_NAME_Name (1)'

2020-03-20 11:42:14 - [TEST_STEP][PASSED] - sendKeys(findTestObject("ADMIN/Edit Text/Bespoke/Seller Pages/Delivery Settings/input_RANGE_Range (1)"), "*"): Keys '*' sent to object: 'Object Repository/ADMIN/Edit Text/Bespoke/Seller Pages/Delivery Settings/input_RANGE_Range (1)'

2020-03-20 11:42:14 - [MESSAGE][PASSED] - Keys '*' sent to object: 'Object Repository/ADMIN/Edit Text/Bespoke/Seller Pages/Delivery Settings/input_RANGE_Range (1)'

2020-03-20 11:42:14 - [TEST_STEP][PASSED] - sendKeys(findTestObject("ADMIN/Edit Text/Bespoke/Seller Pages/Delivery Settings/input_DELIVERY COST_Delivery_Cost (1)"), "*"): Keys '*' sent to object: 'Object Repository/ADMIN/Edit Text/Bespoke/Seller Pages/Delivery Settings/input_DELIVERY COST_Delivery_Cost (1)'

2020-03-20 11:42:14 - [MESSAGE][PASSED] - Keys '*' sent to object: 'Object Repository/ADMIN/Edit Text/Bespoke/Seller Pages/Delivery Settings/input_DELIVERY COST_Delivery_Cost (1)'

2020-03-20 11:42:14 - [TEST_STEP][PASSED] - sendKeys(findTestObject("ADMIN/Edit Text/Bespoke/Seller Pages/Delivery Settings/input_Onwards_Onwards"), "*"): Keys '*' sent to object: 'Object Repository/ADMIN/Edit Text/Bespoke/Seller Pages/Delivery Settings/input_Onwards_Onwards'

2020-03-20 11:42:14 - [MESSAGE][PASSED] - Keys '*' sent to object: 'Object Repository/ADMIN/Edit Text/Bespoke/Seller Pages/Delivery Settings/input_Onwards_Onwards'

2020-03-20 11:42:14 - [TEST_STEP][PASSED] - sendKeys(findTestObject("ADMIN/Edit Text/Bespoke/Seller Pages/Delivery Settings/input_Add Delivery Rate_Add_Delivery_Rate"), "*"): Keys '*' sent to object: 'Object Repository/ADMIN/Edit Text/Bespoke/Seller Pages/Delivery Settings/input_Add Delivery Rate_Add_Delivery_Rate'

2020-03-20 11:42:14 - [MESSAGE][PASSED] - Keys '*' sent to object: 'Object Repository/ADMIN/Edit Text/Bespoke/Seller Pages/Delivery Settings/input_Add Delivery Rate_Add_Delivery_Rate'

2020-03-20 11:42:14 - [TEST_STEP][PASSED] - sendKeys(findTestObject("ADMIN/Edit Text/Bespoke/Seller Pages/Delivery Settings/input_Delivery Rate Name (Buyers will not see this)_Delivery_Rate_Name"), "*"): Keys '*' sent to object: 'Object Repository/ADMIN/Edit Text/Bespoke/Seller Pages/Delivery Settings/input_Delivery Rate Name (Buyers will not see this)_Delivery_Rate_Name'

2020-03-20 11:42:15 - [MESSAGE][PASSED] - Keys '*' sent to object: 'Object Repository/ADMIN/Edit Text/Bespoke/Seller Pages/Delivery Settings/input_Delivery Rate Name (Buyers will not see this)_Delivery_Rate_Name'

2020-03-20 11:42:15 - [TEST_STEP][PASSED] - sendKeys(findTestObject("ADMIN/Edit Text/Bespoke/Seller Pages/Delivery Settings/input_To_To"), "*"): Keys '*' sent to object: 'Object Repository/ADMIN/Edit Text/Bespoke/Seller Pages/Delivery Settings/input_To_To'

2020-03-20 11:42:15 - [MESSAGE][PASSED] - Keys '*' sent to object: 'Object Repository/ADMIN/Edit Text/Bespoke/Seller Pages/Delivery Settings/input_To_To'

2020-03-20 11:42:15 - [TEST_STEP][PASSED] - sendKeys(findTestObject("ADMIN/Edit Text/Bespoke/Seller Pages/Delivery Settings/input_delivery cost4"), "*"): Keys '*' sent to object: 'Object Repository/ADMIN/Edit Text/Bespoke/Seller Pages/Delivery Settings/input_delivery cost4'

2020-03-20 11:42:15 - [MESSAGE][PASSED] - Keys '*' sent to object: 'Object Repository/ADMIN/Edit Text/Bespoke/Seller Pages/Delivery Settings/input_delivery cost4'

2020-03-20 11:42:15 - [TEST_STEP][PASSED] - sendKeys(findTestObject("ADMIN/Edit Text/Bespoke/Seller Pages/Delivery Settings/input_Save_Save"), "*"): Keys '*' sent to object: 'Object Repository/ADMIN/Edit Text/Bespoke/Seller Pages/Delivery Settings/input_Save_Save'

2020-03-20 11:42:15 - [MESSAGE][PASSED] - Keys '*' sent to object: 'Object Repository/ADMIN/Edit Text/Bespoke/Seller Pages/Delivery Settings/input_Save_Save'

2020-03-20 11:42:15 - [TEST_STEP][PASSED] - sendKeys(findTestObject("ADMIN/Edit Text/Bespoke/Seller Pages/Delivery Settings/input_Cancel_Cancel"), "*"): Keys '*' sent to object: 'Object Repository/ADMIN/Edit Text/Bespoke/Seller Pages/Delivery Settings/input_Cancel_Cancel'

2020-03-20 11:42:15 - [MESSAGE][PASSED] - Keys '*' sent to object: 'Object Repository/ADMIN/Edit Text/Bespoke/Seller Pages/Delivery Settings/input_Cancel_Cancel'

2020-03-20 11:42:15 - [TEST_STEP][PASSED] - click(findTestObject("ADMIN/Edit Text/Bespoke/Buyer Pages/Homepage/button_save"), CONTINUE_ON_FAILURE): Object: 'Object Repository/ADMIN/Edit Text/Bespoke/Buyer Pages/Homepage/button_save' is clicked on

2020-03-20 11:42:16 - [MESSAGE][PASSED] - Object: 'Object Repository/ADMIN/Edit Text/Bespoke/Buyer Pages/Homepage/button_save' is clicked on

2020-03-20 11:42:16 - [TEST_STEP][PASSED] - waitForElementVisible(findTestObject("ADMIN/Edit Text/Bespoke/Buyer Pages/Homepage/toaster_success"), 0): Object 'Object Repository/ADMIN/Edit Text/Bespoke/Buyer Pages/Homepage/toaster_success' is visible

2020-03-20 11:42:16 - [MESSAGE][WARNING] - Timeout '0' is invalid. Using default page load timeout: '30'

2020-03-20 11:42:16 - [MESSAGE][PASSED] - Object 'Object Repository/ADMIN/Edit Text/Bespoke/Buyer Pages/Homepage/toaster_success' is visible]]></system-out>
         <system-err><![CDATA[]]></system-err>
      </testcase>
      <system-out><![CDATA[2020-03-20 11:39:48 - [TEST_SUITE][PASSED] - Bespoke Seller Pages: Test Cases/ADMIN/Language/Edit Text/Bespoke/Seller/Delivery Settings]]></system-out>
      <system-err><![CDATA[]]></system-err>
   </testsuite>
</testsuites>
