<?xml version="1.0" encoding="UTF-8"?>
<testsuites name="Add_Custom fields" time="112" tests="12" failures="1" errors="0">
   <testsuite name="Add_Custom fields" tests="12" failures="1" errors="0" time="112" timestamp="2019-05-27 12:53:22" hostname="April - April-PC" id="Test Suites/Custom Fields/Add_Custom fields">
      <properties>
         <property name="deviceName" value=""/>
         <property name="devicePlatform" value=""/>
         <property name="logFolder" value="C:\\Users\\April\\git\\Arctick\\Arctick\\Reports\\Custom Fields\\Add_Custom fields\\20190527_125320"/>
         <property name="logFiles" value="C:\\Users\\April\\git\\Arctick\\Arctick\\Reports\\Custom Fields\\Add_Custom fields\\20190527_125320\\execution0.log"/>
         <property name="attachments" value="C:\\Users\\April\\git\\Arctick\\Arctick\\Reports\\Custom Fields\\Add_Custom fields\\20190527_125320\\1558932914763.png"/>
         <property name="hostName" value="April - April-PC"/>
         <property name="os" value="Windows 7 64bit"/>
         <property name="katalonVersion" value="5.4.2.1"/>
         <property name="browser" value="Chrome 74.0.3729.169"/>
         <property name="hostAddress" value="10.10.31.66"/>
         <property name="sessionId" value="5e635fbdf5750a6bfd7ebca01b5f7bac"/>
         <property name="seleniumVersion" value="3.7.1"/>
         <property name="proxyInformation" value="ProxyInformation{proxyOption=NO_PROXY, proxyServerType=HTTP, password=, proxyServerAddress=, proxyServerPort=0}"/>
         <property name="platform" value="Windows 7"/>
      </properties>
      <testcase name="Test Cases/Utilities/ADMIN/Admin Login" classname="Test Cases/Utilities/ADMIN/Admin Login" status="PASSED">
         <system-out><![CDATA[2019-05-27 12:53:23 - [TEST_CASE][PASSED] - Test Cases/Utilities/ADMIN/Admin Login: Test Cases/Utilities/ADMIN/Admin Login

2019-05-27 12:53:23 - [TEST_STEP][PASSED] - openBrowser: Browser is opened with url: ''

2019-05-27 12:53:26 - [MESSAGE][PASSED] - Browser is opened with url: ''

2019-05-27 12:53:26 - [TEST_STEP][PASSED] - maximizeWindow: Current window maximized

2019-05-27 12:53:27 - [MESSAGE][PASSED] - Current window maximized

2019-05-27 12:53:27 - [TEST_STEP][PASSED] - navigateToUrl: Navigate to 'http://0527st1.test.arcadier.io/admin' successfully

2019-05-27 12:53:29 - [MESSAGE][PASSED] - Navigate to 'http://0527st1.test.arcadier.io/admin' successfully

2019-05-27 12:53:29 - [TEST_STEP][PASSED] - Statement - If (AdminAccountType == "custom"): Object: 'Object Repository/ADMIN/Admin Login/Admin Login/btn_signin' is clicked on

2019-05-27 12:53:29 - [TEST_STEP][PASSED] - waitForElementVisible: Object 'Object Repository/ADMIN/Admin Login/Admin Login/txtbox_username' is visible

2019-05-27 12:53:29 - [MESSAGE][WARNING] - Timeout '0' is invalid. Using default page load timeout: '30'

2019-05-27 12:53:29 - [MESSAGE][PASSED] - Object 'Object Repository/ADMIN/Admin Login/Admin Login/txtbox_username' is visible

2019-05-27 12:53:29 - [TEST_STEP][PASSED] - setText: Text '0527st1' is set on object 'Object Repository/ADMIN/Admin Login/Admin Login/txtbox_username'

2019-05-27 12:53:29 - [MESSAGE][PASSED] - Text '0527st1' is set on object 'Object Repository/ADMIN/Admin Login/Admin Login/txtbox_username'

2019-05-27 12:53:29 - [TEST_STEP][PASSED] - setText: Text 'welcome8' is set on object 'Object Repository/ADMIN/Admin Login/Admin Login/txtbox_password'

2019-05-27 12:53:29 - [MESSAGE][PASSED] - Text 'welcome8' is set on object 'Object Repository/ADMIN/Admin Login/Admin Login/txtbox_password'

2019-05-27 12:53:29 - [TEST_STEP][PASSED] - click: Object: 'Object Repository/ADMIN/Admin Login/Admin Login/btn_signin' is clicked on

2019-05-27 12:53:33 - [MESSAGE][PASSED] - Object: 'Object Repository/ADMIN/Admin Login/Admin Login/btn_signin' is clicked on]]></system-out>
         <system-err><![CDATA[]]></system-err>
      </testcase>
      <testcase name="Test Cases/ADMIN/Custom Fields Page/Add Custom Item Fields/Add_Textfield" classname="Test Cases/ADMIN/Custom Fields Page/Add Custom Item Fields/Add_Textfield" status="PASSED">
         <system-out><![CDATA[2019-05-27 12:53:33 - [TEST_CASE][PASSED] - Test Cases/ADMIN/Custom Fields Page/Add Custom Item Fields/Add_Textfield: Test Cases/ADMIN/Custom Fields Page/Add Custom Item Fields/Add_Textfield

2019-05-27 12:53:33 - [TEST_STEP][PASSED] - waitForElementVisible: Object 'Object Repository/ADMIN/Custom Item Fields List Page/menulink_Content Mgmt.' is visible

2019-05-27 12:53:33 - [MESSAGE][WARNING] - Timeout '0' is invalid. Using default page load timeout: '30'

2019-05-27 12:53:33 - [MESSAGE][PASSED] - Object 'Object Repository/ADMIN/Custom Item Fields List Page/menulink_Content Mgmt.' is visible

2019-05-27 12:53:33 - [TEST_STEP][PASSED] - click: Object: 'Object Repository/ADMIN/Custom Item Fields List Page/menulink_Content Mgmt.' is clicked on

2019-05-27 12:53:33 - [MESSAGE][PASSED] - Object: 'Object Repository/ADMIN/Custom Item Fields List Page/menulink_Content Mgmt.' is clicked on

2019-05-27 12:53:33 - [TEST_STEP][PASSED] - waitForElementVisible: Object 'Object Repository/ADMIN/Custom Item Fields List Page/submenulink_Custom Fields' is visible

2019-05-27 12:53:33 - [MESSAGE][WARNING] - Timeout '0' is invalid. Using default page load timeout: '30'

2019-05-27 12:53:34 - [MESSAGE][PASSED] - Object 'Object Repository/ADMIN/Custom Item Fields List Page/submenulink_Custom Fields' is visible

2019-05-27 12:53:34 - [TEST_STEP][PASSED] - click: Object: 'Object Repository/ADMIN/Custom Item Fields List Page/submenulink_Custom Fields' is clicked on

2019-05-27 12:53:35 - [MESSAGE][PASSED] - Object: 'Object Repository/ADMIN/Custom Item Fields List Page/submenulink_Custom Fields' is clicked on

2019-05-27 12:53:35 - [TEST_STEP][PASSED] - waitForElementVisible: Object 'Object Repository/ADMIN/Custom Item Fields List Page/button_Add Field' is visible

2019-05-27 12:53:35 - [MESSAGE][WARNING] - Timeout '0' is invalid. Using default page load timeout: '30'

2019-05-27 12:53:35 - [MESSAGE][PASSED] - Object 'Object Repository/ADMIN/Custom Item Fields List Page/button_Add Field' is visible

2019-05-27 12:53:35 - [TEST_STEP][PASSED] - click: Object: 'Object Repository/ADMIN/Custom Item Fields List Page/button_Add Field' is clicked on

2019-05-27 12:53:36 - [MESSAGE][PASSED] - Object: 'Object Repository/ADMIN/Custom Item Fields List Page/button_Add Field' is clicked on

2019-05-27 12:53:36 - [TEST_STEP][PASSED] - waitForElementVisible: Object 'Object Repository/ADMIN/Custom Item Fields Page/a_Default/dropdown_fieldtype' is visible

2019-05-27 12:53:36 - [MESSAGE][WARNING] - Timeout '0' is invalid. Using default page load timeout: '30'

2019-05-27 12:53:36 - [MESSAGE][PASSED] - Object 'Object Repository/ADMIN/Custom Item Fields Page/a_Default/dropdown_fieldtype' is visible

2019-05-27 12:53:36 - [TEST_STEP][PASSED] - waitForPageLoad: Wait for page load successfully

2019-05-27 12:53:36 - [MESSAGE][WARNING] - Timeout '0' is invalid. Using default page load timeout: '30'

2019-05-27 12:53:36 - [MESSAGE][PASSED] - Wait for page load successfully

2019-05-27 12:53:36 - [TEST_STEP][PASSED] - click: Object: 'Object Repository/ADMIN/Custom Item Fields Page/a_Default/dropdown_fieldtype' is clicked on

2019-05-27 12:53:36 - [MESSAGE][PASSED] - Object: 'Object Repository/ADMIN/Custom Item Fields Page/a_Default/dropdown_fieldtype' is clicked on

2019-05-27 12:53:36 - [TEST_STEP][PASSED] - delay: Delayed 2 second(s)

2019-05-27 12:53:38 - [MESSAGE][PASSED] - Delayed 2 second(s)

2019-05-27 12:53:38 - [TEST_STEP][PASSED] - selectOptionByLabel: All options with label 'Text Field' are selected in object 'Object Repository/ADMIN/Custom Item Fields Page/a_Default/dropdown_fieldtype' 

2019-05-27 12:53:39 - [MESSAGE][PASSED] - All options with label 'Text Field' are selected in object 'Object Repository/ADMIN/Custom Item Fields Page/a_Default/dropdown_fieldtype' 

2019-05-27 12:53:39 - [TEST_STEP][PASSED] - setText: Text 'Textfield' is set on object 'Object Repository/ADMIN/Custom Item Fields Page/a_Default/textfield_fieldname'

2019-05-27 12:53:39 - [MESSAGE][PASSED] - Text 'Textfield' is set on object 'Object Repository/ADMIN/Custom Item Fields Page/a_Default/textfield_fieldname'

2019-05-27 12:53:39 - [TEST_STEP][PASSED] - scrollToElement: Scroll to object 'Object Repository/ADMIN/Custom Item Fields Page/a_Default/button_SelectCategories' successfully

2019-05-27 12:53:39 - [MESSAGE][WARNING] - Timeout '0' is invalid. Using default page load timeout: '30'

2019-05-27 12:53:39 - [MESSAGE][PASSED] - Scroll to object 'Object Repository/ADMIN/Custom Item Fields Page/a_Default/button_SelectCategories' successfully

2019-05-27 12:53:39 - [TEST_STEP][PASSED] - click: Object: 'Object Repository/ADMIN/Custom Item Fields Page/a_Default/button_SelectCategories' is clicked on

2019-05-27 12:53:39 - [MESSAGE][PASSED] - Object: 'Object Repository/ADMIN/Custom Item Fields Page/a_Default/button_SelectCategories' is clicked on

2019-05-27 12:53:39 - [TEST_STEP][PASSED] - waitForElementVisible: Object 'Object Repository/ADMIN/Custom Item Fields List Page/a_SelectCategories/linktext_SelectAll' is visible

2019-05-27 12:53:39 - [MESSAGE][WARNING] - Timeout '0' is invalid. Using default page load timeout: '30'

2019-05-27 12:53:39 - [MESSAGE][PASSED] - Object 'Object Repository/ADMIN/Custom Item Fields List Page/a_SelectCategories/linktext_SelectAll' is visible

2019-05-27 12:53:39 - [TEST_STEP][PASSED] - click: Object: 'Object Repository/ADMIN/Custom Item Fields List Page/a_SelectCategories/linktext_SelectAll' is clicked on

2019-05-27 12:53:40 - [MESSAGE][PASSED] - Object: 'Object Repository/ADMIN/Custom Item Fields List Page/a_SelectCategories/linktext_SelectAll' is clicked on

2019-05-27 12:53:40 - [TEST_STEP][PASSED] - click: Object: 'Object Repository/ADMIN/Custom Item Fields List Page/a_SelectCategories/button_Save' is clicked on

2019-05-27 12:53:40 - [MESSAGE][PASSED] - Object: 'Object Repository/ADMIN/Custom Item Fields List Page/a_SelectCategories/button_Save' is clicked on

2019-05-27 12:53:40 - [TEST_STEP][PASSED] - delay: Delayed 1 second(s)

2019-05-27 12:53:41 - [MESSAGE][PASSED] - Delayed 1 second(s)

2019-05-27 12:53:41 - [TEST_STEP][PASSED] - scrollToElement: Scroll to object 'Object Repository/ADMIN/Custom Item Fields Page/a_Default/button_Save1' successfully

2019-05-27 12:53:41 - [MESSAGE][WARNING] - Timeout '0' is invalid. Using default page load timeout: '30'

2019-05-27 12:53:41 - [MESSAGE][PASSED] - Scroll to object 'Object Repository/ADMIN/Custom Item Fields Page/a_Default/button_Save1' successfully

2019-05-27 12:53:41 - [TEST_STEP][PASSED] - click: Object: 'Object Repository/ADMIN/Custom Item Fields Page/a_Default/button_Save1' is clicked on

2019-05-27 12:53:41 - [MESSAGE][PASSED] - Object: 'Object Repository/ADMIN/Custom Item Fields Page/a_Default/button_Save1' is clicked on]]></system-out>
         <system-err><![CDATA[]]></system-err>
      </testcase>
      <testcase name="Test Cases/ADMIN/Custom Fields Page/Add Custom Item Fields/Add_HyperlinkURL" classname="Test Cases/ADMIN/Custom Fields Page/Add Custom Item Fields/Add_HyperlinkURL" status="PASSED">
         <system-out><![CDATA[2019-05-27 12:53:41 - [TEST_CASE][PASSED] - Test Cases/ADMIN/Custom Fields Page/Add Custom Item Fields/Add_HyperlinkURL: Test Cases/ADMIN/Custom Fields Page/Add Custom Item Fields/Add_HyperlinkURL

2019-05-27 12:53:41 - [TEST_STEP][PASSED] - waitForElementVisible: Object 'Object Repository/ADMIN/Custom Item Fields List Page/button_Add Field' is visible

2019-05-27 12:53:41 - [MESSAGE][WARNING] - Timeout '0' is invalid. Using default page load timeout: '30'

2019-05-27 12:53:43 - [MESSAGE][PASSED] - Object 'Object Repository/ADMIN/Custom Item Fields List Page/button_Add Field' is visible

2019-05-27 12:53:43 - [TEST_STEP][PASSED] - click: Object: 'Object Repository/ADMIN/Custom Item Fields List Page/button_Add Field' is clicked on

2019-05-27 12:53:44 - [MESSAGE][PASSED] - Object: 'Object Repository/ADMIN/Custom Item Fields List Page/button_Add Field' is clicked on

2019-05-27 12:53:44 - [TEST_STEP][PASSED] - waitForElementVisible: Object 'Object Repository/ADMIN/Custom Item Fields Page/a_Default/dropdown_fieldtype' is visible

2019-05-27 12:53:44 - [MESSAGE][WARNING] - Timeout '0' is invalid. Using default page load timeout: '30'

2019-05-27 12:53:44 - [MESSAGE][PASSED] - Object 'Object Repository/ADMIN/Custom Item Fields Page/a_Default/dropdown_fieldtype' is visible

2019-05-27 12:53:44 - [TEST_STEP][PASSED] - waitForPageLoad: Wait for page load successfully

2019-05-27 12:53:44 - [MESSAGE][WARNING] - Timeout '0' is invalid. Using default page load timeout: '30'

2019-05-27 12:53:44 - [MESSAGE][PASSED] - Wait for page load successfully

2019-05-27 12:53:44 - [TEST_STEP][PASSED] - click: Object: 'Object Repository/ADMIN/Custom Item Fields Page/a_Default/dropdown_fieldtype' is clicked on

2019-05-27 12:53:44 - [MESSAGE][PASSED] - Object: 'Object Repository/ADMIN/Custom Item Fields Page/a_Default/dropdown_fieldtype' is clicked on

2019-05-27 12:53:44 - [TEST_STEP][PASSED] - delay: Delayed 2 second(s)

2019-05-27 12:53:46 - [MESSAGE][PASSED] - Delayed 2 second(s)

2019-05-27 12:53:46 - [TEST_STEP][PASSED] - selectOptionByLabel: All options with label 'Hyperlink / URL' are selected in object 'Object Repository/ADMIN/Custom Item Fields Page/a_Default/dropdown_fieldtype' 

2019-05-27 12:53:46 - [MESSAGE][PASSED] - All options with label 'Hyperlink / URL' are selected in object 'Object Repository/ADMIN/Custom Item Fields Page/a_Default/dropdown_fieldtype' 

2019-05-27 12:53:46 - [TEST_STEP][PASSED] - verifyOptionSelectedByLabel: All options with label 'Hyperlink / URL' are selected in object 'Object Repository/ADMIN/Custom Item Fields Page/a_Default/dropdown_fieldtype' 

2019-05-27 12:53:46 - [MESSAGE][WARNING] - Timeout '0' is invalid. Using default page load timeout: '30'

2019-05-27 12:53:47 - [MESSAGE][PASSED] - All options with label 'Hyperlink / URL' are selected in object 'Object Repository/ADMIN/Custom Item Fields Page/a_Default/dropdown_fieldtype' 

2019-05-27 12:53:47 - [TEST_STEP][PASSED] - setText: Text 'URL' is set on object 'Object Repository/ADMIN/Custom Item Fields Page/a_Default/textfield_fieldname'

2019-05-27 12:53:47 - [MESSAGE][PASSED] - Text 'URL' is set on object 'Object Repository/ADMIN/Custom Item Fields Page/a_Default/textfield_fieldname'

2019-05-27 12:53:47 - [TEST_STEP][PASSED] - scrollToElement: Scroll to object 'Object Repository/ADMIN/Custom Item Fields Page/a_Default/button_SelectCategories' successfully

2019-05-27 12:53:47 - [MESSAGE][WARNING] - Timeout '0' is invalid. Using default page load timeout: '30'

2019-05-27 12:53:47 - [MESSAGE][PASSED] - Scroll to object 'Object Repository/ADMIN/Custom Item Fields Page/a_Default/button_SelectCategories' successfully

2019-05-27 12:53:47 - [TEST_STEP][PASSED] - click: Object: 'Object Repository/ADMIN/Custom Item Fields Page/a_Default/button_SelectCategories' is clicked on

2019-05-27 12:53:47 - [MESSAGE][PASSED] - Object: 'Object Repository/ADMIN/Custom Item Fields Page/a_Default/button_SelectCategories' is clicked on

2019-05-27 12:53:47 - [TEST_STEP][PASSED] - waitForElementVisible: Object 'Object Repository/ADMIN/Custom Item Fields List Page/a_SelectCategories/linktext_SelectAll' is visible

2019-05-27 12:53:47 - [MESSAGE][WARNING] - Timeout '0' is invalid. Using default page load timeout: '30'

2019-05-27 12:53:48 - [MESSAGE][PASSED] - Object 'Object Repository/ADMIN/Custom Item Fields List Page/a_SelectCategories/linktext_SelectAll' is visible

2019-05-27 12:53:48 - [TEST_STEP][PASSED] - scrollToElement: Scroll to object 'Object Repository/ADMIN/Custom Item Fields List Page/a_SelectCategories/a_Categories/checkbox_2' successfully

2019-05-27 12:53:48 - [MESSAGE][WARNING] - Timeout '0' is invalid. Using default page load timeout: '30'

2019-05-27 12:53:48 - [MESSAGE][PASSED] - Scroll to object 'Object Repository/ADMIN/Custom Item Fields List Page/a_SelectCategories/a_Categories/checkbox_2' successfully

2019-05-27 12:53:48 - [TEST_STEP][PASSED] - click: Object: 'Object Repository/ADMIN/Custom Item Fields List Page/a_SelectCategories/a_Categories/checkbox_2' is clicked on

2019-05-27 12:53:48 - [MESSAGE][PASSED] - Object: 'Object Repository/ADMIN/Custom Item Fields List Page/a_SelectCategories/a_Categories/checkbox_2' is clicked on

2019-05-27 12:53:48 - [TEST_STEP][PASSED] - click: Object: 'Object Repository/ADMIN/Custom Item Fields List Page/a_SelectCategories/button_Save' is clicked on

2019-05-27 12:53:48 - [MESSAGE][PASSED] - Object: 'Object Repository/ADMIN/Custom Item Fields List Page/a_SelectCategories/button_Save' is clicked on

2019-05-27 12:53:48 - [TEST_STEP][PASSED] - delay: Delayed 1 second(s)

2019-05-27 12:53:49 - [MESSAGE][PASSED] - Delayed 1 second(s)

2019-05-27 12:53:49 - [TEST_STEP][PASSED] - scrollToElement: Scroll to object 'Object Repository/ADMIN/Custom Item Fields Page/a_Default/button_Save1' successfully

2019-05-27 12:53:49 - [MESSAGE][WARNING] - Timeout '0' is invalid. Using default page load timeout: '30'

2019-05-27 12:53:49 - [MESSAGE][PASSED] - Scroll to object 'Object Repository/ADMIN/Custom Item Fields Page/a_Default/button_Save1' successfully

2019-05-27 12:53:49 - [TEST_STEP][PASSED] - click: Object: 'Object Repository/ADMIN/Custom Item Fields Page/a_Default/button_Save1' is clicked on

2019-05-27 12:53:49 - [MESSAGE][PASSED] - Object: 'Object Repository/ADMIN/Custom Item Fields Page/a_Default/button_Save1' is clicked on]]></system-out>
         <system-err><![CDATA[]]></system-err>
      </testcase>
      <testcase name="Test Cases/ADMIN/Custom Fields Page/Add Custom Item Fields/Add_Email" classname="Test Cases/ADMIN/Custom Fields Page/Add Custom Item Fields/Add_Email" status="PASSED">
         <system-out><![CDATA[2019-05-27 12:53:49 - [TEST_CASE][PASSED] - Test Cases/ADMIN/Custom Fields Page/Add Custom Item Fields/Add_Email: Test Cases/ADMIN/Custom Fields Page/Add Custom Item Fields/Add_Email

2019-05-27 12:53:49 - [TEST_STEP][PASSED] - waitForElementVisible: Object 'Object Repository/ADMIN/Custom Item Fields List Page/button_Add Field' is visible

2019-05-27 12:53:49 - [MESSAGE][WARNING] - Timeout '0' is invalid. Using default page load timeout: '30'

2019-05-27 12:53:51 - [MESSAGE][PASSED] - Object 'Object Repository/ADMIN/Custom Item Fields List Page/button_Add Field' is visible

2019-05-27 12:53:51 - [TEST_STEP][PASSED] - click: Object: 'Object Repository/ADMIN/Custom Item Fields List Page/button_Add Field' is clicked on

2019-05-27 12:53:52 - [MESSAGE][PASSED] - Object: 'Object Repository/ADMIN/Custom Item Fields List Page/button_Add Field' is clicked on

2019-05-27 12:53:52 - [TEST_STEP][PASSED] - waitForElementVisible: Object 'Object Repository/ADMIN/Custom Item Fields Page/a_Default/dropdown_fieldtype' is visible

2019-05-27 12:53:52 - [MESSAGE][WARNING] - Timeout '0' is invalid. Using default page load timeout: '30'

2019-05-27 12:53:52 - [MESSAGE][PASSED] - Object 'Object Repository/ADMIN/Custom Item Fields Page/a_Default/dropdown_fieldtype' is visible

2019-05-27 12:53:52 - [TEST_STEP][PASSED] - waitForPageLoad: Wait for page load successfully

2019-05-27 12:53:52 - [MESSAGE][WARNING] - Timeout '0' is invalid. Using default page load timeout: '30'

2019-05-27 12:53:52 - [MESSAGE][PASSED] - Wait for page load successfully

2019-05-27 12:53:52 - [TEST_STEP][PASSED] - click: Object: 'Object Repository/ADMIN/Custom Item Fields Page/a_Default/dropdown_fieldtype' is clicked on

2019-05-27 12:53:52 - [MESSAGE][PASSED] - Object: 'Object Repository/ADMIN/Custom Item Fields Page/a_Default/dropdown_fieldtype' is clicked on

2019-05-27 12:53:52 - [TEST_STEP][PASSED] - delay: Delayed 2 second(s)

2019-05-27 12:53:54 - [MESSAGE][PASSED] - Delayed 2 second(s)

2019-05-27 12:53:54 - [TEST_STEP][PASSED] - selectOptionByLabel: All options with label 'Email' are selected in object 'Object Repository/ADMIN/Custom Item Fields Page/a_Default/dropdown_fieldtype' 

2019-05-27 12:53:54 - [MESSAGE][PASSED] - All options with label 'Email' are selected in object 'Object Repository/ADMIN/Custom Item Fields Page/a_Default/dropdown_fieldtype' 

2019-05-27 12:53:54 - [TEST_STEP][PASSED] - verifyOptionSelectedByLabel: All options with label 'Email' are selected in object 'Object Repository/ADMIN/Custom Item Fields Page/a_Default/dropdown_fieldtype' 

2019-05-27 12:53:54 - [MESSAGE][WARNING] - Timeout '0' is invalid. Using default page load timeout: '30'

2019-05-27 12:53:55 - [MESSAGE][PASSED] - All options with label 'Email' are selected in object 'Object Repository/ADMIN/Custom Item Fields Page/a_Default/dropdown_fieldtype' 

2019-05-27 12:53:55 - [TEST_STEP][PASSED] - setText: Text 'Email Address' is set on object 'Object Repository/ADMIN/Custom Item Fields Page/a_Default/textfield_fieldname'

2019-05-27 12:53:55 - [MESSAGE][PASSED] - Text 'Email Address' is set on object 'Object Repository/ADMIN/Custom Item Fields Page/a_Default/textfield_fieldname'

2019-05-27 12:53:55 - [TEST_STEP][PASSED] - scrollToElement: Scroll to object 'Object Repository/ADMIN/Custom Item Fields Page/a_Default/button_SelectCategories' successfully

2019-05-27 12:53:55 - [MESSAGE][WARNING] - Timeout '0' is invalid. Using default page load timeout: '30'

2019-05-27 12:53:55 - [MESSAGE][PASSED] - Scroll to object 'Object Repository/ADMIN/Custom Item Fields Page/a_Default/button_SelectCategories' successfully

2019-05-27 12:53:55 - [TEST_STEP][PASSED] - click: Object: 'Object Repository/ADMIN/Custom Item Fields Page/a_Default/button_SelectCategories' is clicked on

2019-05-27 12:53:55 - [MESSAGE][PASSED] - Object: 'Object Repository/ADMIN/Custom Item Fields Page/a_Default/button_SelectCategories' is clicked on

2019-05-27 12:53:55 - [TEST_STEP][PASSED] - waitForElementVisible: Object 'Object Repository/ADMIN/Custom Item Fields List Page/a_SelectCategories/linktext_SelectAll' is visible

2019-05-27 12:53:55 - [MESSAGE][WARNING] - Timeout '0' is invalid. Using default page load timeout: '30'

2019-05-27 12:53:56 - [MESSAGE][PASSED] - Object 'Object Repository/ADMIN/Custom Item Fields List Page/a_SelectCategories/linktext_SelectAll' is visible

2019-05-27 12:53:56 - [TEST_STEP][PASSED] - click: Object: 'Object Repository/ADMIN/Custom Item Fields List Page/a_SelectCategories/linktext_SelectAll' is clicked on

2019-05-27 12:53:56 - [MESSAGE][PASSED] - Object: 'Object Repository/ADMIN/Custom Item Fields List Page/a_SelectCategories/linktext_SelectAll' is clicked on

2019-05-27 12:53:56 - [TEST_STEP][PASSED] - click: Object: 'Object Repository/ADMIN/Custom Item Fields List Page/a_SelectCategories/button_Save' is clicked on

2019-05-27 12:53:56 - [MESSAGE][PASSED] - Object: 'Object Repository/ADMIN/Custom Item Fields List Page/a_SelectCategories/button_Save' is clicked on

2019-05-27 12:53:56 - [TEST_STEP][PASSED] - delay: Delayed 1 second(s)

2019-05-27 12:53:57 - [MESSAGE][PASSED] - Delayed 1 second(s)

2019-05-27 12:53:57 - [TEST_STEP][PASSED] - click: Object: 'Object Repository/ADMIN/Custom Item Fields Page/a_Default/button_Save1' is clicked on

2019-05-27 12:53:57 - [MESSAGE][PASSED] - Object: 'Object Repository/ADMIN/Custom Item Fields Page/a_Default/button_Save1' is clicked on]]></system-out>
         <system-err><![CDATA[]]></system-err>
      </testcase>
      <testcase name="Test Cases/ADMIN/Custom Fields Page/Add Custom Item Fields/Add_Percentage" classname="Test Cases/ADMIN/Custom Fields Page/Add Custom Item Fields/Add_Percentage" status="PASSED">
         <system-out><![CDATA[2019-05-27 12:53:57 - [TEST_CASE][PASSED] - Test Cases/ADMIN/Custom Fields Page/Add Custom Item Fields/Add_Percentage: Test Cases/ADMIN/Custom Fields Page/Add Custom Item Fields/Add_Percentage

2019-05-27 12:53:57 - [TEST_STEP][PASSED] - waitForElementVisible: Object 'Object Repository/ADMIN/Custom Item Fields List Page/button_Add Field' is visible

2019-05-27 12:53:57 - [MESSAGE][WARNING] - Timeout '0' is invalid. Using default page load timeout: '30'

2019-05-27 12:53:58 - [MESSAGE][PASSED] - Object 'Object Repository/ADMIN/Custom Item Fields List Page/button_Add Field' is visible

2019-05-27 12:53:58 - [TEST_STEP][PASSED] - click: Object: 'Object Repository/ADMIN/Custom Item Fields List Page/button_Add Field' is clicked on

2019-05-27 12:53:59 - [MESSAGE][PASSED] - Object: 'Object Repository/ADMIN/Custom Item Fields List Page/button_Add Field' is clicked on

2019-05-27 12:53:59 - [TEST_STEP][PASSED] - waitForElementVisible: Object 'Object Repository/ADMIN/Custom Item Fields Page/a_Default/dropdown_fieldtype' is visible

2019-05-27 12:53:59 - [MESSAGE][WARNING] - Timeout '0' is invalid. Using default page load timeout: '30'

2019-05-27 12:53:59 - [MESSAGE][PASSED] - Object 'Object Repository/ADMIN/Custom Item Fields Page/a_Default/dropdown_fieldtype' is visible

2019-05-27 12:53:59 - [TEST_STEP][PASSED] - waitForPageLoad: Wait for page load successfully

2019-05-27 12:53:59 - [MESSAGE][WARNING] - Timeout '0' is invalid. Using default page load timeout: '30'

2019-05-27 12:54:00 - [MESSAGE][PASSED] - Wait for page load successfully

2019-05-27 12:54:00 - [TEST_STEP][PASSED] - click: Object: 'Object Repository/ADMIN/Custom Item Fields Page/a_Default/dropdown_fieldtype' is clicked on

2019-05-27 12:54:00 - [MESSAGE][PASSED] - Object: 'Object Repository/ADMIN/Custom Item Fields Page/a_Default/dropdown_fieldtype' is clicked on

2019-05-27 12:54:00 - [TEST_STEP][PASSED] - delay: Delayed 2 second(s)

2019-05-27 12:54:02 - [MESSAGE][PASSED] - Delayed 2 second(s)

2019-05-27 12:54:02 - [TEST_STEP][PASSED] - selectOptionByLabel: All options with label 'Percentage' are selected in object 'Object Repository/ADMIN/Custom Item Fields Page/a_Default/dropdown_fieldtype' 

2019-05-27 12:54:02 - [MESSAGE][PASSED] - All options with label 'Percentage' are selected in object 'Object Repository/ADMIN/Custom Item Fields Page/a_Default/dropdown_fieldtype' 

2019-05-27 12:54:02 - [TEST_STEP][PASSED] - verifyOptionSelectedByLabel: All options with label 'Percentage' are selected in object 'Object Repository/ADMIN/Custom Item Fields Page/a_Default/dropdown_fieldtype' 

2019-05-27 12:54:02 - [MESSAGE][WARNING] - Timeout '0' is invalid. Using default page load timeout: '30'

2019-05-27 12:54:02 - [MESSAGE][PASSED] - All options with label 'Percentage' are selected in object 'Object Repository/ADMIN/Custom Item Fields Page/a_Default/dropdown_fieldtype' 

2019-05-27 12:54:02 - [TEST_STEP][PASSED] - setText: Text 'Percentage' is set on object 'Object Repository/ADMIN/Custom Item Fields Page/a_Default/textfield_fieldname'

2019-05-27 12:54:03 - [MESSAGE][PASSED] - Text 'Percentage' is set on object 'Object Repository/ADMIN/Custom Item Fields Page/a_Default/textfield_fieldname'

2019-05-27 12:54:03 - [TEST_STEP][PASSED] - scrollToElement: Scroll to object 'Object Repository/ADMIN/Custom Item Fields Page/a_Default/button_SelectCategories' successfully

2019-05-27 12:54:03 - [MESSAGE][WARNING] - Timeout '0' is invalid. Using default page load timeout: '30'

2019-05-27 12:54:03 - [MESSAGE][PASSED] - Scroll to object 'Object Repository/ADMIN/Custom Item Fields Page/a_Default/button_SelectCategories' successfully

2019-05-27 12:54:03 - [TEST_STEP][PASSED] - click: Object: 'Object Repository/ADMIN/Custom Item Fields Page/a_Default/button_SelectCategories' is clicked on

2019-05-27 12:54:03 - [MESSAGE][PASSED] - Object: 'Object Repository/ADMIN/Custom Item Fields Page/a_Default/button_SelectCategories' is clicked on

2019-05-27 12:54:03 - [TEST_STEP][PASSED] - waitForElementVisible: Object 'Object Repository/ADMIN/Custom Item Fields List Page/a_SelectCategories/linktext_SelectAll' is visible

2019-05-27 12:54:03 - [MESSAGE][WARNING] - Timeout '0' is invalid. Using default page load timeout: '30'

2019-05-27 12:54:03 - [MESSAGE][PASSED] - Object 'Object Repository/ADMIN/Custom Item Fields List Page/a_SelectCategories/linktext_SelectAll' is visible

2019-05-27 12:54:03 - [TEST_STEP][PASSED] - scrollToElement: Scroll to object 'Object Repository/ADMIN/Custom Item Fields List Page/a_SelectCategories/a_Categories/checkbox_1.3' successfully

2019-05-27 12:54:03 - [MESSAGE][WARNING] - Timeout '0' is invalid. Using default page load timeout: '30'

2019-05-27 12:54:03 - [MESSAGE][PASSED] - Scroll to object 'Object Repository/ADMIN/Custom Item Fields List Page/a_SelectCategories/a_Categories/checkbox_1.3' successfully

2019-05-27 12:54:03 - [TEST_STEP][PASSED] - click: Object: 'Object Repository/ADMIN/Custom Item Fields List Page/a_SelectCategories/a_Categories/checkbox_1.3' is clicked on

2019-05-27 12:54:03 - [MESSAGE][PASSED] - Object: 'Object Repository/ADMIN/Custom Item Fields List Page/a_SelectCategories/a_Categories/checkbox_1.3' is clicked on

2019-05-27 12:54:03 - [TEST_STEP][PASSED] - click: Object: 'Object Repository/ADMIN/Custom Item Fields List Page/a_SelectCategories/button_Save' is clicked on

2019-05-27 12:54:04 - [MESSAGE][PASSED] - Object: 'Object Repository/ADMIN/Custom Item Fields List Page/a_SelectCategories/button_Save' is clicked on

2019-05-27 12:54:04 - [TEST_STEP][PASSED] - delay: Delayed 1 second(s)

2019-05-27 12:54:05 - [MESSAGE][PASSED] - Delayed 1 second(s)

2019-05-27 12:54:05 - [TEST_STEP][PASSED] - scrollToElement: Scroll to object 'Object Repository/ADMIN/Custom Item Fields Page/a_Default/button_Save1' successfully

2019-05-27 12:54:05 - [MESSAGE][WARNING] - Timeout '0' is invalid. Using default page load timeout: '30'

2019-05-27 12:54:05 - [MESSAGE][PASSED] - Scroll to object 'Object Repository/ADMIN/Custom Item Fields Page/a_Default/button_Save1' successfully

2019-05-27 12:54:05 - [TEST_STEP][PASSED] - click: Object: 'Object Repository/ADMIN/Custom Item Fields Page/a_Default/button_Save1' is clicked on

2019-05-27 12:54:05 - [MESSAGE][PASSED] - Object: 'Object Repository/ADMIN/Custom Item Fields Page/a_Default/button_Save1' is clicked on]]></system-out>
         <system-err><![CDATA[]]></system-err>
      </testcase>
      <testcase name="Test Cases/ADMIN/Custom Fields Page/Add Custom Item Fields/Add_Number" classname="Test Cases/ADMIN/Custom Fields Page/Add Custom Item Fields/Add_Number" status="PASSED">
         <system-out><![CDATA[2019-05-27 12:54:05 - [TEST_CASE][PASSED] - Test Cases/ADMIN/Custom Fields Page/Add Custom Item Fields/Add_Number: Test Cases/ADMIN/Custom Fields Page/Add Custom Item Fields/Add_Number

2019-05-27 12:54:05 - [TEST_STEP][PASSED] - waitForElementVisible: Object 'Object Repository/ADMIN/Custom Item Fields List Page/button_Add Field' is visible

2019-05-27 12:54:05 - [MESSAGE][WARNING] - Timeout '0' is invalid. Using default page load timeout: '30'

2019-05-27 12:54:06 - [MESSAGE][PASSED] - Object 'Object Repository/ADMIN/Custom Item Fields List Page/button_Add Field' is visible

2019-05-27 12:54:06 - [TEST_STEP][PASSED] - click: Object: 'Object Repository/ADMIN/Custom Item Fields List Page/button_Add Field' is clicked on

2019-05-27 12:54:07 - [MESSAGE][PASSED] - Object: 'Object Repository/ADMIN/Custom Item Fields List Page/button_Add Field' is clicked on

2019-05-27 12:54:07 - [TEST_STEP][PASSED] - waitForElementVisible: Object 'Object Repository/ADMIN/Custom Item Fields Page/a_Default/dropdown_fieldtype' is visible

2019-05-27 12:54:07 - [MESSAGE][WARNING] - Timeout '0' is invalid. Using default page load timeout: '30'

2019-05-27 12:54:07 - [MESSAGE][PASSED] - Object 'Object Repository/ADMIN/Custom Item Fields Page/a_Default/dropdown_fieldtype' is visible

2019-05-27 12:54:07 - [TEST_STEP][PASSED] - waitForPageLoad: Wait for page load successfully

2019-05-27 12:54:07 - [MESSAGE][WARNING] - Timeout '0' is invalid. Using default page load timeout: '30'

2019-05-27 12:54:07 - [MESSAGE][PASSED] - Wait for page load successfully

2019-05-27 12:54:07 - [TEST_STEP][PASSED] - click: Object: 'Object Repository/ADMIN/Custom Item Fields Page/a_Default/dropdown_fieldtype' is clicked on

2019-05-27 12:54:07 - [MESSAGE][PASSED] - Object: 'Object Repository/ADMIN/Custom Item Fields Page/a_Default/dropdown_fieldtype' is clicked on

2019-05-27 12:54:07 - [TEST_STEP][PASSED] - delay: Delayed 2 second(s)

2019-05-27 12:54:09 - [MESSAGE][PASSED] - Delayed 2 second(s)

2019-05-27 12:54:09 - [TEST_STEP][PASSED] - selectOptionByLabel: All options with label 'Number' are selected in object 'Object Repository/ADMIN/Custom Item Fields Page/a_Default/dropdown_fieldtype' 

2019-05-27 12:54:09 - [MESSAGE][PASSED] - All options with label 'Number' are selected in object 'Object Repository/ADMIN/Custom Item Fields Page/a_Default/dropdown_fieldtype' 

2019-05-27 12:54:09 - [TEST_STEP][NOT_RUN] - verifyOptionSelectedByLabel: NOT_RUN: verifyOptionSelectedByLabel

2019-05-27 12:54:09 - [MESSAGE][NOT_RUN] - NOT_RUN: verifyOptionSelectedByLabel

2019-05-27 12:54:09 - [TEST_STEP][PASSED] - setText: Text 'Number' is set on object 'Object Repository/ADMIN/Custom Item Fields Page/a_Default/textfield_fieldname'

2019-05-27 12:54:09 - [MESSAGE][PASSED] - Text 'Number' is set on object 'Object Repository/ADMIN/Custom Item Fields Page/a_Default/textfield_fieldname'

2019-05-27 12:54:09 - [TEST_STEP][PASSED] - setText: Text '0' is set on object 'Object Repository/ADMIN/Custom Item Fields Page/a_Number/textfield_minimum'

2019-05-27 12:54:09 - [MESSAGE][PASSED] - Text '0' is set on object 'Object Repository/ADMIN/Custom Item Fields Page/a_Number/textfield_minimum'

2019-05-27 12:54:09 - [TEST_STEP][PASSED] - setText: Text '9999' is set on object 'Object Repository/ADMIN/Custom Item Fields Page/a_Number/textfield_maximum'

2019-05-27 12:54:10 - [MESSAGE][PASSED] - Text '9999' is set on object 'Object Repository/ADMIN/Custom Item Fields Page/a_Number/textfield_maximum'

2019-05-27 12:54:10 - [TEST_STEP][PASSED] - scrollToElement: Scroll to object 'Object Repository/ADMIN/Custom Item Fields Page/a_Default/button_SelectCategories' successfully

2019-05-27 12:54:10 - [MESSAGE][WARNING] - Timeout '0' is invalid. Using default page load timeout: '30'

2019-05-27 12:54:10 - [MESSAGE][PASSED] - Scroll to object 'Object Repository/ADMIN/Custom Item Fields Page/a_Default/button_SelectCategories' successfully

2019-05-27 12:54:10 - [TEST_STEP][PASSED] - click: Object: 'Object Repository/ADMIN/Custom Item Fields Page/a_Default/button_SelectCategories' is clicked on

2019-05-27 12:54:10 - [MESSAGE][PASSED] - Object: 'Object Repository/ADMIN/Custom Item Fields Page/a_Default/button_SelectCategories' is clicked on

2019-05-27 12:54:10 - [TEST_STEP][PASSED] - waitForElementVisible: Object 'Object Repository/ADMIN/Custom Item Fields List Page/a_SelectCategories/linktext_SelectAll' is visible

2019-05-27 12:54:10 - [MESSAGE][WARNING] - Timeout '0' is invalid. Using default page load timeout: '30'

2019-05-27 12:54:10 - [MESSAGE][PASSED] - Object 'Object Repository/ADMIN/Custom Item Fields List Page/a_SelectCategories/linktext_SelectAll' is visible

2019-05-27 12:54:10 - [TEST_STEP][PASSED] - click: Object: 'Object Repository/ADMIN/Custom Item Fields List Page/a_SelectCategories/linktext_SelectAll' is clicked on

2019-05-27 12:54:10 - [MESSAGE][PASSED] - Object: 'Object Repository/ADMIN/Custom Item Fields List Page/a_SelectCategories/linktext_SelectAll' is clicked on

2019-05-27 12:54:10 - [TEST_STEP][PASSED] - click: Object: 'Object Repository/ADMIN/Custom Item Fields List Page/a_SelectCategories/button_Save' is clicked on

2019-05-27 12:54:10 - [MESSAGE][PASSED] - Object: 'Object Repository/ADMIN/Custom Item Fields List Page/a_SelectCategories/button_Save' is clicked on

2019-05-27 12:54:10 - [TEST_STEP][PASSED] - delay: Delayed 1 second(s)

2019-05-27 12:54:11 - [MESSAGE][PASSED] - Delayed 1 second(s)

2019-05-27 12:54:11 - [TEST_STEP][PASSED] - scrollToElement: Scroll to object 'Object Repository/ADMIN/Custom Item Fields Page/a_Default/button_Save1' successfully

2019-05-27 12:54:11 - [MESSAGE][WARNING] - Timeout '0' is invalid. Using default page load timeout: '30'

2019-05-27 12:54:11 - [MESSAGE][PASSED] - Scroll to object 'Object Repository/ADMIN/Custom Item Fields Page/a_Default/button_Save1' successfully

2019-05-27 12:54:11 - [TEST_STEP][PASSED] - click: Object: 'Object Repository/ADMIN/Custom Item Fields Page/a_Default/button_Save1' is clicked on

2019-05-27 12:54:12 - [MESSAGE][PASSED] - Object: 'Object Repository/ADMIN/Custom Item Fields Page/a_Default/button_Save1' is clicked on]]></system-out>
         <system-err><![CDATA[]]></system-err>
      </testcase>
      <testcase name="Test Cases/ADMIN/Custom Fields Page/Add Custom Item Fields/Add_Checkbox" classname="Test Cases/ADMIN/Custom Fields Page/Add Custom Item Fields/Add_Checkbox" status="PASSED">
         <system-out><![CDATA[2019-05-27 12:54:12 - [TEST_CASE][PASSED] - Test Cases/ADMIN/Custom Fields Page/Add Custom Item Fields/Add_Checkbox: Test Cases/ADMIN/Custom Fields Page/Add Custom Item Fields/Add_Checkbox

2019-05-27 12:54:12 - [TEST_STEP][PASSED] - waitForElementVisible: Object 'Object Repository/ADMIN/Custom Item Fields List Page/button_Add Field' is visible

2019-05-27 12:54:12 - [MESSAGE][WARNING] - Timeout '0' is invalid. Using default page load timeout: '30'

2019-05-27 12:54:13 - [MESSAGE][PASSED] - Object 'Object Repository/ADMIN/Custom Item Fields List Page/button_Add Field' is visible

2019-05-27 12:54:13 - [TEST_STEP][PASSED] - click: Object: 'Object Repository/ADMIN/Custom Item Fields List Page/button_Add Field' is clicked on

2019-05-27 12:54:14 - [MESSAGE][PASSED] - Object: 'Object Repository/ADMIN/Custom Item Fields List Page/button_Add Field' is clicked on

2019-05-27 12:54:14 - [TEST_STEP][PASSED] - waitForElementVisible: Object 'Object Repository/ADMIN/Custom Item Fields Page/a_Default/dropdown_fieldtype' is visible

2019-05-27 12:54:14 - [MESSAGE][WARNING] - Timeout '0' is invalid. Using default page load timeout: '30'

2019-05-27 12:54:14 - [MESSAGE][PASSED] - Object 'Object Repository/ADMIN/Custom Item Fields Page/a_Default/dropdown_fieldtype' is visible

2019-05-27 12:54:14 - [TEST_STEP][PASSED] - waitForPageLoad: Wait for page load successfully

2019-05-27 12:54:14 - [MESSAGE][WARNING] - Timeout '0' is invalid. Using default page load timeout: '30'

2019-05-27 12:54:14 - [MESSAGE][PASSED] - Wait for page load successfully

2019-05-27 12:54:14 - [TEST_STEP][PASSED] - click: Object: 'Object Repository/ADMIN/Custom Item Fields Page/a_Default/dropdown_fieldtype' is clicked on

2019-05-27 12:54:14 - [MESSAGE][PASSED] - Object: 'Object Repository/ADMIN/Custom Item Fields Page/a_Default/dropdown_fieldtype' is clicked on

2019-05-27 12:54:14 - [TEST_STEP][PASSED] - delay: Delayed 2 second(s)

2019-05-27 12:54:16 - [MESSAGE][PASSED] - Delayed 2 second(s)

2019-05-27 12:54:16 - [TEST_STEP][PASSED] - selectOptionByLabel: All options with label 'Checkbox' are selected in object 'Object Repository/ADMIN/Custom Item Fields Page/a_Default/dropdown_fieldtype' 

2019-05-27 12:54:17 - [MESSAGE][PASSED] - All options with label 'Checkbox' are selected in object 'Object Repository/ADMIN/Custom Item Fields Page/a_Default/dropdown_fieldtype' 

2019-05-27 12:54:17 - [TEST_STEP][NOT_RUN] - verifyOptionSelectedByLabel: NOT_RUN: verifyOptionSelectedByLabel

2019-05-27 12:54:17 - [MESSAGE][NOT_RUN] - NOT_RUN: verifyOptionSelectedByLabel

2019-05-27 12:54:17 - [TEST_STEP][PASSED] - setText: Text 'Checkbox Mandatory' is set on object 'Object Repository/ADMIN/Custom Item Fields Page/a_Default/textfield_fieldname'

2019-05-27 12:54:17 - [MESSAGE][PASSED] - Text 'Checkbox Mandatory' is set on object 'Object Repository/ADMIN/Custom Item Fields Page/a_Default/textfield_fieldname'

2019-05-27 12:54:17 - [TEST_STEP][PASSED] - waitForElementVisible: Object 'Object Repository/ADMIN/Custom Item Fields Page/a_Checkbox/textfield_option1' is visible

2019-05-27 12:54:17 - [MESSAGE][WARNING] - Timeout '0' is invalid. Using default page load timeout: '30'

2019-05-27 12:54:17 - [MESSAGE][PASSED] - Object 'Object Repository/ADMIN/Custom Item Fields Page/a_Checkbox/textfield_option1' is visible

2019-05-27 12:54:17 - [TEST_STEP][PASSED] - click: Object: 'Object Repository/ADMIN/Custom Item Fields Page/a_Checkbox/button_addoption' is clicked on

2019-05-27 12:54:17 - [MESSAGE][PASSED] - Object: 'Object Repository/ADMIN/Custom Item Fields Page/a_Checkbox/button_addoption' is clicked on

2019-05-27 12:54:17 - [TEST_STEP][PASSED] - waitForElementVisible: Object 'Object Repository/ADMIN/Custom Item Fields Page/a_Checkbox/textfield_option3' is visible

2019-05-27 12:54:17 - [MESSAGE][WARNING] - Timeout '0' is invalid. Using default page load timeout: '30'

2019-05-27 12:54:17 - [MESSAGE][PASSED] - Object 'Object Repository/ADMIN/Custom Item Fields Page/a_Checkbox/textfield_option3' is visible

2019-05-27 12:54:17 - [TEST_STEP][PASSED] - click: Object: 'Object Repository/ADMIN/Custom Item Fields Page/a_Checkbox/button_addoption' is clicked on

2019-05-27 12:54:17 - [MESSAGE][PASSED] - Object: 'Object Repository/ADMIN/Custom Item Fields Page/a_Checkbox/button_addoption' is clicked on

2019-05-27 12:54:17 - [TEST_STEP][PASSED] - waitForElementVisible: Object 'Object Repository/ADMIN/Custom Item Fields Page/a_Checkbox/textfield_option4' is visible

2019-05-27 12:54:17 - [MESSAGE][WARNING] - Timeout '0' is invalid. Using default page load timeout: '30'

2019-05-27 12:54:17 - [MESSAGE][PASSED] - Object 'Object Repository/ADMIN/Custom Item Fields Page/a_Checkbox/textfield_option4' is visible

2019-05-27 12:54:17 - [TEST_STEP][PASSED] - click: Object: 'Object Repository/ADMIN/Custom Item Fields Page/a_Checkbox/button_addoption' is clicked on

2019-05-27 12:54:17 - [MESSAGE][PASSED] - Object: 'Object Repository/ADMIN/Custom Item Fields Page/a_Checkbox/button_addoption' is clicked on

2019-05-27 12:54:17 - [TEST_STEP][PASSED] - waitForElementVisible: Object 'Object Repository/ADMIN/Custom Item Fields Page/a_Checkbox/textfield_option5' is visible

2019-05-27 12:54:17 - [MESSAGE][WARNING] - Timeout '0' is invalid. Using default page load timeout: '30'

2019-05-27 12:54:17 - [MESSAGE][PASSED] - Object 'Object Repository/ADMIN/Custom Item Fields Page/a_Checkbox/textfield_option5' is visible

2019-05-27 12:54:17 - [TEST_STEP][PASSED] - setText: Text 'Checkbox 1' is set on object 'Object Repository/ADMIN/Custom Item Fields Page/a_Checkbox/textfield_option1'

2019-05-27 12:54:17 - [MESSAGE][PASSED] - Text 'Checkbox 1' is set on object 'Object Repository/ADMIN/Custom Item Fields Page/a_Checkbox/textfield_option1'

2019-05-27 12:54:17 - [TEST_STEP][PASSED] - setText: Text 'Checkbox 2' is set on object 'Object Repository/ADMIN/Custom Item Fields Page/a_Checkbox/textfield_option2'

2019-05-27 12:54:18 - [MESSAGE][PASSED] - Text 'Checkbox 2' is set on object 'Object Repository/ADMIN/Custom Item Fields Page/a_Checkbox/textfield_option2'

2019-05-27 12:54:18 - [TEST_STEP][PASSED] - setText: Text 'Checkbox 3' is set on object 'Object Repository/ADMIN/Custom Item Fields Page/a_Checkbox/textfield_option3'

2019-05-27 12:54:18 - [MESSAGE][PASSED] - Text 'Checkbox 3' is set on object 'Object Repository/ADMIN/Custom Item Fields Page/a_Checkbox/textfield_option3'

2019-05-27 12:54:18 - [TEST_STEP][PASSED] - setText: Text 'Checkbox 4' is set on object 'Object Repository/ADMIN/Custom Item Fields Page/a_Checkbox/textfield_option4'

2019-05-27 12:54:18 - [MESSAGE][PASSED] - Text 'Checkbox 4' is set on object 'Object Repository/ADMIN/Custom Item Fields Page/a_Checkbox/textfield_option4'

2019-05-27 12:54:18 - [TEST_STEP][PASSED] - setText: Text 'Checkbox 5' is set on object 'Object Repository/ADMIN/Custom Item Fields Page/a_Checkbox/textfield_option5'

2019-05-27 12:54:18 - [MESSAGE][PASSED] - Text 'Checkbox 5' is set on object 'Object Repository/ADMIN/Custom Item Fields Page/a_Checkbox/textfield_option5'

2019-05-27 12:54:18 - [TEST_STEP][PASSED] - scrollToElement: Scroll to object 'Object Repository/ADMIN/Custom Item Fields Page/a_Default/button_SelectCategories' successfully

2019-05-27 12:54:18 - [MESSAGE][WARNING] - Timeout '0' is invalid. Using default page load timeout: '30'

2019-05-27 12:54:18 - [MESSAGE][PASSED] - Scroll to object 'Object Repository/ADMIN/Custom Item Fields Page/a_Default/button_SelectCategories' successfully

2019-05-27 12:54:18 - [TEST_STEP][PASSED] - click: Object: 'Object Repository/ADMIN/Custom Item Fields Page/a_Default/button_SelectCategories' is clicked on

2019-05-27 12:54:18 - [MESSAGE][PASSED] - Object: 'Object Repository/ADMIN/Custom Item Fields Page/a_Default/button_SelectCategories' is clicked on

2019-05-27 12:54:18 - [TEST_STEP][PASSED] - waitForElementVisible: Object 'Object Repository/ADMIN/Custom Item Fields List Page/a_SelectCategories/linktext_SelectAll' is visible

2019-05-27 12:54:18 - [MESSAGE][WARNING] - Timeout '0' is invalid. Using default page load timeout: '30'

2019-05-27 12:54:19 - [MESSAGE][PASSED] - Object 'Object Repository/ADMIN/Custom Item Fields List Page/a_SelectCategories/linktext_SelectAll' is visible

2019-05-27 12:54:19 - [TEST_STEP][PASSED] - scrollToElement: Scroll to object 'Object Repository/ADMIN/Custom Item Fields List Page/a_SelectCategories/a_Categories/checkbox_2' successfully

2019-05-27 12:54:19 - [MESSAGE][WARNING] - Timeout '0' is invalid. Using default page load timeout: '30'

2019-05-27 12:54:19 - [MESSAGE][PASSED] - Scroll to object 'Object Repository/ADMIN/Custom Item Fields List Page/a_SelectCategories/a_Categories/checkbox_2' successfully

2019-05-27 12:54:19 - [TEST_STEP][PASSED] - click: Object: 'Object Repository/ADMIN/Custom Item Fields List Page/a_SelectCategories/a_Categories/checkbox_2' is clicked on

2019-05-27 12:54:19 - [MESSAGE][PASSED] - Object: 'Object Repository/ADMIN/Custom Item Fields List Page/a_SelectCategories/a_Categories/checkbox_2' is clicked on

2019-05-27 12:54:19 - [TEST_STEP][PASSED] - click: Object: 'Object Repository/ADMIN/Custom Item Fields List Page/a_SelectCategories/button_Save' is clicked on

2019-05-27 12:54:19 - [MESSAGE][PASSED] - Object: 'Object Repository/ADMIN/Custom Item Fields List Page/a_SelectCategories/button_Save' is clicked on

2019-05-27 12:54:19 - [TEST_STEP][PASSED] - delay: Delayed 1 second(s)

2019-05-27 12:54:20 - [MESSAGE][PASSED] - Delayed 1 second(s)

2019-05-27 12:54:20 - [TEST_STEP][PASSED] - scrollToElement: Scroll to object 'Object Repository/ADMIN/Custom Item Fields Page/a_Default/button_Save1' successfully

2019-05-27 12:54:20 - [MESSAGE][WARNING] - Timeout '0' is invalid. Using default page load timeout: '30'

2019-05-27 12:54:20 - [MESSAGE][PASSED] - Scroll to object 'Object Repository/ADMIN/Custom Item Fields Page/a_Default/button_Save1' successfully

2019-05-27 12:54:20 - [TEST_STEP][PASSED] - click: Object: 'Object Repository/ADMIN/Custom Item Fields Page/a_Default/button_Save1' is clicked on

2019-05-27 12:54:20 - [MESSAGE][PASSED] - Object: 'Object Repository/ADMIN/Custom Item Fields Page/a_Default/button_Save1' is clicked on

2019-05-27 12:54:20 - [TEST_STEP][PASSED] - waitForElementVisible: Object 'Object Repository/ADMIN/Custom Item Fields List Page/button_Add Field' is visible

2019-05-27 12:54:20 - [MESSAGE][WARNING] - Timeout '0' is invalid. Using default page load timeout: '30'

2019-05-27 12:54:22 - [MESSAGE][PASSED] - Object 'Object Repository/ADMIN/Custom Item Fields List Page/button_Add Field' is visible

2019-05-27 12:54:22 - [TEST_STEP][PASSED] - click: Object: 'Object Repository/ADMIN/Custom Item Fields List Page/button_Add Field' is clicked on

2019-05-27 12:54:23 - [MESSAGE][PASSED] - Object: 'Object Repository/ADMIN/Custom Item Fields List Page/button_Add Field' is clicked on

2019-05-27 12:54:23 - [TEST_STEP][PASSED] - waitForElementVisible: Object 'Object Repository/ADMIN/Custom Item Fields Page/a_Default/dropdown_fieldtype' is visible

2019-05-27 12:54:23 - [MESSAGE][WARNING] - Timeout '0' is invalid. Using default page load timeout: '30'

2019-05-27 12:54:23 - [MESSAGE][PASSED] - Object 'Object Repository/ADMIN/Custom Item Fields Page/a_Default/dropdown_fieldtype' is visible

2019-05-27 12:54:23 - [TEST_STEP][PASSED] - waitForPageLoad: Wait for page load successfully

2019-05-27 12:54:23 - [MESSAGE][WARNING] - Timeout '0' is invalid. Using default page load timeout: '30'

2019-05-27 12:54:23 - [MESSAGE][PASSED] - Wait for page load successfully

2019-05-27 12:54:23 - [TEST_STEP][PASSED] - click: Object: 'Object Repository/ADMIN/Custom Item Fields Page/a_Default/dropdown_fieldtype' is clicked on

2019-05-27 12:54:23 - [MESSAGE][PASSED] - Object: 'Object Repository/ADMIN/Custom Item Fields Page/a_Default/dropdown_fieldtype' is clicked on

2019-05-27 12:54:23 - [TEST_STEP][PASSED] - delay: Delayed 2 second(s)

2019-05-27 12:54:25 - [MESSAGE][PASSED] - Delayed 2 second(s)

2019-05-27 12:54:25 - [TEST_STEP][PASSED] - selectOptionByLabel: All options with label 'Checkbox' are selected in object 'Object Repository/ADMIN/Custom Item Fields Page/a_Default/dropdown_fieldtype' 

2019-05-27 12:54:25 - [MESSAGE][PASSED] - All options with label 'Checkbox' are selected in object 'Object Repository/ADMIN/Custom Item Fields Page/a_Default/dropdown_fieldtype' 

2019-05-27 12:54:25 - [TEST_STEP][NOT_RUN] - verifyOptionSelectedByLabel: NOT_RUN: verifyOptionSelectedByLabel

2019-05-27 12:54:25 - [MESSAGE][NOT_RUN] - NOT_RUN: verifyOptionSelectedByLabel

2019-05-27 12:54:25 - [TEST_STEP][PASSED] - setText: Text 'Checkbox Non-Mandatory' is set on object 'Object Repository/ADMIN/Custom Item Fields Page/a_Default/textfield_fieldname'

2019-05-27 12:54:25 - [MESSAGE][PASSED] - Text 'Checkbox Non-Mandatory' is set on object 'Object Repository/ADMIN/Custom Item Fields Page/a_Default/textfield_fieldname'

2019-05-27 12:54:25 - [TEST_STEP][PASSED] - waitForElementVisible: Object 'Object Repository/ADMIN/Custom Item Fields Page/a_Checkbox/textfield_option1' is visible

2019-05-27 12:54:25 - [MESSAGE][WARNING] - Timeout '0' is invalid. Using default page load timeout: '30'

2019-05-27 12:54:25 - [MESSAGE][PASSED] - Object 'Object Repository/ADMIN/Custom Item Fields Page/a_Checkbox/textfield_option1' is visible

2019-05-27 12:54:25 - [TEST_STEP][PASSED] - click: Object: 'Object Repository/ADMIN/Custom Item Fields Page/a_Default/togglebutton_mandatory' is clicked on

2019-05-27 12:54:26 - [MESSAGE][PASSED] - Object: 'Object Repository/ADMIN/Custom Item Fields Page/a_Default/togglebutton_mandatory' is clicked on

2019-05-27 12:54:26 - [TEST_STEP][PASSED] - delay: Delayed 0 second(s)

2019-05-27 12:54:26 - [MESSAGE][PASSED] - Delayed 0 second(s)

2019-05-27 12:54:26 - [TEST_STEP][PASSED] - click: Object: 'Object Repository/ADMIN/Custom Item Fields Page/a_Checkbox/button_addoption' is clicked on

2019-05-27 12:54:26 - [MESSAGE][PASSED] - Object: 'Object Repository/ADMIN/Custom Item Fields Page/a_Checkbox/button_addoption' is clicked on

2019-05-27 12:54:26 - [TEST_STEP][PASSED] - waitForElementVisible: Object 'Object Repository/ADMIN/Custom Item Fields Page/a_Checkbox/textfield_option3' is visible

2019-05-27 12:54:26 - [MESSAGE][WARNING] - Timeout '0' is invalid. Using default page load timeout: '30'

2019-05-27 12:54:26 - [MESSAGE][PASSED] - Object 'Object Repository/ADMIN/Custom Item Fields Page/a_Checkbox/textfield_option3' is visible

2019-05-27 12:54:26 - [TEST_STEP][PASSED] - click: Object: 'Object Repository/ADMIN/Custom Item Fields Page/a_Checkbox/button_addoption' is clicked on

2019-05-27 12:54:26 - [MESSAGE][PASSED] - Object: 'Object Repository/ADMIN/Custom Item Fields Page/a_Checkbox/button_addoption' is clicked on

2019-05-27 12:54:26 - [TEST_STEP][PASSED] - waitForElementVisible: Object 'Object Repository/ADMIN/Custom Item Fields Page/a_Checkbox/textfield_option4' is visible

2019-05-27 12:54:26 - [MESSAGE][WARNING] - Timeout '0' is invalid. Using default page load timeout: '30'

2019-05-27 12:54:26 - [MESSAGE][PASSED] - Object 'Object Repository/ADMIN/Custom Item Fields Page/a_Checkbox/textfield_option4' is visible

2019-05-27 12:54:26 - [TEST_STEP][PASSED] - click: Object: 'Object Repository/ADMIN/Custom Item Fields Page/a_Checkbox/button_addoption' is clicked on

2019-05-27 12:54:26 - [MESSAGE][PASSED] - Object: 'Object Repository/ADMIN/Custom Item Fields Page/a_Checkbox/button_addoption' is clicked on

2019-05-27 12:54:26 - [TEST_STEP][PASSED] - waitForElementVisible: Object 'Object Repository/ADMIN/Custom Item Fields Page/a_Checkbox/textfield_option5' is visible

2019-05-27 12:54:26 - [MESSAGE][WARNING] - Timeout '0' is invalid. Using default page load timeout: '30'

2019-05-27 12:54:26 - [MESSAGE][PASSED] - Object 'Object Repository/ADMIN/Custom Item Fields Page/a_Checkbox/textfield_option5' is visible

2019-05-27 12:54:26 - [TEST_STEP][PASSED] - setText: Text 'Checkbox 1' is set on object 'Object Repository/ADMIN/Custom Item Fields Page/a_Checkbox/textfield_option1'

2019-05-27 12:54:26 - [MESSAGE][PASSED] - Text 'Checkbox 1' is set on object 'Object Repository/ADMIN/Custom Item Fields Page/a_Checkbox/textfield_option1'

2019-05-27 12:54:26 - [TEST_STEP][PASSED] - setText: Text 'Checkbox 2' is set on object 'Object Repository/ADMIN/Custom Item Fields Page/a_Checkbox/textfield_option2'

2019-05-27 12:54:26 - [MESSAGE][PASSED] - Text 'Checkbox 2' is set on object 'Object Repository/ADMIN/Custom Item Fields Page/a_Checkbox/textfield_option2'

2019-05-27 12:54:26 - [TEST_STEP][PASSED] - setText: Text 'Checkbox 3' is set on object 'Object Repository/ADMIN/Custom Item Fields Page/a_Checkbox/textfield_option3'

2019-05-27 12:54:27 - [MESSAGE][PASSED] - Text 'Checkbox 3' is set on object 'Object Repository/ADMIN/Custom Item Fields Page/a_Checkbox/textfield_option3'

2019-05-27 12:54:27 - [TEST_STEP][PASSED] - setText: Text 'Checkbox 4' is set on object 'Object Repository/ADMIN/Custom Item Fields Page/a_Checkbox/textfield_option4'

2019-05-27 12:54:27 - [MESSAGE][PASSED] - Text 'Checkbox 4' is set on object 'Object Repository/ADMIN/Custom Item Fields Page/a_Checkbox/textfield_option4'

2019-05-27 12:54:27 - [TEST_STEP][PASSED] - setText: Text 'Checkbox 5' is set on object 'Object Repository/ADMIN/Custom Item Fields Page/a_Checkbox/textfield_option5'

2019-05-27 12:54:27 - [MESSAGE][PASSED] - Text 'Checkbox 5' is set on object 'Object Repository/ADMIN/Custom Item Fields Page/a_Checkbox/textfield_option5'

2019-05-27 12:54:27 - [TEST_STEP][PASSED] - click: Object: 'Object Repository/ADMIN/Custom Item Fields Page/a_Default/button_Save1' is clicked on

2019-05-27 12:54:27 - [MESSAGE][PASSED] - Object: 'Object Repository/ADMIN/Custom Item Fields Page/a_Default/button_Save1' is clicked on]]></system-out>
         <system-err><![CDATA[]]></system-err>
      </testcase>
      <testcase name="Test Cases/ADMIN/Custom Fields Page/Add Custom Item Fields/Add_Dropdown" classname="Test Cases/ADMIN/Custom Fields Page/Add Custom Item Fields/Add_Dropdown" status="PASSED">
         <system-out><![CDATA[2019-05-27 12:54:27 - [TEST_CASE][PASSED] - Test Cases/ADMIN/Custom Fields Page/Add Custom Item Fields/Add_Dropdown: Test Cases/ADMIN/Custom Fields Page/Add Custom Item Fields/Add_Dropdown

2019-05-27 12:54:27 - [TEST_STEP][PASSED] - waitForElementVisible: Object 'Object Repository/ADMIN/Custom Item Fields List Page/button_Add Field' is visible

2019-05-27 12:54:27 - [MESSAGE][WARNING] - Timeout '0' is invalid. Using default page load timeout: '30'

2019-05-27 12:54:28 - [MESSAGE][PASSED] - Object 'Object Repository/ADMIN/Custom Item Fields List Page/button_Add Field' is visible

2019-05-27 12:54:28 - [TEST_STEP][PASSED] - click: Object: 'Object Repository/ADMIN/Custom Item Fields List Page/button_Add Field' is clicked on

2019-05-27 12:54:29 - [MESSAGE][PASSED] - Object: 'Object Repository/ADMIN/Custom Item Fields List Page/button_Add Field' is clicked on

2019-05-27 12:54:29 - [TEST_STEP][PASSED] - waitForElementVisible: Object 'Object Repository/ADMIN/Custom Item Fields Page/a_Default/dropdown_fieldtype' is visible

2019-05-27 12:54:29 - [MESSAGE][WARNING] - Timeout '0' is invalid. Using default page load timeout: '30'

2019-05-27 12:54:29 - [MESSAGE][PASSED] - Object 'Object Repository/ADMIN/Custom Item Fields Page/a_Default/dropdown_fieldtype' is visible

2019-05-27 12:54:29 - [TEST_STEP][PASSED] - waitForPageLoad: Wait for page load successfully

2019-05-27 12:54:29 - [MESSAGE][WARNING] - Timeout '0' is invalid. Using default page load timeout: '30'

2019-05-27 12:54:29 - [MESSAGE][PASSED] - Wait for page load successfully

2019-05-27 12:54:29 - [TEST_STEP][PASSED] - click: Object: 'Object Repository/ADMIN/Custom Item Fields Page/a_Default/dropdown_fieldtype' is clicked on

2019-05-27 12:54:29 - [MESSAGE][PASSED] - Object: 'Object Repository/ADMIN/Custom Item Fields Page/a_Default/dropdown_fieldtype' is clicked on

2019-05-27 12:54:29 - [TEST_STEP][PASSED] - delay: Delayed 2 second(s)

2019-05-27 12:54:31 - [MESSAGE][PASSED] - Delayed 2 second(s)

2019-05-27 12:54:31 - [TEST_STEP][PASSED] - selectOptionByLabel: All options with label 'Drop Down' are selected in object 'Object Repository/ADMIN/Custom Item Fields Page/a_Default/dropdown_fieldtype' 

2019-05-27 12:54:32 - [MESSAGE][PASSED] - All options with label 'Drop Down' are selected in object 'Object Repository/ADMIN/Custom Item Fields Page/a_Default/dropdown_fieldtype' 

2019-05-27 12:54:32 - [TEST_STEP][NOT_RUN] - verifyOptionSelectedByLabel: NOT_RUN: verifyOptionSelectedByLabel

2019-05-27 12:54:32 - [MESSAGE][NOT_RUN] - NOT_RUN: verifyOptionSelectedByLabel

2019-05-27 12:54:32 - [TEST_STEP][PASSED] - setText: Text 'Dropdown Mandatory' is set on object 'Object Repository/ADMIN/Custom Item Fields Page/a_Default/textfield_fieldname'

2019-05-27 12:54:32 - [MESSAGE][PASSED] - Text 'Dropdown Mandatory' is set on object 'Object Repository/ADMIN/Custom Item Fields Page/a_Default/textfield_fieldname'

2019-05-27 12:54:32 - [TEST_STEP][PASSED] - waitForElementVisible: Object 'Object Repository/ADMIN/Custom Item Fields Page/a_Dropdown/textfield_dropdownOpt1' is visible

2019-05-27 12:54:32 - [MESSAGE][WARNING] - Timeout '0' is invalid. Using default page load timeout: '30'

2019-05-27 12:54:32 - [MESSAGE][PASSED] - Object 'Object Repository/ADMIN/Custom Item Fields Page/a_Dropdown/textfield_dropdownOpt1' is visible

2019-05-27 12:54:32 - [TEST_STEP][PASSED] - delay: Delayed 0 second(s)

2019-05-27 12:54:32 - [MESSAGE][PASSED] - Delayed 0 second(s)

2019-05-27 12:54:32 - [TEST_STEP][PASSED] - scrollToElement: Scroll to object 'Object Repository/ADMIN/Custom Item Fields Page/a_Dropdown/button_addOpt' successfully

2019-05-27 12:54:32 - [MESSAGE][WARNING] - Timeout '0' is invalid. Using default page load timeout: '30'

2019-05-27 12:54:32 - [MESSAGE][PASSED] - Scroll to object 'Object Repository/ADMIN/Custom Item Fields Page/a_Dropdown/button_addOpt' successfully

2019-05-27 12:54:32 - [TEST_STEP][PASSED] - click: Object: 'Object Repository/ADMIN/Custom Item Fields Page/a_Dropdown/button_addOpt' is clicked on

2019-05-27 12:54:32 - [MESSAGE][PASSED] - Object: 'Object Repository/ADMIN/Custom Item Fields Page/a_Dropdown/button_addOpt' is clicked on

2019-05-27 12:54:32 - [TEST_STEP][PASSED] - waitForElementVisible: Object 'Object Repository/ADMIN/Custom Item Fields Page/a_Dropdown/textfield_dropdownOpt3' is visible

2019-05-27 12:54:32 - [MESSAGE][WARNING] - Timeout '0' is invalid. Using default page load timeout: '30'

2019-05-27 12:54:32 - [MESSAGE][PASSED] - Object 'Object Repository/ADMIN/Custom Item Fields Page/a_Dropdown/textfield_dropdownOpt3' is visible

2019-05-27 12:54:32 - [TEST_STEP][PASSED] - click: Object: 'Object Repository/ADMIN/Custom Item Fields Page/a_Dropdown/button_addOpt' is clicked on

2019-05-27 12:54:32 - [MESSAGE][PASSED] - Object: 'Object Repository/ADMIN/Custom Item Fields Page/a_Dropdown/button_addOpt' is clicked on

2019-05-27 12:54:32 - [TEST_STEP][PASSED] - waitForElementVisible: Object 'Object Repository/ADMIN/Custom Item Fields Page/a_Dropdown/textfield_dropdownOpt4' is visible

2019-05-27 12:54:32 - [MESSAGE][WARNING] - Timeout '0' is invalid. Using default page load timeout: '30'

2019-05-27 12:54:32 - [MESSAGE][PASSED] - Object 'Object Repository/ADMIN/Custom Item Fields Page/a_Dropdown/textfield_dropdownOpt4' is visible

2019-05-27 12:54:32 - [TEST_STEP][PASSED] - click: Object: 'Object Repository/ADMIN/Custom Item Fields Page/a_Dropdown/button_addOpt' is clicked on

2019-05-27 12:54:32 - [MESSAGE][PASSED] - Object: 'Object Repository/ADMIN/Custom Item Fields Page/a_Dropdown/button_addOpt' is clicked on

2019-05-27 12:54:32 - [TEST_STEP][PASSED] - waitForElementVisible: Object 'Object Repository/ADMIN/Custom Item Fields Page/a_Dropdown/textfield_dropdownOpt5' is visible

2019-05-27 12:54:32 - [MESSAGE][WARNING] - Timeout '0' is invalid. Using default page load timeout: '30'

2019-05-27 12:54:32 - [MESSAGE][PASSED] - Object 'Object Repository/ADMIN/Custom Item Fields Page/a_Dropdown/textfield_dropdownOpt5' is visible

2019-05-27 12:54:32 - [TEST_STEP][PASSED] - setText: Text 'Select 1' is set on object 'Object Repository/ADMIN/Custom Item Fields Page/a_Dropdown/textfield_dropdownOpt1'

2019-05-27 12:54:32 - [MESSAGE][PASSED] - Text 'Select 1' is set on object 'Object Repository/ADMIN/Custom Item Fields Page/a_Dropdown/textfield_dropdownOpt1'

2019-05-27 12:54:32 - [TEST_STEP][PASSED] - setText: Text 'Select 2' is set on object 'Object Repository/ADMIN/Custom Item Fields Page/a_Dropdown/textfield_dropdownOpt2'

2019-05-27 12:54:33 - [MESSAGE][PASSED] - Text 'Select 2' is set on object 'Object Repository/ADMIN/Custom Item Fields Page/a_Dropdown/textfield_dropdownOpt2'

2019-05-27 12:54:33 - [TEST_STEP][PASSED] - setText: Text 'Select 3' is set on object 'Object Repository/ADMIN/Custom Item Fields Page/a_Dropdown/textfield_dropdownOpt3'

2019-05-27 12:54:33 - [MESSAGE][PASSED] - Text 'Select 3' is set on object 'Object Repository/ADMIN/Custom Item Fields Page/a_Dropdown/textfield_dropdownOpt3'

2019-05-27 12:54:33 - [TEST_STEP][PASSED] - setText: Text 'Select 4' is set on object 'Object Repository/ADMIN/Custom Item Fields Page/a_Dropdown/textfield_dropdownOpt4'

2019-05-27 12:54:33 - [MESSAGE][PASSED] - Text 'Select 4' is set on object 'Object Repository/ADMIN/Custom Item Fields Page/a_Dropdown/textfield_dropdownOpt4'

2019-05-27 12:54:33 - [TEST_STEP][PASSED] - setText: Text 'Select 5' is set on object 'Object Repository/ADMIN/Custom Item Fields Page/a_Dropdown/textfield_dropdownOpt5'

2019-05-27 12:54:33 - [MESSAGE][PASSED] - Text 'Select 5' is set on object 'Object Repository/ADMIN/Custom Item Fields Page/a_Dropdown/textfield_dropdownOpt5'

2019-05-27 12:54:33 - [TEST_STEP][PASSED] - scrollToElement: Scroll to object 'Object Repository/ADMIN/Custom Item Fields Page/a_Default/button_SelectCategories' successfully

2019-05-27 12:54:33 - [MESSAGE][WARNING] - Timeout '0' is invalid. Using default page load timeout: '30'

2019-05-27 12:54:33 - [MESSAGE][PASSED] - Scroll to object 'Object Repository/ADMIN/Custom Item Fields Page/a_Default/button_SelectCategories' successfully

2019-05-27 12:54:33 - [TEST_STEP][PASSED] - click: Object: 'Object Repository/ADMIN/Custom Item Fields Page/a_Default/button_SelectCategories' is clicked on

2019-05-27 12:54:33 - [MESSAGE][PASSED] - Object: 'Object Repository/ADMIN/Custom Item Fields Page/a_Default/button_SelectCategories' is clicked on

2019-05-27 12:54:33 - [TEST_STEP][PASSED] - waitForElementVisible: Object 'Object Repository/ADMIN/Custom Item Fields List Page/a_SelectCategories/linktext_SelectAll' is visible

2019-05-27 12:54:33 - [MESSAGE][WARNING] - Timeout '0' is invalid. Using default page load timeout: '30'

2019-05-27 12:54:34 - [MESSAGE][PASSED] - Object 'Object Repository/ADMIN/Custom Item Fields List Page/a_SelectCategories/linktext_SelectAll' is visible

2019-05-27 12:54:34 - [TEST_STEP][PASSED] - scrollToElement: Scroll to object 'Object Repository/ADMIN/Custom Item Fields List Page/a_SelectCategories/a_Categories/checkbox_6' successfully

2019-05-27 12:54:34 - [MESSAGE][WARNING] - Timeout '0' is invalid. Using default page load timeout: '30'

2019-05-27 12:54:34 - [MESSAGE][PASSED] - Scroll to object 'Object Repository/ADMIN/Custom Item Fields List Page/a_SelectCategories/a_Categories/checkbox_6' successfully

2019-05-27 12:54:34 - [TEST_STEP][PASSED] - click: Object: 'Object Repository/ADMIN/Custom Item Fields List Page/a_SelectCategories/a_Categories/checkbox_6' is clicked on

2019-05-27 12:54:34 - [MESSAGE][PASSED] - Object: 'Object Repository/ADMIN/Custom Item Fields List Page/a_SelectCategories/a_Categories/checkbox_6' is clicked on

2019-05-27 12:54:34 - [TEST_STEP][PASSED] - click: Object: 'Object Repository/ADMIN/Custom Item Fields List Page/a_SelectCategories/button_Save' is clicked on

2019-05-27 12:54:34 - [MESSAGE][PASSED] - Object: 'Object Repository/ADMIN/Custom Item Fields List Page/a_SelectCategories/button_Save' is clicked on

2019-05-27 12:54:34 - [TEST_STEP][PASSED] - delay: Delayed 1 second(s)

2019-05-27 12:54:35 - [MESSAGE][PASSED] - Delayed 1 second(s)

2019-05-27 12:54:35 - [TEST_STEP][PASSED] - scrollToElement: Scroll to object 'Object Repository/ADMIN/Custom Item Fields Page/a_Default/button_Save1' successfully

2019-05-27 12:54:35 - [MESSAGE][WARNING] - Timeout '0' is invalid. Using default page load timeout: '30'

2019-05-27 12:54:35 - [MESSAGE][PASSED] - Scroll to object 'Object Repository/ADMIN/Custom Item Fields Page/a_Default/button_Save1' successfully

2019-05-27 12:54:35 - [TEST_STEP][PASSED] - click: Object: 'Object Repository/ADMIN/Custom Item Fields Page/a_Default/button_Save1' is clicked on

2019-05-27 12:54:35 - [MESSAGE][PASSED] - Object: 'Object Repository/ADMIN/Custom Item Fields Page/a_Default/button_Save1' is clicked on

2019-05-27 12:54:35 - [TEST_STEP][PASSED] - waitForElementVisible: Object 'Object Repository/ADMIN/Custom Item Fields List Page/button_Add Field' is visible

2019-05-27 12:54:35 - [MESSAGE][WARNING] - Timeout '0' is invalid. Using default page load timeout: '30'

2019-05-27 12:54:36 - [MESSAGE][PASSED] - Object 'Object Repository/ADMIN/Custom Item Fields List Page/button_Add Field' is visible

2019-05-27 12:54:36 - [TEST_STEP][PASSED] - click: Object: 'Object Repository/ADMIN/Custom Item Fields List Page/button_Add Field' is clicked on

2019-05-27 12:54:37 - [MESSAGE][PASSED] - Object: 'Object Repository/ADMIN/Custom Item Fields List Page/button_Add Field' is clicked on

2019-05-27 12:54:37 - [TEST_STEP][PASSED] - waitForElementVisible: Object 'Object Repository/ADMIN/Custom Item Fields Page/a_Default/dropdown_fieldtype' is visible

2019-05-27 12:54:37 - [MESSAGE][WARNING] - Timeout '0' is invalid. Using default page load timeout: '30'

2019-05-27 12:54:37 - [MESSAGE][PASSED] - Object 'Object Repository/ADMIN/Custom Item Fields Page/a_Default/dropdown_fieldtype' is visible

2019-05-27 12:54:37 - [TEST_STEP][PASSED] - waitForPageLoad: Wait for page load successfully

2019-05-27 12:54:37 - [MESSAGE][WARNING] - Timeout '0' is invalid. Using default page load timeout: '30'

2019-05-27 12:54:37 - [MESSAGE][PASSED] - Wait for page load successfully

2019-05-27 12:54:37 - [TEST_STEP][PASSED] - click: Object: 'Object Repository/ADMIN/Custom Item Fields Page/a_Default/dropdown_fieldtype' is clicked on

2019-05-27 12:54:37 - [MESSAGE][PASSED] - Object: 'Object Repository/ADMIN/Custom Item Fields Page/a_Default/dropdown_fieldtype' is clicked on

2019-05-27 12:54:37 - [TEST_STEP][PASSED] - delay: Delayed 2 second(s)

2019-05-27 12:54:39 - [MESSAGE][PASSED] - Delayed 2 second(s)

2019-05-27 12:54:39 - [TEST_STEP][PASSED] - selectOptionByLabel: All options with label 'Drop Down' are selected in object 'Object Repository/ADMIN/Custom Item Fields Page/a_Default/dropdown_fieldtype' 

2019-05-27 12:54:40 - [MESSAGE][PASSED] - All options with label 'Drop Down' are selected in object 'Object Repository/ADMIN/Custom Item Fields Page/a_Default/dropdown_fieldtype' 

2019-05-27 12:54:40 - [TEST_STEP][NOT_RUN] - verifyOptionSelectedByLabel: NOT_RUN: verifyOptionSelectedByLabel

2019-05-27 12:54:40 - [MESSAGE][NOT_RUN] - NOT_RUN: verifyOptionSelectedByLabel

2019-05-27 12:54:40 - [TEST_STEP][PASSED] - setText: Text 'Dropdown Non-Mandatory' is set on object 'Object Repository/ADMIN/Custom Item Fields Page/a_Default/textfield_fieldname'

2019-05-27 12:54:40 - [MESSAGE][PASSED] - Text 'Dropdown Non-Mandatory' is set on object 'Object Repository/ADMIN/Custom Item Fields Page/a_Default/textfield_fieldname'

2019-05-27 12:54:40 - [TEST_STEP][PASSED] - waitForElementVisible: Object 'Object Repository/ADMIN/Custom Item Fields Page/a_Dropdown/textfield_dropdownOpt1' is visible

2019-05-27 12:54:40 - [MESSAGE][WARNING] - Timeout '0' is invalid. Using default page load timeout: '30'

2019-05-27 12:54:40 - [MESSAGE][PASSED] - Object 'Object Repository/ADMIN/Custom Item Fields Page/a_Dropdown/textfield_dropdownOpt1' is visible

2019-05-27 12:54:40 - [TEST_STEP][PASSED] - click: Object: 'Object Repository/ADMIN/Custom Item Fields Page/a_Default/togglebutton_mandatory' is clicked on

2019-05-27 12:54:40 - [MESSAGE][PASSED] - Object: 'Object Repository/ADMIN/Custom Item Fields Page/a_Default/togglebutton_mandatory' is clicked on

2019-05-27 12:54:40 - [TEST_STEP][PASSED] - delay: Delayed 0 second(s)

2019-05-27 12:54:40 - [MESSAGE][PASSED] - Delayed 0 second(s)

2019-05-27 12:54:40 - [TEST_STEP][PASSED] - scrollToElement: Scroll to object 'Object Repository/ADMIN/Custom Item Fields Page/a_Dropdown/button_addOpt' successfully

2019-05-27 12:54:40 - [MESSAGE][WARNING] - Timeout '0' is invalid. Using default page load timeout: '30'

2019-05-27 12:54:40 - [MESSAGE][PASSED] - Scroll to object 'Object Repository/ADMIN/Custom Item Fields Page/a_Dropdown/button_addOpt' successfully

2019-05-27 12:54:40 - [TEST_STEP][PASSED] - click: Object: 'Object Repository/ADMIN/Custom Item Fields Page/a_Dropdown/button_addOpt' is clicked on

2019-05-27 12:54:40 - [MESSAGE][PASSED] - Object: 'Object Repository/ADMIN/Custom Item Fields Page/a_Dropdown/button_addOpt' is clicked on

2019-05-27 12:54:40 - [TEST_STEP][PASSED] - waitForElementVisible: Object 'Object Repository/ADMIN/Custom Item Fields Page/a_Dropdown/textfield_dropdownOpt3' is visible

2019-05-27 12:54:40 - [MESSAGE][WARNING] - Timeout '0' is invalid. Using default page load timeout: '30'

2019-05-27 12:54:40 - [MESSAGE][PASSED] - Object 'Object Repository/ADMIN/Custom Item Fields Page/a_Dropdown/textfield_dropdownOpt3' is visible

2019-05-27 12:54:40 - [TEST_STEP][PASSED] - click: Object: 'Object Repository/ADMIN/Custom Item Fields Page/a_Dropdown/button_addOpt' is clicked on

2019-05-27 12:54:40 - [MESSAGE][PASSED] - Object: 'Object Repository/ADMIN/Custom Item Fields Page/a_Dropdown/button_addOpt' is clicked on

2019-05-27 12:54:40 - [TEST_STEP][PASSED] - waitForElementVisible: Object 'Object Repository/ADMIN/Custom Item Fields Page/a_Dropdown/textfield_dropdownOpt4' is visible

2019-05-27 12:54:40 - [MESSAGE][WARNING] - Timeout '0' is invalid. Using default page load timeout: '30'

2019-05-27 12:54:40 - [MESSAGE][PASSED] - Object 'Object Repository/ADMIN/Custom Item Fields Page/a_Dropdown/textfield_dropdownOpt4' is visible

2019-05-27 12:54:40 - [TEST_STEP][PASSED] - click: Object: 'Object Repository/ADMIN/Custom Item Fields Page/a_Dropdown/button_addOpt' is clicked on

2019-05-27 12:54:40 - [MESSAGE][PASSED] - Object: 'Object Repository/ADMIN/Custom Item Fields Page/a_Dropdown/button_addOpt' is clicked on

2019-05-27 12:54:40 - [TEST_STEP][PASSED] - waitForElementVisible: Object 'Object Repository/ADMIN/Custom Item Fields Page/a_Dropdown/textfield_dropdownOpt5' is visible

2019-05-27 12:54:40 - [MESSAGE][WARNING] - Timeout '0' is invalid. Using default page load timeout: '30'

2019-05-27 12:54:40 - [MESSAGE][PASSED] - Object 'Object Repository/ADMIN/Custom Item Fields Page/a_Dropdown/textfield_dropdownOpt5' is visible

2019-05-27 12:54:40 - [TEST_STEP][PASSED] - setText: Text 'Select 1' is set on object 'Object Repository/ADMIN/Custom Item Fields Page/a_Dropdown/textfield_dropdownOpt1'

2019-05-27 12:54:41 - [MESSAGE][PASSED] - Text 'Select 1' is set on object 'Object Repository/ADMIN/Custom Item Fields Page/a_Dropdown/textfield_dropdownOpt1'

2019-05-27 12:54:41 - [TEST_STEP][PASSED] - setText: Text 'Select 2' is set on object 'Object Repository/ADMIN/Custom Item Fields Page/a_Dropdown/textfield_dropdownOpt2'

2019-05-27 12:54:41 - [MESSAGE][PASSED] - Text 'Select 2' is set on object 'Object Repository/ADMIN/Custom Item Fields Page/a_Dropdown/textfield_dropdownOpt2'

2019-05-27 12:54:41 - [TEST_STEP][PASSED] - setText: Text 'Select 3' is set on object 'Object Repository/ADMIN/Custom Item Fields Page/a_Dropdown/textfield_dropdownOpt3'

2019-05-27 12:54:41 - [MESSAGE][PASSED] - Text 'Select 3' is set on object 'Object Repository/ADMIN/Custom Item Fields Page/a_Dropdown/textfield_dropdownOpt3'

2019-05-27 12:54:41 - [TEST_STEP][PASSED] - setText: Text 'Select 4' is set on object 'Object Repository/ADMIN/Custom Item Fields Page/a_Dropdown/textfield_dropdownOpt4'

2019-05-27 12:54:41 - [MESSAGE][PASSED] - Text 'Select 4' is set on object 'Object Repository/ADMIN/Custom Item Fields Page/a_Dropdown/textfield_dropdownOpt4'

2019-05-27 12:54:41 - [TEST_STEP][PASSED] - setText: Text 'Select 5' is set on object 'Object Repository/ADMIN/Custom Item Fields Page/a_Dropdown/textfield_dropdownOpt5'

2019-05-27 12:54:41 - [MESSAGE][PASSED] - Text 'Select 5' is set on object 'Object Repository/ADMIN/Custom Item Fields Page/a_Dropdown/textfield_dropdownOpt5'

2019-05-27 12:54:41 - [TEST_STEP][PASSED] - scrollToElement: Scroll to object 'Object Repository/ADMIN/Custom Item Fields Page/a_Default/button_SelectCategories' successfully

2019-05-27 12:54:41 - [MESSAGE][WARNING] - Timeout '0' is invalid. Using default page load timeout: '30'

2019-05-27 12:54:41 - [MESSAGE][PASSED] - Scroll to object 'Object Repository/ADMIN/Custom Item Fields Page/a_Default/button_SelectCategories' successfully

2019-05-27 12:54:41 - [TEST_STEP][PASSED] - click: Object: 'Object Repository/ADMIN/Custom Item Fields Page/a_Default/button_SelectCategories' is clicked on

2019-05-27 12:54:42 - [MESSAGE][PASSED] - Object: 'Object Repository/ADMIN/Custom Item Fields Page/a_Default/button_SelectCategories' is clicked on

2019-05-27 12:54:42 - [TEST_STEP][PASSED] - waitForElementVisible: Object 'Object Repository/ADMIN/Custom Item Fields List Page/a_SelectCategories/linktext_SelectAll' is visible

2019-05-27 12:54:42 - [MESSAGE][WARNING] - Timeout '0' is invalid. Using default page load timeout: '30'

2019-05-27 12:54:42 - [MESSAGE][PASSED] - Object 'Object Repository/ADMIN/Custom Item Fields List Page/a_SelectCategories/linktext_SelectAll' is visible

2019-05-27 12:54:42 - [TEST_STEP][PASSED] - scrollToElement: Scroll to object 'Object Repository/ADMIN/Custom Item Fields List Page/a_SelectCategories/a_Categories/checkbox_6' successfully

2019-05-27 12:54:42 - [MESSAGE][WARNING] - Timeout '0' is invalid. Using default page load timeout: '30'

2019-05-27 12:54:42 - [MESSAGE][PASSED] - Scroll to object 'Object Repository/ADMIN/Custom Item Fields List Page/a_SelectCategories/a_Categories/checkbox_6' successfully

2019-05-27 12:54:42 - [TEST_STEP][PASSED] - click: Object: 'Object Repository/ADMIN/Custom Item Fields List Page/a_SelectCategories/a_Categories/checkbox_6' is clicked on

2019-05-27 12:54:42 - [MESSAGE][PASSED] - Object: 'Object Repository/ADMIN/Custom Item Fields List Page/a_SelectCategories/a_Categories/checkbox_6' is clicked on

2019-05-27 12:54:42 - [TEST_STEP][PASSED] - click: Object: 'Object Repository/ADMIN/Custom Item Fields List Page/a_SelectCategories/button_Save' is clicked on

2019-05-27 12:54:42 - [MESSAGE][PASSED] - Object: 'Object Repository/ADMIN/Custom Item Fields List Page/a_SelectCategories/button_Save' is clicked on

2019-05-27 12:54:42 - [TEST_STEP][PASSED] - delay: Delayed 1 second(s)

2019-05-27 12:54:43 - [MESSAGE][PASSED] - Delayed 1 second(s)

2019-05-27 12:54:43 - [TEST_STEP][PASSED] - scrollToElement: Scroll to object 'Object Repository/ADMIN/Custom Item Fields Page/a_Default/button_Save1' successfully

2019-05-27 12:54:43 - [MESSAGE][WARNING] - Timeout '0' is invalid. Using default page load timeout: '30'

2019-05-27 12:54:43 - [MESSAGE][PASSED] - Scroll to object 'Object Repository/ADMIN/Custom Item Fields Page/a_Default/button_Save1' successfully

2019-05-27 12:54:43 - [TEST_STEP][PASSED] - click: Object: 'Object Repository/ADMIN/Custom Item Fields Page/a_Default/button_Save1' is clicked on

2019-05-27 12:54:44 - [MESSAGE][PASSED] - Object: 'Object Repository/ADMIN/Custom Item Fields Page/a_Default/button_Save1' is clicked on]]></system-out>
         <system-err><![CDATA[]]></system-err>
      </testcase>
      <testcase name="Test Cases/ADMIN/Custom Fields Page/Add Custom Item Fields/Add_Location" classname="Test Cases/ADMIN/Custom Fields Page/Add Custom Item Fields/Add_Location" status="PASSED">
         <system-out><![CDATA[2019-05-27 12:54:44 - [TEST_CASE][PASSED] - Test Cases/ADMIN/Custom Fields Page/Add Custom Item Fields/Add_Location: Test Cases/ADMIN/Custom Fields Page/Add Custom Item Fields/Add_Location

2019-05-27 12:54:44 - [TEST_STEP][PASSED] - waitForElementVisible: Object 'Object Repository/ADMIN/Custom Item Fields List Page/button_Add Field' is visible

2019-05-27 12:54:44 - [MESSAGE][WARNING] - Timeout '0' is invalid. Using default page load timeout: '30'

2019-05-27 12:54:45 - [MESSAGE][PASSED] - Object 'Object Repository/ADMIN/Custom Item Fields List Page/button_Add Field' is visible

2019-05-27 12:54:45 - [TEST_STEP][PASSED] - click: Object: 'Object Repository/ADMIN/Custom Item Fields List Page/button_Add Field' is clicked on

2019-05-27 12:54:46 - [MESSAGE][PASSED] - Object: 'Object Repository/ADMIN/Custom Item Fields List Page/button_Add Field' is clicked on

2019-05-27 12:54:46 - [TEST_STEP][PASSED] - waitForElementVisible: Object 'Object Repository/ADMIN/Custom Item Fields Page/a_Default/dropdown_fieldtype' is visible

2019-05-27 12:54:46 - [MESSAGE][WARNING] - Timeout '0' is invalid. Using default page load timeout: '30'

2019-05-27 12:54:46 - [MESSAGE][PASSED] - Object 'Object Repository/ADMIN/Custom Item Fields Page/a_Default/dropdown_fieldtype' is visible

2019-05-27 12:54:46 - [TEST_STEP][PASSED] - waitForPageLoad: Wait for page load successfully

2019-05-27 12:54:46 - [MESSAGE][WARNING] - Timeout '0' is invalid. Using default page load timeout: '30'

2019-05-27 12:54:46 - [MESSAGE][PASSED] - Wait for page load successfully

2019-05-27 12:54:46 - [TEST_STEP][PASSED] - click: Object: 'Object Repository/ADMIN/Custom Item Fields Page/a_Default/dropdown_fieldtype' is clicked on

2019-05-27 12:54:46 - [MESSAGE][PASSED] - Object: 'Object Repository/ADMIN/Custom Item Fields Page/a_Default/dropdown_fieldtype' is clicked on

2019-05-27 12:54:46 - [TEST_STEP][PASSED] - delay: Delayed 2 second(s)

2019-05-27 12:54:48 - [MESSAGE][PASSED] - Delayed 2 second(s)

2019-05-27 12:54:48 - [TEST_STEP][PASSED] - selectOptionByLabel: All options with label 'Location' are selected in object 'Object Repository/ADMIN/Custom Item Fields Page/a_Default/dropdown_fieldtype' 

2019-05-27 12:54:49 - [MESSAGE][PASSED] - All options with label 'Location' are selected in object 'Object Repository/ADMIN/Custom Item Fields Page/a_Default/dropdown_fieldtype' 

2019-05-27 12:54:49 - [TEST_STEP][NOT_RUN] - verifyOptionSelectedByLabel: NOT_RUN: verifyOptionSelectedByLabel

2019-05-27 12:54:49 - [MESSAGE][NOT_RUN] - NOT_RUN: verifyOptionSelectedByLabel

2019-05-27 12:54:49 - [TEST_STEP][PASSED] - setText: Text 'Location' is set on object 'Object Repository/ADMIN/Custom Item Fields Page/a_Default/textfield_fieldname'

2019-05-27 12:54:49 - [MESSAGE][PASSED] - Text 'Location' is set on object 'Object Repository/ADMIN/Custom Item Fields Page/a_Default/textfield_fieldname'

2019-05-27 12:54:49 - [TEST_STEP][PASSED] - click: Object: 'Object Repository/ADMIN/Custom Item Fields Page/a_Default/button_SelectCategories' is clicked on

2019-05-27 12:54:49 - [MESSAGE][PASSED] - Object: 'Object Repository/ADMIN/Custom Item Fields Page/a_Default/button_SelectCategories' is clicked on

2019-05-27 12:54:49 - [TEST_STEP][PASSED] - waitForElementVisible: Object 'Object Repository/ADMIN/Custom Item Fields List Page/a_SelectCategories/linktext_SelectAll' is visible

2019-05-27 12:54:49 - [MESSAGE][WARNING] - Timeout '0' is invalid. Using default page load timeout: '30'

2019-05-27 12:54:49 - [MESSAGE][PASSED] - Object 'Object Repository/ADMIN/Custom Item Fields List Page/a_SelectCategories/linktext_SelectAll' is visible

2019-05-27 12:54:49 - [TEST_STEP][PASSED] - scrollToElement: Scroll to object 'Object Repository/ADMIN/Custom Item Fields List Page/a_SelectCategories/a_Categories/checkbox_4' successfully

2019-05-27 12:54:49 - [MESSAGE][WARNING] - Timeout '0' is invalid. Using default page load timeout: '30'

2019-05-27 12:54:49 - [MESSAGE][PASSED] - Scroll to object 'Object Repository/ADMIN/Custom Item Fields List Page/a_SelectCategories/a_Categories/checkbox_4' successfully

2019-05-27 12:54:49 - [TEST_STEP][PASSED] - click: Object: 'Object Repository/ADMIN/Custom Item Fields List Page/a_SelectCategories/a_Categories/checkbox_4' is clicked on

2019-05-27 12:54:50 - [MESSAGE][PASSED] - Object: 'Object Repository/ADMIN/Custom Item Fields List Page/a_SelectCategories/a_Categories/checkbox_4' is clicked on

2019-05-27 12:54:50 - [TEST_STEP][PASSED] - scrollToElement: Scroll to object 'Object Repository/ADMIN/Custom Item Fields List Page/a_SelectCategories/a_Categories/checkbox_5' successfully

2019-05-27 12:54:50 - [MESSAGE][WARNING] - Timeout '0' is invalid. Using default page load timeout: '30'

2019-05-27 12:54:50 - [MESSAGE][PASSED] - Scroll to object 'Object Repository/ADMIN/Custom Item Fields List Page/a_SelectCategories/a_Categories/checkbox_5' successfully

2019-05-27 12:54:50 - [TEST_STEP][PASSED] - click: Object: 'Object Repository/ADMIN/Custom Item Fields List Page/a_SelectCategories/a_Categories/checkbox_5' is clicked on

2019-05-27 12:54:50 - [MESSAGE][PASSED] - Object: 'Object Repository/ADMIN/Custom Item Fields List Page/a_SelectCategories/a_Categories/checkbox_5' is clicked on

2019-05-27 12:54:50 - [TEST_STEP][PASSED] - click: Object: 'Object Repository/ADMIN/Custom Item Fields List Page/a_SelectCategories/button_Save' is clicked on

2019-05-27 12:54:50 - [MESSAGE][PASSED] - Object: 'Object Repository/ADMIN/Custom Item Fields List Page/a_SelectCategories/button_Save' is clicked on

2019-05-27 12:54:50 - [TEST_STEP][PASSED] - delay: Delayed 1 second(s)

2019-05-27 12:54:51 - [MESSAGE][PASSED] - Delayed 1 second(s)

2019-05-27 12:54:51 - [TEST_STEP][PASSED] - scrollToElement: Scroll to object 'Object Repository/ADMIN/Custom Item Fields Page/a_Default/button_Save1' successfully

2019-05-27 12:54:51 - [MESSAGE][WARNING] - Timeout '0' is invalid. Using default page load timeout: '30'

2019-05-27 12:54:51 - [MESSAGE][PASSED] - Scroll to object 'Object Repository/ADMIN/Custom Item Fields Page/a_Default/button_Save1' successfully

2019-05-27 12:54:51 - [TEST_STEP][PASSED] - click: Object: 'Object Repository/ADMIN/Custom Item Fields Page/a_Default/button_Save1' is clicked on

2019-05-27 12:54:51 - [MESSAGE][PASSED] - Object: 'Object Repository/ADMIN/Custom Item Fields Page/a_Default/button_Save1' is clicked on]]></system-out>
         <system-err><![CDATA[]]></system-err>
      </testcase>
      <testcase name="Test Cases/ADMIN/Custom Fields Page/Add Custom Item Fields/Add_DateTime" classname="Test Cases/ADMIN/Custom Fields Page/Add Custom Item Fields/Add_DateTime" status="PASSED">
         <system-out><![CDATA[2019-05-27 12:54:51 - [TEST_CASE][PASSED] - Test Cases/ADMIN/Custom Fields Page/Add Custom Item Fields/Add_DateTime: Test Cases/ADMIN/Custom Fields Page/Add Custom Item Fields/Add_DateTime

2019-05-27 12:54:51 - [TEST_STEP][PASSED] - waitForElementVisible: Object 'Object Repository/ADMIN/Custom Item Fields List Page/button_Add Field' is visible

2019-05-27 12:54:51 - [MESSAGE][WARNING] - Timeout '0' is invalid. Using default page load timeout: '30'

2019-05-27 12:54:53 - [MESSAGE][PASSED] - Object 'Object Repository/ADMIN/Custom Item Fields List Page/button_Add Field' is visible

2019-05-27 12:54:53 - [TEST_STEP][PASSED] - click: Object: 'Object Repository/ADMIN/Custom Item Fields List Page/button_Add Field' is clicked on

2019-05-27 12:54:54 - [MESSAGE][PASSED] - Object: 'Object Repository/ADMIN/Custom Item Fields List Page/button_Add Field' is clicked on

2019-05-27 12:54:54 - [TEST_STEP][PASSED] - waitForElementVisible: Object 'Object Repository/ADMIN/Custom Item Fields Page/a_Default/dropdown_fieldtype' is visible

2019-05-27 12:54:54 - [MESSAGE][WARNING] - Timeout '0' is invalid. Using default page load timeout: '30'

2019-05-27 12:54:54 - [MESSAGE][PASSED] - Object 'Object Repository/ADMIN/Custom Item Fields Page/a_Default/dropdown_fieldtype' is visible

2019-05-27 12:54:54 - [TEST_STEP][PASSED] - waitForPageLoad: Wait for page load successfully

2019-05-27 12:54:54 - [MESSAGE][WARNING] - Timeout '0' is invalid. Using default page load timeout: '30'

2019-05-27 12:54:54 - [MESSAGE][PASSED] - Wait for page load successfully

2019-05-27 12:54:54 - [TEST_STEP][PASSED] - click: Object: 'Object Repository/ADMIN/Custom Item Fields Page/a_Default/dropdown_fieldtype' is clicked on

2019-05-27 12:54:54 - [MESSAGE][PASSED] - Object: 'Object Repository/ADMIN/Custom Item Fields Page/a_Default/dropdown_fieldtype' is clicked on

2019-05-27 12:54:54 - [TEST_STEP][PASSED] - delay: Delayed 2 second(s)

2019-05-27 12:54:56 - [MESSAGE][PASSED] - Delayed 2 second(s)

2019-05-27 12:54:56 - [TEST_STEP][PASSED] - selectOptionByLabel: All options with label 'Date / Time picker' are selected in object 'Object Repository/ADMIN/Custom Item Fields Page/a_Default/dropdown_fieldtype' 

2019-05-27 12:54:56 - [MESSAGE][PASSED] - All options with label 'Date / Time picker' are selected in object 'Object Repository/ADMIN/Custom Item Fields Page/a_Default/dropdown_fieldtype' 

2019-05-27 12:54:56 - [TEST_STEP][NOT_RUN] - verifyOptionSelectedByLabel: NOT_RUN: verifyOptionSelectedByLabel

2019-05-27 12:54:56 - [MESSAGE][NOT_RUN] - NOT_RUN: verifyOptionSelectedByLabel

2019-05-27 12:54:56 - [TEST_STEP][PASSED] - waitForElementVisible: Object 'Object Repository/ADMIN/Custom Item Fields Page/a_DateTimePicker/togglebutton_timeneeded' is visible

2019-05-27 12:54:56 - [MESSAGE][WARNING] - Timeout '0' is invalid. Using default page load timeout: '30'

2019-05-27 12:54:56 - [MESSAGE][PASSED] - Object 'Object Repository/ADMIN/Custom Item Fields Page/a_DateTimePicker/togglebutton_timeneeded' is visible

2019-05-27 12:54:56 - [TEST_STEP][PASSED] - setText: Text 'Date / Time' is set on object 'Object Repository/ADMIN/Custom Item Fields Page/a_Default/textfield_fieldname'

2019-05-27 12:54:56 - [MESSAGE][PASSED] - Text 'Date / Time' is set on object 'Object Repository/ADMIN/Custom Item Fields Page/a_Default/textfield_fieldname'

2019-05-27 12:54:56 - [TEST_STEP][PASSED] - click: Object: 'Object Repository/ADMIN/Custom Item Fields Page/a_Default/button_SelectCategories' is clicked on

2019-05-27 12:54:56 - [MESSAGE][PASSED] - Object: 'Object Repository/ADMIN/Custom Item Fields Page/a_Default/button_SelectCategories' is clicked on

2019-05-27 12:54:56 - [TEST_STEP][PASSED] - waitForElementVisible: Object 'Object Repository/ADMIN/Custom Item Fields List Page/a_SelectCategories/linktext_SelectAll' is visible

2019-05-27 12:54:56 - [MESSAGE][WARNING] - Timeout '0' is invalid. Using default page load timeout: '30'

2019-05-27 12:54:57 - [MESSAGE][PASSED] - Object 'Object Repository/ADMIN/Custom Item Fields List Page/a_SelectCategories/linktext_SelectAll' is visible

2019-05-27 12:54:57 - [TEST_STEP][PASSED] - scrollToElement: Scroll to object 'Object Repository/ADMIN/Custom Item Fields List Page/a_SelectCategories/a_Categories/checkbox_1' successfully

2019-05-27 12:54:57 - [MESSAGE][WARNING] - Timeout '0' is invalid. Using default page load timeout: '30'

2019-05-27 12:54:57 - [MESSAGE][PASSED] - Scroll to object 'Object Repository/ADMIN/Custom Item Fields List Page/a_SelectCategories/a_Categories/checkbox_1' successfully

2019-05-27 12:54:57 - [TEST_STEP][PASSED] - click: Object: 'Object Repository/ADMIN/Custom Item Fields List Page/a_SelectCategories/a_Categories/checkbox_1' is clicked on

2019-05-27 12:54:57 - [MESSAGE][PASSED] - Object: 'Object Repository/ADMIN/Custom Item Fields List Page/a_SelectCategories/a_Categories/checkbox_1' is clicked on

2019-05-27 12:54:57 - [TEST_STEP][PASSED] - scrollToElement: Scroll to object 'Object Repository/ADMIN/Custom Item Fields List Page/a_SelectCategories/a_Categories/checkbox_2' successfully

2019-05-27 12:54:57 - [MESSAGE][WARNING] - Timeout '0' is invalid. Using default page load timeout: '30'

2019-05-27 12:54:57 - [MESSAGE][PASSED] - Scroll to object 'Object Repository/ADMIN/Custom Item Fields List Page/a_SelectCategories/a_Categories/checkbox_2' successfully

2019-05-27 12:54:57 - [TEST_STEP][PASSED] - click: Object: 'Object Repository/ADMIN/Custom Item Fields List Page/a_SelectCategories/a_Categories/checkbox_2' is clicked on

2019-05-27 12:54:57 - [MESSAGE][PASSED] - Object: 'Object Repository/ADMIN/Custom Item Fields List Page/a_SelectCategories/a_Categories/checkbox_2' is clicked on

2019-05-27 12:54:57 - [TEST_STEP][PASSED] - scrollToElement: Scroll to object 'Object Repository/ADMIN/Custom Item Fields List Page/a_SelectCategories/a_Categories/checkbox_3' successfully

2019-05-27 12:54:57 - [MESSAGE][WARNING] - Timeout '0' is invalid. Using default page load timeout: '30'

2019-05-27 12:54:57 - [MESSAGE][PASSED] - Scroll to object 'Object Repository/ADMIN/Custom Item Fields List Page/a_SelectCategories/a_Categories/checkbox_3' successfully

2019-05-27 12:54:57 - [TEST_STEP][PASSED] - click: Object: 'Object Repository/ADMIN/Custom Item Fields List Page/a_SelectCategories/a_Categories/checkbox_3' is clicked on

2019-05-27 12:54:57 - [MESSAGE][PASSED] - Object: 'Object Repository/ADMIN/Custom Item Fields List Page/a_SelectCategories/a_Categories/checkbox_3' is clicked on

2019-05-27 12:54:57 - [TEST_STEP][PASSED] - click: Object: 'Object Repository/ADMIN/Custom Item Fields List Page/a_SelectCategories/button_Save' is clicked on

2019-05-27 12:54:57 - [MESSAGE][PASSED] - Object: 'Object Repository/ADMIN/Custom Item Fields List Page/a_SelectCategories/button_Save' is clicked on

2019-05-27 12:54:57 - [TEST_STEP][PASSED] - delay: Delayed 1 second(s)

2019-05-27 12:54:58 - [MESSAGE][PASSED] - Delayed 1 second(s)

2019-05-27 12:54:58 - [TEST_STEP][PASSED] - scrollToElement: Scroll to object 'Object Repository/ADMIN/Custom Item Fields Page/a_Default/button_Save1' successfully

2019-05-27 12:54:58 - [MESSAGE][WARNING] - Timeout '0' is invalid. Using default page load timeout: '30'

2019-05-27 12:54:58 - [MESSAGE][PASSED] - Scroll to object 'Object Repository/ADMIN/Custom Item Fields Page/a_Default/button_Save1' successfully

2019-05-27 12:54:58 - [TEST_STEP][PASSED] - click: Object: 'Object Repository/ADMIN/Custom Item Fields Page/a_Default/button_Save1' is clicked on

2019-05-27 12:54:58 - [MESSAGE][PASSED] - Object: 'Object Repository/ADMIN/Custom Item Fields Page/a_Default/button_Save1' is clicked on]]></system-out>
         <system-err><![CDATA[]]></system-err>
      </testcase>
      <testcase name="Test Cases/ADMIN/Custom Fields Page/Add Custom Item Fields/Add_PDF" classname="Test Cases/ADMIN/Custom Fields Page/Add Custom Item Fields/Add_PDF" status="PASSED">
         <system-out><![CDATA[2019-05-27 12:54:59 - [TEST_CASE][PASSED] - Test Cases/ADMIN/Custom Fields Page/Add Custom Item Fields/Add_PDF: Test Cases/ADMIN/Custom Fields Page/Add Custom Item Fields/Add_PDF

2019-05-27 12:54:59 - [TEST_STEP][PASSED] - waitForElementVisible: Object 'Object Repository/ADMIN/Custom Item Fields List Page/button_Add Field' is visible

2019-05-27 12:54:59 - [MESSAGE][WARNING] - Timeout '0' is invalid. Using default page load timeout: '30'

2019-05-27 12:55:00 - [MESSAGE][PASSED] - Object 'Object Repository/ADMIN/Custom Item Fields List Page/button_Add Field' is visible

2019-05-27 12:55:00 - [TEST_STEP][PASSED] - click: Object: 'Object Repository/ADMIN/Custom Item Fields List Page/button_Add Field' is clicked on

2019-05-27 12:55:01 - [MESSAGE][PASSED] - Object: 'Object Repository/ADMIN/Custom Item Fields List Page/button_Add Field' is clicked on

2019-05-27 12:55:01 - [TEST_STEP][PASSED] - waitForElementVisible: Object 'Object Repository/ADMIN/Custom Item Fields Page/a_Default/dropdown_fieldtype' is visible

2019-05-27 12:55:01 - [MESSAGE][WARNING] - Timeout '0' is invalid. Using default page load timeout: '30'

2019-05-27 12:55:01 - [MESSAGE][PASSED] - Object 'Object Repository/ADMIN/Custom Item Fields Page/a_Default/dropdown_fieldtype' is visible

2019-05-27 12:55:01 - [TEST_STEP][PASSED] - waitForPageLoad: Wait for page load successfully

2019-05-27 12:55:01 - [MESSAGE][WARNING] - Timeout '0' is invalid. Using default page load timeout: '30'

2019-05-27 12:55:01 - [MESSAGE][PASSED] - Wait for page load successfully

2019-05-27 12:55:01 - [TEST_STEP][PASSED] - click: Object: 'Object Repository/ADMIN/Custom Item Fields Page/a_Default/dropdown_fieldtype' is clicked on

2019-05-27 12:55:01 - [MESSAGE][PASSED] - Object: 'Object Repository/ADMIN/Custom Item Fields Page/a_Default/dropdown_fieldtype' is clicked on

2019-05-27 12:55:01 - [TEST_STEP][PASSED] - delay: Delayed 2 second(s)

2019-05-27 12:55:03 - [MESSAGE][PASSED] - Delayed 2 second(s)

2019-05-27 12:55:03 - [TEST_STEP][PASSED] - selectOptionByLabel: All options with label 'PDF File' are selected in object 'Object Repository/ADMIN/Custom Item Fields Page/a_Default/dropdown_fieldtype' 

2019-05-27 12:55:03 - [MESSAGE][PASSED] - All options with label 'PDF File' are selected in object 'Object Repository/ADMIN/Custom Item Fields Page/a_Default/dropdown_fieldtype' 

2019-05-27 12:55:03 - [TEST_STEP][NOT_RUN] - verifyOptionSelectedByLabel: NOT_RUN: verifyOptionSelectedByLabel

2019-05-27 12:55:03 - [MESSAGE][NOT_RUN] - NOT_RUN: verifyOptionSelectedByLabel

2019-05-27 12:55:03 - [TEST_STEP][PASSED] - waitForElementVisible: Object 'Object Repository/ADMIN/Custom Item Fields Page/a_PDF File/textlabel_PDFFile' is visible

2019-05-27 12:55:03 - [MESSAGE][WARNING] - Timeout '0' is invalid. Using default page load timeout: '30'

2019-05-27 12:55:03 - [MESSAGE][PASSED] - Object 'Object Repository/ADMIN/Custom Item Fields Page/a_PDF File/textlabel_PDFFile' is visible

2019-05-27 12:55:03 - [TEST_STEP][PASSED] - setText: Text 'Document' is set on object 'Object Repository/ADMIN/Custom Item Fields Page/a_Default/textfield_fieldname'

2019-05-27 12:55:03 - [MESSAGE][PASSED] - Text 'Document' is set on object 'Object Repository/ADMIN/Custom Item Fields Page/a_Default/textfield_fieldname'

2019-05-27 12:55:03 - [TEST_STEP][PASSED] - scrollToElement: Scroll to object 'Object Repository/ADMIN/Custom Item Fields Page/a_Default/button_SelectCategories' successfully

2019-05-27 12:55:03 - [MESSAGE][WARNING] - Timeout '0' is invalid. Using default page load timeout: '30'

2019-05-27 12:55:03 - [MESSAGE][PASSED] - Scroll to object 'Object Repository/ADMIN/Custom Item Fields Page/a_Default/button_SelectCategories' successfully

2019-05-27 12:55:03 - [TEST_STEP][PASSED] - click: Object: 'Object Repository/ADMIN/Custom Item Fields Page/a_Default/button_SelectCategories' is clicked on

2019-05-27 12:55:04 - [MESSAGE][PASSED] - Object: 'Object Repository/ADMIN/Custom Item Fields Page/a_Default/button_SelectCategories' is clicked on

2019-05-27 12:55:04 - [TEST_STEP][PASSED] - waitForElementVisible: Object 'Object Repository/ADMIN/Custom Item Fields List Page/a_SelectCategories/linktext_SelectAll' is visible

2019-05-27 12:55:04 - [MESSAGE][WARNING] - Timeout '0' is invalid. Using default page load timeout: '30'

2019-05-27 12:55:04 - [MESSAGE][PASSED] - Object 'Object Repository/ADMIN/Custom Item Fields List Page/a_SelectCategories/linktext_SelectAll' is visible

2019-05-27 12:55:04 - [TEST_STEP][PASSED] - click: Object: 'Object Repository/ADMIN/Custom Item Fields List Page/a_SelectCategories/linktext_SelectAll' is clicked on

2019-05-27 12:55:04 - [MESSAGE][PASSED] - Object: 'Object Repository/ADMIN/Custom Item Fields List Page/a_SelectCategories/linktext_SelectAll' is clicked on

2019-05-27 12:55:04 - [TEST_STEP][PASSED] - click: Object: 'Object Repository/ADMIN/Custom Item Fields List Page/a_SelectCategories/button_Save' is clicked on

2019-05-27 12:55:04 - [MESSAGE][PASSED] - Object: 'Object Repository/ADMIN/Custom Item Fields List Page/a_SelectCategories/button_Save' is clicked on

2019-05-27 12:55:04 - [TEST_STEP][PASSED] - delay: Delayed 1 second(s)

2019-05-27 12:55:05 - [MESSAGE][PASSED] - Delayed 1 second(s)

2019-05-27 12:55:05 - [TEST_STEP][PASSED] - click: Object: 'Object Repository/ADMIN/Custom Item Fields Page/a_Default/button_Save1' is clicked on

2019-05-27 12:55:05 - [MESSAGE][PASSED] - Object: 'Object Repository/ADMIN/Custom Item Fields Page/a_Default/button_Save1' is clicked on]]></system-out>
         <system-err><![CDATA[]]></system-err>
      </testcase>
      <testcase name="Test Cases/ADMIN/Custom Fields Page/Add Custom Item Fields/Add_EmbedVideo" classname="Test Cases/ADMIN/Custom Fields Page/Add Custom Item Fields/Add_EmbedVideo" status="PASSED">
         <system-out><![CDATA[2019-05-27 12:55:05 - [TEST_CASE][PASSED] - Test Cases/ADMIN/Custom Fields Page/Add Custom Item Fields/Add_EmbedVideo: Test Cases/ADMIN/Custom Fields Page/Add Custom Item Fields/Add_EmbedVideo

2019-05-27 12:55:06 - [TEST_STEP][PASSED] - waitForElementVisible: Object 'Object Repository/ADMIN/Custom Item Fields List Page/button_Add Field' is visible

2019-05-27 12:55:06 - [MESSAGE][WARNING] - Timeout '0' is invalid. Using default page load timeout: '30'

2019-05-27 12:55:07 - [MESSAGE][PASSED] - Object 'Object Repository/ADMIN/Custom Item Fields List Page/button_Add Field' is visible

2019-05-27 12:55:07 - [TEST_STEP][PASSED] - click: Object: 'Object Repository/ADMIN/Custom Item Fields List Page/button_Add Field' is clicked on

2019-05-27 12:55:08 - [MESSAGE][PASSED] - Object: 'Object Repository/ADMIN/Custom Item Fields List Page/button_Add Field' is clicked on

2019-05-27 12:55:08 - [TEST_STEP][PASSED] - waitForElementVisible: Object 'Object Repository/ADMIN/Custom Item Fields Page/a_Default/dropdown_fieldtype' is visible

2019-05-27 12:55:08 - [MESSAGE][WARNING] - Timeout '0' is invalid. Using default page load timeout: '30'

2019-05-27 12:55:08 - [MESSAGE][PASSED] - Object 'Object Repository/ADMIN/Custom Item Fields Page/a_Default/dropdown_fieldtype' is visible

2019-05-27 12:55:08 - [TEST_STEP][PASSED] - waitForPageLoad: Wait for page load successfully

2019-05-27 12:55:08 - [MESSAGE][WARNING] - Timeout '0' is invalid. Using default page load timeout: '30'

2019-05-27 12:55:08 - [MESSAGE][PASSED] - Wait for page load successfully

2019-05-27 12:55:08 - [TEST_STEP][PASSED] - click: Object: 'Object Repository/ADMIN/Custom Item Fields Page/a_Default/dropdown_fieldtype' is clicked on

2019-05-27 12:55:08 - [MESSAGE][PASSED] - Object: 'Object Repository/ADMIN/Custom Item Fields Page/a_Default/dropdown_fieldtype' is clicked on

2019-05-27 12:55:08 - [TEST_STEP][PASSED] - delay: Delayed 2 second(s)

2019-05-27 12:55:10 - [MESSAGE][PASSED] - Delayed 2 second(s)

2019-05-27 12:55:10 - [TEST_STEP][PASSED] - selectOptionByLabel: All options with label 'Embed Video' are selected in object 'Object Repository/ADMIN/Custom Item Fields Page/a_Default/dropdown_fieldtype' 

2019-05-27 12:55:10 - [MESSAGE][PASSED] - All options with label 'Embed Video' are selected in object 'Object Repository/ADMIN/Custom Item Fields Page/a_Default/dropdown_fieldtype' 

2019-05-27 12:55:10 - [TEST_STEP][NOT_RUN] - verifyOptionSelectedByLabel: NOT_RUN: verifyOptionSelectedByLabel

2019-05-27 12:55:10 - [MESSAGE][NOT_RUN] - NOT_RUN: verifyOptionSelectedByLabel

2019-05-27 12:55:10 - [TEST_STEP][PASSED] - setText: Text 'Video' is set on object 'Object Repository/ADMIN/Custom Item Fields Page/a_Default/textfield_fieldname'

2019-05-27 12:55:11 - [MESSAGE][PASSED] - Text 'Video' is set on object 'Object Repository/ADMIN/Custom Item Fields Page/a_Default/textfield_fieldname'

2019-05-27 12:55:11 - [TEST_STEP][PASSED] - click: Object: 'Object Repository/ADMIN/Custom Item Fields Page/a_Default/button_SelectCategories' is clicked on

2019-05-27 12:55:11 - [MESSAGE][PASSED] - Object: 'Object Repository/ADMIN/Custom Item Fields Page/a_Default/button_SelectCategories' is clicked on

2019-05-27 12:55:11 - [TEST_STEP][PASSED] - waitForElementVisible: Object 'Object Repository/ADMIN/Custom Item Fields List Page/a_SelectCategories/linktext_SelectAll' is visible

2019-05-27 12:55:11 - [MESSAGE][WARNING] - Timeout '0' is invalid. Using default page load timeout: '30'

2019-05-27 12:55:11 - [MESSAGE][PASSED] - Object 'Object Repository/ADMIN/Custom Item Fields List Page/a_SelectCategories/linktext_SelectAll' is visible

2019-05-27 12:55:11 - [TEST_STEP][PASSED] - scrollToElement: Scroll to object 'Object Repository/ADMIN/Custom Item Fields List Page/a_SelectCategories/a_Categories/checkbox_6' successfully

2019-05-27 12:55:11 - [MESSAGE][WARNING] - Timeout '0' is invalid. Using default page load timeout: '30'

2019-05-27 12:55:11 - [MESSAGE][PASSED] - Scroll to object 'Object Repository/ADMIN/Custom Item Fields List Page/a_SelectCategories/a_Categories/checkbox_6' successfully

2019-05-27 12:55:11 - [TEST_STEP][PASSED] - click: Object: 'Object Repository/ADMIN/Custom Item Fields List Page/a_SelectCategories/a_Categories/checkbox_6' is clicked on

2019-05-27 12:55:11 - [MESSAGE][PASSED] - Object: 'Object Repository/ADMIN/Custom Item Fields List Page/a_SelectCategories/a_Categories/checkbox_6' is clicked on

2019-05-27 12:55:11 - [TEST_STEP][PASSED] - click: Object: 'Object Repository/ADMIN/Custom Item Fields List Page/a_SelectCategories/button_Save' is clicked on

2019-05-27 12:55:11 - [MESSAGE][PASSED] - Object: 'Object Repository/ADMIN/Custom Item Fields List Page/a_SelectCategories/button_Save' is clicked on

2019-05-27 12:55:11 - [TEST_STEP][PASSED] - delay: Delayed 1 second(s)

2019-05-27 12:55:12 - [MESSAGE][PASSED] - Delayed 1 second(s)

2019-05-27 12:55:12 - [TEST_STEP][PASSED] - click: Object: 'Object Repository/ADMIN/Custom Item Fields Page/a_Default/button_Save1' is clicked on

2019-05-27 12:55:13 - [MESSAGE][PASSED] - Object: 'Object Repository/ADMIN/Custom Item Fields Page/a_Default/button_Save1' is clicked on]]></system-out>
         <system-err><![CDATA[]]></system-err>
      </testcase>
      <testcase name="Test Cases/Utilities/ADMIN/Admin Logout" classname="Test Cases/Utilities/ADMIN/Admin Logout" status="FAILED">
         <failure type="FAILED" message="Unable to click on object 'Object Repository/Utilities/Admin Logout/button_Logout' (Root cause: org.openqa.selenium.StaleElementReferenceException: stale element reference: element is not attached to the page document
  (Session info: chrome=74.0.3729.169)
  (Driver info: chromedriver=2.35.528161 (5b82f2d2aae0ca24b877009200ced9065a772e73),platform=Windows NT 6.1.7601 SP1 x86_64) (WARNING: The server did not provide any stacktrace information)
Command duration or timeout: 0 milliseconds
For documentation on this error, please visit: http://seleniumhq.org/exceptions/stale_element_reference.html
Build info: version: '3.7.1', revision: '8a0099a', time: '2017-11-06T21:07:36.161Z'
System info: host: 'APRIL-PC', ip: '10.10.31.66', os.name: 'Windows 7', os.arch: 'amd64', os.version: '6.1', java.version: '1.8.0_102'
Driver info: com.kms.katalon.selenium.driver.CChromeDriver
Capabilities {acceptInsecureCerts: false, acceptSslCerts: false, applicationCacheEnabled: false, browserConnectionEnabled: false, browserName: chrome, chrome: {chromedriverVersion: 2.35.528161 (5b82f2d2aae0ca..., userDataDir: C:\Users\April\AppData\Loca...}, cssSelectorsEnabled: true, databaseEnabled: false, handlesAlerts: true, hasTouchScreen: false, javascriptEnabled: true, locationContextEnabled: true, mobileEmulationEnabled: false, nativeEvents: true, networkConnectionEnabled: false, pageLoadStrategy: normal, platform: XP, platformName: XP, rotatable: false, setWindowRect: true, takesHeapSnapshot: true, takesScreenshot: true, unexpectedAlertBehaviour: , unhandledPromptBehavior: , version: 74.0.3729.169, webStorageEnabled: true}
Session ID: 5e635fbdf5750a6bfd7ebca01b5f7bac)"/>
         <system-out><![CDATA[2019-05-27 12:55:13 - [TEST_CASE][FAILED] - Test Cases/Utilities/ADMIN/Admin Logout: Test Cases/Utilities/ADMIN/Admin Logout FAILED because (of) Unable to click on object 'Object Repository/Utilities/Admin Logout/button_Logout' (Root cause: org.openqa.selenium.StaleElementReferenceException: stale element reference: element is not attached to the page document
  (Session info: chrome=74.0.3729.169)
  (Driver info: chromedriver=2.35.528161 (5b82f2d2aae0ca24b877009200ced9065a772e73),platform=Windows NT 6.1.7601 SP1 x86_64) (WARNING: The server did not provide any stacktrace information)
Command duration or timeout: 0 milliseconds
For documentation on this error, please visit: http://seleniumhq.org/exceptions/stale_element_reference.html
Build info: version: '3.7.1', revision: '8a0099a', time: '2017-11-06T21:07:36.161Z'
System info: host: 'APRIL-PC', ip: '10.10.31.66', os.name: 'Windows 7', os.arch: 'amd64', os.version: '6.1', java.version: '1.8.0_102'
Driver info: com.kms.katalon.selenium.driver.CChromeDriver
Capabilities {acceptInsecureCerts: false, acceptSslCerts: false, applicationCacheEnabled: false, browserConnectionEnabled: false, browserName: chrome, chrome: {chromedriverVersion: 2.35.528161 (5b82f2d2aae0ca..., userDataDir: C:\Users\April\AppData\Loca...}, cssSelectorsEnabled: true, databaseEnabled: false, handlesAlerts: true, hasTouchScreen: false, javascriptEnabled: true, locationContextEnabled: true, mobileEmulationEnabled: false, nativeEvents: true, networkConnectionEnabled: false, pageLoadStrategy: normal, platform: XP, platformName: XP, rotatable: false, setWindowRect: true, takesHeapSnapshot: true, takesScreenshot: true, unexpectedAlertBehaviour: , unhandledPromptBehavior: , version: 74.0.3729.169, webStorageEnabled: true}
Session ID: 5e635fbdf5750a6bfd7ebca01b5f7bac)

2019-05-27 12:55:13 - [TEST_STEP][PASSED] - waitForElementVisible: Object 'Object Repository/Utilities/Admin Logout/button_Logout' is visible

2019-05-27 12:55:13 - [MESSAGE][WARNING] - Timeout '0' is invalid. Using default page load timeout: '30'

2019-05-27 12:55:13 - [MESSAGE][PASSED] - Object 'Object Repository/Utilities/Admin Logout/button_Logout' is visible

2019-05-27 12:55:13 - [TEST_STEP][FAILED] - click: Unable to click on object 'Object Repository/Utilities/Admin Logout/button_Logout' (Root cause: org.openqa.selenium.StaleElementReferenceException: stale element reference: element is not attached to the page document
  (Session info: chrome=74.0.3729.169)
  (Driver info: chromedriver=2.35.528161 (5b82f2d2aae0ca24b877009200ced9065a772e73),platform=Windows NT 6.1.7601 SP1 x86_64) (WARNING: The server did not provide any stacktrace information)
Command duration or timeout: 0 milliseconds
For documentation on this error, please visit: http://seleniumhq.org/exceptions/stale_element_reference.html
Build info: version: '3.7.1', revision: '8a0099a', time: '2017-11-06T21:07:36.161Z'
System info: host: 'APRIL-PC', ip: '10.10.31.66', os.name: 'Windows 7', os.arch: 'amd64', os.version: '6.1', java.version: '1.8.0_102'
Driver info: com.kms.katalon.selenium.driver.CChromeDriver
Capabilities {acceptInsecureCerts: false, acceptSslCerts: false, applicationCacheEnabled: false, browserConnectionEnabled: false, browserName: chrome, chrome: {chromedriverVersion: 2.35.528161 (5b82f2d2aae0ca..., userDataDir: C:\Users\April\AppData\Loca...}, cssSelectorsEnabled: true, databaseEnabled: false, handlesAlerts: true, hasTouchScreen: false, javascriptEnabled: true, locationContextEnabled: true, mobileEmulationEnabled: false, nativeEvents: true, networkConnectionEnabled: false, pageLoadStrategy: normal, platform: XP, platformName: XP, rotatable: false, setWindowRect: true, takesHeapSnapshot: true, takesScreenshot: true, unexpectedAlertBehaviour: , unhandledPromptBehavior: , version: 74.0.3729.169, webStorageEnabled: true}
Session ID: 5e635fbdf5750a6bfd7ebca01b5f7bac)

2019-05-27 12:55:15 - [MESSAGE][FAILED] - Unable to click on object 'Object Repository/Utilities/Admin Logout/button_Logout' (Root cause: org.openqa.selenium.StaleElementReferenceException: stale element reference: element is not attached to the page document
  (Session info: chrome=74.0.3729.169)
  (Driver info: chromedriver=2.35.528161 (5b82f2d2aae0ca24b877009200ced9065a772e73),platform=Windows NT 6.1.7601 SP1 x86_64) (WARNING: The server did not provide any stacktrace information)
Command duration or timeout: 0 milliseconds
For documentation on this error, please visit: http://seleniumhq.org/exceptions/stale_element_reference.html
Build info: version: '3.7.1', revision: '8a0099a', time: '2017-11-06T21:07:36.161Z'
System info: host: 'APRIL-PC', ip: '10.10.31.66', os.name: 'Windows 7', os.arch: 'amd64', os.version: '6.1', java.version: '1.8.0_102'
Driver info: com.kms.katalon.selenium.driver.CChromeDriver
Capabilities {acceptInsecureCerts: false, acceptSslCerts: false, applicationCacheEnabled: false, browserConnectionEnabled: false, browserName: chrome, chrome: {chromedriverVersion: 2.35.528161 (5b82f2d2aae0ca..., userDataDir: C:\Users\April\AppData\Loca...}, cssSelectorsEnabled: true, databaseEnabled: false, handlesAlerts: true, hasTouchScreen: false, javascriptEnabled: true, locationContextEnabled: true, mobileEmulationEnabled: false, nativeEvents: true, networkConnectionEnabled: false, pageLoadStrategy: normal, platform: XP, platformName: XP, rotatable: false, setWindowRect: true, takesHeapSnapshot: true, takesScreenshot: true, unexpectedAlertBehaviour: , unhandledPromptBehavior: , version: 74.0.3729.169, webStorageEnabled: true}
Session ID: 5e635fbdf5750a6bfd7ebca01b5f7bac)
[[ATTACHMENT|C:\\Users\\April\\git\\Arctick\\Arctick\\Reports\\Custom Fields\\Add_Custom fields\\20190527_125320\\1558932914763.png]]]]></system-out>
         <system-err><![CDATA[2019-05-27 12:55:13 - [TEST_CASE][FAILED] - Test Cases/Utilities/ADMIN/Admin Logout: Test Cases/Utilities/ADMIN/Admin Logout FAILED because (of) Unable to click on object 'Object Repository/Utilities/Admin Logout/button_Logout' (Root cause: org.openqa.selenium.StaleElementReferenceException: stale element reference: element is not attached to the page document
  (Session info: chrome=74.0.3729.169)
  (Driver info: chromedriver=2.35.528161 (5b82f2d2aae0ca24b877009200ced9065a772e73),platform=Windows NT 6.1.7601 SP1 x86_64) (WARNING: The server did not provide any stacktrace information)
Command duration or timeout: 0 milliseconds
For documentation on this error, please visit: http://seleniumhq.org/exceptions/stale_element_reference.html
Build info: version: '3.7.1', revision: '8a0099a', time: '2017-11-06T21:07:36.161Z'
System info: host: 'APRIL-PC', ip: '10.10.31.66', os.name: 'Windows 7', os.arch: 'amd64', os.version: '6.1', java.version: '1.8.0_102'
Driver info: com.kms.katalon.selenium.driver.CChromeDriver
Capabilities {acceptInsecureCerts: false, acceptSslCerts: false, applicationCacheEnabled: false, browserConnectionEnabled: false, browserName: chrome, chrome: {chromedriverVersion: 2.35.528161 (5b82f2d2aae0ca..., userDataDir: C:\Users\April\AppData\Loca...}, cssSelectorsEnabled: true, databaseEnabled: false, handlesAlerts: true, hasTouchScreen: false, javascriptEnabled: true, locationContextEnabled: true, mobileEmulationEnabled: false, nativeEvents: true, networkConnectionEnabled: false, pageLoadStrategy: normal, platform: XP, platformName: XP, rotatable: false, setWindowRect: true, takesHeapSnapshot: true, takesScreenshot: true, unexpectedAlertBehaviour: , unhandledPromptBehavior: , version: 74.0.3729.169, webStorageEnabled: true}
Session ID: 5e635fbdf5750a6bfd7ebca01b5f7bac)]]></system-err>
      </testcase>
      <system-out><![CDATA[2019-05-27 12:53:22 - [TEST_SUITE][FAILED] - Add_Custom fields: Test Cases/Utilities/ADMIN/Admin Logout FAILED because (of) Unable to click on object 'Object Repository/Utilities/Admin Logout/button_Logout' (Root cause: org.openqa.selenium.StaleElementReferenceException: stale element reference: element is not attached to the page document
  (Session info: chrome=74.0.3729.169)
  (Driver info: chromedriver=2.35.528161 (5b82f2d2aae0ca24b877009200ced9065a772e73),platform=Windows NT 6.1.7601 SP1 x86_64) (WARNING: The server did not provide any stacktrace information)
Command duration or timeout: 0 milliseconds
For documentation on this error, please visit: http://seleniumhq.org/exceptions/stale_element_reference.html
Build info: version: '3.7.1', revision: '8a0099a', time: '2017-11-06T21:07:36.161Z'
System info: host: 'APRIL-PC', ip: '10.10.31.66', os.name: 'Windows 7', os.arch: 'amd64', os.version: '6.1', java.version: '1.8.0_102'
Driver info: com.kms.katalon.selenium.driver.CChromeDriver
Capabilities {acceptInsecureCerts: false, acceptSslCerts: false, applicationCacheEnabled: false, browserConnectionEnabled: false, browserName: chrome, chrome: {chromedriverVersion: 2.35.528161 (5b82f2d2aae0ca..., userDataDir: C:\Users\April\AppData\Loca...}, cssSelectorsEnabled: true, databaseEnabled: false, handlesAlerts: true, hasTouchScreen: false, javascriptEnabled: true, locationContextEnabled: true, mobileEmulationEnabled: false, nativeEvents: true, networkConnectionEnabled: false, pageLoadStrategy: normal, platform: XP, platformName: XP, rotatable: false, setWindowRect: true, takesHeapSnapshot: true, takesScreenshot: true, unexpectedAlertBehaviour: , unhandledPromptBehavior: , version: 74.0.3729.169, webStorageEnabled: true}
Session ID: 5e635fbdf5750a6bfd7ebca01b5f7bac)]]></system-out>
      <system-err><![CDATA[2019-05-27 12:53:22 - [TEST_SUITE][FAILED] - Add_Custom fields: Test Cases/Utilities/ADMIN/Admin Logout FAILED because (of) Unable to click on object 'Object Repository/Utilities/Admin Logout/button_Logout' (Root cause: org.openqa.selenium.StaleElementReferenceException: stale element reference: element is not attached to the page document
  (Session info: chrome=74.0.3729.169)
  (Driver info: chromedriver=2.35.528161 (5b82f2d2aae0ca24b877009200ced9065a772e73),platform=Windows NT 6.1.7601 SP1 x86_64) (WARNING: The server did not provide any stacktrace information)
Command duration or timeout: 0 milliseconds
For documentation on this error, please visit: http://seleniumhq.org/exceptions/stale_element_reference.html
Build info: version: '3.7.1', revision: '8a0099a', time: '2017-11-06T21:07:36.161Z'
System info: host: 'APRIL-PC', ip: '10.10.31.66', os.name: 'Windows 7', os.arch: 'amd64', os.version: '6.1', java.version: '1.8.0_102'
Driver info: com.kms.katalon.selenium.driver.CChromeDriver
Capabilities {acceptInsecureCerts: false, acceptSslCerts: false, applicationCacheEnabled: false, browserConnectionEnabled: false, browserName: chrome, chrome: {chromedriverVersion: 2.35.528161 (5b82f2d2aae0ca..., userDataDir: C:\Users\April\AppData\Loca...}, cssSelectorsEnabled: true, databaseEnabled: false, handlesAlerts: true, hasTouchScreen: false, javascriptEnabled: true, locationContextEnabled: true, mobileEmulationEnabled: false, nativeEvents: true, networkConnectionEnabled: false, pageLoadStrategy: normal, platform: XP, platformName: XP, rotatable: false, setWindowRect: true, takesHeapSnapshot: true, takesScreenshot: true, unexpectedAlertBehaviour: , unhandledPromptBehavior: , version: 74.0.3729.169, webStorageEnabled: true}
Session ID: 5e635fbdf5750a6bfd7ebca01b5f7bac)]]></system-err>
   </testsuite>
</testsuites>
