<?xml version="1.0" encoding="UTF-8"?>
<testsuites name="Admin Onboarding Data Driven" time="114.211" tests="2" failures="0" errors="0">
   <testsuite name="Admin Onboarding Data Driven" tests="2" failures="0" errors="0" time="114.211" timestamp="2020-02-13 13:27:46" hostname="Arcadier - Arcadier-PC" id="Test Suites/Admin/Admin Onboarding Data Driven">
      <properties>
         <property name="deviceName" value=""/>
         <property name="devicePlatform" value=""/>
         <property name="logFolder" value="C:\\Katalon\\Arctick\\Reports\\20200213_132744\\Admin\\Admin Onboarding Data Driven\\20200213_132744"/>
         <property name="logFiles" value="C:\\Katalon\\Arctick\\Reports\\20200213_132744\\Admin\\Admin Onboarding Data Driven\\20200213_132744\\execution0.log"/>
         <property name="attachments" value=""/>
         <property name="hostName" value="Arcadier - Arcadier-PC"/>
         <property name="os" value="Windows 7 64bit"/>
         <property name="katalonVersion" value="7.2.1.1"/>
         <property name="browser" value="Chrome 80.0.3987.87"/>
         <property name="hostAddress" value="10.10.39.148"/>
         <property name="sessionId" value="677d132aa47b115c68cc523c8c961506"/>
         <property name="seleniumVersion" value="3.141.59"/>
         <property name="proxyInformation" value="ProxyInformation{proxyOption=NO_PROXY, proxyServerType=HTTP, password=, proxyServerAddress=, proxyServerPort=0, executionList=}"/>
         <property name="platform" value="Windows 7"/>
      </properties>
      <testcase name="Test Cases/ADMIN/Onboarding/Complete Onboarding" time="60.691" classname="Test Cases/ADMIN/Onboarding/Complete Onboarding" status="PASSED">
         <system-out><![CDATA[2020-02-13 13:27:47 - [TEST_CASE][PASSED] - Test Cases/ADMIN/Onboarding/Complete Onboarding: Test Cases/ADMIN/Onboarding/Complete Onboarding

2020-02-13 13:27:49 - [TEST_STEP][PASSED] - comment("Create Account"): Create Account

2020-02-13 13:27:49 - [MESSAGE][INFO] - Create Account

2020-02-13 13:27:49 - [TEST_STEP][PASSED] - openBrowser(""): Browser is opened with url: ''

2020-02-13 13:27:50 - [MESSAGE][PASSED] - Browser is opened with url: ''

2020-02-13 13:27:50 - [TEST_STEP][PASSED] - if (varServer == "Test"): null

2020-02-13 13:27:50 - [TEST_STEP][PASSED] - else if (varServer == "Staging"): Navigate to 'https://www.staging.arcadier.io' successfully

2020-02-13 13:27:50 - [TEST_STEP][PASSED] - navigateToUrl("https://www.staging.arcadier.io"): Navigate to 'https://www.staging.arcadier.io' successfully

2020-02-13 13:27:54 - [MESSAGE][PASSED] - Navigate to 'https://www.staging.arcadier.io' successfully

2020-02-13 13:27:54 - [TEST_STEP][PASSED] - maximizeWindow(): Current window maximized

2020-02-13 13:27:54 - [MESSAGE][PASSED] - Current window maximized

2020-02-13 13:27:54 - [TEST_STEP][PASSED] - if (varAccountType == "custom"): Object: 'Object Repository/ADMIN/Admin Onboarding Page/Admin Onboarding CustomAcc/Button_Sign_Up' is clicked on

2020-02-13 13:27:54 - [TEST_STEP][PASSED] - click(findTestObject("ADMIN/Admin Onboarding Page/Create_Account_Page/Button_Create_Account")): Object: 'Object Repository/ADMIN/Admin Onboarding Page/Create_Account_Page/Button_Create_Account' is clicked on

2020-02-13 13:27:56 - [MESSAGE][PASSED] - Object: 'Object Repository/ADMIN/Admin Onboarding Page/Create_Account_Page/Button_Create_Account' is clicked on

2020-02-13 13:27:56 - [TEST_STEP][PASSED] - verifyElementPresent(findTestObject("ADMIN/Admin Onboarding Page/Admin Onboarding CustomAcc/Textbox_Username"), 0): Object 'Object Repository/ADMIN/Admin Onboarding Page/Admin Onboarding CustomAcc/Textbox_Username' is present

2020-02-13 13:27:56 - [MESSAGE][WARNING] - Timeout '0' is invalid. Using default page load timeout: '30'

2020-02-13 13:27:56 - [MESSAGE][PASSED] - Object 'Object Repository/ADMIN/Admin Onboarding Page/Admin Onboarding CustomAcc/Textbox_Username' is present

2020-02-13 13:27:56 - [TEST_STEP][PASSED] - setText(findTestObject("ADMIN/Admin Onboarding Page/Admin Onboarding CustomAcc/Textbox_Username"), varUsername): Text '0213BP1' is set on object 'Object Repository/ADMIN/Admin Onboarding Page/Admin Onboarding CustomAcc/Textbox_Username'

2020-02-13 13:27:56 - [MESSAGE][PASSED] - Text '0213BP1' is set on object 'Object Repository/ADMIN/Admin Onboarding Page/Admin Onboarding CustomAcc/Textbox_Username'

2020-02-13 13:27:56 - [TEST_STEP][PASSED] - setText(findTestObject("ADMIN/Admin Onboarding Page/Admin Onboarding CustomAcc/Textbox_Password"), "welcome8"): Text 'welcome8' is set on object 'Object Repository/ADMIN/Admin Onboarding Page/Admin Onboarding CustomAcc/Textbox_Password'

2020-02-13 13:27:57 - [MESSAGE][PASSED] - Text 'welcome8' is set on object 'Object Repository/ADMIN/Admin Onboarding Page/Admin Onboarding CustomAcc/Textbox_Password'

2020-02-13 13:27:57 - [TEST_STEP][PASSED] - setText(findTestObject("ADMIN/Admin Onboarding Page/Admin Onboarding CustomAcc/Textbox_Reconfirm_Password"), "welcome8"): Text 'welcome8' is set on object 'Object Repository/ADMIN/Admin Onboarding Page/Admin Onboarding CustomAcc/Textbox_Reconfirm_Password'

2020-02-13 13:27:57 - [MESSAGE][PASSED] - Text 'welcome8' is set on object 'Object Repository/ADMIN/Admin Onboarding Page/Admin Onboarding CustomAcc/Textbox_Reconfirm_Password'

2020-02-13 13:27:57 - [TEST_STEP][PASSED] - click(findTestObject("ADMIN/Admin Onboarding Page/Admin Onboarding CustomAcc/Button_Sign_Up")): Object: 'Object Repository/ADMIN/Admin Onboarding Page/Admin Onboarding CustomAcc/Button_Sign_Up' is clicked on

2020-02-13 13:28:01 - [MESSAGE][PASSED] - Object: 'Object Repository/ADMIN/Admin Onboarding Page/Admin Onboarding CustomAcc/Button_Sign_Up' is clicked on

2020-02-13 13:28:01 - [TEST_STEP][PASSED] - comment("Step 1"): Step 1

2020-02-13 13:28:01 - [MESSAGE][INFO] - Step 1

2020-02-13 13:28:01 - [TEST_STEP][PASSED] - selectOptionByLabel(findTestObject("ADMIN/Admin Onboarding Page/Admin_Onboarding_Step1/1stDropdown_Please select one...Im"), "I’m managing them offline", false): All options with label 'I’m managing them offline' are selected in object 'Object Repository/ADMIN/Admin Onboarding Page/Admin_Onboarding_Step1/1stDropdown_Please select one...Im' 

2020-02-13 13:28:03 - [MESSAGE][PASSED] - All options with label 'I’m managing them offline' are selected in object 'Object Repository/ADMIN/Admin Onboarding Page/Admin_Onboarding_Step1/1stDropdown_Please select one...Im' 

2020-02-13 13:28:03 - [TEST_STEP][PASSED] - selectOptionByLabel(findTestObject("ADMIN/Admin Onboarding Page/Admin_Onboarding_Step1/2ndDropdown_Please select one...Don"), "Something else!", false): All options with label 'Something else!' are selected in object 'Object Repository/ADMIN/Admin Onboarding Page/Admin_Onboarding_Step1/2ndDropdown_Please select one...Don' 

2020-02-13 13:28:04 - [MESSAGE][PASSED] - All options with label 'Something else!' are selected in object 'Object Repository/ADMIN/Admin Onboarding Page/Admin_Onboarding_Step1/2ndDropdown_Please select one...Don' 

2020-02-13 13:28:04 - [TEST_STEP][PASSED] - setText(findTestObject("ADMIN/Admin Onboarding Page/Admin_Onboarding_Step1/2nddropdown_textbox_OtherMarketplaceType"), "Marketplace"): Text 'Marketplace' is set on object 'Object Repository/ADMIN/Admin Onboarding Page/Admin_Onboarding_Step1/2nddropdown_textbox_OtherMarketplaceType'

2020-02-13 13:28:04 - [MESSAGE][PASSED] - Text 'Marketplace' is set on object 'Object Repository/ADMIN/Admin Onboarding Page/Admin_Onboarding_Step1/2nddropdown_textbox_OtherMarketplaceType'

2020-02-13 13:28:04 - [TEST_STEP][PASSED] - selectOptionByLabel(findTestObject("ADMIN/Admin Onboarding Page/Admin_Onboarding_Step1/3rdDropdown_Im an individualIm work"), "Someone else!", false): All options with label 'Someone else!' are selected in object 'Object Repository/ADMIN/Admin Onboarding Page/Admin_Onboarding_Step1/3rdDropdown_Im an individualIm work' 

2020-02-13 13:28:05 - [MESSAGE][PASSED] - All options with label 'Someone else!' are selected in object 'Object Repository/ADMIN/Admin Onboarding Page/Admin_Onboarding_Step1/3rdDropdown_Im an individualIm work' 

2020-02-13 13:28:05 - [TEST_STEP][PASSED] - setText(findTestObject("ADMIN/Admin Onboarding Page/Admin_Onboarding_Step1/3rddropdown_textbox_OtherEntityType"), "Business Man"): Text 'Business Man' is set on object 'Object Repository/ADMIN/Admin Onboarding Page/Admin_Onboarding_Step1/3rddropdown_textbox_OtherEntityType'

2020-02-13 13:28:05 - [MESSAGE][PASSED] - Text 'Business Man' is set on object 'Object Repository/ADMIN/Admin Onboarding Page/Admin_Onboarding_Step1/3rddropdown_textbox_OtherEntityType'

2020-02-13 13:28:05 - [TEST_STEP][PASSED] - setText(findTestObject("ADMIN/Admin Onboarding Page/Admin_Onboarding_Step1/3rddropdown_textbox_OtherEntityType"), "Business Man"): Text 'Business Man' is set on object 'Object Repository/ADMIN/Admin Onboarding Page/Admin_Onboarding_Step1/3rddropdown_textbox_OtherEntityType'

2020-02-13 13:28:06 - [MESSAGE][PASSED] - Text 'Business Man' is set on object 'Object Repository/ADMIN/Admin Onboarding Page/Admin_Onboarding_Step1/3rddropdown_textbox_OtherEntityType'

2020-02-13 13:28:06 - [TEST_STEP][PASSED] - click(findTestObject("ADMIN/Admin Onboarding Page/Admin_Onboarding_Step1/Button_NEXT_Step1")): Object: 'Object Repository/ADMIN/Admin Onboarding Page/Admin_Onboarding_Step1/Button_NEXT_Step1' is clicked on

2020-02-13 13:28:08 - [MESSAGE][PASSED] - Object: 'Object Repository/ADMIN/Admin Onboarding Page/Admin_Onboarding_Step1/Button_NEXT_Step1' is clicked on

2020-02-13 13:28:08 - [TEST_STEP][PASSED] - comment("Step 2"): Step 2

2020-02-13 13:28:08 - [MESSAGE][INFO] - Step 2

2020-02-13 13:28:08 - [TEST_STEP][PASSED] - waitForElementVisible(findTestObject("ADMIN/Admin Onboarding Page/Admin_Onboarding_Step2/Textlabel_We will like to know mor"), 0): Object 'Object Repository/ADMIN/Admin Onboarding Page/Admin_Onboarding_Step2/Textlabel_We will like to know mor' is visible

2020-02-13 13:28:08 - [MESSAGE][WARNING] - Timeout '0' is invalid. Using default page load timeout: '30'

2020-02-13 13:28:09 - [MESSAGE][PASSED] - Object 'Object Repository/ADMIN/Admin Onboarding Page/Admin_Onboarding_Step2/Textlabel_We will like to know mor' is visible

2020-02-13 13:28:09 - [TEST_STEP][PASSED] - setText(findTestObject("ADMIN/Admin Onboarding Page/Admin_Onboarding_Step2/Textbox_FirstName"), varFName): Text '0213BP1' is set on object 'Object Repository/ADMIN/Admin Onboarding Page/Admin_Onboarding_Step2/Textbox_FirstName'

2020-02-13 13:28:09 - [MESSAGE][PASSED] - Text '0213BP1' is set on object 'Object Repository/ADMIN/Admin Onboarding Page/Admin_Onboarding_Step2/Textbox_FirstName'

2020-02-13 13:28:09 - [TEST_STEP][PASSED] - setText(findTestObject("ADMIN/Admin Onboarding Page/Admin_Onboarding_Step2/Textbox_LastName"), varLName): Text 'Marketplace' is set on object 'Object Repository/ADMIN/Admin Onboarding Page/Admin_Onboarding_Step2/Textbox_LastName'

2020-02-13 13:28:09 - [MESSAGE][PASSED] - Text 'Marketplace' is set on object 'Object Repository/ADMIN/Admin Onboarding Page/Admin_Onboarding_Step2/Textbox_LastName'

2020-02-13 13:28:09 - [TEST_STEP][PASSED] - setText(findTestObject("ADMIN/Admin Onboarding Page/Admin_Onboarding_Step2/Textbox_Email"), varEmail): Text 'arcadierteam@gmail.com' is set on object 'Object Repository/ADMIN/Admin Onboarding Page/Admin_Onboarding_Step2/Textbox_Email'

2020-02-13 13:28:10 - [MESSAGE][PASSED] - Text 'arcadierteam@gmail.com' is set on object 'Object Repository/ADMIN/Admin Onboarding Page/Admin_Onboarding_Step2/Textbox_Email'

2020-02-13 13:28:10 - [TEST_STEP][PASSED] - delay(1): Delayed 1 second(s)

2020-02-13 13:28:11 - [MESSAGE][PASSED] - Delayed 1 second(s)

2020-02-13 13:28:11 - [TEST_STEP][PASSED] - selectOptionByLabel(findTestObject("ADMIN/Admin Onboarding Page/Admin_Onboarding_Step2/Country_Dropdown"), varCountry, false): All options with label 'Italy' are selected in object 'Object Repository/ADMIN/Admin Onboarding Page/Admin_Onboarding_Step2/Country_Dropdown' 

2020-02-13 13:28:12 - [MESSAGE][PASSED] - All options with label 'Italy' are selected in object 'Object Repository/ADMIN/Admin Onboarding Page/Admin_Onboarding_Step2/Country_Dropdown' 

2020-02-13 13:28:12 - [TEST_STEP][PASSED] - setText(findTestObject("ADMIN/Admin Onboarding Page/Admin_Onboarding_Step2/Address_Line1"), varAddress1): Text 'Strada Statale 130' is set on object 'Object Repository/ADMIN/Admin Onboarding Page/Admin_Onboarding_Step2/Address_Line1'

2020-02-13 13:28:12 - [MESSAGE][PASSED] - Text 'Strada Statale 130' is set on object 'Object Repository/ADMIN/Admin Onboarding Page/Admin_Onboarding_Step2/Address_Line1'

2020-02-13 13:28:12 - [TEST_STEP][PASSED] - setText(findTestObject("ADMIN/Admin Onboarding Page/Admin_Onboarding_Step2/Address_Line2"), varAddress2): Text 'Dorzano, Biella 13881' is set on object 'Object Repository/ADMIN/Admin Onboarding Page/Admin_Onboarding_Step2/Address_Line2'

2020-02-13 13:28:13 - [MESSAGE][PASSED] - Text 'Dorzano, Biella 13881' is set on object 'Object Repository/ADMIN/Admin Onboarding Page/Admin_Onboarding_Step2/Address_Line2'

2020-02-13 13:28:13 - [TEST_STEP][PASSED] - setText(findTestObject("ADMIN/Admin Onboarding Page/Admin_Onboarding_Step2/Textbox_PhoneNumber"), varContactNumber): Text '+631234567890' is set on object 'Object Repository/ADMIN/Admin Onboarding Page/Admin_Onboarding_Step2/Textbox_PhoneNumber'

2020-02-13 13:28:14 - [MESSAGE][PASSED] - Text '+631234567890' is set on object 'Object Repository/ADMIN/Admin Onboarding Page/Admin_Onboarding_Step2/Textbox_PhoneNumber'

2020-02-13 13:28:14 - [TEST_STEP][PASSED] - click(findTestObject("ADMIN/Admin Onboarding Page/Admin_Onboarding_Step2/Button_Next_Step2"), CONTINUE_ON_FAILURE): Object: 'Object Repository/ADMIN/Admin Onboarding Page/Admin_Onboarding_Step2/Button_Next_Step2' is clicked on

2020-02-13 13:28:16 - [MESSAGE][PASSED] - Object: 'Object Repository/ADMIN/Admin Onboarding Page/Admin_Onboarding_Step2/Button_Next_Step2' is clicked on

2020-02-13 13:28:16 - [TEST_STEP][PASSED] - comment("Step 3"): Step 3

2020-02-13 13:28:16 - [MESSAGE][INFO] - Step 3

2020-02-13 13:28:16 - [TEST_STEP][PASSED] - waitForElementVisible(findTestObject("ADMIN/Admin Onboarding Page/Admin_Onboarding_Step3/TextLabel_What type of marketplace"), 0): Object 'Object Repository/ADMIN/Admin Onboarding Page/Admin_Onboarding_Step3/TextLabel_What type of marketplace' is visible

2020-02-13 13:28:16 - [MESSAGE][WARNING] - Timeout '0' is invalid. Using default page load timeout: '30'

2020-02-13 13:28:17 - [MESSAGE][PASSED] - Object 'Object Repository/ADMIN/Admin Onboarding Page/Admin_Onboarding_Step3/TextLabel_What type of marketplace' is visible

2020-02-13 13:28:17 - [TEST_STEP][PASSED] - delay(1): Delayed 1 second(s)

2020-02-13 13:28:18 - [MESSAGE][PASSED] - Delayed 1 second(s)

2020-02-13 13:28:18 - [TEST_STEP][PASSED] - if (varTemplate == "Bespoke"): Object: 'Object Repository/ADMIN/Admin Onboarding Page/Admin_Onboarding_Step3/Button_Retail_Goods_Select' is clicked on

2020-02-13 13:28:18 - [TEST_STEP][PASSED] - mouseOver(findTestObject("ADMIN/Admin Onboarding Page/Admin_Onboarding_Step3/Textlabel_Retail Goods")): Object: 'Object Repository/ADMIN/Admin Onboarding Page/Admin_Onboarding_Step3/Textlabel_Retail Goods' is hovered

2020-02-13 13:28:18 - [MESSAGE][PASSED] - Object: 'Object Repository/ADMIN/Admin Onboarding Page/Admin_Onboarding_Step3/Textlabel_Retail Goods' is hovered

2020-02-13 13:28:18 - [TEST_STEP][PASSED] - delay(1): Delayed 1 second(s)

2020-02-13 13:28:19 - [MESSAGE][PASSED] - Delayed 1 second(s)

2020-02-13 13:28:19 - [TEST_STEP][PASSED] - click(findTestObject("ADMIN/Admin Onboarding Page/Admin_Onboarding_Step3/Button_Retail_Goods_Select")): Object: 'Object Repository/ADMIN/Admin Onboarding Page/Admin_Onboarding_Step3/Button_Retail_Goods_Select' is clicked on

2020-02-13 13:28:21 - [MESSAGE][PASSED] - Object: 'Object Repository/ADMIN/Admin Onboarding Page/Admin_Onboarding_Step3/Button_Retail_Goods_Select' is clicked on

2020-02-13 13:28:21 - [TEST_STEP][PASSED] - comment("Step 4"): Step 4

2020-02-13 13:28:21 - [MESSAGE][INFO] - Step 4

2020-02-13 13:28:21 - [TEST_STEP][PASSED] - uploadFile(findTestObject("ADMIN/Admin Onboarding Page/Admin_Onboarding_Step4/Button_Browse_Step4"), varLogo): File 'C:\\Users\\Arcadier\\git\\Arctick\\Images\\LogoLayout\\logo2.jpg' sent to object: 'Object Repository/ADMIN/Admin Onboarding Page/Admin_Onboarding_Step4/Button_Browse_Step4'

2020-02-13 13:28:22 - [MESSAGE][PASSED] - File 'C:\\Users\\Arcadier\\git\\Arctick\\Images\\LogoLayout\\logo2.jpg' sent to object: 'Object Repository/ADMIN/Admin Onboarding Page/Admin_Onboarding_Step4/Button_Browse_Step4'

2020-02-13 13:28:22 - [TEST_STEP][PASSED] - setText(findTestObject("ADMIN/Admin Onboarding Page/Admin_Onboarding_Step4/Textbox_Marketplace_Name"), varUsername): Text '0213BP1' is set on object 'Object Repository/ADMIN/Admin Onboarding Page/Admin_Onboarding_Step4/Textbox_Marketplace_Name'

2020-02-13 13:28:22 - [MESSAGE][PASSED] - Text '0213BP1' is set on object 'Object Repository/ADMIN/Admin Onboarding Page/Admin_Onboarding_Step4/Textbox_Marketplace_Name'

2020-02-13 13:28:22 - [TEST_STEP][PASSED] - setText(findTestObject("ADMIN/Admin Onboarding Page/Admin_Onboarding_Step4/Textbox_Slogan"), varTheme): Text 'Theme 2' is set on object 'Object Repository/ADMIN/Admin Onboarding Page/Admin_Onboarding_Step4/Textbox_Slogan'

2020-02-13 13:28:23 - [MESSAGE][PASSED] - Text 'Theme 2' is set on object 'Object Repository/ADMIN/Admin Onboarding Page/Admin_Onboarding_Step4/Textbox_Slogan'

2020-02-13 13:28:23 - [TEST_STEP][PASSED] - setText(findTestObject("ADMIN/Admin Onboarding Page/Admin_Onboarding_Step4/Textbox_ContactNumber"), varContactNumber): Text '+631234567890' is set on object 'Object Repository/ADMIN/Admin Onboarding Page/Admin_Onboarding_Step4/Textbox_ContactNumber'

2020-02-13 13:28:23 - [MESSAGE][PASSED] - Text '+631234567890' is set on object 'Object Repository/ADMIN/Admin Onboarding Page/Admin_Onboarding_Step4/Textbox_ContactNumber'

2020-02-13 13:28:23 - [TEST_STEP][PASSED] - setText(findTestObject("ADMIN/Admin Onboarding Page/Admin_Onboarding_Step4/Textbox_ContactEmail"), varEmail): Text 'arcadierteam@gmail.com' is set on object 'Object Repository/ADMIN/Admin Onboarding Page/Admin_Onboarding_Step4/Textbox_ContactEmail'

2020-02-13 13:28:24 - [MESSAGE][PASSED] - Text 'arcadierteam@gmail.com' is set on object 'Object Repository/ADMIN/Admin Onboarding Page/Admin_Onboarding_Step4/Textbox_ContactEmail'

2020-02-13 13:28:24 - [TEST_STEP][PASSED] - click(findTestObject("ADMIN/Admin Onboarding Page/Admin_Onboarding_Step4/Button_Next_Step4"), CONTINUE_ON_FAILURE): Object: 'Object Repository/ADMIN/Admin Onboarding Page/Admin_Onboarding_Step4/Button_Next_Step4' is clicked on

2020-02-13 13:28:24 - [MESSAGE][PASSED] - Object: 'Object Repository/ADMIN/Admin Onboarding Page/Admin_Onboarding_Step4/Button_Next_Step4' is clicked on

2020-02-13 13:28:24 - [TEST_STEP][PASSED] - comment("Step 5"): Step 5

2020-02-13 13:28:24 - [MESSAGE][INFO] - Step 5

2020-02-13 13:28:24 - [TEST_STEP][PASSED] - waitForElementVisible(findTestObject("ADMIN/Admin Onboarding Page/Admin_Onboarding_Step5/h1_5. Preview  pick out a mark"), 0): Object 'Object Repository/ADMIN/Admin Onboarding Page/Admin_Onboarding_Step5/h1_5. Preview  pick out a mark' is visible

2020-02-13 13:28:24 - [MESSAGE][WARNING] - Timeout '0' is invalid. Using default page load timeout: '30'

2020-02-13 13:28:27 - [MESSAGE][PASSED] - Object 'Object Repository/ADMIN/Admin Onboarding Page/Admin_Onboarding_Step5/h1_5. Preview  pick out a mark' is visible

2020-02-13 13:28:27 - [TEST_STEP][PASSED] - if (varTemplate == "Bespoke"): Object: 'Object Repository/ADMIN/Admin Onboarding Page/Admin_Onboarding_Step5/Bespoke_Theme_Selection/Theme2_select' is clicked on

2020-02-13 13:28:27 - [TEST_STEP][PASSED] - if (varTheme == "Theme 1"): null

2020-02-13 13:28:27 - [TEST_STEP][PASSED] - else if (varTheme == "Theme 2"): Object: 'Object Repository/ADMIN/Admin Onboarding Page/Admin_Onboarding_Step5/Bespoke_Theme_Selection/Theme2_select' is clicked on

2020-02-13 13:28:27 - [TEST_STEP][PASSED] - click(findTestObject("ADMIN/Admin Onboarding Page/Admin_Onboarding_Step5/Bespoke_Theme_Selection/Theme2_select")): Object: 'Object Repository/ADMIN/Admin Onboarding Page/Admin_Onboarding_Step5/Bespoke_Theme_Selection/Theme2_select' is clicked on

2020-02-13 13:28:27 - [MESSAGE][PASSED] - Object: 'Object Repository/ADMIN/Admin Onboarding Page/Admin_Onboarding_Step5/Bespoke_Theme_Selection/Theme2_select' is clicked on

2020-02-13 13:28:27 - [TEST_STEP][PASSED] - click(findTestObject("ADMIN/Admin Onboarding Page/Admin_Onboarding_Step5/Button_Next_Step5")): Object: 'Object Repository/ADMIN/Admin Onboarding Page/Admin_Onboarding_Step5/Button_Next_Step5' is clicked on

2020-02-13 13:28:30 - [MESSAGE][PASSED] - Object: 'Object Repository/ADMIN/Admin Onboarding Page/Admin_Onboarding_Step5/Button_Next_Step5' is clicked on

2020-02-13 13:28:30 - [TEST_STEP][PASSED] - comment("Step 6"): Step 6

2020-02-13 13:28:30 - [MESSAGE][INFO] - Step 6

2020-02-13 13:28:30 - [TEST_STEP][PASSED] - waitForElementVisible(findTestObject("ADMIN/Admin Onboarding Page/Admin_Onboarding_Step6/Textlabel_Select your marketplace"), 0): Object 'Object Repository/ADMIN/Admin Onboarding Page/Admin_Onboarding_Step6/Textlabel_Select your marketplace' is visible

2020-02-13 13:28:30 - [MESSAGE][WARNING] - Timeout '0' is invalid. Using default page load timeout: '30'

2020-02-13 13:28:30 - [MESSAGE][PASSED] - Object 'Object Repository/ADMIN/Admin Onboarding Page/Admin_Onboarding_Step6/Textlabel_Select your marketplace' is visible

2020-02-13 13:28:30 - [TEST_STEP][PASSED] - click(findTestObject("ADMIN/Admin Onboarding Page/Admin_Onboarding_Step6/Button_Browse_Step6"), CONTINUE_ON_FAILURE): Object: 'Object Repository/ADMIN/Admin Onboarding Page/Admin_Onboarding_Step6/Button_Browse_Step6' is clicked on

2020-02-13 13:28:30 - [MESSAGE][PASSED] - Object: 'Object Repository/ADMIN/Admin Onboarding Page/Admin_Onboarding_Step6/Button_Browse_Step6' is clicked on

2020-02-13 13:28:30 - [TEST_STEP][PASSED] - delay(2): Delayed 2 second(s)

2020-02-13 13:28:32 - [MESSAGE][PASSED] - Delayed 2 second(s)

2020-02-13 13:28:32 - [TEST_STEP][PASSED] - uploadFile(findTestObject("ADMIN/Admin Onboarding Page/Admin_Onboarding_Step6/Image_Container"), varCoverImage): File 'C:\\Users\\Arcadier\\git\\Arctick\\Images\\LogoLayout\\coverimage3.jpg' sent to object: 'Object Repository/ADMIN/Admin Onboarding Page/Admin_Onboarding_Step6/Image_Container'

2020-02-13 13:28:33 - [MESSAGE][PASSED] - File 'C:\\Users\\Arcadier\\git\\Arctick\\Images\\LogoLayout\\coverimage3.jpg' sent to object: 'Object Repository/ADMIN/Admin Onboarding Page/Admin_Onboarding_Step6/Image_Container'

2020-02-13 13:28:33 - [TEST_STEP][PASSED] - waitForElementVisible(findTestObject("ADMIN/Admin Onboarding Page/Admin_Onboarding_Step6/Image Cropper/div_btn btn-success btn-ok"), 0): Object 'Object Repository/ADMIN/Admin Onboarding Page/Admin_Onboarding_Step6/Image Cropper/div_btn btn-success btn-ok' is visible

2020-02-13 13:28:33 - [MESSAGE][WARNING] - Timeout '0' is invalid. Using default page load timeout: '30'

2020-02-13 13:28:33 - [MESSAGE][PASSED] - Object 'Object Repository/ADMIN/Admin Onboarding Page/Admin_Onboarding_Step6/Image Cropper/div_btn btn-success btn-ok' is visible

2020-02-13 13:28:33 - [TEST_STEP][PASSED] - click(findTestObject("ADMIN/Admin Onboarding Page/Admin_Onboarding_Step6/Image Cropper/div_btn btn-success btn-ok"), CONTINUE_ON_FAILURE): Object: 'Object Repository/ADMIN/Admin Onboarding Page/Admin_Onboarding_Step6/Image Cropper/div_btn btn-success btn-ok' is clicked on

2020-02-13 13:28:34 - [MESSAGE][PASSED] - Object: 'Object Repository/ADMIN/Admin Onboarding Page/Admin_Onboarding_Step6/Image Cropper/div_btn btn-success btn-ok' is clicked on

2020-02-13 13:28:34 - [TEST_STEP][PASSED] - waitForElementVisible(findTestObject("ADMIN/Admin Onboarding Page/Admin_Onboarding_Step6/Image Cropper/a_Save Photo"), 0): Object 'Object Repository/ADMIN/Admin Onboarding Page/Admin_Onboarding_Step6/Image Cropper/a_Save Photo' is visible

2020-02-13 13:28:34 - [MESSAGE][WARNING] - Timeout '0' is invalid. Using default page load timeout: '30'

2020-02-13 13:28:34 - [MESSAGE][PASSED] - Object 'Object Repository/ADMIN/Admin Onboarding Page/Admin_Onboarding_Step6/Image Cropper/a_Save Photo' is visible

2020-02-13 13:28:34 - [TEST_STEP][PASSED] - click(findTestObject("ADMIN/Admin Onboarding Page/Admin_Onboarding_Step6/Image Cropper/a_Save Photo"), CONTINUE_ON_FAILURE): Object: 'Object Repository/ADMIN/Admin Onboarding Page/Admin_Onboarding_Step6/Image Cropper/a_Save Photo' is clicked on

2020-02-13 13:28:35 - [MESSAGE][PASSED] - Object: 'Object Repository/ADMIN/Admin Onboarding Page/Admin_Onboarding_Step6/Image Cropper/a_Save Photo' is clicked on

2020-02-13 13:28:35 - [TEST_STEP][PASSED] - delay(1): Delayed 1 second(s)

2020-02-13 13:28:36 - [MESSAGE][PASSED] - Delayed 1 second(s)

2020-02-13 13:28:36 - [TEST_STEP][PASSED] - click(findTestObject("ADMIN/Admin Onboarding Page/Admin_Onboarding_Step6/Button_Next_Step6"), CONTINUE_ON_FAILURE): Object: 'Object Repository/ADMIN/Admin Onboarding Page/Admin_Onboarding_Step6/Button_Next_Step6' is clicked on

2020-02-13 13:28:36 - [MESSAGE][PASSED] - Object: 'Object Repository/ADMIN/Admin Onboarding Page/Admin_Onboarding_Step6/Button_Next_Step6' is clicked on

2020-02-13 13:28:36 - [TEST_STEP][PASSED] - comment("Step 7 (editable variables)"): Step 7 (editable variables)

2020-02-13 13:28:36 - [MESSAGE][INFO] - Step 7 (editable variables)

2020-02-13 13:28:36 - [TEST_STEP][PASSED] - waitForElementVisible(findTestObject("ADMIN/Admin Onboarding Page/Admin_Onboarding_Step7/Textlabel_7. Now how would you like t"), 0): Object 'Object Repository/ADMIN/Admin Onboarding Page/Admin_Onboarding_Step7/Textlabel_7. Now how would you like t' is visible

2020-02-13 13:28:36 - [MESSAGE][WARNING] - Timeout '0' is invalid. Using default page load timeout: '30'

2020-02-13 13:28:39 - [MESSAGE][PASSED] - Object 'Object Repository/ADMIN/Admin Onboarding Page/Admin_Onboarding_Step7/Textlabel_7. Now how would you like t' is visible

2020-02-13 13:28:39 - [TEST_STEP][PASSED] - selectOptionByLabel(findTestObject("ADMIN/Admin Onboarding Page/Admin_Onboarding_Step7/Dropdown_Currency"), varCurrency, false): All options with label 'USD' are selected in object 'Object Repository/ADMIN/Admin Onboarding Page/Admin_Onboarding_Step7/Dropdown_Currency' 

2020-02-13 13:28:39 - [MESSAGE][PASSED] - All options with label 'USD' are selected in object 'Object Repository/ADMIN/Admin Onboarding Page/Admin_Onboarding_Step7/Dropdown_Currency' 

2020-02-13 13:28:39 - [TEST_STEP][PASSED] - setText(findTestObject("ADMIN/Admin Onboarding Page/Admin_Onboarding_Step7/Textbox_TransactionFee"), varAdminFee): Text '100' is set on object 'Object Repository/ADMIN/Admin Onboarding Page/Admin_Onboarding_Step7/Textbox_TransactionFee'

2020-02-13 13:28:40 - [MESSAGE][PASSED] - Text '100' is set on object 'Object Repository/ADMIN/Admin Onboarding Page/Admin_Onboarding_Step7/Textbox_TransactionFee'

2020-02-13 13:28:40 - [TEST_STEP][PASSED] - click(findTestObject("ADMIN/Admin Onboarding Page/Admin_Onboarding_Step7/Button_Next_Step7"), CONTINUE_ON_FAILURE): Object: 'Object Repository/ADMIN/Admin Onboarding Page/Admin_Onboarding_Step7/Button_Next_Step7' is clicked on

2020-02-13 13:28:41 - [MESSAGE][PASSED] - Object: 'Object Repository/ADMIN/Admin Onboarding Page/Admin_Onboarding_Step7/Button_Next_Step7' is clicked on

2020-02-13 13:28:41 - [TEST_STEP][PASSED] - comment("Step 8"): Step 8

2020-02-13 13:28:41 - [MESSAGE][INFO] - Step 8

2020-02-13 13:28:41 - [TEST_STEP][PASSED] - waitForElementVisible(findTestObject("ADMIN/Admin Onboarding Page/Admin_Onboarding_Step8/Textlabel_Review your marketplace pol"), 0): Object 'Object Repository/ADMIN/Admin Onboarding Page/Admin_Onboarding_Step8/Textlabel_Review your marketplace pol' is visible

2020-02-13 13:28:42 - [MESSAGE][WARNING] - Timeout '0' is invalid. Using default page load timeout: '30'

2020-02-13 13:28:42 - [MESSAGE][PASSED] - Object 'Object Repository/ADMIN/Admin Onboarding Page/Admin_Onboarding_Step8/Textlabel_Review your marketplace pol' is visible

2020-02-13 13:28:42 - [TEST_STEP][PASSED] - comment("Checkbox Return Policy"): Checkbox Return Policy

2020-02-13 13:28:42 - [MESSAGE][INFO] - Checkbox Return Policy

2020-02-13 13:28:42 - [TEST_STEP][PASSED] - click(findTestObject("ADMIN/Admin Onboarding Page/Admin_Onboarding_Step8/Checkbox_ReturnPolicy")): Object: 'Object Repository/ADMIN/Admin Onboarding Page/Admin_Onboarding_Step8/Checkbox_ReturnPolicy' is clicked on

2020-02-13 13:28:43 - [MESSAGE][PASSED] - Object: 'Object Repository/ADMIN/Admin Onboarding Page/Admin_Onboarding_Step8/Checkbox_ReturnPolicy' is clicked on

2020-02-13 13:28:43 - [TEST_STEP][PASSED] - comment("Terms and Condition"): Terms and Condition

2020-02-13 13:28:43 - [MESSAGE][INFO] - Terms and Condition

2020-02-13 13:28:43 - [TEST_STEP][PASSED] - click(findTestObject("ADMIN/Admin Onboarding Page/Admin_Onboarding_Step8/Checkbox_IsAgreed")): Object: 'Object Repository/ADMIN/Admin Onboarding Page/Admin_Onboarding_Step8/Checkbox_IsAgreed' is clicked on

2020-02-13 13:28:43 - [MESSAGE][PASSED] - Object: 'Object Repository/ADMIN/Admin Onboarding Page/Admin_Onboarding_Step8/Checkbox_IsAgreed' is clicked on

2020-02-13 13:28:43 - [TEST_STEP][PASSED] - click(findTestObject("ADMIN/Admin Onboarding Page/Admin_Onboarding_Step8/Button_Next_Step8")): Object: 'Object Repository/ADMIN/Admin Onboarding Page/Admin_Onboarding_Step8/Button_Next_Step8' is clicked on

2020-02-13 13:28:47 - [MESSAGE][PASSED] - Object: 'Object Repository/ADMIN/Admin Onboarding Page/Admin_Onboarding_Step8/Button_Next_Step8' is clicked on]]></system-out>
         <system-err><![CDATA[]]></system-err>
      </testcase>
      <testcase name="Test Cases/ADMIN/Onboarding/Complete Onboarding" time="52.695" classname="Test Cases/ADMIN/Onboarding/Complete Onboarding" status="PASSED">
         <system-out><![CDATA[2020-02-13 13:28:47 - [TEST_CASE][PASSED] - Test Cases/ADMIN/Onboarding/Complete Onboarding: Test Cases/ADMIN/Onboarding/Complete Onboarding

2020-02-13 13:28:48 - [TEST_STEP][PASSED] - comment("Create Account"): Create Account

2020-02-13 13:28:48 - [MESSAGE][INFO] - Create Account

2020-02-13 13:28:48 - [TEST_STEP][PASSED] - openBrowser(""): Browser is opened with url: ''

2020-02-13 13:28:48 - [MESSAGE][PASSED] - Browser is opened with url: ''

2020-02-13 13:28:48 - [TEST_STEP][PASSED] - if (varServer == "Test"): null

2020-02-13 13:28:48 - [TEST_STEP][PASSED] - else if (varServer == "Staging"): Navigate to 'https://www.staging.arcadier.io' successfully

2020-02-13 13:28:48 - [TEST_STEP][PASSED] - navigateToUrl("https://www.staging.arcadier.io"): Navigate to 'https://www.staging.arcadier.io' successfully

2020-02-13 13:28:50 - [MESSAGE][PASSED] - Navigate to 'https://www.staging.arcadier.io' successfully

2020-02-13 13:28:50 - [TEST_STEP][PASSED] - maximizeWindow(): Current window maximized

2020-02-13 13:28:50 - [MESSAGE][PASSED] - Current window maximized

2020-02-13 13:28:50 - [TEST_STEP][PASSED] - if (varAccountType == "custom"): Object: 'Object Repository/ADMIN/Admin Onboarding Page/Admin Onboarding CustomAcc/Button_Sign_Up' is clicked on

2020-02-13 13:28:50 - [TEST_STEP][PASSED] - click(findTestObject("ADMIN/Admin Onboarding Page/Create_Account_Page/Button_Create_Account")): Object: 'Object Repository/ADMIN/Admin Onboarding Page/Create_Account_Page/Button_Create_Account' is clicked on

2020-02-13 13:28:51 - [MESSAGE][PASSED] - Object: 'Object Repository/ADMIN/Admin Onboarding Page/Create_Account_Page/Button_Create_Account' is clicked on

2020-02-13 13:28:51 - [TEST_STEP][PASSED] - verifyElementPresent(findTestObject("ADMIN/Admin Onboarding Page/Admin Onboarding CustomAcc/Textbox_Username"), 0): Object 'Object Repository/ADMIN/Admin Onboarding Page/Admin Onboarding CustomAcc/Textbox_Username' is present

2020-02-13 13:28:51 - [MESSAGE][WARNING] - Timeout '0' is invalid. Using default page load timeout: '30'

2020-02-13 13:28:51 - [MESSAGE][PASSED] - Object 'Object Repository/ADMIN/Admin Onboarding Page/Admin Onboarding CustomAcc/Textbox_Username' is present

2020-02-13 13:28:51 - [TEST_STEP][PASSED] - setText(findTestObject("ADMIN/Admin Onboarding Page/Admin Onboarding CustomAcc/Textbox_Username"), varUsername): Text '0213BP2' is set on object 'Object Repository/ADMIN/Admin Onboarding Page/Admin Onboarding CustomAcc/Textbox_Username'

2020-02-13 13:28:51 - [MESSAGE][PASSED] - Text '0213BP2' is set on object 'Object Repository/ADMIN/Admin Onboarding Page/Admin Onboarding CustomAcc/Textbox_Username'

2020-02-13 13:28:51 - [TEST_STEP][PASSED] - setText(findTestObject("ADMIN/Admin Onboarding Page/Admin Onboarding CustomAcc/Textbox_Password"), "welcome8"): Text 'welcome8' is set on object 'Object Repository/ADMIN/Admin Onboarding Page/Admin Onboarding CustomAcc/Textbox_Password'

2020-02-13 13:28:52 - [MESSAGE][PASSED] - Text 'welcome8' is set on object 'Object Repository/ADMIN/Admin Onboarding Page/Admin Onboarding CustomAcc/Textbox_Password'

2020-02-13 13:28:52 - [TEST_STEP][PASSED] - setText(findTestObject("ADMIN/Admin Onboarding Page/Admin Onboarding CustomAcc/Textbox_Reconfirm_Password"), "welcome8"): Text 'welcome8' is set on object 'Object Repository/ADMIN/Admin Onboarding Page/Admin Onboarding CustomAcc/Textbox_Reconfirm_Password'

2020-02-13 13:28:52 - [MESSAGE][PASSED] - Text 'welcome8' is set on object 'Object Repository/ADMIN/Admin Onboarding Page/Admin Onboarding CustomAcc/Textbox_Reconfirm_Password'

2020-02-13 13:28:52 - [TEST_STEP][PASSED] - click(findTestObject("ADMIN/Admin Onboarding Page/Admin Onboarding CustomAcc/Button_Sign_Up")): Object: 'Object Repository/ADMIN/Admin Onboarding Page/Admin Onboarding CustomAcc/Button_Sign_Up' is clicked on

2020-02-13 13:28:55 - [MESSAGE][PASSED] - Object: 'Object Repository/ADMIN/Admin Onboarding Page/Admin Onboarding CustomAcc/Button_Sign_Up' is clicked on

2020-02-13 13:28:55 - [TEST_STEP][PASSED] - comment("Step 1"): Step 1

2020-02-13 13:28:55 - [MESSAGE][INFO] - Step 1

2020-02-13 13:28:55 - [TEST_STEP][PASSED] - selectOptionByLabel(findTestObject("ADMIN/Admin Onboarding Page/Admin_Onboarding_Step1/1stDropdown_Please select one...Im"), "I’m managing them offline", false): All options with label 'I’m managing them offline' are selected in object 'Object Repository/ADMIN/Admin Onboarding Page/Admin_Onboarding_Step1/1stDropdown_Please select one...Im' 

2020-02-13 13:28:56 - [MESSAGE][PASSED] - All options with label 'I’m managing them offline' are selected in object 'Object Repository/ADMIN/Admin Onboarding Page/Admin_Onboarding_Step1/1stDropdown_Please select one...Im' 

2020-02-13 13:28:56 - [TEST_STEP][PASSED] - selectOptionByLabel(findTestObject("ADMIN/Admin Onboarding Page/Admin_Onboarding_Step1/2ndDropdown_Please select one...Don"), "Something else!", false): All options with label 'Something else!' are selected in object 'Object Repository/ADMIN/Admin Onboarding Page/Admin_Onboarding_Step1/2ndDropdown_Please select one...Don' 

2020-02-13 13:28:57 - [MESSAGE][PASSED] - All options with label 'Something else!' are selected in object 'Object Repository/ADMIN/Admin Onboarding Page/Admin_Onboarding_Step1/2ndDropdown_Please select one...Don' 

2020-02-13 13:28:57 - [TEST_STEP][PASSED] - setText(findTestObject("ADMIN/Admin Onboarding Page/Admin_Onboarding_Step1/2nddropdown_textbox_OtherMarketplaceType"), "Marketplace"): Text 'Marketplace' is set on object 'Object Repository/ADMIN/Admin Onboarding Page/Admin_Onboarding_Step1/2nddropdown_textbox_OtherMarketplaceType'

2020-02-13 13:28:57 - [MESSAGE][PASSED] - Text 'Marketplace' is set on object 'Object Repository/ADMIN/Admin Onboarding Page/Admin_Onboarding_Step1/2nddropdown_textbox_OtherMarketplaceType'

2020-02-13 13:28:57 - [TEST_STEP][PASSED] - selectOptionByLabel(findTestObject("ADMIN/Admin Onboarding Page/Admin_Onboarding_Step1/3rdDropdown_Im an individualIm work"), "Someone else!", false): All options with label 'Someone else!' are selected in object 'Object Repository/ADMIN/Admin Onboarding Page/Admin_Onboarding_Step1/3rdDropdown_Im an individualIm work' 

2020-02-13 13:28:58 - [MESSAGE][PASSED] - All options with label 'Someone else!' are selected in object 'Object Repository/ADMIN/Admin Onboarding Page/Admin_Onboarding_Step1/3rdDropdown_Im an individualIm work' 

2020-02-13 13:28:58 - [TEST_STEP][PASSED] - setText(findTestObject("ADMIN/Admin Onboarding Page/Admin_Onboarding_Step1/3rddropdown_textbox_OtherEntityType"), "Business Man"): Text 'Business Man' is set on object 'Object Repository/ADMIN/Admin Onboarding Page/Admin_Onboarding_Step1/3rddropdown_textbox_OtherEntityType'

2020-02-13 13:28:58 - [MESSAGE][PASSED] - Text 'Business Man' is set on object 'Object Repository/ADMIN/Admin Onboarding Page/Admin_Onboarding_Step1/3rddropdown_textbox_OtherEntityType'

2020-02-13 13:28:58 - [TEST_STEP][PASSED] - setText(findTestObject("ADMIN/Admin Onboarding Page/Admin_Onboarding_Step1/3rddropdown_textbox_OtherEntityType"), "Business Man"): Text 'Business Man' is set on object 'Object Repository/ADMIN/Admin Onboarding Page/Admin_Onboarding_Step1/3rddropdown_textbox_OtherEntityType'

2020-02-13 13:28:59 - [MESSAGE][PASSED] - Text 'Business Man' is set on object 'Object Repository/ADMIN/Admin Onboarding Page/Admin_Onboarding_Step1/3rddropdown_textbox_OtherEntityType'

2020-02-13 13:28:59 - [TEST_STEP][PASSED] - click(findTestObject("ADMIN/Admin Onboarding Page/Admin_Onboarding_Step1/Button_NEXT_Step1")): Object: 'Object Repository/ADMIN/Admin Onboarding Page/Admin_Onboarding_Step1/Button_NEXT_Step1' is clicked on

2020-02-13 13:29:01 - [MESSAGE][PASSED] - Object: 'Object Repository/ADMIN/Admin Onboarding Page/Admin_Onboarding_Step1/Button_NEXT_Step1' is clicked on

2020-02-13 13:29:01 - [TEST_STEP][PASSED] - comment("Step 2"): Step 2

2020-02-13 13:29:01 - [MESSAGE][INFO] - Step 2

2020-02-13 13:29:01 - [TEST_STEP][PASSED] - waitForElementVisible(findTestObject("ADMIN/Admin Onboarding Page/Admin_Onboarding_Step2/Textlabel_We will like to know mor"), 0): Object 'Object Repository/ADMIN/Admin Onboarding Page/Admin_Onboarding_Step2/Textlabel_We will like to know mor' is visible

2020-02-13 13:29:01 - [MESSAGE][WARNING] - Timeout '0' is invalid. Using default page load timeout: '30'

2020-02-13 13:29:02 - [MESSAGE][PASSED] - Object 'Object Repository/ADMIN/Admin Onboarding Page/Admin_Onboarding_Step2/Textlabel_We will like to know mor' is visible

2020-02-13 13:29:02 - [TEST_STEP][PASSED] - setText(findTestObject("ADMIN/Admin Onboarding Page/Admin_Onboarding_Step2/Textbox_FirstName"), varFName): Text '0213BP2' is set on object 'Object Repository/ADMIN/Admin Onboarding Page/Admin_Onboarding_Step2/Textbox_FirstName'

2020-02-13 13:29:02 - [MESSAGE][PASSED] - Text '0213BP2' is set on object 'Object Repository/ADMIN/Admin Onboarding Page/Admin_Onboarding_Step2/Textbox_FirstName'

2020-02-13 13:29:02 - [TEST_STEP][PASSED] - setText(findTestObject("ADMIN/Admin Onboarding Page/Admin_Onboarding_Step2/Textbox_LastName"), varLName): Text 'Marketplace' is set on object 'Object Repository/ADMIN/Admin Onboarding Page/Admin_Onboarding_Step2/Textbox_LastName'

2020-02-13 13:29:03 - [MESSAGE][PASSED] - Text 'Marketplace' is set on object 'Object Repository/ADMIN/Admin Onboarding Page/Admin_Onboarding_Step2/Textbox_LastName'

2020-02-13 13:29:03 - [TEST_STEP][PASSED] - setText(findTestObject("ADMIN/Admin Onboarding Page/Admin_Onboarding_Step2/Textbox_Email"), varEmail): Text 'arcadierteam@gmail.com' is set on object 'Object Repository/ADMIN/Admin Onboarding Page/Admin_Onboarding_Step2/Textbox_Email'

2020-02-13 13:29:03 - [MESSAGE][PASSED] - Text 'arcadierteam@gmail.com' is set on object 'Object Repository/ADMIN/Admin Onboarding Page/Admin_Onboarding_Step2/Textbox_Email'

2020-02-13 13:29:03 - [TEST_STEP][PASSED] - delay(1): Delayed 1 second(s)

2020-02-13 13:29:04 - [MESSAGE][PASSED] - Delayed 1 second(s)

2020-02-13 13:29:04 - [TEST_STEP][PASSED] - selectOptionByLabel(findTestObject("ADMIN/Admin Onboarding Page/Admin_Onboarding_Step2/Country_Dropdown"), varCountry, false): All options with label 'Italy' are selected in object 'Object Repository/ADMIN/Admin Onboarding Page/Admin_Onboarding_Step2/Country_Dropdown' 

2020-02-13 13:29:05 - [MESSAGE][PASSED] - All options with label 'Italy' are selected in object 'Object Repository/ADMIN/Admin Onboarding Page/Admin_Onboarding_Step2/Country_Dropdown' 

2020-02-13 13:29:05 - [TEST_STEP][PASSED] - setText(findTestObject("ADMIN/Admin Onboarding Page/Admin_Onboarding_Step2/Address_Line1"), varAddress1): Text 'Strada Statale 130' is set on object 'Object Repository/ADMIN/Admin Onboarding Page/Admin_Onboarding_Step2/Address_Line1'

2020-02-13 13:29:05 - [MESSAGE][PASSED] - Text 'Strada Statale 130' is set on object 'Object Repository/ADMIN/Admin Onboarding Page/Admin_Onboarding_Step2/Address_Line1'

2020-02-13 13:29:05 - [TEST_STEP][PASSED] - setText(findTestObject("ADMIN/Admin Onboarding Page/Admin_Onboarding_Step2/Address_Line2"), varAddress2): Text 'Dorzano, Biella 13881' is set on object 'Object Repository/ADMIN/Admin Onboarding Page/Admin_Onboarding_Step2/Address_Line2'

2020-02-13 13:29:06 - [MESSAGE][PASSED] - Text 'Dorzano, Biella 13881' is set on object 'Object Repository/ADMIN/Admin Onboarding Page/Admin_Onboarding_Step2/Address_Line2'

2020-02-13 13:29:06 - [TEST_STEP][PASSED] - setText(findTestObject("ADMIN/Admin Onboarding Page/Admin_Onboarding_Step2/Textbox_PhoneNumber"), varContactNumber): Text '+631234567890' is set on object 'Object Repository/ADMIN/Admin Onboarding Page/Admin_Onboarding_Step2/Textbox_PhoneNumber'

2020-02-13 13:29:07 - [MESSAGE][PASSED] - Text '+631234567890' is set on object 'Object Repository/ADMIN/Admin Onboarding Page/Admin_Onboarding_Step2/Textbox_PhoneNumber'

2020-02-13 13:29:07 - [TEST_STEP][PASSED] - click(findTestObject("ADMIN/Admin Onboarding Page/Admin_Onboarding_Step2/Button_Next_Step2"), CONTINUE_ON_FAILURE): Object: 'Object Repository/ADMIN/Admin Onboarding Page/Admin_Onboarding_Step2/Button_Next_Step2' is clicked on

2020-02-13 13:29:08 - [MESSAGE][PASSED] - Object: 'Object Repository/ADMIN/Admin Onboarding Page/Admin_Onboarding_Step2/Button_Next_Step2' is clicked on

2020-02-13 13:29:08 - [TEST_STEP][PASSED] - comment("Step 3"): Step 3

2020-02-13 13:29:08 - [MESSAGE][INFO] - Step 3

2020-02-13 13:29:08 - [TEST_STEP][PASSED] - waitForElementVisible(findTestObject("ADMIN/Admin Onboarding Page/Admin_Onboarding_Step3/TextLabel_What type of marketplace"), 0): Object 'Object Repository/ADMIN/Admin Onboarding Page/Admin_Onboarding_Step3/TextLabel_What type of marketplace' is visible

2020-02-13 13:29:08 - [MESSAGE][WARNING] - Timeout '0' is invalid. Using default page load timeout: '30'

2020-02-13 13:29:09 - [MESSAGE][PASSED] - Object 'Object Repository/ADMIN/Admin Onboarding Page/Admin_Onboarding_Step3/TextLabel_What type of marketplace' is visible

2020-02-13 13:29:09 - [TEST_STEP][PASSED] - delay(1): Delayed 1 second(s)

2020-02-13 13:29:10 - [MESSAGE][PASSED] - Delayed 1 second(s)

2020-02-13 13:29:10 - [TEST_STEP][PASSED] - if (varTemplate == "Bespoke"): Object: 'Object Repository/ADMIN/Admin Onboarding Page/Admin_Onboarding_Step3/Button_Retail_Goods_Select' is clicked on

2020-02-13 13:29:10 - [TEST_STEP][PASSED] - mouseOver(findTestObject("ADMIN/Admin Onboarding Page/Admin_Onboarding_Step3/Textlabel_Retail Goods")): Object: 'Object Repository/ADMIN/Admin Onboarding Page/Admin_Onboarding_Step3/Textlabel_Retail Goods' is hovered

2020-02-13 13:29:11 - [MESSAGE][PASSED] - Object: 'Object Repository/ADMIN/Admin Onboarding Page/Admin_Onboarding_Step3/Textlabel_Retail Goods' is hovered

2020-02-13 13:29:11 - [TEST_STEP][PASSED] - delay(1): Delayed 1 second(s)

2020-02-13 13:29:12 - [MESSAGE][PASSED] - Delayed 1 second(s)

2020-02-13 13:29:12 - [TEST_STEP][PASSED] - click(findTestObject("ADMIN/Admin Onboarding Page/Admin_Onboarding_Step3/Button_Retail_Goods_Select")): Object: 'Object Repository/ADMIN/Admin Onboarding Page/Admin_Onboarding_Step3/Button_Retail_Goods_Select' is clicked on

2020-02-13 13:29:13 - [MESSAGE][PASSED] - Object: 'Object Repository/ADMIN/Admin Onboarding Page/Admin_Onboarding_Step3/Button_Retail_Goods_Select' is clicked on

2020-02-13 13:29:13 - [TEST_STEP][PASSED] - comment("Step 4"): Step 4

2020-02-13 13:29:13 - [MESSAGE][INFO] - Step 4

2020-02-13 13:29:13 - [TEST_STEP][PASSED] - uploadFile(findTestObject("ADMIN/Admin Onboarding Page/Admin_Onboarding_Step4/Button_Browse_Step4"), varLogo): File 'C:\\Users\\Arcadier\\git\\Arctick\\Images\\LogoLayout\\logo2.jpg' sent to object: 'Object Repository/ADMIN/Admin Onboarding Page/Admin_Onboarding_Step4/Button_Browse_Step4'

2020-02-13 13:29:14 - [MESSAGE][PASSED] - File 'C:\\Users\\Arcadier\\git\\Arctick\\Images\\LogoLayout\\logo2.jpg' sent to object: 'Object Repository/ADMIN/Admin Onboarding Page/Admin_Onboarding_Step4/Button_Browse_Step4'

2020-02-13 13:29:14 - [TEST_STEP][PASSED] - setText(findTestObject("ADMIN/Admin Onboarding Page/Admin_Onboarding_Step4/Textbox_Marketplace_Name"), varUsername): Text '0213BP2' is set on object 'Object Repository/ADMIN/Admin Onboarding Page/Admin_Onboarding_Step4/Textbox_Marketplace_Name'

2020-02-13 13:29:15 - [MESSAGE][PASSED] - Text '0213BP2' is set on object 'Object Repository/ADMIN/Admin Onboarding Page/Admin_Onboarding_Step4/Textbox_Marketplace_Name'

2020-02-13 13:29:15 - [TEST_STEP][PASSED] - setText(findTestObject("ADMIN/Admin Onboarding Page/Admin_Onboarding_Step4/Textbox_Slogan"), varTheme): Text 'Theme 2' is set on object 'Object Repository/ADMIN/Admin Onboarding Page/Admin_Onboarding_Step4/Textbox_Slogan'

2020-02-13 13:29:15 - [MESSAGE][PASSED] - Text 'Theme 2' is set on object 'Object Repository/ADMIN/Admin Onboarding Page/Admin_Onboarding_Step4/Textbox_Slogan'

2020-02-13 13:29:15 - [TEST_STEP][PASSED] - setText(findTestObject("ADMIN/Admin Onboarding Page/Admin_Onboarding_Step4/Textbox_ContactNumber"), varContactNumber): Text '+631234567890' is set on object 'Object Repository/ADMIN/Admin Onboarding Page/Admin_Onboarding_Step4/Textbox_ContactNumber'

2020-02-13 13:29:16 - [MESSAGE][PASSED] - Text '+631234567890' is set on object 'Object Repository/ADMIN/Admin Onboarding Page/Admin_Onboarding_Step4/Textbox_ContactNumber'

2020-02-13 13:29:16 - [TEST_STEP][PASSED] - setText(findTestObject("ADMIN/Admin Onboarding Page/Admin_Onboarding_Step4/Textbox_ContactEmail"), varEmail): Text 'arcadierteam@gmail.com' is set on object 'Object Repository/ADMIN/Admin Onboarding Page/Admin_Onboarding_Step4/Textbox_ContactEmail'

2020-02-13 13:29:16 - [MESSAGE][PASSED] - Text 'arcadierteam@gmail.com' is set on object 'Object Repository/ADMIN/Admin Onboarding Page/Admin_Onboarding_Step4/Textbox_ContactEmail'

2020-02-13 13:29:16 - [TEST_STEP][PASSED] - click(findTestObject("ADMIN/Admin Onboarding Page/Admin_Onboarding_Step4/Button_Next_Step4"), CONTINUE_ON_FAILURE): Object: 'Object Repository/ADMIN/Admin Onboarding Page/Admin_Onboarding_Step4/Button_Next_Step4' is clicked on

2020-02-13 13:29:17 - [MESSAGE][PASSED] - Object: 'Object Repository/ADMIN/Admin Onboarding Page/Admin_Onboarding_Step4/Button_Next_Step4' is clicked on

2020-02-13 13:29:17 - [TEST_STEP][PASSED] - comment("Step 5"): Step 5

2020-02-13 13:29:17 - [MESSAGE][INFO] - Step 5

2020-02-13 13:29:17 - [TEST_STEP][PASSED] - waitForElementVisible(findTestObject("ADMIN/Admin Onboarding Page/Admin_Onboarding_Step5/h1_5. Preview  pick out a mark"), 0): Object 'Object Repository/ADMIN/Admin Onboarding Page/Admin_Onboarding_Step5/h1_5. Preview  pick out a mark' is visible

2020-02-13 13:29:17 - [MESSAGE][WARNING] - Timeout '0' is invalid. Using default page load timeout: '30'

2020-02-13 13:29:19 - [MESSAGE][PASSED] - Object 'Object Repository/ADMIN/Admin Onboarding Page/Admin_Onboarding_Step5/h1_5. Preview  pick out a mark' is visible

2020-02-13 13:29:19 - [TEST_STEP][PASSED] - if (varTemplate == "Bespoke"): Object: 'Object Repository/ADMIN/Admin Onboarding Page/Admin_Onboarding_Step5/Bespoke_Theme_Selection/Theme2_select' is clicked on

2020-02-13 13:29:19 - [TEST_STEP][PASSED] - if (varTheme == "Theme 1"): null

2020-02-13 13:29:19 - [TEST_STEP][PASSED] - else if (varTheme == "Theme 2"): Object: 'Object Repository/ADMIN/Admin Onboarding Page/Admin_Onboarding_Step5/Bespoke_Theme_Selection/Theme2_select' is clicked on

2020-02-13 13:29:19 - [TEST_STEP][PASSED] - click(findTestObject("ADMIN/Admin Onboarding Page/Admin_Onboarding_Step5/Bespoke_Theme_Selection/Theme2_select")): Object: 'Object Repository/ADMIN/Admin Onboarding Page/Admin_Onboarding_Step5/Bespoke_Theme_Selection/Theme2_select' is clicked on

2020-02-13 13:29:20 - [MESSAGE][PASSED] - Object: 'Object Repository/ADMIN/Admin Onboarding Page/Admin_Onboarding_Step5/Bespoke_Theme_Selection/Theme2_select' is clicked on

2020-02-13 13:29:20 - [TEST_STEP][PASSED] - click(findTestObject("ADMIN/Admin Onboarding Page/Admin_Onboarding_Step5/Button_Next_Step5")): Object: 'Object Repository/ADMIN/Admin Onboarding Page/Admin_Onboarding_Step5/Button_Next_Step5' is clicked on

2020-02-13 13:29:21 - [MESSAGE][PASSED] - Object: 'Object Repository/ADMIN/Admin Onboarding Page/Admin_Onboarding_Step5/Button_Next_Step5' is clicked on

2020-02-13 13:29:21 - [TEST_STEP][PASSED] - comment("Step 6"): Step 6

2020-02-13 13:29:21 - [MESSAGE][INFO] - Step 6

2020-02-13 13:29:21 - [TEST_STEP][PASSED] - waitForElementVisible(findTestObject("ADMIN/Admin Onboarding Page/Admin_Onboarding_Step6/Textlabel_Select your marketplace"), 0): Object 'Object Repository/ADMIN/Admin Onboarding Page/Admin_Onboarding_Step6/Textlabel_Select your marketplace' is visible

2020-02-13 13:29:21 - [MESSAGE][WARNING] - Timeout '0' is invalid. Using default page load timeout: '30'

2020-02-13 13:29:22 - [MESSAGE][PASSED] - Object 'Object Repository/ADMIN/Admin Onboarding Page/Admin_Onboarding_Step6/Textlabel_Select your marketplace' is visible

2020-02-13 13:29:22 - [TEST_STEP][PASSED] - click(findTestObject("ADMIN/Admin Onboarding Page/Admin_Onboarding_Step6/Button_Browse_Step6"), CONTINUE_ON_FAILURE): Object: 'Object Repository/ADMIN/Admin Onboarding Page/Admin_Onboarding_Step6/Button_Browse_Step6' is clicked on

2020-02-13 13:29:23 - [MESSAGE][PASSED] - Object: 'Object Repository/ADMIN/Admin Onboarding Page/Admin_Onboarding_Step6/Button_Browse_Step6' is clicked on

2020-02-13 13:29:23 - [TEST_STEP][PASSED] - delay(2): Delayed 2 second(s)

2020-02-13 13:29:25 - [MESSAGE][PASSED] - Delayed 2 second(s)

2020-02-13 13:29:25 - [TEST_STEP][PASSED] - uploadFile(findTestObject("ADMIN/Admin Onboarding Page/Admin_Onboarding_Step6/Image_Container"), varCoverImage): File 'C:\\Users\\Arcadier\\git\\Arctick\\Images\\LogoLayout\\coverimage3.jpg' sent to object: 'Object Repository/ADMIN/Admin Onboarding Page/Admin_Onboarding_Step6/Image_Container'

2020-02-13 13:29:25 - [MESSAGE][PASSED] - File 'C:\\Users\\Arcadier\\git\\Arctick\\Images\\LogoLayout\\coverimage3.jpg' sent to object: 'Object Repository/ADMIN/Admin Onboarding Page/Admin_Onboarding_Step6/Image_Container'

2020-02-13 13:29:25 - [TEST_STEP][PASSED] - waitForElementVisible(findTestObject("ADMIN/Admin Onboarding Page/Admin_Onboarding_Step6/Image Cropper/div_btn btn-success btn-ok"), 0): Object 'Object Repository/ADMIN/Admin Onboarding Page/Admin_Onboarding_Step6/Image Cropper/div_btn btn-success btn-ok' is visible

2020-02-13 13:29:25 - [MESSAGE][WARNING] - Timeout '0' is invalid. Using default page load timeout: '30'

2020-02-13 13:29:26 - [MESSAGE][PASSED] - Object 'Object Repository/ADMIN/Admin Onboarding Page/Admin_Onboarding_Step6/Image Cropper/div_btn btn-success btn-ok' is visible

2020-02-13 13:29:26 - [TEST_STEP][PASSED] - click(findTestObject("ADMIN/Admin Onboarding Page/Admin_Onboarding_Step6/Image Cropper/div_btn btn-success btn-ok"), CONTINUE_ON_FAILURE): Object: 'Object Repository/ADMIN/Admin Onboarding Page/Admin_Onboarding_Step6/Image Cropper/div_btn btn-success btn-ok' is clicked on

2020-02-13 13:29:26 - [MESSAGE][PASSED] - Object: 'Object Repository/ADMIN/Admin Onboarding Page/Admin_Onboarding_Step6/Image Cropper/div_btn btn-success btn-ok' is clicked on

2020-02-13 13:29:26 - [TEST_STEP][PASSED] - waitForElementVisible(findTestObject("ADMIN/Admin Onboarding Page/Admin_Onboarding_Step6/Image Cropper/a_Save Photo"), 0): Object 'Object Repository/ADMIN/Admin Onboarding Page/Admin_Onboarding_Step6/Image Cropper/a_Save Photo' is visible

2020-02-13 13:29:26 - [MESSAGE][WARNING] - Timeout '0' is invalid. Using default page load timeout: '30'

2020-02-13 13:29:27 - [MESSAGE][PASSED] - Object 'Object Repository/ADMIN/Admin Onboarding Page/Admin_Onboarding_Step6/Image Cropper/a_Save Photo' is visible

2020-02-13 13:29:27 - [TEST_STEP][PASSED] - click(findTestObject("ADMIN/Admin Onboarding Page/Admin_Onboarding_Step6/Image Cropper/a_Save Photo"), CONTINUE_ON_FAILURE): Object: 'Object Repository/ADMIN/Admin Onboarding Page/Admin_Onboarding_Step6/Image Cropper/a_Save Photo' is clicked on

2020-02-13 13:29:28 - [MESSAGE][PASSED] - Object: 'Object Repository/ADMIN/Admin Onboarding Page/Admin_Onboarding_Step6/Image Cropper/a_Save Photo' is clicked on

2020-02-13 13:29:28 - [TEST_STEP][PASSED] - delay(1): Delayed 1 second(s)

2020-02-13 13:29:29 - [MESSAGE][PASSED] - Delayed 1 second(s)

2020-02-13 13:29:29 - [TEST_STEP][PASSED] - click(findTestObject("ADMIN/Admin Onboarding Page/Admin_Onboarding_Step6/Button_Next_Step6"), CONTINUE_ON_FAILURE): Object: 'Object Repository/ADMIN/Admin Onboarding Page/Admin_Onboarding_Step6/Button_Next_Step6' is clicked on

2020-02-13 13:29:29 - [MESSAGE][PASSED] - Object: 'Object Repository/ADMIN/Admin Onboarding Page/Admin_Onboarding_Step6/Button_Next_Step6' is clicked on

2020-02-13 13:29:29 - [TEST_STEP][PASSED] - comment("Step 7 (editable variables)"): Step 7 (editable variables)

2020-02-13 13:29:29 - [MESSAGE][INFO] - Step 7 (editable variables)

2020-02-13 13:29:29 - [TEST_STEP][PASSED] - waitForElementVisible(findTestObject("ADMIN/Admin Onboarding Page/Admin_Onboarding_Step7/Textlabel_7. Now how would you like t"), 0): Object 'Object Repository/ADMIN/Admin Onboarding Page/Admin_Onboarding_Step7/Textlabel_7. Now how would you like t' is visible

2020-02-13 13:29:29 - [MESSAGE][WARNING] - Timeout '0' is invalid. Using default page load timeout: '30'

2020-02-13 13:29:32 - [MESSAGE][PASSED] - Object 'Object Repository/ADMIN/Admin Onboarding Page/Admin_Onboarding_Step7/Textlabel_7. Now how would you like t' is visible

2020-02-13 13:29:32 - [TEST_STEP][PASSED] - selectOptionByLabel(findTestObject("ADMIN/Admin Onboarding Page/Admin_Onboarding_Step7/Dropdown_Currency"), varCurrency, false): All options with label 'USD' are selected in object 'Object Repository/ADMIN/Admin Onboarding Page/Admin_Onboarding_Step7/Dropdown_Currency' 

2020-02-13 13:29:33 - [MESSAGE][PASSED] - All options with label 'USD' are selected in object 'Object Repository/ADMIN/Admin Onboarding Page/Admin_Onboarding_Step7/Dropdown_Currency' 

2020-02-13 13:29:33 - [TEST_STEP][PASSED] - setText(findTestObject("ADMIN/Admin Onboarding Page/Admin_Onboarding_Step7/Textbox_TransactionFee"), varAdminFee): Text '0' is set on object 'Object Repository/ADMIN/Admin Onboarding Page/Admin_Onboarding_Step7/Textbox_TransactionFee'

2020-02-13 13:29:33 - [MESSAGE][PASSED] - Text '0' is set on object 'Object Repository/ADMIN/Admin Onboarding Page/Admin_Onboarding_Step7/Textbox_TransactionFee'

2020-02-13 13:29:33 - [TEST_STEP][PASSED] - click(findTestObject("ADMIN/Admin Onboarding Page/Admin_Onboarding_Step7/Button_Next_Step7"), CONTINUE_ON_FAILURE): Object: 'Object Repository/ADMIN/Admin Onboarding Page/Admin_Onboarding_Step7/Button_Next_Step7' is clicked on

2020-02-13 13:29:35 - [MESSAGE][PASSED] - Object: 'Object Repository/ADMIN/Admin Onboarding Page/Admin_Onboarding_Step7/Button_Next_Step7' is clicked on

2020-02-13 13:29:35 - [TEST_STEP][PASSED] - comment("Step 8"): Step 8

2020-02-13 13:29:35 - [MESSAGE][INFO] - Step 8

2020-02-13 13:29:35 - [TEST_STEP][PASSED] - waitForElementVisible(findTestObject("ADMIN/Admin Onboarding Page/Admin_Onboarding_Step8/Textlabel_Review your marketplace pol"), 0): Object 'Object Repository/ADMIN/Admin Onboarding Page/Admin_Onboarding_Step8/Textlabel_Review your marketplace pol' is visible

2020-02-13 13:29:35 - [MESSAGE][WARNING] - Timeout '0' is invalid. Using default page load timeout: '30'

2020-02-13 13:29:36 - [MESSAGE][PASSED] - Object 'Object Repository/ADMIN/Admin Onboarding Page/Admin_Onboarding_Step8/Textlabel_Review your marketplace pol' is visible

2020-02-13 13:29:36 - [TEST_STEP][PASSED] - comment("Checkbox Return Policy"): Checkbox Return Policy

2020-02-13 13:29:36 - [MESSAGE][INFO] - Checkbox Return Policy

2020-02-13 13:29:36 - [TEST_STEP][PASSED] - click(findTestObject("ADMIN/Admin Onboarding Page/Admin_Onboarding_Step8/Checkbox_ReturnPolicy")): Object: 'Object Repository/ADMIN/Admin Onboarding Page/Admin_Onboarding_Step8/Checkbox_ReturnPolicy' is clicked on

2020-02-13 13:29:36 - [MESSAGE][PASSED] - Object: 'Object Repository/ADMIN/Admin Onboarding Page/Admin_Onboarding_Step8/Checkbox_ReturnPolicy' is clicked on

2020-02-13 13:29:36 - [TEST_STEP][PASSED] - comment("Terms and Condition"): Terms and Condition

2020-02-13 13:29:36 - [MESSAGE][INFO] - Terms and Condition

2020-02-13 13:29:36 - [TEST_STEP][PASSED] - click(findTestObject("ADMIN/Admin Onboarding Page/Admin_Onboarding_Step8/Checkbox_IsAgreed")): Object: 'Object Repository/ADMIN/Admin Onboarding Page/Admin_Onboarding_Step8/Checkbox_IsAgreed' is clicked on

2020-02-13 13:29:36 - [MESSAGE][PASSED] - Object: 'Object Repository/ADMIN/Admin Onboarding Page/Admin_Onboarding_Step8/Checkbox_IsAgreed' is clicked on

2020-02-13 13:29:36 - [TEST_STEP][PASSED] - click(findTestObject("ADMIN/Admin Onboarding Page/Admin_Onboarding_Step8/Button_Next_Step8")): Object: 'Object Repository/ADMIN/Admin Onboarding Page/Admin_Onboarding_Step8/Button_Next_Step8' is clicked on

2020-02-13 13:29:40 - [MESSAGE][PASSED] - Object: 'Object Repository/ADMIN/Admin Onboarding Page/Admin_Onboarding_Step8/Button_Next_Step8' is clicked on]]></system-out>
         <system-err><![CDATA[]]></system-err>
      </testcase>
      <system-out><![CDATA[2020-02-13 13:27:46 - [TEST_SUITE][PASSED] - Admin Onboarding Data Driven: Test Cases/ADMIN/Onboarding/Complete Onboarding]]></system-out>
      <system-err><![CDATA[]]></system-err>
   </testsuite>
</testsuites>
