<?xml version="1.0" encoding="UTF-8"?>
<testsuites name="Admin Category" time="2431" tests="45" failures="48" errors="0">
   <testsuite name="Admin Category" tests="45" failures="48" errors="0" time="2431" timestamp="2019-05-27 09:26:07" hostname="Arcadier - Arcadier-PC" id="Test Suites/Suites/Admin Category">
      <properties>
         <property name="deviceName" value=""/>
         <property name="devicePlatform" value=""/>
         <property name="logFolder" value="C:\\Users\\Arcadier\\git\\Arctick\\Reports\\Suites\\Admin Category\\20190527_092604"/>
         <property name="logFiles" value="C:\\Users\\Arcadier\\git\\Arctick\\Reports\\Suites\\Admin Category\\20190527_092604\\execution0.log"/>
         <property name="attachments" value="C:\\Users\\Arcadier\\git\\Arctick\\Reports\\Suites\\Admin Category\\20190527_092604\\1558920415711.png, C:\\Users\\Arcadier\\git\\Arctick\\Reports\\Suites\\Admin Category\\20190527_092604\\1558920434609.png, C:\\Users\\Arcadier\\git\\Arctick\\Reports\\Suites\\Admin Category\\20190527_092604\\1558920516242.png, C:\\Users\\Arcadier\\git\\Arctick\\Reports\\Suites\\Admin Category\\20190527_092604\\1558920560196.png, C:\\Users\\Arcadier\\git\\Arctick\\Reports\\Suites\\Admin Category\\20190527_092604\\1558920568943.png, C:\\Users\\Arcadier\\git\\Arctick\\Reports\\Suites\\Admin Category\\20190527_092604\\1558920639079.png, C:\\Users\\Arcadier\\git\\Arctick\\Reports\\Suites\\Admin Category\\20190527_092604\\1558920652449.png, C:\\Users\\Arcadier\\git\\Arctick\\Reports\\Suites\\Admin Category\\20190527_092604\\1558920897118.png, C:\\Users\\Arcadier\\git\\Arctick\\Reports\\Suites\\Admin Category\\20190527_092604\\1558920905389.png, C:\\Users\\Arcadier\\git\\Arctick\\Reports\\Suites\\Admin Category\\20190527_092604\\1558920914065.png, C:\\Users\\Arcadier\\git\\Arctick\\Reports\\Suites\\Admin Category\\20190527_092604\\1558920931230.png, C:\\Users\\Arcadier\\git\\Arctick\\Reports\\Suites\\Admin Category\\20190527_092604\\1558920958024.png, C:\\Users\\Arcadier\\git\\Arctick\\Reports\\Suites\\Admin Category\\20190527_092604\\1558920966982.png, C:\\Users\\Arcadier\\git\\Arctick\\Reports\\Suites\\Admin Category\\20190527_092604\\1558920975346.png, C:\\Users\\Arcadier\\git\\Arctick\\Reports\\Suites\\Admin Category\\20190527_092604\\1558920991196.png, C:\\Users\\Arcadier\\git\\Arctick\\Reports\\Suites\\Admin Category\\20190527_092604\\1558921007670.png, C:\\Users\\Arcadier\\git\\Arctick\\Reports\\Suites\\Admin Category\\20190527_092604\\1558921050315.png, C:\\Users\\Arcadier\\git\\Arctick\\Reports\\Suites\\Admin Category\\20190527_092604\\1558921076915.png, C:\\Users\\Arcadier\\git\\Arctick\\Reports\\Suites\\Admin Category\\20190527_092604\\1558921085110.png, C:\\Users\\Arcadier\\git\\Arctick\\Reports\\Suites\\Admin Category\\20190527_092604\\1558921102306.png, C:\\Users\\Arcadier\\git\\Arctick\\Reports\\Suites\\Admin Category\\20190527_092604\\1558921145112.png, C:\\Users\\Arcadier\\git\\Arctick\\Reports\\Suites\\Admin Category\\20190527_092604\\1558921153250.png, C:\\Users\\Arcadier\\git\\Arctick\\Reports\\Suites\\Admin Category\\20190527_092604\\1558921161719.png, C:\\Users\\Arcadier\\git\\Arctick\\Reports\\Suites\\Admin Category\\20190527_092604\\1558921170553.png, C:\\Users\\Arcadier\\git\\Arctick\\Reports\\Suites\\Admin Category\\20190527_092604\\1558921178651.png, C:\\Users\\Arcadier\\git\\Arctick\\Reports\\Suites\\Admin Category\\20190527_092604\\1558921186671.png, C:\\Users\\Arcadier\\git\\Arctick\\Reports\\Suites\\Admin Category\\20190527_092604\\1558921221449.png, C:\\Users\\Arcadier\\git\\Arctick\\Reports\\Suites\\Admin Category\\20190527_092604\\1558921246821.png, C:\\Users\\Arcadier\\git\\Arctick\\Reports\\Suites\\Admin Category\\20190527_092604\\1558921281788.png, C:\\Users\\Arcadier\\git\\Arctick\\Reports\\Suites\\Admin Category\\20190527_092604\\1558921291631.png, C:\\Users\\Arcadier\\git\\Arctick\\Reports\\Suites\\Admin Category\\20190527_092604\\1558921300007.png, C:\\Users\\Arcadier\\git\\Arctick\\Reports\\Suites\\Admin Category\\20190527_092604\\1558921308332.png, C:\\Users\\Arcadier\\git\\Arctick\\Reports\\Suites\\Admin Category\\20190527_092604\\1558921353746.png, C:\\Users\\Arcadier\\git\\Arctick\\Reports\\Suites\\Admin Category\\20190527_092604\\1558921403416.png, C:\\Users\\Arcadier\\git\\Arctick\\Reports\\Suites\\Admin Category\\20190527_092604\\1558921412289.png, C:\\Users\\Arcadier\\git\\Arctick\\Reports\\Suites\\Admin Category\\20190527_092604\\1558921431491.png, C:\\Users\\Arcadier\\git\\Arctick\\Reports\\Suites\\Admin Category\\20190527_092604\\1558921460853.png, C:\\Users\\Arcadier\\git\\Arctick\\Reports\\Suites\\Admin Category\\20190527_092604\\1558921510692.png, C:\\Users\\Arcadier\\git\\Arctick\\Reports\\Suites\\Admin Category\\20190527_092604\\1558921519662.png, C:\\Users\\Arcadier\\git\\Arctick\\Reports\\Suites\\Admin Category\\20190527_092604\\1558921528306.png, C:\\Users\\Arcadier\\git\\Arctick\\Reports\\Suites\\Admin Category\\20190527_092604\\1558921536920.png, C:\\Users\\Arcadier\\git\\Arctick\\Reports\\Suites\\Admin Category\\20190527_092604\\1558921546102.png, C:\\Users\\Arcadier\\git\\Arctick\\Reports\\Suites\\Admin Category\\20190527_092604\\1558921555480.png, C:\\Users\\Arcadier\\git\\Arctick\\Reports\\Suites\\Admin Category\\20190527_092604\\1558921576674.png, C:\\Users\\Arcadier\\git\\Arctick\\Reports\\Suites\\Admin Category\\20190527_092604\\1558921586004.png, C:\\Users\\Arcadier\\git\\Arctick\\Reports\\Suites\\Admin Category\\20190527_092604\\1558921595776.png, C:\\Users\\Arcadier\\git\\Arctick\\Reports\\Suites\\Admin Category\\20190527_092604\\1558921650678.png, C:\\Users\\Arcadier\\git\\Arctick\\Reports\\Suites\\Admin Category\\20190527_092604\\1558921661200.png, C:\\Users\\Arcadier\\git\\Arctick\\Reports\\Suites\\Admin Category\\20190527_092604\\1558921672869.png, C:\\Users\\Arcadier\\git\\Arctick\\Reports\\Suites\\Admin Category\\20190527_092604\\1558921693076.png, C:\\Users\\Arcadier\\git\\Arctick\\Reports\\Suites\\Admin Category\\20190527_092604\\1558921876276.png, C:\\Users\\Arcadier\\git\\Arctick\\Reports\\Suites\\Admin Category\\20190527_092604\\1558921940829.png, C:\\Users\\Arcadier\\git\\Arctick\\Reports\\Suites\\Admin Category\\20190527_092604\\1558922004670.png, C:\\Users\\Arcadier\\git\\Arctick\\Reports\\Suites\\Admin Category\\20190527_092604\\1558922024671.png, C:\\Users\\Arcadier\\git\\Arctick\\Reports\\Suites\\Admin Category\\20190527_092604\\1558922075473.png, C:\\Users\\Arcadier\\git\\Arctick\\Reports\\Suites\\Admin Category\\20190527_092604\\1558922095329.png, C:\\Users\\Arcadier\\git\\Arctick\\Reports\\Suites\\Admin Category\\20190527_092604\\1558922202053.png, C:\\Users\\Arcadier\\git\\Arctick\\Reports\\Suites\\Admin Category\\20190527_092604\\1558922223498.png, C:\\Users\\Arcadier\\git\\Arctick\\Reports\\Suites\\Admin Category\\20190527_092604\\1558922287619.png, C:\\Users\\Arcadier\\git\\Arctick\\Reports\\Suites\\Admin Category\\20190527_092604\\1558922361915.png, C:\\Users\\Arcadier\\git\\Arctick\\Reports\\Suites\\Admin Category\\20190527_092604\\1558922516844.png, C:\\Users\\Arcadier\\git\\Arctick\\Reports\\Suites\\Admin Category\\20190527_092604\\1558922527570.png, C:\\Users\\Arcadier\\git\\Arctick\\Reports\\Suites\\Admin Category\\20190527_092604\\1558922723199.png, C:\\Users\\Arcadier\\git\\Arctick\\Reports\\Suites\\Admin Category\\20190527_092604\\1558922776207.png, C:\\Users\\Arcadier\\git\\Arctick\\Reports\\Suites\\Admin Category\\20190527_092604\\1558922788213.png"/>
         <property name="hostName" value="Arcadier - Arcadier-PC"/>
         <property name="os" value="Windows 7 64bit"/>
         <property name="katalonVersion" value="5.4.2.1"/>
         <property name="browser" value="Chrome 74.0.3729.169"/>
         <property name="hostAddress" value="10.10.31.95"/>
         <property name="sessionId" value="f912d58d04e0ea049492dcdbe1240f08"/>
         <property name="seleniumVersion" value="3.7.1"/>
         <property name="proxyInformation" value="ProxyInformation{proxyOption=NO_PROXY, proxyServerType=HTTP, password=, proxyServerAddress=, proxyServerPort=0}"/>
         <property name="platform" value="Windows 7"/>
      </properties>
      <testcase name="Test Cases/ADMIN/Content Mgmt/Categories/Category Add-Edit/Add Category" classname="Test Cases/ADMIN/Content Mgmt/Categories/Category Add-Edit/Add Category" status="PASSED">
         <system-out><![CDATA[2019-05-27 09:26:08 - [TEST_CASE][PASSED] - Test Cases/ADMIN/Content Mgmt/Categories/Category Add-Edit/Add Category: Test Cases/ADMIN/Content Mgmt/Categories/Category Add-Edit/Add Category

2019-05-27 09:26:08 - [TEST_STEP][PASSED] - waitForElementVisible: Object 'Object Repository/ADMIN/Categories/Category List/button_Content Mgmt' is visible

2019-05-27 09:26:09 - [MESSAGE][WARNING] - Timeout '0' is invalid. Using default page load timeout: '30'

2019-05-27 09:26:10 - [MESSAGE][PASSED] - Object 'Object Repository/ADMIN/Categories/Category List/button_Content Mgmt' is visible

2019-05-27 09:26:10 - [TEST_STEP][PASSED] - click: Object: 'Object Repository/ADMIN/Categories/Category List/button_Content Mgmt' is clicked on

2019-05-27 09:26:10 - [MESSAGE][PASSED] - Object: 'Object Repository/ADMIN/Categories/Category List/button_Content Mgmt' is clicked on

2019-05-27 09:26:10 - [TEST_STEP][PASSED] - waitForElementVisible: Object 'Object Repository/ADMIN/Categories/Category List/button_Categories' is visible

2019-05-27 09:26:10 - [MESSAGE][WARNING] - Timeout '0' is invalid. Using default page load timeout: '30'

2019-05-27 09:26:11 - [MESSAGE][PASSED] - Object 'Object Repository/ADMIN/Categories/Category List/button_Categories' is visible

2019-05-27 09:26:11 - [TEST_STEP][PASSED] - click: Object: 'Object Repository/ADMIN/Categories/Category List/button_Categories' is clicked on

2019-05-27 09:26:13 - [MESSAGE][PASSED] - Object: 'Object Repository/ADMIN/Categories/Category List/button_Categories' is clicked on

2019-05-27 09:26:13 - [TEST_STEP][PASSED] - waitForPageLoad: Wait for page load successfully

2019-05-27 09:26:13 - [MESSAGE][WARNING] - Timeout '0' is invalid. Using default page load timeout: '30'

2019-05-27 09:26:13 - [MESSAGE][PASSED] - Wait for page load successfully

2019-05-27 09:26:13 - [TEST_STEP][PASSED] - click: Object: 'Object Repository/ADMIN/Categories/Category List/button_Add a Category' is clicked on

2019-05-27 09:26:14 - [MESSAGE][PASSED] - Object: 'Object Repository/ADMIN/Categories/Category List/button_Add a Category' is clicked on

2019-05-27 09:26:14 - [TEST_STEP][PASSED] - waitForElementPresent: Object 'Object Repository/ADMIN/Categories/Category/dropdown_Parent' is present

2019-05-27 09:26:14 - [MESSAGE][PASSED] - Object 'Object Repository/ADMIN/Categories/Category/dropdown_Parent' is present

2019-05-27 09:26:14 - [TEST_STEP][PASSED] - delay: Delayed 1 second(s)

2019-05-27 09:26:15 - [MESSAGE][PASSED] - Delayed 1 second(s)

2019-05-27 09:26:15 - [TEST_STEP][PASSED] - setText: Text 'Category 1.1' is set on object 'Object Repository/ADMIN/Categories/Category/textfield_Category Name'

2019-05-27 09:26:15 - [MESSAGE][PASSED] - Text 'Category 1.1' is set on object 'Object Repository/ADMIN/Categories/Category/textfield_Category Name'

2019-05-27 09:26:15 - [TEST_STEP][PASSED] - click: Object: 'Object Repository/ADMIN/Categories/Category/dropdown_Parent' is clicked on

2019-05-27 09:26:16 - [MESSAGE][PASSED] - Object: 'Object Repository/ADMIN/Categories/Category/dropdown_Parent' is clicked on

2019-05-27 09:26:16 - [TEST_STEP][PASSED] - delay: Delayed 2 second(s)

2019-05-27 09:26:18 - [MESSAGE][PASSED] - Delayed 2 second(s)

2019-05-27 09:26:18 - [TEST_STEP][PASSED] - click: Object: 'Object Repository/ADMIN/Categories/Category/dropdown_Parent' is clicked on

2019-05-27 09:26:18 - [MESSAGE][PASSED] - Object: 'Object Repository/ADMIN/Categories/Category/dropdown_Parent' is clicked on

2019-05-27 09:26:18 - [TEST_STEP][PASSED] - selectOptionByLabel: All options with label 'Category 1' are selected in object 'Object Repository/ADMIN/Categories/Category/dropdown_Parent' 

2019-05-27 09:26:18 - [MESSAGE][PASSED] - All options with label 'Category 1' are selected in object 'Object Repository/ADMIN/Categories/Category/dropdown_Parent' 

2019-05-27 09:26:18 - [TEST_STEP][PASSED] - click: Object: 'Object Repository/ADMIN/Categories/Category/button_Browse' is clicked on

2019-05-27 09:26:19 - [MESSAGE][PASSED] - Object: 'Object Repository/ADMIN/Categories/Category/button_Browse' is clicked on

2019-05-27 09:26:19 - [TEST_STEP][PASSED] - delay: Delayed 2 second(s)

2019-05-27 09:26:21 - [MESSAGE][PASSED] - Delayed 2 second(s)

2019-05-27 09:26:21 - [TEST_STEP][PASSED] - uploadFile: File 'C:\\Katalon\\Image\\pic1.jpg' sent to object: 'Object Repository/ADMIN/Categories/Category/image_input image'

2019-05-27 09:26:21 - [MESSAGE][PASSED] - File 'C:\\Katalon\\Image\\pic1.jpg' sent to object: 'Object Repository/ADMIN/Categories/Category/image_input image'

2019-05-27 09:26:21 - [TEST_STEP][PASSED] - waitForElementVisible: Object 'Object Repository/ADMIN/Categories/Category/button_upload check' is visible

2019-05-27 09:26:21 - [MESSAGE][WARNING] - Timeout '0' is invalid. Using default page load timeout: '30'

2019-05-27 09:26:21 - [MESSAGE][PASSED] - Object 'Object Repository/ADMIN/Categories/Category/button_upload check' is visible

2019-05-27 09:26:21 - [TEST_STEP][PASSED] - click: Object: 'Object Repository/ADMIN/Categories/Category/button_upload check' is clicked on

2019-05-27 09:26:21 - [MESSAGE][PASSED] - Object: 'Object Repository/ADMIN/Categories/Category/button_upload check' is clicked on

2019-05-27 09:26:21 - [TEST_STEP][PASSED] - click: Object: 'Object Repository/ADMIN/Categories/Category/button_upload save' is clicked on

2019-05-27 09:26:22 - [MESSAGE][PASSED] - Object: 'Object Repository/ADMIN/Categories/Category/button_upload save' is clicked on

2019-05-27 09:26:22 - [TEST_STEP][PASSED] - waitForElementVisible: Object 'Object Repository/ADMIN/Categories/Category/button_upload save' is visible

2019-05-27 09:26:22 - [MESSAGE][WARNING] - Timeout '0' is invalid. Using default page load timeout: '30'

2019-05-27 09:26:22 - [MESSAGE][PASSED] - Object 'Object Repository/ADMIN/Categories/Category/button_upload save' is visible

2019-05-27 09:26:22 - [TEST_STEP][PASSED] - setText: Text 'Description2' is set on object 'Object Repository/ADMIN/Categories/Category/textfield_category_description'

2019-05-27 09:26:23 - [MESSAGE][PASSED] - Text 'Description2' is set on object 'Object Repository/ADMIN/Categories/Category/textfield_category_description'

2019-05-27 09:26:23 - [TEST_STEP][PASSED] - click: Object: 'Object Repository/ADMIN/Categories/Category/button_Save' is clicked on

2019-05-27 09:26:23 - [MESSAGE][PASSED] - Object: 'Object Repository/ADMIN/Categories/Category/button_Save' is clicked on

2019-05-27 09:26:23 - [TEST_STEP][PASSED] - waitForElementVisible: Object 'Object Repository/ADMIN/Categories/Category/label_edit popup' is visible

2019-05-27 09:26:23 - [MESSAGE][WARNING] - Timeout '0' is invalid. Using default page load timeout: '30'

2019-05-27 09:26:24 - [MESSAGE][PASSED] - Object 'Object Repository/ADMIN/Categories/Category/label_edit popup' is visible

2019-05-27 09:26:24 - [TEST_STEP][PASSED] - waitForElementNotPresent: Web element with id: 'Object Repository/ADMIN/Categories/Category/label_edit popup' located by 'By.xpath: //div[(text() = 'Category was successfully saved.' or . = 'Category was successfully saved.')]' is not present after '30' second(s)

2019-05-27 09:26:24 - [MESSAGE][WARNING] - Timeout '0' is invalid. Using default page load timeout: '30'

2019-05-27 09:26:30 - [MESSAGE][PASSED] - Web element with id: 'Object Repository/ADMIN/Categories/Category/label_edit popup' located by 'By.xpath: //div[(text() = 'Category was successfully saved.' or . = 'Category was successfully saved.')]' is not present after '30' second(s)]]></system-out>
         <system-err><![CDATA[]]></system-err>
      </testcase>
      <testcase name="Test Cases/ADMIN/Content Mgmt/Categories/Category Add-Edit/Add Category" classname="Test Cases/ADMIN/Content Mgmt/Categories/Category Add-Edit/Add Category" status="PASSED">
         <system-out><![CDATA[2019-05-27 09:26:30 - [TEST_CASE][PASSED] - Test Cases/ADMIN/Content Mgmt/Categories/Category Add-Edit/Add Category: Test Cases/ADMIN/Content Mgmt/Categories/Category Add-Edit/Add Category

2019-05-27 09:26:30 - [TEST_STEP][PASSED] - waitForElementVisible: Object 'Object Repository/ADMIN/Categories/Category List/button_Content Mgmt' is visible

2019-05-27 09:26:30 - [MESSAGE][WARNING] - Timeout '0' is invalid. Using default page load timeout: '30'

2019-05-27 09:26:30 - [MESSAGE][PASSED] - Object 'Object Repository/ADMIN/Categories/Category List/button_Content Mgmt' is visible

2019-05-27 09:26:30 - [TEST_STEP][PASSED] - click: Object: 'Object Repository/ADMIN/Categories/Category List/button_Content Mgmt' is clicked on

2019-05-27 09:26:30 - [MESSAGE][PASSED] - Object: 'Object Repository/ADMIN/Categories/Category List/button_Content Mgmt' is clicked on

2019-05-27 09:26:30 - [TEST_STEP][PASSED] - waitForElementVisible: Object 'Object Repository/ADMIN/Categories/Category List/button_Categories' is visible

2019-05-27 09:26:30 - [MESSAGE][WARNING] - Timeout '0' is invalid. Using default page load timeout: '30'

2019-05-27 09:26:30 - [MESSAGE][PASSED] - Object 'Object Repository/ADMIN/Categories/Category List/button_Categories' is visible

2019-05-27 09:26:30 - [TEST_STEP][PASSED] - click: Object: 'Object Repository/ADMIN/Categories/Category List/button_Categories' is clicked on

2019-05-27 09:26:31 - [MESSAGE][PASSED] - Object: 'Object Repository/ADMIN/Categories/Category List/button_Categories' is clicked on

2019-05-27 09:26:31 - [TEST_STEP][PASSED] - waitForPageLoad: Wait for page load successfully

2019-05-27 09:26:31 - [MESSAGE][WARNING] - Timeout '0' is invalid. Using default page load timeout: '30'

2019-05-27 09:26:32 - [MESSAGE][PASSED] - Wait for page load successfully

2019-05-27 09:26:32 - [TEST_STEP][PASSED] - click: Object: 'Object Repository/ADMIN/Categories/Category List/button_Add a Category' is clicked on

2019-05-27 09:26:32 - [MESSAGE][PASSED] - Object: 'Object Repository/ADMIN/Categories/Category List/button_Add a Category' is clicked on

2019-05-27 09:26:32 - [TEST_STEP][PASSED] - waitForElementPresent: Object 'Object Repository/ADMIN/Categories/Category/dropdown_Parent' is present

2019-05-27 09:26:32 - [MESSAGE][PASSED] - Object 'Object Repository/ADMIN/Categories/Category/dropdown_Parent' is present

2019-05-27 09:26:32 - [TEST_STEP][PASSED] - delay: Delayed 1 second(s)

2019-05-27 09:26:33 - [MESSAGE][PASSED] - Delayed 1 second(s)

2019-05-27 09:26:33 - [TEST_STEP][PASSED] - setText: Text 'Category 1.2' is set on object 'Object Repository/ADMIN/Categories/Category/textfield_Category Name'

2019-05-27 09:26:34 - [MESSAGE][PASSED] - Text 'Category 1.2' is set on object 'Object Repository/ADMIN/Categories/Category/textfield_Category Name'

2019-05-27 09:26:34 - [TEST_STEP][PASSED] - click: Object: 'Object Repository/ADMIN/Categories/Category/dropdown_Parent' is clicked on

2019-05-27 09:26:34 - [MESSAGE][PASSED] - Object: 'Object Repository/ADMIN/Categories/Category/dropdown_Parent' is clicked on

2019-05-27 09:26:34 - [TEST_STEP][PASSED] - delay: Delayed 2 second(s)

2019-05-27 09:26:36 - [MESSAGE][PASSED] - Delayed 2 second(s)

2019-05-27 09:26:36 - [TEST_STEP][PASSED] - click: Object: 'Object Repository/ADMIN/Categories/Category/dropdown_Parent' is clicked on

2019-05-27 09:26:36 - [MESSAGE][PASSED] - Object: 'Object Repository/ADMIN/Categories/Category/dropdown_Parent' is clicked on

2019-05-27 09:26:36 - [TEST_STEP][PASSED] - selectOptionByLabel: All options with label 'Category 1' are selected in object 'Object Repository/ADMIN/Categories/Category/dropdown_Parent' 

2019-05-27 09:26:37 - [MESSAGE][PASSED] - All options with label 'Category 1' are selected in object 'Object Repository/ADMIN/Categories/Category/dropdown_Parent' 

2019-05-27 09:26:37 - [TEST_STEP][PASSED] - click: Object: 'Object Repository/ADMIN/Categories/Category/button_Browse' is clicked on

2019-05-27 09:26:37 - [MESSAGE][PASSED] - Object: 'Object Repository/ADMIN/Categories/Category/button_Browse' is clicked on

2019-05-27 09:26:37 - [TEST_STEP][PASSED] - delay: Delayed 2 second(s)

2019-05-27 09:26:39 - [MESSAGE][PASSED] - Delayed 2 second(s)

2019-05-27 09:26:39 - [TEST_STEP][PASSED] - uploadFile: File 'C:\\Katalon\\Image\\pic2.jpg' sent to object: 'Object Repository/ADMIN/Categories/Category/image_input image'

2019-05-27 09:26:39 - [MESSAGE][PASSED] - File 'C:\\Katalon\\Image\\pic2.jpg' sent to object: 'Object Repository/ADMIN/Categories/Category/image_input image'

2019-05-27 09:26:39 - [TEST_STEP][PASSED] - waitForElementVisible: Object 'Object Repository/ADMIN/Categories/Category/button_upload check' is visible

2019-05-27 09:26:39 - [MESSAGE][WARNING] - Timeout '0' is invalid. Using default page load timeout: '30'

2019-05-27 09:26:39 - [MESSAGE][PASSED] - Object 'Object Repository/ADMIN/Categories/Category/button_upload check' is visible

2019-05-27 09:26:39 - [TEST_STEP][PASSED] - click: Object: 'Object Repository/ADMIN/Categories/Category/button_upload check' is clicked on

2019-05-27 09:26:39 - [MESSAGE][PASSED] - Object: 'Object Repository/ADMIN/Categories/Category/button_upload check' is clicked on

2019-05-27 09:26:39 - [TEST_STEP][PASSED] - click: Object: 'Object Repository/ADMIN/Categories/Category/button_upload save' is clicked on

2019-05-27 09:26:39 - [MESSAGE][PASSED] - Object: 'Object Repository/ADMIN/Categories/Category/button_upload save' is clicked on

2019-05-27 09:26:39 - [TEST_STEP][PASSED] - waitForElementVisible: Object 'Object Repository/ADMIN/Categories/Category/button_upload save' is visible

2019-05-27 09:26:39 - [MESSAGE][WARNING] - Timeout '0' is invalid. Using default page load timeout: '30'

2019-05-27 09:26:40 - [MESSAGE][PASSED] - Object 'Object Repository/ADMIN/Categories/Category/button_upload save' is visible

2019-05-27 09:26:40 - [TEST_STEP][PASSED] - setText: Text 'Description3' is set on object 'Object Repository/ADMIN/Categories/Category/textfield_category_description'

2019-05-27 09:26:40 - [MESSAGE][PASSED] - Text 'Description3' is set on object 'Object Repository/ADMIN/Categories/Category/textfield_category_description'

2019-05-27 09:26:40 - [TEST_STEP][PASSED] - click: Object: 'Object Repository/ADMIN/Categories/Category/button_Save' is clicked on

2019-05-27 09:26:40 - [MESSAGE][PASSED] - Object: 'Object Repository/ADMIN/Categories/Category/button_Save' is clicked on

2019-05-27 09:26:40 - [TEST_STEP][PASSED] - waitForElementVisible: Object 'Object Repository/ADMIN/Categories/Category/label_edit popup' is visible

2019-05-27 09:26:40 - [MESSAGE][WARNING] - Timeout '0' is invalid. Using default page load timeout: '30'

2019-05-27 09:26:41 - [MESSAGE][PASSED] - Object 'Object Repository/ADMIN/Categories/Category/label_edit popup' is visible

2019-05-27 09:26:41 - [TEST_STEP][PASSED] - waitForElementNotPresent: Web element with id: 'Object Repository/ADMIN/Categories/Category/label_edit popup' located by 'By.xpath: //div[(text() = 'Category was successfully saved.' or . = 'Category was successfully saved.')]' is not present after '30' second(s)

2019-05-27 09:26:41 - [MESSAGE][WARNING] - Timeout '0' is invalid. Using default page load timeout: '30'

2019-05-27 09:26:47 - [MESSAGE][PASSED] - Web element with id: 'Object Repository/ADMIN/Categories/Category/label_edit popup' located by 'By.xpath: //div[(text() = 'Category was successfully saved.' or . = 'Category was successfully saved.')]' is not present after '30' second(s)]]></system-out>
         <system-err><![CDATA[]]></system-err>
      </testcase>
      <testcase name="Test Cases/ADMIN/Content Mgmt/Categories/Category Add-Edit/Add Category" classname="Test Cases/ADMIN/Content Mgmt/Categories/Category Add-Edit/Add Category" status="FAILED">
         <failure type="FAILED" message="Unable to wait for object 'Object Repository/ADMIN/Categories/Category/button_upload save' to be visible (Root cause: org.openqa.selenium.StaleElementReferenceException: stale element reference: element is not attached to the page document
  (Session info: chrome=74.0.3729.169)
  (Driver info: chromedriver=2.35.528161 (5b82f2d2aae0ca24b877009200ced9065a772e73),platform=Windows NT 6.1.7601 SP1 x86_64) (WARNING: The server did not provide any stacktrace information)
Command duration or timeout: 0 milliseconds
For documentation on this error, please visit: http://seleniumhq.org/exceptions/stale_element_reference.html
Build info: version: '3.7.1', revision: '8a0099a', time: '2017-11-06T21:07:36.161Z'
System info: host: 'ARCADIER-PC', ip: '10.10.31.95', os.name: 'Windows 7', os.arch: 'amd64', os.version: '6.1', java.version: '1.8.0_102'
Driver info: com.kms.katalon.core.webui.driver.ExistingRemoteWebDriver
Capabilities {javascriptEnabled: true, platform: ANY, platformName: ANY}
Session ID: f912d58d04e0ea049492dcdbe1240f08)"/>
         <system-out><![CDATA[2019-05-27 09:26:47 - [TEST_CASE][FAILED] - Test Cases/ADMIN/Content Mgmt/Categories/Category Add-Edit/Add Category: Test Cases/ADMIN/Content Mgmt/Categories/Category Add-Edit/Add Category FAILED because (of) Unable to wait for object 'Object Repository/ADMIN/Categories/Category/button_upload save' to be visible (Root cause: org.openqa.selenium.StaleElementReferenceException: stale element reference: element is not attached to the page document
  (Session info: chrome=74.0.3729.169)
  (Driver info: chromedriver=2.35.528161 (5b82f2d2aae0ca24b877009200ced9065a772e73),platform=Windows NT 6.1.7601 SP1 x86_64) (WARNING: The server did not provide any stacktrace information)
Command duration or timeout: 0 milliseconds
For documentation on this error, please visit: http://seleniumhq.org/exceptions/stale_element_reference.html
Build info: version: '3.7.1', revision: '8a0099a', time: '2017-11-06T21:07:36.161Z'
System info: host: 'ARCADIER-PC', ip: '10.10.31.95', os.name: 'Windows 7', os.arch: 'amd64', os.version: '6.1', java.version: '1.8.0_102'
Driver info: com.kms.katalon.core.webui.driver.ExistingRemoteWebDriver
Capabilities {javascriptEnabled: true, platform: ANY, platformName: ANY}
Session ID: f912d58d04e0ea049492dcdbe1240f08)

2019-05-27 09:26:47 - [TEST_STEP][PASSED] - waitForElementVisible: Object 'Object Repository/ADMIN/Categories/Category List/button_Content Mgmt' is visible

2019-05-27 09:26:47 - [MESSAGE][WARNING] - Timeout '0' is invalid. Using default page load timeout: '30'

2019-05-27 09:26:47 - [MESSAGE][PASSED] - Object 'Object Repository/ADMIN/Categories/Category List/button_Content Mgmt' is visible

2019-05-27 09:26:47 - [TEST_STEP][PASSED] - click: Object: 'Object Repository/ADMIN/Categories/Category List/button_Content Mgmt' is clicked on

2019-05-27 09:26:47 - [MESSAGE][PASSED] - Object: 'Object Repository/ADMIN/Categories/Category List/button_Content Mgmt' is clicked on

2019-05-27 09:26:47 - [TEST_STEP][PASSED] - waitForElementVisible: Object 'Object Repository/ADMIN/Categories/Category List/button_Categories' is visible

2019-05-27 09:26:47 - [MESSAGE][WARNING] - Timeout '0' is invalid. Using default page load timeout: '30'

2019-05-27 09:26:47 - [MESSAGE][PASSED] - Object 'Object Repository/ADMIN/Categories/Category List/button_Categories' is visible

2019-05-27 09:26:47 - [TEST_STEP][PASSED] - click: Object: 'Object Repository/ADMIN/Categories/Category List/button_Categories' is clicked on

2019-05-27 09:26:48 - [MESSAGE][PASSED] - Object: 'Object Repository/ADMIN/Categories/Category List/button_Categories' is clicked on

2019-05-27 09:26:48 - [TEST_STEP][PASSED] - waitForPageLoad: Wait for page load successfully

2019-05-27 09:26:48 - [MESSAGE][WARNING] - Timeout '0' is invalid. Using default page load timeout: '30'

2019-05-27 09:26:48 - [MESSAGE][PASSED] - Wait for page load successfully

2019-05-27 09:26:48 - [TEST_STEP][PASSED] - click: Object: 'Object Repository/ADMIN/Categories/Category List/button_Add a Category' is clicked on

2019-05-27 09:26:48 - [MESSAGE][PASSED] - Object: 'Object Repository/ADMIN/Categories/Category List/button_Add a Category' is clicked on

2019-05-27 09:26:48 - [TEST_STEP][PASSED] - waitForElementPresent: Object 'Object Repository/ADMIN/Categories/Category/dropdown_Parent' is present

2019-05-27 09:26:48 - [MESSAGE][PASSED] - Object 'Object Repository/ADMIN/Categories/Category/dropdown_Parent' is present

2019-05-27 09:26:48 - [TEST_STEP][PASSED] - delay: Delayed 1 second(s)

2019-05-27 09:26:49 - [MESSAGE][PASSED] - Delayed 1 second(s)

2019-05-27 09:26:49 - [TEST_STEP][PASSED] - setText: Text 'Category 1.2.1' is set on object 'Object Repository/ADMIN/Categories/Category/textfield_Category Name'

2019-05-27 09:26:49 - [MESSAGE][PASSED] - Text 'Category 1.2.1' is set on object 'Object Repository/ADMIN/Categories/Category/textfield_Category Name'

2019-05-27 09:26:49 - [TEST_STEP][PASSED] - click: Object: 'Object Repository/ADMIN/Categories/Category/dropdown_Parent' is clicked on

2019-05-27 09:26:50 - [MESSAGE][PASSED] - Object: 'Object Repository/ADMIN/Categories/Category/dropdown_Parent' is clicked on

2019-05-27 09:26:50 - [TEST_STEP][PASSED] - delay: Delayed 2 second(s)

2019-05-27 09:26:52 - [MESSAGE][PASSED] - Delayed 2 second(s)

2019-05-27 09:26:52 - [TEST_STEP][PASSED] - click: Object: 'Object Repository/ADMIN/Categories/Category/dropdown_Parent' is clicked on

2019-05-27 09:26:52 - [MESSAGE][PASSED] - Object: 'Object Repository/ADMIN/Categories/Category/dropdown_Parent' is clicked on

2019-05-27 09:26:52 - [TEST_STEP][PASSED] - selectOptionByLabel: All options with label 'Category 1.2' are selected in object 'Object Repository/ADMIN/Categories/Category/dropdown_Parent' 

2019-05-27 09:26:52 - [MESSAGE][PASSED] - All options with label 'Category 1.2' are selected in object 'Object Repository/ADMIN/Categories/Category/dropdown_Parent' 

2019-05-27 09:26:52 - [TEST_STEP][PASSED] - click: Object: 'Object Repository/ADMIN/Categories/Category/button_Browse' is clicked on

2019-05-27 09:26:52 - [MESSAGE][PASSED] - Object: 'Object Repository/ADMIN/Categories/Category/button_Browse' is clicked on

2019-05-27 09:26:52 - [TEST_STEP][PASSED] - delay: Delayed 2 second(s)

2019-05-27 09:26:54 - [MESSAGE][PASSED] - Delayed 2 second(s)

2019-05-27 09:26:54 - [TEST_STEP][PASSED] - uploadFile: File 'C:\\Katalon\\Image\\pic3.jpg' sent to object: 'Object Repository/ADMIN/Categories/Category/image_input image'

2019-05-27 09:26:54 - [MESSAGE][PASSED] - File 'C:\\Katalon\\Image\\pic3.jpg' sent to object: 'Object Repository/ADMIN/Categories/Category/image_input image'

2019-05-27 09:26:54 - [TEST_STEP][PASSED] - waitForElementVisible: Object 'Object Repository/ADMIN/Categories/Category/button_upload check' is visible

2019-05-27 09:26:54 - [MESSAGE][WARNING] - Timeout '0' is invalid. Using default page load timeout: '30'

2019-05-27 09:26:54 - [MESSAGE][PASSED] - Object 'Object Repository/ADMIN/Categories/Category/button_upload check' is visible

2019-05-27 09:26:54 - [TEST_STEP][PASSED] - click: Object: 'Object Repository/ADMIN/Categories/Category/button_upload check' is clicked on

2019-05-27 09:26:55 - [MESSAGE][PASSED] - Object: 'Object Repository/ADMIN/Categories/Category/button_upload check' is clicked on

2019-05-27 09:26:55 - [TEST_STEP][PASSED] - click: Object: 'Object Repository/ADMIN/Categories/Category/button_upload save' is clicked on

2019-05-27 09:26:55 - [MESSAGE][PASSED] - Object: 'Object Repository/ADMIN/Categories/Category/button_upload save' is clicked on

2019-05-27 09:26:55 - [TEST_STEP][FAILED] - waitForElementVisible: Unable to wait for object 'Object Repository/ADMIN/Categories/Category/button_upload save' to be visible (Root cause: org.openqa.selenium.StaleElementReferenceException: stale element reference: element is not attached to the page document
  (Session info: chrome=74.0.3729.169)
  (Driver info: chromedriver=2.35.528161 (5b82f2d2aae0ca24b877009200ced9065a772e73),platform=Windows NT 6.1.7601 SP1 x86_64) (WARNING: The server did not provide any stacktrace information)
Command duration or timeout: 0 milliseconds
For documentation on this error, please visit: http://seleniumhq.org/exceptions/stale_element_reference.html
Build info: version: '3.7.1', revision: '8a0099a', time: '2017-11-06T21:07:36.161Z'
System info: host: 'ARCADIER-PC', ip: '10.10.31.95', os.name: 'Windows 7', os.arch: 'amd64', os.version: '6.1', java.version: '1.8.0_102'
Driver info: com.kms.katalon.core.webui.driver.ExistingRemoteWebDriver
Capabilities {javascriptEnabled: true, platform: ANY, platformName: ANY}
Session ID: f912d58d04e0ea049492dcdbe1240f08)

2019-05-27 09:26:55 - [MESSAGE][WARNING] - Timeout '0' is invalid. Using default page load timeout: '30'

2019-05-27 09:26:56 - [MESSAGE][FAILED] - Unable to wait for object 'Object Repository/ADMIN/Categories/Category/button_upload save' to be visible (Root cause: org.openqa.selenium.StaleElementReferenceException: stale element reference: element is not attached to the page document
  (Session info: chrome=74.0.3729.169)
  (Driver info: chromedriver=2.35.528161 (5b82f2d2aae0ca24b877009200ced9065a772e73),platform=Windows NT 6.1.7601 SP1 x86_64) (WARNING: The server did not provide any stacktrace information)
Command duration or timeout: 0 milliseconds
For documentation on this error, please visit: http://seleniumhq.org/exceptions/stale_element_reference.html
Build info: version: '3.7.1', revision: '8a0099a', time: '2017-11-06T21:07:36.161Z'
System info: host: 'ARCADIER-PC', ip: '10.10.31.95', os.name: 'Windows 7', os.arch: 'amd64', os.version: '6.1', java.version: '1.8.0_102'
Driver info: com.kms.katalon.core.webui.driver.ExistingRemoteWebDriver
Capabilities {javascriptEnabled: true, platform: ANY, platformName: ANY}
Session ID: f912d58d04e0ea049492dcdbe1240f08)
[[ATTACHMENT|C:\\Users\\Arcadier\\git\\Arctick\\Reports\\Suites\\Admin Category\\20190527_092604\\1558920415711.png]]

2019-05-27 09:26:56 - [TEST_STEP][PASSED] - setText: Text 'Description4' is set on object 'Object Repository/ADMIN/Categories/Category/textfield_category_description'

2019-05-27 09:26:56 - [MESSAGE][PASSED] - Text 'Description4' is set on object 'Object Repository/ADMIN/Categories/Category/textfield_category_description'

2019-05-27 09:26:56 - [TEST_STEP][PASSED] - click: Object: 'Object Repository/ADMIN/Categories/Category/button_Save' is clicked on

2019-05-27 09:26:56 - [MESSAGE][PASSED] - Object: 'Object Repository/ADMIN/Categories/Category/button_Save' is clicked on

2019-05-27 09:26:56 - [TEST_STEP][PASSED] - waitForElementVisible: Object 'Object Repository/ADMIN/Categories/Category/label_edit popup' is visible

2019-05-27 09:26:56 - [MESSAGE][WARNING] - Timeout '0' is invalid. Using default page load timeout: '30'

2019-05-27 09:26:57 - [MESSAGE][PASSED] - Object 'Object Repository/ADMIN/Categories/Category/label_edit popup' is visible

2019-05-27 09:26:57 - [TEST_STEP][PASSED] - waitForElementNotPresent: Web element with id: 'Object Repository/ADMIN/Categories/Category/label_edit popup' located by 'By.xpath: //div[(text() = 'Category was successfully saved.' or . = 'Category was successfully saved.')]' is not present after '30' second(s)

2019-05-27 09:26:57 - [MESSAGE][WARNING] - Timeout '0' is invalid. Using default page load timeout: '30'

2019-05-27 09:27:02 - [MESSAGE][PASSED] - Web element with id: 'Object Repository/ADMIN/Categories/Category/label_edit popup' located by 'By.xpath: //div[(text() = 'Category was successfully saved.' or . = 'Category was successfully saved.')]' is not present after '30' second(s)]]></system-out>
         <system-err><![CDATA[2019-05-27 09:26:47 - [TEST_CASE][FAILED] - Test Cases/ADMIN/Content Mgmt/Categories/Category Add-Edit/Add Category: Test Cases/ADMIN/Content Mgmt/Categories/Category Add-Edit/Add Category FAILED because (of) Unable to wait for object 'Object Repository/ADMIN/Categories/Category/button_upload save' to be visible (Root cause: org.openqa.selenium.StaleElementReferenceException: stale element reference: element is not attached to the page document
  (Session info: chrome=74.0.3729.169)
  (Driver info: chromedriver=2.35.528161 (5b82f2d2aae0ca24b877009200ced9065a772e73),platform=Windows NT 6.1.7601 SP1 x86_64) (WARNING: The server did not provide any stacktrace information)
Command duration or timeout: 0 milliseconds
For documentation on this error, please visit: http://seleniumhq.org/exceptions/stale_element_reference.html
Build info: version: '3.7.1', revision: '8a0099a', time: '2017-11-06T21:07:36.161Z'
System info: host: 'ARCADIER-PC', ip: '10.10.31.95', os.name: 'Windows 7', os.arch: 'amd64', os.version: '6.1', java.version: '1.8.0_102'
Driver info: com.kms.katalon.core.webui.driver.ExistingRemoteWebDriver
Capabilities {javascriptEnabled: true, platform: ANY, platformName: ANY}
Session ID: f912d58d04e0ea049492dcdbe1240f08)]]></system-err>
      </testcase>
      <testcase name="Test Cases/ADMIN/Content Mgmt/Categories/Category Add-Edit/Add Category" classname="Test Cases/ADMIN/Content Mgmt/Categories/Category Add-Edit/Add Category" status="FAILED">
         <failure type="FAILED" message="Unable to wait for object 'Object Repository/ADMIN/Categories/Category/button_upload save' to be visible (Root cause: org.openqa.selenium.StaleElementReferenceException: stale element reference: element is not attached to the page document
  (Session info: chrome=74.0.3729.169)
  (Driver info: chromedriver=2.35.528161 (5b82f2d2aae0ca24b877009200ced9065a772e73),platform=Windows NT 6.1.7601 SP1 x86_64) (WARNING: The server did not provide any stacktrace information)
Command duration or timeout: 0 milliseconds
For documentation on this error, please visit: http://seleniumhq.org/exceptions/stale_element_reference.html
Build info: version: '3.7.1', revision: '8a0099a', time: '2017-11-06T21:07:36.161Z'
System info: host: 'ARCADIER-PC', ip: '10.10.31.95', os.name: 'Windows 7', os.arch: 'amd64', os.version: '6.1', java.version: '1.8.0_102'
Driver info: com.kms.katalon.core.webui.driver.ExistingRemoteWebDriver
Capabilities {javascriptEnabled: true, platform: ANY, platformName: ANY}
Session ID: f912d58d04e0ea049492dcdbe1240f08)"/>
         <system-out><![CDATA[2019-05-27 09:27:02 - [TEST_CASE][FAILED] - Test Cases/ADMIN/Content Mgmt/Categories/Category Add-Edit/Add Category: Test Cases/ADMIN/Content Mgmt/Categories/Category Add-Edit/Add Category FAILED because (of) Unable to wait for object 'Object Repository/ADMIN/Categories/Category/button_upload save' to be visible (Root cause: org.openqa.selenium.StaleElementReferenceException: stale element reference: element is not attached to the page document
  (Session info: chrome=74.0.3729.169)
  (Driver info: chromedriver=2.35.528161 (5b82f2d2aae0ca24b877009200ced9065a772e73),platform=Windows NT 6.1.7601 SP1 x86_64) (WARNING: The server did not provide any stacktrace information)
Command duration or timeout: 0 milliseconds
For documentation on this error, please visit: http://seleniumhq.org/exceptions/stale_element_reference.html
Build info: version: '3.7.1', revision: '8a0099a', time: '2017-11-06T21:07:36.161Z'
System info: host: 'ARCADIER-PC', ip: '10.10.31.95', os.name: 'Windows 7', os.arch: 'amd64', os.version: '6.1', java.version: '1.8.0_102'
Driver info: com.kms.katalon.core.webui.driver.ExistingRemoteWebDriver
Capabilities {javascriptEnabled: true, platform: ANY, platformName: ANY}
Session ID: f912d58d04e0ea049492dcdbe1240f08)

2019-05-27 09:27:03 - [TEST_STEP][PASSED] - waitForElementVisible: Object 'Object Repository/ADMIN/Categories/Category List/button_Content Mgmt' is visible

2019-05-27 09:27:03 - [MESSAGE][WARNING] - Timeout '0' is invalid. Using default page load timeout: '30'

2019-05-27 09:27:03 - [MESSAGE][PASSED] - Object 'Object Repository/ADMIN/Categories/Category List/button_Content Mgmt' is visible

2019-05-27 09:27:03 - [TEST_STEP][PASSED] - click: Object: 'Object Repository/ADMIN/Categories/Category List/button_Content Mgmt' is clicked on

2019-05-27 09:27:03 - [MESSAGE][PASSED] - Object: 'Object Repository/ADMIN/Categories/Category List/button_Content Mgmt' is clicked on

2019-05-27 09:27:03 - [TEST_STEP][PASSED] - waitForElementVisible: Object 'Object Repository/ADMIN/Categories/Category List/button_Categories' is visible

2019-05-27 09:27:03 - [MESSAGE][WARNING] - Timeout '0' is invalid. Using default page load timeout: '30'

2019-05-27 09:27:04 - [MESSAGE][PASSED] - Object 'Object Repository/ADMIN/Categories/Category List/button_Categories' is visible

2019-05-27 09:27:04 - [TEST_STEP][PASSED] - click: Object: 'Object Repository/ADMIN/Categories/Category List/button_Categories' is clicked on

2019-05-27 09:27:05 - [MESSAGE][PASSED] - Object: 'Object Repository/ADMIN/Categories/Category List/button_Categories' is clicked on

2019-05-27 09:27:05 - [TEST_STEP][PASSED] - waitForPageLoad: Wait for page load successfully

2019-05-27 09:27:05 - [MESSAGE][WARNING] - Timeout '0' is invalid. Using default page load timeout: '30'

2019-05-27 09:27:05 - [MESSAGE][PASSED] - Wait for page load successfully

2019-05-27 09:27:05 - [TEST_STEP][PASSED] - click: Object: 'Object Repository/ADMIN/Categories/Category List/button_Add a Category' is clicked on

2019-05-27 09:27:06 - [MESSAGE][PASSED] - Object: 'Object Repository/ADMIN/Categories/Category List/button_Add a Category' is clicked on

2019-05-27 09:27:06 - [TEST_STEP][PASSED] - waitForElementPresent: Object 'Object Repository/ADMIN/Categories/Category/dropdown_Parent' is present

2019-05-27 09:27:06 - [MESSAGE][PASSED] - Object 'Object Repository/ADMIN/Categories/Category/dropdown_Parent' is present

2019-05-27 09:27:06 - [TEST_STEP][PASSED] - delay: Delayed 1 second(s)

2019-05-27 09:27:07 - [MESSAGE][PASSED] - Delayed 1 second(s)

2019-05-27 09:27:07 - [TEST_STEP][PASSED] - setText: Text 'Category 1.2.1.1' is set on object 'Object Repository/ADMIN/Categories/Category/textfield_Category Name'

2019-05-27 09:27:07 - [MESSAGE][PASSED] - Text 'Category 1.2.1.1' is set on object 'Object Repository/ADMIN/Categories/Category/textfield_Category Name'

2019-05-27 09:27:07 - [TEST_STEP][PASSED] - click: Object: 'Object Repository/ADMIN/Categories/Category/dropdown_Parent' is clicked on

2019-05-27 09:27:07 - [MESSAGE][PASSED] - Object: 'Object Repository/ADMIN/Categories/Category/dropdown_Parent' is clicked on

2019-05-27 09:27:07 - [TEST_STEP][PASSED] - delay: Delayed 2 second(s)

2019-05-27 09:27:09 - [MESSAGE][PASSED] - Delayed 2 second(s)

2019-05-27 09:27:09 - [TEST_STEP][PASSED] - click: Object: 'Object Repository/ADMIN/Categories/Category/dropdown_Parent' is clicked on

2019-05-27 09:27:10 - [MESSAGE][PASSED] - Object: 'Object Repository/ADMIN/Categories/Category/dropdown_Parent' is clicked on

2019-05-27 09:27:10 - [TEST_STEP][PASSED] - selectOptionByLabel: All options with label 'Category 1.2.1' are selected in object 'Object Repository/ADMIN/Categories/Category/dropdown_Parent' 

2019-05-27 09:27:10 - [MESSAGE][PASSED] - All options with label 'Category 1.2.1' are selected in object 'Object Repository/ADMIN/Categories/Category/dropdown_Parent' 

2019-05-27 09:27:10 - [TEST_STEP][PASSED] - click: Object: 'Object Repository/ADMIN/Categories/Category/button_Browse' is clicked on

2019-05-27 09:27:10 - [MESSAGE][PASSED] - Object: 'Object Repository/ADMIN/Categories/Category/button_Browse' is clicked on

2019-05-27 09:27:10 - [TEST_STEP][PASSED] - delay: Delayed 2 second(s)

2019-05-27 09:27:12 - [MESSAGE][PASSED] - Delayed 2 second(s)

2019-05-27 09:27:12 - [TEST_STEP][PASSED] - uploadFile: File 'C:\\Katalon\\Image\\pic4.jpg' sent to object: 'Object Repository/ADMIN/Categories/Category/image_input image'

2019-05-27 09:27:13 - [MESSAGE][PASSED] - File 'C:\\Katalon\\Image\\pic4.jpg' sent to object: 'Object Repository/ADMIN/Categories/Category/image_input image'

2019-05-27 09:27:13 - [TEST_STEP][PASSED] - waitForElementVisible: Object 'Object Repository/ADMIN/Categories/Category/button_upload check' is visible

2019-05-27 09:27:13 - [MESSAGE][WARNING] - Timeout '0' is invalid. Using default page load timeout: '30'

2019-05-27 09:27:13 - [MESSAGE][PASSED] - Object 'Object Repository/ADMIN/Categories/Category/button_upload check' is visible

2019-05-27 09:27:13 - [TEST_STEP][PASSED] - click: Object: 'Object Repository/ADMIN/Categories/Category/button_upload check' is clicked on

2019-05-27 09:27:13 - [MESSAGE][PASSED] - Object: 'Object Repository/ADMIN/Categories/Category/button_upload check' is clicked on

2019-05-27 09:27:13 - [TEST_STEP][PASSED] - click: Object: 'Object Repository/ADMIN/Categories/Category/button_upload save' is clicked on

2019-05-27 09:27:13 - [MESSAGE][PASSED] - Object: 'Object Repository/ADMIN/Categories/Category/button_upload save' is clicked on

2019-05-27 09:27:13 - [TEST_STEP][FAILED] - waitForElementVisible: Unable to wait for object 'Object Repository/ADMIN/Categories/Category/button_upload save' to be visible (Root cause: org.openqa.selenium.StaleElementReferenceException: stale element reference: element is not attached to the page document
  (Session info: chrome=74.0.3729.169)
  (Driver info: chromedriver=2.35.528161 (5b82f2d2aae0ca24b877009200ced9065a772e73),platform=Windows NT 6.1.7601 SP1 x86_64) (WARNING: The server did not provide any stacktrace information)
Command duration or timeout: 0 milliseconds
For documentation on this error, please visit: http://seleniumhq.org/exceptions/stale_element_reference.html
Build info: version: '3.7.1', revision: '8a0099a', time: '2017-11-06T21:07:36.161Z'
System info: host: 'ARCADIER-PC', ip: '10.10.31.95', os.name: 'Windows 7', os.arch: 'amd64', os.version: '6.1', java.version: '1.8.0_102'
Driver info: com.kms.katalon.core.webui.driver.ExistingRemoteWebDriver
Capabilities {javascriptEnabled: true, platform: ANY, platformName: ANY}
Session ID: f912d58d04e0ea049492dcdbe1240f08)

2019-05-27 09:27:13 - [MESSAGE][WARNING] - Timeout '0' is invalid. Using default page load timeout: '30'

2019-05-27 09:27:15 - [MESSAGE][FAILED] - Unable to wait for object 'Object Repository/ADMIN/Categories/Category/button_upload save' to be visible (Root cause: org.openqa.selenium.StaleElementReferenceException: stale element reference: element is not attached to the page document
  (Session info: chrome=74.0.3729.169)
  (Driver info: chromedriver=2.35.528161 (5b82f2d2aae0ca24b877009200ced9065a772e73),platform=Windows NT 6.1.7601 SP1 x86_64) (WARNING: The server did not provide any stacktrace information)
Command duration or timeout: 0 milliseconds
For documentation on this error, please visit: http://seleniumhq.org/exceptions/stale_element_reference.html
Build info: version: '3.7.1', revision: '8a0099a', time: '2017-11-06T21:07:36.161Z'
System info: host: 'ARCADIER-PC', ip: '10.10.31.95', os.name: 'Windows 7', os.arch: 'amd64', os.version: '6.1', java.version: '1.8.0_102'
Driver info: com.kms.katalon.core.webui.driver.ExistingRemoteWebDriver
Capabilities {javascriptEnabled: true, platform: ANY, platformName: ANY}
Session ID: f912d58d04e0ea049492dcdbe1240f08)
[[ATTACHMENT|C:\\Users\\Arcadier\\git\\Arctick\\Reports\\Suites\\Admin Category\\20190527_092604\\1558920434609.png]]

2019-05-27 09:27:15 - [TEST_STEP][PASSED] - setText: Text 'Description5' is set on object 'Object Repository/ADMIN/Categories/Category/textfield_category_description'

2019-05-27 09:27:15 - [MESSAGE][PASSED] - Text 'Description5' is set on object 'Object Repository/ADMIN/Categories/Category/textfield_category_description'

2019-05-27 09:27:15 - [TEST_STEP][PASSED] - click: Object: 'Object Repository/ADMIN/Categories/Category/button_Save' is clicked on

2019-05-27 09:27:15 - [MESSAGE][PASSED] - Object: 'Object Repository/ADMIN/Categories/Category/button_Save' is clicked on

2019-05-27 09:27:15 - [TEST_STEP][PASSED] - waitForElementVisible: Object 'Object Repository/ADMIN/Categories/Category/label_edit popup' is visible

2019-05-27 09:27:15 - [MESSAGE][WARNING] - Timeout '0' is invalid. Using default page load timeout: '30'

2019-05-27 09:27:16 - [MESSAGE][PASSED] - Object 'Object Repository/ADMIN/Categories/Category/label_edit popup' is visible

2019-05-27 09:27:16 - [TEST_STEP][PASSED] - waitForElementNotPresent: Web element with id: 'Object Repository/ADMIN/Categories/Category/label_edit popup' located by 'By.xpath: //div[(text() = 'Category was successfully saved.' or . = 'Category was successfully saved.')]' is not present after '30' second(s)

2019-05-27 09:27:16 - [MESSAGE][WARNING] - Timeout '0' is invalid. Using default page load timeout: '30'

2019-05-27 09:27:22 - [MESSAGE][PASSED] - Web element with id: 'Object Repository/ADMIN/Categories/Category/label_edit popup' located by 'By.xpath: //div[(text() = 'Category was successfully saved.' or . = 'Category was successfully saved.')]' is not present after '30' second(s)]]></system-out>
         <system-err><![CDATA[2019-05-27 09:27:02 - [TEST_CASE][FAILED] - Test Cases/ADMIN/Content Mgmt/Categories/Category Add-Edit/Add Category: Test Cases/ADMIN/Content Mgmt/Categories/Category Add-Edit/Add Category FAILED because (of) Unable to wait for object 'Object Repository/ADMIN/Categories/Category/button_upload save' to be visible (Root cause: org.openqa.selenium.StaleElementReferenceException: stale element reference: element is not attached to the page document
  (Session info: chrome=74.0.3729.169)
  (Driver info: chromedriver=2.35.528161 (5b82f2d2aae0ca24b877009200ced9065a772e73),platform=Windows NT 6.1.7601 SP1 x86_64) (WARNING: The server did not provide any stacktrace information)
Command duration or timeout: 0 milliseconds
For documentation on this error, please visit: http://seleniumhq.org/exceptions/stale_element_reference.html
Build info: version: '3.7.1', revision: '8a0099a', time: '2017-11-06T21:07:36.161Z'
System info: host: 'ARCADIER-PC', ip: '10.10.31.95', os.name: 'Windows 7', os.arch: 'amd64', os.version: '6.1', java.version: '1.8.0_102'
Driver info: com.kms.katalon.core.webui.driver.ExistingRemoteWebDriver
Capabilities {javascriptEnabled: true, platform: ANY, platformName: ANY}
Session ID: f912d58d04e0ea049492dcdbe1240f08)]]></system-err>
      </testcase>
      <testcase name="Test Cases/ADMIN/Content Mgmt/Categories/Category Add-Edit/Add Category" classname="Test Cases/ADMIN/Content Mgmt/Categories/Category Add-Edit/Add Category" status="PASSED">
         <system-out><![CDATA[2019-05-27 09:27:22 - [TEST_CASE][PASSED] - Test Cases/ADMIN/Content Mgmt/Categories/Category Add-Edit/Add Category: Test Cases/ADMIN/Content Mgmt/Categories/Category Add-Edit/Add Category

2019-05-27 09:27:22 - [TEST_STEP][PASSED] - waitForElementVisible: Object 'Object Repository/ADMIN/Categories/Category List/button_Content Mgmt' is visible

2019-05-27 09:27:22 - [MESSAGE][WARNING] - Timeout '0' is invalid. Using default page load timeout: '30'

2019-05-27 09:27:22 - [MESSAGE][PASSED] - Object 'Object Repository/ADMIN/Categories/Category List/button_Content Mgmt' is visible

2019-05-27 09:27:22 - [TEST_STEP][PASSED] - click: Object: 'Object Repository/ADMIN/Categories/Category List/button_Content Mgmt' is clicked on

2019-05-27 09:27:22 - [MESSAGE][PASSED] - Object: 'Object Repository/ADMIN/Categories/Category List/button_Content Mgmt' is clicked on

2019-05-27 09:27:22 - [TEST_STEP][PASSED] - waitForElementVisible: Object 'Object Repository/ADMIN/Categories/Category List/button_Categories' is visible

2019-05-27 09:27:22 - [MESSAGE][WARNING] - Timeout '0' is invalid. Using default page load timeout: '30'

2019-05-27 09:27:22 - [MESSAGE][PASSED] - Object 'Object Repository/ADMIN/Categories/Category List/button_Categories' is visible

2019-05-27 09:27:22 - [TEST_STEP][PASSED] - click: Object: 'Object Repository/ADMIN/Categories/Category List/button_Categories' is clicked on

2019-05-27 09:27:24 - [MESSAGE][PASSED] - Object: 'Object Repository/ADMIN/Categories/Category List/button_Categories' is clicked on

2019-05-27 09:27:24 - [TEST_STEP][PASSED] - waitForPageLoad: Wait for page load successfully

2019-05-27 09:27:24 - [MESSAGE][WARNING] - Timeout '0' is invalid. Using default page load timeout: '30'

2019-05-27 09:27:24 - [MESSAGE][PASSED] - Wait for page load successfully

2019-05-27 09:27:24 - [TEST_STEP][PASSED] - click: Object: 'Object Repository/ADMIN/Categories/Category List/button_Add a Category' is clicked on

2019-05-27 09:27:24 - [MESSAGE][PASSED] - Object: 'Object Repository/ADMIN/Categories/Category List/button_Add a Category' is clicked on

2019-05-27 09:27:24 - [TEST_STEP][PASSED] - waitForElementPresent: Object 'Object Repository/ADMIN/Categories/Category/dropdown_Parent' is present

2019-05-27 09:27:24 - [MESSAGE][PASSED] - Object 'Object Repository/ADMIN/Categories/Category/dropdown_Parent' is present

2019-05-27 09:27:24 - [TEST_STEP][PASSED] - delay: Delayed 1 second(s)

2019-05-27 09:27:25 - [MESSAGE][PASSED] - Delayed 1 second(s)

2019-05-27 09:27:25 - [TEST_STEP][PASSED] - setText: Text 'Category 1.2.2' is set on object 'Object Repository/ADMIN/Categories/Category/textfield_Category Name'

2019-05-27 09:27:25 - [MESSAGE][PASSED] - Text 'Category 1.2.2' is set on object 'Object Repository/ADMIN/Categories/Category/textfield_Category Name'

2019-05-27 09:27:25 - [TEST_STEP][PASSED] - click: Object: 'Object Repository/ADMIN/Categories/Category/dropdown_Parent' is clicked on

2019-05-27 09:27:25 - [MESSAGE][PASSED] - Object: 'Object Repository/ADMIN/Categories/Category/dropdown_Parent' is clicked on

2019-05-27 09:27:25 - [TEST_STEP][PASSED] - delay: Delayed 2 second(s)

2019-05-27 09:27:27 - [MESSAGE][PASSED] - Delayed 2 second(s)

2019-05-27 09:27:27 - [TEST_STEP][PASSED] - click: Object: 'Object Repository/ADMIN/Categories/Category/dropdown_Parent' is clicked on

2019-05-27 09:27:28 - [MESSAGE][PASSED] - Object: 'Object Repository/ADMIN/Categories/Category/dropdown_Parent' is clicked on

2019-05-27 09:27:28 - [TEST_STEP][PASSED] - selectOptionByLabel: All options with label 'Category 1.2' are selected in object 'Object Repository/ADMIN/Categories/Category/dropdown_Parent' 

2019-05-27 09:27:28 - [MESSAGE][PASSED] - All options with label 'Category 1.2' are selected in object 'Object Repository/ADMIN/Categories/Category/dropdown_Parent' 

2019-05-27 09:27:28 - [TEST_STEP][PASSED] - click: Object: 'Object Repository/ADMIN/Categories/Category/button_Browse' is clicked on

2019-05-27 09:27:28 - [MESSAGE][PASSED] - Object: 'Object Repository/ADMIN/Categories/Category/button_Browse' is clicked on

2019-05-27 09:27:28 - [TEST_STEP][PASSED] - delay: Delayed 2 second(s)

2019-05-27 09:27:30 - [MESSAGE][PASSED] - Delayed 2 second(s)

2019-05-27 09:27:30 - [TEST_STEP][PASSED] - uploadFile: File 'C:\\Katalon\\Image\\pic5.jpg' sent to object: 'Object Repository/ADMIN/Categories/Category/image_input image'

2019-05-27 09:27:30 - [MESSAGE][PASSED] - File 'C:\\Katalon\\Image\\pic5.jpg' sent to object: 'Object Repository/ADMIN/Categories/Category/image_input image'

2019-05-27 09:27:30 - [TEST_STEP][PASSED] - waitForElementVisible: Object 'Object Repository/ADMIN/Categories/Category/button_upload check' is visible

2019-05-27 09:27:30 - [MESSAGE][WARNING] - Timeout '0' is invalid. Using default page load timeout: '30'

2019-05-27 09:27:30 - [MESSAGE][PASSED] - Object 'Object Repository/ADMIN/Categories/Category/button_upload check' is visible

2019-05-27 09:27:30 - [TEST_STEP][PASSED] - click: Object: 'Object Repository/ADMIN/Categories/Category/button_upload check' is clicked on

2019-05-27 09:27:30 - [MESSAGE][PASSED] - Object: 'Object Repository/ADMIN/Categories/Category/button_upload check' is clicked on

2019-05-27 09:27:30 - [TEST_STEP][PASSED] - click: Object: 'Object Repository/ADMIN/Categories/Category/button_upload save' is clicked on

2019-05-27 09:27:31 - [MESSAGE][PASSED] - Object: 'Object Repository/ADMIN/Categories/Category/button_upload save' is clicked on

2019-05-27 09:27:31 - [TEST_STEP][PASSED] - waitForElementVisible: Web element with id: 'Object Repository/ADMIN/Categories/Category/button_upload save' located by 'By.xpath: //a[@class = 'btn btn-warning download' and (text() = ' Add Photo' or . = ' Add Photo')]' not found

2019-05-27 09:27:31 - [MESSAGE][WARNING] - Timeout '0' is invalid. Using default page load timeout: '30'

2019-05-27 09:28:03 - [MESSAGE][WARNING] - Web element with id: 'Object Repository/ADMIN/Categories/Category/button_upload save' located by 'By.xpath: //a[@class = 'btn btn-warning download' and (text() = ' Add Photo' or . = ' Add Photo')]' not found

2019-05-27 09:28:03 - [TEST_STEP][PASSED] - setText: Text 'Description6' is set on object 'Object Repository/ADMIN/Categories/Category/textfield_category_description'

2019-05-27 09:28:04 - [MESSAGE][PASSED] - Text 'Description6' is set on object 'Object Repository/ADMIN/Categories/Category/textfield_category_description'

2019-05-27 09:28:04 - [TEST_STEP][PASSED] - click: Object: 'Object Repository/ADMIN/Categories/Category/button_Save' is clicked on

2019-05-27 09:28:04 - [MESSAGE][PASSED] - Object: 'Object Repository/ADMIN/Categories/Category/button_Save' is clicked on

2019-05-27 09:28:04 - [TEST_STEP][PASSED] - waitForElementVisible: Object 'Object Repository/ADMIN/Categories/Category/label_edit popup' is visible

2019-05-27 09:28:04 - [MESSAGE][WARNING] - Timeout '0' is invalid. Using default page load timeout: '30'

2019-05-27 09:28:04 - [MESSAGE][PASSED] - Object 'Object Repository/ADMIN/Categories/Category/label_edit popup' is visible

2019-05-27 09:28:04 - [TEST_STEP][PASSED] - waitForElementNotPresent: Web element with id: 'Object Repository/ADMIN/Categories/Category/label_edit popup' located by 'By.xpath: //div[(text() = 'Category was successfully saved.' or . = 'Category was successfully saved.')]' is not present after '30' second(s)

2019-05-27 09:28:04 - [MESSAGE][WARNING] - Timeout '0' is invalid. Using default page load timeout: '30'

2019-05-27 09:28:10 - [MESSAGE][PASSED] - Web element with id: 'Object Repository/ADMIN/Categories/Category/label_edit popup' located by 'By.xpath: //div[(text() = 'Category was successfully saved.' or . = 'Category was successfully saved.')]' is not present after '30' second(s)]]></system-out>
         <system-err><![CDATA[]]></system-err>
      </testcase>
      <testcase name="Test Cases/ADMIN/Content Mgmt/Categories/Category Add-Edit/Add Category" classname="Test Cases/ADMIN/Content Mgmt/Categories/Category Add-Edit/Add Category" status="PASSED">
         <system-out><![CDATA[2019-05-27 09:28:10 - [TEST_CASE][PASSED] - Test Cases/ADMIN/Content Mgmt/Categories/Category Add-Edit/Add Category: Test Cases/ADMIN/Content Mgmt/Categories/Category Add-Edit/Add Category

2019-05-27 09:28:10 - [TEST_STEP][PASSED] - waitForElementVisible: Object 'Object Repository/ADMIN/Categories/Category List/button_Content Mgmt' is visible

2019-05-27 09:28:10 - [MESSAGE][WARNING] - Timeout '0' is invalid. Using default page load timeout: '30'

2019-05-27 09:28:10 - [MESSAGE][PASSED] - Object 'Object Repository/ADMIN/Categories/Category List/button_Content Mgmt' is visible

2019-05-27 09:28:10 - [TEST_STEP][PASSED] - click: Object: 'Object Repository/ADMIN/Categories/Category List/button_Content Mgmt' is clicked on

2019-05-27 09:28:11 - [MESSAGE][PASSED] - Object: 'Object Repository/ADMIN/Categories/Category List/button_Content Mgmt' is clicked on

2019-05-27 09:28:11 - [TEST_STEP][PASSED] - waitForElementVisible: Object 'Object Repository/ADMIN/Categories/Category List/button_Categories' is visible

2019-05-27 09:28:11 - [MESSAGE][WARNING] - Timeout '0' is invalid. Using default page load timeout: '30'

2019-05-27 09:28:11 - [MESSAGE][PASSED] - Object 'Object Repository/ADMIN/Categories/Category List/button_Categories' is visible

2019-05-27 09:28:11 - [TEST_STEP][PASSED] - click: Object: 'Object Repository/ADMIN/Categories/Category List/button_Categories' is clicked on

2019-05-27 09:28:11 - [MESSAGE][PASSED] - Object: 'Object Repository/ADMIN/Categories/Category List/button_Categories' is clicked on

2019-05-27 09:28:11 - [TEST_STEP][PASSED] - waitForPageLoad: Wait for page load successfully

2019-05-27 09:28:11 - [MESSAGE][WARNING] - Timeout '0' is invalid. Using default page load timeout: '30'

2019-05-27 09:28:11 - [MESSAGE][PASSED] - Wait for page load successfully

2019-05-27 09:28:11 - [TEST_STEP][PASSED] - click: Object: 'Object Repository/ADMIN/Categories/Category List/button_Add a Category' is clicked on

2019-05-27 09:28:11 - [MESSAGE][PASSED] - Object: 'Object Repository/ADMIN/Categories/Category List/button_Add a Category' is clicked on

2019-05-27 09:28:11 - [TEST_STEP][PASSED] - waitForElementPresent: Object 'Object Repository/ADMIN/Categories/Category/dropdown_Parent' is present

2019-05-27 09:28:12 - [MESSAGE][PASSED] - Object 'Object Repository/ADMIN/Categories/Category/dropdown_Parent' is present

2019-05-27 09:28:12 - [TEST_STEP][PASSED] - delay: Delayed 1 second(s)

2019-05-27 09:28:13 - [MESSAGE][PASSED] - Delayed 1 second(s)

2019-05-27 09:28:13 - [TEST_STEP][PASSED] - setText: Text 'Category 1.3' is set on object 'Object Repository/ADMIN/Categories/Category/textfield_Category Name'

2019-05-27 09:28:13 - [MESSAGE][PASSED] - Text 'Category 1.3' is set on object 'Object Repository/ADMIN/Categories/Category/textfield_Category Name'

2019-05-27 09:28:13 - [TEST_STEP][PASSED] - click: Object: 'Object Repository/ADMIN/Categories/Category/dropdown_Parent' is clicked on

2019-05-27 09:28:13 - [MESSAGE][PASSED] - Object: 'Object Repository/ADMIN/Categories/Category/dropdown_Parent' is clicked on

2019-05-27 09:28:13 - [TEST_STEP][PASSED] - delay: Delayed 2 second(s)

2019-05-27 09:28:15 - [MESSAGE][PASSED] - Delayed 2 second(s)

2019-05-27 09:28:15 - [TEST_STEP][PASSED] - click: Object: 'Object Repository/ADMIN/Categories/Category/dropdown_Parent' is clicked on

2019-05-27 09:28:15 - [MESSAGE][PASSED] - Object: 'Object Repository/ADMIN/Categories/Category/dropdown_Parent' is clicked on

2019-05-27 09:28:15 - [TEST_STEP][PASSED] - selectOptionByLabel: All options with label 'Category 1' are selected in object 'Object Repository/ADMIN/Categories/Category/dropdown_Parent' 

2019-05-27 09:28:15 - [MESSAGE][PASSED] - All options with label 'Category 1' are selected in object 'Object Repository/ADMIN/Categories/Category/dropdown_Parent' 

2019-05-27 09:28:15 - [TEST_STEP][PASSED] - click: Object: 'Object Repository/ADMIN/Categories/Category/button_Browse' is clicked on

2019-05-27 09:28:15 - [MESSAGE][PASSED] - Object: 'Object Repository/ADMIN/Categories/Category/button_Browse' is clicked on

2019-05-27 09:28:15 - [TEST_STEP][PASSED] - delay: Delayed 2 second(s)

2019-05-27 09:28:17 - [MESSAGE][PASSED] - Delayed 2 second(s)

2019-05-27 09:28:17 - [TEST_STEP][PASSED] - uploadFile: File 'C:\\Katalon\\Image\\pic6.jpg' sent to object: 'Object Repository/ADMIN/Categories/Category/image_input image'

2019-05-27 09:28:17 - [MESSAGE][PASSED] - File 'C:\\Katalon\\Image\\pic6.jpg' sent to object: 'Object Repository/ADMIN/Categories/Category/image_input image'

2019-05-27 09:28:17 - [TEST_STEP][PASSED] - waitForElementVisible: Object 'Object Repository/ADMIN/Categories/Category/button_upload check' is visible

2019-05-27 09:28:18 - [MESSAGE][WARNING] - Timeout '0' is invalid. Using default page load timeout: '30'

2019-05-27 09:28:18 - [MESSAGE][PASSED] - Object 'Object Repository/ADMIN/Categories/Category/button_upload check' is visible

2019-05-27 09:28:18 - [TEST_STEP][PASSED] - click: Object: 'Object Repository/ADMIN/Categories/Category/button_upload check' is clicked on

2019-05-27 09:28:18 - [MESSAGE][PASSED] - Object: 'Object Repository/ADMIN/Categories/Category/button_upload check' is clicked on

2019-05-27 09:28:18 - [TEST_STEP][PASSED] - click: Object: 'Object Repository/ADMIN/Categories/Category/button_upload save' is clicked on

2019-05-27 09:28:18 - [MESSAGE][PASSED] - Object: 'Object Repository/ADMIN/Categories/Category/button_upload save' is clicked on

2019-05-27 09:28:18 - [TEST_STEP][PASSED] - waitForElementVisible: Object 'Object Repository/ADMIN/Categories/Category/button_upload save' is visible

2019-05-27 09:28:18 - [MESSAGE][WARNING] - Timeout '0' is invalid. Using default page load timeout: '30'

2019-05-27 09:28:18 - [MESSAGE][PASSED] - Object 'Object Repository/ADMIN/Categories/Category/button_upload save' is visible

2019-05-27 09:28:18 - [TEST_STEP][PASSED] - setText: Text 'Description7' is set on object 'Object Repository/ADMIN/Categories/Category/textfield_category_description'

2019-05-27 09:28:19 - [MESSAGE][PASSED] - Text 'Description7' is set on object 'Object Repository/ADMIN/Categories/Category/textfield_category_description'

2019-05-27 09:28:19 - [TEST_STEP][PASSED] - click: Object: 'Object Repository/ADMIN/Categories/Category/button_Save' is clicked on

2019-05-27 09:28:19 - [MESSAGE][PASSED] - Object: 'Object Repository/ADMIN/Categories/Category/button_Save' is clicked on

2019-05-27 09:28:19 - [TEST_STEP][PASSED] - waitForElementVisible: Object 'Object Repository/ADMIN/Categories/Category/label_edit popup' is visible

2019-05-27 09:28:19 - [MESSAGE][WARNING] - Timeout '0' is invalid. Using default page load timeout: '30'

2019-05-27 09:28:20 - [MESSAGE][PASSED] - Object 'Object Repository/ADMIN/Categories/Category/label_edit popup' is visible

2019-05-27 09:28:20 - [TEST_STEP][PASSED] - waitForElementNotPresent: Web element with id: 'Object Repository/ADMIN/Categories/Category/label_edit popup' located by 'By.xpath: //div[(text() = 'Category was successfully saved.' or . = 'Category was successfully saved.')]' is not present after '30' second(s)

2019-05-27 09:28:20 - [MESSAGE][WARNING] - Timeout '0' is invalid. Using default page load timeout: '30'

2019-05-27 09:28:25 - [MESSAGE][PASSED] - Web element with id: 'Object Repository/ADMIN/Categories/Category/label_edit popup' located by 'By.xpath: //div[(text() = 'Category was successfully saved.' or . = 'Category was successfully saved.')]' is not present after '30' second(s)]]></system-out>
         <system-err><![CDATA[]]></system-err>
      </testcase>
      <testcase name="Test Cases/ADMIN/Content Mgmt/Categories/Category Add-Edit/Add Category" classname="Test Cases/ADMIN/Content Mgmt/Categories/Category Add-Edit/Add Category" status="FAILED">
         <failure type="FAILED" message="Unable to wait for object 'Object Repository/ADMIN/Categories/Category/button_upload save' to be visible (Root cause: org.openqa.selenium.StaleElementReferenceException: stale element reference: element is not attached to the page document
  (Session info: chrome=74.0.3729.169)
  (Driver info: chromedriver=2.35.528161 (5b82f2d2aae0ca24b877009200ced9065a772e73),platform=Windows NT 6.1.7601 SP1 x86_64) (WARNING: The server did not provide any stacktrace information)
Command duration or timeout: 0 milliseconds
For documentation on this error, please visit: http://seleniumhq.org/exceptions/stale_element_reference.html
Build info: version: '3.7.1', revision: '8a0099a', time: '2017-11-06T21:07:36.161Z'
System info: host: 'ARCADIER-PC', ip: '10.10.31.95', os.name: 'Windows 7', os.arch: 'amd64', os.version: '6.1', java.version: '1.8.0_102'
Driver info: com.kms.katalon.core.webui.driver.ExistingRemoteWebDriver
Capabilities {javascriptEnabled: true, platform: ANY, platformName: ANY}
Session ID: f912d58d04e0ea049492dcdbe1240f08)"/>
         <system-out><![CDATA[2019-05-27 09:28:25 - [TEST_CASE][FAILED] - Test Cases/ADMIN/Content Mgmt/Categories/Category Add-Edit/Add Category: Test Cases/ADMIN/Content Mgmt/Categories/Category Add-Edit/Add Category FAILED because (of) Unable to wait for object 'Object Repository/ADMIN/Categories/Category/button_upload save' to be visible (Root cause: org.openqa.selenium.StaleElementReferenceException: stale element reference: element is not attached to the page document
  (Session info: chrome=74.0.3729.169)
  (Driver info: chromedriver=2.35.528161 (5b82f2d2aae0ca24b877009200ced9065a772e73),platform=Windows NT 6.1.7601 SP1 x86_64) (WARNING: The server did not provide any stacktrace information)
Command duration or timeout: 0 milliseconds
For documentation on this error, please visit: http://seleniumhq.org/exceptions/stale_element_reference.html
Build info: version: '3.7.1', revision: '8a0099a', time: '2017-11-06T21:07:36.161Z'
System info: host: 'ARCADIER-PC', ip: '10.10.31.95', os.name: 'Windows 7', os.arch: 'amd64', os.version: '6.1', java.version: '1.8.0_102'
Driver info: com.kms.katalon.core.webui.driver.ExistingRemoteWebDriver
Capabilities {javascriptEnabled: true, platform: ANY, platformName: ANY}
Session ID: f912d58d04e0ea049492dcdbe1240f08)

2019-05-27 09:28:25 - [TEST_STEP][PASSED] - waitForElementVisible: Object 'Object Repository/ADMIN/Categories/Category List/button_Content Mgmt' is visible

2019-05-27 09:28:25 - [MESSAGE][WARNING] - Timeout '0' is invalid. Using default page load timeout: '30'

2019-05-27 09:28:26 - [MESSAGE][PASSED] - Object 'Object Repository/ADMIN/Categories/Category List/button_Content Mgmt' is visible

2019-05-27 09:28:26 - [TEST_STEP][PASSED] - click: Object: 'Object Repository/ADMIN/Categories/Category List/button_Content Mgmt' is clicked on

2019-05-27 09:28:26 - [MESSAGE][PASSED] - Object: 'Object Repository/ADMIN/Categories/Category List/button_Content Mgmt' is clicked on

2019-05-27 09:28:26 - [TEST_STEP][PASSED] - waitForElementVisible: Object 'Object Repository/ADMIN/Categories/Category List/button_Categories' is visible

2019-05-27 09:28:26 - [MESSAGE][WARNING] - Timeout '0' is invalid. Using default page load timeout: '30'

2019-05-27 09:28:26 - [MESSAGE][PASSED] - Object 'Object Repository/ADMIN/Categories/Category List/button_Categories' is visible

2019-05-27 09:28:26 - [TEST_STEP][PASSED] - click: Object: 'Object Repository/ADMIN/Categories/Category List/button_Categories' is clicked on

2019-05-27 09:28:27 - [MESSAGE][PASSED] - Object: 'Object Repository/ADMIN/Categories/Category List/button_Categories' is clicked on

2019-05-27 09:28:27 - [TEST_STEP][PASSED] - waitForPageLoad: Wait for page load successfully

2019-05-27 09:28:27 - [MESSAGE][WARNING] - Timeout '0' is invalid. Using default page load timeout: '30'

2019-05-27 09:28:28 - [MESSAGE][PASSED] - Wait for page load successfully

2019-05-27 09:28:28 - [TEST_STEP][PASSED] - click: Object: 'Object Repository/ADMIN/Categories/Category List/button_Add a Category' is clicked on

2019-05-27 09:28:28 - [MESSAGE][PASSED] - Object: 'Object Repository/ADMIN/Categories/Category List/button_Add a Category' is clicked on

2019-05-27 09:28:28 - [TEST_STEP][PASSED] - waitForElementPresent: Object 'Object Repository/ADMIN/Categories/Category/dropdown_Parent' is present

2019-05-27 09:28:29 - [MESSAGE][PASSED] - Object 'Object Repository/ADMIN/Categories/Category/dropdown_Parent' is present

2019-05-27 09:28:29 - [TEST_STEP][PASSED] - delay: Delayed 1 second(s)

2019-05-27 09:28:30 - [MESSAGE][PASSED] - Delayed 1 second(s)

2019-05-27 09:28:30 - [TEST_STEP][PASSED] - setText: Text 'Category 1.3.1' is set on object 'Object Repository/ADMIN/Categories/Category/textfield_Category Name'

2019-05-27 09:28:30 - [MESSAGE][PASSED] - Text 'Category 1.3.1' is set on object 'Object Repository/ADMIN/Categories/Category/textfield_Category Name'

2019-05-27 09:28:30 - [TEST_STEP][PASSED] - click: Object: 'Object Repository/ADMIN/Categories/Category/dropdown_Parent' is clicked on

2019-05-27 09:28:30 - [MESSAGE][PASSED] - Object: 'Object Repository/ADMIN/Categories/Category/dropdown_Parent' is clicked on

2019-05-27 09:28:30 - [TEST_STEP][PASSED] - delay: Delayed 2 second(s)

2019-05-27 09:28:32 - [MESSAGE][PASSED] - Delayed 2 second(s)

2019-05-27 09:28:32 - [TEST_STEP][PASSED] - click: Object: 'Object Repository/ADMIN/Categories/Category/dropdown_Parent' is clicked on

2019-05-27 09:28:32 - [MESSAGE][PASSED] - Object: 'Object Repository/ADMIN/Categories/Category/dropdown_Parent' is clicked on

2019-05-27 09:28:32 - [TEST_STEP][PASSED] - selectOptionByLabel: All options with label 'Category 1.3' are selected in object 'Object Repository/ADMIN/Categories/Category/dropdown_Parent' 

2019-05-27 09:28:32 - [MESSAGE][PASSED] - All options with label 'Category 1.3' are selected in object 'Object Repository/ADMIN/Categories/Category/dropdown_Parent' 

2019-05-27 09:28:32 - [TEST_STEP][PASSED] - click: Object: 'Object Repository/ADMIN/Categories/Category/button_Browse' is clicked on

2019-05-27 09:28:33 - [MESSAGE][PASSED] - Object: 'Object Repository/ADMIN/Categories/Category/button_Browse' is clicked on

2019-05-27 09:28:33 - [TEST_STEP][PASSED] - delay: Delayed 2 second(s)

2019-05-27 09:28:35 - [MESSAGE][PASSED] - Delayed 2 second(s)

2019-05-27 09:28:35 - [TEST_STEP][PASSED] - uploadFile: File 'C:\\Katalon\\Image\\pic7.jpg' sent to object: 'Object Repository/ADMIN/Categories/Category/image_input image'

2019-05-27 09:28:35 - [MESSAGE][PASSED] - File 'C:\\Katalon\\Image\\pic7.jpg' sent to object: 'Object Repository/ADMIN/Categories/Category/image_input image'

2019-05-27 09:28:35 - [TEST_STEP][PASSED] - waitForElementVisible: Object 'Object Repository/ADMIN/Categories/Category/button_upload check' is visible

2019-05-27 09:28:35 - [MESSAGE][WARNING] - Timeout '0' is invalid. Using default page load timeout: '30'

2019-05-27 09:28:35 - [MESSAGE][PASSED] - Object 'Object Repository/ADMIN/Categories/Category/button_upload check' is visible

2019-05-27 09:28:35 - [TEST_STEP][PASSED] - click: Object: 'Object Repository/ADMIN/Categories/Category/button_upload check' is clicked on

2019-05-27 09:28:35 - [MESSAGE][PASSED] - Object: 'Object Repository/ADMIN/Categories/Category/button_upload check' is clicked on

2019-05-27 09:28:35 - [TEST_STEP][PASSED] - click: Object: 'Object Repository/ADMIN/Categories/Category/button_upload save' is clicked on

2019-05-27 09:28:35 - [MESSAGE][PASSED] - Object: 'Object Repository/ADMIN/Categories/Category/button_upload save' is clicked on

2019-05-27 09:28:35 - [TEST_STEP][FAILED] - waitForElementVisible: Unable to wait for object 'Object Repository/ADMIN/Categories/Category/button_upload save' to be visible (Root cause: org.openqa.selenium.StaleElementReferenceException: stale element reference: element is not attached to the page document
  (Session info: chrome=74.0.3729.169)
  (Driver info: chromedriver=2.35.528161 (5b82f2d2aae0ca24b877009200ced9065a772e73),platform=Windows NT 6.1.7601 SP1 x86_64) (WARNING: The server did not provide any stacktrace information)
Command duration or timeout: 0 milliseconds
For documentation on this error, please visit: http://seleniumhq.org/exceptions/stale_element_reference.html
Build info: version: '3.7.1', revision: '8a0099a', time: '2017-11-06T21:07:36.161Z'
System info: host: 'ARCADIER-PC', ip: '10.10.31.95', os.name: 'Windows 7', os.arch: 'amd64', os.version: '6.1', java.version: '1.8.0_102'
Driver info: com.kms.katalon.core.webui.driver.ExistingRemoteWebDriver
Capabilities {javascriptEnabled: true, platform: ANY, platformName: ANY}
Session ID: f912d58d04e0ea049492dcdbe1240f08)

2019-05-27 09:28:35 - [MESSAGE][WARNING] - Timeout '0' is invalid. Using default page load timeout: '30'

2019-05-27 09:28:36 - [MESSAGE][FAILED] - Unable to wait for object 'Object Repository/ADMIN/Categories/Category/button_upload save' to be visible (Root cause: org.openqa.selenium.StaleElementReferenceException: stale element reference: element is not attached to the page document
  (Session info: chrome=74.0.3729.169)
  (Driver info: chromedriver=2.35.528161 (5b82f2d2aae0ca24b877009200ced9065a772e73),platform=Windows NT 6.1.7601 SP1 x86_64) (WARNING: The server did not provide any stacktrace information)
Command duration or timeout: 0 milliseconds
For documentation on this error, please visit: http://seleniumhq.org/exceptions/stale_element_reference.html
Build info: version: '3.7.1', revision: '8a0099a', time: '2017-11-06T21:07:36.161Z'
System info: host: 'ARCADIER-PC', ip: '10.10.31.95', os.name: 'Windows 7', os.arch: 'amd64', os.version: '6.1', java.version: '1.8.0_102'
Driver info: com.kms.katalon.core.webui.driver.ExistingRemoteWebDriver
Capabilities {javascriptEnabled: true, platform: ANY, platformName: ANY}
Session ID: f912d58d04e0ea049492dcdbe1240f08)
[[ATTACHMENT|C:\\Users\\Arcadier\\git\\Arctick\\Reports\\Suites\\Admin Category\\20190527_092604\\1558920516242.png]]

2019-05-27 09:28:36 - [TEST_STEP][PASSED] - setText: Text 'Description8' is set on object 'Object Repository/ADMIN/Categories/Category/textfield_category_description'

2019-05-27 09:28:37 - [MESSAGE][PASSED] - Text 'Description8' is set on object 'Object Repository/ADMIN/Categories/Category/textfield_category_description'

2019-05-27 09:28:37 - [TEST_STEP][PASSED] - click: Object: 'Object Repository/ADMIN/Categories/Category/button_Save' is clicked on

2019-05-27 09:28:37 - [MESSAGE][PASSED] - Object: 'Object Repository/ADMIN/Categories/Category/button_Save' is clicked on

2019-05-27 09:28:37 - [TEST_STEP][PASSED] - waitForElementVisible: Object 'Object Repository/ADMIN/Categories/Category/label_edit popup' is visible

2019-05-27 09:28:37 - [MESSAGE][WARNING] - Timeout '0' is invalid. Using default page load timeout: '30'

2019-05-27 09:28:38 - [MESSAGE][PASSED] - Object 'Object Repository/ADMIN/Categories/Category/label_edit popup' is visible

2019-05-27 09:28:38 - [TEST_STEP][PASSED] - waitForElementNotPresent: Web element with id: 'Object Repository/ADMIN/Categories/Category/label_edit popup' located by 'By.xpath: //div[(text() = 'Category was successfully saved.' or . = 'Category was successfully saved.')]' is not present after '30' second(s)

2019-05-27 09:28:38 - [MESSAGE][WARNING] - Timeout '0' is invalid. Using default page load timeout: '30'

2019-05-27 09:28:44 - [MESSAGE][PASSED] - Web element with id: 'Object Repository/ADMIN/Categories/Category/label_edit popup' located by 'By.xpath: //div[(text() = 'Category was successfully saved.' or . = 'Category was successfully saved.')]' is not present after '30' second(s)]]></system-out>
         <system-err><![CDATA[2019-05-27 09:28:25 - [TEST_CASE][FAILED] - Test Cases/ADMIN/Content Mgmt/Categories/Category Add-Edit/Add Category: Test Cases/ADMIN/Content Mgmt/Categories/Category Add-Edit/Add Category FAILED because (of) Unable to wait for object 'Object Repository/ADMIN/Categories/Category/button_upload save' to be visible (Root cause: org.openqa.selenium.StaleElementReferenceException: stale element reference: element is not attached to the page document
  (Session info: chrome=74.0.3729.169)
  (Driver info: chromedriver=2.35.528161 (5b82f2d2aae0ca24b877009200ced9065a772e73),platform=Windows NT 6.1.7601 SP1 x86_64) (WARNING: The server did not provide any stacktrace information)
Command duration or timeout: 0 milliseconds
For documentation on this error, please visit: http://seleniumhq.org/exceptions/stale_element_reference.html
Build info: version: '3.7.1', revision: '8a0099a', time: '2017-11-06T21:07:36.161Z'
System info: host: 'ARCADIER-PC', ip: '10.10.31.95', os.name: 'Windows 7', os.arch: 'amd64', os.version: '6.1', java.version: '1.8.0_102'
Driver info: com.kms.katalon.core.webui.driver.ExistingRemoteWebDriver
Capabilities {javascriptEnabled: true, platform: ANY, platformName: ANY}
Session ID: f912d58d04e0ea049492dcdbe1240f08)]]></system-err>
      </testcase>
      <testcase name="Test Cases/ADMIN/Content Mgmt/Categories/Category Add-Edit/Add Category" classname="Test Cases/ADMIN/Content Mgmt/Categories/Category Add-Edit/Add Category" status="PASSED">
         <system-out><![CDATA[2019-05-27 09:28:44 - [TEST_CASE][PASSED] - Test Cases/ADMIN/Content Mgmt/Categories/Category Add-Edit/Add Category: Test Cases/ADMIN/Content Mgmt/Categories/Category Add-Edit/Add Category

2019-05-27 09:28:44 - [TEST_STEP][PASSED] - waitForElementVisible: Object 'Object Repository/ADMIN/Categories/Category List/button_Content Mgmt' is visible

2019-05-27 09:28:44 - [MESSAGE][WARNING] - Timeout '0' is invalid. Using default page load timeout: '30'

2019-05-27 09:28:44 - [MESSAGE][PASSED] - Object 'Object Repository/ADMIN/Categories/Category List/button_Content Mgmt' is visible

2019-05-27 09:28:44 - [TEST_STEP][PASSED] - click: Object: 'Object Repository/ADMIN/Categories/Category List/button_Content Mgmt' is clicked on

2019-05-27 09:28:44 - [MESSAGE][PASSED] - Object: 'Object Repository/ADMIN/Categories/Category List/button_Content Mgmt' is clicked on

2019-05-27 09:28:44 - [TEST_STEP][PASSED] - waitForElementVisible: Object 'Object Repository/ADMIN/Categories/Category List/button_Categories' is visible

2019-05-27 09:28:44 - [MESSAGE][WARNING] - Timeout '0' is invalid. Using default page load timeout: '30'

2019-05-27 09:28:44 - [MESSAGE][PASSED] - Object 'Object Repository/ADMIN/Categories/Category List/button_Categories' is visible

2019-05-27 09:28:44 - [TEST_STEP][PASSED] - click: Object: 'Object Repository/ADMIN/Categories/Category List/button_Categories' is clicked on

2019-05-27 09:28:45 - [MESSAGE][PASSED] - Object: 'Object Repository/ADMIN/Categories/Category List/button_Categories' is clicked on

2019-05-27 09:28:45 - [TEST_STEP][PASSED] - waitForPageLoad: Wait for page load successfully

2019-05-27 09:28:45 - [MESSAGE][WARNING] - Timeout '0' is invalid. Using default page load timeout: '30'

2019-05-27 09:28:45 - [MESSAGE][PASSED] - Wait for page load successfully

2019-05-27 09:28:45 - [TEST_STEP][PASSED] - click: Object: 'Object Repository/ADMIN/Categories/Category List/button_Add a Category' is clicked on

2019-05-27 09:28:46 - [MESSAGE][PASSED] - Object: 'Object Repository/ADMIN/Categories/Category List/button_Add a Category' is clicked on

2019-05-27 09:28:46 - [TEST_STEP][PASSED] - waitForElementPresent: Object 'Object Repository/ADMIN/Categories/Category/dropdown_Parent' is present

2019-05-27 09:28:46 - [MESSAGE][PASSED] - Object 'Object Repository/ADMIN/Categories/Category/dropdown_Parent' is present

2019-05-27 09:28:46 - [TEST_STEP][PASSED] - delay: Delayed 1 second(s)

2019-05-27 09:28:47 - [MESSAGE][PASSED] - Delayed 1 second(s)

2019-05-27 09:28:47 - [TEST_STEP][PASSED] - setText: Text 'Category 1.3.2' is set on object 'Object Repository/ADMIN/Categories/Category/textfield_Category Name'

2019-05-27 09:28:48 - [MESSAGE][PASSED] - Text 'Category 1.3.2' is set on object 'Object Repository/ADMIN/Categories/Category/textfield_Category Name'

2019-05-27 09:28:48 - [TEST_STEP][PASSED] - click: Object: 'Object Repository/ADMIN/Categories/Category/dropdown_Parent' is clicked on

2019-05-27 09:28:48 - [MESSAGE][PASSED] - Object: 'Object Repository/ADMIN/Categories/Category/dropdown_Parent' is clicked on

2019-05-27 09:28:48 - [TEST_STEP][PASSED] - delay: Delayed 2 second(s)

2019-05-27 09:28:50 - [MESSAGE][PASSED] - Delayed 2 second(s)

2019-05-27 09:28:50 - [TEST_STEP][PASSED] - click: Object: 'Object Repository/ADMIN/Categories/Category/dropdown_Parent' is clicked on

2019-05-27 09:28:50 - [MESSAGE][PASSED] - Object: 'Object Repository/ADMIN/Categories/Category/dropdown_Parent' is clicked on

2019-05-27 09:28:50 - [TEST_STEP][PASSED] - selectOptionByLabel: All options with label 'Category 1.3' are selected in object 'Object Repository/ADMIN/Categories/Category/dropdown_Parent' 

2019-05-27 09:28:50 - [MESSAGE][PASSED] - All options with label 'Category 1.3' are selected in object 'Object Repository/ADMIN/Categories/Category/dropdown_Parent' 

2019-05-27 09:28:50 - [TEST_STEP][PASSED] - click: Object: 'Object Repository/ADMIN/Categories/Category/button_Browse' is clicked on

2019-05-27 09:28:50 - [MESSAGE][PASSED] - Object: 'Object Repository/ADMIN/Categories/Category/button_Browse' is clicked on

2019-05-27 09:28:50 - [TEST_STEP][PASSED] - delay: Delayed 2 second(s)

2019-05-27 09:28:52 - [MESSAGE][PASSED] - Delayed 2 second(s)

2019-05-27 09:28:52 - [TEST_STEP][PASSED] - uploadFile: File 'C:\\Katalon\\Image\\pic8.jpg' sent to object: 'Object Repository/ADMIN/Categories/Category/image_input image'

2019-05-27 09:28:53 - [MESSAGE][PASSED] - File 'C:\\Katalon\\Image\\pic8.jpg' sent to object: 'Object Repository/ADMIN/Categories/Category/image_input image'

2019-05-27 09:28:53 - [TEST_STEP][PASSED] - waitForElementVisible: Object 'Object Repository/ADMIN/Categories/Category/button_upload check' is visible

2019-05-27 09:28:53 - [MESSAGE][WARNING] - Timeout '0' is invalid. Using default page load timeout: '30'

2019-05-27 09:28:53 - [MESSAGE][PASSED] - Object 'Object Repository/ADMIN/Categories/Category/button_upload check' is visible

2019-05-27 09:28:53 - [TEST_STEP][PASSED] - click: Object: 'Object Repository/ADMIN/Categories/Category/button_upload check' is clicked on

2019-05-27 09:28:53 - [MESSAGE][PASSED] - Object: 'Object Repository/ADMIN/Categories/Category/button_upload check' is clicked on

2019-05-27 09:28:53 - [TEST_STEP][PASSED] - click: Object: 'Object Repository/ADMIN/Categories/Category/button_upload save' is clicked on

2019-05-27 09:28:54 - [MESSAGE][PASSED] - Object: 'Object Repository/ADMIN/Categories/Category/button_upload save' is clicked on

2019-05-27 09:28:54 - [TEST_STEP][PASSED] - waitForElementVisible: Object 'Object Repository/ADMIN/Categories/Category/button_upload save' is visible

2019-05-27 09:28:54 - [MESSAGE][WARNING] - Timeout '0' is invalid. Using default page load timeout: '30'

2019-05-27 09:28:54 - [MESSAGE][PASSED] - Object 'Object Repository/ADMIN/Categories/Category/button_upload save' is visible

2019-05-27 09:28:54 - [TEST_STEP][PASSED] - setText: Text 'Description9' is set on object 'Object Repository/ADMIN/Categories/Category/textfield_category_description'

2019-05-27 09:28:54 - [MESSAGE][PASSED] - Text 'Description9' is set on object 'Object Repository/ADMIN/Categories/Category/textfield_category_description'

2019-05-27 09:28:54 - [TEST_STEP][PASSED] - click: Object: 'Object Repository/ADMIN/Categories/Category/button_Save' is clicked on

2019-05-27 09:28:54 - [MESSAGE][PASSED] - Object: 'Object Repository/ADMIN/Categories/Category/button_Save' is clicked on

2019-05-27 09:28:54 - [TEST_STEP][PASSED] - waitForElementVisible: Object 'Object Repository/ADMIN/Categories/Category/label_edit popup' is visible

2019-05-27 09:28:54 - [MESSAGE][WARNING] - Timeout '0' is invalid. Using default page load timeout: '30'

2019-05-27 09:28:55 - [MESSAGE][PASSED] - Object 'Object Repository/ADMIN/Categories/Category/label_edit popup' is visible

2019-05-27 09:28:55 - [TEST_STEP][PASSED] - waitForElementNotPresent: Web element with id: 'Object Repository/ADMIN/Categories/Category/label_edit popup' located by 'By.xpath: //div[(text() = 'Category was successfully saved.' or . = 'Category was successfully saved.')]' is not present after '30' second(s)

2019-05-27 09:28:55 - [MESSAGE][WARNING] - Timeout '0' is invalid. Using default page load timeout: '30'

2019-05-27 09:29:01 - [MESSAGE][PASSED] - Web element with id: 'Object Repository/ADMIN/Categories/Category/label_edit popup' located by 'By.xpath: //div[(text() = 'Category was successfully saved.' or . = 'Category was successfully saved.')]' is not present after '30' second(s)]]></system-out>
         <system-err><![CDATA[]]></system-err>
      </testcase>
      <testcase name="Test Cases/ADMIN/Content Mgmt/Categories/Category Add-Edit/Add Category" classname="Test Cases/ADMIN/Content Mgmt/Categories/Category Add-Edit/Add Category" status="PASSED">
         <system-out><![CDATA[2019-05-27 09:29:01 - [TEST_CASE][PASSED] - Test Cases/ADMIN/Content Mgmt/Categories/Category Add-Edit/Add Category: Test Cases/ADMIN/Content Mgmt/Categories/Category Add-Edit/Add Category

2019-05-27 09:29:01 - [TEST_STEP][PASSED] - waitForElementVisible: Object 'Object Repository/ADMIN/Categories/Category List/button_Content Mgmt' is visible

2019-05-27 09:29:01 - [MESSAGE][WARNING] - Timeout '0' is invalid. Using default page load timeout: '30'

2019-05-27 09:29:02 - [MESSAGE][PASSED] - Object 'Object Repository/ADMIN/Categories/Category List/button_Content Mgmt' is visible

2019-05-27 09:29:02 - [TEST_STEP][PASSED] - click: Object: 'Object Repository/ADMIN/Categories/Category List/button_Content Mgmt' is clicked on

2019-05-27 09:29:02 - [MESSAGE][PASSED] - Object: 'Object Repository/ADMIN/Categories/Category List/button_Content Mgmt' is clicked on

2019-05-27 09:29:02 - [TEST_STEP][PASSED] - waitForElementVisible: Object 'Object Repository/ADMIN/Categories/Category List/button_Categories' is visible

2019-05-27 09:29:02 - [MESSAGE][WARNING] - Timeout '0' is invalid. Using default page load timeout: '30'

2019-05-27 09:29:02 - [MESSAGE][PASSED] - Object 'Object Repository/ADMIN/Categories/Category List/button_Categories' is visible

2019-05-27 09:29:02 - [TEST_STEP][PASSED] - click: Object: 'Object Repository/ADMIN/Categories/Category List/button_Categories' is clicked on

2019-05-27 09:29:03 - [MESSAGE][PASSED] - Object: 'Object Repository/ADMIN/Categories/Category List/button_Categories' is clicked on

2019-05-27 09:29:03 - [TEST_STEP][PASSED] - waitForPageLoad: Wait for page load successfully

2019-05-27 09:29:03 - [MESSAGE][WARNING] - Timeout '0' is invalid. Using default page load timeout: '30'

2019-05-27 09:29:04 - [MESSAGE][PASSED] - Wait for page load successfully

2019-05-27 09:29:04 - [TEST_STEP][PASSED] - click: Object: 'Object Repository/ADMIN/Categories/Category List/button_Add a Category' is clicked on

2019-05-27 09:29:04 - [MESSAGE][PASSED] - Object: 'Object Repository/ADMIN/Categories/Category List/button_Add a Category' is clicked on

2019-05-27 09:29:04 - [TEST_STEP][PASSED] - waitForElementPresent: Object 'Object Repository/ADMIN/Categories/Category/dropdown_Parent' is present

2019-05-27 09:29:04 - [MESSAGE][PASSED] - Object 'Object Repository/ADMIN/Categories/Category/dropdown_Parent' is present

2019-05-27 09:29:04 - [TEST_STEP][PASSED] - delay: Delayed 1 second(s)

2019-05-27 09:29:05 - [MESSAGE][PASSED] - Delayed 1 second(s)

2019-05-27 09:29:05 - [TEST_STEP][PASSED] - setText: Text 'Category 1.3.2.1' is set on object 'Object Repository/ADMIN/Categories/Category/textfield_Category Name'

2019-05-27 09:29:06 - [MESSAGE][PASSED] - Text 'Category 1.3.2.1' is set on object 'Object Repository/ADMIN/Categories/Category/textfield_Category Name'

2019-05-27 09:29:06 - [TEST_STEP][PASSED] - click: Object: 'Object Repository/ADMIN/Categories/Category/dropdown_Parent' is clicked on

2019-05-27 09:29:06 - [MESSAGE][PASSED] - Object: 'Object Repository/ADMIN/Categories/Category/dropdown_Parent' is clicked on

2019-05-27 09:29:06 - [TEST_STEP][PASSED] - delay: Delayed 2 second(s)

2019-05-27 09:29:08 - [MESSAGE][PASSED] - Delayed 2 second(s)

2019-05-27 09:29:08 - [TEST_STEP][PASSED] - click: Object: 'Object Repository/ADMIN/Categories/Category/dropdown_Parent' is clicked on

2019-05-27 09:29:08 - [MESSAGE][PASSED] - Object: 'Object Repository/ADMIN/Categories/Category/dropdown_Parent' is clicked on

2019-05-27 09:29:08 - [TEST_STEP][PASSED] - selectOptionByLabel: All options with label 'Category 1.3.2' are selected in object 'Object Repository/ADMIN/Categories/Category/dropdown_Parent' 

2019-05-27 09:29:08 - [MESSAGE][PASSED] - All options with label 'Category 1.3.2' are selected in object 'Object Repository/ADMIN/Categories/Category/dropdown_Parent' 

2019-05-27 09:29:08 - [TEST_STEP][PASSED] - click: Object: 'Object Repository/ADMIN/Categories/Category/button_Browse' is clicked on

2019-05-27 09:29:08 - [MESSAGE][PASSED] - Object: 'Object Repository/ADMIN/Categories/Category/button_Browse' is clicked on

2019-05-27 09:29:08 - [TEST_STEP][PASSED] - delay: Delayed 2 second(s)

2019-05-27 09:29:10 - [MESSAGE][PASSED] - Delayed 2 second(s)

2019-05-27 09:29:10 - [TEST_STEP][PASSED] - uploadFile: File 'C:\\Katalon\\Image\\pic9.jpg' sent to object: 'Object Repository/ADMIN/Categories/Category/image_input image'

2019-05-27 09:29:10 - [MESSAGE][PASSED] - File 'C:\\Katalon\\Image\\pic9.jpg' sent to object: 'Object Repository/ADMIN/Categories/Category/image_input image'

2019-05-27 09:29:10 - [TEST_STEP][PASSED] - waitForElementVisible: Object 'Object Repository/ADMIN/Categories/Category/button_upload check' is visible

2019-05-27 09:29:10 - [MESSAGE][WARNING] - Timeout '0' is invalid. Using default page load timeout: '30'

2019-05-27 09:29:10 - [MESSAGE][PASSED] - Object 'Object Repository/ADMIN/Categories/Category/button_upload check' is visible

2019-05-27 09:29:10 - [TEST_STEP][PASSED] - click: Object: 'Object Repository/ADMIN/Categories/Category/button_upload check' is clicked on

2019-05-27 09:29:11 - [MESSAGE][PASSED] - Object: 'Object Repository/ADMIN/Categories/Category/button_upload check' is clicked on

2019-05-27 09:29:11 - [TEST_STEP][PASSED] - click: Object: 'Object Repository/ADMIN/Categories/Category/button_upload save' is clicked on

2019-05-27 09:29:11 - [MESSAGE][PASSED] - Object: 'Object Repository/ADMIN/Categories/Category/button_upload save' is clicked on

2019-05-27 09:29:11 - [TEST_STEP][PASSED] - waitForElementVisible: Object 'Object Repository/ADMIN/Categories/Category/button_upload save' is visible

2019-05-27 09:29:11 - [MESSAGE][WARNING] - Timeout '0' is invalid. Using default page load timeout: '30'

2019-05-27 09:29:11 - [MESSAGE][PASSED] - Object 'Object Repository/ADMIN/Categories/Category/button_upload save' is visible

2019-05-27 09:29:11 - [TEST_STEP][PASSED] - setText: Text 'Description10' is set on object 'Object Repository/ADMIN/Categories/Category/textfield_category_description'

2019-05-27 09:29:12 - [MESSAGE][PASSED] - Text 'Description10' is set on object 'Object Repository/ADMIN/Categories/Category/textfield_category_description'

2019-05-27 09:29:12 - [TEST_STEP][PASSED] - click: Object: 'Object Repository/ADMIN/Categories/Category/button_Save' is clicked on

2019-05-27 09:29:12 - [MESSAGE][PASSED] - Object: 'Object Repository/ADMIN/Categories/Category/button_Save' is clicked on

2019-05-27 09:29:12 - [TEST_STEP][PASSED] - waitForElementVisible: Object 'Object Repository/ADMIN/Categories/Category/label_edit popup' is visible

2019-05-27 09:29:12 - [MESSAGE][WARNING] - Timeout '0' is invalid. Using default page load timeout: '30'

2019-05-27 09:29:13 - [MESSAGE][PASSED] - Object 'Object Repository/ADMIN/Categories/Category/label_edit popup' is visible

2019-05-27 09:29:13 - [TEST_STEP][PASSED] - waitForElementNotPresent: Web element with id: 'Object Repository/ADMIN/Categories/Category/label_edit popup' located by 'By.xpath: //div[(text() = 'Category was successfully saved.' or . = 'Category was successfully saved.')]' is not present after '30' second(s)

2019-05-27 09:29:13 - [MESSAGE][WARNING] - Timeout '0' is invalid. Using default page load timeout: '30'

2019-05-27 09:29:19 - [MESSAGE][PASSED] - Web element with id: 'Object Repository/ADMIN/Categories/Category/label_edit popup' located by 'By.xpath: //div[(text() = 'Category was successfully saved.' or . = 'Category was successfully saved.')]' is not present after '30' second(s)]]></system-out>
         <system-err><![CDATA[]]></system-err>
      </testcase>
      <testcase name="Test Cases/ADMIN/Content Mgmt/Categories/Category Add-Edit/Add Category" classname="Test Cases/ADMIN/Content Mgmt/Categories/Category Add-Edit/Add Category" status="FAILED">
         <failure type="FAILED" message="Unable to click on object 'Object Repository/ADMIN/Categories/Category List/button_Categories' (Root cause: org.openqa.selenium.ElementNotVisibleException: element not visible
  (Session info: chrome=74.0.3729.169)
  (Driver info: chromedriver=2.35.528161 (5b82f2d2aae0ca24b877009200ced9065a772e73),platform=Windows NT 6.1.7601 SP1 x86_64) (WARNING: The server did not provide any stacktrace information)
Command duration or timeout: 0 milliseconds
Build info: version: '3.7.1', revision: '8a0099a', time: '2017-11-06T21:07:36.161Z'
System info: host: 'ARCADIER-PC', ip: '10.10.31.95', os.name: 'Windows 7', os.arch: 'amd64', os.version: '6.1', java.version: '1.8.0_102'
Driver info: com.kms.katalon.core.webui.driver.ExistingRemoteWebDriver
Capabilities {javascriptEnabled: true, platform: ANY, platformName: ANY}
Session ID: f912d58d04e0ea049492dcdbe1240f08)"/>
         <system-out><![CDATA[2019-05-27 09:29:19 - [TEST_CASE][FAILED] - Test Cases/ADMIN/Content Mgmt/Categories/Category Add-Edit/Add Category: Test Cases/ADMIN/Content Mgmt/Categories/Category Add-Edit/Add Category FAILED because (of) Unable to click on object 'Object Repository/ADMIN/Categories/Category List/button_Categories' (Root cause: org.openqa.selenium.ElementNotVisibleException: element not visible
  (Session info: chrome=74.0.3729.169)
  (Driver info: chromedriver=2.35.528161 (5b82f2d2aae0ca24b877009200ced9065a772e73),platform=Windows NT 6.1.7601 SP1 x86_64) (WARNING: The server did not provide any stacktrace information)
Command duration or timeout: 0 milliseconds
Build info: version: '3.7.1', revision: '8a0099a', time: '2017-11-06T21:07:36.161Z'
System info: host: 'ARCADIER-PC', ip: '10.10.31.95', os.name: 'Windows 7', os.arch: 'amd64', os.version: '6.1', java.version: '1.8.0_102'
Driver info: com.kms.katalon.core.webui.driver.ExistingRemoteWebDriver
Capabilities {javascriptEnabled: true, platform: ANY, platformName: ANY}
Session ID: f912d58d04e0ea049492dcdbe1240f08)

2019-05-27 09:29:19 - [TEST_STEP][PASSED] - waitForElementVisible: Object 'Object Repository/ADMIN/Categories/Category List/button_Content Mgmt' is visible

2019-05-27 09:29:19 - [MESSAGE][WARNING] - Timeout '0' is invalid. Using default page load timeout: '30'

2019-05-27 09:29:19 - [MESSAGE][PASSED] - Object 'Object Repository/ADMIN/Categories/Category List/button_Content Mgmt' is visible

2019-05-27 09:29:19 - [TEST_STEP][PASSED] - click: Object: 'Object Repository/ADMIN/Categories/Category List/button_Content Mgmt' is clicked on

2019-05-27 09:29:19 - [MESSAGE][PASSED] - Object: 'Object Repository/ADMIN/Categories/Category List/button_Content Mgmt' is clicked on

2019-05-27 09:29:19 - [TEST_STEP][PASSED] - waitForElementVisible: Object 'Object Repository/ADMIN/Categories/Category List/button_Categories' is visible

2019-05-27 09:29:19 - [MESSAGE][WARNING] - Timeout '0' is invalid. Using default page load timeout: '30'

2019-05-27 09:29:19 - [MESSAGE][PASSED] - Object 'Object Repository/ADMIN/Categories/Category List/button_Categories' is visible

2019-05-27 09:29:19 - [TEST_STEP][FAILED] - click: Unable to click on object 'Object Repository/ADMIN/Categories/Category List/button_Categories' (Root cause: org.openqa.selenium.ElementNotVisibleException: element not visible
  (Session info: chrome=74.0.3729.169)
  (Driver info: chromedriver=2.35.528161 (5b82f2d2aae0ca24b877009200ced9065a772e73),platform=Windows NT 6.1.7601 SP1 x86_64) (WARNING: The server did not provide any stacktrace information)
Command duration or timeout: 0 milliseconds
Build info: version: '3.7.1', revision: '8a0099a', time: '2017-11-06T21:07:36.161Z'
System info: host: 'ARCADIER-PC', ip: '10.10.31.95', os.name: 'Windows 7', os.arch: 'amd64', os.version: '6.1', java.version: '1.8.0_102'
Driver info: com.kms.katalon.core.webui.driver.ExistingRemoteWebDriver
Capabilities {javascriptEnabled: true, platform: ANY, platformName: ANY}
Session ID: f912d58d04e0ea049492dcdbe1240f08)

2019-05-27 09:29:20 - [MESSAGE][FAILED] - Unable to click on object 'Object Repository/ADMIN/Categories/Category List/button_Categories' (Root cause: org.openqa.selenium.ElementNotVisibleException: element not visible
  (Session info: chrome=74.0.3729.169)
  (Driver info: chromedriver=2.35.528161 (5b82f2d2aae0ca24b877009200ced9065a772e73),platform=Windows NT 6.1.7601 SP1 x86_64) (WARNING: The server did not provide any stacktrace information)
Command duration or timeout: 0 milliseconds
Build info: version: '3.7.1', revision: '8a0099a', time: '2017-11-06T21:07:36.161Z'
System info: host: 'ARCADIER-PC', ip: '10.10.31.95', os.name: 'Windows 7', os.arch: 'amd64', os.version: '6.1', java.version: '1.8.0_102'
Driver info: com.kms.katalon.core.webui.driver.ExistingRemoteWebDriver
Capabilities {javascriptEnabled: true, platform: ANY, platformName: ANY}
Session ID: f912d58d04e0ea049492dcdbe1240f08)
[[ATTACHMENT|C:\\Users\\Arcadier\\git\\Arctick\\Reports\\Suites\\Admin Category\\20190527_092604\\1558920560196.png]]

2019-05-27 09:29:20 - [TEST_STEP][PASSED] - waitForPageLoad: Wait for page load successfully

2019-05-27 09:29:20 - [MESSAGE][WARNING] - Timeout '0' is invalid. Using default page load timeout: '30'

2019-05-27 09:29:20 - [MESSAGE][PASSED] - Wait for page load successfully

2019-05-27 09:29:20 - [TEST_STEP][PASSED] - click: Object: 'Object Repository/ADMIN/Categories/Category List/button_Add a Category' is clicked on

2019-05-27 09:29:20 - [MESSAGE][PASSED] - Object: 'Object Repository/ADMIN/Categories/Category List/button_Add a Category' is clicked on

2019-05-27 09:29:20 - [TEST_STEP][PASSED] - waitForElementPresent: Object 'Object Repository/ADMIN/Categories/Category/dropdown_Parent' is present

2019-05-27 09:29:20 - [MESSAGE][PASSED] - Object 'Object Repository/ADMIN/Categories/Category/dropdown_Parent' is present

2019-05-27 09:29:20 - [TEST_STEP][PASSED] - delay: Delayed 1 second(s)

2019-05-27 09:29:21 - [MESSAGE][PASSED] - Delayed 1 second(s)

2019-05-27 09:29:21 - [TEST_STEP][PASSED] - setText: Text 'Category 1.3.2.2' is set on object 'Object Repository/ADMIN/Categories/Category/textfield_Category Name'

2019-05-27 09:29:22 - [MESSAGE][PASSED] - Text 'Category 1.3.2.2' is set on object 'Object Repository/ADMIN/Categories/Category/textfield_Category Name'

2019-05-27 09:29:22 - [TEST_STEP][PASSED] - click: Object: 'Object Repository/ADMIN/Categories/Category/dropdown_Parent' is clicked on

2019-05-27 09:29:22 - [MESSAGE][PASSED] - Object: 'Object Repository/ADMIN/Categories/Category/dropdown_Parent' is clicked on

2019-05-27 09:29:22 - [TEST_STEP][PASSED] - delay: Delayed 2 second(s)

2019-05-27 09:29:24 - [MESSAGE][PASSED] - Delayed 2 second(s)

2019-05-27 09:29:24 - [TEST_STEP][PASSED] - click: Object: 'Object Repository/ADMIN/Categories/Category/dropdown_Parent' is clicked on

2019-05-27 09:29:24 - [MESSAGE][PASSED] - Object: 'Object Repository/ADMIN/Categories/Category/dropdown_Parent' is clicked on

2019-05-27 09:29:24 - [TEST_STEP][PASSED] - selectOptionByLabel: All options with label 'Category 1.3.2' are selected in object 'Object Repository/ADMIN/Categories/Category/dropdown_Parent' 

2019-05-27 09:29:24 - [MESSAGE][PASSED] - All options with label 'Category 1.3.2' are selected in object 'Object Repository/ADMIN/Categories/Category/dropdown_Parent' 

2019-05-27 09:29:24 - [TEST_STEP][PASSED] - click: Object: 'Object Repository/ADMIN/Categories/Category/button_Browse' is clicked on

2019-05-27 09:29:25 - [MESSAGE][PASSED] - Object: 'Object Repository/ADMIN/Categories/Category/button_Browse' is clicked on

2019-05-27 09:29:25 - [TEST_STEP][PASSED] - delay: Delayed 2 second(s)

2019-05-27 09:29:27 - [MESSAGE][PASSED] - Delayed 2 second(s)

2019-05-27 09:29:27 - [TEST_STEP][PASSED] - uploadFile: File 'C:\\Katalon\\Image\\pic10.jpg' sent to object: 'Object Repository/ADMIN/Categories/Category/image_input image'

2019-05-27 09:29:27 - [MESSAGE][PASSED] - File 'C:\\Katalon\\Image\\pic10.jpg' sent to object: 'Object Repository/ADMIN/Categories/Category/image_input image'

2019-05-27 09:29:27 - [TEST_STEP][PASSED] - waitForElementVisible: Object 'Object Repository/ADMIN/Categories/Category/button_upload check' is visible

2019-05-27 09:29:27 - [MESSAGE][WARNING] - Timeout '0' is invalid. Using default page load timeout: '30'

2019-05-27 09:29:27 - [MESSAGE][PASSED] - Object 'Object Repository/ADMIN/Categories/Category/button_upload check' is visible

2019-05-27 09:29:27 - [TEST_STEP][PASSED] - click: Object: 'Object Repository/ADMIN/Categories/Category/button_upload check' is clicked on

2019-05-27 09:29:27 - [MESSAGE][PASSED] - Object: 'Object Repository/ADMIN/Categories/Category/button_upload check' is clicked on

2019-05-27 09:29:27 - [TEST_STEP][PASSED] - click: Object: 'Object Repository/ADMIN/Categories/Category/button_upload save' is clicked on

2019-05-27 09:29:27 - [MESSAGE][PASSED] - Object: 'Object Repository/ADMIN/Categories/Category/button_upload save' is clicked on

2019-05-27 09:29:27 - [TEST_STEP][FAILED] - waitForElementVisible: Unable to wait for object 'Object Repository/ADMIN/Categories/Category/button_upload save' to be visible (Root cause: org.openqa.selenium.StaleElementReferenceException: stale element reference: element is not attached to the page document
  (Session info: chrome=74.0.3729.169)
  (Driver info: chromedriver=2.35.528161 (5b82f2d2aae0ca24b877009200ced9065a772e73),platform=Windows NT 6.1.7601 SP1 x86_64) (WARNING: The server did not provide any stacktrace information)
Command duration or timeout: 0 milliseconds
For documentation on this error, please visit: http://seleniumhq.org/exceptions/stale_element_reference.html
Build info: version: '3.7.1', revision: '8a0099a', time: '2017-11-06T21:07:36.161Z'
System info: host: 'ARCADIER-PC', ip: '10.10.31.95', os.name: 'Windows 7', os.arch: 'amd64', os.version: '6.1', java.version: '1.8.0_102'
Driver info: com.kms.katalon.core.webui.driver.ExistingRemoteWebDriver
Capabilities {javascriptEnabled: true, platform: ANY, platformName: ANY}
Session ID: f912d58d04e0ea049492dcdbe1240f08)

2019-05-27 09:29:27 - [MESSAGE][WARNING] - Timeout '0' is invalid. Using default page load timeout: '30'

2019-05-27 09:29:29 - [MESSAGE][FAILED] - Unable to wait for object 'Object Repository/ADMIN/Categories/Category/button_upload save' to be visible (Root cause: org.openqa.selenium.StaleElementReferenceException: stale element reference: element is not attached to the page document
  (Session info: chrome=74.0.3729.169)
  (Driver info: chromedriver=2.35.528161 (5b82f2d2aae0ca24b877009200ced9065a772e73),platform=Windows NT 6.1.7601 SP1 x86_64) (WARNING: The server did not provide any stacktrace information)
Command duration or timeout: 0 milliseconds
For documentation on this error, please visit: http://seleniumhq.org/exceptions/stale_element_reference.html
Build info: version: '3.7.1', revision: '8a0099a', time: '2017-11-06T21:07:36.161Z'
System info: host: 'ARCADIER-PC', ip: '10.10.31.95', os.name: 'Windows 7', os.arch: 'amd64', os.version: '6.1', java.version: '1.8.0_102'
Driver info: com.kms.katalon.core.webui.driver.ExistingRemoteWebDriver
Capabilities {javascriptEnabled: true, platform: ANY, platformName: ANY}
Session ID: f912d58d04e0ea049492dcdbe1240f08)
[[ATTACHMENT|C:\\Users\\Arcadier\\git\\Arctick\\Reports\\Suites\\Admin Category\\20190527_092604\\1558920568943.png]]

2019-05-27 09:29:29 - [TEST_STEP][PASSED] - setText: Text 'Description11' is set on object 'Object Repository/ADMIN/Categories/Category/textfield_category_description'

2019-05-27 09:29:29 - [MESSAGE][PASSED] - Text 'Description11' is set on object 'Object Repository/ADMIN/Categories/Category/textfield_category_description'

2019-05-27 09:29:29 - [TEST_STEP][PASSED] - click: Object: 'Object Repository/ADMIN/Categories/Category/button_Save' is clicked on

2019-05-27 09:29:29 - [MESSAGE][PASSED] - Object: 'Object Repository/ADMIN/Categories/Category/button_Save' is clicked on

2019-05-27 09:29:29 - [TEST_STEP][PASSED] - waitForElementVisible: Object 'Object Repository/ADMIN/Categories/Category/label_edit popup' is visible

2019-05-27 09:29:29 - [MESSAGE][WARNING] - Timeout '0' is invalid. Using default page load timeout: '30'

2019-05-27 09:29:30 - [MESSAGE][PASSED] - Object 'Object Repository/ADMIN/Categories/Category/label_edit popup' is visible

2019-05-27 09:29:30 - [TEST_STEP][PASSED] - waitForElementNotPresent: Web element with id: 'Object Repository/ADMIN/Categories/Category/label_edit popup' located by 'By.xpath: //div[(text() = 'Category was successfully saved.' or . = 'Category was successfully saved.')]' is not present after '30' second(s)

2019-05-27 09:29:30 - [MESSAGE][WARNING] - Timeout '0' is invalid. Using default page load timeout: '30'

2019-05-27 09:29:36 - [MESSAGE][PASSED] - Web element with id: 'Object Repository/ADMIN/Categories/Category/label_edit popup' located by 'By.xpath: //div[(text() = 'Category was successfully saved.' or . = 'Category was successfully saved.')]' is not present after '30' second(s)]]></system-out>
         <system-err><![CDATA[2019-05-27 09:29:19 - [TEST_CASE][FAILED] - Test Cases/ADMIN/Content Mgmt/Categories/Category Add-Edit/Add Category: Test Cases/ADMIN/Content Mgmt/Categories/Category Add-Edit/Add Category FAILED because (of) Unable to click on object 'Object Repository/ADMIN/Categories/Category List/button_Categories' (Root cause: org.openqa.selenium.ElementNotVisibleException: element not visible
  (Session info: chrome=74.0.3729.169)
  (Driver info: chromedriver=2.35.528161 (5b82f2d2aae0ca24b877009200ced9065a772e73),platform=Windows NT 6.1.7601 SP1 x86_64) (WARNING: The server did not provide any stacktrace information)
Command duration or timeout: 0 milliseconds
Build info: version: '3.7.1', revision: '8a0099a', time: '2017-11-06T21:07:36.161Z'
System info: host: 'ARCADIER-PC', ip: '10.10.31.95', os.name: 'Windows 7', os.arch: 'amd64', os.version: '6.1', java.version: '1.8.0_102'
Driver info: com.kms.katalon.core.webui.driver.ExistingRemoteWebDriver
Capabilities {javascriptEnabled: true, platform: ANY, platformName: ANY}
Session ID: f912d58d04e0ea049492dcdbe1240f08)]]></system-err>
      </testcase>
      <testcase name="Test Cases/ADMIN/Content Mgmt/Categories/Category Add-Edit/Add Category" classname="Test Cases/ADMIN/Content Mgmt/Categories/Category Add-Edit/Add Category" status="PASSED">
         <system-out><![CDATA[2019-05-27 09:29:36 - [TEST_CASE][PASSED] - Test Cases/ADMIN/Content Mgmt/Categories/Category Add-Edit/Add Category: Test Cases/ADMIN/Content Mgmt/Categories/Category Add-Edit/Add Category

2019-05-27 09:29:36 - [TEST_STEP][PASSED] - waitForElementVisible: Object 'Object Repository/ADMIN/Categories/Category List/button_Content Mgmt' is visible

2019-05-27 09:29:36 - [MESSAGE][WARNING] - Timeout '0' is invalid. Using default page load timeout: '30'

2019-05-27 09:29:36 - [MESSAGE][PASSED] - Object 'Object Repository/ADMIN/Categories/Category List/button_Content Mgmt' is visible

2019-05-27 09:29:36 - [TEST_STEP][PASSED] - click: Object: 'Object Repository/ADMIN/Categories/Category List/button_Content Mgmt' is clicked on

2019-05-27 09:29:36 - [MESSAGE][PASSED] - Object: 'Object Repository/ADMIN/Categories/Category List/button_Content Mgmt' is clicked on

2019-05-27 09:29:36 - [TEST_STEP][PASSED] - waitForElementVisible: Object 'Object Repository/ADMIN/Categories/Category List/button_Categories' is visible

2019-05-27 09:29:36 - [MESSAGE][WARNING] - Timeout '0' is invalid. Using default page load timeout: '30'

2019-05-27 09:29:36 - [MESSAGE][PASSED] - Object 'Object Repository/ADMIN/Categories/Category List/button_Categories' is visible

2019-05-27 09:29:36 - [TEST_STEP][PASSED] - click: Object: 'Object Repository/ADMIN/Categories/Category List/button_Categories' is clicked on

2019-05-27 09:29:36 - [MESSAGE][PASSED] - Object: 'Object Repository/ADMIN/Categories/Category List/button_Categories' is clicked on

2019-05-27 09:29:36 - [TEST_STEP][PASSED] - waitForPageLoad: Wait for page load successfully

2019-05-27 09:29:36 - [MESSAGE][WARNING] - Timeout '0' is invalid. Using default page load timeout: '30'

2019-05-27 09:29:37 - [MESSAGE][PASSED] - Wait for page load successfully

2019-05-27 09:29:37 - [TEST_STEP][PASSED] - click: Object: 'Object Repository/ADMIN/Categories/Category List/button_Add a Category' is clicked on

2019-05-27 09:29:37 - [MESSAGE][PASSED] - Object: 'Object Repository/ADMIN/Categories/Category List/button_Add a Category' is clicked on

2019-05-27 09:29:37 - [TEST_STEP][PASSED] - waitForElementPresent: Object 'Object Repository/ADMIN/Categories/Category/dropdown_Parent' is present

2019-05-27 09:29:37 - [MESSAGE][PASSED] - Object 'Object Repository/ADMIN/Categories/Category/dropdown_Parent' is present

2019-05-27 09:29:37 - [TEST_STEP][PASSED] - delay: Delayed 1 second(s)

2019-05-27 09:29:38 - [MESSAGE][PASSED] - Delayed 1 second(s)

2019-05-27 09:29:38 - [TEST_STEP][PASSED] - setText: Text 'Category 1.3.2.2.1' is set on object 'Object Repository/ADMIN/Categories/Category/textfield_Category Name'

2019-05-27 09:29:38 - [MESSAGE][PASSED] - Text 'Category 1.3.2.2.1' is set on object 'Object Repository/ADMIN/Categories/Category/textfield_Category Name'

2019-05-27 09:29:38 - [TEST_STEP][PASSED] - click: Object: 'Object Repository/ADMIN/Categories/Category/dropdown_Parent' is clicked on

2019-05-27 09:29:38 - [MESSAGE][PASSED] - Object: 'Object Repository/ADMIN/Categories/Category/dropdown_Parent' is clicked on

2019-05-27 09:29:38 - [TEST_STEP][PASSED] - delay: Delayed 2 second(s)

2019-05-27 09:29:40 - [MESSAGE][PASSED] - Delayed 2 second(s)

2019-05-27 09:29:40 - [TEST_STEP][PASSED] - click: Object: 'Object Repository/ADMIN/Categories/Category/dropdown_Parent' is clicked on

2019-05-27 09:29:40 - [MESSAGE][PASSED] - Object: 'Object Repository/ADMIN/Categories/Category/dropdown_Parent' is clicked on

2019-05-27 09:29:40 - [TEST_STEP][PASSED] - selectOptionByLabel: All options with label 'Category 1.3.2.2' are selected in object 'Object Repository/ADMIN/Categories/Category/dropdown_Parent' 

2019-05-27 09:29:41 - [MESSAGE][PASSED] - All options with label 'Category 1.3.2.2' are selected in object 'Object Repository/ADMIN/Categories/Category/dropdown_Parent' 

2019-05-27 09:29:41 - [TEST_STEP][PASSED] - click: Object: 'Object Repository/ADMIN/Categories/Category/button_Browse' is clicked on

2019-05-27 09:29:41 - [MESSAGE][PASSED] - Object: 'Object Repository/ADMIN/Categories/Category/button_Browse' is clicked on

2019-05-27 09:29:41 - [TEST_STEP][PASSED] - delay: Delayed 2 second(s)

2019-05-27 09:29:43 - [MESSAGE][PASSED] - Delayed 2 second(s)

2019-05-27 09:29:43 - [TEST_STEP][PASSED] - uploadFile: File 'C:\\Katalon\\Image\\pic11.jpg' sent to object: 'Object Repository/ADMIN/Categories/Category/image_input image'

2019-05-27 09:29:43 - [MESSAGE][PASSED] - File 'C:\\Katalon\\Image\\pic11.jpg' sent to object: 'Object Repository/ADMIN/Categories/Category/image_input image'

2019-05-27 09:29:43 - [TEST_STEP][PASSED] - waitForElementVisible: Object 'Object Repository/ADMIN/Categories/Category/button_upload check' is visible

2019-05-27 09:29:43 - [MESSAGE][WARNING] - Timeout '0' is invalid. Using default page load timeout: '30'

2019-05-27 09:29:43 - [MESSAGE][PASSED] - Object 'Object Repository/ADMIN/Categories/Category/button_upload check' is visible

2019-05-27 09:29:43 - [TEST_STEP][PASSED] - click: Object: 'Object Repository/ADMIN/Categories/Category/button_upload check' is clicked on

2019-05-27 09:29:43 - [MESSAGE][PASSED] - Object: 'Object Repository/ADMIN/Categories/Category/button_upload check' is clicked on

2019-05-27 09:29:43 - [TEST_STEP][PASSED] - click: Object: 'Object Repository/ADMIN/Categories/Category/button_upload save' is clicked on

2019-05-27 09:29:44 - [MESSAGE][PASSED] - Object: 'Object Repository/ADMIN/Categories/Category/button_upload save' is clicked on

2019-05-27 09:29:44 - [TEST_STEP][PASSED] - waitForElementVisible: Object 'Object Repository/ADMIN/Categories/Category/button_upload save' is visible

2019-05-27 09:29:44 - [MESSAGE][WARNING] - Timeout '0' is invalid. Using default page load timeout: '30'

2019-05-27 09:29:44 - [MESSAGE][PASSED] - Object 'Object Repository/ADMIN/Categories/Category/button_upload save' is visible

2019-05-27 09:29:44 - [TEST_STEP][PASSED] - setText: Text 'Description12' is set on object 'Object Repository/ADMIN/Categories/Category/textfield_category_description'

2019-05-27 09:29:45 - [MESSAGE][PASSED] - Text 'Description12' is set on object 'Object Repository/ADMIN/Categories/Category/textfield_category_description'

2019-05-27 09:29:45 - [TEST_STEP][PASSED] - click: Object: 'Object Repository/ADMIN/Categories/Category/button_Save' is clicked on

2019-05-27 09:29:45 - [MESSAGE][PASSED] - Object: 'Object Repository/ADMIN/Categories/Category/button_Save' is clicked on

2019-05-27 09:29:45 - [TEST_STEP][PASSED] - waitForElementVisible: Object 'Object Repository/ADMIN/Categories/Category/label_edit popup' is visible

2019-05-27 09:29:45 - [MESSAGE][WARNING] - Timeout '0' is invalid. Using default page load timeout: '30'

2019-05-27 09:29:45 - [MESSAGE][PASSED] - Object 'Object Repository/ADMIN/Categories/Category/label_edit popup' is visible

2019-05-27 09:29:45 - [TEST_STEP][PASSED] - waitForElementNotPresent: Web element with id: 'Object Repository/ADMIN/Categories/Category/label_edit popup' located by 'By.xpath: //div[(text() = 'Category was successfully saved.' or . = 'Category was successfully saved.')]' is not present after '30' second(s)

2019-05-27 09:29:45 - [MESSAGE][WARNING] - Timeout '0' is invalid. Using default page load timeout: '30'

2019-05-27 09:29:52 - [MESSAGE][PASSED] - Web element with id: 'Object Repository/ADMIN/Categories/Category/label_edit popup' located by 'By.xpath: //div[(text() = 'Category was successfully saved.' or . = 'Category was successfully saved.')]' is not present after '30' second(s)]]></system-out>
         <system-err><![CDATA[]]></system-err>
      </testcase>
      <testcase name="Test Cases/ADMIN/Content Mgmt/Categories/Category Add-Edit/Add Category" classname="Test Cases/ADMIN/Content Mgmt/Categories/Category Add-Edit/Add Category" status="PASSED">
         <system-out><![CDATA[2019-05-27 09:29:52 - [TEST_CASE][PASSED] - Test Cases/ADMIN/Content Mgmt/Categories/Category Add-Edit/Add Category: Test Cases/ADMIN/Content Mgmt/Categories/Category Add-Edit/Add Category

2019-05-27 09:29:52 - [TEST_STEP][PASSED] - waitForElementVisible: Object 'Object Repository/ADMIN/Categories/Category List/button_Content Mgmt' is visible

2019-05-27 09:29:52 - [MESSAGE][WARNING] - Timeout '0' is invalid. Using default page load timeout: '30'

2019-05-27 09:29:52 - [MESSAGE][PASSED] - Object 'Object Repository/ADMIN/Categories/Category List/button_Content Mgmt' is visible

2019-05-27 09:29:52 - [TEST_STEP][PASSED] - click: Object: 'Object Repository/ADMIN/Categories/Category List/button_Content Mgmt' is clicked on

2019-05-27 09:29:52 - [MESSAGE][PASSED] - Object: 'Object Repository/ADMIN/Categories/Category List/button_Content Mgmt' is clicked on

2019-05-27 09:29:52 - [TEST_STEP][PASSED] - waitForElementVisible: Object 'Object Repository/ADMIN/Categories/Category List/button_Categories' is visible

2019-05-27 09:29:52 - [MESSAGE][WARNING] - Timeout '0' is invalid. Using default page load timeout: '30'

2019-05-27 09:29:52 - [MESSAGE][PASSED] - Object 'Object Repository/ADMIN/Categories/Category List/button_Categories' is visible

2019-05-27 09:29:52 - [TEST_STEP][PASSED] - click: Object: 'Object Repository/ADMIN/Categories/Category List/button_Categories' is clicked on

2019-05-27 09:29:54 - [MESSAGE][PASSED] - Object: 'Object Repository/ADMIN/Categories/Category List/button_Categories' is clicked on

2019-05-27 09:29:54 - [TEST_STEP][PASSED] - waitForPageLoad: Wait for page load successfully

2019-05-27 09:29:54 - [MESSAGE][WARNING] - Timeout '0' is invalid. Using default page load timeout: '30'

2019-05-27 09:29:54 - [MESSAGE][PASSED] - Wait for page load successfully

2019-05-27 09:29:54 - [TEST_STEP][PASSED] - click: Object: 'Object Repository/ADMIN/Categories/Category List/button_Add a Category' is clicked on

2019-05-27 09:29:54 - [MESSAGE][PASSED] - Object: 'Object Repository/ADMIN/Categories/Category List/button_Add a Category' is clicked on

2019-05-27 09:29:54 - [TEST_STEP][PASSED] - waitForElementPresent: Object 'Object Repository/ADMIN/Categories/Category/dropdown_Parent' is present

2019-05-27 09:29:54 - [MESSAGE][PASSED] - Object 'Object Repository/ADMIN/Categories/Category/dropdown_Parent' is present

2019-05-27 09:29:54 - [TEST_STEP][PASSED] - delay: Delayed 1 second(s)

2019-05-27 09:29:55 - [MESSAGE][PASSED] - Delayed 1 second(s)

2019-05-27 09:29:55 - [TEST_STEP][PASSED] - setText: Text 'Category 1.3.2.2.2' is set on object 'Object Repository/ADMIN/Categories/Category/textfield_Category Name'

2019-05-27 09:29:56 - [MESSAGE][PASSED] - Text 'Category 1.3.2.2.2' is set on object 'Object Repository/ADMIN/Categories/Category/textfield_Category Name'

2019-05-27 09:29:56 - [TEST_STEP][PASSED] - click: Object: 'Object Repository/ADMIN/Categories/Category/dropdown_Parent' is clicked on

2019-05-27 09:29:56 - [MESSAGE][PASSED] - Object: 'Object Repository/ADMIN/Categories/Category/dropdown_Parent' is clicked on

2019-05-27 09:29:56 - [TEST_STEP][PASSED] - delay: Delayed 2 second(s)

2019-05-27 09:29:58 - [MESSAGE][PASSED] - Delayed 2 second(s)

2019-05-27 09:29:58 - [TEST_STEP][PASSED] - click: Object: 'Object Repository/ADMIN/Categories/Category/dropdown_Parent' is clicked on

2019-05-27 09:29:58 - [MESSAGE][PASSED] - Object: 'Object Repository/ADMIN/Categories/Category/dropdown_Parent' is clicked on

2019-05-27 09:29:58 - [TEST_STEP][PASSED] - selectOptionByLabel: All options with label 'Category 1.3.2.2' are selected in object 'Object Repository/ADMIN/Categories/Category/dropdown_Parent' 

2019-05-27 09:29:58 - [MESSAGE][PASSED] - All options with label 'Category 1.3.2.2' are selected in object 'Object Repository/ADMIN/Categories/Category/dropdown_Parent' 

2019-05-27 09:29:58 - [TEST_STEP][PASSED] - click: Object: 'Object Repository/ADMIN/Categories/Category/button_Browse' is clicked on

2019-05-27 09:29:58 - [MESSAGE][PASSED] - Object: 'Object Repository/ADMIN/Categories/Category/button_Browse' is clicked on

2019-05-27 09:29:58 - [TEST_STEP][PASSED] - delay: Delayed 2 second(s)

2019-05-27 09:30:00 - [MESSAGE][PASSED] - Delayed 2 second(s)

2019-05-27 09:30:00 - [TEST_STEP][PASSED] - uploadFile: File 'C:\\Katalon\\Image\\pic12.jpg' sent to object: 'Object Repository/ADMIN/Categories/Category/image_input image'

2019-05-27 09:30:01 - [MESSAGE][PASSED] - File 'C:\\Katalon\\Image\\pic12.jpg' sent to object: 'Object Repository/ADMIN/Categories/Category/image_input image'

2019-05-27 09:30:01 - [TEST_STEP][PASSED] - waitForElementVisible: Object 'Object Repository/ADMIN/Categories/Category/button_upload check' is visible

2019-05-27 09:30:01 - [MESSAGE][WARNING] - Timeout '0' is invalid. Using default page load timeout: '30'

2019-05-27 09:30:01 - [MESSAGE][PASSED] - Object 'Object Repository/ADMIN/Categories/Category/button_upload check' is visible

2019-05-27 09:30:01 - [TEST_STEP][PASSED] - click: Object: 'Object Repository/ADMIN/Categories/Category/button_upload check' is clicked on

2019-05-27 09:30:01 - [MESSAGE][PASSED] - Object: 'Object Repository/ADMIN/Categories/Category/button_upload check' is clicked on

2019-05-27 09:30:01 - [TEST_STEP][PASSED] - click: Object: 'Object Repository/ADMIN/Categories/Category/button_upload save' is clicked on

2019-05-27 09:30:01 - [MESSAGE][PASSED] - Object: 'Object Repository/ADMIN/Categories/Category/button_upload save' is clicked on

2019-05-27 09:30:01 - [TEST_STEP][PASSED] - waitForElementVisible: Object 'Object Repository/ADMIN/Categories/Category/button_upload save' is visible

2019-05-27 09:30:01 - [MESSAGE][WARNING] - Timeout '0' is invalid. Using default page load timeout: '30'

2019-05-27 09:30:01 - [MESSAGE][PASSED] - Object 'Object Repository/ADMIN/Categories/Category/button_upload save' is visible

2019-05-27 09:30:01 - [TEST_STEP][PASSED] - setText: Text 'Description13' is set on object 'Object Repository/ADMIN/Categories/Category/textfield_category_description'

2019-05-27 09:30:02 - [MESSAGE][PASSED] - Text 'Description13' is set on object 'Object Repository/ADMIN/Categories/Category/textfield_category_description'

2019-05-27 09:30:02 - [TEST_STEP][PASSED] - click: Object: 'Object Repository/ADMIN/Categories/Category/button_Save' is clicked on

2019-05-27 09:30:02 - [MESSAGE][PASSED] - Object: 'Object Repository/ADMIN/Categories/Category/button_Save' is clicked on

2019-05-27 09:30:02 - [TEST_STEP][PASSED] - waitForElementVisible: Object 'Object Repository/ADMIN/Categories/Category/label_edit popup' is visible

2019-05-27 09:30:02 - [MESSAGE][WARNING] - Timeout '0' is invalid. Using default page load timeout: '30'

2019-05-27 09:30:03 - [MESSAGE][PASSED] - Object 'Object Repository/ADMIN/Categories/Category/label_edit popup' is visible

2019-05-27 09:30:03 - [TEST_STEP][PASSED] - waitForElementNotPresent: Web element with id: 'Object Repository/ADMIN/Categories/Category/label_edit popup' located by 'By.xpath: //div[(text() = 'Category was successfully saved.' or . = 'Category was successfully saved.')]' is not present after '30' second(s)

2019-05-27 09:30:03 - [MESSAGE][WARNING] - Timeout '0' is invalid. Using default page load timeout: '30'

2019-05-27 09:30:09 - [MESSAGE][PASSED] - Web element with id: 'Object Repository/ADMIN/Categories/Category/label_edit popup' located by 'By.xpath: //div[(text() = 'Category was successfully saved.' or . = 'Category was successfully saved.')]' is not present after '30' second(s)]]></system-out>
         <system-err><![CDATA[]]></system-err>
      </testcase>
      <testcase name="Test Cases/ADMIN/Content Mgmt/Categories/Category Add-Edit/Add Category" classname="Test Cases/ADMIN/Content Mgmt/Categories/Category Add-Edit/Add Category" status="PASSED">
         <system-out><![CDATA[2019-05-27 09:30:09 - [TEST_CASE][PASSED] - Test Cases/ADMIN/Content Mgmt/Categories/Category Add-Edit/Add Category: Test Cases/ADMIN/Content Mgmt/Categories/Category Add-Edit/Add Category

2019-05-27 09:30:09 - [TEST_STEP][PASSED] - waitForElementVisible: Object 'Object Repository/ADMIN/Categories/Category List/button_Content Mgmt' is visible

2019-05-27 09:30:09 - [MESSAGE][WARNING] - Timeout '0' is invalid. Using default page load timeout: '30'

2019-05-27 09:30:09 - [MESSAGE][PASSED] - Object 'Object Repository/ADMIN/Categories/Category List/button_Content Mgmt' is visible

2019-05-27 09:30:09 - [TEST_STEP][PASSED] - click: Object: 'Object Repository/ADMIN/Categories/Category List/button_Content Mgmt' is clicked on

2019-05-27 09:30:09 - [MESSAGE][PASSED] - Object: 'Object Repository/ADMIN/Categories/Category List/button_Content Mgmt' is clicked on

2019-05-27 09:30:09 - [TEST_STEP][PASSED] - waitForElementVisible: Object 'Object Repository/ADMIN/Categories/Category List/button_Categories' is visible

2019-05-27 09:30:09 - [MESSAGE][WARNING] - Timeout '0' is invalid. Using default page load timeout: '30'

2019-05-27 09:30:09 - [MESSAGE][PASSED] - Object 'Object Repository/ADMIN/Categories/Category List/button_Categories' is visible

2019-05-27 09:30:09 - [TEST_STEP][PASSED] - click: Object: 'Object Repository/ADMIN/Categories/Category List/button_Categories' is clicked on

2019-05-27 09:30:10 - [MESSAGE][PASSED] - Object: 'Object Repository/ADMIN/Categories/Category List/button_Categories' is clicked on

2019-05-27 09:30:10 - [TEST_STEP][PASSED] - waitForPageLoad: Wait for page load successfully

2019-05-27 09:30:10 - [MESSAGE][WARNING] - Timeout '0' is invalid. Using default page load timeout: '30'

2019-05-27 09:30:10 - [MESSAGE][PASSED] - Wait for page load successfully

2019-05-27 09:30:10 - [TEST_STEP][PASSED] - click: Object: 'Object Repository/ADMIN/Categories/Category List/button_Add a Category' is clicked on

2019-05-27 09:30:11 - [MESSAGE][PASSED] - Object: 'Object Repository/ADMIN/Categories/Category List/button_Add a Category' is clicked on

2019-05-27 09:30:11 - [TEST_STEP][PASSED] - waitForElementPresent: Object 'Object Repository/ADMIN/Categories/Category/dropdown_Parent' is present

2019-05-27 09:30:11 - [MESSAGE][PASSED] - Object 'Object Repository/ADMIN/Categories/Category/dropdown_Parent' is present

2019-05-27 09:30:11 - [TEST_STEP][PASSED] - delay: Delayed 1 second(s)

2019-05-27 09:30:12 - [MESSAGE][PASSED] - Delayed 1 second(s)

2019-05-27 09:30:12 - [TEST_STEP][PASSED] - setText: Text 'Category 1.3.3' is set on object 'Object Repository/ADMIN/Categories/Category/textfield_Category Name'

2019-05-27 09:30:12 - [MESSAGE][PASSED] - Text 'Category 1.3.3' is set on object 'Object Repository/ADMIN/Categories/Category/textfield_Category Name'

2019-05-27 09:30:12 - [TEST_STEP][PASSED] - click: Object: 'Object Repository/ADMIN/Categories/Category/dropdown_Parent' is clicked on

2019-05-27 09:30:12 - [MESSAGE][PASSED] - Object: 'Object Repository/ADMIN/Categories/Category/dropdown_Parent' is clicked on

2019-05-27 09:30:12 - [TEST_STEP][PASSED] - delay: Delayed 2 second(s)

2019-05-27 09:30:14 - [MESSAGE][PASSED] - Delayed 2 second(s)

2019-05-27 09:30:14 - [TEST_STEP][PASSED] - click: Object: 'Object Repository/ADMIN/Categories/Category/dropdown_Parent' is clicked on

2019-05-27 09:30:14 - [MESSAGE][PASSED] - Object: 'Object Repository/ADMIN/Categories/Category/dropdown_Parent' is clicked on

2019-05-27 09:30:14 - [TEST_STEP][PASSED] - selectOptionByLabel: All options with label 'Category 1.3' are selected in object 'Object Repository/ADMIN/Categories/Category/dropdown_Parent' 

2019-05-27 09:30:14 - [MESSAGE][PASSED] - All options with label 'Category 1.3' are selected in object 'Object Repository/ADMIN/Categories/Category/dropdown_Parent' 

2019-05-27 09:30:14 - [TEST_STEP][PASSED] - click: Object: 'Object Repository/ADMIN/Categories/Category/button_Browse' is clicked on

2019-05-27 09:30:14 - [MESSAGE][PASSED] - Object: 'Object Repository/ADMIN/Categories/Category/button_Browse' is clicked on

2019-05-27 09:30:14 - [TEST_STEP][PASSED] - delay: Delayed 2 second(s)

2019-05-27 09:30:16 - [MESSAGE][PASSED] - Delayed 2 second(s)

2019-05-27 09:30:16 - [TEST_STEP][PASSED] - uploadFile: File 'C:\\Katalon\\Image\\pic1.jpg' sent to object: 'Object Repository/ADMIN/Categories/Category/image_input image'

2019-05-27 09:30:16 - [MESSAGE][PASSED] - File 'C:\\Katalon\\Image\\pic1.jpg' sent to object: 'Object Repository/ADMIN/Categories/Category/image_input image'

2019-05-27 09:30:16 - [TEST_STEP][PASSED] - waitForElementVisible: Object 'Object Repository/ADMIN/Categories/Category/button_upload check' is visible

2019-05-27 09:30:16 - [MESSAGE][WARNING] - Timeout '0' is invalid. Using default page load timeout: '30'

2019-05-27 09:30:17 - [MESSAGE][PASSED] - Object 'Object Repository/ADMIN/Categories/Category/button_upload check' is visible

2019-05-27 09:30:17 - [TEST_STEP][PASSED] - click: Object: 'Object Repository/ADMIN/Categories/Category/button_upload check' is clicked on

2019-05-27 09:30:17 - [MESSAGE][PASSED] - Object: 'Object Repository/ADMIN/Categories/Category/button_upload check' is clicked on

2019-05-27 09:30:17 - [TEST_STEP][PASSED] - click: Object: 'Object Repository/ADMIN/Categories/Category/button_upload save' is clicked on

2019-05-27 09:30:17 - [MESSAGE][PASSED] - Object: 'Object Repository/ADMIN/Categories/Category/button_upload save' is clicked on

2019-05-27 09:30:17 - [TEST_STEP][PASSED] - waitForElementVisible: Object 'Object Repository/ADMIN/Categories/Category/button_upload save' is visible

2019-05-27 09:30:17 - [MESSAGE][WARNING] - Timeout '0' is invalid. Using default page load timeout: '30'

2019-05-27 09:30:17 - [MESSAGE][PASSED] - Object 'Object Repository/ADMIN/Categories/Category/button_upload save' is visible

2019-05-27 09:30:17 - [TEST_STEP][PASSED] - setText: Text 'Description14' is set on object 'Object Repository/ADMIN/Categories/Category/textfield_category_description'

2019-05-27 09:30:17 - [MESSAGE][PASSED] - Text 'Description14' is set on object 'Object Repository/ADMIN/Categories/Category/textfield_category_description'

2019-05-27 09:30:17 - [TEST_STEP][PASSED] - click: Object: 'Object Repository/ADMIN/Categories/Category/button_Save' is clicked on

2019-05-27 09:30:17 - [MESSAGE][PASSED] - Object: 'Object Repository/ADMIN/Categories/Category/button_Save' is clicked on

2019-05-27 09:30:17 - [TEST_STEP][PASSED] - waitForElementVisible: Object 'Object Repository/ADMIN/Categories/Category/label_edit popup' is visible

2019-05-27 09:30:17 - [MESSAGE][WARNING] - Timeout '0' is invalid. Using default page load timeout: '30'

2019-05-27 09:30:18 - [MESSAGE][PASSED] - Object 'Object Repository/ADMIN/Categories/Category/label_edit popup' is visible

2019-05-27 09:30:18 - [TEST_STEP][PASSED] - waitForElementNotPresent: Web element with id: 'Object Repository/ADMIN/Categories/Category/label_edit popup' located by 'By.xpath: //div[(text() = 'Category was successfully saved.' or . = 'Category was successfully saved.')]' is not present after '30' second(s)

2019-05-27 09:30:18 - [MESSAGE][WARNING] - Timeout '0' is invalid. Using default page load timeout: '30'

2019-05-27 09:30:24 - [MESSAGE][PASSED] - Web element with id: 'Object Repository/ADMIN/Categories/Category/label_edit popup' located by 'By.xpath: //div[(text() = 'Category was successfully saved.' or . = 'Category was successfully saved.')]' is not present after '30' second(s)]]></system-out>
         <system-err><![CDATA[]]></system-err>
      </testcase>
      <testcase name="Test Cases/ADMIN/Content Mgmt/Categories/Category Add-Edit/Add Category" classname="Test Cases/ADMIN/Content Mgmt/Categories/Category Add-Edit/Add Category" status="PASSED">
         <system-out><![CDATA[2019-05-27 09:30:24 - [TEST_CASE][PASSED] - Test Cases/ADMIN/Content Mgmt/Categories/Category Add-Edit/Add Category: Test Cases/ADMIN/Content Mgmt/Categories/Category Add-Edit/Add Category

2019-05-27 09:30:24 - [TEST_STEP][PASSED] - waitForElementVisible: Object 'Object Repository/ADMIN/Categories/Category List/button_Content Mgmt' is visible

2019-05-27 09:30:24 - [MESSAGE][WARNING] - Timeout '0' is invalid. Using default page load timeout: '30'

2019-05-27 09:30:24 - [MESSAGE][PASSED] - Object 'Object Repository/ADMIN/Categories/Category List/button_Content Mgmt' is visible

2019-05-27 09:30:24 - [TEST_STEP][PASSED] - click: Object: 'Object Repository/ADMIN/Categories/Category List/button_Content Mgmt' is clicked on

2019-05-27 09:30:24 - [MESSAGE][PASSED] - Object: 'Object Repository/ADMIN/Categories/Category List/button_Content Mgmt' is clicked on

2019-05-27 09:30:24 - [TEST_STEP][PASSED] - waitForElementVisible: Object 'Object Repository/ADMIN/Categories/Category List/button_Categories' is visible

2019-05-27 09:30:24 - [MESSAGE][WARNING] - Timeout '0' is invalid. Using default page load timeout: '30'

2019-05-27 09:30:24 - [MESSAGE][PASSED] - Object 'Object Repository/ADMIN/Categories/Category List/button_Categories' is visible

2019-05-27 09:30:24 - [TEST_STEP][PASSED] - click: Object: 'Object Repository/ADMIN/Categories/Category List/button_Categories' is clicked on

2019-05-27 09:30:25 - [MESSAGE][PASSED] - Object: 'Object Repository/ADMIN/Categories/Category List/button_Categories' is clicked on

2019-05-27 09:30:25 - [TEST_STEP][PASSED] - waitForPageLoad: Wait for page load successfully

2019-05-27 09:30:25 - [MESSAGE][WARNING] - Timeout '0' is invalid. Using default page load timeout: '30'

2019-05-27 09:30:25 - [MESSAGE][PASSED] - Wait for page load successfully

2019-05-27 09:30:25 - [TEST_STEP][PASSED] - click: Object: 'Object Repository/ADMIN/Categories/Category List/button_Add a Category' is clicked on

2019-05-27 09:30:26 - [MESSAGE][PASSED] - Object: 'Object Repository/ADMIN/Categories/Category List/button_Add a Category' is clicked on

2019-05-27 09:30:26 - [TEST_STEP][PASSED] - waitForElementPresent: Object 'Object Repository/ADMIN/Categories/Category/dropdown_Parent' is present

2019-05-27 09:30:26 - [MESSAGE][PASSED] - Object 'Object Repository/ADMIN/Categories/Category/dropdown_Parent' is present

2019-05-27 09:30:26 - [TEST_STEP][PASSED] - delay: Delayed 1 second(s)

2019-05-27 09:30:27 - [MESSAGE][PASSED] - Delayed 1 second(s)

2019-05-27 09:30:27 - [TEST_STEP][PASSED] - setText: Text 'Category 1.3.4' is set on object 'Object Repository/ADMIN/Categories/Category/textfield_Category Name'

2019-05-27 09:30:27 - [MESSAGE][PASSED] - Text 'Category 1.3.4' is set on object 'Object Repository/ADMIN/Categories/Category/textfield_Category Name'

2019-05-27 09:30:27 - [TEST_STEP][PASSED] - click: Object: 'Object Repository/ADMIN/Categories/Category/dropdown_Parent' is clicked on

2019-05-27 09:30:27 - [MESSAGE][PASSED] - Object: 'Object Repository/ADMIN/Categories/Category/dropdown_Parent' is clicked on

2019-05-27 09:30:27 - [TEST_STEP][PASSED] - delay: Delayed 2 second(s)

2019-05-27 09:30:29 - [MESSAGE][PASSED] - Delayed 2 second(s)

2019-05-27 09:30:29 - [TEST_STEP][PASSED] - click: Object: 'Object Repository/ADMIN/Categories/Category/dropdown_Parent' is clicked on

2019-05-27 09:30:29 - [MESSAGE][PASSED] - Object: 'Object Repository/ADMIN/Categories/Category/dropdown_Parent' is clicked on

2019-05-27 09:30:29 - [TEST_STEP][PASSED] - selectOptionByLabel: All options with label 'Category 1.3' are selected in object 'Object Repository/ADMIN/Categories/Category/dropdown_Parent' 

2019-05-27 09:30:29 - [MESSAGE][PASSED] - All options with label 'Category 1.3' are selected in object 'Object Repository/ADMIN/Categories/Category/dropdown_Parent' 

2019-05-27 09:30:29 - [TEST_STEP][PASSED] - click: Object: 'Object Repository/ADMIN/Categories/Category/button_Browse' is clicked on

2019-05-27 09:30:29 - [MESSAGE][PASSED] - Object: 'Object Repository/ADMIN/Categories/Category/button_Browse' is clicked on

2019-05-27 09:30:29 - [TEST_STEP][PASSED] - delay: Delayed 2 second(s)

2019-05-27 09:30:31 - [MESSAGE][PASSED] - Delayed 2 second(s)

2019-05-27 09:30:31 - [TEST_STEP][PASSED] - uploadFile: File 'C:\\Katalon\\Image\\pic2.jpg' sent to object: 'Object Repository/ADMIN/Categories/Category/image_input image'

2019-05-27 09:30:31 - [MESSAGE][PASSED] - File 'C:\\Katalon\\Image\\pic2.jpg' sent to object: 'Object Repository/ADMIN/Categories/Category/image_input image'

2019-05-27 09:30:31 - [TEST_STEP][PASSED] - waitForElementVisible: Object 'Object Repository/ADMIN/Categories/Category/button_upload check' is visible

2019-05-27 09:30:31 - [MESSAGE][WARNING] - Timeout '0' is invalid. Using default page load timeout: '30'

2019-05-27 09:30:31 - [MESSAGE][PASSED] - Object 'Object Repository/ADMIN/Categories/Category/button_upload check' is visible

2019-05-27 09:30:31 - [TEST_STEP][PASSED] - click: Object: 'Object Repository/ADMIN/Categories/Category/button_upload check' is clicked on

2019-05-27 09:30:31 - [MESSAGE][PASSED] - Object: 'Object Repository/ADMIN/Categories/Category/button_upload check' is clicked on

2019-05-27 09:30:31 - [TEST_STEP][PASSED] - click: Object: 'Object Repository/ADMIN/Categories/Category/button_upload save' is clicked on

2019-05-27 09:30:32 - [MESSAGE][PASSED] - Object: 'Object Repository/ADMIN/Categories/Category/button_upload save' is clicked on

2019-05-27 09:30:32 - [TEST_STEP][PASSED] - waitForElementVisible: Object 'Object Repository/ADMIN/Categories/Category/button_upload save' is visible

2019-05-27 09:30:32 - [MESSAGE][WARNING] - Timeout '0' is invalid. Using default page load timeout: '30'

2019-05-27 09:30:32 - [MESSAGE][PASSED] - Object 'Object Repository/ADMIN/Categories/Category/button_upload save' is visible

2019-05-27 09:30:32 - [TEST_STEP][PASSED] - setText: Text 'Description15' is set on object 'Object Repository/ADMIN/Categories/Category/textfield_category_description'

2019-05-27 09:30:32 - [MESSAGE][PASSED] - Text 'Description15' is set on object 'Object Repository/ADMIN/Categories/Category/textfield_category_description'

2019-05-27 09:30:32 - [TEST_STEP][PASSED] - click: Object: 'Object Repository/ADMIN/Categories/Category/button_Save' is clicked on

2019-05-27 09:30:32 - [MESSAGE][PASSED] - Object: 'Object Repository/ADMIN/Categories/Category/button_Save' is clicked on

2019-05-27 09:30:32 - [TEST_STEP][PASSED] - waitForElementVisible: Object 'Object Repository/ADMIN/Categories/Category/label_edit popup' is visible

2019-05-27 09:30:32 - [MESSAGE][WARNING] - Timeout '0' is invalid. Using default page load timeout: '30'

2019-05-27 09:30:32 - [MESSAGE][PASSED] - Object 'Object Repository/ADMIN/Categories/Category/label_edit popup' is visible

2019-05-27 09:30:32 - [TEST_STEP][PASSED] - waitForElementNotPresent: Web element with id: 'Object Repository/ADMIN/Categories/Category/label_edit popup' located by 'By.xpath: //div[(text() = 'Category was successfully saved.' or . = 'Category was successfully saved.')]' is not present after '30' second(s)

2019-05-27 09:30:32 - [MESSAGE][WARNING] - Timeout '0' is invalid. Using default page load timeout: '30'

2019-05-27 09:30:38 - [MESSAGE][PASSED] - Web element with id: 'Object Repository/ADMIN/Categories/Category/label_edit popup' located by 'By.xpath: //div[(text() = 'Category was successfully saved.' or . = 'Category was successfully saved.')]' is not present after '30' second(s)]]></system-out>
         <system-err><![CDATA[]]></system-err>
      </testcase>
      <testcase name="Test Cases/ADMIN/Content Mgmt/Categories/Category Add-Edit/Add Category" classname="Test Cases/ADMIN/Content Mgmt/Categories/Category Add-Edit/Add Category" status="FAILED">
         <failure type="FAILED" message="Unable to click on object 'Object Repository/ADMIN/Categories/Category List/button_Categories' (Root cause: org.openqa.selenium.ElementNotVisibleException: element not visible
  (Session info: chrome=74.0.3729.169)
  (Driver info: chromedriver=2.35.528161 (5b82f2d2aae0ca24b877009200ced9065a772e73),platform=Windows NT 6.1.7601 SP1 x86_64) (WARNING: The server did not provide any stacktrace information)
Command duration or timeout: 0 milliseconds
Build info: version: '3.7.1', revision: '8a0099a', time: '2017-11-06T21:07:36.161Z'
System info: host: 'ARCADIER-PC', ip: '10.10.31.95', os.name: 'Windows 7', os.arch: 'amd64', os.version: '6.1', java.version: '1.8.0_102'
Driver info: com.kms.katalon.core.webui.driver.ExistingRemoteWebDriver
Capabilities {javascriptEnabled: true, platform: ANY, platformName: ANY}
Session ID: f912d58d04e0ea049492dcdbe1240f08)"/>
         <system-out><![CDATA[2019-05-27 09:30:38 - [TEST_CASE][FAILED] - Test Cases/ADMIN/Content Mgmt/Categories/Category Add-Edit/Add Category: Test Cases/ADMIN/Content Mgmt/Categories/Category Add-Edit/Add Category FAILED because (of) Unable to click on object 'Object Repository/ADMIN/Categories/Category List/button_Categories' (Root cause: org.openqa.selenium.ElementNotVisibleException: element not visible
  (Session info: chrome=74.0.3729.169)
  (Driver info: chromedriver=2.35.528161 (5b82f2d2aae0ca24b877009200ced9065a772e73),platform=Windows NT 6.1.7601 SP1 x86_64) (WARNING: The server did not provide any stacktrace information)
Command duration or timeout: 0 milliseconds
Build info: version: '3.7.1', revision: '8a0099a', time: '2017-11-06T21:07:36.161Z'
System info: host: 'ARCADIER-PC', ip: '10.10.31.95', os.name: 'Windows 7', os.arch: 'amd64', os.version: '6.1', java.version: '1.8.0_102'
Driver info: com.kms.katalon.core.webui.driver.ExistingRemoteWebDriver
Capabilities {javascriptEnabled: true, platform: ANY, platformName: ANY}
Session ID: f912d58d04e0ea049492dcdbe1240f08)

2019-05-27 09:30:38 - [TEST_STEP][PASSED] - waitForElementVisible: Object 'Object Repository/ADMIN/Categories/Category List/button_Content Mgmt' is visible

2019-05-27 09:30:38 - [MESSAGE][WARNING] - Timeout '0' is invalid. Using default page load timeout: '30'

2019-05-27 09:30:38 - [MESSAGE][PASSED] - Object 'Object Repository/ADMIN/Categories/Category List/button_Content Mgmt' is visible

2019-05-27 09:30:38 - [TEST_STEP][PASSED] - click: Object: 'Object Repository/ADMIN/Categories/Category List/button_Content Mgmt' is clicked on

2019-05-27 09:30:38 - [MESSAGE][PASSED] - Object: 'Object Repository/ADMIN/Categories/Category List/button_Content Mgmt' is clicked on

2019-05-27 09:30:38 - [TEST_STEP][PASSED] - waitForElementVisible: Object 'Object Repository/ADMIN/Categories/Category List/button_Categories' is visible

2019-05-27 09:30:38 - [MESSAGE][WARNING] - Timeout '0' is invalid. Using default page load timeout: '30'

2019-05-27 09:30:38 - [MESSAGE][PASSED] - Object 'Object Repository/ADMIN/Categories/Category List/button_Categories' is visible

2019-05-27 09:30:38 - [TEST_STEP][FAILED] - click: Unable to click on object 'Object Repository/ADMIN/Categories/Category List/button_Categories' (Root cause: org.openqa.selenium.ElementNotVisibleException: element not visible
  (Session info: chrome=74.0.3729.169)
  (Driver info: chromedriver=2.35.528161 (5b82f2d2aae0ca24b877009200ced9065a772e73),platform=Windows NT 6.1.7601 SP1 x86_64) (WARNING: The server did not provide any stacktrace information)
Command duration or timeout: 0 milliseconds
Build info: version: '3.7.1', revision: '8a0099a', time: '2017-11-06T21:07:36.161Z'
System info: host: 'ARCADIER-PC', ip: '10.10.31.95', os.name: 'Windows 7', os.arch: 'amd64', os.version: '6.1', java.version: '1.8.0_102'
Driver info: com.kms.katalon.core.webui.driver.ExistingRemoteWebDriver
Capabilities {javascriptEnabled: true, platform: ANY, platformName: ANY}
Session ID: f912d58d04e0ea049492dcdbe1240f08)

2019-05-27 09:30:39 - [MESSAGE][FAILED] - Unable to click on object 'Object Repository/ADMIN/Categories/Category List/button_Categories' (Root cause: org.openqa.selenium.ElementNotVisibleException: element not visible
  (Session info: chrome=74.0.3729.169)
  (Driver info: chromedriver=2.35.528161 (5b82f2d2aae0ca24b877009200ced9065a772e73),platform=Windows NT 6.1.7601 SP1 x86_64) (WARNING: The server did not provide any stacktrace information)
Command duration or timeout: 0 milliseconds
Build info: version: '3.7.1', revision: '8a0099a', time: '2017-11-06T21:07:36.161Z'
System info: host: 'ARCADIER-PC', ip: '10.10.31.95', os.name: 'Windows 7', os.arch: 'amd64', os.version: '6.1', java.version: '1.8.0_102'
Driver info: com.kms.katalon.core.webui.driver.ExistingRemoteWebDriver
Capabilities {javascriptEnabled: true, platform: ANY, platformName: ANY}
Session ID: f912d58d04e0ea049492dcdbe1240f08)
[[ATTACHMENT|C:\\Users\\Arcadier\\git\\Arctick\\Reports\\Suites\\Admin Category\\20190527_092604\\1558920639079.png]]

2019-05-27 09:30:39 - [TEST_STEP][PASSED] - waitForPageLoad: Wait for page load successfully

2019-05-27 09:30:39 - [MESSAGE][WARNING] - Timeout '0' is invalid. Using default page load timeout: '30'

2019-05-27 09:30:39 - [MESSAGE][PASSED] - Wait for page load successfully

2019-05-27 09:30:39 - [TEST_STEP][PASSED] - click: Object: 'Object Repository/ADMIN/Categories/Category List/button_Add a Category' is clicked on

2019-05-27 09:30:39 - [MESSAGE][PASSED] - Object: 'Object Repository/ADMIN/Categories/Category List/button_Add a Category' is clicked on

2019-05-27 09:30:39 - [TEST_STEP][PASSED] - waitForElementPresent: Object 'Object Repository/ADMIN/Categories/Category/dropdown_Parent' is present

2019-05-27 09:30:39 - [MESSAGE][PASSED] - Object 'Object Repository/ADMIN/Categories/Category/dropdown_Parent' is present

2019-05-27 09:30:39 - [TEST_STEP][PASSED] - delay: Delayed 1 second(s)

2019-05-27 09:30:40 - [MESSAGE][PASSED] - Delayed 1 second(s)

2019-05-27 09:30:40 - [TEST_STEP][PASSED] - setText: Text 'Category 2' is set on object 'Object Repository/ADMIN/Categories/Category/textfield_Category Name'

2019-05-27 09:30:40 - [MESSAGE][PASSED] - Text 'Category 2' is set on object 'Object Repository/ADMIN/Categories/Category/textfield_Category Name'

2019-05-27 09:30:40 - [TEST_STEP][PASSED] - click: Object: 'Object Repository/ADMIN/Categories/Category/dropdown_Parent' is clicked on

2019-05-27 09:30:40 - [MESSAGE][PASSED] - Object: 'Object Repository/ADMIN/Categories/Category/dropdown_Parent' is clicked on

2019-05-27 09:30:40 - [TEST_STEP][PASSED] - delay: Delayed 2 second(s)

2019-05-27 09:30:42 - [MESSAGE][PASSED] - Delayed 2 second(s)

2019-05-27 09:30:42 - [TEST_STEP][PASSED] - click: Object: 'Object Repository/ADMIN/Categories/Category/dropdown_Parent' is clicked on

2019-05-27 09:30:42 - [MESSAGE][PASSED] - Object: 'Object Repository/ADMIN/Categories/Category/dropdown_Parent' is clicked on

2019-05-27 09:30:42 - [TEST_STEP][PASSED] - selectOptionByLabel: All options with label '-' are selected in object 'Object Repository/ADMIN/Categories/Category/dropdown_Parent' 

2019-05-27 09:30:42 - [MESSAGE][PASSED] - All options with label '-' are selected in object 'Object Repository/ADMIN/Categories/Category/dropdown_Parent' 

2019-05-27 09:30:42 - [TEST_STEP][PASSED] - click: Object: 'Object Repository/ADMIN/Categories/Category/button_Browse' is clicked on

2019-05-27 09:30:43 - [MESSAGE][PASSED] - Object: 'Object Repository/ADMIN/Categories/Category/button_Browse' is clicked on

2019-05-27 09:30:43 - [TEST_STEP][PASSED] - delay: Delayed 2 second(s)

2019-05-27 09:30:45 - [MESSAGE][PASSED] - Delayed 2 second(s)

2019-05-27 09:30:45 - [TEST_STEP][PASSED] - uploadFile: File 'C:\\Katalon\\Image\\pic3.jpg' sent to object: 'Object Repository/ADMIN/Categories/Category/image_input image'

2019-05-27 09:30:45 - [MESSAGE][PASSED] - File 'C:\\Katalon\\Image\\pic3.jpg' sent to object: 'Object Repository/ADMIN/Categories/Category/image_input image'

2019-05-27 09:30:45 - [TEST_STEP][PASSED] - waitForElementVisible: Object 'Object Repository/ADMIN/Categories/Category/button_upload check' is visible

2019-05-27 09:30:45 - [MESSAGE][WARNING] - Timeout '0' is invalid. Using default page load timeout: '30'

2019-05-27 09:30:45 - [MESSAGE][PASSED] - Object 'Object Repository/ADMIN/Categories/Category/button_upload check' is visible

2019-05-27 09:30:45 - [TEST_STEP][PASSED] - click: Object: 'Object Repository/ADMIN/Categories/Category/button_upload check' is clicked on

2019-05-27 09:30:45 - [MESSAGE][PASSED] - Object: 'Object Repository/ADMIN/Categories/Category/button_upload check' is clicked on

2019-05-27 09:30:45 - [TEST_STEP][PASSED] - click: Object: 'Object Repository/ADMIN/Categories/Category/button_upload save' is clicked on

2019-05-27 09:30:45 - [MESSAGE][PASSED] - Object: 'Object Repository/ADMIN/Categories/Category/button_upload save' is clicked on

2019-05-27 09:30:45 - [TEST_STEP][PASSED] - waitForElementVisible: Object 'Object Repository/ADMIN/Categories/Category/button_upload save' is visible

2019-05-27 09:30:45 - [MESSAGE][WARNING] - Timeout '0' is invalid. Using default page load timeout: '30'

2019-05-27 09:30:45 - [MESSAGE][PASSED] - Object 'Object Repository/ADMIN/Categories/Category/button_upload save' is visible

2019-05-27 09:30:45 - [TEST_STEP][PASSED] - setText: Text 'Description16' is set on object 'Object Repository/ADMIN/Categories/Category/textfield_category_description'

2019-05-27 09:30:45 - [MESSAGE][PASSED] - Text 'Description16' is set on object 'Object Repository/ADMIN/Categories/Category/textfield_category_description'

2019-05-27 09:30:45 - [TEST_STEP][PASSED] - click: Object: 'Object Repository/ADMIN/Categories/Category/button_Save' is clicked on

2019-05-27 09:30:45 - [MESSAGE][PASSED] - Object: 'Object Repository/ADMIN/Categories/Category/button_Save' is clicked on

2019-05-27 09:30:45 - [TEST_STEP][PASSED] - waitForElementVisible: Object 'Object Repository/ADMIN/Categories/Category/label_edit popup' is visible

2019-05-27 09:30:45 - [MESSAGE][WARNING] - Timeout '0' is invalid. Using default page load timeout: '30'

2019-05-27 09:30:46 - [MESSAGE][PASSED] - Object 'Object Repository/ADMIN/Categories/Category/label_edit popup' is visible

2019-05-27 09:30:46 - [TEST_STEP][PASSED] - waitForElementNotPresent: Web element with id: 'Object Repository/ADMIN/Categories/Category/label_edit popup' located by 'By.xpath: //div[(text() = 'Category was successfully saved.' or . = 'Category was successfully saved.')]' is not present after '30' second(s)

2019-05-27 09:30:46 - [MESSAGE][WARNING] - Timeout '0' is invalid. Using default page load timeout: '30'

2019-05-27 09:30:52 - [MESSAGE][PASSED] - Web element with id: 'Object Repository/ADMIN/Categories/Category/label_edit popup' located by 'By.xpath: //div[(text() = 'Category was successfully saved.' or . = 'Category was successfully saved.')]' is not present after '30' second(s)]]></system-out>
         <system-err><![CDATA[2019-05-27 09:30:38 - [TEST_CASE][FAILED] - Test Cases/ADMIN/Content Mgmt/Categories/Category Add-Edit/Add Category: Test Cases/ADMIN/Content Mgmt/Categories/Category Add-Edit/Add Category FAILED because (of) Unable to click on object 'Object Repository/ADMIN/Categories/Category List/button_Categories' (Root cause: org.openqa.selenium.ElementNotVisibleException: element not visible
  (Session info: chrome=74.0.3729.169)
  (Driver info: chromedriver=2.35.528161 (5b82f2d2aae0ca24b877009200ced9065a772e73),platform=Windows NT 6.1.7601 SP1 x86_64) (WARNING: The server did not provide any stacktrace information)
Command duration or timeout: 0 milliseconds
Build info: version: '3.7.1', revision: '8a0099a', time: '2017-11-06T21:07:36.161Z'
System info: host: 'ARCADIER-PC', ip: '10.10.31.95', os.name: 'Windows 7', os.arch: 'amd64', os.version: '6.1', java.version: '1.8.0_102'
Driver info: com.kms.katalon.core.webui.driver.ExistingRemoteWebDriver
Capabilities {javascriptEnabled: true, platform: ANY, platformName: ANY}
Session ID: f912d58d04e0ea049492dcdbe1240f08)]]></system-err>
      </testcase>
      <testcase name="Test Cases/ADMIN/Content Mgmt/Categories/Category Add-Edit/Add Category" classname="Test Cases/ADMIN/Content Mgmt/Categories/Category Add-Edit/Add Category" status="FAILED">
         <failure type="FAILED" message="Unable to click on object 'Object Repository/ADMIN/Categories/Category List/button_Categories' (Root cause: org.openqa.selenium.WebDriverException: unknown error: Element &lt;a href=&quot;/admin/categorymanager/index&quot;>...&lt;/a> is not clickable at point (129, 401). Other element would receive the click: &lt;a href=&quot;#&quot;>...&lt;/a>
  (Session info: chrome=74.0.3729.169)
  (Driver info: chromedriver=2.35.528161 (5b82f2d2aae0ca24b877009200ced9065a772e73),platform=Windows NT 6.1.7601 SP1 x86_64) (WARNING: The server did not provide any stacktrace information)
Command duration or timeout: 0 milliseconds
Build info: version: '3.7.1', revision: '8a0099a', time: '2017-11-06T21:07:36.161Z'
System info: host: 'ARCADIER-PC', ip: '10.10.31.95', os.name: 'Windows 7', os.arch: 'amd64', os.version: '6.1', java.version: '1.8.0_102'
Driver info: com.kms.katalon.core.webui.driver.ExistingRemoteWebDriver
Capabilities {javascriptEnabled: true, platform: ANY, platformName: ANY}
Session ID: f912d58d04e0ea049492dcdbe1240f08)"/>
         <system-out><![CDATA[2019-05-27 09:30:52 - [TEST_CASE][FAILED] - Test Cases/ADMIN/Content Mgmt/Categories/Category Add-Edit/Add Category: Test Cases/ADMIN/Content Mgmt/Categories/Category Add-Edit/Add Category FAILED because (of) Unable to click on object 'Object Repository/ADMIN/Categories/Category List/button_Categories' (Root cause: org.openqa.selenium.WebDriverException: unknown error: Element <a href="/admin/categorymanager/index">...</a> is not clickable at point (129, 401). Other element would receive the click: <a href="#">...</a>
  (Session info: chrome=74.0.3729.169)
  (Driver info: chromedriver=2.35.528161 (5b82f2d2aae0ca24b877009200ced9065a772e73),platform=Windows NT 6.1.7601 SP1 x86_64) (WARNING: The server did not provide any stacktrace information)
Command duration or timeout: 0 milliseconds
Build info: version: '3.7.1', revision: '8a0099a', time: '2017-11-06T21:07:36.161Z'
System info: host: 'ARCADIER-PC', ip: '10.10.31.95', os.name: 'Windows 7', os.arch: 'amd64', os.version: '6.1', java.version: '1.8.0_102'
Driver info: com.kms.katalon.core.webui.driver.ExistingRemoteWebDriver
Capabilities {javascriptEnabled: true, platform: ANY, platformName: ANY}
Session ID: f912d58d04e0ea049492dcdbe1240f08)

2019-05-27 09:30:52 - [TEST_STEP][PASSED] - waitForElementVisible: Object 'Object Repository/ADMIN/Categories/Category List/button_Content Mgmt' is visible

2019-05-27 09:30:52 - [MESSAGE][WARNING] - Timeout '0' is invalid. Using default page load timeout: '30'

2019-05-27 09:30:52 - [MESSAGE][PASSED] - Object 'Object Repository/ADMIN/Categories/Category List/button_Content Mgmt' is visible

2019-05-27 09:30:52 - [TEST_STEP][PASSED] - click: Object: 'Object Repository/ADMIN/Categories/Category List/button_Content Mgmt' is clicked on

2019-05-27 09:30:52 - [MESSAGE][PASSED] - Object: 'Object Repository/ADMIN/Categories/Category List/button_Content Mgmt' is clicked on

2019-05-27 09:30:52 - [TEST_STEP][PASSED] - waitForElementVisible: Object 'Object Repository/ADMIN/Categories/Category List/button_Categories' is visible

2019-05-27 09:30:52 - [MESSAGE][WARNING] - Timeout '0' is invalid. Using default page load timeout: '30'

2019-05-27 09:30:52 - [MESSAGE][PASSED] - Object 'Object Repository/ADMIN/Categories/Category List/button_Categories' is visible

2019-05-27 09:30:52 - [TEST_STEP][FAILED] - click: Unable to click on object 'Object Repository/ADMIN/Categories/Category List/button_Categories' (Root cause: org.openqa.selenium.WebDriverException: unknown error: Element <a href="/admin/categorymanager/index">...</a> is not clickable at point (129, 401). Other element would receive the click: <a href="#">...</a>
  (Session info: chrome=74.0.3729.169)
  (Driver info: chromedriver=2.35.528161 (5b82f2d2aae0ca24b877009200ced9065a772e73),platform=Windows NT 6.1.7601 SP1 x86_64) (WARNING: The server did not provide any stacktrace information)
Command duration or timeout: 0 milliseconds
Build info: version: '3.7.1', revision: '8a0099a', time: '2017-11-06T21:07:36.161Z'
System info: host: 'ARCADIER-PC', ip: '10.10.31.95', os.name: 'Windows 7', os.arch: 'amd64', os.version: '6.1', java.version: '1.8.0_102'
Driver info: com.kms.katalon.core.webui.driver.ExistingRemoteWebDriver
Capabilities {javascriptEnabled: true, platform: ANY, platformName: ANY}
Session ID: f912d58d04e0ea049492dcdbe1240f08)

2019-05-27 09:30:52 - [MESSAGE][FAILED] - Unable to click on object 'Object Repository/ADMIN/Categories/Category List/button_Categories' (Root cause: org.openqa.selenium.WebDriverException: unknown error: Element <a href="/admin/categorymanager/index">...</a> is not clickable at point (129, 401). Other element would receive the click: <a href="#">...</a>
  (Session info: chrome=74.0.3729.169)
  (Driver info: chromedriver=2.35.528161 (5b82f2d2aae0ca24b877009200ced9065a772e73),platform=Windows NT 6.1.7601 SP1 x86_64) (WARNING: The server did not provide any stacktrace information)
Command duration or timeout: 0 milliseconds
Build info: version: '3.7.1', revision: '8a0099a', time: '2017-11-06T21:07:36.161Z'
System info: host: 'ARCADIER-PC', ip: '10.10.31.95', os.name: 'Windows 7', os.arch: 'amd64', os.version: '6.1', java.version: '1.8.0_102'
Driver info: com.kms.katalon.core.webui.driver.ExistingRemoteWebDriver
Capabilities {javascriptEnabled: true, platform: ANY, platformName: ANY}
Session ID: f912d58d04e0ea049492dcdbe1240f08)
[[ATTACHMENT|C:\\Users\\Arcadier\\git\\Arctick\\Reports\\Suites\\Admin Category\\20190527_092604\\1558920652449.png]]

2019-05-27 09:30:52 - [TEST_STEP][PASSED] - waitForPageLoad: Wait for page load successfully

2019-05-27 09:30:52 - [MESSAGE][WARNING] - Timeout '0' is invalid. Using default page load timeout: '30'

2019-05-27 09:30:52 - [MESSAGE][PASSED] - Wait for page load successfully

2019-05-27 09:30:52 - [TEST_STEP][PASSED] - click: Object: 'Object Repository/ADMIN/Categories/Category List/button_Add a Category' is clicked on

2019-05-27 09:30:53 - [MESSAGE][PASSED] - Object: 'Object Repository/ADMIN/Categories/Category List/button_Add a Category' is clicked on

2019-05-27 09:30:53 - [TEST_STEP][PASSED] - waitForElementPresent: Object 'Object Repository/ADMIN/Categories/Category/dropdown_Parent' is present

2019-05-27 09:30:53 - [MESSAGE][PASSED] - Object 'Object Repository/ADMIN/Categories/Category/dropdown_Parent' is present

2019-05-27 09:30:53 - [TEST_STEP][PASSED] - delay: Delayed 1 second(s)

2019-05-27 09:30:54 - [MESSAGE][PASSED] - Delayed 1 second(s)

2019-05-27 09:30:54 - [TEST_STEP][PASSED] - setText: Text 'Category 2.1' is set on object 'Object Repository/ADMIN/Categories/Category/textfield_Category Name'

2019-05-27 09:30:54 - [MESSAGE][PASSED] - Text 'Category 2.1' is set on object 'Object Repository/ADMIN/Categories/Category/textfield_Category Name'

2019-05-27 09:30:54 - [TEST_STEP][PASSED] - click: Object: 'Object Repository/ADMIN/Categories/Category/dropdown_Parent' is clicked on

2019-05-27 09:30:54 - [MESSAGE][PASSED] - Object: 'Object Repository/ADMIN/Categories/Category/dropdown_Parent' is clicked on

2019-05-27 09:30:54 - [TEST_STEP][PASSED] - delay: Delayed 2 second(s)

2019-05-27 09:30:56 - [MESSAGE][PASSED] - Delayed 2 second(s)

2019-05-27 09:30:56 - [TEST_STEP][PASSED] - click: Object: 'Object Repository/ADMIN/Categories/Category/dropdown_Parent' is clicked on

2019-05-27 09:30:57 - [MESSAGE][PASSED] - Object: 'Object Repository/ADMIN/Categories/Category/dropdown_Parent' is clicked on

2019-05-27 09:30:57 - [TEST_STEP][PASSED] - selectOptionByLabel: All options with label 'Category 2' are selected in object 'Object Repository/ADMIN/Categories/Category/dropdown_Parent' 

2019-05-27 09:30:57 - [MESSAGE][PASSED] - All options with label 'Category 2' are selected in object 'Object Repository/ADMIN/Categories/Category/dropdown_Parent' 

2019-05-27 09:30:57 - [TEST_STEP][PASSED] - click: Object: 'Object Repository/ADMIN/Categories/Category/button_Browse' is clicked on

2019-05-27 09:30:57 - [MESSAGE][PASSED] - Object: 'Object Repository/ADMIN/Categories/Category/button_Browse' is clicked on

2019-05-27 09:30:57 - [TEST_STEP][PASSED] - delay: Delayed 2 second(s)

2019-05-27 09:30:59 - [MESSAGE][PASSED] - Delayed 2 second(s)

2019-05-27 09:30:59 - [TEST_STEP][PASSED] - uploadFile: File 'C:\\Katalon\\Image\\pic4.jpg' sent to object: 'Object Repository/ADMIN/Categories/Category/image_input image'

2019-05-27 09:30:59 - [MESSAGE][PASSED] - File 'C:\\Katalon\\Image\\pic4.jpg' sent to object: 'Object Repository/ADMIN/Categories/Category/image_input image'

2019-05-27 09:30:59 - [TEST_STEP][PASSED] - waitForElementVisible: Object 'Object Repository/ADMIN/Categories/Category/button_upload check' is visible

2019-05-27 09:30:59 - [MESSAGE][WARNING] - Timeout '0' is invalid. Using default page load timeout: '30'

2019-05-27 09:30:59 - [MESSAGE][PASSED] - Object 'Object Repository/ADMIN/Categories/Category/button_upload check' is visible

2019-05-27 09:30:59 - [TEST_STEP][PASSED] - click: Object: 'Object Repository/ADMIN/Categories/Category/button_upload check' is clicked on

2019-05-27 09:30:59 - [MESSAGE][PASSED] - Object: 'Object Repository/ADMIN/Categories/Category/button_upload check' is clicked on

2019-05-27 09:30:59 - [TEST_STEP][PASSED] - click: Object: 'Object Repository/ADMIN/Categories/Category/button_upload save' is clicked on

2019-05-27 09:31:00 - [MESSAGE][PASSED] - Object: 'Object Repository/ADMIN/Categories/Category/button_upload save' is clicked on

2019-05-27 09:31:00 - [TEST_STEP][PASSED] - waitForElementVisible: Object 'Object Repository/ADMIN/Categories/Category/button_upload save' is visible

2019-05-27 09:31:00 - [MESSAGE][WARNING] - Timeout '0' is invalid. Using default page load timeout: '30'

2019-05-27 09:31:00 - [MESSAGE][PASSED] - Object 'Object Repository/ADMIN/Categories/Category/button_upload save' is visible

2019-05-27 09:31:00 - [TEST_STEP][PASSED] - setText: Text 'Description17' is set on object 'Object Repository/ADMIN/Categories/Category/textfield_category_description'

2019-05-27 09:31:01 - [MESSAGE][PASSED] - Text 'Description17' is set on object 'Object Repository/ADMIN/Categories/Category/textfield_category_description'

2019-05-27 09:31:01 - [TEST_STEP][PASSED] - click: Object: 'Object Repository/ADMIN/Categories/Category/button_Save' is clicked on

2019-05-27 09:31:01 - [MESSAGE][PASSED] - Object: 'Object Repository/ADMIN/Categories/Category/button_Save' is clicked on

2019-05-27 09:31:01 - [TEST_STEP][PASSED] - waitForElementVisible: Object 'Object Repository/ADMIN/Categories/Category/label_edit popup' is visible

2019-05-27 09:31:01 - [MESSAGE][WARNING] - Timeout '0' is invalid. Using default page load timeout: '30'

2019-05-27 09:31:02 - [MESSAGE][PASSED] - Object 'Object Repository/ADMIN/Categories/Category/label_edit popup' is visible

2019-05-27 09:31:02 - [TEST_STEP][PASSED] - waitForElementNotPresent: Web element with id: 'Object Repository/ADMIN/Categories/Category/label_edit popup' located by 'By.xpath: //div[(text() = 'Category was successfully saved.' or . = 'Category was successfully saved.')]' is not present after '30' second(s)

2019-05-27 09:31:02 - [MESSAGE][WARNING] - Timeout '0' is invalid. Using default page load timeout: '30'

2019-05-27 09:31:08 - [MESSAGE][PASSED] - Web element with id: 'Object Repository/ADMIN/Categories/Category/label_edit popup' located by 'By.xpath: //div[(text() = 'Category was successfully saved.' or . = 'Category was successfully saved.')]' is not present after '30' second(s)]]></system-out>
         <system-err><![CDATA[2019-05-27 09:30:52 - [TEST_CASE][FAILED] - Test Cases/ADMIN/Content Mgmt/Categories/Category Add-Edit/Add Category: Test Cases/ADMIN/Content Mgmt/Categories/Category Add-Edit/Add Category FAILED because (of) Unable to click on object 'Object Repository/ADMIN/Categories/Category List/button_Categories' (Root cause: org.openqa.selenium.WebDriverException: unknown error: Element <a href="/admin/categorymanager/index">...</a> is not clickable at point (129, 401). Other element would receive the click: <a href="#">...</a>
  (Session info: chrome=74.0.3729.169)
  (Driver info: chromedriver=2.35.528161 (5b82f2d2aae0ca24b877009200ced9065a772e73),platform=Windows NT 6.1.7601 SP1 x86_64) (WARNING: The server did not provide any stacktrace information)
Command duration or timeout: 0 milliseconds
Build info: version: '3.7.1', revision: '8a0099a', time: '2017-11-06T21:07:36.161Z'
System info: host: 'ARCADIER-PC', ip: '10.10.31.95', os.name: 'Windows 7', os.arch: 'amd64', os.version: '6.1', java.version: '1.8.0_102'
Driver info: com.kms.katalon.core.webui.driver.ExistingRemoteWebDriver
Capabilities {javascriptEnabled: true, platform: ANY, platformName: ANY}
Session ID: f912d58d04e0ea049492dcdbe1240f08)]]></system-err>
      </testcase>
      <testcase name="Test Cases/ADMIN/Content Mgmt/Categories/Category Add-Edit/Add Category" classname="Test Cases/ADMIN/Content Mgmt/Categories/Category Add-Edit/Add Category" status="PASSED">
         <system-out><![CDATA[2019-05-27 09:31:08 - [TEST_CASE][PASSED] - Test Cases/ADMIN/Content Mgmt/Categories/Category Add-Edit/Add Category: Test Cases/ADMIN/Content Mgmt/Categories/Category Add-Edit/Add Category

2019-05-27 09:31:08 - [TEST_STEP][PASSED] - waitForElementVisible: Object 'Object Repository/ADMIN/Categories/Category List/button_Content Mgmt' is visible

2019-05-27 09:31:08 - [MESSAGE][WARNING] - Timeout '0' is invalid. Using default page load timeout: '30'

2019-05-27 09:31:08 - [MESSAGE][PASSED] - Object 'Object Repository/ADMIN/Categories/Category List/button_Content Mgmt' is visible

2019-05-27 09:31:08 - [TEST_STEP][PASSED] - click: Object: 'Object Repository/ADMIN/Categories/Category List/button_Content Mgmt' is clicked on

2019-05-27 09:31:08 - [MESSAGE][PASSED] - Object: 'Object Repository/ADMIN/Categories/Category List/button_Content Mgmt' is clicked on

2019-05-27 09:31:08 - [TEST_STEP][PASSED] - waitForElementVisible: Object 'Object Repository/ADMIN/Categories/Category List/button_Categories' is visible

2019-05-27 09:31:08 - [MESSAGE][WARNING] - Timeout '0' is invalid. Using default page load timeout: '30'

2019-05-27 09:31:08 - [MESSAGE][PASSED] - Object 'Object Repository/ADMIN/Categories/Category List/button_Categories' is visible

2019-05-27 09:31:08 - [TEST_STEP][PASSED] - click: Object: 'Object Repository/ADMIN/Categories/Category List/button_Categories' is clicked on

2019-05-27 09:31:08 - [MESSAGE][PASSED] - Object: 'Object Repository/ADMIN/Categories/Category List/button_Categories' is clicked on

2019-05-27 09:31:08 - [TEST_STEP][PASSED] - waitForPageLoad: Wait for page load successfully

2019-05-27 09:31:08 - [MESSAGE][WARNING] - Timeout '0' is invalid. Using default page load timeout: '30'

2019-05-27 09:31:08 - [MESSAGE][PASSED] - Wait for page load successfully

2019-05-27 09:31:08 - [TEST_STEP][PASSED] - click: Object: 'Object Repository/ADMIN/Categories/Category List/button_Add a Category' is clicked on

2019-05-27 09:31:09 - [MESSAGE][PASSED] - Object: 'Object Repository/ADMIN/Categories/Category List/button_Add a Category' is clicked on

2019-05-27 09:31:09 - [TEST_STEP][PASSED] - waitForElementPresent: Object 'Object Repository/ADMIN/Categories/Category/dropdown_Parent' is present

2019-05-27 09:31:09 - [MESSAGE][PASSED] - Object 'Object Repository/ADMIN/Categories/Category/dropdown_Parent' is present

2019-05-27 09:31:09 - [TEST_STEP][PASSED] - delay: Delayed 1 second(s)

2019-05-27 09:31:10 - [MESSAGE][PASSED] - Delayed 1 second(s)

2019-05-27 09:31:10 - [TEST_STEP][PASSED] - setText: Text 'Category 2.2' is set on object 'Object Repository/ADMIN/Categories/Category/textfield_Category Name'

2019-05-27 09:31:10 - [MESSAGE][PASSED] - Text 'Category 2.2' is set on object 'Object Repository/ADMIN/Categories/Category/textfield_Category Name'

2019-05-27 09:31:10 - [TEST_STEP][PASSED] - click: Object: 'Object Repository/ADMIN/Categories/Category/dropdown_Parent' is clicked on

2019-05-27 09:31:10 - [MESSAGE][PASSED] - Object: 'Object Repository/ADMIN/Categories/Category/dropdown_Parent' is clicked on

2019-05-27 09:31:10 - [TEST_STEP][PASSED] - delay: Delayed 2 second(s)

2019-05-27 09:31:12 - [MESSAGE][PASSED] - Delayed 2 second(s)

2019-05-27 09:31:12 - [TEST_STEP][PASSED] - click: Object: 'Object Repository/ADMIN/Categories/Category/dropdown_Parent' is clicked on

2019-05-27 09:31:13 - [MESSAGE][PASSED] - Object: 'Object Repository/ADMIN/Categories/Category/dropdown_Parent' is clicked on

2019-05-27 09:31:13 - [TEST_STEP][PASSED] - selectOptionByLabel: All options with label 'Category 2' are selected in object 'Object Repository/ADMIN/Categories/Category/dropdown_Parent' 

2019-05-27 09:31:13 - [MESSAGE][PASSED] - All options with label 'Category 2' are selected in object 'Object Repository/ADMIN/Categories/Category/dropdown_Parent' 

2019-05-27 09:31:13 - [TEST_STEP][PASSED] - click: Object: 'Object Repository/ADMIN/Categories/Category/button_Browse' is clicked on

2019-05-27 09:31:13 - [MESSAGE][PASSED] - Object: 'Object Repository/ADMIN/Categories/Category/button_Browse' is clicked on

2019-05-27 09:31:13 - [TEST_STEP][PASSED] - delay: Delayed 2 second(s)

2019-05-27 09:31:15 - [MESSAGE][PASSED] - Delayed 2 second(s)

2019-05-27 09:31:15 - [TEST_STEP][PASSED] - uploadFile: File 'C:\\Katalon\\Image\\pic5.jpg' sent to object: 'Object Repository/ADMIN/Categories/Category/image_input image'

2019-05-27 09:31:15 - [MESSAGE][PASSED] - File 'C:\\Katalon\\Image\\pic5.jpg' sent to object: 'Object Repository/ADMIN/Categories/Category/image_input image'

2019-05-27 09:31:15 - [TEST_STEP][PASSED] - waitForElementVisible: Object 'Object Repository/ADMIN/Categories/Category/button_upload check' is visible

2019-05-27 09:31:15 - [MESSAGE][WARNING] - Timeout '0' is invalid. Using default page load timeout: '30'

2019-05-27 09:31:15 - [MESSAGE][PASSED] - Object 'Object Repository/ADMIN/Categories/Category/button_upload check' is visible

2019-05-27 09:31:15 - [TEST_STEP][PASSED] - click: Object: 'Object Repository/ADMIN/Categories/Category/button_upload check' is clicked on

2019-05-27 09:31:15 - [MESSAGE][PASSED] - Object: 'Object Repository/ADMIN/Categories/Category/button_upload check' is clicked on

2019-05-27 09:31:15 - [TEST_STEP][PASSED] - click: Object: 'Object Repository/ADMIN/Categories/Category/button_upload save' is clicked on

2019-05-27 09:31:16 - [MESSAGE][PASSED] - Object: 'Object Repository/ADMIN/Categories/Category/button_upload save' is clicked on

2019-05-27 09:31:16 - [TEST_STEP][PASSED] - waitForElementVisible: Object 'Object Repository/ADMIN/Categories/Category/button_upload save' is visible

2019-05-27 09:31:16 - [MESSAGE][WARNING] - Timeout '0' is invalid. Using default page load timeout: '30'

2019-05-27 09:31:16 - [MESSAGE][PASSED] - Object 'Object Repository/ADMIN/Categories/Category/button_upload save' is visible

2019-05-27 09:31:16 - [TEST_STEP][PASSED] - setText: Text 'Description18' is set on object 'Object Repository/ADMIN/Categories/Category/textfield_category_description'

2019-05-27 09:31:17 - [MESSAGE][PASSED] - Text 'Description18' is set on object 'Object Repository/ADMIN/Categories/Category/textfield_category_description'

2019-05-27 09:31:17 - [TEST_STEP][PASSED] - click: Object: 'Object Repository/ADMIN/Categories/Category/button_Save' is clicked on

2019-05-27 09:31:17 - [MESSAGE][PASSED] - Object: 'Object Repository/ADMIN/Categories/Category/button_Save' is clicked on

2019-05-27 09:31:17 - [TEST_STEP][PASSED] - waitForElementVisible: Object 'Object Repository/ADMIN/Categories/Category/label_edit popup' is visible

2019-05-27 09:31:17 - [MESSAGE][WARNING] - Timeout '0' is invalid. Using default page load timeout: '30'

2019-05-27 09:31:18 - [MESSAGE][PASSED] - Object 'Object Repository/ADMIN/Categories/Category/label_edit popup' is visible

2019-05-27 09:31:18 - [TEST_STEP][PASSED] - waitForElementNotPresent: Web element with id: 'Object Repository/ADMIN/Categories/Category/label_edit popup' located by 'By.xpath: //div[(text() = 'Category was successfully saved.' or . = 'Category was successfully saved.')]' is not present after '30' second(s)

2019-05-27 09:31:18 - [MESSAGE][WARNING] - Timeout '0' is invalid. Using default page load timeout: '30'

2019-05-27 09:31:23 - [MESSAGE][PASSED] - Web element with id: 'Object Repository/ADMIN/Categories/Category/label_edit popup' located by 'By.xpath: //div[(text() = 'Category was successfully saved.' or . = 'Category was successfully saved.')]' is not present after '30' second(s)]]></system-out>
         <system-err><![CDATA[]]></system-err>
      </testcase>
      <testcase name="Test Cases/ADMIN/Content Mgmt/Categories/Category Add-Edit/Add Category" classname="Test Cases/ADMIN/Content Mgmt/Categories/Category Add-Edit/Add Category" status="PASSED">
         <system-out><![CDATA[2019-05-27 09:31:23 - [TEST_CASE][PASSED] - Test Cases/ADMIN/Content Mgmt/Categories/Category Add-Edit/Add Category: Test Cases/ADMIN/Content Mgmt/Categories/Category Add-Edit/Add Category

2019-05-27 09:31:23 - [TEST_STEP][PASSED] - waitForElementVisible: Object 'Object Repository/ADMIN/Categories/Category List/button_Content Mgmt' is visible

2019-05-27 09:31:23 - [MESSAGE][WARNING] - Timeout '0' is invalid. Using default page load timeout: '30'

2019-05-27 09:31:23 - [MESSAGE][PASSED] - Object 'Object Repository/ADMIN/Categories/Category List/button_Content Mgmt' is visible

2019-05-27 09:31:23 - [TEST_STEP][PASSED] - click: Object: 'Object Repository/ADMIN/Categories/Category List/button_Content Mgmt' is clicked on

2019-05-27 09:31:23 - [MESSAGE][PASSED] - Object: 'Object Repository/ADMIN/Categories/Category List/button_Content Mgmt' is clicked on

2019-05-27 09:31:23 - [TEST_STEP][PASSED] - waitForElementVisible: Object 'Object Repository/ADMIN/Categories/Category List/button_Categories' is visible

2019-05-27 09:31:23 - [MESSAGE][WARNING] - Timeout '0' is invalid. Using default page load timeout: '30'

2019-05-27 09:31:24 - [MESSAGE][PASSED] - Object 'Object Repository/ADMIN/Categories/Category List/button_Categories' is visible

2019-05-27 09:31:24 - [TEST_STEP][PASSED] - click: Object: 'Object Repository/ADMIN/Categories/Category List/button_Categories' is clicked on

2019-05-27 09:31:25 - [MESSAGE][PASSED] - Object: 'Object Repository/ADMIN/Categories/Category List/button_Categories' is clicked on

2019-05-27 09:31:25 - [TEST_STEP][PASSED] - waitForPageLoad: Wait for page load successfully

2019-05-27 09:31:25 - [MESSAGE][WARNING] - Timeout '0' is invalid. Using default page load timeout: '30'

2019-05-27 09:31:26 - [MESSAGE][PASSED] - Wait for page load successfully

2019-05-27 09:31:26 - [TEST_STEP][PASSED] - click: Object: 'Object Repository/ADMIN/Categories/Category List/button_Add a Category' is clicked on

2019-05-27 09:31:26 - [MESSAGE][PASSED] - Object: 'Object Repository/ADMIN/Categories/Category List/button_Add a Category' is clicked on

2019-05-27 09:31:26 - [TEST_STEP][PASSED] - waitForElementPresent: Object 'Object Repository/ADMIN/Categories/Category/dropdown_Parent' is present

2019-05-27 09:31:26 - [MESSAGE][PASSED] - Object 'Object Repository/ADMIN/Categories/Category/dropdown_Parent' is present

2019-05-27 09:31:26 - [TEST_STEP][PASSED] - delay: Delayed 1 second(s)

2019-05-27 09:31:27 - [MESSAGE][PASSED] - Delayed 1 second(s)

2019-05-27 09:31:27 - [TEST_STEP][PASSED] - setText: Text 'Category 2.2.1' is set on object 'Object Repository/ADMIN/Categories/Category/textfield_Category Name'

2019-05-27 09:31:28 - [MESSAGE][PASSED] - Text 'Category 2.2.1' is set on object 'Object Repository/ADMIN/Categories/Category/textfield_Category Name'

2019-05-27 09:31:28 - [TEST_STEP][PASSED] - click: Object: 'Object Repository/ADMIN/Categories/Category/dropdown_Parent' is clicked on

2019-05-27 09:31:28 - [MESSAGE][PASSED] - Object: 'Object Repository/ADMIN/Categories/Category/dropdown_Parent' is clicked on

2019-05-27 09:31:28 - [TEST_STEP][PASSED] - delay: Delayed 2 second(s)

2019-05-27 09:31:30 - [MESSAGE][PASSED] - Delayed 2 second(s)

2019-05-27 09:31:30 - [TEST_STEP][PASSED] - click: Object: 'Object Repository/ADMIN/Categories/Category/dropdown_Parent' is clicked on

2019-05-27 09:31:30 - [MESSAGE][PASSED] - Object: 'Object Repository/ADMIN/Categories/Category/dropdown_Parent' is clicked on

2019-05-27 09:31:30 - [TEST_STEP][PASSED] - selectOptionByLabel: All options with label 'Category 2.2' are selected in object 'Object Repository/ADMIN/Categories/Category/dropdown_Parent' 

2019-05-27 09:31:31 - [MESSAGE][PASSED] - All options with label 'Category 2.2' are selected in object 'Object Repository/ADMIN/Categories/Category/dropdown_Parent' 

2019-05-27 09:31:31 - [TEST_STEP][PASSED] - click: Object: 'Object Repository/ADMIN/Categories/Category/button_Browse' is clicked on

2019-05-27 09:31:31 - [MESSAGE][PASSED] - Object: 'Object Repository/ADMIN/Categories/Category/button_Browse' is clicked on

2019-05-27 09:31:31 - [TEST_STEP][PASSED] - delay: Delayed 2 second(s)

2019-05-27 09:31:33 - [MESSAGE][PASSED] - Delayed 2 second(s)

2019-05-27 09:31:33 - [TEST_STEP][PASSED] - uploadFile: File 'C:\\Katalon\\Image\\pic6.jpg' sent to object: 'Object Repository/ADMIN/Categories/Category/image_input image'

2019-05-27 09:31:33 - [MESSAGE][PASSED] - File 'C:\\Katalon\\Image\\pic6.jpg' sent to object: 'Object Repository/ADMIN/Categories/Category/image_input image'

2019-05-27 09:31:33 - [TEST_STEP][PASSED] - waitForElementVisible: Object 'Object Repository/ADMIN/Categories/Category/button_upload check' is visible

2019-05-27 09:31:33 - [MESSAGE][WARNING] - Timeout '0' is invalid. Using default page load timeout: '30'

2019-05-27 09:31:33 - [MESSAGE][PASSED] - Object 'Object Repository/ADMIN/Categories/Category/button_upload check' is visible

2019-05-27 09:31:33 - [TEST_STEP][PASSED] - click: Object: 'Object Repository/ADMIN/Categories/Category/button_upload check' is clicked on

2019-05-27 09:31:34 - [MESSAGE][PASSED] - Object: 'Object Repository/ADMIN/Categories/Category/button_upload check' is clicked on

2019-05-27 09:31:34 - [TEST_STEP][PASSED] - click: Object: 'Object Repository/ADMIN/Categories/Category/button_upload save' is clicked on

2019-05-27 09:31:34 - [MESSAGE][PASSED] - Object: 'Object Repository/ADMIN/Categories/Category/button_upload save' is clicked on

2019-05-27 09:31:34 - [TEST_STEP][PASSED] - waitForElementVisible: Object 'Object Repository/ADMIN/Categories/Category/button_upload save' is visible

2019-05-27 09:31:34 - [MESSAGE][WARNING] - Timeout '0' is invalid. Using default page load timeout: '30'

2019-05-27 09:31:34 - [MESSAGE][PASSED] - Object 'Object Repository/ADMIN/Categories/Category/button_upload save' is visible

2019-05-27 09:31:34 - [TEST_STEP][PASSED] - setText: Text 'Description19' is set on object 'Object Repository/ADMIN/Categories/Category/textfield_category_description'

2019-05-27 09:31:34 - [MESSAGE][PASSED] - Text 'Description19' is set on object 'Object Repository/ADMIN/Categories/Category/textfield_category_description'

2019-05-27 09:31:34 - [TEST_STEP][PASSED] - click: Object: 'Object Repository/ADMIN/Categories/Category/button_Save' is clicked on

2019-05-27 09:31:35 - [MESSAGE][PASSED] - Object: 'Object Repository/ADMIN/Categories/Category/button_Save' is clicked on

2019-05-27 09:31:35 - [TEST_STEP][PASSED] - waitForElementVisible: Object 'Object Repository/ADMIN/Categories/Category/label_edit popup' is visible

2019-05-27 09:31:35 - [MESSAGE][WARNING] - Timeout '0' is invalid. Using default page load timeout: '30'

2019-05-27 09:31:36 - [MESSAGE][PASSED] - Object 'Object Repository/ADMIN/Categories/Category/label_edit popup' is visible

2019-05-27 09:31:36 - [TEST_STEP][PASSED] - waitForElementNotPresent: Web element with id: 'Object Repository/ADMIN/Categories/Category/label_edit popup' located by 'By.xpath: //div[(text() = 'Category was successfully saved.' or . = 'Category was successfully saved.')]' is not present after '30' second(s)

2019-05-27 09:31:36 - [MESSAGE][WARNING] - Timeout '0' is invalid. Using default page load timeout: '30'

2019-05-27 09:31:41 - [MESSAGE][PASSED] - Web element with id: 'Object Repository/ADMIN/Categories/Category/label_edit popup' located by 'By.xpath: //div[(text() = 'Category was successfully saved.' or . = 'Category was successfully saved.')]' is not present after '30' second(s)]]></system-out>
         <system-err><![CDATA[]]></system-err>
      </testcase>
      <testcase name="Test Cases/ADMIN/Content Mgmt/Categories/Category Add-Edit/Add Category" classname="Test Cases/ADMIN/Content Mgmt/Categories/Category Add-Edit/Add Category" status="PASSED">
         <system-out><![CDATA[2019-05-27 09:31:41 - [TEST_CASE][PASSED] - Test Cases/ADMIN/Content Mgmt/Categories/Category Add-Edit/Add Category: Test Cases/ADMIN/Content Mgmt/Categories/Category Add-Edit/Add Category

2019-05-27 09:31:41 - [TEST_STEP][PASSED] - waitForElementVisible: Object 'Object Repository/ADMIN/Categories/Category List/button_Content Mgmt' is visible

2019-05-27 09:31:41 - [MESSAGE][WARNING] - Timeout '0' is invalid. Using default page load timeout: '30'

2019-05-27 09:31:41 - [MESSAGE][PASSED] - Object 'Object Repository/ADMIN/Categories/Category List/button_Content Mgmt' is visible

2019-05-27 09:31:41 - [TEST_STEP][PASSED] - click: Object: 'Object Repository/ADMIN/Categories/Category List/button_Content Mgmt' is clicked on

2019-05-27 09:31:42 - [MESSAGE][PASSED] - Object: 'Object Repository/ADMIN/Categories/Category List/button_Content Mgmt' is clicked on

2019-05-27 09:31:42 - [TEST_STEP][PASSED] - waitForElementVisible: Object 'Object Repository/ADMIN/Categories/Category List/button_Categories' is visible

2019-05-27 09:31:42 - [MESSAGE][WARNING] - Timeout '0' is invalid. Using default page load timeout: '30'

2019-05-27 09:31:42 - [MESSAGE][PASSED] - Object 'Object Repository/ADMIN/Categories/Category List/button_Categories' is visible

2019-05-27 09:31:42 - [TEST_STEP][PASSED] - click: Object: 'Object Repository/ADMIN/Categories/Category List/button_Categories' is clicked on

2019-05-27 09:31:43 - [MESSAGE][PASSED] - Object: 'Object Repository/ADMIN/Categories/Category List/button_Categories' is clicked on

2019-05-27 09:31:43 - [TEST_STEP][PASSED] - waitForPageLoad: Wait for page load successfully

2019-05-27 09:31:43 - [MESSAGE][WARNING] - Timeout '0' is invalid. Using default page load timeout: '30'

2019-05-27 09:31:43 - [MESSAGE][PASSED] - Wait for page load successfully

2019-05-27 09:31:43 - [TEST_STEP][PASSED] - click: Object: 'Object Repository/ADMIN/Categories/Category List/button_Add a Category' is clicked on

2019-05-27 09:31:44 - [MESSAGE][PASSED] - Object: 'Object Repository/ADMIN/Categories/Category List/button_Add a Category' is clicked on

2019-05-27 09:31:44 - [TEST_STEP][PASSED] - waitForElementPresent: Object 'Object Repository/ADMIN/Categories/Category/dropdown_Parent' is present

2019-05-27 09:31:44 - [MESSAGE][PASSED] - Object 'Object Repository/ADMIN/Categories/Category/dropdown_Parent' is present

2019-05-27 09:31:44 - [TEST_STEP][PASSED] - delay: Delayed 1 second(s)

2019-05-27 09:31:45 - [MESSAGE][PASSED] - Delayed 1 second(s)

2019-05-27 09:31:45 - [TEST_STEP][PASSED] - setText: Text 'Category 2.2.2' is set on object 'Object Repository/ADMIN/Categories/Category/textfield_Category Name'

2019-05-27 09:31:45 - [MESSAGE][PASSED] - Text 'Category 2.2.2' is set on object 'Object Repository/ADMIN/Categories/Category/textfield_Category Name'

2019-05-27 09:31:45 - [TEST_STEP][PASSED] - click: Object: 'Object Repository/ADMIN/Categories/Category/dropdown_Parent' is clicked on

2019-05-27 09:31:45 - [MESSAGE][PASSED] - Object: 'Object Repository/ADMIN/Categories/Category/dropdown_Parent' is clicked on

2019-05-27 09:31:45 - [TEST_STEP][PASSED] - delay: Delayed 2 second(s)

2019-05-27 09:31:47 - [MESSAGE][PASSED] - Delayed 2 second(s)

2019-05-27 09:31:47 - [TEST_STEP][PASSED] - click: Object: 'Object Repository/ADMIN/Categories/Category/dropdown_Parent' is clicked on

2019-05-27 09:31:47 - [MESSAGE][PASSED] - Object: 'Object Repository/ADMIN/Categories/Category/dropdown_Parent' is clicked on

2019-05-27 09:31:47 - [TEST_STEP][PASSED] - selectOptionByLabel: All options with label 'Category 2.2' are selected in object 'Object Repository/ADMIN/Categories/Category/dropdown_Parent' 

2019-05-27 09:31:47 - [MESSAGE][PASSED] - All options with label 'Category 2.2' are selected in object 'Object Repository/ADMIN/Categories/Category/dropdown_Parent' 

2019-05-27 09:31:47 - [TEST_STEP][PASSED] - click: Object: 'Object Repository/ADMIN/Categories/Category/button_Browse' is clicked on

2019-05-27 09:31:47 - [MESSAGE][PASSED] - Object: 'Object Repository/ADMIN/Categories/Category/button_Browse' is clicked on

2019-05-27 09:31:47 - [TEST_STEP][PASSED] - delay: Delayed 2 second(s)

2019-05-27 09:31:49 - [MESSAGE][PASSED] - Delayed 2 second(s)

2019-05-27 09:31:49 - [TEST_STEP][PASSED] - uploadFile: File 'C:\\Katalon\\Image\\pic7.jpg' sent to object: 'Object Repository/ADMIN/Categories/Category/image_input image'

2019-05-27 09:31:50 - [MESSAGE][PASSED] - File 'C:\\Katalon\\Image\\pic7.jpg' sent to object: 'Object Repository/ADMIN/Categories/Category/image_input image'

2019-05-27 09:31:50 - [TEST_STEP][PASSED] - waitForElementVisible: Object 'Object Repository/ADMIN/Categories/Category/button_upload check' is visible

2019-05-27 09:31:50 - [MESSAGE][WARNING] - Timeout '0' is invalid. Using default page load timeout: '30'

2019-05-27 09:31:50 - [MESSAGE][PASSED] - Object 'Object Repository/ADMIN/Categories/Category/button_upload check' is visible

2019-05-27 09:31:50 - [TEST_STEP][PASSED] - click: Object: 'Object Repository/ADMIN/Categories/Category/button_upload check' is clicked on

2019-05-27 09:31:50 - [MESSAGE][PASSED] - Object: 'Object Repository/ADMIN/Categories/Category/button_upload check' is clicked on

2019-05-27 09:31:50 - [TEST_STEP][PASSED] - click: Object: 'Object Repository/ADMIN/Categories/Category/button_upload save' is clicked on

2019-05-27 09:31:51 - [MESSAGE][PASSED] - Object: 'Object Repository/ADMIN/Categories/Category/button_upload save' is clicked on

2019-05-27 09:31:51 - [TEST_STEP][PASSED] - waitForElementVisible: Object 'Object Repository/ADMIN/Categories/Category/button_upload save' is visible

2019-05-27 09:31:51 - [MESSAGE][WARNING] - Timeout '0' is invalid. Using default page load timeout: '30'

2019-05-27 09:31:51 - [MESSAGE][PASSED] - Object 'Object Repository/ADMIN/Categories/Category/button_upload save' is visible

2019-05-27 09:31:51 - [TEST_STEP][PASSED] - setText: Text 'Description20' is set on object 'Object Repository/ADMIN/Categories/Category/textfield_category_description'

2019-05-27 09:31:52 - [MESSAGE][PASSED] - Text 'Description20' is set on object 'Object Repository/ADMIN/Categories/Category/textfield_category_description'

2019-05-27 09:31:52 - [TEST_STEP][PASSED] - click: Object: 'Object Repository/ADMIN/Categories/Category/button_Save' is clicked on

2019-05-27 09:31:52 - [MESSAGE][PASSED] - Object: 'Object Repository/ADMIN/Categories/Category/button_Save' is clicked on

2019-05-27 09:31:52 - [TEST_STEP][PASSED] - waitForElementVisible: Object 'Object Repository/ADMIN/Categories/Category/label_edit popup' is visible

2019-05-27 09:31:52 - [MESSAGE][WARNING] - Timeout '0' is invalid. Using default page load timeout: '30'

2019-05-27 09:31:52 - [MESSAGE][PASSED] - Object 'Object Repository/ADMIN/Categories/Category/label_edit popup' is visible

2019-05-27 09:31:52 - [TEST_STEP][PASSED] - waitForElementNotPresent: Web element with id: 'Object Repository/ADMIN/Categories/Category/label_edit popup' located by 'By.xpath: //div[(text() = 'Category was successfully saved.' or . = 'Category was successfully saved.')]' is not present after '30' second(s)

2019-05-27 09:31:52 - [MESSAGE][WARNING] - Timeout '0' is invalid. Using default page load timeout: '30'

2019-05-27 09:31:59 - [MESSAGE][PASSED] - Web element with id: 'Object Repository/ADMIN/Categories/Category/label_edit popup' located by 'By.xpath: //div[(text() = 'Category was successfully saved.' or . = 'Category was successfully saved.')]' is not present after '30' second(s)]]></system-out>
         <system-err><![CDATA[]]></system-err>
      </testcase>
      <testcase name="Test Cases/ADMIN/Content Mgmt/Categories/Category Add-Edit/Add Category" classname="Test Cases/ADMIN/Content Mgmt/Categories/Category Add-Edit/Add Category" status="PASSED">
         <system-out><![CDATA[2019-05-27 09:31:59 - [TEST_CASE][PASSED] - Test Cases/ADMIN/Content Mgmt/Categories/Category Add-Edit/Add Category: Test Cases/ADMIN/Content Mgmt/Categories/Category Add-Edit/Add Category

2019-05-27 09:31:59 - [TEST_STEP][PASSED] - waitForElementVisible: Object 'Object Repository/ADMIN/Categories/Category List/button_Content Mgmt' is visible

2019-05-27 09:31:59 - [MESSAGE][WARNING] - Timeout '0' is invalid. Using default page load timeout: '30'

2019-05-27 09:31:59 - [MESSAGE][PASSED] - Object 'Object Repository/ADMIN/Categories/Category List/button_Content Mgmt' is visible

2019-05-27 09:31:59 - [TEST_STEP][PASSED] - click: Object: 'Object Repository/ADMIN/Categories/Category List/button_Content Mgmt' is clicked on

2019-05-27 09:31:59 - [MESSAGE][PASSED] - Object: 'Object Repository/ADMIN/Categories/Category List/button_Content Mgmt' is clicked on

2019-05-27 09:31:59 - [TEST_STEP][PASSED] - waitForElementVisible: Object 'Object Repository/ADMIN/Categories/Category List/button_Categories' is visible

2019-05-27 09:31:59 - [MESSAGE][WARNING] - Timeout '0' is invalid. Using default page load timeout: '30'

2019-05-27 09:32:00 - [MESSAGE][PASSED] - Object 'Object Repository/ADMIN/Categories/Category List/button_Categories' is visible

2019-05-27 09:32:00 - [TEST_STEP][PASSED] - click: Object: 'Object Repository/ADMIN/Categories/Category List/button_Categories' is clicked on

2019-05-27 09:32:01 - [MESSAGE][PASSED] - Object: 'Object Repository/ADMIN/Categories/Category List/button_Categories' is clicked on

2019-05-27 09:32:01 - [TEST_STEP][PASSED] - waitForPageLoad: Wait for page load successfully

2019-05-27 09:32:01 - [MESSAGE][WARNING] - Timeout '0' is invalid. Using default page load timeout: '30'

2019-05-27 09:32:01 - [MESSAGE][PASSED] - Wait for page load successfully

2019-05-27 09:32:01 - [TEST_STEP][PASSED] - click: Object: 'Object Repository/ADMIN/Categories/Category List/button_Add a Category' is clicked on

2019-05-27 09:32:02 - [MESSAGE][PASSED] - Object: 'Object Repository/ADMIN/Categories/Category List/button_Add a Category' is clicked on

2019-05-27 09:32:02 - [TEST_STEP][PASSED] - waitForElementPresent: Object 'Object Repository/ADMIN/Categories/Category/dropdown_Parent' is present

2019-05-27 09:32:02 - [MESSAGE][PASSED] - Object 'Object Repository/ADMIN/Categories/Category/dropdown_Parent' is present

2019-05-27 09:32:02 - [TEST_STEP][PASSED] - delay: Delayed 1 second(s)

2019-05-27 09:32:03 - [MESSAGE][PASSED] - Delayed 1 second(s)

2019-05-27 09:32:03 - [TEST_STEP][PASSED] - setText: Text 'Category 2.2.2.1' is set on object 'Object Repository/ADMIN/Categories/Category/textfield_Category Name'

2019-05-27 09:32:04 - [MESSAGE][PASSED] - Text 'Category 2.2.2.1' is set on object 'Object Repository/ADMIN/Categories/Category/textfield_Category Name'

2019-05-27 09:32:04 - [TEST_STEP][PASSED] - click: Object: 'Object Repository/ADMIN/Categories/Category/dropdown_Parent' is clicked on

2019-05-27 09:32:04 - [MESSAGE][PASSED] - Object: 'Object Repository/ADMIN/Categories/Category/dropdown_Parent' is clicked on

2019-05-27 09:32:04 - [TEST_STEP][PASSED] - delay: Delayed 2 second(s)

2019-05-27 09:32:06 - [MESSAGE][PASSED] - Delayed 2 second(s)

2019-05-27 09:32:06 - [TEST_STEP][PASSED] - click: Object: 'Object Repository/ADMIN/Categories/Category/dropdown_Parent' is clicked on

2019-05-27 09:32:06 - [MESSAGE][PASSED] - Object: 'Object Repository/ADMIN/Categories/Category/dropdown_Parent' is clicked on

2019-05-27 09:32:06 - [TEST_STEP][PASSED] - selectOptionByLabel: All options with label 'Category 2.2.2' are selected in object 'Object Repository/ADMIN/Categories/Category/dropdown_Parent' 

2019-05-27 09:32:06 - [MESSAGE][PASSED] - All options with label 'Category 2.2.2' are selected in object 'Object Repository/ADMIN/Categories/Category/dropdown_Parent' 

2019-05-27 09:32:06 - [TEST_STEP][PASSED] - click: Object: 'Object Repository/ADMIN/Categories/Category/button_Browse' is clicked on

2019-05-27 09:32:06 - [MESSAGE][PASSED] - Object: 'Object Repository/ADMIN/Categories/Category/button_Browse' is clicked on

2019-05-27 09:32:06 - [TEST_STEP][PASSED] - delay: Delayed 2 second(s)

2019-05-27 09:32:08 - [MESSAGE][PASSED] - Delayed 2 second(s)

2019-05-27 09:32:08 - [TEST_STEP][PASSED] - uploadFile: File 'C:\\Katalon\\Image\\pic8.jpg' sent to object: 'Object Repository/ADMIN/Categories/Category/image_input image'

2019-05-27 09:32:09 - [MESSAGE][PASSED] - File 'C:\\Katalon\\Image\\pic8.jpg' sent to object: 'Object Repository/ADMIN/Categories/Category/image_input image'

2019-05-27 09:32:09 - [TEST_STEP][PASSED] - waitForElementVisible: Object 'Object Repository/ADMIN/Categories/Category/button_upload check' is visible

2019-05-27 09:32:09 - [MESSAGE][WARNING] - Timeout '0' is invalid. Using default page load timeout: '30'

2019-05-27 09:32:09 - [MESSAGE][PASSED] - Object 'Object Repository/ADMIN/Categories/Category/button_upload check' is visible

2019-05-27 09:32:09 - [TEST_STEP][PASSED] - click: Object: 'Object Repository/ADMIN/Categories/Category/button_upload check' is clicked on

2019-05-27 09:32:09 - [MESSAGE][PASSED] - Object: 'Object Repository/ADMIN/Categories/Category/button_upload check' is clicked on

2019-05-27 09:32:09 - [TEST_STEP][PASSED] - click: Object: 'Object Repository/ADMIN/Categories/Category/button_upload save' is clicked on

2019-05-27 09:32:09 - [MESSAGE][PASSED] - Object: 'Object Repository/ADMIN/Categories/Category/button_upload save' is clicked on

2019-05-27 09:32:09 - [TEST_STEP][PASSED] - waitForElementVisible: Web element with id: 'Object Repository/ADMIN/Categories/Category/button_upload save' located by 'By.xpath: //a[@class = 'btn btn-warning download' and (text() = ' Add Photo' or . = ' Add Photo')]' not found

2019-05-27 09:32:09 - [MESSAGE][WARNING] - Timeout '0' is invalid. Using default page load timeout: '30'

2019-05-27 09:32:41 - [MESSAGE][WARNING] - Web element with id: 'Object Repository/ADMIN/Categories/Category/button_upload save' located by 'By.xpath: //a[@class = 'btn btn-warning download' and (text() = ' Add Photo' or . = ' Add Photo')]' not found

2019-05-27 09:32:41 - [TEST_STEP][PASSED] - setText: Text 'Description21' is set on object 'Object Repository/ADMIN/Categories/Category/textfield_category_description'

2019-05-27 09:32:41 - [MESSAGE][PASSED] - Text 'Description21' is set on object 'Object Repository/ADMIN/Categories/Category/textfield_category_description'

2019-05-27 09:32:41 - [TEST_STEP][PASSED] - click: Object: 'Object Repository/ADMIN/Categories/Category/button_Save' is clicked on

2019-05-27 09:32:41 - [MESSAGE][PASSED] - Object: 'Object Repository/ADMIN/Categories/Category/button_Save' is clicked on

2019-05-27 09:32:41 - [TEST_STEP][PASSED] - waitForElementVisible: Object 'Object Repository/ADMIN/Categories/Category/label_edit popup' is visible

2019-05-27 09:32:41 - [MESSAGE][WARNING] - Timeout '0' is invalid. Using default page load timeout: '30'

2019-05-27 09:32:42 - [MESSAGE][PASSED] - Object 'Object Repository/ADMIN/Categories/Category/label_edit popup' is visible

2019-05-27 09:32:42 - [TEST_STEP][PASSED] - waitForElementNotPresent: Web element with id: 'Object Repository/ADMIN/Categories/Category/label_edit popup' located by 'By.xpath: //div[(text() = 'Category was successfully saved.' or . = 'Category was successfully saved.')]' is not present after '30' second(s)

2019-05-27 09:32:42 - [MESSAGE][WARNING] - Timeout '0' is invalid. Using default page load timeout: '30'

2019-05-27 09:32:48 - [MESSAGE][PASSED] - Web element with id: 'Object Repository/ADMIN/Categories/Category/label_edit popup' located by 'By.xpath: //div[(text() = 'Category was successfully saved.' or . = 'Category was successfully saved.')]' is not present after '30' second(s)]]></system-out>
         <system-err><![CDATA[]]></system-err>
      </testcase>
      <testcase name="Test Cases/ADMIN/Content Mgmt/Categories/Category Add-Edit/Add Category" classname="Test Cases/ADMIN/Content Mgmt/Categories/Category Add-Edit/Add Category" status="PASSED">
         <system-out><![CDATA[2019-05-27 09:32:48 - [TEST_CASE][PASSED] - Test Cases/ADMIN/Content Mgmt/Categories/Category Add-Edit/Add Category: Test Cases/ADMIN/Content Mgmt/Categories/Category Add-Edit/Add Category

2019-05-27 09:32:48 - [TEST_STEP][PASSED] - waitForElementVisible: Object 'Object Repository/ADMIN/Categories/Category List/button_Content Mgmt' is visible

2019-05-27 09:32:48 - [MESSAGE][WARNING] - Timeout '0' is invalid. Using default page load timeout: '30'

2019-05-27 09:32:48 - [MESSAGE][PASSED] - Object 'Object Repository/ADMIN/Categories/Category List/button_Content Mgmt' is visible

2019-05-27 09:32:48 - [TEST_STEP][PASSED] - click: Object: 'Object Repository/ADMIN/Categories/Category List/button_Content Mgmt' is clicked on

2019-05-27 09:32:48 - [MESSAGE][PASSED] - Object: 'Object Repository/ADMIN/Categories/Category List/button_Content Mgmt' is clicked on

2019-05-27 09:32:48 - [TEST_STEP][PASSED] - waitForElementVisible: Object 'Object Repository/ADMIN/Categories/Category List/button_Categories' is visible

2019-05-27 09:32:48 - [MESSAGE][WARNING] - Timeout '0' is invalid. Using default page load timeout: '30'

2019-05-27 09:32:48 - [MESSAGE][PASSED] - Object 'Object Repository/ADMIN/Categories/Category List/button_Categories' is visible

2019-05-27 09:32:48 - [TEST_STEP][PASSED] - click: Object: 'Object Repository/ADMIN/Categories/Category List/button_Categories' is clicked on

2019-05-27 09:32:49 - [MESSAGE][PASSED] - Object: 'Object Repository/ADMIN/Categories/Category List/button_Categories' is clicked on

2019-05-27 09:32:49 - [TEST_STEP][PASSED] - waitForPageLoad: Wait for page load successfully

2019-05-27 09:32:49 - [MESSAGE][WARNING] - Timeout '0' is invalid. Using default page load timeout: '30'

2019-05-27 09:32:49 - [MESSAGE][PASSED] - Wait for page load successfully

2019-05-27 09:32:49 - [TEST_STEP][PASSED] - click: Object: 'Object Repository/ADMIN/Categories/Category List/button_Add a Category' is clicked on

2019-05-27 09:32:49 - [MESSAGE][PASSED] - Object: 'Object Repository/ADMIN/Categories/Category List/button_Add a Category' is clicked on

2019-05-27 09:32:49 - [TEST_STEP][PASSED] - waitForElementPresent: Object 'Object Repository/ADMIN/Categories/Category/dropdown_Parent' is present

2019-05-27 09:32:49 - [MESSAGE][PASSED] - Object 'Object Repository/ADMIN/Categories/Category/dropdown_Parent' is present

2019-05-27 09:32:49 - [TEST_STEP][PASSED] - delay: Delayed 1 second(s)

2019-05-27 09:32:50 - [MESSAGE][PASSED] - Delayed 1 second(s)

2019-05-27 09:32:50 - [TEST_STEP][PASSED] - setText: Text 'Category 2.3' is set on object 'Object Repository/ADMIN/Categories/Category/textfield_Category Name'

2019-05-27 09:32:51 - [MESSAGE][PASSED] - Text 'Category 2.3' is set on object 'Object Repository/ADMIN/Categories/Category/textfield_Category Name'

2019-05-27 09:32:51 - [TEST_STEP][PASSED] - click: Object: 'Object Repository/ADMIN/Categories/Category/dropdown_Parent' is clicked on

2019-05-27 09:32:51 - [MESSAGE][PASSED] - Object: 'Object Repository/ADMIN/Categories/Category/dropdown_Parent' is clicked on

2019-05-27 09:32:51 - [TEST_STEP][PASSED] - delay: Delayed 2 second(s)

2019-05-27 09:32:53 - [MESSAGE][PASSED] - Delayed 2 second(s)

2019-05-27 09:32:53 - [TEST_STEP][PASSED] - click: Object: 'Object Repository/ADMIN/Categories/Category/dropdown_Parent' is clicked on

2019-05-27 09:32:53 - [MESSAGE][PASSED] - Object: 'Object Repository/ADMIN/Categories/Category/dropdown_Parent' is clicked on

2019-05-27 09:32:53 - [TEST_STEP][PASSED] - selectOptionByLabel: All options with label 'Category 2' are selected in object 'Object Repository/ADMIN/Categories/Category/dropdown_Parent' 

2019-05-27 09:32:53 - [MESSAGE][PASSED] - All options with label 'Category 2' are selected in object 'Object Repository/ADMIN/Categories/Category/dropdown_Parent' 

2019-05-27 09:32:53 - [TEST_STEP][PASSED] - click: Object: 'Object Repository/ADMIN/Categories/Category/button_Browse' is clicked on

2019-05-27 09:32:53 - [MESSAGE][PASSED] - Object: 'Object Repository/ADMIN/Categories/Category/button_Browse' is clicked on

2019-05-27 09:32:53 - [TEST_STEP][PASSED] - delay: Delayed 2 second(s)

2019-05-27 09:32:55 - [MESSAGE][PASSED] - Delayed 2 second(s)

2019-05-27 09:32:55 - [TEST_STEP][PASSED] - uploadFile: File 'C:\\Katalon\\Image\\pic9.jpg' sent to object: 'Object Repository/ADMIN/Categories/Category/image_input image'

2019-05-27 09:32:55 - [MESSAGE][PASSED] - File 'C:\\Katalon\\Image\\pic9.jpg' sent to object: 'Object Repository/ADMIN/Categories/Category/image_input image'

2019-05-27 09:32:55 - [TEST_STEP][PASSED] - waitForElementVisible: Object 'Object Repository/ADMIN/Categories/Category/button_upload check' is visible

2019-05-27 09:32:55 - [MESSAGE][WARNING] - Timeout '0' is invalid. Using default page load timeout: '30'

2019-05-27 09:32:55 - [MESSAGE][PASSED] - Object 'Object Repository/ADMIN/Categories/Category/button_upload check' is visible

2019-05-27 09:32:55 - [TEST_STEP][PASSED] - click: Object: 'Object Repository/ADMIN/Categories/Category/button_upload check' is clicked on

2019-05-27 09:32:56 - [MESSAGE][PASSED] - Object: 'Object Repository/ADMIN/Categories/Category/button_upload check' is clicked on

2019-05-27 09:32:56 - [TEST_STEP][PASSED] - click: Object: 'Object Repository/ADMIN/Categories/Category/button_upload save' is clicked on

2019-05-27 09:32:56 - [MESSAGE][PASSED] - Object: 'Object Repository/ADMIN/Categories/Category/button_upload save' is clicked on

2019-05-27 09:32:56 - [TEST_STEP][PASSED] - waitForElementVisible: Object 'Object Repository/ADMIN/Categories/Category/button_upload save' is visible

2019-05-27 09:32:56 - [MESSAGE][WARNING] - Timeout '0' is invalid. Using default page load timeout: '30'

2019-05-27 09:32:56 - [MESSAGE][PASSED] - Object 'Object Repository/ADMIN/Categories/Category/button_upload save' is visible

2019-05-27 09:32:56 - [TEST_STEP][PASSED] - setText: Text 'Description22' is set on object 'Object Repository/ADMIN/Categories/Category/textfield_category_description'

2019-05-27 09:32:57 - [MESSAGE][PASSED] - Text 'Description22' is set on object 'Object Repository/ADMIN/Categories/Category/textfield_category_description'

2019-05-27 09:32:57 - [TEST_STEP][PASSED] - click: Object: 'Object Repository/ADMIN/Categories/Category/button_Save' is clicked on

2019-05-27 09:32:57 - [MESSAGE][PASSED] - Object: 'Object Repository/ADMIN/Categories/Category/button_Save' is clicked on

2019-05-27 09:32:57 - [TEST_STEP][PASSED] - waitForElementVisible: Object 'Object Repository/ADMIN/Categories/Category/label_edit popup' is visible

2019-05-27 09:32:57 - [MESSAGE][WARNING] - Timeout '0' is invalid. Using default page load timeout: '30'

2019-05-27 09:32:58 - [MESSAGE][PASSED] - Object 'Object Repository/ADMIN/Categories/Category/label_edit popup' is visible

2019-05-27 09:32:58 - [TEST_STEP][PASSED] - waitForElementNotPresent: Web element with id: 'Object Repository/ADMIN/Categories/Category/label_edit popup' located by 'By.xpath: //div[(text() = 'Category was successfully saved.' or . = 'Category was successfully saved.')]' is not present after '30' second(s)

2019-05-27 09:32:58 - [MESSAGE][WARNING] - Timeout '0' is invalid. Using default page load timeout: '30'

2019-05-27 09:33:04 - [MESSAGE][PASSED] - Web element with id: 'Object Repository/ADMIN/Categories/Category/label_edit popup' located by 'By.xpath: //div[(text() = 'Category was successfully saved.' or . = 'Category was successfully saved.')]' is not present after '30' second(s)]]></system-out>
         <system-err><![CDATA[]]></system-err>
      </testcase>
      <testcase name="Test Cases/ADMIN/Content Mgmt/Categories/Category Add-Edit/Add Category" classname="Test Cases/ADMIN/Content Mgmt/Categories/Category Add-Edit/Add Category" status="PASSED">
         <system-out><![CDATA[2019-05-27 09:33:04 - [TEST_CASE][PASSED] - Test Cases/ADMIN/Content Mgmt/Categories/Category Add-Edit/Add Category: Test Cases/ADMIN/Content Mgmt/Categories/Category Add-Edit/Add Category

2019-05-27 09:33:04 - [TEST_STEP][PASSED] - waitForElementVisible: Object 'Object Repository/ADMIN/Categories/Category List/button_Content Mgmt' is visible

2019-05-27 09:33:04 - [MESSAGE][WARNING] - Timeout '0' is invalid. Using default page load timeout: '30'

2019-05-27 09:33:04 - [MESSAGE][PASSED] - Object 'Object Repository/ADMIN/Categories/Category List/button_Content Mgmt' is visible

2019-05-27 09:33:04 - [TEST_STEP][PASSED] - click: Object: 'Object Repository/ADMIN/Categories/Category List/button_Content Mgmt' is clicked on

2019-05-27 09:33:04 - [MESSAGE][PASSED] - Object: 'Object Repository/ADMIN/Categories/Category List/button_Content Mgmt' is clicked on

2019-05-27 09:33:04 - [TEST_STEP][PASSED] - waitForElementVisible: Object 'Object Repository/ADMIN/Categories/Category List/button_Categories' is visible

2019-05-27 09:33:04 - [MESSAGE][WARNING] - Timeout '0' is invalid. Using default page load timeout: '30'

2019-05-27 09:33:05 - [MESSAGE][PASSED] - Object 'Object Repository/ADMIN/Categories/Category List/button_Categories' is visible

2019-05-27 09:33:05 - [TEST_STEP][PASSED] - click: Object: 'Object Repository/ADMIN/Categories/Category List/button_Categories' is clicked on

2019-05-27 09:33:06 - [MESSAGE][PASSED] - Object: 'Object Repository/ADMIN/Categories/Category List/button_Categories' is clicked on

2019-05-27 09:33:06 - [TEST_STEP][PASSED] - waitForPageLoad: Wait for page load successfully

2019-05-27 09:33:06 - [MESSAGE][WARNING] - Timeout '0' is invalid. Using default page load timeout: '30'

2019-05-27 09:33:07 - [MESSAGE][PASSED] - Wait for page load successfully

2019-05-27 09:33:07 - [TEST_STEP][PASSED] - click: Object: 'Object Repository/ADMIN/Categories/Category List/button_Add a Category' is clicked on

2019-05-27 09:33:07 - [MESSAGE][PASSED] - Object: 'Object Repository/ADMIN/Categories/Category List/button_Add a Category' is clicked on

2019-05-27 09:33:07 - [TEST_STEP][PASSED] - waitForElementPresent: Object 'Object Repository/ADMIN/Categories/Category/dropdown_Parent' is present

2019-05-27 09:33:07 - [MESSAGE][PASSED] - Object 'Object Repository/ADMIN/Categories/Category/dropdown_Parent' is present

2019-05-27 09:33:07 - [TEST_STEP][PASSED] - delay: Delayed 1 second(s)

2019-05-27 09:33:08 - [MESSAGE][PASSED] - Delayed 1 second(s)

2019-05-27 09:33:08 - [TEST_STEP][PASSED] - setText: Text 'Category 2.4' is set on object 'Object Repository/ADMIN/Categories/Category/textfield_Category Name'

2019-05-27 09:33:09 - [MESSAGE][PASSED] - Text 'Category 2.4' is set on object 'Object Repository/ADMIN/Categories/Category/textfield_Category Name'

2019-05-27 09:33:09 - [TEST_STEP][PASSED] - click: Object: 'Object Repository/ADMIN/Categories/Category/dropdown_Parent' is clicked on

2019-05-27 09:33:09 - [MESSAGE][PASSED] - Object: 'Object Repository/ADMIN/Categories/Category/dropdown_Parent' is clicked on

2019-05-27 09:33:09 - [TEST_STEP][PASSED] - delay: Delayed 2 second(s)

2019-05-27 09:33:11 - [MESSAGE][PASSED] - Delayed 2 second(s)

2019-05-27 09:33:11 - [TEST_STEP][PASSED] - click: Object: 'Object Repository/ADMIN/Categories/Category/dropdown_Parent' is clicked on

2019-05-27 09:33:11 - [MESSAGE][PASSED] - Object: 'Object Repository/ADMIN/Categories/Category/dropdown_Parent' is clicked on

2019-05-27 09:33:11 - [TEST_STEP][PASSED] - selectOptionByLabel: All options with label 'Category 2' are selected in object 'Object Repository/ADMIN/Categories/Category/dropdown_Parent' 

2019-05-27 09:33:11 - [MESSAGE][PASSED] - All options with label 'Category 2' are selected in object 'Object Repository/ADMIN/Categories/Category/dropdown_Parent' 

2019-05-27 09:33:11 - [TEST_STEP][PASSED] - click: Object: 'Object Repository/ADMIN/Categories/Category/button_Browse' is clicked on

2019-05-27 09:33:11 - [MESSAGE][PASSED] - Object: 'Object Repository/ADMIN/Categories/Category/button_Browse' is clicked on

2019-05-27 09:33:11 - [TEST_STEP][PASSED] - delay: Delayed 2 second(s)

2019-05-27 09:33:13 - [MESSAGE][PASSED] - Delayed 2 second(s)

2019-05-27 09:33:13 - [TEST_STEP][PASSED] - uploadFile: File 'C:\\Katalon\\Image\\pic10.jpg' sent to object: 'Object Repository/ADMIN/Categories/Category/image_input image'

2019-05-27 09:33:14 - [MESSAGE][PASSED] - File 'C:\\Katalon\\Image\\pic10.jpg' sent to object: 'Object Repository/ADMIN/Categories/Category/image_input image'

2019-05-27 09:33:14 - [TEST_STEP][PASSED] - waitForElementVisible: Object 'Object Repository/ADMIN/Categories/Category/button_upload check' is visible

2019-05-27 09:33:14 - [MESSAGE][WARNING] - Timeout '0' is invalid. Using default page load timeout: '30'

2019-05-27 09:33:14 - [MESSAGE][PASSED] - Object 'Object Repository/ADMIN/Categories/Category/button_upload check' is visible

2019-05-27 09:33:14 - [TEST_STEP][PASSED] - click: Object: 'Object Repository/ADMIN/Categories/Category/button_upload check' is clicked on

2019-05-27 09:33:14 - [MESSAGE][PASSED] - Object: 'Object Repository/ADMIN/Categories/Category/button_upload check' is clicked on

2019-05-27 09:33:14 - [TEST_STEP][PASSED] - click: Object: 'Object Repository/ADMIN/Categories/Category/button_upload save' is clicked on

2019-05-27 09:33:15 - [MESSAGE][PASSED] - Object: 'Object Repository/ADMIN/Categories/Category/button_upload save' is clicked on

2019-05-27 09:33:15 - [TEST_STEP][PASSED] - waitForElementVisible: Object 'Object Repository/ADMIN/Categories/Category/button_upload save' is visible

2019-05-27 09:33:15 - [MESSAGE][WARNING] - Timeout '0' is invalid. Using default page load timeout: '30'

2019-05-27 09:33:15 - [MESSAGE][PASSED] - Object 'Object Repository/ADMIN/Categories/Category/button_upload save' is visible

2019-05-27 09:33:15 - [TEST_STEP][PASSED] - setText: Text 'Description23' is set on object 'Object Repository/ADMIN/Categories/Category/textfield_category_description'

2019-05-27 09:33:15 - [MESSAGE][PASSED] - Text 'Description23' is set on object 'Object Repository/ADMIN/Categories/Category/textfield_category_description'

2019-05-27 09:33:15 - [TEST_STEP][PASSED] - click: Object: 'Object Repository/ADMIN/Categories/Category/button_Save' is clicked on

2019-05-27 09:33:16 - [MESSAGE][PASSED] - Object: 'Object Repository/ADMIN/Categories/Category/button_Save' is clicked on

2019-05-27 09:33:16 - [TEST_STEP][PASSED] - waitForElementVisible: Object 'Object Repository/ADMIN/Categories/Category/label_edit popup' is visible

2019-05-27 09:33:16 - [MESSAGE][WARNING] - Timeout '0' is invalid. Using default page load timeout: '30'

2019-05-27 09:33:16 - [MESSAGE][PASSED] - Object 'Object Repository/ADMIN/Categories/Category/label_edit popup' is visible

2019-05-27 09:33:16 - [TEST_STEP][PASSED] - waitForElementNotPresent: Web element with id: 'Object Repository/ADMIN/Categories/Category/label_edit popup' located by 'By.xpath: //div[(text() = 'Category was successfully saved.' or . = 'Category was successfully saved.')]' is not present after '30' second(s)

2019-05-27 09:33:16 - [MESSAGE][WARNING] - Timeout '0' is invalid. Using default page load timeout: '30'

2019-05-27 09:33:22 - [MESSAGE][PASSED] - Web element with id: 'Object Repository/ADMIN/Categories/Category/label_edit popup' located by 'By.xpath: //div[(text() = 'Category was successfully saved.' or . = 'Category was successfully saved.')]' is not present after '30' second(s)]]></system-out>
         <system-err><![CDATA[]]></system-err>
      </testcase>
      <testcase name="Test Cases/ADMIN/Content Mgmt/Categories/Category Add-Edit/Add Category" classname="Test Cases/ADMIN/Content Mgmt/Categories/Category Add-Edit/Add Category" status="PASSED">
         <system-out><![CDATA[2019-05-27 09:33:22 - [TEST_CASE][PASSED] - Test Cases/ADMIN/Content Mgmt/Categories/Category Add-Edit/Add Category: Test Cases/ADMIN/Content Mgmt/Categories/Category Add-Edit/Add Category

2019-05-27 09:33:23 - [TEST_STEP][PASSED] - waitForElementVisible: Object 'Object Repository/ADMIN/Categories/Category List/button_Content Mgmt' is visible

2019-05-27 09:33:23 - [MESSAGE][WARNING] - Timeout '0' is invalid. Using default page load timeout: '30'

2019-05-27 09:33:23 - [MESSAGE][PASSED] - Object 'Object Repository/ADMIN/Categories/Category List/button_Content Mgmt' is visible

2019-05-27 09:33:23 - [TEST_STEP][PASSED] - click: Object: 'Object Repository/ADMIN/Categories/Category List/button_Content Mgmt' is clicked on

2019-05-27 09:33:23 - [MESSAGE][PASSED] - Object: 'Object Repository/ADMIN/Categories/Category List/button_Content Mgmt' is clicked on

2019-05-27 09:33:23 - [TEST_STEP][PASSED] - waitForElementVisible: Object 'Object Repository/ADMIN/Categories/Category List/button_Categories' is visible

2019-05-27 09:33:23 - [MESSAGE][WARNING] - Timeout '0' is invalid. Using default page load timeout: '30'

2019-05-27 09:33:23 - [MESSAGE][PASSED] - Object 'Object Repository/ADMIN/Categories/Category List/button_Categories' is visible

2019-05-27 09:33:23 - [TEST_STEP][PASSED] - click: Object: 'Object Repository/ADMIN/Categories/Category List/button_Categories' is clicked on

2019-05-27 09:33:23 - [MESSAGE][PASSED] - Object: 'Object Repository/ADMIN/Categories/Category List/button_Categories' is clicked on

2019-05-27 09:33:23 - [TEST_STEP][PASSED] - waitForPageLoad: Wait for page load successfully

2019-05-27 09:33:23 - [MESSAGE][WARNING] - Timeout '0' is invalid. Using default page load timeout: '30'

2019-05-27 09:33:23 - [MESSAGE][PASSED] - Wait for page load successfully

2019-05-27 09:33:23 - [TEST_STEP][PASSED] - click: Object: 'Object Repository/ADMIN/Categories/Category List/button_Add a Category' is clicked on

2019-05-27 09:33:24 - [MESSAGE][PASSED] - Object: 'Object Repository/ADMIN/Categories/Category List/button_Add a Category' is clicked on

2019-05-27 09:33:24 - [TEST_STEP][PASSED] - waitForElementPresent: Object 'Object Repository/ADMIN/Categories/Category/dropdown_Parent' is present

2019-05-27 09:33:24 - [MESSAGE][PASSED] - Object 'Object Repository/ADMIN/Categories/Category/dropdown_Parent' is present

2019-05-27 09:33:24 - [TEST_STEP][PASSED] - delay: Delayed 1 second(s)

2019-05-27 09:33:25 - [MESSAGE][PASSED] - Delayed 1 second(s)

2019-05-27 09:33:25 - [TEST_STEP][PASSED] - setText: Text 'Category 2.4.1' is set on object 'Object Repository/ADMIN/Categories/Category/textfield_Category Name'

2019-05-27 09:33:26 - [MESSAGE][PASSED] - Text 'Category 2.4.1' is set on object 'Object Repository/ADMIN/Categories/Category/textfield_Category Name'

2019-05-27 09:33:26 - [TEST_STEP][PASSED] - click: Object: 'Object Repository/ADMIN/Categories/Category/dropdown_Parent' is clicked on

2019-05-27 09:33:26 - [MESSAGE][PASSED] - Object: 'Object Repository/ADMIN/Categories/Category/dropdown_Parent' is clicked on

2019-05-27 09:33:26 - [TEST_STEP][PASSED] - delay: Delayed 2 second(s)

2019-05-27 09:33:28 - [MESSAGE][PASSED] - Delayed 2 second(s)

2019-05-27 09:33:28 - [TEST_STEP][PASSED] - click: Object: 'Object Repository/ADMIN/Categories/Category/dropdown_Parent' is clicked on

2019-05-27 09:33:28 - [MESSAGE][PASSED] - Object: 'Object Repository/ADMIN/Categories/Category/dropdown_Parent' is clicked on

2019-05-27 09:33:28 - [TEST_STEP][PASSED] - selectOptionByLabel: All options with label 'Category 2.4' are selected in object 'Object Repository/ADMIN/Categories/Category/dropdown_Parent' 

2019-05-27 09:33:29 - [MESSAGE][PASSED] - All options with label 'Category 2.4' are selected in object 'Object Repository/ADMIN/Categories/Category/dropdown_Parent' 

2019-05-27 09:33:29 - [TEST_STEP][PASSED] - click: Object: 'Object Repository/ADMIN/Categories/Category/button_Browse' is clicked on

2019-05-27 09:33:29 - [MESSAGE][PASSED] - Object: 'Object Repository/ADMIN/Categories/Category/button_Browse' is clicked on

2019-05-27 09:33:29 - [TEST_STEP][PASSED] - delay: Delayed 2 second(s)

2019-05-27 09:33:31 - [MESSAGE][PASSED] - Delayed 2 second(s)

2019-05-27 09:33:31 - [TEST_STEP][PASSED] - uploadFile: File 'C:\\Katalon\\Image\\pic11.jpg' sent to object: 'Object Repository/ADMIN/Categories/Category/image_input image'

2019-05-27 09:33:31 - [MESSAGE][PASSED] - File 'C:\\Katalon\\Image\\pic11.jpg' sent to object: 'Object Repository/ADMIN/Categories/Category/image_input image'

2019-05-27 09:33:31 - [TEST_STEP][PASSED] - waitForElementVisible: Object 'Object Repository/ADMIN/Categories/Category/button_upload check' is visible

2019-05-27 09:33:31 - [MESSAGE][WARNING] - Timeout '0' is invalid. Using default page load timeout: '30'

2019-05-27 09:33:31 - [MESSAGE][PASSED] - Object 'Object Repository/ADMIN/Categories/Category/button_upload check' is visible

2019-05-27 09:33:31 - [TEST_STEP][PASSED] - click: Object: 'Object Repository/ADMIN/Categories/Category/button_upload check' is clicked on

2019-05-27 09:33:31 - [MESSAGE][PASSED] - Object: 'Object Repository/ADMIN/Categories/Category/button_upload check' is clicked on

2019-05-27 09:33:31 - [TEST_STEP][PASSED] - click: Object: 'Object Repository/ADMIN/Categories/Category/button_upload save' is clicked on

2019-05-27 09:33:32 - [MESSAGE][PASSED] - Object: 'Object Repository/ADMIN/Categories/Category/button_upload save' is clicked on

2019-05-27 09:33:32 - [TEST_STEP][PASSED] - waitForElementVisible: Web element with id: 'Object Repository/ADMIN/Categories/Category/button_upload save' located by 'By.xpath: //a[@class = 'btn btn-warning download' and (text() = ' Add Photo' or . = ' Add Photo')]' not found

2019-05-27 09:33:32 - [MESSAGE][WARNING] - Timeout '0' is invalid. Using default page load timeout: '30'

2019-05-27 09:34:04 - [MESSAGE][WARNING] - Web element with id: 'Object Repository/ADMIN/Categories/Category/button_upload save' located by 'By.xpath: //a[@class = 'btn btn-warning download' and (text() = ' Add Photo' or . = ' Add Photo')]' not found

2019-05-27 09:34:04 - [TEST_STEP][PASSED] - setText: Text 'Description24' is set on object 'Object Repository/ADMIN/Categories/Category/textfield_category_description'

2019-05-27 09:34:05 - [MESSAGE][PASSED] - Text 'Description24' is set on object 'Object Repository/ADMIN/Categories/Category/textfield_category_description'

2019-05-27 09:34:05 - [TEST_STEP][PASSED] - click: Object: 'Object Repository/ADMIN/Categories/Category/button_Save' is clicked on

2019-05-27 09:34:05 - [MESSAGE][PASSED] - Object: 'Object Repository/ADMIN/Categories/Category/button_Save' is clicked on

2019-05-27 09:34:05 - [TEST_STEP][PASSED] - waitForElementVisible: Object 'Object Repository/ADMIN/Categories/Category/label_edit popup' is visible

2019-05-27 09:34:05 - [MESSAGE][WARNING] - Timeout '0' is invalid. Using default page load timeout: '30'

2019-05-27 09:34:06 - [MESSAGE][PASSED] - Object 'Object Repository/ADMIN/Categories/Category/label_edit popup' is visible

2019-05-27 09:34:06 - [TEST_STEP][PASSED] - waitForElementNotPresent: Web element with id: 'Object Repository/ADMIN/Categories/Category/label_edit popup' located by 'By.xpath: //div[(text() = 'Category was successfully saved.' or . = 'Category was successfully saved.')]' is not present after '30' second(s)

2019-05-27 09:34:06 - [MESSAGE][WARNING] - Timeout '0' is invalid. Using default page load timeout: '30'

2019-05-27 09:34:12 - [MESSAGE][PASSED] - Web element with id: 'Object Repository/ADMIN/Categories/Category/label_edit popup' located by 'By.xpath: //div[(text() = 'Category was successfully saved.' or . = 'Category was successfully saved.')]' is not present after '30' second(s)]]></system-out>
         <system-err><![CDATA[]]></system-err>
      </testcase>
      <testcase name="Test Cases/ADMIN/Content Mgmt/Categories/Category Add-Edit/Add Category" classname="Test Cases/ADMIN/Content Mgmt/Categories/Category Add-Edit/Add Category" status="PASSED">
         <system-out><![CDATA[2019-05-27 09:34:12 - [TEST_CASE][PASSED] - Test Cases/ADMIN/Content Mgmt/Categories/Category Add-Edit/Add Category: Test Cases/ADMIN/Content Mgmt/Categories/Category Add-Edit/Add Category

2019-05-27 09:34:12 - [TEST_STEP][PASSED] - waitForElementVisible: Object 'Object Repository/ADMIN/Categories/Category List/button_Content Mgmt' is visible

2019-05-27 09:34:12 - [MESSAGE][WARNING] - Timeout '0' is invalid. Using default page load timeout: '30'

2019-05-27 09:34:12 - [MESSAGE][PASSED] - Object 'Object Repository/ADMIN/Categories/Category List/button_Content Mgmt' is visible

2019-05-27 09:34:12 - [TEST_STEP][PASSED] - click: Object: 'Object Repository/ADMIN/Categories/Category List/button_Content Mgmt' is clicked on

2019-05-27 09:34:12 - [MESSAGE][PASSED] - Object: 'Object Repository/ADMIN/Categories/Category List/button_Content Mgmt' is clicked on

2019-05-27 09:34:12 - [TEST_STEP][PASSED] - waitForElementVisible: Object 'Object Repository/ADMIN/Categories/Category List/button_Categories' is visible

2019-05-27 09:34:12 - [MESSAGE][WARNING] - Timeout '0' is invalid. Using default page load timeout: '30'

2019-05-27 09:34:13 - [MESSAGE][PASSED] - Object 'Object Repository/ADMIN/Categories/Category List/button_Categories' is visible

2019-05-27 09:34:13 - [TEST_STEP][PASSED] - click: Object: 'Object Repository/ADMIN/Categories/Category List/button_Categories' is clicked on

2019-05-27 09:34:14 - [MESSAGE][PASSED] - Object: 'Object Repository/ADMIN/Categories/Category List/button_Categories' is clicked on

2019-05-27 09:34:14 - [TEST_STEP][PASSED] - waitForPageLoad: Wait for page load successfully

2019-05-27 09:34:14 - [MESSAGE][WARNING] - Timeout '0' is invalid. Using default page load timeout: '30'

2019-05-27 09:34:14 - [MESSAGE][PASSED] - Wait for page load successfully

2019-05-27 09:34:14 - [TEST_STEP][PASSED] - click: Object: 'Object Repository/ADMIN/Categories/Category List/button_Add a Category' is clicked on

2019-05-27 09:34:15 - [MESSAGE][PASSED] - Object: 'Object Repository/ADMIN/Categories/Category List/button_Add a Category' is clicked on

2019-05-27 09:34:15 - [TEST_STEP][PASSED] - waitForElementPresent: Object 'Object Repository/ADMIN/Categories/Category/dropdown_Parent' is present

2019-05-27 09:34:15 - [MESSAGE][PASSED] - Object 'Object Repository/ADMIN/Categories/Category/dropdown_Parent' is present

2019-05-27 09:34:15 - [TEST_STEP][PASSED] - delay: Delayed 1 second(s)

2019-05-27 09:34:16 - [MESSAGE][PASSED] - Delayed 1 second(s)

2019-05-27 09:34:16 - [TEST_STEP][PASSED] - setText: Text 'Category 2.4.2' is set on object 'Object Repository/ADMIN/Categories/Category/textfield_Category Name'

2019-05-27 09:34:16 - [MESSAGE][PASSED] - Text 'Category 2.4.2' is set on object 'Object Repository/ADMIN/Categories/Category/textfield_Category Name'

2019-05-27 09:34:16 - [TEST_STEP][PASSED] - click: Object: 'Object Repository/ADMIN/Categories/Category/dropdown_Parent' is clicked on

2019-05-27 09:34:17 - [MESSAGE][PASSED] - Object: 'Object Repository/ADMIN/Categories/Category/dropdown_Parent' is clicked on

2019-05-27 09:34:17 - [TEST_STEP][PASSED] - delay: Delayed 2 second(s)

2019-05-27 09:34:19 - [MESSAGE][PASSED] - Delayed 2 second(s)

2019-05-27 09:34:19 - [TEST_STEP][PASSED] - click: Object: 'Object Repository/ADMIN/Categories/Category/dropdown_Parent' is clicked on

2019-05-27 09:34:19 - [MESSAGE][PASSED] - Object: 'Object Repository/ADMIN/Categories/Category/dropdown_Parent' is clicked on

2019-05-27 09:34:19 - [TEST_STEP][PASSED] - selectOptionByLabel: All options with label 'Category 2.4' are selected in object 'Object Repository/ADMIN/Categories/Category/dropdown_Parent' 

2019-05-27 09:34:19 - [MESSAGE][PASSED] - All options with label 'Category 2.4' are selected in object 'Object Repository/ADMIN/Categories/Category/dropdown_Parent' 

2019-05-27 09:34:19 - [TEST_STEP][PASSED] - click: Object: 'Object Repository/ADMIN/Categories/Category/button_Browse' is clicked on

2019-05-27 09:34:19 - [MESSAGE][PASSED] - Object: 'Object Repository/ADMIN/Categories/Category/button_Browse' is clicked on

2019-05-27 09:34:19 - [TEST_STEP][PASSED] - delay: Delayed 2 second(s)

2019-05-27 09:34:21 - [MESSAGE][PASSED] - Delayed 2 second(s)

2019-05-27 09:34:21 - [TEST_STEP][PASSED] - uploadFile: File 'C:\\Katalon\\Image\\pic12.jpg' sent to object: 'Object Repository/ADMIN/Categories/Category/image_input image'

2019-05-27 09:34:21 - [MESSAGE][PASSED] - File 'C:\\Katalon\\Image\\pic12.jpg' sent to object: 'Object Repository/ADMIN/Categories/Category/image_input image'

2019-05-27 09:34:21 - [TEST_STEP][PASSED] - waitForElementVisible: Object 'Object Repository/ADMIN/Categories/Category/button_upload check' is visible

2019-05-27 09:34:21 - [MESSAGE][WARNING] - Timeout '0' is invalid. Using default page load timeout: '30'

2019-05-27 09:34:22 - [MESSAGE][PASSED] - Object 'Object Repository/ADMIN/Categories/Category/button_upload check' is visible

2019-05-27 09:34:22 - [TEST_STEP][PASSED] - click: Object: 'Object Repository/ADMIN/Categories/Category/button_upload check' is clicked on

2019-05-27 09:34:22 - [MESSAGE][PASSED] - Object: 'Object Repository/ADMIN/Categories/Category/button_upload check' is clicked on

2019-05-27 09:34:22 - [TEST_STEP][PASSED] - click: Object: 'Object Repository/ADMIN/Categories/Category/button_upload save' is clicked on

2019-05-27 09:34:22 - [MESSAGE][PASSED] - Object: 'Object Repository/ADMIN/Categories/Category/button_upload save' is clicked on

2019-05-27 09:34:22 - [TEST_STEP][PASSED] - waitForElementVisible: Object 'Object Repository/ADMIN/Categories/Category/button_upload save' is visible

2019-05-27 09:34:22 - [MESSAGE][WARNING] - Timeout '0' is invalid. Using default page load timeout: '30'

2019-05-27 09:34:22 - [MESSAGE][PASSED] - Object 'Object Repository/ADMIN/Categories/Category/button_upload save' is visible

2019-05-27 09:34:22 - [TEST_STEP][PASSED] - setText: Text 'Description25' is set on object 'Object Repository/ADMIN/Categories/Category/textfield_category_description'

2019-05-27 09:34:23 - [MESSAGE][PASSED] - Text 'Description25' is set on object 'Object Repository/ADMIN/Categories/Category/textfield_category_description'

2019-05-27 09:34:23 - [TEST_STEP][PASSED] - click: Object: 'Object Repository/ADMIN/Categories/Category/button_Save' is clicked on

2019-05-27 09:34:23 - [MESSAGE][PASSED] - Object: 'Object Repository/ADMIN/Categories/Category/button_Save' is clicked on

2019-05-27 09:34:23 - [TEST_STEP][PASSED] - waitForElementVisible: Object 'Object Repository/ADMIN/Categories/Category/label_edit popup' is visible

2019-05-27 09:34:23 - [MESSAGE][WARNING] - Timeout '0' is invalid. Using default page load timeout: '30'

2019-05-27 09:34:24 - [MESSAGE][PASSED] - Object 'Object Repository/ADMIN/Categories/Category/label_edit popup' is visible

2019-05-27 09:34:24 - [TEST_STEP][PASSED] - waitForElementNotPresent: Web element with id: 'Object Repository/ADMIN/Categories/Category/label_edit popup' located by 'By.xpath: //div[(text() = 'Category was successfully saved.' or . = 'Category was successfully saved.')]' is not present after '30' second(s)

2019-05-27 09:34:24 - [MESSAGE][WARNING] - Timeout '0' is invalid. Using default page load timeout: '30'

2019-05-27 09:34:30 - [MESSAGE][PASSED] - Web element with id: 'Object Repository/ADMIN/Categories/Category/label_edit popup' located by 'By.xpath: //div[(text() = 'Category was successfully saved.' or . = 'Category was successfully saved.')]' is not present after '30' second(s)]]></system-out>
         <system-err><![CDATA[]]></system-err>
      </testcase>
      <testcase name="Test Cases/ADMIN/Content Mgmt/Categories/Category Add-Edit/Add Category" classname="Test Cases/ADMIN/Content Mgmt/Categories/Category Add-Edit/Add Category" status="PASSED">
         <system-out><![CDATA[2019-05-27 09:34:30 - [TEST_CASE][PASSED] - Test Cases/ADMIN/Content Mgmt/Categories/Category Add-Edit/Add Category: Test Cases/ADMIN/Content Mgmt/Categories/Category Add-Edit/Add Category

2019-05-27 09:34:30 - [TEST_STEP][PASSED] - waitForElementVisible: Object 'Object Repository/ADMIN/Categories/Category List/button_Content Mgmt' is visible

2019-05-27 09:34:30 - [MESSAGE][WARNING] - Timeout '0' is invalid. Using default page load timeout: '30'

2019-05-27 09:34:30 - [MESSAGE][PASSED] - Object 'Object Repository/ADMIN/Categories/Category List/button_Content Mgmt' is visible

2019-05-27 09:34:30 - [TEST_STEP][PASSED] - click: Object: 'Object Repository/ADMIN/Categories/Category List/button_Content Mgmt' is clicked on

2019-05-27 09:34:30 - [MESSAGE][PASSED] - Object: 'Object Repository/ADMIN/Categories/Category List/button_Content Mgmt' is clicked on

2019-05-27 09:34:30 - [TEST_STEP][PASSED] - waitForElementVisible: Object 'Object Repository/ADMIN/Categories/Category List/button_Categories' is visible

2019-05-27 09:34:30 - [MESSAGE][WARNING] - Timeout '0' is invalid. Using default page load timeout: '30'

2019-05-27 09:34:30 - [MESSAGE][PASSED] - Object 'Object Repository/ADMIN/Categories/Category List/button_Categories' is visible

2019-05-27 09:34:30 - [TEST_STEP][PASSED] - click: Object: 'Object Repository/ADMIN/Categories/Category List/button_Categories' is clicked on

2019-05-27 09:34:30 - [MESSAGE][PASSED] - Object: 'Object Repository/ADMIN/Categories/Category List/button_Categories' is clicked on

2019-05-27 09:34:30 - [TEST_STEP][PASSED] - waitForPageLoad: Wait for page load successfully

2019-05-27 09:34:30 - [MESSAGE][WARNING] - Timeout '0' is invalid. Using default page load timeout: '30'

2019-05-27 09:34:30 - [MESSAGE][PASSED] - Wait for page load successfully

2019-05-27 09:34:30 - [TEST_STEP][PASSED] - click: Object: 'Object Repository/ADMIN/Categories/Category List/button_Add a Category' is clicked on

2019-05-27 09:34:31 - [MESSAGE][PASSED] - Object: 'Object Repository/ADMIN/Categories/Category List/button_Add a Category' is clicked on

2019-05-27 09:34:31 - [TEST_STEP][PASSED] - waitForElementPresent: Object 'Object Repository/ADMIN/Categories/Category/dropdown_Parent' is present

2019-05-27 09:34:31 - [MESSAGE][PASSED] - Object 'Object Repository/ADMIN/Categories/Category/dropdown_Parent' is present

2019-05-27 09:34:31 - [TEST_STEP][PASSED] - delay: Delayed 1 second(s)

2019-05-27 09:34:32 - [MESSAGE][PASSED] - Delayed 1 second(s)

2019-05-27 09:34:32 - [TEST_STEP][PASSED] - setText: Text 'Category 2.4.3' is set on object 'Object Repository/ADMIN/Categories/Category/textfield_Category Name'

2019-05-27 09:34:33 - [MESSAGE][PASSED] - Text 'Category 2.4.3' is set on object 'Object Repository/ADMIN/Categories/Category/textfield_Category Name'

2019-05-27 09:34:33 - [TEST_STEP][PASSED] - click: Object: 'Object Repository/ADMIN/Categories/Category/dropdown_Parent' is clicked on

2019-05-27 09:34:33 - [MESSAGE][PASSED] - Object: 'Object Repository/ADMIN/Categories/Category/dropdown_Parent' is clicked on

2019-05-27 09:34:33 - [TEST_STEP][PASSED] - delay: Delayed 2 second(s)

2019-05-27 09:34:35 - [MESSAGE][PASSED] - Delayed 2 second(s)

2019-05-27 09:34:35 - [TEST_STEP][PASSED] - click: Object: 'Object Repository/ADMIN/Categories/Category/dropdown_Parent' is clicked on

2019-05-27 09:34:35 - [MESSAGE][PASSED] - Object: 'Object Repository/ADMIN/Categories/Category/dropdown_Parent' is clicked on

2019-05-27 09:34:35 - [TEST_STEP][PASSED] - selectOptionByLabel: All options with label 'Category 2.4' are selected in object 'Object Repository/ADMIN/Categories/Category/dropdown_Parent' 

2019-05-27 09:34:35 - [MESSAGE][PASSED] - All options with label 'Category 2.4' are selected in object 'Object Repository/ADMIN/Categories/Category/dropdown_Parent' 

2019-05-27 09:34:35 - [TEST_STEP][PASSED] - click: Object: 'Object Repository/ADMIN/Categories/Category/button_Browse' is clicked on

2019-05-27 09:34:35 - [MESSAGE][PASSED] - Object: 'Object Repository/ADMIN/Categories/Category/button_Browse' is clicked on

2019-05-27 09:34:35 - [TEST_STEP][PASSED] - delay: Delayed 2 second(s)

2019-05-27 09:34:37 - [MESSAGE][PASSED] - Delayed 2 second(s)

2019-05-27 09:34:37 - [TEST_STEP][PASSED] - uploadFile: File 'C:\\Katalon\\Image\\pic1.jpg' sent to object: 'Object Repository/ADMIN/Categories/Category/image_input image'

2019-05-27 09:34:37 - [MESSAGE][PASSED] - File 'C:\\Katalon\\Image\\pic1.jpg' sent to object: 'Object Repository/ADMIN/Categories/Category/image_input image'

2019-05-27 09:34:37 - [TEST_STEP][PASSED] - waitForElementVisible: Object 'Object Repository/ADMIN/Categories/Category/button_upload check' is visible

2019-05-27 09:34:37 - [MESSAGE][WARNING] - Timeout '0' is invalid. Using default page load timeout: '30'

2019-05-27 09:34:38 - [MESSAGE][PASSED] - Object 'Object Repository/ADMIN/Categories/Category/button_upload check' is visible

2019-05-27 09:34:38 - [TEST_STEP][PASSED] - click: Object: 'Object Repository/ADMIN/Categories/Category/button_upload check' is clicked on

2019-05-27 09:34:38 - [MESSAGE][PASSED] - Object: 'Object Repository/ADMIN/Categories/Category/button_upload check' is clicked on

2019-05-27 09:34:38 - [TEST_STEP][PASSED] - click: Object: 'Object Repository/ADMIN/Categories/Category/button_upload save' is clicked on

2019-05-27 09:34:38 - [MESSAGE][PASSED] - Object: 'Object Repository/ADMIN/Categories/Category/button_upload save' is clicked on

2019-05-27 09:34:38 - [TEST_STEP][PASSED] - waitForElementVisible: Object 'Object Repository/ADMIN/Categories/Category/button_upload save' is visible

2019-05-27 09:34:38 - [MESSAGE][WARNING] - Timeout '0' is invalid. Using default page load timeout: '30'

2019-05-27 09:34:38 - [MESSAGE][PASSED] - Object 'Object Repository/ADMIN/Categories/Category/button_upload save' is visible

2019-05-27 09:34:38 - [TEST_STEP][PASSED] - setText: Text 'Description26' is set on object 'Object Repository/ADMIN/Categories/Category/textfield_category_description'

2019-05-27 09:34:39 - [MESSAGE][PASSED] - Text 'Description26' is set on object 'Object Repository/ADMIN/Categories/Category/textfield_category_description'

2019-05-27 09:34:39 - [TEST_STEP][PASSED] - click: Object: 'Object Repository/ADMIN/Categories/Category/button_Save' is clicked on

2019-05-27 09:34:39 - [MESSAGE][PASSED] - Object: 'Object Repository/ADMIN/Categories/Category/button_Save' is clicked on

2019-05-27 09:34:39 - [TEST_STEP][PASSED] - waitForElementVisible: Object 'Object Repository/ADMIN/Categories/Category/label_edit popup' is visible

2019-05-27 09:34:39 - [MESSAGE][WARNING] - Timeout '0' is invalid. Using default page load timeout: '30'

2019-05-27 09:34:40 - [MESSAGE][PASSED] - Object 'Object Repository/ADMIN/Categories/Category/label_edit popup' is visible

2019-05-27 09:34:40 - [TEST_STEP][PASSED] - waitForElementNotPresent: Web element with id: 'Object Repository/ADMIN/Categories/Category/label_edit popup' located by 'By.xpath: //div[(text() = 'Category was successfully saved.' or . = 'Category was successfully saved.')]' is not present after '30' second(s)

2019-05-27 09:34:40 - [MESSAGE][WARNING] - Timeout '0' is invalid. Using default page load timeout: '30'

2019-05-27 09:34:46 - [MESSAGE][PASSED] - Web element with id: 'Object Repository/ADMIN/Categories/Category/label_edit popup' located by 'By.xpath: //div[(text() = 'Category was successfully saved.' or . = 'Category was successfully saved.')]' is not present after '30' second(s)]]></system-out>
         <system-err><![CDATA[]]></system-err>
      </testcase>
      <testcase name="Test Cases/ADMIN/Content Mgmt/Categories/Category Add-Edit/Add Category" classname="Test Cases/ADMIN/Content Mgmt/Categories/Category Add-Edit/Add Category" status="FAILED">
         <failure type="FAILED" message="Unable to wait for object 'Object Repository/ADMIN/Categories/Category/button_upload save' to be visible (Root cause: org.openqa.selenium.StaleElementReferenceException: stale element reference: element is not attached to the page document
  (Session info: chrome=74.0.3729.169)
  (Driver info: chromedriver=2.35.528161 (5b82f2d2aae0ca24b877009200ced9065a772e73),platform=Windows NT 6.1.7601 SP1 x86_64) (WARNING: The server did not provide any stacktrace information)
Command duration or timeout: 0 milliseconds
For documentation on this error, please visit: http://seleniumhq.org/exceptions/stale_element_reference.html
Build info: version: '3.7.1', revision: '8a0099a', time: '2017-11-06T21:07:36.161Z'
System info: host: 'ARCADIER-PC', ip: '10.10.31.95', os.name: 'Windows 7', os.arch: 'amd64', os.version: '6.1', java.version: '1.8.0_102'
Driver info: com.kms.katalon.core.webui.driver.ExistingRemoteWebDriver
Capabilities {javascriptEnabled: true, platform: ANY, platformName: ANY}
Session ID: f912d58d04e0ea049492dcdbe1240f08)"/>
         <system-out><![CDATA[2019-05-27 09:34:46 - [TEST_CASE][FAILED] - Test Cases/ADMIN/Content Mgmt/Categories/Category Add-Edit/Add Category: Test Cases/ADMIN/Content Mgmt/Categories/Category Add-Edit/Add Category FAILED because (of) Unable to wait for object 'Object Repository/ADMIN/Categories/Category/button_upload save' to be visible (Root cause: org.openqa.selenium.StaleElementReferenceException: stale element reference: element is not attached to the page document
  (Session info: chrome=74.0.3729.169)
  (Driver info: chromedriver=2.35.528161 (5b82f2d2aae0ca24b877009200ced9065a772e73),platform=Windows NT 6.1.7601 SP1 x86_64) (WARNING: The server did not provide any stacktrace information)
Command duration or timeout: 0 milliseconds
For documentation on this error, please visit: http://seleniumhq.org/exceptions/stale_element_reference.html
Build info: version: '3.7.1', revision: '8a0099a', time: '2017-11-06T21:07:36.161Z'
System info: host: 'ARCADIER-PC', ip: '10.10.31.95', os.name: 'Windows 7', os.arch: 'amd64', os.version: '6.1', java.version: '1.8.0_102'
Driver info: com.kms.katalon.core.webui.driver.ExistingRemoteWebDriver
Capabilities {javascriptEnabled: true, platform: ANY, platformName: ANY}
Session ID: f912d58d04e0ea049492dcdbe1240f08)

2019-05-27 09:34:46 - [TEST_STEP][PASSED] - waitForElementVisible: Object 'Object Repository/ADMIN/Categories/Category List/button_Content Mgmt' is visible

2019-05-27 09:34:46 - [MESSAGE][WARNING] - Timeout '0' is invalid. Using default page load timeout: '30'

2019-05-27 09:34:46 - [MESSAGE][PASSED] - Object 'Object Repository/ADMIN/Categories/Category List/button_Content Mgmt' is visible

2019-05-27 09:34:46 - [TEST_STEP][PASSED] - click: Object: 'Object Repository/ADMIN/Categories/Category List/button_Content Mgmt' is clicked on

2019-05-27 09:34:46 - [MESSAGE][PASSED] - Object: 'Object Repository/ADMIN/Categories/Category List/button_Content Mgmt' is clicked on

2019-05-27 09:34:46 - [TEST_STEP][PASSED] - waitForElementVisible: Object 'Object Repository/ADMIN/Categories/Category List/button_Categories' is visible

2019-05-27 09:34:46 - [MESSAGE][WARNING] - Timeout '0' is invalid. Using default page load timeout: '30'

2019-05-27 09:34:47 - [MESSAGE][PASSED] - Object 'Object Repository/ADMIN/Categories/Category List/button_Categories' is visible

2019-05-27 09:34:47 - [TEST_STEP][PASSED] - click: Object: 'Object Repository/ADMIN/Categories/Category List/button_Categories' is clicked on

2019-05-27 09:34:48 - [MESSAGE][PASSED] - Object: 'Object Repository/ADMIN/Categories/Category List/button_Categories' is clicked on

2019-05-27 09:34:48 - [TEST_STEP][PASSED] - waitForPageLoad: Wait for page load successfully

2019-05-27 09:34:48 - [MESSAGE][WARNING] - Timeout '0' is invalid. Using default page load timeout: '30'

2019-05-27 09:34:49 - [MESSAGE][PASSED] - Wait for page load successfully

2019-05-27 09:34:49 - [TEST_STEP][PASSED] - click: Object: 'Object Repository/ADMIN/Categories/Category List/button_Add a Category' is clicked on

2019-05-27 09:34:49 - [MESSAGE][PASSED] - Object: 'Object Repository/ADMIN/Categories/Category List/button_Add a Category' is clicked on

2019-05-27 09:34:49 - [TEST_STEP][PASSED] - waitForElementPresent: Object 'Object Repository/ADMIN/Categories/Category/dropdown_Parent' is present

2019-05-27 09:34:49 - [MESSAGE][PASSED] - Object 'Object Repository/ADMIN/Categories/Category/dropdown_Parent' is present

2019-05-27 09:34:49 - [TEST_STEP][PASSED] - delay: Delayed 1 second(s)

2019-05-27 09:34:50 - [MESSAGE][PASSED] - Delayed 1 second(s)

2019-05-27 09:34:50 - [TEST_STEP][PASSED] - setText: Text 'Category 2.5' is set on object 'Object Repository/ADMIN/Categories/Category/textfield_Category Name'

2019-05-27 09:34:51 - [MESSAGE][PASSED] - Text 'Category 2.5' is set on object 'Object Repository/ADMIN/Categories/Category/textfield_Category Name'

2019-05-27 09:34:51 - [TEST_STEP][PASSED] - click: Object: 'Object Repository/ADMIN/Categories/Category/dropdown_Parent' is clicked on

2019-05-27 09:34:51 - [MESSAGE][PASSED] - Object: 'Object Repository/ADMIN/Categories/Category/dropdown_Parent' is clicked on

2019-05-27 09:34:51 - [TEST_STEP][PASSED] - delay: Delayed 2 second(s)

2019-05-27 09:34:53 - [MESSAGE][PASSED] - Delayed 2 second(s)

2019-05-27 09:34:53 - [TEST_STEP][PASSED] - click: Object: 'Object Repository/ADMIN/Categories/Category/dropdown_Parent' is clicked on

2019-05-27 09:34:53 - [MESSAGE][PASSED] - Object: 'Object Repository/ADMIN/Categories/Category/dropdown_Parent' is clicked on

2019-05-27 09:34:53 - [TEST_STEP][PASSED] - selectOptionByLabel: All options with label 'Category 2' are selected in object 'Object Repository/ADMIN/Categories/Category/dropdown_Parent' 

2019-05-27 09:34:53 - [MESSAGE][PASSED] - All options with label 'Category 2' are selected in object 'Object Repository/ADMIN/Categories/Category/dropdown_Parent' 

2019-05-27 09:34:53 - [TEST_STEP][PASSED] - click: Object: 'Object Repository/ADMIN/Categories/Category/button_Browse' is clicked on

2019-05-27 09:34:53 - [MESSAGE][PASSED] - Object: 'Object Repository/ADMIN/Categories/Category/button_Browse' is clicked on

2019-05-27 09:34:53 - [TEST_STEP][PASSED] - delay: Delayed 2 second(s)

2019-05-27 09:34:55 - [MESSAGE][PASSED] - Delayed 2 second(s)

2019-05-27 09:34:55 - [TEST_STEP][PASSED] - uploadFile: File 'C:\\Katalon\\Image\\pic2.jpg' sent to object: 'Object Repository/ADMIN/Categories/Category/image_input image'

2019-05-27 09:34:56 - [MESSAGE][PASSED] - File 'C:\\Katalon\\Image\\pic2.jpg' sent to object: 'Object Repository/ADMIN/Categories/Category/image_input image'

2019-05-27 09:34:56 - [TEST_STEP][PASSED] - waitForElementVisible: Object 'Object Repository/ADMIN/Categories/Category/button_upload check' is visible

2019-05-27 09:34:56 - [MESSAGE][WARNING] - Timeout '0' is invalid. Using default page load timeout: '30'

2019-05-27 09:34:56 - [MESSAGE][PASSED] - Object 'Object Repository/ADMIN/Categories/Category/button_upload check' is visible

2019-05-27 09:34:56 - [TEST_STEP][PASSED] - click: Object: 'Object Repository/ADMIN/Categories/Category/button_upload check' is clicked on

2019-05-27 09:34:56 - [MESSAGE][PASSED] - Object: 'Object Repository/ADMIN/Categories/Category/button_upload check' is clicked on

2019-05-27 09:34:56 - [TEST_STEP][PASSED] - click: Object: 'Object Repository/ADMIN/Categories/Category/button_upload save' is clicked on

2019-05-27 09:34:56 - [MESSAGE][PASSED] - Object: 'Object Repository/ADMIN/Categories/Category/button_upload save' is clicked on

2019-05-27 09:34:56 - [TEST_STEP][FAILED] - waitForElementVisible: Unable to wait for object 'Object Repository/ADMIN/Categories/Category/button_upload save' to be visible (Root cause: org.openqa.selenium.StaleElementReferenceException: stale element reference: element is not attached to the page document
  (Session info: chrome=74.0.3729.169)
  (Driver info: chromedriver=2.35.528161 (5b82f2d2aae0ca24b877009200ced9065a772e73),platform=Windows NT 6.1.7601 SP1 x86_64) (WARNING: The server did not provide any stacktrace information)
Command duration or timeout: 0 milliseconds
For documentation on this error, please visit: http://seleniumhq.org/exceptions/stale_element_reference.html
Build info: version: '3.7.1', revision: '8a0099a', time: '2017-11-06T21:07:36.161Z'
System info: host: 'ARCADIER-PC', ip: '10.10.31.95', os.name: 'Windows 7', os.arch: 'amd64', os.version: '6.1', java.version: '1.8.0_102'
Driver info: com.kms.katalon.core.webui.driver.ExistingRemoteWebDriver
Capabilities {javascriptEnabled: true, platform: ANY, platformName: ANY}
Session ID: f912d58d04e0ea049492dcdbe1240f08)

2019-05-27 09:34:56 - [MESSAGE][WARNING] - Timeout '0' is invalid. Using default page load timeout: '30'

2019-05-27 09:34:57 - [MESSAGE][FAILED] - Unable to wait for object 'Object Repository/ADMIN/Categories/Category/button_upload save' to be visible (Root cause: org.openqa.selenium.StaleElementReferenceException: stale element reference: element is not attached to the page document
  (Session info: chrome=74.0.3729.169)
  (Driver info: chromedriver=2.35.528161 (5b82f2d2aae0ca24b877009200ced9065a772e73),platform=Windows NT 6.1.7601 SP1 x86_64) (WARNING: The server did not provide any stacktrace information)
Command duration or timeout: 0 milliseconds
For documentation on this error, please visit: http://seleniumhq.org/exceptions/stale_element_reference.html
Build info: version: '3.7.1', revision: '8a0099a', time: '2017-11-06T21:07:36.161Z'
System info: host: 'ARCADIER-PC', ip: '10.10.31.95', os.name: 'Windows 7', os.arch: 'amd64', os.version: '6.1', java.version: '1.8.0_102'
Driver info: com.kms.katalon.core.webui.driver.ExistingRemoteWebDriver
Capabilities {javascriptEnabled: true, platform: ANY, platformName: ANY}
Session ID: f912d58d04e0ea049492dcdbe1240f08)
[[ATTACHMENT|C:\\Users\\Arcadier\\git\\Arctick\\Reports\\Suites\\Admin Category\\20190527_092604\\1558920897118.png]]

2019-05-27 09:34:57 - [TEST_STEP][PASSED] - setText: Text 'Description27' is set on object 'Object Repository/ADMIN/Categories/Category/textfield_category_description'

2019-05-27 09:34:58 - [MESSAGE][PASSED] - Text 'Description27' is set on object 'Object Repository/ADMIN/Categories/Category/textfield_category_description'

2019-05-27 09:34:58 - [TEST_STEP][PASSED] - click: Object: 'Object Repository/ADMIN/Categories/Category/button_Save' is clicked on

2019-05-27 09:34:58 - [MESSAGE][PASSED] - Object: 'Object Repository/ADMIN/Categories/Category/button_Save' is clicked on

2019-05-27 09:34:58 - [TEST_STEP][PASSED] - waitForElementVisible: Object 'Object Repository/ADMIN/Categories/Category/label_edit popup' is visible

2019-05-27 09:34:58 - [MESSAGE][WARNING] - Timeout '0' is invalid. Using default page load timeout: '30'

2019-05-27 09:34:58 - [MESSAGE][PASSED] - Object 'Object Repository/ADMIN/Categories/Category/label_edit popup' is visible

2019-05-27 09:34:58 - [TEST_STEP][PASSED] - waitForElementNotPresent: Web element with id: 'Object Repository/ADMIN/Categories/Category/label_edit popup' located by 'By.xpath: //div[(text() = 'Category was successfully saved.' or . = 'Category was successfully saved.')]' is not present after '30' second(s)

2019-05-27 09:34:58 - [MESSAGE][WARNING] - Timeout '0' is invalid. Using default page load timeout: '30'

2019-05-27 09:35:04 - [MESSAGE][PASSED] - Web element with id: 'Object Repository/ADMIN/Categories/Category/label_edit popup' located by 'By.xpath: //div[(text() = 'Category was successfully saved.' or . = 'Category was successfully saved.')]' is not present after '30' second(s)]]></system-out>
         <system-err><![CDATA[2019-05-27 09:34:46 - [TEST_CASE][FAILED] - Test Cases/ADMIN/Content Mgmt/Categories/Category Add-Edit/Add Category: Test Cases/ADMIN/Content Mgmt/Categories/Category Add-Edit/Add Category FAILED because (of) Unable to wait for object 'Object Repository/ADMIN/Categories/Category/button_upload save' to be visible (Root cause: org.openqa.selenium.StaleElementReferenceException: stale element reference: element is not attached to the page document
  (Session info: chrome=74.0.3729.169)
  (Driver info: chromedriver=2.35.528161 (5b82f2d2aae0ca24b877009200ced9065a772e73),platform=Windows NT 6.1.7601 SP1 x86_64) (WARNING: The server did not provide any stacktrace information)
Command duration or timeout: 0 milliseconds
For documentation on this error, please visit: http://seleniumhq.org/exceptions/stale_element_reference.html
Build info: version: '3.7.1', revision: '8a0099a', time: '2017-11-06T21:07:36.161Z'
System info: host: 'ARCADIER-PC', ip: '10.10.31.95', os.name: 'Windows 7', os.arch: 'amd64', os.version: '6.1', java.version: '1.8.0_102'
Driver info: com.kms.katalon.core.webui.driver.ExistingRemoteWebDriver
Capabilities {javascriptEnabled: true, platform: ANY, platformName: ANY}
Session ID: f912d58d04e0ea049492dcdbe1240f08)]]></system-err>
      </testcase>
      <testcase name="Test Cases/ADMIN/Content Mgmt/Categories/Category Add-Edit/Add Category" classname="Test Cases/ADMIN/Content Mgmt/Categories/Category Add-Edit/Add Category" status="FAILED">
         <failure type="FAILED" message="Unable to click on object 'Object Repository/ADMIN/Categories/Category List/button_Categories' (Root cause: org.openqa.selenium.ElementNotVisibleException: element not visible
  (Session info: chrome=74.0.3729.169)
  (Driver info: chromedriver=2.35.528161 (5b82f2d2aae0ca24b877009200ced9065a772e73),platform=Windows NT 6.1.7601 SP1 x86_64) (WARNING: The server did not provide any stacktrace information)
Command duration or timeout: 0 milliseconds
Build info: version: '3.7.1', revision: '8a0099a', time: '2017-11-06T21:07:36.161Z'
System info: host: 'ARCADIER-PC', ip: '10.10.31.95', os.name: 'Windows 7', os.arch: 'amd64', os.version: '6.1', java.version: '1.8.0_102'
Driver info: com.kms.katalon.core.webui.driver.ExistingRemoteWebDriver
Capabilities {javascriptEnabled: true, platform: ANY, platformName: ANY}
Session ID: f912d58d04e0ea049492dcdbe1240f08)"/>
         <system-out><![CDATA[2019-05-27 09:35:04 - [TEST_CASE][FAILED] - Test Cases/ADMIN/Content Mgmt/Categories/Category Add-Edit/Add Category: Test Cases/ADMIN/Content Mgmt/Categories/Category Add-Edit/Add Category FAILED because (of) Unable to click on object 'Object Repository/ADMIN/Categories/Category List/button_Categories' (Root cause: org.openqa.selenium.ElementNotVisibleException: element not visible
  (Session info: chrome=74.0.3729.169)
  (Driver info: chromedriver=2.35.528161 (5b82f2d2aae0ca24b877009200ced9065a772e73),platform=Windows NT 6.1.7601 SP1 x86_64) (WARNING: The server did not provide any stacktrace information)
Command duration or timeout: 0 milliseconds
Build info: version: '3.7.1', revision: '8a0099a', time: '2017-11-06T21:07:36.161Z'
System info: host: 'ARCADIER-PC', ip: '10.10.31.95', os.name: 'Windows 7', os.arch: 'amd64', os.version: '6.1', java.version: '1.8.0_102'
Driver info: com.kms.katalon.core.webui.driver.ExistingRemoteWebDriver
Capabilities {javascriptEnabled: true, platform: ANY, platformName: ANY}
Session ID: f912d58d04e0ea049492dcdbe1240f08)

2019-05-27 09:35:04 - [TEST_STEP][PASSED] - waitForElementVisible: Object 'Object Repository/ADMIN/Categories/Category List/button_Content Mgmt' is visible

2019-05-27 09:35:04 - [MESSAGE][WARNING] - Timeout '0' is invalid. Using default page load timeout: '30'

2019-05-27 09:35:05 - [MESSAGE][PASSED] - Object 'Object Repository/ADMIN/Categories/Category List/button_Content Mgmt' is visible

2019-05-27 09:35:05 - [TEST_STEP][PASSED] - click: Object: 'Object Repository/ADMIN/Categories/Category List/button_Content Mgmt' is clicked on

2019-05-27 09:35:05 - [MESSAGE][PASSED] - Object: 'Object Repository/ADMIN/Categories/Category List/button_Content Mgmt' is clicked on

2019-05-27 09:35:05 - [TEST_STEP][PASSED] - waitForElementVisible: Object 'Object Repository/ADMIN/Categories/Category List/button_Categories' is visible

2019-05-27 09:35:05 - [MESSAGE][WARNING] - Timeout '0' is invalid. Using default page load timeout: '30'

2019-05-27 09:35:05 - [MESSAGE][PASSED] - Object 'Object Repository/ADMIN/Categories/Category List/button_Categories' is visible

2019-05-27 09:35:05 - [TEST_STEP][FAILED] - click: Unable to click on object 'Object Repository/ADMIN/Categories/Category List/button_Categories' (Root cause: org.openqa.selenium.ElementNotVisibleException: element not visible
  (Session info: chrome=74.0.3729.169)
  (Driver info: chromedriver=2.35.528161 (5b82f2d2aae0ca24b877009200ced9065a772e73),platform=Windows NT 6.1.7601 SP1 x86_64) (WARNING: The server did not provide any stacktrace information)
Command duration or timeout: 0 milliseconds
Build info: version: '3.7.1', revision: '8a0099a', time: '2017-11-06T21:07:36.161Z'
System info: host: 'ARCADIER-PC', ip: '10.10.31.95', os.name: 'Windows 7', os.arch: 'amd64', os.version: '6.1', java.version: '1.8.0_102'
Driver info: com.kms.katalon.core.webui.driver.ExistingRemoteWebDriver
Capabilities {javascriptEnabled: true, platform: ANY, platformName: ANY}
Session ID: f912d58d04e0ea049492dcdbe1240f08)

2019-05-27 09:35:05 - [MESSAGE][FAILED] - Unable to click on object 'Object Repository/ADMIN/Categories/Category List/button_Categories' (Root cause: org.openqa.selenium.ElementNotVisibleException: element not visible
  (Session info: chrome=74.0.3729.169)
  (Driver info: chromedriver=2.35.528161 (5b82f2d2aae0ca24b877009200ced9065a772e73),platform=Windows NT 6.1.7601 SP1 x86_64) (WARNING: The server did not provide any stacktrace information)
Command duration or timeout: 0 milliseconds
Build info: version: '3.7.1', revision: '8a0099a', time: '2017-11-06T21:07:36.161Z'
System info: host: 'ARCADIER-PC', ip: '10.10.31.95', os.name: 'Windows 7', os.arch: 'amd64', os.version: '6.1', java.version: '1.8.0_102'
Driver info: com.kms.katalon.core.webui.driver.ExistingRemoteWebDriver
Capabilities {javascriptEnabled: true, platform: ANY, platformName: ANY}
Session ID: f912d58d04e0ea049492dcdbe1240f08)
[[ATTACHMENT|C:\\Users\\Arcadier\\git\\Arctick\\Reports\\Suites\\Admin Category\\20190527_092604\\1558920905389.png]]

2019-05-27 09:35:05 - [TEST_STEP][PASSED] - waitForPageLoad: Wait for page load successfully

2019-05-27 09:35:05 - [MESSAGE][WARNING] - Timeout '0' is invalid. Using default page load timeout: '30'

2019-05-27 09:35:05 - [MESSAGE][PASSED] - Wait for page load successfully

2019-05-27 09:35:05 - [TEST_STEP][PASSED] - click: Object: 'Object Repository/ADMIN/Categories/Category List/button_Add a Category' is clicked on

2019-05-27 09:35:06 - [MESSAGE][PASSED] - Object: 'Object Repository/ADMIN/Categories/Category List/button_Add a Category' is clicked on

2019-05-27 09:35:06 - [TEST_STEP][PASSED] - waitForElementPresent: Object 'Object Repository/ADMIN/Categories/Category/dropdown_Parent' is present

2019-05-27 09:35:06 - [MESSAGE][PASSED] - Object 'Object Repository/ADMIN/Categories/Category/dropdown_Parent' is present

2019-05-27 09:35:06 - [TEST_STEP][PASSED] - delay: Delayed 1 second(s)

2019-05-27 09:35:07 - [MESSAGE][PASSED] - Delayed 1 second(s)

2019-05-27 09:35:07 - [TEST_STEP][PASSED] - setText: Text 'Category 2.6' is set on object 'Object Repository/ADMIN/Categories/Category/textfield_Category Name'

2019-05-27 09:35:07 - [MESSAGE][PASSED] - Text 'Category 2.6' is set on object 'Object Repository/ADMIN/Categories/Category/textfield_Category Name'

2019-05-27 09:35:07 - [TEST_STEP][PASSED] - click: Object: 'Object Repository/ADMIN/Categories/Category/dropdown_Parent' is clicked on

2019-05-27 09:35:07 - [MESSAGE][PASSED] - Object: 'Object Repository/ADMIN/Categories/Category/dropdown_Parent' is clicked on

2019-05-27 09:35:07 - [TEST_STEP][PASSED] - delay: Delayed 2 second(s)

2019-05-27 09:35:09 - [MESSAGE][PASSED] - Delayed 2 second(s)

2019-05-27 09:35:09 - [TEST_STEP][PASSED] - click: Object: 'Object Repository/ADMIN/Categories/Category/dropdown_Parent' is clicked on

2019-05-27 09:35:09 - [MESSAGE][PASSED] - Object: 'Object Repository/ADMIN/Categories/Category/dropdown_Parent' is clicked on

2019-05-27 09:35:09 - [TEST_STEP][PASSED] - selectOptionByLabel: All options with label 'Category 2' are selected in object 'Object Repository/ADMIN/Categories/Category/dropdown_Parent' 

2019-05-27 09:35:10 - [MESSAGE][PASSED] - All options with label 'Category 2' are selected in object 'Object Repository/ADMIN/Categories/Category/dropdown_Parent' 

2019-05-27 09:35:10 - [TEST_STEP][PASSED] - click: Object: 'Object Repository/ADMIN/Categories/Category/button_Browse' is clicked on

2019-05-27 09:35:10 - [MESSAGE][PASSED] - Object: 'Object Repository/ADMIN/Categories/Category/button_Browse' is clicked on

2019-05-27 09:35:10 - [TEST_STEP][PASSED] - delay: Delayed 2 second(s)

2019-05-27 09:35:12 - [MESSAGE][PASSED] - Delayed 2 second(s)

2019-05-27 09:35:12 - [TEST_STEP][PASSED] - uploadFile: File 'C:\\Katalon\\Image\\pic3.jpg' sent to object: 'Object Repository/ADMIN/Categories/Category/image_input image'

2019-05-27 09:35:12 - [MESSAGE][PASSED] - File 'C:\\Katalon\\Image\\pic3.jpg' sent to object: 'Object Repository/ADMIN/Categories/Category/image_input image'

2019-05-27 09:35:12 - [TEST_STEP][PASSED] - waitForElementVisible: Object 'Object Repository/ADMIN/Categories/Category/button_upload check' is visible

2019-05-27 09:35:12 - [MESSAGE][WARNING] - Timeout '0' is invalid. Using default page load timeout: '30'

2019-05-27 09:35:12 - [MESSAGE][PASSED] - Object 'Object Repository/ADMIN/Categories/Category/button_upload check' is visible

2019-05-27 09:35:12 - [TEST_STEP][PASSED] - click: Object: 'Object Repository/ADMIN/Categories/Category/button_upload check' is clicked on

2019-05-27 09:35:12 - [MESSAGE][PASSED] - Object: 'Object Repository/ADMIN/Categories/Category/button_upload check' is clicked on

2019-05-27 09:35:12 - [TEST_STEP][PASSED] - click: Object: 'Object Repository/ADMIN/Categories/Category/button_upload save' is clicked on

2019-05-27 09:35:13 - [MESSAGE][PASSED] - Object: 'Object Repository/ADMIN/Categories/Category/button_upload save' is clicked on

2019-05-27 09:35:13 - [TEST_STEP][FAILED] - waitForElementVisible: Unable to wait for object 'Object Repository/ADMIN/Categories/Category/button_upload save' to be visible (Root cause: org.openqa.selenium.StaleElementReferenceException: stale element reference: element is not attached to the page document
  (Session info: chrome=74.0.3729.169)
  (Driver info: chromedriver=2.35.528161 (5b82f2d2aae0ca24b877009200ced9065a772e73),platform=Windows NT 6.1.7601 SP1 x86_64) (WARNING: The server did not provide any stacktrace information)
Command duration or timeout: 0 milliseconds
For documentation on this error, please visit: http://seleniumhq.org/exceptions/stale_element_reference.html
Build info: version: '3.7.1', revision: '8a0099a', time: '2017-11-06T21:07:36.161Z'
System info: host: 'ARCADIER-PC', ip: '10.10.31.95', os.name: 'Windows 7', os.arch: 'amd64', os.version: '6.1', java.version: '1.8.0_102'
Driver info: com.kms.katalon.core.webui.driver.ExistingRemoteWebDriver
Capabilities {javascriptEnabled: true, platform: ANY, platformName: ANY}
Session ID: f912d58d04e0ea049492dcdbe1240f08)

2019-05-27 09:35:13 - [MESSAGE][WARNING] - Timeout '0' is invalid. Using default page load timeout: '30'

2019-05-27 09:35:14 - [MESSAGE][FAILED] - Unable to wait for object 'Object Repository/ADMIN/Categories/Category/button_upload save' to be visible (Root cause: org.openqa.selenium.StaleElementReferenceException: stale element reference: element is not attached to the page document
  (Session info: chrome=74.0.3729.169)
  (Driver info: chromedriver=2.35.528161 (5b82f2d2aae0ca24b877009200ced9065a772e73),platform=Windows NT 6.1.7601 SP1 x86_64) (WARNING: The server did not provide any stacktrace information)
Command duration or timeout: 0 milliseconds
For documentation on this error, please visit: http://seleniumhq.org/exceptions/stale_element_reference.html
Build info: version: '3.7.1', revision: '8a0099a', time: '2017-11-06T21:07:36.161Z'
System info: host: 'ARCADIER-PC', ip: '10.10.31.95', os.name: 'Windows 7', os.arch: 'amd64', os.version: '6.1', java.version: '1.8.0_102'
Driver info: com.kms.katalon.core.webui.driver.ExistingRemoteWebDriver
Capabilities {javascriptEnabled: true, platform: ANY, platformName: ANY}
Session ID: f912d58d04e0ea049492dcdbe1240f08)
[[ATTACHMENT|C:\\Users\\Arcadier\\git\\Arctick\\Reports\\Suites\\Admin Category\\20190527_092604\\1558920914065.png]]

2019-05-27 09:35:14 - [TEST_STEP][PASSED] - setText: Text 'Description28' is set on object 'Object Repository/ADMIN/Categories/Category/textfield_category_description'

2019-05-27 09:35:14 - [MESSAGE][PASSED] - Text 'Description28' is set on object 'Object Repository/ADMIN/Categories/Category/textfield_category_description'

2019-05-27 09:35:14 - [TEST_STEP][PASSED] - click: Object: 'Object Repository/ADMIN/Categories/Category/button_Save' is clicked on

2019-05-27 09:35:14 - [MESSAGE][PASSED] - Object: 'Object Repository/ADMIN/Categories/Category/button_Save' is clicked on

2019-05-27 09:35:14 - [TEST_STEP][PASSED] - waitForElementVisible: Object 'Object Repository/ADMIN/Categories/Category/label_edit popup' is visible

2019-05-27 09:35:14 - [MESSAGE][WARNING] - Timeout '0' is invalid. Using default page load timeout: '30'

2019-05-27 09:35:15 - [MESSAGE][PASSED] - Object 'Object Repository/ADMIN/Categories/Category/label_edit popup' is visible

2019-05-27 09:35:15 - [TEST_STEP][PASSED] - waitForElementNotPresent: Web element with id: 'Object Repository/ADMIN/Categories/Category/label_edit popup' located by 'By.xpath: //div[(text() = 'Category was successfully saved.' or . = 'Category was successfully saved.')]' is not present after '30' second(s)

2019-05-27 09:35:15 - [MESSAGE][WARNING] - Timeout '0' is invalid. Using default page load timeout: '30'

2019-05-27 09:35:21 - [MESSAGE][PASSED] - Web element with id: 'Object Repository/ADMIN/Categories/Category/label_edit popup' located by 'By.xpath: //div[(text() = 'Category was successfully saved.' or . = 'Category was successfully saved.')]' is not present after '30' second(s)]]></system-out>
         <system-err><![CDATA[2019-05-27 09:35:04 - [TEST_CASE][FAILED] - Test Cases/ADMIN/Content Mgmt/Categories/Category Add-Edit/Add Category: Test Cases/ADMIN/Content Mgmt/Categories/Category Add-Edit/Add Category FAILED because (of) Unable to click on object 'Object Repository/ADMIN/Categories/Category List/button_Categories' (Root cause: org.openqa.selenium.ElementNotVisibleException: element not visible
  (Session info: chrome=74.0.3729.169)
  (Driver info: chromedriver=2.35.528161 (5b82f2d2aae0ca24b877009200ced9065a772e73),platform=Windows NT 6.1.7601 SP1 x86_64) (WARNING: The server did not provide any stacktrace information)
Command duration or timeout: 0 milliseconds
Build info: version: '3.7.1', revision: '8a0099a', time: '2017-11-06T21:07:36.161Z'
System info: host: 'ARCADIER-PC', ip: '10.10.31.95', os.name: 'Windows 7', os.arch: 'amd64', os.version: '6.1', java.version: '1.8.0_102'
Driver info: com.kms.katalon.core.webui.driver.ExistingRemoteWebDriver
Capabilities {javascriptEnabled: true, platform: ANY, platformName: ANY}
Session ID: f912d58d04e0ea049492dcdbe1240f08)]]></system-err>
      </testcase>
      <testcase name="Test Cases/ADMIN/Content Mgmt/Categories/Category Add-Edit/Add Category" classname="Test Cases/ADMIN/Content Mgmt/Categories/Category Add-Edit/Add Category" status="FAILED">
         <failure type="FAILED" message="Unable to wait for object 'Object Repository/ADMIN/Categories/Category/button_upload save' to be visible (Root cause: org.openqa.selenium.StaleElementReferenceException: stale element reference: element is not attached to the page document
  (Session info: chrome=74.0.3729.169)
  (Driver info: chromedriver=2.35.528161 (5b82f2d2aae0ca24b877009200ced9065a772e73),platform=Windows NT 6.1.7601 SP1 x86_64) (WARNING: The server did not provide any stacktrace information)
Command duration or timeout: 0 milliseconds
For documentation on this error, please visit: http://seleniumhq.org/exceptions/stale_element_reference.html
Build info: version: '3.7.1', revision: '8a0099a', time: '2017-11-06T21:07:36.161Z'
System info: host: 'ARCADIER-PC', ip: '10.10.31.95', os.name: 'Windows 7', os.arch: 'amd64', os.version: '6.1', java.version: '1.8.0_102'
Driver info: com.kms.katalon.core.webui.driver.ExistingRemoteWebDriver
Capabilities {javascriptEnabled: true, platform: ANY, platformName: ANY}
Session ID: f912d58d04e0ea049492dcdbe1240f08)"/>
         <system-out><![CDATA[2019-05-27 09:35:21 - [TEST_CASE][FAILED] - Test Cases/ADMIN/Content Mgmt/Categories/Category Add-Edit/Add Category: Test Cases/ADMIN/Content Mgmt/Categories/Category Add-Edit/Add Category FAILED because (of) Unable to wait for object 'Object Repository/ADMIN/Categories/Category/button_upload save' to be visible (Root cause: org.openqa.selenium.StaleElementReferenceException: stale element reference: element is not attached to the page document
  (Session info: chrome=74.0.3729.169)
  (Driver info: chromedriver=2.35.528161 (5b82f2d2aae0ca24b877009200ced9065a772e73),platform=Windows NT 6.1.7601 SP1 x86_64) (WARNING: The server did not provide any stacktrace information)
Command duration or timeout: 0 milliseconds
For documentation on this error, please visit: http://seleniumhq.org/exceptions/stale_element_reference.html
Build info: version: '3.7.1', revision: '8a0099a', time: '2017-11-06T21:07:36.161Z'
System info: host: 'ARCADIER-PC', ip: '10.10.31.95', os.name: 'Windows 7', os.arch: 'amd64', os.version: '6.1', java.version: '1.8.0_102'
Driver info: com.kms.katalon.core.webui.driver.ExistingRemoteWebDriver
Capabilities {javascriptEnabled: true, platform: ANY, platformName: ANY}
Session ID: f912d58d04e0ea049492dcdbe1240f08)

2019-05-27 09:35:21 - [TEST_STEP][PASSED] - waitForElementVisible: Object 'Object Repository/ADMIN/Categories/Category List/button_Content Mgmt' is visible

2019-05-27 09:35:21 - [MESSAGE][WARNING] - Timeout '0' is invalid. Using default page load timeout: '30'

2019-05-27 09:35:21 - [MESSAGE][PASSED] - Object 'Object Repository/ADMIN/Categories/Category List/button_Content Mgmt' is visible

2019-05-27 09:35:21 - [TEST_STEP][PASSED] - click: Object: 'Object Repository/ADMIN/Categories/Category List/button_Content Mgmt' is clicked on

2019-05-27 09:35:22 - [MESSAGE][PASSED] - Object: 'Object Repository/ADMIN/Categories/Category List/button_Content Mgmt' is clicked on

2019-05-27 09:35:22 - [TEST_STEP][PASSED] - waitForElementVisible: Object 'Object Repository/ADMIN/Categories/Category List/button_Categories' is visible

2019-05-27 09:35:22 - [MESSAGE][WARNING] - Timeout '0' is invalid. Using default page load timeout: '30'

2019-05-27 09:35:22 - [MESSAGE][PASSED] - Object 'Object Repository/ADMIN/Categories/Category List/button_Categories' is visible

2019-05-27 09:35:22 - [TEST_STEP][PASSED] - click: Object: 'Object Repository/ADMIN/Categories/Category List/button_Categories' is clicked on

2019-05-27 09:35:22 - [MESSAGE][PASSED] - Object: 'Object Repository/ADMIN/Categories/Category List/button_Categories' is clicked on

2019-05-27 09:35:22 - [TEST_STEP][PASSED] - waitForPageLoad: Wait for page load successfully

2019-05-27 09:35:22 - [MESSAGE][WARNING] - Timeout '0' is invalid. Using default page load timeout: '30'

2019-05-27 09:35:22 - [MESSAGE][PASSED] - Wait for page load successfully

2019-05-27 09:35:22 - [TEST_STEP][PASSED] - click: Object: 'Object Repository/ADMIN/Categories/Category List/button_Add a Category' is clicked on

2019-05-27 09:35:22 - [MESSAGE][PASSED] - Object: 'Object Repository/ADMIN/Categories/Category List/button_Add a Category' is clicked on

2019-05-27 09:35:22 - [TEST_STEP][PASSED] - waitForElementPresent: Object 'Object Repository/ADMIN/Categories/Category/dropdown_Parent' is present

2019-05-27 09:35:23 - [MESSAGE][PASSED] - Object 'Object Repository/ADMIN/Categories/Category/dropdown_Parent' is present

2019-05-27 09:35:23 - [TEST_STEP][PASSED] - delay: Delayed 1 second(s)

2019-05-27 09:35:24 - [MESSAGE][PASSED] - Delayed 1 second(s)

2019-05-27 09:35:24 - [TEST_STEP][PASSED] - setText: Text 'Category 2.6.1' is set on object 'Object Repository/ADMIN/Categories/Category/textfield_Category Name'

2019-05-27 09:35:24 - [MESSAGE][PASSED] - Text 'Category 2.6.1' is set on object 'Object Repository/ADMIN/Categories/Category/textfield_Category Name'

2019-05-27 09:35:24 - [TEST_STEP][PASSED] - click: Object: 'Object Repository/ADMIN/Categories/Category/dropdown_Parent' is clicked on

2019-05-27 09:35:24 - [MESSAGE][PASSED] - Object: 'Object Repository/ADMIN/Categories/Category/dropdown_Parent' is clicked on

2019-05-27 09:35:24 - [TEST_STEP][PASSED] - delay: Delayed 2 second(s)

2019-05-27 09:35:26 - [MESSAGE][PASSED] - Delayed 2 second(s)

2019-05-27 09:35:26 - [TEST_STEP][PASSED] - click: Object: 'Object Repository/ADMIN/Categories/Category/dropdown_Parent' is clicked on

2019-05-27 09:35:27 - [MESSAGE][PASSED] - Object: 'Object Repository/ADMIN/Categories/Category/dropdown_Parent' is clicked on

2019-05-27 09:35:27 - [TEST_STEP][PASSED] - selectOptionByLabel: All options with label 'Category 2.6' are selected in object 'Object Repository/ADMIN/Categories/Category/dropdown_Parent' 

2019-05-27 09:35:27 - [MESSAGE][PASSED] - All options with label 'Category 2.6' are selected in object 'Object Repository/ADMIN/Categories/Category/dropdown_Parent' 

2019-05-27 09:35:27 - [TEST_STEP][PASSED] - click: Object: 'Object Repository/ADMIN/Categories/Category/button_Browse' is clicked on

2019-05-27 09:35:27 - [MESSAGE][PASSED] - Object: 'Object Repository/ADMIN/Categories/Category/button_Browse' is clicked on

2019-05-27 09:35:27 - [TEST_STEP][PASSED] - delay: Delayed 2 second(s)

2019-05-27 09:35:29 - [MESSAGE][PASSED] - Delayed 2 second(s)

2019-05-27 09:35:29 - [TEST_STEP][PASSED] - uploadFile: File 'C:\\Katalon\\Image\\pic4.jpg' sent to object: 'Object Repository/ADMIN/Categories/Category/image_input image'

2019-05-27 09:35:29 - [MESSAGE][PASSED] - File 'C:\\Katalon\\Image\\pic4.jpg' sent to object: 'Object Repository/ADMIN/Categories/Category/image_input image'

2019-05-27 09:35:29 - [TEST_STEP][PASSED] - waitForElementVisible: Object 'Object Repository/ADMIN/Categories/Category/button_upload check' is visible

2019-05-27 09:35:29 - [MESSAGE][WARNING] - Timeout '0' is invalid. Using default page load timeout: '30'

2019-05-27 09:35:29 - [MESSAGE][PASSED] - Object 'Object Repository/ADMIN/Categories/Category/button_upload check' is visible

2019-05-27 09:35:29 - [TEST_STEP][PASSED] - click: Object: 'Object Repository/ADMIN/Categories/Category/button_upload check' is clicked on

2019-05-27 09:35:30 - [MESSAGE][PASSED] - Object: 'Object Repository/ADMIN/Categories/Category/button_upload check' is clicked on

2019-05-27 09:35:30 - [TEST_STEP][PASSED] - click: Object: 'Object Repository/ADMIN/Categories/Category/button_upload save' is clicked on

2019-05-27 09:35:30 - [MESSAGE][PASSED] - Object: 'Object Repository/ADMIN/Categories/Category/button_upload save' is clicked on

2019-05-27 09:35:30 - [TEST_STEP][FAILED] - waitForElementVisible: Unable to wait for object 'Object Repository/ADMIN/Categories/Category/button_upload save' to be visible (Root cause: org.openqa.selenium.StaleElementReferenceException: stale element reference: element is not attached to the page document
  (Session info: chrome=74.0.3729.169)
  (Driver info: chromedriver=2.35.528161 (5b82f2d2aae0ca24b877009200ced9065a772e73),platform=Windows NT 6.1.7601 SP1 x86_64) (WARNING: The server did not provide any stacktrace information)
Command duration or timeout: 0 milliseconds
For documentation on this error, please visit: http://seleniumhq.org/exceptions/stale_element_reference.html
Build info: version: '3.7.1', revision: '8a0099a', time: '2017-11-06T21:07:36.161Z'
System info: host: 'ARCADIER-PC', ip: '10.10.31.95', os.name: 'Windows 7', os.arch: 'amd64', os.version: '6.1', java.version: '1.8.0_102'
Driver info: com.kms.katalon.core.webui.driver.ExistingRemoteWebDriver
Capabilities {javascriptEnabled: true, platform: ANY, platformName: ANY}
Session ID: f912d58d04e0ea049492dcdbe1240f08)

2019-05-27 09:35:30 - [MESSAGE][WARNING] - Timeout '0' is invalid. Using default page load timeout: '30'

2019-05-27 09:35:31 - [MESSAGE][FAILED] - Unable to wait for object 'Object Repository/ADMIN/Categories/Category/button_upload save' to be visible (Root cause: org.openqa.selenium.StaleElementReferenceException: stale element reference: element is not attached to the page document
  (Session info: chrome=74.0.3729.169)
  (Driver info: chromedriver=2.35.528161 (5b82f2d2aae0ca24b877009200ced9065a772e73),platform=Windows NT 6.1.7601 SP1 x86_64) (WARNING: The server did not provide any stacktrace information)
Command duration or timeout: 0 milliseconds
For documentation on this error, please visit: http://seleniumhq.org/exceptions/stale_element_reference.html
Build info: version: '3.7.1', revision: '8a0099a', time: '2017-11-06T21:07:36.161Z'
System info: host: 'ARCADIER-PC', ip: '10.10.31.95', os.name: 'Windows 7', os.arch: 'amd64', os.version: '6.1', java.version: '1.8.0_102'
Driver info: com.kms.katalon.core.webui.driver.ExistingRemoteWebDriver
Capabilities {javascriptEnabled: true, platform: ANY, platformName: ANY}
Session ID: f912d58d04e0ea049492dcdbe1240f08)
[[ATTACHMENT|C:\\Users\\Arcadier\\git\\Arctick\\Reports\\Suites\\Admin Category\\20190527_092604\\1558920931230.png]]

2019-05-27 09:35:31 - [TEST_STEP][PASSED] - setText: Text 'Description29' is set on object 'Object Repository/ADMIN/Categories/Category/textfield_category_description'

2019-05-27 09:35:32 - [MESSAGE][PASSED] - Text 'Description29' is set on object 'Object Repository/ADMIN/Categories/Category/textfield_category_description'

2019-05-27 09:35:32 - [TEST_STEP][PASSED] - click: Object: 'Object Repository/ADMIN/Categories/Category/button_Save' is clicked on

2019-05-27 09:35:32 - [MESSAGE][PASSED] - Object: 'Object Repository/ADMIN/Categories/Category/button_Save' is clicked on

2019-05-27 09:35:32 - [TEST_STEP][PASSED] - waitForElementVisible: Object 'Object Repository/ADMIN/Categories/Category/label_edit popup' is visible

2019-05-27 09:35:32 - [MESSAGE][WARNING] - Timeout '0' is invalid. Using default page load timeout: '30'

2019-05-27 09:35:32 - [MESSAGE][PASSED] - Object 'Object Repository/ADMIN/Categories/Category/label_edit popup' is visible

2019-05-27 09:35:32 - [TEST_STEP][PASSED] - waitForElementNotPresent: Web element with id: 'Object Repository/ADMIN/Categories/Category/label_edit popup' located by 'By.xpath: //div[(text() = 'Category was successfully saved.' or . = 'Category was successfully saved.')]' is not present after '30' second(s)

2019-05-27 09:35:32 - [MESSAGE][WARNING] - Timeout '0' is invalid. Using default page load timeout: '30'

2019-05-27 09:35:38 - [MESSAGE][PASSED] - Web element with id: 'Object Repository/ADMIN/Categories/Category/label_edit popup' located by 'By.xpath: //div[(text() = 'Category was successfully saved.' or . = 'Category was successfully saved.')]' is not present after '30' second(s)]]></system-out>
         <system-err><![CDATA[2019-05-27 09:35:21 - [TEST_CASE][FAILED] - Test Cases/ADMIN/Content Mgmt/Categories/Category Add-Edit/Add Category: Test Cases/ADMIN/Content Mgmt/Categories/Category Add-Edit/Add Category FAILED because (of) Unable to wait for object 'Object Repository/ADMIN/Categories/Category/button_upload save' to be visible (Root cause: org.openqa.selenium.StaleElementReferenceException: stale element reference: element is not attached to the page document
  (Session info: chrome=74.0.3729.169)
  (Driver info: chromedriver=2.35.528161 (5b82f2d2aae0ca24b877009200ced9065a772e73),platform=Windows NT 6.1.7601 SP1 x86_64) (WARNING: The server did not provide any stacktrace information)
Command duration or timeout: 0 milliseconds
For documentation on this error, please visit: http://seleniumhq.org/exceptions/stale_element_reference.html
Build info: version: '3.7.1', revision: '8a0099a', time: '2017-11-06T21:07:36.161Z'
System info: host: 'ARCADIER-PC', ip: '10.10.31.95', os.name: 'Windows 7', os.arch: 'amd64', os.version: '6.1', java.version: '1.8.0_102'
Driver info: com.kms.katalon.core.webui.driver.ExistingRemoteWebDriver
Capabilities {javascriptEnabled: true, platform: ANY, platformName: ANY}
Session ID: f912d58d04e0ea049492dcdbe1240f08)]]></system-err>
      </testcase>
      <testcase name="Test Cases/ADMIN/Content Mgmt/Categories/Category Add-Edit/Add Category" classname="Test Cases/ADMIN/Content Mgmt/Categories/Category Add-Edit/Add Category" status="PASSED">
         <system-out><![CDATA[2019-05-27 09:35:38 - [TEST_CASE][PASSED] - Test Cases/ADMIN/Content Mgmt/Categories/Category Add-Edit/Add Category: Test Cases/ADMIN/Content Mgmt/Categories/Category Add-Edit/Add Category

2019-05-27 09:35:38 - [TEST_STEP][PASSED] - waitForElementVisible: Object 'Object Repository/ADMIN/Categories/Category List/button_Content Mgmt' is visible

2019-05-27 09:35:38 - [MESSAGE][WARNING] - Timeout '0' is invalid. Using default page load timeout: '30'

2019-05-27 09:35:39 - [MESSAGE][PASSED] - Object 'Object Repository/ADMIN/Categories/Category List/button_Content Mgmt' is visible

2019-05-27 09:35:39 - [TEST_STEP][PASSED] - click: Object: 'Object Repository/ADMIN/Categories/Category List/button_Content Mgmt' is clicked on

2019-05-27 09:35:39 - [MESSAGE][PASSED] - Object: 'Object Repository/ADMIN/Categories/Category List/button_Content Mgmt' is clicked on

2019-05-27 09:35:39 - [TEST_STEP][PASSED] - waitForElementVisible: Object 'Object Repository/ADMIN/Categories/Category List/button_Categories' is visible

2019-05-27 09:35:39 - [MESSAGE][WARNING] - Timeout '0' is invalid. Using default page load timeout: '30'

2019-05-27 09:35:39 - [MESSAGE][PASSED] - Object 'Object Repository/ADMIN/Categories/Category List/button_Categories' is visible

2019-05-27 09:35:39 - [TEST_STEP][PASSED] - click: Object: 'Object Repository/ADMIN/Categories/Category List/button_Categories' is clicked on

2019-05-27 09:35:41 - [MESSAGE][PASSED] - Object: 'Object Repository/ADMIN/Categories/Category List/button_Categories' is clicked on

2019-05-27 09:35:41 - [TEST_STEP][PASSED] - waitForPageLoad: Wait for page load successfully

2019-05-27 09:35:41 - [MESSAGE][WARNING] - Timeout '0' is invalid. Using default page load timeout: '30'

2019-05-27 09:35:41 - [MESSAGE][PASSED] - Wait for page load successfully

2019-05-27 09:35:41 - [TEST_STEP][PASSED] - click: Object: 'Object Repository/ADMIN/Categories/Category List/button_Add a Category' is clicked on

2019-05-27 09:35:41 - [MESSAGE][PASSED] - Object: 'Object Repository/ADMIN/Categories/Category List/button_Add a Category' is clicked on

2019-05-27 09:35:41 - [TEST_STEP][PASSED] - waitForElementPresent: Object 'Object Repository/ADMIN/Categories/Category/dropdown_Parent' is present

2019-05-27 09:35:42 - [MESSAGE][PASSED] - Object 'Object Repository/ADMIN/Categories/Category/dropdown_Parent' is present

2019-05-27 09:35:42 - [TEST_STEP][PASSED] - delay: Delayed 1 second(s)

2019-05-27 09:35:43 - [MESSAGE][PASSED] - Delayed 1 second(s)

2019-05-27 09:35:43 - [TEST_STEP][PASSED] - setText: Text 'Category 2.6.2' is set on object 'Object Repository/ADMIN/Categories/Category/textfield_Category Name'

2019-05-27 09:35:43 - [MESSAGE][PASSED] - Text 'Category 2.6.2' is set on object 'Object Repository/ADMIN/Categories/Category/textfield_Category Name'

2019-05-27 09:35:43 - [TEST_STEP][PASSED] - click: Object: 'Object Repository/ADMIN/Categories/Category/dropdown_Parent' is clicked on

2019-05-27 09:35:43 - [MESSAGE][PASSED] - Object: 'Object Repository/ADMIN/Categories/Category/dropdown_Parent' is clicked on

2019-05-27 09:35:43 - [TEST_STEP][PASSED] - delay: Delayed 2 second(s)

2019-05-27 09:35:45 - [MESSAGE][PASSED] - Delayed 2 second(s)

2019-05-27 09:35:45 - [TEST_STEP][PASSED] - click: Object: 'Object Repository/ADMIN/Categories/Category/dropdown_Parent' is clicked on

2019-05-27 09:35:45 - [MESSAGE][PASSED] - Object: 'Object Repository/ADMIN/Categories/Category/dropdown_Parent' is clicked on

2019-05-27 09:35:45 - [TEST_STEP][PASSED] - selectOptionByLabel: All options with label 'Category 2.6' are selected in object 'Object Repository/ADMIN/Categories/Category/dropdown_Parent' 

2019-05-27 09:35:46 - [MESSAGE][PASSED] - All options with label 'Category 2.6' are selected in object 'Object Repository/ADMIN/Categories/Category/dropdown_Parent' 

2019-05-27 09:35:46 - [TEST_STEP][PASSED] - click: Object: 'Object Repository/ADMIN/Categories/Category/button_Browse' is clicked on

2019-05-27 09:35:46 - [MESSAGE][PASSED] - Object: 'Object Repository/ADMIN/Categories/Category/button_Browse' is clicked on

2019-05-27 09:35:46 - [TEST_STEP][PASSED] - delay: Delayed 2 second(s)

2019-05-27 09:35:48 - [MESSAGE][PASSED] - Delayed 2 second(s)

2019-05-27 09:35:48 - [TEST_STEP][PASSED] - uploadFile: File 'C:\\Katalon\\Image\\pic5.jpg' sent to object: 'Object Repository/ADMIN/Categories/Category/image_input image'

2019-05-27 09:35:48 - [MESSAGE][PASSED] - File 'C:\\Katalon\\Image\\pic5.jpg' sent to object: 'Object Repository/ADMIN/Categories/Category/image_input image'

2019-05-27 09:35:48 - [TEST_STEP][PASSED] - waitForElementVisible: Object 'Object Repository/ADMIN/Categories/Category/button_upload check' is visible

2019-05-27 09:35:48 - [MESSAGE][WARNING] - Timeout '0' is invalid. Using default page load timeout: '30'

2019-05-27 09:35:48 - [MESSAGE][PASSED] - Object 'Object Repository/ADMIN/Categories/Category/button_upload check' is visible

2019-05-27 09:35:48 - [TEST_STEP][PASSED] - click: Object: 'Object Repository/ADMIN/Categories/Category/button_upload check' is clicked on

2019-05-27 09:35:48 - [MESSAGE][PASSED] - Object: 'Object Repository/ADMIN/Categories/Category/button_upload check' is clicked on

2019-05-27 09:35:48 - [TEST_STEP][PASSED] - click: Object: 'Object Repository/ADMIN/Categories/Category/button_upload save' is clicked on

2019-05-27 09:35:49 - [MESSAGE][PASSED] - Object: 'Object Repository/ADMIN/Categories/Category/button_upload save' is clicked on

2019-05-27 09:35:49 - [TEST_STEP][PASSED] - waitForElementVisible: Object 'Object Repository/ADMIN/Categories/Category/button_upload save' is visible

2019-05-27 09:35:49 - [MESSAGE][WARNING] - Timeout '0' is invalid. Using default page load timeout: '30'

2019-05-27 09:35:49 - [MESSAGE][PASSED] - Object 'Object Repository/ADMIN/Categories/Category/button_upload save' is visible

2019-05-27 09:35:49 - [TEST_STEP][PASSED] - setText: Text 'Description30' is set on object 'Object Repository/ADMIN/Categories/Category/textfield_category_description'

2019-05-27 09:35:50 - [MESSAGE][PASSED] - Text 'Description30' is set on object 'Object Repository/ADMIN/Categories/Category/textfield_category_description'

2019-05-27 09:35:50 - [TEST_STEP][PASSED] - click: Object: 'Object Repository/ADMIN/Categories/Category/button_Save' is clicked on

2019-05-27 09:35:50 - [MESSAGE][PASSED] - Object: 'Object Repository/ADMIN/Categories/Category/button_Save' is clicked on

2019-05-27 09:35:50 - [TEST_STEP][PASSED] - waitForElementVisible: Object 'Object Repository/ADMIN/Categories/Category/label_edit popup' is visible

2019-05-27 09:35:50 - [MESSAGE][WARNING] - Timeout '0' is invalid. Using default page load timeout: '30'

2019-05-27 09:35:51 - [MESSAGE][PASSED] - Object 'Object Repository/ADMIN/Categories/Category/label_edit popup' is visible

2019-05-27 09:35:51 - [TEST_STEP][PASSED] - waitForElementNotPresent: Web element with id: 'Object Repository/ADMIN/Categories/Category/label_edit popup' located by 'By.xpath: //div[(text() = 'Category was successfully saved.' or . = 'Category was successfully saved.')]' is not present after '30' second(s)

2019-05-27 09:35:51 - [MESSAGE][WARNING] - Timeout '0' is invalid. Using default page load timeout: '30'

2019-05-27 09:35:57 - [MESSAGE][PASSED] - Web element with id: 'Object Repository/ADMIN/Categories/Category/label_edit popup' located by 'By.xpath: //div[(text() = 'Category was successfully saved.' or . = 'Category was successfully saved.')]' is not present after '30' second(s)]]></system-out>
         <system-err><![CDATA[]]></system-err>
      </testcase>
      <testcase name="Test Cases/ADMIN/Content Mgmt/Categories/Category Add-Edit/Add Category" classname="Test Cases/ADMIN/Content Mgmt/Categories/Category Add-Edit/Add Category" status="FAILED">
         <failure type="FAILED" message="Unable to click on object 'Object Repository/ADMIN/Categories/Category List/button_Categories' (Root cause: org.openqa.selenium.ElementNotVisibleException: element not visible
  (Session info: chrome=74.0.3729.169)
  (Driver info: chromedriver=2.35.528161 (5b82f2d2aae0ca24b877009200ced9065a772e73),platform=Windows NT 6.1.7601 SP1 x86_64) (WARNING: The server did not provide any stacktrace information)
Command duration or timeout: 0 milliseconds
Build info: version: '3.7.1', revision: '8a0099a', time: '2017-11-06T21:07:36.161Z'
System info: host: 'ARCADIER-PC', ip: '10.10.31.95', os.name: 'Windows 7', os.arch: 'amd64', os.version: '6.1', java.version: '1.8.0_102'
Driver info: com.kms.katalon.core.webui.driver.ExistingRemoteWebDriver
Capabilities {javascriptEnabled: true, platform: ANY, platformName: ANY}
Session ID: f912d58d04e0ea049492dcdbe1240f08)"/>
         <system-out><![CDATA[2019-05-27 09:35:57 - [TEST_CASE][FAILED] - Test Cases/ADMIN/Content Mgmt/Categories/Category Add-Edit/Add Category: Test Cases/ADMIN/Content Mgmt/Categories/Category Add-Edit/Add Category FAILED because (of) Unable to click on object 'Object Repository/ADMIN/Categories/Category List/button_Categories' (Root cause: org.openqa.selenium.ElementNotVisibleException: element not visible
  (Session info: chrome=74.0.3729.169)
  (Driver info: chromedriver=2.35.528161 (5b82f2d2aae0ca24b877009200ced9065a772e73),platform=Windows NT 6.1.7601 SP1 x86_64) (WARNING: The server did not provide any stacktrace information)
Command duration or timeout: 0 milliseconds
Build info: version: '3.7.1', revision: '8a0099a', time: '2017-11-06T21:07:36.161Z'
System info: host: 'ARCADIER-PC', ip: '10.10.31.95', os.name: 'Windows 7', os.arch: 'amd64', os.version: '6.1', java.version: '1.8.0_102'
Driver info: com.kms.katalon.core.webui.driver.ExistingRemoteWebDriver
Capabilities {javascriptEnabled: true, platform: ANY, platformName: ANY}
Session ID: f912d58d04e0ea049492dcdbe1240f08)

2019-05-27 09:35:57 - [TEST_STEP][PASSED] - waitForElementVisible: Object 'Object Repository/ADMIN/Categories/Category List/button_Content Mgmt' is visible

2019-05-27 09:35:57 - [MESSAGE][WARNING] - Timeout '0' is invalid. Using default page load timeout: '30'

2019-05-27 09:35:57 - [MESSAGE][PASSED] - Object 'Object Repository/ADMIN/Categories/Category List/button_Content Mgmt' is visible

2019-05-27 09:35:57 - [TEST_STEP][PASSED] - click: Object: 'Object Repository/ADMIN/Categories/Category List/button_Content Mgmt' is clicked on

2019-05-27 09:35:57 - [MESSAGE][PASSED] - Object: 'Object Repository/ADMIN/Categories/Category List/button_Content Mgmt' is clicked on

2019-05-27 09:35:57 - [TEST_STEP][PASSED] - waitForElementVisible: Object 'Object Repository/ADMIN/Categories/Category List/button_Categories' is visible

2019-05-27 09:35:57 - [MESSAGE][WARNING] - Timeout '0' is invalid. Using default page load timeout: '30'

2019-05-27 09:35:57 - [MESSAGE][PASSED] - Object 'Object Repository/ADMIN/Categories/Category List/button_Categories' is visible

2019-05-27 09:35:57 - [TEST_STEP][FAILED] - click: Unable to click on object 'Object Repository/ADMIN/Categories/Category List/button_Categories' (Root cause: org.openqa.selenium.ElementNotVisibleException: element not visible
  (Session info: chrome=74.0.3729.169)
  (Driver info: chromedriver=2.35.528161 (5b82f2d2aae0ca24b877009200ced9065a772e73),platform=Windows NT 6.1.7601 SP1 x86_64) (WARNING: The server did not provide any stacktrace information)
Command duration or timeout: 0 milliseconds
Build info: version: '3.7.1', revision: '8a0099a', time: '2017-11-06T21:07:36.161Z'
System info: host: 'ARCADIER-PC', ip: '10.10.31.95', os.name: 'Windows 7', os.arch: 'amd64', os.version: '6.1', java.version: '1.8.0_102'
Driver info: com.kms.katalon.core.webui.driver.ExistingRemoteWebDriver
Capabilities {javascriptEnabled: true, platform: ANY, platformName: ANY}
Session ID: f912d58d04e0ea049492dcdbe1240f08)

2019-05-27 09:35:58 - [MESSAGE][FAILED] - Unable to click on object 'Object Repository/ADMIN/Categories/Category List/button_Categories' (Root cause: org.openqa.selenium.ElementNotVisibleException: element not visible
  (Session info: chrome=74.0.3729.169)
  (Driver info: chromedriver=2.35.528161 (5b82f2d2aae0ca24b877009200ced9065a772e73),platform=Windows NT 6.1.7601 SP1 x86_64) (WARNING: The server did not provide any stacktrace information)
Command duration or timeout: 0 milliseconds
Build info: version: '3.7.1', revision: '8a0099a', time: '2017-11-06T21:07:36.161Z'
System info: host: 'ARCADIER-PC', ip: '10.10.31.95', os.name: 'Windows 7', os.arch: 'amd64', os.version: '6.1', java.version: '1.8.0_102'
Driver info: com.kms.katalon.core.webui.driver.ExistingRemoteWebDriver
Capabilities {javascriptEnabled: true, platform: ANY, platformName: ANY}
Session ID: f912d58d04e0ea049492dcdbe1240f08)
[[ATTACHMENT|C:\\Users\\Arcadier\\git\\Arctick\\Reports\\Suites\\Admin Category\\20190527_092604\\1558920958024.png]]

2019-05-27 09:35:58 - [TEST_STEP][PASSED] - waitForPageLoad: Wait for page load successfully

2019-05-27 09:35:58 - [MESSAGE][WARNING] - Timeout '0' is invalid. Using default page load timeout: '30'

2019-05-27 09:35:58 - [MESSAGE][PASSED] - Wait for page load successfully

2019-05-27 09:35:58 - [TEST_STEP][PASSED] - click: Object: 'Object Repository/ADMIN/Categories/Category List/button_Add a Category' is clicked on

2019-05-27 09:35:58 - [MESSAGE][PASSED] - Object: 'Object Repository/ADMIN/Categories/Category List/button_Add a Category' is clicked on

2019-05-27 09:35:58 - [TEST_STEP][PASSED] - waitForElementPresent: Object 'Object Repository/ADMIN/Categories/Category/dropdown_Parent' is present

2019-05-27 09:35:58 - [MESSAGE][PASSED] - Object 'Object Repository/ADMIN/Categories/Category/dropdown_Parent' is present

2019-05-27 09:35:58 - [TEST_STEP][PASSED] - delay: Delayed 1 second(s)

2019-05-27 09:35:59 - [MESSAGE][PASSED] - Delayed 1 second(s)

2019-05-27 09:35:59 - [TEST_STEP][PASSED] - setText: Text 'Category 2.6.2.1' is set on object 'Object Repository/ADMIN/Categories/Category/textfield_Category Name'

2019-05-27 09:36:00 - [MESSAGE][PASSED] - Text 'Category 2.6.2.1' is set on object 'Object Repository/ADMIN/Categories/Category/textfield_Category Name'

2019-05-27 09:36:00 - [TEST_STEP][PASSED] - click: Object: 'Object Repository/ADMIN/Categories/Category/dropdown_Parent' is clicked on

2019-05-27 09:36:00 - [MESSAGE][PASSED] - Object: 'Object Repository/ADMIN/Categories/Category/dropdown_Parent' is clicked on

2019-05-27 09:36:00 - [TEST_STEP][PASSED] - delay: Delayed 2 second(s)

2019-05-27 09:36:02 - [MESSAGE][PASSED] - Delayed 2 second(s)

2019-05-27 09:36:02 - [TEST_STEP][PASSED] - click: Object: 'Object Repository/ADMIN/Categories/Category/dropdown_Parent' is clicked on

2019-05-27 09:36:03 - [MESSAGE][PASSED] - Object: 'Object Repository/ADMIN/Categories/Category/dropdown_Parent' is clicked on

2019-05-27 09:36:03 - [TEST_STEP][PASSED] - selectOptionByLabel: All options with label 'Category 2.6.2' are selected in object 'Object Repository/ADMIN/Categories/Category/dropdown_Parent' 

2019-05-27 09:36:03 - [MESSAGE][PASSED] - All options with label 'Category 2.6.2' are selected in object 'Object Repository/ADMIN/Categories/Category/dropdown_Parent' 

2019-05-27 09:36:03 - [TEST_STEP][PASSED] - click: Object: 'Object Repository/ADMIN/Categories/Category/button_Browse' is clicked on

2019-05-27 09:36:03 - [MESSAGE][PASSED] - Object: 'Object Repository/ADMIN/Categories/Category/button_Browse' is clicked on

2019-05-27 09:36:03 - [TEST_STEP][PASSED] - delay: Delayed 2 second(s)

2019-05-27 09:36:05 - [MESSAGE][PASSED] - Delayed 2 second(s)

2019-05-27 09:36:05 - [TEST_STEP][PASSED] - uploadFile: File 'C:\\Katalon\\Image\\pic6.jpg' sent to object: 'Object Repository/ADMIN/Categories/Category/image_input image'

2019-05-27 09:36:05 - [MESSAGE][PASSED] - File 'C:\\Katalon\\Image\\pic6.jpg' sent to object: 'Object Repository/ADMIN/Categories/Category/image_input image'

2019-05-27 09:36:05 - [TEST_STEP][PASSED] - waitForElementVisible: Object 'Object Repository/ADMIN/Categories/Category/button_upload check' is visible

2019-05-27 09:36:05 - [MESSAGE][WARNING] - Timeout '0' is invalid. Using default page load timeout: '30'

2019-05-27 09:36:05 - [MESSAGE][PASSED] - Object 'Object Repository/ADMIN/Categories/Category/button_upload check' is visible

2019-05-27 09:36:05 - [TEST_STEP][PASSED] - click: Object: 'Object Repository/ADMIN/Categories/Category/button_upload check' is clicked on

2019-05-27 09:36:05 - [MESSAGE][PASSED] - Object: 'Object Repository/ADMIN/Categories/Category/button_upload check' is clicked on

2019-05-27 09:36:05 - [TEST_STEP][PASSED] - click: Object: 'Object Repository/ADMIN/Categories/Category/button_upload save' is clicked on

2019-05-27 09:36:06 - [MESSAGE][PASSED] - Object: 'Object Repository/ADMIN/Categories/Category/button_upload save' is clicked on

2019-05-27 09:36:06 - [TEST_STEP][FAILED] - waitForElementVisible: Unable to wait for object 'Object Repository/ADMIN/Categories/Category/button_upload save' to be visible (Root cause: org.openqa.selenium.StaleElementReferenceException: stale element reference: element is not attached to the page document
  (Session info: chrome=74.0.3729.169)
  (Driver info: chromedriver=2.35.528161 (5b82f2d2aae0ca24b877009200ced9065a772e73),platform=Windows NT 6.1.7601 SP1 x86_64) (WARNING: The server did not provide any stacktrace information)
Command duration or timeout: 0 milliseconds
For documentation on this error, please visit: http://seleniumhq.org/exceptions/stale_element_reference.html
Build info: version: '3.7.1', revision: '8a0099a', time: '2017-11-06T21:07:36.161Z'
System info: host: 'ARCADIER-PC', ip: '10.10.31.95', os.name: 'Windows 7', os.arch: 'amd64', os.version: '6.1', java.version: '1.8.0_102'
Driver info: com.kms.katalon.core.webui.driver.ExistingRemoteWebDriver
Capabilities {javascriptEnabled: true, platform: ANY, platformName: ANY}
Session ID: f912d58d04e0ea049492dcdbe1240f08)

2019-05-27 09:36:06 - [MESSAGE][WARNING] - Timeout '0' is invalid. Using default page load timeout: '30'

2019-05-27 09:36:07 - [MESSAGE][FAILED] - Unable to wait for object 'Object Repository/ADMIN/Categories/Category/button_upload save' to be visible (Root cause: org.openqa.selenium.StaleElementReferenceException: stale element reference: element is not attached to the page document
  (Session info: chrome=74.0.3729.169)
  (Driver info: chromedriver=2.35.528161 (5b82f2d2aae0ca24b877009200ced9065a772e73),platform=Windows NT 6.1.7601 SP1 x86_64) (WARNING: The server did not provide any stacktrace information)
Command duration or timeout: 0 milliseconds
For documentation on this error, please visit: http://seleniumhq.org/exceptions/stale_element_reference.html
Build info: version: '3.7.1', revision: '8a0099a', time: '2017-11-06T21:07:36.161Z'
System info: host: 'ARCADIER-PC', ip: '10.10.31.95', os.name: 'Windows 7', os.arch: 'amd64', os.version: '6.1', java.version: '1.8.0_102'
Driver info: com.kms.katalon.core.webui.driver.ExistingRemoteWebDriver
Capabilities {javascriptEnabled: true, platform: ANY, platformName: ANY}
Session ID: f912d58d04e0ea049492dcdbe1240f08)
[[ATTACHMENT|C:\\Users\\Arcadier\\git\\Arctick\\Reports\\Suites\\Admin Category\\20190527_092604\\1558920966982.png]]

2019-05-27 09:36:07 - [TEST_STEP][PASSED] - setText: Text 'Description31' is set on object 'Object Repository/ADMIN/Categories/Category/textfield_category_description'

2019-05-27 09:36:07 - [MESSAGE][PASSED] - Text 'Description31' is set on object 'Object Repository/ADMIN/Categories/Category/textfield_category_description'

2019-05-27 09:36:07 - [TEST_STEP][PASSED] - click: Object: 'Object Repository/ADMIN/Categories/Category/button_Save' is clicked on

2019-05-27 09:36:07 - [MESSAGE][PASSED] - Object: 'Object Repository/ADMIN/Categories/Category/button_Save' is clicked on

2019-05-27 09:36:07 - [TEST_STEP][PASSED] - waitForElementVisible: Object 'Object Repository/ADMIN/Categories/Category/label_edit popup' is visible

2019-05-27 09:36:07 - [MESSAGE][WARNING] - Timeout '0' is invalid. Using default page load timeout: '30'

2019-05-27 09:36:08 - [MESSAGE][PASSED] - Object 'Object Repository/ADMIN/Categories/Category/label_edit popup' is visible

2019-05-27 09:36:08 - [TEST_STEP][PASSED] - waitForElementNotPresent: Web element with id: 'Object Repository/ADMIN/Categories/Category/label_edit popup' located by 'By.xpath: //div[(text() = 'Category was successfully saved.' or . = 'Category was successfully saved.')]' is not present after '30' second(s)

2019-05-27 09:36:08 - [MESSAGE][WARNING] - Timeout '0' is invalid. Using default page load timeout: '30'

2019-05-27 09:36:14 - [MESSAGE][PASSED] - Web element with id: 'Object Repository/ADMIN/Categories/Category/label_edit popup' located by 'By.xpath: //div[(text() = 'Category was successfully saved.' or . = 'Category was successfully saved.')]' is not present after '30' second(s)]]></system-out>
         <system-err><![CDATA[2019-05-27 09:35:57 - [TEST_CASE][FAILED] - Test Cases/ADMIN/Content Mgmt/Categories/Category Add-Edit/Add Category: Test Cases/ADMIN/Content Mgmt/Categories/Category Add-Edit/Add Category FAILED because (of) Unable to click on object 'Object Repository/ADMIN/Categories/Category List/button_Categories' (Root cause: org.openqa.selenium.ElementNotVisibleException: element not visible
  (Session info: chrome=74.0.3729.169)
  (Driver info: chromedriver=2.35.528161 (5b82f2d2aae0ca24b877009200ced9065a772e73),platform=Windows NT 6.1.7601 SP1 x86_64) (WARNING: The server did not provide any stacktrace information)
Command duration or timeout: 0 milliseconds
Build info: version: '3.7.1', revision: '8a0099a', time: '2017-11-06T21:07:36.161Z'
System info: host: 'ARCADIER-PC', ip: '10.10.31.95', os.name: 'Windows 7', os.arch: 'amd64', os.version: '6.1', java.version: '1.8.0_102'
Driver info: com.kms.katalon.core.webui.driver.ExistingRemoteWebDriver
Capabilities {javascriptEnabled: true, platform: ANY, platformName: ANY}
Session ID: f912d58d04e0ea049492dcdbe1240f08)]]></system-err>
      </testcase>
      <testcase name="Test Cases/ADMIN/Content Mgmt/Categories/Category Add-Edit/Add Category" classname="Test Cases/ADMIN/Content Mgmt/Categories/Category Add-Edit/Add Category" status="FAILED">
         <failure type="FAILED" message="Unable to click on object 'Object Repository/ADMIN/Categories/Category List/button_Categories' (Root cause: org.openqa.selenium.ElementNotVisibleException: element not visible
  (Session info: chrome=74.0.3729.169)
  (Driver info: chromedriver=2.35.528161 (5b82f2d2aae0ca24b877009200ced9065a772e73),platform=Windows NT 6.1.7601 SP1 x86_64) (WARNING: The server did not provide any stacktrace information)
Command duration or timeout: 0 milliseconds
Build info: version: '3.7.1', revision: '8a0099a', time: '2017-11-06T21:07:36.161Z'
System info: host: 'ARCADIER-PC', ip: '10.10.31.95', os.name: 'Windows 7', os.arch: 'amd64', os.version: '6.1', java.version: '1.8.0_102'
Driver info: com.kms.katalon.core.webui.driver.ExistingRemoteWebDriver
Capabilities {javascriptEnabled: true, platform: ANY, platformName: ANY}
Session ID: f912d58d04e0ea049492dcdbe1240f08)"/>
         <system-out><![CDATA[2019-05-27 09:36:14 - [TEST_CASE][FAILED] - Test Cases/ADMIN/Content Mgmt/Categories/Category Add-Edit/Add Category: Test Cases/ADMIN/Content Mgmt/Categories/Category Add-Edit/Add Category FAILED because (of) Unable to click on object 'Object Repository/ADMIN/Categories/Category List/button_Categories' (Root cause: org.openqa.selenium.ElementNotVisibleException: element not visible
  (Session info: chrome=74.0.3729.169)
  (Driver info: chromedriver=2.35.528161 (5b82f2d2aae0ca24b877009200ced9065a772e73),platform=Windows NT 6.1.7601 SP1 x86_64) (WARNING: The server did not provide any stacktrace information)
Command duration or timeout: 0 milliseconds
Build info: version: '3.7.1', revision: '8a0099a', time: '2017-11-06T21:07:36.161Z'
System info: host: 'ARCADIER-PC', ip: '10.10.31.95', os.name: 'Windows 7', os.arch: 'amd64', os.version: '6.1', java.version: '1.8.0_102'
Driver info: com.kms.katalon.core.webui.driver.ExistingRemoteWebDriver
Capabilities {javascriptEnabled: true, platform: ANY, platformName: ANY}
Session ID: f912d58d04e0ea049492dcdbe1240f08)

2019-05-27 09:36:14 - [TEST_STEP][PASSED] - waitForElementVisible: Object 'Object Repository/ADMIN/Categories/Category List/button_Content Mgmt' is visible

2019-05-27 09:36:14 - [MESSAGE][WARNING] - Timeout '0' is invalid. Using default page load timeout: '30'

2019-05-27 09:36:15 - [MESSAGE][PASSED] - Object 'Object Repository/ADMIN/Categories/Category List/button_Content Mgmt' is visible

2019-05-27 09:36:15 - [TEST_STEP][PASSED] - click: Object: 'Object Repository/ADMIN/Categories/Category List/button_Content Mgmt' is clicked on

2019-05-27 09:36:15 - [MESSAGE][PASSED] - Object: 'Object Repository/ADMIN/Categories/Category List/button_Content Mgmt' is clicked on

2019-05-27 09:36:15 - [TEST_STEP][PASSED] - waitForElementVisible: Object 'Object Repository/ADMIN/Categories/Category List/button_Categories' is visible

2019-05-27 09:36:15 - [MESSAGE][WARNING] - Timeout '0' is invalid. Using default page load timeout: '30'

2019-05-27 09:36:15 - [MESSAGE][PASSED] - Object 'Object Repository/ADMIN/Categories/Category List/button_Categories' is visible

2019-05-27 09:36:15 - [TEST_STEP][FAILED] - click: Unable to click on object 'Object Repository/ADMIN/Categories/Category List/button_Categories' (Root cause: org.openqa.selenium.ElementNotVisibleException: element not visible
  (Session info: chrome=74.0.3729.169)
  (Driver info: chromedriver=2.35.528161 (5b82f2d2aae0ca24b877009200ced9065a772e73),platform=Windows NT 6.1.7601 SP1 x86_64) (WARNING: The server did not provide any stacktrace information)
Command duration or timeout: 0 milliseconds
Build info: version: '3.7.1', revision: '8a0099a', time: '2017-11-06T21:07:36.161Z'
System info: host: 'ARCADIER-PC', ip: '10.10.31.95', os.name: 'Windows 7', os.arch: 'amd64', os.version: '6.1', java.version: '1.8.0_102'
Driver info: com.kms.katalon.core.webui.driver.ExistingRemoteWebDriver
Capabilities {javascriptEnabled: true, platform: ANY, platformName: ANY}
Session ID: f912d58d04e0ea049492dcdbe1240f08)

2019-05-27 09:36:15 - [MESSAGE][FAILED] - Unable to click on object 'Object Repository/ADMIN/Categories/Category List/button_Categories' (Root cause: org.openqa.selenium.ElementNotVisibleException: element not visible
  (Session info: chrome=74.0.3729.169)
  (Driver info: chromedriver=2.35.528161 (5b82f2d2aae0ca24b877009200ced9065a772e73),platform=Windows NT 6.1.7601 SP1 x86_64) (WARNING: The server did not provide any stacktrace information)
Command duration or timeout: 0 milliseconds
Build info: version: '3.7.1', revision: '8a0099a', time: '2017-11-06T21:07:36.161Z'
System info: host: 'ARCADIER-PC', ip: '10.10.31.95', os.name: 'Windows 7', os.arch: 'amd64', os.version: '6.1', java.version: '1.8.0_102'
Driver info: com.kms.katalon.core.webui.driver.ExistingRemoteWebDriver
Capabilities {javascriptEnabled: true, platform: ANY, platformName: ANY}
Session ID: f912d58d04e0ea049492dcdbe1240f08)
[[ATTACHMENT|C:\\Users\\Arcadier\\git\\Arctick\\Reports\\Suites\\Admin Category\\20190527_092604\\1558920975346.png]]

2019-05-27 09:36:15 - [TEST_STEP][PASSED] - waitForPageLoad: Wait for page load successfully

2019-05-27 09:36:15 - [MESSAGE][WARNING] - Timeout '0' is invalid. Using default page load timeout: '30'

2019-05-27 09:36:15 - [MESSAGE][PASSED] - Wait for page load successfully

2019-05-27 09:36:15 - [TEST_STEP][PASSED] - click: Object: 'Object Repository/ADMIN/Categories/Category List/button_Add a Category' is clicked on

2019-05-27 09:36:15 - [MESSAGE][PASSED] - Object: 'Object Repository/ADMIN/Categories/Category List/button_Add a Category' is clicked on

2019-05-27 09:36:15 - [TEST_STEP][PASSED] - waitForElementPresent: Object 'Object Repository/ADMIN/Categories/Category/dropdown_Parent' is present

2019-05-27 09:36:15 - [MESSAGE][PASSED] - Object 'Object Repository/ADMIN/Categories/Category/dropdown_Parent' is present

2019-05-27 09:36:15 - [TEST_STEP][PASSED] - delay: Delayed 1 second(s)

2019-05-27 09:36:16 - [MESSAGE][PASSED] - Delayed 1 second(s)

2019-05-27 09:36:16 - [TEST_STEP][PASSED] - setText: Text 'Category 2.6.2.1.1' is set on object 'Object Repository/ADMIN/Categories/Category/textfield_Category Name'

2019-05-27 09:36:17 - [MESSAGE][PASSED] - Text 'Category 2.6.2.1.1' is set on object 'Object Repository/ADMIN/Categories/Category/textfield_Category Name'

2019-05-27 09:36:17 - [TEST_STEP][PASSED] - click: Object: 'Object Repository/ADMIN/Categories/Category/dropdown_Parent' is clicked on

2019-05-27 09:36:17 - [MESSAGE][PASSED] - Object: 'Object Repository/ADMIN/Categories/Category/dropdown_Parent' is clicked on

2019-05-27 09:36:17 - [TEST_STEP][PASSED] - delay: Delayed 2 second(s)

2019-05-27 09:36:19 - [MESSAGE][PASSED] - Delayed 2 second(s)

2019-05-27 09:36:19 - [TEST_STEP][PASSED] - click: Object: 'Object Repository/ADMIN/Categories/Category/dropdown_Parent' is clicked on

2019-05-27 09:36:19 - [MESSAGE][PASSED] - Object: 'Object Repository/ADMIN/Categories/Category/dropdown_Parent' is clicked on

2019-05-27 09:36:19 - [TEST_STEP][PASSED] - selectOptionByLabel: All options with label 'Category 2.6.2.1' are selected in object 'Object Repository/ADMIN/Categories/Category/dropdown_Parent' 

2019-05-27 09:36:19 - [MESSAGE][PASSED] - All options with label 'Category 2.6.2.1' are selected in object 'Object Repository/ADMIN/Categories/Category/dropdown_Parent' 

2019-05-27 09:36:19 - [TEST_STEP][PASSED] - click: Object: 'Object Repository/ADMIN/Categories/Category/button_Browse' is clicked on

2019-05-27 09:36:19 - [MESSAGE][PASSED] - Object: 'Object Repository/ADMIN/Categories/Category/button_Browse' is clicked on

2019-05-27 09:36:19 - [TEST_STEP][PASSED] - delay: Delayed 2 second(s)

2019-05-27 09:36:21 - [MESSAGE][PASSED] - Delayed 2 second(s)

2019-05-27 09:36:21 - [TEST_STEP][PASSED] - uploadFile: File 'C:\\Katalon\\Image\\pic7.jpg' sent to object: 'Object Repository/ADMIN/Categories/Category/image_input image'

2019-05-27 09:36:22 - [MESSAGE][PASSED] - File 'C:\\Katalon\\Image\\pic7.jpg' sent to object: 'Object Repository/ADMIN/Categories/Category/image_input image'

2019-05-27 09:36:22 - [TEST_STEP][PASSED] - waitForElementVisible: Object 'Object Repository/ADMIN/Categories/Category/button_upload check' is visible

2019-05-27 09:36:22 - [MESSAGE][WARNING] - Timeout '0' is invalid. Using default page load timeout: '30'

2019-05-27 09:36:22 - [MESSAGE][PASSED] - Object 'Object Repository/ADMIN/Categories/Category/button_upload check' is visible

2019-05-27 09:36:22 - [TEST_STEP][PASSED] - click: Object: 'Object Repository/ADMIN/Categories/Category/button_upload check' is clicked on

2019-05-27 09:36:22 - [MESSAGE][PASSED] - Object: 'Object Repository/ADMIN/Categories/Category/button_upload check' is clicked on

2019-05-27 09:36:22 - [TEST_STEP][PASSED] - click: Object: 'Object Repository/ADMIN/Categories/Category/button_upload save' is clicked on

2019-05-27 09:36:22 - [MESSAGE][PASSED] - Object: 'Object Repository/ADMIN/Categories/Category/button_upload save' is clicked on

2019-05-27 09:36:22 - [TEST_STEP][PASSED] - waitForElementVisible: Object 'Object Repository/ADMIN/Categories/Category/button_upload save' is visible

2019-05-27 09:36:22 - [MESSAGE][WARNING] - Timeout '0' is invalid. Using default page load timeout: '30'

2019-05-27 09:36:22 - [MESSAGE][PASSED] - Object 'Object Repository/ADMIN/Categories/Category/button_upload save' is visible

2019-05-27 09:36:22 - [TEST_STEP][PASSED] - setText: Text 'Description32' is set on object 'Object Repository/ADMIN/Categories/Category/textfield_category_description'

2019-05-27 09:36:23 - [MESSAGE][PASSED] - Text 'Description32' is set on object 'Object Repository/ADMIN/Categories/Category/textfield_category_description'

2019-05-27 09:36:23 - [TEST_STEP][PASSED] - click: Object: 'Object Repository/ADMIN/Categories/Category/button_Save' is clicked on

2019-05-27 09:36:23 - [MESSAGE][PASSED] - Object: 'Object Repository/ADMIN/Categories/Category/button_Save' is clicked on

2019-05-27 09:36:23 - [TEST_STEP][PASSED] - waitForElementVisible: Object 'Object Repository/ADMIN/Categories/Category/label_edit popup' is visible

2019-05-27 09:36:23 - [MESSAGE][WARNING] - Timeout '0' is invalid. Using default page load timeout: '30'

2019-05-27 09:36:24 - [MESSAGE][PASSED] - Object 'Object Repository/ADMIN/Categories/Category/label_edit popup' is visible

2019-05-27 09:36:24 - [TEST_STEP][PASSED] - waitForElementNotPresent: Web element with id: 'Object Repository/ADMIN/Categories/Category/label_edit popup' located by 'By.xpath: //div[(text() = 'Category was successfully saved.' or . = 'Category was successfully saved.')]' is not present after '30' second(s)

2019-05-27 09:36:24 - [MESSAGE][WARNING] - Timeout '0' is invalid. Using default page load timeout: '30'

2019-05-27 09:36:30 - [MESSAGE][PASSED] - Web element with id: 'Object Repository/ADMIN/Categories/Category/label_edit popup' located by 'By.xpath: //div[(text() = 'Category was successfully saved.' or . = 'Category was successfully saved.')]' is not present after '30' second(s)]]></system-out>
         <system-err><![CDATA[2019-05-27 09:36:14 - [TEST_CASE][FAILED] - Test Cases/ADMIN/Content Mgmt/Categories/Category Add-Edit/Add Category: Test Cases/ADMIN/Content Mgmt/Categories/Category Add-Edit/Add Category FAILED because (of) Unable to click on object 'Object Repository/ADMIN/Categories/Category List/button_Categories' (Root cause: org.openqa.selenium.ElementNotVisibleException: element not visible
  (Session info: chrome=74.0.3729.169)
  (Driver info: chromedriver=2.35.528161 (5b82f2d2aae0ca24b877009200ced9065a772e73),platform=Windows NT 6.1.7601 SP1 x86_64) (WARNING: The server did not provide any stacktrace information)
Command duration or timeout: 0 milliseconds
Build info: version: '3.7.1', revision: '8a0099a', time: '2017-11-06T21:07:36.161Z'
System info: host: 'ARCADIER-PC', ip: '10.10.31.95', os.name: 'Windows 7', os.arch: 'amd64', os.version: '6.1', java.version: '1.8.0_102'
Driver info: com.kms.katalon.core.webui.driver.ExistingRemoteWebDriver
Capabilities {javascriptEnabled: true, platform: ANY, platformName: ANY}
Session ID: f912d58d04e0ea049492dcdbe1240f08)]]></system-err>
      </testcase>
      <testcase name="Test Cases/ADMIN/Content Mgmt/Categories/Category Add-Edit/Add Category" classname="Test Cases/ADMIN/Content Mgmt/Categories/Category Add-Edit/Add Category" status="FAILED">
         <failure type="FAILED" message="Unable to click on object 'Object Repository/ADMIN/Categories/Category List/button_Categories' (Root cause: org.openqa.selenium.ElementNotVisibleException: element not visible
  (Session info: chrome=74.0.3729.169)
  (Driver info: chromedriver=2.35.528161 (5b82f2d2aae0ca24b877009200ced9065a772e73),platform=Windows NT 6.1.7601 SP1 x86_64) (WARNING: The server did not provide any stacktrace information)
Command duration or timeout: 0 milliseconds
Build info: version: '3.7.1', revision: '8a0099a', time: '2017-11-06T21:07:36.161Z'
System info: host: 'ARCADIER-PC', ip: '10.10.31.95', os.name: 'Windows 7', os.arch: 'amd64', os.version: '6.1', java.version: '1.8.0_102'
Driver info: com.kms.katalon.core.webui.driver.ExistingRemoteWebDriver
Capabilities {javascriptEnabled: true, platform: ANY, platformName: ANY}
Session ID: f912d58d04e0ea049492dcdbe1240f08)"/>
         <system-out><![CDATA[2019-05-27 09:36:30 - [TEST_CASE][FAILED] - Test Cases/ADMIN/Content Mgmt/Categories/Category Add-Edit/Add Category: Test Cases/ADMIN/Content Mgmt/Categories/Category Add-Edit/Add Category FAILED because (of) Unable to click on object 'Object Repository/ADMIN/Categories/Category List/button_Categories' (Root cause: org.openqa.selenium.ElementNotVisibleException: element not visible
  (Session info: chrome=74.0.3729.169)
  (Driver info: chromedriver=2.35.528161 (5b82f2d2aae0ca24b877009200ced9065a772e73),platform=Windows NT 6.1.7601 SP1 x86_64) (WARNING: The server did not provide any stacktrace information)
Command duration or timeout: 0 milliseconds
Build info: version: '3.7.1', revision: '8a0099a', time: '2017-11-06T21:07:36.161Z'
System info: host: 'ARCADIER-PC', ip: '10.10.31.95', os.name: 'Windows 7', os.arch: 'amd64', os.version: '6.1', java.version: '1.8.0_102'
Driver info: com.kms.katalon.core.webui.driver.ExistingRemoteWebDriver
Capabilities {javascriptEnabled: true, platform: ANY, platformName: ANY}
Session ID: f912d58d04e0ea049492dcdbe1240f08)

2019-05-27 09:36:30 - [TEST_STEP][PASSED] - waitForElementVisible: Object 'Object Repository/ADMIN/Categories/Category List/button_Content Mgmt' is visible

2019-05-27 09:36:30 - [MESSAGE][WARNING] - Timeout '0' is invalid. Using default page load timeout: '30'

2019-05-27 09:36:30 - [MESSAGE][PASSED] - Object 'Object Repository/ADMIN/Categories/Category List/button_Content Mgmt' is visible

2019-05-27 09:36:30 - [TEST_STEP][PASSED] - click: Object: 'Object Repository/ADMIN/Categories/Category List/button_Content Mgmt' is clicked on

2019-05-27 09:36:30 - [MESSAGE][PASSED] - Object: 'Object Repository/ADMIN/Categories/Category List/button_Content Mgmt' is clicked on

2019-05-27 09:36:30 - [TEST_STEP][PASSED] - waitForElementVisible: Object 'Object Repository/ADMIN/Categories/Category List/button_Categories' is visible

2019-05-27 09:36:30 - [MESSAGE][WARNING] - Timeout '0' is invalid. Using default page load timeout: '30'

2019-05-27 09:36:30 - [MESSAGE][PASSED] - Object 'Object Repository/ADMIN/Categories/Category List/button_Categories' is visible

2019-05-27 09:36:30 - [TEST_STEP][FAILED] - click: Unable to click on object 'Object Repository/ADMIN/Categories/Category List/button_Categories' (Root cause: org.openqa.selenium.ElementNotVisibleException: element not visible
  (Session info: chrome=74.0.3729.169)
  (Driver info: chromedriver=2.35.528161 (5b82f2d2aae0ca24b877009200ced9065a772e73),platform=Windows NT 6.1.7601 SP1 x86_64) (WARNING: The server did not provide any stacktrace information)
Command duration or timeout: 0 milliseconds
Build info: version: '3.7.1', revision: '8a0099a', time: '2017-11-06T21:07:36.161Z'
System info: host: 'ARCADIER-PC', ip: '10.10.31.95', os.name: 'Windows 7', os.arch: 'amd64', os.version: '6.1', java.version: '1.8.0_102'
Driver info: com.kms.katalon.core.webui.driver.ExistingRemoteWebDriver
Capabilities {javascriptEnabled: true, platform: ANY, platformName: ANY}
Session ID: f912d58d04e0ea049492dcdbe1240f08)

2019-05-27 09:36:31 - [MESSAGE][FAILED] - Unable to click on object 'Object Repository/ADMIN/Categories/Category List/button_Categories' (Root cause: org.openqa.selenium.ElementNotVisibleException: element not visible
  (Session info: chrome=74.0.3729.169)
  (Driver info: chromedriver=2.35.528161 (5b82f2d2aae0ca24b877009200ced9065a772e73),platform=Windows NT 6.1.7601 SP1 x86_64) (WARNING: The server did not provide any stacktrace information)
Command duration or timeout: 0 milliseconds
Build info: version: '3.7.1', revision: '8a0099a', time: '2017-11-06T21:07:36.161Z'
System info: host: 'ARCADIER-PC', ip: '10.10.31.95', os.name: 'Windows 7', os.arch: 'amd64', os.version: '6.1', java.version: '1.8.0_102'
Driver info: com.kms.katalon.core.webui.driver.ExistingRemoteWebDriver
Capabilities {javascriptEnabled: true, platform: ANY, platformName: ANY}
Session ID: f912d58d04e0ea049492dcdbe1240f08)
[[ATTACHMENT|C:\\Users\\Arcadier\\git\\Arctick\\Reports\\Suites\\Admin Category\\20190527_092604\\1558920991196.png]]

2019-05-27 09:36:31 - [TEST_STEP][PASSED] - waitForPageLoad: Wait for page load successfully

2019-05-27 09:36:31 - [MESSAGE][WARNING] - Timeout '0' is invalid. Using default page load timeout: '30'

2019-05-27 09:36:31 - [MESSAGE][PASSED] - Wait for page load successfully

2019-05-27 09:36:31 - [TEST_STEP][PASSED] - click: Object: 'Object Repository/ADMIN/Categories/Category List/button_Add a Category' is clicked on

2019-05-27 09:36:31 - [MESSAGE][PASSED] - Object: 'Object Repository/ADMIN/Categories/Category List/button_Add a Category' is clicked on

2019-05-27 09:36:31 - [TEST_STEP][PASSED] - waitForElementPresent: Object 'Object Repository/ADMIN/Categories/Category/dropdown_Parent' is present

2019-05-27 09:36:32 - [MESSAGE][PASSED] - Object 'Object Repository/ADMIN/Categories/Category/dropdown_Parent' is present

2019-05-27 09:36:32 - [TEST_STEP][PASSED] - delay: Delayed 1 second(s)

2019-05-27 09:36:33 - [MESSAGE][PASSED] - Delayed 1 second(s)

2019-05-27 09:36:33 - [TEST_STEP][PASSED] - setText: Text 'Category 2.6.2.2' is set on object 'Object Repository/ADMIN/Categories/Category/textfield_Category Name'

2019-05-27 09:36:33 - [MESSAGE][PASSED] - Text 'Category 2.6.2.2' is set on object 'Object Repository/ADMIN/Categories/Category/textfield_Category Name'

2019-05-27 09:36:33 - [TEST_STEP][PASSED] - click: Object: 'Object Repository/ADMIN/Categories/Category/dropdown_Parent' is clicked on

2019-05-27 09:36:33 - [MESSAGE][PASSED] - Object: 'Object Repository/ADMIN/Categories/Category/dropdown_Parent' is clicked on

2019-05-27 09:36:33 - [TEST_STEP][PASSED] - delay: Delayed 2 second(s)

2019-05-27 09:36:35 - [MESSAGE][PASSED] - Delayed 2 second(s)

2019-05-27 09:36:35 - [TEST_STEP][PASSED] - click: Object: 'Object Repository/ADMIN/Categories/Category/dropdown_Parent' is clicked on

2019-05-27 09:36:36 - [MESSAGE][PASSED] - Object: 'Object Repository/ADMIN/Categories/Category/dropdown_Parent' is clicked on

2019-05-27 09:36:36 - [TEST_STEP][PASSED] - selectOptionByLabel: All options with label 'Category 2.6.2' are selected in object 'Object Repository/ADMIN/Categories/Category/dropdown_Parent' 

2019-05-27 09:36:36 - [MESSAGE][PASSED] - All options with label 'Category 2.6.2' are selected in object 'Object Repository/ADMIN/Categories/Category/dropdown_Parent' 

2019-05-27 09:36:36 - [TEST_STEP][PASSED] - click: Object: 'Object Repository/ADMIN/Categories/Category/button_Browse' is clicked on

2019-05-27 09:36:36 - [MESSAGE][PASSED] - Object: 'Object Repository/ADMIN/Categories/Category/button_Browse' is clicked on

2019-05-27 09:36:36 - [TEST_STEP][PASSED] - delay: Delayed 2 second(s)

2019-05-27 09:36:38 - [MESSAGE][PASSED] - Delayed 2 second(s)

2019-05-27 09:36:38 - [TEST_STEP][PASSED] - uploadFile: File 'C:\\Katalon\\Image\\pic8.jpg' sent to object: 'Object Repository/ADMIN/Categories/Category/image_input image'

2019-05-27 09:36:38 - [MESSAGE][PASSED] - File 'C:\\Katalon\\Image\\pic8.jpg' sent to object: 'Object Repository/ADMIN/Categories/Category/image_input image'

2019-05-27 09:36:38 - [TEST_STEP][PASSED] - waitForElementVisible: Object 'Object Repository/ADMIN/Categories/Category/button_upload check' is visible

2019-05-27 09:36:38 - [MESSAGE][WARNING] - Timeout '0' is invalid. Using default page load timeout: '30'

2019-05-27 09:36:38 - [MESSAGE][PASSED] - Object 'Object Repository/ADMIN/Categories/Category/button_upload check' is visible

2019-05-27 09:36:38 - [TEST_STEP][PASSED] - click: Object: 'Object Repository/ADMIN/Categories/Category/button_upload check' is clicked on

2019-05-27 09:36:38 - [MESSAGE][PASSED] - Object: 'Object Repository/ADMIN/Categories/Category/button_upload check' is clicked on

2019-05-27 09:36:38 - [TEST_STEP][PASSED] - click: Object: 'Object Repository/ADMIN/Categories/Category/button_upload save' is clicked on

2019-05-27 09:36:39 - [MESSAGE][PASSED] - Object: 'Object Repository/ADMIN/Categories/Category/button_upload save' is clicked on

2019-05-27 09:36:39 - [TEST_STEP][PASSED] - waitForElementVisible: Object 'Object Repository/ADMIN/Categories/Category/button_upload save' is visible

2019-05-27 09:36:39 - [MESSAGE][WARNING] - Timeout '0' is invalid. Using default page load timeout: '30'

2019-05-27 09:36:39 - [MESSAGE][PASSED] - Object 'Object Repository/ADMIN/Categories/Category/button_upload save' is visible

2019-05-27 09:36:39 - [TEST_STEP][PASSED] - setText: Text 'Description33' is set on object 'Object Repository/ADMIN/Categories/Category/textfield_category_description'

2019-05-27 09:36:40 - [MESSAGE][PASSED] - Text 'Description33' is set on object 'Object Repository/ADMIN/Categories/Category/textfield_category_description'

2019-05-27 09:36:40 - [TEST_STEP][PASSED] - click: Object: 'Object Repository/ADMIN/Categories/Category/button_Save' is clicked on

2019-05-27 09:36:40 - [MESSAGE][PASSED] - Object: 'Object Repository/ADMIN/Categories/Category/button_Save' is clicked on

2019-05-27 09:36:40 - [TEST_STEP][PASSED] - waitForElementVisible: Object 'Object Repository/ADMIN/Categories/Category/label_edit popup' is visible

2019-05-27 09:36:40 - [MESSAGE][WARNING] - Timeout '0' is invalid. Using default page load timeout: '30'

2019-05-27 09:36:40 - [MESSAGE][PASSED] - Object 'Object Repository/ADMIN/Categories/Category/label_edit popup' is visible

2019-05-27 09:36:40 - [TEST_STEP][PASSED] - waitForElementNotPresent: Web element with id: 'Object Repository/ADMIN/Categories/Category/label_edit popup' located by 'By.xpath: //div[(text() = 'Category was successfully saved.' or . = 'Category was successfully saved.')]' is not present after '30' second(s)

2019-05-27 09:36:40 - [MESSAGE][WARNING] - Timeout '0' is invalid. Using default page load timeout: '30'

2019-05-27 09:36:47 - [MESSAGE][PASSED] - Web element with id: 'Object Repository/ADMIN/Categories/Category/label_edit popup' located by 'By.xpath: //div[(text() = 'Category was successfully saved.' or . = 'Category was successfully saved.')]' is not present after '30' second(s)]]></system-out>
         <system-err><![CDATA[2019-05-27 09:36:30 - [TEST_CASE][FAILED] - Test Cases/ADMIN/Content Mgmt/Categories/Category Add-Edit/Add Category: Test Cases/ADMIN/Content Mgmt/Categories/Category Add-Edit/Add Category FAILED because (of) Unable to click on object 'Object Repository/ADMIN/Categories/Category List/button_Categories' (Root cause: org.openqa.selenium.ElementNotVisibleException: element not visible
  (Session info: chrome=74.0.3729.169)
  (Driver info: chromedriver=2.35.528161 (5b82f2d2aae0ca24b877009200ced9065a772e73),platform=Windows NT 6.1.7601 SP1 x86_64) (WARNING: The server did not provide any stacktrace information)
Command duration or timeout: 0 milliseconds
Build info: version: '3.7.1', revision: '8a0099a', time: '2017-11-06T21:07:36.161Z'
System info: host: 'ARCADIER-PC', ip: '10.10.31.95', os.name: 'Windows 7', os.arch: 'amd64', os.version: '6.1', java.version: '1.8.0_102'
Driver info: com.kms.katalon.core.webui.driver.ExistingRemoteWebDriver
Capabilities {javascriptEnabled: true, platform: ANY, platformName: ANY}
Session ID: f912d58d04e0ea049492dcdbe1240f08)]]></system-err>
      </testcase>
      <testcase name="Test Cases/ADMIN/Content Mgmt/Categories/Category Add-Edit/Add Category" classname="Test Cases/ADMIN/Content Mgmt/Categories/Category Add-Edit/Add Category" status="FAILED">
         <failure type="FAILED" message="Unable to click on object 'Object Repository/ADMIN/Categories/Category List/button_Categories' (Root cause: org.openqa.selenium.ElementNotVisibleException: element not visible
  (Session info: chrome=74.0.3729.169)
  (Driver info: chromedriver=2.35.528161 (5b82f2d2aae0ca24b877009200ced9065a772e73),platform=Windows NT 6.1.7601 SP1 x86_64) (WARNING: The server did not provide any stacktrace information)
Command duration or timeout: 0 milliseconds
Build info: version: '3.7.1', revision: '8a0099a', time: '2017-11-06T21:07:36.161Z'
System info: host: 'ARCADIER-PC', ip: '10.10.31.95', os.name: 'Windows 7', os.arch: 'amd64', os.version: '6.1', java.version: '1.8.0_102'
Driver info: com.kms.katalon.core.webui.driver.ExistingRemoteWebDriver
Capabilities {javascriptEnabled: true, platform: ANY, platformName: ANY}
Session ID: f912d58d04e0ea049492dcdbe1240f08)"/>
         <system-out><![CDATA[2019-05-27 09:36:47 - [TEST_CASE][FAILED] - Test Cases/ADMIN/Content Mgmt/Categories/Category Add-Edit/Add Category: Test Cases/ADMIN/Content Mgmt/Categories/Category Add-Edit/Add Category FAILED because (of) Unable to click on object 'Object Repository/ADMIN/Categories/Category List/button_Categories' (Root cause: org.openqa.selenium.ElementNotVisibleException: element not visible
  (Session info: chrome=74.0.3729.169)
  (Driver info: chromedriver=2.35.528161 (5b82f2d2aae0ca24b877009200ced9065a772e73),platform=Windows NT 6.1.7601 SP1 x86_64) (WARNING: The server did not provide any stacktrace information)
Command duration or timeout: 0 milliseconds
Build info: version: '3.7.1', revision: '8a0099a', time: '2017-11-06T21:07:36.161Z'
System info: host: 'ARCADIER-PC', ip: '10.10.31.95', os.name: 'Windows 7', os.arch: 'amd64', os.version: '6.1', java.version: '1.8.0_102'
Driver info: com.kms.katalon.core.webui.driver.ExistingRemoteWebDriver
Capabilities {javascriptEnabled: true, platform: ANY, platformName: ANY}
Session ID: f912d58d04e0ea049492dcdbe1240f08)

2019-05-27 09:36:47 - [TEST_STEP][PASSED] - waitForElementVisible: Object 'Object Repository/ADMIN/Categories/Category List/button_Content Mgmt' is visible

2019-05-27 09:36:47 - [MESSAGE][WARNING] - Timeout '0' is invalid. Using default page load timeout: '30'

2019-05-27 09:36:47 - [MESSAGE][PASSED] - Object 'Object Repository/ADMIN/Categories/Category List/button_Content Mgmt' is visible

2019-05-27 09:36:47 - [TEST_STEP][PASSED] - click: Object: 'Object Repository/ADMIN/Categories/Category List/button_Content Mgmt' is clicked on

2019-05-27 09:36:47 - [MESSAGE][PASSED] - Object: 'Object Repository/ADMIN/Categories/Category List/button_Content Mgmt' is clicked on

2019-05-27 09:36:47 - [TEST_STEP][PASSED] - waitForElementVisible: Object 'Object Repository/ADMIN/Categories/Category List/button_Categories' is visible

2019-05-27 09:36:47 - [MESSAGE][WARNING] - Timeout '0' is invalid. Using default page load timeout: '30'

2019-05-27 09:36:47 - [MESSAGE][PASSED] - Object 'Object Repository/ADMIN/Categories/Category List/button_Categories' is visible

2019-05-27 09:36:47 - [TEST_STEP][FAILED] - click: Unable to click on object 'Object Repository/ADMIN/Categories/Category List/button_Categories' (Root cause: org.openqa.selenium.ElementNotVisibleException: element not visible
  (Session info: chrome=74.0.3729.169)
  (Driver info: chromedriver=2.35.528161 (5b82f2d2aae0ca24b877009200ced9065a772e73),platform=Windows NT 6.1.7601 SP1 x86_64) (WARNING: The server did not provide any stacktrace information)
Command duration or timeout: 0 milliseconds
Build info: version: '3.7.1', revision: '8a0099a', time: '2017-11-06T21:07:36.161Z'
System info: host: 'ARCADIER-PC', ip: '10.10.31.95', os.name: 'Windows 7', os.arch: 'amd64', os.version: '6.1', java.version: '1.8.0_102'
Driver info: com.kms.katalon.core.webui.driver.ExistingRemoteWebDriver
Capabilities {javascriptEnabled: true, platform: ANY, platformName: ANY}
Session ID: f912d58d04e0ea049492dcdbe1240f08)

2019-05-27 09:36:48 - [MESSAGE][FAILED] - Unable to click on object 'Object Repository/ADMIN/Categories/Category List/button_Categories' (Root cause: org.openqa.selenium.ElementNotVisibleException: element not visible
  (Session info: chrome=74.0.3729.169)
  (Driver info: chromedriver=2.35.528161 (5b82f2d2aae0ca24b877009200ced9065a772e73),platform=Windows NT 6.1.7601 SP1 x86_64) (WARNING: The server did not provide any stacktrace information)
Command duration or timeout: 0 milliseconds
Build info: version: '3.7.1', revision: '8a0099a', time: '2017-11-06T21:07:36.161Z'
System info: host: 'ARCADIER-PC', ip: '10.10.31.95', os.name: 'Windows 7', os.arch: 'amd64', os.version: '6.1', java.version: '1.8.0_102'
Driver info: com.kms.katalon.core.webui.driver.ExistingRemoteWebDriver
Capabilities {javascriptEnabled: true, platform: ANY, platformName: ANY}
Session ID: f912d58d04e0ea049492dcdbe1240f08)
[[ATTACHMENT|C:\\Users\\Arcadier\\git\\Arctick\\Reports\\Suites\\Admin Category\\20190527_092604\\1558921007670.png]]

2019-05-27 09:36:48 - [TEST_STEP][PASSED] - waitForPageLoad: Wait for page load successfully

2019-05-27 09:36:48 - [MESSAGE][WARNING] - Timeout '0' is invalid. Using default page load timeout: '30'

2019-05-27 09:36:48 - [MESSAGE][PASSED] - Wait for page load successfully

2019-05-27 09:36:48 - [TEST_STEP][PASSED] - click: Object: 'Object Repository/ADMIN/Categories/Category List/button_Add a Category' is clicked on

2019-05-27 09:36:48 - [MESSAGE][PASSED] - Object: 'Object Repository/ADMIN/Categories/Category List/button_Add a Category' is clicked on

2019-05-27 09:36:48 - [TEST_STEP][PASSED] - waitForElementPresent: Object 'Object Repository/ADMIN/Categories/Category/dropdown_Parent' is present

2019-05-27 09:36:48 - [MESSAGE][PASSED] - Object 'Object Repository/ADMIN/Categories/Category/dropdown_Parent' is present

2019-05-27 09:36:48 - [TEST_STEP][PASSED] - delay: Delayed 1 second(s)

2019-05-27 09:36:49 - [MESSAGE][PASSED] - Delayed 1 second(s)

2019-05-27 09:36:49 - [TEST_STEP][PASSED] - setText: Text 'Category 2.6.2.3' is set on object 'Object Repository/ADMIN/Categories/Category/textfield_Category Name'

2019-05-27 09:36:49 - [MESSAGE][PASSED] - Text 'Category 2.6.2.3' is set on object 'Object Repository/ADMIN/Categories/Category/textfield_Category Name'

2019-05-27 09:36:49 - [TEST_STEP][PASSED] - click: Object: 'Object Repository/ADMIN/Categories/Category/dropdown_Parent' is clicked on

2019-05-27 09:36:49 - [MESSAGE][PASSED] - Object: 'Object Repository/ADMIN/Categories/Category/dropdown_Parent' is clicked on

2019-05-27 09:36:49 - [TEST_STEP][PASSED] - delay: Delayed 2 second(s)

2019-05-27 09:36:51 - [MESSAGE][PASSED] - Delayed 2 second(s)

2019-05-27 09:36:51 - [TEST_STEP][PASSED] - click: Object: 'Object Repository/ADMIN/Categories/Category/dropdown_Parent' is clicked on

2019-05-27 09:36:52 - [MESSAGE][PASSED] - Object: 'Object Repository/ADMIN/Categories/Category/dropdown_Parent' is clicked on

2019-05-27 09:36:52 - [TEST_STEP][PASSED] - selectOptionByLabel: All options with label 'Category 2.6.2' are selected in object 'Object Repository/ADMIN/Categories/Category/dropdown_Parent' 

2019-05-27 09:36:52 - [MESSAGE][PASSED] - All options with label 'Category 2.6.2' are selected in object 'Object Repository/ADMIN/Categories/Category/dropdown_Parent' 

2019-05-27 09:36:52 - [TEST_STEP][PASSED] - click: Object: 'Object Repository/ADMIN/Categories/Category/button_Browse' is clicked on

2019-05-27 09:36:52 - [MESSAGE][PASSED] - Object: 'Object Repository/ADMIN/Categories/Category/button_Browse' is clicked on

2019-05-27 09:36:52 - [TEST_STEP][PASSED] - delay: Delayed 2 second(s)

2019-05-27 09:36:54 - [MESSAGE][PASSED] - Delayed 2 second(s)

2019-05-27 09:36:54 - [TEST_STEP][PASSED] - uploadFile: File 'C:\\Katalon\\Image\\pic9.jpg' sent to object: 'Object Repository/ADMIN/Categories/Category/image_input image'

2019-05-27 09:36:54 - [MESSAGE][PASSED] - File 'C:\\Katalon\\Image\\pic9.jpg' sent to object: 'Object Repository/ADMIN/Categories/Category/image_input image'

2019-05-27 09:36:54 - [TEST_STEP][PASSED] - waitForElementVisible: Object 'Object Repository/ADMIN/Categories/Category/button_upload check' is visible

2019-05-27 09:36:54 - [MESSAGE][WARNING] - Timeout '0' is invalid. Using default page load timeout: '30'

2019-05-27 09:36:54 - [MESSAGE][PASSED] - Object 'Object Repository/ADMIN/Categories/Category/button_upload check' is visible

2019-05-27 09:36:54 - [TEST_STEP][PASSED] - click: Object: 'Object Repository/ADMIN/Categories/Category/button_upload check' is clicked on

2019-05-27 09:36:54 - [MESSAGE][PASSED] - Object: 'Object Repository/ADMIN/Categories/Category/button_upload check' is clicked on

2019-05-27 09:36:54 - [TEST_STEP][PASSED] - click: Object: 'Object Repository/ADMIN/Categories/Category/button_upload save' is clicked on

2019-05-27 09:36:55 - [MESSAGE][PASSED] - Object: 'Object Repository/ADMIN/Categories/Category/button_upload save' is clicked on

2019-05-27 09:36:55 - [TEST_STEP][PASSED] - waitForElementVisible: Object 'Object Repository/ADMIN/Categories/Category/button_upload save' is visible

2019-05-27 09:36:55 - [MESSAGE][WARNING] - Timeout '0' is invalid. Using default page load timeout: '30'

2019-05-27 09:36:55 - [MESSAGE][PASSED] - Object 'Object Repository/ADMIN/Categories/Category/button_upload save' is visible

2019-05-27 09:36:55 - [TEST_STEP][PASSED] - setText: Text 'Description34' is set on object 'Object Repository/ADMIN/Categories/Category/textfield_category_description'

2019-05-27 09:36:56 - [MESSAGE][PASSED] - Text 'Description34' is set on object 'Object Repository/ADMIN/Categories/Category/textfield_category_description'

2019-05-27 09:36:56 - [TEST_STEP][PASSED] - click: Object: 'Object Repository/ADMIN/Categories/Category/button_Save' is clicked on

2019-05-27 09:36:56 - [MESSAGE][PASSED] - Object: 'Object Repository/ADMIN/Categories/Category/button_Save' is clicked on

2019-05-27 09:36:56 - [TEST_STEP][PASSED] - waitForElementVisible: Object 'Object Repository/ADMIN/Categories/Category/label_edit popup' is visible

2019-05-27 09:36:56 - [MESSAGE][WARNING] - Timeout '0' is invalid. Using default page load timeout: '30'

2019-05-27 09:36:56 - [MESSAGE][PASSED] - Object 'Object Repository/ADMIN/Categories/Category/label_edit popup' is visible

2019-05-27 09:36:56 - [TEST_STEP][PASSED] - waitForElementNotPresent: Web element with id: 'Object Repository/ADMIN/Categories/Category/label_edit popup' located by 'By.xpath: //div[(text() = 'Category was successfully saved.' or . = 'Category was successfully saved.')]' is not present after '30' second(s)

2019-05-27 09:36:56 - [MESSAGE][WARNING] - Timeout '0' is invalid. Using default page load timeout: '30'

2019-05-27 09:37:03 - [MESSAGE][PASSED] - Web element with id: 'Object Repository/ADMIN/Categories/Category/label_edit popup' located by 'By.xpath: //div[(text() = 'Category was successfully saved.' or . = 'Category was successfully saved.')]' is not present after '30' second(s)]]></system-out>
         <system-err><![CDATA[2019-05-27 09:36:47 - [TEST_CASE][FAILED] - Test Cases/ADMIN/Content Mgmt/Categories/Category Add-Edit/Add Category: Test Cases/ADMIN/Content Mgmt/Categories/Category Add-Edit/Add Category FAILED because (of) Unable to click on object 'Object Repository/ADMIN/Categories/Category List/button_Categories' (Root cause: org.openqa.selenium.ElementNotVisibleException: element not visible
  (Session info: chrome=74.0.3729.169)
  (Driver info: chromedriver=2.35.528161 (5b82f2d2aae0ca24b877009200ced9065a772e73),platform=Windows NT 6.1.7601 SP1 x86_64) (WARNING: The server did not provide any stacktrace information)
Command duration or timeout: 0 milliseconds
Build info: version: '3.7.1', revision: '8a0099a', time: '2017-11-06T21:07:36.161Z'
System info: host: 'ARCADIER-PC', ip: '10.10.31.95', os.name: 'Windows 7', os.arch: 'amd64', os.version: '6.1', java.version: '1.8.0_102'
Driver info: com.kms.katalon.core.webui.driver.ExistingRemoteWebDriver
Capabilities {javascriptEnabled: true, platform: ANY, platformName: ANY}
Session ID: f912d58d04e0ea049492dcdbe1240f08)]]></system-err>
      </testcase>
      <testcase name="Test Cases/ADMIN/Content Mgmt/Categories/Category Add-Edit/Add Category" classname="Test Cases/ADMIN/Content Mgmt/Categories/Category Add-Edit/Add Category" status="PASSED">
         <system-out><![CDATA[2019-05-27 09:37:03 - [TEST_CASE][PASSED] - Test Cases/ADMIN/Content Mgmt/Categories/Category Add-Edit/Add Category: Test Cases/ADMIN/Content Mgmt/Categories/Category Add-Edit/Add Category

2019-05-27 09:37:03 - [TEST_STEP][PASSED] - waitForElementVisible: Object 'Object Repository/ADMIN/Categories/Category List/button_Content Mgmt' is visible

2019-05-27 09:37:03 - [MESSAGE][WARNING] - Timeout '0' is invalid. Using default page load timeout: '30'

2019-05-27 09:37:03 - [MESSAGE][PASSED] - Object 'Object Repository/ADMIN/Categories/Category List/button_Content Mgmt' is visible

2019-05-27 09:37:03 - [TEST_STEP][PASSED] - click: Object: 'Object Repository/ADMIN/Categories/Category List/button_Content Mgmt' is clicked on

2019-05-27 09:37:03 - [MESSAGE][PASSED] - Object: 'Object Repository/ADMIN/Categories/Category List/button_Content Mgmt' is clicked on

2019-05-27 09:37:03 - [TEST_STEP][PASSED] - waitForElementVisible: Object 'Object Repository/ADMIN/Categories/Category List/button_Categories' is visible

2019-05-27 09:37:03 - [MESSAGE][WARNING] - Timeout '0' is invalid. Using default page load timeout: '30'

2019-05-27 09:37:03 - [MESSAGE][PASSED] - Object 'Object Repository/ADMIN/Categories/Category List/button_Categories' is visible

2019-05-27 09:37:03 - [TEST_STEP][PASSED] - click: Object: 'Object Repository/ADMIN/Categories/Category List/button_Categories' is clicked on

2019-05-27 09:37:03 - [MESSAGE][PASSED] - Object: 'Object Repository/ADMIN/Categories/Category List/button_Categories' is clicked on

2019-05-27 09:37:03 - [TEST_STEP][PASSED] - waitForPageLoad: Wait for page load successfully

2019-05-27 09:37:03 - [MESSAGE][WARNING] - Timeout '0' is invalid. Using default page load timeout: '30'

2019-05-27 09:37:03 - [MESSAGE][PASSED] - Wait for page load successfully

2019-05-27 09:37:03 - [TEST_STEP][PASSED] - click: Object: 'Object Repository/ADMIN/Categories/Category List/button_Add a Category' is clicked on

2019-05-27 09:37:03 - [MESSAGE][PASSED] - Object: 'Object Repository/ADMIN/Categories/Category List/button_Add a Category' is clicked on

2019-05-27 09:37:03 - [TEST_STEP][PASSED] - waitForElementPresent: Object 'Object Repository/ADMIN/Categories/Category/dropdown_Parent' is present

2019-05-27 09:37:04 - [MESSAGE][PASSED] - Object 'Object Repository/ADMIN/Categories/Category/dropdown_Parent' is present

2019-05-27 09:37:04 - [TEST_STEP][PASSED] - delay: Delayed 1 second(s)

2019-05-27 09:37:05 - [MESSAGE][PASSED] - Delayed 1 second(s)

2019-05-27 09:37:05 - [TEST_STEP][PASSED] - setText: Text 'Category 3' is set on object 'Object Repository/ADMIN/Categories/Category/textfield_Category Name'

2019-05-27 09:37:05 - [MESSAGE][PASSED] - Text 'Category 3' is set on object 'Object Repository/ADMIN/Categories/Category/textfield_Category Name'

2019-05-27 09:37:05 - [TEST_STEP][PASSED] - click: Object: 'Object Repository/ADMIN/Categories/Category/dropdown_Parent' is clicked on

2019-05-27 09:37:06 - [MESSAGE][PASSED] - Object: 'Object Repository/ADMIN/Categories/Category/dropdown_Parent' is clicked on

2019-05-27 09:37:06 - [TEST_STEP][PASSED] - delay: Delayed 2 second(s)

2019-05-27 09:37:08 - [MESSAGE][PASSED] - Delayed 2 second(s)

2019-05-27 09:37:08 - [TEST_STEP][PASSED] - click: Object: 'Object Repository/ADMIN/Categories/Category/dropdown_Parent' is clicked on

2019-05-27 09:37:08 - [MESSAGE][PASSED] - Object: 'Object Repository/ADMIN/Categories/Category/dropdown_Parent' is clicked on

2019-05-27 09:37:08 - [TEST_STEP][PASSED] - selectOptionByLabel: All options with label '-' are selected in object 'Object Repository/ADMIN/Categories/Category/dropdown_Parent' 

2019-05-27 09:37:08 - [MESSAGE][PASSED] - All options with label '-' are selected in object 'Object Repository/ADMIN/Categories/Category/dropdown_Parent' 

2019-05-27 09:37:08 - [TEST_STEP][PASSED] - click: Object: 'Object Repository/ADMIN/Categories/Category/button_Browse' is clicked on

2019-05-27 09:37:08 - [MESSAGE][PASSED] - Object: 'Object Repository/ADMIN/Categories/Category/button_Browse' is clicked on

2019-05-27 09:37:08 - [TEST_STEP][PASSED] - delay: Delayed 2 second(s)

2019-05-27 09:37:10 - [MESSAGE][PASSED] - Delayed 2 second(s)

2019-05-27 09:37:10 - [TEST_STEP][PASSED] - uploadFile: File 'C:\\Katalon\\Image\\pic10.jpg' sent to object: 'Object Repository/ADMIN/Categories/Category/image_input image'

2019-05-27 09:37:10 - [MESSAGE][PASSED] - File 'C:\\Katalon\\Image\\pic10.jpg' sent to object: 'Object Repository/ADMIN/Categories/Category/image_input image'

2019-05-27 09:37:10 - [TEST_STEP][PASSED] - waitForElementVisible: Object 'Object Repository/ADMIN/Categories/Category/button_upload check' is visible

2019-05-27 09:37:10 - [MESSAGE][WARNING] - Timeout '0' is invalid. Using default page load timeout: '30'

2019-05-27 09:37:11 - [MESSAGE][PASSED] - Object 'Object Repository/ADMIN/Categories/Category/button_upload check' is visible

2019-05-27 09:37:11 - [TEST_STEP][PASSED] - click: Object: 'Object Repository/ADMIN/Categories/Category/button_upload check' is clicked on

2019-05-27 09:37:11 - [MESSAGE][PASSED] - Object: 'Object Repository/ADMIN/Categories/Category/button_upload check' is clicked on

2019-05-27 09:37:11 - [TEST_STEP][PASSED] - click: Object: 'Object Repository/ADMIN/Categories/Category/button_upload save' is clicked on

2019-05-27 09:37:11 - [MESSAGE][PASSED] - Object: 'Object Repository/ADMIN/Categories/Category/button_upload save' is clicked on

2019-05-27 09:37:11 - [TEST_STEP][PASSED] - waitForElementVisible: Object 'Object Repository/ADMIN/Categories/Category/button_upload save' is visible

2019-05-27 09:37:11 - [MESSAGE][WARNING] - Timeout '0' is invalid. Using default page load timeout: '30'

2019-05-27 09:37:11 - [MESSAGE][PASSED] - Object 'Object Repository/ADMIN/Categories/Category/button_upload save' is visible

2019-05-27 09:37:11 - [TEST_STEP][PASSED] - setText: Text 'Description35' is set on object 'Object Repository/ADMIN/Categories/Category/textfield_category_description'

2019-05-27 09:37:12 - [MESSAGE][PASSED] - Text 'Description35' is set on object 'Object Repository/ADMIN/Categories/Category/textfield_category_description'

2019-05-27 09:37:12 - [TEST_STEP][PASSED] - click: Object: 'Object Repository/ADMIN/Categories/Category/button_Save' is clicked on

2019-05-27 09:37:12 - [MESSAGE][PASSED] - Object: 'Object Repository/ADMIN/Categories/Category/button_Save' is clicked on

2019-05-27 09:37:12 - [TEST_STEP][PASSED] - waitForElementVisible: Object 'Object Repository/ADMIN/Categories/Category/label_edit popup' is visible

2019-05-27 09:37:12 - [MESSAGE][WARNING] - Timeout '0' is invalid. Using default page load timeout: '30'

2019-05-27 09:37:13 - [MESSAGE][PASSED] - Object 'Object Repository/ADMIN/Categories/Category/label_edit popup' is visible

2019-05-27 09:37:13 - [TEST_STEP][PASSED] - waitForElementNotPresent: Web element with id: 'Object Repository/ADMIN/Categories/Category/label_edit popup' located by 'By.xpath: //div[(text() = 'Category was successfully saved.' or . = 'Category was successfully saved.')]' is not present after '30' second(s)

2019-05-27 09:37:13 - [MESSAGE][WARNING] - Timeout '0' is invalid. Using default page load timeout: '30'

2019-05-27 09:37:19 - [MESSAGE][PASSED] - Web element with id: 'Object Repository/ADMIN/Categories/Category/label_edit popup' located by 'By.xpath: //div[(text() = 'Category was successfully saved.' or . = 'Category was successfully saved.')]' is not present after '30' second(s)]]></system-out>
         <system-err><![CDATA[]]></system-err>
      </testcase>
      <testcase name="Test Cases/ADMIN/Content Mgmt/Categories/Category Add-Edit/Add Category" classname="Test Cases/ADMIN/Content Mgmt/Categories/Category Add-Edit/Add Category" status="FAILED">
         <failure type="FAILED" message="Unable to wait for object 'Object Repository/ADMIN/Categories/Category/button_upload save' to be visible (Root cause: org.openqa.selenium.StaleElementReferenceException: stale element reference: element is not attached to the page document
  (Session info: chrome=74.0.3729.169)
  (Driver info: chromedriver=2.35.528161 (5b82f2d2aae0ca24b877009200ced9065a772e73),platform=Windows NT 6.1.7601 SP1 x86_64) (WARNING: The server did not provide any stacktrace information)
Command duration or timeout: 0 milliseconds
For documentation on this error, please visit: http://seleniumhq.org/exceptions/stale_element_reference.html
Build info: version: '3.7.1', revision: '8a0099a', time: '2017-11-06T21:07:36.161Z'
System info: host: 'ARCADIER-PC', ip: '10.10.31.95', os.name: 'Windows 7', os.arch: 'amd64', os.version: '6.1', java.version: '1.8.0_102'
Driver info: com.kms.katalon.core.webui.driver.ExistingRemoteWebDriver
Capabilities {javascriptEnabled: true, platform: ANY, platformName: ANY}
Session ID: f912d58d04e0ea049492dcdbe1240f08)"/>
         <system-out><![CDATA[2019-05-27 09:37:19 - [TEST_CASE][FAILED] - Test Cases/ADMIN/Content Mgmt/Categories/Category Add-Edit/Add Category: Test Cases/ADMIN/Content Mgmt/Categories/Category Add-Edit/Add Category FAILED because (of) Unable to wait for object 'Object Repository/ADMIN/Categories/Category/button_upload save' to be visible (Root cause: org.openqa.selenium.StaleElementReferenceException: stale element reference: element is not attached to the page document
  (Session info: chrome=74.0.3729.169)
  (Driver info: chromedriver=2.35.528161 (5b82f2d2aae0ca24b877009200ced9065a772e73),platform=Windows NT 6.1.7601 SP1 x86_64) (WARNING: The server did not provide any stacktrace information)
Command duration or timeout: 0 milliseconds
For documentation on this error, please visit: http://seleniumhq.org/exceptions/stale_element_reference.html
Build info: version: '3.7.1', revision: '8a0099a', time: '2017-11-06T21:07:36.161Z'
System info: host: 'ARCADIER-PC', ip: '10.10.31.95', os.name: 'Windows 7', os.arch: 'amd64', os.version: '6.1', java.version: '1.8.0_102'
Driver info: com.kms.katalon.core.webui.driver.ExistingRemoteWebDriver
Capabilities {javascriptEnabled: true, platform: ANY, platformName: ANY}
Session ID: f912d58d04e0ea049492dcdbe1240f08)

2019-05-27 09:37:19 - [TEST_STEP][PASSED] - waitForElementVisible: Object 'Object Repository/ADMIN/Categories/Category List/button_Content Mgmt' is visible

2019-05-27 09:37:19 - [MESSAGE][WARNING] - Timeout '0' is invalid. Using default page load timeout: '30'

2019-05-27 09:37:19 - [MESSAGE][PASSED] - Object 'Object Repository/ADMIN/Categories/Category List/button_Content Mgmt' is visible

2019-05-27 09:37:19 - [TEST_STEP][PASSED] - click: Object: 'Object Repository/ADMIN/Categories/Category List/button_Content Mgmt' is clicked on

2019-05-27 09:37:19 - [MESSAGE][PASSED] - Object: 'Object Repository/ADMIN/Categories/Category List/button_Content Mgmt' is clicked on

2019-05-27 09:37:19 - [TEST_STEP][PASSED] - waitForElementVisible: Object 'Object Repository/ADMIN/Categories/Category List/button_Categories' is visible

2019-05-27 09:37:19 - [MESSAGE][WARNING] - Timeout '0' is invalid. Using default page load timeout: '30'

2019-05-27 09:37:20 - [MESSAGE][PASSED] - Object 'Object Repository/ADMIN/Categories/Category List/button_Categories' is visible

2019-05-27 09:37:20 - [TEST_STEP][PASSED] - click: Object: 'Object Repository/ADMIN/Categories/Category List/button_Categories' is clicked on

2019-05-27 09:37:21 - [MESSAGE][PASSED] - Object: 'Object Repository/ADMIN/Categories/Category List/button_Categories' is clicked on

2019-05-27 09:37:21 - [TEST_STEP][PASSED] - waitForPageLoad: Wait for page load successfully

2019-05-27 09:37:21 - [MESSAGE][WARNING] - Timeout '0' is invalid. Using default page load timeout: '30'

2019-05-27 09:37:21 - [MESSAGE][PASSED] - Wait for page load successfully

2019-05-27 09:37:21 - [TEST_STEP][PASSED] - click: Object: 'Object Repository/ADMIN/Categories/Category List/button_Add a Category' is clicked on

2019-05-27 09:37:21 - [MESSAGE][PASSED] - Object: 'Object Repository/ADMIN/Categories/Category List/button_Add a Category' is clicked on

2019-05-27 09:37:21 - [TEST_STEP][PASSED] - waitForElementPresent: Object 'Object Repository/ADMIN/Categories/Category/dropdown_Parent' is present

2019-05-27 09:37:22 - [MESSAGE][PASSED] - Object 'Object Repository/ADMIN/Categories/Category/dropdown_Parent' is present

2019-05-27 09:37:22 - [TEST_STEP][PASSED] - delay: Delayed 1 second(s)

2019-05-27 09:37:23 - [MESSAGE][PASSED] - Delayed 1 second(s)

2019-05-27 09:37:23 - [TEST_STEP][PASSED] - setText: Text 'Category 3.1' is set on object 'Object Repository/ADMIN/Categories/Category/textfield_Category Name'

2019-05-27 09:37:23 - [MESSAGE][PASSED] - Text 'Category 3.1' is set on object 'Object Repository/ADMIN/Categories/Category/textfield_Category Name'

2019-05-27 09:37:23 - [TEST_STEP][PASSED] - click: Object: 'Object Repository/ADMIN/Categories/Category/dropdown_Parent' is clicked on

2019-05-27 09:37:23 - [MESSAGE][PASSED] - Object: 'Object Repository/ADMIN/Categories/Category/dropdown_Parent' is clicked on

2019-05-27 09:37:23 - [TEST_STEP][PASSED] - delay: Delayed 2 second(s)

2019-05-27 09:37:25 - [MESSAGE][PASSED] - Delayed 2 second(s)

2019-05-27 09:37:25 - [TEST_STEP][PASSED] - click: Object: 'Object Repository/ADMIN/Categories/Category/dropdown_Parent' is clicked on

2019-05-27 09:37:26 - [MESSAGE][PASSED] - Object: 'Object Repository/ADMIN/Categories/Category/dropdown_Parent' is clicked on

2019-05-27 09:37:26 - [TEST_STEP][PASSED] - selectOptionByLabel: All options with label 'Category 3' are selected in object 'Object Repository/ADMIN/Categories/Category/dropdown_Parent' 

2019-05-27 09:37:26 - [MESSAGE][PASSED] - All options with label 'Category 3' are selected in object 'Object Repository/ADMIN/Categories/Category/dropdown_Parent' 

2019-05-27 09:37:26 - [TEST_STEP][PASSED] - click: Object: 'Object Repository/ADMIN/Categories/Category/button_Browse' is clicked on

2019-05-27 09:37:26 - [MESSAGE][PASSED] - Object: 'Object Repository/ADMIN/Categories/Category/button_Browse' is clicked on

2019-05-27 09:37:26 - [TEST_STEP][PASSED] - delay: Delayed 2 second(s)

2019-05-27 09:37:28 - [MESSAGE][PASSED] - Delayed 2 second(s)

2019-05-27 09:37:28 - [TEST_STEP][PASSED] - uploadFile: File 'C:\\Katalon\\Image\\pic11.jpg' sent to object: 'Object Repository/ADMIN/Categories/Category/image_input image'

2019-05-27 09:37:28 - [MESSAGE][PASSED] - File 'C:\\Katalon\\Image\\pic11.jpg' sent to object: 'Object Repository/ADMIN/Categories/Category/image_input image'

2019-05-27 09:37:28 - [TEST_STEP][PASSED] - waitForElementVisible: Object 'Object Repository/ADMIN/Categories/Category/button_upload check' is visible

2019-05-27 09:37:28 - [MESSAGE][WARNING] - Timeout '0' is invalid. Using default page load timeout: '30'

2019-05-27 09:37:28 - [MESSAGE][PASSED] - Object 'Object Repository/ADMIN/Categories/Category/button_upload check' is visible

2019-05-27 09:37:28 - [TEST_STEP][PASSED] - click: Object: 'Object Repository/ADMIN/Categories/Category/button_upload check' is clicked on

2019-05-27 09:37:28 - [MESSAGE][PASSED] - Object: 'Object Repository/ADMIN/Categories/Category/button_upload check' is clicked on

2019-05-27 09:37:28 - [TEST_STEP][PASSED] - click: Object: 'Object Repository/ADMIN/Categories/Category/button_upload save' is clicked on

2019-05-27 09:37:29 - [MESSAGE][PASSED] - Object: 'Object Repository/ADMIN/Categories/Category/button_upload save' is clicked on

2019-05-27 09:37:29 - [TEST_STEP][FAILED] - waitForElementVisible: Unable to wait for object 'Object Repository/ADMIN/Categories/Category/button_upload save' to be visible (Root cause: org.openqa.selenium.StaleElementReferenceException: stale element reference: element is not attached to the page document
  (Session info: chrome=74.0.3729.169)
  (Driver info: chromedriver=2.35.528161 (5b82f2d2aae0ca24b877009200ced9065a772e73),platform=Windows NT 6.1.7601 SP1 x86_64) (WARNING: The server did not provide any stacktrace information)
Command duration or timeout: 0 milliseconds
For documentation on this error, please visit: http://seleniumhq.org/exceptions/stale_element_reference.html
Build info: version: '3.7.1', revision: '8a0099a', time: '2017-11-06T21:07:36.161Z'
System info: host: 'ARCADIER-PC', ip: '10.10.31.95', os.name: 'Windows 7', os.arch: 'amd64', os.version: '6.1', java.version: '1.8.0_102'
Driver info: com.kms.katalon.core.webui.driver.ExistingRemoteWebDriver
Capabilities {javascriptEnabled: true, platform: ANY, platformName: ANY}
Session ID: f912d58d04e0ea049492dcdbe1240f08)

2019-05-27 09:37:29 - [MESSAGE][WARNING] - Timeout '0' is invalid. Using default page load timeout: '30'

2019-05-27 09:37:30 - [MESSAGE][FAILED] - Unable to wait for object 'Object Repository/ADMIN/Categories/Category/button_upload save' to be visible (Root cause: org.openqa.selenium.StaleElementReferenceException: stale element reference: element is not attached to the page document
  (Session info: chrome=74.0.3729.169)
  (Driver info: chromedriver=2.35.528161 (5b82f2d2aae0ca24b877009200ced9065a772e73),platform=Windows NT 6.1.7601 SP1 x86_64) (WARNING: The server did not provide any stacktrace information)
Command duration or timeout: 0 milliseconds
For documentation on this error, please visit: http://seleniumhq.org/exceptions/stale_element_reference.html
Build info: version: '3.7.1', revision: '8a0099a', time: '2017-11-06T21:07:36.161Z'
System info: host: 'ARCADIER-PC', ip: '10.10.31.95', os.name: 'Windows 7', os.arch: 'amd64', os.version: '6.1', java.version: '1.8.0_102'
Driver info: com.kms.katalon.core.webui.driver.ExistingRemoteWebDriver
Capabilities {javascriptEnabled: true, platform: ANY, platformName: ANY}
Session ID: f912d58d04e0ea049492dcdbe1240f08)
[[ATTACHMENT|C:\\Users\\Arcadier\\git\\Arctick\\Reports\\Suites\\Admin Category\\20190527_092604\\1558921050315.png]]

2019-05-27 09:37:30 - [TEST_STEP][PASSED] - setText: Text 'Description36' is set on object 'Object Repository/ADMIN/Categories/Category/textfield_category_description'

2019-05-27 09:37:31 - [MESSAGE][PASSED] - Text 'Description36' is set on object 'Object Repository/ADMIN/Categories/Category/textfield_category_description'

2019-05-27 09:37:31 - [TEST_STEP][PASSED] - click: Object: 'Object Repository/ADMIN/Categories/Category/button_Save' is clicked on

2019-05-27 09:37:31 - [MESSAGE][PASSED] - Object: 'Object Repository/ADMIN/Categories/Category/button_Save' is clicked on

2019-05-27 09:37:31 - [TEST_STEP][PASSED] - waitForElementVisible: Object 'Object Repository/ADMIN/Categories/Category/label_edit popup' is visible

2019-05-27 09:37:31 - [MESSAGE][WARNING] - Timeout '0' is invalid. Using default page load timeout: '30'

2019-05-27 09:37:31 - [MESSAGE][PASSED] - Object 'Object Repository/ADMIN/Categories/Category/label_edit popup' is visible

2019-05-27 09:37:31 - [TEST_STEP][PASSED] - waitForElementNotPresent: Web element with id: 'Object Repository/ADMIN/Categories/Category/label_edit popup' located by 'By.xpath: //div[(text() = 'Category was successfully saved.' or . = 'Category was successfully saved.')]' is not present after '30' second(s)

2019-05-27 09:37:31 - [MESSAGE][WARNING] - Timeout '0' is invalid. Using default page load timeout: '30'

2019-05-27 09:37:38 - [MESSAGE][PASSED] - Web element with id: 'Object Repository/ADMIN/Categories/Category/label_edit popup' located by 'By.xpath: //div[(text() = 'Category was successfully saved.' or . = 'Category was successfully saved.')]' is not present after '30' second(s)]]></system-out>
         <system-err><![CDATA[2019-05-27 09:37:19 - [TEST_CASE][FAILED] - Test Cases/ADMIN/Content Mgmt/Categories/Category Add-Edit/Add Category: Test Cases/ADMIN/Content Mgmt/Categories/Category Add-Edit/Add Category FAILED because (of) Unable to wait for object 'Object Repository/ADMIN/Categories/Category/button_upload save' to be visible (Root cause: org.openqa.selenium.StaleElementReferenceException: stale element reference: element is not attached to the page document
  (Session info: chrome=74.0.3729.169)
  (Driver info: chromedriver=2.35.528161 (5b82f2d2aae0ca24b877009200ced9065a772e73),platform=Windows NT 6.1.7601 SP1 x86_64) (WARNING: The server did not provide any stacktrace information)
Command duration or timeout: 0 milliseconds
For documentation on this error, please visit: http://seleniumhq.org/exceptions/stale_element_reference.html
Build info: version: '3.7.1', revision: '8a0099a', time: '2017-11-06T21:07:36.161Z'
System info: host: 'ARCADIER-PC', ip: '10.10.31.95', os.name: 'Windows 7', os.arch: 'amd64', os.version: '6.1', java.version: '1.8.0_102'
Driver info: com.kms.katalon.core.webui.driver.ExistingRemoteWebDriver
Capabilities {javascriptEnabled: true, platform: ANY, platformName: ANY}
Session ID: f912d58d04e0ea049492dcdbe1240f08)]]></system-err>
      </testcase>
      <testcase name="Test Cases/ADMIN/Content Mgmt/Categories/Category Add-Edit/Add Category" classname="Test Cases/ADMIN/Content Mgmt/Categories/Category Add-Edit/Add Category" status="PASSED">
         <system-out><![CDATA[2019-05-27 09:37:38 - [TEST_CASE][PASSED] - Test Cases/ADMIN/Content Mgmt/Categories/Category Add-Edit/Add Category: Test Cases/ADMIN/Content Mgmt/Categories/Category Add-Edit/Add Category

2019-05-27 09:37:38 - [TEST_STEP][PASSED] - waitForElementVisible: Object 'Object Repository/ADMIN/Categories/Category List/button_Content Mgmt' is visible

2019-05-27 09:37:38 - [MESSAGE][WARNING] - Timeout '0' is invalid. Using default page load timeout: '30'

2019-05-27 09:37:38 - [MESSAGE][PASSED] - Object 'Object Repository/ADMIN/Categories/Category List/button_Content Mgmt' is visible

2019-05-27 09:37:38 - [TEST_STEP][PASSED] - click: Object: 'Object Repository/ADMIN/Categories/Category List/button_Content Mgmt' is clicked on

2019-05-27 09:37:38 - [MESSAGE][PASSED] - Object: 'Object Repository/ADMIN/Categories/Category List/button_Content Mgmt' is clicked on

2019-05-27 09:37:38 - [TEST_STEP][PASSED] - waitForElementVisible: Object 'Object Repository/ADMIN/Categories/Category List/button_Categories' is visible

2019-05-27 09:37:38 - [MESSAGE][WARNING] - Timeout '0' is invalid. Using default page load timeout: '30'

2019-05-27 09:37:38 - [MESSAGE][PASSED] - Object 'Object Repository/ADMIN/Categories/Category List/button_Categories' is visible

2019-05-27 09:37:38 - [TEST_STEP][PASSED] - click: Object: 'Object Repository/ADMIN/Categories/Category List/button_Categories' is clicked on

2019-05-27 09:37:39 - [MESSAGE][PASSED] - Object: 'Object Repository/ADMIN/Categories/Category List/button_Categories' is clicked on

2019-05-27 09:37:39 - [TEST_STEP][PASSED] - waitForPageLoad: Wait for page load successfully

2019-05-27 09:37:39 - [MESSAGE][WARNING] - Timeout '0' is invalid. Using default page load timeout: '30'

2019-05-27 09:37:40 - [MESSAGE][PASSED] - Wait for page load successfully

2019-05-27 09:37:40 - [TEST_STEP][PASSED] - click: Object: 'Object Repository/ADMIN/Categories/Category List/button_Add a Category' is clicked on

2019-05-27 09:37:41 - [MESSAGE][PASSED] - Object: 'Object Repository/ADMIN/Categories/Category List/button_Add a Category' is clicked on

2019-05-27 09:37:41 - [TEST_STEP][PASSED] - waitForElementPresent: Object 'Object Repository/ADMIN/Categories/Category/dropdown_Parent' is present

2019-05-27 09:37:41 - [MESSAGE][PASSED] - Object 'Object Repository/ADMIN/Categories/Category/dropdown_Parent' is present

2019-05-27 09:37:41 - [TEST_STEP][PASSED] - delay: Delayed 1 second(s)

2019-05-27 09:37:42 - [MESSAGE][PASSED] - Delayed 1 second(s)

2019-05-27 09:37:42 - [TEST_STEP][PASSED] - setText: Text 'Category 3.2' is set on object 'Object Repository/ADMIN/Categories/Category/textfield_Category Name'

2019-05-27 09:37:42 - [MESSAGE][PASSED] - Text 'Category 3.2' is set on object 'Object Repository/ADMIN/Categories/Category/textfield_Category Name'

2019-05-27 09:37:42 - [TEST_STEP][PASSED] - click: Object: 'Object Repository/ADMIN/Categories/Category/dropdown_Parent' is clicked on

2019-05-27 09:37:42 - [MESSAGE][PASSED] - Object: 'Object Repository/ADMIN/Categories/Category/dropdown_Parent' is clicked on

2019-05-27 09:37:42 - [TEST_STEP][PASSED] - delay: Delayed 2 second(s)

2019-05-27 09:37:44 - [MESSAGE][PASSED] - Delayed 2 second(s)

2019-05-27 09:37:44 - [TEST_STEP][PASSED] - click: Object: 'Object Repository/ADMIN/Categories/Category/dropdown_Parent' is clicked on

2019-05-27 09:37:45 - [MESSAGE][PASSED] - Object: 'Object Repository/ADMIN/Categories/Category/dropdown_Parent' is clicked on

2019-05-27 09:37:45 - [TEST_STEP][PASSED] - selectOptionByLabel: All options with label 'Category 3' are selected in object 'Object Repository/ADMIN/Categories/Category/dropdown_Parent' 

2019-05-27 09:37:45 - [MESSAGE][PASSED] - All options with label 'Category 3' are selected in object 'Object Repository/ADMIN/Categories/Category/dropdown_Parent' 

2019-05-27 09:37:45 - [TEST_STEP][PASSED] - click: Object: 'Object Repository/ADMIN/Categories/Category/button_Browse' is clicked on

2019-05-27 09:37:45 - [MESSAGE][PASSED] - Object: 'Object Repository/ADMIN/Categories/Category/button_Browse' is clicked on

2019-05-27 09:37:45 - [TEST_STEP][PASSED] - delay: Delayed 2 second(s)

2019-05-27 09:37:47 - [MESSAGE][PASSED] - Delayed 2 second(s)

2019-05-27 09:37:47 - [TEST_STEP][PASSED] - uploadFile: File 'C:\\Katalon\\Image\\pic12.jpg' sent to object: 'Object Repository/ADMIN/Categories/Category/image_input image'

2019-05-27 09:37:47 - [MESSAGE][PASSED] - File 'C:\\Katalon\\Image\\pic12.jpg' sent to object: 'Object Repository/ADMIN/Categories/Category/image_input image'

2019-05-27 09:37:47 - [TEST_STEP][PASSED] - waitForElementVisible: Object 'Object Repository/ADMIN/Categories/Category/button_upload check' is visible

2019-05-27 09:37:47 - [MESSAGE][WARNING] - Timeout '0' is invalid. Using default page load timeout: '30'

2019-05-27 09:37:47 - [MESSAGE][PASSED] - Object 'Object Repository/ADMIN/Categories/Category/button_upload check' is visible

2019-05-27 09:37:47 - [TEST_STEP][PASSED] - click: Object: 'Object Repository/ADMIN/Categories/Category/button_upload check' is clicked on

2019-05-27 09:37:47 - [MESSAGE][PASSED] - Object: 'Object Repository/ADMIN/Categories/Category/button_upload check' is clicked on

2019-05-27 09:37:47 - [TEST_STEP][PASSED] - click: Object: 'Object Repository/ADMIN/Categories/Category/button_upload save' is clicked on

2019-05-27 09:37:48 - [MESSAGE][PASSED] - Object: 'Object Repository/ADMIN/Categories/Category/button_upload save' is clicked on

2019-05-27 09:37:48 - [TEST_STEP][PASSED] - waitForElementVisible: Object 'Object Repository/ADMIN/Categories/Category/button_upload save' is visible

2019-05-27 09:37:48 - [MESSAGE][WARNING] - Timeout '0' is invalid. Using default page load timeout: '30'

2019-05-27 09:37:48 - [MESSAGE][PASSED] - Object 'Object Repository/ADMIN/Categories/Category/button_upload save' is visible

2019-05-27 09:37:48 - [TEST_STEP][PASSED] - setText: Text 'Description37' is set on object 'Object Repository/ADMIN/Categories/Category/textfield_category_description'

2019-05-27 09:37:48 - [MESSAGE][PASSED] - Text 'Description37' is set on object 'Object Repository/ADMIN/Categories/Category/textfield_category_description'

2019-05-27 09:37:48 - [TEST_STEP][PASSED] - click: Object: 'Object Repository/ADMIN/Categories/Category/button_Save' is clicked on

2019-05-27 09:37:49 - [MESSAGE][PASSED] - Object: 'Object Repository/ADMIN/Categories/Category/button_Save' is clicked on

2019-05-27 09:37:49 - [TEST_STEP][PASSED] - waitForElementVisible: Object 'Object Repository/ADMIN/Categories/Category/label_edit popup' is visible

2019-05-27 09:37:49 - [MESSAGE][WARNING] - Timeout '0' is invalid. Using default page load timeout: '30'

2019-05-27 09:37:49 - [MESSAGE][PASSED] - Object 'Object Repository/ADMIN/Categories/Category/label_edit popup' is visible

2019-05-27 09:37:49 - [TEST_STEP][PASSED] - waitForElementNotPresent: Web element with id: 'Object Repository/ADMIN/Categories/Category/label_edit popup' located by 'By.xpath: //div[(text() = 'Category was successfully saved.' or . = 'Category was successfully saved.')]' is not present after '30' second(s)

2019-05-27 09:37:49 - [MESSAGE][WARNING] - Timeout '0' is invalid. Using default page load timeout: '30'

2019-05-27 09:37:56 - [MESSAGE][PASSED] - Web element with id: 'Object Repository/ADMIN/Categories/Category/label_edit popup' located by 'By.xpath: //div[(text() = 'Category was successfully saved.' or . = 'Category was successfully saved.')]' is not present after '30' second(s)]]></system-out>
         <system-err><![CDATA[]]></system-err>
      </testcase>
      <testcase name="Test Cases/ADMIN/Content Mgmt/Categories/Category Add-Edit/Add Category" classname="Test Cases/ADMIN/Content Mgmt/Categories/Category Add-Edit/Add Category" status="FAILED">
         <failure type="FAILED" message="Unable to click on object 'Object Repository/ADMIN/Categories/Category List/button_Categories' (Root cause: org.openqa.selenium.ElementNotVisibleException: element not visible
  (Session info: chrome=74.0.3729.169)
  (Driver info: chromedriver=2.35.528161 (5b82f2d2aae0ca24b877009200ced9065a772e73),platform=Windows NT 6.1.7601 SP1 x86_64) (WARNING: The server did not provide any stacktrace information)
Command duration or timeout: 0 milliseconds
Build info: version: '3.7.1', revision: '8a0099a', time: '2017-11-06T21:07:36.161Z'
System info: host: 'ARCADIER-PC', ip: '10.10.31.95', os.name: 'Windows 7', os.arch: 'amd64', os.version: '6.1', java.version: '1.8.0_102'
Driver info: com.kms.katalon.core.webui.driver.ExistingRemoteWebDriver
Capabilities {javascriptEnabled: true, platform: ANY, platformName: ANY}
Session ID: f912d58d04e0ea049492dcdbe1240f08)"/>
         <system-out><![CDATA[2019-05-27 09:37:56 - [TEST_CASE][FAILED] - Test Cases/ADMIN/Content Mgmt/Categories/Category Add-Edit/Add Category: Test Cases/ADMIN/Content Mgmt/Categories/Category Add-Edit/Add Category FAILED because (of) Unable to click on object 'Object Repository/ADMIN/Categories/Category List/button_Categories' (Root cause: org.openqa.selenium.ElementNotVisibleException: element not visible
  (Session info: chrome=74.0.3729.169)
  (Driver info: chromedriver=2.35.528161 (5b82f2d2aae0ca24b877009200ced9065a772e73),platform=Windows NT 6.1.7601 SP1 x86_64) (WARNING: The server did not provide any stacktrace information)
Command duration or timeout: 0 milliseconds
Build info: version: '3.7.1', revision: '8a0099a', time: '2017-11-06T21:07:36.161Z'
System info: host: 'ARCADIER-PC', ip: '10.10.31.95', os.name: 'Windows 7', os.arch: 'amd64', os.version: '6.1', java.version: '1.8.0_102'
Driver info: com.kms.katalon.core.webui.driver.ExistingRemoteWebDriver
Capabilities {javascriptEnabled: true, platform: ANY, platformName: ANY}
Session ID: f912d58d04e0ea049492dcdbe1240f08)

2019-05-27 09:37:56 - [TEST_STEP][PASSED] - waitForElementVisible: Object 'Object Repository/ADMIN/Categories/Category List/button_Content Mgmt' is visible

2019-05-27 09:37:56 - [MESSAGE][WARNING] - Timeout '0' is invalid. Using default page load timeout: '30'

2019-05-27 09:37:56 - [MESSAGE][PASSED] - Object 'Object Repository/ADMIN/Categories/Category List/button_Content Mgmt' is visible

2019-05-27 09:37:56 - [TEST_STEP][PASSED] - click: Object: 'Object Repository/ADMIN/Categories/Category List/button_Content Mgmt' is clicked on

2019-05-27 09:37:56 - [MESSAGE][PASSED] - Object: 'Object Repository/ADMIN/Categories/Category List/button_Content Mgmt' is clicked on

2019-05-27 09:37:56 - [TEST_STEP][PASSED] - waitForElementVisible: Object 'Object Repository/ADMIN/Categories/Category List/button_Categories' is visible

2019-05-27 09:37:56 - [MESSAGE][WARNING] - Timeout '0' is invalid. Using default page load timeout: '30'

2019-05-27 09:37:56 - [MESSAGE][PASSED] - Object 'Object Repository/ADMIN/Categories/Category List/button_Categories' is visible

2019-05-27 09:37:56 - [TEST_STEP][FAILED] - click: Unable to click on object 'Object Repository/ADMIN/Categories/Category List/button_Categories' (Root cause: org.openqa.selenium.ElementNotVisibleException: element not visible
  (Session info: chrome=74.0.3729.169)
  (Driver info: chromedriver=2.35.528161 (5b82f2d2aae0ca24b877009200ced9065a772e73),platform=Windows NT 6.1.7601 SP1 x86_64) (WARNING: The server did not provide any stacktrace information)
Command duration or timeout: 0 milliseconds
Build info: version: '3.7.1', revision: '8a0099a', time: '2017-11-06T21:07:36.161Z'
System info: host: 'ARCADIER-PC', ip: '10.10.31.95', os.name: 'Windows 7', os.arch: 'amd64', os.version: '6.1', java.version: '1.8.0_102'
Driver info: com.kms.katalon.core.webui.driver.ExistingRemoteWebDriver
Capabilities {javascriptEnabled: true, platform: ANY, platformName: ANY}
Session ID: f912d58d04e0ea049492dcdbe1240f08)

2019-05-27 09:37:57 - [MESSAGE][FAILED] - Unable to click on object 'Object Repository/ADMIN/Categories/Category List/button_Categories' (Root cause: org.openqa.selenium.ElementNotVisibleException: element not visible
  (Session info: chrome=74.0.3729.169)
  (Driver info: chromedriver=2.35.528161 (5b82f2d2aae0ca24b877009200ced9065a772e73),platform=Windows NT 6.1.7601 SP1 x86_64) (WARNING: The server did not provide any stacktrace information)
Command duration or timeout: 0 milliseconds
Build info: version: '3.7.1', revision: '8a0099a', time: '2017-11-06T21:07:36.161Z'
System info: host: 'ARCADIER-PC', ip: '10.10.31.95', os.name: 'Windows 7', os.arch: 'amd64', os.version: '6.1', java.version: '1.8.0_102'
Driver info: com.kms.katalon.core.webui.driver.ExistingRemoteWebDriver
Capabilities {javascriptEnabled: true, platform: ANY, platformName: ANY}
Session ID: f912d58d04e0ea049492dcdbe1240f08)
[[ATTACHMENT|C:\\Users\\Arcadier\\git\\Arctick\\Reports\\Suites\\Admin Category\\20190527_092604\\1558921076915.png]]

2019-05-27 09:37:57 - [TEST_STEP][PASSED] - waitForPageLoad: Wait for page load successfully

2019-05-27 09:37:57 - [MESSAGE][WARNING] - Timeout '0' is invalid. Using default page load timeout: '30'

2019-05-27 09:37:57 - [MESSAGE][PASSED] - Wait for page load successfully

2019-05-27 09:37:57 - [TEST_STEP][PASSED] - click: Object: 'Object Repository/ADMIN/Categories/Category List/button_Add a Category' is clicked on

2019-05-27 09:37:57 - [MESSAGE][PASSED] - Object: 'Object Repository/ADMIN/Categories/Category List/button_Add a Category' is clicked on

2019-05-27 09:37:57 - [TEST_STEP][PASSED] - waitForElementPresent: Object 'Object Repository/ADMIN/Categories/Category/dropdown_Parent' is present

2019-05-27 09:37:57 - [MESSAGE][PASSED] - Object 'Object Repository/ADMIN/Categories/Category/dropdown_Parent' is present

2019-05-27 09:37:57 - [TEST_STEP][PASSED] - delay: Delayed 1 second(s)

2019-05-27 09:37:58 - [MESSAGE][PASSED] - Delayed 1 second(s)

2019-05-27 09:37:58 - [TEST_STEP][PASSED] - setText: Text 'Category 3.3' is set on object 'Object Repository/ADMIN/Categories/Category/textfield_Category Name'

2019-05-27 09:37:59 - [MESSAGE][PASSED] - Text 'Category 3.3' is set on object 'Object Repository/ADMIN/Categories/Category/textfield_Category Name'

2019-05-27 09:37:59 - [TEST_STEP][PASSED] - click: Object: 'Object Repository/ADMIN/Categories/Category/dropdown_Parent' is clicked on

2019-05-27 09:37:59 - [MESSAGE][PASSED] - Object: 'Object Repository/ADMIN/Categories/Category/dropdown_Parent' is clicked on

2019-05-27 09:37:59 - [TEST_STEP][PASSED] - delay: Delayed 2 second(s)

2019-05-27 09:38:01 - [MESSAGE][PASSED] - Delayed 2 second(s)

2019-05-27 09:38:01 - [TEST_STEP][PASSED] - click: Object: 'Object Repository/ADMIN/Categories/Category/dropdown_Parent' is clicked on

2019-05-27 09:38:01 - [MESSAGE][PASSED] - Object: 'Object Repository/ADMIN/Categories/Category/dropdown_Parent' is clicked on

2019-05-27 09:38:01 - [TEST_STEP][PASSED] - selectOptionByLabel: All options with label 'Category 3' are selected in object 'Object Repository/ADMIN/Categories/Category/dropdown_Parent' 

2019-05-27 09:38:01 - [MESSAGE][PASSED] - All options with label 'Category 3' are selected in object 'Object Repository/ADMIN/Categories/Category/dropdown_Parent' 

2019-05-27 09:38:01 - [TEST_STEP][PASSED] - click: Object: 'Object Repository/ADMIN/Categories/Category/button_Browse' is clicked on

2019-05-27 09:38:01 - [MESSAGE][PASSED] - Object: 'Object Repository/ADMIN/Categories/Category/button_Browse' is clicked on

2019-05-27 09:38:01 - [TEST_STEP][PASSED] - delay: Delayed 2 second(s)

2019-05-27 09:38:03 - [MESSAGE][PASSED] - Delayed 2 second(s)

2019-05-27 09:38:03 - [TEST_STEP][PASSED] - uploadFile: File 'C:\\Katalon\\Image\\pic1.jpg' sent to object: 'Object Repository/ADMIN/Categories/Category/image_input image'

2019-05-27 09:38:04 - [MESSAGE][PASSED] - File 'C:\\Katalon\\Image\\pic1.jpg' sent to object: 'Object Repository/ADMIN/Categories/Category/image_input image'

2019-05-27 09:38:04 - [TEST_STEP][PASSED] - waitForElementVisible: Object 'Object Repository/ADMIN/Categories/Category/button_upload check' is visible

2019-05-27 09:38:04 - [MESSAGE][WARNING] - Timeout '0' is invalid. Using default page load timeout: '30'

2019-05-27 09:38:04 - [MESSAGE][PASSED] - Object 'Object Repository/ADMIN/Categories/Category/button_upload check' is visible

2019-05-27 09:38:04 - [TEST_STEP][PASSED] - click: Object: 'Object Repository/ADMIN/Categories/Category/button_upload check' is clicked on

2019-05-27 09:38:04 - [MESSAGE][PASSED] - Object: 'Object Repository/ADMIN/Categories/Category/button_upload check' is clicked on

2019-05-27 09:38:04 - [TEST_STEP][PASSED] - click: Object: 'Object Repository/ADMIN/Categories/Category/button_upload save' is clicked on

2019-05-27 09:38:04 - [MESSAGE][PASSED] - Object: 'Object Repository/ADMIN/Categories/Category/button_upload save' is clicked on

2019-05-27 09:38:04 - [TEST_STEP][FAILED] - waitForElementVisible: Unable to wait for object 'Object Repository/ADMIN/Categories/Category/button_upload save' to be visible (Root cause: org.openqa.selenium.StaleElementReferenceException: stale element reference: element is not attached to the page document
  (Session info: chrome=74.0.3729.169)
  (Driver info: chromedriver=2.35.528161 (5b82f2d2aae0ca24b877009200ced9065a772e73),platform=Windows NT 6.1.7601 SP1 x86_64) (WARNING: The server did not provide any stacktrace information)
Command duration or timeout: 0 milliseconds
For documentation on this error, please visit: http://seleniumhq.org/exceptions/stale_element_reference.html
Build info: version: '3.7.1', revision: '8a0099a', time: '2017-11-06T21:07:36.161Z'
System info: host: 'ARCADIER-PC', ip: '10.10.31.95', os.name: 'Windows 7', os.arch: 'amd64', os.version: '6.1', java.version: '1.8.0_102'
Driver info: com.kms.katalon.core.webui.driver.ExistingRemoteWebDriver
Capabilities {javascriptEnabled: true, platform: ANY, platformName: ANY}
Session ID: f912d58d04e0ea049492dcdbe1240f08)

2019-05-27 09:38:04 - [MESSAGE][WARNING] - Timeout '0' is invalid. Using default page load timeout: '30'

2019-05-27 09:38:05 - [MESSAGE][FAILED] - Unable to wait for object 'Object Repository/ADMIN/Categories/Category/button_upload save' to be visible (Root cause: org.openqa.selenium.StaleElementReferenceException: stale element reference: element is not attached to the page document
  (Session info: chrome=74.0.3729.169)
  (Driver info: chromedriver=2.35.528161 (5b82f2d2aae0ca24b877009200ced9065a772e73),platform=Windows NT 6.1.7601 SP1 x86_64) (WARNING: The server did not provide any stacktrace information)
Command duration or timeout: 0 milliseconds
For documentation on this error, please visit: http://seleniumhq.org/exceptions/stale_element_reference.html
Build info: version: '3.7.1', revision: '8a0099a', time: '2017-11-06T21:07:36.161Z'
System info: host: 'ARCADIER-PC', ip: '10.10.31.95', os.name: 'Windows 7', os.arch: 'amd64', os.version: '6.1', java.version: '1.8.0_102'
Driver info: com.kms.katalon.core.webui.driver.ExistingRemoteWebDriver
Capabilities {javascriptEnabled: true, platform: ANY, platformName: ANY}
Session ID: f912d58d04e0ea049492dcdbe1240f08)
[[ATTACHMENT|C:\\Users\\Arcadier\\git\\Arctick\\Reports\\Suites\\Admin Category\\20190527_092604\\1558921085110.png]]

2019-05-27 09:38:05 - [TEST_STEP][PASSED] - setText: Text 'Description38' is set on object 'Object Repository/ADMIN/Categories/Category/textfield_category_description'

2019-05-27 09:38:05 - [MESSAGE][PASSED] - Text 'Description38' is set on object 'Object Repository/ADMIN/Categories/Category/textfield_category_description'

2019-05-27 09:38:05 - [TEST_STEP][PASSED] - click: Object: 'Object Repository/ADMIN/Categories/Category/button_Save' is clicked on

2019-05-27 09:38:06 - [MESSAGE][PASSED] - Object: 'Object Repository/ADMIN/Categories/Category/button_Save' is clicked on

2019-05-27 09:38:06 - [TEST_STEP][PASSED] - waitForElementVisible: Object 'Object Repository/ADMIN/Categories/Category/label_edit popup' is visible

2019-05-27 09:38:06 - [MESSAGE][WARNING] - Timeout '0' is invalid. Using default page load timeout: '30'

2019-05-27 09:38:06 - [MESSAGE][PASSED] - Object 'Object Repository/ADMIN/Categories/Category/label_edit popup' is visible

2019-05-27 09:38:06 - [TEST_STEP][PASSED] - waitForElementNotPresent: Web element with id: 'Object Repository/ADMIN/Categories/Category/label_edit popup' located by 'By.xpath: //div[(text() = 'Category was successfully saved.' or . = 'Category was successfully saved.')]' is not present after '30' second(s)

2019-05-27 09:38:06 - [MESSAGE][WARNING] - Timeout '0' is invalid. Using default page load timeout: '30'

2019-05-27 09:38:12 - [MESSAGE][PASSED] - Web element with id: 'Object Repository/ADMIN/Categories/Category/label_edit popup' located by 'By.xpath: //div[(text() = 'Category was successfully saved.' or . = 'Category was successfully saved.')]' is not present after '30' second(s)]]></system-out>
         <system-err><![CDATA[2019-05-27 09:37:56 - [TEST_CASE][FAILED] - Test Cases/ADMIN/Content Mgmt/Categories/Category Add-Edit/Add Category: Test Cases/ADMIN/Content Mgmt/Categories/Category Add-Edit/Add Category FAILED because (of) Unable to click on object 'Object Repository/ADMIN/Categories/Category List/button_Categories' (Root cause: org.openqa.selenium.ElementNotVisibleException: element not visible
  (Session info: chrome=74.0.3729.169)
  (Driver info: chromedriver=2.35.528161 (5b82f2d2aae0ca24b877009200ced9065a772e73),platform=Windows NT 6.1.7601 SP1 x86_64) (WARNING: The server did not provide any stacktrace information)
Command duration or timeout: 0 milliseconds
Build info: version: '3.7.1', revision: '8a0099a', time: '2017-11-06T21:07:36.161Z'
System info: host: 'ARCADIER-PC', ip: '10.10.31.95', os.name: 'Windows 7', os.arch: 'amd64', os.version: '6.1', java.version: '1.8.0_102'
Driver info: com.kms.katalon.core.webui.driver.ExistingRemoteWebDriver
Capabilities {javascriptEnabled: true, platform: ANY, platformName: ANY}
Session ID: f912d58d04e0ea049492dcdbe1240f08)]]></system-err>
      </testcase>
      <testcase name="Test Cases/ADMIN/Content Mgmt/Categories/Category Add-Edit/Add Category" classname="Test Cases/ADMIN/Content Mgmt/Categories/Category Add-Edit/Add Category" status="FAILED">
         <failure type="FAILED" message="Unable to wait for object 'Object Repository/ADMIN/Categories/Category/button_upload save' to be visible (Root cause: org.openqa.selenium.StaleElementReferenceException: stale element reference: element is not attached to the page document
  (Session info: chrome=74.0.3729.169)
  (Driver info: chromedriver=2.35.528161 (5b82f2d2aae0ca24b877009200ced9065a772e73),platform=Windows NT 6.1.7601 SP1 x86_64) (WARNING: The server did not provide any stacktrace information)
Command duration or timeout: 0 milliseconds
For documentation on this error, please visit: http://seleniumhq.org/exceptions/stale_element_reference.html
Build info: version: '3.7.1', revision: '8a0099a', time: '2017-11-06T21:07:36.161Z'
System info: host: 'ARCADIER-PC', ip: '10.10.31.95', os.name: 'Windows 7', os.arch: 'amd64', os.version: '6.1', java.version: '1.8.0_102'
Driver info: com.kms.katalon.core.webui.driver.ExistingRemoteWebDriver
Capabilities {javascriptEnabled: true, platform: ANY, platformName: ANY}
Session ID: f912d58d04e0ea049492dcdbe1240f08)"/>
         <system-out><![CDATA[2019-05-27 09:38:12 - [TEST_CASE][FAILED] - Test Cases/ADMIN/Content Mgmt/Categories/Category Add-Edit/Add Category: Test Cases/ADMIN/Content Mgmt/Categories/Category Add-Edit/Add Category FAILED because (of) Unable to wait for object 'Object Repository/ADMIN/Categories/Category/button_upload save' to be visible (Root cause: org.openqa.selenium.StaleElementReferenceException: stale element reference: element is not attached to the page document
  (Session info: chrome=74.0.3729.169)
  (Driver info: chromedriver=2.35.528161 (5b82f2d2aae0ca24b877009200ced9065a772e73),platform=Windows NT 6.1.7601 SP1 x86_64) (WARNING: The server did not provide any stacktrace information)
Command duration or timeout: 0 milliseconds
For documentation on this error, please visit: http://seleniumhq.org/exceptions/stale_element_reference.html
Build info: version: '3.7.1', revision: '8a0099a', time: '2017-11-06T21:07:36.161Z'
System info: host: 'ARCADIER-PC', ip: '10.10.31.95', os.name: 'Windows 7', os.arch: 'amd64', os.version: '6.1', java.version: '1.8.0_102'
Driver info: com.kms.katalon.core.webui.driver.ExistingRemoteWebDriver
Capabilities {javascriptEnabled: true, platform: ANY, platformName: ANY}
Session ID: f912d58d04e0ea049492dcdbe1240f08)

2019-05-27 09:38:12 - [TEST_STEP][PASSED] - waitForElementVisible: Object 'Object Repository/ADMIN/Categories/Category List/button_Content Mgmt' is visible

2019-05-27 09:38:12 - [MESSAGE][WARNING] - Timeout '0' is invalid. Using default page load timeout: '30'

2019-05-27 09:38:13 - [MESSAGE][PASSED] - Object 'Object Repository/ADMIN/Categories/Category List/button_Content Mgmt' is visible

2019-05-27 09:38:13 - [TEST_STEP][PASSED] - click: Object: 'Object Repository/ADMIN/Categories/Category List/button_Content Mgmt' is clicked on

2019-05-27 09:38:13 - [MESSAGE][PASSED] - Object: 'Object Repository/ADMIN/Categories/Category List/button_Content Mgmt' is clicked on

2019-05-27 09:38:13 - [TEST_STEP][PASSED] - waitForElementVisible: Object 'Object Repository/ADMIN/Categories/Category List/button_Categories' is visible

2019-05-27 09:38:13 - [MESSAGE][WARNING] - Timeout '0' is invalid. Using default page load timeout: '30'

2019-05-27 09:38:13 - [MESSAGE][PASSED] - Object 'Object Repository/ADMIN/Categories/Category List/button_Categories' is visible

2019-05-27 09:38:13 - [TEST_STEP][PASSED] - click: Object: 'Object Repository/ADMIN/Categories/Category List/button_Categories' is clicked on

2019-05-27 09:38:13 - [MESSAGE][PASSED] - Object: 'Object Repository/ADMIN/Categories/Category List/button_Categories' is clicked on

2019-05-27 09:38:13 - [TEST_STEP][PASSED] - waitForPageLoad: Wait for page load successfully

2019-05-27 09:38:13 - [MESSAGE][WARNING] - Timeout '0' is invalid. Using default page load timeout: '30'

2019-05-27 09:38:14 - [MESSAGE][PASSED] - Wait for page load successfully

2019-05-27 09:38:14 - [TEST_STEP][PASSED] - click: Object: 'Object Repository/ADMIN/Categories/Category List/button_Add a Category' is clicked on

2019-05-27 09:38:15 - [MESSAGE][PASSED] - Object: 'Object Repository/ADMIN/Categories/Category List/button_Add a Category' is clicked on

2019-05-27 09:38:15 - [TEST_STEP][PASSED] - waitForElementPresent: Object 'Object Repository/ADMIN/Categories/Category/dropdown_Parent' is present

2019-05-27 09:38:15 - [MESSAGE][PASSED] - Object 'Object Repository/ADMIN/Categories/Category/dropdown_Parent' is present

2019-05-27 09:38:15 - [TEST_STEP][PASSED] - delay: Delayed 1 second(s)

2019-05-27 09:38:16 - [MESSAGE][PASSED] - Delayed 1 second(s)

2019-05-27 09:38:16 - [TEST_STEP][PASSED] - setText: Text 'Category 3.4' is set on object 'Object Repository/ADMIN/Categories/Category/textfield_Category Name'

2019-05-27 09:38:16 - [MESSAGE][PASSED] - Text 'Category 3.4' is set on object 'Object Repository/ADMIN/Categories/Category/textfield_Category Name'

2019-05-27 09:38:16 - [TEST_STEP][PASSED] - click: Object: 'Object Repository/ADMIN/Categories/Category/dropdown_Parent' is clicked on

2019-05-27 09:38:16 - [MESSAGE][PASSED] - Object: 'Object Repository/ADMIN/Categories/Category/dropdown_Parent' is clicked on

2019-05-27 09:38:16 - [TEST_STEP][PASSED] - delay: Delayed 2 second(s)

2019-05-27 09:38:18 - [MESSAGE][PASSED] - Delayed 2 second(s)

2019-05-27 09:38:18 - [TEST_STEP][PASSED] - click: Object: 'Object Repository/ADMIN/Categories/Category/dropdown_Parent' is clicked on

2019-05-27 09:38:18 - [MESSAGE][PASSED] - Object: 'Object Repository/ADMIN/Categories/Category/dropdown_Parent' is clicked on

2019-05-27 09:38:18 - [TEST_STEP][PASSED] - selectOptionByLabel: All options with label 'Category 3' are selected in object 'Object Repository/ADMIN/Categories/Category/dropdown_Parent' 

2019-05-27 09:38:19 - [MESSAGE][PASSED] - All options with label 'Category 3' are selected in object 'Object Repository/ADMIN/Categories/Category/dropdown_Parent' 

2019-05-27 09:38:19 - [TEST_STEP][PASSED] - click: Object: 'Object Repository/ADMIN/Categories/Category/button_Browse' is clicked on

2019-05-27 09:38:19 - [MESSAGE][PASSED] - Object: 'Object Repository/ADMIN/Categories/Category/button_Browse' is clicked on

2019-05-27 09:38:19 - [TEST_STEP][PASSED] - delay: Delayed 2 second(s)

2019-05-27 09:38:21 - [MESSAGE][PASSED] - Delayed 2 second(s)

2019-05-27 09:38:21 - [TEST_STEP][PASSED] - uploadFile: File 'C:\\Katalon\\Image\\pic2.jpg' sent to object: 'Object Repository/ADMIN/Categories/Category/image_input image'

2019-05-27 09:38:21 - [MESSAGE][PASSED] - File 'C:\\Katalon\\Image\\pic2.jpg' sent to object: 'Object Repository/ADMIN/Categories/Category/image_input image'

2019-05-27 09:38:21 - [TEST_STEP][PASSED] - waitForElementVisible: Object 'Object Repository/ADMIN/Categories/Category/button_upload check' is visible

2019-05-27 09:38:21 - [MESSAGE][WARNING] - Timeout '0' is invalid. Using default page load timeout: '30'

2019-05-27 09:38:21 - [MESSAGE][PASSED] - Object 'Object Repository/ADMIN/Categories/Category/button_upload check' is visible

2019-05-27 09:38:21 - [TEST_STEP][PASSED] - click: Object: 'Object Repository/ADMIN/Categories/Category/button_upload check' is clicked on

2019-05-27 09:38:21 - [MESSAGE][PASSED] - Object: 'Object Repository/ADMIN/Categories/Category/button_upload check' is clicked on

2019-05-27 09:38:21 - [TEST_STEP][PASSED] - click: Object: 'Object Repository/ADMIN/Categories/Category/button_upload save' is clicked on

2019-05-27 09:38:21 - [MESSAGE][PASSED] - Object: 'Object Repository/ADMIN/Categories/Category/button_upload save' is clicked on

2019-05-27 09:38:21 - [TEST_STEP][FAILED] - waitForElementVisible: Unable to wait for object 'Object Repository/ADMIN/Categories/Category/button_upload save' to be visible (Root cause: org.openqa.selenium.StaleElementReferenceException: stale element reference: element is not attached to the page document
  (Session info: chrome=74.0.3729.169)
  (Driver info: chromedriver=2.35.528161 (5b82f2d2aae0ca24b877009200ced9065a772e73),platform=Windows NT 6.1.7601 SP1 x86_64) (WARNING: The server did not provide any stacktrace information)
Command duration or timeout: 0 milliseconds
For documentation on this error, please visit: http://seleniumhq.org/exceptions/stale_element_reference.html
Build info: version: '3.7.1', revision: '8a0099a', time: '2017-11-06T21:07:36.161Z'
System info: host: 'ARCADIER-PC', ip: '10.10.31.95', os.name: 'Windows 7', os.arch: 'amd64', os.version: '6.1', java.version: '1.8.0_102'
Driver info: com.kms.katalon.core.webui.driver.ExistingRemoteWebDriver
Capabilities {javascriptEnabled: true, platform: ANY, platformName: ANY}
Session ID: f912d58d04e0ea049492dcdbe1240f08)

2019-05-27 09:38:21 - [MESSAGE][WARNING] - Timeout '0' is invalid. Using default page load timeout: '30'

2019-05-27 09:38:22 - [MESSAGE][FAILED] - Unable to wait for object 'Object Repository/ADMIN/Categories/Category/button_upload save' to be visible (Root cause: org.openqa.selenium.StaleElementReferenceException: stale element reference: element is not attached to the page document
  (Session info: chrome=74.0.3729.169)
  (Driver info: chromedriver=2.35.528161 (5b82f2d2aae0ca24b877009200ced9065a772e73),platform=Windows NT 6.1.7601 SP1 x86_64) (WARNING: The server did not provide any stacktrace information)
Command duration or timeout: 0 milliseconds
For documentation on this error, please visit: http://seleniumhq.org/exceptions/stale_element_reference.html
Build info: version: '3.7.1', revision: '8a0099a', time: '2017-11-06T21:07:36.161Z'
System info: host: 'ARCADIER-PC', ip: '10.10.31.95', os.name: 'Windows 7', os.arch: 'amd64', os.version: '6.1', java.version: '1.8.0_102'
Driver info: com.kms.katalon.core.webui.driver.ExistingRemoteWebDriver
Capabilities {javascriptEnabled: true, platform: ANY, platformName: ANY}
Session ID: f912d58d04e0ea049492dcdbe1240f08)
[[ATTACHMENT|C:\\Users\\Arcadier\\git\\Arctick\\Reports\\Suites\\Admin Category\\20190527_092604\\1558921102306.png]]

2019-05-27 09:38:22 - [TEST_STEP][PASSED] - setText: Text 'Description39' is set on object 'Object Repository/ADMIN/Categories/Category/textfield_category_description'

2019-05-27 09:38:23 - [MESSAGE][PASSED] - Text 'Description39' is set on object 'Object Repository/ADMIN/Categories/Category/textfield_category_description'

2019-05-27 09:38:23 - [TEST_STEP][PASSED] - click: Object: 'Object Repository/ADMIN/Categories/Category/button_Save' is clicked on

2019-05-27 09:38:23 - [MESSAGE][PASSED] - Object: 'Object Repository/ADMIN/Categories/Category/button_Save' is clicked on

2019-05-27 09:38:23 - [TEST_STEP][PASSED] - waitForElementVisible: Object 'Object Repository/ADMIN/Categories/Category/label_edit popup' is visible

2019-05-27 09:38:23 - [MESSAGE][WARNING] - Timeout '0' is invalid. Using default page load timeout: '30'

2019-05-27 09:38:23 - [MESSAGE][PASSED] - Object 'Object Repository/ADMIN/Categories/Category/label_edit popup' is visible

2019-05-27 09:38:23 - [TEST_STEP][PASSED] - waitForElementNotPresent: Web element with id: 'Object Repository/ADMIN/Categories/Category/label_edit popup' located by 'By.xpath: //div[(text() = 'Category was successfully saved.' or . = 'Category was successfully saved.')]' is not present after '30' second(s)

2019-05-27 09:38:23 - [MESSAGE][WARNING] - Timeout '0' is invalid. Using default page load timeout: '30'

2019-05-27 09:38:29 - [MESSAGE][PASSED] - Web element with id: 'Object Repository/ADMIN/Categories/Category/label_edit popup' located by 'By.xpath: //div[(text() = 'Category was successfully saved.' or . = 'Category was successfully saved.')]' is not present after '30' second(s)]]></system-out>
         <system-err><![CDATA[2019-05-27 09:38:12 - [TEST_CASE][FAILED] - Test Cases/ADMIN/Content Mgmt/Categories/Category Add-Edit/Add Category: Test Cases/ADMIN/Content Mgmt/Categories/Category Add-Edit/Add Category FAILED because (of) Unable to wait for object 'Object Repository/ADMIN/Categories/Category/button_upload save' to be visible (Root cause: org.openqa.selenium.StaleElementReferenceException: stale element reference: element is not attached to the page document
  (Session info: chrome=74.0.3729.169)
  (Driver info: chromedriver=2.35.528161 (5b82f2d2aae0ca24b877009200ced9065a772e73),platform=Windows NT 6.1.7601 SP1 x86_64) (WARNING: The server did not provide any stacktrace information)
Command duration or timeout: 0 milliseconds
For documentation on this error, please visit: http://seleniumhq.org/exceptions/stale_element_reference.html
Build info: version: '3.7.1', revision: '8a0099a', time: '2017-11-06T21:07:36.161Z'
System info: host: 'ARCADIER-PC', ip: '10.10.31.95', os.name: 'Windows 7', os.arch: 'amd64', os.version: '6.1', java.version: '1.8.0_102'
Driver info: com.kms.katalon.core.webui.driver.ExistingRemoteWebDriver
Capabilities {javascriptEnabled: true, platform: ANY, platformName: ANY}
Session ID: f912d58d04e0ea049492dcdbe1240f08)]]></system-err>
      </testcase>
      <testcase name="Test Cases/ADMIN/Content Mgmt/Categories/Category Add-Edit/Add Category" classname="Test Cases/ADMIN/Content Mgmt/Categories/Category Add-Edit/Add Category" status="PASSED">
         <system-out><![CDATA[2019-05-27 09:38:30 - [TEST_CASE][PASSED] - Test Cases/ADMIN/Content Mgmt/Categories/Category Add-Edit/Add Category: Test Cases/ADMIN/Content Mgmt/Categories/Category Add-Edit/Add Category

2019-05-27 09:38:30 - [TEST_STEP][PASSED] - waitForElementVisible: Object 'Object Repository/ADMIN/Categories/Category List/button_Content Mgmt' is visible

2019-05-27 09:38:30 - [MESSAGE][WARNING] - Timeout '0' is invalid. Using default page load timeout: '30'

2019-05-27 09:38:30 - [MESSAGE][PASSED] - Object 'Object Repository/ADMIN/Categories/Category List/button_Content Mgmt' is visible

2019-05-27 09:38:30 - [TEST_STEP][PASSED] - click: Object: 'Object Repository/ADMIN/Categories/Category List/button_Content Mgmt' is clicked on

2019-05-27 09:38:30 - [MESSAGE][PASSED] - Object: 'Object Repository/ADMIN/Categories/Category List/button_Content Mgmt' is clicked on

2019-05-27 09:38:30 - [TEST_STEP][PASSED] - waitForElementVisible: Object 'Object Repository/ADMIN/Categories/Category List/button_Categories' is visible

2019-05-27 09:38:30 - [MESSAGE][WARNING] - Timeout '0' is invalid. Using default page load timeout: '30'

2019-05-27 09:38:31 - [MESSAGE][PASSED] - Object 'Object Repository/ADMIN/Categories/Category List/button_Categories' is visible

2019-05-27 09:38:31 - [TEST_STEP][PASSED] - click: Object: 'Object Repository/ADMIN/Categories/Category List/button_Categories' is clicked on

2019-05-27 09:38:32 - [MESSAGE][PASSED] - Object: 'Object Repository/ADMIN/Categories/Category List/button_Categories' is clicked on

2019-05-27 09:38:32 - [TEST_STEP][PASSED] - waitForPageLoad: Wait for page load successfully

2019-05-27 09:38:32 - [MESSAGE][WARNING] - Timeout '0' is invalid. Using default page load timeout: '30'

2019-05-27 09:38:32 - [MESSAGE][PASSED] - Wait for page load successfully

2019-05-27 09:38:32 - [TEST_STEP][PASSED] - click: Object: 'Object Repository/ADMIN/Categories/Category List/button_Add a Category' is clicked on

2019-05-27 09:38:33 - [MESSAGE][PASSED] - Object: 'Object Repository/ADMIN/Categories/Category List/button_Add a Category' is clicked on

2019-05-27 09:38:33 - [TEST_STEP][PASSED] - waitForElementPresent: Object 'Object Repository/ADMIN/Categories/Category/dropdown_Parent' is present

2019-05-27 09:38:33 - [MESSAGE][PASSED] - Object 'Object Repository/ADMIN/Categories/Category/dropdown_Parent' is present

2019-05-27 09:38:33 - [TEST_STEP][PASSED] - delay: Delayed 1 second(s)

2019-05-27 09:38:34 - [MESSAGE][PASSED] - Delayed 1 second(s)

2019-05-27 09:38:34 - [TEST_STEP][PASSED] - setText: Text 'Category 3.5' is set on object 'Object Repository/ADMIN/Categories/Category/textfield_Category Name'

2019-05-27 09:38:35 - [MESSAGE][PASSED] - Text 'Category 3.5' is set on object 'Object Repository/ADMIN/Categories/Category/textfield_Category Name'

2019-05-27 09:38:35 - [TEST_STEP][PASSED] - click: Object: 'Object Repository/ADMIN/Categories/Category/dropdown_Parent' is clicked on

2019-05-27 09:38:35 - [MESSAGE][PASSED] - Object: 'Object Repository/ADMIN/Categories/Category/dropdown_Parent' is clicked on

2019-05-27 09:38:35 - [TEST_STEP][PASSED] - delay: Delayed 2 second(s)

2019-05-27 09:38:37 - [MESSAGE][PASSED] - Delayed 2 second(s)

2019-05-27 09:38:37 - [TEST_STEP][PASSED] - click: Object: 'Object Repository/ADMIN/Categories/Category/dropdown_Parent' is clicked on

2019-05-27 09:38:37 - [MESSAGE][PASSED] - Object: 'Object Repository/ADMIN/Categories/Category/dropdown_Parent' is clicked on

2019-05-27 09:38:37 - [TEST_STEP][PASSED] - selectOptionByLabel: All options with label 'Category 3' are selected in object 'Object Repository/ADMIN/Categories/Category/dropdown_Parent' 

2019-05-27 09:38:37 - [MESSAGE][PASSED] - All options with label 'Category 3' are selected in object 'Object Repository/ADMIN/Categories/Category/dropdown_Parent' 

2019-05-27 09:38:37 - [TEST_STEP][PASSED] - click: Object: 'Object Repository/ADMIN/Categories/Category/button_Browse' is clicked on

2019-05-27 09:38:37 - [MESSAGE][PASSED] - Object: 'Object Repository/ADMIN/Categories/Category/button_Browse' is clicked on

2019-05-27 09:38:37 - [TEST_STEP][PASSED] - delay: Delayed 2 second(s)

2019-05-27 09:38:39 - [MESSAGE][PASSED] - Delayed 2 second(s)

2019-05-27 09:38:39 - [TEST_STEP][PASSED] - uploadFile: File 'C:\\Katalon\\Image\\pic3.jpg' sent to object: 'Object Repository/ADMIN/Categories/Category/image_input image'

2019-05-27 09:38:40 - [MESSAGE][PASSED] - File 'C:\\Katalon\\Image\\pic3.jpg' sent to object: 'Object Repository/ADMIN/Categories/Category/image_input image'

2019-05-27 09:38:40 - [TEST_STEP][PASSED] - waitForElementVisible: Object 'Object Repository/ADMIN/Categories/Category/button_upload check' is visible

2019-05-27 09:38:40 - [MESSAGE][WARNING] - Timeout '0' is invalid. Using default page load timeout: '30'

2019-05-27 09:38:40 - [MESSAGE][PASSED] - Object 'Object Repository/ADMIN/Categories/Category/button_upload check' is visible

2019-05-27 09:38:40 - [TEST_STEP][PASSED] - click: Object: 'Object Repository/ADMIN/Categories/Category/button_upload check' is clicked on

2019-05-27 09:38:40 - [MESSAGE][PASSED] - Object: 'Object Repository/ADMIN/Categories/Category/button_upload check' is clicked on

2019-05-27 09:38:40 - [TEST_STEP][PASSED] - click: Object: 'Object Repository/ADMIN/Categories/Category/button_upload save' is clicked on

2019-05-27 09:38:41 - [MESSAGE][PASSED] - Object: 'Object Repository/ADMIN/Categories/Category/button_upload save' is clicked on

2019-05-27 09:38:41 - [TEST_STEP][PASSED] - waitForElementVisible: Object 'Object Repository/ADMIN/Categories/Category/button_upload save' is visible

2019-05-27 09:38:41 - [MESSAGE][WARNING] - Timeout '0' is invalid. Using default page load timeout: '30'

2019-05-27 09:38:41 - [MESSAGE][PASSED] - Object 'Object Repository/ADMIN/Categories/Category/button_upload save' is visible

2019-05-27 09:38:41 - [TEST_STEP][PASSED] - setText: Text 'Description40' is set on object 'Object Repository/ADMIN/Categories/Category/textfield_category_description'

2019-05-27 09:38:42 - [MESSAGE][PASSED] - Text 'Description40' is set on object 'Object Repository/ADMIN/Categories/Category/textfield_category_description'

2019-05-27 09:38:42 - [TEST_STEP][PASSED] - click: Object: 'Object Repository/ADMIN/Categories/Category/button_Save' is clicked on

2019-05-27 09:38:42 - [MESSAGE][PASSED] - Object: 'Object Repository/ADMIN/Categories/Category/button_Save' is clicked on

2019-05-27 09:38:42 - [TEST_STEP][PASSED] - waitForElementVisible: Object 'Object Repository/ADMIN/Categories/Category/label_edit popup' is visible

2019-05-27 09:38:42 - [MESSAGE][WARNING] - Timeout '0' is invalid. Using default page load timeout: '30'

2019-05-27 09:38:42 - [MESSAGE][PASSED] - Object 'Object Repository/ADMIN/Categories/Category/label_edit popup' is visible

2019-05-27 09:38:42 - [TEST_STEP][PASSED] - waitForElementNotPresent: Web element with id: 'Object Repository/ADMIN/Categories/Category/label_edit popup' located by 'By.xpath: //div[(text() = 'Category was successfully saved.' or . = 'Category was successfully saved.')]' is not present after '30' second(s)

2019-05-27 09:38:42 - [MESSAGE][WARNING] - Timeout '0' is invalid. Using default page load timeout: '30'

2019-05-27 09:38:48 - [MESSAGE][PASSED] - Web element with id: 'Object Repository/ADMIN/Categories/Category/label_edit popup' located by 'By.xpath: //div[(text() = 'Category was successfully saved.' or . = 'Category was successfully saved.')]' is not present after '30' second(s)]]></system-out>
         <system-err><![CDATA[]]></system-err>
      </testcase>
      <testcase name="Test Cases/ADMIN/Content Mgmt/Categories/Category Add-Edit/Add Category" classname="Test Cases/ADMIN/Content Mgmt/Categories/Category Add-Edit/Add Category" status="PASSED">
         <system-out><![CDATA[2019-05-27 09:38:48 - [TEST_CASE][PASSED] - Test Cases/ADMIN/Content Mgmt/Categories/Category Add-Edit/Add Category: Test Cases/ADMIN/Content Mgmt/Categories/Category Add-Edit/Add Category

2019-05-27 09:38:48 - [TEST_STEP][PASSED] - waitForElementVisible: Object 'Object Repository/ADMIN/Categories/Category List/button_Content Mgmt' is visible

2019-05-27 09:38:48 - [MESSAGE][WARNING] - Timeout '0' is invalid. Using default page load timeout: '30'

2019-05-27 09:38:48 - [MESSAGE][PASSED] - Object 'Object Repository/ADMIN/Categories/Category List/button_Content Mgmt' is visible

2019-05-27 09:38:48 - [TEST_STEP][PASSED] - click: Object: 'Object Repository/ADMIN/Categories/Category List/button_Content Mgmt' is clicked on

2019-05-27 09:38:49 - [MESSAGE][PASSED] - Object: 'Object Repository/ADMIN/Categories/Category List/button_Content Mgmt' is clicked on

2019-05-27 09:38:49 - [TEST_STEP][PASSED] - waitForElementVisible: Object 'Object Repository/ADMIN/Categories/Category List/button_Categories' is visible

2019-05-27 09:38:49 - [MESSAGE][WARNING] - Timeout '0' is invalid. Using default page load timeout: '30'

2019-05-27 09:38:49 - [MESSAGE][PASSED] - Object 'Object Repository/ADMIN/Categories/Category List/button_Categories' is visible

2019-05-27 09:38:49 - [TEST_STEP][PASSED] - click: Object: 'Object Repository/ADMIN/Categories/Category List/button_Categories' is clicked on

2019-05-27 09:38:49 - [MESSAGE][PASSED] - Object: 'Object Repository/ADMIN/Categories/Category List/button_Categories' is clicked on

2019-05-27 09:38:49 - [TEST_STEP][PASSED] - waitForPageLoad: Wait for page load successfully

2019-05-27 09:38:49 - [MESSAGE][WARNING] - Timeout '0' is invalid. Using default page load timeout: '30'

2019-05-27 09:38:49 - [MESSAGE][PASSED] - Wait for page load successfully

2019-05-27 09:38:49 - [TEST_STEP][PASSED] - click: Object: 'Object Repository/ADMIN/Categories/Category List/button_Add a Category' is clicked on

2019-05-27 09:38:50 - [MESSAGE][PASSED] - Object: 'Object Repository/ADMIN/Categories/Category List/button_Add a Category' is clicked on

2019-05-27 09:38:50 - [TEST_STEP][PASSED] - waitForElementPresent: Object 'Object Repository/ADMIN/Categories/Category/dropdown_Parent' is present

2019-05-27 09:38:50 - [MESSAGE][PASSED] - Object 'Object Repository/ADMIN/Categories/Category/dropdown_Parent' is present

2019-05-27 09:38:50 - [TEST_STEP][PASSED] - delay: Delayed 1 second(s)

2019-05-27 09:38:51 - [MESSAGE][PASSED] - Delayed 1 second(s)

2019-05-27 09:38:51 - [TEST_STEP][PASSED] - setText: Text 'Category 3.5.1' is set on object 'Object Repository/ADMIN/Categories/Category/textfield_Category Name'

2019-05-27 09:38:51 - [MESSAGE][PASSED] - Text 'Category 3.5.1' is set on object 'Object Repository/ADMIN/Categories/Category/textfield_Category Name'

2019-05-27 09:38:51 - [TEST_STEP][PASSED] - click: Object: 'Object Repository/ADMIN/Categories/Category/dropdown_Parent' is clicked on

2019-05-27 09:38:51 - [MESSAGE][PASSED] - Object: 'Object Repository/ADMIN/Categories/Category/dropdown_Parent' is clicked on

2019-05-27 09:38:51 - [TEST_STEP][PASSED] - delay: Delayed 2 second(s)

2019-05-27 09:38:53 - [MESSAGE][PASSED] - Delayed 2 second(s)

2019-05-27 09:38:53 - [TEST_STEP][PASSED] - click: Object: 'Object Repository/ADMIN/Categories/Category/dropdown_Parent' is clicked on

2019-05-27 09:38:53 - [MESSAGE][PASSED] - Object: 'Object Repository/ADMIN/Categories/Category/dropdown_Parent' is clicked on

2019-05-27 09:38:53 - [TEST_STEP][PASSED] - selectOptionByLabel: All options with label 'Category 3.5' are selected in object 'Object Repository/ADMIN/Categories/Category/dropdown_Parent' 

2019-05-27 09:38:54 - [MESSAGE][PASSED] - All options with label 'Category 3.5' are selected in object 'Object Repository/ADMIN/Categories/Category/dropdown_Parent' 

2019-05-27 09:38:54 - [TEST_STEP][PASSED] - click: Object: 'Object Repository/ADMIN/Categories/Category/button_Browse' is clicked on

2019-05-27 09:38:54 - [MESSAGE][PASSED] - Object: 'Object Repository/ADMIN/Categories/Category/button_Browse' is clicked on

2019-05-27 09:38:54 - [TEST_STEP][PASSED] - delay: Delayed 2 second(s)

2019-05-27 09:38:56 - [MESSAGE][PASSED] - Delayed 2 second(s)

2019-05-27 09:38:56 - [TEST_STEP][PASSED] - uploadFile: File 'C:\\Katalon\\Image\\pic4.jpg' sent to object: 'Object Repository/ADMIN/Categories/Category/image_input image'

2019-05-27 09:38:56 - [MESSAGE][PASSED] - File 'C:\\Katalon\\Image\\pic4.jpg' sent to object: 'Object Repository/ADMIN/Categories/Category/image_input image'

2019-05-27 09:38:56 - [TEST_STEP][PASSED] - waitForElementVisible: Object 'Object Repository/ADMIN/Categories/Category/button_upload check' is visible

2019-05-27 09:38:56 - [MESSAGE][WARNING] - Timeout '0' is invalid. Using default page load timeout: '30'

2019-05-27 09:38:56 - [MESSAGE][PASSED] - Object 'Object Repository/ADMIN/Categories/Category/button_upload check' is visible

2019-05-27 09:38:56 - [TEST_STEP][PASSED] - click: Object: 'Object Repository/ADMIN/Categories/Category/button_upload check' is clicked on

2019-05-27 09:38:56 - [MESSAGE][PASSED] - Object: 'Object Repository/ADMIN/Categories/Category/button_upload check' is clicked on

2019-05-27 09:38:56 - [TEST_STEP][PASSED] - click: Object: 'Object Repository/ADMIN/Categories/Category/button_upload save' is clicked on

2019-05-27 09:38:56 - [MESSAGE][PASSED] - Object: 'Object Repository/ADMIN/Categories/Category/button_upload save' is clicked on

2019-05-27 09:38:56 - [TEST_STEP][PASSED] - waitForElementVisible: Object 'Object Repository/ADMIN/Categories/Category/button_upload save' is visible

2019-05-27 09:38:56 - [MESSAGE][WARNING] - Timeout '0' is invalid. Using default page load timeout: '30'

2019-05-27 09:38:57 - [MESSAGE][PASSED] - Object 'Object Repository/ADMIN/Categories/Category/button_upload save' is visible

2019-05-27 09:38:57 - [TEST_STEP][PASSED] - setText: Text 'Description41' is set on object 'Object Repository/ADMIN/Categories/Category/textfield_category_description'

2019-05-27 09:38:57 - [MESSAGE][PASSED] - Text 'Description41' is set on object 'Object Repository/ADMIN/Categories/Category/textfield_category_description'

2019-05-27 09:38:57 - [TEST_STEP][PASSED] - click: Object: 'Object Repository/ADMIN/Categories/Category/button_Save' is clicked on

2019-05-27 09:38:57 - [MESSAGE][PASSED] - Object: 'Object Repository/ADMIN/Categories/Category/button_Save' is clicked on

2019-05-27 09:38:57 - [TEST_STEP][PASSED] - waitForElementVisible: Object 'Object Repository/ADMIN/Categories/Category/label_edit popup' is visible

2019-05-27 09:38:57 - [MESSAGE][WARNING] - Timeout '0' is invalid. Using default page load timeout: '30'

2019-05-27 09:38:58 - [MESSAGE][PASSED] - Object 'Object Repository/ADMIN/Categories/Category/label_edit popup' is visible

2019-05-27 09:38:58 - [TEST_STEP][PASSED] - waitForElementNotPresent: Web element with id: 'Object Repository/ADMIN/Categories/Category/label_edit popup' located by 'By.xpath: //div[(text() = 'Category was successfully saved.' or . = 'Category was successfully saved.')]' is not present after '30' second(s)

2019-05-27 09:38:58 - [MESSAGE][WARNING] - Timeout '0' is invalid. Using default page load timeout: '30'

2019-05-27 09:39:04 - [MESSAGE][PASSED] - Web element with id: 'Object Repository/ADMIN/Categories/Category/label_edit popup' located by 'By.xpath: //div[(text() = 'Category was successfully saved.' or . = 'Category was successfully saved.')]' is not present after '30' second(s)]]></system-out>
         <system-err><![CDATA[]]></system-err>
      </testcase>
      <testcase name="Test Cases/ADMIN/Content Mgmt/Categories/Category Add-Edit/Add Category" classname="Test Cases/ADMIN/Content Mgmt/Categories/Category Add-Edit/Add Category" status="FAILED">
         <failure type="FAILED" message="Unable to click on object 'Object Repository/ADMIN/Categories/Category List/button_Categories' (Root cause: org.openqa.selenium.ElementNotVisibleException: element not visible
  (Session info: chrome=74.0.3729.169)
  (Driver info: chromedriver=2.35.528161 (5b82f2d2aae0ca24b877009200ced9065a772e73),platform=Windows NT 6.1.7601 SP1 x86_64) (WARNING: The server did not provide any stacktrace information)
Command duration or timeout: 0 milliseconds
Build info: version: '3.7.1', revision: '8a0099a', time: '2017-11-06T21:07:36.161Z'
System info: host: 'ARCADIER-PC', ip: '10.10.31.95', os.name: 'Windows 7', os.arch: 'amd64', os.version: '6.1', java.version: '1.8.0_102'
Driver info: com.kms.katalon.core.webui.driver.ExistingRemoteWebDriver
Capabilities {javascriptEnabled: true, platform: ANY, platformName: ANY}
Session ID: f912d58d04e0ea049492dcdbe1240f08)"/>
         <system-out><![CDATA[2019-05-27 09:39:04 - [TEST_CASE][FAILED] - Test Cases/ADMIN/Content Mgmt/Categories/Category Add-Edit/Add Category: Test Cases/ADMIN/Content Mgmt/Categories/Category Add-Edit/Add Category FAILED because (of) Unable to click on object 'Object Repository/ADMIN/Categories/Category List/button_Categories' (Root cause: org.openqa.selenium.ElementNotVisibleException: element not visible
  (Session info: chrome=74.0.3729.169)
  (Driver info: chromedriver=2.35.528161 (5b82f2d2aae0ca24b877009200ced9065a772e73),platform=Windows NT 6.1.7601 SP1 x86_64) (WARNING: The server did not provide any stacktrace information)
Command duration or timeout: 0 milliseconds
Build info: version: '3.7.1', revision: '8a0099a', time: '2017-11-06T21:07:36.161Z'
System info: host: 'ARCADIER-PC', ip: '10.10.31.95', os.name: 'Windows 7', os.arch: 'amd64', os.version: '6.1', java.version: '1.8.0_102'
Driver info: com.kms.katalon.core.webui.driver.ExistingRemoteWebDriver
Capabilities {javascriptEnabled: true, platform: ANY, platformName: ANY}
Session ID: f912d58d04e0ea049492dcdbe1240f08)

2019-05-27 09:39:04 - [TEST_STEP][PASSED] - waitForElementVisible: Object 'Object Repository/ADMIN/Categories/Category List/button_Content Mgmt' is visible

2019-05-27 09:39:04 - [MESSAGE][WARNING] - Timeout '0' is invalid. Using default page load timeout: '30'

2019-05-27 09:39:04 - [MESSAGE][PASSED] - Object 'Object Repository/ADMIN/Categories/Category List/button_Content Mgmt' is visible

2019-05-27 09:39:04 - [TEST_STEP][PASSED] - click: Object: 'Object Repository/ADMIN/Categories/Category List/button_Content Mgmt' is clicked on

2019-05-27 09:39:04 - [MESSAGE][PASSED] - Object: 'Object Repository/ADMIN/Categories/Category List/button_Content Mgmt' is clicked on

2019-05-27 09:39:04 - [TEST_STEP][PASSED] - waitForElementVisible: Object 'Object Repository/ADMIN/Categories/Category List/button_Categories' is visible

2019-05-27 09:39:04 - [MESSAGE][WARNING] - Timeout '0' is invalid. Using default page load timeout: '30'

2019-05-27 09:39:04 - [MESSAGE][PASSED] - Object 'Object Repository/ADMIN/Categories/Category List/button_Categories' is visible

2019-05-27 09:39:04 - [TEST_STEP][FAILED] - click: Unable to click on object 'Object Repository/ADMIN/Categories/Category List/button_Categories' (Root cause: org.openqa.selenium.ElementNotVisibleException: element not visible
  (Session info: chrome=74.0.3729.169)
  (Driver info: chromedriver=2.35.528161 (5b82f2d2aae0ca24b877009200ced9065a772e73),platform=Windows NT 6.1.7601 SP1 x86_64) (WARNING: The server did not provide any stacktrace information)
Command duration or timeout: 0 milliseconds
Build info: version: '3.7.1', revision: '8a0099a', time: '2017-11-06T21:07:36.161Z'
System info: host: 'ARCADIER-PC', ip: '10.10.31.95', os.name: 'Windows 7', os.arch: 'amd64', os.version: '6.1', java.version: '1.8.0_102'
Driver info: com.kms.katalon.core.webui.driver.ExistingRemoteWebDriver
Capabilities {javascriptEnabled: true, platform: ANY, platformName: ANY}
Session ID: f912d58d04e0ea049492dcdbe1240f08)

2019-05-27 09:39:05 - [MESSAGE][FAILED] - Unable to click on object 'Object Repository/ADMIN/Categories/Category List/button_Categories' (Root cause: org.openqa.selenium.ElementNotVisibleException: element not visible
  (Session info: chrome=74.0.3729.169)
  (Driver info: chromedriver=2.35.528161 (5b82f2d2aae0ca24b877009200ced9065a772e73),platform=Windows NT 6.1.7601 SP1 x86_64) (WARNING: The server did not provide any stacktrace information)
Command duration or timeout: 0 milliseconds
Build info: version: '3.7.1', revision: '8a0099a', time: '2017-11-06T21:07:36.161Z'
System info: host: 'ARCADIER-PC', ip: '10.10.31.95', os.name: 'Windows 7', os.arch: 'amd64', os.version: '6.1', java.version: '1.8.0_102'
Driver info: com.kms.katalon.core.webui.driver.ExistingRemoteWebDriver
Capabilities {javascriptEnabled: true, platform: ANY, platformName: ANY}
Session ID: f912d58d04e0ea049492dcdbe1240f08)
[[ATTACHMENT|C:\\Users\\Arcadier\\git\\Arctick\\Reports\\Suites\\Admin Category\\20190527_092604\\1558921145112.png]]

2019-05-27 09:39:05 - [TEST_STEP][PASSED] - waitForPageLoad: Wait for page load successfully

2019-05-27 09:39:05 - [MESSAGE][WARNING] - Timeout '0' is invalid. Using default page load timeout: '30'

2019-05-27 09:39:05 - [MESSAGE][PASSED] - Wait for page load successfully

2019-05-27 09:39:05 - [TEST_STEP][PASSED] - click: Object: 'Object Repository/ADMIN/Categories/Category List/button_Add a Category' is clicked on

2019-05-27 09:39:05 - [MESSAGE][PASSED] - Object: 'Object Repository/ADMIN/Categories/Category List/button_Add a Category' is clicked on

2019-05-27 09:39:05 - [TEST_STEP][PASSED] - waitForElementPresent: Object 'Object Repository/ADMIN/Categories/Category/dropdown_Parent' is present

2019-05-27 09:39:05 - [MESSAGE][PASSED] - Object 'Object Repository/ADMIN/Categories/Category/dropdown_Parent' is present

2019-05-27 09:39:05 - [TEST_STEP][PASSED] - delay: Delayed 1 second(s)

2019-05-27 09:39:06 - [MESSAGE][PASSED] - Delayed 1 second(s)

2019-05-27 09:39:06 - [TEST_STEP][PASSED] - setText: Text 'Category 3.5.2' is set on object 'Object Repository/ADMIN/Categories/Category/textfield_Category Name'

2019-05-27 09:39:07 - [MESSAGE][PASSED] - Text 'Category 3.5.2' is set on object 'Object Repository/ADMIN/Categories/Category/textfield_Category Name'

2019-05-27 09:39:07 - [TEST_STEP][PASSED] - click: Object: 'Object Repository/ADMIN/Categories/Category/dropdown_Parent' is clicked on

2019-05-27 09:39:07 - [MESSAGE][PASSED] - Object: 'Object Repository/ADMIN/Categories/Category/dropdown_Parent' is clicked on

2019-05-27 09:39:07 - [TEST_STEP][PASSED] - delay: Delayed 2 second(s)

2019-05-27 09:39:09 - [MESSAGE][PASSED] - Delayed 2 second(s)

2019-05-27 09:39:09 - [TEST_STEP][PASSED] - click: Object: 'Object Repository/ADMIN/Categories/Category/dropdown_Parent' is clicked on

2019-05-27 09:39:09 - [MESSAGE][PASSED] - Object: 'Object Repository/ADMIN/Categories/Category/dropdown_Parent' is clicked on

2019-05-27 09:39:09 - [TEST_STEP][PASSED] - selectOptionByLabel: All options with label 'Category 3.5' are selected in object 'Object Repository/ADMIN/Categories/Category/dropdown_Parent' 

2019-05-27 09:39:09 - [MESSAGE][PASSED] - All options with label 'Category 3.5' are selected in object 'Object Repository/ADMIN/Categories/Category/dropdown_Parent' 

2019-05-27 09:39:09 - [TEST_STEP][PASSED] - click: Object: 'Object Repository/ADMIN/Categories/Category/button_Browse' is clicked on

2019-05-27 09:39:09 - [MESSAGE][PASSED] - Object: 'Object Repository/ADMIN/Categories/Category/button_Browse' is clicked on

2019-05-27 09:39:09 - [TEST_STEP][PASSED] - delay: Delayed 2 second(s)

2019-05-27 09:39:11 - [MESSAGE][PASSED] - Delayed 2 second(s)

2019-05-27 09:39:11 - [TEST_STEP][PASSED] - uploadFile: File 'C:\\Katalon\\Image\\pic5.jpg' sent to object: 'Object Repository/ADMIN/Categories/Category/image_input image'

2019-05-27 09:39:12 - [MESSAGE][PASSED] - File 'C:\\Katalon\\Image\\pic5.jpg' sent to object: 'Object Repository/ADMIN/Categories/Category/image_input image'

2019-05-27 09:39:12 - [TEST_STEP][PASSED] - waitForElementVisible: Object 'Object Repository/ADMIN/Categories/Category/button_upload check' is visible

2019-05-27 09:39:12 - [MESSAGE][WARNING] - Timeout '0' is invalid. Using default page load timeout: '30'

2019-05-27 09:39:12 - [MESSAGE][PASSED] - Object 'Object Repository/ADMIN/Categories/Category/button_upload check' is visible

2019-05-27 09:39:12 - [TEST_STEP][PASSED] - click: Object: 'Object Repository/ADMIN/Categories/Category/button_upload check' is clicked on

2019-05-27 09:39:12 - [MESSAGE][PASSED] - Object: 'Object Repository/ADMIN/Categories/Category/button_upload check' is clicked on

2019-05-27 09:39:12 - [TEST_STEP][PASSED] - click: Object: 'Object Repository/ADMIN/Categories/Category/button_upload save' is clicked on

2019-05-27 09:39:12 - [MESSAGE][PASSED] - Object: 'Object Repository/ADMIN/Categories/Category/button_upload save' is clicked on

2019-05-27 09:39:12 - [TEST_STEP][FAILED] - waitForElementVisible: Unable to wait for object 'Object Repository/ADMIN/Categories/Category/button_upload save' to be visible (Root cause: org.openqa.selenium.StaleElementReferenceException: stale element reference: element is not attached to the page document
  (Session info: chrome=74.0.3729.169)
  (Driver info: chromedriver=2.35.528161 (5b82f2d2aae0ca24b877009200ced9065a772e73),platform=Windows NT 6.1.7601 SP1 x86_64) (WARNING: The server did not provide any stacktrace information)
Command duration or timeout: 0 milliseconds
For documentation on this error, please visit: http://seleniumhq.org/exceptions/stale_element_reference.html
Build info: version: '3.7.1', revision: '8a0099a', time: '2017-11-06T21:07:36.161Z'
System info: host: 'ARCADIER-PC', ip: '10.10.31.95', os.name: 'Windows 7', os.arch: 'amd64', os.version: '6.1', java.version: '1.8.0_102'
Driver info: com.kms.katalon.core.webui.driver.ExistingRemoteWebDriver
Capabilities {javascriptEnabled: true, platform: ANY, platformName: ANY}
Session ID: f912d58d04e0ea049492dcdbe1240f08)

2019-05-27 09:39:12 - [MESSAGE][WARNING] - Timeout '0' is invalid. Using default page load timeout: '30'

2019-05-27 09:39:13 - [MESSAGE][FAILED] - Unable to wait for object 'Object Repository/ADMIN/Categories/Category/button_upload save' to be visible (Root cause: org.openqa.selenium.StaleElementReferenceException: stale element reference: element is not attached to the page document
  (Session info: chrome=74.0.3729.169)
  (Driver info: chromedriver=2.35.528161 (5b82f2d2aae0ca24b877009200ced9065a772e73),platform=Windows NT 6.1.7601 SP1 x86_64) (WARNING: The server did not provide any stacktrace information)
Command duration or timeout: 0 milliseconds
For documentation on this error, please visit: http://seleniumhq.org/exceptions/stale_element_reference.html
Build info: version: '3.7.1', revision: '8a0099a', time: '2017-11-06T21:07:36.161Z'
System info: host: 'ARCADIER-PC', ip: '10.10.31.95', os.name: 'Windows 7', os.arch: 'amd64', os.version: '6.1', java.version: '1.8.0_102'
Driver info: com.kms.katalon.core.webui.driver.ExistingRemoteWebDriver
Capabilities {javascriptEnabled: true, platform: ANY, platformName: ANY}
Session ID: f912d58d04e0ea049492dcdbe1240f08)
[[ATTACHMENT|C:\\Users\\Arcadier\\git\\Arctick\\Reports\\Suites\\Admin Category\\20190527_092604\\1558921153250.png]]

2019-05-27 09:39:13 - [TEST_STEP][PASSED] - setText: Text 'Description42' is set on object 'Object Repository/ADMIN/Categories/Category/textfield_category_description'

2019-05-27 09:39:14 - [MESSAGE][PASSED] - Text 'Description42' is set on object 'Object Repository/ADMIN/Categories/Category/textfield_category_description'

2019-05-27 09:39:14 - [TEST_STEP][PASSED] - click: Object: 'Object Repository/ADMIN/Categories/Category/button_Save' is clicked on

2019-05-27 09:39:14 - [MESSAGE][PASSED] - Object: 'Object Repository/ADMIN/Categories/Category/button_Save' is clicked on

2019-05-27 09:39:14 - [TEST_STEP][PASSED] - waitForElementVisible: Object 'Object Repository/ADMIN/Categories/Category/label_edit popup' is visible

2019-05-27 09:39:14 - [MESSAGE][WARNING] - Timeout '0' is invalid. Using default page load timeout: '30'

2019-05-27 09:39:14 - [MESSAGE][PASSED] - Object 'Object Repository/ADMIN/Categories/Category/label_edit popup' is visible

2019-05-27 09:39:14 - [TEST_STEP][PASSED] - waitForElementNotPresent: Web element with id: 'Object Repository/ADMIN/Categories/Category/label_edit popup' located by 'By.xpath: //div[(text() = 'Category was successfully saved.' or . = 'Category was successfully saved.')]' is not present after '30' second(s)

2019-05-27 09:39:14 - [MESSAGE][WARNING] - Timeout '0' is invalid. Using default page load timeout: '30'

2019-05-27 09:39:21 - [MESSAGE][PASSED] - Web element with id: 'Object Repository/ADMIN/Categories/Category/label_edit popup' located by 'By.xpath: //div[(text() = 'Category was successfully saved.' or . = 'Category was successfully saved.')]' is not present after '30' second(s)]]></system-out>
         <system-err><![CDATA[2019-05-27 09:39:04 - [TEST_CASE][FAILED] - Test Cases/ADMIN/Content Mgmt/Categories/Category Add-Edit/Add Category: Test Cases/ADMIN/Content Mgmt/Categories/Category Add-Edit/Add Category FAILED because (of) Unable to click on object 'Object Repository/ADMIN/Categories/Category List/button_Categories' (Root cause: org.openqa.selenium.ElementNotVisibleException: element not visible
  (Session info: chrome=74.0.3729.169)
  (Driver info: chromedriver=2.35.528161 (5b82f2d2aae0ca24b877009200ced9065a772e73),platform=Windows NT 6.1.7601 SP1 x86_64) (WARNING: The server did not provide any stacktrace information)
Command duration or timeout: 0 milliseconds
Build info: version: '3.7.1', revision: '8a0099a', time: '2017-11-06T21:07:36.161Z'
System info: host: 'ARCADIER-PC', ip: '10.10.31.95', os.name: 'Windows 7', os.arch: 'amd64', os.version: '6.1', java.version: '1.8.0_102'
Driver info: com.kms.katalon.core.webui.driver.ExistingRemoteWebDriver
Capabilities {javascriptEnabled: true, platform: ANY, platformName: ANY}
Session ID: f912d58d04e0ea049492dcdbe1240f08)]]></system-err>
      </testcase>
      <testcase name="Test Cases/ADMIN/Content Mgmt/Categories/Category Add-Edit/Add Category" classname="Test Cases/ADMIN/Content Mgmt/Categories/Category Add-Edit/Add Category" status="FAILED">
         <failure type="FAILED" message="Unable to click on object 'Object Repository/ADMIN/Categories/Category List/button_Categories' (Root cause: org.openqa.selenium.ElementNotVisibleException: element not visible
  (Session info: chrome=74.0.3729.169)
  (Driver info: chromedriver=2.35.528161 (5b82f2d2aae0ca24b877009200ced9065a772e73),platform=Windows NT 6.1.7601 SP1 x86_64) (WARNING: The server did not provide any stacktrace information)
Command duration or timeout: 0 milliseconds
Build info: version: '3.7.1', revision: '8a0099a', time: '2017-11-06T21:07:36.161Z'
System info: host: 'ARCADIER-PC', ip: '10.10.31.95', os.name: 'Windows 7', os.arch: 'amd64', os.version: '6.1', java.version: '1.8.0_102'
Driver info: com.kms.katalon.core.webui.driver.ExistingRemoteWebDriver
Capabilities {javascriptEnabled: true, platform: ANY, platformName: ANY}
Session ID: f912d58d04e0ea049492dcdbe1240f08)"/>
         <system-out><![CDATA[2019-05-27 09:39:21 - [TEST_CASE][FAILED] - Test Cases/ADMIN/Content Mgmt/Categories/Category Add-Edit/Add Category: Test Cases/ADMIN/Content Mgmt/Categories/Category Add-Edit/Add Category FAILED because (of) Unable to click on object 'Object Repository/ADMIN/Categories/Category List/button_Categories' (Root cause: org.openqa.selenium.ElementNotVisibleException: element not visible
  (Session info: chrome=74.0.3729.169)
  (Driver info: chromedriver=2.35.528161 (5b82f2d2aae0ca24b877009200ced9065a772e73),platform=Windows NT 6.1.7601 SP1 x86_64) (WARNING: The server did not provide any stacktrace information)
Command duration or timeout: 0 milliseconds
Build info: version: '3.7.1', revision: '8a0099a', time: '2017-11-06T21:07:36.161Z'
System info: host: 'ARCADIER-PC', ip: '10.10.31.95', os.name: 'Windows 7', os.arch: 'amd64', os.version: '6.1', java.version: '1.8.0_102'
Driver info: com.kms.katalon.core.webui.driver.ExistingRemoteWebDriver
Capabilities {javascriptEnabled: true, platform: ANY, platformName: ANY}
Session ID: f912d58d04e0ea049492dcdbe1240f08)

2019-05-27 09:39:21 - [TEST_STEP][PASSED] - waitForElementVisible: Object 'Object Repository/ADMIN/Categories/Category List/button_Content Mgmt' is visible

2019-05-27 09:39:21 - [MESSAGE][WARNING] - Timeout '0' is invalid. Using default page load timeout: '30'

2019-05-27 09:39:21 - [MESSAGE][PASSED] - Object 'Object Repository/ADMIN/Categories/Category List/button_Content Mgmt' is visible

2019-05-27 09:39:21 - [TEST_STEP][PASSED] - click: Object: 'Object Repository/ADMIN/Categories/Category List/button_Content Mgmt' is clicked on

2019-05-27 09:39:21 - [MESSAGE][PASSED] - Object: 'Object Repository/ADMIN/Categories/Category List/button_Content Mgmt' is clicked on

2019-05-27 09:39:21 - [TEST_STEP][PASSED] - waitForElementVisible: Object 'Object Repository/ADMIN/Categories/Category List/button_Categories' is visible

2019-05-27 09:39:21 - [MESSAGE][WARNING] - Timeout '0' is invalid. Using default page load timeout: '30'

2019-05-27 09:39:21 - [MESSAGE][PASSED] - Object 'Object Repository/ADMIN/Categories/Category List/button_Categories' is visible

2019-05-27 09:39:21 - [TEST_STEP][FAILED] - click: Unable to click on object 'Object Repository/ADMIN/Categories/Category List/button_Categories' (Root cause: org.openqa.selenium.ElementNotVisibleException: element not visible
  (Session info: chrome=74.0.3729.169)
  (Driver info: chromedriver=2.35.528161 (5b82f2d2aae0ca24b877009200ced9065a772e73),platform=Windows NT 6.1.7601 SP1 x86_64) (WARNING: The server did not provide any stacktrace information)
Command duration or timeout: 0 milliseconds
Build info: version: '3.7.1', revision: '8a0099a', time: '2017-11-06T21:07:36.161Z'
System info: host: 'ARCADIER-PC', ip: '10.10.31.95', os.name: 'Windows 7', os.arch: 'amd64', os.version: '6.1', java.version: '1.8.0_102'
Driver info: com.kms.katalon.core.webui.driver.ExistingRemoteWebDriver
Capabilities {javascriptEnabled: true, platform: ANY, platformName: ANY}
Session ID: f912d58d04e0ea049492dcdbe1240f08)

2019-05-27 09:39:22 - [MESSAGE][FAILED] - Unable to click on object 'Object Repository/ADMIN/Categories/Category List/button_Categories' (Root cause: org.openqa.selenium.ElementNotVisibleException: element not visible
  (Session info: chrome=74.0.3729.169)
  (Driver info: chromedriver=2.35.528161 (5b82f2d2aae0ca24b877009200ced9065a772e73),platform=Windows NT 6.1.7601 SP1 x86_64) (WARNING: The server did not provide any stacktrace information)
Command duration or timeout: 0 milliseconds
Build info: version: '3.7.1', revision: '8a0099a', time: '2017-11-06T21:07:36.161Z'
System info: host: 'ARCADIER-PC', ip: '10.10.31.95', os.name: 'Windows 7', os.arch: 'amd64', os.version: '6.1', java.version: '1.8.0_102'
Driver info: com.kms.katalon.core.webui.driver.ExistingRemoteWebDriver
Capabilities {javascriptEnabled: true, platform: ANY, platformName: ANY}
Session ID: f912d58d04e0ea049492dcdbe1240f08)
[[ATTACHMENT|C:\\Users\\Arcadier\\git\\Arctick\\Reports\\Suites\\Admin Category\\20190527_092604\\1558921161719.png]]

2019-05-27 09:39:22 - [TEST_STEP][PASSED] - waitForPageLoad: Wait for page load successfully

2019-05-27 09:39:22 - [MESSAGE][WARNING] - Timeout '0' is invalid. Using default page load timeout: '30'

2019-05-27 09:39:22 - [MESSAGE][PASSED] - Wait for page load successfully

2019-05-27 09:39:22 - [TEST_STEP][PASSED] - click: Object: 'Object Repository/ADMIN/Categories/Category List/button_Add a Category' is clicked on

2019-05-27 09:39:22 - [MESSAGE][PASSED] - Object: 'Object Repository/ADMIN/Categories/Category List/button_Add a Category' is clicked on

2019-05-27 09:39:22 - [TEST_STEP][PASSED] - waitForElementPresent: Object 'Object Repository/ADMIN/Categories/Category/dropdown_Parent' is present

2019-05-27 09:39:22 - [MESSAGE][PASSED] - Object 'Object Repository/ADMIN/Categories/Category/dropdown_Parent' is present

2019-05-27 09:39:22 - [TEST_STEP][PASSED] - delay: Delayed 1 second(s)

2019-05-27 09:39:23 - [MESSAGE][PASSED] - Delayed 1 second(s)

2019-05-27 09:39:23 - [TEST_STEP][PASSED] - setText: Text 'Category 3.5.3' is set on object 'Object Repository/ADMIN/Categories/Category/textfield_Category Name'

2019-05-27 09:39:23 - [MESSAGE][PASSED] - Text 'Category 3.5.3' is set on object 'Object Repository/ADMIN/Categories/Category/textfield_Category Name'

2019-05-27 09:39:23 - [TEST_STEP][PASSED] - click: Object: 'Object Repository/ADMIN/Categories/Category/dropdown_Parent' is clicked on

2019-05-27 09:39:24 - [MESSAGE][PASSED] - Object: 'Object Repository/ADMIN/Categories/Category/dropdown_Parent' is clicked on

2019-05-27 09:39:24 - [TEST_STEP][PASSED] - delay: Delayed 2 second(s)

2019-05-27 09:39:26 - [MESSAGE][PASSED] - Delayed 2 second(s)

2019-05-27 09:39:26 - [TEST_STEP][PASSED] - click: Object: 'Object Repository/ADMIN/Categories/Category/dropdown_Parent' is clicked on

2019-05-27 09:39:26 - [MESSAGE][PASSED] - Object: 'Object Repository/ADMIN/Categories/Category/dropdown_Parent' is clicked on

2019-05-27 09:39:26 - [TEST_STEP][PASSED] - selectOptionByLabel: All options with label 'Category 3.5' are selected in object 'Object Repository/ADMIN/Categories/Category/dropdown_Parent' 

2019-05-27 09:39:26 - [MESSAGE][PASSED] - All options with label 'Category 3.5' are selected in object 'Object Repository/ADMIN/Categories/Category/dropdown_Parent' 

2019-05-27 09:39:26 - [TEST_STEP][PASSED] - click: Object: 'Object Repository/ADMIN/Categories/Category/button_Browse' is clicked on

2019-05-27 09:39:26 - [MESSAGE][PASSED] - Object: 'Object Repository/ADMIN/Categories/Category/button_Browse' is clicked on

2019-05-27 09:39:26 - [TEST_STEP][PASSED] - delay: Delayed 2 second(s)

2019-05-27 09:39:28 - [MESSAGE][PASSED] - Delayed 2 second(s)

2019-05-27 09:39:28 - [TEST_STEP][PASSED] - uploadFile: File 'C:\\Katalon\\Image\\pic6.jpg' sent to object: 'Object Repository/ADMIN/Categories/Category/image_input image'

2019-05-27 09:39:29 - [MESSAGE][PASSED] - File 'C:\\Katalon\\Image\\pic6.jpg' sent to object: 'Object Repository/ADMIN/Categories/Category/image_input image'

2019-05-27 09:39:29 - [TEST_STEP][PASSED] - waitForElementVisible: Object 'Object Repository/ADMIN/Categories/Category/button_upload check' is visible

2019-05-27 09:39:29 - [MESSAGE][WARNING] - Timeout '0' is invalid. Using default page load timeout: '30'

2019-05-27 09:39:29 - [MESSAGE][PASSED] - Object 'Object Repository/ADMIN/Categories/Category/button_upload check' is visible

2019-05-27 09:39:29 - [TEST_STEP][PASSED] - click: Object: 'Object Repository/ADMIN/Categories/Category/button_upload check' is clicked on

2019-05-27 09:39:29 - [MESSAGE][PASSED] - Object: 'Object Repository/ADMIN/Categories/Category/button_upload check' is clicked on

2019-05-27 09:39:29 - [TEST_STEP][PASSED] - click: Object: 'Object Repository/ADMIN/Categories/Category/button_upload save' is clicked on

2019-05-27 09:39:30 - [MESSAGE][PASSED] - Object: 'Object Repository/ADMIN/Categories/Category/button_upload save' is clicked on

2019-05-27 09:39:30 - [TEST_STEP][FAILED] - waitForElementVisible: Unable to wait for object 'Object Repository/ADMIN/Categories/Category/button_upload save' to be visible (Root cause: org.openqa.selenium.StaleElementReferenceException: stale element reference: element is not attached to the page document
  (Session info: chrome=74.0.3729.169)
  (Driver info: chromedriver=2.35.528161 (5b82f2d2aae0ca24b877009200ced9065a772e73),platform=Windows NT 6.1.7601 SP1 x86_64) (WARNING: The server did not provide any stacktrace information)
Command duration or timeout: 0 milliseconds
For documentation on this error, please visit: http://seleniumhq.org/exceptions/stale_element_reference.html
Build info: version: '3.7.1', revision: '8a0099a', time: '2017-11-06T21:07:36.161Z'
System info: host: 'ARCADIER-PC', ip: '10.10.31.95', os.name: 'Windows 7', os.arch: 'amd64', os.version: '6.1', java.version: '1.8.0_102'
Driver info: com.kms.katalon.core.webui.driver.ExistingRemoteWebDriver
Capabilities {javascriptEnabled: true, platform: ANY, platformName: ANY}
Session ID: f912d58d04e0ea049492dcdbe1240f08)

2019-05-27 09:39:30 - [MESSAGE][WARNING] - Timeout '0' is invalid. Using default page load timeout: '30'

2019-05-27 09:39:30 - [MESSAGE][FAILED] - Unable to wait for object 'Object Repository/ADMIN/Categories/Category/button_upload save' to be visible (Root cause: org.openqa.selenium.StaleElementReferenceException: stale element reference: element is not attached to the page document
  (Session info: chrome=74.0.3729.169)
  (Driver info: chromedriver=2.35.528161 (5b82f2d2aae0ca24b877009200ced9065a772e73),platform=Windows NT 6.1.7601 SP1 x86_64) (WARNING: The server did not provide any stacktrace information)
Command duration or timeout: 0 milliseconds
For documentation on this error, please visit: http://seleniumhq.org/exceptions/stale_element_reference.html
Build info: version: '3.7.1', revision: '8a0099a', time: '2017-11-06T21:07:36.161Z'
System info: host: 'ARCADIER-PC', ip: '10.10.31.95', os.name: 'Windows 7', os.arch: 'amd64', os.version: '6.1', java.version: '1.8.0_102'
Driver info: com.kms.katalon.core.webui.driver.ExistingRemoteWebDriver
Capabilities {javascriptEnabled: true, platform: ANY, platformName: ANY}
Session ID: f912d58d04e0ea049492dcdbe1240f08)
[[ATTACHMENT|C:\\Users\\Arcadier\\git\\Arctick\\Reports\\Suites\\Admin Category\\20190527_092604\\1558921170553.png]]

2019-05-27 09:39:30 - [TEST_STEP][PASSED] - setText: Text 'Description43' is set on object 'Object Repository/ADMIN/Categories/Category/textfield_category_description'

2019-05-27 09:39:31 - [MESSAGE][PASSED] - Text 'Description43' is set on object 'Object Repository/ADMIN/Categories/Category/textfield_category_description'

2019-05-27 09:39:31 - [TEST_STEP][PASSED] - click: Object: 'Object Repository/ADMIN/Categories/Category/button_Save' is clicked on

2019-05-27 09:39:31 - [MESSAGE][PASSED] - Object: 'Object Repository/ADMIN/Categories/Category/button_Save' is clicked on

2019-05-27 09:39:31 - [TEST_STEP][PASSED] - waitForElementVisible: Object 'Object Repository/ADMIN/Categories/Category/label_edit popup' is visible

2019-05-27 09:39:31 - [MESSAGE][WARNING] - Timeout '0' is invalid. Using default page load timeout: '30'

2019-05-27 09:39:32 - [MESSAGE][PASSED] - Object 'Object Repository/ADMIN/Categories/Category/label_edit popup' is visible

2019-05-27 09:39:32 - [TEST_STEP][PASSED] - waitForElementNotPresent: Web element with id: 'Object Repository/ADMIN/Categories/Category/label_edit popup' located by 'By.xpath: //div[(text() = 'Category was successfully saved.' or . = 'Category was successfully saved.')]' is not present after '30' second(s)

2019-05-27 09:39:32 - [MESSAGE][WARNING] - Timeout '0' is invalid. Using default page load timeout: '30'

2019-05-27 09:39:37 - [MESSAGE][PASSED] - Web element with id: 'Object Repository/ADMIN/Categories/Category/label_edit popup' located by 'By.xpath: //div[(text() = 'Category was successfully saved.' or . = 'Category was successfully saved.')]' is not present after '30' second(s)]]></system-out>
         <system-err><![CDATA[2019-05-27 09:39:21 - [TEST_CASE][FAILED] - Test Cases/ADMIN/Content Mgmt/Categories/Category Add-Edit/Add Category: Test Cases/ADMIN/Content Mgmt/Categories/Category Add-Edit/Add Category FAILED because (of) Unable to click on object 'Object Repository/ADMIN/Categories/Category List/button_Categories' (Root cause: org.openqa.selenium.ElementNotVisibleException: element not visible
  (Session info: chrome=74.0.3729.169)
  (Driver info: chromedriver=2.35.528161 (5b82f2d2aae0ca24b877009200ced9065a772e73),platform=Windows NT 6.1.7601 SP1 x86_64) (WARNING: The server did not provide any stacktrace information)
Command duration or timeout: 0 milliseconds
Build info: version: '3.7.1', revision: '8a0099a', time: '2017-11-06T21:07:36.161Z'
System info: host: 'ARCADIER-PC', ip: '10.10.31.95', os.name: 'Windows 7', os.arch: 'amd64', os.version: '6.1', java.version: '1.8.0_102'
Driver info: com.kms.katalon.core.webui.driver.ExistingRemoteWebDriver
Capabilities {javascriptEnabled: true, platform: ANY, platformName: ANY}
Session ID: f912d58d04e0ea049492dcdbe1240f08)]]></system-err>
      </testcase>
      <testcase name="Test Cases/ADMIN/Content Mgmt/Categories/Category Add-Edit/Add Category" classname="Test Cases/ADMIN/Content Mgmt/Categories/Category Add-Edit/Add Category" status="FAILED">
         <failure type="FAILED" message="Unable to click on object 'Object Repository/ADMIN/Categories/Category List/button_Categories' (Root cause: org.openqa.selenium.ElementNotVisibleException: element not visible
  (Session info: chrome=74.0.3729.169)
  (Driver info: chromedriver=2.35.528161 (5b82f2d2aae0ca24b877009200ced9065a772e73),platform=Windows NT 6.1.7601 SP1 x86_64) (WARNING: The server did not provide any stacktrace information)
Command duration or timeout: 0 milliseconds
Build info: version: '3.7.1', revision: '8a0099a', time: '2017-11-06T21:07:36.161Z'
System info: host: 'ARCADIER-PC', ip: '10.10.31.95', os.name: 'Windows 7', os.arch: 'amd64', os.version: '6.1', java.version: '1.8.0_102'
Driver info: com.kms.katalon.core.webui.driver.ExistingRemoteWebDriver
Capabilities {javascriptEnabled: true, platform: ANY, platformName: ANY}
Session ID: f912d58d04e0ea049492dcdbe1240f08)"/>
         <system-out><![CDATA[2019-05-27 09:39:37 - [TEST_CASE][FAILED] - Test Cases/ADMIN/Content Mgmt/Categories/Category Add-Edit/Add Category: Test Cases/ADMIN/Content Mgmt/Categories/Category Add-Edit/Add Category FAILED because (of) Unable to click on object 'Object Repository/ADMIN/Categories/Category List/button_Categories' (Root cause: org.openqa.selenium.ElementNotVisibleException: element not visible
  (Session info: chrome=74.0.3729.169)
  (Driver info: chromedriver=2.35.528161 (5b82f2d2aae0ca24b877009200ced9065a772e73),platform=Windows NT 6.1.7601 SP1 x86_64) (WARNING: The server did not provide any stacktrace information)
Command duration or timeout: 0 milliseconds
Build info: version: '3.7.1', revision: '8a0099a', time: '2017-11-06T21:07:36.161Z'
System info: host: 'ARCADIER-PC', ip: '10.10.31.95', os.name: 'Windows 7', os.arch: 'amd64', os.version: '6.1', java.version: '1.8.0_102'
Driver info: com.kms.katalon.core.webui.driver.ExistingRemoteWebDriver
Capabilities {javascriptEnabled: true, platform: ANY, platformName: ANY}
Session ID: f912d58d04e0ea049492dcdbe1240f08)

2019-05-27 09:39:38 - [TEST_STEP][PASSED] - waitForElementVisible: Object 'Object Repository/ADMIN/Categories/Category List/button_Content Mgmt' is visible

2019-05-27 09:39:38 - [MESSAGE][WARNING] - Timeout '0' is invalid. Using default page load timeout: '30'

2019-05-27 09:39:38 - [MESSAGE][PASSED] - Object 'Object Repository/ADMIN/Categories/Category List/button_Content Mgmt' is visible

2019-05-27 09:39:38 - [TEST_STEP][PASSED] - click: Object: 'Object Repository/ADMIN/Categories/Category List/button_Content Mgmt' is clicked on

2019-05-27 09:39:38 - [MESSAGE][PASSED] - Object: 'Object Repository/ADMIN/Categories/Category List/button_Content Mgmt' is clicked on

2019-05-27 09:39:38 - [TEST_STEP][PASSED] - waitForElementVisible: Object 'Object Repository/ADMIN/Categories/Category List/button_Categories' is visible

2019-05-27 09:39:38 - [MESSAGE][WARNING] - Timeout '0' is invalid. Using default page load timeout: '30'

2019-05-27 09:39:38 - [MESSAGE][PASSED] - Object 'Object Repository/ADMIN/Categories/Category List/button_Categories' is visible

2019-05-27 09:39:38 - [TEST_STEP][FAILED] - click: Unable to click on object 'Object Repository/ADMIN/Categories/Category List/button_Categories' (Root cause: org.openqa.selenium.ElementNotVisibleException: element not visible
  (Session info: chrome=74.0.3729.169)
  (Driver info: chromedriver=2.35.528161 (5b82f2d2aae0ca24b877009200ced9065a772e73),platform=Windows NT 6.1.7601 SP1 x86_64) (WARNING: The server did not provide any stacktrace information)
Command duration or timeout: 0 milliseconds
Build info: version: '3.7.1', revision: '8a0099a', time: '2017-11-06T21:07:36.161Z'
System info: host: 'ARCADIER-PC', ip: '10.10.31.95', os.name: 'Windows 7', os.arch: 'amd64', os.version: '6.1', java.version: '1.8.0_102'
Driver info: com.kms.katalon.core.webui.driver.ExistingRemoteWebDriver
Capabilities {javascriptEnabled: true, platform: ANY, platformName: ANY}
Session ID: f912d58d04e0ea049492dcdbe1240f08)

2019-05-27 09:39:39 - [MESSAGE][FAILED] - Unable to click on object 'Object Repository/ADMIN/Categories/Category List/button_Categories' (Root cause: org.openqa.selenium.ElementNotVisibleException: element not visible
  (Session info: chrome=74.0.3729.169)
  (Driver info: chromedriver=2.35.528161 (5b82f2d2aae0ca24b877009200ced9065a772e73),platform=Windows NT 6.1.7601 SP1 x86_64) (WARNING: The server did not provide any stacktrace information)
Command duration or timeout: 0 milliseconds
Build info: version: '3.7.1', revision: '8a0099a', time: '2017-11-06T21:07:36.161Z'
System info: host: 'ARCADIER-PC', ip: '10.10.31.95', os.name: 'Windows 7', os.arch: 'amd64', os.version: '6.1', java.version: '1.8.0_102'
Driver info: com.kms.katalon.core.webui.driver.ExistingRemoteWebDriver
Capabilities {javascriptEnabled: true, platform: ANY, platformName: ANY}
Session ID: f912d58d04e0ea049492dcdbe1240f08)
[[ATTACHMENT|C:\\Users\\Arcadier\\git\\Arctick\\Reports\\Suites\\Admin Category\\20190527_092604\\1558921178651.png]]

2019-05-27 09:39:39 - [TEST_STEP][PASSED] - waitForPageLoad: Wait for page load successfully

2019-05-27 09:39:39 - [MESSAGE][WARNING] - Timeout '0' is invalid. Using default page load timeout: '30'

2019-05-27 09:39:39 - [MESSAGE][PASSED] - Wait for page load successfully

2019-05-27 09:39:39 - [TEST_STEP][PASSED] - click: Object: 'Object Repository/ADMIN/Categories/Category List/button_Add a Category' is clicked on

2019-05-27 09:39:39 - [MESSAGE][PASSED] - Object: 'Object Repository/ADMIN/Categories/Category List/button_Add a Category' is clicked on

2019-05-27 09:39:39 - [TEST_STEP][PASSED] - waitForElementPresent: Object 'Object Repository/ADMIN/Categories/Category/dropdown_Parent' is present

2019-05-27 09:39:39 - [MESSAGE][PASSED] - Object 'Object Repository/ADMIN/Categories/Category/dropdown_Parent' is present

2019-05-27 09:39:39 - [TEST_STEP][PASSED] - delay: Delayed 1 second(s)

2019-05-27 09:39:40 - [MESSAGE][PASSED] - Delayed 1 second(s)

2019-05-27 09:39:40 - [TEST_STEP][PASSED] - setText: Text 'Category 3.5.3.1' is set on object 'Object Repository/ADMIN/Categories/Category/textfield_Category Name'

2019-05-27 09:39:40 - [MESSAGE][PASSED] - Text 'Category 3.5.3.1' is set on object 'Object Repository/ADMIN/Categories/Category/textfield_Category Name'

2019-05-27 09:39:40 - [TEST_STEP][PASSED] - click: Object: 'Object Repository/ADMIN/Categories/Category/dropdown_Parent' is clicked on

2019-05-27 09:39:40 - [MESSAGE][PASSED] - Object: 'Object Repository/ADMIN/Categories/Category/dropdown_Parent' is clicked on

2019-05-27 09:39:40 - [TEST_STEP][PASSED] - delay: Delayed 2 second(s)

2019-05-27 09:39:42 - [MESSAGE][PASSED] - Delayed 2 second(s)

2019-05-27 09:39:42 - [TEST_STEP][PASSED] - click: Object: 'Object Repository/ADMIN/Categories/Category/dropdown_Parent' is clicked on

2019-05-27 09:39:43 - [MESSAGE][PASSED] - Object: 'Object Repository/ADMIN/Categories/Category/dropdown_Parent' is clicked on

2019-05-27 09:39:43 - [TEST_STEP][PASSED] - selectOptionByLabel: All options with label 'Category 3.5.3' are selected in object 'Object Repository/ADMIN/Categories/Category/dropdown_Parent' 

2019-05-27 09:39:43 - [MESSAGE][PASSED] - All options with label 'Category 3.5.3' are selected in object 'Object Repository/ADMIN/Categories/Category/dropdown_Parent' 

2019-05-27 09:39:43 - [TEST_STEP][PASSED] - click: Object: 'Object Repository/ADMIN/Categories/Category/button_Browse' is clicked on

2019-05-27 09:39:43 - [MESSAGE][PASSED] - Object: 'Object Repository/ADMIN/Categories/Category/button_Browse' is clicked on

2019-05-27 09:39:43 - [TEST_STEP][PASSED] - delay: Delayed 2 second(s)

2019-05-27 09:39:45 - [MESSAGE][PASSED] - Delayed 2 second(s)

2019-05-27 09:39:45 - [TEST_STEP][PASSED] - uploadFile: File 'C:\\Katalon\\Image\\pic7.jpg' sent to object: 'Object Repository/ADMIN/Categories/Category/image_input image'

2019-05-27 09:39:45 - [MESSAGE][PASSED] - File 'C:\\Katalon\\Image\\pic7.jpg' sent to object: 'Object Repository/ADMIN/Categories/Category/image_input image'

2019-05-27 09:39:45 - [TEST_STEP][PASSED] - waitForElementVisible: Object 'Object Repository/ADMIN/Categories/Category/button_upload check' is visible

2019-05-27 09:39:45 - [MESSAGE][WARNING] - Timeout '0' is invalid. Using default page load timeout: '30'

2019-05-27 09:39:45 - [MESSAGE][PASSED] - Object 'Object Repository/ADMIN/Categories/Category/button_upload check' is visible

2019-05-27 09:39:45 - [TEST_STEP][PASSED] - click: Object: 'Object Repository/ADMIN/Categories/Category/button_upload check' is clicked on

2019-05-27 09:39:45 - [MESSAGE][PASSED] - Object: 'Object Repository/ADMIN/Categories/Category/button_upload check' is clicked on

2019-05-27 09:39:45 - [TEST_STEP][PASSED] - click: Object: 'Object Repository/ADMIN/Categories/Category/button_upload save' is clicked on

2019-05-27 09:39:45 - [MESSAGE][PASSED] - Object: 'Object Repository/ADMIN/Categories/Category/button_upload save' is clicked on

2019-05-27 09:39:46 - [TEST_STEP][FAILED] - waitForElementVisible: Unable to wait for object 'Object Repository/ADMIN/Categories/Category/button_upload save' to be visible (Root cause: org.openqa.selenium.StaleElementReferenceException: stale element reference: element is not attached to the page document
  (Session info: chrome=74.0.3729.169)
  (Driver info: chromedriver=2.35.528161 (5b82f2d2aae0ca24b877009200ced9065a772e73),platform=Windows NT 6.1.7601 SP1 x86_64) (WARNING: The server did not provide any stacktrace information)
Command duration or timeout: 0 milliseconds
For documentation on this error, please visit: http://seleniumhq.org/exceptions/stale_element_reference.html
Build info: version: '3.7.1', revision: '8a0099a', time: '2017-11-06T21:07:36.161Z'
System info: host: 'ARCADIER-PC', ip: '10.10.31.95', os.name: 'Windows 7', os.arch: 'amd64', os.version: '6.1', java.version: '1.8.0_102'
Driver info: com.kms.katalon.core.webui.driver.ExistingRemoteWebDriver
Capabilities {javascriptEnabled: true, platform: ANY, platformName: ANY}
Session ID: f912d58d04e0ea049492dcdbe1240f08)

2019-05-27 09:39:46 - [MESSAGE][WARNING] - Timeout '0' is invalid. Using default page load timeout: '30'

2019-05-27 09:39:47 - [MESSAGE][FAILED] - Unable to wait for object 'Object Repository/ADMIN/Categories/Category/button_upload save' to be visible (Root cause: org.openqa.selenium.StaleElementReferenceException: stale element reference: element is not attached to the page document
  (Session info: chrome=74.0.3729.169)
  (Driver info: chromedriver=2.35.528161 (5b82f2d2aae0ca24b877009200ced9065a772e73),platform=Windows NT 6.1.7601 SP1 x86_64) (WARNING: The server did not provide any stacktrace information)
Command duration or timeout: 0 milliseconds
For documentation on this error, please visit: http://seleniumhq.org/exceptions/stale_element_reference.html
Build info: version: '3.7.1', revision: '8a0099a', time: '2017-11-06T21:07:36.161Z'
System info: host: 'ARCADIER-PC', ip: '10.10.31.95', os.name: 'Windows 7', os.arch: 'amd64', os.version: '6.1', java.version: '1.8.0_102'
Driver info: com.kms.katalon.core.webui.driver.ExistingRemoteWebDriver
Capabilities {javascriptEnabled: true, platform: ANY, platformName: ANY}
Session ID: f912d58d04e0ea049492dcdbe1240f08)
[[ATTACHMENT|C:\\Users\\Arcadier\\git\\Arctick\\Reports\\Suites\\Admin Category\\20190527_092604\\1558921186671.png]]

2019-05-27 09:39:47 - [TEST_STEP][PASSED] - setText: Text 'Description44' is set on object 'Object Repository/ADMIN/Categories/Category/textfield_category_description'

2019-05-27 09:39:47 - [MESSAGE][PASSED] - Text 'Description44' is set on object 'Object Repository/ADMIN/Categories/Category/textfield_category_description'

2019-05-27 09:39:47 - [TEST_STEP][PASSED] - click: Object: 'Object Repository/ADMIN/Categories/Category/button_Save' is clicked on

2019-05-27 09:39:47 - [MESSAGE][PASSED] - Object: 'Object Repository/ADMIN/Categories/Category/button_Save' is clicked on

2019-05-27 09:39:47 - [TEST_STEP][PASSED] - waitForElementVisible: Object 'Object Repository/ADMIN/Categories/Category/label_edit popup' is visible

2019-05-27 09:39:48 - [MESSAGE][WARNING] - Timeout '0' is invalid. Using default page load timeout: '30'

2019-05-27 09:39:49 - [MESSAGE][PASSED] - Object 'Object Repository/ADMIN/Categories/Category/label_edit popup' is visible

2019-05-27 09:39:49 - [TEST_STEP][PASSED] - waitForElementNotPresent: Web element with id: 'Object Repository/ADMIN/Categories/Category/label_edit popup' located by 'By.xpath: //div[(text() = 'Category was successfully saved.' or . = 'Category was successfully saved.')]' is not present after '30' second(s)

2019-05-27 09:39:49 - [MESSAGE][WARNING] - Timeout '0' is invalid. Using default page load timeout: '30'

2019-05-27 09:39:54 - [MESSAGE][PASSED] - Web element with id: 'Object Repository/ADMIN/Categories/Category/label_edit popup' located by 'By.xpath: //div[(text() = 'Category was successfully saved.' or . = 'Category was successfully saved.')]' is not present after '30' second(s)]]></system-out>
         <system-err><![CDATA[2019-05-27 09:39:37 - [TEST_CASE][FAILED] - Test Cases/ADMIN/Content Mgmt/Categories/Category Add-Edit/Add Category: Test Cases/ADMIN/Content Mgmt/Categories/Category Add-Edit/Add Category FAILED because (of) Unable to click on object 'Object Repository/ADMIN/Categories/Category List/button_Categories' (Root cause: org.openqa.selenium.ElementNotVisibleException: element not visible
  (Session info: chrome=74.0.3729.169)
  (Driver info: chromedriver=2.35.528161 (5b82f2d2aae0ca24b877009200ced9065a772e73),platform=Windows NT 6.1.7601 SP1 x86_64) (WARNING: The server did not provide any stacktrace information)
Command duration or timeout: 0 milliseconds
Build info: version: '3.7.1', revision: '8a0099a', time: '2017-11-06T21:07:36.161Z'
System info: host: 'ARCADIER-PC', ip: '10.10.31.95', os.name: 'Windows 7', os.arch: 'amd64', os.version: '6.1', java.version: '1.8.0_102'
Driver info: com.kms.katalon.core.webui.driver.ExistingRemoteWebDriver
Capabilities {javascriptEnabled: true, platform: ANY, platformName: ANY}
Session ID: f912d58d04e0ea049492dcdbe1240f08)]]></system-err>
      </testcase>
      <testcase name="Test Cases/ADMIN/Content Mgmt/Categories/Category Add-Edit/Add Category" classname="Test Cases/ADMIN/Content Mgmt/Categories/Category Add-Edit/Add Category" status="PASSED">
         <system-out><![CDATA[2019-05-27 09:39:54 - [TEST_CASE][PASSED] - Test Cases/ADMIN/Content Mgmt/Categories/Category Add-Edit/Add Category: Test Cases/ADMIN/Content Mgmt/Categories/Category Add-Edit/Add Category

2019-05-27 09:39:54 - [TEST_STEP][PASSED] - waitForElementVisible: Object 'Object Repository/ADMIN/Categories/Category List/button_Content Mgmt' is visible

2019-05-27 09:39:54 - [MESSAGE][WARNING] - Timeout '0' is invalid. Using default page load timeout: '30'

2019-05-27 09:39:54 - [MESSAGE][PASSED] - Object 'Object Repository/ADMIN/Categories/Category List/button_Content Mgmt' is visible

2019-05-27 09:39:54 - [TEST_STEP][PASSED] - click: Object: 'Object Repository/ADMIN/Categories/Category List/button_Content Mgmt' is clicked on

2019-05-27 09:39:54 - [MESSAGE][PASSED] - Object: 'Object Repository/ADMIN/Categories/Category List/button_Content Mgmt' is clicked on

2019-05-27 09:39:54 - [TEST_STEP][PASSED] - waitForElementVisible: Object 'Object Repository/ADMIN/Categories/Category List/button_Categories' is visible

2019-05-27 09:39:54 - [MESSAGE][WARNING] - Timeout '0' is invalid. Using default page load timeout: '30'

2019-05-27 09:39:54 - [MESSAGE][PASSED] - Object 'Object Repository/ADMIN/Categories/Category List/button_Categories' is visible

2019-05-27 09:39:54 - [TEST_STEP][PASSED] - click: Object: 'Object Repository/ADMIN/Categories/Category List/button_Categories' is clicked on

2019-05-27 09:39:54 - [MESSAGE][PASSED] - Object: 'Object Repository/ADMIN/Categories/Category List/button_Categories' is clicked on

2019-05-27 09:39:54 - [TEST_STEP][PASSED] - waitForPageLoad: Wait for page load successfully

2019-05-27 09:39:54 - [MESSAGE][WARNING] - Timeout '0' is invalid. Using default page load timeout: '30'

2019-05-27 09:39:54 - [MESSAGE][PASSED] - Wait for page load successfully

2019-05-27 09:39:54 - [TEST_STEP][PASSED] - click: Object: 'Object Repository/ADMIN/Categories/Category List/button_Add a Category' is clicked on

2019-05-27 09:39:55 - [MESSAGE][PASSED] - Object: 'Object Repository/ADMIN/Categories/Category List/button_Add a Category' is clicked on

2019-05-27 09:39:55 - [TEST_STEP][PASSED] - waitForElementPresent: Object 'Object Repository/ADMIN/Categories/Category/dropdown_Parent' is present

2019-05-27 09:39:55 - [MESSAGE][PASSED] - Object 'Object Repository/ADMIN/Categories/Category/dropdown_Parent' is present

2019-05-27 09:39:55 - [TEST_STEP][PASSED] - delay: Delayed 1 second(s)

2019-05-27 09:39:56 - [MESSAGE][PASSED] - Delayed 1 second(s)

2019-05-27 09:39:56 - [TEST_STEP][PASSED] - setText: Text 'Category 3.5.4' is set on object 'Object Repository/ADMIN/Categories/Category/textfield_Category Name'

2019-05-27 09:39:57 - [MESSAGE][PASSED] - Text 'Category 3.5.4' is set on object 'Object Repository/ADMIN/Categories/Category/textfield_Category Name'

2019-05-27 09:39:57 - [TEST_STEP][PASSED] - click: Object: 'Object Repository/ADMIN/Categories/Category/dropdown_Parent' is clicked on

2019-05-27 09:39:57 - [MESSAGE][PASSED] - Object: 'Object Repository/ADMIN/Categories/Category/dropdown_Parent' is clicked on

2019-05-27 09:39:57 - [TEST_STEP][PASSED] - delay: Delayed 2 second(s)

2019-05-27 09:39:59 - [MESSAGE][PASSED] - Delayed 2 second(s)

2019-05-27 09:39:59 - [TEST_STEP][PASSED] - click: Object: 'Object Repository/ADMIN/Categories/Category/dropdown_Parent' is clicked on

2019-05-27 09:39:59 - [MESSAGE][PASSED] - Object: 'Object Repository/ADMIN/Categories/Category/dropdown_Parent' is clicked on

2019-05-27 09:39:59 - [TEST_STEP][PASSED] - selectOptionByLabel: All options with label 'Category 3.5' are selected in object 'Object Repository/ADMIN/Categories/Category/dropdown_Parent' 

2019-05-27 09:40:00 - [MESSAGE][PASSED] - All options with label 'Category 3.5' are selected in object 'Object Repository/ADMIN/Categories/Category/dropdown_Parent' 

2019-05-27 09:40:00 - [TEST_STEP][PASSED] - click: Object: 'Object Repository/ADMIN/Categories/Category/button_Browse' is clicked on

2019-05-27 09:40:00 - [MESSAGE][PASSED] - Object: 'Object Repository/ADMIN/Categories/Category/button_Browse' is clicked on

2019-05-27 09:40:00 - [TEST_STEP][PASSED] - delay: Delayed 2 second(s)

2019-05-27 09:40:02 - [MESSAGE][PASSED] - Delayed 2 second(s)

2019-05-27 09:40:02 - [TEST_STEP][PASSED] - uploadFile: File 'C:\\Katalon\\Image\\pic8.jpg' sent to object: 'Object Repository/ADMIN/Categories/Category/image_input image'

2019-05-27 09:40:02 - [MESSAGE][PASSED] - File 'C:\\Katalon\\Image\\pic8.jpg' sent to object: 'Object Repository/ADMIN/Categories/Category/image_input image'

2019-05-27 09:40:02 - [TEST_STEP][PASSED] - waitForElementVisible: Object 'Object Repository/ADMIN/Categories/Category/button_upload check' is visible

2019-05-27 09:40:02 - [MESSAGE][WARNING] - Timeout '0' is invalid. Using default page load timeout: '30'

2019-05-27 09:40:02 - [MESSAGE][PASSED] - Object 'Object Repository/ADMIN/Categories/Category/button_upload check' is visible

2019-05-27 09:40:02 - [TEST_STEP][PASSED] - click: Object: 'Object Repository/ADMIN/Categories/Category/button_upload check' is clicked on

2019-05-27 09:40:02 - [MESSAGE][PASSED] - Object: 'Object Repository/ADMIN/Categories/Category/button_upload check' is clicked on

2019-05-27 09:40:02 - [TEST_STEP][PASSED] - click: Object: 'Object Repository/ADMIN/Categories/Category/button_upload save' is clicked on

2019-05-27 09:40:03 - [MESSAGE][PASSED] - Object: 'Object Repository/ADMIN/Categories/Category/button_upload save' is clicked on

2019-05-27 09:40:03 - [TEST_STEP][PASSED] - waitForElementVisible: Object 'Object Repository/ADMIN/Categories/Category/button_upload save' is visible

2019-05-27 09:40:03 - [MESSAGE][WARNING] - Timeout '0' is invalid. Using default page load timeout: '30'

2019-05-27 09:40:03 - [MESSAGE][PASSED] - Object 'Object Repository/ADMIN/Categories/Category/button_upload save' is visible

2019-05-27 09:40:03 - [TEST_STEP][PASSED] - setText: Text 'Description45' is set on object 'Object Repository/ADMIN/Categories/Category/textfield_category_description'

2019-05-27 09:40:03 - [MESSAGE][PASSED] - Text 'Description45' is set on object 'Object Repository/ADMIN/Categories/Category/textfield_category_description'

2019-05-27 09:40:03 - [TEST_STEP][PASSED] - click: Object: 'Object Repository/ADMIN/Categories/Category/button_Save' is clicked on

2019-05-27 09:40:03 - [MESSAGE][PASSED] - Object: 'Object Repository/ADMIN/Categories/Category/button_Save' is clicked on

2019-05-27 09:40:03 - [TEST_STEP][PASSED] - waitForElementVisible: Object 'Object Repository/ADMIN/Categories/Category/label_edit popup' is visible

2019-05-27 09:40:03 - [MESSAGE][WARNING] - Timeout '0' is invalid. Using default page load timeout: '30'

2019-05-27 09:40:04 - [MESSAGE][PASSED] - Object 'Object Repository/ADMIN/Categories/Category/label_edit popup' is visible

2019-05-27 09:40:04 - [TEST_STEP][PASSED] - waitForElementNotPresent: Web element with id: 'Object Repository/ADMIN/Categories/Category/label_edit popup' located by 'By.xpath: //div[(text() = 'Category was successfully saved.' or . = 'Category was successfully saved.')]' is not present after '30' second(s)

2019-05-27 09:40:04 - [MESSAGE][WARNING] - Timeout '0' is invalid. Using default page load timeout: '30'

2019-05-27 09:40:10 - [MESSAGE][PASSED] - Web element with id: 'Object Repository/ADMIN/Categories/Category/label_edit popup' located by 'By.xpath: //div[(text() = 'Category was successfully saved.' or . = 'Category was successfully saved.')]' is not present after '30' second(s)]]></system-out>
         <system-err><![CDATA[]]></system-err>
      </testcase>
      <testcase name="Test Cases/ADMIN/Content Mgmt/Categories/Category Add-Edit/Add Category" classname="Test Cases/ADMIN/Content Mgmt/Categories/Category Add-Edit/Add Category" status="FAILED">
         <failure type="FAILED" message="Unable to wait for object 'Object Repository/ADMIN/Categories/Category/button_upload save' to be visible (Root cause: org.openqa.selenium.StaleElementReferenceException: stale element reference: element is not attached to the page document
  (Session info: chrome=74.0.3729.169)
  (Driver info: chromedriver=2.35.528161 (5b82f2d2aae0ca24b877009200ced9065a772e73),platform=Windows NT 6.1.7601 SP1 x86_64) (WARNING: The server did not provide any stacktrace information)
Command duration or timeout: 0 milliseconds
For documentation on this error, please visit: http://seleniumhq.org/exceptions/stale_element_reference.html
Build info: version: '3.7.1', revision: '8a0099a', time: '2017-11-06T21:07:36.161Z'
System info: host: 'ARCADIER-PC', ip: '10.10.31.95', os.name: 'Windows 7', os.arch: 'amd64', os.version: '6.1', java.version: '1.8.0_102'
Driver info: com.kms.katalon.core.webui.driver.ExistingRemoteWebDriver
Capabilities {javascriptEnabled: true, platform: ANY, platformName: ANY}
Session ID: f912d58d04e0ea049492dcdbe1240f08)"/>
         <system-out><![CDATA[2019-05-27 09:40:10 - [TEST_CASE][FAILED] - Test Cases/ADMIN/Content Mgmt/Categories/Category Add-Edit/Add Category: Test Cases/ADMIN/Content Mgmt/Categories/Category Add-Edit/Add Category FAILED because (of) Unable to wait for object 'Object Repository/ADMIN/Categories/Category/button_upload save' to be visible (Root cause: org.openqa.selenium.StaleElementReferenceException: stale element reference: element is not attached to the page document
  (Session info: chrome=74.0.3729.169)
  (Driver info: chromedriver=2.35.528161 (5b82f2d2aae0ca24b877009200ced9065a772e73),platform=Windows NT 6.1.7601 SP1 x86_64) (WARNING: The server did not provide any stacktrace information)
Command duration or timeout: 0 milliseconds
For documentation on this error, please visit: http://seleniumhq.org/exceptions/stale_element_reference.html
Build info: version: '3.7.1', revision: '8a0099a', time: '2017-11-06T21:07:36.161Z'
System info: host: 'ARCADIER-PC', ip: '10.10.31.95', os.name: 'Windows 7', os.arch: 'amd64', os.version: '6.1', java.version: '1.8.0_102'
Driver info: com.kms.katalon.core.webui.driver.ExistingRemoteWebDriver
Capabilities {javascriptEnabled: true, platform: ANY, platformName: ANY}
Session ID: f912d58d04e0ea049492dcdbe1240f08)

2019-05-27 09:40:10 - [TEST_STEP][PASSED] - waitForElementVisible: Object 'Object Repository/ADMIN/Categories/Category List/button_Content Mgmt' is visible

2019-05-27 09:40:10 - [MESSAGE][WARNING] - Timeout '0' is invalid. Using default page load timeout: '30'

2019-05-27 09:40:10 - [MESSAGE][PASSED] - Object 'Object Repository/ADMIN/Categories/Category List/button_Content Mgmt' is visible

2019-05-27 09:40:10 - [TEST_STEP][PASSED] - click: Object: 'Object Repository/ADMIN/Categories/Category List/button_Content Mgmt' is clicked on

2019-05-27 09:40:10 - [MESSAGE][PASSED] - Object: 'Object Repository/ADMIN/Categories/Category List/button_Content Mgmt' is clicked on

2019-05-27 09:40:10 - [TEST_STEP][PASSED] - waitForElementVisible: Object 'Object Repository/ADMIN/Categories/Category List/button_Categories' is visible

2019-05-27 09:40:10 - [MESSAGE][WARNING] - Timeout '0' is invalid. Using default page load timeout: '30'

2019-05-27 09:40:11 - [MESSAGE][PASSED] - Object 'Object Repository/ADMIN/Categories/Category List/button_Categories' is visible

2019-05-27 09:40:11 - [TEST_STEP][PASSED] - click: Object: 'Object Repository/ADMIN/Categories/Category List/button_Categories' is clicked on

2019-05-27 09:40:13 - [MESSAGE][PASSED] - Object: 'Object Repository/ADMIN/Categories/Category List/button_Categories' is clicked on

2019-05-27 09:40:13 - [TEST_STEP][PASSED] - waitForPageLoad: Wait for page load successfully

2019-05-27 09:40:13 - [MESSAGE][WARNING] - Timeout '0' is invalid. Using default page load timeout: '30'

2019-05-27 09:40:13 - [MESSAGE][PASSED] - Wait for page load successfully

2019-05-27 09:40:13 - [TEST_STEP][PASSED] - click: Object: 'Object Repository/ADMIN/Categories/Category List/button_Add a Category' is clicked on

2019-05-27 09:40:13 - [MESSAGE][PASSED] - Object: 'Object Repository/ADMIN/Categories/Category List/button_Add a Category' is clicked on

2019-05-27 09:40:13 - [TEST_STEP][PASSED] - waitForElementPresent: Object 'Object Repository/ADMIN/Categories/Category/dropdown_Parent' is present

2019-05-27 09:40:13 - [MESSAGE][PASSED] - Object 'Object Repository/ADMIN/Categories/Category/dropdown_Parent' is present

2019-05-27 09:40:13 - [TEST_STEP][PASSED] - delay: Delayed 1 second(s)

2019-05-27 09:40:14 - [MESSAGE][PASSED] - Delayed 1 second(s)

2019-05-27 09:40:14 - [TEST_STEP][PASSED] - setText: Text 'Category 3.5.5' is set on object 'Object Repository/ADMIN/Categories/Category/textfield_Category Name'

2019-05-27 09:40:15 - [MESSAGE][PASSED] - Text 'Category 3.5.5' is set on object 'Object Repository/ADMIN/Categories/Category/textfield_Category Name'

2019-05-27 09:40:15 - [TEST_STEP][PASSED] - click: Object: 'Object Repository/ADMIN/Categories/Category/dropdown_Parent' is clicked on

2019-05-27 09:40:15 - [MESSAGE][PASSED] - Object: 'Object Repository/ADMIN/Categories/Category/dropdown_Parent' is clicked on

2019-05-27 09:40:15 - [TEST_STEP][PASSED] - delay: Delayed 2 second(s)

2019-05-27 09:40:17 - [MESSAGE][PASSED] - Delayed 2 second(s)

2019-05-27 09:40:17 - [TEST_STEP][PASSED] - click: Object: 'Object Repository/ADMIN/Categories/Category/dropdown_Parent' is clicked on

2019-05-27 09:40:17 - [MESSAGE][PASSED] - Object: 'Object Repository/ADMIN/Categories/Category/dropdown_Parent' is clicked on

2019-05-27 09:40:17 - [TEST_STEP][PASSED] - selectOptionByLabel: All options with label 'Category 3.5' are selected in object 'Object Repository/ADMIN/Categories/Category/dropdown_Parent' 

2019-05-27 09:40:17 - [MESSAGE][PASSED] - All options with label 'Category 3.5' are selected in object 'Object Repository/ADMIN/Categories/Category/dropdown_Parent' 

2019-05-27 09:40:17 - [TEST_STEP][PASSED] - click: Object: 'Object Repository/ADMIN/Categories/Category/button_Browse' is clicked on

2019-05-27 09:40:17 - [MESSAGE][PASSED] - Object: 'Object Repository/ADMIN/Categories/Category/button_Browse' is clicked on

2019-05-27 09:40:17 - [TEST_STEP][PASSED] - delay: Delayed 2 second(s)

2019-05-27 09:40:19 - [MESSAGE][PASSED] - Delayed 2 second(s)

2019-05-27 09:40:19 - [TEST_STEP][PASSED] - uploadFile: File 'C:\\Katalon\\Image\\pic9.jpg' sent to object: 'Object Repository/ADMIN/Categories/Category/image_input image'

2019-05-27 09:40:20 - [MESSAGE][PASSED] - File 'C:\\Katalon\\Image\\pic9.jpg' sent to object: 'Object Repository/ADMIN/Categories/Category/image_input image'

2019-05-27 09:40:20 - [TEST_STEP][PASSED] - waitForElementVisible: Object 'Object Repository/ADMIN/Categories/Category/button_upload check' is visible

2019-05-27 09:40:20 - [MESSAGE][WARNING] - Timeout '0' is invalid. Using default page load timeout: '30'

2019-05-27 09:40:20 - [MESSAGE][PASSED] - Object 'Object Repository/ADMIN/Categories/Category/button_upload check' is visible

2019-05-27 09:40:20 - [TEST_STEP][PASSED] - click: Object: 'Object Repository/ADMIN/Categories/Category/button_upload check' is clicked on

2019-05-27 09:40:20 - [MESSAGE][PASSED] - Object: 'Object Repository/ADMIN/Categories/Category/button_upload check' is clicked on

2019-05-27 09:40:20 - [TEST_STEP][PASSED] - click: Object: 'Object Repository/ADMIN/Categories/Category/button_upload save' is clicked on

2019-05-27 09:40:20 - [MESSAGE][PASSED] - Object: 'Object Repository/ADMIN/Categories/Category/button_upload save' is clicked on

2019-05-27 09:40:20 - [TEST_STEP][FAILED] - waitForElementVisible: Unable to wait for object 'Object Repository/ADMIN/Categories/Category/button_upload save' to be visible (Root cause: org.openqa.selenium.StaleElementReferenceException: stale element reference: element is not attached to the page document
  (Session info: chrome=74.0.3729.169)
  (Driver info: chromedriver=2.35.528161 (5b82f2d2aae0ca24b877009200ced9065a772e73),platform=Windows NT 6.1.7601 SP1 x86_64) (WARNING: The server did not provide any stacktrace information)
Command duration or timeout: 0 milliseconds
For documentation on this error, please visit: http://seleniumhq.org/exceptions/stale_element_reference.html
Build info: version: '3.7.1', revision: '8a0099a', time: '2017-11-06T21:07:36.161Z'
System info: host: 'ARCADIER-PC', ip: '10.10.31.95', os.name: 'Windows 7', os.arch: 'amd64', os.version: '6.1', java.version: '1.8.0_102'
Driver info: com.kms.katalon.core.webui.driver.ExistingRemoteWebDriver
Capabilities {javascriptEnabled: true, platform: ANY, platformName: ANY}
Session ID: f912d58d04e0ea049492dcdbe1240f08)

2019-05-27 09:40:20 - [MESSAGE][WARNING] - Timeout '0' is invalid. Using default page load timeout: '30'

2019-05-27 09:40:21 - [MESSAGE][FAILED] - Unable to wait for object 'Object Repository/ADMIN/Categories/Category/button_upload save' to be visible (Root cause: org.openqa.selenium.StaleElementReferenceException: stale element reference: element is not attached to the page document
  (Session info: chrome=74.0.3729.169)
  (Driver info: chromedriver=2.35.528161 (5b82f2d2aae0ca24b877009200ced9065a772e73),platform=Windows NT 6.1.7601 SP1 x86_64) (WARNING: The server did not provide any stacktrace information)
Command duration or timeout: 0 milliseconds
For documentation on this error, please visit: http://seleniumhq.org/exceptions/stale_element_reference.html
Build info: version: '3.7.1', revision: '8a0099a', time: '2017-11-06T21:07:36.161Z'
System info: host: 'ARCADIER-PC', ip: '10.10.31.95', os.name: 'Windows 7', os.arch: 'amd64', os.version: '6.1', java.version: '1.8.0_102'
Driver info: com.kms.katalon.core.webui.driver.ExistingRemoteWebDriver
Capabilities {javascriptEnabled: true, platform: ANY, platformName: ANY}
Session ID: f912d58d04e0ea049492dcdbe1240f08)
[[ATTACHMENT|C:\\Users\\Arcadier\\git\\Arctick\\Reports\\Suites\\Admin Category\\20190527_092604\\1558921221449.png]]

2019-05-27 09:40:21 - [TEST_STEP][PASSED] - setText: Text 'Description46' is set on object 'Object Repository/ADMIN/Categories/Category/textfield_category_description'

2019-05-27 09:40:22 - [MESSAGE][PASSED] - Text 'Description46' is set on object 'Object Repository/ADMIN/Categories/Category/textfield_category_description'

2019-05-27 09:40:22 - [TEST_STEP][PASSED] - click: Object: 'Object Repository/ADMIN/Categories/Category/button_Save' is clicked on

2019-05-27 09:40:22 - [MESSAGE][PASSED] - Object: 'Object Repository/ADMIN/Categories/Category/button_Save' is clicked on

2019-05-27 09:40:22 - [TEST_STEP][PASSED] - waitForElementVisible: Object 'Object Repository/ADMIN/Categories/Category/label_edit popup' is visible

2019-05-27 09:40:22 - [MESSAGE][WARNING] - Timeout '0' is invalid. Using default page load timeout: '30'

2019-05-27 09:40:23 - [MESSAGE][PASSED] - Object 'Object Repository/ADMIN/Categories/Category/label_edit popup' is visible

2019-05-27 09:40:23 - [TEST_STEP][PASSED] - waitForElementNotPresent: Web element with id: 'Object Repository/ADMIN/Categories/Category/label_edit popup' located by 'By.xpath: //div[(text() = 'Category was successfully saved.' or . = 'Category was successfully saved.')]' is not present after '30' second(s)

2019-05-27 09:40:23 - [MESSAGE][WARNING] - Timeout '0' is invalid. Using default page load timeout: '30'

2019-05-27 09:40:29 - [MESSAGE][PASSED] - Web element with id: 'Object Repository/ADMIN/Categories/Category/label_edit popup' located by 'By.xpath: //div[(text() = 'Category was successfully saved.' or . = 'Category was successfully saved.')]' is not present after '30' second(s)]]></system-out>
         <system-err><![CDATA[2019-05-27 09:40:10 - [TEST_CASE][FAILED] - Test Cases/ADMIN/Content Mgmt/Categories/Category Add-Edit/Add Category: Test Cases/ADMIN/Content Mgmt/Categories/Category Add-Edit/Add Category FAILED because (of) Unable to wait for object 'Object Repository/ADMIN/Categories/Category/button_upload save' to be visible (Root cause: org.openqa.selenium.StaleElementReferenceException: stale element reference: element is not attached to the page document
  (Session info: chrome=74.0.3729.169)
  (Driver info: chromedriver=2.35.528161 (5b82f2d2aae0ca24b877009200ced9065a772e73),platform=Windows NT 6.1.7601 SP1 x86_64) (WARNING: The server did not provide any stacktrace information)
Command duration or timeout: 0 milliseconds
For documentation on this error, please visit: http://seleniumhq.org/exceptions/stale_element_reference.html
Build info: version: '3.7.1', revision: '8a0099a', time: '2017-11-06T21:07:36.161Z'
System info: host: 'ARCADIER-PC', ip: '10.10.31.95', os.name: 'Windows 7', os.arch: 'amd64', os.version: '6.1', java.version: '1.8.0_102'
Driver info: com.kms.katalon.core.webui.driver.ExistingRemoteWebDriver
Capabilities {javascriptEnabled: true, platform: ANY, platformName: ANY}
Session ID: f912d58d04e0ea049492dcdbe1240f08)]]></system-err>
      </testcase>
      <testcase name="Test Cases/ADMIN/Content Mgmt/Categories/Category Add-Edit/Add Category" classname="Test Cases/ADMIN/Content Mgmt/Categories/Category Add-Edit/Add Category" status="PASSED">
         <system-out><![CDATA[2019-05-27 09:40:29 - [TEST_CASE][PASSED] - Test Cases/ADMIN/Content Mgmt/Categories/Category Add-Edit/Add Category: Test Cases/ADMIN/Content Mgmt/Categories/Category Add-Edit/Add Category

2019-05-27 09:40:29 - [TEST_STEP][PASSED] - waitForElementVisible: Object 'Object Repository/ADMIN/Categories/Category List/button_Content Mgmt' is visible

2019-05-27 09:40:29 - [MESSAGE][WARNING] - Timeout '0' is invalid. Using default page load timeout: '30'

2019-05-27 09:40:29 - [MESSAGE][PASSED] - Object 'Object Repository/ADMIN/Categories/Category List/button_Content Mgmt' is visible

2019-05-27 09:40:29 - [TEST_STEP][PASSED] - click: Object: 'Object Repository/ADMIN/Categories/Category List/button_Content Mgmt' is clicked on

2019-05-27 09:40:29 - [MESSAGE][PASSED] - Object: 'Object Repository/ADMIN/Categories/Category List/button_Content Mgmt' is clicked on

2019-05-27 09:40:29 - [TEST_STEP][PASSED] - waitForElementVisible: Object 'Object Repository/ADMIN/Categories/Category List/button_Categories' is visible

2019-05-27 09:40:29 - [MESSAGE][WARNING] - Timeout '0' is invalid. Using default page load timeout: '30'

2019-05-27 09:40:29 - [MESSAGE][PASSED] - Object 'Object Repository/ADMIN/Categories/Category List/button_Categories' is visible

2019-05-27 09:40:29 - [TEST_STEP][PASSED] - click: Object: 'Object Repository/ADMIN/Categories/Category List/button_Categories' is clicked on

2019-05-27 09:40:29 - [MESSAGE][PASSED] - Object: 'Object Repository/ADMIN/Categories/Category List/button_Categories' is clicked on

2019-05-27 09:40:29 - [TEST_STEP][PASSED] - waitForPageLoad: Wait for page load successfully

2019-05-27 09:40:29 - [MESSAGE][WARNING] - Timeout '0' is invalid. Using default page load timeout: '30'

2019-05-27 09:40:29 - [MESSAGE][PASSED] - Wait for page load successfully

2019-05-27 09:40:29 - [TEST_STEP][PASSED] - click: Object: 'Object Repository/ADMIN/Categories/Category List/button_Add a Category' is clicked on

2019-05-27 09:40:30 - [MESSAGE][PASSED] - Object: 'Object Repository/ADMIN/Categories/Category List/button_Add a Category' is clicked on

2019-05-27 09:40:30 - [TEST_STEP][PASSED] - waitForElementPresent: Object 'Object Repository/ADMIN/Categories/Category/dropdown_Parent' is present

2019-05-27 09:40:30 - [MESSAGE][PASSED] - Object 'Object Repository/ADMIN/Categories/Category/dropdown_Parent' is present

2019-05-27 09:40:30 - [TEST_STEP][PASSED] - delay: Delayed 1 second(s)

2019-05-27 09:40:31 - [MESSAGE][PASSED] - Delayed 1 second(s)

2019-05-27 09:40:31 - [TEST_STEP][PASSED] - setText: Text 'Category 3.6' is set on object 'Object Repository/ADMIN/Categories/Category/textfield_Category Name'

2019-05-27 09:40:33 - [MESSAGE][PASSED] - Text 'Category 3.6' is set on object 'Object Repository/ADMIN/Categories/Category/textfield_Category Name'

2019-05-27 09:40:33 - [TEST_STEP][PASSED] - click: Object: 'Object Repository/ADMIN/Categories/Category/dropdown_Parent' is clicked on

2019-05-27 09:40:33 - [MESSAGE][PASSED] - Object: 'Object Repository/ADMIN/Categories/Category/dropdown_Parent' is clicked on

2019-05-27 09:40:33 - [TEST_STEP][PASSED] - delay: Delayed 2 second(s)

2019-05-27 09:40:35 - [MESSAGE][PASSED] - Delayed 2 second(s)

2019-05-27 09:40:35 - [TEST_STEP][PASSED] - click: Object: 'Object Repository/ADMIN/Categories/Category/dropdown_Parent' is clicked on

2019-05-27 09:40:35 - [MESSAGE][PASSED] - Object: 'Object Repository/ADMIN/Categories/Category/dropdown_Parent' is clicked on

2019-05-27 09:40:35 - [TEST_STEP][PASSED] - selectOptionByLabel: All options with label 'Category 3' are selected in object 'Object Repository/ADMIN/Categories/Category/dropdown_Parent' 

2019-05-27 09:40:35 - [MESSAGE][PASSED] - All options with label 'Category 3' are selected in object 'Object Repository/ADMIN/Categories/Category/dropdown_Parent' 

2019-05-27 09:40:35 - [TEST_STEP][PASSED] - click: Object: 'Object Repository/ADMIN/Categories/Category/button_Browse' is clicked on

2019-05-27 09:40:35 - [MESSAGE][PASSED] - Object: 'Object Repository/ADMIN/Categories/Category/button_Browse' is clicked on

2019-05-27 09:40:35 - [TEST_STEP][PASSED] - delay: Delayed 2 second(s)

2019-05-27 09:40:37 - [MESSAGE][PASSED] - Delayed 2 second(s)

2019-05-27 09:40:37 - [TEST_STEP][PASSED] - uploadFile: File 'C:\\Katalon\\Image\\pic10.jpg' sent to object: 'Object Repository/ADMIN/Categories/Category/image_input image'

2019-05-27 09:40:37 - [MESSAGE][PASSED] - File 'C:\\Katalon\\Image\\pic10.jpg' sent to object: 'Object Repository/ADMIN/Categories/Category/image_input image'

2019-05-27 09:40:37 - [TEST_STEP][PASSED] - waitForElementVisible: Object 'Object Repository/ADMIN/Categories/Category/button_upload check' is visible

2019-05-27 09:40:37 - [MESSAGE][WARNING] - Timeout '0' is invalid. Using default page load timeout: '30'

2019-05-27 09:40:38 - [MESSAGE][PASSED] - Object 'Object Repository/ADMIN/Categories/Category/button_upload check' is visible

2019-05-27 09:40:38 - [TEST_STEP][PASSED] - click: Object: 'Object Repository/ADMIN/Categories/Category/button_upload check' is clicked on

2019-05-27 09:40:38 - [MESSAGE][PASSED] - Object: 'Object Repository/ADMIN/Categories/Category/button_upload check' is clicked on

2019-05-27 09:40:38 - [TEST_STEP][PASSED] - click: Object: 'Object Repository/ADMIN/Categories/Category/button_upload save' is clicked on

2019-05-27 09:40:38 - [MESSAGE][PASSED] - Object: 'Object Repository/ADMIN/Categories/Category/button_upload save' is clicked on

2019-05-27 09:40:38 - [TEST_STEP][PASSED] - waitForElementVisible: Object 'Object Repository/ADMIN/Categories/Category/button_upload save' is visible

2019-05-27 09:40:38 - [MESSAGE][WARNING] - Timeout '0' is invalid. Using default page load timeout: '30'

2019-05-27 09:40:38 - [MESSAGE][PASSED] - Object 'Object Repository/ADMIN/Categories/Category/button_upload save' is visible

2019-05-27 09:40:38 - [TEST_STEP][PASSED] - setText: Text 'Description47' is set on object 'Object Repository/ADMIN/Categories/Category/textfield_category_description'

2019-05-27 09:40:39 - [MESSAGE][PASSED] - Text 'Description47' is set on object 'Object Repository/ADMIN/Categories/Category/textfield_category_description'

2019-05-27 09:40:39 - [TEST_STEP][PASSED] - click: Object: 'Object Repository/ADMIN/Categories/Category/button_Save' is clicked on

2019-05-27 09:40:39 - [MESSAGE][PASSED] - Object: 'Object Repository/ADMIN/Categories/Category/button_Save' is clicked on

2019-05-27 09:40:39 - [TEST_STEP][PASSED] - waitForElementVisible: Object 'Object Repository/ADMIN/Categories/Category/label_edit popup' is visible

2019-05-27 09:40:39 - [MESSAGE][WARNING] - Timeout '0' is invalid. Using default page load timeout: '30'

2019-05-27 09:40:40 - [MESSAGE][PASSED] - Object 'Object Repository/ADMIN/Categories/Category/label_edit popup' is visible

2019-05-27 09:40:40 - [TEST_STEP][PASSED] - waitForElementNotPresent: Web element with id: 'Object Repository/ADMIN/Categories/Category/label_edit popup' located by 'By.xpath: //div[(text() = 'Category was successfully saved.' or . = 'Category was successfully saved.')]' is not present after '30' second(s)

2019-05-27 09:40:40 - [MESSAGE][WARNING] - Timeout '0' is invalid. Using default page load timeout: '30'

2019-05-27 09:40:46 - [MESSAGE][PASSED] - Web element with id: 'Object Repository/ADMIN/Categories/Category/label_edit popup' located by 'By.xpath: //div[(text() = 'Category was successfully saved.' or . = 'Category was successfully saved.')]' is not present after '30' second(s)]]></system-out>
         <system-err><![CDATA[]]></system-err>
      </testcase>
      <testcase name="Test Cases/ADMIN/Content Mgmt/Categories/Category Add-Edit/Add Category" classname="Test Cases/ADMIN/Content Mgmt/Categories/Category Add-Edit/Add Category" status="FAILED">
         <failure type="FAILED" message="Unable to click on object 'Object Repository/ADMIN/Categories/Category List/button_Categories' (Root cause: org.openqa.selenium.ElementNotVisibleException: element not visible
  (Session info: chrome=74.0.3729.169)
  (Driver info: chromedriver=2.35.528161 (5b82f2d2aae0ca24b877009200ced9065a772e73),platform=Windows NT 6.1.7601 SP1 x86_64) (WARNING: The server did not provide any stacktrace information)
Command duration or timeout: 0 milliseconds
Build info: version: '3.7.1', revision: '8a0099a', time: '2017-11-06T21:07:36.161Z'
System info: host: 'ARCADIER-PC', ip: '10.10.31.95', os.name: 'Windows 7', os.arch: 'amd64', os.version: '6.1', java.version: '1.8.0_102'
Driver info: com.kms.katalon.core.webui.driver.ExistingRemoteWebDriver
Capabilities {javascriptEnabled: true, platform: ANY, platformName: ANY}
Session ID: f912d58d04e0ea049492dcdbe1240f08)"/>
         <system-out><![CDATA[2019-05-27 09:40:46 - [TEST_CASE][FAILED] - Test Cases/ADMIN/Content Mgmt/Categories/Category Add-Edit/Add Category: Test Cases/ADMIN/Content Mgmt/Categories/Category Add-Edit/Add Category FAILED because (of) Unable to click on object 'Object Repository/ADMIN/Categories/Category List/button_Categories' (Root cause: org.openqa.selenium.ElementNotVisibleException: element not visible
  (Session info: chrome=74.0.3729.169)
  (Driver info: chromedriver=2.35.528161 (5b82f2d2aae0ca24b877009200ced9065a772e73),platform=Windows NT 6.1.7601 SP1 x86_64) (WARNING: The server did not provide any stacktrace information)
Command duration or timeout: 0 milliseconds
Build info: version: '3.7.1', revision: '8a0099a', time: '2017-11-06T21:07:36.161Z'
System info: host: 'ARCADIER-PC', ip: '10.10.31.95', os.name: 'Windows 7', os.arch: 'amd64', os.version: '6.1', java.version: '1.8.0_102'
Driver info: com.kms.katalon.core.webui.driver.ExistingRemoteWebDriver
Capabilities {javascriptEnabled: true, platform: ANY, platformName: ANY}
Session ID: f912d58d04e0ea049492dcdbe1240f08)

2019-05-27 09:40:46 - [TEST_STEP][PASSED] - waitForElementVisible: Object 'Object Repository/ADMIN/Categories/Category List/button_Content Mgmt' is visible

2019-05-27 09:40:46 - [MESSAGE][WARNING] - Timeout '0' is invalid. Using default page load timeout: '30'

2019-05-27 09:40:46 - [MESSAGE][PASSED] - Object 'Object Repository/ADMIN/Categories/Category List/button_Content Mgmt' is visible

2019-05-27 09:40:46 - [TEST_STEP][PASSED] - click: Object: 'Object Repository/ADMIN/Categories/Category List/button_Content Mgmt' is clicked on

2019-05-27 09:40:46 - [MESSAGE][PASSED] - Object: 'Object Repository/ADMIN/Categories/Category List/button_Content Mgmt' is clicked on

2019-05-27 09:40:46 - [TEST_STEP][PASSED] - waitForElementVisible: Object 'Object Repository/ADMIN/Categories/Category List/button_Categories' is visible

2019-05-27 09:40:46 - [MESSAGE][WARNING] - Timeout '0' is invalid. Using default page load timeout: '30'

2019-05-27 09:40:46 - [MESSAGE][PASSED] - Object 'Object Repository/ADMIN/Categories/Category List/button_Categories' is visible

2019-05-27 09:40:46 - [TEST_STEP][FAILED] - click: Unable to click on object 'Object Repository/ADMIN/Categories/Category List/button_Categories' (Root cause: org.openqa.selenium.ElementNotVisibleException: element not visible
  (Session info: chrome=74.0.3729.169)
  (Driver info: chromedriver=2.35.528161 (5b82f2d2aae0ca24b877009200ced9065a772e73),platform=Windows NT 6.1.7601 SP1 x86_64) (WARNING: The server did not provide any stacktrace information)
Command duration or timeout: 0 milliseconds
Build info: version: '3.7.1', revision: '8a0099a', time: '2017-11-06T21:07:36.161Z'
System info: host: 'ARCADIER-PC', ip: '10.10.31.95', os.name: 'Windows 7', os.arch: 'amd64', os.version: '6.1', java.version: '1.8.0_102'
Driver info: com.kms.katalon.core.webui.driver.ExistingRemoteWebDriver
Capabilities {javascriptEnabled: true, platform: ANY, platformName: ANY}
Session ID: f912d58d04e0ea049492dcdbe1240f08)

2019-05-27 09:40:47 - [MESSAGE][FAILED] - Unable to click on object 'Object Repository/ADMIN/Categories/Category List/button_Categories' (Root cause: org.openqa.selenium.ElementNotVisibleException: element not visible
  (Session info: chrome=74.0.3729.169)
  (Driver info: chromedriver=2.35.528161 (5b82f2d2aae0ca24b877009200ced9065a772e73),platform=Windows NT 6.1.7601 SP1 x86_64) (WARNING: The server did not provide any stacktrace information)
Command duration or timeout: 0 milliseconds
Build info: version: '3.7.1', revision: '8a0099a', time: '2017-11-06T21:07:36.161Z'
System info: host: 'ARCADIER-PC', ip: '10.10.31.95', os.name: 'Windows 7', os.arch: 'amd64', os.version: '6.1', java.version: '1.8.0_102'
Driver info: com.kms.katalon.core.webui.driver.ExistingRemoteWebDriver
Capabilities {javascriptEnabled: true, platform: ANY, platformName: ANY}
Session ID: f912d58d04e0ea049492dcdbe1240f08)
[[ATTACHMENT|C:\\Users\\Arcadier\\git\\Arctick\\Reports\\Suites\\Admin Category\\20190527_092604\\1558921246821.png]]

2019-05-27 09:40:47 - [TEST_STEP][PASSED] - waitForPageLoad: Wait for page load successfully

2019-05-27 09:40:47 - [MESSAGE][WARNING] - Timeout '0' is invalid. Using default page load timeout: '30'

2019-05-27 09:40:47 - [MESSAGE][PASSED] - Wait for page load successfully

2019-05-27 09:40:47 - [TEST_STEP][PASSED] - click: Object: 'Object Repository/ADMIN/Categories/Category List/button_Add a Category' is clicked on

2019-05-27 09:40:47 - [MESSAGE][PASSED] - Object: 'Object Repository/ADMIN/Categories/Category List/button_Add a Category' is clicked on

2019-05-27 09:40:47 - [TEST_STEP][PASSED] - waitForElementPresent: Object 'Object Repository/ADMIN/Categories/Category/dropdown_Parent' is present

2019-05-27 09:40:47 - [MESSAGE][PASSED] - Object 'Object Repository/ADMIN/Categories/Category/dropdown_Parent' is present

2019-05-27 09:40:47 - [TEST_STEP][PASSED] - delay: Delayed 1 second(s)

2019-05-27 09:40:48 - [MESSAGE][PASSED] - Delayed 1 second(s)

2019-05-27 09:40:48 - [TEST_STEP][PASSED] - setText: Text 'Category 4' is set on object 'Object Repository/ADMIN/Categories/Category/textfield_Category Name'

2019-05-27 09:40:49 - [MESSAGE][PASSED] - Text 'Category 4' is set on object 'Object Repository/ADMIN/Categories/Category/textfield_Category Name'

2019-05-27 09:40:49 - [TEST_STEP][PASSED] - click: Object: 'Object Repository/ADMIN/Categories/Category/dropdown_Parent' is clicked on

2019-05-27 09:40:50 - [MESSAGE][PASSED] - Object: 'Object Repository/ADMIN/Categories/Category/dropdown_Parent' is clicked on

2019-05-27 09:40:50 - [TEST_STEP][PASSED] - delay: Delayed 2 second(s)

2019-05-27 09:40:52 - [MESSAGE][PASSED] - Delayed 2 second(s)

2019-05-27 09:40:52 - [TEST_STEP][PASSED] - click: Object: 'Object Repository/ADMIN/Categories/Category/dropdown_Parent' is clicked on

2019-05-27 09:40:52 - [MESSAGE][PASSED] - Object: 'Object Repository/ADMIN/Categories/Category/dropdown_Parent' is clicked on

2019-05-27 09:40:52 - [TEST_STEP][PASSED] - selectOptionByLabel: All options with label '-' are selected in object 'Object Repository/ADMIN/Categories/Category/dropdown_Parent' 

2019-05-27 09:40:52 - [MESSAGE][PASSED] - All options with label '-' are selected in object 'Object Repository/ADMIN/Categories/Category/dropdown_Parent' 

2019-05-27 09:40:52 - [TEST_STEP][PASSED] - click: Object: 'Object Repository/ADMIN/Categories/Category/button_Browse' is clicked on

2019-05-27 09:40:52 - [MESSAGE][PASSED] - Object: 'Object Repository/ADMIN/Categories/Category/button_Browse' is clicked on

2019-05-27 09:40:52 - [TEST_STEP][PASSED] - delay: Delayed 2 second(s)

2019-05-27 09:40:54 - [MESSAGE][PASSED] - Delayed 2 second(s)

2019-05-27 09:40:54 - [TEST_STEP][PASSED] - uploadFile: File 'C:\\Katalon\\Image\\pic11.jpg' sent to object: 'Object Repository/ADMIN/Categories/Category/image_input image'

2019-05-27 09:40:54 - [MESSAGE][PASSED] - File 'C:\\Katalon\\Image\\pic11.jpg' sent to object: 'Object Repository/ADMIN/Categories/Category/image_input image'

2019-05-27 09:40:54 - [TEST_STEP][PASSED] - waitForElementVisible: Object 'Object Repository/ADMIN/Categories/Category/button_upload check' is visible

2019-05-27 09:40:54 - [MESSAGE][WARNING] - Timeout '0' is invalid. Using default page load timeout: '30'

2019-05-27 09:40:54 - [MESSAGE][PASSED] - Object 'Object Repository/ADMIN/Categories/Category/button_upload check' is visible

2019-05-27 09:40:54 - [TEST_STEP][PASSED] - click: Object: 'Object Repository/ADMIN/Categories/Category/button_upload check' is clicked on

2019-05-27 09:40:55 - [MESSAGE][PASSED] - Object: 'Object Repository/ADMIN/Categories/Category/button_upload check' is clicked on

2019-05-27 09:40:55 - [TEST_STEP][PASSED] - click: Object: 'Object Repository/ADMIN/Categories/Category/button_upload save' is clicked on

2019-05-27 09:40:55 - [MESSAGE][PASSED] - Object: 'Object Repository/ADMIN/Categories/Category/button_upload save' is clicked on

2019-05-27 09:40:55 - [TEST_STEP][PASSED] - waitForElementVisible: Object 'Object Repository/ADMIN/Categories/Category/button_upload save' is visible

2019-05-27 09:40:55 - [MESSAGE][WARNING] - Timeout '0' is invalid. Using default page load timeout: '30'

2019-05-27 09:40:55 - [MESSAGE][PASSED] - Object 'Object Repository/ADMIN/Categories/Category/button_upload save' is visible

2019-05-27 09:40:55 - [TEST_STEP][PASSED] - setText: Text 'Description48' is set on object 'Object Repository/ADMIN/Categories/Category/textfield_category_description'

2019-05-27 09:40:55 - [MESSAGE][PASSED] - Text 'Description48' is set on object 'Object Repository/ADMIN/Categories/Category/textfield_category_description'

2019-05-27 09:40:55 - [TEST_STEP][PASSED] - click: Object: 'Object Repository/ADMIN/Categories/Category/button_Save' is clicked on

2019-05-27 09:40:56 - [MESSAGE][PASSED] - Object: 'Object Repository/ADMIN/Categories/Category/button_Save' is clicked on

2019-05-27 09:40:56 - [TEST_STEP][PASSED] - waitForElementVisible: Object 'Object Repository/ADMIN/Categories/Category/label_edit popup' is visible

2019-05-27 09:40:56 - [MESSAGE][WARNING] - Timeout '0' is invalid. Using default page load timeout: '30'

2019-05-27 09:40:58 - [MESSAGE][PASSED] - Object 'Object Repository/ADMIN/Categories/Category/label_edit popup' is visible

2019-05-27 09:40:58 - [TEST_STEP][PASSED] - waitForElementNotPresent: Web element with id: 'Object Repository/ADMIN/Categories/Category/label_edit popup' located by 'By.xpath: //div[(text() = 'Category was successfully saved.' or . = 'Category was successfully saved.')]' is not present after '30' second(s)

2019-05-27 09:40:58 - [MESSAGE][WARNING] - Timeout '0' is invalid. Using default page load timeout: '30'

2019-05-27 09:41:03 - [MESSAGE][PASSED] - Web element with id: 'Object Repository/ADMIN/Categories/Category/label_edit popup' located by 'By.xpath: //div[(text() = 'Category was successfully saved.' or . = 'Category was successfully saved.')]' is not present after '30' second(s)]]></system-out>
         <system-err><![CDATA[2019-05-27 09:40:46 - [TEST_CASE][FAILED] - Test Cases/ADMIN/Content Mgmt/Categories/Category Add-Edit/Add Category: Test Cases/ADMIN/Content Mgmt/Categories/Category Add-Edit/Add Category FAILED because (of) Unable to click on object 'Object Repository/ADMIN/Categories/Category List/button_Categories' (Root cause: org.openqa.selenium.ElementNotVisibleException: element not visible
  (Session info: chrome=74.0.3729.169)
  (Driver info: chromedriver=2.35.528161 (5b82f2d2aae0ca24b877009200ced9065a772e73),platform=Windows NT 6.1.7601 SP1 x86_64) (WARNING: The server did not provide any stacktrace information)
Command duration or timeout: 0 milliseconds
Build info: version: '3.7.1', revision: '8a0099a', time: '2017-11-06T21:07:36.161Z'
System info: host: 'ARCADIER-PC', ip: '10.10.31.95', os.name: 'Windows 7', os.arch: 'amd64', os.version: '6.1', java.version: '1.8.0_102'
Driver info: com.kms.katalon.core.webui.driver.ExistingRemoteWebDriver
Capabilities {javascriptEnabled: true, platform: ANY, platformName: ANY}
Session ID: f912d58d04e0ea049492dcdbe1240f08)]]></system-err>
      </testcase>
      <testcase name="Test Cases/ADMIN/Content Mgmt/Categories/Category Add-Edit/Add Category" classname="Test Cases/ADMIN/Content Mgmt/Categories/Category Add-Edit/Add Category" status="PASSED">
         <system-out><![CDATA[2019-05-27 09:41:03 - [TEST_CASE][PASSED] - Test Cases/ADMIN/Content Mgmt/Categories/Category Add-Edit/Add Category: Test Cases/ADMIN/Content Mgmt/Categories/Category Add-Edit/Add Category

2019-05-27 09:41:03 - [TEST_STEP][PASSED] - waitForElementVisible: Object 'Object Repository/ADMIN/Categories/Category List/button_Content Mgmt' is visible

2019-05-27 09:41:03 - [MESSAGE][WARNING] - Timeout '0' is invalid. Using default page load timeout: '30'

2019-05-27 09:41:03 - [MESSAGE][PASSED] - Object 'Object Repository/ADMIN/Categories/Category List/button_Content Mgmt' is visible

2019-05-27 09:41:03 - [TEST_STEP][PASSED] - click: Object: 'Object Repository/ADMIN/Categories/Category List/button_Content Mgmt' is clicked on

2019-05-27 09:41:03 - [MESSAGE][PASSED] - Object: 'Object Repository/ADMIN/Categories/Category List/button_Content Mgmt' is clicked on

2019-05-27 09:41:03 - [TEST_STEP][PASSED] - waitForElementVisible: Object 'Object Repository/ADMIN/Categories/Category List/button_Categories' is visible

2019-05-27 09:41:03 - [MESSAGE][WARNING] - Timeout '0' is invalid. Using default page load timeout: '30'

2019-05-27 09:41:04 - [MESSAGE][PASSED] - Object 'Object Repository/ADMIN/Categories/Category List/button_Categories' is visible

2019-05-27 09:41:04 - [TEST_STEP][PASSED] - click: Object: 'Object Repository/ADMIN/Categories/Category List/button_Categories' is clicked on

2019-05-27 09:41:05 - [MESSAGE][PASSED] - Object: 'Object Repository/ADMIN/Categories/Category List/button_Categories' is clicked on

2019-05-27 09:41:05 - [TEST_STEP][PASSED] - waitForPageLoad: Wait for page load successfully

2019-05-27 09:41:05 - [MESSAGE][WARNING] - Timeout '0' is invalid. Using default page load timeout: '30'

2019-05-27 09:41:06 - [MESSAGE][PASSED] - Wait for page load successfully

2019-05-27 09:41:06 - [TEST_STEP][PASSED] - click: Object: 'Object Repository/ADMIN/Categories/Category List/button_Add a Category' is clicked on

2019-05-27 09:41:06 - [MESSAGE][PASSED] - Object: 'Object Repository/ADMIN/Categories/Category List/button_Add a Category' is clicked on

2019-05-27 09:41:06 - [TEST_STEP][PASSED] - waitForElementPresent: Object 'Object Repository/ADMIN/Categories/Category/dropdown_Parent' is present

2019-05-27 09:41:06 - [MESSAGE][PASSED] - Object 'Object Repository/ADMIN/Categories/Category/dropdown_Parent' is present

2019-05-27 09:41:06 - [TEST_STEP][PASSED] - delay: Delayed 1 second(s)

2019-05-27 09:41:07 - [MESSAGE][PASSED] - Delayed 1 second(s)

2019-05-27 09:41:07 - [TEST_STEP][PASSED] - setText: Text 'Category 4.1' is set on object 'Object Repository/ADMIN/Categories/Category/textfield_Category Name'

2019-05-27 09:41:08 - [MESSAGE][PASSED] - Text 'Category 4.1' is set on object 'Object Repository/ADMIN/Categories/Category/textfield_Category Name'

2019-05-27 09:41:08 - [TEST_STEP][PASSED] - click: Object: 'Object Repository/ADMIN/Categories/Category/dropdown_Parent' is clicked on

2019-05-27 09:41:08 - [MESSAGE][PASSED] - Object: 'Object Repository/ADMIN/Categories/Category/dropdown_Parent' is clicked on

2019-05-27 09:41:08 - [TEST_STEP][PASSED] - delay: Delayed 2 second(s)

2019-05-27 09:41:10 - [MESSAGE][PASSED] - Delayed 2 second(s)

2019-05-27 09:41:10 - [TEST_STEP][PASSED] - click: Object: 'Object Repository/ADMIN/Categories/Category/dropdown_Parent' is clicked on

2019-05-27 09:41:10 - [MESSAGE][PASSED] - Object: 'Object Repository/ADMIN/Categories/Category/dropdown_Parent' is clicked on

2019-05-27 09:41:10 - [TEST_STEP][PASSED] - selectOptionByLabel: All options with label 'Category 4' are selected in object 'Object Repository/ADMIN/Categories/Category/dropdown_Parent' 

2019-05-27 09:41:10 - [MESSAGE][PASSED] - All options with label 'Category 4' are selected in object 'Object Repository/ADMIN/Categories/Category/dropdown_Parent' 

2019-05-27 09:41:10 - [TEST_STEP][PASSED] - click: Object: 'Object Repository/ADMIN/Categories/Category/button_Browse' is clicked on

2019-05-27 09:41:10 - [MESSAGE][PASSED] - Object: 'Object Repository/ADMIN/Categories/Category/button_Browse' is clicked on

2019-05-27 09:41:10 - [TEST_STEP][PASSED] - delay: Delayed 2 second(s)

2019-05-27 09:41:12 - [MESSAGE][PASSED] - Delayed 2 second(s)

2019-05-27 09:41:12 - [TEST_STEP][PASSED] - uploadFile: File 'C:\\Katalon\\Image\\pic12.jpg' sent to object: 'Object Repository/ADMIN/Categories/Category/image_input image'

2019-05-27 09:41:13 - [MESSAGE][PASSED] - File 'C:\\Katalon\\Image\\pic12.jpg' sent to object: 'Object Repository/ADMIN/Categories/Category/image_input image'

2019-05-27 09:41:13 - [TEST_STEP][PASSED] - waitForElementVisible: Object 'Object Repository/ADMIN/Categories/Category/button_upload check' is visible

2019-05-27 09:41:13 - [MESSAGE][WARNING] - Timeout '0' is invalid. Using default page load timeout: '30'

2019-05-27 09:41:13 - [MESSAGE][PASSED] - Object 'Object Repository/ADMIN/Categories/Category/button_upload check' is visible

2019-05-27 09:41:13 - [TEST_STEP][PASSED] - click: Object: 'Object Repository/ADMIN/Categories/Category/button_upload check' is clicked on

2019-05-27 09:41:13 - [MESSAGE][PASSED] - Object: 'Object Repository/ADMIN/Categories/Category/button_upload check' is clicked on

2019-05-27 09:41:13 - [TEST_STEP][PASSED] - click: Object: 'Object Repository/ADMIN/Categories/Category/button_upload save' is clicked on

2019-05-27 09:41:14 - [MESSAGE][PASSED] - Object: 'Object Repository/ADMIN/Categories/Category/button_upload save' is clicked on

2019-05-27 09:41:14 - [TEST_STEP][PASSED] - waitForElementVisible: Object 'Object Repository/ADMIN/Categories/Category/button_upload save' is visible

2019-05-27 09:41:14 - [MESSAGE][WARNING] - Timeout '0' is invalid. Using default page load timeout: '30'

2019-05-27 09:41:14 - [MESSAGE][PASSED] - Object 'Object Repository/ADMIN/Categories/Category/button_upload save' is visible

2019-05-27 09:41:14 - [TEST_STEP][PASSED] - setText: Text 'Description49' is set on object 'Object Repository/ADMIN/Categories/Category/textfield_category_description'

2019-05-27 09:41:14 - [MESSAGE][PASSED] - Text 'Description49' is set on object 'Object Repository/ADMIN/Categories/Category/textfield_category_description'

2019-05-27 09:41:14 - [TEST_STEP][PASSED] - click: Object: 'Object Repository/ADMIN/Categories/Category/button_Save' is clicked on

2019-05-27 09:41:15 - [MESSAGE][PASSED] - Object: 'Object Repository/ADMIN/Categories/Category/button_Save' is clicked on

2019-05-27 09:41:15 - [TEST_STEP][PASSED] - waitForElementVisible: Object 'Object Repository/ADMIN/Categories/Category/label_edit popup' is visible

2019-05-27 09:41:15 - [MESSAGE][WARNING] - Timeout '0' is invalid. Using default page load timeout: '30'

2019-05-27 09:41:15 - [MESSAGE][PASSED] - Object 'Object Repository/ADMIN/Categories/Category/label_edit popup' is visible

2019-05-27 09:41:15 - [TEST_STEP][PASSED] - waitForElementNotPresent: Web element with id: 'Object Repository/ADMIN/Categories/Category/label_edit popup' located by 'By.xpath: //div[(text() = 'Category was successfully saved.' or . = 'Category was successfully saved.')]' is not present after '30' second(s)

2019-05-27 09:41:15 - [MESSAGE][WARNING] - Timeout '0' is invalid. Using default page load timeout: '30'

2019-05-27 09:41:21 - [MESSAGE][PASSED] - Web element with id: 'Object Repository/ADMIN/Categories/Category/label_edit popup' located by 'By.xpath: //div[(text() = 'Category was successfully saved.' or . = 'Category was successfully saved.')]' is not present after '30' second(s)]]></system-out>
         <system-err><![CDATA[]]></system-err>
      </testcase>
      <testcase name="Test Cases/ADMIN/Content Mgmt/Categories/Category Add-Edit/Add Category" classname="Test Cases/ADMIN/Content Mgmt/Categories/Category Add-Edit/Add Category" status="FAILED">
         <failure type="FAILED" message="Unable to click on object 'Object Repository/ADMIN/Categories/Category List/button_Categories' (Root cause: org.openqa.selenium.ElementNotVisibleException: element not visible
  (Session info: chrome=74.0.3729.169)
  (Driver info: chromedriver=2.35.528161 (5b82f2d2aae0ca24b877009200ced9065a772e73),platform=Windows NT 6.1.7601 SP1 x86_64) (WARNING: The server did not provide any stacktrace information)
Command duration or timeout: 0 milliseconds
Build info: version: '3.7.1', revision: '8a0099a', time: '2017-11-06T21:07:36.161Z'
System info: host: 'ARCADIER-PC', ip: '10.10.31.95', os.name: 'Windows 7', os.arch: 'amd64', os.version: '6.1', java.version: '1.8.0_102'
Driver info: com.kms.katalon.core.webui.driver.ExistingRemoteWebDriver
Capabilities {javascriptEnabled: true, platform: ANY, platformName: ANY}
Session ID: f912d58d04e0ea049492dcdbe1240f08)"/>
         <system-out><![CDATA[2019-05-27 09:41:21 - [TEST_CASE][FAILED] - Test Cases/ADMIN/Content Mgmt/Categories/Category Add-Edit/Add Category: Test Cases/ADMIN/Content Mgmt/Categories/Category Add-Edit/Add Category FAILED because (of) Unable to click on object 'Object Repository/ADMIN/Categories/Category List/button_Categories' (Root cause: org.openqa.selenium.ElementNotVisibleException: element not visible
  (Session info: chrome=74.0.3729.169)
  (Driver info: chromedriver=2.35.528161 (5b82f2d2aae0ca24b877009200ced9065a772e73),platform=Windows NT 6.1.7601 SP1 x86_64) (WARNING: The server did not provide any stacktrace information)
Command duration or timeout: 0 milliseconds
Build info: version: '3.7.1', revision: '8a0099a', time: '2017-11-06T21:07:36.161Z'
System info: host: 'ARCADIER-PC', ip: '10.10.31.95', os.name: 'Windows 7', os.arch: 'amd64', os.version: '6.1', java.version: '1.8.0_102'
Driver info: com.kms.katalon.core.webui.driver.ExistingRemoteWebDriver
Capabilities {javascriptEnabled: true, platform: ANY, platformName: ANY}
Session ID: f912d58d04e0ea049492dcdbe1240f08)

2019-05-27 09:41:21 - [TEST_STEP][PASSED] - waitForElementVisible: Object 'Object Repository/ADMIN/Categories/Category List/button_Content Mgmt' is visible

2019-05-27 09:41:21 - [MESSAGE][WARNING] - Timeout '0' is invalid. Using default page load timeout: '30'

2019-05-27 09:41:21 - [MESSAGE][PASSED] - Object 'Object Repository/ADMIN/Categories/Category List/button_Content Mgmt' is visible

2019-05-27 09:41:21 - [TEST_STEP][PASSED] - click: Object: 'Object Repository/ADMIN/Categories/Category List/button_Content Mgmt' is clicked on

2019-05-27 09:41:21 - [MESSAGE][PASSED] - Object: 'Object Repository/ADMIN/Categories/Category List/button_Content Mgmt' is clicked on

2019-05-27 09:41:21 - [TEST_STEP][PASSED] - waitForElementVisible: Object 'Object Repository/ADMIN/Categories/Category List/button_Categories' is visible

2019-05-27 09:41:21 - [MESSAGE][WARNING] - Timeout '0' is invalid. Using default page load timeout: '30'

2019-05-27 09:41:21 - [MESSAGE][PASSED] - Object 'Object Repository/ADMIN/Categories/Category List/button_Categories' is visible

2019-05-27 09:41:21 - [TEST_STEP][FAILED] - click: Unable to click on object 'Object Repository/ADMIN/Categories/Category List/button_Categories' (Root cause: org.openqa.selenium.ElementNotVisibleException: element not visible
  (Session info: chrome=74.0.3729.169)
  (Driver info: chromedriver=2.35.528161 (5b82f2d2aae0ca24b877009200ced9065a772e73),platform=Windows NT 6.1.7601 SP1 x86_64) (WARNING: The server did not provide any stacktrace information)
Command duration or timeout: 0 milliseconds
Build info: version: '3.7.1', revision: '8a0099a', time: '2017-11-06T21:07:36.161Z'
System info: host: 'ARCADIER-PC', ip: '10.10.31.95', os.name: 'Windows 7', os.arch: 'amd64', os.version: '6.1', java.version: '1.8.0_102'
Driver info: com.kms.katalon.core.webui.driver.ExistingRemoteWebDriver
Capabilities {javascriptEnabled: true, platform: ANY, platformName: ANY}
Session ID: f912d58d04e0ea049492dcdbe1240f08)

2019-05-27 09:41:22 - [MESSAGE][FAILED] - Unable to click on object 'Object Repository/ADMIN/Categories/Category List/button_Categories' (Root cause: org.openqa.selenium.ElementNotVisibleException: element not visible
  (Session info: chrome=74.0.3729.169)
  (Driver info: chromedriver=2.35.528161 (5b82f2d2aae0ca24b877009200ced9065a772e73),platform=Windows NT 6.1.7601 SP1 x86_64) (WARNING: The server did not provide any stacktrace information)
Command duration or timeout: 0 milliseconds
Build info: version: '3.7.1', revision: '8a0099a', time: '2017-11-06T21:07:36.161Z'
System info: host: 'ARCADIER-PC', ip: '10.10.31.95', os.name: 'Windows 7', os.arch: 'amd64', os.version: '6.1', java.version: '1.8.0_102'
Driver info: com.kms.katalon.core.webui.driver.ExistingRemoteWebDriver
Capabilities {javascriptEnabled: true, platform: ANY, platformName: ANY}
Session ID: f912d58d04e0ea049492dcdbe1240f08)
[[ATTACHMENT|C:\\Users\\Arcadier\\git\\Arctick\\Reports\\Suites\\Admin Category\\20190527_092604\\1558921281788.png]]

2019-05-27 09:41:22 - [TEST_STEP][PASSED] - waitForPageLoad: Wait for page load successfully

2019-05-27 09:41:22 - [MESSAGE][WARNING] - Timeout '0' is invalid. Using default page load timeout: '30'

2019-05-27 09:41:22 - [MESSAGE][PASSED] - Wait for page load successfully

2019-05-27 09:41:22 - [TEST_STEP][PASSED] - click: Object: 'Object Repository/ADMIN/Categories/Category List/button_Add a Category' is clicked on

2019-05-27 09:41:22 - [MESSAGE][PASSED] - Object: 'Object Repository/ADMIN/Categories/Category List/button_Add a Category' is clicked on

2019-05-27 09:41:22 - [TEST_STEP][PASSED] - waitForElementPresent: Object 'Object Repository/ADMIN/Categories/Category/dropdown_Parent' is present

2019-05-27 09:41:23 - [MESSAGE][PASSED] - Object 'Object Repository/ADMIN/Categories/Category/dropdown_Parent' is present

2019-05-27 09:41:23 - [TEST_STEP][PASSED] - delay: Delayed 1 second(s)

2019-05-27 09:41:24 - [MESSAGE][PASSED] - Delayed 1 second(s)

2019-05-27 09:41:24 - [TEST_STEP][PASSED] - setText: Text 'Category 4.2' is set on object 'Object Repository/ADMIN/Categories/Category/textfield_Category Name'

2019-05-27 09:41:24 - [MESSAGE][PASSED] - Text 'Category 4.2' is set on object 'Object Repository/ADMIN/Categories/Category/textfield_Category Name'

2019-05-27 09:41:24 - [TEST_STEP][PASSED] - click: Object: 'Object Repository/ADMIN/Categories/Category/dropdown_Parent' is clicked on

2019-05-27 09:41:24 - [MESSAGE][PASSED] - Object: 'Object Repository/ADMIN/Categories/Category/dropdown_Parent' is clicked on

2019-05-27 09:41:24 - [TEST_STEP][PASSED] - delay: Delayed 2 second(s)

2019-05-27 09:41:26 - [MESSAGE][PASSED] - Delayed 2 second(s)

2019-05-27 09:41:26 - [TEST_STEP][PASSED] - click: Object: 'Object Repository/ADMIN/Categories/Category/dropdown_Parent' is clicked on

2019-05-27 09:41:26 - [MESSAGE][PASSED] - Object: 'Object Repository/ADMIN/Categories/Category/dropdown_Parent' is clicked on

2019-05-27 09:41:26 - [TEST_STEP][PASSED] - selectOptionByLabel: All options with label 'Category 4' are selected in object 'Object Repository/ADMIN/Categories/Category/dropdown_Parent' 

2019-05-27 09:41:27 - [MESSAGE][PASSED] - All options with label 'Category 4' are selected in object 'Object Repository/ADMIN/Categories/Category/dropdown_Parent' 

2019-05-27 09:41:27 - [TEST_STEP][PASSED] - click: Object: 'Object Repository/ADMIN/Categories/Category/button_Browse' is clicked on

2019-05-27 09:41:27 - [MESSAGE][PASSED] - Object: 'Object Repository/ADMIN/Categories/Category/button_Browse' is clicked on

2019-05-27 09:41:27 - [TEST_STEP][PASSED] - delay: Delayed 2 second(s)

2019-05-27 09:41:29 - [MESSAGE][PASSED] - Delayed 2 second(s)

2019-05-27 09:41:29 - [TEST_STEP][PASSED] - uploadFile: File 'C:\\Katalon\\Image\\pic1.jpg' sent to object: 'Object Repository/ADMIN/Categories/Category/image_input image'

2019-05-27 09:41:29 - [MESSAGE][PASSED] - File 'C:\\Katalon\\Image\\pic1.jpg' sent to object: 'Object Repository/ADMIN/Categories/Category/image_input image'

2019-05-27 09:41:29 - [TEST_STEP][PASSED] - waitForElementVisible: Object 'Object Repository/ADMIN/Categories/Category/button_upload check' is visible

2019-05-27 09:41:29 - [MESSAGE][WARNING] - Timeout '0' is invalid. Using default page load timeout: '30'

2019-05-27 09:41:29 - [MESSAGE][PASSED] - Object 'Object Repository/ADMIN/Categories/Category/button_upload check' is visible

2019-05-27 09:41:29 - [TEST_STEP][PASSED] - click: Object: 'Object Repository/ADMIN/Categories/Category/button_upload check' is clicked on

2019-05-27 09:41:30 - [MESSAGE][PASSED] - Object: 'Object Repository/ADMIN/Categories/Category/button_upload check' is clicked on

2019-05-27 09:41:30 - [TEST_STEP][PASSED] - click: Object: 'Object Repository/ADMIN/Categories/Category/button_upload save' is clicked on

2019-05-27 09:41:30 - [MESSAGE][PASSED] - Object: 'Object Repository/ADMIN/Categories/Category/button_upload save' is clicked on

2019-05-27 09:41:30 - [TEST_STEP][FAILED] - waitForElementVisible: Unable to wait for object 'Object Repository/ADMIN/Categories/Category/button_upload save' to be visible (Root cause: org.openqa.selenium.StaleElementReferenceException: stale element reference: element is not attached to the page document
  (Session info: chrome=74.0.3729.169)
  (Driver info: chromedriver=2.35.528161 (5b82f2d2aae0ca24b877009200ced9065a772e73),platform=Windows NT 6.1.7601 SP1 x86_64) (WARNING: The server did not provide any stacktrace information)
Command duration or timeout: 0 milliseconds
For documentation on this error, please visit: http://seleniumhq.org/exceptions/stale_element_reference.html
Build info: version: '3.7.1', revision: '8a0099a', time: '2017-11-06T21:07:36.161Z'
System info: host: 'ARCADIER-PC', ip: '10.10.31.95', os.name: 'Windows 7', os.arch: 'amd64', os.version: '6.1', java.version: '1.8.0_102'
Driver info: com.kms.katalon.core.webui.driver.ExistingRemoteWebDriver
Capabilities {javascriptEnabled: true, platform: ANY, platformName: ANY}
Session ID: f912d58d04e0ea049492dcdbe1240f08)

2019-05-27 09:41:30 - [MESSAGE][WARNING] - Timeout '0' is invalid. Using default page load timeout: '30'

2019-05-27 09:41:32 - [MESSAGE][FAILED] - Unable to wait for object 'Object Repository/ADMIN/Categories/Category/button_upload save' to be visible (Root cause: org.openqa.selenium.StaleElementReferenceException: stale element reference: element is not attached to the page document
  (Session info: chrome=74.0.3729.169)
  (Driver info: chromedriver=2.35.528161 (5b82f2d2aae0ca24b877009200ced9065a772e73),platform=Windows NT 6.1.7601 SP1 x86_64) (WARNING: The server did not provide any stacktrace information)
Command duration or timeout: 0 milliseconds
For documentation on this error, please visit: http://seleniumhq.org/exceptions/stale_element_reference.html
Build info: version: '3.7.1', revision: '8a0099a', time: '2017-11-06T21:07:36.161Z'
System info: host: 'ARCADIER-PC', ip: '10.10.31.95', os.name: 'Windows 7', os.arch: 'amd64', os.version: '6.1', java.version: '1.8.0_102'
Driver info: com.kms.katalon.core.webui.driver.ExistingRemoteWebDriver
Capabilities {javascriptEnabled: true, platform: ANY, platformName: ANY}
Session ID: f912d58d04e0ea049492dcdbe1240f08)
[[ATTACHMENT|C:\\Users\\Arcadier\\git\\Arctick\\Reports\\Suites\\Admin Category\\20190527_092604\\1558921291631.png]]

2019-05-27 09:41:32 - [TEST_STEP][PASSED] - setText: Text 'Description50' is set on object 'Object Repository/ADMIN/Categories/Category/textfield_category_description'

2019-05-27 09:41:32 - [MESSAGE][PASSED] - Text 'Description50' is set on object 'Object Repository/ADMIN/Categories/Category/textfield_category_description'

2019-05-27 09:41:32 - [TEST_STEP][PASSED] - click: Object: 'Object Repository/ADMIN/Categories/Category/button_Save' is clicked on

2019-05-27 09:41:32 - [MESSAGE][PASSED] - Object: 'Object Repository/ADMIN/Categories/Category/button_Save' is clicked on

2019-05-27 09:41:32 - [TEST_STEP][PASSED] - waitForElementVisible: Object 'Object Repository/ADMIN/Categories/Category/label_edit popup' is visible

2019-05-27 09:41:32 - [MESSAGE][WARNING] - Timeout '0' is invalid. Using default page load timeout: '30'

2019-05-27 09:41:33 - [MESSAGE][PASSED] - Object 'Object Repository/ADMIN/Categories/Category/label_edit popup' is visible

2019-05-27 09:41:33 - [TEST_STEP][PASSED] - waitForElementNotPresent: Web element with id: 'Object Repository/ADMIN/Categories/Category/label_edit popup' located by 'By.xpath: //div[(text() = 'Category was successfully saved.' or . = 'Category was successfully saved.')]' is not present after '30' second(s)

2019-05-27 09:41:33 - [MESSAGE][WARNING] - Timeout '0' is invalid. Using default page load timeout: '30'

2019-05-27 09:41:39 - [MESSAGE][PASSED] - Web element with id: 'Object Repository/ADMIN/Categories/Category/label_edit popup' located by 'By.xpath: //div[(text() = 'Category was successfully saved.' or . = 'Category was successfully saved.')]' is not present after '30' second(s)]]></system-out>
         <system-err><![CDATA[2019-05-27 09:41:21 - [TEST_CASE][FAILED] - Test Cases/ADMIN/Content Mgmt/Categories/Category Add-Edit/Add Category: Test Cases/ADMIN/Content Mgmt/Categories/Category Add-Edit/Add Category FAILED because (of) Unable to click on object 'Object Repository/ADMIN/Categories/Category List/button_Categories' (Root cause: org.openqa.selenium.ElementNotVisibleException: element not visible
  (Session info: chrome=74.0.3729.169)
  (Driver info: chromedriver=2.35.528161 (5b82f2d2aae0ca24b877009200ced9065a772e73),platform=Windows NT 6.1.7601 SP1 x86_64) (WARNING: The server did not provide any stacktrace information)
Command duration or timeout: 0 milliseconds
Build info: version: '3.7.1', revision: '8a0099a', time: '2017-11-06T21:07:36.161Z'
System info: host: 'ARCADIER-PC', ip: '10.10.31.95', os.name: 'Windows 7', os.arch: 'amd64', os.version: '6.1', java.version: '1.8.0_102'
Driver info: com.kms.katalon.core.webui.driver.ExistingRemoteWebDriver
Capabilities {javascriptEnabled: true, platform: ANY, platformName: ANY}
Session ID: f912d58d04e0ea049492dcdbe1240f08)]]></system-err>
      </testcase>
      <testcase name="Test Cases/ADMIN/Content Mgmt/Categories/Category Add-Edit/Add Category" classname="Test Cases/ADMIN/Content Mgmt/Categories/Category Add-Edit/Add Category" status="FAILED">
         <failure type="FAILED" message="Unable to click on object 'Object Repository/ADMIN/Categories/Category List/button_Categories' (Root cause: org.openqa.selenium.ElementNotVisibleException: element not visible
  (Session info: chrome=74.0.3729.169)
  (Driver info: chromedriver=2.35.528161 (5b82f2d2aae0ca24b877009200ced9065a772e73),platform=Windows NT 6.1.7601 SP1 x86_64) (WARNING: The server did not provide any stacktrace information)
Command duration or timeout: 0 milliseconds
Build info: version: '3.7.1', revision: '8a0099a', time: '2017-11-06T21:07:36.161Z'
System info: host: 'ARCADIER-PC', ip: '10.10.31.95', os.name: 'Windows 7', os.arch: 'amd64', os.version: '6.1', java.version: '1.8.0_102'
Driver info: com.kms.katalon.core.webui.driver.ExistingRemoteWebDriver
Capabilities {javascriptEnabled: true, platform: ANY, platformName: ANY}
Session ID: f912d58d04e0ea049492dcdbe1240f08)"/>
         <system-out><![CDATA[2019-05-27 09:41:39 - [TEST_CASE][FAILED] - Test Cases/ADMIN/Content Mgmt/Categories/Category Add-Edit/Add Category: Test Cases/ADMIN/Content Mgmt/Categories/Category Add-Edit/Add Category FAILED because (of) Unable to click on object 'Object Repository/ADMIN/Categories/Category List/button_Categories' (Root cause: org.openqa.selenium.ElementNotVisibleException: element not visible
  (Session info: chrome=74.0.3729.169)
  (Driver info: chromedriver=2.35.528161 (5b82f2d2aae0ca24b877009200ced9065a772e73),platform=Windows NT 6.1.7601 SP1 x86_64) (WARNING: The server did not provide any stacktrace information)
Command duration or timeout: 0 milliseconds
Build info: version: '3.7.1', revision: '8a0099a', time: '2017-11-06T21:07:36.161Z'
System info: host: 'ARCADIER-PC', ip: '10.10.31.95', os.name: 'Windows 7', os.arch: 'amd64', os.version: '6.1', java.version: '1.8.0_102'
Driver info: com.kms.katalon.core.webui.driver.ExistingRemoteWebDriver
Capabilities {javascriptEnabled: true, platform: ANY, platformName: ANY}
Session ID: f912d58d04e0ea049492dcdbe1240f08)

2019-05-27 09:41:39 - [TEST_STEP][PASSED] - waitForElementVisible: Object 'Object Repository/ADMIN/Categories/Category List/button_Content Mgmt' is visible

2019-05-27 09:41:39 - [MESSAGE][WARNING] - Timeout '0' is invalid. Using default page load timeout: '30'

2019-05-27 09:41:39 - [MESSAGE][PASSED] - Object 'Object Repository/ADMIN/Categories/Category List/button_Content Mgmt' is visible

2019-05-27 09:41:39 - [TEST_STEP][PASSED] - click: Object: 'Object Repository/ADMIN/Categories/Category List/button_Content Mgmt' is clicked on

2019-05-27 09:41:39 - [MESSAGE][PASSED] - Object: 'Object Repository/ADMIN/Categories/Category List/button_Content Mgmt' is clicked on

2019-05-27 09:41:39 - [TEST_STEP][PASSED] - waitForElementVisible: Object 'Object Repository/ADMIN/Categories/Category List/button_Categories' is visible

2019-05-27 09:41:39 - [MESSAGE][WARNING] - Timeout '0' is invalid. Using default page load timeout: '30'

2019-05-27 09:41:39 - [MESSAGE][PASSED] - Object 'Object Repository/ADMIN/Categories/Category List/button_Categories' is visible

2019-05-27 09:41:39 - [TEST_STEP][FAILED] - click: Unable to click on object 'Object Repository/ADMIN/Categories/Category List/button_Categories' (Root cause: org.openqa.selenium.ElementNotVisibleException: element not visible
  (Session info: chrome=74.0.3729.169)
  (Driver info: chromedriver=2.35.528161 (5b82f2d2aae0ca24b877009200ced9065a772e73),platform=Windows NT 6.1.7601 SP1 x86_64) (WARNING: The server did not provide any stacktrace information)
Command duration or timeout: 0 milliseconds
Build info: version: '3.7.1', revision: '8a0099a', time: '2017-11-06T21:07:36.161Z'
System info: host: 'ARCADIER-PC', ip: '10.10.31.95', os.name: 'Windows 7', os.arch: 'amd64', os.version: '6.1', java.version: '1.8.0_102'
Driver info: com.kms.katalon.core.webui.driver.ExistingRemoteWebDriver
Capabilities {javascriptEnabled: true, platform: ANY, platformName: ANY}
Session ID: f912d58d04e0ea049492dcdbe1240f08)

2019-05-27 09:41:40 - [MESSAGE][FAILED] - Unable to click on object 'Object Repository/ADMIN/Categories/Category List/button_Categories' (Root cause: org.openqa.selenium.ElementNotVisibleException: element not visible
  (Session info: chrome=74.0.3729.169)
  (Driver info: chromedriver=2.35.528161 (5b82f2d2aae0ca24b877009200ced9065a772e73),platform=Windows NT 6.1.7601 SP1 x86_64) (WARNING: The server did not provide any stacktrace information)
Command duration or timeout: 0 milliseconds
Build info: version: '3.7.1', revision: '8a0099a', time: '2017-11-06T21:07:36.161Z'
System info: host: 'ARCADIER-PC', ip: '10.10.31.95', os.name: 'Windows 7', os.arch: 'amd64', os.version: '6.1', java.version: '1.8.0_102'
Driver info: com.kms.katalon.core.webui.driver.ExistingRemoteWebDriver
Capabilities {javascriptEnabled: true, platform: ANY, platformName: ANY}
Session ID: f912d58d04e0ea049492dcdbe1240f08)
[[ATTACHMENT|C:\\Users\\Arcadier\\git\\Arctick\\Reports\\Suites\\Admin Category\\20190527_092604\\1558921300007.png]]

2019-05-27 09:41:40 - [TEST_STEP][PASSED] - waitForPageLoad: Wait for page load successfully

2019-05-27 09:41:40 - [MESSAGE][WARNING] - Timeout '0' is invalid. Using default page load timeout: '30'

2019-05-27 09:41:40 - [MESSAGE][PASSED] - Wait for page load successfully

2019-05-27 09:41:40 - [TEST_STEP][PASSED] - click: Object: 'Object Repository/ADMIN/Categories/Category List/button_Add a Category' is clicked on

2019-05-27 09:41:40 - [MESSAGE][PASSED] - Object: 'Object Repository/ADMIN/Categories/Category List/button_Add a Category' is clicked on

2019-05-27 09:41:40 - [TEST_STEP][PASSED] - waitForElementPresent: Object 'Object Repository/ADMIN/Categories/Category/dropdown_Parent' is present

2019-05-27 09:41:40 - [MESSAGE][PASSED] - Object 'Object Repository/ADMIN/Categories/Category/dropdown_Parent' is present

2019-05-27 09:41:40 - [TEST_STEP][PASSED] - delay: Delayed 1 second(s)

2019-05-27 09:41:41 - [MESSAGE][PASSED] - Delayed 1 second(s)

2019-05-27 09:41:41 - [TEST_STEP][PASSED] - setText: Text 'Category 4.3' is set on object 'Object Repository/ADMIN/Categories/Category/textfield_Category Name'

2019-05-27 09:41:42 - [MESSAGE][PASSED] - Text 'Category 4.3' is set on object 'Object Repository/ADMIN/Categories/Category/textfield_Category Name'

2019-05-27 09:41:42 - [TEST_STEP][PASSED] - click: Object: 'Object Repository/ADMIN/Categories/Category/dropdown_Parent' is clicked on

2019-05-27 09:41:42 - [MESSAGE][PASSED] - Object: 'Object Repository/ADMIN/Categories/Category/dropdown_Parent' is clicked on

2019-05-27 09:41:42 - [TEST_STEP][PASSED] - delay: Delayed 2 second(s)

2019-05-27 09:41:44 - [MESSAGE][PASSED] - Delayed 2 second(s)

2019-05-27 09:41:44 - [TEST_STEP][PASSED] - click: Object: 'Object Repository/ADMIN/Categories/Category/dropdown_Parent' is clicked on

2019-05-27 09:41:44 - [MESSAGE][PASSED] - Object: 'Object Repository/ADMIN/Categories/Category/dropdown_Parent' is clicked on

2019-05-27 09:41:44 - [TEST_STEP][PASSED] - selectOptionByLabel: All options with label 'Category 4' are selected in object 'Object Repository/ADMIN/Categories/Category/dropdown_Parent' 

2019-05-27 09:41:44 - [MESSAGE][PASSED] - All options with label 'Category 4' are selected in object 'Object Repository/ADMIN/Categories/Category/dropdown_Parent' 

2019-05-27 09:41:44 - [TEST_STEP][PASSED] - click: Object: 'Object Repository/ADMIN/Categories/Category/button_Browse' is clicked on

2019-05-27 09:41:44 - [MESSAGE][PASSED] - Object: 'Object Repository/ADMIN/Categories/Category/button_Browse' is clicked on

2019-05-27 09:41:44 - [TEST_STEP][PASSED] - delay: Delayed 2 second(s)

2019-05-27 09:41:46 - [MESSAGE][PASSED] - Delayed 2 second(s)

2019-05-27 09:41:46 - [TEST_STEP][PASSED] - uploadFile: File 'C:\\Katalon\\Image\\pic2.jpg' sent to object: 'Object Repository/ADMIN/Categories/Category/image_input image'

2019-05-27 09:41:46 - [MESSAGE][PASSED] - File 'C:\\Katalon\\Image\\pic2.jpg' sent to object: 'Object Repository/ADMIN/Categories/Category/image_input image'

2019-05-27 09:41:46 - [TEST_STEP][PASSED] - waitForElementVisible: Object 'Object Repository/ADMIN/Categories/Category/button_upload check' is visible

2019-05-27 09:41:46 - [MESSAGE][WARNING] - Timeout '0' is invalid. Using default page load timeout: '30'

2019-05-27 09:41:47 - [MESSAGE][PASSED] - Object 'Object Repository/ADMIN/Categories/Category/button_upload check' is visible

2019-05-27 09:41:47 - [TEST_STEP][PASSED] - click: Object: 'Object Repository/ADMIN/Categories/Category/button_upload check' is clicked on

2019-05-27 09:41:47 - [MESSAGE][PASSED] - Object: 'Object Repository/ADMIN/Categories/Category/button_upload check' is clicked on

2019-05-27 09:41:47 - [TEST_STEP][PASSED] - click: Object: 'Object Repository/ADMIN/Categories/Category/button_upload save' is clicked on

2019-05-27 09:41:47 - [MESSAGE][PASSED] - Object: 'Object Repository/ADMIN/Categories/Category/button_upload save' is clicked on

2019-05-27 09:41:47 - [TEST_STEP][FAILED] - waitForElementVisible: Unable to wait for object 'Object Repository/ADMIN/Categories/Category/button_upload save' to be visible (Root cause: org.openqa.selenium.StaleElementReferenceException: stale element reference: element is not attached to the page document
  (Session info: chrome=74.0.3729.169)
  (Driver info: chromedriver=2.35.528161 (5b82f2d2aae0ca24b877009200ced9065a772e73),platform=Windows NT 6.1.7601 SP1 x86_64) (WARNING: The server did not provide any stacktrace information)
Command duration or timeout: 0 milliseconds
For documentation on this error, please visit: http://seleniumhq.org/exceptions/stale_element_reference.html
Build info: version: '3.7.1', revision: '8a0099a', time: '2017-11-06T21:07:36.161Z'
System info: host: 'ARCADIER-PC', ip: '10.10.31.95', os.name: 'Windows 7', os.arch: 'amd64', os.version: '6.1', java.version: '1.8.0_102'
Driver info: com.kms.katalon.core.webui.driver.ExistingRemoteWebDriver
Capabilities {javascriptEnabled: true, platform: ANY, platformName: ANY}
Session ID: f912d58d04e0ea049492dcdbe1240f08)

2019-05-27 09:41:47 - [MESSAGE][WARNING] - Timeout '0' is invalid. Using default page load timeout: '30'

2019-05-27 09:41:48 - [MESSAGE][FAILED] - Unable to wait for object 'Object Repository/ADMIN/Categories/Category/button_upload save' to be visible (Root cause: org.openqa.selenium.StaleElementReferenceException: stale element reference: element is not attached to the page document
  (Session info: chrome=74.0.3729.169)
  (Driver info: chromedriver=2.35.528161 (5b82f2d2aae0ca24b877009200ced9065a772e73),platform=Windows NT 6.1.7601 SP1 x86_64) (WARNING: The server did not provide any stacktrace information)
Command duration or timeout: 0 milliseconds
For documentation on this error, please visit: http://seleniumhq.org/exceptions/stale_element_reference.html
Build info: version: '3.7.1', revision: '8a0099a', time: '2017-11-06T21:07:36.161Z'
System info: host: 'ARCADIER-PC', ip: '10.10.31.95', os.name: 'Windows 7', os.arch: 'amd64', os.version: '6.1', java.version: '1.8.0_102'
Driver info: com.kms.katalon.core.webui.driver.ExistingRemoteWebDriver
Capabilities {javascriptEnabled: true, platform: ANY, platformName: ANY}
Session ID: f912d58d04e0ea049492dcdbe1240f08)
[[ATTACHMENT|C:\\Users\\Arcadier\\git\\Arctick\\Reports\\Suites\\Admin Category\\20190527_092604\\1558921308332.png]]

2019-05-27 09:41:48 - [TEST_STEP][PASSED] - setText: Text 'Description51' is set on object 'Object Repository/ADMIN/Categories/Category/textfield_category_description'

2019-05-27 09:41:50 - [MESSAGE][PASSED] - Text 'Description51' is set on object 'Object Repository/ADMIN/Categories/Category/textfield_category_description'

2019-05-27 09:41:50 - [TEST_STEP][PASSED] - click: Object: 'Object Repository/ADMIN/Categories/Category/button_Save' is clicked on

2019-05-27 09:41:50 - [MESSAGE][PASSED] - Object: 'Object Repository/ADMIN/Categories/Category/button_Save' is clicked on

2019-05-27 09:41:50 - [TEST_STEP][PASSED] - waitForElementVisible: Object 'Object Repository/ADMIN/Categories/Category/label_edit popup' is visible

2019-05-27 09:41:50 - [MESSAGE][WARNING] - Timeout '0' is invalid. Using default page load timeout: '30'

2019-05-27 09:41:51 - [MESSAGE][PASSED] - Object 'Object Repository/ADMIN/Categories/Category/label_edit popup' is visible

2019-05-27 09:41:51 - [TEST_STEP][PASSED] - waitForElementNotPresent: Web element with id: 'Object Repository/ADMIN/Categories/Category/label_edit popup' located by 'By.xpath: //div[(text() = 'Category was successfully saved.' or . = 'Category was successfully saved.')]' is not present after '30' second(s)

2019-05-27 09:41:51 - [MESSAGE][WARNING] - Timeout '0' is invalid. Using default page load timeout: '30'

2019-05-27 09:41:57 - [MESSAGE][PASSED] - Web element with id: 'Object Repository/ADMIN/Categories/Category/label_edit popup' located by 'By.xpath: //div[(text() = 'Category was successfully saved.' or . = 'Category was successfully saved.')]' is not present after '30' second(s)]]></system-out>
         <system-err><![CDATA[2019-05-27 09:41:39 - [TEST_CASE][FAILED] - Test Cases/ADMIN/Content Mgmt/Categories/Category Add-Edit/Add Category: Test Cases/ADMIN/Content Mgmt/Categories/Category Add-Edit/Add Category FAILED because (of) Unable to click on object 'Object Repository/ADMIN/Categories/Category List/button_Categories' (Root cause: org.openqa.selenium.ElementNotVisibleException: element not visible
  (Session info: chrome=74.0.3729.169)
  (Driver info: chromedriver=2.35.528161 (5b82f2d2aae0ca24b877009200ced9065a772e73),platform=Windows NT 6.1.7601 SP1 x86_64) (WARNING: The server did not provide any stacktrace information)
Command duration or timeout: 0 milliseconds
Build info: version: '3.7.1', revision: '8a0099a', time: '2017-11-06T21:07:36.161Z'
System info: host: 'ARCADIER-PC', ip: '10.10.31.95', os.name: 'Windows 7', os.arch: 'amd64', os.version: '6.1', java.version: '1.8.0_102'
Driver info: com.kms.katalon.core.webui.driver.ExistingRemoteWebDriver
Capabilities {javascriptEnabled: true, platform: ANY, platformName: ANY}
Session ID: f912d58d04e0ea049492dcdbe1240f08)]]></system-err>
      </testcase>
      <testcase name="Test Cases/ADMIN/Content Mgmt/Categories/Category Add-Edit/Add Category" classname="Test Cases/ADMIN/Content Mgmt/Categories/Category Add-Edit/Add Category" status="PASSED">
         <system-out><![CDATA[2019-05-27 09:41:57 - [TEST_CASE][PASSED] - Test Cases/ADMIN/Content Mgmt/Categories/Category Add-Edit/Add Category: Test Cases/ADMIN/Content Mgmt/Categories/Category Add-Edit/Add Category

2019-05-27 09:41:57 - [TEST_STEP][PASSED] - waitForElementVisible: Object 'Object Repository/ADMIN/Categories/Category List/button_Content Mgmt' is visible

2019-05-27 09:41:57 - [MESSAGE][WARNING] - Timeout '0' is invalid. Using default page load timeout: '30'

2019-05-27 09:41:57 - [MESSAGE][PASSED] - Object 'Object Repository/ADMIN/Categories/Category List/button_Content Mgmt' is visible

2019-05-27 09:41:57 - [TEST_STEP][PASSED] - click: Object: 'Object Repository/ADMIN/Categories/Category List/button_Content Mgmt' is clicked on

2019-05-27 09:41:57 - [MESSAGE][PASSED] - Object: 'Object Repository/ADMIN/Categories/Category List/button_Content Mgmt' is clicked on

2019-05-27 09:41:57 - [TEST_STEP][PASSED] - waitForElementVisible: Object 'Object Repository/ADMIN/Categories/Category List/button_Categories' is visible

2019-05-27 09:41:57 - [MESSAGE][WARNING] - Timeout '0' is invalid. Using default page load timeout: '30'

2019-05-27 09:41:57 - [MESSAGE][PASSED] - Object 'Object Repository/ADMIN/Categories/Category List/button_Categories' is visible

2019-05-27 09:41:57 - [TEST_STEP][PASSED] - click: Object: 'Object Repository/ADMIN/Categories/Category List/button_Categories' is clicked on

2019-05-27 09:41:58 - [MESSAGE][PASSED] - Object: 'Object Repository/ADMIN/Categories/Category List/button_Categories' is clicked on

2019-05-27 09:41:58 - [TEST_STEP][PASSED] - waitForPageLoad: Wait for page load successfully

2019-05-27 09:41:58 - [MESSAGE][WARNING] - Timeout '0' is invalid. Using default page load timeout: '30'

2019-05-27 09:41:58 - [MESSAGE][PASSED] - Wait for page load successfully

2019-05-27 09:41:58 - [TEST_STEP][PASSED] - click: Object: 'Object Repository/ADMIN/Categories/Category List/button_Add a Category' is clicked on

2019-05-27 09:41:59 - [MESSAGE][PASSED] - Object: 'Object Repository/ADMIN/Categories/Category List/button_Add a Category' is clicked on

2019-05-27 09:41:59 - [TEST_STEP][PASSED] - waitForElementPresent: Object 'Object Repository/ADMIN/Categories/Category/dropdown_Parent' is present

2019-05-27 09:41:59 - [MESSAGE][PASSED] - Object 'Object Repository/ADMIN/Categories/Category/dropdown_Parent' is present

2019-05-27 09:41:59 - [TEST_STEP][PASSED] - delay: Delayed 1 second(s)

2019-05-27 09:42:00 - [MESSAGE][PASSED] - Delayed 1 second(s)

2019-05-27 09:42:00 - [TEST_STEP][PASSED] - setText: Text 'Category 4.4' is set on object 'Object Repository/ADMIN/Categories/Category/textfield_Category Name'

2019-05-27 09:42:00 - [MESSAGE][PASSED] - Text 'Category 4.4' is set on object 'Object Repository/ADMIN/Categories/Category/textfield_Category Name'

2019-05-27 09:42:00 - [TEST_STEP][PASSED] - click: Object: 'Object Repository/ADMIN/Categories/Category/dropdown_Parent' is clicked on

2019-05-27 09:42:00 - [MESSAGE][PASSED] - Object: 'Object Repository/ADMIN/Categories/Category/dropdown_Parent' is clicked on

2019-05-27 09:42:00 - [TEST_STEP][PASSED] - delay: Delayed 2 second(s)

2019-05-27 09:42:02 - [MESSAGE][PASSED] - Delayed 2 second(s)

2019-05-27 09:42:02 - [TEST_STEP][PASSED] - click: Object: 'Object Repository/ADMIN/Categories/Category/dropdown_Parent' is clicked on

2019-05-27 09:42:02 - [MESSAGE][PASSED] - Object: 'Object Repository/ADMIN/Categories/Category/dropdown_Parent' is clicked on

2019-05-27 09:42:02 - [TEST_STEP][PASSED] - selectOptionByLabel: All options with label 'Category 4' are selected in object 'Object Repository/ADMIN/Categories/Category/dropdown_Parent' 

2019-05-27 09:42:02 - [MESSAGE][PASSED] - All options with label 'Category 4' are selected in object 'Object Repository/ADMIN/Categories/Category/dropdown_Parent' 

2019-05-27 09:42:02 - [TEST_STEP][PASSED] - click: Object: 'Object Repository/ADMIN/Categories/Category/button_Browse' is clicked on

2019-05-27 09:42:02 - [MESSAGE][PASSED] - Object: 'Object Repository/ADMIN/Categories/Category/button_Browse' is clicked on

2019-05-27 09:42:02 - [TEST_STEP][PASSED] - delay: Delayed 2 second(s)

2019-05-27 09:42:04 - [MESSAGE][PASSED] - Delayed 2 second(s)

2019-05-27 09:42:04 - [TEST_STEP][PASSED] - uploadFile: File 'C:\\Katalon\\Image\\pic3.jpg' sent to object: 'Object Repository/ADMIN/Categories/Category/image_input image'

2019-05-27 09:42:05 - [MESSAGE][PASSED] - File 'C:\\Katalon\\Image\\pic3.jpg' sent to object: 'Object Repository/ADMIN/Categories/Category/image_input image'

2019-05-27 09:42:05 - [TEST_STEP][PASSED] - waitForElementVisible: Object 'Object Repository/ADMIN/Categories/Category/button_upload check' is visible

2019-05-27 09:42:05 - [MESSAGE][WARNING] - Timeout '0' is invalid. Using default page load timeout: '30'

2019-05-27 09:42:05 - [MESSAGE][PASSED] - Object 'Object Repository/ADMIN/Categories/Category/button_upload check' is visible

2019-05-27 09:42:05 - [TEST_STEP][PASSED] - click: Object: 'Object Repository/ADMIN/Categories/Category/button_upload check' is clicked on

2019-05-27 09:42:05 - [MESSAGE][PASSED] - Object: 'Object Repository/ADMIN/Categories/Category/button_upload check' is clicked on

2019-05-27 09:42:05 - [TEST_STEP][PASSED] - click: Object: 'Object Repository/ADMIN/Categories/Category/button_upload save' is clicked on

2019-05-27 09:42:05 - [MESSAGE][PASSED] - Object: 'Object Repository/ADMIN/Categories/Category/button_upload save' is clicked on

2019-05-27 09:42:05 - [TEST_STEP][PASSED] - waitForElementVisible: Object 'Object Repository/ADMIN/Categories/Category/button_upload save' is visible

2019-05-27 09:42:06 - [MESSAGE][WARNING] - Timeout '0' is invalid. Using default page load timeout: '30'

2019-05-27 09:42:06 - [MESSAGE][PASSED] - Object 'Object Repository/ADMIN/Categories/Category/button_upload save' is visible

2019-05-27 09:42:06 - [TEST_STEP][PASSED] - setText: Text 'Description52' is set on object 'Object Repository/ADMIN/Categories/Category/textfield_category_description'

2019-05-27 09:42:07 - [MESSAGE][PASSED] - Text 'Description52' is set on object 'Object Repository/ADMIN/Categories/Category/textfield_category_description'

2019-05-27 09:42:08 - [TEST_STEP][PASSED] - click: Object: 'Object Repository/ADMIN/Categories/Category/button_Save' is clicked on

2019-05-27 09:42:08 - [MESSAGE][PASSED] - Object: 'Object Repository/ADMIN/Categories/Category/button_Save' is clicked on

2019-05-27 09:42:08 - [TEST_STEP][PASSED] - waitForElementVisible: Object 'Object Repository/ADMIN/Categories/Category/label_edit popup' is visible

2019-05-27 09:42:08 - [MESSAGE][WARNING] - Timeout '0' is invalid. Using default page load timeout: '30'

2019-05-27 09:42:08 - [MESSAGE][PASSED] - Object 'Object Repository/ADMIN/Categories/Category/label_edit popup' is visible

2019-05-27 09:42:08 - [TEST_STEP][PASSED] - waitForElementNotPresent: Web element with id: 'Object Repository/ADMIN/Categories/Category/label_edit popup' located by 'By.xpath: //div[(text() = 'Category was successfully saved.' or . = 'Category was successfully saved.')]' is not present after '30' second(s)

2019-05-27 09:42:08 - [MESSAGE][WARNING] - Timeout '0' is invalid. Using default page load timeout: '30'

2019-05-27 09:42:14 - [MESSAGE][PASSED] - Web element with id: 'Object Repository/ADMIN/Categories/Category/label_edit popup' located by 'By.xpath: //div[(text() = 'Category was successfully saved.' or . = 'Category was successfully saved.')]' is not present after '30' second(s)]]></system-out>
         <system-err><![CDATA[]]></system-err>
      </testcase>
      <testcase name="Test Cases/ADMIN/Content Mgmt/Categories/Category Add-Edit/Add Category" classname="Test Cases/ADMIN/Content Mgmt/Categories/Category Add-Edit/Add Category" status="PASSED">
         <system-out><![CDATA[2019-05-27 09:42:14 - [TEST_CASE][PASSED] - Test Cases/ADMIN/Content Mgmt/Categories/Category Add-Edit/Add Category: Test Cases/ADMIN/Content Mgmt/Categories/Category Add-Edit/Add Category

2019-05-27 09:42:14 - [TEST_STEP][PASSED] - waitForElementVisible: Object 'Object Repository/ADMIN/Categories/Category List/button_Content Mgmt' is visible

2019-05-27 09:42:14 - [MESSAGE][WARNING] - Timeout '0' is invalid. Using default page load timeout: '30'

2019-05-27 09:42:14 - [MESSAGE][PASSED] - Object 'Object Repository/ADMIN/Categories/Category List/button_Content Mgmt' is visible

2019-05-27 09:42:14 - [TEST_STEP][PASSED] - click: Object: 'Object Repository/ADMIN/Categories/Category List/button_Content Mgmt' is clicked on

2019-05-27 09:42:15 - [MESSAGE][PASSED] - Object: 'Object Repository/ADMIN/Categories/Category List/button_Content Mgmt' is clicked on

2019-05-27 09:42:15 - [TEST_STEP][PASSED] - waitForElementVisible: Object 'Object Repository/ADMIN/Categories/Category List/button_Categories' is visible

2019-05-27 09:42:15 - [MESSAGE][WARNING] - Timeout '0' is invalid. Using default page load timeout: '30'

2019-05-27 09:42:15 - [MESSAGE][PASSED] - Object 'Object Repository/ADMIN/Categories/Category List/button_Categories' is visible

2019-05-27 09:42:15 - [TEST_STEP][PASSED] - click: Object: 'Object Repository/ADMIN/Categories/Category List/button_Categories' is clicked on

2019-05-27 09:42:17 - [MESSAGE][PASSED] - Object: 'Object Repository/ADMIN/Categories/Category List/button_Categories' is clicked on

2019-05-27 09:42:17 - [TEST_STEP][PASSED] - waitForPageLoad: Wait for page load successfully

2019-05-27 09:42:17 - [MESSAGE][WARNING] - Timeout '0' is invalid. Using default page load timeout: '30'

2019-05-27 09:42:17 - [MESSAGE][PASSED] - Wait for page load successfully

2019-05-27 09:42:17 - [TEST_STEP][PASSED] - click: Object: 'Object Repository/ADMIN/Categories/Category List/button_Add a Category' is clicked on

2019-05-27 09:42:18 - [MESSAGE][PASSED] - Object: 'Object Repository/ADMIN/Categories/Category List/button_Add a Category' is clicked on

2019-05-27 09:42:18 - [TEST_STEP][PASSED] - waitForElementPresent: Object 'Object Repository/ADMIN/Categories/Category/dropdown_Parent' is present

2019-05-27 09:42:18 - [MESSAGE][PASSED] - Object 'Object Repository/ADMIN/Categories/Category/dropdown_Parent' is present

2019-05-27 09:42:18 - [TEST_STEP][PASSED] - delay: Delayed 1 second(s)

2019-05-27 09:42:19 - [MESSAGE][PASSED] - Delayed 1 second(s)

2019-05-27 09:42:19 - [TEST_STEP][PASSED] - setText: Text 'Category 4.4.1' is set on object 'Object Repository/ADMIN/Categories/Category/textfield_Category Name'

2019-05-27 09:42:19 - [MESSAGE][PASSED] - Text 'Category 4.4.1' is set on object 'Object Repository/ADMIN/Categories/Category/textfield_Category Name'

2019-05-27 09:42:19 - [TEST_STEP][PASSED] - click: Object: 'Object Repository/ADMIN/Categories/Category/dropdown_Parent' is clicked on

2019-05-27 09:42:20 - [MESSAGE][PASSED] - Object: 'Object Repository/ADMIN/Categories/Category/dropdown_Parent' is clicked on

2019-05-27 09:42:20 - [TEST_STEP][PASSED] - delay: Delayed 2 second(s)

2019-05-27 09:42:22 - [MESSAGE][PASSED] - Delayed 2 second(s)

2019-05-27 09:42:22 - [TEST_STEP][PASSED] - click: Object: 'Object Repository/ADMIN/Categories/Category/dropdown_Parent' is clicked on

2019-05-27 09:42:22 - [MESSAGE][PASSED] - Object: 'Object Repository/ADMIN/Categories/Category/dropdown_Parent' is clicked on

2019-05-27 09:42:22 - [TEST_STEP][PASSED] - selectOptionByLabel: All options with label 'Category 4.4' are selected in object 'Object Repository/ADMIN/Categories/Category/dropdown_Parent' 

2019-05-27 09:42:22 - [MESSAGE][PASSED] - All options with label 'Category 4.4' are selected in object 'Object Repository/ADMIN/Categories/Category/dropdown_Parent' 

2019-05-27 09:42:22 - [TEST_STEP][PASSED] - click: Object: 'Object Repository/ADMIN/Categories/Category/button_Browse' is clicked on

2019-05-27 09:42:22 - [MESSAGE][PASSED] - Object: 'Object Repository/ADMIN/Categories/Category/button_Browse' is clicked on

2019-05-27 09:42:22 - [TEST_STEP][PASSED] - delay: Delayed 2 second(s)

2019-05-27 09:42:24 - [MESSAGE][PASSED] - Delayed 2 second(s)

2019-05-27 09:42:24 - [TEST_STEP][PASSED] - uploadFile: File 'C:\\Katalon\\Image\\pic4.jpg' sent to object: 'Object Repository/ADMIN/Categories/Category/image_input image'

2019-05-27 09:42:24 - [MESSAGE][PASSED] - File 'C:\\Katalon\\Image\\pic4.jpg' sent to object: 'Object Repository/ADMIN/Categories/Category/image_input image'

2019-05-27 09:42:24 - [TEST_STEP][PASSED] - waitForElementVisible: Object 'Object Repository/ADMIN/Categories/Category/button_upload check' is visible

2019-05-27 09:42:24 - [MESSAGE][WARNING] - Timeout '0' is invalid. Using default page load timeout: '30'

2019-05-27 09:42:24 - [MESSAGE][PASSED] - Object 'Object Repository/ADMIN/Categories/Category/button_upload check' is visible

2019-05-27 09:42:24 - [TEST_STEP][PASSED] - click: Object: 'Object Repository/ADMIN/Categories/Category/button_upload check' is clicked on

2019-05-27 09:42:25 - [MESSAGE][PASSED] - Object: 'Object Repository/ADMIN/Categories/Category/button_upload check' is clicked on

2019-05-27 09:42:25 - [TEST_STEP][PASSED] - click: Object: 'Object Repository/ADMIN/Categories/Category/button_upload save' is clicked on

2019-05-27 09:42:25 - [MESSAGE][PASSED] - Object: 'Object Repository/ADMIN/Categories/Category/button_upload save' is clicked on

2019-05-27 09:42:25 - [TEST_STEP][PASSED] - waitForElementVisible: Object 'Object Repository/ADMIN/Categories/Category/button_upload save' is visible

2019-05-27 09:42:25 - [MESSAGE][WARNING] - Timeout '0' is invalid. Using default page load timeout: '30'

2019-05-27 09:42:25 - [MESSAGE][PASSED] - Object 'Object Repository/ADMIN/Categories/Category/button_upload save' is visible

2019-05-27 09:42:25 - [TEST_STEP][PASSED] - setText: Text 'Description53' is set on object 'Object Repository/ADMIN/Categories/Category/textfield_category_description'

2019-05-27 09:42:26 - [MESSAGE][PASSED] - Text 'Description53' is set on object 'Object Repository/ADMIN/Categories/Category/textfield_category_description'

2019-05-27 09:42:26 - [TEST_STEP][PASSED] - click: Object: 'Object Repository/ADMIN/Categories/Category/button_Save' is clicked on

2019-05-27 09:42:26 - [MESSAGE][PASSED] - Object: 'Object Repository/ADMIN/Categories/Category/button_Save' is clicked on

2019-05-27 09:42:26 - [TEST_STEP][PASSED] - waitForElementVisible: Object 'Object Repository/ADMIN/Categories/Category/label_edit popup' is visible

2019-05-27 09:42:26 - [MESSAGE][WARNING] - Timeout '0' is invalid. Using default page load timeout: '30'

2019-05-27 09:42:28 - [MESSAGE][PASSED] - Object 'Object Repository/ADMIN/Categories/Category/label_edit popup' is visible

2019-05-27 09:42:28 - [TEST_STEP][PASSED] - waitForElementNotPresent: Web element with id: 'Object Repository/ADMIN/Categories/Category/label_edit popup' located by 'By.xpath: //div[(text() = 'Category was successfully saved.' or . = 'Category was successfully saved.')]' is not present after '30' second(s)

2019-05-27 09:42:28 - [MESSAGE][WARNING] - Timeout '0' is invalid. Using default page load timeout: '30'

2019-05-27 09:42:33 - [MESSAGE][PASSED] - Web element with id: 'Object Repository/ADMIN/Categories/Category/label_edit popup' located by 'By.xpath: //div[(text() = 'Category was successfully saved.' or . = 'Category was successfully saved.')]' is not present after '30' second(s)]]></system-out>
         <system-err><![CDATA[]]></system-err>
      </testcase>
      <testcase name="Test Cases/ADMIN/Content Mgmt/Categories/Category Add-Edit/Add Category" classname="Test Cases/ADMIN/Content Mgmt/Categories/Category Add-Edit/Add Category" status="FAILED">
         <failure type="FAILED" message="Unable to click on object 'Object Repository/ADMIN/Categories/Category List/button_Categories' (Root cause: org.openqa.selenium.WebDriverException: unknown error: Element &lt;a href=&quot;/admin/categorymanager/index&quot;>...&lt;/a> is not clickable at point (129, 402). Other element would receive the click: &lt;a href=&quot;#&quot;>...&lt;/a>
  (Session info: chrome=74.0.3729.169)
  (Driver info: chromedriver=2.35.528161 (5b82f2d2aae0ca24b877009200ced9065a772e73),platform=Windows NT 6.1.7601 SP1 x86_64) (WARNING: The server did not provide any stacktrace information)
Command duration or timeout: 0 milliseconds
Build info: version: '3.7.1', revision: '8a0099a', time: '2017-11-06T21:07:36.161Z'
System info: host: 'ARCADIER-PC', ip: '10.10.31.95', os.name: 'Windows 7', os.arch: 'amd64', os.version: '6.1', java.version: '1.8.0_102'
Driver info: com.kms.katalon.core.webui.driver.ExistingRemoteWebDriver
Capabilities {javascriptEnabled: true, platform: ANY, platformName: ANY}
Session ID: f912d58d04e0ea049492dcdbe1240f08)"/>
         <system-out><![CDATA[2019-05-27 09:42:33 - [TEST_CASE][FAILED] - Test Cases/ADMIN/Content Mgmt/Categories/Category Add-Edit/Add Category: Test Cases/ADMIN/Content Mgmt/Categories/Category Add-Edit/Add Category FAILED because (of) Unable to click on object 'Object Repository/ADMIN/Categories/Category List/button_Categories' (Root cause: org.openqa.selenium.WebDriverException: unknown error: Element <a href="/admin/categorymanager/index">...</a> is not clickable at point (129, 402). Other element would receive the click: <a href="#">...</a>
  (Session info: chrome=74.0.3729.169)
  (Driver info: chromedriver=2.35.528161 (5b82f2d2aae0ca24b877009200ced9065a772e73),platform=Windows NT 6.1.7601 SP1 x86_64) (WARNING: The server did not provide any stacktrace information)
Command duration or timeout: 0 milliseconds
Build info: version: '3.7.1', revision: '8a0099a', time: '2017-11-06T21:07:36.161Z'
System info: host: 'ARCADIER-PC', ip: '10.10.31.95', os.name: 'Windows 7', os.arch: 'amd64', os.version: '6.1', java.version: '1.8.0_102'
Driver info: com.kms.katalon.core.webui.driver.ExistingRemoteWebDriver
Capabilities {javascriptEnabled: true, platform: ANY, platformName: ANY}
Session ID: f912d58d04e0ea049492dcdbe1240f08)

2019-05-27 09:42:33 - [TEST_STEP][PASSED] - waitForElementVisible: Object 'Object Repository/ADMIN/Categories/Category List/button_Content Mgmt' is visible

2019-05-27 09:42:33 - [MESSAGE][WARNING] - Timeout '0' is invalid. Using default page load timeout: '30'

2019-05-27 09:42:33 - [MESSAGE][PASSED] - Object 'Object Repository/ADMIN/Categories/Category List/button_Content Mgmt' is visible

2019-05-27 09:42:33 - [TEST_STEP][PASSED] - click: Object: 'Object Repository/ADMIN/Categories/Category List/button_Content Mgmt' is clicked on

2019-05-27 09:42:33 - [MESSAGE][PASSED] - Object: 'Object Repository/ADMIN/Categories/Category List/button_Content Mgmt' is clicked on

2019-05-27 09:42:33 - [TEST_STEP][PASSED] - waitForElementVisible: Object 'Object Repository/ADMIN/Categories/Category List/button_Categories' is visible

2019-05-27 09:42:33 - [MESSAGE][WARNING] - Timeout '0' is invalid. Using default page load timeout: '30'

2019-05-27 09:42:33 - [MESSAGE][PASSED] - Object 'Object Repository/ADMIN/Categories/Category List/button_Categories' is visible

2019-05-27 09:42:33 - [TEST_STEP][FAILED] - click: Unable to click on object 'Object Repository/ADMIN/Categories/Category List/button_Categories' (Root cause: org.openqa.selenium.WebDriverException: unknown error: Element <a href="/admin/categorymanager/index">...</a> is not clickable at point (129, 402). Other element would receive the click: <a href="#">...</a>
  (Session info: chrome=74.0.3729.169)
  (Driver info: chromedriver=2.35.528161 (5b82f2d2aae0ca24b877009200ced9065a772e73),platform=Windows NT 6.1.7601 SP1 x86_64) (WARNING: The server did not provide any stacktrace information)
Command duration or timeout: 0 milliseconds
Build info: version: '3.7.1', revision: '8a0099a', time: '2017-11-06T21:07:36.161Z'
System info: host: 'ARCADIER-PC', ip: '10.10.31.95', os.name: 'Windows 7', os.arch: 'amd64', os.version: '6.1', java.version: '1.8.0_102'
Driver info: com.kms.katalon.core.webui.driver.ExistingRemoteWebDriver
Capabilities {javascriptEnabled: true, platform: ANY, platformName: ANY}
Session ID: f912d58d04e0ea049492dcdbe1240f08)

2019-05-27 09:42:34 - [MESSAGE][FAILED] - Unable to click on object 'Object Repository/ADMIN/Categories/Category List/button_Categories' (Root cause: org.openqa.selenium.WebDriverException: unknown error: Element <a href="/admin/categorymanager/index">...</a> is not clickable at point (129, 402). Other element would receive the click: <a href="#">...</a>
  (Session info: chrome=74.0.3729.169)
  (Driver info: chromedriver=2.35.528161 (5b82f2d2aae0ca24b877009200ced9065a772e73),platform=Windows NT 6.1.7601 SP1 x86_64) (WARNING: The server did not provide any stacktrace information)
Command duration or timeout: 0 milliseconds
Build info: version: '3.7.1', revision: '8a0099a', time: '2017-11-06T21:07:36.161Z'
System info: host: 'ARCADIER-PC', ip: '10.10.31.95', os.name: 'Windows 7', os.arch: 'amd64', os.version: '6.1', java.version: '1.8.0_102'
Driver info: com.kms.katalon.core.webui.driver.ExistingRemoteWebDriver
Capabilities {javascriptEnabled: true, platform: ANY, platformName: ANY}
Session ID: f912d58d04e0ea049492dcdbe1240f08)
[[ATTACHMENT|C:\\Users\\Arcadier\\git\\Arctick\\Reports\\Suites\\Admin Category\\20190527_092604\\1558921353746.png]]

2019-05-27 09:42:34 - [TEST_STEP][PASSED] - waitForPageLoad: Wait for page load successfully

2019-05-27 09:42:34 - [MESSAGE][WARNING] - Timeout '0' is invalid. Using default page load timeout: '30'

2019-05-27 09:42:34 - [MESSAGE][PASSED] - Wait for page load successfully

2019-05-27 09:42:34 - [TEST_STEP][PASSED] - click: Object: 'Object Repository/ADMIN/Categories/Category List/button_Add a Category' is clicked on

2019-05-27 09:42:34 - [MESSAGE][PASSED] - Object: 'Object Repository/ADMIN/Categories/Category List/button_Add a Category' is clicked on

2019-05-27 09:42:34 - [TEST_STEP][PASSED] - waitForElementPresent: Object 'Object Repository/ADMIN/Categories/Category/dropdown_Parent' is present

2019-05-27 09:42:34 - [MESSAGE][PASSED] - Object 'Object Repository/ADMIN/Categories/Category/dropdown_Parent' is present

2019-05-27 09:42:34 - [TEST_STEP][PASSED] - delay: Delayed 1 second(s)

2019-05-27 09:42:35 - [MESSAGE][PASSED] - Delayed 1 second(s)

2019-05-27 09:42:35 - [TEST_STEP][PASSED] - setText: Text 'Category 4.4.2' is set on object 'Object Repository/ADMIN/Categories/Category/textfield_Category Name'

2019-05-27 09:42:36 - [MESSAGE][PASSED] - Text 'Category 4.4.2' is set on object 'Object Repository/ADMIN/Categories/Category/textfield_Category Name'

2019-05-27 09:42:36 - [TEST_STEP][PASSED] - click: Object: 'Object Repository/ADMIN/Categories/Category/dropdown_Parent' is clicked on

2019-05-27 09:42:37 - [MESSAGE][PASSED] - Object: 'Object Repository/ADMIN/Categories/Category/dropdown_Parent' is clicked on

2019-05-27 09:42:37 - [TEST_STEP][PASSED] - delay: Delayed 2 second(s)

2019-05-27 09:42:39 - [MESSAGE][PASSED] - Delayed 2 second(s)

2019-05-27 09:42:39 - [TEST_STEP][PASSED] - click: Object: 'Object Repository/ADMIN/Categories/Category/dropdown_Parent' is clicked on

2019-05-27 09:42:39 - [MESSAGE][PASSED] - Object: 'Object Repository/ADMIN/Categories/Category/dropdown_Parent' is clicked on

2019-05-27 09:42:39 - [TEST_STEP][PASSED] - selectOptionByLabel: All options with label 'Category 4.4' are selected in object 'Object Repository/ADMIN/Categories/Category/dropdown_Parent' 

2019-05-27 09:42:39 - [MESSAGE][PASSED] - All options with label 'Category 4.4' are selected in object 'Object Repository/ADMIN/Categories/Category/dropdown_Parent' 

2019-05-27 09:42:39 - [TEST_STEP][PASSED] - click: Object: 'Object Repository/ADMIN/Categories/Category/button_Browse' is clicked on

2019-05-27 09:42:39 - [MESSAGE][PASSED] - Object: 'Object Repository/ADMIN/Categories/Category/button_Browse' is clicked on

2019-05-27 09:42:39 - [TEST_STEP][PASSED] - delay: Delayed 2 second(s)

2019-05-27 09:42:41 - [MESSAGE][PASSED] - Delayed 2 second(s)

2019-05-27 09:42:41 - [TEST_STEP][PASSED] - uploadFile: File 'C:\\Katalon\\Image\\pic5.jpg' sent to object: 'Object Repository/ADMIN/Categories/Category/image_input image'

2019-05-27 09:42:41 - [MESSAGE][PASSED] - File 'C:\\Katalon\\Image\\pic5.jpg' sent to object: 'Object Repository/ADMIN/Categories/Category/image_input image'

2019-05-27 09:42:41 - [TEST_STEP][PASSED] - waitForElementVisible: Object 'Object Repository/ADMIN/Categories/Category/button_upload check' is visible

2019-05-27 09:42:41 - [MESSAGE][WARNING] - Timeout '0' is invalid. Using default page load timeout: '30'

2019-05-27 09:42:41 - [MESSAGE][PASSED] - Object 'Object Repository/ADMIN/Categories/Category/button_upload check' is visible

2019-05-27 09:42:41 - [TEST_STEP][PASSED] - click: Object: 'Object Repository/ADMIN/Categories/Category/button_upload check' is clicked on

2019-05-27 09:42:42 - [MESSAGE][PASSED] - Object: 'Object Repository/ADMIN/Categories/Category/button_upload check' is clicked on

2019-05-27 09:42:42 - [TEST_STEP][PASSED] - click: Object: 'Object Repository/ADMIN/Categories/Category/button_upload save' is clicked on

2019-05-27 09:42:42 - [MESSAGE][PASSED] - Object: 'Object Repository/ADMIN/Categories/Category/button_upload save' is clicked on

2019-05-27 09:42:42 - [TEST_STEP][PASSED] - waitForElementVisible: Web element with id: 'Object Repository/ADMIN/Categories/Category/button_upload save' located by 'By.xpath: //a[@class = 'btn btn-warning download' and (text() = ' Add Photo' or . = ' Add Photo')]' not found

2019-05-27 09:42:42 - [MESSAGE][WARNING] - Timeout '0' is invalid. Using default page load timeout: '30'

2019-05-27 09:43:15 - [MESSAGE][WARNING] - Web element with id: 'Object Repository/ADMIN/Categories/Category/button_upload save' located by 'By.xpath: //a[@class = 'btn btn-warning download' and (text() = ' Add Photo' or . = ' Add Photo')]' not found

2019-05-27 09:43:15 - [TEST_STEP][PASSED] - setText: Text 'Description54' is set on object 'Object Repository/ADMIN/Categories/Category/textfield_category_description'

2019-05-27 09:43:15 - [MESSAGE][PASSED] - Text 'Description54' is set on object 'Object Repository/ADMIN/Categories/Category/textfield_category_description'

2019-05-27 09:43:15 - [TEST_STEP][PASSED] - click: Object: 'Object Repository/ADMIN/Categories/Category/button_Save' is clicked on

2019-05-27 09:43:15 - [MESSAGE][PASSED] - Object: 'Object Repository/ADMIN/Categories/Category/button_Save' is clicked on

2019-05-27 09:43:15 - [TEST_STEP][PASSED] - waitForElementVisible: Object 'Object Repository/ADMIN/Categories/Category/label_edit popup' is visible

2019-05-27 09:43:15 - [MESSAGE][WARNING] - Timeout '0' is invalid. Using default page load timeout: '30'

2019-05-27 09:43:16 - [MESSAGE][PASSED] - Object 'Object Repository/ADMIN/Categories/Category/label_edit popup' is visible

2019-05-27 09:43:16 - [TEST_STEP][PASSED] - waitForElementNotPresent: Web element with id: 'Object Repository/ADMIN/Categories/Category/label_edit popup' located by 'By.xpath: //div[(text() = 'Category was successfully saved.' or . = 'Category was successfully saved.')]' is not present after '30' second(s)

2019-05-27 09:43:16 - [MESSAGE][WARNING] - Timeout '0' is invalid. Using default page load timeout: '30'

2019-05-27 09:43:22 - [MESSAGE][PASSED] - Web element with id: 'Object Repository/ADMIN/Categories/Category/label_edit popup' located by 'By.xpath: //div[(text() = 'Category was successfully saved.' or . = 'Category was successfully saved.')]' is not present after '30' second(s)]]></system-out>
         <system-err><![CDATA[2019-05-27 09:42:33 - [TEST_CASE][FAILED] - Test Cases/ADMIN/Content Mgmt/Categories/Category Add-Edit/Add Category: Test Cases/ADMIN/Content Mgmt/Categories/Category Add-Edit/Add Category FAILED because (of) Unable to click on object 'Object Repository/ADMIN/Categories/Category List/button_Categories' (Root cause: org.openqa.selenium.WebDriverException: unknown error: Element <a href="/admin/categorymanager/index">...</a> is not clickable at point (129, 402). Other element would receive the click: <a href="#">...</a>
  (Session info: chrome=74.0.3729.169)
  (Driver info: chromedriver=2.35.528161 (5b82f2d2aae0ca24b877009200ced9065a772e73),platform=Windows NT 6.1.7601 SP1 x86_64) (WARNING: The server did not provide any stacktrace information)
Command duration or timeout: 0 milliseconds
Build info: version: '3.7.1', revision: '8a0099a', time: '2017-11-06T21:07:36.161Z'
System info: host: 'ARCADIER-PC', ip: '10.10.31.95', os.name: 'Windows 7', os.arch: 'amd64', os.version: '6.1', java.version: '1.8.0_102'
Driver info: com.kms.katalon.core.webui.driver.ExistingRemoteWebDriver
Capabilities {javascriptEnabled: true, platform: ANY, platformName: ANY}
Session ID: f912d58d04e0ea049492dcdbe1240f08)]]></system-err>
      </testcase>
      <testcase name="Test Cases/ADMIN/Content Mgmt/Categories/Category Add-Edit/Add Category" classname="Test Cases/ADMIN/Content Mgmt/Categories/Category Add-Edit/Add Category" status="FAILED">
         <failure type="FAILED" message="Unable to click on object 'Object Repository/ADMIN/Categories/Category List/button_Categories' (Root cause: org.openqa.selenium.ElementNotVisibleException: element not visible
  (Session info: chrome=74.0.3729.169)
  (Driver info: chromedriver=2.35.528161 (5b82f2d2aae0ca24b877009200ced9065a772e73),platform=Windows NT 6.1.7601 SP1 x86_64) (WARNING: The server did not provide any stacktrace information)
Command duration or timeout: 0 milliseconds
Build info: version: '3.7.1', revision: '8a0099a', time: '2017-11-06T21:07:36.161Z'
System info: host: 'ARCADIER-PC', ip: '10.10.31.95', os.name: 'Windows 7', os.arch: 'amd64', os.version: '6.1', java.version: '1.8.0_102'
Driver info: com.kms.katalon.core.webui.driver.ExistingRemoteWebDriver
Capabilities {javascriptEnabled: true, platform: ANY, platformName: ANY}
Session ID: f912d58d04e0ea049492dcdbe1240f08)"/>
         <system-out><![CDATA[2019-05-27 09:43:22 - [TEST_CASE][FAILED] - Test Cases/ADMIN/Content Mgmt/Categories/Category Add-Edit/Add Category: Test Cases/ADMIN/Content Mgmt/Categories/Category Add-Edit/Add Category FAILED because (of) Unable to click on object 'Object Repository/ADMIN/Categories/Category List/button_Categories' (Root cause: org.openqa.selenium.ElementNotVisibleException: element not visible
  (Session info: chrome=74.0.3729.169)
  (Driver info: chromedriver=2.35.528161 (5b82f2d2aae0ca24b877009200ced9065a772e73),platform=Windows NT 6.1.7601 SP1 x86_64) (WARNING: The server did not provide any stacktrace information)
Command duration or timeout: 0 milliseconds
Build info: version: '3.7.1', revision: '8a0099a', time: '2017-11-06T21:07:36.161Z'
System info: host: 'ARCADIER-PC', ip: '10.10.31.95', os.name: 'Windows 7', os.arch: 'amd64', os.version: '6.1', java.version: '1.8.0_102'
Driver info: com.kms.katalon.core.webui.driver.ExistingRemoteWebDriver
Capabilities {javascriptEnabled: true, platform: ANY, platformName: ANY}
Session ID: f912d58d04e0ea049492dcdbe1240f08)

2019-05-27 09:43:22 - [TEST_STEP][PASSED] - waitForElementVisible: Object 'Object Repository/ADMIN/Categories/Category List/button_Content Mgmt' is visible

2019-05-27 09:43:22 - [MESSAGE][WARNING] - Timeout '0' is invalid. Using default page load timeout: '30'

2019-05-27 09:43:22 - [MESSAGE][PASSED] - Object 'Object Repository/ADMIN/Categories/Category List/button_Content Mgmt' is visible

2019-05-27 09:43:22 - [TEST_STEP][PASSED] - click: Object: 'Object Repository/ADMIN/Categories/Category List/button_Content Mgmt' is clicked on

2019-05-27 09:43:23 - [MESSAGE][PASSED] - Object: 'Object Repository/ADMIN/Categories/Category List/button_Content Mgmt' is clicked on

2019-05-27 09:43:23 - [TEST_STEP][PASSED] - waitForElementVisible: Object 'Object Repository/ADMIN/Categories/Category List/button_Categories' is visible

2019-05-27 09:43:23 - [MESSAGE][WARNING] - Timeout '0' is invalid. Using default page load timeout: '30'

2019-05-27 09:43:23 - [MESSAGE][PASSED] - Object 'Object Repository/ADMIN/Categories/Category List/button_Categories' is visible

2019-05-27 09:43:23 - [TEST_STEP][FAILED] - click: Unable to click on object 'Object Repository/ADMIN/Categories/Category List/button_Categories' (Root cause: org.openqa.selenium.ElementNotVisibleException: element not visible
  (Session info: chrome=74.0.3729.169)
  (Driver info: chromedriver=2.35.528161 (5b82f2d2aae0ca24b877009200ced9065a772e73),platform=Windows NT 6.1.7601 SP1 x86_64) (WARNING: The server did not provide any stacktrace information)
Command duration or timeout: 0 milliseconds
Build info: version: '3.7.1', revision: '8a0099a', time: '2017-11-06T21:07:36.161Z'
System info: host: 'ARCADIER-PC', ip: '10.10.31.95', os.name: 'Windows 7', os.arch: 'amd64', os.version: '6.1', java.version: '1.8.0_102'
Driver info: com.kms.katalon.core.webui.driver.ExistingRemoteWebDriver
Capabilities {javascriptEnabled: true, platform: ANY, platformName: ANY}
Session ID: f912d58d04e0ea049492dcdbe1240f08)

2019-05-27 09:43:23 - [MESSAGE][FAILED] - Unable to click on object 'Object Repository/ADMIN/Categories/Category List/button_Categories' (Root cause: org.openqa.selenium.ElementNotVisibleException: element not visible
  (Session info: chrome=74.0.3729.169)
  (Driver info: chromedriver=2.35.528161 (5b82f2d2aae0ca24b877009200ced9065a772e73),platform=Windows NT 6.1.7601 SP1 x86_64) (WARNING: The server did not provide any stacktrace information)
Command duration or timeout: 0 milliseconds
Build info: version: '3.7.1', revision: '8a0099a', time: '2017-11-06T21:07:36.161Z'
System info: host: 'ARCADIER-PC', ip: '10.10.31.95', os.name: 'Windows 7', os.arch: 'amd64', os.version: '6.1', java.version: '1.8.0_102'
Driver info: com.kms.katalon.core.webui.driver.ExistingRemoteWebDriver
Capabilities {javascriptEnabled: true, platform: ANY, platformName: ANY}
Session ID: f912d58d04e0ea049492dcdbe1240f08)
[[ATTACHMENT|C:\\Users\\Arcadier\\git\\Arctick\\Reports\\Suites\\Admin Category\\20190527_092604\\1558921403416.png]]

2019-05-27 09:43:23 - [TEST_STEP][PASSED] - waitForPageLoad: Wait for page load successfully

2019-05-27 09:43:23 - [MESSAGE][WARNING] - Timeout '0' is invalid. Using default page load timeout: '30'

2019-05-27 09:43:23 - [MESSAGE][PASSED] - Wait for page load successfully

2019-05-27 09:43:23 - [TEST_STEP][PASSED] - click: Object: 'Object Repository/ADMIN/Categories/Category List/button_Add a Category' is clicked on

2019-05-27 09:43:24 - [MESSAGE][PASSED] - Object: 'Object Repository/ADMIN/Categories/Category List/button_Add a Category' is clicked on

2019-05-27 09:43:24 - [TEST_STEP][PASSED] - waitForElementPresent: Object 'Object Repository/ADMIN/Categories/Category/dropdown_Parent' is present

2019-05-27 09:43:24 - [MESSAGE][PASSED] - Object 'Object Repository/ADMIN/Categories/Category/dropdown_Parent' is present

2019-05-27 09:43:24 - [TEST_STEP][PASSED] - delay: Delayed 1 second(s)

2019-05-27 09:43:25 - [MESSAGE][PASSED] - Delayed 1 second(s)

2019-05-27 09:43:25 - [TEST_STEP][PASSED] - setText: Text 'Category 4.4.3' is set on object 'Object Repository/ADMIN/Categories/Category/textfield_Category Name'

2019-05-27 09:43:25 - [MESSAGE][PASSED] - Text 'Category 4.4.3' is set on object 'Object Repository/ADMIN/Categories/Category/textfield_Category Name'

2019-05-27 09:43:25 - [TEST_STEP][PASSED] - click: Object: 'Object Repository/ADMIN/Categories/Category/dropdown_Parent' is clicked on

2019-05-27 09:43:26 - [MESSAGE][PASSED] - Object: 'Object Repository/ADMIN/Categories/Category/dropdown_Parent' is clicked on

2019-05-27 09:43:26 - [TEST_STEP][PASSED] - delay: Delayed 2 second(s)

2019-05-27 09:43:28 - [MESSAGE][PASSED] - Delayed 2 second(s)

2019-05-27 09:43:28 - [TEST_STEP][PASSED] - click: Object: 'Object Repository/ADMIN/Categories/Category/dropdown_Parent' is clicked on

2019-05-27 09:43:28 - [MESSAGE][PASSED] - Object: 'Object Repository/ADMIN/Categories/Category/dropdown_Parent' is clicked on

2019-05-27 09:43:28 - [TEST_STEP][PASSED] - selectOptionByLabel: All options with label 'Category 4.4' are selected in object 'Object Repository/ADMIN/Categories/Category/dropdown_Parent' 

2019-05-27 09:43:28 - [MESSAGE][PASSED] - All options with label 'Category 4.4' are selected in object 'Object Repository/ADMIN/Categories/Category/dropdown_Parent' 

2019-05-27 09:43:28 - [TEST_STEP][PASSED] - click: Object: 'Object Repository/ADMIN/Categories/Category/button_Browse' is clicked on

2019-05-27 09:43:28 - [MESSAGE][PASSED] - Object: 'Object Repository/ADMIN/Categories/Category/button_Browse' is clicked on

2019-05-27 09:43:28 - [TEST_STEP][PASSED] - delay: Delayed 2 second(s)

2019-05-27 09:43:30 - [MESSAGE][PASSED] - Delayed 2 second(s)

2019-05-27 09:43:30 - [TEST_STEP][PASSED] - uploadFile: File 'C:\\Katalon\\Image\\pic6.jpg' sent to object: 'Object Repository/ADMIN/Categories/Category/image_input image'

2019-05-27 09:43:30 - [MESSAGE][PASSED] - File 'C:\\Katalon\\Image\\pic6.jpg' sent to object: 'Object Repository/ADMIN/Categories/Category/image_input image'

2019-05-27 09:43:30 - [TEST_STEP][PASSED] - waitForElementVisible: Object 'Object Repository/ADMIN/Categories/Category/button_upload check' is visible

2019-05-27 09:43:30 - [MESSAGE][WARNING] - Timeout '0' is invalid. Using default page load timeout: '30'

2019-05-27 09:43:31 - [MESSAGE][PASSED] - Object 'Object Repository/ADMIN/Categories/Category/button_upload check' is visible

2019-05-27 09:43:31 - [TEST_STEP][PASSED] - click: Object: 'Object Repository/ADMIN/Categories/Category/button_upload check' is clicked on

2019-05-27 09:43:31 - [MESSAGE][PASSED] - Object: 'Object Repository/ADMIN/Categories/Category/button_upload check' is clicked on

2019-05-27 09:43:31 - [TEST_STEP][PASSED] - click: Object: 'Object Repository/ADMIN/Categories/Category/button_upload save' is clicked on

2019-05-27 09:43:31 - [MESSAGE][PASSED] - Object: 'Object Repository/ADMIN/Categories/Category/button_upload save' is clicked on

2019-05-27 09:43:31 - [TEST_STEP][FAILED] - waitForElementVisible: Unable to wait for object 'Object Repository/ADMIN/Categories/Category/button_upload save' to be visible (Root cause: org.openqa.selenium.StaleElementReferenceException: stale element reference: element is not attached to the page document
  (Session info: chrome=74.0.3729.169)
  (Driver info: chromedriver=2.35.528161 (5b82f2d2aae0ca24b877009200ced9065a772e73),platform=Windows NT 6.1.7601 SP1 x86_64) (WARNING: The server did not provide any stacktrace information)
Command duration or timeout: 0 milliseconds
For documentation on this error, please visit: http://seleniumhq.org/exceptions/stale_element_reference.html
Build info: version: '3.7.1', revision: '8a0099a', time: '2017-11-06T21:07:36.161Z'
System info: host: 'ARCADIER-PC', ip: '10.10.31.95', os.name: 'Windows 7', os.arch: 'amd64', os.version: '6.1', java.version: '1.8.0_102'
Driver info: com.kms.katalon.core.webui.driver.ExistingRemoteWebDriver
Capabilities {javascriptEnabled: true, platform: ANY, platformName: ANY}
Session ID: f912d58d04e0ea049492dcdbe1240f08)

2019-05-27 09:43:31 - [MESSAGE][WARNING] - Timeout '0' is invalid. Using default page load timeout: '30'

2019-05-27 09:43:32 - [MESSAGE][FAILED] - Unable to wait for object 'Object Repository/ADMIN/Categories/Category/button_upload save' to be visible (Root cause: org.openqa.selenium.StaleElementReferenceException: stale element reference: element is not attached to the page document
  (Session info: chrome=74.0.3729.169)
  (Driver info: chromedriver=2.35.528161 (5b82f2d2aae0ca24b877009200ced9065a772e73),platform=Windows NT 6.1.7601 SP1 x86_64) (WARNING: The server did not provide any stacktrace information)
Command duration or timeout: 0 milliseconds
For documentation on this error, please visit: http://seleniumhq.org/exceptions/stale_element_reference.html
Build info: version: '3.7.1', revision: '8a0099a', time: '2017-11-06T21:07:36.161Z'
System info: host: 'ARCADIER-PC', ip: '10.10.31.95', os.name: 'Windows 7', os.arch: 'amd64', os.version: '6.1', java.version: '1.8.0_102'
Driver info: com.kms.katalon.core.webui.driver.ExistingRemoteWebDriver
Capabilities {javascriptEnabled: true, platform: ANY, platformName: ANY}
Session ID: f912d58d04e0ea049492dcdbe1240f08)
[[ATTACHMENT|C:\\Users\\Arcadier\\git\\Arctick\\Reports\\Suites\\Admin Category\\20190527_092604\\1558921412289.png]]

2019-05-27 09:43:32 - [TEST_STEP][PASSED] - setText: Text 'Description55' is set on object 'Object Repository/ADMIN/Categories/Category/textfield_category_description'

2019-05-27 09:43:33 - [MESSAGE][PASSED] - Text 'Description55' is set on object 'Object Repository/ADMIN/Categories/Category/textfield_category_description'

2019-05-27 09:43:33 - [TEST_STEP][PASSED] - click: Object: 'Object Repository/ADMIN/Categories/Category/button_Save' is clicked on

2019-05-27 09:43:34 - [MESSAGE][PASSED] - Object: 'Object Repository/ADMIN/Categories/Category/button_Save' is clicked on

2019-05-27 09:43:34 - [TEST_STEP][PASSED] - waitForElementVisible: Object 'Object Repository/ADMIN/Categories/Category/label_edit popup' is visible

2019-05-27 09:43:34 - [MESSAGE][WARNING] - Timeout '0' is invalid. Using default page load timeout: '30'

2019-05-27 09:43:35 - [MESSAGE][PASSED] - Object 'Object Repository/ADMIN/Categories/Category/label_edit popup' is visible

2019-05-27 09:43:35 - [TEST_STEP][PASSED] - waitForElementNotPresent: Web element with id: 'Object Repository/ADMIN/Categories/Category/label_edit popup' located by 'By.xpath: //div[(text() = 'Category was successfully saved.' or . = 'Category was successfully saved.')]' is not present after '30' second(s)

2019-05-27 09:43:35 - [MESSAGE][WARNING] - Timeout '0' is invalid. Using default page load timeout: '30'

2019-05-27 09:43:41 - [MESSAGE][PASSED] - Web element with id: 'Object Repository/ADMIN/Categories/Category/label_edit popup' located by 'By.xpath: //div[(text() = 'Category was successfully saved.' or . = 'Category was successfully saved.')]' is not present after '30' second(s)]]></system-out>
         <system-err><![CDATA[2019-05-27 09:43:22 - [TEST_CASE][FAILED] - Test Cases/ADMIN/Content Mgmt/Categories/Category Add-Edit/Add Category: Test Cases/ADMIN/Content Mgmt/Categories/Category Add-Edit/Add Category FAILED because (of) Unable to click on object 'Object Repository/ADMIN/Categories/Category List/button_Categories' (Root cause: org.openqa.selenium.ElementNotVisibleException: element not visible
  (Session info: chrome=74.0.3729.169)
  (Driver info: chromedriver=2.35.528161 (5b82f2d2aae0ca24b877009200ced9065a772e73),platform=Windows NT 6.1.7601 SP1 x86_64) (WARNING: The server did not provide any stacktrace information)
Command duration or timeout: 0 milliseconds
Build info: version: '3.7.1', revision: '8a0099a', time: '2017-11-06T21:07:36.161Z'
System info: host: 'ARCADIER-PC', ip: '10.10.31.95', os.name: 'Windows 7', os.arch: 'amd64', os.version: '6.1', java.version: '1.8.0_102'
Driver info: com.kms.katalon.core.webui.driver.ExistingRemoteWebDriver
Capabilities {javascriptEnabled: true, platform: ANY, platformName: ANY}
Session ID: f912d58d04e0ea049492dcdbe1240f08)]]></system-err>
      </testcase>
      <testcase name="Test Cases/ADMIN/Content Mgmt/Categories/Category Add-Edit/Add Category" classname="Test Cases/ADMIN/Content Mgmt/Categories/Category Add-Edit/Add Category" status="FAILED">
         <failure type="FAILED" message="Unable to wait for object 'Object Repository/ADMIN/Categories/Category/button_upload save' to be visible (Root cause: org.openqa.selenium.StaleElementReferenceException: stale element reference: element is not attached to the page document
  (Session info: chrome=74.0.3729.169)
  (Driver info: chromedriver=2.35.528161 (5b82f2d2aae0ca24b877009200ced9065a772e73),platform=Windows NT 6.1.7601 SP1 x86_64) (WARNING: The server did not provide any stacktrace information)
Command duration or timeout: 0 milliseconds
For documentation on this error, please visit: http://seleniumhq.org/exceptions/stale_element_reference.html
Build info: version: '3.7.1', revision: '8a0099a', time: '2017-11-06T21:07:36.161Z'
System info: host: 'ARCADIER-PC', ip: '10.10.31.95', os.name: 'Windows 7', os.arch: 'amd64', os.version: '6.1', java.version: '1.8.0_102'
Driver info: com.kms.katalon.core.webui.driver.ExistingRemoteWebDriver
Capabilities {javascriptEnabled: true, platform: ANY, platformName: ANY}
Session ID: f912d58d04e0ea049492dcdbe1240f08)"/>
         <system-out><![CDATA[2019-05-27 09:43:41 - [TEST_CASE][FAILED] - Test Cases/ADMIN/Content Mgmt/Categories/Category Add-Edit/Add Category: Test Cases/ADMIN/Content Mgmt/Categories/Category Add-Edit/Add Category FAILED because (of) Unable to wait for object 'Object Repository/ADMIN/Categories/Category/button_upload save' to be visible (Root cause: org.openqa.selenium.StaleElementReferenceException: stale element reference: element is not attached to the page document
  (Session info: chrome=74.0.3729.169)
  (Driver info: chromedriver=2.35.528161 (5b82f2d2aae0ca24b877009200ced9065a772e73),platform=Windows NT 6.1.7601 SP1 x86_64) (WARNING: The server did not provide any stacktrace information)
Command duration or timeout: 0 milliseconds
For documentation on this error, please visit: http://seleniumhq.org/exceptions/stale_element_reference.html
Build info: version: '3.7.1', revision: '8a0099a', time: '2017-11-06T21:07:36.161Z'
System info: host: 'ARCADIER-PC', ip: '10.10.31.95', os.name: 'Windows 7', os.arch: 'amd64', os.version: '6.1', java.version: '1.8.0_102'
Driver info: com.kms.katalon.core.webui.driver.ExistingRemoteWebDriver
Capabilities {javascriptEnabled: true, platform: ANY, platformName: ANY}
Session ID: f912d58d04e0ea049492dcdbe1240f08)

2019-05-27 09:43:41 - [TEST_STEP][PASSED] - waitForElementVisible: Object 'Object Repository/ADMIN/Categories/Category List/button_Content Mgmt' is visible

2019-05-27 09:43:41 - [MESSAGE][WARNING] - Timeout '0' is invalid. Using default page load timeout: '30'

2019-05-27 09:43:41 - [MESSAGE][PASSED] - Object 'Object Repository/ADMIN/Categories/Category List/button_Content Mgmt' is visible

2019-05-27 09:43:41 - [TEST_STEP][PASSED] - click: Object: 'Object Repository/ADMIN/Categories/Category List/button_Content Mgmt' is clicked on

2019-05-27 09:43:41 - [MESSAGE][PASSED] - Object: 'Object Repository/ADMIN/Categories/Category List/button_Content Mgmt' is clicked on

2019-05-27 09:43:41 - [TEST_STEP][PASSED] - waitForElementVisible: Object 'Object Repository/ADMIN/Categories/Category List/button_Categories' is visible

2019-05-27 09:43:41 - [MESSAGE][WARNING] - Timeout '0' is invalid. Using default page load timeout: '30'

2019-05-27 09:43:41 - [MESSAGE][PASSED] - Object 'Object Repository/ADMIN/Categories/Category List/button_Categories' is visible

2019-05-27 09:43:41 - [TEST_STEP][PASSED] - click: Object: 'Object Repository/ADMIN/Categories/Category List/button_Categories' is clicked on

2019-05-27 09:43:42 - [MESSAGE][PASSED] - Object: 'Object Repository/ADMIN/Categories/Category List/button_Categories' is clicked on

2019-05-27 09:43:42 - [TEST_STEP][PASSED] - waitForPageLoad: Wait for page load successfully

2019-05-27 09:43:42 - [MESSAGE][WARNING] - Timeout '0' is invalid. Using default page load timeout: '30'

2019-05-27 09:43:42 - [MESSAGE][PASSED] - Wait for page load successfully

2019-05-27 09:43:42 - [TEST_STEP][PASSED] - click: Object: 'Object Repository/ADMIN/Categories/Category List/button_Add a Category' is clicked on

2019-05-27 09:43:44 - [MESSAGE][PASSED] - Object: 'Object Repository/ADMIN/Categories/Category List/button_Add a Category' is clicked on

2019-05-27 09:43:44 - [TEST_STEP][PASSED] - waitForElementPresent: Object 'Object Repository/ADMIN/Categories/Category/dropdown_Parent' is present

2019-05-27 09:43:44 - [MESSAGE][PASSED] - Object 'Object Repository/ADMIN/Categories/Category/dropdown_Parent' is present

2019-05-27 09:43:44 - [TEST_STEP][PASSED] - delay: Delayed 1 second(s)

2019-05-27 09:43:45 - [MESSAGE][PASSED] - Delayed 1 second(s)

2019-05-27 09:43:45 - [TEST_STEP][PASSED] - setText: Text 'Category 4.5' is set on object 'Object Repository/ADMIN/Categories/Category/textfield_Category Name'

2019-05-27 09:43:45 - [MESSAGE][PASSED] - Text 'Category 4.5' is set on object 'Object Repository/ADMIN/Categories/Category/textfield_Category Name'

2019-05-27 09:43:45 - [TEST_STEP][PASSED] - click: Object: 'Object Repository/ADMIN/Categories/Category/dropdown_Parent' is clicked on

2019-05-27 09:43:45 - [MESSAGE][PASSED] - Object: 'Object Repository/ADMIN/Categories/Category/dropdown_Parent' is clicked on

2019-05-27 09:43:45 - [TEST_STEP][PASSED] - delay: Delayed 2 second(s)

2019-05-27 09:43:47 - [MESSAGE][PASSED] - Delayed 2 second(s)

2019-05-27 09:43:47 - [TEST_STEP][PASSED] - click: Object: 'Object Repository/ADMIN/Categories/Category/dropdown_Parent' is clicked on

2019-05-27 09:43:48 - [MESSAGE][PASSED] - Object: 'Object Repository/ADMIN/Categories/Category/dropdown_Parent' is clicked on

2019-05-27 09:43:48 - [TEST_STEP][PASSED] - selectOptionByLabel: All options with label 'Category 4' are selected in object 'Object Repository/ADMIN/Categories/Category/dropdown_Parent' 

2019-05-27 09:43:48 - [MESSAGE][PASSED] - All options with label 'Category 4' are selected in object 'Object Repository/ADMIN/Categories/Category/dropdown_Parent' 

2019-05-27 09:43:48 - [TEST_STEP][PASSED] - click: Object: 'Object Repository/ADMIN/Categories/Category/button_Browse' is clicked on

2019-05-27 09:43:48 - [MESSAGE][PASSED] - Object: 'Object Repository/ADMIN/Categories/Category/button_Browse' is clicked on

2019-05-27 09:43:48 - [TEST_STEP][PASSED] - delay: Delayed 2 second(s)

2019-05-27 09:43:50 - [MESSAGE][PASSED] - Delayed 2 second(s)

2019-05-27 09:43:50 - [TEST_STEP][PASSED] - uploadFile: File 'C:\\Katalon\\Image\\pic7.jpg' sent to object: 'Object Repository/ADMIN/Categories/Category/image_input image'

2019-05-27 09:43:50 - [MESSAGE][PASSED] - File 'C:\\Katalon\\Image\\pic7.jpg' sent to object: 'Object Repository/ADMIN/Categories/Category/image_input image'

2019-05-27 09:43:50 - [TEST_STEP][PASSED] - waitForElementVisible: Object 'Object Repository/ADMIN/Categories/Category/button_upload check' is visible

2019-05-27 09:43:50 - [MESSAGE][WARNING] - Timeout '0' is invalid. Using default page load timeout: '30'

2019-05-27 09:43:50 - [MESSAGE][PASSED] - Object 'Object Repository/ADMIN/Categories/Category/button_upload check' is visible

2019-05-27 09:43:50 - [TEST_STEP][PASSED] - click: Object: 'Object Repository/ADMIN/Categories/Category/button_upload check' is clicked on

2019-05-27 09:43:50 - [MESSAGE][PASSED] - Object: 'Object Repository/ADMIN/Categories/Category/button_upload check' is clicked on

2019-05-27 09:43:50 - [TEST_STEP][PASSED] - click: Object: 'Object Repository/ADMIN/Categories/Category/button_upload save' is clicked on

2019-05-27 09:43:51 - [MESSAGE][PASSED] - Object: 'Object Repository/ADMIN/Categories/Category/button_upload save' is clicked on

2019-05-27 09:43:51 - [TEST_STEP][FAILED] - waitForElementVisible: Unable to wait for object 'Object Repository/ADMIN/Categories/Category/button_upload save' to be visible (Root cause: org.openqa.selenium.StaleElementReferenceException: stale element reference: element is not attached to the page document
  (Session info: chrome=74.0.3729.169)
  (Driver info: chromedriver=2.35.528161 (5b82f2d2aae0ca24b877009200ced9065a772e73),platform=Windows NT 6.1.7601 SP1 x86_64) (WARNING: The server did not provide any stacktrace information)
Command duration or timeout: 0 milliseconds
For documentation on this error, please visit: http://seleniumhq.org/exceptions/stale_element_reference.html
Build info: version: '3.7.1', revision: '8a0099a', time: '2017-11-06T21:07:36.161Z'
System info: host: 'ARCADIER-PC', ip: '10.10.31.95', os.name: 'Windows 7', os.arch: 'amd64', os.version: '6.1', java.version: '1.8.0_102'
Driver info: com.kms.katalon.core.webui.driver.ExistingRemoteWebDriver
Capabilities {javascriptEnabled: true, platform: ANY, platformName: ANY}
Session ID: f912d58d04e0ea049492dcdbe1240f08)

2019-05-27 09:43:51 - [MESSAGE][WARNING] - Timeout '0' is invalid. Using default page load timeout: '30'

2019-05-27 09:43:52 - [MESSAGE][FAILED] - Unable to wait for object 'Object Repository/ADMIN/Categories/Category/button_upload save' to be visible (Root cause: org.openqa.selenium.StaleElementReferenceException: stale element reference: element is not attached to the page document
  (Session info: chrome=74.0.3729.169)
  (Driver info: chromedriver=2.35.528161 (5b82f2d2aae0ca24b877009200ced9065a772e73),platform=Windows NT 6.1.7601 SP1 x86_64) (WARNING: The server did not provide any stacktrace information)
Command duration or timeout: 0 milliseconds
For documentation on this error, please visit: http://seleniumhq.org/exceptions/stale_element_reference.html
Build info: version: '3.7.1', revision: '8a0099a', time: '2017-11-06T21:07:36.161Z'
System info: host: 'ARCADIER-PC', ip: '10.10.31.95', os.name: 'Windows 7', os.arch: 'amd64', os.version: '6.1', java.version: '1.8.0_102'
Driver info: com.kms.katalon.core.webui.driver.ExistingRemoteWebDriver
Capabilities {javascriptEnabled: true, platform: ANY, platformName: ANY}
Session ID: f912d58d04e0ea049492dcdbe1240f08)
[[ATTACHMENT|C:\\Users\\Arcadier\\git\\Arctick\\Reports\\Suites\\Admin Category\\20190527_092604\\1558921431491.png]]

2019-05-27 09:43:52 - [TEST_STEP][PASSED] - setText: Text 'Description56' is set on object 'Object Repository/ADMIN/Categories/Category/textfield_category_description'

2019-05-27 09:43:53 - [MESSAGE][PASSED] - Text 'Description56' is set on object 'Object Repository/ADMIN/Categories/Category/textfield_category_description'

2019-05-27 09:43:53 - [TEST_STEP][PASSED] - click: Object: 'Object Repository/ADMIN/Categories/Category/button_Save' is clicked on

2019-05-27 09:43:53 - [MESSAGE][PASSED] - Object: 'Object Repository/ADMIN/Categories/Category/button_Save' is clicked on

2019-05-27 09:43:53 - [TEST_STEP][PASSED] - waitForElementVisible: Object 'Object Repository/ADMIN/Categories/Category/label_edit popup' is visible

2019-05-27 09:43:53 - [MESSAGE][WARNING] - Timeout '0' is invalid. Using default page load timeout: '30'

2019-05-27 09:43:54 - [MESSAGE][PASSED] - Object 'Object Repository/ADMIN/Categories/Category/label_edit popup' is visible

2019-05-27 09:43:54 - [TEST_STEP][PASSED] - waitForElementNotPresent: Web element with id: 'Object Repository/ADMIN/Categories/Category/label_edit popup' located by 'By.xpath: //div[(text() = 'Category was successfully saved.' or . = 'Category was successfully saved.')]' is not present after '30' second(s)

2019-05-27 09:43:54 - [MESSAGE][WARNING] - Timeout '0' is invalid. Using default page load timeout: '30'

2019-05-27 09:44:00 - [MESSAGE][PASSED] - Web element with id: 'Object Repository/ADMIN/Categories/Category/label_edit popup' located by 'By.xpath: //div[(text() = 'Category was successfully saved.' or . = 'Category was successfully saved.')]' is not present after '30' second(s)]]></system-out>
         <system-err><![CDATA[2019-05-27 09:43:41 - [TEST_CASE][FAILED] - Test Cases/ADMIN/Content Mgmt/Categories/Category Add-Edit/Add Category: Test Cases/ADMIN/Content Mgmt/Categories/Category Add-Edit/Add Category FAILED because (of) Unable to wait for object 'Object Repository/ADMIN/Categories/Category/button_upload save' to be visible (Root cause: org.openqa.selenium.StaleElementReferenceException: stale element reference: element is not attached to the page document
  (Session info: chrome=74.0.3729.169)
  (Driver info: chromedriver=2.35.528161 (5b82f2d2aae0ca24b877009200ced9065a772e73),platform=Windows NT 6.1.7601 SP1 x86_64) (WARNING: The server did not provide any stacktrace information)
Command duration or timeout: 0 milliseconds
For documentation on this error, please visit: http://seleniumhq.org/exceptions/stale_element_reference.html
Build info: version: '3.7.1', revision: '8a0099a', time: '2017-11-06T21:07:36.161Z'
System info: host: 'ARCADIER-PC', ip: '10.10.31.95', os.name: 'Windows 7', os.arch: 'amd64', os.version: '6.1', java.version: '1.8.0_102'
Driver info: com.kms.katalon.core.webui.driver.ExistingRemoteWebDriver
Capabilities {javascriptEnabled: true, platform: ANY, platformName: ANY}
Session ID: f912d58d04e0ea049492dcdbe1240f08)]]></system-err>
      </testcase>
      <testcase name="Test Cases/ADMIN/Content Mgmt/Categories/Category Add-Edit/Add Category" classname="Test Cases/ADMIN/Content Mgmt/Categories/Category Add-Edit/Add Category" status="PASSED">
         <system-out><![CDATA[2019-05-27 09:44:00 - [TEST_CASE][PASSED] - Test Cases/ADMIN/Content Mgmt/Categories/Category Add-Edit/Add Category: Test Cases/ADMIN/Content Mgmt/Categories/Category Add-Edit/Add Category

2019-05-27 09:44:00 - [TEST_STEP][PASSED] - waitForElementVisible: Object 'Object Repository/ADMIN/Categories/Category List/button_Content Mgmt' is visible

2019-05-27 09:44:00 - [MESSAGE][WARNING] - Timeout '0' is invalid. Using default page load timeout: '30'

2019-05-27 09:44:01 - [MESSAGE][PASSED] - Object 'Object Repository/ADMIN/Categories/Category List/button_Content Mgmt' is visible

2019-05-27 09:44:01 - [TEST_STEP][PASSED] - click: Object: 'Object Repository/ADMIN/Categories/Category List/button_Content Mgmt' is clicked on

2019-05-27 09:44:01 - [MESSAGE][PASSED] - Object: 'Object Repository/ADMIN/Categories/Category List/button_Content Mgmt' is clicked on

2019-05-27 09:44:01 - [TEST_STEP][PASSED] - waitForElementVisible: Object 'Object Repository/ADMIN/Categories/Category List/button_Categories' is visible

2019-05-27 09:44:01 - [MESSAGE][WARNING] - Timeout '0' is invalid. Using default page load timeout: '30'

2019-05-27 09:44:01 - [MESSAGE][PASSED] - Object 'Object Repository/ADMIN/Categories/Category List/button_Categories' is visible

2019-05-27 09:44:01 - [TEST_STEP][PASSED] - click: Object: 'Object Repository/ADMIN/Categories/Category List/button_Categories' is clicked on

2019-05-27 09:44:02 - [MESSAGE][PASSED] - Object: 'Object Repository/ADMIN/Categories/Category List/button_Categories' is clicked on

2019-05-27 09:44:02 - [TEST_STEP][PASSED] - waitForPageLoad: Wait for page load successfully

2019-05-27 09:44:02 - [MESSAGE][WARNING] - Timeout '0' is invalid. Using default page load timeout: '30'

2019-05-27 09:44:03 - [MESSAGE][PASSED] - Wait for page load successfully

2019-05-27 09:44:03 - [TEST_STEP][PASSED] - click: Object: 'Object Repository/ADMIN/Categories/Category List/button_Add a Category' is clicked on

2019-05-27 09:44:03 - [MESSAGE][PASSED] - Object: 'Object Repository/ADMIN/Categories/Category List/button_Add a Category' is clicked on

2019-05-27 09:44:03 - [TEST_STEP][PASSED] - waitForElementPresent: Object 'Object Repository/ADMIN/Categories/Category/dropdown_Parent' is present

2019-05-27 09:44:03 - [MESSAGE][PASSED] - Object 'Object Repository/ADMIN/Categories/Category/dropdown_Parent' is present

2019-05-27 09:44:03 - [TEST_STEP][PASSED] - delay: Delayed 1 second(s)

2019-05-27 09:44:04 - [MESSAGE][PASSED] - Delayed 1 second(s)

2019-05-27 09:44:04 - [TEST_STEP][PASSED] - setText: Text 'Category 4.5.1' is set on object 'Object Repository/ADMIN/Categories/Category/textfield_Category Name'

2019-05-27 09:44:05 - [MESSAGE][PASSED] - Text 'Category 4.5.1' is set on object 'Object Repository/ADMIN/Categories/Category/textfield_Category Name'

2019-05-27 09:44:05 - [TEST_STEP][PASSED] - click: Object: 'Object Repository/ADMIN/Categories/Category/dropdown_Parent' is clicked on

2019-05-27 09:44:05 - [MESSAGE][PASSED] - Object: 'Object Repository/ADMIN/Categories/Category/dropdown_Parent' is clicked on

2019-05-27 09:44:05 - [TEST_STEP][PASSED] - delay: Delayed 2 second(s)

2019-05-27 09:44:07 - [MESSAGE][PASSED] - Delayed 2 second(s)

2019-05-27 09:44:07 - [TEST_STEP][PASSED] - click: Object: 'Object Repository/ADMIN/Categories/Category/dropdown_Parent' is clicked on

2019-05-27 09:44:07 - [MESSAGE][PASSED] - Object: 'Object Repository/ADMIN/Categories/Category/dropdown_Parent' is clicked on

2019-05-27 09:44:07 - [TEST_STEP][PASSED] - selectOptionByLabel: All options with label 'Category 4.5' are selected in object 'Object Repository/ADMIN/Categories/Category/dropdown_Parent' 

2019-05-27 09:44:07 - [MESSAGE][PASSED] - All options with label 'Category 4.5' are selected in object 'Object Repository/ADMIN/Categories/Category/dropdown_Parent' 

2019-05-27 09:44:07 - [TEST_STEP][PASSED] - click: Object: 'Object Repository/ADMIN/Categories/Category/button_Browse' is clicked on

2019-05-27 09:44:08 - [MESSAGE][PASSED] - Object: 'Object Repository/ADMIN/Categories/Category/button_Browse' is clicked on

2019-05-27 09:44:08 - [TEST_STEP][PASSED] - delay: Delayed 2 second(s)

2019-05-27 09:44:10 - [MESSAGE][PASSED] - Delayed 2 second(s)

2019-05-27 09:44:10 - [TEST_STEP][PASSED] - uploadFile: File 'C:\\Katalon\\Image\\pic8.jpg' sent to object: 'Object Repository/ADMIN/Categories/Category/image_input image'

2019-05-27 09:44:10 - [MESSAGE][PASSED] - File 'C:\\Katalon\\Image\\pic8.jpg' sent to object: 'Object Repository/ADMIN/Categories/Category/image_input image'

2019-05-27 09:44:10 - [TEST_STEP][PASSED] - waitForElementVisible: Object 'Object Repository/ADMIN/Categories/Category/button_upload check' is visible

2019-05-27 09:44:10 - [MESSAGE][WARNING] - Timeout '0' is invalid. Using default page load timeout: '30'

2019-05-27 09:44:10 - [MESSAGE][PASSED] - Object 'Object Repository/ADMIN/Categories/Category/button_upload check' is visible

2019-05-27 09:44:10 - [TEST_STEP][PASSED] - click: Object: 'Object Repository/ADMIN/Categories/Category/button_upload check' is clicked on

2019-05-27 09:44:10 - [MESSAGE][PASSED] - Object: 'Object Repository/ADMIN/Categories/Category/button_upload check' is clicked on

2019-05-27 09:44:10 - [TEST_STEP][PASSED] - click: Object: 'Object Repository/ADMIN/Categories/Category/button_upload save' is clicked on

2019-05-27 09:44:10 - [MESSAGE][PASSED] - Object: 'Object Repository/ADMIN/Categories/Category/button_upload save' is clicked on

2019-05-27 09:44:10 - [TEST_STEP][PASSED] - waitForElementVisible: Object 'Object Repository/ADMIN/Categories/Category/button_upload save' is visible

2019-05-27 09:44:10 - [MESSAGE][WARNING] - Timeout '0' is invalid. Using default page load timeout: '30'

2019-05-27 09:44:10 - [MESSAGE][PASSED] - Object 'Object Repository/ADMIN/Categories/Category/button_upload save' is visible

2019-05-27 09:44:10 - [TEST_STEP][PASSED] - setText: Text 'Description57' is set on object 'Object Repository/ADMIN/Categories/Category/textfield_category_description'

2019-05-27 09:44:11 - [MESSAGE][PASSED] - Text 'Description57' is set on object 'Object Repository/ADMIN/Categories/Category/textfield_category_description'

2019-05-27 09:44:12 - [TEST_STEP][PASSED] - click: Object: 'Object Repository/ADMIN/Categories/Category/button_Save' is clicked on

2019-05-27 09:44:12 - [MESSAGE][PASSED] - Object: 'Object Repository/ADMIN/Categories/Category/button_Save' is clicked on

2019-05-27 09:44:12 - [TEST_STEP][PASSED] - waitForElementVisible: Object 'Object Repository/ADMIN/Categories/Category/label_edit popup' is visible

2019-05-27 09:44:12 - [MESSAGE][WARNING] - Timeout '0' is invalid. Using default page load timeout: '30'

2019-05-27 09:44:13 - [MESSAGE][PASSED] - Object 'Object Repository/ADMIN/Categories/Category/label_edit popup' is visible

2019-05-27 09:44:14 - [TEST_STEP][PASSED] - waitForElementNotPresent: Web element with id: 'Object Repository/ADMIN/Categories/Category/label_edit popup' located by 'By.xpath: //div[(text() = 'Category was successfully saved.' or . = 'Category was successfully saved.')]' is not present after '30' second(s)

2019-05-27 09:44:14 - [MESSAGE][WARNING] - Timeout '0' is invalid. Using default page load timeout: '30'

2019-05-27 09:44:19 - [MESSAGE][PASSED] - Web element with id: 'Object Repository/ADMIN/Categories/Category/label_edit popup' located by 'By.xpath: //div[(text() = 'Category was successfully saved.' or . = 'Category was successfully saved.')]' is not present after '30' second(s)]]></system-out>
         <system-err><![CDATA[]]></system-err>
      </testcase>
      <testcase name="Test Cases/ADMIN/Content Mgmt/Categories/Category Add-Edit/Add Category" classname="Test Cases/ADMIN/Content Mgmt/Categories/Category Add-Edit/Add Category" status="FAILED">
         <failure type="FAILED" message="Unable to click on object 'Object Repository/ADMIN/Categories/Category List/button_Categories' (Root cause: org.openqa.selenium.ElementNotVisibleException: element not visible
  (Session info: chrome=74.0.3729.169)
  (Driver info: chromedriver=2.35.528161 (5b82f2d2aae0ca24b877009200ced9065a772e73),platform=Windows NT 6.1.7601 SP1 x86_64) (WARNING: The server did not provide any stacktrace information)
Command duration or timeout: 0 milliseconds
Build info: version: '3.7.1', revision: '8a0099a', time: '2017-11-06T21:07:36.161Z'
System info: host: 'ARCADIER-PC', ip: '10.10.31.95', os.name: 'Windows 7', os.arch: 'amd64', os.version: '6.1', java.version: '1.8.0_102'
Driver info: com.kms.katalon.core.webui.driver.ExistingRemoteWebDriver
Capabilities {javascriptEnabled: true, platform: ANY, platformName: ANY}
Session ID: f912d58d04e0ea049492dcdbe1240f08)"/>
         <system-out><![CDATA[2019-05-27 09:44:19 - [TEST_CASE][FAILED] - Test Cases/ADMIN/Content Mgmt/Categories/Category Add-Edit/Add Category: Test Cases/ADMIN/Content Mgmt/Categories/Category Add-Edit/Add Category FAILED because (of) Unable to click on object 'Object Repository/ADMIN/Categories/Category List/button_Categories' (Root cause: org.openqa.selenium.ElementNotVisibleException: element not visible
  (Session info: chrome=74.0.3729.169)
  (Driver info: chromedriver=2.35.528161 (5b82f2d2aae0ca24b877009200ced9065a772e73),platform=Windows NT 6.1.7601 SP1 x86_64) (WARNING: The server did not provide any stacktrace information)
Command duration or timeout: 0 milliseconds
Build info: version: '3.7.1', revision: '8a0099a', time: '2017-11-06T21:07:36.161Z'
System info: host: 'ARCADIER-PC', ip: '10.10.31.95', os.name: 'Windows 7', os.arch: 'amd64', os.version: '6.1', java.version: '1.8.0_102'
Driver info: com.kms.katalon.core.webui.driver.ExistingRemoteWebDriver
Capabilities {javascriptEnabled: true, platform: ANY, platformName: ANY}
Session ID: f912d58d04e0ea049492dcdbe1240f08)

2019-05-27 09:44:19 - [TEST_STEP][PASSED] - waitForElementVisible: Object 'Object Repository/ADMIN/Categories/Category List/button_Content Mgmt' is visible

2019-05-27 09:44:19 - [MESSAGE][WARNING] - Timeout '0' is invalid. Using default page load timeout: '30'

2019-05-27 09:44:19 - [MESSAGE][PASSED] - Object 'Object Repository/ADMIN/Categories/Category List/button_Content Mgmt' is visible

2019-05-27 09:44:19 - [TEST_STEP][PASSED] - click: Object: 'Object Repository/ADMIN/Categories/Category List/button_Content Mgmt' is clicked on

2019-05-27 09:44:19 - [MESSAGE][PASSED] - Object: 'Object Repository/ADMIN/Categories/Category List/button_Content Mgmt' is clicked on

2019-05-27 09:44:19 - [TEST_STEP][PASSED] - waitForElementVisible: Object 'Object Repository/ADMIN/Categories/Category List/button_Categories' is visible

2019-05-27 09:44:19 - [MESSAGE][WARNING] - Timeout '0' is invalid. Using default page load timeout: '30'

2019-05-27 09:44:19 - [MESSAGE][PASSED] - Object 'Object Repository/ADMIN/Categories/Category List/button_Categories' is visible

2019-05-27 09:44:19 - [TEST_STEP][FAILED] - click: Unable to click on object 'Object Repository/ADMIN/Categories/Category List/button_Categories' (Root cause: org.openqa.selenium.ElementNotVisibleException: element not visible
  (Session info: chrome=74.0.3729.169)
  (Driver info: chromedriver=2.35.528161 (5b82f2d2aae0ca24b877009200ced9065a772e73),platform=Windows NT 6.1.7601 SP1 x86_64) (WARNING: The server did not provide any stacktrace information)
Command duration or timeout: 0 milliseconds
Build info: version: '3.7.1', revision: '8a0099a', time: '2017-11-06T21:07:36.161Z'
System info: host: 'ARCADIER-PC', ip: '10.10.31.95', os.name: 'Windows 7', os.arch: 'amd64', os.version: '6.1', java.version: '1.8.0_102'
Driver info: com.kms.katalon.core.webui.driver.ExistingRemoteWebDriver
Capabilities {javascriptEnabled: true, platform: ANY, platformName: ANY}
Session ID: f912d58d04e0ea049492dcdbe1240f08)

2019-05-27 09:44:21 - [MESSAGE][FAILED] - Unable to click on object 'Object Repository/ADMIN/Categories/Category List/button_Categories' (Root cause: org.openqa.selenium.ElementNotVisibleException: element not visible
  (Session info: chrome=74.0.3729.169)
  (Driver info: chromedriver=2.35.528161 (5b82f2d2aae0ca24b877009200ced9065a772e73),platform=Windows NT 6.1.7601 SP1 x86_64) (WARNING: The server did not provide any stacktrace information)
Command duration or timeout: 0 milliseconds
Build info: version: '3.7.1', revision: '8a0099a', time: '2017-11-06T21:07:36.161Z'
System info: host: 'ARCADIER-PC', ip: '10.10.31.95', os.name: 'Windows 7', os.arch: 'amd64', os.version: '6.1', java.version: '1.8.0_102'
Driver info: com.kms.katalon.core.webui.driver.ExistingRemoteWebDriver
Capabilities {javascriptEnabled: true, platform: ANY, platformName: ANY}
Session ID: f912d58d04e0ea049492dcdbe1240f08)
[[ATTACHMENT|C:\\Users\\Arcadier\\git\\Arctick\\Reports\\Suites\\Admin Category\\20190527_092604\\1558921460853.png]]

2019-05-27 09:44:21 - [TEST_STEP][PASSED] - waitForPageLoad: Wait for page load successfully

2019-05-27 09:44:21 - [MESSAGE][WARNING] - Timeout '0' is invalid. Using default page load timeout: '30'

2019-05-27 09:44:21 - [MESSAGE][PASSED] - Wait for page load successfully

2019-05-27 09:44:21 - [TEST_STEP][PASSED] - click: Object: 'Object Repository/ADMIN/Categories/Category List/button_Add a Category' is clicked on

2019-05-27 09:44:21 - [MESSAGE][PASSED] - Object: 'Object Repository/ADMIN/Categories/Category List/button_Add a Category' is clicked on

2019-05-27 09:44:21 - [TEST_STEP][PASSED] - waitForElementPresent: Object 'Object Repository/ADMIN/Categories/Category/dropdown_Parent' is present

2019-05-27 09:44:21 - [MESSAGE][PASSED] - Object 'Object Repository/ADMIN/Categories/Category/dropdown_Parent' is present

2019-05-27 09:44:21 - [TEST_STEP][PASSED] - delay: Delayed 1 second(s)

2019-05-27 09:44:22 - [MESSAGE][PASSED] - Delayed 1 second(s)

2019-05-27 09:44:22 - [TEST_STEP][PASSED] - setText: Text 'Category 4.6' is set on object 'Object Repository/ADMIN/Categories/Category/textfield_Category Name'

2019-05-27 09:44:23 - [MESSAGE][PASSED] - Text 'Category 4.6' is set on object 'Object Repository/ADMIN/Categories/Category/textfield_Category Name'

2019-05-27 09:44:23 - [TEST_STEP][PASSED] - click: Object: 'Object Repository/ADMIN/Categories/Category/dropdown_Parent' is clicked on

2019-05-27 09:44:23 - [MESSAGE][PASSED] - Object: 'Object Repository/ADMIN/Categories/Category/dropdown_Parent' is clicked on

2019-05-27 09:44:23 - [TEST_STEP][PASSED] - delay: Delayed 2 second(s)

2019-05-27 09:44:25 - [MESSAGE][PASSED] - Delayed 2 second(s)

2019-05-27 09:44:25 - [TEST_STEP][PASSED] - click: Object: 'Object Repository/ADMIN/Categories/Category/dropdown_Parent' is clicked on

2019-05-27 09:44:25 - [MESSAGE][PASSED] - Object: 'Object Repository/ADMIN/Categories/Category/dropdown_Parent' is clicked on

2019-05-27 09:44:25 - [TEST_STEP][PASSED] - selectOptionByLabel: All options with label 'Category 4' are selected in object 'Object Repository/ADMIN/Categories/Category/dropdown_Parent' 

2019-05-27 09:44:25 - [MESSAGE][PASSED] - All options with label 'Category 4' are selected in object 'Object Repository/ADMIN/Categories/Category/dropdown_Parent' 

2019-05-27 09:44:25 - [TEST_STEP][PASSED] - click: Object: 'Object Repository/ADMIN/Categories/Category/button_Browse' is clicked on

2019-05-27 09:44:26 - [MESSAGE][PASSED] - Object: 'Object Repository/ADMIN/Categories/Category/button_Browse' is clicked on

2019-05-27 09:44:26 - [TEST_STEP][PASSED] - delay: Delayed 2 second(s)

2019-05-27 09:44:28 - [MESSAGE][PASSED] - Delayed 2 second(s)

2019-05-27 09:44:28 - [TEST_STEP][PASSED] - uploadFile: File 'C:\\Katalon\\Image\\pic9.jpg' sent to object: 'Object Repository/ADMIN/Categories/Category/image_input image'

2019-05-27 09:44:28 - [MESSAGE][PASSED] - File 'C:\\Katalon\\Image\\pic9.jpg' sent to object: 'Object Repository/ADMIN/Categories/Category/image_input image'

2019-05-27 09:44:28 - [TEST_STEP][PASSED] - waitForElementVisible: Object 'Object Repository/ADMIN/Categories/Category/button_upload check' is visible

2019-05-27 09:44:28 - [MESSAGE][WARNING] - Timeout '0' is invalid. Using default page load timeout: '30'

2019-05-27 09:44:28 - [MESSAGE][PASSED] - Object 'Object Repository/ADMIN/Categories/Category/button_upload check' is visible

2019-05-27 09:44:28 - [TEST_STEP][PASSED] - click: Object: 'Object Repository/ADMIN/Categories/Category/button_upload check' is clicked on

2019-05-27 09:44:28 - [MESSAGE][PASSED] - Object: 'Object Repository/ADMIN/Categories/Category/button_upload check' is clicked on

2019-05-27 09:44:28 - [TEST_STEP][PASSED] - click: Object: 'Object Repository/ADMIN/Categories/Category/button_upload save' is clicked on

2019-05-27 09:44:29 - [MESSAGE][PASSED] - Object: 'Object Repository/ADMIN/Categories/Category/button_upload save' is clicked on

2019-05-27 09:44:29 - [TEST_STEP][PASSED] - waitForElementVisible: Web element with id: 'Object Repository/ADMIN/Categories/Category/button_upload save' located by 'By.xpath: //a[@class = 'btn btn-warning download' and (text() = ' Add Photo' or . = ' Add Photo')]' not found

2019-05-27 09:44:29 - [MESSAGE][WARNING] - Timeout '0' is invalid. Using default page load timeout: '30'

2019-05-27 09:45:02 - [MESSAGE][WARNING] - Web element with id: 'Object Repository/ADMIN/Categories/Category/button_upload save' located by 'By.xpath: //a[@class = 'btn btn-warning download' and (text() = ' Add Photo' or . = ' Add Photo')]' not found

2019-05-27 09:45:02 - [TEST_STEP][PASSED] - setText: Text 'Description58' is set on object 'Object Repository/ADMIN/Categories/Category/textfield_category_description'

2019-05-27 09:45:03 - [MESSAGE][PASSED] - Text 'Description58' is set on object 'Object Repository/ADMIN/Categories/Category/textfield_category_description'

2019-05-27 09:45:03 - [TEST_STEP][PASSED] - click: Object: 'Object Repository/ADMIN/Categories/Category/button_Save' is clicked on

2019-05-27 09:45:03 - [MESSAGE][PASSED] - Object: 'Object Repository/ADMIN/Categories/Category/button_Save' is clicked on

2019-05-27 09:45:03 - [TEST_STEP][PASSED] - waitForElementVisible: Object 'Object Repository/ADMIN/Categories/Category/label_edit popup' is visible

2019-05-27 09:45:03 - [MESSAGE][WARNING] - Timeout '0' is invalid. Using default page load timeout: '30'

2019-05-27 09:45:03 - [MESSAGE][PASSED] - Object 'Object Repository/ADMIN/Categories/Category/label_edit popup' is visible

2019-05-27 09:45:03 - [TEST_STEP][PASSED] - waitForElementNotPresent: Web element with id: 'Object Repository/ADMIN/Categories/Category/label_edit popup' located by 'By.xpath: //div[(text() = 'Category was successfully saved.' or . = 'Category was successfully saved.')]' is not present after '30' second(s)

2019-05-27 09:45:03 - [MESSAGE][WARNING] - Timeout '0' is invalid. Using default page load timeout: '30'

2019-05-27 09:45:10 - [MESSAGE][PASSED] - Web element with id: 'Object Repository/ADMIN/Categories/Category/label_edit popup' located by 'By.xpath: //div[(text() = 'Category was successfully saved.' or . = 'Category was successfully saved.')]' is not present after '30' second(s)]]></system-out>
         <system-err><![CDATA[2019-05-27 09:44:19 - [TEST_CASE][FAILED] - Test Cases/ADMIN/Content Mgmt/Categories/Category Add-Edit/Add Category: Test Cases/ADMIN/Content Mgmt/Categories/Category Add-Edit/Add Category FAILED because (of) Unable to click on object 'Object Repository/ADMIN/Categories/Category List/button_Categories' (Root cause: org.openqa.selenium.ElementNotVisibleException: element not visible
  (Session info: chrome=74.0.3729.169)
  (Driver info: chromedriver=2.35.528161 (5b82f2d2aae0ca24b877009200ced9065a772e73),platform=Windows NT 6.1.7601 SP1 x86_64) (WARNING: The server did not provide any stacktrace information)
Command duration or timeout: 0 milliseconds
Build info: version: '3.7.1', revision: '8a0099a', time: '2017-11-06T21:07:36.161Z'
System info: host: 'ARCADIER-PC', ip: '10.10.31.95', os.name: 'Windows 7', os.arch: 'amd64', os.version: '6.1', java.version: '1.8.0_102'
Driver info: com.kms.katalon.core.webui.driver.ExistingRemoteWebDriver
Capabilities {javascriptEnabled: true, platform: ANY, platformName: ANY}
Session ID: f912d58d04e0ea049492dcdbe1240f08)]]></system-err>
      </testcase>
      <testcase name="Test Cases/ADMIN/Content Mgmt/Categories/Category Add-Edit/Add Category" classname="Test Cases/ADMIN/Content Mgmt/Categories/Category Add-Edit/Add Category" status="FAILED">
         <failure type="FAILED" message="Unable to click on object 'Object Repository/ADMIN/Categories/Category List/button_Categories' (Root cause: org.openqa.selenium.ElementNotVisibleException: element not visible
  (Session info: chrome=74.0.3729.169)
  (Driver info: chromedriver=2.35.528161 (5b82f2d2aae0ca24b877009200ced9065a772e73),platform=Windows NT 6.1.7601 SP1 x86_64) (WARNING: The server did not provide any stacktrace information)
Command duration or timeout: 0 milliseconds
Build info: version: '3.7.1', revision: '8a0099a', time: '2017-11-06T21:07:36.161Z'
System info: host: 'ARCADIER-PC', ip: '10.10.31.95', os.name: 'Windows 7', os.arch: 'amd64', os.version: '6.1', java.version: '1.8.0_102'
Driver info: com.kms.katalon.core.webui.driver.ExistingRemoteWebDriver
Capabilities {javascriptEnabled: true, platform: ANY, platformName: ANY}
Session ID: f912d58d04e0ea049492dcdbe1240f08)"/>
         <system-out><![CDATA[2019-05-27 09:45:10 - [TEST_CASE][FAILED] - Test Cases/ADMIN/Content Mgmt/Categories/Category Add-Edit/Add Category: Test Cases/ADMIN/Content Mgmt/Categories/Category Add-Edit/Add Category FAILED because (of) Unable to click on object 'Object Repository/ADMIN/Categories/Category List/button_Categories' (Root cause: org.openqa.selenium.ElementNotVisibleException: element not visible
  (Session info: chrome=74.0.3729.169)
  (Driver info: chromedriver=2.35.528161 (5b82f2d2aae0ca24b877009200ced9065a772e73),platform=Windows NT 6.1.7601 SP1 x86_64) (WARNING: The server did not provide any stacktrace information)
Command duration or timeout: 0 milliseconds
Build info: version: '3.7.1', revision: '8a0099a', time: '2017-11-06T21:07:36.161Z'
System info: host: 'ARCADIER-PC', ip: '10.10.31.95', os.name: 'Windows 7', os.arch: 'amd64', os.version: '6.1', java.version: '1.8.0_102'
Driver info: com.kms.katalon.core.webui.driver.ExistingRemoteWebDriver
Capabilities {javascriptEnabled: true, platform: ANY, platformName: ANY}
Session ID: f912d58d04e0ea049492dcdbe1240f08)

2019-05-27 09:45:10 - [TEST_STEP][PASSED] - waitForElementVisible: Object 'Object Repository/ADMIN/Categories/Category List/button_Content Mgmt' is visible

2019-05-27 09:45:10 - [MESSAGE][WARNING] - Timeout '0' is invalid. Using default page load timeout: '30'

2019-05-27 09:45:10 - [MESSAGE][PASSED] - Object 'Object Repository/ADMIN/Categories/Category List/button_Content Mgmt' is visible

2019-05-27 09:45:10 - [TEST_STEP][PASSED] - click: Object: 'Object Repository/ADMIN/Categories/Category List/button_Content Mgmt' is clicked on

2019-05-27 09:45:10 - [MESSAGE][PASSED] - Object: 'Object Repository/ADMIN/Categories/Category List/button_Content Mgmt' is clicked on

2019-05-27 09:45:10 - [TEST_STEP][PASSED] - waitForElementVisible: Object 'Object Repository/ADMIN/Categories/Category List/button_Categories' is visible

2019-05-27 09:45:10 - [MESSAGE][WARNING] - Timeout '0' is invalid. Using default page load timeout: '30'

2019-05-27 09:45:10 - [MESSAGE][PASSED] - Object 'Object Repository/ADMIN/Categories/Category List/button_Categories' is visible

2019-05-27 09:45:10 - [TEST_STEP][FAILED] - click: Unable to click on object 'Object Repository/ADMIN/Categories/Category List/button_Categories' (Root cause: org.openqa.selenium.ElementNotVisibleException: element not visible
  (Session info: chrome=74.0.3729.169)
  (Driver info: chromedriver=2.35.528161 (5b82f2d2aae0ca24b877009200ced9065a772e73),platform=Windows NT 6.1.7601 SP1 x86_64) (WARNING: The server did not provide any stacktrace information)
Command duration or timeout: 0 milliseconds
Build info: version: '3.7.1', revision: '8a0099a', time: '2017-11-06T21:07:36.161Z'
System info: host: 'ARCADIER-PC', ip: '10.10.31.95', os.name: 'Windows 7', os.arch: 'amd64', os.version: '6.1', java.version: '1.8.0_102'
Driver info: com.kms.katalon.core.webui.driver.ExistingRemoteWebDriver
Capabilities {javascriptEnabled: true, platform: ANY, platformName: ANY}
Session ID: f912d58d04e0ea049492dcdbe1240f08)

2019-05-27 09:45:11 - [MESSAGE][FAILED] - Unable to click on object 'Object Repository/ADMIN/Categories/Category List/button_Categories' (Root cause: org.openqa.selenium.ElementNotVisibleException: element not visible
  (Session info: chrome=74.0.3729.169)
  (Driver info: chromedriver=2.35.528161 (5b82f2d2aae0ca24b877009200ced9065a772e73),platform=Windows NT 6.1.7601 SP1 x86_64) (WARNING: The server did not provide any stacktrace information)
Command duration or timeout: 0 milliseconds
Build info: version: '3.7.1', revision: '8a0099a', time: '2017-11-06T21:07:36.161Z'
System info: host: 'ARCADIER-PC', ip: '10.10.31.95', os.name: 'Windows 7', os.arch: 'amd64', os.version: '6.1', java.version: '1.8.0_102'
Driver info: com.kms.katalon.core.webui.driver.ExistingRemoteWebDriver
Capabilities {javascriptEnabled: true, platform: ANY, platformName: ANY}
Session ID: f912d58d04e0ea049492dcdbe1240f08)
[[ATTACHMENT|C:\\Users\\Arcadier\\git\\Arctick\\Reports\\Suites\\Admin Category\\20190527_092604\\1558921510692.png]]

2019-05-27 09:45:11 - [TEST_STEP][PASSED] - waitForPageLoad: Wait for page load successfully

2019-05-27 09:45:11 - [MESSAGE][WARNING] - Timeout '0' is invalid. Using default page load timeout: '30'

2019-05-27 09:45:11 - [MESSAGE][PASSED] - Wait for page load successfully

2019-05-27 09:45:11 - [TEST_STEP][PASSED] - click: Object: 'Object Repository/ADMIN/Categories/Category List/button_Add a Category' is clicked on

2019-05-27 09:45:11 - [MESSAGE][PASSED] - Object: 'Object Repository/ADMIN/Categories/Category List/button_Add a Category' is clicked on

2019-05-27 09:45:11 - [TEST_STEP][PASSED] - waitForElementPresent: Object 'Object Repository/ADMIN/Categories/Category/dropdown_Parent' is present

2019-05-27 09:45:11 - [MESSAGE][PASSED] - Object 'Object Repository/ADMIN/Categories/Category/dropdown_Parent' is present

2019-05-27 09:45:11 - [TEST_STEP][PASSED] - delay: Delayed 1 second(s)

2019-05-27 09:45:12 - [MESSAGE][PASSED] - Delayed 1 second(s)

2019-05-27 09:45:12 - [TEST_STEP][PASSED] - setText: Text 'Category 4.7' is set on object 'Object Repository/ADMIN/Categories/Category/textfield_Category Name'

2019-05-27 09:45:13 - [MESSAGE][PASSED] - Text 'Category 4.7' is set on object 'Object Repository/ADMIN/Categories/Category/textfield_Category Name'

2019-05-27 09:45:13 - [TEST_STEP][PASSED] - click: Object: 'Object Repository/ADMIN/Categories/Category/dropdown_Parent' is clicked on

2019-05-27 09:45:13 - [MESSAGE][PASSED] - Object: 'Object Repository/ADMIN/Categories/Category/dropdown_Parent' is clicked on

2019-05-27 09:45:13 - [TEST_STEP][PASSED] - delay: Delayed 2 second(s)

2019-05-27 09:45:15 - [MESSAGE][PASSED] - Delayed 2 second(s)

2019-05-27 09:45:15 - [TEST_STEP][PASSED] - click: Object: 'Object Repository/ADMIN/Categories/Category/dropdown_Parent' is clicked on

2019-05-27 09:45:15 - [MESSAGE][PASSED] - Object: 'Object Repository/ADMIN/Categories/Category/dropdown_Parent' is clicked on

2019-05-27 09:45:15 - [TEST_STEP][PASSED] - selectOptionByLabel: All options with label 'Category 4' are selected in object 'Object Repository/ADMIN/Categories/Category/dropdown_Parent' 

2019-05-27 09:45:15 - [MESSAGE][PASSED] - All options with label 'Category 4' are selected in object 'Object Repository/ADMIN/Categories/Category/dropdown_Parent' 

2019-05-27 09:45:15 - [TEST_STEP][PASSED] - click: Object: 'Object Repository/ADMIN/Categories/Category/button_Browse' is clicked on

2019-05-27 09:45:16 - [MESSAGE][PASSED] - Object: 'Object Repository/ADMIN/Categories/Category/button_Browse' is clicked on

2019-05-27 09:45:16 - [TEST_STEP][PASSED] - delay: Delayed 2 second(s)

2019-05-27 09:45:18 - [MESSAGE][PASSED] - Delayed 2 second(s)

2019-05-27 09:45:18 - [TEST_STEP][PASSED] - uploadFile: File 'C:\\Katalon\\Image\\pic10.jpg' sent to object: 'Object Repository/ADMIN/Categories/Category/image_input image'

2019-05-27 09:45:18 - [MESSAGE][PASSED] - File 'C:\\Katalon\\Image\\pic10.jpg' sent to object: 'Object Repository/ADMIN/Categories/Category/image_input image'

2019-05-27 09:45:18 - [TEST_STEP][PASSED] - waitForElementVisible: Object 'Object Repository/ADMIN/Categories/Category/button_upload check' is visible

2019-05-27 09:45:18 - [MESSAGE][WARNING] - Timeout '0' is invalid. Using default page load timeout: '30'

2019-05-27 09:45:18 - [MESSAGE][PASSED] - Object 'Object Repository/ADMIN/Categories/Category/button_upload check' is visible

2019-05-27 09:45:18 - [TEST_STEP][PASSED] - click: Object: 'Object Repository/ADMIN/Categories/Category/button_upload check' is clicked on

2019-05-27 09:45:18 - [MESSAGE][PASSED] - Object: 'Object Repository/ADMIN/Categories/Category/button_upload check' is clicked on

2019-05-27 09:45:18 - [TEST_STEP][PASSED] - click: Object: 'Object Repository/ADMIN/Categories/Category/button_upload save' is clicked on

2019-05-27 09:45:19 - [MESSAGE][PASSED] - Object: 'Object Repository/ADMIN/Categories/Category/button_upload save' is clicked on

2019-05-27 09:45:19 - [TEST_STEP][FAILED] - waitForElementVisible: Unable to wait for object 'Object Repository/ADMIN/Categories/Category/button_upload save' to be visible (Root cause: org.openqa.selenium.StaleElementReferenceException: stale element reference: element is not attached to the page document
  (Session info: chrome=74.0.3729.169)
  (Driver info: chromedriver=2.35.528161 (5b82f2d2aae0ca24b877009200ced9065a772e73),platform=Windows NT 6.1.7601 SP1 x86_64) (WARNING: The server did not provide any stacktrace information)
Command duration or timeout: 0 milliseconds
For documentation on this error, please visit: http://seleniumhq.org/exceptions/stale_element_reference.html
Build info: version: '3.7.1', revision: '8a0099a', time: '2017-11-06T21:07:36.161Z'
System info: host: 'ARCADIER-PC', ip: '10.10.31.95', os.name: 'Windows 7', os.arch: 'amd64', os.version: '6.1', java.version: '1.8.0_102'
Driver info: com.kms.katalon.core.webui.driver.ExistingRemoteWebDriver
Capabilities {javascriptEnabled: true, platform: ANY, platformName: ANY}
Session ID: f912d58d04e0ea049492dcdbe1240f08)

2019-05-27 09:45:19 - [MESSAGE][WARNING] - Timeout '0' is invalid. Using default page load timeout: '30'

2019-05-27 09:45:20 - [MESSAGE][FAILED] - Unable to wait for object 'Object Repository/ADMIN/Categories/Category/button_upload save' to be visible (Root cause: org.openqa.selenium.StaleElementReferenceException: stale element reference: element is not attached to the page document
  (Session info: chrome=74.0.3729.169)
  (Driver info: chromedriver=2.35.528161 (5b82f2d2aae0ca24b877009200ced9065a772e73),platform=Windows NT 6.1.7601 SP1 x86_64) (WARNING: The server did not provide any stacktrace information)
Command duration or timeout: 0 milliseconds
For documentation on this error, please visit: http://seleniumhq.org/exceptions/stale_element_reference.html
Build info: version: '3.7.1', revision: '8a0099a', time: '2017-11-06T21:07:36.161Z'
System info: host: 'ARCADIER-PC', ip: '10.10.31.95', os.name: 'Windows 7', os.arch: 'amd64', os.version: '6.1', java.version: '1.8.0_102'
Driver info: com.kms.katalon.core.webui.driver.ExistingRemoteWebDriver
Capabilities {javascriptEnabled: true, platform: ANY, platformName: ANY}
Session ID: f912d58d04e0ea049492dcdbe1240f08)
[[ATTACHMENT|C:\\Users\\Arcadier\\git\\Arctick\\Reports\\Suites\\Admin Category\\20190527_092604\\1558921519662.png]]

2019-05-27 09:45:20 - [TEST_STEP][PASSED] - setText: Text 'Description59' is set on object 'Object Repository/ADMIN/Categories/Category/textfield_category_description'

2019-05-27 09:45:20 - [MESSAGE][PASSED] - Text 'Description59' is set on object 'Object Repository/ADMIN/Categories/Category/textfield_category_description'

2019-05-27 09:45:20 - [TEST_STEP][PASSED] - click: Object: 'Object Repository/ADMIN/Categories/Category/button_Save' is clicked on

2019-05-27 09:45:20 - [MESSAGE][PASSED] - Object: 'Object Repository/ADMIN/Categories/Category/button_Save' is clicked on

2019-05-27 09:45:20 - [TEST_STEP][PASSED] - waitForElementVisible: Object 'Object Repository/ADMIN/Categories/Category/label_edit popup' is visible

2019-05-27 09:45:20 - [MESSAGE][WARNING] - Timeout '0' is invalid. Using default page load timeout: '30'

2019-05-27 09:45:21 - [MESSAGE][PASSED] - Object 'Object Repository/ADMIN/Categories/Category/label_edit popup' is visible

2019-05-27 09:45:21 - [TEST_STEP][PASSED] - waitForElementNotPresent: Web element with id: 'Object Repository/ADMIN/Categories/Category/label_edit popup' located by 'By.xpath: //div[(text() = 'Category was successfully saved.' or . = 'Category was successfully saved.')]' is not present after '30' second(s)

2019-05-27 09:45:21 - [MESSAGE][WARNING] - Timeout '0' is invalid. Using default page load timeout: '30'

2019-05-27 09:45:27 - [MESSAGE][PASSED] - Web element with id: 'Object Repository/ADMIN/Categories/Category/label_edit popup' located by 'By.xpath: //div[(text() = 'Category was successfully saved.' or . = 'Category was successfully saved.')]' is not present after '30' second(s)]]></system-out>
         <system-err><![CDATA[2019-05-27 09:45:10 - [TEST_CASE][FAILED] - Test Cases/ADMIN/Content Mgmt/Categories/Category Add-Edit/Add Category: Test Cases/ADMIN/Content Mgmt/Categories/Category Add-Edit/Add Category FAILED because (of) Unable to click on object 'Object Repository/ADMIN/Categories/Category List/button_Categories' (Root cause: org.openqa.selenium.ElementNotVisibleException: element not visible
  (Session info: chrome=74.0.3729.169)
  (Driver info: chromedriver=2.35.528161 (5b82f2d2aae0ca24b877009200ced9065a772e73),platform=Windows NT 6.1.7601 SP1 x86_64) (WARNING: The server did not provide any stacktrace information)
Command duration or timeout: 0 milliseconds
Build info: version: '3.7.1', revision: '8a0099a', time: '2017-11-06T21:07:36.161Z'
System info: host: 'ARCADIER-PC', ip: '10.10.31.95', os.name: 'Windows 7', os.arch: 'amd64', os.version: '6.1', java.version: '1.8.0_102'
Driver info: com.kms.katalon.core.webui.driver.ExistingRemoteWebDriver
Capabilities {javascriptEnabled: true, platform: ANY, platformName: ANY}
Session ID: f912d58d04e0ea049492dcdbe1240f08)]]></system-err>
      </testcase>
      <testcase name="Test Cases/ADMIN/Content Mgmt/Categories/Category Add-Edit/Add Category" classname="Test Cases/ADMIN/Content Mgmt/Categories/Category Add-Edit/Add Category" status="FAILED">
         <failure type="FAILED" message="Unable to click on object 'Object Repository/ADMIN/Categories/Category List/button_Categories' (Root cause: org.openqa.selenium.ElementNotVisibleException: element not visible
  (Session info: chrome=74.0.3729.169)
  (Driver info: chromedriver=2.35.528161 (5b82f2d2aae0ca24b877009200ced9065a772e73),platform=Windows NT 6.1.7601 SP1 x86_64) (WARNING: The server did not provide any stacktrace information)
Command duration or timeout: 0 milliseconds
Build info: version: '3.7.1', revision: '8a0099a', time: '2017-11-06T21:07:36.161Z'
System info: host: 'ARCADIER-PC', ip: '10.10.31.95', os.name: 'Windows 7', os.arch: 'amd64', os.version: '6.1', java.version: '1.8.0_102'
Driver info: com.kms.katalon.core.webui.driver.ExistingRemoteWebDriver
Capabilities {javascriptEnabled: true, platform: ANY, platformName: ANY}
Session ID: f912d58d04e0ea049492dcdbe1240f08)"/>
         <system-out><![CDATA[2019-05-27 09:45:27 - [TEST_CASE][FAILED] - Test Cases/ADMIN/Content Mgmt/Categories/Category Add-Edit/Add Category: Test Cases/ADMIN/Content Mgmt/Categories/Category Add-Edit/Add Category FAILED because (of) Unable to click on object 'Object Repository/ADMIN/Categories/Category List/button_Categories' (Root cause: org.openqa.selenium.ElementNotVisibleException: element not visible
  (Session info: chrome=74.0.3729.169)
  (Driver info: chromedriver=2.35.528161 (5b82f2d2aae0ca24b877009200ced9065a772e73),platform=Windows NT 6.1.7601 SP1 x86_64) (WARNING: The server did not provide any stacktrace information)
Command duration or timeout: 0 milliseconds
Build info: version: '3.7.1', revision: '8a0099a', time: '2017-11-06T21:07:36.161Z'
System info: host: 'ARCADIER-PC', ip: '10.10.31.95', os.name: 'Windows 7', os.arch: 'amd64', os.version: '6.1', java.version: '1.8.0_102'
Driver info: com.kms.katalon.core.webui.driver.ExistingRemoteWebDriver
Capabilities {javascriptEnabled: true, platform: ANY, platformName: ANY}
Session ID: f912d58d04e0ea049492dcdbe1240f08)

2019-05-27 09:45:27 - [TEST_STEP][PASSED] - waitForElementVisible: Object 'Object Repository/ADMIN/Categories/Category List/button_Content Mgmt' is visible

2019-05-27 09:45:27 - [MESSAGE][WARNING] - Timeout '0' is invalid. Using default page load timeout: '30'

2019-05-27 09:45:27 - [MESSAGE][PASSED] - Object 'Object Repository/ADMIN/Categories/Category List/button_Content Mgmt' is visible

2019-05-27 09:45:27 - [TEST_STEP][PASSED] - click: Object: 'Object Repository/ADMIN/Categories/Category List/button_Content Mgmt' is clicked on

2019-05-27 09:45:28 - [MESSAGE][PASSED] - Object: 'Object Repository/ADMIN/Categories/Category List/button_Content Mgmt' is clicked on

2019-05-27 09:45:28 - [TEST_STEP][PASSED] - waitForElementVisible: Object 'Object Repository/ADMIN/Categories/Category List/button_Categories' is visible

2019-05-27 09:45:28 - [MESSAGE][WARNING] - Timeout '0' is invalid. Using default page load timeout: '30'

2019-05-27 09:45:28 - [MESSAGE][PASSED] - Object 'Object Repository/ADMIN/Categories/Category List/button_Categories' is visible

2019-05-27 09:45:28 - [TEST_STEP][FAILED] - click: Unable to click on object 'Object Repository/ADMIN/Categories/Category List/button_Categories' (Root cause: org.openqa.selenium.ElementNotVisibleException: element not visible
  (Session info: chrome=74.0.3729.169)
  (Driver info: chromedriver=2.35.528161 (5b82f2d2aae0ca24b877009200ced9065a772e73),platform=Windows NT 6.1.7601 SP1 x86_64) (WARNING: The server did not provide any stacktrace information)
Command duration or timeout: 0 milliseconds
Build info: version: '3.7.1', revision: '8a0099a', time: '2017-11-06T21:07:36.161Z'
System info: host: 'ARCADIER-PC', ip: '10.10.31.95', os.name: 'Windows 7', os.arch: 'amd64', os.version: '6.1', java.version: '1.8.0_102'
Driver info: com.kms.katalon.core.webui.driver.ExistingRemoteWebDriver
Capabilities {javascriptEnabled: true, platform: ANY, platformName: ANY}
Session ID: f912d58d04e0ea049492dcdbe1240f08)

2019-05-27 09:45:28 - [MESSAGE][FAILED] - Unable to click on object 'Object Repository/ADMIN/Categories/Category List/button_Categories' (Root cause: org.openqa.selenium.ElementNotVisibleException: element not visible
  (Session info: chrome=74.0.3729.169)
  (Driver info: chromedriver=2.35.528161 (5b82f2d2aae0ca24b877009200ced9065a772e73),platform=Windows NT 6.1.7601 SP1 x86_64) (WARNING: The server did not provide any stacktrace information)
Command duration or timeout: 0 milliseconds
Build info: version: '3.7.1', revision: '8a0099a', time: '2017-11-06T21:07:36.161Z'
System info: host: 'ARCADIER-PC', ip: '10.10.31.95', os.name: 'Windows 7', os.arch: 'amd64', os.version: '6.1', java.version: '1.8.0_102'
Driver info: com.kms.katalon.core.webui.driver.ExistingRemoteWebDriver
Capabilities {javascriptEnabled: true, platform: ANY, platformName: ANY}
Session ID: f912d58d04e0ea049492dcdbe1240f08)
[[ATTACHMENT|C:\\Users\\Arcadier\\git\\Arctick\\Reports\\Suites\\Admin Category\\20190527_092604\\1558921528306.png]]

2019-05-27 09:45:28 - [TEST_STEP][PASSED] - waitForPageLoad: Wait for page load successfully

2019-05-27 09:45:28 - [MESSAGE][WARNING] - Timeout '0' is invalid. Using default page load timeout: '30'

2019-05-27 09:45:28 - [MESSAGE][PASSED] - Wait for page load successfully

2019-05-27 09:45:28 - [TEST_STEP][PASSED] - click: Object: 'Object Repository/ADMIN/Categories/Category List/button_Add a Category' is clicked on

2019-05-27 09:45:29 - [MESSAGE][PASSED] - Object: 'Object Repository/ADMIN/Categories/Category List/button_Add a Category' is clicked on

2019-05-27 09:45:29 - [TEST_STEP][PASSED] - waitForElementPresent: Object 'Object Repository/ADMIN/Categories/Category/dropdown_Parent' is present

2019-05-27 09:45:29 - [MESSAGE][PASSED] - Object 'Object Repository/ADMIN/Categories/Category/dropdown_Parent' is present

2019-05-27 09:45:29 - [TEST_STEP][PASSED] - delay: Delayed 1 second(s)

2019-05-27 09:45:30 - [MESSAGE][PASSED] - Delayed 1 second(s)

2019-05-27 09:45:30 - [TEST_STEP][PASSED] - setText: Text 'Category 4.8' is set on object 'Object Repository/ADMIN/Categories/Category/textfield_Category Name'

2019-05-27 09:45:30 - [MESSAGE][PASSED] - Text 'Category 4.8' is set on object 'Object Repository/ADMIN/Categories/Category/textfield_Category Name'

2019-05-27 09:45:30 - [TEST_STEP][PASSED] - click: Object: 'Object Repository/ADMIN/Categories/Category/dropdown_Parent' is clicked on

2019-05-27 09:45:31 - [MESSAGE][PASSED] - Object: 'Object Repository/ADMIN/Categories/Category/dropdown_Parent' is clicked on

2019-05-27 09:45:31 - [TEST_STEP][PASSED] - delay: Delayed 2 second(s)

2019-05-27 09:45:33 - [MESSAGE][PASSED] - Delayed 2 second(s)

2019-05-27 09:45:33 - [TEST_STEP][PASSED] - click: Object: 'Object Repository/ADMIN/Categories/Category/dropdown_Parent' is clicked on

2019-05-27 09:45:33 - [MESSAGE][PASSED] - Object: 'Object Repository/ADMIN/Categories/Category/dropdown_Parent' is clicked on

2019-05-27 09:45:33 - [TEST_STEP][PASSED] - selectOptionByLabel: All options with label 'Category 4' are selected in object 'Object Repository/ADMIN/Categories/Category/dropdown_Parent' 

2019-05-27 09:45:33 - [MESSAGE][PASSED] - All options with label 'Category 4' are selected in object 'Object Repository/ADMIN/Categories/Category/dropdown_Parent' 

2019-05-27 09:45:33 - [TEST_STEP][PASSED] - click: Object: 'Object Repository/ADMIN/Categories/Category/button_Browse' is clicked on

2019-05-27 09:45:33 - [MESSAGE][PASSED] - Object: 'Object Repository/ADMIN/Categories/Category/button_Browse' is clicked on

2019-05-27 09:45:33 - [TEST_STEP][PASSED] - delay: Delayed 2 second(s)

2019-05-27 09:45:35 - [MESSAGE][PASSED] - Delayed 2 second(s)

2019-05-27 09:45:35 - [TEST_STEP][PASSED] - uploadFile: File 'C:\\Katalon\\Image\\pic11.jpg' sent to object: 'Object Repository/ADMIN/Categories/Category/image_input image'

2019-05-27 09:45:35 - [MESSAGE][PASSED] - File 'C:\\Katalon\\Image\\pic11.jpg' sent to object: 'Object Repository/ADMIN/Categories/Category/image_input image'

2019-05-27 09:45:35 - [TEST_STEP][PASSED] - waitForElementVisible: Object 'Object Repository/ADMIN/Categories/Category/button_upload check' is visible

2019-05-27 09:45:35 - [MESSAGE][WARNING] - Timeout '0' is invalid. Using default page load timeout: '30'

2019-05-27 09:45:35 - [MESSAGE][PASSED] - Object 'Object Repository/ADMIN/Categories/Category/button_upload check' is visible

2019-05-27 09:45:35 - [TEST_STEP][PASSED] - click: Object: 'Object Repository/ADMIN/Categories/Category/button_upload check' is clicked on

2019-05-27 09:45:35 - [MESSAGE][PASSED] - Object: 'Object Repository/ADMIN/Categories/Category/button_upload check' is clicked on

2019-05-27 09:45:35 - [TEST_STEP][PASSED] - click: Object: 'Object Repository/ADMIN/Categories/Category/button_upload save' is clicked on

2019-05-27 09:45:36 - [MESSAGE][PASSED] - Object: 'Object Repository/ADMIN/Categories/Category/button_upload save' is clicked on

2019-05-27 09:45:36 - [TEST_STEP][FAILED] - waitForElementVisible: Unable to wait for object 'Object Repository/ADMIN/Categories/Category/button_upload save' to be visible (Root cause: org.openqa.selenium.StaleElementReferenceException: stale element reference: element is not attached to the page document
  (Session info: chrome=74.0.3729.169)
  (Driver info: chromedriver=2.35.528161 (5b82f2d2aae0ca24b877009200ced9065a772e73),platform=Windows NT 6.1.7601 SP1 x86_64) (WARNING: The server did not provide any stacktrace information)
Command duration or timeout: 0 milliseconds
For documentation on this error, please visit: http://seleniumhq.org/exceptions/stale_element_reference.html
Build info: version: '3.7.1', revision: '8a0099a', time: '2017-11-06T21:07:36.161Z'
System info: host: 'ARCADIER-PC', ip: '10.10.31.95', os.name: 'Windows 7', os.arch: 'amd64', os.version: '6.1', java.version: '1.8.0_102'
Driver info: com.kms.katalon.core.webui.driver.ExistingRemoteWebDriver
Capabilities {javascriptEnabled: true, platform: ANY, platformName: ANY}
Session ID: f912d58d04e0ea049492dcdbe1240f08)

2019-05-27 09:45:36 - [MESSAGE][WARNING] - Timeout '0' is invalid. Using default page load timeout: '30'

2019-05-27 09:45:37 - [MESSAGE][FAILED] - Unable to wait for object 'Object Repository/ADMIN/Categories/Category/button_upload save' to be visible (Root cause: org.openqa.selenium.StaleElementReferenceException: stale element reference: element is not attached to the page document
  (Session info: chrome=74.0.3729.169)
  (Driver info: chromedriver=2.35.528161 (5b82f2d2aae0ca24b877009200ced9065a772e73),platform=Windows NT 6.1.7601 SP1 x86_64) (WARNING: The server did not provide any stacktrace information)
Command duration or timeout: 0 milliseconds
For documentation on this error, please visit: http://seleniumhq.org/exceptions/stale_element_reference.html
Build info: version: '3.7.1', revision: '8a0099a', time: '2017-11-06T21:07:36.161Z'
System info: host: 'ARCADIER-PC', ip: '10.10.31.95', os.name: 'Windows 7', os.arch: 'amd64', os.version: '6.1', java.version: '1.8.0_102'
Driver info: com.kms.katalon.core.webui.driver.ExistingRemoteWebDriver
Capabilities {javascriptEnabled: true, platform: ANY, platformName: ANY}
Session ID: f912d58d04e0ea049492dcdbe1240f08)
[[ATTACHMENT|C:\\Users\\Arcadier\\git\\Arctick\\Reports\\Suites\\Admin Category\\20190527_092604\\1558921536920.png]]

2019-05-27 09:45:37 - [TEST_STEP][PASSED] - setText: Text 'Description60' is set on object 'Object Repository/ADMIN/Categories/Category/textfield_category_description'

2019-05-27 09:45:38 - [MESSAGE][PASSED] - Text 'Description60' is set on object 'Object Repository/ADMIN/Categories/Category/textfield_category_description'

2019-05-27 09:45:38 - [TEST_STEP][PASSED] - click: Object: 'Object Repository/ADMIN/Categories/Category/button_Save' is clicked on

2019-05-27 09:45:38 - [MESSAGE][PASSED] - Object: 'Object Repository/ADMIN/Categories/Category/button_Save' is clicked on

2019-05-27 09:45:38 - [TEST_STEP][PASSED] - waitForElementVisible: Object 'Object Repository/ADMIN/Categories/Category/label_edit popup' is visible

2019-05-27 09:45:38 - [MESSAGE][WARNING] - Timeout '0' is invalid. Using default page load timeout: '30'

2019-05-27 09:45:39 - [MESSAGE][PASSED] - Object 'Object Repository/ADMIN/Categories/Category/label_edit popup' is visible

2019-05-27 09:45:39 - [TEST_STEP][PASSED] - waitForElementNotPresent: Web element with id: 'Object Repository/ADMIN/Categories/Category/label_edit popup' located by 'By.xpath: //div[(text() = 'Category was successfully saved.' or . = 'Category was successfully saved.')]' is not present after '30' second(s)

2019-05-27 09:45:39 - [MESSAGE][WARNING] - Timeout '0' is invalid. Using default page load timeout: '30'

2019-05-27 09:45:45 - [MESSAGE][PASSED] - Web element with id: 'Object Repository/ADMIN/Categories/Category/label_edit popup' located by 'By.xpath: //div[(text() = 'Category was successfully saved.' or . = 'Category was successfully saved.')]' is not present after '30' second(s)]]></system-out>
         <system-err><![CDATA[2019-05-27 09:45:27 - [TEST_CASE][FAILED] - Test Cases/ADMIN/Content Mgmt/Categories/Category Add-Edit/Add Category: Test Cases/ADMIN/Content Mgmt/Categories/Category Add-Edit/Add Category FAILED because (of) Unable to click on object 'Object Repository/ADMIN/Categories/Category List/button_Categories' (Root cause: org.openqa.selenium.ElementNotVisibleException: element not visible
  (Session info: chrome=74.0.3729.169)
  (Driver info: chromedriver=2.35.528161 (5b82f2d2aae0ca24b877009200ced9065a772e73),platform=Windows NT 6.1.7601 SP1 x86_64) (WARNING: The server did not provide any stacktrace information)
Command duration or timeout: 0 milliseconds
Build info: version: '3.7.1', revision: '8a0099a', time: '2017-11-06T21:07:36.161Z'
System info: host: 'ARCADIER-PC', ip: '10.10.31.95', os.name: 'Windows 7', os.arch: 'amd64', os.version: '6.1', java.version: '1.8.0_102'
Driver info: com.kms.katalon.core.webui.driver.ExistingRemoteWebDriver
Capabilities {javascriptEnabled: true, platform: ANY, platformName: ANY}
Session ID: f912d58d04e0ea049492dcdbe1240f08)]]></system-err>
      </testcase>
      <testcase name="Test Cases/ADMIN/Content Mgmt/Categories/Category Add-Edit/Add Category" classname="Test Cases/ADMIN/Content Mgmt/Categories/Category Add-Edit/Add Category" status="FAILED">
         <failure type="FAILED" message="Unable to click on object 'Object Repository/ADMIN/Categories/Category List/button_Categories' (Root cause: org.openqa.selenium.WebDriverException: unknown error: Element &lt;a href=&quot;/admin/categorymanager/index&quot;>...&lt;/a> is not clickable at point (129, 348). Other element would receive the click: &lt;a href=&quot;#&quot;>...&lt;/a>
  (Session info: chrome=74.0.3729.169)
  (Driver info: chromedriver=2.35.528161 (5b82f2d2aae0ca24b877009200ced9065a772e73),platform=Windows NT 6.1.7601 SP1 x86_64) (WARNING: The server did not provide any stacktrace information)
Command duration or timeout: 0 milliseconds
Build info: version: '3.7.1', revision: '8a0099a', time: '2017-11-06T21:07:36.161Z'
System info: host: 'ARCADIER-PC', ip: '10.10.31.95', os.name: 'Windows 7', os.arch: 'amd64', os.version: '6.1', java.version: '1.8.0_102'
Driver info: com.kms.katalon.core.webui.driver.ExistingRemoteWebDriver
Capabilities {javascriptEnabled: true, platform: ANY, platformName: ANY}
Session ID: f912d58d04e0ea049492dcdbe1240f08)"/>
         <system-out><![CDATA[2019-05-27 09:45:45 - [TEST_CASE][FAILED] - Test Cases/ADMIN/Content Mgmt/Categories/Category Add-Edit/Add Category: Test Cases/ADMIN/Content Mgmt/Categories/Category Add-Edit/Add Category FAILED because (of) Unable to click on object 'Object Repository/ADMIN/Categories/Category List/button_Categories' (Root cause: org.openqa.selenium.WebDriverException: unknown error: Element <a href="/admin/categorymanager/index">...</a> is not clickable at point (129, 348). Other element would receive the click: <a href="#">...</a>
  (Session info: chrome=74.0.3729.169)
  (Driver info: chromedriver=2.35.528161 (5b82f2d2aae0ca24b877009200ced9065a772e73),platform=Windows NT 6.1.7601 SP1 x86_64) (WARNING: The server did not provide any stacktrace information)
Command duration or timeout: 0 milliseconds
Build info: version: '3.7.1', revision: '8a0099a', time: '2017-11-06T21:07:36.161Z'
System info: host: 'ARCADIER-PC', ip: '10.10.31.95', os.name: 'Windows 7', os.arch: 'amd64', os.version: '6.1', java.version: '1.8.0_102'
Driver info: com.kms.katalon.core.webui.driver.ExistingRemoteWebDriver
Capabilities {javascriptEnabled: true, platform: ANY, platformName: ANY}
Session ID: f912d58d04e0ea049492dcdbe1240f08)

2019-05-27 09:45:45 - [TEST_STEP][PASSED] - waitForElementVisible: Object 'Object Repository/ADMIN/Categories/Category List/button_Content Mgmt' is visible

2019-05-27 09:45:45 - [MESSAGE][WARNING] - Timeout '0' is invalid. Using default page load timeout: '30'

2019-05-27 09:45:45 - [MESSAGE][PASSED] - Object 'Object Repository/ADMIN/Categories/Category List/button_Content Mgmt' is visible

2019-05-27 09:45:45 - [TEST_STEP][PASSED] - click: Object: 'Object Repository/ADMIN/Categories/Category List/button_Content Mgmt' is clicked on

2019-05-27 09:45:45 - [MESSAGE][PASSED] - Object: 'Object Repository/ADMIN/Categories/Category List/button_Content Mgmt' is clicked on

2019-05-27 09:45:45 - [TEST_STEP][PASSED] - waitForElementVisible: Object 'Object Repository/ADMIN/Categories/Category List/button_Categories' is visible

2019-05-27 09:45:45 - [MESSAGE][WARNING] - Timeout '0' is invalid. Using default page load timeout: '30'

2019-05-27 09:45:45 - [MESSAGE][PASSED] - Object 'Object Repository/ADMIN/Categories/Category List/button_Categories' is visible

2019-05-27 09:45:45 - [TEST_STEP][FAILED] - click: Unable to click on object 'Object Repository/ADMIN/Categories/Category List/button_Categories' (Root cause: org.openqa.selenium.WebDriverException: unknown error: Element <a href="/admin/categorymanager/index">...</a> is not clickable at point (129, 348). Other element would receive the click: <a href="#">...</a>
  (Session info: chrome=74.0.3729.169)
  (Driver info: chromedriver=2.35.528161 (5b82f2d2aae0ca24b877009200ced9065a772e73),platform=Windows NT 6.1.7601 SP1 x86_64) (WARNING: The server did not provide any stacktrace information)
Command duration or timeout: 0 milliseconds
Build info: version: '3.7.1', revision: '8a0099a', time: '2017-11-06T21:07:36.161Z'
System info: host: 'ARCADIER-PC', ip: '10.10.31.95', os.name: 'Windows 7', os.arch: 'amd64', os.version: '6.1', java.version: '1.8.0_102'
Driver info: com.kms.katalon.core.webui.driver.ExistingRemoteWebDriver
Capabilities {javascriptEnabled: true, platform: ANY, platformName: ANY}
Session ID: f912d58d04e0ea049492dcdbe1240f08)

2019-05-27 09:45:46 - [MESSAGE][FAILED] - Unable to click on object 'Object Repository/ADMIN/Categories/Category List/button_Categories' (Root cause: org.openqa.selenium.WebDriverException: unknown error: Element <a href="/admin/categorymanager/index">...</a> is not clickable at point (129, 348). Other element would receive the click: <a href="#">...</a>
  (Session info: chrome=74.0.3729.169)
  (Driver info: chromedriver=2.35.528161 (5b82f2d2aae0ca24b877009200ced9065a772e73),platform=Windows NT 6.1.7601 SP1 x86_64) (WARNING: The server did not provide any stacktrace information)
Command duration or timeout: 0 milliseconds
Build info: version: '3.7.1', revision: '8a0099a', time: '2017-11-06T21:07:36.161Z'
System info: host: 'ARCADIER-PC', ip: '10.10.31.95', os.name: 'Windows 7', os.arch: 'amd64', os.version: '6.1', java.version: '1.8.0_102'
Driver info: com.kms.katalon.core.webui.driver.ExistingRemoteWebDriver
Capabilities {javascriptEnabled: true, platform: ANY, platformName: ANY}
Session ID: f912d58d04e0ea049492dcdbe1240f08)
[[ATTACHMENT|C:\\Users\\Arcadier\\git\\Arctick\\Reports\\Suites\\Admin Category\\20190527_092604\\1558921546102.png]]

2019-05-27 09:45:46 - [TEST_STEP][PASSED] - waitForPageLoad: Wait for page load successfully

2019-05-27 09:45:46 - [MESSAGE][WARNING] - Timeout '0' is invalid. Using default page load timeout: '30'

2019-05-27 09:45:46 - [MESSAGE][PASSED] - Wait for page load successfully

2019-05-27 09:45:46 - [TEST_STEP][PASSED] - click: Object: 'Object Repository/ADMIN/Categories/Category List/button_Add a Category' is clicked on

2019-05-27 09:45:46 - [MESSAGE][PASSED] - Object: 'Object Repository/ADMIN/Categories/Category List/button_Add a Category' is clicked on

2019-05-27 09:45:46 - [TEST_STEP][PASSED] - waitForElementPresent: Object 'Object Repository/ADMIN/Categories/Category/dropdown_Parent' is present

2019-05-27 09:45:46 - [MESSAGE][PASSED] - Object 'Object Repository/ADMIN/Categories/Category/dropdown_Parent' is present

2019-05-27 09:45:46 - [TEST_STEP][PASSED] - delay: Delayed 1 second(s)

2019-05-27 09:45:47 - [MESSAGE][PASSED] - Delayed 1 second(s)

2019-05-27 09:45:47 - [TEST_STEP][PASSED] - setText: Text 'Category 4.9' is set on object 'Object Repository/ADMIN/Categories/Category/textfield_Category Name'

2019-05-27 09:45:48 - [MESSAGE][PASSED] - Text 'Category 4.9' is set on object 'Object Repository/ADMIN/Categories/Category/textfield_Category Name'

2019-05-27 09:45:48 - [TEST_STEP][PASSED] - click: Object: 'Object Repository/ADMIN/Categories/Category/dropdown_Parent' is clicked on

2019-05-27 09:45:48 - [MESSAGE][PASSED] - Object: 'Object Repository/ADMIN/Categories/Category/dropdown_Parent' is clicked on

2019-05-27 09:45:48 - [TEST_STEP][PASSED] - delay: Delayed 2 second(s)

2019-05-27 09:45:51 - [MESSAGE][PASSED] - Delayed 2 second(s)

2019-05-27 09:45:51 - [TEST_STEP][PASSED] - click: Object: 'Object Repository/ADMIN/Categories/Category/dropdown_Parent' is clicked on

2019-05-27 09:45:51 - [MESSAGE][PASSED] - Object: 'Object Repository/ADMIN/Categories/Category/dropdown_Parent' is clicked on

2019-05-27 09:45:51 - [TEST_STEP][PASSED] - selectOptionByLabel: All options with label 'Category 4' are selected in object 'Object Repository/ADMIN/Categories/Category/dropdown_Parent' 

2019-05-27 09:45:51 - [MESSAGE][PASSED] - All options with label 'Category 4' are selected in object 'Object Repository/ADMIN/Categories/Category/dropdown_Parent' 

2019-05-27 09:45:51 - [TEST_STEP][PASSED] - click: Object: 'Object Repository/ADMIN/Categories/Category/button_Browse' is clicked on

2019-05-27 09:45:51 - [MESSAGE][PASSED] - Object: 'Object Repository/ADMIN/Categories/Category/button_Browse' is clicked on

2019-05-27 09:45:51 - [TEST_STEP][PASSED] - delay: Delayed 2 second(s)

2019-05-27 09:45:53 - [MESSAGE][PASSED] - Delayed 2 second(s)

2019-05-27 09:45:53 - [TEST_STEP][PASSED] - uploadFile: File 'C:\\Katalon\\Image\\pic12.jpg' sent to object: 'Object Repository/ADMIN/Categories/Category/image_input image'

2019-05-27 09:45:54 - [MESSAGE][PASSED] - File 'C:\\Katalon\\Image\\pic12.jpg' sent to object: 'Object Repository/ADMIN/Categories/Category/image_input image'

2019-05-27 09:45:54 - [TEST_STEP][PASSED] - waitForElementVisible: Object 'Object Repository/ADMIN/Categories/Category/button_upload check' is visible

2019-05-27 09:45:54 - [MESSAGE][WARNING] - Timeout '0' is invalid. Using default page load timeout: '30'

2019-05-27 09:45:54 - [MESSAGE][PASSED] - Object 'Object Repository/ADMIN/Categories/Category/button_upload check' is visible

2019-05-27 09:45:54 - [TEST_STEP][PASSED] - click: Object: 'Object Repository/ADMIN/Categories/Category/button_upload check' is clicked on

2019-05-27 09:45:54 - [MESSAGE][PASSED] - Object: 'Object Repository/ADMIN/Categories/Category/button_upload check' is clicked on

2019-05-27 09:45:54 - [TEST_STEP][PASSED] - click: Object: 'Object Repository/ADMIN/Categories/Category/button_upload save' is clicked on

2019-05-27 09:45:54 - [MESSAGE][PASSED] - Object: 'Object Repository/ADMIN/Categories/Category/button_upload save' is clicked on

2019-05-27 09:45:54 - [TEST_STEP][FAILED] - waitForElementVisible: Unable to wait for object 'Object Repository/ADMIN/Categories/Category/button_upload save' to be visible (Root cause: org.openqa.selenium.StaleElementReferenceException: stale element reference: element is not attached to the page document
  (Session info: chrome=74.0.3729.169)
  (Driver info: chromedriver=2.35.528161 (5b82f2d2aae0ca24b877009200ced9065a772e73),platform=Windows NT 6.1.7601 SP1 x86_64) (WARNING: The server did not provide any stacktrace information)
Command duration or timeout: 0 milliseconds
For documentation on this error, please visit: http://seleniumhq.org/exceptions/stale_element_reference.html
Build info: version: '3.7.1', revision: '8a0099a', time: '2017-11-06T21:07:36.161Z'
System info: host: 'ARCADIER-PC', ip: '10.10.31.95', os.name: 'Windows 7', os.arch: 'amd64', os.version: '6.1', java.version: '1.8.0_102'
Driver info: com.kms.katalon.core.webui.driver.ExistingRemoteWebDriver
Capabilities {javascriptEnabled: true, platform: ANY, platformName: ANY}
Session ID: f912d58d04e0ea049492dcdbe1240f08)

2019-05-27 09:45:54 - [MESSAGE][WARNING] - Timeout '0' is invalid. Using default page load timeout: '30'

2019-05-27 09:45:56 - [MESSAGE][FAILED] - Unable to wait for object 'Object Repository/ADMIN/Categories/Category/button_upload save' to be visible (Root cause: org.openqa.selenium.StaleElementReferenceException: stale element reference: element is not attached to the page document
  (Session info: chrome=74.0.3729.169)
  (Driver info: chromedriver=2.35.528161 (5b82f2d2aae0ca24b877009200ced9065a772e73),platform=Windows NT 6.1.7601 SP1 x86_64) (WARNING: The server did not provide any stacktrace information)
Command duration or timeout: 0 milliseconds
For documentation on this error, please visit: http://seleniumhq.org/exceptions/stale_element_reference.html
Build info: version: '3.7.1', revision: '8a0099a', time: '2017-11-06T21:07:36.161Z'
System info: host: 'ARCADIER-PC', ip: '10.10.31.95', os.name: 'Windows 7', os.arch: 'amd64', os.version: '6.1', java.version: '1.8.0_102'
Driver info: com.kms.katalon.core.webui.driver.ExistingRemoteWebDriver
Capabilities {javascriptEnabled: true, platform: ANY, platformName: ANY}
Session ID: f912d58d04e0ea049492dcdbe1240f08)
[[ATTACHMENT|C:\\Users\\Arcadier\\git\\Arctick\\Reports\\Suites\\Admin Category\\20190527_092604\\1558921555480.png]]

2019-05-27 09:45:56 - [TEST_STEP][PASSED] - setText: Text 'Description61' is set on object 'Object Repository/ADMIN/Categories/Category/textfield_category_description'

2019-05-27 09:45:56 - [MESSAGE][PASSED] - Text 'Description61' is set on object 'Object Repository/ADMIN/Categories/Category/textfield_category_description'

2019-05-27 09:45:56 - [TEST_STEP][PASSED] - click: Object: 'Object Repository/ADMIN/Categories/Category/button_Save' is clicked on

2019-05-27 09:45:56 - [MESSAGE][PASSED] - Object: 'Object Repository/ADMIN/Categories/Category/button_Save' is clicked on

2019-05-27 09:45:56 - [TEST_STEP][PASSED] - waitForElementVisible: Object 'Object Repository/ADMIN/Categories/Category/label_edit popup' is visible

2019-05-27 09:45:56 - [MESSAGE][WARNING] - Timeout '0' is invalid. Using default page load timeout: '30'

2019-05-27 09:45:57 - [MESSAGE][PASSED] - Object 'Object Repository/ADMIN/Categories/Category/label_edit popup' is visible

2019-05-27 09:45:57 - [TEST_STEP][PASSED] - waitForElementNotPresent: Web element with id: 'Object Repository/ADMIN/Categories/Category/label_edit popup' located by 'By.xpath: //div[(text() = 'Category was successfully saved.' or . = 'Category was successfully saved.')]' is not present after '30' second(s)

2019-05-27 09:45:57 - [MESSAGE][WARNING] - Timeout '0' is invalid. Using default page load timeout: '30'

2019-05-27 09:46:03 - [MESSAGE][PASSED] - Web element with id: 'Object Repository/ADMIN/Categories/Category/label_edit popup' located by 'By.xpath: //div[(text() = 'Category was successfully saved.' or . = 'Category was successfully saved.')]' is not present after '30' second(s)]]></system-out>
         <system-err><![CDATA[2019-05-27 09:45:45 - [TEST_CASE][FAILED] - Test Cases/ADMIN/Content Mgmt/Categories/Category Add-Edit/Add Category: Test Cases/ADMIN/Content Mgmt/Categories/Category Add-Edit/Add Category FAILED because (of) Unable to click on object 'Object Repository/ADMIN/Categories/Category List/button_Categories' (Root cause: org.openqa.selenium.WebDriverException: unknown error: Element <a href="/admin/categorymanager/index">...</a> is not clickable at point (129, 348). Other element would receive the click: <a href="#">...</a>
  (Session info: chrome=74.0.3729.169)
  (Driver info: chromedriver=2.35.528161 (5b82f2d2aae0ca24b877009200ced9065a772e73),platform=Windows NT 6.1.7601 SP1 x86_64) (WARNING: The server did not provide any stacktrace information)
Command duration or timeout: 0 milliseconds
Build info: version: '3.7.1', revision: '8a0099a', time: '2017-11-06T21:07:36.161Z'
System info: host: 'ARCADIER-PC', ip: '10.10.31.95', os.name: 'Windows 7', os.arch: 'amd64', os.version: '6.1', java.version: '1.8.0_102'
Driver info: com.kms.katalon.core.webui.driver.ExistingRemoteWebDriver
Capabilities {javascriptEnabled: true, platform: ANY, platformName: ANY}
Session ID: f912d58d04e0ea049492dcdbe1240f08)]]></system-err>
      </testcase>
      <testcase name="Test Cases/ADMIN/Content Mgmt/Categories/Category Add-Edit/Add Category" classname="Test Cases/ADMIN/Content Mgmt/Categories/Category Add-Edit/Add Category" status="FAILED">
         <failure type="FAILED" message="Unable to wait for object 'Object Repository/ADMIN/Categories/Category/button_upload save' to be visible (Root cause: org.openqa.selenium.StaleElementReferenceException: stale element reference: element is not attached to the page document
  (Session info: chrome=74.0.3729.169)
  (Driver info: chromedriver=2.35.528161 (5b82f2d2aae0ca24b877009200ced9065a772e73),platform=Windows NT 6.1.7601 SP1 x86_64) (WARNING: The server did not provide any stacktrace information)
Command duration or timeout: 0 milliseconds
For documentation on this error, please visit: http://seleniumhq.org/exceptions/stale_element_reference.html
Build info: version: '3.7.1', revision: '8a0099a', time: '2017-11-06T21:07:36.161Z'
System info: host: 'ARCADIER-PC', ip: '10.10.31.95', os.name: 'Windows 7', os.arch: 'amd64', os.version: '6.1', java.version: '1.8.0_102'
Driver info: com.kms.katalon.core.webui.driver.ExistingRemoteWebDriver
Capabilities {javascriptEnabled: true, platform: ANY, platformName: ANY}
Session ID: f912d58d04e0ea049492dcdbe1240f08)"/>
         <system-out><![CDATA[2019-05-27 09:46:03 - [TEST_CASE][FAILED] - Test Cases/ADMIN/Content Mgmt/Categories/Category Add-Edit/Add Category: Test Cases/ADMIN/Content Mgmt/Categories/Category Add-Edit/Add Category FAILED because (of) Unable to wait for object 'Object Repository/ADMIN/Categories/Category/button_upload save' to be visible (Root cause: org.openqa.selenium.StaleElementReferenceException: stale element reference: element is not attached to the page document
  (Session info: chrome=74.0.3729.169)
  (Driver info: chromedriver=2.35.528161 (5b82f2d2aae0ca24b877009200ced9065a772e73),platform=Windows NT 6.1.7601 SP1 x86_64) (WARNING: The server did not provide any stacktrace information)
Command duration or timeout: 0 milliseconds
For documentation on this error, please visit: http://seleniumhq.org/exceptions/stale_element_reference.html
Build info: version: '3.7.1', revision: '8a0099a', time: '2017-11-06T21:07:36.161Z'
System info: host: 'ARCADIER-PC', ip: '10.10.31.95', os.name: 'Windows 7', os.arch: 'amd64', os.version: '6.1', java.version: '1.8.0_102'
Driver info: com.kms.katalon.core.webui.driver.ExistingRemoteWebDriver
Capabilities {javascriptEnabled: true, platform: ANY, platformName: ANY}
Session ID: f912d58d04e0ea049492dcdbe1240f08)

2019-05-27 09:46:03 - [TEST_STEP][PASSED] - waitForElementVisible: Object 'Object Repository/ADMIN/Categories/Category List/button_Content Mgmt' is visible

2019-05-27 09:46:03 - [MESSAGE][WARNING] - Timeout '0' is invalid. Using default page load timeout: '30'

2019-05-27 09:46:03 - [MESSAGE][PASSED] - Object 'Object Repository/ADMIN/Categories/Category List/button_Content Mgmt' is visible

2019-05-27 09:46:03 - [TEST_STEP][PASSED] - click: Object: 'Object Repository/ADMIN/Categories/Category List/button_Content Mgmt' is clicked on

2019-05-27 09:46:03 - [MESSAGE][PASSED] - Object: 'Object Repository/ADMIN/Categories/Category List/button_Content Mgmt' is clicked on

2019-05-27 09:46:03 - [TEST_STEP][PASSED] - waitForElementVisible: Object 'Object Repository/ADMIN/Categories/Category List/button_Categories' is visible

2019-05-27 09:46:03 - [MESSAGE][WARNING] - Timeout '0' is invalid. Using default page load timeout: '30'

2019-05-27 09:46:05 - [MESSAGE][PASSED] - Object 'Object Repository/ADMIN/Categories/Category List/button_Categories' is visible

2019-05-27 09:46:05 - [TEST_STEP][PASSED] - click: Object: 'Object Repository/ADMIN/Categories/Category List/button_Categories' is clicked on

2019-05-27 09:46:05 - [MESSAGE][PASSED] - Object: 'Object Repository/ADMIN/Categories/Category List/button_Categories' is clicked on

2019-05-27 09:46:05 - [TEST_STEP][PASSED] - waitForPageLoad: Wait for page load successfully

2019-05-27 09:46:05 - [MESSAGE][WARNING] - Timeout '0' is invalid. Using default page load timeout: '30'

2019-05-27 09:46:06 - [MESSAGE][PASSED] - Wait for page load successfully

2019-05-27 09:46:06 - [TEST_STEP][PASSED] - click: Object: 'Object Repository/ADMIN/Categories/Category List/button_Add a Category' is clicked on

2019-05-27 09:46:07 - [MESSAGE][PASSED] - Object: 'Object Repository/ADMIN/Categories/Category List/button_Add a Category' is clicked on

2019-05-27 09:46:07 - [TEST_STEP][PASSED] - waitForElementPresent: Object 'Object Repository/ADMIN/Categories/Category/dropdown_Parent' is present

2019-05-27 09:46:07 - [MESSAGE][PASSED] - Object 'Object Repository/ADMIN/Categories/Category/dropdown_Parent' is present

2019-05-27 09:46:07 - [TEST_STEP][PASSED] - delay: Delayed 1 second(s)

2019-05-27 09:46:08 - [MESSAGE][PASSED] - Delayed 1 second(s)

2019-05-27 09:46:08 - [TEST_STEP][PASSED] - setText: Text 'Category 4.10' is set on object 'Object Repository/ADMIN/Categories/Category/textfield_Category Name'

2019-05-27 09:46:08 - [MESSAGE][PASSED] - Text 'Category 4.10' is set on object 'Object Repository/ADMIN/Categories/Category/textfield_Category Name'

2019-05-27 09:46:08 - [TEST_STEP][PASSED] - click: Object: 'Object Repository/ADMIN/Categories/Category/dropdown_Parent' is clicked on

2019-05-27 09:46:08 - [MESSAGE][PASSED] - Object: 'Object Repository/ADMIN/Categories/Category/dropdown_Parent' is clicked on

2019-05-27 09:46:08 - [TEST_STEP][PASSED] - delay: Delayed 2 second(s)

2019-05-27 09:46:10 - [MESSAGE][PASSED] - Delayed 2 second(s)

2019-05-27 09:46:10 - [TEST_STEP][PASSED] - click: Object: 'Object Repository/ADMIN/Categories/Category/dropdown_Parent' is clicked on

2019-05-27 09:46:10 - [MESSAGE][PASSED] - Object: 'Object Repository/ADMIN/Categories/Category/dropdown_Parent' is clicked on

2019-05-27 09:46:10 - [TEST_STEP][PASSED] - selectOptionByLabel: All options with label 'Category 4' are selected in object 'Object Repository/ADMIN/Categories/Category/dropdown_Parent' 

2019-05-27 09:46:11 - [MESSAGE][PASSED] - All options with label 'Category 4' are selected in object 'Object Repository/ADMIN/Categories/Category/dropdown_Parent' 

2019-05-27 09:46:11 - [TEST_STEP][PASSED] - click: Object: 'Object Repository/ADMIN/Categories/Category/button_Browse' is clicked on

2019-05-27 09:46:11 - [MESSAGE][PASSED] - Object: 'Object Repository/ADMIN/Categories/Category/button_Browse' is clicked on

2019-05-27 09:46:11 - [TEST_STEP][PASSED] - delay: Delayed 2 second(s)

2019-05-27 09:46:13 - [MESSAGE][PASSED] - Delayed 2 second(s)

2019-05-27 09:46:13 - [TEST_STEP][PASSED] - uploadFile: File 'C:\\Katalon\\Image\\pic1.jpg' sent to object: 'Object Repository/ADMIN/Categories/Category/image_input image'

2019-05-27 09:46:13 - [MESSAGE][PASSED] - File 'C:\\Katalon\\Image\\pic1.jpg' sent to object: 'Object Repository/ADMIN/Categories/Category/image_input image'

2019-05-27 09:46:13 - [TEST_STEP][PASSED] - waitForElementVisible: Object 'Object Repository/ADMIN/Categories/Category/button_upload check' is visible

2019-05-27 09:46:13 - [MESSAGE][WARNING] - Timeout '0' is invalid. Using default page load timeout: '30'

2019-05-27 09:46:14 - [MESSAGE][PASSED] - Object 'Object Repository/ADMIN/Categories/Category/button_upload check' is visible

2019-05-27 09:46:14 - [TEST_STEP][PASSED] - click: Object: 'Object Repository/ADMIN/Categories/Category/button_upload check' is clicked on

2019-05-27 09:46:15 - [MESSAGE][PASSED] - Object: 'Object Repository/ADMIN/Categories/Category/button_upload check' is clicked on

2019-05-27 09:46:15 - [TEST_STEP][PASSED] - click: Object: 'Object Repository/ADMIN/Categories/Category/button_upload save' is clicked on

2019-05-27 09:46:15 - [MESSAGE][PASSED] - Object: 'Object Repository/ADMIN/Categories/Category/button_upload save' is clicked on

2019-05-27 09:46:15 - [TEST_STEP][FAILED] - waitForElementVisible: Unable to wait for object 'Object Repository/ADMIN/Categories/Category/button_upload save' to be visible (Root cause: org.openqa.selenium.StaleElementReferenceException: stale element reference: element is not attached to the page document
  (Session info: chrome=74.0.3729.169)
  (Driver info: chromedriver=2.35.528161 (5b82f2d2aae0ca24b877009200ced9065a772e73),platform=Windows NT 6.1.7601 SP1 x86_64) (WARNING: The server did not provide any stacktrace information)
Command duration or timeout: 0 milliseconds
For documentation on this error, please visit: http://seleniumhq.org/exceptions/stale_element_reference.html
Build info: version: '3.7.1', revision: '8a0099a', time: '2017-11-06T21:07:36.161Z'
System info: host: 'ARCADIER-PC', ip: '10.10.31.95', os.name: 'Windows 7', os.arch: 'amd64', os.version: '6.1', java.version: '1.8.0_102'
Driver info: com.kms.katalon.core.webui.driver.ExistingRemoteWebDriver
Capabilities {javascriptEnabled: true, platform: ANY, platformName: ANY}
Session ID: f912d58d04e0ea049492dcdbe1240f08)

2019-05-27 09:46:15 - [MESSAGE][WARNING] - Timeout '0' is invalid. Using default page load timeout: '30'

2019-05-27 09:46:17 - [MESSAGE][FAILED] - Unable to wait for object 'Object Repository/ADMIN/Categories/Category/button_upload save' to be visible (Root cause: org.openqa.selenium.StaleElementReferenceException: stale element reference: element is not attached to the page document
  (Session info: chrome=74.0.3729.169)
  (Driver info: chromedriver=2.35.528161 (5b82f2d2aae0ca24b877009200ced9065a772e73),platform=Windows NT 6.1.7601 SP1 x86_64) (WARNING: The server did not provide any stacktrace information)
Command duration or timeout: 0 milliseconds
For documentation on this error, please visit: http://seleniumhq.org/exceptions/stale_element_reference.html
Build info: version: '3.7.1', revision: '8a0099a', time: '2017-11-06T21:07:36.161Z'
System info: host: 'ARCADIER-PC', ip: '10.10.31.95', os.name: 'Windows 7', os.arch: 'amd64', os.version: '6.1', java.version: '1.8.0_102'
Driver info: com.kms.katalon.core.webui.driver.ExistingRemoteWebDriver
Capabilities {javascriptEnabled: true, platform: ANY, platformName: ANY}
Session ID: f912d58d04e0ea049492dcdbe1240f08)
[[ATTACHMENT|C:\\Users\\Arcadier\\git\\Arctick\\Reports\\Suites\\Admin Category\\20190527_092604\\1558921576674.png]]

2019-05-27 09:46:17 - [TEST_STEP][PASSED] - setText: Text 'Description62' is set on object 'Object Repository/ADMIN/Categories/Category/textfield_category_description'

2019-05-27 09:46:18 - [MESSAGE][PASSED] - Text 'Description62' is set on object 'Object Repository/ADMIN/Categories/Category/textfield_category_description'

2019-05-27 09:46:18 - [TEST_STEP][PASSED] - click: Object: 'Object Repository/ADMIN/Categories/Category/button_Save' is clicked on

2019-05-27 09:46:18 - [MESSAGE][PASSED] - Object: 'Object Repository/ADMIN/Categories/Category/button_Save' is clicked on

2019-05-27 09:46:18 - [TEST_STEP][PASSED] - waitForElementVisible: Object 'Object Repository/ADMIN/Categories/Category/label_edit popup' is visible

2019-05-27 09:46:18 - [MESSAGE][WARNING] - Timeout '0' is invalid. Using default page load timeout: '30'

2019-05-27 09:46:19 - [MESSAGE][PASSED] - Object 'Object Repository/ADMIN/Categories/Category/label_edit popup' is visible

2019-05-27 09:46:20 - [TEST_STEP][PASSED] - waitForElementNotPresent: Web element with id: 'Object Repository/ADMIN/Categories/Category/label_edit popup' located by 'By.xpath: //div[(text() = 'Category was successfully saved.' or . = 'Category was successfully saved.')]' is not present after '30' second(s)

2019-05-27 09:46:20 - [MESSAGE][WARNING] - Timeout '0' is invalid. Using default page load timeout: '30'

2019-05-27 09:46:25 - [MESSAGE][PASSED] - Web element with id: 'Object Repository/ADMIN/Categories/Category/label_edit popup' located by 'By.xpath: //div[(text() = 'Category was successfully saved.' or . = 'Category was successfully saved.')]' is not present after '30' second(s)]]></system-out>
         <system-err><![CDATA[2019-05-27 09:46:03 - [TEST_CASE][FAILED] - Test Cases/ADMIN/Content Mgmt/Categories/Category Add-Edit/Add Category: Test Cases/ADMIN/Content Mgmt/Categories/Category Add-Edit/Add Category FAILED because (of) Unable to wait for object 'Object Repository/ADMIN/Categories/Category/button_upload save' to be visible (Root cause: org.openqa.selenium.StaleElementReferenceException: stale element reference: element is not attached to the page document
  (Session info: chrome=74.0.3729.169)
  (Driver info: chromedriver=2.35.528161 (5b82f2d2aae0ca24b877009200ced9065a772e73),platform=Windows NT 6.1.7601 SP1 x86_64) (WARNING: The server did not provide any stacktrace information)
Command duration or timeout: 0 milliseconds
For documentation on this error, please visit: http://seleniumhq.org/exceptions/stale_element_reference.html
Build info: version: '3.7.1', revision: '8a0099a', time: '2017-11-06T21:07:36.161Z'
System info: host: 'ARCADIER-PC', ip: '10.10.31.95', os.name: 'Windows 7', os.arch: 'amd64', os.version: '6.1', java.version: '1.8.0_102'
Driver info: com.kms.katalon.core.webui.driver.ExistingRemoteWebDriver
Capabilities {javascriptEnabled: true, platform: ANY, platformName: ANY}
Session ID: f912d58d04e0ea049492dcdbe1240f08)]]></system-err>
      </testcase>
      <testcase name="Test Cases/ADMIN/Content Mgmt/Categories/Category Add-Edit/Add Category" classname="Test Cases/ADMIN/Content Mgmt/Categories/Category Add-Edit/Add Category" status="FAILED">
         <failure type="FAILED" message="Unable to click on object 'Object Repository/ADMIN/Categories/Category List/button_Categories' (Root cause: org.openqa.selenium.ElementNotVisibleException: element not visible
  (Session info: chrome=74.0.3729.169)
  (Driver info: chromedriver=2.35.528161 (5b82f2d2aae0ca24b877009200ced9065a772e73),platform=Windows NT 6.1.7601 SP1 x86_64) (WARNING: The server did not provide any stacktrace information)
Command duration or timeout: 0 milliseconds
Build info: version: '3.7.1', revision: '8a0099a', time: '2017-11-06T21:07:36.161Z'
System info: host: 'ARCADIER-PC', ip: '10.10.31.95', os.name: 'Windows 7', os.arch: 'amd64', os.version: '6.1', java.version: '1.8.0_102'
Driver info: com.kms.katalon.core.webui.driver.ExistingRemoteWebDriver
Capabilities {javascriptEnabled: true, platform: ANY, platformName: ANY}
Session ID: f912d58d04e0ea049492dcdbe1240f08)"/>
         <system-out><![CDATA[2019-05-27 09:46:25 - [TEST_CASE][FAILED] - Test Cases/ADMIN/Content Mgmt/Categories/Category Add-Edit/Add Category: Test Cases/ADMIN/Content Mgmt/Categories/Category Add-Edit/Add Category FAILED because (of) Unable to click on object 'Object Repository/ADMIN/Categories/Category List/button_Categories' (Root cause: org.openqa.selenium.ElementNotVisibleException: element not visible
  (Session info: chrome=74.0.3729.169)
  (Driver info: chromedriver=2.35.528161 (5b82f2d2aae0ca24b877009200ced9065a772e73),platform=Windows NT 6.1.7601 SP1 x86_64) (WARNING: The server did not provide any stacktrace information)
Command duration or timeout: 0 milliseconds
Build info: version: '3.7.1', revision: '8a0099a', time: '2017-11-06T21:07:36.161Z'
System info: host: 'ARCADIER-PC', ip: '10.10.31.95', os.name: 'Windows 7', os.arch: 'amd64', os.version: '6.1', java.version: '1.8.0_102'
Driver info: com.kms.katalon.core.webui.driver.ExistingRemoteWebDriver
Capabilities {javascriptEnabled: true, platform: ANY, platformName: ANY}
Session ID: f912d58d04e0ea049492dcdbe1240f08)

2019-05-27 09:46:25 - [TEST_STEP][PASSED] - waitForElementVisible: Object 'Object Repository/ADMIN/Categories/Category List/button_Content Mgmt' is visible

2019-05-27 09:46:25 - [MESSAGE][WARNING] - Timeout '0' is invalid. Using default page load timeout: '30'

2019-05-27 09:46:25 - [MESSAGE][PASSED] - Object 'Object Repository/ADMIN/Categories/Category List/button_Content Mgmt' is visible

2019-05-27 09:46:25 - [TEST_STEP][PASSED] - click: Object: 'Object Repository/ADMIN/Categories/Category List/button_Content Mgmt' is clicked on

2019-05-27 09:46:25 - [MESSAGE][PASSED] - Object: 'Object Repository/ADMIN/Categories/Category List/button_Content Mgmt' is clicked on

2019-05-27 09:46:25 - [TEST_STEP][PASSED] - waitForElementVisible: Object 'Object Repository/ADMIN/Categories/Category List/button_Categories' is visible

2019-05-27 09:46:25 - [MESSAGE][WARNING] - Timeout '0' is invalid. Using default page load timeout: '30'

2019-05-27 09:46:25 - [MESSAGE][PASSED] - Object 'Object Repository/ADMIN/Categories/Category List/button_Categories' is visible

2019-05-27 09:46:25 - [TEST_STEP][FAILED] - click: Unable to click on object 'Object Repository/ADMIN/Categories/Category List/button_Categories' (Root cause: org.openqa.selenium.ElementNotVisibleException: element not visible
  (Session info: chrome=74.0.3729.169)
  (Driver info: chromedriver=2.35.528161 (5b82f2d2aae0ca24b877009200ced9065a772e73),platform=Windows NT 6.1.7601 SP1 x86_64) (WARNING: The server did not provide any stacktrace information)
Command duration or timeout: 0 milliseconds
Build info: version: '3.7.1', revision: '8a0099a', time: '2017-11-06T21:07:36.161Z'
System info: host: 'ARCADIER-PC', ip: '10.10.31.95', os.name: 'Windows 7', os.arch: 'amd64', os.version: '6.1', java.version: '1.8.0_102'
Driver info: com.kms.katalon.core.webui.driver.ExistingRemoteWebDriver
Capabilities {javascriptEnabled: true, platform: ANY, platformName: ANY}
Session ID: f912d58d04e0ea049492dcdbe1240f08)

2019-05-27 09:46:26 - [MESSAGE][FAILED] - Unable to click on object 'Object Repository/ADMIN/Categories/Category List/button_Categories' (Root cause: org.openqa.selenium.ElementNotVisibleException: element not visible
  (Session info: chrome=74.0.3729.169)
  (Driver info: chromedriver=2.35.528161 (5b82f2d2aae0ca24b877009200ced9065a772e73),platform=Windows NT 6.1.7601 SP1 x86_64) (WARNING: The server did not provide any stacktrace information)
Command duration or timeout: 0 milliseconds
Build info: version: '3.7.1', revision: '8a0099a', time: '2017-11-06T21:07:36.161Z'
System info: host: 'ARCADIER-PC', ip: '10.10.31.95', os.name: 'Windows 7', os.arch: 'amd64', os.version: '6.1', java.version: '1.8.0_102'
Driver info: com.kms.katalon.core.webui.driver.ExistingRemoteWebDriver
Capabilities {javascriptEnabled: true, platform: ANY, platformName: ANY}
Session ID: f912d58d04e0ea049492dcdbe1240f08)
[[ATTACHMENT|C:\\Users\\Arcadier\\git\\Arctick\\Reports\\Suites\\Admin Category\\20190527_092604\\1558921586004.png]]

2019-05-27 09:46:26 - [TEST_STEP][PASSED] - waitForPageLoad: Wait for page load successfully

2019-05-27 09:46:26 - [MESSAGE][WARNING] - Timeout '0' is invalid. Using default page load timeout: '30'

2019-05-27 09:46:26 - [MESSAGE][PASSED] - Wait for page load successfully

2019-05-27 09:46:26 - [TEST_STEP][PASSED] - click: Object: 'Object Repository/ADMIN/Categories/Category List/button_Add a Category' is clicked on

2019-05-27 09:46:26 - [MESSAGE][PASSED] - Object: 'Object Repository/ADMIN/Categories/Category List/button_Add a Category' is clicked on

2019-05-27 09:46:26 - [TEST_STEP][PASSED] - waitForElementPresent: Object 'Object Repository/ADMIN/Categories/Category/dropdown_Parent' is present

2019-05-27 09:46:27 - [MESSAGE][PASSED] - Object 'Object Repository/ADMIN/Categories/Category/dropdown_Parent' is present

2019-05-27 09:46:27 - [TEST_STEP][PASSED] - delay: Delayed 1 second(s)

2019-05-27 09:46:28 - [MESSAGE][PASSED] - Delayed 1 second(s)

2019-05-27 09:46:28 - [TEST_STEP][PASSED] - setText: Text 'Category 4.10.1' is set on object 'Object Repository/ADMIN/Categories/Category/textfield_Category Name'

2019-05-27 09:46:28 - [MESSAGE][PASSED] - Text 'Category 4.10.1' is set on object 'Object Repository/ADMIN/Categories/Category/textfield_Category Name'

2019-05-27 09:46:28 - [TEST_STEP][PASSED] - click: Object: 'Object Repository/ADMIN/Categories/Category/dropdown_Parent' is clicked on

2019-05-27 09:46:28 - [MESSAGE][PASSED] - Object: 'Object Repository/ADMIN/Categories/Category/dropdown_Parent' is clicked on

2019-05-27 09:46:28 - [TEST_STEP][PASSED] - delay: Delayed 2 second(s)

2019-05-27 09:46:30 - [MESSAGE][PASSED] - Delayed 2 second(s)

2019-05-27 09:46:30 - [TEST_STEP][PASSED] - click: Object: 'Object Repository/ADMIN/Categories/Category/dropdown_Parent' is clicked on

2019-05-27 09:46:31 - [MESSAGE][PASSED] - Object: 'Object Repository/ADMIN/Categories/Category/dropdown_Parent' is clicked on

2019-05-27 09:46:31 - [TEST_STEP][PASSED] - selectOptionByLabel: All options with label 'Category 4.10' are selected in object 'Object Repository/ADMIN/Categories/Category/dropdown_Parent' 

2019-05-27 09:46:31 - [MESSAGE][PASSED] - All options with label 'Category 4.10' are selected in object 'Object Repository/ADMIN/Categories/Category/dropdown_Parent' 

2019-05-27 09:46:31 - [TEST_STEP][PASSED] - click: Object: 'Object Repository/ADMIN/Categories/Category/button_Browse' is clicked on

2019-05-27 09:46:31 - [MESSAGE][PASSED] - Object: 'Object Repository/ADMIN/Categories/Category/button_Browse' is clicked on

2019-05-27 09:46:31 - [TEST_STEP][PASSED] - delay: Delayed 2 second(s)

2019-05-27 09:46:33 - [MESSAGE][PASSED] - Delayed 2 second(s)

2019-05-27 09:46:33 - [TEST_STEP][PASSED] - uploadFile: File 'C:\\Katalon\\Image\\pic2.jpg' sent to object: 'Object Repository/ADMIN/Categories/Category/image_input image'

2019-05-27 09:46:33 - [MESSAGE][PASSED] - File 'C:\\Katalon\\Image\\pic2.jpg' sent to object: 'Object Repository/ADMIN/Categories/Category/image_input image'

2019-05-27 09:46:33 - [TEST_STEP][PASSED] - waitForElementVisible: Object 'Object Repository/ADMIN/Categories/Category/button_upload check' is visible

2019-05-27 09:46:33 - [MESSAGE][WARNING] - Timeout '0' is invalid. Using default page load timeout: '30'

2019-05-27 09:46:34 - [MESSAGE][PASSED] - Object 'Object Repository/ADMIN/Categories/Category/button_upload check' is visible

2019-05-27 09:46:34 - [TEST_STEP][PASSED] - click: Object: 'Object Repository/ADMIN/Categories/Category/button_upload check' is clicked on

2019-05-27 09:46:34 - [MESSAGE][PASSED] - Object: 'Object Repository/ADMIN/Categories/Category/button_upload check' is clicked on

2019-05-27 09:46:34 - [TEST_STEP][PASSED] - click: Object: 'Object Repository/ADMIN/Categories/Category/button_upload save' is clicked on

2019-05-27 09:46:34 - [MESSAGE][PASSED] - Object: 'Object Repository/ADMIN/Categories/Category/button_upload save' is clicked on

2019-05-27 09:46:34 - [TEST_STEP][FAILED] - waitForElementVisible: Unable to wait for object 'Object Repository/ADMIN/Categories/Category/button_upload save' to be visible (Root cause: org.openqa.selenium.StaleElementReferenceException: stale element reference: element is not attached to the page document
  (Session info: chrome=74.0.3729.169)
  (Driver info: chromedriver=2.35.528161 (5b82f2d2aae0ca24b877009200ced9065a772e73),platform=Windows NT 6.1.7601 SP1 x86_64) (WARNING: The server did not provide any stacktrace information)
Command duration or timeout: 0 milliseconds
For documentation on this error, please visit: http://seleniumhq.org/exceptions/stale_element_reference.html
Build info: version: '3.7.1', revision: '8a0099a', time: '2017-11-06T21:07:36.161Z'
System info: host: 'ARCADIER-PC', ip: '10.10.31.95', os.name: 'Windows 7', os.arch: 'amd64', os.version: '6.1', java.version: '1.8.0_102'
Driver info: com.kms.katalon.core.webui.driver.ExistingRemoteWebDriver
Capabilities {javascriptEnabled: true, platform: ANY, platformName: ANY}
Session ID: f912d58d04e0ea049492dcdbe1240f08)

2019-05-27 09:46:34 - [MESSAGE][WARNING] - Timeout '0' is invalid. Using default page load timeout: '30'

2019-05-27 09:46:36 - [MESSAGE][FAILED] - Unable to wait for object 'Object Repository/ADMIN/Categories/Category/button_upload save' to be visible (Root cause: org.openqa.selenium.StaleElementReferenceException: stale element reference: element is not attached to the page document
  (Session info: chrome=74.0.3729.169)
  (Driver info: chromedriver=2.35.528161 (5b82f2d2aae0ca24b877009200ced9065a772e73),platform=Windows NT 6.1.7601 SP1 x86_64) (WARNING: The server did not provide any stacktrace information)
Command duration or timeout: 0 milliseconds
For documentation on this error, please visit: http://seleniumhq.org/exceptions/stale_element_reference.html
Build info: version: '3.7.1', revision: '8a0099a', time: '2017-11-06T21:07:36.161Z'
System info: host: 'ARCADIER-PC', ip: '10.10.31.95', os.name: 'Windows 7', os.arch: 'amd64', os.version: '6.1', java.version: '1.8.0_102'
Driver info: com.kms.katalon.core.webui.driver.ExistingRemoteWebDriver
Capabilities {javascriptEnabled: true, platform: ANY, platformName: ANY}
Session ID: f912d58d04e0ea049492dcdbe1240f08)
[[ATTACHMENT|C:\\Users\\Arcadier\\git\\Arctick\\Reports\\Suites\\Admin Category\\20190527_092604\\1558921595776.png]]

2019-05-27 09:46:36 - [TEST_STEP][PASSED] - setText: Text 'Description63' is set on object 'Object Repository/ADMIN/Categories/Category/textfield_category_description'

2019-05-27 09:46:36 - [MESSAGE][PASSED] - Text 'Description63' is set on object 'Object Repository/ADMIN/Categories/Category/textfield_category_description'

2019-05-27 09:46:36 - [TEST_STEP][PASSED] - click: Object: 'Object Repository/ADMIN/Categories/Category/button_Save' is clicked on

2019-05-27 09:46:38 - [MESSAGE][PASSED] - Object: 'Object Repository/ADMIN/Categories/Category/button_Save' is clicked on

2019-05-27 09:46:38 - [TEST_STEP][PASSED] - waitForElementVisible: Object 'Object Repository/ADMIN/Categories/Category/label_edit popup' is visible

2019-05-27 09:46:38 - [MESSAGE][WARNING] - Timeout '0' is invalid. Using default page load timeout: '30'

2019-05-27 09:46:40 - [MESSAGE][PASSED] - Object 'Object Repository/ADMIN/Categories/Category/label_edit popup' is visible

2019-05-27 09:46:40 - [TEST_STEP][PASSED] - waitForElementNotPresent: Web element with id: 'Object Repository/ADMIN/Categories/Category/label_edit popup' located by 'By.xpath: //div[(text() = 'Category was successfully saved.' or . = 'Category was successfully saved.')]' is not present after '30' second(s)

2019-05-27 09:46:40 - [MESSAGE][WARNING] - Timeout '0' is invalid. Using default page load timeout: '30'

2019-05-27 09:46:46 - [MESSAGE][PASSED] - Web element with id: 'Object Repository/ADMIN/Categories/Category/label_edit popup' located by 'By.xpath: //div[(text() = 'Category was successfully saved.' or . = 'Category was successfully saved.')]' is not present after '30' second(s)]]></system-out>
         <system-err><![CDATA[2019-05-27 09:46:25 - [TEST_CASE][FAILED] - Test Cases/ADMIN/Content Mgmt/Categories/Category Add-Edit/Add Category: Test Cases/ADMIN/Content Mgmt/Categories/Category Add-Edit/Add Category FAILED because (of) Unable to click on object 'Object Repository/ADMIN/Categories/Category List/button_Categories' (Root cause: org.openqa.selenium.ElementNotVisibleException: element not visible
  (Session info: chrome=74.0.3729.169)
  (Driver info: chromedriver=2.35.528161 (5b82f2d2aae0ca24b877009200ced9065a772e73),platform=Windows NT 6.1.7601 SP1 x86_64) (WARNING: The server did not provide any stacktrace information)
Command duration or timeout: 0 milliseconds
Build info: version: '3.7.1', revision: '8a0099a', time: '2017-11-06T21:07:36.161Z'
System info: host: 'ARCADIER-PC', ip: '10.10.31.95', os.name: 'Windows 7', os.arch: 'amd64', os.version: '6.1', java.version: '1.8.0_102'
Driver info: com.kms.katalon.core.webui.driver.ExistingRemoteWebDriver
Capabilities {javascriptEnabled: true, platform: ANY, platformName: ANY}
Session ID: f912d58d04e0ea049492dcdbe1240f08)]]></system-err>
      </testcase>
      <testcase name="Test Cases/ADMIN/Content Mgmt/Categories/Category Add-Edit/Add Category" classname="Test Cases/ADMIN/Content Mgmt/Categories/Category Add-Edit/Add Category" status="PASSED">
         <system-out><![CDATA[2019-05-27 09:46:46 - [TEST_CASE][PASSED] - Test Cases/ADMIN/Content Mgmt/Categories/Category Add-Edit/Add Category: Test Cases/ADMIN/Content Mgmt/Categories/Category Add-Edit/Add Category

2019-05-27 09:46:46 - [TEST_STEP][PASSED] - waitForElementVisible: Object 'Object Repository/ADMIN/Categories/Category List/button_Content Mgmt' is visible

2019-05-27 09:46:46 - [MESSAGE][WARNING] - Timeout '0' is invalid. Using default page load timeout: '30'

2019-05-27 09:46:46 - [MESSAGE][PASSED] - Object 'Object Repository/ADMIN/Categories/Category List/button_Content Mgmt' is visible

2019-05-27 09:46:46 - [TEST_STEP][PASSED] - click: Object: 'Object Repository/ADMIN/Categories/Category List/button_Content Mgmt' is clicked on

2019-05-27 09:46:46 - [MESSAGE][PASSED] - Object: 'Object Repository/ADMIN/Categories/Category List/button_Content Mgmt' is clicked on

2019-05-27 09:46:46 - [TEST_STEP][PASSED] - waitForElementVisible: Object 'Object Repository/ADMIN/Categories/Category List/button_Categories' is visible

2019-05-27 09:46:46 - [MESSAGE][WARNING] - Timeout '0' is invalid. Using default page load timeout: '30'

2019-05-27 09:46:48 - [MESSAGE][PASSED] - Object 'Object Repository/ADMIN/Categories/Category List/button_Categories' is visible

2019-05-27 09:46:48 - [TEST_STEP][PASSED] - click: Object: 'Object Repository/ADMIN/Categories/Category List/button_Categories' is clicked on

2019-05-27 09:46:49 - [MESSAGE][PASSED] - Object: 'Object Repository/ADMIN/Categories/Category List/button_Categories' is clicked on

2019-05-27 09:46:49 - [TEST_STEP][PASSED] - waitForPageLoad: Wait for page load successfully

2019-05-27 09:46:49 - [MESSAGE][WARNING] - Timeout '0' is invalid. Using default page load timeout: '30'

2019-05-27 09:46:49 - [MESSAGE][PASSED] - Wait for page load successfully

2019-05-27 09:46:49 - [TEST_STEP][PASSED] - click: Object: 'Object Repository/ADMIN/Categories/Category List/button_Add a Category' is clicked on

2019-05-27 09:46:50 - [MESSAGE][PASSED] - Object: 'Object Repository/ADMIN/Categories/Category List/button_Add a Category' is clicked on

2019-05-27 09:46:50 - [TEST_STEP][PASSED] - waitForElementPresent: Object 'Object Repository/ADMIN/Categories/Category/dropdown_Parent' is present

2019-05-27 09:46:51 - [MESSAGE][PASSED] - Object 'Object Repository/ADMIN/Categories/Category/dropdown_Parent' is present

2019-05-27 09:46:51 - [TEST_STEP][PASSED] - delay: Delayed 1 second(s)

2019-05-27 09:46:52 - [MESSAGE][PASSED] - Delayed 1 second(s)

2019-05-27 09:46:52 - [TEST_STEP][PASSED] - setText: Text 'Category 4.10.2' is set on object 'Object Repository/ADMIN/Categories/Category/textfield_Category Name'

2019-05-27 09:46:52 - [MESSAGE][PASSED] - Text 'Category 4.10.2' is set on object 'Object Repository/ADMIN/Categories/Category/textfield_Category Name'

2019-05-27 09:46:52 - [TEST_STEP][PASSED] - click: Object: 'Object Repository/ADMIN/Categories/Category/dropdown_Parent' is clicked on

2019-05-27 09:46:53 - [MESSAGE][PASSED] - Object: 'Object Repository/ADMIN/Categories/Category/dropdown_Parent' is clicked on

2019-05-27 09:46:53 - [TEST_STEP][PASSED] - delay: Delayed 2 second(s)

2019-05-27 09:46:55 - [MESSAGE][PASSED] - Delayed 2 second(s)

2019-05-27 09:46:55 - [TEST_STEP][PASSED] - click: Object: 'Object Repository/ADMIN/Categories/Category/dropdown_Parent' is clicked on

2019-05-27 09:46:55 - [MESSAGE][PASSED] - Object: 'Object Repository/ADMIN/Categories/Category/dropdown_Parent' is clicked on

2019-05-27 09:46:55 - [TEST_STEP][PASSED] - selectOptionByLabel: All options with label 'Category 4.10' are selected in object 'Object Repository/ADMIN/Categories/Category/dropdown_Parent' 

2019-05-27 09:46:55 - [MESSAGE][PASSED] - All options with label 'Category 4.10' are selected in object 'Object Repository/ADMIN/Categories/Category/dropdown_Parent' 

2019-05-27 09:46:55 - [TEST_STEP][PASSED] - click: Object: 'Object Repository/ADMIN/Categories/Category/button_Browse' is clicked on

2019-05-27 09:46:55 - [MESSAGE][PASSED] - Object: 'Object Repository/ADMIN/Categories/Category/button_Browse' is clicked on

2019-05-27 09:46:55 - [TEST_STEP][PASSED] - delay: Delayed 2 second(s)

2019-05-27 09:46:57 - [MESSAGE][PASSED] - Delayed 2 second(s)

2019-05-27 09:46:57 - [TEST_STEP][PASSED] - uploadFile: File 'C:\\Katalon\\Image\\pic3.jpg' sent to object: 'Object Repository/ADMIN/Categories/Category/image_input image'

2019-05-27 09:46:57 - [MESSAGE][PASSED] - File 'C:\\Katalon\\Image\\pic3.jpg' sent to object: 'Object Repository/ADMIN/Categories/Category/image_input image'

2019-05-27 09:46:57 - [TEST_STEP][PASSED] - waitForElementVisible: Object 'Object Repository/ADMIN/Categories/Category/button_upload check' is visible

2019-05-27 09:46:57 - [MESSAGE][WARNING] - Timeout '0' is invalid. Using default page load timeout: '30'

2019-05-27 09:46:58 - [MESSAGE][PASSED] - Object 'Object Repository/ADMIN/Categories/Category/button_upload check' is visible

2019-05-27 09:46:58 - [TEST_STEP][PASSED] - click: Object: 'Object Repository/ADMIN/Categories/Category/button_upload check' is clicked on

2019-05-27 09:46:58 - [MESSAGE][PASSED] - Object: 'Object Repository/ADMIN/Categories/Category/button_upload check' is clicked on

2019-05-27 09:46:58 - [TEST_STEP][PASSED] - click: Object: 'Object Repository/ADMIN/Categories/Category/button_upload save' is clicked on

2019-05-27 09:46:59 - [MESSAGE][PASSED] - Object: 'Object Repository/ADMIN/Categories/Category/button_upload save' is clicked on

2019-05-27 09:46:59 - [TEST_STEP][PASSED] - waitForElementVisible: Object 'Object Repository/ADMIN/Categories/Category/button_upload save' is visible

2019-05-27 09:46:59 - [MESSAGE][WARNING] - Timeout '0' is invalid. Using default page load timeout: '30'

2019-05-27 09:46:59 - [MESSAGE][PASSED] - Object 'Object Repository/ADMIN/Categories/Category/button_upload save' is visible

2019-05-27 09:46:59 - [TEST_STEP][PASSED] - setText: Text 'Description64' is set on object 'Object Repository/ADMIN/Categories/Category/textfield_category_description'

2019-05-27 09:47:00 - [MESSAGE][PASSED] - Text 'Description64' is set on object 'Object Repository/ADMIN/Categories/Category/textfield_category_description'

2019-05-27 09:47:00 - [TEST_STEP][PASSED] - click: Object: 'Object Repository/ADMIN/Categories/Category/button_Save' is clicked on

2019-05-27 09:47:00 - [MESSAGE][PASSED] - Object: 'Object Repository/ADMIN/Categories/Category/button_Save' is clicked on

2019-05-27 09:47:00 - [TEST_STEP][PASSED] - waitForElementVisible: Object 'Object Repository/ADMIN/Categories/Category/label_edit popup' is visible

2019-05-27 09:47:00 - [MESSAGE][WARNING] - Timeout '0' is invalid. Using default page load timeout: '30'

2019-05-27 09:47:02 - [MESSAGE][PASSED] - Object 'Object Repository/ADMIN/Categories/Category/label_edit popup' is visible

2019-05-27 09:47:02 - [TEST_STEP][PASSED] - waitForElementNotPresent: Web element with id: 'Object Repository/ADMIN/Categories/Category/label_edit popup' located by 'By.xpath: //div[(text() = 'Category was successfully saved.' or . = 'Category was successfully saved.')]' is not present after '30' second(s)

2019-05-27 09:47:02 - [MESSAGE][WARNING] - Timeout '0' is invalid. Using default page load timeout: '30'

2019-05-27 09:47:07 - [MESSAGE][PASSED] - Web element with id: 'Object Repository/ADMIN/Categories/Category/label_edit popup' located by 'By.xpath: //div[(text() = 'Category was successfully saved.' or . = 'Category was successfully saved.')]' is not present after '30' second(s)]]></system-out>
         <system-err><![CDATA[]]></system-err>
      </testcase>
      <testcase name="Test Cases/ADMIN/Content Mgmt/Categories/Category Add-Edit/Add Category" classname="Test Cases/ADMIN/Content Mgmt/Categories/Category Add-Edit/Add Category" status="PASSED">
         <system-out><![CDATA[2019-05-27 09:47:07 - [TEST_CASE][PASSED] - Test Cases/ADMIN/Content Mgmt/Categories/Category Add-Edit/Add Category: Test Cases/ADMIN/Content Mgmt/Categories/Category Add-Edit/Add Category

2019-05-27 09:47:08 - [TEST_STEP][PASSED] - waitForElementVisible: Object 'Object Repository/ADMIN/Categories/Category List/button_Content Mgmt' is visible

2019-05-27 09:47:08 - [MESSAGE][WARNING] - Timeout '0' is invalid. Using default page load timeout: '30'

2019-05-27 09:47:08 - [MESSAGE][PASSED] - Object 'Object Repository/ADMIN/Categories/Category List/button_Content Mgmt' is visible

2019-05-27 09:47:08 - [TEST_STEP][PASSED] - click: Object: 'Object Repository/ADMIN/Categories/Category List/button_Content Mgmt' is clicked on

2019-05-27 09:47:08 - [MESSAGE][PASSED] - Object: 'Object Repository/ADMIN/Categories/Category List/button_Content Mgmt' is clicked on

2019-05-27 09:47:08 - [TEST_STEP][PASSED] - waitForElementVisible: Object 'Object Repository/ADMIN/Categories/Category List/button_Categories' is visible

2019-05-27 09:47:08 - [MESSAGE][WARNING] - Timeout '0' is invalid. Using default page load timeout: '30'

2019-05-27 09:47:09 - [MESSAGE][PASSED] - Object 'Object Repository/ADMIN/Categories/Category List/button_Categories' is visible

2019-05-27 09:47:09 - [TEST_STEP][PASSED] - click: Object: 'Object Repository/ADMIN/Categories/Category List/button_Categories' is clicked on

2019-05-27 09:47:11 - [MESSAGE][PASSED] - Object: 'Object Repository/ADMIN/Categories/Category List/button_Categories' is clicked on

2019-05-27 09:47:11 - [TEST_STEP][PASSED] - waitForPageLoad: Wait for page load successfully

2019-05-27 09:47:11 - [MESSAGE][WARNING] - Timeout '0' is invalid. Using default page load timeout: '30'

2019-05-27 09:47:11 - [MESSAGE][PASSED] - Wait for page load successfully

2019-05-27 09:47:11 - [TEST_STEP][PASSED] - click: Object: 'Object Repository/ADMIN/Categories/Category List/button_Add a Category' is clicked on

2019-05-27 09:47:12 - [MESSAGE][PASSED] - Object: 'Object Repository/ADMIN/Categories/Category List/button_Add a Category' is clicked on

2019-05-27 09:47:12 - [TEST_STEP][PASSED] - waitForElementPresent: Object 'Object Repository/ADMIN/Categories/Category/dropdown_Parent' is present

2019-05-27 09:47:12 - [MESSAGE][PASSED] - Object 'Object Repository/ADMIN/Categories/Category/dropdown_Parent' is present

2019-05-27 09:47:12 - [TEST_STEP][PASSED] - delay: Delayed 1 second(s)

2019-05-27 09:47:13 - [MESSAGE][PASSED] - Delayed 1 second(s)

2019-05-27 09:47:13 - [TEST_STEP][PASSED] - setText: Text 'Category 4.10.3' is set on object 'Object Repository/ADMIN/Categories/Category/textfield_Category Name'

2019-05-27 09:47:14 - [MESSAGE][PASSED] - Text 'Category 4.10.3' is set on object 'Object Repository/ADMIN/Categories/Category/textfield_Category Name'

2019-05-27 09:47:14 - [TEST_STEP][PASSED] - click: Object: 'Object Repository/ADMIN/Categories/Category/dropdown_Parent' is clicked on

2019-05-27 09:47:14 - [MESSAGE][PASSED] - Object: 'Object Repository/ADMIN/Categories/Category/dropdown_Parent' is clicked on

2019-05-27 09:47:14 - [TEST_STEP][PASSED] - delay: Delayed 2 second(s)

2019-05-27 09:47:16 - [MESSAGE][PASSED] - Delayed 2 second(s)

2019-05-27 09:47:16 - [TEST_STEP][PASSED] - click: Object: 'Object Repository/ADMIN/Categories/Category/dropdown_Parent' is clicked on

2019-05-27 09:47:16 - [MESSAGE][PASSED] - Object: 'Object Repository/ADMIN/Categories/Category/dropdown_Parent' is clicked on

2019-05-27 09:47:16 - [TEST_STEP][PASSED] - selectOptionByLabel: All options with label 'Category 4.10' are selected in object 'Object Repository/ADMIN/Categories/Category/dropdown_Parent' 

2019-05-27 09:47:16 - [MESSAGE][PASSED] - All options with label 'Category 4.10' are selected in object 'Object Repository/ADMIN/Categories/Category/dropdown_Parent' 

2019-05-27 09:47:16 - [TEST_STEP][PASSED] - click: Object: 'Object Repository/ADMIN/Categories/Category/button_Browse' is clicked on

2019-05-27 09:47:17 - [MESSAGE][PASSED] - Object: 'Object Repository/ADMIN/Categories/Category/button_Browse' is clicked on

2019-05-27 09:47:17 - [TEST_STEP][PASSED] - delay: Delayed 2 second(s)

2019-05-27 09:47:19 - [MESSAGE][PASSED] - Delayed 2 second(s)

2019-05-27 09:47:19 - [TEST_STEP][PASSED] - uploadFile: File 'C:\\Katalon\\Image\\pic4.jpg' sent to object: 'Object Repository/ADMIN/Categories/Category/image_input image'

2019-05-27 09:47:19 - [MESSAGE][PASSED] - File 'C:\\Katalon\\Image\\pic4.jpg' sent to object: 'Object Repository/ADMIN/Categories/Category/image_input image'

2019-05-27 09:47:19 - [TEST_STEP][PASSED] - waitForElementVisible: Object 'Object Repository/ADMIN/Categories/Category/button_upload check' is visible

2019-05-27 09:47:19 - [MESSAGE][WARNING] - Timeout '0' is invalid. Using default page load timeout: '30'

2019-05-27 09:47:20 - [MESSAGE][PASSED] - Object 'Object Repository/ADMIN/Categories/Category/button_upload check' is visible

2019-05-27 09:47:20 - [TEST_STEP][PASSED] - click: Object: 'Object Repository/ADMIN/Categories/Category/button_upload check' is clicked on

2019-05-27 09:47:20 - [MESSAGE][PASSED] - Object: 'Object Repository/ADMIN/Categories/Category/button_upload check' is clicked on

2019-05-27 09:47:20 - [TEST_STEP][PASSED] - click: Object: 'Object Repository/ADMIN/Categories/Category/button_upload save' is clicked on

2019-05-27 09:47:21 - [MESSAGE][PASSED] - Object: 'Object Repository/ADMIN/Categories/Category/button_upload save' is clicked on

2019-05-27 09:47:21 - [TEST_STEP][PASSED] - waitForElementVisible: Object 'Object Repository/ADMIN/Categories/Category/button_upload save' is visible

2019-05-27 09:47:21 - [MESSAGE][WARNING] - Timeout '0' is invalid. Using default page load timeout: '30'

2019-05-27 09:47:21 - [MESSAGE][PASSED] - Object 'Object Repository/ADMIN/Categories/Category/button_upload save' is visible

2019-05-27 09:47:21 - [TEST_STEP][PASSED] - setText: Text 'Description65' is set on object 'Object Repository/ADMIN/Categories/Category/textfield_category_description'

2019-05-27 09:47:21 - [MESSAGE][PASSED] - Text 'Description65' is set on object 'Object Repository/ADMIN/Categories/Category/textfield_category_description'

2019-05-27 09:47:21 - [TEST_STEP][PASSED] - click: Object: 'Object Repository/ADMIN/Categories/Category/button_Save' is clicked on

2019-05-27 09:47:22 - [MESSAGE][PASSED] - Object: 'Object Repository/ADMIN/Categories/Category/button_Save' is clicked on

2019-05-27 09:47:22 - [TEST_STEP][PASSED] - waitForElementVisible: Object 'Object Repository/ADMIN/Categories/Category/label_edit popup' is visible

2019-05-27 09:47:22 - [MESSAGE][WARNING] - Timeout '0' is invalid. Using default page load timeout: '30'

2019-05-27 09:47:24 - [MESSAGE][PASSED] - Object 'Object Repository/ADMIN/Categories/Category/label_edit popup' is visible

2019-05-27 09:47:24 - [TEST_STEP][PASSED] - waitForElementNotPresent: Web element with id: 'Object Repository/ADMIN/Categories/Category/label_edit popup' located by 'By.xpath: //div[(text() = 'Category was successfully saved.' or . = 'Category was successfully saved.')]' is not present after '30' second(s)

2019-05-27 09:47:24 - [MESSAGE][WARNING] - Timeout '0' is invalid. Using default page load timeout: '30'

2019-05-27 09:47:29 - [MESSAGE][PASSED] - Web element with id: 'Object Repository/ADMIN/Categories/Category/label_edit popup' located by 'By.xpath: //div[(text() = 'Category was successfully saved.' or . = 'Category was successfully saved.')]' is not present after '30' second(s)]]></system-out>
         <system-err><![CDATA[]]></system-err>
      </testcase>
      <testcase name="Test Cases/ADMIN/Content Mgmt/Categories/Category Add-Edit/Add Category" classname="Test Cases/ADMIN/Content Mgmt/Categories/Category Add-Edit/Add Category" status="FAILED">
         <failure type="FAILED" message="Unable to click on object 'Object Repository/ADMIN/Categories/Category List/button_Categories' (Root cause: org.openqa.selenium.ElementNotVisibleException: element not visible
  (Session info: chrome=74.0.3729.169)
  (Driver info: chromedriver=2.35.528161 (5b82f2d2aae0ca24b877009200ced9065a772e73),platform=Windows NT 6.1.7601 SP1 x86_64) (WARNING: The server did not provide any stacktrace information)
Command duration or timeout: 0 milliseconds
Build info: version: '3.7.1', revision: '8a0099a', time: '2017-11-06T21:07:36.161Z'
System info: host: 'ARCADIER-PC', ip: '10.10.31.95', os.name: 'Windows 7', os.arch: 'amd64', os.version: '6.1', java.version: '1.8.0_102'
Driver info: com.kms.katalon.core.webui.driver.ExistingRemoteWebDriver
Capabilities {javascriptEnabled: true, platform: ANY, platformName: ANY}
Session ID: f912d58d04e0ea049492dcdbe1240f08)"/>
         <system-out><![CDATA[2019-05-27 09:47:29 - [TEST_CASE][FAILED] - Test Cases/ADMIN/Content Mgmt/Categories/Category Add-Edit/Add Category: Test Cases/ADMIN/Content Mgmt/Categories/Category Add-Edit/Add Category FAILED because (of) Unable to click on object 'Object Repository/ADMIN/Categories/Category List/button_Categories' (Root cause: org.openqa.selenium.ElementNotVisibleException: element not visible
  (Session info: chrome=74.0.3729.169)
  (Driver info: chromedriver=2.35.528161 (5b82f2d2aae0ca24b877009200ced9065a772e73),platform=Windows NT 6.1.7601 SP1 x86_64) (WARNING: The server did not provide any stacktrace information)
Command duration or timeout: 0 milliseconds
Build info: version: '3.7.1', revision: '8a0099a', time: '2017-11-06T21:07:36.161Z'
System info: host: 'ARCADIER-PC', ip: '10.10.31.95', os.name: 'Windows 7', os.arch: 'amd64', os.version: '6.1', java.version: '1.8.0_102'
Driver info: com.kms.katalon.core.webui.driver.ExistingRemoteWebDriver
Capabilities {javascriptEnabled: true, platform: ANY, platformName: ANY}
Session ID: f912d58d04e0ea049492dcdbe1240f08)

2019-05-27 09:47:29 - [TEST_STEP][PASSED] - waitForElementVisible: Object 'Object Repository/ADMIN/Categories/Category List/button_Content Mgmt' is visible

2019-05-27 09:47:29 - [MESSAGE][WARNING] - Timeout '0' is invalid. Using default page load timeout: '30'

2019-05-27 09:47:29 - [MESSAGE][PASSED] - Object 'Object Repository/ADMIN/Categories/Category List/button_Content Mgmt' is visible

2019-05-27 09:47:29 - [TEST_STEP][PASSED] - click: Object: 'Object Repository/ADMIN/Categories/Category List/button_Content Mgmt' is clicked on

2019-05-27 09:47:30 - [MESSAGE][PASSED] - Object: 'Object Repository/ADMIN/Categories/Category List/button_Content Mgmt' is clicked on

2019-05-27 09:47:30 - [TEST_STEP][PASSED] - waitForElementVisible: Object 'Object Repository/ADMIN/Categories/Category List/button_Categories' is visible

2019-05-27 09:47:30 - [MESSAGE][WARNING] - Timeout '0' is invalid. Using default page load timeout: '30'

2019-05-27 09:47:30 - [MESSAGE][PASSED] - Object 'Object Repository/ADMIN/Categories/Category List/button_Categories' is visible

2019-05-27 09:47:30 - [TEST_STEP][FAILED] - click: Unable to click on object 'Object Repository/ADMIN/Categories/Category List/button_Categories' (Root cause: org.openqa.selenium.ElementNotVisibleException: element not visible
  (Session info: chrome=74.0.3729.169)
  (Driver info: chromedriver=2.35.528161 (5b82f2d2aae0ca24b877009200ced9065a772e73),platform=Windows NT 6.1.7601 SP1 x86_64) (WARNING: The server did not provide any stacktrace information)
Command duration or timeout: 0 milliseconds
Build info: version: '3.7.1', revision: '8a0099a', time: '2017-11-06T21:07:36.161Z'
System info: host: 'ARCADIER-PC', ip: '10.10.31.95', os.name: 'Windows 7', os.arch: 'amd64', os.version: '6.1', java.version: '1.8.0_102'
Driver info: com.kms.katalon.core.webui.driver.ExistingRemoteWebDriver
Capabilities {javascriptEnabled: true, platform: ANY, platformName: ANY}
Session ID: f912d58d04e0ea049492dcdbe1240f08)

2019-05-27 09:47:31 - [MESSAGE][FAILED] - Unable to click on object 'Object Repository/ADMIN/Categories/Category List/button_Categories' (Root cause: org.openqa.selenium.ElementNotVisibleException: element not visible
  (Session info: chrome=74.0.3729.169)
  (Driver info: chromedriver=2.35.528161 (5b82f2d2aae0ca24b877009200ced9065a772e73),platform=Windows NT 6.1.7601 SP1 x86_64) (WARNING: The server did not provide any stacktrace information)
Command duration or timeout: 0 milliseconds
Build info: version: '3.7.1', revision: '8a0099a', time: '2017-11-06T21:07:36.161Z'
System info: host: 'ARCADIER-PC', ip: '10.10.31.95', os.name: 'Windows 7', os.arch: 'amd64', os.version: '6.1', java.version: '1.8.0_102'
Driver info: com.kms.katalon.core.webui.driver.ExistingRemoteWebDriver
Capabilities {javascriptEnabled: true, platform: ANY, platformName: ANY}
Session ID: f912d58d04e0ea049492dcdbe1240f08)
[[ATTACHMENT|C:\\Users\\Arcadier\\git\\Arctick\\Reports\\Suites\\Admin Category\\20190527_092604\\1558921650678.png]]

2019-05-27 09:47:31 - [TEST_STEP][PASSED] - waitForPageLoad: Wait for page load successfully

2019-05-27 09:47:31 - [MESSAGE][WARNING] - Timeout '0' is invalid. Using default page load timeout: '30'

2019-05-27 09:47:31 - [MESSAGE][PASSED] - Wait for page load successfully

2019-05-27 09:47:31 - [TEST_STEP][PASSED] - click: Object: 'Object Repository/ADMIN/Categories/Category List/button_Add a Category' is clicked on

2019-05-27 09:47:31 - [MESSAGE][PASSED] - Object: 'Object Repository/ADMIN/Categories/Category List/button_Add a Category' is clicked on

2019-05-27 09:47:31 - [TEST_STEP][PASSED] - waitForElementPresent: Object 'Object Repository/ADMIN/Categories/Category/dropdown_Parent' is present

2019-05-27 09:47:31 - [MESSAGE][PASSED] - Object 'Object Repository/ADMIN/Categories/Category/dropdown_Parent' is present

2019-05-27 09:47:31 - [TEST_STEP][PASSED] - delay: Delayed 1 second(s)

2019-05-27 09:47:32 - [MESSAGE][PASSED] - Delayed 1 second(s)

2019-05-27 09:47:32 - [TEST_STEP][PASSED] - setText: Text 'Category 4.10.4' is set on object 'Object Repository/ADMIN/Categories/Category/textfield_Category Name'

2019-05-27 09:47:34 - [MESSAGE][PASSED] - Text 'Category 4.10.4' is set on object 'Object Repository/ADMIN/Categories/Category/textfield_Category Name'

2019-05-27 09:47:34 - [TEST_STEP][PASSED] - click: Object: 'Object Repository/ADMIN/Categories/Category/dropdown_Parent' is clicked on

2019-05-27 09:47:34 - [MESSAGE][PASSED] - Object: 'Object Repository/ADMIN/Categories/Category/dropdown_Parent' is clicked on

2019-05-27 09:47:34 - [TEST_STEP][PASSED] - delay: Delayed 2 second(s)

2019-05-27 09:47:36 - [MESSAGE][PASSED] - Delayed 2 second(s)

2019-05-27 09:47:36 - [TEST_STEP][PASSED] - click: Object: 'Object Repository/ADMIN/Categories/Category/dropdown_Parent' is clicked on

2019-05-27 09:47:36 - [MESSAGE][PASSED] - Object: 'Object Repository/ADMIN/Categories/Category/dropdown_Parent' is clicked on

2019-05-27 09:47:36 - [TEST_STEP][PASSED] - selectOptionByLabel: All options with label 'Category 4.10' are selected in object 'Object Repository/ADMIN/Categories/Category/dropdown_Parent' 

2019-05-27 09:47:37 - [MESSAGE][PASSED] - All options with label 'Category 4.10' are selected in object 'Object Repository/ADMIN/Categories/Category/dropdown_Parent' 

2019-05-27 09:47:37 - [TEST_STEP][PASSED] - click: Object: 'Object Repository/ADMIN/Categories/Category/button_Browse' is clicked on

2019-05-27 09:47:37 - [MESSAGE][PASSED] - Object: 'Object Repository/ADMIN/Categories/Category/button_Browse' is clicked on

2019-05-27 09:47:37 - [TEST_STEP][PASSED] - delay: Delayed 2 second(s)

2019-05-27 09:47:39 - [MESSAGE][PASSED] - Delayed 2 second(s)

2019-05-27 09:47:39 - [TEST_STEP][PASSED] - uploadFile: File 'C:\\Katalon\\Image\\pic5.jpg' sent to object: 'Object Repository/ADMIN/Categories/Category/image_input image'

2019-05-27 09:47:39 - [MESSAGE][PASSED] - File 'C:\\Katalon\\Image\\pic5.jpg' sent to object: 'Object Repository/ADMIN/Categories/Category/image_input image'

2019-05-27 09:47:39 - [TEST_STEP][PASSED] - waitForElementVisible: Object 'Object Repository/ADMIN/Categories/Category/button_upload check' is visible

2019-05-27 09:47:39 - [MESSAGE][WARNING] - Timeout '0' is invalid. Using default page load timeout: '30'

2019-05-27 09:47:39 - [MESSAGE][PASSED] - Object 'Object Repository/ADMIN/Categories/Category/button_upload check' is visible

2019-05-27 09:47:39 - [TEST_STEP][PASSED] - click: Object: 'Object Repository/ADMIN/Categories/Category/button_upload check' is clicked on

2019-05-27 09:47:39 - [MESSAGE][PASSED] - Object: 'Object Repository/ADMIN/Categories/Category/button_upload check' is clicked on

2019-05-27 09:47:39 - [TEST_STEP][PASSED] - click: Object: 'Object Repository/ADMIN/Categories/Category/button_upload save' is clicked on

2019-05-27 09:47:40 - [MESSAGE][PASSED] - Object: 'Object Repository/ADMIN/Categories/Category/button_upload save' is clicked on

2019-05-27 09:47:40 - [TEST_STEP][FAILED] - waitForElementVisible: Unable to wait for object 'Object Repository/ADMIN/Categories/Category/button_upload save' to be visible (Root cause: org.openqa.selenium.StaleElementReferenceException: stale element reference: element is not attached to the page document
  (Session info: chrome=74.0.3729.169)
  (Driver info: chromedriver=2.35.528161 (5b82f2d2aae0ca24b877009200ced9065a772e73),platform=Windows NT 6.1.7601 SP1 x86_64) (WARNING: The server did not provide any stacktrace information)
Command duration or timeout: 0 milliseconds
For documentation on this error, please visit: http://seleniumhq.org/exceptions/stale_element_reference.html
Build info: version: '3.7.1', revision: '8a0099a', time: '2017-11-06T21:07:36.161Z'
System info: host: 'ARCADIER-PC', ip: '10.10.31.95', os.name: 'Windows 7', os.arch: 'amd64', os.version: '6.1', java.version: '1.8.0_102'
Driver info: com.kms.katalon.core.webui.driver.ExistingRemoteWebDriver
Capabilities {javascriptEnabled: true, platform: ANY, platformName: ANY}
Session ID: f912d58d04e0ea049492dcdbe1240f08)

2019-05-27 09:47:40 - [MESSAGE][WARNING] - Timeout '0' is invalid. Using default page load timeout: '30'

2019-05-27 09:47:41 - [MESSAGE][FAILED] - Unable to wait for object 'Object Repository/ADMIN/Categories/Category/button_upload save' to be visible (Root cause: org.openqa.selenium.StaleElementReferenceException: stale element reference: element is not attached to the page document
  (Session info: chrome=74.0.3729.169)
  (Driver info: chromedriver=2.35.528161 (5b82f2d2aae0ca24b877009200ced9065a772e73),platform=Windows NT 6.1.7601 SP1 x86_64) (WARNING: The server did not provide any stacktrace information)
Command duration or timeout: 0 milliseconds
For documentation on this error, please visit: http://seleniumhq.org/exceptions/stale_element_reference.html
Build info: version: '3.7.1', revision: '8a0099a', time: '2017-11-06T21:07:36.161Z'
System info: host: 'ARCADIER-PC', ip: '10.10.31.95', os.name: 'Windows 7', os.arch: 'amd64', os.version: '6.1', java.version: '1.8.0_102'
Driver info: com.kms.katalon.core.webui.driver.ExistingRemoteWebDriver
Capabilities {javascriptEnabled: true, platform: ANY, platformName: ANY}
Session ID: f912d58d04e0ea049492dcdbe1240f08)
[[ATTACHMENT|C:\\Users\\Arcadier\\git\\Arctick\\Reports\\Suites\\Admin Category\\20190527_092604\\1558921661200.png]]

2019-05-27 09:47:41 - [TEST_STEP][PASSED] - setText: Text 'Description66' is set on object 'Object Repository/ADMIN/Categories/Category/textfield_category_description'

2019-05-27 09:47:42 - [MESSAGE][PASSED] - Text 'Description66' is set on object 'Object Repository/ADMIN/Categories/Category/textfield_category_description'

2019-05-27 09:47:44 - [TEST_STEP][PASSED] - click: Object: 'Object Repository/ADMIN/Categories/Category/button_Save' is clicked on

2019-05-27 09:47:44 - [MESSAGE][PASSED] - Object: 'Object Repository/ADMIN/Categories/Category/button_Save' is clicked on

2019-05-27 09:47:44 - [TEST_STEP][PASSED] - waitForElementVisible: Object 'Object Repository/ADMIN/Categories/Category/label_edit popup' is visible

2019-05-27 09:47:44 - [MESSAGE][WARNING] - Timeout '0' is invalid. Using default page load timeout: '30'

2019-05-27 09:47:45 - [MESSAGE][PASSED] - Object 'Object Repository/ADMIN/Categories/Category/label_edit popup' is visible

2019-05-27 09:47:45 - [TEST_STEP][PASSED] - waitForElementNotPresent: Web element with id: 'Object Repository/ADMIN/Categories/Category/label_edit popup' located by 'By.xpath: //div[(text() = 'Category was successfully saved.' or . = 'Category was successfully saved.')]' is not present after '30' second(s)

2019-05-27 09:47:45 - [MESSAGE][WARNING] - Timeout '0' is invalid. Using default page load timeout: '30'

2019-05-27 09:47:51 - [MESSAGE][PASSED] - Web element with id: 'Object Repository/ADMIN/Categories/Category/label_edit popup' located by 'By.xpath: //div[(text() = 'Category was successfully saved.' or . = 'Category was successfully saved.')]' is not present after '30' second(s)]]></system-out>
         <system-err><![CDATA[2019-05-27 09:47:29 - [TEST_CASE][FAILED] - Test Cases/ADMIN/Content Mgmt/Categories/Category Add-Edit/Add Category: Test Cases/ADMIN/Content Mgmt/Categories/Category Add-Edit/Add Category FAILED because (of) Unable to click on object 'Object Repository/ADMIN/Categories/Category List/button_Categories' (Root cause: org.openqa.selenium.ElementNotVisibleException: element not visible
  (Session info: chrome=74.0.3729.169)
  (Driver info: chromedriver=2.35.528161 (5b82f2d2aae0ca24b877009200ced9065a772e73),platform=Windows NT 6.1.7601 SP1 x86_64) (WARNING: The server did not provide any stacktrace information)
Command duration or timeout: 0 milliseconds
Build info: version: '3.7.1', revision: '8a0099a', time: '2017-11-06T21:07:36.161Z'
System info: host: 'ARCADIER-PC', ip: '10.10.31.95', os.name: 'Windows 7', os.arch: 'amd64', os.version: '6.1', java.version: '1.8.0_102'
Driver info: com.kms.katalon.core.webui.driver.ExistingRemoteWebDriver
Capabilities {javascriptEnabled: true, platform: ANY, platformName: ANY}
Session ID: f912d58d04e0ea049492dcdbe1240f08)]]></system-err>
      </testcase>
      <testcase name="Test Cases/ADMIN/Content Mgmt/Categories/Category Add-Edit/Add Category" classname="Test Cases/ADMIN/Content Mgmt/Categories/Category Add-Edit/Add Category" status="FAILED">
         <failure type="FAILED" message="Unable to click on object 'Object Repository/ADMIN/Categories/Category List/button_Categories' (Root cause: org.openqa.selenium.ElementNotVisibleException: element not visible
  (Session info: chrome=74.0.3729.169)
  (Driver info: chromedriver=2.35.528161 (5b82f2d2aae0ca24b877009200ced9065a772e73),platform=Windows NT 6.1.7601 SP1 x86_64) (WARNING: The server did not provide any stacktrace information)
Command duration or timeout: 0 milliseconds
Build info: version: '3.7.1', revision: '8a0099a', time: '2017-11-06T21:07:36.161Z'
System info: host: 'ARCADIER-PC', ip: '10.10.31.95', os.name: 'Windows 7', os.arch: 'amd64', os.version: '6.1', java.version: '1.8.0_102'
Driver info: com.kms.katalon.core.webui.driver.ExistingRemoteWebDriver
Capabilities {javascriptEnabled: true, platform: ANY, platformName: ANY}
Session ID: f912d58d04e0ea049492dcdbe1240f08)"/>
         <system-out><![CDATA[2019-05-27 09:47:51 - [TEST_CASE][FAILED] - Test Cases/ADMIN/Content Mgmt/Categories/Category Add-Edit/Add Category: Test Cases/ADMIN/Content Mgmt/Categories/Category Add-Edit/Add Category FAILED because (of) Unable to click on object 'Object Repository/ADMIN/Categories/Category List/button_Categories' (Root cause: org.openqa.selenium.ElementNotVisibleException: element not visible
  (Session info: chrome=74.0.3729.169)
  (Driver info: chromedriver=2.35.528161 (5b82f2d2aae0ca24b877009200ced9065a772e73),platform=Windows NT 6.1.7601 SP1 x86_64) (WARNING: The server did not provide any stacktrace information)
Command duration or timeout: 0 milliseconds
Build info: version: '3.7.1', revision: '8a0099a', time: '2017-11-06T21:07:36.161Z'
System info: host: 'ARCADIER-PC', ip: '10.10.31.95', os.name: 'Windows 7', os.arch: 'amd64', os.version: '6.1', java.version: '1.8.0_102'
Driver info: com.kms.katalon.core.webui.driver.ExistingRemoteWebDriver
Capabilities {javascriptEnabled: true, platform: ANY, platformName: ANY}
Session ID: f912d58d04e0ea049492dcdbe1240f08)

2019-05-27 09:47:51 - [TEST_STEP][PASSED] - waitForElementVisible: Object 'Object Repository/ADMIN/Categories/Category List/button_Content Mgmt' is visible

2019-05-27 09:47:51 - [MESSAGE][WARNING] - Timeout '0' is invalid. Using default page load timeout: '30'

2019-05-27 09:47:52 - [MESSAGE][PASSED] - Object 'Object Repository/ADMIN/Categories/Category List/button_Content Mgmt' is visible

2019-05-27 09:47:52 - [TEST_STEP][PASSED] - click: Object: 'Object Repository/ADMIN/Categories/Category List/button_Content Mgmt' is clicked on

2019-05-27 09:47:52 - [MESSAGE][PASSED] - Object: 'Object Repository/ADMIN/Categories/Category List/button_Content Mgmt' is clicked on

2019-05-27 09:47:52 - [TEST_STEP][PASSED] - waitForElementVisible: Object 'Object Repository/ADMIN/Categories/Category List/button_Categories' is visible

2019-05-27 09:47:52 - [MESSAGE][WARNING] - Timeout '0' is invalid. Using default page load timeout: '30'

2019-05-27 09:47:52 - [MESSAGE][PASSED] - Object 'Object Repository/ADMIN/Categories/Category List/button_Categories' is visible

2019-05-27 09:47:52 - [TEST_STEP][FAILED] - click: Unable to click on object 'Object Repository/ADMIN/Categories/Category List/button_Categories' (Root cause: org.openqa.selenium.ElementNotVisibleException: element not visible
  (Session info: chrome=74.0.3729.169)
  (Driver info: chromedriver=2.35.528161 (5b82f2d2aae0ca24b877009200ced9065a772e73),platform=Windows NT 6.1.7601 SP1 x86_64) (WARNING: The server did not provide any stacktrace information)
Command duration or timeout: 0 milliseconds
Build info: version: '3.7.1', revision: '8a0099a', time: '2017-11-06T21:07:36.161Z'
System info: host: 'ARCADIER-PC', ip: '10.10.31.95', os.name: 'Windows 7', os.arch: 'amd64', os.version: '6.1', java.version: '1.8.0_102'
Driver info: com.kms.katalon.core.webui.driver.ExistingRemoteWebDriver
Capabilities {javascriptEnabled: true, platform: ANY, platformName: ANY}
Session ID: f912d58d04e0ea049492dcdbe1240f08)

2019-05-27 09:47:53 - [MESSAGE][FAILED] - Unable to click on object 'Object Repository/ADMIN/Categories/Category List/button_Categories' (Root cause: org.openqa.selenium.ElementNotVisibleException: element not visible
  (Session info: chrome=74.0.3729.169)
  (Driver info: chromedriver=2.35.528161 (5b82f2d2aae0ca24b877009200ced9065a772e73),platform=Windows NT 6.1.7601 SP1 x86_64) (WARNING: The server did not provide any stacktrace information)
Command duration or timeout: 0 milliseconds
Build info: version: '3.7.1', revision: '8a0099a', time: '2017-11-06T21:07:36.161Z'
System info: host: 'ARCADIER-PC', ip: '10.10.31.95', os.name: 'Windows 7', os.arch: 'amd64', os.version: '6.1', java.version: '1.8.0_102'
Driver info: com.kms.katalon.core.webui.driver.ExistingRemoteWebDriver
Capabilities {javascriptEnabled: true, platform: ANY, platformName: ANY}
Session ID: f912d58d04e0ea049492dcdbe1240f08)
[[ATTACHMENT|C:\\Users\\Arcadier\\git\\Arctick\\Reports\\Suites\\Admin Category\\20190527_092604\\1558921672869.png]]

2019-05-27 09:47:53 - [TEST_STEP][PASSED] - waitForPageLoad: Wait for page load successfully

2019-05-27 09:47:53 - [MESSAGE][WARNING] - Timeout '0' is invalid. Using default page load timeout: '30'

2019-05-27 09:47:53 - [MESSAGE][PASSED] - Wait for page load successfully

2019-05-27 09:47:53 - [TEST_STEP][PASSED] - click: Object: 'Object Repository/ADMIN/Categories/Category List/button_Add a Category' is clicked on

2019-05-27 09:47:53 - [MESSAGE][PASSED] - Object: 'Object Repository/ADMIN/Categories/Category List/button_Add a Category' is clicked on

2019-05-27 09:47:53 - [TEST_STEP][PASSED] - waitForElementPresent: Object 'Object Repository/ADMIN/Categories/Category/dropdown_Parent' is present

2019-05-27 09:47:54 - [MESSAGE][PASSED] - Object 'Object Repository/ADMIN/Categories/Category/dropdown_Parent' is present

2019-05-27 09:47:54 - [TEST_STEP][PASSED] - delay: Delayed 1 second(s)

2019-05-27 09:47:55 - [MESSAGE][PASSED] - Delayed 1 second(s)

2019-05-27 09:47:55 - [TEST_STEP][PASSED] - setText: Text 'Category 4.10.5' is set on object 'Object Repository/ADMIN/Categories/Category/textfield_Category Name'

2019-05-27 09:47:55 - [MESSAGE][PASSED] - Text 'Category 4.10.5' is set on object 'Object Repository/ADMIN/Categories/Category/textfield_Category Name'

2019-05-27 09:47:55 - [TEST_STEP][PASSED] - click: Object: 'Object Repository/ADMIN/Categories/Category/dropdown_Parent' is clicked on

2019-05-27 09:47:57 - [MESSAGE][PASSED] - Object: 'Object Repository/ADMIN/Categories/Category/dropdown_Parent' is clicked on

2019-05-27 09:47:57 - [TEST_STEP][PASSED] - delay: Delayed 2 second(s)

2019-05-27 09:47:59 - [MESSAGE][PASSED] - Delayed 2 second(s)

2019-05-27 09:47:59 - [TEST_STEP][PASSED] - click: Object: 'Object Repository/ADMIN/Categories/Category/dropdown_Parent' is clicked on

2019-05-27 09:47:59 - [MESSAGE][PASSED] - Object: 'Object Repository/ADMIN/Categories/Category/dropdown_Parent' is clicked on

2019-05-27 09:47:59 - [TEST_STEP][PASSED] - selectOptionByLabel: All options with label 'Category 4.10' are selected in object 'Object Repository/ADMIN/Categories/Category/dropdown_Parent' 

2019-05-27 09:47:59 - [MESSAGE][PASSED] - All options with label 'Category 4.10' are selected in object 'Object Repository/ADMIN/Categories/Category/dropdown_Parent' 

2019-05-27 09:47:59 - [TEST_STEP][PASSED] - click: Object: 'Object Repository/ADMIN/Categories/Category/button_Browse' is clicked on

2019-05-27 09:47:59 - [MESSAGE][PASSED] - Object: 'Object Repository/ADMIN/Categories/Category/button_Browse' is clicked on

2019-05-27 09:47:59 - [TEST_STEP][PASSED] - delay: Delayed 2 second(s)

2019-05-27 09:48:01 - [MESSAGE][PASSED] - Delayed 2 second(s)

2019-05-27 09:48:01 - [TEST_STEP][PASSED] - uploadFile: File 'C:\\Katalon\\Image\\pic6.jpg' sent to object: 'Object Repository/ADMIN/Categories/Category/image_input image'

2019-05-27 09:48:02 - [MESSAGE][PASSED] - File 'C:\\Katalon\\Image\\pic6.jpg' sent to object: 'Object Repository/ADMIN/Categories/Category/image_input image'

2019-05-27 09:48:02 - [TEST_STEP][PASSED] - waitForElementVisible: Object 'Object Repository/ADMIN/Categories/Category/button_upload check' is visible

2019-05-27 09:48:02 - [MESSAGE][WARNING] - Timeout '0' is invalid. Using default page load timeout: '30'

2019-05-27 09:48:02 - [MESSAGE][PASSED] - Object 'Object Repository/ADMIN/Categories/Category/button_upload check' is visible

2019-05-27 09:48:02 - [TEST_STEP][PASSED] - click: Object: 'Object Repository/ADMIN/Categories/Category/button_upload check' is clicked on

2019-05-27 09:48:02 - [MESSAGE][PASSED] - Object: 'Object Repository/ADMIN/Categories/Category/button_upload check' is clicked on

2019-05-27 09:48:02 - [TEST_STEP][PASSED] - click: Object: 'Object Repository/ADMIN/Categories/Category/button_upload save' is clicked on

2019-05-27 09:48:02 - [MESSAGE][PASSED] - Object: 'Object Repository/ADMIN/Categories/Category/button_upload save' is clicked on

2019-05-27 09:48:02 - [TEST_STEP][PASSED] - waitForElementVisible: Object 'Object Repository/ADMIN/Categories/Category/button_upload save' is visible

2019-05-27 09:48:02 - [MESSAGE][WARNING] - Timeout '0' is invalid. Using default page load timeout: '30'

2019-05-27 09:48:02 - [MESSAGE][PASSED] - Object 'Object Repository/ADMIN/Categories/Category/button_upload save' is visible

2019-05-27 09:48:02 - [TEST_STEP][PASSED] - setText: Text 'Description67' is set on object 'Object Repository/ADMIN/Categories/Category/textfield_category_description'

2019-05-27 09:48:04 - [MESSAGE][PASSED] - Text 'Description67' is set on object 'Object Repository/ADMIN/Categories/Category/textfield_category_description'

2019-05-27 09:48:04 - [TEST_STEP][PASSED] - click: Object: 'Object Repository/ADMIN/Categories/Category/button_Save' is clicked on

2019-05-27 09:48:04 - [MESSAGE][PASSED] - Object: 'Object Repository/ADMIN/Categories/Category/button_Save' is clicked on

2019-05-27 09:48:04 - [TEST_STEP][PASSED] - waitForElementVisible: Object 'Object Repository/ADMIN/Categories/Category/label_edit popup' is visible

2019-05-27 09:48:04 - [MESSAGE][WARNING] - Timeout '0' is invalid. Using default page load timeout: '30'

2019-05-27 09:48:06 - [MESSAGE][PASSED] - Object 'Object Repository/ADMIN/Categories/Category/label_edit popup' is visible

2019-05-27 09:48:06 - [TEST_STEP][PASSED] - waitForElementNotPresent: Web element with id: 'Object Repository/ADMIN/Categories/Category/label_edit popup' located by 'By.xpath: //div[(text() = 'Category was successfully saved.' or . = 'Category was successfully saved.')]' is not present after '30' second(s)

2019-05-27 09:48:06 - [MESSAGE][WARNING] - Timeout '0' is invalid. Using default page load timeout: '30'

2019-05-27 09:48:11 - [MESSAGE][PASSED] - Web element with id: 'Object Repository/ADMIN/Categories/Category/label_edit popup' located by 'By.xpath: //div[(text() = 'Category was successfully saved.' or . = 'Category was successfully saved.')]' is not present after '30' second(s)]]></system-out>
         <system-err><![CDATA[2019-05-27 09:47:51 - [TEST_CASE][FAILED] - Test Cases/ADMIN/Content Mgmt/Categories/Category Add-Edit/Add Category: Test Cases/ADMIN/Content Mgmt/Categories/Category Add-Edit/Add Category FAILED because (of) Unable to click on object 'Object Repository/ADMIN/Categories/Category List/button_Categories' (Root cause: org.openqa.selenium.ElementNotVisibleException: element not visible
  (Session info: chrome=74.0.3729.169)
  (Driver info: chromedriver=2.35.528161 (5b82f2d2aae0ca24b877009200ced9065a772e73),platform=Windows NT 6.1.7601 SP1 x86_64) (WARNING: The server did not provide any stacktrace information)
Command duration or timeout: 0 milliseconds
Build info: version: '3.7.1', revision: '8a0099a', time: '2017-11-06T21:07:36.161Z'
System info: host: 'ARCADIER-PC', ip: '10.10.31.95', os.name: 'Windows 7', os.arch: 'amd64', os.version: '6.1', java.version: '1.8.0_102'
Driver info: com.kms.katalon.core.webui.driver.ExistingRemoteWebDriver
Capabilities {javascriptEnabled: true, platform: ANY, platformName: ANY}
Session ID: f912d58d04e0ea049492dcdbe1240f08)]]></system-err>
      </testcase>
      <testcase name="Test Cases/ADMIN/Content Mgmt/Categories/Category Add-Edit/Add Category" classname="Test Cases/ADMIN/Content Mgmt/Categories/Category Add-Edit/Add Category" status="FAILED">
         <failure type="FAILED" message="Unable to click on object 'Object Repository/ADMIN/Categories/Category List/button_Categories' (Root cause: org.openqa.selenium.ElementNotVisibleException: element not visible
  (Session info: chrome=74.0.3729.169)
  (Driver info: chromedriver=2.35.528161 (5b82f2d2aae0ca24b877009200ced9065a772e73),platform=Windows NT 6.1.7601 SP1 x86_64) (WARNING: The server did not provide any stacktrace information)
Command duration or timeout: 0 milliseconds
Build info: version: '3.7.1', revision: '8a0099a', time: '2017-11-06T21:07:36.161Z'
System info: host: 'ARCADIER-PC', ip: '10.10.31.95', os.name: 'Windows 7', os.arch: 'amd64', os.version: '6.1', java.version: '1.8.0_102'
Driver info: com.kms.katalon.core.webui.driver.ExistingRemoteWebDriver
Capabilities {javascriptEnabled: true, platform: ANY, platformName: ANY}
Session ID: f912d58d04e0ea049492dcdbe1240f08)"/>
         <system-out><![CDATA[2019-05-27 09:48:11 - [TEST_CASE][FAILED] - Test Cases/ADMIN/Content Mgmt/Categories/Category Add-Edit/Add Category: Test Cases/ADMIN/Content Mgmt/Categories/Category Add-Edit/Add Category FAILED because (of) Unable to click on object 'Object Repository/ADMIN/Categories/Category List/button_Categories' (Root cause: org.openqa.selenium.ElementNotVisibleException: element not visible
  (Session info: chrome=74.0.3729.169)
  (Driver info: chromedriver=2.35.528161 (5b82f2d2aae0ca24b877009200ced9065a772e73),platform=Windows NT 6.1.7601 SP1 x86_64) (WARNING: The server did not provide any stacktrace information)
Command duration or timeout: 0 milliseconds
Build info: version: '3.7.1', revision: '8a0099a', time: '2017-11-06T21:07:36.161Z'
System info: host: 'ARCADIER-PC', ip: '10.10.31.95', os.name: 'Windows 7', os.arch: 'amd64', os.version: '6.1', java.version: '1.8.0_102'
Driver info: com.kms.katalon.core.webui.driver.ExistingRemoteWebDriver
Capabilities {javascriptEnabled: true, platform: ANY, platformName: ANY}
Session ID: f912d58d04e0ea049492dcdbe1240f08)

2019-05-27 09:48:12 - [TEST_STEP][PASSED] - waitForElementVisible: Object 'Object Repository/ADMIN/Categories/Category List/button_Content Mgmt' is visible

2019-05-27 09:48:12 - [MESSAGE][WARNING] - Timeout '0' is invalid. Using default page load timeout: '30'

2019-05-27 09:48:12 - [MESSAGE][PASSED] - Object 'Object Repository/ADMIN/Categories/Category List/button_Content Mgmt' is visible

2019-05-27 09:48:12 - [TEST_STEP][PASSED] - click: Object: 'Object Repository/ADMIN/Categories/Category List/button_Content Mgmt' is clicked on

2019-05-27 09:48:12 - [MESSAGE][PASSED] - Object: 'Object Repository/ADMIN/Categories/Category List/button_Content Mgmt' is clicked on

2019-05-27 09:48:12 - [TEST_STEP][PASSED] - waitForElementVisible: Object 'Object Repository/ADMIN/Categories/Category List/button_Categories' is visible

2019-05-27 09:48:12 - [MESSAGE][WARNING] - Timeout '0' is invalid. Using default page load timeout: '30'

2019-05-27 09:48:12 - [MESSAGE][PASSED] - Object 'Object Repository/ADMIN/Categories/Category List/button_Categories' is visible

2019-05-27 09:48:12 - [TEST_STEP][FAILED] - click: Unable to click on object 'Object Repository/ADMIN/Categories/Category List/button_Categories' (Root cause: org.openqa.selenium.ElementNotVisibleException: element not visible
  (Session info: chrome=74.0.3729.169)
  (Driver info: chromedriver=2.35.528161 (5b82f2d2aae0ca24b877009200ced9065a772e73),platform=Windows NT 6.1.7601 SP1 x86_64) (WARNING: The server did not provide any stacktrace information)
Command duration or timeout: 0 milliseconds
Build info: version: '3.7.1', revision: '8a0099a', time: '2017-11-06T21:07:36.161Z'
System info: host: 'ARCADIER-PC', ip: '10.10.31.95', os.name: 'Windows 7', os.arch: 'amd64', os.version: '6.1', java.version: '1.8.0_102'
Driver info: com.kms.katalon.core.webui.driver.ExistingRemoteWebDriver
Capabilities {javascriptEnabled: true, platform: ANY, platformName: ANY}
Session ID: f912d58d04e0ea049492dcdbe1240f08)

2019-05-27 09:48:13 - [MESSAGE][FAILED] - Unable to click on object 'Object Repository/ADMIN/Categories/Category List/button_Categories' (Root cause: org.openqa.selenium.ElementNotVisibleException: element not visible
  (Session info: chrome=74.0.3729.169)
  (Driver info: chromedriver=2.35.528161 (5b82f2d2aae0ca24b877009200ced9065a772e73),platform=Windows NT 6.1.7601 SP1 x86_64) (WARNING: The server did not provide any stacktrace information)
Command duration or timeout: 0 milliseconds
Build info: version: '3.7.1', revision: '8a0099a', time: '2017-11-06T21:07:36.161Z'
System info: host: 'ARCADIER-PC', ip: '10.10.31.95', os.name: 'Windows 7', os.arch: 'amd64', os.version: '6.1', java.version: '1.8.0_102'
Driver info: com.kms.katalon.core.webui.driver.ExistingRemoteWebDriver
Capabilities {javascriptEnabled: true, platform: ANY, platformName: ANY}
Session ID: f912d58d04e0ea049492dcdbe1240f08)
[[ATTACHMENT|C:\\Users\\Arcadier\\git\\Arctick\\Reports\\Suites\\Admin Category\\20190527_092604\\1558921693076.png]]

2019-05-27 09:48:13 - [TEST_STEP][PASSED] - waitForPageLoad: Wait for page load successfully

2019-05-27 09:48:13 - [MESSAGE][WARNING] - Timeout '0' is invalid. Using default page load timeout: '30'

2019-05-27 09:48:13 - [MESSAGE][PASSED] - Wait for page load successfully

2019-05-27 09:48:13 - [TEST_STEP][PASSED] - click: Object: 'Object Repository/ADMIN/Categories/Category List/button_Add a Category' is clicked on

2019-05-27 09:48:14 - [MESSAGE][PASSED] - Object: 'Object Repository/ADMIN/Categories/Category List/button_Add a Category' is clicked on

2019-05-27 09:48:14 - [TEST_STEP][PASSED] - waitForElementPresent: Object 'Object Repository/ADMIN/Categories/Category/dropdown_Parent' is present

2019-05-27 09:48:14 - [MESSAGE][PASSED] - Object 'Object Repository/ADMIN/Categories/Category/dropdown_Parent' is present

2019-05-27 09:48:14 - [TEST_STEP][PASSED] - delay: Delayed 1 second(s)

2019-05-27 09:48:15 - [MESSAGE][PASSED] - Delayed 1 second(s)

2019-05-27 09:48:15 - [TEST_STEP][PASSED] - setText: Text 'Category 4.10.5.1' is set on object 'Object Repository/ADMIN/Categories/Category/textfield_Category Name'

2019-05-27 09:48:15 - [MESSAGE][PASSED] - Text 'Category 4.10.5.1' is set on object 'Object Repository/ADMIN/Categories/Category/textfield_Category Name'

2019-05-27 09:48:15 - [TEST_STEP][PASSED] - click: Object: 'Object Repository/ADMIN/Categories/Category/dropdown_Parent' is clicked on

2019-05-27 09:48:16 - [MESSAGE][PASSED] - Object: 'Object Repository/ADMIN/Categories/Category/dropdown_Parent' is clicked on

2019-05-27 09:48:16 - [TEST_STEP][PASSED] - delay: Delayed 2 second(s)

2019-05-27 09:48:18 - [MESSAGE][PASSED] - Delayed 2 second(s)

2019-05-27 09:48:18 - [TEST_STEP][PASSED] - click: Object: 'Object Repository/ADMIN/Categories/Category/dropdown_Parent' is clicked on

2019-05-27 09:48:18 - [MESSAGE][PASSED] - Object: 'Object Repository/ADMIN/Categories/Category/dropdown_Parent' is clicked on

2019-05-27 09:48:18 - [TEST_STEP][PASSED] - selectOptionByLabel: All options with label 'Category 4.10.5' are selected in object 'Object Repository/ADMIN/Categories/Category/dropdown_Parent' 

2019-05-27 09:48:19 - [MESSAGE][PASSED] - All options with label 'Category 4.10.5' are selected in object 'Object Repository/ADMIN/Categories/Category/dropdown_Parent' 

2019-05-27 09:48:19 - [TEST_STEP][PASSED] - click: Object: 'Object Repository/ADMIN/Categories/Category/button_Browse' is clicked on

2019-05-27 09:48:19 - [MESSAGE][PASSED] - Object: 'Object Repository/ADMIN/Categories/Category/button_Browse' is clicked on

2019-05-27 09:48:19 - [TEST_STEP][PASSED] - delay: Delayed 2 second(s)

2019-05-27 09:48:21 - [MESSAGE][PASSED] - Delayed 2 second(s)

2019-05-27 09:48:21 - [TEST_STEP][PASSED] - uploadFile: File 'C:\\Katalon\\Image\\pic7.jpg' sent to object: 'Object Repository/ADMIN/Categories/Category/image_input image'

2019-05-27 09:48:22 - [MESSAGE][PASSED] - File 'C:\\Katalon\\Image\\pic7.jpg' sent to object: 'Object Repository/ADMIN/Categories/Category/image_input image'

2019-05-27 09:48:22 - [TEST_STEP][PASSED] - waitForElementVisible: Object 'Object Repository/ADMIN/Categories/Category/button_upload check' is visible

2019-05-27 09:48:22 - [MESSAGE][WARNING] - Timeout '0' is invalid. Using default page load timeout: '30'

2019-05-27 09:48:22 - [MESSAGE][PASSED] - Object 'Object Repository/ADMIN/Categories/Category/button_upload check' is visible

2019-05-27 09:48:22 - [TEST_STEP][PASSED] - click: Object: 'Object Repository/ADMIN/Categories/Category/button_upload check' is clicked on

2019-05-27 09:48:22 - [MESSAGE][PASSED] - Object: 'Object Repository/ADMIN/Categories/Category/button_upload check' is clicked on

2019-05-27 09:48:22 - [TEST_STEP][PASSED] - click: Object: 'Object Repository/ADMIN/Categories/Category/button_upload save' is clicked on

2019-05-27 09:48:23 - [MESSAGE][PASSED] - Object: 'Object Repository/ADMIN/Categories/Category/button_upload save' is clicked on

2019-05-27 09:48:23 - [TEST_STEP][PASSED] - waitForElementVisible: Web element with id: 'Object Repository/ADMIN/Categories/Category/button_upload save' located by 'By.xpath: //a[@class = 'btn btn-warning download' and (text() = ' Add Photo' or . = ' Add Photo')]' not found

2019-05-27 09:48:23 - [MESSAGE][WARNING] - Timeout '0' is invalid. Using default page load timeout: '30'

2019-05-27 09:48:58 - [MESSAGE][WARNING] - Web element with id: 'Object Repository/ADMIN/Categories/Category/button_upload save' located by 'By.xpath: //a[@class = 'btn btn-warning download' and (text() = ' Add Photo' or . = ' Add Photo')]' not found

2019-05-27 09:48:58 - [TEST_STEP][PASSED] - setText: Text 'Description68' is set on object 'Object Repository/ADMIN/Categories/Category/textfield_category_description'

2019-05-27 09:48:59 - [MESSAGE][PASSED] - Text 'Description68' is set on object 'Object Repository/ADMIN/Categories/Category/textfield_category_description'

2019-05-27 09:48:59 - [TEST_STEP][PASSED] - click: Object: 'Object Repository/ADMIN/Categories/Category/button_Save' is clicked on

2019-05-27 09:48:59 - [MESSAGE][PASSED] - Object: 'Object Repository/ADMIN/Categories/Category/button_Save' is clicked on

2019-05-27 09:48:59 - [TEST_STEP][PASSED] - waitForElementVisible: Object 'Object Repository/ADMIN/Categories/Category/label_edit popup' is visible

2019-05-27 09:48:59 - [MESSAGE][WARNING] - Timeout '0' is invalid. Using default page load timeout: '30'

2019-05-27 09:49:01 - [MESSAGE][PASSED] - Object 'Object Repository/ADMIN/Categories/Category/label_edit popup' is visible

2019-05-27 09:49:01 - [TEST_STEP][PASSED] - waitForElementNotPresent: Web element with id: 'Object Repository/ADMIN/Categories/Category/label_edit popup' located by 'By.xpath: //div[(text() = 'Category was successfully saved.' or . = 'Category was successfully saved.')]' is not present after '30' second(s)

2019-05-27 09:49:01 - [MESSAGE][WARNING] - Timeout '0' is invalid. Using default page load timeout: '30'

2019-05-27 09:49:07 - [MESSAGE][PASSED] - Web element with id: 'Object Repository/ADMIN/Categories/Category/label_edit popup' located by 'By.xpath: //div[(text() = 'Category was successfully saved.' or . = 'Category was successfully saved.')]' is not present after '30' second(s)]]></system-out>
         <system-err><![CDATA[2019-05-27 09:48:11 - [TEST_CASE][FAILED] - Test Cases/ADMIN/Content Mgmt/Categories/Category Add-Edit/Add Category: Test Cases/ADMIN/Content Mgmt/Categories/Category Add-Edit/Add Category FAILED because (of) Unable to click on object 'Object Repository/ADMIN/Categories/Category List/button_Categories' (Root cause: org.openqa.selenium.ElementNotVisibleException: element not visible
  (Session info: chrome=74.0.3729.169)
  (Driver info: chromedriver=2.35.528161 (5b82f2d2aae0ca24b877009200ced9065a772e73),platform=Windows NT 6.1.7601 SP1 x86_64) (WARNING: The server did not provide any stacktrace information)
Command duration or timeout: 0 milliseconds
Build info: version: '3.7.1', revision: '8a0099a', time: '2017-11-06T21:07:36.161Z'
System info: host: 'ARCADIER-PC', ip: '10.10.31.95', os.name: 'Windows 7', os.arch: 'amd64', os.version: '6.1', java.version: '1.8.0_102'
Driver info: com.kms.katalon.core.webui.driver.ExistingRemoteWebDriver
Capabilities {javascriptEnabled: true, platform: ANY, platformName: ANY}
Session ID: f912d58d04e0ea049492dcdbe1240f08)]]></system-err>
      </testcase>
      <testcase name="Test Cases/ADMIN/Content Mgmt/Categories/Category Add-Edit/Add Category" classname="Test Cases/ADMIN/Content Mgmt/Categories/Category Add-Edit/Add Category" status="PASSED">
         <system-out><![CDATA[2019-05-27 09:49:07 - [TEST_CASE][PASSED] - Test Cases/ADMIN/Content Mgmt/Categories/Category Add-Edit/Add Category: Test Cases/ADMIN/Content Mgmt/Categories/Category Add-Edit/Add Category

2019-05-27 09:49:07 - [TEST_STEP][PASSED] - waitForElementVisible: Object 'Object Repository/ADMIN/Categories/Category List/button_Content Mgmt' is visible

2019-05-27 09:49:07 - [MESSAGE][WARNING] - Timeout '0' is invalid. Using default page load timeout: '30'

2019-05-27 09:49:07 - [MESSAGE][PASSED] - Object 'Object Repository/ADMIN/Categories/Category List/button_Content Mgmt' is visible

2019-05-27 09:49:07 - [TEST_STEP][PASSED] - click: Object: 'Object Repository/ADMIN/Categories/Category List/button_Content Mgmt' is clicked on

2019-05-27 09:49:07 - [MESSAGE][PASSED] - Object: 'Object Repository/ADMIN/Categories/Category List/button_Content Mgmt' is clicked on

2019-05-27 09:49:07 - [TEST_STEP][PASSED] - waitForElementVisible: Object 'Object Repository/ADMIN/Categories/Category List/button_Categories' is visible

2019-05-27 09:49:07 - [MESSAGE][WARNING] - Timeout '0' is invalid. Using default page load timeout: '30'

2019-05-27 09:49:07 - [MESSAGE][PASSED] - Object 'Object Repository/ADMIN/Categories/Category List/button_Categories' is visible

2019-05-27 09:49:07 - [TEST_STEP][PASSED] - click: Object: 'Object Repository/ADMIN/Categories/Category List/button_Categories' is clicked on

2019-05-27 09:49:09 - [MESSAGE][PASSED] - Object: 'Object Repository/ADMIN/Categories/Category List/button_Categories' is clicked on

2019-05-27 09:49:09 - [TEST_STEP][PASSED] - waitForPageLoad: Wait for page load successfully

2019-05-27 09:49:09 - [MESSAGE][WARNING] - Timeout '0' is invalid. Using default page load timeout: '30'

2019-05-27 09:49:10 - [MESSAGE][PASSED] - Wait for page load successfully

2019-05-27 09:49:10 - [TEST_STEP][PASSED] - click: Object: 'Object Repository/ADMIN/Categories/Category List/button_Add a Category' is clicked on

2019-05-27 09:49:12 - [MESSAGE][PASSED] - Object: 'Object Repository/ADMIN/Categories/Category List/button_Add a Category' is clicked on

2019-05-27 09:49:12 - [TEST_STEP][PASSED] - waitForElementPresent: Object 'Object Repository/ADMIN/Categories/Category/dropdown_Parent' is present

2019-05-27 09:49:12 - [MESSAGE][PASSED] - Object 'Object Repository/ADMIN/Categories/Category/dropdown_Parent' is present

2019-05-27 09:49:12 - [TEST_STEP][PASSED] - delay: Delayed 1 second(s)

2019-05-27 09:49:13 - [MESSAGE][PASSED] - Delayed 1 second(s)

2019-05-27 09:49:13 - [TEST_STEP][PASSED] - setText: Text 'Category 4.10.5.2' is set on object 'Object Repository/ADMIN/Categories/Category/textfield_Category Name'

2019-05-27 09:49:14 - [MESSAGE][PASSED] - Text 'Category 4.10.5.2' is set on object 'Object Repository/ADMIN/Categories/Category/textfield_Category Name'

2019-05-27 09:49:14 - [TEST_STEP][PASSED] - click: Object: 'Object Repository/ADMIN/Categories/Category/dropdown_Parent' is clicked on

2019-05-27 09:49:14 - [MESSAGE][PASSED] - Object: 'Object Repository/ADMIN/Categories/Category/dropdown_Parent' is clicked on

2019-05-27 09:49:14 - [TEST_STEP][PASSED] - delay: Delayed 2 second(s)

2019-05-27 09:49:16 - [MESSAGE][PASSED] - Delayed 2 second(s)

2019-05-27 09:49:16 - [TEST_STEP][PASSED] - click: Object: 'Object Repository/ADMIN/Categories/Category/dropdown_Parent' is clicked on

2019-05-27 09:49:17 - [MESSAGE][PASSED] - Object: 'Object Repository/ADMIN/Categories/Category/dropdown_Parent' is clicked on

2019-05-27 09:49:17 - [TEST_STEP][PASSED] - selectOptionByLabel: All options with label 'Category 4.10.5' are selected in object 'Object Repository/ADMIN/Categories/Category/dropdown_Parent' 

2019-05-27 09:49:17 - [MESSAGE][PASSED] - All options with label 'Category 4.10.5' are selected in object 'Object Repository/ADMIN/Categories/Category/dropdown_Parent' 

2019-05-27 09:49:17 - [TEST_STEP][PASSED] - click: Object: 'Object Repository/ADMIN/Categories/Category/button_Browse' is clicked on

2019-05-27 09:49:17 - [MESSAGE][PASSED] - Object: 'Object Repository/ADMIN/Categories/Category/button_Browse' is clicked on

2019-05-27 09:49:17 - [TEST_STEP][PASSED] - delay: Delayed 2 second(s)

2019-05-27 09:49:19 - [MESSAGE][PASSED] - Delayed 2 second(s)

2019-05-27 09:49:19 - [TEST_STEP][PASSED] - uploadFile: File 'C:\\Katalon\\Image\\pic8.jpg' sent to object: 'Object Repository/ADMIN/Categories/Category/image_input image'

2019-05-27 09:49:20 - [MESSAGE][PASSED] - File 'C:\\Katalon\\Image\\pic8.jpg' sent to object: 'Object Repository/ADMIN/Categories/Category/image_input image'

2019-05-27 09:49:20 - [TEST_STEP][PASSED] - waitForElementVisible: Object 'Object Repository/ADMIN/Categories/Category/button_upload check' is visible

2019-05-27 09:49:20 - [MESSAGE][WARNING] - Timeout '0' is invalid. Using default page load timeout: '30'

2019-05-27 09:49:20 - [MESSAGE][PASSED] - Object 'Object Repository/ADMIN/Categories/Category/button_upload check' is visible

2019-05-27 09:49:20 - [TEST_STEP][PASSED] - click: Object: 'Object Repository/ADMIN/Categories/Category/button_upload check' is clicked on

2019-05-27 09:49:20 - [MESSAGE][PASSED] - Object: 'Object Repository/ADMIN/Categories/Category/button_upload check' is clicked on

2019-05-27 09:49:20 - [TEST_STEP][PASSED] - click: Object: 'Object Repository/ADMIN/Categories/Category/button_upload save' is clicked on

2019-05-27 09:49:21 - [MESSAGE][PASSED] - Object: 'Object Repository/ADMIN/Categories/Category/button_upload save' is clicked on

2019-05-27 09:49:21 - [TEST_STEP][PASSED] - waitForElementVisible: Web element with id: 'Object Repository/ADMIN/Categories/Category/button_upload save' located by 'By.xpath: //a[@class = 'btn btn-warning download' and (text() = ' Add Photo' or . = ' Add Photo')]' not found

2019-05-27 09:49:21 - [MESSAGE][WARNING] - Timeout '0' is invalid. Using default page load timeout: '30'

2019-05-27 09:49:55 - [MESSAGE][WARNING] - Web element with id: 'Object Repository/ADMIN/Categories/Category/button_upload save' located by 'By.xpath: //a[@class = 'btn btn-warning download' and (text() = ' Add Photo' or . = ' Add Photo')]' not found

2019-05-27 09:49:55 - [TEST_STEP][PASSED] - setText: Text 'Description69' is set on object 'Object Repository/ADMIN/Categories/Category/textfield_category_description'

2019-05-27 09:49:55 - [MESSAGE][PASSED] - Text 'Description69' is set on object 'Object Repository/ADMIN/Categories/Category/textfield_category_description'

2019-05-27 09:49:55 - [TEST_STEP][PASSED] - click: Object: 'Object Repository/ADMIN/Categories/Category/button_Save' is clicked on

2019-05-27 09:49:55 - [MESSAGE][PASSED] - Object: 'Object Repository/ADMIN/Categories/Category/button_Save' is clicked on

2019-05-27 09:49:55 - [TEST_STEP][PASSED] - waitForElementVisible: Object 'Object Repository/ADMIN/Categories/Category/label_edit popup' is visible

2019-05-27 09:49:55 - [MESSAGE][WARNING] - Timeout '0' is invalid. Using default page load timeout: '30'

2019-05-27 09:49:56 - [MESSAGE][PASSED] - Object 'Object Repository/ADMIN/Categories/Category/label_edit popup' is visible

2019-05-27 09:49:56 - [TEST_STEP][PASSED] - waitForElementNotPresent: Web element with id: 'Object Repository/ADMIN/Categories/Category/label_edit popup' located by 'By.xpath: //div[(text() = 'Category was successfully saved.' or . = 'Category was successfully saved.')]' is not present after '30' second(s)

2019-05-27 09:49:56 - [MESSAGE][WARNING] - Timeout '0' is invalid. Using default page load timeout: '30'

2019-05-27 09:50:02 - [MESSAGE][PASSED] - Web element with id: 'Object Repository/ADMIN/Categories/Category/label_edit popup' located by 'By.xpath: //div[(text() = 'Category was successfully saved.' or . = 'Category was successfully saved.')]' is not present after '30' second(s)]]></system-out>
         <system-err><![CDATA[]]></system-err>
      </testcase>
      <testcase name="Test Cases/ADMIN/Content Mgmt/Categories/Category Add-Edit/Add Category" classname="Test Cases/ADMIN/Content Mgmt/Categories/Category Add-Edit/Add Category" status="PASSED">
         <system-out><![CDATA[2019-05-27 09:50:02 - [TEST_CASE][PASSED] - Test Cases/ADMIN/Content Mgmt/Categories/Category Add-Edit/Add Category: Test Cases/ADMIN/Content Mgmt/Categories/Category Add-Edit/Add Category

2019-05-27 09:50:02 - [TEST_STEP][PASSED] - waitForElementVisible: Object 'Object Repository/ADMIN/Categories/Category List/button_Content Mgmt' is visible

2019-05-27 09:50:02 - [MESSAGE][WARNING] - Timeout '0' is invalid. Using default page load timeout: '30'

2019-05-27 09:50:02 - [MESSAGE][PASSED] - Object 'Object Repository/ADMIN/Categories/Category List/button_Content Mgmt' is visible

2019-05-27 09:50:02 - [TEST_STEP][PASSED] - click: Object: 'Object Repository/ADMIN/Categories/Category List/button_Content Mgmt' is clicked on

2019-05-27 09:50:03 - [MESSAGE][PASSED] - Object: 'Object Repository/ADMIN/Categories/Category List/button_Content Mgmt' is clicked on

2019-05-27 09:50:03 - [TEST_STEP][PASSED] - waitForElementVisible: Object 'Object Repository/ADMIN/Categories/Category List/button_Categories' is visible

2019-05-27 09:50:03 - [MESSAGE][WARNING] - Timeout '0' is invalid. Using default page load timeout: '30'

2019-05-27 09:50:03 - [MESSAGE][PASSED] - Object 'Object Repository/ADMIN/Categories/Category List/button_Categories' is visible

2019-05-27 09:50:03 - [TEST_STEP][PASSED] - click: Object: 'Object Repository/ADMIN/Categories/Category List/button_Categories' is clicked on

2019-05-27 09:50:04 - [MESSAGE][PASSED] - Object: 'Object Repository/ADMIN/Categories/Category List/button_Categories' is clicked on

2019-05-27 09:50:04 - [TEST_STEP][PASSED] - waitForPageLoad: Wait for page load successfully

2019-05-27 09:50:04 - [MESSAGE][WARNING] - Timeout '0' is invalid. Using default page load timeout: '30'

2019-05-27 09:50:05 - [MESSAGE][PASSED] - Wait for page load successfully

2019-05-27 09:50:05 - [TEST_STEP][PASSED] - click: Object: 'Object Repository/ADMIN/Categories/Category List/button_Add a Category' is clicked on

2019-05-27 09:50:05 - [MESSAGE][PASSED] - Object: 'Object Repository/ADMIN/Categories/Category List/button_Add a Category' is clicked on

2019-05-27 09:50:05 - [TEST_STEP][PASSED] - waitForElementPresent: Object 'Object Repository/ADMIN/Categories/Category/dropdown_Parent' is present

2019-05-27 09:50:05 - [MESSAGE][PASSED] - Object 'Object Repository/ADMIN/Categories/Category/dropdown_Parent' is present

2019-05-27 09:50:05 - [TEST_STEP][PASSED] - delay: Delayed 1 second(s)

2019-05-27 09:50:06 - [MESSAGE][PASSED] - Delayed 1 second(s)

2019-05-27 09:50:06 - [TEST_STEP][PASSED] - setText: Text 'Category 4.10.5.3' is set on object 'Object Repository/ADMIN/Categories/Category/textfield_Category Name'

2019-05-27 09:50:06 - [MESSAGE][PASSED] - Text 'Category 4.10.5.3' is set on object 'Object Repository/ADMIN/Categories/Category/textfield_Category Name'

2019-05-27 09:50:06 - [TEST_STEP][PASSED] - click: Object: 'Object Repository/ADMIN/Categories/Category/dropdown_Parent' is clicked on

2019-05-27 09:50:06 - [MESSAGE][PASSED] - Object: 'Object Repository/ADMIN/Categories/Category/dropdown_Parent' is clicked on

2019-05-27 09:50:06 - [TEST_STEP][PASSED] - delay: Delayed 2 second(s)

2019-05-27 09:50:08 - [MESSAGE][PASSED] - Delayed 2 second(s)

2019-05-27 09:50:08 - [TEST_STEP][PASSED] - click: Object: 'Object Repository/ADMIN/Categories/Category/dropdown_Parent' is clicked on

2019-05-27 09:50:09 - [MESSAGE][PASSED] - Object: 'Object Repository/ADMIN/Categories/Category/dropdown_Parent' is clicked on

2019-05-27 09:50:09 - [TEST_STEP][PASSED] - selectOptionByLabel: All options with label 'Category 4.10.5' are selected in object 'Object Repository/ADMIN/Categories/Category/dropdown_Parent' 

2019-05-27 09:50:09 - [MESSAGE][PASSED] - All options with label 'Category 4.10.5' are selected in object 'Object Repository/ADMIN/Categories/Category/dropdown_Parent' 

2019-05-27 09:50:09 - [TEST_STEP][PASSED] - click: Object: 'Object Repository/ADMIN/Categories/Category/button_Browse' is clicked on

2019-05-27 09:50:09 - [MESSAGE][PASSED] - Object: 'Object Repository/ADMIN/Categories/Category/button_Browse' is clicked on

2019-05-27 09:50:09 - [TEST_STEP][PASSED] - delay: Delayed 2 second(s)

2019-05-27 09:50:11 - [MESSAGE][PASSED] - Delayed 2 second(s)

2019-05-27 09:50:11 - [TEST_STEP][PASSED] - uploadFile: File 'C:\\Katalon\\Image\\pic9.jpg' sent to object: 'Object Repository/ADMIN/Categories/Category/image_input image'

2019-05-27 09:50:11 - [MESSAGE][PASSED] - File 'C:\\Katalon\\Image\\pic9.jpg' sent to object: 'Object Repository/ADMIN/Categories/Category/image_input image'

2019-05-27 09:50:11 - [TEST_STEP][PASSED] - waitForElementVisible: Object 'Object Repository/ADMIN/Categories/Category/button_upload check' is visible

2019-05-27 09:50:11 - [MESSAGE][WARNING] - Timeout '0' is invalid. Using default page load timeout: '30'

2019-05-27 09:50:11 - [MESSAGE][PASSED] - Object 'Object Repository/ADMIN/Categories/Category/button_upload check' is visible

2019-05-27 09:50:11 - [TEST_STEP][PASSED] - click: Object: 'Object Repository/ADMIN/Categories/Category/button_upload check' is clicked on

2019-05-27 09:50:11 - [MESSAGE][PASSED] - Object: 'Object Repository/ADMIN/Categories/Category/button_upload check' is clicked on

2019-05-27 09:50:11 - [TEST_STEP][PASSED] - click: Object: 'Object Repository/ADMIN/Categories/Category/button_upload save' is clicked on

2019-05-27 09:50:11 - [MESSAGE][PASSED] - Object: 'Object Repository/ADMIN/Categories/Category/button_upload save' is clicked on

2019-05-27 09:50:11 - [TEST_STEP][PASSED] - waitForElementVisible: Web element with id: 'Object Repository/ADMIN/Categories/Category/button_upload save' located by 'By.xpath: //a[@class = 'btn btn-warning download' and (text() = ' Add Photo' or . = ' Add Photo')]' not found

2019-05-27 09:50:12 - [MESSAGE][WARNING] - Timeout '0' is invalid. Using default page load timeout: '30'

2019-05-27 09:50:48 - [MESSAGE][WARNING] - Web element with id: 'Object Repository/ADMIN/Categories/Category/button_upload save' located by 'By.xpath: //a[@class = 'btn btn-warning download' and (text() = ' Add Photo' or . = ' Add Photo')]' not found

2019-05-27 09:50:48 - [TEST_STEP][PASSED] - setText: Text 'Description70' is set on object 'Object Repository/ADMIN/Categories/Category/textfield_category_description'

2019-05-27 09:50:48 - [MESSAGE][PASSED] - Text 'Description70' is set on object 'Object Repository/ADMIN/Categories/Category/textfield_category_description'

2019-05-27 09:50:48 - [TEST_STEP][PASSED] - click: Object: 'Object Repository/ADMIN/Categories/Category/button_Save' is clicked on

2019-05-27 09:50:48 - [MESSAGE][PASSED] - Object: 'Object Repository/ADMIN/Categories/Category/button_Save' is clicked on

2019-05-27 09:50:48 - [TEST_STEP][PASSED] - waitForElementVisible: Object 'Object Repository/ADMIN/Categories/Category/label_edit popup' is visible

2019-05-27 09:50:48 - [MESSAGE][WARNING] - Timeout '0' is invalid. Using default page load timeout: '30'

2019-05-27 09:50:49 - [MESSAGE][PASSED] - Object 'Object Repository/ADMIN/Categories/Category/label_edit popup' is visible

2019-05-27 09:50:49 - [TEST_STEP][PASSED] - waitForElementNotPresent: Web element with id: 'Object Repository/ADMIN/Categories/Category/label_edit popup' located by 'By.xpath: //div[(text() = 'Category was successfully saved.' or . = 'Category was successfully saved.')]' is not present after '30' second(s)

2019-05-27 09:50:49 - [MESSAGE][WARNING] - Timeout '0' is invalid. Using default page load timeout: '30'

2019-05-27 09:50:55 - [MESSAGE][PASSED] - Web element with id: 'Object Repository/ADMIN/Categories/Category/label_edit popup' located by 'By.xpath: //div[(text() = 'Category was successfully saved.' or . = 'Category was successfully saved.')]' is not present after '30' second(s)]]></system-out>
         <system-err><![CDATA[]]></system-err>
      </testcase>
      <testcase name="Test Cases/ADMIN/Content Mgmt/Categories/Category Add-Edit/Add Category" classname="Test Cases/ADMIN/Content Mgmt/Categories/Category Add-Edit/Add Category" status="PASSED">
         <system-out><![CDATA[2019-05-27 09:50:55 - [TEST_CASE][PASSED] - Test Cases/ADMIN/Content Mgmt/Categories/Category Add-Edit/Add Category: Test Cases/ADMIN/Content Mgmt/Categories/Category Add-Edit/Add Category

2019-05-27 09:50:55 - [TEST_STEP][PASSED] - waitForElementVisible: Object 'Object Repository/ADMIN/Categories/Category List/button_Content Mgmt' is visible

2019-05-27 09:50:55 - [MESSAGE][WARNING] - Timeout '0' is invalid. Using default page load timeout: '30'

2019-05-27 09:50:55 - [MESSAGE][PASSED] - Object 'Object Repository/ADMIN/Categories/Category List/button_Content Mgmt' is visible

2019-05-27 09:50:55 - [TEST_STEP][PASSED] - click: Object: 'Object Repository/ADMIN/Categories/Category List/button_Content Mgmt' is clicked on

2019-05-27 09:50:55 - [MESSAGE][PASSED] - Object: 'Object Repository/ADMIN/Categories/Category List/button_Content Mgmt' is clicked on

2019-05-27 09:50:55 - [TEST_STEP][PASSED] - waitForElementVisible: Object 'Object Repository/ADMIN/Categories/Category List/button_Categories' is visible

2019-05-27 09:50:55 - [MESSAGE][WARNING] - Timeout '0' is invalid. Using default page load timeout: '30'

2019-05-27 09:50:56 - [MESSAGE][PASSED] - Object 'Object Repository/ADMIN/Categories/Category List/button_Categories' is visible

2019-05-27 09:50:56 - [TEST_STEP][PASSED] - click: Object: 'Object Repository/ADMIN/Categories/Category List/button_Categories' is clicked on

2019-05-27 09:50:57 - [MESSAGE][PASSED] - Object: 'Object Repository/ADMIN/Categories/Category List/button_Categories' is clicked on

2019-05-27 09:50:57 - [TEST_STEP][PASSED] - waitForPageLoad: Wait for page load successfully

2019-05-27 09:50:57 - [MESSAGE][WARNING] - Timeout '0' is invalid. Using default page load timeout: '30'

2019-05-27 09:50:57 - [MESSAGE][PASSED] - Wait for page load successfully

2019-05-27 09:50:57 - [TEST_STEP][PASSED] - click: Object: 'Object Repository/ADMIN/Categories/Category List/button_Add a Category' is clicked on

2019-05-27 09:50:58 - [MESSAGE][PASSED] - Object: 'Object Repository/ADMIN/Categories/Category List/button_Add a Category' is clicked on

2019-05-27 09:50:58 - [TEST_STEP][PASSED] - waitForElementPresent: Object 'Object Repository/ADMIN/Categories/Category/dropdown_Parent' is present

2019-05-27 09:50:58 - [MESSAGE][PASSED] - Object 'Object Repository/ADMIN/Categories/Category/dropdown_Parent' is present

2019-05-27 09:50:58 - [TEST_STEP][PASSED] - delay: Delayed 1 second(s)

2019-05-27 09:50:59 - [MESSAGE][PASSED] - Delayed 1 second(s)

2019-05-27 09:50:59 - [TEST_STEP][PASSED] - setText: Text 'Category 4.10.5.3.1' is set on object 'Object Repository/ADMIN/Categories/Category/textfield_Category Name'

2019-05-27 09:50:59 - [MESSAGE][PASSED] - Text 'Category 4.10.5.3.1' is set on object 'Object Repository/ADMIN/Categories/Category/textfield_Category Name'

2019-05-27 09:50:59 - [TEST_STEP][PASSED] - click: Object: 'Object Repository/ADMIN/Categories/Category/dropdown_Parent' is clicked on

2019-05-27 09:51:00 - [MESSAGE][PASSED] - Object: 'Object Repository/ADMIN/Categories/Category/dropdown_Parent' is clicked on

2019-05-27 09:51:00 - [TEST_STEP][PASSED] - delay: Delayed 2 second(s)

2019-05-27 09:51:02 - [MESSAGE][PASSED] - Delayed 2 second(s)

2019-05-27 09:51:02 - [TEST_STEP][PASSED] - click: Object: 'Object Repository/ADMIN/Categories/Category/dropdown_Parent' is clicked on

2019-05-27 09:51:02 - [MESSAGE][PASSED] - Object: 'Object Repository/ADMIN/Categories/Category/dropdown_Parent' is clicked on

2019-05-27 09:51:02 - [TEST_STEP][PASSED] - selectOptionByLabel: All options with label 'Category 4.10.5.3' are selected in object 'Object Repository/ADMIN/Categories/Category/dropdown_Parent' 

2019-05-27 09:51:02 - [MESSAGE][PASSED] - All options with label 'Category 4.10.5.3' are selected in object 'Object Repository/ADMIN/Categories/Category/dropdown_Parent' 

2019-05-27 09:51:02 - [TEST_STEP][PASSED] - click: Object: 'Object Repository/ADMIN/Categories/Category/button_Browse' is clicked on

2019-05-27 09:51:02 - [MESSAGE][PASSED] - Object: 'Object Repository/ADMIN/Categories/Category/button_Browse' is clicked on

2019-05-27 09:51:02 - [TEST_STEP][PASSED] - delay: Delayed 2 second(s)

2019-05-27 09:51:04 - [MESSAGE][PASSED] - Delayed 2 second(s)

2019-05-27 09:51:04 - [TEST_STEP][PASSED] - uploadFile: File 'C:\\Katalon\\Image\\pic10.jpg' sent to object: 'Object Repository/ADMIN/Categories/Category/image_input image'

2019-05-27 09:51:04 - [MESSAGE][PASSED] - File 'C:\\Katalon\\Image\\pic10.jpg' sent to object: 'Object Repository/ADMIN/Categories/Category/image_input image'

2019-05-27 09:51:04 - [TEST_STEP][PASSED] - waitForElementVisible: Object 'Object Repository/ADMIN/Categories/Category/button_upload check' is visible

2019-05-27 09:51:04 - [MESSAGE][WARNING] - Timeout '0' is invalid. Using default page load timeout: '30'

2019-05-27 09:51:04 - [MESSAGE][PASSED] - Object 'Object Repository/ADMIN/Categories/Category/button_upload check' is visible

2019-05-27 09:51:04 - [TEST_STEP][PASSED] - click: Object: 'Object Repository/ADMIN/Categories/Category/button_upload check' is clicked on

2019-05-27 09:51:04 - [MESSAGE][PASSED] - Object: 'Object Repository/ADMIN/Categories/Category/button_upload check' is clicked on

2019-05-27 09:51:04 - [TEST_STEP][PASSED] - click: Object: 'Object Repository/ADMIN/Categories/Category/button_upload save' is clicked on

2019-05-27 09:51:05 - [MESSAGE][PASSED] - Object: 'Object Repository/ADMIN/Categories/Category/button_upload save' is clicked on

2019-05-27 09:51:05 - [TEST_STEP][PASSED] - waitForElementVisible: Object 'Object Repository/ADMIN/Categories/Category/button_upload save' is visible

2019-05-27 09:51:05 - [MESSAGE][WARNING] - Timeout '0' is invalid. Using default page load timeout: '30'

2019-05-27 09:51:05 - [MESSAGE][PASSED] - Object 'Object Repository/ADMIN/Categories/Category/button_upload save' is visible

2019-05-27 09:51:05 - [TEST_STEP][PASSED] - setText: Text 'Description71' is set on object 'Object Repository/ADMIN/Categories/Category/textfield_category_description'

2019-05-27 09:51:06 - [MESSAGE][PASSED] - Text 'Description71' is set on object 'Object Repository/ADMIN/Categories/Category/textfield_category_description'

2019-05-27 09:51:06 - [TEST_STEP][PASSED] - click: Object: 'Object Repository/ADMIN/Categories/Category/button_Save' is clicked on

2019-05-27 09:51:08 - [MESSAGE][PASSED] - Object: 'Object Repository/ADMIN/Categories/Category/button_Save' is clicked on

2019-05-27 09:51:08 - [TEST_STEP][PASSED] - waitForElementVisible: Object 'Object Repository/ADMIN/Categories/Category/label_edit popup' is visible

2019-05-27 09:51:08 - [MESSAGE][WARNING] - Timeout '0' is invalid. Using default page load timeout: '30'

2019-05-27 09:51:09 - [MESSAGE][PASSED] - Object 'Object Repository/ADMIN/Categories/Category/label_edit popup' is visible

2019-05-27 09:51:09 - [TEST_STEP][PASSED] - waitForElementNotPresent: Web element with id: 'Object Repository/ADMIN/Categories/Category/label_edit popup' located by 'By.xpath: //div[(text() = 'Category was successfully saved.' or . = 'Category was successfully saved.')]' is not present after '30' second(s)

2019-05-27 09:51:09 - [MESSAGE][WARNING] - Timeout '0' is invalid. Using default page load timeout: '30'

2019-05-27 09:51:15 - [MESSAGE][PASSED] - Web element with id: 'Object Repository/ADMIN/Categories/Category/label_edit popup' located by 'By.xpath: //div[(text() = 'Category was successfully saved.' or . = 'Category was successfully saved.')]' is not present after '30' second(s)]]></system-out>
         <system-err><![CDATA[]]></system-err>
      </testcase>
      <testcase name="Test Cases/ADMIN/Content Mgmt/Categories/Category Add-Edit/Add Category" classname="Test Cases/ADMIN/Content Mgmt/Categories/Category Add-Edit/Add Category" status="FAILED">
         <failure type="FAILED" message="Unable to click on object 'Object Repository/ADMIN/Categories/Category List/button_Categories' (Root cause: org.openqa.selenium.ElementNotVisibleException: element not visible
  (Session info: chrome=74.0.3729.169)
  (Driver info: chromedriver=2.35.528161 (5b82f2d2aae0ca24b877009200ced9065a772e73),platform=Windows NT 6.1.7601 SP1 x86_64) (WARNING: The server did not provide any stacktrace information)
Command duration or timeout: 0 milliseconds
Build info: version: '3.7.1', revision: '8a0099a', time: '2017-11-06T21:07:36.161Z'
System info: host: 'ARCADIER-PC', ip: '10.10.31.95', os.name: 'Windows 7', os.arch: 'amd64', os.version: '6.1', java.version: '1.8.0_102'
Driver info: com.kms.katalon.core.webui.driver.ExistingRemoteWebDriver
Capabilities {javascriptEnabled: true, platform: ANY, platformName: ANY}
Session ID: f912d58d04e0ea049492dcdbe1240f08)"/>
         <system-out><![CDATA[2019-05-27 09:51:15 - [TEST_CASE][FAILED] - Test Cases/ADMIN/Content Mgmt/Categories/Category Add-Edit/Add Category: Test Cases/ADMIN/Content Mgmt/Categories/Category Add-Edit/Add Category FAILED because (of) Unable to click on object 'Object Repository/ADMIN/Categories/Category List/button_Categories' (Root cause: org.openqa.selenium.ElementNotVisibleException: element not visible
  (Session info: chrome=74.0.3729.169)
  (Driver info: chromedriver=2.35.528161 (5b82f2d2aae0ca24b877009200ced9065a772e73),platform=Windows NT 6.1.7601 SP1 x86_64) (WARNING: The server did not provide any stacktrace information)
Command duration or timeout: 0 milliseconds
Build info: version: '3.7.1', revision: '8a0099a', time: '2017-11-06T21:07:36.161Z'
System info: host: 'ARCADIER-PC', ip: '10.10.31.95', os.name: 'Windows 7', os.arch: 'amd64', os.version: '6.1', java.version: '1.8.0_102'
Driver info: com.kms.katalon.core.webui.driver.ExistingRemoteWebDriver
Capabilities {javascriptEnabled: true, platform: ANY, platformName: ANY}
Session ID: f912d58d04e0ea049492dcdbe1240f08)

2019-05-27 09:51:15 - [TEST_STEP][PASSED] - waitForElementVisible: Object 'Object Repository/ADMIN/Categories/Category List/button_Content Mgmt' is visible

2019-05-27 09:51:15 - [MESSAGE][WARNING] - Timeout '0' is invalid. Using default page load timeout: '30'

2019-05-27 09:51:15 - [MESSAGE][PASSED] - Object 'Object Repository/ADMIN/Categories/Category List/button_Content Mgmt' is visible

2019-05-27 09:51:15 - [TEST_STEP][PASSED] - click: Object: 'Object Repository/ADMIN/Categories/Category List/button_Content Mgmt' is clicked on

2019-05-27 09:51:15 - [MESSAGE][PASSED] - Object: 'Object Repository/ADMIN/Categories/Category List/button_Content Mgmt' is clicked on

2019-05-27 09:51:15 - [TEST_STEP][PASSED] - waitForElementVisible: Object 'Object Repository/ADMIN/Categories/Category List/button_Categories' is visible

2019-05-27 09:51:15 - [MESSAGE][WARNING] - Timeout '0' is invalid. Using default page load timeout: '30'

2019-05-27 09:51:16 - [MESSAGE][PASSED] - Object 'Object Repository/ADMIN/Categories/Category List/button_Categories' is visible

2019-05-27 09:51:16 - [TEST_STEP][FAILED] - click: Unable to click on object 'Object Repository/ADMIN/Categories/Category List/button_Categories' (Root cause: org.openqa.selenium.ElementNotVisibleException: element not visible
  (Session info: chrome=74.0.3729.169)
  (Driver info: chromedriver=2.35.528161 (5b82f2d2aae0ca24b877009200ced9065a772e73),platform=Windows NT 6.1.7601 SP1 x86_64) (WARNING: The server did not provide any stacktrace information)
Command duration or timeout: 0 milliseconds
Build info: version: '3.7.1', revision: '8a0099a', time: '2017-11-06T21:07:36.161Z'
System info: host: 'ARCADIER-PC', ip: '10.10.31.95', os.name: 'Windows 7', os.arch: 'amd64', os.version: '6.1', java.version: '1.8.0_102'
Driver info: com.kms.katalon.core.webui.driver.ExistingRemoteWebDriver
Capabilities {javascriptEnabled: true, platform: ANY, platformName: ANY}
Session ID: f912d58d04e0ea049492dcdbe1240f08)

2019-05-27 09:51:16 - [MESSAGE][FAILED] - Unable to click on object 'Object Repository/ADMIN/Categories/Category List/button_Categories' (Root cause: org.openqa.selenium.ElementNotVisibleException: element not visible
  (Session info: chrome=74.0.3729.169)
  (Driver info: chromedriver=2.35.528161 (5b82f2d2aae0ca24b877009200ced9065a772e73),platform=Windows NT 6.1.7601 SP1 x86_64) (WARNING: The server did not provide any stacktrace information)
Command duration or timeout: 0 milliseconds
Build info: version: '3.7.1', revision: '8a0099a', time: '2017-11-06T21:07:36.161Z'
System info: host: 'ARCADIER-PC', ip: '10.10.31.95', os.name: 'Windows 7', os.arch: 'amd64', os.version: '6.1', java.version: '1.8.0_102'
Driver info: com.kms.katalon.core.webui.driver.ExistingRemoteWebDriver
Capabilities {javascriptEnabled: true, platform: ANY, platformName: ANY}
Session ID: f912d58d04e0ea049492dcdbe1240f08)
[[ATTACHMENT|C:\\Users\\Arcadier\\git\\Arctick\\Reports\\Suites\\Admin Category\\20190527_092604\\1558921876276.png]]

2019-05-27 09:51:16 - [TEST_STEP][PASSED] - waitForPageLoad: Wait for page load successfully

2019-05-27 09:51:16 - [MESSAGE][WARNING] - Timeout '0' is invalid. Using default page load timeout: '30'

2019-05-27 09:51:16 - [MESSAGE][PASSED] - Wait for page load successfully

2019-05-27 09:51:16 - [TEST_STEP][PASSED] - click: Object: 'Object Repository/ADMIN/Categories/Category List/button_Add a Category' is clicked on

2019-05-27 09:51:16 - [MESSAGE][PASSED] - Object: 'Object Repository/ADMIN/Categories/Category List/button_Add a Category' is clicked on

2019-05-27 09:51:16 - [TEST_STEP][PASSED] - waitForElementPresent: Object 'Object Repository/ADMIN/Categories/Category/dropdown_Parent' is present

2019-05-27 09:51:16 - [MESSAGE][PASSED] - Object 'Object Repository/ADMIN/Categories/Category/dropdown_Parent' is present

2019-05-27 09:51:16 - [TEST_STEP][PASSED] - delay: Delayed 1 second(s)

2019-05-27 09:51:17 - [MESSAGE][PASSED] - Delayed 1 second(s)

2019-05-27 09:51:17 - [TEST_STEP][PASSED] - setText: Text 'Category 5' is set on object 'Object Repository/ADMIN/Categories/Category/textfield_Category Name'

2019-05-27 09:51:20 - [MESSAGE][PASSED] - Text 'Category 5' is set on object 'Object Repository/ADMIN/Categories/Category/textfield_Category Name'

2019-05-27 09:51:20 - [TEST_STEP][PASSED] - click: Object: 'Object Repository/ADMIN/Categories/Category/dropdown_Parent' is clicked on

2019-05-27 09:51:20 - [MESSAGE][PASSED] - Object: 'Object Repository/ADMIN/Categories/Category/dropdown_Parent' is clicked on

2019-05-27 09:51:20 - [TEST_STEP][PASSED] - delay: Delayed 2 second(s)

2019-05-27 09:51:22 - [MESSAGE][PASSED] - Delayed 2 second(s)

2019-05-27 09:51:22 - [TEST_STEP][PASSED] - click: Object: 'Object Repository/ADMIN/Categories/Category/dropdown_Parent' is clicked on

2019-05-27 09:51:22 - [MESSAGE][PASSED] - Object: 'Object Repository/ADMIN/Categories/Category/dropdown_Parent' is clicked on

2019-05-27 09:51:22 - [TEST_STEP][PASSED] - selectOptionByLabel: All options with label '-' are selected in object 'Object Repository/ADMIN/Categories/Category/dropdown_Parent' 

2019-05-27 09:51:22 - [MESSAGE][PASSED] - All options with label '-' are selected in object 'Object Repository/ADMIN/Categories/Category/dropdown_Parent' 

2019-05-27 09:51:22 - [TEST_STEP][PASSED] - click: Object: 'Object Repository/ADMIN/Categories/Category/button_Browse' is clicked on

2019-05-27 09:51:22 - [MESSAGE][PASSED] - Object: 'Object Repository/ADMIN/Categories/Category/button_Browse' is clicked on

2019-05-27 09:51:22 - [TEST_STEP][PASSED] - delay: Delayed 2 second(s)

2019-05-27 09:51:24 - [MESSAGE][PASSED] - Delayed 2 second(s)

2019-05-27 09:51:24 - [TEST_STEP][PASSED] - uploadFile: File 'C:\\Katalon\\Image\\pic11.jpg' sent to object: 'Object Repository/ADMIN/Categories/Category/image_input image'

2019-05-27 09:51:24 - [MESSAGE][PASSED] - File 'C:\\Katalon\\Image\\pic11.jpg' sent to object: 'Object Repository/ADMIN/Categories/Category/image_input image'

2019-05-27 09:51:24 - [TEST_STEP][PASSED] - waitForElementVisible: Object 'Object Repository/ADMIN/Categories/Category/button_upload check' is visible

2019-05-27 09:51:24 - [MESSAGE][WARNING] - Timeout '0' is invalid. Using default page load timeout: '30'

2019-05-27 09:51:24 - [MESSAGE][PASSED] - Object 'Object Repository/ADMIN/Categories/Category/button_upload check' is visible

2019-05-27 09:51:24 - [TEST_STEP][PASSED] - click: Object: 'Object Repository/ADMIN/Categories/Category/button_upload check' is clicked on

2019-05-27 09:51:24 - [MESSAGE][PASSED] - Object: 'Object Repository/ADMIN/Categories/Category/button_upload check' is clicked on

2019-05-27 09:51:24 - [TEST_STEP][PASSED] - click: Object: 'Object Repository/ADMIN/Categories/Category/button_upload save' is clicked on

2019-05-27 09:51:24 - [MESSAGE][PASSED] - Object: 'Object Repository/ADMIN/Categories/Category/button_upload save' is clicked on

2019-05-27 09:51:25 - [TEST_STEP][PASSED] - waitForElementVisible: Web element with id: 'Object Repository/ADMIN/Categories/Category/button_upload save' located by 'By.xpath: //a[@class = 'btn btn-warning download' and (text() = ' Add Photo' or . = ' Add Photo')]' not found

2019-05-27 09:51:25 - [MESSAGE][WARNING] - Timeout '0' is invalid. Using default page load timeout: '30'

2019-05-27 09:52:01 - [MESSAGE][WARNING] - Web element with id: 'Object Repository/ADMIN/Categories/Category/button_upload save' located by 'By.xpath: //a[@class = 'btn btn-warning download' and (text() = ' Add Photo' or . = ' Add Photo')]' not found

2019-05-27 09:52:01 - [TEST_STEP][PASSED] - setText: Text 'Description72' is set on object 'Object Repository/ADMIN/Categories/Category/textfield_category_description'

2019-05-27 09:52:02 - [MESSAGE][PASSED] - Text 'Description72' is set on object 'Object Repository/ADMIN/Categories/Category/textfield_category_description'

2019-05-27 09:52:02 - [TEST_STEP][PASSED] - click: Object: 'Object Repository/ADMIN/Categories/Category/button_Save' is clicked on

2019-05-27 09:52:02 - [MESSAGE][PASSED] - Object: 'Object Repository/ADMIN/Categories/Category/button_Save' is clicked on

2019-05-27 09:52:02 - [TEST_STEP][PASSED] - waitForElementVisible: Object 'Object Repository/ADMIN/Categories/Category/label_edit popup' is visible

2019-05-27 09:52:02 - [MESSAGE][WARNING] - Timeout '0' is invalid. Using default page load timeout: '30'

2019-05-27 09:52:03 - [MESSAGE][PASSED] - Object 'Object Repository/ADMIN/Categories/Category/label_edit popup' is visible

2019-05-27 09:52:03 - [TEST_STEP][PASSED] - waitForElementNotPresent: Web element with id: 'Object Repository/ADMIN/Categories/Category/label_edit popup' located by 'By.xpath: //div[(text() = 'Category was successfully saved.' or . = 'Category was successfully saved.')]' is not present after '30' second(s)

2019-05-27 09:52:03 - [MESSAGE][WARNING] - Timeout '0' is invalid. Using default page load timeout: '30'

2019-05-27 09:52:10 - [MESSAGE][PASSED] - Web element with id: 'Object Repository/ADMIN/Categories/Category/label_edit popup' located by 'By.xpath: //div[(text() = 'Category was successfully saved.' or . = 'Category was successfully saved.')]' is not present after '30' second(s)]]></system-out>
         <system-err><![CDATA[2019-05-27 09:51:15 - [TEST_CASE][FAILED] - Test Cases/ADMIN/Content Mgmt/Categories/Category Add-Edit/Add Category: Test Cases/ADMIN/Content Mgmt/Categories/Category Add-Edit/Add Category FAILED because (of) Unable to click on object 'Object Repository/ADMIN/Categories/Category List/button_Categories' (Root cause: org.openqa.selenium.ElementNotVisibleException: element not visible
  (Session info: chrome=74.0.3729.169)
  (Driver info: chromedriver=2.35.528161 (5b82f2d2aae0ca24b877009200ced9065a772e73),platform=Windows NT 6.1.7601 SP1 x86_64) (WARNING: The server did not provide any stacktrace information)
Command duration or timeout: 0 milliseconds
Build info: version: '3.7.1', revision: '8a0099a', time: '2017-11-06T21:07:36.161Z'
System info: host: 'ARCADIER-PC', ip: '10.10.31.95', os.name: 'Windows 7', os.arch: 'amd64', os.version: '6.1', java.version: '1.8.0_102'
Driver info: com.kms.katalon.core.webui.driver.ExistingRemoteWebDriver
Capabilities {javascriptEnabled: true, platform: ANY, platformName: ANY}
Session ID: f912d58d04e0ea049492dcdbe1240f08)]]></system-err>
      </testcase>
      <testcase name="Test Cases/ADMIN/Content Mgmt/Categories/Category Add-Edit/Add Category" classname="Test Cases/ADMIN/Content Mgmt/Categories/Category Add-Edit/Add Category" status="FAILED">
         <failure type="FAILED" message="Unable to wait for object 'Object Repository/ADMIN/Categories/Category/button_upload save' to be visible (Root cause: org.openqa.selenium.StaleElementReferenceException: stale element reference: element is not attached to the page document
  (Session info: chrome=74.0.3729.169)
  (Driver info: chromedriver=2.35.528161 (5b82f2d2aae0ca24b877009200ced9065a772e73),platform=Windows NT 6.1.7601 SP1 x86_64) (WARNING: The server did not provide any stacktrace information)
Command duration or timeout: 0 milliseconds
For documentation on this error, please visit: http://seleniumhq.org/exceptions/stale_element_reference.html
Build info: version: '3.7.1', revision: '8a0099a', time: '2017-11-06T21:07:36.161Z'
System info: host: 'ARCADIER-PC', ip: '10.10.31.95', os.name: 'Windows 7', os.arch: 'amd64', os.version: '6.1', java.version: '1.8.0_102'
Driver info: com.kms.katalon.core.webui.driver.ExistingRemoteWebDriver
Capabilities {javascriptEnabled: true, platform: ANY, platformName: ANY}
Session ID: f912d58d04e0ea049492dcdbe1240f08)"/>
         <system-out><![CDATA[2019-05-27 09:52:10 - [TEST_CASE][FAILED] - Test Cases/ADMIN/Content Mgmt/Categories/Category Add-Edit/Add Category: Test Cases/ADMIN/Content Mgmt/Categories/Category Add-Edit/Add Category FAILED because (of) Unable to wait for object 'Object Repository/ADMIN/Categories/Category/button_upload save' to be visible (Root cause: org.openqa.selenium.StaleElementReferenceException: stale element reference: element is not attached to the page document
  (Session info: chrome=74.0.3729.169)
  (Driver info: chromedriver=2.35.528161 (5b82f2d2aae0ca24b877009200ced9065a772e73),platform=Windows NT 6.1.7601 SP1 x86_64) (WARNING: The server did not provide any stacktrace information)
Command duration or timeout: 0 milliseconds
For documentation on this error, please visit: http://seleniumhq.org/exceptions/stale_element_reference.html
Build info: version: '3.7.1', revision: '8a0099a', time: '2017-11-06T21:07:36.161Z'
System info: host: 'ARCADIER-PC', ip: '10.10.31.95', os.name: 'Windows 7', os.arch: 'amd64', os.version: '6.1', java.version: '1.8.0_102'
Driver info: com.kms.katalon.core.webui.driver.ExistingRemoteWebDriver
Capabilities {javascriptEnabled: true, platform: ANY, platformName: ANY}
Session ID: f912d58d04e0ea049492dcdbe1240f08)

2019-05-27 09:52:10 - [TEST_STEP][PASSED] - waitForElementVisible: Object 'Object Repository/ADMIN/Categories/Category List/button_Content Mgmt' is visible

2019-05-27 09:52:10 - [MESSAGE][WARNING] - Timeout '0' is invalid. Using default page load timeout: '30'

2019-05-27 09:52:10 - [MESSAGE][PASSED] - Object 'Object Repository/ADMIN/Categories/Category List/button_Content Mgmt' is visible

2019-05-27 09:52:10 - [TEST_STEP][PASSED] - click: Object: 'Object Repository/ADMIN/Categories/Category List/button_Content Mgmt' is clicked on

2019-05-27 09:52:10 - [MESSAGE][PASSED] - Object: 'Object Repository/ADMIN/Categories/Category List/button_Content Mgmt' is clicked on

2019-05-27 09:52:10 - [TEST_STEP][PASSED] - waitForElementVisible: Object 'Object Repository/ADMIN/Categories/Category List/button_Categories' is visible

2019-05-27 09:52:10 - [MESSAGE][WARNING] - Timeout '0' is invalid. Using default page load timeout: '30'

2019-05-27 09:52:10 - [MESSAGE][PASSED] - Object 'Object Repository/ADMIN/Categories/Category List/button_Categories' is visible

2019-05-27 09:52:10 - [TEST_STEP][PASSED] - click: Object: 'Object Repository/ADMIN/Categories/Category List/button_Categories' is clicked on

2019-05-27 09:52:10 - [MESSAGE][PASSED] - Object: 'Object Repository/ADMIN/Categories/Category List/button_Categories' is clicked on

2019-05-27 09:52:10 - [TEST_STEP][PASSED] - waitForPageLoad: Wait for page load successfully

2019-05-27 09:52:10 - [MESSAGE][WARNING] - Timeout '0' is invalid. Using default page load timeout: '30'

2019-05-27 09:52:10 - [MESSAGE][PASSED] - Wait for page load successfully

2019-05-27 09:52:10 - [TEST_STEP][PASSED] - click: Object: 'Object Repository/ADMIN/Categories/Category List/button_Add a Category' is clicked on

2019-05-27 09:52:11 - [MESSAGE][PASSED] - Object: 'Object Repository/ADMIN/Categories/Category List/button_Add a Category' is clicked on

2019-05-27 09:52:11 - [TEST_STEP][PASSED] - waitForElementPresent: Object 'Object Repository/ADMIN/Categories/Category/dropdown_Parent' is present

2019-05-27 09:52:11 - [MESSAGE][PASSED] - Object 'Object Repository/ADMIN/Categories/Category/dropdown_Parent' is present

2019-05-27 09:52:11 - [TEST_STEP][PASSED] - delay: Delayed 1 second(s)

2019-05-27 09:52:12 - [MESSAGE][PASSED] - Delayed 1 second(s)

2019-05-27 09:52:12 - [TEST_STEP][PASSED] - setText: Text 'Category 5.1' is set on object 'Object Repository/ADMIN/Categories/Category/textfield_Category Name'

2019-05-27 09:52:13 - [MESSAGE][PASSED] - Text 'Category 5.1' is set on object 'Object Repository/ADMIN/Categories/Category/textfield_Category Name'

2019-05-27 09:52:13 - [TEST_STEP][PASSED] - click: Object: 'Object Repository/ADMIN/Categories/Category/dropdown_Parent' is clicked on

2019-05-27 09:52:13 - [MESSAGE][PASSED] - Object: 'Object Repository/ADMIN/Categories/Category/dropdown_Parent' is clicked on

2019-05-27 09:52:13 - [TEST_STEP][PASSED] - delay: Delayed 2 second(s)

2019-05-27 09:52:15 - [MESSAGE][PASSED] - Delayed 2 second(s)

2019-05-27 09:52:15 - [TEST_STEP][PASSED] - click: Object: 'Object Repository/ADMIN/Categories/Category/dropdown_Parent' is clicked on

2019-05-27 09:52:16 - [MESSAGE][PASSED] - Object: 'Object Repository/ADMIN/Categories/Category/dropdown_Parent' is clicked on

2019-05-27 09:52:16 - [TEST_STEP][PASSED] - selectOptionByLabel: All options with label 'Category 5' are selected in object 'Object Repository/ADMIN/Categories/Category/dropdown_Parent' 

2019-05-27 09:52:16 - [MESSAGE][PASSED] - All options with label 'Category 5' are selected in object 'Object Repository/ADMIN/Categories/Category/dropdown_Parent' 

2019-05-27 09:52:16 - [TEST_STEP][PASSED] - click: Object: 'Object Repository/ADMIN/Categories/Category/button_Browse' is clicked on

2019-05-27 09:52:16 - [MESSAGE][PASSED] - Object: 'Object Repository/ADMIN/Categories/Category/button_Browse' is clicked on

2019-05-27 09:52:16 - [TEST_STEP][PASSED] - delay: Delayed 2 second(s)

2019-05-27 09:52:18 - [MESSAGE][PASSED] - Delayed 2 second(s)

2019-05-27 09:52:18 - [TEST_STEP][PASSED] - uploadFile: File 'C:\\Katalon\\Image\\pic12.jpg' sent to object: 'Object Repository/ADMIN/Categories/Category/image_input image'

2019-05-27 09:52:18 - [MESSAGE][PASSED] - File 'C:\\Katalon\\Image\\pic12.jpg' sent to object: 'Object Repository/ADMIN/Categories/Category/image_input image'

2019-05-27 09:52:18 - [TEST_STEP][PASSED] - waitForElementVisible: Object 'Object Repository/ADMIN/Categories/Category/button_upload check' is visible

2019-05-27 09:52:18 - [MESSAGE][WARNING] - Timeout '0' is invalid. Using default page load timeout: '30'

2019-05-27 09:52:18 - [MESSAGE][PASSED] - Object 'Object Repository/ADMIN/Categories/Category/button_upload check' is visible

2019-05-27 09:52:18 - [TEST_STEP][PASSED] - click: Object: 'Object Repository/ADMIN/Categories/Category/button_upload check' is clicked on

2019-05-27 09:52:19 - [MESSAGE][PASSED] - Object: 'Object Repository/ADMIN/Categories/Category/button_upload check' is clicked on

2019-05-27 09:52:19 - [TEST_STEP][PASSED] - click: Object: 'Object Repository/ADMIN/Categories/Category/button_upload save' is clicked on

2019-05-27 09:52:19 - [MESSAGE][PASSED] - Object: 'Object Repository/ADMIN/Categories/Category/button_upload save' is clicked on

2019-05-27 09:52:19 - [TEST_STEP][FAILED] - waitForElementVisible: Unable to wait for object 'Object Repository/ADMIN/Categories/Category/button_upload save' to be visible (Root cause: org.openqa.selenium.StaleElementReferenceException: stale element reference: element is not attached to the page document
  (Session info: chrome=74.0.3729.169)
  (Driver info: chromedriver=2.35.528161 (5b82f2d2aae0ca24b877009200ced9065a772e73),platform=Windows NT 6.1.7601 SP1 x86_64) (WARNING: The server did not provide any stacktrace information)
Command duration or timeout: 0 milliseconds
For documentation on this error, please visit: http://seleniumhq.org/exceptions/stale_element_reference.html
Build info: version: '3.7.1', revision: '8a0099a', time: '2017-11-06T21:07:36.161Z'
System info: host: 'ARCADIER-PC', ip: '10.10.31.95', os.name: 'Windows 7', os.arch: 'amd64', os.version: '6.1', java.version: '1.8.0_102'
Driver info: com.kms.katalon.core.webui.driver.ExistingRemoteWebDriver
Capabilities {javascriptEnabled: true, platform: ANY, platformName: ANY}
Session ID: f912d58d04e0ea049492dcdbe1240f08)

2019-05-27 09:52:19 - [MESSAGE][WARNING] - Timeout '0' is invalid. Using default page load timeout: '30'

2019-05-27 09:52:21 - [MESSAGE][FAILED] - Unable to wait for object 'Object Repository/ADMIN/Categories/Category/button_upload save' to be visible (Root cause: org.openqa.selenium.StaleElementReferenceException: stale element reference: element is not attached to the page document
  (Session info: chrome=74.0.3729.169)
  (Driver info: chromedriver=2.35.528161 (5b82f2d2aae0ca24b877009200ced9065a772e73),platform=Windows NT 6.1.7601 SP1 x86_64) (WARNING: The server did not provide any stacktrace information)
Command duration or timeout: 0 milliseconds
For documentation on this error, please visit: http://seleniumhq.org/exceptions/stale_element_reference.html
Build info: version: '3.7.1', revision: '8a0099a', time: '2017-11-06T21:07:36.161Z'
System info: host: 'ARCADIER-PC', ip: '10.10.31.95', os.name: 'Windows 7', os.arch: 'amd64', os.version: '6.1', java.version: '1.8.0_102'
Driver info: com.kms.katalon.core.webui.driver.ExistingRemoteWebDriver
Capabilities {javascriptEnabled: true, platform: ANY, platformName: ANY}
Session ID: f912d58d04e0ea049492dcdbe1240f08)
[[ATTACHMENT|C:\\Users\\Arcadier\\git\\Arctick\\Reports\\Suites\\Admin Category\\20190527_092604\\1558921940829.png]]

2019-05-27 09:52:21 - [TEST_STEP][PASSED] - setText: Text 'Description73' is set on object 'Object Repository/ADMIN/Categories/Category/textfield_category_description'

2019-05-27 09:52:22 - [MESSAGE][PASSED] - Text 'Description73' is set on object 'Object Repository/ADMIN/Categories/Category/textfield_category_description'

2019-05-27 09:52:22 - [TEST_STEP][PASSED] - click: Object: 'Object Repository/ADMIN/Categories/Category/button_Save' is clicked on

2019-05-27 09:52:23 - [MESSAGE][PASSED] - Object: 'Object Repository/ADMIN/Categories/Category/button_Save' is clicked on

2019-05-27 09:52:23 - [TEST_STEP][PASSED] - waitForElementVisible: Object 'Object Repository/ADMIN/Categories/Category/label_edit popup' is visible

2019-05-27 09:52:23 - [MESSAGE][WARNING] - Timeout '0' is invalid. Using default page load timeout: '30'

2019-05-27 09:52:23 - [MESSAGE][PASSED] - Object 'Object Repository/ADMIN/Categories/Category/label_edit popup' is visible

2019-05-27 09:52:24 - [TEST_STEP][PASSED] - waitForElementNotPresent: Web element with id: 'Object Repository/ADMIN/Categories/Category/label_edit popup' located by 'By.xpath: //div[(text() = 'Category was successfully saved.' or . = 'Category was successfully saved.')]' is not present after '30' second(s)

2019-05-27 09:52:24 - [MESSAGE][WARNING] - Timeout '0' is invalid. Using default page load timeout: '30'

2019-05-27 09:52:29 - [MESSAGE][PASSED] - Web element with id: 'Object Repository/ADMIN/Categories/Category/label_edit popup' located by 'By.xpath: //div[(text() = 'Category was successfully saved.' or . = 'Category was successfully saved.')]' is not present after '30' second(s)]]></system-out>
         <system-err><![CDATA[2019-05-27 09:52:10 - [TEST_CASE][FAILED] - Test Cases/ADMIN/Content Mgmt/Categories/Category Add-Edit/Add Category: Test Cases/ADMIN/Content Mgmt/Categories/Category Add-Edit/Add Category FAILED because (of) Unable to wait for object 'Object Repository/ADMIN/Categories/Category/button_upload save' to be visible (Root cause: org.openqa.selenium.StaleElementReferenceException: stale element reference: element is not attached to the page document
  (Session info: chrome=74.0.3729.169)
  (Driver info: chromedriver=2.35.528161 (5b82f2d2aae0ca24b877009200ced9065a772e73),platform=Windows NT 6.1.7601 SP1 x86_64) (WARNING: The server did not provide any stacktrace information)
Command duration or timeout: 0 milliseconds
For documentation on this error, please visit: http://seleniumhq.org/exceptions/stale_element_reference.html
Build info: version: '3.7.1', revision: '8a0099a', time: '2017-11-06T21:07:36.161Z'
System info: host: 'ARCADIER-PC', ip: '10.10.31.95', os.name: 'Windows 7', os.arch: 'amd64', os.version: '6.1', java.version: '1.8.0_102'
Driver info: com.kms.katalon.core.webui.driver.ExistingRemoteWebDriver
Capabilities {javascriptEnabled: true, platform: ANY, platformName: ANY}
Session ID: f912d58d04e0ea049492dcdbe1240f08)]]></system-err>
      </testcase>
      <testcase name="Test Cases/ADMIN/Content Mgmt/Categories/Category Add-Edit/Add Category" classname="Test Cases/ADMIN/Content Mgmt/Categories/Category Add-Edit/Add Category" status="PASSED">
         <system-out><![CDATA[2019-05-27 09:52:29 - [TEST_CASE][PASSED] - Test Cases/ADMIN/Content Mgmt/Categories/Category Add-Edit/Add Category: Test Cases/ADMIN/Content Mgmt/Categories/Category Add-Edit/Add Category

2019-05-27 09:52:29 - [TEST_STEP][PASSED] - waitForElementVisible: Object 'Object Repository/ADMIN/Categories/Category List/button_Content Mgmt' is visible

2019-05-27 09:52:29 - [MESSAGE][WARNING] - Timeout '0' is invalid. Using default page load timeout: '30'

2019-05-27 09:52:29 - [MESSAGE][PASSED] - Object 'Object Repository/ADMIN/Categories/Category List/button_Content Mgmt' is visible

2019-05-27 09:52:29 - [TEST_STEP][PASSED] - click: Object: 'Object Repository/ADMIN/Categories/Category List/button_Content Mgmt' is clicked on

2019-05-27 09:52:30 - [MESSAGE][PASSED] - Object: 'Object Repository/ADMIN/Categories/Category List/button_Content Mgmt' is clicked on

2019-05-27 09:52:30 - [TEST_STEP][PASSED] - waitForElementVisible: Object 'Object Repository/ADMIN/Categories/Category List/button_Categories' is visible

2019-05-27 09:52:31 - [MESSAGE][WARNING] - Timeout '0' is invalid. Using default page load timeout: '30'

2019-05-27 09:52:31 - [MESSAGE][PASSED] - Object 'Object Repository/ADMIN/Categories/Category List/button_Categories' is visible

2019-05-27 09:52:31 - [TEST_STEP][PASSED] - click: Object: 'Object Repository/ADMIN/Categories/Category List/button_Categories' is clicked on

2019-05-27 09:52:32 - [MESSAGE][PASSED] - Object: 'Object Repository/ADMIN/Categories/Category List/button_Categories' is clicked on

2019-05-27 09:52:32 - [TEST_STEP][PASSED] - waitForPageLoad: Wait for page load successfully

2019-05-27 09:52:32 - [MESSAGE][WARNING] - Timeout '0' is invalid. Using default page load timeout: '30'

2019-05-27 09:52:32 - [MESSAGE][PASSED] - Wait for page load successfully

2019-05-27 09:52:32 - [TEST_STEP][PASSED] - click: Object: 'Object Repository/ADMIN/Categories/Category List/button_Add a Category' is clicked on

2019-05-27 09:52:32 - [MESSAGE][PASSED] - Object: 'Object Repository/ADMIN/Categories/Category List/button_Add a Category' is clicked on

2019-05-27 09:52:32 - [TEST_STEP][PASSED] - waitForElementPresent: Object 'Object Repository/ADMIN/Categories/Category/dropdown_Parent' is present

2019-05-27 09:52:33 - [MESSAGE][PASSED] - Object 'Object Repository/ADMIN/Categories/Category/dropdown_Parent' is present

2019-05-27 09:52:33 - [TEST_STEP][PASSED] - delay: Delayed 1 second(s)

2019-05-27 09:52:34 - [MESSAGE][PASSED] - Delayed 1 second(s)

2019-05-27 09:52:34 - [TEST_STEP][PASSED] - setText: Text 'Category 5.2' is set on object 'Object Repository/ADMIN/Categories/Category/textfield_Category Name'

2019-05-27 09:52:34 - [MESSAGE][PASSED] - Text 'Category 5.2' is set on object 'Object Repository/ADMIN/Categories/Category/textfield_Category Name'

2019-05-27 09:52:34 - [TEST_STEP][PASSED] - click: Object: 'Object Repository/ADMIN/Categories/Category/dropdown_Parent' is clicked on

2019-05-27 09:52:34 - [MESSAGE][PASSED] - Object: 'Object Repository/ADMIN/Categories/Category/dropdown_Parent' is clicked on

2019-05-27 09:52:34 - [TEST_STEP][PASSED] - delay: Delayed 2 second(s)

2019-05-27 09:52:36 - [MESSAGE][PASSED] - Delayed 2 second(s)

2019-05-27 09:52:36 - [TEST_STEP][PASSED] - click: Object: 'Object Repository/ADMIN/Categories/Category/dropdown_Parent' is clicked on

2019-05-27 09:52:36 - [MESSAGE][PASSED] - Object: 'Object Repository/ADMIN/Categories/Category/dropdown_Parent' is clicked on

2019-05-27 09:52:36 - [TEST_STEP][PASSED] - selectOptionByLabel: All options with label 'Category 5' are selected in object 'Object Repository/ADMIN/Categories/Category/dropdown_Parent' 

2019-05-27 09:52:37 - [MESSAGE][PASSED] - All options with label 'Category 5' are selected in object 'Object Repository/ADMIN/Categories/Category/dropdown_Parent' 

2019-05-27 09:52:37 - [TEST_STEP][PASSED] - click: Object: 'Object Repository/ADMIN/Categories/Category/button_Browse' is clicked on

2019-05-27 09:52:37 - [MESSAGE][PASSED] - Object: 'Object Repository/ADMIN/Categories/Category/button_Browse' is clicked on

2019-05-27 09:52:37 - [TEST_STEP][PASSED] - delay: Delayed 2 second(s)

2019-05-27 09:52:39 - [MESSAGE][PASSED] - Delayed 2 second(s)

2019-05-27 09:52:39 - [TEST_STEP][PASSED] - uploadFile: File 'C:\\Katalon\\Image\\pic1.jpg' sent to object: 'Object Repository/ADMIN/Categories/Category/image_input image'

2019-05-27 09:52:39 - [MESSAGE][PASSED] - File 'C:\\Katalon\\Image\\pic1.jpg' sent to object: 'Object Repository/ADMIN/Categories/Category/image_input image'

2019-05-27 09:52:39 - [TEST_STEP][PASSED] - waitForElementVisible: Object 'Object Repository/ADMIN/Categories/Category/button_upload check' is visible

2019-05-27 09:52:39 - [MESSAGE][WARNING] - Timeout '0' is invalid. Using default page load timeout: '30'

2019-05-27 09:52:39 - [MESSAGE][PASSED] - Object 'Object Repository/ADMIN/Categories/Category/button_upload check' is visible

2019-05-27 09:52:39 - [TEST_STEP][PASSED] - click: Object: 'Object Repository/ADMIN/Categories/Category/button_upload check' is clicked on

2019-05-27 09:52:39 - [MESSAGE][PASSED] - Object: 'Object Repository/ADMIN/Categories/Category/button_upload check' is clicked on

2019-05-27 09:52:39 - [TEST_STEP][PASSED] - click: Object: 'Object Repository/ADMIN/Categories/Category/button_upload save' is clicked on

2019-05-27 09:52:40 - [MESSAGE][PASSED] - Object: 'Object Repository/ADMIN/Categories/Category/button_upload save' is clicked on

2019-05-27 09:52:42 - [TEST_STEP][PASSED] - waitForElementVisible: Web element with id: 'Object Repository/ADMIN/Categories/Category/button_upload save' located by 'By.xpath: //a[@class = 'btn btn-warning download' and (text() = ' Add Photo' or . = ' Add Photo')]' not found

2019-05-27 09:52:42 - [MESSAGE][WARNING] - Timeout '0' is invalid. Using default page load timeout: '30'

2019-05-27 09:53:16 - [MESSAGE][WARNING] - Web element with id: 'Object Repository/ADMIN/Categories/Category/button_upload save' located by 'By.xpath: //a[@class = 'btn btn-warning download' and (text() = ' Add Photo' or . = ' Add Photo')]' not found

2019-05-27 09:53:16 - [TEST_STEP][PASSED] - setText: Text 'Description74' is set on object 'Object Repository/ADMIN/Categories/Category/textfield_category_description'

2019-05-27 09:53:17 - [MESSAGE][PASSED] - Text 'Description74' is set on object 'Object Repository/ADMIN/Categories/Category/textfield_category_description'

2019-05-27 09:53:17 - [TEST_STEP][PASSED] - click: Object: 'Object Repository/ADMIN/Categories/Category/button_Save' is clicked on

2019-05-27 09:53:17 - [MESSAGE][PASSED] - Object: 'Object Repository/ADMIN/Categories/Category/button_Save' is clicked on

2019-05-27 09:53:17 - [TEST_STEP][PASSED] - waitForElementVisible: Object 'Object Repository/ADMIN/Categories/Category/label_edit popup' is visible

2019-05-27 09:53:17 - [MESSAGE][WARNING] - Timeout '0' is invalid. Using default page load timeout: '30'

2019-05-27 09:53:17 - [MESSAGE][PASSED] - Object 'Object Repository/ADMIN/Categories/Category/label_edit popup' is visible

2019-05-27 09:53:17 - [TEST_STEP][PASSED] - waitForElementNotPresent: Web element with id: 'Object Repository/ADMIN/Categories/Category/label_edit popup' located by 'By.xpath: //div[(text() = 'Category was successfully saved.' or . = 'Category was successfully saved.')]' is not present after '30' second(s)

2019-05-27 09:53:17 - [MESSAGE][WARNING] - Timeout '0' is invalid. Using default page load timeout: '30'

2019-05-27 09:53:24 - [MESSAGE][PASSED] - Web element with id: 'Object Repository/ADMIN/Categories/Category/label_edit popup' located by 'By.xpath: //div[(text() = 'Category was successfully saved.' or . = 'Category was successfully saved.')]' is not present after '30' second(s)]]></system-out>
         <system-err><![CDATA[]]></system-err>
      </testcase>
      <testcase name="Test Cases/ADMIN/Content Mgmt/Categories/Category Add-Edit/Add Category" classname="Test Cases/ADMIN/Content Mgmt/Categories/Category Add-Edit/Add Category" status="FAILED">
         <failure type="FAILED" message="Unable to click on object 'Object Repository/ADMIN/Categories/Category List/button_Categories' (Root cause: org.openqa.selenium.ElementNotVisibleException: element not visible
  (Session info: chrome=74.0.3729.169)
  (Driver info: chromedriver=2.35.528161 (5b82f2d2aae0ca24b877009200ced9065a772e73),platform=Windows NT 6.1.7601 SP1 x86_64) (WARNING: The server did not provide any stacktrace information)
Command duration or timeout: 0 milliseconds
Build info: version: '3.7.1', revision: '8a0099a', time: '2017-11-06T21:07:36.161Z'
System info: host: 'ARCADIER-PC', ip: '10.10.31.95', os.name: 'Windows 7', os.arch: 'amd64', os.version: '6.1', java.version: '1.8.0_102'
Driver info: com.kms.katalon.core.webui.driver.ExistingRemoteWebDriver
Capabilities {javascriptEnabled: true, platform: ANY, platformName: ANY}
Session ID: f912d58d04e0ea049492dcdbe1240f08)"/>
         <system-out><![CDATA[2019-05-27 09:53:24 - [TEST_CASE][FAILED] - Test Cases/ADMIN/Content Mgmt/Categories/Category Add-Edit/Add Category: Test Cases/ADMIN/Content Mgmt/Categories/Category Add-Edit/Add Category FAILED because (of) Unable to click on object 'Object Repository/ADMIN/Categories/Category List/button_Categories' (Root cause: org.openqa.selenium.ElementNotVisibleException: element not visible
  (Session info: chrome=74.0.3729.169)
  (Driver info: chromedriver=2.35.528161 (5b82f2d2aae0ca24b877009200ced9065a772e73),platform=Windows NT 6.1.7601 SP1 x86_64) (WARNING: The server did not provide any stacktrace information)
Command duration or timeout: 0 milliseconds
Build info: version: '3.7.1', revision: '8a0099a', time: '2017-11-06T21:07:36.161Z'
System info: host: 'ARCADIER-PC', ip: '10.10.31.95', os.name: 'Windows 7', os.arch: 'amd64', os.version: '6.1', java.version: '1.8.0_102'
Driver info: com.kms.katalon.core.webui.driver.ExistingRemoteWebDriver
Capabilities {javascriptEnabled: true, platform: ANY, platformName: ANY}
Session ID: f912d58d04e0ea049492dcdbe1240f08)

2019-05-27 09:53:24 - [TEST_STEP][PASSED] - waitForElementVisible: Object 'Object Repository/ADMIN/Categories/Category List/button_Content Mgmt' is visible

2019-05-27 09:53:24 - [MESSAGE][WARNING] - Timeout '0' is invalid. Using default page load timeout: '30'

2019-05-27 09:53:24 - [MESSAGE][PASSED] - Object 'Object Repository/ADMIN/Categories/Category List/button_Content Mgmt' is visible

2019-05-27 09:53:24 - [TEST_STEP][PASSED] - click: Object: 'Object Repository/ADMIN/Categories/Category List/button_Content Mgmt' is clicked on

2019-05-27 09:53:24 - [MESSAGE][PASSED] - Object: 'Object Repository/ADMIN/Categories/Category List/button_Content Mgmt' is clicked on

2019-05-27 09:53:24 - [TEST_STEP][PASSED] - waitForElementVisible: Object 'Object Repository/ADMIN/Categories/Category List/button_Categories' is visible

2019-05-27 09:53:24 - [MESSAGE][WARNING] - Timeout '0' is invalid. Using default page load timeout: '30'

2019-05-27 09:53:24 - [MESSAGE][PASSED] - Object 'Object Repository/ADMIN/Categories/Category List/button_Categories' is visible

2019-05-27 09:53:24 - [TEST_STEP][FAILED] - click: Unable to click on object 'Object Repository/ADMIN/Categories/Category List/button_Categories' (Root cause: org.openqa.selenium.ElementNotVisibleException: element not visible
  (Session info: chrome=74.0.3729.169)
  (Driver info: chromedriver=2.35.528161 (5b82f2d2aae0ca24b877009200ced9065a772e73),platform=Windows NT 6.1.7601 SP1 x86_64) (WARNING: The server did not provide any stacktrace information)
Command duration or timeout: 0 milliseconds
Build info: version: '3.7.1', revision: '8a0099a', time: '2017-11-06T21:07:36.161Z'
System info: host: 'ARCADIER-PC', ip: '10.10.31.95', os.name: 'Windows 7', os.arch: 'amd64', os.version: '6.1', java.version: '1.8.0_102'
Driver info: com.kms.katalon.core.webui.driver.ExistingRemoteWebDriver
Capabilities {javascriptEnabled: true, platform: ANY, platformName: ANY}
Session ID: f912d58d04e0ea049492dcdbe1240f08)

2019-05-27 09:53:25 - [MESSAGE][FAILED] - Unable to click on object 'Object Repository/ADMIN/Categories/Category List/button_Categories' (Root cause: org.openqa.selenium.ElementNotVisibleException: element not visible
  (Session info: chrome=74.0.3729.169)
  (Driver info: chromedriver=2.35.528161 (5b82f2d2aae0ca24b877009200ced9065a772e73),platform=Windows NT 6.1.7601 SP1 x86_64) (WARNING: The server did not provide any stacktrace information)
Command duration or timeout: 0 milliseconds
Build info: version: '3.7.1', revision: '8a0099a', time: '2017-11-06T21:07:36.161Z'
System info: host: 'ARCADIER-PC', ip: '10.10.31.95', os.name: 'Windows 7', os.arch: 'amd64', os.version: '6.1', java.version: '1.8.0_102'
Driver info: com.kms.katalon.core.webui.driver.ExistingRemoteWebDriver
Capabilities {javascriptEnabled: true, platform: ANY, platformName: ANY}
Session ID: f912d58d04e0ea049492dcdbe1240f08)
[[ATTACHMENT|C:\\Users\\Arcadier\\git\\Arctick\\Reports\\Suites\\Admin Category\\20190527_092604\\1558922004670.png]]

2019-05-27 09:53:25 - [TEST_STEP][PASSED] - waitForPageLoad: Wait for page load successfully

2019-05-27 09:53:25 - [MESSAGE][WARNING] - Timeout '0' is invalid. Using default page load timeout: '30'

2019-05-27 09:53:25 - [MESSAGE][PASSED] - Wait for page load successfully

2019-05-27 09:53:25 - [TEST_STEP][PASSED] - click: Object: 'Object Repository/ADMIN/Categories/Category List/button_Add a Category' is clicked on

2019-05-27 09:53:25 - [MESSAGE][PASSED] - Object: 'Object Repository/ADMIN/Categories/Category List/button_Add a Category' is clicked on

2019-05-27 09:53:25 - [TEST_STEP][PASSED] - waitForElementPresent: Object 'Object Repository/ADMIN/Categories/Category/dropdown_Parent' is present

2019-05-27 09:53:25 - [MESSAGE][PASSED] - Object 'Object Repository/ADMIN/Categories/Category/dropdown_Parent' is present

2019-05-27 09:53:25 - [TEST_STEP][PASSED] - delay: Delayed 1 second(s)

2019-05-27 09:53:26 - [MESSAGE][PASSED] - Delayed 1 second(s)

2019-05-27 09:53:26 - [TEST_STEP][PASSED] - setText: Text 'Category 5.2.1' is set on object 'Object Repository/ADMIN/Categories/Category/textfield_Category Name'

2019-05-27 09:53:27 - [MESSAGE][PASSED] - Text 'Category 5.2.1' is set on object 'Object Repository/ADMIN/Categories/Category/textfield_Category Name'

2019-05-27 09:53:27 - [TEST_STEP][PASSED] - click: Object: 'Object Repository/ADMIN/Categories/Category/dropdown_Parent' is clicked on

2019-05-27 09:53:27 - [MESSAGE][PASSED] - Object: 'Object Repository/ADMIN/Categories/Category/dropdown_Parent' is clicked on

2019-05-27 09:53:27 - [TEST_STEP][PASSED] - delay: Delayed 2 second(s)

2019-05-27 09:53:30 - [MESSAGE][PASSED] - Delayed 2 second(s)

2019-05-27 09:53:30 - [TEST_STEP][PASSED] - click: Object: 'Object Repository/ADMIN/Categories/Category/dropdown_Parent' is clicked on

2019-05-27 09:53:30 - [MESSAGE][PASSED] - Object: 'Object Repository/ADMIN/Categories/Category/dropdown_Parent' is clicked on

2019-05-27 09:53:30 - [TEST_STEP][PASSED] - selectOptionByLabel: All options with label 'Category 5.2' are selected in object 'Object Repository/ADMIN/Categories/Category/dropdown_Parent' 

2019-05-27 09:53:30 - [MESSAGE][PASSED] - All options with label 'Category 5.2' are selected in object 'Object Repository/ADMIN/Categories/Category/dropdown_Parent' 

2019-05-27 09:53:30 - [TEST_STEP][PASSED] - click: Object: 'Object Repository/ADMIN/Categories/Category/button_Browse' is clicked on

2019-05-27 09:53:30 - [MESSAGE][PASSED] - Object: 'Object Repository/ADMIN/Categories/Category/button_Browse' is clicked on

2019-05-27 09:53:30 - [TEST_STEP][PASSED] - delay: Delayed 2 second(s)

2019-05-27 09:53:32 - [MESSAGE][PASSED] - Delayed 2 second(s)

2019-05-27 09:53:32 - [TEST_STEP][PASSED] - uploadFile: File 'C:\\Katalon\\Image\\pic2.jpg' sent to object: 'Object Repository/ADMIN/Categories/Category/image_input image'

2019-05-27 09:53:32 - [MESSAGE][PASSED] - File 'C:\\Katalon\\Image\\pic2.jpg' sent to object: 'Object Repository/ADMIN/Categories/Category/image_input image'

2019-05-27 09:53:32 - [TEST_STEP][PASSED] - waitForElementVisible: Object 'Object Repository/ADMIN/Categories/Category/button_upload check' is visible

2019-05-27 09:53:32 - [MESSAGE][WARNING] - Timeout '0' is invalid. Using default page load timeout: '30'

2019-05-27 09:53:33 - [MESSAGE][PASSED] - Object 'Object Repository/ADMIN/Categories/Category/button_upload check' is visible

2019-05-27 09:53:33 - [TEST_STEP][PASSED] - click: Object: 'Object Repository/ADMIN/Categories/Category/button_upload check' is clicked on

2019-05-27 09:53:33 - [MESSAGE][PASSED] - Object: 'Object Repository/ADMIN/Categories/Category/button_upload check' is clicked on

2019-05-27 09:53:33 - [TEST_STEP][PASSED] - click: Object: 'Object Repository/ADMIN/Categories/Category/button_upload save' is clicked on

2019-05-27 09:53:33 - [MESSAGE][PASSED] - Object: 'Object Repository/ADMIN/Categories/Category/button_upload save' is clicked on

2019-05-27 09:53:33 - [TEST_STEP][PASSED] - waitForElementVisible: Object 'Object Repository/ADMIN/Categories/Category/button_upload save' is visible

2019-05-27 09:53:33 - [MESSAGE][WARNING] - Timeout '0' is invalid. Using default page load timeout: '30'

2019-05-27 09:53:33 - [MESSAGE][PASSED] - Object 'Object Repository/ADMIN/Categories/Category/button_upload save' is visible

2019-05-27 09:53:34 - [TEST_STEP][PASSED] - setText: Text 'Description75' is set on object 'Object Repository/ADMIN/Categories/Category/textfield_category_description'

2019-05-27 09:53:35 - [MESSAGE][PASSED] - Text 'Description75' is set on object 'Object Repository/ADMIN/Categories/Category/textfield_category_description'

2019-05-27 09:53:35 - [TEST_STEP][PASSED] - click: Object: 'Object Repository/ADMIN/Categories/Category/button_Save' is clicked on

2019-05-27 09:53:36 - [MESSAGE][PASSED] - Object: 'Object Repository/ADMIN/Categories/Category/button_Save' is clicked on

2019-05-27 09:53:36 - [TEST_STEP][PASSED] - waitForElementVisible: Object 'Object Repository/ADMIN/Categories/Category/label_edit popup' is visible

2019-05-27 09:53:36 - [MESSAGE][WARNING] - Timeout '0' is invalid. Using default page load timeout: '30'

2019-05-27 09:53:37 - [MESSAGE][PASSED] - Object 'Object Repository/ADMIN/Categories/Category/label_edit popup' is visible

2019-05-27 09:53:37 - [TEST_STEP][PASSED] - waitForElementNotPresent: Web element with id: 'Object Repository/ADMIN/Categories/Category/label_edit popup' located by 'By.xpath: //div[(text() = 'Category was successfully saved.' or . = 'Category was successfully saved.')]' is not present after '30' second(s)

2019-05-27 09:53:37 - [MESSAGE][WARNING] - Timeout '0' is invalid. Using default page load timeout: '30'

2019-05-27 09:53:43 - [MESSAGE][PASSED] - Web element with id: 'Object Repository/ADMIN/Categories/Category/label_edit popup' located by 'By.xpath: //div[(text() = 'Category was successfully saved.' or . = 'Category was successfully saved.')]' is not present after '30' second(s)]]></system-out>
         <system-err><![CDATA[2019-05-27 09:53:24 - [TEST_CASE][FAILED] - Test Cases/ADMIN/Content Mgmt/Categories/Category Add-Edit/Add Category: Test Cases/ADMIN/Content Mgmt/Categories/Category Add-Edit/Add Category FAILED because (of) Unable to click on object 'Object Repository/ADMIN/Categories/Category List/button_Categories' (Root cause: org.openqa.selenium.ElementNotVisibleException: element not visible
  (Session info: chrome=74.0.3729.169)
  (Driver info: chromedriver=2.35.528161 (5b82f2d2aae0ca24b877009200ced9065a772e73),platform=Windows NT 6.1.7601 SP1 x86_64) (WARNING: The server did not provide any stacktrace information)
Command duration or timeout: 0 milliseconds
Build info: version: '3.7.1', revision: '8a0099a', time: '2017-11-06T21:07:36.161Z'
System info: host: 'ARCADIER-PC', ip: '10.10.31.95', os.name: 'Windows 7', os.arch: 'amd64', os.version: '6.1', java.version: '1.8.0_102'
Driver info: com.kms.katalon.core.webui.driver.ExistingRemoteWebDriver
Capabilities {javascriptEnabled: true, platform: ANY, platformName: ANY}
Session ID: f912d58d04e0ea049492dcdbe1240f08)]]></system-err>
      </testcase>
      <testcase name="Test Cases/ADMIN/Content Mgmt/Categories/Category Add-Edit/Add Category" classname="Test Cases/ADMIN/Content Mgmt/Categories/Category Add-Edit/Add Category" status="FAILED">
         <failure type="FAILED" message="Unable to click on object 'Object Repository/ADMIN/Categories/Category List/button_Categories' (Root cause: org.openqa.selenium.ElementNotVisibleException: element not visible
  (Session info: chrome=74.0.3729.169)
  (Driver info: chromedriver=2.35.528161 (5b82f2d2aae0ca24b877009200ced9065a772e73),platform=Windows NT 6.1.7601 SP1 x86_64) (WARNING: The server did not provide any stacktrace information)
Command duration or timeout: 0 milliseconds
Build info: version: '3.7.1', revision: '8a0099a', time: '2017-11-06T21:07:36.161Z'
System info: host: 'ARCADIER-PC', ip: '10.10.31.95', os.name: 'Windows 7', os.arch: 'amd64', os.version: '6.1', java.version: '1.8.0_102'
Driver info: com.kms.katalon.core.webui.driver.ExistingRemoteWebDriver
Capabilities {javascriptEnabled: true, platform: ANY, platformName: ANY}
Session ID: f912d58d04e0ea049492dcdbe1240f08)"/>
         <system-out><![CDATA[2019-05-27 09:53:43 - [TEST_CASE][FAILED] - Test Cases/ADMIN/Content Mgmt/Categories/Category Add-Edit/Add Category: Test Cases/ADMIN/Content Mgmt/Categories/Category Add-Edit/Add Category FAILED because (of) Unable to click on object 'Object Repository/ADMIN/Categories/Category List/button_Categories' (Root cause: org.openqa.selenium.ElementNotVisibleException: element not visible
  (Session info: chrome=74.0.3729.169)
  (Driver info: chromedriver=2.35.528161 (5b82f2d2aae0ca24b877009200ced9065a772e73),platform=Windows NT 6.1.7601 SP1 x86_64) (WARNING: The server did not provide any stacktrace information)
Command duration or timeout: 0 milliseconds
Build info: version: '3.7.1', revision: '8a0099a', time: '2017-11-06T21:07:36.161Z'
System info: host: 'ARCADIER-PC', ip: '10.10.31.95', os.name: 'Windows 7', os.arch: 'amd64', os.version: '6.1', java.version: '1.8.0_102'
Driver info: com.kms.katalon.core.webui.driver.ExistingRemoteWebDriver
Capabilities {javascriptEnabled: true, platform: ANY, platformName: ANY}
Session ID: f912d58d04e0ea049492dcdbe1240f08)

2019-05-27 09:53:43 - [TEST_STEP][PASSED] - waitForElementVisible: Object 'Object Repository/ADMIN/Categories/Category List/button_Content Mgmt' is visible

2019-05-27 09:53:43 - [MESSAGE][WARNING] - Timeout '0' is invalid. Using default page load timeout: '30'

2019-05-27 09:53:43 - [MESSAGE][PASSED] - Object 'Object Repository/ADMIN/Categories/Category List/button_Content Mgmt' is visible

2019-05-27 09:53:43 - [TEST_STEP][PASSED] - click: Object: 'Object Repository/ADMIN/Categories/Category List/button_Content Mgmt' is clicked on

2019-05-27 09:53:44 - [MESSAGE][PASSED] - Object: 'Object Repository/ADMIN/Categories/Category List/button_Content Mgmt' is clicked on

2019-05-27 09:53:44 - [TEST_STEP][PASSED] - waitForElementVisible: Object 'Object Repository/ADMIN/Categories/Category List/button_Categories' is visible

2019-05-27 09:53:44 - [MESSAGE][WARNING] - Timeout '0' is invalid. Using default page load timeout: '30'

2019-05-27 09:53:44 - [MESSAGE][PASSED] - Object 'Object Repository/ADMIN/Categories/Category List/button_Categories' is visible

2019-05-27 09:53:44 - [TEST_STEP][FAILED] - click: Unable to click on object 'Object Repository/ADMIN/Categories/Category List/button_Categories' (Root cause: org.openqa.selenium.ElementNotVisibleException: element not visible
  (Session info: chrome=74.0.3729.169)
  (Driver info: chromedriver=2.35.528161 (5b82f2d2aae0ca24b877009200ced9065a772e73),platform=Windows NT 6.1.7601 SP1 x86_64) (WARNING: The server did not provide any stacktrace information)
Command duration or timeout: 0 milliseconds
Build info: version: '3.7.1', revision: '8a0099a', time: '2017-11-06T21:07:36.161Z'
System info: host: 'ARCADIER-PC', ip: '10.10.31.95', os.name: 'Windows 7', os.arch: 'amd64', os.version: '6.1', java.version: '1.8.0_102'
Driver info: com.kms.katalon.core.webui.driver.ExistingRemoteWebDriver
Capabilities {javascriptEnabled: true, platform: ANY, platformName: ANY}
Session ID: f912d58d04e0ea049492dcdbe1240f08)

2019-05-27 09:53:45 - [MESSAGE][FAILED] - Unable to click on object 'Object Repository/ADMIN/Categories/Category List/button_Categories' (Root cause: org.openqa.selenium.ElementNotVisibleException: element not visible
  (Session info: chrome=74.0.3729.169)
  (Driver info: chromedriver=2.35.528161 (5b82f2d2aae0ca24b877009200ced9065a772e73),platform=Windows NT 6.1.7601 SP1 x86_64) (WARNING: The server did not provide any stacktrace information)
Command duration or timeout: 0 milliseconds
Build info: version: '3.7.1', revision: '8a0099a', time: '2017-11-06T21:07:36.161Z'
System info: host: 'ARCADIER-PC', ip: '10.10.31.95', os.name: 'Windows 7', os.arch: 'amd64', os.version: '6.1', java.version: '1.8.0_102'
Driver info: com.kms.katalon.core.webui.driver.ExistingRemoteWebDriver
Capabilities {javascriptEnabled: true, platform: ANY, platformName: ANY}
Session ID: f912d58d04e0ea049492dcdbe1240f08)
[[ATTACHMENT|C:\\Users\\Arcadier\\git\\Arctick\\Reports\\Suites\\Admin Category\\20190527_092604\\1558922024671.png]]

2019-05-27 09:53:45 - [TEST_STEP][PASSED] - waitForPageLoad: Wait for page load successfully

2019-05-27 09:53:45 - [MESSAGE][WARNING] - Timeout '0' is invalid. Using default page load timeout: '30'

2019-05-27 09:53:45 - [MESSAGE][PASSED] - Wait for page load successfully

2019-05-27 09:53:45 - [TEST_STEP][PASSED] - click: Object: 'Object Repository/ADMIN/Categories/Category List/button_Add a Category' is clicked on

2019-05-27 09:53:45 - [MESSAGE][PASSED] - Object: 'Object Repository/ADMIN/Categories/Category List/button_Add a Category' is clicked on

2019-05-27 09:53:45 - [TEST_STEP][PASSED] - waitForElementPresent: Object 'Object Repository/ADMIN/Categories/Category/dropdown_Parent' is present

2019-05-27 09:53:45 - [MESSAGE][PASSED] - Object 'Object Repository/ADMIN/Categories/Category/dropdown_Parent' is present

2019-05-27 09:53:45 - [TEST_STEP][PASSED] - delay: Delayed 1 second(s)

2019-05-27 09:53:46 - [MESSAGE][PASSED] - Delayed 1 second(s)

2019-05-27 09:53:46 - [TEST_STEP][PASSED] - setText: Text 'Category 5.2.2' is set on object 'Object Repository/ADMIN/Categories/Category/textfield_Category Name'

2019-05-27 09:53:48 - [MESSAGE][PASSED] - Text 'Category 5.2.2' is set on object 'Object Repository/ADMIN/Categories/Category/textfield_Category Name'

2019-05-27 09:53:48 - [TEST_STEP][PASSED] - click: Object: 'Object Repository/ADMIN/Categories/Category/dropdown_Parent' is clicked on

2019-05-27 09:53:48 - [MESSAGE][PASSED] - Object: 'Object Repository/ADMIN/Categories/Category/dropdown_Parent' is clicked on

2019-05-27 09:53:48 - [TEST_STEP][PASSED] - delay: Delayed 2 second(s)

2019-05-27 09:53:50 - [MESSAGE][PASSED] - Delayed 2 second(s)

2019-05-27 09:53:50 - [TEST_STEP][PASSED] - click: Object: 'Object Repository/ADMIN/Categories/Category/dropdown_Parent' is clicked on

2019-05-27 09:53:50 - [MESSAGE][PASSED] - Object: 'Object Repository/ADMIN/Categories/Category/dropdown_Parent' is clicked on

2019-05-27 09:53:50 - [TEST_STEP][PASSED] - selectOptionByLabel: All options with label 'Category 5.2' are selected in object 'Object Repository/ADMIN/Categories/Category/dropdown_Parent' 

2019-05-27 09:53:50 - [MESSAGE][PASSED] - All options with label 'Category 5.2' are selected in object 'Object Repository/ADMIN/Categories/Category/dropdown_Parent' 

2019-05-27 09:53:50 - [TEST_STEP][PASSED] - click: Object: 'Object Repository/ADMIN/Categories/Category/button_Browse' is clicked on

2019-05-27 09:53:50 - [MESSAGE][PASSED] - Object: 'Object Repository/ADMIN/Categories/Category/button_Browse' is clicked on

2019-05-27 09:53:50 - [TEST_STEP][PASSED] - delay: Delayed 2 second(s)

2019-05-27 09:53:52 - [MESSAGE][PASSED] - Delayed 2 second(s)

2019-05-27 09:53:52 - [TEST_STEP][PASSED] - uploadFile: File 'C:\\Katalon\\Image\\pic3.jpg' sent to object: 'Object Repository/ADMIN/Categories/Category/image_input image'

2019-05-27 09:53:52 - [MESSAGE][PASSED] - File 'C:\\Katalon\\Image\\pic3.jpg' sent to object: 'Object Repository/ADMIN/Categories/Category/image_input image'

2019-05-27 09:53:52 - [TEST_STEP][PASSED] - waitForElementVisible: Object 'Object Repository/ADMIN/Categories/Category/button_upload check' is visible

2019-05-27 09:53:52 - [MESSAGE][WARNING] - Timeout '0' is invalid. Using default page load timeout: '30'

2019-05-27 09:53:53 - [MESSAGE][PASSED] - Object 'Object Repository/ADMIN/Categories/Category/button_upload check' is visible

2019-05-27 09:53:53 - [TEST_STEP][PASSED] - click: Object: 'Object Repository/ADMIN/Categories/Category/button_upload check' is clicked on

2019-05-27 09:53:53 - [MESSAGE][PASSED] - Object: 'Object Repository/ADMIN/Categories/Category/button_upload check' is clicked on

2019-05-27 09:53:53 - [TEST_STEP][PASSED] - click: Object: 'Object Repository/ADMIN/Categories/Category/button_upload save' is clicked on

2019-05-27 09:53:53 - [MESSAGE][PASSED] - Object: 'Object Repository/ADMIN/Categories/Category/button_upload save' is clicked on

2019-05-27 09:53:53 - [TEST_STEP][PASSED] - waitForElementVisible: Web element with id: 'Object Repository/ADMIN/Categories/Category/button_upload save' located by 'By.xpath: //a[@class = 'btn btn-warning download' and (text() = ' Add Photo' or . = ' Add Photo')]' not found

2019-05-27 09:53:55 - [MESSAGE][WARNING] - Timeout '0' is invalid. Using default page load timeout: '30'

2019-05-27 09:54:27 - [MESSAGE][WARNING] - Web element with id: 'Object Repository/ADMIN/Categories/Category/button_upload save' located by 'By.xpath: //a[@class = 'btn btn-warning download' and (text() = ' Add Photo' or . = ' Add Photo')]' not found

2019-05-27 09:54:27 - [TEST_STEP][PASSED] - setText: Text 'Description76' is set on object 'Object Repository/ADMIN/Categories/Category/textfield_category_description'

2019-05-27 09:54:27 - [MESSAGE][PASSED] - Text 'Description76' is set on object 'Object Repository/ADMIN/Categories/Category/textfield_category_description'

2019-05-27 09:54:27 - [TEST_STEP][PASSED] - click: Object: 'Object Repository/ADMIN/Categories/Category/button_Save' is clicked on

2019-05-27 09:54:27 - [MESSAGE][PASSED] - Object: 'Object Repository/ADMIN/Categories/Category/button_Save' is clicked on

2019-05-27 09:54:27 - [TEST_STEP][PASSED] - waitForElementVisible: Object 'Object Repository/ADMIN/Categories/Category/label_edit popup' is visible

2019-05-27 09:54:27 - [MESSAGE][WARNING] - Timeout '0' is invalid. Using default page load timeout: '30'

2019-05-27 09:54:28 - [MESSAGE][PASSED] - Object 'Object Repository/ADMIN/Categories/Category/label_edit popup' is visible

2019-05-27 09:54:28 - [TEST_STEP][PASSED] - waitForElementNotPresent: Web element with id: 'Object Repository/ADMIN/Categories/Category/label_edit popup' located by 'By.xpath: //div[(text() = 'Category was successfully saved.' or . = 'Category was successfully saved.')]' is not present after '30' second(s)

2019-05-27 09:54:28 - [MESSAGE][WARNING] - Timeout '0' is invalid. Using default page load timeout: '30'

2019-05-27 09:54:34 - [MESSAGE][PASSED] - Web element with id: 'Object Repository/ADMIN/Categories/Category/label_edit popup' located by 'By.xpath: //div[(text() = 'Category was successfully saved.' or . = 'Category was successfully saved.')]' is not present after '30' second(s)]]></system-out>
         <system-err><![CDATA[2019-05-27 09:53:43 - [TEST_CASE][FAILED] - Test Cases/ADMIN/Content Mgmt/Categories/Category Add-Edit/Add Category: Test Cases/ADMIN/Content Mgmt/Categories/Category Add-Edit/Add Category FAILED because (of) Unable to click on object 'Object Repository/ADMIN/Categories/Category List/button_Categories' (Root cause: org.openqa.selenium.ElementNotVisibleException: element not visible
  (Session info: chrome=74.0.3729.169)
  (Driver info: chromedriver=2.35.528161 (5b82f2d2aae0ca24b877009200ced9065a772e73),platform=Windows NT 6.1.7601 SP1 x86_64) (WARNING: The server did not provide any stacktrace information)
Command duration or timeout: 0 milliseconds
Build info: version: '3.7.1', revision: '8a0099a', time: '2017-11-06T21:07:36.161Z'
System info: host: 'ARCADIER-PC', ip: '10.10.31.95', os.name: 'Windows 7', os.arch: 'amd64', os.version: '6.1', java.version: '1.8.0_102'
Driver info: com.kms.katalon.core.webui.driver.ExistingRemoteWebDriver
Capabilities {javascriptEnabled: true, platform: ANY, platformName: ANY}
Session ID: f912d58d04e0ea049492dcdbe1240f08)]]></system-err>
      </testcase>
      <testcase name="Test Cases/ADMIN/Content Mgmt/Categories/Category Add-Edit/Add Category" classname="Test Cases/ADMIN/Content Mgmt/Categories/Category Add-Edit/Add Category" status="FAILED">
         <failure type="FAILED" message="Unable to click on object 'Object Repository/ADMIN/Categories/Category List/button_Categories' (Root cause: org.openqa.selenium.ElementNotVisibleException: element not visible
  (Session info: chrome=74.0.3729.169)
  (Driver info: chromedriver=2.35.528161 (5b82f2d2aae0ca24b877009200ced9065a772e73),platform=Windows NT 6.1.7601 SP1 x86_64) (WARNING: The server did not provide any stacktrace information)
Command duration or timeout: 0 milliseconds
Build info: version: '3.7.1', revision: '8a0099a', time: '2017-11-06T21:07:36.161Z'
System info: host: 'ARCADIER-PC', ip: '10.10.31.95', os.name: 'Windows 7', os.arch: 'amd64', os.version: '6.1', java.version: '1.8.0_102'
Driver info: com.kms.katalon.core.webui.driver.ExistingRemoteWebDriver
Capabilities {javascriptEnabled: true, platform: ANY, platformName: ANY}
Session ID: f912d58d04e0ea049492dcdbe1240f08)"/>
         <system-out><![CDATA[2019-05-27 09:54:34 - [TEST_CASE][FAILED] - Test Cases/ADMIN/Content Mgmt/Categories/Category Add-Edit/Add Category: Test Cases/ADMIN/Content Mgmt/Categories/Category Add-Edit/Add Category FAILED because (of) Unable to click on object 'Object Repository/ADMIN/Categories/Category List/button_Categories' (Root cause: org.openqa.selenium.ElementNotVisibleException: element not visible
  (Session info: chrome=74.0.3729.169)
  (Driver info: chromedriver=2.35.528161 (5b82f2d2aae0ca24b877009200ced9065a772e73),platform=Windows NT 6.1.7601 SP1 x86_64) (WARNING: The server did not provide any stacktrace information)
Command duration or timeout: 0 milliseconds
Build info: version: '3.7.1', revision: '8a0099a', time: '2017-11-06T21:07:36.161Z'
System info: host: 'ARCADIER-PC', ip: '10.10.31.95', os.name: 'Windows 7', os.arch: 'amd64', os.version: '6.1', java.version: '1.8.0_102'
Driver info: com.kms.katalon.core.webui.driver.ExistingRemoteWebDriver
Capabilities {javascriptEnabled: true, platform: ANY, platformName: ANY}
Session ID: f912d58d04e0ea049492dcdbe1240f08)

2019-05-27 09:54:34 - [TEST_STEP][PASSED] - waitForElementVisible: Object 'Object Repository/ADMIN/Categories/Category List/button_Content Mgmt' is visible

2019-05-27 09:54:34 - [MESSAGE][WARNING] - Timeout '0' is invalid. Using default page load timeout: '30'

2019-05-27 09:54:34 - [MESSAGE][PASSED] - Object 'Object Repository/ADMIN/Categories/Category List/button_Content Mgmt' is visible

2019-05-27 09:54:34 - [TEST_STEP][PASSED] - click: Object: 'Object Repository/ADMIN/Categories/Category List/button_Content Mgmt' is clicked on

2019-05-27 09:54:34 - [MESSAGE][PASSED] - Object: 'Object Repository/ADMIN/Categories/Category List/button_Content Mgmt' is clicked on

2019-05-27 09:54:34 - [TEST_STEP][PASSED] - waitForElementVisible: Object 'Object Repository/ADMIN/Categories/Category List/button_Categories' is visible

2019-05-27 09:54:34 - [MESSAGE][WARNING] - Timeout '0' is invalid. Using default page load timeout: '30'

2019-05-27 09:54:34 - [MESSAGE][PASSED] - Object 'Object Repository/ADMIN/Categories/Category List/button_Categories' is visible

2019-05-27 09:54:34 - [TEST_STEP][FAILED] - click: Unable to click on object 'Object Repository/ADMIN/Categories/Category List/button_Categories' (Root cause: org.openqa.selenium.ElementNotVisibleException: element not visible
  (Session info: chrome=74.0.3729.169)
  (Driver info: chromedriver=2.35.528161 (5b82f2d2aae0ca24b877009200ced9065a772e73),platform=Windows NT 6.1.7601 SP1 x86_64) (WARNING: The server did not provide any stacktrace information)
Command duration or timeout: 0 milliseconds
Build info: version: '3.7.1', revision: '8a0099a', time: '2017-11-06T21:07:36.161Z'
System info: host: 'ARCADIER-PC', ip: '10.10.31.95', os.name: 'Windows 7', os.arch: 'amd64', os.version: '6.1', java.version: '1.8.0_102'
Driver info: com.kms.katalon.core.webui.driver.ExistingRemoteWebDriver
Capabilities {javascriptEnabled: true, platform: ANY, platformName: ANY}
Session ID: f912d58d04e0ea049492dcdbe1240f08)

2019-05-27 09:54:35 - [MESSAGE][FAILED] - Unable to click on object 'Object Repository/ADMIN/Categories/Category List/button_Categories' (Root cause: org.openqa.selenium.ElementNotVisibleException: element not visible
  (Session info: chrome=74.0.3729.169)
  (Driver info: chromedriver=2.35.528161 (5b82f2d2aae0ca24b877009200ced9065a772e73),platform=Windows NT 6.1.7601 SP1 x86_64) (WARNING: The server did not provide any stacktrace information)
Command duration or timeout: 0 milliseconds
Build info: version: '3.7.1', revision: '8a0099a', time: '2017-11-06T21:07:36.161Z'
System info: host: 'ARCADIER-PC', ip: '10.10.31.95', os.name: 'Windows 7', os.arch: 'amd64', os.version: '6.1', java.version: '1.8.0_102'
Driver info: com.kms.katalon.core.webui.driver.ExistingRemoteWebDriver
Capabilities {javascriptEnabled: true, platform: ANY, platformName: ANY}
Session ID: f912d58d04e0ea049492dcdbe1240f08)
[[ATTACHMENT|C:\\Users\\Arcadier\\git\\Arctick\\Reports\\Suites\\Admin Category\\20190527_092604\\1558922075473.png]]

2019-05-27 09:54:35 - [TEST_STEP][PASSED] - waitForPageLoad: Wait for page load successfully

2019-05-27 09:54:35 - [MESSAGE][WARNING] - Timeout '0' is invalid. Using default page load timeout: '30'

2019-05-27 09:54:35 - [MESSAGE][PASSED] - Wait for page load successfully

2019-05-27 09:54:35 - [TEST_STEP][PASSED] - click: Object: 'Object Repository/ADMIN/Categories/Category List/button_Add a Category' is clicked on

2019-05-27 09:54:36 - [MESSAGE][PASSED] - Object: 'Object Repository/ADMIN/Categories/Category List/button_Add a Category' is clicked on

2019-05-27 09:54:36 - [TEST_STEP][PASSED] - waitForElementPresent: Object 'Object Repository/ADMIN/Categories/Category/dropdown_Parent' is present

2019-05-27 09:54:36 - [MESSAGE][PASSED] - Object 'Object Repository/ADMIN/Categories/Category/dropdown_Parent' is present

2019-05-27 09:54:36 - [TEST_STEP][PASSED] - delay: Delayed 1 second(s)

2019-05-27 09:54:37 - [MESSAGE][PASSED] - Delayed 1 second(s)

2019-05-27 09:54:37 - [TEST_STEP][PASSED] - setText: Text 'Category 5.2.3' is set on object 'Object Repository/ADMIN/Categories/Category/textfield_Category Name'

2019-05-27 09:54:39 - [MESSAGE][PASSED] - Text 'Category 5.2.3' is set on object 'Object Repository/ADMIN/Categories/Category/textfield_Category Name'

2019-05-27 09:54:39 - [TEST_STEP][PASSED] - click: Object: 'Object Repository/ADMIN/Categories/Category/dropdown_Parent' is clicked on

2019-05-27 09:54:39 - [MESSAGE][PASSED] - Object: 'Object Repository/ADMIN/Categories/Category/dropdown_Parent' is clicked on

2019-05-27 09:54:39 - [TEST_STEP][PASSED] - delay: Delayed 2 second(s)

2019-05-27 09:54:41 - [MESSAGE][PASSED] - Delayed 2 second(s)

2019-05-27 09:54:41 - [TEST_STEP][PASSED] - click: Object: 'Object Repository/ADMIN/Categories/Category/dropdown_Parent' is clicked on

2019-05-27 09:54:41 - [MESSAGE][PASSED] - Object: 'Object Repository/ADMIN/Categories/Category/dropdown_Parent' is clicked on

2019-05-27 09:54:41 - [TEST_STEP][PASSED] - selectOptionByLabel: All options with label 'Category 5.2' are selected in object 'Object Repository/ADMIN/Categories/Category/dropdown_Parent' 

2019-05-27 09:54:41 - [MESSAGE][PASSED] - All options with label 'Category 5.2' are selected in object 'Object Repository/ADMIN/Categories/Category/dropdown_Parent' 

2019-05-27 09:54:41 - [TEST_STEP][PASSED] - click: Object: 'Object Repository/ADMIN/Categories/Category/button_Browse' is clicked on

2019-05-27 09:54:41 - [MESSAGE][PASSED] - Object: 'Object Repository/ADMIN/Categories/Category/button_Browse' is clicked on

2019-05-27 09:54:41 - [TEST_STEP][PASSED] - delay: Delayed 2 second(s)

2019-05-27 09:54:43 - [MESSAGE][PASSED] - Delayed 2 second(s)

2019-05-27 09:54:43 - [TEST_STEP][PASSED] - uploadFile: File 'C:\\Katalon\\Image\\pic4.jpg' sent to object: 'Object Repository/ADMIN/Categories/Category/image_input image'

2019-05-27 09:54:43 - [MESSAGE][PASSED] - File 'C:\\Katalon\\Image\\pic4.jpg' sent to object: 'Object Repository/ADMIN/Categories/Category/image_input image'

2019-05-27 09:54:43 - [TEST_STEP][PASSED] - waitForElementVisible: Object 'Object Repository/ADMIN/Categories/Category/button_upload check' is visible

2019-05-27 09:54:43 - [MESSAGE][WARNING] - Timeout '0' is invalid. Using default page load timeout: '30'

2019-05-27 09:54:43 - [MESSAGE][PASSED] - Object 'Object Repository/ADMIN/Categories/Category/button_upload check' is visible

2019-05-27 09:54:43 - [TEST_STEP][PASSED] - click: Object: 'Object Repository/ADMIN/Categories/Category/button_upload check' is clicked on

2019-05-27 09:54:43 - [MESSAGE][PASSED] - Object: 'Object Repository/ADMIN/Categories/Category/button_upload check' is clicked on

2019-05-27 09:54:43 - [TEST_STEP][PASSED] - click: Object: 'Object Repository/ADMIN/Categories/Category/button_upload save' is clicked on

2019-05-27 09:54:45 - [MESSAGE][PASSED] - Object: 'Object Repository/ADMIN/Categories/Category/button_upload save' is clicked on

2019-05-27 09:54:45 - [TEST_STEP][PASSED] - waitForElementVisible: Object 'Object Repository/ADMIN/Categories/Category/button_upload save' is visible

2019-05-27 09:54:45 - [MESSAGE][WARNING] - Timeout '0' is invalid. Using default page load timeout: '30'

2019-05-27 09:54:45 - [MESSAGE][PASSED] - Object 'Object Repository/ADMIN/Categories/Category/button_upload save' is visible

2019-05-27 09:54:45 - [TEST_STEP][PASSED] - setText: Text 'Description77' is set on object 'Object Repository/ADMIN/Categories/Category/textfield_category_description'

2019-05-27 09:54:46 - [MESSAGE][PASSED] - Text 'Description77' is set on object 'Object Repository/ADMIN/Categories/Category/textfield_category_description'

2019-05-27 09:54:46 - [TEST_STEP][PASSED] - click: Object: 'Object Repository/ADMIN/Categories/Category/button_Save' is clicked on

2019-05-27 09:54:47 - [MESSAGE][PASSED] - Object: 'Object Repository/ADMIN/Categories/Category/button_Save' is clicked on

2019-05-27 09:54:47 - [TEST_STEP][PASSED] - waitForElementVisible: Object 'Object Repository/ADMIN/Categories/Category/label_edit popup' is visible

2019-05-27 09:54:47 - [MESSAGE][WARNING] - Timeout '0' is invalid. Using default page load timeout: '30'

2019-05-27 09:54:48 - [MESSAGE][PASSED] - Object 'Object Repository/ADMIN/Categories/Category/label_edit popup' is visible

2019-05-27 09:54:48 - [TEST_STEP][PASSED] - waitForElementNotPresent: Web element with id: 'Object Repository/ADMIN/Categories/Category/label_edit popup' located by 'By.xpath: //div[(text() = 'Category was successfully saved.' or . = 'Category was successfully saved.')]' is not present after '30' second(s)

2019-05-27 09:54:48 - [MESSAGE][WARNING] - Timeout '0' is invalid. Using default page load timeout: '30'

2019-05-27 09:54:54 - [MESSAGE][PASSED] - Web element with id: 'Object Repository/ADMIN/Categories/Category/label_edit popup' located by 'By.xpath: //div[(text() = 'Category was successfully saved.' or . = 'Category was successfully saved.')]' is not present after '30' second(s)]]></system-out>
         <system-err><![CDATA[2019-05-27 09:54:34 - [TEST_CASE][FAILED] - Test Cases/ADMIN/Content Mgmt/Categories/Category Add-Edit/Add Category: Test Cases/ADMIN/Content Mgmt/Categories/Category Add-Edit/Add Category FAILED because (of) Unable to click on object 'Object Repository/ADMIN/Categories/Category List/button_Categories' (Root cause: org.openqa.selenium.ElementNotVisibleException: element not visible
  (Session info: chrome=74.0.3729.169)
  (Driver info: chromedriver=2.35.528161 (5b82f2d2aae0ca24b877009200ced9065a772e73),platform=Windows NT 6.1.7601 SP1 x86_64) (WARNING: The server did not provide any stacktrace information)
Command duration or timeout: 0 milliseconds
Build info: version: '3.7.1', revision: '8a0099a', time: '2017-11-06T21:07:36.161Z'
System info: host: 'ARCADIER-PC', ip: '10.10.31.95', os.name: 'Windows 7', os.arch: 'amd64', os.version: '6.1', java.version: '1.8.0_102'
Driver info: com.kms.katalon.core.webui.driver.ExistingRemoteWebDriver
Capabilities {javascriptEnabled: true, platform: ANY, platformName: ANY}
Session ID: f912d58d04e0ea049492dcdbe1240f08)]]></system-err>
      </testcase>
      <testcase name="Test Cases/ADMIN/Content Mgmt/Categories/Category Add-Edit/Add Category" classname="Test Cases/ADMIN/Content Mgmt/Categories/Category Add-Edit/Add Category" status="FAILED">
         <failure type="FAILED" message="Unable to click on object 'Object Repository/ADMIN/Categories/Category List/button_Categories' (Root cause: org.openqa.selenium.ElementNotVisibleException: element not visible
  (Session info: chrome=74.0.3729.169)
  (Driver info: chromedriver=2.35.528161 (5b82f2d2aae0ca24b877009200ced9065a772e73),platform=Windows NT 6.1.7601 SP1 x86_64) (WARNING: The server did not provide any stacktrace information)
Command duration or timeout: 0 milliseconds
Build info: version: '3.7.1', revision: '8a0099a', time: '2017-11-06T21:07:36.161Z'
System info: host: 'ARCADIER-PC', ip: '10.10.31.95', os.name: 'Windows 7', os.arch: 'amd64', os.version: '6.1', java.version: '1.8.0_102'
Driver info: com.kms.katalon.core.webui.driver.ExistingRemoteWebDriver
Capabilities {javascriptEnabled: true, platform: ANY, platformName: ANY}
Session ID: f912d58d04e0ea049492dcdbe1240f08)"/>
         <system-out><![CDATA[2019-05-27 09:54:54 - [TEST_CASE][FAILED] - Test Cases/ADMIN/Content Mgmt/Categories/Category Add-Edit/Add Category: Test Cases/ADMIN/Content Mgmt/Categories/Category Add-Edit/Add Category FAILED because (of) Unable to click on object 'Object Repository/ADMIN/Categories/Category List/button_Categories' (Root cause: org.openqa.selenium.ElementNotVisibleException: element not visible
  (Session info: chrome=74.0.3729.169)
  (Driver info: chromedriver=2.35.528161 (5b82f2d2aae0ca24b877009200ced9065a772e73),platform=Windows NT 6.1.7601 SP1 x86_64) (WARNING: The server did not provide any stacktrace information)
Command duration or timeout: 0 milliseconds
Build info: version: '3.7.1', revision: '8a0099a', time: '2017-11-06T21:07:36.161Z'
System info: host: 'ARCADIER-PC', ip: '10.10.31.95', os.name: 'Windows 7', os.arch: 'amd64', os.version: '6.1', java.version: '1.8.0_102'
Driver info: com.kms.katalon.core.webui.driver.ExistingRemoteWebDriver
Capabilities {javascriptEnabled: true, platform: ANY, platformName: ANY}
Session ID: f912d58d04e0ea049492dcdbe1240f08)

2019-05-27 09:54:54 - [TEST_STEP][PASSED] - waitForElementVisible: Object 'Object Repository/ADMIN/Categories/Category List/button_Content Mgmt' is visible

2019-05-27 09:54:54 - [MESSAGE][WARNING] - Timeout '0' is invalid. Using default page load timeout: '30'

2019-05-27 09:54:54 - [MESSAGE][PASSED] - Object 'Object Repository/ADMIN/Categories/Category List/button_Content Mgmt' is visible

2019-05-27 09:54:54 - [TEST_STEP][PASSED] - click: Object: 'Object Repository/ADMIN/Categories/Category List/button_Content Mgmt' is clicked on

2019-05-27 09:54:55 - [MESSAGE][PASSED] - Object: 'Object Repository/ADMIN/Categories/Category List/button_Content Mgmt' is clicked on

2019-05-27 09:54:55 - [TEST_STEP][PASSED] - waitForElementVisible: Object 'Object Repository/ADMIN/Categories/Category List/button_Categories' is visible

2019-05-27 09:54:55 - [MESSAGE][WARNING] - Timeout '0' is invalid. Using default page load timeout: '30'

2019-05-27 09:54:55 - [MESSAGE][PASSED] - Object 'Object Repository/ADMIN/Categories/Category List/button_Categories' is visible

2019-05-27 09:54:55 - [TEST_STEP][FAILED] - click: Unable to click on object 'Object Repository/ADMIN/Categories/Category List/button_Categories' (Root cause: org.openqa.selenium.ElementNotVisibleException: element not visible
  (Session info: chrome=74.0.3729.169)
  (Driver info: chromedriver=2.35.528161 (5b82f2d2aae0ca24b877009200ced9065a772e73),platform=Windows NT 6.1.7601 SP1 x86_64) (WARNING: The server did not provide any stacktrace information)
Command duration or timeout: 0 milliseconds
Build info: version: '3.7.1', revision: '8a0099a', time: '2017-11-06T21:07:36.161Z'
System info: host: 'ARCADIER-PC', ip: '10.10.31.95', os.name: 'Windows 7', os.arch: 'amd64', os.version: '6.1', java.version: '1.8.0_102'
Driver info: com.kms.katalon.core.webui.driver.ExistingRemoteWebDriver
Capabilities {javascriptEnabled: true, platform: ANY, platformName: ANY}
Session ID: f912d58d04e0ea049492dcdbe1240f08)

2019-05-27 09:54:55 - [MESSAGE][FAILED] - Unable to click on object 'Object Repository/ADMIN/Categories/Category List/button_Categories' (Root cause: org.openqa.selenium.ElementNotVisibleException: element not visible
  (Session info: chrome=74.0.3729.169)
  (Driver info: chromedriver=2.35.528161 (5b82f2d2aae0ca24b877009200ced9065a772e73),platform=Windows NT 6.1.7601 SP1 x86_64) (WARNING: The server did not provide any stacktrace information)
Command duration or timeout: 0 milliseconds
Build info: version: '3.7.1', revision: '8a0099a', time: '2017-11-06T21:07:36.161Z'
System info: host: 'ARCADIER-PC', ip: '10.10.31.95', os.name: 'Windows 7', os.arch: 'amd64', os.version: '6.1', java.version: '1.8.0_102'
Driver info: com.kms.katalon.core.webui.driver.ExistingRemoteWebDriver
Capabilities {javascriptEnabled: true, platform: ANY, platformName: ANY}
Session ID: f912d58d04e0ea049492dcdbe1240f08)
[[ATTACHMENT|C:\\Users\\Arcadier\\git\\Arctick\\Reports\\Suites\\Admin Category\\20190527_092604\\1558922095329.png]]

2019-05-27 09:54:55 - [TEST_STEP][PASSED] - waitForPageLoad: Wait for page load successfully

2019-05-27 09:54:55 - [MESSAGE][WARNING] - Timeout '0' is invalid. Using default page load timeout: '30'

2019-05-27 09:54:55 - [MESSAGE][PASSED] - Wait for page load successfully

2019-05-27 09:54:55 - [TEST_STEP][PASSED] - click: Object: 'Object Repository/ADMIN/Categories/Category List/button_Add a Category' is clicked on

2019-05-27 09:54:55 - [MESSAGE][PASSED] - Object: 'Object Repository/ADMIN/Categories/Category List/button_Add a Category' is clicked on

2019-05-27 09:54:55 - [TEST_STEP][PASSED] - waitForElementPresent: Object 'Object Repository/ADMIN/Categories/Category/dropdown_Parent' is present

2019-05-27 09:54:55 - [MESSAGE][PASSED] - Object 'Object Repository/ADMIN/Categories/Category/dropdown_Parent' is present

2019-05-27 09:54:55 - [TEST_STEP][PASSED] - delay: Delayed 1 second(s)

2019-05-27 09:54:56 - [MESSAGE][PASSED] - Delayed 1 second(s)

2019-05-27 09:54:56 - [TEST_STEP][PASSED] - setText: Text 'Category 5.3' is set on object 'Object Repository/ADMIN/Categories/Category/textfield_Category Name'

2019-05-27 09:54:59 - [MESSAGE][PASSED] - Text 'Category 5.3' is set on object 'Object Repository/ADMIN/Categories/Category/textfield_Category Name'

2019-05-27 09:54:59 - [TEST_STEP][PASSED] - click: Object: 'Object Repository/ADMIN/Categories/Category/dropdown_Parent' is clicked on

2019-05-27 09:54:59 - [MESSAGE][PASSED] - Object: 'Object Repository/ADMIN/Categories/Category/dropdown_Parent' is clicked on

2019-05-27 09:54:59 - [TEST_STEP][PASSED] - delay: Delayed 2 second(s)

2019-05-27 09:55:01 - [MESSAGE][PASSED] - Delayed 2 second(s)

2019-05-27 09:55:01 - [TEST_STEP][PASSED] - click: Object: 'Object Repository/ADMIN/Categories/Category/dropdown_Parent' is clicked on

2019-05-27 09:55:01 - [MESSAGE][PASSED] - Object: 'Object Repository/ADMIN/Categories/Category/dropdown_Parent' is clicked on

2019-05-27 09:55:01 - [TEST_STEP][PASSED] - selectOptionByLabel: All options with label 'Category 5' are selected in object 'Object Repository/ADMIN/Categories/Category/dropdown_Parent' 

2019-05-27 09:55:01 - [MESSAGE][PASSED] - All options with label 'Category 5' are selected in object 'Object Repository/ADMIN/Categories/Category/dropdown_Parent' 

2019-05-27 09:55:01 - [TEST_STEP][PASSED] - click: Object: 'Object Repository/ADMIN/Categories/Category/button_Browse' is clicked on

2019-05-27 09:55:02 - [MESSAGE][PASSED] - Object: 'Object Repository/ADMIN/Categories/Category/button_Browse' is clicked on

2019-05-27 09:55:02 - [TEST_STEP][PASSED] - delay: Delayed 2 second(s)

2019-05-27 09:55:04 - [MESSAGE][PASSED] - Delayed 2 second(s)

2019-05-27 09:55:04 - [TEST_STEP][PASSED] - uploadFile: File 'C:\\Katalon\\Image\\pic5.jpg' sent to object: 'Object Repository/ADMIN/Categories/Category/image_input image'

2019-05-27 09:55:04 - [MESSAGE][PASSED] - File 'C:\\Katalon\\Image\\pic5.jpg' sent to object: 'Object Repository/ADMIN/Categories/Category/image_input image'

2019-05-27 09:55:04 - [TEST_STEP][PASSED] - waitForElementVisible: Object 'Object Repository/ADMIN/Categories/Category/button_upload check' is visible

2019-05-27 09:55:04 - [MESSAGE][WARNING] - Timeout '0' is invalid. Using default page load timeout: '30'

2019-05-27 09:55:04 - [MESSAGE][PASSED] - Object 'Object Repository/ADMIN/Categories/Category/button_upload check' is visible

2019-05-27 09:55:04 - [TEST_STEP][PASSED] - click: Object: 'Object Repository/ADMIN/Categories/Category/button_upload check' is clicked on

2019-05-27 09:55:04 - [MESSAGE][PASSED] - Object: 'Object Repository/ADMIN/Categories/Category/button_upload check' is clicked on

2019-05-27 09:55:04 - [TEST_STEP][PASSED] - click: Object: 'Object Repository/ADMIN/Categories/Category/button_upload save' is clicked on

2019-05-27 09:55:04 - [MESSAGE][PASSED] - Object: 'Object Repository/ADMIN/Categories/Category/button_upload save' is clicked on

2019-05-27 09:55:04 - [TEST_STEP][PASSED] - waitForElementVisible: Web element with id: 'Object Repository/ADMIN/Categories/Category/button_upload save' located by 'By.xpath: //a[@class = 'btn btn-warning download' and (text() = ' Add Photo' or . = ' Add Photo')]' not found

2019-05-27 09:55:04 - [MESSAGE][WARNING] - Timeout '0' is invalid. Using default page load timeout: '30'

2019-05-27 09:55:40 - [MESSAGE][WARNING] - Web element with id: 'Object Repository/ADMIN/Categories/Category/button_upload save' located by 'By.xpath: //a[@class = 'btn btn-warning download' and (text() = ' Add Photo' or . = ' Add Photo')]' not found

2019-05-27 09:55:40 - [TEST_STEP][PASSED] - setText: Text 'Description78' is set on object 'Object Repository/ADMIN/Categories/Category/textfield_category_description'

2019-05-27 09:55:40 - [MESSAGE][PASSED] - Text 'Description78' is set on object 'Object Repository/ADMIN/Categories/Category/textfield_category_description'

2019-05-27 09:55:40 - [TEST_STEP][PASSED] - click: Object: 'Object Repository/ADMIN/Categories/Category/button_Save' is clicked on

2019-05-27 09:55:41 - [MESSAGE][PASSED] - Object: 'Object Repository/ADMIN/Categories/Category/button_Save' is clicked on

2019-05-27 09:55:41 - [TEST_STEP][PASSED] - waitForElementVisible: Object 'Object Repository/ADMIN/Categories/Category/label_edit popup' is visible

2019-05-27 09:55:41 - [MESSAGE][WARNING] - Timeout '0' is invalid. Using default page load timeout: '30'

2019-05-27 09:55:41 - [MESSAGE][PASSED] - Object 'Object Repository/ADMIN/Categories/Category/label_edit popup' is visible

2019-05-27 09:55:41 - [TEST_STEP][PASSED] - waitForElementNotPresent: Web element with id: 'Object Repository/ADMIN/Categories/Category/label_edit popup' located by 'By.xpath: //div[(text() = 'Category was successfully saved.' or . = 'Category was successfully saved.')]' is not present after '30' second(s)

2019-05-27 09:55:41 - [MESSAGE][WARNING] - Timeout '0' is invalid. Using default page load timeout: '30'

2019-05-27 09:55:47 - [MESSAGE][PASSED] - Web element with id: 'Object Repository/ADMIN/Categories/Category/label_edit popup' located by 'By.xpath: //div[(text() = 'Category was successfully saved.' or . = 'Category was successfully saved.')]' is not present after '30' second(s)]]></system-out>
         <system-err><![CDATA[2019-05-27 09:54:54 - [TEST_CASE][FAILED] - Test Cases/ADMIN/Content Mgmt/Categories/Category Add-Edit/Add Category: Test Cases/ADMIN/Content Mgmt/Categories/Category Add-Edit/Add Category FAILED because (of) Unable to click on object 'Object Repository/ADMIN/Categories/Category List/button_Categories' (Root cause: org.openqa.selenium.ElementNotVisibleException: element not visible
  (Session info: chrome=74.0.3729.169)
  (Driver info: chromedriver=2.35.528161 (5b82f2d2aae0ca24b877009200ced9065a772e73),platform=Windows NT 6.1.7601 SP1 x86_64) (WARNING: The server did not provide any stacktrace information)
Command duration or timeout: 0 milliseconds
Build info: version: '3.7.1', revision: '8a0099a', time: '2017-11-06T21:07:36.161Z'
System info: host: 'ARCADIER-PC', ip: '10.10.31.95', os.name: 'Windows 7', os.arch: 'amd64', os.version: '6.1', java.version: '1.8.0_102'
Driver info: com.kms.katalon.core.webui.driver.ExistingRemoteWebDriver
Capabilities {javascriptEnabled: true, platform: ANY, platformName: ANY}
Session ID: f912d58d04e0ea049492dcdbe1240f08)]]></system-err>
      </testcase>
      <testcase name="Test Cases/ADMIN/Content Mgmt/Categories/Category Add-Edit/Add Category" classname="Test Cases/ADMIN/Content Mgmt/Categories/Category Add-Edit/Add Category" status="PASSED">
         <system-out><![CDATA[2019-05-27 09:55:47 - [TEST_CASE][PASSED] - Test Cases/ADMIN/Content Mgmt/Categories/Category Add-Edit/Add Category: Test Cases/ADMIN/Content Mgmt/Categories/Category Add-Edit/Add Category

2019-05-27 09:55:47 - [TEST_STEP][PASSED] - waitForElementVisible: Object 'Object Repository/ADMIN/Categories/Category List/button_Content Mgmt' is visible

2019-05-27 09:55:48 - [MESSAGE][WARNING] - Timeout '0' is invalid. Using default page load timeout: '30'

2019-05-27 09:55:48 - [MESSAGE][PASSED] - Object 'Object Repository/ADMIN/Categories/Category List/button_Content Mgmt' is visible

2019-05-27 09:55:48 - [TEST_STEP][PASSED] - click: Object: 'Object Repository/ADMIN/Categories/Category List/button_Content Mgmt' is clicked on

2019-05-27 09:55:48 - [MESSAGE][PASSED] - Object: 'Object Repository/ADMIN/Categories/Category List/button_Content Mgmt' is clicked on

2019-05-27 09:55:48 - [TEST_STEP][PASSED] - waitForElementVisible: Object 'Object Repository/ADMIN/Categories/Category List/button_Categories' is visible

2019-05-27 09:55:48 - [MESSAGE][WARNING] - Timeout '0' is invalid. Using default page load timeout: '30'

2019-05-27 09:55:48 - [MESSAGE][PASSED] - Object 'Object Repository/ADMIN/Categories/Category List/button_Categories' is visible

2019-05-27 09:55:48 - [TEST_STEP][PASSED] - click: Object: 'Object Repository/ADMIN/Categories/Category List/button_Categories' is clicked on

2019-05-27 09:55:49 - [MESSAGE][PASSED] - Object: 'Object Repository/ADMIN/Categories/Category List/button_Categories' is clicked on

2019-05-27 09:55:49 - [TEST_STEP][PASSED] - waitForPageLoad: Wait for page load successfully

2019-05-27 09:55:49 - [MESSAGE][WARNING] - Timeout '0' is invalid. Using default page load timeout: '30'

2019-05-27 09:55:49 - [MESSAGE][PASSED] - Wait for page load successfully

2019-05-27 09:55:49 - [TEST_STEP][PASSED] - click: Object: 'Object Repository/ADMIN/Categories/Category List/button_Add a Category' is clicked on

2019-05-27 09:55:50 - [MESSAGE][PASSED] - Object: 'Object Repository/ADMIN/Categories/Category List/button_Add a Category' is clicked on

2019-05-27 09:55:50 - [TEST_STEP][PASSED] - waitForElementPresent: Object 'Object Repository/ADMIN/Categories/Category/dropdown_Parent' is present

2019-05-27 09:55:50 - [MESSAGE][PASSED] - Object 'Object Repository/ADMIN/Categories/Category/dropdown_Parent' is present

2019-05-27 09:55:50 - [TEST_STEP][PASSED] - delay: Delayed 1 second(s)

2019-05-27 09:55:51 - [MESSAGE][PASSED] - Delayed 1 second(s)

2019-05-27 09:55:51 - [TEST_STEP][PASSED] - setText: Text 'Category 5.4' is set on object 'Object Repository/ADMIN/Categories/Category/textfield_Category Name'

2019-05-27 09:55:52 - [MESSAGE][PASSED] - Text 'Category 5.4' is set on object 'Object Repository/ADMIN/Categories/Category/textfield_Category Name'

2019-05-27 09:55:52 - [TEST_STEP][PASSED] - click: Object: 'Object Repository/ADMIN/Categories/Category/dropdown_Parent' is clicked on

2019-05-27 09:55:52 - [MESSAGE][PASSED] - Object: 'Object Repository/ADMIN/Categories/Category/dropdown_Parent' is clicked on

2019-05-27 09:55:52 - [TEST_STEP][PASSED] - delay: Delayed 2 second(s)

2019-05-27 09:55:54 - [MESSAGE][PASSED] - Delayed 2 second(s)

2019-05-27 09:55:54 - [TEST_STEP][PASSED] - click: Object: 'Object Repository/ADMIN/Categories/Category/dropdown_Parent' is clicked on

2019-05-27 09:55:54 - [MESSAGE][PASSED] - Object: 'Object Repository/ADMIN/Categories/Category/dropdown_Parent' is clicked on

2019-05-27 09:55:54 - [TEST_STEP][PASSED] - selectOptionByLabel: All options with label 'Category 5' are selected in object 'Object Repository/ADMIN/Categories/Category/dropdown_Parent' 

2019-05-27 09:55:54 - [MESSAGE][PASSED] - All options with label 'Category 5' are selected in object 'Object Repository/ADMIN/Categories/Category/dropdown_Parent' 

2019-05-27 09:55:55 - [TEST_STEP][PASSED] - click: Object: 'Object Repository/ADMIN/Categories/Category/button_Browse' is clicked on

2019-05-27 09:55:55 - [MESSAGE][PASSED] - Object: 'Object Repository/ADMIN/Categories/Category/button_Browse' is clicked on

2019-05-27 09:55:55 - [TEST_STEP][PASSED] - delay: Delayed 2 second(s)

2019-05-27 09:55:57 - [MESSAGE][PASSED] - Delayed 2 second(s)

2019-05-27 09:55:57 - [TEST_STEP][PASSED] - uploadFile: File 'C:\\Katalon\\Image\\pic6.jpg' sent to object: 'Object Repository/ADMIN/Categories/Category/image_input image'

2019-05-27 09:55:57 - [MESSAGE][PASSED] - File 'C:\\Katalon\\Image\\pic6.jpg' sent to object: 'Object Repository/ADMIN/Categories/Category/image_input image'

2019-05-27 09:55:57 - [TEST_STEP][PASSED] - waitForElementVisible: Object 'Object Repository/ADMIN/Categories/Category/button_upload check' is visible

2019-05-27 09:55:57 - [MESSAGE][WARNING] - Timeout '0' is invalid. Using default page load timeout: '30'

2019-05-27 09:55:57 - [MESSAGE][PASSED] - Object 'Object Repository/ADMIN/Categories/Category/button_upload check' is visible

2019-05-27 09:55:57 - [TEST_STEP][PASSED] - click: Object: 'Object Repository/ADMIN/Categories/Category/button_upload check' is clicked on

2019-05-27 09:55:58 - [MESSAGE][PASSED] - Object: 'Object Repository/ADMIN/Categories/Category/button_upload check' is clicked on

2019-05-27 09:55:58 - [TEST_STEP][PASSED] - click: Object: 'Object Repository/ADMIN/Categories/Category/button_upload save' is clicked on

2019-05-27 09:55:58 - [MESSAGE][PASSED] - Object: 'Object Repository/ADMIN/Categories/Category/button_upload save' is clicked on

2019-05-27 09:55:58 - [TEST_STEP][PASSED] - waitForElementVisible: Web element with id: 'Object Repository/ADMIN/Categories/Category/button_upload save' located by 'By.xpath: //a[@class = 'btn btn-warning download' and (text() = ' Add Photo' or . = ' Add Photo')]' not found

2019-05-27 09:56:00 - [MESSAGE][WARNING] - Timeout '0' is invalid. Using default page load timeout: '30'

2019-05-27 09:56:34 - [MESSAGE][WARNING] - Web element with id: 'Object Repository/ADMIN/Categories/Category/button_upload save' located by 'By.xpath: //a[@class = 'btn btn-warning download' and (text() = ' Add Photo' or . = ' Add Photo')]' not found

2019-05-27 09:56:34 - [TEST_STEP][PASSED] - setText: Text 'Description79' is set on object 'Object Repository/ADMIN/Categories/Category/textfield_category_description'

2019-05-27 09:56:34 - [MESSAGE][PASSED] - Text 'Description79' is set on object 'Object Repository/ADMIN/Categories/Category/textfield_category_description'

2019-05-27 09:56:34 - [TEST_STEP][PASSED] - click: Object: 'Object Repository/ADMIN/Categories/Category/button_Save' is clicked on

2019-05-27 09:56:34 - [MESSAGE][PASSED] - Object: 'Object Repository/ADMIN/Categories/Category/button_Save' is clicked on

2019-05-27 09:56:34 - [TEST_STEP][PASSED] - waitForElementVisible: Object 'Object Repository/ADMIN/Categories/Category/label_edit popup' is visible

2019-05-27 09:56:34 - [MESSAGE][WARNING] - Timeout '0' is invalid. Using default page load timeout: '30'

2019-05-27 09:56:35 - [MESSAGE][PASSED] - Object 'Object Repository/ADMIN/Categories/Category/label_edit popup' is visible

2019-05-27 09:56:35 - [TEST_STEP][PASSED] - waitForElementNotPresent: Web element with id: 'Object Repository/ADMIN/Categories/Category/label_edit popup' located by 'By.xpath: //div[(text() = 'Category was successfully saved.' or . = 'Category was successfully saved.')]' is not present after '30' second(s)

2019-05-27 09:56:35 - [MESSAGE][WARNING] - Timeout '0' is invalid. Using default page load timeout: '30'

2019-05-27 09:56:41 - [MESSAGE][PASSED] - Web element with id: 'Object Repository/ADMIN/Categories/Category/label_edit popup' located by 'By.xpath: //div[(text() = 'Category was successfully saved.' or . = 'Category was successfully saved.')]' is not present after '30' second(s)]]></system-out>
         <system-err><![CDATA[]]></system-err>
      </testcase>
      <testcase name="Test Cases/ADMIN/Content Mgmt/Categories/Category Add-Edit/Add Category" classname="Test Cases/ADMIN/Content Mgmt/Categories/Category Add-Edit/Add Category" status="FAILED">
         <failure type="FAILED" message="Unable to click on object 'Object Repository/ADMIN/Categories/Category List/button_Categories' (Root cause: org.openqa.selenium.ElementNotVisibleException: element not visible
  (Session info: chrome=74.0.3729.169)
  (Driver info: chromedriver=2.35.528161 (5b82f2d2aae0ca24b877009200ced9065a772e73),platform=Windows NT 6.1.7601 SP1 x86_64) (WARNING: The server did not provide any stacktrace information)
Command duration or timeout: 0 milliseconds
Build info: version: '3.7.1', revision: '8a0099a', time: '2017-11-06T21:07:36.161Z'
System info: host: 'ARCADIER-PC', ip: '10.10.31.95', os.name: 'Windows 7', os.arch: 'amd64', os.version: '6.1', java.version: '1.8.0_102'
Driver info: com.kms.katalon.core.webui.driver.ExistingRemoteWebDriver
Capabilities {javascriptEnabled: true, platform: ANY, platformName: ANY}
Session ID: f912d58d04e0ea049492dcdbe1240f08)"/>
         <system-out><![CDATA[2019-05-27 09:56:41 - [TEST_CASE][FAILED] - Test Cases/ADMIN/Content Mgmt/Categories/Category Add-Edit/Add Category: Test Cases/ADMIN/Content Mgmt/Categories/Category Add-Edit/Add Category FAILED because (of) Unable to click on object 'Object Repository/ADMIN/Categories/Category List/button_Categories' (Root cause: org.openqa.selenium.ElementNotVisibleException: element not visible
  (Session info: chrome=74.0.3729.169)
  (Driver info: chromedriver=2.35.528161 (5b82f2d2aae0ca24b877009200ced9065a772e73),platform=Windows NT 6.1.7601 SP1 x86_64) (WARNING: The server did not provide any stacktrace information)
Command duration or timeout: 0 milliseconds
Build info: version: '3.7.1', revision: '8a0099a', time: '2017-11-06T21:07:36.161Z'
System info: host: 'ARCADIER-PC', ip: '10.10.31.95', os.name: 'Windows 7', os.arch: 'amd64', os.version: '6.1', java.version: '1.8.0_102'
Driver info: com.kms.katalon.core.webui.driver.ExistingRemoteWebDriver
Capabilities {javascriptEnabled: true, platform: ANY, platformName: ANY}
Session ID: f912d58d04e0ea049492dcdbe1240f08)

2019-05-27 09:56:41 - [TEST_STEP][PASSED] - waitForElementVisible: Object 'Object Repository/ADMIN/Categories/Category List/button_Content Mgmt' is visible

2019-05-27 09:56:41 - [MESSAGE][WARNING] - Timeout '0' is invalid. Using default page load timeout: '30'

2019-05-27 09:56:41 - [MESSAGE][PASSED] - Object 'Object Repository/ADMIN/Categories/Category List/button_Content Mgmt' is visible

2019-05-27 09:56:41 - [TEST_STEP][PASSED] - click: Object: 'Object Repository/ADMIN/Categories/Category List/button_Content Mgmt' is clicked on

2019-05-27 09:56:41 - [MESSAGE][PASSED] - Object: 'Object Repository/ADMIN/Categories/Category List/button_Content Mgmt' is clicked on

2019-05-27 09:56:41 - [TEST_STEP][PASSED] - waitForElementVisible: Object 'Object Repository/ADMIN/Categories/Category List/button_Categories' is visible

2019-05-27 09:56:41 - [MESSAGE][WARNING] - Timeout '0' is invalid. Using default page load timeout: '30'

2019-05-27 09:56:41 - [MESSAGE][PASSED] - Object 'Object Repository/ADMIN/Categories/Category List/button_Categories' is visible

2019-05-27 09:56:41 - [TEST_STEP][FAILED] - click: Unable to click on object 'Object Repository/ADMIN/Categories/Category List/button_Categories' (Root cause: org.openqa.selenium.ElementNotVisibleException: element not visible
  (Session info: chrome=74.0.3729.169)
  (Driver info: chromedriver=2.35.528161 (5b82f2d2aae0ca24b877009200ced9065a772e73),platform=Windows NT 6.1.7601 SP1 x86_64) (WARNING: The server did not provide any stacktrace information)
Command duration or timeout: 0 milliseconds
Build info: version: '3.7.1', revision: '8a0099a', time: '2017-11-06T21:07:36.161Z'
System info: host: 'ARCADIER-PC', ip: '10.10.31.95', os.name: 'Windows 7', os.arch: 'amd64', os.version: '6.1', java.version: '1.8.0_102'
Driver info: com.kms.katalon.core.webui.driver.ExistingRemoteWebDriver
Capabilities {javascriptEnabled: true, platform: ANY, platformName: ANY}
Session ID: f912d58d04e0ea049492dcdbe1240f08)

2019-05-27 09:56:42 - [MESSAGE][FAILED] - Unable to click on object 'Object Repository/ADMIN/Categories/Category List/button_Categories' (Root cause: org.openqa.selenium.ElementNotVisibleException: element not visible
  (Session info: chrome=74.0.3729.169)
  (Driver info: chromedriver=2.35.528161 (5b82f2d2aae0ca24b877009200ced9065a772e73),platform=Windows NT 6.1.7601 SP1 x86_64) (WARNING: The server did not provide any stacktrace information)
Command duration or timeout: 0 milliseconds
Build info: version: '3.7.1', revision: '8a0099a', time: '2017-11-06T21:07:36.161Z'
System info: host: 'ARCADIER-PC', ip: '10.10.31.95', os.name: 'Windows 7', os.arch: 'amd64', os.version: '6.1', java.version: '1.8.0_102'
Driver info: com.kms.katalon.core.webui.driver.ExistingRemoteWebDriver
Capabilities {javascriptEnabled: true, platform: ANY, platformName: ANY}
Session ID: f912d58d04e0ea049492dcdbe1240f08)
[[ATTACHMENT|C:\\Users\\Arcadier\\git\\Arctick\\Reports\\Suites\\Admin Category\\20190527_092604\\1558922202053.png]]

2019-05-27 09:56:42 - [TEST_STEP][PASSED] - waitForPageLoad: Wait for page load successfully

2019-05-27 09:56:42 - [MESSAGE][WARNING] - Timeout '0' is invalid. Using default page load timeout: '30'

2019-05-27 09:56:42 - [MESSAGE][PASSED] - Wait for page load successfully

2019-05-27 09:56:42 - [TEST_STEP][PASSED] - click: Object: 'Object Repository/ADMIN/Categories/Category List/button_Add a Category' is clicked on

2019-05-27 09:56:42 - [MESSAGE][PASSED] - Object: 'Object Repository/ADMIN/Categories/Category List/button_Add a Category' is clicked on

2019-05-27 09:56:42 - [TEST_STEP][PASSED] - waitForElementPresent: Object 'Object Repository/ADMIN/Categories/Category/dropdown_Parent' is present

2019-05-27 09:56:42 - [MESSAGE][PASSED] - Object 'Object Repository/ADMIN/Categories/Category/dropdown_Parent' is present

2019-05-27 09:56:42 - [TEST_STEP][PASSED] - delay: Delayed 1 second(s)

2019-05-27 09:56:43 - [MESSAGE][PASSED] - Delayed 1 second(s)

2019-05-27 09:56:43 - [TEST_STEP][PASSED] - setText: Text 'Category 6' is set on object 'Object Repository/ADMIN/Categories/Category/textfield_Category Name'

2019-05-27 09:56:44 - [MESSAGE][PASSED] - Text 'Category 6' is set on object 'Object Repository/ADMIN/Categories/Category/textfield_Category Name'

2019-05-27 09:56:44 - [TEST_STEP][PASSED] - click: Object: 'Object Repository/ADMIN/Categories/Category/dropdown_Parent' is clicked on

2019-05-27 09:56:45 - [MESSAGE][PASSED] - Object: 'Object Repository/ADMIN/Categories/Category/dropdown_Parent' is clicked on

2019-05-27 09:56:45 - [TEST_STEP][PASSED] - delay: Delayed 2 second(s)

2019-05-27 09:56:47 - [MESSAGE][PASSED] - Delayed 2 second(s)

2019-05-27 09:56:47 - [TEST_STEP][PASSED] - click: Object: 'Object Repository/ADMIN/Categories/Category/dropdown_Parent' is clicked on

2019-05-27 09:56:47 - [MESSAGE][PASSED] - Object: 'Object Repository/ADMIN/Categories/Category/dropdown_Parent' is clicked on

2019-05-27 09:56:47 - [TEST_STEP][PASSED] - selectOptionByLabel: All options with label '-' are selected in object 'Object Repository/ADMIN/Categories/Category/dropdown_Parent' 

2019-05-27 09:56:47 - [MESSAGE][PASSED] - All options with label '-' are selected in object 'Object Repository/ADMIN/Categories/Category/dropdown_Parent' 

2019-05-27 09:56:47 - [TEST_STEP][PASSED] - click: Object: 'Object Repository/ADMIN/Categories/Category/button_Browse' is clicked on

2019-05-27 09:56:48 - [MESSAGE][PASSED] - Object: 'Object Repository/ADMIN/Categories/Category/button_Browse' is clicked on

2019-05-27 09:56:48 - [TEST_STEP][PASSED] - delay: Delayed 2 second(s)

2019-05-27 09:56:50 - [MESSAGE][PASSED] - Delayed 2 second(s)

2019-05-27 09:56:50 - [TEST_STEP][PASSED] - uploadFile: File 'C:\\Katalon\\Image\\pic7.jpg' sent to object: 'Object Repository/ADMIN/Categories/Category/image_input image'

2019-05-27 09:56:50 - [MESSAGE][PASSED] - File 'C:\\Katalon\\Image\\pic7.jpg' sent to object: 'Object Repository/ADMIN/Categories/Category/image_input image'

2019-05-27 09:56:50 - [TEST_STEP][PASSED] - waitForElementVisible: Object 'Object Repository/ADMIN/Categories/Category/button_upload check' is visible

2019-05-27 09:56:50 - [MESSAGE][WARNING] - Timeout '0' is invalid. Using default page load timeout: '30'

2019-05-27 09:56:51 - [MESSAGE][PASSED] - Object 'Object Repository/ADMIN/Categories/Category/button_upload check' is visible

2019-05-27 09:56:51 - [TEST_STEP][PASSED] - click: Object: 'Object Repository/ADMIN/Categories/Category/button_upload check' is clicked on

2019-05-27 09:56:51 - [MESSAGE][PASSED] - Object: 'Object Repository/ADMIN/Categories/Category/button_upload check' is clicked on

2019-05-27 09:56:51 - [TEST_STEP][PASSED] - click: Object: 'Object Repository/ADMIN/Categories/Category/button_upload save' is clicked on

2019-05-27 09:56:51 - [MESSAGE][PASSED] - Object: 'Object Repository/ADMIN/Categories/Category/button_upload save' is clicked on

2019-05-27 09:56:51 - [TEST_STEP][PASSED] - waitForElementVisible: Object 'Object Repository/ADMIN/Categories/Category/button_upload save' is visible

2019-05-27 09:56:51 - [MESSAGE][WARNING] - Timeout '0' is invalid. Using default page load timeout: '30'

2019-05-27 09:56:51 - [MESSAGE][PASSED] - Object 'Object Repository/ADMIN/Categories/Category/button_upload save' is visible

2019-05-27 09:56:53 - [TEST_STEP][PASSED] - setText: Text 'Description80' is set on object 'Object Repository/ADMIN/Categories/Category/textfield_category_description'

2019-05-27 09:56:53 - [MESSAGE][PASSED] - Text 'Description80' is set on object 'Object Repository/ADMIN/Categories/Category/textfield_category_description'

2019-05-27 09:56:53 - [TEST_STEP][PASSED] - click: Object: 'Object Repository/ADMIN/Categories/Category/button_Save' is clicked on

2019-05-27 09:56:55 - [MESSAGE][PASSED] - Object: 'Object Repository/ADMIN/Categories/Category/button_Save' is clicked on

2019-05-27 09:56:55 - [TEST_STEP][PASSED] - waitForElementVisible: Object 'Object Repository/ADMIN/Categories/Category/label_edit popup' is visible

2019-05-27 09:56:55 - [MESSAGE][WARNING] - Timeout '0' is invalid. Using default page load timeout: '30'

2019-05-27 09:56:56 - [MESSAGE][PASSED] - Object 'Object Repository/ADMIN/Categories/Category/label_edit popup' is visible

2019-05-27 09:56:56 - [TEST_STEP][PASSED] - waitForElementNotPresent: Web element with id: 'Object Repository/ADMIN/Categories/Category/label_edit popup' located by 'By.xpath: //div[(text() = 'Category was successfully saved.' or . = 'Category was successfully saved.')]' is not present after '30' second(s)

2019-05-27 09:56:56 - [MESSAGE][WARNING] - Timeout '0' is invalid. Using default page load timeout: '30'

2019-05-27 09:57:01 - [MESSAGE][PASSED] - Web element with id: 'Object Repository/ADMIN/Categories/Category/label_edit popup' located by 'By.xpath: //div[(text() = 'Category was successfully saved.' or . = 'Category was successfully saved.')]' is not present after '30' second(s)]]></system-out>
         <system-err><![CDATA[2019-05-27 09:56:41 - [TEST_CASE][FAILED] - Test Cases/ADMIN/Content Mgmt/Categories/Category Add-Edit/Add Category: Test Cases/ADMIN/Content Mgmt/Categories/Category Add-Edit/Add Category FAILED because (of) Unable to click on object 'Object Repository/ADMIN/Categories/Category List/button_Categories' (Root cause: org.openqa.selenium.ElementNotVisibleException: element not visible
  (Session info: chrome=74.0.3729.169)
  (Driver info: chromedriver=2.35.528161 (5b82f2d2aae0ca24b877009200ced9065a772e73),platform=Windows NT 6.1.7601 SP1 x86_64) (WARNING: The server did not provide any stacktrace information)
Command duration or timeout: 0 milliseconds
Build info: version: '3.7.1', revision: '8a0099a', time: '2017-11-06T21:07:36.161Z'
System info: host: 'ARCADIER-PC', ip: '10.10.31.95', os.name: 'Windows 7', os.arch: 'amd64', os.version: '6.1', java.version: '1.8.0_102'
Driver info: com.kms.katalon.core.webui.driver.ExistingRemoteWebDriver
Capabilities {javascriptEnabled: true, platform: ANY, platformName: ANY}
Session ID: f912d58d04e0ea049492dcdbe1240f08)]]></system-err>
      </testcase>
      <testcase name="Test Cases/ADMIN/Content Mgmt/Categories/Category Add-Edit/Add Category" classname="Test Cases/ADMIN/Content Mgmt/Categories/Category Add-Edit/Add Category" status="FAILED">
         <failure type="FAILED" message="Unable to click on object 'Object Repository/ADMIN/Categories/Category List/button_Categories' (Root cause: org.openqa.selenium.ElementNotVisibleException: element not visible
  (Session info: chrome=74.0.3729.169)
  (Driver info: chromedriver=2.35.528161 (5b82f2d2aae0ca24b877009200ced9065a772e73),platform=Windows NT 6.1.7601 SP1 x86_64) (WARNING: The server did not provide any stacktrace information)
Command duration or timeout: 0 milliseconds
Build info: version: '3.7.1', revision: '8a0099a', time: '2017-11-06T21:07:36.161Z'
System info: host: 'ARCADIER-PC', ip: '10.10.31.95', os.name: 'Windows 7', os.arch: 'amd64', os.version: '6.1', java.version: '1.8.0_102'
Driver info: com.kms.katalon.core.webui.driver.ExistingRemoteWebDriver
Capabilities {javascriptEnabled: true, platform: ANY, platformName: ANY}
Session ID: f912d58d04e0ea049492dcdbe1240f08)"/>
         <system-out><![CDATA[2019-05-27 09:57:01 - [TEST_CASE][FAILED] - Test Cases/ADMIN/Content Mgmt/Categories/Category Add-Edit/Add Category: Test Cases/ADMIN/Content Mgmt/Categories/Category Add-Edit/Add Category FAILED because (of) Unable to click on object 'Object Repository/ADMIN/Categories/Category List/button_Categories' (Root cause: org.openqa.selenium.ElementNotVisibleException: element not visible
  (Session info: chrome=74.0.3729.169)
  (Driver info: chromedriver=2.35.528161 (5b82f2d2aae0ca24b877009200ced9065a772e73),platform=Windows NT 6.1.7601 SP1 x86_64) (WARNING: The server did not provide any stacktrace information)
Command duration or timeout: 0 milliseconds
Build info: version: '3.7.1', revision: '8a0099a', time: '2017-11-06T21:07:36.161Z'
System info: host: 'ARCADIER-PC', ip: '10.10.31.95', os.name: 'Windows 7', os.arch: 'amd64', os.version: '6.1', java.version: '1.8.0_102'
Driver info: com.kms.katalon.core.webui.driver.ExistingRemoteWebDriver
Capabilities {javascriptEnabled: true, platform: ANY, platformName: ANY}
Session ID: f912d58d04e0ea049492dcdbe1240f08)

2019-05-27 09:57:01 - [TEST_STEP][PASSED] - waitForElementVisible: Object 'Object Repository/ADMIN/Categories/Category List/button_Content Mgmt' is visible

2019-05-27 09:57:01 - [MESSAGE][WARNING] - Timeout '0' is invalid. Using default page load timeout: '30'

2019-05-27 09:57:02 - [MESSAGE][PASSED] - Object 'Object Repository/ADMIN/Categories/Category List/button_Content Mgmt' is visible

2019-05-27 09:57:02 - [TEST_STEP][PASSED] - click: Object: 'Object Repository/ADMIN/Categories/Category List/button_Content Mgmt' is clicked on

2019-05-27 09:57:03 - [MESSAGE][PASSED] - Object: 'Object Repository/ADMIN/Categories/Category List/button_Content Mgmt' is clicked on

2019-05-27 09:57:03 - [TEST_STEP][PASSED] - waitForElementVisible: Object 'Object Repository/ADMIN/Categories/Category List/button_Categories' is visible

2019-05-27 09:57:03 - [MESSAGE][WARNING] - Timeout '0' is invalid. Using default page load timeout: '30'

2019-05-27 09:57:03 - [MESSAGE][PASSED] - Object 'Object Repository/ADMIN/Categories/Category List/button_Categories' is visible

2019-05-27 09:57:03 - [TEST_STEP][FAILED] - click: Unable to click on object 'Object Repository/ADMIN/Categories/Category List/button_Categories' (Root cause: org.openqa.selenium.ElementNotVisibleException: element not visible
  (Session info: chrome=74.0.3729.169)
  (Driver info: chromedriver=2.35.528161 (5b82f2d2aae0ca24b877009200ced9065a772e73),platform=Windows NT 6.1.7601 SP1 x86_64) (WARNING: The server did not provide any stacktrace information)
Command duration or timeout: 0 milliseconds
Build info: version: '3.7.1', revision: '8a0099a', time: '2017-11-06T21:07:36.161Z'
System info: host: 'ARCADIER-PC', ip: '10.10.31.95', os.name: 'Windows 7', os.arch: 'amd64', os.version: '6.1', java.version: '1.8.0_102'
Driver info: com.kms.katalon.core.webui.driver.ExistingRemoteWebDriver
Capabilities {javascriptEnabled: true, platform: ANY, platformName: ANY}
Session ID: f912d58d04e0ea049492dcdbe1240f08)

2019-05-27 09:57:04 - [MESSAGE][FAILED] - Unable to click on object 'Object Repository/ADMIN/Categories/Category List/button_Categories' (Root cause: org.openqa.selenium.ElementNotVisibleException: element not visible
  (Session info: chrome=74.0.3729.169)
  (Driver info: chromedriver=2.35.528161 (5b82f2d2aae0ca24b877009200ced9065a772e73),platform=Windows NT 6.1.7601 SP1 x86_64) (WARNING: The server did not provide any stacktrace information)
Command duration or timeout: 0 milliseconds
Build info: version: '3.7.1', revision: '8a0099a', time: '2017-11-06T21:07:36.161Z'
System info: host: 'ARCADIER-PC', ip: '10.10.31.95', os.name: 'Windows 7', os.arch: 'amd64', os.version: '6.1', java.version: '1.8.0_102'
Driver info: com.kms.katalon.core.webui.driver.ExistingRemoteWebDriver
Capabilities {javascriptEnabled: true, platform: ANY, platformName: ANY}
Session ID: f912d58d04e0ea049492dcdbe1240f08)
[[ATTACHMENT|C:\\Users\\Arcadier\\git\\Arctick\\Reports\\Suites\\Admin Category\\20190527_092604\\1558922223498.png]]

2019-05-27 09:57:04 - [TEST_STEP][PASSED] - waitForPageLoad: Wait for page load successfully

2019-05-27 09:57:04 - [MESSAGE][WARNING] - Timeout '0' is invalid. Using default page load timeout: '30'

2019-05-27 09:57:04 - [MESSAGE][PASSED] - Wait for page load successfully

2019-05-27 09:57:04 - [TEST_STEP][PASSED] - click: Object: 'Object Repository/ADMIN/Categories/Category List/button_Add a Category' is clicked on

2019-05-27 09:57:04 - [MESSAGE][PASSED] - Object: 'Object Repository/ADMIN/Categories/Category List/button_Add a Category' is clicked on

2019-05-27 09:57:04 - [TEST_STEP][PASSED] - waitForElementPresent: Object 'Object Repository/ADMIN/Categories/Category/dropdown_Parent' is present

2019-05-27 09:57:04 - [MESSAGE][PASSED] - Object 'Object Repository/ADMIN/Categories/Category/dropdown_Parent' is present

2019-05-27 09:57:04 - [TEST_STEP][PASSED] - delay: Delayed 1 second(s)

2019-05-27 09:57:05 - [MESSAGE][PASSED] - Delayed 1 second(s)

2019-05-27 09:57:05 - [TEST_STEP][PASSED] - setText: Text 'Category 7' is set on object 'Object Repository/ADMIN/Categories/Category/textfield_Category Name'

2019-05-27 09:57:06 - [MESSAGE][PASSED] - Text 'Category 7' is set on object 'Object Repository/ADMIN/Categories/Category/textfield_Category Name'

2019-05-27 09:57:06 - [TEST_STEP][PASSED] - click: Object: 'Object Repository/ADMIN/Categories/Category/dropdown_Parent' is clicked on

2019-05-27 09:57:07 - [MESSAGE][PASSED] - Object: 'Object Repository/ADMIN/Categories/Category/dropdown_Parent' is clicked on

2019-05-27 09:57:07 - [TEST_STEP][PASSED] - delay: Delayed 2 second(s)

2019-05-27 09:57:09 - [MESSAGE][PASSED] - Delayed 2 second(s)

2019-05-27 09:57:09 - [TEST_STEP][PASSED] - click: Object: 'Object Repository/ADMIN/Categories/Category/dropdown_Parent' is clicked on

2019-05-27 09:57:09 - [MESSAGE][PASSED] - Object: 'Object Repository/ADMIN/Categories/Category/dropdown_Parent' is clicked on

2019-05-27 09:57:09 - [TEST_STEP][PASSED] - selectOptionByLabel: All options with label '-' are selected in object 'Object Repository/ADMIN/Categories/Category/dropdown_Parent' 

2019-05-27 09:57:09 - [MESSAGE][PASSED] - All options with label '-' are selected in object 'Object Repository/ADMIN/Categories/Category/dropdown_Parent' 

2019-05-27 09:57:09 - [TEST_STEP][PASSED] - click: Object: 'Object Repository/ADMIN/Categories/Category/button_Browse' is clicked on

2019-05-27 09:57:09 - [MESSAGE][PASSED] - Object: 'Object Repository/ADMIN/Categories/Category/button_Browse' is clicked on

2019-05-27 09:57:09 - [TEST_STEP][PASSED] - delay: Delayed 2 second(s)

2019-05-27 09:57:11 - [MESSAGE][PASSED] - Delayed 2 second(s)

2019-05-27 09:57:11 - [TEST_STEP][PASSED] - uploadFile: File 'C:\\Katalon\\Image\\pic8.jpg' sent to object: 'Object Repository/ADMIN/Categories/Category/image_input image'

2019-05-27 09:57:11 - [MESSAGE][PASSED] - File 'C:\\Katalon\\Image\\pic8.jpg' sent to object: 'Object Repository/ADMIN/Categories/Category/image_input image'

2019-05-27 09:57:11 - [TEST_STEP][PASSED] - waitForElementVisible: Object 'Object Repository/ADMIN/Categories/Category/button_upload check' is visible

2019-05-27 09:57:11 - [MESSAGE][WARNING] - Timeout '0' is invalid. Using default page load timeout: '30'

2019-05-27 09:57:11 - [MESSAGE][PASSED] - Object 'Object Repository/ADMIN/Categories/Category/button_upload check' is visible

2019-05-27 09:57:13 - [TEST_STEP][PASSED] - click: Object: 'Object Repository/ADMIN/Categories/Category/button_upload check' is clicked on

2019-05-27 09:57:14 - [MESSAGE][PASSED] - Object: 'Object Repository/ADMIN/Categories/Category/button_upload check' is clicked on

2019-05-27 09:57:14 - [TEST_STEP][PASSED] - click: Object: 'Object Repository/ADMIN/Categories/Category/button_upload save' is clicked on

2019-05-27 09:57:14 - [MESSAGE][PASSED] - Object: 'Object Repository/ADMIN/Categories/Category/button_upload save' is clicked on

2019-05-27 09:57:14 - [TEST_STEP][PASSED] - waitForElementVisible: Web element with id: 'Object Repository/ADMIN/Categories/Category/button_upload save' located by 'By.xpath: //a[@class = 'btn btn-warning download' and (text() = ' Add Photo' or . = ' Add Photo')]' not found

2019-05-27 09:57:14 - [MESSAGE][WARNING] - Timeout '0' is invalid. Using default page load timeout: '30'

2019-05-27 09:57:49 - [MESSAGE][WARNING] - Web element with id: 'Object Repository/ADMIN/Categories/Category/button_upload save' located by 'By.xpath: //a[@class = 'btn btn-warning download' and (text() = ' Add Photo' or . = ' Add Photo')]' not found

2019-05-27 09:57:49 - [TEST_STEP][PASSED] - setText: Text 'Description81' is set on object 'Object Repository/ADMIN/Categories/Category/textfield_category_description'

2019-05-27 09:57:49 - [MESSAGE][PASSED] - Text 'Description81' is set on object 'Object Repository/ADMIN/Categories/Category/textfield_category_description'

2019-05-27 09:57:49 - [TEST_STEP][PASSED] - click: Object: 'Object Repository/ADMIN/Categories/Category/button_Save' is clicked on

2019-05-27 09:57:49 - [MESSAGE][PASSED] - Object: 'Object Repository/ADMIN/Categories/Category/button_Save' is clicked on

2019-05-27 09:57:49 - [TEST_STEP][PASSED] - waitForElementVisible: Object 'Object Repository/ADMIN/Categories/Category/label_edit popup' is visible

2019-05-27 09:57:49 - [MESSAGE][WARNING] - Timeout '0' is invalid. Using default page load timeout: '30'

2019-05-27 09:57:50 - [MESSAGE][PASSED] - Object 'Object Repository/ADMIN/Categories/Category/label_edit popup' is visible

2019-05-27 09:57:50 - [TEST_STEP][PASSED] - waitForElementNotPresent: Web element with id: 'Object Repository/ADMIN/Categories/Category/label_edit popup' located by 'By.xpath: //div[(text() = 'Category was successfully saved.' or . = 'Category was successfully saved.')]' is not present after '30' second(s)

2019-05-27 09:57:50 - [MESSAGE][WARNING] - Timeout '0' is invalid. Using default page load timeout: '30'

2019-05-27 09:57:56 - [MESSAGE][PASSED] - Web element with id: 'Object Repository/ADMIN/Categories/Category/label_edit popup' located by 'By.xpath: //div[(text() = 'Category was successfully saved.' or . = 'Category was successfully saved.')]' is not present after '30' second(s)]]></system-out>
         <system-err><![CDATA[2019-05-27 09:57:01 - [TEST_CASE][FAILED] - Test Cases/ADMIN/Content Mgmt/Categories/Category Add-Edit/Add Category: Test Cases/ADMIN/Content Mgmt/Categories/Category Add-Edit/Add Category FAILED because (of) Unable to click on object 'Object Repository/ADMIN/Categories/Category List/button_Categories' (Root cause: org.openqa.selenium.ElementNotVisibleException: element not visible
  (Session info: chrome=74.0.3729.169)
  (Driver info: chromedriver=2.35.528161 (5b82f2d2aae0ca24b877009200ced9065a772e73),platform=Windows NT 6.1.7601 SP1 x86_64) (WARNING: The server did not provide any stacktrace information)
Command duration or timeout: 0 milliseconds
Build info: version: '3.7.1', revision: '8a0099a', time: '2017-11-06T21:07:36.161Z'
System info: host: 'ARCADIER-PC', ip: '10.10.31.95', os.name: 'Windows 7', os.arch: 'amd64', os.version: '6.1', java.version: '1.8.0_102'
Driver info: com.kms.katalon.core.webui.driver.ExistingRemoteWebDriver
Capabilities {javascriptEnabled: true, platform: ANY, platformName: ANY}
Session ID: f912d58d04e0ea049492dcdbe1240f08)]]></system-err>
      </testcase>
      <testcase name="Test Cases/ADMIN/Content Mgmt/Categories/Category Add-Edit/Add Category" classname="Test Cases/ADMIN/Content Mgmt/Categories/Category Add-Edit/Add Category" status="FAILED">
         <failure type="FAILED" message="Unable to wait for object 'Object Repository/ADMIN/Categories/Category/button_upload save' to be visible (Root cause: org.openqa.selenium.StaleElementReferenceException: stale element reference: element is not attached to the page document
  (Session info: chrome=74.0.3729.169)
  (Driver info: chromedriver=2.35.528161 (5b82f2d2aae0ca24b877009200ced9065a772e73),platform=Windows NT 6.1.7601 SP1 x86_64) (WARNING: The server did not provide any stacktrace information)
Command duration or timeout: 0 milliseconds
For documentation on this error, please visit: http://seleniumhq.org/exceptions/stale_element_reference.html
Build info: version: '3.7.1', revision: '8a0099a', time: '2017-11-06T21:07:36.161Z'
System info: host: 'ARCADIER-PC', ip: '10.10.31.95', os.name: 'Windows 7', os.arch: 'amd64', os.version: '6.1', java.version: '1.8.0_102'
Driver info: com.kms.katalon.core.webui.driver.ExistingRemoteWebDriver
Capabilities {javascriptEnabled: true, platform: ANY, platformName: ANY}
Session ID: f912d58d04e0ea049492dcdbe1240f08)"/>
         <system-out><![CDATA[2019-05-27 09:57:56 - [TEST_CASE][FAILED] - Test Cases/ADMIN/Content Mgmt/Categories/Category Add-Edit/Add Category: Test Cases/ADMIN/Content Mgmt/Categories/Category Add-Edit/Add Category FAILED because (of) Unable to wait for object 'Object Repository/ADMIN/Categories/Category/button_upload save' to be visible (Root cause: org.openqa.selenium.StaleElementReferenceException: stale element reference: element is not attached to the page document
  (Session info: chrome=74.0.3729.169)
  (Driver info: chromedriver=2.35.528161 (5b82f2d2aae0ca24b877009200ced9065a772e73),platform=Windows NT 6.1.7601 SP1 x86_64) (WARNING: The server did not provide any stacktrace information)
Command duration or timeout: 0 milliseconds
For documentation on this error, please visit: http://seleniumhq.org/exceptions/stale_element_reference.html
Build info: version: '3.7.1', revision: '8a0099a', time: '2017-11-06T21:07:36.161Z'
System info: host: 'ARCADIER-PC', ip: '10.10.31.95', os.name: 'Windows 7', os.arch: 'amd64', os.version: '6.1', java.version: '1.8.0_102'
Driver info: com.kms.katalon.core.webui.driver.ExistingRemoteWebDriver
Capabilities {javascriptEnabled: true, platform: ANY, platformName: ANY}
Session ID: f912d58d04e0ea049492dcdbe1240f08)

2019-05-27 09:57:56 - [TEST_STEP][PASSED] - waitForElementVisible: Object 'Object Repository/ADMIN/Categories/Category List/button_Content Mgmt' is visible

2019-05-27 09:57:56 - [MESSAGE][WARNING] - Timeout '0' is invalid. Using default page load timeout: '30'

2019-05-27 09:57:56 - [MESSAGE][PASSED] - Object 'Object Repository/ADMIN/Categories/Category List/button_Content Mgmt' is visible

2019-05-27 09:57:56 - [TEST_STEP][PASSED] - click: Object: 'Object Repository/ADMIN/Categories/Category List/button_Content Mgmt' is clicked on

2019-05-27 09:57:56 - [MESSAGE][PASSED] - Object: 'Object Repository/ADMIN/Categories/Category List/button_Content Mgmt' is clicked on

2019-05-27 09:57:56 - [TEST_STEP][PASSED] - waitForElementVisible: Object 'Object Repository/ADMIN/Categories/Category List/button_Categories' is visible

2019-05-27 09:57:56 - [MESSAGE][WARNING] - Timeout '0' is invalid. Using default page load timeout: '30'

2019-05-27 09:57:56 - [MESSAGE][PASSED] - Object 'Object Repository/ADMIN/Categories/Category List/button_Categories' is visible

2019-05-27 09:57:56 - [TEST_STEP][PASSED] - click: Object: 'Object Repository/ADMIN/Categories/Category List/button_Categories' is clicked on

2019-05-27 09:57:56 - [MESSAGE][PASSED] - Object: 'Object Repository/ADMIN/Categories/Category List/button_Categories' is clicked on

2019-05-27 09:57:56 - [TEST_STEP][PASSED] - waitForPageLoad: Wait for page load successfully

2019-05-27 09:57:56 - [MESSAGE][WARNING] - Timeout '0' is invalid. Using default page load timeout: '30'

2019-05-27 09:57:56 - [MESSAGE][PASSED] - Wait for page load successfully

2019-05-27 09:57:56 - [TEST_STEP][PASSED] - click: Object: 'Object Repository/ADMIN/Categories/Category List/button_Add a Category' is clicked on

2019-05-27 09:57:58 - [MESSAGE][PASSED] - Object: 'Object Repository/ADMIN/Categories/Category List/button_Add a Category' is clicked on

2019-05-27 09:57:58 - [TEST_STEP][PASSED] - waitForElementPresent: Object 'Object Repository/ADMIN/Categories/Category/dropdown_Parent' is present

2019-05-27 09:57:58 - [MESSAGE][PASSED] - Object 'Object Repository/ADMIN/Categories/Category/dropdown_Parent' is present

2019-05-27 09:57:58 - [TEST_STEP][PASSED] - delay: Delayed 1 second(s)

2019-05-27 09:57:59 - [MESSAGE][PASSED] - Delayed 1 second(s)

2019-05-27 09:57:59 - [TEST_STEP][PASSED] - setText: Text 'Category 8' is set on object 'Object Repository/ADMIN/Categories/Category/textfield_Category Name'

2019-05-27 09:58:00 - [MESSAGE][PASSED] - Text 'Category 8' is set on object 'Object Repository/ADMIN/Categories/Category/textfield_Category Name'

2019-05-27 09:58:00 - [TEST_STEP][PASSED] - click: Object: 'Object Repository/ADMIN/Categories/Category/dropdown_Parent' is clicked on

2019-05-27 09:58:00 - [MESSAGE][PASSED] - Object: 'Object Repository/ADMIN/Categories/Category/dropdown_Parent' is clicked on

2019-05-27 09:58:00 - [TEST_STEP][PASSED] - delay: Delayed 2 second(s)

2019-05-27 09:58:02 - [MESSAGE][PASSED] - Delayed 2 second(s)

2019-05-27 09:58:02 - [TEST_STEP][PASSED] - click: Object: 'Object Repository/ADMIN/Categories/Category/dropdown_Parent' is clicked on

2019-05-27 09:58:02 - [MESSAGE][PASSED] - Object: 'Object Repository/ADMIN/Categories/Category/dropdown_Parent' is clicked on

2019-05-27 09:58:02 - [TEST_STEP][PASSED] - selectOptionByLabel: All options with label '-' are selected in object 'Object Repository/ADMIN/Categories/Category/dropdown_Parent' 

2019-05-27 09:58:02 - [MESSAGE][PASSED] - All options with label '-' are selected in object 'Object Repository/ADMIN/Categories/Category/dropdown_Parent' 

2019-05-27 09:58:02 - [TEST_STEP][PASSED] - click: Object: 'Object Repository/ADMIN/Categories/Category/button_Browse' is clicked on

2019-05-27 09:58:03 - [MESSAGE][PASSED] - Object: 'Object Repository/ADMIN/Categories/Category/button_Browse' is clicked on

2019-05-27 09:58:03 - [TEST_STEP][PASSED] - delay: Delayed 2 second(s)

2019-05-27 09:58:05 - [MESSAGE][PASSED] - Delayed 2 second(s)

2019-05-27 09:58:05 - [TEST_STEP][PASSED] - uploadFile: File 'C:\\Katalon\\Image\\pic9.jpg' sent to object: 'Object Repository/ADMIN/Categories/Category/image_input image'

2019-05-27 09:58:05 - [MESSAGE][PASSED] - File 'C:\\Katalon\\Image\\pic9.jpg' sent to object: 'Object Repository/ADMIN/Categories/Category/image_input image'

2019-05-27 09:58:05 - [TEST_STEP][PASSED] - waitForElementVisible: Object 'Object Repository/ADMIN/Categories/Category/button_upload check' is visible

2019-05-27 09:58:05 - [MESSAGE][WARNING] - Timeout '0' is invalid. Using default page load timeout: '30'

2019-05-27 09:58:05 - [MESSAGE][PASSED] - Object 'Object Repository/ADMIN/Categories/Category/button_upload check' is visible

2019-05-27 09:58:05 - [TEST_STEP][PASSED] - click: Object: 'Object Repository/ADMIN/Categories/Category/button_upload check' is clicked on

2019-05-27 09:58:05 - [MESSAGE][PASSED] - Object: 'Object Repository/ADMIN/Categories/Category/button_upload check' is clicked on

2019-05-27 09:58:05 - [TEST_STEP][PASSED] - click: Object: 'Object Repository/ADMIN/Categories/Category/button_upload save' is clicked on

2019-05-27 09:58:06 - [MESSAGE][PASSED] - Object: 'Object Repository/ADMIN/Categories/Category/button_upload save' is clicked on

2019-05-27 09:58:06 - [TEST_STEP][FAILED] - waitForElementVisible: Unable to wait for object 'Object Repository/ADMIN/Categories/Category/button_upload save' to be visible (Root cause: org.openqa.selenium.StaleElementReferenceException: stale element reference: element is not attached to the page document
  (Session info: chrome=74.0.3729.169)
  (Driver info: chromedriver=2.35.528161 (5b82f2d2aae0ca24b877009200ced9065a772e73),platform=Windows NT 6.1.7601 SP1 x86_64) (WARNING: The server did not provide any stacktrace information)
Command duration or timeout: 0 milliseconds
For documentation on this error, please visit: http://seleniumhq.org/exceptions/stale_element_reference.html
Build info: version: '3.7.1', revision: '8a0099a', time: '2017-11-06T21:07:36.161Z'
System info: host: 'ARCADIER-PC', ip: '10.10.31.95', os.name: 'Windows 7', os.arch: 'amd64', os.version: '6.1', java.version: '1.8.0_102'
Driver info: com.kms.katalon.core.webui.driver.ExistingRemoteWebDriver
Capabilities {javascriptEnabled: true, platform: ANY, platformName: ANY}
Session ID: f912d58d04e0ea049492dcdbe1240f08)

2019-05-27 09:58:06 - [MESSAGE][WARNING] - Timeout '0' is invalid. Using default page load timeout: '30'

2019-05-27 09:58:08 - [MESSAGE][FAILED] - Unable to wait for object 'Object Repository/ADMIN/Categories/Category/button_upload save' to be visible (Root cause: org.openqa.selenium.StaleElementReferenceException: stale element reference: element is not attached to the page document
  (Session info: chrome=74.0.3729.169)
  (Driver info: chromedriver=2.35.528161 (5b82f2d2aae0ca24b877009200ced9065a772e73),platform=Windows NT 6.1.7601 SP1 x86_64) (WARNING: The server did not provide any stacktrace information)
Command duration or timeout: 0 milliseconds
For documentation on this error, please visit: http://seleniumhq.org/exceptions/stale_element_reference.html
Build info: version: '3.7.1', revision: '8a0099a', time: '2017-11-06T21:07:36.161Z'
System info: host: 'ARCADIER-PC', ip: '10.10.31.95', os.name: 'Windows 7', os.arch: 'amd64', os.version: '6.1', java.version: '1.8.0_102'
Driver info: com.kms.katalon.core.webui.driver.ExistingRemoteWebDriver
Capabilities {javascriptEnabled: true, platform: ANY, platformName: ANY}
Session ID: f912d58d04e0ea049492dcdbe1240f08)
[[ATTACHMENT|C:\\Users\\Arcadier\\git\\Arctick\\Reports\\Suites\\Admin Category\\20190527_092604\\1558922287619.png]]

2019-05-27 09:58:08 - [TEST_STEP][PASSED] - setText: Text 'Description82' is set on object 'Object Repository/ADMIN/Categories/Category/textfield_category_description'

2019-05-27 09:58:10 - [MESSAGE][PASSED] - Text 'Description82' is set on object 'Object Repository/ADMIN/Categories/Category/textfield_category_description'

2019-05-27 09:58:10 - [TEST_STEP][PASSED] - click: Object: 'Object Repository/ADMIN/Categories/Category/button_Save' is clicked on

2019-05-27 09:58:10 - [MESSAGE][PASSED] - Object: 'Object Repository/ADMIN/Categories/Category/button_Save' is clicked on

2019-05-27 09:58:10 - [TEST_STEP][PASSED] - waitForElementVisible: Object 'Object Repository/ADMIN/Categories/Category/label_edit popup' is visible

2019-05-27 09:58:10 - [MESSAGE][WARNING] - Timeout '0' is invalid. Using default page load timeout: '30'

2019-05-27 09:58:10 - [MESSAGE][PASSED] - Object 'Object Repository/ADMIN/Categories/Category/label_edit popup' is visible

2019-05-27 09:58:13 - [TEST_STEP][PASSED] - waitForElementNotPresent: Web element with id: 'Object Repository/ADMIN/Categories/Category/label_edit popup' located by 'By.xpath: //div[(text() = 'Category was successfully saved.' or . = 'Category was successfully saved.')]' is not present after '30' second(s)

2019-05-27 09:58:13 - [MESSAGE][WARNING] - Timeout '0' is invalid. Using default page load timeout: '30'

2019-05-27 09:58:17 - [MESSAGE][PASSED] - Web element with id: 'Object Repository/ADMIN/Categories/Category/label_edit popup' located by 'By.xpath: //div[(text() = 'Category was successfully saved.' or . = 'Category was successfully saved.')]' is not present after '30' second(s)]]></system-out>
         <system-err><![CDATA[2019-05-27 09:57:56 - [TEST_CASE][FAILED] - Test Cases/ADMIN/Content Mgmt/Categories/Category Add-Edit/Add Category: Test Cases/ADMIN/Content Mgmt/Categories/Category Add-Edit/Add Category FAILED because (of) Unable to wait for object 'Object Repository/ADMIN/Categories/Category/button_upload save' to be visible (Root cause: org.openqa.selenium.StaleElementReferenceException: stale element reference: element is not attached to the page document
  (Session info: chrome=74.0.3729.169)
  (Driver info: chromedriver=2.35.528161 (5b82f2d2aae0ca24b877009200ced9065a772e73),platform=Windows NT 6.1.7601 SP1 x86_64) (WARNING: The server did not provide any stacktrace information)
Command duration or timeout: 0 milliseconds
For documentation on this error, please visit: http://seleniumhq.org/exceptions/stale_element_reference.html
Build info: version: '3.7.1', revision: '8a0099a', time: '2017-11-06T21:07:36.161Z'
System info: host: 'ARCADIER-PC', ip: '10.10.31.95', os.name: 'Windows 7', os.arch: 'amd64', os.version: '6.1', java.version: '1.8.0_102'
Driver info: com.kms.katalon.core.webui.driver.ExistingRemoteWebDriver
Capabilities {javascriptEnabled: true, platform: ANY, platformName: ANY}
Session ID: f912d58d04e0ea049492dcdbe1240f08)]]></system-err>
      </testcase>
      <testcase name="Test Cases/ADMIN/Content Mgmt/Categories/Category Add-Edit/Add Category" classname="Test Cases/ADMIN/Content Mgmt/Categories/Category Add-Edit/Add Category" status="PASSED">
         <system-out><![CDATA[2019-05-27 09:58:19 - [TEST_CASE][PASSED] - Test Cases/ADMIN/Content Mgmt/Categories/Category Add-Edit/Add Category: Test Cases/ADMIN/Content Mgmt/Categories/Category Add-Edit/Add Category

2019-05-27 09:58:19 - [TEST_STEP][PASSED] - waitForElementVisible: Object 'Object Repository/ADMIN/Categories/Category List/button_Content Mgmt' is visible

2019-05-27 09:58:19 - [MESSAGE][WARNING] - Timeout '0' is invalid. Using default page load timeout: '30'

2019-05-27 09:58:19 - [MESSAGE][PASSED] - Object 'Object Repository/ADMIN/Categories/Category List/button_Content Mgmt' is visible

2019-05-27 09:58:19 - [TEST_STEP][PASSED] - click: Object: 'Object Repository/ADMIN/Categories/Category List/button_Content Mgmt' is clicked on

2019-05-27 09:58:20 - [MESSAGE][PASSED] - Object: 'Object Repository/ADMIN/Categories/Category List/button_Content Mgmt' is clicked on

2019-05-27 09:58:20 - [TEST_STEP][PASSED] - waitForElementVisible: Object 'Object Repository/ADMIN/Categories/Category List/button_Categories' is visible

2019-05-27 09:58:20 - [MESSAGE][WARNING] - Timeout '0' is invalid. Using default page load timeout: '30'

2019-05-27 09:58:21 - [MESSAGE][PASSED] - Object 'Object Repository/ADMIN/Categories/Category List/button_Categories' is visible

2019-05-27 09:58:21 - [TEST_STEP][PASSED] - click: Object: 'Object Repository/ADMIN/Categories/Category List/button_Categories' is clicked on

2019-05-27 09:58:22 - [MESSAGE][PASSED] - Object: 'Object Repository/ADMIN/Categories/Category List/button_Categories' is clicked on

2019-05-27 09:58:22 - [TEST_STEP][PASSED] - waitForPageLoad: Wait for page load successfully

2019-05-27 09:58:22 - [MESSAGE][WARNING] - Timeout '0' is invalid. Using default page load timeout: '30'

2019-05-27 09:58:22 - [MESSAGE][PASSED] - Wait for page load successfully

2019-05-27 09:58:22 - [TEST_STEP][PASSED] - click: Object: 'Object Repository/ADMIN/Categories/Category List/button_Add a Category' is clicked on

2019-05-27 09:58:22 - [MESSAGE][PASSED] - Object: 'Object Repository/ADMIN/Categories/Category List/button_Add a Category' is clicked on

2019-05-27 09:58:22 - [TEST_STEP][PASSED] - waitForElementPresent: Object 'Object Repository/ADMIN/Categories/Category/dropdown_Parent' is present

2019-05-27 09:58:22 - [MESSAGE][PASSED] - Object 'Object Repository/ADMIN/Categories/Category/dropdown_Parent' is present

2019-05-27 09:58:22 - [TEST_STEP][PASSED] - delay: Delayed 1 second(s)

2019-05-27 09:58:23 - [MESSAGE][PASSED] - Delayed 1 second(s)

2019-05-27 09:58:23 - [TEST_STEP][PASSED] - setText: Text 'Category 9' is set on object 'Object Repository/ADMIN/Categories/Category/textfield_Category Name'

2019-05-27 09:58:24 - [MESSAGE][PASSED] - Text 'Category 9' is set on object 'Object Repository/ADMIN/Categories/Category/textfield_Category Name'

2019-05-27 09:58:25 - [TEST_STEP][PASSED] - click: Object: 'Object Repository/ADMIN/Categories/Category/dropdown_Parent' is clicked on

2019-05-27 09:58:26 - [MESSAGE][PASSED] - Object: 'Object Repository/ADMIN/Categories/Category/dropdown_Parent' is clicked on

2019-05-27 09:58:26 - [TEST_STEP][PASSED] - delay: Delayed 2 second(s)

2019-05-27 09:58:28 - [MESSAGE][PASSED] - Delayed 2 second(s)

2019-05-27 09:58:28 - [TEST_STEP][PASSED] - click: Object: 'Object Repository/ADMIN/Categories/Category/dropdown_Parent' is clicked on

2019-05-27 09:58:28 - [MESSAGE][PASSED] - Object: 'Object Repository/ADMIN/Categories/Category/dropdown_Parent' is clicked on

2019-05-27 09:58:28 - [TEST_STEP][PASSED] - selectOptionByLabel: All options with label '-' are selected in object 'Object Repository/ADMIN/Categories/Category/dropdown_Parent' 

2019-05-27 09:58:28 - [MESSAGE][PASSED] - All options with label '-' are selected in object 'Object Repository/ADMIN/Categories/Category/dropdown_Parent' 

2019-05-27 09:58:28 - [TEST_STEP][PASSED] - click: Object: 'Object Repository/ADMIN/Categories/Category/button_Browse' is clicked on

2019-05-27 09:58:29 - [MESSAGE][PASSED] - Object: 'Object Repository/ADMIN/Categories/Category/button_Browse' is clicked on

2019-05-27 09:58:29 - [TEST_STEP][PASSED] - delay: Delayed 2 second(s)

2019-05-27 09:58:32 - [MESSAGE][PASSED] - Delayed 2 second(s)

2019-05-27 09:58:32 - [TEST_STEP][PASSED] - uploadFile: File 'C:\\Katalon\\Image\\pic10.jpg' sent to object: 'Object Repository/ADMIN/Categories/Category/image_input image'

2019-05-27 09:58:32 - [MESSAGE][PASSED] - File 'C:\\Katalon\\Image\\pic10.jpg' sent to object: 'Object Repository/ADMIN/Categories/Category/image_input image'

2019-05-27 09:58:32 - [TEST_STEP][PASSED] - waitForElementVisible: Object 'Object Repository/ADMIN/Categories/Category/button_upload check' is visible

2019-05-27 09:58:32 - [MESSAGE][WARNING] - Timeout '0' is invalid. Using default page load timeout: '30'

2019-05-27 09:58:32 - [MESSAGE][PASSED] - Object 'Object Repository/ADMIN/Categories/Category/button_upload check' is visible

2019-05-27 09:58:32 - [TEST_STEP][PASSED] - click: Object: 'Object Repository/ADMIN/Categories/Category/button_upload check' is clicked on

2019-05-27 09:58:32 - [MESSAGE][PASSED] - Object: 'Object Repository/ADMIN/Categories/Category/button_upload check' is clicked on

2019-05-27 09:58:32 - [TEST_STEP][PASSED] - click: Object: 'Object Repository/ADMIN/Categories/Category/button_upload save' is clicked on

2019-05-27 09:58:34 - [MESSAGE][PASSED] - Object: 'Object Repository/ADMIN/Categories/Category/button_upload save' is clicked on

2019-05-27 09:58:35 - [TEST_STEP][PASSED] - waitForElementVisible: Web element with id: 'Object Repository/ADMIN/Categories/Category/button_upload save' located by 'By.xpath: //a[@class = 'btn btn-warning download' and (text() = ' Add Photo' or . = ' Add Photo')]' not found

2019-05-27 09:58:35 - [MESSAGE][WARNING] - Timeout '0' is invalid. Using default page load timeout: '30'

2019-05-27 09:59:12 - [MESSAGE][WARNING] - Web element with id: 'Object Repository/ADMIN/Categories/Category/button_upload save' located by 'By.xpath: //a[@class = 'btn btn-warning download' and (text() = ' Add Photo' or . = ' Add Photo')]' not found

2019-05-27 09:59:12 - [TEST_STEP][PASSED] - setText: Text 'Description83' is set on object 'Object Repository/ADMIN/Categories/Category/textfield_category_description'

2019-05-27 09:59:14 - [MESSAGE][PASSED] - Text 'Description83' is set on object 'Object Repository/ADMIN/Categories/Category/textfield_category_description'

2019-05-27 09:59:14 - [TEST_STEP][PASSED] - click: Object: 'Object Repository/ADMIN/Categories/Category/button_Save' is clicked on

2019-05-27 09:59:14 - [MESSAGE][PASSED] - Object: 'Object Repository/ADMIN/Categories/Category/button_Save' is clicked on

2019-05-27 09:59:14 - [TEST_STEP][PASSED] - waitForElementVisible: Object 'Object Repository/ADMIN/Categories/Category/label_edit popup' is visible

2019-05-27 09:59:14 - [MESSAGE][WARNING] - Timeout '0' is invalid. Using default page load timeout: '30'

2019-05-27 09:59:15 - [MESSAGE][PASSED] - Object 'Object Repository/ADMIN/Categories/Category/label_edit popup' is visible

2019-05-27 09:59:15 - [TEST_STEP][PASSED] - waitForElementNotPresent: Web element with id: 'Object Repository/ADMIN/Categories/Category/label_edit popup' located by 'By.xpath: //div[(text() = 'Category was successfully saved.' or . = 'Category was successfully saved.')]' is not present after '30' second(s)

2019-05-27 09:59:15 - [MESSAGE][WARNING] - Timeout '0' is invalid. Using default page load timeout: '30'

2019-05-27 09:59:21 - [MESSAGE][PASSED] - Web element with id: 'Object Repository/ADMIN/Categories/Category/label_edit popup' located by 'By.xpath: //div[(text() = 'Category was successfully saved.' or . = 'Category was successfully saved.')]' is not present after '30' second(s)]]></system-out>
         <system-err><![CDATA[]]></system-err>
      </testcase>
      <testcase name="Test Cases/ADMIN/Content Mgmt/Categories/Category Add-Edit/Add Category" classname="Test Cases/ADMIN/Content Mgmt/Categories/Category Add-Edit/Add Category" status="FAILED">
         <failure type="FAILED" message="Unable to click on object 'Object Repository/ADMIN/Categories/Category List/button_Categories' (Root cause: org.openqa.selenium.ElementNotVisibleException: element not visible
  (Session info: chrome=74.0.3729.169)
  (Driver info: chromedriver=2.35.528161 (5b82f2d2aae0ca24b877009200ced9065a772e73),platform=Windows NT 6.1.7601 SP1 x86_64) (WARNING: The server did not provide any stacktrace information)
Command duration or timeout: 0 milliseconds
Build info: version: '3.7.1', revision: '8a0099a', time: '2017-11-06T21:07:36.161Z'
System info: host: 'ARCADIER-PC', ip: '10.10.31.95', os.name: 'Windows 7', os.arch: 'amd64', os.version: '6.1', java.version: '1.8.0_102'
Driver info: com.kms.katalon.core.webui.driver.ExistingRemoteWebDriver
Capabilities {javascriptEnabled: true, platform: ANY, platformName: ANY}
Session ID: f912d58d04e0ea049492dcdbe1240f08)"/>
         <system-out><![CDATA[2019-05-27 09:59:21 - [TEST_CASE][FAILED] - Test Cases/ADMIN/Content Mgmt/Categories/Category Add-Edit/Add Category: Test Cases/ADMIN/Content Mgmt/Categories/Category Add-Edit/Add Category FAILED because (of) Unable to click on object 'Object Repository/ADMIN/Categories/Category List/button_Categories' (Root cause: org.openqa.selenium.ElementNotVisibleException: element not visible
  (Session info: chrome=74.0.3729.169)
  (Driver info: chromedriver=2.35.528161 (5b82f2d2aae0ca24b877009200ced9065a772e73),platform=Windows NT 6.1.7601 SP1 x86_64) (WARNING: The server did not provide any stacktrace information)
Command duration or timeout: 0 milliseconds
Build info: version: '3.7.1', revision: '8a0099a', time: '2017-11-06T21:07:36.161Z'
System info: host: 'ARCADIER-PC', ip: '10.10.31.95', os.name: 'Windows 7', os.arch: 'amd64', os.version: '6.1', java.version: '1.8.0_102'
Driver info: com.kms.katalon.core.webui.driver.ExistingRemoteWebDriver
Capabilities {javascriptEnabled: true, platform: ANY, platformName: ANY}
Session ID: f912d58d04e0ea049492dcdbe1240f08)

2019-05-27 09:59:21 - [TEST_STEP][PASSED] - waitForElementVisible: Object 'Object Repository/ADMIN/Categories/Category List/button_Content Mgmt' is visible

2019-05-27 09:59:21 - [MESSAGE][WARNING] - Timeout '0' is invalid. Using default page load timeout: '30'

2019-05-27 09:59:21 - [MESSAGE][PASSED] - Object 'Object Repository/ADMIN/Categories/Category List/button_Content Mgmt' is visible

2019-05-27 09:59:21 - [TEST_STEP][PASSED] - click: Object: 'Object Repository/ADMIN/Categories/Category List/button_Content Mgmt' is clicked on

2019-05-27 09:59:21 - [MESSAGE][PASSED] - Object: 'Object Repository/ADMIN/Categories/Category List/button_Content Mgmt' is clicked on

2019-05-27 09:59:21 - [TEST_STEP][PASSED] - waitForElementVisible: Object 'Object Repository/ADMIN/Categories/Category List/button_Categories' is visible

2019-05-27 09:59:21 - [MESSAGE][WARNING] - Timeout '0' is invalid. Using default page load timeout: '30'

2019-05-27 09:59:21 - [MESSAGE][PASSED] - Object 'Object Repository/ADMIN/Categories/Category List/button_Categories' is visible

2019-05-27 09:59:21 - [TEST_STEP][FAILED] - click: Unable to click on object 'Object Repository/ADMIN/Categories/Category List/button_Categories' (Root cause: org.openqa.selenium.ElementNotVisibleException: element not visible
  (Session info: chrome=74.0.3729.169)
  (Driver info: chromedriver=2.35.528161 (5b82f2d2aae0ca24b877009200ced9065a772e73),platform=Windows NT 6.1.7601 SP1 x86_64) (WARNING: The server did not provide any stacktrace information)
Command duration or timeout: 0 milliseconds
Build info: version: '3.7.1', revision: '8a0099a', time: '2017-11-06T21:07:36.161Z'
System info: host: 'ARCADIER-PC', ip: '10.10.31.95', os.name: 'Windows 7', os.arch: 'amd64', os.version: '6.1', java.version: '1.8.0_102'
Driver info: com.kms.katalon.core.webui.driver.ExistingRemoteWebDriver
Capabilities {javascriptEnabled: true, platform: ANY, platformName: ANY}
Session ID: f912d58d04e0ea049492dcdbe1240f08)

2019-05-27 09:59:22 - [MESSAGE][FAILED] - Unable to click on object 'Object Repository/ADMIN/Categories/Category List/button_Categories' (Root cause: org.openqa.selenium.ElementNotVisibleException: element not visible
  (Session info: chrome=74.0.3729.169)
  (Driver info: chromedriver=2.35.528161 (5b82f2d2aae0ca24b877009200ced9065a772e73),platform=Windows NT 6.1.7601 SP1 x86_64) (WARNING: The server did not provide any stacktrace information)
Command duration or timeout: 0 milliseconds
Build info: version: '3.7.1', revision: '8a0099a', time: '2017-11-06T21:07:36.161Z'
System info: host: 'ARCADIER-PC', ip: '10.10.31.95', os.name: 'Windows 7', os.arch: 'amd64', os.version: '6.1', java.version: '1.8.0_102'
Driver info: com.kms.katalon.core.webui.driver.ExistingRemoteWebDriver
Capabilities {javascriptEnabled: true, platform: ANY, platformName: ANY}
Session ID: f912d58d04e0ea049492dcdbe1240f08)
[[ATTACHMENT|C:\\Users\\Arcadier\\git\\Arctick\\Reports\\Suites\\Admin Category\\20190527_092604\\1558922361915.png]]

2019-05-27 09:59:22 - [TEST_STEP][PASSED] - waitForPageLoad: Wait for page load successfully

2019-05-27 09:59:22 - [MESSAGE][WARNING] - Timeout '0' is invalid. Using default page load timeout: '30'

2019-05-27 09:59:22 - [MESSAGE][PASSED] - Wait for page load successfully

2019-05-27 09:59:22 - [TEST_STEP][PASSED] - click: Object: 'Object Repository/ADMIN/Categories/Category List/button_Add a Category' is clicked on

2019-05-27 09:59:23 - [MESSAGE][PASSED] - Object: 'Object Repository/ADMIN/Categories/Category List/button_Add a Category' is clicked on

2019-05-27 09:59:23 - [TEST_STEP][PASSED] - waitForElementPresent: Object 'Object Repository/ADMIN/Categories/Category/dropdown_Parent' is present

2019-05-27 09:59:23 - [MESSAGE][PASSED] - Object 'Object Repository/ADMIN/Categories/Category/dropdown_Parent' is present

2019-05-27 09:59:23 - [TEST_STEP][PASSED] - delay: Delayed 1 second(s)

2019-05-27 09:59:24 - [MESSAGE][PASSED] - Delayed 1 second(s)

2019-05-27 09:59:24 - [TEST_STEP][PASSED] - setText: Text 'Category 10' is set on object 'Object Repository/ADMIN/Categories/Category/textfield_Category Name'

2019-05-27 09:59:26 - [MESSAGE][PASSED] - Text 'Category 10' is set on object 'Object Repository/ADMIN/Categories/Category/textfield_Category Name'

2019-05-27 09:59:26 - [TEST_STEP][PASSED] - click: Object: 'Object Repository/ADMIN/Categories/Category/dropdown_Parent' is clicked on

2019-05-27 09:59:27 - [MESSAGE][PASSED] - Object: 'Object Repository/ADMIN/Categories/Category/dropdown_Parent' is clicked on

2019-05-27 09:59:27 - [TEST_STEP][PASSED] - delay: Delayed 2 second(s)

2019-05-27 09:59:29 - [MESSAGE][PASSED] - Delayed 2 second(s)

2019-05-27 09:59:29 - [TEST_STEP][PASSED] - click: Object: 'Object Repository/ADMIN/Categories/Category/dropdown_Parent' is clicked on

2019-05-27 09:59:29 - [MESSAGE][PASSED] - Object: 'Object Repository/ADMIN/Categories/Category/dropdown_Parent' is clicked on

2019-05-27 09:59:29 - [TEST_STEP][PASSED] - selectOptionByLabel: All options with label '-' are selected in object 'Object Repository/ADMIN/Categories/Category/dropdown_Parent' 

2019-05-27 09:59:30 - [MESSAGE][PASSED] - All options with label '-' are selected in object 'Object Repository/ADMIN/Categories/Category/dropdown_Parent' 

2019-05-27 09:59:30 - [TEST_STEP][PASSED] - click: Object: 'Object Repository/ADMIN/Categories/Category/button_Browse' is clicked on

2019-05-27 09:59:30 - [MESSAGE][PASSED] - Object: 'Object Repository/ADMIN/Categories/Category/button_Browse' is clicked on

2019-05-27 09:59:30 - [TEST_STEP][PASSED] - delay: Delayed 2 second(s)

2019-05-27 09:59:32 - [MESSAGE][PASSED] - Delayed 2 second(s)

2019-05-27 09:59:32 - [TEST_STEP][PASSED] - uploadFile: File 'C:\\Katalon\\Image\\pic11.jpg' sent to object: 'Object Repository/ADMIN/Categories/Category/image_input image'

2019-05-27 09:59:32 - [MESSAGE][PASSED] - File 'C:\\Katalon\\Image\\pic11.jpg' sent to object: 'Object Repository/ADMIN/Categories/Category/image_input image'

2019-05-27 09:59:32 - [TEST_STEP][PASSED] - waitForElementVisible: Object 'Object Repository/ADMIN/Categories/Category/button_upload check' is visible

2019-05-27 09:59:32 - [MESSAGE][WARNING] - Timeout '0' is invalid. Using default page load timeout: '30'

2019-05-27 09:59:34 - [MESSAGE][PASSED] - Object 'Object Repository/ADMIN/Categories/Category/button_upload check' is visible

2019-05-27 09:59:34 - [TEST_STEP][PASSED] - click: Object: 'Object Repository/ADMIN/Categories/Category/button_upload check' is clicked on

2019-05-27 09:59:34 - [MESSAGE][PASSED] - Object: 'Object Repository/ADMIN/Categories/Category/button_upload check' is clicked on

2019-05-27 09:59:34 - [TEST_STEP][PASSED] - click: Object: 'Object Repository/ADMIN/Categories/Category/button_upload save' is clicked on

2019-05-27 09:59:34 - [MESSAGE][PASSED] - Object: 'Object Repository/ADMIN/Categories/Category/button_upload save' is clicked on

2019-05-27 09:59:34 - [TEST_STEP][PASSED] - waitForElementVisible: Object 'Object Repository/ADMIN/Categories/Category/button_upload save' is visible

2019-05-27 09:59:34 - [MESSAGE][WARNING] - Timeout '0' is invalid. Using default page load timeout: '30'

2019-05-27 09:59:34 - [MESSAGE][PASSED] - Object 'Object Repository/ADMIN/Categories/Category/button_upload save' is visible

2019-05-27 09:59:36 - [TEST_STEP][PASSED] - setText: Text 'Description84' is set on object 'Object Repository/ADMIN/Categories/Category/textfield_category_description'

2019-05-27 09:59:36 - [MESSAGE][PASSED] - Text 'Description84' is set on object 'Object Repository/ADMIN/Categories/Category/textfield_category_description'

2019-05-27 09:59:36 - [TEST_STEP][PASSED] - click: Object: 'Object Repository/ADMIN/Categories/Category/button_Save' is clicked on

2019-05-27 09:59:41 - [MESSAGE][PASSED] - Object: 'Object Repository/ADMIN/Categories/Category/button_Save' is clicked on

2019-05-27 09:59:41 - [TEST_STEP][PASSED] - waitForElementVisible: Object 'Object Repository/ADMIN/Categories/Category/label_edit popup' is visible

2019-05-27 09:59:41 - [MESSAGE][WARNING] - Timeout '0' is invalid. Using default page load timeout: '30'

2019-05-27 09:59:41 - [MESSAGE][PASSED] - Object 'Object Repository/ADMIN/Categories/Category/label_edit popup' is visible

2019-05-27 09:59:41 - [TEST_STEP][PASSED] - waitForElementNotPresent: Web element with id: 'Object Repository/ADMIN/Categories/Category/label_edit popup' located by 'By.xpath: //div[(text() = 'Category was successfully saved.' or . = 'Category was successfully saved.')]' is not present after '30' second(s)

2019-05-27 09:59:41 - [MESSAGE][WARNING] - Timeout '0' is invalid. Using default page load timeout: '30'

2019-05-27 09:59:47 - [MESSAGE][PASSED] - Web element with id: 'Object Repository/ADMIN/Categories/Category/label_edit popup' located by 'By.xpath: //div[(text() = 'Category was successfully saved.' or . = 'Category was successfully saved.')]' is not present after '30' second(s)]]></system-out>
         <system-err><![CDATA[2019-05-27 09:59:21 - [TEST_CASE][FAILED] - Test Cases/ADMIN/Content Mgmt/Categories/Category Add-Edit/Add Category: Test Cases/ADMIN/Content Mgmt/Categories/Category Add-Edit/Add Category FAILED because (of) Unable to click on object 'Object Repository/ADMIN/Categories/Category List/button_Categories' (Root cause: org.openqa.selenium.ElementNotVisibleException: element not visible
  (Session info: chrome=74.0.3729.169)
  (Driver info: chromedriver=2.35.528161 (5b82f2d2aae0ca24b877009200ced9065a772e73),platform=Windows NT 6.1.7601 SP1 x86_64) (WARNING: The server did not provide any stacktrace information)
Command duration or timeout: 0 milliseconds
Build info: version: '3.7.1', revision: '8a0099a', time: '2017-11-06T21:07:36.161Z'
System info: host: 'ARCADIER-PC', ip: '10.10.31.95', os.name: 'Windows 7', os.arch: 'amd64', os.version: '6.1', java.version: '1.8.0_102'
Driver info: com.kms.katalon.core.webui.driver.ExistingRemoteWebDriver
Capabilities {javascriptEnabled: true, platform: ANY, platformName: ANY}
Session ID: f912d58d04e0ea049492dcdbe1240f08)]]></system-err>
      </testcase>
      <testcase name="Test Cases/ADMIN/Content Mgmt/Categories/Category Add-Edit/Add Category" classname="Test Cases/ADMIN/Content Mgmt/Categories/Category Add-Edit/Add Category" status="PASSED">
         <system-out><![CDATA[2019-05-27 09:59:47 - [TEST_CASE][PASSED] - Test Cases/ADMIN/Content Mgmt/Categories/Category Add-Edit/Add Category: Test Cases/ADMIN/Content Mgmt/Categories/Category Add-Edit/Add Category

2019-05-27 09:59:48 - [TEST_STEP][PASSED] - waitForElementVisible: Object 'Object Repository/ADMIN/Categories/Category List/button_Content Mgmt' is visible

2019-05-27 09:59:48 - [MESSAGE][WARNING] - Timeout '0' is invalid. Using default page load timeout: '30'

2019-05-27 09:59:48 - [MESSAGE][PASSED] - Object 'Object Repository/ADMIN/Categories/Category List/button_Content Mgmt' is visible

2019-05-27 09:59:48 - [TEST_STEP][PASSED] - click: Object: 'Object Repository/ADMIN/Categories/Category List/button_Content Mgmt' is clicked on

2019-05-27 09:59:48 - [MESSAGE][PASSED] - Object: 'Object Repository/ADMIN/Categories/Category List/button_Content Mgmt' is clicked on

2019-05-27 09:59:48 - [TEST_STEP][PASSED] - waitForElementVisible: Object 'Object Repository/ADMIN/Categories/Category List/button_Categories' is visible

2019-05-27 09:59:48 - [MESSAGE][WARNING] - Timeout '0' is invalid. Using default page load timeout: '30'

2019-05-27 09:59:49 - [MESSAGE][PASSED] - Object 'Object Repository/ADMIN/Categories/Category List/button_Categories' is visible

2019-05-27 09:59:50 - [TEST_STEP][PASSED] - click: Object: 'Object Repository/ADMIN/Categories/Category List/button_Categories' is clicked on

2019-05-27 09:59:51 - [MESSAGE][PASSED] - Object: 'Object Repository/ADMIN/Categories/Category List/button_Categories' is clicked on

2019-05-27 09:59:51 - [TEST_STEP][PASSED] - waitForPageLoad: Wait for page load successfully

2019-05-27 09:59:51 - [MESSAGE][WARNING] - Timeout '0' is invalid. Using default page load timeout: '30'

2019-05-27 09:59:51 - [MESSAGE][PASSED] - Wait for page load successfully

2019-05-27 09:59:51 - [TEST_STEP][PASSED] - click: Object: 'Object Repository/ADMIN/Categories/Category List/button_Add a Category' is clicked on

2019-05-27 09:59:51 - [MESSAGE][PASSED] - Object: 'Object Repository/ADMIN/Categories/Category List/button_Add a Category' is clicked on

2019-05-27 09:59:51 - [TEST_STEP][PASSED] - waitForElementPresent: Object 'Object Repository/ADMIN/Categories/Category/dropdown_Parent' is present

2019-05-27 09:59:51 - [MESSAGE][PASSED] - Object 'Object Repository/ADMIN/Categories/Category/dropdown_Parent' is present

2019-05-27 09:59:51 - [TEST_STEP][PASSED] - delay: Delayed 1 second(s)

2019-05-27 09:59:52 - [MESSAGE][PASSED] - Delayed 1 second(s)

2019-05-27 09:59:52 - [TEST_STEP][PASSED] - setText: Text 'Category 11' is set on object 'Object Repository/ADMIN/Categories/Category/textfield_Category Name'

2019-05-27 09:59:53 - [MESSAGE][PASSED] - Text 'Category 11' is set on object 'Object Repository/ADMIN/Categories/Category/textfield_Category Name'

2019-05-27 09:59:53 - [TEST_STEP][PASSED] - click: Object: 'Object Repository/ADMIN/Categories/Category/dropdown_Parent' is clicked on

2019-05-27 09:59:55 - [MESSAGE][PASSED] - Object: 'Object Repository/ADMIN/Categories/Category/dropdown_Parent' is clicked on

2019-05-27 09:59:55 - [TEST_STEP][PASSED] - delay: Delayed 2 second(s)

2019-05-27 09:59:57 - [MESSAGE][PASSED] - Delayed 2 second(s)

2019-05-27 09:59:57 - [TEST_STEP][PASSED] - click: Object: 'Object Repository/ADMIN/Categories/Category/dropdown_Parent' is clicked on

2019-05-27 09:59:57 - [MESSAGE][PASSED] - Object: 'Object Repository/ADMIN/Categories/Category/dropdown_Parent' is clicked on

2019-05-27 09:59:57 - [TEST_STEP][PASSED] - selectOptionByLabel: All options with label '-' are selected in object 'Object Repository/ADMIN/Categories/Category/dropdown_Parent' 

2019-05-27 09:59:57 - [MESSAGE][PASSED] - All options with label '-' are selected in object 'Object Repository/ADMIN/Categories/Category/dropdown_Parent' 

2019-05-27 09:59:57 - [TEST_STEP][PASSED] - click: Object: 'Object Repository/ADMIN/Categories/Category/button_Browse' is clicked on

2019-05-27 09:59:57 - [MESSAGE][PASSED] - Object: 'Object Repository/ADMIN/Categories/Category/button_Browse' is clicked on

2019-05-27 09:59:57 - [TEST_STEP][PASSED] - delay: Delayed 2 second(s)

2019-05-27 09:59:59 - [MESSAGE][PASSED] - Delayed 2 second(s)

2019-05-27 09:59:59 - [TEST_STEP][PASSED] - uploadFile: File 'C:\\Katalon\\Image\\pic12.jpg' sent to object: 'Object Repository/ADMIN/Categories/Category/image_input image'

2019-05-27 10:00:00 - [MESSAGE][PASSED] - File 'C:\\Katalon\\Image\\pic12.jpg' sent to object: 'Object Repository/ADMIN/Categories/Category/image_input image'

2019-05-27 10:00:00 - [TEST_STEP][PASSED] - waitForElementVisible: Object 'Object Repository/ADMIN/Categories/Category/button_upload check' is visible

2019-05-27 10:00:00 - [MESSAGE][WARNING] - Timeout '0' is invalid. Using default page load timeout: '30'

2019-05-27 10:00:01 - [MESSAGE][PASSED] - Object 'Object Repository/ADMIN/Categories/Category/button_upload check' is visible

2019-05-27 10:00:01 - [TEST_STEP][PASSED] - click: Object: 'Object Repository/ADMIN/Categories/Category/button_upload check' is clicked on

2019-05-27 10:00:01 - [MESSAGE][PASSED] - Object: 'Object Repository/ADMIN/Categories/Category/button_upload check' is clicked on

2019-05-27 10:00:01 - [TEST_STEP][PASSED] - click: Object: 'Object Repository/ADMIN/Categories/Category/button_upload save' is clicked on

2019-05-27 10:00:01 - [MESSAGE][PASSED] - Object: 'Object Repository/ADMIN/Categories/Category/button_upload save' is clicked on

2019-05-27 10:00:01 - [TEST_STEP][PASSED] - waitForElementVisible: Web element with id: 'Object Repository/ADMIN/Categories/Category/button_upload save' located by 'By.xpath: //a[@class = 'btn btn-warning download' and (text() = ' Add Photo' or . = ' Add Photo')]' not found

2019-05-27 10:00:01 - [MESSAGE][WARNING] - Timeout '0' is invalid. Using default page load timeout: '30'

2019-05-27 10:00:34 - [MESSAGE][WARNING] - Web element with id: 'Object Repository/ADMIN/Categories/Category/button_upload save' located by 'By.xpath: //a[@class = 'btn btn-warning download' and (text() = ' Add Photo' or . = ' Add Photo')]' not found

2019-05-27 10:00:34 - [TEST_STEP][PASSED] - setText: Text 'Description85' is set on object 'Object Repository/ADMIN/Categories/Category/textfield_category_description'

2019-05-27 10:00:35 - [MESSAGE][PASSED] - Text 'Description85' is set on object 'Object Repository/ADMIN/Categories/Category/textfield_category_description'

2019-05-27 10:00:35 - [TEST_STEP][PASSED] - click: Object: 'Object Repository/ADMIN/Categories/Category/button_Save' is clicked on

2019-05-27 10:00:35 - [MESSAGE][PASSED] - Object: 'Object Repository/ADMIN/Categories/Category/button_Save' is clicked on

2019-05-27 10:00:35 - [TEST_STEP][PASSED] - waitForElementVisible: Object 'Object Repository/ADMIN/Categories/Category/label_edit popup' is visible

2019-05-27 10:00:35 - [MESSAGE][WARNING] - Timeout '0' is invalid. Using default page load timeout: '30'

2019-05-27 10:00:36 - [MESSAGE][PASSED] - Object 'Object Repository/ADMIN/Categories/Category/label_edit popup' is visible

2019-05-27 10:00:36 - [TEST_STEP][PASSED] - waitForElementNotPresent: Web element with id: 'Object Repository/ADMIN/Categories/Category/label_edit popup' located by 'By.xpath: //div[(text() = 'Category was successfully saved.' or . = 'Category was successfully saved.')]' is not present after '30' second(s)

2019-05-27 10:00:36 - [MESSAGE][WARNING] - Timeout '0' is invalid. Using default page load timeout: '30'

2019-05-27 10:00:41 - [MESSAGE][PASSED] - Web element with id: 'Object Repository/ADMIN/Categories/Category/label_edit popup' located by 'By.xpath: //div[(text() = 'Category was successfully saved.' or . = 'Category was successfully saved.')]' is not present after '30' second(s)]]></system-out>
         <system-err><![CDATA[]]></system-err>
      </testcase>
      <testcase name="Test Cases/ADMIN/Content Mgmt/Categories/Category Add-Edit/Add Category" classname="Test Cases/ADMIN/Content Mgmt/Categories/Category Add-Edit/Add Category" status="PASSED">
         <system-out><![CDATA[2019-05-27 10:00:41 - [TEST_CASE][PASSED] - Test Cases/ADMIN/Content Mgmt/Categories/Category Add-Edit/Add Category: Test Cases/ADMIN/Content Mgmt/Categories/Category Add-Edit/Add Category

2019-05-27 10:00:41 - [TEST_STEP][PASSED] - waitForElementVisible: Object 'Object Repository/ADMIN/Categories/Category List/button_Content Mgmt' is visible

2019-05-27 10:00:41 - [MESSAGE][WARNING] - Timeout '0' is invalid. Using default page load timeout: '30'

2019-05-27 10:00:42 - [MESSAGE][PASSED] - Object 'Object Repository/ADMIN/Categories/Category List/button_Content Mgmt' is visible

2019-05-27 10:00:42 - [TEST_STEP][PASSED] - click: Object: 'Object Repository/ADMIN/Categories/Category List/button_Content Mgmt' is clicked on

2019-05-27 10:00:42 - [MESSAGE][PASSED] - Object: 'Object Repository/ADMIN/Categories/Category List/button_Content Mgmt' is clicked on

2019-05-27 10:00:42 - [TEST_STEP][PASSED] - waitForElementVisible: Object 'Object Repository/ADMIN/Categories/Category List/button_Categories' is visible

2019-05-27 10:00:42 - [MESSAGE][WARNING] - Timeout '0' is invalid. Using default page load timeout: '30'

2019-05-27 10:00:43 - [MESSAGE][PASSED] - Object 'Object Repository/ADMIN/Categories/Category List/button_Categories' is visible

2019-05-27 10:00:43 - [TEST_STEP][PASSED] - click: Object: 'Object Repository/ADMIN/Categories/Category List/button_Categories' is clicked on

2019-05-27 10:00:44 - [MESSAGE][PASSED] - Object: 'Object Repository/ADMIN/Categories/Category List/button_Categories' is clicked on

2019-05-27 10:00:44 - [TEST_STEP][PASSED] - waitForPageLoad: Wait for page load successfully

2019-05-27 10:00:44 - [MESSAGE][WARNING] - Timeout '0' is invalid. Using default page load timeout: '30'

2019-05-27 10:00:44 - [MESSAGE][PASSED] - Wait for page load successfully

2019-05-27 10:00:44 - [TEST_STEP][PASSED] - click: Object: 'Object Repository/ADMIN/Categories/Category List/button_Add a Category' is clicked on

2019-05-27 10:00:44 - [MESSAGE][PASSED] - Object: 'Object Repository/ADMIN/Categories/Category List/button_Add a Category' is clicked on

2019-05-27 10:00:44 - [TEST_STEP][PASSED] - waitForElementPresent: Object 'Object Repository/ADMIN/Categories/Category/dropdown_Parent' is present

2019-05-27 10:00:44 - [MESSAGE][PASSED] - Object 'Object Repository/ADMIN/Categories/Category/dropdown_Parent' is present

2019-05-27 10:00:44 - [TEST_STEP][PASSED] - delay: Delayed 1 second(s)

2019-05-27 10:00:45 - [MESSAGE][PASSED] - Delayed 1 second(s)

2019-05-27 10:00:45 - [TEST_STEP][PASSED] - setText: Text 'Category 12' is set on object 'Object Repository/ADMIN/Categories/Category/textfield_Category Name'

2019-05-27 10:00:45 - [MESSAGE][PASSED] - Text 'Category 12' is set on object 'Object Repository/ADMIN/Categories/Category/textfield_Category Name'

2019-05-27 10:00:45 - [TEST_STEP][PASSED] - click: Object: 'Object Repository/ADMIN/Categories/Category/dropdown_Parent' is clicked on

2019-05-27 10:00:46 - [MESSAGE][PASSED] - Object: 'Object Repository/ADMIN/Categories/Category/dropdown_Parent' is clicked on

2019-05-27 10:00:46 - [TEST_STEP][PASSED] - delay: Delayed 2 second(s)

2019-05-27 10:00:48 - [MESSAGE][PASSED] - Delayed 2 second(s)

2019-05-27 10:00:48 - [TEST_STEP][PASSED] - click: Object: 'Object Repository/ADMIN/Categories/Category/dropdown_Parent' is clicked on

2019-05-27 10:00:48 - [MESSAGE][PASSED] - Object: 'Object Repository/ADMIN/Categories/Category/dropdown_Parent' is clicked on

2019-05-27 10:00:48 - [TEST_STEP][PASSED] - selectOptionByLabel: All options with label '-' are selected in object 'Object Repository/ADMIN/Categories/Category/dropdown_Parent' 

2019-05-27 10:00:48 - [MESSAGE][PASSED] - All options with label '-' are selected in object 'Object Repository/ADMIN/Categories/Category/dropdown_Parent' 

2019-05-27 10:00:48 - [TEST_STEP][PASSED] - click: Object: 'Object Repository/ADMIN/Categories/Category/button_Browse' is clicked on

2019-05-27 10:00:48 - [MESSAGE][PASSED] - Object: 'Object Repository/ADMIN/Categories/Category/button_Browse' is clicked on

2019-05-27 10:00:48 - [TEST_STEP][PASSED] - delay: Delayed 2 second(s)

2019-05-27 10:00:50 - [MESSAGE][PASSED] - Delayed 2 second(s)

2019-05-27 10:00:50 - [TEST_STEP][PASSED] - uploadFile: File 'C:\\Katalon\\Image\\pic1.jpg' sent to object: 'Object Repository/ADMIN/Categories/Category/image_input image'

2019-05-27 10:00:50 - [MESSAGE][PASSED] - File 'C:\\Katalon\\Image\\pic1.jpg' sent to object: 'Object Repository/ADMIN/Categories/Category/image_input image'

2019-05-27 10:00:50 - [TEST_STEP][PASSED] - waitForElementVisible: Object 'Object Repository/ADMIN/Categories/Category/button_upload check' is visible

2019-05-27 10:00:50 - [MESSAGE][WARNING] - Timeout '0' is invalid. Using default page load timeout: '30'

2019-05-27 10:00:51 - [MESSAGE][PASSED] - Object 'Object Repository/ADMIN/Categories/Category/button_upload check' is visible

2019-05-27 10:00:51 - [TEST_STEP][PASSED] - click: Object: 'Object Repository/ADMIN/Categories/Category/button_upload check' is clicked on

2019-05-27 10:00:51 - [MESSAGE][PASSED] - Object: 'Object Repository/ADMIN/Categories/Category/button_upload check' is clicked on

2019-05-27 10:00:51 - [TEST_STEP][PASSED] - click: Object: 'Object Repository/ADMIN/Categories/Category/button_upload save' is clicked on

2019-05-27 10:00:52 - [MESSAGE][PASSED] - Object: 'Object Repository/ADMIN/Categories/Category/button_upload save' is clicked on

2019-05-27 10:00:52 - [TEST_STEP][PASSED] - waitForElementVisible: Object 'Object Repository/ADMIN/Categories/Category/button_upload save' is visible

2019-05-27 10:00:52 - [MESSAGE][WARNING] - Timeout '0' is invalid. Using default page load timeout: '30'

2019-05-27 10:00:52 - [MESSAGE][PASSED] - Object 'Object Repository/ADMIN/Categories/Category/button_upload save' is visible

2019-05-27 10:00:52 - [TEST_STEP][PASSED] - setText: Text 'Description86' is set on object 'Object Repository/ADMIN/Categories/Category/textfield_category_description'

2019-05-27 10:00:54 - [MESSAGE][PASSED] - Text 'Description86' is set on object 'Object Repository/ADMIN/Categories/Category/textfield_category_description'

2019-05-27 10:00:54 - [TEST_STEP][PASSED] - click: Object: 'Object Repository/ADMIN/Categories/Category/button_Save' is clicked on

2019-05-27 10:00:56 - [MESSAGE][PASSED] - Object: 'Object Repository/ADMIN/Categories/Category/button_Save' is clicked on

2019-05-27 10:00:56 - [TEST_STEP][PASSED] - waitForElementVisible: Object 'Object Repository/ADMIN/Categories/Category/label_edit popup' is visible

2019-05-27 10:00:56 - [MESSAGE][WARNING] - Timeout '0' is invalid. Using default page load timeout: '30'

2019-05-27 10:00:56 - [MESSAGE][PASSED] - Object 'Object Repository/ADMIN/Categories/Category/label_edit popup' is visible

2019-05-27 10:00:56 - [TEST_STEP][PASSED] - waitForElementNotPresent: Web element with id: 'Object Repository/ADMIN/Categories/Category/label_edit popup' located by 'By.xpath: //div[(text() = 'Category was successfully saved.' or . = 'Category was successfully saved.')]' is not present after '30' second(s)

2019-05-27 10:00:56 - [MESSAGE][WARNING] - Timeout '0' is invalid. Using default page load timeout: '30'

2019-05-27 10:01:02 - [MESSAGE][PASSED] - Web element with id: 'Object Repository/ADMIN/Categories/Category/label_edit popup' located by 'By.xpath: //div[(text() = 'Category was successfully saved.' or . = 'Category was successfully saved.')]' is not present after '30' second(s)]]></system-out>
         <system-err><![CDATA[]]></system-err>
      </testcase>
      <testcase name="Test Cases/ADMIN/Content Mgmt/Categories/Category Add-Edit/Add Category" classname="Test Cases/ADMIN/Content Mgmt/Categories/Category Add-Edit/Add Category" status="PASSED">
         <system-out><![CDATA[2019-05-27 10:01:02 - [TEST_CASE][PASSED] - Test Cases/ADMIN/Content Mgmt/Categories/Category Add-Edit/Add Category: Test Cases/ADMIN/Content Mgmt/Categories/Category Add-Edit/Add Category

2019-05-27 10:01:02 - [TEST_STEP][PASSED] - waitForElementVisible: Object 'Object Repository/ADMIN/Categories/Category List/button_Content Mgmt' is visible

2019-05-27 10:01:02 - [MESSAGE][WARNING] - Timeout '0' is invalid. Using default page load timeout: '30'

2019-05-27 10:01:02 - [MESSAGE][PASSED] - Object 'Object Repository/ADMIN/Categories/Category List/button_Content Mgmt' is visible

2019-05-27 10:01:02 - [TEST_STEP][PASSED] - click: Object: 'Object Repository/ADMIN/Categories/Category List/button_Content Mgmt' is clicked on

2019-05-27 10:01:02 - [MESSAGE][PASSED] - Object: 'Object Repository/ADMIN/Categories/Category List/button_Content Mgmt' is clicked on

2019-05-27 10:01:02 - [TEST_STEP][PASSED] - waitForElementVisible: Object 'Object Repository/ADMIN/Categories/Category List/button_Categories' is visible

2019-05-27 10:01:02 - [MESSAGE][WARNING] - Timeout '0' is invalid. Using default page load timeout: '30'

2019-05-27 10:01:02 - [MESSAGE][PASSED] - Object 'Object Repository/ADMIN/Categories/Category List/button_Categories' is visible

2019-05-27 10:01:04 - [TEST_STEP][PASSED] - click: Object: 'Object Repository/ADMIN/Categories/Category List/button_Categories' is clicked on

2019-05-27 10:01:04 - [MESSAGE][PASSED] - Object: 'Object Repository/ADMIN/Categories/Category List/button_Categories' is clicked on

2019-05-27 10:01:04 - [TEST_STEP][PASSED] - waitForPageLoad: Wait for page load successfully

2019-05-27 10:01:04 - [MESSAGE][WARNING] - Timeout '0' is invalid. Using default page load timeout: '30'

2019-05-27 10:01:04 - [MESSAGE][PASSED] - Wait for page load successfully

2019-05-27 10:01:04 - [TEST_STEP][PASSED] - click: Object: 'Object Repository/ADMIN/Categories/Category List/button_Add a Category' is clicked on

2019-05-27 10:01:05 - [MESSAGE][PASSED] - Object: 'Object Repository/ADMIN/Categories/Category List/button_Add a Category' is clicked on

2019-05-27 10:01:05 - [TEST_STEP][PASSED] - waitForElementPresent: Object 'Object Repository/ADMIN/Categories/Category/dropdown_Parent' is present

2019-05-27 10:01:05 - [MESSAGE][PASSED] - Object 'Object Repository/ADMIN/Categories/Category/dropdown_Parent' is present

2019-05-27 10:01:05 - [TEST_STEP][PASSED] - delay: Delayed 1 second(s)

2019-05-27 10:01:06 - [MESSAGE][PASSED] - Delayed 1 second(s)

2019-05-27 10:01:06 - [TEST_STEP][PASSED] - setText: Text 'Category 13' is set on object 'Object Repository/ADMIN/Categories/Category/textfield_Category Name'

2019-05-27 10:01:07 - [MESSAGE][PASSED] - Text 'Category 13' is set on object 'Object Repository/ADMIN/Categories/Category/textfield_Category Name'

2019-05-27 10:01:07 - [TEST_STEP][PASSED] - click: Object: 'Object Repository/ADMIN/Categories/Category/dropdown_Parent' is clicked on

2019-05-27 10:01:08 - [MESSAGE][PASSED] - Object: 'Object Repository/ADMIN/Categories/Category/dropdown_Parent' is clicked on

2019-05-27 10:01:08 - [TEST_STEP][PASSED] - delay: Delayed 2 second(s)

2019-05-27 10:01:10 - [MESSAGE][PASSED] - Delayed 2 second(s)

2019-05-27 10:01:10 - [TEST_STEP][PASSED] - click: Object: 'Object Repository/ADMIN/Categories/Category/dropdown_Parent' is clicked on

2019-05-27 10:01:10 - [MESSAGE][PASSED] - Object: 'Object Repository/ADMIN/Categories/Category/dropdown_Parent' is clicked on

2019-05-27 10:01:10 - [TEST_STEP][PASSED] - selectOptionByLabel: All options with label '-' are selected in object 'Object Repository/ADMIN/Categories/Category/dropdown_Parent' 

2019-05-27 10:01:10 - [MESSAGE][PASSED] - All options with label '-' are selected in object 'Object Repository/ADMIN/Categories/Category/dropdown_Parent' 

2019-05-27 10:01:10 - [TEST_STEP][PASSED] - click: Object: 'Object Repository/ADMIN/Categories/Category/button_Browse' is clicked on

2019-05-27 10:01:10 - [MESSAGE][PASSED] - Object: 'Object Repository/ADMIN/Categories/Category/button_Browse' is clicked on

2019-05-27 10:01:10 - [TEST_STEP][PASSED] - delay: Delayed 2 second(s)

2019-05-27 10:01:12 - [MESSAGE][PASSED] - Delayed 2 second(s)

2019-05-27 10:01:12 - [TEST_STEP][PASSED] - uploadFile: File 'C:\\Katalon\\Image\\pic2.jpg' sent to object: 'Object Repository/ADMIN/Categories/Category/image_input image'

2019-05-27 10:01:12 - [MESSAGE][PASSED] - File 'C:\\Katalon\\Image\\pic2.jpg' sent to object: 'Object Repository/ADMIN/Categories/Category/image_input image'

2019-05-27 10:01:13 - [TEST_STEP][PASSED] - waitForElementVisible: Object 'Object Repository/ADMIN/Categories/Category/button_upload check' is visible

2019-05-27 10:01:13 - [MESSAGE][WARNING] - Timeout '0' is invalid. Using default page load timeout: '30'

2019-05-27 10:01:14 - [MESSAGE][PASSED] - Object 'Object Repository/ADMIN/Categories/Category/button_upload check' is visible

2019-05-27 10:01:14 - [TEST_STEP][PASSED] - click: Object: 'Object Repository/ADMIN/Categories/Category/button_upload check' is clicked on

2019-05-27 10:01:14 - [MESSAGE][PASSED] - Object: 'Object Repository/ADMIN/Categories/Category/button_upload check' is clicked on

2019-05-27 10:01:14 - [TEST_STEP][PASSED] - click: Object: 'Object Repository/ADMIN/Categories/Category/button_upload save' is clicked on

2019-05-27 10:01:14 - [MESSAGE][PASSED] - Object: 'Object Repository/ADMIN/Categories/Category/button_upload save' is clicked on

2019-05-27 10:01:14 - [TEST_STEP][PASSED] - waitForElementVisible: Web element with id: 'Object Repository/ADMIN/Categories/Category/button_upload save' located by 'By.xpath: //a[@class = 'btn btn-warning download' and (text() = ' Add Photo' or . = ' Add Photo')]' not found

2019-05-27 10:01:14 - [MESSAGE][WARNING] - Timeout '0' is invalid. Using default page load timeout: '30'

2019-05-27 10:01:48 - [MESSAGE][WARNING] - Web element with id: 'Object Repository/ADMIN/Categories/Category/button_upload save' located by 'By.xpath: //a[@class = 'btn btn-warning download' and (text() = ' Add Photo' or . = ' Add Photo')]' not found

2019-05-27 10:01:48 - [TEST_STEP][PASSED] - setText: Text 'Description87' is set on object 'Object Repository/ADMIN/Categories/Category/textfield_category_description'

2019-05-27 10:01:49 - [MESSAGE][PASSED] - Text 'Description87' is set on object 'Object Repository/ADMIN/Categories/Category/textfield_category_description'

2019-05-27 10:01:49 - [TEST_STEP][PASSED] - click: Object: 'Object Repository/ADMIN/Categories/Category/button_Save' is clicked on

2019-05-27 10:01:49 - [MESSAGE][PASSED] - Object: 'Object Repository/ADMIN/Categories/Category/button_Save' is clicked on

2019-05-27 10:01:49 - [TEST_STEP][PASSED] - waitForElementVisible: Object 'Object Repository/ADMIN/Categories/Category/label_edit popup' is visible

2019-05-27 10:01:49 - [MESSAGE][WARNING] - Timeout '0' is invalid. Using default page load timeout: '30'

2019-05-27 10:01:50 - [MESSAGE][PASSED] - Object 'Object Repository/ADMIN/Categories/Category/label_edit popup' is visible

2019-05-27 10:01:50 - [TEST_STEP][PASSED] - waitForElementNotPresent: Web element with id: 'Object Repository/ADMIN/Categories/Category/label_edit popup' located by 'By.xpath: //div[(text() = 'Category was successfully saved.' or . = 'Category was successfully saved.')]' is not present after '30' second(s)

2019-05-27 10:01:50 - [MESSAGE][WARNING] - Timeout '0' is invalid. Using default page load timeout: '30'

2019-05-27 10:01:56 - [MESSAGE][PASSED] - Web element with id: 'Object Repository/ADMIN/Categories/Category/label_edit popup' located by 'By.xpath: //div[(text() = 'Category was successfully saved.' or . = 'Category was successfully saved.')]' is not present after '30' second(s)]]></system-out>
         <system-err><![CDATA[]]></system-err>
      </testcase>
      <testcase name="Test Cases/ADMIN/Content Mgmt/Categories/Category Add-Edit/Add Category" classname="Test Cases/ADMIN/Content Mgmt/Categories/Category Add-Edit/Add Category" status="FAILED">
         <failure type="FAILED" message="Unable to click on object 'Object Repository/ADMIN/Categories/Category List/button_Categories' (Root cause: org.openqa.selenium.ElementNotVisibleException: element not visible
  (Session info: chrome=74.0.3729.169)
  (Driver info: chromedriver=2.35.528161 (5b82f2d2aae0ca24b877009200ced9065a772e73),platform=Windows NT 6.1.7601 SP1 x86_64) (WARNING: The server did not provide any stacktrace information)
Command duration or timeout: 0 milliseconds
Build info: version: '3.7.1', revision: '8a0099a', time: '2017-11-06T21:07:36.161Z'
System info: host: 'ARCADIER-PC', ip: '10.10.31.95', os.name: 'Windows 7', os.arch: 'amd64', os.version: '6.1', java.version: '1.8.0_102'
Driver info: com.kms.katalon.core.webui.driver.ExistingRemoteWebDriver
Capabilities {javascriptEnabled: true, platform: ANY, platformName: ANY}
Session ID: f912d58d04e0ea049492dcdbe1240f08)"/>
         <system-out><![CDATA[2019-05-27 10:01:56 - [TEST_CASE][FAILED] - Test Cases/ADMIN/Content Mgmt/Categories/Category Add-Edit/Add Category: Test Cases/ADMIN/Content Mgmt/Categories/Category Add-Edit/Add Category FAILED because (of) Unable to click on object 'Object Repository/ADMIN/Categories/Category List/button_Categories' (Root cause: org.openqa.selenium.ElementNotVisibleException: element not visible
  (Session info: chrome=74.0.3729.169)
  (Driver info: chromedriver=2.35.528161 (5b82f2d2aae0ca24b877009200ced9065a772e73),platform=Windows NT 6.1.7601 SP1 x86_64) (WARNING: The server did not provide any stacktrace information)
Command duration or timeout: 0 milliseconds
Build info: version: '3.7.1', revision: '8a0099a', time: '2017-11-06T21:07:36.161Z'
System info: host: 'ARCADIER-PC', ip: '10.10.31.95', os.name: 'Windows 7', os.arch: 'amd64', os.version: '6.1', java.version: '1.8.0_102'
Driver info: com.kms.katalon.core.webui.driver.ExistingRemoteWebDriver
Capabilities {javascriptEnabled: true, platform: ANY, platformName: ANY}
Session ID: f912d58d04e0ea049492dcdbe1240f08)

2019-05-27 10:01:56 - [TEST_STEP][PASSED] - waitForElementVisible: Object 'Object Repository/ADMIN/Categories/Category List/button_Content Mgmt' is visible

2019-05-27 10:01:56 - [MESSAGE][WARNING] - Timeout '0' is invalid. Using default page load timeout: '30'

2019-05-27 10:01:56 - [MESSAGE][PASSED] - Object 'Object Repository/ADMIN/Categories/Category List/button_Content Mgmt' is visible

2019-05-27 10:01:56 - [TEST_STEP][PASSED] - click: Object: 'Object Repository/ADMIN/Categories/Category List/button_Content Mgmt' is clicked on

2019-05-27 10:01:56 - [MESSAGE][PASSED] - Object: 'Object Repository/ADMIN/Categories/Category List/button_Content Mgmt' is clicked on

2019-05-27 10:01:56 - [TEST_STEP][PASSED] - waitForElementVisible: Object 'Object Repository/ADMIN/Categories/Category List/button_Categories' is visible

2019-05-27 10:01:56 - [MESSAGE][WARNING] - Timeout '0' is invalid. Using default page load timeout: '30'

2019-05-27 10:01:56 - [MESSAGE][PASSED] - Object 'Object Repository/ADMIN/Categories/Category List/button_Categories' is visible

2019-05-27 10:01:56 - [TEST_STEP][FAILED] - click: Unable to click on object 'Object Repository/ADMIN/Categories/Category List/button_Categories' (Root cause: org.openqa.selenium.ElementNotVisibleException: element not visible
  (Session info: chrome=74.0.3729.169)
  (Driver info: chromedriver=2.35.528161 (5b82f2d2aae0ca24b877009200ced9065a772e73),platform=Windows NT 6.1.7601 SP1 x86_64) (WARNING: The server did not provide any stacktrace information)
Command duration or timeout: 0 milliseconds
Build info: version: '3.7.1', revision: '8a0099a', time: '2017-11-06T21:07:36.161Z'
System info: host: 'ARCADIER-PC', ip: '10.10.31.95', os.name: 'Windows 7', os.arch: 'amd64', os.version: '6.1', java.version: '1.8.0_102'
Driver info: com.kms.katalon.core.webui.driver.ExistingRemoteWebDriver
Capabilities {javascriptEnabled: true, platform: ANY, platformName: ANY}
Session ID: f912d58d04e0ea049492dcdbe1240f08)

2019-05-27 10:01:57 - [MESSAGE][FAILED] - Unable to click on object 'Object Repository/ADMIN/Categories/Category List/button_Categories' (Root cause: org.openqa.selenium.ElementNotVisibleException: element not visible
  (Session info: chrome=74.0.3729.169)
  (Driver info: chromedriver=2.35.528161 (5b82f2d2aae0ca24b877009200ced9065a772e73),platform=Windows NT 6.1.7601 SP1 x86_64) (WARNING: The server did not provide any stacktrace information)
Command duration or timeout: 0 milliseconds
Build info: version: '3.7.1', revision: '8a0099a', time: '2017-11-06T21:07:36.161Z'
System info: host: 'ARCADIER-PC', ip: '10.10.31.95', os.name: 'Windows 7', os.arch: 'amd64', os.version: '6.1', java.version: '1.8.0_102'
Driver info: com.kms.katalon.core.webui.driver.ExistingRemoteWebDriver
Capabilities {javascriptEnabled: true, platform: ANY, platformName: ANY}
Session ID: f912d58d04e0ea049492dcdbe1240f08)
[[ATTACHMENT|C:\\Users\\Arcadier\\git\\Arctick\\Reports\\Suites\\Admin Category\\20190527_092604\\1558922516844.png]]

2019-05-27 10:01:57 - [TEST_STEP][PASSED] - waitForPageLoad: Wait for page load successfully

2019-05-27 10:01:57 - [MESSAGE][WARNING] - Timeout '0' is invalid. Using default page load timeout: '30'

2019-05-27 10:01:57 - [MESSAGE][PASSED] - Wait for page load successfully

2019-05-27 10:01:57 - [TEST_STEP][PASSED] - click: Object: 'Object Repository/ADMIN/Categories/Category List/button_Add a Category' is clicked on

2019-05-27 10:01:57 - [MESSAGE][PASSED] - Object: 'Object Repository/ADMIN/Categories/Category List/button_Add a Category' is clicked on

2019-05-27 10:01:57 - [TEST_STEP][PASSED] - waitForElementPresent: Object 'Object Repository/ADMIN/Categories/Category/dropdown_Parent' is present

2019-05-27 10:01:57 - [MESSAGE][PASSED] - Object 'Object Repository/ADMIN/Categories/Category/dropdown_Parent' is present

2019-05-27 10:01:57 - [TEST_STEP][PASSED] - delay: Delayed 1 second(s)

2019-05-27 10:01:58 - [MESSAGE][PASSED] - Delayed 1 second(s)

2019-05-27 10:01:58 - [TEST_STEP][PASSED] - setText: Text 'Category 14' is set on object 'Object Repository/ADMIN/Categories/Category/textfield_Category Name'

2019-05-27 10:02:00 - [MESSAGE][PASSED] - Text 'Category 14' is set on object 'Object Repository/ADMIN/Categories/Category/textfield_Category Name'

2019-05-27 10:02:00 - [TEST_STEP][PASSED] - click: Object: 'Object Repository/ADMIN/Categories/Category/dropdown_Parent' is clicked on

2019-05-27 10:02:01 - [MESSAGE][PASSED] - Object: 'Object Repository/ADMIN/Categories/Category/dropdown_Parent' is clicked on

2019-05-27 10:02:01 - [TEST_STEP][PASSED] - delay: Delayed 2 second(s)

2019-05-27 10:02:03 - [MESSAGE][PASSED] - Delayed 2 second(s)

2019-05-27 10:02:03 - [TEST_STEP][PASSED] - click: Object: 'Object Repository/ADMIN/Categories/Category/dropdown_Parent' is clicked on

2019-05-27 10:02:03 - [MESSAGE][PASSED] - Object: 'Object Repository/ADMIN/Categories/Category/dropdown_Parent' is clicked on

2019-05-27 10:02:03 - [TEST_STEP][PASSED] - selectOptionByLabel: All options with label '-' are selected in object 'Object Repository/ADMIN/Categories/Category/dropdown_Parent' 

2019-05-27 10:02:03 - [MESSAGE][PASSED] - All options with label '-' are selected in object 'Object Repository/ADMIN/Categories/Category/dropdown_Parent' 

2019-05-27 10:02:03 - [TEST_STEP][PASSED] - click: Object: 'Object Repository/ADMIN/Categories/Category/button_Browse' is clicked on

2019-05-27 10:02:04 - [MESSAGE][PASSED] - Object: 'Object Repository/ADMIN/Categories/Category/button_Browse' is clicked on

2019-05-27 10:02:04 - [TEST_STEP][PASSED] - delay: Delayed 2 second(s)

2019-05-27 10:02:06 - [MESSAGE][PASSED] - Delayed 2 second(s)

2019-05-27 10:02:06 - [TEST_STEP][PASSED] - uploadFile: File 'C:\\Katalon\\Image\\pic3.jpg' sent to object: 'Object Repository/ADMIN/Categories/Category/image_input image'

2019-05-27 10:02:06 - [MESSAGE][PASSED] - File 'C:\\Katalon\\Image\\pic3.jpg' sent to object: 'Object Repository/ADMIN/Categories/Category/image_input image'

2019-05-27 10:02:06 - [TEST_STEP][PASSED] - waitForElementVisible: Object 'Object Repository/ADMIN/Categories/Category/button_upload check' is visible

2019-05-27 10:02:06 - [MESSAGE][WARNING] - Timeout '0' is invalid. Using default page load timeout: '30'

2019-05-27 10:02:06 - [MESSAGE][PASSED] - Object 'Object Repository/ADMIN/Categories/Category/button_upload check' is visible

2019-05-27 10:02:06 - [TEST_STEP][PASSED] - click: Object: 'Object Repository/ADMIN/Categories/Category/button_upload check' is clicked on

2019-05-27 10:02:06 - [MESSAGE][PASSED] - Object: 'Object Repository/ADMIN/Categories/Category/button_upload check' is clicked on

2019-05-27 10:02:06 - [TEST_STEP][PASSED] - click: Object: 'Object Repository/ADMIN/Categories/Category/button_upload save' is clicked on

2019-05-27 10:02:07 - [MESSAGE][PASSED] - Object: 'Object Repository/ADMIN/Categories/Category/button_upload save' is clicked on

2019-05-27 10:02:07 - [TEST_STEP][FAILED] - waitForElementVisible: Unable to wait for object 'Object Repository/ADMIN/Categories/Category/button_upload save' to be visible (Root cause: org.openqa.selenium.StaleElementReferenceException: stale element reference: element is not attached to the page document
  (Session info: chrome=74.0.3729.169)
  (Driver info: chromedriver=2.35.528161 (5b82f2d2aae0ca24b877009200ced9065a772e73),platform=Windows NT 6.1.7601 SP1 x86_64) (WARNING: The server did not provide any stacktrace information)
Command duration or timeout: 0 milliseconds
For documentation on this error, please visit: http://seleniumhq.org/exceptions/stale_element_reference.html
Build info: version: '3.7.1', revision: '8a0099a', time: '2017-11-06T21:07:36.161Z'
System info: host: 'ARCADIER-PC', ip: '10.10.31.95', os.name: 'Windows 7', os.arch: 'amd64', os.version: '6.1', java.version: '1.8.0_102'
Driver info: com.kms.katalon.core.webui.driver.ExistingRemoteWebDriver
Capabilities {javascriptEnabled: true, platform: ANY, platformName: ANY}
Session ID: f912d58d04e0ea049492dcdbe1240f08)

2019-05-27 10:02:07 - [MESSAGE][WARNING] - Timeout '0' is invalid. Using default page load timeout: '30'

2019-05-27 10:02:08 - [MESSAGE][FAILED] - Unable to wait for object 'Object Repository/ADMIN/Categories/Category/button_upload save' to be visible (Root cause: org.openqa.selenium.StaleElementReferenceException: stale element reference: element is not attached to the page document
  (Session info: chrome=74.0.3729.169)
  (Driver info: chromedriver=2.35.528161 (5b82f2d2aae0ca24b877009200ced9065a772e73),platform=Windows NT 6.1.7601 SP1 x86_64) (WARNING: The server did not provide any stacktrace information)
Command duration or timeout: 0 milliseconds
For documentation on this error, please visit: http://seleniumhq.org/exceptions/stale_element_reference.html
Build info: version: '3.7.1', revision: '8a0099a', time: '2017-11-06T21:07:36.161Z'
System info: host: 'ARCADIER-PC', ip: '10.10.31.95', os.name: 'Windows 7', os.arch: 'amd64', os.version: '6.1', java.version: '1.8.0_102'
Driver info: com.kms.katalon.core.webui.driver.ExistingRemoteWebDriver
Capabilities {javascriptEnabled: true, platform: ANY, platformName: ANY}
Session ID: f912d58d04e0ea049492dcdbe1240f08)
[[ATTACHMENT|C:\\Users\\Arcadier\\git\\Arctick\\Reports\\Suites\\Admin Category\\20190527_092604\\1558922527570.png]]

2019-05-27 10:02:09 - [TEST_STEP][PASSED] - setText: Text 'Description88' is set on object 'Object Repository/ADMIN/Categories/Category/textfield_category_description'

2019-05-27 10:02:09 - [MESSAGE][PASSED] - Text 'Description88' is set on object 'Object Repository/ADMIN/Categories/Category/textfield_category_description'

2019-05-27 10:02:11 - [TEST_STEP][PASSED] - click: Object: 'Object Repository/ADMIN/Categories/Category/button_Save' is clicked on

2019-05-27 10:02:11 - [MESSAGE][PASSED] - Object: 'Object Repository/ADMIN/Categories/Category/button_Save' is clicked on

2019-05-27 10:02:11 - [TEST_STEP][PASSED] - waitForElementVisible: Object 'Object Repository/ADMIN/Categories/Category/label_edit popup' is visible

2019-05-27 10:02:11 - [MESSAGE][WARNING] - Timeout '0' is invalid. Using default page load timeout: '30'

2019-05-27 10:02:11 - [MESSAGE][PASSED] - Object 'Object Repository/ADMIN/Categories/Category/label_edit popup' is visible

2019-05-27 10:02:13 - [TEST_STEP][PASSED] - waitForElementNotPresent: Web element with id: 'Object Repository/ADMIN/Categories/Category/label_edit popup' located by 'By.xpath: //div[(text() = 'Category was successfully saved.' or . = 'Category was successfully saved.')]' is not present after '30' second(s)

2019-05-27 10:02:13 - [MESSAGE][WARNING] - Timeout '0' is invalid. Using default page load timeout: '30'

2019-05-27 10:02:17 - [MESSAGE][PASSED] - Web element with id: 'Object Repository/ADMIN/Categories/Category/label_edit popup' located by 'By.xpath: //div[(text() = 'Category was successfully saved.' or . = 'Category was successfully saved.')]' is not present after '30' second(s)]]></system-out>
         <system-err><![CDATA[2019-05-27 10:01:56 - [TEST_CASE][FAILED] - Test Cases/ADMIN/Content Mgmt/Categories/Category Add-Edit/Add Category: Test Cases/ADMIN/Content Mgmt/Categories/Category Add-Edit/Add Category FAILED because (of) Unable to click on object 'Object Repository/ADMIN/Categories/Category List/button_Categories' (Root cause: org.openqa.selenium.ElementNotVisibleException: element not visible
  (Session info: chrome=74.0.3729.169)
  (Driver info: chromedriver=2.35.528161 (5b82f2d2aae0ca24b877009200ced9065a772e73),platform=Windows NT 6.1.7601 SP1 x86_64) (WARNING: The server did not provide any stacktrace information)
Command duration or timeout: 0 milliseconds
Build info: version: '3.7.1', revision: '8a0099a', time: '2017-11-06T21:07:36.161Z'
System info: host: 'ARCADIER-PC', ip: '10.10.31.95', os.name: 'Windows 7', os.arch: 'amd64', os.version: '6.1', java.version: '1.8.0_102'
Driver info: com.kms.katalon.core.webui.driver.ExistingRemoteWebDriver
Capabilities {javascriptEnabled: true, platform: ANY, platformName: ANY}
Session ID: f912d58d04e0ea049492dcdbe1240f08)]]></system-err>
      </testcase>
      <testcase name="Test Cases/ADMIN/Content Mgmt/Categories/Category Add-Edit/Add Category" classname="Test Cases/ADMIN/Content Mgmt/Categories/Category Add-Edit/Add Category" status="PASSED">
         <system-out><![CDATA[2019-05-27 10:02:17 - [TEST_CASE][PASSED] - Test Cases/ADMIN/Content Mgmt/Categories/Category Add-Edit/Add Category: Test Cases/ADMIN/Content Mgmt/Categories/Category Add-Edit/Add Category

2019-05-27 10:02:17 - [TEST_STEP][PASSED] - waitForElementVisible: Object 'Object Repository/ADMIN/Categories/Category List/button_Content Mgmt' is visible

2019-05-27 10:02:19 - [MESSAGE][WARNING] - Timeout '0' is invalid. Using default page load timeout: '30'

2019-05-27 10:02:19 - [MESSAGE][PASSED] - Object 'Object Repository/ADMIN/Categories/Category List/button_Content Mgmt' is visible

2019-05-27 10:02:19 - [TEST_STEP][PASSED] - click: Object: 'Object Repository/ADMIN/Categories/Category List/button_Content Mgmt' is clicked on

2019-05-27 10:02:20 - [MESSAGE][PASSED] - Object: 'Object Repository/ADMIN/Categories/Category List/button_Content Mgmt' is clicked on

2019-05-27 10:02:20 - [TEST_STEP][PASSED] - waitForElementVisible: Object 'Object Repository/ADMIN/Categories/Category List/button_Categories' is visible

2019-05-27 10:02:20 - [MESSAGE][WARNING] - Timeout '0' is invalid. Using default page load timeout: '30'

2019-05-27 10:02:20 - [MESSAGE][PASSED] - Object 'Object Repository/ADMIN/Categories/Category List/button_Categories' is visible

2019-05-27 10:02:20 - [TEST_STEP][PASSED] - click: Object: 'Object Repository/ADMIN/Categories/Category List/button_Categories' is clicked on

2019-05-27 10:02:21 - [MESSAGE][PASSED] - Object: 'Object Repository/ADMIN/Categories/Category List/button_Categories' is clicked on

2019-05-27 10:02:21 - [TEST_STEP][PASSED] - waitForPageLoad: Wait for page load successfully

2019-05-27 10:02:21 - [MESSAGE][WARNING] - Timeout '0' is invalid. Using default page load timeout: '30'

2019-05-27 10:02:21 - [MESSAGE][PASSED] - Wait for page load successfully

2019-05-27 10:02:21 - [TEST_STEP][PASSED] - click: Object: 'Object Repository/ADMIN/Categories/Category List/button_Add a Category' is clicked on

2019-05-27 10:02:21 - [MESSAGE][PASSED] - Object: 'Object Repository/ADMIN/Categories/Category List/button_Add a Category' is clicked on

2019-05-27 10:02:21 - [TEST_STEP][PASSED] - waitForElementPresent: Object 'Object Repository/ADMIN/Categories/Category/dropdown_Parent' is present

2019-05-27 10:02:22 - [MESSAGE][PASSED] - Object 'Object Repository/ADMIN/Categories/Category/dropdown_Parent' is present

2019-05-27 10:02:22 - [TEST_STEP][PASSED] - delay: Delayed 1 second(s)

2019-05-27 10:02:23 - [MESSAGE][PASSED] - Delayed 1 second(s)

2019-05-27 10:02:23 - [TEST_STEP][PASSED] - setText: Text 'Category 15' is set on object 'Object Repository/ADMIN/Categories/Category/textfield_Category Name'

2019-05-27 10:02:23 - [MESSAGE][PASSED] - Text 'Category 15' is set on object 'Object Repository/ADMIN/Categories/Category/textfield_Category Name'

2019-05-27 10:02:23 - [TEST_STEP][PASSED] - click: Object: 'Object Repository/ADMIN/Categories/Category/dropdown_Parent' is clicked on

2019-05-27 10:02:24 - [MESSAGE][PASSED] - Object: 'Object Repository/ADMIN/Categories/Category/dropdown_Parent' is clicked on

2019-05-27 10:02:24 - [TEST_STEP][PASSED] - delay: Delayed 2 second(s)

2019-05-27 10:02:26 - [MESSAGE][PASSED] - Delayed 2 second(s)

2019-05-27 10:02:26 - [TEST_STEP][PASSED] - click: Object: 'Object Repository/ADMIN/Categories/Category/dropdown_Parent' is clicked on

2019-05-27 10:02:26 - [MESSAGE][PASSED] - Object: 'Object Repository/ADMIN/Categories/Category/dropdown_Parent' is clicked on

2019-05-27 10:02:26 - [TEST_STEP][PASSED] - selectOptionByLabel: All options with label '-' are selected in object 'Object Repository/ADMIN/Categories/Category/dropdown_Parent' 

2019-05-27 10:02:26 - [MESSAGE][PASSED] - All options with label '-' are selected in object 'Object Repository/ADMIN/Categories/Category/dropdown_Parent' 

2019-05-27 10:02:26 - [TEST_STEP][PASSED] - click: Object: 'Object Repository/ADMIN/Categories/Category/button_Browse' is clicked on

2019-05-27 10:02:27 - [MESSAGE][PASSED] - Object: 'Object Repository/ADMIN/Categories/Category/button_Browse' is clicked on

2019-05-27 10:02:27 - [TEST_STEP][PASSED] - delay: Delayed 2 second(s)

2019-05-27 10:02:30 - [MESSAGE][PASSED] - Delayed 2 second(s)

2019-05-27 10:02:30 - [TEST_STEP][PASSED] - uploadFile: File 'C:\\Katalon\\Image\\pic4.jpg' sent to object: 'Object Repository/ADMIN/Categories/Category/image_input image'

2019-05-27 10:02:30 - [MESSAGE][PASSED] - File 'C:\\Katalon\\Image\\pic4.jpg' sent to object: 'Object Repository/ADMIN/Categories/Category/image_input image'

2019-05-27 10:02:30 - [TEST_STEP][PASSED] - waitForElementVisible: Object 'Object Repository/ADMIN/Categories/Category/button_upload check' is visible

2019-05-27 10:02:30 - [MESSAGE][WARNING] - Timeout '0' is invalid. Using default page load timeout: '30'

2019-05-27 10:02:30 - [MESSAGE][PASSED] - Object 'Object Repository/ADMIN/Categories/Category/button_upload check' is visible

2019-05-27 10:02:30 - [TEST_STEP][PASSED] - click: Object: 'Object Repository/ADMIN/Categories/Category/button_upload check' is clicked on

2019-05-27 10:02:30 - [MESSAGE][PASSED] - Object: 'Object Repository/ADMIN/Categories/Category/button_upload check' is clicked on

2019-05-27 10:02:30 - [TEST_STEP][PASSED] - click: Object: 'Object Repository/ADMIN/Categories/Category/button_upload save' is clicked on

2019-05-27 10:02:30 - [MESSAGE][PASSED] - Object: 'Object Repository/ADMIN/Categories/Category/button_upload save' is clicked on

2019-05-27 10:02:30 - [TEST_STEP][PASSED] - waitForElementVisible: Web element with id: 'Object Repository/ADMIN/Categories/Category/button_upload save' located by 'By.xpath: //a[@class = 'btn btn-warning download' and (text() = ' Add Photo' or . = ' Add Photo')]' not found

2019-05-27 10:02:33 - [MESSAGE][WARNING] - Timeout '0' is invalid. Using default page load timeout: '30'

2019-05-27 10:03:07 - [MESSAGE][WARNING] - Web element with id: 'Object Repository/ADMIN/Categories/Category/button_upload save' located by 'By.xpath: //a[@class = 'btn btn-warning download' and (text() = ' Add Photo' or . = ' Add Photo')]' not found

2019-05-27 10:03:07 - [TEST_STEP][PASSED] - setText: Text 'Description89' is set on object 'Object Repository/ADMIN/Categories/Category/textfield_category_description'

2019-05-27 10:03:07 - [MESSAGE][PASSED] - Text 'Description89' is set on object 'Object Repository/ADMIN/Categories/Category/textfield_category_description'

2019-05-27 10:03:07 - [TEST_STEP][PASSED] - click: Object: 'Object Repository/ADMIN/Categories/Category/button_Save' is clicked on

2019-05-27 10:03:07 - [MESSAGE][PASSED] - Object: 'Object Repository/ADMIN/Categories/Category/button_Save' is clicked on

2019-05-27 10:03:07 - [TEST_STEP][PASSED] - waitForElementVisible: Object 'Object Repository/ADMIN/Categories/Category/label_edit popup' is visible

2019-05-27 10:03:07 - [MESSAGE][WARNING] - Timeout '0' is invalid. Using default page load timeout: '30'

2019-05-27 10:03:08 - [MESSAGE][PASSED] - Object 'Object Repository/ADMIN/Categories/Category/label_edit popup' is visible

2019-05-27 10:03:08 - [TEST_STEP][PASSED] - waitForElementNotPresent: Web element with id: 'Object Repository/ADMIN/Categories/Category/label_edit popup' located by 'By.xpath: //div[(text() = 'Category was successfully saved.' or . = 'Category was successfully saved.')]' is not present after '30' second(s)

2019-05-27 10:03:08 - [MESSAGE][WARNING] - Timeout '0' is invalid. Using default page load timeout: '30'

2019-05-27 10:03:14 - [MESSAGE][PASSED] - Web element with id: 'Object Repository/ADMIN/Categories/Category/label_edit popup' located by 'By.xpath: //div[(text() = 'Category was successfully saved.' or . = 'Category was successfully saved.')]' is not present after '30' second(s)]]></system-out>
         <system-err><![CDATA[]]></system-err>
      </testcase>
      <testcase name="Test Cases/ADMIN/Content Mgmt/Categories/Category Add-Edit/Add Category" classname="Test Cases/ADMIN/Content Mgmt/Categories/Category Add-Edit/Add Category" status="PASSED">
         <system-out><![CDATA[2019-05-27 10:03:14 - [TEST_CASE][PASSED] - Test Cases/ADMIN/Content Mgmt/Categories/Category Add-Edit/Add Category: Test Cases/ADMIN/Content Mgmt/Categories/Category Add-Edit/Add Category

2019-05-27 10:03:14 - [TEST_STEP][PASSED] - waitForElementVisible: Object 'Object Repository/ADMIN/Categories/Category List/button_Content Mgmt' is visible

2019-05-27 10:03:14 - [MESSAGE][WARNING] - Timeout '0' is invalid. Using default page load timeout: '30'

2019-05-27 10:03:14 - [MESSAGE][PASSED] - Object 'Object Repository/ADMIN/Categories/Category List/button_Content Mgmt' is visible

2019-05-27 10:03:14 - [TEST_STEP][PASSED] - click: Object: 'Object Repository/ADMIN/Categories/Category List/button_Content Mgmt' is clicked on

2019-05-27 10:03:14 - [MESSAGE][PASSED] - Object: 'Object Repository/ADMIN/Categories/Category List/button_Content Mgmt' is clicked on

2019-05-27 10:03:14 - [TEST_STEP][PASSED] - waitForElementVisible: Object 'Object Repository/ADMIN/Categories/Category List/button_Categories' is visible

2019-05-27 10:03:14 - [MESSAGE][WARNING] - Timeout '0' is invalid. Using default page load timeout: '30'

2019-05-27 10:03:15 - [MESSAGE][PASSED] - Object 'Object Repository/ADMIN/Categories/Category List/button_Categories' is visible

2019-05-27 10:03:15 - [TEST_STEP][PASSED] - click: Object: 'Object Repository/ADMIN/Categories/Category List/button_Categories' is clicked on

2019-05-27 10:03:16 - [MESSAGE][PASSED] - Object: 'Object Repository/ADMIN/Categories/Category List/button_Categories' is clicked on

2019-05-27 10:03:16 - [TEST_STEP][PASSED] - waitForPageLoad: Wait for page load successfully

2019-05-27 10:03:16 - [MESSAGE][WARNING] - Timeout '0' is invalid. Using default page load timeout: '30'

2019-05-27 10:03:16 - [MESSAGE][PASSED] - Wait for page load successfully

2019-05-27 10:03:16 - [TEST_STEP][PASSED] - click: Object: 'Object Repository/ADMIN/Categories/Category List/button_Add a Category' is clicked on

2019-05-27 10:03:17 - [MESSAGE][PASSED] - Object: 'Object Repository/ADMIN/Categories/Category List/button_Add a Category' is clicked on

2019-05-27 10:03:17 - [TEST_STEP][PASSED] - waitForElementPresent: Object 'Object Repository/ADMIN/Categories/Category/dropdown_Parent' is present

2019-05-27 10:03:17 - [MESSAGE][PASSED] - Object 'Object Repository/ADMIN/Categories/Category/dropdown_Parent' is present

2019-05-27 10:03:17 - [TEST_STEP][PASSED] - delay: Delayed 1 second(s)

2019-05-27 10:03:18 - [MESSAGE][PASSED] - Delayed 1 second(s)

2019-05-27 10:03:18 - [TEST_STEP][PASSED] - setText: Text 'Category 16' is set on object 'Object Repository/ADMIN/Categories/Category/textfield_Category Name'

2019-05-27 10:03:18 - [MESSAGE][PASSED] - Text 'Category 16' is set on object 'Object Repository/ADMIN/Categories/Category/textfield_Category Name'

2019-05-27 10:03:18 - [TEST_STEP][PASSED] - click: Object: 'Object Repository/ADMIN/Categories/Category/dropdown_Parent' is clicked on

2019-05-27 10:03:18 - [MESSAGE][PASSED] - Object: 'Object Repository/ADMIN/Categories/Category/dropdown_Parent' is clicked on

2019-05-27 10:03:18 - [TEST_STEP][PASSED] - delay: Delayed 2 second(s)

2019-05-27 10:03:20 - [MESSAGE][PASSED] - Delayed 2 second(s)

2019-05-27 10:03:20 - [TEST_STEP][PASSED] - click: Object: 'Object Repository/ADMIN/Categories/Category/dropdown_Parent' is clicked on

2019-05-27 10:03:21 - [MESSAGE][PASSED] - Object: 'Object Repository/ADMIN/Categories/Category/dropdown_Parent' is clicked on

2019-05-27 10:03:21 - [TEST_STEP][PASSED] - selectOptionByLabel: All options with label '-' are selected in object 'Object Repository/ADMIN/Categories/Category/dropdown_Parent' 

2019-05-27 10:03:21 - [MESSAGE][PASSED] - All options with label '-' are selected in object 'Object Repository/ADMIN/Categories/Category/dropdown_Parent' 

2019-05-27 10:03:21 - [TEST_STEP][PASSED] - click: Object: 'Object Repository/ADMIN/Categories/Category/button_Browse' is clicked on

2019-05-27 10:03:21 - [MESSAGE][PASSED] - Object: 'Object Repository/ADMIN/Categories/Category/button_Browse' is clicked on

2019-05-27 10:03:21 - [TEST_STEP][PASSED] - delay: Delayed 2 second(s)

2019-05-27 10:03:23 - [MESSAGE][PASSED] - Delayed 2 second(s)

2019-05-27 10:03:23 - [TEST_STEP][PASSED] - uploadFile: File 'C:\\Katalon\\Image\\pic5.jpg' sent to object: 'Object Repository/ADMIN/Categories/Category/image_input image'

2019-05-27 10:03:23 - [MESSAGE][PASSED] - File 'C:\\Katalon\\Image\\pic5.jpg' sent to object: 'Object Repository/ADMIN/Categories/Category/image_input image'

2019-05-27 10:03:23 - [TEST_STEP][PASSED] - waitForElementVisible: Object 'Object Repository/ADMIN/Categories/Category/button_upload check' is visible

2019-05-27 10:03:23 - [MESSAGE][WARNING] - Timeout '0' is invalid. Using default page load timeout: '30'

2019-05-27 10:03:23 - [MESSAGE][PASSED] - Object 'Object Repository/ADMIN/Categories/Category/button_upload check' is visible

2019-05-27 10:03:23 - [TEST_STEP][PASSED] - click: Object: 'Object Repository/ADMIN/Categories/Category/button_upload check' is clicked on

2019-05-27 10:03:23 - [MESSAGE][PASSED] - Object: 'Object Repository/ADMIN/Categories/Category/button_upload check' is clicked on

2019-05-27 10:03:23 - [TEST_STEP][PASSED] - click: Object: 'Object Repository/ADMIN/Categories/Category/button_upload save' is clicked on

2019-05-27 10:03:24 - [MESSAGE][PASSED] - Object: 'Object Repository/ADMIN/Categories/Category/button_upload save' is clicked on

2019-05-27 10:03:24 - [TEST_STEP][PASSED] - waitForElementVisible: Object 'Object Repository/ADMIN/Categories/Category/button_upload save' is visible

2019-05-27 10:03:24 - [MESSAGE][WARNING] - Timeout '0' is invalid. Using default page load timeout: '30'

2019-05-27 10:03:24 - [MESSAGE][PASSED] - Object 'Object Repository/ADMIN/Categories/Category/button_upload save' is visible

2019-05-27 10:03:24 - [TEST_STEP][PASSED] - setText: Text 'Description90' is set on object 'Object Repository/ADMIN/Categories/Category/textfield_category_description'

2019-05-27 10:03:26 - [MESSAGE][PASSED] - Text 'Description90' is set on object 'Object Repository/ADMIN/Categories/Category/textfield_category_description'

2019-05-27 10:03:26 - [TEST_STEP][PASSED] - click: Object: 'Object Repository/ADMIN/Categories/Category/button_Save' is clicked on

2019-05-27 10:03:28 - [MESSAGE][PASSED] - Object: 'Object Repository/ADMIN/Categories/Category/button_Save' is clicked on

2019-05-27 10:03:28 - [TEST_STEP][PASSED] - waitForElementVisible: Object 'Object Repository/ADMIN/Categories/Category/label_edit popup' is visible

2019-05-27 10:03:28 - [MESSAGE][WARNING] - Timeout '0' is invalid. Using default page load timeout: '30'

2019-05-27 10:03:28 - [MESSAGE][PASSED] - Object 'Object Repository/ADMIN/Categories/Category/label_edit popup' is visible

2019-05-27 10:03:28 - [TEST_STEP][PASSED] - waitForElementNotPresent: Web element with id: 'Object Repository/ADMIN/Categories/Category/label_edit popup' located by 'By.xpath: //div[(text() = 'Category was successfully saved.' or . = 'Category was successfully saved.')]' is not present after '30' second(s)

2019-05-27 10:03:28 - [MESSAGE][WARNING] - Timeout '0' is invalid. Using default page load timeout: '30'

2019-05-27 10:03:34 - [MESSAGE][PASSED] - Web element with id: 'Object Repository/ADMIN/Categories/Category/label_edit popup' located by 'By.xpath: //div[(text() = 'Category was successfully saved.' or . = 'Category was successfully saved.')]' is not present after '30' second(s)]]></system-out>
         <system-err><![CDATA[]]></system-err>
      </testcase>
      <testcase name="Test Cases/ADMIN/Content Mgmt/Categories/Category Add-Edit/Add Category" classname="Test Cases/ADMIN/Content Mgmt/Categories/Category Add-Edit/Add Category" status="PASSED">
         <system-out><![CDATA[2019-05-27 10:03:34 - [TEST_CASE][PASSED] - Test Cases/ADMIN/Content Mgmt/Categories/Category Add-Edit/Add Category: Test Cases/ADMIN/Content Mgmt/Categories/Category Add-Edit/Add Category

2019-05-27 10:03:34 - [TEST_STEP][PASSED] - waitForElementVisible: Object 'Object Repository/ADMIN/Categories/Category List/button_Content Mgmt' is visible

2019-05-27 10:03:34 - [MESSAGE][WARNING] - Timeout '0' is invalid. Using default page load timeout: '30'

2019-05-27 10:03:34 - [MESSAGE][PASSED] - Object 'Object Repository/ADMIN/Categories/Category List/button_Content Mgmt' is visible

2019-05-27 10:03:34 - [TEST_STEP][PASSED] - click: Object: 'Object Repository/ADMIN/Categories/Category List/button_Content Mgmt' is clicked on

2019-05-27 10:03:35 - [MESSAGE][PASSED] - Object: 'Object Repository/ADMIN/Categories/Category List/button_Content Mgmt' is clicked on

2019-05-27 10:03:35 - [TEST_STEP][PASSED] - waitForElementVisible: Object 'Object Repository/ADMIN/Categories/Category List/button_Categories' is visible

2019-05-27 10:03:35 - [MESSAGE][WARNING] - Timeout '0' is invalid. Using default page load timeout: '30'

2019-05-27 10:03:36 - [MESSAGE][PASSED] - Object 'Object Repository/ADMIN/Categories/Category List/button_Categories' is visible

2019-05-27 10:03:36 - [TEST_STEP][PASSED] - click: Object: 'Object Repository/ADMIN/Categories/Category List/button_Categories' is clicked on

2019-05-27 10:03:37 - [MESSAGE][PASSED] - Object: 'Object Repository/ADMIN/Categories/Category List/button_Categories' is clicked on

2019-05-27 10:03:37 - [TEST_STEP][PASSED] - waitForPageLoad: Wait for page load successfully

2019-05-27 10:03:37 - [MESSAGE][WARNING] - Timeout '0' is invalid. Using default page load timeout: '30'

2019-05-27 10:03:37 - [MESSAGE][PASSED] - Wait for page load successfully

2019-05-27 10:03:37 - [TEST_STEP][PASSED] - click: Object: 'Object Repository/ADMIN/Categories/Category List/button_Add a Category' is clicked on

2019-05-27 10:03:37 - [MESSAGE][PASSED] - Object: 'Object Repository/ADMIN/Categories/Category List/button_Add a Category' is clicked on

2019-05-27 10:03:37 - [TEST_STEP][PASSED] - waitForElementPresent: Object 'Object Repository/ADMIN/Categories/Category/dropdown_Parent' is present

2019-05-27 10:03:38 - [MESSAGE][PASSED] - Object 'Object Repository/ADMIN/Categories/Category/dropdown_Parent' is present

2019-05-27 10:03:38 - [TEST_STEP][PASSED] - delay: Delayed 1 second(s)

2019-05-27 10:03:39 - [MESSAGE][PASSED] - Delayed 1 second(s)

2019-05-27 10:03:39 - [TEST_STEP][PASSED] - setText: Text 'Category 17' is set on object 'Object Repository/ADMIN/Categories/Category/textfield_Category Name'

2019-05-27 10:03:40 - [MESSAGE][PASSED] - Text 'Category 17' is set on object 'Object Repository/ADMIN/Categories/Category/textfield_Category Name'

2019-05-27 10:03:40 - [TEST_STEP][PASSED] - click: Object: 'Object Repository/ADMIN/Categories/Category/dropdown_Parent' is clicked on

2019-05-27 10:03:40 - [MESSAGE][PASSED] - Object: 'Object Repository/ADMIN/Categories/Category/dropdown_Parent' is clicked on

2019-05-27 10:03:40 - [TEST_STEP][PASSED] - delay: Delayed 2 second(s)

2019-05-27 10:03:42 - [MESSAGE][PASSED] - Delayed 2 second(s)

2019-05-27 10:03:42 - [TEST_STEP][PASSED] - click: Object: 'Object Repository/ADMIN/Categories/Category/dropdown_Parent' is clicked on

2019-05-27 10:03:43 - [MESSAGE][PASSED] - Object: 'Object Repository/ADMIN/Categories/Category/dropdown_Parent' is clicked on

2019-05-27 10:03:43 - [TEST_STEP][PASSED] - selectOptionByLabel: All options with label '-' are selected in object 'Object Repository/ADMIN/Categories/Category/dropdown_Parent' 

2019-05-27 10:03:43 - [MESSAGE][PASSED] - All options with label '-' are selected in object 'Object Repository/ADMIN/Categories/Category/dropdown_Parent' 

2019-05-27 10:03:43 - [TEST_STEP][PASSED] - click: Object: 'Object Repository/ADMIN/Categories/Category/button_Browse' is clicked on

2019-05-27 10:03:43 - [MESSAGE][PASSED] - Object: 'Object Repository/ADMIN/Categories/Category/button_Browse' is clicked on

2019-05-27 10:03:43 - [TEST_STEP][PASSED] - delay: Delayed 2 second(s)

2019-05-27 10:03:45 - [MESSAGE][PASSED] - Delayed 2 second(s)

2019-05-27 10:03:45 - [TEST_STEP][PASSED] - uploadFile: File 'C:\\Katalon\\Image\\pic6.jpg' sent to object: 'Object Repository/ADMIN/Categories/Category/image_input image'

2019-05-27 10:03:45 - [MESSAGE][PASSED] - File 'C:\\Katalon\\Image\\pic6.jpg' sent to object: 'Object Repository/ADMIN/Categories/Category/image_input image'

2019-05-27 10:03:45 - [TEST_STEP][PASSED] - waitForElementVisible: Object 'Object Repository/ADMIN/Categories/Category/button_upload check' is visible

2019-05-27 10:03:45 - [MESSAGE][WARNING] - Timeout '0' is invalid. Using default page load timeout: '30'

2019-05-27 10:03:45 - [MESSAGE][PASSED] - Object 'Object Repository/ADMIN/Categories/Category/button_upload check' is visible

2019-05-27 10:03:45 - [TEST_STEP][PASSED] - click: Object: 'Object Repository/ADMIN/Categories/Category/button_upload check' is clicked on

2019-05-27 10:03:46 - [MESSAGE][PASSED] - Object: 'Object Repository/ADMIN/Categories/Category/button_upload check' is clicked on

2019-05-27 10:03:46 - [TEST_STEP][PASSED] - click: Object: 'Object Repository/ADMIN/Categories/Category/button_upload save' is clicked on

2019-05-27 10:03:46 - [MESSAGE][PASSED] - Object: 'Object Repository/ADMIN/Categories/Category/button_upload save' is clicked on

2019-05-27 10:03:46 - [TEST_STEP][PASSED] - waitForElementVisible: Web element with id: 'Object Repository/ADMIN/Categories/Category/button_upload save' located by 'By.xpath: //a[@class = 'btn btn-warning download' and (text() = ' Add Photo' or . = ' Add Photo')]' not found

2019-05-27 10:03:46 - [MESSAGE][WARNING] - Timeout '0' is invalid. Using default page load timeout: '30'

2019-05-27 10:04:22 - [MESSAGE][WARNING] - Web element with id: 'Object Repository/ADMIN/Categories/Category/button_upload save' located by 'By.xpath: //a[@class = 'btn btn-warning download' and (text() = ' Add Photo' or . = ' Add Photo')]' not found

2019-05-27 10:04:22 - [TEST_STEP][PASSED] - setText: Text 'Description91' is set on object 'Object Repository/ADMIN/Categories/Category/textfield_category_description'

2019-05-27 10:04:22 - [MESSAGE][PASSED] - Text 'Description91' is set on object 'Object Repository/ADMIN/Categories/Category/textfield_category_description'

2019-05-27 10:04:22 - [TEST_STEP][PASSED] - click: Object: 'Object Repository/ADMIN/Categories/Category/button_Save' is clicked on

2019-05-27 10:04:23 - [MESSAGE][PASSED] - Object: 'Object Repository/ADMIN/Categories/Category/button_Save' is clicked on

2019-05-27 10:04:23 - [TEST_STEP][PASSED] - waitForElementVisible: Object 'Object Repository/ADMIN/Categories/Category/label_edit popup' is visible

2019-05-27 10:04:23 - [MESSAGE][WARNING] - Timeout '0' is invalid. Using default page load timeout: '30'

2019-05-27 10:04:23 - [MESSAGE][PASSED] - Object 'Object Repository/ADMIN/Categories/Category/label_edit popup' is visible

2019-05-27 10:04:23 - [TEST_STEP][PASSED] - waitForElementNotPresent: Web element with id: 'Object Repository/ADMIN/Categories/Category/label_edit popup' located by 'By.xpath: //div[(text() = 'Category was successfully saved.' or . = 'Category was successfully saved.')]' is not present after '30' second(s)

2019-05-27 10:04:23 - [MESSAGE][WARNING] - Timeout '0' is invalid. Using default page load timeout: '30'

2019-05-27 10:04:29 - [MESSAGE][PASSED] - Web element with id: 'Object Repository/ADMIN/Categories/Category/label_edit popup' located by 'By.xpath: //div[(text() = 'Category was successfully saved.' or . = 'Category was successfully saved.')]' is not present after '30' second(s)]]></system-out>
         <system-err><![CDATA[]]></system-err>
      </testcase>
      <testcase name="Test Cases/ADMIN/Content Mgmt/Categories/Category Add-Edit/Add Category" classname="Test Cases/ADMIN/Content Mgmt/Categories/Category Add-Edit/Add Category" status="PASSED">
         <system-out><![CDATA[2019-05-27 10:04:29 - [TEST_CASE][PASSED] - Test Cases/ADMIN/Content Mgmt/Categories/Category Add-Edit/Add Category: Test Cases/ADMIN/Content Mgmt/Categories/Category Add-Edit/Add Category

2019-05-27 10:04:29 - [TEST_STEP][PASSED] - waitForElementVisible: Object 'Object Repository/ADMIN/Categories/Category List/button_Content Mgmt' is visible

2019-05-27 10:04:29 - [MESSAGE][WARNING] - Timeout '0' is invalid. Using default page load timeout: '30'

2019-05-27 10:04:29 - [MESSAGE][PASSED] - Object 'Object Repository/ADMIN/Categories/Category List/button_Content Mgmt' is visible

2019-05-27 10:04:29 - [TEST_STEP][PASSED] - click: Object: 'Object Repository/ADMIN/Categories/Category List/button_Content Mgmt' is clicked on

2019-05-27 10:04:30 - [MESSAGE][PASSED] - Object: 'Object Repository/ADMIN/Categories/Category List/button_Content Mgmt' is clicked on

2019-05-27 10:04:30 - [TEST_STEP][PASSED] - waitForElementVisible: Object 'Object Repository/ADMIN/Categories/Category List/button_Categories' is visible

2019-05-27 10:04:30 - [MESSAGE][WARNING] - Timeout '0' is invalid. Using default page load timeout: '30'

2019-05-27 10:04:31 - [MESSAGE][PASSED] - Object 'Object Repository/ADMIN/Categories/Category List/button_Categories' is visible

2019-05-27 10:04:31 - [TEST_STEP][PASSED] - click: Object: 'Object Repository/ADMIN/Categories/Category List/button_Categories' is clicked on

2019-05-27 10:04:33 - [MESSAGE][PASSED] - Object: 'Object Repository/ADMIN/Categories/Category List/button_Categories' is clicked on

2019-05-27 10:04:33 - [TEST_STEP][PASSED] - waitForPageLoad: Wait for page load successfully

2019-05-27 10:04:33 - [MESSAGE][WARNING] - Timeout '0' is invalid. Using default page load timeout: '30'

2019-05-27 10:04:33 - [MESSAGE][PASSED] - Wait for page load successfully

2019-05-27 10:04:33 - [TEST_STEP][PASSED] - click: Object: 'Object Repository/ADMIN/Categories/Category List/button_Add a Category' is clicked on

2019-05-27 10:04:33 - [MESSAGE][PASSED] - Object: 'Object Repository/ADMIN/Categories/Category List/button_Add a Category' is clicked on

2019-05-27 10:04:33 - [TEST_STEP][PASSED] - waitForElementPresent: Object 'Object Repository/ADMIN/Categories/Category/dropdown_Parent' is present

2019-05-27 10:04:33 - [MESSAGE][PASSED] - Object 'Object Repository/ADMIN/Categories/Category/dropdown_Parent' is present

2019-05-27 10:04:33 - [TEST_STEP][PASSED] - delay: Delayed 1 second(s)

2019-05-27 10:04:34 - [MESSAGE][PASSED] - Delayed 1 second(s)

2019-05-27 10:04:34 - [TEST_STEP][PASSED] - setText: Text 'Category 18' is set on object 'Object Repository/ADMIN/Categories/Category/textfield_Category Name'

2019-05-27 10:04:34 - [MESSAGE][PASSED] - Text 'Category 18' is set on object 'Object Repository/ADMIN/Categories/Category/textfield_Category Name'

2019-05-27 10:04:34 - [TEST_STEP][PASSED] - click: Object: 'Object Repository/ADMIN/Categories/Category/dropdown_Parent' is clicked on

2019-05-27 10:04:35 - [MESSAGE][PASSED] - Object: 'Object Repository/ADMIN/Categories/Category/dropdown_Parent' is clicked on

2019-05-27 10:04:35 - [TEST_STEP][PASSED] - delay: Delayed 2 second(s)

2019-05-27 10:04:37 - [MESSAGE][PASSED] - Delayed 2 second(s)

2019-05-27 10:04:37 - [TEST_STEP][PASSED] - click: Object: 'Object Repository/ADMIN/Categories/Category/dropdown_Parent' is clicked on

2019-05-27 10:04:37 - [MESSAGE][PASSED] - Object: 'Object Repository/ADMIN/Categories/Category/dropdown_Parent' is clicked on

2019-05-27 10:04:37 - [TEST_STEP][PASSED] - selectOptionByLabel: All options with label '-' are selected in object 'Object Repository/ADMIN/Categories/Category/dropdown_Parent' 

2019-05-27 10:04:37 - [MESSAGE][PASSED] - All options with label '-' are selected in object 'Object Repository/ADMIN/Categories/Category/dropdown_Parent' 

2019-05-27 10:04:37 - [TEST_STEP][PASSED] - click: Object: 'Object Repository/ADMIN/Categories/Category/button_Browse' is clicked on

2019-05-27 10:04:37 - [MESSAGE][PASSED] - Object: 'Object Repository/ADMIN/Categories/Category/button_Browse' is clicked on

2019-05-27 10:04:37 - [TEST_STEP][PASSED] - delay: Delayed 2 second(s)

2019-05-27 10:04:39 - [MESSAGE][PASSED] - Delayed 2 second(s)

2019-05-27 10:04:39 - [TEST_STEP][PASSED] - uploadFile: File 'C:\\Katalon\\Image\\pic7.jpg' sent to object: 'Object Repository/ADMIN/Categories/Category/image_input image'

2019-05-27 10:04:40 - [MESSAGE][PASSED] - File 'C:\\Katalon\\Image\\pic7.jpg' sent to object: 'Object Repository/ADMIN/Categories/Category/image_input image'

2019-05-27 10:04:40 - [TEST_STEP][PASSED] - waitForElementVisible: Object 'Object Repository/ADMIN/Categories/Category/button_upload check' is visible

2019-05-27 10:04:40 - [MESSAGE][WARNING] - Timeout '0' is invalid. Using default page load timeout: '30'

2019-05-27 10:04:40 - [MESSAGE][PASSED] - Object 'Object Repository/ADMIN/Categories/Category/button_upload check' is visible

2019-05-27 10:04:40 - [TEST_STEP][PASSED] - click: Object: 'Object Repository/ADMIN/Categories/Category/button_upload check' is clicked on

2019-05-27 10:04:40 - [MESSAGE][PASSED] - Object: 'Object Repository/ADMIN/Categories/Category/button_upload check' is clicked on

2019-05-27 10:04:40 - [TEST_STEP][PASSED] - click: Object: 'Object Repository/ADMIN/Categories/Category/button_upload save' is clicked on

2019-05-27 10:04:40 - [MESSAGE][PASSED] - Object: 'Object Repository/ADMIN/Categories/Category/button_upload save' is clicked on

2019-05-27 10:04:40 - [TEST_STEP][PASSED] - waitForElementVisible: Web element with id: 'Object Repository/ADMIN/Categories/Category/button_upload save' located by 'By.xpath: //a[@class = 'btn btn-warning download' and (text() = ' Add Photo' or . = ' Add Photo')]' not found

2019-05-27 10:04:40 - [MESSAGE][WARNING] - Timeout '0' is invalid. Using default page load timeout: '30'

2019-05-27 10:05:15 - [MESSAGE][WARNING] - Web element with id: 'Object Repository/ADMIN/Categories/Category/button_upload save' located by 'By.xpath: //a[@class = 'btn btn-warning download' and (text() = ' Add Photo' or . = ' Add Photo')]' not found

2019-05-27 10:05:15 - [TEST_STEP][PASSED] - setText: Text 'Description92' is set on object 'Object Repository/ADMIN/Categories/Category/textfield_category_description'

2019-05-27 10:05:15 - [MESSAGE][PASSED] - Text 'Description92' is set on object 'Object Repository/ADMIN/Categories/Category/textfield_category_description'

2019-05-27 10:05:15 - [TEST_STEP][PASSED] - click: Object: 'Object Repository/ADMIN/Categories/Category/button_Save' is clicked on

2019-05-27 10:05:16 - [MESSAGE][PASSED] - Object: 'Object Repository/ADMIN/Categories/Category/button_Save' is clicked on

2019-05-27 10:05:16 - [TEST_STEP][PASSED] - waitForElementVisible: Object 'Object Repository/ADMIN/Categories/Category/label_edit popup' is visible

2019-05-27 10:05:16 - [MESSAGE][WARNING] - Timeout '0' is invalid. Using default page load timeout: '30'

2019-05-27 10:05:16 - [MESSAGE][PASSED] - Object 'Object Repository/ADMIN/Categories/Category/label_edit popup' is visible

2019-05-27 10:05:16 - [TEST_STEP][PASSED] - waitForElementNotPresent: Web element with id: 'Object Repository/ADMIN/Categories/Category/label_edit popup' located by 'By.xpath: //div[(text() = 'Category was successfully saved.' or . = 'Category was successfully saved.')]' is not present after '30' second(s)

2019-05-27 10:05:16 - [MESSAGE][WARNING] - Timeout '0' is invalid. Using default page load timeout: '30'

2019-05-27 10:05:22 - [MESSAGE][PASSED] - Web element with id: 'Object Repository/ADMIN/Categories/Category/label_edit popup' located by 'By.xpath: //div[(text() = 'Category was successfully saved.' or . = 'Category was successfully saved.')]' is not present after '30' second(s)]]></system-out>
         <system-err><![CDATA[]]></system-err>
      </testcase>
      <testcase name="Test Cases/ADMIN/Content Mgmt/Categories/Category Add-Edit/Add Category" classname="Test Cases/ADMIN/Content Mgmt/Categories/Category Add-Edit/Add Category" status="FAILED">
         <failure type="FAILED" message="Unable to click on object 'Object Repository/ADMIN/Categories/Category List/button_Categories' (Root cause: org.openqa.selenium.ElementNotVisibleException: element not visible
  (Session info: chrome=74.0.3729.169)
  (Driver info: chromedriver=2.35.528161 (5b82f2d2aae0ca24b877009200ced9065a772e73),platform=Windows NT 6.1.7601 SP1 x86_64) (WARNING: The server did not provide any stacktrace information)
Command duration or timeout: 0 milliseconds
Build info: version: '3.7.1', revision: '8a0099a', time: '2017-11-06T21:07:36.161Z'
System info: host: 'ARCADIER-PC', ip: '10.10.31.95', os.name: 'Windows 7', os.arch: 'amd64', os.version: '6.1', java.version: '1.8.0_102'
Driver info: com.kms.katalon.core.webui.driver.ExistingRemoteWebDriver
Capabilities {javascriptEnabled: true, platform: ANY, platformName: ANY}
Session ID: f912d58d04e0ea049492dcdbe1240f08)"/>
         <system-out><![CDATA[2019-05-27 10:05:22 - [TEST_CASE][FAILED] - Test Cases/ADMIN/Content Mgmt/Categories/Category Add-Edit/Add Category: Test Cases/ADMIN/Content Mgmt/Categories/Category Add-Edit/Add Category FAILED because (of) Unable to click on object 'Object Repository/ADMIN/Categories/Category List/button_Categories' (Root cause: org.openqa.selenium.ElementNotVisibleException: element not visible
  (Session info: chrome=74.0.3729.169)
  (Driver info: chromedriver=2.35.528161 (5b82f2d2aae0ca24b877009200ced9065a772e73),platform=Windows NT 6.1.7601 SP1 x86_64) (WARNING: The server did not provide any stacktrace information)
Command duration or timeout: 0 milliseconds
Build info: version: '3.7.1', revision: '8a0099a', time: '2017-11-06T21:07:36.161Z'
System info: host: 'ARCADIER-PC', ip: '10.10.31.95', os.name: 'Windows 7', os.arch: 'amd64', os.version: '6.1', java.version: '1.8.0_102'
Driver info: com.kms.katalon.core.webui.driver.ExistingRemoteWebDriver
Capabilities {javascriptEnabled: true, platform: ANY, platformName: ANY}
Session ID: f912d58d04e0ea049492dcdbe1240f08)

2019-05-27 10:05:22 - [TEST_STEP][PASSED] - waitForElementVisible: Object 'Object Repository/ADMIN/Categories/Category List/button_Content Mgmt' is visible

2019-05-27 10:05:22 - [MESSAGE][WARNING] - Timeout '0' is invalid. Using default page load timeout: '30'

2019-05-27 10:05:22 - [MESSAGE][PASSED] - Object 'Object Repository/ADMIN/Categories/Category List/button_Content Mgmt' is visible

2019-05-27 10:05:22 - [TEST_STEP][PASSED] - click: Object: 'Object Repository/ADMIN/Categories/Category List/button_Content Mgmt' is clicked on

2019-05-27 10:05:23 - [MESSAGE][PASSED] - Object: 'Object Repository/ADMIN/Categories/Category List/button_Content Mgmt' is clicked on

2019-05-27 10:05:23 - [TEST_STEP][PASSED] - waitForElementVisible: Object 'Object Repository/ADMIN/Categories/Category List/button_Categories' is visible

2019-05-27 10:05:23 - [MESSAGE][WARNING] - Timeout '0' is invalid. Using default page load timeout: '30'

2019-05-27 10:05:23 - [MESSAGE][PASSED] - Object 'Object Repository/ADMIN/Categories/Category List/button_Categories' is visible

2019-05-27 10:05:23 - [TEST_STEP][FAILED] - click: Unable to click on object 'Object Repository/ADMIN/Categories/Category List/button_Categories' (Root cause: org.openqa.selenium.ElementNotVisibleException: element not visible
  (Session info: chrome=74.0.3729.169)
  (Driver info: chromedriver=2.35.528161 (5b82f2d2aae0ca24b877009200ced9065a772e73),platform=Windows NT 6.1.7601 SP1 x86_64) (WARNING: The server did not provide any stacktrace information)
Command duration or timeout: 0 milliseconds
Build info: version: '3.7.1', revision: '8a0099a', time: '2017-11-06T21:07:36.161Z'
System info: host: 'ARCADIER-PC', ip: '10.10.31.95', os.name: 'Windows 7', os.arch: 'amd64', os.version: '6.1', java.version: '1.8.0_102'
Driver info: com.kms.katalon.core.webui.driver.ExistingRemoteWebDriver
Capabilities {javascriptEnabled: true, platform: ANY, platformName: ANY}
Session ID: f912d58d04e0ea049492dcdbe1240f08)

2019-05-27 10:05:23 - [MESSAGE][FAILED] - Unable to click on object 'Object Repository/ADMIN/Categories/Category List/button_Categories' (Root cause: org.openqa.selenium.ElementNotVisibleException: element not visible
  (Session info: chrome=74.0.3729.169)
  (Driver info: chromedriver=2.35.528161 (5b82f2d2aae0ca24b877009200ced9065a772e73),platform=Windows NT 6.1.7601 SP1 x86_64) (WARNING: The server did not provide any stacktrace information)
Command duration or timeout: 0 milliseconds
Build info: version: '3.7.1', revision: '8a0099a', time: '2017-11-06T21:07:36.161Z'
System info: host: 'ARCADIER-PC', ip: '10.10.31.95', os.name: 'Windows 7', os.arch: 'amd64', os.version: '6.1', java.version: '1.8.0_102'
Driver info: com.kms.katalon.core.webui.driver.ExistingRemoteWebDriver
Capabilities {javascriptEnabled: true, platform: ANY, platformName: ANY}
Session ID: f912d58d04e0ea049492dcdbe1240f08)
[[ATTACHMENT|C:\\Users\\Arcadier\\git\\Arctick\\Reports\\Suites\\Admin Category\\20190527_092604\\1558922723199.png]]

2019-05-27 10:05:23 - [TEST_STEP][PASSED] - waitForPageLoad: Wait for page load successfully

2019-05-27 10:05:23 - [MESSAGE][WARNING] - Timeout '0' is invalid. Using default page load timeout: '30'

2019-05-27 10:05:23 - [MESSAGE][PASSED] - Wait for page load successfully

2019-05-27 10:05:24 - [TEST_STEP][PASSED] - click: Object: 'Object Repository/ADMIN/Categories/Category List/button_Add a Category' is clicked on

2019-05-27 10:05:24 - [MESSAGE][PASSED] - Object: 'Object Repository/ADMIN/Categories/Category List/button_Add a Category' is clicked on

2019-05-27 10:05:24 - [TEST_STEP][PASSED] - waitForElementPresent: Object 'Object Repository/ADMIN/Categories/Category/dropdown_Parent' is present

2019-05-27 10:05:24 - [MESSAGE][PASSED] - Object 'Object Repository/ADMIN/Categories/Category/dropdown_Parent' is present

2019-05-27 10:05:24 - [TEST_STEP][PASSED] - delay: Delayed 1 second(s)

2019-05-27 10:05:25 - [MESSAGE][PASSED] - Delayed 1 second(s)

2019-05-27 10:05:25 - [TEST_STEP][PASSED] - setText: Text 'Category 19' is set on object 'Object Repository/ADMIN/Categories/Category/textfield_Category Name'

2019-05-27 10:05:26 - [MESSAGE][PASSED] - Text 'Category 19' is set on object 'Object Repository/ADMIN/Categories/Category/textfield_Category Name'

2019-05-27 10:05:26 - [TEST_STEP][PASSED] - click: Object: 'Object Repository/ADMIN/Categories/Category/dropdown_Parent' is clicked on

2019-05-27 10:05:26 - [MESSAGE][PASSED] - Object: 'Object Repository/ADMIN/Categories/Category/dropdown_Parent' is clicked on

2019-05-27 10:05:27 - [TEST_STEP][PASSED] - delay: Delayed 2 second(s)

2019-05-27 10:05:29 - [MESSAGE][PASSED] - Delayed 2 second(s)

2019-05-27 10:05:29 - [TEST_STEP][PASSED] - click: Object: 'Object Repository/ADMIN/Categories/Category/dropdown_Parent' is clicked on

2019-05-27 10:05:29 - [MESSAGE][PASSED] - Object: 'Object Repository/ADMIN/Categories/Category/dropdown_Parent' is clicked on

2019-05-27 10:05:29 - [TEST_STEP][PASSED] - selectOptionByLabel: All options with label '-' are selected in object 'Object Repository/ADMIN/Categories/Category/dropdown_Parent' 

2019-05-27 10:05:29 - [MESSAGE][PASSED] - All options with label '-' are selected in object 'Object Repository/ADMIN/Categories/Category/dropdown_Parent' 

2019-05-27 10:05:29 - [TEST_STEP][PASSED] - click: Object: 'Object Repository/ADMIN/Categories/Category/button_Browse' is clicked on

2019-05-27 10:05:30 - [MESSAGE][PASSED] - Object: 'Object Repository/ADMIN/Categories/Category/button_Browse' is clicked on

2019-05-27 10:05:30 - [TEST_STEP][PASSED] - delay: Delayed 2 second(s)

2019-05-27 10:05:32 - [MESSAGE][PASSED] - Delayed 2 second(s)

2019-05-27 10:05:32 - [TEST_STEP][PASSED] - uploadFile: File 'C:\\Katalon\\Image\\pic8.jpg' sent to object: 'Object Repository/ADMIN/Categories/Category/image_input image'

2019-05-27 10:05:32 - [MESSAGE][PASSED] - File 'C:\\Katalon\\Image\\pic8.jpg' sent to object: 'Object Repository/ADMIN/Categories/Category/image_input image'

2019-05-27 10:05:32 - [TEST_STEP][PASSED] - waitForElementVisible: Object 'Object Repository/ADMIN/Categories/Category/button_upload check' is visible

2019-05-27 10:05:32 - [MESSAGE][WARNING] - Timeout '0' is invalid. Using default page load timeout: '30'

2019-05-27 10:05:32 - [MESSAGE][PASSED] - Object 'Object Repository/ADMIN/Categories/Category/button_upload check' is visible

2019-05-27 10:05:32 - [TEST_STEP][PASSED] - click: Object: 'Object Repository/ADMIN/Categories/Category/button_upload check' is clicked on

2019-05-27 10:05:32 - [MESSAGE][PASSED] - Object: 'Object Repository/ADMIN/Categories/Category/button_upload check' is clicked on

2019-05-27 10:05:32 - [TEST_STEP][PASSED] - click: Object: 'Object Repository/ADMIN/Categories/Category/button_upload save' is clicked on

2019-05-27 10:05:32 - [MESSAGE][PASSED] - Object: 'Object Repository/ADMIN/Categories/Category/button_upload save' is clicked on

2019-05-27 10:05:34 - [TEST_STEP][PASSED] - waitForElementVisible: Web element with id: 'Object Repository/ADMIN/Categories/Category/button_upload save' located by 'By.xpath: //a[@class = 'btn btn-warning download' and (text() = ' Add Photo' or . = ' Add Photo')]' not found

2019-05-27 10:05:34 - [MESSAGE][WARNING] - Timeout '0' is invalid. Using default page load timeout: '30'

2019-05-27 10:06:07 - [MESSAGE][WARNING] - Web element with id: 'Object Repository/ADMIN/Categories/Category/button_upload save' located by 'By.xpath: //a[@class = 'btn btn-warning download' and (text() = ' Add Photo' or . = ' Add Photo')]' not found

2019-05-27 10:06:07 - [TEST_STEP][PASSED] - setText: Text 'Description93' is set on object 'Object Repository/ADMIN/Categories/Category/textfield_category_description'

2019-05-27 10:06:08 - [MESSAGE][PASSED] - Text 'Description93' is set on object 'Object Repository/ADMIN/Categories/Category/textfield_category_description'

2019-05-27 10:06:08 - [TEST_STEP][PASSED] - click: Object: 'Object Repository/ADMIN/Categories/Category/button_Save' is clicked on

2019-05-27 10:06:08 - [MESSAGE][PASSED] - Object: 'Object Repository/ADMIN/Categories/Category/button_Save' is clicked on

2019-05-27 10:06:08 - [TEST_STEP][PASSED] - waitForElementVisible: Object 'Object Repository/ADMIN/Categories/Category/label_edit popup' is visible

2019-05-27 10:06:08 - [MESSAGE][WARNING] - Timeout '0' is invalid. Using default page load timeout: '30'

2019-05-27 10:06:09 - [MESSAGE][PASSED] - Object 'Object Repository/ADMIN/Categories/Category/label_edit popup' is visible

2019-05-27 10:06:09 - [TEST_STEP][PASSED] - waitForElementNotPresent: Web element with id: 'Object Repository/ADMIN/Categories/Category/label_edit popup' located by 'By.xpath: //div[(text() = 'Category was successfully saved.' or . = 'Category was successfully saved.')]' is not present after '30' second(s)

2019-05-27 10:06:09 - [MESSAGE][WARNING] - Timeout '0' is invalid. Using default page load timeout: '30'

2019-05-27 10:06:15 - [MESSAGE][PASSED] - Web element with id: 'Object Repository/ADMIN/Categories/Category/label_edit popup' located by 'By.xpath: //div[(text() = 'Category was successfully saved.' or . = 'Category was successfully saved.')]' is not present after '30' second(s)]]></system-out>
         <system-err><![CDATA[2019-05-27 10:05:22 - [TEST_CASE][FAILED] - Test Cases/ADMIN/Content Mgmt/Categories/Category Add-Edit/Add Category: Test Cases/ADMIN/Content Mgmt/Categories/Category Add-Edit/Add Category FAILED because (of) Unable to click on object 'Object Repository/ADMIN/Categories/Category List/button_Categories' (Root cause: org.openqa.selenium.ElementNotVisibleException: element not visible
  (Session info: chrome=74.0.3729.169)
  (Driver info: chromedriver=2.35.528161 (5b82f2d2aae0ca24b877009200ced9065a772e73),platform=Windows NT 6.1.7601 SP1 x86_64) (WARNING: The server did not provide any stacktrace information)
Command duration or timeout: 0 milliseconds
Build info: version: '3.7.1', revision: '8a0099a', time: '2017-11-06T21:07:36.161Z'
System info: host: 'ARCADIER-PC', ip: '10.10.31.95', os.name: 'Windows 7', os.arch: 'amd64', os.version: '6.1', java.version: '1.8.0_102'
Driver info: com.kms.katalon.core.webui.driver.ExistingRemoteWebDriver
Capabilities {javascriptEnabled: true, platform: ANY, platformName: ANY}
Session ID: f912d58d04e0ea049492dcdbe1240f08)]]></system-err>
      </testcase>
      <testcase name="Test Cases/ADMIN/Content Mgmt/Categories/Category Add-Edit/Add Category" classname="Test Cases/ADMIN/Content Mgmt/Categories/Category Add-Edit/Add Category" status="FAILED">
         <failure type="FAILED" message="Unable to click on object 'Object Repository/ADMIN/Categories/Category List/button_Categories' (Root cause: org.openqa.selenium.ElementNotVisibleException: element not visible
  (Session info: chrome=74.0.3729.169)
  (Driver info: chromedriver=2.35.528161 (5b82f2d2aae0ca24b877009200ced9065a772e73),platform=Windows NT 6.1.7601 SP1 x86_64) (WARNING: The server did not provide any stacktrace information)
Command duration or timeout: 0 milliseconds
Build info: version: '3.7.1', revision: '8a0099a', time: '2017-11-06T21:07:36.161Z'
System info: host: 'ARCADIER-PC', ip: '10.10.31.95', os.name: 'Windows 7', os.arch: 'amd64', os.version: '6.1', java.version: '1.8.0_102'
Driver info: com.kms.katalon.core.webui.driver.ExistingRemoteWebDriver
Capabilities {javascriptEnabled: true, platform: ANY, platformName: ANY}
Session ID: f912d58d04e0ea049492dcdbe1240f08)"/>
         <system-out><![CDATA[2019-05-27 10:06:15 - [TEST_CASE][FAILED] - Test Cases/ADMIN/Content Mgmt/Categories/Category Add-Edit/Add Category: Test Cases/ADMIN/Content Mgmt/Categories/Category Add-Edit/Add Category FAILED because (of) Unable to click on object 'Object Repository/ADMIN/Categories/Category List/button_Categories' (Root cause: org.openqa.selenium.ElementNotVisibleException: element not visible
  (Session info: chrome=74.0.3729.169)
  (Driver info: chromedriver=2.35.528161 (5b82f2d2aae0ca24b877009200ced9065a772e73),platform=Windows NT 6.1.7601 SP1 x86_64) (WARNING: The server did not provide any stacktrace information)
Command duration or timeout: 0 milliseconds
Build info: version: '3.7.1', revision: '8a0099a', time: '2017-11-06T21:07:36.161Z'
System info: host: 'ARCADIER-PC', ip: '10.10.31.95', os.name: 'Windows 7', os.arch: 'amd64', os.version: '6.1', java.version: '1.8.0_102'
Driver info: com.kms.katalon.core.webui.driver.ExistingRemoteWebDriver
Capabilities {javascriptEnabled: true, platform: ANY, platformName: ANY}
Session ID: f912d58d04e0ea049492dcdbe1240f08)

2019-05-27 10:06:15 - [TEST_STEP][PASSED] - waitForElementVisible: Object 'Object Repository/ADMIN/Categories/Category List/button_Content Mgmt' is visible

2019-05-27 10:06:15 - [MESSAGE][WARNING] - Timeout '0' is invalid. Using default page load timeout: '30'

2019-05-27 10:06:15 - [MESSAGE][PASSED] - Object 'Object Repository/ADMIN/Categories/Category List/button_Content Mgmt' is visible

2019-05-27 10:06:15 - [TEST_STEP][PASSED] - click: Object: 'Object Repository/ADMIN/Categories/Category List/button_Content Mgmt' is clicked on

2019-05-27 10:06:15 - [MESSAGE][PASSED] - Object: 'Object Repository/ADMIN/Categories/Category List/button_Content Mgmt' is clicked on

2019-05-27 10:06:15 - [TEST_STEP][PASSED] - waitForElementVisible: Object 'Object Repository/ADMIN/Categories/Category List/button_Categories' is visible

2019-05-27 10:06:15 - [MESSAGE][WARNING] - Timeout '0' is invalid. Using default page load timeout: '30'

2019-05-27 10:06:15 - [MESSAGE][PASSED] - Object 'Object Repository/ADMIN/Categories/Category List/button_Categories' is visible

2019-05-27 10:06:15 - [TEST_STEP][FAILED] - click: Unable to click on object 'Object Repository/ADMIN/Categories/Category List/button_Categories' (Root cause: org.openqa.selenium.ElementNotVisibleException: element not visible
  (Session info: chrome=74.0.3729.169)
  (Driver info: chromedriver=2.35.528161 (5b82f2d2aae0ca24b877009200ced9065a772e73),platform=Windows NT 6.1.7601 SP1 x86_64) (WARNING: The server did not provide any stacktrace information)
Command duration or timeout: 0 milliseconds
Build info: version: '3.7.1', revision: '8a0099a', time: '2017-11-06T21:07:36.161Z'
System info: host: 'ARCADIER-PC', ip: '10.10.31.95', os.name: 'Windows 7', os.arch: 'amd64', os.version: '6.1', java.version: '1.8.0_102'
Driver info: com.kms.katalon.core.webui.driver.ExistingRemoteWebDriver
Capabilities {javascriptEnabled: true, platform: ANY, platformName: ANY}
Session ID: f912d58d04e0ea049492dcdbe1240f08)

2019-05-27 10:06:16 - [MESSAGE][FAILED] - Unable to click on object 'Object Repository/ADMIN/Categories/Category List/button_Categories' (Root cause: org.openqa.selenium.ElementNotVisibleException: element not visible
  (Session info: chrome=74.0.3729.169)
  (Driver info: chromedriver=2.35.528161 (5b82f2d2aae0ca24b877009200ced9065a772e73),platform=Windows NT 6.1.7601 SP1 x86_64) (WARNING: The server did not provide any stacktrace information)
Command duration or timeout: 0 milliseconds
Build info: version: '3.7.1', revision: '8a0099a', time: '2017-11-06T21:07:36.161Z'
System info: host: 'ARCADIER-PC', ip: '10.10.31.95', os.name: 'Windows 7', os.arch: 'amd64', os.version: '6.1', java.version: '1.8.0_102'
Driver info: com.kms.katalon.core.webui.driver.ExistingRemoteWebDriver
Capabilities {javascriptEnabled: true, platform: ANY, platformName: ANY}
Session ID: f912d58d04e0ea049492dcdbe1240f08)
[[ATTACHMENT|C:\\Users\\Arcadier\\git\\Arctick\\Reports\\Suites\\Admin Category\\20190527_092604\\1558922776207.png]]

2019-05-27 10:06:16 - [TEST_STEP][PASSED] - waitForPageLoad: Wait for page load successfully

2019-05-27 10:06:16 - [MESSAGE][WARNING] - Timeout '0' is invalid. Using default page load timeout: '30'

2019-05-27 10:06:16 - [MESSAGE][PASSED] - Wait for page load successfully

2019-05-27 10:06:16 - [TEST_STEP][PASSED] - click: Object: 'Object Repository/ADMIN/Categories/Category List/button_Add a Category' is clicked on

2019-05-27 10:06:16 - [MESSAGE][PASSED] - Object: 'Object Repository/ADMIN/Categories/Category List/button_Add a Category' is clicked on

2019-05-27 10:06:16 - [TEST_STEP][PASSED] - waitForElementPresent: Object 'Object Repository/ADMIN/Categories/Category/dropdown_Parent' is present

2019-05-27 10:06:17 - [MESSAGE][PASSED] - Object 'Object Repository/ADMIN/Categories/Category/dropdown_Parent' is present

2019-05-27 10:06:19 - [TEST_STEP][PASSED] - delay: Delayed 1 second(s)

2019-05-27 10:06:20 - [MESSAGE][PASSED] - Delayed 1 second(s)

2019-05-27 10:06:20 - [TEST_STEP][PASSED] - setText: Text 'Category 20' is set on object 'Object Repository/ADMIN/Categories/Category/textfield_Category Name'

2019-05-27 10:06:20 - [MESSAGE][PASSED] - Text 'Category 20' is set on object 'Object Repository/ADMIN/Categories/Category/textfield_Category Name'

2019-05-27 10:06:20 - [TEST_STEP][PASSED] - click: Object: 'Object Repository/ADMIN/Categories/Category/dropdown_Parent' is clicked on

2019-05-27 10:06:20 - [MESSAGE][PASSED] - Object: 'Object Repository/ADMIN/Categories/Category/dropdown_Parent' is clicked on

2019-05-27 10:06:20 - [TEST_STEP][PASSED] - delay: Delayed 2 second(s)

2019-05-27 10:06:22 - [MESSAGE][PASSED] - Delayed 2 second(s)

2019-05-27 10:06:22 - [TEST_STEP][PASSED] - click: Object: 'Object Repository/ADMIN/Categories/Category/dropdown_Parent' is clicked on

2019-05-27 10:06:23 - [MESSAGE][PASSED] - Object: 'Object Repository/ADMIN/Categories/Category/dropdown_Parent' is clicked on

2019-05-27 10:06:23 - [TEST_STEP][PASSED] - selectOptionByLabel: All options with label '-' are selected in object 'Object Repository/ADMIN/Categories/Category/dropdown_Parent' 

2019-05-27 10:06:23 - [MESSAGE][PASSED] - All options with label '-' are selected in object 'Object Repository/ADMIN/Categories/Category/dropdown_Parent' 

2019-05-27 10:06:23 - [TEST_STEP][PASSED] - click: Object: 'Object Repository/ADMIN/Categories/Category/button_Browse' is clicked on

2019-05-27 10:06:23 - [MESSAGE][PASSED] - Object: 'Object Repository/ADMIN/Categories/Category/button_Browse' is clicked on

2019-05-27 10:06:24 - [TEST_STEP][PASSED] - delay: Delayed 2 second(s)

2019-05-27 10:06:26 - [MESSAGE][PASSED] - Delayed 2 second(s)

2019-05-27 10:06:26 - [TEST_STEP][PASSED] - uploadFile: File 'C:\\Katalon\\Image\\pic9.jpg' sent to object: 'Object Repository/ADMIN/Categories/Category/image_input image'

2019-05-27 10:06:27 - [MESSAGE][PASSED] - File 'C:\\Katalon\\Image\\pic9.jpg' sent to object: 'Object Repository/ADMIN/Categories/Category/image_input image'

2019-05-27 10:06:27 - [TEST_STEP][PASSED] - waitForElementVisible: Object 'Object Repository/ADMIN/Categories/Category/button_upload check' is visible

2019-05-27 10:06:27 - [MESSAGE][WARNING] - Timeout '0' is invalid. Using default page load timeout: '30'

2019-05-27 10:06:27 - [MESSAGE][PASSED] - Object 'Object Repository/ADMIN/Categories/Category/button_upload check' is visible

2019-05-27 10:06:27 - [TEST_STEP][PASSED] - click: Object: 'Object Repository/ADMIN/Categories/Category/button_upload check' is clicked on

2019-05-27 10:06:27 - [MESSAGE][PASSED] - Object: 'Object Repository/ADMIN/Categories/Category/button_upload check' is clicked on

2019-05-27 10:06:27 - [TEST_STEP][PASSED] - click: Object: 'Object Repository/ADMIN/Categories/Category/button_upload save' is clicked on

2019-05-27 10:06:27 - [MESSAGE][PASSED] - Object: 'Object Repository/ADMIN/Categories/Category/button_upload save' is clicked on

2019-05-27 10:06:27 - [TEST_STEP][FAILED] - waitForElementVisible: Unable to wait for object 'Object Repository/ADMIN/Categories/Category/button_upload save' to be visible (Root cause: org.openqa.selenium.StaleElementReferenceException: stale element reference: element is not attached to the page document
  (Session info: chrome=74.0.3729.169)
  (Driver info: chromedriver=2.35.528161 (5b82f2d2aae0ca24b877009200ced9065a772e73),platform=Windows NT 6.1.7601 SP1 x86_64) (WARNING: The server did not provide any stacktrace information)
Command duration or timeout: 0 milliseconds
For documentation on this error, please visit: http://seleniumhq.org/exceptions/stale_element_reference.html
Build info: version: '3.7.1', revision: '8a0099a', time: '2017-11-06T21:07:36.161Z'
System info: host: 'ARCADIER-PC', ip: '10.10.31.95', os.name: 'Windows 7', os.arch: 'amd64', os.version: '6.1', java.version: '1.8.0_102'
Driver info: com.kms.katalon.core.webui.driver.ExistingRemoteWebDriver
Capabilities {javascriptEnabled: true, platform: ANY, platformName: ANY}
Session ID: f912d58d04e0ea049492dcdbe1240f08)

2019-05-27 10:06:27 - [MESSAGE][WARNING] - Timeout '0' is invalid. Using default page load timeout: '30'

2019-05-27 10:06:28 - [MESSAGE][FAILED] - Unable to wait for object 'Object Repository/ADMIN/Categories/Category/button_upload save' to be visible (Root cause: org.openqa.selenium.StaleElementReferenceException: stale element reference: element is not attached to the page document
  (Session info: chrome=74.0.3729.169)
  (Driver info: chromedriver=2.35.528161 (5b82f2d2aae0ca24b877009200ced9065a772e73),platform=Windows NT 6.1.7601 SP1 x86_64) (WARNING: The server did not provide any stacktrace information)
Command duration or timeout: 0 milliseconds
For documentation on this error, please visit: http://seleniumhq.org/exceptions/stale_element_reference.html
Build info: version: '3.7.1', revision: '8a0099a', time: '2017-11-06T21:07:36.161Z'
System info: host: 'ARCADIER-PC', ip: '10.10.31.95', os.name: 'Windows 7', os.arch: 'amd64', os.version: '6.1', java.version: '1.8.0_102'
Driver info: com.kms.katalon.core.webui.driver.ExistingRemoteWebDriver
Capabilities {javascriptEnabled: true, platform: ANY, platformName: ANY}
Session ID: f912d58d04e0ea049492dcdbe1240f08)
[[ATTACHMENT|C:\\Users\\Arcadier\\git\\Arctick\\Reports\\Suites\\Admin Category\\20190527_092604\\1558922788213.png]]

2019-05-27 10:06:28 - [TEST_STEP][PASSED] - setText: Text 'Description94' is set on object 'Object Repository/ADMIN/Categories/Category/textfield_category_description'

2019-05-27 10:06:32 - [MESSAGE][PASSED] - Text 'Description94' is set on object 'Object Repository/ADMIN/Categories/Category/textfield_category_description'

2019-05-27 10:06:32 - [TEST_STEP][PASSED] - click: Object: 'Object Repository/ADMIN/Categories/Category/button_Save' is clicked on

2019-05-27 10:06:32 - [MESSAGE][PASSED] - Object: 'Object Repository/ADMIN/Categories/Category/button_Save' is clicked on

2019-05-27 10:06:32 - [TEST_STEP][PASSED] - waitForElementVisible: Object 'Object Repository/ADMIN/Categories/Category/label_edit popup' is visible

2019-05-27 10:06:32 - [MESSAGE][WARNING] - Timeout '0' is invalid. Using default page load timeout: '30'

2019-05-27 10:06:32 - [MESSAGE][PASSED] - Object 'Object Repository/ADMIN/Categories/Category/label_edit popup' is visible

2019-05-27 10:06:32 - [TEST_STEP][PASSED] - waitForElementNotPresent: Web element with id: 'Object Repository/ADMIN/Categories/Category/label_edit popup' located by 'By.xpath: //div[(text() = 'Category was successfully saved.' or . = 'Category was successfully saved.')]' is not present after '30' second(s)

2019-05-27 10:06:32 - [MESSAGE][WARNING] - Timeout '0' is invalid. Using default page load timeout: '30'

2019-05-27 10:06:39 - [MESSAGE][PASSED] - Web element with id: 'Object Repository/ADMIN/Categories/Category/label_edit popup' located by 'By.xpath: //div[(text() = 'Category was successfully saved.' or . = 'Category was successfully saved.')]' is not present after '30' second(s)]]></system-out>
         <system-err><![CDATA[2019-05-27 10:06:15 - [TEST_CASE][FAILED] - Test Cases/ADMIN/Content Mgmt/Categories/Category Add-Edit/Add Category: Test Cases/ADMIN/Content Mgmt/Categories/Category Add-Edit/Add Category FAILED because (of) Unable to click on object 'Object Repository/ADMIN/Categories/Category List/button_Categories' (Root cause: org.openqa.selenium.ElementNotVisibleException: element not visible
  (Session info: chrome=74.0.3729.169)
  (Driver info: chromedriver=2.35.528161 (5b82f2d2aae0ca24b877009200ced9065a772e73),platform=Windows NT 6.1.7601 SP1 x86_64) (WARNING: The server did not provide any stacktrace information)
Command duration or timeout: 0 milliseconds
Build info: version: '3.7.1', revision: '8a0099a', time: '2017-11-06T21:07:36.161Z'
System info: host: 'ARCADIER-PC', ip: '10.10.31.95', os.name: 'Windows 7', os.arch: 'amd64', os.version: '6.1', java.version: '1.8.0_102'
Driver info: com.kms.katalon.core.webui.driver.ExistingRemoteWebDriver
Capabilities {javascriptEnabled: true, platform: ANY, platformName: ANY}
Session ID: f912d58d04e0ea049492dcdbe1240f08)]]></system-err>
      </testcase>
      <system-out><![CDATA[2019-05-27 09:26:07 - [TEST_SUITE][FAILED] - Admin Category: Test Cases/ADMIN/Content Mgmt/Categories/Category Add-Edit/Add Category FAILED because (of) Unable to wait for object 'Object Repository/ADMIN/Categories/Category/button_upload save' to be visible (Root cause: org.openqa.selenium.StaleElementReferenceException: stale element reference: element is not attached to the page document
  (Session info: chrome=74.0.3729.169)
  (Driver info: chromedriver=2.35.528161 (5b82f2d2aae0ca24b877009200ced9065a772e73),platform=Windows NT 6.1.7601 SP1 x86_64) (WARNING: The server did not provide any stacktrace information)
Command duration or timeout: 0 milliseconds
For documentation on this error, please visit: http://seleniumhq.org/exceptions/stale_element_reference.html
Build info: version: '3.7.1', revision: '8a0099a', time: '2017-11-06T21:07:36.161Z'
System info: host: 'ARCADIER-PC', ip: '10.10.31.95', os.name: 'Windows 7', os.arch: 'amd64', os.version: '6.1', java.version: '1.8.0_102'
Driver info: com.kms.katalon.core.webui.driver.ExistingRemoteWebDriver
Capabilities {javascriptEnabled: true, platform: ANY, platformName: ANY}
Session ID: f912d58d04e0ea049492dcdbe1240f08)]]></system-out>
      <system-err><![CDATA[2019-05-27 09:26:07 - [TEST_SUITE][FAILED] - Admin Category: Test Cases/ADMIN/Content Mgmt/Categories/Category Add-Edit/Add Category FAILED because (of) Unable to wait for object 'Object Repository/ADMIN/Categories/Category/button_upload save' to be visible (Root cause: org.openqa.selenium.StaleElementReferenceException: stale element reference: element is not attached to the page document
  (Session info: chrome=74.0.3729.169)
  (Driver info: chromedriver=2.35.528161 (5b82f2d2aae0ca24b877009200ced9065a772e73),platform=Windows NT 6.1.7601 SP1 x86_64) (WARNING: The server did not provide any stacktrace information)
Command duration or timeout: 0 milliseconds
For documentation on this error, please visit: http://seleniumhq.org/exceptions/stale_element_reference.html
Build info: version: '3.7.1', revision: '8a0099a', time: '2017-11-06T21:07:36.161Z'
System info: host: 'ARCADIER-PC', ip: '10.10.31.95', os.name: 'Windows 7', os.arch: 'amd64', os.version: '6.1', java.version: '1.8.0_102'
Driver info: com.kms.katalon.core.webui.driver.ExistingRemoteWebDriver
Capabilities {javascriptEnabled: true, platform: ANY, platformName: ANY}
Session ID: f912d58d04e0ea049492dcdbe1240f08)]]></system-err>
   </testsuite>
</testsuites>
