<?xml version="1.0" encoding="UTF-8"?>
<testsuites name="Combination_DefaultUnit" time="893" tests="32" failures="1" errors="0">
   <testsuite name="Combination_DefaultUnit" tests="32" failures="1" errors="0" time="893" timestamp="2019-05-15 10:08:54" hostname="Arcadier - Arcadier-PC" id="Test Suites/Feature Control/Booking Unit/Combination_DefaultUnit">
      <properties>
         <property name="deviceName" value=""/>
         <property name="devicePlatform" value=""/>
         <property name="logFolder" value="C:\\Katalon\\Arctick\\Reports\\Feature Control\\Booking Unit\\Combination_DefaultUnit\\20190515_100852"/>
         <property name="logFiles" value="C:\\Katalon\\Arctick\\Reports\\Feature Control\\Booking Unit\\Combination_DefaultUnit\\20190515_100852\\execution0.log"/>
         <property name="attachments" value="C:\\Katalon\\Arctick\\Reports\\Feature Control\\Booking Unit\\Combination_DefaultUnit\\20190515_100852\\1557886968892.png"/>
         <property name="hostName" value="Arcadier - Arcadier-PC"/>
         <property name="os" value="Windows 7 64bit"/>
         <property name="katalonVersion" value="5.4.2.1"/>
         <property name="browser" value="Chrome 74.0.3729.131"/>
         <property name="hostAddress" value="10.10.31.95"/>
         <property name="sessionId" value="c08d80852d8beffe781d6a1b49baa2be"/>
         <property name="seleniumVersion" value="3.7.1"/>
         <property name="proxyInformation" value="ProxyInformation{proxyOption=NO_PROXY, proxyServerType=HTTP, password=, proxyServerAddress=, proxyServerPort=0}"/>
         <property name="platform" value="Windows 7"/>
      </properties>
      <testcase name="Test Cases/Utilities/ADMIN/Admin Login" classname="Test Cases/Utilities/ADMIN/Admin Login" status="PASSED">
         <system-out><![CDATA[2019-05-15 10:08:54 - [TEST_CASE][PASSED] - Test Cases/Utilities/ADMIN/Admin Login: Test Cases/Utilities/ADMIN/Admin Login

2019-05-15 10:08:55 - [TEST_STEP][PASSED] - openBrowser: Browser is opened with url: ''

2019-05-15 10:08:58 - [MESSAGE][PASSED] - Browser is opened with url: ''

2019-05-15 10:08:58 - [TEST_STEP][PASSED] - maximizeWindow: Current window maximized

2019-05-15 10:08:59 - [MESSAGE][PASSED] - Current window maximized

2019-05-15 10:08:59 - [TEST_STEP][PASSED] - navigateToUrl: Navigate to 'http://0514SR.test.arcadier.io/admin' successfully

2019-05-15 10:09:02 - [MESSAGE][PASSED] - Navigate to 'http://0514SR.test.arcadier.io/admin' successfully

2019-05-15 10:09:02 - [TEST_STEP][PASSED] - Statement - If (AdminAccountType == "custom"): Object: 'Object Repository/ADMIN/Admin Login/Admin Login/btn_signin' is clicked on

2019-05-15 10:09:02 - [TEST_STEP][PASSED] - waitForElementVisible: Object 'Object Repository/ADMIN/Admin Login/Admin Login/txtbox_username' is visible

2019-05-15 10:09:02 - [MESSAGE][WARNING] - Timeout '0' is invalid. Using default page load timeout: '30'

2019-05-15 10:09:02 - [MESSAGE][PASSED] - Object 'Object Repository/ADMIN/Admin Login/Admin Login/txtbox_username' is visible

2019-05-15 10:09:02 - [TEST_STEP][PASSED] - setText: Text '0514SR' is set on object 'Object Repository/ADMIN/Admin Login/Admin Login/txtbox_username'

2019-05-15 10:09:02 - [MESSAGE][PASSED] - Text '0514SR' is set on object 'Object Repository/ADMIN/Admin Login/Admin Login/txtbox_username'

2019-05-15 10:09:02 - [TEST_STEP][PASSED] - setText: Text 'welcome8' is set on object 'Object Repository/ADMIN/Admin Login/Admin Login/txtbox_password'

2019-05-15 10:09:03 - [MESSAGE][PASSED] - Text 'welcome8' is set on object 'Object Repository/ADMIN/Admin Login/Admin Login/txtbox_password'

2019-05-15 10:09:03 - [TEST_STEP][PASSED] - click: Object: 'Object Repository/ADMIN/Admin Login/Admin Login/btn_signin' is clicked on

2019-05-15 10:09:18 - [MESSAGE][PASSED] - Object: 'Object Repository/ADMIN/Admin Login/Admin Login/btn_signin' is clicked on]]></system-out>
         <system-err><![CDATA[]]></system-err>
      </testcase>
      <testcase name="Test Cases/ADMIN/Features Control/Booking Unit/Combination/Default/01Add_perHour" classname="Test Cases/ADMIN/Features Control/Booking Unit/Combination/Default/01Add_perHour" status="PASSED">
         <system-out><![CDATA[2019-05-15 10:09:18 - [TEST_CASE][PASSED] - Test Cases/ADMIN/Features Control/Booking Unit/Combination/Default/01Add_perHour: Test Cases/ADMIN/Features Control/Booking Unit/Combination/Default/01Add_perHour

2019-05-15 10:09:18 - [TEST_STEP][PASSED] - waitForElementVisible: Object 'Object Repository/ADMIN/Features Control/Advance Search/a_Features Control' is visible

2019-05-15 10:09:18 - [MESSAGE][WARNING] - Timeout '0' is invalid. Using default page load timeout: '30'

2019-05-15 10:09:18 - [MESSAGE][PASSED] - Object 'Object Repository/ADMIN/Features Control/Advance Search/a_Features Control' is visible

2019-05-15 10:09:18 - [TEST_STEP][PASSED] - click: Object: 'Object Repository/ADMIN/Features Control/Advance Search/a_Features Control' is clicked on

2019-05-15 10:09:27 - [MESSAGE][PASSED] - Object: 'Object Repository/ADMIN/Features Control/Advance Search/a_Features Control' is clicked on

2019-05-15 10:09:27 - [TEST_STEP][PASSED] - waitForElementVisible: Object 'Object Repository/ADMIN/Features Control/Booking Unit/button_Edit' is visible

2019-05-15 10:09:27 - [MESSAGE][WARNING] - Timeout '0' is invalid. Using default page load timeout: '30'

2019-05-15 10:09:27 - [MESSAGE][PASSED] - Object 'Object Repository/ADMIN/Features Control/Booking Unit/button_Edit' is visible

2019-05-15 10:09:27 - [TEST_STEP][PASSED] - click: Object: 'Object Repository/ADMIN/Features Control/Booking Unit/button_Edit' is clicked on

2019-05-15 10:09:39 - [MESSAGE][PASSED] - Object: 'Object Repository/ADMIN/Features Control/Booking Unit/button_Edit' is clicked on

2019-05-15 10:09:39 - [TEST_STEP][PASSED] - waitForElementVisible: Object 'Object Repository/ADMIN/Features Control/Booking Unit/icon1st_NewBookingUnit' is visible

2019-05-15 10:09:39 - [MESSAGE][WARNING] - Timeout '0' is invalid. Using default page load timeout: '30'

2019-05-15 10:09:39 - [MESSAGE][PASSED] - Object 'Object Repository/ADMIN/Features Control/Booking Unit/icon1st_NewBookingUnit' is visible

2019-05-15 10:09:39 - [TEST_STEP][PASSED] - verifyElementVisible: Object 'Object Repository/ADMIN/Features Control/Booking Unit/textlabel_NewBookingUnit' is visible

2019-05-15 10:09:39 - [MESSAGE][PASSED] - Object 'Object Repository/ADMIN/Features Control/Booking Unit/textlabel_NewBookingUnit' is visible

2019-05-15 10:09:39 - [TEST_STEP][PASSED] - delay: Delayed 1 second(s)

2019-05-15 10:09:40 - [MESSAGE][PASSED] - Delayed 1 second(s)

2019-05-15 10:09:40 - [TEST_STEP][PASSED] - click: Object: 'Object Repository/ADMIN/Features Control/Booking Unit/button_AddBookingUnit' is clicked on

2019-05-15 10:09:40 - [MESSAGE][PASSED] - Object: 'Object Repository/ADMIN/Features Control/Booking Unit/button_AddBookingUnit' is clicked on

2019-05-15 10:09:40 - [TEST_STEP][PASSED] - waitForElementVisible: Object 'Object Repository/ADMIN/Features Control/Booking Unit/a_Add New Booking Unit/textlabel_AddNewBookingUnit' is visible

2019-05-15 10:09:40 - [MESSAGE][WARNING] - Timeout '0' is invalid. Using default page load timeout: '30'

2019-05-15 10:09:40 - [MESSAGE][PASSED] - Object 'Object Repository/ADMIN/Features Control/Booking Unit/a_Add New Booking Unit/textlabel_AddNewBookingUnit' is visible

2019-05-15 10:09:40 - [TEST_STEP][PASSED] - delay: Delayed 1 second(s)

2019-05-15 10:09:41 - [MESSAGE][PASSED] - Delayed 1 second(s)

2019-05-15 10:09:41 - [TEST_STEP][PASSED] - setText: Text 'Day 1' is set on object 'Object Repository/ADMIN/Features Control/Booking Unit/a_Add New Booking Unit/textfield_UnitName'

2019-05-15 10:09:42 - [MESSAGE][PASSED] - Text 'Day 1' is set on object 'Object Repository/ADMIN/Features Control/Booking Unit/a_Add New Booking Unit/textfield_UnitName'

2019-05-15 10:09:42 - [TEST_STEP][PASSED] - delay: Delayed 1 second(s)

2019-05-15 10:09:43 - [MESSAGE][PASSED] - Delayed 1 second(s)

2019-05-15 10:09:43 - [TEST_STEP][PASSED] - click: Object: 'Object Repository/ADMIN/Features Control/Booking Unit/a_Add New Booking Unit/checkbox_Hour' is clicked on

2019-05-15 10:09:43 - [MESSAGE][PASSED] - Object: 'Object Repository/ADMIN/Features Control/Booking Unit/a_Add New Booking Unit/checkbox_Hour' is clicked on

2019-05-15 10:09:43 - [TEST_STEP][PASSED] - click: Object: 'Object Repository/ADMIN/Features Control/Booking Unit/a_Add New Booking Unit/button_Save' is clicked on

2019-05-15 10:09:43 - [MESSAGE][PASSED] - Object: 'Object Repository/ADMIN/Features Control/Booking Unit/a_Add New Booking Unit/button_Save' is clicked on

2019-05-15 10:09:43 - [TEST_STEP][PASSED] - delay: Delayed 1 second(s)

2019-05-15 10:09:44 - [MESSAGE][PASSED] - Delayed 1 second(s)

2019-05-15 10:09:44 - [TEST_STEP][PASSED] - click: Object: 'Object Repository/ADMIN/Features Control/Booking Unit/topbutton_Save' is clicked on

2019-05-15 10:09:44 - [MESSAGE][PASSED] - Object: 'Object Repository/ADMIN/Features Control/Booking Unit/topbutton_Save' is clicked on

2019-05-15 10:09:44 - [TEST_STEP][PASSED] - waitForElementVisible: Object 'Object Repository/ADMIN/Features Control/Booking Unit/a_Save Popup/button_Save' is visible

2019-05-15 10:09:44 - [MESSAGE][WARNING] - Timeout '0' is invalid. Using default page load timeout: '30'

2019-05-15 10:09:44 - [MESSAGE][PASSED] - Object 'Object Repository/ADMIN/Features Control/Booking Unit/a_Save Popup/button_Save' is visible

2019-05-15 10:09:44 - [TEST_STEP][PASSED] - click: Object: 'Object Repository/ADMIN/Features Control/Booking Unit/a_Save Popup/button_Save' is clicked on

2019-05-15 10:09:44 - [MESSAGE][PASSED] - Object: 'Object Repository/ADMIN/Features Control/Booking Unit/a_Save Popup/button_Save' is clicked on

2019-05-15 10:09:44 - [TEST_STEP][PASSED] - waitForElementVisible: Object 'Object Repository/ADMIN/Features Control/Booking Unit/a_ToasterMessage/toaster_SaveSuccessfully' is visible

2019-05-15 10:09:44 - [MESSAGE][WARNING] - Timeout '0' is invalid. Using default page load timeout: '30'

2019-05-15 10:09:45 - [MESSAGE][PASSED] - Object 'Object Repository/ADMIN/Features Control/Booking Unit/a_ToasterMessage/toaster_SaveSuccessfully' is visible

2019-05-15 10:09:45 - [TEST_STEP][PASSED] - waitForElementNotPresent: Web element with id: 'Object Repository/ADMIN/Features Control/Booking Unit/a_ToasterMessage/toaster_SaveSuccessfully' located by 'By.xpath: //div[@class = 'toast toast-success' and (text() = 'Save successfully' or . = 'Save successfully')]' is not present after '30' second(s)

2019-05-15 10:09:45 - [MESSAGE][WARNING] - Timeout '0' is invalid. Using default page load timeout: '30'

2019-05-15 10:09:51 - [MESSAGE][PASSED] - Web element with id: 'Object Repository/ADMIN/Features Control/Booking Unit/a_ToasterMessage/toaster_SaveSuccessfully' located by 'By.xpath: //div[@class = 'toast toast-success' and (text() = 'Save successfully' or . = 'Save successfully')]' is not present after '30' second(s)]]></system-out>
         <system-err><![CDATA[]]></system-err>
      </testcase>
      <testcase name="Test Cases/ADMIN/Features Control/Booking Unit/Combination/Default/02Add_perDay" classname="Test Cases/ADMIN/Features Control/Booking Unit/Combination/Default/02Add_perDay" status="PASSED">
         <system-out><![CDATA[2019-05-15 10:09:51 - [TEST_CASE][PASSED] - Test Cases/ADMIN/Features Control/Booking Unit/Combination/Default/02Add_perDay: Test Cases/ADMIN/Features Control/Booking Unit/Combination/Default/02Add_perDay

2019-05-15 10:09:51 - [TEST_STEP][PASSED] - waitForElementVisible: Object 'Object Repository/ADMIN/Features Control/Advance Search/a_Features Control' is visible

2019-05-15 10:09:51 - [MESSAGE][WARNING] - Timeout '0' is invalid. Using default page load timeout: '30'

2019-05-15 10:09:51 - [MESSAGE][PASSED] - Object 'Object Repository/ADMIN/Features Control/Advance Search/a_Features Control' is visible

2019-05-15 10:09:51 - [TEST_STEP][PASSED] - click: Object: 'Object Repository/ADMIN/Features Control/Advance Search/a_Features Control' is clicked on

2019-05-15 10:10:08 - [MESSAGE][PASSED] - Object: 'Object Repository/ADMIN/Features Control/Advance Search/a_Features Control' is clicked on

2019-05-15 10:10:08 - [TEST_STEP][PASSED] - waitForElementVisible: Object 'Object Repository/ADMIN/Features Control/Booking Unit/button_Edit' is visible

2019-05-15 10:10:08 - [MESSAGE][WARNING] - Timeout '0' is invalid. Using default page load timeout: '30'

2019-05-15 10:10:08 - [MESSAGE][PASSED] - Object 'Object Repository/ADMIN/Features Control/Booking Unit/button_Edit' is visible

2019-05-15 10:10:08 - [TEST_STEP][PASSED] - click: Object: 'Object Repository/ADMIN/Features Control/Booking Unit/button_Edit' is clicked on

2019-05-15 10:10:09 - [MESSAGE][PASSED] - Object: 'Object Repository/ADMIN/Features Control/Booking Unit/button_Edit' is clicked on

2019-05-15 10:10:09 - [TEST_STEP][PASSED] - waitForElementVisible: Object 'Object Repository/ADMIN/Features Control/Booking Unit/icon1st_NewBookingUnit' is visible

2019-05-15 10:10:09 - [MESSAGE][WARNING] - Timeout '0' is invalid. Using default page load timeout: '30'

2019-05-15 10:10:09 - [MESSAGE][PASSED] - Object 'Object Repository/ADMIN/Features Control/Booking Unit/icon1st_NewBookingUnit' is visible

2019-05-15 10:10:09 - [TEST_STEP][PASSED] - verifyElementVisible: Object 'Object Repository/ADMIN/Features Control/Booking Unit/textlabel_NewBookingUnit' is visible

2019-05-15 10:10:09 - [MESSAGE][PASSED] - Object 'Object Repository/ADMIN/Features Control/Booking Unit/textlabel_NewBookingUnit' is visible

2019-05-15 10:10:09 - [TEST_STEP][PASSED] - delay: Delayed 1 second(s)

2019-05-15 10:10:10 - [MESSAGE][PASSED] - Delayed 1 second(s)

2019-05-15 10:10:10 - [TEST_STEP][PASSED] - click: Object: 'Object Repository/ADMIN/Features Control/Booking Unit/button_AddBookingUnit' is clicked on

2019-05-15 10:10:10 - [MESSAGE][PASSED] - Object: 'Object Repository/ADMIN/Features Control/Booking Unit/button_AddBookingUnit' is clicked on

2019-05-15 10:10:10 - [TEST_STEP][PASSED] - waitForElementVisible: Object 'Object Repository/ADMIN/Features Control/Booking Unit/a_Add New Booking Unit/textlabel_AddNewBookingUnit' is visible

2019-05-15 10:10:10 - [MESSAGE][WARNING] - Timeout '0' is invalid. Using default page load timeout: '30'

2019-05-15 10:10:10 - [MESSAGE][PASSED] - Object 'Object Repository/ADMIN/Features Control/Booking Unit/a_Add New Booking Unit/textlabel_AddNewBookingUnit' is visible

2019-05-15 10:10:10 - [TEST_STEP][PASSED] - delay: Delayed 1 second(s)

2019-05-15 10:10:11 - [MESSAGE][PASSED] - Delayed 1 second(s)

2019-05-15 10:10:11 - [TEST_STEP][PASSED] - setText: Text 'Day 2' is set on object 'Object Repository/ADMIN/Features Control/Booking Unit/a_Add New Booking Unit/textfield_UnitName'

2019-05-15 10:10:12 - [MESSAGE][PASSED] - Text 'Day 2' is set on object 'Object Repository/ADMIN/Features Control/Booking Unit/a_Add New Booking Unit/textfield_UnitName'

2019-05-15 10:10:12 - [TEST_STEP][PASSED] - delay: Delayed 1 second(s)

2019-05-15 10:10:13 - [MESSAGE][PASSED] - Delayed 1 second(s)

2019-05-15 10:10:13 - [TEST_STEP][PASSED] - click: Object: 'Object Repository/ADMIN/Features Control/Booking Unit/a_Add New Booking Unit/checkbox_Day' is clicked on

2019-05-15 10:10:13 - [MESSAGE][PASSED] - Object: 'Object Repository/ADMIN/Features Control/Booking Unit/a_Add New Booking Unit/checkbox_Day' is clicked on

2019-05-15 10:10:13 - [TEST_STEP][PASSED] - click: Object: 'Object Repository/ADMIN/Features Control/Booking Unit/a_Add New Booking Unit/button_Save' is clicked on

2019-05-15 10:10:13 - [MESSAGE][PASSED] - Object: 'Object Repository/ADMIN/Features Control/Booking Unit/a_Add New Booking Unit/button_Save' is clicked on

2019-05-15 10:10:13 - [TEST_STEP][PASSED] - delay: Delayed 1 second(s)

2019-05-15 10:10:14 - [MESSAGE][PASSED] - Delayed 1 second(s)

2019-05-15 10:10:14 - [TEST_STEP][PASSED] - click: Object: 'Object Repository/ADMIN/Features Control/Booking Unit/topbutton_Save' is clicked on

2019-05-15 10:10:14 - [MESSAGE][PASSED] - Object: 'Object Repository/ADMIN/Features Control/Booking Unit/topbutton_Save' is clicked on

2019-05-15 10:10:14 - [TEST_STEP][PASSED] - waitForElementVisible: Object 'Object Repository/ADMIN/Features Control/Booking Unit/a_Save Popup/button_Save' is visible

2019-05-15 10:10:14 - [MESSAGE][WARNING] - Timeout '0' is invalid. Using default page load timeout: '30'

2019-05-15 10:10:14 - [MESSAGE][PASSED] - Object 'Object Repository/ADMIN/Features Control/Booking Unit/a_Save Popup/button_Save' is visible

2019-05-15 10:10:14 - [TEST_STEP][PASSED] - click: Object: 'Object Repository/ADMIN/Features Control/Booking Unit/a_Save Popup/button_Save' is clicked on

2019-05-15 10:10:14 - [MESSAGE][PASSED] - Object: 'Object Repository/ADMIN/Features Control/Booking Unit/a_Save Popup/button_Save' is clicked on

2019-05-15 10:10:14 - [TEST_STEP][PASSED] - waitForElementVisible: Object 'Object Repository/ADMIN/Features Control/Booking Unit/a_ToasterMessage/toaster_SaveSuccessfully' is visible

2019-05-15 10:10:14 - [MESSAGE][WARNING] - Timeout '0' is invalid. Using default page load timeout: '30'

2019-05-15 10:10:18 - [MESSAGE][PASSED] - Object 'Object Repository/ADMIN/Features Control/Booking Unit/a_ToasterMessage/toaster_SaveSuccessfully' is visible

2019-05-15 10:10:18 - [TEST_STEP][PASSED] - waitForElementNotPresent: Web element with id: 'Object Repository/ADMIN/Features Control/Booking Unit/a_ToasterMessage/toaster_SaveSuccessfully' located by 'By.xpath: //div[@class = 'toast toast-success' and (text() = 'Save successfully' or . = 'Save successfully')]' is not present after '30' second(s)

2019-05-15 10:10:18 - [MESSAGE][WARNING] - Timeout '0' is invalid. Using default page load timeout: '30'

2019-05-15 10:10:24 - [MESSAGE][PASSED] - Web element with id: 'Object Repository/ADMIN/Features Control/Booking Unit/a_ToasterMessage/toaster_SaveSuccessfully' located by 'By.xpath: //div[@class = 'toast toast-success' and (text() = 'Save successfully' or . = 'Save successfully')]' is not present after '30' second(s)]]></system-out>
         <system-err><![CDATA[]]></system-err>
      </testcase>
      <testcase name="Test Cases/ADMIN/Features Control/Booking Unit/Combination/Default/03Add_perWeek" classname="Test Cases/ADMIN/Features Control/Booking Unit/Combination/Default/03Add_perWeek" status="PASSED">
         <system-out><![CDATA[2019-05-15 10:10:24 - [TEST_CASE][PASSED] - Test Cases/ADMIN/Features Control/Booking Unit/Combination/Default/03Add_perWeek: Test Cases/ADMIN/Features Control/Booking Unit/Combination/Default/03Add_perWeek

2019-05-15 10:10:24 - [TEST_STEP][PASSED] - waitForElementVisible: Object 'Object Repository/ADMIN/Features Control/Advance Search/a_Features Control' is visible

2019-05-15 10:10:24 - [MESSAGE][WARNING] - Timeout '0' is invalid. Using default page load timeout: '30'

2019-05-15 10:10:24 - [MESSAGE][PASSED] - Object 'Object Repository/ADMIN/Features Control/Advance Search/a_Features Control' is visible

2019-05-15 10:10:24 - [TEST_STEP][PASSED] - click: Object: 'Object Repository/ADMIN/Features Control/Advance Search/a_Features Control' is clicked on

2019-05-15 10:10:35 - [MESSAGE][PASSED] - Object: 'Object Repository/ADMIN/Features Control/Advance Search/a_Features Control' is clicked on

2019-05-15 10:10:35 - [TEST_STEP][PASSED] - waitForElementVisible: Object 'Object Repository/ADMIN/Features Control/Booking Unit/button_Edit' is visible

2019-05-15 10:10:35 - [MESSAGE][WARNING] - Timeout '0' is invalid. Using default page load timeout: '30'

2019-05-15 10:10:35 - [MESSAGE][PASSED] - Object 'Object Repository/ADMIN/Features Control/Booking Unit/button_Edit' is visible

2019-05-15 10:10:35 - [TEST_STEP][PASSED] - click: Object: 'Object Repository/ADMIN/Features Control/Booking Unit/button_Edit' is clicked on

2019-05-15 10:10:38 - [MESSAGE][PASSED] - Object: 'Object Repository/ADMIN/Features Control/Booking Unit/button_Edit' is clicked on

2019-05-15 10:10:38 - [TEST_STEP][PASSED] - waitForElementVisible: Object 'Object Repository/ADMIN/Features Control/Booking Unit/icon1st_NewBookingUnit' is visible

2019-05-15 10:10:38 - [MESSAGE][WARNING] - Timeout '0' is invalid. Using default page load timeout: '30'

2019-05-15 10:10:38 - [MESSAGE][PASSED] - Object 'Object Repository/ADMIN/Features Control/Booking Unit/icon1st_NewBookingUnit' is visible

2019-05-15 10:10:38 - [TEST_STEP][PASSED] - verifyElementVisible: Object 'Object Repository/ADMIN/Features Control/Booking Unit/textlabel_NewBookingUnit' is visible

2019-05-15 10:10:38 - [MESSAGE][PASSED] - Object 'Object Repository/ADMIN/Features Control/Booking Unit/textlabel_NewBookingUnit' is visible

2019-05-15 10:10:38 - [TEST_STEP][PASSED] - delay: Delayed 1 second(s)

2019-05-15 10:10:39 - [MESSAGE][PASSED] - Delayed 1 second(s)

2019-05-15 10:10:39 - [TEST_STEP][PASSED] - click: Object: 'Object Repository/ADMIN/Features Control/Booking Unit/button_AddBookingUnit' is clicked on

2019-05-15 10:10:39 - [MESSAGE][PASSED] - Object: 'Object Repository/ADMIN/Features Control/Booking Unit/button_AddBookingUnit' is clicked on

2019-05-15 10:10:39 - [TEST_STEP][PASSED] - waitForElementVisible: Object 'Object Repository/ADMIN/Features Control/Booking Unit/a_Add New Booking Unit/textlabel_AddNewBookingUnit' is visible

2019-05-15 10:10:39 - [MESSAGE][WARNING] - Timeout '0' is invalid. Using default page load timeout: '30'

2019-05-15 10:10:40 - [MESSAGE][PASSED] - Object 'Object Repository/ADMIN/Features Control/Booking Unit/a_Add New Booking Unit/textlabel_AddNewBookingUnit' is visible

2019-05-15 10:10:40 - [TEST_STEP][PASSED] - delay: Delayed 1 second(s)

2019-05-15 10:10:41 - [MESSAGE][PASSED] - Delayed 1 second(s)

2019-05-15 10:10:41 - [TEST_STEP][PASSED] - setText: Text 'Day 3' is set on object 'Object Repository/ADMIN/Features Control/Booking Unit/a_Add New Booking Unit/textfield_UnitName'

2019-05-15 10:10:41 - [MESSAGE][PASSED] - Text 'Day 3' is set on object 'Object Repository/ADMIN/Features Control/Booking Unit/a_Add New Booking Unit/textfield_UnitName'

2019-05-15 10:10:41 - [TEST_STEP][PASSED] - delay: Delayed 1 second(s)

2019-05-15 10:10:42 - [MESSAGE][PASSED] - Delayed 1 second(s)

2019-05-15 10:10:42 - [TEST_STEP][PASSED] - click: Object: 'Object Repository/ADMIN/Features Control/Booking Unit/a_Add New Booking Unit/checkbox_Week' is clicked on

2019-05-15 10:10:42 - [MESSAGE][PASSED] - Object: 'Object Repository/ADMIN/Features Control/Booking Unit/a_Add New Booking Unit/checkbox_Week' is clicked on

2019-05-15 10:10:42 - [TEST_STEP][PASSED] - click: Object: 'Object Repository/ADMIN/Features Control/Booking Unit/a_Add New Booking Unit/button_Save' is clicked on

2019-05-15 10:10:42 - [MESSAGE][PASSED] - Object: 'Object Repository/ADMIN/Features Control/Booking Unit/a_Add New Booking Unit/button_Save' is clicked on

2019-05-15 10:10:42 - [TEST_STEP][PASSED] - delay: Delayed 1 second(s)

2019-05-15 10:10:43 - [MESSAGE][PASSED] - Delayed 1 second(s)

2019-05-15 10:10:43 - [TEST_STEP][PASSED] - click: Object: 'Object Repository/ADMIN/Features Control/Booking Unit/topbutton_Save' is clicked on

2019-05-15 10:10:43 - [MESSAGE][PASSED] - Object: 'Object Repository/ADMIN/Features Control/Booking Unit/topbutton_Save' is clicked on

2019-05-15 10:10:43 - [TEST_STEP][PASSED] - waitForElementVisible: Object 'Object Repository/ADMIN/Features Control/Booking Unit/a_Save Popup/button_Save' is visible

2019-05-15 10:10:43 - [MESSAGE][WARNING] - Timeout '0' is invalid. Using default page load timeout: '30'

2019-05-15 10:10:43 - [MESSAGE][PASSED] - Object 'Object Repository/ADMIN/Features Control/Booking Unit/a_Save Popup/button_Save' is visible

2019-05-15 10:10:43 - [TEST_STEP][PASSED] - click: Object: 'Object Repository/ADMIN/Features Control/Booking Unit/a_Save Popup/button_Save' is clicked on

2019-05-15 10:10:43 - [MESSAGE][PASSED] - Object: 'Object Repository/ADMIN/Features Control/Booking Unit/a_Save Popup/button_Save' is clicked on

2019-05-15 10:10:43 - [TEST_STEP][PASSED] - waitForElementVisible: Object 'Object Repository/ADMIN/Features Control/Booking Unit/a_ToasterMessage/toaster_SaveSuccessfully' is visible

2019-05-15 10:10:43 - [MESSAGE][WARNING] - Timeout '0' is invalid. Using default page load timeout: '30'

2019-05-15 10:11:00 - [MESSAGE][PASSED] - Object 'Object Repository/ADMIN/Features Control/Booking Unit/a_ToasterMessage/toaster_SaveSuccessfully' is visible

2019-05-15 10:11:00 - [TEST_STEP][PASSED] - waitForElementNotPresent: Web element with id: 'Object Repository/ADMIN/Features Control/Booking Unit/a_ToasterMessage/toaster_SaveSuccessfully' located by 'By.xpath: //div[@class = 'toast toast-success' and (text() = 'Save successfully' or . = 'Save successfully')]' is not present after '30' second(s)

2019-05-15 10:11:00 - [MESSAGE][WARNING] - Timeout '0' is invalid. Using default page load timeout: '30'

2019-05-15 10:11:06 - [MESSAGE][PASSED] - Web element with id: 'Object Repository/ADMIN/Features Control/Booking Unit/a_ToasterMessage/toaster_SaveSuccessfully' located by 'By.xpath: //div[@class = 'toast toast-success' and (text() = 'Save successfully' or . = 'Save successfully')]' is not present after '30' second(s)]]></system-out>
         <system-err><![CDATA[]]></system-err>
      </testcase>
      <testcase name="Test Cases/ADMIN/Features Control/Booking Unit/Combination/Default/04Add_perMonth" classname="Test Cases/ADMIN/Features Control/Booking Unit/Combination/Default/04Add_perMonth" status="PASSED">
         <system-out><![CDATA[2019-05-15 10:11:06 - [TEST_CASE][PASSED] - Test Cases/ADMIN/Features Control/Booking Unit/Combination/Default/04Add_perMonth: Test Cases/ADMIN/Features Control/Booking Unit/Combination/Default/04Add_perMonth

2019-05-15 10:11:07 - [TEST_STEP][PASSED] - waitForElementVisible: Object 'Object Repository/ADMIN/Features Control/Advance Search/a_Features Control' is visible

2019-05-15 10:11:07 - [MESSAGE][WARNING] - Timeout '0' is invalid. Using default page load timeout: '30'

2019-05-15 10:11:07 - [MESSAGE][PASSED] - Object 'Object Repository/ADMIN/Features Control/Advance Search/a_Features Control' is visible

2019-05-15 10:11:07 - [TEST_STEP][PASSED] - click: Object: 'Object Repository/ADMIN/Features Control/Advance Search/a_Features Control' is clicked on

2019-05-15 10:11:10 - [MESSAGE][PASSED] - Object: 'Object Repository/ADMIN/Features Control/Advance Search/a_Features Control' is clicked on

2019-05-15 10:11:10 - [TEST_STEP][PASSED] - waitForElementVisible: Object 'Object Repository/ADMIN/Features Control/Booking Unit/button_Edit' is visible

2019-05-15 10:11:10 - [MESSAGE][WARNING] - Timeout '0' is invalid. Using default page load timeout: '30'

2019-05-15 10:11:10 - [MESSAGE][PASSED] - Object 'Object Repository/ADMIN/Features Control/Booking Unit/button_Edit' is visible

2019-05-15 10:11:10 - [TEST_STEP][PASSED] - click: Object: 'Object Repository/ADMIN/Features Control/Booking Unit/button_Edit' is clicked on

2019-05-15 10:11:23 - [MESSAGE][PASSED] - Object: 'Object Repository/ADMIN/Features Control/Booking Unit/button_Edit' is clicked on

2019-05-15 10:11:23 - [TEST_STEP][PASSED] - waitForElementVisible: Object 'Object Repository/ADMIN/Features Control/Booking Unit/icon1st_NewBookingUnit' is visible

2019-05-15 10:11:23 - [MESSAGE][WARNING] - Timeout '0' is invalid. Using default page load timeout: '30'

2019-05-15 10:11:24 - [MESSAGE][PASSED] - Object 'Object Repository/ADMIN/Features Control/Booking Unit/icon1st_NewBookingUnit' is visible

2019-05-15 10:11:24 - [TEST_STEP][PASSED] - verifyElementVisible: Object 'Object Repository/ADMIN/Features Control/Booking Unit/textlabel_NewBookingUnit' is visible

2019-05-15 10:11:24 - [MESSAGE][PASSED] - Object 'Object Repository/ADMIN/Features Control/Booking Unit/textlabel_NewBookingUnit' is visible

2019-05-15 10:11:24 - [TEST_STEP][PASSED] - delay: Delayed 1 second(s)

2019-05-15 10:11:25 - [MESSAGE][PASSED] - Delayed 1 second(s)

2019-05-15 10:11:25 - [TEST_STEP][PASSED] - click: Object: 'Object Repository/ADMIN/Features Control/Booking Unit/button_AddBookingUnit' is clicked on

2019-05-15 10:11:25 - [MESSAGE][PASSED] - Object: 'Object Repository/ADMIN/Features Control/Booking Unit/button_AddBookingUnit' is clicked on

2019-05-15 10:11:25 - [TEST_STEP][PASSED] - waitForElementVisible: Object 'Object Repository/ADMIN/Features Control/Booking Unit/a_Add New Booking Unit/textlabel_AddNewBookingUnit' is visible

2019-05-15 10:11:25 - [MESSAGE][WARNING] - Timeout '0' is invalid. Using default page load timeout: '30'

2019-05-15 10:11:25 - [MESSAGE][PASSED] - Object 'Object Repository/ADMIN/Features Control/Booking Unit/a_Add New Booking Unit/textlabel_AddNewBookingUnit' is visible

2019-05-15 10:11:25 - [TEST_STEP][PASSED] - delay: Delayed 1 second(s)

2019-05-15 10:11:26 - [MESSAGE][PASSED] - Delayed 1 second(s)

2019-05-15 10:11:26 - [TEST_STEP][PASSED] - setText: Text 'Day 4' is set on object 'Object Repository/ADMIN/Features Control/Booking Unit/a_Add New Booking Unit/textfield_UnitName'

2019-05-15 10:11:26 - [MESSAGE][PASSED] - Text 'Day 4' is set on object 'Object Repository/ADMIN/Features Control/Booking Unit/a_Add New Booking Unit/textfield_UnitName'

2019-05-15 10:11:26 - [TEST_STEP][PASSED] - delay: Delayed 1 second(s)

2019-05-15 10:11:27 - [MESSAGE][PASSED] - Delayed 1 second(s)

2019-05-15 10:11:27 - [TEST_STEP][PASSED] - click: Object: 'Object Repository/ADMIN/Features Control/Booking Unit/a_Add New Booking Unit/checkbox_Month' is clicked on

2019-05-15 10:11:27 - [MESSAGE][PASSED] - Object: 'Object Repository/ADMIN/Features Control/Booking Unit/a_Add New Booking Unit/checkbox_Month' is clicked on

2019-05-15 10:11:27 - [TEST_STEP][PASSED] - click: Object: 'Object Repository/ADMIN/Features Control/Booking Unit/a_Add New Booking Unit/button_Save' is clicked on

2019-05-15 10:11:27 - [MESSAGE][PASSED] - Object: 'Object Repository/ADMIN/Features Control/Booking Unit/a_Add New Booking Unit/button_Save' is clicked on

2019-05-15 10:11:27 - [TEST_STEP][PASSED] - delay: Delayed 1 second(s)

2019-05-15 10:11:28 - [MESSAGE][PASSED] - Delayed 1 second(s)

2019-05-15 10:11:28 - [TEST_STEP][PASSED] - click: Object: 'Object Repository/ADMIN/Features Control/Booking Unit/topbutton_Save' is clicked on

2019-05-15 10:11:28 - [MESSAGE][PASSED] - Object: 'Object Repository/ADMIN/Features Control/Booking Unit/topbutton_Save' is clicked on

2019-05-15 10:11:28 - [TEST_STEP][PASSED] - waitForElementVisible: Object 'Object Repository/ADMIN/Features Control/Booking Unit/a_Save Popup/button_Save' is visible

2019-05-15 10:11:28 - [MESSAGE][WARNING] - Timeout '0' is invalid. Using default page load timeout: '30'

2019-05-15 10:11:28 - [MESSAGE][PASSED] - Object 'Object Repository/ADMIN/Features Control/Booking Unit/a_Save Popup/button_Save' is visible

2019-05-15 10:11:28 - [TEST_STEP][PASSED] - click: Object: 'Object Repository/ADMIN/Features Control/Booking Unit/a_Save Popup/button_Save' is clicked on

2019-05-15 10:11:28 - [MESSAGE][PASSED] - Object: 'Object Repository/ADMIN/Features Control/Booking Unit/a_Save Popup/button_Save' is clicked on

2019-05-15 10:11:28 - [TEST_STEP][PASSED] - waitForElementVisible: Object 'Object Repository/ADMIN/Features Control/Booking Unit/a_ToasterMessage/toaster_SaveSuccessfully' is visible

2019-05-15 10:11:28 - [MESSAGE][WARNING] - Timeout '0' is invalid. Using default page load timeout: '30'

2019-05-15 10:11:32 - [MESSAGE][PASSED] - Object 'Object Repository/ADMIN/Features Control/Booking Unit/a_ToasterMessage/toaster_SaveSuccessfully' is visible

2019-05-15 10:11:32 - [TEST_STEP][PASSED] - waitForElementNotPresent: Web element with id: 'Object Repository/ADMIN/Features Control/Booking Unit/a_ToasterMessage/toaster_SaveSuccessfully' located by 'By.xpath: //div[@class = 'toast toast-success' and (text() = 'Save successfully' or . = 'Save successfully')]' is not present after '30' second(s)

2019-05-15 10:11:32 - [MESSAGE][WARNING] - Timeout '0' is invalid. Using default page load timeout: '30'

2019-05-15 10:11:38 - [MESSAGE][PASSED] - Web element with id: 'Object Repository/ADMIN/Features Control/Booking Unit/a_ToasterMessage/toaster_SaveSuccessfully' located by 'By.xpath: //div[@class = 'toast toast-success' and (text() = 'Save successfully' or . = 'Save successfully')]' is not present after '30' second(s)]]></system-out>
         <system-err><![CDATA[]]></system-err>
      </testcase>
      <testcase name="Test Cases/ADMIN/Features Control/Booking Unit/Combination/Default/05Add_perCustom" classname="Test Cases/ADMIN/Features Control/Booking Unit/Combination/Default/05Add_perCustom" status="PASSED">
         <system-out><![CDATA[2019-05-15 10:11:38 - [TEST_CASE][PASSED] - Test Cases/ADMIN/Features Control/Booking Unit/Combination/Default/05Add_perCustom: Test Cases/ADMIN/Features Control/Booking Unit/Combination/Default/05Add_perCustom

2019-05-15 10:11:38 - [TEST_STEP][PASSED] - waitForElementVisible: Object 'Object Repository/ADMIN/Features Control/Advance Search/a_Features Control' is visible

2019-05-15 10:11:38 - [MESSAGE][WARNING] - Timeout '0' is invalid. Using default page load timeout: '30'

2019-05-15 10:11:38 - [MESSAGE][PASSED] - Object 'Object Repository/ADMIN/Features Control/Advance Search/a_Features Control' is visible

2019-05-15 10:11:38 - [TEST_STEP][PASSED] - click: Object: 'Object Repository/ADMIN/Features Control/Advance Search/a_Features Control' is clicked on

2019-05-15 10:11:50 - [MESSAGE][PASSED] - Object: 'Object Repository/ADMIN/Features Control/Advance Search/a_Features Control' is clicked on

2019-05-15 10:11:50 - [TEST_STEP][PASSED] - waitForElementVisible: Object 'Object Repository/ADMIN/Features Control/Booking Unit/button_Edit' is visible

2019-05-15 10:11:50 - [MESSAGE][WARNING] - Timeout '0' is invalid. Using default page load timeout: '30'

2019-05-15 10:11:50 - [MESSAGE][PASSED] - Object 'Object Repository/ADMIN/Features Control/Booking Unit/button_Edit' is visible

2019-05-15 10:11:50 - [TEST_STEP][PASSED] - click: Object: 'Object Repository/ADMIN/Features Control/Booking Unit/button_Edit' is clicked on

2019-05-15 10:11:51 - [MESSAGE][PASSED] - Object: 'Object Repository/ADMIN/Features Control/Booking Unit/button_Edit' is clicked on

2019-05-15 10:11:51 - [TEST_STEP][PASSED] - waitForElementVisible: Object 'Object Repository/ADMIN/Features Control/Booking Unit/icon1st_NewBookingUnit' is visible

2019-05-15 10:11:51 - [MESSAGE][WARNING] - Timeout '0' is invalid. Using default page load timeout: '30'

2019-05-15 10:11:51 - [MESSAGE][PASSED] - Object 'Object Repository/ADMIN/Features Control/Booking Unit/icon1st_NewBookingUnit' is visible

2019-05-15 10:11:51 - [TEST_STEP][PASSED] - verifyElementVisible: Object 'Object Repository/ADMIN/Features Control/Booking Unit/textlabel_NewBookingUnit' is visible

2019-05-15 10:11:51 - [MESSAGE][PASSED] - Object 'Object Repository/ADMIN/Features Control/Booking Unit/textlabel_NewBookingUnit' is visible

2019-05-15 10:11:51 - [TEST_STEP][PASSED] - delay: Delayed 1 second(s)

2019-05-15 10:11:52 - [MESSAGE][PASSED] - Delayed 1 second(s)

2019-05-15 10:11:52 - [TEST_STEP][PASSED] - click: Object: 'Object Repository/ADMIN/Features Control/Booking Unit/button_AddBookingUnit' is clicked on

2019-05-15 10:11:52 - [MESSAGE][PASSED] - Object: 'Object Repository/ADMIN/Features Control/Booking Unit/button_AddBookingUnit' is clicked on

2019-05-15 10:11:52 - [TEST_STEP][PASSED] - waitForElementVisible: Object 'Object Repository/ADMIN/Features Control/Booking Unit/a_Add New Booking Unit/textlabel_AddNewBookingUnit' is visible

2019-05-15 10:11:52 - [MESSAGE][WARNING] - Timeout '0' is invalid. Using default page load timeout: '30'

2019-05-15 10:11:52 - [MESSAGE][PASSED] - Object 'Object Repository/ADMIN/Features Control/Booking Unit/a_Add New Booking Unit/textlabel_AddNewBookingUnit' is visible

2019-05-15 10:11:52 - [TEST_STEP][PASSED] - delay: Delayed 1 second(s)

2019-05-15 10:11:53 - [MESSAGE][PASSED] - Delayed 1 second(s)

2019-05-15 10:11:53 - [TEST_STEP][PASSED] - setText: Text 'Day 5' is set on object 'Object Repository/ADMIN/Features Control/Booking Unit/a_Add New Booking Unit/textfield_UnitName'

2019-05-15 10:11:53 - [MESSAGE][PASSED] - Text 'Day 5' is set on object 'Object Repository/ADMIN/Features Control/Booking Unit/a_Add New Booking Unit/textfield_UnitName'

2019-05-15 10:11:53 - [TEST_STEP][PASSED] - delay: Delayed 1 second(s)

2019-05-15 10:11:54 - [MESSAGE][PASSED] - Delayed 1 second(s)

2019-05-15 10:11:54 - [TEST_STEP][PASSED] - click: Object: 'Object Repository/ADMIN/Features Control/Booking Unit/a_Add New Booking Unit/checkbox_Custom' is clicked on

2019-05-15 10:11:54 - [MESSAGE][PASSED] - Object: 'Object Repository/ADMIN/Features Control/Booking Unit/a_Add New Booking Unit/checkbox_Custom' is clicked on

2019-05-15 10:11:54 - [TEST_STEP][PASSED] - click: Object: 'Object Repository/ADMIN/Features Control/Booking Unit/a_Add New Booking Unit/button_Save' is clicked on

2019-05-15 10:11:54 - [MESSAGE][PASSED] - Object: 'Object Repository/ADMIN/Features Control/Booking Unit/a_Add New Booking Unit/button_Save' is clicked on

2019-05-15 10:11:54 - [TEST_STEP][PASSED] - delay: Delayed 1 second(s)

2019-05-15 10:11:55 - [MESSAGE][PASSED] - Delayed 1 second(s)

2019-05-15 10:11:55 - [TEST_STEP][PASSED] - click: Object: 'Object Repository/ADMIN/Features Control/Booking Unit/topbutton_Save' is clicked on

2019-05-15 10:11:55 - [MESSAGE][PASSED] - Object: 'Object Repository/ADMIN/Features Control/Booking Unit/topbutton_Save' is clicked on

2019-05-15 10:11:55 - [TEST_STEP][PASSED] - waitForElementVisible: Object 'Object Repository/ADMIN/Features Control/Booking Unit/a_Save Popup/button_Save' is visible

2019-05-15 10:11:55 - [MESSAGE][WARNING] - Timeout '0' is invalid. Using default page load timeout: '30'

2019-05-15 10:11:55 - [MESSAGE][PASSED] - Object 'Object Repository/ADMIN/Features Control/Booking Unit/a_Save Popup/button_Save' is visible

2019-05-15 10:11:55 - [TEST_STEP][PASSED] - click: Object: 'Object Repository/ADMIN/Features Control/Booking Unit/a_Save Popup/button_Save' is clicked on

2019-05-15 10:11:56 - [MESSAGE][PASSED] - Object: 'Object Repository/ADMIN/Features Control/Booking Unit/a_Save Popup/button_Save' is clicked on

2019-05-15 10:11:56 - [TEST_STEP][PASSED] - waitForElementVisible: Object 'Object Repository/ADMIN/Features Control/Booking Unit/a_ToasterMessage/toaster_SaveSuccessfully' is visible

2019-05-15 10:11:56 - [MESSAGE][WARNING] - Timeout '0' is invalid. Using default page load timeout: '30'

2019-05-15 10:11:57 - [MESSAGE][PASSED] - Object 'Object Repository/ADMIN/Features Control/Booking Unit/a_ToasterMessage/toaster_SaveSuccessfully' is visible

2019-05-15 10:11:57 - [TEST_STEP][PASSED] - waitForElementNotPresent: Web element with id: 'Object Repository/ADMIN/Features Control/Booking Unit/a_ToasterMessage/toaster_SaveSuccessfully' located by 'By.xpath: //div[@class = 'toast toast-success' and (text() = 'Save successfully' or . = 'Save successfully')]' is not present after '30' second(s)

2019-05-15 10:11:57 - [MESSAGE][WARNING] - Timeout '0' is invalid. Using default page load timeout: '30'

2019-05-15 10:12:03 - [MESSAGE][PASSED] - Web element with id: 'Object Repository/ADMIN/Features Control/Booking Unit/a_ToasterMessage/toaster_SaveSuccessfully' located by 'By.xpath: //div[@class = 'toast toast-success' and (text() = 'Save successfully' or . = 'Save successfully')]' is not present after '30' second(s)]]></system-out>
         <system-err><![CDATA[]]></system-err>
      </testcase>
      <testcase name="Test Cases/ADMIN/Features Control/Booking Unit/Combination/Default/06Add_HourDay" classname="Test Cases/ADMIN/Features Control/Booking Unit/Combination/Default/06Add_HourDay" status="PASSED">
         <system-out><![CDATA[2019-05-15 10:12:03 - [TEST_CASE][PASSED] - Test Cases/ADMIN/Features Control/Booking Unit/Combination/Default/06Add_HourDay: Test Cases/ADMIN/Features Control/Booking Unit/Combination/Default/06Add_HourDay

2019-05-15 10:12:04 - [TEST_STEP][PASSED] - waitForElementVisible: Object 'Object Repository/ADMIN/Features Control/Advance Search/a_Features Control' is visible

2019-05-15 10:12:04 - [MESSAGE][WARNING] - Timeout '0' is invalid. Using default page load timeout: '30'

2019-05-15 10:12:04 - [MESSAGE][PASSED] - Object 'Object Repository/ADMIN/Features Control/Advance Search/a_Features Control' is visible

2019-05-15 10:12:04 - [TEST_STEP][PASSED] - click: Object: 'Object Repository/ADMIN/Features Control/Advance Search/a_Features Control' is clicked on

2019-05-15 10:12:14 - [MESSAGE][PASSED] - Object: 'Object Repository/ADMIN/Features Control/Advance Search/a_Features Control' is clicked on

2019-05-15 10:12:14 - [TEST_STEP][PASSED] - waitForElementVisible: Object 'Object Repository/ADMIN/Features Control/Booking Unit/button_Edit' is visible

2019-05-15 10:12:14 - [MESSAGE][WARNING] - Timeout '0' is invalid. Using default page load timeout: '30'

2019-05-15 10:12:14 - [MESSAGE][PASSED] - Object 'Object Repository/ADMIN/Features Control/Booking Unit/button_Edit' is visible

2019-05-15 10:12:14 - [TEST_STEP][PASSED] - click: Object: 'Object Repository/ADMIN/Features Control/Booking Unit/button_Edit' is clicked on

2019-05-15 10:12:15 - [MESSAGE][PASSED] - Object: 'Object Repository/ADMIN/Features Control/Booking Unit/button_Edit' is clicked on

2019-05-15 10:12:15 - [TEST_STEP][PASSED] - waitForElementVisible: Object 'Object Repository/ADMIN/Features Control/Booking Unit/icon1st_NewBookingUnit' is visible

2019-05-15 10:12:15 - [MESSAGE][WARNING] - Timeout '0' is invalid. Using default page load timeout: '30'

2019-05-15 10:12:15 - [MESSAGE][PASSED] - Object 'Object Repository/ADMIN/Features Control/Booking Unit/icon1st_NewBookingUnit' is visible

2019-05-15 10:12:15 - [TEST_STEP][PASSED] - verifyElementVisible: Object 'Object Repository/ADMIN/Features Control/Booking Unit/textlabel_NewBookingUnit' is visible

2019-05-15 10:12:15 - [MESSAGE][PASSED] - Object 'Object Repository/ADMIN/Features Control/Booking Unit/textlabel_NewBookingUnit' is visible

2019-05-15 10:12:15 - [TEST_STEP][PASSED] - delay: Delayed 1 second(s)

2019-05-15 10:12:16 - [MESSAGE][PASSED] - Delayed 1 second(s)

2019-05-15 10:12:16 - [TEST_STEP][PASSED] - click: Object: 'Object Repository/ADMIN/Features Control/Booking Unit/button_AddBookingUnit' is clicked on

2019-05-15 10:12:16 - [MESSAGE][PASSED] - Object: 'Object Repository/ADMIN/Features Control/Booking Unit/button_AddBookingUnit' is clicked on

2019-05-15 10:12:16 - [TEST_STEP][PASSED] - waitForElementVisible: Object 'Object Repository/ADMIN/Features Control/Booking Unit/a_Add New Booking Unit/textlabel_AddNewBookingUnit' is visible

2019-05-15 10:12:16 - [MESSAGE][WARNING] - Timeout '0' is invalid. Using default page load timeout: '30'

2019-05-15 10:12:16 - [MESSAGE][PASSED] - Object 'Object Repository/ADMIN/Features Control/Booking Unit/a_Add New Booking Unit/textlabel_AddNewBookingUnit' is visible

2019-05-15 10:12:16 - [TEST_STEP][PASSED] - delay: Delayed 1 second(s)

2019-05-15 10:12:17 - [MESSAGE][PASSED] - Delayed 1 second(s)

2019-05-15 10:12:17 - [TEST_STEP][PASSED] - setText: Text 'Day 6' is set on object 'Object Repository/ADMIN/Features Control/Booking Unit/a_Add New Booking Unit/textfield_UnitName'

2019-05-15 10:12:17 - [MESSAGE][PASSED] - Text 'Day 6' is set on object 'Object Repository/ADMIN/Features Control/Booking Unit/a_Add New Booking Unit/textfield_UnitName'

2019-05-15 10:12:17 - [TEST_STEP][PASSED] - delay: Delayed 1 second(s)

2019-05-15 10:12:18 - [MESSAGE][PASSED] - Delayed 1 second(s)

2019-05-15 10:12:18 - [TEST_STEP][PASSED] - click: Object: 'Object Repository/ADMIN/Features Control/Booking Unit/a_Add New Booking Unit/checkbox_Hour' is clicked on

2019-05-15 10:12:19 - [MESSAGE][PASSED] - Object: 'Object Repository/ADMIN/Features Control/Booking Unit/a_Add New Booking Unit/checkbox_Hour' is clicked on

2019-05-15 10:12:19 - [TEST_STEP][PASSED] - click: Object: 'Object Repository/ADMIN/Features Control/Booking Unit/a_Add New Booking Unit/checkbox_Day' is clicked on

2019-05-15 10:12:19 - [MESSAGE][PASSED] - Object: 'Object Repository/ADMIN/Features Control/Booking Unit/a_Add New Booking Unit/checkbox_Day' is clicked on

2019-05-15 10:12:19 - [TEST_STEP][PASSED] - click: Object: 'Object Repository/ADMIN/Features Control/Booking Unit/a_Add New Booking Unit/button_Save' is clicked on

2019-05-15 10:12:19 - [MESSAGE][PASSED] - Object: 'Object Repository/ADMIN/Features Control/Booking Unit/a_Add New Booking Unit/button_Save' is clicked on

2019-05-15 10:12:19 - [TEST_STEP][PASSED] - delay: Delayed 1 second(s)

2019-05-15 10:12:20 - [MESSAGE][PASSED] - Delayed 1 second(s)

2019-05-15 10:12:20 - [TEST_STEP][PASSED] - click: Object: 'Object Repository/ADMIN/Features Control/Booking Unit/topbutton_Save' is clicked on

2019-05-15 10:12:20 - [MESSAGE][PASSED] - Object: 'Object Repository/ADMIN/Features Control/Booking Unit/topbutton_Save' is clicked on

2019-05-15 10:12:20 - [TEST_STEP][PASSED] - waitForElementVisible: Object 'Object Repository/ADMIN/Features Control/Booking Unit/a_Save Popup/button_Save' is visible

2019-05-15 10:12:20 - [MESSAGE][WARNING] - Timeout '0' is invalid. Using default page load timeout: '30'

2019-05-15 10:12:20 - [MESSAGE][PASSED] - Object 'Object Repository/ADMIN/Features Control/Booking Unit/a_Save Popup/button_Save' is visible

2019-05-15 10:12:20 - [TEST_STEP][PASSED] - click: Object: 'Object Repository/ADMIN/Features Control/Booking Unit/a_Save Popup/button_Save' is clicked on

2019-05-15 10:12:20 - [MESSAGE][PASSED] - Object: 'Object Repository/ADMIN/Features Control/Booking Unit/a_Save Popup/button_Save' is clicked on

2019-05-15 10:12:20 - [TEST_STEP][PASSED] - waitForElementVisible: Object 'Object Repository/ADMIN/Features Control/Booking Unit/a_ToasterMessage/toaster_SaveSuccessfully' is visible

2019-05-15 10:12:20 - [MESSAGE][WARNING] - Timeout '0' is invalid. Using default page load timeout: '30'

2019-05-15 10:12:22 - [MESSAGE][PASSED] - Object 'Object Repository/ADMIN/Features Control/Booking Unit/a_ToasterMessage/toaster_SaveSuccessfully' is visible

2019-05-15 10:12:22 - [TEST_STEP][PASSED] - waitForElementNotPresent: Web element with id: 'Object Repository/ADMIN/Features Control/Booking Unit/a_ToasterMessage/toaster_SaveSuccessfully' located by 'By.xpath: //div[@class = 'toast toast-success' and (text() = 'Save successfully' or . = 'Save successfully')]' is not present after '30' second(s)

2019-05-15 10:12:22 - [MESSAGE][WARNING] - Timeout '0' is invalid. Using default page load timeout: '30'

2019-05-15 10:12:29 - [MESSAGE][PASSED] - Web element with id: 'Object Repository/ADMIN/Features Control/Booking Unit/a_ToasterMessage/toaster_SaveSuccessfully' located by 'By.xpath: //div[@class = 'toast toast-success' and (text() = 'Save successfully' or . = 'Save successfully')]' is not present after '30' second(s)]]></system-out>
         <system-err><![CDATA[]]></system-err>
      </testcase>
      <testcase name="Test Cases/ADMIN/Features Control/Booking Unit/Combination/Default/07Add_HourWeek" classname="Test Cases/ADMIN/Features Control/Booking Unit/Combination/Default/07Add_HourWeek" status="PASSED">
         <system-out><![CDATA[2019-05-15 10:12:29 - [TEST_CASE][PASSED] - Test Cases/ADMIN/Features Control/Booking Unit/Combination/Default/07Add_HourWeek: Test Cases/ADMIN/Features Control/Booking Unit/Combination/Default/07Add_HourWeek

2019-05-15 10:12:29 - [TEST_STEP][PASSED] - waitForElementVisible: Object 'Object Repository/ADMIN/Features Control/Advance Search/a_Features Control' is visible

2019-05-15 10:12:29 - [MESSAGE][WARNING] - Timeout '0' is invalid. Using default page load timeout: '30'

2019-05-15 10:12:29 - [MESSAGE][PASSED] - Object 'Object Repository/ADMIN/Features Control/Advance Search/a_Features Control' is visible

2019-05-15 10:12:29 - [TEST_STEP][PASSED] - click: Object: 'Object Repository/ADMIN/Features Control/Advance Search/a_Features Control' is clicked on

2019-05-15 10:12:31 - [MESSAGE][PASSED] - Object: 'Object Repository/ADMIN/Features Control/Advance Search/a_Features Control' is clicked on

2019-05-15 10:12:31 - [TEST_STEP][PASSED] - waitForElementVisible: Object 'Object Repository/ADMIN/Features Control/Booking Unit/button_Edit' is visible

2019-05-15 10:12:31 - [MESSAGE][WARNING] - Timeout '0' is invalid. Using default page load timeout: '30'

2019-05-15 10:12:31 - [MESSAGE][PASSED] - Object 'Object Repository/ADMIN/Features Control/Booking Unit/button_Edit' is visible

2019-05-15 10:12:31 - [TEST_STEP][PASSED] - click: Object: 'Object Repository/ADMIN/Features Control/Booking Unit/button_Edit' is clicked on

2019-05-15 10:12:35 - [MESSAGE][PASSED] - Object: 'Object Repository/ADMIN/Features Control/Booking Unit/button_Edit' is clicked on

2019-05-15 10:12:35 - [TEST_STEP][PASSED] - waitForElementVisible: Object 'Object Repository/ADMIN/Features Control/Booking Unit/icon1st_NewBookingUnit' is visible

2019-05-15 10:12:35 - [MESSAGE][WARNING] - Timeout '0' is invalid. Using default page load timeout: '30'

2019-05-15 10:12:35 - [MESSAGE][PASSED] - Object 'Object Repository/ADMIN/Features Control/Booking Unit/icon1st_NewBookingUnit' is visible

2019-05-15 10:12:35 - [TEST_STEP][PASSED] - verifyElementVisible: Object 'Object Repository/ADMIN/Features Control/Booking Unit/textlabel_NewBookingUnit' is visible

2019-05-15 10:12:35 - [MESSAGE][PASSED] - Object 'Object Repository/ADMIN/Features Control/Booking Unit/textlabel_NewBookingUnit' is visible

2019-05-15 10:12:35 - [TEST_STEP][PASSED] - delay: Delayed 1 second(s)

2019-05-15 10:12:36 - [MESSAGE][PASSED] - Delayed 1 second(s)

2019-05-15 10:12:36 - [TEST_STEP][PASSED] - click: Object: 'Object Repository/ADMIN/Features Control/Booking Unit/button_AddBookingUnit' is clicked on

2019-05-15 10:12:36 - [MESSAGE][PASSED] - Object: 'Object Repository/ADMIN/Features Control/Booking Unit/button_AddBookingUnit' is clicked on

2019-05-15 10:12:36 - [TEST_STEP][PASSED] - waitForElementVisible: Object 'Object Repository/ADMIN/Features Control/Booking Unit/a_Add New Booking Unit/textlabel_AddNewBookingUnit' is visible

2019-05-15 10:12:36 - [MESSAGE][WARNING] - Timeout '0' is invalid. Using default page load timeout: '30'

2019-05-15 10:12:36 - [MESSAGE][PASSED] - Object 'Object Repository/ADMIN/Features Control/Booking Unit/a_Add New Booking Unit/textlabel_AddNewBookingUnit' is visible

2019-05-15 10:12:36 - [TEST_STEP][PASSED] - delay: Delayed 1 second(s)

2019-05-15 10:12:37 - [MESSAGE][PASSED] - Delayed 1 second(s)

2019-05-15 10:12:37 - [TEST_STEP][PASSED] - setText: Text 'Day 7' is set on object 'Object Repository/ADMIN/Features Control/Booking Unit/a_Add New Booking Unit/textfield_UnitName'

2019-05-15 10:12:37 - [MESSAGE][PASSED] - Text 'Day 7' is set on object 'Object Repository/ADMIN/Features Control/Booking Unit/a_Add New Booking Unit/textfield_UnitName'

2019-05-15 10:12:37 - [TEST_STEP][PASSED] - delay: Delayed 1 second(s)

2019-05-15 10:12:38 - [MESSAGE][PASSED] - Delayed 1 second(s)

2019-05-15 10:12:38 - [TEST_STEP][PASSED] - click: Object: 'Object Repository/ADMIN/Features Control/Booking Unit/a_Add New Booking Unit/checkbox_Hour' is clicked on

2019-05-15 10:12:38 - [MESSAGE][PASSED] - Object: 'Object Repository/ADMIN/Features Control/Booking Unit/a_Add New Booking Unit/checkbox_Hour' is clicked on

2019-05-15 10:12:38 - [TEST_STEP][PASSED] - click: Object: 'Object Repository/ADMIN/Features Control/Booking Unit/a_Add New Booking Unit/checkbox_Week' is clicked on

2019-05-15 10:12:38 - [MESSAGE][PASSED] - Object: 'Object Repository/ADMIN/Features Control/Booking Unit/a_Add New Booking Unit/checkbox_Week' is clicked on

2019-05-15 10:12:38 - [TEST_STEP][PASSED] - click: Object: 'Object Repository/ADMIN/Features Control/Booking Unit/a_Add New Booking Unit/button_Save' is clicked on

2019-05-15 10:12:39 - [MESSAGE][PASSED] - Object: 'Object Repository/ADMIN/Features Control/Booking Unit/a_Add New Booking Unit/button_Save' is clicked on

2019-05-15 10:12:39 - [TEST_STEP][PASSED] - delay: Delayed 1 second(s)

2019-05-15 10:12:40 - [MESSAGE][PASSED] - Delayed 1 second(s)

2019-05-15 10:12:40 - [TEST_STEP][PASSED] - click: Object: 'Object Repository/ADMIN/Features Control/Booking Unit/topbutton_Save' is clicked on

2019-05-15 10:12:40 - [MESSAGE][PASSED] - Object: 'Object Repository/ADMIN/Features Control/Booking Unit/topbutton_Save' is clicked on

2019-05-15 10:12:40 - [TEST_STEP][PASSED] - waitForElementVisible: Object 'Object Repository/ADMIN/Features Control/Booking Unit/a_Save Popup/button_Save' is visible

2019-05-15 10:12:40 - [MESSAGE][WARNING] - Timeout '0' is invalid. Using default page load timeout: '30'

2019-05-15 10:12:40 - [MESSAGE][PASSED] - Object 'Object Repository/ADMIN/Features Control/Booking Unit/a_Save Popup/button_Save' is visible

2019-05-15 10:12:40 - [TEST_STEP][PASSED] - click: Object: 'Object Repository/ADMIN/Features Control/Booking Unit/a_Save Popup/button_Save' is clicked on

2019-05-15 10:12:40 - [MESSAGE][PASSED] - Object: 'Object Repository/ADMIN/Features Control/Booking Unit/a_Save Popup/button_Save' is clicked on

2019-05-15 10:12:40 - [TEST_STEP][PASSED] - waitForElementVisible: Object 'Object Repository/ADMIN/Features Control/Booking Unit/a_ToasterMessage/toaster_SaveSuccessfully' is visible

2019-05-15 10:12:40 - [MESSAGE][WARNING] - Timeout '0' is invalid. Using default page load timeout: '30'

2019-05-15 10:13:02 - [MESSAGE][PASSED] - Object 'Object Repository/ADMIN/Features Control/Booking Unit/a_ToasterMessage/toaster_SaveSuccessfully' is visible

2019-05-15 10:13:02 - [TEST_STEP][PASSED] - waitForElementNotPresent: Web element with id: 'Object Repository/ADMIN/Features Control/Booking Unit/a_ToasterMessage/toaster_SaveSuccessfully' located by 'By.xpath: //div[@class = 'toast toast-success' and (text() = 'Save successfully' or . = 'Save successfully')]' is not present after '30' second(s)

2019-05-15 10:13:02 - [MESSAGE][WARNING] - Timeout '0' is invalid. Using default page load timeout: '30'

2019-05-15 10:13:08 - [MESSAGE][PASSED] - Web element with id: 'Object Repository/ADMIN/Features Control/Booking Unit/a_ToasterMessage/toaster_SaveSuccessfully' located by 'By.xpath: //div[@class = 'toast toast-success' and (text() = 'Save successfully' or . = 'Save successfully')]' is not present after '30' second(s)]]></system-out>
         <system-err><![CDATA[]]></system-err>
      </testcase>
      <testcase name="Test Cases/ADMIN/Features Control/Booking Unit/Combination/Default/08Add_HourMonth" classname="Test Cases/ADMIN/Features Control/Booking Unit/Combination/Default/08Add_HourMonth" status="PASSED">
         <system-out><![CDATA[2019-05-15 10:13:08 - [TEST_CASE][PASSED] - Test Cases/ADMIN/Features Control/Booking Unit/Combination/Default/08Add_HourMonth: Test Cases/ADMIN/Features Control/Booking Unit/Combination/Default/08Add_HourMonth

2019-05-15 10:13:08 - [TEST_STEP][PASSED] - waitForElementVisible: Object 'Object Repository/ADMIN/Features Control/Advance Search/a_Features Control' is visible

2019-05-15 10:13:08 - [MESSAGE][WARNING] - Timeout '0' is invalid. Using default page load timeout: '30'

2019-05-15 10:13:08 - [MESSAGE][PASSED] - Object 'Object Repository/ADMIN/Features Control/Advance Search/a_Features Control' is visible

2019-05-15 10:13:08 - [TEST_STEP][PASSED] - click: Object: 'Object Repository/ADMIN/Features Control/Advance Search/a_Features Control' is clicked on

2019-05-15 10:13:09 - [MESSAGE][PASSED] - Object: 'Object Repository/ADMIN/Features Control/Advance Search/a_Features Control' is clicked on

2019-05-15 10:13:09 - [TEST_STEP][PASSED] - waitForElementVisible: Object 'Object Repository/ADMIN/Features Control/Booking Unit/button_Edit' is visible

2019-05-15 10:13:09 - [MESSAGE][WARNING] - Timeout '0' is invalid. Using default page load timeout: '30'

2019-05-15 10:13:09 - [MESSAGE][PASSED] - Object 'Object Repository/ADMIN/Features Control/Booking Unit/button_Edit' is visible

2019-05-15 10:13:09 - [TEST_STEP][PASSED] - click: Object: 'Object Repository/ADMIN/Features Control/Booking Unit/button_Edit' is clicked on

2019-05-15 10:13:21 - [MESSAGE][PASSED] - Object: 'Object Repository/ADMIN/Features Control/Booking Unit/button_Edit' is clicked on

2019-05-15 10:13:21 - [TEST_STEP][PASSED] - waitForElementVisible: Object 'Object Repository/ADMIN/Features Control/Booking Unit/icon1st_NewBookingUnit' is visible

2019-05-15 10:13:21 - [MESSAGE][WARNING] - Timeout '0' is invalid. Using default page load timeout: '30'

2019-05-15 10:13:21 - [MESSAGE][PASSED] - Object 'Object Repository/ADMIN/Features Control/Booking Unit/icon1st_NewBookingUnit' is visible

2019-05-15 10:13:21 - [TEST_STEP][PASSED] - verifyElementVisible: Object 'Object Repository/ADMIN/Features Control/Booking Unit/textlabel_NewBookingUnit' is visible

2019-05-15 10:13:21 - [MESSAGE][PASSED] - Object 'Object Repository/ADMIN/Features Control/Booking Unit/textlabel_NewBookingUnit' is visible

2019-05-15 10:13:21 - [TEST_STEP][PASSED] - delay: Delayed 1 second(s)

2019-05-15 10:13:22 - [MESSAGE][PASSED] - Delayed 1 second(s)

2019-05-15 10:13:22 - [TEST_STEP][PASSED] - click: Object: 'Object Repository/ADMIN/Features Control/Booking Unit/button_AddBookingUnit' is clicked on

2019-05-15 10:13:22 - [MESSAGE][PASSED] - Object: 'Object Repository/ADMIN/Features Control/Booking Unit/button_AddBookingUnit' is clicked on

2019-05-15 10:13:22 - [TEST_STEP][PASSED] - waitForElementVisible: Object 'Object Repository/ADMIN/Features Control/Booking Unit/a_Add New Booking Unit/textlabel_AddNewBookingUnit' is visible

2019-05-15 10:13:22 - [MESSAGE][WARNING] - Timeout '0' is invalid. Using default page load timeout: '30'

2019-05-15 10:13:22 - [MESSAGE][PASSED] - Object 'Object Repository/ADMIN/Features Control/Booking Unit/a_Add New Booking Unit/textlabel_AddNewBookingUnit' is visible

2019-05-15 10:13:22 - [TEST_STEP][PASSED] - delay: Delayed 1 second(s)

2019-05-15 10:13:23 - [MESSAGE][PASSED] - Delayed 1 second(s)

2019-05-15 10:13:23 - [TEST_STEP][PASSED] - setText: Text 'Day 8' is set on object 'Object Repository/ADMIN/Features Control/Booking Unit/a_Add New Booking Unit/textfield_UnitName'

2019-05-15 10:13:23 - [MESSAGE][PASSED] - Text 'Day 8' is set on object 'Object Repository/ADMIN/Features Control/Booking Unit/a_Add New Booking Unit/textfield_UnitName'

2019-05-15 10:13:23 - [TEST_STEP][PASSED] - delay: Delayed 1 second(s)

2019-05-15 10:13:24 - [MESSAGE][PASSED] - Delayed 1 second(s)

2019-05-15 10:13:24 - [TEST_STEP][PASSED] - click: Object: 'Object Repository/ADMIN/Features Control/Booking Unit/a_Add New Booking Unit/checkbox_Hour' is clicked on

2019-05-15 10:13:25 - [MESSAGE][PASSED] - Object: 'Object Repository/ADMIN/Features Control/Booking Unit/a_Add New Booking Unit/checkbox_Hour' is clicked on

2019-05-15 10:13:25 - [TEST_STEP][PASSED] - click: Object: 'Object Repository/ADMIN/Features Control/Booking Unit/a_Add New Booking Unit/checkbox_Month' is clicked on

2019-05-15 10:13:25 - [MESSAGE][PASSED] - Object: 'Object Repository/ADMIN/Features Control/Booking Unit/a_Add New Booking Unit/checkbox_Month' is clicked on

2019-05-15 10:13:25 - [TEST_STEP][PASSED] - click: Object: 'Object Repository/ADMIN/Features Control/Booking Unit/a_Add New Booking Unit/button_Save' is clicked on

2019-05-15 10:13:25 - [MESSAGE][PASSED] - Object: 'Object Repository/ADMIN/Features Control/Booking Unit/a_Add New Booking Unit/button_Save' is clicked on

2019-05-15 10:13:25 - [TEST_STEP][PASSED] - delay: Delayed 1 second(s)

2019-05-15 10:13:26 - [MESSAGE][PASSED] - Delayed 1 second(s)

2019-05-15 10:13:26 - [TEST_STEP][PASSED] - click: Object: 'Object Repository/ADMIN/Features Control/Booking Unit/topbutton_Save' is clicked on

2019-05-15 10:13:26 - [MESSAGE][PASSED] - Object: 'Object Repository/ADMIN/Features Control/Booking Unit/topbutton_Save' is clicked on

2019-05-15 10:13:26 - [TEST_STEP][PASSED] - waitForElementVisible: Object 'Object Repository/ADMIN/Features Control/Booking Unit/a_Save Popup/button_Save' is visible

2019-05-15 10:13:26 - [MESSAGE][WARNING] - Timeout '0' is invalid. Using default page load timeout: '30'

2019-05-15 10:13:26 - [MESSAGE][PASSED] - Object 'Object Repository/ADMIN/Features Control/Booking Unit/a_Save Popup/button_Save' is visible

2019-05-15 10:13:26 - [TEST_STEP][PASSED] - click: Object: 'Object Repository/ADMIN/Features Control/Booking Unit/a_Save Popup/button_Save' is clicked on

2019-05-15 10:13:26 - [MESSAGE][PASSED] - Object: 'Object Repository/ADMIN/Features Control/Booking Unit/a_Save Popup/button_Save' is clicked on

2019-05-15 10:13:26 - [TEST_STEP][PASSED] - waitForElementVisible: Object 'Object Repository/ADMIN/Features Control/Booking Unit/a_ToasterMessage/toaster_SaveSuccessfully' is visible

2019-05-15 10:13:26 - [MESSAGE][WARNING] - Timeout '0' is invalid. Using default page load timeout: '30'

2019-05-15 10:13:28 - [MESSAGE][PASSED] - Object 'Object Repository/ADMIN/Features Control/Booking Unit/a_ToasterMessage/toaster_SaveSuccessfully' is visible

2019-05-15 10:13:28 - [TEST_STEP][PASSED] - waitForElementNotPresent: Web element with id: 'Object Repository/ADMIN/Features Control/Booking Unit/a_ToasterMessage/toaster_SaveSuccessfully' located by 'By.xpath: //div[@class = 'toast toast-success' and (text() = 'Save successfully' or . = 'Save successfully')]' is not present after '30' second(s)

2019-05-15 10:13:28 - [MESSAGE][WARNING] - Timeout '0' is invalid. Using default page load timeout: '30'

2019-05-15 10:13:34 - [MESSAGE][PASSED] - Web element with id: 'Object Repository/ADMIN/Features Control/Booking Unit/a_ToasterMessage/toaster_SaveSuccessfully' located by 'By.xpath: //div[@class = 'toast toast-success' and (text() = 'Save successfully' or . = 'Save successfully')]' is not present after '30' second(s)]]></system-out>
         <system-err><![CDATA[]]></system-err>
      </testcase>
      <testcase name="Test Cases/ADMIN/Features Control/Booking Unit/Combination/Default/09Add_HourCustom" classname="Test Cases/ADMIN/Features Control/Booking Unit/Combination/Default/09Add_HourCustom" status="PASSED">
         <system-out><![CDATA[2019-05-15 10:13:34 - [TEST_CASE][PASSED] - Test Cases/ADMIN/Features Control/Booking Unit/Combination/Default/09Add_HourCustom: Test Cases/ADMIN/Features Control/Booking Unit/Combination/Default/09Add_HourCustom

2019-05-15 10:13:34 - [TEST_STEP][PASSED] - waitForElementVisible: Object 'Object Repository/ADMIN/Features Control/Advance Search/a_Features Control' is visible

2019-05-15 10:13:34 - [MESSAGE][WARNING] - Timeout '0' is invalid. Using default page load timeout: '30'

2019-05-15 10:13:34 - [MESSAGE][PASSED] - Object 'Object Repository/ADMIN/Features Control/Advance Search/a_Features Control' is visible

2019-05-15 10:13:34 - [TEST_STEP][PASSED] - click: Object: 'Object Repository/ADMIN/Features Control/Advance Search/a_Features Control' is clicked on

2019-05-15 10:13:50 - [MESSAGE][PASSED] - Object: 'Object Repository/ADMIN/Features Control/Advance Search/a_Features Control' is clicked on

2019-05-15 10:13:50 - [TEST_STEP][PASSED] - waitForElementVisible: Object 'Object Repository/ADMIN/Features Control/Booking Unit/button_Edit' is visible

2019-05-15 10:13:50 - [MESSAGE][WARNING] - Timeout '0' is invalid. Using default page load timeout: '30'

2019-05-15 10:13:50 - [MESSAGE][PASSED] - Object 'Object Repository/ADMIN/Features Control/Booking Unit/button_Edit' is visible

2019-05-15 10:13:50 - [TEST_STEP][PASSED] - click: Object: 'Object Repository/ADMIN/Features Control/Booking Unit/button_Edit' is clicked on

2019-05-15 10:13:51 - [MESSAGE][PASSED] - Object: 'Object Repository/ADMIN/Features Control/Booking Unit/button_Edit' is clicked on

2019-05-15 10:13:51 - [TEST_STEP][PASSED] - waitForElementVisible: Object 'Object Repository/ADMIN/Features Control/Booking Unit/icon1st_NewBookingUnit' is visible

2019-05-15 10:13:51 - [MESSAGE][WARNING] - Timeout '0' is invalid. Using default page load timeout: '30'

2019-05-15 10:13:51 - [MESSAGE][PASSED] - Object 'Object Repository/ADMIN/Features Control/Booking Unit/icon1st_NewBookingUnit' is visible

2019-05-15 10:13:51 - [TEST_STEP][PASSED] - verifyElementVisible: Object 'Object Repository/ADMIN/Features Control/Booking Unit/textlabel_NewBookingUnit' is visible

2019-05-15 10:13:51 - [MESSAGE][PASSED] - Object 'Object Repository/ADMIN/Features Control/Booking Unit/textlabel_NewBookingUnit' is visible

2019-05-15 10:13:51 - [TEST_STEP][PASSED] - delay: Delayed 1 second(s)

2019-05-15 10:13:52 - [MESSAGE][PASSED] - Delayed 1 second(s)

2019-05-15 10:13:52 - [TEST_STEP][PASSED] - click: Object: 'Object Repository/ADMIN/Features Control/Booking Unit/button_AddBookingUnit' is clicked on

2019-05-15 10:13:52 - [MESSAGE][PASSED] - Object: 'Object Repository/ADMIN/Features Control/Booking Unit/button_AddBookingUnit' is clicked on

2019-05-15 10:13:52 - [TEST_STEP][PASSED] - waitForElementVisible: Object 'Object Repository/ADMIN/Features Control/Booking Unit/a_Add New Booking Unit/textlabel_AddNewBookingUnit' is visible

2019-05-15 10:13:52 - [MESSAGE][WARNING] - Timeout '0' is invalid. Using default page load timeout: '30'

2019-05-15 10:13:52 - [MESSAGE][PASSED] - Object 'Object Repository/ADMIN/Features Control/Booking Unit/a_Add New Booking Unit/textlabel_AddNewBookingUnit' is visible

2019-05-15 10:13:52 - [TEST_STEP][PASSED] - delay: Delayed 1 second(s)

2019-05-15 10:13:53 - [MESSAGE][PASSED] - Delayed 1 second(s)

2019-05-15 10:13:53 - [TEST_STEP][PASSED] - setText: Text 'Day 9' is set on object 'Object Repository/ADMIN/Features Control/Booking Unit/a_Add New Booking Unit/textfield_UnitName'

2019-05-15 10:13:53 - [MESSAGE][PASSED] - Text 'Day 9' is set on object 'Object Repository/ADMIN/Features Control/Booking Unit/a_Add New Booking Unit/textfield_UnitName'

2019-05-15 10:13:53 - [TEST_STEP][PASSED] - delay: Delayed 1 second(s)

2019-05-15 10:13:54 - [MESSAGE][PASSED] - Delayed 1 second(s)

2019-05-15 10:13:54 - [TEST_STEP][PASSED] - click: Object: 'Object Repository/ADMIN/Features Control/Booking Unit/a_Add New Booking Unit/checkbox_Hour' is clicked on

2019-05-15 10:13:54 - [MESSAGE][PASSED] - Object: 'Object Repository/ADMIN/Features Control/Booking Unit/a_Add New Booking Unit/checkbox_Hour' is clicked on

2019-05-15 10:13:54 - [TEST_STEP][PASSED] - click: Object: 'Object Repository/ADMIN/Features Control/Booking Unit/a_Add New Booking Unit/checkbox_Custom' is clicked on

2019-05-15 10:13:54 - [MESSAGE][PASSED] - Object: 'Object Repository/ADMIN/Features Control/Booking Unit/a_Add New Booking Unit/checkbox_Custom' is clicked on

2019-05-15 10:13:54 - [TEST_STEP][PASSED] - click: Object: 'Object Repository/ADMIN/Features Control/Booking Unit/a_Add New Booking Unit/button_Save' is clicked on

2019-05-15 10:13:55 - [MESSAGE][PASSED] - Object: 'Object Repository/ADMIN/Features Control/Booking Unit/a_Add New Booking Unit/button_Save' is clicked on

2019-05-15 10:13:55 - [TEST_STEP][PASSED] - delay: Delayed 1 second(s)

2019-05-15 10:13:56 - [MESSAGE][PASSED] - Delayed 1 second(s)

2019-05-15 10:13:56 - [TEST_STEP][PASSED] - click: Object: 'Object Repository/ADMIN/Features Control/Booking Unit/topbutton_Save' is clicked on

2019-05-15 10:13:56 - [MESSAGE][PASSED] - Object: 'Object Repository/ADMIN/Features Control/Booking Unit/topbutton_Save' is clicked on

2019-05-15 10:13:56 - [TEST_STEP][PASSED] - waitForElementVisible: Object 'Object Repository/ADMIN/Features Control/Booking Unit/a_Save Popup/button_Save' is visible

2019-05-15 10:13:56 - [MESSAGE][WARNING] - Timeout '0' is invalid. Using default page load timeout: '30'

2019-05-15 10:13:56 - [MESSAGE][PASSED] - Object 'Object Repository/ADMIN/Features Control/Booking Unit/a_Save Popup/button_Save' is visible

2019-05-15 10:13:56 - [TEST_STEP][PASSED] - click: Object: 'Object Repository/ADMIN/Features Control/Booking Unit/a_Save Popup/button_Save' is clicked on

2019-05-15 10:13:56 - [MESSAGE][PASSED] - Object: 'Object Repository/ADMIN/Features Control/Booking Unit/a_Save Popup/button_Save' is clicked on

2019-05-15 10:13:56 - [TEST_STEP][PASSED] - waitForElementVisible: Object 'Object Repository/ADMIN/Features Control/Booking Unit/a_ToasterMessage/toaster_SaveSuccessfully' is visible

2019-05-15 10:13:56 - [MESSAGE][WARNING] - Timeout '0' is invalid. Using default page load timeout: '30'

2019-05-15 10:13:56 - [MESSAGE][PASSED] - Object 'Object Repository/ADMIN/Features Control/Booking Unit/a_ToasterMessage/toaster_SaveSuccessfully' is visible

2019-05-15 10:13:56 - [TEST_STEP][PASSED] - waitForElementNotPresent: Web element with id: 'Object Repository/ADMIN/Features Control/Booking Unit/a_ToasterMessage/toaster_SaveSuccessfully' located by 'By.xpath: //div[@class = 'toast toast-success' and (text() = 'Save successfully' or . = 'Save successfully')]' is not present after '30' second(s)

2019-05-15 10:13:56 - [MESSAGE][WARNING] - Timeout '0' is invalid. Using default page load timeout: '30'

2019-05-15 10:14:02 - [MESSAGE][PASSED] - Web element with id: 'Object Repository/ADMIN/Features Control/Booking Unit/a_ToasterMessage/toaster_SaveSuccessfully' located by 'By.xpath: //div[@class = 'toast toast-success' and (text() = 'Save successfully' or . = 'Save successfully')]' is not present after '30' second(s)]]></system-out>
         <system-err><![CDATA[]]></system-err>
      </testcase>
      <testcase name="Test Cases/ADMIN/Features Control/Booking Unit/Combination/Default/10Add_DayWeek" classname="Test Cases/ADMIN/Features Control/Booking Unit/Combination/Default/10Add_DayWeek" status="PASSED">
         <system-out><![CDATA[2019-05-15 10:14:02 - [TEST_CASE][PASSED] - Test Cases/ADMIN/Features Control/Booking Unit/Combination/Default/10Add_DayWeek: Test Cases/ADMIN/Features Control/Booking Unit/Combination/Default/10Add_DayWeek

2019-05-15 10:14:02 - [TEST_STEP][PASSED] - waitForElementVisible: Object 'Object Repository/ADMIN/Features Control/Advance Search/a_Features Control' is visible

2019-05-15 10:14:02 - [MESSAGE][WARNING] - Timeout '0' is invalid. Using default page load timeout: '30'

2019-05-15 10:14:02 - [MESSAGE][PASSED] - Object 'Object Repository/ADMIN/Features Control/Advance Search/a_Features Control' is visible

2019-05-15 10:14:02 - [TEST_STEP][PASSED] - click: Object: 'Object Repository/ADMIN/Features Control/Advance Search/a_Features Control' is clicked on

2019-05-15 10:14:10 - [MESSAGE][PASSED] - Object: 'Object Repository/ADMIN/Features Control/Advance Search/a_Features Control' is clicked on

2019-05-15 10:14:10 - [TEST_STEP][PASSED] - waitForElementVisible: Object 'Object Repository/ADMIN/Features Control/Booking Unit/button_Edit' is visible

2019-05-15 10:14:10 - [MESSAGE][WARNING] - Timeout '0' is invalid. Using default page load timeout: '30'

2019-05-15 10:14:10 - [MESSAGE][PASSED] - Object 'Object Repository/ADMIN/Features Control/Booking Unit/button_Edit' is visible

2019-05-15 10:14:10 - [TEST_STEP][PASSED] - click: Object: 'Object Repository/ADMIN/Features Control/Booking Unit/button_Edit' is clicked on

2019-05-15 10:14:11 - [MESSAGE][PASSED] - Object: 'Object Repository/ADMIN/Features Control/Booking Unit/button_Edit' is clicked on

2019-05-15 10:14:11 - [TEST_STEP][PASSED] - waitForElementVisible: Object 'Object Repository/ADMIN/Features Control/Booking Unit/icon1st_NewBookingUnit' is visible

2019-05-15 10:14:11 - [MESSAGE][WARNING] - Timeout '0' is invalid. Using default page load timeout: '30'

2019-05-15 10:14:11 - [MESSAGE][PASSED] - Object 'Object Repository/ADMIN/Features Control/Booking Unit/icon1st_NewBookingUnit' is visible

2019-05-15 10:14:11 - [TEST_STEP][PASSED] - verifyElementVisible: Object 'Object Repository/ADMIN/Features Control/Booking Unit/textlabel_NewBookingUnit' is visible

2019-05-15 10:14:11 - [MESSAGE][PASSED] - Object 'Object Repository/ADMIN/Features Control/Booking Unit/textlabel_NewBookingUnit' is visible

2019-05-15 10:14:11 - [TEST_STEP][PASSED] - delay: Delayed 1 second(s)

2019-05-15 10:14:12 - [MESSAGE][PASSED] - Delayed 1 second(s)

2019-05-15 10:14:12 - [TEST_STEP][PASSED] - click: Object: 'Object Repository/ADMIN/Features Control/Booking Unit/button_AddBookingUnit' is clicked on

2019-05-15 10:14:12 - [MESSAGE][PASSED] - Object: 'Object Repository/ADMIN/Features Control/Booking Unit/button_AddBookingUnit' is clicked on

2019-05-15 10:14:12 - [TEST_STEP][PASSED] - waitForElementVisible: Object 'Object Repository/ADMIN/Features Control/Booking Unit/a_Add New Booking Unit/textlabel_AddNewBookingUnit' is visible

2019-05-15 10:14:12 - [MESSAGE][WARNING] - Timeout '0' is invalid. Using default page load timeout: '30'

2019-05-15 10:14:12 - [MESSAGE][PASSED] - Object 'Object Repository/ADMIN/Features Control/Booking Unit/a_Add New Booking Unit/textlabel_AddNewBookingUnit' is visible

2019-05-15 10:14:12 - [TEST_STEP][PASSED] - delay: Delayed 1 second(s)

2019-05-15 10:14:13 - [MESSAGE][PASSED] - Delayed 1 second(s)

2019-05-15 10:14:13 - [TEST_STEP][PASSED] - setText: Text 'Day 10' is set on object 'Object Repository/ADMIN/Features Control/Booking Unit/a_Add New Booking Unit/textfield_UnitName'

2019-05-15 10:14:13 - [MESSAGE][PASSED] - Text 'Day 10' is set on object 'Object Repository/ADMIN/Features Control/Booking Unit/a_Add New Booking Unit/textfield_UnitName'

2019-05-15 10:14:13 - [TEST_STEP][PASSED] - delay: Delayed 1 second(s)

2019-05-15 10:14:14 - [MESSAGE][PASSED] - Delayed 1 second(s)

2019-05-15 10:14:14 - [TEST_STEP][PASSED] - click: Object: 'Object Repository/ADMIN/Features Control/Booking Unit/a_Add New Booking Unit/checkbox_Day' is clicked on

2019-05-15 10:14:14 - [MESSAGE][PASSED] - Object: 'Object Repository/ADMIN/Features Control/Booking Unit/a_Add New Booking Unit/checkbox_Day' is clicked on

2019-05-15 10:14:14 - [TEST_STEP][PASSED] - click: Object: 'Object Repository/ADMIN/Features Control/Booking Unit/a_Add New Booking Unit/checkbox_Week' is clicked on

2019-05-15 10:14:14 - [MESSAGE][PASSED] - Object: 'Object Repository/ADMIN/Features Control/Booking Unit/a_Add New Booking Unit/checkbox_Week' is clicked on

2019-05-15 10:14:14 - [TEST_STEP][PASSED] - click: Object: 'Object Repository/ADMIN/Features Control/Booking Unit/a_Add New Booking Unit/button_Save' is clicked on

2019-05-15 10:14:15 - [MESSAGE][PASSED] - Object: 'Object Repository/ADMIN/Features Control/Booking Unit/a_Add New Booking Unit/button_Save' is clicked on

2019-05-15 10:14:15 - [TEST_STEP][PASSED] - delay: Delayed 1 second(s)

2019-05-15 10:14:16 - [MESSAGE][PASSED] - Delayed 1 second(s)

2019-05-15 10:14:16 - [TEST_STEP][PASSED] - click: Object: 'Object Repository/ADMIN/Features Control/Booking Unit/topbutton_Save' is clicked on

2019-05-15 10:14:16 - [MESSAGE][PASSED] - Object: 'Object Repository/ADMIN/Features Control/Booking Unit/topbutton_Save' is clicked on

2019-05-15 10:14:16 - [TEST_STEP][PASSED] - waitForElementVisible: Object 'Object Repository/ADMIN/Features Control/Booking Unit/a_Save Popup/button_Save' is visible

2019-05-15 10:14:16 - [MESSAGE][WARNING] - Timeout '0' is invalid. Using default page load timeout: '30'

2019-05-15 10:14:16 - [MESSAGE][PASSED] - Object 'Object Repository/ADMIN/Features Control/Booking Unit/a_Save Popup/button_Save' is visible

2019-05-15 10:14:16 - [TEST_STEP][PASSED] - click: Object: 'Object Repository/ADMIN/Features Control/Booking Unit/a_Save Popup/button_Save' is clicked on

2019-05-15 10:14:16 - [MESSAGE][PASSED] - Object: 'Object Repository/ADMIN/Features Control/Booking Unit/a_Save Popup/button_Save' is clicked on

2019-05-15 10:14:16 - [TEST_STEP][PASSED] - waitForElementVisible: Object 'Object Repository/ADMIN/Features Control/Booking Unit/a_ToasterMessage/toaster_SaveSuccessfully' is visible

2019-05-15 10:14:16 - [MESSAGE][WARNING] - Timeout '0' is invalid. Using default page load timeout: '30'

2019-05-15 10:14:19 - [MESSAGE][PASSED] - Object 'Object Repository/ADMIN/Features Control/Booking Unit/a_ToasterMessage/toaster_SaveSuccessfully' is visible

2019-05-15 10:14:19 - [TEST_STEP][PASSED] - waitForElementNotPresent: Web element with id: 'Object Repository/ADMIN/Features Control/Booking Unit/a_ToasterMessage/toaster_SaveSuccessfully' located by 'By.xpath: //div[@class = 'toast toast-success' and (text() = 'Save successfully' or . = 'Save successfully')]' is not present after '30' second(s)

2019-05-15 10:14:19 - [MESSAGE][WARNING] - Timeout '0' is invalid. Using default page load timeout: '30'

2019-05-15 10:14:26 - [MESSAGE][PASSED] - Web element with id: 'Object Repository/ADMIN/Features Control/Booking Unit/a_ToasterMessage/toaster_SaveSuccessfully' located by 'By.xpath: //div[@class = 'toast toast-success' and (text() = 'Save successfully' or . = 'Save successfully')]' is not present after '30' second(s)]]></system-out>
         <system-err><![CDATA[]]></system-err>
      </testcase>
      <testcase name="Test Cases/ADMIN/Features Control/Booking Unit/Combination/Default/11Add_DayMonth" classname="Test Cases/ADMIN/Features Control/Booking Unit/Combination/Default/11Add_DayMonth" status="PASSED">
         <system-out><![CDATA[2019-05-15 10:14:26 - [TEST_CASE][PASSED] - Test Cases/ADMIN/Features Control/Booking Unit/Combination/Default/11Add_DayMonth: Test Cases/ADMIN/Features Control/Booking Unit/Combination/Default/11Add_DayMonth

2019-05-15 10:14:26 - [TEST_STEP][PASSED] - waitForElementVisible: Object 'Object Repository/ADMIN/Features Control/Advance Search/a_Features Control' is visible

2019-05-15 10:14:26 - [MESSAGE][WARNING] - Timeout '0' is invalid. Using default page load timeout: '30'

2019-05-15 10:14:26 - [MESSAGE][PASSED] - Object 'Object Repository/ADMIN/Features Control/Advance Search/a_Features Control' is visible

2019-05-15 10:14:26 - [TEST_STEP][PASSED] - click: Object: 'Object Repository/ADMIN/Features Control/Advance Search/a_Features Control' is clicked on

2019-05-15 10:14:26 - [MESSAGE][PASSED] - Object: 'Object Repository/ADMIN/Features Control/Advance Search/a_Features Control' is clicked on

2019-05-15 10:14:26 - [TEST_STEP][PASSED] - waitForElementVisible: Object 'Object Repository/ADMIN/Features Control/Booking Unit/button_Edit' is visible

2019-05-15 10:14:26 - [MESSAGE][WARNING] - Timeout '0' is invalid. Using default page load timeout: '30'

2019-05-15 10:14:26 - [MESSAGE][PASSED] - Object 'Object Repository/ADMIN/Features Control/Booking Unit/button_Edit' is visible

2019-05-15 10:14:26 - [TEST_STEP][PASSED] - click: Object: 'Object Repository/ADMIN/Features Control/Booking Unit/button_Edit' is clicked on

2019-05-15 10:14:27 - [MESSAGE][PASSED] - Object: 'Object Repository/ADMIN/Features Control/Booking Unit/button_Edit' is clicked on

2019-05-15 10:14:27 - [TEST_STEP][PASSED] - waitForElementVisible: Object 'Object Repository/ADMIN/Features Control/Booking Unit/icon1st_NewBookingUnit' is visible

2019-05-15 10:14:27 - [MESSAGE][WARNING] - Timeout '0' is invalid. Using default page load timeout: '30'

2019-05-15 10:14:27 - [MESSAGE][PASSED] - Object 'Object Repository/ADMIN/Features Control/Booking Unit/icon1st_NewBookingUnit' is visible

2019-05-15 10:14:27 - [TEST_STEP][PASSED] - verifyElementVisible: Object 'Object Repository/ADMIN/Features Control/Booking Unit/textlabel_NewBookingUnit' is visible

2019-05-15 10:14:27 - [MESSAGE][PASSED] - Object 'Object Repository/ADMIN/Features Control/Booking Unit/textlabel_NewBookingUnit' is visible

2019-05-15 10:14:27 - [TEST_STEP][PASSED] - delay: Delayed 1 second(s)

2019-05-15 10:14:28 - [MESSAGE][PASSED] - Delayed 1 second(s)

2019-05-15 10:14:28 - [TEST_STEP][PASSED] - click: Object: 'Object Repository/ADMIN/Features Control/Booking Unit/button_AddBookingUnit' is clicked on

2019-05-15 10:14:28 - [MESSAGE][PASSED] - Object: 'Object Repository/ADMIN/Features Control/Booking Unit/button_AddBookingUnit' is clicked on

2019-05-15 10:14:28 - [TEST_STEP][PASSED] - waitForElementVisible: Object 'Object Repository/ADMIN/Features Control/Booking Unit/a_Add New Booking Unit/textlabel_AddNewBookingUnit' is visible

2019-05-15 10:14:28 - [MESSAGE][WARNING] - Timeout '0' is invalid. Using default page load timeout: '30'

2019-05-15 10:14:28 - [MESSAGE][PASSED] - Object 'Object Repository/ADMIN/Features Control/Booking Unit/a_Add New Booking Unit/textlabel_AddNewBookingUnit' is visible

2019-05-15 10:14:28 - [TEST_STEP][PASSED] - delay: Delayed 1 second(s)

2019-05-15 10:14:29 - [MESSAGE][PASSED] - Delayed 1 second(s)

2019-05-15 10:14:29 - [TEST_STEP][PASSED] - setText: Text 'Day 11' is set on object 'Object Repository/ADMIN/Features Control/Booking Unit/a_Add New Booking Unit/textfield_UnitName'

2019-05-15 10:14:30 - [MESSAGE][PASSED] - Text 'Day 11' is set on object 'Object Repository/ADMIN/Features Control/Booking Unit/a_Add New Booking Unit/textfield_UnitName'

2019-05-15 10:14:30 - [TEST_STEP][PASSED] - delay: Delayed 1 second(s)

2019-05-15 10:14:31 - [MESSAGE][PASSED] - Delayed 1 second(s)

2019-05-15 10:14:31 - [TEST_STEP][PASSED] - click: Object: 'Object Repository/ADMIN/Features Control/Booking Unit/a_Add New Booking Unit/checkbox_Day' is clicked on

2019-05-15 10:14:31 - [MESSAGE][PASSED] - Object: 'Object Repository/ADMIN/Features Control/Booking Unit/a_Add New Booking Unit/checkbox_Day' is clicked on

2019-05-15 10:14:31 - [TEST_STEP][PASSED] - click: Object: 'Object Repository/ADMIN/Features Control/Booking Unit/a_Add New Booking Unit/checkbox_Month' is clicked on

2019-05-15 10:14:31 - [MESSAGE][PASSED] - Object: 'Object Repository/ADMIN/Features Control/Booking Unit/a_Add New Booking Unit/checkbox_Month' is clicked on

2019-05-15 10:14:31 - [TEST_STEP][PASSED] - click: Object: 'Object Repository/ADMIN/Features Control/Booking Unit/a_Add New Booking Unit/button_Save' is clicked on

2019-05-15 10:14:31 - [MESSAGE][PASSED] - Object: 'Object Repository/ADMIN/Features Control/Booking Unit/a_Add New Booking Unit/button_Save' is clicked on

2019-05-15 10:14:31 - [TEST_STEP][PASSED] - delay: Delayed 1 second(s)

2019-05-15 10:14:32 - [MESSAGE][PASSED] - Delayed 1 second(s)

2019-05-15 10:14:32 - [TEST_STEP][PASSED] - click: Object: 'Object Repository/ADMIN/Features Control/Booking Unit/topbutton_Save' is clicked on

2019-05-15 10:14:32 - [MESSAGE][PASSED] - Object: 'Object Repository/ADMIN/Features Control/Booking Unit/topbutton_Save' is clicked on

2019-05-15 10:14:32 - [TEST_STEP][PASSED] - waitForElementVisible: Object 'Object Repository/ADMIN/Features Control/Booking Unit/a_Save Popup/button_Save' is visible

2019-05-15 10:14:32 - [MESSAGE][WARNING] - Timeout '0' is invalid. Using default page load timeout: '30'

2019-05-15 10:14:32 - [MESSAGE][PASSED] - Object 'Object Repository/ADMIN/Features Control/Booking Unit/a_Save Popup/button_Save' is visible

2019-05-15 10:14:32 - [TEST_STEP][PASSED] - click: Object: 'Object Repository/ADMIN/Features Control/Booking Unit/a_Save Popup/button_Save' is clicked on

2019-05-15 10:14:32 - [MESSAGE][PASSED] - Object: 'Object Repository/ADMIN/Features Control/Booking Unit/a_Save Popup/button_Save' is clicked on

2019-05-15 10:14:32 - [TEST_STEP][PASSED] - waitForElementVisible: Object 'Object Repository/ADMIN/Features Control/Booking Unit/a_ToasterMessage/toaster_SaveSuccessfully' is visible

2019-05-15 10:14:32 - [MESSAGE][WARNING] - Timeout '0' is invalid. Using default page load timeout: '30'

2019-05-15 10:14:35 - [MESSAGE][PASSED] - Object 'Object Repository/ADMIN/Features Control/Booking Unit/a_ToasterMessage/toaster_SaveSuccessfully' is visible

2019-05-15 10:14:35 - [TEST_STEP][PASSED] - waitForElementNotPresent: Web element with id: 'Object Repository/ADMIN/Features Control/Booking Unit/a_ToasterMessage/toaster_SaveSuccessfully' located by 'By.xpath: //div[@class = 'toast toast-success' and (text() = 'Save successfully' or . = 'Save successfully')]' is not present after '30' second(s)

2019-05-15 10:14:35 - [MESSAGE][WARNING] - Timeout '0' is invalid. Using default page load timeout: '30'

2019-05-15 10:14:40 - [MESSAGE][PASSED] - Web element with id: 'Object Repository/ADMIN/Features Control/Booking Unit/a_ToasterMessage/toaster_SaveSuccessfully' located by 'By.xpath: //div[@class = 'toast toast-success' and (text() = 'Save successfully' or . = 'Save successfully')]' is not present after '30' second(s)]]></system-out>
         <system-err><![CDATA[]]></system-err>
      </testcase>
      <testcase name="Test Cases/ADMIN/Features Control/Booking Unit/Combination/Default/12Add_DayCustom" classname="Test Cases/ADMIN/Features Control/Booking Unit/Combination/Default/12Add_DayCustom" status="PASSED">
         <system-out><![CDATA[2019-05-15 10:14:40 - [TEST_CASE][PASSED] - Test Cases/ADMIN/Features Control/Booking Unit/Combination/Default/12Add_DayCustom: Test Cases/ADMIN/Features Control/Booking Unit/Combination/Default/12Add_DayCustom

2019-05-15 10:14:41 - [TEST_STEP][PASSED] - waitForElementVisible: Object 'Object Repository/ADMIN/Features Control/Advance Search/a_Features Control' is visible

2019-05-15 10:14:41 - [MESSAGE][WARNING] - Timeout '0' is invalid. Using default page load timeout: '30'

2019-05-15 10:14:41 - [MESSAGE][PASSED] - Object 'Object Repository/ADMIN/Features Control/Advance Search/a_Features Control' is visible

2019-05-15 10:14:41 - [TEST_STEP][PASSED] - click: Object: 'Object Repository/ADMIN/Features Control/Advance Search/a_Features Control' is clicked on

2019-05-15 10:14:52 - [MESSAGE][PASSED] - Object: 'Object Repository/ADMIN/Features Control/Advance Search/a_Features Control' is clicked on

2019-05-15 10:14:52 - [TEST_STEP][PASSED] - waitForElementVisible: Object 'Object Repository/ADMIN/Features Control/Booking Unit/button_Edit' is visible

2019-05-15 10:14:52 - [MESSAGE][WARNING] - Timeout '0' is invalid. Using default page load timeout: '30'

2019-05-15 10:14:52 - [MESSAGE][PASSED] - Object 'Object Repository/ADMIN/Features Control/Booking Unit/button_Edit' is visible

2019-05-15 10:14:52 - [TEST_STEP][PASSED] - click: Object: 'Object Repository/ADMIN/Features Control/Booking Unit/button_Edit' is clicked on

2019-05-15 10:14:55 - [MESSAGE][PASSED] - Object: 'Object Repository/ADMIN/Features Control/Booking Unit/button_Edit' is clicked on

2019-05-15 10:14:55 - [TEST_STEP][PASSED] - waitForElementVisible: Object 'Object Repository/ADMIN/Features Control/Booking Unit/icon1st_NewBookingUnit' is visible

2019-05-15 10:14:55 - [MESSAGE][WARNING] - Timeout '0' is invalid. Using default page load timeout: '30'

2019-05-15 10:14:55 - [MESSAGE][PASSED] - Object 'Object Repository/ADMIN/Features Control/Booking Unit/icon1st_NewBookingUnit' is visible

2019-05-15 10:14:55 - [TEST_STEP][PASSED] - verifyElementVisible: Object 'Object Repository/ADMIN/Features Control/Booking Unit/textlabel_NewBookingUnit' is visible

2019-05-15 10:14:55 - [MESSAGE][PASSED] - Object 'Object Repository/ADMIN/Features Control/Booking Unit/textlabel_NewBookingUnit' is visible

2019-05-15 10:14:55 - [TEST_STEP][PASSED] - delay: Delayed 1 second(s)

2019-05-15 10:14:57 - [MESSAGE][PASSED] - Delayed 1 second(s)

2019-05-15 10:14:57 - [TEST_STEP][PASSED] - click: Object: 'Object Repository/ADMIN/Features Control/Booking Unit/button_AddBookingUnit' is clicked on

2019-05-15 10:14:57 - [MESSAGE][PASSED] - Object: 'Object Repository/ADMIN/Features Control/Booking Unit/button_AddBookingUnit' is clicked on

2019-05-15 10:14:57 - [TEST_STEP][PASSED] - waitForElementVisible: Object 'Object Repository/ADMIN/Features Control/Booking Unit/a_Add New Booking Unit/textlabel_AddNewBookingUnit' is visible

2019-05-15 10:14:57 - [MESSAGE][WARNING] - Timeout '0' is invalid. Using default page load timeout: '30'

2019-05-15 10:14:57 - [MESSAGE][PASSED] - Object 'Object Repository/ADMIN/Features Control/Booking Unit/a_Add New Booking Unit/textlabel_AddNewBookingUnit' is visible

2019-05-15 10:14:57 - [TEST_STEP][PASSED] - delay: Delayed 1 second(s)

2019-05-15 10:14:58 - [MESSAGE][PASSED] - Delayed 1 second(s)

2019-05-15 10:14:58 - [TEST_STEP][PASSED] - setText: Text 'Day 12' is set on object 'Object Repository/ADMIN/Features Control/Booking Unit/a_Add New Booking Unit/textfield_UnitName'

2019-05-15 10:14:58 - [MESSAGE][PASSED] - Text 'Day 12' is set on object 'Object Repository/ADMIN/Features Control/Booking Unit/a_Add New Booking Unit/textfield_UnitName'

2019-05-15 10:14:58 - [TEST_STEP][PASSED] - delay: Delayed 1 second(s)

2019-05-15 10:14:59 - [MESSAGE][PASSED] - Delayed 1 second(s)

2019-05-15 10:14:59 - [TEST_STEP][PASSED] - click: Object: 'Object Repository/ADMIN/Features Control/Booking Unit/a_Add New Booking Unit/checkbox_Day' is clicked on

2019-05-15 10:14:59 - [MESSAGE][PASSED] - Object: 'Object Repository/ADMIN/Features Control/Booking Unit/a_Add New Booking Unit/checkbox_Day' is clicked on

2019-05-15 10:14:59 - [TEST_STEP][PASSED] - click: Object: 'Object Repository/ADMIN/Features Control/Booking Unit/a_Add New Booking Unit/checkbox_Custom' is clicked on

2019-05-15 10:14:59 - [MESSAGE][PASSED] - Object: 'Object Repository/ADMIN/Features Control/Booking Unit/a_Add New Booking Unit/checkbox_Custom' is clicked on

2019-05-15 10:14:59 - [TEST_STEP][PASSED] - click: Object: 'Object Repository/ADMIN/Features Control/Booking Unit/a_Add New Booking Unit/button_Save' is clicked on

2019-05-15 10:14:59 - [MESSAGE][PASSED] - Object: 'Object Repository/ADMIN/Features Control/Booking Unit/a_Add New Booking Unit/button_Save' is clicked on

2019-05-15 10:14:59 - [TEST_STEP][PASSED] - delay: Delayed 1 second(s)

2019-05-15 10:15:00 - [MESSAGE][PASSED] - Delayed 1 second(s)

2019-05-15 10:15:00 - [TEST_STEP][PASSED] - click: Object: 'Object Repository/ADMIN/Features Control/Booking Unit/topbutton_Save' is clicked on

2019-05-15 10:15:00 - [MESSAGE][PASSED] - Object: 'Object Repository/ADMIN/Features Control/Booking Unit/topbutton_Save' is clicked on

2019-05-15 10:15:00 - [TEST_STEP][PASSED] - waitForElementVisible: Object 'Object Repository/ADMIN/Features Control/Booking Unit/a_Save Popup/button_Save' is visible

2019-05-15 10:15:00 - [MESSAGE][WARNING] - Timeout '0' is invalid. Using default page load timeout: '30'

2019-05-15 10:15:00 - [MESSAGE][PASSED] - Object 'Object Repository/ADMIN/Features Control/Booking Unit/a_Save Popup/button_Save' is visible

2019-05-15 10:15:00 - [TEST_STEP][PASSED] - click: Object: 'Object Repository/ADMIN/Features Control/Booking Unit/a_Save Popup/button_Save' is clicked on

2019-05-15 10:15:00 - [MESSAGE][PASSED] - Object: 'Object Repository/ADMIN/Features Control/Booking Unit/a_Save Popup/button_Save' is clicked on

2019-05-15 10:15:00 - [TEST_STEP][PASSED] - waitForElementVisible: Object 'Object Repository/ADMIN/Features Control/Booking Unit/a_ToasterMessage/toaster_SaveSuccessfully' is visible

2019-05-15 10:15:00 - [MESSAGE][WARNING] - Timeout '0' is invalid. Using default page load timeout: '30'

2019-05-15 10:15:01 - [MESSAGE][PASSED] - Object 'Object Repository/ADMIN/Features Control/Booking Unit/a_ToasterMessage/toaster_SaveSuccessfully' is visible

2019-05-15 10:15:01 - [TEST_STEP][PASSED] - waitForElementNotPresent: Web element with id: 'Object Repository/ADMIN/Features Control/Booking Unit/a_ToasterMessage/toaster_SaveSuccessfully' located by 'By.xpath: //div[@class = 'toast toast-success' and (text() = 'Save successfully' or . = 'Save successfully')]' is not present after '30' second(s)

2019-05-15 10:15:01 - [MESSAGE][WARNING] - Timeout '0' is invalid. Using default page load timeout: '30'

2019-05-15 10:15:07 - [MESSAGE][PASSED] - Web element with id: 'Object Repository/ADMIN/Features Control/Booking Unit/a_ToasterMessage/toaster_SaveSuccessfully' located by 'By.xpath: //div[@class = 'toast toast-success' and (text() = 'Save successfully' or . = 'Save successfully')]' is not present after '30' second(s)]]></system-out>
         <system-err><![CDATA[]]></system-err>
      </testcase>
      <testcase name="Test Cases/ADMIN/Features Control/Booking Unit/Combination/Default/13Add_WeekMonth" classname="Test Cases/ADMIN/Features Control/Booking Unit/Combination/Default/13Add_WeekMonth" status="PASSED">
         <system-out><![CDATA[2019-05-15 10:15:07 - [TEST_CASE][PASSED] - Test Cases/ADMIN/Features Control/Booking Unit/Combination/Default/13Add_WeekMonth: Test Cases/ADMIN/Features Control/Booking Unit/Combination/Default/13Add_WeekMonth

2019-05-15 10:15:07 - [TEST_STEP][PASSED] - waitForElementVisible: Object 'Object Repository/ADMIN/Features Control/Advance Search/a_Features Control' is visible

2019-05-15 10:15:07 - [MESSAGE][WARNING] - Timeout '0' is invalid. Using default page load timeout: '30'

2019-05-15 10:15:07 - [MESSAGE][PASSED] - Object 'Object Repository/ADMIN/Features Control/Advance Search/a_Features Control' is visible

2019-05-15 10:15:07 - [TEST_STEP][PASSED] - click: Object: 'Object Repository/ADMIN/Features Control/Advance Search/a_Features Control' is clicked on

2019-05-15 10:15:19 - [MESSAGE][PASSED] - Object: 'Object Repository/ADMIN/Features Control/Advance Search/a_Features Control' is clicked on

2019-05-15 10:15:19 - [TEST_STEP][PASSED] - waitForElementVisible: Object 'Object Repository/ADMIN/Features Control/Booking Unit/button_Edit' is visible

2019-05-15 10:15:19 - [MESSAGE][WARNING] - Timeout '0' is invalid. Using default page load timeout: '30'

2019-05-15 10:15:19 - [MESSAGE][PASSED] - Object 'Object Repository/ADMIN/Features Control/Booking Unit/button_Edit' is visible

2019-05-15 10:15:19 - [TEST_STEP][PASSED] - click: Object: 'Object Repository/ADMIN/Features Control/Booking Unit/button_Edit' is clicked on

2019-05-15 10:15:23 - [MESSAGE][PASSED] - Object: 'Object Repository/ADMIN/Features Control/Booking Unit/button_Edit' is clicked on

2019-05-15 10:15:23 - [TEST_STEP][PASSED] - waitForElementVisible: Object 'Object Repository/ADMIN/Features Control/Booking Unit/icon1st_NewBookingUnit' is visible

2019-05-15 10:15:23 - [MESSAGE][WARNING] - Timeout '0' is invalid. Using default page load timeout: '30'

2019-05-15 10:15:23 - [MESSAGE][PASSED] - Object 'Object Repository/ADMIN/Features Control/Booking Unit/icon1st_NewBookingUnit' is visible

2019-05-15 10:15:23 - [TEST_STEP][PASSED] - verifyElementVisible: Object 'Object Repository/ADMIN/Features Control/Booking Unit/textlabel_NewBookingUnit' is visible

2019-05-15 10:15:23 - [MESSAGE][PASSED] - Object 'Object Repository/ADMIN/Features Control/Booking Unit/textlabel_NewBookingUnit' is visible

2019-05-15 10:15:23 - [TEST_STEP][PASSED] - delay: Delayed 1 second(s)

2019-05-15 10:15:24 - [MESSAGE][PASSED] - Delayed 1 second(s)

2019-05-15 10:15:24 - [TEST_STEP][PASSED] - click: Object: 'Object Repository/ADMIN/Features Control/Booking Unit/button_AddBookingUnit' is clicked on

2019-05-15 10:15:24 - [MESSAGE][PASSED] - Object: 'Object Repository/ADMIN/Features Control/Booking Unit/button_AddBookingUnit' is clicked on

2019-05-15 10:15:24 - [TEST_STEP][PASSED] - waitForElementVisible: Object 'Object Repository/ADMIN/Features Control/Booking Unit/a_Add New Booking Unit/textlabel_AddNewBookingUnit' is visible

2019-05-15 10:15:24 - [MESSAGE][WARNING] - Timeout '0' is invalid. Using default page load timeout: '30'

2019-05-15 10:15:24 - [MESSAGE][PASSED] - Object 'Object Repository/ADMIN/Features Control/Booking Unit/a_Add New Booking Unit/textlabel_AddNewBookingUnit' is visible

2019-05-15 10:15:24 - [TEST_STEP][PASSED] - delay: Delayed 1 second(s)

2019-05-15 10:15:25 - [MESSAGE][PASSED] - Delayed 1 second(s)

2019-05-15 10:15:25 - [TEST_STEP][PASSED] - setText: Text 'Day 13' is set on object 'Object Repository/ADMIN/Features Control/Booking Unit/a_Add New Booking Unit/textfield_UnitName'

2019-05-15 10:15:26 - [MESSAGE][PASSED] - Text 'Day 13' is set on object 'Object Repository/ADMIN/Features Control/Booking Unit/a_Add New Booking Unit/textfield_UnitName'

2019-05-15 10:15:26 - [TEST_STEP][PASSED] - delay: Delayed 1 second(s)

2019-05-15 10:15:27 - [MESSAGE][PASSED] - Delayed 1 second(s)

2019-05-15 10:15:27 - [TEST_STEP][PASSED] - click: Object: 'Object Repository/ADMIN/Features Control/Booking Unit/a_Add New Booking Unit/checkbox_Week' is clicked on

2019-05-15 10:15:27 - [MESSAGE][PASSED] - Object: 'Object Repository/ADMIN/Features Control/Booking Unit/a_Add New Booking Unit/checkbox_Week' is clicked on

2019-05-15 10:15:27 - [TEST_STEP][PASSED] - click: Object: 'Object Repository/ADMIN/Features Control/Booking Unit/a_Add New Booking Unit/checkbox_Month' is clicked on

2019-05-15 10:15:27 - [MESSAGE][PASSED] - Object: 'Object Repository/ADMIN/Features Control/Booking Unit/a_Add New Booking Unit/checkbox_Month' is clicked on

2019-05-15 10:15:27 - [TEST_STEP][PASSED] - click: Object: 'Object Repository/ADMIN/Features Control/Booking Unit/a_Add New Booking Unit/button_Save' is clicked on

2019-05-15 10:15:27 - [MESSAGE][PASSED] - Object: 'Object Repository/ADMIN/Features Control/Booking Unit/a_Add New Booking Unit/button_Save' is clicked on

2019-05-15 10:15:27 - [TEST_STEP][PASSED] - delay: Delayed 1 second(s)

2019-05-15 10:15:28 - [MESSAGE][PASSED] - Delayed 1 second(s)

2019-05-15 10:15:28 - [TEST_STEP][PASSED] - click: Object: 'Object Repository/ADMIN/Features Control/Booking Unit/topbutton_Save' is clicked on

2019-05-15 10:15:28 - [MESSAGE][PASSED] - Object: 'Object Repository/ADMIN/Features Control/Booking Unit/topbutton_Save' is clicked on

2019-05-15 10:15:28 - [TEST_STEP][PASSED] - waitForElementVisible: Object 'Object Repository/ADMIN/Features Control/Booking Unit/a_Save Popup/button_Save' is visible

2019-05-15 10:15:28 - [MESSAGE][WARNING] - Timeout '0' is invalid. Using default page load timeout: '30'

2019-05-15 10:15:28 - [MESSAGE][PASSED] - Object 'Object Repository/ADMIN/Features Control/Booking Unit/a_Save Popup/button_Save' is visible

2019-05-15 10:15:28 - [TEST_STEP][PASSED] - click: Object: 'Object Repository/ADMIN/Features Control/Booking Unit/a_Save Popup/button_Save' is clicked on

2019-05-15 10:15:28 - [MESSAGE][PASSED] - Object: 'Object Repository/ADMIN/Features Control/Booking Unit/a_Save Popup/button_Save' is clicked on

2019-05-15 10:15:28 - [TEST_STEP][PASSED] - waitForElementVisible: Object 'Object Repository/ADMIN/Features Control/Booking Unit/a_ToasterMessage/toaster_SaveSuccessfully' is visible

2019-05-15 10:15:28 - [MESSAGE][WARNING] - Timeout '0' is invalid. Using default page load timeout: '30'

2019-05-15 10:15:31 - [MESSAGE][PASSED] - Object 'Object Repository/ADMIN/Features Control/Booking Unit/a_ToasterMessage/toaster_SaveSuccessfully' is visible

2019-05-15 10:15:31 - [TEST_STEP][PASSED] - waitForElementNotPresent: Web element with id: 'Object Repository/ADMIN/Features Control/Booking Unit/a_ToasterMessage/toaster_SaveSuccessfully' located by 'By.xpath: //div[@class = 'toast toast-success' and (text() = 'Save successfully' or . = 'Save successfully')]' is not present after '30' second(s)

2019-05-15 10:15:31 - [MESSAGE][WARNING] - Timeout '0' is invalid. Using default page load timeout: '30'

2019-05-15 10:15:37 - [MESSAGE][PASSED] - Web element with id: 'Object Repository/ADMIN/Features Control/Booking Unit/a_ToasterMessage/toaster_SaveSuccessfully' located by 'By.xpath: //div[@class = 'toast toast-success' and (text() = 'Save successfully' or . = 'Save successfully')]' is not present after '30' second(s)]]></system-out>
         <system-err><![CDATA[]]></system-err>
      </testcase>
      <testcase name="Test Cases/ADMIN/Features Control/Booking Unit/Combination/Default/14Add_WeekCustom" classname="Test Cases/ADMIN/Features Control/Booking Unit/Combination/Default/14Add_WeekCustom" status="PASSED">
         <system-out><![CDATA[2019-05-15 10:15:37 - [TEST_CASE][PASSED] - Test Cases/ADMIN/Features Control/Booking Unit/Combination/Default/14Add_WeekCustom: Test Cases/ADMIN/Features Control/Booking Unit/Combination/Default/14Add_WeekCustom

2019-05-15 10:15:37 - [TEST_STEP][PASSED] - waitForElementVisible: Object 'Object Repository/ADMIN/Features Control/Advance Search/a_Features Control' is visible

2019-05-15 10:15:37 - [MESSAGE][WARNING] - Timeout '0' is invalid. Using default page load timeout: '30'

2019-05-15 10:15:37 - [MESSAGE][PASSED] - Object 'Object Repository/ADMIN/Features Control/Advance Search/a_Features Control' is visible

2019-05-15 10:15:37 - [TEST_STEP][PASSED] - click: Object: 'Object Repository/ADMIN/Features Control/Advance Search/a_Features Control' is clicked on

2019-05-15 10:15:42 - [MESSAGE][PASSED] - Object: 'Object Repository/ADMIN/Features Control/Advance Search/a_Features Control' is clicked on

2019-05-15 10:15:42 - [TEST_STEP][PASSED] - waitForElementVisible: Object 'Object Repository/ADMIN/Features Control/Booking Unit/button_Edit' is visible

2019-05-15 10:15:42 - [MESSAGE][WARNING] - Timeout '0' is invalid. Using default page load timeout: '30'

2019-05-15 10:15:42 - [MESSAGE][PASSED] - Object 'Object Repository/ADMIN/Features Control/Booking Unit/button_Edit' is visible

2019-05-15 10:15:42 - [TEST_STEP][PASSED] - click: Object: 'Object Repository/ADMIN/Features Control/Booking Unit/button_Edit' is clicked on

2019-05-15 10:15:46 - [MESSAGE][PASSED] - Object: 'Object Repository/ADMIN/Features Control/Booking Unit/button_Edit' is clicked on

2019-05-15 10:15:46 - [TEST_STEP][PASSED] - waitForElementVisible: Object 'Object Repository/ADMIN/Features Control/Booking Unit/icon1st_NewBookingUnit' is visible

2019-05-15 10:15:46 - [MESSAGE][WARNING] - Timeout '0' is invalid. Using default page load timeout: '30'

2019-05-15 10:15:47 - [MESSAGE][PASSED] - Object 'Object Repository/ADMIN/Features Control/Booking Unit/icon1st_NewBookingUnit' is visible

2019-05-15 10:15:47 - [TEST_STEP][PASSED] - verifyElementVisible: Object 'Object Repository/ADMIN/Features Control/Booking Unit/textlabel_NewBookingUnit' is visible

2019-05-15 10:15:47 - [MESSAGE][PASSED] - Object 'Object Repository/ADMIN/Features Control/Booking Unit/textlabel_NewBookingUnit' is visible

2019-05-15 10:15:47 - [TEST_STEP][PASSED] - delay: Delayed 1 second(s)

2019-05-15 10:15:48 - [MESSAGE][PASSED] - Delayed 1 second(s)

2019-05-15 10:15:48 - [TEST_STEP][PASSED] - click: Object: 'Object Repository/ADMIN/Features Control/Booking Unit/button_AddBookingUnit' is clicked on

2019-05-15 10:15:48 - [MESSAGE][PASSED] - Object: 'Object Repository/ADMIN/Features Control/Booking Unit/button_AddBookingUnit' is clicked on

2019-05-15 10:15:48 - [TEST_STEP][PASSED] - waitForElementVisible: Object 'Object Repository/ADMIN/Features Control/Booking Unit/a_Add New Booking Unit/textlabel_AddNewBookingUnit' is visible

2019-05-15 10:15:48 - [MESSAGE][WARNING] - Timeout '0' is invalid. Using default page load timeout: '30'

2019-05-15 10:15:48 - [MESSAGE][PASSED] - Object 'Object Repository/ADMIN/Features Control/Booking Unit/a_Add New Booking Unit/textlabel_AddNewBookingUnit' is visible

2019-05-15 10:15:48 - [TEST_STEP][PASSED] - delay: Delayed 1 second(s)

2019-05-15 10:15:49 - [MESSAGE][PASSED] - Delayed 1 second(s)

2019-05-15 10:15:49 - [TEST_STEP][PASSED] - setText: Text 'Day 14' is set on object 'Object Repository/ADMIN/Features Control/Booking Unit/a_Add New Booking Unit/textfield_UnitName'

2019-05-15 10:15:49 - [MESSAGE][PASSED] - Text 'Day 14' is set on object 'Object Repository/ADMIN/Features Control/Booking Unit/a_Add New Booking Unit/textfield_UnitName'

2019-05-15 10:15:49 - [TEST_STEP][PASSED] - delay: Delayed 1 second(s)

2019-05-15 10:15:50 - [MESSAGE][PASSED] - Delayed 1 second(s)

2019-05-15 10:15:50 - [TEST_STEP][PASSED] - click: Object: 'Object Repository/ADMIN/Features Control/Booking Unit/a_Add New Booking Unit/checkbox_Week' is clicked on

2019-05-15 10:15:50 - [MESSAGE][PASSED] - Object: 'Object Repository/ADMIN/Features Control/Booking Unit/a_Add New Booking Unit/checkbox_Week' is clicked on

2019-05-15 10:15:50 - [TEST_STEP][PASSED] - click: Object: 'Object Repository/ADMIN/Features Control/Booking Unit/a_Add New Booking Unit/checkbox_Custom' is clicked on

2019-05-15 10:15:50 - [MESSAGE][PASSED] - Object: 'Object Repository/ADMIN/Features Control/Booking Unit/a_Add New Booking Unit/checkbox_Custom' is clicked on

2019-05-15 10:15:50 - [TEST_STEP][PASSED] - click: Object: 'Object Repository/ADMIN/Features Control/Booking Unit/a_Add New Booking Unit/button_Save' is clicked on

2019-05-15 10:15:50 - [MESSAGE][PASSED] - Object: 'Object Repository/ADMIN/Features Control/Booking Unit/a_Add New Booking Unit/button_Save' is clicked on

2019-05-15 10:15:50 - [TEST_STEP][PASSED] - delay: Delayed 1 second(s)

2019-05-15 10:15:51 - [MESSAGE][PASSED] - Delayed 1 second(s)

2019-05-15 10:15:51 - [TEST_STEP][PASSED] - click: Object: 'Object Repository/ADMIN/Features Control/Booking Unit/topbutton_Save' is clicked on

2019-05-15 10:15:51 - [MESSAGE][PASSED] - Object: 'Object Repository/ADMIN/Features Control/Booking Unit/topbutton_Save' is clicked on

2019-05-15 10:15:51 - [TEST_STEP][PASSED] - waitForElementVisible: Object 'Object Repository/ADMIN/Features Control/Booking Unit/a_Save Popup/button_Save' is visible

2019-05-15 10:15:51 - [MESSAGE][WARNING] - Timeout '0' is invalid. Using default page load timeout: '30'

2019-05-15 10:15:51 - [MESSAGE][PASSED] - Object 'Object Repository/ADMIN/Features Control/Booking Unit/a_Save Popup/button_Save' is visible

2019-05-15 10:15:51 - [TEST_STEP][PASSED] - click: Object: 'Object Repository/ADMIN/Features Control/Booking Unit/a_Save Popup/button_Save' is clicked on

2019-05-15 10:15:51 - [MESSAGE][PASSED] - Object: 'Object Repository/ADMIN/Features Control/Booking Unit/a_Save Popup/button_Save' is clicked on

2019-05-15 10:15:51 - [TEST_STEP][PASSED] - waitForElementVisible: Object 'Object Repository/ADMIN/Features Control/Booking Unit/a_ToasterMessage/toaster_SaveSuccessfully' is visible

2019-05-15 10:15:51 - [MESSAGE][WARNING] - Timeout '0' is invalid. Using default page load timeout: '30'

2019-05-15 10:15:54 - [MESSAGE][PASSED] - Object 'Object Repository/ADMIN/Features Control/Booking Unit/a_ToasterMessage/toaster_SaveSuccessfully' is visible

2019-05-15 10:15:54 - [TEST_STEP][PASSED] - waitForElementNotPresent: Web element with id: 'Object Repository/ADMIN/Features Control/Booking Unit/a_ToasterMessage/toaster_SaveSuccessfully' located by 'By.xpath: //div[@class = 'toast toast-success' and (text() = 'Save successfully' or . = 'Save successfully')]' is not present after '30' second(s)

2019-05-15 10:15:54 - [MESSAGE][WARNING] - Timeout '0' is invalid. Using default page load timeout: '30'

2019-05-15 10:16:00 - [MESSAGE][PASSED] - Web element with id: 'Object Repository/ADMIN/Features Control/Booking Unit/a_ToasterMessage/toaster_SaveSuccessfully' located by 'By.xpath: //div[@class = 'toast toast-success' and (text() = 'Save successfully' or . = 'Save successfully')]' is not present after '30' second(s)]]></system-out>
         <system-err><![CDATA[]]></system-err>
      </testcase>
      <testcase name="Test Cases/ADMIN/Features Control/Booking Unit/Combination/Default/15Add_MonthCustom" classname="Test Cases/ADMIN/Features Control/Booking Unit/Combination/Default/15Add_MonthCustom" status="PASSED">
         <system-out><![CDATA[2019-05-15 10:16:00 - [TEST_CASE][PASSED] - Test Cases/ADMIN/Features Control/Booking Unit/Combination/Default/15Add_MonthCustom: Test Cases/ADMIN/Features Control/Booking Unit/Combination/Default/15Add_MonthCustom

2019-05-15 10:16:00 - [TEST_STEP][PASSED] - waitForElementVisible: Object 'Object Repository/ADMIN/Features Control/Advance Search/a_Features Control' is visible

2019-05-15 10:16:00 - [MESSAGE][WARNING] - Timeout '0' is invalid. Using default page load timeout: '30'

2019-05-15 10:16:00 - [MESSAGE][PASSED] - Object 'Object Repository/ADMIN/Features Control/Advance Search/a_Features Control' is visible

2019-05-15 10:16:00 - [TEST_STEP][PASSED] - click: Object: 'Object Repository/ADMIN/Features Control/Advance Search/a_Features Control' is clicked on

2019-05-15 10:16:03 - [MESSAGE][PASSED] - Object: 'Object Repository/ADMIN/Features Control/Advance Search/a_Features Control' is clicked on

2019-05-15 10:16:03 - [TEST_STEP][PASSED] - waitForElementVisible: Object 'Object Repository/ADMIN/Features Control/Booking Unit/button_Edit' is visible

2019-05-15 10:16:03 - [MESSAGE][WARNING] - Timeout '0' is invalid. Using default page load timeout: '30'

2019-05-15 10:16:03 - [MESSAGE][PASSED] - Object 'Object Repository/ADMIN/Features Control/Booking Unit/button_Edit' is visible

2019-05-15 10:16:03 - [TEST_STEP][PASSED] - click: Object: 'Object Repository/ADMIN/Features Control/Booking Unit/button_Edit' is clicked on

2019-05-15 10:16:15 - [MESSAGE][PASSED] - Object: 'Object Repository/ADMIN/Features Control/Booking Unit/button_Edit' is clicked on

2019-05-15 10:16:15 - [TEST_STEP][PASSED] - waitForElementVisible: Object 'Object Repository/ADMIN/Features Control/Booking Unit/icon1st_NewBookingUnit' is visible

2019-05-15 10:16:15 - [MESSAGE][WARNING] - Timeout '0' is invalid. Using default page load timeout: '30'

2019-05-15 10:16:15 - [MESSAGE][PASSED] - Object 'Object Repository/ADMIN/Features Control/Booking Unit/icon1st_NewBookingUnit' is visible

2019-05-15 10:16:15 - [TEST_STEP][PASSED] - verifyElementVisible: Object 'Object Repository/ADMIN/Features Control/Booking Unit/textlabel_NewBookingUnit' is visible

2019-05-15 10:16:15 - [MESSAGE][PASSED] - Object 'Object Repository/ADMIN/Features Control/Booking Unit/textlabel_NewBookingUnit' is visible

2019-05-15 10:16:15 - [TEST_STEP][PASSED] - delay: Delayed 1 second(s)

2019-05-15 10:16:16 - [MESSAGE][PASSED] - Delayed 1 second(s)

2019-05-15 10:16:16 - [TEST_STEP][PASSED] - click: Object: 'Object Repository/ADMIN/Features Control/Booking Unit/button_AddBookingUnit' is clicked on

2019-05-15 10:16:17 - [MESSAGE][PASSED] - Object: 'Object Repository/ADMIN/Features Control/Booking Unit/button_AddBookingUnit' is clicked on

2019-05-15 10:16:17 - [TEST_STEP][PASSED] - waitForElementVisible: Object 'Object Repository/ADMIN/Features Control/Booking Unit/a_Add New Booking Unit/textlabel_AddNewBookingUnit' is visible

2019-05-15 10:16:17 - [MESSAGE][WARNING] - Timeout '0' is invalid. Using default page load timeout: '30'

2019-05-15 10:16:17 - [MESSAGE][PASSED] - Object 'Object Repository/ADMIN/Features Control/Booking Unit/a_Add New Booking Unit/textlabel_AddNewBookingUnit' is visible

2019-05-15 10:16:17 - [TEST_STEP][PASSED] - delay: Delayed 1 second(s)

2019-05-15 10:16:18 - [MESSAGE][PASSED] - Delayed 1 second(s)

2019-05-15 10:16:18 - [TEST_STEP][PASSED] - setText: Text 'Day 15' is set on object 'Object Repository/ADMIN/Features Control/Booking Unit/a_Add New Booking Unit/textfield_UnitName'

2019-05-15 10:16:18 - [MESSAGE][PASSED] - Text 'Day 15' is set on object 'Object Repository/ADMIN/Features Control/Booking Unit/a_Add New Booking Unit/textfield_UnitName'

2019-05-15 10:16:18 - [TEST_STEP][PASSED] - delay: Delayed 1 second(s)

2019-05-15 10:16:19 - [MESSAGE][PASSED] - Delayed 1 second(s)

2019-05-15 10:16:19 - [TEST_STEP][PASSED] - click: Object: 'Object Repository/ADMIN/Features Control/Booking Unit/a_Add New Booking Unit/checkbox_Month' is clicked on

2019-05-15 10:16:19 - [MESSAGE][PASSED] - Object: 'Object Repository/ADMIN/Features Control/Booking Unit/a_Add New Booking Unit/checkbox_Month' is clicked on

2019-05-15 10:16:19 - [TEST_STEP][PASSED] - click: Object: 'Object Repository/ADMIN/Features Control/Booking Unit/a_Add New Booking Unit/checkbox_Custom' is clicked on

2019-05-15 10:16:19 - [MESSAGE][PASSED] - Object: 'Object Repository/ADMIN/Features Control/Booking Unit/a_Add New Booking Unit/checkbox_Custom' is clicked on

2019-05-15 10:16:19 - [TEST_STEP][PASSED] - click: Object: 'Object Repository/ADMIN/Features Control/Booking Unit/a_Add New Booking Unit/button_Save' is clicked on

2019-05-15 10:16:19 - [MESSAGE][PASSED] - Object: 'Object Repository/ADMIN/Features Control/Booking Unit/a_Add New Booking Unit/button_Save' is clicked on

2019-05-15 10:16:19 - [TEST_STEP][PASSED] - delay: Delayed 1 second(s)

2019-05-15 10:16:20 - [MESSAGE][PASSED] - Delayed 1 second(s)

2019-05-15 10:16:20 - [TEST_STEP][PASSED] - click: Object: 'Object Repository/ADMIN/Features Control/Booking Unit/topbutton_Save' is clicked on

2019-05-15 10:16:20 - [MESSAGE][PASSED] - Object: 'Object Repository/ADMIN/Features Control/Booking Unit/topbutton_Save' is clicked on

2019-05-15 10:16:20 - [TEST_STEP][PASSED] - waitForElementVisible: Object 'Object Repository/ADMIN/Features Control/Booking Unit/a_Save Popup/button_Save' is visible

2019-05-15 10:16:20 - [MESSAGE][WARNING] - Timeout '0' is invalid. Using default page load timeout: '30'

2019-05-15 10:16:20 - [MESSAGE][PASSED] - Object 'Object Repository/ADMIN/Features Control/Booking Unit/a_Save Popup/button_Save' is visible

2019-05-15 10:16:20 - [TEST_STEP][PASSED] - click: Object: 'Object Repository/ADMIN/Features Control/Booking Unit/a_Save Popup/button_Save' is clicked on

2019-05-15 10:16:20 - [MESSAGE][PASSED] - Object: 'Object Repository/ADMIN/Features Control/Booking Unit/a_Save Popup/button_Save' is clicked on

2019-05-15 10:16:20 - [TEST_STEP][PASSED] - waitForElementVisible: Object 'Object Repository/ADMIN/Features Control/Booking Unit/a_ToasterMessage/toaster_SaveSuccessfully' is visible

2019-05-15 10:16:20 - [MESSAGE][WARNING] - Timeout '0' is invalid. Using default page load timeout: '30'

2019-05-15 10:16:23 - [MESSAGE][PASSED] - Object 'Object Repository/ADMIN/Features Control/Booking Unit/a_ToasterMessage/toaster_SaveSuccessfully' is visible

2019-05-15 10:16:23 - [TEST_STEP][PASSED] - waitForElementNotPresent: Web element with id: 'Object Repository/ADMIN/Features Control/Booking Unit/a_ToasterMessage/toaster_SaveSuccessfully' located by 'By.xpath: //div[@class = 'toast toast-success' and (text() = 'Save successfully' or . = 'Save successfully')]' is not present after '30' second(s)

2019-05-15 10:16:23 - [MESSAGE][WARNING] - Timeout '0' is invalid. Using default page load timeout: '30'

2019-05-15 10:16:29 - [MESSAGE][PASSED] - Web element with id: 'Object Repository/ADMIN/Features Control/Booking Unit/a_ToasterMessage/toaster_SaveSuccessfully' located by 'By.xpath: //div[@class = 'toast toast-success' and (text() = 'Save successfully' or . = 'Save successfully')]' is not present after '30' second(s)]]></system-out>
         <system-err><![CDATA[]]></system-err>
      </testcase>
      <testcase name="Test Cases/ADMIN/Features Control/Booking Unit/Combination/Default/16Add_HourDayWeek" classname="Test Cases/ADMIN/Features Control/Booking Unit/Combination/Default/16Add_HourDayWeek" status="PASSED">
         <system-out><![CDATA[2019-05-15 10:16:29 - [TEST_CASE][PASSED] - Test Cases/ADMIN/Features Control/Booking Unit/Combination/Default/16Add_HourDayWeek: Test Cases/ADMIN/Features Control/Booking Unit/Combination/Default/16Add_HourDayWeek

2019-05-15 10:16:29 - [TEST_STEP][PASSED] - waitForElementVisible: Object 'Object Repository/ADMIN/Features Control/Advance Search/a_Features Control' is visible

2019-05-15 10:16:29 - [MESSAGE][WARNING] - Timeout '0' is invalid. Using default page load timeout: '30'

2019-05-15 10:16:29 - [MESSAGE][PASSED] - Object 'Object Repository/ADMIN/Features Control/Advance Search/a_Features Control' is visible

2019-05-15 10:16:29 - [TEST_STEP][PASSED] - click: Object: 'Object Repository/ADMIN/Features Control/Advance Search/a_Features Control' is clicked on

2019-05-15 10:16:32 - [MESSAGE][PASSED] - Object: 'Object Repository/ADMIN/Features Control/Advance Search/a_Features Control' is clicked on

2019-05-15 10:16:32 - [TEST_STEP][PASSED] - waitForElementVisible: Object 'Object Repository/ADMIN/Features Control/Booking Unit/button_Edit' is visible

2019-05-15 10:16:32 - [MESSAGE][WARNING] - Timeout '0' is invalid. Using default page load timeout: '30'

2019-05-15 10:16:33 - [MESSAGE][PASSED] - Object 'Object Repository/ADMIN/Features Control/Booking Unit/button_Edit' is visible

2019-05-15 10:16:33 - [TEST_STEP][PASSED] - click: Object: 'Object Repository/ADMIN/Features Control/Booking Unit/button_Edit' is clicked on

2019-05-15 10:16:36 - [MESSAGE][PASSED] - Object: 'Object Repository/ADMIN/Features Control/Booking Unit/button_Edit' is clicked on

2019-05-15 10:16:36 - [TEST_STEP][PASSED] - waitForElementVisible: Object 'Object Repository/ADMIN/Features Control/Booking Unit/icon1st_NewBookingUnit' is visible

2019-05-15 10:16:36 - [MESSAGE][WARNING] - Timeout '0' is invalid. Using default page load timeout: '30'

2019-05-15 10:16:37 - [MESSAGE][PASSED] - Object 'Object Repository/ADMIN/Features Control/Booking Unit/icon1st_NewBookingUnit' is visible

2019-05-15 10:16:37 - [TEST_STEP][PASSED] - verifyElementVisible: Object 'Object Repository/ADMIN/Features Control/Booking Unit/textlabel_NewBookingUnit' is visible

2019-05-15 10:16:37 - [MESSAGE][PASSED] - Object 'Object Repository/ADMIN/Features Control/Booking Unit/textlabel_NewBookingUnit' is visible

2019-05-15 10:16:37 - [TEST_STEP][PASSED] - delay: Delayed 1 second(s)

2019-05-15 10:16:38 - [MESSAGE][PASSED] - Delayed 1 second(s)

2019-05-15 10:16:38 - [TEST_STEP][PASSED] - click: Object: 'Object Repository/ADMIN/Features Control/Booking Unit/button_AddBookingUnit' is clicked on

2019-05-15 10:16:38 - [MESSAGE][PASSED] - Object: 'Object Repository/ADMIN/Features Control/Booking Unit/button_AddBookingUnit' is clicked on

2019-05-15 10:16:38 - [TEST_STEP][PASSED] - waitForElementVisible: Object 'Object Repository/ADMIN/Features Control/Booking Unit/a_Add New Booking Unit/textlabel_AddNewBookingUnit' is visible

2019-05-15 10:16:38 - [MESSAGE][WARNING] - Timeout '0' is invalid. Using default page load timeout: '30'

2019-05-15 10:16:38 - [MESSAGE][PASSED] - Object 'Object Repository/ADMIN/Features Control/Booking Unit/a_Add New Booking Unit/textlabel_AddNewBookingUnit' is visible

2019-05-15 10:16:38 - [TEST_STEP][PASSED] - delay: Delayed 1 second(s)

2019-05-15 10:16:39 - [MESSAGE][PASSED] - Delayed 1 second(s)

2019-05-15 10:16:39 - [TEST_STEP][PASSED] - setText: Text 'Day 16' is set on object 'Object Repository/ADMIN/Features Control/Booking Unit/a_Add New Booking Unit/textfield_UnitName'

2019-05-15 10:16:39 - [MESSAGE][PASSED] - Text 'Day 16' is set on object 'Object Repository/ADMIN/Features Control/Booking Unit/a_Add New Booking Unit/textfield_UnitName'

2019-05-15 10:16:39 - [TEST_STEP][PASSED] - delay: Delayed 1 second(s)

2019-05-15 10:16:40 - [MESSAGE][PASSED] - Delayed 1 second(s)

2019-05-15 10:16:40 - [TEST_STEP][PASSED] - click: Object: 'Object Repository/ADMIN/Features Control/Booking Unit/a_Add New Booking Unit/checkbox_Hour' is clicked on

2019-05-15 10:16:40 - [MESSAGE][PASSED] - Object: 'Object Repository/ADMIN/Features Control/Booking Unit/a_Add New Booking Unit/checkbox_Hour' is clicked on

2019-05-15 10:16:40 - [TEST_STEP][PASSED] - click: Object: 'Object Repository/ADMIN/Features Control/Booking Unit/a_Add New Booking Unit/checkbox_Day' is clicked on

2019-05-15 10:16:40 - [MESSAGE][PASSED] - Object: 'Object Repository/ADMIN/Features Control/Booking Unit/a_Add New Booking Unit/checkbox_Day' is clicked on

2019-05-15 10:16:40 - [TEST_STEP][PASSED] - click: Object: 'Object Repository/ADMIN/Features Control/Booking Unit/a_Add New Booking Unit/checkbox_Week' is clicked on

2019-05-15 10:16:40 - [MESSAGE][PASSED] - Object: 'Object Repository/ADMIN/Features Control/Booking Unit/a_Add New Booking Unit/checkbox_Week' is clicked on

2019-05-15 10:16:40 - [TEST_STEP][PASSED] - click: Object: 'Object Repository/ADMIN/Features Control/Booking Unit/a_Add New Booking Unit/button_Save' is clicked on

2019-05-15 10:16:40 - [MESSAGE][PASSED] - Object: 'Object Repository/ADMIN/Features Control/Booking Unit/a_Add New Booking Unit/button_Save' is clicked on

2019-05-15 10:16:40 - [TEST_STEP][PASSED] - delay: Delayed 1 second(s)

2019-05-15 10:16:41 - [MESSAGE][PASSED] - Delayed 1 second(s)

2019-05-15 10:16:41 - [TEST_STEP][PASSED] - click: Object: 'Object Repository/ADMIN/Features Control/Booking Unit/topbutton_Save' is clicked on

2019-05-15 10:16:41 - [MESSAGE][PASSED] - Object: 'Object Repository/ADMIN/Features Control/Booking Unit/topbutton_Save' is clicked on

2019-05-15 10:16:41 - [TEST_STEP][PASSED] - waitForElementVisible: Object 'Object Repository/ADMIN/Features Control/Booking Unit/a_Save Popup/button_Save' is visible

2019-05-15 10:16:41 - [MESSAGE][WARNING] - Timeout '0' is invalid. Using default page load timeout: '30'

2019-05-15 10:16:41 - [MESSAGE][PASSED] - Object 'Object Repository/ADMIN/Features Control/Booking Unit/a_Save Popup/button_Save' is visible

2019-05-15 10:16:41 - [TEST_STEP][PASSED] - click: Object: 'Object Repository/ADMIN/Features Control/Booking Unit/a_Save Popup/button_Save' is clicked on

2019-05-15 10:16:42 - [MESSAGE][PASSED] - Object: 'Object Repository/ADMIN/Features Control/Booking Unit/a_Save Popup/button_Save' is clicked on

2019-05-15 10:16:42 - [TEST_STEP][PASSED] - waitForElementVisible: Object 'Object Repository/ADMIN/Features Control/Booking Unit/a_ToasterMessage/toaster_SaveSuccessfully' is visible

2019-05-15 10:16:42 - [MESSAGE][WARNING] - Timeout '0' is invalid. Using default page load timeout: '30'

2019-05-15 10:16:45 - [MESSAGE][PASSED] - Object 'Object Repository/ADMIN/Features Control/Booking Unit/a_ToasterMessage/toaster_SaveSuccessfully' is visible

2019-05-15 10:16:45 - [TEST_STEP][PASSED] - waitForElementNotPresent: Web element with id: 'Object Repository/ADMIN/Features Control/Booking Unit/a_ToasterMessage/toaster_SaveSuccessfully' located by 'By.xpath: //div[@class = 'toast toast-success' and (text() = 'Save successfully' or . = 'Save successfully')]' is not present after '30' second(s)

2019-05-15 10:16:45 - [MESSAGE][WARNING] - Timeout '0' is invalid. Using default page load timeout: '30'

2019-05-15 10:16:50 - [MESSAGE][PASSED] - Web element with id: 'Object Repository/ADMIN/Features Control/Booking Unit/a_ToasterMessage/toaster_SaveSuccessfully' located by 'By.xpath: //div[@class = 'toast toast-success' and (text() = 'Save successfully' or . = 'Save successfully')]' is not present after '30' second(s)]]></system-out>
         <system-err><![CDATA[]]></system-err>
      </testcase>
      <testcase name="Test Cases/ADMIN/Features Control/Booking Unit/Combination/Default/17Add_HourDayMonth" classname="Test Cases/ADMIN/Features Control/Booking Unit/Combination/Default/17Add_HourDayMonth" status="PASSED">
         <system-out><![CDATA[2019-05-15 10:16:50 - [TEST_CASE][PASSED] - Test Cases/ADMIN/Features Control/Booking Unit/Combination/Default/17Add_HourDayMonth: Test Cases/ADMIN/Features Control/Booking Unit/Combination/Default/17Add_HourDayMonth

2019-05-15 10:16:50 - [TEST_STEP][PASSED] - waitForElementVisible: Object 'Object Repository/ADMIN/Features Control/Advance Search/a_Features Control' is visible

2019-05-15 10:16:50 - [MESSAGE][WARNING] - Timeout '0' is invalid. Using default page load timeout: '30'

2019-05-15 10:16:50 - [MESSAGE][PASSED] - Object 'Object Repository/ADMIN/Features Control/Advance Search/a_Features Control' is visible

2019-05-15 10:16:50 - [TEST_STEP][PASSED] - click: Object: 'Object Repository/ADMIN/Features Control/Advance Search/a_Features Control' is clicked on

2019-05-15 10:16:52 - [MESSAGE][PASSED] - Object: 'Object Repository/ADMIN/Features Control/Advance Search/a_Features Control' is clicked on

2019-05-15 10:16:52 - [TEST_STEP][PASSED] - waitForElementVisible: Object 'Object Repository/ADMIN/Features Control/Booking Unit/button_Edit' is visible

2019-05-15 10:16:52 - [MESSAGE][WARNING] - Timeout '0' is invalid. Using default page load timeout: '30'

2019-05-15 10:16:52 - [MESSAGE][PASSED] - Object 'Object Repository/ADMIN/Features Control/Booking Unit/button_Edit' is visible

2019-05-15 10:16:52 - [TEST_STEP][PASSED] - click: Object: 'Object Repository/ADMIN/Features Control/Booking Unit/button_Edit' is clicked on

2019-05-15 10:16:56 - [MESSAGE][PASSED] - Object: 'Object Repository/ADMIN/Features Control/Booking Unit/button_Edit' is clicked on

2019-05-15 10:16:56 - [TEST_STEP][PASSED] - waitForElementVisible: Object 'Object Repository/ADMIN/Features Control/Booking Unit/icon1st_NewBookingUnit' is visible

2019-05-15 10:16:56 - [MESSAGE][WARNING] - Timeout '0' is invalid. Using default page load timeout: '30'

2019-05-15 10:16:56 - [MESSAGE][PASSED] - Object 'Object Repository/ADMIN/Features Control/Booking Unit/icon1st_NewBookingUnit' is visible

2019-05-15 10:16:56 - [TEST_STEP][PASSED] - verifyElementVisible: Object 'Object Repository/ADMIN/Features Control/Booking Unit/textlabel_NewBookingUnit' is visible

2019-05-15 10:16:56 - [MESSAGE][PASSED] - Object 'Object Repository/ADMIN/Features Control/Booking Unit/textlabel_NewBookingUnit' is visible

2019-05-15 10:16:56 - [TEST_STEP][PASSED] - delay: Delayed 1 second(s)

2019-05-15 10:16:57 - [MESSAGE][PASSED] - Delayed 1 second(s)

2019-05-15 10:16:57 - [TEST_STEP][PASSED] - click: Object: 'Object Repository/ADMIN/Features Control/Booking Unit/button_AddBookingUnit' is clicked on

2019-05-15 10:16:57 - [MESSAGE][PASSED] - Object: 'Object Repository/ADMIN/Features Control/Booking Unit/button_AddBookingUnit' is clicked on

2019-05-15 10:16:57 - [TEST_STEP][PASSED] - waitForElementVisible: Object 'Object Repository/ADMIN/Features Control/Booking Unit/a_Add New Booking Unit/textlabel_AddNewBookingUnit' is visible

2019-05-15 10:16:57 - [MESSAGE][WARNING] - Timeout '0' is invalid. Using default page load timeout: '30'

2019-05-15 10:16:57 - [MESSAGE][PASSED] - Object 'Object Repository/ADMIN/Features Control/Booking Unit/a_Add New Booking Unit/textlabel_AddNewBookingUnit' is visible

2019-05-15 10:16:57 - [TEST_STEP][PASSED] - delay: Delayed 1 second(s)

2019-05-15 10:16:58 - [MESSAGE][PASSED] - Delayed 1 second(s)

2019-05-15 10:16:58 - [TEST_STEP][PASSED] - setText: Text 'Day 17' is set on object 'Object Repository/ADMIN/Features Control/Booking Unit/a_Add New Booking Unit/textfield_UnitName'

2019-05-15 10:16:58 - [MESSAGE][PASSED] - Text 'Day 17' is set on object 'Object Repository/ADMIN/Features Control/Booking Unit/a_Add New Booking Unit/textfield_UnitName'

2019-05-15 10:16:58 - [TEST_STEP][PASSED] - delay: Delayed 1 second(s)

2019-05-15 10:16:59 - [MESSAGE][PASSED] - Delayed 1 second(s)

2019-05-15 10:16:59 - [TEST_STEP][PASSED] - click: Object: 'Object Repository/ADMIN/Features Control/Booking Unit/a_Add New Booking Unit/checkbox_Hour' is clicked on

2019-05-15 10:16:59 - [MESSAGE][PASSED] - Object: 'Object Repository/ADMIN/Features Control/Booking Unit/a_Add New Booking Unit/checkbox_Hour' is clicked on

2019-05-15 10:16:59 - [TEST_STEP][PASSED] - click: Object: 'Object Repository/ADMIN/Features Control/Booking Unit/a_Add New Booking Unit/checkbox_Day' is clicked on

2019-05-15 10:16:59 - [MESSAGE][PASSED] - Object: 'Object Repository/ADMIN/Features Control/Booking Unit/a_Add New Booking Unit/checkbox_Day' is clicked on

2019-05-15 10:16:59 - [TEST_STEP][PASSED] - click: Object: 'Object Repository/ADMIN/Features Control/Booking Unit/a_Add New Booking Unit/checkbox_Month' is clicked on

2019-05-15 10:16:59 - [MESSAGE][PASSED] - Object: 'Object Repository/ADMIN/Features Control/Booking Unit/a_Add New Booking Unit/checkbox_Month' is clicked on

2019-05-15 10:16:59 - [TEST_STEP][PASSED] - click: Object: 'Object Repository/ADMIN/Features Control/Booking Unit/a_Add New Booking Unit/button_Save' is clicked on

2019-05-15 10:16:59 - [MESSAGE][PASSED] - Object: 'Object Repository/ADMIN/Features Control/Booking Unit/a_Add New Booking Unit/button_Save' is clicked on

2019-05-15 10:16:59 - [TEST_STEP][PASSED] - delay: Delayed 1 second(s)

2019-05-15 10:17:00 - [MESSAGE][PASSED] - Delayed 1 second(s)

2019-05-15 10:17:00 - [TEST_STEP][PASSED] - click: Object: 'Object Repository/ADMIN/Features Control/Booking Unit/topbutton_Save' is clicked on

2019-05-15 10:17:00 - [MESSAGE][PASSED] - Object: 'Object Repository/ADMIN/Features Control/Booking Unit/topbutton_Save' is clicked on

2019-05-15 10:17:00 - [TEST_STEP][PASSED] - waitForElementVisible: Object 'Object Repository/ADMIN/Features Control/Booking Unit/a_Save Popup/button_Save' is visible

2019-05-15 10:17:00 - [MESSAGE][WARNING] - Timeout '0' is invalid. Using default page load timeout: '30'

2019-05-15 10:17:00 - [MESSAGE][PASSED] - Object 'Object Repository/ADMIN/Features Control/Booking Unit/a_Save Popup/button_Save' is visible

2019-05-15 10:17:00 - [TEST_STEP][PASSED] - click: Object: 'Object Repository/ADMIN/Features Control/Booking Unit/a_Save Popup/button_Save' is clicked on

2019-05-15 10:17:00 - [MESSAGE][PASSED] - Object: 'Object Repository/ADMIN/Features Control/Booking Unit/a_Save Popup/button_Save' is clicked on

2019-05-15 10:17:00 - [TEST_STEP][PASSED] - waitForElementVisible: Object 'Object Repository/ADMIN/Features Control/Booking Unit/a_ToasterMessage/toaster_SaveSuccessfully' is visible

2019-05-15 10:17:00 - [MESSAGE][WARNING] - Timeout '0' is invalid. Using default page load timeout: '30'

2019-05-15 10:17:03 - [MESSAGE][PASSED] - Object 'Object Repository/ADMIN/Features Control/Booking Unit/a_ToasterMessage/toaster_SaveSuccessfully' is visible

2019-05-15 10:17:03 - [TEST_STEP][PASSED] - waitForElementNotPresent: Web element with id: 'Object Repository/ADMIN/Features Control/Booking Unit/a_ToasterMessage/toaster_SaveSuccessfully' located by 'By.xpath: //div[@class = 'toast toast-success' and (text() = 'Save successfully' or . = 'Save successfully')]' is not present after '30' second(s)

2019-05-15 10:17:03 - [MESSAGE][WARNING] - Timeout '0' is invalid. Using default page load timeout: '30'

2019-05-15 10:17:09 - [MESSAGE][PASSED] - Web element with id: 'Object Repository/ADMIN/Features Control/Booking Unit/a_ToasterMessage/toaster_SaveSuccessfully' located by 'By.xpath: //div[@class = 'toast toast-success' and (text() = 'Save successfully' or . = 'Save successfully')]' is not present after '30' second(s)]]></system-out>
         <system-err><![CDATA[]]></system-err>
      </testcase>
      <testcase name="Test Cases/ADMIN/Features Control/Booking Unit/Combination/Default/18Add_HourDayCustom" classname="Test Cases/ADMIN/Features Control/Booking Unit/Combination/Default/18Add_HourDayCustom" status="PASSED">
         <system-out><![CDATA[2019-05-15 10:17:09 - [TEST_CASE][PASSED] - Test Cases/ADMIN/Features Control/Booking Unit/Combination/Default/18Add_HourDayCustom: Test Cases/ADMIN/Features Control/Booking Unit/Combination/Default/18Add_HourDayCustom

2019-05-15 10:17:09 - [TEST_STEP][PASSED] - waitForElementVisible: Object 'Object Repository/ADMIN/Features Control/Advance Search/a_Features Control' is visible

2019-05-15 10:17:09 - [MESSAGE][WARNING] - Timeout '0' is invalid. Using default page load timeout: '30'

2019-05-15 10:17:10 - [MESSAGE][PASSED] - Object 'Object Repository/ADMIN/Features Control/Advance Search/a_Features Control' is visible

2019-05-15 10:17:10 - [TEST_STEP][PASSED] - click: Object: 'Object Repository/ADMIN/Features Control/Advance Search/a_Features Control' is clicked on

2019-05-15 10:17:11 - [MESSAGE][PASSED] - Object: 'Object Repository/ADMIN/Features Control/Advance Search/a_Features Control' is clicked on

2019-05-15 10:17:11 - [TEST_STEP][PASSED] - waitForElementVisible: Object 'Object Repository/ADMIN/Features Control/Booking Unit/button_Edit' is visible

2019-05-15 10:17:11 - [MESSAGE][WARNING] - Timeout '0' is invalid. Using default page load timeout: '30'

2019-05-15 10:17:11 - [MESSAGE][PASSED] - Object 'Object Repository/ADMIN/Features Control/Booking Unit/button_Edit' is visible

2019-05-15 10:17:11 - [TEST_STEP][PASSED] - click: Object: 'Object Repository/ADMIN/Features Control/Booking Unit/button_Edit' is clicked on

2019-05-15 10:17:15 - [MESSAGE][PASSED] - Object: 'Object Repository/ADMIN/Features Control/Booking Unit/button_Edit' is clicked on

2019-05-15 10:17:15 - [TEST_STEP][PASSED] - waitForElementVisible: Object 'Object Repository/ADMIN/Features Control/Booking Unit/icon1st_NewBookingUnit' is visible

2019-05-15 10:17:15 - [MESSAGE][WARNING] - Timeout '0' is invalid. Using default page load timeout: '30'

2019-05-15 10:17:15 - [MESSAGE][PASSED] - Object 'Object Repository/ADMIN/Features Control/Booking Unit/icon1st_NewBookingUnit' is visible

2019-05-15 10:17:15 - [TEST_STEP][PASSED] - verifyElementVisible: Object 'Object Repository/ADMIN/Features Control/Booking Unit/textlabel_NewBookingUnit' is visible

2019-05-15 10:17:15 - [MESSAGE][PASSED] - Object 'Object Repository/ADMIN/Features Control/Booking Unit/textlabel_NewBookingUnit' is visible

2019-05-15 10:17:15 - [TEST_STEP][PASSED] - delay: Delayed 1 second(s)

2019-05-15 10:17:16 - [MESSAGE][PASSED] - Delayed 1 second(s)

2019-05-15 10:17:16 - [TEST_STEP][PASSED] - click: Object: 'Object Repository/ADMIN/Features Control/Booking Unit/button_AddBookingUnit' is clicked on

2019-05-15 10:17:16 - [MESSAGE][PASSED] - Object: 'Object Repository/ADMIN/Features Control/Booking Unit/button_AddBookingUnit' is clicked on

2019-05-15 10:17:16 - [TEST_STEP][PASSED] - waitForElementVisible: Object 'Object Repository/ADMIN/Features Control/Booking Unit/a_Add New Booking Unit/textlabel_AddNewBookingUnit' is visible

2019-05-15 10:17:16 - [MESSAGE][WARNING] - Timeout '0' is invalid. Using default page load timeout: '30'

2019-05-15 10:17:16 - [MESSAGE][PASSED] - Object 'Object Repository/ADMIN/Features Control/Booking Unit/a_Add New Booking Unit/textlabel_AddNewBookingUnit' is visible

2019-05-15 10:17:16 - [TEST_STEP][PASSED] - delay: Delayed 1 second(s)

2019-05-15 10:17:17 - [MESSAGE][PASSED] - Delayed 1 second(s)

2019-05-15 10:17:17 - [TEST_STEP][PASSED] - setText: Text 'Day 18' is set on object 'Object Repository/ADMIN/Features Control/Booking Unit/a_Add New Booking Unit/textfield_UnitName'

2019-05-15 10:17:18 - [MESSAGE][PASSED] - Text 'Day 18' is set on object 'Object Repository/ADMIN/Features Control/Booking Unit/a_Add New Booking Unit/textfield_UnitName'

2019-05-15 10:17:18 - [TEST_STEP][PASSED] - delay: Delayed 1 second(s)

2019-05-15 10:17:19 - [MESSAGE][PASSED] - Delayed 1 second(s)

2019-05-15 10:17:19 - [TEST_STEP][PASSED] - click: Object: 'Object Repository/ADMIN/Features Control/Booking Unit/a_Add New Booking Unit/checkbox_Hour' is clicked on

2019-05-15 10:17:19 - [MESSAGE][PASSED] - Object: 'Object Repository/ADMIN/Features Control/Booking Unit/a_Add New Booking Unit/checkbox_Hour' is clicked on

2019-05-15 10:17:19 - [TEST_STEP][PASSED] - click: Object: 'Object Repository/ADMIN/Features Control/Booking Unit/a_Add New Booking Unit/checkbox_Day' is clicked on

2019-05-15 10:17:19 - [MESSAGE][PASSED] - Object: 'Object Repository/ADMIN/Features Control/Booking Unit/a_Add New Booking Unit/checkbox_Day' is clicked on

2019-05-15 10:17:19 - [TEST_STEP][PASSED] - click: Object: 'Object Repository/ADMIN/Features Control/Booking Unit/a_Add New Booking Unit/checkbox_Custom' is clicked on

2019-05-15 10:17:19 - [MESSAGE][PASSED] - Object: 'Object Repository/ADMIN/Features Control/Booking Unit/a_Add New Booking Unit/checkbox_Custom' is clicked on

2019-05-15 10:17:19 - [TEST_STEP][PASSED] - click: Object: 'Object Repository/ADMIN/Features Control/Booking Unit/a_Add New Booking Unit/button_Save' is clicked on

2019-05-15 10:17:19 - [MESSAGE][PASSED] - Object: 'Object Repository/ADMIN/Features Control/Booking Unit/a_Add New Booking Unit/button_Save' is clicked on

2019-05-15 10:17:19 - [TEST_STEP][PASSED] - delay: Delayed 1 second(s)

2019-05-15 10:17:20 - [MESSAGE][PASSED] - Delayed 1 second(s)

2019-05-15 10:17:20 - [TEST_STEP][PASSED] - click: Object: 'Object Repository/ADMIN/Features Control/Booking Unit/topbutton_Save' is clicked on

2019-05-15 10:17:20 - [MESSAGE][PASSED] - Object: 'Object Repository/ADMIN/Features Control/Booking Unit/topbutton_Save' is clicked on

2019-05-15 10:17:20 - [TEST_STEP][PASSED] - waitForElementVisible: Object 'Object Repository/ADMIN/Features Control/Booking Unit/a_Save Popup/button_Save' is visible

2019-05-15 10:17:20 - [MESSAGE][WARNING] - Timeout '0' is invalid. Using default page load timeout: '30'

2019-05-15 10:17:20 - [MESSAGE][PASSED] - Object 'Object Repository/ADMIN/Features Control/Booking Unit/a_Save Popup/button_Save' is visible

2019-05-15 10:17:20 - [TEST_STEP][PASSED] - click: Object: 'Object Repository/ADMIN/Features Control/Booking Unit/a_Save Popup/button_Save' is clicked on

2019-05-15 10:17:20 - [MESSAGE][PASSED] - Object: 'Object Repository/ADMIN/Features Control/Booking Unit/a_Save Popup/button_Save' is clicked on

2019-05-15 10:17:20 - [TEST_STEP][PASSED] - waitForElementVisible: Object 'Object Repository/ADMIN/Features Control/Booking Unit/a_ToasterMessage/toaster_SaveSuccessfully' is visible

2019-05-15 10:17:20 - [MESSAGE][WARNING] - Timeout '0' is invalid. Using default page load timeout: '30'

2019-05-15 10:17:22 - [MESSAGE][PASSED] - Object 'Object Repository/ADMIN/Features Control/Booking Unit/a_ToasterMessage/toaster_SaveSuccessfully' is visible

2019-05-15 10:17:22 - [TEST_STEP][PASSED] - waitForElementNotPresent: Web element with id: 'Object Repository/ADMIN/Features Control/Booking Unit/a_ToasterMessage/toaster_SaveSuccessfully' located by 'By.xpath: //div[@class = 'toast toast-success' and (text() = 'Save successfully' or . = 'Save successfully')]' is not present after '30' second(s)

2019-05-15 10:17:22 - [MESSAGE][WARNING] - Timeout '0' is invalid. Using default page load timeout: '30'

2019-05-15 10:17:28 - [MESSAGE][PASSED] - Web element with id: 'Object Repository/ADMIN/Features Control/Booking Unit/a_ToasterMessage/toaster_SaveSuccessfully' located by 'By.xpath: //div[@class = 'toast toast-success' and (text() = 'Save successfully' or . = 'Save successfully')]' is not present after '30' second(s)]]></system-out>
         <system-err><![CDATA[]]></system-err>
      </testcase>
      <testcase name="Test Cases/ADMIN/Features Control/Booking Unit/Combination/Default/19Add_HourWeekCustom" classname="Test Cases/ADMIN/Features Control/Booking Unit/Combination/Default/19Add_HourWeekCustom" status="PASSED">
         <system-out><![CDATA[2019-05-15 10:17:28 - [TEST_CASE][PASSED] - Test Cases/ADMIN/Features Control/Booking Unit/Combination/Default/19Add_HourWeekCustom: Test Cases/ADMIN/Features Control/Booking Unit/Combination/Default/19Add_HourWeekCustom

2019-05-15 10:17:28 - [TEST_STEP][PASSED] - waitForElementVisible: Object 'Object Repository/ADMIN/Features Control/Advance Search/a_Features Control' is visible

2019-05-15 10:17:28 - [MESSAGE][WARNING] - Timeout '0' is invalid. Using default page load timeout: '30'

2019-05-15 10:17:28 - [MESSAGE][PASSED] - Object 'Object Repository/ADMIN/Features Control/Advance Search/a_Features Control' is visible

2019-05-15 10:17:28 - [TEST_STEP][PASSED] - click: Object: 'Object Repository/ADMIN/Features Control/Advance Search/a_Features Control' is clicked on

2019-05-15 10:17:31 - [MESSAGE][PASSED] - Object: 'Object Repository/ADMIN/Features Control/Advance Search/a_Features Control' is clicked on

2019-05-15 10:17:31 - [TEST_STEP][PASSED] - waitForElementVisible: Object 'Object Repository/ADMIN/Features Control/Booking Unit/button_Edit' is visible

2019-05-15 10:17:31 - [MESSAGE][WARNING] - Timeout '0' is invalid. Using default page load timeout: '30'

2019-05-15 10:17:31 - [MESSAGE][PASSED] - Object 'Object Repository/ADMIN/Features Control/Booking Unit/button_Edit' is visible

2019-05-15 10:17:31 - [TEST_STEP][PASSED] - click: Object: 'Object Repository/ADMIN/Features Control/Booking Unit/button_Edit' is clicked on

2019-05-15 10:17:32 - [MESSAGE][PASSED] - Object: 'Object Repository/ADMIN/Features Control/Booking Unit/button_Edit' is clicked on

2019-05-15 10:17:32 - [TEST_STEP][PASSED] - waitForElementVisible: Object 'Object Repository/ADMIN/Features Control/Booking Unit/icon1st_NewBookingUnit' is visible

2019-05-15 10:17:32 - [MESSAGE][WARNING] - Timeout '0' is invalid. Using default page load timeout: '30'

2019-05-15 10:17:32 - [MESSAGE][PASSED] - Object 'Object Repository/ADMIN/Features Control/Booking Unit/icon1st_NewBookingUnit' is visible

2019-05-15 10:17:32 - [TEST_STEP][PASSED] - verifyElementVisible: Object 'Object Repository/ADMIN/Features Control/Booking Unit/textlabel_NewBookingUnit' is visible

2019-05-15 10:17:32 - [MESSAGE][PASSED] - Object 'Object Repository/ADMIN/Features Control/Booking Unit/textlabel_NewBookingUnit' is visible

2019-05-15 10:17:32 - [TEST_STEP][PASSED] - delay: Delayed 1 second(s)

2019-05-15 10:17:33 - [MESSAGE][PASSED] - Delayed 1 second(s)

2019-05-15 10:17:33 - [TEST_STEP][PASSED] - click: Object: 'Object Repository/ADMIN/Features Control/Booking Unit/button_AddBookingUnit' is clicked on

2019-05-15 10:17:33 - [MESSAGE][PASSED] - Object: 'Object Repository/ADMIN/Features Control/Booking Unit/button_AddBookingUnit' is clicked on

2019-05-15 10:17:33 - [TEST_STEP][PASSED] - waitForElementVisible: Object 'Object Repository/ADMIN/Features Control/Booking Unit/a_Add New Booking Unit/textlabel_AddNewBookingUnit' is visible

2019-05-15 10:17:33 - [MESSAGE][WARNING] - Timeout '0' is invalid. Using default page load timeout: '30'

2019-05-15 10:17:33 - [MESSAGE][PASSED] - Object 'Object Repository/ADMIN/Features Control/Booking Unit/a_Add New Booking Unit/textlabel_AddNewBookingUnit' is visible

2019-05-15 10:17:33 - [TEST_STEP][PASSED] - delay: Delayed 1 second(s)

2019-05-15 10:17:34 - [MESSAGE][PASSED] - Delayed 1 second(s)

2019-05-15 10:17:34 - [TEST_STEP][PASSED] - setText: Text 'Day 19' is set on object 'Object Repository/ADMIN/Features Control/Booking Unit/a_Add New Booking Unit/textfield_UnitName'

2019-05-15 10:17:35 - [MESSAGE][PASSED] - Text 'Day 19' is set on object 'Object Repository/ADMIN/Features Control/Booking Unit/a_Add New Booking Unit/textfield_UnitName'

2019-05-15 10:17:35 - [TEST_STEP][PASSED] - delay: Delayed 1 second(s)

2019-05-15 10:17:36 - [MESSAGE][PASSED] - Delayed 1 second(s)

2019-05-15 10:17:36 - [TEST_STEP][PASSED] - click: Object: 'Object Repository/ADMIN/Features Control/Booking Unit/a_Add New Booking Unit/checkbox_Hour' is clicked on

2019-05-15 10:17:36 - [MESSAGE][PASSED] - Object: 'Object Repository/ADMIN/Features Control/Booking Unit/a_Add New Booking Unit/checkbox_Hour' is clicked on

2019-05-15 10:17:36 - [TEST_STEP][PASSED] - click: Object: 'Object Repository/ADMIN/Features Control/Booking Unit/a_Add New Booking Unit/checkbox_Week' is clicked on

2019-05-15 10:17:36 - [MESSAGE][PASSED] - Object: 'Object Repository/ADMIN/Features Control/Booking Unit/a_Add New Booking Unit/checkbox_Week' is clicked on

2019-05-15 10:17:36 - [TEST_STEP][PASSED] - click: Object: 'Object Repository/ADMIN/Features Control/Booking Unit/a_Add New Booking Unit/checkbox_Custom' is clicked on

2019-05-15 10:17:36 - [MESSAGE][PASSED] - Object: 'Object Repository/ADMIN/Features Control/Booking Unit/a_Add New Booking Unit/checkbox_Custom' is clicked on

2019-05-15 10:17:36 - [TEST_STEP][PASSED] - click: Object: 'Object Repository/ADMIN/Features Control/Booking Unit/a_Add New Booking Unit/button_Save' is clicked on

2019-05-15 10:17:36 - [MESSAGE][PASSED] - Object: 'Object Repository/ADMIN/Features Control/Booking Unit/a_Add New Booking Unit/button_Save' is clicked on

2019-05-15 10:17:36 - [TEST_STEP][PASSED] - delay: Delayed 1 second(s)

2019-05-15 10:17:37 - [MESSAGE][PASSED] - Delayed 1 second(s)

2019-05-15 10:17:37 - [TEST_STEP][PASSED] - click: Object: 'Object Repository/ADMIN/Features Control/Booking Unit/topbutton_Save' is clicked on

2019-05-15 10:17:37 - [MESSAGE][PASSED] - Object: 'Object Repository/ADMIN/Features Control/Booking Unit/topbutton_Save' is clicked on

2019-05-15 10:17:37 - [TEST_STEP][PASSED] - waitForElementVisible: Object 'Object Repository/ADMIN/Features Control/Booking Unit/a_Save Popup/button_Save' is visible

2019-05-15 10:17:37 - [MESSAGE][WARNING] - Timeout '0' is invalid. Using default page load timeout: '30'

2019-05-15 10:17:37 - [MESSAGE][PASSED] - Object 'Object Repository/ADMIN/Features Control/Booking Unit/a_Save Popup/button_Save' is visible

2019-05-15 10:17:37 - [TEST_STEP][PASSED] - click: Object: 'Object Repository/ADMIN/Features Control/Booking Unit/a_Save Popup/button_Save' is clicked on

2019-05-15 10:17:37 - [MESSAGE][PASSED] - Object: 'Object Repository/ADMIN/Features Control/Booking Unit/a_Save Popup/button_Save' is clicked on

2019-05-15 10:17:37 - [TEST_STEP][PASSED] - waitForElementVisible: Object 'Object Repository/ADMIN/Features Control/Booking Unit/a_ToasterMessage/toaster_SaveSuccessfully' is visible

2019-05-15 10:17:37 - [MESSAGE][WARNING] - Timeout '0' is invalid. Using default page load timeout: '30'

2019-05-15 10:17:41 - [MESSAGE][PASSED] - Object 'Object Repository/ADMIN/Features Control/Booking Unit/a_ToasterMessage/toaster_SaveSuccessfully' is visible

2019-05-15 10:17:41 - [TEST_STEP][PASSED] - waitForElementNotPresent: Web element with id: 'Object Repository/ADMIN/Features Control/Booking Unit/a_ToasterMessage/toaster_SaveSuccessfully' located by 'By.xpath: //div[@class = 'toast toast-success' and (text() = 'Save successfully' or . = 'Save successfully')]' is not present after '30' second(s)

2019-05-15 10:17:41 - [MESSAGE][WARNING] - Timeout '0' is invalid. Using default page load timeout: '30'

2019-05-15 10:17:46 - [MESSAGE][PASSED] - Web element with id: 'Object Repository/ADMIN/Features Control/Booking Unit/a_ToasterMessage/toaster_SaveSuccessfully' located by 'By.xpath: //div[@class = 'toast toast-success' and (text() = 'Save successfully' or . = 'Save successfully')]' is not present after '30' second(s)]]></system-out>
         <system-err><![CDATA[]]></system-err>
      </testcase>
      <testcase name="Test Cases/ADMIN/Features Control/Booking Unit/Combination/Default/20Add_HourMonthCustom" classname="Test Cases/ADMIN/Features Control/Booking Unit/Combination/Default/20Add_HourMonthCustom" status="PASSED">
         <system-out><![CDATA[2019-05-15 10:17:46 - [TEST_CASE][PASSED] - Test Cases/ADMIN/Features Control/Booking Unit/Combination/Default/20Add_HourMonthCustom: Test Cases/ADMIN/Features Control/Booking Unit/Combination/Default/20Add_HourMonthCustom

2019-05-15 10:17:46 - [TEST_STEP][PASSED] - waitForElementVisible: Object 'Object Repository/ADMIN/Features Control/Advance Search/a_Features Control' is visible

2019-05-15 10:17:46 - [MESSAGE][WARNING] - Timeout '0' is invalid. Using default page load timeout: '30'

2019-05-15 10:17:46 - [MESSAGE][PASSED] - Object 'Object Repository/ADMIN/Features Control/Advance Search/a_Features Control' is visible

2019-05-15 10:17:46 - [TEST_STEP][PASSED] - click: Object: 'Object Repository/ADMIN/Features Control/Advance Search/a_Features Control' is clicked on

2019-05-15 10:17:49 - [MESSAGE][PASSED] - Object: 'Object Repository/ADMIN/Features Control/Advance Search/a_Features Control' is clicked on

2019-05-15 10:17:49 - [TEST_STEP][PASSED] - waitForElementVisible: Object 'Object Repository/ADMIN/Features Control/Booking Unit/button_Edit' is visible

2019-05-15 10:17:49 - [MESSAGE][WARNING] - Timeout '0' is invalid. Using default page load timeout: '30'

2019-05-15 10:17:49 - [MESSAGE][PASSED] - Object 'Object Repository/ADMIN/Features Control/Booking Unit/button_Edit' is visible

2019-05-15 10:17:49 - [TEST_STEP][PASSED] - click: Object: 'Object Repository/ADMIN/Features Control/Booking Unit/button_Edit' is clicked on

2019-05-15 10:17:52 - [MESSAGE][PASSED] - Object: 'Object Repository/ADMIN/Features Control/Booking Unit/button_Edit' is clicked on

2019-05-15 10:17:52 - [TEST_STEP][PASSED] - waitForElementVisible: Object 'Object Repository/ADMIN/Features Control/Booking Unit/icon1st_NewBookingUnit' is visible

2019-05-15 10:17:52 - [MESSAGE][WARNING] - Timeout '0' is invalid. Using default page load timeout: '30'

2019-05-15 10:17:53 - [MESSAGE][PASSED] - Object 'Object Repository/ADMIN/Features Control/Booking Unit/icon1st_NewBookingUnit' is visible

2019-05-15 10:17:53 - [TEST_STEP][PASSED] - verifyElementVisible: Object 'Object Repository/ADMIN/Features Control/Booking Unit/textlabel_NewBookingUnit' is visible

2019-05-15 10:17:53 - [MESSAGE][PASSED] - Object 'Object Repository/ADMIN/Features Control/Booking Unit/textlabel_NewBookingUnit' is visible

2019-05-15 10:17:53 - [TEST_STEP][PASSED] - delay: Delayed 1 second(s)

2019-05-15 10:17:54 - [MESSAGE][PASSED] - Delayed 1 second(s)

2019-05-15 10:17:54 - [TEST_STEP][PASSED] - click: Object: 'Object Repository/ADMIN/Features Control/Booking Unit/button_AddBookingUnit' is clicked on

2019-05-15 10:17:54 - [MESSAGE][PASSED] - Object: 'Object Repository/ADMIN/Features Control/Booking Unit/button_AddBookingUnit' is clicked on

2019-05-15 10:17:54 - [TEST_STEP][PASSED] - waitForElementVisible: Object 'Object Repository/ADMIN/Features Control/Booking Unit/a_Add New Booking Unit/textlabel_AddNewBookingUnit' is visible

2019-05-15 10:17:54 - [MESSAGE][WARNING] - Timeout '0' is invalid. Using default page load timeout: '30'

2019-05-15 10:17:54 - [MESSAGE][PASSED] - Object 'Object Repository/ADMIN/Features Control/Booking Unit/a_Add New Booking Unit/textlabel_AddNewBookingUnit' is visible

2019-05-15 10:17:54 - [TEST_STEP][PASSED] - delay: Delayed 1 second(s)

2019-05-15 10:17:55 - [MESSAGE][PASSED] - Delayed 1 second(s)

2019-05-15 10:17:55 - [TEST_STEP][PASSED] - setText: Text 'Day 20' is set on object 'Object Repository/ADMIN/Features Control/Booking Unit/a_Add New Booking Unit/textfield_UnitName'

2019-05-15 10:17:55 - [MESSAGE][PASSED] - Text 'Day 20' is set on object 'Object Repository/ADMIN/Features Control/Booking Unit/a_Add New Booking Unit/textfield_UnitName'

2019-05-15 10:17:55 - [TEST_STEP][PASSED] - delay: Delayed 1 second(s)

2019-05-15 10:17:56 - [MESSAGE][PASSED] - Delayed 1 second(s)

2019-05-15 10:17:56 - [TEST_STEP][PASSED] - click: Object: 'Object Repository/ADMIN/Features Control/Booking Unit/a_Add New Booking Unit/checkbox_Hour' is clicked on

2019-05-15 10:17:56 - [MESSAGE][PASSED] - Object: 'Object Repository/ADMIN/Features Control/Booking Unit/a_Add New Booking Unit/checkbox_Hour' is clicked on

2019-05-15 10:17:56 - [TEST_STEP][PASSED] - click: Object: 'Object Repository/ADMIN/Features Control/Booking Unit/a_Add New Booking Unit/checkbox_Week' is clicked on

2019-05-15 10:17:56 - [MESSAGE][PASSED] - Object: 'Object Repository/ADMIN/Features Control/Booking Unit/a_Add New Booking Unit/checkbox_Week' is clicked on

2019-05-15 10:17:56 - [TEST_STEP][PASSED] - click: Object: 'Object Repository/ADMIN/Features Control/Booking Unit/a_Add New Booking Unit/checkbox_Custom' is clicked on

2019-05-15 10:17:56 - [MESSAGE][PASSED] - Object: 'Object Repository/ADMIN/Features Control/Booking Unit/a_Add New Booking Unit/checkbox_Custom' is clicked on

2019-05-15 10:17:56 - [TEST_STEP][PASSED] - click: Object: 'Object Repository/ADMIN/Features Control/Booking Unit/a_Add New Booking Unit/button_Save' is clicked on

2019-05-15 10:17:56 - [MESSAGE][PASSED] - Object: 'Object Repository/ADMIN/Features Control/Booking Unit/a_Add New Booking Unit/button_Save' is clicked on

2019-05-15 10:17:56 - [TEST_STEP][PASSED] - delay: Delayed 1 second(s)

2019-05-15 10:17:57 - [MESSAGE][PASSED] - Delayed 1 second(s)

2019-05-15 10:17:57 - [TEST_STEP][PASSED] - click: Object: 'Object Repository/ADMIN/Features Control/Booking Unit/topbutton_Save' is clicked on

2019-05-15 10:17:57 - [MESSAGE][PASSED] - Object: 'Object Repository/ADMIN/Features Control/Booking Unit/topbutton_Save' is clicked on

2019-05-15 10:17:57 - [TEST_STEP][PASSED] - waitForElementVisible: Object 'Object Repository/ADMIN/Features Control/Booking Unit/a_Save Popup/button_Save' is visible

2019-05-15 10:17:57 - [MESSAGE][WARNING] - Timeout '0' is invalid. Using default page load timeout: '30'

2019-05-15 10:17:57 - [MESSAGE][PASSED] - Object 'Object Repository/ADMIN/Features Control/Booking Unit/a_Save Popup/button_Save' is visible

2019-05-15 10:17:57 - [TEST_STEP][PASSED] - click: Object: 'Object Repository/ADMIN/Features Control/Booking Unit/a_Save Popup/button_Save' is clicked on

2019-05-15 10:17:57 - [MESSAGE][PASSED] - Object: 'Object Repository/ADMIN/Features Control/Booking Unit/a_Save Popup/button_Save' is clicked on

2019-05-15 10:17:57 - [TEST_STEP][PASSED] - waitForElementVisible: Object 'Object Repository/ADMIN/Features Control/Booking Unit/a_ToasterMessage/toaster_SaveSuccessfully' is visible

2019-05-15 10:17:57 - [MESSAGE][WARNING] - Timeout '0' is invalid. Using default page load timeout: '30'

2019-05-15 10:18:00 - [MESSAGE][PASSED] - Object 'Object Repository/ADMIN/Features Control/Booking Unit/a_ToasterMessage/toaster_SaveSuccessfully' is visible

2019-05-15 10:18:00 - [TEST_STEP][PASSED] - waitForElementNotPresent: Web element with id: 'Object Repository/ADMIN/Features Control/Booking Unit/a_ToasterMessage/toaster_SaveSuccessfully' located by 'By.xpath: //div[@class = 'toast toast-success' and (text() = 'Save successfully' or . = 'Save successfully')]' is not present after '30' second(s)

2019-05-15 10:18:00 - [MESSAGE][WARNING] - Timeout '0' is invalid. Using default page load timeout: '30'

2019-05-15 10:18:06 - [MESSAGE][PASSED] - Web element with id: 'Object Repository/ADMIN/Features Control/Booking Unit/a_ToasterMessage/toaster_SaveSuccessfully' located by 'By.xpath: //div[@class = 'toast toast-success' and (text() = 'Save successfully' or . = 'Save successfully')]' is not present after '30' second(s)]]></system-out>
         <system-err><![CDATA[]]></system-err>
      </testcase>
      <testcase name="Test Cases/ADMIN/Features Control/Booking Unit/Combination/Default/21Add_DayWeekMonth" classname="Test Cases/ADMIN/Features Control/Booking Unit/Combination/Default/21Add_DayWeekMonth" status="PASSED">
         <system-out><![CDATA[2019-05-15 10:18:06 - [TEST_CASE][PASSED] - Test Cases/ADMIN/Features Control/Booking Unit/Combination/Default/21Add_DayWeekMonth: Test Cases/ADMIN/Features Control/Booking Unit/Combination/Default/21Add_DayWeekMonth

2019-05-15 10:18:06 - [TEST_STEP][PASSED] - waitForElementVisible: Object 'Object Repository/ADMIN/Features Control/Advance Search/a_Features Control' is visible

2019-05-15 10:18:06 - [MESSAGE][WARNING] - Timeout '0' is invalid. Using default page load timeout: '30'

2019-05-15 10:18:06 - [MESSAGE][PASSED] - Object 'Object Repository/ADMIN/Features Control/Advance Search/a_Features Control' is visible

2019-05-15 10:18:06 - [TEST_STEP][PASSED] - click: Object: 'Object Repository/ADMIN/Features Control/Advance Search/a_Features Control' is clicked on

2019-05-15 10:18:16 - [MESSAGE][PASSED] - Object: 'Object Repository/ADMIN/Features Control/Advance Search/a_Features Control' is clicked on

2019-05-15 10:18:16 - [TEST_STEP][PASSED] - waitForElementVisible: Object 'Object Repository/ADMIN/Features Control/Booking Unit/button_Edit' is visible

2019-05-15 10:18:16 - [MESSAGE][WARNING] - Timeout '0' is invalid. Using default page load timeout: '30'

2019-05-15 10:18:17 - [MESSAGE][PASSED] - Object 'Object Repository/ADMIN/Features Control/Booking Unit/button_Edit' is visible

2019-05-15 10:18:17 - [TEST_STEP][PASSED] - click: Object: 'Object Repository/ADMIN/Features Control/Booking Unit/button_Edit' is clicked on

2019-05-15 10:18:17 - [MESSAGE][PASSED] - Object: 'Object Repository/ADMIN/Features Control/Booking Unit/button_Edit' is clicked on

2019-05-15 10:18:17 - [TEST_STEP][PASSED] - waitForElementVisible: Object 'Object Repository/ADMIN/Features Control/Booking Unit/icon1st_NewBookingUnit' is visible

2019-05-15 10:18:17 - [MESSAGE][WARNING] - Timeout '0' is invalid. Using default page load timeout: '30'

2019-05-15 10:18:17 - [MESSAGE][PASSED] - Object 'Object Repository/ADMIN/Features Control/Booking Unit/icon1st_NewBookingUnit' is visible

2019-05-15 10:18:17 - [TEST_STEP][PASSED] - verifyElementVisible: Object 'Object Repository/ADMIN/Features Control/Booking Unit/textlabel_NewBookingUnit' is visible

2019-05-15 10:18:17 - [MESSAGE][PASSED] - Object 'Object Repository/ADMIN/Features Control/Booking Unit/textlabel_NewBookingUnit' is visible

2019-05-15 10:18:17 - [TEST_STEP][PASSED] - delay: Delayed 1 second(s)

2019-05-15 10:18:18 - [MESSAGE][PASSED] - Delayed 1 second(s)

2019-05-15 10:18:18 - [TEST_STEP][PASSED] - click: Object: 'Object Repository/ADMIN/Features Control/Booking Unit/button_AddBookingUnit' is clicked on

2019-05-15 10:18:18 - [MESSAGE][PASSED] - Object: 'Object Repository/ADMIN/Features Control/Booking Unit/button_AddBookingUnit' is clicked on

2019-05-15 10:18:18 - [TEST_STEP][PASSED] - waitForElementVisible: Object 'Object Repository/ADMIN/Features Control/Booking Unit/a_Add New Booking Unit/textlabel_AddNewBookingUnit' is visible

2019-05-15 10:18:18 - [MESSAGE][WARNING] - Timeout '0' is invalid. Using default page load timeout: '30'

2019-05-15 10:18:18 - [MESSAGE][PASSED] - Object 'Object Repository/ADMIN/Features Control/Booking Unit/a_Add New Booking Unit/textlabel_AddNewBookingUnit' is visible

2019-05-15 10:18:18 - [TEST_STEP][PASSED] - delay: Delayed 1 second(s)

2019-05-15 10:18:19 - [MESSAGE][PASSED] - Delayed 1 second(s)

2019-05-15 10:18:19 - [TEST_STEP][PASSED] - setText: Text 'Day 21' is set on object 'Object Repository/ADMIN/Features Control/Booking Unit/a_Add New Booking Unit/textfield_UnitName'

2019-05-15 10:18:20 - [MESSAGE][PASSED] - Text 'Day 21' is set on object 'Object Repository/ADMIN/Features Control/Booking Unit/a_Add New Booking Unit/textfield_UnitName'

2019-05-15 10:18:20 - [TEST_STEP][PASSED] - delay: Delayed 1 second(s)

2019-05-15 10:18:21 - [MESSAGE][PASSED] - Delayed 1 second(s)

2019-05-15 10:18:21 - [TEST_STEP][PASSED] - click: Object: 'Object Repository/ADMIN/Features Control/Booking Unit/a_Add New Booking Unit/checkbox_Day' is clicked on

2019-05-15 10:18:21 - [MESSAGE][PASSED] - Object: 'Object Repository/ADMIN/Features Control/Booking Unit/a_Add New Booking Unit/checkbox_Day' is clicked on

2019-05-15 10:18:21 - [TEST_STEP][PASSED] - click: Object: 'Object Repository/ADMIN/Features Control/Booking Unit/a_Add New Booking Unit/checkbox_Week' is clicked on

2019-05-15 10:18:21 - [MESSAGE][PASSED] - Object: 'Object Repository/ADMIN/Features Control/Booking Unit/a_Add New Booking Unit/checkbox_Week' is clicked on

2019-05-15 10:18:21 - [TEST_STEP][PASSED] - click: Object: 'Object Repository/ADMIN/Features Control/Booking Unit/a_Add New Booking Unit/checkbox_Month' is clicked on

2019-05-15 10:18:21 - [MESSAGE][PASSED] - Object: 'Object Repository/ADMIN/Features Control/Booking Unit/a_Add New Booking Unit/checkbox_Month' is clicked on

2019-05-15 10:18:21 - [TEST_STEP][PASSED] - click: Object: 'Object Repository/ADMIN/Features Control/Booking Unit/a_Add New Booking Unit/button_Save' is clicked on

2019-05-15 10:18:21 - [MESSAGE][PASSED] - Object: 'Object Repository/ADMIN/Features Control/Booking Unit/a_Add New Booking Unit/button_Save' is clicked on

2019-05-15 10:18:21 - [TEST_STEP][PASSED] - delay: Delayed 1 second(s)

2019-05-15 10:18:22 - [MESSAGE][PASSED] - Delayed 1 second(s)

2019-05-15 10:18:22 - [TEST_STEP][PASSED] - click: Object: 'Object Repository/ADMIN/Features Control/Booking Unit/topbutton_Save' is clicked on

2019-05-15 10:18:22 - [MESSAGE][PASSED] - Object: 'Object Repository/ADMIN/Features Control/Booking Unit/topbutton_Save' is clicked on

2019-05-15 10:18:22 - [TEST_STEP][PASSED] - waitForElementVisible: Object 'Object Repository/ADMIN/Features Control/Booking Unit/a_Save Popup/button_Save' is visible

2019-05-15 10:18:22 - [MESSAGE][WARNING] - Timeout '0' is invalid. Using default page load timeout: '30'

2019-05-15 10:18:22 - [MESSAGE][PASSED] - Object 'Object Repository/ADMIN/Features Control/Booking Unit/a_Save Popup/button_Save' is visible

2019-05-15 10:18:22 - [TEST_STEP][PASSED] - click: Object: 'Object Repository/ADMIN/Features Control/Booking Unit/a_Save Popup/button_Save' is clicked on

2019-05-15 10:18:22 - [MESSAGE][PASSED] - Object: 'Object Repository/ADMIN/Features Control/Booking Unit/a_Save Popup/button_Save' is clicked on

2019-05-15 10:18:22 - [TEST_STEP][PASSED] - waitForElementVisible: Object 'Object Repository/ADMIN/Features Control/Booking Unit/a_ToasterMessage/toaster_SaveSuccessfully' is visible

2019-05-15 10:18:22 - [MESSAGE][WARNING] - Timeout '0' is invalid. Using default page load timeout: '30'

2019-05-15 10:18:29 - [MESSAGE][PASSED] - Object 'Object Repository/ADMIN/Features Control/Booking Unit/a_ToasterMessage/toaster_SaveSuccessfully' is visible

2019-05-15 10:18:29 - [TEST_STEP][PASSED] - waitForElementNotPresent: Web element with id: 'Object Repository/ADMIN/Features Control/Booking Unit/a_ToasterMessage/toaster_SaveSuccessfully' located by 'By.xpath: //div[@class = 'toast toast-success' and (text() = 'Save successfully' or . = 'Save successfully')]' is not present after '30' second(s)

2019-05-15 10:18:29 - [MESSAGE][WARNING] - Timeout '0' is invalid. Using default page load timeout: '30'

2019-05-15 10:18:34 - [MESSAGE][PASSED] - Web element with id: 'Object Repository/ADMIN/Features Control/Booking Unit/a_ToasterMessage/toaster_SaveSuccessfully' located by 'By.xpath: //div[@class = 'toast toast-success' and (text() = 'Save successfully' or . = 'Save successfully')]' is not present after '30' second(s)]]></system-out>
         <system-err><![CDATA[]]></system-err>
      </testcase>
      <testcase name="Test Cases/ADMIN/Features Control/Booking Unit/Combination/Default/22Add_DayWeekCustom" classname="Test Cases/ADMIN/Features Control/Booking Unit/Combination/Default/22Add_DayWeekCustom" status="PASSED">
         <system-out><![CDATA[2019-05-15 10:18:34 - [TEST_CASE][PASSED] - Test Cases/ADMIN/Features Control/Booking Unit/Combination/Default/22Add_DayWeekCustom: Test Cases/ADMIN/Features Control/Booking Unit/Combination/Default/22Add_DayWeekCustom

2019-05-15 10:18:34 - [TEST_STEP][PASSED] - waitForElementVisible: Object 'Object Repository/ADMIN/Features Control/Advance Search/a_Features Control' is visible

2019-05-15 10:18:34 - [MESSAGE][WARNING] - Timeout '0' is invalid. Using default page load timeout: '30'

2019-05-15 10:18:34 - [MESSAGE][PASSED] - Object 'Object Repository/ADMIN/Features Control/Advance Search/a_Features Control' is visible

2019-05-15 10:18:34 - [TEST_STEP][PASSED] - click: Object: 'Object Repository/ADMIN/Features Control/Advance Search/a_Features Control' is clicked on

2019-05-15 10:18:35 - [MESSAGE][PASSED] - Object: 'Object Repository/ADMIN/Features Control/Advance Search/a_Features Control' is clicked on

2019-05-15 10:18:35 - [TEST_STEP][PASSED] - waitForElementVisible: Object 'Object Repository/ADMIN/Features Control/Booking Unit/button_Edit' is visible

2019-05-15 10:18:35 - [MESSAGE][WARNING] - Timeout '0' is invalid. Using default page load timeout: '30'

2019-05-15 10:18:35 - [MESSAGE][PASSED] - Object 'Object Repository/ADMIN/Features Control/Booking Unit/button_Edit' is visible

2019-05-15 10:18:35 - [TEST_STEP][PASSED] - click: Object: 'Object Repository/ADMIN/Features Control/Booking Unit/button_Edit' is clicked on

2019-05-15 10:18:36 - [MESSAGE][PASSED] - Object: 'Object Repository/ADMIN/Features Control/Booking Unit/button_Edit' is clicked on

2019-05-15 10:18:36 - [TEST_STEP][PASSED] - waitForElementVisible: Object 'Object Repository/ADMIN/Features Control/Booking Unit/icon1st_NewBookingUnit' is visible

2019-05-15 10:18:36 - [MESSAGE][WARNING] - Timeout '0' is invalid. Using default page load timeout: '30'

2019-05-15 10:18:36 - [MESSAGE][PASSED] - Object 'Object Repository/ADMIN/Features Control/Booking Unit/icon1st_NewBookingUnit' is visible

2019-05-15 10:18:36 - [TEST_STEP][PASSED] - verifyElementVisible: Object 'Object Repository/ADMIN/Features Control/Booking Unit/textlabel_NewBookingUnit' is visible

2019-05-15 10:18:36 - [MESSAGE][PASSED] - Object 'Object Repository/ADMIN/Features Control/Booking Unit/textlabel_NewBookingUnit' is visible

2019-05-15 10:18:36 - [TEST_STEP][PASSED] - delay: Delayed 1 second(s)

2019-05-15 10:18:37 - [MESSAGE][PASSED] - Delayed 1 second(s)

2019-05-15 10:18:37 - [TEST_STEP][PASSED] - click: Object: 'Object Repository/ADMIN/Features Control/Booking Unit/button_AddBookingUnit' is clicked on

2019-05-15 10:18:37 - [MESSAGE][PASSED] - Object: 'Object Repository/ADMIN/Features Control/Booking Unit/button_AddBookingUnit' is clicked on

2019-05-15 10:18:37 - [TEST_STEP][PASSED] - waitForElementVisible: Object 'Object Repository/ADMIN/Features Control/Booking Unit/a_Add New Booking Unit/textlabel_AddNewBookingUnit' is visible

2019-05-15 10:18:37 - [MESSAGE][WARNING] - Timeout '0' is invalid. Using default page load timeout: '30'

2019-05-15 10:18:37 - [MESSAGE][PASSED] - Object 'Object Repository/ADMIN/Features Control/Booking Unit/a_Add New Booking Unit/textlabel_AddNewBookingUnit' is visible

2019-05-15 10:18:37 - [TEST_STEP][PASSED] - delay: Delayed 1 second(s)

2019-05-15 10:18:38 - [MESSAGE][PASSED] - Delayed 1 second(s)

2019-05-15 10:18:38 - [TEST_STEP][PASSED] - setText: Text 'Day 22' is set on object 'Object Repository/ADMIN/Features Control/Booking Unit/a_Add New Booking Unit/textfield_UnitName'

2019-05-15 10:18:38 - [MESSAGE][PASSED] - Text 'Day 22' is set on object 'Object Repository/ADMIN/Features Control/Booking Unit/a_Add New Booking Unit/textfield_UnitName'

2019-05-15 10:18:38 - [TEST_STEP][PASSED] - delay: Delayed 1 second(s)

2019-05-15 10:18:39 - [MESSAGE][PASSED] - Delayed 1 second(s)

2019-05-15 10:18:39 - [TEST_STEP][PASSED] - click: Object: 'Object Repository/ADMIN/Features Control/Booking Unit/a_Add New Booking Unit/checkbox_Day' is clicked on

2019-05-15 10:18:39 - [MESSAGE][PASSED] - Object: 'Object Repository/ADMIN/Features Control/Booking Unit/a_Add New Booking Unit/checkbox_Day' is clicked on

2019-05-15 10:18:39 - [TEST_STEP][PASSED] - click: Object: 'Object Repository/ADMIN/Features Control/Booking Unit/a_Add New Booking Unit/checkbox_Week' is clicked on

2019-05-15 10:18:39 - [MESSAGE][PASSED] - Object: 'Object Repository/ADMIN/Features Control/Booking Unit/a_Add New Booking Unit/checkbox_Week' is clicked on

2019-05-15 10:18:39 - [TEST_STEP][PASSED] - click: Object: 'Object Repository/ADMIN/Features Control/Booking Unit/a_Add New Booking Unit/checkbox_Custom' is clicked on

2019-05-15 10:18:39 - [MESSAGE][PASSED] - Object: 'Object Repository/ADMIN/Features Control/Booking Unit/a_Add New Booking Unit/checkbox_Custom' is clicked on

2019-05-15 10:18:39 - [TEST_STEP][PASSED] - click: Object: 'Object Repository/ADMIN/Features Control/Booking Unit/a_Add New Booking Unit/button_Save' is clicked on

2019-05-15 10:18:40 - [MESSAGE][PASSED] - Object: 'Object Repository/ADMIN/Features Control/Booking Unit/a_Add New Booking Unit/button_Save' is clicked on

2019-05-15 10:18:40 - [TEST_STEP][PASSED] - delay: Delayed 1 second(s)

2019-05-15 10:18:41 - [MESSAGE][PASSED] - Delayed 1 second(s)

2019-05-15 10:18:41 - [TEST_STEP][PASSED] - click: Object: 'Object Repository/ADMIN/Features Control/Booking Unit/topbutton_Save' is clicked on

2019-05-15 10:18:41 - [MESSAGE][PASSED] - Object: 'Object Repository/ADMIN/Features Control/Booking Unit/topbutton_Save' is clicked on

2019-05-15 10:18:41 - [TEST_STEP][PASSED] - waitForElementVisible: Object 'Object Repository/ADMIN/Features Control/Booking Unit/a_Save Popup/button_Save' is visible

2019-05-15 10:18:41 - [MESSAGE][WARNING] - Timeout '0' is invalid. Using default page load timeout: '30'

2019-05-15 10:18:41 - [MESSAGE][PASSED] - Object 'Object Repository/ADMIN/Features Control/Booking Unit/a_Save Popup/button_Save' is visible

2019-05-15 10:18:41 - [TEST_STEP][PASSED] - click: Object: 'Object Repository/ADMIN/Features Control/Booking Unit/a_Save Popup/button_Save' is clicked on

2019-05-15 10:18:41 - [MESSAGE][PASSED] - Object: 'Object Repository/ADMIN/Features Control/Booking Unit/a_Save Popup/button_Save' is clicked on

2019-05-15 10:18:41 - [TEST_STEP][PASSED] - waitForElementVisible: Object 'Object Repository/ADMIN/Features Control/Booking Unit/a_ToasterMessage/toaster_SaveSuccessfully' is visible

2019-05-15 10:18:41 - [MESSAGE][WARNING] - Timeout '0' is invalid. Using default page load timeout: '30'

2019-05-15 10:18:45 - [MESSAGE][PASSED] - Object 'Object Repository/ADMIN/Features Control/Booking Unit/a_ToasterMessage/toaster_SaveSuccessfully' is visible

2019-05-15 10:18:45 - [TEST_STEP][PASSED] - waitForElementNotPresent: Web element with id: 'Object Repository/ADMIN/Features Control/Booking Unit/a_ToasterMessage/toaster_SaveSuccessfully' located by 'By.xpath: //div[@class = 'toast toast-success' and (text() = 'Save successfully' or . = 'Save successfully')]' is not present after '30' second(s)

2019-05-15 10:18:45 - [MESSAGE][WARNING] - Timeout '0' is invalid. Using default page load timeout: '30'

2019-05-15 10:18:51 - [MESSAGE][PASSED] - Web element with id: 'Object Repository/ADMIN/Features Control/Booking Unit/a_ToasterMessage/toaster_SaveSuccessfully' located by 'By.xpath: //div[@class = 'toast toast-success' and (text() = 'Save successfully' or . = 'Save successfully')]' is not present after '30' second(s)]]></system-out>
         <system-err><![CDATA[]]></system-err>
      </testcase>
      <testcase name="Test Cases/ADMIN/Features Control/Booking Unit/Combination/Default/23Add_DayMonthCustom" classname="Test Cases/ADMIN/Features Control/Booking Unit/Combination/Default/23Add_DayMonthCustom" status="PASSED">
         <system-out><![CDATA[2019-05-15 10:18:51 - [TEST_CASE][PASSED] - Test Cases/ADMIN/Features Control/Booking Unit/Combination/Default/23Add_DayMonthCustom: Test Cases/ADMIN/Features Control/Booking Unit/Combination/Default/23Add_DayMonthCustom

2019-05-15 10:18:51 - [TEST_STEP][PASSED] - waitForElementVisible: Object 'Object Repository/ADMIN/Features Control/Advance Search/a_Features Control' is visible

2019-05-15 10:18:51 - [MESSAGE][WARNING] - Timeout '0' is invalid. Using default page load timeout: '30'

2019-05-15 10:18:51 - [MESSAGE][PASSED] - Object 'Object Repository/ADMIN/Features Control/Advance Search/a_Features Control' is visible

2019-05-15 10:18:51 - [TEST_STEP][PASSED] - click: Object: 'Object Repository/ADMIN/Features Control/Advance Search/a_Features Control' is clicked on

2019-05-15 10:18:53 - [MESSAGE][PASSED] - Object: 'Object Repository/ADMIN/Features Control/Advance Search/a_Features Control' is clicked on

2019-05-15 10:18:53 - [TEST_STEP][PASSED] - waitForElementVisible: Object 'Object Repository/ADMIN/Features Control/Booking Unit/button_Edit' is visible

2019-05-15 10:18:53 - [MESSAGE][WARNING] - Timeout '0' is invalid. Using default page load timeout: '30'

2019-05-15 10:18:53 - [MESSAGE][PASSED] - Object 'Object Repository/ADMIN/Features Control/Booking Unit/button_Edit' is visible

2019-05-15 10:18:53 - [TEST_STEP][PASSED] - click: Object: 'Object Repository/ADMIN/Features Control/Booking Unit/button_Edit' is clicked on

2019-05-15 10:18:58 - [MESSAGE][PASSED] - Object: 'Object Repository/ADMIN/Features Control/Booking Unit/button_Edit' is clicked on

2019-05-15 10:18:58 - [TEST_STEP][PASSED] - waitForElementVisible: Object 'Object Repository/ADMIN/Features Control/Booking Unit/icon1st_NewBookingUnit' is visible

2019-05-15 10:18:58 - [MESSAGE][WARNING] - Timeout '0' is invalid. Using default page load timeout: '30'

2019-05-15 10:18:58 - [MESSAGE][PASSED] - Object 'Object Repository/ADMIN/Features Control/Booking Unit/icon1st_NewBookingUnit' is visible

2019-05-15 10:18:58 - [TEST_STEP][PASSED] - verifyElementVisible: Object 'Object Repository/ADMIN/Features Control/Booking Unit/textlabel_NewBookingUnit' is visible

2019-05-15 10:18:58 - [MESSAGE][PASSED] - Object 'Object Repository/ADMIN/Features Control/Booking Unit/textlabel_NewBookingUnit' is visible

2019-05-15 10:18:58 - [TEST_STEP][PASSED] - delay: Delayed 1 second(s)

2019-05-15 10:18:59 - [MESSAGE][PASSED] - Delayed 1 second(s)

2019-05-15 10:18:59 - [TEST_STEP][PASSED] - click: Object: 'Object Repository/ADMIN/Features Control/Booking Unit/button_AddBookingUnit' is clicked on

2019-05-15 10:18:59 - [MESSAGE][PASSED] - Object: 'Object Repository/ADMIN/Features Control/Booking Unit/button_AddBookingUnit' is clicked on

2019-05-15 10:18:59 - [TEST_STEP][PASSED] - waitForElementVisible: Object 'Object Repository/ADMIN/Features Control/Booking Unit/a_Add New Booking Unit/textlabel_AddNewBookingUnit' is visible

2019-05-15 10:18:59 - [MESSAGE][WARNING] - Timeout '0' is invalid. Using default page load timeout: '30'

2019-05-15 10:18:59 - [MESSAGE][PASSED] - Object 'Object Repository/ADMIN/Features Control/Booking Unit/a_Add New Booking Unit/textlabel_AddNewBookingUnit' is visible

2019-05-15 10:18:59 - [TEST_STEP][PASSED] - delay: Delayed 1 second(s)

2019-05-15 10:19:00 - [MESSAGE][PASSED] - Delayed 1 second(s)

2019-05-15 10:19:00 - [TEST_STEP][PASSED] - setText: Text 'Day 23' is set on object 'Object Repository/ADMIN/Features Control/Booking Unit/a_Add New Booking Unit/textfield_UnitName'

2019-05-15 10:19:01 - [MESSAGE][PASSED] - Text 'Day 23' is set on object 'Object Repository/ADMIN/Features Control/Booking Unit/a_Add New Booking Unit/textfield_UnitName'

2019-05-15 10:19:01 - [TEST_STEP][PASSED] - delay: Delayed 1 second(s)

2019-05-15 10:19:02 - [MESSAGE][PASSED] - Delayed 1 second(s)

2019-05-15 10:19:02 - [TEST_STEP][PASSED] - click: Object: 'Object Repository/ADMIN/Features Control/Booking Unit/a_Add New Booking Unit/checkbox_Day' is clicked on

2019-05-15 10:19:02 - [MESSAGE][PASSED] - Object: 'Object Repository/ADMIN/Features Control/Booking Unit/a_Add New Booking Unit/checkbox_Day' is clicked on

2019-05-15 10:19:02 - [TEST_STEP][PASSED] - click: Object: 'Object Repository/ADMIN/Features Control/Booking Unit/a_Add New Booking Unit/checkbox_Month' is clicked on

2019-05-15 10:19:02 - [MESSAGE][PASSED] - Object: 'Object Repository/ADMIN/Features Control/Booking Unit/a_Add New Booking Unit/checkbox_Month' is clicked on

2019-05-15 10:19:02 - [TEST_STEP][PASSED] - click: Object: 'Object Repository/ADMIN/Features Control/Booking Unit/a_Add New Booking Unit/checkbox_Custom' is clicked on

2019-05-15 10:19:02 - [MESSAGE][PASSED] - Object: 'Object Repository/ADMIN/Features Control/Booking Unit/a_Add New Booking Unit/checkbox_Custom' is clicked on

2019-05-15 10:19:02 - [TEST_STEP][PASSED] - click: Object: 'Object Repository/ADMIN/Features Control/Booking Unit/a_Add New Booking Unit/button_Save' is clicked on

2019-05-15 10:19:02 - [MESSAGE][PASSED] - Object: 'Object Repository/ADMIN/Features Control/Booking Unit/a_Add New Booking Unit/button_Save' is clicked on

2019-05-15 10:19:02 - [TEST_STEP][PASSED] - delay: Delayed 1 second(s)

2019-05-15 10:19:03 - [MESSAGE][PASSED] - Delayed 1 second(s)

2019-05-15 10:19:03 - [TEST_STEP][PASSED] - click: Object: 'Object Repository/ADMIN/Features Control/Booking Unit/topbutton_Save' is clicked on

2019-05-15 10:19:03 - [MESSAGE][PASSED] - Object: 'Object Repository/ADMIN/Features Control/Booking Unit/topbutton_Save' is clicked on

2019-05-15 10:19:03 - [TEST_STEP][PASSED] - waitForElementVisible: Object 'Object Repository/ADMIN/Features Control/Booking Unit/a_Save Popup/button_Save' is visible

2019-05-15 10:19:03 - [MESSAGE][WARNING] - Timeout '0' is invalid. Using default page load timeout: '30'

2019-05-15 10:19:03 - [MESSAGE][PASSED] - Object 'Object Repository/ADMIN/Features Control/Booking Unit/a_Save Popup/button_Save' is visible

2019-05-15 10:19:03 - [TEST_STEP][PASSED] - click: Object: 'Object Repository/ADMIN/Features Control/Booking Unit/a_Save Popup/button_Save' is clicked on

2019-05-15 10:19:03 - [MESSAGE][PASSED] - Object: 'Object Repository/ADMIN/Features Control/Booking Unit/a_Save Popup/button_Save' is clicked on

2019-05-15 10:19:03 - [TEST_STEP][PASSED] - waitForElementVisible: Object 'Object Repository/ADMIN/Features Control/Booking Unit/a_ToasterMessage/toaster_SaveSuccessfully' is visible

2019-05-15 10:19:03 - [MESSAGE][WARNING] - Timeout '0' is invalid. Using default page load timeout: '30'

2019-05-15 10:19:07 - [MESSAGE][PASSED] - Object 'Object Repository/ADMIN/Features Control/Booking Unit/a_ToasterMessage/toaster_SaveSuccessfully' is visible

2019-05-15 10:19:07 - [TEST_STEP][PASSED] - waitForElementNotPresent: Web element with id: 'Object Repository/ADMIN/Features Control/Booking Unit/a_ToasterMessage/toaster_SaveSuccessfully' located by 'By.xpath: //div[@class = 'toast toast-success' and (text() = 'Save successfully' or . = 'Save successfully')]' is not present after '30' second(s)

2019-05-15 10:19:07 - [MESSAGE][WARNING] - Timeout '0' is invalid. Using default page load timeout: '30'

2019-05-15 10:19:13 - [MESSAGE][PASSED] - Web element with id: 'Object Repository/ADMIN/Features Control/Booking Unit/a_ToasterMessage/toaster_SaveSuccessfully' located by 'By.xpath: //div[@class = 'toast toast-success' and (text() = 'Save successfully' or . = 'Save successfully')]' is not present after '30' second(s)]]></system-out>
         <system-err><![CDATA[]]></system-err>
      </testcase>
      <testcase name="Test Cases/ADMIN/Features Control/Booking Unit/Combination/Default/24Add_WeekMonthHour" classname="Test Cases/ADMIN/Features Control/Booking Unit/Combination/Default/24Add_WeekMonthHour" status="PASSED">
         <system-out><![CDATA[2019-05-15 10:19:13 - [TEST_CASE][PASSED] - Test Cases/ADMIN/Features Control/Booking Unit/Combination/Default/24Add_WeekMonthHour: Test Cases/ADMIN/Features Control/Booking Unit/Combination/Default/24Add_WeekMonthHour

2019-05-15 10:19:13 - [TEST_STEP][PASSED] - waitForElementVisible: Object 'Object Repository/ADMIN/Features Control/Advance Search/a_Features Control' is visible

2019-05-15 10:19:13 - [MESSAGE][WARNING] - Timeout '0' is invalid. Using default page load timeout: '30'

2019-05-15 10:19:13 - [MESSAGE][PASSED] - Object 'Object Repository/ADMIN/Features Control/Advance Search/a_Features Control' is visible

2019-05-15 10:19:13 - [TEST_STEP][PASSED] - click: Object: 'Object Repository/ADMIN/Features Control/Advance Search/a_Features Control' is clicked on

2019-05-15 10:19:14 - [MESSAGE][PASSED] - Object: 'Object Repository/ADMIN/Features Control/Advance Search/a_Features Control' is clicked on

2019-05-15 10:19:14 - [TEST_STEP][PASSED] - waitForElementVisible: Object 'Object Repository/ADMIN/Features Control/Booking Unit/button_Edit' is visible

2019-05-15 10:19:14 - [MESSAGE][WARNING] - Timeout '0' is invalid. Using default page load timeout: '30'

2019-05-15 10:19:14 - [MESSAGE][PASSED] - Object 'Object Repository/ADMIN/Features Control/Booking Unit/button_Edit' is visible

2019-05-15 10:19:14 - [TEST_STEP][PASSED] - click: Object: 'Object Repository/ADMIN/Features Control/Booking Unit/button_Edit' is clicked on

2019-05-15 10:19:17 - [MESSAGE][PASSED] - Object: 'Object Repository/ADMIN/Features Control/Booking Unit/button_Edit' is clicked on

2019-05-15 10:19:17 - [TEST_STEP][PASSED] - waitForElementVisible: Object 'Object Repository/ADMIN/Features Control/Booking Unit/icon1st_NewBookingUnit' is visible

2019-05-15 10:19:17 - [MESSAGE][WARNING] - Timeout '0' is invalid. Using default page load timeout: '30'

2019-05-15 10:19:17 - [MESSAGE][PASSED] - Object 'Object Repository/ADMIN/Features Control/Booking Unit/icon1st_NewBookingUnit' is visible

2019-05-15 10:19:17 - [TEST_STEP][PASSED] - verifyElementVisible: Object 'Object Repository/ADMIN/Features Control/Booking Unit/textlabel_NewBookingUnit' is visible

2019-05-15 10:19:17 - [MESSAGE][PASSED] - Object 'Object Repository/ADMIN/Features Control/Booking Unit/textlabel_NewBookingUnit' is visible

2019-05-15 10:19:17 - [TEST_STEP][PASSED] - delay: Delayed 1 second(s)

2019-05-15 10:19:18 - [MESSAGE][PASSED] - Delayed 1 second(s)

2019-05-15 10:19:18 - [TEST_STEP][PASSED] - click: Object: 'Object Repository/ADMIN/Features Control/Booking Unit/button_AddBookingUnit' is clicked on

2019-05-15 10:19:18 - [MESSAGE][PASSED] - Object: 'Object Repository/ADMIN/Features Control/Booking Unit/button_AddBookingUnit' is clicked on

2019-05-15 10:19:18 - [TEST_STEP][PASSED] - waitForElementVisible: Object 'Object Repository/ADMIN/Features Control/Booking Unit/a_Add New Booking Unit/textlabel_AddNewBookingUnit' is visible

2019-05-15 10:19:18 - [MESSAGE][WARNING] - Timeout '0' is invalid. Using default page load timeout: '30'

2019-05-15 10:19:18 - [MESSAGE][PASSED] - Object 'Object Repository/ADMIN/Features Control/Booking Unit/a_Add New Booking Unit/textlabel_AddNewBookingUnit' is visible

2019-05-15 10:19:18 - [TEST_STEP][PASSED] - delay: Delayed 1 second(s)

2019-05-15 10:19:19 - [MESSAGE][PASSED] - Delayed 1 second(s)

2019-05-15 10:19:19 - [TEST_STEP][PASSED] - setText: Text 'Day 24' is set on object 'Object Repository/ADMIN/Features Control/Booking Unit/a_Add New Booking Unit/textfield_UnitName'

2019-05-15 10:19:19 - [MESSAGE][PASSED] - Text 'Day 24' is set on object 'Object Repository/ADMIN/Features Control/Booking Unit/a_Add New Booking Unit/textfield_UnitName'

2019-05-15 10:19:19 - [TEST_STEP][PASSED] - delay: Delayed 1 second(s)

2019-05-15 10:19:20 - [MESSAGE][PASSED] - Delayed 1 second(s)

2019-05-15 10:19:20 - [TEST_STEP][PASSED] - click: Object: 'Object Repository/ADMIN/Features Control/Booking Unit/a_Add New Booking Unit/checkbox_Week' is clicked on

2019-05-15 10:19:20 - [MESSAGE][PASSED] - Object: 'Object Repository/ADMIN/Features Control/Booking Unit/a_Add New Booking Unit/checkbox_Week' is clicked on

2019-05-15 10:19:20 - [TEST_STEP][PASSED] - click: Object: 'Object Repository/ADMIN/Features Control/Booking Unit/a_Add New Booking Unit/checkbox_Month' is clicked on

2019-05-15 10:19:21 - [MESSAGE][PASSED] - Object: 'Object Repository/ADMIN/Features Control/Booking Unit/a_Add New Booking Unit/checkbox_Month' is clicked on

2019-05-15 10:19:21 - [TEST_STEP][PASSED] - click: Object: 'Object Repository/ADMIN/Features Control/Booking Unit/a_Add New Booking Unit/checkbox_Hour' is clicked on

2019-05-15 10:19:21 - [MESSAGE][PASSED] - Object: 'Object Repository/ADMIN/Features Control/Booking Unit/a_Add New Booking Unit/checkbox_Hour' is clicked on

2019-05-15 10:19:21 - [TEST_STEP][PASSED] - click: Object: 'Object Repository/ADMIN/Features Control/Booking Unit/a_Add New Booking Unit/button_Save' is clicked on

2019-05-15 10:19:21 - [MESSAGE][PASSED] - Object: 'Object Repository/ADMIN/Features Control/Booking Unit/a_Add New Booking Unit/button_Save' is clicked on

2019-05-15 10:19:21 - [TEST_STEP][PASSED] - delay: Delayed 1 second(s)

2019-05-15 10:19:22 - [MESSAGE][PASSED] - Delayed 1 second(s)

2019-05-15 10:19:22 - [TEST_STEP][PASSED] - click: Object: 'Object Repository/ADMIN/Features Control/Booking Unit/topbutton_Save' is clicked on

2019-05-15 10:19:22 - [MESSAGE][PASSED] - Object: 'Object Repository/ADMIN/Features Control/Booking Unit/topbutton_Save' is clicked on

2019-05-15 10:19:22 - [TEST_STEP][PASSED] - waitForElementVisible: Object 'Object Repository/ADMIN/Features Control/Booking Unit/a_Save Popup/button_Save' is visible

2019-05-15 10:19:22 - [MESSAGE][WARNING] - Timeout '0' is invalid. Using default page load timeout: '30'

2019-05-15 10:19:22 - [MESSAGE][PASSED] - Object 'Object Repository/ADMIN/Features Control/Booking Unit/a_Save Popup/button_Save' is visible

2019-05-15 10:19:22 - [TEST_STEP][PASSED] - click: Object: 'Object Repository/ADMIN/Features Control/Booking Unit/a_Save Popup/button_Save' is clicked on

2019-05-15 10:19:22 - [MESSAGE][PASSED] - Object: 'Object Repository/ADMIN/Features Control/Booking Unit/a_Save Popup/button_Save' is clicked on

2019-05-15 10:19:22 - [TEST_STEP][PASSED] - waitForElementVisible: Object 'Object Repository/ADMIN/Features Control/Booking Unit/a_ToasterMessage/toaster_SaveSuccessfully' is visible

2019-05-15 10:19:22 - [MESSAGE][WARNING] - Timeout '0' is invalid. Using default page load timeout: '30'

2019-05-15 10:19:23 - [MESSAGE][PASSED] - Object 'Object Repository/ADMIN/Features Control/Booking Unit/a_ToasterMessage/toaster_SaveSuccessfully' is visible

2019-05-15 10:19:23 - [TEST_STEP][PASSED] - waitForElementNotPresent: Web element with id: 'Object Repository/ADMIN/Features Control/Booking Unit/a_ToasterMessage/toaster_SaveSuccessfully' located by 'By.xpath: //div[@class = 'toast toast-success' and (text() = 'Save successfully' or . = 'Save successfully')]' is not present after '30' second(s)

2019-05-15 10:19:23 - [MESSAGE][WARNING] - Timeout '0' is invalid. Using default page load timeout: '30'

2019-05-15 10:19:29 - [MESSAGE][PASSED] - Web element with id: 'Object Repository/ADMIN/Features Control/Booking Unit/a_ToasterMessage/toaster_SaveSuccessfully' located by 'By.xpath: //div[@class = 'toast toast-success' and (text() = 'Save successfully' or . = 'Save successfully')]' is not present after '30' second(s)]]></system-out>
         <system-err><![CDATA[]]></system-err>
      </testcase>
      <testcase name="Test Cases/ADMIN/Features Control/Booking Unit/Combination/Default/25Add_WeekMonthCustom" classname="Test Cases/ADMIN/Features Control/Booking Unit/Combination/Default/25Add_WeekMonthCustom" status="PASSED">
         <system-out><![CDATA[2019-05-15 10:19:29 - [TEST_CASE][PASSED] - Test Cases/ADMIN/Features Control/Booking Unit/Combination/Default/25Add_WeekMonthCustom: Test Cases/ADMIN/Features Control/Booking Unit/Combination/Default/25Add_WeekMonthCustom

2019-05-15 10:19:29 - [TEST_STEP][PASSED] - waitForElementVisible: Object 'Object Repository/ADMIN/Features Control/Advance Search/a_Features Control' is visible

2019-05-15 10:19:29 - [MESSAGE][WARNING] - Timeout '0' is invalid. Using default page load timeout: '30'

2019-05-15 10:19:29 - [MESSAGE][PASSED] - Object 'Object Repository/ADMIN/Features Control/Advance Search/a_Features Control' is visible

2019-05-15 10:19:29 - [TEST_STEP][PASSED] - click: Object: 'Object Repository/ADMIN/Features Control/Advance Search/a_Features Control' is clicked on

2019-05-15 10:19:31 - [MESSAGE][PASSED] - Object: 'Object Repository/ADMIN/Features Control/Advance Search/a_Features Control' is clicked on

2019-05-15 10:19:31 - [TEST_STEP][PASSED] - waitForElementVisible: Object 'Object Repository/ADMIN/Features Control/Booking Unit/button_Edit' is visible

2019-05-15 10:19:31 - [MESSAGE][WARNING] - Timeout '0' is invalid. Using default page load timeout: '30'

2019-05-15 10:19:32 - [MESSAGE][PASSED] - Object 'Object Repository/ADMIN/Features Control/Booking Unit/button_Edit' is visible

2019-05-15 10:19:32 - [TEST_STEP][PASSED] - click: Object: 'Object Repository/ADMIN/Features Control/Booking Unit/button_Edit' is clicked on

2019-05-15 10:19:32 - [MESSAGE][PASSED] - Object: 'Object Repository/ADMIN/Features Control/Booking Unit/button_Edit' is clicked on

2019-05-15 10:19:32 - [TEST_STEP][PASSED] - waitForElementVisible: Object 'Object Repository/ADMIN/Features Control/Booking Unit/icon1st_NewBookingUnit' is visible

2019-05-15 10:19:32 - [MESSAGE][WARNING] - Timeout '0' is invalid. Using default page load timeout: '30'

2019-05-15 10:19:32 - [MESSAGE][PASSED] - Object 'Object Repository/ADMIN/Features Control/Booking Unit/icon1st_NewBookingUnit' is visible

2019-05-15 10:19:32 - [TEST_STEP][PASSED] - verifyElementVisible: Object 'Object Repository/ADMIN/Features Control/Booking Unit/textlabel_NewBookingUnit' is visible

2019-05-15 10:19:32 - [MESSAGE][PASSED] - Object 'Object Repository/ADMIN/Features Control/Booking Unit/textlabel_NewBookingUnit' is visible

2019-05-15 10:19:32 - [TEST_STEP][PASSED] - delay: Delayed 1 second(s)

2019-05-15 10:19:33 - [MESSAGE][PASSED] - Delayed 1 second(s)

2019-05-15 10:19:33 - [TEST_STEP][PASSED] - click: Object: 'Object Repository/ADMIN/Features Control/Booking Unit/button_AddBookingUnit' is clicked on

2019-05-15 10:19:33 - [MESSAGE][PASSED] - Object: 'Object Repository/ADMIN/Features Control/Booking Unit/button_AddBookingUnit' is clicked on

2019-05-15 10:19:33 - [TEST_STEP][PASSED] - waitForElementVisible: Object 'Object Repository/ADMIN/Features Control/Booking Unit/a_Add New Booking Unit/textlabel_AddNewBookingUnit' is visible

2019-05-15 10:19:33 - [MESSAGE][WARNING] - Timeout '0' is invalid. Using default page load timeout: '30'

2019-05-15 10:19:33 - [MESSAGE][PASSED] - Object 'Object Repository/ADMIN/Features Control/Booking Unit/a_Add New Booking Unit/textlabel_AddNewBookingUnit' is visible

2019-05-15 10:19:33 - [TEST_STEP][PASSED] - delay: Delayed 1 second(s)

2019-05-15 10:19:34 - [MESSAGE][PASSED] - Delayed 1 second(s)

2019-05-15 10:19:34 - [TEST_STEP][PASSED] - setText: Text 'Day 25' is set on object 'Object Repository/ADMIN/Features Control/Booking Unit/a_Add New Booking Unit/textfield_UnitName'

2019-05-15 10:19:35 - [MESSAGE][PASSED] - Text 'Day 25' is set on object 'Object Repository/ADMIN/Features Control/Booking Unit/a_Add New Booking Unit/textfield_UnitName'

2019-05-15 10:19:35 - [TEST_STEP][PASSED] - delay: Delayed 1 second(s)

2019-05-15 10:19:36 - [MESSAGE][PASSED] - Delayed 1 second(s)

2019-05-15 10:19:36 - [TEST_STEP][PASSED] - click: Object: 'Object Repository/ADMIN/Features Control/Booking Unit/a_Add New Booking Unit/checkbox_Week' is clicked on

2019-05-15 10:19:36 - [MESSAGE][PASSED] - Object: 'Object Repository/ADMIN/Features Control/Booking Unit/a_Add New Booking Unit/checkbox_Week' is clicked on

2019-05-15 10:19:36 - [TEST_STEP][PASSED] - click: Object: 'Object Repository/ADMIN/Features Control/Booking Unit/a_Add New Booking Unit/checkbox_Month' is clicked on

2019-05-15 10:19:36 - [MESSAGE][PASSED] - Object: 'Object Repository/ADMIN/Features Control/Booking Unit/a_Add New Booking Unit/checkbox_Month' is clicked on

2019-05-15 10:19:36 - [TEST_STEP][PASSED] - click: Object: 'Object Repository/ADMIN/Features Control/Booking Unit/a_Add New Booking Unit/checkbox_Custom' is clicked on

2019-05-15 10:19:36 - [MESSAGE][PASSED] - Object: 'Object Repository/ADMIN/Features Control/Booking Unit/a_Add New Booking Unit/checkbox_Custom' is clicked on

2019-05-15 10:19:36 - [TEST_STEP][PASSED] - click: Object: 'Object Repository/ADMIN/Features Control/Booking Unit/a_Add New Booking Unit/button_Save' is clicked on

2019-05-15 10:19:36 - [MESSAGE][PASSED] - Object: 'Object Repository/ADMIN/Features Control/Booking Unit/a_Add New Booking Unit/button_Save' is clicked on

2019-05-15 10:19:36 - [TEST_STEP][PASSED] - delay: Delayed 1 second(s)

2019-05-15 10:19:37 - [MESSAGE][PASSED] - Delayed 1 second(s)

2019-05-15 10:19:37 - [TEST_STEP][PASSED] - click: Object: 'Object Repository/ADMIN/Features Control/Booking Unit/topbutton_Save' is clicked on

2019-05-15 10:19:37 - [MESSAGE][PASSED] - Object: 'Object Repository/ADMIN/Features Control/Booking Unit/topbutton_Save' is clicked on

2019-05-15 10:19:37 - [TEST_STEP][PASSED] - waitForElementVisible: Object 'Object Repository/ADMIN/Features Control/Booking Unit/a_Save Popup/button_Save' is visible

2019-05-15 10:19:37 - [MESSAGE][WARNING] - Timeout '0' is invalid. Using default page load timeout: '30'

2019-05-15 10:19:37 - [MESSAGE][PASSED] - Object 'Object Repository/ADMIN/Features Control/Booking Unit/a_Save Popup/button_Save' is visible

2019-05-15 10:19:37 - [TEST_STEP][PASSED] - click: Object: 'Object Repository/ADMIN/Features Control/Booking Unit/a_Save Popup/button_Save' is clicked on

2019-05-15 10:19:37 - [MESSAGE][PASSED] - Object: 'Object Repository/ADMIN/Features Control/Booking Unit/a_Save Popup/button_Save' is clicked on

2019-05-15 10:19:37 - [TEST_STEP][PASSED] - waitForElementVisible: Object 'Object Repository/ADMIN/Features Control/Booking Unit/a_ToasterMessage/toaster_SaveSuccessfully' is visible

2019-05-15 10:19:37 - [MESSAGE][WARNING] - Timeout '0' is invalid. Using default page load timeout: '30'

2019-05-15 10:19:41 - [MESSAGE][PASSED] - Object 'Object Repository/ADMIN/Features Control/Booking Unit/a_ToasterMessage/toaster_SaveSuccessfully' is visible

2019-05-15 10:19:41 - [TEST_STEP][PASSED] - waitForElementNotPresent: Web element with id: 'Object Repository/ADMIN/Features Control/Booking Unit/a_ToasterMessage/toaster_SaveSuccessfully' located by 'By.xpath: //div[@class = 'toast toast-success' and (text() = 'Save successfully' or . = 'Save successfully')]' is not present after '30' second(s)

2019-05-15 10:19:41 - [MESSAGE][WARNING] - Timeout '0' is invalid. Using default page load timeout: '30'

2019-05-15 10:19:47 - [MESSAGE][PASSED] - Web element with id: 'Object Repository/ADMIN/Features Control/Booking Unit/a_ToasterMessage/toaster_SaveSuccessfully' located by 'By.xpath: //div[@class = 'toast toast-success' and (text() = 'Save successfully' or . = 'Save successfully')]' is not present after '30' second(s)]]></system-out>
         <system-err><![CDATA[]]></system-err>
      </testcase>
      <testcase name="Test Cases/ADMIN/Features Control/Booking Unit/Combination/Default/26Add_HourDayWeekMonth" classname="Test Cases/ADMIN/Features Control/Booking Unit/Combination/Default/26Add_HourDayWeekMonth" status="PASSED">
         <system-out><![CDATA[2019-05-15 10:19:47 - [TEST_CASE][PASSED] - Test Cases/ADMIN/Features Control/Booking Unit/Combination/Default/26Add_HourDayWeekMonth: Test Cases/ADMIN/Features Control/Booking Unit/Combination/Default/26Add_HourDayWeekMonth

2019-05-15 10:19:47 - [TEST_STEP][PASSED] - waitForElementVisible: Object 'Object Repository/ADMIN/Features Control/Advance Search/a_Features Control' is visible

2019-05-15 10:19:47 - [MESSAGE][WARNING] - Timeout '0' is invalid. Using default page load timeout: '30'

2019-05-15 10:19:47 - [MESSAGE][PASSED] - Object 'Object Repository/ADMIN/Features Control/Advance Search/a_Features Control' is visible

2019-05-15 10:19:47 - [TEST_STEP][PASSED] - click: Object: 'Object Repository/ADMIN/Features Control/Advance Search/a_Features Control' is clicked on

2019-05-15 10:20:01 - [MESSAGE][PASSED] - Object: 'Object Repository/ADMIN/Features Control/Advance Search/a_Features Control' is clicked on

2019-05-15 10:20:01 - [TEST_STEP][PASSED] - waitForElementVisible: Object 'Object Repository/ADMIN/Features Control/Booking Unit/button_Edit' is visible

2019-05-15 10:20:01 - [MESSAGE][WARNING] - Timeout '0' is invalid. Using default page load timeout: '30'

2019-05-15 10:20:01 - [MESSAGE][PASSED] - Object 'Object Repository/ADMIN/Features Control/Booking Unit/button_Edit' is visible

2019-05-15 10:20:01 - [TEST_STEP][PASSED] - click: Object: 'Object Repository/ADMIN/Features Control/Booking Unit/button_Edit' is clicked on

2019-05-15 10:20:01 - [MESSAGE][PASSED] - Object: 'Object Repository/ADMIN/Features Control/Booking Unit/button_Edit' is clicked on

2019-05-15 10:20:01 - [TEST_STEP][PASSED] - waitForElementVisible: Object 'Object Repository/ADMIN/Features Control/Booking Unit/icon1st_NewBookingUnit' is visible

2019-05-15 10:20:01 - [MESSAGE][WARNING] - Timeout '0' is invalid. Using default page load timeout: '30'

2019-05-15 10:20:02 - [MESSAGE][PASSED] - Object 'Object Repository/ADMIN/Features Control/Booking Unit/icon1st_NewBookingUnit' is visible

2019-05-15 10:20:02 - [TEST_STEP][PASSED] - verifyElementVisible: Object 'Object Repository/ADMIN/Features Control/Booking Unit/textlabel_NewBookingUnit' is visible

2019-05-15 10:20:02 - [MESSAGE][PASSED] - Object 'Object Repository/ADMIN/Features Control/Booking Unit/textlabel_NewBookingUnit' is visible

2019-05-15 10:20:02 - [TEST_STEP][PASSED] - delay: Delayed 1 second(s)

2019-05-15 10:20:03 - [MESSAGE][PASSED] - Delayed 1 second(s)

2019-05-15 10:20:03 - [TEST_STEP][PASSED] - click: Object: 'Object Repository/ADMIN/Features Control/Booking Unit/button_AddBookingUnit' is clicked on

2019-05-15 10:20:03 - [MESSAGE][PASSED] - Object: 'Object Repository/ADMIN/Features Control/Booking Unit/button_AddBookingUnit' is clicked on

2019-05-15 10:20:03 - [TEST_STEP][PASSED] - waitForElementVisible: Object 'Object Repository/ADMIN/Features Control/Booking Unit/a_Add New Booking Unit/textlabel_AddNewBookingUnit' is visible

2019-05-15 10:20:03 - [MESSAGE][WARNING] - Timeout '0' is invalid. Using default page load timeout: '30'

2019-05-15 10:20:03 - [MESSAGE][PASSED] - Object 'Object Repository/ADMIN/Features Control/Booking Unit/a_Add New Booking Unit/textlabel_AddNewBookingUnit' is visible

2019-05-15 10:20:03 - [TEST_STEP][PASSED] - delay: Delayed 1 second(s)

2019-05-15 10:20:04 - [MESSAGE][PASSED] - Delayed 1 second(s)

2019-05-15 10:20:04 - [TEST_STEP][PASSED] - setText: Text 'Day 26' is set on object 'Object Repository/ADMIN/Features Control/Booking Unit/a_Add New Booking Unit/textfield_UnitName'

2019-05-15 10:20:04 - [MESSAGE][PASSED] - Text 'Day 26' is set on object 'Object Repository/ADMIN/Features Control/Booking Unit/a_Add New Booking Unit/textfield_UnitName'

2019-05-15 10:20:04 - [TEST_STEP][PASSED] - delay: Delayed 1 second(s)

2019-05-15 10:20:05 - [MESSAGE][PASSED] - Delayed 1 second(s)

2019-05-15 10:20:05 - [TEST_STEP][PASSED] - click: Object: 'Object Repository/ADMIN/Features Control/Booking Unit/a_Add New Booking Unit/checkbox_Hour' is clicked on

2019-05-15 10:20:05 - [MESSAGE][PASSED] - Object: 'Object Repository/ADMIN/Features Control/Booking Unit/a_Add New Booking Unit/checkbox_Hour' is clicked on

2019-05-15 10:20:05 - [TEST_STEP][PASSED] - click: Object: 'Object Repository/ADMIN/Features Control/Booking Unit/a_Add New Booking Unit/checkbox_Day' is clicked on

2019-05-15 10:20:05 - [MESSAGE][PASSED] - Object: 'Object Repository/ADMIN/Features Control/Booking Unit/a_Add New Booking Unit/checkbox_Day' is clicked on

2019-05-15 10:20:05 - [TEST_STEP][PASSED] - click: Object: 'Object Repository/ADMIN/Features Control/Booking Unit/a_Add New Booking Unit/checkbox_Week' is clicked on

2019-05-15 10:20:05 - [MESSAGE][PASSED] - Object: 'Object Repository/ADMIN/Features Control/Booking Unit/a_Add New Booking Unit/checkbox_Week' is clicked on

2019-05-15 10:20:05 - [TEST_STEP][PASSED] - click: Object: 'Object Repository/ADMIN/Features Control/Booking Unit/a_Add New Booking Unit/checkbox_Month' is clicked on

2019-05-15 10:20:05 - [MESSAGE][PASSED] - Object: 'Object Repository/ADMIN/Features Control/Booking Unit/a_Add New Booking Unit/checkbox_Month' is clicked on

2019-05-15 10:20:05 - [TEST_STEP][PASSED] - click: Object: 'Object Repository/ADMIN/Features Control/Booking Unit/a_Add New Booking Unit/button_Save' is clicked on

2019-05-15 10:20:05 - [MESSAGE][PASSED] - Object: 'Object Repository/ADMIN/Features Control/Booking Unit/a_Add New Booking Unit/button_Save' is clicked on

2019-05-15 10:20:05 - [TEST_STEP][PASSED] - delay: Delayed 1 second(s)

2019-05-15 10:20:06 - [MESSAGE][PASSED] - Delayed 1 second(s)

2019-05-15 10:20:06 - [TEST_STEP][PASSED] - click: Object: 'Object Repository/ADMIN/Features Control/Booking Unit/topbutton_Save' is clicked on

2019-05-15 10:20:06 - [MESSAGE][PASSED] - Object: 'Object Repository/ADMIN/Features Control/Booking Unit/topbutton_Save' is clicked on

2019-05-15 10:20:06 - [TEST_STEP][PASSED] - waitForElementVisible: Object 'Object Repository/ADMIN/Features Control/Booking Unit/a_Save Popup/button_Save' is visible

2019-05-15 10:20:06 - [MESSAGE][WARNING] - Timeout '0' is invalid. Using default page load timeout: '30'

2019-05-15 10:20:07 - [MESSAGE][PASSED] - Object 'Object Repository/ADMIN/Features Control/Booking Unit/a_Save Popup/button_Save' is visible

2019-05-15 10:20:07 - [TEST_STEP][PASSED] - click: Object: 'Object Repository/ADMIN/Features Control/Booking Unit/a_Save Popup/button_Save' is clicked on

2019-05-15 10:20:07 - [MESSAGE][PASSED] - Object: 'Object Repository/ADMIN/Features Control/Booking Unit/a_Save Popup/button_Save' is clicked on

2019-05-15 10:20:07 - [TEST_STEP][PASSED] - waitForElementVisible: Object 'Object Repository/ADMIN/Features Control/Booking Unit/a_ToasterMessage/toaster_SaveSuccessfully' is visible

2019-05-15 10:20:07 - [MESSAGE][WARNING] - Timeout '0' is invalid. Using default page load timeout: '30'

2019-05-15 10:20:07 - [MESSAGE][PASSED] - Object 'Object Repository/ADMIN/Features Control/Booking Unit/a_ToasterMessage/toaster_SaveSuccessfully' is visible

2019-05-15 10:20:07 - [TEST_STEP][PASSED] - waitForElementNotPresent: Web element with id: 'Object Repository/ADMIN/Features Control/Booking Unit/a_ToasterMessage/toaster_SaveSuccessfully' located by 'By.xpath: //div[@class = 'toast toast-success' and (text() = 'Save successfully' or . = 'Save successfully')]' is not present after '30' second(s)

2019-05-15 10:20:07 - [MESSAGE][WARNING] - Timeout '0' is invalid. Using default page load timeout: '30'

2019-05-15 10:20:13 - [MESSAGE][PASSED] - Web element with id: 'Object Repository/ADMIN/Features Control/Booking Unit/a_ToasterMessage/toaster_SaveSuccessfully' located by 'By.xpath: //div[@class = 'toast toast-success' and (text() = 'Save successfully' or . = 'Save successfully')]' is not present after '30' second(s)]]></system-out>
         <system-err><![CDATA[]]></system-err>
      </testcase>
      <testcase name="Test Cases/ADMIN/Features Control/Booking Unit/Combination/Default/27Add_HourDayWeekCustom" classname="Test Cases/ADMIN/Features Control/Booking Unit/Combination/Default/27Add_HourDayWeekCustom" status="PASSED">
         <system-out><![CDATA[2019-05-15 10:20:13 - [TEST_CASE][PASSED] - Test Cases/ADMIN/Features Control/Booking Unit/Combination/Default/27Add_HourDayWeekCustom: Test Cases/ADMIN/Features Control/Booking Unit/Combination/Default/27Add_HourDayWeekCustom

2019-05-15 10:20:13 - [TEST_STEP][PASSED] - waitForElementVisible: Object 'Object Repository/ADMIN/Features Control/Advance Search/a_Features Control' is visible

2019-05-15 10:20:13 - [MESSAGE][WARNING] - Timeout '0' is invalid. Using default page load timeout: '30'

2019-05-15 10:20:13 - [MESSAGE][PASSED] - Object 'Object Repository/ADMIN/Features Control/Advance Search/a_Features Control' is visible

2019-05-15 10:20:13 - [TEST_STEP][PASSED] - click: Object: 'Object Repository/ADMIN/Features Control/Advance Search/a_Features Control' is clicked on

2019-05-15 10:20:36 - [MESSAGE][PASSED] - Object: 'Object Repository/ADMIN/Features Control/Advance Search/a_Features Control' is clicked on

2019-05-15 10:20:36 - [TEST_STEP][PASSED] - waitForElementVisible: Object 'Object Repository/ADMIN/Features Control/Booking Unit/button_Edit' is visible

2019-05-15 10:20:36 - [MESSAGE][WARNING] - Timeout '0' is invalid. Using default page load timeout: '30'

2019-05-15 10:20:37 - [MESSAGE][PASSED] - Object 'Object Repository/ADMIN/Features Control/Booking Unit/button_Edit' is visible

2019-05-15 10:20:37 - [TEST_STEP][PASSED] - click: Object: 'Object Repository/ADMIN/Features Control/Booking Unit/button_Edit' is clicked on

2019-05-15 10:20:38 - [MESSAGE][PASSED] - Object: 'Object Repository/ADMIN/Features Control/Booking Unit/button_Edit' is clicked on

2019-05-15 10:20:38 - [TEST_STEP][PASSED] - waitForElementVisible: Object 'Object Repository/ADMIN/Features Control/Booking Unit/icon1st_NewBookingUnit' is visible

2019-05-15 10:20:38 - [MESSAGE][WARNING] - Timeout '0' is invalid. Using default page load timeout: '30'

2019-05-15 10:20:38 - [MESSAGE][PASSED] - Object 'Object Repository/ADMIN/Features Control/Booking Unit/icon1st_NewBookingUnit' is visible

2019-05-15 10:20:38 - [TEST_STEP][PASSED] - verifyElementVisible: Object 'Object Repository/ADMIN/Features Control/Booking Unit/textlabel_NewBookingUnit' is visible

2019-05-15 10:20:38 - [MESSAGE][PASSED] - Object 'Object Repository/ADMIN/Features Control/Booking Unit/textlabel_NewBookingUnit' is visible

2019-05-15 10:20:38 - [TEST_STEP][PASSED] - delay: Delayed 1 second(s)

2019-05-15 10:20:39 - [MESSAGE][PASSED] - Delayed 1 second(s)

2019-05-15 10:20:39 - [TEST_STEP][PASSED] - click: Object: 'Object Repository/ADMIN/Features Control/Booking Unit/button_AddBookingUnit' is clicked on

2019-05-15 10:20:39 - [MESSAGE][PASSED] - Object: 'Object Repository/ADMIN/Features Control/Booking Unit/button_AddBookingUnit' is clicked on

2019-05-15 10:20:39 - [TEST_STEP][PASSED] - waitForElementVisible: Object 'Object Repository/ADMIN/Features Control/Booking Unit/a_Add New Booking Unit/textlabel_AddNewBookingUnit' is visible

2019-05-15 10:20:39 - [MESSAGE][WARNING] - Timeout '0' is invalid. Using default page load timeout: '30'

2019-05-15 10:20:39 - [MESSAGE][PASSED] - Object 'Object Repository/ADMIN/Features Control/Booking Unit/a_Add New Booking Unit/textlabel_AddNewBookingUnit' is visible

2019-05-15 10:20:39 - [TEST_STEP][PASSED] - delay: Delayed 1 second(s)

2019-05-15 10:20:40 - [MESSAGE][PASSED] - Delayed 1 second(s)

2019-05-15 10:20:40 - [TEST_STEP][PASSED] - setText: Text 'Day 27' is set on object 'Object Repository/ADMIN/Features Control/Booking Unit/a_Add New Booking Unit/textfield_UnitName'

2019-05-15 10:20:41 - [MESSAGE][PASSED] - Text 'Day 27' is set on object 'Object Repository/ADMIN/Features Control/Booking Unit/a_Add New Booking Unit/textfield_UnitName'

2019-05-15 10:20:41 - [TEST_STEP][PASSED] - delay: Delayed 1 second(s)

2019-05-15 10:20:42 - [MESSAGE][PASSED] - Delayed 1 second(s)

2019-05-15 10:20:42 - [TEST_STEP][PASSED] - click: Object: 'Object Repository/ADMIN/Features Control/Booking Unit/a_Add New Booking Unit/checkbox_Hour' is clicked on

2019-05-15 10:20:42 - [MESSAGE][PASSED] - Object: 'Object Repository/ADMIN/Features Control/Booking Unit/a_Add New Booking Unit/checkbox_Hour' is clicked on

2019-05-15 10:20:42 - [TEST_STEP][PASSED] - click: Object: 'Object Repository/ADMIN/Features Control/Booking Unit/a_Add New Booking Unit/checkbox_Day' is clicked on

2019-05-15 10:20:42 - [MESSAGE][PASSED] - Object: 'Object Repository/ADMIN/Features Control/Booking Unit/a_Add New Booking Unit/checkbox_Day' is clicked on

2019-05-15 10:20:42 - [TEST_STEP][PASSED] - click: Object: 'Object Repository/ADMIN/Features Control/Booking Unit/a_Add New Booking Unit/checkbox_Week' is clicked on

2019-05-15 10:20:42 - [MESSAGE][PASSED] - Object: 'Object Repository/ADMIN/Features Control/Booking Unit/a_Add New Booking Unit/checkbox_Week' is clicked on

2019-05-15 10:20:42 - [TEST_STEP][PASSED] - click: Object: 'Object Repository/ADMIN/Features Control/Booking Unit/a_Add New Booking Unit/checkbox_Custom' is clicked on

2019-05-15 10:20:42 - [MESSAGE][PASSED] - Object: 'Object Repository/ADMIN/Features Control/Booking Unit/a_Add New Booking Unit/checkbox_Custom' is clicked on

2019-05-15 10:20:42 - [TEST_STEP][PASSED] - click: Object: 'Object Repository/ADMIN/Features Control/Booking Unit/a_Add New Booking Unit/button_Save' is clicked on

2019-05-15 10:20:42 - [MESSAGE][PASSED] - Object: 'Object Repository/ADMIN/Features Control/Booking Unit/a_Add New Booking Unit/button_Save' is clicked on

2019-05-15 10:20:42 - [TEST_STEP][PASSED] - delay: Delayed 1 second(s)

2019-05-15 10:20:43 - [MESSAGE][PASSED] - Delayed 1 second(s)

2019-05-15 10:20:43 - [TEST_STEP][PASSED] - click: Object: 'Object Repository/ADMIN/Features Control/Booking Unit/topbutton_Save' is clicked on

2019-05-15 10:20:43 - [MESSAGE][PASSED] - Object: 'Object Repository/ADMIN/Features Control/Booking Unit/topbutton_Save' is clicked on

2019-05-15 10:20:43 - [TEST_STEP][PASSED] - waitForElementVisible: Object 'Object Repository/ADMIN/Features Control/Booking Unit/a_Save Popup/button_Save' is visible

2019-05-15 10:20:43 - [MESSAGE][WARNING] - Timeout '0' is invalid. Using default page load timeout: '30'

2019-05-15 10:20:43 - [MESSAGE][PASSED] - Object 'Object Repository/ADMIN/Features Control/Booking Unit/a_Save Popup/button_Save' is visible

2019-05-15 10:20:43 - [TEST_STEP][PASSED] - click: Object: 'Object Repository/ADMIN/Features Control/Booking Unit/a_Save Popup/button_Save' is clicked on

2019-05-15 10:20:43 - [MESSAGE][PASSED] - Object: 'Object Repository/ADMIN/Features Control/Booking Unit/a_Save Popup/button_Save' is clicked on

2019-05-15 10:20:43 - [TEST_STEP][PASSED] - waitForElementVisible: Object 'Object Repository/ADMIN/Features Control/Booking Unit/a_ToasterMessage/toaster_SaveSuccessfully' is visible

2019-05-15 10:20:43 - [MESSAGE][WARNING] - Timeout '0' is invalid. Using default page load timeout: '30'

2019-05-15 10:20:45 - [MESSAGE][PASSED] - Object 'Object Repository/ADMIN/Features Control/Booking Unit/a_ToasterMessage/toaster_SaveSuccessfully' is visible

2019-05-15 10:20:45 - [TEST_STEP][PASSED] - waitForElementNotPresent: Web element with id: 'Object Repository/ADMIN/Features Control/Booking Unit/a_ToasterMessage/toaster_SaveSuccessfully' located by 'By.xpath: //div[@class = 'toast toast-success' and (text() = 'Save successfully' or . = 'Save successfully')]' is not present after '30' second(s)

2019-05-15 10:20:45 - [MESSAGE][WARNING] - Timeout '0' is invalid. Using default page load timeout: '30'

2019-05-15 10:20:52 - [MESSAGE][PASSED] - Web element with id: 'Object Repository/ADMIN/Features Control/Booking Unit/a_ToasterMessage/toaster_SaveSuccessfully' located by 'By.xpath: //div[@class = 'toast toast-success' and (text() = 'Save successfully' or . = 'Save successfully')]' is not present after '30' second(s)]]></system-out>
         <system-err><![CDATA[]]></system-err>
      </testcase>
      <testcase name="Test Cases/ADMIN/Features Control/Booking Unit/Combination/Default/28Add_HourDayMonthCustom" classname="Test Cases/ADMIN/Features Control/Booking Unit/Combination/Default/28Add_HourDayMonthCustom" status="PASSED">
         <system-out><![CDATA[2019-05-15 10:20:52 - [TEST_CASE][PASSED] - Test Cases/ADMIN/Features Control/Booking Unit/Combination/Default/28Add_HourDayMonthCustom: Test Cases/ADMIN/Features Control/Booking Unit/Combination/Default/28Add_HourDayMonthCustom

2019-05-15 10:20:52 - [TEST_STEP][PASSED] - waitForElementVisible: Object 'Object Repository/ADMIN/Features Control/Advance Search/a_Features Control' is visible

2019-05-15 10:20:52 - [MESSAGE][WARNING] - Timeout '0' is invalid. Using default page load timeout: '30'

2019-05-15 10:20:52 - [MESSAGE][PASSED] - Object 'Object Repository/ADMIN/Features Control/Advance Search/a_Features Control' is visible

2019-05-15 10:20:52 - [TEST_STEP][PASSED] - click: Object: 'Object Repository/ADMIN/Features Control/Advance Search/a_Features Control' is clicked on

2019-05-15 10:20:55 - [MESSAGE][PASSED] - Object: 'Object Repository/ADMIN/Features Control/Advance Search/a_Features Control' is clicked on

2019-05-15 10:20:55 - [TEST_STEP][PASSED] - waitForElementVisible: Object 'Object Repository/ADMIN/Features Control/Booking Unit/button_Edit' is visible

2019-05-15 10:20:55 - [MESSAGE][WARNING] - Timeout '0' is invalid. Using default page load timeout: '30'

2019-05-15 10:20:56 - [MESSAGE][PASSED] - Object 'Object Repository/ADMIN/Features Control/Booking Unit/button_Edit' is visible

2019-05-15 10:20:56 - [TEST_STEP][PASSED] - click: Object: 'Object Repository/ADMIN/Features Control/Booking Unit/button_Edit' is clicked on

2019-05-15 10:21:07 - [MESSAGE][PASSED] - Object: 'Object Repository/ADMIN/Features Control/Booking Unit/button_Edit' is clicked on

2019-05-15 10:21:07 - [TEST_STEP][PASSED] - waitForElementVisible: Object 'Object Repository/ADMIN/Features Control/Booking Unit/icon1st_NewBookingUnit' is visible

2019-05-15 10:21:07 - [MESSAGE][WARNING] - Timeout '0' is invalid. Using default page load timeout: '30'

2019-05-15 10:21:07 - [MESSAGE][PASSED] - Object 'Object Repository/ADMIN/Features Control/Booking Unit/icon1st_NewBookingUnit' is visible

2019-05-15 10:21:07 - [TEST_STEP][PASSED] - verifyElementVisible: Object 'Object Repository/ADMIN/Features Control/Booking Unit/textlabel_NewBookingUnit' is visible

2019-05-15 10:21:07 - [MESSAGE][PASSED] - Object 'Object Repository/ADMIN/Features Control/Booking Unit/textlabel_NewBookingUnit' is visible

2019-05-15 10:21:07 - [TEST_STEP][PASSED] - delay: Delayed 1 second(s)

2019-05-15 10:21:08 - [MESSAGE][PASSED] - Delayed 1 second(s)

2019-05-15 10:21:08 - [TEST_STEP][PASSED] - click: Object: 'Object Repository/ADMIN/Features Control/Booking Unit/button_AddBookingUnit' is clicked on

2019-05-15 10:21:08 - [MESSAGE][PASSED] - Object: 'Object Repository/ADMIN/Features Control/Booking Unit/button_AddBookingUnit' is clicked on

2019-05-15 10:21:08 - [TEST_STEP][PASSED] - waitForElementVisible: Object 'Object Repository/ADMIN/Features Control/Booking Unit/a_Add New Booking Unit/textlabel_AddNewBookingUnit' is visible

2019-05-15 10:21:08 - [MESSAGE][WARNING] - Timeout '0' is invalid. Using default page load timeout: '30'

2019-05-15 10:21:08 - [MESSAGE][PASSED] - Object 'Object Repository/ADMIN/Features Control/Booking Unit/a_Add New Booking Unit/textlabel_AddNewBookingUnit' is visible

2019-05-15 10:21:08 - [TEST_STEP][PASSED] - delay: Delayed 1 second(s)

2019-05-15 10:21:09 - [MESSAGE][PASSED] - Delayed 1 second(s)

2019-05-15 10:21:09 - [TEST_STEP][PASSED] - setText: Text 'Day 28' is set on object 'Object Repository/ADMIN/Features Control/Booking Unit/a_Add New Booking Unit/textfield_UnitName'

2019-05-15 10:21:09 - [MESSAGE][PASSED] - Text 'Day 28' is set on object 'Object Repository/ADMIN/Features Control/Booking Unit/a_Add New Booking Unit/textfield_UnitName'

2019-05-15 10:21:09 - [TEST_STEP][PASSED] - delay: Delayed 1 second(s)

2019-05-15 10:21:10 - [MESSAGE][PASSED] - Delayed 1 second(s)

2019-05-15 10:21:10 - [TEST_STEP][PASSED] - click: Object: 'Object Repository/ADMIN/Features Control/Booking Unit/a_Add New Booking Unit/checkbox_Hour' is clicked on

2019-05-15 10:21:11 - [MESSAGE][PASSED] - Object: 'Object Repository/ADMIN/Features Control/Booking Unit/a_Add New Booking Unit/checkbox_Hour' is clicked on

2019-05-15 10:21:11 - [TEST_STEP][PASSED] - click: Object: 'Object Repository/ADMIN/Features Control/Booking Unit/a_Add New Booking Unit/checkbox_Day' is clicked on

2019-05-15 10:21:11 - [MESSAGE][PASSED] - Object: 'Object Repository/ADMIN/Features Control/Booking Unit/a_Add New Booking Unit/checkbox_Day' is clicked on

2019-05-15 10:21:11 - [TEST_STEP][PASSED] - click: Object: 'Object Repository/ADMIN/Features Control/Booking Unit/a_Add New Booking Unit/checkbox_Month' is clicked on

2019-05-15 10:21:11 - [MESSAGE][PASSED] - Object: 'Object Repository/ADMIN/Features Control/Booking Unit/a_Add New Booking Unit/checkbox_Month' is clicked on

2019-05-15 10:21:11 - [TEST_STEP][PASSED] - click: Object: 'Object Repository/ADMIN/Features Control/Booking Unit/a_Add New Booking Unit/checkbox_Custom' is clicked on

2019-05-15 10:21:11 - [MESSAGE][PASSED] - Object: 'Object Repository/ADMIN/Features Control/Booking Unit/a_Add New Booking Unit/checkbox_Custom' is clicked on

2019-05-15 10:21:11 - [TEST_STEP][PASSED] - click: Object: 'Object Repository/ADMIN/Features Control/Booking Unit/a_Add New Booking Unit/button_Save' is clicked on

2019-05-15 10:21:11 - [MESSAGE][PASSED] - Object: 'Object Repository/ADMIN/Features Control/Booking Unit/a_Add New Booking Unit/button_Save' is clicked on

2019-05-15 10:21:11 - [TEST_STEP][PASSED] - delay: Delayed 1 second(s)

2019-05-15 10:21:12 - [MESSAGE][PASSED] - Delayed 1 second(s)

2019-05-15 10:21:12 - [TEST_STEP][PASSED] - click: Object: 'Object Repository/ADMIN/Features Control/Booking Unit/topbutton_Save' is clicked on

2019-05-15 10:21:12 - [MESSAGE][PASSED] - Object: 'Object Repository/ADMIN/Features Control/Booking Unit/topbutton_Save' is clicked on

2019-05-15 10:21:12 - [TEST_STEP][PASSED] - waitForElementVisible: Object 'Object Repository/ADMIN/Features Control/Booking Unit/a_Save Popup/button_Save' is visible

2019-05-15 10:21:12 - [MESSAGE][WARNING] - Timeout '0' is invalid. Using default page load timeout: '30'

2019-05-15 10:21:12 - [MESSAGE][PASSED] - Object 'Object Repository/ADMIN/Features Control/Booking Unit/a_Save Popup/button_Save' is visible

2019-05-15 10:21:12 - [TEST_STEP][PASSED] - click: Object: 'Object Repository/ADMIN/Features Control/Booking Unit/a_Save Popup/button_Save' is clicked on

2019-05-15 10:21:12 - [MESSAGE][PASSED] - Object: 'Object Repository/ADMIN/Features Control/Booking Unit/a_Save Popup/button_Save' is clicked on

2019-05-15 10:21:12 - [TEST_STEP][PASSED] - waitForElementVisible: Object 'Object Repository/ADMIN/Features Control/Booking Unit/a_ToasterMessage/toaster_SaveSuccessfully' is visible

2019-05-15 10:21:12 - [MESSAGE][WARNING] - Timeout '0' is invalid. Using default page load timeout: '30'

2019-05-15 10:21:14 - [MESSAGE][PASSED] - Object 'Object Repository/ADMIN/Features Control/Booking Unit/a_ToasterMessage/toaster_SaveSuccessfully' is visible

2019-05-15 10:21:14 - [TEST_STEP][PASSED] - waitForElementNotPresent: Web element with id: 'Object Repository/ADMIN/Features Control/Booking Unit/a_ToasterMessage/toaster_SaveSuccessfully' located by 'By.xpath: //div[@class = 'toast toast-success' and (text() = 'Save successfully' or . = 'Save successfully')]' is not present after '30' second(s)

2019-05-15 10:21:14 - [MESSAGE][WARNING] - Timeout '0' is invalid. Using default page load timeout: '30'

2019-05-15 10:21:20 - [MESSAGE][PASSED] - Web element with id: 'Object Repository/ADMIN/Features Control/Booking Unit/a_ToasterMessage/toaster_SaveSuccessfully' located by 'By.xpath: //div[@class = 'toast toast-success' and (text() = 'Save successfully' or . = 'Save successfully')]' is not present after '30' second(s)]]></system-out>
         <system-err><![CDATA[]]></system-err>
      </testcase>
      <testcase name="Test Cases/ADMIN/Features Control/Booking Unit/Combination/Default/29Add_HourWeekMonthCustom" classname="Test Cases/ADMIN/Features Control/Booking Unit/Combination/Default/29Add_HourWeekMonthCustom" status="PASSED">
         <system-out><![CDATA[2019-05-15 10:21:20 - [TEST_CASE][PASSED] - Test Cases/ADMIN/Features Control/Booking Unit/Combination/Default/29Add_HourWeekMonthCustom: Test Cases/ADMIN/Features Control/Booking Unit/Combination/Default/29Add_HourWeekMonthCustom

2019-05-15 10:21:20 - [TEST_STEP][PASSED] - waitForElementVisible: Object 'Object Repository/ADMIN/Features Control/Advance Search/a_Features Control' is visible

2019-05-15 10:21:20 - [MESSAGE][WARNING] - Timeout '0' is invalid. Using default page load timeout: '30'

2019-05-15 10:21:20 - [MESSAGE][PASSED] - Object 'Object Repository/ADMIN/Features Control/Advance Search/a_Features Control' is visible

2019-05-15 10:21:20 - [TEST_STEP][PASSED] - click: Object: 'Object Repository/ADMIN/Features Control/Advance Search/a_Features Control' is clicked on

2019-05-15 10:21:24 - [MESSAGE][PASSED] - Object: 'Object Repository/ADMIN/Features Control/Advance Search/a_Features Control' is clicked on

2019-05-15 10:21:24 - [TEST_STEP][PASSED] - waitForElementVisible: Object 'Object Repository/ADMIN/Features Control/Booking Unit/button_Edit' is visible

2019-05-15 10:21:24 - [MESSAGE][WARNING] - Timeout '0' is invalid. Using default page load timeout: '30'

2019-05-15 10:21:25 - [MESSAGE][PASSED] - Object 'Object Repository/ADMIN/Features Control/Booking Unit/button_Edit' is visible

2019-05-15 10:21:25 - [TEST_STEP][PASSED] - click: Object: 'Object Repository/ADMIN/Features Control/Booking Unit/button_Edit' is clicked on

2019-05-15 10:21:34 - [MESSAGE][PASSED] - Object: 'Object Repository/ADMIN/Features Control/Booking Unit/button_Edit' is clicked on

2019-05-15 10:21:34 - [TEST_STEP][PASSED] - waitForElementVisible: Object 'Object Repository/ADMIN/Features Control/Booking Unit/icon1st_NewBookingUnit' is visible

2019-05-15 10:21:34 - [MESSAGE][WARNING] - Timeout '0' is invalid. Using default page load timeout: '30'

2019-05-15 10:21:34 - [MESSAGE][PASSED] - Object 'Object Repository/ADMIN/Features Control/Booking Unit/icon1st_NewBookingUnit' is visible

2019-05-15 10:21:34 - [TEST_STEP][PASSED] - verifyElementVisible: Object 'Object Repository/ADMIN/Features Control/Booking Unit/textlabel_NewBookingUnit' is visible

2019-05-15 10:21:34 - [MESSAGE][PASSED] - Object 'Object Repository/ADMIN/Features Control/Booking Unit/textlabel_NewBookingUnit' is visible

2019-05-15 10:21:34 - [TEST_STEP][PASSED] - delay: Delayed 1 second(s)

2019-05-15 10:21:35 - [MESSAGE][PASSED] - Delayed 1 second(s)

2019-05-15 10:21:35 - [TEST_STEP][PASSED] - click: Object: 'Object Repository/ADMIN/Features Control/Booking Unit/button_AddBookingUnit' is clicked on

2019-05-15 10:21:35 - [MESSAGE][PASSED] - Object: 'Object Repository/ADMIN/Features Control/Booking Unit/button_AddBookingUnit' is clicked on

2019-05-15 10:21:35 - [TEST_STEP][PASSED] - waitForElementVisible: Object 'Object Repository/ADMIN/Features Control/Booking Unit/a_Add New Booking Unit/textlabel_AddNewBookingUnit' is visible

2019-05-15 10:21:35 - [MESSAGE][WARNING] - Timeout '0' is invalid. Using default page load timeout: '30'

2019-05-15 10:21:35 - [MESSAGE][PASSED] - Object 'Object Repository/ADMIN/Features Control/Booking Unit/a_Add New Booking Unit/textlabel_AddNewBookingUnit' is visible

2019-05-15 10:21:35 - [TEST_STEP][PASSED] - delay: Delayed 1 second(s)

2019-05-15 10:21:36 - [MESSAGE][PASSED] - Delayed 1 second(s)

2019-05-15 10:21:36 - [TEST_STEP][PASSED] - setText: Text 'Day 29' is set on object 'Object Repository/ADMIN/Features Control/Booking Unit/a_Add New Booking Unit/textfield_UnitName'

2019-05-15 10:21:37 - [MESSAGE][PASSED] - Text 'Day 29' is set on object 'Object Repository/ADMIN/Features Control/Booking Unit/a_Add New Booking Unit/textfield_UnitName'

2019-05-15 10:21:37 - [TEST_STEP][PASSED] - delay: Delayed 1 second(s)

2019-05-15 10:21:38 - [MESSAGE][PASSED] - Delayed 1 second(s)

2019-05-15 10:21:38 - [TEST_STEP][PASSED] - click: Object: 'Object Repository/ADMIN/Features Control/Booking Unit/a_Add New Booking Unit/checkbox_Hour' is clicked on

2019-05-15 10:21:38 - [MESSAGE][PASSED] - Object: 'Object Repository/ADMIN/Features Control/Booking Unit/a_Add New Booking Unit/checkbox_Hour' is clicked on

2019-05-15 10:21:38 - [TEST_STEP][PASSED] - click: Object: 'Object Repository/ADMIN/Features Control/Booking Unit/a_Add New Booking Unit/checkbox_Week' is clicked on

2019-05-15 10:21:38 - [MESSAGE][PASSED] - Object: 'Object Repository/ADMIN/Features Control/Booking Unit/a_Add New Booking Unit/checkbox_Week' is clicked on

2019-05-15 10:21:38 - [TEST_STEP][PASSED] - click: Object: 'Object Repository/ADMIN/Features Control/Booking Unit/a_Add New Booking Unit/checkbox_Month' is clicked on

2019-05-15 10:21:38 - [MESSAGE][PASSED] - Object: 'Object Repository/ADMIN/Features Control/Booking Unit/a_Add New Booking Unit/checkbox_Month' is clicked on

2019-05-15 10:21:38 - [TEST_STEP][PASSED] - click: Object: 'Object Repository/ADMIN/Features Control/Booking Unit/a_Add New Booking Unit/checkbox_Custom' is clicked on

2019-05-15 10:21:38 - [MESSAGE][PASSED] - Object: 'Object Repository/ADMIN/Features Control/Booking Unit/a_Add New Booking Unit/checkbox_Custom' is clicked on

2019-05-15 10:21:38 - [TEST_STEP][PASSED] - click: Object: 'Object Repository/ADMIN/Features Control/Booking Unit/a_Add New Booking Unit/button_Save' is clicked on

2019-05-15 10:21:38 - [MESSAGE][PASSED] - Object: 'Object Repository/ADMIN/Features Control/Booking Unit/a_Add New Booking Unit/button_Save' is clicked on

2019-05-15 10:21:38 - [TEST_STEP][PASSED] - delay: Delayed 1 second(s)

2019-05-15 10:21:39 - [MESSAGE][PASSED] - Delayed 1 second(s)

2019-05-15 10:21:39 - [TEST_STEP][PASSED] - click: Object: 'Object Repository/ADMIN/Features Control/Booking Unit/topbutton_Save' is clicked on

2019-05-15 10:21:39 - [MESSAGE][PASSED] - Object: 'Object Repository/ADMIN/Features Control/Booking Unit/topbutton_Save' is clicked on

2019-05-15 10:21:39 - [TEST_STEP][PASSED] - waitForElementVisible: Object 'Object Repository/ADMIN/Features Control/Booking Unit/a_Save Popup/button_Save' is visible

2019-05-15 10:21:39 - [MESSAGE][WARNING] - Timeout '0' is invalid. Using default page load timeout: '30'

2019-05-15 10:21:39 - [MESSAGE][PASSED] - Object 'Object Repository/ADMIN/Features Control/Booking Unit/a_Save Popup/button_Save' is visible

2019-05-15 10:21:39 - [TEST_STEP][PASSED] - click: Object: 'Object Repository/ADMIN/Features Control/Booking Unit/a_Save Popup/button_Save' is clicked on

2019-05-15 10:21:39 - [MESSAGE][PASSED] - Object: 'Object Repository/ADMIN/Features Control/Booking Unit/a_Save Popup/button_Save' is clicked on

2019-05-15 10:21:39 - [TEST_STEP][PASSED] - waitForElementVisible: Object 'Object Repository/ADMIN/Features Control/Booking Unit/a_ToasterMessage/toaster_SaveSuccessfully' is visible

2019-05-15 10:21:39 - [MESSAGE][WARNING] - Timeout '0' is invalid. Using default page load timeout: '30'

2019-05-15 10:21:40 - [MESSAGE][PASSED] - Object 'Object Repository/ADMIN/Features Control/Booking Unit/a_ToasterMessage/toaster_SaveSuccessfully' is visible

2019-05-15 10:21:40 - [TEST_STEP][PASSED] - waitForElementNotPresent: Web element with id: 'Object Repository/ADMIN/Features Control/Booking Unit/a_ToasterMessage/toaster_SaveSuccessfully' located by 'By.xpath: //div[@class = 'toast toast-success' and (text() = 'Save successfully' or . = 'Save successfully')]' is not present after '30' second(s)

2019-05-15 10:21:40 - [MESSAGE][WARNING] - Timeout '0' is invalid. Using default page load timeout: '30'

2019-05-15 10:21:46 - [MESSAGE][PASSED] - Web element with id: 'Object Repository/ADMIN/Features Control/Booking Unit/a_ToasterMessage/toaster_SaveSuccessfully' located by 'By.xpath: //div[@class = 'toast toast-success' and (text() = 'Save successfully' or . = 'Save successfully')]' is not present after '30' second(s)]]></system-out>
         <system-err><![CDATA[]]></system-err>
      </testcase>
      <testcase name="Test Cases/ADMIN/Features Control/Booking Unit/Combination/Default/30Add_DayCustomWeekMonth" classname="Test Cases/ADMIN/Features Control/Booking Unit/Combination/Default/30Add_DayCustomWeekMonth" status="FAILED">
         <failure type="FAILED" message="Unable to click on object 'Object Repository/ADMIN/Features Control/Booking Unit/button_Edit' (Root cause: com.kms.katalon.core.webui.exception.WebElementNotFoundException: Web element with id: 'Object Repository/ADMIN/Features Control/Booking Unit/button_Edit' located by 'By.xpath: //a[@href = '/admin/featurecontrol/booking-unit-edit']' not found)"/>
         <system-out><![CDATA[2019-05-15 10:21:46 - [TEST_CASE][FAILED] - Test Cases/ADMIN/Features Control/Booking Unit/Combination/Default/30Add_DayCustomWeekMonth: Test Cases/ADMIN/Features Control/Booking Unit/Combination/Default/30Add_DayCustomWeekMonth FAILED because (of) Unable to click on object 'Object Repository/ADMIN/Features Control/Booking Unit/button_Edit' (Root cause: com.kms.katalon.core.webui.exception.WebElementNotFoundException: Web element with id: 'Object Repository/ADMIN/Features Control/Booking Unit/button_Edit' located by 'By.xpath: //a[@href = '/admin/featurecontrol/booking-unit-edit']' not found)

2019-05-15 10:21:46 - [TEST_STEP][PASSED] - waitForElementVisible: Object 'Object Repository/ADMIN/Features Control/Advance Search/a_Features Control' is visible

2019-05-15 10:21:46 - [MESSAGE][WARNING] - Timeout '0' is invalid. Using default page load timeout: '30'

2019-05-15 10:21:46 - [MESSAGE][PASSED] - Object 'Object Repository/ADMIN/Features Control/Advance Search/a_Features Control' is visible

2019-05-15 10:21:46 - [TEST_STEP][PASSED] - click: Object: 'Object Repository/ADMIN/Features Control/Advance Search/a_Features Control' is clicked on

2019-05-15 10:21:46 - [MESSAGE][PASSED] - Object: 'Object Repository/ADMIN/Features Control/Advance Search/a_Features Control' is clicked on

2019-05-15 10:21:46 - [TEST_STEP][PASSED] - waitForElementVisible: Web element with id: 'Object Repository/ADMIN/Features Control/Booking Unit/button_Edit' located by 'By.xpath: //a[@href = '/admin/featurecontrol/booking-unit-edit']' not found

2019-05-15 10:21:46 - [MESSAGE][WARNING] - Timeout '0' is invalid. Using default page load timeout: '30'

2019-05-15 10:22:17 - [MESSAGE][WARNING] - Web element with id: 'Object Repository/ADMIN/Features Control/Booking Unit/button_Edit' located by 'By.xpath: //a[@href = '/admin/featurecontrol/booking-unit-edit']' not found

2019-05-15 10:22:17 - [TEST_STEP][FAILED] - click: Unable to click on object 'Object Repository/ADMIN/Features Control/Booking Unit/button_Edit' (Root cause: com.kms.katalon.core.webui.exception.WebElementNotFoundException: Web element with id: 'Object Repository/ADMIN/Features Control/Booking Unit/button_Edit' located by 'By.xpath: //a[@href = '/admin/featurecontrol/booking-unit-edit']' not found)

2019-05-15 10:22:49 - [MESSAGE][FAILED] - Unable to click on object 'Object Repository/ADMIN/Features Control/Booking Unit/button_Edit' (Root cause: com.kms.katalon.core.webui.exception.WebElementNotFoundException: Web element with id: 'Object Repository/ADMIN/Features Control/Booking Unit/button_Edit' located by 'By.xpath: //a[@href = '/admin/featurecontrol/booking-unit-edit']' not found)
[[ATTACHMENT|C:\\Katalon\\Arctick\\Reports\\Feature Control\\Booking Unit\\Combination_DefaultUnit\\20190515_100852\\1557886968892.png]]

2019-05-15 10:22:49 - [TEST_STEP][PASSED] - waitForElementVisible: Object 'Object Repository/ADMIN/Features Control/Booking Unit/icon1st_NewBookingUnit' is visible

2019-05-15 10:22:49 - [MESSAGE][WARNING] - Timeout '0' is invalid. Using default page load timeout: '30'

2019-05-15 10:22:49 - [MESSAGE][PASSED] - Object 'Object Repository/ADMIN/Features Control/Booking Unit/icon1st_NewBookingUnit' is visible

2019-05-15 10:22:49 - [TEST_STEP][PASSED] - verifyElementVisible: Object 'Object Repository/ADMIN/Features Control/Booking Unit/textlabel_NewBookingUnit' is visible

2019-05-15 10:22:49 - [MESSAGE][PASSED] - Object 'Object Repository/ADMIN/Features Control/Booking Unit/textlabel_NewBookingUnit' is visible

2019-05-15 10:22:49 - [TEST_STEP][PASSED] - delay: Delayed 1 second(s)

2019-05-15 10:22:50 - [MESSAGE][PASSED] - Delayed 1 second(s)

2019-05-15 10:22:50 - [TEST_STEP][PASSED] - click: Object: 'Object Repository/ADMIN/Features Control/Booking Unit/button_AddBookingUnit' is clicked on

2019-05-15 10:22:50 - [MESSAGE][PASSED] - Object: 'Object Repository/ADMIN/Features Control/Booking Unit/button_AddBookingUnit' is clicked on

2019-05-15 10:22:50 - [TEST_STEP][PASSED] - waitForElementVisible: Object 'Object Repository/ADMIN/Features Control/Booking Unit/a_Add New Booking Unit/textlabel_AddNewBookingUnit' is visible

2019-05-15 10:22:50 - [MESSAGE][WARNING] - Timeout '0' is invalid. Using default page load timeout: '30'

2019-05-15 10:22:50 - [MESSAGE][PASSED] - Object 'Object Repository/ADMIN/Features Control/Booking Unit/a_Add New Booking Unit/textlabel_AddNewBookingUnit' is visible

2019-05-15 10:22:50 - [TEST_STEP][PASSED] - delay: Delayed 1 second(s)

2019-05-15 10:22:51 - [MESSAGE][PASSED] - Delayed 1 second(s)

2019-05-15 10:22:51 - [TEST_STEP][PASSED] - setText: Text 'Day 30' is set on object 'Object Repository/ADMIN/Features Control/Booking Unit/a_Add New Booking Unit/textfield_UnitName'

2019-05-15 10:22:52 - [MESSAGE][PASSED] - Text 'Day 30' is set on object 'Object Repository/ADMIN/Features Control/Booking Unit/a_Add New Booking Unit/textfield_UnitName'

2019-05-15 10:22:52 - [TEST_STEP][PASSED] - delay: Delayed 1 second(s)

2019-05-15 10:22:53 - [MESSAGE][PASSED] - Delayed 1 second(s)

2019-05-15 10:22:53 - [TEST_STEP][PASSED] - click: Object: 'Object Repository/ADMIN/Features Control/Booking Unit/a_Add New Booking Unit/checkbox_Day' is clicked on

2019-05-15 10:22:53 - [MESSAGE][PASSED] - Object: 'Object Repository/ADMIN/Features Control/Booking Unit/a_Add New Booking Unit/checkbox_Day' is clicked on

2019-05-15 10:22:53 - [TEST_STEP][PASSED] - click: Object: 'Object Repository/ADMIN/Features Control/Booking Unit/a_Add New Booking Unit/checkbox_Custom' is clicked on

2019-05-15 10:22:53 - [MESSAGE][PASSED] - Object: 'Object Repository/ADMIN/Features Control/Booking Unit/a_Add New Booking Unit/checkbox_Custom' is clicked on

2019-05-15 10:22:53 - [TEST_STEP][PASSED] - click: Object: 'Object Repository/ADMIN/Features Control/Booking Unit/a_Add New Booking Unit/checkbox_Week' is clicked on

2019-05-15 10:22:53 - [MESSAGE][PASSED] - Object: 'Object Repository/ADMIN/Features Control/Booking Unit/a_Add New Booking Unit/checkbox_Week' is clicked on

2019-05-15 10:22:53 - [TEST_STEP][PASSED] - click: Object: 'Object Repository/ADMIN/Features Control/Booking Unit/a_Add New Booking Unit/checkbox_Month' is clicked on

2019-05-15 10:22:53 - [MESSAGE][PASSED] - Object: 'Object Repository/ADMIN/Features Control/Booking Unit/a_Add New Booking Unit/checkbox_Month' is clicked on

2019-05-15 10:22:53 - [TEST_STEP][PASSED] - click: Object: 'Object Repository/ADMIN/Features Control/Booking Unit/a_Add New Booking Unit/button_Save' is clicked on

2019-05-15 10:22:53 - [MESSAGE][PASSED] - Object: 'Object Repository/ADMIN/Features Control/Booking Unit/a_Add New Booking Unit/button_Save' is clicked on

2019-05-15 10:22:53 - [TEST_STEP][PASSED] - delay: Delayed 1 second(s)

2019-05-15 10:22:54 - [MESSAGE][PASSED] - Delayed 1 second(s)

2019-05-15 10:22:54 - [TEST_STEP][PASSED] - click: Object: 'Object Repository/ADMIN/Features Control/Booking Unit/topbutton_Save' is clicked on

2019-05-15 10:22:54 - [MESSAGE][PASSED] - Object: 'Object Repository/ADMIN/Features Control/Booking Unit/topbutton_Save' is clicked on

2019-05-15 10:22:54 - [TEST_STEP][PASSED] - waitForElementVisible: Object 'Object Repository/ADMIN/Features Control/Booking Unit/a_Save Popup/button_Save' is visible

2019-05-15 10:22:54 - [MESSAGE][WARNING] - Timeout '0' is invalid. Using default page load timeout: '30'

2019-05-15 10:22:54 - [MESSAGE][PASSED] - Object 'Object Repository/ADMIN/Features Control/Booking Unit/a_Save Popup/button_Save' is visible

2019-05-15 10:22:54 - [TEST_STEP][PASSED] - click: Object: 'Object Repository/ADMIN/Features Control/Booking Unit/a_Save Popup/button_Save' is clicked on

2019-05-15 10:22:54 - [MESSAGE][PASSED] - Object: 'Object Repository/ADMIN/Features Control/Booking Unit/a_Save Popup/button_Save' is clicked on

2019-05-15 10:22:54 - [TEST_STEP][PASSED] - waitForElementVisible: Object 'Object Repository/ADMIN/Features Control/Booking Unit/a_ToasterMessage/toaster_SaveSuccessfully' is visible

2019-05-15 10:22:54 - [MESSAGE][WARNING] - Timeout '0' is invalid. Using default page load timeout: '30'

2019-05-15 10:23:08 - [MESSAGE][PASSED] - Object 'Object Repository/ADMIN/Features Control/Booking Unit/a_ToasterMessage/toaster_SaveSuccessfully' is visible

2019-05-15 10:23:08 - [TEST_STEP][PASSED] - waitForElementNotPresent: Web element with id: 'Object Repository/ADMIN/Features Control/Booking Unit/a_ToasterMessage/toaster_SaveSuccessfully' located by 'By.xpath: //div[@class = 'toast toast-success' and (text() = 'Save successfully' or . = 'Save successfully')]' is not present after '30' second(s)

2019-05-15 10:23:08 - [MESSAGE][WARNING] - Timeout '0' is invalid. Using default page load timeout: '30'

2019-05-15 10:23:14 - [MESSAGE][PASSED] - Web element with id: 'Object Repository/ADMIN/Features Control/Booking Unit/a_ToasterMessage/toaster_SaveSuccessfully' located by 'By.xpath: //div[@class = 'toast toast-success' and (text() = 'Save successfully' or . = 'Save successfully')]' is not present after '30' second(s)]]></system-out>
         <system-err><![CDATA[2019-05-15 10:21:46 - [TEST_CASE][FAILED] - Test Cases/ADMIN/Features Control/Booking Unit/Combination/Default/30Add_DayCustomWeekMonth: Test Cases/ADMIN/Features Control/Booking Unit/Combination/Default/30Add_DayCustomWeekMonth FAILED because (of) Unable to click on object 'Object Repository/ADMIN/Features Control/Booking Unit/button_Edit' (Root cause: com.kms.katalon.core.webui.exception.WebElementNotFoundException: Web element with id: 'Object Repository/ADMIN/Features Control/Booking Unit/button_Edit' located by 'By.xpath: //a[@href = '/admin/featurecontrol/booking-unit-edit']' not found)]]></system-err>
      </testcase>
      <testcase name="Test Cases/ADMIN/Features Control/Booking Unit/Combination/Default/31Add_allDefaultService" classname="Test Cases/ADMIN/Features Control/Booking Unit/Combination/Default/31Add_allDefaultService" status="PASSED">
         <system-out><![CDATA[2019-05-15 10:23:14 - [TEST_CASE][PASSED] - Test Cases/ADMIN/Features Control/Booking Unit/Combination/Default/31Add_allDefaultService: Test Cases/ADMIN/Features Control/Booking Unit/Combination/Default/31Add_allDefaultService

2019-05-15 10:23:14 - [TEST_STEP][PASSED] - waitForElementVisible: Object 'Object Repository/ADMIN/Features Control/Advance Search/a_Features Control' is visible

2019-05-15 10:23:14 - [MESSAGE][WARNING] - Timeout '0' is invalid. Using default page load timeout: '30'

2019-05-15 10:23:14 - [MESSAGE][PASSED] - Object 'Object Repository/ADMIN/Features Control/Advance Search/a_Features Control' is visible

2019-05-15 10:23:14 - [TEST_STEP][PASSED] - click: Object: 'Object Repository/ADMIN/Features Control/Advance Search/a_Features Control' is clicked on

2019-05-15 10:23:25 - [MESSAGE][PASSED] - Object: 'Object Repository/ADMIN/Features Control/Advance Search/a_Features Control' is clicked on

2019-05-15 10:23:25 - [TEST_STEP][PASSED] - waitForElementVisible: Object 'Object Repository/ADMIN/Features Control/Booking Unit/button_Edit' is visible

2019-05-15 10:23:25 - [MESSAGE][WARNING] - Timeout '0' is invalid. Using default page load timeout: '30'

2019-05-15 10:23:25 - [MESSAGE][PASSED] - Object 'Object Repository/ADMIN/Features Control/Booking Unit/button_Edit' is visible

2019-05-15 10:23:25 - [TEST_STEP][PASSED] - click: Object: 'Object Repository/ADMIN/Features Control/Booking Unit/button_Edit' is clicked on

2019-05-15 10:23:33 - [MESSAGE][PASSED] - Object: 'Object Repository/ADMIN/Features Control/Booking Unit/button_Edit' is clicked on

2019-05-15 10:23:33 - [TEST_STEP][PASSED] - waitForElementVisible: Object 'Object Repository/ADMIN/Features Control/Booking Unit/icon1st_NewBookingUnit' is visible

2019-05-15 10:23:33 - [MESSAGE][WARNING] - Timeout '0' is invalid. Using default page load timeout: '30'

2019-05-15 10:23:33 - [MESSAGE][PASSED] - Object 'Object Repository/ADMIN/Features Control/Booking Unit/icon1st_NewBookingUnit' is visible

2019-05-15 10:23:33 - [TEST_STEP][PASSED] - verifyElementVisible: Object 'Object Repository/ADMIN/Features Control/Booking Unit/textlabel_NewBookingUnit' is visible

2019-05-15 10:23:34 - [MESSAGE][PASSED] - Object 'Object Repository/ADMIN/Features Control/Booking Unit/textlabel_NewBookingUnit' is visible

2019-05-15 10:23:34 - [TEST_STEP][PASSED] - delay: Delayed 1 second(s)

2019-05-15 10:23:35 - [MESSAGE][PASSED] - Delayed 1 second(s)

2019-05-15 10:23:35 - [TEST_STEP][PASSED] - click: Object: 'Object Repository/ADMIN/Features Control/Booking Unit/button_AddBookingUnit' is clicked on

2019-05-15 10:23:35 - [MESSAGE][PASSED] - Object: 'Object Repository/ADMIN/Features Control/Booking Unit/button_AddBookingUnit' is clicked on

2019-05-15 10:23:35 - [TEST_STEP][PASSED] - waitForElementVisible: Object 'Object Repository/ADMIN/Features Control/Booking Unit/a_Add New Booking Unit/textlabel_AddNewBookingUnit' is visible

2019-05-15 10:23:35 - [MESSAGE][WARNING] - Timeout '0' is invalid. Using default page load timeout: '30'

2019-05-15 10:23:35 - [MESSAGE][PASSED] - Object 'Object Repository/ADMIN/Features Control/Booking Unit/a_Add New Booking Unit/textlabel_AddNewBookingUnit' is visible

2019-05-15 10:23:35 - [TEST_STEP][PASSED] - delay: Delayed 1 second(s)

2019-05-15 10:23:36 - [MESSAGE][PASSED] - Delayed 1 second(s)

2019-05-15 10:23:36 - [TEST_STEP][PASSED] - setText: Text 'Day 31' is set on object 'Object Repository/ADMIN/Features Control/Booking Unit/a_Add New Booking Unit/textfield_UnitName'

2019-05-15 10:23:36 - [MESSAGE][PASSED] - Text 'Day 31' is set on object 'Object Repository/ADMIN/Features Control/Booking Unit/a_Add New Booking Unit/textfield_UnitName'

2019-05-15 10:23:36 - [TEST_STEP][PASSED] - delay: Delayed 1 second(s)

2019-05-15 10:23:37 - [MESSAGE][PASSED] - Delayed 1 second(s)

2019-05-15 10:23:37 - [TEST_STEP][PASSED] - click: Object: 'Object Repository/ADMIN/Features Control/Booking Unit/a_Add New Booking Unit/checkbox_Hour' is clicked on

2019-05-15 10:23:37 - [MESSAGE][PASSED] - Object: 'Object Repository/ADMIN/Features Control/Booking Unit/a_Add New Booking Unit/checkbox_Hour' is clicked on

2019-05-15 10:23:37 - [TEST_STEP][PASSED] - click: Object: 'Object Repository/ADMIN/Features Control/Booking Unit/a_Add New Booking Unit/checkbox_Day' is clicked on

2019-05-15 10:23:37 - [MESSAGE][PASSED] - Object: 'Object Repository/ADMIN/Features Control/Booking Unit/a_Add New Booking Unit/checkbox_Day' is clicked on

2019-05-15 10:23:37 - [TEST_STEP][PASSED] - click: Object: 'Object Repository/ADMIN/Features Control/Booking Unit/a_Add New Booking Unit/checkbox_Week' is clicked on

2019-05-15 10:23:37 - [MESSAGE][PASSED] - Object: 'Object Repository/ADMIN/Features Control/Booking Unit/a_Add New Booking Unit/checkbox_Week' is clicked on

2019-05-15 10:23:37 - [TEST_STEP][PASSED] - click: Object: 'Object Repository/ADMIN/Features Control/Booking Unit/a_Add New Booking Unit/checkbox_Month' is clicked on

2019-05-15 10:23:37 - [MESSAGE][PASSED] - Object: 'Object Repository/ADMIN/Features Control/Booking Unit/a_Add New Booking Unit/checkbox_Month' is clicked on

2019-05-15 10:23:37 - [TEST_STEP][PASSED] - click: Object: 'Object Repository/ADMIN/Features Control/Booking Unit/a_Add New Booking Unit/checkbox_Custom' is clicked on

2019-05-15 10:23:37 - [MESSAGE][PASSED] - Object: 'Object Repository/ADMIN/Features Control/Booking Unit/a_Add New Booking Unit/checkbox_Custom' is clicked on

2019-05-15 10:23:37 - [TEST_STEP][PASSED] - delay: Delayed 1 second(s)

2019-05-15 10:23:38 - [MESSAGE][PASSED] - Delayed 1 second(s)

2019-05-15 10:23:38 - [TEST_STEP][PASSED] - click: Object: 'Object Repository/ADMIN/Features Control/Booking Unit/a_Add New Booking Unit/button_Save' is clicked on

2019-05-15 10:23:39 - [MESSAGE][PASSED] - Object: 'Object Repository/ADMIN/Features Control/Booking Unit/a_Add New Booking Unit/button_Save' is clicked on

2019-05-15 10:23:39 - [TEST_STEP][PASSED] - delay: Delayed 1 second(s)

2019-05-15 10:23:40 - [MESSAGE][PASSED] - Delayed 1 second(s)

2019-05-15 10:23:40 - [TEST_STEP][PASSED] - click: Object: 'Object Repository/ADMIN/Features Control/Booking Unit/topbutton_Save' is clicked on

2019-05-15 10:23:40 - [MESSAGE][PASSED] - Object: 'Object Repository/ADMIN/Features Control/Booking Unit/topbutton_Save' is clicked on

2019-05-15 10:23:40 - [TEST_STEP][PASSED] - waitForElementVisible: Object 'Object Repository/ADMIN/Features Control/Booking Unit/a_Save Popup/button_Save' is visible

2019-05-15 10:23:40 - [MESSAGE][WARNING] - Timeout '0' is invalid. Using default page load timeout: '30'

2019-05-15 10:23:40 - [MESSAGE][PASSED] - Object 'Object Repository/ADMIN/Features Control/Booking Unit/a_Save Popup/button_Save' is visible

2019-05-15 10:23:40 - [TEST_STEP][PASSED] - click: Object: 'Object Repository/ADMIN/Features Control/Booking Unit/a_Save Popup/button_Save' is clicked on

2019-05-15 10:23:40 - [MESSAGE][PASSED] - Object: 'Object Repository/ADMIN/Features Control/Booking Unit/a_Save Popup/button_Save' is clicked on

2019-05-15 10:23:40 - [TEST_STEP][PASSED] - waitForElementVisible: Object 'Object Repository/ADMIN/Features Control/Booking Unit/a_ToasterMessage/toaster_SaveSuccessfully' is visible

2019-05-15 10:23:40 - [MESSAGE][WARNING] - Timeout '0' is invalid. Using default page load timeout: '30'

2019-05-15 10:23:41 - [MESSAGE][PASSED] - Object 'Object Repository/ADMIN/Features Control/Booking Unit/a_ToasterMessage/toaster_SaveSuccessfully' is visible

2019-05-15 10:23:41 - [TEST_STEP][PASSED] - waitForElementNotPresent: Web element with id: 'Object Repository/ADMIN/Features Control/Booking Unit/a_ToasterMessage/toaster_SaveSuccessfully' located by 'By.xpath: //div[@class = 'toast toast-success' and (text() = 'Save successfully' or . = 'Save successfully')]' is not present after '30' second(s)

2019-05-15 10:23:41 - [MESSAGE][WARNING] - Timeout '0' is invalid. Using default page load timeout: '30'

2019-05-15 10:23:47 - [MESSAGE][PASSED] - Web element with id: 'Object Repository/ADMIN/Features Control/Booking Unit/a_ToasterMessage/toaster_SaveSuccessfully' located by 'By.xpath: //div[@class = 'toast toast-success' and (text() = 'Save successfully' or . = 'Save successfully')]' is not present after '30' second(s)]]></system-out>
         <system-err><![CDATA[]]></system-err>
      </testcase>
      <testcase name="Test Cases/Utilities/ADMIN/Admin Logout" classname="Test Cases/Utilities/ADMIN/Admin Logout" status="PASSED">
         <system-out><![CDATA[2019-05-15 10:23:47 - [TEST_CASE][PASSED] - Test Cases/Utilities/ADMIN/Admin Logout: Test Cases/Utilities/ADMIN/Admin Logout

2019-05-15 10:23:47 - [TEST_STEP][PASSED] - waitForElementVisible: Object 'Object Repository/Utilities/Admin Logout/button_Logout' is visible

2019-05-15 10:23:47 - [MESSAGE][WARNING] - Timeout '0' is invalid. Using default page load timeout: '30'

2019-05-15 10:23:47 - [MESSAGE][PASSED] - Object 'Object Repository/Utilities/Admin Logout/button_Logout' is visible

2019-05-15 10:23:47 - [TEST_STEP][PASSED] - click: Object: 'Object Repository/Utilities/Admin Logout/button_Logout' is clicked on

2019-05-15 10:23:48 - [MESSAGE][PASSED] - Object: 'Object Repository/Utilities/Admin Logout/button_Logout' is clicked on]]></system-out>
         <system-err><![CDATA[]]></system-err>
      </testcase>
      <system-out><![CDATA[2019-05-15 10:08:54 - [TEST_SUITE][FAILED] - Combination_DefaultUnit: Test Cases/ADMIN/Features Control/Booking Unit/Combination/Default/30Add_DayCustomWeekMonth FAILED because (of) Unable to click on object 'Object Repository/ADMIN/Features Control/Booking Unit/button_Edit' (Root cause: com.kms.katalon.core.webui.exception.WebElementNotFoundException: Web element with id: 'Object Repository/ADMIN/Features Control/Booking Unit/button_Edit' located by 'By.xpath: //a[@href = '/admin/featurecontrol/booking-unit-edit']' not found)]]></system-out>
      <system-err><![CDATA[2019-05-15 10:08:54 - [TEST_SUITE][FAILED] - Combination_DefaultUnit: Test Cases/ADMIN/Features Control/Booking Unit/Combination/Default/30Add_DayCustomWeekMonth FAILED because (of) Unable to click on object 'Object Repository/ADMIN/Features Control/Booking Unit/button_Edit' (Root cause: com.kms.katalon.core.webui.exception.WebElementNotFoundException: Web element with id: 'Object Repository/ADMIN/Features Control/Booking Unit/button_Edit' located by 'By.xpath: //a[@href = '/admin/featurecontrol/booking-unit-edit']' not found)]]></system-err>
   </testsuite>
</testsuites>
