<?xml version="1.0" encoding="UTF-8"?>
<testsuites name="accountSuspended" time="298" tests="3" failures="1" errors="0">
   <testsuite name="accountSuspended" tests="3" failures="1" errors="0" time="298" timestamp="2019-07-12 09:54:07" hostname="April - April-PC" id="Test Suites/Admin/EDMs/accountSuspended">
      <properties>
         <property name="deviceName" value=""/>
         <property name="devicePlatform" value=""/>
         <property name="logFolder" value="C:\\Users\\April\\git\\Arctick\\Reports\\Admin\\EDMs\\accountSuspended\\20190712_095405"/>
         <property name="logFiles" value="C:\\Users\\April\\git\\Arctick\\Reports\\Admin\\EDMs\\accountSuspended\\20190712_095405\\execution0.log"/>
         <property name="attachments" value="C:\\Users\\April\\git\\Arctick\\Reports\\Admin\\EDMs\\accountSuspended\\20190712_095405\\1562896588028.png, C:\\Users\\April\\git\\Arctick\\Reports\\Admin\\EDMs\\accountSuspended\\20190712_095405\\1562896619334.png, C:\\Users\\April\\git\\Arctick\\Reports\\Admin\\EDMs\\accountSuspended\\20190712_095405\\1562896650635.png, C:\\Users\\April\\git\\Arctick\\Reports\\Admin\\EDMs\\accountSuspended\\20190712_095405\\1562896682270.png, C:\\Users\\April\\git\\Arctick\\Reports\\Admin\\EDMs\\accountSuspended\\20190712_095405\\1562896713752.png, C:\\Users\\April\\git\\Arctick\\Reports\\Admin\\EDMs\\accountSuspended\\20190712_095405\\1562896745232.png"/>
         <property name="hostName" value="April - April-PC"/>
         <property name="os" value="Windows 7 64bit"/>
         <property name="katalonVersion" value="5.4.2.1"/>
         <property name="browser" value="Chrome 75.0.3770.100"/>
         <property name="hostAddress" value="10.10.31.97"/>
         <property name="sessionId" value="72b971146d146d2e44e9805b9bc30bc3"/>
         <property name="seleniumVersion" value="3.7.1"/>
         <property name="proxyInformation" value="ProxyInformation{proxyOption=NO_PROXY, proxyServerType=HTTP, password=, proxyServerAddress=, proxyServerPort=0}"/>
         <property name="platform" value="Windows 7"/>
      </properties>
      <testcase name="Test Cases/Utilities/ADMIN/Admin Login" classname="Test Cases/Utilities/ADMIN/Admin Login" status="PASSED">
         <system-out><![CDATA[2019-07-12 09:54:08 - [TEST_CASE][PASSED] - Test Cases/Utilities/ADMIN/Admin Login: Test Cases/Utilities/ADMIN/Admin Login

2019-07-12 09:54:08 - [TEST_STEP][PASSED] - openBrowser: Browser is opened with url: ''

2019-07-12 09:54:11 - [MESSAGE][PASSED] - Browser is opened with url: ''

2019-07-12 09:54:11 - [TEST_STEP][PASSED] - maximizeWindow: Current window maximized

2019-07-12 09:54:12 - [MESSAGE][PASSED] - Current window maximized

2019-07-12 09:54:12 - [TEST_STEP][PASSED] - navigateToUrl: Navigate to 'http://0705st1.test.arcadier.io/admin' successfully

2019-07-12 09:54:14 - [MESSAGE][PASSED] - Navigate to 'http://0705st1.test.arcadier.io/admin' successfully

2019-07-12 09:54:14 - [TEST_STEP][PASSED] - Statement - If (AdminAccountType == "custom"): Object: 'Object Repository/ADMIN/Admin Login/Admin Login/btn_signin' is clicked on

2019-07-12 09:54:14 - [TEST_STEP][PASSED] - waitForElementVisible: Object 'Object Repository/ADMIN/Admin Login/Admin Login/txtbox_username' is visible

2019-07-12 09:54:14 - [MESSAGE][WARNING] - Timeout '0' is invalid. Using default page load timeout: '30'

2019-07-12 09:54:14 - [MESSAGE][PASSED] - Object 'Object Repository/ADMIN/Admin Login/Admin Login/txtbox_username' is visible

2019-07-12 09:54:14 - [TEST_STEP][PASSED] - setText: Text '0705st1' is set on object 'Object Repository/ADMIN/Admin Login/Admin Login/txtbox_username'

2019-07-12 09:54:14 - [MESSAGE][PASSED] - Text '0705st1' is set on object 'Object Repository/ADMIN/Admin Login/Admin Login/txtbox_username'

2019-07-12 09:54:14 - [TEST_STEP][PASSED] - setText: Text 'welcome8' is set on object 'Object Repository/ADMIN/Admin Login/Admin Login/txtbox_password'

2019-07-12 09:54:14 - [MESSAGE][PASSED] - Text 'welcome8' is set on object 'Object Repository/ADMIN/Admin Login/Admin Login/txtbox_password'

2019-07-12 09:54:14 - [TEST_STEP][PASSED] - click: Object: 'Object Repository/ADMIN/Admin Login/Admin Login/btn_signin' is clicked on

2019-07-12 09:54:19 - [MESSAGE][PASSED] - Object: 'Object Repository/ADMIN/Admin Login/Admin Login/btn_signin' is clicked on]]></system-out>
         <system-err><![CDATA[]]></system-err>
      </testcase>
      <testcase name="Test Cases/ADMIN/User Mgmt/Users/userAccess_No" classname="Test Cases/ADMIN/User Mgmt/Users/userAccess_No" status="PASSED">
         <system-out><![CDATA[2019-07-12 09:54:19 - [TEST_CASE][PASSED] - Test Cases/ADMIN/User Mgmt/Users/userAccess_No: Test Cases/ADMIN/User Mgmt/Users/userAccess_No

2019-07-12 09:54:19 - [TEST_STEP][PASSED] - waitForElementVisible: Object 'Object Repository/ADMIN/User Mgmt/Users/link_User Mgmt.' is visible

2019-07-12 09:54:19 - [MESSAGE][WARNING] - Timeout '0' is invalid. Using default page load timeout: '30'

2019-07-12 09:54:19 - [MESSAGE][PASSED] - Object 'Object Repository/ADMIN/User Mgmt/Users/link_User Mgmt.' is visible

2019-07-12 09:54:19 - [TEST_STEP][PASSED] - click: Object: 'Object Repository/ADMIN/User Mgmt/Users/link_User Mgmt.' is clicked on

2019-07-12 09:54:19 - [MESSAGE][PASSED] - Object: 'Object Repository/ADMIN/User Mgmt/Users/link_User Mgmt.' is clicked on

2019-07-12 09:54:19 - [TEST_STEP][PASSED] - waitForElementVisible: Object 'Object Repository/ADMIN/User Mgmt/Users/link_Users' is visible

2019-07-12 09:54:19 - [MESSAGE][WARNING] - Timeout '0' is invalid. Using default page load timeout: '30'

2019-07-12 09:54:20 - [MESSAGE][PASSED] - Object 'Object Repository/ADMIN/User Mgmt/Users/link_Users' is visible

2019-07-12 09:54:20 - [TEST_STEP][PASSED] - click: Object: 'Object Repository/ADMIN/User Mgmt/Users/link_Users' is clicked on

2019-07-12 09:54:21 - [MESSAGE][PASSED] - Object: 'Object Repository/ADMIN/User Mgmt/Users/link_Users' is clicked on

2019-07-12 09:54:21 - [TEST_STEP][PASSED] - waitForElementVisible: Object 'Object Repository/ADMIN/User Mgmt/Users/users_textfield_search' is visible

2019-07-12 09:54:21 - [MESSAGE][WARNING] - Timeout '0' is invalid. Using default page load timeout: '30'

2019-07-12 09:54:22 - [MESSAGE][PASSED] - Object 'Object Repository/ADMIN/User Mgmt/Users/users_textfield_search' is visible

2019-07-12 09:54:22 - [TEST_STEP][PASSED] - setText: Text 'seller0001' is set on object 'Object Repository/ADMIN/User Mgmt/Users/users_textfield_search'

2019-07-12 09:54:22 - [MESSAGE][PASSED] - Text 'seller0001' is set on object 'Object Repository/ADMIN/User Mgmt/Users/users_textfield_search'

2019-07-12 09:54:22 - [TEST_STEP][PASSED] - click: Object: 'Object Repository/ADMIN/User Mgmt/Users/users_button_Search' is clicked on

2019-07-12 09:54:22 - [MESSAGE][PASSED] - Object: 'Object Repository/ADMIN/User Mgmt/Users/users_button_Search' is clicked on

2019-07-12 09:54:22 - [TEST_STEP][PASSED] - waitForElementHasAttribute: Object 'Object Repository/ADMIN/User Mgmt/Users/label_content_Display Name' is not present

2019-07-12 09:54:22 - [MESSAGE][WARNING] - Timeout '0' is invalid. Using default page load timeout: '30'

2019-07-12 09:54:53 - [MESSAGE][WARNING] - Object 'Object Repository/ADMIN/User Mgmt/Users/label_content_Display Name' is not present

2019-07-12 09:54:53 - [TEST_STEP][PASSED] - click: Object: 'Object Repository/ADMIN/User Mgmt/Users/toggle_userAccess' is clicked on

2019-07-12 09:54:53 - [MESSAGE][PASSED] - Object: 'Object Repository/ADMIN/User Mgmt/Users/toggle_userAccess' is clicked on

2019-07-12 09:54:53 - [TEST_STEP][PASSED] - delay: Delayed 2 second(s)

2019-07-12 09:54:55 - [MESSAGE][PASSED] - Delayed 2 second(s)]]></system-out>
         <system-err><![CDATA[]]></system-err>
      </testcase>
      <testcase name="Test Cases/ADMIN/EDM Verification/Admin/admin_AccountSuspended" classname="Test Cases/ADMIN/EDM Verification/Admin/admin_AccountSuspended" status="PASSED">
         <system-out><![CDATA[2019-07-12 09:54:55 - [TEST_CASE][PASSED] - Test Cases/ADMIN/EDM Verification/Admin/admin_AccountSuspended: Test Cases/ADMIN/EDM Verification/Admin/admin_AccountSuspended

2019-07-12 09:54:56 - [TEST_STEP][PASSED] - waitForElementVisible: Object 'Object Repository/ADMIN/Language/sidemenu_Language' is visible

2019-07-12 09:54:56 - [MESSAGE][WARNING] - Timeout '0' is invalid. Using default page load timeout: '30'

2019-07-12 09:54:56 - [MESSAGE][PASSED] - Object 'Object Repository/ADMIN/Language/sidemenu_Language' is visible

2019-07-12 09:54:56 - [TEST_STEP][PASSED] - click: Object: 'Object Repository/ADMIN/Language/sidemenu_Language' is clicked on

2019-07-12 09:54:56 - [MESSAGE][PASSED] - Object: 'Object Repository/ADMIN/Language/sidemenu_Language' is clicked on

2019-07-12 09:54:56 - [TEST_STEP][PASSED] - waitForElementVisible: Object 'Object Repository/ADMIN/Language/sidemenu_Edit Text' is visible

2019-07-12 09:54:56 - [MESSAGE][WARNING] - Timeout '0' is invalid. Using default page load timeout: '30'

2019-07-12 09:54:56 - [MESSAGE][PASSED] - Object 'Object Repository/ADMIN/Language/sidemenu_Edit Text' is visible

2019-07-12 09:54:56 - [TEST_STEP][PASSED] - click: Object: 'Object Repository/ADMIN/Language/sidemenu_Edit Text' is clicked on

2019-07-12 09:54:57 - [MESSAGE][PASSED] - Object: 'Object Repository/ADMIN/Language/sidemenu_Edit Text' is clicked on

2019-07-12 09:54:57 - [TEST_STEP][PASSED] - waitForElementVisible: Object 'Object Repository/ADMIN/Language/Edit Text/button_EmailNotifications' is visible

2019-07-12 09:54:57 - [MESSAGE][WARNING] - Timeout '0' is invalid. Using default page load timeout: '30'

2019-07-12 09:54:58 - [MESSAGE][PASSED] - Object 'Object Repository/ADMIN/Language/Edit Text/button_EmailNotifications' is visible

2019-07-12 09:54:58 - [TEST_STEP][PASSED] - click: Object: 'Object Repository/ADMIN/Language/Edit Text/button_EmailNotifications' is clicked on

2019-07-12 09:54:58 - [MESSAGE][PASSED] - Object: 'Object Repository/ADMIN/Language/Edit Text/button_EmailNotifications' is clicked on

2019-07-12 09:54:58 - [TEST_STEP][PASSED] - waitForElementVisible: Object 'Object Repository/ADMIN/Edit Text/Spacetime/EDMs/textlink_Welcome Mail' is visible

2019-07-12 09:54:58 - [MESSAGE][WARNING] - Timeout '0' is invalid. Using default page load timeout: '30'

2019-07-12 09:54:59 - [MESSAGE][PASSED] - Object 'Object Repository/ADMIN/Edit Text/Spacetime/EDMs/textlink_Welcome Mail' is visible

2019-07-12 09:54:59 - [TEST_STEP][PASSED] - delay: Delayed 2 second(s)

2019-07-12 09:55:01 - [MESSAGE][PASSED] - Delayed 2 second(s)

2019-07-12 09:55:01 - [TEST_STEP][PASSED] - scrollToElement: Scroll to object 'Object Repository/ADMIN/Edit Text/Spacetime/EDMs/textlink_Buyer Invite' successfully

2019-07-12 09:55:01 - [MESSAGE][WARNING] - Timeout '0' is invalid. Using default page load timeout: '30'

2019-07-12 09:55:01 - [MESSAGE][PASSED] - Scroll to object 'Object Repository/ADMIN/Edit Text/Spacetime/EDMs/textlink_Buyer Invite' successfully

2019-07-12 09:55:01 - [TEST_STEP][PASSED] - click: Object: 'Object Repository/ADMIN/Edit Text/Spacetime/EDMs/textlink_Account Suspended' is clicked on

2019-07-12 09:55:02 - [MESSAGE][PASSED] - Object: 'Object Repository/ADMIN/Edit Text/Spacetime/EDMs/textlink_Account Suspended' is clicked on

2019-07-12 09:55:02 - [TEST_STEP][PASSED] - waitForElementVisible: Object 'Object Repository/ADMIN/Edit Text/Spacetime/Welcome Mail/dd_Homepage' is visible

2019-07-12 09:55:02 - [MESSAGE][WARNING] - Timeout '0' is invalid. Using default page load timeout: '30'

2019-07-12 09:55:02 - [MESSAGE][PASSED] - Object 'Object Repository/ADMIN/Edit Text/Spacetime/Welcome Mail/dd_Homepage' is visible

2019-07-12 09:55:02 - [TEST_STEP][PASSED] - Statement - greetings = com.kms.katalon.core.webui.keyword.WebUiBuiltInKeywords.getText(com.kms.katalon.core.testobject.ObjectRepository.findTestObject(ADMIN/Edit Text/Spacetime/Account Suspended/label_Hi)): Text of object 'Object Repository/ADMIN/Edit Text/Spacetime/Account Suspended/label_Hi' is: 'Hi'

2019-07-12 09:55:02 - [MESSAGE][PASSED] - Text of object 'Object Repository/ADMIN/Edit Text/Spacetime/Account Suspended/label_Hi' is: 'Hi'

2019-07-12 09:55:02 - [TEST_STEP][PASSED] - Statement - content = com.kms.katalon.core.webui.keyword.WebUiBuiltInKeywords.getText(com.kms.katalon.core.testobject.ObjectRepository.findTestObject(ADMIN/Edit Text/Spacetime/Account Suspended/label_It seems that your items)): Text of object 'Object Repository/ADMIN/Edit Text/Spacetime/Account Suspended/label_It seems that your items' is: 'It seems that your items are no longer discoverable at the moment! You will receive an email with more information shortly. If you do not receive the email, please contact us at'

2019-07-12 09:55:02 - [MESSAGE][PASSED] - Text of object 'Object Repository/ADMIN/Edit Text/Spacetime/Account Suspended/label_It seems that your items' is: 'It seems that your items are no longer discoverable at the moment! You will receive an email with more information shortly. If you do not receive the email, please contact us at'

2019-07-12 09:55:02 - [TEST_STEP][PASSED] - Statement - regards = com.kms.katalon.core.webui.keyword.WebUiBuiltInKeywords.getText(com.kms.katalon.core.testobject.ObjectRepository.findTestObject(ADMIN/Edit Text/Spacetime/Account Suspended/label_Best)): Text of object 'Object Repository/ADMIN/Edit Text/Spacetime/Account Suspended/label_Best' is: 'Best,'

2019-07-12 09:55:02 - [MESSAGE][PASSED] - Text of object 'Object Repository/ADMIN/Edit Text/Spacetime/Account Suspended/label_Best' is: 'Best,'

2019-07-12 09:55:02 - [TEST_STEP][PASSED] - writeToExcel.accountsuspended.getaccountSuspended: writeToExcel.accountsuspended.getaccountSuspended is PASSED

2019-07-12 09:55:03 - [MESSAGE][PASSED] - writeToExcel.accountsuspended.getaccountSuspended is PASSED

2019-07-12 09:55:03 - [TEST_STEP][PASSED] - writeToExcel.accountsuspended.getaccountSuspended: writeToExcel.accountsuspended.getaccountSuspended is PASSED

2019-07-12 09:55:03 - [MESSAGE][PASSED] - writeToExcel.accountsuspended.getaccountSuspended is PASSED

2019-07-12 09:55:03 - [TEST_STEP][PASSED] - writeToExcel.accountsuspended.getaccountSuspended: writeToExcel.accountsuspended.getaccountSuspended is PASSED

2019-07-12 09:55:04 - [MESSAGE][PASSED] - writeToExcel.accountsuspended.getaccountSuspended is PASSED]]></system-out>
         <system-err><![CDATA[]]></system-err>
      </testcase>
      <testcase name="Test Cases/ADMIN/EDM Verification/Verification/Account Suspended" classname="Test Cases/ADMIN/EDM Verification/Verification/Account Suspended" status="FAILED">
         <failure type="FAILED" message="Web element with id: 'Object Repository/EDM/Account Suspended/textlabel_greetings' located by 'By.xpath: //div[7]/div[3]/div/div[2]/div[1]/div[2]/div/div/div/div/div[2]/div/div[1]/div/div[2]/div/table/tr/td[1]/div[2]/div[2]/div/div[3]/div/div/div/div/div/div[1]/div[2]/div[3]/div[3]/div/div[2]/div[2]/div[2]/div[3]/p[1]' not found"/>
         <system-out><![CDATA[2019-07-12 09:55:04 - [TEST_CASE][FAILED] - Test Cases/ADMIN/EDM Verification/Verification/Account Suspended: Test Cases/ADMIN/EDM Verification/Verification/Account Suspended FAILED because (of) Web element with id: 'Object Repository/EDM/Account Suspended/textlabel_greetings' located by 'By.xpath: //div[7]/div[3]/div/div[2]/div[1]/div[2]/div/div/div/div/div[2]/div/div[1]/div/div[2]/div/table/tr/td[1]/div[2]/div[2]/div/div[3]/div/div/div/div/div/div[1]/div[2]/div[3]/div[3]/div/div[2]/div[2]/div[2]/div[3]/p[1]' not found

2019-07-12 09:55:04 - [TEST_STEP][PASSED] - navigateToUrl: Navigate to 'http://www.gmail.com' successfully

2019-07-12 09:55:06 - [MESSAGE][PASSED] - Navigate to 'http://www.gmail.com' successfully

2019-07-12 09:55:06 - [TEST_STEP][PASSED] - waitForElementVisible: Object 'Object Repository/EDM/Gmail Page/textfield_username' is visible

2019-07-12 09:55:06 - [MESSAGE][WARNING] - Timeout '0' is invalid. Using default page load timeout: '30'

2019-07-12 09:55:06 - [MESSAGE][PASSED] - Object 'Object Repository/EDM/Gmail Page/textfield_username' is visible

2019-07-12 09:55:06 - [TEST_STEP][PASSED] - setText: Text 'taylorallison820@gmail.com' is set on object 'Object Repository/EDM/Gmail Page/textfield_username'

2019-07-12 09:55:07 - [MESSAGE][PASSED] - Text 'taylorallison820@gmail.com' is set on object 'Object Repository/EDM/Gmail Page/textfield_username'

2019-07-12 09:55:07 - [TEST_STEP][PASSED] - sendKeys: Keys 'ENTER + ' sent to object: 'Object Repository/EDM/Gmail Page/textfield_username'

2019-07-12 09:55:07 - [MESSAGE][PASSED] - Keys 'ENTER + ' sent to object: 'Object Repository/EDM/Gmail Page/textfield_username'

2019-07-12 09:55:07 - [TEST_STEP][PASSED] - waitForElementVisible: Object 'Object Repository/EDM/Gmail Page/textfield_password' is visible

2019-07-12 09:55:07 - [MESSAGE][WARNING] - Timeout '0' is invalid. Using default page load timeout: '30'

2019-07-12 09:55:07 - [MESSAGE][PASSED] - Object 'Object Repository/EDM/Gmail Page/textfield_password' is visible

2019-07-12 09:55:07 - [TEST_STEP][PASSED] - setText: Text 'P@ssw0rd_820' is set on object 'Object Repository/EDM/Gmail Page/textfield_password'

2019-07-12 09:55:08 - [MESSAGE][PASSED] - Text 'P@ssw0rd_820' is set on object 'Object Repository/EDM/Gmail Page/textfield_password'

2019-07-12 09:55:08 - [TEST_STEP][PASSED] - sendKeys: Keys 'ENTER + ' sent to object: 'Object Repository/EDM/Gmail Page/textfield_password'

2019-07-12 09:55:08 - [MESSAGE][PASSED] - Keys 'ENTER + ' sent to object: 'Object Repository/EDM/Gmail Page/textfield_password'

2019-07-12 09:55:08 - [TEST_STEP][PASSED] - waitForElementVisible: Object 'Object Repository/EDM/Gmail Page/textfield_searchbar' is visible

2019-07-12 09:55:08 - [MESSAGE][WARNING] - Timeout '0' is invalid. Using default page load timeout: '30'

2019-07-12 09:55:17 - [MESSAGE][PASSED] - Object 'Object Repository/EDM/Gmail Page/textfield_searchbar' is visible

2019-07-12 09:55:17 - [TEST_STEP][PASSED] - setText: Text 'Marketplace Account Suspended' is set on object 'Object Repository/EDM/Gmail Page/textfield_searchbar'

2019-07-12 09:55:19 - [MESSAGE][PASSED] - Text 'Marketplace Account Suspended' is set on object 'Object Repository/EDM/Gmail Page/textfield_searchbar'

2019-07-12 09:55:19 - [TEST_STEP][PASSED] - sendKeys: Keys 'ENTER + ' sent to object: 'Object Repository/EDM/Gmail Page/textfield_searchbar'

2019-07-12 09:55:19 - [MESSAGE][PASSED] - Keys 'ENTER + ' sent to object: 'Object Repository/EDM/Gmail Page/textfield_searchbar'

2019-07-12 09:55:19 - [TEST_STEP][PASSED] - waitForElementVisible: Object 'Object Repository/EDM/Account Suspended/linktext_subject' is visible

2019-07-12 09:55:19 - [MESSAGE][WARNING] - Timeout '0' is invalid. Using default page load timeout: '30'

2019-07-12 09:55:20 - [MESSAGE][PASSED] - Object 'Object Repository/EDM/Account Suspended/linktext_subject' is visible

2019-07-12 09:55:20 - [TEST_STEP][PASSED] - click: Object: 'Object Repository/EDM/Account Suspended/linktext_subject' is clicked on

2019-07-12 09:55:20 - [MESSAGE][PASSED] - Object: 'Object Repository/EDM/Account Suspended/linktext_subject' is clicked on

2019-07-12 09:55:20 - [TEST_STEP][PASSED] - waitForElementVisible: Web element with id: 'Object Repository/EDM/Account Suspended/logo_marketplace' located by 'By.xpath: //div[7]/div[3]/div/div[2]/div[1]/div[2]/div/div/div/div/div[2]/div/div[1]/div/div[2]/div/table/tr/td[1]/div[2]/div[2]/div/div[3]/div/div/div/div/div/div[1]/div[2]/div[3]/div[3]/div/div[2]/div[2]/div[2]/div[2]/img' not found

2019-07-12 09:55:20 - [MESSAGE][WARNING] - Timeout '0' is invalid. Using default page load timeout: '30'

2019-07-12 09:55:52 - [MESSAGE][WARNING] - Web element with id: 'Object Repository/EDM/Account Suspended/logo_marketplace' located by 'By.xpath: //div[7]/div[3]/div/div[2]/div[1]/div[2]/div/div/div/div/div[2]/div/div[1]/div/div[2]/div/table/tr/td[1]/div[2]/div[2]/div/div[3]/div/div/div/div/div/div[1]/div[2]/div[3]/div[3]/div/div[2]/div[2]/div[2]/div[2]/img' not found

2019-07-12 09:55:52 - [TEST_STEP][FAILED] - verifyElementVisible: Web element with id: 'Object Repository/EDM/Account Suspended/textlabel_greetings' located by 'By.xpath: //div[7]/div[3]/div/div[2]/div[1]/div[2]/div/div/div/div/div[2]/div/div[1]/div/div[2]/div/table/tr/td[1]/div[2]/div[2]/div/div[3]/div/div/div/div/div/div[1]/div[2]/div[3]/div[3]/div/div[2]/div[2]/div[2]/div[3]/p[1]' not found

2019-07-12 09:56:28 - [MESSAGE][FAILED] - Web element with id: 'Object Repository/EDM/Account Suspended/textlabel_greetings' located by 'By.xpath: //div[7]/div[3]/div/div[2]/div[1]/div[2]/div/div/div/div/div[2]/div/div[1]/div/div[2]/div/table/tr/td[1]/div[2]/div[2]/div/div[3]/div/div/div/div/div/div[1]/div[2]/div[3]/div[3]/div/div[2]/div[2]/div[2]/div[3]/p[1]' not found
[[ATTACHMENT|C:\\Users\\April\\git\\Arctick\\Reports\\Admin\\EDMs\\accountSuspended\\20190712_095405\\1562896588028.png]]

2019-07-12 09:56:28 - [TEST_STEP][FAILED] - verifyElementVisible: Web element with id: 'Object Repository/EDM/Account Suspended/textlabel_content' located by 'By.xpath: //div[7]/div[3]/div/div[2]/div[1]/div[2]/div/div/div/div/div[2]/div/div[1]/div/div[2]/div/table/tr/td[1]/div[2]/div[2]/div/div[3]/div/div/div/div/div/div[1]/div[2]/div[3]/div[3]/div/div[2]/div[2]/div[2]/div[3]/p[2]' not found

2019-07-12 09:56:59 - [MESSAGE][FAILED] - Web element with id: 'Object Repository/EDM/Account Suspended/textlabel_content' located by 'By.xpath: //div[7]/div[3]/div/div[2]/div[1]/div[2]/div/div/div/div/div[2]/div/div[1]/div/div[2]/div/table/tr/td[1]/div[2]/div[2]/div/div[3]/div/div/div/div/div/div[1]/div[2]/div[3]/div[3]/div/div[2]/div[2]/div[2]/div[3]/p[2]' not found
[[ATTACHMENT|C:\\Users\\April\\git\\Arctick\\Reports\\Admin\\EDMs\\accountSuspended\\20190712_095405\\1562896619334.png]]

2019-07-12 09:56:59 - [TEST_STEP][FAILED] - verifyElementVisible: Web element with id: 'Object Repository/EDM/Account Suspended/textlabel_regards' located by 'By.xpath: //div[7]/div[3]/div/div[2]/div[1]/div[2]/div/div/div/div/div[2]/div/div[1]/div/div[2]/div/table/tr/td[1]/div[2]/div[2]/div/div[3]/div/div/div/div/div/div[1]/div[2]/div[3]/div[3]/div/div[2]/div[2]/div[2]/div[4]/p' not found

2019-07-12 09:57:30 - [MESSAGE][FAILED] - Web element with id: 'Object Repository/EDM/Account Suspended/textlabel_regards' located by 'By.xpath: //div[7]/div[3]/div/div[2]/div[1]/div[2]/div/div/div/div/div[2]/div/div[1]/div/div[2]/div/table/tr/td[1]/div[2]/div[2]/div/div[3]/div/div/div/div/div/div[1]/div[2]/div[3]/div[3]/div/div[2]/div[2]/div[2]/div[4]/p' not found
[[ATTACHMENT|C:\\Users\\April\\git\\Arctick\\Reports\\Admin\\EDMs\\accountSuspended\\20190712_095405\\1562896650635.png]]

2019-07-12 09:57:30 - [TEST_STEP][FAILED] - verifyElementText: com.kms.katalon.core.webui.exception.WebElementNotFoundException: Web element with id: 'Object Repository/EDM/Account Suspended/textlabel_greetings' located by 'By.xpath: //div[7]/div[3]/div/div[2]/div[1]/div[2]/div/div/div/div/div[2]/div/div[1]/div/div[2]/div/table/tr/td[1]/div[2]/div[2]/div/div[3]/div/div/div/div/div/div[1]/div[2]/div[3]/div[3]/div/div[2]/div[2]/div[2]/div[3]/p[1]' not found

2019-07-12 09:58:02 - [MESSAGE][FAILED] - com.kms.katalon.core.webui.exception.WebElementNotFoundException: Web element with id: 'Object Repository/EDM/Account Suspended/textlabel_greetings' located by 'By.xpath: //div[7]/div[3]/div/div[2]/div[1]/div[2]/div/div/div/div/div[2]/div/div[1]/div/div[2]/div/table/tr/td[1]/div[2]/div[2]/div/div[3]/div/div/div/div/div/div[1]/div[2]/div[3]/div[3]/div/div[2]/div[2]/div[2]/div[3]/p[1]' not found
[[ATTACHMENT|C:\\Users\\April\\git\\Arctick\\Reports\\Admin\\EDMs\\accountSuspended\\20190712_095405\\1562896682270.png]]

2019-07-12 09:58:02 - [TEST_STEP][FAILED] - verifyElementText: com.kms.katalon.core.webui.exception.WebElementNotFoundException: Web element with id: 'Object Repository/EDM/Account Suspended/textlabel_content' located by 'By.xpath: //div[7]/div[3]/div/div[2]/div[1]/div[2]/div/div/div/div/div[2]/div/div[1]/div/div[2]/div/table/tr/td[1]/div[2]/div[2]/div/div[3]/div/div/div/div/div/div[1]/div[2]/div[3]/div[3]/div/div[2]/div[2]/div[2]/div[3]/p[2]' not found

2019-07-12 09:58:34 - [MESSAGE][FAILED] - com.kms.katalon.core.webui.exception.WebElementNotFoundException: Web element with id: 'Object Repository/EDM/Account Suspended/textlabel_content' located by 'By.xpath: //div[7]/div[3]/div/div[2]/div[1]/div[2]/div/div/div/div/div[2]/div/div[1]/div/div[2]/div/table/tr/td[1]/div[2]/div[2]/div/div[3]/div/div/div/div/div/div[1]/div[2]/div[3]/div[3]/div/div[2]/div[2]/div[2]/div[3]/p[2]' not found
[[ATTACHMENT|C:\\Users\\April\\git\\Arctick\\Reports\\Admin\\EDMs\\accountSuspended\\20190712_095405\\1562896713752.png]]

2019-07-12 09:58:34 - [TEST_STEP][FAILED] - verifyElementText: com.kms.katalon.core.webui.exception.WebElementNotFoundException: Web element with id: 'Object Repository/EDM/Account Suspended/textlabel_regards' located by 'By.xpath: //div[7]/div[3]/div/div[2]/div[1]/div[2]/div/div/div/div/div[2]/div/div[1]/div/div[2]/div/table/tr/td[1]/div[2]/div[2]/div/div[3]/div/div/div/div/div/div[1]/div[2]/div[3]/div[3]/div/div[2]/div[2]/div[2]/div[4]/p' not found

2019-07-12 09:59:05 - [MESSAGE][FAILED] - com.kms.katalon.core.webui.exception.WebElementNotFoundException: Web element with id: 'Object Repository/EDM/Account Suspended/textlabel_regards' located by 'By.xpath: //div[7]/div[3]/div/div[2]/div[1]/div[2]/div/div/div/div/div[2]/div/div[1]/div/div[2]/div/table/tr/td[1]/div[2]/div[2]/div/div[3]/div/div/div/div/div/div[1]/div[2]/div[3]/div[3]/div/div[2]/div[2]/div[2]/div[4]/p' not found
[[ATTACHMENT|C:\\Users\\April\\git\\Arctick\\Reports\\Admin\\EDMs\\accountSuspended\\20190712_095405\\1562896745232.png]]]]></system-out>
         <system-err><![CDATA[2019-07-12 09:55:04 - [TEST_CASE][FAILED] - Test Cases/ADMIN/EDM Verification/Verification/Account Suspended: Test Cases/ADMIN/EDM Verification/Verification/Account Suspended FAILED because (of) Web element with id: 'Object Repository/EDM/Account Suspended/textlabel_greetings' located by 'By.xpath: //div[7]/div[3]/div/div[2]/div[1]/div[2]/div/div/div/div/div[2]/div/div[1]/div/div[2]/div/table/tr/td[1]/div[2]/div[2]/div/div[3]/div/div/div/div/div/div[1]/div[2]/div[3]/div[3]/div/div[2]/div[2]/div[2]/div[3]/p[1]' not found]]></system-err>
      </testcase>
      <system-out><![CDATA[2019-07-12 09:54:07 - [TEST_SUITE][FAILED] - accountSuspended: Test Cases/ADMIN/EDM Verification/Verification/Account Suspended FAILED because (of) Web element with id: 'Object Repository/EDM/Account Suspended/textlabel_greetings' located by 'By.xpath: //div[7]/div[3]/div/div[2]/div[1]/div[2]/div/div/div/div/div[2]/div/div[1]/div/div[2]/div/table/tr/td[1]/div[2]/div[2]/div/div[3]/div/div/div/div/div/div[1]/div[2]/div[3]/div[3]/div/div[2]/div[2]/div[2]/div[3]/p[1]' not found]]></system-out>
      <system-err><![CDATA[2019-07-12 09:54:07 - [TEST_SUITE][FAILED] - accountSuspended: Test Cases/ADMIN/EDM Verification/Verification/Account Suspended FAILED because (of) Web element with id: 'Object Repository/EDM/Account Suspended/textlabel_greetings' located by 'By.xpath: //div[7]/div[3]/div/div[2]/div[1]/div[2]/div/div/div/div/div[2]/div/div[1]/div/div[2]/div/table/tr/td[1]/div[2]/div[2]/div/div[3]/div/div/div/div/div/div[1]/div[2]/div[3]/div[3]/div/div[2]/div[2]/div[2]/div[3]/p[1]' not found]]></system-err>
   </testsuite>
</testsuites>
