<?xml version="1.0" encoding="UTF-8"?>
<testsuites name="Admin Onboarding Data Driven" time="326.047" tests="9" failures="0" errors="0">
   <testsuite name="Admin Onboarding Data Driven" tests="9" failures="0" errors="0" time="326.047" timestamp="2020-03-19 07:17:47" hostname="ARCADIER03 - 192.168.254.105" id="Test Suites/Admin/Admin Onboarding Data Driven">
      <properties>
         <property name="deviceName" value=""/>
         <property name="devicePlatform" value=""/>
         <property name="logFolder" value="C:\\Katalon\\Arctick\\Reports\\20200319_071744\\Admin\\Admin Onboarding Data Driven\\20200319_071744"/>
         <property name="logFiles" value="C:\\Katalon\\Arctick\\Reports\\20200319_071744\\Admin\\Admin Onboarding Data Driven\\20200319_071744\\execution0.log"/>
         <property name="attachments" value=""/>
         <property name="hostName" value="ARCADIER03 - 192.168.254.105"/>
         <property name="os" value="Windows 7 64bit"/>
         <property name="katalonVersion" value="7.2.6.1"/>
         <property name="browser" value="Chrome 80.0.3987.132"/>
         <property name="hostAddress" value="192.168.254.105"/>
         <property name="sessionId" value="98221eeddf5b75bc74a73dbeb793cca3"/>
         <property name="seleniumVersion" value="3.141.59"/>
         <property name="proxyInformation" value="ProxyInformation{proxyOption=NO_PROXY, proxyServerType=HTTP, password=, proxyServerAddress=, proxyServerPort=0, executionList=}"/>
         <property name="platform" value="Windows 7"/>
      </properties>
      <testcase name="Test Cases/ADMIN/Onboarding/Complete Onboarding" time="43.236" classname="Test Cases/ADMIN/Onboarding/Complete Onboarding" status="PASSED">
         <system-out><![CDATA[2020-03-19 07:17:48 - [TEST_CASE][PASSED] - Test Cases/ADMIN/Onboarding/Complete Onboarding: Test Cases/ADMIN/Onboarding/Complete Onboarding

2020-03-19 07:17:51 - [TEST_STEP][PASSED] - comment("Create Account"): Create Account

2020-03-19 07:17:51 - [MESSAGE][INFO] - Create Account

2020-03-19 07:17:51 - [TEST_STEP][PASSED] - openBrowser(""): Browser is opened with url: ''

2020-03-19 07:17:51 - [MESSAGE][INFO] - Starting 'Chrome' driver

2020-03-19 07:17:51 - [MESSAGE][INFO] - User set preference: ['args', '[--incognito]']

2020-03-19 07:17:51 - [MESSAGE][INFO] - Action delay is set to 0 seconds

2020-03-19 07:17:54 - [MESSAGE][PASSED] - Browser is opened with url: ''

2020-03-19 07:17:54 - [TEST_STEP][PASSED] - if (varServer == "Test"): Navigate to 'https://www.test.arcadier.io' successfully

2020-03-19 07:17:54 - [TEST_STEP][PASSED] - navigateToUrl("https://www.test.arcadier.io"): Navigate to 'https://www.test.arcadier.io' successfully

2020-03-19 07:17:55 - [MESSAGE][PASSED] - Navigate to 'https://www.test.arcadier.io' successfully

2020-03-19 07:17:55 - [TEST_STEP][PASSED] - maximizeWindow(): Current window maximized

2020-03-19 07:17:56 - [MESSAGE][PASSED] - Current window maximized

2020-03-19 07:17:56 - [TEST_STEP][PASSED] - if (varAccountType == "custom"): Object: 'Object Repository/ADMIN/Admin Onboarding Page/Admin Onboarding CustomAcc/Button_Sign_Up' is clicked on

2020-03-19 07:17:56 - [TEST_STEP][PASSED] - click(findTestObject("ADMIN/Admin Onboarding Page/Create_Account_Page/Button_Create_Account")): Object: 'Object Repository/ADMIN/Admin Onboarding Page/Create_Account_Page/Button_Create_Account' is clicked on

2020-03-19 07:17:57 - [MESSAGE][PASSED] - Object: 'Object Repository/ADMIN/Admin Onboarding Page/Create_Account_Page/Button_Create_Account' is clicked on

2020-03-19 07:17:57 - [TEST_STEP][PASSED] - verifyElementPresent(findTestObject("ADMIN/Admin Onboarding Page/Admin Onboarding CustomAcc/Textbox_Username"), 0): Object 'Object Repository/ADMIN/Admin Onboarding Page/Admin Onboarding CustomAcc/Textbox_Username' is present

2020-03-19 07:17:57 - [MESSAGE][WARNING] - Timeout '0' is invalid. Using default page load timeout: '30'

2020-03-19 07:17:57 - [MESSAGE][PASSED] - Object 'Object Repository/ADMIN/Admin Onboarding Page/Admin Onboarding CustomAcc/Textbox_Username' is present

2020-03-19 07:17:57 - [TEST_STEP][PASSED] - setText(findTestObject("ADMIN/Admin Onboarding Page/Admin Onboarding CustomAcc/Textbox_Username"), varUsername): Text '0319BasicMonthlyBP' is set on object 'Object Repository/ADMIN/Admin Onboarding Page/Admin Onboarding CustomAcc/Textbox_Username'

2020-03-19 07:17:57 - [MESSAGE][PASSED] - Text '0319BasicMonthlyBP' is set on object 'Object Repository/ADMIN/Admin Onboarding Page/Admin Onboarding CustomAcc/Textbox_Username'

2020-03-19 07:17:57 - [TEST_STEP][PASSED] - setText(findTestObject("ADMIN/Admin Onboarding Page/Admin Onboarding CustomAcc/Textbox_Password"), "welcome8"): Text 'welcome8' is set on object 'Object Repository/ADMIN/Admin Onboarding Page/Admin Onboarding CustomAcc/Textbox_Password'

2020-03-19 07:17:58 - [MESSAGE][PASSED] - Text 'welcome8' is set on object 'Object Repository/ADMIN/Admin Onboarding Page/Admin Onboarding CustomAcc/Textbox_Password'

2020-03-19 07:17:58 - [TEST_STEP][PASSED] - setText(findTestObject("ADMIN/Admin Onboarding Page/Admin Onboarding CustomAcc/Textbox_Reconfirm_Password"), "welcome8"): Text 'welcome8' is set on object 'Object Repository/ADMIN/Admin Onboarding Page/Admin Onboarding CustomAcc/Textbox_Reconfirm_Password'

2020-03-19 07:17:58 - [MESSAGE][PASSED] - Text 'welcome8' is set on object 'Object Repository/ADMIN/Admin Onboarding Page/Admin Onboarding CustomAcc/Textbox_Reconfirm_Password'

2020-03-19 07:17:58 - [TEST_STEP][PASSED] - click(findTestObject("ADMIN/Admin Onboarding Page/Admin Onboarding CustomAcc/Button_Sign_Up")): Object: 'Object Repository/ADMIN/Admin Onboarding Page/Admin Onboarding CustomAcc/Button_Sign_Up' is clicked on

2020-03-19 07:18:00 - [MESSAGE][PASSED] - Object: 'Object Repository/ADMIN/Admin Onboarding Page/Admin Onboarding CustomAcc/Button_Sign_Up' is clicked on

2020-03-19 07:18:00 - [TEST_STEP][PASSED] - comment("Step 1"): Step 1

2020-03-19 07:18:00 - [MESSAGE][INFO] - Step 1

2020-03-19 07:18:00 - [TEST_STEP][PASSED] - selectOptionByLabel(findTestObject("ADMIN/Admin Onboarding Page/Admin_Onboarding_Step1/1stDropdown_Please select one...Im"), "I’m managing them offline", false): All options with label 'I’m managing them offline' are selected in object 'Object Repository/ADMIN/Admin Onboarding Page/Admin_Onboarding_Step1/1stDropdown_Please select one...Im' 

2020-03-19 07:18:00 - [MESSAGE][PASSED] - All options with label 'I’m managing them offline' are selected in object 'Object Repository/ADMIN/Admin Onboarding Page/Admin_Onboarding_Step1/1stDropdown_Please select one...Im' 

2020-03-19 07:18:00 - [TEST_STEP][PASSED] - selectOptionByLabel(findTestObject("ADMIN/Admin Onboarding Page/Admin_Onboarding_Step1/2ndDropdown_Please select one...Don"), "Something else!", false): All options with label 'Something else!' are selected in object 'Object Repository/ADMIN/Admin Onboarding Page/Admin_Onboarding_Step1/2ndDropdown_Please select one...Don' 

2020-03-19 07:18:01 - [MESSAGE][PASSED] - All options with label 'Something else!' are selected in object 'Object Repository/ADMIN/Admin Onboarding Page/Admin_Onboarding_Step1/2ndDropdown_Please select one...Don' 

2020-03-19 07:18:01 - [TEST_STEP][PASSED] - setText(findTestObject("ADMIN/Admin Onboarding Page/Admin_Onboarding_Step1/2nddropdown_textbox_OtherMarketplaceType"), "Marketplace"): Text 'Marketplace' is set on object 'Object Repository/ADMIN/Admin Onboarding Page/Admin_Onboarding_Step1/2nddropdown_textbox_OtherMarketplaceType'

2020-03-19 07:18:01 - [MESSAGE][PASSED] - Text 'Marketplace' is set on object 'Object Repository/ADMIN/Admin Onboarding Page/Admin_Onboarding_Step1/2nddropdown_textbox_OtherMarketplaceType'

2020-03-19 07:18:01 - [TEST_STEP][PASSED] - selectOptionByLabel(findTestObject("ADMIN/Admin Onboarding Page/Admin_Onboarding_Step1/3rdDropdown_Im an individualIm work"), "Someone else!", false): All options with label 'Someone else!' are selected in object 'Object Repository/ADMIN/Admin Onboarding Page/Admin_Onboarding_Step1/3rdDropdown_Im an individualIm work' 

2020-03-19 07:18:02 - [MESSAGE][PASSED] - All options with label 'Someone else!' are selected in object 'Object Repository/ADMIN/Admin Onboarding Page/Admin_Onboarding_Step1/3rdDropdown_Im an individualIm work' 

2020-03-19 07:18:02 - [TEST_STEP][PASSED] - setText(findTestObject("ADMIN/Admin Onboarding Page/Admin_Onboarding_Step1/3rddropdown_textbox_OtherEntityType"), "Business Man"): Text 'Business Man' is set on object 'Object Repository/ADMIN/Admin Onboarding Page/Admin_Onboarding_Step1/3rddropdown_textbox_OtherEntityType'

2020-03-19 07:18:02 - [MESSAGE][PASSED] - Text 'Business Man' is set on object 'Object Repository/ADMIN/Admin Onboarding Page/Admin_Onboarding_Step1/3rddropdown_textbox_OtherEntityType'

2020-03-19 07:18:02 - [TEST_STEP][PASSED] - setText(findTestObject("ADMIN/Admin Onboarding Page/Admin_Onboarding_Step1/3rddropdown_textbox_OtherEntityType"), "Business Man"): Text 'Business Man' is set on object 'Object Repository/ADMIN/Admin Onboarding Page/Admin_Onboarding_Step1/3rddropdown_textbox_OtherEntityType'

2020-03-19 07:18:02 - [MESSAGE][PASSED] - Text 'Business Man' is set on object 'Object Repository/ADMIN/Admin Onboarding Page/Admin_Onboarding_Step1/3rddropdown_textbox_OtherEntityType'

2020-03-19 07:18:02 - [TEST_STEP][PASSED] - click(findTestObject("ADMIN/Admin Onboarding Page/Admin_Onboarding_Step1/Button_NEXT_Step1")): Object: 'Object Repository/ADMIN/Admin Onboarding Page/Admin_Onboarding_Step1/Button_NEXT_Step1' is clicked on

2020-03-19 07:18:03 - [MESSAGE][PASSED] - Object: 'Object Repository/ADMIN/Admin Onboarding Page/Admin_Onboarding_Step1/Button_NEXT_Step1' is clicked on

2020-03-19 07:18:03 - [TEST_STEP][PASSED] - comment("Step 2"): Step 2

2020-03-19 07:18:03 - [MESSAGE][INFO] - Step 2

2020-03-19 07:18:03 - [TEST_STEP][PASSED] - waitForElementVisible(findTestObject("ADMIN/Admin Onboarding Page/Admin_Onboarding_Step2/Textlabel_We will like to know mor"), 0): Object 'Object Repository/ADMIN/Admin Onboarding Page/Admin_Onboarding_Step2/Textlabel_We will like to know mor' is visible

2020-03-19 07:18:03 - [MESSAGE][WARNING] - Timeout '0' is invalid. Using default page load timeout: '30'

2020-03-19 07:18:03 - [MESSAGE][PASSED] - Object 'Object Repository/ADMIN/Admin Onboarding Page/Admin_Onboarding_Step2/Textlabel_We will like to know mor' is visible

2020-03-19 07:18:03 - [TEST_STEP][PASSED] - setText(findTestObject("ADMIN/Admin Onboarding Page/Admin_Onboarding_Step2/Textbox_FirstName"), varFName): Text '0319BasicMonthlyBP' is set on object 'Object Repository/ADMIN/Admin Onboarding Page/Admin_Onboarding_Step2/Textbox_FirstName'

2020-03-19 07:18:04 - [MESSAGE][PASSED] - Text '0319BasicMonthlyBP' is set on object 'Object Repository/ADMIN/Admin Onboarding Page/Admin_Onboarding_Step2/Textbox_FirstName'

2020-03-19 07:18:04 - [TEST_STEP][PASSED] - setText(findTestObject("ADMIN/Admin Onboarding Page/Admin_Onboarding_Step2/Textbox_LastName"), varLName): Text 'Marketplace' is set on object 'Object Repository/ADMIN/Admin Onboarding Page/Admin_Onboarding_Step2/Textbox_LastName'

2020-03-19 07:18:04 - [MESSAGE][PASSED] - Text 'Marketplace' is set on object 'Object Repository/ADMIN/Admin Onboarding Page/Admin_Onboarding_Step2/Textbox_LastName'

2020-03-19 07:18:04 - [TEST_STEP][PASSED] - setText(findTestObject("ADMIN/Admin Onboarding Page/Admin_Onboarding_Step2/Textbox_Email"), varEmail): Text 'arcadierteam@gmail.com' is set on object 'Object Repository/ADMIN/Admin Onboarding Page/Admin_Onboarding_Step2/Textbox_Email'

2020-03-19 07:18:04 - [MESSAGE][PASSED] - Text 'arcadierteam@gmail.com' is set on object 'Object Repository/ADMIN/Admin Onboarding Page/Admin_Onboarding_Step2/Textbox_Email'

2020-03-19 07:18:04 - [TEST_STEP][PASSED] - delay(1): Delayed 1 second(s)

2020-03-19 07:18:05 - [MESSAGE][PASSED] - Delayed 1 second(s)

2020-03-19 07:18:05 - [TEST_STEP][PASSED] - selectOptionByLabel(findTestObject("ADMIN/Admin Onboarding Page/Admin_Onboarding_Step2/Country_Dropdown"), varCountry, false): All options with label 'Italy' are selected in object 'Object Repository/ADMIN/Admin Onboarding Page/Admin_Onboarding_Step2/Country_Dropdown' 

2020-03-19 07:18:06 - [MESSAGE][PASSED] - All options with label 'Italy' are selected in object 'Object Repository/ADMIN/Admin Onboarding Page/Admin_Onboarding_Step2/Country_Dropdown' 

2020-03-19 07:18:06 - [TEST_STEP][PASSED] - setText(findTestObject("ADMIN/Admin Onboarding Page/Admin_Onboarding_Step2/Address_Line1"), varAddress1): Text 'Strada Statale 130' is set on object 'Object Repository/ADMIN/Admin Onboarding Page/Admin_Onboarding_Step2/Address_Line1'

2020-03-19 07:18:06 - [MESSAGE][PASSED] - Text 'Strada Statale 130' is set on object 'Object Repository/ADMIN/Admin Onboarding Page/Admin_Onboarding_Step2/Address_Line1'

2020-03-19 07:18:06 - [TEST_STEP][PASSED] - setText(findTestObject("ADMIN/Admin Onboarding Page/Admin_Onboarding_Step2/Address_Line2"), varAddress2): Text 'Dorzano, Biella 13881' is set on object 'Object Repository/ADMIN/Admin Onboarding Page/Admin_Onboarding_Step2/Address_Line2'

2020-03-19 07:18:07 - [MESSAGE][PASSED] - Text 'Dorzano, Biella 13881' is set on object 'Object Repository/ADMIN/Admin Onboarding Page/Admin_Onboarding_Step2/Address_Line2'

2020-03-19 07:18:07 - [TEST_STEP][PASSED] - setText(findTestObject("ADMIN/Admin Onboarding Page/Admin_Onboarding_Step2/Textbox_PhoneNumber"), varContactNumber): Text '+631234567890' is set on object 'Object Repository/ADMIN/Admin Onboarding Page/Admin_Onboarding_Step2/Textbox_PhoneNumber'

2020-03-19 07:18:07 - [MESSAGE][PASSED] - Text '+631234567890' is set on object 'Object Repository/ADMIN/Admin Onboarding Page/Admin_Onboarding_Step2/Textbox_PhoneNumber'

2020-03-19 07:18:07 - [TEST_STEP][PASSED] - click(findTestObject("ADMIN/Admin Onboarding Page/Admin_Onboarding_Step2/Button_Next_Step2"), CONTINUE_ON_FAILURE): Object: 'Object Repository/ADMIN/Admin Onboarding Page/Admin_Onboarding_Step2/Button_Next_Step2' is clicked on

2020-03-19 07:18:08 - [MESSAGE][PASSED] - Object: 'Object Repository/ADMIN/Admin Onboarding Page/Admin_Onboarding_Step2/Button_Next_Step2' is clicked on

2020-03-19 07:18:08 - [TEST_STEP][PASSED] - comment("Step 3"): Step 3

2020-03-19 07:18:08 - [MESSAGE][INFO] - Step 3

2020-03-19 07:18:08 - [TEST_STEP][PASSED] - waitForElementVisible(findTestObject("ADMIN/Admin Onboarding Page/Admin_Onboarding_Step3/TextLabel_What type of marketplace"), 0): Object 'Object Repository/ADMIN/Admin Onboarding Page/Admin_Onboarding_Step3/TextLabel_What type of marketplace' is visible

2020-03-19 07:18:08 - [MESSAGE][WARNING] - Timeout '0' is invalid. Using default page load timeout: '30'

2020-03-19 07:18:08 - [MESSAGE][PASSED] - Object 'Object Repository/ADMIN/Admin Onboarding Page/Admin_Onboarding_Step3/TextLabel_What type of marketplace' is visible

2020-03-19 07:18:08 - [TEST_STEP][PASSED] - delay(1): Delayed 1 second(s)

2020-03-19 07:18:09 - [MESSAGE][PASSED] - Delayed 1 second(s)

2020-03-19 07:18:09 - [TEST_STEP][PASSED] - if (varTemplate == "Bespoke"): Object: 'Object Repository/ADMIN/Admin Onboarding Page/Admin_Onboarding_Step3/Button_Retail_Goods_Select' is clicked on

2020-03-19 07:18:09 - [TEST_STEP][PASSED] - mouseOver(findTestObject("ADMIN/Admin Onboarding Page/Admin_Onboarding_Step3/Textlabel_Retail Goods")): Object: 'Object Repository/ADMIN/Admin Onboarding Page/Admin_Onboarding_Step3/Textlabel_Retail Goods' is hovered

2020-03-19 07:18:10 - [MESSAGE][PASSED] - Object: 'Object Repository/ADMIN/Admin Onboarding Page/Admin_Onboarding_Step3/Textlabel_Retail Goods' is hovered

2020-03-19 07:18:10 - [TEST_STEP][PASSED] - delay(1): Delayed 1 second(s)

2020-03-19 07:18:11 - [MESSAGE][PASSED] - Delayed 1 second(s)

2020-03-19 07:18:11 - [TEST_STEP][PASSED] - click(findTestObject("ADMIN/Admin Onboarding Page/Admin_Onboarding_Step3/Button_Retail_Goods_Select")): Object: 'Object Repository/ADMIN/Admin Onboarding Page/Admin_Onboarding_Step3/Button_Retail_Goods_Select' is clicked on

2020-03-19 07:18:12 - [MESSAGE][PASSED] - Object: 'Object Repository/ADMIN/Admin Onboarding Page/Admin_Onboarding_Step3/Button_Retail_Goods_Select' is clicked on

2020-03-19 07:18:12 - [TEST_STEP][PASSED] - comment("Step 4"): Step 4

2020-03-19 07:18:12 - [MESSAGE][INFO] - Step 4

2020-03-19 07:18:12 - [TEST_STEP][PASSED] - uploadFile(findTestObject("ADMIN/Admin Onboarding Page/Admin_Onboarding_Step4/Button_Browse_Step4"), varLogo): File 'C:\\Katalon\\Arctick\\Images\\LogoLayout\\logo2.jpg' sent to object: 'Object Repository/ADMIN/Admin Onboarding Page/Admin_Onboarding_Step4/Button_Browse_Step4'

2020-03-19 07:18:12 - [MESSAGE][PASSED] - File 'C:\\Katalon\\Arctick\\Images\\LogoLayout\\logo2.jpg' sent to object: 'Object Repository/ADMIN/Admin Onboarding Page/Admin_Onboarding_Step4/Button_Browse_Step4'

2020-03-19 07:18:12 - [TEST_STEP][PASSED] - setText(findTestObject("ADMIN/Admin Onboarding Page/Admin_Onboarding_Step4/Textbox_Marketplace_Name"), varUsername): Text '0319BasicMonthlyBP' is set on object 'Object Repository/ADMIN/Admin Onboarding Page/Admin_Onboarding_Step4/Textbox_Marketplace_Name'

2020-03-19 07:18:12 - [MESSAGE][PASSED] - Text '0319BasicMonthlyBP' is set on object 'Object Repository/ADMIN/Admin Onboarding Page/Admin_Onboarding_Step4/Textbox_Marketplace_Name'

2020-03-19 07:18:12 - [TEST_STEP][PASSED] - setText(findTestObject("ADMIN/Admin Onboarding Page/Admin_Onboarding_Step4/Textbox_Slogan"), varTheme): Text 'Theme 2' is set on object 'Object Repository/ADMIN/Admin Onboarding Page/Admin_Onboarding_Step4/Textbox_Slogan'

2020-03-19 07:18:13 - [MESSAGE][PASSED] - Text 'Theme 2' is set on object 'Object Repository/ADMIN/Admin Onboarding Page/Admin_Onboarding_Step4/Textbox_Slogan'

2020-03-19 07:18:13 - [TEST_STEP][PASSED] - setText(findTestObject("ADMIN/Admin Onboarding Page/Admin_Onboarding_Step4/Textbox_ContactNumber"), varContactNumber): Text '+631234567890' is set on object 'Object Repository/ADMIN/Admin Onboarding Page/Admin_Onboarding_Step4/Textbox_ContactNumber'

2020-03-19 07:18:13 - [MESSAGE][PASSED] - Text '+631234567890' is set on object 'Object Repository/ADMIN/Admin Onboarding Page/Admin_Onboarding_Step4/Textbox_ContactNumber'

2020-03-19 07:18:13 - [TEST_STEP][PASSED] - setText(findTestObject("ADMIN/Admin Onboarding Page/Admin_Onboarding_Step4/Textbox_ContactEmail"), varEmail): Text 'arcadierteam@gmail.com' is set on object 'Object Repository/ADMIN/Admin Onboarding Page/Admin_Onboarding_Step4/Textbox_ContactEmail'

2020-03-19 07:18:13 - [MESSAGE][PASSED] - Text 'arcadierteam@gmail.com' is set on object 'Object Repository/ADMIN/Admin Onboarding Page/Admin_Onboarding_Step4/Textbox_ContactEmail'

2020-03-19 07:18:13 - [TEST_STEP][PASSED] - click(findTestObject("ADMIN/Admin Onboarding Page/Admin_Onboarding_Step4/Button_Next_Step4"), CONTINUE_ON_FAILURE): Object: 'Object Repository/ADMIN/Admin Onboarding Page/Admin_Onboarding_Step4/Button_Next_Step4' is clicked on

2020-03-19 07:18:13 - [MESSAGE][PASSED] - Object: 'Object Repository/ADMIN/Admin Onboarding Page/Admin_Onboarding_Step4/Button_Next_Step4' is clicked on

2020-03-19 07:18:13 - [TEST_STEP][PASSED] - comment("Step 5"): Step 5

2020-03-19 07:18:13 - [MESSAGE][INFO] - Step 5

2020-03-19 07:18:13 - [TEST_STEP][PASSED] - waitForElementVisible(findTestObject("ADMIN/Admin Onboarding Page/Admin_Onboarding_Step5/h1_5. Preview  pick out a mark"), 0): Object 'Object Repository/ADMIN/Admin Onboarding Page/Admin_Onboarding_Step5/h1_5. Preview  pick out a mark' is visible

2020-03-19 07:18:13 - [MESSAGE][WARNING] - Timeout '0' is invalid. Using default page load timeout: '30'

2020-03-19 07:18:14 - [MESSAGE][PASSED] - Object 'Object Repository/ADMIN/Admin Onboarding Page/Admin_Onboarding_Step5/h1_5. Preview  pick out a mark' is visible

2020-03-19 07:18:14 - [TEST_STEP][PASSED] - if (varTemplate == "Bespoke"): Object: 'Object Repository/ADMIN/Admin Onboarding Page/Admin_Onboarding_Step5/Bespoke_Theme_Selection/Theme2_select' is clicked on

2020-03-19 07:18:14 - [TEST_STEP][PASSED] - if (varTheme == "Theme 1"): null

2020-03-19 07:18:14 - [TEST_STEP][PASSED] - else if (varTheme == "Theme 2"): Object: 'Object Repository/ADMIN/Admin Onboarding Page/Admin_Onboarding_Step5/Bespoke_Theme_Selection/Theme2_select' is clicked on

2020-03-19 07:18:14 - [TEST_STEP][PASSED] - click(findTestObject("ADMIN/Admin Onboarding Page/Admin_Onboarding_Step5/Bespoke_Theme_Selection/Theme2_select")): Object: 'Object Repository/ADMIN/Admin Onboarding Page/Admin_Onboarding_Step5/Bespoke_Theme_Selection/Theme2_select' is clicked on

2020-03-19 07:18:15 - [MESSAGE][PASSED] - Object: 'Object Repository/ADMIN/Admin Onboarding Page/Admin_Onboarding_Step5/Bespoke_Theme_Selection/Theme2_select' is clicked on

2020-03-19 07:18:15 - [TEST_STEP][PASSED] - click(findTestObject("ADMIN/Admin Onboarding Page/Admin_Onboarding_Step5/Button_Next_Step5")): Object: 'Object Repository/ADMIN/Admin Onboarding Page/Admin_Onboarding_Step5/Button_Next_Step5' is clicked on

2020-03-19 07:18:16 - [MESSAGE][PASSED] - Object: 'Object Repository/ADMIN/Admin Onboarding Page/Admin_Onboarding_Step5/Button_Next_Step5' is clicked on

2020-03-19 07:18:16 - [TEST_STEP][PASSED] - comment("Step 6"): Step 6

2020-03-19 07:18:16 - [MESSAGE][INFO] - Step 6

2020-03-19 07:18:16 - [TEST_STEP][PASSED] - waitForElementVisible(findTestObject("ADMIN/Admin Onboarding Page/Admin_Onboarding_Step6/Textlabel_Select your marketplace"), 0): Object 'Object Repository/ADMIN/Admin Onboarding Page/Admin_Onboarding_Step6/Textlabel_Select your marketplace' is visible

2020-03-19 07:18:16 - [MESSAGE][WARNING] - Timeout '0' is invalid. Using default page load timeout: '30'

2020-03-19 07:18:17 - [MESSAGE][PASSED] - Object 'Object Repository/ADMIN/Admin Onboarding Page/Admin_Onboarding_Step6/Textlabel_Select your marketplace' is visible

2020-03-19 07:18:17 - [TEST_STEP][PASSED] - click(findTestObject("ADMIN/Admin Onboarding Page/Admin_Onboarding_Step6/Button_Browse_Step6"), CONTINUE_ON_FAILURE): Object: 'Object Repository/ADMIN/Admin Onboarding Page/Admin_Onboarding_Step6/Button_Browse_Step6' is clicked on

2020-03-19 07:18:17 - [MESSAGE][PASSED] - Object: 'Object Repository/ADMIN/Admin Onboarding Page/Admin_Onboarding_Step6/Button_Browse_Step6' is clicked on

2020-03-19 07:18:17 - [TEST_STEP][PASSED] - delay(2): Delayed 2 second(s)

2020-03-19 07:18:19 - [MESSAGE][PASSED] - Delayed 2 second(s)

2020-03-19 07:18:19 - [TEST_STEP][PASSED] - uploadFile(findTestObject("ADMIN/Admin Onboarding Page/Admin_Onboarding_Step6/Image_Container"), varCoverImage): File 'C:\\Katalon\\Arctick\\Images\\LogoLayout\\coverimage3.jpg' sent to object: 'Object Repository/ADMIN/Admin Onboarding Page/Admin_Onboarding_Step6/Image_Container'

2020-03-19 07:18:19 - [MESSAGE][PASSED] - File 'C:\\Katalon\\Arctick\\Images\\LogoLayout\\coverimage3.jpg' sent to object: 'Object Repository/ADMIN/Admin Onboarding Page/Admin_Onboarding_Step6/Image_Container'

2020-03-19 07:18:19 - [TEST_STEP][PASSED] - waitForElementVisible(findTestObject("ADMIN/Admin Onboarding Page/Admin_Onboarding_Step6/Image Cropper/div_btn btn-success btn-ok"), 0): Object 'Object Repository/ADMIN/Admin Onboarding Page/Admin_Onboarding_Step6/Image Cropper/div_btn btn-success btn-ok' is visible

2020-03-19 07:18:19 - [MESSAGE][WARNING] - Timeout '0' is invalid. Using default page load timeout: '30'

2020-03-19 07:18:19 - [MESSAGE][PASSED] - Object 'Object Repository/ADMIN/Admin Onboarding Page/Admin_Onboarding_Step6/Image Cropper/div_btn btn-success btn-ok' is visible

2020-03-19 07:18:19 - [TEST_STEP][PASSED] - click(findTestObject("ADMIN/Admin Onboarding Page/Admin_Onboarding_Step6/Image Cropper/div_btn btn-success btn-ok"), CONTINUE_ON_FAILURE): Object: 'Object Repository/ADMIN/Admin Onboarding Page/Admin_Onboarding_Step6/Image Cropper/div_btn btn-success btn-ok' is clicked on

2020-03-19 07:18:19 - [MESSAGE][PASSED] - Object: 'Object Repository/ADMIN/Admin Onboarding Page/Admin_Onboarding_Step6/Image Cropper/div_btn btn-success btn-ok' is clicked on

2020-03-19 07:18:19 - [TEST_STEP][PASSED] - waitForElementVisible(findTestObject("ADMIN/Admin Onboarding Page/Admin_Onboarding_Step6/Image Cropper/a_Save Photo"), 0): Object 'Object Repository/ADMIN/Admin Onboarding Page/Admin_Onboarding_Step6/Image Cropper/a_Save Photo' is visible

2020-03-19 07:18:20 - [MESSAGE][WARNING] - Timeout '0' is invalid. Using default page load timeout: '30'

2020-03-19 07:18:20 - [MESSAGE][PASSED] - Object 'Object Repository/ADMIN/Admin Onboarding Page/Admin_Onboarding_Step6/Image Cropper/a_Save Photo' is visible

2020-03-19 07:18:20 - [TEST_STEP][PASSED] - click(findTestObject("ADMIN/Admin Onboarding Page/Admin_Onboarding_Step6/Image Cropper/a_Save Photo"), CONTINUE_ON_FAILURE): Object: 'Object Repository/ADMIN/Admin Onboarding Page/Admin_Onboarding_Step6/Image Cropper/a_Save Photo' is clicked on

2020-03-19 07:18:20 - [MESSAGE][PASSED] - Object: 'Object Repository/ADMIN/Admin Onboarding Page/Admin_Onboarding_Step6/Image Cropper/a_Save Photo' is clicked on

2020-03-19 07:18:20 - [TEST_STEP][PASSED] - delay(1): Delayed 1 second(s)

2020-03-19 07:18:21 - [MESSAGE][PASSED] - Delayed 1 second(s)

2020-03-19 07:18:21 - [TEST_STEP][PASSED] - click(findTestObject("ADMIN/Admin Onboarding Page/Admin_Onboarding_Step6/Button_Next_Step6"), CONTINUE_ON_FAILURE): Object: 'Object Repository/ADMIN/Admin Onboarding Page/Admin_Onboarding_Step6/Button_Next_Step6' is clicked on

2020-03-19 07:18:21 - [MESSAGE][PASSED] - Object: 'Object Repository/ADMIN/Admin Onboarding Page/Admin_Onboarding_Step6/Button_Next_Step6' is clicked on

2020-03-19 07:18:21 - [TEST_STEP][PASSED] - comment("Step 7 (editable variables)"): Step 7 (editable variables)

2020-03-19 07:18:21 - [MESSAGE][INFO] - Step 7 (editable variables)

2020-03-19 07:18:21 - [TEST_STEP][PASSED] - waitForElementVisible(findTestObject("ADMIN/Admin Onboarding Page/Admin_Onboarding_Step7/Textlabel_7. Now how would you like t"), 0): Object 'Object Repository/ADMIN/Admin Onboarding Page/Admin_Onboarding_Step7/Textlabel_7. Now how would you like t' is visible

2020-03-19 07:18:21 - [MESSAGE][WARNING] - Timeout '0' is invalid. Using default page load timeout: '30'

2020-03-19 07:18:24 - [MESSAGE][PASSED] - Object 'Object Repository/ADMIN/Admin Onboarding Page/Admin_Onboarding_Step7/Textlabel_7. Now how would you like t' is visible

2020-03-19 07:18:24 - [TEST_STEP][PASSED] - selectOptionByLabel(findTestObject("ADMIN/Admin Onboarding Page/Admin_Onboarding_Step7/Dropdown_Currency"), varCurrency, false): All options with label 'SGD' are selected in object 'Object Repository/ADMIN/Admin Onboarding Page/Admin_Onboarding_Step7/Dropdown_Currency' 

2020-03-19 07:18:24 - [MESSAGE][PASSED] - All options with label 'SGD' are selected in object 'Object Repository/ADMIN/Admin Onboarding Page/Admin_Onboarding_Step7/Dropdown_Currency' 

2020-03-19 07:18:24 - [TEST_STEP][PASSED] - setText(findTestObject("ADMIN/Admin Onboarding Page/Admin_Onboarding_Step7/Textbox_TransactionFee"), varAdminFee): Text '100' is set on object 'Object Repository/ADMIN/Admin Onboarding Page/Admin_Onboarding_Step7/Textbox_TransactionFee'

2020-03-19 07:18:24 - [MESSAGE][PASSED] - Text '100' is set on object 'Object Repository/ADMIN/Admin Onboarding Page/Admin_Onboarding_Step7/Textbox_TransactionFee'

2020-03-19 07:18:24 - [TEST_STEP][PASSED] - click(findTestObject("ADMIN/Admin Onboarding Page/Admin_Onboarding_Step7/Button_Next_Step7"), CONTINUE_ON_FAILURE): Object: 'Object Repository/ADMIN/Admin Onboarding Page/Admin_Onboarding_Step7/Button_Next_Step7' is clicked on

2020-03-19 07:18:26 - [MESSAGE][PASSED] - Object: 'Object Repository/ADMIN/Admin Onboarding Page/Admin_Onboarding_Step7/Button_Next_Step7' is clicked on

2020-03-19 07:18:26 - [TEST_STEP][PASSED] - comment("Step 8"): Step 8

2020-03-19 07:18:26 - [MESSAGE][INFO] - Step 8

2020-03-19 07:18:26 - [TEST_STEP][PASSED] - waitForElementVisible(findTestObject("ADMIN/Admin Onboarding Page/Admin_Onboarding_Step8/Textlabel_Review your marketplace pol"), 0): Object 'Object Repository/ADMIN/Admin Onboarding Page/Admin_Onboarding_Step8/Textlabel_Review your marketplace pol' is visible

2020-03-19 07:18:26 - [MESSAGE][WARNING] - Timeout '0' is invalid. Using default page load timeout: '30'

2020-03-19 07:18:27 - [MESSAGE][PASSED] - Object 'Object Repository/ADMIN/Admin Onboarding Page/Admin_Onboarding_Step8/Textlabel_Review your marketplace pol' is visible

2020-03-19 07:18:27 - [TEST_STEP][PASSED] - comment("Checkbox Return Policy"): Checkbox Return Policy

2020-03-19 07:18:27 - [MESSAGE][INFO] - Checkbox Return Policy

2020-03-19 07:18:27 - [TEST_STEP][PASSED] - click(findTestObject("ADMIN/Admin Onboarding Page/Admin_Onboarding_Step8/Checkbox_ReturnPolicy")): Object: 'Object Repository/ADMIN/Admin Onboarding Page/Admin_Onboarding_Step8/Checkbox_ReturnPolicy' is clicked on

2020-03-19 07:18:27 - [MESSAGE][PASSED] - Object: 'Object Repository/ADMIN/Admin Onboarding Page/Admin_Onboarding_Step8/Checkbox_ReturnPolicy' is clicked on

2020-03-19 07:18:27 - [TEST_STEP][PASSED] - comment("Terms and Condition"): Terms and Condition

2020-03-19 07:18:27 - [MESSAGE][INFO] - Terms and Condition

2020-03-19 07:18:27 - [TEST_STEP][PASSED] - click(findTestObject("ADMIN/Admin Onboarding Page/Admin_Onboarding_Step8/Checkbox_IsAgreed")): Object: 'Object Repository/ADMIN/Admin Onboarding Page/Admin_Onboarding_Step8/Checkbox_IsAgreed' is clicked on

2020-03-19 07:18:27 - [MESSAGE][PASSED] - Object: 'Object Repository/ADMIN/Admin Onboarding Page/Admin_Onboarding_Step8/Checkbox_IsAgreed' is clicked on

2020-03-19 07:18:27 - [TEST_STEP][PASSED] - click(findTestObject("ADMIN/Admin Onboarding Page/Admin_Onboarding_Step8/Button_Next_Step8")): Object: 'Object Repository/ADMIN/Admin Onboarding Page/Admin_Onboarding_Step8/Button_Next_Step8' is clicked on

2020-03-19 07:18:31 - [MESSAGE][PASSED] - Object: 'Object Repository/ADMIN/Admin Onboarding Page/Admin_Onboarding_Step8/Button_Next_Step8' is clicked on]]></system-out>
         <system-err><![CDATA[]]></system-err>
      </testcase>
      <testcase name="Test Cases/ADMIN/Onboarding/Complete Onboarding" time="38.38" classname="Test Cases/ADMIN/Onboarding/Complete Onboarding" status="PASSED">
         <system-out><![CDATA[2020-03-19 07:18:31 - [TEST_CASE][PASSED] - Test Cases/ADMIN/Onboarding/Complete Onboarding: Test Cases/ADMIN/Onboarding/Complete Onboarding

2020-03-19 07:18:32 - [TEST_STEP][PASSED] - comment("Create Account"): Create Account

2020-03-19 07:18:32 - [MESSAGE][INFO] - Create Account

2020-03-19 07:18:32 - [TEST_STEP][PASSED] - openBrowser(""): Browser is opened with url: ''

2020-03-19 07:18:32 - [MESSAGE][WARNING] - A browser is already opened. Closing browser and opening a new one

2020-03-19 07:18:33 - [MESSAGE][INFO] - Starting 'Chrome' driver

2020-03-19 07:18:33 - [MESSAGE][INFO] - User set preference: ['args', '[--incognito]']

2020-03-19 07:18:34 - [MESSAGE][PASSED] - Browser is opened with url: ''

2020-03-19 07:18:34 - [TEST_STEP][PASSED] - if (varServer == "Test"): Navigate to 'https://www.test.arcadier.io' successfully

2020-03-19 07:18:34 - [TEST_STEP][PASSED] - navigateToUrl("https://www.test.arcadier.io"): Navigate to 'https://www.test.arcadier.io' successfully

2020-03-19 07:18:36 - [MESSAGE][PASSED] - Navigate to 'https://www.test.arcadier.io' successfully

2020-03-19 07:18:36 - [TEST_STEP][PASSED] - maximizeWindow(): Current window maximized

2020-03-19 07:18:36 - [MESSAGE][PASSED] - Current window maximized

2020-03-19 07:18:36 - [TEST_STEP][PASSED] - if (varAccountType == "custom"): Object: 'Object Repository/ADMIN/Admin Onboarding Page/Admin Onboarding CustomAcc/Button_Sign_Up' is clicked on

2020-03-19 07:18:36 - [TEST_STEP][PASSED] - click(findTestObject("ADMIN/Admin Onboarding Page/Create_Account_Page/Button_Create_Account")): Object: 'Object Repository/ADMIN/Admin Onboarding Page/Create_Account_Page/Button_Create_Account' is clicked on

2020-03-19 07:18:37 - [MESSAGE][PASSED] - Object: 'Object Repository/ADMIN/Admin Onboarding Page/Create_Account_Page/Button_Create_Account' is clicked on

2020-03-19 07:18:37 - [TEST_STEP][PASSED] - verifyElementPresent(findTestObject("ADMIN/Admin Onboarding Page/Admin Onboarding CustomAcc/Textbox_Username"), 0): Object 'Object Repository/ADMIN/Admin Onboarding Page/Admin Onboarding CustomAcc/Textbox_Username' is present

2020-03-19 07:18:37 - [MESSAGE][WARNING] - Timeout '0' is invalid. Using default page load timeout: '30'

2020-03-19 07:18:37 - [MESSAGE][PASSED] - Object 'Object Repository/ADMIN/Admin Onboarding Page/Admin Onboarding CustomAcc/Textbox_Username' is present

2020-03-19 07:18:37 - [TEST_STEP][PASSED] - setText(findTestObject("ADMIN/Admin Onboarding Page/Admin Onboarding CustomAcc/Textbox_Username"), varUsername): Text '0319GrowthMonthlyST' is set on object 'Object Repository/ADMIN/Admin Onboarding Page/Admin Onboarding CustomAcc/Textbox_Username'

2020-03-19 07:18:37 - [MESSAGE][PASSED] - Text '0319GrowthMonthlyST' is set on object 'Object Repository/ADMIN/Admin Onboarding Page/Admin Onboarding CustomAcc/Textbox_Username'

2020-03-19 07:18:37 - [TEST_STEP][PASSED] - setText(findTestObject("ADMIN/Admin Onboarding Page/Admin Onboarding CustomAcc/Textbox_Password"), "welcome8"): Text 'welcome8' is set on object 'Object Repository/ADMIN/Admin Onboarding Page/Admin Onboarding CustomAcc/Textbox_Password'

2020-03-19 07:18:38 - [MESSAGE][PASSED] - Text 'welcome8' is set on object 'Object Repository/ADMIN/Admin Onboarding Page/Admin Onboarding CustomAcc/Textbox_Password'

2020-03-19 07:18:38 - [TEST_STEP][PASSED] - setText(findTestObject("ADMIN/Admin Onboarding Page/Admin Onboarding CustomAcc/Textbox_Reconfirm_Password"), "welcome8"): Text 'welcome8' is set on object 'Object Repository/ADMIN/Admin Onboarding Page/Admin Onboarding CustomAcc/Textbox_Reconfirm_Password'

2020-03-19 07:18:38 - [MESSAGE][PASSED] - Text 'welcome8' is set on object 'Object Repository/ADMIN/Admin Onboarding Page/Admin Onboarding CustomAcc/Textbox_Reconfirm_Password'

2020-03-19 07:18:38 - [TEST_STEP][PASSED] - click(findTestObject("ADMIN/Admin Onboarding Page/Admin Onboarding CustomAcc/Button_Sign_Up")): Object: 'Object Repository/ADMIN/Admin Onboarding Page/Admin Onboarding CustomAcc/Button_Sign_Up' is clicked on

2020-03-19 07:18:40 - [MESSAGE][PASSED] - Object: 'Object Repository/ADMIN/Admin Onboarding Page/Admin Onboarding CustomAcc/Button_Sign_Up' is clicked on

2020-03-19 07:18:40 - [TEST_STEP][PASSED] - comment("Step 1"): Step 1

2020-03-19 07:18:40 - [MESSAGE][INFO] - Step 1

2020-03-19 07:18:40 - [TEST_STEP][PASSED] - selectOptionByLabel(findTestObject("ADMIN/Admin Onboarding Page/Admin_Onboarding_Step1/1stDropdown_Please select one...Im"), "I’m managing them offline", false): All options with label 'I’m managing them offline' are selected in object 'Object Repository/ADMIN/Admin Onboarding Page/Admin_Onboarding_Step1/1stDropdown_Please select one...Im' 

2020-03-19 07:18:41 - [MESSAGE][PASSED] - All options with label 'I’m managing them offline' are selected in object 'Object Repository/ADMIN/Admin Onboarding Page/Admin_Onboarding_Step1/1stDropdown_Please select one...Im' 

2020-03-19 07:18:41 - [TEST_STEP][PASSED] - selectOptionByLabel(findTestObject("ADMIN/Admin Onboarding Page/Admin_Onboarding_Step1/2ndDropdown_Please select one...Don"), "Something else!", false): All options with label 'Something else!' are selected in object 'Object Repository/ADMIN/Admin Onboarding Page/Admin_Onboarding_Step1/2ndDropdown_Please select one...Don' 

2020-03-19 07:18:41 - [MESSAGE][PASSED] - All options with label 'Something else!' are selected in object 'Object Repository/ADMIN/Admin Onboarding Page/Admin_Onboarding_Step1/2ndDropdown_Please select one...Don' 

2020-03-19 07:18:41 - [TEST_STEP][PASSED] - setText(findTestObject("ADMIN/Admin Onboarding Page/Admin_Onboarding_Step1/2nddropdown_textbox_OtherMarketplaceType"), "Marketplace"): Text 'Marketplace' is set on object 'Object Repository/ADMIN/Admin Onboarding Page/Admin_Onboarding_Step1/2nddropdown_textbox_OtherMarketplaceType'

2020-03-19 07:18:41 - [MESSAGE][PASSED] - Text 'Marketplace' is set on object 'Object Repository/ADMIN/Admin Onboarding Page/Admin_Onboarding_Step1/2nddropdown_textbox_OtherMarketplaceType'

2020-03-19 07:18:41 - [TEST_STEP][PASSED] - selectOptionByLabel(findTestObject("ADMIN/Admin Onboarding Page/Admin_Onboarding_Step1/3rdDropdown_Im an individualIm work"), "Someone else!", false): All options with label 'Someone else!' are selected in object 'Object Repository/ADMIN/Admin Onboarding Page/Admin_Onboarding_Step1/3rdDropdown_Im an individualIm work' 

2020-03-19 07:18:41 - [MESSAGE][PASSED] - All options with label 'Someone else!' are selected in object 'Object Repository/ADMIN/Admin Onboarding Page/Admin_Onboarding_Step1/3rdDropdown_Im an individualIm work' 

2020-03-19 07:18:41 - [TEST_STEP][PASSED] - setText(findTestObject("ADMIN/Admin Onboarding Page/Admin_Onboarding_Step1/3rddropdown_textbox_OtherEntityType"), "Business Man"): Text 'Business Man' is set on object 'Object Repository/ADMIN/Admin Onboarding Page/Admin_Onboarding_Step1/3rddropdown_textbox_OtherEntityType'

2020-03-19 07:18:42 - [MESSAGE][PASSED] - Text 'Business Man' is set on object 'Object Repository/ADMIN/Admin Onboarding Page/Admin_Onboarding_Step1/3rddropdown_textbox_OtherEntityType'

2020-03-19 07:18:42 - [TEST_STEP][PASSED] - setText(findTestObject("ADMIN/Admin Onboarding Page/Admin_Onboarding_Step1/3rddropdown_textbox_OtherEntityType"), "Business Man"): Text 'Business Man' is set on object 'Object Repository/ADMIN/Admin Onboarding Page/Admin_Onboarding_Step1/3rddropdown_textbox_OtherEntityType'

2020-03-19 07:18:42 - [MESSAGE][PASSED] - Text 'Business Man' is set on object 'Object Repository/ADMIN/Admin Onboarding Page/Admin_Onboarding_Step1/3rddropdown_textbox_OtherEntityType'

2020-03-19 07:18:42 - [TEST_STEP][PASSED] - click(findTestObject("ADMIN/Admin Onboarding Page/Admin_Onboarding_Step1/Button_NEXT_Step1")): Object: 'Object Repository/ADMIN/Admin Onboarding Page/Admin_Onboarding_Step1/Button_NEXT_Step1' is clicked on

2020-03-19 07:18:43 - [MESSAGE][PASSED] - Object: 'Object Repository/ADMIN/Admin Onboarding Page/Admin_Onboarding_Step1/Button_NEXT_Step1' is clicked on

2020-03-19 07:18:43 - [TEST_STEP][PASSED] - comment("Step 2"): Step 2

2020-03-19 07:18:43 - [MESSAGE][INFO] - Step 2

2020-03-19 07:18:43 - [TEST_STEP][PASSED] - waitForElementVisible(findTestObject("ADMIN/Admin Onboarding Page/Admin_Onboarding_Step2/Textlabel_We will like to know mor"), 0): Object 'Object Repository/ADMIN/Admin Onboarding Page/Admin_Onboarding_Step2/Textlabel_We will like to know mor' is visible

2020-03-19 07:18:43 - [MESSAGE][WARNING] - Timeout '0' is invalid. Using default page load timeout: '30'

2020-03-19 07:18:43 - [MESSAGE][PASSED] - Object 'Object Repository/ADMIN/Admin Onboarding Page/Admin_Onboarding_Step2/Textlabel_We will like to know mor' is visible

2020-03-19 07:18:43 - [TEST_STEP][PASSED] - setText(findTestObject("ADMIN/Admin Onboarding Page/Admin_Onboarding_Step2/Textbox_FirstName"), varFName): Text '0319GrowthMonthlyST' is set on object 'Object Repository/ADMIN/Admin Onboarding Page/Admin_Onboarding_Step2/Textbox_FirstName'

2020-03-19 07:18:43 - [MESSAGE][PASSED] - Text '0319GrowthMonthlyST' is set on object 'Object Repository/ADMIN/Admin Onboarding Page/Admin_Onboarding_Step2/Textbox_FirstName'

2020-03-19 07:18:43 - [TEST_STEP][PASSED] - setText(findTestObject("ADMIN/Admin Onboarding Page/Admin_Onboarding_Step2/Textbox_LastName"), varLName): Text 'Marketplace' is set on object 'Object Repository/ADMIN/Admin Onboarding Page/Admin_Onboarding_Step2/Textbox_LastName'

2020-03-19 07:18:44 - [MESSAGE][PASSED] - Text 'Marketplace' is set on object 'Object Repository/ADMIN/Admin Onboarding Page/Admin_Onboarding_Step2/Textbox_LastName'

2020-03-19 07:18:44 - [TEST_STEP][PASSED] - setText(findTestObject("ADMIN/Admin Onboarding Page/Admin_Onboarding_Step2/Textbox_Email"), varEmail): Text 'arcadierteam@gmail.com' is set on object 'Object Repository/ADMIN/Admin Onboarding Page/Admin_Onboarding_Step2/Textbox_Email'

2020-03-19 07:18:44 - [MESSAGE][PASSED] - Text 'arcadierteam@gmail.com' is set on object 'Object Repository/ADMIN/Admin Onboarding Page/Admin_Onboarding_Step2/Textbox_Email'

2020-03-19 07:18:44 - [TEST_STEP][PASSED] - delay(1): Delayed 1 second(s)

2020-03-19 07:18:45 - [MESSAGE][PASSED] - Delayed 1 second(s)

2020-03-19 07:18:45 - [TEST_STEP][PASSED] - selectOptionByLabel(findTestObject("ADMIN/Admin Onboarding Page/Admin_Onboarding_Step2/Country_Dropdown"), varCountry, false): All options with label 'Italy' are selected in object 'Object Repository/ADMIN/Admin Onboarding Page/Admin_Onboarding_Step2/Country_Dropdown' 

2020-03-19 07:18:45 - [MESSAGE][PASSED] - All options with label 'Italy' are selected in object 'Object Repository/ADMIN/Admin Onboarding Page/Admin_Onboarding_Step2/Country_Dropdown' 

2020-03-19 07:18:45 - [TEST_STEP][PASSED] - setText(findTestObject("ADMIN/Admin Onboarding Page/Admin_Onboarding_Step2/Address_Line1"), varAddress1): Text 'Strada Statale 130' is set on object 'Object Repository/ADMIN/Admin Onboarding Page/Admin_Onboarding_Step2/Address_Line1'

2020-03-19 07:18:46 - [MESSAGE][PASSED] - Text 'Strada Statale 130' is set on object 'Object Repository/ADMIN/Admin Onboarding Page/Admin_Onboarding_Step2/Address_Line1'

2020-03-19 07:18:46 - [TEST_STEP][PASSED] - setText(findTestObject("ADMIN/Admin Onboarding Page/Admin_Onboarding_Step2/Address_Line2"), varAddress2): Text 'Dorzano, Biella 13881' is set on object 'Object Repository/ADMIN/Admin Onboarding Page/Admin_Onboarding_Step2/Address_Line2'

2020-03-19 07:18:46 - [MESSAGE][PASSED] - Text 'Dorzano, Biella 13881' is set on object 'Object Repository/ADMIN/Admin Onboarding Page/Admin_Onboarding_Step2/Address_Line2'

2020-03-19 07:18:46 - [TEST_STEP][PASSED] - setText(findTestObject("ADMIN/Admin Onboarding Page/Admin_Onboarding_Step2/Textbox_PhoneNumber"), varContactNumber): Text '+631234567890' is set on object 'Object Repository/ADMIN/Admin Onboarding Page/Admin_Onboarding_Step2/Textbox_PhoneNumber'

2020-03-19 07:18:46 - [MESSAGE][PASSED] - Text '+631234567890' is set on object 'Object Repository/ADMIN/Admin Onboarding Page/Admin_Onboarding_Step2/Textbox_PhoneNumber'

2020-03-19 07:18:46 - [TEST_STEP][PASSED] - click(findTestObject("ADMIN/Admin Onboarding Page/Admin_Onboarding_Step2/Button_Next_Step2"), CONTINUE_ON_FAILURE): Object: 'Object Repository/ADMIN/Admin Onboarding Page/Admin_Onboarding_Step2/Button_Next_Step2' is clicked on

2020-03-19 07:18:47 - [MESSAGE][PASSED] - Object: 'Object Repository/ADMIN/Admin Onboarding Page/Admin_Onboarding_Step2/Button_Next_Step2' is clicked on

2020-03-19 07:18:47 - [TEST_STEP][PASSED] - comment("Step 3"): Step 3

2020-03-19 07:18:47 - [MESSAGE][INFO] - Step 3

2020-03-19 07:18:47 - [TEST_STEP][PASSED] - waitForElementVisible(findTestObject("ADMIN/Admin Onboarding Page/Admin_Onboarding_Step3/TextLabel_What type of marketplace"), 0): Object 'Object Repository/ADMIN/Admin Onboarding Page/Admin_Onboarding_Step3/TextLabel_What type of marketplace' is visible

2020-03-19 07:18:47 - [MESSAGE][WARNING] - Timeout '0' is invalid. Using default page load timeout: '30'

2020-03-19 07:18:48 - [MESSAGE][PASSED] - Object 'Object Repository/ADMIN/Admin Onboarding Page/Admin_Onboarding_Step3/TextLabel_What type of marketplace' is visible

2020-03-19 07:18:48 - [TEST_STEP][PASSED] - delay(1): Delayed 1 second(s)

2020-03-19 07:18:49 - [MESSAGE][PASSED] - Delayed 1 second(s)

2020-03-19 07:18:49 - [TEST_STEP][PASSED] - if (varTemplate == "Bespoke"): null

2020-03-19 07:18:49 - [TEST_STEP][PASSED] - else if (varTemplate == "ServiceBookings(TIME)"): null

2020-03-19 07:18:49 - [TEST_STEP][PASSED] - else if (varTemplate == "RentalGoods(TIME)"): null

2020-03-19 07:18:49 - [TEST_STEP][PASSED] - else if (varTemplate == "Space"): Object: 'Object Repository/ADMIN/Admin Onboarding Page/Admin_Onboarding_Step3/Select/a_Select_Space Rental' is clicked on

2020-03-19 07:18:49 - [TEST_STEP][PASSED] - mouseOver(findTestObject("ADMIN/Admin Onboarding Page/Admin_Onboarding_Step3/Preview/div_ Preview Select Space Rent")): Object: 'Object Repository/ADMIN/Admin Onboarding Page/Admin_Onboarding_Step3/Preview/div_ Preview Select Space Rent' is hovered

2020-03-19 07:18:49 - [MESSAGE][PASSED] - Object: 'Object Repository/ADMIN/Admin Onboarding Page/Admin_Onboarding_Step3/Preview/div_ Preview Select Space Rent' is hovered

2020-03-19 07:18:49 - [TEST_STEP][PASSED] - delay(1): Delayed 1 second(s)

2020-03-19 07:18:50 - [MESSAGE][PASSED] - Delayed 1 second(s)

2020-03-19 07:18:50 - [TEST_STEP][PASSED] - click(findTestObject("ADMIN/Admin Onboarding Page/Admin_Onboarding_Step3/Select/a_Select_Space Rental")): Object: 'Object Repository/ADMIN/Admin Onboarding Page/Admin_Onboarding_Step3/Select/a_Select_Space Rental' is clicked on

2020-03-19 07:18:51 - [MESSAGE][PASSED] - Object: 'Object Repository/ADMIN/Admin Onboarding Page/Admin_Onboarding_Step3/Select/a_Select_Space Rental' is clicked on

2020-03-19 07:18:51 - [TEST_STEP][PASSED] - comment("Step 4"): Step 4

2020-03-19 07:18:51 - [MESSAGE][INFO] - Step 4

2020-03-19 07:18:51 - [TEST_STEP][PASSED] - uploadFile(findTestObject("ADMIN/Admin Onboarding Page/Admin_Onboarding_Step4/Button_Browse_Step4"), varLogo): File 'C:\\Katalon\\Arctick\\Images\\LogoLayout\\logo2.jpg' sent to object: 'Object Repository/ADMIN/Admin Onboarding Page/Admin_Onboarding_Step4/Button_Browse_Step4'

2020-03-19 07:18:51 - [MESSAGE][PASSED] - File 'C:\\Katalon\\Arctick\\Images\\LogoLayout\\logo2.jpg' sent to object: 'Object Repository/ADMIN/Admin Onboarding Page/Admin_Onboarding_Step4/Button_Browse_Step4'

2020-03-19 07:18:51 - [TEST_STEP][PASSED] - setText(findTestObject("ADMIN/Admin Onboarding Page/Admin_Onboarding_Step4/Textbox_Marketplace_Name"), varUsername): Text '0319GrowthMonthlyST' is set on object 'Object Repository/ADMIN/Admin Onboarding Page/Admin_Onboarding_Step4/Textbox_Marketplace_Name'

2020-03-19 07:18:52 - [MESSAGE][PASSED] - Text '0319GrowthMonthlyST' is set on object 'Object Repository/ADMIN/Admin Onboarding Page/Admin_Onboarding_Step4/Textbox_Marketplace_Name'

2020-03-19 07:18:52 - [TEST_STEP][PASSED] - setText(findTestObject("ADMIN/Admin Onboarding Page/Admin_Onboarding_Step4/Textbox_Slogan"), varTheme): Text 'Theme 2' is set on object 'Object Repository/ADMIN/Admin Onboarding Page/Admin_Onboarding_Step4/Textbox_Slogan'

2020-03-19 07:18:52 - [MESSAGE][PASSED] - Text 'Theme 2' is set on object 'Object Repository/ADMIN/Admin Onboarding Page/Admin_Onboarding_Step4/Textbox_Slogan'

2020-03-19 07:18:52 - [TEST_STEP][PASSED] - setText(findTestObject("ADMIN/Admin Onboarding Page/Admin_Onboarding_Step4/Textbox_ContactNumber"), varContactNumber): Text '+631234567890' is set on object 'Object Repository/ADMIN/Admin Onboarding Page/Admin_Onboarding_Step4/Textbox_ContactNumber'

2020-03-19 07:18:52 - [MESSAGE][PASSED] - Text '+631234567890' is set on object 'Object Repository/ADMIN/Admin Onboarding Page/Admin_Onboarding_Step4/Textbox_ContactNumber'

2020-03-19 07:18:52 - [TEST_STEP][PASSED] - setText(findTestObject("ADMIN/Admin Onboarding Page/Admin_Onboarding_Step4/Textbox_ContactEmail"), varEmail): Text 'arcadierteam@gmail.com' is set on object 'Object Repository/ADMIN/Admin Onboarding Page/Admin_Onboarding_Step4/Textbox_ContactEmail'

2020-03-19 07:18:52 - [MESSAGE][PASSED] - Text 'arcadierteam@gmail.com' is set on object 'Object Repository/ADMIN/Admin Onboarding Page/Admin_Onboarding_Step4/Textbox_ContactEmail'

2020-03-19 07:18:52 - [TEST_STEP][PASSED] - click(findTestObject("ADMIN/Admin Onboarding Page/Admin_Onboarding_Step4/Button_Next_Step4"), CONTINUE_ON_FAILURE): Object: 'Object Repository/ADMIN/Admin Onboarding Page/Admin_Onboarding_Step4/Button_Next_Step4' is clicked on

2020-03-19 07:18:52 - [MESSAGE][PASSED] - Object: 'Object Repository/ADMIN/Admin Onboarding Page/Admin_Onboarding_Step4/Button_Next_Step4' is clicked on

2020-03-19 07:18:52 - [TEST_STEP][PASSED] - comment("Step 5"): Step 5

2020-03-19 07:18:52 - [MESSAGE][INFO] - Step 5

2020-03-19 07:18:52 - [TEST_STEP][PASSED] - waitForElementVisible(findTestObject("ADMIN/Admin Onboarding Page/Admin_Onboarding_Step5/h1_5. Preview  pick out a mark"), 0): Object 'Object Repository/ADMIN/Admin Onboarding Page/Admin_Onboarding_Step5/h1_5. Preview  pick out a mark' is visible

2020-03-19 07:18:52 - [MESSAGE][WARNING] - Timeout '0' is invalid. Using default page load timeout: '30'

2020-03-19 07:18:54 - [MESSAGE][PASSED] - Object 'Object Repository/ADMIN/Admin Onboarding Page/Admin_Onboarding_Step5/h1_5. Preview  pick out a mark' is visible

2020-03-19 07:18:54 - [TEST_STEP][PASSED] - if (varTemplate == "Bespoke"): null

2020-03-19 07:18:54 - [TEST_STEP][PASSED] - else if (varTemplate == "Space"): Object: 'Object Repository/ADMIN/Admin Onboarding Page/Admin_Onboarding_Step5/Button_Theme2_Select' is clicked on

2020-03-19 07:18:54 - [TEST_STEP][PASSED] - if (varTheme == "Theme 1"): null

2020-03-19 07:18:54 - [TEST_STEP][PASSED] - else if (varTheme == "Theme 2"): Object: 'Object Repository/ADMIN/Admin Onboarding Page/Admin_Onboarding_Step5/Button_Theme2_Select' is clicked on

2020-03-19 07:18:54 - [TEST_STEP][PASSED] - click(findTestObject("ADMIN/Admin Onboarding Page/Admin_Onboarding_Step5/Button_Theme2_Select")): Object: 'Object Repository/ADMIN/Admin Onboarding Page/Admin_Onboarding_Step5/Button_Theme2_Select' is clicked on

2020-03-19 07:18:54 - [MESSAGE][PASSED] - Object: 'Object Repository/ADMIN/Admin Onboarding Page/Admin_Onboarding_Step5/Button_Theme2_Select' is clicked on

2020-03-19 07:18:54 - [TEST_STEP][PASSED] - click(findTestObject("ADMIN/Admin Onboarding Page/Admin_Onboarding_Step5/Button_Next_Step5")): Object: 'Object Repository/ADMIN/Admin Onboarding Page/Admin_Onboarding_Step5/Button_Next_Step5' is clicked on

2020-03-19 07:18:55 - [MESSAGE][PASSED] - Object: 'Object Repository/ADMIN/Admin Onboarding Page/Admin_Onboarding_Step5/Button_Next_Step5' is clicked on

2020-03-19 07:18:55 - [TEST_STEP][PASSED] - comment("Step 6"): Step 6

2020-03-19 07:18:55 - [MESSAGE][INFO] - Step 6

2020-03-19 07:18:55 - [TEST_STEP][PASSED] - waitForElementVisible(findTestObject("ADMIN/Admin Onboarding Page/Admin_Onboarding_Step6/Textlabel_Select your marketplace"), 0): Object 'Object Repository/ADMIN/Admin Onboarding Page/Admin_Onboarding_Step6/Textlabel_Select your marketplace' is visible

2020-03-19 07:18:55 - [MESSAGE][WARNING] - Timeout '0' is invalid. Using default page load timeout: '30'

2020-03-19 07:18:55 - [MESSAGE][PASSED] - Object 'Object Repository/ADMIN/Admin Onboarding Page/Admin_Onboarding_Step6/Textlabel_Select your marketplace' is visible

2020-03-19 07:18:55 - [TEST_STEP][PASSED] - click(findTestObject("ADMIN/Admin Onboarding Page/Admin_Onboarding_Step6/Button_Browse_Step6"), CONTINUE_ON_FAILURE): Object: 'Object Repository/ADMIN/Admin Onboarding Page/Admin_Onboarding_Step6/Button_Browse_Step6' is clicked on

2020-03-19 07:18:56 - [MESSAGE][PASSED] - Object: 'Object Repository/ADMIN/Admin Onboarding Page/Admin_Onboarding_Step6/Button_Browse_Step6' is clicked on

2020-03-19 07:18:56 - [TEST_STEP][PASSED] - delay(2): Delayed 2 second(s)

2020-03-19 07:18:58 - [MESSAGE][PASSED] - Delayed 2 second(s)

2020-03-19 07:18:58 - [TEST_STEP][PASSED] - uploadFile(findTestObject("ADMIN/Admin Onboarding Page/Admin_Onboarding_Step6/Image_Container"), varCoverImage): File 'C:\\Katalon\\Arctick\\Images\\LogoLayout\\coverimage3.jpg' sent to object: 'Object Repository/ADMIN/Admin Onboarding Page/Admin_Onboarding_Step6/Image_Container'

2020-03-19 07:18:58 - [MESSAGE][PASSED] - File 'C:\\Katalon\\Arctick\\Images\\LogoLayout\\coverimage3.jpg' sent to object: 'Object Repository/ADMIN/Admin Onboarding Page/Admin_Onboarding_Step6/Image_Container'

2020-03-19 07:18:58 - [TEST_STEP][PASSED] - waitForElementVisible(findTestObject("ADMIN/Admin Onboarding Page/Admin_Onboarding_Step6/Image Cropper/div_btn btn-success btn-ok"), 0): Object 'Object Repository/ADMIN/Admin Onboarding Page/Admin_Onboarding_Step6/Image Cropper/div_btn btn-success btn-ok' is visible

2020-03-19 07:18:58 - [MESSAGE][WARNING] - Timeout '0' is invalid. Using default page load timeout: '30'

2020-03-19 07:18:58 - [MESSAGE][PASSED] - Object 'Object Repository/ADMIN/Admin Onboarding Page/Admin_Onboarding_Step6/Image Cropper/div_btn btn-success btn-ok' is visible

2020-03-19 07:18:58 - [TEST_STEP][PASSED] - click(findTestObject("ADMIN/Admin Onboarding Page/Admin_Onboarding_Step6/Image Cropper/div_btn btn-success btn-ok"), CONTINUE_ON_FAILURE): Object: 'Object Repository/ADMIN/Admin Onboarding Page/Admin_Onboarding_Step6/Image Cropper/div_btn btn-success btn-ok' is clicked on

2020-03-19 07:18:58 - [MESSAGE][PASSED] - Object: 'Object Repository/ADMIN/Admin Onboarding Page/Admin_Onboarding_Step6/Image Cropper/div_btn btn-success btn-ok' is clicked on

2020-03-19 07:18:58 - [TEST_STEP][PASSED] - waitForElementVisible(findTestObject("ADMIN/Admin Onboarding Page/Admin_Onboarding_Step6/Image Cropper/a_Save Photo"), 0): Object 'Object Repository/ADMIN/Admin Onboarding Page/Admin_Onboarding_Step6/Image Cropper/a_Save Photo' is visible

2020-03-19 07:18:58 - [MESSAGE][WARNING] - Timeout '0' is invalid. Using default page load timeout: '30'

2020-03-19 07:18:58 - [MESSAGE][PASSED] - Object 'Object Repository/ADMIN/Admin Onboarding Page/Admin_Onboarding_Step6/Image Cropper/a_Save Photo' is visible

2020-03-19 07:18:58 - [TEST_STEP][PASSED] - click(findTestObject("ADMIN/Admin Onboarding Page/Admin_Onboarding_Step6/Image Cropper/a_Save Photo"), CONTINUE_ON_FAILURE): Object: 'Object Repository/ADMIN/Admin Onboarding Page/Admin_Onboarding_Step6/Image Cropper/a_Save Photo' is clicked on

2020-03-19 07:18:59 - [MESSAGE][PASSED] - Object: 'Object Repository/ADMIN/Admin Onboarding Page/Admin_Onboarding_Step6/Image Cropper/a_Save Photo' is clicked on

2020-03-19 07:18:59 - [TEST_STEP][PASSED] - delay(1): Delayed 1 second(s)

2020-03-19 07:19:00 - [MESSAGE][PASSED] - Delayed 1 second(s)

2020-03-19 07:19:00 - [TEST_STEP][PASSED] - click(findTestObject("ADMIN/Admin Onboarding Page/Admin_Onboarding_Step6/Button_Next_Step6"), CONTINUE_ON_FAILURE): Object: 'Object Repository/ADMIN/Admin Onboarding Page/Admin_Onboarding_Step6/Button_Next_Step6' is clicked on

2020-03-19 07:19:00 - [MESSAGE][PASSED] - Object: 'Object Repository/ADMIN/Admin Onboarding Page/Admin_Onboarding_Step6/Button_Next_Step6' is clicked on

2020-03-19 07:19:00 - [TEST_STEP][PASSED] - comment("Step 7 (editable variables)"): Step 7 (editable variables)

2020-03-19 07:19:00 - [MESSAGE][INFO] - Step 7 (editable variables)

2020-03-19 07:19:00 - [TEST_STEP][PASSED] - waitForElementVisible(findTestObject("ADMIN/Admin Onboarding Page/Admin_Onboarding_Step7/Textlabel_7. Now how would you like t"), 0): Object 'Object Repository/ADMIN/Admin Onboarding Page/Admin_Onboarding_Step7/Textlabel_7. Now how would you like t' is visible

2020-03-19 07:19:00 - [MESSAGE][WARNING] - Timeout '0' is invalid. Using default page load timeout: '30'

2020-03-19 07:19:02 - [MESSAGE][PASSED] - Object 'Object Repository/ADMIN/Admin Onboarding Page/Admin_Onboarding_Step7/Textlabel_7. Now how would you like t' is visible

2020-03-19 07:19:02 - [TEST_STEP][PASSED] - selectOptionByLabel(findTestObject("ADMIN/Admin Onboarding Page/Admin_Onboarding_Step7/Dropdown_Currency"), varCurrency, false): All options with label 'SGD' are selected in object 'Object Repository/ADMIN/Admin Onboarding Page/Admin_Onboarding_Step7/Dropdown_Currency' 

2020-03-19 07:19:02 - [MESSAGE][PASSED] - All options with label 'SGD' are selected in object 'Object Repository/ADMIN/Admin Onboarding Page/Admin_Onboarding_Step7/Dropdown_Currency' 

2020-03-19 07:19:02 - [TEST_STEP][PASSED] - setText(findTestObject("ADMIN/Admin Onboarding Page/Admin_Onboarding_Step7/Textbox_TransactionFee"), varAdminFee): Text '100' is set on object 'Object Repository/ADMIN/Admin Onboarding Page/Admin_Onboarding_Step7/Textbox_TransactionFee'

2020-03-19 07:19:02 - [MESSAGE][PASSED] - Text '100' is set on object 'Object Repository/ADMIN/Admin Onboarding Page/Admin_Onboarding_Step7/Textbox_TransactionFee'

2020-03-19 07:19:02 - [TEST_STEP][PASSED] - click(findTestObject("ADMIN/Admin Onboarding Page/Admin_Onboarding_Step7/Button_Next_Step7"), CONTINUE_ON_FAILURE): Object: 'Object Repository/ADMIN/Admin Onboarding Page/Admin_Onboarding_Step7/Button_Next_Step7' is clicked on

2020-03-19 07:19:04 - [MESSAGE][PASSED] - Object: 'Object Repository/ADMIN/Admin Onboarding Page/Admin_Onboarding_Step7/Button_Next_Step7' is clicked on

2020-03-19 07:19:04 - [TEST_STEP][PASSED] - comment("Step 8"): Step 8

2020-03-19 07:19:04 - [MESSAGE][INFO] - Step 8

2020-03-19 07:19:04 - [TEST_STEP][PASSED] - waitForElementVisible(findTestObject("ADMIN/Admin Onboarding Page/Admin_Onboarding_Step8/Textlabel_Review your marketplace pol"), 0): Object 'Object Repository/ADMIN/Admin Onboarding Page/Admin_Onboarding_Step8/Textlabel_Review your marketplace pol' is visible

2020-03-19 07:19:04 - [MESSAGE][WARNING] - Timeout '0' is invalid. Using default page load timeout: '30'

2020-03-19 07:19:05 - [MESSAGE][PASSED] - Object 'Object Repository/ADMIN/Admin Onboarding Page/Admin_Onboarding_Step8/Textlabel_Review your marketplace pol' is visible

2020-03-19 07:19:05 - [TEST_STEP][PASSED] - comment("Checkbox Return Policy"): Checkbox Return Policy

2020-03-19 07:19:05 - [MESSAGE][INFO] - Checkbox Return Policy

2020-03-19 07:19:05 - [TEST_STEP][PASSED] - click(findTestObject("ADMIN/Admin Onboarding Page/Admin_Onboarding_Step8/Checkbox_ReturnPolicy")): Object: 'Object Repository/ADMIN/Admin Onboarding Page/Admin_Onboarding_Step8/Checkbox_ReturnPolicy' is clicked on

2020-03-19 07:19:05 - [MESSAGE][PASSED] - Object: 'Object Repository/ADMIN/Admin Onboarding Page/Admin_Onboarding_Step8/Checkbox_ReturnPolicy' is clicked on

2020-03-19 07:19:05 - [TEST_STEP][PASSED] - comment("Terms and Condition"): Terms and Condition

2020-03-19 07:19:05 - [MESSAGE][INFO] - Terms and Condition

2020-03-19 07:19:05 - [TEST_STEP][PASSED] - click(findTestObject("ADMIN/Admin Onboarding Page/Admin_Onboarding_Step8/Checkbox_IsAgreed")): Object: 'Object Repository/ADMIN/Admin Onboarding Page/Admin_Onboarding_Step8/Checkbox_IsAgreed' is clicked on

2020-03-19 07:19:05 - [MESSAGE][PASSED] - Object: 'Object Repository/ADMIN/Admin Onboarding Page/Admin_Onboarding_Step8/Checkbox_IsAgreed' is clicked on

2020-03-19 07:19:05 - [TEST_STEP][PASSED] - click(findTestObject("ADMIN/Admin Onboarding Page/Admin_Onboarding_Step8/Button_Next_Step8")): Object: 'Object Repository/ADMIN/Admin Onboarding Page/Admin_Onboarding_Step8/Button_Next_Step8' is clicked on

2020-03-19 07:19:10 - [MESSAGE][PASSED] - Object: 'Object Repository/ADMIN/Admin Onboarding Page/Admin_Onboarding_Step8/Button_Next_Step8' is clicked on]]></system-out>
         <system-err><![CDATA[]]></system-err>
      </testcase>
      <testcase name="Test Cases/ADMIN/Onboarding/Complete Onboarding" time="35.477" classname="Test Cases/ADMIN/Onboarding/Complete Onboarding" status="PASSED">
         <system-out><![CDATA[2020-03-19 07:19:10 - [TEST_CASE][PASSED] - Test Cases/ADMIN/Onboarding/Complete Onboarding: Test Cases/ADMIN/Onboarding/Complete Onboarding

2020-03-19 07:19:11 - [TEST_STEP][PASSED] - comment("Create Account"): Create Account

2020-03-19 07:19:11 - [MESSAGE][INFO] - Create Account

2020-03-19 07:19:11 - [TEST_STEP][PASSED] - openBrowser(""): Browser is opened with url: ''

2020-03-19 07:19:11 - [MESSAGE][WARNING] - A browser is already opened. Closing browser and opening a new one

2020-03-19 07:19:11 - [MESSAGE][INFO] - Starting 'Chrome' driver

2020-03-19 07:19:11 - [MESSAGE][INFO] - User set preference: ['args', '[--incognito]']

2020-03-19 07:19:13 - [MESSAGE][PASSED] - Browser is opened with url: ''

2020-03-19 07:19:13 - [TEST_STEP][PASSED] - if (varServer == "Test"): Navigate to 'https://www.test.arcadier.io' successfully

2020-03-19 07:19:13 - [TEST_STEP][PASSED] - navigateToUrl("https://www.test.arcadier.io"): Navigate to 'https://www.test.arcadier.io' successfully

2020-03-19 07:19:15 - [MESSAGE][PASSED] - Navigate to 'https://www.test.arcadier.io' successfully

2020-03-19 07:19:15 - [TEST_STEP][PASSED] - maximizeWindow(): Current window maximized

2020-03-19 07:19:15 - [MESSAGE][PASSED] - Current window maximized

2020-03-19 07:19:15 - [TEST_STEP][PASSED] - if (varAccountType == "custom"): Object: 'Object Repository/ADMIN/Admin Onboarding Page/Admin Onboarding CustomAcc/Button_Sign_Up' is clicked on

2020-03-19 07:19:15 - [TEST_STEP][PASSED] - click(findTestObject("ADMIN/Admin Onboarding Page/Create_Account_Page/Button_Create_Account")): Object: 'Object Repository/ADMIN/Admin Onboarding Page/Create_Account_Page/Button_Create_Account' is clicked on

2020-03-19 07:19:16 - [MESSAGE][PASSED] - Object: 'Object Repository/ADMIN/Admin Onboarding Page/Create_Account_Page/Button_Create_Account' is clicked on

2020-03-19 07:19:16 - [TEST_STEP][PASSED] - verifyElementPresent(findTestObject("ADMIN/Admin Onboarding Page/Admin Onboarding CustomAcc/Textbox_Username"), 0): Object 'Object Repository/ADMIN/Admin Onboarding Page/Admin Onboarding CustomAcc/Textbox_Username' is present

2020-03-19 07:19:16 - [MESSAGE][WARNING] - Timeout '0' is invalid. Using default page load timeout: '30'

2020-03-19 07:19:16 - [MESSAGE][PASSED] - Object 'Object Repository/ADMIN/Admin Onboarding Page/Admin Onboarding CustomAcc/Textbox_Username' is present

2020-03-19 07:19:16 - [TEST_STEP][PASSED] - setText(findTestObject("ADMIN/Admin Onboarding Page/Admin Onboarding CustomAcc/Textbox_Username"), varUsername): Text '0319ScaleMonthlyBP' is set on object 'Object Repository/ADMIN/Admin Onboarding Page/Admin Onboarding CustomAcc/Textbox_Username'

2020-03-19 07:19:17 - [MESSAGE][PASSED] - Text '0319ScaleMonthlyBP' is set on object 'Object Repository/ADMIN/Admin Onboarding Page/Admin Onboarding CustomAcc/Textbox_Username'

2020-03-19 07:19:17 - [TEST_STEP][PASSED] - setText(findTestObject("ADMIN/Admin Onboarding Page/Admin Onboarding CustomAcc/Textbox_Password"), "welcome8"): Text 'welcome8' is set on object 'Object Repository/ADMIN/Admin Onboarding Page/Admin Onboarding CustomAcc/Textbox_Password'

2020-03-19 07:19:17 - [MESSAGE][PASSED] - Text 'welcome8' is set on object 'Object Repository/ADMIN/Admin Onboarding Page/Admin Onboarding CustomAcc/Textbox_Password'

2020-03-19 07:19:17 - [TEST_STEP][PASSED] - setText(findTestObject("ADMIN/Admin Onboarding Page/Admin Onboarding CustomAcc/Textbox_Reconfirm_Password"), "welcome8"): Text 'welcome8' is set on object 'Object Repository/ADMIN/Admin Onboarding Page/Admin Onboarding CustomAcc/Textbox_Reconfirm_Password'

2020-03-19 07:19:17 - [MESSAGE][PASSED] - Text 'welcome8' is set on object 'Object Repository/ADMIN/Admin Onboarding Page/Admin Onboarding CustomAcc/Textbox_Reconfirm_Password'

2020-03-19 07:19:17 - [TEST_STEP][PASSED] - click(findTestObject("ADMIN/Admin Onboarding Page/Admin Onboarding CustomAcc/Button_Sign_Up")): Object: 'Object Repository/ADMIN/Admin Onboarding Page/Admin Onboarding CustomAcc/Button_Sign_Up' is clicked on

2020-03-19 07:19:19 - [MESSAGE][PASSED] - Object: 'Object Repository/ADMIN/Admin Onboarding Page/Admin Onboarding CustomAcc/Button_Sign_Up' is clicked on

2020-03-19 07:19:19 - [TEST_STEP][PASSED] - comment("Step 1"): Step 1

2020-03-19 07:19:19 - [MESSAGE][INFO] - Step 1

2020-03-19 07:19:19 - [TEST_STEP][PASSED] - selectOptionByLabel(findTestObject("ADMIN/Admin Onboarding Page/Admin_Onboarding_Step1/1stDropdown_Please select one...Im"), "I’m managing them offline", false): All options with label 'I’m managing them offline' are selected in object 'Object Repository/ADMIN/Admin Onboarding Page/Admin_Onboarding_Step1/1stDropdown_Please select one...Im' 

2020-03-19 07:19:20 - [MESSAGE][PASSED] - All options with label 'I’m managing them offline' are selected in object 'Object Repository/ADMIN/Admin Onboarding Page/Admin_Onboarding_Step1/1stDropdown_Please select one...Im' 

2020-03-19 07:19:20 - [TEST_STEP][PASSED] - selectOptionByLabel(findTestObject("ADMIN/Admin Onboarding Page/Admin_Onboarding_Step1/2ndDropdown_Please select one...Don"), "Something else!", false): All options with label 'Something else!' are selected in object 'Object Repository/ADMIN/Admin Onboarding Page/Admin_Onboarding_Step1/2ndDropdown_Please select one...Don' 

2020-03-19 07:19:20 - [MESSAGE][PASSED] - All options with label 'Something else!' are selected in object 'Object Repository/ADMIN/Admin Onboarding Page/Admin_Onboarding_Step1/2ndDropdown_Please select one...Don' 

2020-03-19 07:19:20 - [TEST_STEP][PASSED] - setText(findTestObject("ADMIN/Admin Onboarding Page/Admin_Onboarding_Step1/2nddropdown_textbox_OtherMarketplaceType"), "Marketplace"): Text 'Marketplace' is set on object 'Object Repository/ADMIN/Admin Onboarding Page/Admin_Onboarding_Step1/2nddropdown_textbox_OtherMarketplaceType'

2020-03-19 07:19:20 - [MESSAGE][PASSED] - Text 'Marketplace' is set on object 'Object Repository/ADMIN/Admin Onboarding Page/Admin_Onboarding_Step1/2nddropdown_textbox_OtherMarketplaceType'

2020-03-19 07:19:20 - [TEST_STEP][PASSED] - selectOptionByLabel(findTestObject("ADMIN/Admin Onboarding Page/Admin_Onboarding_Step1/3rdDropdown_Im an individualIm work"), "Someone else!", false): All options with label 'Someone else!' are selected in object 'Object Repository/ADMIN/Admin Onboarding Page/Admin_Onboarding_Step1/3rdDropdown_Im an individualIm work' 

2020-03-19 07:19:20 - [MESSAGE][PASSED] - All options with label 'Someone else!' are selected in object 'Object Repository/ADMIN/Admin Onboarding Page/Admin_Onboarding_Step1/3rdDropdown_Im an individualIm work' 

2020-03-19 07:19:20 - [TEST_STEP][PASSED] - setText(findTestObject("ADMIN/Admin Onboarding Page/Admin_Onboarding_Step1/3rddropdown_textbox_OtherEntityType"), "Business Man"): Text 'Business Man' is set on object 'Object Repository/ADMIN/Admin Onboarding Page/Admin_Onboarding_Step1/3rddropdown_textbox_OtherEntityType'

2020-03-19 07:19:21 - [MESSAGE][PASSED] - Text 'Business Man' is set on object 'Object Repository/ADMIN/Admin Onboarding Page/Admin_Onboarding_Step1/3rddropdown_textbox_OtherEntityType'

2020-03-19 07:19:21 - [TEST_STEP][PASSED] - setText(findTestObject("ADMIN/Admin Onboarding Page/Admin_Onboarding_Step1/3rddropdown_textbox_OtherEntityType"), "Business Man"): Text 'Business Man' is set on object 'Object Repository/ADMIN/Admin Onboarding Page/Admin_Onboarding_Step1/3rddropdown_textbox_OtherEntityType'

2020-03-19 07:19:21 - [MESSAGE][PASSED] - Text 'Business Man' is set on object 'Object Repository/ADMIN/Admin Onboarding Page/Admin_Onboarding_Step1/3rddropdown_textbox_OtherEntityType'

2020-03-19 07:19:21 - [TEST_STEP][PASSED] - click(findTestObject("ADMIN/Admin Onboarding Page/Admin_Onboarding_Step1/Button_NEXT_Step1")): Object: 'Object Repository/ADMIN/Admin Onboarding Page/Admin_Onboarding_Step1/Button_NEXT_Step1' is clicked on

2020-03-19 07:19:22 - [MESSAGE][PASSED] - Object: 'Object Repository/ADMIN/Admin Onboarding Page/Admin_Onboarding_Step1/Button_NEXT_Step1' is clicked on

2020-03-19 07:19:22 - [TEST_STEP][PASSED] - comment("Step 2"): Step 2

2020-03-19 07:19:22 - [MESSAGE][INFO] - Step 2

2020-03-19 07:19:22 - [TEST_STEP][PASSED] - waitForElementVisible(findTestObject("ADMIN/Admin Onboarding Page/Admin_Onboarding_Step2/Textlabel_We will like to know mor"), 0): Object 'Object Repository/ADMIN/Admin Onboarding Page/Admin_Onboarding_Step2/Textlabel_We will like to know mor' is visible

2020-03-19 07:19:22 - [MESSAGE][WARNING] - Timeout '0' is invalid. Using default page load timeout: '30'

2020-03-19 07:19:22 - [MESSAGE][PASSED] - Object 'Object Repository/ADMIN/Admin Onboarding Page/Admin_Onboarding_Step2/Textlabel_We will like to know mor' is visible

2020-03-19 07:19:22 - [TEST_STEP][PASSED] - setText(findTestObject("ADMIN/Admin Onboarding Page/Admin_Onboarding_Step2/Textbox_FirstName"), varFName): Text '0319ScaleMonthlyBP' is set on object 'Object Repository/ADMIN/Admin Onboarding Page/Admin_Onboarding_Step2/Textbox_FirstName'

2020-03-19 07:19:23 - [MESSAGE][PASSED] - Text '0319ScaleMonthlyBP' is set on object 'Object Repository/ADMIN/Admin Onboarding Page/Admin_Onboarding_Step2/Textbox_FirstName'

2020-03-19 07:19:23 - [TEST_STEP][PASSED] - setText(findTestObject("ADMIN/Admin Onboarding Page/Admin_Onboarding_Step2/Textbox_LastName"), varLName): Text 'Marketplace' is set on object 'Object Repository/ADMIN/Admin Onboarding Page/Admin_Onboarding_Step2/Textbox_LastName'

2020-03-19 07:19:23 - [MESSAGE][PASSED] - Text 'Marketplace' is set on object 'Object Repository/ADMIN/Admin Onboarding Page/Admin_Onboarding_Step2/Textbox_LastName'

2020-03-19 07:19:23 - [TEST_STEP][PASSED] - setText(findTestObject("ADMIN/Admin Onboarding Page/Admin_Onboarding_Step2/Textbox_Email"), varEmail): Text 'arcadierteam@gmail.com' is set on object 'Object Repository/ADMIN/Admin Onboarding Page/Admin_Onboarding_Step2/Textbox_Email'

2020-03-19 07:19:23 - [MESSAGE][PASSED] - Text 'arcadierteam@gmail.com' is set on object 'Object Repository/ADMIN/Admin Onboarding Page/Admin_Onboarding_Step2/Textbox_Email'

2020-03-19 07:19:23 - [TEST_STEP][PASSED] - delay(1): Delayed 1 second(s)

2020-03-19 07:19:24 - [MESSAGE][PASSED] - Delayed 1 second(s)

2020-03-19 07:19:24 - [TEST_STEP][PASSED] - selectOptionByLabel(findTestObject("ADMIN/Admin Onboarding Page/Admin_Onboarding_Step2/Country_Dropdown"), varCountry, false): All options with label 'Italy' are selected in object 'Object Repository/ADMIN/Admin Onboarding Page/Admin_Onboarding_Step2/Country_Dropdown' 

2020-03-19 07:19:24 - [MESSAGE][PASSED] - All options with label 'Italy' are selected in object 'Object Repository/ADMIN/Admin Onboarding Page/Admin_Onboarding_Step2/Country_Dropdown' 

2020-03-19 07:19:24 - [TEST_STEP][PASSED] - setText(findTestObject("ADMIN/Admin Onboarding Page/Admin_Onboarding_Step2/Address_Line1"), varAddress1): Text 'Strada Statale 130' is set on object 'Object Repository/ADMIN/Admin Onboarding Page/Admin_Onboarding_Step2/Address_Line1'

2020-03-19 07:19:25 - [MESSAGE][PASSED] - Text 'Strada Statale 130' is set on object 'Object Repository/ADMIN/Admin Onboarding Page/Admin_Onboarding_Step2/Address_Line1'

2020-03-19 07:19:25 - [TEST_STEP][PASSED] - setText(findTestObject("ADMIN/Admin Onboarding Page/Admin_Onboarding_Step2/Address_Line2"), varAddress2): Text 'Dorzano, Biella 13881' is set on object 'Object Repository/ADMIN/Admin Onboarding Page/Admin_Onboarding_Step2/Address_Line2'

2020-03-19 07:19:25 - [MESSAGE][PASSED] - Text 'Dorzano, Biella 13881' is set on object 'Object Repository/ADMIN/Admin Onboarding Page/Admin_Onboarding_Step2/Address_Line2'

2020-03-19 07:19:25 - [TEST_STEP][PASSED] - setText(findTestObject("ADMIN/Admin Onboarding Page/Admin_Onboarding_Step2/Textbox_PhoneNumber"), varContactNumber): Text '+631234567890' is set on object 'Object Repository/ADMIN/Admin Onboarding Page/Admin_Onboarding_Step2/Textbox_PhoneNumber'

2020-03-19 07:19:25 - [MESSAGE][PASSED] - Text '+631234567890' is set on object 'Object Repository/ADMIN/Admin Onboarding Page/Admin_Onboarding_Step2/Textbox_PhoneNumber'

2020-03-19 07:19:25 - [TEST_STEP][PASSED] - click(findTestObject("ADMIN/Admin Onboarding Page/Admin_Onboarding_Step2/Button_Next_Step2"), CONTINUE_ON_FAILURE): Object: 'Object Repository/ADMIN/Admin Onboarding Page/Admin_Onboarding_Step2/Button_Next_Step2' is clicked on

2020-03-19 07:19:26 - [MESSAGE][PASSED] - Object: 'Object Repository/ADMIN/Admin Onboarding Page/Admin_Onboarding_Step2/Button_Next_Step2' is clicked on

2020-03-19 07:19:26 - [TEST_STEP][PASSED] - comment("Step 3"): Step 3

2020-03-19 07:19:26 - [MESSAGE][INFO] - Step 3

2020-03-19 07:19:26 - [TEST_STEP][PASSED] - waitForElementVisible(findTestObject("ADMIN/Admin Onboarding Page/Admin_Onboarding_Step3/TextLabel_What type of marketplace"), 0): Object 'Object Repository/ADMIN/Admin Onboarding Page/Admin_Onboarding_Step3/TextLabel_What type of marketplace' is visible

2020-03-19 07:19:26 - [MESSAGE][WARNING] - Timeout '0' is invalid. Using default page load timeout: '30'

2020-03-19 07:19:27 - [MESSAGE][PASSED] - Object 'Object Repository/ADMIN/Admin Onboarding Page/Admin_Onboarding_Step3/TextLabel_What type of marketplace' is visible

2020-03-19 07:19:27 - [TEST_STEP][PASSED] - delay(1): Delayed 1 second(s)

2020-03-19 07:19:28 - [MESSAGE][PASSED] - Delayed 1 second(s)

2020-03-19 07:19:28 - [TEST_STEP][PASSED] - if (varTemplate == "Bespoke"): Object: 'Object Repository/ADMIN/Admin Onboarding Page/Admin_Onboarding_Step3/Button_Retail_Goods_Select' is clicked on

2020-03-19 07:19:28 - [TEST_STEP][PASSED] - mouseOver(findTestObject("ADMIN/Admin Onboarding Page/Admin_Onboarding_Step3/Textlabel_Retail Goods")): Object: 'Object Repository/ADMIN/Admin Onboarding Page/Admin_Onboarding_Step3/Textlabel_Retail Goods' is hovered

2020-03-19 07:19:28 - [MESSAGE][PASSED] - Object: 'Object Repository/ADMIN/Admin Onboarding Page/Admin_Onboarding_Step3/Textlabel_Retail Goods' is hovered

2020-03-19 07:19:28 - [TEST_STEP][PASSED] - delay(1): Delayed 1 second(s)

2020-03-19 07:19:29 - [MESSAGE][PASSED] - Delayed 1 second(s)

2020-03-19 07:19:29 - [TEST_STEP][PASSED] - click(findTestObject("ADMIN/Admin Onboarding Page/Admin_Onboarding_Step3/Button_Retail_Goods_Select")): Object: 'Object Repository/ADMIN/Admin Onboarding Page/Admin_Onboarding_Step3/Button_Retail_Goods_Select' is clicked on

2020-03-19 07:19:30 - [MESSAGE][PASSED] - Object: 'Object Repository/ADMIN/Admin Onboarding Page/Admin_Onboarding_Step3/Button_Retail_Goods_Select' is clicked on

2020-03-19 07:19:30 - [TEST_STEP][PASSED] - comment("Step 4"): Step 4

2020-03-19 07:19:30 - [MESSAGE][INFO] - Step 4

2020-03-19 07:19:30 - [TEST_STEP][PASSED] - uploadFile(findTestObject("ADMIN/Admin Onboarding Page/Admin_Onboarding_Step4/Button_Browse_Step4"), varLogo): File 'C:\\Katalon\\Arctick\\Images\\LogoLayout\\logo2.jpg' sent to object: 'Object Repository/ADMIN/Admin Onboarding Page/Admin_Onboarding_Step4/Button_Browse_Step4'

2020-03-19 07:19:30 - [MESSAGE][PASSED] - File 'C:\\Katalon\\Arctick\\Images\\LogoLayout\\logo2.jpg' sent to object: 'Object Repository/ADMIN/Admin Onboarding Page/Admin_Onboarding_Step4/Button_Browse_Step4'

2020-03-19 07:19:30 - [TEST_STEP][PASSED] - setText(findTestObject("ADMIN/Admin Onboarding Page/Admin_Onboarding_Step4/Textbox_Marketplace_Name"), varUsername): Text '0319ScaleMonthlyBP' is set on object 'Object Repository/ADMIN/Admin Onboarding Page/Admin_Onboarding_Step4/Textbox_Marketplace_Name'

2020-03-19 07:19:31 - [MESSAGE][PASSED] - Text '0319ScaleMonthlyBP' is set on object 'Object Repository/ADMIN/Admin Onboarding Page/Admin_Onboarding_Step4/Textbox_Marketplace_Name'

2020-03-19 07:19:31 - [TEST_STEP][PASSED] - setText(findTestObject("ADMIN/Admin Onboarding Page/Admin_Onboarding_Step4/Textbox_Slogan"), varTheme): Text 'Theme 2' is set on object 'Object Repository/ADMIN/Admin Onboarding Page/Admin_Onboarding_Step4/Textbox_Slogan'

2020-03-19 07:19:31 - [MESSAGE][PASSED] - Text 'Theme 2' is set on object 'Object Repository/ADMIN/Admin Onboarding Page/Admin_Onboarding_Step4/Textbox_Slogan'

2020-03-19 07:19:31 - [TEST_STEP][PASSED] - setText(findTestObject("ADMIN/Admin Onboarding Page/Admin_Onboarding_Step4/Textbox_ContactNumber"), varContactNumber): Text '+631234567890' is set on object 'Object Repository/ADMIN/Admin Onboarding Page/Admin_Onboarding_Step4/Textbox_ContactNumber'

2020-03-19 07:19:31 - [MESSAGE][PASSED] - Text '+631234567890' is set on object 'Object Repository/ADMIN/Admin Onboarding Page/Admin_Onboarding_Step4/Textbox_ContactNumber'

2020-03-19 07:19:31 - [TEST_STEP][PASSED] - setText(findTestObject("ADMIN/Admin Onboarding Page/Admin_Onboarding_Step4/Textbox_ContactEmail"), varEmail): Text 'arcadierteam@gmail.com' is set on object 'Object Repository/ADMIN/Admin Onboarding Page/Admin_Onboarding_Step4/Textbox_ContactEmail'

2020-03-19 07:19:31 - [MESSAGE][PASSED] - Text 'arcadierteam@gmail.com' is set on object 'Object Repository/ADMIN/Admin Onboarding Page/Admin_Onboarding_Step4/Textbox_ContactEmail'

2020-03-19 07:19:31 - [TEST_STEP][PASSED] - click(findTestObject("ADMIN/Admin Onboarding Page/Admin_Onboarding_Step4/Button_Next_Step4"), CONTINUE_ON_FAILURE): Object: 'Object Repository/ADMIN/Admin Onboarding Page/Admin_Onboarding_Step4/Button_Next_Step4' is clicked on

2020-03-19 07:19:32 - [MESSAGE][PASSED] - Object: 'Object Repository/ADMIN/Admin Onboarding Page/Admin_Onboarding_Step4/Button_Next_Step4' is clicked on

2020-03-19 07:19:32 - [TEST_STEP][PASSED] - comment("Step 5"): Step 5

2020-03-19 07:19:32 - [MESSAGE][INFO] - Step 5

2020-03-19 07:19:32 - [TEST_STEP][PASSED] - waitForElementVisible(findTestObject("ADMIN/Admin Onboarding Page/Admin_Onboarding_Step5/h1_5. Preview  pick out a mark"), 0): Object 'Object Repository/ADMIN/Admin Onboarding Page/Admin_Onboarding_Step5/h1_5. Preview  pick out a mark' is visible

2020-03-19 07:19:32 - [MESSAGE][WARNING] - Timeout '0' is invalid. Using default page load timeout: '30'

2020-03-19 07:19:33 - [MESSAGE][PASSED] - Object 'Object Repository/ADMIN/Admin Onboarding Page/Admin_Onboarding_Step5/h1_5. Preview  pick out a mark' is visible

2020-03-19 07:19:33 - [TEST_STEP][PASSED] - if (varTemplate == "Bespoke"): Object: 'Object Repository/ADMIN/Admin Onboarding Page/Admin_Onboarding_Step5/Bespoke_Theme_Selection/Theme2_select' is clicked on

2020-03-19 07:19:33 - [TEST_STEP][PASSED] - if (varTheme == "Theme 1"): null

2020-03-19 07:19:33 - [TEST_STEP][PASSED] - else if (varTheme == "Theme 2"): Object: 'Object Repository/ADMIN/Admin Onboarding Page/Admin_Onboarding_Step5/Bespoke_Theme_Selection/Theme2_select' is clicked on

2020-03-19 07:19:33 - [TEST_STEP][PASSED] - click(findTestObject("ADMIN/Admin Onboarding Page/Admin_Onboarding_Step5/Bespoke_Theme_Selection/Theme2_select")): Object: 'Object Repository/ADMIN/Admin Onboarding Page/Admin_Onboarding_Step5/Bespoke_Theme_Selection/Theme2_select' is clicked on

2020-03-19 07:19:33 - [MESSAGE][PASSED] - Object: 'Object Repository/ADMIN/Admin Onboarding Page/Admin_Onboarding_Step5/Bespoke_Theme_Selection/Theme2_select' is clicked on

2020-03-19 07:19:33 - [TEST_STEP][PASSED] - click(findTestObject("ADMIN/Admin Onboarding Page/Admin_Onboarding_Step5/Button_Next_Step5")): Object: 'Object Repository/ADMIN/Admin Onboarding Page/Admin_Onboarding_Step5/Button_Next_Step5' is clicked on

2020-03-19 07:19:34 - [MESSAGE][PASSED] - Object: 'Object Repository/ADMIN/Admin Onboarding Page/Admin_Onboarding_Step5/Button_Next_Step5' is clicked on

2020-03-19 07:19:34 - [TEST_STEP][PASSED] - comment("Step 6"): Step 6

2020-03-19 07:19:34 - [MESSAGE][INFO] - Step 6

2020-03-19 07:19:34 - [TEST_STEP][PASSED] - waitForElementVisible(findTestObject("ADMIN/Admin Onboarding Page/Admin_Onboarding_Step6/Textlabel_Select your marketplace"), 0): Object 'Object Repository/ADMIN/Admin Onboarding Page/Admin_Onboarding_Step6/Textlabel_Select your marketplace' is visible

2020-03-19 07:19:34 - [MESSAGE][WARNING] - Timeout '0' is invalid. Using default page load timeout: '30'

2020-03-19 07:19:35 - [MESSAGE][PASSED] - Object 'Object Repository/ADMIN/Admin Onboarding Page/Admin_Onboarding_Step6/Textlabel_Select your marketplace' is visible

2020-03-19 07:19:35 - [TEST_STEP][PASSED] - click(findTestObject("ADMIN/Admin Onboarding Page/Admin_Onboarding_Step6/Button_Browse_Step6"), CONTINUE_ON_FAILURE): Object: 'Object Repository/ADMIN/Admin Onboarding Page/Admin_Onboarding_Step6/Button_Browse_Step6' is clicked on

2020-03-19 07:19:35 - [MESSAGE][PASSED] - Object: 'Object Repository/ADMIN/Admin Onboarding Page/Admin_Onboarding_Step6/Button_Browse_Step6' is clicked on

2020-03-19 07:19:35 - [TEST_STEP][PASSED] - delay(2): Delayed 2 second(s)

2020-03-19 07:19:37 - [MESSAGE][PASSED] - Delayed 2 second(s)

2020-03-19 07:19:37 - [TEST_STEP][PASSED] - uploadFile(findTestObject("ADMIN/Admin Onboarding Page/Admin_Onboarding_Step6/Image_Container"), varCoverImage): File 'C:\\Katalon\\Arctick\\Images\\LogoLayout\\coverimage3.jpg' sent to object: 'Object Repository/ADMIN/Admin Onboarding Page/Admin_Onboarding_Step6/Image_Container'

2020-03-19 07:19:37 - [MESSAGE][PASSED] - File 'C:\\Katalon\\Arctick\\Images\\LogoLayout\\coverimage3.jpg' sent to object: 'Object Repository/ADMIN/Admin Onboarding Page/Admin_Onboarding_Step6/Image_Container'

2020-03-19 07:19:37 - [TEST_STEP][PASSED] - waitForElementVisible(findTestObject("ADMIN/Admin Onboarding Page/Admin_Onboarding_Step6/Image Cropper/div_btn btn-success btn-ok"), 0): Object 'Object Repository/ADMIN/Admin Onboarding Page/Admin_Onboarding_Step6/Image Cropper/div_btn btn-success btn-ok' is visible

2020-03-19 07:19:37 - [MESSAGE][WARNING] - Timeout '0' is invalid. Using default page load timeout: '30'

2020-03-19 07:19:37 - [MESSAGE][PASSED] - Object 'Object Repository/ADMIN/Admin Onboarding Page/Admin_Onboarding_Step6/Image Cropper/div_btn btn-success btn-ok' is visible

2020-03-19 07:19:37 - [TEST_STEP][PASSED] - click(findTestObject("ADMIN/Admin Onboarding Page/Admin_Onboarding_Step6/Image Cropper/div_btn btn-success btn-ok"), CONTINUE_ON_FAILURE): Object: 'Object Repository/ADMIN/Admin Onboarding Page/Admin_Onboarding_Step6/Image Cropper/div_btn btn-success btn-ok' is clicked on

2020-03-19 07:19:37 - [MESSAGE][PASSED] - Object: 'Object Repository/ADMIN/Admin Onboarding Page/Admin_Onboarding_Step6/Image Cropper/div_btn btn-success btn-ok' is clicked on

2020-03-19 07:19:37 - [TEST_STEP][PASSED] - waitForElementVisible(findTestObject("ADMIN/Admin Onboarding Page/Admin_Onboarding_Step6/Image Cropper/a_Save Photo"), 0): Object 'Object Repository/ADMIN/Admin Onboarding Page/Admin_Onboarding_Step6/Image Cropper/a_Save Photo' is visible

2020-03-19 07:19:37 - [MESSAGE][WARNING] - Timeout '0' is invalid. Using default page load timeout: '30'

2020-03-19 07:19:37 - [MESSAGE][PASSED] - Object 'Object Repository/ADMIN/Admin Onboarding Page/Admin_Onboarding_Step6/Image Cropper/a_Save Photo' is visible

2020-03-19 07:19:37 - [TEST_STEP][PASSED] - click(findTestObject("ADMIN/Admin Onboarding Page/Admin_Onboarding_Step6/Image Cropper/a_Save Photo"), CONTINUE_ON_FAILURE): Object: 'Object Repository/ADMIN/Admin Onboarding Page/Admin_Onboarding_Step6/Image Cropper/a_Save Photo' is clicked on

2020-03-19 07:19:38 - [MESSAGE][PASSED] - Object: 'Object Repository/ADMIN/Admin Onboarding Page/Admin_Onboarding_Step6/Image Cropper/a_Save Photo' is clicked on

2020-03-19 07:19:38 - [TEST_STEP][PASSED] - delay(1): Delayed 1 second(s)

2020-03-19 07:19:39 - [MESSAGE][PASSED] - Delayed 1 second(s)

2020-03-19 07:19:39 - [TEST_STEP][PASSED] - click(findTestObject("ADMIN/Admin Onboarding Page/Admin_Onboarding_Step6/Button_Next_Step6"), CONTINUE_ON_FAILURE): Object: 'Object Repository/ADMIN/Admin Onboarding Page/Admin_Onboarding_Step6/Button_Next_Step6' is clicked on

2020-03-19 07:19:39 - [MESSAGE][PASSED] - Object: 'Object Repository/ADMIN/Admin Onboarding Page/Admin_Onboarding_Step6/Button_Next_Step6' is clicked on

2020-03-19 07:19:39 - [TEST_STEP][PASSED] - comment("Step 7 (editable variables)"): Step 7 (editable variables)

2020-03-19 07:19:39 - [MESSAGE][INFO] - Step 7 (editable variables)

2020-03-19 07:19:39 - [TEST_STEP][PASSED] - waitForElementVisible(findTestObject("ADMIN/Admin Onboarding Page/Admin_Onboarding_Step7/Textlabel_7. Now how would you like t"), 0): Object 'Object Repository/ADMIN/Admin Onboarding Page/Admin_Onboarding_Step7/Textlabel_7. Now how would you like t' is visible

2020-03-19 07:19:39 - [MESSAGE][WARNING] - Timeout '0' is invalid. Using default page load timeout: '30'

2020-03-19 07:19:40 - [MESSAGE][PASSED] - Object 'Object Repository/ADMIN/Admin Onboarding Page/Admin_Onboarding_Step7/Textlabel_7. Now how would you like t' is visible

2020-03-19 07:19:40 - [TEST_STEP][PASSED] - selectOptionByLabel(findTestObject("ADMIN/Admin Onboarding Page/Admin_Onboarding_Step7/Dropdown_Currency"), varCurrency, false): All options with label 'SGD' are selected in object 'Object Repository/ADMIN/Admin Onboarding Page/Admin_Onboarding_Step7/Dropdown_Currency' 

2020-03-19 07:19:41 - [MESSAGE][PASSED] - All options with label 'SGD' are selected in object 'Object Repository/ADMIN/Admin Onboarding Page/Admin_Onboarding_Step7/Dropdown_Currency' 

2020-03-19 07:19:41 - [TEST_STEP][PASSED] - setText(findTestObject("ADMIN/Admin Onboarding Page/Admin_Onboarding_Step7/Textbox_TransactionFee"), varAdminFee): Text '100' is set on object 'Object Repository/ADMIN/Admin Onboarding Page/Admin_Onboarding_Step7/Textbox_TransactionFee'

2020-03-19 07:19:41 - [MESSAGE][PASSED] - Text '100' is set on object 'Object Repository/ADMIN/Admin Onboarding Page/Admin_Onboarding_Step7/Textbox_TransactionFee'

2020-03-19 07:19:41 - [TEST_STEP][PASSED] - click(findTestObject("ADMIN/Admin Onboarding Page/Admin_Onboarding_Step7/Button_Next_Step7"), CONTINUE_ON_FAILURE): Object: 'Object Repository/ADMIN/Admin Onboarding Page/Admin_Onboarding_Step7/Button_Next_Step7' is clicked on

2020-03-19 07:19:42 - [MESSAGE][PASSED] - Object: 'Object Repository/ADMIN/Admin Onboarding Page/Admin_Onboarding_Step7/Button_Next_Step7' is clicked on

2020-03-19 07:19:42 - [TEST_STEP][PASSED] - comment("Step 8"): Step 8

2020-03-19 07:19:42 - [MESSAGE][INFO] - Step 8

2020-03-19 07:19:42 - [TEST_STEP][PASSED] - waitForElementVisible(findTestObject("ADMIN/Admin Onboarding Page/Admin_Onboarding_Step8/Textlabel_Review your marketplace pol"), 0): Object 'Object Repository/ADMIN/Admin Onboarding Page/Admin_Onboarding_Step8/Textlabel_Review your marketplace pol' is visible

2020-03-19 07:19:42 - [MESSAGE][WARNING] - Timeout '0' is invalid. Using default page load timeout: '30'

2020-03-19 07:19:42 - [MESSAGE][PASSED] - Object 'Object Repository/ADMIN/Admin Onboarding Page/Admin_Onboarding_Step8/Textlabel_Review your marketplace pol' is visible

2020-03-19 07:19:42 - [TEST_STEP][PASSED] - comment("Checkbox Return Policy"): Checkbox Return Policy

2020-03-19 07:19:42 - [MESSAGE][INFO] - Checkbox Return Policy

2020-03-19 07:19:42 - [TEST_STEP][PASSED] - click(findTestObject("ADMIN/Admin Onboarding Page/Admin_Onboarding_Step8/Checkbox_ReturnPolicy")): Object: 'Object Repository/ADMIN/Admin Onboarding Page/Admin_Onboarding_Step8/Checkbox_ReturnPolicy' is clicked on

2020-03-19 07:19:42 - [MESSAGE][PASSED] - Object: 'Object Repository/ADMIN/Admin Onboarding Page/Admin_Onboarding_Step8/Checkbox_ReturnPolicy' is clicked on

2020-03-19 07:19:42 - [TEST_STEP][PASSED] - comment("Terms and Condition"): Terms and Condition

2020-03-19 07:19:42 - [MESSAGE][INFO] - Terms and Condition

2020-03-19 07:19:42 - [TEST_STEP][PASSED] - click(findTestObject("ADMIN/Admin Onboarding Page/Admin_Onboarding_Step8/Checkbox_IsAgreed")): Object: 'Object Repository/ADMIN/Admin Onboarding Page/Admin_Onboarding_Step8/Checkbox_IsAgreed' is clicked on

2020-03-19 07:19:43 - [MESSAGE][PASSED] - Object: 'Object Repository/ADMIN/Admin Onboarding Page/Admin_Onboarding_Step8/Checkbox_IsAgreed' is clicked on

2020-03-19 07:19:43 - [TEST_STEP][PASSED] - click(findTestObject("ADMIN/Admin Onboarding Page/Admin_Onboarding_Step8/Button_Next_Step8")): Object: 'Object Repository/ADMIN/Admin Onboarding Page/Admin_Onboarding_Step8/Button_Next_Step8' is clicked on

2020-03-19 07:19:45 - [MESSAGE][PASSED] - Object: 'Object Repository/ADMIN/Admin Onboarding Page/Admin_Onboarding_Step8/Button_Next_Step8' is clicked on]]></system-out>
         <system-err><![CDATA[]]></system-err>
      </testcase>
      <testcase name="Test Cases/ADMIN/Onboarding/Complete Onboarding" time="34.038" classname="Test Cases/ADMIN/Onboarding/Complete Onboarding" status="PASSED">
         <system-out><![CDATA[2020-03-19 07:19:45 - [TEST_CASE][PASSED] - Test Cases/ADMIN/Onboarding/Complete Onboarding: Test Cases/ADMIN/Onboarding/Complete Onboarding

2020-03-19 07:19:46 - [TEST_STEP][PASSED] - comment("Create Account"): Create Account

2020-03-19 07:19:46 - [MESSAGE][INFO] - Create Account

2020-03-19 07:19:46 - [TEST_STEP][PASSED] - openBrowser(""): Browser is opened with url: ''

2020-03-19 07:19:46 - [MESSAGE][WARNING] - A browser is already opened. Closing browser and opening a new one

2020-03-19 07:19:47 - [MESSAGE][INFO] - Starting 'Chrome' driver

2020-03-19 07:19:47 - [MESSAGE][INFO] - User set preference: ['args', '[--incognito]']

2020-03-19 07:19:48 - [MESSAGE][PASSED] - Browser is opened with url: ''

2020-03-19 07:19:48 - [TEST_STEP][PASSED] - if (varServer == "Test"): Navigate to 'https://www.test.arcadier.io' successfully

2020-03-19 07:19:48 - [TEST_STEP][PASSED] - navigateToUrl("https://www.test.arcadier.io"): Navigate to 'https://www.test.arcadier.io' successfully

2020-03-19 07:19:50 - [MESSAGE][PASSED] - Navigate to 'https://www.test.arcadier.io' successfully

2020-03-19 07:19:50 - [TEST_STEP][PASSED] - maximizeWindow(): Current window maximized

2020-03-19 07:19:50 - [MESSAGE][PASSED] - Current window maximized

2020-03-19 07:19:50 - [TEST_STEP][PASSED] - if (varAccountType == "custom"): Object: 'Object Repository/ADMIN/Admin Onboarding Page/Admin Onboarding CustomAcc/Button_Sign_Up' is clicked on

2020-03-19 07:19:50 - [TEST_STEP][PASSED] - click(findTestObject("ADMIN/Admin Onboarding Page/Create_Account_Page/Button_Create_Account")): Object: 'Object Repository/ADMIN/Admin Onboarding Page/Create_Account_Page/Button_Create_Account' is clicked on

2020-03-19 07:19:51 - [MESSAGE][PASSED] - Object: 'Object Repository/ADMIN/Admin Onboarding Page/Create_Account_Page/Button_Create_Account' is clicked on

2020-03-19 07:19:51 - [TEST_STEP][PASSED] - verifyElementPresent(findTestObject("ADMIN/Admin Onboarding Page/Admin Onboarding CustomAcc/Textbox_Username"), 0): Object 'Object Repository/ADMIN/Admin Onboarding Page/Admin Onboarding CustomAcc/Textbox_Username' is present

2020-03-19 07:19:51 - [MESSAGE][WARNING] - Timeout '0' is invalid. Using default page load timeout: '30'

2020-03-19 07:19:51 - [MESSAGE][PASSED] - Object 'Object Repository/ADMIN/Admin Onboarding Page/Admin Onboarding CustomAcc/Textbox_Username' is present

2020-03-19 07:19:51 - [TEST_STEP][PASSED] - setText(findTestObject("ADMIN/Admin Onboarding Page/Admin Onboarding CustomAcc/Textbox_Username"), varUsername): Text '0319Basic6MonthST' is set on object 'Object Repository/ADMIN/Admin Onboarding Page/Admin Onboarding CustomAcc/Textbox_Username'

2020-03-19 07:19:51 - [MESSAGE][PASSED] - Text '0319Basic6MonthST' is set on object 'Object Repository/ADMIN/Admin Onboarding Page/Admin Onboarding CustomAcc/Textbox_Username'

2020-03-19 07:19:51 - [TEST_STEP][PASSED] - setText(findTestObject("ADMIN/Admin Onboarding Page/Admin Onboarding CustomAcc/Textbox_Password"), "welcome8"): Text 'welcome8' is set on object 'Object Repository/ADMIN/Admin Onboarding Page/Admin Onboarding CustomAcc/Textbox_Password'

2020-03-19 07:19:51 - [MESSAGE][PASSED] - Text 'welcome8' is set on object 'Object Repository/ADMIN/Admin Onboarding Page/Admin Onboarding CustomAcc/Textbox_Password'

2020-03-19 07:19:51 - [TEST_STEP][PASSED] - setText(findTestObject("ADMIN/Admin Onboarding Page/Admin Onboarding CustomAcc/Textbox_Reconfirm_Password"), "welcome8"): Text 'welcome8' is set on object 'Object Repository/ADMIN/Admin Onboarding Page/Admin Onboarding CustomAcc/Textbox_Reconfirm_Password'

2020-03-19 07:19:51 - [MESSAGE][PASSED] - Text 'welcome8' is set on object 'Object Repository/ADMIN/Admin Onboarding Page/Admin Onboarding CustomAcc/Textbox_Reconfirm_Password'

2020-03-19 07:19:51 - [TEST_STEP][PASSED] - click(findTestObject("ADMIN/Admin Onboarding Page/Admin Onboarding CustomAcc/Button_Sign_Up")): Object: 'Object Repository/ADMIN/Admin Onboarding Page/Admin Onboarding CustomAcc/Button_Sign_Up' is clicked on

2020-03-19 07:19:54 - [MESSAGE][PASSED] - Object: 'Object Repository/ADMIN/Admin Onboarding Page/Admin Onboarding CustomAcc/Button_Sign_Up' is clicked on

2020-03-19 07:19:54 - [TEST_STEP][PASSED] - comment("Step 1"): Step 1

2020-03-19 07:19:54 - [MESSAGE][INFO] - Step 1

2020-03-19 07:19:54 - [TEST_STEP][PASSED] - selectOptionByLabel(findTestObject("ADMIN/Admin Onboarding Page/Admin_Onboarding_Step1/1stDropdown_Please select one...Im"), "I’m managing them offline", false): All options with label 'I’m managing them offline' are selected in object 'Object Repository/ADMIN/Admin Onboarding Page/Admin_Onboarding_Step1/1stDropdown_Please select one...Im' 

2020-03-19 07:19:54 - [MESSAGE][PASSED] - All options with label 'I’m managing them offline' are selected in object 'Object Repository/ADMIN/Admin Onboarding Page/Admin_Onboarding_Step1/1stDropdown_Please select one...Im' 

2020-03-19 07:19:54 - [TEST_STEP][PASSED] - selectOptionByLabel(findTestObject("ADMIN/Admin Onboarding Page/Admin_Onboarding_Step1/2ndDropdown_Please select one...Don"), "Something else!", false): All options with label 'Something else!' are selected in object 'Object Repository/ADMIN/Admin Onboarding Page/Admin_Onboarding_Step1/2ndDropdown_Please select one...Don' 

2020-03-19 07:19:54 - [MESSAGE][PASSED] - All options with label 'Something else!' are selected in object 'Object Repository/ADMIN/Admin Onboarding Page/Admin_Onboarding_Step1/2ndDropdown_Please select one...Don' 

2020-03-19 07:19:54 - [TEST_STEP][PASSED] - setText(findTestObject("ADMIN/Admin Onboarding Page/Admin_Onboarding_Step1/2nddropdown_textbox_OtherMarketplaceType"), "Marketplace"): Text 'Marketplace' is set on object 'Object Repository/ADMIN/Admin Onboarding Page/Admin_Onboarding_Step1/2nddropdown_textbox_OtherMarketplaceType'

2020-03-19 07:19:55 - [MESSAGE][PASSED] - Text 'Marketplace' is set on object 'Object Repository/ADMIN/Admin Onboarding Page/Admin_Onboarding_Step1/2nddropdown_textbox_OtherMarketplaceType'

2020-03-19 07:19:55 - [TEST_STEP][PASSED] - selectOptionByLabel(findTestObject("ADMIN/Admin Onboarding Page/Admin_Onboarding_Step1/3rdDropdown_Im an individualIm work"), "Someone else!", false): All options with label 'Someone else!' are selected in object 'Object Repository/ADMIN/Admin Onboarding Page/Admin_Onboarding_Step1/3rdDropdown_Im an individualIm work' 

2020-03-19 07:19:55 - [MESSAGE][PASSED] - All options with label 'Someone else!' are selected in object 'Object Repository/ADMIN/Admin Onboarding Page/Admin_Onboarding_Step1/3rdDropdown_Im an individualIm work' 

2020-03-19 07:19:55 - [TEST_STEP][PASSED] - setText(findTestObject("ADMIN/Admin Onboarding Page/Admin_Onboarding_Step1/3rddropdown_textbox_OtherEntityType"), "Business Man"): Text 'Business Man' is set on object 'Object Repository/ADMIN/Admin Onboarding Page/Admin_Onboarding_Step1/3rddropdown_textbox_OtherEntityType'

2020-03-19 07:19:55 - [MESSAGE][PASSED] - Text 'Business Man' is set on object 'Object Repository/ADMIN/Admin Onboarding Page/Admin_Onboarding_Step1/3rddropdown_textbox_OtherEntityType'

2020-03-19 07:19:55 - [TEST_STEP][PASSED] - setText(findTestObject("ADMIN/Admin Onboarding Page/Admin_Onboarding_Step1/3rddropdown_textbox_OtherEntityType"), "Business Man"): Text 'Business Man' is set on object 'Object Repository/ADMIN/Admin Onboarding Page/Admin_Onboarding_Step1/3rddropdown_textbox_OtherEntityType'

2020-03-19 07:19:56 - [MESSAGE][PASSED] - Text 'Business Man' is set on object 'Object Repository/ADMIN/Admin Onboarding Page/Admin_Onboarding_Step1/3rddropdown_textbox_OtherEntityType'

2020-03-19 07:19:56 - [TEST_STEP][PASSED] - click(findTestObject("ADMIN/Admin Onboarding Page/Admin_Onboarding_Step1/Button_NEXT_Step1")): Object: 'Object Repository/ADMIN/Admin Onboarding Page/Admin_Onboarding_Step1/Button_NEXT_Step1' is clicked on

2020-03-19 07:19:57 - [MESSAGE][PASSED] - Object: 'Object Repository/ADMIN/Admin Onboarding Page/Admin_Onboarding_Step1/Button_NEXT_Step1' is clicked on

2020-03-19 07:19:57 - [TEST_STEP][PASSED] - comment("Step 2"): Step 2

2020-03-19 07:19:57 - [MESSAGE][INFO] - Step 2

2020-03-19 07:19:57 - [TEST_STEP][PASSED] - waitForElementVisible(findTestObject("ADMIN/Admin Onboarding Page/Admin_Onboarding_Step2/Textlabel_We will like to know mor"), 0): Object 'Object Repository/ADMIN/Admin Onboarding Page/Admin_Onboarding_Step2/Textlabel_We will like to know mor' is visible

2020-03-19 07:19:57 - [MESSAGE][WARNING] - Timeout '0' is invalid. Using default page load timeout: '30'

2020-03-19 07:19:57 - [MESSAGE][PASSED] - Object 'Object Repository/ADMIN/Admin Onboarding Page/Admin_Onboarding_Step2/Textlabel_We will like to know mor' is visible

2020-03-19 07:19:57 - [TEST_STEP][PASSED] - setText(findTestObject("ADMIN/Admin Onboarding Page/Admin_Onboarding_Step2/Textbox_FirstName"), varFName): Text '0319Basic6MonthST' is set on object 'Object Repository/ADMIN/Admin Onboarding Page/Admin_Onboarding_Step2/Textbox_FirstName'

2020-03-19 07:19:57 - [MESSAGE][PASSED] - Text '0319Basic6MonthST' is set on object 'Object Repository/ADMIN/Admin Onboarding Page/Admin_Onboarding_Step2/Textbox_FirstName'

2020-03-19 07:19:57 - [TEST_STEP][PASSED] - setText(findTestObject("ADMIN/Admin Onboarding Page/Admin_Onboarding_Step2/Textbox_LastName"), varLName): Text 'Marketplace' is set on object 'Object Repository/ADMIN/Admin Onboarding Page/Admin_Onboarding_Step2/Textbox_LastName'

2020-03-19 07:19:58 - [MESSAGE][PASSED] - Text 'Marketplace' is set on object 'Object Repository/ADMIN/Admin Onboarding Page/Admin_Onboarding_Step2/Textbox_LastName'

2020-03-19 07:19:58 - [TEST_STEP][PASSED] - setText(findTestObject("ADMIN/Admin Onboarding Page/Admin_Onboarding_Step2/Textbox_Email"), varEmail): Text 'arcadierteam@gmail.com' is set on object 'Object Repository/ADMIN/Admin Onboarding Page/Admin_Onboarding_Step2/Textbox_Email'

2020-03-19 07:19:58 - [MESSAGE][PASSED] - Text 'arcadierteam@gmail.com' is set on object 'Object Repository/ADMIN/Admin Onboarding Page/Admin_Onboarding_Step2/Textbox_Email'

2020-03-19 07:19:58 - [TEST_STEP][PASSED] - delay(1): Delayed 1 second(s)

2020-03-19 07:19:59 - [MESSAGE][PASSED] - Delayed 1 second(s)

2020-03-19 07:19:59 - [TEST_STEP][PASSED] - selectOptionByLabel(findTestObject("ADMIN/Admin Onboarding Page/Admin_Onboarding_Step2/Country_Dropdown"), varCountry, false): All options with label 'Italy' are selected in object 'Object Repository/ADMIN/Admin Onboarding Page/Admin_Onboarding_Step2/Country_Dropdown' 

2020-03-19 07:19:59 - [MESSAGE][PASSED] - All options with label 'Italy' are selected in object 'Object Repository/ADMIN/Admin Onboarding Page/Admin_Onboarding_Step2/Country_Dropdown' 

2020-03-19 07:19:59 - [TEST_STEP][PASSED] - setText(findTestObject("ADMIN/Admin Onboarding Page/Admin_Onboarding_Step2/Address_Line1"), varAddress1): Text 'Strada Statale 130' is set on object 'Object Repository/ADMIN/Admin Onboarding Page/Admin_Onboarding_Step2/Address_Line1'

2020-03-19 07:20:00 - [MESSAGE][PASSED] - Text 'Strada Statale 130' is set on object 'Object Repository/ADMIN/Admin Onboarding Page/Admin_Onboarding_Step2/Address_Line1'

2020-03-19 07:20:00 - [TEST_STEP][PASSED] - setText(findTestObject("ADMIN/Admin Onboarding Page/Admin_Onboarding_Step2/Address_Line2"), varAddress2): Text 'Dorzano, Biella 13881' is set on object 'Object Repository/ADMIN/Admin Onboarding Page/Admin_Onboarding_Step2/Address_Line2'

2020-03-19 07:20:00 - [MESSAGE][PASSED] - Text 'Dorzano, Biella 13881' is set on object 'Object Repository/ADMIN/Admin Onboarding Page/Admin_Onboarding_Step2/Address_Line2'

2020-03-19 07:20:00 - [TEST_STEP][PASSED] - setText(findTestObject("ADMIN/Admin Onboarding Page/Admin_Onboarding_Step2/Textbox_PhoneNumber"), varContactNumber): Text '+631234567890' is set on object 'Object Repository/ADMIN/Admin Onboarding Page/Admin_Onboarding_Step2/Textbox_PhoneNumber'

2020-03-19 07:20:00 - [MESSAGE][PASSED] - Text '+631234567890' is set on object 'Object Repository/ADMIN/Admin Onboarding Page/Admin_Onboarding_Step2/Textbox_PhoneNumber'

2020-03-19 07:20:00 - [TEST_STEP][PASSED] - click(findTestObject("ADMIN/Admin Onboarding Page/Admin_Onboarding_Step2/Button_Next_Step2"), CONTINUE_ON_FAILURE): Object: 'Object Repository/ADMIN/Admin Onboarding Page/Admin_Onboarding_Step2/Button_Next_Step2' is clicked on

2020-03-19 07:20:01 - [MESSAGE][PASSED] - Object: 'Object Repository/ADMIN/Admin Onboarding Page/Admin_Onboarding_Step2/Button_Next_Step2' is clicked on

2020-03-19 07:20:01 - [TEST_STEP][PASSED] - comment("Step 3"): Step 3

2020-03-19 07:20:01 - [MESSAGE][INFO] - Step 3

2020-03-19 07:20:01 - [TEST_STEP][PASSED] - waitForElementVisible(findTestObject("ADMIN/Admin Onboarding Page/Admin_Onboarding_Step3/TextLabel_What type of marketplace"), 0): Object 'Object Repository/ADMIN/Admin Onboarding Page/Admin_Onboarding_Step3/TextLabel_What type of marketplace' is visible

2020-03-19 07:20:01 - [MESSAGE][WARNING] - Timeout '0' is invalid. Using default page load timeout: '30'

2020-03-19 07:20:02 - [MESSAGE][PASSED] - Object 'Object Repository/ADMIN/Admin Onboarding Page/Admin_Onboarding_Step3/TextLabel_What type of marketplace' is visible

2020-03-19 07:20:02 - [TEST_STEP][PASSED] - delay(1): Delayed 1 second(s)

2020-03-19 07:20:03 - [MESSAGE][PASSED] - Delayed 1 second(s)

2020-03-19 07:20:03 - [TEST_STEP][PASSED] - if (varTemplate == "Bespoke"): null

2020-03-19 07:20:03 - [TEST_STEP][PASSED] - else if (varTemplate == "ServiceBookings(TIME)"): null

2020-03-19 07:20:03 - [TEST_STEP][PASSED] - else if (varTemplate == "RentalGoods(TIME)"): null

2020-03-19 07:20:03 - [TEST_STEP][PASSED] - else if (varTemplate == "Space"): Object: 'Object Repository/ADMIN/Admin Onboarding Page/Admin_Onboarding_Step3/Select/a_Select_Space Rental' is clicked on

2020-03-19 07:20:03 - [TEST_STEP][PASSED] - mouseOver(findTestObject("ADMIN/Admin Onboarding Page/Admin_Onboarding_Step3/Preview/div_ Preview Select Space Rent")): Object: 'Object Repository/ADMIN/Admin Onboarding Page/Admin_Onboarding_Step3/Preview/div_ Preview Select Space Rent' is hovered

2020-03-19 07:20:03 - [MESSAGE][PASSED] - Object: 'Object Repository/ADMIN/Admin Onboarding Page/Admin_Onboarding_Step3/Preview/div_ Preview Select Space Rent' is hovered

2020-03-19 07:20:03 - [TEST_STEP][PASSED] - delay(1): Delayed 1 second(s)

2020-03-19 07:20:04 - [MESSAGE][PASSED] - Delayed 1 second(s)

2020-03-19 07:20:04 - [TEST_STEP][PASSED] - click(findTestObject("ADMIN/Admin Onboarding Page/Admin_Onboarding_Step3/Select/a_Select_Space Rental")): Object: 'Object Repository/ADMIN/Admin Onboarding Page/Admin_Onboarding_Step3/Select/a_Select_Space Rental' is clicked on

2020-03-19 07:20:04 - [MESSAGE][PASSED] - Object: 'Object Repository/ADMIN/Admin Onboarding Page/Admin_Onboarding_Step3/Select/a_Select_Space Rental' is clicked on

2020-03-19 07:20:04 - [TEST_STEP][PASSED] - comment("Step 4"): Step 4

2020-03-19 07:20:04 - [MESSAGE][INFO] - Step 4

2020-03-19 07:20:04 - [TEST_STEP][PASSED] - uploadFile(findTestObject("ADMIN/Admin Onboarding Page/Admin_Onboarding_Step4/Button_Browse_Step4"), varLogo): File 'C:\\Katalon\\Arctick\\Images\\LogoLayout\\logo2.jpg' sent to object: 'Object Repository/ADMIN/Admin Onboarding Page/Admin_Onboarding_Step4/Button_Browse_Step4'

2020-03-19 07:20:05 - [MESSAGE][PASSED] - File 'C:\\Katalon\\Arctick\\Images\\LogoLayout\\logo2.jpg' sent to object: 'Object Repository/ADMIN/Admin Onboarding Page/Admin_Onboarding_Step4/Button_Browse_Step4'

2020-03-19 07:20:05 - [TEST_STEP][PASSED] - setText(findTestObject("ADMIN/Admin Onboarding Page/Admin_Onboarding_Step4/Textbox_Marketplace_Name"), varUsername): Text '0319Basic6MonthST' is set on object 'Object Repository/ADMIN/Admin Onboarding Page/Admin_Onboarding_Step4/Textbox_Marketplace_Name'

2020-03-19 07:20:05 - [MESSAGE][PASSED] - Text '0319Basic6MonthST' is set on object 'Object Repository/ADMIN/Admin Onboarding Page/Admin_Onboarding_Step4/Textbox_Marketplace_Name'

2020-03-19 07:20:05 - [TEST_STEP][PASSED] - setText(findTestObject("ADMIN/Admin Onboarding Page/Admin_Onboarding_Step4/Textbox_Slogan"), varTheme): Text 'Theme 2' is set on object 'Object Repository/ADMIN/Admin Onboarding Page/Admin_Onboarding_Step4/Textbox_Slogan'

2020-03-19 07:20:05 - [MESSAGE][PASSED] - Text 'Theme 2' is set on object 'Object Repository/ADMIN/Admin Onboarding Page/Admin_Onboarding_Step4/Textbox_Slogan'

2020-03-19 07:20:05 - [TEST_STEP][PASSED] - setText(findTestObject("ADMIN/Admin Onboarding Page/Admin_Onboarding_Step4/Textbox_ContactNumber"), varContactNumber): Text '+631234567890' is set on object 'Object Repository/ADMIN/Admin Onboarding Page/Admin_Onboarding_Step4/Textbox_ContactNumber'

2020-03-19 07:20:06 - [MESSAGE][PASSED] - Text '+631234567890' is set on object 'Object Repository/ADMIN/Admin Onboarding Page/Admin_Onboarding_Step4/Textbox_ContactNumber'

2020-03-19 07:20:06 - [TEST_STEP][PASSED] - setText(findTestObject("ADMIN/Admin Onboarding Page/Admin_Onboarding_Step4/Textbox_ContactEmail"), varEmail): Text 'arcadierteam@gmail.com' is set on object 'Object Repository/ADMIN/Admin Onboarding Page/Admin_Onboarding_Step4/Textbox_ContactEmail'

2020-03-19 07:20:06 - [MESSAGE][PASSED] - Text 'arcadierteam@gmail.com' is set on object 'Object Repository/ADMIN/Admin Onboarding Page/Admin_Onboarding_Step4/Textbox_ContactEmail'

2020-03-19 07:20:06 - [TEST_STEP][PASSED] - click(findTestObject("ADMIN/Admin Onboarding Page/Admin_Onboarding_Step4/Button_Next_Step4"), CONTINUE_ON_FAILURE): Object: 'Object Repository/ADMIN/Admin Onboarding Page/Admin_Onboarding_Step4/Button_Next_Step4' is clicked on

2020-03-19 07:20:06 - [MESSAGE][PASSED] - Object: 'Object Repository/ADMIN/Admin Onboarding Page/Admin_Onboarding_Step4/Button_Next_Step4' is clicked on

2020-03-19 07:20:06 - [TEST_STEP][PASSED] - comment("Step 5"): Step 5

2020-03-19 07:20:06 - [MESSAGE][INFO] - Step 5

2020-03-19 07:20:06 - [TEST_STEP][PASSED] - waitForElementVisible(findTestObject("ADMIN/Admin Onboarding Page/Admin_Onboarding_Step5/h1_5. Preview  pick out a mark"), 0): Object 'Object Repository/ADMIN/Admin Onboarding Page/Admin_Onboarding_Step5/h1_5. Preview  pick out a mark' is visible

2020-03-19 07:20:06 - [MESSAGE][WARNING] - Timeout '0' is invalid. Using default page load timeout: '30'

2020-03-19 07:20:07 - [MESSAGE][PASSED] - Object 'Object Repository/ADMIN/Admin Onboarding Page/Admin_Onboarding_Step5/h1_5. Preview  pick out a mark' is visible

2020-03-19 07:20:07 - [TEST_STEP][PASSED] - if (varTemplate == "Bespoke"): null

2020-03-19 07:20:07 - [TEST_STEP][PASSED] - else if (varTemplate == "Space"): Object: 'Object Repository/ADMIN/Admin Onboarding Page/Admin_Onboarding_Step5/Button_Theme2_Select' is clicked on

2020-03-19 07:20:07 - [TEST_STEP][PASSED] - if (varTheme == "Theme 1"): null

2020-03-19 07:20:07 - [TEST_STEP][PASSED] - else if (varTheme == "Theme 2"): Object: 'Object Repository/ADMIN/Admin Onboarding Page/Admin_Onboarding_Step5/Button_Theme2_Select' is clicked on

2020-03-19 07:20:07 - [TEST_STEP][PASSED] - click(findTestObject("ADMIN/Admin Onboarding Page/Admin_Onboarding_Step5/Button_Theme2_Select")): Object: 'Object Repository/ADMIN/Admin Onboarding Page/Admin_Onboarding_Step5/Button_Theme2_Select' is clicked on

2020-03-19 07:20:08 - [MESSAGE][PASSED] - Object: 'Object Repository/ADMIN/Admin Onboarding Page/Admin_Onboarding_Step5/Button_Theme2_Select' is clicked on

2020-03-19 07:20:08 - [TEST_STEP][PASSED] - click(findTestObject("ADMIN/Admin Onboarding Page/Admin_Onboarding_Step5/Button_Next_Step5")): Object: 'Object Repository/ADMIN/Admin Onboarding Page/Admin_Onboarding_Step5/Button_Next_Step5' is clicked on

2020-03-19 07:20:09 - [MESSAGE][PASSED] - Object: 'Object Repository/ADMIN/Admin Onboarding Page/Admin_Onboarding_Step5/Button_Next_Step5' is clicked on

2020-03-19 07:20:09 - [TEST_STEP][PASSED] - comment("Step 6"): Step 6

2020-03-19 07:20:09 - [MESSAGE][INFO] - Step 6

2020-03-19 07:20:09 - [TEST_STEP][PASSED] - waitForElementVisible(findTestObject("ADMIN/Admin Onboarding Page/Admin_Onboarding_Step6/Textlabel_Select your marketplace"), 0): Object 'Object Repository/ADMIN/Admin Onboarding Page/Admin_Onboarding_Step6/Textlabel_Select your marketplace' is visible

2020-03-19 07:20:09 - [MESSAGE][WARNING] - Timeout '0' is invalid. Using default page load timeout: '30'

2020-03-19 07:20:09 - [MESSAGE][PASSED] - Object 'Object Repository/ADMIN/Admin Onboarding Page/Admin_Onboarding_Step6/Textlabel_Select your marketplace' is visible

2020-03-19 07:20:09 - [TEST_STEP][PASSED] - click(findTestObject("ADMIN/Admin Onboarding Page/Admin_Onboarding_Step6/Button_Browse_Step6"), CONTINUE_ON_FAILURE): Object: 'Object Repository/ADMIN/Admin Onboarding Page/Admin_Onboarding_Step6/Button_Browse_Step6' is clicked on

2020-03-19 07:20:09 - [MESSAGE][PASSED] - Object: 'Object Repository/ADMIN/Admin Onboarding Page/Admin_Onboarding_Step6/Button_Browse_Step6' is clicked on

2020-03-19 07:20:09 - [TEST_STEP][PASSED] - delay(2): Delayed 2 second(s)

2020-03-19 07:20:11 - [MESSAGE][PASSED] - Delayed 2 second(s)

2020-03-19 07:20:11 - [TEST_STEP][PASSED] - uploadFile(findTestObject("ADMIN/Admin Onboarding Page/Admin_Onboarding_Step6/Image_Container"), varCoverImage): File 'C:\\Katalon\\Arctick\\Images\\LogoLayout\\coverimage3.jpg' sent to object: 'Object Repository/ADMIN/Admin Onboarding Page/Admin_Onboarding_Step6/Image_Container'

2020-03-19 07:20:11 - [MESSAGE][PASSED] - File 'C:\\Katalon\\Arctick\\Images\\LogoLayout\\coverimage3.jpg' sent to object: 'Object Repository/ADMIN/Admin Onboarding Page/Admin_Onboarding_Step6/Image_Container'

2020-03-19 07:20:11 - [TEST_STEP][PASSED] - waitForElementVisible(findTestObject("ADMIN/Admin Onboarding Page/Admin_Onboarding_Step6/Image Cropper/div_btn btn-success btn-ok"), 0): Object 'Object Repository/ADMIN/Admin Onboarding Page/Admin_Onboarding_Step6/Image Cropper/div_btn btn-success btn-ok' is visible

2020-03-19 07:20:11 - [MESSAGE][WARNING] - Timeout '0' is invalid. Using default page load timeout: '30'

2020-03-19 07:20:12 - [MESSAGE][PASSED] - Object 'Object Repository/ADMIN/Admin Onboarding Page/Admin_Onboarding_Step6/Image Cropper/div_btn btn-success btn-ok' is visible

2020-03-19 07:20:12 - [TEST_STEP][PASSED] - click(findTestObject("ADMIN/Admin Onboarding Page/Admin_Onboarding_Step6/Image Cropper/div_btn btn-success btn-ok"), CONTINUE_ON_FAILURE): Object: 'Object Repository/ADMIN/Admin Onboarding Page/Admin_Onboarding_Step6/Image Cropper/div_btn btn-success btn-ok' is clicked on

2020-03-19 07:20:12 - [MESSAGE][PASSED] - Object: 'Object Repository/ADMIN/Admin Onboarding Page/Admin_Onboarding_Step6/Image Cropper/div_btn btn-success btn-ok' is clicked on

2020-03-19 07:20:12 - [TEST_STEP][PASSED] - waitForElementVisible(findTestObject("ADMIN/Admin Onboarding Page/Admin_Onboarding_Step6/Image Cropper/a_Save Photo"), 0): Object 'Object Repository/ADMIN/Admin Onboarding Page/Admin_Onboarding_Step6/Image Cropper/a_Save Photo' is visible

2020-03-19 07:20:12 - [MESSAGE][WARNING] - Timeout '0' is invalid. Using default page load timeout: '30'

2020-03-19 07:20:12 - [MESSAGE][PASSED] - Object 'Object Repository/ADMIN/Admin Onboarding Page/Admin_Onboarding_Step6/Image Cropper/a_Save Photo' is visible

2020-03-19 07:20:12 - [TEST_STEP][PASSED] - click(findTestObject("ADMIN/Admin Onboarding Page/Admin_Onboarding_Step6/Image Cropper/a_Save Photo"), CONTINUE_ON_FAILURE): Object: 'Object Repository/ADMIN/Admin Onboarding Page/Admin_Onboarding_Step6/Image Cropper/a_Save Photo' is clicked on

2020-03-19 07:20:12 - [MESSAGE][PASSED] - Object: 'Object Repository/ADMIN/Admin Onboarding Page/Admin_Onboarding_Step6/Image Cropper/a_Save Photo' is clicked on

2020-03-19 07:20:12 - [TEST_STEP][PASSED] - delay(1): Delayed 1 second(s)

2020-03-19 07:20:13 - [MESSAGE][PASSED] - Delayed 1 second(s)

2020-03-19 07:20:13 - [TEST_STEP][PASSED] - click(findTestObject("ADMIN/Admin Onboarding Page/Admin_Onboarding_Step6/Button_Next_Step6"), CONTINUE_ON_FAILURE): Object: 'Object Repository/ADMIN/Admin Onboarding Page/Admin_Onboarding_Step6/Button_Next_Step6' is clicked on

2020-03-19 07:20:14 - [MESSAGE][PASSED] - Object: 'Object Repository/ADMIN/Admin Onboarding Page/Admin_Onboarding_Step6/Button_Next_Step6' is clicked on

2020-03-19 07:20:14 - [TEST_STEP][PASSED] - comment("Step 7 (editable variables)"): Step 7 (editable variables)

2020-03-19 07:20:14 - [MESSAGE][INFO] - Step 7 (editable variables)

2020-03-19 07:20:14 - [TEST_STEP][PASSED] - waitForElementVisible(findTestObject("ADMIN/Admin Onboarding Page/Admin_Onboarding_Step7/Textlabel_7. Now how would you like t"), 0): Object 'Object Repository/ADMIN/Admin Onboarding Page/Admin_Onboarding_Step7/Textlabel_7. Now how would you like t' is visible

2020-03-19 07:20:14 - [MESSAGE][WARNING] - Timeout '0' is invalid. Using default page load timeout: '30'

2020-03-19 07:20:15 - [MESSAGE][PASSED] - Object 'Object Repository/ADMIN/Admin Onboarding Page/Admin_Onboarding_Step7/Textlabel_7. Now how would you like t' is visible

2020-03-19 07:20:15 - [TEST_STEP][PASSED] - selectOptionByLabel(findTestObject("ADMIN/Admin Onboarding Page/Admin_Onboarding_Step7/Dropdown_Currency"), varCurrency, false): All options with label 'SGD' are selected in object 'Object Repository/ADMIN/Admin Onboarding Page/Admin_Onboarding_Step7/Dropdown_Currency' 

2020-03-19 07:20:15 - [MESSAGE][PASSED] - All options with label 'SGD' are selected in object 'Object Repository/ADMIN/Admin Onboarding Page/Admin_Onboarding_Step7/Dropdown_Currency' 

2020-03-19 07:20:15 - [TEST_STEP][PASSED] - setText(findTestObject("ADMIN/Admin Onboarding Page/Admin_Onboarding_Step7/Textbox_TransactionFee"), varAdminFee): Text '100' is set on object 'Object Repository/ADMIN/Admin Onboarding Page/Admin_Onboarding_Step7/Textbox_TransactionFee'

2020-03-19 07:20:15 - [MESSAGE][PASSED] - Text '100' is set on object 'Object Repository/ADMIN/Admin Onboarding Page/Admin_Onboarding_Step7/Textbox_TransactionFee'

2020-03-19 07:20:15 - [TEST_STEP][PASSED] - click(findTestObject("ADMIN/Admin Onboarding Page/Admin_Onboarding_Step7/Button_Next_Step7"), CONTINUE_ON_FAILURE): Object: 'Object Repository/ADMIN/Admin Onboarding Page/Admin_Onboarding_Step7/Button_Next_Step7' is clicked on

2020-03-19 07:20:16 - [MESSAGE][PASSED] - Object: 'Object Repository/ADMIN/Admin Onboarding Page/Admin_Onboarding_Step7/Button_Next_Step7' is clicked on

2020-03-19 07:20:16 - [TEST_STEP][PASSED] - comment("Step 8"): Step 8

2020-03-19 07:20:16 - [MESSAGE][INFO] - Step 8

2020-03-19 07:20:16 - [TEST_STEP][PASSED] - waitForElementVisible(findTestObject("ADMIN/Admin Onboarding Page/Admin_Onboarding_Step8/Textlabel_Review your marketplace pol"), 0): Object 'Object Repository/ADMIN/Admin Onboarding Page/Admin_Onboarding_Step8/Textlabel_Review your marketplace pol' is visible

2020-03-19 07:20:16 - [MESSAGE][WARNING] - Timeout '0' is invalid. Using default page load timeout: '30'

2020-03-19 07:20:17 - [MESSAGE][PASSED] - Object 'Object Repository/ADMIN/Admin Onboarding Page/Admin_Onboarding_Step8/Textlabel_Review your marketplace pol' is visible

2020-03-19 07:20:17 - [TEST_STEP][PASSED] - comment("Checkbox Return Policy"): Checkbox Return Policy

2020-03-19 07:20:17 - [MESSAGE][INFO] - Checkbox Return Policy

2020-03-19 07:20:17 - [TEST_STEP][PASSED] - click(findTestObject("ADMIN/Admin Onboarding Page/Admin_Onboarding_Step8/Checkbox_ReturnPolicy")): Object: 'Object Repository/ADMIN/Admin Onboarding Page/Admin_Onboarding_Step8/Checkbox_ReturnPolicy' is clicked on

2020-03-19 07:20:17 - [MESSAGE][PASSED] - Object: 'Object Repository/ADMIN/Admin Onboarding Page/Admin_Onboarding_Step8/Checkbox_ReturnPolicy' is clicked on

2020-03-19 07:20:17 - [TEST_STEP][PASSED] - comment("Terms and Condition"): Terms and Condition

2020-03-19 07:20:17 - [MESSAGE][INFO] - Terms and Condition

2020-03-19 07:20:17 - [TEST_STEP][PASSED] - click(findTestObject("ADMIN/Admin Onboarding Page/Admin_Onboarding_Step8/Checkbox_IsAgreed")): Object: 'Object Repository/ADMIN/Admin Onboarding Page/Admin_Onboarding_Step8/Checkbox_IsAgreed' is clicked on

2020-03-19 07:20:17 - [MESSAGE][PASSED] - Object: 'Object Repository/ADMIN/Admin Onboarding Page/Admin_Onboarding_Step8/Checkbox_IsAgreed' is clicked on

2020-03-19 07:20:17 - [TEST_STEP][PASSED] - click(findTestObject("ADMIN/Admin Onboarding Page/Admin_Onboarding_Step8/Button_Next_Step8")): Object: 'Object Repository/ADMIN/Admin Onboarding Page/Admin_Onboarding_Step8/Button_Next_Step8' is clicked on

2020-03-19 07:20:19 - [MESSAGE][PASSED] - Object: 'Object Repository/ADMIN/Admin Onboarding Page/Admin_Onboarding_Step8/Button_Next_Step8' is clicked on]]></system-out>
         <system-err><![CDATA[]]></system-err>
      </testcase>
      <testcase name="Test Cases/ADMIN/Onboarding/Complete Onboarding" time="33.645" classname="Test Cases/ADMIN/Onboarding/Complete Onboarding" status="PASSED">
         <system-out><![CDATA[2020-03-19 07:20:20 - [TEST_CASE][PASSED] - Test Cases/ADMIN/Onboarding/Complete Onboarding: Test Cases/ADMIN/Onboarding/Complete Onboarding

2020-03-19 07:20:20 - [TEST_STEP][PASSED] - comment("Create Account"): Create Account

2020-03-19 07:20:20 - [MESSAGE][INFO] - Create Account

2020-03-19 07:20:20 - [TEST_STEP][PASSED] - openBrowser(""): Browser is opened with url: ''

2020-03-19 07:20:20 - [MESSAGE][WARNING] - A browser is already opened. Closing browser and opening a new one

2020-03-19 07:20:21 - [MESSAGE][INFO] - Starting 'Chrome' driver

2020-03-19 07:20:21 - [MESSAGE][INFO] - User set preference: ['args', '[--incognito]']

2020-03-19 07:20:23 - [MESSAGE][PASSED] - Browser is opened with url: ''

2020-03-19 07:20:23 - [TEST_STEP][PASSED] - if (varServer == "Test"): Navigate to 'https://www.test.arcadier.io' successfully

2020-03-19 07:20:23 - [TEST_STEP][PASSED] - navigateToUrl("https://www.test.arcadier.io"): Navigate to 'https://www.test.arcadier.io' successfully

2020-03-19 07:20:24 - [MESSAGE][PASSED] - Navigate to 'https://www.test.arcadier.io' successfully

2020-03-19 07:20:24 - [TEST_STEP][PASSED] - maximizeWindow(): Current window maximized

2020-03-19 07:20:25 - [MESSAGE][PASSED] - Current window maximized

2020-03-19 07:20:25 - [TEST_STEP][PASSED] - if (varAccountType == "custom"): Object: 'Object Repository/ADMIN/Admin Onboarding Page/Admin Onboarding CustomAcc/Button_Sign_Up' is clicked on

2020-03-19 07:20:25 - [TEST_STEP][PASSED] - click(findTestObject("ADMIN/Admin Onboarding Page/Create_Account_Page/Button_Create_Account")): Object: 'Object Repository/ADMIN/Admin Onboarding Page/Create_Account_Page/Button_Create_Account' is clicked on

2020-03-19 07:20:25 - [MESSAGE][PASSED] - Object: 'Object Repository/ADMIN/Admin Onboarding Page/Create_Account_Page/Button_Create_Account' is clicked on

2020-03-19 07:20:25 - [TEST_STEP][PASSED] - verifyElementPresent(findTestObject("ADMIN/Admin Onboarding Page/Admin Onboarding CustomAcc/Textbox_Username"), 0): Object 'Object Repository/ADMIN/Admin Onboarding Page/Admin Onboarding CustomAcc/Textbox_Username' is present

2020-03-19 07:20:25 - [MESSAGE][WARNING] - Timeout '0' is invalid. Using default page load timeout: '30'

2020-03-19 07:20:26 - [MESSAGE][PASSED] - Object 'Object Repository/ADMIN/Admin Onboarding Page/Admin Onboarding CustomAcc/Textbox_Username' is present

2020-03-19 07:20:26 - [TEST_STEP][PASSED] - setText(findTestObject("ADMIN/Admin Onboarding Page/Admin Onboarding CustomAcc/Textbox_Username"), varUsername): Text '0319Growth6MonthBP' is set on object 'Object Repository/ADMIN/Admin Onboarding Page/Admin Onboarding CustomAcc/Textbox_Username'

2020-03-19 07:20:26 - [MESSAGE][PASSED] - Text '0319Growth6MonthBP' is set on object 'Object Repository/ADMIN/Admin Onboarding Page/Admin Onboarding CustomAcc/Textbox_Username'

2020-03-19 07:20:26 - [TEST_STEP][PASSED] - setText(findTestObject("ADMIN/Admin Onboarding Page/Admin Onboarding CustomAcc/Textbox_Password"), "welcome8"): Text 'welcome8' is set on object 'Object Repository/ADMIN/Admin Onboarding Page/Admin Onboarding CustomAcc/Textbox_Password'

2020-03-19 07:20:26 - [MESSAGE][PASSED] - Text 'welcome8' is set on object 'Object Repository/ADMIN/Admin Onboarding Page/Admin Onboarding CustomAcc/Textbox_Password'

2020-03-19 07:20:26 - [TEST_STEP][PASSED] - setText(findTestObject("ADMIN/Admin Onboarding Page/Admin Onboarding CustomAcc/Textbox_Reconfirm_Password"), "welcome8"): Text 'welcome8' is set on object 'Object Repository/ADMIN/Admin Onboarding Page/Admin Onboarding CustomAcc/Textbox_Reconfirm_Password'

2020-03-19 07:20:26 - [MESSAGE][PASSED] - Text 'welcome8' is set on object 'Object Repository/ADMIN/Admin Onboarding Page/Admin Onboarding CustomAcc/Textbox_Reconfirm_Password'

2020-03-19 07:20:26 - [TEST_STEP][PASSED] - click(findTestObject("ADMIN/Admin Onboarding Page/Admin Onboarding CustomAcc/Button_Sign_Up")): Object: 'Object Repository/ADMIN/Admin Onboarding Page/Admin Onboarding CustomAcc/Button_Sign_Up' is clicked on

2020-03-19 07:20:28 - [MESSAGE][PASSED] - Object: 'Object Repository/ADMIN/Admin Onboarding Page/Admin Onboarding CustomAcc/Button_Sign_Up' is clicked on

2020-03-19 07:20:28 - [TEST_STEP][PASSED] - comment("Step 1"): Step 1

2020-03-19 07:20:28 - [MESSAGE][INFO] - Step 1

2020-03-19 07:20:28 - [TEST_STEP][PASSED] - selectOptionByLabel(findTestObject("ADMIN/Admin Onboarding Page/Admin_Onboarding_Step1/1stDropdown_Please select one...Im"), "I’m managing them offline", false): All options with label 'I’m managing them offline' are selected in object 'Object Repository/ADMIN/Admin Onboarding Page/Admin_Onboarding_Step1/1stDropdown_Please select one...Im' 

2020-03-19 07:20:29 - [MESSAGE][PASSED] - All options with label 'I’m managing them offline' are selected in object 'Object Repository/ADMIN/Admin Onboarding Page/Admin_Onboarding_Step1/1stDropdown_Please select one...Im' 

2020-03-19 07:20:29 - [TEST_STEP][PASSED] - selectOptionByLabel(findTestObject("ADMIN/Admin Onboarding Page/Admin_Onboarding_Step1/2ndDropdown_Please select one...Don"), "Something else!", false): All options with label 'Something else!' are selected in object 'Object Repository/ADMIN/Admin Onboarding Page/Admin_Onboarding_Step1/2ndDropdown_Please select one...Don' 

2020-03-19 07:20:30 - [MESSAGE][PASSED] - All options with label 'Something else!' are selected in object 'Object Repository/ADMIN/Admin Onboarding Page/Admin_Onboarding_Step1/2ndDropdown_Please select one...Don' 

2020-03-19 07:20:30 - [TEST_STEP][PASSED] - setText(findTestObject("ADMIN/Admin Onboarding Page/Admin_Onboarding_Step1/2nddropdown_textbox_OtherMarketplaceType"), "Marketplace"): Text 'Marketplace' is set on object 'Object Repository/ADMIN/Admin Onboarding Page/Admin_Onboarding_Step1/2nddropdown_textbox_OtherMarketplaceType'

2020-03-19 07:20:30 - [MESSAGE][PASSED] - Text 'Marketplace' is set on object 'Object Repository/ADMIN/Admin Onboarding Page/Admin_Onboarding_Step1/2nddropdown_textbox_OtherMarketplaceType'

2020-03-19 07:20:30 - [TEST_STEP][PASSED] - selectOptionByLabel(findTestObject("ADMIN/Admin Onboarding Page/Admin_Onboarding_Step1/3rdDropdown_Im an individualIm work"), "Someone else!", false): All options with label 'Someone else!' are selected in object 'Object Repository/ADMIN/Admin Onboarding Page/Admin_Onboarding_Step1/3rdDropdown_Im an individualIm work' 

2020-03-19 07:20:30 - [MESSAGE][PASSED] - All options with label 'Someone else!' are selected in object 'Object Repository/ADMIN/Admin Onboarding Page/Admin_Onboarding_Step1/3rdDropdown_Im an individualIm work' 

2020-03-19 07:20:30 - [TEST_STEP][PASSED] - setText(findTestObject("ADMIN/Admin Onboarding Page/Admin_Onboarding_Step1/3rddropdown_textbox_OtherEntityType"), "Business Man"): Text 'Business Man' is set on object 'Object Repository/ADMIN/Admin Onboarding Page/Admin_Onboarding_Step1/3rddropdown_textbox_OtherEntityType'

2020-03-19 07:20:30 - [MESSAGE][PASSED] - Text 'Business Man' is set on object 'Object Repository/ADMIN/Admin Onboarding Page/Admin_Onboarding_Step1/3rddropdown_textbox_OtherEntityType'

2020-03-19 07:20:30 - [TEST_STEP][PASSED] - setText(findTestObject("ADMIN/Admin Onboarding Page/Admin_Onboarding_Step1/3rddropdown_textbox_OtherEntityType"), "Business Man"): Text 'Business Man' is set on object 'Object Repository/ADMIN/Admin Onboarding Page/Admin_Onboarding_Step1/3rddropdown_textbox_OtherEntityType'

2020-03-19 07:20:30 - [MESSAGE][PASSED] - Text 'Business Man' is set on object 'Object Repository/ADMIN/Admin Onboarding Page/Admin_Onboarding_Step1/3rddropdown_textbox_OtherEntityType'

2020-03-19 07:20:30 - [TEST_STEP][PASSED] - click(findTestObject("ADMIN/Admin Onboarding Page/Admin_Onboarding_Step1/Button_NEXT_Step1")): Object: 'Object Repository/ADMIN/Admin Onboarding Page/Admin_Onboarding_Step1/Button_NEXT_Step1' is clicked on

2020-03-19 07:20:31 - [MESSAGE][PASSED] - Object: 'Object Repository/ADMIN/Admin Onboarding Page/Admin_Onboarding_Step1/Button_NEXT_Step1' is clicked on

2020-03-19 07:20:31 - [TEST_STEP][PASSED] - comment("Step 2"): Step 2

2020-03-19 07:20:31 - [MESSAGE][INFO] - Step 2

2020-03-19 07:20:31 - [TEST_STEP][PASSED] - waitForElementVisible(findTestObject("ADMIN/Admin Onboarding Page/Admin_Onboarding_Step2/Textlabel_We will like to know mor"), 0): Object 'Object Repository/ADMIN/Admin Onboarding Page/Admin_Onboarding_Step2/Textlabel_We will like to know mor' is visible

2020-03-19 07:20:31 - [MESSAGE][WARNING] - Timeout '0' is invalid. Using default page load timeout: '30'

2020-03-19 07:20:32 - [MESSAGE][PASSED] - Object 'Object Repository/ADMIN/Admin Onboarding Page/Admin_Onboarding_Step2/Textlabel_We will like to know mor' is visible

2020-03-19 07:20:32 - [TEST_STEP][PASSED] - setText(findTestObject("ADMIN/Admin Onboarding Page/Admin_Onboarding_Step2/Textbox_FirstName"), varFName): Text '0319Growth6MonthBP' is set on object 'Object Repository/ADMIN/Admin Onboarding Page/Admin_Onboarding_Step2/Textbox_FirstName'

2020-03-19 07:20:32 - [MESSAGE][PASSED] - Text '0319Growth6MonthBP' is set on object 'Object Repository/ADMIN/Admin Onboarding Page/Admin_Onboarding_Step2/Textbox_FirstName'

2020-03-19 07:20:32 - [TEST_STEP][PASSED] - setText(findTestObject("ADMIN/Admin Onboarding Page/Admin_Onboarding_Step2/Textbox_LastName"), varLName): Text 'Marketplace' is set on object 'Object Repository/ADMIN/Admin Onboarding Page/Admin_Onboarding_Step2/Textbox_LastName'

2020-03-19 07:20:32 - [MESSAGE][PASSED] - Text 'Marketplace' is set on object 'Object Repository/ADMIN/Admin Onboarding Page/Admin_Onboarding_Step2/Textbox_LastName'

2020-03-19 07:20:32 - [TEST_STEP][PASSED] - setText(findTestObject("ADMIN/Admin Onboarding Page/Admin_Onboarding_Step2/Textbox_Email"), varEmail): Text 'arcadierteam@gmail.com' is set on object 'Object Repository/ADMIN/Admin Onboarding Page/Admin_Onboarding_Step2/Textbox_Email'

2020-03-19 07:20:32 - [MESSAGE][PASSED] - Text 'arcadierteam@gmail.com' is set on object 'Object Repository/ADMIN/Admin Onboarding Page/Admin_Onboarding_Step2/Textbox_Email'

2020-03-19 07:20:32 - [TEST_STEP][PASSED] - delay(1): Delayed 1 second(s)

2020-03-19 07:20:33 - [MESSAGE][PASSED] - Delayed 1 second(s)

2020-03-19 07:20:33 - [TEST_STEP][PASSED] - selectOptionByLabel(findTestObject("ADMIN/Admin Onboarding Page/Admin_Onboarding_Step2/Country_Dropdown"), varCountry, false): All options with label 'Italy' are selected in object 'Object Repository/ADMIN/Admin Onboarding Page/Admin_Onboarding_Step2/Country_Dropdown' 

2020-03-19 07:20:34 - [MESSAGE][PASSED] - All options with label 'Italy' are selected in object 'Object Repository/ADMIN/Admin Onboarding Page/Admin_Onboarding_Step2/Country_Dropdown' 

2020-03-19 07:20:34 - [TEST_STEP][PASSED] - setText(findTestObject("ADMIN/Admin Onboarding Page/Admin_Onboarding_Step2/Address_Line1"), varAddress1): Text 'Strada Statale 130' is set on object 'Object Repository/ADMIN/Admin Onboarding Page/Admin_Onboarding_Step2/Address_Line1'

2020-03-19 07:20:34 - [MESSAGE][PASSED] - Text 'Strada Statale 130' is set on object 'Object Repository/ADMIN/Admin Onboarding Page/Admin_Onboarding_Step2/Address_Line1'

2020-03-19 07:20:34 - [TEST_STEP][PASSED] - setText(findTestObject("ADMIN/Admin Onboarding Page/Admin_Onboarding_Step2/Address_Line2"), varAddress2): Text 'Dorzano, Biella 13881' is set on object 'Object Repository/ADMIN/Admin Onboarding Page/Admin_Onboarding_Step2/Address_Line2'

2020-03-19 07:20:34 - [MESSAGE][PASSED] - Text 'Dorzano, Biella 13881' is set on object 'Object Repository/ADMIN/Admin Onboarding Page/Admin_Onboarding_Step2/Address_Line2'

2020-03-19 07:20:34 - [TEST_STEP][PASSED] - setText(findTestObject("ADMIN/Admin Onboarding Page/Admin_Onboarding_Step2/Textbox_PhoneNumber"), varContactNumber): Text '+631234567890' is set on object 'Object Repository/ADMIN/Admin Onboarding Page/Admin_Onboarding_Step2/Textbox_PhoneNumber'

2020-03-19 07:20:35 - [MESSAGE][PASSED] - Text '+631234567890' is set on object 'Object Repository/ADMIN/Admin Onboarding Page/Admin_Onboarding_Step2/Textbox_PhoneNumber'

2020-03-19 07:20:35 - [TEST_STEP][PASSED] - click(findTestObject("ADMIN/Admin Onboarding Page/Admin_Onboarding_Step2/Button_Next_Step2"), CONTINUE_ON_FAILURE): Object: 'Object Repository/ADMIN/Admin Onboarding Page/Admin_Onboarding_Step2/Button_Next_Step2' is clicked on

2020-03-19 07:20:36 - [MESSAGE][PASSED] - Object: 'Object Repository/ADMIN/Admin Onboarding Page/Admin_Onboarding_Step2/Button_Next_Step2' is clicked on

2020-03-19 07:20:36 - [TEST_STEP][PASSED] - comment("Step 3"): Step 3

2020-03-19 07:20:36 - [MESSAGE][INFO] - Step 3

2020-03-19 07:20:36 - [TEST_STEP][PASSED] - waitForElementVisible(findTestObject("ADMIN/Admin Onboarding Page/Admin_Onboarding_Step3/TextLabel_What type of marketplace"), 0): Object 'Object Repository/ADMIN/Admin Onboarding Page/Admin_Onboarding_Step3/TextLabel_What type of marketplace' is visible

2020-03-19 07:20:36 - [MESSAGE][WARNING] - Timeout '0' is invalid. Using default page load timeout: '30'

2020-03-19 07:20:36 - [MESSAGE][PASSED] - Object 'Object Repository/ADMIN/Admin Onboarding Page/Admin_Onboarding_Step3/TextLabel_What type of marketplace' is visible

2020-03-19 07:20:36 - [TEST_STEP][PASSED] - delay(1): Delayed 1 second(s)

2020-03-19 07:20:37 - [MESSAGE][PASSED] - Delayed 1 second(s)

2020-03-19 07:20:37 - [TEST_STEP][PASSED] - if (varTemplate == "Bespoke"): Object: 'Object Repository/ADMIN/Admin Onboarding Page/Admin_Onboarding_Step3/Button_Retail_Goods_Select' is clicked on

2020-03-19 07:20:37 - [TEST_STEP][PASSED] - mouseOver(findTestObject("ADMIN/Admin Onboarding Page/Admin_Onboarding_Step3/Textlabel_Retail Goods")): Object: 'Object Repository/ADMIN/Admin Onboarding Page/Admin_Onboarding_Step3/Textlabel_Retail Goods' is hovered

2020-03-19 07:20:37 - [MESSAGE][PASSED] - Object: 'Object Repository/ADMIN/Admin Onboarding Page/Admin_Onboarding_Step3/Textlabel_Retail Goods' is hovered

2020-03-19 07:20:37 - [TEST_STEP][PASSED] - delay(1): Delayed 1 second(s)

2020-03-19 07:20:38 - [MESSAGE][PASSED] - Delayed 1 second(s)

2020-03-19 07:20:38 - [TEST_STEP][PASSED] - click(findTestObject("ADMIN/Admin Onboarding Page/Admin_Onboarding_Step3/Button_Retail_Goods_Select")): Object: 'Object Repository/ADMIN/Admin Onboarding Page/Admin_Onboarding_Step3/Button_Retail_Goods_Select' is clicked on

2020-03-19 07:20:39 - [MESSAGE][PASSED] - Object: 'Object Repository/ADMIN/Admin Onboarding Page/Admin_Onboarding_Step3/Button_Retail_Goods_Select' is clicked on

2020-03-19 07:20:39 - [TEST_STEP][PASSED] - comment("Step 4"): Step 4

2020-03-19 07:20:39 - [MESSAGE][INFO] - Step 4

2020-03-19 07:20:39 - [TEST_STEP][PASSED] - uploadFile(findTestObject("ADMIN/Admin Onboarding Page/Admin_Onboarding_Step4/Button_Browse_Step4"), varLogo): File 'C:\\Katalon\\Arctick\\Images\\LogoLayout\\logo2.jpg' sent to object: 'Object Repository/ADMIN/Admin Onboarding Page/Admin_Onboarding_Step4/Button_Browse_Step4'

2020-03-19 07:20:40 - [MESSAGE][PASSED] - File 'C:\\Katalon\\Arctick\\Images\\LogoLayout\\logo2.jpg' sent to object: 'Object Repository/ADMIN/Admin Onboarding Page/Admin_Onboarding_Step4/Button_Browse_Step4'

2020-03-19 07:20:40 - [TEST_STEP][PASSED] - setText(findTestObject("ADMIN/Admin Onboarding Page/Admin_Onboarding_Step4/Textbox_Marketplace_Name"), varUsername): Text '0319Growth6MonthBP' is set on object 'Object Repository/ADMIN/Admin Onboarding Page/Admin_Onboarding_Step4/Textbox_Marketplace_Name'

2020-03-19 07:20:40 - [MESSAGE][PASSED] - Text '0319Growth6MonthBP' is set on object 'Object Repository/ADMIN/Admin Onboarding Page/Admin_Onboarding_Step4/Textbox_Marketplace_Name'

2020-03-19 07:20:40 - [TEST_STEP][PASSED] - setText(findTestObject("ADMIN/Admin Onboarding Page/Admin_Onboarding_Step4/Textbox_Slogan"), varTheme): Text 'Theme 2' is set on object 'Object Repository/ADMIN/Admin Onboarding Page/Admin_Onboarding_Step4/Textbox_Slogan'

2020-03-19 07:20:40 - [MESSAGE][PASSED] - Text 'Theme 2' is set on object 'Object Repository/ADMIN/Admin Onboarding Page/Admin_Onboarding_Step4/Textbox_Slogan'

2020-03-19 07:20:40 - [TEST_STEP][PASSED] - setText(findTestObject("ADMIN/Admin Onboarding Page/Admin_Onboarding_Step4/Textbox_ContactNumber"), varContactNumber): Text '+631234567890' is set on object 'Object Repository/ADMIN/Admin Onboarding Page/Admin_Onboarding_Step4/Textbox_ContactNumber'

2020-03-19 07:20:41 - [MESSAGE][PASSED] - Text '+631234567890' is set on object 'Object Repository/ADMIN/Admin Onboarding Page/Admin_Onboarding_Step4/Textbox_ContactNumber'

2020-03-19 07:20:41 - [TEST_STEP][PASSED] - setText(findTestObject("ADMIN/Admin Onboarding Page/Admin_Onboarding_Step4/Textbox_ContactEmail"), varEmail): Text 'arcadierteam@gmail.com' is set on object 'Object Repository/ADMIN/Admin Onboarding Page/Admin_Onboarding_Step4/Textbox_ContactEmail'

2020-03-19 07:20:41 - [MESSAGE][PASSED] - Text 'arcadierteam@gmail.com' is set on object 'Object Repository/ADMIN/Admin Onboarding Page/Admin_Onboarding_Step4/Textbox_ContactEmail'

2020-03-19 07:20:41 - [TEST_STEP][PASSED] - click(findTestObject("ADMIN/Admin Onboarding Page/Admin_Onboarding_Step4/Button_Next_Step4"), CONTINUE_ON_FAILURE): Object: 'Object Repository/ADMIN/Admin Onboarding Page/Admin_Onboarding_Step4/Button_Next_Step4' is clicked on

2020-03-19 07:20:41 - [MESSAGE][PASSED] - Object: 'Object Repository/ADMIN/Admin Onboarding Page/Admin_Onboarding_Step4/Button_Next_Step4' is clicked on

2020-03-19 07:20:41 - [TEST_STEP][PASSED] - comment("Step 5"): Step 5

2020-03-19 07:20:41 - [MESSAGE][INFO] - Step 5

2020-03-19 07:20:41 - [TEST_STEP][PASSED] - waitForElementVisible(findTestObject("ADMIN/Admin Onboarding Page/Admin_Onboarding_Step5/h1_5. Preview  pick out a mark"), 0): Object 'Object Repository/ADMIN/Admin Onboarding Page/Admin_Onboarding_Step5/h1_5. Preview  pick out a mark' is visible

2020-03-19 07:20:41 - [MESSAGE][WARNING] - Timeout '0' is invalid. Using default page load timeout: '30'

2020-03-19 07:20:42 - [MESSAGE][PASSED] - Object 'Object Repository/ADMIN/Admin Onboarding Page/Admin_Onboarding_Step5/h1_5. Preview  pick out a mark' is visible

2020-03-19 07:20:42 - [TEST_STEP][PASSED] - if (varTemplate == "Bespoke"): Object: 'Object Repository/ADMIN/Admin Onboarding Page/Admin_Onboarding_Step5/Bespoke_Theme_Selection/Theme2_select' is clicked on

2020-03-19 07:20:42 - [TEST_STEP][PASSED] - if (varTheme == "Theme 1"): null

2020-03-19 07:20:42 - [TEST_STEP][PASSED] - else if (varTheme == "Theme 2"): Object: 'Object Repository/ADMIN/Admin Onboarding Page/Admin_Onboarding_Step5/Bespoke_Theme_Selection/Theme2_select' is clicked on

2020-03-19 07:20:42 - [TEST_STEP][PASSED] - click(findTestObject("ADMIN/Admin Onboarding Page/Admin_Onboarding_Step5/Bespoke_Theme_Selection/Theme2_select")): Object: 'Object Repository/ADMIN/Admin Onboarding Page/Admin_Onboarding_Step5/Bespoke_Theme_Selection/Theme2_select' is clicked on

2020-03-19 07:20:42 - [MESSAGE][PASSED] - Object: 'Object Repository/ADMIN/Admin Onboarding Page/Admin_Onboarding_Step5/Bespoke_Theme_Selection/Theme2_select' is clicked on

2020-03-19 07:20:42 - [TEST_STEP][PASSED] - click(findTestObject("ADMIN/Admin Onboarding Page/Admin_Onboarding_Step5/Button_Next_Step5")): Object: 'Object Repository/ADMIN/Admin Onboarding Page/Admin_Onboarding_Step5/Button_Next_Step5' is clicked on

2020-03-19 07:20:44 - [MESSAGE][PASSED] - Object: 'Object Repository/ADMIN/Admin Onboarding Page/Admin_Onboarding_Step5/Button_Next_Step5' is clicked on

2020-03-19 07:20:44 - [TEST_STEP][PASSED] - comment("Step 6"): Step 6

2020-03-19 07:20:44 - [MESSAGE][INFO] - Step 6

2020-03-19 07:20:44 - [TEST_STEP][PASSED] - waitForElementVisible(findTestObject("ADMIN/Admin Onboarding Page/Admin_Onboarding_Step6/Textlabel_Select your marketplace"), 0): Object 'Object Repository/ADMIN/Admin Onboarding Page/Admin_Onboarding_Step6/Textlabel_Select your marketplace' is visible

2020-03-19 07:20:44 - [MESSAGE][WARNING] - Timeout '0' is invalid. Using default page load timeout: '30'

2020-03-19 07:20:44 - [MESSAGE][PASSED] - Object 'Object Repository/ADMIN/Admin Onboarding Page/Admin_Onboarding_Step6/Textlabel_Select your marketplace' is visible

2020-03-19 07:20:44 - [TEST_STEP][PASSED] - click(findTestObject("ADMIN/Admin Onboarding Page/Admin_Onboarding_Step6/Button_Browse_Step6"), CONTINUE_ON_FAILURE): Object: 'Object Repository/ADMIN/Admin Onboarding Page/Admin_Onboarding_Step6/Button_Browse_Step6' is clicked on

2020-03-19 07:20:44 - [MESSAGE][PASSED] - Object: 'Object Repository/ADMIN/Admin Onboarding Page/Admin_Onboarding_Step6/Button_Browse_Step6' is clicked on

2020-03-19 07:20:44 - [TEST_STEP][PASSED] - delay(2): Delayed 2 second(s)

2020-03-19 07:20:46 - [MESSAGE][PASSED] - Delayed 2 second(s)

2020-03-19 07:20:46 - [TEST_STEP][PASSED] - uploadFile(findTestObject("ADMIN/Admin Onboarding Page/Admin_Onboarding_Step6/Image_Container"), varCoverImage): File 'C:\\Katalon\\Arctick\\Images\\LogoLayout\\coverimage3.jpg' sent to object: 'Object Repository/ADMIN/Admin Onboarding Page/Admin_Onboarding_Step6/Image_Container'

2020-03-19 07:20:46 - [MESSAGE][PASSED] - File 'C:\\Katalon\\Arctick\\Images\\LogoLayout\\coverimage3.jpg' sent to object: 'Object Repository/ADMIN/Admin Onboarding Page/Admin_Onboarding_Step6/Image_Container'

2020-03-19 07:20:46 - [TEST_STEP][PASSED] - waitForElementVisible(findTestObject("ADMIN/Admin Onboarding Page/Admin_Onboarding_Step6/Image Cropper/div_btn btn-success btn-ok"), 0): Object 'Object Repository/ADMIN/Admin Onboarding Page/Admin_Onboarding_Step6/Image Cropper/div_btn btn-success btn-ok' is visible

2020-03-19 07:20:46 - [MESSAGE][WARNING] - Timeout '0' is invalid. Using default page load timeout: '30'

2020-03-19 07:20:46 - [MESSAGE][PASSED] - Object 'Object Repository/ADMIN/Admin Onboarding Page/Admin_Onboarding_Step6/Image Cropper/div_btn btn-success btn-ok' is visible

2020-03-19 07:20:46 - [TEST_STEP][PASSED] - click(findTestObject("ADMIN/Admin Onboarding Page/Admin_Onboarding_Step6/Image Cropper/div_btn btn-success btn-ok"), CONTINUE_ON_FAILURE): Object: 'Object Repository/ADMIN/Admin Onboarding Page/Admin_Onboarding_Step6/Image Cropper/div_btn btn-success btn-ok' is clicked on

2020-03-19 07:20:46 - [MESSAGE][PASSED] - Object: 'Object Repository/ADMIN/Admin Onboarding Page/Admin_Onboarding_Step6/Image Cropper/div_btn btn-success btn-ok' is clicked on

2020-03-19 07:20:46 - [TEST_STEP][PASSED] - waitForElementVisible(findTestObject("ADMIN/Admin Onboarding Page/Admin_Onboarding_Step6/Image Cropper/a_Save Photo"), 0): Object 'Object Repository/ADMIN/Admin Onboarding Page/Admin_Onboarding_Step6/Image Cropper/a_Save Photo' is visible

2020-03-19 07:20:47 - [MESSAGE][WARNING] - Timeout '0' is invalid. Using default page load timeout: '30'

2020-03-19 07:20:47 - [MESSAGE][PASSED] - Object 'Object Repository/ADMIN/Admin Onboarding Page/Admin_Onboarding_Step6/Image Cropper/a_Save Photo' is visible

2020-03-19 07:20:47 - [TEST_STEP][PASSED] - click(findTestObject("ADMIN/Admin Onboarding Page/Admin_Onboarding_Step6/Image Cropper/a_Save Photo"), CONTINUE_ON_FAILURE): Object: 'Object Repository/ADMIN/Admin Onboarding Page/Admin_Onboarding_Step6/Image Cropper/a_Save Photo' is clicked on

2020-03-19 07:20:47 - [MESSAGE][PASSED] - Object: 'Object Repository/ADMIN/Admin Onboarding Page/Admin_Onboarding_Step6/Image Cropper/a_Save Photo' is clicked on

2020-03-19 07:20:47 - [TEST_STEP][PASSED] - delay(1): Delayed 1 second(s)

2020-03-19 07:20:48 - [MESSAGE][PASSED] - Delayed 1 second(s)

2020-03-19 07:20:48 - [TEST_STEP][PASSED] - click(findTestObject("ADMIN/Admin Onboarding Page/Admin_Onboarding_Step6/Button_Next_Step6"), CONTINUE_ON_FAILURE): Object: 'Object Repository/ADMIN/Admin Onboarding Page/Admin_Onboarding_Step6/Button_Next_Step6' is clicked on

2020-03-19 07:20:48 - [MESSAGE][PASSED] - Object: 'Object Repository/ADMIN/Admin Onboarding Page/Admin_Onboarding_Step6/Button_Next_Step6' is clicked on

2020-03-19 07:20:48 - [TEST_STEP][PASSED] - comment("Step 7 (editable variables)"): Step 7 (editable variables)

2020-03-19 07:20:48 - [MESSAGE][INFO] - Step 7 (editable variables)

2020-03-19 07:20:48 - [TEST_STEP][PASSED] - waitForElementVisible(findTestObject("ADMIN/Admin Onboarding Page/Admin_Onboarding_Step7/Textlabel_7. Now how would you like t"), 0): Object 'Object Repository/ADMIN/Admin Onboarding Page/Admin_Onboarding_Step7/Textlabel_7. Now how would you like t' is visible

2020-03-19 07:20:48 - [MESSAGE][WARNING] - Timeout '0' is invalid. Using default page load timeout: '30'

2020-03-19 07:20:49 - [MESSAGE][PASSED] - Object 'Object Repository/ADMIN/Admin Onboarding Page/Admin_Onboarding_Step7/Textlabel_7. Now how would you like t' is visible

2020-03-19 07:20:49 - [TEST_STEP][PASSED] - selectOptionByLabel(findTestObject("ADMIN/Admin Onboarding Page/Admin_Onboarding_Step7/Dropdown_Currency"), varCurrency, false): All options with label 'SGD' are selected in object 'Object Repository/ADMIN/Admin Onboarding Page/Admin_Onboarding_Step7/Dropdown_Currency' 

2020-03-19 07:20:50 - [MESSAGE][PASSED] - All options with label 'SGD' are selected in object 'Object Repository/ADMIN/Admin Onboarding Page/Admin_Onboarding_Step7/Dropdown_Currency' 

2020-03-19 07:20:50 - [TEST_STEP][PASSED] - setText(findTestObject("ADMIN/Admin Onboarding Page/Admin_Onboarding_Step7/Textbox_TransactionFee"), varAdminFee): Text '100' is set on object 'Object Repository/ADMIN/Admin Onboarding Page/Admin_Onboarding_Step7/Textbox_TransactionFee'

2020-03-19 07:20:50 - [MESSAGE][PASSED] - Text '100' is set on object 'Object Repository/ADMIN/Admin Onboarding Page/Admin_Onboarding_Step7/Textbox_TransactionFee'

2020-03-19 07:20:50 - [TEST_STEP][PASSED] - click(findTestObject("ADMIN/Admin Onboarding Page/Admin_Onboarding_Step7/Button_Next_Step7"), CONTINUE_ON_FAILURE): Object: 'Object Repository/ADMIN/Admin Onboarding Page/Admin_Onboarding_Step7/Button_Next_Step7' is clicked on

2020-03-19 07:20:51 - [MESSAGE][PASSED] - Object: 'Object Repository/ADMIN/Admin Onboarding Page/Admin_Onboarding_Step7/Button_Next_Step7' is clicked on

2020-03-19 07:20:51 - [TEST_STEP][PASSED] - comment("Step 8"): Step 8

2020-03-19 07:20:51 - [MESSAGE][INFO] - Step 8

2020-03-19 07:20:51 - [TEST_STEP][PASSED] - waitForElementVisible(findTestObject("ADMIN/Admin Onboarding Page/Admin_Onboarding_Step8/Textlabel_Review your marketplace pol"), 0): Object 'Object Repository/ADMIN/Admin Onboarding Page/Admin_Onboarding_Step8/Textlabel_Review your marketplace pol' is visible

2020-03-19 07:20:51 - [MESSAGE][WARNING] - Timeout '0' is invalid. Using default page load timeout: '30'

2020-03-19 07:20:51 - [MESSAGE][PASSED] - Object 'Object Repository/ADMIN/Admin Onboarding Page/Admin_Onboarding_Step8/Textlabel_Review your marketplace pol' is visible

2020-03-19 07:20:51 - [TEST_STEP][PASSED] - comment("Checkbox Return Policy"): Checkbox Return Policy

2020-03-19 07:20:51 - [MESSAGE][INFO] - Checkbox Return Policy

2020-03-19 07:20:51 - [TEST_STEP][PASSED] - click(findTestObject("ADMIN/Admin Onboarding Page/Admin_Onboarding_Step8/Checkbox_ReturnPolicy")): Object: 'Object Repository/ADMIN/Admin Onboarding Page/Admin_Onboarding_Step8/Checkbox_ReturnPolicy' is clicked on

2020-03-19 07:20:51 - [MESSAGE][PASSED] - Object: 'Object Repository/ADMIN/Admin Onboarding Page/Admin_Onboarding_Step8/Checkbox_ReturnPolicy' is clicked on

2020-03-19 07:20:51 - [TEST_STEP][PASSED] - comment("Terms and Condition"): Terms and Condition

2020-03-19 07:20:51 - [MESSAGE][INFO] - Terms and Condition

2020-03-19 07:20:51 - [TEST_STEP][PASSED] - click(findTestObject("ADMIN/Admin Onboarding Page/Admin_Onboarding_Step8/Checkbox_IsAgreed")): Object: 'Object Repository/ADMIN/Admin Onboarding Page/Admin_Onboarding_Step8/Checkbox_IsAgreed' is clicked on

2020-03-19 07:20:51 - [MESSAGE][PASSED] - Object: 'Object Repository/ADMIN/Admin Onboarding Page/Admin_Onboarding_Step8/Checkbox_IsAgreed' is clicked on

2020-03-19 07:20:51 - [TEST_STEP][PASSED] - click(findTestObject("ADMIN/Admin Onboarding Page/Admin_Onboarding_Step8/Button_Next_Step8")): Object: 'Object Repository/ADMIN/Admin Onboarding Page/Admin_Onboarding_Step8/Button_Next_Step8' is clicked on

2020-03-19 07:20:53 - [MESSAGE][PASSED] - Object: 'Object Repository/ADMIN/Admin Onboarding Page/Admin_Onboarding_Step8/Button_Next_Step8' is clicked on]]></system-out>
         <system-err><![CDATA[]]></system-err>
      </testcase>
      <testcase name="Test Cases/ADMIN/Onboarding/Complete Onboarding" time="35.164" classname="Test Cases/ADMIN/Onboarding/Complete Onboarding" status="PASSED">
         <system-out><![CDATA[2020-03-19 07:20:53 - [TEST_CASE][PASSED] - Test Cases/ADMIN/Onboarding/Complete Onboarding: Test Cases/ADMIN/Onboarding/Complete Onboarding

2020-03-19 07:20:54 - [TEST_STEP][PASSED] - comment("Create Account"): Create Account

2020-03-19 07:20:54 - [MESSAGE][INFO] - Create Account

2020-03-19 07:20:54 - [TEST_STEP][PASSED] - openBrowser(""): Browser is opened with url: ''

2020-03-19 07:20:54 - [MESSAGE][WARNING] - A browser is already opened. Closing browser and opening a new one

2020-03-19 07:20:55 - [MESSAGE][INFO] - Starting 'Chrome' driver

2020-03-19 07:20:55 - [MESSAGE][INFO] - User set preference: ['args', '[--incognito]']

2020-03-19 07:20:56 - [MESSAGE][PASSED] - Browser is opened with url: ''

2020-03-19 07:20:56 - [TEST_STEP][PASSED] - if (varServer == "Test"): Navigate to 'https://www.test.arcadier.io' successfully

2020-03-19 07:20:56 - [TEST_STEP][PASSED] - navigateToUrl("https://www.test.arcadier.io"): Navigate to 'https://www.test.arcadier.io' successfully

2020-03-19 07:20:58 - [MESSAGE][PASSED] - Navigate to 'https://www.test.arcadier.io' successfully

2020-03-19 07:20:58 - [TEST_STEP][PASSED] - maximizeWindow(): Current window maximized

2020-03-19 07:20:59 - [MESSAGE][PASSED] - Current window maximized

2020-03-19 07:20:59 - [TEST_STEP][PASSED] - if (varAccountType == "custom"): Object: 'Object Repository/ADMIN/Admin Onboarding Page/Admin Onboarding CustomAcc/Button_Sign_Up' is clicked on

2020-03-19 07:20:59 - [TEST_STEP][PASSED] - click(findTestObject("ADMIN/Admin Onboarding Page/Create_Account_Page/Button_Create_Account")): Object: 'Object Repository/ADMIN/Admin Onboarding Page/Create_Account_Page/Button_Create_Account' is clicked on

2020-03-19 07:20:59 - [MESSAGE][PASSED] - Object: 'Object Repository/ADMIN/Admin Onboarding Page/Create_Account_Page/Button_Create_Account' is clicked on

2020-03-19 07:20:59 - [TEST_STEP][PASSED] - verifyElementPresent(findTestObject("ADMIN/Admin Onboarding Page/Admin Onboarding CustomAcc/Textbox_Username"), 0): Object 'Object Repository/ADMIN/Admin Onboarding Page/Admin Onboarding CustomAcc/Textbox_Username' is present

2020-03-19 07:20:59 - [MESSAGE][WARNING] - Timeout '0' is invalid. Using default page load timeout: '30'

2020-03-19 07:20:59 - [MESSAGE][PASSED] - Object 'Object Repository/ADMIN/Admin Onboarding Page/Admin Onboarding CustomAcc/Textbox_Username' is present

2020-03-19 07:20:59 - [TEST_STEP][PASSED] - setText(findTestObject("ADMIN/Admin Onboarding Page/Admin Onboarding CustomAcc/Textbox_Username"), varUsername): Text '0319Scale6MonthST' is set on object 'Object Repository/ADMIN/Admin Onboarding Page/Admin Onboarding CustomAcc/Textbox_Username'

2020-03-19 07:21:00 - [MESSAGE][PASSED] - Text '0319Scale6MonthST' is set on object 'Object Repository/ADMIN/Admin Onboarding Page/Admin Onboarding CustomAcc/Textbox_Username'

2020-03-19 07:21:00 - [TEST_STEP][PASSED] - setText(findTestObject("ADMIN/Admin Onboarding Page/Admin Onboarding CustomAcc/Textbox_Password"), "welcome8"): Text 'welcome8' is set on object 'Object Repository/ADMIN/Admin Onboarding Page/Admin Onboarding CustomAcc/Textbox_Password'

2020-03-19 07:21:00 - [MESSAGE][PASSED] - Text 'welcome8' is set on object 'Object Repository/ADMIN/Admin Onboarding Page/Admin Onboarding CustomAcc/Textbox_Password'

2020-03-19 07:21:00 - [TEST_STEP][PASSED] - setText(findTestObject("ADMIN/Admin Onboarding Page/Admin Onboarding CustomAcc/Textbox_Reconfirm_Password"), "welcome8"): Text 'welcome8' is set on object 'Object Repository/ADMIN/Admin Onboarding Page/Admin Onboarding CustomAcc/Textbox_Reconfirm_Password'

2020-03-19 07:21:00 - [MESSAGE][PASSED] - Text 'welcome8' is set on object 'Object Repository/ADMIN/Admin Onboarding Page/Admin Onboarding CustomAcc/Textbox_Reconfirm_Password'

2020-03-19 07:21:00 - [TEST_STEP][PASSED] - click(findTestObject("ADMIN/Admin Onboarding Page/Admin Onboarding CustomAcc/Button_Sign_Up")): Object: 'Object Repository/ADMIN/Admin Onboarding Page/Admin Onboarding CustomAcc/Button_Sign_Up' is clicked on

2020-03-19 07:21:02 - [MESSAGE][PASSED] - Object: 'Object Repository/ADMIN/Admin Onboarding Page/Admin Onboarding CustomAcc/Button_Sign_Up' is clicked on

2020-03-19 07:21:02 - [TEST_STEP][PASSED] - comment("Step 1"): Step 1

2020-03-19 07:21:02 - [MESSAGE][INFO] - Step 1

2020-03-19 07:21:02 - [TEST_STEP][PASSED] - selectOptionByLabel(findTestObject("ADMIN/Admin Onboarding Page/Admin_Onboarding_Step1/1stDropdown_Please select one...Im"), "I’m managing them offline", false): All options with label 'I’m managing them offline' are selected in object 'Object Repository/ADMIN/Admin Onboarding Page/Admin_Onboarding_Step1/1stDropdown_Please select one...Im' 

2020-03-19 07:21:03 - [MESSAGE][PASSED] - All options with label 'I’m managing them offline' are selected in object 'Object Repository/ADMIN/Admin Onboarding Page/Admin_Onboarding_Step1/1stDropdown_Please select one...Im' 

2020-03-19 07:21:03 - [TEST_STEP][PASSED] - selectOptionByLabel(findTestObject("ADMIN/Admin Onboarding Page/Admin_Onboarding_Step1/2ndDropdown_Please select one...Don"), "Something else!", false): All options with label 'Something else!' are selected in object 'Object Repository/ADMIN/Admin Onboarding Page/Admin_Onboarding_Step1/2ndDropdown_Please select one...Don' 

2020-03-19 07:21:03 - [MESSAGE][PASSED] - All options with label 'Something else!' are selected in object 'Object Repository/ADMIN/Admin Onboarding Page/Admin_Onboarding_Step1/2ndDropdown_Please select one...Don' 

2020-03-19 07:21:03 - [TEST_STEP][PASSED] - setText(findTestObject("ADMIN/Admin Onboarding Page/Admin_Onboarding_Step1/2nddropdown_textbox_OtherMarketplaceType"), "Marketplace"): Text 'Marketplace' is set on object 'Object Repository/ADMIN/Admin Onboarding Page/Admin_Onboarding_Step1/2nddropdown_textbox_OtherMarketplaceType'

2020-03-19 07:21:03 - [MESSAGE][PASSED] - Text 'Marketplace' is set on object 'Object Repository/ADMIN/Admin Onboarding Page/Admin_Onboarding_Step1/2nddropdown_textbox_OtherMarketplaceType'

2020-03-19 07:21:03 - [TEST_STEP][PASSED] - selectOptionByLabel(findTestObject("ADMIN/Admin Onboarding Page/Admin_Onboarding_Step1/3rdDropdown_Im an individualIm work"), "Someone else!", false): All options with label 'Someone else!' are selected in object 'Object Repository/ADMIN/Admin Onboarding Page/Admin_Onboarding_Step1/3rdDropdown_Im an individualIm work' 

2020-03-19 07:21:03 - [MESSAGE][PASSED] - All options with label 'Someone else!' are selected in object 'Object Repository/ADMIN/Admin Onboarding Page/Admin_Onboarding_Step1/3rdDropdown_Im an individualIm work' 

2020-03-19 07:21:03 - [TEST_STEP][PASSED] - setText(findTestObject("ADMIN/Admin Onboarding Page/Admin_Onboarding_Step1/3rddropdown_textbox_OtherEntityType"), "Business Man"): Text 'Business Man' is set on object 'Object Repository/ADMIN/Admin Onboarding Page/Admin_Onboarding_Step1/3rddropdown_textbox_OtherEntityType'

2020-03-19 07:21:04 - [MESSAGE][PASSED] - Text 'Business Man' is set on object 'Object Repository/ADMIN/Admin Onboarding Page/Admin_Onboarding_Step1/3rddropdown_textbox_OtherEntityType'

2020-03-19 07:21:04 - [TEST_STEP][PASSED] - setText(findTestObject("ADMIN/Admin Onboarding Page/Admin_Onboarding_Step1/3rddropdown_textbox_OtherEntityType"), "Business Man"): Text 'Business Man' is set on object 'Object Repository/ADMIN/Admin Onboarding Page/Admin_Onboarding_Step1/3rddropdown_textbox_OtherEntityType'

2020-03-19 07:21:04 - [MESSAGE][PASSED] - Text 'Business Man' is set on object 'Object Repository/ADMIN/Admin Onboarding Page/Admin_Onboarding_Step1/3rddropdown_textbox_OtherEntityType'

2020-03-19 07:21:04 - [TEST_STEP][PASSED] - click(findTestObject("ADMIN/Admin Onboarding Page/Admin_Onboarding_Step1/Button_NEXT_Step1")): Object: 'Object Repository/ADMIN/Admin Onboarding Page/Admin_Onboarding_Step1/Button_NEXT_Step1' is clicked on

2020-03-19 07:21:05 - [MESSAGE][PASSED] - Object: 'Object Repository/ADMIN/Admin Onboarding Page/Admin_Onboarding_Step1/Button_NEXT_Step1' is clicked on

2020-03-19 07:21:05 - [TEST_STEP][PASSED] - comment("Step 2"): Step 2

2020-03-19 07:21:05 - [MESSAGE][INFO] - Step 2

2020-03-19 07:21:05 - [TEST_STEP][PASSED] - waitForElementVisible(findTestObject("ADMIN/Admin Onboarding Page/Admin_Onboarding_Step2/Textlabel_We will like to know mor"), 0): Object 'Object Repository/ADMIN/Admin Onboarding Page/Admin_Onboarding_Step2/Textlabel_We will like to know mor' is visible

2020-03-19 07:21:05 - [MESSAGE][WARNING] - Timeout '0' is invalid. Using default page load timeout: '30'

2020-03-19 07:21:05 - [MESSAGE][PASSED] - Object 'Object Repository/ADMIN/Admin Onboarding Page/Admin_Onboarding_Step2/Textlabel_We will like to know mor' is visible

2020-03-19 07:21:05 - [TEST_STEP][PASSED] - setText(findTestObject("ADMIN/Admin Onboarding Page/Admin_Onboarding_Step2/Textbox_FirstName"), varFName): Text '0319Scale6MonthST' is set on object 'Object Repository/ADMIN/Admin Onboarding Page/Admin_Onboarding_Step2/Textbox_FirstName'

2020-03-19 07:21:06 - [MESSAGE][PASSED] - Text '0319Scale6MonthST' is set on object 'Object Repository/ADMIN/Admin Onboarding Page/Admin_Onboarding_Step2/Textbox_FirstName'

2020-03-19 07:21:06 - [TEST_STEP][PASSED] - setText(findTestObject("ADMIN/Admin Onboarding Page/Admin_Onboarding_Step2/Textbox_LastName"), varLName): Text 'Marketplace' is set on object 'Object Repository/ADMIN/Admin Onboarding Page/Admin_Onboarding_Step2/Textbox_LastName'

2020-03-19 07:21:06 - [MESSAGE][PASSED] - Text 'Marketplace' is set on object 'Object Repository/ADMIN/Admin Onboarding Page/Admin_Onboarding_Step2/Textbox_LastName'

2020-03-19 07:21:06 - [TEST_STEP][PASSED] - setText(findTestObject("ADMIN/Admin Onboarding Page/Admin_Onboarding_Step2/Textbox_Email"), varEmail): Text 'arcadierteam@gmail.com' is set on object 'Object Repository/ADMIN/Admin Onboarding Page/Admin_Onboarding_Step2/Textbox_Email'

2020-03-19 07:21:06 - [MESSAGE][PASSED] - Text 'arcadierteam@gmail.com' is set on object 'Object Repository/ADMIN/Admin Onboarding Page/Admin_Onboarding_Step2/Textbox_Email'

2020-03-19 07:21:06 - [TEST_STEP][PASSED] - delay(1): Delayed 1 second(s)

2020-03-19 07:21:07 - [MESSAGE][PASSED] - Delayed 1 second(s)

2020-03-19 07:21:07 - [TEST_STEP][PASSED] - selectOptionByLabel(findTestObject("ADMIN/Admin Onboarding Page/Admin_Onboarding_Step2/Country_Dropdown"), varCountry, false): All options with label 'Italy' are selected in object 'Object Repository/ADMIN/Admin Onboarding Page/Admin_Onboarding_Step2/Country_Dropdown' 

2020-03-19 07:21:07 - [MESSAGE][PASSED] - All options with label 'Italy' are selected in object 'Object Repository/ADMIN/Admin Onboarding Page/Admin_Onboarding_Step2/Country_Dropdown' 

2020-03-19 07:21:07 - [TEST_STEP][PASSED] - setText(findTestObject("ADMIN/Admin Onboarding Page/Admin_Onboarding_Step2/Address_Line1"), varAddress1): Text 'Strada Statale 130' is set on object 'Object Repository/ADMIN/Admin Onboarding Page/Admin_Onboarding_Step2/Address_Line1'

2020-03-19 07:21:08 - [MESSAGE][PASSED] - Text 'Strada Statale 130' is set on object 'Object Repository/ADMIN/Admin Onboarding Page/Admin_Onboarding_Step2/Address_Line1'

2020-03-19 07:21:08 - [TEST_STEP][PASSED] - setText(findTestObject("ADMIN/Admin Onboarding Page/Admin_Onboarding_Step2/Address_Line2"), varAddress2): Text 'Dorzano, Biella 13881' is set on object 'Object Repository/ADMIN/Admin Onboarding Page/Admin_Onboarding_Step2/Address_Line2'

2020-03-19 07:21:08 - [MESSAGE][PASSED] - Text 'Dorzano, Biella 13881' is set on object 'Object Repository/ADMIN/Admin Onboarding Page/Admin_Onboarding_Step2/Address_Line2'

2020-03-19 07:21:08 - [TEST_STEP][PASSED] - setText(findTestObject("ADMIN/Admin Onboarding Page/Admin_Onboarding_Step2/Textbox_PhoneNumber"), varContactNumber): Text '+631234567890' is set on object 'Object Repository/ADMIN/Admin Onboarding Page/Admin_Onboarding_Step2/Textbox_PhoneNumber'

2020-03-19 07:21:08 - [MESSAGE][PASSED] - Text '+631234567890' is set on object 'Object Repository/ADMIN/Admin Onboarding Page/Admin_Onboarding_Step2/Textbox_PhoneNumber'

2020-03-19 07:21:08 - [TEST_STEP][PASSED] - click(findTestObject("ADMIN/Admin Onboarding Page/Admin_Onboarding_Step2/Button_Next_Step2"), CONTINUE_ON_FAILURE): Object: 'Object Repository/ADMIN/Admin Onboarding Page/Admin_Onboarding_Step2/Button_Next_Step2' is clicked on

2020-03-19 07:21:09 - [MESSAGE][PASSED] - Object: 'Object Repository/ADMIN/Admin Onboarding Page/Admin_Onboarding_Step2/Button_Next_Step2' is clicked on

2020-03-19 07:21:09 - [TEST_STEP][PASSED] - comment("Step 3"): Step 3

2020-03-19 07:21:09 - [MESSAGE][INFO] - Step 3

2020-03-19 07:21:09 - [TEST_STEP][PASSED] - waitForElementVisible(findTestObject("ADMIN/Admin Onboarding Page/Admin_Onboarding_Step3/TextLabel_What type of marketplace"), 0): Object 'Object Repository/ADMIN/Admin Onboarding Page/Admin_Onboarding_Step3/TextLabel_What type of marketplace' is visible

2020-03-19 07:21:09 - [MESSAGE][WARNING] - Timeout '0' is invalid. Using default page load timeout: '30'

2020-03-19 07:21:10 - [MESSAGE][PASSED] - Object 'Object Repository/ADMIN/Admin Onboarding Page/Admin_Onboarding_Step3/TextLabel_What type of marketplace' is visible

2020-03-19 07:21:10 - [TEST_STEP][PASSED] - delay(1): Delayed 1 second(s)

2020-03-19 07:21:11 - [MESSAGE][PASSED] - Delayed 1 second(s)

2020-03-19 07:21:11 - [TEST_STEP][PASSED] - if (varTemplate == "Bespoke"): null

2020-03-19 07:21:11 - [TEST_STEP][PASSED] - else if (varTemplate == "ServiceBookings(TIME)"): null

2020-03-19 07:21:11 - [TEST_STEP][PASSED] - else if (varTemplate == "RentalGoods(TIME)"): null

2020-03-19 07:21:11 - [TEST_STEP][PASSED] - else if (varTemplate == "Space"): Object: 'Object Repository/ADMIN/Admin Onboarding Page/Admin_Onboarding_Step3/Select/a_Select_Space Rental' is clicked on

2020-03-19 07:21:11 - [TEST_STEP][PASSED] - mouseOver(findTestObject("ADMIN/Admin Onboarding Page/Admin_Onboarding_Step3/Preview/div_ Preview Select Space Rent")): Object: 'Object Repository/ADMIN/Admin Onboarding Page/Admin_Onboarding_Step3/Preview/div_ Preview Select Space Rent' is hovered

2020-03-19 07:21:11 - [MESSAGE][PASSED] - Object: 'Object Repository/ADMIN/Admin Onboarding Page/Admin_Onboarding_Step3/Preview/div_ Preview Select Space Rent' is hovered

2020-03-19 07:21:11 - [TEST_STEP][PASSED] - delay(1): Delayed 1 second(s)

2020-03-19 07:21:12 - [MESSAGE][PASSED] - Delayed 1 second(s)

2020-03-19 07:21:12 - [TEST_STEP][PASSED] - click(findTestObject("ADMIN/Admin Onboarding Page/Admin_Onboarding_Step3/Select/a_Select_Space Rental")): Object: 'Object Repository/ADMIN/Admin Onboarding Page/Admin_Onboarding_Step3/Select/a_Select_Space Rental' is clicked on

2020-03-19 07:21:13 - [MESSAGE][PASSED] - Object: 'Object Repository/ADMIN/Admin Onboarding Page/Admin_Onboarding_Step3/Select/a_Select_Space Rental' is clicked on

2020-03-19 07:21:13 - [TEST_STEP][PASSED] - comment("Step 4"): Step 4

2020-03-19 07:21:13 - [MESSAGE][INFO] - Step 4

2020-03-19 07:21:13 - [TEST_STEP][PASSED] - uploadFile(findTestObject("ADMIN/Admin Onboarding Page/Admin_Onboarding_Step4/Button_Browse_Step4"), varLogo): File 'C:\\Katalon\\Arctick\\Images\\LogoLayout\\logo2.jpg' sent to object: 'Object Repository/ADMIN/Admin Onboarding Page/Admin_Onboarding_Step4/Button_Browse_Step4'

2020-03-19 07:21:13 - [MESSAGE][PASSED] - File 'C:\\Katalon\\Arctick\\Images\\LogoLayout\\logo2.jpg' sent to object: 'Object Repository/ADMIN/Admin Onboarding Page/Admin_Onboarding_Step4/Button_Browse_Step4'

2020-03-19 07:21:13 - [TEST_STEP][PASSED] - setText(findTestObject("ADMIN/Admin Onboarding Page/Admin_Onboarding_Step4/Textbox_Marketplace_Name"), varUsername): Text '0319Scale6MonthST' is set on object 'Object Repository/ADMIN/Admin Onboarding Page/Admin_Onboarding_Step4/Textbox_Marketplace_Name'

2020-03-19 07:21:13 - [MESSAGE][PASSED] - Text '0319Scale6MonthST' is set on object 'Object Repository/ADMIN/Admin Onboarding Page/Admin_Onboarding_Step4/Textbox_Marketplace_Name'

2020-03-19 07:21:13 - [TEST_STEP][PASSED] - setText(findTestObject("ADMIN/Admin Onboarding Page/Admin_Onboarding_Step4/Textbox_Slogan"), varTheme): Text 'Theme 2' is set on object 'Object Repository/ADMIN/Admin Onboarding Page/Admin_Onboarding_Step4/Textbox_Slogan'

2020-03-19 07:21:14 - [MESSAGE][PASSED] - Text 'Theme 2' is set on object 'Object Repository/ADMIN/Admin Onboarding Page/Admin_Onboarding_Step4/Textbox_Slogan'

2020-03-19 07:21:14 - [TEST_STEP][PASSED] - setText(findTestObject("ADMIN/Admin Onboarding Page/Admin_Onboarding_Step4/Textbox_ContactNumber"), varContactNumber): Text '+631234567890' is set on object 'Object Repository/ADMIN/Admin Onboarding Page/Admin_Onboarding_Step4/Textbox_ContactNumber'

2020-03-19 07:21:14 - [MESSAGE][PASSED] - Text '+631234567890' is set on object 'Object Repository/ADMIN/Admin Onboarding Page/Admin_Onboarding_Step4/Textbox_ContactNumber'

2020-03-19 07:21:14 - [TEST_STEP][PASSED] - setText(findTestObject("ADMIN/Admin Onboarding Page/Admin_Onboarding_Step4/Textbox_ContactEmail"), varEmail): Text 'arcadierteam@gmail.com' is set on object 'Object Repository/ADMIN/Admin Onboarding Page/Admin_Onboarding_Step4/Textbox_ContactEmail'

2020-03-19 07:21:14 - [MESSAGE][PASSED] - Text 'arcadierteam@gmail.com' is set on object 'Object Repository/ADMIN/Admin Onboarding Page/Admin_Onboarding_Step4/Textbox_ContactEmail'

2020-03-19 07:21:14 - [TEST_STEP][PASSED] - click(findTestObject("ADMIN/Admin Onboarding Page/Admin_Onboarding_Step4/Button_Next_Step4"), CONTINUE_ON_FAILURE): Object: 'Object Repository/ADMIN/Admin Onboarding Page/Admin_Onboarding_Step4/Button_Next_Step4' is clicked on

2020-03-19 07:21:14 - [MESSAGE][PASSED] - Object: 'Object Repository/ADMIN/Admin Onboarding Page/Admin_Onboarding_Step4/Button_Next_Step4' is clicked on

2020-03-19 07:21:14 - [TEST_STEP][PASSED] - comment("Step 5"): Step 5

2020-03-19 07:21:14 - [MESSAGE][INFO] - Step 5

2020-03-19 07:21:14 - [TEST_STEP][PASSED] - waitForElementVisible(findTestObject("ADMIN/Admin Onboarding Page/Admin_Onboarding_Step5/h1_5. Preview  pick out a mark"), 0): Object 'Object Repository/ADMIN/Admin Onboarding Page/Admin_Onboarding_Step5/h1_5. Preview  pick out a mark' is visible

2020-03-19 07:21:15 - [MESSAGE][WARNING] - Timeout '0' is invalid. Using default page load timeout: '30'

2020-03-19 07:21:16 - [MESSAGE][PASSED] - Object 'Object Repository/ADMIN/Admin Onboarding Page/Admin_Onboarding_Step5/h1_5. Preview  pick out a mark' is visible

2020-03-19 07:21:16 - [TEST_STEP][PASSED] - if (varTemplate == "Bespoke"): null

2020-03-19 07:21:16 - [TEST_STEP][PASSED] - else if (varTemplate == "Space"): Object: 'Object Repository/ADMIN/Admin Onboarding Page/Admin_Onboarding_Step5/Button_Theme2_Select' is clicked on

2020-03-19 07:21:16 - [TEST_STEP][PASSED] - if (varTheme == "Theme 1"): null

2020-03-19 07:21:16 - [TEST_STEP][PASSED] - else if (varTheme == "Theme 2"): Object: 'Object Repository/ADMIN/Admin Onboarding Page/Admin_Onboarding_Step5/Button_Theme2_Select' is clicked on

2020-03-19 07:21:16 - [TEST_STEP][PASSED] - click(findTestObject("ADMIN/Admin Onboarding Page/Admin_Onboarding_Step5/Button_Theme2_Select")): Object: 'Object Repository/ADMIN/Admin Onboarding Page/Admin_Onboarding_Step5/Button_Theme2_Select' is clicked on

2020-03-19 07:21:16 - [MESSAGE][PASSED] - Object: 'Object Repository/ADMIN/Admin Onboarding Page/Admin_Onboarding_Step5/Button_Theme2_Select' is clicked on

2020-03-19 07:21:16 - [TEST_STEP][PASSED] - click(findTestObject("ADMIN/Admin Onboarding Page/Admin_Onboarding_Step5/Button_Next_Step5")): Object: 'Object Repository/ADMIN/Admin Onboarding Page/Admin_Onboarding_Step5/Button_Next_Step5' is clicked on

2020-03-19 07:21:17 - [MESSAGE][PASSED] - Object: 'Object Repository/ADMIN/Admin Onboarding Page/Admin_Onboarding_Step5/Button_Next_Step5' is clicked on

2020-03-19 07:21:17 - [TEST_STEP][PASSED] - comment("Step 6"): Step 6

2020-03-19 07:21:17 - [MESSAGE][INFO] - Step 6

2020-03-19 07:21:17 - [TEST_STEP][PASSED] - waitForElementVisible(findTestObject("ADMIN/Admin Onboarding Page/Admin_Onboarding_Step6/Textlabel_Select your marketplace"), 0): Object 'Object Repository/ADMIN/Admin Onboarding Page/Admin_Onboarding_Step6/Textlabel_Select your marketplace' is visible

2020-03-19 07:21:17 - [MESSAGE][WARNING] - Timeout '0' is invalid. Using default page load timeout: '30'

2020-03-19 07:21:18 - [MESSAGE][PASSED] - Object 'Object Repository/ADMIN/Admin Onboarding Page/Admin_Onboarding_Step6/Textlabel_Select your marketplace' is visible

2020-03-19 07:21:18 - [TEST_STEP][PASSED] - click(findTestObject("ADMIN/Admin Onboarding Page/Admin_Onboarding_Step6/Button_Browse_Step6"), CONTINUE_ON_FAILURE): Object: 'Object Repository/ADMIN/Admin Onboarding Page/Admin_Onboarding_Step6/Button_Browse_Step6' is clicked on

2020-03-19 07:21:18 - [MESSAGE][PASSED] - Object: 'Object Repository/ADMIN/Admin Onboarding Page/Admin_Onboarding_Step6/Button_Browse_Step6' is clicked on

2020-03-19 07:21:18 - [TEST_STEP][PASSED] - delay(2): Delayed 2 second(s)

2020-03-19 07:21:20 - [MESSAGE][PASSED] - Delayed 2 second(s)

2020-03-19 07:21:20 - [TEST_STEP][PASSED] - uploadFile(findTestObject("ADMIN/Admin Onboarding Page/Admin_Onboarding_Step6/Image_Container"), varCoverImage): File 'C:\\Katalon\\Arctick\\Images\\LogoLayout\\coverimage3.jpg' sent to object: 'Object Repository/ADMIN/Admin Onboarding Page/Admin_Onboarding_Step6/Image_Container'

2020-03-19 07:21:20 - [MESSAGE][PASSED] - File 'C:\\Katalon\\Arctick\\Images\\LogoLayout\\coverimage3.jpg' sent to object: 'Object Repository/ADMIN/Admin Onboarding Page/Admin_Onboarding_Step6/Image_Container'

2020-03-19 07:21:20 - [TEST_STEP][PASSED] - waitForElementVisible(findTestObject("ADMIN/Admin Onboarding Page/Admin_Onboarding_Step6/Image Cropper/div_btn btn-success btn-ok"), 0): Object 'Object Repository/ADMIN/Admin Onboarding Page/Admin_Onboarding_Step6/Image Cropper/div_btn btn-success btn-ok' is visible

2020-03-19 07:21:20 - [MESSAGE][WARNING] - Timeout '0' is invalid. Using default page load timeout: '30'

2020-03-19 07:21:20 - [MESSAGE][PASSED] - Object 'Object Repository/ADMIN/Admin Onboarding Page/Admin_Onboarding_Step6/Image Cropper/div_btn btn-success btn-ok' is visible

2020-03-19 07:21:20 - [TEST_STEP][PASSED] - click(findTestObject("ADMIN/Admin Onboarding Page/Admin_Onboarding_Step6/Image Cropper/div_btn btn-success btn-ok"), CONTINUE_ON_FAILURE): Object: 'Object Repository/ADMIN/Admin Onboarding Page/Admin_Onboarding_Step6/Image Cropper/div_btn btn-success btn-ok' is clicked on

2020-03-19 07:21:20 - [MESSAGE][PASSED] - Object: 'Object Repository/ADMIN/Admin Onboarding Page/Admin_Onboarding_Step6/Image Cropper/div_btn btn-success btn-ok' is clicked on

2020-03-19 07:21:20 - [TEST_STEP][PASSED] - waitForElementVisible(findTestObject("ADMIN/Admin Onboarding Page/Admin_Onboarding_Step6/Image Cropper/a_Save Photo"), 0): Object 'Object Repository/ADMIN/Admin Onboarding Page/Admin_Onboarding_Step6/Image Cropper/a_Save Photo' is visible

2020-03-19 07:21:20 - [MESSAGE][WARNING] - Timeout '0' is invalid. Using default page load timeout: '30'

2020-03-19 07:21:20 - [MESSAGE][PASSED] - Object 'Object Repository/ADMIN/Admin Onboarding Page/Admin_Onboarding_Step6/Image Cropper/a_Save Photo' is visible

2020-03-19 07:21:20 - [TEST_STEP][PASSED] - click(findTestObject("ADMIN/Admin Onboarding Page/Admin_Onboarding_Step6/Image Cropper/a_Save Photo"), CONTINUE_ON_FAILURE): Object: 'Object Repository/ADMIN/Admin Onboarding Page/Admin_Onboarding_Step6/Image Cropper/a_Save Photo' is clicked on

2020-03-19 07:21:21 - [MESSAGE][PASSED] - Object: 'Object Repository/ADMIN/Admin Onboarding Page/Admin_Onboarding_Step6/Image Cropper/a_Save Photo' is clicked on

2020-03-19 07:21:21 - [TEST_STEP][PASSED] - delay(1): Delayed 1 second(s)

2020-03-19 07:21:22 - [MESSAGE][PASSED] - Delayed 1 second(s)

2020-03-19 07:21:22 - [TEST_STEP][PASSED] - click(findTestObject("ADMIN/Admin Onboarding Page/Admin_Onboarding_Step6/Button_Next_Step6"), CONTINUE_ON_FAILURE): Object: 'Object Repository/ADMIN/Admin Onboarding Page/Admin_Onboarding_Step6/Button_Next_Step6' is clicked on

2020-03-19 07:21:22 - [MESSAGE][PASSED] - Object: 'Object Repository/ADMIN/Admin Onboarding Page/Admin_Onboarding_Step6/Button_Next_Step6' is clicked on

2020-03-19 07:21:22 - [TEST_STEP][PASSED] - comment("Step 7 (editable variables)"): Step 7 (editable variables)

2020-03-19 07:21:22 - [MESSAGE][INFO] - Step 7 (editable variables)

2020-03-19 07:21:22 - [TEST_STEP][PASSED] - waitForElementVisible(findTestObject("ADMIN/Admin Onboarding Page/Admin_Onboarding_Step7/Textlabel_7. Now how would you like t"), 0): Object 'Object Repository/ADMIN/Admin Onboarding Page/Admin_Onboarding_Step7/Textlabel_7. Now how would you like t' is visible

2020-03-19 07:21:22 - [MESSAGE][WARNING] - Timeout '0' is invalid. Using default page load timeout: '30'

2020-03-19 07:21:24 - [MESSAGE][PASSED] - Object 'Object Repository/ADMIN/Admin Onboarding Page/Admin_Onboarding_Step7/Textlabel_7. Now how would you like t' is visible

2020-03-19 07:21:24 - [TEST_STEP][PASSED] - selectOptionByLabel(findTestObject("ADMIN/Admin Onboarding Page/Admin_Onboarding_Step7/Dropdown_Currency"), varCurrency, false): All options with label 'SGD' are selected in object 'Object Repository/ADMIN/Admin Onboarding Page/Admin_Onboarding_Step7/Dropdown_Currency' 

2020-03-19 07:21:24 - [MESSAGE][PASSED] - All options with label 'SGD' are selected in object 'Object Repository/ADMIN/Admin Onboarding Page/Admin_Onboarding_Step7/Dropdown_Currency' 

2020-03-19 07:21:24 - [TEST_STEP][PASSED] - setText(findTestObject("ADMIN/Admin Onboarding Page/Admin_Onboarding_Step7/Textbox_TransactionFee"), varAdminFee): Text '100' is set on object 'Object Repository/ADMIN/Admin Onboarding Page/Admin_Onboarding_Step7/Textbox_TransactionFee'

2020-03-19 07:21:24 - [MESSAGE][PASSED] - Text '100' is set on object 'Object Repository/ADMIN/Admin Onboarding Page/Admin_Onboarding_Step7/Textbox_TransactionFee'

2020-03-19 07:21:24 - [TEST_STEP][PASSED] - click(findTestObject("ADMIN/Admin Onboarding Page/Admin_Onboarding_Step7/Button_Next_Step7"), CONTINUE_ON_FAILURE): Object: 'Object Repository/ADMIN/Admin Onboarding Page/Admin_Onboarding_Step7/Button_Next_Step7' is clicked on

2020-03-19 07:21:25 - [MESSAGE][PASSED] - Object: 'Object Repository/ADMIN/Admin Onboarding Page/Admin_Onboarding_Step7/Button_Next_Step7' is clicked on

2020-03-19 07:21:25 - [TEST_STEP][PASSED] - comment("Step 8"): Step 8

2020-03-19 07:21:25 - [MESSAGE][INFO] - Step 8

2020-03-19 07:21:25 - [TEST_STEP][PASSED] - waitForElementVisible(findTestObject("ADMIN/Admin Onboarding Page/Admin_Onboarding_Step8/Textlabel_Review your marketplace pol"), 0): Object 'Object Repository/ADMIN/Admin Onboarding Page/Admin_Onboarding_Step8/Textlabel_Review your marketplace pol' is visible

2020-03-19 07:21:25 - [MESSAGE][WARNING] - Timeout '0' is invalid. Using default page load timeout: '30'

2020-03-19 07:21:25 - [MESSAGE][PASSED] - Object 'Object Repository/ADMIN/Admin Onboarding Page/Admin_Onboarding_Step8/Textlabel_Review your marketplace pol' is visible

2020-03-19 07:21:25 - [TEST_STEP][PASSED] - comment("Checkbox Return Policy"): Checkbox Return Policy

2020-03-19 07:21:25 - [MESSAGE][INFO] - Checkbox Return Policy

2020-03-19 07:21:25 - [TEST_STEP][PASSED] - click(findTestObject("ADMIN/Admin Onboarding Page/Admin_Onboarding_Step8/Checkbox_ReturnPolicy")): Object: 'Object Repository/ADMIN/Admin Onboarding Page/Admin_Onboarding_Step8/Checkbox_ReturnPolicy' is clicked on

2020-03-19 07:21:26 - [MESSAGE][PASSED] - Object: 'Object Repository/ADMIN/Admin Onboarding Page/Admin_Onboarding_Step8/Checkbox_ReturnPolicy' is clicked on

2020-03-19 07:21:26 - [TEST_STEP][PASSED] - comment("Terms and Condition"): Terms and Condition

2020-03-19 07:21:26 - [MESSAGE][INFO] - Terms and Condition

2020-03-19 07:21:26 - [TEST_STEP][PASSED] - click(findTestObject("ADMIN/Admin Onboarding Page/Admin_Onboarding_Step8/Checkbox_IsAgreed")): Object: 'Object Repository/ADMIN/Admin Onboarding Page/Admin_Onboarding_Step8/Checkbox_IsAgreed' is clicked on

2020-03-19 07:21:26 - [MESSAGE][PASSED] - Object: 'Object Repository/ADMIN/Admin Onboarding Page/Admin_Onboarding_Step8/Checkbox_IsAgreed' is clicked on

2020-03-19 07:21:26 - [TEST_STEP][PASSED] - click(findTestObject("ADMIN/Admin Onboarding Page/Admin_Onboarding_Step8/Button_Next_Step8")): Object: 'Object Repository/ADMIN/Admin Onboarding Page/Admin_Onboarding_Step8/Button_Next_Step8' is clicked on

2020-03-19 07:21:29 - [MESSAGE][PASSED] - Object: 'Object Repository/ADMIN/Admin Onboarding Page/Admin_Onboarding_Step8/Button_Next_Step8' is clicked on]]></system-out>
         <system-err><![CDATA[]]></system-err>
      </testcase>
      <testcase name="Test Cases/ADMIN/Onboarding/Complete Onboarding" time="33.851" classname="Test Cases/ADMIN/Onboarding/Complete Onboarding" status="PASSED">
         <system-out><![CDATA[2020-03-19 07:21:29 - [TEST_CASE][PASSED] - Test Cases/ADMIN/Onboarding/Complete Onboarding: Test Cases/ADMIN/Onboarding/Complete Onboarding

2020-03-19 07:21:29 - [TEST_STEP][PASSED] - comment("Create Account"): Create Account

2020-03-19 07:21:29 - [MESSAGE][INFO] - Create Account

2020-03-19 07:21:29 - [TEST_STEP][PASSED] - openBrowser(""): Browser is opened with url: ''

2020-03-19 07:21:29 - [MESSAGE][WARNING] - A browser is already opened. Closing browser and opening a new one

2020-03-19 07:21:30 - [MESSAGE][INFO] - Starting 'Chrome' driver

2020-03-19 07:21:30 - [MESSAGE][INFO] - User set preference: ['args', '[--incognito]']

2020-03-19 07:21:31 - [MESSAGE][PASSED] - Browser is opened with url: ''

2020-03-19 07:21:31 - [TEST_STEP][PASSED] - if (varServer == "Test"): Navigate to 'https://www.test.arcadier.io' successfully

2020-03-19 07:21:31 - [TEST_STEP][PASSED] - navigateToUrl("https://www.test.arcadier.io"): Navigate to 'https://www.test.arcadier.io' successfully

2020-03-19 07:21:33 - [MESSAGE][PASSED] - Navigate to 'https://www.test.arcadier.io' successfully

2020-03-19 07:21:33 - [TEST_STEP][PASSED] - maximizeWindow(): Current window maximized

2020-03-19 07:21:33 - [MESSAGE][PASSED] - Current window maximized

2020-03-19 07:21:33 - [TEST_STEP][PASSED] - if (varAccountType == "custom"): Object: 'Object Repository/ADMIN/Admin Onboarding Page/Admin Onboarding CustomAcc/Button_Sign_Up' is clicked on

2020-03-19 07:21:33 - [TEST_STEP][PASSED] - click(findTestObject("ADMIN/Admin Onboarding Page/Create_Account_Page/Button_Create_Account")): Object: 'Object Repository/ADMIN/Admin Onboarding Page/Create_Account_Page/Button_Create_Account' is clicked on

2020-03-19 07:21:34 - [MESSAGE][PASSED] - Object: 'Object Repository/ADMIN/Admin Onboarding Page/Create_Account_Page/Button_Create_Account' is clicked on

2020-03-19 07:21:34 - [TEST_STEP][PASSED] - verifyElementPresent(findTestObject("ADMIN/Admin Onboarding Page/Admin Onboarding CustomAcc/Textbox_Username"), 0): Object 'Object Repository/ADMIN/Admin Onboarding Page/Admin Onboarding CustomAcc/Textbox_Username' is present

2020-03-19 07:21:34 - [MESSAGE][WARNING] - Timeout '0' is invalid. Using default page load timeout: '30'

2020-03-19 07:21:34 - [MESSAGE][PASSED] - Object 'Object Repository/ADMIN/Admin Onboarding Page/Admin Onboarding CustomAcc/Textbox_Username' is present

2020-03-19 07:21:34 - [TEST_STEP][PASSED] - setText(findTestObject("ADMIN/Admin Onboarding Page/Admin Onboarding CustomAcc/Textbox_Username"), varUsername): Text '0319BasicYearlyBP' is set on object 'Object Repository/ADMIN/Admin Onboarding Page/Admin Onboarding CustomAcc/Textbox_Username'

2020-03-19 07:21:34 - [MESSAGE][PASSED] - Text '0319BasicYearlyBP' is set on object 'Object Repository/ADMIN/Admin Onboarding Page/Admin Onboarding CustomAcc/Textbox_Username'

2020-03-19 07:21:34 - [TEST_STEP][PASSED] - setText(findTestObject("ADMIN/Admin Onboarding Page/Admin Onboarding CustomAcc/Textbox_Password"), "welcome8"): Text 'welcome8' is set on object 'Object Repository/ADMIN/Admin Onboarding Page/Admin Onboarding CustomAcc/Textbox_Password'

2020-03-19 07:21:34 - [MESSAGE][PASSED] - Text 'welcome8' is set on object 'Object Repository/ADMIN/Admin Onboarding Page/Admin Onboarding CustomAcc/Textbox_Password'

2020-03-19 07:21:34 - [TEST_STEP][PASSED] - setText(findTestObject("ADMIN/Admin Onboarding Page/Admin Onboarding CustomAcc/Textbox_Reconfirm_Password"), "welcome8"): Text 'welcome8' is set on object 'Object Repository/ADMIN/Admin Onboarding Page/Admin Onboarding CustomAcc/Textbox_Reconfirm_Password'

2020-03-19 07:21:35 - [MESSAGE][PASSED] - Text 'welcome8' is set on object 'Object Repository/ADMIN/Admin Onboarding Page/Admin Onboarding CustomAcc/Textbox_Reconfirm_Password'

2020-03-19 07:21:35 - [TEST_STEP][PASSED] - click(findTestObject("ADMIN/Admin Onboarding Page/Admin Onboarding CustomAcc/Button_Sign_Up")): Object: 'Object Repository/ADMIN/Admin Onboarding Page/Admin Onboarding CustomAcc/Button_Sign_Up' is clicked on

2020-03-19 07:21:36 - [MESSAGE][PASSED] - Object: 'Object Repository/ADMIN/Admin Onboarding Page/Admin Onboarding CustomAcc/Button_Sign_Up' is clicked on

2020-03-19 07:21:36 - [TEST_STEP][PASSED] - comment("Step 1"): Step 1

2020-03-19 07:21:36 - [MESSAGE][INFO] - Step 1

2020-03-19 07:21:36 - [TEST_STEP][PASSED] - selectOptionByLabel(findTestObject("ADMIN/Admin Onboarding Page/Admin_Onboarding_Step1/1stDropdown_Please select one...Im"), "I’m managing them offline", false): All options with label 'I’m managing them offline' are selected in object 'Object Repository/ADMIN/Admin Onboarding Page/Admin_Onboarding_Step1/1stDropdown_Please select one...Im' 

2020-03-19 07:21:37 - [MESSAGE][PASSED] - All options with label 'I’m managing them offline' are selected in object 'Object Repository/ADMIN/Admin Onboarding Page/Admin_Onboarding_Step1/1stDropdown_Please select one...Im' 

2020-03-19 07:21:37 - [TEST_STEP][PASSED] - selectOptionByLabel(findTestObject("ADMIN/Admin Onboarding Page/Admin_Onboarding_Step1/2ndDropdown_Please select one...Don"), "Something else!", false): All options with label 'Something else!' are selected in object 'Object Repository/ADMIN/Admin Onboarding Page/Admin_Onboarding_Step1/2ndDropdown_Please select one...Don' 

2020-03-19 07:21:37 - [MESSAGE][PASSED] - All options with label 'Something else!' are selected in object 'Object Repository/ADMIN/Admin Onboarding Page/Admin_Onboarding_Step1/2ndDropdown_Please select one...Don' 

2020-03-19 07:21:37 - [TEST_STEP][PASSED] - setText(findTestObject("ADMIN/Admin Onboarding Page/Admin_Onboarding_Step1/2nddropdown_textbox_OtherMarketplaceType"), "Marketplace"): Text 'Marketplace' is set on object 'Object Repository/ADMIN/Admin Onboarding Page/Admin_Onboarding_Step1/2nddropdown_textbox_OtherMarketplaceType'

2020-03-19 07:21:38 - [MESSAGE][PASSED] - Text 'Marketplace' is set on object 'Object Repository/ADMIN/Admin Onboarding Page/Admin_Onboarding_Step1/2nddropdown_textbox_OtherMarketplaceType'

2020-03-19 07:21:38 - [TEST_STEP][PASSED] - selectOptionByLabel(findTestObject("ADMIN/Admin Onboarding Page/Admin_Onboarding_Step1/3rdDropdown_Im an individualIm work"), "Someone else!", false): All options with label 'Someone else!' are selected in object 'Object Repository/ADMIN/Admin Onboarding Page/Admin_Onboarding_Step1/3rdDropdown_Im an individualIm work' 

2020-03-19 07:21:38 - [MESSAGE][PASSED] - All options with label 'Someone else!' are selected in object 'Object Repository/ADMIN/Admin Onboarding Page/Admin_Onboarding_Step1/3rdDropdown_Im an individualIm work' 

2020-03-19 07:21:38 - [TEST_STEP][PASSED] - setText(findTestObject("ADMIN/Admin Onboarding Page/Admin_Onboarding_Step1/3rddropdown_textbox_OtherEntityType"), "Business Man"): Text 'Business Man' is set on object 'Object Repository/ADMIN/Admin Onboarding Page/Admin_Onboarding_Step1/3rddropdown_textbox_OtherEntityType'

2020-03-19 07:21:38 - [MESSAGE][PASSED] - Text 'Business Man' is set on object 'Object Repository/ADMIN/Admin Onboarding Page/Admin_Onboarding_Step1/3rddropdown_textbox_OtherEntityType'

2020-03-19 07:21:38 - [TEST_STEP][PASSED] - setText(findTestObject("ADMIN/Admin Onboarding Page/Admin_Onboarding_Step1/3rddropdown_textbox_OtherEntityType"), "Business Man"): Text 'Business Man' is set on object 'Object Repository/ADMIN/Admin Onboarding Page/Admin_Onboarding_Step1/3rddropdown_textbox_OtherEntityType'

2020-03-19 07:21:38 - [MESSAGE][PASSED] - Text 'Business Man' is set on object 'Object Repository/ADMIN/Admin Onboarding Page/Admin_Onboarding_Step1/3rddropdown_textbox_OtherEntityType'

2020-03-19 07:21:38 - [TEST_STEP][PASSED] - click(findTestObject("ADMIN/Admin Onboarding Page/Admin_Onboarding_Step1/Button_NEXT_Step1")): Object: 'Object Repository/ADMIN/Admin Onboarding Page/Admin_Onboarding_Step1/Button_NEXT_Step1' is clicked on

2020-03-19 07:21:39 - [MESSAGE][PASSED] - Object: 'Object Repository/ADMIN/Admin Onboarding Page/Admin_Onboarding_Step1/Button_NEXT_Step1' is clicked on

2020-03-19 07:21:39 - [TEST_STEP][PASSED] - comment("Step 2"): Step 2

2020-03-19 07:21:39 - [MESSAGE][INFO] - Step 2

2020-03-19 07:21:39 - [TEST_STEP][PASSED] - waitForElementVisible(findTestObject("ADMIN/Admin Onboarding Page/Admin_Onboarding_Step2/Textlabel_We will like to know mor"), 0): Object 'Object Repository/ADMIN/Admin Onboarding Page/Admin_Onboarding_Step2/Textlabel_We will like to know mor' is visible

2020-03-19 07:21:39 - [MESSAGE][WARNING] - Timeout '0' is invalid. Using default page load timeout: '30'

2020-03-19 07:21:40 - [MESSAGE][PASSED] - Object 'Object Repository/ADMIN/Admin Onboarding Page/Admin_Onboarding_Step2/Textlabel_We will like to know mor' is visible

2020-03-19 07:21:40 - [TEST_STEP][PASSED] - setText(findTestObject("ADMIN/Admin Onboarding Page/Admin_Onboarding_Step2/Textbox_FirstName"), varFName): Text '0319BasicYearlyBP' is set on object 'Object Repository/ADMIN/Admin Onboarding Page/Admin_Onboarding_Step2/Textbox_FirstName'

2020-03-19 07:21:40 - [MESSAGE][PASSED] - Text '0319BasicYearlyBP' is set on object 'Object Repository/ADMIN/Admin Onboarding Page/Admin_Onboarding_Step2/Textbox_FirstName'

2020-03-19 07:21:40 - [TEST_STEP][PASSED] - setText(findTestObject("ADMIN/Admin Onboarding Page/Admin_Onboarding_Step2/Textbox_LastName"), varLName): Text 'Marketplace' is set on object 'Object Repository/ADMIN/Admin Onboarding Page/Admin_Onboarding_Step2/Textbox_LastName'

2020-03-19 07:21:40 - [MESSAGE][PASSED] - Text 'Marketplace' is set on object 'Object Repository/ADMIN/Admin Onboarding Page/Admin_Onboarding_Step2/Textbox_LastName'

2020-03-19 07:21:40 - [TEST_STEP][PASSED] - setText(findTestObject("ADMIN/Admin Onboarding Page/Admin_Onboarding_Step2/Textbox_Email"), varEmail): Text 'arcadierteam@gmail.com' is set on object 'Object Repository/ADMIN/Admin Onboarding Page/Admin_Onboarding_Step2/Textbox_Email'

2020-03-19 07:21:41 - [MESSAGE][PASSED] - Text 'arcadierteam@gmail.com' is set on object 'Object Repository/ADMIN/Admin Onboarding Page/Admin_Onboarding_Step2/Textbox_Email'

2020-03-19 07:21:41 - [TEST_STEP][PASSED] - delay(1): Delayed 1 second(s)

2020-03-19 07:21:42 - [MESSAGE][PASSED] - Delayed 1 second(s)

2020-03-19 07:21:42 - [TEST_STEP][PASSED] - selectOptionByLabel(findTestObject("ADMIN/Admin Onboarding Page/Admin_Onboarding_Step2/Country_Dropdown"), varCountry, false): All options with label 'Italy' are selected in object 'Object Repository/ADMIN/Admin Onboarding Page/Admin_Onboarding_Step2/Country_Dropdown' 

2020-03-19 07:21:42 - [MESSAGE][PASSED] - All options with label 'Italy' are selected in object 'Object Repository/ADMIN/Admin Onboarding Page/Admin_Onboarding_Step2/Country_Dropdown' 

2020-03-19 07:21:42 - [TEST_STEP][PASSED] - setText(findTestObject("ADMIN/Admin Onboarding Page/Admin_Onboarding_Step2/Address_Line1"), varAddress1): Text 'Strada Statale 130' is set on object 'Object Repository/ADMIN/Admin Onboarding Page/Admin_Onboarding_Step2/Address_Line1'

2020-03-19 07:21:42 - [MESSAGE][PASSED] - Text 'Strada Statale 130' is set on object 'Object Repository/ADMIN/Admin Onboarding Page/Admin_Onboarding_Step2/Address_Line1'

2020-03-19 07:21:42 - [TEST_STEP][PASSED] - setText(findTestObject("ADMIN/Admin Onboarding Page/Admin_Onboarding_Step2/Address_Line2"), varAddress2): Text 'Dorzano, Biella 13881' is set on object 'Object Repository/ADMIN/Admin Onboarding Page/Admin_Onboarding_Step2/Address_Line2'

2020-03-19 07:21:43 - [MESSAGE][PASSED] - Text 'Dorzano, Biella 13881' is set on object 'Object Repository/ADMIN/Admin Onboarding Page/Admin_Onboarding_Step2/Address_Line2'

2020-03-19 07:21:43 - [TEST_STEP][PASSED] - setText(findTestObject("ADMIN/Admin Onboarding Page/Admin_Onboarding_Step2/Textbox_PhoneNumber"), varContactNumber): Text '+631234567890' is set on object 'Object Repository/ADMIN/Admin Onboarding Page/Admin_Onboarding_Step2/Textbox_PhoneNumber'

2020-03-19 07:21:43 - [MESSAGE][PASSED] - Text '+631234567890' is set on object 'Object Repository/ADMIN/Admin Onboarding Page/Admin_Onboarding_Step2/Textbox_PhoneNumber'

2020-03-19 07:21:43 - [TEST_STEP][PASSED] - click(findTestObject("ADMIN/Admin Onboarding Page/Admin_Onboarding_Step2/Button_Next_Step2"), CONTINUE_ON_FAILURE): Object: 'Object Repository/ADMIN/Admin Onboarding Page/Admin_Onboarding_Step2/Button_Next_Step2' is clicked on

2020-03-19 07:21:44 - [MESSAGE][PASSED] - Object: 'Object Repository/ADMIN/Admin Onboarding Page/Admin_Onboarding_Step2/Button_Next_Step2' is clicked on

2020-03-19 07:21:44 - [TEST_STEP][PASSED] - comment("Step 3"): Step 3

2020-03-19 07:21:44 - [MESSAGE][INFO] - Step 3

2020-03-19 07:21:44 - [TEST_STEP][PASSED] - waitForElementVisible(findTestObject("ADMIN/Admin Onboarding Page/Admin_Onboarding_Step3/TextLabel_What type of marketplace"), 0): Object 'Object Repository/ADMIN/Admin Onboarding Page/Admin_Onboarding_Step3/TextLabel_What type of marketplace' is visible

2020-03-19 07:21:44 - [MESSAGE][WARNING] - Timeout '0' is invalid. Using default page load timeout: '30'

2020-03-19 07:21:44 - [MESSAGE][PASSED] - Object 'Object Repository/ADMIN/Admin Onboarding Page/Admin_Onboarding_Step3/TextLabel_What type of marketplace' is visible

2020-03-19 07:21:44 - [TEST_STEP][PASSED] - delay(1): Delayed 1 second(s)

2020-03-19 07:21:45 - [MESSAGE][PASSED] - Delayed 1 second(s)

2020-03-19 07:21:45 - [TEST_STEP][PASSED] - if (varTemplate == "Bespoke"): Object: 'Object Repository/ADMIN/Admin Onboarding Page/Admin_Onboarding_Step3/Button_Retail_Goods_Select' is clicked on

2020-03-19 07:21:45 - [TEST_STEP][PASSED] - mouseOver(findTestObject("ADMIN/Admin Onboarding Page/Admin_Onboarding_Step3/Textlabel_Retail Goods")): Object: 'Object Repository/ADMIN/Admin Onboarding Page/Admin_Onboarding_Step3/Textlabel_Retail Goods' is hovered

2020-03-19 07:21:46 - [MESSAGE][PASSED] - Object: 'Object Repository/ADMIN/Admin Onboarding Page/Admin_Onboarding_Step3/Textlabel_Retail Goods' is hovered

2020-03-19 07:21:46 - [TEST_STEP][PASSED] - delay(1): Delayed 1 second(s)

2020-03-19 07:21:47 - [MESSAGE][PASSED] - Delayed 1 second(s)

2020-03-19 07:21:47 - [TEST_STEP][PASSED] - click(findTestObject("ADMIN/Admin Onboarding Page/Admin_Onboarding_Step3/Button_Retail_Goods_Select")): Object: 'Object Repository/ADMIN/Admin Onboarding Page/Admin_Onboarding_Step3/Button_Retail_Goods_Select' is clicked on

2020-03-19 07:21:47 - [MESSAGE][PASSED] - Object: 'Object Repository/ADMIN/Admin Onboarding Page/Admin_Onboarding_Step3/Button_Retail_Goods_Select' is clicked on

2020-03-19 07:21:47 - [TEST_STEP][PASSED] - comment("Step 4"): Step 4

2020-03-19 07:21:47 - [MESSAGE][INFO] - Step 4

2020-03-19 07:21:47 - [TEST_STEP][PASSED] - uploadFile(findTestObject("ADMIN/Admin Onboarding Page/Admin_Onboarding_Step4/Button_Browse_Step4"), varLogo): File 'C:\\Katalon\\Arctick\\Images\\LogoLayout\\logo2.jpg' sent to object: 'Object Repository/ADMIN/Admin Onboarding Page/Admin_Onboarding_Step4/Button_Browse_Step4'

2020-03-19 07:21:48 - [MESSAGE][PASSED] - File 'C:\\Katalon\\Arctick\\Images\\LogoLayout\\logo2.jpg' sent to object: 'Object Repository/ADMIN/Admin Onboarding Page/Admin_Onboarding_Step4/Button_Browse_Step4'

2020-03-19 07:21:48 - [TEST_STEP][PASSED] - setText(findTestObject("ADMIN/Admin Onboarding Page/Admin_Onboarding_Step4/Textbox_Marketplace_Name"), varUsername): Text '0319BasicYearlyBP' is set on object 'Object Repository/ADMIN/Admin Onboarding Page/Admin_Onboarding_Step4/Textbox_Marketplace_Name'

2020-03-19 07:21:48 - [MESSAGE][PASSED] - Text '0319BasicYearlyBP' is set on object 'Object Repository/ADMIN/Admin Onboarding Page/Admin_Onboarding_Step4/Textbox_Marketplace_Name'

2020-03-19 07:21:48 - [TEST_STEP][PASSED] - setText(findTestObject("ADMIN/Admin Onboarding Page/Admin_Onboarding_Step4/Textbox_Slogan"), varTheme): Text 'Theme 2' is set on object 'Object Repository/ADMIN/Admin Onboarding Page/Admin_Onboarding_Step4/Textbox_Slogan'

2020-03-19 07:21:48 - [MESSAGE][PASSED] - Text 'Theme 2' is set on object 'Object Repository/ADMIN/Admin Onboarding Page/Admin_Onboarding_Step4/Textbox_Slogan'

2020-03-19 07:21:48 - [TEST_STEP][PASSED] - setText(findTestObject("ADMIN/Admin Onboarding Page/Admin_Onboarding_Step4/Textbox_ContactNumber"), varContactNumber): Text '+631234567890' is set on object 'Object Repository/ADMIN/Admin Onboarding Page/Admin_Onboarding_Step4/Textbox_ContactNumber'

2020-03-19 07:21:49 - [MESSAGE][PASSED] - Text '+631234567890' is set on object 'Object Repository/ADMIN/Admin Onboarding Page/Admin_Onboarding_Step4/Textbox_ContactNumber'

2020-03-19 07:21:49 - [TEST_STEP][PASSED] - setText(findTestObject("ADMIN/Admin Onboarding Page/Admin_Onboarding_Step4/Textbox_ContactEmail"), varEmail): Text 'arcadierteam@gmail.com' is set on object 'Object Repository/ADMIN/Admin Onboarding Page/Admin_Onboarding_Step4/Textbox_ContactEmail'

2020-03-19 07:21:49 - [MESSAGE][PASSED] - Text 'arcadierteam@gmail.com' is set on object 'Object Repository/ADMIN/Admin Onboarding Page/Admin_Onboarding_Step4/Textbox_ContactEmail'

2020-03-19 07:21:49 - [TEST_STEP][PASSED] - click(findTestObject("ADMIN/Admin Onboarding Page/Admin_Onboarding_Step4/Button_Next_Step4"), CONTINUE_ON_FAILURE): Object: 'Object Repository/ADMIN/Admin Onboarding Page/Admin_Onboarding_Step4/Button_Next_Step4' is clicked on

2020-03-19 07:21:49 - [MESSAGE][PASSED] - Object: 'Object Repository/ADMIN/Admin Onboarding Page/Admin_Onboarding_Step4/Button_Next_Step4' is clicked on

2020-03-19 07:21:49 - [TEST_STEP][PASSED] - comment("Step 5"): Step 5

2020-03-19 07:21:49 - [MESSAGE][INFO] - Step 5

2020-03-19 07:21:49 - [TEST_STEP][PASSED] - waitForElementVisible(findTestObject("ADMIN/Admin Onboarding Page/Admin_Onboarding_Step5/h1_5. Preview  pick out a mark"), 0): Object 'Object Repository/ADMIN/Admin Onboarding Page/Admin_Onboarding_Step5/h1_5. Preview  pick out a mark' is visible

2020-03-19 07:21:50 - [MESSAGE][WARNING] - Timeout '0' is invalid. Using default page load timeout: '30'

2020-03-19 07:21:51 - [MESSAGE][PASSED] - Object 'Object Repository/ADMIN/Admin Onboarding Page/Admin_Onboarding_Step5/h1_5. Preview  pick out a mark' is visible

2020-03-19 07:21:51 - [TEST_STEP][PASSED] - if (varTemplate == "Bespoke"): Object: 'Object Repository/ADMIN/Admin Onboarding Page/Admin_Onboarding_Step5/Bespoke_Theme_Selection/Theme2_select' is clicked on

2020-03-19 07:21:51 - [TEST_STEP][PASSED] - if (varTheme == "Theme 1"): null

2020-03-19 07:21:51 - [TEST_STEP][PASSED] - else if (varTheme == "Theme 2"): Object: 'Object Repository/ADMIN/Admin Onboarding Page/Admin_Onboarding_Step5/Bespoke_Theme_Selection/Theme2_select' is clicked on

2020-03-19 07:21:51 - [TEST_STEP][PASSED] - click(findTestObject("ADMIN/Admin Onboarding Page/Admin_Onboarding_Step5/Bespoke_Theme_Selection/Theme2_select")): Object: 'Object Repository/ADMIN/Admin Onboarding Page/Admin_Onboarding_Step5/Bespoke_Theme_Selection/Theme2_select' is clicked on

2020-03-19 07:21:51 - [MESSAGE][PASSED] - Object: 'Object Repository/ADMIN/Admin Onboarding Page/Admin_Onboarding_Step5/Bespoke_Theme_Selection/Theme2_select' is clicked on

2020-03-19 07:21:51 - [TEST_STEP][PASSED] - click(findTestObject("ADMIN/Admin Onboarding Page/Admin_Onboarding_Step5/Button_Next_Step5")): Object: 'Object Repository/ADMIN/Admin Onboarding Page/Admin_Onboarding_Step5/Button_Next_Step5' is clicked on

2020-03-19 07:21:53 - [MESSAGE][PASSED] - Object: 'Object Repository/ADMIN/Admin Onboarding Page/Admin_Onboarding_Step5/Button_Next_Step5' is clicked on

2020-03-19 07:21:53 - [TEST_STEP][PASSED] - comment("Step 6"): Step 6

2020-03-19 07:21:53 - [MESSAGE][INFO] - Step 6

2020-03-19 07:21:53 - [TEST_STEP][PASSED] - waitForElementVisible(findTestObject("ADMIN/Admin Onboarding Page/Admin_Onboarding_Step6/Textlabel_Select your marketplace"), 0): Object 'Object Repository/ADMIN/Admin Onboarding Page/Admin_Onboarding_Step6/Textlabel_Select your marketplace' is visible

2020-03-19 07:21:53 - [MESSAGE][WARNING] - Timeout '0' is invalid. Using default page load timeout: '30'

2020-03-19 07:21:53 - [MESSAGE][PASSED] - Object 'Object Repository/ADMIN/Admin Onboarding Page/Admin_Onboarding_Step6/Textlabel_Select your marketplace' is visible

2020-03-19 07:21:53 - [TEST_STEP][PASSED] - click(findTestObject("ADMIN/Admin Onboarding Page/Admin_Onboarding_Step6/Button_Browse_Step6"), CONTINUE_ON_FAILURE): Object: 'Object Repository/ADMIN/Admin Onboarding Page/Admin_Onboarding_Step6/Button_Browse_Step6' is clicked on

2020-03-19 07:21:53 - [MESSAGE][PASSED] - Object: 'Object Repository/ADMIN/Admin Onboarding Page/Admin_Onboarding_Step6/Button_Browse_Step6' is clicked on

2020-03-19 07:21:53 - [TEST_STEP][PASSED] - delay(2): Delayed 2 second(s)

2020-03-19 07:21:55 - [MESSAGE][PASSED] - Delayed 2 second(s)

2020-03-19 07:21:55 - [TEST_STEP][PASSED] - uploadFile(findTestObject("ADMIN/Admin Onboarding Page/Admin_Onboarding_Step6/Image_Container"), varCoverImage): File 'C:\\Katalon\\Arctick\\Images\\LogoLayout\\coverimage3.jpg' sent to object: 'Object Repository/ADMIN/Admin Onboarding Page/Admin_Onboarding_Step6/Image_Container'

2020-03-19 07:21:55 - [MESSAGE][PASSED] - File 'C:\\Katalon\\Arctick\\Images\\LogoLayout\\coverimage3.jpg' sent to object: 'Object Repository/ADMIN/Admin Onboarding Page/Admin_Onboarding_Step6/Image_Container'

2020-03-19 07:21:55 - [TEST_STEP][PASSED] - waitForElementVisible(findTestObject("ADMIN/Admin Onboarding Page/Admin_Onboarding_Step6/Image Cropper/div_btn btn-success btn-ok"), 0): Object 'Object Repository/ADMIN/Admin Onboarding Page/Admin_Onboarding_Step6/Image Cropper/div_btn btn-success btn-ok' is visible

2020-03-19 07:21:55 - [MESSAGE][WARNING] - Timeout '0' is invalid. Using default page load timeout: '30'

2020-03-19 07:21:55 - [MESSAGE][PASSED] - Object 'Object Repository/ADMIN/Admin Onboarding Page/Admin_Onboarding_Step6/Image Cropper/div_btn btn-success btn-ok' is visible

2020-03-19 07:21:55 - [TEST_STEP][PASSED] - click(findTestObject("ADMIN/Admin Onboarding Page/Admin_Onboarding_Step6/Image Cropper/div_btn btn-success btn-ok"), CONTINUE_ON_FAILURE): Object: 'Object Repository/ADMIN/Admin Onboarding Page/Admin_Onboarding_Step6/Image Cropper/div_btn btn-success btn-ok' is clicked on

2020-03-19 07:21:55 - [MESSAGE][PASSED] - Object: 'Object Repository/ADMIN/Admin Onboarding Page/Admin_Onboarding_Step6/Image Cropper/div_btn btn-success btn-ok' is clicked on

2020-03-19 07:21:55 - [TEST_STEP][PASSED] - waitForElementVisible(findTestObject("ADMIN/Admin Onboarding Page/Admin_Onboarding_Step6/Image Cropper/a_Save Photo"), 0): Object 'Object Repository/ADMIN/Admin Onboarding Page/Admin_Onboarding_Step6/Image Cropper/a_Save Photo' is visible

2020-03-19 07:21:55 - [MESSAGE][WARNING] - Timeout '0' is invalid. Using default page load timeout: '30'

2020-03-19 07:21:55 - [MESSAGE][PASSED] - Object 'Object Repository/ADMIN/Admin Onboarding Page/Admin_Onboarding_Step6/Image Cropper/a_Save Photo' is visible

2020-03-19 07:21:55 - [TEST_STEP][PASSED] - click(findTestObject("ADMIN/Admin Onboarding Page/Admin_Onboarding_Step6/Image Cropper/a_Save Photo"), CONTINUE_ON_FAILURE): Object: 'Object Repository/ADMIN/Admin Onboarding Page/Admin_Onboarding_Step6/Image Cropper/a_Save Photo' is clicked on

2020-03-19 07:21:56 - [MESSAGE][PASSED] - Object: 'Object Repository/ADMIN/Admin Onboarding Page/Admin_Onboarding_Step6/Image Cropper/a_Save Photo' is clicked on

2020-03-19 07:21:56 - [TEST_STEP][PASSED] - delay(1): Delayed 1 second(s)

2020-03-19 07:21:57 - [MESSAGE][PASSED] - Delayed 1 second(s)

2020-03-19 07:21:57 - [TEST_STEP][PASSED] - click(findTestObject("ADMIN/Admin Onboarding Page/Admin_Onboarding_Step6/Button_Next_Step6"), CONTINUE_ON_FAILURE): Object: 'Object Repository/ADMIN/Admin Onboarding Page/Admin_Onboarding_Step6/Button_Next_Step6' is clicked on

2020-03-19 07:21:57 - [MESSAGE][PASSED] - Object: 'Object Repository/ADMIN/Admin Onboarding Page/Admin_Onboarding_Step6/Button_Next_Step6' is clicked on

2020-03-19 07:21:57 - [TEST_STEP][PASSED] - comment("Step 7 (editable variables)"): Step 7 (editable variables)

2020-03-19 07:21:57 - [MESSAGE][INFO] - Step 7 (editable variables)

2020-03-19 07:21:57 - [TEST_STEP][PASSED] - waitForElementVisible(findTestObject("ADMIN/Admin Onboarding Page/Admin_Onboarding_Step7/Textlabel_7. Now how would you like t"), 0): Object 'Object Repository/ADMIN/Admin Onboarding Page/Admin_Onboarding_Step7/Textlabel_7. Now how would you like t' is visible

2020-03-19 07:21:57 - [MESSAGE][WARNING] - Timeout '0' is invalid. Using default page load timeout: '30'

2020-03-19 07:21:58 - [MESSAGE][PASSED] - Object 'Object Repository/ADMIN/Admin Onboarding Page/Admin_Onboarding_Step7/Textlabel_7. Now how would you like t' is visible

2020-03-19 07:21:58 - [TEST_STEP][PASSED] - selectOptionByLabel(findTestObject("ADMIN/Admin Onboarding Page/Admin_Onboarding_Step7/Dropdown_Currency"), varCurrency, false): All options with label 'SGD' are selected in object 'Object Repository/ADMIN/Admin Onboarding Page/Admin_Onboarding_Step7/Dropdown_Currency' 

2020-03-19 07:21:58 - [MESSAGE][PASSED] - All options with label 'SGD' are selected in object 'Object Repository/ADMIN/Admin Onboarding Page/Admin_Onboarding_Step7/Dropdown_Currency' 

2020-03-19 07:21:58 - [TEST_STEP][PASSED] - setText(findTestObject("ADMIN/Admin Onboarding Page/Admin_Onboarding_Step7/Textbox_TransactionFee"), varAdminFee): Text '100' is set on object 'Object Repository/ADMIN/Admin Onboarding Page/Admin_Onboarding_Step7/Textbox_TransactionFee'

2020-03-19 07:21:59 - [MESSAGE][PASSED] - Text '100' is set on object 'Object Repository/ADMIN/Admin Onboarding Page/Admin_Onboarding_Step7/Textbox_TransactionFee'

2020-03-19 07:21:59 - [TEST_STEP][PASSED] - click(findTestObject("ADMIN/Admin Onboarding Page/Admin_Onboarding_Step7/Button_Next_Step7"), CONTINUE_ON_FAILURE): Object: 'Object Repository/ADMIN/Admin Onboarding Page/Admin_Onboarding_Step7/Button_Next_Step7' is clicked on

2020-03-19 07:22:00 - [MESSAGE][PASSED] - Object: 'Object Repository/ADMIN/Admin Onboarding Page/Admin_Onboarding_Step7/Button_Next_Step7' is clicked on

2020-03-19 07:22:00 - [TEST_STEP][PASSED] - comment("Step 8"): Step 8

2020-03-19 07:22:00 - [MESSAGE][INFO] - Step 8

2020-03-19 07:22:00 - [TEST_STEP][PASSED] - waitForElementVisible(findTestObject("ADMIN/Admin Onboarding Page/Admin_Onboarding_Step8/Textlabel_Review your marketplace pol"), 0): Object 'Object Repository/ADMIN/Admin Onboarding Page/Admin_Onboarding_Step8/Textlabel_Review your marketplace pol' is visible

2020-03-19 07:22:00 - [MESSAGE][WARNING] - Timeout '0' is invalid. Using default page load timeout: '30'

2020-03-19 07:22:00 - [MESSAGE][PASSED] - Object 'Object Repository/ADMIN/Admin Onboarding Page/Admin_Onboarding_Step8/Textlabel_Review your marketplace pol' is visible

2020-03-19 07:22:00 - [TEST_STEP][PASSED] - comment("Checkbox Return Policy"): Checkbox Return Policy

2020-03-19 07:22:00 - [MESSAGE][INFO] - Checkbox Return Policy

2020-03-19 07:22:00 - [TEST_STEP][PASSED] - click(findTestObject("ADMIN/Admin Onboarding Page/Admin_Onboarding_Step8/Checkbox_ReturnPolicy")): Object: 'Object Repository/ADMIN/Admin Onboarding Page/Admin_Onboarding_Step8/Checkbox_ReturnPolicy' is clicked on

2020-03-19 07:22:00 - [MESSAGE][PASSED] - Object: 'Object Repository/ADMIN/Admin Onboarding Page/Admin_Onboarding_Step8/Checkbox_ReturnPolicy' is clicked on

2020-03-19 07:22:00 - [TEST_STEP][PASSED] - comment("Terms and Condition"): Terms and Condition

2020-03-19 07:22:00 - [MESSAGE][INFO] - Terms and Condition

2020-03-19 07:22:00 - [TEST_STEP][PASSED] - click(findTestObject("ADMIN/Admin Onboarding Page/Admin_Onboarding_Step8/Checkbox_IsAgreed")): Object: 'Object Repository/ADMIN/Admin Onboarding Page/Admin_Onboarding_Step8/Checkbox_IsAgreed' is clicked on

2020-03-19 07:22:00 - [MESSAGE][PASSED] - Object: 'Object Repository/ADMIN/Admin Onboarding Page/Admin_Onboarding_Step8/Checkbox_IsAgreed' is clicked on

2020-03-19 07:22:00 - [TEST_STEP][PASSED] - click(findTestObject("ADMIN/Admin Onboarding Page/Admin_Onboarding_Step8/Button_Next_Step8")): Object: 'Object Repository/ADMIN/Admin Onboarding Page/Admin_Onboarding_Step8/Button_Next_Step8' is clicked on

2020-03-19 07:22:03 - [MESSAGE][PASSED] - Object: 'Object Repository/ADMIN/Admin Onboarding Page/Admin_Onboarding_Step8/Button_Next_Step8' is clicked on]]></system-out>
         <system-err><![CDATA[]]></system-err>
      </testcase>
      <testcase name="Test Cases/ADMIN/Onboarding/Complete Onboarding" time="35.306" classname="Test Cases/ADMIN/Onboarding/Complete Onboarding" status="PASSED">
         <system-out><![CDATA[2020-03-19 07:22:03 - [TEST_CASE][PASSED] - Test Cases/ADMIN/Onboarding/Complete Onboarding: Test Cases/ADMIN/Onboarding/Complete Onboarding

2020-03-19 07:22:03 - [TEST_STEP][PASSED] - comment("Create Account"): Create Account

2020-03-19 07:22:03 - [MESSAGE][INFO] - Create Account

2020-03-19 07:22:03 - [TEST_STEP][PASSED] - openBrowser(""): Browser is opened with url: ''

2020-03-19 07:22:03 - [MESSAGE][WARNING] - A browser is already opened. Closing browser and opening a new one

2020-03-19 07:22:04 - [MESSAGE][INFO] - Starting 'Chrome' driver

2020-03-19 07:22:04 - [MESSAGE][INFO] - User set preference: ['args', '[--incognito]']

2020-03-19 07:22:05 - [MESSAGE][PASSED] - Browser is opened with url: ''

2020-03-19 07:22:05 - [TEST_STEP][PASSED] - if (varServer == "Test"): Navigate to 'https://www.test.arcadier.io' successfully

2020-03-19 07:22:05 - [TEST_STEP][PASSED] - navigateToUrl("https://www.test.arcadier.io"): Navigate to 'https://www.test.arcadier.io' successfully

2020-03-19 07:22:07 - [MESSAGE][PASSED] - Navigate to 'https://www.test.arcadier.io' successfully

2020-03-19 07:22:07 - [TEST_STEP][PASSED] - maximizeWindow(): Current window maximized

2020-03-19 07:22:08 - [MESSAGE][PASSED] - Current window maximized

2020-03-19 07:22:08 - [TEST_STEP][PASSED] - if (varAccountType == "custom"): Object: 'Object Repository/ADMIN/Admin Onboarding Page/Admin Onboarding CustomAcc/Button_Sign_Up' is clicked on

2020-03-19 07:22:08 - [TEST_STEP][PASSED] - click(findTestObject("ADMIN/Admin Onboarding Page/Create_Account_Page/Button_Create_Account")): Object: 'Object Repository/ADMIN/Admin Onboarding Page/Create_Account_Page/Button_Create_Account' is clicked on

2020-03-19 07:22:08 - [MESSAGE][PASSED] - Object: 'Object Repository/ADMIN/Admin Onboarding Page/Create_Account_Page/Button_Create_Account' is clicked on

2020-03-19 07:22:08 - [TEST_STEP][PASSED] - verifyElementPresent(findTestObject("ADMIN/Admin Onboarding Page/Admin Onboarding CustomAcc/Textbox_Username"), 0): Object 'Object Repository/ADMIN/Admin Onboarding Page/Admin Onboarding CustomAcc/Textbox_Username' is present

2020-03-19 07:22:08 - [MESSAGE][WARNING] - Timeout '0' is invalid. Using default page load timeout: '30'

2020-03-19 07:22:08 - [MESSAGE][PASSED] - Object 'Object Repository/ADMIN/Admin Onboarding Page/Admin Onboarding CustomAcc/Textbox_Username' is present

2020-03-19 07:22:08 - [TEST_STEP][PASSED] - setText(findTestObject("ADMIN/Admin Onboarding Page/Admin Onboarding CustomAcc/Textbox_Username"), varUsername): Text '0319GrowthYearlyST' is set on object 'Object Repository/ADMIN/Admin Onboarding Page/Admin Onboarding CustomAcc/Textbox_Username'

2020-03-19 07:22:09 - [MESSAGE][PASSED] - Text '0319GrowthYearlyST' is set on object 'Object Repository/ADMIN/Admin Onboarding Page/Admin Onboarding CustomAcc/Textbox_Username'

2020-03-19 07:22:09 - [TEST_STEP][PASSED] - setText(findTestObject("ADMIN/Admin Onboarding Page/Admin Onboarding CustomAcc/Textbox_Password"), "welcome8"): Text 'welcome8' is set on object 'Object Repository/ADMIN/Admin Onboarding Page/Admin Onboarding CustomAcc/Textbox_Password'

2020-03-19 07:22:09 - [MESSAGE][PASSED] - Text 'welcome8' is set on object 'Object Repository/ADMIN/Admin Onboarding Page/Admin Onboarding CustomAcc/Textbox_Password'

2020-03-19 07:22:09 - [TEST_STEP][PASSED] - setText(findTestObject("ADMIN/Admin Onboarding Page/Admin Onboarding CustomAcc/Textbox_Reconfirm_Password"), "welcome8"): Text 'welcome8' is set on object 'Object Repository/ADMIN/Admin Onboarding Page/Admin Onboarding CustomAcc/Textbox_Reconfirm_Password'

2020-03-19 07:22:09 - [MESSAGE][PASSED] - Text 'welcome8' is set on object 'Object Repository/ADMIN/Admin Onboarding Page/Admin Onboarding CustomAcc/Textbox_Reconfirm_Password'

2020-03-19 07:22:09 - [TEST_STEP][PASSED] - click(findTestObject("ADMIN/Admin Onboarding Page/Admin Onboarding CustomAcc/Button_Sign_Up")): Object: 'Object Repository/ADMIN/Admin Onboarding Page/Admin Onboarding CustomAcc/Button_Sign_Up' is clicked on

2020-03-19 07:22:11 - [MESSAGE][PASSED] - Object: 'Object Repository/ADMIN/Admin Onboarding Page/Admin Onboarding CustomAcc/Button_Sign_Up' is clicked on

2020-03-19 07:22:11 - [TEST_STEP][PASSED] - comment("Step 1"): Step 1

2020-03-19 07:22:11 - [MESSAGE][INFO] - Step 1

2020-03-19 07:22:11 - [TEST_STEP][PASSED] - selectOptionByLabel(findTestObject("ADMIN/Admin Onboarding Page/Admin_Onboarding_Step1/1stDropdown_Please select one...Im"), "I’m managing them offline", false): All options with label 'I’m managing them offline' are selected in object 'Object Repository/ADMIN/Admin Onboarding Page/Admin_Onboarding_Step1/1stDropdown_Please select one...Im' 

2020-03-19 07:22:11 - [MESSAGE][PASSED] - All options with label 'I’m managing them offline' are selected in object 'Object Repository/ADMIN/Admin Onboarding Page/Admin_Onboarding_Step1/1stDropdown_Please select one...Im' 

2020-03-19 07:22:11 - [TEST_STEP][PASSED] - selectOptionByLabel(findTestObject("ADMIN/Admin Onboarding Page/Admin_Onboarding_Step1/2ndDropdown_Please select one...Don"), "Something else!", false): All options with label 'Something else!' are selected in object 'Object Repository/ADMIN/Admin Onboarding Page/Admin_Onboarding_Step1/2ndDropdown_Please select one...Don' 

2020-03-19 07:22:12 - [MESSAGE][PASSED] - All options with label 'Something else!' are selected in object 'Object Repository/ADMIN/Admin Onboarding Page/Admin_Onboarding_Step1/2ndDropdown_Please select one...Don' 

2020-03-19 07:22:12 - [TEST_STEP][PASSED] - setText(findTestObject("ADMIN/Admin Onboarding Page/Admin_Onboarding_Step1/2nddropdown_textbox_OtherMarketplaceType"), "Marketplace"): Text 'Marketplace' is set on object 'Object Repository/ADMIN/Admin Onboarding Page/Admin_Onboarding_Step1/2nddropdown_textbox_OtherMarketplaceType'

2020-03-19 07:22:12 - [MESSAGE][PASSED] - Text 'Marketplace' is set on object 'Object Repository/ADMIN/Admin Onboarding Page/Admin_Onboarding_Step1/2nddropdown_textbox_OtherMarketplaceType'

2020-03-19 07:22:12 - [TEST_STEP][PASSED] - selectOptionByLabel(findTestObject("ADMIN/Admin Onboarding Page/Admin_Onboarding_Step1/3rdDropdown_Im an individualIm work"), "Someone else!", false): All options with label 'Someone else!' are selected in object 'Object Repository/ADMIN/Admin Onboarding Page/Admin_Onboarding_Step1/3rdDropdown_Im an individualIm work' 

2020-03-19 07:22:12 - [MESSAGE][PASSED] - All options with label 'Someone else!' are selected in object 'Object Repository/ADMIN/Admin Onboarding Page/Admin_Onboarding_Step1/3rdDropdown_Im an individualIm work' 

2020-03-19 07:22:12 - [TEST_STEP][PASSED] - setText(findTestObject("ADMIN/Admin Onboarding Page/Admin_Onboarding_Step1/3rddropdown_textbox_OtherEntityType"), "Business Man"): Text 'Business Man' is set on object 'Object Repository/ADMIN/Admin Onboarding Page/Admin_Onboarding_Step1/3rddropdown_textbox_OtherEntityType'

2020-03-19 07:22:12 - [MESSAGE][PASSED] - Text 'Business Man' is set on object 'Object Repository/ADMIN/Admin Onboarding Page/Admin_Onboarding_Step1/3rddropdown_textbox_OtherEntityType'

2020-03-19 07:22:12 - [TEST_STEP][PASSED] - setText(findTestObject("ADMIN/Admin Onboarding Page/Admin_Onboarding_Step1/3rddropdown_textbox_OtherEntityType"), "Business Man"): Text 'Business Man' is set on object 'Object Repository/ADMIN/Admin Onboarding Page/Admin_Onboarding_Step1/3rddropdown_textbox_OtherEntityType'

2020-03-19 07:22:13 - [MESSAGE][PASSED] - Text 'Business Man' is set on object 'Object Repository/ADMIN/Admin Onboarding Page/Admin_Onboarding_Step1/3rddropdown_textbox_OtherEntityType'

2020-03-19 07:22:13 - [TEST_STEP][PASSED] - click(findTestObject("ADMIN/Admin Onboarding Page/Admin_Onboarding_Step1/Button_NEXT_Step1")): Object: 'Object Repository/ADMIN/Admin Onboarding Page/Admin_Onboarding_Step1/Button_NEXT_Step1' is clicked on

2020-03-19 07:22:14 - [MESSAGE][PASSED] - Object: 'Object Repository/ADMIN/Admin Onboarding Page/Admin_Onboarding_Step1/Button_NEXT_Step1' is clicked on

2020-03-19 07:22:14 - [TEST_STEP][PASSED] - comment("Step 2"): Step 2

2020-03-19 07:22:14 - [MESSAGE][INFO] - Step 2

2020-03-19 07:22:14 - [TEST_STEP][PASSED] - waitForElementVisible(findTestObject("ADMIN/Admin Onboarding Page/Admin_Onboarding_Step2/Textlabel_We will like to know mor"), 0): Object 'Object Repository/ADMIN/Admin Onboarding Page/Admin_Onboarding_Step2/Textlabel_We will like to know mor' is visible

2020-03-19 07:22:14 - [MESSAGE][WARNING] - Timeout '0' is invalid. Using default page load timeout: '30'

2020-03-19 07:22:14 - [MESSAGE][PASSED] - Object 'Object Repository/ADMIN/Admin Onboarding Page/Admin_Onboarding_Step2/Textlabel_We will like to know mor' is visible

2020-03-19 07:22:14 - [TEST_STEP][PASSED] - setText(findTestObject("ADMIN/Admin Onboarding Page/Admin_Onboarding_Step2/Textbox_FirstName"), varFName): Text '0319GrowthYearlyST' is set on object 'Object Repository/ADMIN/Admin Onboarding Page/Admin_Onboarding_Step2/Textbox_FirstName'

2020-03-19 07:22:14 - [MESSAGE][PASSED] - Text '0319GrowthYearlyST' is set on object 'Object Repository/ADMIN/Admin Onboarding Page/Admin_Onboarding_Step2/Textbox_FirstName'

2020-03-19 07:22:14 - [TEST_STEP][PASSED] - setText(findTestObject("ADMIN/Admin Onboarding Page/Admin_Onboarding_Step2/Textbox_LastName"), varLName): Text 'Marketplace' is set on object 'Object Repository/ADMIN/Admin Onboarding Page/Admin_Onboarding_Step2/Textbox_LastName'

2020-03-19 07:22:14 - [MESSAGE][PASSED] - Text 'Marketplace' is set on object 'Object Repository/ADMIN/Admin Onboarding Page/Admin_Onboarding_Step2/Textbox_LastName'

2020-03-19 07:22:14 - [TEST_STEP][PASSED] - setText(findTestObject("ADMIN/Admin Onboarding Page/Admin_Onboarding_Step2/Textbox_Email"), varEmail): Text 'arcadierteam@gmail.com' is set on object 'Object Repository/ADMIN/Admin Onboarding Page/Admin_Onboarding_Step2/Textbox_Email'

2020-03-19 07:22:15 - [MESSAGE][PASSED] - Text 'arcadierteam@gmail.com' is set on object 'Object Repository/ADMIN/Admin Onboarding Page/Admin_Onboarding_Step2/Textbox_Email'

2020-03-19 07:22:15 - [TEST_STEP][PASSED] - delay(1): Delayed 1 second(s)

2020-03-19 07:22:16 - [MESSAGE][PASSED] - Delayed 1 second(s)

2020-03-19 07:22:16 - [TEST_STEP][PASSED] - selectOptionByLabel(findTestObject("ADMIN/Admin Onboarding Page/Admin_Onboarding_Step2/Country_Dropdown"), varCountry, false): All options with label 'Italy' are selected in object 'Object Repository/ADMIN/Admin Onboarding Page/Admin_Onboarding_Step2/Country_Dropdown' 

2020-03-19 07:22:16 - [MESSAGE][PASSED] - All options with label 'Italy' are selected in object 'Object Repository/ADMIN/Admin Onboarding Page/Admin_Onboarding_Step2/Country_Dropdown' 

2020-03-19 07:22:16 - [TEST_STEP][PASSED] - setText(findTestObject("ADMIN/Admin Onboarding Page/Admin_Onboarding_Step2/Address_Line1"), varAddress1): Text 'Strada Statale 130' is set on object 'Object Repository/ADMIN/Admin Onboarding Page/Admin_Onboarding_Step2/Address_Line1'

2020-03-19 07:22:16 - [MESSAGE][PASSED] - Text 'Strada Statale 130' is set on object 'Object Repository/ADMIN/Admin Onboarding Page/Admin_Onboarding_Step2/Address_Line1'

2020-03-19 07:22:16 - [TEST_STEP][PASSED] - setText(findTestObject("ADMIN/Admin Onboarding Page/Admin_Onboarding_Step2/Address_Line2"), varAddress2): Text 'Dorzano, Biella 13881' is set on object 'Object Repository/ADMIN/Admin Onboarding Page/Admin_Onboarding_Step2/Address_Line2'

2020-03-19 07:22:17 - [MESSAGE][PASSED] - Text 'Dorzano, Biella 13881' is set on object 'Object Repository/ADMIN/Admin Onboarding Page/Admin_Onboarding_Step2/Address_Line2'

2020-03-19 07:22:17 - [TEST_STEP][PASSED] - setText(findTestObject("ADMIN/Admin Onboarding Page/Admin_Onboarding_Step2/Textbox_PhoneNumber"), varContactNumber): Text '+631234567890' is set on object 'Object Repository/ADMIN/Admin Onboarding Page/Admin_Onboarding_Step2/Textbox_PhoneNumber'

2020-03-19 07:22:17 - [MESSAGE][PASSED] - Text '+631234567890' is set on object 'Object Repository/ADMIN/Admin Onboarding Page/Admin_Onboarding_Step2/Textbox_PhoneNumber'

2020-03-19 07:22:17 - [TEST_STEP][PASSED] - click(findTestObject("ADMIN/Admin Onboarding Page/Admin_Onboarding_Step2/Button_Next_Step2"), CONTINUE_ON_FAILURE): Object: 'Object Repository/ADMIN/Admin Onboarding Page/Admin_Onboarding_Step2/Button_Next_Step2' is clicked on

2020-03-19 07:22:18 - [MESSAGE][PASSED] - Object: 'Object Repository/ADMIN/Admin Onboarding Page/Admin_Onboarding_Step2/Button_Next_Step2' is clicked on

2020-03-19 07:22:18 - [TEST_STEP][PASSED] - comment("Step 3"): Step 3

2020-03-19 07:22:18 - [MESSAGE][INFO] - Step 3

2020-03-19 07:22:18 - [TEST_STEP][PASSED] - waitForElementVisible(findTestObject("ADMIN/Admin Onboarding Page/Admin_Onboarding_Step3/TextLabel_What type of marketplace"), 0): Object 'Object Repository/ADMIN/Admin Onboarding Page/Admin_Onboarding_Step3/TextLabel_What type of marketplace' is visible

2020-03-19 07:22:18 - [MESSAGE][WARNING] - Timeout '0' is invalid. Using default page load timeout: '30'

2020-03-19 07:22:18 - [MESSAGE][PASSED] - Object 'Object Repository/ADMIN/Admin Onboarding Page/Admin_Onboarding_Step3/TextLabel_What type of marketplace' is visible

2020-03-19 07:22:18 - [TEST_STEP][PASSED] - delay(1): Delayed 1 second(s)

2020-03-19 07:22:19 - [MESSAGE][PASSED] - Delayed 1 second(s)

2020-03-19 07:22:19 - [TEST_STEP][PASSED] - if (varTemplate == "Bespoke"): null

2020-03-19 07:22:19 - [TEST_STEP][PASSED] - else if (varTemplate == "ServiceBookings(TIME)"): null

2020-03-19 07:22:19 - [TEST_STEP][PASSED] - else if (varTemplate == "RentalGoods(TIME)"): null

2020-03-19 07:22:19 - [TEST_STEP][PASSED] - else if (varTemplate == "Space"): Object: 'Object Repository/ADMIN/Admin Onboarding Page/Admin_Onboarding_Step3/Select/a_Select_Space Rental' is clicked on

2020-03-19 07:22:19 - [TEST_STEP][PASSED] - mouseOver(findTestObject("ADMIN/Admin Onboarding Page/Admin_Onboarding_Step3/Preview/div_ Preview Select Space Rent")): Object: 'Object Repository/ADMIN/Admin Onboarding Page/Admin_Onboarding_Step3/Preview/div_ Preview Select Space Rent' is hovered

2020-03-19 07:22:20 - [MESSAGE][PASSED] - Object: 'Object Repository/ADMIN/Admin Onboarding Page/Admin_Onboarding_Step3/Preview/div_ Preview Select Space Rent' is hovered

2020-03-19 07:22:20 - [TEST_STEP][PASSED] - delay(1): Delayed 1 second(s)

2020-03-19 07:22:21 - [MESSAGE][PASSED] - Delayed 1 second(s)

2020-03-19 07:22:21 - [TEST_STEP][PASSED] - click(findTestObject("ADMIN/Admin Onboarding Page/Admin_Onboarding_Step3/Select/a_Select_Space Rental")): Object: 'Object Repository/ADMIN/Admin Onboarding Page/Admin_Onboarding_Step3/Select/a_Select_Space Rental' is clicked on

2020-03-19 07:22:21 - [MESSAGE][PASSED] - Object: 'Object Repository/ADMIN/Admin Onboarding Page/Admin_Onboarding_Step3/Select/a_Select_Space Rental' is clicked on

2020-03-19 07:22:21 - [TEST_STEP][PASSED] - comment("Step 4"): Step 4

2020-03-19 07:22:21 - [MESSAGE][INFO] - Step 4

2020-03-19 07:22:21 - [TEST_STEP][PASSED] - uploadFile(findTestObject("ADMIN/Admin Onboarding Page/Admin_Onboarding_Step4/Button_Browse_Step4"), varLogo): File 'C:\\Katalon\\Arctick\\Images\\LogoLayout\\logo2.jpg' sent to object: 'Object Repository/ADMIN/Admin Onboarding Page/Admin_Onboarding_Step4/Button_Browse_Step4'

2020-03-19 07:22:22 - [MESSAGE][PASSED] - File 'C:\\Katalon\\Arctick\\Images\\LogoLayout\\logo2.jpg' sent to object: 'Object Repository/ADMIN/Admin Onboarding Page/Admin_Onboarding_Step4/Button_Browse_Step4'

2020-03-19 07:22:22 - [TEST_STEP][PASSED] - setText(findTestObject("ADMIN/Admin Onboarding Page/Admin_Onboarding_Step4/Textbox_Marketplace_Name"), varUsername): Text '0319GrowthYearlyST' is set on object 'Object Repository/ADMIN/Admin Onboarding Page/Admin_Onboarding_Step4/Textbox_Marketplace_Name'

2020-03-19 07:22:22 - [MESSAGE][PASSED] - Text '0319GrowthYearlyST' is set on object 'Object Repository/ADMIN/Admin Onboarding Page/Admin_Onboarding_Step4/Textbox_Marketplace_Name'

2020-03-19 07:22:22 - [TEST_STEP][PASSED] - setText(findTestObject("ADMIN/Admin Onboarding Page/Admin_Onboarding_Step4/Textbox_Slogan"), varTheme): Text 'Theme 2' is set on object 'Object Repository/ADMIN/Admin Onboarding Page/Admin_Onboarding_Step4/Textbox_Slogan'

2020-03-19 07:22:22 - [MESSAGE][PASSED] - Text 'Theme 2' is set on object 'Object Repository/ADMIN/Admin Onboarding Page/Admin_Onboarding_Step4/Textbox_Slogan'

2020-03-19 07:22:22 - [TEST_STEP][PASSED] - setText(findTestObject("ADMIN/Admin Onboarding Page/Admin_Onboarding_Step4/Textbox_ContactNumber"), varContactNumber): Text '+631234567890' is set on object 'Object Repository/ADMIN/Admin Onboarding Page/Admin_Onboarding_Step4/Textbox_ContactNumber'

2020-03-19 07:22:23 - [MESSAGE][PASSED] - Text '+631234567890' is set on object 'Object Repository/ADMIN/Admin Onboarding Page/Admin_Onboarding_Step4/Textbox_ContactNumber'

2020-03-19 07:22:23 - [TEST_STEP][PASSED] - setText(findTestObject("ADMIN/Admin Onboarding Page/Admin_Onboarding_Step4/Textbox_ContactEmail"), varEmail): Text 'arcadierteam@gmail.com' is set on object 'Object Repository/ADMIN/Admin Onboarding Page/Admin_Onboarding_Step4/Textbox_ContactEmail'

2020-03-19 07:22:23 - [MESSAGE][PASSED] - Text 'arcadierteam@gmail.com' is set on object 'Object Repository/ADMIN/Admin Onboarding Page/Admin_Onboarding_Step4/Textbox_ContactEmail'

2020-03-19 07:22:23 - [TEST_STEP][PASSED] - click(findTestObject("ADMIN/Admin Onboarding Page/Admin_Onboarding_Step4/Button_Next_Step4"), CONTINUE_ON_FAILURE): Object: 'Object Repository/ADMIN/Admin Onboarding Page/Admin_Onboarding_Step4/Button_Next_Step4' is clicked on

2020-03-19 07:22:23 - [MESSAGE][PASSED] - Object: 'Object Repository/ADMIN/Admin Onboarding Page/Admin_Onboarding_Step4/Button_Next_Step4' is clicked on

2020-03-19 07:22:23 - [TEST_STEP][PASSED] - comment("Step 5"): Step 5

2020-03-19 07:22:23 - [MESSAGE][INFO] - Step 5

2020-03-19 07:22:23 - [TEST_STEP][PASSED] - waitForElementVisible(findTestObject("ADMIN/Admin Onboarding Page/Admin_Onboarding_Step5/h1_5. Preview  pick out a mark"), 0): Object 'Object Repository/ADMIN/Admin Onboarding Page/Admin_Onboarding_Step5/h1_5. Preview  pick out a mark' is visible

2020-03-19 07:22:23 - [MESSAGE][WARNING] - Timeout '0' is invalid. Using default page load timeout: '30'

2020-03-19 07:22:25 - [MESSAGE][PASSED] - Object 'Object Repository/ADMIN/Admin Onboarding Page/Admin_Onboarding_Step5/h1_5. Preview  pick out a mark' is visible

2020-03-19 07:22:25 - [TEST_STEP][PASSED] - if (varTemplate == "Bespoke"): null

2020-03-19 07:22:25 - [TEST_STEP][PASSED] - else if (varTemplate == "Space"): Object: 'Object Repository/ADMIN/Admin Onboarding Page/Admin_Onboarding_Step5/Button_Theme2_Select' is clicked on

2020-03-19 07:22:25 - [TEST_STEP][PASSED] - if (varTheme == "Theme 1"): null

2020-03-19 07:22:25 - [TEST_STEP][PASSED] - else if (varTheme == "Theme 2"): Object: 'Object Repository/ADMIN/Admin Onboarding Page/Admin_Onboarding_Step5/Button_Theme2_Select' is clicked on

2020-03-19 07:22:25 - [TEST_STEP][PASSED] - click(findTestObject("ADMIN/Admin Onboarding Page/Admin_Onboarding_Step5/Button_Theme2_Select")): Object: 'Object Repository/ADMIN/Admin Onboarding Page/Admin_Onboarding_Step5/Button_Theme2_Select' is clicked on

2020-03-19 07:22:25 - [MESSAGE][PASSED] - Object: 'Object Repository/ADMIN/Admin Onboarding Page/Admin_Onboarding_Step5/Button_Theme2_Select' is clicked on

2020-03-19 07:22:25 - [TEST_STEP][PASSED] - click(findTestObject("ADMIN/Admin Onboarding Page/Admin_Onboarding_Step5/Button_Next_Step5")): Object: 'Object Repository/ADMIN/Admin Onboarding Page/Admin_Onboarding_Step5/Button_Next_Step5' is clicked on

2020-03-19 07:22:26 - [MESSAGE][PASSED] - Object: 'Object Repository/ADMIN/Admin Onboarding Page/Admin_Onboarding_Step5/Button_Next_Step5' is clicked on

2020-03-19 07:22:26 - [TEST_STEP][PASSED] - comment("Step 6"): Step 6

2020-03-19 07:22:26 - [MESSAGE][INFO] - Step 6

2020-03-19 07:22:26 - [TEST_STEP][PASSED] - waitForElementVisible(findTestObject("ADMIN/Admin Onboarding Page/Admin_Onboarding_Step6/Textlabel_Select your marketplace"), 0): Object 'Object Repository/ADMIN/Admin Onboarding Page/Admin_Onboarding_Step6/Textlabel_Select your marketplace' is visible

2020-03-19 07:22:27 - [MESSAGE][WARNING] - Timeout '0' is invalid. Using default page load timeout: '30'

2020-03-19 07:22:27 - [MESSAGE][PASSED] - Object 'Object Repository/ADMIN/Admin Onboarding Page/Admin_Onboarding_Step6/Textlabel_Select your marketplace' is visible

2020-03-19 07:22:27 - [TEST_STEP][PASSED] - click(findTestObject("ADMIN/Admin Onboarding Page/Admin_Onboarding_Step6/Button_Browse_Step6"), CONTINUE_ON_FAILURE): Object: 'Object Repository/ADMIN/Admin Onboarding Page/Admin_Onboarding_Step6/Button_Browse_Step6' is clicked on

2020-03-19 07:22:27 - [MESSAGE][PASSED] - Object: 'Object Repository/ADMIN/Admin Onboarding Page/Admin_Onboarding_Step6/Button_Browse_Step6' is clicked on

2020-03-19 07:22:27 - [TEST_STEP][PASSED] - delay(2): Delayed 2 second(s)

2020-03-19 07:22:29 - [MESSAGE][PASSED] - Delayed 2 second(s)

2020-03-19 07:22:29 - [TEST_STEP][PASSED] - uploadFile(findTestObject("ADMIN/Admin Onboarding Page/Admin_Onboarding_Step6/Image_Container"), varCoverImage): File 'C:\\Katalon\\Arctick\\Images\\LogoLayout\\coverimage3.jpg' sent to object: 'Object Repository/ADMIN/Admin Onboarding Page/Admin_Onboarding_Step6/Image_Container'

2020-03-19 07:22:29 - [MESSAGE][PASSED] - File 'C:\\Katalon\\Arctick\\Images\\LogoLayout\\coverimage3.jpg' sent to object: 'Object Repository/ADMIN/Admin Onboarding Page/Admin_Onboarding_Step6/Image_Container'

2020-03-19 07:22:29 - [TEST_STEP][PASSED] - waitForElementVisible(findTestObject("ADMIN/Admin Onboarding Page/Admin_Onboarding_Step6/Image Cropper/div_btn btn-success btn-ok"), 0): Object 'Object Repository/ADMIN/Admin Onboarding Page/Admin_Onboarding_Step6/Image Cropper/div_btn btn-success btn-ok' is visible

2020-03-19 07:22:29 - [MESSAGE][WARNING] - Timeout '0' is invalid. Using default page load timeout: '30'

2020-03-19 07:22:29 - [MESSAGE][PASSED] - Object 'Object Repository/ADMIN/Admin Onboarding Page/Admin_Onboarding_Step6/Image Cropper/div_btn btn-success btn-ok' is visible

2020-03-19 07:22:29 - [TEST_STEP][PASSED] - click(findTestObject("ADMIN/Admin Onboarding Page/Admin_Onboarding_Step6/Image Cropper/div_btn btn-success btn-ok"), CONTINUE_ON_FAILURE): Object: 'Object Repository/ADMIN/Admin Onboarding Page/Admin_Onboarding_Step6/Image Cropper/div_btn btn-success btn-ok' is clicked on

2020-03-19 07:22:29 - [MESSAGE][PASSED] - Object: 'Object Repository/ADMIN/Admin Onboarding Page/Admin_Onboarding_Step6/Image Cropper/div_btn btn-success btn-ok' is clicked on

2020-03-19 07:22:29 - [TEST_STEP][PASSED] - waitForElementVisible(findTestObject("ADMIN/Admin Onboarding Page/Admin_Onboarding_Step6/Image Cropper/a_Save Photo"), 0): Object 'Object Repository/ADMIN/Admin Onboarding Page/Admin_Onboarding_Step6/Image Cropper/a_Save Photo' is visible

2020-03-19 07:22:29 - [MESSAGE][WARNING] - Timeout '0' is invalid. Using default page load timeout: '30'

2020-03-19 07:22:30 - [MESSAGE][PASSED] - Object 'Object Repository/ADMIN/Admin Onboarding Page/Admin_Onboarding_Step6/Image Cropper/a_Save Photo' is visible

2020-03-19 07:22:30 - [TEST_STEP][PASSED] - click(findTestObject("ADMIN/Admin Onboarding Page/Admin_Onboarding_Step6/Image Cropper/a_Save Photo"), CONTINUE_ON_FAILURE): Object: 'Object Repository/ADMIN/Admin Onboarding Page/Admin_Onboarding_Step6/Image Cropper/a_Save Photo' is clicked on

2020-03-19 07:22:30 - [MESSAGE][PASSED] - Object: 'Object Repository/ADMIN/Admin Onboarding Page/Admin_Onboarding_Step6/Image Cropper/a_Save Photo' is clicked on

2020-03-19 07:22:30 - [TEST_STEP][PASSED] - delay(1): Delayed 1 second(s)

2020-03-19 07:22:31 - [MESSAGE][PASSED] - Delayed 1 second(s)

2020-03-19 07:22:31 - [TEST_STEP][PASSED] - click(findTestObject("ADMIN/Admin Onboarding Page/Admin_Onboarding_Step6/Button_Next_Step6"), CONTINUE_ON_FAILURE): Object: 'Object Repository/ADMIN/Admin Onboarding Page/Admin_Onboarding_Step6/Button_Next_Step6' is clicked on

2020-03-19 07:22:31 - [MESSAGE][PASSED] - Object: 'Object Repository/ADMIN/Admin Onboarding Page/Admin_Onboarding_Step6/Button_Next_Step6' is clicked on

2020-03-19 07:22:31 - [TEST_STEP][PASSED] - comment("Step 7 (editable variables)"): Step 7 (editable variables)

2020-03-19 07:22:31 - [MESSAGE][INFO] - Step 7 (editable variables)

2020-03-19 07:22:31 - [TEST_STEP][PASSED] - waitForElementVisible(findTestObject("ADMIN/Admin Onboarding Page/Admin_Onboarding_Step7/Textlabel_7. Now how would you like t"), 0): Object 'Object Repository/ADMIN/Admin Onboarding Page/Admin_Onboarding_Step7/Textlabel_7. Now how would you like t' is visible

2020-03-19 07:22:31 - [MESSAGE][WARNING] - Timeout '0' is invalid. Using default page load timeout: '30'

2020-03-19 07:22:33 - [MESSAGE][PASSED] - Object 'Object Repository/ADMIN/Admin Onboarding Page/Admin_Onboarding_Step7/Textlabel_7. Now how would you like t' is visible

2020-03-19 07:22:33 - [TEST_STEP][PASSED] - selectOptionByLabel(findTestObject("ADMIN/Admin Onboarding Page/Admin_Onboarding_Step7/Dropdown_Currency"), varCurrency, false): All options with label 'SGD' are selected in object 'Object Repository/ADMIN/Admin Onboarding Page/Admin_Onboarding_Step7/Dropdown_Currency' 

2020-03-19 07:22:33 - [MESSAGE][PASSED] - All options with label 'SGD' are selected in object 'Object Repository/ADMIN/Admin Onboarding Page/Admin_Onboarding_Step7/Dropdown_Currency' 

2020-03-19 07:22:33 - [TEST_STEP][PASSED] - setText(findTestObject("ADMIN/Admin Onboarding Page/Admin_Onboarding_Step7/Textbox_TransactionFee"), varAdminFee): Text '100' is set on object 'Object Repository/ADMIN/Admin Onboarding Page/Admin_Onboarding_Step7/Textbox_TransactionFee'

2020-03-19 07:22:33 - [MESSAGE][PASSED] - Text '100' is set on object 'Object Repository/ADMIN/Admin Onboarding Page/Admin_Onboarding_Step7/Textbox_TransactionFee'

2020-03-19 07:22:33 - [TEST_STEP][PASSED] - click(findTestObject("ADMIN/Admin Onboarding Page/Admin_Onboarding_Step7/Button_Next_Step7"), CONTINUE_ON_FAILURE): Object: 'Object Repository/ADMIN/Admin Onboarding Page/Admin_Onboarding_Step7/Button_Next_Step7' is clicked on

2020-03-19 07:22:35 - [MESSAGE][PASSED] - Object: 'Object Repository/ADMIN/Admin Onboarding Page/Admin_Onboarding_Step7/Button_Next_Step7' is clicked on

2020-03-19 07:22:35 - [TEST_STEP][PASSED] - comment("Step 8"): Step 8

2020-03-19 07:22:35 - [MESSAGE][INFO] - Step 8

2020-03-19 07:22:35 - [TEST_STEP][PASSED] - waitForElementVisible(findTestObject("ADMIN/Admin Onboarding Page/Admin_Onboarding_Step8/Textlabel_Review your marketplace pol"), 0): Object 'Object Repository/ADMIN/Admin Onboarding Page/Admin_Onboarding_Step8/Textlabel_Review your marketplace pol' is visible

2020-03-19 07:22:35 - [MESSAGE][WARNING] - Timeout '0' is invalid. Using default page load timeout: '30'

2020-03-19 07:22:35 - [MESSAGE][PASSED] - Object 'Object Repository/ADMIN/Admin Onboarding Page/Admin_Onboarding_Step8/Textlabel_Review your marketplace pol' is visible

2020-03-19 07:22:35 - [TEST_STEP][PASSED] - comment("Checkbox Return Policy"): Checkbox Return Policy

2020-03-19 07:22:35 - [MESSAGE][INFO] - Checkbox Return Policy

2020-03-19 07:22:35 - [TEST_STEP][PASSED] - click(findTestObject("ADMIN/Admin Onboarding Page/Admin_Onboarding_Step8/Checkbox_ReturnPolicy")): Object: 'Object Repository/ADMIN/Admin Onboarding Page/Admin_Onboarding_Step8/Checkbox_ReturnPolicy' is clicked on

2020-03-19 07:22:35 - [MESSAGE][PASSED] - Object: 'Object Repository/ADMIN/Admin Onboarding Page/Admin_Onboarding_Step8/Checkbox_ReturnPolicy' is clicked on

2020-03-19 07:22:35 - [TEST_STEP][PASSED] - comment("Terms and Condition"): Terms and Condition

2020-03-19 07:22:35 - [MESSAGE][INFO] - Terms and Condition

2020-03-19 07:22:35 - [TEST_STEP][PASSED] - click(findTestObject("ADMIN/Admin Onboarding Page/Admin_Onboarding_Step8/Checkbox_IsAgreed")): Object: 'Object Repository/ADMIN/Admin Onboarding Page/Admin_Onboarding_Step8/Checkbox_IsAgreed' is clicked on

2020-03-19 07:22:36 - [MESSAGE][PASSED] - Object: 'Object Repository/ADMIN/Admin Onboarding Page/Admin_Onboarding_Step8/Checkbox_IsAgreed' is clicked on

2020-03-19 07:22:36 - [TEST_STEP][PASSED] - click(findTestObject("ADMIN/Admin Onboarding Page/Admin_Onboarding_Step8/Button_Next_Step8")): Object: 'Object Repository/ADMIN/Admin Onboarding Page/Admin_Onboarding_Step8/Button_Next_Step8' is clicked on

2020-03-19 07:22:38 - [MESSAGE][PASSED] - Object: 'Object Repository/ADMIN/Admin Onboarding Page/Admin_Onboarding_Step8/Button_Next_Step8' is clicked on]]></system-out>
         <system-err><![CDATA[]]></system-err>
      </testcase>
      <testcase name="Test Cases/ADMIN/Onboarding/Complete Onboarding" time="34.146" classname="Test Cases/ADMIN/Onboarding/Complete Onboarding" status="PASSED">
         <system-out><![CDATA[2020-03-19 07:22:38 - [TEST_CASE][PASSED] - Test Cases/ADMIN/Onboarding/Complete Onboarding: Test Cases/ADMIN/Onboarding/Complete Onboarding

2020-03-19 07:22:39 - [TEST_STEP][PASSED] - comment("Create Account"): Create Account

2020-03-19 07:22:39 - [MESSAGE][INFO] - Create Account

2020-03-19 07:22:39 - [TEST_STEP][PASSED] - openBrowser(""): Browser is opened with url: ''

2020-03-19 07:22:39 - [MESSAGE][WARNING] - A browser is already opened. Closing browser and opening a new one

2020-03-19 07:22:39 - [MESSAGE][INFO] - Starting 'Chrome' driver

2020-03-19 07:22:39 - [MESSAGE][INFO] - User set preference: ['args', '[--incognito]']

2020-03-19 07:22:41 - [MESSAGE][PASSED] - Browser is opened with url: ''

2020-03-19 07:22:41 - [TEST_STEP][PASSED] - if (varServer == "Test"): Navigate to 'https://www.test.arcadier.io' successfully

2020-03-19 07:22:41 - [TEST_STEP][PASSED] - navigateToUrl("https://www.test.arcadier.io"): Navigate to 'https://www.test.arcadier.io' successfully

2020-03-19 07:22:43 - [MESSAGE][PASSED] - Navigate to 'https://www.test.arcadier.io' successfully

2020-03-19 07:22:43 - [TEST_STEP][PASSED] - maximizeWindow(): Current window maximized

2020-03-19 07:22:43 - [MESSAGE][PASSED] - Current window maximized

2020-03-19 07:22:43 - [TEST_STEP][PASSED] - if (varAccountType == "custom"): Object: 'Object Repository/ADMIN/Admin Onboarding Page/Admin Onboarding CustomAcc/Button_Sign_Up' is clicked on

2020-03-19 07:22:43 - [TEST_STEP][PASSED] - click(findTestObject("ADMIN/Admin Onboarding Page/Create_Account_Page/Button_Create_Account")): Object: 'Object Repository/ADMIN/Admin Onboarding Page/Create_Account_Page/Button_Create_Account' is clicked on

2020-03-19 07:22:43 - [MESSAGE][PASSED] - Object: 'Object Repository/ADMIN/Admin Onboarding Page/Create_Account_Page/Button_Create_Account' is clicked on

2020-03-19 07:22:43 - [TEST_STEP][PASSED] - verifyElementPresent(findTestObject("ADMIN/Admin Onboarding Page/Admin Onboarding CustomAcc/Textbox_Username"), 0): Object 'Object Repository/ADMIN/Admin Onboarding Page/Admin Onboarding CustomAcc/Textbox_Username' is present

2020-03-19 07:22:43 - [MESSAGE][WARNING] - Timeout '0' is invalid. Using default page load timeout: '30'

2020-03-19 07:22:43 - [MESSAGE][PASSED] - Object 'Object Repository/ADMIN/Admin Onboarding Page/Admin Onboarding CustomAcc/Textbox_Username' is present

2020-03-19 07:22:43 - [TEST_STEP][PASSED] - setText(findTestObject("ADMIN/Admin Onboarding Page/Admin Onboarding CustomAcc/Textbox_Username"), varUsername): Text '0319ScaleYearlyBP' is set on object 'Object Repository/ADMIN/Admin Onboarding Page/Admin Onboarding CustomAcc/Textbox_Username'

2020-03-19 07:22:44 - [MESSAGE][PASSED] - Text '0319ScaleYearlyBP' is set on object 'Object Repository/ADMIN/Admin Onboarding Page/Admin Onboarding CustomAcc/Textbox_Username'

2020-03-19 07:22:44 - [TEST_STEP][PASSED] - setText(findTestObject("ADMIN/Admin Onboarding Page/Admin Onboarding CustomAcc/Textbox_Password"), "welcome8"): Text 'welcome8' is set on object 'Object Repository/ADMIN/Admin Onboarding Page/Admin Onboarding CustomAcc/Textbox_Password'

2020-03-19 07:22:44 - [MESSAGE][PASSED] - Text 'welcome8' is set on object 'Object Repository/ADMIN/Admin Onboarding Page/Admin Onboarding CustomAcc/Textbox_Password'

2020-03-19 07:22:44 - [TEST_STEP][PASSED] - setText(findTestObject("ADMIN/Admin Onboarding Page/Admin Onboarding CustomAcc/Textbox_Reconfirm_Password"), "welcome8"): Text 'welcome8' is set on object 'Object Repository/ADMIN/Admin Onboarding Page/Admin Onboarding CustomAcc/Textbox_Reconfirm_Password'

2020-03-19 07:22:44 - [MESSAGE][PASSED] - Text 'welcome8' is set on object 'Object Repository/ADMIN/Admin Onboarding Page/Admin Onboarding CustomAcc/Textbox_Reconfirm_Password'

2020-03-19 07:22:44 - [TEST_STEP][PASSED] - click(findTestObject("ADMIN/Admin Onboarding Page/Admin Onboarding CustomAcc/Button_Sign_Up")): Object: 'Object Repository/ADMIN/Admin Onboarding Page/Admin Onboarding CustomAcc/Button_Sign_Up' is clicked on

2020-03-19 07:22:46 - [MESSAGE][PASSED] - Object: 'Object Repository/ADMIN/Admin Onboarding Page/Admin Onboarding CustomAcc/Button_Sign_Up' is clicked on

2020-03-19 07:22:46 - [TEST_STEP][PASSED] - comment("Step 1"): Step 1

2020-03-19 07:22:46 - [MESSAGE][INFO] - Step 1

2020-03-19 07:22:46 - [TEST_STEP][PASSED] - selectOptionByLabel(findTestObject("ADMIN/Admin Onboarding Page/Admin_Onboarding_Step1/1stDropdown_Please select one...Im"), "I’m managing them offline", false): All options with label 'I’m managing them offline' are selected in object 'Object Repository/ADMIN/Admin Onboarding Page/Admin_Onboarding_Step1/1stDropdown_Please select one...Im' 

2020-03-19 07:22:47 - [MESSAGE][PASSED] - All options with label 'I’m managing them offline' are selected in object 'Object Repository/ADMIN/Admin Onboarding Page/Admin_Onboarding_Step1/1stDropdown_Please select one...Im' 

2020-03-19 07:22:47 - [TEST_STEP][PASSED] - selectOptionByLabel(findTestObject("ADMIN/Admin Onboarding Page/Admin_Onboarding_Step1/2ndDropdown_Please select one...Don"), "Something else!", false): All options with label 'Something else!' are selected in object 'Object Repository/ADMIN/Admin Onboarding Page/Admin_Onboarding_Step1/2ndDropdown_Please select one...Don' 

2020-03-19 07:22:47 - [MESSAGE][PASSED] - All options with label 'Something else!' are selected in object 'Object Repository/ADMIN/Admin Onboarding Page/Admin_Onboarding_Step1/2ndDropdown_Please select one...Don' 

2020-03-19 07:22:47 - [TEST_STEP][PASSED] - setText(findTestObject("ADMIN/Admin Onboarding Page/Admin_Onboarding_Step1/2nddropdown_textbox_OtherMarketplaceType"), "Marketplace"): Text 'Marketplace' is set on object 'Object Repository/ADMIN/Admin Onboarding Page/Admin_Onboarding_Step1/2nddropdown_textbox_OtherMarketplaceType'

2020-03-19 07:22:47 - [MESSAGE][PASSED] - Text 'Marketplace' is set on object 'Object Repository/ADMIN/Admin Onboarding Page/Admin_Onboarding_Step1/2nddropdown_textbox_OtherMarketplaceType'

2020-03-19 07:22:47 - [TEST_STEP][PASSED] - selectOptionByLabel(findTestObject("ADMIN/Admin Onboarding Page/Admin_Onboarding_Step1/3rdDropdown_Im an individualIm work"), "Someone else!", false): All options with label 'Someone else!' are selected in object 'Object Repository/ADMIN/Admin Onboarding Page/Admin_Onboarding_Step1/3rdDropdown_Im an individualIm work' 

2020-03-19 07:22:48 - [MESSAGE][PASSED] - All options with label 'Someone else!' are selected in object 'Object Repository/ADMIN/Admin Onboarding Page/Admin_Onboarding_Step1/3rdDropdown_Im an individualIm work' 

2020-03-19 07:22:48 - [TEST_STEP][PASSED] - setText(findTestObject("ADMIN/Admin Onboarding Page/Admin_Onboarding_Step1/3rddropdown_textbox_OtherEntityType"), "Business Man"): Text 'Business Man' is set on object 'Object Repository/ADMIN/Admin Onboarding Page/Admin_Onboarding_Step1/3rddropdown_textbox_OtherEntityType'

2020-03-19 07:22:48 - [MESSAGE][PASSED] - Text 'Business Man' is set on object 'Object Repository/ADMIN/Admin Onboarding Page/Admin_Onboarding_Step1/3rddropdown_textbox_OtherEntityType'

2020-03-19 07:22:48 - [TEST_STEP][PASSED] - setText(findTestObject("ADMIN/Admin Onboarding Page/Admin_Onboarding_Step1/3rddropdown_textbox_OtherEntityType"), "Business Man"): Text 'Business Man' is set on object 'Object Repository/ADMIN/Admin Onboarding Page/Admin_Onboarding_Step1/3rddropdown_textbox_OtherEntityType'

2020-03-19 07:22:48 - [MESSAGE][PASSED] - Text 'Business Man' is set on object 'Object Repository/ADMIN/Admin Onboarding Page/Admin_Onboarding_Step1/3rddropdown_textbox_OtherEntityType'

2020-03-19 07:22:48 - [TEST_STEP][PASSED] - click(findTestObject("ADMIN/Admin Onboarding Page/Admin_Onboarding_Step1/Button_NEXT_Step1")): Object: 'Object Repository/ADMIN/Admin Onboarding Page/Admin_Onboarding_Step1/Button_NEXT_Step1' is clicked on

2020-03-19 07:22:49 - [MESSAGE][PASSED] - Object: 'Object Repository/ADMIN/Admin Onboarding Page/Admin_Onboarding_Step1/Button_NEXT_Step1' is clicked on

2020-03-19 07:22:49 - [TEST_STEP][PASSED] - comment("Step 2"): Step 2

2020-03-19 07:22:49 - [MESSAGE][INFO] - Step 2

2020-03-19 07:22:49 - [TEST_STEP][PASSED] - waitForElementVisible(findTestObject("ADMIN/Admin Onboarding Page/Admin_Onboarding_Step2/Textlabel_We will like to know mor"), 0): Object 'Object Repository/ADMIN/Admin Onboarding Page/Admin_Onboarding_Step2/Textlabel_We will like to know mor' is visible

2020-03-19 07:22:49 - [MESSAGE][WARNING] - Timeout '0' is invalid. Using default page load timeout: '30'

2020-03-19 07:22:50 - [MESSAGE][PASSED] - Object 'Object Repository/ADMIN/Admin Onboarding Page/Admin_Onboarding_Step2/Textlabel_We will like to know mor' is visible

2020-03-19 07:22:50 - [TEST_STEP][PASSED] - setText(findTestObject("ADMIN/Admin Onboarding Page/Admin_Onboarding_Step2/Textbox_FirstName"), varFName): Text '0319ScaleYearlyBP' is set on object 'Object Repository/ADMIN/Admin Onboarding Page/Admin_Onboarding_Step2/Textbox_FirstName'

2020-03-19 07:22:50 - [MESSAGE][PASSED] - Text '0319ScaleYearlyBP' is set on object 'Object Repository/ADMIN/Admin Onboarding Page/Admin_Onboarding_Step2/Textbox_FirstName'

2020-03-19 07:22:50 - [TEST_STEP][PASSED] - setText(findTestObject("ADMIN/Admin Onboarding Page/Admin_Onboarding_Step2/Textbox_LastName"), varLName): Text 'Marketplace' is set on object 'Object Repository/ADMIN/Admin Onboarding Page/Admin_Onboarding_Step2/Textbox_LastName'

2020-03-19 07:22:50 - [MESSAGE][PASSED] - Text 'Marketplace' is set on object 'Object Repository/ADMIN/Admin Onboarding Page/Admin_Onboarding_Step2/Textbox_LastName'

2020-03-19 07:22:50 - [TEST_STEP][PASSED] - setText(findTestObject("ADMIN/Admin Onboarding Page/Admin_Onboarding_Step2/Textbox_Email"), varEmail): Text 'arcadierteam@gmail.com' is set on object 'Object Repository/ADMIN/Admin Onboarding Page/Admin_Onboarding_Step2/Textbox_Email'

2020-03-19 07:22:51 - [MESSAGE][PASSED] - Text 'arcadierteam@gmail.com' is set on object 'Object Repository/ADMIN/Admin Onboarding Page/Admin_Onboarding_Step2/Textbox_Email'

2020-03-19 07:22:51 - [TEST_STEP][PASSED] - delay(1): Delayed 1 second(s)

2020-03-19 07:22:52 - [MESSAGE][PASSED] - Delayed 1 second(s)

2020-03-19 07:22:52 - [TEST_STEP][PASSED] - selectOptionByLabel(findTestObject("ADMIN/Admin Onboarding Page/Admin_Onboarding_Step2/Country_Dropdown"), varCountry, false): All options with label 'Italy' are selected in object 'Object Repository/ADMIN/Admin Onboarding Page/Admin_Onboarding_Step2/Country_Dropdown' 

2020-03-19 07:22:52 - [MESSAGE][PASSED] - All options with label 'Italy' are selected in object 'Object Repository/ADMIN/Admin Onboarding Page/Admin_Onboarding_Step2/Country_Dropdown' 

2020-03-19 07:22:52 - [TEST_STEP][PASSED] - setText(findTestObject("ADMIN/Admin Onboarding Page/Admin_Onboarding_Step2/Address_Line1"), varAddress1): Text 'Strada Statale 130' is set on object 'Object Repository/ADMIN/Admin Onboarding Page/Admin_Onboarding_Step2/Address_Line1'

2020-03-19 07:22:52 - [MESSAGE][PASSED] - Text 'Strada Statale 130' is set on object 'Object Repository/ADMIN/Admin Onboarding Page/Admin_Onboarding_Step2/Address_Line1'

2020-03-19 07:22:52 - [TEST_STEP][PASSED] - setText(findTestObject("ADMIN/Admin Onboarding Page/Admin_Onboarding_Step2/Address_Line2"), varAddress2): Text 'Dorzano, Biella 13881' is set on object 'Object Repository/ADMIN/Admin Onboarding Page/Admin_Onboarding_Step2/Address_Line2'

2020-03-19 07:22:52 - [MESSAGE][PASSED] - Text 'Dorzano, Biella 13881' is set on object 'Object Repository/ADMIN/Admin Onboarding Page/Admin_Onboarding_Step2/Address_Line2'

2020-03-19 07:22:52 - [TEST_STEP][PASSED] - setText(findTestObject("ADMIN/Admin Onboarding Page/Admin_Onboarding_Step2/Textbox_PhoneNumber"), varContactNumber): Text '+631234567890' is set on object 'Object Repository/ADMIN/Admin Onboarding Page/Admin_Onboarding_Step2/Textbox_PhoneNumber'

2020-03-19 07:22:53 - [MESSAGE][PASSED] - Text '+631234567890' is set on object 'Object Repository/ADMIN/Admin Onboarding Page/Admin_Onboarding_Step2/Textbox_PhoneNumber'

2020-03-19 07:22:53 - [TEST_STEP][PASSED] - click(findTestObject("ADMIN/Admin Onboarding Page/Admin_Onboarding_Step2/Button_Next_Step2"), CONTINUE_ON_FAILURE): Object: 'Object Repository/ADMIN/Admin Onboarding Page/Admin_Onboarding_Step2/Button_Next_Step2' is clicked on

2020-03-19 07:22:54 - [MESSAGE][PASSED] - Object: 'Object Repository/ADMIN/Admin Onboarding Page/Admin_Onboarding_Step2/Button_Next_Step2' is clicked on

2020-03-19 07:22:54 - [TEST_STEP][PASSED] - comment("Step 3"): Step 3

2020-03-19 07:22:54 - [MESSAGE][INFO] - Step 3

2020-03-19 07:22:54 - [TEST_STEP][PASSED] - waitForElementVisible(findTestObject("ADMIN/Admin Onboarding Page/Admin_Onboarding_Step3/TextLabel_What type of marketplace"), 0): Object 'Object Repository/ADMIN/Admin Onboarding Page/Admin_Onboarding_Step3/TextLabel_What type of marketplace' is visible

2020-03-19 07:22:54 - [MESSAGE][WARNING] - Timeout '0' is invalid. Using default page load timeout: '30'

2020-03-19 07:22:54 - [MESSAGE][PASSED] - Object 'Object Repository/ADMIN/Admin Onboarding Page/Admin_Onboarding_Step3/TextLabel_What type of marketplace' is visible

2020-03-19 07:22:54 - [TEST_STEP][PASSED] - delay(1): Delayed 1 second(s)

2020-03-19 07:22:55 - [MESSAGE][PASSED] - Delayed 1 second(s)

2020-03-19 07:22:55 - [TEST_STEP][PASSED] - if (varTemplate == "Bespoke"): Object: 'Object Repository/ADMIN/Admin Onboarding Page/Admin_Onboarding_Step3/Button_Retail_Goods_Select' is clicked on

2020-03-19 07:22:55 - [TEST_STEP][PASSED] - mouseOver(findTestObject("ADMIN/Admin Onboarding Page/Admin_Onboarding_Step3/Textlabel_Retail Goods")): Object: 'Object Repository/ADMIN/Admin Onboarding Page/Admin_Onboarding_Step3/Textlabel_Retail Goods' is hovered

2020-03-19 07:22:55 - [MESSAGE][PASSED] - Object: 'Object Repository/ADMIN/Admin Onboarding Page/Admin_Onboarding_Step3/Textlabel_Retail Goods' is hovered

2020-03-19 07:22:55 - [TEST_STEP][PASSED] - delay(1): Delayed 1 second(s)

2020-03-19 07:22:56 - [MESSAGE][PASSED] - Delayed 1 second(s)

2020-03-19 07:22:56 - [TEST_STEP][PASSED] - click(findTestObject("ADMIN/Admin Onboarding Page/Admin_Onboarding_Step3/Button_Retail_Goods_Select")): Object: 'Object Repository/ADMIN/Admin Onboarding Page/Admin_Onboarding_Step3/Button_Retail_Goods_Select' is clicked on

2020-03-19 07:22:57 - [MESSAGE][PASSED] - Object: 'Object Repository/ADMIN/Admin Onboarding Page/Admin_Onboarding_Step3/Button_Retail_Goods_Select' is clicked on

2020-03-19 07:22:57 - [TEST_STEP][PASSED] - comment("Step 4"): Step 4

2020-03-19 07:22:57 - [MESSAGE][INFO] - Step 4

2020-03-19 07:22:57 - [TEST_STEP][PASSED] - uploadFile(findTestObject("ADMIN/Admin Onboarding Page/Admin_Onboarding_Step4/Button_Browse_Step4"), varLogo): File 'C:\\Katalon\\Arctick\\Images\\LogoLayout\\logo2.jpg' sent to object: 'Object Repository/ADMIN/Admin Onboarding Page/Admin_Onboarding_Step4/Button_Browse_Step4'

2020-03-19 07:22:57 - [MESSAGE][PASSED] - File 'C:\\Katalon\\Arctick\\Images\\LogoLayout\\logo2.jpg' sent to object: 'Object Repository/ADMIN/Admin Onboarding Page/Admin_Onboarding_Step4/Button_Browse_Step4'

2020-03-19 07:22:57 - [TEST_STEP][PASSED] - setText(findTestObject("ADMIN/Admin Onboarding Page/Admin_Onboarding_Step4/Textbox_Marketplace_Name"), varUsername): Text '0319ScaleYearlyBP' is set on object 'Object Repository/ADMIN/Admin Onboarding Page/Admin_Onboarding_Step4/Textbox_Marketplace_Name'

2020-03-19 07:22:58 - [MESSAGE][PASSED] - Text '0319ScaleYearlyBP' is set on object 'Object Repository/ADMIN/Admin Onboarding Page/Admin_Onboarding_Step4/Textbox_Marketplace_Name'

2020-03-19 07:22:58 - [TEST_STEP][PASSED] - setText(findTestObject("ADMIN/Admin Onboarding Page/Admin_Onboarding_Step4/Textbox_Slogan"), varTheme): Text 'Theme 2' is set on object 'Object Repository/ADMIN/Admin Onboarding Page/Admin_Onboarding_Step4/Textbox_Slogan'

2020-03-19 07:22:58 - [MESSAGE][PASSED] - Text 'Theme 2' is set on object 'Object Repository/ADMIN/Admin Onboarding Page/Admin_Onboarding_Step4/Textbox_Slogan'

2020-03-19 07:22:58 - [TEST_STEP][PASSED] - setText(findTestObject("ADMIN/Admin Onboarding Page/Admin_Onboarding_Step4/Textbox_ContactNumber"), varContactNumber): Text '+631234567890' is set on object 'Object Repository/ADMIN/Admin Onboarding Page/Admin_Onboarding_Step4/Textbox_ContactNumber'

2020-03-19 07:22:58 - [MESSAGE][PASSED] - Text '+631234567890' is set on object 'Object Repository/ADMIN/Admin Onboarding Page/Admin_Onboarding_Step4/Textbox_ContactNumber'

2020-03-19 07:22:58 - [TEST_STEP][PASSED] - setText(findTestObject("ADMIN/Admin Onboarding Page/Admin_Onboarding_Step4/Textbox_ContactEmail"), varEmail): Text 'arcadierteam@gmail.com' is set on object 'Object Repository/ADMIN/Admin Onboarding Page/Admin_Onboarding_Step4/Textbox_ContactEmail'

2020-03-19 07:22:59 - [MESSAGE][PASSED] - Text 'arcadierteam@gmail.com' is set on object 'Object Repository/ADMIN/Admin Onboarding Page/Admin_Onboarding_Step4/Textbox_ContactEmail'

2020-03-19 07:22:59 - [TEST_STEP][PASSED] - click(findTestObject("ADMIN/Admin Onboarding Page/Admin_Onboarding_Step4/Button_Next_Step4"), CONTINUE_ON_FAILURE): Object: 'Object Repository/ADMIN/Admin Onboarding Page/Admin_Onboarding_Step4/Button_Next_Step4' is clicked on

2020-03-19 07:22:59 - [MESSAGE][PASSED] - Object: 'Object Repository/ADMIN/Admin Onboarding Page/Admin_Onboarding_Step4/Button_Next_Step4' is clicked on

2020-03-19 07:22:59 - [TEST_STEP][PASSED] - comment("Step 5"): Step 5

2020-03-19 07:22:59 - [MESSAGE][INFO] - Step 5

2020-03-19 07:22:59 - [TEST_STEP][PASSED] - waitForElementVisible(findTestObject("ADMIN/Admin Onboarding Page/Admin_Onboarding_Step5/h1_5. Preview  pick out a mark"), 0): Object 'Object Repository/ADMIN/Admin Onboarding Page/Admin_Onboarding_Step5/h1_5. Preview  pick out a mark' is visible

2020-03-19 07:22:59 - [MESSAGE][WARNING] - Timeout '0' is invalid. Using default page load timeout: '30'

2020-03-19 07:23:00 - [MESSAGE][PASSED] - Object 'Object Repository/ADMIN/Admin Onboarding Page/Admin_Onboarding_Step5/h1_5. Preview  pick out a mark' is visible

2020-03-19 07:23:00 - [TEST_STEP][PASSED] - if (varTemplate == "Bespoke"): Object: 'Object Repository/ADMIN/Admin Onboarding Page/Admin_Onboarding_Step5/Bespoke_Theme_Selection/Theme2_select' is clicked on

2020-03-19 07:23:00 - [TEST_STEP][PASSED] - if (varTheme == "Theme 1"): null

2020-03-19 07:23:00 - [TEST_STEP][PASSED] - else if (varTheme == "Theme 2"): Object: 'Object Repository/ADMIN/Admin Onboarding Page/Admin_Onboarding_Step5/Bespoke_Theme_Selection/Theme2_select' is clicked on

2020-03-19 07:23:00 - [TEST_STEP][PASSED] - click(findTestObject("ADMIN/Admin Onboarding Page/Admin_Onboarding_Step5/Bespoke_Theme_Selection/Theme2_select")): Object: 'Object Repository/ADMIN/Admin Onboarding Page/Admin_Onboarding_Step5/Bespoke_Theme_Selection/Theme2_select' is clicked on

2020-03-19 07:23:00 - [MESSAGE][PASSED] - Object: 'Object Repository/ADMIN/Admin Onboarding Page/Admin_Onboarding_Step5/Bespoke_Theme_Selection/Theme2_select' is clicked on

2020-03-19 07:23:00 - [TEST_STEP][PASSED] - click(findTestObject("ADMIN/Admin Onboarding Page/Admin_Onboarding_Step5/Button_Next_Step5")): Object: 'Object Repository/ADMIN/Admin Onboarding Page/Admin_Onboarding_Step5/Button_Next_Step5' is clicked on

2020-03-19 07:23:01 - [MESSAGE][PASSED] - Object: 'Object Repository/ADMIN/Admin Onboarding Page/Admin_Onboarding_Step5/Button_Next_Step5' is clicked on

2020-03-19 07:23:01 - [TEST_STEP][PASSED] - comment("Step 6"): Step 6

2020-03-19 07:23:01 - [MESSAGE][INFO] - Step 6

2020-03-19 07:23:01 - [TEST_STEP][PASSED] - waitForElementVisible(findTestObject("ADMIN/Admin Onboarding Page/Admin_Onboarding_Step6/Textlabel_Select your marketplace"), 0): Object 'Object Repository/ADMIN/Admin Onboarding Page/Admin_Onboarding_Step6/Textlabel_Select your marketplace' is visible

2020-03-19 07:23:01 - [MESSAGE][WARNING] - Timeout '0' is invalid. Using default page load timeout: '30'

2020-03-19 07:23:02 - [MESSAGE][PASSED] - Object 'Object Repository/ADMIN/Admin Onboarding Page/Admin_Onboarding_Step6/Textlabel_Select your marketplace' is visible

2020-03-19 07:23:02 - [TEST_STEP][PASSED] - click(findTestObject("ADMIN/Admin Onboarding Page/Admin_Onboarding_Step6/Button_Browse_Step6"), CONTINUE_ON_FAILURE): Object: 'Object Repository/ADMIN/Admin Onboarding Page/Admin_Onboarding_Step6/Button_Browse_Step6' is clicked on

2020-03-19 07:23:02 - [MESSAGE][PASSED] - Object: 'Object Repository/ADMIN/Admin Onboarding Page/Admin_Onboarding_Step6/Button_Browse_Step6' is clicked on

2020-03-19 07:23:02 - [TEST_STEP][PASSED] - delay(2): Delayed 2 second(s)

2020-03-19 07:23:04 - [MESSAGE][PASSED] - Delayed 2 second(s)

2020-03-19 07:23:04 - [TEST_STEP][PASSED] - uploadFile(findTestObject("ADMIN/Admin Onboarding Page/Admin_Onboarding_Step6/Image_Container"), varCoverImage): File 'C:\\Katalon\\Arctick\\Images\\LogoLayout\\coverimage3.jpg' sent to object: 'Object Repository/ADMIN/Admin Onboarding Page/Admin_Onboarding_Step6/Image_Container'

2020-03-19 07:23:04 - [MESSAGE][PASSED] - File 'C:\\Katalon\\Arctick\\Images\\LogoLayout\\coverimage3.jpg' sent to object: 'Object Repository/ADMIN/Admin Onboarding Page/Admin_Onboarding_Step6/Image_Container'

2020-03-19 07:23:04 - [TEST_STEP][PASSED] - waitForElementVisible(findTestObject("ADMIN/Admin Onboarding Page/Admin_Onboarding_Step6/Image Cropper/div_btn btn-success btn-ok"), 0): Object 'Object Repository/ADMIN/Admin Onboarding Page/Admin_Onboarding_Step6/Image Cropper/div_btn btn-success btn-ok' is visible

2020-03-19 07:23:04 - [MESSAGE][WARNING] - Timeout '0' is invalid. Using default page load timeout: '30'

2020-03-19 07:23:04 - [MESSAGE][PASSED] - Object 'Object Repository/ADMIN/Admin Onboarding Page/Admin_Onboarding_Step6/Image Cropper/div_btn btn-success btn-ok' is visible

2020-03-19 07:23:04 - [TEST_STEP][PASSED] - click(findTestObject("ADMIN/Admin Onboarding Page/Admin_Onboarding_Step6/Image Cropper/div_btn btn-success btn-ok"), CONTINUE_ON_FAILURE): Object: 'Object Repository/ADMIN/Admin Onboarding Page/Admin_Onboarding_Step6/Image Cropper/div_btn btn-success btn-ok' is clicked on

2020-03-19 07:23:05 - [MESSAGE][PASSED] - Object: 'Object Repository/ADMIN/Admin Onboarding Page/Admin_Onboarding_Step6/Image Cropper/div_btn btn-success btn-ok' is clicked on

2020-03-19 07:23:05 - [TEST_STEP][PASSED] - waitForElementVisible(findTestObject("ADMIN/Admin Onboarding Page/Admin_Onboarding_Step6/Image Cropper/a_Save Photo"), 0): Object 'Object Repository/ADMIN/Admin Onboarding Page/Admin_Onboarding_Step6/Image Cropper/a_Save Photo' is visible

2020-03-19 07:23:05 - [MESSAGE][WARNING] - Timeout '0' is invalid. Using default page load timeout: '30'

2020-03-19 07:23:05 - [MESSAGE][PASSED] - Object 'Object Repository/ADMIN/Admin Onboarding Page/Admin_Onboarding_Step6/Image Cropper/a_Save Photo' is visible

2020-03-19 07:23:05 - [TEST_STEP][PASSED] - click(findTestObject("ADMIN/Admin Onboarding Page/Admin_Onboarding_Step6/Image Cropper/a_Save Photo"), CONTINUE_ON_FAILURE): Object: 'Object Repository/ADMIN/Admin Onboarding Page/Admin_Onboarding_Step6/Image Cropper/a_Save Photo' is clicked on

2020-03-19 07:23:05 - [MESSAGE][PASSED] - Object: 'Object Repository/ADMIN/Admin Onboarding Page/Admin_Onboarding_Step6/Image Cropper/a_Save Photo' is clicked on

2020-03-19 07:23:05 - [TEST_STEP][PASSED] - delay(1): Delayed 1 second(s)

2020-03-19 07:23:06 - [MESSAGE][PASSED] - Delayed 1 second(s)

2020-03-19 07:23:06 - [TEST_STEP][PASSED] - click(findTestObject("ADMIN/Admin Onboarding Page/Admin_Onboarding_Step6/Button_Next_Step6"), CONTINUE_ON_FAILURE): Object: 'Object Repository/ADMIN/Admin Onboarding Page/Admin_Onboarding_Step6/Button_Next_Step6' is clicked on

2020-03-19 07:23:06 - [MESSAGE][PASSED] - Object: 'Object Repository/ADMIN/Admin Onboarding Page/Admin_Onboarding_Step6/Button_Next_Step6' is clicked on

2020-03-19 07:23:06 - [TEST_STEP][PASSED] - comment("Step 7 (editable variables)"): Step 7 (editable variables)

2020-03-19 07:23:06 - [MESSAGE][INFO] - Step 7 (editable variables)

2020-03-19 07:23:06 - [TEST_STEP][PASSED] - waitForElementVisible(findTestObject("ADMIN/Admin Onboarding Page/Admin_Onboarding_Step7/Textlabel_7. Now how would you like t"), 0): Object 'Object Repository/ADMIN/Admin Onboarding Page/Admin_Onboarding_Step7/Textlabel_7. Now how would you like t' is visible

2020-03-19 07:23:06 - [MESSAGE][WARNING] - Timeout '0' is invalid. Using default page load timeout: '30'

2020-03-19 07:23:08 - [MESSAGE][PASSED] - Object 'Object Repository/ADMIN/Admin Onboarding Page/Admin_Onboarding_Step7/Textlabel_7. Now how would you like t' is visible

2020-03-19 07:23:08 - [TEST_STEP][PASSED] - selectOptionByLabel(findTestObject("ADMIN/Admin Onboarding Page/Admin_Onboarding_Step7/Dropdown_Currency"), varCurrency, false): All options with label 'SGD' are selected in object 'Object Repository/ADMIN/Admin Onboarding Page/Admin_Onboarding_Step7/Dropdown_Currency' 

2020-03-19 07:23:08 - [MESSAGE][PASSED] - All options with label 'SGD' are selected in object 'Object Repository/ADMIN/Admin Onboarding Page/Admin_Onboarding_Step7/Dropdown_Currency' 

2020-03-19 07:23:08 - [TEST_STEP][PASSED] - setText(findTestObject("ADMIN/Admin Onboarding Page/Admin_Onboarding_Step7/Textbox_TransactionFee"), varAdminFee): Text '100' is set on object 'Object Repository/ADMIN/Admin Onboarding Page/Admin_Onboarding_Step7/Textbox_TransactionFee'

2020-03-19 07:23:08 - [MESSAGE][PASSED] - Text '100' is set on object 'Object Repository/ADMIN/Admin Onboarding Page/Admin_Onboarding_Step7/Textbox_TransactionFee'

2020-03-19 07:23:08 - [TEST_STEP][PASSED] - click(findTestObject("ADMIN/Admin Onboarding Page/Admin_Onboarding_Step7/Button_Next_Step7"), CONTINUE_ON_FAILURE): Object: 'Object Repository/ADMIN/Admin Onboarding Page/Admin_Onboarding_Step7/Button_Next_Step7' is clicked on

2020-03-19 07:23:09 - [MESSAGE][PASSED] - Object: 'Object Repository/ADMIN/Admin Onboarding Page/Admin_Onboarding_Step7/Button_Next_Step7' is clicked on

2020-03-19 07:23:09 - [TEST_STEP][PASSED] - comment("Step 8"): Step 8

2020-03-19 07:23:09 - [MESSAGE][INFO] - Step 8

2020-03-19 07:23:09 - [TEST_STEP][PASSED] - waitForElementVisible(findTestObject("ADMIN/Admin Onboarding Page/Admin_Onboarding_Step8/Textlabel_Review your marketplace pol"), 0): Object 'Object Repository/ADMIN/Admin Onboarding Page/Admin_Onboarding_Step8/Textlabel_Review your marketplace pol' is visible

2020-03-19 07:23:09 - [MESSAGE][WARNING] - Timeout '0' is invalid. Using default page load timeout: '30'

2020-03-19 07:23:09 - [MESSAGE][PASSED] - Object 'Object Repository/ADMIN/Admin Onboarding Page/Admin_Onboarding_Step8/Textlabel_Review your marketplace pol' is visible

2020-03-19 07:23:09 - [TEST_STEP][PASSED] - comment("Checkbox Return Policy"): Checkbox Return Policy

2020-03-19 07:23:09 - [MESSAGE][INFO] - Checkbox Return Policy

2020-03-19 07:23:09 - [TEST_STEP][PASSED] - click(findTestObject("ADMIN/Admin Onboarding Page/Admin_Onboarding_Step8/Checkbox_ReturnPolicy")): Object: 'Object Repository/ADMIN/Admin Onboarding Page/Admin_Onboarding_Step8/Checkbox_ReturnPolicy' is clicked on

2020-03-19 07:23:10 - [MESSAGE][PASSED] - Object: 'Object Repository/ADMIN/Admin Onboarding Page/Admin_Onboarding_Step8/Checkbox_ReturnPolicy' is clicked on

2020-03-19 07:23:10 - [TEST_STEP][PASSED] - comment("Terms and Condition"): Terms and Condition

2020-03-19 07:23:10 - [MESSAGE][INFO] - Terms and Condition

2020-03-19 07:23:10 - [TEST_STEP][PASSED] - click(findTestObject("ADMIN/Admin Onboarding Page/Admin_Onboarding_Step8/Checkbox_IsAgreed")): Object: 'Object Repository/ADMIN/Admin Onboarding Page/Admin_Onboarding_Step8/Checkbox_IsAgreed' is clicked on

2020-03-19 07:23:10 - [MESSAGE][PASSED] - Object: 'Object Repository/ADMIN/Admin Onboarding Page/Admin_Onboarding_Step8/Checkbox_IsAgreed' is clicked on

2020-03-19 07:23:10 - [TEST_STEP][PASSED] - click(findTestObject("ADMIN/Admin Onboarding Page/Admin_Onboarding_Step8/Button_Next_Step8")): Object: 'Object Repository/ADMIN/Admin Onboarding Page/Admin_Onboarding_Step8/Button_Next_Step8' is clicked on

2020-03-19 07:23:12 - [MESSAGE][PASSED] - Object: 'Object Repository/ADMIN/Admin Onboarding Page/Admin_Onboarding_Step8/Button_Next_Step8' is clicked on]]></system-out>
         <system-err><![CDATA[]]></system-err>
      </testcase>
      <system-out><![CDATA[2020-03-19 07:17:47 - [TEST_SUITE][PASSED] - Admin Onboarding Data Driven: Test Cases/ADMIN/Onboarding/Complete Onboarding]]></system-out>
      <system-err><![CDATA[]]></system-err>
   </testsuite>
</testsuites>
