<?xml version="1.0" encoding="UTF-8"?>
<testsuites name="Admin Add Category" time="1456" tests="49" failures="34" errors="0">
   <testsuite name="Admin Add Category" tests="49" failures="34" errors="0" time="1456" timestamp="2019-05-20 08:29:44" hostname="Arcadier - Arcadier-PC" id="Test Suites/Suites/Admin Add Category">
      <properties>
         <property name="deviceName" value=""/>
         <property name="devicePlatform" value=""/>
         <property name="logFolder" value="C:\\Users\\Arcadier\\git\\Arctick\\Reports\\Suites\\Admin Add Category\\20190520_082941"/>
         <property name="logFiles" value="C:\\Users\\Arcadier\\git\\Arctick\\Reports\\Suites\\Admin Add Category\\20190520_082941\\execution0.log"/>
         <property name="attachments" value="C:\\Users\\Arcadier\\git\\Arctick\\Reports\\Suites\\Admin Add Category\\20190520_082941\\1558312304463.png, C:\\Users\\Arcadier\\git\\Arctick\\Reports\\Suites\\Admin Add Category\\20190520_082941\\1558312353314.png, C:\\Users\\Arcadier\\git\\Arctick\\Reports\\Suites\\Admin Add Category\\20190520_082941\\1558312375233.png, C:\\Users\\Arcadier\\git\\Arctick\\Reports\\Suites\\Admin Add Category\\20190520_082941\\1558312428628.png, C:\\Users\\Arcadier\\git\\Arctick\\Reports\\Suites\\Admin Add Category\\20190520_082941\\1558312441720.png, C:\\Users\\Arcadier\\git\\Arctick\\Reports\\Suites\\Admin Add Category\\20190520_082941\\1558312470289.png, C:\\Users\\Arcadier\\git\\Arctick\\Reports\\Suites\\Admin Add Category\\20190520_082941\\1558312483547.png, C:\\Users\\Arcadier\\git\\Arctick\\Reports\\Suites\\Admin Add Category\\20190520_082941\\1558312497218.png, C:\\Users\\Arcadier\\git\\Arctick\\Reports\\Suites\\Admin Add Category\\20190520_082941\\1558312552946.png, C:\\Users\\Arcadier\\git\\Arctick\\Reports\\Suites\\Admin Add Category\\20190520_082941\\1558312566239.png, C:\\Users\\Arcadier\\git\\Arctick\\Reports\\Suites\\Admin Add Category\\20190520_082941\\1558312579703.png, C:\\Users\\Arcadier\\git\\Arctick\\Reports\\Suites\\Admin Add Category\\20190520_082941\\1558312657853.png, C:\\Users\\Arcadier\\git\\Arctick\\Reports\\Suites\\Admin Add Category\\20190520_082941\\1558312719526.png, C:\\Users\\Arcadier\\git\\Arctick\\Reports\\Suites\\Admin Add Category\\20190520_082941\\1558312733946.png, C:\\Users\\Arcadier\\git\\Arctick\\Reports\\Suites\\Admin Add Category\\20190520_082941\\1558312798004.png, C:\\Users\\Arcadier\\git\\Arctick\\Reports\\Suites\\Admin Add Category\\20190520_082941\\1558312898752.png, C:\\Users\\Arcadier\\git\\Arctick\\Reports\\Suites\\Admin Add Category\\20190520_082941\\1558312906382.png, C:\\Users\\Arcadier\\git\\Arctick\\Reports\\Suites\\Admin Add Category\\20190520_082941\\1558312934627.png, C:\\Users\\Arcadier\\git\\Arctick\\Reports\\Suites\\Admin Add Category\\20190520_082941\\1558312941734.png, C:\\Users\\Arcadier\\git\\Arctick\\Reports\\Suites\\Admin Add Category\\20190520_082941\\1558312950098.png, C:\\Users\\Arcadier\\git\\Arctick\\Reports\\Suites\\Admin Add Category\\20190520_082941\\1558312986647.png, C:\\Users\\Arcadier\\git\\Arctick\\Reports\\Suites\\Admin Add Category\\20190520_082941\\1558313047630.png, C:\\Users\\Arcadier\\git\\Arctick\\Reports\\Suites\\Admin Add Category\\20190520_082941\\1558313062392.png, C:\\Users\\Arcadier\\git\\Arctick\\Reports\\Suites\\Admin Add Category\\20190520_082941\\1558313070735.png, C:\\Users\\Arcadier\\git\\Arctick\\Reports\\Suites\\Admin Add Category\\20190520_082941\\1558313087593.png, C:\\Users\\Arcadier\\git\\Arctick\\Reports\\Suites\\Admin Add Category\\20190520_082941\\1558313102449.png, C:\\Users\\Arcadier\\git\\Arctick\\Reports\\Suites\\Admin Add Category\\20190520_082941\\1558313108920.png, C:\\Users\\Arcadier\\git\\Arctick\\Reports\\Suites\\Admin Add Category\\20190520_082941\\1558313126913.png, C:\\Users\\Arcadier\\git\\Arctick\\Reports\\Suites\\Admin Add Category\\20190520_082941\\1558313277312.png, C:\\Users\\Arcadier\\git\\Arctick\\Reports\\Suites\\Admin Add Category\\20190520_082941\\1558313379658.png, C:\\Users\\Arcadier\\git\\Arctick\\Reports\\Suites\\Admin Add Category\\20190520_082941\\1558313441018.png, C:\\Users\\Arcadier\\git\\Arctick\\Reports\\Suites\\Admin Add Category\\20190520_082941\\1558313488158.png, C:\\Users\\Arcadier\\git\\Arctick\\Reports\\Suites\\Admin Add Category\\20190520_082941\\1558313513154.png, C:\\Users\\Arcadier\\git\\Arctick\\Reports\\Suites\\Admin Add Category\\20190520_082941\\1558313522394.png, C:\\Users\\Arcadier\\git\\Arctick\\Reports\\Suites\\Admin Add Category\\20190520_082941\\1558313530398.png, C:\\Users\\Arcadier\\git\\Arctick\\Reports\\Suites\\Admin Add Category\\20190520_082941\\1558313604882.png, C:\\Users\\Arcadier\\git\\Arctick\\Reports\\Suites\\Admin Add Category\\20190520_082941\\1558313622716.png"/>
         <property name="hostName" value="Arcadier - Arcadier-PC"/>
         <property name="os" value="Windows 7 64bit"/>
         <property name="katalonVersion" value="5.4.2.1"/>
         <property name="browser" value="Chrome 74.0.3729.157"/>
         <property name="hostAddress" value="10.10.31.95"/>
         <property name="sessionId" value="2609dc86013a09d8daebbf33ac0c67a9"/>
         <property name="seleniumVersion" value="3.7.1"/>
         <property name="proxyInformation" value="ProxyInformation{proxyOption=NO_PROXY, proxyServerType=HTTP, password=, proxyServerAddress=, proxyServerPort=0}"/>
         <property name="platform" value="Windows 7"/>
      </properties>
      <testcase name="Test Cases/Utilities/ADMIN/Admin Login" classname="Test Cases/Utilities/ADMIN/Admin Login" status="PASSED">
         <system-out><![CDATA[2019-05-20 08:29:44 - [TEST_CASE][PASSED] - Test Cases/Utilities/ADMIN/Admin Login: Test Cases/Utilities/ADMIN/Admin Login

2019-05-20 08:29:45 - [TEST_STEP][PASSED] - openBrowser: Browser is opened with url: ''

2019-05-20 08:29:47 - [MESSAGE][PASSED] - Browser is opened with url: ''

2019-05-20 08:29:47 - [TEST_STEP][PASSED] - maximizeWindow: Current window maximized

2019-05-20 08:29:47 - [MESSAGE][PASSED] - Current window maximized

2019-05-20 08:29:47 - [TEST_STEP][PASSED] - navigateToUrl: Navigate to 'http://0520bespoke.test.arcadier.io/admin' successfully

2019-05-20 08:29:47 - [MESSAGE][PASSED] - Navigate to 'http://0520bespoke.test.arcadier.io/admin' successfully

2019-05-20 08:29:47 - [TEST_STEP][PASSED] - Statement - If (AdminAccountType == "custom"): Object: 'Object Repository/ADMIN/Admin Login/Admin Login/btn_signin' is clicked on

2019-05-20 08:29:47 - [TEST_STEP][PASSED] - waitForElementVisible: Object 'Object Repository/ADMIN/Admin Login/Admin Login/txtbox_username' is visible

2019-05-20 08:29:47 - [MESSAGE][WARNING] - Timeout '0' is invalid. Using default page load timeout: '30'

2019-05-20 08:29:48 - [MESSAGE][PASSED] - Object 'Object Repository/ADMIN/Admin Login/Admin Login/txtbox_username' is visible

2019-05-20 08:29:48 - [TEST_STEP][PASSED] - setText: Text '0520bespoke' is set on object 'Object Repository/ADMIN/Admin Login/Admin Login/txtbox_username'

2019-05-20 08:29:48 - [MESSAGE][PASSED] - Text '0520bespoke' is set on object 'Object Repository/ADMIN/Admin Login/Admin Login/txtbox_username'

2019-05-20 08:29:48 - [TEST_STEP][PASSED] - setText: Text 'welcome8' is set on object 'Object Repository/ADMIN/Admin Login/Admin Login/txtbox_password'

2019-05-20 08:29:49 - [MESSAGE][PASSED] - Text 'welcome8' is set on object 'Object Repository/ADMIN/Admin Login/Admin Login/txtbox_password'

2019-05-20 08:29:49 - [TEST_STEP][PASSED] - click: Object: 'Object Repository/ADMIN/Admin Login/Admin Login/btn_signin' is clicked on

2019-05-20 08:29:51 - [MESSAGE][PASSED] - Object: 'Object Repository/ADMIN/Admin Login/Admin Login/btn_signin' is clicked on]]></system-out>
         <system-err><![CDATA[]]></system-err>
      </testcase>
      <testcase name="Test Cases/ADMIN/Content Mgmt/Categories/Category Add-Edit/Add Category" classname="Test Cases/ADMIN/Content Mgmt/Categories/Category Add-Edit/Add Category" status="PASSED">
         <system-out><![CDATA[2019-05-20 08:29:51 - [TEST_CASE][PASSED] - Test Cases/ADMIN/Content Mgmt/Categories/Category Add-Edit/Add Category: Test Cases/ADMIN/Content Mgmt/Categories/Category Add-Edit/Add Category

2019-05-20 08:29:51 - [TEST_STEP][PASSED] - waitForElementVisible: Object 'Object Repository/ADMIN/Categories/Category List/button_Content Mgmt' is visible

2019-05-20 08:29:51 - [MESSAGE][WARNING] - Timeout '0' is invalid. Using default page load timeout: '30'

2019-05-20 08:29:52 - [MESSAGE][PASSED] - Object 'Object Repository/ADMIN/Categories/Category List/button_Content Mgmt' is visible

2019-05-20 08:29:52 - [TEST_STEP][PASSED] - click: Object: 'Object Repository/ADMIN/Categories/Category List/button_Content Mgmt' is clicked on

2019-05-20 08:29:52 - [MESSAGE][PASSED] - Object: 'Object Repository/ADMIN/Categories/Category List/button_Content Mgmt' is clicked on

2019-05-20 08:29:52 - [TEST_STEP][PASSED] - waitForElementVisible: Object 'Object Repository/ADMIN/Categories/Category List/button_Categories' is visible

2019-05-20 08:29:52 - [MESSAGE][WARNING] - Timeout '0' is invalid. Using default page load timeout: '30'

2019-05-20 08:29:52 - [MESSAGE][PASSED] - Object 'Object Repository/ADMIN/Categories/Category List/button_Categories' is visible

2019-05-20 08:29:52 - [TEST_STEP][PASSED] - click: Object: 'Object Repository/ADMIN/Categories/Category List/button_Categories' is clicked on

2019-05-20 08:29:53 - [MESSAGE][PASSED] - Object: 'Object Repository/ADMIN/Categories/Category List/button_Categories' is clicked on

2019-05-20 08:29:53 - [TEST_STEP][PASSED] - waitForPageLoad: Wait for page load successfully

2019-05-20 08:29:53 - [MESSAGE][WARNING] - Timeout '0' is invalid. Using default page load timeout: '30'

2019-05-20 08:29:53 - [MESSAGE][PASSED] - Wait for page load successfully

2019-05-20 08:29:53 - [TEST_STEP][PASSED] - click: Object: 'Object Repository/ADMIN/Categories/Category List/button_Add a Category' is clicked on

2019-05-20 08:29:54 - [MESSAGE][PASSED] - Object: 'Object Repository/ADMIN/Categories/Category List/button_Add a Category' is clicked on

2019-05-20 08:29:54 - [TEST_STEP][PASSED] - waitForElementPresent: Object 'Object Repository/ADMIN/Categories/Category/dropdown_Parent' is present

2019-05-20 08:29:54 - [MESSAGE][PASSED] - Object 'Object Repository/ADMIN/Categories/Category/dropdown_Parent' is present

2019-05-20 08:29:54 - [TEST_STEP][PASSED] - delay: Delayed 1 second(s)

2019-05-20 08:29:55 - [MESSAGE][PASSED] - Delayed 1 second(s)

2019-05-20 08:29:55 - [TEST_STEP][PASSED] - setText: Text 'Category 1.1' is set on object 'Object Repository/ADMIN/Categories/Category/textfield_Category Name'

2019-05-20 08:29:55 - [MESSAGE][PASSED] - Text 'Category 1.1' is set on object 'Object Repository/ADMIN/Categories/Category/textfield_Category Name'

2019-05-20 08:29:55 - [TEST_STEP][PASSED] - click: Object: 'Object Repository/ADMIN/Categories/Category/dropdown_Parent' is clicked on

2019-05-20 08:29:55 - [MESSAGE][PASSED] - Object: 'Object Repository/ADMIN/Categories/Category/dropdown_Parent' is clicked on

2019-05-20 08:29:55 - [TEST_STEP][PASSED] - delay: Delayed 2 second(s)

2019-05-20 08:29:57 - [MESSAGE][PASSED] - Delayed 2 second(s)

2019-05-20 08:29:57 - [TEST_STEP][PASSED] - click: Object: 'Object Repository/ADMIN/Categories/Category/dropdown_Parent' is clicked on

2019-05-20 08:29:57 - [MESSAGE][PASSED] - Object: 'Object Repository/ADMIN/Categories/Category/dropdown_Parent' is clicked on

2019-05-20 08:29:57 - [TEST_STEP][PASSED] - selectOptionByLabel: All options with label 'Category 1' are selected in object 'Object Repository/ADMIN/Categories/Category/dropdown_Parent' 

2019-05-20 08:29:58 - [MESSAGE][PASSED] - All options with label 'Category 1' are selected in object 'Object Repository/ADMIN/Categories/Category/dropdown_Parent' 

2019-05-20 08:29:58 - [TEST_STEP][PASSED] - click: Object: 'Object Repository/ADMIN/Categories/Category/button_Browse' is clicked on

2019-05-20 08:29:58 - [MESSAGE][PASSED] - Object: 'Object Repository/ADMIN/Categories/Category/button_Browse' is clicked on

2019-05-20 08:29:58 - [TEST_STEP][PASSED] - delay: Delayed 1 second(s)

2019-05-20 08:29:59 - [MESSAGE][PASSED] - Delayed 1 second(s)

2019-05-20 08:29:59 - [TEST_STEP][PASSED] - uploadFile: File 'C:\\Katalon\\Image\\pic1.jpg' sent to object: 'Object Repository/ADMIN/Categories/Category/image_input image'

2019-05-20 08:29:59 - [MESSAGE][PASSED] - File 'C:\\Katalon\\Image\\pic1.jpg' sent to object: 'Object Repository/ADMIN/Categories/Category/image_input image'

2019-05-20 08:29:59 - [TEST_STEP][PASSED] - waitForElementVisible: Object 'Object Repository/ADMIN/Categories/Category/button_upload check' is visible

2019-05-20 08:29:59 - [MESSAGE][WARNING] - Timeout '0' is invalid. Using default page load timeout: '30'

2019-05-20 08:29:59 - [MESSAGE][PASSED] - Object 'Object Repository/ADMIN/Categories/Category/button_upload check' is visible

2019-05-20 08:29:59 - [TEST_STEP][PASSED] - click: Object: 'Object Repository/ADMIN/Categories/Category/button_upload check' is clicked on

2019-05-20 08:29:59 - [MESSAGE][PASSED] - Object: 'Object Repository/ADMIN/Categories/Category/button_upload check' is clicked on

2019-05-20 08:29:59 - [TEST_STEP][PASSED] - click: Object: 'Object Repository/ADMIN/Categories/Category/button_upload save' is clicked on

2019-05-20 08:30:00 - [MESSAGE][PASSED] - Object: 'Object Repository/ADMIN/Categories/Category/button_upload save' is clicked on

2019-05-20 08:30:00 - [TEST_STEP][PASSED] - waitForElementVisible: Object 'Object Repository/ADMIN/Categories/Category/button_upload save' is visible

2019-05-20 08:30:00 - [MESSAGE][WARNING] - Timeout '0' is invalid. Using default page load timeout: '30'

2019-05-20 08:30:00 - [MESSAGE][PASSED] - Object 'Object Repository/ADMIN/Categories/Category/button_upload save' is visible

2019-05-20 08:30:00 - [TEST_STEP][PASSED] - setText: Text 'Description2' is set on object 'Object Repository/ADMIN/Categories/Category/textfield_category_description'

2019-05-20 08:30:00 - [MESSAGE][PASSED] - Text 'Description2' is set on object 'Object Repository/ADMIN/Categories/Category/textfield_category_description'

2019-05-20 08:30:00 - [TEST_STEP][PASSED] - click: Object: 'Object Repository/ADMIN/Categories/Category/button_Save' is clicked on

2019-05-20 08:30:00 - [MESSAGE][PASSED] - Object: 'Object Repository/ADMIN/Categories/Category/button_Save' is clicked on

2019-05-20 08:30:00 - [TEST_STEP][PASSED] - waitForElementVisible: Object 'Object Repository/ADMIN/Categories/Category/label_edit popup' is visible

2019-05-20 08:30:00 - [MESSAGE][WARNING] - Timeout '0' is invalid. Using default page load timeout: '30'

2019-05-20 08:30:01 - [MESSAGE][PASSED] - Object 'Object Repository/ADMIN/Categories/Category/label_edit popup' is visible

2019-05-20 08:30:01 - [TEST_STEP][PASSED] - waitForElementNotPresent: Web element with id: 'Object Repository/ADMIN/Categories/Category/label_edit popup' located by 'By.xpath: //div[(text() = 'Category was successfully saved.' or . = 'Category was successfully saved.')]' is not present after '30' second(s)

2019-05-20 08:30:01 - [MESSAGE][WARNING] - Timeout '0' is invalid. Using default page load timeout: '30'

2019-05-20 08:30:07 - [MESSAGE][PASSED] - Web element with id: 'Object Repository/ADMIN/Categories/Category/label_edit popup' located by 'By.xpath: //div[(text() = 'Category was successfully saved.' or . = 'Category was successfully saved.')]' is not present after '30' second(s)]]></system-out>
         <system-err><![CDATA[]]></system-err>
      </testcase>
      <testcase name="Test Cases/ADMIN/Content Mgmt/Categories/Category Add-Edit/Add Category" classname="Test Cases/ADMIN/Content Mgmt/Categories/Category Add-Edit/Add Category" status="PASSED">
         <system-out><![CDATA[2019-05-20 08:30:07 - [TEST_CASE][PASSED] - Test Cases/ADMIN/Content Mgmt/Categories/Category Add-Edit/Add Category: Test Cases/ADMIN/Content Mgmt/Categories/Category Add-Edit/Add Category

2019-05-20 08:30:07 - [TEST_STEP][PASSED] - waitForElementVisible: Object 'Object Repository/ADMIN/Categories/Category List/button_Content Mgmt' is visible

2019-05-20 08:30:07 - [MESSAGE][WARNING] - Timeout '0' is invalid. Using default page load timeout: '30'

2019-05-20 08:30:07 - [MESSAGE][PASSED] - Object 'Object Repository/ADMIN/Categories/Category List/button_Content Mgmt' is visible

2019-05-20 08:30:07 - [TEST_STEP][PASSED] - click: Object: 'Object Repository/ADMIN/Categories/Category List/button_Content Mgmt' is clicked on

2019-05-20 08:30:07 - [MESSAGE][PASSED] - Object: 'Object Repository/ADMIN/Categories/Category List/button_Content Mgmt' is clicked on

2019-05-20 08:30:07 - [TEST_STEP][PASSED] - waitForElementVisible: Object 'Object Repository/ADMIN/Categories/Category List/button_Categories' is visible

2019-05-20 08:30:07 - [MESSAGE][WARNING] - Timeout '0' is invalid. Using default page load timeout: '30'

2019-05-20 08:30:07 - [MESSAGE][PASSED] - Object 'Object Repository/ADMIN/Categories/Category List/button_Categories' is visible

2019-05-20 08:30:07 - [TEST_STEP][PASSED] - click: Object: 'Object Repository/ADMIN/Categories/Category List/button_Categories' is clicked on

2019-05-20 08:30:08 - [MESSAGE][PASSED] - Object: 'Object Repository/ADMIN/Categories/Category List/button_Categories' is clicked on

2019-05-20 08:30:08 - [TEST_STEP][PASSED] - waitForPageLoad: Wait for page load successfully

2019-05-20 08:30:08 - [MESSAGE][WARNING] - Timeout '0' is invalid. Using default page load timeout: '30'

2019-05-20 08:30:08 - [MESSAGE][PASSED] - Wait for page load successfully

2019-05-20 08:30:08 - [TEST_STEP][PASSED] - click: Object: 'Object Repository/ADMIN/Categories/Category List/button_Add a Category' is clicked on

2019-05-20 08:30:08 - [MESSAGE][PASSED] - Object: 'Object Repository/ADMIN/Categories/Category List/button_Add a Category' is clicked on

2019-05-20 08:30:08 - [TEST_STEP][PASSED] - waitForElementPresent: Object 'Object Repository/ADMIN/Categories/Category/dropdown_Parent' is present

2019-05-20 08:30:08 - [MESSAGE][PASSED] - Object 'Object Repository/ADMIN/Categories/Category/dropdown_Parent' is present

2019-05-20 08:30:08 - [TEST_STEP][PASSED] - delay: Delayed 1 second(s)

2019-05-20 08:30:09 - [MESSAGE][PASSED] - Delayed 1 second(s)

2019-05-20 08:30:09 - [TEST_STEP][PASSED] - setText: Text 'Category 1.2' is set on object 'Object Repository/ADMIN/Categories/Category/textfield_Category Name'

2019-05-20 08:30:10 - [MESSAGE][PASSED] - Text 'Category 1.2' is set on object 'Object Repository/ADMIN/Categories/Category/textfield_Category Name'

2019-05-20 08:30:10 - [TEST_STEP][PASSED] - click: Object: 'Object Repository/ADMIN/Categories/Category/dropdown_Parent' is clicked on

2019-05-20 08:30:10 - [MESSAGE][PASSED] - Object: 'Object Repository/ADMIN/Categories/Category/dropdown_Parent' is clicked on

2019-05-20 08:30:10 - [TEST_STEP][PASSED] - delay: Delayed 2 second(s)

2019-05-20 08:30:12 - [MESSAGE][PASSED] - Delayed 2 second(s)

2019-05-20 08:30:12 - [TEST_STEP][PASSED] - click: Object: 'Object Repository/ADMIN/Categories/Category/dropdown_Parent' is clicked on

2019-05-20 08:30:12 - [MESSAGE][PASSED] - Object: 'Object Repository/ADMIN/Categories/Category/dropdown_Parent' is clicked on

2019-05-20 08:30:12 - [TEST_STEP][PASSED] - selectOptionByLabel: All options with label 'Category 1' are selected in object 'Object Repository/ADMIN/Categories/Category/dropdown_Parent' 

2019-05-20 08:30:12 - [MESSAGE][PASSED] - All options with label 'Category 1' are selected in object 'Object Repository/ADMIN/Categories/Category/dropdown_Parent' 

2019-05-20 08:30:12 - [TEST_STEP][PASSED] - click: Object: 'Object Repository/ADMIN/Categories/Category/button_Browse' is clicked on

2019-05-20 08:30:12 - [MESSAGE][PASSED] - Object: 'Object Repository/ADMIN/Categories/Category/button_Browse' is clicked on

2019-05-20 08:30:12 - [TEST_STEP][PASSED] - delay: Delayed 1 second(s)

2019-05-20 08:30:13 - [MESSAGE][PASSED] - Delayed 1 second(s)

2019-05-20 08:30:13 - [TEST_STEP][PASSED] - uploadFile: File 'C:\\Katalon\\Image\\pic2.jpg' sent to object: 'Object Repository/ADMIN/Categories/Category/image_input image'

2019-05-20 08:30:13 - [MESSAGE][PASSED] - File 'C:\\Katalon\\Image\\pic2.jpg' sent to object: 'Object Repository/ADMIN/Categories/Category/image_input image'

2019-05-20 08:30:13 - [TEST_STEP][PASSED] - waitForElementVisible: Object 'Object Repository/ADMIN/Categories/Category/button_upload check' is visible

2019-05-20 08:30:13 - [MESSAGE][WARNING] - Timeout '0' is invalid. Using default page load timeout: '30'

2019-05-20 08:30:13 - [MESSAGE][PASSED] - Object 'Object Repository/ADMIN/Categories/Category/button_upload check' is visible

2019-05-20 08:30:13 - [TEST_STEP][PASSED] - click: Object: 'Object Repository/ADMIN/Categories/Category/button_upload check' is clicked on

2019-05-20 08:30:13 - [MESSAGE][PASSED] - Object: 'Object Repository/ADMIN/Categories/Category/button_upload check' is clicked on

2019-05-20 08:30:13 - [TEST_STEP][PASSED] - click: Object: 'Object Repository/ADMIN/Categories/Category/button_upload save' is clicked on

2019-05-20 08:30:14 - [MESSAGE][PASSED] - Object: 'Object Repository/ADMIN/Categories/Category/button_upload save' is clicked on

2019-05-20 08:30:14 - [TEST_STEP][PASSED] - waitForElementVisible: Object 'Object Repository/ADMIN/Categories/Category/button_upload save' is visible

2019-05-20 08:30:14 - [MESSAGE][WARNING] - Timeout '0' is invalid. Using default page load timeout: '30'

2019-05-20 08:30:14 - [MESSAGE][PASSED] - Object 'Object Repository/ADMIN/Categories/Category/button_upload save' is visible

2019-05-20 08:30:14 - [TEST_STEP][PASSED] - setText: Text 'Description3' is set on object 'Object Repository/ADMIN/Categories/Category/textfield_category_description'

2019-05-20 08:30:14 - [MESSAGE][PASSED] - Text 'Description3' is set on object 'Object Repository/ADMIN/Categories/Category/textfield_category_description'

2019-05-20 08:30:14 - [TEST_STEP][PASSED] - click: Object: 'Object Repository/ADMIN/Categories/Category/button_Save' is clicked on

2019-05-20 08:30:14 - [MESSAGE][PASSED] - Object: 'Object Repository/ADMIN/Categories/Category/button_Save' is clicked on

2019-05-20 08:30:14 - [TEST_STEP][PASSED] - waitForElementVisible: Object 'Object Repository/ADMIN/Categories/Category/label_edit popup' is visible

2019-05-20 08:30:14 - [MESSAGE][WARNING] - Timeout '0' is invalid. Using default page load timeout: '30'

2019-05-20 08:30:14 - [MESSAGE][PASSED] - Object 'Object Repository/ADMIN/Categories/Category/label_edit popup' is visible

2019-05-20 08:30:14 - [TEST_STEP][PASSED] - waitForElementNotPresent: Web element with id: 'Object Repository/ADMIN/Categories/Category/label_edit popup' located by 'By.xpath: //div[(text() = 'Category was successfully saved.' or . = 'Category was successfully saved.')]' is not present after '30' second(s)

2019-05-20 08:30:14 - [MESSAGE][WARNING] - Timeout '0' is invalid. Using default page load timeout: '30'

2019-05-20 08:30:21 - [MESSAGE][PASSED] - Web element with id: 'Object Repository/ADMIN/Categories/Category/label_edit popup' located by 'By.xpath: //div[(text() = 'Category was successfully saved.' or . = 'Category was successfully saved.')]' is not present after '30' second(s)]]></system-out>
         <system-err><![CDATA[]]></system-err>
      </testcase>
      <testcase name="Test Cases/ADMIN/Content Mgmt/Categories/Category Add-Edit/Add Category" classname="Test Cases/ADMIN/Content Mgmt/Categories/Category Add-Edit/Add Category" status="PASSED">
         <system-out><![CDATA[2019-05-20 08:30:21 - [TEST_CASE][PASSED] - Test Cases/ADMIN/Content Mgmt/Categories/Category Add-Edit/Add Category: Test Cases/ADMIN/Content Mgmt/Categories/Category Add-Edit/Add Category

2019-05-20 08:30:21 - [TEST_STEP][PASSED] - waitForElementVisible: Object 'Object Repository/ADMIN/Categories/Category List/button_Content Mgmt' is visible

2019-05-20 08:30:21 - [MESSAGE][WARNING] - Timeout '0' is invalid. Using default page load timeout: '30'

2019-05-20 08:30:21 - [MESSAGE][PASSED] - Object 'Object Repository/ADMIN/Categories/Category List/button_Content Mgmt' is visible

2019-05-20 08:30:21 - [TEST_STEP][PASSED] - click: Object: 'Object Repository/ADMIN/Categories/Category List/button_Content Mgmt' is clicked on

2019-05-20 08:30:21 - [MESSAGE][PASSED] - Object: 'Object Repository/ADMIN/Categories/Category List/button_Content Mgmt' is clicked on

2019-05-20 08:30:21 - [TEST_STEP][PASSED] - waitForElementVisible: Object 'Object Repository/ADMIN/Categories/Category List/button_Categories' is visible

2019-05-20 08:30:21 - [MESSAGE][WARNING] - Timeout '0' is invalid. Using default page load timeout: '30'

2019-05-20 08:30:21 - [MESSAGE][PASSED] - Object 'Object Repository/ADMIN/Categories/Category List/button_Categories' is visible

2019-05-20 08:30:21 - [TEST_STEP][PASSED] - click: Object: 'Object Repository/ADMIN/Categories/Category List/button_Categories' is clicked on

2019-05-20 08:30:21 - [MESSAGE][PASSED] - Object: 'Object Repository/ADMIN/Categories/Category List/button_Categories' is clicked on

2019-05-20 08:30:21 - [TEST_STEP][PASSED] - waitForPageLoad: Wait for page load successfully

2019-05-20 08:30:21 - [MESSAGE][WARNING] - Timeout '0' is invalid. Using default page load timeout: '30'

2019-05-20 08:30:21 - [MESSAGE][PASSED] - Wait for page load successfully

2019-05-20 08:30:21 - [TEST_STEP][PASSED] - click: Object: 'Object Repository/ADMIN/Categories/Category List/button_Add a Category' is clicked on

2019-05-20 08:30:21 - [MESSAGE][PASSED] - Object: 'Object Repository/ADMIN/Categories/Category List/button_Add a Category' is clicked on

2019-05-20 08:30:21 - [TEST_STEP][PASSED] - waitForElementPresent: Object 'Object Repository/ADMIN/Categories/Category/dropdown_Parent' is present

2019-05-20 08:30:21 - [MESSAGE][PASSED] - Object 'Object Repository/ADMIN/Categories/Category/dropdown_Parent' is present

2019-05-20 08:30:21 - [TEST_STEP][PASSED] - delay: Delayed 1 second(s)

2019-05-20 08:30:22 - [MESSAGE][PASSED] - Delayed 1 second(s)

2019-05-20 08:30:22 - [TEST_STEP][PASSED] - setText: Text 'Category 1.2.1' is set on object 'Object Repository/ADMIN/Categories/Category/textfield_Category Name'

2019-05-20 08:30:23 - [MESSAGE][PASSED] - Text 'Category 1.2.1' is set on object 'Object Repository/ADMIN/Categories/Category/textfield_Category Name'

2019-05-20 08:30:23 - [TEST_STEP][PASSED] - click: Object: 'Object Repository/ADMIN/Categories/Category/dropdown_Parent' is clicked on

2019-05-20 08:30:23 - [MESSAGE][PASSED] - Object: 'Object Repository/ADMIN/Categories/Category/dropdown_Parent' is clicked on

2019-05-20 08:30:23 - [TEST_STEP][PASSED] - delay: Delayed 2 second(s)

2019-05-20 08:30:25 - [MESSAGE][PASSED] - Delayed 2 second(s)

2019-05-20 08:30:25 - [TEST_STEP][PASSED] - click: Object: 'Object Repository/ADMIN/Categories/Category/dropdown_Parent' is clicked on

2019-05-20 08:30:25 - [MESSAGE][PASSED] - Object: 'Object Repository/ADMIN/Categories/Category/dropdown_Parent' is clicked on

2019-05-20 08:30:25 - [TEST_STEP][PASSED] - selectOptionByLabel: All options with label 'Category 1.2' are selected in object 'Object Repository/ADMIN/Categories/Category/dropdown_Parent' 

2019-05-20 08:30:25 - [MESSAGE][PASSED] - All options with label 'Category 1.2' are selected in object 'Object Repository/ADMIN/Categories/Category/dropdown_Parent' 

2019-05-20 08:30:25 - [TEST_STEP][PASSED] - click: Object: 'Object Repository/ADMIN/Categories/Category/button_Browse' is clicked on

2019-05-20 08:30:25 - [MESSAGE][PASSED] - Object: 'Object Repository/ADMIN/Categories/Category/button_Browse' is clicked on

2019-05-20 08:30:25 - [TEST_STEP][PASSED] - delay: Delayed 1 second(s)

2019-05-20 08:30:26 - [MESSAGE][PASSED] - Delayed 1 second(s)

2019-05-20 08:30:26 - [TEST_STEP][PASSED] - uploadFile: File 'C:\\Katalon\\Image\\pic3.jpg' sent to object: 'Object Repository/ADMIN/Categories/Category/image_input image'

2019-05-20 08:30:26 - [MESSAGE][PASSED] - File 'C:\\Katalon\\Image\\pic3.jpg' sent to object: 'Object Repository/ADMIN/Categories/Category/image_input image'

2019-05-20 08:30:26 - [TEST_STEP][PASSED] - waitForElementVisible: Object 'Object Repository/ADMIN/Categories/Category/button_upload check' is visible

2019-05-20 08:30:26 - [MESSAGE][WARNING] - Timeout '0' is invalid. Using default page load timeout: '30'

2019-05-20 08:30:26 - [MESSAGE][PASSED] - Object 'Object Repository/ADMIN/Categories/Category/button_upload check' is visible

2019-05-20 08:30:26 - [TEST_STEP][PASSED] - click: Object: 'Object Repository/ADMIN/Categories/Category/button_upload check' is clicked on

2019-05-20 08:30:26 - [MESSAGE][PASSED] - Object: 'Object Repository/ADMIN/Categories/Category/button_upload check' is clicked on

2019-05-20 08:30:26 - [TEST_STEP][PASSED] - click: Object: 'Object Repository/ADMIN/Categories/Category/button_upload save' is clicked on

2019-05-20 08:30:26 - [MESSAGE][PASSED] - Object: 'Object Repository/ADMIN/Categories/Category/button_upload save' is clicked on

2019-05-20 08:30:26 - [TEST_STEP][PASSED] - waitForElementVisible: Object 'Object Repository/ADMIN/Categories/Category/button_upload save' is visible

2019-05-20 08:30:26 - [MESSAGE][WARNING] - Timeout '0' is invalid. Using default page load timeout: '30'

2019-05-20 08:30:26 - [MESSAGE][PASSED] - Object 'Object Repository/ADMIN/Categories/Category/button_upload save' is visible

2019-05-20 08:30:26 - [TEST_STEP][PASSED] - setText: Text 'Description4' is set on object 'Object Repository/ADMIN/Categories/Category/textfield_category_description'

2019-05-20 08:30:26 - [MESSAGE][PASSED] - Text 'Description4' is set on object 'Object Repository/ADMIN/Categories/Category/textfield_category_description'

2019-05-20 08:30:26 - [TEST_STEP][PASSED] - click: Object: 'Object Repository/ADMIN/Categories/Category/button_Save' is clicked on

2019-05-20 08:30:26 - [MESSAGE][PASSED] - Object: 'Object Repository/ADMIN/Categories/Category/button_Save' is clicked on

2019-05-20 08:30:26 - [TEST_STEP][PASSED] - waitForElementVisible: Object 'Object Repository/ADMIN/Categories/Category/label_edit popup' is visible

2019-05-20 08:30:26 - [MESSAGE][WARNING] - Timeout '0' is invalid. Using default page load timeout: '30'

2019-05-20 08:30:27 - [MESSAGE][PASSED] - Object 'Object Repository/ADMIN/Categories/Category/label_edit popup' is visible

2019-05-20 08:30:27 - [TEST_STEP][PASSED] - waitForElementNotPresent: Web element with id: 'Object Repository/ADMIN/Categories/Category/label_edit popup' located by 'By.xpath: //div[(text() = 'Category was successfully saved.' or . = 'Category was successfully saved.')]' is not present after '30' second(s)

2019-05-20 08:30:27 - [MESSAGE][WARNING] - Timeout '0' is invalid. Using default page load timeout: '30'

2019-05-20 08:30:33 - [MESSAGE][PASSED] - Web element with id: 'Object Repository/ADMIN/Categories/Category/label_edit popup' located by 'By.xpath: //div[(text() = 'Category was successfully saved.' or . = 'Category was successfully saved.')]' is not present after '30' second(s)]]></system-out>
         <system-err><![CDATA[]]></system-err>
      </testcase>
      <testcase name="Test Cases/ADMIN/Content Mgmt/Categories/Category Add-Edit/Add Category" classname="Test Cases/ADMIN/Content Mgmt/Categories/Category Add-Edit/Add Category" status="PASSED">
         <system-out><![CDATA[2019-05-20 08:30:33 - [TEST_CASE][PASSED] - Test Cases/ADMIN/Content Mgmt/Categories/Category Add-Edit/Add Category: Test Cases/ADMIN/Content Mgmt/Categories/Category Add-Edit/Add Category

2019-05-20 08:30:33 - [TEST_STEP][PASSED] - waitForElementVisible: Object 'Object Repository/ADMIN/Categories/Category List/button_Content Mgmt' is visible

2019-05-20 08:30:33 - [MESSAGE][WARNING] - Timeout '0' is invalid. Using default page load timeout: '30'

2019-05-20 08:30:33 - [MESSAGE][PASSED] - Object 'Object Repository/ADMIN/Categories/Category List/button_Content Mgmt' is visible

2019-05-20 08:30:33 - [TEST_STEP][PASSED] - click: Object: 'Object Repository/ADMIN/Categories/Category List/button_Content Mgmt' is clicked on

2019-05-20 08:30:33 - [MESSAGE][PASSED] - Object: 'Object Repository/ADMIN/Categories/Category List/button_Content Mgmt' is clicked on

2019-05-20 08:30:33 - [TEST_STEP][PASSED] - waitForElementVisible: Object 'Object Repository/ADMIN/Categories/Category List/button_Categories' is visible

2019-05-20 08:30:33 - [MESSAGE][WARNING] - Timeout '0' is invalid. Using default page load timeout: '30'

2019-05-20 08:30:33 - [MESSAGE][PASSED] - Object 'Object Repository/ADMIN/Categories/Category List/button_Categories' is visible

2019-05-20 08:30:33 - [TEST_STEP][PASSED] - click: Object: 'Object Repository/ADMIN/Categories/Category List/button_Categories' is clicked on

2019-05-20 08:30:33 - [MESSAGE][PASSED] - Object: 'Object Repository/ADMIN/Categories/Category List/button_Categories' is clicked on

2019-05-20 08:30:33 - [TEST_STEP][PASSED] - waitForPageLoad: Wait for page load successfully

2019-05-20 08:30:33 - [MESSAGE][WARNING] - Timeout '0' is invalid. Using default page load timeout: '30'

2019-05-20 08:30:34 - [MESSAGE][PASSED] - Wait for page load successfully

2019-05-20 08:30:34 - [TEST_STEP][PASSED] - click: Object: 'Object Repository/ADMIN/Categories/Category List/button_Add a Category' is clicked on

2019-05-20 08:30:34 - [MESSAGE][PASSED] - Object: 'Object Repository/ADMIN/Categories/Category List/button_Add a Category' is clicked on

2019-05-20 08:30:34 - [TEST_STEP][PASSED] - waitForElementPresent: Object 'Object Repository/ADMIN/Categories/Category/dropdown_Parent' is present

2019-05-20 08:30:34 - [MESSAGE][PASSED] - Object 'Object Repository/ADMIN/Categories/Category/dropdown_Parent' is present

2019-05-20 08:30:34 - [TEST_STEP][PASSED] - delay: Delayed 1 second(s)

2019-05-20 08:30:35 - [MESSAGE][PASSED] - Delayed 1 second(s)

2019-05-20 08:30:35 - [TEST_STEP][PASSED] - setText: Text 'Category 1.2.1.1' is set on object 'Object Repository/ADMIN/Categories/Category/textfield_Category Name'

2019-05-20 08:30:35 - [MESSAGE][PASSED] - Text 'Category 1.2.1.1' is set on object 'Object Repository/ADMIN/Categories/Category/textfield_Category Name'

2019-05-20 08:30:35 - [TEST_STEP][PASSED] - click: Object: 'Object Repository/ADMIN/Categories/Category/dropdown_Parent' is clicked on

2019-05-20 08:30:35 - [MESSAGE][PASSED] - Object: 'Object Repository/ADMIN/Categories/Category/dropdown_Parent' is clicked on

2019-05-20 08:30:35 - [TEST_STEP][PASSED] - delay: Delayed 2 second(s)

2019-05-20 08:30:37 - [MESSAGE][PASSED] - Delayed 2 second(s)

2019-05-20 08:30:37 - [TEST_STEP][PASSED] - click: Object: 'Object Repository/ADMIN/Categories/Category/dropdown_Parent' is clicked on

2019-05-20 08:30:37 - [MESSAGE][PASSED] - Object: 'Object Repository/ADMIN/Categories/Category/dropdown_Parent' is clicked on

2019-05-20 08:30:37 - [TEST_STEP][PASSED] - selectOptionByLabel: All options with label 'Category 1.2.1' are selected in object 'Object Repository/ADMIN/Categories/Category/dropdown_Parent' 

2019-05-20 08:30:37 - [MESSAGE][PASSED] - All options with label 'Category 1.2.1' are selected in object 'Object Repository/ADMIN/Categories/Category/dropdown_Parent' 

2019-05-20 08:30:37 - [TEST_STEP][PASSED] - click: Object: 'Object Repository/ADMIN/Categories/Category/button_Browse' is clicked on

2019-05-20 08:30:37 - [MESSAGE][PASSED] - Object: 'Object Repository/ADMIN/Categories/Category/button_Browse' is clicked on

2019-05-20 08:30:37 - [TEST_STEP][PASSED] - delay: Delayed 1 second(s)

2019-05-20 08:30:38 - [MESSAGE][PASSED] - Delayed 1 second(s)

2019-05-20 08:30:38 - [TEST_STEP][PASSED] - uploadFile: File 'C:\\Katalon\\Image\\pic4.jpg' sent to object: 'Object Repository/ADMIN/Categories/Category/image_input image'

2019-05-20 08:30:38 - [MESSAGE][PASSED] - File 'C:\\Katalon\\Image\\pic4.jpg' sent to object: 'Object Repository/ADMIN/Categories/Category/image_input image'

2019-05-20 08:30:38 - [TEST_STEP][PASSED] - waitForElementVisible: Object 'Object Repository/ADMIN/Categories/Category/button_upload check' is visible

2019-05-20 08:30:38 - [MESSAGE][WARNING] - Timeout '0' is invalid. Using default page load timeout: '30'

2019-05-20 08:30:38 - [MESSAGE][PASSED] - Object 'Object Repository/ADMIN/Categories/Category/button_upload check' is visible

2019-05-20 08:30:38 - [TEST_STEP][PASSED] - click: Object: 'Object Repository/ADMIN/Categories/Category/button_upload check' is clicked on

2019-05-20 08:30:38 - [MESSAGE][PASSED] - Object: 'Object Repository/ADMIN/Categories/Category/button_upload check' is clicked on

2019-05-20 08:30:38 - [TEST_STEP][PASSED] - click: Object: 'Object Repository/ADMIN/Categories/Category/button_upload save' is clicked on

2019-05-20 08:30:38 - [MESSAGE][PASSED] - Object: 'Object Repository/ADMIN/Categories/Category/button_upload save' is clicked on

2019-05-20 08:30:38 - [TEST_STEP][PASSED] - waitForElementVisible: Object 'Object Repository/ADMIN/Categories/Category/button_upload save' is visible

2019-05-20 08:30:38 - [MESSAGE][WARNING] - Timeout '0' is invalid. Using default page load timeout: '30'

2019-05-20 08:30:38 - [MESSAGE][PASSED] - Object 'Object Repository/ADMIN/Categories/Category/button_upload save' is visible

2019-05-20 08:30:38 - [TEST_STEP][PASSED] - setText: Text 'Description5' is set on object 'Object Repository/ADMIN/Categories/Category/textfield_category_description'

2019-05-20 08:30:39 - [MESSAGE][PASSED] - Text 'Description5' is set on object 'Object Repository/ADMIN/Categories/Category/textfield_category_description'

2019-05-20 08:30:39 - [TEST_STEP][PASSED] - click: Object: 'Object Repository/ADMIN/Categories/Category/button_Save' is clicked on

2019-05-20 08:30:39 - [MESSAGE][PASSED] - Object: 'Object Repository/ADMIN/Categories/Category/button_Save' is clicked on

2019-05-20 08:30:39 - [TEST_STEP][PASSED] - waitForElementVisible: Object 'Object Repository/ADMIN/Categories/Category/label_edit popup' is visible

2019-05-20 08:30:39 - [MESSAGE][WARNING] - Timeout '0' is invalid. Using default page load timeout: '30'

2019-05-20 08:30:40 - [MESSAGE][PASSED] - Object 'Object Repository/ADMIN/Categories/Category/label_edit popup' is visible

2019-05-20 08:30:40 - [TEST_STEP][PASSED] - waitForElementNotPresent: Web element with id: 'Object Repository/ADMIN/Categories/Category/label_edit popup' located by 'By.xpath: //div[(text() = 'Category was successfully saved.' or . = 'Category was successfully saved.')]' is not present after '30' second(s)

2019-05-20 08:30:40 - [MESSAGE][WARNING] - Timeout '0' is invalid. Using default page load timeout: '30'

2019-05-20 08:30:46 - [MESSAGE][PASSED] - Web element with id: 'Object Repository/ADMIN/Categories/Category/label_edit popup' located by 'By.xpath: //div[(text() = 'Category was successfully saved.' or . = 'Category was successfully saved.')]' is not present after '30' second(s)]]></system-out>
         <system-err><![CDATA[]]></system-err>
      </testcase>
      <testcase name="Test Cases/ADMIN/Content Mgmt/Categories/Category Add-Edit/Add Category" classname="Test Cases/ADMIN/Content Mgmt/Categories/Category Add-Edit/Add Category" status="PASSED">
         <system-out><![CDATA[2019-05-20 08:30:46 - [TEST_CASE][PASSED] - Test Cases/ADMIN/Content Mgmt/Categories/Category Add-Edit/Add Category: Test Cases/ADMIN/Content Mgmt/Categories/Category Add-Edit/Add Category

2019-05-20 08:30:46 - [TEST_STEP][PASSED] - waitForElementVisible: Object 'Object Repository/ADMIN/Categories/Category List/button_Content Mgmt' is visible

2019-05-20 08:30:46 - [MESSAGE][WARNING] - Timeout '0' is invalid. Using default page load timeout: '30'

2019-05-20 08:30:46 - [MESSAGE][PASSED] - Object 'Object Repository/ADMIN/Categories/Category List/button_Content Mgmt' is visible

2019-05-20 08:30:46 - [TEST_STEP][PASSED] - click: Object: 'Object Repository/ADMIN/Categories/Category List/button_Content Mgmt' is clicked on

2019-05-20 08:30:46 - [MESSAGE][PASSED] - Object: 'Object Repository/ADMIN/Categories/Category List/button_Content Mgmt' is clicked on

2019-05-20 08:30:46 - [TEST_STEP][PASSED] - waitForElementVisible: Object 'Object Repository/ADMIN/Categories/Category List/button_Categories' is visible

2019-05-20 08:30:46 - [MESSAGE][WARNING] - Timeout '0' is invalid. Using default page load timeout: '30'

2019-05-20 08:30:46 - [MESSAGE][PASSED] - Object 'Object Repository/ADMIN/Categories/Category List/button_Categories' is visible

2019-05-20 08:30:46 - [TEST_STEP][PASSED] - click: Object: 'Object Repository/ADMIN/Categories/Category List/button_Categories' is clicked on

2019-05-20 08:30:48 - [MESSAGE][PASSED] - Object: 'Object Repository/ADMIN/Categories/Category List/button_Categories' is clicked on

2019-05-20 08:30:48 - [TEST_STEP][PASSED] - waitForPageLoad: Wait for page load successfully

2019-05-20 08:30:48 - [MESSAGE][WARNING] - Timeout '0' is invalid. Using default page load timeout: '30'

2019-05-20 08:30:48 - [MESSAGE][PASSED] - Wait for page load successfully

2019-05-20 08:30:48 - [TEST_STEP][PASSED] - click: Object: 'Object Repository/ADMIN/Categories/Category List/button_Add a Category' is clicked on

2019-05-20 08:30:48 - [MESSAGE][PASSED] - Object: 'Object Repository/ADMIN/Categories/Category List/button_Add a Category' is clicked on

2019-05-20 08:30:48 - [TEST_STEP][PASSED] - waitForElementPresent: Object 'Object Repository/ADMIN/Categories/Category/dropdown_Parent' is present

2019-05-20 08:30:48 - [MESSAGE][PASSED] - Object 'Object Repository/ADMIN/Categories/Category/dropdown_Parent' is present

2019-05-20 08:30:48 - [TEST_STEP][PASSED] - delay: Delayed 1 second(s)

2019-05-20 08:30:49 - [MESSAGE][PASSED] - Delayed 1 second(s)

2019-05-20 08:30:49 - [TEST_STEP][PASSED] - setText: Text 'Category 1.2.2' is set on object 'Object Repository/ADMIN/Categories/Category/textfield_Category Name'

2019-05-20 08:30:49 - [MESSAGE][PASSED] - Text 'Category 1.2.2' is set on object 'Object Repository/ADMIN/Categories/Category/textfield_Category Name'

2019-05-20 08:30:49 - [TEST_STEP][PASSED] - click: Object: 'Object Repository/ADMIN/Categories/Category/dropdown_Parent' is clicked on

2019-05-20 08:30:49 - [MESSAGE][PASSED] - Object: 'Object Repository/ADMIN/Categories/Category/dropdown_Parent' is clicked on

2019-05-20 08:30:49 - [TEST_STEP][PASSED] - delay: Delayed 2 second(s)

2019-05-20 08:30:51 - [MESSAGE][PASSED] - Delayed 2 second(s)

2019-05-20 08:30:51 - [TEST_STEP][PASSED] - click: Object: 'Object Repository/ADMIN/Categories/Category/dropdown_Parent' is clicked on

2019-05-20 08:30:51 - [MESSAGE][PASSED] - Object: 'Object Repository/ADMIN/Categories/Category/dropdown_Parent' is clicked on

2019-05-20 08:30:51 - [TEST_STEP][PASSED] - selectOptionByLabel: All options with label 'Category 1.2' are selected in object 'Object Repository/ADMIN/Categories/Category/dropdown_Parent' 

2019-05-20 08:30:52 - [MESSAGE][PASSED] - All options with label 'Category 1.2' are selected in object 'Object Repository/ADMIN/Categories/Category/dropdown_Parent' 

2019-05-20 08:30:52 - [TEST_STEP][PASSED] - click: Object: 'Object Repository/ADMIN/Categories/Category/button_Browse' is clicked on

2019-05-20 08:30:52 - [MESSAGE][PASSED] - Object: 'Object Repository/ADMIN/Categories/Category/button_Browse' is clicked on

2019-05-20 08:30:52 - [TEST_STEP][PASSED] - delay: Delayed 1 second(s)

2019-05-20 08:30:53 - [MESSAGE][PASSED] - Delayed 1 second(s)

2019-05-20 08:30:53 - [TEST_STEP][PASSED] - uploadFile: File 'C:\\Katalon\\Image\\pic5.jpg' sent to object: 'Object Repository/ADMIN/Categories/Category/image_input image'

2019-05-20 08:30:53 - [MESSAGE][PASSED] - File 'C:\\Katalon\\Image\\pic5.jpg' sent to object: 'Object Repository/ADMIN/Categories/Category/image_input image'

2019-05-20 08:30:53 - [TEST_STEP][PASSED] - waitForElementVisible: Object 'Object Repository/ADMIN/Categories/Category/button_upload check' is visible

2019-05-20 08:30:53 - [MESSAGE][WARNING] - Timeout '0' is invalid. Using default page load timeout: '30'

2019-05-20 08:30:53 - [MESSAGE][PASSED] - Object 'Object Repository/ADMIN/Categories/Category/button_upload check' is visible

2019-05-20 08:30:53 - [TEST_STEP][PASSED] - click: Object: 'Object Repository/ADMIN/Categories/Category/button_upload check' is clicked on

2019-05-20 08:30:53 - [MESSAGE][PASSED] - Object: 'Object Repository/ADMIN/Categories/Category/button_upload check' is clicked on

2019-05-20 08:30:53 - [TEST_STEP][PASSED] - click: Object: 'Object Repository/ADMIN/Categories/Category/button_upload save' is clicked on

2019-05-20 08:30:53 - [MESSAGE][PASSED] - Object: 'Object Repository/ADMIN/Categories/Category/button_upload save' is clicked on

2019-05-20 08:30:53 - [TEST_STEP][PASSED] - waitForElementVisible: Object 'Object Repository/ADMIN/Categories/Category/button_upload save' is visible

2019-05-20 08:30:53 - [MESSAGE][WARNING] - Timeout '0' is invalid. Using default page load timeout: '30'

2019-05-20 08:30:53 - [MESSAGE][PASSED] - Object 'Object Repository/ADMIN/Categories/Category/button_upload save' is visible

2019-05-20 08:30:53 - [TEST_STEP][PASSED] - setText: Text 'Description6' is set on object 'Object Repository/ADMIN/Categories/Category/textfield_category_description'

2019-05-20 08:30:53 - [MESSAGE][PASSED] - Text 'Description6' is set on object 'Object Repository/ADMIN/Categories/Category/textfield_category_description'

2019-05-20 08:30:53 - [TEST_STEP][PASSED] - click: Object: 'Object Repository/ADMIN/Categories/Category/button_Save' is clicked on

2019-05-20 08:30:53 - [MESSAGE][PASSED] - Object: 'Object Repository/ADMIN/Categories/Category/button_Save' is clicked on

2019-05-20 08:30:53 - [TEST_STEP][PASSED] - waitForElementVisible: Object 'Object Repository/ADMIN/Categories/Category/label_edit popup' is visible

2019-05-20 08:30:53 - [MESSAGE][WARNING] - Timeout '0' is invalid. Using default page load timeout: '30'

2019-05-20 08:30:56 - [MESSAGE][PASSED] - Object 'Object Repository/ADMIN/Categories/Category/label_edit popup' is visible

2019-05-20 08:30:56 - [TEST_STEP][PASSED] - waitForElementNotPresent: Web element with id: 'Object Repository/ADMIN/Categories/Category/label_edit popup' located by 'By.xpath: //div[(text() = 'Category was successfully saved.' or . = 'Category was successfully saved.')]' is not present after '30' second(s)

2019-05-20 08:30:56 - [MESSAGE][WARNING] - Timeout '0' is invalid. Using default page load timeout: '30'

2019-05-20 08:31:02 - [MESSAGE][PASSED] - Web element with id: 'Object Repository/ADMIN/Categories/Category/label_edit popup' located by 'By.xpath: //div[(text() = 'Category was successfully saved.' or . = 'Category was successfully saved.')]' is not present after '30' second(s)]]></system-out>
         <system-err><![CDATA[]]></system-err>
      </testcase>
      <testcase name="Test Cases/ADMIN/Content Mgmt/Categories/Category Add-Edit/Add Category" classname="Test Cases/ADMIN/Content Mgmt/Categories/Category Add-Edit/Add Category" status="PASSED">
         <system-out><![CDATA[2019-05-20 08:31:02 - [TEST_CASE][PASSED] - Test Cases/ADMIN/Content Mgmt/Categories/Category Add-Edit/Add Category: Test Cases/ADMIN/Content Mgmt/Categories/Category Add-Edit/Add Category

2019-05-20 08:31:02 - [TEST_STEP][PASSED] - waitForElementVisible: Object 'Object Repository/ADMIN/Categories/Category List/button_Content Mgmt' is visible

2019-05-20 08:31:02 - [MESSAGE][WARNING] - Timeout '0' is invalid. Using default page load timeout: '30'

2019-05-20 08:31:02 - [MESSAGE][PASSED] - Object 'Object Repository/ADMIN/Categories/Category List/button_Content Mgmt' is visible

2019-05-20 08:31:02 - [TEST_STEP][PASSED] - click: Object: 'Object Repository/ADMIN/Categories/Category List/button_Content Mgmt' is clicked on

2019-05-20 08:31:02 - [MESSAGE][PASSED] - Object: 'Object Repository/ADMIN/Categories/Category List/button_Content Mgmt' is clicked on

2019-05-20 08:31:02 - [TEST_STEP][PASSED] - waitForElementVisible: Object 'Object Repository/ADMIN/Categories/Category List/button_Categories' is visible

2019-05-20 08:31:02 - [MESSAGE][WARNING] - Timeout '0' is invalid. Using default page load timeout: '30'

2019-05-20 08:31:02 - [MESSAGE][PASSED] - Object 'Object Repository/ADMIN/Categories/Category List/button_Categories' is visible

2019-05-20 08:31:02 - [TEST_STEP][PASSED] - click: Object: 'Object Repository/ADMIN/Categories/Category List/button_Categories' is clicked on

2019-05-20 08:31:02 - [MESSAGE][PASSED] - Object: 'Object Repository/ADMIN/Categories/Category List/button_Categories' is clicked on

2019-05-20 08:31:02 - [TEST_STEP][PASSED] - waitForPageLoad: Wait for page load successfully

2019-05-20 08:31:02 - [MESSAGE][WARNING] - Timeout '0' is invalid. Using default page load timeout: '30'

2019-05-20 08:31:02 - [MESSAGE][PASSED] - Wait for page load successfully

2019-05-20 08:31:02 - [TEST_STEP][PASSED] - click: Object: 'Object Repository/ADMIN/Categories/Category List/button_Add a Category' is clicked on

2019-05-20 08:31:03 - [MESSAGE][PASSED] - Object: 'Object Repository/ADMIN/Categories/Category List/button_Add a Category' is clicked on

2019-05-20 08:31:03 - [TEST_STEP][PASSED] - waitForElementPresent: Object 'Object Repository/ADMIN/Categories/Category/dropdown_Parent' is present

2019-05-20 08:31:03 - [MESSAGE][PASSED] - Object 'Object Repository/ADMIN/Categories/Category/dropdown_Parent' is present

2019-05-20 08:31:03 - [TEST_STEP][PASSED] - delay: Delayed 1 second(s)

2019-05-20 08:31:04 - [MESSAGE][PASSED] - Delayed 1 second(s)

2019-05-20 08:31:04 - [TEST_STEP][PASSED] - setText: Text 'Category 1.3' is set on object 'Object Repository/ADMIN/Categories/Category/textfield_Category Name'

2019-05-20 08:31:04 - [MESSAGE][PASSED] - Text 'Category 1.3' is set on object 'Object Repository/ADMIN/Categories/Category/textfield_Category Name'

2019-05-20 08:31:04 - [TEST_STEP][PASSED] - click: Object: 'Object Repository/ADMIN/Categories/Category/dropdown_Parent' is clicked on

2019-05-20 08:31:04 - [MESSAGE][PASSED] - Object: 'Object Repository/ADMIN/Categories/Category/dropdown_Parent' is clicked on

2019-05-20 08:31:04 - [TEST_STEP][PASSED] - delay: Delayed 2 second(s)

2019-05-20 08:31:06 - [MESSAGE][PASSED] - Delayed 2 second(s)

2019-05-20 08:31:06 - [TEST_STEP][PASSED] - click: Object: 'Object Repository/ADMIN/Categories/Category/dropdown_Parent' is clicked on

2019-05-20 08:31:06 - [MESSAGE][PASSED] - Object: 'Object Repository/ADMIN/Categories/Category/dropdown_Parent' is clicked on

2019-05-20 08:31:06 - [TEST_STEP][PASSED] - selectOptionByLabel: All options with label 'Category 1' are selected in object 'Object Repository/ADMIN/Categories/Category/dropdown_Parent' 

2019-05-20 08:31:07 - [MESSAGE][PASSED] - All options with label 'Category 1' are selected in object 'Object Repository/ADMIN/Categories/Category/dropdown_Parent' 

2019-05-20 08:31:07 - [TEST_STEP][PASSED] - click: Object: 'Object Repository/ADMIN/Categories/Category/button_Browse' is clicked on

2019-05-20 08:31:07 - [MESSAGE][PASSED] - Object: 'Object Repository/ADMIN/Categories/Category/button_Browse' is clicked on

2019-05-20 08:31:07 - [TEST_STEP][PASSED] - delay: Delayed 1 second(s)

2019-05-20 08:31:08 - [MESSAGE][PASSED] - Delayed 1 second(s)

2019-05-20 08:31:08 - [TEST_STEP][PASSED] - uploadFile: File 'C:\\Katalon\\Image\\pic6.jpg' sent to object: 'Object Repository/ADMIN/Categories/Category/image_input image'

2019-05-20 08:31:08 - [MESSAGE][PASSED] - File 'C:\\Katalon\\Image\\pic6.jpg' sent to object: 'Object Repository/ADMIN/Categories/Category/image_input image'

2019-05-20 08:31:08 - [TEST_STEP][PASSED] - waitForElementVisible: Object 'Object Repository/ADMIN/Categories/Category/button_upload check' is visible

2019-05-20 08:31:08 - [MESSAGE][WARNING] - Timeout '0' is invalid. Using default page load timeout: '30'

2019-05-20 08:31:08 - [MESSAGE][PASSED] - Object 'Object Repository/ADMIN/Categories/Category/button_upload check' is visible

2019-05-20 08:31:08 - [TEST_STEP][PASSED] - click: Object: 'Object Repository/ADMIN/Categories/Category/button_upload check' is clicked on

2019-05-20 08:31:08 - [MESSAGE][PASSED] - Object: 'Object Repository/ADMIN/Categories/Category/button_upload check' is clicked on

2019-05-20 08:31:08 - [TEST_STEP][PASSED] - click: Object: 'Object Repository/ADMIN/Categories/Category/button_upload save' is clicked on

2019-05-20 08:31:08 - [MESSAGE][PASSED] - Object: 'Object Repository/ADMIN/Categories/Category/button_upload save' is clicked on

2019-05-20 08:31:08 - [TEST_STEP][PASSED] - waitForElementVisible: Object 'Object Repository/ADMIN/Categories/Category/button_upload save' is visible

2019-05-20 08:31:08 - [MESSAGE][WARNING] - Timeout '0' is invalid. Using default page load timeout: '30'

2019-05-20 08:31:08 - [MESSAGE][PASSED] - Object 'Object Repository/ADMIN/Categories/Category/button_upload save' is visible

2019-05-20 08:31:08 - [TEST_STEP][PASSED] - setText: Text 'Description7' is set on object 'Object Repository/ADMIN/Categories/Category/textfield_category_description'

2019-05-20 08:31:08 - [MESSAGE][PASSED] - Text 'Description7' is set on object 'Object Repository/ADMIN/Categories/Category/textfield_category_description'

2019-05-20 08:31:08 - [TEST_STEP][PASSED] - click: Object: 'Object Repository/ADMIN/Categories/Category/button_Save' is clicked on

2019-05-20 08:31:08 - [MESSAGE][PASSED] - Object: 'Object Repository/ADMIN/Categories/Category/button_Save' is clicked on

2019-05-20 08:31:08 - [TEST_STEP][PASSED] - waitForElementVisible: Object 'Object Repository/ADMIN/Categories/Category/label_edit popup' is visible

2019-05-20 08:31:08 - [MESSAGE][WARNING] - Timeout '0' is invalid. Using default page load timeout: '30'

2019-05-20 08:31:09 - [MESSAGE][PASSED] - Object 'Object Repository/ADMIN/Categories/Category/label_edit popup' is visible

2019-05-20 08:31:09 - [TEST_STEP][PASSED] - waitForElementNotPresent: Web element with id: 'Object Repository/ADMIN/Categories/Category/label_edit popup' located by 'By.xpath: //div[(text() = 'Category was successfully saved.' or . = 'Category was successfully saved.')]' is not present after '30' second(s)

2019-05-20 08:31:09 - [MESSAGE][WARNING] - Timeout '0' is invalid. Using default page load timeout: '30'

2019-05-20 08:31:15 - [MESSAGE][PASSED] - Web element with id: 'Object Repository/ADMIN/Categories/Category/label_edit popup' located by 'By.xpath: //div[(text() = 'Category was successfully saved.' or . = 'Category was successfully saved.')]' is not present after '30' second(s)]]></system-out>
         <system-err><![CDATA[]]></system-err>
      </testcase>
      <testcase name="Test Cases/ADMIN/Content Mgmt/Categories/Category Add-Edit/Add Category" classname="Test Cases/ADMIN/Content Mgmt/Categories/Category Add-Edit/Add Category" status="PASSED">
         <system-out><![CDATA[2019-05-20 08:31:15 - [TEST_CASE][PASSED] - Test Cases/ADMIN/Content Mgmt/Categories/Category Add-Edit/Add Category: Test Cases/ADMIN/Content Mgmt/Categories/Category Add-Edit/Add Category

2019-05-20 08:31:15 - [TEST_STEP][PASSED] - waitForElementVisible: Object 'Object Repository/ADMIN/Categories/Category List/button_Content Mgmt' is visible

2019-05-20 08:31:15 - [MESSAGE][WARNING] - Timeout '0' is invalid. Using default page load timeout: '30'

2019-05-20 08:31:15 - [MESSAGE][PASSED] - Object 'Object Repository/ADMIN/Categories/Category List/button_Content Mgmt' is visible

2019-05-20 08:31:15 - [TEST_STEP][PASSED] - click: Object: 'Object Repository/ADMIN/Categories/Category List/button_Content Mgmt' is clicked on

2019-05-20 08:31:15 - [MESSAGE][PASSED] - Object: 'Object Repository/ADMIN/Categories/Category List/button_Content Mgmt' is clicked on

2019-05-20 08:31:15 - [TEST_STEP][PASSED] - waitForElementVisible: Object 'Object Repository/ADMIN/Categories/Category List/button_Categories' is visible

2019-05-20 08:31:15 - [MESSAGE][WARNING] - Timeout '0' is invalid. Using default page load timeout: '30'

2019-05-20 08:31:16 - [MESSAGE][PASSED] - Object 'Object Repository/ADMIN/Categories/Category List/button_Categories' is visible

2019-05-20 08:31:16 - [TEST_STEP][PASSED] - click: Object: 'Object Repository/ADMIN/Categories/Category List/button_Categories' is clicked on

2019-05-20 08:31:17 - [MESSAGE][PASSED] - Object: 'Object Repository/ADMIN/Categories/Category List/button_Categories' is clicked on

2019-05-20 08:31:17 - [TEST_STEP][PASSED] - waitForPageLoad: Wait for page load successfully

2019-05-20 08:31:17 - [MESSAGE][WARNING] - Timeout '0' is invalid. Using default page load timeout: '30'

2019-05-20 08:31:17 - [MESSAGE][PASSED] - Wait for page load successfully

2019-05-20 08:31:17 - [TEST_STEP][PASSED] - click: Object: 'Object Repository/ADMIN/Categories/Category List/button_Add a Category' is clicked on

2019-05-20 08:31:17 - [MESSAGE][PASSED] - Object: 'Object Repository/ADMIN/Categories/Category List/button_Add a Category' is clicked on

2019-05-20 08:31:17 - [TEST_STEP][PASSED] - waitForElementPresent: Object 'Object Repository/ADMIN/Categories/Category/dropdown_Parent' is present

2019-05-20 08:31:17 - [MESSAGE][PASSED] - Object 'Object Repository/ADMIN/Categories/Category/dropdown_Parent' is present

2019-05-20 08:31:17 - [TEST_STEP][PASSED] - delay: Delayed 1 second(s)

2019-05-20 08:31:18 - [MESSAGE][PASSED] - Delayed 1 second(s)

2019-05-20 08:31:18 - [TEST_STEP][PASSED] - setText: Text 'Category 1.3.1' is set on object 'Object Repository/ADMIN/Categories/Category/textfield_Category Name'

2019-05-20 08:31:19 - [MESSAGE][PASSED] - Text 'Category 1.3.1' is set on object 'Object Repository/ADMIN/Categories/Category/textfield_Category Name'

2019-05-20 08:31:19 - [TEST_STEP][PASSED] - click: Object: 'Object Repository/ADMIN/Categories/Category/dropdown_Parent' is clicked on

2019-05-20 08:31:19 - [MESSAGE][PASSED] - Object: 'Object Repository/ADMIN/Categories/Category/dropdown_Parent' is clicked on

2019-05-20 08:31:19 - [TEST_STEP][PASSED] - delay: Delayed 2 second(s)

2019-05-20 08:31:21 - [MESSAGE][PASSED] - Delayed 2 second(s)

2019-05-20 08:31:21 - [TEST_STEP][PASSED] - click: Object: 'Object Repository/ADMIN/Categories/Category/dropdown_Parent' is clicked on

2019-05-20 08:31:21 - [MESSAGE][PASSED] - Object: 'Object Repository/ADMIN/Categories/Category/dropdown_Parent' is clicked on

2019-05-20 08:31:21 - [TEST_STEP][PASSED] - selectOptionByLabel: All options with label 'Category 1.3' are selected in object 'Object Repository/ADMIN/Categories/Category/dropdown_Parent' 

2019-05-20 08:31:21 - [MESSAGE][PASSED] - All options with label 'Category 1.3' are selected in object 'Object Repository/ADMIN/Categories/Category/dropdown_Parent' 

2019-05-20 08:31:21 - [TEST_STEP][PASSED] - click: Object: 'Object Repository/ADMIN/Categories/Category/button_Browse' is clicked on

2019-05-20 08:31:21 - [MESSAGE][PASSED] - Object: 'Object Repository/ADMIN/Categories/Category/button_Browse' is clicked on

2019-05-20 08:31:21 - [TEST_STEP][PASSED] - delay: Delayed 1 second(s)

2019-05-20 08:31:22 - [MESSAGE][PASSED] - Delayed 1 second(s)

2019-05-20 08:31:22 - [TEST_STEP][PASSED] - uploadFile: File 'C:\\Katalon\\Image\\pic7.jpg' sent to object: 'Object Repository/ADMIN/Categories/Category/image_input image'

2019-05-20 08:31:23 - [MESSAGE][PASSED] - File 'C:\\Katalon\\Image\\pic7.jpg' sent to object: 'Object Repository/ADMIN/Categories/Category/image_input image'

2019-05-20 08:31:23 - [TEST_STEP][PASSED] - waitForElementVisible: Object 'Object Repository/ADMIN/Categories/Category/button_upload check' is visible

2019-05-20 08:31:23 - [MESSAGE][WARNING] - Timeout '0' is invalid. Using default page load timeout: '30'

2019-05-20 08:31:23 - [MESSAGE][PASSED] - Object 'Object Repository/ADMIN/Categories/Category/button_upload check' is visible

2019-05-20 08:31:23 - [TEST_STEP][PASSED] - click: Object: 'Object Repository/ADMIN/Categories/Category/button_upload check' is clicked on

2019-05-20 08:31:23 - [MESSAGE][PASSED] - Object: 'Object Repository/ADMIN/Categories/Category/button_upload check' is clicked on

2019-05-20 08:31:23 - [TEST_STEP][PASSED] - click: Object: 'Object Repository/ADMIN/Categories/Category/button_upload save' is clicked on

2019-05-20 08:31:23 - [MESSAGE][PASSED] - Object: 'Object Repository/ADMIN/Categories/Category/button_upload save' is clicked on

2019-05-20 08:31:23 - [TEST_STEP][PASSED] - waitForElementVisible: Object 'Object Repository/ADMIN/Categories/Category/button_upload save' is visible

2019-05-20 08:31:23 - [MESSAGE][WARNING] - Timeout '0' is invalid. Using default page load timeout: '30'

2019-05-20 08:31:23 - [MESSAGE][PASSED] - Object 'Object Repository/ADMIN/Categories/Category/button_upload save' is visible

2019-05-20 08:31:23 - [TEST_STEP][PASSED] - setText: Text 'Description8' is set on object 'Object Repository/ADMIN/Categories/Category/textfield_category_description'

2019-05-20 08:31:24 - [MESSAGE][PASSED] - Text 'Description8' is set on object 'Object Repository/ADMIN/Categories/Category/textfield_category_description'

2019-05-20 08:31:24 - [TEST_STEP][PASSED] - click: Object: 'Object Repository/ADMIN/Categories/Category/button_Save' is clicked on

2019-05-20 08:31:24 - [MESSAGE][PASSED] - Object: 'Object Repository/ADMIN/Categories/Category/button_Save' is clicked on

2019-05-20 08:31:24 - [TEST_STEP][PASSED] - waitForElementVisible: Object 'Object Repository/ADMIN/Categories/Category/label_edit popup' is visible

2019-05-20 08:31:24 - [MESSAGE][WARNING] - Timeout '0' is invalid. Using default page load timeout: '30'

2019-05-20 08:31:24 - [MESSAGE][PASSED] - Object 'Object Repository/ADMIN/Categories/Category/label_edit popup' is visible

2019-05-20 08:31:24 - [TEST_STEP][PASSED] - waitForElementNotPresent: Web element with id: 'Object Repository/ADMIN/Categories/Category/label_edit popup' located by 'By.xpath: //div[(text() = 'Category was successfully saved.' or . = 'Category was successfully saved.')]' is not present after '30' second(s)

2019-05-20 08:31:24 - [MESSAGE][WARNING] - Timeout '0' is invalid. Using default page load timeout: '30'

2019-05-20 08:31:30 - [MESSAGE][PASSED] - Web element with id: 'Object Repository/ADMIN/Categories/Category/label_edit popup' located by 'By.xpath: //div[(text() = 'Category was successfully saved.' or . = 'Category was successfully saved.')]' is not present after '30' second(s)]]></system-out>
         <system-err><![CDATA[]]></system-err>
      </testcase>
      <testcase name="Test Cases/ADMIN/Content Mgmt/Categories/Category Add-Edit/Add Category" classname="Test Cases/ADMIN/Content Mgmt/Categories/Category Add-Edit/Add Category" status="PASSED">
         <system-out><![CDATA[2019-05-20 08:31:30 - [TEST_CASE][PASSED] - Test Cases/ADMIN/Content Mgmt/Categories/Category Add-Edit/Add Category: Test Cases/ADMIN/Content Mgmt/Categories/Category Add-Edit/Add Category

2019-05-20 08:31:30 - [TEST_STEP][PASSED] - waitForElementVisible: Object 'Object Repository/ADMIN/Categories/Category List/button_Content Mgmt' is visible

2019-05-20 08:31:30 - [MESSAGE][WARNING] - Timeout '0' is invalid. Using default page load timeout: '30'

2019-05-20 08:31:30 - [MESSAGE][PASSED] - Object 'Object Repository/ADMIN/Categories/Category List/button_Content Mgmt' is visible

2019-05-20 08:31:30 - [TEST_STEP][PASSED] - click: Object: 'Object Repository/ADMIN/Categories/Category List/button_Content Mgmt' is clicked on

2019-05-20 08:31:31 - [MESSAGE][PASSED] - Object: 'Object Repository/ADMIN/Categories/Category List/button_Content Mgmt' is clicked on

2019-05-20 08:31:31 - [TEST_STEP][PASSED] - waitForElementVisible: Object 'Object Repository/ADMIN/Categories/Category List/button_Categories' is visible

2019-05-20 08:31:31 - [MESSAGE][WARNING] - Timeout '0' is invalid. Using default page load timeout: '30'

2019-05-20 08:31:31 - [MESSAGE][PASSED] - Object 'Object Repository/ADMIN/Categories/Category List/button_Categories' is visible

2019-05-20 08:31:31 - [TEST_STEP][PASSED] - click: Object: 'Object Repository/ADMIN/Categories/Category List/button_Categories' is clicked on

2019-05-20 08:31:31 - [MESSAGE][PASSED] - Object: 'Object Repository/ADMIN/Categories/Category List/button_Categories' is clicked on

2019-05-20 08:31:31 - [TEST_STEP][PASSED] - waitForPageLoad: Wait for page load successfully

2019-05-20 08:31:31 - [MESSAGE][WARNING] - Timeout '0' is invalid. Using default page load timeout: '30'

2019-05-20 08:31:31 - [MESSAGE][PASSED] - Wait for page load successfully

2019-05-20 08:31:31 - [TEST_STEP][PASSED] - click: Object: 'Object Repository/ADMIN/Categories/Category List/button_Add a Category' is clicked on

2019-05-20 08:31:31 - [MESSAGE][PASSED] - Object: 'Object Repository/ADMIN/Categories/Category List/button_Add a Category' is clicked on

2019-05-20 08:31:31 - [TEST_STEP][PASSED] - waitForElementPresent: Object 'Object Repository/ADMIN/Categories/Category/dropdown_Parent' is present

2019-05-20 08:31:31 - [MESSAGE][PASSED] - Object 'Object Repository/ADMIN/Categories/Category/dropdown_Parent' is present

2019-05-20 08:31:31 - [TEST_STEP][PASSED] - delay: Delayed 1 second(s)

2019-05-20 08:31:32 - [MESSAGE][PASSED] - Delayed 1 second(s)

2019-05-20 08:31:32 - [TEST_STEP][PASSED] - setText: Text 'Category 1.3.2' is set on object 'Object Repository/ADMIN/Categories/Category/textfield_Category Name'

2019-05-20 08:31:32 - [MESSAGE][PASSED] - Text 'Category 1.3.2' is set on object 'Object Repository/ADMIN/Categories/Category/textfield_Category Name'

2019-05-20 08:31:32 - [TEST_STEP][PASSED] - click: Object: 'Object Repository/ADMIN/Categories/Category/dropdown_Parent' is clicked on

2019-05-20 08:31:33 - [MESSAGE][PASSED] - Object: 'Object Repository/ADMIN/Categories/Category/dropdown_Parent' is clicked on

2019-05-20 08:31:33 - [TEST_STEP][PASSED] - delay: Delayed 2 second(s)

2019-05-20 08:31:35 - [MESSAGE][PASSED] - Delayed 2 second(s)

2019-05-20 08:31:35 - [TEST_STEP][PASSED] - click: Object: 'Object Repository/ADMIN/Categories/Category/dropdown_Parent' is clicked on

2019-05-20 08:31:35 - [MESSAGE][PASSED] - Object: 'Object Repository/ADMIN/Categories/Category/dropdown_Parent' is clicked on

2019-05-20 08:31:35 - [TEST_STEP][PASSED] - selectOptionByLabel: All options with label 'Category 1.3' are selected in object 'Object Repository/ADMIN/Categories/Category/dropdown_Parent' 

2019-05-20 08:31:35 - [MESSAGE][PASSED] - All options with label 'Category 1.3' are selected in object 'Object Repository/ADMIN/Categories/Category/dropdown_Parent' 

2019-05-20 08:31:35 - [TEST_STEP][PASSED] - click: Object: 'Object Repository/ADMIN/Categories/Category/button_Browse' is clicked on

2019-05-20 08:31:35 - [MESSAGE][PASSED] - Object: 'Object Repository/ADMIN/Categories/Category/button_Browse' is clicked on

2019-05-20 08:31:35 - [TEST_STEP][PASSED] - delay: Delayed 1 second(s)

2019-05-20 08:31:36 - [MESSAGE][PASSED] - Delayed 1 second(s)

2019-05-20 08:31:36 - [TEST_STEP][PASSED] - uploadFile: File 'C:\\Katalon\\Image\\pic8.jpg' sent to object: 'Object Repository/ADMIN/Categories/Category/image_input image'

2019-05-20 08:31:36 - [MESSAGE][PASSED] - File 'C:\\Katalon\\Image\\pic8.jpg' sent to object: 'Object Repository/ADMIN/Categories/Category/image_input image'

2019-05-20 08:31:36 - [TEST_STEP][PASSED] - waitForElementVisible: Object 'Object Repository/ADMIN/Categories/Category/button_upload check' is visible

2019-05-20 08:31:36 - [MESSAGE][WARNING] - Timeout '0' is invalid. Using default page load timeout: '30'

2019-05-20 08:31:36 - [MESSAGE][PASSED] - Object 'Object Repository/ADMIN/Categories/Category/button_upload check' is visible

2019-05-20 08:31:36 - [TEST_STEP][PASSED] - click: Object: 'Object Repository/ADMIN/Categories/Category/button_upload check' is clicked on

2019-05-20 08:31:36 - [MESSAGE][PASSED] - Object: 'Object Repository/ADMIN/Categories/Category/button_upload check' is clicked on

2019-05-20 08:31:36 - [TEST_STEP][PASSED] - click: Object: 'Object Repository/ADMIN/Categories/Category/button_upload save' is clicked on

2019-05-20 08:31:36 - [MESSAGE][PASSED] - Object: 'Object Repository/ADMIN/Categories/Category/button_upload save' is clicked on

2019-05-20 08:31:36 - [TEST_STEP][PASSED] - waitForElementVisible: Object 'Object Repository/ADMIN/Categories/Category/button_upload save' is visible

2019-05-20 08:31:36 - [MESSAGE][WARNING] - Timeout '0' is invalid. Using default page load timeout: '30'

2019-05-20 08:31:36 - [MESSAGE][PASSED] - Object 'Object Repository/ADMIN/Categories/Category/button_upload save' is visible

2019-05-20 08:31:36 - [TEST_STEP][PASSED] - setText: Text 'Description9' is set on object 'Object Repository/ADMIN/Categories/Category/textfield_category_description'

2019-05-20 08:31:37 - [MESSAGE][PASSED] - Text 'Description9' is set on object 'Object Repository/ADMIN/Categories/Category/textfield_category_description'

2019-05-20 08:31:37 - [TEST_STEP][PASSED] - click: Object: 'Object Repository/ADMIN/Categories/Category/button_Save' is clicked on

2019-05-20 08:31:37 - [MESSAGE][PASSED] - Object: 'Object Repository/ADMIN/Categories/Category/button_Save' is clicked on

2019-05-20 08:31:37 - [TEST_STEP][PASSED] - waitForElementVisible: Object 'Object Repository/ADMIN/Categories/Category/label_edit popup' is visible

2019-05-20 08:31:37 - [MESSAGE][WARNING] - Timeout '0' is invalid. Using default page load timeout: '30'

2019-05-20 08:31:37 - [MESSAGE][PASSED] - Object 'Object Repository/ADMIN/Categories/Category/label_edit popup' is visible

2019-05-20 08:31:37 - [TEST_STEP][PASSED] - waitForElementNotPresent: Web element with id: 'Object Repository/ADMIN/Categories/Category/label_edit popup' located by 'By.xpath: //div[(text() = 'Category was successfully saved.' or . = 'Category was successfully saved.')]' is not present after '30' second(s)

2019-05-20 08:31:37 - [MESSAGE][WARNING] - Timeout '0' is invalid. Using default page load timeout: '30'

2019-05-20 08:31:44 - [MESSAGE][PASSED] - Web element with id: 'Object Repository/ADMIN/Categories/Category/label_edit popup' located by 'By.xpath: //div[(text() = 'Category was successfully saved.' or . = 'Category was successfully saved.')]' is not present after '30' second(s)]]></system-out>
         <system-err><![CDATA[]]></system-err>
      </testcase>
      <testcase name="Test Cases/ADMIN/Content Mgmt/Categories/Category Add-Edit/Add Category" classname="Test Cases/ADMIN/Content Mgmt/Categories/Category Add-Edit/Add Category" status="FAILED">
         <failure type="FAILED" message="Unable to click on object 'Object Repository/ADMIN/Categories/Category List/button_Categories' (Root cause: org.openqa.selenium.ElementNotVisibleException: element not visible
  (Session info: chrome=74.0.3729.157)
  (Driver info: chromedriver=2.35.528161 (5b82f2d2aae0ca24b877009200ced9065a772e73),platform=Windows NT 6.1.7601 SP1 x86_64) (WARNING: The server did not provide any stacktrace information)
Command duration or timeout: 0 milliseconds
Build info: version: '3.7.1', revision: '8a0099a', time: '2017-11-06T21:07:36.161Z'
System info: host: 'ARCADIER-PC', ip: '10.10.31.95', os.name: 'Windows 7', os.arch: 'amd64', os.version: '6.1', java.version: '1.8.0_102'
Driver info: com.kms.katalon.core.webui.driver.ExistingRemoteWebDriver
Capabilities {javascriptEnabled: true, platform: ANY, platformName: ANY}
Session ID: 2609dc86013a09d8daebbf33ac0c67a9)"/>
         <system-out><![CDATA[2019-05-20 08:31:44 - [TEST_CASE][FAILED] - Test Cases/ADMIN/Content Mgmt/Categories/Category Add-Edit/Add Category: Test Cases/ADMIN/Content Mgmt/Categories/Category Add-Edit/Add Category FAILED because (of) Unable to click on object 'Object Repository/ADMIN/Categories/Category List/button_Categories' (Root cause: org.openqa.selenium.ElementNotVisibleException: element not visible
  (Session info: chrome=74.0.3729.157)
  (Driver info: chromedriver=2.35.528161 (5b82f2d2aae0ca24b877009200ced9065a772e73),platform=Windows NT 6.1.7601 SP1 x86_64) (WARNING: The server did not provide any stacktrace information)
Command duration or timeout: 0 milliseconds
Build info: version: '3.7.1', revision: '8a0099a', time: '2017-11-06T21:07:36.161Z'
System info: host: 'ARCADIER-PC', ip: '10.10.31.95', os.name: 'Windows 7', os.arch: 'amd64', os.version: '6.1', java.version: '1.8.0_102'
Driver info: com.kms.katalon.core.webui.driver.ExistingRemoteWebDriver
Capabilities {javascriptEnabled: true, platform: ANY, platformName: ANY}
Session ID: 2609dc86013a09d8daebbf33ac0c67a9)

2019-05-20 08:31:44 - [TEST_STEP][PASSED] - waitForElementVisible: Object 'Object Repository/ADMIN/Categories/Category List/button_Content Mgmt' is visible

2019-05-20 08:31:44 - [MESSAGE][WARNING] - Timeout '0' is invalid. Using default page load timeout: '30'

2019-05-20 08:31:44 - [MESSAGE][PASSED] - Object 'Object Repository/ADMIN/Categories/Category List/button_Content Mgmt' is visible

2019-05-20 08:31:44 - [TEST_STEP][PASSED] - click: Object: 'Object Repository/ADMIN/Categories/Category List/button_Content Mgmt' is clicked on

2019-05-20 08:31:44 - [MESSAGE][PASSED] - Object: 'Object Repository/ADMIN/Categories/Category List/button_Content Mgmt' is clicked on

2019-05-20 08:31:44 - [TEST_STEP][PASSED] - waitForElementVisible: Object 'Object Repository/ADMIN/Categories/Category List/button_Categories' is visible

2019-05-20 08:31:44 - [MESSAGE][WARNING] - Timeout '0' is invalid. Using default page load timeout: '30'

2019-05-20 08:31:44 - [MESSAGE][PASSED] - Object 'Object Repository/ADMIN/Categories/Category List/button_Categories' is visible

2019-05-20 08:31:44 - [TEST_STEP][FAILED] - click: Unable to click on object 'Object Repository/ADMIN/Categories/Category List/button_Categories' (Root cause: org.openqa.selenium.ElementNotVisibleException: element not visible
  (Session info: chrome=74.0.3729.157)
  (Driver info: chromedriver=2.35.528161 (5b82f2d2aae0ca24b877009200ced9065a772e73),platform=Windows NT 6.1.7601 SP1 x86_64) (WARNING: The server did not provide any stacktrace information)
Command duration or timeout: 0 milliseconds
Build info: version: '3.7.1', revision: '8a0099a', time: '2017-11-06T21:07:36.161Z'
System info: host: 'ARCADIER-PC', ip: '10.10.31.95', os.name: 'Windows 7', os.arch: 'amd64', os.version: '6.1', java.version: '1.8.0_102'
Driver info: com.kms.katalon.core.webui.driver.ExistingRemoteWebDriver
Capabilities {javascriptEnabled: true, platform: ANY, platformName: ANY}
Session ID: 2609dc86013a09d8daebbf33ac0c67a9)

2019-05-20 08:31:44 - [MESSAGE][FAILED] - Unable to click on object 'Object Repository/ADMIN/Categories/Category List/button_Categories' (Root cause: org.openqa.selenium.ElementNotVisibleException: element not visible
  (Session info: chrome=74.0.3729.157)
  (Driver info: chromedriver=2.35.528161 (5b82f2d2aae0ca24b877009200ced9065a772e73),platform=Windows NT 6.1.7601 SP1 x86_64) (WARNING: The server did not provide any stacktrace information)
Command duration or timeout: 0 milliseconds
Build info: version: '3.7.1', revision: '8a0099a', time: '2017-11-06T21:07:36.161Z'
System info: host: 'ARCADIER-PC', ip: '10.10.31.95', os.name: 'Windows 7', os.arch: 'amd64', os.version: '6.1', java.version: '1.8.0_102'
Driver info: com.kms.katalon.core.webui.driver.ExistingRemoteWebDriver
Capabilities {javascriptEnabled: true, platform: ANY, platformName: ANY}
Session ID: 2609dc86013a09d8daebbf33ac0c67a9)
[[ATTACHMENT|C:\\Users\\Arcadier\\git\\Arctick\\Reports\\Suites\\Admin Add Category\\20190520_082941\\1558312304463.png]]

2019-05-20 08:31:44 - [TEST_STEP][PASSED] - waitForPageLoad: Wait for page load successfully

2019-05-20 08:31:44 - [MESSAGE][WARNING] - Timeout '0' is invalid. Using default page load timeout: '30'

2019-05-20 08:31:45 - [MESSAGE][PASSED] - Wait for page load successfully

2019-05-20 08:31:45 - [TEST_STEP][PASSED] - click: Object: 'Object Repository/ADMIN/Categories/Category List/button_Add a Category' is clicked on

2019-05-20 08:31:45 - [MESSAGE][PASSED] - Object: 'Object Repository/ADMIN/Categories/Category List/button_Add a Category' is clicked on

2019-05-20 08:31:45 - [TEST_STEP][PASSED] - waitForElementPresent: Object 'Object Repository/ADMIN/Categories/Category/dropdown_Parent' is present

2019-05-20 08:31:45 - [MESSAGE][PASSED] - Object 'Object Repository/ADMIN/Categories/Category/dropdown_Parent' is present

2019-05-20 08:31:45 - [TEST_STEP][PASSED] - delay: Delayed 1 second(s)

2019-05-20 08:31:46 - [MESSAGE][PASSED] - Delayed 1 second(s)

2019-05-20 08:31:46 - [TEST_STEP][PASSED] - setText: Text 'Category 1.3.2.1' is set on object 'Object Repository/ADMIN/Categories/Category/textfield_Category Name'

2019-05-20 08:31:46 - [MESSAGE][PASSED] - Text 'Category 1.3.2.1' is set on object 'Object Repository/ADMIN/Categories/Category/textfield_Category Name'

2019-05-20 08:31:46 - [TEST_STEP][PASSED] - click: Object: 'Object Repository/ADMIN/Categories/Category/dropdown_Parent' is clicked on

2019-05-20 08:31:46 - [MESSAGE][PASSED] - Object: 'Object Repository/ADMIN/Categories/Category/dropdown_Parent' is clicked on

2019-05-20 08:31:46 - [TEST_STEP][PASSED] - delay: Delayed 2 second(s)

2019-05-20 08:31:48 - [MESSAGE][PASSED] - Delayed 2 second(s)

2019-05-20 08:31:48 - [TEST_STEP][PASSED] - click: Object: 'Object Repository/ADMIN/Categories/Category/dropdown_Parent' is clicked on

2019-05-20 08:31:49 - [MESSAGE][PASSED] - Object: 'Object Repository/ADMIN/Categories/Category/dropdown_Parent' is clicked on

2019-05-20 08:31:49 - [TEST_STEP][PASSED] - selectOptionByLabel: All options with label 'Category 1.3.2' are selected in object 'Object Repository/ADMIN/Categories/Category/dropdown_Parent' 

2019-05-20 08:31:49 - [MESSAGE][PASSED] - All options with label 'Category 1.3.2' are selected in object 'Object Repository/ADMIN/Categories/Category/dropdown_Parent' 

2019-05-20 08:31:49 - [TEST_STEP][PASSED] - click: Object: 'Object Repository/ADMIN/Categories/Category/button_Browse' is clicked on

2019-05-20 08:31:49 - [MESSAGE][PASSED] - Object: 'Object Repository/ADMIN/Categories/Category/button_Browse' is clicked on

2019-05-20 08:31:49 - [TEST_STEP][PASSED] - delay: Delayed 1 second(s)

2019-05-20 08:31:50 - [MESSAGE][PASSED] - Delayed 1 second(s)

2019-05-20 08:31:50 - [TEST_STEP][PASSED] - uploadFile: File 'C:\\Katalon\\Image\\pic9.jpg' sent to object: 'Object Repository/ADMIN/Categories/Category/image_input image'

2019-05-20 08:31:50 - [MESSAGE][PASSED] - File 'C:\\Katalon\\Image\\pic9.jpg' sent to object: 'Object Repository/ADMIN/Categories/Category/image_input image'

2019-05-20 08:31:50 - [TEST_STEP][PASSED] - waitForElementVisible: Object 'Object Repository/ADMIN/Categories/Category/button_upload check' is visible

2019-05-20 08:31:50 - [MESSAGE][WARNING] - Timeout '0' is invalid. Using default page load timeout: '30'

2019-05-20 08:31:50 - [MESSAGE][PASSED] - Object 'Object Repository/ADMIN/Categories/Category/button_upload check' is visible

2019-05-20 08:31:50 - [TEST_STEP][PASSED] - click: Object: 'Object Repository/ADMIN/Categories/Category/button_upload check' is clicked on

2019-05-20 08:31:50 - [MESSAGE][PASSED] - Object: 'Object Repository/ADMIN/Categories/Category/button_upload check' is clicked on

2019-05-20 08:31:50 - [TEST_STEP][PASSED] - click: Object: 'Object Repository/ADMIN/Categories/Category/button_upload save' is clicked on

2019-05-20 08:31:50 - [MESSAGE][PASSED] - Object: 'Object Repository/ADMIN/Categories/Category/button_upload save' is clicked on

2019-05-20 08:31:50 - [TEST_STEP][PASSED] - waitForElementVisible: Object 'Object Repository/ADMIN/Categories/Category/button_upload save' is visible

2019-05-20 08:31:50 - [MESSAGE][WARNING] - Timeout '0' is invalid. Using default page load timeout: '30'

2019-05-20 08:31:50 - [MESSAGE][PASSED] - Object 'Object Repository/ADMIN/Categories/Category/button_upload save' is visible

2019-05-20 08:31:50 - [TEST_STEP][PASSED] - setText: Text 'Description10' is set on object 'Object Repository/ADMIN/Categories/Category/textfield_category_description'

2019-05-20 08:31:51 - [MESSAGE][PASSED] - Text 'Description10' is set on object 'Object Repository/ADMIN/Categories/Category/textfield_category_description'

2019-05-20 08:31:51 - [TEST_STEP][PASSED] - click: Object: 'Object Repository/ADMIN/Categories/Category/button_Save' is clicked on

2019-05-20 08:31:51 - [MESSAGE][PASSED] - Object: 'Object Repository/ADMIN/Categories/Category/button_Save' is clicked on

2019-05-20 08:31:51 - [TEST_STEP][PASSED] - waitForElementVisible: Object 'Object Repository/ADMIN/Categories/Category/label_edit popup' is visible

2019-05-20 08:31:51 - [MESSAGE][WARNING] - Timeout '0' is invalid. Using default page load timeout: '30'

2019-05-20 08:31:51 - [MESSAGE][PASSED] - Object 'Object Repository/ADMIN/Categories/Category/label_edit popup' is visible

2019-05-20 08:31:51 - [TEST_STEP][PASSED] - waitForElementNotPresent: Web element with id: 'Object Repository/ADMIN/Categories/Category/label_edit popup' located by 'By.xpath: //div[(text() = 'Category was successfully saved.' or . = 'Category was successfully saved.')]' is not present after '30' second(s)

2019-05-20 08:31:51 - [MESSAGE][WARNING] - Timeout '0' is invalid. Using default page load timeout: '30'

2019-05-20 08:31:58 - [MESSAGE][PASSED] - Web element with id: 'Object Repository/ADMIN/Categories/Category/label_edit popup' located by 'By.xpath: //div[(text() = 'Category was successfully saved.' or . = 'Category was successfully saved.')]' is not present after '30' second(s)]]></system-out>
         <system-err><![CDATA[2019-05-20 08:31:44 - [TEST_CASE][FAILED] - Test Cases/ADMIN/Content Mgmt/Categories/Category Add-Edit/Add Category: Test Cases/ADMIN/Content Mgmt/Categories/Category Add-Edit/Add Category FAILED because (of) Unable to click on object 'Object Repository/ADMIN/Categories/Category List/button_Categories' (Root cause: org.openqa.selenium.ElementNotVisibleException: element not visible
  (Session info: chrome=74.0.3729.157)
  (Driver info: chromedriver=2.35.528161 (5b82f2d2aae0ca24b877009200ced9065a772e73),platform=Windows NT 6.1.7601 SP1 x86_64) (WARNING: The server did not provide any stacktrace information)
Command duration or timeout: 0 milliseconds
Build info: version: '3.7.1', revision: '8a0099a', time: '2017-11-06T21:07:36.161Z'
System info: host: 'ARCADIER-PC', ip: '10.10.31.95', os.name: 'Windows 7', os.arch: 'amd64', os.version: '6.1', java.version: '1.8.0_102'
Driver info: com.kms.katalon.core.webui.driver.ExistingRemoteWebDriver
Capabilities {javascriptEnabled: true, platform: ANY, platformName: ANY}
Session ID: 2609dc86013a09d8daebbf33ac0c67a9)]]></system-err>
      </testcase>
      <testcase name="Test Cases/ADMIN/Content Mgmt/Categories/Category Add-Edit/Add Category" classname="Test Cases/ADMIN/Content Mgmt/Categories/Category Add-Edit/Add Category" status="PASSED">
         <system-out><![CDATA[2019-05-20 08:31:58 - [TEST_CASE][PASSED] - Test Cases/ADMIN/Content Mgmt/Categories/Category Add-Edit/Add Category: Test Cases/ADMIN/Content Mgmt/Categories/Category Add-Edit/Add Category

2019-05-20 08:31:58 - [TEST_STEP][PASSED] - waitForElementVisible: Object 'Object Repository/ADMIN/Categories/Category List/button_Content Mgmt' is visible

2019-05-20 08:31:58 - [MESSAGE][WARNING] - Timeout '0' is invalid. Using default page load timeout: '30'

2019-05-20 08:31:58 - [MESSAGE][PASSED] - Object 'Object Repository/ADMIN/Categories/Category List/button_Content Mgmt' is visible

2019-05-20 08:31:58 - [TEST_STEP][PASSED] - click: Object: 'Object Repository/ADMIN/Categories/Category List/button_Content Mgmt' is clicked on

2019-05-20 08:31:58 - [MESSAGE][PASSED] - Object: 'Object Repository/ADMIN/Categories/Category List/button_Content Mgmt' is clicked on

2019-05-20 08:31:58 - [TEST_STEP][PASSED] - waitForElementVisible: Object 'Object Repository/ADMIN/Categories/Category List/button_Categories' is visible

2019-05-20 08:31:58 - [MESSAGE][WARNING] - Timeout '0' is invalid. Using default page load timeout: '30'

2019-05-20 08:31:58 - [MESSAGE][PASSED] - Object 'Object Repository/ADMIN/Categories/Category List/button_Categories' is visible

2019-05-20 08:31:58 - [TEST_STEP][PASSED] - click: Object: 'Object Repository/ADMIN/Categories/Category List/button_Categories' is clicked on

2019-05-20 08:31:59 - [MESSAGE][PASSED] - Object: 'Object Repository/ADMIN/Categories/Category List/button_Categories' is clicked on

2019-05-20 08:31:59 - [TEST_STEP][PASSED] - waitForPageLoad: Wait for page load successfully

2019-05-20 08:31:59 - [MESSAGE][WARNING] - Timeout '0' is invalid. Using default page load timeout: '30'

2019-05-20 08:31:59 - [MESSAGE][PASSED] - Wait for page load successfully

2019-05-20 08:31:59 - [TEST_STEP][PASSED] - click: Object: 'Object Repository/ADMIN/Categories/Category List/button_Add a Category' is clicked on

2019-05-20 08:32:00 - [MESSAGE][PASSED] - Object: 'Object Repository/ADMIN/Categories/Category List/button_Add a Category' is clicked on

2019-05-20 08:32:00 - [TEST_STEP][PASSED] - waitForElementPresent: Object 'Object Repository/ADMIN/Categories/Category/dropdown_Parent' is present

2019-05-20 08:32:00 - [MESSAGE][PASSED] - Object 'Object Repository/ADMIN/Categories/Category/dropdown_Parent' is present

2019-05-20 08:32:00 - [TEST_STEP][PASSED] - delay: Delayed 1 second(s)

2019-05-20 08:32:01 - [MESSAGE][PASSED] - Delayed 1 second(s)

2019-05-20 08:32:01 - [TEST_STEP][PASSED] - setText: Text 'Category 1.3.2.2' is set on object 'Object Repository/ADMIN/Categories/Category/textfield_Category Name'

2019-05-20 08:32:01 - [MESSAGE][PASSED] - Text 'Category 1.3.2.2' is set on object 'Object Repository/ADMIN/Categories/Category/textfield_Category Name'

2019-05-20 08:32:01 - [TEST_STEP][PASSED] - click: Object: 'Object Repository/ADMIN/Categories/Category/dropdown_Parent' is clicked on

2019-05-20 08:32:01 - [MESSAGE][PASSED] - Object: 'Object Repository/ADMIN/Categories/Category/dropdown_Parent' is clicked on

2019-05-20 08:32:01 - [TEST_STEP][PASSED] - delay: Delayed 2 second(s)

2019-05-20 08:32:03 - [MESSAGE][PASSED] - Delayed 2 second(s)

2019-05-20 08:32:03 - [TEST_STEP][PASSED] - click: Object: 'Object Repository/ADMIN/Categories/Category/dropdown_Parent' is clicked on

2019-05-20 08:32:03 - [MESSAGE][PASSED] - Object: 'Object Repository/ADMIN/Categories/Category/dropdown_Parent' is clicked on

2019-05-20 08:32:03 - [TEST_STEP][PASSED] - selectOptionByLabel: All options with label 'Category 1.3.2' are selected in object 'Object Repository/ADMIN/Categories/Category/dropdown_Parent' 

2019-05-20 08:32:04 - [MESSAGE][PASSED] - All options with label 'Category 1.3.2' are selected in object 'Object Repository/ADMIN/Categories/Category/dropdown_Parent' 

2019-05-20 08:32:04 - [TEST_STEP][PASSED] - click: Object: 'Object Repository/ADMIN/Categories/Category/button_Browse' is clicked on

2019-05-20 08:32:04 - [MESSAGE][PASSED] - Object: 'Object Repository/ADMIN/Categories/Category/button_Browse' is clicked on

2019-05-20 08:32:04 - [TEST_STEP][PASSED] - delay: Delayed 1 second(s)

2019-05-20 08:32:05 - [MESSAGE][PASSED] - Delayed 1 second(s)

2019-05-20 08:32:05 - [TEST_STEP][PASSED] - uploadFile: File 'C:\\Katalon\\Image\\pic10.jpg' sent to object: 'Object Repository/ADMIN/Categories/Category/image_input image'

2019-05-20 08:32:05 - [MESSAGE][PASSED] - File 'C:\\Katalon\\Image\\pic10.jpg' sent to object: 'Object Repository/ADMIN/Categories/Category/image_input image'

2019-05-20 08:32:05 - [TEST_STEP][PASSED] - waitForElementVisible: Object 'Object Repository/ADMIN/Categories/Category/button_upload check' is visible

2019-05-20 08:32:05 - [MESSAGE][WARNING] - Timeout '0' is invalid. Using default page load timeout: '30'

2019-05-20 08:32:05 - [MESSAGE][PASSED] - Object 'Object Repository/ADMIN/Categories/Category/button_upload check' is visible

2019-05-20 08:32:05 - [TEST_STEP][PASSED] - click: Object: 'Object Repository/ADMIN/Categories/Category/button_upload check' is clicked on

2019-05-20 08:32:05 - [MESSAGE][PASSED] - Object: 'Object Repository/ADMIN/Categories/Category/button_upload check' is clicked on

2019-05-20 08:32:05 - [TEST_STEP][PASSED] - click: Object: 'Object Repository/ADMIN/Categories/Category/button_upload save' is clicked on

2019-05-20 08:32:05 - [MESSAGE][PASSED] - Object: 'Object Repository/ADMIN/Categories/Category/button_upload save' is clicked on

2019-05-20 08:32:05 - [TEST_STEP][PASSED] - waitForElementVisible: Object 'Object Repository/ADMIN/Categories/Category/button_upload save' is visible

2019-05-20 08:32:05 - [MESSAGE][WARNING] - Timeout '0' is invalid. Using default page load timeout: '30'

2019-05-20 08:32:05 - [MESSAGE][PASSED] - Object 'Object Repository/ADMIN/Categories/Category/button_upload save' is visible

2019-05-20 08:32:05 - [TEST_STEP][PASSED] - setText: Text 'Description11' is set on object 'Object Repository/ADMIN/Categories/Category/textfield_category_description'

2019-05-20 08:32:05 - [MESSAGE][PASSED] - Text 'Description11' is set on object 'Object Repository/ADMIN/Categories/Category/textfield_category_description'

2019-05-20 08:32:05 - [TEST_STEP][PASSED] - click: Object: 'Object Repository/ADMIN/Categories/Category/button_Save' is clicked on

2019-05-20 08:32:05 - [MESSAGE][PASSED] - Object: 'Object Repository/ADMIN/Categories/Category/button_Save' is clicked on

2019-05-20 08:32:05 - [TEST_STEP][PASSED] - waitForElementVisible: Object 'Object Repository/ADMIN/Categories/Category/label_edit popup' is visible

2019-05-20 08:32:05 - [MESSAGE][WARNING] - Timeout '0' is invalid. Using default page load timeout: '30'

2019-05-20 08:32:06 - [MESSAGE][PASSED] - Object 'Object Repository/ADMIN/Categories/Category/label_edit popup' is visible

2019-05-20 08:32:06 - [TEST_STEP][PASSED] - waitForElementNotPresent: Web element with id: 'Object Repository/ADMIN/Categories/Category/label_edit popup' located by 'By.xpath: //div[(text() = 'Category was successfully saved.' or . = 'Category was successfully saved.')]' is not present after '30' second(s)

2019-05-20 08:32:06 - [MESSAGE][WARNING] - Timeout '0' is invalid. Using default page load timeout: '30'

2019-05-20 08:32:12 - [MESSAGE][PASSED] - Web element with id: 'Object Repository/ADMIN/Categories/Category/label_edit popup' located by 'By.xpath: //div[(text() = 'Category was successfully saved.' or . = 'Category was successfully saved.')]' is not present after '30' second(s)]]></system-out>
         <system-err><![CDATA[]]></system-err>
      </testcase>
      <testcase name="Test Cases/ADMIN/Content Mgmt/Categories/Category Add-Edit/Add Category" classname="Test Cases/ADMIN/Content Mgmt/Categories/Category Add-Edit/Add Category" status="PASSED">
         <system-out><![CDATA[2019-05-20 08:32:12 - [TEST_CASE][PASSED] - Test Cases/ADMIN/Content Mgmt/Categories/Category Add-Edit/Add Category: Test Cases/ADMIN/Content Mgmt/Categories/Category Add-Edit/Add Category

2019-05-20 08:32:12 - [TEST_STEP][PASSED] - waitForElementVisible: Object 'Object Repository/ADMIN/Categories/Category List/button_Content Mgmt' is visible

2019-05-20 08:32:12 - [MESSAGE][WARNING] - Timeout '0' is invalid. Using default page load timeout: '30'

2019-05-20 08:32:12 - [MESSAGE][PASSED] - Object 'Object Repository/ADMIN/Categories/Category List/button_Content Mgmt' is visible

2019-05-20 08:32:12 - [TEST_STEP][PASSED] - click: Object: 'Object Repository/ADMIN/Categories/Category List/button_Content Mgmt' is clicked on

2019-05-20 08:32:12 - [MESSAGE][PASSED] - Object: 'Object Repository/ADMIN/Categories/Category List/button_Content Mgmt' is clicked on

2019-05-20 08:32:12 - [TEST_STEP][PASSED] - waitForElementVisible: Object 'Object Repository/ADMIN/Categories/Category List/button_Categories' is visible

2019-05-20 08:32:12 - [MESSAGE][WARNING] - Timeout '0' is invalid. Using default page load timeout: '30'

2019-05-20 08:32:12 - [MESSAGE][PASSED] - Object 'Object Repository/ADMIN/Categories/Category List/button_Categories' is visible

2019-05-20 08:32:12 - [TEST_STEP][PASSED] - click: Object: 'Object Repository/ADMIN/Categories/Category List/button_Categories' is clicked on

2019-05-20 08:32:13 - [MESSAGE][PASSED] - Object: 'Object Repository/ADMIN/Categories/Category List/button_Categories' is clicked on

2019-05-20 08:32:13 - [TEST_STEP][PASSED] - waitForPageLoad: Wait for page load successfully

2019-05-20 08:32:13 - [MESSAGE][WARNING] - Timeout '0' is invalid. Using default page load timeout: '30'

2019-05-20 08:32:13 - [MESSAGE][PASSED] - Wait for page load successfully

2019-05-20 08:32:13 - [TEST_STEP][PASSED] - click: Object: 'Object Repository/ADMIN/Categories/Category List/button_Add a Category' is clicked on

2019-05-20 08:32:13 - [MESSAGE][PASSED] - Object: 'Object Repository/ADMIN/Categories/Category List/button_Add a Category' is clicked on

2019-05-20 08:32:13 - [TEST_STEP][PASSED] - waitForElementPresent: Object 'Object Repository/ADMIN/Categories/Category/dropdown_Parent' is present

2019-05-20 08:32:13 - [MESSAGE][PASSED] - Object 'Object Repository/ADMIN/Categories/Category/dropdown_Parent' is present

2019-05-20 08:32:13 - [TEST_STEP][PASSED] - delay: Delayed 1 second(s)

2019-05-20 08:32:15 - [MESSAGE][PASSED] - Delayed 1 second(s)

2019-05-20 08:32:15 - [TEST_STEP][PASSED] - setText: Text 'Category 1.3.2.2.1' is set on object 'Object Repository/ADMIN/Categories/Category/textfield_Category Name'

2019-05-20 08:32:15 - [MESSAGE][PASSED] - Text 'Category 1.3.2.2.1' is set on object 'Object Repository/ADMIN/Categories/Category/textfield_Category Name'

2019-05-20 08:32:15 - [TEST_STEP][PASSED] - click: Object: 'Object Repository/ADMIN/Categories/Category/dropdown_Parent' is clicked on

2019-05-20 08:32:15 - [MESSAGE][PASSED] - Object: 'Object Repository/ADMIN/Categories/Category/dropdown_Parent' is clicked on

2019-05-20 08:32:15 - [TEST_STEP][PASSED] - delay: Delayed 2 second(s)

2019-05-20 08:32:17 - [MESSAGE][PASSED] - Delayed 2 second(s)

2019-05-20 08:32:17 - [TEST_STEP][PASSED] - click: Object: 'Object Repository/ADMIN/Categories/Category/dropdown_Parent' is clicked on

2019-05-20 08:32:17 - [MESSAGE][PASSED] - Object: 'Object Repository/ADMIN/Categories/Category/dropdown_Parent' is clicked on

2019-05-20 08:32:17 - [TEST_STEP][PASSED] - selectOptionByLabel: All options with label 'Category 1.3.2.2' are selected in object 'Object Repository/ADMIN/Categories/Category/dropdown_Parent' 

2019-05-20 08:32:17 - [MESSAGE][PASSED] - All options with label 'Category 1.3.2.2' are selected in object 'Object Repository/ADMIN/Categories/Category/dropdown_Parent' 

2019-05-20 08:32:17 - [TEST_STEP][PASSED] - click: Object: 'Object Repository/ADMIN/Categories/Category/button_Browse' is clicked on

2019-05-20 08:32:17 - [MESSAGE][PASSED] - Object: 'Object Repository/ADMIN/Categories/Category/button_Browse' is clicked on

2019-05-20 08:32:17 - [TEST_STEP][PASSED] - delay: Delayed 1 second(s)

2019-05-20 08:32:18 - [MESSAGE][PASSED] - Delayed 1 second(s)

2019-05-20 08:32:18 - [TEST_STEP][PASSED] - uploadFile: File 'C:\\Katalon\\Image\\pic11.jpg' sent to object: 'Object Repository/ADMIN/Categories/Category/image_input image'

2019-05-20 08:32:18 - [MESSAGE][PASSED] - File 'C:\\Katalon\\Image\\pic11.jpg' sent to object: 'Object Repository/ADMIN/Categories/Category/image_input image'

2019-05-20 08:32:18 - [TEST_STEP][PASSED] - waitForElementVisible: Object 'Object Repository/ADMIN/Categories/Category/button_upload check' is visible

2019-05-20 08:32:18 - [MESSAGE][WARNING] - Timeout '0' is invalid. Using default page load timeout: '30'

2019-05-20 08:32:19 - [MESSAGE][PASSED] - Object 'Object Repository/ADMIN/Categories/Category/button_upload check' is visible

2019-05-20 08:32:19 - [TEST_STEP][PASSED] - click: Object: 'Object Repository/ADMIN/Categories/Category/button_upload check' is clicked on

2019-05-20 08:32:19 - [MESSAGE][PASSED] - Object: 'Object Repository/ADMIN/Categories/Category/button_upload check' is clicked on

2019-05-20 08:32:19 - [TEST_STEP][PASSED] - click: Object: 'Object Repository/ADMIN/Categories/Category/button_upload save' is clicked on

2019-05-20 08:32:19 - [MESSAGE][PASSED] - Object: 'Object Repository/ADMIN/Categories/Category/button_upload save' is clicked on

2019-05-20 08:32:19 - [TEST_STEP][PASSED] - waitForElementVisible: Object 'Object Repository/ADMIN/Categories/Category/button_upload save' is visible

2019-05-20 08:32:19 - [MESSAGE][WARNING] - Timeout '0' is invalid. Using default page load timeout: '30'

2019-05-20 08:32:19 - [MESSAGE][PASSED] - Object 'Object Repository/ADMIN/Categories/Category/button_upload save' is visible

2019-05-20 08:32:19 - [TEST_STEP][PASSED] - setText: Text 'Description12' is set on object 'Object Repository/ADMIN/Categories/Category/textfield_category_description'

2019-05-20 08:32:19 - [MESSAGE][PASSED] - Text 'Description12' is set on object 'Object Repository/ADMIN/Categories/Category/textfield_category_description'

2019-05-20 08:32:19 - [TEST_STEP][PASSED] - click: Object: 'Object Repository/ADMIN/Categories/Category/button_Save' is clicked on

2019-05-20 08:32:19 - [MESSAGE][PASSED] - Object: 'Object Repository/ADMIN/Categories/Category/button_Save' is clicked on

2019-05-20 08:32:19 - [TEST_STEP][PASSED] - waitForElementVisible: Object 'Object Repository/ADMIN/Categories/Category/label_edit popup' is visible

2019-05-20 08:32:19 - [MESSAGE][WARNING] - Timeout '0' is invalid. Using default page load timeout: '30'

2019-05-20 08:32:20 - [MESSAGE][PASSED] - Object 'Object Repository/ADMIN/Categories/Category/label_edit popup' is visible

2019-05-20 08:32:20 - [TEST_STEP][PASSED] - waitForElementNotPresent: Web element with id: 'Object Repository/ADMIN/Categories/Category/label_edit popup' located by 'By.xpath: //div[(text() = 'Category was successfully saved.' or . = 'Category was successfully saved.')]' is not present after '30' second(s)

2019-05-20 08:32:20 - [MESSAGE][WARNING] - Timeout '0' is invalid. Using default page load timeout: '30'

2019-05-20 08:32:26 - [MESSAGE][PASSED] - Web element with id: 'Object Repository/ADMIN/Categories/Category/label_edit popup' located by 'By.xpath: //div[(text() = 'Category was successfully saved.' or . = 'Category was successfully saved.')]' is not present after '30' second(s)]]></system-out>
         <system-err><![CDATA[]]></system-err>
      </testcase>
      <testcase name="Test Cases/ADMIN/Content Mgmt/Categories/Category Add-Edit/Add Category" classname="Test Cases/ADMIN/Content Mgmt/Categories/Category Add-Edit/Add Category" status="FAILED">
         <failure type="FAILED" message="Unable to wait for object 'Object Repository/ADMIN/Categories/Category/button_upload save' to be visible (Root cause: org.openqa.selenium.StaleElementReferenceException: stale element reference: element is not attached to the page document
  (Session info: chrome=74.0.3729.157)
  (Driver info: chromedriver=2.35.528161 (5b82f2d2aae0ca24b877009200ced9065a772e73),platform=Windows NT 6.1.7601 SP1 x86_64) (WARNING: The server did not provide any stacktrace information)
Command duration or timeout: 0 milliseconds
For documentation on this error, please visit: http://seleniumhq.org/exceptions/stale_element_reference.html
Build info: version: '3.7.1', revision: '8a0099a', time: '2017-11-06T21:07:36.161Z'
System info: host: 'ARCADIER-PC', ip: '10.10.31.95', os.name: 'Windows 7', os.arch: 'amd64', os.version: '6.1', java.version: '1.8.0_102'
Driver info: com.kms.katalon.core.webui.driver.ExistingRemoteWebDriver
Capabilities {javascriptEnabled: true, platform: ANY, platformName: ANY}
Session ID: 2609dc86013a09d8daebbf33ac0c67a9)"/>
         <system-out><![CDATA[2019-05-20 08:32:26 - [TEST_CASE][FAILED] - Test Cases/ADMIN/Content Mgmt/Categories/Category Add-Edit/Add Category: Test Cases/ADMIN/Content Mgmt/Categories/Category Add-Edit/Add Category FAILED because (of) Unable to wait for object 'Object Repository/ADMIN/Categories/Category/button_upload save' to be visible (Root cause: org.openqa.selenium.StaleElementReferenceException: stale element reference: element is not attached to the page document
  (Session info: chrome=74.0.3729.157)
  (Driver info: chromedriver=2.35.528161 (5b82f2d2aae0ca24b877009200ced9065a772e73),platform=Windows NT 6.1.7601 SP1 x86_64) (WARNING: The server did not provide any stacktrace information)
Command duration or timeout: 0 milliseconds
For documentation on this error, please visit: http://seleniumhq.org/exceptions/stale_element_reference.html
Build info: version: '3.7.1', revision: '8a0099a', time: '2017-11-06T21:07:36.161Z'
System info: host: 'ARCADIER-PC', ip: '10.10.31.95', os.name: 'Windows 7', os.arch: 'amd64', os.version: '6.1', java.version: '1.8.0_102'
Driver info: com.kms.katalon.core.webui.driver.ExistingRemoteWebDriver
Capabilities {javascriptEnabled: true, platform: ANY, platformName: ANY}
Session ID: 2609dc86013a09d8daebbf33ac0c67a9)

2019-05-20 08:32:26 - [TEST_STEP][PASSED] - waitForElementVisible: Object 'Object Repository/ADMIN/Categories/Category List/button_Content Mgmt' is visible

2019-05-20 08:32:26 - [MESSAGE][WARNING] - Timeout '0' is invalid. Using default page load timeout: '30'

2019-05-20 08:32:26 - [MESSAGE][PASSED] - Object 'Object Repository/ADMIN/Categories/Category List/button_Content Mgmt' is visible

2019-05-20 08:32:26 - [TEST_STEP][PASSED] - click: Object: 'Object Repository/ADMIN/Categories/Category List/button_Content Mgmt' is clicked on

2019-05-20 08:32:26 - [MESSAGE][PASSED] - Object: 'Object Repository/ADMIN/Categories/Category List/button_Content Mgmt' is clicked on

2019-05-20 08:32:26 - [TEST_STEP][PASSED] - waitForElementVisible: Object 'Object Repository/ADMIN/Categories/Category List/button_Categories' is visible

2019-05-20 08:32:26 - [MESSAGE][WARNING] - Timeout '0' is invalid. Using default page load timeout: '30'

2019-05-20 08:32:26 - [MESSAGE][PASSED] - Object 'Object Repository/ADMIN/Categories/Category List/button_Categories' is visible

2019-05-20 08:32:26 - [TEST_STEP][PASSED] - click: Object: 'Object Repository/ADMIN/Categories/Category List/button_Categories' is clicked on

2019-05-20 08:32:27 - [MESSAGE][PASSED] - Object: 'Object Repository/ADMIN/Categories/Category List/button_Categories' is clicked on

2019-05-20 08:32:27 - [TEST_STEP][PASSED] - waitForPageLoad: Wait for page load successfully

2019-05-20 08:32:27 - [MESSAGE][WARNING] - Timeout '0' is invalid. Using default page load timeout: '30'

2019-05-20 08:32:27 - [MESSAGE][PASSED] - Wait for page load successfully

2019-05-20 08:32:27 - [TEST_STEP][PASSED] - click: Object: 'Object Repository/ADMIN/Categories/Category List/button_Add a Category' is clicked on

2019-05-20 08:32:27 - [MESSAGE][PASSED] - Object: 'Object Repository/ADMIN/Categories/Category List/button_Add a Category' is clicked on

2019-05-20 08:32:27 - [TEST_STEP][PASSED] - waitForElementPresent: Object 'Object Repository/ADMIN/Categories/Category/dropdown_Parent' is present

2019-05-20 08:32:27 - [MESSAGE][PASSED] - Object 'Object Repository/ADMIN/Categories/Category/dropdown_Parent' is present

2019-05-20 08:32:27 - [TEST_STEP][PASSED] - delay: Delayed 1 second(s)

2019-05-20 08:32:28 - [MESSAGE][PASSED] - Delayed 1 second(s)

2019-05-20 08:32:28 - [TEST_STEP][PASSED] - setText: Text 'Category 1.3.2.2.2' is set on object 'Object Repository/ADMIN/Categories/Category/textfield_Category Name'

2019-05-20 08:32:29 - [MESSAGE][PASSED] - Text 'Category 1.3.2.2.2' is set on object 'Object Repository/ADMIN/Categories/Category/textfield_Category Name'

2019-05-20 08:32:29 - [TEST_STEP][PASSED] - click: Object: 'Object Repository/ADMIN/Categories/Category/dropdown_Parent' is clicked on

2019-05-20 08:32:29 - [MESSAGE][PASSED] - Object: 'Object Repository/ADMIN/Categories/Category/dropdown_Parent' is clicked on

2019-05-20 08:32:29 - [TEST_STEP][PASSED] - delay: Delayed 2 second(s)

2019-05-20 08:32:31 - [MESSAGE][PASSED] - Delayed 2 second(s)

2019-05-20 08:32:31 - [TEST_STEP][PASSED] - click: Object: 'Object Repository/ADMIN/Categories/Category/dropdown_Parent' is clicked on

2019-05-20 08:32:31 - [MESSAGE][PASSED] - Object: 'Object Repository/ADMIN/Categories/Category/dropdown_Parent' is clicked on

2019-05-20 08:32:31 - [TEST_STEP][PASSED] - selectOptionByLabel: All options with label 'Category 1.3.2.2' are selected in object 'Object Repository/ADMIN/Categories/Category/dropdown_Parent' 

2019-05-20 08:32:31 - [MESSAGE][PASSED] - All options with label 'Category 1.3.2.2' are selected in object 'Object Repository/ADMIN/Categories/Category/dropdown_Parent' 

2019-05-20 08:32:31 - [TEST_STEP][PASSED] - click: Object: 'Object Repository/ADMIN/Categories/Category/button_Browse' is clicked on

2019-05-20 08:32:31 - [MESSAGE][PASSED] - Object: 'Object Repository/ADMIN/Categories/Category/button_Browse' is clicked on

2019-05-20 08:32:31 - [TEST_STEP][PASSED] - delay: Delayed 1 second(s)

2019-05-20 08:32:32 - [MESSAGE][PASSED] - Delayed 1 second(s)

2019-05-20 08:32:32 - [TEST_STEP][PASSED] - uploadFile: File 'C:\\Katalon\\Image\\pic12.jpg' sent to object: 'Object Repository/ADMIN/Categories/Category/image_input image'

2019-05-20 08:32:32 - [MESSAGE][PASSED] - File 'C:\\Katalon\\Image\\pic12.jpg' sent to object: 'Object Repository/ADMIN/Categories/Category/image_input image'

2019-05-20 08:32:32 - [TEST_STEP][PASSED] - waitForElementVisible: Object 'Object Repository/ADMIN/Categories/Category/button_upload check' is visible

2019-05-20 08:32:32 - [MESSAGE][WARNING] - Timeout '0' is invalid. Using default page load timeout: '30'

2019-05-20 08:32:32 - [MESSAGE][PASSED] - Object 'Object Repository/ADMIN/Categories/Category/button_upload check' is visible

2019-05-20 08:32:32 - [TEST_STEP][PASSED] - click: Object: 'Object Repository/ADMIN/Categories/Category/button_upload check' is clicked on

2019-05-20 08:32:32 - [MESSAGE][PASSED] - Object: 'Object Repository/ADMIN/Categories/Category/button_upload check' is clicked on

2019-05-20 08:32:32 - [TEST_STEP][PASSED] - click: Object: 'Object Repository/ADMIN/Categories/Category/button_upload save' is clicked on

2019-05-20 08:32:32 - [MESSAGE][PASSED] - Object: 'Object Repository/ADMIN/Categories/Category/button_upload save' is clicked on

2019-05-20 08:32:32 - [TEST_STEP][FAILED] - waitForElementVisible: Unable to wait for object 'Object Repository/ADMIN/Categories/Category/button_upload save' to be visible (Root cause: org.openqa.selenium.StaleElementReferenceException: stale element reference: element is not attached to the page document
  (Session info: chrome=74.0.3729.157)
  (Driver info: chromedriver=2.35.528161 (5b82f2d2aae0ca24b877009200ced9065a772e73),platform=Windows NT 6.1.7601 SP1 x86_64) (WARNING: The server did not provide any stacktrace information)
Command duration or timeout: 0 milliseconds
For documentation on this error, please visit: http://seleniumhq.org/exceptions/stale_element_reference.html
Build info: version: '3.7.1', revision: '8a0099a', time: '2017-11-06T21:07:36.161Z'
System info: host: 'ARCADIER-PC', ip: '10.10.31.95', os.name: 'Windows 7', os.arch: 'amd64', os.version: '6.1', java.version: '1.8.0_102'
Driver info: com.kms.katalon.core.webui.driver.ExistingRemoteWebDriver
Capabilities {javascriptEnabled: true, platform: ANY, platformName: ANY}
Session ID: 2609dc86013a09d8daebbf33ac0c67a9)

2019-05-20 08:32:32 - [MESSAGE][WARNING] - Timeout '0' is invalid. Using default page load timeout: '30'

2019-05-20 08:32:33 - [MESSAGE][FAILED] - Unable to wait for object 'Object Repository/ADMIN/Categories/Category/button_upload save' to be visible (Root cause: org.openqa.selenium.StaleElementReferenceException: stale element reference: element is not attached to the page document
  (Session info: chrome=74.0.3729.157)
  (Driver info: chromedriver=2.35.528161 (5b82f2d2aae0ca24b877009200ced9065a772e73),platform=Windows NT 6.1.7601 SP1 x86_64) (WARNING: The server did not provide any stacktrace information)
Command duration or timeout: 0 milliseconds
For documentation on this error, please visit: http://seleniumhq.org/exceptions/stale_element_reference.html
Build info: version: '3.7.1', revision: '8a0099a', time: '2017-11-06T21:07:36.161Z'
System info: host: 'ARCADIER-PC', ip: '10.10.31.95', os.name: 'Windows 7', os.arch: 'amd64', os.version: '6.1', java.version: '1.8.0_102'
Driver info: com.kms.katalon.core.webui.driver.ExistingRemoteWebDriver
Capabilities {javascriptEnabled: true, platform: ANY, platformName: ANY}
Session ID: 2609dc86013a09d8daebbf33ac0c67a9)
[[ATTACHMENT|C:\\Users\\Arcadier\\git\\Arctick\\Reports\\Suites\\Admin Add Category\\20190520_082941\\1558312353314.png]]

2019-05-20 08:32:33 - [TEST_STEP][PASSED] - setText: Text 'Description13' is set on object 'Object Repository/ADMIN/Categories/Category/textfield_category_description'

2019-05-20 08:32:34 - [MESSAGE][PASSED] - Text 'Description13' is set on object 'Object Repository/ADMIN/Categories/Category/textfield_category_description'

2019-05-20 08:32:34 - [TEST_STEP][PASSED] - click: Object: 'Object Repository/ADMIN/Categories/Category/button_Save' is clicked on

2019-05-20 08:32:34 - [MESSAGE][PASSED] - Object: 'Object Repository/ADMIN/Categories/Category/button_Save' is clicked on

2019-05-20 08:32:34 - [TEST_STEP][PASSED] - waitForElementVisible: Object 'Object Repository/ADMIN/Categories/Category/label_edit popup' is visible

2019-05-20 08:32:34 - [MESSAGE][WARNING] - Timeout '0' is invalid. Using default page load timeout: '30'

2019-05-20 08:32:35 - [MESSAGE][PASSED] - Object 'Object Repository/ADMIN/Categories/Category/label_edit popup' is visible

2019-05-20 08:32:35 - [TEST_STEP][PASSED] - waitForElementNotPresent: Web element with id: 'Object Repository/ADMIN/Categories/Category/label_edit popup' located by 'By.xpath: //div[(text() = 'Category was successfully saved.' or . = 'Category was successfully saved.')]' is not present after '30' second(s)

2019-05-20 08:32:35 - [MESSAGE][WARNING] - Timeout '0' is invalid. Using default page load timeout: '30'

2019-05-20 08:32:40 - [MESSAGE][PASSED] - Web element with id: 'Object Repository/ADMIN/Categories/Category/label_edit popup' located by 'By.xpath: //div[(text() = 'Category was successfully saved.' or . = 'Category was successfully saved.')]' is not present after '30' second(s)]]></system-out>
         <system-err><![CDATA[2019-05-20 08:32:26 - [TEST_CASE][FAILED] - Test Cases/ADMIN/Content Mgmt/Categories/Category Add-Edit/Add Category: Test Cases/ADMIN/Content Mgmt/Categories/Category Add-Edit/Add Category FAILED because (of) Unable to wait for object 'Object Repository/ADMIN/Categories/Category/button_upload save' to be visible (Root cause: org.openqa.selenium.StaleElementReferenceException: stale element reference: element is not attached to the page document
  (Session info: chrome=74.0.3729.157)
  (Driver info: chromedriver=2.35.528161 (5b82f2d2aae0ca24b877009200ced9065a772e73),platform=Windows NT 6.1.7601 SP1 x86_64) (WARNING: The server did not provide any stacktrace information)
Command duration or timeout: 0 milliseconds
For documentation on this error, please visit: http://seleniumhq.org/exceptions/stale_element_reference.html
Build info: version: '3.7.1', revision: '8a0099a', time: '2017-11-06T21:07:36.161Z'
System info: host: 'ARCADIER-PC', ip: '10.10.31.95', os.name: 'Windows 7', os.arch: 'amd64', os.version: '6.1', java.version: '1.8.0_102'
Driver info: com.kms.katalon.core.webui.driver.ExistingRemoteWebDriver
Capabilities {javascriptEnabled: true, platform: ANY, platformName: ANY}
Session ID: 2609dc86013a09d8daebbf33ac0c67a9)]]></system-err>
      </testcase>
      <testcase name="Test Cases/ADMIN/Content Mgmt/Categories/Category Add-Edit/Add Category" classname="Test Cases/ADMIN/Content Mgmt/Categories/Category Add-Edit/Add Category" status="PASSED">
         <system-out><![CDATA[2019-05-20 08:32:40 - [TEST_CASE][PASSED] - Test Cases/ADMIN/Content Mgmt/Categories/Category Add-Edit/Add Category: Test Cases/ADMIN/Content Mgmt/Categories/Category Add-Edit/Add Category

2019-05-20 08:32:40 - [TEST_STEP][PASSED] - waitForElementVisible: Object 'Object Repository/ADMIN/Categories/Category List/button_Content Mgmt' is visible

2019-05-20 08:32:40 - [MESSAGE][WARNING] - Timeout '0' is invalid. Using default page load timeout: '30'

2019-05-20 08:32:41 - [MESSAGE][PASSED] - Object 'Object Repository/ADMIN/Categories/Category List/button_Content Mgmt' is visible

2019-05-20 08:32:41 - [TEST_STEP][PASSED] - click: Object: 'Object Repository/ADMIN/Categories/Category List/button_Content Mgmt' is clicked on

2019-05-20 08:32:41 - [MESSAGE][PASSED] - Object: 'Object Repository/ADMIN/Categories/Category List/button_Content Mgmt' is clicked on

2019-05-20 08:32:41 - [TEST_STEP][PASSED] - waitForElementVisible: Object 'Object Repository/ADMIN/Categories/Category List/button_Categories' is visible

2019-05-20 08:32:41 - [MESSAGE][WARNING] - Timeout '0' is invalid. Using default page load timeout: '30'

2019-05-20 08:32:41 - [MESSAGE][PASSED] - Object 'Object Repository/ADMIN/Categories/Category List/button_Categories' is visible

2019-05-20 08:32:41 - [TEST_STEP][PASSED] - click: Object: 'Object Repository/ADMIN/Categories/Category List/button_Categories' is clicked on

2019-05-20 08:32:42 - [MESSAGE][PASSED] - Object: 'Object Repository/ADMIN/Categories/Category List/button_Categories' is clicked on

2019-05-20 08:32:42 - [TEST_STEP][PASSED] - waitForPageLoad: Wait for page load successfully

2019-05-20 08:32:42 - [MESSAGE][WARNING] - Timeout '0' is invalid. Using default page load timeout: '30'

2019-05-20 08:32:42 - [MESSAGE][PASSED] - Wait for page load successfully

2019-05-20 08:32:42 - [TEST_STEP][PASSED] - click: Object: 'Object Repository/ADMIN/Categories/Category List/button_Add a Category' is clicked on

2019-05-20 08:32:42 - [MESSAGE][PASSED] - Object: 'Object Repository/ADMIN/Categories/Category List/button_Add a Category' is clicked on

2019-05-20 08:32:42 - [TEST_STEP][PASSED] - waitForElementPresent: Object 'Object Repository/ADMIN/Categories/Category/dropdown_Parent' is present

2019-05-20 08:32:42 - [MESSAGE][PASSED] - Object 'Object Repository/ADMIN/Categories/Category/dropdown_Parent' is present

2019-05-20 08:32:42 - [TEST_STEP][PASSED] - delay: Delayed 1 second(s)

2019-05-20 08:32:43 - [MESSAGE][PASSED] - Delayed 1 second(s)

2019-05-20 08:32:43 - [TEST_STEP][PASSED] - setText: Text 'Category 1.3.3' is set on object 'Object Repository/ADMIN/Categories/Category/textfield_Category Name'

2019-05-20 08:32:43 - [MESSAGE][PASSED] - Text 'Category 1.3.3' is set on object 'Object Repository/ADMIN/Categories/Category/textfield_Category Name'

2019-05-20 08:32:43 - [TEST_STEP][PASSED] - click: Object: 'Object Repository/ADMIN/Categories/Category/dropdown_Parent' is clicked on

2019-05-20 08:32:43 - [MESSAGE][PASSED] - Object: 'Object Repository/ADMIN/Categories/Category/dropdown_Parent' is clicked on

2019-05-20 08:32:43 - [TEST_STEP][PASSED] - delay: Delayed 2 second(s)

2019-05-20 08:32:45 - [MESSAGE][PASSED] - Delayed 2 second(s)

2019-05-20 08:32:45 - [TEST_STEP][PASSED] - click: Object: 'Object Repository/ADMIN/Categories/Category/dropdown_Parent' is clicked on

2019-05-20 08:32:45 - [MESSAGE][PASSED] - Object: 'Object Repository/ADMIN/Categories/Category/dropdown_Parent' is clicked on

2019-05-20 08:32:45 - [TEST_STEP][PASSED] - selectOptionByLabel: All options with label 'Category 1.3' are selected in object 'Object Repository/ADMIN/Categories/Category/dropdown_Parent' 

2019-05-20 08:32:46 - [MESSAGE][PASSED] - All options with label 'Category 1.3' are selected in object 'Object Repository/ADMIN/Categories/Category/dropdown_Parent' 

2019-05-20 08:32:46 - [TEST_STEP][PASSED] - click: Object: 'Object Repository/ADMIN/Categories/Category/button_Browse' is clicked on

2019-05-20 08:32:46 - [MESSAGE][PASSED] - Object: 'Object Repository/ADMIN/Categories/Category/button_Browse' is clicked on

2019-05-20 08:32:46 - [TEST_STEP][PASSED] - delay: Delayed 1 second(s)

2019-05-20 08:32:47 - [MESSAGE][PASSED] - Delayed 1 second(s)

2019-05-20 08:32:47 - [TEST_STEP][PASSED] - uploadFile: File 'C:\\Katalon\\Image\\pic1.jpg' sent to object: 'Object Repository/ADMIN/Categories/Category/image_input image'

2019-05-20 08:32:47 - [MESSAGE][PASSED] - File 'C:\\Katalon\\Image\\pic1.jpg' sent to object: 'Object Repository/ADMIN/Categories/Category/image_input image'

2019-05-20 08:32:47 - [TEST_STEP][PASSED] - waitForElementVisible: Object 'Object Repository/ADMIN/Categories/Category/button_upload check' is visible

2019-05-20 08:32:47 - [MESSAGE][WARNING] - Timeout '0' is invalid. Using default page load timeout: '30'

2019-05-20 08:32:47 - [MESSAGE][PASSED] - Object 'Object Repository/ADMIN/Categories/Category/button_upload check' is visible

2019-05-20 08:32:47 - [TEST_STEP][PASSED] - click: Object: 'Object Repository/ADMIN/Categories/Category/button_upload check' is clicked on

2019-05-20 08:32:47 - [MESSAGE][PASSED] - Object: 'Object Repository/ADMIN/Categories/Category/button_upload check' is clicked on

2019-05-20 08:32:47 - [TEST_STEP][PASSED] - click: Object: 'Object Repository/ADMIN/Categories/Category/button_upload save' is clicked on

2019-05-20 08:32:47 - [MESSAGE][PASSED] - Object: 'Object Repository/ADMIN/Categories/Category/button_upload save' is clicked on

2019-05-20 08:32:47 - [TEST_STEP][PASSED] - waitForElementVisible: Object 'Object Repository/ADMIN/Categories/Category/button_upload save' is visible

2019-05-20 08:32:47 - [MESSAGE][WARNING] - Timeout '0' is invalid. Using default page load timeout: '30'

2019-05-20 08:32:47 - [MESSAGE][PASSED] - Object 'Object Repository/ADMIN/Categories/Category/button_upload save' is visible

2019-05-20 08:32:47 - [TEST_STEP][PASSED] - setText: Text 'Description14' is set on object 'Object Repository/ADMIN/Categories/Category/textfield_category_description'

2019-05-20 08:32:47 - [MESSAGE][PASSED] - Text 'Description14' is set on object 'Object Repository/ADMIN/Categories/Category/textfield_category_description'

2019-05-20 08:32:47 - [TEST_STEP][PASSED] - click: Object: 'Object Repository/ADMIN/Categories/Category/button_Save' is clicked on

2019-05-20 08:32:47 - [MESSAGE][PASSED] - Object: 'Object Repository/ADMIN/Categories/Category/button_Save' is clicked on

2019-05-20 08:32:47 - [TEST_STEP][PASSED] - waitForElementVisible: Object 'Object Repository/ADMIN/Categories/Category/label_edit popup' is visible

2019-05-20 08:32:47 - [MESSAGE][WARNING] - Timeout '0' is invalid. Using default page load timeout: '30'

2019-05-20 08:32:48 - [MESSAGE][PASSED] - Object 'Object Repository/ADMIN/Categories/Category/label_edit popup' is visible

2019-05-20 08:32:48 - [TEST_STEP][PASSED] - waitForElementNotPresent: Web element with id: 'Object Repository/ADMIN/Categories/Category/label_edit popup' located by 'By.xpath: //div[(text() = 'Category was successfully saved.' or . = 'Category was successfully saved.')]' is not present after '30' second(s)

2019-05-20 08:32:48 - [MESSAGE][WARNING] - Timeout '0' is invalid. Using default page load timeout: '30'

2019-05-20 08:32:54 - [MESSAGE][PASSED] - Web element with id: 'Object Repository/ADMIN/Categories/Category/label_edit popup' located by 'By.xpath: //div[(text() = 'Category was successfully saved.' or . = 'Category was successfully saved.')]' is not present after '30' second(s)]]></system-out>
         <system-err><![CDATA[]]></system-err>
      </testcase>
      <testcase name="Test Cases/ADMIN/Content Mgmt/Categories/Category Add-Edit/Add Category" classname="Test Cases/ADMIN/Content Mgmt/Categories/Category Add-Edit/Add Category" status="FAILED">
         <failure type="FAILED" message="Unable to click on object 'Object Repository/ADMIN/Categories/Category List/button_Categories' (Root cause: org.openqa.selenium.WebDriverException: unknown error: Element &lt;a href=&quot;/admin/categorymanager/index&quot;>...&lt;/a> is not clickable at point (129, 406). Other element would receive the click: &lt;a href=&quot;#&quot;>...&lt;/a>
  (Session info: chrome=74.0.3729.157)
  (Driver info: chromedriver=2.35.528161 (5b82f2d2aae0ca24b877009200ced9065a772e73),platform=Windows NT 6.1.7601 SP1 x86_64) (WARNING: The server did not provide any stacktrace information)
Command duration or timeout: 0 milliseconds
Build info: version: '3.7.1', revision: '8a0099a', time: '2017-11-06T21:07:36.161Z'
System info: host: 'ARCADIER-PC', ip: '10.10.31.95', os.name: 'Windows 7', os.arch: 'amd64', os.version: '6.1', java.version: '1.8.0_102'
Driver info: com.kms.katalon.core.webui.driver.ExistingRemoteWebDriver
Capabilities {javascriptEnabled: true, platform: ANY, platformName: ANY}
Session ID: 2609dc86013a09d8daebbf33ac0c67a9)"/>
         <system-out><![CDATA[2019-05-20 08:32:54 - [TEST_CASE][FAILED] - Test Cases/ADMIN/Content Mgmt/Categories/Category Add-Edit/Add Category: Test Cases/ADMIN/Content Mgmt/Categories/Category Add-Edit/Add Category FAILED because (of) Unable to click on object 'Object Repository/ADMIN/Categories/Category List/button_Categories' (Root cause: org.openqa.selenium.WebDriverException: unknown error: Element <a href="/admin/categorymanager/index">...</a> is not clickable at point (129, 406). Other element would receive the click: <a href="#">...</a>
  (Session info: chrome=74.0.3729.157)
  (Driver info: chromedriver=2.35.528161 (5b82f2d2aae0ca24b877009200ced9065a772e73),platform=Windows NT 6.1.7601 SP1 x86_64) (WARNING: The server did not provide any stacktrace information)
Command duration or timeout: 0 milliseconds
Build info: version: '3.7.1', revision: '8a0099a', time: '2017-11-06T21:07:36.161Z'
System info: host: 'ARCADIER-PC', ip: '10.10.31.95', os.name: 'Windows 7', os.arch: 'amd64', os.version: '6.1', java.version: '1.8.0_102'
Driver info: com.kms.katalon.core.webui.driver.ExistingRemoteWebDriver
Capabilities {javascriptEnabled: true, platform: ANY, platformName: ANY}
Session ID: 2609dc86013a09d8daebbf33ac0c67a9)

2019-05-20 08:32:54 - [TEST_STEP][PASSED] - waitForElementVisible: Object 'Object Repository/ADMIN/Categories/Category List/button_Content Mgmt' is visible

2019-05-20 08:32:54 - [MESSAGE][WARNING] - Timeout '0' is invalid. Using default page load timeout: '30'

2019-05-20 08:32:54 - [MESSAGE][PASSED] - Object 'Object Repository/ADMIN/Categories/Category List/button_Content Mgmt' is visible

2019-05-20 08:32:54 - [TEST_STEP][PASSED] - click: Object: 'Object Repository/ADMIN/Categories/Category List/button_Content Mgmt' is clicked on

2019-05-20 08:32:55 - [MESSAGE][PASSED] - Object: 'Object Repository/ADMIN/Categories/Category List/button_Content Mgmt' is clicked on

2019-05-20 08:32:55 - [TEST_STEP][PASSED] - waitForElementVisible: Object 'Object Repository/ADMIN/Categories/Category List/button_Categories' is visible

2019-05-20 08:32:55 - [MESSAGE][WARNING] - Timeout '0' is invalid. Using default page load timeout: '30'

2019-05-20 08:32:55 - [MESSAGE][PASSED] - Object 'Object Repository/ADMIN/Categories/Category List/button_Categories' is visible

2019-05-20 08:32:55 - [TEST_STEP][FAILED] - click: Unable to click on object 'Object Repository/ADMIN/Categories/Category List/button_Categories' (Root cause: org.openqa.selenium.WebDriverException: unknown error: Element <a href="/admin/categorymanager/index">...</a> is not clickable at point (129, 406). Other element would receive the click: <a href="#">...</a>
  (Session info: chrome=74.0.3729.157)
  (Driver info: chromedriver=2.35.528161 (5b82f2d2aae0ca24b877009200ced9065a772e73),platform=Windows NT 6.1.7601 SP1 x86_64) (WARNING: The server did not provide any stacktrace information)
Command duration or timeout: 0 milliseconds
Build info: version: '3.7.1', revision: '8a0099a', time: '2017-11-06T21:07:36.161Z'
System info: host: 'ARCADIER-PC', ip: '10.10.31.95', os.name: 'Windows 7', os.arch: 'amd64', os.version: '6.1', java.version: '1.8.0_102'
Driver info: com.kms.katalon.core.webui.driver.ExistingRemoteWebDriver
Capabilities {javascriptEnabled: true, platform: ANY, platformName: ANY}
Session ID: 2609dc86013a09d8daebbf33ac0c67a9)

2019-05-20 08:32:55 - [MESSAGE][FAILED] - Unable to click on object 'Object Repository/ADMIN/Categories/Category List/button_Categories' (Root cause: org.openqa.selenium.WebDriverException: unknown error: Element <a href="/admin/categorymanager/index">...</a> is not clickable at point (129, 406). Other element would receive the click: <a href="#">...</a>
  (Session info: chrome=74.0.3729.157)
  (Driver info: chromedriver=2.35.528161 (5b82f2d2aae0ca24b877009200ced9065a772e73),platform=Windows NT 6.1.7601 SP1 x86_64) (WARNING: The server did not provide any stacktrace information)
Command duration or timeout: 0 milliseconds
Build info: version: '3.7.1', revision: '8a0099a', time: '2017-11-06T21:07:36.161Z'
System info: host: 'ARCADIER-PC', ip: '10.10.31.95', os.name: 'Windows 7', os.arch: 'amd64', os.version: '6.1', java.version: '1.8.0_102'
Driver info: com.kms.katalon.core.webui.driver.ExistingRemoteWebDriver
Capabilities {javascriptEnabled: true, platform: ANY, platformName: ANY}
Session ID: 2609dc86013a09d8daebbf33ac0c67a9)
[[ATTACHMENT|C:\\Users\\Arcadier\\git\\Arctick\\Reports\\Suites\\Admin Add Category\\20190520_082941\\1558312375233.png]]

2019-05-20 08:32:55 - [TEST_STEP][PASSED] - waitForPageLoad: Wait for page load successfully

2019-05-20 08:32:55 - [MESSAGE][WARNING] - Timeout '0' is invalid. Using default page load timeout: '30'

2019-05-20 08:32:55 - [MESSAGE][PASSED] - Wait for page load successfully

2019-05-20 08:32:55 - [TEST_STEP][PASSED] - click: Object: 'Object Repository/ADMIN/Categories/Category List/button_Add a Category' is clicked on

2019-05-20 08:32:55 - [MESSAGE][PASSED] - Object: 'Object Repository/ADMIN/Categories/Category List/button_Add a Category' is clicked on

2019-05-20 08:32:55 - [TEST_STEP][PASSED] - waitForElementPresent: Object 'Object Repository/ADMIN/Categories/Category/dropdown_Parent' is present

2019-05-20 08:32:55 - [MESSAGE][PASSED] - Object 'Object Repository/ADMIN/Categories/Category/dropdown_Parent' is present

2019-05-20 08:32:55 - [TEST_STEP][PASSED] - delay: Delayed 1 second(s)

2019-05-20 08:32:56 - [MESSAGE][PASSED] - Delayed 1 second(s)

2019-05-20 08:32:56 - [TEST_STEP][PASSED] - setText: Text 'Category 1.3.4' is set on object 'Object Repository/ADMIN/Categories/Category/textfield_Category Name'

2019-05-20 08:32:57 - [MESSAGE][PASSED] - Text 'Category 1.3.4' is set on object 'Object Repository/ADMIN/Categories/Category/textfield_Category Name'

2019-05-20 08:32:57 - [TEST_STEP][PASSED] - click: Object: 'Object Repository/ADMIN/Categories/Category/dropdown_Parent' is clicked on

2019-05-20 08:32:57 - [MESSAGE][PASSED] - Object: 'Object Repository/ADMIN/Categories/Category/dropdown_Parent' is clicked on

2019-05-20 08:32:57 - [TEST_STEP][PASSED] - delay: Delayed 2 second(s)

2019-05-20 08:32:59 - [MESSAGE][PASSED] - Delayed 2 second(s)

2019-05-20 08:32:59 - [TEST_STEP][PASSED] - click: Object: 'Object Repository/ADMIN/Categories/Category/dropdown_Parent' is clicked on

2019-05-20 08:32:59 - [MESSAGE][PASSED] - Object: 'Object Repository/ADMIN/Categories/Category/dropdown_Parent' is clicked on

2019-05-20 08:32:59 - [TEST_STEP][PASSED] - selectOptionByLabel: All options with label 'Category 1.3' are selected in object 'Object Repository/ADMIN/Categories/Category/dropdown_Parent' 

2019-05-20 08:32:59 - [MESSAGE][PASSED] - All options with label 'Category 1.3' are selected in object 'Object Repository/ADMIN/Categories/Category/dropdown_Parent' 

2019-05-20 08:32:59 - [TEST_STEP][PASSED] - click: Object: 'Object Repository/ADMIN/Categories/Category/button_Browse' is clicked on

2019-05-20 08:32:59 - [MESSAGE][PASSED] - Object: 'Object Repository/ADMIN/Categories/Category/button_Browse' is clicked on

2019-05-20 08:32:59 - [TEST_STEP][PASSED] - delay: Delayed 1 second(s)

2019-05-20 08:33:00 - [MESSAGE][PASSED] - Delayed 1 second(s)

2019-05-20 08:33:00 - [TEST_STEP][PASSED] - uploadFile: File 'C:\\Katalon\\Image\\pic2.jpg' sent to object: 'Object Repository/ADMIN/Categories/Category/image_input image'

2019-05-20 08:33:00 - [MESSAGE][PASSED] - File 'C:\\Katalon\\Image\\pic2.jpg' sent to object: 'Object Repository/ADMIN/Categories/Category/image_input image'

2019-05-20 08:33:00 - [TEST_STEP][PASSED] - waitForElementVisible: Object 'Object Repository/ADMIN/Categories/Category/button_upload check' is visible

2019-05-20 08:33:00 - [MESSAGE][WARNING] - Timeout '0' is invalid. Using default page load timeout: '30'

2019-05-20 08:33:00 - [MESSAGE][PASSED] - Object 'Object Repository/ADMIN/Categories/Category/button_upload check' is visible

2019-05-20 08:33:00 - [TEST_STEP][PASSED] - click: Object: 'Object Repository/ADMIN/Categories/Category/button_upload check' is clicked on

2019-05-20 08:33:00 - [MESSAGE][PASSED] - Object: 'Object Repository/ADMIN/Categories/Category/button_upload check' is clicked on

2019-05-20 08:33:00 - [TEST_STEP][PASSED] - click: Object: 'Object Repository/ADMIN/Categories/Category/button_upload save' is clicked on

2019-05-20 08:33:00 - [MESSAGE][PASSED] - Object: 'Object Repository/ADMIN/Categories/Category/button_upload save' is clicked on

2019-05-20 08:33:00 - [TEST_STEP][PASSED] - waitForElementVisible: Object 'Object Repository/ADMIN/Categories/Category/button_upload save' is visible

2019-05-20 08:33:00 - [MESSAGE][WARNING] - Timeout '0' is invalid. Using default page load timeout: '30'

2019-05-20 08:33:01 - [MESSAGE][PASSED] - Object 'Object Repository/ADMIN/Categories/Category/button_upload save' is visible

2019-05-20 08:33:01 - [TEST_STEP][PASSED] - setText: Text 'Description15' is set on object 'Object Repository/ADMIN/Categories/Category/textfield_category_description'

2019-05-20 08:33:01 - [MESSAGE][PASSED] - Text 'Description15' is set on object 'Object Repository/ADMIN/Categories/Category/textfield_category_description'

2019-05-20 08:33:01 - [TEST_STEP][PASSED] - click: Object: 'Object Repository/ADMIN/Categories/Category/button_Save' is clicked on

2019-05-20 08:33:01 - [MESSAGE][PASSED] - Object: 'Object Repository/ADMIN/Categories/Category/button_Save' is clicked on

2019-05-20 08:33:01 - [TEST_STEP][PASSED] - waitForElementVisible: Object 'Object Repository/ADMIN/Categories/Category/label_edit popup' is visible

2019-05-20 08:33:01 - [MESSAGE][WARNING] - Timeout '0' is invalid. Using default page load timeout: '30'

2019-05-20 08:33:02 - [MESSAGE][PASSED] - Object 'Object Repository/ADMIN/Categories/Category/label_edit popup' is visible

2019-05-20 08:33:02 - [TEST_STEP][PASSED] - waitForElementNotPresent: Web element with id: 'Object Repository/ADMIN/Categories/Category/label_edit popup' located by 'By.xpath: //div[(text() = 'Category was successfully saved.' or . = 'Category was successfully saved.')]' is not present after '30' second(s)

2019-05-20 08:33:02 - [MESSAGE][WARNING] - Timeout '0' is invalid. Using default page load timeout: '30'

2019-05-20 08:33:08 - [MESSAGE][PASSED] - Web element with id: 'Object Repository/ADMIN/Categories/Category/label_edit popup' located by 'By.xpath: //div[(text() = 'Category was successfully saved.' or . = 'Category was successfully saved.')]' is not present after '30' second(s)]]></system-out>
         <system-err><![CDATA[2019-05-20 08:32:54 - [TEST_CASE][FAILED] - Test Cases/ADMIN/Content Mgmt/Categories/Category Add-Edit/Add Category: Test Cases/ADMIN/Content Mgmt/Categories/Category Add-Edit/Add Category FAILED because (of) Unable to click on object 'Object Repository/ADMIN/Categories/Category List/button_Categories' (Root cause: org.openqa.selenium.WebDriverException: unknown error: Element <a href="/admin/categorymanager/index">...</a> is not clickable at point (129, 406). Other element would receive the click: <a href="#">...</a>
  (Session info: chrome=74.0.3729.157)
  (Driver info: chromedriver=2.35.528161 (5b82f2d2aae0ca24b877009200ced9065a772e73),platform=Windows NT 6.1.7601 SP1 x86_64) (WARNING: The server did not provide any stacktrace information)
Command duration or timeout: 0 milliseconds
Build info: version: '3.7.1', revision: '8a0099a', time: '2017-11-06T21:07:36.161Z'
System info: host: 'ARCADIER-PC', ip: '10.10.31.95', os.name: 'Windows 7', os.arch: 'amd64', os.version: '6.1', java.version: '1.8.0_102'
Driver info: com.kms.katalon.core.webui.driver.ExistingRemoteWebDriver
Capabilities {javascriptEnabled: true, platform: ANY, platformName: ANY}
Session ID: 2609dc86013a09d8daebbf33ac0c67a9)]]></system-err>
      </testcase>
      <testcase name="Test Cases/ADMIN/Content Mgmt/Categories/Category Add-Edit/Add Category" classname="Test Cases/ADMIN/Content Mgmt/Categories/Category Add-Edit/Add Category" status="PASSED">
         <system-out><![CDATA[2019-05-20 08:33:08 - [TEST_CASE][PASSED] - Test Cases/ADMIN/Content Mgmt/Categories/Category Add-Edit/Add Category: Test Cases/ADMIN/Content Mgmt/Categories/Category Add-Edit/Add Category

2019-05-20 08:33:08 - [TEST_STEP][PASSED] - waitForElementVisible: Object 'Object Repository/ADMIN/Categories/Category List/button_Content Mgmt' is visible

2019-05-20 08:33:08 - [MESSAGE][WARNING] - Timeout '0' is invalid. Using default page load timeout: '30'

2019-05-20 08:33:08 - [MESSAGE][PASSED] - Object 'Object Repository/ADMIN/Categories/Category List/button_Content Mgmt' is visible

2019-05-20 08:33:08 - [TEST_STEP][PASSED] - click: Object: 'Object Repository/ADMIN/Categories/Category List/button_Content Mgmt' is clicked on

2019-05-20 08:33:08 - [MESSAGE][PASSED] - Object: 'Object Repository/ADMIN/Categories/Category List/button_Content Mgmt' is clicked on

2019-05-20 08:33:08 - [TEST_STEP][PASSED] - waitForElementVisible: Object 'Object Repository/ADMIN/Categories/Category List/button_Categories' is visible

2019-05-20 08:33:08 - [MESSAGE][WARNING] - Timeout '0' is invalid. Using default page load timeout: '30'

2019-05-20 08:33:08 - [MESSAGE][PASSED] - Object 'Object Repository/ADMIN/Categories/Category List/button_Categories' is visible

2019-05-20 08:33:08 - [TEST_STEP][PASSED] - click: Object: 'Object Repository/ADMIN/Categories/Category List/button_Categories' is clicked on

2019-05-20 08:33:09 - [MESSAGE][PASSED] - Object: 'Object Repository/ADMIN/Categories/Category List/button_Categories' is clicked on

2019-05-20 08:33:09 - [TEST_STEP][PASSED] - waitForPageLoad: Wait for page load successfully

2019-05-20 08:33:09 - [MESSAGE][WARNING] - Timeout '0' is invalid. Using default page load timeout: '30'

2019-05-20 08:33:09 - [MESSAGE][PASSED] - Wait for page load successfully

2019-05-20 08:33:09 - [TEST_STEP][PASSED] - click: Object: 'Object Repository/ADMIN/Categories/Category List/button_Add a Category' is clicked on

2019-05-20 08:33:09 - [MESSAGE][PASSED] - Object: 'Object Repository/ADMIN/Categories/Category List/button_Add a Category' is clicked on

2019-05-20 08:33:09 - [TEST_STEP][PASSED] - waitForElementPresent: Object 'Object Repository/ADMIN/Categories/Category/dropdown_Parent' is present

2019-05-20 08:33:09 - [MESSAGE][PASSED] - Object 'Object Repository/ADMIN/Categories/Category/dropdown_Parent' is present

2019-05-20 08:33:09 - [TEST_STEP][PASSED] - delay: Delayed 1 second(s)

2019-05-20 08:33:10 - [MESSAGE][PASSED] - Delayed 1 second(s)

2019-05-20 08:33:10 - [TEST_STEP][PASSED] - setText: Text 'Category 2' is set on object 'Object Repository/ADMIN/Categories/Category/textfield_Category Name'

2019-05-20 08:33:11 - [MESSAGE][PASSED] - Text 'Category 2' is set on object 'Object Repository/ADMIN/Categories/Category/textfield_Category Name'

2019-05-20 08:33:11 - [TEST_STEP][PASSED] - click: Object: 'Object Repository/ADMIN/Categories/Category/dropdown_Parent' is clicked on

2019-05-20 08:33:11 - [MESSAGE][PASSED] - Object: 'Object Repository/ADMIN/Categories/Category/dropdown_Parent' is clicked on

2019-05-20 08:33:11 - [TEST_STEP][PASSED] - delay: Delayed 2 second(s)

2019-05-20 08:33:13 - [MESSAGE][PASSED] - Delayed 2 second(s)

2019-05-20 08:33:13 - [TEST_STEP][PASSED] - click: Object: 'Object Repository/ADMIN/Categories/Category/dropdown_Parent' is clicked on

2019-05-20 08:33:13 - [MESSAGE][PASSED] - Object: 'Object Repository/ADMIN/Categories/Category/dropdown_Parent' is clicked on

2019-05-20 08:33:13 - [TEST_STEP][PASSED] - selectOptionByLabel: All options with label '-' are selected in object 'Object Repository/ADMIN/Categories/Category/dropdown_Parent' 

2019-05-20 08:33:13 - [MESSAGE][PASSED] - All options with label '-' are selected in object 'Object Repository/ADMIN/Categories/Category/dropdown_Parent' 

2019-05-20 08:33:13 - [TEST_STEP][PASSED] - click: Object: 'Object Repository/ADMIN/Categories/Category/button_Browse' is clicked on

2019-05-20 08:33:13 - [MESSAGE][PASSED] - Object: 'Object Repository/ADMIN/Categories/Category/button_Browse' is clicked on

2019-05-20 08:33:13 - [TEST_STEP][PASSED] - delay: Delayed 1 second(s)

2019-05-20 08:33:14 - [MESSAGE][PASSED] - Delayed 1 second(s)

2019-05-20 08:33:14 - [TEST_STEP][PASSED] - uploadFile: File 'C:\\Katalon\\Image\\pic3.jpg' sent to object: 'Object Repository/ADMIN/Categories/Category/image_input image'

2019-05-20 08:33:14 - [MESSAGE][PASSED] - File 'C:\\Katalon\\Image\\pic3.jpg' sent to object: 'Object Repository/ADMIN/Categories/Category/image_input image'

2019-05-20 08:33:14 - [TEST_STEP][PASSED] - waitForElementVisible: Object 'Object Repository/ADMIN/Categories/Category/button_upload check' is visible

2019-05-20 08:33:14 - [MESSAGE][WARNING] - Timeout '0' is invalid. Using default page load timeout: '30'

2019-05-20 08:33:14 - [MESSAGE][PASSED] - Object 'Object Repository/ADMIN/Categories/Category/button_upload check' is visible

2019-05-20 08:33:14 - [TEST_STEP][PASSED] - click: Object: 'Object Repository/ADMIN/Categories/Category/button_upload check' is clicked on

2019-05-20 08:33:14 - [MESSAGE][PASSED] - Object: 'Object Repository/ADMIN/Categories/Category/button_upload check' is clicked on

2019-05-20 08:33:14 - [TEST_STEP][PASSED] - click: Object: 'Object Repository/ADMIN/Categories/Category/button_upload save' is clicked on

2019-05-20 08:33:14 - [MESSAGE][PASSED] - Object: 'Object Repository/ADMIN/Categories/Category/button_upload save' is clicked on

2019-05-20 08:33:14 - [TEST_STEP][PASSED] - waitForElementVisible: Object 'Object Repository/ADMIN/Categories/Category/button_upload save' is visible

2019-05-20 08:33:14 - [MESSAGE][WARNING] - Timeout '0' is invalid. Using default page load timeout: '30'

2019-05-20 08:33:15 - [MESSAGE][PASSED] - Object 'Object Repository/ADMIN/Categories/Category/button_upload save' is visible

2019-05-20 08:33:15 - [TEST_STEP][PASSED] - setText: Text 'Description16' is set on object 'Object Repository/ADMIN/Categories/Category/textfield_category_description'

2019-05-20 08:33:15 - [MESSAGE][PASSED] - Text 'Description16' is set on object 'Object Repository/ADMIN/Categories/Category/textfield_category_description'

2019-05-20 08:33:15 - [TEST_STEP][PASSED] - click: Object: 'Object Repository/ADMIN/Categories/Category/button_Save' is clicked on

2019-05-20 08:33:15 - [MESSAGE][PASSED] - Object: 'Object Repository/ADMIN/Categories/Category/button_Save' is clicked on

2019-05-20 08:33:15 - [TEST_STEP][PASSED] - waitForElementVisible: Object 'Object Repository/ADMIN/Categories/Category/label_edit popup' is visible

2019-05-20 08:33:15 - [MESSAGE][WARNING] - Timeout '0' is invalid. Using default page load timeout: '30'

2019-05-20 08:33:15 - [MESSAGE][PASSED] - Object 'Object Repository/ADMIN/Categories/Category/label_edit popup' is visible

2019-05-20 08:33:15 - [TEST_STEP][PASSED] - waitForElementNotPresent: Web element with id: 'Object Repository/ADMIN/Categories/Category/label_edit popup' located by 'By.xpath: //div[(text() = 'Category was successfully saved.' or . = 'Category was successfully saved.')]' is not present after '30' second(s)

2019-05-20 08:33:15 - [MESSAGE][WARNING] - Timeout '0' is invalid. Using default page load timeout: '30'

2019-05-20 08:33:21 - [MESSAGE][PASSED] - Web element with id: 'Object Repository/ADMIN/Categories/Category/label_edit popup' located by 'By.xpath: //div[(text() = 'Category was successfully saved.' or . = 'Category was successfully saved.')]' is not present after '30' second(s)]]></system-out>
         <system-err><![CDATA[]]></system-err>
      </testcase>
      <testcase name="Test Cases/ADMIN/Content Mgmt/Categories/Category Add-Edit/Add Category" classname="Test Cases/ADMIN/Content Mgmt/Categories/Category Add-Edit/Add Category" status="PASSED">
         <system-out><![CDATA[2019-05-20 08:33:21 - [TEST_CASE][PASSED] - Test Cases/ADMIN/Content Mgmt/Categories/Category Add-Edit/Add Category: Test Cases/ADMIN/Content Mgmt/Categories/Category Add-Edit/Add Category

2019-05-20 08:33:21 - [TEST_STEP][PASSED] - waitForElementVisible: Object 'Object Repository/ADMIN/Categories/Category List/button_Content Mgmt' is visible

2019-05-20 08:33:21 - [MESSAGE][WARNING] - Timeout '0' is invalid. Using default page load timeout: '30'

2019-05-20 08:33:21 - [MESSAGE][PASSED] - Object 'Object Repository/ADMIN/Categories/Category List/button_Content Mgmt' is visible

2019-05-20 08:33:21 - [TEST_STEP][PASSED] - click: Object: 'Object Repository/ADMIN/Categories/Category List/button_Content Mgmt' is clicked on

2019-05-20 08:33:22 - [MESSAGE][PASSED] - Object: 'Object Repository/ADMIN/Categories/Category List/button_Content Mgmt' is clicked on

2019-05-20 08:33:22 - [TEST_STEP][PASSED] - waitForElementVisible: Object 'Object Repository/ADMIN/Categories/Category List/button_Categories' is visible

2019-05-20 08:33:22 - [MESSAGE][WARNING] - Timeout '0' is invalid. Using default page load timeout: '30'

2019-05-20 08:33:22 - [MESSAGE][PASSED] - Object 'Object Repository/ADMIN/Categories/Category List/button_Categories' is visible

2019-05-20 08:33:22 - [TEST_STEP][PASSED] - click: Object: 'Object Repository/ADMIN/Categories/Category List/button_Categories' is clicked on

2019-05-20 08:33:22 - [MESSAGE][PASSED] - Object: 'Object Repository/ADMIN/Categories/Category List/button_Categories' is clicked on

2019-05-20 08:33:22 - [TEST_STEP][PASSED] - waitForPageLoad: Wait for page load successfully

2019-05-20 08:33:22 - [MESSAGE][WARNING] - Timeout '0' is invalid. Using default page load timeout: '30'

2019-05-20 08:33:22 - [MESSAGE][PASSED] - Wait for page load successfully

2019-05-20 08:33:22 - [TEST_STEP][PASSED] - click: Object: 'Object Repository/ADMIN/Categories/Category List/button_Add a Category' is clicked on

2019-05-20 08:33:23 - [MESSAGE][PASSED] - Object: 'Object Repository/ADMIN/Categories/Category List/button_Add a Category' is clicked on

2019-05-20 08:33:23 - [TEST_STEP][PASSED] - waitForElementPresent: Object 'Object Repository/ADMIN/Categories/Category/dropdown_Parent' is present

2019-05-20 08:33:23 - [MESSAGE][PASSED] - Object 'Object Repository/ADMIN/Categories/Category/dropdown_Parent' is present

2019-05-20 08:33:23 - [TEST_STEP][PASSED] - delay: Delayed 1 second(s)

2019-05-20 08:33:24 - [MESSAGE][PASSED] - Delayed 1 second(s)

2019-05-20 08:33:24 - [TEST_STEP][PASSED] - setText: Text 'Category 2.1' is set on object 'Object Repository/ADMIN/Categories/Category/textfield_Category Name'

2019-05-20 08:33:24 - [MESSAGE][PASSED] - Text 'Category 2.1' is set on object 'Object Repository/ADMIN/Categories/Category/textfield_Category Name'

2019-05-20 08:33:24 - [TEST_STEP][PASSED] - click: Object: 'Object Repository/ADMIN/Categories/Category/dropdown_Parent' is clicked on

2019-05-20 08:33:24 - [MESSAGE][PASSED] - Object: 'Object Repository/ADMIN/Categories/Category/dropdown_Parent' is clicked on

2019-05-20 08:33:24 - [TEST_STEP][PASSED] - delay: Delayed 2 second(s)

2019-05-20 08:33:26 - [MESSAGE][PASSED] - Delayed 2 second(s)

2019-05-20 08:33:26 - [TEST_STEP][PASSED] - click: Object: 'Object Repository/ADMIN/Categories/Category/dropdown_Parent' is clicked on

2019-05-20 08:33:26 - [MESSAGE][PASSED] - Object: 'Object Repository/ADMIN/Categories/Category/dropdown_Parent' is clicked on

2019-05-20 08:33:26 - [TEST_STEP][PASSED] - selectOptionByLabel: All options with label 'Category 2' are selected in object 'Object Repository/ADMIN/Categories/Category/dropdown_Parent' 

2019-05-20 08:33:27 - [MESSAGE][PASSED] - All options with label 'Category 2' are selected in object 'Object Repository/ADMIN/Categories/Category/dropdown_Parent' 

2019-05-20 08:33:27 - [TEST_STEP][PASSED] - click: Object: 'Object Repository/ADMIN/Categories/Category/button_Browse' is clicked on

2019-05-20 08:33:27 - [MESSAGE][PASSED] - Object: 'Object Repository/ADMIN/Categories/Category/button_Browse' is clicked on

2019-05-20 08:33:27 - [TEST_STEP][PASSED] - delay: Delayed 1 second(s)

2019-05-20 08:33:28 - [MESSAGE][PASSED] - Delayed 1 second(s)

2019-05-20 08:33:28 - [TEST_STEP][PASSED] - uploadFile: File 'C:\\Katalon\\Image\\pic4.jpg' sent to object: 'Object Repository/ADMIN/Categories/Category/image_input image'

2019-05-20 08:33:28 - [MESSAGE][PASSED] - File 'C:\\Katalon\\Image\\pic4.jpg' sent to object: 'Object Repository/ADMIN/Categories/Category/image_input image'

2019-05-20 08:33:28 - [TEST_STEP][PASSED] - waitForElementVisible: Object 'Object Repository/ADMIN/Categories/Category/button_upload check' is visible

2019-05-20 08:33:28 - [MESSAGE][WARNING] - Timeout '0' is invalid. Using default page load timeout: '30'

2019-05-20 08:33:28 - [MESSAGE][PASSED] - Object 'Object Repository/ADMIN/Categories/Category/button_upload check' is visible

2019-05-20 08:33:28 - [TEST_STEP][PASSED] - click: Object: 'Object Repository/ADMIN/Categories/Category/button_upload check' is clicked on

2019-05-20 08:33:28 - [MESSAGE][PASSED] - Object: 'Object Repository/ADMIN/Categories/Category/button_upload check' is clicked on

2019-05-20 08:33:28 - [TEST_STEP][PASSED] - click: Object: 'Object Repository/ADMIN/Categories/Category/button_upload save' is clicked on

2019-05-20 08:33:28 - [MESSAGE][PASSED] - Object: 'Object Repository/ADMIN/Categories/Category/button_upload save' is clicked on

2019-05-20 08:33:28 - [TEST_STEP][PASSED] - waitForElementVisible: Object 'Object Repository/ADMIN/Categories/Category/button_upload save' is visible

2019-05-20 08:33:28 - [MESSAGE][WARNING] - Timeout '0' is invalid. Using default page load timeout: '30'

2019-05-20 08:33:28 - [MESSAGE][PASSED] - Object 'Object Repository/ADMIN/Categories/Category/button_upload save' is visible

2019-05-20 08:33:28 - [TEST_STEP][PASSED] - setText: Text 'Description17' is set on object 'Object Repository/ADMIN/Categories/Category/textfield_category_description'

2019-05-20 08:33:28 - [MESSAGE][PASSED] - Text 'Description17' is set on object 'Object Repository/ADMIN/Categories/Category/textfield_category_description'

2019-05-20 08:33:28 - [TEST_STEP][PASSED] - click: Object: 'Object Repository/ADMIN/Categories/Category/button_Save' is clicked on

2019-05-20 08:33:29 - [MESSAGE][PASSED] - Object: 'Object Repository/ADMIN/Categories/Category/button_Save' is clicked on

2019-05-20 08:33:29 - [TEST_STEP][PASSED] - waitForElementVisible: Object 'Object Repository/ADMIN/Categories/Category/label_edit popup' is visible

2019-05-20 08:33:29 - [MESSAGE][WARNING] - Timeout '0' is invalid. Using default page load timeout: '30'

2019-05-20 08:33:29 - [MESSAGE][PASSED] - Object 'Object Repository/ADMIN/Categories/Category/label_edit popup' is visible

2019-05-20 08:33:29 - [TEST_STEP][PASSED] - waitForElementNotPresent: Web element with id: 'Object Repository/ADMIN/Categories/Category/label_edit popup' located by 'By.xpath: //div[(text() = 'Category was successfully saved.' or . = 'Category was successfully saved.')]' is not present after '30' second(s)

2019-05-20 08:33:29 - [MESSAGE][WARNING] - Timeout '0' is invalid. Using default page load timeout: '30'

2019-05-20 08:33:35 - [MESSAGE][PASSED] - Web element with id: 'Object Repository/ADMIN/Categories/Category/label_edit popup' located by 'By.xpath: //div[(text() = 'Category was successfully saved.' or . = 'Category was successfully saved.')]' is not present after '30' second(s)]]></system-out>
         <system-err><![CDATA[]]></system-err>
      </testcase>
      <testcase name="Test Cases/ADMIN/Content Mgmt/Categories/Category Add-Edit/Add Category" classname="Test Cases/ADMIN/Content Mgmt/Categories/Category Add-Edit/Add Category" status="PASSED">
         <system-out><![CDATA[2019-05-20 08:33:35 - [TEST_CASE][PASSED] - Test Cases/ADMIN/Content Mgmt/Categories/Category Add-Edit/Add Category: Test Cases/ADMIN/Content Mgmt/Categories/Category Add-Edit/Add Category

2019-05-20 08:33:35 - [TEST_STEP][PASSED] - waitForElementVisible: Object 'Object Repository/ADMIN/Categories/Category List/button_Content Mgmt' is visible

2019-05-20 08:33:35 - [MESSAGE][WARNING] - Timeout '0' is invalid. Using default page load timeout: '30'

2019-05-20 08:33:35 - [MESSAGE][PASSED] - Object 'Object Repository/ADMIN/Categories/Category List/button_Content Mgmt' is visible

2019-05-20 08:33:35 - [TEST_STEP][PASSED] - click: Object: 'Object Repository/ADMIN/Categories/Category List/button_Content Mgmt' is clicked on

2019-05-20 08:33:35 - [MESSAGE][PASSED] - Object: 'Object Repository/ADMIN/Categories/Category List/button_Content Mgmt' is clicked on

2019-05-20 08:33:35 - [TEST_STEP][PASSED] - waitForElementVisible: Object 'Object Repository/ADMIN/Categories/Category List/button_Categories' is visible

2019-05-20 08:33:35 - [MESSAGE][WARNING] - Timeout '0' is invalid. Using default page load timeout: '30'

2019-05-20 08:33:35 - [MESSAGE][PASSED] - Object 'Object Repository/ADMIN/Categories/Category List/button_Categories' is visible

2019-05-20 08:33:35 - [TEST_STEP][PASSED] - click: Object: 'Object Repository/ADMIN/Categories/Category List/button_Categories' is clicked on

2019-05-20 08:33:36 - [MESSAGE][PASSED] - Object: 'Object Repository/ADMIN/Categories/Category List/button_Categories' is clicked on

2019-05-20 08:33:36 - [TEST_STEP][PASSED] - waitForPageLoad: Wait for page load successfully

2019-05-20 08:33:36 - [MESSAGE][WARNING] - Timeout '0' is invalid. Using default page load timeout: '30'

2019-05-20 08:33:36 - [MESSAGE][PASSED] - Wait for page load successfully

2019-05-20 08:33:36 - [TEST_STEP][PASSED] - click: Object: 'Object Repository/ADMIN/Categories/Category List/button_Add a Category' is clicked on

2019-05-20 08:33:36 - [MESSAGE][PASSED] - Object: 'Object Repository/ADMIN/Categories/Category List/button_Add a Category' is clicked on

2019-05-20 08:33:36 - [TEST_STEP][PASSED] - waitForElementPresent: Object 'Object Repository/ADMIN/Categories/Category/dropdown_Parent' is present

2019-05-20 08:33:36 - [MESSAGE][PASSED] - Object 'Object Repository/ADMIN/Categories/Category/dropdown_Parent' is present

2019-05-20 08:33:36 - [TEST_STEP][PASSED] - delay: Delayed 1 second(s)

2019-05-20 08:33:37 - [MESSAGE][PASSED] - Delayed 1 second(s)

2019-05-20 08:33:37 - [TEST_STEP][PASSED] - setText: Text 'Category 2.2' is set on object 'Object Repository/ADMIN/Categories/Category/textfield_Category Name'

2019-05-20 08:33:37 - [MESSAGE][PASSED] - Text 'Category 2.2' is set on object 'Object Repository/ADMIN/Categories/Category/textfield_Category Name'

2019-05-20 08:33:37 - [TEST_STEP][PASSED] - click: Object: 'Object Repository/ADMIN/Categories/Category/dropdown_Parent' is clicked on

2019-05-20 08:33:37 - [MESSAGE][PASSED] - Object: 'Object Repository/ADMIN/Categories/Category/dropdown_Parent' is clicked on

2019-05-20 08:33:37 - [TEST_STEP][PASSED] - delay: Delayed 2 second(s)

2019-05-20 08:33:39 - [MESSAGE][PASSED] - Delayed 2 second(s)

2019-05-20 08:33:39 - [TEST_STEP][PASSED] - click: Object: 'Object Repository/ADMIN/Categories/Category/dropdown_Parent' is clicked on

2019-05-20 08:33:39 - [MESSAGE][PASSED] - Object: 'Object Repository/ADMIN/Categories/Category/dropdown_Parent' is clicked on

2019-05-20 08:33:39 - [TEST_STEP][PASSED] - selectOptionByLabel: All options with label 'Category 2' are selected in object 'Object Repository/ADMIN/Categories/Category/dropdown_Parent' 

2019-05-20 08:33:39 - [MESSAGE][PASSED] - All options with label 'Category 2' are selected in object 'Object Repository/ADMIN/Categories/Category/dropdown_Parent' 

2019-05-20 08:33:39 - [TEST_STEP][PASSED] - click: Object: 'Object Repository/ADMIN/Categories/Category/button_Browse' is clicked on

2019-05-20 08:33:39 - [MESSAGE][PASSED] - Object: 'Object Repository/ADMIN/Categories/Category/button_Browse' is clicked on

2019-05-20 08:33:39 - [TEST_STEP][PASSED] - delay: Delayed 1 second(s)

2019-05-20 08:33:40 - [MESSAGE][PASSED] - Delayed 1 second(s)

2019-05-20 08:33:40 - [TEST_STEP][PASSED] - uploadFile: File 'C:\\Katalon\\Image\\pic5.jpg' sent to object: 'Object Repository/ADMIN/Categories/Category/image_input image'

2019-05-20 08:33:40 - [MESSAGE][PASSED] - File 'C:\\Katalon\\Image\\pic5.jpg' sent to object: 'Object Repository/ADMIN/Categories/Category/image_input image'

2019-05-20 08:33:40 - [TEST_STEP][PASSED] - waitForElementVisible: Object 'Object Repository/ADMIN/Categories/Category/button_upload check' is visible

2019-05-20 08:33:41 - [MESSAGE][WARNING] - Timeout '0' is invalid. Using default page load timeout: '30'

2019-05-20 08:33:41 - [MESSAGE][PASSED] - Object 'Object Repository/ADMIN/Categories/Category/button_upload check' is visible

2019-05-20 08:33:41 - [TEST_STEP][PASSED] - click: Object: 'Object Repository/ADMIN/Categories/Category/button_upload check' is clicked on

2019-05-20 08:33:41 - [MESSAGE][PASSED] - Object: 'Object Repository/ADMIN/Categories/Category/button_upload check' is clicked on

2019-05-20 08:33:41 - [TEST_STEP][PASSED] - click: Object: 'Object Repository/ADMIN/Categories/Category/button_upload save' is clicked on

2019-05-20 08:33:41 - [MESSAGE][PASSED] - Object: 'Object Repository/ADMIN/Categories/Category/button_upload save' is clicked on

2019-05-20 08:33:41 - [TEST_STEP][PASSED] - waitForElementVisible: Object 'Object Repository/ADMIN/Categories/Category/button_upload save' is visible

2019-05-20 08:33:41 - [MESSAGE][WARNING] - Timeout '0' is invalid. Using default page load timeout: '30'

2019-05-20 08:33:41 - [MESSAGE][PASSED] - Object 'Object Repository/ADMIN/Categories/Category/button_upload save' is visible

2019-05-20 08:33:41 - [TEST_STEP][PASSED] - setText: Text 'Description18' is set on object 'Object Repository/ADMIN/Categories/Category/textfield_category_description'

2019-05-20 08:33:41 - [MESSAGE][PASSED] - Text 'Description18' is set on object 'Object Repository/ADMIN/Categories/Category/textfield_category_description'

2019-05-20 08:33:41 - [TEST_STEP][PASSED] - click: Object: 'Object Repository/ADMIN/Categories/Category/button_Save' is clicked on

2019-05-20 08:33:41 - [MESSAGE][PASSED] - Object: 'Object Repository/ADMIN/Categories/Category/button_Save' is clicked on

2019-05-20 08:33:41 - [TEST_STEP][PASSED] - waitForElementVisible: Object 'Object Repository/ADMIN/Categories/Category/label_edit popup' is visible

2019-05-20 08:33:41 - [MESSAGE][WARNING] - Timeout '0' is invalid. Using default page load timeout: '30'

2019-05-20 08:33:42 - [MESSAGE][PASSED] - Object 'Object Repository/ADMIN/Categories/Category/label_edit popup' is visible

2019-05-20 08:33:42 - [TEST_STEP][PASSED] - waitForElementNotPresent: Web element with id: 'Object Repository/ADMIN/Categories/Category/label_edit popup' located by 'By.xpath: //div[(text() = 'Category was successfully saved.' or . = 'Category was successfully saved.')]' is not present after '30' second(s)

2019-05-20 08:33:42 - [MESSAGE][WARNING] - Timeout '0' is invalid. Using default page load timeout: '30'

2019-05-20 08:33:48 - [MESSAGE][PASSED] - Web element with id: 'Object Repository/ADMIN/Categories/Category/label_edit popup' located by 'By.xpath: //div[(text() = 'Category was successfully saved.' or . = 'Category was successfully saved.')]' is not present after '30' second(s)]]></system-out>
         <system-err><![CDATA[]]></system-err>
      </testcase>
      <testcase name="Test Cases/ADMIN/Content Mgmt/Categories/Category Add-Edit/Add Category" classname="Test Cases/ADMIN/Content Mgmt/Categories/Category Add-Edit/Add Category" status="FAILED">
         <failure type="FAILED" message="Unable to click on object 'Object Repository/ADMIN/Categories/Category List/button_Categories' (Root cause: org.openqa.selenium.ElementNotVisibleException: element not visible
  (Session info: chrome=74.0.3729.157)
  (Driver info: chromedriver=2.35.528161 (5b82f2d2aae0ca24b877009200ced9065a772e73),platform=Windows NT 6.1.7601 SP1 x86_64) (WARNING: The server did not provide any stacktrace information)
Command duration or timeout: 0 milliseconds
Build info: version: '3.7.1', revision: '8a0099a', time: '2017-11-06T21:07:36.161Z'
System info: host: 'ARCADIER-PC', ip: '10.10.31.95', os.name: 'Windows 7', os.arch: 'amd64', os.version: '6.1', java.version: '1.8.0_102'
Driver info: com.kms.katalon.core.webui.driver.ExistingRemoteWebDriver
Capabilities {javascriptEnabled: true, platform: ANY, platformName: ANY}
Session ID: 2609dc86013a09d8daebbf33ac0c67a9)"/>
         <system-out><![CDATA[2019-05-20 08:33:48 - [TEST_CASE][FAILED] - Test Cases/ADMIN/Content Mgmt/Categories/Category Add-Edit/Add Category: Test Cases/ADMIN/Content Mgmt/Categories/Category Add-Edit/Add Category FAILED because (of) Unable to click on object 'Object Repository/ADMIN/Categories/Category List/button_Categories' (Root cause: org.openqa.selenium.ElementNotVisibleException: element not visible
  (Session info: chrome=74.0.3729.157)
  (Driver info: chromedriver=2.35.528161 (5b82f2d2aae0ca24b877009200ced9065a772e73),platform=Windows NT 6.1.7601 SP1 x86_64) (WARNING: The server did not provide any stacktrace information)
Command duration or timeout: 0 milliseconds
Build info: version: '3.7.1', revision: '8a0099a', time: '2017-11-06T21:07:36.161Z'
System info: host: 'ARCADIER-PC', ip: '10.10.31.95', os.name: 'Windows 7', os.arch: 'amd64', os.version: '6.1', java.version: '1.8.0_102'
Driver info: com.kms.katalon.core.webui.driver.ExistingRemoteWebDriver
Capabilities {javascriptEnabled: true, platform: ANY, platformName: ANY}
Session ID: 2609dc86013a09d8daebbf33ac0c67a9)

2019-05-20 08:33:48 - [TEST_STEP][PASSED] - waitForElementVisible: Object 'Object Repository/ADMIN/Categories/Category List/button_Content Mgmt' is visible

2019-05-20 08:33:48 - [MESSAGE][WARNING] - Timeout '0' is invalid. Using default page load timeout: '30'

2019-05-20 08:33:48 - [MESSAGE][PASSED] - Object 'Object Repository/ADMIN/Categories/Category List/button_Content Mgmt' is visible

2019-05-20 08:33:48 - [TEST_STEP][PASSED] - click: Object: 'Object Repository/ADMIN/Categories/Category List/button_Content Mgmt' is clicked on

2019-05-20 08:33:48 - [MESSAGE][PASSED] - Object: 'Object Repository/ADMIN/Categories/Category List/button_Content Mgmt' is clicked on

2019-05-20 08:33:48 - [TEST_STEP][PASSED] - waitForElementVisible: Object 'Object Repository/ADMIN/Categories/Category List/button_Categories' is visible

2019-05-20 08:33:48 - [MESSAGE][WARNING] - Timeout '0' is invalid. Using default page load timeout: '30'

2019-05-20 08:33:48 - [MESSAGE][PASSED] - Object 'Object Repository/ADMIN/Categories/Category List/button_Categories' is visible

2019-05-20 08:33:48 - [TEST_STEP][FAILED] - click: Unable to click on object 'Object Repository/ADMIN/Categories/Category List/button_Categories' (Root cause: org.openqa.selenium.ElementNotVisibleException: element not visible
  (Session info: chrome=74.0.3729.157)
  (Driver info: chromedriver=2.35.528161 (5b82f2d2aae0ca24b877009200ced9065a772e73),platform=Windows NT 6.1.7601 SP1 x86_64) (WARNING: The server did not provide any stacktrace information)
Command duration or timeout: 0 milliseconds
Build info: version: '3.7.1', revision: '8a0099a', time: '2017-11-06T21:07:36.161Z'
System info: host: 'ARCADIER-PC', ip: '10.10.31.95', os.name: 'Windows 7', os.arch: 'amd64', os.version: '6.1', java.version: '1.8.0_102'
Driver info: com.kms.katalon.core.webui.driver.ExistingRemoteWebDriver
Capabilities {javascriptEnabled: true, platform: ANY, platformName: ANY}
Session ID: 2609dc86013a09d8daebbf33ac0c67a9)

2019-05-20 08:33:49 - [MESSAGE][FAILED] - Unable to click on object 'Object Repository/ADMIN/Categories/Category List/button_Categories' (Root cause: org.openqa.selenium.ElementNotVisibleException: element not visible
  (Session info: chrome=74.0.3729.157)
  (Driver info: chromedriver=2.35.528161 (5b82f2d2aae0ca24b877009200ced9065a772e73),platform=Windows NT 6.1.7601 SP1 x86_64) (WARNING: The server did not provide any stacktrace information)
Command duration or timeout: 0 milliseconds
Build info: version: '3.7.1', revision: '8a0099a', time: '2017-11-06T21:07:36.161Z'
System info: host: 'ARCADIER-PC', ip: '10.10.31.95', os.name: 'Windows 7', os.arch: 'amd64', os.version: '6.1', java.version: '1.8.0_102'
Driver info: com.kms.katalon.core.webui.driver.ExistingRemoteWebDriver
Capabilities {javascriptEnabled: true, platform: ANY, platformName: ANY}
Session ID: 2609dc86013a09d8daebbf33ac0c67a9)
[[ATTACHMENT|C:\\Users\\Arcadier\\git\\Arctick\\Reports\\Suites\\Admin Add Category\\20190520_082941\\1558312428628.png]]

2019-05-20 08:33:49 - [TEST_STEP][PASSED] - waitForPageLoad: Wait for page load successfully

2019-05-20 08:33:49 - [MESSAGE][WARNING] - Timeout '0' is invalid. Using default page load timeout: '30'

2019-05-20 08:33:49 - [MESSAGE][PASSED] - Wait for page load successfully

2019-05-20 08:33:49 - [TEST_STEP][PASSED] - click: Object: 'Object Repository/ADMIN/Categories/Category List/button_Add a Category' is clicked on

2019-05-20 08:33:49 - [MESSAGE][PASSED] - Object: 'Object Repository/ADMIN/Categories/Category List/button_Add a Category' is clicked on

2019-05-20 08:33:49 - [TEST_STEP][PASSED] - waitForElementPresent: Object 'Object Repository/ADMIN/Categories/Category/dropdown_Parent' is present

2019-05-20 08:33:49 - [MESSAGE][PASSED] - Object 'Object Repository/ADMIN/Categories/Category/dropdown_Parent' is present

2019-05-20 08:33:49 - [TEST_STEP][PASSED] - delay: Delayed 1 second(s)

2019-05-20 08:33:50 - [MESSAGE][PASSED] - Delayed 1 second(s)

2019-05-20 08:33:50 - [TEST_STEP][PASSED] - setText: Text 'Category 2.2.1' is set on object 'Object Repository/ADMIN/Categories/Category/textfield_Category Name'

2019-05-20 08:33:50 - [MESSAGE][PASSED] - Text 'Category 2.2.1' is set on object 'Object Repository/ADMIN/Categories/Category/textfield_Category Name'

2019-05-20 08:33:50 - [TEST_STEP][PASSED] - click: Object: 'Object Repository/ADMIN/Categories/Category/dropdown_Parent' is clicked on

2019-05-20 08:33:50 - [MESSAGE][PASSED] - Object: 'Object Repository/ADMIN/Categories/Category/dropdown_Parent' is clicked on

2019-05-20 08:33:50 - [TEST_STEP][PASSED] - delay: Delayed 2 second(s)

2019-05-20 08:33:52 - [MESSAGE][PASSED] - Delayed 2 second(s)

2019-05-20 08:33:52 - [TEST_STEP][PASSED] - click: Object: 'Object Repository/ADMIN/Categories/Category/dropdown_Parent' is clicked on

2019-05-20 08:33:52 - [MESSAGE][PASSED] - Object: 'Object Repository/ADMIN/Categories/Category/dropdown_Parent' is clicked on

2019-05-20 08:33:52 - [TEST_STEP][PASSED] - selectOptionByLabel: All options with label 'Category 2.2' are selected in object 'Object Repository/ADMIN/Categories/Category/dropdown_Parent' 

2019-05-20 08:33:52 - [MESSAGE][PASSED] - All options with label 'Category 2.2' are selected in object 'Object Repository/ADMIN/Categories/Category/dropdown_Parent' 

2019-05-20 08:33:52 - [TEST_STEP][PASSED] - click: Object: 'Object Repository/ADMIN/Categories/Category/button_Browse' is clicked on

2019-05-20 08:33:52 - [MESSAGE][PASSED] - Object: 'Object Repository/ADMIN/Categories/Category/button_Browse' is clicked on

2019-05-20 08:33:52 - [TEST_STEP][PASSED] - delay: Delayed 1 second(s)

2019-05-20 08:33:53 - [MESSAGE][PASSED] - Delayed 1 second(s)

2019-05-20 08:33:53 - [TEST_STEP][PASSED] - uploadFile: File 'C:\\Katalon\\Image\\pic6.jpg' sent to object: 'Object Repository/ADMIN/Categories/Category/image_input image'

2019-05-20 08:33:53 - [MESSAGE][PASSED] - File 'C:\\Katalon\\Image\\pic6.jpg' sent to object: 'Object Repository/ADMIN/Categories/Category/image_input image'

2019-05-20 08:33:53 - [TEST_STEP][PASSED] - waitForElementVisible: Object 'Object Repository/ADMIN/Categories/Category/button_upload check' is visible

2019-05-20 08:33:53 - [MESSAGE][WARNING] - Timeout '0' is invalid. Using default page load timeout: '30'

2019-05-20 08:33:53 - [MESSAGE][PASSED] - Object 'Object Repository/ADMIN/Categories/Category/button_upload check' is visible

2019-05-20 08:33:53 - [TEST_STEP][PASSED] - click: Object: 'Object Repository/ADMIN/Categories/Category/button_upload check' is clicked on

2019-05-20 08:33:53 - [MESSAGE][PASSED] - Object: 'Object Repository/ADMIN/Categories/Category/button_upload check' is clicked on

2019-05-20 08:33:53 - [TEST_STEP][PASSED] - click: Object: 'Object Repository/ADMIN/Categories/Category/button_upload save' is clicked on

2019-05-20 08:33:53 - [MESSAGE][PASSED] - Object: 'Object Repository/ADMIN/Categories/Category/button_upload save' is clicked on

2019-05-20 08:33:53 - [TEST_STEP][PASSED] - waitForElementVisible: Object 'Object Repository/ADMIN/Categories/Category/button_upload save' is visible

2019-05-20 08:33:53 - [MESSAGE][WARNING] - Timeout '0' is invalid. Using default page load timeout: '30'

2019-05-20 08:33:53 - [MESSAGE][PASSED] - Object 'Object Repository/ADMIN/Categories/Category/button_upload save' is visible

2019-05-20 08:33:53 - [TEST_STEP][PASSED] - setText: Text 'Description19' is set on object 'Object Repository/ADMIN/Categories/Category/textfield_category_description'

2019-05-20 08:33:54 - [MESSAGE][PASSED] - Text 'Description19' is set on object 'Object Repository/ADMIN/Categories/Category/textfield_category_description'

2019-05-20 08:33:54 - [TEST_STEP][PASSED] - click: Object: 'Object Repository/ADMIN/Categories/Category/button_Save' is clicked on

2019-05-20 08:33:54 - [MESSAGE][PASSED] - Object: 'Object Repository/ADMIN/Categories/Category/button_Save' is clicked on

2019-05-20 08:33:54 - [TEST_STEP][PASSED] - waitForElementVisible: Object 'Object Repository/ADMIN/Categories/Category/label_edit popup' is visible

2019-05-20 08:33:54 - [MESSAGE][WARNING] - Timeout '0' is invalid. Using default page load timeout: '30'

2019-05-20 08:33:54 - [MESSAGE][PASSED] - Object 'Object Repository/ADMIN/Categories/Category/label_edit popup' is visible

2019-05-20 08:33:54 - [TEST_STEP][PASSED] - waitForElementNotPresent: Web element with id: 'Object Repository/ADMIN/Categories/Category/label_edit popup' located by 'By.xpath: //div[(text() = 'Category was successfully saved.' or . = 'Category was successfully saved.')]' is not present after '30' second(s)

2019-05-20 08:33:54 - [MESSAGE][WARNING] - Timeout '0' is invalid. Using default page load timeout: '30'

2019-05-20 08:34:01 - [MESSAGE][PASSED] - Web element with id: 'Object Repository/ADMIN/Categories/Category/label_edit popup' located by 'By.xpath: //div[(text() = 'Category was successfully saved.' or . = 'Category was successfully saved.')]' is not present after '30' second(s)]]></system-out>
         <system-err><![CDATA[2019-05-20 08:33:48 - [TEST_CASE][FAILED] - Test Cases/ADMIN/Content Mgmt/Categories/Category Add-Edit/Add Category: Test Cases/ADMIN/Content Mgmt/Categories/Category Add-Edit/Add Category FAILED because (of) Unable to click on object 'Object Repository/ADMIN/Categories/Category List/button_Categories' (Root cause: org.openqa.selenium.ElementNotVisibleException: element not visible
  (Session info: chrome=74.0.3729.157)
  (Driver info: chromedriver=2.35.528161 (5b82f2d2aae0ca24b877009200ced9065a772e73),platform=Windows NT 6.1.7601 SP1 x86_64) (WARNING: The server did not provide any stacktrace information)
Command duration or timeout: 0 milliseconds
Build info: version: '3.7.1', revision: '8a0099a', time: '2017-11-06T21:07:36.161Z'
System info: host: 'ARCADIER-PC', ip: '10.10.31.95', os.name: 'Windows 7', os.arch: 'amd64', os.version: '6.1', java.version: '1.8.0_102'
Driver info: com.kms.katalon.core.webui.driver.ExistingRemoteWebDriver
Capabilities {javascriptEnabled: true, platform: ANY, platformName: ANY}
Session ID: 2609dc86013a09d8daebbf33ac0c67a9)]]></system-err>
      </testcase>
      <testcase name="Test Cases/ADMIN/Content Mgmt/Categories/Category Add-Edit/Add Category" classname="Test Cases/ADMIN/Content Mgmt/Categories/Category Add-Edit/Add Category" status="FAILED">
         <failure type="FAILED" message="Unable to click on object 'Object Repository/ADMIN/Categories/Category List/button_Categories' (Root cause: org.openqa.selenium.WebDriverException: unknown error: Element &lt;a href=&quot;/admin/categorymanager/index&quot;>...&lt;/a> is not clickable at point (129, 394). Other element would receive the click: &lt;a href=&quot;#&quot;>...&lt;/a>
  (Session info: chrome=74.0.3729.157)
  (Driver info: chromedriver=2.35.528161 (5b82f2d2aae0ca24b877009200ced9065a772e73),platform=Windows NT 6.1.7601 SP1 x86_64) (WARNING: The server did not provide any stacktrace information)
Command duration or timeout: 0 milliseconds
Build info: version: '3.7.1', revision: '8a0099a', time: '2017-11-06T21:07:36.161Z'
System info: host: 'ARCADIER-PC', ip: '10.10.31.95', os.name: 'Windows 7', os.arch: 'amd64', os.version: '6.1', java.version: '1.8.0_102'
Driver info: com.kms.katalon.core.webui.driver.ExistingRemoteWebDriver
Capabilities {javascriptEnabled: true, platform: ANY, platformName: ANY}
Session ID: 2609dc86013a09d8daebbf33ac0c67a9)"/>
         <system-out><![CDATA[2019-05-20 08:34:01 - [TEST_CASE][FAILED] - Test Cases/ADMIN/Content Mgmt/Categories/Category Add-Edit/Add Category: Test Cases/ADMIN/Content Mgmt/Categories/Category Add-Edit/Add Category FAILED because (of) Unable to click on object 'Object Repository/ADMIN/Categories/Category List/button_Categories' (Root cause: org.openqa.selenium.WebDriverException: unknown error: Element <a href="/admin/categorymanager/index">...</a> is not clickable at point (129, 394). Other element would receive the click: <a href="#">...</a>
  (Session info: chrome=74.0.3729.157)
  (Driver info: chromedriver=2.35.528161 (5b82f2d2aae0ca24b877009200ced9065a772e73),platform=Windows NT 6.1.7601 SP1 x86_64) (WARNING: The server did not provide any stacktrace information)
Command duration or timeout: 0 milliseconds
Build info: version: '3.7.1', revision: '8a0099a', time: '2017-11-06T21:07:36.161Z'
System info: host: 'ARCADIER-PC', ip: '10.10.31.95', os.name: 'Windows 7', os.arch: 'amd64', os.version: '6.1', java.version: '1.8.0_102'
Driver info: com.kms.katalon.core.webui.driver.ExistingRemoteWebDriver
Capabilities {javascriptEnabled: true, platform: ANY, platformName: ANY}
Session ID: 2609dc86013a09d8daebbf33ac0c67a9)

2019-05-20 08:34:01 - [TEST_STEP][PASSED] - waitForElementVisible: Object 'Object Repository/ADMIN/Categories/Category List/button_Content Mgmt' is visible

2019-05-20 08:34:01 - [MESSAGE][WARNING] - Timeout '0' is invalid. Using default page load timeout: '30'

2019-05-20 08:34:01 - [MESSAGE][PASSED] - Object 'Object Repository/ADMIN/Categories/Category List/button_Content Mgmt' is visible

2019-05-20 08:34:01 - [TEST_STEP][PASSED] - click: Object: 'Object Repository/ADMIN/Categories/Category List/button_Content Mgmt' is clicked on

2019-05-20 08:34:01 - [MESSAGE][PASSED] - Object: 'Object Repository/ADMIN/Categories/Category List/button_Content Mgmt' is clicked on

2019-05-20 08:34:01 - [TEST_STEP][PASSED] - waitForElementVisible: Object 'Object Repository/ADMIN/Categories/Category List/button_Categories' is visible

2019-05-20 08:34:01 - [MESSAGE][WARNING] - Timeout '0' is invalid. Using default page load timeout: '30'

2019-05-20 08:34:01 - [MESSAGE][PASSED] - Object 'Object Repository/ADMIN/Categories/Category List/button_Categories' is visible

2019-05-20 08:34:01 - [TEST_STEP][FAILED] - click: Unable to click on object 'Object Repository/ADMIN/Categories/Category List/button_Categories' (Root cause: org.openqa.selenium.WebDriverException: unknown error: Element <a href="/admin/categorymanager/index">...</a> is not clickable at point (129, 394). Other element would receive the click: <a href="#">...</a>
  (Session info: chrome=74.0.3729.157)
  (Driver info: chromedriver=2.35.528161 (5b82f2d2aae0ca24b877009200ced9065a772e73),platform=Windows NT 6.1.7601 SP1 x86_64) (WARNING: The server did not provide any stacktrace information)
Command duration or timeout: 0 milliseconds
Build info: version: '3.7.1', revision: '8a0099a', time: '2017-11-06T21:07:36.161Z'
System info: host: 'ARCADIER-PC', ip: '10.10.31.95', os.name: 'Windows 7', os.arch: 'amd64', os.version: '6.1', java.version: '1.8.0_102'
Driver info: com.kms.katalon.core.webui.driver.ExistingRemoteWebDriver
Capabilities {javascriptEnabled: true, platform: ANY, platformName: ANY}
Session ID: 2609dc86013a09d8daebbf33ac0c67a9)

2019-05-20 08:34:02 - [MESSAGE][FAILED] - Unable to click on object 'Object Repository/ADMIN/Categories/Category List/button_Categories' (Root cause: org.openqa.selenium.WebDriverException: unknown error: Element <a href="/admin/categorymanager/index">...</a> is not clickable at point (129, 394). Other element would receive the click: <a href="#">...</a>
  (Session info: chrome=74.0.3729.157)
  (Driver info: chromedriver=2.35.528161 (5b82f2d2aae0ca24b877009200ced9065a772e73),platform=Windows NT 6.1.7601 SP1 x86_64) (WARNING: The server did not provide any stacktrace information)
Command duration or timeout: 0 milliseconds
Build info: version: '3.7.1', revision: '8a0099a', time: '2017-11-06T21:07:36.161Z'
System info: host: 'ARCADIER-PC', ip: '10.10.31.95', os.name: 'Windows 7', os.arch: 'amd64', os.version: '6.1', java.version: '1.8.0_102'
Driver info: com.kms.katalon.core.webui.driver.ExistingRemoteWebDriver
Capabilities {javascriptEnabled: true, platform: ANY, platformName: ANY}
Session ID: 2609dc86013a09d8daebbf33ac0c67a9)
[[ATTACHMENT|C:\\Users\\Arcadier\\git\\Arctick\\Reports\\Suites\\Admin Add Category\\20190520_082941\\1558312441720.png]]

2019-05-20 08:34:02 - [TEST_STEP][PASSED] - waitForPageLoad: Wait for page load successfully

2019-05-20 08:34:02 - [MESSAGE][WARNING] - Timeout '0' is invalid. Using default page load timeout: '30'

2019-05-20 08:34:02 - [MESSAGE][PASSED] - Wait for page load successfully

2019-05-20 08:34:02 - [TEST_STEP][PASSED] - click: Object: 'Object Repository/ADMIN/Categories/Category List/button_Add a Category' is clicked on

2019-05-20 08:34:02 - [MESSAGE][PASSED] - Object: 'Object Repository/ADMIN/Categories/Category List/button_Add a Category' is clicked on

2019-05-20 08:34:02 - [TEST_STEP][PASSED] - waitForElementPresent: Object 'Object Repository/ADMIN/Categories/Category/dropdown_Parent' is present

2019-05-20 08:34:02 - [MESSAGE][PASSED] - Object 'Object Repository/ADMIN/Categories/Category/dropdown_Parent' is present

2019-05-20 08:34:02 - [TEST_STEP][PASSED] - delay: Delayed 1 second(s)

2019-05-20 08:34:03 - [MESSAGE][PASSED] - Delayed 1 second(s)

2019-05-20 08:34:03 - [TEST_STEP][PASSED] - setText: Text 'Category 2.2.2' is set on object 'Object Repository/ADMIN/Categories/Category/textfield_Category Name'

2019-05-20 08:34:03 - [MESSAGE][PASSED] - Text 'Category 2.2.2' is set on object 'Object Repository/ADMIN/Categories/Category/textfield_Category Name'

2019-05-20 08:34:03 - [TEST_STEP][PASSED] - click: Object: 'Object Repository/ADMIN/Categories/Category/dropdown_Parent' is clicked on

2019-05-20 08:34:03 - [MESSAGE][PASSED] - Object: 'Object Repository/ADMIN/Categories/Category/dropdown_Parent' is clicked on

2019-05-20 08:34:03 - [TEST_STEP][PASSED] - delay: Delayed 2 second(s)

2019-05-20 08:34:05 - [MESSAGE][PASSED] - Delayed 2 second(s)

2019-05-20 08:34:05 - [TEST_STEP][PASSED] - click: Object: 'Object Repository/ADMIN/Categories/Category/dropdown_Parent' is clicked on

2019-05-20 08:34:05 - [MESSAGE][PASSED] - Object: 'Object Repository/ADMIN/Categories/Category/dropdown_Parent' is clicked on

2019-05-20 08:34:05 - [TEST_STEP][PASSED] - selectOptionByLabel: All options with label 'Category 2.2' are selected in object 'Object Repository/ADMIN/Categories/Category/dropdown_Parent' 

2019-05-20 08:34:05 - [MESSAGE][PASSED] - All options with label 'Category 2.2' are selected in object 'Object Repository/ADMIN/Categories/Category/dropdown_Parent' 

2019-05-20 08:34:05 - [TEST_STEP][PASSED] - click: Object: 'Object Repository/ADMIN/Categories/Category/button_Browse' is clicked on

2019-05-20 08:34:05 - [MESSAGE][PASSED] - Object: 'Object Repository/ADMIN/Categories/Category/button_Browse' is clicked on

2019-05-20 08:34:05 - [TEST_STEP][PASSED] - delay: Delayed 1 second(s)

2019-05-20 08:34:06 - [MESSAGE][PASSED] - Delayed 1 second(s)

2019-05-20 08:34:06 - [TEST_STEP][PASSED] - uploadFile: File 'C:\\Katalon\\Image\\pic7.jpg' sent to object: 'Object Repository/ADMIN/Categories/Category/image_input image'

2019-05-20 08:34:06 - [MESSAGE][PASSED] - File 'C:\\Katalon\\Image\\pic7.jpg' sent to object: 'Object Repository/ADMIN/Categories/Category/image_input image'

2019-05-20 08:34:06 - [TEST_STEP][PASSED] - waitForElementVisible: Object 'Object Repository/ADMIN/Categories/Category/button_upload check' is visible

2019-05-20 08:34:06 - [MESSAGE][WARNING] - Timeout '0' is invalid. Using default page load timeout: '30'

2019-05-20 08:34:06 - [MESSAGE][PASSED] - Object 'Object Repository/ADMIN/Categories/Category/button_upload check' is visible

2019-05-20 08:34:06 - [TEST_STEP][PASSED] - click: Object: 'Object Repository/ADMIN/Categories/Category/button_upload check' is clicked on

2019-05-20 08:34:07 - [MESSAGE][PASSED] - Object: 'Object Repository/ADMIN/Categories/Category/button_upload check' is clicked on

2019-05-20 08:34:07 - [TEST_STEP][PASSED] - click: Object: 'Object Repository/ADMIN/Categories/Category/button_upload save' is clicked on

2019-05-20 08:34:07 - [MESSAGE][PASSED] - Object: 'Object Repository/ADMIN/Categories/Category/button_upload save' is clicked on

2019-05-20 08:34:07 - [TEST_STEP][PASSED] - waitForElementVisible: Object 'Object Repository/ADMIN/Categories/Category/button_upload save' is visible

2019-05-20 08:34:07 - [MESSAGE][WARNING] - Timeout '0' is invalid. Using default page load timeout: '30'

2019-05-20 08:34:07 - [MESSAGE][PASSED] - Object 'Object Repository/ADMIN/Categories/Category/button_upload save' is visible

2019-05-20 08:34:07 - [TEST_STEP][PASSED] - setText: Text 'Description20' is set on object 'Object Repository/ADMIN/Categories/Category/textfield_category_description'

2019-05-20 08:34:07 - [MESSAGE][PASSED] - Text 'Description20' is set on object 'Object Repository/ADMIN/Categories/Category/textfield_category_description'

2019-05-20 08:34:07 - [TEST_STEP][PASSED] - click: Object: 'Object Repository/ADMIN/Categories/Category/button_Save' is clicked on

2019-05-20 08:34:07 - [MESSAGE][PASSED] - Object: 'Object Repository/ADMIN/Categories/Category/button_Save' is clicked on

2019-05-20 08:34:07 - [TEST_STEP][PASSED] - waitForElementVisible: Object 'Object Repository/ADMIN/Categories/Category/label_edit popup' is visible

2019-05-20 08:34:07 - [MESSAGE][WARNING] - Timeout '0' is invalid. Using default page load timeout: '30'

2019-05-20 08:34:08 - [MESSAGE][PASSED] - Object 'Object Repository/ADMIN/Categories/Category/label_edit popup' is visible

2019-05-20 08:34:08 - [TEST_STEP][PASSED] - waitForElementNotPresent: Web element with id: 'Object Repository/ADMIN/Categories/Category/label_edit popup' located by 'By.xpath: //div[(text() = 'Category was successfully saved.' or . = 'Category was successfully saved.')]' is not present after '30' second(s)

2019-05-20 08:34:08 - [MESSAGE][WARNING] - Timeout '0' is invalid. Using default page load timeout: '30'

2019-05-20 08:34:14 - [MESSAGE][PASSED] - Web element with id: 'Object Repository/ADMIN/Categories/Category/label_edit popup' located by 'By.xpath: //div[(text() = 'Category was successfully saved.' or . = 'Category was successfully saved.')]' is not present after '30' second(s)]]></system-out>
         <system-err><![CDATA[2019-05-20 08:34:01 - [TEST_CASE][FAILED] - Test Cases/ADMIN/Content Mgmt/Categories/Category Add-Edit/Add Category: Test Cases/ADMIN/Content Mgmt/Categories/Category Add-Edit/Add Category FAILED because (of) Unable to click on object 'Object Repository/ADMIN/Categories/Category List/button_Categories' (Root cause: org.openqa.selenium.WebDriverException: unknown error: Element <a href="/admin/categorymanager/index">...</a> is not clickable at point (129, 394). Other element would receive the click: <a href="#">...</a>
  (Session info: chrome=74.0.3729.157)
  (Driver info: chromedriver=2.35.528161 (5b82f2d2aae0ca24b877009200ced9065a772e73),platform=Windows NT 6.1.7601 SP1 x86_64) (WARNING: The server did not provide any stacktrace information)
Command duration or timeout: 0 milliseconds
Build info: version: '3.7.1', revision: '8a0099a', time: '2017-11-06T21:07:36.161Z'
System info: host: 'ARCADIER-PC', ip: '10.10.31.95', os.name: 'Windows 7', os.arch: 'amd64', os.version: '6.1', java.version: '1.8.0_102'
Driver info: com.kms.katalon.core.webui.driver.ExistingRemoteWebDriver
Capabilities {javascriptEnabled: true, platform: ANY, platformName: ANY}
Session ID: 2609dc86013a09d8daebbf33ac0c67a9)]]></system-err>
      </testcase>
      <testcase name="Test Cases/ADMIN/Content Mgmt/Categories/Category Add-Edit/Add Category" classname="Test Cases/ADMIN/Content Mgmt/Categories/Category Add-Edit/Add Category" status="PASSED">
         <system-out><![CDATA[2019-05-20 08:34:14 - [TEST_CASE][PASSED] - Test Cases/ADMIN/Content Mgmt/Categories/Category Add-Edit/Add Category: Test Cases/ADMIN/Content Mgmt/Categories/Category Add-Edit/Add Category

2019-05-20 08:34:14 - [TEST_STEP][PASSED] - waitForElementVisible: Object 'Object Repository/ADMIN/Categories/Category List/button_Content Mgmt' is visible

2019-05-20 08:34:14 - [MESSAGE][WARNING] - Timeout '0' is invalid. Using default page load timeout: '30'

2019-05-20 08:34:14 - [MESSAGE][PASSED] - Object 'Object Repository/ADMIN/Categories/Category List/button_Content Mgmt' is visible

2019-05-20 08:34:14 - [TEST_STEP][PASSED] - click: Object: 'Object Repository/ADMIN/Categories/Category List/button_Content Mgmt' is clicked on

2019-05-20 08:34:14 - [MESSAGE][PASSED] - Object: 'Object Repository/ADMIN/Categories/Category List/button_Content Mgmt' is clicked on

2019-05-20 08:34:14 - [TEST_STEP][PASSED] - waitForElementVisible: Object 'Object Repository/ADMIN/Categories/Category List/button_Categories' is visible

2019-05-20 08:34:14 - [MESSAGE][WARNING] - Timeout '0' is invalid. Using default page load timeout: '30'

2019-05-20 08:34:15 - [MESSAGE][PASSED] - Object 'Object Repository/ADMIN/Categories/Category List/button_Categories' is visible

2019-05-20 08:34:15 - [TEST_STEP][PASSED] - click: Object: 'Object Repository/ADMIN/Categories/Category List/button_Categories' is clicked on

2019-05-20 08:34:16 - [MESSAGE][PASSED] - Object: 'Object Repository/ADMIN/Categories/Category List/button_Categories' is clicked on

2019-05-20 08:34:16 - [TEST_STEP][PASSED] - waitForPageLoad: Wait for page load successfully

2019-05-20 08:34:16 - [MESSAGE][WARNING] - Timeout '0' is invalid. Using default page load timeout: '30'

2019-05-20 08:34:16 - [MESSAGE][PASSED] - Wait for page load successfully

2019-05-20 08:34:16 - [TEST_STEP][PASSED] - click: Object: 'Object Repository/ADMIN/Categories/Category List/button_Add a Category' is clicked on

2019-05-20 08:34:16 - [MESSAGE][PASSED] - Object: 'Object Repository/ADMIN/Categories/Category List/button_Add a Category' is clicked on

2019-05-20 08:34:16 - [TEST_STEP][PASSED] - waitForElementPresent: Object 'Object Repository/ADMIN/Categories/Category/dropdown_Parent' is present

2019-05-20 08:34:17 - [MESSAGE][PASSED] - Object 'Object Repository/ADMIN/Categories/Category/dropdown_Parent' is present

2019-05-20 08:34:17 - [TEST_STEP][PASSED] - delay: Delayed 1 second(s)

2019-05-20 08:34:18 - [MESSAGE][PASSED] - Delayed 1 second(s)

2019-05-20 08:34:18 - [TEST_STEP][PASSED] - setText: Text 'Category 2.2.2.1' is set on object 'Object Repository/ADMIN/Categories/Category/textfield_Category Name'

2019-05-20 08:34:18 - [MESSAGE][PASSED] - Text 'Category 2.2.2.1' is set on object 'Object Repository/ADMIN/Categories/Category/textfield_Category Name'

2019-05-20 08:34:18 - [TEST_STEP][PASSED] - click: Object: 'Object Repository/ADMIN/Categories/Category/dropdown_Parent' is clicked on

2019-05-20 08:34:18 - [MESSAGE][PASSED] - Object: 'Object Repository/ADMIN/Categories/Category/dropdown_Parent' is clicked on

2019-05-20 08:34:18 - [TEST_STEP][PASSED] - delay: Delayed 2 second(s)

2019-05-20 08:34:20 - [MESSAGE][PASSED] - Delayed 2 second(s)

2019-05-20 08:34:20 - [TEST_STEP][PASSED] - click: Object: 'Object Repository/ADMIN/Categories/Category/dropdown_Parent' is clicked on

2019-05-20 08:34:20 - [MESSAGE][PASSED] - Object: 'Object Repository/ADMIN/Categories/Category/dropdown_Parent' is clicked on

2019-05-20 08:34:20 - [TEST_STEP][PASSED] - selectOptionByLabel: All options with label 'Category 2.2.2' are selected in object 'Object Repository/ADMIN/Categories/Category/dropdown_Parent' 

2019-05-20 08:34:21 - [MESSAGE][PASSED] - All options with label 'Category 2.2.2' are selected in object 'Object Repository/ADMIN/Categories/Category/dropdown_Parent' 

2019-05-20 08:34:21 - [TEST_STEP][PASSED] - click: Object: 'Object Repository/ADMIN/Categories/Category/button_Browse' is clicked on

2019-05-20 08:34:21 - [MESSAGE][PASSED] - Object: 'Object Repository/ADMIN/Categories/Category/button_Browse' is clicked on

2019-05-20 08:34:21 - [TEST_STEP][PASSED] - delay: Delayed 1 second(s)

2019-05-20 08:34:22 - [MESSAGE][PASSED] - Delayed 1 second(s)

2019-05-20 08:34:22 - [TEST_STEP][PASSED] - uploadFile: File 'C:\\Katalon\\Image\\pic8.jpg' sent to object: 'Object Repository/ADMIN/Categories/Category/image_input image'

2019-05-20 08:34:22 - [MESSAGE][PASSED] - File 'C:\\Katalon\\Image\\pic8.jpg' sent to object: 'Object Repository/ADMIN/Categories/Category/image_input image'

2019-05-20 08:34:22 - [TEST_STEP][PASSED] - waitForElementVisible: Object 'Object Repository/ADMIN/Categories/Category/button_upload check' is visible

2019-05-20 08:34:22 - [MESSAGE][WARNING] - Timeout '0' is invalid. Using default page load timeout: '30'

2019-05-20 08:34:22 - [MESSAGE][PASSED] - Object 'Object Repository/ADMIN/Categories/Category/button_upload check' is visible

2019-05-20 08:34:22 - [TEST_STEP][PASSED] - click: Object: 'Object Repository/ADMIN/Categories/Category/button_upload check' is clicked on

2019-05-20 08:34:22 - [MESSAGE][PASSED] - Object: 'Object Repository/ADMIN/Categories/Category/button_upload check' is clicked on

2019-05-20 08:34:22 - [TEST_STEP][PASSED] - click: Object: 'Object Repository/ADMIN/Categories/Category/button_upload save' is clicked on

2019-05-20 08:34:22 - [MESSAGE][PASSED] - Object: 'Object Repository/ADMIN/Categories/Category/button_upload save' is clicked on

2019-05-20 08:34:22 - [TEST_STEP][PASSED] - waitForElementVisible: Object 'Object Repository/ADMIN/Categories/Category/button_upload save' is visible

2019-05-20 08:34:22 - [MESSAGE][WARNING] - Timeout '0' is invalid. Using default page load timeout: '30'

2019-05-20 08:34:22 - [MESSAGE][PASSED] - Object 'Object Repository/ADMIN/Categories/Category/button_upload save' is visible

2019-05-20 08:34:22 - [TEST_STEP][PASSED] - setText: Text 'Description21' is set on object 'Object Repository/ADMIN/Categories/Category/textfield_category_description'

2019-05-20 08:34:22 - [MESSAGE][PASSED] - Text 'Description21' is set on object 'Object Repository/ADMIN/Categories/Category/textfield_category_description'

2019-05-20 08:34:22 - [TEST_STEP][PASSED] - click: Object: 'Object Repository/ADMIN/Categories/Category/button_Save' is clicked on

2019-05-20 08:34:23 - [MESSAGE][PASSED] - Object: 'Object Repository/ADMIN/Categories/Category/button_Save' is clicked on

2019-05-20 08:34:23 - [TEST_STEP][PASSED] - waitForElementVisible: Object 'Object Repository/ADMIN/Categories/Category/label_edit popup' is visible

2019-05-20 08:34:23 - [MESSAGE][WARNING] - Timeout '0' is invalid. Using default page load timeout: '30'

2019-05-20 08:34:23 - [MESSAGE][PASSED] - Object 'Object Repository/ADMIN/Categories/Category/label_edit popup' is visible

2019-05-20 08:34:23 - [TEST_STEP][PASSED] - waitForElementNotPresent: Web element with id: 'Object Repository/ADMIN/Categories/Category/label_edit popup' located by 'By.xpath: //div[(text() = 'Category was successfully saved.' or . = 'Category was successfully saved.')]' is not present after '30' second(s)

2019-05-20 08:34:23 - [MESSAGE][WARNING] - Timeout '0' is invalid. Using default page load timeout: '30'

2019-05-20 08:34:29 - [MESSAGE][PASSED] - Web element with id: 'Object Repository/ADMIN/Categories/Category/label_edit popup' located by 'By.xpath: //div[(text() = 'Category was successfully saved.' or . = 'Category was successfully saved.')]' is not present after '30' second(s)]]></system-out>
         <system-err><![CDATA[]]></system-err>
      </testcase>
      <testcase name="Test Cases/ADMIN/Content Mgmt/Categories/Category Add-Edit/Add Category" classname="Test Cases/ADMIN/Content Mgmt/Categories/Category Add-Edit/Add Category" status="FAILED">
         <failure type="FAILED" message="Unable to click on object 'Object Repository/ADMIN/Categories/Category List/button_Categories' (Root cause: org.openqa.selenium.WebDriverException: unknown error: Element &lt;a href=&quot;/admin/categorymanager/index&quot;>...&lt;/a> is not clickable at point (129, 389). Other element would receive the click: &lt;a href=&quot;#&quot;>...&lt;/a>
  (Session info: chrome=74.0.3729.157)
  (Driver info: chromedriver=2.35.528161 (5b82f2d2aae0ca24b877009200ced9065a772e73),platform=Windows NT 6.1.7601 SP1 x86_64) (WARNING: The server did not provide any stacktrace information)
Command duration or timeout: 0 milliseconds
Build info: version: '3.7.1', revision: '8a0099a', time: '2017-11-06T21:07:36.161Z'
System info: host: 'ARCADIER-PC', ip: '10.10.31.95', os.name: 'Windows 7', os.arch: 'amd64', os.version: '6.1', java.version: '1.8.0_102'
Driver info: com.kms.katalon.core.webui.driver.ExistingRemoteWebDriver
Capabilities {javascriptEnabled: true, platform: ANY, platformName: ANY}
Session ID: 2609dc86013a09d8daebbf33ac0c67a9)"/>
         <system-out><![CDATA[2019-05-20 08:34:29 - [TEST_CASE][FAILED] - Test Cases/ADMIN/Content Mgmt/Categories/Category Add-Edit/Add Category: Test Cases/ADMIN/Content Mgmt/Categories/Category Add-Edit/Add Category FAILED because (of) Unable to click on object 'Object Repository/ADMIN/Categories/Category List/button_Categories' (Root cause: org.openqa.selenium.WebDriverException: unknown error: Element <a href="/admin/categorymanager/index">...</a> is not clickable at point (129, 389). Other element would receive the click: <a href="#">...</a>
  (Session info: chrome=74.0.3729.157)
  (Driver info: chromedriver=2.35.528161 (5b82f2d2aae0ca24b877009200ced9065a772e73),platform=Windows NT 6.1.7601 SP1 x86_64) (WARNING: The server did not provide any stacktrace information)
Command duration or timeout: 0 milliseconds
Build info: version: '3.7.1', revision: '8a0099a', time: '2017-11-06T21:07:36.161Z'
System info: host: 'ARCADIER-PC', ip: '10.10.31.95', os.name: 'Windows 7', os.arch: 'amd64', os.version: '6.1', java.version: '1.8.0_102'
Driver info: com.kms.katalon.core.webui.driver.ExistingRemoteWebDriver
Capabilities {javascriptEnabled: true, platform: ANY, platformName: ANY}
Session ID: 2609dc86013a09d8daebbf33ac0c67a9)

2019-05-20 08:34:29 - [TEST_STEP][PASSED] - waitForElementVisible: Object 'Object Repository/ADMIN/Categories/Category List/button_Content Mgmt' is visible

2019-05-20 08:34:29 - [MESSAGE][WARNING] - Timeout '0' is invalid. Using default page load timeout: '30'

2019-05-20 08:34:30 - [MESSAGE][PASSED] - Object 'Object Repository/ADMIN/Categories/Category List/button_Content Mgmt' is visible

2019-05-20 08:34:30 - [TEST_STEP][PASSED] - click: Object: 'Object Repository/ADMIN/Categories/Category List/button_Content Mgmt' is clicked on

2019-05-20 08:34:30 - [MESSAGE][PASSED] - Object: 'Object Repository/ADMIN/Categories/Category List/button_Content Mgmt' is clicked on

2019-05-20 08:34:30 - [TEST_STEP][PASSED] - waitForElementVisible: Object 'Object Repository/ADMIN/Categories/Category List/button_Categories' is visible

2019-05-20 08:34:30 - [MESSAGE][WARNING] - Timeout '0' is invalid. Using default page load timeout: '30'

2019-05-20 08:34:30 - [MESSAGE][PASSED] - Object 'Object Repository/ADMIN/Categories/Category List/button_Categories' is visible

2019-05-20 08:34:30 - [TEST_STEP][FAILED] - click: Unable to click on object 'Object Repository/ADMIN/Categories/Category List/button_Categories' (Root cause: org.openqa.selenium.WebDriverException: unknown error: Element <a href="/admin/categorymanager/index">...</a> is not clickable at point (129, 389). Other element would receive the click: <a href="#">...</a>
  (Session info: chrome=74.0.3729.157)
  (Driver info: chromedriver=2.35.528161 (5b82f2d2aae0ca24b877009200ced9065a772e73),platform=Windows NT 6.1.7601 SP1 x86_64) (WARNING: The server did not provide any stacktrace information)
Command duration or timeout: 0 milliseconds
Build info: version: '3.7.1', revision: '8a0099a', time: '2017-11-06T21:07:36.161Z'
System info: host: 'ARCADIER-PC', ip: '10.10.31.95', os.name: 'Windows 7', os.arch: 'amd64', os.version: '6.1', java.version: '1.8.0_102'
Driver info: com.kms.katalon.core.webui.driver.ExistingRemoteWebDriver
Capabilities {javascriptEnabled: true, platform: ANY, platformName: ANY}
Session ID: 2609dc86013a09d8daebbf33ac0c67a9)

2019-05-20 08:34:30 - [MESSAGE][FAILED] - Unable to click on object 'Object Repository/ADMIN/Categories/Category List/button_Categories' (Root cause: org.openqa.selenium.WebDriverException: unknown error: Element <a href="/admin/categorymanager/index">...</a> is not clickable at point (129, 389). Other element would receive the click: <a href="#">...</a>
  (Session info: chrome=74.0.3729.157)
  (Driver info: chromedriver=2.35.528161 (5b82f2d2aae0ca24b877009200ced9065a772e73),platform=Windows NT 6.1.7601 SP1 x86_64) (WARNING: The server did not provide any stacktrace information)
Command duration or timeout: 0 milliseconds
Build info: version: '3.7.1', revision: '8a0099a', time: '2017-11-06T21:07:36.161Z'
System info: host: 'ARCADIER-PC', ip: '10.10.31.95', os.name: 'Windows 7', os.arch: 'amd64', os.version: '6.1', java.version: '1.8.0_102'
Driver info: com.kms.katalon.core.webui.driver.ExistingRemoteWebDriver
Capabilities {javascriptEnabled: true, platform: ANY, platformName: ANY}
Session ID: 2609dc86013a09d8daebbf33ac0c67a9)
[[ATTACHMENT|C:\\Users\\Arcadier\\git\\Arctick\\Reports\\Suites\\Admin Add Category\\20190520_082941\\1558312470289.png]]

2019-05-20 08:34:30 - [TEST_STEP][PASSED] - waitForPageLoad: Wait for page load successfully

2019-05-20 08:34:30 - [MESSAGE][WARNING] - Timeout '0' is invalid. Using default page load timeout: '30'

2019-05-20 08:34:30 - [MESSAGE][PASSED] - Wait for page load successfully

2019-05-20 08:34:30 - [TEST_STEP][PASSED] - click: Object: 'Object Repository/ADMIN/Categories/Category List/button_Add a Category' is clicked on

2019-05-20 08:34:30 - [MESSAGE][PASSED] - Object: 'Object Repository/ADMIN/Categories/Category List/button_Add a Category' is clicked on

2019-05-20 08:34:30 - [TEST_STEP][PASSED] - waitForElementPresent: Object 'Object Repository/ADMIN/Categories/Category/dropdown_Parent' is present

2019-05-20 08:34:30 - [MESSAGE][PASSED] - Object 'Object Repository/ADMIN/Categories/Category/dropdown_Parent' is present

2019-05-20 08:34:30 - [TEST_STEP][PASSED] - delay: Delayed 1 second(s)

2019-05-20 08:34:31 - [MESSAGE][PASSED] - Delayed 1 second(s)

2019-05-20 08:34:31 - [TEST_STEP][PASSED] - setText: Text 'Category 2.3' is set on object 'Object Repository/ADMIN/Categories/Category/textfield_Category Name'

2019-05-20 08:34:32 - [MESSAGE][PASSED] - Text 'Category 2.3' is set on object 'Object Repository/ADMIN/Categories/Category/textfield_Category Name'

2019-05-20 08:34:32 - [TEST_STEP][PASSED] - click: Object: 'Object Repository/ADMIN/Categories/Category/dropdown_Parent' is clicked on

2019-05-20 08:34:32 - [MESSAGE][PASSED] - Object: 'Object Repository/ADMIN/Categories/Category/dropdown_Parent' is clicked on

2019-05-20 08:34:32 - [TEST_STEP][PASSED] - delay: Delayed 2 second(s)

2019-05-20 08:34:34 - [MESSAGE][PASSED] - Delayed 2 second(s)

2019-05-20 08:34:34 - [TEST_STEP][PASSED] - click: Object: 'Object Repository/ADMIN/Categories/Category/dropdown_Parent' is clicked on

2019-05-20 08:34:34 - [MESSAGE][PASSED] - Object: 'Object Repository/ADMIN/Categories/Category/dropdown_Parent' is clicked on

2019-05-20 08:34:34 - [TEST_STEP][PASSED] - selectOptionByLabel: All options with label 'Category 2' are selected in object 'Object Repository/ADMIN/Categories/Category/dropdown_Parent' 

2019-05-20 08:34:34 - [MESSAGE][PASSED] - All options with label 'Category 2' are selected in object 'Object Repository/ADMIN/Categories/Category/dropdown_Parent' 

2019-05-20 08:34:34 - [TEST_STEP][PASSED] - click: Object: 'Object Repository/ADMIN/Categories/Category/button_Browse' is clicked on

2019-05-20 08:34:34 - [MESSAGE][PASSED] - Object: 'Object Repository/ADMIN/Categories/Category/button_Browse' is clicked on

2019-05-20 08:34:34 - [TEST_STEP][PASSED] - delay: Delayed 1 second(s)

2019-05-20 08:34:35 - [MESSAGE][PASSED] - Delayed 1 second(s)

2019-05-20 08:34:35 - [TEST_STEP][PASSED] - uploadFile: File 'C:\\Katalon\\Image\\pic9.jpg' sent to object: 'Object Repository/ADMIN/Categories/Category/image_input image'

2019-05-20 08:34:35 - [MESSAGE][PASSED] - File 'C:\\Katalon\\Image\\pic9.jpg' sent to object: 'Object Repository/ADMIN/Categories/Category/image_input image'

2019-05-20 08:34:35 - [TEST_STEP][PASSED] - waitForElementVisible: Object 'Object Repository/ADMIN/Categories/Category/button_upload check' is visible

2019-05-20 08:34:35 - [MESSAGE][WARNING] - Timeout '0' is invalid. Using default page load timeout: '30'

2019-05-20 08:34:35 - [MESSAGE][PASSED] - Object 'Object Repository/ADMIN/Categories/Category/button_upload check' is visible

2019-05-20 08:34:35 - [TEST_STEP][PASSED] - click: Object: 'Object Repository/ADMIN/Categories/Category/button_upload check' is clicked on

2019-05-20 08:34:36 - [MESSAGE][PASSED] - Object: 'Object Repository/ADMIN/Categories/Category/button_upload check' is clicked on

2019-05-20 08:34:36 - [TEST_STEP][PASSED] - click: Object: 'Object Repository/ADMIN/Categories/Category/button_upload save' is clicked on

2019-05-20 08:34:36 - [MESSAGE][PASSED] - Object: 'Object Repository/ADMIN/Categories/Category/button_upload save' is clicked on

2019-05-20 08:34:36 - [TEST_STEP][PASSED] - waitForElementVisible: Object 'Object Repository/ADMIN/Categories/Category/button_upload save' is visible

2019-05-20 08:34:36 - [MESSAGE][WARNING] - Timeout '0' is invalid. Using default page load timeout: '30'

2019-05-20 08:34:36 - [MESSAGE][PASSED] - Object 'Object Repository/ADMIN/Categories/Category/button_upload save' is visible

2019-05-20 08:34:36 - [TEST_STEP][PASSED] - setText: Text 'Description22' is set on object 'Object Repository/ADMIN/Categories/Category/textfield_category_description'

2019-05-20 08:34:36 - [MESSAGE][PASSED] - Text 'Description22' is set on object 'Object Repository/ADMIN/Categories/Category/textfield_category_description'

2019-05-20 08:34:36 - [TEST_STEP][PASSED] - click: Object: 'Object Repository/ADMIN/Categories/Category/button_Save' is clicked on

2019-05-20 08:34:36 - [MESSAGE][PASSED] - Object: 'Object Repository/ADMIN/Categories/Category/button_Save' is clicked on

2019-05-20 08:34:36 - [TEST_STEP][PASSED] - waitForElementVisible: Object 'Object Repository/ADMIN/Categories/Category/label_edit popup' is visible

2019-05-20 08:34:36 - [MESSAGE][WARNING] - Timeout '0' is invalid. Using default page load timeout: '30'

2019-05-20 08:34:37 - [MESSAGE][PASSED] - Object 'Object Repository/ADMIN/Categories/Category/label_edit popup' is visible

2019-05-20 08:34:37 - [TEST_STEP][PASSED] - waitForElementNotPresent: Web element with id: 'Object Repository/ADMIN/Categories/Category/label_edit popup' located by 'By.xpath: //div[(text() = 'Category was successfully saved.' or . = 'Category was successfully saved.')]' is not present after '30' second(s)

2019-05-20 08:34:37 - [MESSAGE][WARNING] - Timeout '0' is invalid. Using default page load timeout: '30'

2019-05-20 08:34:43 - [MESSAGE][PASSED] - Web element with id: 'Object Repository/ADMIN/Categories/Category/label_edit popup' located by 'By.xpath: //div[(text() = 'Category was successfully saved.' or . = 'Category was successfully saved.')]' is not present after '30' second(s)]]></system-out>
         <system-err><![CDATA[2019-05-20 08:34:29 - [TEST_CASE][FAILED] - Test Cases/ADMIN/Content Mgmt/Categories/Category Add-Edit/Add Category: Test Cases/ADMIN/Content Mgmt/Categories/Category Add-Edit/Add Category FAILED because (of) Unable to click on object 'Object Repository/ADMIN/Categories/Category List/button_Categories' (Root cause: org.openqa.selenium.WebDriverException: unknown error: Element <a href="/admin/categorymanager/index">...</a> is not clickable at point (129, 389). Other element would receive the click: <a href="#">...</a>
  (Session info: chrome=74.0.3729.157)
  (Driver info: chromedriver=2.35.528161 (5b82f2d2aae0ca24b877009200ced9065a772e73),platform=Windows NT 6.1.7601 SP1 x86_64) (WARNING: The server did not provide any stacktrace information)
Command duration or timeout: 0 milliseconds
Build info: version: '3.7.1', revision: '8a0099a', time: '2017-11-06T21:07:36.161Z'
System info: host: 'ARCADIER-PC', ip: '10.10.31.95', os.name: 'Windows 7', os.arch: 'amd64', os.version: '6.1', java.version: '1.8.0_102'
Driver info: com.kms.katalon.core.webui.driver.ExistingRemoteWebDriver
Capabilities {javascriptEnabled: true, platform: ANY, platformName: ANY}
Session ID: 2609dc86013a09d8daebbf33ac0c67a9)]]></system-err>
      </testcase>
      <testcase name="Test Cases/ADMIN/Content Mgmt/Categories/Category Add-Edit/Add Category" classname="Test Cases/ADMIN/Content Mgmt/Categories/Category Add-Edit/Add Category" status="FAILED">
         <failure type="FAILED" message="Unable to click on object 'Object Repository/ADMIN/Categories/Category List/button_Categories' (Root cause: org.openqa.selenium.ElementNotVisibleException: element not visible
  (Session info: chrome=74.0.3729.157)
  (Driver info: chromedriver=2.35.528161 (5b82f2d2aae0ca24b877009200ced9065a772e73),platform=Windows NT 6.1.7601 SP1 x86_64) (WARNING: The server did not provide any stacktrace information)
Command duration or timeout: 0 milliseconds
Build info: version: '3.7.1', revision: '8a0099a', time: '2017-11-06T21:07:36.161Z'
System info: host: 'ARCADIER-PC', ip: '10.10.31.95', os.name: 'Windows 7', os.arch: 'amd64', os.version: '6.1', java.version: '1.8.0_102'
Driver info: com.kms.katalon.core.webui.driver.ExistingRemoteWebDriver
Capabilities {javascriptEnabled: true, platform: ANY, platformName: ANY}
Session ID: 2609dc86013a09d8daebbf33ac0c67a9)"/>
         <system-out><![CDATA[2019-05-20 08:34:43 - [TEST_CASE][FAILED] - Test Cases/ADMIN/Content Mgmt/Categories/Category Add-Edit/Add Category: Test Cases/ADMIN/Content Mgmt/Categories/Category Add-Edit/Add Category FAILED because (of) Unable to click on object 'Object Repository/ADMIN/Categories/Category List/button_Categories' (Root cause: org.openqa.selenium.ElementNotVisibleException: element not visible
  (Session info: chrome=74.0.3729.157)
  (Driver info: chromedriver=2.35.528161 (5b82f2d2aae0ca24b877009200ced9065a772e73),platform=Windows NT 6.1.7601 SP1 x86_64) (WARNING: The server did not provide any stacktrace information)
Command duration or timeout: 0 milliseconds
Build info: version: '3.7.1', revision: '8a0099a', time: '2017-11-06T21:07:36.161Z'
System info: host: 'ARCADIER-PC', ip: '10.10.31.95', os.name: 'Windows 7', os.arch: 'amd64', os.version: '6.1', java.version: '1.8.0_102'
Driver info: com.kms.katalon.core.webui.driver.ExistingRemoteWebDriver
Capabilities {javascriptEnabled: true, platform: ANY, platformName: ANY}
Session ID: 2609dc86013a09d8daebbf33ac0c67a9)

2019-05-20 08:34:43 - [TEST_STEP][PASSED] - waitForElementVisible: Object 'Object Repository/ADMIN/Categories/Category List/button_Content Mgmt' is visible

2019-05-20 08:34:43 - [MESSAGE][WARNING] - Timeout '0' is invalid. Using default page load timeout: '30'

2019-05-20 08:34:43 - [MESSAGE][PASSED] - Object 'Object Repository/ADMIN/Categories/Category List/button_Content Mgmt' is visible

2019-05-20 08:34:43 - [TEST_STEP][PASSED] - click: Object: 'Object Repository/ADMIN/Categories/Category List/button_Content Mgmt' is clicked on

2019-05-20 08:34:43 - [MESSAGE][PASSED] - Object: 'Object Repository/ADMIN/Categories/Category List/button_Content Mgmt' is clicked on

2019-05-20 08:34:43 - [TEST_STEP][PASSED] - waitForElementVisible: Object 'Object Repository/ADMIN/Categories/Category List/button_Categories' is visible

2019-05-20 08:34:43 - [MESSAGE][WARNING] - Timeout '0' is invalid. Using default page load timeout: '30'

2019-05-20 08:34:43 - [MESSAGE][PASSED] - Object 'Object Repository/ADMIN/Categories/Category List/button_Categories' is visible

2019-05-20 08:34:43 - [TEST_STEP][FAILED] - click: Unable to click on object 'Object Repository/ADMIN/Categories/Category List/button_Categories' (Root cause: org.openqa.selenium.ElementNotVisibleException: element not visible
  (Session info: chrome=74.0.3729.157)
  (Driver info: chromedriver=2.35.528161 (5b82f2d2aae0ca24b877009200ced9065a772e73),platform=Windows NT 6.1.7601 SP1 x86_64) (WARNING: The server did not provide any stacktrace information)
Command duration or timeout: 0 milliseconds
Build info: version: '3.7.1', revision: '8a0099a', time: '2017-11-06T21:07:36.161Z'
System info: host: 'ARCADIER-PC', ip: '10.10.31.95', os.name: 'Windows 7', os.arch: 'amd64', os.version: '6.1', java.version: '1.8.0_102'
Driver info: com.kms.katalon.core.webui.driver.ExistingRemoteWebDriver
Capabilities {javascriptEnabled: true, platform: ANY, platformName: ANY}
Session ID: 2609dc86013a09d8daebbf33ac0c67a9)

2019-05-20 08:34:43 - [MESSAGE][FAILED] - Unable to click on object 'Object Repository/ADMIN/Categories/Category List/button_Categories' (Root cause: org.openqa.selenium.ElementNotVisibleException: element not visible
  (Session info: chrome=74.0.3729.157)
  (Driver info: chromedriver=2.35.528161 (5b82f2d2aae0ca24b877009200ced9065a772e73),platform=Windows NT 6.1.7601 SP1 x86_64) (WARNING: The server did not provide any stacktrace information)
Command duration or timeout: 0 milliseconds
Build info: version: '3.7.1', revision: '8a0099a', time: '2017-11-06T21:07:36.161Z'
System info: host: 'ARCADIER-PC', ip: '10.10.31.95', os.name: 'Windows 7', os.arch: 'amd64', os.version: '6.1', java.version: '1.8.0_102'
Driver info: com.kms.katalon.core.webui.driver.ExistingRemoteWebDriver
Capabilities {javascriptEnabled: true, platform: ANY, platformName: ANY}
Session ID: 2609dc86013a09d8daebbf33ac0c67a9)
[[ATTACHMENT|C:\\Users\\Arcadier\\git\\Arctick\\Reports\\Suites\\Admin Add Category\\20190520_082941\\1558312483547.png]]

2019-05-20 08:34:43 - [TEST_STEP][PASSED] - waitForPageLoad: Wait for page load successfully

2019-05-20 08:34:43 - [MESSAGE][WARNING] - Timeout '0' is invalid. Using default page load timeout: '30'

2019-05-20 08:34:43 - [MESSAGE][PASSED] - Wait for page load successfully

2019-05-20 08:34:43 - [TEST_STEP][PASSED] - click: Object: 'Object Repository/ADMIN/Categories/Category List/button_Add a Category' is clicked on

2019-05-20 08:34:44 - [MESSAGE][PASSED] - Object: 'Object Repository/ADMIN/Categories/Category List/button_Add a Category' is clicked on

2019-05-20 08:34:44 - [TEST_STEP][PASSED] - waitForElementPresent: Object 'Object Repository/ADMIN/Categories/Category/dropdown_Parent' is present

2019-05-20 08:34:44 - [MESSAGE][PASSED] - Object 'Object Repository/ADMIN/Categories/Category/dropdown_Parent' is present

2019-05-20 08:34:44 - [TEST_STEP][PASSED] - delay: Delayed 1 second(s)

2019-05-20 08:34:45 - [MESSAGE][PASSED] - Delayed 1 second(s)

2019-05-20 08:34:45 - [TEST_STEP][PASSED] - setText: Text 'Category 2.4' is set on object 'Object Repository/ADMIN/Categories/Category/textfield_Category Name'

2019-05-20 08:34:45 - [MESSAGE][PASSED] - Text 'Category 2.4' is set on object 'Object Repository/ADMIN/Categories/Category/textfield_Category Name'

2019-05-20 08:34:45 - [TEST_STEP][PASSED] - click: Object: 'Object Repository/ADMIN/Categories/Category/dropdown_Parent' is clicked on

2019-05-20 08:34:45 - [MESSAGE][PASSED] - Object: 'Object Repository/ADMIN/Categories/Category/dropdown_Parent' is clicked on

2019-05-20 08:34:45 - [TEST_STEP][PASSED] - delay: Delayed 2 second(s)

2019-05-20 08:34:47 - [MESSAGE][PASSED] - Delayed 2 second(s)

2019-05-20 08:34:47 - [TEST_STEP][PASSED] - click: Object: 'Object Repository/ADMIN/Categories/Category/dropdown_Parent' is clicked on

2019-05-20 08:34:48 - [MESSAGE][PASSED] - Object: 'Object Repository/ADMIN/Categories/Category/dropdown_Parent' is clicked on

2019-05-20 08:34:48 - [TEST_STEP][PASSED] - selectOptionByLabel: All options with label 'Category 2' are selected in object 'Object Repository/ADMIN/Categories/Category/dropdown_Parent' 

2019-05-20 08:34:48 - [MESSAGE][PASSED] - All options with label 'Category 2' are selected in object 'Object Repository/ADMIN/Categories/Category/dropdown_Parent' 

2019-05-20 08:34:48 - [TEST_STEP][PASSED] - click: Object: 'Object Repository/ADMIN/Categories/Category/button_Browse' is clicked on

2019-05-20 08:34:48 - [MESSAGE][PASSED] - Object: 'Object Repository/ADMIN/Categories/Category/button_Browse' is clicked on

2019-05-20 08:34:48 - [TEST_STEP][PASSED] - delay: Delayed 1 second(s)

2019-05-20 08:34:49 - [MESSAGE][PASSED] - Delayed 1 second(s)

2019-05-20 08:34:49 - [TEST_STEP][PASSED] - uploadFile: File 'C:\\Katalon\\Image\\pic10.jpg' sent to object: 'Object Repository/ADMIN/Categories/Category/image_input image'

2019-05-20 08:34:49 - [MESSAGE][PASSED] - File 'C:\\Katalon\\Image\\pic10.jpg' sent to object: 'Object Repository/ADMIN/Categories/Category/image_input image'

2019-05-20 08:34:49 - [TEST_STEP][PASSED] - waitForElementVisible: Object 'Object Repository/ADMIN/Categories/Category/button_upload check' is visible

2019-05-20 08:34:49 - [MESSAGE][WARNING] - Timeout '0' is invalid. Using default page load timeout: '30'

2019-05-20 08:34:49 - [MESSAGE][PASSED] - Object 'Object Repository/ADMIN/Categories/Category/button_upload check' is visible

2019-05-20 08:34:49 - [TEST_STEP][PASSED] - click: Object: 'Object Repository/ADMIN/Categories/Category/button_upload check' is clicked on

2019-05-20 08:34:49 - [MESSAGE][PASSED] - Object: 'Object Repository/ADMIN/Categories/Category/button_upload check' is clicked on

2019-05-20 08:34:49 - [TEST_STEP][PASSED] - click: Object: 'Object Repository/ADMIN/Categories/Category/button_upload save' is clicked on

2019-05-20 08:34:49 - [MESSAGE][PASSED] - Object: 'Object Repository/ADMIN/Categories/Category/button_upload save' is clicked on

2019-05-20 08:34:49 - [TEST_STEP][PASSED] - waitForElementVisible: Object 'Object Repository/ADMIN/Categories/Category/button_upload save' is visible

2019-05-20 08:34:49 - [MESSAGE][WARNING] - Timeout '0' is invalid. Using default page load timeout: '30'

2019-05-20 08:34:49 - [MESSAGE][PASSED] - Object 'Object Repository/ADMIN/Categories/Category/button_upload save' is visible

2019-05-20 08:34:49 - [TEST_STEP][PASSED] - setText: Text 'Description23' is set on object 'Object Repository/ADMIN/Categories/Category/textfield_category_description'

2019-05-20 08:34:49 - [MESSAGE][PASSED] - Text 'Description23' is set on object 'Object Repository/ADMIN/Categories/Category/textfield_category_description'

2019-05-20 08:34:49 - [TEST_STEP][PASSED] - click: Object: 'Object Repository/ADMIN/Categories/Category/button_Save' is clicked on

2019-05-20 08:34:49 - [MESSAGE][PASSED] - Object: 'Object Repository/ADMIN/Categories/Category/button_Save' is clicked on

2019-05-20 08:34:49 - [TEST_STEP][PASSED] - waitForElementVisible: Object 'Object Repository/ADMIN/Categories/Category/label_edit popup' is visible

2019-05-20 08:34:49 - [MESSAGE][WARNING] - Timeout '0' is invalid. Using default page load timeout: '30'

2019-05-20 08:34:50 - [MESSAGE][PASSED] - Object 'Object Repository/ADMIN/Categories/Category/label_edit popup' is visible

2019-05-20 08:34:50 - [TEST_STEP][PASSED] - waitForElementNotPresent: Web element with id: 'Object Repository/ADMIN/Categories/Category/label_edit popup' located by 'By.xpath: //div[(text() = 'Category was successfully saved.' or . = 'Category was successfully saved.')]' is not present after '30' second(s)

2019-05-20 08:34:50 - [MESSAGE][WARNING] - Timeout '0' is invalid. Using default page load timeout: '30'

2019-05-20 08:34:56 - [MESSAGE][PASSED] - Web element with id: 'Object Repository/ADMIN/Categories/Category/label_edit popup' located by 'By.xpath: //div[(text() = 'Category was successfully saved.' or . = 'Category was successfully saved.')]' is not present after '30' second(s)]]></system-out>
         <system-err><![CDATA[2019-05-20 08:34:43 - [TEST_CASE][FAILED] - Test Cases/ADMIN/Content Mgmt/Categories/Category Add-Edit/Add Category: Test Cases/ADMIN/Content Mgmt/Categories/Category Add-Edit/Add Category FAILED because (of) Unable to click on object 'Object Repository/ADMIN/Categories/Category List/button_Categories' (Root cause: org.openqa.selenium.ElementNotVisibleException: element not visible
  (Session info: chrome=74.0.3729.157)
  (Driver info: chromedriver=2.35.528161 (5b82f2d2aae0ca24b877009200ced9065a772e73),platform=Windows NT 6.1.7601 SP1 x86_64) (WARNING: The server did not provide any stacktrace information)
Command duration or timeout: 0 milliseconds
Build info: version: '3.7.1', revision: '8a0099a', time: '2017-11-06T21:07:36.161Z'
System info: host: 'ARCADIER-PC', ip: '10.10.31.95', os.name: 'Windows 7', os.arch: 'amd64', os.version: '6.1', java.version: '1.8.0_102'
Driver info: com.kms.katalon.core.webui.driver.ExistingRemoteWebDriver
Capabilities {javascriptEnabled: true, platform: ANY, platformName: ANY}
Session ID: 2609dc86013a09d8daebbf33ac0c67a9)]]></system-err>
      </testcase>
      <testcase name="Test Cases/ADMIN/Content Mgmt/Categories/Category Add-Edit/Add Category" classname="Test Cases/ADMIN/Content Mgmt/Categories/Category Add-Edit/Add Category" status="FAILED">
         <failure type="FAILED" message="Unable to click on object 'Object Repository/ADMIN/Categories/Category List/button_Categories' (Root cause: org.openqa.selenium.ElementNotVisibleException: element not visible
  (Session info: chrome=74.0.3729.157)
  (Driver info: chromedriver=2.35.528161 (5b82f2d2aae0ca24b877009200ced9065a772e73),platform=Windows NT 6.1.7601 SP1 x86_64) (WARNING: The server did not provide any stacktrace information)
Command duration or timeout: 0 milliseconds
Build info: version: '3.7.1', revision: '8a0099a', time: '2017-11-06T21:07:36.161Z'
System info: host: 'ARCADIER-PC', ip: '10.10.31.95', os.name: 'Windows 7', os.arch: 'amd64', os.version: '6.1', java.version: '1.8.0_102'
Driver info: com.kms.katalon.core.webui.driver.ExistingRemoteWebDriver
Capabilities {javascriptEnabled: true, platform: ANY, platformName: ANY}
Session ID: 2609dc86013a09d8daebbf33ac0c67a9)"/>
         <system-out><![CDATA[2019-05-20 08:34:56 - [TEST_CASE][FAILED] - Test Cases/ADMIN/Content Mgmt/Categories/Category Add-Edit/Add Category: Test Cases/ADMIN/Content Mgmt/Categories/Category Add-Edit/Add Category FAILED because (of) Unable to click on object 'Object Repository/ADMIN/Categories/Category List/button_Categories' (Root cause: org.openqa.selenium.ElementNotVisibleException: element not visible
  (Session info: chrome=74.0.3729.157)
  (Driver info: chromedriver=2.35.528161 (5b82f2d2aae0ca24b877009200ced9065a772e73),platform=Windows NT 6.1.7601 SP1 x86_64) (WARNING: The server did not provide any stacktrace information)
Command duration or timeout: 0 milliseconds
Build info: version: '3.7.1', revision: '8a0099a', time: '2017-11-06T21:07:36.161Z'
System info: host: 'ARCADIER-PC', ip: '10.10.31.95', os.name: 'Windows 7', os.arch: 'amd64', os.version: '6.1', java.version: '1.8.0_102'
Driver info: com.kms.katalon.core.webui.driver.ExistingRemoteWebDriver
Capabilities {javascriptEnabled: true, platform: ANY, platformName: ANY}
Session ID: 2609dc86013a09d8daebbf33ac0c67a9)

2019-05-20 08:34:56 - [TEST_STEP][PASSED] - waitForElementVisible: Object 'Object Repository/ADMIN/Categories/Category List/button_Content Mgmt' is visible

2019-05-20 08:34:56 - [MESSAGE][WARNING] - Timeout '0' is invalid. Using default page load timeout: '30'

2019-05-20 08:34:56 - [MESSAGE][PASSED] - Object 'Object Repository/ADMIN/Categories/Category List/button_Content Mgmt' is visible

2019-05-20 08:34:56 - [TEST_STEP][PASSED] - click: Object: 'Object Repository/ADMIN/Categories/Category List/button_Content Mgmt' is clicked on

2019-05-20 08:34:57 - [MESSAGE][PASSED] - Object: 'Object Repository/ADMIN/Categories/Category List/button_Content Mgmt' is clicked on

2019-05-20 08:34:57 - [TEST_STEP][PASSED] - waitForElementVisible: Object 'Object Repository/ADMIN/Categories/Category List/button_Categories' is visible

2019-05-20 08:34:57 - [MESSAGE][WARNING] - Timeout '0' is invalid. Using default page load timeout: '30'

2019-05-20 08:34:57 - [MESSAGE][PASSED] - Object 'Object Repository/ADMIN/Categories/Category List/button_Categories' is visible

2019-05-20 08:34:57 - [TEST_STEP][FAILED] - click: Unable to click on object 'Object Repository/ADMIN/Categories/Category List/button_Categories' (Root cause: org.openqa.selenium.ElementNotVisibleException: element not visible
  (Session info: chrome=74.0.3729.157)
  (Driver info: chromedriver=2.35.528161 (5b82f2d2aae0ca24b877009200ced9065a772e73),platform=Windows NT 6.1.7601 SP1 x86_64) (WARNING: The server did not provide any stacktrace information)
Command duration or timeout: 0 milliseconds
Build info: version: '3.7.1', revision: '8a0099a', time: '2017-11-06T21:07:36.161Z'
System info: host: 'ARCADIER-PC', ip: '10.10.31.95', os.name: 'Windows 7', os.arch: 'amd64', os.version: '6.1', java.version: '1.8.0_102'
Driver info: com.kms.katalon.core.webui.driver.ExistingRemoteWebDriver
Capabilities {javascriptEnabled: true, platform: ANY, platformName: ANY}
Session ID: 2609dc86013a09d8daebbf33ac0c67a9)

2019-05-20 08:34:57 - [MESSAGE][FAILED] - Unable to click on object 'Object Repository/ADMIN/Categories/Category List/button_Categories' (Root cause: org.openqa.selenium.ElementNotVisibleException: element not visible
  (Session info: chrome=74.0.3729.157)
  (Driver info: chromedriver=2.35.528161 (5b82f2d2aae0ca24b877009200ced9065a772e73),platform=Windows NT 6.1.7601 SP1 x86_64) (WARNING: The server did not provide any stacktrace information)
Command duration or timeout: 0 milliseconds
Build info: version: '3.7.1', revision: '8a0099a', time: '2017-11-06T21:07:36.161Z'
System info: host: 'ARCADIER-PC', ip: '10.10.31.95', os.name: 'Windows 7', os.arch: 'amd64', os.version: '6.1', java.version: '1.8.0_102'
Driver info: com.kms.katalon.core.webui.driver.ExistingRemoteWebDriver
Capabilities {javascriptEnabled: true, platform: ANY, platformName: ANY}
Session ID: 2609dc86013a09d8daebbf33ac0c67a9)
[[ATTACHMENT|C:\\Users\\Arcadier\\git\\Arctick\\Reports\\Suites\\Admin Add Category\\20190520_082941\\1558312497218.png]]

2019-05-20 08:34:57 - [TEST_STEP][PASSED] - waitForPageLoad: Wait for page load successfully

2019-05-20 08:34:57 - [MESSAGE][WARNING] - Timeout '0' is invalid. Using default page load timeout: '30'

2019-05-20 08:34:57 - [MESSAGE][PASSED] - Wait for page load successfully

2019-05-20 08:34:57 - [TEST_STEP][PASSED] - click: Object: 'Object Repository/ADMIN/Categories/Category List/button_Add a Category' is clicked on

2019-05-20 08:34:57 - [MESSAGE][PASSED] - Object: 'Object Repository/ADMIN/Categories/Category List/button_Add a Category' is clicked on

2019-05-20 08:34:57 - [TEST_STEP][PASSED] - waitForElementPresent: Object 'Object Repository/ADMIN/Categories/Category/dropdown_Parent' is present

2019-05-20 08:34:57 - [MESSAGE][PASSED] - Object 'Object Repository/ADMIN/Categories/Category/dropdown_Parent' is present

2019-05-20 08:34:57 - [TEST_STEP][PASSED] - delay: Delayed 1 second(s)

2019-05-20 08:34:58 - [MESSAGE][PASSED] - Delayed 1 second(s)

2019-05-20 08:34:58 - [TEST_STEP][PASSED] - setText: Text 'Category 2.4.1' is set on object 'Object Repository/ADMIN/Categories/Category/textfield_Category Name'

2019-05-20 08:34:59 - [MESSAGE][PASSED] - Text 'Category 2.4.1' is set on object 'Object Repository/ADMIN/Categories/Category/textfield_Category Name'

2019-05-20 08:34:59 - [TEST_STEP][PASSED] - click: Object: 'Object Repository/ADMIN/Categories/Category/dropdown_Parent' is clicked on

2019-05-20 08:34:59 - [MESSAGE][PASSED] - Object: 'Object Repository/ADMIN/Categories/Category/dropdown_Parent' is clicked on

2019-05-20 08:34:59 - [TEST_STEP][PASSED] - delay: Delayed 2 second(s)

2019-05-20 08:35:01 - [MESSAGE][PASSED] - Delayed 2 second(s)

2019-05-20 08:35:01 - [TEST_STEP][PASSED] - click: Object: 'Object Repository/ADMIN/Categories/Category/dropdown_Parent' is clicked on

2019-05-20 08:35:01 - [MESSAGE][PASSED] - Object: 'Object Repository/ADMIN/Categories/Category/dropdown_Parent' is clicked on

2019-05-20 08:35:01 - [TEST_STEP][PASSED] - selectOptionByLabel: All options with label 'Category 2.4' are selected in object 'Object Repository/ADMIN/Categories/Category/dropdown_Parent' 

2019-05-20 08:35:01 - [MESSAGE][PASSED] - All options with label 'Category 2.4' are selected in object 'Object Repository/ADMIN/Categories/Category/dropdown_Parent' 

2019-05-20 08:35:01 - [TEST_STEP][PASSED] - click: Object: 'Object Repository/ADMIN/Categories/Category/button_Browse' is clicked on

2019-05-20 08:35:01 - [MESSAGE][PASSED] - Object: 'Object Repository/ADMIN/Categories/Category/button_Browse' is clicked on

2019-05-20 08:35:01 - [TEST_STEP][PASSED] - delay: Delayed 1 second(s)

2019-05-20 08:35:02 - [MESSAGE][PASSED] - Delayed 1 second(s)

2019-05-20 08:35:02 - [TEST_STEP][PASSED] - uploadFile: File 'C:\\Katalon\\Image\\pic11.jpg' sent to object: 'Object Repository/ADMIN/Categories/Category/image_input image'

2019-05-20 08:35:02 - [MESSAGE][PASSED] - File 'C:\\Katalon\\Image\\pic11.jpg' sent to object: 'Object Repository/ADMIN/Categories/Category/image_input image'

2019-05-20 08:35:02 - [TEST_STEP][PASSED] - waitForElementVisible: Object 'Object Repository/ADMIN/Categories/Category/button_upload check' is visible

2019-05-20 08:35:02 - [MESSAGE][WARNING] - Timeout '0' is invalid. Using default page load timeout: '30'

2019-05-20 08:35:02 - [MESSAGE][PASSED] - Object 'Object Repository/ADMIN/Categories/Category/button_upload check' is visible

2019-05-20 08:35:02 - [TEST_STEP][PASSED] - click: Object: 'Object Repository/ADMIN/Categories/Category/button_upload check' is clicked on

2019-05-20 08:35:02 - [MESSAGE][PASSED] - Object: 'Object Repository/ADMIN/Categories/Category/button_upload check' is clicked on

2019-05-20 08:35:02 - [TEST_STEP][PASSED] - click: Object: 'Object Repository/ADMIN/Categories/Category/button_upload save' is clicked on

2019-05-20 08:35:02 - [MESSAGE][PASSED] - Object: 'Object Repository/ADMIN/Categories/Category/button_upload save' is clicked on

2019-05-20 08:35:02 - [TEST_STEP][PASSED] - waitForElementVisible: Object 'Object Repository/ADMIN/Categories/Category/button_upload save' is visible

2019-05-20 08:35:02 - [MESSAGE][WARNING] - Timeout '0' is invalid. Using default page load timeout: '30'

2019-05-20 08:35:02 - [MESSAGE][PASSED] - Object 'Object Repository/ADMIN/Categories/Category/button_upload save' is visible

2019-05-20 08:35:02 - [TEST_STEP][PASSED] - setText: Text 'Description24' is set on object 'Object Repository/ADMIN/Categories/Category/textfield_category_description'

2019-05-20 08:35:03 - [MESSAGE][PASSED] - Text 'Description24' is set on object 'Object Repository/ADMIN/Categories/Category/textfield_category_description'

2019-05-20 08:35:03 - [TEST_STEP][PASSED] - click: Object: 'Object Repository/ADMIN/Categories/Category/button_Save' is clicked on

2019-05-20 08:35:03 - [MESSAGE][PASSED] - Object: 'Object Repository/ADMIN/Categories/Category/button_Save' is clicked on

2019-05-20 08:35:03 - [TEST_STEP][PASSED] - waitForElementVisible: Object 'Object Repository/ADMIN/Categories/Category/label_edit popup' is visible

2019-05-20 08:35:03 - [MESSAGE][WARNING] - Timeout '0' is invalid. Using default page load timeout: '30'

2019-05-20 08:35:04 - [MESSAGE][PASSED] - Object 'Object Repository/ADMIN/Categories/Category/label_edit popup' is visible

2019-05-20 08:35:04 - [TEST_STEP][PASSED] - waitForElementNotPresent: Web element with id: 'Object Repository/ADMIN/Categories/Category/label_edit popup' located by 'By.xpath: //div[(text() = 'Category was successfully saved.' or . = 'Category was successfully saved.')]' is not present after '30' second(s)

2019-05-20 08:35:04 - [MESSAGE][WARNING] - Timeout '0' is invalid. Using default page load timeout: '30'

2019-05-20 08:35:10 - [MESSAGE][PASSED] - Web element with id: 'Object Repository/ADMIN/Categories/Category/label_edit popup' located by 'By.xpath: //div[(text() = 'Category was successfully saved.' or . = 'Category was successfully saved.')]' is not present after '30' second(s)]]></system-out>
         <system-err><![CDATA[2019-05-20 08:34:56 - [TEST_CASE][FAILED] - Test Cases/ADMIN/Content Mgmt/Categories/Category Add-Edit/Add Category: Test Cases/ADMIN/Content Mgmt/Categories/Category Add-Edit/Add Category FAILED because (of) Unable to click on object 'Object Repository/ADMIN/Categories/Category List/button_Categories' (Root cause: org.openqa.selenium.ElementNotVisibleException: element not visible
  (Session info: chrome=74.0.3729.157)
  (Driver info: chromedriver=2.35.528161 (5b82f2d2aae0ca24b877009200ced9065a772e73),platform=Windows NT 6.1.7601 SP1 x86_64) (WARNING: The server did not provide any stacktrace information)
Command duration or timeout: 0 milliseconds
Build info: version: '3.7.1', revision: '8a0099a', time: '2017-11-06T21:07:36.161Z'
System info: host: 'ARCADIER-PC', ip: '10.10.31.95', os.name: 'Windows 7', os.arch: 'amd64', os.version: '6.1', java.version: '1.8.0_102'
Driver info: com.kms.katalon.core.webui.driver.ExistingRemoteWebDriver
Capabilities {javascriptEnabled: true, platform: ANY, platformName: ANY}
Session ID: 2609dc86013a09d8daebbf33ac0c67a9)]]></system-err>
      </testcase>
      <testcase name="Test Cases/ADMIN/Content Mgmt/Categories/Category Add-Edit/Add Category" classname="Test Cases/ADMIN/Content Mgmt/Categories/Category Add-Edit/Add Category" status="PASSED">
         <system-out><![CDATA[2019-05-20 08:35:10 - [TEST_CASE][PASSED] - Test Cases/ADMIN/Content Mgmt/Categories/Category Add-Edit/Add Category: Test Cases/ADMIN/Content Mgmt/Categories/Category Add-Edit/Add Category

2019-05-20 08:35:10 - [TEST_STEP][PASSED] - waitForElementVisible: Object 'Object Repository/ADMIN/Categories/Category List/button_Content Mgmt' is visible

2019-05-20 08:35:10 - [MESSAGE][WARNING] - Timeout '0' is invalid. Using default page load timeout: '30'

2019-05-20 08:35:10 - [MESSAGE][PASSED] - Object 'Object Repository/ADMIN/Categories/Category List/button_Content Mgmt' is visible

2019-05-20 08:35:10 - [TEST_STEP][PASSED] - click: Object: 'Object Repository/ADMIN/Categories/Category List/button_Content Mgmt' is clicked on

2019-05-20 08:35:10 - [MESSAGE][PASSED] - Object: 'Object Repository/ADMIN/Categories/Category List/button_Content Mgmt' is clicked on

2019-05-20 08:35:10 - [TEST_STEP][PASSED] - waitForElementVisible: Object 'Object Repository/ADMIN/Categories/Category List/button_Categories' is visible

2019-05-20 08:35:10 - [MESSAGE][WARNING] - Timeout '0' is invalid. Using default page load timeout: '30'

2019-05-20 08:35:10 - [MESSAGE][PASSED] - Object 'Object Repository/ADMIN/Categories/Category List/button_Categories' is visible

2019-05-20 08:35:10 - [TEST_STEP][PASSED] - click: Object: 'Object Repository/ADMIN/Categories/Category List/button_Categories' is clicked on

2019-05-20 08:35:11 - [MESSAGE][PASSED] - Object: 'Object Repository/ADMIN/Categories/Category List/button_Categories' is clicked on

2019-05-20 08:35:11 - [TEST_STEP][PASSED] - waitForPageLoad: Wait for page load successfully

2019-05-20 08:35:11 - [MESSAGE][WARNING] - Timeout '0' is invalid. Using default page load timeout: '30'

2019-05-20 08:35:11 - [MESSAGE][PASSED] - Wait for page load successfully

2019-05-20 08:35:11 - [TEST_STEP][PASSED] - click: Object: 'Object Repository/ADMIN/Categories/Category List/button_Add a Category' is clicked on

2019-05-20 08:35:11 - [MESSAGE][PASSED] - Object: 'Object Repository/ADMIN/Categories/Category List/button_Add a Category' is clicked on

2019-05-20 08:35:11 - [TEST_STEP][PASSED] - waitForElementPresent: Object 'Object Repository/ADMIN/Categories/Category/dropdown_Parent' is present

2019-05-20 08:35:11 - [MESSAGE][PASSED] - Object 'Object Repository/ADMIN/Categories/Category/dropdown_Parent' is present

2019-05-20 08:35:11 - [TEST_STEP][PASSED] - delay: Delayed 1 second(s)

2019-05-20 08:35:12 - [MESSAGE][PASSED] - Delayed 1 second(s)

2019-05-20 08:35:12 - [TEST_STEP][PASSED] - setText: Text 'Category 2.4.2' is set on object 'Object Repository/ADMIN/Categories/Category/textfield_Category Name'

2019-05-20 08:35:13 - [MESSAGE][PASSED] - Text 'Category 2.4.2' is set on object 'Object Repository/ADMIN/Categories/Category/textfield_Category Name'

2019-05-20 08:35:13 - [TEST_STEP][PASSED] - click: Object: 'Object Repository/ADMIN/Categories/Category/dropdown_Parent' is clicked on

2019-05-20 08:35:13 - [MESSAGE][PASSED] - Object: 'Object Repository/ADMIN/Categories/Category/dropdown_Parent' is clicked on

2019-05-20 08:35:13 - [TEST_STEP][PASSED] - delay: Delayed 2 second(s)

2019-05-20 08:35:15 - [MESSAGE][PASSED] - Delayed 2 second(s)

2019-05-20 08:35:15 - [TEST_STEP][PASSED] - click: Object: 'Object Repository/ADMIN/Categories/Category/dropdown_Parent' is clicked on

2019-05-20 08:35:15 - [MESSAGE][PASSED] - Object: 'Object Repository/ADMIN/Categories/Category/dropdown_Parent' is clicked on

2019-05-20 08:35:15 - [TEST_STEP][PASSED] - selectOptionByLabel: All options with label 'Category 2.4' are selected in object 'Object Repository/ADMIN/Categories/Category/dropdown_Parent' 

2019-05-20 08:35:15 - [MESSAGE][PASSED] - All options with label 'Category 2.4' are selected in object 'Object Repository/ADMIN/Categories/Category/dropdown_Parent' 

2019-05-20 08:35:15 - [TEST_STEP][PASSED] - click: Object: 'Object Repository/ADMIN/Categories/Category/button_Browse' is clicked on

2019-05-20 08:35:15 - [MESSAGE][PASSED] - Object: 'Object Repository/ADMIN/Categories/Category/button_Browse' is clicked on

2019-05-20 08:35:15 - [TEST_STEP][PASSED] - delay: Delayed 1 second(s)

2019-05-20 08:35:16 - [MESSAGE][PASSED] - Delayed 1 second(s)

2019-05-20 08:35:16 - [TEST_STEP][PASSED] - uploadFile: File 'C:\\Katalon\\Image\\pic12.jpg' sent to object: 'Object Repository/ADMIN/Categories/Category/image_input image'

2019-05-20 08:35:16 - [MESSAGE][PASSED] - File 'C:\\Katalon\\Image\\pic12.jpg' sent to object: 'Object Repository/ADMIN/Categories/Category/image_input image'

2019-05-20 08:35:16 - [TEST_STEP][PASSED] - waitForElementVisible: Object 'Object Repository/ADMIN/Categories/Category/button_upload check' is visible

2019-05-20 08:35:16 - [MESSAGE][WARNING] - Timeout '0' is invalid. Using default page load timeout: '30'

2019-05-20 08:35:16 - [MESSAGE][PASSED] - Object 'Object Repository/ADMIN/Categories/Category/button_upload check' is visible

2019-05-20 08:35:16 - [TEST_STEP][PASSED] - click: Object: 'Object Repository/ADMIN/Categories/Category/button_upload check' is clicked on

2019-05-20 08:35:17 - [MESSAGE][PASSED] - Object: 'Object Repository/ADMIN/Categories/Category/button_upload check' is clicked on

2019-05-20 08:35:17 - [TEST_STEP][PASSED] - click: Object: 'Object Repository/ADMIN/Categories/Category/button_upload save' is clicked on

2019-05-20 08:35:17 - [MESSAGE][PASSED] - Object: 'Object Repository/ADMIN/Categories/Category/button_upload save' is clicked on

2019-05-20 08:35:17 - [TEST_STEP][PASSED] - waitForElementVisible: Object 'Object Repository/ADMIN/Categories/Category/button_upload save' is visible

2019-05-20 08:35:17 - [MESSAGE][WARNING] - Timeout '0' is invalid. Using default page load timeout: '30'

2019-05-20 08:35:17 - [MESSAGE][PASSED] - Object 'Object Repository/ADMIN/Categories/Category/button_upload save' is visible

2019-05-20 08:35:17 - [TEST_STEP][PASSED] - setText: Text 'Description25' is set on object 'Object Repository/ADMIN/Categories/Category/textfield_category_description'

2019-05-20 08:35:17 - [MESSAGE][PASSED] - Text 'Description25' is set on object 'Object Repository/ADMIN/Categories/Category/textfield_category_description'

2019-05-20 08:35:17 - [TEST_STEP][PASSED] - click: Object: 'Object Repository/ADMIN/Categories/Category/button_Save' is clicked on

2019-05-20 08:35:17 - [MESSAGE][PASSED] - Object: 'Object Repository/ADMIN/Categories/Category/button_Save' is clicked on

2019-05-20 08:35:17 - [TEST_STEP][PASSED] - waitForElementVisible: Object 'Object Repository/ADMIN/Categories/Category/label_edit popup' is visible

2019-05-20 08:35:17 - [MESSAGE][WARNING] - Timeout '0' is invalid. Using default page load timeout: '30'

2019-05-20 08:35:18 - [MESSAGE][PASSED] - Object 'Object Repository/ADMIN/Categories/Category/label_edit popup' is visible

2019-05-20 08:35:18 - [TEST_STEP][PASSED] - waitForElementNotPresent: Web element with id: 'Object Repository/ADMIN/Categories/Category/label_edit popup' located by 'By.xpath: //div[(text() = 'Category was successfully saved.' or . = 'Category was successfully saved.')]' is not present after '30' second(s)

2019-05-20 08:35:18 - [MESSAGE][WARNING] - Timeout '0' is invalid. Using default page load timeout: '30'

2019-05-20 08:35:24 - [MESSAGE][PASSED] - Web element with id: 'Object Repository/ADMIN/Categories/Category/label_edit popup' located by 'By.xpath: //div[(text() = 'Category was successfully saved.' or . = 'Category was successfully saved.')]' is not present after '30' second(s)]]></system-out>
         <system-err><![CDATA[]]></system-err>
      </testcase>
      <testcase name="Test Cases/ADMIN/Content Mgmt/Categories/Category Add-Edit/Add Category" classname="Test Cases/ADMIN/Content Mgmt/Categories/Category Add-Edit/Add Category" status="PASSED">
         <system-out><![CDATA[2019-05-20 08:35:24 - [TEST_CASE][PASSED] - Test Cases/ADMIN/Content Mgmt/Categories/Category Add-Edit/Add Category: Test Cases/ADMIN/Content Mgmt/Categories/Category Add-Edit/Add Category

2019-05-20 08:35:24 - [TEST_STEP][PASSED] - waitForElementVisible: Object 'Object Repository/ADMIN/Categories/Category List/button_Content Mgmt' is visible

2019-05-20 08:35:24 - [MESSAGE][WARNING] - Timeout '0' is invalid. Using default page load timeout: '30'

2019-05-20 08:35:24 - [MESSAGE][PASSED] - Object 'Object Repository/ADMIN/Categories/Category List/button_Content Mgmt' is visible

2019-05-20 08:35:24 - [TEST_STEP][PASSED] - click: Object: 'Object Repository/ADMIN/Categories/Category List/button_Content Mgmt' is clicked on

2019-05-20 08:35:24 - [MESSAGE][PASSED] - Object: 'Object Repository/ADMIN/Categories/Category List/button_Content Mgmt' is clicked on

2019-05-20 08:35:24 - [TEST_STEP][PASSED] - waitForElementVisible: Object 'Object Repository/ADMIN/Categories/Category List/button_Categories' is visible

2019-05-20 08:35:24 - [MESSAGE][WARNING] - Timeout '0' is invalid. Using default page load timeout: '30'

2019-05-20 08:35:24 - [MESSAGE][PASSED] - Object 'Object Repository/ADMIN/Categories/Category List/button_Categories' is visible

2019-05-20 08:35:24 - [TEST_STEP][PASSED] - click: Object: 'Object Repository/ADMIN/Categories/Category List/button_Categories' is clicked on

2019-05-20 08:35:24 - [MESSAGE][PASSED] - Object: 'Object Repository/ADMIN/Categories/Category List/button_Categories' is clicked on

2019-05-20 08:35:24 - [TEST_STEP][PASSED] - waitForPageLoad: Wait for page load successfully

2019-05-20 08:35:24 - [MESSAGE][WARNING] - Timeout '0' is invalid. Using default page load timeout: '30'

2019-05-20 08:35:24 - [MESSAGE][PASSED] - Wait for page load successfully

2019-05-20 08:35:24 - [TEST_STEP][PASSED] - click: Object: 'Object Repository/ADMIN/Categories/Category List/button_Add a Category' is clicked on

2019-05-20 08:35:25 - [MESSAGE][PASSED] - Object: 'Object Repository/ADMIN/Categories/Category List/button_Add a Category' is clicked on

2019-05-20 08:35:25 - [TEST_STEP][PASSED] - waitForElementPresent: Object 'Object Repository/ADMIN/Categories/Category/dropdown_Parent' is present

2019-05-20 08:35:25 - [MESSAGE][PASSED] - Object 'Object Repository/ADMIN/Categories/Category/dropdown_Parent' is present

2019-05-20 08:35:25 - [TEST_STEP][PASSED] - delay: Delayed 1 second(s)

2019-05-20 08:35:26 - [MESSAGE][PASSED] - Delayed 1 second(s)

2019-05-20 08:35:26 - [TEST_STEP][PASSED] - setText: Text 'Category 2.4.3' is set on object 'Object Repository/ADMIN/Categories/Category/textfield_Category Name'

2019-05-20 08:35:26 - [MESSAGE][PASSED] - Text 'Category 2.4.3' is set on object 'Object Repository/ADMIN/Categories/Category/textfield_Category Name'

2019-05-20 08:35:26 - [TEST_STEP][PASSED] - click: Object: 'Object Repository/ADMIN/Categories/Category/dropdown_Parent' is clicked on

2019-05-20 08:35:26 - [MESSAGE][PASSED] - Object: 'Object Repository/ADMIN/Categories/Category/dropdown_Parent' is clicked on

2019-05-20 08:35:26 - [TEST_STEP][PASSED] - delay: Delayed 2 second(s)

2019-05-20 08:35:28 - [MESSAGE][PASSED] - Delayed 2 second(s)

2019-05-20 08:35:28 - [TEST_STEP][PASSED] - click: Object: 'Object Repository/ADMIN/Categories/Category/dropdown_Parent' is clicked on

2019-05-20 08:35:29 - [MESSAGE][PASSED] - Object: 'Object Repository/ADMIN/Categories/Category/dropdown_Parent' is clicked on

2019-05-20 08:35:29 - [TEST_STEP][PASSED] - selectOptionByLabel: All options with label 'Category 2.4' are selected in object 'Object Repository/ADMIN/Categories/Category/dropdown_Parent' 

2019-05-20 08:35:29 - [MESSAGE][PASSED] - All options with label 'Category 2.4' are selected in object 'Object Repository/ADMIN/Categories/Category/dropdown_Parent' 

2019-05-20 08:35:29 - [TEST_STEP][PASSED] - click: Object: 'Object Repository/ADMIN/Categories/Category/button_Browse' is clicked on

2019-05-20 08:35:29 - [MESSAGE][PASSED] - Object: 'Object Repository/ADMIN/Categories/Category/button_Browse' is clicked on

2019-05-20 08:35:29 - [TEST_STEP][PASSED] - delay: Delayed 1 second(s)

2019-05-20 08:35:30 - [MESSAGE][PASSED] - Delayed 1 second(s)

2019-05-20 08:35:30 - [TEST_STEP][PASSED] - uploadFile: File 'C:\\Katalon\\Image\\pic1.jpg' sent to object: 'Object Repository/ADMIN/Categories/Category/image_input image'

2019-05-20 08:35:30 - [MESSAGE][PASSED] - File 'C:\\Katalon\\Image\\pic1.jpg' sent to object: 'Object Repository/ADMIN/Categories/Category/image_input image'

2019-05-20 08:35:30 - [TEST_STEP][PASSED] - waitForElementVisible: Object 'Object Repository/ADMIN/Categories/Category/button_upload check' is visible

2019-05-20 08:35:30 - [MESSAGE][WARNING] - Timeout '0' is invalid. Using default page load timeout: '30'

2019-05-20 08:35:30 - [MESSAGE][PASSED] - Object 'Object Repository/ADMIN/Categories/Category/button_upload check' is visible

2019-05-20 08:35:30 - [TEST_STEP][PASSED] - click: Object: 'Object Repository/ADMIN/Categories/Category/button_upload check' is clicked on

2019-05-20 08:35:30 - [MESSAGE][PASSED] - Object: 'Object Repository/ADMIN/Categories/Category/button_upload check' is clicked on

2019-05-20 08:35:30 - [TEST_STEP][PASSED] - click: Object: 'Object Repository/ADMIN/Categories/Category/button_upload save' is clicked on

2019-05-20 08:35:30 - [MESSAGE][PASSED] - Object: 'Object Repository/ADMIN/Categories/Category/button_upload save' is clicked on

2019-05-20 08:35:30 - [TEST_STEP][PASSED] - waitForElementVisible: Object 'Object Repository/ADMIN/Categories/Category/button_upload save' is visible

2019-05-20 08:35:30 - [MESSAGE][WARNING] - Timeout '0' is invalid. Using default page load timeout: '30'

2019-05-20 08:35:30 - [MESSAGE][PASSED] - Object 'Object Repository/ADMIN/Categories/Category/button_upload save' is visible

2019-05-20 08:35:30 - [TEST_STEP][PASSED] - setText: Text 'Description26' is set on object 'Object Repository/ADMIN/Categories/Category/textfield_category_description'

2019-05-20 08:35:31 - [MESSAGE][PASSED] - Text 'Description26' is set on object 'Object Repository/ADMIN/Categories/Category/textfield_category_description'

2019-05-20 08:35:31 - [TEST_STEP][PASSED] - click: Object: 'Object Repository/ADMIN/Categories/Category/button_Save' is clicked on

2019-05-20 08:35:31 - [MESSAGE][PASSED] - Object: 'Object Repository/ADMIN/Categories/Category/button_Save' is clicked on

2019-05-20 08:35:31 - [TEST_STEP][PASSED] - waitForElementVisible: Object 'Object Repository/ADMIN/Categories/Category/label_edit popup' is visible

2019-05-20 08:35:31 - [MESSAGE][WARNING] - Timeout '0' is invalid. Using default page load timeout: '30'

2019-05-20 08:35:31 - [MESSAGE][PASSED] - Object 'Object Repository/ADMIN/Categories/Category/label_edit popup' is visible

2019-05-20 08:35:31 - [TEST_STEP][PASSED] - waitForElementNotPresent: Web element with id: 'Object Repository/ADMIN/Categories/Category/label_edit popup' located by 'By.xpath: //div[(text() = 'Category was successfully saved.' or . = 'Category was successfully saved.')]' is not present after '30' second(s)

2019-05-20 08:35:31 - [MESSAGE][WARNING] - Timeout '0' is invalid. Using default page load timeout: '30'

2019-05-20 08:35:37 - [MESSAGE][PASSED] - Web element with id: 'Object Repository/ADMIN/Categories/Category/label_edit popup' located by 'By.xpath: //div[(text() = 'Category was successfully saved.' or . = 'Category was successfully saved.')]' is not present after '30' second(s)]]></system-out>
         <system-err><![CDATA[]]></system-err>
      </testcase>
      <testcase name="Test Cases/ADMIN/Content Mgmt/Categories/Category Add-Edit/Add Category" classname="Test Cases/ADMIN/Content Mgmt/Categories/Category Add-Edit/Add Category" status="PASSED">
         <system-out><![CDATA[2019-05-20 08:35:37 - [TEST_CASE][PASSED] - Test Cases/ADMIN/Content Mgmt/Categories/Category Add-Edit/Add Category: Test Cases/ADMIN/Content Mgmt/Categories/Category Add-Edit/Add Category

2019-05-20 08:35:37 - [TEST_STEP][PASSED] - waitForElementVisible: Object 'Object Repository/ADMIN/Categories/Category List/button_Content Mgmt' is visible

2019-05-20 08:35:37 - [MESSAGE][WARNING] - Timeout '0' is invalid. Using default page load timeout: '30'

2019-05-20 08:35:37 - [MESSAGE][PASSED] - Object 'Object Repository/ADMIN/Categories/Category List/button_Content Mgmt' is visible

2019-05-20 08:35:37 - [TEST_STEP][PASSED] - click: Object: 'Object Repository/ADMIN/Categories/Category List/button_Content Mgmt' is clicked on

2019-05-20 08:35:37 - [MESSAGE][PASSED] - Object: 'Object Repository/ADMIN/Categories/Category List/button_Content Mgmt' is clicked on

2019-05-20 08:35:37 - [TEST_STEP][PASSED] - waitForElementVisible: Object 'Object Repository/ADMIN/Categories/Category List/button_Categories' is visible

2019-05-20 08:35:37 - [MESSAGE][WARNING] - Timeout '0' is invalid. Using default page load timeout: '30'

2019-05-20 08:35:38 - [MESSAGE][PASSED] - Object 'Object Repository/ADMIN/Categories/Category List/button_Categories' is visible

2019-05-20 08:35:38 - [TEST_STEP][PASSED] - click: Object: 'Object Repository/ADMIN/Categories/Category List/button_Categories' is clicked on

2019-05-20 08:35:39 - [MESSAGE][PASSED] - Object: 'Object Repository/ADMIN/Categories/Category List/button_Categories' is clicked on

2019-05-20 08:35:39 - [TEST_STEP][PASSED] - waitForPageLoad: Wait for page load successfully

2019-05-20 08:35:39 - [MESSAGE][WARNING] - Timeout '0' is invalid. Using default page load timeout: '30'

2019-05-20 08:35:40 - [MESSAGE][PASSED] - Wait for page load successfully

2019-05-20 08:35:40 - [TEST_STEP][PASSED] - click: Object: 'Object Repository/ADMIN/Categories/Category List/button_Add a Category' is clicked on

2019-05-20 08:35:40 - [MESSAGE][PASSED] - Object: 'Object Repository/ADMIN/Categories/Category List/button_Add a Category' is clicked on

2019-05-20 08:35:40 - [TEST_STEP][PASSED] - waitForElementPresent: Object 'Object Repository/ADMIN/Categories/Category/dropdown_Parent' is present

2019-05-20 08:35:40 - [MESSAGE][PASSED] - Object 'Object Repository/ADMIN/Categories/Category/dropdown_Parent' is present

2019-05-20 08:35:40 - [TEST_STEP][PASSED] - delay: Delayed 1 second(s)

2019-05-20 08:35:41 - [MESSAGE][PASSED] - Delayed 1 second(s)

2019-05-20 08:35:41 - [TEST_STEP][PASSED] - setText: Text 'Category 2.5' is set on object 'Object Repository/ADMIN/Categories/Category/textfield_Category Name'

2019-05-20 08:35:41 - [MESSAGE][PASSED] - Text 'Category 2.5' is set on object 'Object Repository/ADMIN/Categories/Category/textfield_Category Name'

2019-05-20 08:35:41 - [TEST_STEP][PASSED] - click: Object: 'Object Repository/ADMIN/Categories/Category/dropdown_Parent' is clicked on

2019-05-20 08:35:41 - [MESSAGE][PASSED] - Object: 'Object Repository/ADMIN/Categories/Category/dropdown_Parent' is clicked on

2019-05-20 08:35:41 - [TEST_STEP][PASSED] - delay: Delayed 2 second(s)

2019-05-20 08:35:43 - [MESSAGE][PASSED] - Delayed 2 second(s)

2019-05-20 08:35:43 - [TEST_STEP][PASSED] - click: Object: 'Object Repository/ADMIN/Categories/Category/dropdown_Parent' is clicked on

2019-05-20 08:35:43 - [MESSAGE][PASSED] - Object: 'Object Repository/ADMIN/Categories/Category/dropdown_Parent' is clicked on

2019-05-20 08:35:43 - [TEST_STEP][PASSED] - selectOptionByLabel: All options with label 'Category 2' are selected in object 'Object Repository/ADMIN/Categories/Category/dropdown_Parent' 

2019-05-20 08:35:43 - [MESSAGE][PASSED] - All options with label 'Category 2' are selected in object 'Object Repository/ADMIN/Categories/Category/dropdown_Parent' 

2019-05-20 08:35:43 - [TEST_STEP][PASSED] - click: Object: 'Object Repository/ADMIN/Categories/Category/button_Browse' is clicked on

2019-05-20 08:35:44 - [MESSAGE][PASSED] - Object: 'Object Repository/ADMIN/Categories/Category/button_Browse' is clicked on

2019-05-20 08:35:44 - [TEST_STEP][PASSED] - delay: Delayed 1 second(s)

2019-05-20 08:35:45 - [MESSAGE][PASSED] - Delayed 1 second(s)

2019-05-20 08:35:45 - [TEST_STEP][PASSED] - uploadFile: File 'C:\\Katalon\\Image\\pic2.jpg' sent to object: 'Object Repository/ADMIN/Categories/Category/image_input image'

2019-05-20 08:35:45 - [MESSAGE][PASSED] - File 'C:\\Katalon\\Image\\pic2.jpg' sent to object: 'Object Repository/ADMIN/Categories/Category/image_input image'

2019-05-20 08:35:45 - [TEST_STEP][PASSED] - waitForElementVisible: Object 'Object Repository/ADMIN/Categories/Category/button_upload check' is visible

2019-05-20 08:35:45 - [MESSAGE][WARNING] - Timeout '0' is invalid. Using default page load timeout: '30'

2019-05-20 08:35:45 - [MESSAGE][PASSED] - Object 'Object Repository/ADMIN/Categories/Category/button_upload check' is visible

2019-05-20 08:35:45 - [TEST_STEP][PASSED] - click: Object: 'Object Repository/ADMIN/Categories/Category/button_upload check' is clicked on

2019-05-20 08:35:45 - [MESSAGE][PASSED] - Object: 'Object Repository/ADMIN/Categories/Category/button_upload check' is clicked on

2019-05-20 08:35:45 - [TEST_STEP][PASSED] - click: Object: 'Object Repository/ADMIN/Categories/Category/button_upload save' is clicked on

2019-05-20 08:35:45 - [MESSAGE][PASSED] - Object: 'Object Repository/ADMIN/Categories/Category/button_upload save' is clicked on

2019-05-20 08:35:45 - [TEST_STEP][PASSED] - waitForElementVisible: Object 'Object Repository/ADMIN/Categories/Category/button_upload save' is visible

2019-05-20 08:35:45 - [MESSAGE][WARNING] - Timeout '0' is invalid. Using default page load timeout: '30'

2019-05-20 08:35:45 - [MESSAGE][PASSED] - Object 'Object Repository/ADMIN/Categories/Category/button_upload save' is visible

2019-05-20 08:35:45 - [TEST_STEP][PASSED] - setText: Text 'Description27' is set on object 'Object Repository/ADMIN/Categories/Category/textfield_category_description'

2019-05-20 08:35:45 - [MESSAGE][PASSED] - Text 'Description27' is set on object 'Object Repository/ADMIN/Categories/Category/textfield_category_description'

2019-05-20 08:35:45 - [TEST_STEP][PASSED] - click: Object: 'Object Repository/ADMIN/Categories/Category/button_Save' is clicked on

2019-05-20 08:35:45 - [MESSAGE][PASSED] - Object: 'Object Repository/ADMIN/Categories/Category/button_Save' is clicked on

2019-05-20 08:35:45 - [TEST_STEP][PASSED] - waitForElementVisible: Object 'Object Repository/ADMIN/Categories/Category/label_edit popup' is visible

2019-05-20 08:35:45 - [MESSAGE][WARNING] - Timeout '0' is invalid. Using default page load timeout: '30'

2019-05-20 08:35:46 - [MESSAGE][PASSED] - Object 'Object Repository/ADMIN/Categories/Category/label_edit popup' is visible

2019-05-20 08:35:46 - [TEST_STEP][PASSED] - waitForElementNotPresent: Web element with id: 'Object Repository/ADMIN/Categories/Category/label_edit popup' located by 'By.xpath: //div[(text() = 'Category was successfully saved.' or . = 'Category was successfully saved.')]' is not present after '30' second(s)

2019-05-20 08:35:46 - [MESSAGE][WARNING] - Timeout '0' is invalid. Using default page load timeout: '30'

2019-05-20 08:35:52 - [MESSAGE][PASSED] - Web element with id: 'Object Repository/ADMIN/Categories/Category/label_edit popup' located by 'By.xpath: //div[(text() = 'Category was successfully saved.' or . = 'Category was successfully saved.')]' is not present after '30' second(s)]]></system-out>
         <system-err><![CDATA[]]></system-err>
      </testcase>
      <testcase name="Test Cases/ADMIN/Content Mgmt/Categories/Category Add-Edit/Add Category" classname="Test Cases/ADMIN/Content Mgmt/Categories/Category Add-Edit/Add Category" status="FAILED">
         <failure type="FAILED" message="Unable to click on object 'Object Repository/ADMIN/Categories/Category List/button_Categories' (Root cause: org.openqa.selenium.ElementNotVisibleException: element not visible
  (Session info: chrome=74.0.3729.157)
  (Driver info: chromedriver=2.35.528161 (5b82f2d2aae0ca24b877009200ced9065a772e73),platform=Windows NT 6.1.7601 SP1 x86_64) (WARNING: The server did not provide any stacktrace information)
Command duration or timeout: 0 milliseconds
Build info: version: '3.7.1', revision: '8a0099a', time: '2017-11-06T21:07:36.161Z'
System info: host: 'ARCADIER-PC', ip: '10.10.31.95', os.name: 'Windows 7', os.arch: 'amd64', os.version: '6.1', java.version: '1.8.0_102'
Driver info: com.kms.katalon.core.webui.driver.ExistingRemoteWebDriver
Capabilities {javascriptEnabled: true, platform: ANY, platformName: ANY}
Session ID: 2609dc86013a09d8daebbf33ac0c67a9)"/>
         <system-out><![CDATA[2019-05-20 08:35:52 - [TEST_CASE][FAILED] - Test Cases/ADMIN/Content Mgmt/Categories/Category Add-Edit/Add Category: Test Cases/ADMIN/Content Mgmt/Categories/Category Add-Edit/Add Category FAILED because (of) Unable to click on object 'Object Repository/ADMIN/Categories/Category List/button_Categories' (Root cause: org.openqa.selenium.ElementNotVisibleException: element not visible
  (Session info: chrome=74.0.3729.157)
  (Driver info: chromedriver=2.35.528161 (5b82f2d2aae0ca24b877009200ced9065a772e73),platform=Windows NT 6.1.7601 SP1 x86_64) (WARNING: The server did not provide any stacktrace information)
Command duration or timeout: 0 milliseconds
Build info: version: '3.7.1', revision: '8a0099a', time: '2017-11-06T21:07:36.161Z'
System info: host: 'ARCADIER-PC', ip: '10.10.31.95', os.name: 'Windows 7', os.arch: 'amd64', os.version: '6.1', java.version: '1.8.0_102'
Driver info: com.kms.katalon.core.webui.driver.ExistingRemoteWebDriver
Capabilities {javascriptEnabled: true, platform: ANY, platformName: ANY}
Session ID: 2609dc86013a09d8daebbf33ac0c67a9)

2019-05-20 08:35:52 - [TEST_STEP][PASSED] - waitForElementVisible: Object 'Object Repository/ADMIN/Categories/Category List/button_Content Mgmt' is visible

2019-05-20 08:35:52 - [MESSAGE][WARNING] - Timeout '0' is invalid. Using default page load timeout: '30'

2019-05-20 08:35:52 - [MESSAGE][PASSED] - Object 'Object Repository/ADMIN/Categories/Category List/button_Content Mgmt' is visible

2019-05-20 08:35:52 - [TEST_STEP][PASSED] - click: Object: 'Object Repository/ADMIN/Categories/Category List/button_Content Mgmt' is clicked on

2019-05-20 08:35:52 - [MESSAGE][PASSED] - Object: 'Object Repository/ADMIN/Categories/Category List/button_Content Mgmt' is clicked on

2019-05-20 08:35:52 - [TEST_STEP][PASSED] - waitForElementVisible: Object 'Object Repository/ADMIN/Categories/Category List/button_Categories' is visible

2019-05-20 08:35:52 - [MESSAGE][WARNING] - Timeout '0' is invalid. Using default page load timeout: '30'

2019-05-20 08:35:52 - [MESSAGE][PASSED] - Object 'Object Repository/ADMIN/Categories/Category List/button_Categories' is visible

2019-05-20 08:35:52 - [TEST_STEP][FAILED] - click: Unable to click on object 'Object Repository/ADMIN/Categories/Category List/button_Categories' (Root cause: org.openqa.selenium.ElementNotVisibleException: element not visible
  (Session info: chrome=74.0.3729.157)
  (Driver info: chromedriver=2.35.528161 (5b82f2d2aae0ca24b877009200ced9065a772e73),platform=Windows NT 6.1.7601 SP1 x86_64) (WARNING: The server did not provide any stacktrace information)
Command duration or timeout: 0 milliseconds
Build info: version: '3.7.1', revision: '8a0099a', time: '2017-11-06T21:07:36.161Z'
System info: host: 'ARCADIER-PC', ip: '10.10.31.95', os.name: 'Windows 7', os.arch: 'amd64', os.version: '6.1', java.version: '1.8.0_102'
Driver info: com.kms.katalon.core.webui.driver.ExistingRemoteWebDriver
Capabilities {javascriptEnabled: true, platform: ANY, platformName: ANY}
Session ID: 2609dc86013a09d8daebbf33ac0c67a9)

2019-05-20 08:35:53 - [MESSAGE][FAILED] - Unable to click on object 'Object Repository/ADMIN/Categories/Category List/button_Categories' (Root cause: org.openqa.selenium.ElementNotVisibleException: element not visible
  (Session info: chrome=74.0.3729.157)
  (Driver info: chromedriver=2.35.528161 (5b82f2d2aae0ca24b877009200ced9065a772e73),platform=Windows NT 6.1.7601 SP1 x86_64) (WARNING: The server did not provide any stacktrace information)
Command duration or timeout: 0 milliseconds
Build info: version: '3.7.1', revision: '8a0099a', time: '2017-11-06T21:07:36.161Z'
System info: host: 'ARCADIER-PC', ip: '10.10.31.95', os.name: 'Windows 7', os.arch: 'amd64', os.version: '6.1', java.version: '1.8.0_102'
Driver info: com.kms.katalon.core.webui.driver.ExistingRemoteWebDriver
Capabilities {javascriptEnabled: true, platform: ANY, platformName: ANY}
Session ID: 2609dc86013a09d8daebbf33ac0c67a9)
[[ATTACHMENT|C:\\Users\\Arcadier\\git\\Arctick\\Reports\\Suites\\Admin Add Category\\20190520_082941\\1558312552946.png]]

2019-05-20 08:35:53 - [TEST_STEP][PASSED] - waitForPageLoad: Wait for page load successfully

2019-05-20 08:35:53 - [MESSAGE][WARNING] - Timeout '0' is invalid. Using default page load timeout: '30'

2019-05-20 08:35:53 - [MESSAGE][PASSED] - Wait for page load successfully

2019-05-20 08:35:53 - [TEST_STEP][PASSED] - click: Object: 'Object Repository/ADMIN/Categories/Category List/button_Add a Category' is clicked on

2019-05-20 08:35:53 - [MESSAGE][PASSED] - Object: 'Object Repository/ADMIN/Categories/Category List/button_Add a Category' is clicked on

2019-05-20 08:35:53 - [TEST_STEP][PASSED] - waitForElementPresent: Object 'Object Repository/ADMIN/Categories/Category/dropdown_Parent' is present

2019-05-20 08:35:53 - [MESSAGE][PASSED] - Object 'Object Repository/ADMIN/Categories/Category/dropdown_Parent' is present

2019-05-20 08:35:53 - [TEST_STEP][PASSED] - delay: Delayed 1 second(s)

2019-05-20 08:35:54 - [MESSAGE][PASSED] - Delayed 1 second(s)

2019-05-20 08:35:54 - [TEST_STEP][PASSED] - setText: Text 'Category 2.6' is set on object 'Object Repository/ADMIN/Categories/Category/textfield_Category Name'

2019-05-20 08:35:54 - [MESSAGE][PASSED] - Text 'Category 2.6' is set on object 'Object Repository/ADMIN/Categories/Category/textfield_Category Name'

2019-05-20 08:35:54 - [TEST_STEP][PASSED] - click: Object: 'Object Repository/ADMIN/Categories/Category/dropdown_Parent' is clicked on

2019-05-20 08:35:54 - [MESSAGE][PASSED] - Object: 'Object Repository/ADMIN/Categories/Category/dropdown_Parent' is clicked on

2019-05-20 08:35:54 - [TEST_STEP][PASSED] - delay: Delayed 2 second(s)

2019-05-20 08:35:56 - [MESSAGE][PASSED] - Delayed 2 second(s)

2019-05-20 08:35:56 - [TEST_STEP][PASSED] - click: Object: 'Object Repository/ADMIN/Categories/Category/dropdown_Parent' is clicked on

2019-05-20 08:35:57 - [MESSAGE][PASSED] - Object: 'Object Repository/ADMIN/Categories/Category/dropdown_Parent' is clicked on

2019-05-20 08:35:57 - [TEST_STEP][PASSED] - selectOptionByLabel: All options with label 'Category 2' are selected in object 'Object Repository/ADMIN/Categories/Category/dropdown_Parent' 

2019-05-20 08:35:57 - [MESSAGE][PASSED] - All options with label 'Category 2' are selected in object 'Object Repository/ADMIN/Categories/Category/dropdown_Parent' 

2019-05-20 08:35:57 - [TEST_STEP][PASSED] - click: Object: 'Object Repository/ADMIN/Categories/Category/button_Browse' is clicked on

2019-05-20 08:35:57 - [MESSAGE][PASSED] - Object: 'Object Repository/ADMIN/Categories/Category/button_Browse' is clicked on

2019-05-20 08:35:57 - [TEST_STEP][PASSED] - delay: Delayed 1 second(s)

2019-05-20 08:35:58 - [MESSAGE][PASSED] - Delayed 1 second(s)

2019-05-20 08:35:58 - [TEST_STEP][PASSED] - uploadFile: File 'C:\\Katalon\\Image\\pic3.jpg' sent to object: 'Object Repository/ADMIN/Categories/Category/image_input image'

2019-05-20 08:35:58 - [MESSAGE][PASSED] - File 'C:\\Katalon\\Image\\pic3.jpg' sent to object: 'Object Repository/ADMIN/Categories/Category/image_input image'

2019-05-20 08:35:58 - [TEST_STEP][PASSED] - waitForElementVisible: Object 'Object Repository/ADMIN/Categories/Category/button_upload check' is visible

2019-05-20 08:35:58 - [MESSAGE][WARNING] - Timeout '0' is invalid. Using default page load timeout: '30'

2019-05-20 08:35:58 - [MESSAGE][PASSED] - Object 'Object Repository/ADMIN/Categories/Category/button_upload check' is visible

2019-05-20 08:35:58 - [TEST_STEP][PASSED] - click: Object: 'Object Repository/ADMIN/Categories/Category/button_upload check' is clicked on

2019-05-20 08:35:58 - [MESSAGE][PASSED] - Object: 'Object Repository/ADMIN/Categories/Category/button_upload check' is clicked on

2019-05-20 08:35:58 - [TEST_STEP][PASSED] - click: Object: 'Object Repository/ADMIN/Categories/Category/button_upload save' is clicked on

2019-05-20 08:35:58 - [MESSAGE][PASSED] - Object: 'Object Repository/ADMIN/Categories/Category/button_upload save' is clicked on

2019-05-20 08:35:58 - [TEST_STEP][PASSED] - waitForElementVisible: Object 'Object Repository/ADMIN/Categories/Category/button_upload save' is visible

2019-05-20 08:35:58 - [MESSAGE][WARNING] - Timeout '0' is invalid. Using default page load timeout: '30'

2019-05-20 08:35:58 - [MESSAGE][PASSED] - Object 'Object Repository/ADMIN/Categories/Category/button_upload save' is visible

2019-05-20 08:35:58 - [TEST_STEP][PASSED] - setText: Text 'Description28' is set on object 'Object Repository/ADMIN/Categories/Category/textfield_category_description'

2019-05-20 08:35:58 - [MESSAGE][PASSED] - Text 'Description28' is set on object 'Object Repository/ADMIN/Categories/Category/textfield_category_description'

2019-05-20 08:35:58 - [TEST_STEP][PASSED] - click: Object: 'Object Repository/ADMIN/Categories/Category/button_Save' is clicked on

2019-05-20 08:35:58 - [MESSAGE][PASSED] - Object: 'Object Repository/ADMIN/Categories/Category/button_Save' is clicked on

2019-05-20 08:35:58 - [TEST_STEP][PASSED] - waitForElementVisible: Object 'Object Repository/ADMIN/Categories/Category/label_edit popup' is visible

2019-05-20 08:35:58 - [MESSAGE][WARNING] - Timeout '0' is invalid. Using default page load timeout: '30'

2019-05-20 08:35:59 - [MESSAGE][PASSED] - Object 'Object Repository/ADMIN/Categories/Category/label_edit popup' is visible

2019-05-20 08:35:59 - [TEST_STEP][PASSED] - waitForElementNotPresent: Web element with id: 'Object Repository/ADMIN/Categories/Category/label_edit popup' located by 'By.xpath: //div[(text() = 'Category was successfully saved.' or . = 'Category was successfully saved.')]' is not present after '30' second(s)

2019-05-20 08:35:59 - [MESSAGE][WARNING] - Timeout '0' is invalid. Using default page load timeout: '30'

2019-05-20 08:36:05 - [MESSAGE][PASSED] - Web element with id: 'Object Repository/ADMIN/Categories/Category/label_edit popup' located by 'By.xpath: //div[(text() = 'Category was successfully saved.' or . = 'Category was successfully saved.')]' is not present after '30' second(s)]]></system-out>
         <system-err><![CDATA[2019-05-20 08:35:52 - [TEST_CASE][FAILED] - Test Cases/ADMIN/Content Mgmt/Categories/Category Add-Edit/Add Category: Test Cases/ADMIN/Content Mgmt/Categories/Category Add-Edit/Add Category FAILED because (of) Unable to click on object 'Object Repository/ADMIN/Categories/Category List/button_Categories' (Root cause: org.openqa.selenium.ElementNotVisibleException: element not visible
  (Session info: chrome=74.0.3729.157)
  (Driver info: chromedriver=2.35.528161 (5b82f2d2aae0ca24b877009200ced9065a772e73),platform=Windows NT 6.1.7601 SP1 x86_64) (WARNING: The server did not provide any stacktrace information)
Command duration or timeout: 0 milliseconds
Build info: version: '3.7.1', revision: '8a0099a', time: '2017-11-06T21:07:36.161Z'
System info: host: 'ARCADIER-PC', ip: '10.10.31.95', os.name: 'Windows 7', os.arch: 'amd64', os.version: '6.1', java.version: '1.8.0_102'
Driver info: com.kms.katalon.core.webui.driver.ExistingRemoteWebDriver
Capabilities {javascriptEnabled: true, platform: ANY, platformName: ANY}
Session ID: 2609dc86013a09d8daebbf33ac0c67a9)]]></system-err>
      </testcase>
      <testcase name="Test Cases/ADMIN/Content Mgmt/Categories/Category Add-Edit/Add Category" classname="Test Cases/ADMIN/Content Mgmt/Categories/Category Add-Edit/Add Category" status="FAILED">
         <failure type="FAILED" message="Unable to click on object 'Object Repository/ADMIN/Categories/Category List/button_Categories' (Root cause: org.openqa.selenium.ElementNotVisibleException: element not visible
  (Session info: chrome=74.0.3729.157)
  (Driver info: chromedriver=2.35.528161 (5b82f2d2aae0ca24b877009200ced9065a772e73),platform=Windows NT 6.1.7601 SP1 x86_64) (WARNING: The server did not provide any stacktrace information)
Command duration or timeout: 0 milliseconds
Build info: version: '3.7.1', revision: '8a0099a', time: '2017-11-06T21:07:36.161Z'
System info: host: 'ARCADIER-PC', ip: '10.10.31.95', os.name: 'Windows 7', os.arch: 'amd64', os.version: '6.1', java.version: '1.8.0_102'
Driver info: com.kms.katalon.core.webui.driver.ExistingRemoteWebDriver
Capabilities {javascriptEnabled: true, platform: ANY, platformName: ANY}
Session ID: 2609dc86013a09d8daebbf33ac0c67a9)"/>
         <system-out><![CDATA[2019-05-20 08:36:05 - [TEST_CASE][FAILED] - Test Cases/ADMIN/Content Mgmt/Categories/Category Add-Edit/Add Category: Test Cases/ADMIN/Content Mgmt/Categories/Category Add-Edit/Add Category FAILED because (of) Unable to click on object 'Object Repository/ADMIN/Categories/Category List/button_Categories' (Root cause: org.openqa.selenium.ElementNotVisibleException: element not visible
  (Session info: chrome=74.0.3729.157)
  (Driver info: chromedriver=2.35.528161 (5b82f2d2aae0ca24b877009200ced9065a772e73),platform=Windows NT 6.1.7601 SP1 x86_64) (WARNING: The server did not provide any stacktrace information)
Command duration or timeout: 0 milliseconds
Build info: version: '3.7.1', revision: '8a0099a', time: '2017-11-06T21:07:36.161Z'
System info: host: 'ARCADIER-PC', ip: '10.10.31.95', os.name: 'Windows 7', os.arch: 'amd64', os.version: '6.1', java.version: '1.8.0_102'
Driver info: com.kms.katalon.core.webui.driver.ExistingRemoteWebDriver
Capabilities {javascriptEnabled: true, platform: ANY, platformName: ANY}
Session ID: 2609dc86013a09d8daebbf33ac0c67a9)

2019-05-20 08:36:05 - [TEST_STEP][PASSED] - waitForElementVisible: Object 'Object Repository/ADMIN/Categories/Category List/button_Content Mgmt' is visible

2019-05-20 08:36:05 - [MESSAGE][WARNING] - Timeout '0' is invalid. Using default page load timeout: '30'

2019-05-20 08:36:05 - [MESSAGE][PASSED] - Object 'Object Repository/ADMIN/Categories/Category List/button_Content Mgmt' is visible

2019-05-20 08:36:05 - [TEST_STEP][PASSED] - click: Object: 'Object Repository/ADMIN/Categories/Category List/button_Content Mgmt' is clicked on

2019-05-20 08:36:06 - [MESSAGE][PASSED] - Object: 'Object Repository/ADMIN/Categories/Category List/button_Content Mgmt' is clicked on

2019-05-20 08:36:06 - [TEST_STEP][PASSED] - waitForElementVisible: Object 'Object Repository/ADMIN/Categories/Category List/button_Categories' is visible

2019-05-20 08:36:06 - [MESSAGE][WARNING] - Timeout '0' is invalid. Using default page load timeout: '30'

2019-05-20 08:36:06 - [MESSAGE][PASSED] - Object 'Object Repository/ADMIN/Categories/Category List/button_Categories' is visible

2019-05-20 08:36:06 - [TEST_STEP][FAILED] - click: Unable to click on object 'Object Repository/ADMIN/Categories/Category List/button_Categories' (Root cause: org.openqa.selenium.ElementNotVisibleException: element not visible
  (Session info: chrome=74.0.3729.157)
  (Driver info: chromedriver=2.35.528161 (5b82f2d2aae0ca24b877009200ced9065a772e73),platform=Windows NT 6.1.7601 SP1 x86_64) (WARNING: The server did not provide any stacktrace information)
Command duration or timeout: 0 milliseconds
Build info: version: '3.7.1', revision: '8a0099a', time: '2017-11-06T21:07:36.161Z'
System info: host: 'ARCADIER-PC', ip: '10.10.31.95', os.name: 'Windows 7', os.arch: 'amd64', os.version: '6.1', java.version: '1.8.0_102'
Driver info: com.kms.katalon.core.webui.driver.ExistingRemoteWebDriver
Capabilities {javascriptEnabled: true, platform: ANY, platformName: ANY}
Session ID: 2609dc86013a09d8daebbf33ac0c67a9)

2019-05-20 08:36:06 - [MESSAGE][FAILED] - Unable to click on object 'Object Repository/ADMIN/Categories/Category List/button_Categories' (Root cause: org.openqa.selenium.ElementNotVisibleException: element not visible
  (Session info: chrome=74.0.3729.157)
  (Driver info: chromedriver=2.35.528161 (5b82f2d2aae0ca24b877009200ced9065a772e73),platform=Windows NT 6.1.7601 SP1 x86_64) (WARNING: The server did not provide any stacktrace information)
Command duration or timeout: 0 milliseconds
Build info: version: '3.7.1', revision: '8a0099a', time: '2017-11-06T21:07:36.161Z'
System info: host: 'ARCADIER-PC', ip: '10.10.31.95', os.name: 'Windows 7', os.arch: 'amd64', os.version: '6.1', java.version: '1.8.0_102'
Driver info: com.kms.katalon.core.webui.driver.ExistingRemoteWebDriver
Capabilities {javascriptEnabled: true, platform: ANY, platformName: ANY}
Session ID: 2609dc86013a09d8daebbf33ac0c67a9)
[[ATTACHMENT|C:\\Users\\Arcadier\\git\\Arctick\\Reports\\Suites\\Admin Add Category\\20190520_082941\\1558312566239.png]]

2019-05-20 08:36:06 - [TEST_STEP][PASSED] - waitForPageLoad: Wait for page load successfully

2019-05-20 08:36:06 - [MESSAGE][WARNING] - Timeout '0' is invalid. Using default page load timeout: '30'

2019-05-20 08:36:06 - [MESSAGE][PASSED] - Wait for page load successfully

2019-05-20 08:36:06 - [TEST_STEP][PASSED] - click: Object: 'Object Repository/ADMIN/Categories/Category List/button_Add a Category' is clicked on

2019-05-20 08:36:06 - [MESSAGE][PASSED] - Object: 'Object Repository/ADMIN/Categories/Category List/button_Add a Category' is clicked on

2019-05-20 08:36:06 - [TEST_STEP][PASSED] - waitForElementPresent: Object 'Object Repository/ADMIN/Categories/Category/dropdown_Parent' is present

2019-05-20 08:36:06 - [MESSAGE][PASSED] - Object 'Object Repository/ADMIN/Categories/Category/dropdown_Parent' is present

2019-05-20 08:36:06 - [TEST_STEP][PASSED] - delay: Delayed 1 second(s)

2019-05-20 08:36:07 - [MESSAGE][PASSED] - Delayed 1 second(s)

2019-05-20 08:36:07 - [TEST_STEP][PASSED] - setText: Text 'Category 2.6.1' is set on object 'Object Repository/ADMIN/Categories/Category/textfield_Category Name'

2019-05-20 08:36:08 - [MESSAGE][PASSED] - Text 'Category 2.6.1' is set on object 'Object Repository/ADMIN/Categories/Category/textfield_Category Name'

2019-05-20 08:36:08 - [TEST_STEP][PASSED] - click: Object: 'Object Repository/ADMIN/Categories/Category/dropdown_Parent' is clicked on

2019-05-20 08:36:08 - [MESSAGE][PASSED] - Object: 'Object Repository/ADMIN/Categories/Category/dropdown_Parent' is clicked on

2019-05-20 08:36:08 - [TEST_STEP][PASSED] - delay: Delayed 2 second(s)

2019-05-20 08:36:10 - [MESSAGE][PASSED] - Delayed 2 second(s)

2019-05-20 08:36:10 - [TEST_STEP][PASSED] - click: Object: 'Object Repository/ADMIN/Categories/Category/dropdown_Parent' is clicked on

2019-05-20 08:36:10 - [MESSAGE][PASSED] - Object: 'Object Repository/ADMIN/Categories/Category/dropdown_Parent' is clicked on

2019-05-20 08:36:10 - [TEST_STEP][PASSED] - selectOptionByLabel: All options with label 'Category 2.6' are selected in object 'Object Repository/ADMIN/Categories/Category/dropdown_Parent' 

2019-05-20 08:36:10 - [MESSAGE][PASSED] - All options with label 'Category 2.6' are selected in object 'Object Repository/ADMIN/Categories/Category/dropdown_Parent' 

2019-05-20 08:36:10 - [TEST_STEP][PASSED] - click: Object: 'Object Repository/ADMIN/Categories/Category/button_Browse' is clicked on

2019-05-20 08:36:10 - [MESSAGE][PASSED] - Object: 'Object Repository/ADMIN/Categories/Category/button_Browse' is clicked on

2019-05-20 08:36:10 - [TEST_STEP][PASSED] - delay: Delayed 1 second(s)

2019-05-20 08:36:11 - [MESSAGE][PASSED] - Delayed 1 second(s)

2019-05-20 08:36:11 - [TEST_STEP][PASSED] - uploadFile: File 'C:\\Katalon\\Image\\pic4.jpg' sent to object: 'Object Repository/ADMIN/Categories/Category/image_input image'

2019-05-20 08:36:11 - [MESSAGE][PASSED] - File 'C:\\Katalon\\Image\\pic4.jpg' sent to object: 'Object Repository/ADMIN/Categories/Category/image_input image'

2019-05-20 08:36:11 - [TEST_STEP][PASSED] - waitForElementVisible: Object 'Object Repository/ADMIN/Categories/Category/button_upload check' is visible

2019-05-20 08:36:11 - [MESSAGE][WARNING] - Timeout '0' is invalid. Using default page load timeout: '30'

2019-05-20 08:36:11 - [MESSAGE][PASSED] - Object 'Object Repository/ADMIN/Categories/Category/button_upload check' is visible

2019-05-20 08:36:11 - [TEST_STEP][PASSED] - click: Object: 'Object Repository/ADMIN/Categories/Category/button_upload check' is clicked on

2019-05-20 08:36:11 - [MESSAGE][PASSED] - Object: 'Object Repository/ADMIN/Categories/Category/button_upload check' is clicked on

2019-05-20 08:36:11 - [TEST_STEP][PASSED] - click: Object: 'Object Repository/ADMIN/Categories/Category/button_upload save' is clicked on

2019-05-20 08:36:12 - [MESSAGE][PASSED] - Object: 'Object Repository/ADMIN/Categories/Category/button_upload save' is clicked on

2019-05-20 08:36:12 - [TEST_STEP][PASSED] - waitForElementVisible: Object 'Object Repository/ADMIN/Categories/Category/button_upload save' is visible

2019-05-20 08:36:12 - [MESSAGE][WARNING] - Timeout '0' is invalid. Using default page load timeout: '30'

2019-05-20 08:36:12 - [MESSAGE][PASSED] - Object 'Object Repository/ADMIN/Categories/Category/button_upload save' is visible

2019-05-20 08:36:12 - [TEST_STEP][PASSED] - setText: Text 'Description29' is set on object 'Object Repository/ADMIN/Categories/Category/textfield_category_description'

2019-05-20 08:36:12 - [MESSAGE][PASSED] - Text 'Description29' is set on object 'Object Repository/ADMIN/Categories/Category/textfield_category_description'

2019-05-20 08:36:12 - [TEST_STEP][PASSED] - click: Object: 'Object Repository/ADMIN/Categories/Category/button_Save' is clicked on

2019-05-20 08:36:12 - [MESSAGE][PASSED] - Object: 'Object Repository/ADMIN/Categories/Category/button_Save' is clicked on

2019-05-20 08:36:12 - [TEST_STEP][PASSED] - waitForElementVisible: Object 'Object Repository/ADMIN/Categories/Category/label_edit popup' is visible

2019-05-20 08:36:12 - [MESSAGE][WARNING] - Timeout '0' is invalid. Using default page load timeout: '30'

2019-05-20 08:36:13 - [MESSAGE][PASSED] - Object 'Object Repository/ADMIN/Categories/Category/label_edit popup' is visible

2019-05-20 08:36:13 - [TEST_STEP][PASSED] - waitForElementNotPresent: Web element with id: 'Object Repository/ADMIN/Categories/Category/label_edit popup' located by 'By.xpath: //div[(text() = 'Category was successfully saved.' or . = 'Category was successfully saved.')]' is not present after '30' second(s)

2019-05-20 08:36:13 - [MESSAGE][WARNING] - Timeout '0' is invalid. Using default page load timeout: '30'

2019-05-20 08:36:19 - [MESSAGE][PASSED] - Web element with id: 'Object Repository/ADMIN/Categories/Category/label_edit popup' located by 'By.xpath: //div[(text() = 'Category was successfully saved.' or . = 'Category was successfully saved.')]' is not present after '30' second(s)]]></system-out>
         <system-err><![CDATA[2019-05-20 08:36:05 - [TEST_CASE][FAILED] - Test Cases/ADMIN/Content Mgmt/Categories/Category Add-Edit/Add Category: Test Cases/ADMIN/Content Mgmt/Categories/Category Add-Edit/Add Category FAILED because (of) Unable to click on object 'Object Repository/ADMIN/Categories/Category List/button_Categories' (Root cause: org.openqa.selenium.ElementNotVisibleException: element not visible
  (Session info: chrome=74.0.3729.157)
  (Driver info: chromedriver=2.35.528161 (5b82f2d2aae0ca24b877009200ced9065a772e73),platform=Windows NT 6.1.7601 SP1 x86_64) (WARNING: The server did not provide any stacktrace information)
Command duration or timeout: 0 milliseconds
Build info: version: '3.7.1', revision: '8a0099a', time: '2017-11-06T21:07:36.161Z'
System info: host: 'ARCADIER-PC', ip: '10.10.31.95', os.name: 'Windows 7', os.arch: 'amd64', os.version: '6.1', java.version: '1.8.0_102'
Driver info: com.kms.katalon.core.webui.driver.ExistingRemoteWebDriver
Capabilities {javascriptEnabled: true, platform: ANY, platformName: ANY}
Session ID: 2609dc86013a09d8daebbf33ac0c67a9)]]></system-err>
      </testcase>
      <testcase name="Test Cases/ADMIN/Content Mgmt/Categories/Category Add-Edit/Add Category" classname="Test Cases/ADMIN/Content Mgmt/Categories/Category Add-Edit/Add Category" status="FAILED">
         <failure type="FAILED" message="Unable to click on object 'Object Repository/ADMIN/Categories/Category List/button_Categories' (Root cause: org.openqa.selenium.ElementNotVisibleException: element not visible
  (Session info: chrome=74.0.3729.157)
  (Driver info: chromedriver=2.35.528161 (5b82f2d2aae0ca24b877009200ced9065a772e73),platform=Windows NT 6.1.7601 SP1 x86_64) (WARNING: The server did not provide any stacktrace information)
Command duration or timeout: 0 milliseconds
Build info: version: '3.7.1', revision: '8a0099a', time: '2017-11-06T21:07:36.161Z'
System info: host: 'ARCADIER-PC', ip: '10.10.31.95', os.name: 'Windows 7', os.arch: 'amd64', os.version: '6.1', java.version: '1.8.0_102'
Driver info: com.kms.katalon.core.webui.driver.ExistingRemoteWebDriver
Capabilities {javascriptEnabled: true, platform: ANY, platformName: ANY}
Session ID: 2609dc86013a09d8daebbf33ac0c67a9)"/>
         <system-out><![CDATA[2019-05-20 08:36:19 - [TEST_CASE][FAILED] - Test Cases/ADMIN/Content Mgmt/Categories/Category Add-Edit/Add Category: Test Cases/ADMIN/Content Mgmt/Categories/Category Add-Edit/Add Category FAILED because (of) Unable to click on object 'Object Repository/ADMIN/Categories/Category List/button_Categories' (Root cause: org.openqa.selenium.ElementNotVisibleException: element not visible
  (Session info: chrome=74.0.3729.157)
  (Driver info: chromedriver=2.35.528161 (5b82f2d2aae0ca24b877009200ced9065a772e73),platform=Windows NT 6.1.7601 SP1 x86_64) (WARNING: The server did not provide any stacktrace information)
Command duration or timeout: 0 milliseconds
Build info: version: '3.7.1', revision: '8a0099a', time: '2017-11-06T21:07:36.161Z'
System info: host: 'ARCADIER-PC', ip: '10.10.31.95', os.name: 'Windows 7', os.arch: 'amd64', os.version: '6.1', java.version: '1.8.0_102'
Driver info: com.kms.katalon.core.webui.driver.ExistingRemoteWebDriver
Capabilities {javascriptEnabled: true, platform: ANY, platformName: ANY}
Session ID: 2609dc86013a09d8daebbf33ac0c67a9)

2019-05-20 08:36:19 - [TEST_STEP][PASSED] - waitForElementVisible: Object 'Object Repository/ADMIN/Categories/Category List/button_Content Mgmt' is visible

2019-05-20 08:36:19 - [MESSAGE][WARNING] - Timeout '0' is invalid. Using default page load timeout: '30'

2019-05-20 08:36:19 - [MESSAGE][PASSED] - Object 'Object Repository/ADMIN/Categories/Category List/button_Content Mgmt' is visible

2019-05-20 08:36:19 - [TEST_STEP][PASSED] - click: Object: 'Object Repository/ADMIN/Categories/Category List/button_Content Mgmt' is clicked on

2019-05-20 08:36:19 - [MESSAGE][PASSED] - Object: 'Object Repository/ADMIN/Categories/Category List/button_Content Mgmt' is clicked on

2019-05-20 08:36:19 - [TEST_STEP][PASSED] - waitForElementVisible: Object 'Object Repository/ADMIN/Categories/Category List/button_Categories' is visible

2019-05-20 08:36:19 - [MESSAGE][WARNING] - Timeout '0' is invalid. Using default page load timeout: '30'

2019-05-20 08:36:19 - [MESSAGE][PASSED] - Object 'Object Repository/ADMIN/Categories/Category List/button_Categories' is visible

2019-05-20 08:36:19 - [TEST_STEP][FAILED] - click: Unable to click on object 'Object Repository/ADMIN/Categories/Category List/button_Categories' (Root cause: org.openqa.selenium.ElementNotVisibleException: element not visible
  (Session info: chrome=74.0.3729.157)
  (Driver info: chromedriver=2.35.528161 (5b82f2d2aae0ca24b877009200ced9065a772e73),platform=Windows NT 6.1.7601 SP1 x86_64) (WARNING: The server did not provide any stacktrace information)
Command duration or timeout: 0 milliseconds
Build info: version: '3.7.1', revision: '8a0099a', time: '2017-11-06T21:07:36.161Z'
System info: host: 'ARCADIER-PC', ip: '10.10.31.95', os.name: 'Windows 7', os.arch: 'amd64', os.version: '6.1', java.version: '1.8.0_102'
Driver info: com.kms.katalon.core.webui.driver.ExistingRemoteWebDriver
Capabilities {javascriptEnabled: true, platform: ANY, platformName: ANY}
Session ID: 2609dc86013a09d8daebbf33ac0c67a9)

2019-05-20 08:36:20 - [MESSAGE][FAILED] - Unable to click on object 'Object Repository/ADMIN/Categories/Category List/button_Categories' (Root cause: org.openqa.selenium.ElementNotVisibleException: element not visible
  (Session info: chrome=74.0.3729.157)
  (Driver info: chromedriver=2.35.528161 (5b82f2d2aae0ca24b877009200ced9065a772e73),platform=Windows NT 6.1.7601 SP1 x86_64) (WARNING: The server did not provide any stacktrace information)
Command duration or timeout: 0 milliseconds
Build info: version: '3.7.1', revision: '8a0099a', time: '2017-11-06T21:07:36.161Z'
System info: host: 'ARCADIER-PC', ip: '10.10.31.95', os.name: 'Windows 7', os.arch: 'amd64', os.version: '6.1', java.version: '1.8.0_102'
Driver info: com.kms.katalon.core.webui.driver.ExistingRemoteWebDriver
Capabilities {javascriptEnabled: true, platform: ANY, platformName: ANY}
Session ID: 2609dc86013a09d8daebbf33ac0c67a9)
[[ATTACHMENT|C:\\Users\\Arcadier\\git\\Arctick\\Reports\\Suites\\Admin Add Category\\20190520_082941\\1558312579703.png]]

2019-05-20 08:36:20 - [TEST_STEP][PASSED] - waitForPageLoad: Wait for page load successfully

2019-05-20 08:36:20 - [MESSAGE][WARNING] - Timeout '0' is invalid. Using default page load timeout: '30'

2019-05-20 08:36:20 - [MESSAGE][PASSED] - Wait for page load successfully

2019-05-20 08:36:20 - [TEST_STEP][PASSED] - click: Object: 'Object Repository/ADMIN/Categories/Category List/button_Add a Category' is clicked on

2019-05-20 08:36:20 - [MESSAGE][PASSED] - Object: 'Object Repository/ADMIN/Categories/Category List/button_Add a Category' is clicked on

2019-05-20 08:36:20 - [TEST_STEP][PASSED] - waitForElementPresent: Object 'Object Repository/ADMIN/Categories/Category/dropdown_Parent' is present

2019-05-20 08:36:20 - [MESSAGE][PASSED] - Object 'Object Repository/ADMIN/Categories/Category/dropdown_Parent' is present

2019-05-20 08:36:20 - [TEST_STEP][PASSED] - delay: Delayed 1 second(s)

2019-05-20 08:36:21 - [MESSAGE][PASSED] - Delayed 1 second(s)

2019-05-20 08:36:21 - [TEST_STEP][PASSED] - setText: Text 'Category 2.6.2' is set on object 'Object Repository/ADMIN/Categories/Category/textfield_Category Name'

2019-05-20 08:36:21 - [MESSAGE][PASSED] - Text 'Category 2.6.2' is set on object 'Object Repository/ADMIN/Categories/Category/textfield_Category Name'

2019-05-20 08:36:21 - [TEST_STEP][PASSED] - click: Object: 'Object Repository/ADMIN/Categories/Category/dropdown_Parent' is clicked on

2019-05-20 08:36:22 - [MESSAGE][PASSED] - Object: 'Object Repository/ADMIN/Categories/Category/dropdown_Parent' is clicked on

2019-05-20 08:36:22 - [TEST_STEP][PASSED] - delay: Delayed 2 second(s)

2019-05-20 08:36:24 - [MESSAGE][PASSED] - Delayed 2 second(s)

2019-05-20 08:36:24 - [TEST_STEP][PASSED] - click: Object: 'Object Repository/ADMIN/Categories/Category/dropdown_Parent' is clicked on

2019-05-20 08:36:24 - [MESSAGE][PASSED] - Object: 'Object Repository/ADMIN/Categories/Category/dropdown_Parent' is clicked on

2019-05-20 08:36:24 - [TEST_STEP][PASSED] - selectOptionByLabel: All options with label 'Category 2.6' are selected in object 'Object Repository/ADMIN/Categories/Category/dropdown_Parent' 

2019-05-20 08:36:24 - [MESSAGE][PASSED] - All options with label 'Category 2.6' are selected in object 'Object Repository/ADMIN/Categories/Category/dropdown_Parent' 

2019-05-20 08:36:24 - [TEST_STEP][PASSED] - click: Object: 'Object Repository/ADMIN/Categories/Category/button_Browse' is clicked on

2019-05-20 08:36:24 - [MESSAGE][PASSED] - Object: 'Object Repository/ADMIN/Categories/Category/button_Browse' is clicked on

2019-05-20 08:36:24 - [TEST_STEP][PASSED] - delay: Delayed 1 second(s)

2019-05-20 08:36:25 - [MESSAGE][PASSED] - Delayed 1 second(s)

2019-05-20 08:36:25 - [TEST_STEP][PASSED] - uploadFile: File 'C:\\Katalon\\Image\\pic5.jpg' sent to object: 'Object Repository/ADMIN/Categories/Category/image_input image'

2019-05-20 08:36:25 - [MESSAGE][PASSED] - File 'C:\\Katalon\\Image\\pic5.jpg' sent to object: 'Object Repository/ADMIN/Categories/Category/image_input image'

2019-05-20 08:36:25 - [TEST_STEP][PASSED] - waitForElementVisible: Object 'Object Repository/ADMIN/Categories/Category/button_upload check' is visible

2019-05-20 08:36:25 - [MESSAGE][WARNING] - Timeout '0' is invalid. Using default page load timeout: '30'

2019-05-20 08:36:25 - [MESSAGE][PASSED] - Object 'Object Repository/ADMIN/Categories/Category/button_upload check' is visible

2019-05-20 08:36:25 - [TEST_STEP][PASSED] - click: Object: 'Object Repository/ADMIN/Categories/Category/button_upload check' is clicked on

2019-05-20 08:36:25 - [MESSAGE][PASSED] - Object: 'Object Repository/ADMIN/Categories/Category/button_upload check' is clicked on

2019-05-20 08:36:25 - [TEST_STEP][PASSED] - click: Object: 'Object Repository/ADMIN/Categories/Category/button_upload save' is clicked on

2019-05-20 08:36:25 - [MESSAGE][PASSED] - Object: 'Object Repository/ADMIN/Categories/Category/button_upload save' is clicked on

2019-05-20 08:36:25 - [TEST_STEP][PASSED] - waitForElementVisible: Object 'Object Repository/ADMIN/Categories/Category/button_upload save' is visible

2019-05-20 08:36:25 - [MESSAGE][WARNING] - Timeout '0' is invalid. Using default page load timeout: '30'

2019-05-20 08:36:25 - [MESSAGE][PASSED] - Object 'Object Repository/ADMIN/Categories/Category/button_upload save' is visible

2019-05-20 08:36:25 - [TEST_STEP][PASSED] - setText: Text 'Description30' is set on object 'Object Repository/ADMIN/Categories/Category/textfield_category_description'

2019-05-20 08:36:26 - [MESSAGE][PASSED] - Text 'Description30' is set on object 'Object Repository/ADMIN/Categories/Category/textfield_category_description'

2019-05-20 08:36:26 - [TEST_STEP][PASSED] - click: Object: 'Object Repository/ADMIN/Categories/Category/button_Save' is clicked on

2019-05-20 08:36:26 - [MESSAGE][PASSED] - Object: 'Object Repository/ADMIN/Categories/Category/button_Save' is clicked on

2019-05-20 08:36:26 - [TEST_STEP][PASSED] - waitForElementVisible: Object 'Object Repository/ADMIN/Categories/Category/label_edit popup' is visible

2019-05-20 08:36:26 - [MESSAGE][WARNING] - Timeout '0' is invalid. Using default page load timeout: '30'

2019-05-20 08:36:26 - [MESSAGE][PASSED] - Object 'Object Repository/ADMIN/Categories/Category/label_edit popup' is visible

2019-05-20 08:36:26 - [TEST_STEP][PASSED] - waitForElementNotPresent: Web element with id: 'Object Repository/ADMIN/Categories/Category/label_edit popup' located by 'By.xpath: //div[(text() = 'Category was successfully saved.' or . = 'Category was successfully saved.')]' is not present after '30' second(s)

2019-05-20 08:36:26 - [MESSAGE][WARNING] - Timeout '0' is invalid. Using default page load timeout: '30'

2019-05-20 08:36:32 - [MESSAGE][PASSED] - Web element with id: 'Object Repository/ADMIN/Categories/Category/label_edit popup' located by 'By.xpath: //div[(text() = 'Category was successfully saved.' or . = 'Category was successfully saved.')]' is not present after '30' second(s)]]></system-out>
         <system-err><![CDATA[2019-05-20 08:36:19 - [TEST_CASE][FAILED] - Test Cases/ADMIN/Content Mgmt/Categories/Category Add-Edit/Add Category: Test Cases/ADMIN/Content Mgmt/Categories/Category Add-Edit/Add Category FAILED because (of) Unable to click on object 'Object Repository/ADMIN/Categories/Category List/button_Categories' (Root cause: org.openqa.selenium.ElementNotVisibleException: element not visible
  (Session info: chrome=74.0.3729.157)
  (Driver info: chromedriver=2.35.528161 (5b82f2d2aae0ca24b877009200ced9065a772e73),platform=Windows NT 6.1.7601 SP1 x86_64) (WARNING: The server did not provide any stacktrace information)
Command duration or timeout: 0 milliseconds
Build info: version: '3.7.1', revision: '8a0099a', time: '2017-11-06T21:07:36.161Z'
System info: host: 'ARCADIER-PC', ip: '10.10.31.95', os.name: 'Windows 7', os.arch: 'amd64', os.version: '6.1', java.version: '1.8.0_102'
Driver info: com.kms.katalon.core.webui.driver.ExistingRemoteWebDriver
Capabilities {javascriptEnabled: true, platform: ANY, platformName: ANY}
Session ID: 2609dc86013a09d8daebbf33ac0c67a9)]]></system-err>
      </testcase>
      <testcase name="Test Cases/ADMIN/Content Mgmt/Categories/Category Add-Edit/Add Category" classname="Test Cases/ADMIN/Content Mgmt/Categories/Category Add-Edit/Add Category" status="PASSED">
         <system-out><![CDATA[2019-05-20 08:36:32 - [TEST_CASE][PASSED] - Test Cases/ADMIN/Content Mgmt/Categories/Category Add-Edit/Add Category: Test Cases/ADMIN/Content Mgmt/Categories/Category Add-Edit/Add Category

2019-05-20 08:36:32 - [TEST_STEP][PASSED] - waitForElementVisible: Object 'Object Repository/ADMIN/Categories/Category List/button_Content Mgmt' is visible

2019-05-20 08:36:32 - [MESSAGE][WARNING] - Timeout '0' is invalid. Using default page load timeout: '30'

2019-05-20 08:36:32 - [MESSAGE][PASSED] - Object 'Object Repository/ADMIN/Categories/Category List/button_Content Mgmt' is visible

2019-05-20 08:36:32 - [TEST_STEP][PASSED] - click: Object: 'Object Repository/ADMIN/Categories/Category List/button_Content Mgmt' is clicked on

2019-05-20 08:36:33 - [MESSAGE][PASSED] - Object: 'Object Repository/ADMIN/Categories/Category List/button_Content Mgmt' is clicked on

2019-05-20 08:36:33 - [TEST_STEP][PASSED] - waitForElementVisible: Object 'Object Repository/ADMIN/Categories/Category List/button_Categories' is visible

2019-05-20 08:36:33 - [MESSAGE][WARNING] - Timeout '0' is invalid. Using default page load timeout: '30'

2019-05-20 08:36:34 - [MESSAGE][PASSED] - Object 'Object Repository/ADMIN/Categories/Category List/button_Categories' is visible

2019-05-20 08:36:34 - [TEST_STEP][PASSED] - click: Object: 'Object Repository/ADMIN/Categories/Category List/button_Categories' is clicked on

2019-05-20 08:36:34 - [MESSAGE][PASSED] - Object: 'Object Repository/ADMIN/Categories/Category List/button_Categories' is clicked on

2019-05-20 08:36:34 - [TEST_STEP][PASSED] - waitForPageLoad: Wait for page load successfully

2019-05-20 08:36:34 - [MESSAGE][WARNING] - Timeout '0' is invalid. Using default page load timeout: '30'

2019-05-20 08:36:35 - [MESSAGE][PASSED] - Wait for page load successfully

2019-05-20 08:36:35 - [TEST_STEP][PASSED] - click: Object: 'Object Repository/ADMIN/Categories/Category List/button_Add a Category' is clicked on

2019-05-20 08:36:35 - [MESSAGE][PASSED] - Object: 'Object Repository/ADMIN/Categories/Category List/button_Add a Category' is clicked on

2019-05-20 08:36:35 - [TEST_STEP][PASSED] - waitForElementPresent: Object 'Object Repository/ADMIN/Categories/Category/dropdown_Parent' is present

2019-05-20 08:36:35 - [MESSAGE][PASSED] - Object 'Object Repository/ADMIN/Categories/Category/dropdown_Parent' is present

2019-05-20 08:36:35 - [TEST_STEP][PASSED] - delay: Delayed 1 second(s)

2019-05-20 08:36:36 - [MESSAGE][PASSED] - Delayed 1 second(s)

2019-05-20 08:36:36 - [TEST_STEP][PASSED] - setText: Text 'Category 2.6.2.1' is set on object 'Object Repository/ADMIN/Categories/Category/textfield_Category Name'

2019-05-20 08:36:36 - [MESSAGE][PASSED] - Text 'Category 2.6.2.1' is set on object 'Object Repository/ADMIN/Categories/Category/textfield_Category Name'

2019-05-20 08:36:36 - [TEST_STEP][PASSED] - click: Object: 'Object Repository/ADMIN/Categories/Category/dropdown_Parent' is clicked on

2019-05-20 08:36:37 - [MESSAGE][PASSED] - Object: 'Object Repository/ADMIN/Categories/Category/dropdown_Parent' is clicked on

2019-05-20 08:36:37 - [TEST_STEP][PASSED] - delay: Delayed 2 second(s)

2019-05-20 08:36:39 - [MESSAGE][PASSED] - Delayed 2 second(s)

2019-05-20 08:36:39 - [TEST_STEP][PASSED] - click: Object: 'Object Repository/ADMIN/Categories/Category/dropdown_Parent' is clicked on

2019-05-20 08:36:39 - [MESSAGE][PASSED] - Object: 'Object Repository/ADMIN/Categories/Category/dropdown_Parent' is clicked on

2019-05-20 08:36:39 - [TEST_STEP][PASSED] - selectOptionByLabel: All options with label 'Category 2.6.2' are selected in object 'Object Repository/ADMIN/Categories/Category/dropdown_Parent' 

2019-05-20 08:36:39 - [MESSAGE][PASSED] - All options with label 'Category 2.6.2' are selected in object 'Object Repository/ADMIN/Categories/Category/dropdown_Parent' 

2019-05-20 08:36:39 - [TEST_STEP][PASSED] - click: Object: 'Object Repository/ADMIN/Categories/Category/button_Browse' is clicked on

2019-05-20 08:36:39 - [MESSAGE][PASSED] - Object: 'Object Repository/ADMIN/Categories/Category/button_Browse' is clicked on

2019-05-20 08:36:39 - [TEST_STEP][PASSED] - delay: Delayed 1 second(s)

2019-05-20 08:36:40 - [MESSAGE][PASSED] - Delayed 1 second(s)

2019-05-20 08:36:40 - [TEST_STEP][PASSED] - uploadFile: File 'C:\\Katalon\\Image\\pic6.jpg' sent to object: 'Object Repository/ADMIN/Categories/Category/image_input image'

2019-05-20 08:36:40 - [MESSAGE][PASSED] - File 'C:\\Katalon\\Image\\pic6.jpg' sent to object: 'Object Repository/ADMIN/Categories/Category/image_input image'

2019-05-20 08:36:40 - [TEST_STEP][PASSED] - waitForElementVisible: Object 'Object Repository/ADMIN/Categories/Category/button_upload check' is visible

2019-05-20 08:36:40 - [MESSAGE][WARNING] - Timeout '0' is invalid. Using default page load timeout: '30'

2019-05-20 08:36:40 - [MESSAGE][PASSED] - Object 'Object Repository/ADMIN/Categories/Category/button_upload check' is visible

2019-05-20 08:36:40 - [TEST_STEP][PASSED] - click: Object: 'Object Repository/ADMIN/Categories/Category/button_upload check' is clicked on

2019-05-20 08:36:40 - [MESSAGE][PASSED] - Object: 'Object Repository/ADMIN/Categories/Category/button_upload check' is clicked on

2019-05-20 08:36:40 - [TEST_STEP][PASSED] - click: Object: 'Object Repository/ADMIN/Categories/Category/button_upload save' is clicked on

2019-05-20 08:36:40 - [MESSAGE][PASSED] - Object: 'Object Repository/ADMIN/Categories/Category/button_upload save' is clicked on

2019-05-20 08:36:40 - [TEST_STEP][PASSED] - waitForElementVisible: Object 'Object Repository/ADMIN/Categories/Category/button_upload save' is visible

2019-05-20 08:36:40 - [MESSAGE][WARNING] - Timeout '0' is invalid. Using default page load timeout: '30'

2019-05-20 08:36:40 - [MESSAGE][PASSED] - Object 'Object Repository/ADMIN/Categories/Category/button_upload save' is visible

2019-05-20 08:36:40 - [TEST_STEP][PASSED] - setText: Text 'Description31' is set on object 'Object Repository/ADMIN/Categories/Category/textfield_category_description'

2019-05-20 08:36:41 - [MESSAGE][PASSED] - Text 'Description31' is set on object 'Object Repository/ADMIN/Categories/Category/textfield_category_description'

2019-05-20 08:36:41 - [TEST_STEP][PASSED] - click: Object: 'Object Repository/ADMIN/Categories/Category/button_Save' is clicked on

2019-05-20 08:36:41 - [MESSAGE][PASSED] - Object: 'Object Repository/ADMIN/Categories/Category/button_Save' is clicked on

2019-05-20 08:36:41 - [TEST_STEP][PASSED] - waitForElementVisible: Object 'Object Repository/ADMIN/Categories/Category/label_edit popup' is visible

2019-05-20 08:36:41 - [MESSAGE][WARNING] - Timeout '0' is invalid. Using default page load timeout: '30'

2019-05-20 08:36:41 - [MESSAGE][PASSED] - Object 'Object Repository/ADMIN/Categories/Category/label_edit popup' is visible

2019-05-20 08:36:41 - [TEST_STEP][PASSED] - waitForElementNotPresent: Web element with id: 'Object Repository/ADMIN/Categories/Category/label_edit popup' located by 'By.xpath: //div[(text() = 'Category was successfully saved.' or . = 'Category was successfully saved.')]' is not present after '30' second(s)

2019-05-20 08:36:41 - [MESSAGE][WARNING] - Timeout '0' is invalid. Using default page load timeout: '30'

2019-05-20 08:36:48 - [MESSAGE][PASSED] - Web element with id: 'Object Repository/ADMIN/Categories/Category/label_edit popup' located by 'By.xpath: //div[(text() = 'Category was successfully saved.' or . = 'Category was successfully saved.')]' is not present after '30' second(s)]]></system-out>
         <system-err><![CDATA[]]></system-err>
      </testcase>
      <testcase name="Test Cases/ADMIN/Content Mgmt/Categories/Category Add-Edit/Add Category" classname="Test Cases/ADMIN/Content Mgmt/Categories/Category Add-Edit/Add Category" status="PASSED">
         <system-out><![CDATA[2019-05-20 08:36:48 - [TEST_CASE][PASSED] - Test Cases/ADMIN/Content Mgmt/Categories/Category Add-Edit/Add Category: Test Cases/ADMIN/Content Mgmt/Categories/Category Add-Edit/Add Category

2019-05-20 08:36:48 - [TEST_STEP][PASSED] - waitForElementVisible: Object 'Object Repository/ADMIN/Categories/Category List/button_Content Mgmt' is visible

2019-05-20 08:36:48 - [MESSAGE][WARNING] - Timeout '0' is invalid. Using default page load timeout: '30'

2019-05-20 08:36:48 - [MESSAGE][PASSED] - Object 'Object Repository/ADMIN/Categories/Category List/button_Content Mgmt' is visible

2019-05-20 08:36:48 - [TEST_STEP][PASSED] - click: Object: 'Object Repository/ADMIN/Categories/Category List/button_Content Mgmt' is clicked on

2019-05-20 08:36:48 - [MESSAGE][PASSED] - Object: 'Object Repository/ADMIN/Categories/Category List/button_Content Mgmt' is clicked on

2019-05-20 08:36:48 - [TEST_STEP][PASSED] - waitForElementVisible: Object 'Object Repository/ADMIN/Categories/Category List/button_Categories' is visible

2019-05-20 08:36:48 - [MESSAGE][WARNING] - Timeout '0' is invalid. Using default page load timeout: '30'

2019-05-20 08:36:48 - [MESSAGE][PASSED] - Object 'Object Repository/ADMIN/Categories/Category List/button_Categories' is visible

2019-05-20 08:36:48 - [TEST_STEP][PASSED] - click: Object: 'Object Repository/ADMIN/Categories/Category List/button_Categories' is clicked on

2019-05-20 08:36:49 - [MESSAGE][PASSED] - Object: 'Object Repository/ADMIN/Categories/Category List/button_Categories' is clicked on

2019-05-20 08:36:49 - [TEST_STEP][PASSED] - waitForPageLoad: Wait for page load successfully

2019-05-20 08:36:49 - [MESSAGE][WARNING] - Timeout '0' is invalid. Using default page load timeout: '30'

2019-05-20 08:36:49 - [MESSAGE][PASSED] - Wait for page load successfully

2019-05-20 08:36:49 - [TEST_STEP][PASSED] - click: Object: 'Object Repository/ADMIN/Categories/Category List/button_Add a Category' is clicked on

2019-05-20 08:36:49 - [MESSAGE][PASSED] - Object: 'Object Repository/ADMIN/Categories/Category List/button_Add a Category' is clicked on

2019-05-20 08:36:49 - [TEST_STEP][PASSED] - waitForElementPresent: Object 'Object Repository/ADMIN/Categories/Category/dropdown_Parent' is present

2019-05-20 08:36:49 - [MESSAGE][PASSED] - Object 'Object Repository/ADMIN/Categories/Category/dropdown_Parent' is present

2019-05-20 08:36:49 - [TEST_STEP][PASSED] - delay: Delayed 1 second(s)

2019-05-20 08:36:50 - [MESSAGE][PASSED] - Delayed 1 second(s)

2019-05-20 08:36:50 - [TEST_STEP][PASSED] - setText: Text 'Category 2.6.2.1.1' is set on object 'Object Repository/ADMIN/Categories/Category/textfield_Category Name'

2019-05-20 08:36:51 - [MESSAGE][PASSED] - Text 'Category 2.6.2.1.1' is set on object 'Object Repository/ADMIN/Categories/Category/textfield_Category Name'

2019-05-20 08:36:51 - [TEST_STEP][PASSED] - click: Object: 'Object Repository/ADMIN/Categories/Category/dropdown_Parent' is clicked on

2019-05-20 08:36:51 - [MESSAGE][PASSED] - Object: 'Object Repository/ADMIN/Categories/Category/dropdown_Parent' is clicked on

2019-05-20 08:36:51 - [TEST_STEP][PASSED] - delay: Delayed 2 second(s)

2019-05-20 08:36:53 - [MESSAGE][PASSED] - Delayed 2 second(s)

2019-05-20 08:36:53 - [TEST_STEP][PASSED] - click: Object: 'Object Repository/ADMIN/Categories/Category/dropdown_Parent' is clicked on

2019-05-20 08:36:53 - [MESSAGE][PASSED] - Object: 'Object Repository/ADMIN/Categories/Category/dropdown_Parent' is clicked on

2019-05-20 08:36:53 - [TEST_STEP][PASSED] - selectOptionByLabel: All options with label 'Category 2.6.2.1' are selected in object 'Object Repository/ADMIN/Categories/Category/dropdown_Parent' 

2019-05-20 08:36:53 - [MESSAGE][PASSED] - All options with label 'Category 2.6.2.1' are selected in object 'Object Repository/ADMIN/Categories/Category/dropdown_Parent' 

2019-05-20 08:36:53 - [TEST_STEP][PASSED] - click: Object: 'Object Repository/ADMIN/Categories/Category/button_Browse' is clicked on

2019-05-20 08:36:54 - [MESSAGE][PASSED] - Object: 'Object Repository/ADMIN/Categories/Category/button_Browse' is clicked on

2019-05-20 08:36:54 - [TEST_STEP][PASSED] - delay: Delayed 1 second(s)

2019-05-20 08:36:55 - [MESSAGE][PASSED] - Delayed 1 second(s)

2019-05-20 08:36:55 - [TEST_STEP][PASSED] - uploadFile: File 'C:\\Katalon\\Image\\pic7.jpg' sent to object: 'Object Repository/ADMIN/Categories/Category/image_input image'

2019-05-20 08:36:55 - [MESSAGE][PASSED] - File 'C:\\Katalon\\Image\\pic7.jpg' sent to object: 'Object Repository/ADMIN/Categories/Category/image_input image'

2019-05-20 08:36:55 - [TEST_STEP][PASSED] - waitForElementVisible: Object 'Object Repository/ADMIN/Categories/Category/button_upload check' is visible

2019-05-20 08:36:55 - [MESSAGE][WARNING] - Timeout '0' is invalid. Using default page load timeout: '30'

2019-05-20 08:36:55 - [MESSAGE][PASSED] - Object 'Object Repository/ADMIN/Categories/Category/button_upload check' is visible

2019-05-20 08:36:55 - [TEST_STEP][PASSED] - click: Object: 'Object Repository/ADMIN/Categories/Category/button_upload check' is clicked on

2019-05-20 08:36:55 - [MESSAGE][PASSED] - Object: 'Object Repository/ADMIN/Categories/Category/button_upload check' is clicked on

2019-05-20 08:36:55 - [TEST_STEP][PASSED] - click: Object: 'Object Repository/ADMIN/Categories/Category/button_upload save' is clicked on

2019-05-20 08:36:55 - [MESSAGE][PASSED] - Object: 'Object Repository/ADMIN/Categories/Category/button_upload save' is clicked on

2019-05-20 08:36:55 - [TEST_STEP][PASSED] - waitForElementVisible: Object 'Object Repository/ADMIN/Categories/Category/button_upload save' is visible

2019-05-20 08:36:55 - [MESSAGE][WARNING] - Timeout '0' is invalid. Using default page load timeout: '30'

2019-05-20 08:36:55 - [MESSAGE][PASSED] - Object 'Object Repository/ADMIN/Categories/Category/button_upload save' is visible

2019-05-20 08:36:55 - [TEST_STEP][PASSED] - setText: Text 'Description32' is set on object 'Object Repository/ADMIN/Categories/Category/textfield_category_description'

2019-05-20 08:36:55 - [MESSAGE][PASSED] - Text 'Description32' is set on object 'Object Repository/ADMIN/Categories/Category/textfield_category_description'

2019-05-20 08:36:55 - [TEST_STEP][PASSED] - click: Object: 'Object Repository/ADMIN/Categories/Category/button_Save' is clicked on

2019-05-20 08:36:56 - [MESSAGE][PASSED] - Object: 'Object Repository/ADMIN/Categories/Category/button_Save' is clicked on

2019-05-20 08:36:56 - [TEST_STEP][PASSED] - waitForElementVisible: Object 'Object Repository/ADMIN/Categories/Category/label_edit popup' is visible

2019-05-20 08:36:56 - [MESSAGE][WARNING] - Timeout '0' is invalid. Using default page load timeout: '30'

2019-05-20 08:36:56 - [MESSAGE][PASSED] - Object 'Object Repository/ADMIN/Categories/Category/label_edit popup' is visible

2019-05-20 08:36:56 - [TEST_STEP][PASSED] - waitForElementNotPresent: Web element with id: 'Object Repository/ADMIN/Categories/Category/label_edit popup' located by 'By.xpath: //div[(text() = 'Category was successfully saved.' or . = 'Category was successfully saved.')]' is not present after '30' second(s)

2019-05-20 08:36:56 - [MESSAGE][WARNING] - Timeout '0' is invalid. Using default page load timeout: '30'

2019-05-20 08:37:02 - [MESSAGE][PASSED] - Web element with id: 'Object Repository/ADMIN/Categories/Category/label_edit popup' located by 'By.xpath: //div[(text() = 'Category was successfully saved.' or . = 'Category was successfully saved.')]' is not present after '30' second(s)]]></system-out>
         <system-err><![CDATA[]]></system-err>
      </testcase>
      <testcase name="Test Cases/ADMIN/Content Mgmt/Categories/Category Add-Edit/Add Category" classname="Test Cases/ADMIN/Content Mgmt/Categories/Category Add-Edit/Add Category" status="PASSED">
         <system-out><![CDATA[2019-05-20 08:37:02 - [TEST_CASE][PASSED] - Test Cases/ADMIN/Content Mgmt/Categories/Category Add-Edit/Add Category: Test Cases/ADMIN/Content Mgmt/Categories/Category Add-Edit/Add Category

2019-05-20 08:37:02 - [TEST_STEP][PASSED] - waitForElementVisible: Object 'Object Repository/ADMIN/Categories/Category List/button_Content Mgmt' is visible

2019-05-20 08:37:02 - [MESSAGE][WARNING] - Timeout '0' is invalid. Using default page load timeout: '30'

2019-05-20 08:37:02 - [MESSAGE][PASSED] - Object 'Object Repository/ADMIN/Categories/Category List/button_Content Mgmt' is visible

2019-05-20 08:37:02 - [TEST_STEP][PASSED] - click: Object: 'Object Repository/ADMIN/Categories/Category List/button_Content Mgmt' is clicked on

2019-05-20 08:37:02 - [MESSAGE][PASSED] - Object: 'Object Repository/ADMIN/Categories/Category List/button_Content Mgmt' is clicked on

2019-05-20 08:37:02 - [TEST_STEP][PASSED] - waitForElementVisible: Object 'Object Repository/ADMIN/Categories/Category List/button_Categories' is visible

2019-05-20 08:37:02 - [MESSAGE][WARNING] - Timeout '0' is invalid. Using default page load timeout: '30'

2019-05-20 08:37:02 - [MESSAGE][PASSED] - Object 'Object Repository/ADMIN/Categories/Category List/button_Categories' is visible

2019-05-20 08:37:02 - [TEST_STEP][PASSED] - click: Object: 'Object Repository/ADMIN/Categories/Category List/button_Categories' is clicked on

2019-05-20 08:37:03 - [MESSAGE][PASSED] - Object: 'Object Repository/ADMIN/Categories/Category List/button_Categories' is clicked on

2019-05-20 08:37:03 - [TEST_STEP][PASSED] - waitForPageLoad: Wait for page load successfully

2019-05-20 08:37:03 - [MESSAGE][WARNING] - Timeout '0' is invalid. Using default page load timeout: '30'

2019-05-20 08:37:03 - [MESSAGE][PASSED] - Wait for page load successfully

2019-05-20 08:37:03 - [TEST_STEP][PASSED] - click: Object: 'Object Repository/ADMIN/Categories/Category List/button_Add a Category' is clicked on

2019-05-20 08:37:03 - [MESSAGE][PASSED] - Object: 'Object Repository/ADMIN/Categories/Category List/button_Add a Category' is clicked on

2019-05-20 08:37:03 - [TEST_STEP][PASSED] - waitForElementPresent: Object 'Object Repository/ADMIN/Categories/Category/dropdown_Parent' is present

2019-05-20 08:37:03 - [MESSAGE][PASSED] - Object 'Object Repository/ADMIN/Categories/Category/dropdown_Parent' is present

2019-05-20 08:37:03 - [TEST_STEP][PASSED] - delay: Delayed 1 second(s)

2019-05-20 08:37:04 - [MESSAGE][PASSED] - Delayed 1 second(s)

2019-05-20 08:37:04 - [TEST_STEP][PASSED] - setText: Text 'Category 2.6.2.2' is set on object 'Object Repository/ADMIN/Categories/Category/textfield_Category Name'

2019-05-20 08:37:04 - [MESSAGE][PASSED] - Text 'Category 2.6.2.2' is set on object 'Object Repository/ADMIN/Categories/Category/textfield_Category Name'

2019-05-20 08:37:04 - [TEST_STEP][PASSED] - click: Object: 'Object Repository/ADMIN/Categories/Category/dropdown_Parent' is clicked on

2019-05-20 08:37:05 - [MESSAGE][PASSED] - Object: 'Object Repository/ADMIN/Categories/Category/dropdown_Parent' is clicked on

2019-05-20 08:37:05 - [TEST_STEP][PASSED] - delay: Delayed 2 second(s)

2019-05-20 08:37:07 - [MESSAGE][PASSED] - Delayed 2 second(s)

2019-05-20 08:37:07 - [TEST_STEP][PASSED] - click: Object: 'Object Repository/ADMIN/Categories/Category/dropdown_Parent' is clicked on

2019-05-20 08:37:07 - [MESSAGE][PASSED] - Object: 'Object Repository/ADMIN/Categories/Category/dropdown_Parent' is clicked on

2019-05-20 08:37:07 - [TEST_STEP][PASSED] - selectOptionByLabel: All options with label 'Category 2.6.2' are selected in object 'Object Repository/ADMIN/Categories/Category/dropdown_Parent' 

2019-05-20 08:37:07 - [MESSAGE][PASSED] - All options with label 'Category 2.6.2' are selected in object 'Object Repository/ADMIN/Categories/Category/dropdown_Parent' 

2019-05-20 08:37:07 - [TEST_STEP][PASSED] - click: Object: 'Object Repository/ADMIN/Categories/Category/button_Browse' is clicked on

2019-05-20 08:37:07 - [MESSAGE][PASSED] - Object: 'Object Repository/ADMIN/Categories/Category/button_Browse' is clicked on

2019-05-20 08:37:07 - [TEST_STEP][PASSED] - delay: Delayed 1 second(s)

2019-05-20 08:37:08 - [MESSAGE][PASSED] - Delayed 1 second(s)

2019-05-20 08:37:08 - [TEST_STEP][PASSED] - uploadFile: File 'C:\\Katalon\\Image\\pic8.jpg' sent to object: 'Object Repository/ADMIN/Categories/Category/image_input image'

2019-05-20 08:37:09 - [MESSAGE][PASSED] - File 'C:\\Katalon\\Image\\pic8.jpg' sent to object: 'Object Repository/ADMIN/Categories/Category/image_input image'

2019-05-20 08:37:09 - [TEST_STEP][PASSED] - waitForElementVisible: Object 'Object Repository/ADMIN/Categories/Category/button_upload check' is visible

2019-05-20 08:37:09 - [MESSAGE][WARNING] - Timeout '0' is invalid. Using default page load timeout: '30'

2019-05-20 08:37:09 - [MESSAGE][PASSED] - Object 'Object Repository/ADMIN/Categories/Category/button_upload check' is visible

2019-05-20 08:37:09 - [TEST_STEP][PASSED] - click: Object: 'Object Repository/ADMIN/Categories/Category/button_upload check' is clicked on

2019-05-20 08:37:09 - [MESSAGE][PASSED] - Object: 'Object Repository/ADMIN/Categories/Category/button_upload check' is clicked on

2019-05-20 08:37:09 - [TEST_STEP][PASSED] - click: Object: 'Object Repository/ADMIN/Categories/Category/button_upload save' is clicked on

2019-05-20 08:37:09 - [MESSAGE][PASSED] - Object: 'Object Repository/ADMIN/Categories/Category/button_upload save' is clicked on

2019-05-20 08:37:09 - [TEST_STEP][PASSED] - waitForElementVisible: Object 'Object Repository/ADMIN/Categories/Category/button_upload save' is visible

2019-05-20 08:37:09 - [MESSAGE][WARNING] - Timeout '0' is invalid. Using default page load timeout: '30'

2019-05-20 08:37:09 - [MESSAGE][PASSED] - Object 'Object Repository/ADMIN/Categories/Category/button_upload save' is visible

2019-05-20 08:37:09 - [TEST_STEP][PASSED] - setText: Text 'Description33' is set on object 'Object Repository/ADMIN/Categories/Category/textfield_category_description'

2019-05-20 08:37:10 - [MESSAGE][PASSED] - Text 'Description33' is set on object 'Object Repository/ADMIN/Categories/Category/textfield_category_description'

2019-05-20 08:37:10 - [TEST_STEP][PASSED] - click: Object: 'Object Repository/ADMIN/Categories/Category/button_Save' is clicked on

2019-05-20 08:37:10 - [MESSAGE][PASSED] - Object: 'Object Repository/ADMIN/Categories/Category/button_Save' is clicked on

2019-05-20 08:37:10 - [TEST_STEP][PASSED] - waitForElementVisible: Object 'Object Repository/ADMIN/Categories/Category/label_edit popup' is visible

2019-05-20 08:37:10 - [MESSAGE][WARNING] - Timeout '0' is invalid. Using default page load timeout: '30'

2019-05-20 08:37:10 - [MESSAGE][PASSED] - Object 'Object Repository/ADMIN/Categories/Category/label_edit popup' is visible

2019-05-20 08:37:10 - [TEST_STEP][PASSED] - waitForElementNotPresent: Web element with id: 'Object Repository/ADMIN/Categories/Category/label_edit popup' located by 'By.xpath: //div[(text() = 'Category was successfully saved.' or . = 'Category was successfully saved.')]' is not present after '30' second(s)

2019-05-20 08:37:10 - [MESSAGE][WARNING] - Timeout '0' is invalid. Using default page load timeout: '30'

2019-05-20 08:37:17 - [MESSAGE][PASSED] - Web element with id: 'Object Repository/ADMIN/Categories/Category/label_edit popup' located by 'By.xpath: //div[(text() = 'Category was successfully saved.' or . = 'Category was successfully saved.')]' is not present after '30' second(s)]]></system-out>
         <system-err><![CDATA[]]></system-err>
      </testcase>
      <testcase name="Test Cases/ADMIN/Content Mgmt/Categories/Category Add-Edit/Add Category" classname="Test Cases/ADMIN/Content Mgmt/Categories/Category Add-Edit/Add Category" status="PASSED">
         <system-out><![CDATA[2019-05-20 08:37:17 - [TEST_CASE][PASSED] - Test Cases/ADMIN/Content Mgmt/Categories/Category Add-Edit/Add Category: Test Cases/ADMIN/Content Mgmt/Categories/Category Add-Edit/Add Category

2019-05-20 08:37:17 - [TEST_STEP][PASSED] - waitForElementVisible: Object 'Object Repository/ADMIN/Categories/Category List/button_Content Mgmt' is visible

2019-05-20 08:37:17 - [MESSAGE][WARNING] - Timeout '0' is invalid. Using default page load timeout: '30'

2019-05-20 08:37:17 - [MESSAGE][PASSED] - Object 'Object Repository/ADMIN/Categories/Category List/button_Content Mgmt' is visible

2019-05-20 08:37:17 - [TEST_STEP][PASSED] - click: Object: 'Object Repository/ADMIN/Categories/Category List/button_Content Mgmt' is clicked on

2019-05-20 08:37:17 - [MESSAGE][PASSED] - Object: 'Object Repository/ADMIN/Categories/Category List/button_Content Mgmt' is clicked on

2019-05-20 08:37:17 - [TEST_STEP][PASSED] - waitForElementVisible: Object 'Object Repository/ADMIN/Categories/Category List/button_Categories' is visible

2019-05-20 08:37:17 - [MESSAGE][WARNING] - Timeout '0' is invalid. Using default page load timeout: '30'

2019-05-20 08:37:17 - [MESSAGE][PASSED] - Object 'Object Repository/ADMIN/Categories/Category List/button_Categories' is visible

2019-05-20 08:37:17 - [TEST_STEP][PASSED] - click: Object: 'Object Repository/ADMIN/Categories/Category List/button_Categories' is clicked on

2019-05-20 08:37:18 - [MESSAGE][PASSED] - Object: 'Object Repository/ADMIN/Categories/Category List/button_Categories' is clicked on

2019-05-20 08:37:18 - [TEST_STEP][PASSED] - waitForPageLoad: Wait for page load successfully

2019-05-20 08:37:18 - [MESSAGE][WARNING] - Timeout '0' is invalid. Using default page load timeout: '30'

2019-05-20 08:37:18 - [MESSAGE][PASSED] - Wait for page load successfully

2019-05-20 08:37:18 - [TEST_STEP][PASSED] - click: Object: 'Object Repository/ADMIN/Categories/Category List/button_Add a Category' is clicked on

2019-05-20 08:37:18 - [MESSAGE][PASSED] - Object: 'Object Repository/ADMIN/Categories/Category List/button_Add a Category' is clicked on

2019-05-20 08:37:18 - [TEST_STEP][PASSED] - waitForElementPresent: Object 'Object Repository/ADMIN/Categories/Category/dropdown_Parent' is present

2019-05-20 08:37:18 - [MESSAGE][PASSED] - Object 'Object Repository/ADMIN/Categories/Category/dropdown_Parent' is present

2019-05-20 08:37:18 - [TEST_STEP][PASSED] - delay: Delayed 1 second(s)

2019-05-20 08:37:19 - [MESSAGE][PASSED] - Delayed 1 second(s)

2019-05-20 08:37:19 - [TEST_STEP][PASSED] - setText: Text 'Category 2.6.2.3' is set on object 'Object Repository/ADMIN/Categories/Category/textfield_Category Name'

2019-05-20 08:37:19 - [MESSAGE][PASSED] - Text 'Category 2.6.2.3' is set on object 'Object Repository/ADMIN/Categories/Category/textfield_Category Name'

2019-05-20 08:37:19 - [TEST_STEP][PASSED] - click: Object: 'Object Repository/ADMIN/Categories/Category/dropdown_Parent' is clicked on

2019-05-20 08:37:19 - [MESSAGE][PASSED] - Object: 'Object Repository/ADMIN/Categories/Category/dropdown_Parent' is clicked on

2019-05-20 08:37:19 - [TEST_STEP][PASSED] - delay: Delayed 2 second(s)

2019-05-20 08:37:21 - [MESSAGE][PASSED] - Delayed 2 second(s)

2019-05-20 08:37:21 - [TEST_STEP][PASSED] - click: Object: 'Object Repository/ADMIN/Categories/Category/dropdown_Parent' is clicked on

2019-05-20 08:37:21 - [MESSAGE][PASSED] - Object: 'Object Repository/ADMIN/Categories/Category/dropdown_Parent' is clicked on

2019-05-20 08:37:21 - [TEST_STEP][PASSED] - selectOptionByLabel: All options with label 'Category 2.6.2' are selected in object 'Object Repository/ADMIN/Categories/Category/dropdown_Parent' 

2019-05-20 08:37:21 - [MESSAGE][PASSED] - All options with label 'Category 2.6.2' are selected in object 'Object Repository/ADMIN/Categories/Category/dropdown_Parent' 

2019-05-20 08:37:21 - [TEST_STEP][PASSED] - click: Object: 'Object Repository/ADMIN/Categories/Category/button_Browse' is clicked on

2019-05-20 08:37:22 - [MESSAGE][PASSED] - Object: 'Object Repository/ADMIN/Categories/Category/button_Browse' is clicked on

2019-05-20 08:37:22 - [TEST_STEP][PASSED] - delay: Delayed 1 second(s)

2019-05-20 08:37:23 - [MESSAGE][PASSED] - Delayed 1 second(s)

2019-05-20 08:37:23 - [TEST_STEP][PASSED] - uploadFile: File 'C:\\Katalon\\Image\\pic9.jpg' sent to object: 'Object Repository/ADMIN/Categories/Category/image_input image'

2019-05-20 08:37:23 - [MESSAGE][PASSED] - File 'C:\\Katalon\\Image\\pic9.jpg' sent to object: 'Object Repository/ADMIN/Categories/Category/image_input image'

2019-05-20 08:37:23 - [TEST_STEP][PASSED] - waitForElementVisible: Object 'Object Repository/ADMIN/Categories/Category/button_upload check' is visible

2019-05-20 08:37:23 - [MESSAGE][WARNING] - Timeout '0' is invalid. Using default page load timeout: '30'

2019-05-20 08:37:23 - [MESSAGE][PASSED] - Object 'Object Repository/ADMIN/Categories/Category/button_upload check' is visible

2019-05-20 08:37:23 - [TEST_STEP][PASSED] - click: Object: 'Object Repository/ADMIN/Categories/Category/button_upload check' is clicked on

2019-05-20 08:37:23 - [MESSAGE][PASSED] - Object: 'Object Repository/ADMIN/Categories/Category/button_upload check' is clicked on

2019-05-20 08:37:23 - [TEST_STEP][PASSED] - click: Object: 'Object Repository/ADMIN/Categories/Category/button_upload save' is clicked on

2019-05-20 08:37:23 - [MESSAGE][PASSED] - Object: 'Object Repository/ADMIN/Categories/Category/button_upload save' is clicked on

2019-05-20 08:37:23 - [TEST_STEP][PASSED] - waitForElementVisible: Object 'Object Repository/ADMIN/Categories/Category/button_upload save' is visible

2019-05-20 08:37:23 - [MESSAGE][WARNING] - Timeout '0' is invalid. Using default page load timeout: '30'

2019-05-20 08:37:23 - [MESSAGE][PASSED] - Object 'Object Repository/ADMIN/Categories/Category/button_upload save' is visible

2019-05-20 08:37:23 - [TEST_STEP][PASSED] - setText: Text 'Description34' is set on object 'Object Repository/ADMIN/Categories/Category/textfield_category_description'

2019-05-20 08:37:23 - [MESSAGE][PASSED] - Text 'Description34' is set on object 'Object Repository/ADMIN/Categories/Category/textfield_category_description'

2019-05-20 08:37:23 - [TEST_STEP][PASSED] - click: Object: 'Object Repository/ADMIN/Categories/Category/button_Save' is clicked on

2019-05-20 08:37:24 - [MESSAGE][PASSED] - Object: 'Object Repository/ADMIN/Categories/Category/button_Save' is clicked on

2019-05-20 08:37:24 - [TEST_STEP][PASSED] - waitForElementVisible: Object 'Object Repository/ADMIN/Categories/Category/label_edit popup' is visible

2019-05-20 08:37:24 - [MESSAGE][WARNING] - Timeout '0' is invalid. Using default page load timeout: '30'

2019-05-20 08:37:24 - [MESSAGE][PASSED] - Object 'Object Repository/ADMIN/Categories/Category/label_edit popup' is visible

2019-05-20 08:37:24 - [TEST_STEP][PASSED] - waitForElementNotPresent: Web element with id: 'Object Repository/ADMIN/Categories/Category/label_edit popup' located by 'By.xpath: //div[(text() = 'Category was successfully saved.' or . = 'Category was successfully saved.')]' is not present after '30' second(s)

2019-05-20 08:37:24 - [MESSAGE][WARNING] - Timeout '0' is invalid. Using default page load timeout: '30'

2019-05-20 08:37:30 - [MESSAGE][PASSED] - Web element with id: 'Object Repository/ADMIN/Categories/Category/label_edit popup' located by 'By.xpath: //div[(text() = 'Category was successfully saved.' or . = 'Category was successfully saved.')]' is not present after '30' second(s)]]></system-out>
         <system-err><![CDATA[]]></system-err>
      </testcase>
      <testcase name="Test Cases/ADMIN/Content Mgmt/Categories/Category Add-Edit/Add Category" classname="Test Cases/ADMIN/Content Mgmt/Categories/Category Add-Edit/Add Category" status="FAILED">
         <failure type="FAILED" message="Unable to wait for object 'Object Repository/ADMIN/Categories/Category/button_upload save' to be visible (Root cause: org.openqa.selenium.StaleElementReferenceException: stale element reference: element is not attached to the page document
  (Session info: chrome=74.0.3729.157)
  (Driver info: chromedriver=2.35.528161 (5b82f2d2aae0ca24b877009200ced9065a772e73),platform=Windows NT 6.1.7601 SP1 x86_64) (WARNING: The server did not provide any stacktrace information)
Command duration or timeout: 0 milliseconds
For documentation on this error, please visit: http://seleniumhq.org/exceptions/stale_element_reference.html
Build info: version: '3.7.1', revision: '8a0099a', time: '2017-11-06T21:07:36.161Z'
System info: host: 'ARCADIER-PC', ip: '10.10.31.95', os.name: 'Windows 7', os.arch: 'amd64', os.version: '6.1', java.version: '1.8.0_102'
Driver info: com.kms.katalon.core.webui.driver.ExistingRemoteWebDriver
Capabilities {javascriptEnabled: true, platform: ANY, platformName: ANY}
Session ID: 2609dc86013a09d8daebbf33ac0c67a9)"/>
         <system-out><![CDATA[2019-05-20 08:37:30 - [TEST_CASE][FAILED] - Test Cases/ADMIN/Content Mgmt/Categories/Category Add-Edit/Add Category: Test Cases/ADMIN/Content Mgmt/Categories/Category Add-Edit/Add Category FAILED because (of) Unable to wait for object 'Object Repository/ADMIN/Categories/Category/button_upload save' to be visible (Root cause: org.openqa.selenium.StaleElementReferenceException: stale element reference: element is not attached to the page document
  (Session info: chrome=74.0.3729.157)
  (Driver info: chromedriver=2.35.528161 (5b82f2d2aae0ca24b877009200ced9065a772e73),platform=Windows NT 6.1.7601 SP1 x86_64) (WARNING: The server did not provide any stacktrace information)
Command duration or timeout: 0 milliseconds
For documentation on this error, please visit: http://seleniumhq.org/exceptions/stale_element_reference.html
Build info: version: '3.7.1', revision: '8a0099a', time: '2017-11-06T21:07:36.161Z'
System info: host: 'ARCADIER-PC', ip: '10.10.31.95', os.name: 'Windows 7', os.arch: 'amd64', os.version: '6.1', java.version: '1.8.0_102'
Driver info: com.kms.katalon.core.webui.driver.ExistingRemoteWebDriver
Capabilities {javascriptEnabled: true, platform: ANY, platformName: ANY}
Session ID: 2609dc86013a09d8daebbf33ac0c67a9)

2019-05-20 08:37:30 - [TEST_STEP][PASSED] - waitForElementVisible: Object 'Object Repository/ADMIN/Categories/Category List/button_Content Mgmt' is visible

2019-05-20 08:37:30 - [MESSAGE][WARNING] - Timeout '0' is invalid. Using default page load timeout: '30'

2019-05-20 08:37:30 - [MESSAGE][PASSED] - Object 'Object Repository/ADMIN/Categories/Category List/button_Content Mgmt' is visible

2019-05-20 08:37:30 - [TEST_STEP][PASSED] - click: Object: 'Object Repository/ADMIN/Categories/Category List/button_Content Mgmt' is clicked on

2019-05-20 08:37:30 - [MESSAGE][PASSED] - Object: 'Object Repository/ADMIN/Categories/Category List/button_Content Mgmt' is clicked on

2019-05-20 08:37:30 - [TEST_STEP][PASSED] - waitForElementVisible: Object 'Object Repository/ADMIN/Categories/Category List/button_Categories' is visible

2019-05-20 08:37:30 - [MESSAGE][WARNING] - Timeout '0' is invalid. Using default page load timeout: '30'

2019-05-20 08:37:30 - [MESSAGE][PASSED] - Object 'Object Repository/ADMIN/Categories/Category List/button_Categories' is visible

2019-05-20 08:37:30 - [TEST_STEP][PASSED] - click: Object: 'Object Repository/ADMIN/Categories/Category List/button_Categories' is clicked on

2019-05-20 08:37:31 - [MESSAGE][PASSED] - Object: 'Object Repository/ADMIN/Categories/Category List/button_Categories' is clicked on

2019-05-20 08:37:31 - [TEST_STEP][PASSED] - waitForPageLoad: Wait for page load successfully

2019-05-20 08:37:31 - [MESSAGE][WARNING] - Timeout '0' is invalid. Using default page load timeout: '30'

2019-05-20 08:37:31 - [MESSAGE][PASSED] - Wait for page load successfully

2019-05-20 08:37:31 - [TEST_STEP][PASSED] - click: Object: 'Object Repository/ADMIN/Categories/Category List/button_Add a Category' is clicked on

2019-05-20 08:37:31 - [MESSAGE][PASSED] - Object: 'Object Repository/ADMIN/Categories/Category List/button_Add a Category' is clicked on

2019-05-20 08:37:31 - [TEST_STEP][PASSED] - waitForElementPresent: Object 'Object Repository/ADMIN/Categories/Category/dropdown_Parent' is present

2019-05-20 08:37:31 - [MESSAGE][PASSED] - Object 'Object Repository/ADMIN/Categories/Category/dropdown_Parent' is present

2019-05-20 08:37:31 - [TEST_STEP][PASSED] - delay: Delayed 1 second(s)

2019-05-20 08:37:32 - [MESSAGE][PASSED] - Delayed 1 second(s)

2019-05-20 08:37:32 - [TEST_STEP][PASSED] - setText: Text 'Category 3' is set on object 'Object Repository/ADMIN/Categories/Category/textfield_Category Name'

2019-05-20 08:37:33 - [MESSAGE][PASSED] - Text 'Category 3' is set on object 'Object Repository/ADMIN/Categories/Category/textfield_Category Name'

2019-05-20 08:37:33 - [TEST_STEP][PASSED] - click: Object: 'Object Repository/ADMIN/Categories/Category/dropdown_Parent' is clicked on

2019-05-20 08:37:33 - [MESSAGE][PASSED] - Object: 'Object Repository/ADMIN/Categories/Category/dropdown_Parent' is clicked on

2019-05-20 08:37:33 - [TEST_STEP][PASSED] - delay: Delayed 2 second(s)

2019-05-20 08:37:35 - [MESSAGE][PASSED] - Delayed 2 second(s)

2019-05-20 08:37:35 - [TEST_STEP][PASSED] - click: Object: 'Object Repository/ADMIN/Categories/Category/dropdown_Parent' is clicked on

2019-05-20 08:37:35 - [MESSAGE][PASSED] - Object: 'Object Repository/ADMIN/Categories/Category/dropdown_Parent' is clicked on

2019-05-20 08:37:35 - [TEST_STEP][PASSED] - selectOptionByLabel: All options with label '-' are selected in object 'Object Repository/ADMIN/Categories/Category/dropdown_Parent' 

2019-05-20 08:37:35 - [MESSAGE][PASSED] - All options with label '-' are selected in object 'Object Repository/ADMIN/Categories/Category/dropdown_Parent' 

2019-05-20 08:37:35 - [TEST_STEP][PASSED] - click: Object: 'Object Repository/ADMIN/Categories/Category/button_Browse' is clicked on

2019-05-20 08:37:35 - [MESSAGE][PASSED] - Object: 'Object Repository/ADMIN/Categories/Category/button_Browse' is clicked on

2019-05-20 08:37:35 - [TEST_STEP][PASSED] - delay: Delayed 1 second(s)

2019-05-20 08:37:36 - [MESSAGE][PASSED] - Delayed 1 second(s)

2019-05-20 08:37:36 - [TEST_STEP][PASSED] - uploadFile: File 'C:\\Katalon\\Image\\pic10.jpg' sent to object: 'Object Repository/ADMIN/Categories/Category/image_input image'

2019-05-20 08:37:36 - [MESSAGE][PASSED] - File 'C:\\Katalon\\Image\\pic10.jpg' sent to object: 'Object Repository/ADMIN/Categories/Category/image_input image'

2019-05-20 08:37:36 - [TEST_STEP][PASSED] - waitForElementVisible: Object 'Object Repository/ADMIN/Categories/Category/button_upload check' is visible

2019-05-20 08:37:36 - [MESSAGE][WARNING] - Timeout '0' is invalid. Using default page load timeout: '30'

2019-05-20 08:37:36 - [MESSAGE][PASSED] - Object 'Object Repository/ADMIN/Categories/Category/button_upload check' is visible

2019-05-20 08:37:36 - [TEST_STEP][PASSED] - click: Object: 'Object Repository/ADMIN/Categories/Category/button_upload check' is clicked on

2019-05-20 08:37:36 - [MESSAGE][PASSED] - Object: 'Object Repository/ADMIN/Categories/Category/button_upload check' is clicked on

2019-05-20 08:37:36 - [TEST_STEP][PASSED] - click: Object: 'Object Repository/ADMIN/Categories/Category/button_upload save' is clicked on

2019-05-20 08:37:36 - [MESSAGE][PASSED] - Object: 'Object Repository/ADMIN/Categories/Category/button_upload save' is clicked on

2019-05-20 08:37:36 - [TEST_STEP][FAILED] - waitForElementVisible: Unable to wait for object 'Object Repository/ADMIN/Categories/Category/button_upload save' to be visible (Root cause: org.openqa.selenium.StaleElementReferenceException: stale element reference: element is not attached to the page document
  (Session info: chrome=74.0.3729.157)
  (Driver info: chromedriver=2.35.528161 (5b82f2d2aae0ca24b877009200ced9065a772e73),platform=Windows NT 6.1.7601 SP1 x86_64) (WARNING: The server did not provide any stacktrace information)
Command duration or timeout: 0 milliseconds
For documentation on this error, please visit: http://seleniumhq.org/exceptions/stale_element_reference.html
Build info: version: '3.7.1', revision: '8a0099a', time: '2017-11-06T21:07:36.161Z'
System info: host: 'ARCADIER-PC', ip: '10.10.31.95', os.name: 'Windows 7', os.arch: 'amd64', os.version: '6.1', java.version: '1.8.0_102'
Driver info: com.kms.katalon.core.webui.driver.ExistingRemoteWebDriver
Capabilities {javascriptEnabled: true, platform: ANY, platformName: ANY}
Session ID: 2609dc86013a09d8daebbf33ac0c67a9)

2019-05-20 08:37:36 - [MESSAGE][WARNING] - Timeout '0' is invalid. Using default page load timeout: '30'

2019-05-20 08:37:38 - [MESSAGE][FAILED] - Unable to wait for object 'Object Repository/ADMIN/Categories/Category/button_upload save' to be visible (Root cause: org.openqa.selenium.StaleElementReferenceException: stale element reference: element is not attached to the page document
  (Session info: chrome=74.0.3729.157)
  (Driver info: chromedriver=2.35.528161 (5b82f2d2aae0ca24b877009200ced9065a772e73),platform=Windows NT 6.1.7601 SP1 x86_64) (WARNING: The server did not provide any stacktrace information)
Command duration or timeout: 0 milliseconds
For documentation on this error, please visit: http://seleniumhq.org/exceptions/stale_element_reference.html
Build info: version: '3.7.1', revision: '8a0099a', time: '2017-11-06T21:07:36.161Z'
System info: host: 'ARCADIER-PC', ip: '10.10.31.95', os.name: 'Windows 7', os.arch: 'amd64', os.version: '6.1', java.version: '1.8.0_102'
Driver info: com.kms.katalon.core.webui.driver.ExistingRemoteWebDriver
Capabilities {javascriptEnabled: true, platform: ANY, platformName: ANY}
Session ID: 2609dc86013a09d8daebbf33ac0c67a9)
[[ATTACHMENT|C:\\Users\\Arcadier\\git\\Arctick\\Reports\\Suites\\Admin Add Category\\20190520_082941\\1558312657853.png]]

2019-05-20 08:37:38 - [TEST_STEP][PASSED] - setText: Text 'Description35' is set on object 'Object Repository/ADMIN/Categories/Category/textfield_category_description'

2019-05-20 08:37:38 - [MESSAGE][PASSED] - Text 'Description35' is set on object 'Object Repository/ADMIN/Categories/Category/textfield_category_description'

2019-05-20 08:37:38 - [TEST_STEP][PASSED] - click: Object: 'Object Repository/ADMIN/Categories/Category/button_Save' is clicked on

2019-05-20 08:37:38 - [MESSAGE][PASSED] - Object: 'Object Repository/ADMIN/Categories/Category/button_Save' is clicked on

2019-05-20 08:37:38 - [TEST_STEP][PASSED] - waitForElementVisible: Object 'Object Repository/ADMIN/Categories/Category/label_edit popup' is visible

2019-05-20 08:37:38 - [MESSAGE][WARNING] - Timeout '0' is invalid. Using default page load timeout: '30'

2019-05-20 08:37:39 - [MESSAGE][PASSED] - Object 'Object Repository/ADMIN/Categories/Category/label_edit popup' is visible

2019-05-20 08:37:39 - [TEST_STEP][PASSED] - waitForElementNotPresent: Web element with id: 'Object Repository/ADMIN/Categories/Category/label_edit popup' located by 'By.xpath: //div[(text() = 'Category was successfully saved.' or . = 'Category was successfully saved.')]' is not present after '30' second(s)

2019-05-20 08:37:39 - [MESSAGE][WARNING] - Timeout '0' is invalid. Using default page load timeout: '30'

2019-05-20 08:37:45 - [MESSAGE][PASSED] - Web element with id: 'Object Repository/ADMIN/Categories/Category/label_edit popup' located by 'By.xpath: //div[(text() = 'Category was successfully saved.' or . = 'Category was successfully saved.')]' is not present after '30' second(s)]]></system-out>
         <system-err><![CDATA[2019-05-20 08:37:30 - [TEST_CASE][FAILED] - Test Cases/ADMIN/Content Mgmt/Categories/Category Add-Edit/Add Category: Test Cases/ADMIN/Content Mgmt/Categories/Category Add-Edit/Add Category FAILED because (of) Unable to wait for object 'Object Repository/ADMIN/Categories/Category/button_upload save' to be visible (Root cause: org.openqa.selenium.StaleElementReferenceException: stale element reference: element is not attached to the page document
  (Session info: chrome=74.0.3729.157)
  (Driver info: chromedriver=2.35.528161 (5b82f2d2aae0ca24b877009200ced9065a772e73),platform=Windows NT 6.1.7601 SP1 x86_64) (WARNING: The server did not provide any stacktrace information)
Command duration or timeout: 0 milliseconds
For documentation on this error, please visit: http://seleniumhq.org/exceptions/stale_element_reference.html
Build info: version: '3.7.1', revision: '8a0099a', time: '2017-11-06T21:07:36.161Z'
System info: host: 'ARCADIER-PC', ip: '10.10.31.95', os.name: 'Windows 7', os.arch: 'amd64', os.version: '6.1', java.version: '1.8.0_102'
Driver info: com.kms.katalon.core.webui.driver.ExistingRemoteWebDriver
Capabilities {javascriptEnabled: true, platform: ANY, platformName: ANY}
Session ID: 2609dc86013a09d8daebbf33ac0c67a9)]]></system-err>
      </testcase>
      <testcase name="Test Cases/ADMIN/Content Mgmt/Categories/Category Add-Edit/Add Category" classname="Test Cases/ADMIN/Content Mgmt/Categories/Category Add-Edit/Add Category" status="PASSED">
         <system-out><![CDATA[2019-05-20 08:37:45 - [TEST_CASE][PASSED] - Test Cases/ADMIN/Content Mgmt/Categories/Category Add-Edit/Add Category: Test Cases/ADMIN/Content Mgmt/Categories/Category Add-Edit/Add Category

2019-05-20 08:37:45 - [TEST_STEP][PASSED] - waitForElementVisible: Object 'Object Repository/ADMIN/Categories/Category List/button_Content Mgmt' is visible

2019-05-20 08:37:45 - [MESSAGE][WARNING] - Timeout '0' is invalid. Using default page load timeout: '30'

2019-05-20 08:37:45 - [MESSAGE][PASSED] - Object 'Object Repository/ADMIN/Categories/Category List/button_Content Mgmt' is visible

2019-05-20 08:37:45 - [TEST_STEP][PASSED] - click: Object: 'Object Repository/ADMIN/Categories/Category List/button_Content Mgmt' is clicked on

2019-05-20 08:37:45 - [MESSAGE][PASSED] - Object: 'Object Repository/ADMIN/Categories/Category List/button_Content Mgmt' is clicked on

2019-05-20 08:37:45 - [TEST_STEP][PASSED] - waitForElementVisible: Object 'Object Repository/ADMIN/Categories/Category List/button_Categories' is visible

2019-05-20 08:37:45 - [MESSAGE][WARNING] - Timeout '0' is invalid. Using default page load timeout: '30'

2019-05-20 08:37:45 - [MESSAGE][PASSED] - Object 'Object Repository/ADMIN/Categories/Category List/button_Categories' is visible

2019-05-20 08:37:45 - [TEST_STEP][PASSED] - click: Object: 'Object Repository/ADMIN/Categories/Category List/button_Categories' is clicked on

2019-05-20 08:37:46 - [MESSAGE][PASSED] - Object: 'Object Repository/ADMIN/Categories/Category List/button_Categories' is clicked on

2019-05-20 08:37:46 - [TEST_STEP][PASSED] - waitForPageLoad: Wait for page load successfully

2019-05-20 08:37:46 - [MESSAGE][WARNING] - Timeout '0' is invalid. Using default page load timeout: '30'

2019-05-20 08:37:46 - [MESSAGE][PASSED] - Wait for page load successfully

2019-05-20 08:37:46 - [TEST_STEP][PASSED] - click: Object: 'Object Repository/ADMIN/Categories/Category List/button_Add a Category' is clicked on

2019-05-20 08:37:46 - [MESSAGE][PASSED] - Object: 'Object Repository/ADMIN/Categories/Category List/button_Add a Category' is clicked on

2019-05-20 08:37:46 - [TEST_STEP][PASSED] - waitForElementPresent: Object 'Object Repository/ADMIN/Categories/Category/dropdown_Parent' is present

2019-05-20 08:37:46 - [MESSAGE][PASSED] - Object 'Object Repository/ADMIN/Categories/Category/dropdown_Parent' is present

2019-05-20 08:37:46 - [TEST_STEP][PASSED] - delay: Delayed 1 second(s)

2019-05-20 08:37:47 - [MESSAGE][PASSED] - Delayed 1 second(s)

2019-05-20 08:37:47 - [TEST_STEP][PASSED] - setText: Text 'Category 3.1' is set on object 'Object Repository/ADMIN/Categories/Category/textfield_Category Name'

2019-05-20 08:37:48 - [MESSAGE][PASSED] - Text 'Category 3.1' is set on object 'Object Repository/ADMIN/Categories/Category/textfield_Category Name'

2019-05-20 08:37:48 - [TEST_STEP][PASSED] - click: Object: 'Object Repository/ADMIN/Categories/Category/dropdown_Parent' is clicked on

2019-05-20 08:37:48 - [MESSAGE][PASSED] - Object: 'Object Repository/ADMIN/Categories/Category/dropdown_Parent' is clicked on

2019-05-20 08:37:48 - [TEST_STEP][PASSED] - delay: Delayed 2 second(s)

2019-05-20 08:37:50 - [MESSAGE][PASSED] - Delayed 2 second(s)

2019-05-20 08:37:50 - [TEST_STEP][PASSED] - click: Object: 'Object Repository/ADMIN/Categories/Category/dropdown_Parent' is clicked on

2019-05-20 08:37:50 - [MESSAGE][PASSED] - Object: 'Object Repository/ADMIN/Categories/Category/dropdown_Parent' is clicked on

2019-05-20 08:37:50 - [TEST_STEP][PASSED] - selectOptionByLabel: All options with label 'Category 3' are selected in object 'Object Repository/ADMIN/Categories/Category/dropdown_Parent' 

2019-05-20 08:37:50 - [MESSAGE][PASSED] - All options with label 'Category 3' are selected in object 'Object Repository/ADMIN/Categories/Category/dropdown_Parent' 

2019-05-20 08:37:50 - [TEST_STEP][PASSED] - click: Object: 'Object Repository/ADMIN/Categories/Category/button_Browse' is clicked on

2019-05-20 08:37:50 - [MESSAGE][PASSED] - Object: 'Object Repository/ADMIN/Categories/Category/button_Browse' is clicked on

2019-05-20 08:37:50 - [TEST_STEP][PASSED] - delay: Delayed 1 second(s)

2019-05-20 08:37:51 - [MESSAGE][PASSED] - Delayed 1 second(s)

2019-05-20 08:37:51 - [TEST_STEP][PASSED] - uploadFile: File 'C:\\Katalon\\Image\\pic11.jpg' sent to object: 'Object Repository/ADMIN/Categories/Category/image_input image'

2019-05-20 08:37:51 - [MESSAGE][PASSED] - File 'C:\\Katalon\\Image\\pic11.jpg' sent to object: 'Object Repository/ADMIN/Categories/Category/image_input image'

2019-05-20 08:37:51 - [TEST_STEP][PASSED] - waitForElementVisible: Object 'Object Repository/ADMIN/Categories/Category/button_upload check' is visible

2019-05-20 08:37:51 - [MESSAGE][WARNING] - Timeout '0' is invalid. Using default page load timeout: '30'

2019-05-20 08:37:51 - [MESSAGE][PASSED] - Object 'Object Repository/ADMIN/Categories/Category/button_upload check' is visible

2019-05-20 08:37:51 - [TEST_STEP][PASSED] - click: Object: 'Object Repository/ADMIN/Categories/Category/button_upload check' is clicked on

2019-05-20 08:37:51 - [MESSAGE][PASSED] - Object: 'Object Repository/ADMIN/Categories/Category/button_upload check' is clicked on

2019-05-20 08:37:51 - [TEST_STEP][PASSED] - click: Object: 'Object Repository/ADMIN/Categories/Category/button_upload save' is clicked on

2019-05-20 08:37:52 - [MESSAGE][PASSED] - Object: 'Object Repository/ADMIN/Categories/Category/button_upload save' is clicked on

2019-05-20 08:37:52 - [TEST_STEP][PASSED] - waitForElementVisible: Object 'Object Repository/ADMIN/Categories/Category/button_upload save' is visible

2019-05-20 08:37:52 - [MESSAGE][WARNING] - Timeout '0' is invalid. Using default page load timeout: '30'

2019-05-20 08:37:52 - [MESSAGE][PASSED] - Object 'Object Repository/ADMIN/Categories/Category/button_upload save' is visible

2019-05-20 08:37:52 - [TEST_STEP][PASSED] - setText: Text 'Description36' is set on object 'Object Repository/ADMIN/Categories/Category/textfield_category_description'

2019-05-20 08:37:52 - [MESSAGE][PASSED] - Text 'Description36' is set on object 'Object Repository/ADMIN/Categories/Category/textfield_category_description'

2019-05-20 08:37:52 - [TEST_STEP][PASSED] - click: Object: 'Object Repository/ADMIN/Categories/Category/button_Save' is clicked on

2019-05-20 08:37:52 - [MESSAGE][PASSED] - Object: 'Object Repository/ADMIN/Categories/Category/button_Save' is clicked on

2019-05-20 08:37:52 - [TEST_STEP][PASSED] - waitForElementVisible: Object 'Object Repository/ADMIN/Categories/Category/label_edit popup' is visible

2019-05-20 08:37:52 - [MESSAGE][WARNING] - Timeout '0' is invalid. Using default page load timeout: '30'

2019-05-20 08:37:53 - [MESSAGE][PASSED] - Object 'Object Repository/ADMIN/Categories/Category/label_edit popup' is visible

2019-05-20 08:37:53 - [TEST_STEP][PASSED] - waitForElementNotPresent: Web element with id: 'Object Repository/ADMIN/Categories/Category/label_edit popup' located by 'By.xpath: //div[(text() = 'Category was successfully saved.' or . = 'Category was successfully saved.')]' is not present after '30' second(s)

2019-05-20 08:37:53 - [MESSAGE][WARNING] - Timeout '0' is invalid. Using default page load timeout: '30'

2019-05-20 08:37:59 - [MESSAGE][PASSED] - Web element with id: 'Object Repository/ADMIN/Categories/Category/label_edit popup' located by 'By.xpath: //div[(text() = 'Category was successfully saved.' or . = 'Category was successfully saved.')]' is not present after '30' second(s)]]></system-out>
         <system-err><![CDATA[]]></system-err>
      </testcase>
      <testcase name="Test Cases/ADMIN/Content Mgmt/Categories/Category Add-Edit/Add Category" classname="Test Cases/ADMIN/Content Mgmt/Categories/Category Add-Edit/Add Category" status="PASSED">
         <system-out><![CDATA[2019-05-20 08:37:59 - [TEST_CASE][PASSED] - Test Cases/ADMIN/Content Mgmt/Categories/Category Add-Edit/Add Category: Test Cases/ADMIN/Content Mgmt/Categories/Category Add-Edit/Add Category

2019-05-20 08:37:59 - [TEST_STEP][PASSED] - waitForElementVisible: Object 'Object Repository/ADMIN/Categories/Category List/button_Content Mgmt' is visible

2019-05-20 08:37:59 - [MESSAGE][WARNING] - Timeout '0' is invalid. Using default page load timeout: '30'

2019-05-20 08:37:59 - [MESSAGE][PASSED] - Object 'Object Repository/ADMIN/Categories/Category List/button_Content Mgmt' is visible

2019-05-20 08:37:59 - [TEST_STEP][PASSED] - click: Object: 'Object Repository/ADMIN/Categories/Category List/button_Content Mgmt' is clicked on

2019-05-20 08:37:59 - [MESSAGE][PASSED] - Object: 'Object Repository/ADMIN/Categories/Category List/button_Content Mgmt' is clicked on

2019-05-20 08:37:59 - [TEST_STEP][PASSED] - waitForElementVisible: Object 'Object Repository/ADMIN/Categories/Category List/button_Categories' is visible

2019-05-20 08:37:59 - [MESSAGE][WARNING] - Timeout '0' is invalid. Using default page load timeout: '30'

2019-05-20 08:37:59 - [MESSAGE][PASSED] - Object 'Object Repository/ADMIN/Categories/Category List/button_Categories' is visible

2019-05-20 08:37:59 - [TEST_STEP][PASSED] - click: Object: 'Object Repository/ADMIN/Categories/Category List/button_Categories' is clicked on

2019-05-20 08:38:00 - [MESSAGE][PASSED] - Object: 'Object Repository/ADMIN/Categories/Category List/button_Categories' is clicked on

2019-05-20 08:38:00 - [TEST_STEP][PASSED] - waitForPageLoad: Wait for page load successfully

2019-05-20 08:38:00 - [MESSAGE][WARNING] - Timeout '0' is invalid. Using default page load timeout: '30'

2019-05-20 08:38:00 - [MESSAGE][PASSED] - Wait for page load successfully

2019-05-20 08:38:00 - [TEST_STEP][PASSED] - click: Object: 'Object Repository/ADMIN/Categories/Category List/button_Add a Category' is clicked on

2019-05-20 08:38:00 - [MESSAGE][PASSED] - Object: 'Object Repository/ADMIN/Categories/Category List/button_Add a Category' is clicked on

2019-05-20 08:38:00 - [TEST_STEP][PASSED] - waitForElementPresent: Object 'Object Repository/ADMIN/Categories/Category/dropdown_Parent' is present

2019-05-20 08:38:00 - [MESSAGE][PASSED] - Object 'Object Repository/ADMIN/Categories/Category/dropdown_Parent' is present

2019-05-20 08:38:00 - [TEST_STEP][PASSED] - delay: Delayed 1 second(s)

2019-05-20 08:38:01 - [MESSAGE][PASSED] - Delayed 1 second(s)

2019-05-20 08:38:01 - [TEST_STEP][PASSED] - setText: Text 'Category 3.2' is set on object 'Object Repository/ADMIN/Categories/Category/textfield_Category Name'

2019-05-20 08:38:01 - [MESSAGE][PASSED] - Text 'Category 3.2' is set on object 'Object Repository/ADMIN/Categories/Category/textfield_Category Name'

2019-05-20 08:38:01 - [TEST_STEP][PASSED] - click: Object: 'Object Repository/ADMIN/Categories/Category/dropdown_Parent' is clicked on

2019-05-20 08:38:01 - [MESSAGE][PASSED] - Object: 'Object Repository/ADMIN/Categories/Category/dropdown_Parent' is clicked on

2019-05-20 08:38:01 - [TEST_STEP][PASSED] - delay: Delayed 2 second(s)

2019-05-20 08:38:03 - [MESSAGE][PASSED] - Delayed 2 second(s)

2019-05-20 08:38:03 - [TEST_STEP][PASSED] - click: Object: 'Object Repository/ADMIN/Categories/Category/dropdown_Parent' is clicked on

2019-05-20 08:38:03 - [MESSAGE][PASSED] - Object: 'Object Repository/ADMIN/Categories/Category/dropdown_Parent' is clicked on

2019-05-20 08:38:03 - [TEST_STEP][PASSED] - selectOptionByLabel: All options with label 'Category 3' are selected in object 'Object Repository/ADMIN/Categories/Category/dropdown_Parent' 

2019-05-20 08:38:04 - [MESSAGE][PASSED] - All options with label 'Category 3' are selected in object 'Object Repository/ADMIN/Categories/Category/dropdown_Parent' 

2019-05-20 08:38:04 - [TEST_STEP][PASSED] - click: Object: 'Object Repository/ADMIN/Categories/Category/button_Browse' is clicked on

2019-05-20 08:38:04 - [MESSAGE][PASSED] - Object: 'Object Repository/ADMIN/Categories/Category/button_Browse' is clicked on

2019-05-20 08:38:04 - [TEST_STEP][PASSED] - delay: Delayed 1 second(s)

2019-05-20 08:38:05 - [MESSAGE][PASSED] - Delayed 1 second(s)

2019-05-20 08:38:05 - [TEST_STEP][PASSED] - uploadFile: File 'C:\\Katalon\\Image\\pic12.jpg' sent to object: 'Object Repository/ADMIN/Categories/Category/image_input image'

2019-05-20 08:38:05 - [MESSAGE][PASSED] - File 'C:\\Katalon\\Image\\pic12.jpg' sent to object: 'Object Repository/ADMIN/Categories/Category/image_input image'

2019-05-20 08:38:05 - [TEST_STEP][PASSED] - waitForElementVisible: Object 'Object Repository/ADMIN/Categories/Category/button_upload check' is visible

2019-05-20 08:38:05 - [MESSAGE][WARNING] - Timeout '0' is invalid. Using default page load timeout: '30'

2019-05-20 08:38:05 - [MESSAGE][PASSED] - Object 'Object Repository/ADMIN/Categories/Category/button_upload check' is visible

2019-05-20 08:38:05 - [TEST_STEP][PASSED] - click: Object: 'Object Repository/ADMIN/Categories/Category/button_upload check' is clicked on

2019-05-20 08:38:05 - [MESSAGE][PASSED] - Object: 'Object Repository/ADMIN/Categories/Category/button_upload check' is clicked on

2019-05-20 08:38:05 - [TEST_STEP][PASSED] - click: Object: 'Object Repository/ADMIN/Categories/Category/button_upload save' is clicked on

2019-05-20 08:38:05 - [MESSAGE][PASSED] - Object: 'Object Repository/ADMIN/Categories/Category/button_upload save' is clicked on

2019-05-20 08:38:05 - [TEST_STEP][PASSED] - waitForElementVisible: Object 'Object Repository/ADMIN/Categories/Category/button_upload save' is visible

2019-05-20 08:38:05 - [MESSAGE][WARNING] - Timeout '0' is invalid. Using default page load timeout: '30'

2019-05-20 08:38:05 - [MESSAGE][PASSED] - Object 'Object Repository/ADMIN/Categories/Category/button_upload save' is visible

2019-05-20 08:38:05 - [TEST_STEP][PASSED] - setText: Text 'Description37' is set on object 'Object Repository/ADMIN/Categories/Category/textfield_category_description'

2019-05-20 08:38:05 - [MESSAGE][PASSED] - Text 'Description37' is set on object 'Object Repository/ADMIN/Categories/Category/textfield_category_description'

2019-05-20 08:38:05 - [TEST_STEP][PASSED] - click: Object: 'Object Repository/ADMIN/Categories/Category/button_Save' is clicked on

2019-05-20 08:38:06 - [MESSAGE][PASSED] - Object: 'Object Repository/ADMIN/Categories/Category/button_Save' is clicked on

2019-05-20 08:38:06 - [TEST_STEP][PASSED] - waitForElementVisible: Object 'Object Repository/ADMIN/Categories/Category/label_edit popup' is visible

2019-05-20 08:38:06 - [MESSAGE][WARNING] - Timeout '0' is invalid. Using default page load timeout: '30'

2019-05-20 08:38:06 - [MESSAGE][PASSED] - Object 'Object Repository/ADMIN/Categories/Category/label_edit popup' is visible

2019-05-20 08:38:06 - [TEST_STEP][PASSED] - waitForElementNotPresent: Web element with id: 'Object Repository/ADMIN/Categories/Category/label_edit popup' located by 'By.xpath: //div[(text() = 'Category was successfully saved.' or . = 'Category was successfully saved.')]' is not present after '30' second(s)

2019-05-20 08:38:06 - [MESSAGE][WARNING] - Timeout '0' is invalid. Using default page load timeout: '30'

2019-05-20 08:38:12 - [MESSAGE][PASSED] - Web element with id: 'Object Repository/ADMIN/Categories/Category/label_edit popup' located by 'By.xpath: //div[(text() = 'Category was successfully saved.' or . = 'Category was successfully saved.')]' is not present after '30' second(s)]]></system-out>
         <system-err><![CDATA[]]></system-err>
      </testcase>
      <testcase name="Test Cases/ADMIN/Content Mgmt/Categories/Category Add-Edit/Add Category" classname="Test Cases/ADMIN/Content Mgmt/Categories/Category Add-Edit/Add Category" status="PASSED">
         <system-out><![CDATA[2019-05-20 08:38:12 - [TEST_CASE][PASSED] - Test Cases/ADMIN/Content Mgmt/Categories/Category Add-Edit/Add Category: Test Cases/ADMIN/Content Mgmt/Categories/Category Add-Edit/Add Category

2019-05-20 08:38:12 - [TEST_STEP][PASSED] - waitForElementVisible: Object 'Object Repository/ADMIN/Categories/Category List/button_Content Mgmt' is visible

2019-05-20 08:38:12 - [MESSAGE][WARNING] - Timeout '0' is invalid. Using default page load timeout: '30'

2019-05-20 08:38:12 - [MESSAGE][PASSED] - Object 'Object Repository/ADMIN/Categories/Category List/button_Content Mgmt' is visible

2019-05-20 08:38:12 - [TEST_STEP][PASSED] - click: Object: 'Object Repository/ADMIN/Categories/Category List/button_Content Mgmt' is clicked on

2019-05-20 08:38:12 - [MESSAGE][PASSED] - Object: 'Object Repository/ADMIN/Categories/Category List/button_Content Mgmt' is clicked on

2019-05-20 08:38:12 - [TEST_STEP][PASSED] - waitForElementVisible: Object 'Object Repository/ADMIN/Categories/Category List/button_Categories' is visible

2019-05-20 08:38:12 - [MESSAGE][WARNING] - Timeout '0' is invalid. Using default page load timeout: '30'

2019-05-20 08:38:12 - [MESSAGE][PASSED] - Object 'Object Repository/ADMIN/Categories/Category List/button_Categories' is visible

2019-05-20 08:38:12 - [TEST_STEP][PASSED] - click: Object: 'Object Repository/ADMIN/Categories/Category List/button_Categories' is clicked on

2019-05-20 08:38:12 - [MESSAGE][PASSED] - Object: 'Object Repository/ADMIN/Categories/Category List/button_Categories' is clicked on

2019-05-20 08:38:12 - [TEST_STEP][PASSED] - waitForPageLoad: Wait for page load successfully

2019-05-20 08:38:12 - [MESSAGE][WARNING] - Timeout '0' is invalid. Using default page load timeout: '30'

2019-05-20 08:38:12 - [MESSAGE][PASSED] - Wait for page load successfully

2019-05-20 08:38:12 - [TEST_STEP][PASSED] - click: Object: 'Object Repository/ADMIN/Categories/Category List/button_Add a Category' is clicked on

2019-05-20 08:38:12 - [MESSAGE][PASSED] - Object: 'Object Repository/ADMIN/Categories/Category List/button_Add a Category' is clicked on

2019-05-20 08:38:12 - [TEST_STEP][PASSED] - waitForElementPresent: Object 'Object Repository/ADMIN/Categories/Category/dropdown_Parent' is present

2019-05-20 08:38:13 - [MESSAGE][PASSED] - Object 'Object Repository/ADMIN/Categories/Category/dropdown_Parent' is present

2019-05-20 08:38:13 - [TEST_STEP][PASSED] - delay: Delayed 1 second(s)

2019-05-20 08:38:14 - [MESSAGE][PASSED] - Delayed 1 second(s)

2019-05-20 08:38:14 - [TEST_STEP][PASSED] - setText: Text 'Category 3.3' is set on object 'Object Repository/ADMIN/Categories/Category/textfield_Category Name'

2019-05-20 08:38:14 - [MESSAGE][PASSED] - Text 'Category 3.3' is set on object 'Object Repository/ADMIN/Categories/Category/textfield_Category Name'

2019-05-20 08:38:14 - [TEST_STEP][PASSED] - click: Object: 'Object Repository/ADMIN/Categories/Category/dropdown_Parent' is clicked on

2019-05-20 08:38:14 - [MESSAGE][PASSED] - Object: 'Object Repository/ADMIN/Categories/Category/dropdown_Parent' is clicked on

2019-05-20 08:38:14 - [TEST_STEP][PASSED] - delay: Delayed 2 second(s)

2019-05-20 08:38:16 - [MESSAGE][PASSED] - Delayed 2 second(s)

2019-05-20 08:38:16 - [TEST_STEP][PASSED] - click: Object: 'Object Repository/ADMIN/Categories/Category/dropdown_Parent' is clicked on

2019-05-20 08:38:16 - [MESSAGE][PASSED] - Object: 'Object Repository/ADMIN/Categories/Category/dropdown_Parent' is clicked on

2019-05-20 08:38:16 - [TEST_STEP][PASSED] - selectOptionByLabel: All options with label 'Category 3' are selected in object 'Object Repository/ADMIN/Categories/Category/dropdown_Parent' 

2019-05-20 08:38:16 - [MESSAGE][PASSED] - All options with label 'Category 3' are selected in object 'Object Repository/ADMIN/Categories/Category/dropdown_Parent' 

2019-05-20 08:38:16 - [TEST_STEP][PASSED] - click: Object: 'Object Repository/ADMIN/Categories/Category/button_Browse' is clicked on

2019-05-20 08:38:16 - [MESSAGE][PASSED] - Object: 'Object Repository/ADMIN/Categories/Category/button_Browse' is clicked on

2019-05-20 08:38:16 - [TEST_STEP][PASSED] - delay: Delayed 1 second(s)

2019-05-20 08:38:17 - [MESSAGE][PASSED] - Delayed 1 second(s)

2019-05-20 08:38:17 - [TEST_STEP][PASSED] - uploadFile: File 'C:\\Katalon\\Image\\pic1.jpg' sent to object: 'Object Repository/ADMIN/Categories/Category/image_input image'

2019-05-20 08:38:17 - [MESSAGE][PASSED] - File 'C:\\Katalon\\Image\\pic1.jpg' sent to object: 'Object Repository/ADMIN/Categories/Category/image_input image'

2019-05-20 08:38:17 - [TEST_STEP][PASSED] - waitForElementVisible: Object 'Object Repository/ADMIN/Categories/Category/button_upload check' is visible

2019-05-20 08:38:17 - [MESSAGE][WARNING] - Timeout '0' is invalid. Using default page load timeout: '30'

2019-05-20 08:38:17 - [MESSAGE][PASSED] - Object 'Object Repository/ADMIN/Categories/Category/button_upload check' is visible

2019-05-20 08:38:17 - [TEST_STEP][PASSED] - click: Object: 'Object Repository/ADMIN/Categories/Category/button_upload check' is clicked on

2019-05-20 08:38:17 - [MESSAGE][PASSED] - Object: 'Object Repository/ADMIN/Categories/Category/button_upload check' is clicked on

2019-05-20 08:38:17 - [TEST_STEP][PASSED] - click: Object: 'Object Repository/ADMIN/Categories/Category/button_upload save' is clicked on

2019-05-20 08:38:18 - [MESSAGE][PASSED] - Object: 'Object Repository/ADMIN/Categories/Category/button_upload save' is clicked on

2019-05-20 08:38:18 - [TEST_STEP][PASSED] - waitForElementVisible: Object 'Object Repository/ADMIN/Categories/Category/button_upload save' is visible

2019-05-20 08:38:18 - [MESSAGE][WARNING] - Timeout '0' is invalid. Using default page load timeout: '30'

2019-05-20 08:38:18 - [MESSAGE][PASSED] - Object 'Object Repository/ADMIN/Categories/Category/button_upload save' is visible

2019-05-20 08:38:18 - [TEST_STEP][PASSED] - setText: Text 'Description38' is set on object 'Object Repository/ADMIN/Categories/Category/textfield_category_description'

2019-05-20 08:38:18 - [MESSAGE][PASSED] - Text 'Description38' is set on object 'Object Repository/ADMIN/Categories/Category/textfield_category_description'

2019-05-20 08:38:18 - [TEST_STEP][PASSED] - click: Object: 'Object Repository/ADMIN/Categories/Category/button_Save' is clicked on

2019-05-20 08:38:18 - [MESSAGE][PASSED] - Object: 'Object Repository/ADMIN/Categories/Category/button_Save' is clicked on

2019-05-20 08:38:18 - [TEST_STEP][PASSED] - waitForElementVisible: Object 'Object Repository/ADMIN/Categories/Category/label_edit popup' is visible

2019-05-20 08:38:18 - [MESSAGE][WARNING] - Timeout '0' is invalid. Using default page load timeout: '30'

2019-05-20 08:38:19 - [MESSAGE][PASSED] - Object 'Object Repository/ADMIN/Categories/Category/label_edit popup' is visible

2019-05-20 08:38:19 - [TEST_STEP][PASSED] - waitForElementNotPresent: Web element with id: 'Object Repository/ADMIN/Categories/Category/label_edit popup' located by 'By.xpath: //div[(text() = 'Category was successfully saved.' or . = 'Category was successfully saved.')]' is not present after '30' second(s)

2019-05-20 08:38:19 - [MESSAGE][WARNING] - Timeout '0' is invalid. Using default page load timeout: '30'

2019-05-20 08:38:25 - [MESSAGE][PASSED] - Web element with id: 'Object Repository/ADMIN/Categories/Category/label_edit popup' located by 'By.xpath: //div[(text() = 'Category was successfully saved.' or . = 'Category was successfully saved.')]' is not present after '30' second(s)]]></system-out>
         <system-err><![CDATA[]]></system-err>
      </testcase>
      <testcase name="Test Cases/ADMIN/Content Mgmt/Categories/Category Add-Edit/Add Category" classname="Test Cases/ADMIN/Content Mgmt/Categories/Category Add-Edit/Add Category" status="PASSED">
         <system-out><![CDATA[2019-05-20 08:38:25 - [TEST_CASE][PASSED] - Test Cases/ADMIN/Content Mgmt/Categories/Category Add-Edit/Add Category: Test Cases/ADMIN/Content Mgmt/Categories/Category Add-Edit/Add Category

2019-05-20 08:38:25 - [TEST_STEP][PASSED] - waitForElementVisible: Object 'Object Repository/ADMIN/Categories/Category List/button_Content Mgmt' is visible

2019-05-20 08:38:25 - [MESSAGE][WARNING] - Timeout '0' is invalid. Using default page load timeout: '30'

2019-05-20 08:38:25 - [MESSAGE][PASSED] - Object 'Object Repository/ADMIN/Categories/Category List/button_Content Mgmt' is visible

2019-05-20 08:38:25 - [TEST_STEP][PASSED] - click: Object: 'Object Repository/ADMIN/Categories/Category List/button_Content Mgmt' is clicked on

2019-05-20 08:38:25 - [MESSAGE][PASSED] - Object: 'Object Repository/ADMIN/Categories/Category List/button_Content Mgmt' is clicked on

2019-05-20 08:38:25 - [TEST_STEP][PASSED] - waitForElementVisible: Object 'Object Repository/ADMIN/Categories/Category List/button_Categories' is visible

2019-05-20 08:38:25 - [MESSAGE][WARNING] - Timeout '0' is invalid. Using default page load timeout: '30'

2019-05-20 08:38:25 - [MESSAGE][PASSED] - Object 'Object Repository/ADMIN/Categories/Category List/button_Categories' is visible

2019-05-20 08:38:25 - [TEST_STEP][PASSED] - click: Object: 'Object Repository/ADMIN/Categories/Category List/button_Categories' is clicked on

2019-05-20 08:38:26 - [MESSAGE][PASSED] - Object: 'Object Repository/ADMIN/Categories/Category List/button_Categories' is clicked on

2019-05-20 08:38:26 - [TEST_STEP][PASSED] - waitForPageLoad: Wait for page load successfully

2019-05-20 08:38:26 - [MESSAGE][WARNING] - Timeout '0' is invalid. Using default page load timeout: '30'

2019-05-20 08:38:26 - [MESSAGE][PASSED] - Wait for page load successfully

2019-05-20 08:38:26 - [TEST_STEP][PASSED] - click: Object: 'Object Repository/ADMIN/Categories/Category List/button_Add a Category' is clicked on

2019-05-20 08:38:26 - [MESSAGE][PASSED] - Object: 'Object Repository/ADMIN/Categories/Category List/button_Add a Category' is clicked on

2019-05-20 08:38:26 - [TEST_STEP][PASSED] - waitForElementPresent: Object 'Object Repository/ADMIN/Categories/Category/dropdown_Parent' is present

2019-05-20 08:38:26 - [MESSAGE][PASSED] - Object 'Object Repository/ADMIN/Categories/Category/dropdown_Parent' is present

2019-05-20 08:38:26 - [TEST_STEP][PASSED] - delay: Delayed 1 second(s)

2019-05-20 08:38:27 - [MESSAGE][PASSED] - Delayed 1 second(s)

2019-05-20 08:38:27 - [TEST_STEP][PASSED] - setText: Text 'Category 3.4' is set on object 'Object Repository/ADMIN/Categories/Category/textfield_Category Name'

2019-05-20 08:38:28 - [MESSAGE][PASSED] - Text 'Category 3.4' is set on object 'Object Repository/ADMIN/Categories/Category/textfield_Category Name'

2019-05-20 08:38:28 - [TEST_STEP][PASSED] - click: Object: 'Object Repository/ADMIN/Categories/Category/dropdown_Parent' is clicked on

2019-05-20 08:38:28 - [MESSAGE][PASSED] - Object: 'Object Repository/ADMIN/Categories/Category/dropdown_Parent' is clicked on

2019-05-20 08:38:28 - [TEST_STEP][PASSED] - delay: Delayed 2 second(s)

2019-05-20 08:38:30 - [MESSAGE][PASSED] - Delayed 2 second(s)

2019-05-20 08:38:30 - [TEST_STEP][PASSED] - click: Object: 'Object Repository/ADMIN/Categories/Category/dropdown_Parent' is clicked on

2019-05-20 08:38:30 - [MESSAGE][PASSED] - Object: 'Object Repository/ADMIN/Categories/Category/dropdown_Parent' is clicked on

2019-05-20 08:38:30 - [TEST_STEP][PASSED] - selectOptionByLabel: All options with label 'Category 3' are selected in object 'Object Repository/ADMIN/Categories/Category/dropdown_Parent' 

2019-05-20 08:38:30 - [MESSAGE][PASSED] - All options with label 'Category 3' are selected in object 'Object Repository/ADMIN/Categories/Category/dropdown_Parent' 

2019-05-20 08:38:30 - [TEST_STEP][PASSED] - click: Object: 'Object Repository/ADMIN/Categories/Category/button_Browse' is clicked on

2019-05-20 08:38:30 - [MESSAGE][PASSED] - Object: 'Object Repository/ADMIN/Categories/Category/button_Browse' is clicked on

2019-05-20 08:38:30 - [TEST_STEP][PASSED] - delay: Delayed 1 second(s)

2019-05-20 08:38:31 - [MESSAGE][PASSED] - Delayed 1 second(s)

2019-05-20 08:38:31 - [TEST_STEP][PASSED] - uploadFile: File 'C:\\Katalon\\Image\\pic2.jpg' sent to object: 'Object Repository/ADMIN/Categories/Category/image_input image'

2019-05-20 08:38:31 - [MESSAGE][PASSED] - File 'C:\\Katalon\\Image\\pic2.jpg' sent to object: 'Object Repository/ADMIN/Categories/Category/image_input image'

2019-05-20 08:38:31 - [TEST_STEP][PASSED] - waitForElementVisible: Object 'Object Repository/ADMIN/Categories/Category/button_upload check' is visible

2019-05-20 08:38:31 - [MESSAGE][WARNING] - Timeout '0' is invalid. Using default page load timeout: '30'

2019-05-20 08:38:31 - [MESSAGE][PASSED] - Object 'Object Repository/ADMIN/Categories/Category/button_upload check' is visible

2019-05-20 08:38:31 - [TEST_STEP][PASSED] - click: Object: 'Object Repository/ADMIN/Categories/Category/button_upload check' is clicked on

2019-05-20 08:38:31 - [MESSAGE][PASSED] - Object: 'Object Repository/ADMIN/Categories/Category/button_upload check' is clicked on

2019-05-20 08:38:31 - [TEST_STEP][PASSED] - click: Object: 'Object Repository/ADMIN/Categories/Category/button_upload save' is clicked on

2019-05-20 08:38:31 - [MESSAGE][PASSED] - Object: 'Object Repository/ADMIN/Categories/Category/button_upload save' is clicked on

2019-05-20 08:38:31 - [TEST_STEP][PASSED] - waitForElementVisible: Object 'Object Repository/ADMIN/Categories/Category/button_upload save' is visible

2019-05-20 08:38:31 - [MESSAGE][WARNING] - Timeout '0' is invalid. Using default page load timeout: '30'

2019-05-20 08:38:31 - [MESSAGE][PASSED] - Object 'Object Repository/ADMIN/Categories/Category/button_upload save' is visible

2019-05-20 08:38:31 - [TEST_STEP][PASSED] - setText: Text 'Description39' is set on object 'Object Repository/ADMIN/Categories/Category/textfield_category_description'

2019-05-20 08:38:32 - [MESSAGE][PASSED] - Text 'Description39' is set on object 'Object Repository/ADMIN/Categories/Category/textfield_category_description'

2019-05-20 08:38:32 - [TEST_STEP][PASSED] - click: Object: 'Object Repository/ADMIN/Categories/Category/button_Save' is clicked on

2019-05-20 08:38:32 - [MESSAGE][PASSED] - Object: 'Object Repository/ADMIN/Categories/Category/button_Save' is clicked on

2019-05-20 08:38:32 - [TEST_STEP][PASSED] - waitForElementVisible: Object 'Object Repository/ADMIN/Categories/Category/label_edit popup' is visible

2019-05-20 08:38:32 - [MESSAGE][WARNING] - Timeout '0' is invalid. Using default page load timeout: '30'

2019-05-20 08:38:33 - [MESSAGE][PASSED] - Object 'Object Repository/ADMIN/Categories/Category/label_edit popup' is visible

2019-05-20 08:38:33 - [TEST_STEP][PASSED] - waitForElementNotPresent: Web element with id: 'Object Repository/ADMIN/Categories/Category/label_edit popup' located by 'By.xpath: //div[(text() = 'Category was successfully saved.' or . = 'Category was successfully saved.')]' is not present after '30' second(s)

2019-05-20 08:38:33 - [MESSAGE][WARNING] - Timeout '0' is invalid. Using default page load timeout: '30'

2019-05-20 08:38:38 - [MESSAGE][PASSED] - Web element with id: 'Object Repository/ADMIN/Categories/Category/label_edit popup' located by 'By.xpath: //div[(text() = 'Category was successfully saved.' or . = 'Category was successfully saved.')]' is not present after '30' second(s)]]></system-out>
         <system-err><![CDATA[]]></system-err>
      </testcase>
      <testcase name="Test Cases/ADMIN/Content Mgmt/Categories/Category Add-Edit/Add Category" classname="Test Cases/ADMIN/Content Mgmt/Categories/Category Add-Edit/Add Category" status="FAILED">
         <failure type="FAILED" message="Unable to click on object 'Object Repository/ADMIN/Categories/Category List/button_Categories' (Root cause: org.openqa.selenium.ElementNotVisibleException: element not visible
  (Session info: chrome=74.0.3729.157)
  (Driver info: chromedriver=2.35.528161 (5b82f2d2aae0ca24b877009200ced9065a772e73),platform=Windows NT 6.1.7601 SP1 x86_64) (WARNING: The server did not provide any stacktrace information)
Command duration or timeout: 0 milliseconds
Build info: version: '3.7.1', revision: '8a0099a', time: '2017-11-06T21:07:36.161Z'
System info: host: 'ARCADIER-PC', ip: '10.10.31.95', os.name: 'Windows 7', os.arch: 'amd64', os.version: '6.1', java.version: '1.8.0_102'
Driver info: com.kms.katalon.core.webui.driver.ExistingRemoteWebDriver
Capabilities {javascriptEnabled: true, platform: ANY, platformName: ANY}
Session ID: 2609dc86013a09d8daebbf33ac0c67a9)"/>
         <system-out><![CDATA[2019-05-20 08:38:38 - [TEST_CASE][FAILED] - Test Cases/ADMIN/Content Mgmt/Categories/Category Add-Edit/Add Category: Test Cases/ADMIN/Content Mgmt/Categories/Category Add-Edit/Add Category FAILED because (of) Unable to click on object 'Object Repository/ADMIN/Categories/Category List/button_Categories' (Root cause: org.openqa.selenium.ElementNotVisibleException: element not visible
  (Session info: chrome=74.0.3729.157)
  (Driver info: chromedriver=2.35.528161 (5b82f2d2aae0ca24b877009200ced9065a772e73),platform=Windows NT 6.1.7601 SP1 x86_64) (WARNING: The server did not provide any stacktrace information)
Command duration or timeout: 0 milliseconds
Build info: version: '3.7.1', revision: '8a0099a', time: '2017-11-06T21:07:36.161Z'
System info: host: 'ARCADIER-PC', ip: '10.10.31.95', os.name: 'Windows 7', os.arch: 'amd64', os.version: '6.1', java.version: '1.8.0_102'
Driver info: com.kms.katalon.core.webui.driver.ExistingRemoteWebDriver
Capabilities {javascriptEnabled: true, platform: ANY, platformName: ANY}
Session ID: 2609dc86013a09d8daebbf33ac0c67a9)

2019-05-20 08:38:38 - [TEST_STEP][PASSED] - waitForElementVisible: Object 'Object Repository/ADMIN/Categories/Category List/button_Content Mgmt' is visible

2019-05-20 08:38:38 - [MESSAGE][WARNING] - Timeout '0' is invalid. Using default page load timeout: '30'

2019-05-20 08:38:38 - [MESSAGE][PASSED] - Object 'Object Repository/ADMIN/Categories/Category List/button_Content Mgmt' is visible

2019-05-20 08:38:38 - [TEST_STEP][PASSED] - click: Object: 'Object Repository/ADMIN/Categories/Category List/button_Content Mgmt' is clicked on

2019-05-20 08:38:39 - [MESSAGE][PASSED] - Object: 'Object Repository/ADMIN/Categories/Category List/button_Content Mgmt' is clicked on

2019-05-20 08:38:39 - [TEST_STEP][PASSED] - waitForElementVisible: Object 'Object Repository/ADMIN/Categories/Category List/button_Categories' is visible

2019-05-20 08:38:39 - [MESSAGE][WARNING] - Timeout '0' is invalid. Using default page load timeout: '30'

2019-05-20 08:38:39 - [MESSAGE][PASSED] - Object 'Object Repository/ADMIN/Categories/Category List/button_Categories' is visible

2019-05-20 08:38:39 - [TEST_STEP][FAILED] - click: Unable to click on object 'Object Repository/ADMIN/Categories/Category List/button_Categories' (Root cause: org.openqa.selenium.ElementNotVisibleException: element not visible
  (Session info: chrome=74.0.3729.157)
  (Driver info: chromedriver=2.35.528161 (5b82f2d2aae0ca24b877009200ced9065a772e73),platform=Windows NT 6.1.7601 SP1 x86_64) (WARNING: The server did not provide any stacktrace information)
Command duration or timeout: 0 milliseconds
Build info: version: '3.7.1', revision: '8a0099a', time: '2017-11-06T21:07:36.161Z'
System info: host: 'ARCADIER-PC', ip: '10.10.31.95', os.name: 'Windows 7', os.arch: 'amd64', os.version: '6.1', java.version: '1.8.0_102'
Driver info: com.kms.katalon.core.webui.driver.ExistingRemoteWebDriver
Capabilities {javascriptEnabled: true, platform: ANY, platformName: ANY}
Session ID: 2609dc86013a09d8daebbf33ac0c67a9)

2019-05-20 08:38:40 - [MESSAGE][FAILED] - Unable to click on object 'Object Repository/ADMIN/Categories/Category List/button_Categories' (Root cause: org.openqa.selenium.ElementNotVisibleException: element not visible
  (Session info: chrome=74.0.3729.157)
  (Driver info: chromedriver=2.35.528161 (5b82f2d2aae0ca24b877009200ced9065a772e73),platform=Windows NT 6.1.7601 SP1 x86_64) (WARNING: The server did not provide any stacktrace information)
Command duration or timeout: 0 milliseconds
Build info: version: '3.7.1', revision: '8a0099a', time: '2017-11-06T21:07:36.161Z'
System info: host: 'ARCADIER-PC', ip: '10.10.31.95', os.name: 'Windows 7', os.arch: 'amd64', os.version: '6.1', java.version: '1.8.0_102'
Driver info: com.kms.katalon.core.webui.driver.ExistingRemoteWebDriver
Capabilities {javascriptEnabled: true, platform: ANY, platformName: ANY}
Session ID: 2609dc86013a09d8daebbf33ac0c67a9)
[[ATTACHMENT|C:\\Users\\Arcadier\\git\\Arctick\\Reports\\Suites\\Admin Add Category\\20190520_082941\\1558312719526.png]]

2019-05-20 08:38:40 - [TEST_STEP][PASSED] - waitForPageLoad: Wait for page load successfully

2019-05-20 08:38:40 - [MESSAGE][WARNING] - Timeout '0' is invalid. Using default page load timeout: '30'

2019-05-20 08:38:40 - [MESSAGE][PASSED] - Wait for page load successfully

2019-05-20 08:38:40 - [TEST_STEP][PASSED] - click: Object: 'Object Repository/ADMIN/Categories/Category List/button_Add a Category' is clicked on

2019-05-20 08:38:40 - [MESSAGE][PASSED] - Object: 'Object Repository/ADMIN/Categories/Category List/button_Add a Category' is clicked on

2019-05-20 08:38:40 - [TEST_STEP][PASSED] - waitForElementPresent: Object 'Object Repository/ADMIN/Categories/Category/dropdown_Parent' is present

2019-05-20 08:38:40 - [MESSAGE][PASSED] - Object 'Object Repository/ADMIN/Categories/Category/dropdown_Parent' is present

2019-05-20 08:38:40 - [TEST_STEP][PASSED] - delay: Delayed 1 second(s)

2019-05-20 08:38:41 - [MESSAGE][PASSED] - Delayed 1 second(s)

2019-05-20 08:38:41 - [TEST_STEP][PASSED] - setText: Text 'Category 3.5' is set on object 'Object Repository/ADMIN/Categories/Category/textfield_Category Name'

2019-05-20 08:38:41 - [MESSAGE][PASSED] - Text 'Category 3.5' is set on object 'Object Repository/ADMIN/Categories/Category/textfield_Category Name'

2019-05-20 08:38:41 - [TEST_STEP][PASSED] - click: Object: 'Object Repository/ADMIN/Categories/Category/dropdown_Parent' is clicked on

2019-05-20 08:38:41 - [MESSAGE][PASSED] - Object: 'Object Repository/ADMIN/Categories/Category/dropdown_Parent' is clicked on

2019-05-20 08:38:41 - [TEST_STEP][PASSED] - delay: Delayed 2 second(s)

2019-05-20 08:38:43 - [MESSAGE][PASSED] - Delayed 2 second(s)

2019-05-20 08:38:43 - [TEST_STEP][PASSED] - click: Object: 'Object Repository/ADMIN/Categories/Category/dropdown_Parent' is clicked on

2019-05-20 08:38:44 - [MESSAGE][PASSED] - Object: 'Object Repository/ADMIN/Categories/Category/dropdown_Parent' is clicked on

2019-05-20 08:38:44 - [TEST_STEP][PASSED] - selectOptionByLabel: All options with label 'Category 3' are selected in object 'Object Repository/ADMIN/Categories/Category/dropdown_Parent' 

2019-05-20 08:38:44 - [MESSAGE][PASSED] - All options with label 'Category 3' are selected in object 'Object Repository/ADMIN/Categories/Category/dropdown_Parent' 

2019-05-20 08:38:44 - [TEST_STEP][PASSED] - click: Object: 'Object Repository/ADMIN/Categories/Category/button_Browse' is clicked on

2019-05-20 08:38:44 - [MESSAGE][PASSED] - Object: 'Object Repository/ADMIN/Categories/Category/button_Browse' is clicked on

2019-05-20 08:38:44 - [TEST_STEP][PASSED] - delay: Delayed 1 second(s)

2019-05-20 08:38:45 - [MESSAGE][PASSED] - Delayed 1 second(s)

2019-05-20 08:38:45 - [TEST_STEP][PASSED] - uploadFile: File 'C:\\Katalon\\Image\\pic3.jpg' sent to object: 'Object Repository/ADMIN/Categories/Category/image_input image'

2019-05-20 08:38:45 - [MESSAGE][PASSED] - File 'C:\\Katalon\\Image\\pic3.jpg' sent to object: 'Object Repository/ADMIN/Categories/Category/image_input image'

2019-05-20 08:38:45 - [TEST_STEP][PASSED] - waitForElementVisible: Object 'Object Repository/ADMIN/Categories/Category/button_upload check' is visible

2019-05-20 08:38:45 - [MESSAGE][WARNING] - Timeout '0' is invalid. Using default page load timeout: '30'

2019-05-20 08:38:45 - [MESSAGE][PASSED] - Object 'Object Repository/ADMIN/Categories/Category/button_upload check' is visible

2019-05-20 08:38:45 - [TEST_STEP][PASSED] - click: Object: 'Object Repository/ADMIN/Categories/Category/button_upload check' is clicked on

2019-05-20 08:38:45 - [MESSAGE][PASSED] - Object: 'Object Repository/ADMIN/Categories/Category/button_upload check' is clicked on

2019-05-20 08:38:45 - [TEST_STEP][PASSED] - click: Object: 'Object Repository/ADMIN/Categories/Category/button_upload save' is clicked on

2019-05-20 08:38:45 - [MESSAGE][PASSED] - Object: 'Object Repository/ADMIN/Categories/Category/button_upload save' is clicked on

2019-05-20 08:38:45 - [TEST_STEP][PASSED] - waitForElementVisible: Object 'Object Repository/ADMIN/Categories/Category/button_upload save' is visible

2019-05-20 08:38:45 - [MESSAGE][WARNING] - Timeout '0' is invalid. Using default page load timeout: '30'

2019-05-20 08:38:45 - [MESSAGE][PASSED] - Object 'Object Repository/ADMIN/Categories/Category/button_upload save' is visible

2019-05-20 08:38:45 - [TEST_STEP][PASSED] - setText: Text 'Description40' is set on object 'Object Repository/ADMIN/Categories/Category/textfield_category_description'

2019-05-20 08:38:46 - [MESSAGE][PASSED] - Text 'Description40' is set on object 'Object Repository/ADMIN/Categories/Category/textfield_category_description'

2019-05-20 08:38:46 - [TEST_STEP][PASSED] - click: Object: 'Object Repository/ADMIN/Categories/Category/button_Save' is clicked on

2019-05-20 08:38:46 - [MESSAGE][PASSED] - Object: 'Object Repository/ADMIN/Categories/Category/button_Save' is clicked on

2019-05-20 08:38:46 - [TEST_STEP][PASSED] - waitForElementVisible: Object 'Object Repository/ADMIN/Categories/Category/label_edit popup' is visible

2019-05-20 08:38:46 - [MESSAGE][WARNING] - Timeout '0' is invalid. Using default page load timeout: '30'

2019-05-20 08:38:47 - [MESSAGE][PASSED] - Object 'Object Repository/ADMIN/Categories/Category/label_edit popup' is visible

2019-05-20 08:38:47 - [TEST_STEP][PASSED] - waitForElementNotPresent: Web element with id: 'Object Repository/ADMIN/Categories/Category/label_edit popup' located by 'By.xpath: //div[(text() = 'Category was successfully saved.' or . = 'Category was successfully saved.')]' is not present after '30' second(s)

2019-05-20 08:38:47 - [MESSAGE][WARNING] - Timeout '0' is invalid. Using default page load timeout: '30'

2019-05-20 08:38:53 - [MESSAGE][PASSED] - Web element with id: 'Object Repository/ADMIN/Categories/Category/label_edit popup' located by 'By.xpath: //div[(text() = 'Category was successfully saved.' or . = 'Category was successfully saved.')]' is not present after '30' second(s)]]></system-out>
         <system-err><![CDATA[2019-05-20 08:38:38 - [TEST_CASE][FAILED] - Test Cases/ADMIN/Content Mgmt/Categories/Category Add-Edit/Add Category: Test Cases/ADMIN/Content Mgmt/Categories/Category Add-Edit/Add Category FAILED because (of) Unable to click on object 'Object Repository/ADMIN/Categories/Category List/button_Categories' (Root cause: org.openqa.selenium.ElementNotVisibleException: element not visible
  (Session info: chrome=74.0.3729.157)
  (Driver info: chromedriver=2.35.528161 (5b82f2d2aae0ca24b877009200ced9065a772e73),platform=Windows NT 6.1.7601 SP1 x86_64) (WARNING: The server did not provide any stacktrace information)
Command duration or timeout: 0 milliseconds
Build info: version: '3.7.1', revision: '8a0099a', time: '2017-11-06T21:07:36.161Z'
System info: host: 'ARCADIER-PC', ip: '10.10.31.95', os.name: 'Windows 7', os.arch: 'amd64', os.version: '6.1', java.version: '1.8.0_102'
Driver info: com.kms.katalon.core.webui.driver.ExistingRemoteWebDriver
Capabilities {javascriptEnabled: true, platform: ANY, platformName: ANY}
Session ID: 2609dc86013a09d8daebbf33ac0c67a9)]]></system-err>
      </testcase>
      <testcase name="Test Cases/ADMIN/Content Mgmt/Categories/Category Add-Edit/Add Category" classname="Test Cases/ADMIN/Content Mgmt/Categories/Category Add-Edit/Add Category" status="FAILED">
         <failure type="FAILED" message="Unable to click on object 'Object Repository/ADMIN/Categories/Category List/button_Categories' (Root cause: org.openqa.selenium.ElementNotVisibleException: element not visible
  (Session info: chrome=74.0.3729.157)
  (Driver info: chromedriver=2.35.528161 (5b82f2d2aae0ca24b877009200ced9065a772e73),platform=Windows NT 6.1.7601 SP1 x86_64) (WARNING: The server did not provide any stacktrace information)
Command duration or timeout: 0 milliseconds
Build info: version: '3.7.1', revision: '8a0099a', time: '2017-11-06T21:07:36.161Z'
System info: host: 'ARCADIER-PC', ip: '10.10.31.95', os.name: 'Windows 7', os.arch: 'amd64', os.version: '6.1', java.version: '1.8.0_102'
Driver info: com.kms.katalon.core.webui.driver.ExistingRemoteWebDriver
Capabilities {javascriptEnabled: true, platform: ANY, platformName: ANY}
Session ID: 2609dc86013a09d8daebbf33ac0c67a9)"/>
         <system-out><![CDATA[2019-05-20 08:38:53 - [TEST_CASE][FAILED] - Test Cases/ADMIN/Content Mgmt/Categories/Category Add-Edit/Add Category: Test Cases/ADMIN/Content Mgmt/Categories/Category Add-Edit/Add Category FAILED because (of) Unable to click on object 'Object Repository/ADMIN/Categories/Category List/button_Categories' (Root cause: org.openqa.selenium.ElementNotVisibleException: element not visible
  (Session info: chrome=74.0.3729.157)
  (Driver info: chromedriver=2.35.528161 (5b82f2d2aae0ca24b877009200ced9065a772e73),platform=Windows NT 6.1.7601 SP1 x86_64) (WARNING: The server did not provide any stacktrace information)
Command duration or timeout: 0 milliseconds
Build info: version: '3.7.1', revision: '8a0099a', time: '2017-11-06T21:07:36.161Z'
System info: host: 'ARCADIER-PC', ip: '10.10.31.95', os.name: 'Windows 7', os.arch: 'amd64', os.version: '6.1', java.version: '1.8.0_102'
Driver info: com.kms.katalon.core.webui.driver.ExistingRemoteWebDriver
Capabilities {javascriptEnabled: true, platform: ANY, platformName: ANY}
Session ID: 2609dc86013a09d8daebbf33ac0c67a9)

2019-05-20 08:38:53 - [TEST_STEP][PASSED] - waitForElementVisible: Object 'Object Repository/ADMIN/Categories/Category List/button_Content Mgmt' is visible

2019-05-20 08:38:53 - [MESSAGE][WARNING] - Timeout '0' is invalid. Using default page load timeout: '30'

2019-05-20 08:38:53 - [MESSAGE][PASSED] - Object 'Object Repository/ADMIN/Categories/Category List/button_Content Mgmt' is visible

2019-05-20 08:38:53 - [TEST_STEP][PASSED] - click: Object: 'Object Repository/ADMIN/Categories/Category List/button_Content Mgmt' is clicked on

2019-05-20 08:38:53 - [MESSAGE][PASSED] - Object: 'Object Repository/ADMIN/Categories/Category List/button_Content Mgmt' is clicked on

2019-05-20 08:38:53 - [TEST_STEP][PASSED] - waitForElementVisible: Object 'Object Repository/ADMIN/Categories/Category List/button_Categories' is visible

2019-05-20 08:38:53 - [MESSAGE][WARNING] - Timeout '0' is invalid. Using default page load timeout: '30'

2019-05-20 08:38:53 - [MESSAGE][PASSED] - Object 'Object Repository/ADMIN/Categories/Category List/button_Categories' is visible

2019-05-20 08:38:53 - [TEST_STEP][FAILED] - click: Unable to click on object 'Object Repository/ADMIN/Categories/Category List/button_Categories' (Root cause: org.openqa.selenium.ElementNotVisibleException: element not visible
  (Session info: chrome=74.0.3729.157)
  (Driver info: chromedriver=2.35.528161 (5b82f2d2aae0ca24b877009200ced9065a772e73),platform=Windows NT 6.1.7601 SP1 x86_64) (WARNING: The server did not provide any stacktrace information)
Command duration or timeout: 0 milliseconds
Build info: version: '3.7.1', revision: '8a0099a', time: '2017-11-06T21:07:36.161Z'
System info: host: 'ARCADIER-PC', ip: '10.10.31.95', os.name: 'Windows 7', os.arch: 'amd64', os.version: '6.1', java.version: '1.8.0_102'
Driver info: com.kms.katalon.core.webui.driver.ExistingRemoteWebDriver
Capabilities {javascriptEnabled: true, platform: ANY, platformName: ANY}
Session ID: 2609dc86013a09d8daebbf33ac0c67a9)

2019-05-20 08:38:54 - [MESSAGE][FAILED] - Unable to click on object 'Object Repository/ADMIN/Categories/Category List/button_Categories' (Root cause: org.openqa.selenium.ElementNotVisibleException: element not visible
  (Session info: chrome=74.0.3729.157)
  (Driver info: chromedriver=2.35.528161 (5b82f2d2aae0ca24b877009200ced9065a772e73),platform=Windows NT 6.1.7601 SP1 x86_64) (WARNING: The server did not provide any stacktrace information)
Command duration or timeout: 0 milliseconds
Build info: version: '3.7.1', revision: '8a0099a', time: '2017-11-06T21:07:36.161Z'
System info: host: 'ARCADIER-PC', ip: '10.10.31.95', os.name: 'Windows 7', os.arch: 'amd64', os.version: '6.1', java.version: '1.8.0_102'
Driver info: com.kms.katalon.core.webui.driver.ExistingRemoteWebDriver
Capabilities {javascriptEnabled: true, platform: ANY, platformName: ANY}
Session ID: 2609dc86013a09d8daebbf33ac0c67a9)
[[ATTACHMENT|C:\\Users\\Arcadier\\git\\Arctick\\Reports\\Suites\\Admin Add Category\\20190520_082941\\1558312733946.png]]

2019-05-20 08:38:54 - [TEST_STEP][PASSED] - waitForPageLoad: Wait for page load successfully

2019-05-20 08:38:54 - [MESSAGE][WARNING] - Timeout '0' is invalid. Using default page load timeout: '30'

2019-05-20 08:38:54 - [MESSAGE][PASSED] - Wait for page load successfully

2019-05-20 08:38:54 - [TEST_STEP][PASSED] - click: Object: 'Object Repository/ADMIN/Categories/Category List/button_Add a Category' is clicked on

2019-05-20 08:38:54 - [MESSAGE][PASSED] - Object: 'Object Repository/ADMIN/Categories/Category List/button_Add a Category' is clicked on

2019-05-20 08:38:54 - [TEST_STEP][PASSED] - waitForElementPresent: Object 'Object Repository/ADMIN/Categories/Category/dropdown_Parent' is present

2019-05-20 08:38:54 - [MESSAGE][PASSED] - Object 'Object Repository/ADMIN/Categories/Category/dropdown_Parent' is present

2019-05-20 08:38:54 - [TEST_STEP][PASSED] - delay: Delayed 1 second(s)

2019-05-20 08:38:55 - [MESSAGE][PASSED] - Delayed 1 second(s)

2019-05-20 08:38:55 - [TEST_STEP][PASSED] - setText: Text 'Category 3.5.1' is set on object 'Object Repository/ADMIN/Categories/Category/textfield_Category Name'

2019-05-20 08:38:55 - [MESSAGE][PASSED] - Text 'Category 3.5.1' is set on object 'Object Repository/ADMIN/Categories/Category/textfield_Category Name'

2019-05-20 08:38:55 - [TEST_STEP][PASSED] - click: Object: 'Object Repository/ADMIN/Categories/Category/dropdown_Parent' is clicked on

2019-05-20 08:38:55 - [MESSAGE][PASSED] - Object: 'Object Repository/ADMIN/Categories/Category/dropdown_Parent' is clicked on

2019-05-20 08:38:55 - [TEST_STEP][PASSED] - delay: Delayed 2 second(s)

2019-05-20 08:38:57 - [MESSAGE][PASSED] - Delayed 2 second(s)

2019-05-20 08:38:57 - [TEST_STEP][PASSED] - click: Object: 'Object Repository/ADMIN/Categories/Category/dropdown_Parent' is clicked on

2019-05-20 08:38:57 - [MESSAGE][PASSED] - Object: 'Object Repository/ADMIN/Categories/Category/dropdown_Parent' is clicked on

2019-05-20 08:38:57 - [TEST_STEP][PASSED] - selectOptionByLabel: All options with label 'Category 3.5' are selected in object 'Object Repository/ADMIN/Categories/Category/dropdown_Parent' 

2019-05-20 08:38:58 - [MESSAGE][PASSED] - All options with label 'Category 3.5' are selected in object 'Object Repository/ADMIN/Categories/Category/dropdown_Parent' 

2019-05-20 08:38:58 - [TEST_STEP][PASSED] - click: Object: 'Object Repository/ADMIN/Categories/Category/button_Browse' is clicked on

2019-05-20 08:38:58 - [MESSAGE][PASSED] - Object: 'Object Repository/ADMIN/Categories/Category/button_Browse' is clicked on

2019-05-20 08:38:58 - [TEST_STEP][PASSED] - delay: Delayed 1 second(s)

2019-05-20 08:38:59 - [MESSAGE][PASSED] - Delayed 1 second(s)

2019-05-20 08:38:59 - [TEST_STEP][PASSED] - uploadFile: File 'C:\\Katalon\\Image\\pic4.jpg' sent to object: 'Object Repository/ADMIN/Categories/Category/image_input image'

2019-05-20 08:38:59 - [MESSAGE][PASSED] - File 'C:\\Katalon\\Image\\pic4.jpg' sent to object: 'Object Repository/ADMIN/Categories/Category/image_input image'

2019-05-20 08:38:59 - [TEST_STEP][PASSED] - waitForElementVisible: Object 'Object Repository/ADMIN/Categories/Category/button_upload check' is visible

2019-05-20 08:38:59 - [MESSAGE][WARNING] - Timeout '0' is invalid. Using default page load timeout: '30'

2019-05-20 08:38:59 - [MESSAGE][PASSED] - Object 'Object Repository/ADMIN/Categories/Category/button_upload check' is visible

2019-05-20 08:38:59 - [TEST_STEP][PASSED] - click: Object: 'Object Repository/ADMIN/Categories/Category/button_upload check' is clicked on

2019-05-20 08:38:59 - [MESSAGE][PASSED] - Object: 'Object Repository/ADMIN/Categories/Category/button_upload check' is clicked on

2019-05-20 08:38:59 - [TEST_STEP][PASSED] - click: Object: 'Object Repository/ADMIN/Categories/Category/button_upload save' is clicked on

2019-05-20 08:38:59 - [MESSAGE][PASSED] - Object: 'Object Repository/ADMIN/Categories/Category/button_upload save' is clicked on

2019-05-20 08:38:59 - [TEST_STEP][PASSED] - waitForElementVisible: Object 'Object Repository/ADMIN/Categories/Category/button_upload save' is visible

2019-05-20 08:38:59 - [MESSAGE][WARNING] - Timeout '0' is invalid. Using default page load timeout: '30'

2019-05-20 08:38:59 - [MESSAGE][PASSED] - Object 'Object Repository/ADMIN/Categories/Category/button_upload save' is visible

2019-05-20 08:38:59 - [TEST_STEP][PASSED] - setText: Text 'Description41' is set on object 'Object Repository/ADMIN/Categories/Category/textfield_category_description'

2019-05-20 08:38:59 - [MESSAGE][PASSED] - Text 'Description41' is set on object 'Object Repository/ADMIN/Categories/Category/textfield_category_description'

2019-05-20 08:38:59 - [TEST_STEP][PASSED] - click: Object: 'Object Repository/ADMIN/Categories/Category/button_Save' is clicked on

2019-05-20 08:38:59 - [MESSAGE][PASSED] - Object: 'Object Repository/ADMIN/Categories/Category/button_Save' is clicked on

2019-05-20 08:38:59 - [TEST_STEP][PASSED] - waitForElementVisible: Object 'Object Repository/ADMIN/Categories/Category/label_edit popup' is visible

2019-05-20 08:38:59 - [MESSAGE][WARNING] - Timeout '0' is invalid. Using default page load timeout: '30'

2019-05-20 08:39:00 - [MESSAGE][PASSED] - Object 'Object Repository/ADMIN/Categories/Category/label_edit popup' is visible

2019-05-20 08:39:00 - [TEST_STEP][PASSED] - waitForElementNotPresent: Web element with id: 'Object Repository/ADMIN/Categories/Category/label_edit popup' located by 'By.xpath: //div[(text() = 'Category was successfully saved.' or . = 'Category was successfully saved.')]' is not present after '30' second(s)

2019-05-20 08:39:00 - [MESSAGE][WARNING] - Timeout '0' is invalid. Using default page load timeout: '30'

2019-05-20 08:39:06 - [MESSAGE][PASSED] - Web element with id: 'Object Repository/ADMIN/Categories/Category/label_edit popup' located by 'By.xpath: //div[(text() = 'Category was successfully saved.' or . = 'Category was successfully saved.')]' is not present after '30' second(s)]]></system-out>
         <system-err><![CDATA[2019-05-20 08:38:53 - [TEST_CASE][FAILED] - Test Cases/ADMIN/Content Mgmt/Categories/Category Add-Edit/Add Category: Test Cases/ADMIN/Content Mgmt/Categories/Category Add-Edit/Add Category FAILED because (of) Unable to click on object 'Object Repository/ADMIN/Categories/Category List/button_Categories' (Root cause: org.openqa.selenium.ElementNotVisibleException: element not visible
  (Session info: chrome=74.0.3729.157)
  (Driver info: chromedriver=2.35.528161 (5b82f2d2aae0ca24b877009200ced9065a772e73),platform=Windows NT 6.1.7601 SP1 x86_64) (WARNING: The server did not provide any stacktrace information)
Command duration or timeout: 0 milliseconds
Build info: version: '3.7.1', revision: '8a0099a', time: '2017-11-06T21:07:36.161Z'
System info: host: 'ARCADIER-PC', ip: '10.10.31.95', os.name: 'Windows 7', os.arch: 'amd64', os.version: '6.1', java.version: '1.8.0_102'
Driver info: com.kms.katalon.core.webui.driver.ExistingRemoteWebDriver
Capabilities {javascriptEnabled: true, platform: ANY, platformName: ANY}
Session ID: 2609dc86013a09d8daebbf33ac0c67a9)]]></system-err>
      </testcase>
      <testcase name="Test Cases/ADMIN/Content Mgmt/Categories/Category Add-Edit/Add Category" classname="Test Cases/ADMIN/Content Mgmt/Categories/Category Add-Edit/Add Category" status="PASSED">
         <system-out><![CDATA[2019-05-20 08:39:06 - [TEST_CASE][PASSED] - Test Cases/ADMIN/Content Mgmt/Categories/Category Add-Edit/Add Category: Test Cases/ADMIN/Content Mgmt/Categories/Category Add-Edit/Add Category

2019-05-20 08:39:06 - [TEST_STEP][PASSED] - waitForElementVisible: Object 'Object Repository/ADMIN/Categories/Category List/button_Content Mgmt' is visible

2019-05-20 08:39:06 - [MESSAGE][WARNING] - Timeout '0' is invalid. Using default page load timeout: '30'

2019-05-20 08:39:06 - [MESSAGE][PASSED] - Object 'Object Repository/ADMIN/Categories/Category List/button_Content Mgmt' is visible

2019-05-20 08:39:06 - [TEST_STEP][PASSED] - click: Object: 'Object Repository/ADMIN/Categories/Category List/button_Content Mgmt' is clicked on

2019-05-20 08:39:06 - [MESSAGE][PASSED] - Object: 'Object Repository/ADMIN/Categories/Category List/button_Content Mgmt' is clicked on

2019-05-20 08:39:06 - [TEST_STEP][PASSED] - waitForElementVisible: Object 'Object Repository/ADMIN/Categories/Category List/button_Categories' is visible

2019-05-20 08:39:06 - [MESSAGE][WARNING] - Timeout '0' is invalid. Using default page load timeout: '30'

2019-05-20 08:39:06 - [MESSAGE][PASSED] - Object 'Object Repository/ADMIN/Categories/Category List/button_Categories' is visible

2019-05-20 08:39:06 - [TEST_STEP][PASSED] - click: Object: 'Object Repository/ADMIN/Categories/Category List/button_Categories' is clicked on

2019-05-20 08:39:06 - [MESSAGE][PASSED] - Object: 'Object Repository/ADMIN/Categories/Category List/button_Categories' is clicked on

2019-05-20 08:39:06 - [TEST_STEP][PASSED] - waitForPageLoad: Wait for page load successfully

2019-05-20 08:39:06 - [MESSAGE][WARNING] - Timeout '0' is invalid. Using default page load timeout: '30'

2019-05-20 08:39:07 - [MESSAGE][PASSED] - Wait for page load successfully

2019-05-20 08:39:07 - [TEST_STEP][PASSED] - click: Object: 'Object Repository/ADMIN/Categories/Category List/button_Add a Category' is clicked on

2019-05-20 08:39:07 - [MESSAGE][PASSED] - Object: 'Object Repository/ADMIN/Categories/Category List/button_Add a Category' is clicked on

2019-05-20 08:39:07 - [TEST_STEP][PASSED] - waitForElementPresent: Object 'Object Repository/ADMIN/Categories/Category/dropdown_Parent' is present

2019-05-20 08:39:07 - [MESSAGE][PASSED] - Object 'Object Repository/ADMIN/Categories/Category/dropdown_Parent' is present

2019-05-20 08:39:07 - [TEST_STEP][PASSED] - delay: Delayed 1 second(s)

2019-05-20 08:39:08 - [MESSAGE][PASSED] - Delayed 1 second(s)

2019-05-20 08:39:08 - [TEST_STEP][PASSED] - setText: Text 'Category 3.5.2' is set on object 'Object Repository/ADMIN/Categories/Category/textfield_Category Name'

2019-05-20 08:39:09 - [MESSAGE][PASSED] - Text 'Category 3.5.2' is set on object 'Object Repository/ADMIN/Categories/Category/textfield_Category Name'

2019-05-20 08:39:09 - [TEST_STEP][PASSED] - click: Object: 'Object Repository/ADMIN/Categories/Category/dropdown_Parent' is clicked on

2019-05-20 08:39:09 - [MESSAGE][PASSED] - Object: 'Object Repository/ADMIN/Categories/Category/dropdown_Parent' is clicked on

2019-05-20 08:39:09 - [TEST_STEP][PASSED] - delay: Delayed 2 second(s)

2019-05-20 08:39:11 - [MESSAGE][PASSED] - Delayed 2 second(s)

2019-05-20 08:39:11 - [TEST_STEP][PASSED] - click: Object: 'Object Repository/ADMIN/Categories/Category/dropdown_Parent' is clicked on

2019-05-20 08:39:11 - [MESSAGE][PASSED] - Object: 'Object Repository/ADMIN/Categories/Category/dropdown_Parent' is clicked on

2019-05-20 08:39:11 - [TEST_STEP][PASSED] - selectOptionByLabel: All options with label 'Category 3.5' are selected in object 'Object Repository/ADMIN/Categories/Category/dropdown_Parent' 

2019-05-20 08:39:11 - [MESSAGE][PASSED] - All options with label 'Category 3.5' are selected in object 'Object Repository/ADMIN/Categories/Category/dropdown_Parent' 

2019-05-20 08:39:11 - [TEST_STEP][PASSED] - click: Object: 'Object Repository/ADMIN/Categories/Category/button_Browse' is clicked on

2019-05-20 08:39:11 - [MESSAGE][PASSED] - Object: 'Object Repository/ADMIN/Categories/Category/button_Browse' is clicked on

2019-05-20 08:39:11 - [TEST_STEP][PASSED] - delay: Delayed 1 second(s)

2019-05-20 08:39:12 - [MESSAGE][PASSED] - Delayed 1 second(s)

2019-05-20 08:39:12 - [TEST_STEP][PASSED] - uploadFile: File 'C:\\Katalon\\Image\\pic5.jpg' sent to object: 'Object Repository/ADMIN/Categories/Category/image_input image'

2019-05-20 08:39:13 - [MESSAGE][PASSED] - File 'C:\\Katalon\\Image\\pic5.jpg' sent to object: 'Object Repository/ADMIN/Categories/Category/image_input image'

2019-05-20 08:39:13 - [TEST_STEP][PASSED] - waitForElementVisible: Object 'Object Repository/ADMIN/Categories/Category/button_upload check' is visible

2019-05-20 08:39:13 - [MESSAGE][WARNING] - Timeout '0' is invalid. Using default page load timeout: '30'

2019-05-20 08:39:13 - [MESSAGE][PASSED] - Object 'Object Repository/ADMIN/Categories/Category/button_upload check' is visible

2019-05-20 08:39:13 - [TEST_STEP][PASSED] - click: Object: 'Object Repository/ADMIN/Categories/Category/button_upload check' is clicked on

2019-05-20 08:39:13 - [MESSAGE][PASSED] - Object: 'Object Repository/ADMIN/Categories/Category/button_upload check' is clicked on

2019-05-20 08:39:13 - [TEST_STEP][PASSED] - click: Object: 'Object Repository/ADMIN/Categories/Category/button_upload save' is clicked on

2019-05-20 08:39:13 - [MESSAGE][PASSED] - Object: 'Object Repository/ADMIN/Categories/Category/button_upload save' is clicked on

2019-05-20 08:39:13 - [TEST_STEP][PASSED] - waitForElementVisible: Object 'Object Repository/ADMIN/Categories/Category/button_upload save' is visible

2019-05-20 08:39:13 - [MESSAGE][WARNING] - Timeout '0' is invalid. Using default page load timeout: '30'

2019-05-20 08:39:13 - [MESSAGE][PASSED] - Object 'Object Repository/ADMIN/Categories/Category/button_upload save' is visible

2019-05-20 08:39:13 - [TEST_STEP][PASSED] - setText: Text 'Description42' is set on object 'Object Repository/ADMIN/Categories/Category/textfield_category_description'

2019-05-20 08:39:13 - [MESSAGE][PASSED] - Text 'Description42' is set on object 'Object Repository/ADMIN/Categories/Category/textfield_category_description'

2019-05-20 08:39:13 - [TEST_STEP][PASSED] - click: Object: 'Object Repository/ADMIN/Categories/Category/button_Save' is clicked on

2019-05-20 08:39:13 - [MESSAGE][PASSED] - Object: 'Object Repository/ADMIN/Categories/Category/button_Save' is clicked on

2019-05-20 08:39:13 - [TEST_STEP][PASSED] - waitForElementVisible: Object 'Object Repository/ADMIN/Categories/Category/label_edit popup' is visible

2019-05-20 08:39:13 - [MESSAGE][WARNING] - Timeout '0' is invalid. Using default page load timeout: '30'

2019-05-20 08:39:14 - [MESSAGE][PASSED] - Object 'Object Repository/ADMIN/Categories/Category/label_edit popup' is visible

2019-05-20 08:39:14 - [TEST_STEP][PASSED] - waitForElementNotPresent: Web element with id: 'Object Repository/ADMIN/Categories/Category/label_edit popup' located by 'By.xpath: //div[(text() = 'Category was successfully saved.' or . = 'Category was successfully saved.')]' is not present after '30' second(s)

2019-05-20 08:39:14 - [MESSAGE][WARNING] - Timeout '0' is invalid. Using default page load timeout: '30'

2019-05-20 08:39:20 - [MESSAGE][PASSED] - Web element with id: 'Object Repository/ADMIN/Categories/Category/label_edit popup' located by 'By.xpath: //div[(text() = 'Category was successfully saved.' or . = 'Category was successfully saved.')]' is not present after '30' second(s)]]></system-out>
         <system-err><![CDATA[]]></system-err>
      </testcase>
      <testcase name="Test Cases/ADMIN/Content Mgmt/Categories/Category Add-Edit/Add Category" classname="Test Cases/ADMIN/Content Mgmt/Categories/Category Add-Edit/Add Category" status="PASSED">
         <system-out><![CDATA[2019-05-20 08:39:20 - [TEST_CASE][PASSED] - Test Cases/ADMIN/Content Mgmt/Categories/Category Add-Edit/Add Category: Test Cases/ADMIN/Content Mgmt/Categories/Category Add-Edit/Add Category

2019-05-20 08:39:20 - [TEST_STEP][PASSED] - waitForElementVisible: Object 'Object Repository/ADMIN/Categories/Category List/button_Content Mgmt' is visible

2019-05-20 08:39:20 - [MESSAGE][WARNING] - Timeout '0' is invalid. Using default page load timeout: '30'

2019-05-20 08:39:20 - [MESSAGE][PASSED] - Object 'Object Repository/ADMIN/Categories/Category List/button_Content Mgmt' is visible

2019-05-20 08:39:20 - [TEST_STEP][PASSED] - click: Object: 'Object Repository/ADMIN/Categories/Category List/button_Content Mgmt' is clicked on

2019-05-20 08:39:20 - [MESSAGE][PASSED] - Object: 'Object Repository/ADMIN/Categories/Category List/button_Content Mgmt' is clicked on

2019-05-20 08:39:20 - [TEST_STEP][PASSED] - waitForElementVisible: Object 'Object Repository/ADMIN/Categories/Category List/button_Categories' is visible

2019-05-20 08:39:20 - [MESSAGE][WARNING] - Timeout '0' is invalid. Using default page load timeout: '30'

2019-05-20 08:39:21 - [MESSAGE][PASSED] - Object 'Object Repository/ADMIN/Categories/Category List/button_Categories' is visible

2019-05-20 08:39:21 - [TEST_STEP][PASSED] - click: Object: 'Object Repository/ADMIN/Categories/Category List/button_Categories' is clicked on

2019-05-20 08:39:21 - [MESSAGE][PASSED] - Object: 'Object Repository/ADMIN/Categories/Category List/button_Categories' is clicked on

2019-05-20 08:39:21 - [TEST_STEP][PASSED] - waitForPageLoad: Wait for page load successfully

2019-05-20 08:39:21 - [MESSAGE][WARNING] - Timeout '0' is invalid. Using default page load timeout: '30'

2019-05-20 08:39:22 - [MESSAGE][PASSED] - Wait for page load successfully

2019-05-20 08:39:22 - [TEST_STEP][PASSED] - click: Object: 'Object Repository/ADMIN/Categories/Category List/button_Add a Category' is clicked on

2019-05-20 08:39:22 - [MESSAGE][PASSED] - Object: 'Object Repository/ADMIN/Categories/Category List/button_Add a Category' is clicked on

2019-05-20 08:39:22 - [TEST_STEP][PASSED] - waitForElementPresent: Object 'Object Repository/ADMIN/Categories/Category/dropdown_Parent' is present

2019-05-20 08:39:22 - [MESSAGE][PASSED] - Object 'Object Repository/ADMIN/Categories/Category/dropdown_Parent' is present

2019-05-20 08:39:22 - [TEST_STEP][PASSED] - delay: Delayed 1 second(s)

2019-05-20 08:39:23 - [MESSAGE][PASSED] - Delayed 1 second(s)

2019-05-20 08:39:23 - [TEST_STEP][PASSED] - setText: Text 'Category 3.5.3' is set on object 'Object Repository/ADMIN/Categories/Category/textfield_Category Name'

2019-05-20 08:39:23 - [MESSAGE][PASSED] - Text 'Category 3.5.3' is set on object 'Object Repository/ADMIN/Categories/Category/textfield_Category Name'

2019-05-20 08:39:23 - [TEST_STEP][PASSED] - click: Object: 'Object Repository/ADMIN/Categories/Category/dropdown_Parent' is clicked on

2019-05-20 08:39:23 - [MESSAGE][PASSED] - Object: 'Object Repository/ADMIN/Categories/Category/dropdown_Parent' is clicked on

2019-05-20 08:39:23 - [TEST_STEP][PASSED] - delay: Delayed 2 second(s)

2019-05-20 08:39:25 - [MESSAGE][PASSED] - Delayed 2 second(s)

2019-05-20 08:39:25 - [TEST_STEP][PASSED] - click: Object: 'Object Repository/ADMIN/Categories/Category/dropdown_Parent' is clicked on

2019-05-20 08:39:26 - [MESSAGE][PASSED] - Object: 'Object Repository/ADMIN/Categories/Category/dropdown_Parent' is clicked on

2019-05-20 08:39:26 - [TEST_STEP][PASSED] - selectOptionByLabel: All options with label 'Category 3.5' are selected in object 'Object Repository/ADMIN/Categories/Category/dropdown_Parent' 

2019-05-20 08:39:26 - [MESSAGE][PASSED] - All options with label 'Category 3.5' are selected in object 'Object Repository/ADMIN/Categories/Category/dropdown_Parent' 

2019-05-20 08:39:26 - [TEST_STEP][PASSED] - click: Object: 'Object Repository/ADMIN/Categories/Category/button_Browse' is clicked on

2019-05-20 08:39:26 - [MESSAGE][PASSED] - Object: 'Object Repository/ADMIN/Categories/Category/button_Browse' is clicked on

2019-05-20 08:39:26 - [TEST_STEP][PASSED] - delay: Delayed 1 second(s)

2019-05-20 08:39:27 - [MESSAGE][PASSED] - Delayed 1 second(s)

2019-05-20 08:39:27 - [TEST_STEP][PASSED] - uploadFile: File 'C:\\Katalon\\Image\\pic6.jpg' sent to object: 'Object Repository/ADMIN/Categories/Category/image_input image'

2019-05-20 08:39:27 - [MESSAGE][PASSED] - File 'C:\\Katalon\\Image\\pic6.jpg' sent to object: 'Object Repository/ADMIN/Categories/Category/image_input image'

2019-05-20 08:39:27 - [TEST_STEP][PASSED] - waitForElementVisible: Object 'Object Repository/ADMIN/Categories/Category/button_upload check' is visible

2019-05-20 08:39:27 - [MESSAGE][WARNING] - Timeout '0' is invalid. Using default page load timeout: '30'

2019-05-20 08:39:27 - [MESSAGE][PASSED] - Object 'Object Repository/ADMIN/Categories/Category/button_upload check' is visible

2019-05-20 08:39:27 - [TEST_STEP][PASSED] - click: Object: 'Object Repository/ADMIN/Categories/Category/button_upload check' is clicked on

2019-05-20 08:39:27 - [MESSAGE][PASSED] - Object: 'Object Repository/ADMIN/Categories/Category/button_upload check' is clicked on

2019-05-20 08:39:27 - [TEST_STEP][PASSED] - click: Object: 'Object Repository/ADMIN/Categories/Category/button_upload save' is clicked on

2019-05-20 08:39:27 - [MESSAGE][PASSED] - Object: 'Object Repository/ADMIN/Categories/Category/button_upload save' is clicked on

2019-05-20 08:39:27 - [TEST_STEP][PASSED] - waitForElementVisible: Object 'Object Repository/ADMIN/Categories/Category/button_upload save' is visible

2019-05-20 08:39:27 - [MESSAGE][WARNING] - Timeout '0' is invalid. Using default page load timeout: '30'

2019-05-20 08:39:27 - [MESSAGE][PASSED] - Object 'Object Repository/ADMIN/Categories/Category/button_upload save' is visible

2019-05-20 08:39:27 - [TEST_STEP][PASSED] - setText: Text 'Description43' is set on object 'Object Repository/ADMIN/Categories/Category/textfield_category_description'

2019-05-20 08:39:27 - [MESSAGE][PASSED] - Text 'Description43' is set on object 'Object Repository/ADMIN/Categories/Category/textfield_category_description'

2019-05-20 08:39:28 - [TEST_STEP][PASSED] - click: Object: 'Object Repository/ADMIN/Categories/Category/button_Save' is clicked on

2019-05-20 08:39:28 - [MESSAGE][PASSED] - Object: 'Object Repository/ADMIN/Categories/Category/button_Save' is clicked on

2019-05-20 08:39:28 - [TEST_STEP][PASSED] - waitForElementVisible: Object 'Object Repository/ADMIN/Categories/Category/label_edit popup' is visible

2019-05-20 08:39:28 - [MESSAGE][WARNING] - Timeout '0' is invalid. Using default page load timeout: '30'

2019-05-20 08:39:29 - [MESSAGE][PASSED] - Object 'Object Repository/ADMIN/Categories/Category/label_edit popup' is visible

2019-05-20 08:39:29 - [TEST_STEP][PASSED] - waitForElementNotPresent: Web element with id: 'Object Repository/ADMIN/Categories/Category/label_edit popup' located by 'By.xpath: //div[(text() = 'Category was successfully saved.' or . = 'Category was successfully saved.')]' is not present after '30' second(s)

2019-05-20 08:39:29 - [MESSAGE][WARNING] - Timeout '0' is invalid. Using default page load timeout: '30'

2019-05-20 08:39:35 - [MESSAGE][PASSED] - Web element with id: 'Object Repository/ADMIN/Categories/Category/label_edit popup' located by 'By.xpath: //div[(text() = 'Category was successfully saved.' or . = 'Category was successfully saved.')]' is not present after '30' second(s)]]></system-out>
         <system-err><![CDATA[]]></system-err>
      </testcase>
      <testcase name="Test Cases/ADMIN/Content Mgmt/Categories/Category Add-Edit/Add Category" classname="Test Cases/ADMIN/Content Mgmt/Categories/Category Add-Edit/Add Category" status="PASSED">
         <system-out><![CDATA[2019-05-20 08:39:35 - [TEST_CASE][PASSED] - Test Cases/ADMIN/Content Mgmt/Categories/Category Add-Edit/Add Category: Test Cases/ADMIN/Content Mgmt/Categories/Category Add-Edit/Add Category

2019-05-20 08:39:35 - [TEST_STEP][PASSED] - waitForElementVisible: Object 'Object Repository/ADMIN/Categories/Category List/button_Content Mgmt' is visible

2019-05-20 08:39:35 - [MESSAGE][WARNING] - Timeout '0' is invalid. Using default page load timeout: '30'

2019-05-20 08:39:35 - [MESSAGE][PASSED] - Object 'Object Repository/ADMIN/Categories/Category List/button_Content Mgmt' is visible

2019-05-20 08:39:35 - [TEST_STEP][PASSED] - click: Object: 'Object Repository/ADMIN/Categories/Category List/button_Content Mgmt' is clicked on

2019-05-20 08:39:35 - [MESSAGE][PASSED] - Object: 'Object Repository/ADMIN/Categories/Category List/button_Content Mgmt' is clicked on

2019-05-20 08:39:35 - [TEST_STEP][PASSED] - waitForElementVisible: Object 'Object Repository/ADMIN/Categories/Category List/button_Categories' is visible

2019-05-20 08:39:35 - [MESSAGE][WARNING] - Timeout '0' is invalid. Using default page load timeout: '30'

2019-05-20 08:39:36 - [MESSAGE][PASSED] - Object 'Object Repository/ADMIN/Categories/Category List/button_Categories' is visible

2019-05-20 08:39:36 - [TEST_STEP][PASSED] - click: Object: 'Object Repository/ADMIN/Categories/Category List/button_Categories' is clicked on

2019-05-20 08:39:37 - [MESSAGE][PASSED] - Object: 'Object Repository/ADMIN/Categories/Category List/button_Categories' is clicked on

2019-05-20 08:39:37 - [TEST_STEP][PASSED] - waitForPageLoad: Wait for page load successfully

2019-05-20 08:39:37 - [MESSAGE][WARNING] - Timeout '0' is invalid. Using default page load timeout: '30'

2019-05-20 08:39:37 - [MESSAGE][PASSED] - Wait for page load successfully

2019-05-20 08:39:37 - [TEST_STEP][PASSED] - click: Object: 'Object Repository/ADMIN/Categories/Category List/button_Add a Category' is clicked on

2019-05-20 08:39:37 - [MESSAGE][PASSED] - Object: 'Object Repository/ADMIN/Categories/Category List/button_Add a Category' is clicked on

2019-05-20 08:39:37 - [TEST_STEP][PASSED] - waitForElementPresent: Object 'Object Repository/ADMIN/Categories/Category/dropdown_Parent' is present

2019-05-20 08:39:37 - [MESSAGE][PASSED] - Object 'Object Repository/ADMIN/Categories/Category/dropdown_Parent' is present

2019-05-20 08:39:37 - [TEST_STEP][PASSED] - delay: Delayed 1 second(s)

2019-05-20 08:39:38 - [MESSAGE][PASSED] - Delayed 1 second(s)

2019-05-20 08:39:38 - [TEST_STEP][PASSED] - setText: Text 'Category 3.5.3.1' is set on object 'Object Repository/ADMIN/Categories/Category/textfield_Category Name'

2019-05-20 08:39:39 - [MESSAGE][PASSED] - Text 'Category 3.5.3.1' is set on object 'Object Repository/ADMIN/Categories/Category/textfield_Category Name'

2019-05-20 08:39:39 - [TEST_STEP][PASSED] - click: Object: 'Object Repository/ADMIN/Categories/Category/dropdown_Parent' is clicked on

2019-05-20 08:39:39 - [MESSAGE][PASSED] - Object: 'Object Repository/ADMIN/Categories/Category/dropdown_Parent' is clicked on

2019-05-20 08:39:39 - [TEST_STEP][PASSED] - delay: Delayed 2 second(s)

2019-05-20 08:39:41 - [MESSAGE][PASSED] - Delayed 2 second(s)

2019-05-20 08:39:41 - [TEST_STEP][PASSED] - click: Object: 'Object Repository/ADMIN/Categories/Category/dropdown_Parent' is clicked on

2019-05-20 08:39:41 - [MESSAGE][PASSED] - Object: 'Object Repository/ADMIN/Categories/Category/dropdown_Parent' is clicked on

2019-05-20 08:39:41 - [TEST_STEP][PASSED] - selectOptionByLabel: All options with label 'Category 3.5.3' are selected in object 'Object Repository/ADMIN/Categories/Category/dropdown_Parent' 

2019-05-20 08:39:41 - [MESSAGE][PASSED] - All options with label 'Category 3.5.3' are selected in object 'Object Repository/ADMIN/Categories/Category/dropdown_Parent' 

2019-05-20 08:39:41 - [TEST_STEP][PASSED] - click: Object: 'Object Repository/ADMIN/Categories/Category/button_Browse' is clicked on

2019-05-20 08:39:41 - [MESSAGE][PASSED] - Object: 'Object Repository/ADMIN/Categories/Category/button_Browse' is clicked on

2019-05-20 08:39:41 - [TEST_STEP][PASSED] - delay: Delayed 1 second(s)

2019-05-20 08:39:42 - [MESSAGE][PASSED] - Delayed 1 second(s)

2019-05-20 08:39:42 - [TEST_STEP][PASSED] - uploadFile: File 'C:\\Katalon\\Image\\pic7.jpg' sent to object: 'Object Repository/ADMIN/Categories/Category/image_input image'

2019-05-20 08:39:42 - [MESSAGE][PASSED] - File 'C:\\Katalon\\Image\\pic7.jpg' sent to object: 'Object Repository/ADMIN/Categories/Category/image_input image'

2019-05-20 08:39:42 - [TEST_STEP][PASSED] - waitForElementVisible: Object 'Object Repository/ADMIN/Categories/Category/button_upload check' is visible

2019-05-20 08:39:42 - [MESSAGE][WARNING] - Timeout '0' is invalid. Using default page load timeout: '30'

2019-05-20 08:39:42 - [MESSAGE][PASSED] - Object 'Object Repository/ADMIN/Categories/Category/button_upload check' is visible

2019-05-20 08:39:42 - [TEST_STEP][PASSED] - click: Object: 'Object Repository/ADMIN/Categories/Category/button_upload check' is clicked on

2019-05-20 08:39:43 - [MESSAGE][PASSED] - Object: 'Object Repository/ADMIN/Categories/Category/button_upload check' is clicked on

2019-05-20 08:39:43 - [TEST_STEP][PASSED] - click: Object: 'Object Repository/ADMIN/Categories/Category/button_upload save' is clicked on

2019-05-20 08:39:43 - [MESSAGE][PASSED] - Object: 'Object Repository/ADMIN/Categories/Category/button_upload save' is clicked on

2019-05-20 08:39:43 - [TEST_STEP][PASSED] - waitForElementVisible: Object 'Object Repository/ADMIN/Categories/Category/button_upload save' is visible

2019-05-20 08:39:43 - [MESSAGE][WARNING] - Timeout '0' is invalid. Using default page load timeout: '30'

2019-05-20 08:39:43 - [MESSAGE][PASSED] - Object 'Object Repository/ADMIN/Categories/Category/button_upload save' is visible

2019-05-20 08:39:43 - [TEST_STEP][PASSED] - setText: Text 'Description44' is set on object 'Object Repository/ADMIN/Categories/Category/textfield_category_description'

2019-05-20 08:39:43 - [MESSAGE][PASSED] - Text 'Description44' is set on object 'Object Repository/ADMIN/Categories/Category/textfield_category_description'

2019-05-20 08:39:43 - [TEST_STEP][PASSED] - click: Object: 'Object Repository/ADMIN/Categories/Category/button_Save' is clicked on

2019-05-20 08:39:43 - [MESSAGE][PASSED] - Object: 'Object Repository/ADMIN/Categories/Category/button_Save' is clicked on

2019-05-20 08:39:43 - [TEST_STEP][PASSED] - waitForElementVisible: Object 'Object Repository/ADMIN/Categories/Category/label_edit popup' is visible

2019-05-20 08:39:43 - [MESSAGE][WARNING] - Timeout '0' is invalid. Using default page load timeout: '30'

2019-05-20 08:39:44 - [MESSAGE][PASSED] - Object 'Object Repository/ADMIN/Categories/Category/label_edit popup' is visible

2019-05-20 08:39:44 - [TEST_STEP][PASSED] - waitForElementNotPresent: Web element with id: 'Object Repository/ADMIN/Categories/Category/label_edit popup' located by 'By.xpath: //div[(text() = 'Category was successfully saved.' or . = 'Category was successfully saved.')]' is not present after '30' second(s)

2019-05-20 08:39:44 - [MESSAGE][WARNING] - Timeout '0' is invalid. Using default page load timeout: '30'

2019-05-20 08:39:50 - [MESSAGE][PASSED] - Web element with id: 'Object Repository/ADMIN/Categories/Category/label_edit popup' located by 'By.xpath: //div[(text() = 'Category was successfully saved.' or . = 'Category was successfully saved.')]' is not present after '30' second(s)]]></system-out>
         <system-err><![CDATA[]]></system-err>
      </testcase>
      <testcase name="Test Cases/ADMIN/Content Mgmt/Categories/Category Add-Edit/Add Category" classname="Test Cases/ADMIN/Content Mgmt/Categories/Category Add-Edit/Add Category" status="FAILED">
         <failure type="FAILED" message="Unable to wait for object 'Object Repository/ADMIN/Categories/Category/button_upload save' to be visible (Root cause: org.openqa.selenium.StaleElementReferenceException: stale element reference: element is not attached to the page document
  (Session info: chrome=74.0.3729.157)
  (Driver info: chromedriver=2.35.528161 (5b82f2d2aae0ca24b877009200ced9065a772e73),platform=Windows NT 6.1.7601 SP1 x86_64) (WARNING: The server did not provide any stacktrace information)
Command duration or timeout: 0 milliseconds
For documentation on this error, please visit: http://seleniumhq.org/exceptions/stale_element_reference.html
Build info: version: '3.7.1', revision: '8a0099a', time: '2017-11-06T21:07:36.161Z'
System info: host: 'ARCADIER-PC', ip: '10.10.31.95', os.name: 'Windows 7', os.arch: 'amd64', os.version: '6.1', java.version: '1.8.0_102'
Driver info: com.kms.katalon.core.webui.driver.ExistingRemoteWebDriver
Capabilities {javascriptEnabled: true, platform: ANY, platformName: ANY}
Session ID: 2609dc86013a09d8daebbf33ac0c67a9)"/>
         <system-out><![CDATA[2019-05-20 08:39:50 - [TEST_CASE][FAILED] - Test Cases/ADMIN/Content Mgmt/Categories/Category Add-Edit/Add Category: Test Cases/ADMIN/Content Mgmt/Categories/Category Add-Edit/Add Category FAILED because (of) Unable to wait for object 'Object Repository/ADMIN/Categories/Category/button_upload save' to be visible (Root cause: org.openqa.selenium.StaleElementReferenceException: stale element reference: element is not attached to the page document
  (Session info: chrome=74.0.3729.157)
  (Driver info: chromedriver=2.35.528161 (5b82f2d2aae0ca24b877009200ced9065a772e73),platform=Windows NT 6.1.7601 SP1 x86_64) (WARNING: The server did not provide any stacktrace information)
Command duration or timeout: 0 milliseconds
For documentation on this error, please visit: http://seleniumhq.org/exceptions/stale_element_reference.html
Build info: version: '3.7.1', revision: '8a0099a', time: '2017-11-06T21:07:36.161Z'
System info: host: 'ARCADIER-PC', ip: '10.10.31.95', os.name: 'Windows 7', os.arch: 'amd64', os.version: '6.1', java.version: '1.8.0_102'
Driver info: com.kms.katalon.core.webui.driver.ExistingRemoteWebDriver
Capabilities {javascriptEnabled: true, platform: ANY, platformName: ANY}
Session ID: 2609dc86013a09d8daebbf33ac0c67a9)

2019-05-20 08:39:50 - [TEST_STEP][PASSED] - waitForElementVisible: Object 'Object Repository/ADMIN/Categories/Category List/button_Content Mgmt' is visible

2019-05-20 08:39:50 - [MESSAGE][WARNING] - Timeout '0' is invalid. Using default page load timeout: '30'

2019-05-20 08:39:50 - [MESSAGE][PASSED] - Object 'Object Repository/ADMIN/Categories/Category List/button_Content Mgmt' is visible

2019-05-20 08:39:50 - [TEST_STEP][PASSED] - click: Object: 'Object Repository/ADMIN/Categories/Category List/button_Content Mgmt' is clicked on

2019-05-20 08:39:50 - [MESSAGE][PASSED] - Object: 'Object Repository/ADMIN/Categories/Category List/button_Content Mgmt' is clicked on

2019-05-20 08:39:50 - [TEST_STEP][PASSED] - waitForElementVisible: Object 'Object Repository/ADMIN/Categories/Category List/button_Categories' is visible

2019-05-20 08:39:50 - [MESSAGE][WARNING] - Timeout '0' is invalid. Using default page load timeout: '30'

2019-05-20 08:39:51 - [MESSAGE][PASSED] - Object 'Object Repository/ADMIN/Categories/Category List/button_Categories' is visible

2019-05-20 08:39:51 - [TEST_STEP][PASSED] - click: Object: 'Object Repository/ADMIN/Categories/Category List/button_Categories' is clicked on

2019-05-20 08:39:51 - [MESSAGE][PASSED] - Object: 'Object Repository/ADMIN/Categories/Category List/button_Categories' is clicked on

2019-05-20 08:39:51 - [TEST_STEP][PASSED] - waitForPageLoad: Wait for page load successfully

2019-05-20 08:39:51 - [MESSAGE][WARNING] - Timeout '0' is invalid. Using default page load timeout: '30'

2019-05-20 08:39:51 - [MESSAGE][PASSED] - Wait for page load successfully

2019-05-20 08:39:51 - [TEST_STEP][PASSED] - click: Object: 'Object Repository/ADMIN/Categories/Category List/button_Add a Category' is clicked on

2019-05-20 08:39:52 - [MESSAGE][PASSED] - Object: 'Object Repository/ADMIN/Categories/Category List/button_Add a Category' is clicked on

2019-05-20 08:39:52 - [TEST_STEP][PASSED] - waitForElementPresent: Object 'Object Repository/ADMIN/Categories/Category/dropdown_Parent' is present

2019-05-20 08:39:52 - [MESSAGE][PASSED] - Object 'Object Repository/ADMIN/Categories/Category/dropdown_Parent' is present

2019-05-20 08:39:52 - [TEST_STEP][PASSED] - delay: Delayed 1 second(s)

2019-05-20 08:39:53 - [MESSAGE][PASSED] - Delayed 1 second(s)

2019-05-20 08:39:53 - [TEST_STEP][PASSED] - setText: Text 'Category 3.5.4' is set on object 'Object Repository/ADMIN/Categories/Category/textfield_Category Name'

2019-05-20 08:39:53 - [MESSAGE][PASSED] - Text 'Category 3.5.4' is set on object 'Object Repository/ADMIN/Categories/Category/textfield_Category Name'

2019-05-20 08:39:53 - [TEST_STEP][PASSED] - click: Object: 'Object Repository/ADMIN/Categories/Category/dropdown_Parent' is clicked on

2019-05-20 08:39:53 - [MESSAGE][PASSED] - Object: 'Object Repository/ADMIN/Categories/Category/dropdown_Parent' is clicked on

2019-05-20 08:39:53 - [TEST_STEP][PASSED] - delay: Delayed 2 second(s)

2019-05-20 08:39:55 - [MESSAGE][PASSED] - Delayed 2 second(s)

2019-05-20 08:39:55 - [TEST_STEP][PASSED] - click: Object: 'Object Repository/ADMIN/Categories/Category/dropdown_Parent' is clicked on

2019-05-20 08:39:55 - [MESSAGE][PASSED] - Object: 'Object Repository/ADMIN/Categories/Category/dropdown_Parent' is clicked on

2019-05-20 08:39:55 - [TEST_STEP][PASSED] - selectOptionByLabel: All options with label 'Category 3.5' are selected in object 'Object Repository/ADMIN/Categories/Category/dropdown_Parent' 

2019-05-20 08:39:55 - [MESSAGE][PASSED] - All options with label 'Category 3.5' are selected in object 'Object Repository/ADMIN/Categories/Category/dropdown_Parent' 

2019-05-20 08:39:55 - [TEST_STEP][PASSED] - click: Object: 'Object Repository/ADMIN/Categories/Category/button_Browse' is clicked on

2019-05-20 08:39:55 - [MESSAGE][PASSED] - Object: 'Object Repository/ADMIN/Categories/Category/button_Browse' is clicked on

2019-05-20 08:39:55 - [TEST_STEP][PASSED] - delay: Delayed 1 second(s)

2019-05-20 08:39:56 - [MESSAGE][PASSED] - Delayed 1 second(s)

2019-05-20 08:39:56 - [TEST_STEP][PASSED] - uploadFile: File 'C:\\Katalon\\Image\\pic8.jpg' sent to object: 'Object Repository/ADMIN/Categories/Category/image_input image'

2019-05-20 08:39:57 - [MESSAGE][PASSED] - File 'C:\\Katalon\\Image\\pic8.jpg' sent to object: 'Object Repository/ADMIN/Categories/Category/image_input image'

2019-05-20 08:39:57 - [TEST_STEP][PASSED] - waitForElementVisible: Object 'Object Repository/ADMIN/Categories/Category/button_upload check' is visible

2019-05-20 08:39:57 - [MESSAGE][WARNING] - Timeout '0' is invalid. Using default page load timeout: '30'

2019-05-20 08:39:57 - [MESSAGE][PASSED] - Object 'Object Repository/ADMIN/Categories/Category/button_upload check' is visible

2019-05-20 08:39:57 - [TEST_STEP][PASSED] - click: Object: 'Object Repository/ADMIN/Categories/Category/button_upload check' is clicked on

2019-05-20 08:39:57 - [MESSAGE][PASSED] - Object: 'Object Repository/ADMIN/Categories/Category/button_upload check' is clicked on

2019-05-20 08:39:57 - [TEST_STEP][PASSED] - click: Object: 'Object Repository/ADMIN/Categories/Category/button_upload save' is clicked on

2019-05-20 08:39:57 - [MESSAGE][PASSED] - Object: 'Object Repository/ADMIN/Categories/Category/button_upload save' is clicked on

2019-05-20 08:39:57 - [TEST_STEP][FAILED] - waitForElementVisible: Unable to wait for object 'Object Repository/ADMIN/Categories/Category/button_upload save' to be visible (Root cause: org.openqa.selenium.StaleElementReferenceException: stale element reference: element is not attached to the page document
  (Session info: chrome=74.0.3729.157)
  (Driver info: chromedriver=2.35.528161 (5b82f2d2aae0ca24b877009200ced9065a772e73),platform=Windows NT 6.1.7601 SP1 x86_64) (WARNING: The server did not provide any stacktrace information)
Command duration or timeout: 0 milliseconds
For documentation on this error, please visit: http://seleniumhq.org/exceptions/stale_element_reference.html
Build info: version: '3.7.1', revision: '8a0099a', time: '2017-11-06T21:07:36.161Z'
System info: host: 'ARCADIER-PC', ip: '10.10.31.95', os.name: 'Windows 7', os.arch: 'amd64', os.version: '6.1', java.version: '1.8.0_102'
Driver info: com.kms.katalon.core.webui.driver.ExistingRemoteWebDriver
Capabilities {javascriptEnabled: true, platform: ANY, platformName: ANY}
Session ID: 2609dc86013a09d8daebbf33ac0c67a9)

2019-05-20 08:39:57 - [MESSAGE][WARNING] - Timeout '0' is invalid. Using default page load timeout: '30'

2019-05-20 08:39:58 - [MESSAGE][FAILED] - Unable to wait for object 'Object Repository/ADMIN/Categories/Category/button_upload save' to be visible (Root cause: org.openqa.selenium.StaleElementReferenceException: stale element reference: element is not attached to the page document
  (Session info: chrome=74.0.3729.157)
  (Driver info: chromedriver=2.35.528161 (5b82f2d2aae0ca24b877009200ced9065a772e73),platform=Windows NT 6.1.7601 SP1 x86_64) (WARNING: The server did not provide any stacktrace information)
Command duration or timeout: 0 milliseconds
For documentation on this error, please visit: http://seleniumhq.org/exceptions/stale_element_reference.html
Build info: version: '3.7.1', revision: '8a0099a', time: '2017-11-06T21:07:36.161Z'
System info: host: 'ARCADIER-PC', ip: '10.10.31.95', os.name: 'Windows 7', os.arch: 'amd64', os.version: '6.1', java.version: '1.8.0_102'
Driver info: com.kms.katalon.core.webui.driver.ExistingRemoteWebDriver
Capabilities {javascriptEnabled: true, platform: ANY, platformName: ANY}
Session ID: 2609dc86013a09d8daebbf33ac0c67a9)
[[ATTACHMENT|C:\\Users\\Arcadier\\git\\Arctick\\Reports\\Suites\\Admin Add Category\\20190520_082941\\1558312798004.png]]

2019-05-20 08:39:58 - [TEST_STEP][PASSED] - setText: Text 'Description45' is set on object 'Object Repository/ADMIN/Categories/Category/textfield_category_description'

2019-05-20 08:39:58 - [MESSAGE][PASSED] - Text 'Description45' is set on object 'Object Repository/ADMIN/Categories/Category/textfield_category_description'

2019-05-20 08:39:58 - [TEST_STEP][PASSED] - click: Object: 'Object Repository/ADMIN/Categories/Category/button_Save' is clicked on

2019-05-20 08:39:58 - [MESSAGE][PASSED] - Object: 'Object Repository/ADMIN/Categories/Category/button_Save' is clicked on

2019-05-20 08:39:58 - [TEST_STEP][PASSED] - waitForElementVisible: Object 'Object Repository/ADMIN/Categories/Category/label_edit popup' is visible

2019-05-20 08:39:58 - [MESSAGE][WARNING] - Timeout '0' is invalid. Using default page load timeout: '30'

2019-05-20 08:39:59 - [MESSAGE][PASSED] - Object 'Object Repository/ADMIN/Categories/Category/label_edit popup' is visible

2019-05-20 08:39:59 - [TEST_STEP][PASSED] - waitForElementNotPresent: Web element with id: 'Object Repository/ADMIN/Categories/Category/label_edit popup' located by 'By.xpath: //div[(text() = 'Category was successfully saved.' or . = 'Category was successfully saved.')]' is not present after '30' second(s)

2019-05-20 08:39:59 - [MESSAGE][WARNING] - Timeout '0' is invalid. Using default page load timeout: '30'

2019-05-20 08:40:05 - [MESSAGE][PASSED] - Web element with id: 'Object Repository/ADMIN/Categories/Category/label_edit popup' located by 'By.xpath: //div[(text() = 'Category was successfully saved.' or . = 'Category was successfully saved.')]' is not present after '30' second(s)]]></system-out>
         <system-err><![CDATA[2019-05-20 08:39:50 - [TEST_CASE][FAILED] - Test Cases/ADMIN/Content Mgmt/Categories/Category Add-Edit/Add Category: Test Cases/ADMIN/Content Mgmt/Categories/Category Add-Edit/Add Category FAILED because (of) Unable to wait for object 'Object Repository/ADMIN/Categories/Category/button_upload save' to be visible (Root cause: org.openqa.selenium.StaleElementReferenceException: stale element reference: element is not attached to the page document
  (Session info: chrome=74.0.3729.157)
  (Driver info: chromedriver=2.35.528161 (5b82f2d2aae0ca24b877009200ced9065a772e73),platform=Windows NT 6.1.7601 SP1 x86_64) (WARNING: The server did not provide any stacktrace information)
Command duration or timeout: 0 milliseconds
For documentation on this error, please visit: http://seleniumhq.org/exceptions/stale_element_reference.html
Build info: version: '3.7.1', revision: '8a0099a', time: '2017-11-06T21:07:36.161Z'
System info: host: 'ARCADIER-PC', ip: '10.10.31.95', os.name: 'Windows 7', os.arch: 'amd64', os.version: '6.1', java.version: '1.8.0_102'
Driver info: com.kms.katalon.core.webui.driver.ExistingRemoteWebDriver
Capabilities {javascriptEnabled: true, platform: ANY, platformName: ANY}
Session ID: 2609dc86013a09d8daebbf33ac0c67a9)]]></system-err>
      </testcase>
      <testcase name="Test Cases/ADMIN/Content Mgmt/Categories/Category Add-Edit/Add Category" classname="Test Cases/ADMIN/Content Mgmt/Categories/Category Add-Edit/Add Category" status="PASSED">
         <system-out><![CDATA[2019-05-20 08:40:05 - [TEST_CASE][PASSED] - Test Cases/ADMIN/Content Mgmt/Categories/Category Add-Edit/Add Category: Test Cases/ADMIN/Content Mgmt/Categories/Category Add-Edit/Add Category

2019-05-20 08:40:05 - [TEST_STEP][PASSED] - waitForElementVisible: Object 'Object Repository/ADMIN/Categories/Category List/button_Content Mgmt' is visible

2019-05-20 08:40:05 - [MESSAGE][WARNING] - Timeout '0' is invalid. Using default page load timeout: '30'

2019-05-20 08:40:05 - [MESSAGE][PASSED] - Object 'Object Repository/ADMIN/Categories/Category List/button_Content Mgmt' is visible

2019-05-20 08:40:05 - [TEST_STEP][PASSED] - click: Object: 'Object Repository/ADMIN/Categories/Category List/button_Content Mgmt' is clicked on

2019-05-20 08:40:05 - [MESSAGE][PASSED] - Object: 'Object Repository/ADMIN/Categories/Category List/button_Content Mgmt' is clicked on

2019-05-20 08:40:05 - [TEST_STEP][PASSED] - waitForElementVisible: Object 'Object Repository/ADMIN/Categories/Category List/button_Categories' is visible

2019-05-20 08:40:05 - [MESSAGE][WARNING] - Timeout '0' is invalid. Using default page load timeout: '30'

2019-05-20 08:40:06 - [MESSAGE][PASSED] - Object 'Object Repository/ADMIN/Categories/Category List/button_Categories' is visible

2019-05-20 08:40:06 - [TEST_STEP][PASSED] - click: Object: 'Object Repository/ADMIN/Categories/Category List/button_Categories' is clicked on

2019-05-20 08:40:06 - [MESSAGE][PASSED] - Object: 'Object Repository/ADMIN/Categories/Category List/button_Categories' is clicked on

2019-05-20 08:40:06 - [TEST_STEP][PASSED] - waitForPageLoad: Wait for page load successfully

2019-05-20 08:40:06 - [MESSAGE][WARNING] - Timeout '0' is invalid. Using default page load timeout: '30'

2019-05-20 08:40:06 - [MESSAGE][PASSED] - Wait for page load successfully

2019-05-20 08:40:06 - [TEST_STEP][PASSED] - click: Object: 'Object Repository/ADMIN/Categories/Category List/button_Add a Category' is clicked on

2019-05-20 08:40:06 - [MESSAGE][PASSED] - Object: 'Object Repository/ADMIN/Categories/Category List/button_Add a Category' is clicked on

2019-05-20 08:40:06 - [TEST_STEP][PASSED] - waitForElementPresent: Object 'Object Repository/ADMIN/Categories/Category/dropdown_Parent' is present

2019-05-20 08:40:06 - [MESSAGE][PASSED] - Object 'Object Repository/ADMIN/Categories/Category/dropdown_Parent' is present

2019-05-20 08:40:06 - [TEST_STEP][PASSED] - delay: Delayed 1 second(s)

2019-05-20 08:40:07 - [MESSAGE][PASSED] - Delayed 1 second(s)

2019-05-20 08:40:07 - [TEST_STEP][PASSED] - setText: Text 'Category 3.5.5' is set on object 'Object Repository/ADMIN/Categories/Category/textfield_Category Name'

2019-05-20 08:40:07 - [MESSAGE][PASSED] - Text 'Category 3.5.5' is set on object 'Object Repository/ADMIN/Categories/Category/textfield_Category Name'

2019-05-20 08:40:07 - [TEST_STEP][PASSED] - click: Object: 'Object Repository/ADMIN/Categories/Category/dropdown_Parent' is clicked on

2019-05-20 08:40:07 - [MESSAGE][PASSED] - Object: 'Object Repository/ADMIN/Categories/Category/dropdown_Parent' is clicked on

2019-05-20 08:40:07 - [TEST_STEP][PASSED] - delay: Delayed 2 second(s)

2019-05-20 08:40:09 - [MESSAGE][PASSED] - Delayed 2 second(s)

2019-05-20 08:40:09 - [TEST_STEP][PASSED] - click: Object: 'Object Repository/ADMIN/Categories/Category/dropdown_Parent' is clicked on

2019-05-20 08:40:09 - [MESSAGE][PASSED] - Object: 'Object Repository/ADMIN/Categories/Category/dropdown_Parent' is clicked on

2019-05-20 08:40:09 - [TEST_STEP][PASSED] - selectOptionByLabel: All options with label 'Category 3.5' are selected in object 'Object Repository/ADMIN/Categories/Category/dropdown_Parent' 

2019-05-20 08:40:09 - [MESSAGE][PASSED] - All options with label 'Category 3.5' are selected in object 'Object Repository/ADMIN/Categories/Category/dropdown_Parent' 

2019-05-20 08:40:09 - [TEST_STEP][PASSED] - click: Object: 'Object Repository/ADMIN/Categories/Category/button_Browse' is clicked on

2019-05-20 08:40:09 - [MESSAGE][PASSED] - Object: 'Object Repository/ADMIN/Categories/Category/button_Browse' is clicked on

2019-05-20 08:40:09 - [TEST_STEP][PASSED] - delay: Delayed 1 second(s)

2019-05-20 08:40:10 - [MESSAGE][PASSED] - Delayed 1 second(s)

2019-05-20 08:40:10 - [TEST_STEP][PASSED] - uploadFile: File 'C:\\Katalon\\Image\\pic9.jpg' sent to object: 'Object Repository/ADMIN/Categories/Category/image_input image'

2019-05-20 08:40:11 - [MESSAGE][PASSED] - File 'C:\\Katalon\\Image\\pic9.jpg' sent to object: 'Object Repository/ADMIN/Categories/Category/image_input image'

2019-05-20 08:40:11 - [TEST_STEP][PASSED] - waitForElementVisible: Object 'Object Repository/ADMIN/Categories/Category/button_upload check' is visible

2019-05-20 08:40:11 - [MESSAGE][WARNING] - Timeout '0' is invalid. Using default page load timeout: '30'

2019-05-20 08:40:11 - [MESSAGE][PASSED] - Object 'Object Repository/ADMIN/Categories/Category/button_upload check' is visible

2019-05-20 08:40:11 - [TEST_STEP][PASSED] - click: Object: 'Object Repository/ADMIN/Categories/Category/button_upload check' is clicked on

2019-05-20 08:40:11 - [MESSAGE][PASSED] - Object: 'Object Repository/ADMIN/Categories/Category/button_upload check' is clicked on

2019-05-20 08:40:11 - [TEST_STEP][PASSED] - click: Object: 'Object Repository/ADMIN/Categories/Category/button_upload save' is clicked on

2019-05-20 08:40:11 - [MESSAGE][PASSED] - Object: 'Object Repository/ADMIN/Categories/Category/button_upload save' is clicked on

2019-05-20 08:40:11 - [TEST_STEP][PASSED] - waitForElementVisible: Object 'Object Repository/ADMIN/Categories/Category/button_upload save' is visible

2019-05-20 08:40:11 - [MESSAGE][WARNING] - Timeout '0' is invalid. Using default page load timeout: '30'

2019-05-20 08:40:11 - [MESSAGE][PASSED] - Object 'Object Repository/ADMIN/Categories/Category/button_upload save' is visible

2019-05-20 08:40:11 - [TEST_STEP][PASSED] - setText: Text 'Description46' is set on object 'Object Repository/ADMIN/Categories/Category/textfield_category_description'

2019-05-20 08:40:12 - [MESSAGE][PASSED] - Text 'Description46' is set on object 'Object Repository/ADMIN/Categories/Category/textfield_category_description'

2019-05-20 08:40:12 - [TEST_STEP][PASSED] - click: Object: 'Object Repository/ADMIN/Categories/Category/button_Save' is clicked on

2019-05-20 08:40:13 - [MESSAGE][PASSED] - Object: 'Object Repository/ADMIN/Categories/Category/button_Save' is clicked on

2019-05-20 08:40:13 - [TEST_STEP][PASSED] - waitForElementVisible: Object 'Object Repository/ADMIN/Categories/Category/label_edit popup' is visible

2019-05-20 08:40:13 - [MESSAGE][WARNING] - Timeout '0' is invalid. Using default page load timeout: '30'

2019-05-20 08:40:14 - [MESSAGE][PASSED] - Object 'Object Repository/ADMIN/Categories/Category/label_edit popup' is visible

2019-05-20 08:40:14 - [TEST_STEP][PASSED] - waitForElementNotPresent: Web element with id: 'Object Repository/ADMIN/Categories/Category/label_edit popup' located by 'By.xpath: //div[(text() = 'Category was successfully saved.' or . = 'Category was successfully saved.')]' is not present after '30' second(s)

2019-05-20 08:40:14 - [MESSAGE][WARNING] - Timeout '0' is invalid. Using default page load timeout: '30'

2019-05-20 08:40:20 - [MESSAGE][PASSED] - Web element with id: 'Object Repository/ADMIN/Categories/Category/label_edit popup' located by 'By.xpath: //div[(text() = 'Category was successfully saved.' or . = 'Category was successfully saved.')]' is not present after '30' second(s)]]></system-out>
         <system-err><![CDATA[]]></system-err>
      </testcase>
      <testcase name="Test Cases/ADMIN/Content Mgmt/Categories/Category Add-Edit/Add Category" classname="Test Cases/ADMIN/Content Mgmt/Categories/Category Add-Edit/Add Category" status="PASSED">
         <system-out><![CDATA[2019-05-20 08:40:20 - [TEST_CASE][PASSED] - Test Cases/ADMIN/Content Mgmt/Categories/Category Add-Edit/Add Category: Test Cases/ADMIN/Content Mgmt/Categories/Category Add-Edit/Add Category

2019-05-20 08:40:20 - [TEST_STEP][PASSED] - waitForElementVisible: Object 'Object Repository/ADMIN/Categories/Category List/button_Content Mgmt' is visible

2019-05-20 08:40:20 - [MESSAGE][WARNING] - Timeout '0' is invalid. Using default page load timeout: '30'

2019-05-20 08:40:20 - [MESSAGE][PASSED] - Object 'Object Repository/ADMIN/Categories/Category List/button_Content Mgmt' is visible

2019-05-20 08:40:20 - [TEST_STEP][PASSED] - click: Object: 'Object Repository/ADMIN/Categories/Category List/button_Content Mgmt' is clicked on

2019-05-20 08:40:20 - [MESSAGE][PASSED] - Object: 'Object Repository/ADMIN/Categories/Category List/button_Content Mgmt' is clicked on

2019-05-20 08:40:20 - [TEST_STEP][PASSED] - waitForElementVisible: Object 'Object Repository/ADMIN/Categories/Category List/button_Categories' is visible

2019-05-20 08:40:20 - [MESSAGE][WARNING] - Timeout '0' is invalid. Using default page load timeout: '30'

2019-05-20 08:40:20 - [MESSAGE][PASSED] - Object 'Object Repository/ADMIN/Categories/Category List/button_Categories' is visible

2019-05-20 08:40:20 - [TEST_STEP][PASSED] - click: Object: 'Object Repository/ADMIN/Categories/Category List/button_Categories' is clicked on

2019-05-20 08:40:21 - [MESSAGE][PASSED] - Object: 'Object Repository/ADMIN/Categories/Category List/button_Categories' is clicked on

2019-05-20 08:40:21 - [TEST_STEP][PASSED] - waitForPageLoad: Wait for page load successfully

2019-05-20 08:40:21 - [MESSAGE][WARNING] - Timeout '0' is invalid. Using default page load timeout: '30'

2019-05-20 08:40:21 - [MESSAGE][PASSED] - Wait for page load successfully

2019-05-20 08:40:21 - [TEST_STEP][PASSED] - click: Object: 'Object Repository/ADMIN/Categories/Category List/button_Add a Category' is clicked on

2019-05-20 08:40:22 - [MESSAGE][PASSED] - Object: 'Object Repository/ADMIN/Categories/Category List/button_Add a Category' is clicked on

2019-05-20 08:40:22 - [TEST_STEP][PASSED] - waitForElementPresent: Object 'Object Repository/ADMIN/Categories/Category/dropdown_Parent' is present

2019-05-20 08:40:22 - [MESSAGE][PASSED] - Object 'Object Repository/ADMIN/Categories/Category/dropdown_Parent' is present

2019-05-20 08:40:22 - [TEST_STEP][PASSED] - delay: Delayed 1 second(s)

2019-05-20 08:40:23 - [MESSAGE][PASSED] - Delayed 1 second(s)

2019-05-20 08:40:23 - [TEST_STEP][PASSED] - setText: Text 'Category 3.6' is set on object 'Object Repository/ADMIN/Categories/Category/textfield_Category Name'

2019-05-20 08:40:23 - [MESSAGE][PASSED] - Text 'Category 3.6' is set on object 'Object Repository/ADMIN/Categories/Category/textfield_Category Name'

2019-05-20 08:40:23 - [TEST_STEP][PASSED] - click: Object: 'Object Repository/ADMIN/Categories/Category/dropdown_Parent' is clicked on

2019-05-20 08:40:23 - [MESSAGE][PASSED] - Object: 'Object Repository/ADMIN/Categories/Category/dropdown_Parent' is clicked on

2019-05-20 08:40:23 - [TEST_STEP][PASSED] - delay: Delayed 2 second(s)

2019-05-20 08:40:25 - [MESSAGE][PASSED] - Delayed 2 second(s)

2019-05-20 08:40:25 - [TEST_STEP][PASSED] - click: Object: 'Object Repository/ADMIN/Categories/Category/dropdown_Parent' is clicked on

2019-05-20 08:40:26 - [MESSAGE][PASSED] - Object: 'Object Repository/ADMIN/Categories/Category/dropdown_Parent' is clicked on

2019-05-20 08:40:26 - [TEST_STEP][PASSED] - selectOptionByLabel: All options with label 'Category 3' are selected in object 'Object Repository/ADMIN/Categories/Category/dropdown_Parent' 

2019-05-20 08:40:26 - [MESSAGE][PASSED] - All options with label 'Category 3' are selected in object 'Object Repository/ADMIN/Categories/Category/dropdown_Parent' 

2019-05-20 08:40:26 - [TEST_STEP][PASSED] - click: Object: 'Object Repository/ADMIN/Categories/Category/button_Browse' is clicked on

2019-05-20 08:40:26 - [MESSAGE][PASSED] - Object: 'Object Repository/ADMIN/Categories/Category/button_Browse' is clicked on

2019-05-20 08:40:26 - [TEST_STEP][PASSED] - delay: Delayed 1 second(s)

2019-05-20 08:40:27 - [MESSAGE][PASSED] - Delayed 1 second(s)

2019-05-20 08:40:27 - [TEST_STEP][PASSED] - uploadFile: File 'C:\\Katalon\\Image\\pic10.jpg' sent to object: 'Object Repository/ADMIN/Categories/Category/image_input image'

2019-05-20 08:40:27 - [MESSAGE][PASSED] - File 'C:\\Katalon\\Image\\pic10.jpg' sent to object: 'Object Repository/ADMIN/Categories/Category/image_input image'

2019-05-20 08:40:27 - [TEST_STEP][PASSED] - waitForElementVisible: Object 'Object Repository/ADMIN/Categories/Category/button_upload check' is visible

2019-05-20 08:40:27 - [MESSAGE][WARNING] - Timeout '0' is invalid. Using default page load timeout: '30'

2019-05-20 08:40:27 - [MESSAGE][PASSED] - Object 'Object Repository/ADMIN/Categories/Category/button_upload check' is visible

2019-05-20 08:40:27 - [TEST_STEP][PASSED] - click: Object: 'Object Repository/ADMIN/Categories/Category/button_upload check' is clicked on

2019-05-20 08:40:27 - [MESSAGE][PASSED] - Object: 'Object Repository/ADMIN/Categories/Category/button_upload check' is clicked on

2019-05-20 08:40:27 - [TEST_STEP][PASSED] - click: Object: 'Object Repository/ADMIN/Categories/Category/button_upload save' is clicked on

2019-05-20 08:40:27 - [MESSAGE][PASSED] - Object: 'Object Repository/ADMIN/Categories/Category/button_upload save' is clicked on

2019-05-20 08:40:27 - [TEST_STEP][PASSED] - waitForElementVisible: Object 'Object Repository/ADMIN/Categories/Category/button_upload save' is visible

2019-05-20 08:40:27 - [MESSAGE][WARNING] - Timeout '0' is invalid. Using default page load timeout: '30'

2019-05-20 08:40:27 - [MESSAGE][PASSED] - Object 'Object Repository/ADMIN/Categories/Category/button_upload save' is visible

2019-05-20 08:40:27 - [TEST_STEP][PASSED] - setText: Text 'Description47' is set on object 'Object Repository/ADMIN/Categories/Category/textfield_category_description'

2019-05-20 08:40:28 - [MESSAGE][PASSED] - Text 'Description47' is set on object 'Object Repository/ADMIN/Categories/Category/textfield_category_description'

2019-05-20 08:40:28 - [TEST_STEP][PASSED] - click: Object: 'Object Repository/ADMIN/Categories/Category/button_Save' is clicked on

2019-05-20 08:40:28 - [MESSAGE][PASSED] - Object: 'Object Repository/ADMIN/Categories/Category/button_Save' is clicked on

2019-05-20 08:40:28 - [TEST_STEP][PASSED] - waitForElementVisible: Object 'Object Repository/ADMIN/Categories/Category/label_edit popup' is visible

2019-05-20 08:40:28 - [MESSAGE][WARNING] - Timeout '0' is invalid. Using default page load timeout: '30'

2019-05-20 08:40:29 - [MESSAGE][PASSED] - Object 'Object Repository/ADMIN/Categories/Category/label_edit popup' is visible

2019-05-20 08:40:29 - [TEST_STEP][PASSED] - waitForElementNotPresent: Web element with id: 'Object Repository/ADMIN/Categories/Category/label_edit popup' located by 'By.xpath: //div[(text() = 'Category was successfully saved.' or . = 'Category was successfully saved.')]' is not present after '30' second(s)

2019-05-20 08:40:29 - [MESSAGE][WARNING] - Timeout '0' is invalid. Using default page load timeout: '30'

2019-05-20 08:40:34 - [MESSAGE][PASSED] - Web element with id: 'Object Repository/ADMIN/Categories/Category/label_edit popup' located by 'By.xpath: //div[(text() = 'Category was successfully saved.' or . = 'Category was successfully saved.')]' is not present after '30' second(s)]]></system-out>
         <system-err><![CDATA[]]></system-err>
      </testcase>
      <testcase name="Test Cases/ADMIN/Content Mgmt/Categories/Category Add-Edit/Add Category" classname="Test Cases/ADMIN/Content Mgmt/Categories/Category Add-Edit/Add Category" status="PASSED">
         <system-out><![CDATA[2019-05-20 08:40:34 - [TEST_CASE][PASSED] - Test Cases/ADMIN/Content Mgmt/Categories/Category Add-Edit/Add Category: Test Cases/ADMIN/Content Mgmt/Categories/Category Add-Edit/Add Category

2019-05-20 08:40:34 - [TEST_STEP][PASSED] - waitForElementVisible: Object 'Object Repository/ADMIN/Categories/Category List/button_Content Mgmt' is visible

2019-05-20 08:40:34 - [MESSAGE][WARNING] - Timeout '0' is invalid. Using default page load timeout: '30'

2019-05-20 08:40:34 - [MESSAGE][PASSED] - Object 'Object Repository/ADMIN/Categories/Category List/button_Content Mgmt' is visible

2019-05-20 08:40:34 - [TEST_STEP][PASSED] - click: Object: 'Object Repository/ADMIN/Categories/Category List/button_Content Mgmt' is clicked on

2019-05-20 08:40:34 - [MESSAGE][PASSED] - Object: 'Object Repository/ADMIN/Categories/Category List/button_Content Mgmt' is clicked on

2019-05-20 08:40:34 - [TEST_STEP][PASSED] - waitForElementVisible: Object 'Object Repository/ADMIN/Categories/Category List/button_Categories' is visible

2019-05-20 08:40:34 - [MESSAGE][WARNING] - Timeout '0' is invalid. Using default page load timeout: '30'

2019-05-20 08:40:34 - [MESSAGE][PASSED] - Object 'Object Repository/ADMIN/Categories/Category List/button_Categories' is visible

2019-05-20 08:40:34 - [TEST_STEP][PASSED] - click: Object: 'Object Repository/ADMIN/Categories/Category List/button_Categories' is clicked on

2019-05-20 08:40:35 - [MESSAGE][PASSED] - Object: 'Object Repository/ADMIN/Categories/Category List/button_Categories' is clicked on

2019-05-20 08:40:35 - [TEST_STEP][PASSED] - waitForPageLoad: Wait for page load successfully

2019-05-20 08:40:35 - [MESSAGE][WARNING] - Timeout '0' is invalid. Using default page load timeout: '30'

2019-05-20 08:40:35 - [MESSAGE][PASSED] - Wait for page load successfully

2019-05-20 08:40:35 - [TEST_STEP][PASSED] - click: Object: 'Object Repository/ADMIN/Categories/Category List/button_Add a Category' is clicked on

2019-05-20 08:40:36 - [MESSAGE][PASSED] - Object: 'Object Repository/ADMIN/Categories/Category List/button_Add a Category' is clicked on

2019-05-20 08:40:36 - [TEST_STEP][PASSED] - waitForElementPresent: Object 'Object Repository/ADMIN/Categories/Category/dropdown_Parent' is present

2019-05-20 08:40:36 - [MESSAGE][PASSED] - Object 'Object Repository/ADMIN/Categories/Category/dropdown_Parent' is present

2019-05-20 08:40:36 - [TEST_STEP][PASSED] - delay: Delayed 1 second(s)

2019-05-20 08:40:37 - [MESSAGE][PASSED] - Delayed 1 second(s)

2019-05-20 08:40:37 - [TEST_STEP][PASSED] - setText: Text 'Category 4' is set on object 'Object Repository/ADMIN/Categories/Category/textfield_Category Name'

2019-05-20 08:40:37 - [MESSAGE][PASSED] - Text 'Category 4' is set on object 'Object Repository/ADMIN/Categories/Category/textfield_Category Name'

2019-05-20 08:40:37 - [TEST_STEP][PASSED] - click: Object: 'Object Repository/ADMIN/Categories/Category/dropdown_Parent' is clicked on

2019-05-20 08:40:38 - [MESSAGE][PASSED] - Object: 'Object Repository/ADMIN/Categories/Category/dropdown_Parent' is clicked on

2019-05-20 08:40:38 - [TEST_STEP][PASSED] - delay: Delayed 2 second(s)

2019-05-20 08:40:40 - [MESSAGE][PASSED] - Delayed 2 second(s)

2019-05-20 08:40:40 - [TEST_STEP][PASSED] - click: Object: 'Object Repository/ADMIN/Categories/Category/dropdown_Parent' is clicked on

2019-05-20 08:40:40 - [MESSAGE][PASSED] - Object: 'Object Repository/ADMIN/Categories/Category/dropdown_Parent' is clicked on

2019-05-20 08:40:40 - [TEST_STEP][PASSED] - selectOptionByLabel: All options with label '-' are selected in object 'Object Repository/ADMIN/Categories/Category/dropdown_Parent' 

2019-05-20 08:40:40 - [MESSAGE][PASSED] - All options with label '-' are selected in object 'Object Repository/ADMIN/Categories/Category/dropdown_Parent' 

2019-05-20 08:40:40 - [TEST_STEP][PASSED] - click: Object: 'Object Repository/ADMIN/Categories/Category/button_Browse' is clicked on

2019-05-20 08:40:40 - [MESSAGE][PASSED] - Object: 'Object Repository/ADMIN/Categories/Category/button_Browse' is clicked on

2019-05-20 08:40:40 - [TEST_STEP][PASSED] - delay: Delayed 1 second(s)

2019-05-20 08:40:41 - [MESSAGE][PASSED] - Delayed 1 second(s)

2019-05-20 08:40:41 - [TEST_STEP][PASSED] - uploadFile: File 'C:\\Katalon\\Image\\pic11.jpg' sent to object: 'Object Repository/ADMIN/Categories/Category/image_input image'

2019-05-20 08:40:41 - [MESSAGE][PASSED] - File 'C:\\Katalon\\Image\\pic11.jpg' sent to object: 'Object Repository/ADMIN/Categories/Category/image_input image'

2019-05-20 08:40:41 - [TEST_STEP][PASSED] - waitForElementVisible: Object 'Object Repository/ADMIN/Categories/Category/button_upload check' is visible

2019-05-20 08:40:41 - [MESSAGE][WARNING] - Timeout '0' is invalid. Using default page load timeout: '30'

2019-05-20 08:40:41 - [MESSAGE][PASSED] - Object 'Object Repository/ADMIN/Categories/Category/button_upload check' is visible

2019-05-20 08:40:41 - [TEST_STEP][PASSED] - click: Object: 'Object Repository/ADMIN/Categories/Category/button_upload check' is clicked on

2019-05-20 08:40:41 - [MESSAGE][PASSED] - Object: 'Object Repository/ADMIN/Categories/Category/button_upload check' is clicked on

2019-05-20 08:40:41 - [TEST_STEP][PASSED] - click: Object: 'Object Repository/ADMIN/Categories/Category/button_upload save' is clicked on

2019-05-20 08:40:41 - [MESSAGE][PASSED] - Object: 'Object Repository/ADMIN/Categories/Category/button_upload save' is clicked on

2019-05-20 08:40:41 - [TEST_STEP][PASSED] - waitForElementVisible: Object 'Object Repository/ADMIN/Categories/Category/button_upload save' is visible

2019-05-20 08:40:41 - [MESSAGE][WARNING] - Timeout '0' is invalid. Using default page load timeout: '30'

2019-05-20 08:40:42 - [MESSAGE][PASSED] - Object 'Object Repository/ADMIN/Categories/Category/button_upload save' is visible

2019-05-20 08:40:42 - [TEST_STEP][PASSED] - setText: Text 'Description48' is set on object 'Object Repository/ADMIN/Categories/Category/textfield_category_description'

2019-05-20 08:40:42 - [MESSAGE][PASSED] - Text 'Description48' is set on object 'Object Repository/ADMIN/Categories/Category/textfield_category_description'

2019-05-20 08:40:42 - [TEST_STEP][PASSED] - click: Object: 'Object Repository/ADMIN/Categories/Category/button_Save' is clicked on

2019-05-20 08:40:42 - [MESSAGE][PASSED] - Object: 'Object Repository/ADMIN/Categories/Category/button_Save' is clicked on

2019-05-20 08:40:42 - [TEST_STEP][PASSED] - waitForElementVisible: Object 'Object Repository/ADMIN/Categories/Category/label_edit popup' is visible

2019-05-20 08:40:42 - [MESSAGE][WARNING] - Timeout '0' is invalid. Using default page load timeout: '30'

2019-05-20 08:40:43 - [MESSAGE][PASSED] - Object 'Object Repository/ADMIN/Categories/Category/label_edit popup' is visible

2019-05-20 08:40:43 - [TEST_STEP][PASSED] - waitForElementNotPresent: Web element with id: 'Object Repository/ADMIN/Categories/Category/label_edit popup' located by 'By.xpath: //div[(text() = 'Category was successfully saved.' or . = 'Category was successfully saved.')]' is not present after '30' second(s)

2019-05-20 08:40:43 - [MESSAGE][WARNING] - Timeout '0' is invalid. Using default page load timeout: '30'

2019-05-20 08:40:49 - [MESSAGE][PASSED] - Web element with id: 'Object Repository/ADMIN/Categories/Category/label_edit popup' located by 'By.xpath: //div[(text() = 'Category was successfully saved.' or . = 'Category was successfully saved.')]' is not present after '30' second(s)]]></system-out>
         <system-err><![CDATA[]]></system-err>
      </testcase>
      <testcase name="Test Cases/ADMIN/Content Mgmt/Categories/Category Add-Edit/Add Category" classname="Test Cases/ADMIN/Content Mgmt/Categories/Category Add-Edit/Add Category" status="PASSED">
         <system-out><![CDATA[2019-05-20 08:40:49 - [TEST_CASE][PASSED] - Test Cases/ADMIN/Content Mgmt/Categories/Category Add-Edit/Add Category: Test Cases/ADMIN/Content Mgmt/Categories/Category Add-Edit/Add Category

2019-05-20 08:40:49 - [TEST_STEP][PASSED] - waitForElementVisible: Object 'Object Repository/ADMIN/Categories/Category List/button_Content Mgmt' is visible

2019-05-20 08:40:49 - [MESSAGE][WARNING] - Timeout '0' is invalid. Using default page load timeout: '30'

2019-05-20 08:40:49 - [MESSAGE][PASSED] - Object 'Object Repository/ADMIN/Categories/Category List/button_Content Mgmt' is visible

2019-05-20 08:40:49 - [TEST_STEP][PASSED] - click: Object: 'Object Repository/ADMIN/Categories/Category List/button_Content Mgmt' is clicked on

2019-05-20 08:40:49 - [MESSAGE][PASSED] - Object: 'Object Repository/ADMIN/Categories/Category List/button_Content Mgmt' is clicked on

2019-05-20 08:40:49 - [TEST_STEP][PASSED] - waitForElementVisible: Object 'Object Repository/ADMIN/Categories/Category List/button_Categories' is visible

2019-05-20 08:40:49 - [MESSAGE][WARNING] - Timeout '0' is invalid. Using default page load timeout: '30'

2019-05-20 08:40:49 - [MESSAGE][PASSED] - Object 'Object Repository/ADMIN/Categories/Category List/button_Categories' is visible

2019-05-20 08:40:49 - [TEST_STEP][PASSED] - click: Object: 'Object Repository/ADMIN/Categories/Category List/button_Categories' is clicked on

2019-05-20 08:40:49 - [MESSAGE][PASSED] - Object: 'Object Repository/ADMIN/Categories/Category List/button_Categories' is clicked on

2019-05-20 08:40:49 - [TEST_STEP][PASSED] - waitForPageLoad: Wait for page load successfully

2019-05-20 08:40:49 - [MESSAGE][WARNING] - Timeout '0' is invalid. Using default page load timeout: '30'

2019-05-20 08:40:49 - [MESSAGE][PASSED] - Wait for page load successfully

2019-05-20 08:40:49 - [TEST_STEP][PASSED] - click: Object: 'Object Repository/ADMIN/Categories/Category List/button_Add a Category' is clicked on

2019-05-20 08:40:50 - [MESSAGE][PASSED] - Object: 'Object Repository/ADMIN/Categories/Category List/button_Add a Category' is clicked on

2019-05-20 08:40:50 - [TEST_STEP][PASSED] - waitForElementPresent: Object 'Object Repository/ADMIN/Categories/Category/dropdown_Parent' is present

2019-05-20 08:40:50 - [MESSAGE][PASSED] - Object 'Object Repository/ADMIN/Categories/Category/dropdown_Parent' is present

2019-05-20 08:40:50 - [TEST_STEP][PASSED] - delay: Delayed 1 second(s)

2019-05-20 08:40:51 - [MESSAGE][PASSED] - Delayed 1 second(s)

2019-05-20 08:40:51 - [TEST_STEP][PASSED] - setText: Text 'Category 4.1' is set on object 'Object Repository/ADMIN/Categories/Category/textfield_Category Name'

2019-05-20 08:40:51 - [MESSAGE][PASSED] - Text 'Category 4.1' is set on object 'Object Repository/ADMIN/Categories/Category/textfield_Category Name'

2019-05-20 08:40:51 - [TEST_STEP][PASSED] - click: Object: 'Object Repository/ADMIN/Categories/Category/dropdown_Parent' is clicked on

2019-05-20 08:40:51 - [MESSAGE][PASSED] - Object: 'Object Repository/ADMIN/Categories/Category/dropdown_Parent' is clicked on

2019-05-20 08:40:51 - [TEST_STEP][PASSED] - delay: Delayed 2 second(s)

2019-05-20 08:40:53 - [MESSAGE][PASSED] - Delayed 2 second(s)

2019-05-20 08:40:53 - [TEST_STEP][PASSED] - click: Object: 'Object Repository/ADMIN/Categories/Category/dropdown_Parent' is clicked on

2019-05-20 08:40:54 - [MESSAGE][PASSED] - Object: 'Object Repository/ADMIN/Categories/Category/dropdown_Parent' is clicked on

2019-05-20 08:40:54 - [TEST_STEP][PASSED] - selectOptionByLabel: All options with label 'Category 4' are selected in object 'Object Repository/ADMIN/Categories/Category/dropdown_Parent' 

2019-05-20 08:40:54 - [MESSAGE][PASSED] - All options with label 'Category 4' are selected in object 'Object Repository/ADMIN/Categories/Category/dropdown_Parent' 

2019-05-20 08:40:54 - [TEST_STEP][PASSED] - click: Object: 'Object Repository/ADMIN/Categories/Category/button_Browse' is clicked on

2019-05-20 08:40:54 - [MESSAGE][PASSED] - Object: 'Object Repository/ADMIN/Categories/Category/button_Browse' is clicked on

2019-05-20 08:40:54 - [TEST_STEP][PASSED] - delay: Delayed 1 second(s)

2019-05-20 08:40:55 - [MESSAGE][PASSED] - Delayed 1 second(s)

2019-05-20 08:40:55 - [TEST_STEP][PASSED] - uploadFile: File 'C:\\Katalon\\Image\\pic12.jpg' sent to object: 'Object Repository/ADMIN/Categories/Category/image_input image'

2019-05-20 08:40:55 - [MESSAGE][PASSED] - File 'C:\\Katalon\\Image\\pic12.jpg' sent to object: 'Object Repository/ADMIN/Categories/Category/image_input image'

2019-05-20 08:40:55 - [TEST_STEP][PASSED] - waitForElementVisible: Object 'Object Repository/ADMIN/Categories/Category/button_upload check' is visible

2019-05-20 08:40:55 - [MESSAGE][WARNING] - Timeout '0' is invalid. Using default page load timeout: '30'

2019-05-20 08:40:55 - [MESSAGE][PASSED] - Object 'Object Repository/ADMIN/Categories/Category/button_upload check' is visible

2019-05-20 08:40:55 - [TEST_STEP][PASSED] - click: Object: 'Object Repository/ADMIN/Categories/Category/button_upload check' is clicked on

2019-05-20 08:40:55 - [MESSAGE][PASSED] - Object: 'Object Repository/ADMIN/Categories/Category/button_upload check' is clicked on

2019-05-20 08:40:55 - [TEST_STEP][PASSED] - click: Object: 'Object Repository/ADMIN/Categories/Category/button_upload save' is clicked on

2019-05-20 08:40:55 - [MESSAGE][PASSED] - Object: 'Object Repository/ADMIN/Categories/Category/button_upload save' is clicked on

2019-05-20 08:40:55 - [TEST_STEP][PASSED] - waitForElementVisible: Object 'Object Repository/ADMIN/Categories/Category/button_upload save' is visible

2019-05-20 08:40:55 - [MESSAGE][WARNING] - Timeout '0' is invalid. Using default page load timeout: '30'

2019-05-20 08:40:55 - [MESSAGE][PASSED] - Object 'Object Repository/ADMIN/Categories/Category/button_upload save' is visible

2019-05-20 08:40:55 - [TEST_STEP][PASSED] - setText: Text 'Description49' is set on object 'Object Repository/ADMIN/Categories/Category/textfield_category_description'

2019-05-20 08:40:55 - [MESSAGE][PASSED] - Text 'Description49' is set on object 'Object Repository/ADMIN/Categories/Category/textfield_category_description'

2019-05-20 08:40:55 - [TEST_STEP][PASSED] - click: Object: 'Object Repository/ADMIN/Categories/Category/button_Save' is clicked on

2019-05-20 08:40:56 - [MESSAGE][PASSED] - Object: 'Object Repository/ADMIN/Categories/Category/button_Save' is clicked on

2019-05-20 08:40:56 - [TEST_STEP][PASSED] - waitForElementVisible: Object 'Object Repository/ADMIN/Categories/Category/label_edit popup' is visible

2019-05-20 08:40:56 - [MESSAGE][WARNING] - Timeout '0' is invalid. Using default page load timeout: '30'

2019-05-20 08:40:58 - [MESSAGE][PASSED] - Object 'Object Repository/ADMIN/Categories/Category/label_edit popup' is visible

2019-05-20 08:40:58 - [TEST_STEP][PASSED] - waitForElementNotPresent: Web element with id: 'Object Repository/ADMIN/Categories/Category/label_edit popup' located by 'By.xpath: //div[(text() = 'Category was successfully saved.' or . = 'Category was successfully saved.')]' is not present after '30' second(s)

2019-05-20 08:40:58 - [MESSAGE][WARNING] - Timeout '0' is invalid. Using default page load timeout: '30'

2019-05-20 08:41:02 - [MESSAGE][PASSED] - Web element with id: 'Object Repository/ADMIN/Categories/Category/label_edit popup' located by 'By.xpath: //div[(text() = 'Category was successfully saved.' or . = 'Category was successfully saved.')]' is not present after '30' second(s)]]></system-out>
         <system-err><![CDATA[]]></system-err>
      </testcase>
      <testcase name="Test Cases/ADMIN/Content Mgmt/Categories/Category Add-Edit/Add Category" classname="Test Cases/ADMIN/Content Mgmt/Categories/Category Add-Edit/Add Category" status="PASSED">
         <system-out><![CDATA[2019-05-20 08:41:02 - [TEST_CASE][PASSED] - Test Cases/ADMIN/Content Mgmt/Categories/Category Add-Edit/Add Category: Test Cases/ADMIN/Content Mgmt/Categories/Category Add-Edit/Add Category

2019-05-20 08:41:02 - [TEST_STEP][PASSED] - waitForElementVisible: Object 'Object Repository/ADMIN/Categories/Category List/button_Content Mgmt' is visible

2019-05-20 08:41:02 - [MESSAGE][WARNING] - Timeout '0' is invalid. Using default page load timeout: '30'

2019-05-20 08:41:03 - [MESSAGE][PASSED] - Object 'Object Repository/ADMIN/Categories/Category List/button_Content Mgmt' is visible

2019-05-20 08:41:03 - [TEST_STEP][PASSED] - click: Object: 'Object Repository/ADMIN/Categories/Category List/button_Content Mgmt' is clicked on

2019-05-20 08:41:03 - [MESSAGE][PASSED] - Object: 'Object Repository/ADMIN/Categories/Category List/button_Content Mgmt' is clicked on

2019-05-20 08:41:03 - [TEST_STEP][PASSED] - waitForElementVisible: Object 'Object Repository/ADMIN/Categories/Category List/button_Categories' is visible

2019-05-20 08:41:03 - [MESSAGE][WARNING] - Timeout '0' is invalid. Using default page load timeout: '30'

2019-05-20 08:41:03 - [MESSAGE][PASSED] - Object 'Object Repository/ADMIN/Categories/Category List/button_Categories' is visible

2019-05-20 08:41:03 - [TEST_STEP][PASSED] - click: Object: 'Object Repository/ADMIN/Categories/Category List/button_Categories' is clicked on

2019-05-20 08:41:04 - [MESSAGE][PASSED] - Object: 'Object Repository/ADMIN/Categories/Category List/button_Categories' is clicked on

2019-05-20 08:41:04 - [TEST_STEP][PASSED] - waitForPageLoad: Wait for page load successfully

2019-05-20 08:41:04 - [MESSAGE][WARNING] - Timeout '0' is invalid. Using default page load timeout: '30'

2019-05-20 08:41:04 - [MESSAGE][PASSED] - Wait for page load successfully

2019-05-20 08:41:04 - [TEST_STEP][PASSED] - click: Object: 'Object Repository/ADMIN/Categories/Category List/button_Add a Category' is clicked on

2019-05-20 08:41:04 - [MESSAGE][PASSED] - Object: 'Object Repository/ADMIN/Categories/Category List/button_Add a Category' is clicked on

2019-05-20 08:41:04 - [TEST_STEP][PASSED] - waitForElementPresent: Object 'Object Repository/ADMIN/Categories/Category/dropdown_Parent' is present

2019-05-20 08:41:04 - [MESSAGE][PASSED] - Object 'Object Repository/ADMIN/Categories/Category/dropdown_Parent' is present

2019-05-20 08:41:04 - [TEST_STEP][PASSED] - delay: Delayed 1 second(s)

2019-05-20 08:41:05 - [MESSAGE][PASSED] - Delayed 1 second(s)

2019-05-20 08:41:05 - [TEST_STEP][PASSED] - setText: Text 'Category 4.2' is set on object 'Object Repository/ADMIN/Categories/Category/textfield_Category Name'

2019-05-20 08:41:06 - [MESSAGE][PASSED] - Text 'Category 4.2' is set on object 'Object Repository/ADMIN/Categories/Category/textfield_Category Name'

2019-05-20 08:41:06 - [TEST_STEP][PASSED] - click: Object: 'Object Repository/ADMIN/Categories/Category/dropdown_Parent' is clicked on

2019-05-20 08:41:06 - [MESSAGE][PASSED] - Object: 'Object Repository/ADMIN/Categories/Category/dropdown_Parent' is clicked on

2019-05-20 08:41:06 - [TEST_STEP][PASSED] - delay: Delayed 2 second(s)

2019-05-20 08:41:08 - [MESSAGE][PASSED] - Delayed 2 second(s)

2019-05-20 08:41:08 - [TEST_STEP][PASSED] - click: Object: 'Object Repository/ADMIN/Categories/Category/dropdown_Parent' is clicked on

2019-05-20 08:41:08 - [MESSAGE][PASSED] - Object: 'Object Repository/ADMIN/Categories/Category/dropdown_Parent' is clicked on

2019-05-20 08:41:08 - [TEST_STEP][PASSED] - selectOptionByLabel: All options with label 'Category 4' are selected in object 'Object Repository/ADMIN/Categories/Category/dropdown_Parent' 

2019-05-20 08:41:08 - [MESSAGE][PASSED] - All options with label 'Category 4' are selected in object 'Object Repository/ADMIN/Categories/Category/dropdown_Parent' 

2019-05-20 08:41:08 - [TEST_STEP][PASSED] - click: Object: 'Object Repository/ADMIN/Categories/Category/button_Browse' is clicked on

2019-05-20 08:41:08 - [MESSAGE][PASSED] - Object: 'Object Repository/ADMIN/Categories/Category/button_Browse' is clicked on

2019-05-20 08:41:08 - [TEST_STEP][PASSED] - delay: Delayed 1 second(s)

2019-05-20 08:41:09 - [MESSAGE][PASSED] - Delayed 1 second(s)

2019-05-20 08:41:09 - [TEST_STEP][PASSED] - uploadFile: File 'C:\\Katalon\\Image\\pic1.jpg' sent to object: 'Object Repository/ADMIN/Categories/Category/image_input image'

2019-05-20 08:41:09 - [MESSAGE][PASSED] - File 'C:\\Katalon\\Image\\pic1.jpg' sent to object: 'Object Repository/ADMIN/Categories/Category/image_input image'

2019-05-20 08:41:09 - [TEST_STEP][PASSED] - waitForElementVisible: Object 'Object Repository/ADMIN/Categories/Category/button_upload check' is visible

2019-05-20 08:41:09 - [MESSAGE][WARNING] - Timeout '0' is invalid. Using default page load timeout: '30'

2019-05-20 08:41:09 - [MESSAGE][PASSED] - Object 'Object Repository/ADMIN/Categories/Category/button_upload check' is visible

2019-05-20 08:41:09 - [TEST_STEP][PASSED] - click: Object: 'Object Repository/ADMIN/Categories/Category/button_upload check' is clicked on

2019-05-20 08:41:09 - [MESSAGE][PASSED] - Object: 'Object Repository/ADMIN/Categories/Category/button_upload check' is clicked on

2019-05-20 08:41:09 - [TEST_STEP][PASSED] - click: Object: 'Object Repository/ADMIN/Categories/Category/button_upload save' is clicked on

2019-05-20 08:41:10 - [MESSAGE][PASSED] - Object: 'Object Repository/ADMIN/Categories/Category/button_upload save' is clicked on

2019-05-20 08:41:10 - [TEST_STEP][PASSED] - waitForElementVisible: Object 'Object Repository/ADMIN/Categories/Category/button_upload save' is visible

2019-05-20 08:41:10 - [MESSAGE][WARNING] - Timeout '0' is invalid. Using default page load timeout: '30'

2019-05-20 08:41:10 - [MESSAGE][PASSED] - Object 'Object Repository/ADMIN/Categories/Category/button_upload save' is visible

2019-05-20 08:41:10 - [TEST_STEP][PASSED] - setText: Text 'Description50' is set on object 'Object Repository/ADMIN/Categories/Category/textfield_category_description'

2019-05-20 08:41:10 - [MESSAGE][PASSED] - Text 'Description50' is set on object 'Object Repository/ADMIN/Categories/Category/textfield_category_description'

2019-05-20 08:41:10 - [TEST_STEP][PASSED] - click: Object: 'Object Repository/ADMIN/Categories/Category/button_Save' is clicked on

2019-05-20 08:41:10 - [MESSAGE][PASSED] - Object: 'Object Repository/ADMIN/Categories/Category/button_Save' is clicked on

2019-05-20 08:41:10 - [TEST_STEP][PASSED] - waitForElementVisible: Object 'Object Repository/ADMIN/Categories/Category/label_edit popup' is visible

2019-05-20 08:41:10 - [MESSAGE][WARNING] - Timeout '0' is invalid. Using default page load timeout: '30'

2019-05-20 08:41:11 - [MESSAGE][PASSED] - Object 'Object Repository/ADMIN/Categories/Category/label_edit popup' is visible

2019-05-20 08:41:11 - [TEST_STEP][PASSED] - waitForElementNotPresent: Web element with id: 'Object Repository/ADMIN/Categories/Category/label_edit popup' located by 'By.xpath: //div[(text() = 'Category was successfully saved.' or . = 'Category was successfully saved.')]' is not present after '30' second(s)

2019-05-20 08:41:11 - [MESSAGE][WARNING] - Timeout '0' is invalid. Using default page load timeout: '30'

2019-05-20 08:41:17 - [MESSAGE][PASSED] - Web element with id: 'Object Repository/ADMIN/Categories/Category/label_edit popup' located by 'By.xpath: //div[(text() = 'Category was successfully saved.' or . = 'Category was successfully saved.')]' is not present after '30' second(s)]]></system-out>
         <system-err><![CDATA[]]></system-err>
      </testcase>
      <testcase name="Test Cases/ADMIN/Content Mgmt/Categories/Category Add-Edit/Add Category" classname="Test Cases/ADMIN/Content Mgmt/Categories/Category Add-Edit/Add Category" status="PASSED">
         <system-out><![CDATA[2019-05-20 08:41:17 - [TEST_CASE][PASSED] - Test Cases/ADMIN/Content Mgmt/Categories/Category Add-Edit/Add Category: Test Cases/ADMIN/Content Mgmt/Categories/Category Add-Edit/Add Category

2019-05-20 08:41:17 - [TEST_STEP][PASSED] - waitForElementVisible: Object 'Object Repository/ADMIN/Categories/Category List/button_Content Mgmt' is visible

2019-05-20 08:41:17 - [MESSAGE][WARNING] - Timeout '0' is invalid. Using default page load timeout: '30'

2019-05-20 08:41:17 - [MESSAGE][PASSED] - Object 'Object Repository/ADMIN/Categories/Category List/button_Content Mgmt' is visible

2019-05-20 08:41:17 - [TEST_STEP][PASSED] - click: Object: 'Object Repository/ADMIN/Categories/Category List/button_Content Mgmt' is clicked on

2019-05-20 08:41:17 - [MESSAGE][PASSED] - Object: 'Object Repository/ADMIN/Categories/Category List/button_Content Mgmt' is clicked on

2019-05-20 08:41:17 - [TEST_STEP][PASSED] - waitForElementVisible: Object 'Object Repository/ADMIN/Categories/Category List/button_Categories' is visible

2019-05-20 08:41:17 - [MESSAGE][WARNING] - Timeout '0' is invalid. Using default page load timeout: '30'

2019-05-20 08:41:17 - [MESSAGE][PASSED] - Object 'Object Repository/ADMIN/Categories/Category List/button_Categories' is visible

2019-05-20 08:41:17 - [TEST_STEP][PASSED] - click: Object: 'Object Repository/ADMIN/Categories/Category List/button_Categories' is clicked on

2019-05-20 08:41:18 - [MESSAGE][PASSED] - Object: 'Object Repository/ADMIN/Categories/Category List/button_Categories' is clicked on

2019-05-20 08:41:18 - [TEST_STEP][PASSED] - waitForPageLoad: Wait for page load successfully

2019-05-20 08:41:18 - [MESSAGE][WARNING] - Timeout '0' is invalid. Using default page load timeout: '30'

2019-05-20 08:41:18 - [MESSAGE][PASSED] - Wait for page load successfully

2019-05-20 08:41:18 - [TEST_STEP][PASSED] - click: Object: 'Object Repository/ADMIN/Categories/Category List/button_Add a Category' is clicked on

2019-05-20 08:41:18 - [MESSAGE][PASSED] - Object: 'Object Repository/ADMIN/Categories/Category List/button_Add a Category' is clicked on

2019-05-20 08:41:18 - [TEST_STEP][PASSED] - waitForElementPresent: Object 'Object Repository/ADMIN/Categories/Category/dropdown_Parent' is present

2019-05-20 08:41:18 - [MESSAGE][PASSED] - Object 'Object Repository/ADMIN/Categories/Category/dropdown_Parent' is present

2019-05-20 08:41:18 - [TEST_STEP][PASSED] - delay: Delayed 1 second(s)

2019-05-20 08:41:19 - [MESSAGE][PASSED] - Delayed 1 second(s)

2019-05-20 08:41:19 - [TEST_STEP][PASSED] - setText: Text 'Category 4.3' is set on object 'Object Repository/ADMIN/Categories/Category/textfield_Category Name'

2019-05-20 08:41:20 - [MESSAGE][PASSED] - Text 'Category 4.3' is set on object 'Object Repository/ADMIN/Categories/Category/textfield_Category Name'

2019-05-20 08:41:20 - [TEST_STEP][PASSED] - click: Object: 'Object Repository/ADMIN/Categories/Category/dropdown_Parent' is clicked on

2019-05-20 08:41:20 - [MESSAGE][PASSED] - Object: 'Object Repository/ADMIN/Categories/Category/dropdown_Parent' is clicked on

2019-05-20 08:41:20 - [TEST_STEP][PASSED] - delay: Delayed 2 second(s)

2019-05-20 08:41:22 - [MESSAGE][PASSED] - Delayed 2 second(s)

2019-05-20 08:41:22 - [TEST_STEP][PASSED] - click: Object: 'Object Repository/ADMIN/Categories/Category/dropdown_Parent' is clicked on

2019-05-20 08:41:22 - [MESSAGE][PASSED] - Object: 'Object Repository/ADMIN/Categories/Category/dropdown_Parent' is clicked on

2019-05-20 08:41:22 - [TEST_STEP][PASSED] - selectOptionByLabel: All options with label 'Category 4' are selected in object 'Object Repository/ADMIN/Categories/Category/dropdown_Parent' 

2019-05-20 08:41:22 - [MESSAGE][PASSED] - All options with label 'Category 4' are selected in object 'Object Repository/ADMIN/Categories/Category/dropdown_Parent' 

2019-05-20 08:41:22 - [TEST_STEP][PASSED] - click: Object: 'Object Repository/ADMIN/Categories/Category/button_Browse' is clicked on

2019-05-20 08:41:22 - [MESSAGE][PASSED] - Object: 'Object Repository/ADMIN/Categories/Category/button_Browse' is clicked on

2019-05-20 08:41:22 - [TEST_STEP][PASSED] - delay: Delayed 1 second(s)

2019-05-20 08:41:23 - [MESSAGE][PASSED] - Delayed 1 second(s)

2019-05-20 08:41:23 - [TEST_STEP][PASSED] - uploadFile: File 'C:\\Katalon\\Image\\pic2.jpg' sent to object: 'Object Repository/ADMIN/Categories/Category/image_input image'

2019-05-20 08:41:23 - [MESSAGE][PASSED] - File 'C:\\Katalon\\Image\\pic2.jpg' sent to object: 'Object Repository/ADMIN/Categories/Category/image_input image'

2019-05-20 08:41:23 - [TEST_STEP][PASSED] - waitForElementVisible: Object 'Object Repository/ADMIN/Categories/Category/button_upload check' is visible

2019-05-20 08:41:23 - [MESSAGE][WARNING] - Timeout '0' is invalid. Using default page load timeout: '30'

2019-05-20 08:41:23 - [MESSAGE][PASSED] - Object 'Object Repository/ADMIN/Categories/Category/button_upload check' is visible

2019-05-20 08:41:23 - [TEST_STEP][PASSED] - click: Object: 'Object Repository/ADMIN/Categories/Category/button_upload check' is clicked on

2019-05-20 08:41:24 - [MESSAGE][PASSED] - Object: 'Object Repository/ADMIN/Categories/Category/button_upload check' is clicked on

2019-05-20 08:41:24 - [TEST_STEP][PASSED] - click: Object: 'Object Repository/ADMIN/Categories/Category/button_upload save' is clicked on

2019-05-20 08:41:24 - [MESSAGE][PASSED] - Object: 'Object Repository/ADMIN/Categories/Category/button_upload save' is clicked on

2019-05-20 08:41:24 - [TEST_STEP][PASSED] - waitForElementVisible: Object 'Object Repository/ADMIN/Categories/Category/button_upload save' is visible

2019-05-20 08:41:24 - [MESSAGE][WARNING] - Timeout '0' is invalid. Using default page load timeout: '30'

2019-05-20 08:41:24 - [MESSAGE][PASSED] - Object 'Object Repository/ADMIN/Categories/Category/button_upload save' is visible

2019-05-20 08:41:24 - [TEST_STEP][PASSED] - setText: Text 'Description51' is set on object 'Object Repository/ADMIN/Categories/Category/textfield_category_description'

2019-05-20 08:41:24 - [MESSAGE][PASSED] - Text 'Description51' is set on object 'Object Repository/ADMIN/Categories/Category/textfield_category_description'

2019-05-20 08:41:24 - [TEST_STEP][PASSED] - click: Object: 'Object Repository/ADMIN/Categories/Category/button_Save' is clicked on

2019-05-20 08:41:24 - [MESSAGE][PASSED] - Object: 'Object Repository/ADMIN/Categories/Category/button_Save' is clicked on

2019-05-20 08:41:24 - [TEST_STEP][PASSED] - waitForElementVisible: Object 'Object Repository/ADMIN/Categories/Category/label_edit popup' is visible

2019-05-20 08:41:24 - [MESSAGE][WARNING] - Timeout '0' is invalid. Using default page load timeout: '30'

2019-05-20 08:41:25 - [MESSAGE][PASSED] - Object 'Object Repository/ADMIN/Categories/Category/label_edit popup' is visible

2019-05-20 08:41:25 - [TEST_STEP][PASSED] - waitForElementNotPresent: Web element with id: 'Object Repository/ADMIN/Categories/Category/label_edit popup' located by 'By.xpath: //div[(text() = 'Category was successfully saved.' or . = 'Category was successfully saved.')]' is not present after '30' second(s)

2019-05-20 08:41:25 - [MESSAGE][WARNING] - Timeout '0' is invalid. Using default page load timeout: '30'

2019-05-20 08:41:31 - [MESSAGE][PASSED] - Web element with id: 'Object Repository/ADMIN/Categories/Category/label_edit popup' located by 'By.xpath: //div[(text() = 'Category was successfully saved.' or . = 'Category was successfully saved.')]' is not present after '30' second(s)]]></system-out>
         <system-err><![CDATA[]]></system-err>
      </testcase>
      <testcase name="Test Cases/ADMIN/Content Mgmt/Categories/Category Add-Edit/Add Category" classname="Test Cases/ADMIN/Content Mgmt/Categories/Category Add-Edit/Add Category" status="FAILED">
         <failure type="FAILED" message="Unable to wait for object 'Object Repository/ADMIN/Categories/Category/button_upload save' to be visible (Root cause: org.openqa.selenium.StaleElementReferenceException: stale element reference: element is not attached to the page document
  (Session info: chrome=74.0.3729.157)
  (Driver info: chromedriver=2.35.528161 (5b82f2d2aae0ca24b877009200ced9065a772e73),platform=Windows NT 6.1.7601 SP1 x86_64) (WARNING: The server did not provide any stacktrace information)
Command duration or timeout: 0 milliseconds
For documentation on this error, please visit: http://seleniumhq.org/exceptions/stale_element_reference.html
Build info: version: '3.7.1', revision: '8a0099a', time: '2017-11-06T21:07:36.161Z'
System info: host: 'ARCADIER-PC', ip: '10.10.31.95', os.name: 'Windows 7', os.arch: 'amd64', os.version: '6.1', java.version: '1.8.0_102'
Driver info: com.kms.katalon.core.webui.driver.ExistingRemoteWebDriver
Capabilities {javascriptEnabled: true, platform: ANY, platformName: ANY}
Session ID: 2609dc86013a09d8daebbf33ac0c67a9)"/>
         <system-out><![CDATA[2019-05-20 08:41:31 - [TEST_CASE][FAILED] - Test Cases/ADMIN/Content Mgmt/Categories/Category Add-Edit/Add Category: Test Cases/ADMIN/Content Mgmt/Categories/Category Add-Edit/Add Category FAILED because (of) Unable to wait for object 'Object Repository/ADMIN/Categories/Category/button_upload save' to be visible (Root cause: org.openqa.selenium.StaleElementReferenceException: stale element reference: element is not attached to the page document
  (Session info: chrome=74.0.3729.157)
  (Driver info: chromedriver=2.35.528161 (5b82f2d2aae0ca24b877009200ced9065a772e73),platform=Windows NT 6.1.7601 SP1 x86_64) (WARNING: The server did not provide any stacktrace information)
Command duration or timeout: 0 milliseconds
For documentation on this error, please visit: http://seleniumhq.org/exceptions/stale_element_reference.html
Build info: version: '3.7.1', revision: '8a0099a', time: '2017-11-06T21:07:36.161Z'
System info: host: 'ARCADIER-PC', ip: '10.10.31.95', os.name: 'Windows 7', os.arch: 'amd64', os.version: '6.1', java.version: '1.8.0_102'
Driver info: com.kms.katalon.core.webui.driver.ExistingRemoteWebDriver
Capabilities {javascriptEnabled: true, platform: ANY, platformName: ANY}
Session ID: 2609dc86013a09d8daebbf33ac0c67a9)

2019-05-20 08:41:31 - [TEST_STEP][PASSED] - waitForElementVisible: Object 'Object Repository/ADMIN/Categories/Category List/button_Content Mgmt' is visible

2019-05-20 08:41:31 - [MESSAGE][WARNING] - Timeout '0' is invalid. Using default page load timeout: '30'

2019-05-20 08:41:31 - [MESSAGE][PASSED] - Object 'Object Repository/ADMIN/Categories/Category List/button_Content Mgmt' is visible

2019-05-20 08:41:31 - [TEST_STEP][PASSED] - click: Object: 'Object Repository/ADMIN/Categories/Category List/button_Content Mgmt' is clicked on

2019-05-20 08:41:31 - [MESSAGE][PASSED] - Object: 'Object Repository/ADMIN/Categories/Category List/button_Content Mgmt' is clicked on

2019-05-20 08:41:31 - [TEST_STEP][PASSED] - waitForElementVisible: Object 'Object Repository/ADMIN/Categories/Category List/button_Categories' is visible

2019-05-20 08:41:31 - [MESSAGE][WARNING] - Timeout '0' is invalid. Using default page load timeout: '30'

2019-05-20 08:41:32 - [MESSAGE][PASSED] - Object 'Object Repository/ADMIN/Categories/Category List/button_Categories' is visible

2019-05-20 08:41:32 - [TEST_STEP][PASSED] - click: Object: 'Object Repository/ADMIN/Categories/Category List/button_Categories' is clicked on

2019-05-20 08:41:32 - [MESSAGE][PASSED] - Object: 'Object Repository/ADMIN/Categories/Category List/button_Categories' is clicked on

2019-05-20 08:41:32 - [TEST_STEP][PASSED] - waitForPageLoad: Wait for page load successfully

2019-05-20 08:41:32 - [MESSAGE][WARNING] - Timeout '0' is invalid. Using default page load timeout: '30'

2019-05-20 08:41:32 - [MESSAGE][PASSED] - Wait for page load successfully

2019-05-20 08:41:32 - [TEST_STEP][PASSED] - click: Object: 'Object Repository/ADMIN/Categories/Category List/button_Add a Category' is clicked on

2019-05-20 08:41:33 - [MESSAGE][PASSED] - Object: 'Object Repository/ADMIN/Categories/Category List/button_Add a Category' is clicked on

2019-05-20 08:41:33 - [TEST_STEP][PASSED] - waitForElementPresent: Object 'Object Repository/ADMIN/Categories/Category/dropdown_Parent' is present

2019-05-20 08:41:33 - [MESSAGE][PASSED] - Object 'Object Repository/ADMIN/Categories/Category/dropdown_Parent' is present

2019-05-20 08:41:33 - [TEST_STEP][PASSED] - delay: Delayed 1 second(s)

2019-05-20 08:41:34 - [MESSAGE][PASSED] - Delayed 1 second(s)

2019-05-20 08:41:34 - [TEST_STEP][PASSED] - setText: Text 'Category 4.4' is set on object 'Object Repository/ADMIN/Categories/Category/textfield_Category Name'

2019-05-20 08:41:34 - [MESSAGE][PASSED] - Text 'Category 4.4' is set on object 'Object Repository/ADMIN/Categories/Category/textfield_Category Name'

2019-05-20 08:41:34 - [TEST_STEP][PASSED] - click: Object: 'Object Repository/ADMIN/Categories/Category/dropdown_Parent' is clicked on

2019-05-20 08:41:34 - [MESSAGE][PASSED] - Object: 'Object Repository/ADMIN/Categories/Category/dropdown_Parent' is clicked on

2019-05-20 08:41:34 - [TEST_STEP][PASSED] - delay: Delayed 2 second(s)

2019-05-20 08:41:36 - [MESSAGE][PASSED] - Delayed 2 second(s)

2019-05-20 08:41:36 - [TEST_STEP][PASSED] - click: Object: 'Object Repository/ADMIN/Categories/Category/dropdown_Parent' is clicked on

2019-05-20 08:41:36 - [MESSAGE][PASSED] - Object: 'Object Repository/ADMIN/Categories/Category/dropdown_Parent' is clicked on

2019-05-20 08:41:36 - [TEST_STEP][PASSED] - selectOptionByLabel: All options with label 'Category 4' are selected in object 'Object Repository/ADMIN/Categories/Category/dropdown_Parent' 

2019-05-20 08:41:36 - [MESSAGE][PASSED] - All options with label 'Category 4' are selected in object 'Object Repository/ADMIN/Categories/Category/dropdown_Parent' 

2019-05-20 08:41:36 - [TEST_STEP][PASSED] - click: Object: 'Object Repository/ADMIN/Categories/Category/button_Browse' is clicked on

2019-05-20 08:41:36 - [MESSAGE][PASSED] - Object: 'Object Repository/ADMIN/Categories/Category/button_Browse' is clicked on

2019-05-20 08:41:36 - [TEST_STEP][PASSED] - delay: Delayed 1 second(s)

2019-05-20 08:41:37 - [MESSAGE][PASSED] - Delayed 1 second(s)

2019-05-20 08:41:37 - [TEST_STEP][PASSED] - uploadFile: File 'C:\\Katalon\\Image\\pic3.jpg' sent to object: 'Object Repository/ADMIN/Categories/Category/image_input image'

2019-05-20 08:41:37 - [MESSAGE][PASSED] - File 'C:\\Katalon\\Image\\pic3.jpg' sent to object: 'Object Repository/ADMIN/Categories/Category/image_input image'

2019-05-20 08:41:37 - [TEST_STEP][PASSED] - waitForElementVisible: Object 'Object Repository/ADMIN/Categories/Category/button_upload check' is visible

2019-05-20 08:41:37 - [MESSAGE][WARNING] - Timeout '0' is invalid. Using default page load timeout: '30'

2019-05-20 08:41:37 - [MESSAGE][PASSED] - Object 'Object Repository/ADMIN/Categories/Category/button_upload check' is visible

2019-05-20 08:41:37 - [TEST_STEP][PASSED] - click: Object: 'Object Repository/ADMIN/Categories/Category/button_upload check' is clicked on

2019-05-20 08:41:37 - [MESSAGE][PASSED] - Object: 'Object Repository/ADMIN/Categories/Category/button_upload check' is clicked on

2019-05-20 08:41:37 - [TEST_STEP][PASSED] - click: Object: 'Object Repository/ADMIN/Categories/Category/button_upload save' is clicked on

2019-05-20 08:41:38 - [MESSAGE][PASSED] - Object: 'Object Repository/ADMIN/Categories/Category/button_upload save' is clicked on

2019-05-20 08:41:38 - [TEST_STEP][FAILED] - waitForElementVisible: Unable to wait for object 'Object Repository/ADMIN/Categories/Category/button_upload save' to be visible (Root cause: org.openqa.selenium.StaleElementReferenceException: stale element reference: element is not attached to the page document
  (Session info: chrome=74.0.3729.157)
  (Driver info: chromedriver=2.35.528161 (5b82f2d2aae0ca24b877009200ced9065a772e73),platform=Windows NT 6.1.7601 SP1 x86_64) (WARNING: The server did not provide any stacktrace information)
Command duration or timeout: 0 milliseconds
For documentation on this error, please visit: http://seleniumhq.org/exceptions/stale_element_reference.html
Build info: version: '3.7.1', revision: '8a0099a', time: '2017-11-06T21:07:36.161Z'
System info: host: 'ARCADIER-PC', ip: '10.10.31.95', os.name: 'Windows 7', os.arch: 'amd64', os.version: '6.1', java.version: '1.8.0_102'
Driver info: com.kms.katalon.core.webui.driver.ExistingRemoteWebDriver
Capabilities {javascriptEnabled: true, platform: ANY, platformName: ANY}
Session ID: 2609dc86013a09d8daebbf33ac0c67a9)

2019-05-20 08:41:38 - [MESSAGE][WARNING] - Timeout '0' is invalid. Using default page load timeout: '30'

2019-05-20 08:41:39 - [MESSAGE][FAILED] - Unable to wait for object 'Object Repository/ADMIN/Categories/Category/button_upload save' to be visible (Root cause: org.openqa.selenium.StaleElementReferenceException: stale element reference: element is not attached to the page document
  (Session info: chrome=74.0.3729.157)
  (Driver info: chromedriver=2.35.528161 (5b82f2d2aae0ca24b877009200ced9065a772e73),platform=Windows NT 6.1.7601 SP1 x86_64) (WARNING: The server did not provide any stacktrace information)
Command duration or timeout: 0 milliseconds
For documentation on this error, please visit: http://seleniumhq.org/exceptions/stale_element_reference.html
Build info: version: '3.7.1', revision: '8a0099a', time: '2017-11-06T21:07:36.161Z'
System info: host: 'ARCADIER-PC', ip: '10.10.31.95', os.name: 'Windows 7', os.arch: 'amd64', os.version: '6.1', java.version: '1.8.0_102'
Driver info: com.kms.katalon.core.webui.driver.ExistingRemoteWebDriver
Capabilities {javascriptEnabled: true, platform: ANY, platformName: ANY}
Session ID: 2609dc86013a09d8daebbf33ac0c67a9)
[[ATTACHMENT|C:\\Users\\Arcadier\\git\\Arctick\\Reports\\Suites\\Admin Add Category\\20190520_082941\\1558312898752.png]]

2019-05-20 08:41:39 - [TEST_STEP][PASSED] - setText: Text 'Description52' is set on object 'Object Repository/ADMIN/Categories/Category/textfield_category_description'

2019-05-20 08:41:39 - [MESSAGE][PASSED] - Text 'Description52' is set on object 'Object Repository/ADMIN/Categories/Category/textfield_category_description'

2019-05-20 08:41:39 - [TEST_STEP][PASSED] - click: Object: 'Object Repository/ADMIN/Categories/Category/button_Save' is clicked on

2019-05-20 08:41:39 - [MESSAGE][PASSED] - Object: 'Object Repository/ADMIN/Categories/Category/button_Save' is clicked on

2019-05-20 08:41:39 - [TEST_STEP][PASSED] - waitForElementVisible: Object 'Object Repository/ADMIN/Categories/Category/label_edit popup' is visible

2019-05-20 08:41:39 - [MESSAGE][WARNING] - Timeout '0' is invalid. Using default page load timeout: '30'

2019-05-20 08:41:40 - [MESSAGE][PASSED] - Object 'Object Repository/ADMIN/Categories/Category/label_edit popup' is visible

2019-05-20 08:41:40 - [TEST_STEP][PASSED] - waitForElementNotPresent: Web element with id: 'Object Repository/ADMIN/Categories/Category/label_edit popup' located by 'By.xpath: //div[(text() = 'Category was successfully saved.' or . = 'Category was successfully saved.')]' is not present after '30' second(s)

2019-05-20 08:41:40 - [MESSAGE][WARNING] - Timeout '0' is invalid. Using default page load timeout: '30'

2019-05-20 08:41:45 - [MESSAGE][PASSED] - Web element with id: 'Object Repository/ADMIN/Categories/Category/label_edit popup' located by 'By.xpath: //div[(text() = 'Category was successfully saved.' or . = 'Category was successfully saved.')]' is not present after '30' second(s)]]></system-out>
         <system-err><![CDATA[2019-05-20 08:41:31 - [TEST_CASE][FAILED] - Test Cases/ADMIN/Content Mgmt/Categories/Category Add-Edit/Add Category: Test Cases/ADMIN/Content Mgmt/Categories/Category Add-Edit/Add Category FAILED because (of) Unable to wait for object 'Object Repository/ADMIN/Categories/Category/button_upload save' to be visible (Root cause: org.openqa.selenium.StaleElementReferenceException: stale element reference: element is not attached to the page document
  (Session info: chrome=74.0.3729.157)
  (Driver info: chromedriver=2.35.528161 (5b82f2d2aae0ca24b877009200ced9065a772e73),platform=Windows NT 6.1.7601 SP1 x86_64) (WARNING: The server did not provide any stacktrace information)
Command duration or timeout: 0 milliseconds
For documentation on this error, please visit: http://seleniumhq.org/exceptions/stale_element_reference.html
Build info: version: '3.7.1', revision: '8a0099a', time: '2017-11-06T21:07:36.161Z'
System info: host: 'ARCADIER-PC', ip: '10.10.31.95', os.name: 'Windows 7', os.arch: 'amd64', os.version: '6.1', java.version: '1.8.0_102'
Driver info: com.kms.katalon.core.webui.driver.ExistingRemoteWebDriver
Capabilities {javascriptEnabled: true, platform: ANY, platformName: ANY}
Session ID: 2609dc86013a09d8daebbf33ac0c67a9)]]></system-err>
      </testcase>
      <testcase name="Test Cases/ADMIN/Content Mgmt/Categories/Category Add-Edit/Add Category" classname="Test Cases/ADMIN/Content Mgmt/Categories/Category Add-Edit/Add Category" status="FAILED">
         <failure type="FAILED" message="Unable to click on object 'Object Repository/ADMIN/Categories/Category List/button_Categories' (Root cause: org.openqa.selenium.ElementNotVisibleException: element not visible
  (Session info: chrome=74.0.3729.157)
  (Driver info: chromedriver=2.35.528161 (5b82f2d2aae0ca24b877009200ced9065a772e73),platform=Windows NT 6.1.7601 SP1 x86_64) (WARNING: The server did not provide any stacktrace information)
Command duration or timeout: 0 milliseconds
Build info: version: '3.7.1', revision: '8a0099a', time: '2017-11-06T21:07:36.161Z'
System info: host: 'ARCADIER-PC', ip: '10.10.31.95', os.name: 'Windows 7', os.arch: 'amd64', os.version: '6.1', java.version: '1.8.0_102'
Driver info: com.kms.katalon.core.webui.driver.ExistingRemoteWebDriver
Capabilities {javascriptEnabled: true, platform: ANY, platformName: ANY}
Session ID: 2609dc86013a09d8daebbf33ac0c67a9)"/>
         <system-out><![CDATA[2019-05-20 08:41:45 - [TEST_CASE][FAILED] - Test Cases/ADMIN/Content Mgmt/Categories/Category Add-Edit/Add Category: Test Cases/ADMIN/Content Mgmt/Categories/Category Add-Edit/Add Category FAILED because (of) Unable to click on object 'Object Repository/ADMIN/Categories/Category List/button_Categories' (Root cause: org.openqa.selenium.ElementNotVisibleException: element not visible
  (Session info: chrome=74.0.3729.157)
  (Driver info: chromedriver=2.35.528161 (5b82f2d2aae0ca24b877009200ced9065a772e73),platform=Windows NT 6.1.7601 SP1 x86_64) (WARNING: The server did not provide any stacktrace information)
Command duration or timeout: 0 milliseconds
Build info: version: '3.7.1', revision: '8a0099a', time: '2017-11-06T21:07:36.161Z'
System info: host: 'ARCADIER-PC', ip: '10.10.31.95', os.name: 'Windows 7', os.arch: 'amd64', os.version: '6.1', java.version: '1.8.0_102'
Driver info: com.kms.katalon.core.webui.driver.ExistingRemoteWebDriver
Capabilities {javascriptEnabled: true, platform: ANY, platformName: ANY}
Session ID: 2609dc86013a09d8daebbf33ac0c67a9)

2019-05-20 08:41:45 - [TEST_STEP][PASSED] - waitForElementVisible: Object 'Object Repository/ADMIN/Categories/Category List/button_Content Mgmt' is visible

2019-05-20 08:41:45 - [MESSAGE][WARNING] - Timeout '0' is invalid. Using default page load timeout: '30'

2019-05-20 08:41:45 - [MESSAGE][PASSED] - Object 'Object Repository/ADMIN/Categories/Category List/button_Content Mgmt' is visible

2019-05-20 08:41:45 - [TEST_STEP][PASSED] - click: Object: 'Object Repository/ADMIN/Categories/Category List/button_Content Mgmt' is clicked on

2019-05-20 08:41:46 - [MESSAGE][PASSED] - Object: 'Object Repository/ADMIN/Categories/Category List/button_Content Mgmt' is clicked on

2019-05-20 08:41:46 - [TEST_STEP][PASSED] - waitForElementVisible: Object 'Object Repository/ADMIN/Categories/Category List/button_Categories' is visible

2019-05-20 08:41:46 - [MESSAGE][WARNING] - Timeout '0' is invalid. Using default page load timeout: '30'

2019-05-20 08:41:46 - [MESSAGE][PASSED] - Object 'Object Repository/ADMIN/Categories/Category List/button_Categories' is visible

2019-05-20 08:41:46 - [TEST_STEP][FAILED] - click: Unable to click on object 'Object Repository/ADMIN/Categories/Category List/button_Categories' (Root cause: org.openqa.selenium.ElementNotVisibleException: element not visible
  (Session info: chrome=74.0.3729.157)
  (Driver info: chromedriver=2.35.528161 (5b82f2d2aae0ca24b877009200ced9065a772e73),platform=Windows NT 6.1.7601 SP1 x86_64) (WARNING: The server did not provide any stacktrace information)
Command duration or timeout: 0 milliseconds
Build info: version: '3.7.1', revision: '8a0099a', time: '2017-11-06T21:07:36.161Z'
System info: host: 'ARCADIER-PC', ip: '10.10.31.95', os.name: 'Windows 7', os.arch: 'amd64', os.version: '6.1', java.version: '1.8.0_102'
Driver info: com.kms.katalon.core.webui.driver.ExistingRemoteWebDriver
Capabilities {javascriptEnabled: true, platform: ANY, platformName: ANY}
Session ID: 2609dc86013a09d8daebbf33ac0c67a9)

2019-05-20 08:41:46 - [MESSAGE][FAILED] - Unable to click on object 'Object Repository/ADMIN/Categories/Category List/button_Categories' (Root cause: org.openqa.selenium.ElementNotVisibleException: element not visible
  (Session info: chrome=74.0.3729.157)
  (Driver info: chromedriver=2.35.528161 (5b82f2d2aae0ca24b877009200ced9065a772e73),platform=Windows NT 6.1.7601 SP1 x86_64) (WARNING: The server did not provide any stacktrace information)
Command duration or timeout: 0 milliseconds
Build info: version: '3.7.1', revision: '8a0099a', time: '2017-11-06T21:07:36.161Z'
System info: host: 'ARCADIER-PC', ip: '10.10.31.95', os.name: 'Windows 7', os.arch: 'amd64', os.version: '6.1', java.version: '1.8.0_102'
Driver info: com.kms.katalon.core.webui.driver.ExistingRemoteWebDriver
Capabilities {javascriptEnabled: true, platform: ANY, platformName: ANY}
Session ID: 2609dc86013a09d8daebbf33ac0c67a9)
[[ATTACHMENT|C:\\Users\\Arcadier\\git\\Arctick\\Reports\\Suites\\Admin Add Category\\20190520_082941\\1558312906382.png]]

2019-05-20 08:41:46 - [TEST_STEP][PASSED] - waitForPageLoad: Wait for page load successfully

2019-05-20 08:41:46 - [MESSAGE][WARNING] - Timeout '0' is invalid. Using default page load timeout: '30'

2019-05-20 08:41:46 - [MESSAGE][PASSED] - Wait for page load successfully

2019-05-20 08:41:46 - [TEST_STEP][PASSED] - click: Object: 'Object Repository/ADMIN/Categories/Category List/button_Add a Category' is clicked on

2019-05-20 08:41:46 - [MESSAGE][PASSED] - Object: 'Object Repository/ADMIN/Categories/Category List/button_Add a Category' is clicked on

2019-05-20 08:41:46 - [TEST_STEP][PASSED] - waitForElementPresent: Object 'Object Repository/ADMIN/Categories/Category/dropdown_Parent' is present

2019-05-20 08:41:46 - [MESSAGE][PASSED] - Object 'Object Repository/ADMIN/Categories/Category/dropdown_Parent' is present

2019-05-20 08:41:46 - [TEST_STEP][PASSED] - delay: Delayed 1 second(s)

2019-05-20 08:41:47 - [MESSAGE][PASSED] - Delayed 1 second(s)

2019-05-20 08:41:47 - [TEST_STEP][PASSED] - setText: Text 'Category 4.4.1' is set on object 'Object Repository/ADMIN/Categories/Category/textfield_Category Name'

2019-05-20 08:41:48 - [MESSAGE][PASSED] - Text 'Category 4.4.1' is set on object 'Object Repository/ADMIN/Categories/Category/textfield_Category Name'

2019-05-20 08:41:48 - [TEST_STEP][PASSED] - click: Object: 'Object Repository/ADMIN/Categories/Category/dropdown_Parent' is clicked on

2019-05-20 08:41:48 - [MESSAGE][PASSED] - Object: 'Object Repository/ADMIN/Categories/Category/dropdown_Parent' is clicked on

2019-05-20 08:41:48 - [TEST_STEP][PASSED] - delay: Delayed 2 second(s)

2019-05-20 08:41:50 - [MESSAGE][PASSED] - Delayed 2 second(s)

2019-05-20 08:41:50 - [TEST_STEP][PASSED] - click: Object: 'Object Repository/ADMIN/Categories/Category/dropdown_Parent' is clicked on

2019-05-20 08:41:50 - [MESSAGE][PASSED] - Object: 'Object Repository/ADMIN/Categories/Category/dropdown_Parent' is clicked on

2019-05-20 08:41:50 - [TEST_STEP][PASSED] - selectOptionByLabel: All options with label 'Category 4.4' are selected in object 'Object Repository/ADMIN/Categories/Category/dropdown_Parent' 

2019-05-20 08:41:50 - [MESSAGE][PASSED] - All options with label 'Category 4.4' are selected in object 'Object Repository/ADMIN/Categories/Category/dropdown_Parent' 

2019-05-20 08:41:50 - [TEST_STEP][PASSED] - click: Object: 'Object Repository/ADMIN/Categories/Category/button_Browse' is clicked on

2019-05-20 08:41:50 - [MESSAGE][PASSED] - Object: 'Object Repository/ADMIN/Categories/Category/button_Browse' is clicked on

2019-05-20 08:41:50 - [TEST_STEP][PASSED] - delay: Delayed 1 second(s)

2019-05-20 08:41:51 - [MESSAGE][PASSED] - Delayed 1 second(s)

2019-05-20 08:41:51 - [TEST_STEP][PASSED] - uploadFile: File 'C:\\Katalon\\Image\\pic4.jpg' sent to object: 'Object Repository/ADMIN/Categories/Category/image_input image'

2019-05-20 08:41:51 - [MESSAGE][PASSED] - File 'C:\\Katalon\\Image\\pic4.jpg' sent to object: 'Object Repository/ADMIN/Categories/Category/image_input image'

2019-05-20 08:41:51 - [TEST_STEP][PASSED] - waitForElementVisible: Object 'Object Repository/ADMIN/Categories/Category/button_upload check' is visible

2019-05-20 08:41:51 - [MESSAGE][WARNING] - Timeout '0' is invalid. Using default page load timeout: '30'

2019-05-20 08:41:51 - [MESSAGE][PASSED] - Object 'Object Repository/ADMIN/Categories/Category/button_upload check' is visible

2019-05-20 08:41:51 - [TEST_STEP][PASSED] - click: Object: 'Object Repository/ADMIN/Categories/Category/button_upload check' is clicked on

2019-05-20 08:41:51 - [MESSAGE][PASSED] - Object: 'Object Repository/ADMIN/Categories/Category/button_upload check' is clicked on

2019-05-20 08:41:51 - [TEST_STEP][PASSED] - click: Object: 'Object Repository/ADMIN/Categories/Category/button_upload save' is clicked on

2019-05-20 08:41:51 - [MESSAGE][PASSED] - Object: 'Object Repository/ADMIN/Categories/Category/button_upload save' is clicked on

2019-05-20 08:41:51 - [TEST_STEP][PASSED] - waitForElementVisible: Object 'Object Repository/ADMIN/Categories/Category/button_upload save' is visible

2019-05-20 08:41:51 - [MESSAGE][WARNING] - Timeout '0' is invalid. Using default page load timeout: '30'

2019-05-20 08:41:51 - [MESSAGE][PASSED] - Object 'Object Repository/ADMIN/Categories/Category/button_upload save' is visible

2019-05-20 08:41:51 - [TEST_STEP][PASSED] - setText: Text 'Description53' is set on object 'Object Repository/ADMIN/Categories/Category/textfield_category_description'

2019-05-20 08:41:52 - [MESSAGE][PASSED] - Text 'Description53' is set on object 'Object Repository/ADMIN/Categories/Category/textfield_category_description'

2019-05-20 08:41:52 - [TEST_STEP][PASSED] - click: Object: 'Object Repository/ADMIN/Categories/Category/button_Save' is clicked on

2019-05-20 08:41:52 - [MESSAGE][PASSED] - Object: 'Object Repository/ADMIN/Categories/Category/button_Save' is clicked on

2019-05-20 08:41:52 - [TEST_STEP][PASSED] - waitForElementVisible: Object 'Object Repository/ADMIN/Categories/Category/label_edit popup' is visible

2019-05-20 08:41:52 - [MESSAGE][WARNING] - Timeout '0' is invalid. Using default page load timeout: '30'

2019-05-20 08:41:54 - [MESSAGE][PASSED] - Object 'Object Repository/ADMIN/Categories/Category/label_edit popup' is visible

2019-05-20 08:41:54 - [TEST_STEP][PASSED] - waitForElementNotPresent: Web element with id: 'Object Repository/ADMIN/Categories/Category/label_edit popup' located by 'By.xpath: //div[(text() = 'Category was successfully saved.' or . = 'Category was successfully saved.')]' is not present after '30' second(s)

2019-05-20 08:41:54 - [MESSAGE][WARNING] - Timeout '0' is invalid. Using default page load timeout: '30'

2019-05-20 08:41:58 - [MESSAGE][PASSED] - Web element with id: 'Object Repository/ADMIN/Categories/Category/label_edit popup' located by 'By.xpath: //div[(text() = 'Category was successfully saved.' or . = 'Category was successfully saved.')]' is not present after '30' second(s)]]></system-out>
         <system-err><![CDATA[2019-05-20 08:41:45 - [TEST_CASE][FAILED] - Test Cases/ADMIN/Content Mgmt/Categories/Category Add-Edit/Add Category: Test Cases/ADMIN/Content Mgmt/Categories/Category Add-Edit/Add Category FAILED because (of) Unable to click on object 'Object Repository/ADMIN/Categories/Category List/button_Categories' (Root cause: org.openqa.selenium.ElementNotVisibleException: element not visible
  (Session info: chrome=74.0.3729.157)
  (Driver info: chromedriver=2.35.528161 (5b82f2d2aae0ca24b877009200ced9065a772e73),platform=Windows NT 6.1.7601 SP1 x86_64) (WARNING: The server did not provide any stacktrace information)
Command duration or timeout: 0 milliseconds
Build info: version: '3.7.1', revision: '8a0099a', time: '2017-11-06T21:07:36.161Z'
System info: host: 'ARCADIER-PC', ip: '10.10.31.95', os.name: 'Windows 7', os.arch: 'amd64', os.version: '6.1', java.version: '1.8.0_102'
Driver info: com.kms.katalon.core.webui.driver.ExistingRemoteWebDriver
Capabilities {javascriptEnabled: true, platform: ANY, platformName: ANY}
Session ID: 2609dc86013a09d8daebbf33ac0c67a9)]]></system-err>
      </testcase>
      <testcase name="Test Cases/ADMIN/Content Mgmt/Categories/Category Add-Edit/Add Category" classname="Test Cases/ADMIN/Content Mgmt/Categories/Category Add-Edit/Add Category" status="PASSED">
         <system-out><![CDATA[2019-05-20 08:41:58 - [TEST_CASE][PASSED] - Test Cases/ADMIN/Content Mgmt/Categories/Category Add-Edit/Add Category: Test Cases/ADMIN/Content Mgmt/Categories/Category Add-Edit/Add Category

2019-05-20 08:41:58 - [TEST_STEP][PASSED] - waitForElementVisible: Object 'Object Repository/ADMIN/Categories/Category List/button_Content Mgmt' is visible

2019-05-20 08:41:58 - [MESSAGE][WARNING] - Timeout '0' is invalid. Using default page load timeout: '30'

2019-05-20 08:41:58 - [MESSAGE][PASSED] - Object 'Object Repository/ADMIN/Categories/Category List/button_Content Mgmt' is visible

2019-05-20 08:41:58 - [TEST_STEP][PASSED] - click: Object: 'Object Repository/ADMIN/Categories/Category List/button_Content Mgmt' is clicked on

2019-05-20 08:41:58 - [MESSAGE][PASSED] - Object: 'Object Repository/ADMIN/Categories/Category List/button_Content Mgmt' is clicked on

2019-05-20 08:41:58 - [TEST_STEP][PASSED] - waitForElementVisible: Object 'Object Repository/ADMIN/Categories/Category List/button_Categories' is visible

2019-05-20 08:41:58 - [MESSAGE][WARNING] - Timeout '0' is invalid. Using default page load timeout: '30'

2019-05-20 08:41:58 - [MESSAGE][PASSED] - Object 'Object Repository/ADMIN/Categories/Category List/button_Categories' is visible

2019-05-20 08:41:58 - [TEST_STEP][PASSED] - click: Object: 'Object Repository/ADMIN/Categories/Category List/button_Categories' is clicked on

2019-05-20 08:42:00 - [MESSAGE][PASSED] - Object: 'Object Repository/ADMIN/Categories/Category List/button_Categories' is clicked on

2019-05-20 08:42:00 - [TEST_STEP][PASSED] - waitForPageLoad: Wait for page load successfully

2019-05-20 08:42:00 - [MESSAGE][WARNING] - Timeout '0' is invalid. Using default page load timeout: '30'

2019-05-20 08:42:00 - [MESSAGE][PASSED] - Wait for page load successfully

2019-05-20 08:42:00 - [TEST_STEP][PASSED] - click: Object: 'Object Repository/ADMIN/Categories/Category List/button_Add a Category' is clicked on

2019-05-20 08:42:00 - [MESSAGE][PASSED] - Object: 'Object Repository/ADMIN/Categories/Category List/button_Add a Category' is clicked on

2019-05-20 08:42:00 - [TEST_STEP][PASSED] - waitForElementPresent: Object 'Object Repository/ADMIN/Categories/Category/dropdown_Parent' is present

2019-05-20 08:42:00 - [MESSAGE][PASSED] - Object 'Object Repository/ADMIN/Categories/Category/dropdown_Parent' is present

2019-05-20 08:42:00 - [TEST_STEP][PASSED] - delay: Delayed 1 second(s)

2019-05-20 08:42:01 - [MESSAGE][PASSED] - Delayed 1 second(s)

2019-05-20 08:42:01 - [TEST_STEP][PASSED] - setText: Text 'Category 4.4.2' is set on object 'Object Repository/ADMIN/Categories/Category/textfield_Category Name'

2019-05-20 08:42:02 - [MESSAGE][PASSED] - Text 'Category 4.4.2' is set on object 'Object Repository/ADMIN/Categories/Category/textfield_Category Name'

2019-05-20 08:42:02 - [TEST_STEP][PASSED] - click: Object: 'Object Repository/ADMIN/Categories/Category/dropdown_Parent' is clicked on

2019-05-20 08:42:02 - [MESSAGE][PASSED] - Object: 'Object Repository/ADMIN/Categories/Category/dropdown_Parent' is clicked on

2019-05-20 08:42:02 - [TEST_STEP][PASSED] - delay: Delayed 2 second(s)

2019-05-20 08:42:04 - [MESSAGE][PASSED] - Delayed 2 second(s)

2019-05-20 08:42:04 - [TEST_STEP][PASSED] - click: Object: 'Object Repository/ADMIN/Categories/Category/dropdown_Parent' is clicked on

2019-05-20 08:42:04 - [MESSAGE][PASSED] - Object: 'Object Repository/ADMIN/Categories/Category/dropdown_Parent' is clicked on

2019-05-20 08:42:04 - [TEST_STEP][PASSED] - selectOptionByLabel: All options with label 'Category 4.4' are selected in object 'Object Repository/ADMIN/Categories/Category/dropdown_Parent' 

2019-05-20 08:42:04 - [MESSAGE][PASSED] - All options with label 'Category 4.4' are selected in object 'Object Repository/ADMIN/Categories/Category/dropdown_Parent' 

2019-05-20 08:42:04 - [TEST_STEP][PASSED] - click: Object: 'Object Repository/ADMIN/Categories/Category/button_Browse' is clicked on

2019-05-20 08:42:04 - [MESSAGE][PASSED] - Object: 'Object Repository/ADMIN/Categories/Category/button_Browse' is clicked on

2019-05-20 08:42:04 - [TEST_STEP][PASSED] - delay: Delayed 1 second(s)

2019-05-20 08:42:05 - [MESSAGE][PASSED] - Delayed 1 second(s)

2019-05-20 08:42:05 - [TEST_STEP][PASSED] - uploadFile: File 'C:\\Katalon\\Image\\pic5.jpg' sent to object: 'Object Repository/ADMIN/Categories/Category/image_input image'

2019-05-20 08:42:06 - [MESSAGE][PASSED] - File 'C:\\Katalon\\Image\\pic5.jpg' sent to object: 'Object Repository/ADMIN/Categories/Category/image_input image'

2019-05-20 08:42:06 - [TEST_STEP][PASSED] - waitForElementVisible: Object 'Object Repository/ADMIN/Categories/Category/button_upload check' is visible

2019-05-20 08:42:06 - [MESSAGE][WARNING] - Timeout '0' is invalid. Using default page load timeout: '30'

2019-05-20 08:42:06 - [MESSAGE][PASSED] - Object 'Object Repository/ADMIN/Categories/Category/button_upload check' is visible

2019-05-20 08:42:06 - [TEST_STEP][PASSED] - click: Object: 'Object Repository/ADMIN/Categories/Category/button_upload check' is clicked on

2019-05-20 08:42:06 - [MESSAGE][PASSED] - Object: 'Object Repository/ADMIN/Categories/Category/button_upload check' is clicked on

2019-05-20 08:42:06 - [TEST_STEP][PASSED] - click: Object: 'Object Repository/ADMIN/Categories/Category/button_upload save' is clicked on

2019-05-20 08:42:06 - [MESSAGE][PASSED] - Object: 'Object Repository/ADMIN/Categories/Category/button_upload save' is clicked on

2019-05-20 08:42:06 - [TEST_STEP][PASSED] - waitForElementVisible: Object 'Object Repository/ADMIN/Categories/Category/button_upload save' is visible

2019-05-20 08:42:06 - [MESSAGE][WARNING] - Timeout '0' is invalid. Using default page load timeout: '30'

2019-05-20 08:42:06 - [MESSAGE][PASSED] - Object 'Object Repository/ADMIN/Categories/Category/button_upload save' is visible

2019-05-20 08:42:06 - [TEST_STEP][PASSED] - setText: Text 'Description54' is set on object 'Object Repository/ADMIN/Categories/Category/textfield_category_description'

2019-05-20 08:42:06 - [MESSAGE][PASSED] - Text 'Description54' is set on object 'Object Repository/ADMIN/Categories/Category/textfield_category_description'

2019-05-20 08:42:06 - [TEST_STEP][PASSED] - click: Object: 'Object Repository/ADMIN/Categories/Category/button_Save' is clicked on

2019-05-20 08:42:06 - [MESSAGE][PASSED] - Object: 'Object Repository/ADMIN/Categories/Category/button_Save' is clicked on

2019-05-20 08:42:06 - [TEST_STEP][PASSED] - waitForElementVisible: Object 'Object Repository/ADMIN/Categories/Category/label_edit popup' is visible

2019-05-20 08:42:07 - [MESSAGE][WARNING] - Timeout '0' is invalid. Using default page load timeout: '30'

2019-05-20 08:42:08 - [MESSAGE][PASSED] - Object 'Object Repository/ADMIN/Categories/Category/label_edit popup' is visible

2019-05-20 08:42:08 - [TEST_STEP][PASSED] - waitForElementNotPresent: Web element with id: 'Object Repository/ADMIN/Categories/Category/label_edit popup' located by 'By.xpath: //div[(text() = 'Category was successfully saved.' or . = 'Category was successfully saved.')]' is not present after '30' second(s)

2019-05-20 08:42:08 - [MESSAGE][WARNING] - Timeout '0' is invalid. Using default page load timeout: '30'

2019-05-20 08:42:14 - [MESSAGE][PASSED] - Web element with id: 'Object Repository/ADMIN/Categories/Category/label_edit popup' located by 'By.xpath: //div[(text() = 'Category was successfully saved.' or . = 'Category was successfully saved.')]' is not present after '30' second(s)]]></system-out>
         <system-err><![CDATA[]]></system-err>
      </testcase>
      <testcase name="Test Cases/ADMIN/Content Mgmt/Categories/Category Add-Edit/Add Category" classname="Test Cases/ADMIN/Content Mgmt/Categories/Category Add-Edit/Add Category" status="FAILED">
         <failure type="FAILED" message="Unable to click on object 'Object Repository/ADMIN/Categories/Category List/button_Categories' (Root cause: org.openqa.selenium.ElementNotVisibleException: element not visible
  (Session info: chrome=74.0.3729.157)
  (Driver info: chromedriver=2.35.528161 (5b82f2d2aae0ca24b877009200ced9065a772e73),platform=Windows NT 6.1.7601 SP1 x86_64) (WARNING: The server did not provide any stacktrace information)
Command duration or timeout: 0 milliseconds
Build info: version: '3.7.1', revision: '8a0099a', time: '2017-11-06T21:07:36.161Z'
System info: host: 'ARCADIER-PC', ip: '10.10.31.95', os.name: 'Windows 7', os.arch: 'amd64', os.version: '6.1', java.version: '1.8.0_102'
Driver info: com.kms.katalon.core.webui.driver.ExistingRemoteWebDriver
Capabilities {javascriptEnabled: true, platform: ANY, platformName: ANY}
Session ID: 2609dc86013a09d8daebbf33ac0c67a9)"/>
         <system-out><![CDATA[2019-05-20 08:42:14 - [TEST_CASE][FAILED] - Test Cases/ADMIN/Content Mgmt/Categories/Category Add-Edit/Add Category: Test Cases/ADMIN/Content Mgmt/Categories/Category Add-Edit/Add Category FAILED because (of) Unable to click on object 'Object Repository/ADMIN/Categories/Category List/button_Categories' (Root cause: org.openqa.selenium.ElementNotVisibleException: element not visible
  (Session info: chrome=74.0.3729.157)
  (Driver info: chromedriver=2.35.528161 (5b82f2d2aae0ca24b877009200ced9065a772e73),platform=Windows NT 6.1.7601 SP1 x86_64) (WARNING: The server did not provide any stacktrace information)
Command duration or timeout: 0 milliseconds
Build info: version: '3.7.1', revision: '8a0099a', time: '2017-11-06T21:07:36.161Z'
System info: host: 'ARCADIER-PC', ip: '10.10.31.95', os.name: 'Windows 7', os.arch: 'amd64', os.version: '6.1', java.version: '1.8.0_102'
Driver info: com.kms.katalon.core.webui.driver.ExistingRemoteWebDriver
Capabilities {javascriptEnabled: true, platform: ANY, platformName: ANY}
Session ID: 2609dc86013a09d8daebbf33ac0c67a9)

2019-05-20 08:42:14 - [TEST_STEP][PASSED] - waitForElementVisible: Object 'Object Repository/ADMIN/Categories/Category List/button_Content Mgmt' is visible

2019-05-20 08:42:14 - [MESSAGE][WARNING] - Timeout '0' is invalid. Using default page load timeout: '30'

2019-05-20 08:42:14 - [MESSAGE][PASSED] - Object 'Object Repository/ADMIN/Categories/Category List/button_Content Mgmt' is visible

2019-05-20 08:42:14 - [TEST_STEP][PASSED] - click: Object: 'Object Repository/ADMIN/Categories/Category List/button_Content Mgmt' is clicked on

2019-05-20 08:42:14 - [MESSAGE][PASSED] - Object: 'Object Repository/ADMIN/Categories/Category List/button_Content Mgmt' is clicked on

2019-05-20 08:42:14 - [TEST_STEP][PASSED] - waitForElementVisible: Object 'Object Repository/ADMIN/Categories/Category List/button_Categories' is visible

2019-05-20 08:42:14 - [MESSAGE][WARNING] - Timeout '0' is invalid. Using default page load timeout: '30'

2019-05-20 08:42:14 - [MESSAGE][PASSED] - Object 'Object Repository/ADMIN/Categories/Category List/button_Categories' is visible

2019-05-20 08:42:14 - [TEST_STEP][FAILED] - click: Unable to click on object 'Object Repository/ADMIN/Categories/Category List/button_Categories' (Root cause: org.openqa.selenium.ElementNotVisibleException: element not visible
  (Session info: chrome=74.0.3729.157)
  (Driver info: chromedriver=2.35.528161 (5b82f2d2aae0ca24b877009200ced9065a772e73),platform=Windows NT 6.1.7601 SP1 x86_64) (WARNING: The server did not provide any stacktrace information)
Command duration or timeout: 0 milliseconds
Build info: version: '3.7.1', revision: '8a0099a', time: '2017-11-06T21:07:36.161Z'
System info: host: 'ARCADIER-PC', ip: '10.10.31.95', os.name: 'Windows 7', os.arch: 'amd64', os.version: '6.1', java.version: '1.8.0_102'
Driver info: com.kms.katalon.core.webui.driver.ExistingRemoteWebDriver
Capabilities {javascriptEnabled: true, platform: ANY, platformName: ANY}
Session ID: 2609dc86013a09d8daebbf33ac0c67a9)

2019-05-20 08:42:15 - [MESSAGE][FAILED] - Unable to click on object 'Object Repository/ADMIN/Categories/Category List/button_Categories' (Root cause: org.openqa.selenium.ElementNotVisibleException: element not visible
  (Session info: chrome=74.0.3729.157)
  (Driver info: chromedriver=2.35.528161 (5b82f2d2aae0ca24b877009200ced9065a772e73),platform=Windows NT 6.1.7601 SP1 x86_64) (WARNING: The server did not provide any stacktrace information)
Command duration or timeout: 0 milliseconds
Build info: version: '3.7.1', revision: '8a0099a', time: '2017-11-06T21:07:36.161Z'
System info: host: 'ARCADIER-PC', ip: '10.10.31.95', os.name: 'Windows 7', os.arch: 'amd64', os.version: '6.1', java.version: '1.8.0_102'
Driver info: com.kms.katalon.core.webui.driver.ExistingRemoteWebDriver
Capabilities {javascriptEnabled: true, platform: ANY, platformName: ANY}
Session ID: 2609dc86013a09d8daebbf33ac0c67a9)
[[ATTACHMENT|C:\\Users\\Arcadier\\git\\Arctick\\Reports\\Suites\\Admin Add Category\\20190520_082941\\1558312934627.png]]

2019-05-20 08:42:15 - [TEST_STEP][PASSED] - waitForPageLoad: Wait for page load successfully

2019-05-20 08:42:15 - [MESSAGE][WARNING] - Timeout '0' is invalid. Using default page load timeout: '30'

2019-05-20 08:42:15 - [MESSAGE][PASSED] - Wait for page load successfully

2019-05-20 08:42:15 - [TEST_STEP][PASSED] - click: Object: 'Object Repository/ADMIN/Categories/Category List/button_Add a Category' is clicked on

2019-05-20 08:42:15 - [MESSAGE][PASSED] - Object: 'Object Repository/ADMIN/Categories/Category List/button_Add a Category' is clicked on

2019-05-20 08:42:15 - [TEST_STEP][PASSED] - waitForElementPresent: Object 'Object Repository/ADMIN/Categories/Category/dropdown_Parent' is present

2019-05-20 08:42:15 - [MESSAGE][PASSED] - Object 'Object Repository/ADMIN/Categories/Category/dropdown_Parent' is present

2019-05-20 08:42:15 - [TEST_STEP][PASSED] - delay: Delayed 1 second(s)

2019-05-20 08:42:16 - [MESSAGE][PASSED] - Delayed 1 second(s)

2019-05-20 08:42:16 - [TEST_STEP][PASSED] - setText: Text 'Category 4.4.3' is set on object 'Object Repository/ADMIN/Categories/Category/textfield_Category Name'

2019-05-20 08:42:16 - [MESSAGE][PASSED] - Text 'Category 4.4.3' is set on object 'Object Repository/ADMIN/Categories/Category/textfield_Category Name'

2019-05-20 08:42:16 - [TEST_STEP][PASSED] - click: Object: 'Object Repository/ADMIN/Categories/Category/dropdown_Parent' is clicked on

2019-05-20 08:42:16 - [MESSAGE][PASSED] - Object: 'Object Repository/ADMIN/Categories/Category/dropdown_Parent' is clicked on

2019-05-20 08:42:16 - [TEST_STEP][PASSED] - delay: Delayed 2 second(s)

2019-05-20 08:42:18 - [MESSAGE][PASSED] - Delayed 2 second(s)

2019-05-20 08:42:18 - [TEST_STEP][PASSED] - click: Object: 'Object Repository/ADMIN/Categories/Category/dropdown_Parent' is clicked on

2019-05-20 08:42:18 - [MESSAGE][PASSED] - Object: 'Object Repository/ADMIN/Categories/Category/dropdown_Parent' is clicked on

2019-05-20 08:42:18 - [TEST_STEP][PASSED] - selectOptionByLabel: All options with label 'Category 4.4' are selected in object 'Object Repository/ADMIN/Categories/Category/dropdown_Parent' 

2019-05-20 08:42:19 - [MESSAGE][PASSED] - All options with label 'Category 4.4' are selected in object 'Object Repository/ADMIN/Categories/Category/dropdown_Parent' 

2019-05-20 08:42:19 - [TEST_STEP][PASSED] - click: Object: 'Object Repository/ADMIN/Categories/Category/button_Browse' is clicked on

2019-05-20 08:42:19 - [MESSAGE][PASSED] - Object: 'Object Repository/ADMIN/Categories/Category/button_Browse' is clicked on

2019-05-20 08:42:19 - [TEST_STEP][PASSED] - delay: Delayed 1 second(s)

2019-05-20 08:42:20 - [MESSAGE][PASSED] - Delayed 1 second(s)

2019-05-20 08:42:20 - [TEST_STEP][PASSED] - uploadFile: File 'C:\\Katalon\\Image\\pic6.jpg' sent to object: 'Object Repository/ADMIN/Categories/Category/image_input image'

2019-05-20 08:42:20 - [MESSAGE][PASSED] - File 'C:\\Katalon\\Image\\pic6.jpg' sent to object: 'Object Repository/ADMIN/Categories/Category/image_input image'

2019-05-20 08:42:20 - [TEST_STEP][PASSED] - waitForElementVisible: Object 'Object Repository/ADMIN/Categories/Category/button_upload check' is visible

2019-05-20 08:42:20 - [MESSAGE][WARNING] - Timeout '0' is invalid. Using default page load timeout: '30'

2019-05-20 08:42:20 - [MESSAGE][PASSED] - Object 'Object Repository/ADMIN/Categories/Category/button_upload check' is visible

2019-05-20 08:42:20 - [TEST_STEP][PASSED] - click: Object: 'Object Repository/ADMIN/Categories/Category/button_upload check' is clicked on

2019-05-20 08:42:20 - [MESSAGE][PASSED] - Object: 'Object Repository/ADMIN/Categories/Category/button_upload check' is clicked on

2019-05-20 08:42:20 - [TEST_STEP][PASSED] - click: Object: 'Object Repository/ADMIN/Categories/Category/button_upload save' is clicked on

2019-05-20 08:42:21 - [MESSAGE][PASSED] - Object: 'Object Repository/ADMIN/Categories/Category/button_upload save' is clicked on

2019-05-20 08:42:21 - [TEST_STEP][FAILED] - waitForElementVisible: Unable to wait for object 'Object Repository/ADMIN/Categories/Category/button_upload save' to be visible (Root cause: org.openqa.selenium.StaleElementReferenceException: stale element reference: element is not attached to the page document
  (Session info: chrome=74.0.3729.157)
  (Driver info: chromedriver=2.35.528161 (5b82f2d2aae0ca24b877009200ced9065a772e73),platform=Windows NT 6.1.7601 SP1 x86_64) (WARNING: The server did not provide any stacktrace information)
Command duration or timeout: 0 milliseconds
For documentation on this error, please visit: http://seleniumhq.org/exceptions/stale_element_reference.html
Build info: version: '3.7.1', revision: '8a0099a', time: '2017-11-06T21:07:36.161Z'
System info: host: 'ARCADIER-PC', ip: '10.10.31.95', os.name: 'Windows 7', os.arch: 'amd64', os.version: '6.1', java.version: '1.8.0_102'
Driver info: com.kms.katalon.core.webui.driver.ExistingRemoteWebDriver
Capabilities {javascriptEnabled: true, platform: ANY, platformName: ANY}
Session ID: 2609dc86013a09d8daebbf33ac0c67a9)

2019-05-20 08:42:21 - [MESSAGE][WARNING] - Timeout '0' is invalid. Using default page load timeout: '30'

2019-05-20 08:42:22 - [MESSAGE][FAILED] - Unable to wait for object 'Object Repository/ADMIN/Categories/Category/button_upload save' to be visible (Root cause: org.openqa.selenium.StaleElementReferenceException: stale element reference: element is not attached to the page document
  (Session info: chrome=74.0.3729.157)
  (Driver info: chromedriver=2.35.528161 (5b82f2d2aae0ca24b877009200ced9065a772e73),platform=Windows NT 6.1.7601 SP1 x86_64) (WARNING: The server did not provide any stacktrace information)
Command duration or timeout: 0 milliseconds
For documentation on this error, please visit: http://seleniumhq.org/exceptions/stale_element_reference.html
Build info: version: '3.7.1', revision: '8a0099a', time: '2017-11-06T21:07:36.161Z'
System info: host: 'ARCADIER-PC', ip: '10.10.31.95', os.name: 'Windows 7', os.arch: 'amd64', os.version: '6.1', java.version: '1.8.0_102'
Driver info: com.kms.katalon.core.webui.driver.ExistingRemoteWebDriver
Capabilities {javascriptEnabled: true, platform: ANY, platformName: ANY}
Session ID: 2609dc86013a09d8daebbf33ac0c67a9)
[[ATTACHMENT|C:\\Users\\Arcadier\\git\\Arctick\\Reports\\Suites\\Admin Add Category\\20190520_082941\\1558312941734.png]]

2019-05-20 08:42:22 - [TEST_STEP][PASSED] - setText: Text 'Description55' is set on object 'Object Repository/ADMIN/Categories/Category/textfield_category_description'

2019-05-20 08:42:22 - [MESSAGE][PASSED] - Text 'Description55' is set on object 'Object Repository/ADMIN/Categories/Category/textfield_category_description'

2019-05-20 08:42:22 - [TEST_STEP][PASSED] - click: Object: 'Object Repository/ADMIN/Categories/Category/button_Save' is clicked on

2019-05-20 08:42:22 - [MESSAGE][PASSED] - Object: 'Object Repository/ADMIN/Categories/Category/button_Save' is clicked on

2019-05-20 08:42:22 - [TEST_STEP][PASSED] - waitForElementVisible: Object 'Object Repository/ADMIN/Categories/Category/label_edit popup' is visible

2019-05-20 08:42:22 - [MESSAGE][WARNING] - Timeout '0' is invalid. Using default page load timeout: '30'

2019-05-20 08:42:22 - [MESSAGE][PASSED] - Object 'Object Repository/ADMIN/Categories/Category/label_edit popup' is visible

2019-05-20 08:42:23 - [TEST_STEP][PASSED] - waitForElementNotPresent: Web element with id: 'Object Repository/ADMIN/Categories/Category/label_edit popup' located by 'By.xpath: //div[(text() = 'Category was successfully saved.' or . = 'Category was successfully saved.')]' is not present after '30' second(s)

2019-05-20 08:42:23 - [MESSAGE][WARNING] - Timeout '0' is invalid. Using default page load timeout: '30'

2019-05-20 08:42:29 - [MESSAGE][PASSED] - Web element with id: 'Object Repository/ADMIN/Categories/Category/label_edit popup' located by 'By.xpath: //div[(text() = 'Category was successfully saved.' or . = 'Category was successfully saved.')]' is not present after '30' second(s)]]></system-out>
         <system-err><![CDATA[2019-05-20 08:42:14 - [TEST_CASE][FAILED] - Test Cases/ADMIN/Content Mgmt/Categories/Category Add-Edit/Add Category: Test Cases/ADMIN/Content Mgmt/Categories/Category Add-Edit/Add Category FAILED because (of) Unable to click on object 'Object Repository/ADMIN/Categories/Category List/button_Categories' (Root cause: org.openqa.selenium.ElementNotVisibleException: element not visible
  (Session info: chrome=74.0.3729.157)
  (Driver info: chromedriver=2.35.528161 (5b82f2d2aae0ca24b877009200ced9065a772e73),platform=Windows NT 6.1.7601 SP1 x86_64) (WARNING: The server did not provide any stacktrace information)
Command duration or timeout: 0 milliseconds
Build info: version: '3.7.1', revision: '8a0099a', time: '2017-11-06T21:07:36.161Z'
System info: host: 'ARCADIER-PC', ip: '10.10.31.95', os.name: 'Windows 7', os.arch: 'amd64', os.version: '6.1', java.version: '1.8.0_102'
Driver info: com.kms.katalon.core.webui.driver.ExistingRemoteWebDriver
Capabilities {javascriptEnabled: true, platform: ANY, platformName: ANY}
Session ID: 2609dc86013a09d8daebbf33ac0c67a9)]]></system-err>
      </testcase>
      <testcase name="Test Cases/ADMIN/Content Mgmt/Categories/Category Add-Edit/Add Category" classname="Test Cases/ADMIN/Content Mgmt/Categories/Category Add-Edit/Add Category" status="FAILED">
         <failure type="FAILED" message="Unable to click on object 'Object Repository/ADMIN/Categories/Category List/button_Categories' (Root cause: org.openqa.selenium.ElementNotVisibleException: element not visible
  (Session info: chrome=74.0.3729.157)
  (Driver info: chromedriver=2.35.528161 (5b82f2d2aae0ca24b877009200ced9065a772e73),platform=Windows NT 6.1.7601 SP1 x86_64) (WARNING: The server did not provide any stacktrace information)
Command duration or timeout: 0 milliseconds
Build info: version: '3.7.1', revision: '8a0099a', time: '2017-11-06T21:07:36.161Z'
System info: host: 'ARCADIER-PC', ip: '10.10.31.95', os.name: 'Windows 7', os.arch: 'amd64', os.version: '6.1', java.version: '1.8.0_102'
Driver info: com.kms.katalon.core.webui.driver.ExistingRemoteWebDriver
Capabilities {javascriptEnabled: true, platform: ANY, platformName: ANY}
Session ID: 2609dc86013a09d8daebbf33ac0c67a9)"/>
         <system-out><![CDATA[2019-05-20 08:42:29 - [TEST_CASE][FAILED] - Test Cases/ADMIN/Content Mgmt/Categories/Category Add-Edit/Add Category: Test Cases/ADMIN/Content Mgmt/Categories/Category Add-Edit/Add Category FAILED because (of) Unable to click on object 'Object Repository/ADMIN/Categories/Category List/button_Categories' (Root cause: org.openqa.selenium.ElementNotVisibleException: element not visible
  (Session info: chrome=74.0.3729.157)
  (Driver info: chromedriver=2.35.528161 (5b82f2d2aae0ca24b877009200ced9065a772e73),platform=Windows NT 6.1.7601 SP1 x86_64) (WARNING: The server did not provide any stacktrace information)
Command duration or timeout: 0 milliseconds
Build info: version: '3.7.1', revision: '8a0099a', time: '2017-11-06T21:07:36.161Z'
System info: host: 'ARCADIER-PC', ip: '10.10.31.95', os.name: 'Windows 7', os.arch: 'amd64', os.version: '6.1', java.version: '1.8.0_102'
Driver info: com.kms.katalon.core.webui.driver.ExistingRemoteWebDriver
Capabilities {javascriptEnabled: true, platform: ANY, platformName: ANY}
Session ID: 2609dc86013a09d8daebbf33ac0c67a9)

2019-05-20 08:42:29 - [TEST_STEP][PASSED] - waitForElementVisible: Object 'Object Repository/ADMIN/Categories/Category List/button_Content Mgmt' is visible

2019-05-20 08:42:29 - [MESSAGE][WARNING] - Timeout '0' is invalid. Using default page load timeout: '30'

2019-05-20 08:42:29 - [MESSAGE][PASSED] - Object 'Object Repository/ADMIN/Categories/Category List/button_Content Mgmt' is visible

2019-05-20 08:42:29 - [TEST_STEP][PASSED] - click: Object: 'Object Repository/ADMIN/Categories/Category List/button_Content Mgmt' is clicked on

2019-05-20 08:42:29 - [MESSAGE][PASSED] - Object: 'Object Repository/ADMIN/Categories/Category List/button_Content Mgmt' is clicked on

2019-05-20 08:42:29 - [TEST_STEP][PASSED] - waitForElementVisible: Object 'Object Repository/ADMIN/Categories/Category List/button_Categories' is visible

2019-05-20 08:42:29 - [MESSAGE][WARNING] - Timeout '0' is invalid. Using default page load timeout: '30'

2019-05-20 08:42:29 - [MESSAGE][PASSED] - Object 'Object Repository/ADMIN/Categories/Category List/button_Categories' is visible

2019-05-20 08:42:29 - [TEST_STEP][FAILED] - click: Unable to click on object 'Object Repository/ADMIN/Categories/Category List/button_Categories' (Root cause: org.openqa.selenium.ElementNotVisibleException: element not visible
  (Session info: chrome=74.0.3729.157)
  (Driver info: chromedriver=2.35.528161 (5b82f2d2aae0ca24b877009200ced9065a772e73),platform=Windows NT 6.1.7601 SP1 x86_64) (WARNING: The server did not provide any stacktrace information)
Command duration or timeout: 0 milliseconds
Build info: version: '3.7.1', revision: '8a0099a', time: '2017-11-06T21:07:36.161Z'
System info: host: 'ARCADIER-PC', ip: '10.10.31.95', os.name: 'Windows 7', os.arch: 'amd64', os.version: '6.1', java.version: '1.8.0_102'
Driver info: com.kms.katalon.core.webui.driver.ExistingRemoteWebDriver
Capabilities {javascriptEnabled: true, platform: ANY, platformName: ANY}
Session ID: 2609dc86013a09d8daebbf33ac0c67a9)

2019-05-20 08:42:30 - [MESSAGE][FAILED] - Unable to click on object 'Object Repository/ADMIN/Categories/Category List/button_Categories' (Root cause: org.openqa.selenium.ElementNotVisibleException: element not visible
  (Session info: chrome=74.0.3729.157)
  (Driver info: chromedriver=2.35.528161 (5b82f2d2aae0ca24b877009200ced9065a772e73),platform=Windows NT 6.1.7601 SP1 x86_64) (WARNING: The server did not provide any stacktrace information)
Command duration or timeout: 0 milliseconds
Build info: version: '3.7.1', revision: '8a0099a', time: '2017-11-06T21:07:36.161Z'
System info: host: 'ARCADIER-PC', ip: '10.10.31.95', os.name: 'Windows 7', os.arch: 'amd64', os.version: '6.1', java.version: '1.8.0_102'
Driver info: com.kms.katalon.core.webui.driver.ExistingRemoteWebDriver
Capabilities {javascriptEnabled: true, platform: ANY, platformName: ANY}
Session ID: 2609dc86013a09d8daebbf33ac0c67a9)
[[ATTACHMENT|C:\\Users\\Arcadier\\git\\Arctick\\Reports\\Suites\\Admin Add Category\\20190520_082941\\1558312950098.png]]

2019-05-20 08:42:30 - [TEST_STEP][PASSED] - waitForPageLoad: Wait for page load successfully

2019-05-20 08:42:30 - [MESSAGE][WARNING] - Timeout '0' is invalid. Using default page load timeout: '30'

2019-05-20 08:42:30 - [MESSAGE][PASSED] - Wait for page load successfully

2019-05-20 08:42:30 - [TEST_STEP][PASSED] - click: Object: 'Object Repository/ADMIN/Categories/Category List/button_Add a Category' is clicked on

2019-05-20 08:42:30 - [MESSAGE][PASSED] - Object: 'Object Repository/ADMIN/Categories/Category List/button_Add a Category' is clicked on

2019-05-20 08:42:30 - [TEST_STEP][PASSED] - waitForElementPresent: Object 'Object Repository/ADMIN/Categories/Category/dropdown_Parent' is present

2019-05-20 08:42:30 - [MESSAGE][PASSED] - Object 'Object Repository/ADMIN/Categories/Category/dropdown_Parent' is present

2019-05-20 08:42:30 - [TEST_STEP][PASSED] - delay: Delayed 1 second(s)

2019-05-20 08:42:31 - [MESSAGE][PASSED] - Delayed 1 second(s)

2019-05-20 08:42:31 - [TEST_STEP][PASSED] - setText: Text 'Category 4.5' is set on object 'Object Repository/ADMIN/Categories/Category/textfield_Category Name'

2019-05-20 08:42:32 - [MESSAGE][PASSED] - Text 'Category 4.5' is set on object 'Object Repository/ADMIN/Categories/Category/textfield_Category Name'

2019-05-20 08:42:32 - [TEST_STEP][PASSED] - click: Object: 'Object Repository/ADMIN/Categories/Category/dropdown_Parent' is clicked on

2019-05-20 08:42:32 - [MESSAGE][PASSED] - Object: 'Object Repository/ADMIN/Categories/Category/dropdown_Parent' is clicked on

2019-05-20 08:42:32 - [TEST_STEP][PASSED] - delay: Delayed 2 second(s)

2019-05-20 08:42:34 - [MESSAGE][PASSED] - Delayed 2 second(s)

2019-05-20 08:42:34 - [TEST_STEP][PASSED] - click: Object: 'Object Repository/ADMIN/Categories/Category/dropdown_Parent' is clicked on

2019-05-20 08:42:34 - [MESSAGE][PASSED] - Object: 'Object Repository/ADMIN/Categories/Category/dropdown_Parent' is clicked on

2019-05-20 08:42:34 - [TEST_STEP][PASSED] - selectOptionByLabel: All options with label 'Category 4' are selected in object 'Object Repository/ADMIN/Categories/Category/dropdown_Parent' 

2019-05-20 08:42:35 - [MESSAGE][PASSED] - All options with label 'Category 4' are selected in object 'Object Repository/ADMIN/Categories/Category/dropdown_Parent' 

2019-05-20 08:42:35 - [TEST_STEP][PASSED] - click: Object: 'Object Repository/ADMIN/Categories/Category/button_Browse' is clicked on

2019-05-20 08:42:35 - [MESSAGE][PASSED] - Object: 'Object Repository/ADMIN/Categories/Category/button_Browse' is clicked on

2019-05-20 08:42:35 - [TEST_STEP][PASSED] - delay: Delayed 1 second(s)

2019-05-20 08:42:36 - [MESSAGE][PASSED] - Delayed 1 second(s)

2019-05-20 08:42:36 - [TEST_STEP][PASSED] - uploadFile: File 'C:\\Katalon\\Image\\pic7.jpg' sent to object: 'Object Repository/ADMIN/Categories/Category/image_input image'

2019-05-20 08:42:36 - [MESSAGE][PASSED] - File 'C:\\Katalon\\Image\\pic7.jpg' sent to object: 'Object Repository/ADMIN/Categories/Category/image_input image'

2019-05-20 08:42:36 - [TEST_STEP][PASSED] - waitForElementVisible: Object 'Object Repository/ADMIN/Categories/Category/button_upload check' is visible

2019-05-20 08:42:36 - [MESSAGE][WARNING] - Timeout '0' is invalid. Using default page load timeout: '30'

2019-05-20 08:42:36 - [MESSAGE][PASSED] - Object 'Object Repository/ADMIN/Categories/Category/button_upload check' is visible

2019-05-20 08:42:36 - [TEST_STEP][PASSED] - click: Object: 'Object Repository/ADMIN/Categories/Category/button_upload check' is clicked on

2019-05-20 08:42:36 - [MESSAGE][PASSED] - Object: 'Object Repository/ADMIN/Categories/Category/button_upload check' is clicked on

2019-05-20 08:42:36 - [TEST_STEP][PASSED] - click: Object: 'Object Repository/ADMIN/Categories/Category/button_upload save' is clicked on

2019-05-20 08:42:36 - [MESSAGE][PASSED] - Object: 'Object Repository/ADMIN/Categories/Category/button_upload save' is clicked on

2019-05-20 08:42:36 - [TEST_STEP][PASSED] - waitForElementVisible: Object 'Object Repository/ADMIN/Categories/Category/button_upload save' is visible

2019-05-20 08:42:36 - [MESSAGE][WARNING] - Timeout '0' is invalid. Using default page load timeout: '30'

2019-05-20 08:42:36 - [MESSAGE][PASSED] - Object 'Object Repository/ADMIN/Categories/Category/button_upload save' is visible

2019-05-20 08:42:36 - [TEST_STEP][PASSED] - setText: Text 'Description56' is set on object 'Object Repository/ADMIN/Categories/Category/textfield_category_description'

2019-05-20 08:42:36 - [MESSAGE][PASSED] - Text 'Description56' is set on object 'Object Repository/ADMIN/Categories/Category/textfield_category_description'

2019-05-20 08:42:36 - [TEST_STEP][PASSED] - click: Object: 'Object Repository/ADMIN/Categories/Category/button_Save' is clicked on

2019-05-20 08:42:37 - [MESSAGE][PASSED] - Object: 'Object Repository/ADMIN/Categories/Category/button_Save' is clicked on

2019-05-20 08:42:37 - [TEST_STEP][PASSED] - waitForElementVisible: Object 'Object Repository/ADMIN/Categories/Category/label_edit popup' is visible

2019-05-20 08:42:37 - [MESSAGE][WARNING] - Timeout '0' is invalid. Using default page load timeout: '30'

2019-05-20 08:42:38 - [MESSAGE][PASSED] - Object 'Object Repository/ADMIN/Categories/Category/label_edit popup' is visible

2019-05-20 08:42:38 - [TEST_STEP][PASSED] - waitForElementNotPresent: Web element with id: 'Object Repository/ADMIN/Categories/Category/label_edit popup' located by 'By.xpath: //div[(text() = 'Category was successfully saved.' or . = 'Category was successfully saved.')]' is not present after '30' second(s)

2019-05-20 08:42:38 - [MESSAGE][WARNING] - Timeout '0' is invalid. Using default page load timeout: '30'

2019-05-20 08:42:44 - [MESSAGE][PASSED] - Web element with id: 'Object Repository/ADMIN/Categories/Category/label_edit popup' located by 'By.xpath: //div[(text() = 'Category was successfully saved.' or . = 'Category was successfully saved.')]' is not present after '30' second(s)]]></system-out>
         <system-err><![CDATA[2019-05-20 08:42:29 - [TEST_CASE][FAILED] - Test Cases/ADMIN/Content Mgmt/Categories/Category Add-Edit/Add Category: Test Cases/ADMIN/Content Mgmt/Categories/Category Add-Edit/Add Category FAILED because (of) Unable to click on object 'Object Repository/ADMIN/Categories/Category List/button_Categories' (Root cause: org.openqa.selenium.ElementNotVisibleException: element not visible
  (Session info: chrome=74.0.3729.157)
  (Driver info: chromedriver=2.35.528161 (5b82f2d2aae0ca24b877009200ced9065a772e73),platform=Windows NT 6.1.7601 SP1 x86_64) (WARNING: The server did not provide any stacktrace information)
Command duration or timeout: 0 milliseconds
Build info: version: '3.7.1', revision: '8a0099a', time: '2017-11-06T21:07:36.161Z'
System info: host: 'ARCADIER-PC', ip: '10.10.31.95', os.name: 'Windows 7', os.arch: 'amd64', os.version: '6.1', java.version: '1.8.0_102'
Driver info: com.kms.katalon.core.webui.driver.ExistingRemoteWebDriver
Capabilities {javascriptEnabled: true, platform: ANY, platformName: ANY}
Session ID: 2609dc86013a09d8daebbf33ac0c67a9)]]></system-err>
      </testcase>
      <testcase name="Test Cases/ADMIN/Content Mgmt/Categories/Category Add-Edit/Add Category" classname="Test Cases/ADMIN/Content Mgmt/Categories/Category Add-Edit/Add Category" status="PASSED">
         <system-out><![CDATA[2019-05-20 08:42:44 - [TEST_CASE][PASSED] - Test Cases/ADMIN/Content Mgmt/Categories/Category Add-Edit/Add Category: Test Cases/ADMIN/Content Mgmt/Categories/Category Add-Edit/Add Category

2019-05-20 08:42:44 - [TEST_STEP][PASSED] - waitForElementVisible: Object 'Object Repository/ADMIN/Categories/Category List/button_Content Mgmt' is visible

2019-05-20 08:42:44 - [MESSAGE][WARNING] - Timeout '0' is invalid. Using default page load timeout: '30'

2019-05-20 08:42:44 - [MESSAGE][PASSED] - Object 'Object Repository/ADMIN/Categories/Category List/button_Content Mgmt' is visible

2019-05-20 08:42:44 - [TEST_STEP][PASSED] - click: Object: 'Object Repository/ADMIN/Categories/Category List/button_Content Mgmt' is clicked on

2019-05-20 08:42:44 - [MESSAGE][PASSED] - Object: 'Object Repository/ADMIN/Categories/Category List/button_Content Mgmt' is clicked on

2019-05-20 08:42:44 - [TEST_STEP][PASSED] - waitForElementVisible: Object 'Object Repository/ADMIN/Categories/Category List/button_Categories' is visible

2019-05-20 08:42:44 - [MESSAGE][WARNING] - Timeout '0' is invalid. Using default page load timeout: '30'

2019-05-20 08:42:44 - [MESSAGE][PASSED] - Object 'Object Repository/ADMIN/Categories/Category List/button_Categories' is visible

2019-05-20 08:42:44 - [TEST_STEP][PASSED] - click: Object: 'Object Repository/ADMIN/Categories/Category List/button_Categories' is clicked on

2019-05-20 08:42:45 - [MESSAGE][PASSED] - Object: 'Object Repository/ADMIN/Categories/Category List/button_Categories' is clicked on

2019-05-20 08:42:45 - [TEST_STEP][PASSED] - waitForPageLoad: Wait for page load successfully

2019-05-20 08:42:45 - [MESSAGE][WARNING] - Timeout '0' is invalid. Using default page load timeout: '30'

2019-05-20 08:42:45 - [MESSAGE][PASSED] - Wait for page load successfully

2019-05-20 08:42:45 - [TEST_STEP][PASSED] - click: Object: 'Object Repository/ADMIN/Categories/Category List/button_Add a Category' is clicked on

2019-05-20 08:42:45 - [MESSAGE][PASSED] - Object: 'Object Repository/ADMIN/Categories/Category List/button_Add a Category' is clicked on

2019-05-20 08:42:45 - [TEST_STEP][PASSED] - waitForElementPresent: Object 'Object Repository/ADMIN/Categories/Category/dropdown_Parent' is present

2019-05-20 08:42:45 - [MESSAGE][PASSED] - Object 'Object Repository/ADMIN/Categories/Category/dropdown_Parent' is present

2019-05-20 08:42:45 - [TEST_STEP][PASSED] - delay: Delayed 1 second(s)

2019-05-20 08:42:46 - [MESSAGE][PASSED] - Delayed 1 second(s)

2019-05-20 08:42:46 - [TEST_STEP][PASSED] - setText: Text 'Category 4.5.1' is set on object 'Object Repository/ADMIN/Categories/Category/textfield_Category Name'

2019-05-20 08:42:47 - [MESSAGE][PASSED] - Text 'Category 4.5.1' is set on object 'Object Repository/ADMIN/Categories/Category/textfield_Category Name'

2019-05-20 08:42:47 - [TEST_STEP][PASSED] - click: Object: 'Object Repository/ADMIN/Categories/Category/dropdown_Parent' is clicked on

2019-05-20 08:42:47 - [MESSAGE][PASSED] - Object: 'Object Repository/ADMIN/Categories/Category/dropdown_Parent' is clicked on

2019-05-20 08:42:47 - [TEST_STEP][PASSED] - delay: Delayed 2 second(s)

2019-05-20 08:42:49 - [MESSAGE][PASSED] - Delayed 2 second(s)

2019-05-20 08:42:49 - [TEST_STEP][PASSED] - click: Object: 'Object Repository/ADMIN/Categories/Category/dropdown_Parent' is clicked on

2019-05-20 08:42:49 - [MESSAGE][PASSED] - Object: 'Object Repository/ADMIN/Categories/Category/dropdown_Parent' is clicked on

2019-05-20 08:42:49 - [TEST_STEP][PASSED] - selectOptionByLabel: All options with label 'Category 4.5' are selected in object 'Object Repository/ADMIN/Categories/Category/dropdown_Parent' 

2019-05-20 08:42:49 - [MESSAGE][PASSED] - All options with label 'Category 4.5' are selected in object 'Object Repository/ADMIN/Categories/Category/dropdown_Parent' 

2019-05-20 08:42:49 - [TEST_STEP][PASSED] - click: Object: 'Object Repository/ADMIN/Categories/Category/button_Browse' is clicked on

2019-05-20 08:42:49 - [MESSAGE][PASSED] - Object: 'Object Repository/ADMIN/Categories/Category/button_Browse' is clicked on

2019-05-20 08:42:49 - [TEST_STEP][PASSED] - delay: Delayed 1 second(s)

2019-05-20 08:42:50 - [MESSAGE][PASSED] - Delayed 1 second(s)

2019-05-20 08:42:50 - [TEST_STEP][PASSED] - uploadFile: File 'C:\\Katalon\\Image\\pic8.jpg' sent to object: 'Object Repository/ADMIN/Categories/Category/image_input image'

2019-05-20 08:42:50 - [MESSAGE][PASSED] - File 'C:\\Katalon\\Image\\pic8.jpg' sent to object: 'Object Repository/ADMIN/Categories/Category/image_input image'

2019-05-20 08:42:50 - [TEST_STEP][PASSED] - waitForElementVisible: Object 'Object Repository/ADMIN/Categories/Category/button_upload check' is visible

2019-05-20 08:42:50 - [MESSAGE][WARNING] - Timeout '0' is invalid. Using default page load timeout: '30'

2019-05-20 08:42:50 - [MESSAGE][PASSED] - Object 'Object Repository/ADMIN/Categories/Category/button_upload check' is visible

2019-05-20 08:42:50 - [TEST_STEP][PASSED] - click: Object: 'Object Repository/ADMIN/Categories/Category/button_upload check' is clicked on

2019-05-20 08:42:51 - [MESSAGE][PASSED] - Object: 'Object Repository/ADMIN/Categories/Category/button_upload check' is clicked on

2019-05-20 08:42:51 - [TEST_STEP][PASSED] - click: Object: 'Object Repository/ADMIN/Categories/Category/button_upload save' is clicked on

2019-05-20 08:42:51 - [MESSAGE][PASSED] - Object: 'Object Repository/ADMIN/Categories/Category/button_upload save' is clicked on

2019-05-20 08:42:51 - [TEST_STEP][PASSED] - waitForElementVisible: Object 'Object Repository/ADMIN/Categories/Category/button_upload save' is visible

2019-05-20 08:42:51 - [MESSAGE][WARNING] - Timeout '0' is invalid. Using default page load timeout: '30'

2019-05-20 08:42:51 - [MESSAGE][PASSED] - Object 'Object Repository/ADMIN/Categories/Category/button_upload save' is visible

2019-05-20 08:42:51 - [TEST_STEP][PASSED] - setText: Text 'Description57' is set on object 'Object Repository/ADMIN/Categories/Category/textfield_category_description'

2019-05-20 08:42:52 - [MESSAGE][PASSED] - Text 'Description57' is set on object 'Object Repository/ADMIN/Categories/Category/textfield_category_description'

2019-05-20 08:42:52 - [TEST_STEP][PASSED] - click: Object: 'Object Repository/ADMIN/Categories/Category/button_Save' is clicked on

2019-05-20 08:42:52 - [MESSAGE][PASSED] - Object: 'Object Repository/ADMIN/Categories/Category/button_Save' is clicked on

2019-05-20 08:42:52 - [TEST_STEP][PASSED] - waitForElementVisible: Object 'Object Repository/ADMIN/Categories/Category/label_edit popup' is visible

2019-05-20 08:42:52 - [MESSAGE][WARNING] - Timeout '0' is invalid. Using default page load timeout: '30'

2019-05-20 08:42:52 - [MESSAGE][PASSED] - Object 'Object Repository/ADMIN/Categories/Category/label_edit popup' is visible

2019-05-20 08:42:52 - [TEST_STEP][PASSED] - waitForElementNotPresent: Web element with id: 'Object Repository/ADMIN/Categories/Category/label_edit popup' located by 'By.xpath: //div[(text() = 'Category was successfully saved.' or . = 'Category was successfully saved.')]' is not present after '30' second(s)

2019-05-20 08:42:52 - [MESSAGE][WARNING] - Timeout '0' is invalid. Using default page load timeout: '30'

2019-05-20 08:42:58 - [MESSAGE][PASSED] - Web element with id: 'Object Repository/ADMIN/Categories/Category/label_edit popup' located by 'By.xpath: //div[(text() = 'Category was successfully saved.' or . = 'Category was successfully saved.')]' is not present after '30' second(s)]]></system-out>
         <system-err><![CDATA[]]></system-err>
      </testcase>
      <testcase name="Test Cases/ADMIN/Content Mgmt/Categories/Category Add-Edit/Add Category" classname="Test Cases/ADMIN/Content Mgmt/Categories/Category Add-Edit/Add Category" status="FAILED">
         <failure type="FAILED" message="Unable to wait for object 'Object Repository/ADMIN/Categories/Category/button_upload save' to be visible (Root cause: org.openqa.selenium.StaleElementReferenceException: stale element reference: element is not attached to the page document
  (Session info: chrome=74.0.3729.157)
  (Driver info: chromedriver=2.35.528161 (5b82f2d2aae0ca24b877009200ced9065a772e73),platform=Windows NT 6.1.7601 SP1 x86_64) (WARNING: The server did not provide any stacktrace information)
Command duration or timeout: 0 milliseconds
For documentation on this error, please visit: http://seleniumhq.org/exceptions/stale_element_reference.html
Build info: version: '3.7.1', revision: '8a0099a', time: '2017-11-06T21:07:36.161Z'
System info: host: 'ARCADIER-PC', ip: '10.10.31.95', os.name: 'Windows 7', os.arch: 'amd64', os.version: '6.1', java.version: '1.8.0_102'
Driver info: com.kms.katalon.core.webui.driver.ExistingRemoteWebDriver
Capabilities {javascriptEnabled: true, platform: ANY, platformName: ANY}
Session ID: 2609dc86013a09d8daebbf33ac0c67a9)"/>
         <system-out><![CDATA[2019-05-20 08:42:58 - [TEST_CASE][FAILED] - Test Cases/ADMIN/Content Mgmt/Categories/Category Add-Edit/Add Category: Test Cases/ADMIN/Content Mgmt/Categories/Category Add-Edit/Add Category FAILED because (of) Unable to wait for object 'Object Repository/ADMIN/Categories/Category/button_upload save' to be visible (Root cause: org.openqa.selenium.StaleElementReferenceException: stale element reference: element is not attached to the page document
  (Session info: chrome=74.0.3729.157)
  (Driver info: chromedriver=2.35.528161 (5b82f2d2aae0ca24b877009200ced9065a772e73),platform=Windows NT 6.1.7601 SP1 x86_64) (WARNING: The server did not provide any stacktrace information)
Command duration or timeout: 0 milliseconds
For documentation on this error, please visit: http://seleniumhq.org/exceptions/stale_element_reference.html
Build info: version: '3.7.1', revision: '8a0099a', time: '2017-11-06T21:07:36.161Z'
System info: host: 'ARCADIER-PC', ip: '10.10.31.95', os.name: 'Windows 7', os.arch: 'amd64', os.version: '6.1', java.version: '1.8.0_102'
Driver info: com.kms.katalon.core.webui.driver.ExistingRemoteWebDriver
Capabilities {javascriptEnabled: true, platform: ANY, platformName: ANY}
Session ID: 2609dc86013a09d8daebbf33ac0c67a9)

2019-05-20 08:42:58 - [TEST_STEP][PASSED] - waitForElementVisible: Object 'Object Repository/ADMIN/Categories/Category List/button_Content Mgmt' is visible

2019-05-20 08:42:58 - [MESSAGE][WARNING] - Timeout '0' is invalid. Using default page load timeout: '30'

2019-05-20 08:42:58 - [MESSAGE][PASSED] - Object 'Object Repository/ADMIN/Categories/Category List/button_Content Mgmt' is visible

2019-05-20 08:42:58 - [TEST_STEP][PASSED] - click: Object: 'Object Repository/ADMIN/Categories/Category List/button_Content Mgmt' is clicked on

2019-05-20 08:42:59 - [MESSAGE][PASSED] - Object: 'Object Repository/ADMIN/Categories/Category List/button_Content Mgmt' is clicked on

2019-05-20 08:42:59 - [TEST_STEP][PASSED] - waitForElementVisible: Object 'Object Repository/ADMIN/Categories/Category List/button_Categories' is visible

2019-05-20 08:42:59 - [MESSAGE][WARNING] - Timeout '0' is invalid. Using default page load timeout: '30'

2019-05-20 08:42:59 - [MESSAGE][PASSED] - Object 'Object Repository/ADMIN/Categories/Category List/button_Categories' is visible

2019-05-20 08:42:59 - [TEST_STEP][PASSED] - click: Object: 'Object Repository/ADMIN/Categories/Category List/button_Categories' is clicked on

2019-05-20 08:42:59 - [MESSAGE][PASSED] - Object: 'Object Repository/ADMIN/Categories/Category List/button_Categories' is clicked on

2019-05-20 08:42:59 - [TEST_STEP][PASSED] - waitForPageLoad: Wait for page load successfully

2019-05-20 08:42:59 - [MESSAGE][WARNING] - Timeout '0' is invalid. Using default page load timeout: '30'

2019-05-20 08:43:00 - [MESSAGE][PASSED] - Wait for page load successfully

2019-05-20 08:43:00 - [TEST_STEP][PASSED] - click: Object: 'Object Repository/ADMIN/Categories/Category List/button_Add a Category' is clicked on

2019-05-20 08:43:00 - [MESSAGE][PASSED] - Object: 'Object Repository/ADMIN/Categories/Category List/button_Add a Category' is clicked on

2019-05-20 08:43:00 - [TEST_STEP][PASSED] - waitForElementPresent: Object 'Object Repository/ADMIN/Categories/Category/dropdown_Parent' is present

2019-05-20 08:43:00 - [MESSAGE][PASSED] - Object 'Object Repository/ADMIN/Categories/Category/dropdown_Parent' is present

2019-05-20 08:43:00 - [TEST_STEP][PASSED] - delay: Delayed 1 second(s)

2019-05-20 08:43:01 - [MESSAGE][PASSED] - Delayed 1 second(s)

2019-05-20 08:43:01 - [TEST_STEP][PASSED] - setText: Text 'Category 4.6' is set on object 'Object Repository/ADMIN/Categories/Category/textfield_Category Name'

2019-05-20 08:43:01 - [MESSAGE][PASSED] - Text 'Category 4.6' is set on object 'Object Repository/ADMIN/Categories/Category/textfield_Category Name'

2019-05-20 08:43:01 - [TEST_STEP][PASSED] - click: Object: 'Object Repository/ADMIN/Categories/Category/dropdown_Parent' is clicked on

2019-05-20 08:43:01 - [MESSAGE][PASSED] - Object: 'Object Repository/ADMIN/Categories/Category/dropdown_Parent' is clicked on

2019-05-20 08:43:01 - [TEST_STEP][PASSED] - delay: Delayed 2 second(s)

2019-05-20 08:43:03 - [MESSAGE][PASSED] - Delayed 2 second(s)

2019-05-20 08:43:03 - [TEST_STEP][PASSED] - click: Object: 'Object Repository/ADMIN/Categories/Category/dropdown_Parent' is clicked on

2019-05-20 08:43:04 - [MESSAGE][PASSED] - Object: 'Object Repository/ADMIN/Categories/Category/dropdown_Parent' is clicked on

2019-05-20 08:43:04 - [TEST_STEP][PASSED] - selectOptionByLabel: All options with label 'Category 4' are selected in object 'Object Repository/ADMIN/Categories/Category/dropdown_Parent' 

2019-05-20 08:43:04 - [MESSAGE][PASSED] - All options with label 'Category 4' are selected in object 'Object Repository/ADMIN/Categories/Category/dropdown_Parent' 

2019-05-20 08:43:04 - [TEST_STEP][PASSED] - click: Object: 'Object Repository/ADMIN/Categories/Category/button_Browse' is clicked on

2019-05-20 08:43:04 - [MESSAGE][PASSED] - Object: 'Object Repository/ADMIN/Categories/Category/button_Browse' is clicked on

2019-05-20 08:43:04 - [TEST_STEP][PASSED] - delay: Delayed 1 second(s)

2019-05-20 08:43:05 - [MESSAGE][PASSED] - Delayed 1 second(s)

2019-05-20 08:43:05 - [TEST_STEP][PASSED] - uploadFile: File 'C:\\Katalon\\Image\\pic9.jpg' sent to object: 'Object Repository/ADMIN/Categories/Category/image_input image'

2019-05-20 08:43:05 - [MESSAGE][PASSED] - File 'C:\\Katalon\\Image\\pic9.jpg' sent to object: 'Object Repository/ADMIN/Categories/Category/image_input image'

2019-05-20 08:43:05 - [TEST_STEP][PASSED] - waitForElementVisible: Object 'Object Repository/ADMIN/Categories/Category/button_upload check' is visible

2019-05-20 08:43:05 - [MESSAGE][WARNING] - Timeout '0' is invalid. Using default page load timeout: '30'

2019-05-20 08:43:05 - [MESSAGE][PASSED] - Object 'Object Repository/ADMIN/Categories/Category/button_upload check' is visible

2019-05-20 08:43:05 - [TEST_STEP][PASSED] - click: Object: 'Object Repository/ADMIN/Categories/Category/button_upload check' is clicked on

2019-05-20 08:43:05 - [MESSAGE][PASSED] - Object: 'Object Repository/ADMIN/Categories/Category/button_upload check' is clicked on

2019-05-20 08:43:05 - [TEST_STEP][PASSED] - click: Object: 'Object Repository/ADMIN/Categories/Category/button_upload save' is clicked on

2019-05-20 08:43:05 - [MESSAGE][PASSED] - Object: 'Object Repository/ADMIN/Categories/Category/button_upload save' is clicked on

2019-05-20 08:43:05 - [TEST_STEP][FAILED] - waitForElementVisible: Unable to wait for object 'Object Repository/ADMIN/Categories/Category/button_upload save' to be visible (Root cause: org.openqa.selenium.StaleElementReferenceException: stale element reference: element is not attached to the page document
  (Session info: chrome=74.0.3729.157)
  (Driver info: chromedriver=2.35.528161 (5b82f2d2aae0ca24b877009200ced9065a772e73),platform=Windows NT 6.1.7601 SP1 x86_64) (WARNING: The server did not provide any stacktrace information)
Command duration or timeout: 0 milliseconds
For documentation on this error, please visit: http://seleniumhq.org/exceptions/stale_element_reference.html
Build info: version: '3.7.1', revision: '8a0099a', time: '2017-11-06T21:07:36.161Z'
System info: host: 'ARCADIER-PC', ip: '10.10.31.95', os.name: 'Windows 7', os.arch: 'amd64', os.version: '6.1', java.version: '1.8.0_102'
Driver info: com.kms.katalon.core.webui.driver.ExistingRemoteWebDriver
Capabilities {javascriptEnabled: true, platform: ANY, platformName: ANY}
Session ID: 2609dc86013a09d8daebbf33ac0c67a9)

2019-05-20 08:43:05 - [MESSAGE][WARNING] - Timeout '0' is invalid. Using default page load timeout: '30'

2019-05-20 08:43:07 - [MESSAGE][FAILED] - Unable to wait for object 'Object Repository/ADMIN/Categories/Category/button_upload save' to be visible (Root cause: org.openqa.selenium.StaleElementReferenceException: stale element reference: element is not attached to the page document
  (Session info: chrome=74.0.3729.157)
  (Driver info: chromedriver=2.35.528161 (5b82f2d2aae0ca24b877009200ced9065a772e73),platform=Windows NT 6.1.7601 SP1 x86_64) (WARNING: The server did not provide any stacktrace information)
Command duration or timeout: 0 milliseconds
For documentation on this error, please visit: http://seleniumhq.org/exceptions/stale_element_reference.html
Build info: version: '3.7.1', revision: '8a0099a', time: '2017-11-06T21:07:36.161Z'
System info: host: 'ARCADIER-PC', ip: '10.10.31.95', os.name: 'Windows 7', os.arch: 'amd64', os.version: '6.1', java.version: '1.8.0_102'
Driver info: com.kms.katalon.core.webui.driver.ExistingRemoteWebDriver
Capabilities {javascriptEnabled: true, platform: ANY, platformName: ANY}
Session ID: 2609dc86013a09d8daebbf33ac0c67a9)
[[ATTACHMENT|C:\\Users\\Arcadier\\git\\Arctick\\Reports\\Suites\\Admin Add Category\\20190520_082941\\1558312986647.png]]

2019-05-20 08:43:07 - [TEST_STEP][PASSED] - setText: Text 'Description58' is set on object 'Object Repository/ADMIN/Categories/Category/textfield_category_description'

2019-05-20 08:43:07 - [MESSAGE][PASSED] - Text 'Description58' is set on object 'Object Repository/ADMIN/Categories/Category/textfield_category_description'

2019-05-20 08:43:07 - [TEST_STEP][PASSED] - click: Object: 'Object Repository/ADMIN/Categories/Category/button_Save' is clicked on

2019-05-20 08:43:07 - [MESSAGE][PASSED] - Object: 'Object Repository/ADMIN/Categories/Category/button_Save' is clicked on

2019-05-20 08:43:07 - [TEST_STEP][PASSED] - waitForElementVisible: Object 'Object Repository/ADMIN/Categories/Category/label_edit popup' is visible

2019-05-20 08:43:07 - [MESSAGE][WARNING] - Timeout '0' is invalid. Using default page load timeout: '30'

2019-05-20 08:43:08 - [MESSAGE][PASSED] - Object 'Object Repository/ADMIN/Categories/Category/label_edit popup' is visible

2019-05-20 08:43:08 - [TEST_STEP][PASSED] - waitForElementNotPresent: Web element with id: 'Object Repository/ADMIN/Categories/Category/label_edit popup' located by 'By.xpath: //div[(text() = 'Category was successfully saved.' or . = 'Category was successfully saved.')]' is not present after '30' second(s)

2019-05-20 08:43:08 - [MESSAGE][WARNING] - Timeout '0' is invalid. Using default page load timeout: '30'

2019-05-20 08:43:14 - [MESSAGE][PASSED] - Web element with id: 'Object Repository/ADMIN/Categories/Category/label_edit popup' located by 'By.xpath: //div[(text() = 'Category was successfully saved.' or . = 'Category was successfully saved.')]' is not present after '30' second(s)]]></system-out>
         <system-err><![CDATA[2019-05-20 08:42:58 - [TEST_CASE][FAILED] - Test Cases/ADMIN/Content Mgmt/Categories/Category Add-Edit/Add Category: Test Cases/ADMIN/Content Mgmt/Categories/Category Add-Edit/Add Category FAILED because (of) Unable to wait for object 'Object Repository/ADMIN/Categories/Category/button_upload save' to be visible (Root cause: org.openqa.selenium.StaleElementReferenceException: stale element reference: element is not attached to the page document
  (Session info: chrome=74.0.3729.157)
  (Driver info: chromedriver=2.35.528161 (5b82f2d2aae0ca24b877009200ced9065a772e73),platform=Windows NT 6.1.7601 SP1 x86_64) (WARNING: The server did not provide any stacktrace information)
Command duration or timeout: 0 milliseconds
For documentation on this error, please visit: http://seleniumhq.org/exceptions/stale_element_reference.html
Build info: version: '3.7.1', revision: '8a0099a', time: '2017-11-06T21:07:36.161Z'
System info: host: 'ARCADIER-PC', ip: '10.10.31.95', os.name: 'Windows 7', os.arch: 'amd64', os.version: '6.1', java.version: '1.8.0_102'
Driver info: com.kms.katalon.core.webui.driver.ExistingRemoteWebDriver
Capabilities {javascriptEnabled: true, platform: ANY, platformName: ANY}
Session ID: 2609dc86013a09d8daebbf33ac0c67a9)]]></system-err>
      </testcase>
      <testcase name="Test Cases/ADMIN/Content Mgmt/Categories/Category Add-Edit/Add Category" classname="Test Cases/ADMIN/Content Mgmt/Categories/Category Add-Edit/Add Category" status="PASSED">
         <system-out><![CDATA[2019-05-20 08:43:14 - [TEST_CASE][PASSED] - Test Cases/ADMIN/Content Mgmt/Categories/Category Add-Edit/Add Category: Test Cases/ADMIN/Content Mgmt/Categories/Category Add-Edit/Add Category

2019-05-20 08:43:14 - [TEST_STEP][PASSED] - waitForElementVisible: Object 'Object Repository/ADMIN/Categories/Category List/button_Content Mgmt' is visible

2019-05-20 08:43:14 - [MESSAGE][WARNING] - Timeout '0' is invalid. Using default page load timeout: '30'

2019-05-20 08:43:14 - [MESSAGE][PASSED] - Object 'Object Repository/ADMIN/Categories/Category List/button_Content Mgmt' is visible

2019-05-20 08:43:14 - [TEST_STEP][PASSED] - click: Object: 'Object Repository/ADMIN/Categories/Category List/button_Content Mgmt' is clicked on

2019-05-20 08:43:14 - [MESSAGE][PASSED] - Object: 'Object Repository/ADMIN/Categories/Category List/button_Content Mgmt' is clicked on

2019-05-20 08:43:14 - [TEST_STEP][PASSED] - waitForElementVisible: Object 'Object Repository/ADMIN/Categories/Category List/button_Categories' is visible

2019-05-20 08:43:14 - [MESSAGE][WARNING] - Timeout '0' is invalid. Using default page load timeout: '30'

2019-05-20 08:43:14 - [MESSAGE][PASSED] - Object 'Object Repository/ADMIN/Categories/Category List/button_Categories' is visible

2019-05-20 08:43:14 - [TEST_STEP][PASSED] - click: Object: 'Object Repository/ADMIN/Categories/Category List/button_Categories' is clicked on

2019-05-20 08:43:15 - [MESSAGE][PASSED] - Object: 'Object Repository/ADMIN/Categories/Category List/button_Categories' is clicked on

2019-05-20 08:43:15 - [TEST_STEP][PASSED] - waitForPageLoad: Wait for page load successfully

2019-05-20 08:43:15 - [MESSAGE][WARNING] - Timeout '0' is invalid. Using default page load timeout: '30'

2019-05-20 08:43:15 - [MESSAGE][PASSED] - Wait for page load successfully

2019-05-20 08:43:15 - [TEST_STEP][PASSED] - click: Object: 'Object Repository/ADMIN/Categories/Category List/button_Add a Category' is clicked on

2019-05-20 08:43:15 - [MESSAGE][PASSED] - Object: 'Object Repository/ADMIN/Categories/Category List/button_Add a Category' is clicked on

2019-05-20 08:43:15 - [TEST_STEP][PASSED] - waitForElementPresent: Object 'Object Repository/ADMIN/Categories/Category/dropdown_Parent' is present

2019-05-20 08:43:15 - [MESSAGE][PASSED] - Object 'Object Repository/ADMIN/Categories/Category/dropdown_Parent' is present

2019-05-20 08:43:15 - [TEST_STEP][PASSED] - delay: Delayed 1 second(s)

2019-05-20 08:43:16 - [MESSAGE][PASSED] - Delayed 1 second(s)

2019-05-20 08:43:16 - [TEST_STEP][PASSED] - setText: Text 'Category 4.7' is set on object 'Object Repository/ADMIN/Categories/Category/textfield_Category Name'

2019-05-20 08:43:16 - [MESSAGE][PASSED] - Text 'Category 4.7' is set on object 'Object Repository/ADMIN/Categories/Category/textfield_Category Name'

2019-05-20 08:43:16 - [TEST_STEP][PASSED] - click: Object: 'Object Repository/ADMIN/Categories/Category/dropdown_Parent' is clicked on

2019-05-20 08:43:16 - [MESSAGE][PASSED] - Object: 'Object Repository/ADMIN/Categories/Category/dropdown_Parent' is clicked on

2019-05-20 08:43:16 - [TEST_STEP][PASSED] - delay: Delayed 2 second(s)

2019-05-20 08:43:18 - [MESSAGE][PASSED] - Delayed 2 second(s)

2019-05-20 08:43:18 - [TEST_STEP][PASSED] - click: Object: 'Object Repository/ADMIN/Categories/Category/dropdown_Parent' is clicked on

2019-05-20 08:43:19 - [MESSAGE][PASSED] - Object: 'Object Repository/ADMIN/Categories/Category/dropdown_Parent' is clicked on

2019-05-20 08:43:19 - [TEST_STEP][PASSED] - selectOptionByLabel: All options with label 'Category 4' are selected in object 'Object Repository/ADMIN/Categories/Category/dropdown_Parent' 

2019-05-20 08:43:19 - [MESSAGE][PASSED] - All options with label 'Category 4' are selected in object 'Object Repository/ADMIN/Categories/Category/dropdown_Parent' 

2019-05-20 08:43:19 - [TEST_STEP][PASSED] - click: Object: 'Object Repository/ADMIN/Categories/Category/button_Browse' is clicked on

2019-05-20 08:43:19 - [MESSAGE][PASSED] - Object: 'Object Repository/ADMIN/Categories/Category/button_Browse' is clicked on

2019-05-20 08:43:19 - [TEST_STEP][PASSED] - delay: Delayed 1 second(s)

2019-05-20 08:43:20 - [MESSAGE][PASSED] - Delayed 1 second(s)

2019-05-20 08:43:20 - [TEST_STEP][PASSED] - uploadFile: File 'C:\\Katalon\\Image\\pic10.jpg' sent to object: 'Object Repository/ADMIN/Categories/Category/image_input image'

2019-05-20 08:43:20 - [MESSAGE][PASSED] - File 'C:\\Katalon\\Image\\pic10.jpg' sent to object: 'Object Repository/ADMIN/Categories/Category/image_input image'

2019-05-20 08:43:20 - [TEST_STEP][PASSED] - waitForElementVisible: Object 'Object Repository/ADMIN/Categories/Category/button_upload check' is visible

2019-05-20 08:43:20 - [MESSAGE][WARNING] - Timeout '0' is invalid. Using default page load timeout: '30'

2019-05-20 08:43:20 - [MESSAGE][PASSED] - Object 'Object Repository/ADMIN/Categories/Category/button_upload check' is visible

2019-05-20 08:43:20 - [TEST_STEP][PASSED] - click: Object: 'Object Repository/ADMIN/Categories/Category/button_upload check' is clicked on

2019-05-20 08:43:20 - [MESSAGE][PASSED] - Object: 'Object Repository/ADMIN/Categories/Category/button_upload check' is clicked on

2019-05-20 08:43:20 - [TEST_STEP][PASSED] - click: Object: 'Object Repository/ADMIN/Categories/Category/button_upload save' is clicked on

2019-05-20 08:43:20 - [MESSAGE][PASSED] - Object: 'Object Repository/ADMIN/Categories/Category/button_upload save' is clicked on

2019-05-20 08:43:20 - [TEST_STEP][PASSED] - waitForElementVisible: Web element with id: 'Object Repository/ADMIN/Categories/Category/button_upload save' located by 'By.xpath: //a[@class = 'btn btn-warning download' and (text() = ' Add Photo' or . = ' Add Photo')]' not found

2019-05-20 08:43:20 - [MESSAGE][WARNING] - Timeout '0' is invalid. Using default page load timeout: '30'

2019-05-20 08:43:53 - [MESSAGE][WARNING] - Web element with id: 'Object Repository/ADMIN/Categories/Category/button_upload save' located by 'By.xpath: //a[@class = 'btn btn-warning download' and (text() = ' Add Photo' or . = ' Add Photo')]' not found

2019-05-20 08:43:53 - [TEST_STEP][PASSED] - setText: Text 'Description59' is set on object 'Object Repository/ADMIN/Categories/Category/textfield_category_description'

2019-05-20 08:43:53 - [MESSAGE][PASSED] - Text 'Description59' is set on object 'Object Repository/ADMIN/Categories/Category/textfield_category_description'

2019-05-20 08:43:53 - [TEST_STEP][PASSED] - click: Object: 'Object Repository/ADMIN/Categories/Category/button_Save' is clicked on

2019-05-20 08:43:53 - [MESSAGE][PASSED] - Object: 'Object Repository/ADMIN/Categories/Category/button_Save' is clicked on

2019-05-20 08:43:53 - [TEST_STEP][PASSED] - waitForElementVisible: Object 'Object Repository/ADMIN/Categories/Category/label_edit popup' is visible

2019-05-20 08:43:53 - [MESSAGE][WARNING] - Timeout '0' is invalid. Using default page load timeout: '30'

2019-05-20 08:43:54 - [MESSAGE][PASSED] - Object 'Object Repository/ADMIN/Categories/Category/label_edit popup' is visible

2019-05-20 08:43:54 - [TEST_STEP][PASSED] - waitForElementNotPresent: Web element with id: 'Object Repository/ADMIN/Categories/Category/label_edit popup' located by 'By.xpath: //div[(text() = 'Category was successfully saved.' or . = 'Category was successfully saved.')]' is not present after '30' second(s)

2019-05-20 08:43:54 - [MESSAGE][WARNING] - Timeout '0' is invalid. Using default page load timeout: '30'

2019-05-20 08:43:59 - [MESSAGE][PASSED] - Web element with id: 'Object Repository/ADMIN/Categories/Category/label_edit popup' located by 'By.xpath: //div[(text() = 'Category was successfully saved.' or . = 'Category was successfully saved.')]' is not present after '30' second(s)]]></system-out>
         <system-err><![CDATA[]]></system-err>
      </testcase>
      <testcase name="Test Cases/ADMIN/Content Mgmt/Categories/Category Add-Edit/Add Category" classname="Test Cases/ADMIN/Content Mgmt/Categories/Category Add-Edit/Add Category" status="FAILED">
         <failure type="FAILED" message="Unable to wait for object 'Object Repository/ADMIN/Categories/Category/button_upload save' to be visible (Root cause: org.openqa.selenium.StaleElementReferenceException: stale element reference: element is not attached to the page document
  (Session info: chrome=74.0.3729.157)
  (Driver info: chromedriver=2.35.528161 (5b82f2d2aae0ca24b877009200ced9065a772e73),platform=Windows NT 6.1.7601 SP1 x86_64) (WARNING: The server did not provide any stacktrace information)
Command duration or timeout: 0 milliseconds
For documentation on this error, please visit: http://seleniumhq.org/exceptions/stale_element_reference.html
Build info: version: '3.7.1', revision: '8a0099a', time: '2017-11-06T21:07:36.161Z'
System info: host: 'ARCADIER-PC', ip: '10.10.31.95', os.name: 'Windows 7', os.arch: 'amd64', os.version: '6.1', java.version: '1.8.0_102'
Driver info: com.kms.katalon.core.webui.driver.ExistingRemoteWebDriver
Capabilities {javascriptEnabled: true, platform: ANY, platformName: ANY}
Session ID: 2609dc86013a09d8daebbf33ac0c67a9)"/>
         <system-out><![CDATA[2019-05-20 08:43:59 - [TEST_CASE][FAILED] - Test Cases/ADMIN/Content Mgmt/Categories/Category Add-Edit/Add Category: Test Cases/ADMIN/Content Mgmt/Categories/Category Add-Edit/Add Category FAILED because (of) Unable to wait for object 'Object Repository/ADMIN/Categories/Category/button_upload save' to be visible (Root cause: org.openqa.selenium.StaleElementReferenceException: stale element reference: element is not attached to the page document
  (Session info: chrome=74.0.3729.157)
  (Driver info: chromedriver=2.35.528161 (5b82f2d2aae0ca24b877009200ced9065a772e73),platform=Windows NT 6.1.7601 SP1 x86_64) (WARNING: The server did not provide any stacktrace information)
Command duration or timeout: 0 milliseconds
For documentation on this error, please visit: http://seleniumhq.org/exceptions/stale_element_reference.html
Build info: version: '3.7.1', revision: '8a0099a', time: '2017-11-06T21:07:36.161Z'
System info: host: 'ARCADIER-PC', ip: '10.10.31.95', os.name: 'Windows 7', os.arch: 'amd64', os.version: '6.1', java.version: '1.8.0_102'
Driver info: com.kms.katalon.core.webui.driver.ExistingRemoteWebDriver
Capabilities {javascriptEnabled: true, platform: ANY, platformName: ANY}
Session ID: 2609dc86013a09d8daebbf33ac0c67a9)

2019-05-20 08:43:59 - [TEST_STEP][PASSED] - waitForElementVisible: Object 'Object Repository/ADMIN/Categories/Category List/button_Content Mgmt' is visible

2019-05-20 08:43:59 - [MESSAGE][WARNING] - Timeout '0' is invalid. Using default page load timeout: '30'

2019-05-20 08:44:00 - [MESSAGE][PASSED] - Object 'Object Repository/ADMIN/Categories/Category List/button_Content Mgmt' is visible

2019-05-20 08:44:00 - [TEST_STEP][PASSED] - click: Object: 'Object Repository/ADMIN/Categories/Category List/button_Content Mgmt' is clicked on

2019-05-20 08:44:00 - [MESSAGE][PASSED] - Object: 'Object Repository/ADMIN/Categories/Category List/button_Content Mgmt' is clicked on

2019-05-20 08:44:00 - [TEST_STEP][PASSED] - waitForElementVisible: Object 'Object Repository/ADMIN/Categories/Category List/button_Categories' is visible

2019-05-20 08:44:00 - [MESSAGE][WARNING] - Timeout '0' is invalid. Using default page load timeout: '30'

2019-05-20 08:44:00 - [MESSAGE][PASSED] - Object 'Object Repository/ADMIN/Categories/Category List/button_Categories' is visible

2019-05-20 08:44:00 - [TEST_STEP][PASSED] - click: Object: 'Object Repository/ADMIN/Categories/Category List/button_Categories' is clicked on

2019-05-20 08:44:01 - [MESSAGE][PASSED] - Object: 'Object Repository/ADMIN/Categories/Category List/button_Categories' is clicked on

2019-05-20 08:44:01 - [TEST_STEP][PASSED] - waitForPageLoad: Wait for page load successfully

2019-05-20 08:44:01 - [MESSAGE][WARNING] - Timeout '0' is invalid. Using default page load timeout: '30'

2019-05-20 08:44:01 - [MESSAGE][PASSED] - Wait for page load successfully

2019-05-20 08:44:01 - [TEST_STEP][PASSED] - click: Object: 'Object Repository/ADMIN/Categories/Category List/button_Add a Category' is clicked on

2019-05-20 08:44:01 - [MESSAGE][PASSED] - Object: 'Object Repository/ADMIN/Categories/Category List/button_Add a Category' is clicked on

2019-05-20 08:44:01 - [TEST_STEP][PASSED] - waitForElementPresent: Object 'Object Repository/ADMIN/Categories/Category/dropdown_Parent' is present

2019-05-20 08:44:01 - [MESSAGE][PASSED] - Object 'Object Repository/ADMIN/Categories/Category/dropdown_Parent' is present

2019-05-20 08:44:01 - [TEST_STEP][PASSED] - delay: Delayed 1 second(s)

2019-05-20 08:44:02 - [MESSAGE][PASSED] - Delayed 1 second(s)

2019-05-20 08:44:02 - [TEST_STEP][PASSED] - setText: Text 'Category 4.8' is set on object 'Object Repository/ADMIN/Categories/Category/textfield_Category Name'

2019-05-20 08:44:02 - [MESSAGE][PASSED] - Text 'Category 4.8' is set on object 'Object Repository/ADMIN/Categories/Category/textfield_Category Name'

2019-05-20 08:44:02 - [TEST_STEP][PASSED] - click: Object: 'Object Repository/ADMIN/Categories/Category/dropdown_Parent' is clicked on

2019-05-20 08:44:02 - [MESSAGE][PASSED] - Object: 'Object Repository/ADMIN/Categories/Category/dropdown_Parent' is clicked on

2019-05-20 08:44:02 - [TEST_STEP][PASSED] - delay: Delayed 2 second(s)

2019-05-20 08:44:04 - [MESSAGE][PASSED] - Delayed 2 second(s)

2019-05-20 08:44:04 - [TEST_STEP][PASSED] - click: Object: 'Object Repository/ADMIN/Categories/Category/dropdown_Parent' is clicked on

2019-05-20 08:44:04 - [MESSAGE][PASSED] - Object: 'Object Repository/ADMIN/Categories/Category/dropdown_Parent' is clicked on

2019-05-20 08:44:04 - [TEST_STEP][PASSED] - selectOptionByLabel: All options with label 'Category 4' are selected in object 'Object Repository/ADMIN/Categories/Category/dropdown_Parent' 

2019-05-20 08:44:05 - [MESSAGE][PASSED] - All options with label 'Category 4' are selected in object 'Object Repository/ADMIN/Categories/Category/dropdown_Parent' 

2019-05-20 08:44:05 - [TEST_STEP][PASSED] - click: Object: 'Object Repository/ADMIN/Categories/Category/button_Browse' is clicked on

2019-05-20 08:44:05 - [MESSAGE][PASSED] - Object: 'Object Repository/ADMIN/Categories/Category/button_Browse' is clicked on

2019-05-20 08:44:05 - [TEST_STEP][PASSED] - delay: Delayed 1 second(s)

2019-05-20 08:44:06 - [MESSAGE][PASSED] - Delayed 1 second(s)

2019-05-20 08:44:06 - [TEST_STEP][PASSED] - uploadFile: File 'C:\\Katalon\\Image\\pic11.jpg' sent to object: 'Object Repository/ADMIN/Categories/Category/image_input image'

2019-05-20 08:44:06 - [MESSAGE][PASSED] - File 'C:\\Katalon\\Image\\pic11.jpg' sent to object: 'Object Repository/ADMIN/Categories/Category/image_input image'

2019-05-20 08:44:06 - [TEST_STEP][PASSED] - waitForElementVisible: Object 'Object Repository/ADMIN/Categories/Category/button_upload check' is visible

2019-05-20 08:44:06 - [MESSAGE][WARNING] - Timeout '0' is invalid. Using default page load timeout: '30'

2019-05-20 08:44:06 - [MESSAGE][PASSED] - Object 'Object Repository/ADMIN/Categories/Category/button_upload check' is visible

2019-05-20 08:44:06 - [TEST_STEP][PASSED] - click: Object: 'Object Repository/ADMIN/Categories/Category/button_upload check' is clicked on

2019-05-20 08:44:06 - [MESSAGE][PASSED] - Object: 'Object Repository/ADMIN/Categories/Category/button_upload check' is clicked on

2019-05-20 08:44:06 - [TEST_STEP][PASSED] - click: Object: 'Object Repository/ADMIN/Categories/Category/button_upload save' is clicked on

2019-05-20 08:44:06 - [MESSAGE][PASSED] - Object: 'Object Repository/ADMIN/Categories/Category/button_upload save' is clicked on

2019-05-20 08:44:06 - [TEST_STEP][FAILED] - waitForElementVisible: Unable to wait for object 'Object Repository/ADMIN/Categories/Category/button_upload save' to be visible (Root cause: org.openqa.selenium.StaleElementReferenceException: stale element reference: element is not attached to the page document
  (Session info: chrome=74.0.3729.157)
  (Driver info: chromedriver=2.35.528161 (5b82f2d2aae0ca24b877009200ced9065a772e73),platform=Windows NT 6.1.7601 SP1 x86_64) (WARNING: The server did not provide any stacktrace information)
Command duration or timeout: 0 milliseconds
For documentation on this error, please visit: http://seleniumhq.org/exceptions/stale_element_reference.html
Build info: version: '3.7.1', revision: '8a0099a', time: '2017-11-06T21:07:36.161Z'
System info: host: 'ARCADIER-PC', ip: '10.10.31.95', os.name: 'Windows 7', os.arch: 'amd64', os.version: '6.1', java.version: '1.8.0_102'
Driver info: com.kms.katalon.core.webui.driver.ExistingRemoteWebDriver
Capabilities {javascriptEnabled: true, platform: ANY, platformName: ANY}
Session ID: 2609dc86013a09d8daebbf33ac0c67a9)

2019-05-20 08:44:06 - [MESSAGE][WARNING] - Timeout '0' is invalid. Using default page load timeout: '30'

2019-05-20 08:44:08 - [MESSAGE][FAILED] - Unable to wait for object 'Object Repository/ADMIN/Categories/Category/button_upload save' to be visible (Root cause: org.openqa.selenium.StaleElementReferenceException: stale element reference: element is not attached to the page document
  (Session info: chrome=74.0.3729.157)
  (Driver info: chromedriver=2.35.528161 (5b82f2d2aae0ca24b877009200ced9065a772e73),platform=Windows NT 6.1.7601 SP1 x86_64) (WARNING: The server did not provide any stacktrace information)
Command duration or timeout: 0 milliseconds
For documentation on this error, please visit: http://seleniumhq.org/exceptions/stale_element_reference.html
Build info: version: '3.7.1', revision: '8a0099a', time: '2017-11-06T21:07:36.161Z'
System info: host: 'ARCADIER-PC', ip: '10.10.31.95', os.name: 'Windows 7', os.arch: 'amd64', os.version: '6.1', java.version: '1.8.0_102'
Driver info: com.kms.katalon.core.webui.driver.ExistingRemoteWebDriver
Capabilities {javascriptEnabled: true, platform: ANY, platformName: ANY}
Session ID: 2609dc86013a09d8daebbf33ac0c67a9)
[[ATTACHMENT|C:\\Users\\Arcadier\\git\\Arctick\\Reports\\Suites\\Admin Add Category\\20190520_082941\\1558313047630.png]]

2019-05-20 08:44:08 - [TEST_STEP][PASSED] - setText: Text 'Description60' is set on object 'Object Repository/ADMIN/Categories/Category/textfield_category_description'

2019-05-20 08:44:08 - [MESSAGE][PASSED] - Text 'Description60' is set on object 'Object Repository/ADMIN/Categories/Category/textfield_category_description'

2019-05-20 08:44:08 - [TEST_STEP][PASSED] - click: Object: 'Object Repository/ADMIN/Categories/Category/button_Save' is clicked on

2019-05-20 08:44:08 - [MESSAGE][PASSED] - Object: 'Object Repository/ADMIN/Categories/Category/button_Save' is clicked on

2019-05-20 08:44:08 - [TEST_STEP][PASSED] - waitForElementVisible: Object 'Object Repository/ADMIN/Categories/Category/label_edit popup' is visible

2019-05-20 08:44:08 - [MESSAGE][WARNING] - Timeout '0' is invalid. Using default page load timeout: '30'

2019-05-20 08:44:09 - [MESSAGE][PASSED] - Object 'Object Repository/ADMIN/Categories/Category/label_edit popup' is visible

2019-05-20 08:44:09 - [TEST_STEP][PASSED] - waitForElementNotPresent: Web element with id: 'Object Repository/ADMIN/Categories/Category/label_edit popup' located by 'By.xpath: //div[(text() = 'Category was successfully saved.' or . = 'Category was successfully saved.')]' is not present after '30' second(s)

2019-05-20 08:44:09 - [MESSAGE][WARNING] - Timeout '0' is invalid. Using default page load timeout: '30'

2019-05-20 08:44:15 - [MESSAGE][PASSED] - Web element with id: 'Object Repository/ADMIN/Categories/Category/label_edit popup' located by 'By.xpath: //div[(text() = 'Category was successfully saved.' or . = 'Category was successfully saved.')]' is not present after '30' second(s)]]></system-out>
         <system-err><![CDATA[2019-05-20 08:43:59 - [TEST_CASE][FAILED] - Test Cases/ADMIN/Content Mgmt/Categories/Category Add-Edit/Add Category: Test Cases/ADMIN/Content Mgmt/Categories/Category Add-Edit/Add Category FAILED because (of) Unable to wait for object 'Object Repository/ADMIN/Categories/Category/button_upload save' to be visible (Root cause: org.openqa.selenium.StaleElementReferenceException: stale element reference: element is not attached to the page document
  (Session info: chrome=74.0.3729.157)
  (Driver info: chromedriver=2.35.528161 (5b82f2d2aae0ca24b877009200ced9065a772e73),platform=Windows NT 6.1.7601 SP1 x86_64) (WARNING: The server did not provide any stacktrace information)
Command duration or timeout: 0 milliseconds
For documentation on this error, please visit: http://seleniumhq.org/exceptions/stale_element_reference.html
Build info: version: '3.7.1', revision: '8a0099a', time: '2017-11-06T21:07:36.161Z'
System info: host: 'ARCADIER-PC', ip: '10.10.31.95', os.name: 'Windows 7', os.arch: 'amd64', os.version: '6.1', java.version: '1.8.0_102'
Driver info: com.kms.katalon.core.webui.driver.ExistingRemoteWebDriver
Capabilities {javascriptEnabled: true, platform: ANY, platformName: ANY}
Session ID: 2609dc86013a09d8daebbf33ac0c67a9)]]></system-err>
      </testcase>
      <testcase name="Test Cases/ADMIN/Content Mgmt/Categories/Category Add-Edit/Add Category" classname="Test Cases/ADMIN/Content Mgmt/Categories/Category Add-Edit/Add Category" status="FAILED">
         <failure type="FAILED" message="Unable to wait for object 'Object Repository/ADMIN/Categories/Category/button_upload save' to be visible (Root cause: org.openqa.selenium.StaleElementReferenceException: stale element reference: element is not attached to the page document
  (Session info: chrome=74.0.3729.157)
  (Driver info: chromedriver=2.35.528161 (5b82f2d2aae0ca24b877009200ced9065a772e73),platform=Windows NT 6.1.7601 SP1 x86_64) (WARNING: The server did not provide any stacktrace information)
Command duration or timeout: 0 milliseconds
For documentation on this error, please visit: http://seleniumhq.org/exceptions/stale_element_reference.html
Build info: version: '3.7.1', revision: '8a0099a', time: '2017-11-06T21:07:36.161Z'
System info: host: 'ARCADIER-PC', ip: '10.10.31.95', os.name: 'Windows 7', os.arch: 'amd64', os.version: '6.1', java.version: '1.8.0_102'
Driver info: com.kms.katalon.core.webui.driver.ExistingRemoteWebDriver
Capabilities {javascriptEnabled: true, platform: ANY, platformName: ANY}
Session ID: 2609dc86013a09d8daebbf33ac0c67a9)"/>
         <system-out><![CDATA[2019-05-20 08:44:15 - [TEST_CASE][FAILED] - Test Cases/ADMIN/Content Mgmt/Categories/Category Add-Edit/Add Category: Test Cases/ADMIN/Content Mgmt/Categories/Category Add-Edit/Add Category FAILED because (of) Unable to wait for object 'Object Repository/ADMIN/Categories/Category/button_upload save' to be visible (Root cause: org.openqa.selenium.StaleElementReferenceException: stale element reference: element is not attached to the page document
  (Session info: chrome=74.0.3729.157)
  (Driver info: chromedriver=2.35.528161 (5b82f2d2aae0ca24b877009200ced9065a772e73),platform=Windows NT 6.1.7601 SP1 x86_64) (WARNING: The server did not provide any stacktrace information)
Command duration or timeout: 0 milliseconds
For documentation on this error, please visit: http://seleniumhq.org/exceptions/stale_element_reference.html
Build info: version: '3.7.1', revision: '8a0099a', time: '2017-11-06T21:07:36.161Z'
System info: host: 'ARCADIER-PC', ip: '10.10.31.95', os.name: 'Windows 7', os.arch: 'amd64', os.version: '6.1', java.version: '1.8.0_102'
Driver info: com.kms.katalon.core.webui.driver.ExistingRemoteWebDriver
Capabilities {javascriptEnabled: true, platform: ANY, platformName: ANY}
Session ID: 2609dc86013a09d8daebbf33ac0c67a9)

2019-05-20 08:44:15 - [TEST_STEP][PASSED] - waitForElementVisible: Object 'Object Repository/ADMIN/Categories/Category List/button_Content Mgmt' is visible

2019-05-20 08:44:15 - [MESSAGE][WARNING] - Timeout '0' is invalid. Using default page load timeout: '30'

2019-05-20 08:44:15 - [MESSAGE][PASSED] - Object 'Object Repository/ADMIN/Categories/Category List/button_Content Mgmt' is visible

2019-05-20 08:44:15 - [TEST_STEP][PASSED] - click: Object: 'Object Repository/ADMIN/Categories/Category List/button_Content Mgmt' is clicked on

2019-05-20 08:44:15 - [MESSAGE][PASSED] - Object: 'Object Repository/ADMIN/Categories/Category List/button_Content Mgmt' is clicked on

2019-05-20 08:44:15 - [TEST_STEP][PASSED] - waitForElementVisible: Object 'Object Repository/ADMIN/Categories/Category List/button_Categories' is visible

2019-05-20 08:44:15 - [MESSAGE][WARNING] - Timeout '0' is invalid. Using default page load timeout: '30'

2019-05-20 08:44:15 - [MESSAGE][PASSED] - Object 'Object Repository/ADMIN/Categories/Category List/button_Categories' is visible

2019-05-20 08:44:15 - [TEST_STEP][PASSED] - click: Object: 'Object Repository/ADMIN/Categories/Category List/button_Categories' is clicked on

2019-05-20 08:44:16 - [MESSAGE][PASSED] - Object: 'Object Repository/ADMIN/Categories/Category List/button_Categories' is clicked on

2019-05-20 08:44:16 - [TEST_STEP][PASSED] - waitForPageLoad: Wait for page load successfully

2019-05-20 08:44:16 - [MESSAGE][WARNING] - Timeout '0' is invalid. Using default page load timeout: '30'

2019-05-20 08:44:16 - [MESSAGE][PASSED] - Wait for page load successfully

2019-05-20 08:44:16 - [TEST_STEP][PASSED] - click: Object: 'Object Repository/ADMIN/Categories/Category List/button_Add a Category' is clicked on

2019-05-20 08:44:16 - [MESSAGE][PASSED] - Object: 'Object Repository/ADMIN/Categories/Category List/button_Add a Category' is clicked on

2019-05-20 08:44:16 - [TEST_STEP][PASSED] - waitForElementPresent: Object 'Object Repository/ADMIN/Categories/Category/dropdown_Parent' is present

2019-05-20 08:44:16 - [MESSAGE][PASSED] - Object 'Object Repository/ADMIN/Categories/Category/dropdown_Parent' is present

2019-05-20 08:44:16 - [TEST_STEP][PASSED] - delay: Delayed 1 second(s)

2019-05-20 08:44:17 - [MESSAGE][PASSED] - Delayed 1 second(s)

2019-05-20 08:44:17 - [TEST_STEP][PASSED] - setText: Text 'Category 4.9' is set on object 'Object Repository/ADMIN/Categories/Category/textfield_Category Name'

2019-05-20 08:44:17 - [MESSAGE][PASSED] - Text 'Category 4.9' is set on object 'Object Repository/ADMIN/Categories/Category/textfield_Category Name'

2019-05-20 08:44:17 - [TEST_STEP][PASSED] - click: Object: 'Object Repository/ADMIN/Categories/Category/dropdown_Parent' is clicked on

2019-05-20 08:44:17 - [MESSAGE][PASSED] - Object: 'Object Repository/ADMIN/Categories/Category/dropdown_Parent' is clicked on

2019-05-20 08:44:17 - [TEST_STEP][PASSED] - delay: Delayed 2 second(s)

2019-05-20 08:44:19 - [MESSAGE][PASSED] - Delayed 2 second(s)

2019-05-20 08:44:19 - [TEST_STEP][PASSED] - click: Object: 'Object Repository/ADMIN/Categories/Category/dropdown_Parent' is clicked on

2019-05-20 08:44:20 - [MESSAGE][PASSED] - Object: 'Object Repository/ADMIN/Categories/Category/dropdown_Parent' is clicked on

2019-05-20 08:44:20 - [TEST_STEP][PASSED] - selectOptionByLabel: All options with label 'Category 4' are selected in object 'Object Repository/ADMIN/Categories/Category/dropdown_Parent' 

2019-05-20 08:44:20 - [MESSAGE][PASSED] - All options with label 'Category 4' are selected in object 'Object Repository/ADMIN/Categories/Category/dropdown_Parent' 

2019-05-20 08:44:20 - [TEST_STEP][PASSED] - click: Object: 'Object Repository/ADMIN/Categories/Category/button_Browse' is clicked on

2019-05-20 08:44:20 - [MESSAGE][PASSED] - Object: 'Object Repository/ADMIN/Categories/Category/button_Browse' is clicked on

2019-05-20 08:44:20 - [TEST_STEP][PASSED] - delay: Delayed 1 second(s)

2019-05-20 08:44:21 - [MESSAGE][PASSED] - Delayed 1 second(s)

2019-05-20 08:44:21 - [TEST_STEP][PASSED] - uploadFile: File 'C:\\Katalon\\Image\\pic12.jpg' sent to object: 'Object Repository/ADMIN/Categories/Category/image_input image'

2019-05-20 08:44:21 - [MESSAGE][PASSED] - File 'C:\\Katalon\\Image\\pic12.jpg' sent to object: 'Object Repository/ADMIN/Categories/Category/image_input image'

2019-05-20 08:44:21 - [TEST_STEP][PASSED] - waitForElementVisible: Object 'Object Repository/ADMIN/Categories/Category/button_upload check' is visible

2019-05-20 08:44:21 - [MESSAGE][WARNING] - Timeout '0' is invalid. Using default page load timeout: '30'

2019-05-20 08:44:21 - [MESSAGE][PASSED] - Object 'Object Repository/ADMIN/Categories/Category/button_upload check' is visible

2019-05-20 08:44:21 - [TEST_STEP][PASSED] - click: Object: 'Object Repository/ADMIN/Categories/Category/button_upload check' is clicked on

2019-05-20 08:44:21 - [MESSAGE][PASSED] - Object: 'Object Repository/ADMIN/Categories/Category/button_upload check' is clicked on

2019-05-20 08:44:21 - [TEST_STEP][PASSED] - click: Object: 'Object Repository/ADMIN/Categories/Category/button_upload save' is clicked on

2019-05-20 08:44:21 - [MESSAGE][PASSED] - Object: 'Object Repository/ADMIN/Categories/Category/button_upload save' is clicked on

2019-05-20 08:44:21 - [TEST_STEP][FAILED] - waitForElementVisible: Unable to wait for object 'Object Repository/ADMIN/Categories/Category/button_upload save' to be visible (Root cause: org.openqa.selenium.StaleElementReferenceException: stale element reference: element is not attached to the page document
  (Session info: chrome=74.0.3729.157)
  (Driver info: chromedriver=2.35.528161 (5b82f2d2aae0ca24b877009200ced9065a772e73),platform=Windows NT 6.1.7601 SP1 x86_64) (WARNING: The server did not provide any stacktrace information)
Command duration or timeout: 0 milliseconds
For documentation on this error, please visit: http://seleniumhq.org/exceptions/stale_element_reference.html
Build info: version: '3.7.1', revision: '8a0099a', time: '2017-11-06T21:07:36.161Z'
System info: host: 'ARCADIER-PC', ip: '10.10.31.95', os.name: 'Windows 7', os.arch: 'amd64', os.version: '6.1', java.version: '1.8.0_102'
Driver info: com.kms.katalon.core.webui.driver.ExistingRemoteWebDriver
Capabilities {javascriptEnabled: true, platform: ANY, platformName: ANY}
Session ID: 2609dc86013a09d8daebbf33ac0c67a9)

2019-05-20 08:44:21 - [MESSAGE][WARNING] - Timeout '0' is invalid. Using default page load timeout: '30'

2019-05-20 08:44:22 - [MESSAGE][FAILED] - Unable to wait for object 'Object Repository/ADMIN/Categories/Category/button_upload save' to be visible (Root cause: org.openqa.selenium.StaleElementReferenceException: stale element reference: element is not attached to the page document
  (Session info: chrome=74.0.3729.157)
  (Driver info: chromedriver=2.35.528161 (5b82f2d2aae0ca24b877009200ced9065a772e73),platform=Windows NT 6.1.7601 SP1 x86_64) (WARNING: The server did not provide any stacktrace information)
Command duration or timeout: 0 milliseconds
For documentation on this error, please visit: http://seleniumhq.org/exceptions/stale_element_reference.html
Build info: version: '3.7.1', revision: '8a0099a', time: '2017-11-06T21:07:36.161Z'
System info: host: 'ARCADIER-PC', ip: '10.10.31.95', os.name: 'Windows 7', os.arch: 'amd64', os.version: '6.1', java.version: '1.8.0_102'
Driver info: com.kms.katalon.core.webui.driver.ExistingRemoteWebDriver
Capabilities {javascriptEnabled: true, platform: ANY, platformName: ANY}
Session ID: 2609dc86013a09d8daebbf33ac0c67a9)
[[ATTACHMENT|C:\\Users\\Arcadier\\git\\Arctick\\Reports\\Suites\\Admin Add Category\\20190520_082941\\1558313062392.png]]

2019-05-20 08:44:22 - [TEST_STEP][PASSED] - setText: Text 'Description61' is set on object 'Object Repository/ADMIN/Categories/Category/textfield_category_description'

2019-05-20 08:44:23 - [MESSAGE][PASSED] - Text 'Description61' is set on object 'Object Repository/ADMIN/Categories/Category/textfield_category_description'

2019-05-20 08:44:23 - [TEST_STEP][PASSED] - click: Object: 'Object Repository/ADMIN/Categories/Category/button_Save' is clicked on

2019-05-20 08:44:23 - [MESSAGE][PASSED] - Object: 'Object Repository/ADMIN/Categories/Category/button_Save' is clicked on

2019-05-20 08:44:23 - [TEST_STEP][PASSED] - waitForElementVisible: Object 'Object Repository/ADMIN/Categories/Category/label_edit popup' is visible

2019-05-20 08:44:23 - [MESSAGE][WARNING] - Timeout '0' is invalid. Using default page load timeout: '30'

2019-05-20 08:44:24 - [MESSAGE][PASSED] - Object 'Object Repository/ADMIN/Categories/Category/label_edit popup' is visible

2019-05-20 08:44:24 - [TEST_STEP][PASSED] - waitForElementNotPresent: Web element with id: 'Object Repository/ADMIN/Categories/Category/label_edit popup' located by 'By.xpath: //div[(text() = 'Category was successfully saved.' or . = 'Category was successfully saved.')]' is not present after '30' second(s)

2019-05-20 08:44:24 - [MESSAGE][WARNING] - Timeout '0' is invalid. Using default page load timeout: '30'

2019-05-20 08:44:30 - [MESSAGE][PASSED] - Web element with id: 'Object Repository/ADMIN/Categories/Category/label_edit popup' located by 'By.xpath: //div[(text() = 'Category was successfully saved.' or . = 'Category was successfully saved.')]' is not present after '30' second(s)]]></system-out>
         <system-err><![CDATA[2019-05-20 08:44:15 - [TEST_CASE][FAILED] - Test Cases/ADMIN/Content Mgmt/Categories/Category Add-Edit/Add Category: Test Cases/ADMIN/Content Mgmt/Categories/Category Add-Edit/Add Category FAILED because (of) Unable to wait for object 'Object Repository/ADMIN/Categories/Category/button_upload save' to be visible (Root cause: org.openqa.selenium.StaleElementReferenceException: stale element reference: element is not attached to the page document
  (Session info: chrome=74.0.3729.157)
  (Driver info: chromedriver=2.35.528161 (5b82f2d2aae0ca24b877009200ced9065a772e73),platform=Windows NT 6.1.7601 SP1 x86_64) (WARNING: The server did not provide any stacktrace information)
Command duration or timeout: 0 milliseconds
For documentation on this error, please visit: http://seleniumhq.org/exceptions/stale_element_reference.html
Build info: version: '3.7.1', revision: '8a0099a', time: '2017-11-06T21:07:36.161Z'
System info: host: 'ARCADIER-PC', ip: '10.10.31.95', os.name: 'Windows 7', os.arch: 'amd64', os.version: '6.1', java.version: '1.8.0_102'
Driver info: com.kms.katalon.core.webui.driver.ExistingRemoteWebDriver
Capabilities {javascriptEnabled: true, platform: ANY, platformName: ANY}
Session ID: 2609dc86013a09d8daebbf33ac0c67a9)]]></system-err>
      </testcase>
      <testcase name="Test Cases/ADMIN/Content Mgmt/Categories/Category Add-Edit/Add Category" classname="Test Cases/ADMIN/Content Mgmt/Categories/Category Add-Edit/Add Category" status="FAILED">
         <failure type="FAILED" message="Unable to click on object 'Object Repository/ADMIN/Categories/Category List/button_Categories' (Root cause: org.openqa.selenium.ElementNotVisibleException: element not visible
  (Session info: chrome=74.0.3729.157)
  (Driver info: chromedriver=2.35.528161 (5b82f2d2aae0ca24b877009200ced9065a772e73),platform=Windows NT 6.1.7601 SP1 x86_64) (WARNING: The server did not provide any stacktrace information)
Command duration or timeout: 0 milliseconds
Build info: version: '3.7.1', revision: '8a0099a', time: '2017-11-06T21:07:36.161Z'
System info: host: 'ARCADIER-PC', ip: '10.10.31.95', os.name: 'Windows 7', os.arch: 'amd64', os.version: '6.1', java.version: '1.8.0_102'
Driver info: com.kms.katalon.core.webui.driver.ExistingRemoteWebDriver
Capabilities {javascriptEnabled: true, platform: ANY, platformName: ANY}
Session ID: 2609dc86013a09d8daebbf33ac0c67a9)"/>
         <system-out><![CDATA[2019-05-20 08:44:30 - [TEST_CASE][FAILED] - Test Cases/ADMIN/Content Mgmt/Categories/Category Add-Edit/Add Category: Test Cases/ADMIN/Content Mgmt/Categories/Category Add-Edit/Add Category FAILED because (of) Unable to click on object 'Object Repository/ADMIN/Categories/Category List/button_Categories' (Root cause: org.openqa.selenium.ElementNotVisibleException: element not visible
  (Session info: chrome=74.0.3729.157)
  (Driver info: chromedriver=2.35.528161 (5b82f2d2aae0ca24b877009200ced9065a772e73),platform=Windows NT 6.1.7601 SP1 x86_64) (WARNING: The server did not provide any stacktrace information)
Command duration or timeout: 0 milliseconds
Build info: version: '3.7.1', revision: '8a0099a', time: '2017-11-06T21:07:36.161Z'
System info: host: 'ARCADIER-PC', ip: '10.10.31.95', os.name: 'Windows 7', os.arch: 'amd64', os.version: '6.1', java.version: '1.8.0_102'
Driver info: com.kms.katalon.core.webui.driver.ExistingRemoteWebDriver
Capabilities {javascriptEnabled: true, platform: ANY, platformName: ANY}
Session ID: 2609dc86013a09d8daebbf33ac0c67a9)

2019-05-20 08:44:30 - [TEST_STEP][PASSED] - waitForElementVisible: Object 'Object Repository/ADMIN/Categories/Category List/button_Content Mgmt' is visible

2019-05-20 08:44:30 - [MESSAGE][WARNING] - Timeout '0' is invalid. Using default page load timeout: '30'

2019-05-20 08:44:30 - [MESSAGE][PASSED] - Object 'Object Repository/ADMIN/Categories/Category List/button_Content Mgmt' is visible

2019-05-20 08:44:30 - [TEST_STEP][PASSED] - click: Object: 'Object Repository/ADMIN/Categories/Category List/button_Content Mgmt' is clicked on

2019-05-20 08:44:30 - [MESSAGE][PASSED] - Object: 'Object Repository/ADMIN/Categories/Category List/button_Content Mgmt' is clicked on

2019-05-20 08:44:30 - [TEST_STEP][PASSED] - waitForElementVisible: Object 'Object Repository/ADMIN/Categories/Category List/button_Categories' is visible

2019-05-20 08:44:30 - [MESSAGE][WARNING] - Timeout '0' is invalid. Using default page load timeout: '30'

2019-05-20 08:44:30 - [MESSAGE][PASSED] - Object 'Object Repository/ADMIN/Categories/Category List/button_Categories' is visible

2019-05-20 08:44:30 - [TEST_STEP][FAILED] - click: Unable to click on object 'Object Repository/ADMIN/Categories/Category List/button_Categories' (Root cause: org.openqa.selenium.ElementNotVisibleException: element not visible
  (Session info: chrome=74.0.3729.157)
  (Driver info: chromedriver=2.35.528161 (5b82f2d2aae0ca24b877009200ced9065a772e73),platform=Windows NT 6.1.7601 SP1 x86_64) (WARNING: The server did not provide any stacktrace information)
Command duration or timeout: 0 milliseconds
Build info: version: '3.7.1', revision: '8a0099a', time: '2017-11-06T21:07:36.161Z'
System info: host: 'ARCADIER-PC', ip: '10.10.31.95', os.name: 'Windows 7', os.arch: 'amd64', os.version: '6.1', java.version: '1.8.0_102'
Driver info: com.kms.katalon.core.webui.driver.ExistingRemoteWebDriver
Capabilities {javascriptEnabled: true, platform: ANY, platformName: ANY}
Session ID: 2609dc86013a09d8daebbf33ac0c67a9)

2019-05-20 08:44:31 - [MESSAGE][FAILED] - Unable to click on object 'Object Repository/ADMIN/Categories/Category List/button_Categories' (Root cause: org.openqa.selenium.ElementNotVisibleException: element not visible
  (Session info: chrome=74.0.3729.157)
  (Driver info: chromedriver=2.35.528161 (5b82f2d2aae0ca24b877009200ced9065a772e73),platform=Windows NT 6.1.7601 SP1 x86_64) (WARNING: The server did not provide any stacktrace information)
Command duration or timeout: 0 milliseconds
Build info: version: '3.7.1', revision: '8a0099a', time: '2017-11-06T21:07:36.161Z'
System info: host: 'ARCADIER-PC', ip: '10.10.31.95', os.name: 'Windows 7', os.arch: 'amd64', os.version: '6.1', java.version: '1.8.0_102'
Driver info: com.kms.katalon.core.webui.driver.ExistingRemoteWebDriver
Capabilities {javascriptEnabled: true, platform: ANY, platformName: ANY}
Session ID: 2609dc86013a09d8daebbf33ac0c67a9)
[[ATTACHMENT|C:\\Users\\Arcadier\\git\\Arctick\\Reports\\Suites\\Admin Add Category\\20190520_082941\\1558313070735.png]]

2019-05-20 08:44:31 - [TEST_STEP][PASSED] - waitForPageLoad: Wait for page load successfully

2019-05-20 08:44:31 - [MESSAGE][WARNING] - Timeout '0' is invalid. Using default page load timeout: '30'

2019-05-20 08:44:31 - [MESSAGE][PASSED] - Wait for page load successfully

2019-05-20 08:44:31 - [TEST_STEP][PASSED] - click: Object: 'Object Repository/ADMIN/Categories/Category List/button_Add a Category' is clicked on

2019-05-20 08:44:31 - [MESSAGE][PASSED] - Object: 'Object Repository/ADMIN/Categories/Category List/button_Add a Category' is clicked on

2019-05-20 08:44:31 - [TEST_STEP][PASSED] - waitForElementPresent: Object 'Object Repository/ADMIN/Categories/Category/dropdown_Parent' is present

2019-05-20 08:44:31 - [MESSAGE][PASSED] - Object 'Object Repository/ADMIN/Categories/Category/dropdown_Parent' is present

2019-05-20 08:44:31 - [TEST_STEP][PASSED] - delay: Delayed 1 second(s)

2019-05-20 08:44:32 - [MESSAGE][PASSED] - Delayed 1 second(s)

2019-05-20 08:44:32 - [TEST_STEP][PASSED] - setText: Text 'Category 4.10' is set on object 'Object Repository/ADMIN/Categories/Category/textfield_Category Name'

2019-05-20 08:44:32 - [MESSAGE][PASSED] - Text 'Category 4.10' is set on object 'Object Repository/ADMIN/Categories/Category/textfield_Category Name'

2019-05-20 08:44:32 - [TEST_STEP][PASSED] - click: Object: 'Object Repository/ADMIN/Categories/Category/dropdown_Parent' is clicked on

2019-05-20 08:44:32 - [MESSAGE][PASSED] - Object: 'Object Repository/ADMIN/Categories/Category/dropdown_Parent' is clicked on

2019-05-20 08:44:32 - [TEST_STEP][PASSED] - delay: Delayed 2 second(s)

2019-05-20 08:44:34 - [MESSAGE][PASSED] - Delayed 2 second(s)

2019-05-20 08:44:34 - [TEST_STEP][PASSED] - click: Object: 'Object Repository/ADMIN/Categories/Category/dropdown_Parent' is clicked on

2019-05-20 08:44:35 - [MESSAGE][PASSED] - Object: 'Object Repository/ADMIN/Categories/Category/dropdown_Parent' is clicked on

2019-05-20 08:44:35 - [TEST_STEP][PASSED] - selectOptionByLabel: All options with label 'Category 4' are selected in object 'Object Repository/ADMIN/Categories/Category/dropdown_Parent' 

2019-05-20 08:44:35 - [MESSAGE][PASSED] - All options with label 'Category 4' are selected in object 'Object Repository/ADMIN/Categories/Category/dropdown_Parent' 

2019-05-20 08:44:35 - [TEST_STEP][PASSED] - click: Object: 'Object Repository/ADMIN/Categories/Category/button_Browse' is clicked on

2019-05-20 08:44:35 - [MESSAGE][PASSED] - Object: 'Object Repository/ADMIN/Categories/Category/button_Browse' is clicked on

2019-05-20 08:44:35 - [TEST_STEP][PASSED] - delay: Delayed 1 second(s)

2019-05-20 08:44:36 - [MESSAGE][PASSED] - Delayed 1 second(s)

2019-05-20 08:44:36 - [TEST_STEP][PASSED] - uploadFile: File 'C:\\Katalon\\Image\\pic1.jpg' sent to object: 'Object Repository/ADMIN/Categories/Category/image_input image'

2019-05-20 08:44:36 - [MESSAGE][PASSED] - File 'C:\\Katalon\\Image\\pic1.jpg' sent to object: 'Object Repository/ADMIN/Categories/Category/image_input image'

2019-05-20 08:44:36 - [TEST_STEP][PASSED] - waitForElementVisible: Object 'Object Repository/ADMIN/Categories/Category/button_upload check' is visible

2019-05-20 08:44:36 - [MESSAGE][WARNING] - Timeout '0' is invalid. Using default page load timeout: '30'

2019-05-20 08:44:36 - [MESSAGE][PASSED] - Object 'Object Repository/ADMIN/Categories/Category/button_upload check' is visible

2019-05-20 08:44:36 - [TEST_STEP][PASSED] - click: Object: 'Object Repository/ADMIN/Categories/Category/button_upload check' is clicked on

2019-05-20 08:44:36 - [MESSAGE][PASSED] - Object: 'Object Repository/ADMIN/Categories/Category/button_upload check' is clicked on

2019-05-20 08:44:36 - [TEST_STEP][PASSED] - click: Object: 'Object Repository/ADMIN/Categories/Category/button_upload save' is clicked on

2019-05-20 08:44:36 - [MESSAGE][PASSED] - Object: 'Object Repository/ADMIN/Categories/Category/button_upload save' is clicked on

2019-05-20 08:44:36 - [TEST_STEP][PASSED] - waitForElementVisible: Object 'Object Repository/ADMIN/Categories/Category/button_upload save' is visible

2019-05-20 08:44:36 - [MESSAGE][WARNING] - Timeout '0' is invalid. Using default page load timeout: '30'

2019-05-20 08:44:37 - [MESSAGE][PASSED] - Object 'Object Repository/ADMIN/Categories/Category/button_upload save' is visible

2019-05-20 08:44:37 - [TEST_STEP][PASSED] - setText: Text 'Description62' is set on object 'Object Repository/ADMIN/Categories/Category/textfield_category_description'

2019-05-20 08:44:38 - [MESSAGE][PASSED] - Text 'Description62' is set on object 'Object Repository/ADMIN/Categories/Category/textfield_category_description'

2019-05-20 08:44:38 - [TEST_STEP][PASSED] - click: Object: 'Object Repository/ADMIN/Categories/Category/button_Save' is clicked on

2019-05-20 08:44:40 - [MESSAGE][PASSED] - Object: 'Object Repository/ADMIN/Categories/Category/button_Save' is clicked on

2019-05-20 08:44:40 - [TEST_STEP][PASSED] - waitForElementVisible: Object 'Object Repository/ADMIN/Categories/Category/label_edit popup' is visible

2019-05-20 08:44:40 - [MESSAGE][WARNING] - Timeout '0' is invalid. Using default page load timeout: '30'

2019-05-20 08:44:40 - [MESSAGE][PASSED] - Object 'Object Repository/ADMIN/Categories/Category/label_edit popup' is visible

2019-05-20 08:44:40 - [TEST_STEP][PASSED] - waitForElementNotPresent: Web element with id: 'Object Repository/ADMIN/Categories/Category/label_edit popup' located by 'By.xpath: //div[(text() = 'Category was successfully saved.' or . = 'Category was successfully saved.')]' is not present after '30' second(s)

2019-05-20 08:44:40 - [MESSAGE][WARNING] - Timeout '0' is invalid. Using default page load timeout: '30'

2019-05-20 08:44:46 - [MESSAGE][PASSED] - Web element with id: 'Object Repository/ADMIN/Categories/Category/label_edit popup' located by 'By.xpath: //div[(text() = 'Category was successfully saved.' or . = 'Category was successfully saved.')]' is not present after '30' second(s)]]></system-out>
         <system-err><![CDATA[2019-05-20 08:44:30 - [TEST_CASE][FAILED] - Test Cases/ADMIN/Content Mgmt/Categories/Category Add-Edit/Add Category: Test Cases/ADMIN/Content Mgmt/Categories/Category Add-Edit/Add Category FAILED because (of) Unable to click on object 'Object Repository/ADMIN/Categories/Category List/button_Categories' (Root cause: org.openqa.selenium.ElementNotVisibleException: element not visible
  (Session info: chrome=74.0.3729.157)
  (Driver info: chromedriver=2.35.528161 (5b82f2d2aae0ca24b877009200ced9065a772e73),platform=Windows NT 6.1.7601 SP1 x86_64) (WARNING: The server did not provide any stacktrace information)
Command duration or timeout: 0 milliseconds
Build info: version: '3.7.1', revision: '8a0099a', time: '2017-11-06T21:07:36.161Z'
System info: host: 'ARCADIER-PC', ip: '10.10.31.95', os.name: 'Windows 7', os.arch: 'amd64', os.version: '6.1', java.version: '1.8.0_102'
Driver info: com.kms.katalon.core.webui.driver.ExistingRemoteWebDriver
Capabilities {javascriptEnabled: true, platform: ANY, platformName: ANY}
Session ID: 2609dc86013a09d8daebbf33ac0c67a9)]]></system-err>
      </testcase>
      <testcase name="Test Cases/ADMIN/Content Mgmt/Categories/Category Add-Edit/Add Category" classname="Test Cases/ADMIN/Content Mgmt/Categories/Category Add-Edit/Add Category" status="FAILED">
         <failure type="FAILED" message="Unable to click on object 'Object Repository/ADMIN/Categories/Category List/button_Categories' (Root cause: org.openqa.selenium.ElementNotVisibleException: element not visible
  (Session info: chrome=74.0.3729.157)
  (Driver info: chromedriver=2.35.528161 (5b82f2d2aae0ca24b877009200ced9065a772e73),platform=Windows NT 6.1.7601 SP1 x86_64) (WARNING: The server did not provide any stacktrace information)
Command duration or timeout: 0 milliseconds
Build info: version: '3.7.1', revision: '8a0099a', time: '2017-11-06T21:07:36.161Z'
System info: host: 'ARCADIER-PC', ip: '10.10.31.95', os.name: 'Windows 7', os.arch: 'amd64', os.version: '6.1', java.version: '1.8.0_102'
Driver info: com.kms.katalon.core.webui.driver.ExistingRemoteWebDriver
Capabilities {javascriptEnabled: true, platform: ANY, platformName: ANY}
Session ID: 2609dc86013a09d8daebbf33ac0c67a9)"/>
         <system-out><![CDATA[2019-05-20 08:44:46 - [TEST_CASE][FAILED] - Test Cases/ADMIN/Content Mgmt/Categories/Category Add-Edit/Add Category: Test Cases/ADMIN/Content Mgmt/Categories/Category Add-Edit/Add Category FAILED because (of) Unable to click on object 'Object Repository/ADMIN/Categories/Category List/button_Categories' (Root cause: org.openqa.selenium.ElementNotVisibleException: element not visible
  (Session info: chrome=74.0.3729.157)
  (Driver info: chromedriver=2.35.528161 (5b82f2d2aae0ca24b877009200ced9065a772e73),platform=Windows NT 6.1.7601 SP1 x86_64) (WARNING: The server did not provide any stacktrace information)
Command duration or timeout: 0 milliseconds
Build info: version: '3.7.1', revision: '8a0099a', time: '2017-11-06T21:07:36.161Z'
System info: host: 'ARCADIER-PC', ip: '10.10.31.95', os.name: 'Windows 7', os.arch: 'amd64', os.version: '6.1', java.version: '1.8.0_102'
Driver info: com.kms.katalon.core.webui.driver.ExistingRemoteWebDriver
Capabilities {javascriptEnabled: true, platform: ANY, platformName: ANY}
Session ID: 2609dc86013a09d8daebbf33ac0c67a9)

2019-05-20 08:44:47 - [TEST_STEP][PASSED] - waitForElementVisible: Object 'Object Repository/ADMIN/Categories/Category List/button_Content Mgmt' is visible

2019-05-20 08:44:47 - [MESSAGE][WARNING] - Timeout '0' is invalid. Using default page load timeout: '30'

2019-05-20 08:44:47 - [MESSAGE][PASSED] - Object 'Object Repository/ADMIN/Categories/Category List/button_Content Mgmt' is visible

2019-05-20 08:44:47 - [TEST_STEP][PASSED] - click: Object: 'Object Repository/ADMIN/Categories/Category List/button_Content Mgmt' is clicked on

2019-05-20 08:44:47 - [MESSAGE][PASSED] - Object: 'Object Repository/ADMIN/Categories/Category List/button_Content Mgmt' is clicked on

2019-05-20 08:44:47 - [TEST_STEP][PASSED] - waitForElementVisible: Object 'Object Repository/ADMIN/Categories/Category List/button_Categories' is visible

2019-05-20 08:44:47 - [MESSAGE][WARNING] - Timeout '0' is invalid. Using default page load timeout: '30'

2019-05-20 08:44:47 - [MESSAGE][PASSED] - Object 'Object Repository/ADMIN/Categories/Category List/button_Categories' is visible

2019-05-20 08:44:47 - [TEST_STEP][FAILED] - click: Unable to click on object 'Object Repository/ADMIN/Categories/Category List/button_Categories' (Root cause: org.openqa.selenium.ElementNotVisibleException: element not visible
  (Session info: chrome=74.0.3729.157)
  (Driver info: chromedriver=2.35.528161 (5b82f2d2aae0ca24b877009200ced9065a772e73),platform=Windows NT 6.1.7601 SP1 x86_64) (WARNING: The server did not provide any stacktrace information)
Command duration or timeout: 0 milliseconds
Build info: version: '3.7.1', revision: '8a0099a', time: '2017-11-06T21:07:36.161Z'
System info: host: 'ARCADIER-PC', ip: '10.10.31.95', os.name: 'Windows 7', os.arch: 'amd64', os.version: '6.1', java.version: '1.8.0_102'
Driver info: com.kms.katalon.core.webui.driver.ExistingRemoteWebDriver
Capabilities {javascriptEnabled: true, platform: ANY, platformName: ANY}
Session ID: 2609dc86013a09d8daebbf33ac0c67a9)

2019-05-20 08:44:48 - [MESSAGE][FAILED] - Unable to click on object 'Object Repository/ADMIN/Categories/Category List/button_Categories' (Root cause: org.openqa.selenium.ElementNotVisibleException: element not visible
  (Session info: chrome=74.0.3729.157)
  (Driver info: chromedriver=2.35.528161 (5b82f2d2aae0ca24b877009200ced9065a772e73),platform=Windows NT 6.1.7601 SP1 x86_64) (WARNING: The server did not provide any stacktrace information)
Command duration or timeout: 0 milliseconds
Build info: version: '3.7.1', revision: '8a0099a', time: '2017-11-06T21:07:36.161Z'
System info: host: 'ARCADIER-PC', ip: '10.10.31.95', os.name: 'Windows 7', os.arch: 'amd64', os.version: '6.1', java.version: '1.8.0_102'
Driver info: com.kms.katalon.core.webui.driver.ExistingRemoteWebDriver
Capabilities {javascriptEnabled: true, platform: ANY, platformName: ANY}
Session ID: 2609dc86013a09d8daebbf33ac0c67a9)
[[ATTACHMENT|C:\\Users\\Arcadier\\git\\Arctick\\Reports\\Suites\\Admin Add Category\\20190520_082941\\1558313087593.png]]

2019-05-20 08:44:48 - [TEST_STEP][PASSED] - waitForPageLoad: Wait for page load successfully

2019-05-20 08:44:48 - [MESSAGE][WARNING] - Timeout '0' is invalid. Using default page load timeout: '30'

2019-05-20 08:44:48 - [MESSAGE][PASSED] - Wait for page load successfully

2019-05-20 08:44:48 - [TEST_STEP][PASSED] - click: Object: 'Object Repository/ADMIN/Categories/Category List/button_Add a Category' is clicked on

2019-05-20 08:44:48 - [MESSAGE][PASSED] - Object: 'Object Repository/ADMIN/Categories/Category List/button_Add a Category' is clicked on

2019-05-20 08:44:48 - [TEST_STEP][PASSED] - waitForElementPresent: Object 'Object Repository/ADMIN/Categories/Category/dropdown_Parent' is present

2019-05-20 08:44:48 - [MESSAGE][PASSED] - Object 'Object Repository/ADMIN/Categories/Category/dropdown_Parent' is present

2019-05-20 08:44:48 - [TEST_STEP][PASSED] - delay: Delayed 1 second(s)

2019-05-20 08:44:49 - [MESSAGE][PASSED] - Delayed 1 second(s)

2019-05-20 08:44:49 - [TEST_STEP][PASSED] - setText: Text 'Category 4.10.1' is set on object 'Object Repository/ADMIN/Categories/Category/textfield_Category Name'

2019-05-20 08:44:49 - [MESSAGE][PASSED] - Text 'Category 4.10.1' is set on object 'Object Repository/ADMIN/Categories/Category/textfield_Category Name'

2019-05-20 08:44:49 - [TEST_STEP][PASSED] - click: Object: 'Object Repository/ADMIN/Categories/Category/dropdown_Parent' is clicked on

2019-05-20 08:44:50 - [MESSAGE][PASSED] - Object: 'Object Repository/ADMIN/Categories/Category/dropdown_Parent' is clicked on

2019-05-20 08:44:50 - [TEST_STEP][PASSED] - delay: Delayed 2 second(s)

2019-05-20 08:44:52 - [MESSAGE][PASSED] - Delayed 2 second(s)

2019-05-20 08:44:52 - [TEST_STEP][PASSED] - click: Object: 'Object Repository/ADMIN/Categories/Category/dropdown_Parent' is clicked on

2019-05-20 08:44:52 - [MESSAGE][PASSED] - Object: 'Object Repository/ADMIN/Categories/Category/dropdown_Parent' is clicked on

2019-05-20 08:44:52 - [TEST_STEP][PASSED] - selectOptionByLabel: All options with label 'Category 4.10' are selected in object 'Object Repository/ADMIN/Categories/Category/dropdown_Parent' 

2019-05-20 08:44:52 - [MESSAGE][PASSED] - All options with label 'Category 4.10' are selected in object 'Object Repository/ADMIN/Categories/Category/dropdown_Parent' 

2019-05-20 08:44:52 - [TEST_STEP][PASSED] - click: Object: 'Object Repository/ADMIN/Categories/Category/button_Browse' is clicked on

2019-05-20 08:44:52 - [MESSAGE][PASSED] - Object: 'Object Repository/ADMIN/Categories/Category/button_Browse' is clicked on

2019-05-20 08:44:52 - [TEST_STEP][PASSED] - delay: Delayed 1 second(s)

2019-05-20 08:44:53 - [MESSAGE][PASSED] - Delayed 1 second(s)

2019-05-20 08:44:53 - [TEST_STEP][PASSED] - uploadFile: File 'C:\\Katalon\\Image\\pic2.jpg' sent to object: 'Object Repository/ADMIN/Categories/Category/image_input image'

2019-05-20 08:44:53 - [MESSAGE][PASSED] - File 'C:\\Katalon\\Image\\pic2.jpg' sent to object: 'Object Repository/ADMIN/Categories/Category/image_input image'

2019-05-20 08:44:53 - [TEST_STEP][PASSED] - waitForElementVisible: Object 'Object Repository/ADMIN/Categories/Category/button_upload check' is visible

2019-05-20 08:44:53 - [MESSAGE][WARNING] - Timeout '0' is invalid. Using default page load timeout: '30'

2019-05-20 08:44:53 - [MESSAGE][PASSED] - Object 'Object Repository/ADMIN/Categories/Category/button_upload check' is visible

2019-05-20 08:44:53 - [TEST_STEP][PASSED] - click: Object: 'Object Repository/ADMIN/Categories/Category/button_upload check' is clicked on

2019-05-20 08:44:54 - [MESSAGE][PASSED] - Object: 'Object Repository/ADMIN/Categories/Category/button_upload check' is clicked on

2019-05-20 08:44:54 - [TEST_STEP][PASSED] - click: Object: 'Object Repository/ADMIN/Categories/Category/button_upload save' is clicked on

2019-05-20 08:44:54 - [MESSAGE][PASSED] - Object: 'Object Repository/ADMIN/Categories/Category/button_upload save' is clicked on

2019-05-20 08:44:54 - [TEST_STEP][PASSED] - waitForElementVisible: Object 'Object Repository/ADMIN/Categories/Category/button_upload save' is visible

2019-05-20 08:44:54 - [MESSAGE][WARNING] - Timeout '0' is invalid. Using default page load timeout: '30'

2019-05-20 08:44:54 - [MESSAGE][PASSED] - Object 'Object Repository/ADMIN/Categories/Category/button_upload save' is visible

2019-05-20 08:44:54 - [TEST_STEP][PASSED] - setText: Text 'Description63' is set on object 'Object Repository/ADMIN/Categories/Category/textfield_category_description'

2019-05-20 08:44:55 - [MESSAGE][PASSED] - Text 'Description63' is set on object 'Object Repository/ADMIN/Categories/Category/textfield_category_description'

2019-05-20 08:44:55 - [TEST_STEP][PASSED] - click: Object: 'Object Repository/ADMIN/Categories/Category/button_Save' is clicked on

2019-05-20 08:44:55 - [MESSAGE][PASSED] - Object: 'Object Repository/ADMIN/Categories/Category/button_Save' is clicked on

2019-05-20 08:44:55 - [TEST_STEP][PASSED] - waitForElementVisible: Object 'Object Repository/ADMIN/Categories/Category/label_edit popup' is visible

2019-05-20 08:44:55 - [MESSAGE][WARNING] - Timeout '0' is invalid. Using default page load timeout: '30'

2019-05-20 08:44:55 - [MESSAGE][PASSED] - Object 'Object Repository/ADMIN/Categories/Category/label_edit popup' is visible

2019-05-20 08:44:55 - [TEST_STEP][PASSED] - waitForElementNotPresent: Web element with id: 'Object Repository/ADMIN/Categories/Category/label_edit popup' located by 'By.xpath: //div[(text() = 'Category was successfully saved.' or . = 'Category was successfully saved.')]' is not present after '30' second(s)

2019-05-20 08:44:56 - [MESSAGE][WARNING] - Timeout '0' is invalid. Using default page load timeout: '30'

2019-05-20 08:45:01 - [MESSAGE][PASSED] - Web element with id: 'Object Repository/ADMIN/Categories/Category/label_edit popup' located by 'By.xpath: //div[(text() = 'Category was successfully saved.' or . = 'Category was successfully saved.')]' is not present after '30' second(s)]]></system-out>
         <system-err><![CDATA[2019-05-20 08:44:46 - [TEST_CASE][FAILED] - Test Cases/ADMIN/Content Mgmt/Categories/Category Add-Edit/Add Category: Test Cases/ADMIN/Content Mgmt/Categories/Category Add-Edit/Add Category FAILED because (of) Unable to click on object 'Object Repository/ADMIN/Categories/Category List/button_Categories' (Root cause: org.openqa.selenium.ElementNotVisibleException: element not visible
  (Session info: chrome=74.0.3729.157)
  (Driver info: chromedriver=2.35.528161 (5b82f2d2aae0ca24b877009200ced9065a772e73),platform=Windows NT 6.1.7601 SP1 x86_64) (WARNING: The server did not provide any stacktrace information)
Command duration or timeout: 0 milliseconds
Build info: version: '3.7.1', revision: '8a0099a', time: '2017-11-06T21:07:36.161Z'
System info: host: 'ARCADIER-PC', ip: '10.10.31.95', os.name: 'Windows 7', os.arch: 'amd64', os.version: '6.1', java.version: '1.8.0_102'
Driver info: com.kms.katalon.core.webui.driver.ExistingRemoteWebDriver
Capabilities {javascriptEnabled: true, platform: ANY, platformName: ANY}
Session ID: 2609dc86013a09d8daebbf33ac0c67a9)]]></system-err>
      </testcase>
      <testcase name="Test Cases/ADMIN/Content Mgmt/Categories/Category Add-Edit/Add Category" classname="Test Cases/ADMIN/Content Mgmt/Categories/Category Add-Edit/Add Category" status="FAILED">
         <failure type="FAILED" message="Unable to click on object 'Object Repository/ADMIN/Categories/Category List/button_Categories' (Root cause: org.openqa.selenium.ElementNotVisibleException: element not visible
  (Session info: chrome=74.0.3729.157)
  (Driver info: chromedriver=2.35.528161 (5b82f2d2aae0ca24b877009200ced9065a772e73),platform=Windows NT 6.1.7601 SP1 x86_64) (WARNING: The server did not provide any stacktrace information)
Command duration or timeout: 0 milliseconds
Build info: version: '3.7.1', revision: '8a0099a', time: '2017-11-06T21:07:36.161Z'
System info: host: 'ARCADIER-PC', ip: '10.10.31.95', os.name: 'Windows 7', os.arch: 'amd64', os.version: '6.1', java.version: '1.8.0_102'
Driver info: com.kms.katalon.core.webui.driver.ExistingRemoteWebDriver
Capabilities {javascriptEnabled: true, platform: ANY, platformName: ANY}
Session ID: 2609dc86013a09d8daebbf33ac0c67a9)"/>
         <system-out><![CDATA[2019-05-20 08:45:01 - [TEST_CASE][FAILED] - Test Cases/ADMIN/Content Mgmt/Categories/Category Add-Edit/Add Category: Test Cases/ADMIN/Content Mgmt/Categories/Category Add-Edit/Add Category FAILED because (of) Unable to click on object 'Object Repository/ADMIN/Categories/Category List/button_Categories' (Root cause: org.openqa.selenium.ElementNotVisibleException: element not visible
  (Session info: chrome=74.0.3729.157)
  (Driver info: chromedriver=2.35.528161 (5b82f2d2aae0ca24b877009200ced9065a772e73),platform=Windows NT 6.1.7601 SP1 x86_64) (WARNING: The server did not provide any stacktrace information)
Command duration or timeout: 0 milliseconds
Build info: version: '3.7.1', revision: '8a0099a', time: '2017-11-06T21:07:36.161Z'
System info: host: 'ARCADIER-PC', ip: '10.10.31.95', os.name: 'Windows 7', os.arch: 'amd64', os.version: '6.1', java.version: '1.8.0_102'
Driver info: com.kms.katalon.core.webui.driver.ExistingRemoteWebDriver
Capabilities {javascriptEnabled: true, platform: ANY, platformName: ANY}
Session ID: 2609dc86013a09d8daebbf33ac0c67a9)

2019-05-20 08:45:01 - [TEST_STEP][PASSED] - waitForElementVisible: Object 'Object Repository/ADMIN/Categories/Category List/button_Content Mgmt' is visible

2019-05-20 08:45:01 - [MESSAGE][WARNING] - Timeout '0' is invalid. Using default page load timeout: '30'

2019-05-20 08:45:02 - [MESSAGE][PASSED] - Object 'Object Repository/ADMIN/Categories/Category List/button_Content Mgmt' is visible

2019-05-20 08:45:02 - [TEST_STEP][PASSED] - click: Object: 'Object Repository/ADMIN/Categories/Category List/button_Content Mgmt' is clicked on

2019-05-20 08:45:02 - [MESSAGE][PASSED] - Object: 'Object Repository/ADMIN/Categories/Category List/button_Content Mgmt' is clicked on

2019-05-20 08:45:02 - [TEST_STEP][PASSED] - waitForElementVisible: Object 'Object Repository/ADMIN/Categories/Category List/button_Categories' is visible

2019-05-20 08:45:02 - [MESSAGE][WARNING] - Timeout '0' is invalid. Using default page load timeout: '30'

2019-05-20 08:45:02 - [MESSAGE][PASSED] - Object 'Object Repository/ADMIN/Categories/Category List/button_Categories' is visible

2019-05-20 08:45:02 - [TEST_STEP][FAILED] - click: Unable to click on object 'Object Repository/ADMIN/Categories/Category List/button_Categories' (Root cause: org.openqa.selenium.ElementNotVisibleException: element not visible
  (Session info: chrome=74.0.3729.157)
  (Driver info: chromedriver=2.35.528161 (5b82f2d2aae0ca24b877009200ced9065a772e73),platform=Windows NT 6.1.7601 SP1 x86_64) (WARNING: The server did not provide any stacktrace information)
Command duration or timeout: 0 milliseconds
Build info: version: '3.7.1', revision: '8a0099a', time: '2017-11-06T21:07:36.161Z'
System info: host: 'ARCADIER-PC', ip: '10.10.31.95', os.name: 'Windows 7', os.arch: 'amd64', os.version: '6.1', java.version: '1.8.0_102'
Driver info: com.kms.katalon.core.webui.driver.ExistingRemoteWebDriver
Capabilities {javascriptEnabled: true, platform: ANY, platformName: ANY}
Session ID: 2609dc86013a09d8daebbf33ac0c67a9)

2019-05-20 08:45:02 - [MESSAGE][FAILED] - Unable to click on object 'Object Repository/ADMIN/Categories/Category List/button_Categories' (Root cause: org.openqa.selenium.ElementNotVisibleException: element not visible
  (Session info: chrome=74.0.3729.157)
  (Driver info: chromedriver=2.35.528161 (5b82f2d2aae0ca24b877009200ced9065a772e73),platform=Windows NT 6.1.7601 SP1 x86_64) (WARNING: The server did not provide any stacktrace information)
Command duration or timeout: 0 milliseconds
Build info: version: '3.7.1', revision: '8a0099a', time: '2017-11-06T21:07:36.161Z'
System info: host: 'ARCADIER-PC', ip: '10.10.31.95', os.name: 'Windows 7', os.arch: 'amd64', os.version: '6.1', java.version: '1.8.0_102'
Driver info: com.kms.katalon.core.webui.driver.ExistingRemoteWebDriver
Capabilities {javascriptEnabled: true, platform: ANY, platformName: ANY}
Session ID: 2609dc86013a09d8daebbf33ac0c67a9)
[[ATTACHMENT|C:\\Users\\Arcadier\\git\\Arctick\\Reports\\Suites\\Admin Add Category\\20190520_082941\\1558313102449.png]]

2019-05-20 08:45:02 - [TEST_STEP][PASSED] - waitForPageLoad: Wait for page load successfully

2019-05-20 08:45:02 - [MESSAGE][WARNING] - Timeout '0' is invalid. Using default page load timeout: '30'

2019-05-20 08:45:03 - [MESSAGE][PASSED] - Wait for page load successfully

2019-05-20 08:45:03 - [TEST_STEP][PASSED] - click: Object: 'Object Repository/ADMIN/Categories/Category List/button_Add a Category' is clicked on

2019-05-20 08:45:03 - [MESSAGE][PASSED] - Object: 'Object Repository/ADMIN/Categories/Category List/button_Add a Category' is clicked on

2019-05-20 08:45:03 - [TEST_STEP][PASSED] - waitForElementPresent: Object 'Object Repository/ADMIN/Categories/Category/dropdown_Parent' is present

2019-05-20 08:45:03 - [MESSAGE][PASSED] - Object 'Object Repository/ADMIN/Categories/Category/dropdown_Parent' is present

2019-05-20 08:45:03 - [TEST_STEP][PASSED] - delay: Delayed 1 second(s)

2019-05-20 08:45:04 - [MESSAGE][PASSED] - Delayed 1 second(s)

2019-05-20 08:45:04 - [TEST_STEP][PASSED] - setText: Text 'Category 4.10.2' is set on object 'Object Repository/ADMIN/Categories/Category/textfield_Category Name'

2019-05-20 08:45:04 - [MESSAGE][PASSED] - Text 'Category 4.10.2' is set on object 'Object Repository/ADMIN/Categories/Category/textfield_Category Name'

2019-05-20 08:45:04 - [TEST_STEP][PASSED] - click: Object: 'Object Repository/ADMIN/Categories/Category/dropdown_Parent' is clicked on

2019-05-20 08:45:04 - [MESSAGE][PASSED] - Object: 'Object Repository/ADMIN/Categories/Category/dropdown_Parent' is clicked on

2019-05-20 08:45:04 - [TEST_STEP][PASSED] - delay: Delayed 2 second(s)

2019-05-20 08:45:06 - [MESSAGE][PASSED] - Delayed 2 second(s)

2019-05-20 08:45:06 - [TEST_STEP][PASSED] - click: Object: 'Object Repository/ADMIN/Categories/Category/dropdown_Parent' is clicked on

2019-05-20 08:45:06 - [MESSAGE][PASSED] - Object: 'Object Repository/ADMIN/Categories/Category/dropdown_Parent' is clicked on

2019-05-20 08:45:06 - [TEST_STEP][PASSED] - selectOptionByLabel: All options with label 'Category 4.10' are selected in object 'Object Repository/ADMIN/Categories/Category/dropdown_Parent' 

2019-05-20 08:45:06 - [MESSAGE][PASSED] - All options with label 'Category 4.10' are selected in object 'Object Repository/ADMIN/Categories/Category/dropdown_Parent' 

2019-05-20 08:45:06 - [TEST_STEP][PASSED] - click: Object: 'Object Repository/ADMIN/Categories/Category/button_Browse' is clicked on

2019-05-20 08:45:06 - [MESSAGE][PASSED] - Object: 'Object Repository/ADMIN/Categories/Category/button_Browse' is clicked on

2019-05-20 08:45:06 - [TEST_STEP][PASSED] - delay: Delayed 1 second(s)

2019-05-20 08:45:07 - [MESSAGE][PASSED] - Delayed 1 second(s)

2019-05-20 08:45:07 - [TEST_STEP][PASSED] - uploadFile: File 'C:\\Katalon\\Image\\pic3.jpg' sent to object: 'Object Repository/ADMIN/Categories/Category/image_input image'

2019-05-20 08:45:08 - [MESSAGE][PASSED] - File 'C:\\Katalon\\Image\\pic3.jpg' sent to object: 'Object Repository/ADMIN/Categories/Category/image_input image'

2019-05-20 08:45:08 - [TEST_STEP][PASSED] - waitForElementVisible: Object 'Object Repository/ADMIN/Categories/Category/button_upload check' is visible

2019-05-20 08:45:08 - [MESSAGE][WARNING] - Timeout '0' is invalid. Using default page load timeout: '30'

2019-05-20 08:45:08 - [MESSAGE][PASSED] - Object 'Object Repository/ADMIN/Categories/Category/button_upload check' is visible

2019-05-20 08:45:08 - [TEST_STEP][PASSED] - click: Object: 'Object Repository/ADMIN/Categories/Category/button_upload check' is clicked on

2019-05-20 08:45:08 - [MESSAGE][PASSED] - Object: 'Object Repository/ADMIN/Categories/Category/button_upload check' is clicked on

2019-05-20 08:45:08 - [TEST_STEP][PASSED] - click: Object: 'Object Repository/ADMIN/Categories/Category/button_upload save' is clicked on

2019-05-20 08:45:08 - [MESSAGE][PASSED] - Object: 'Object Repository/ADMIN/Categories/Category/button_upload save' is clicked on

2019-05-20 08:45:08 - [TEST_STEP][FAILED] - waitForElementVisible: Unable to wait for object 'Object Repository/ADMIN/Categories/Category/button_upload save' to be visible (Root cause: org.openqa.selenium.StaleElementReferenceException: stale element reference: element is not attached to the page document
  (Session info: chrome=74.0.3729.157)
  (Driver info: chromedriver=2.35.528161 (5b82f2d2aae0ca24b877009200ced9065a772e73),platform=Windows NT 6.1.7601 SP1 x86_64) (WARNING: The server did not provide any stacktrace information)
Command duration or timeout: 0 milliseconds
For documentation on this error, please visit: http://seleniumhq.org/exceptions/stale_element_reference.html
Build info: version: '3.7.1', revision: '8a0099a', time: '2017-11-06T21:07:36.161Z'
System info: host: 'ARCADIER-PC', ip: '10.10.31.95', os.name: 'Windows 7', os.arch: 'amd64', os.version: '6.1', java.version: '1.8.0_102'
Driver info: com.kms.katalon.core.webui.driver.ExistingRemoteWebDriver
Capabilities {javascriptEnabled: true, platform: ANY, platformName: ANY}
Session ID: 2609dc86013a09d8daebbf33ac0c67a9)

2019-05-20 08:45:08 - [MESSAGE][WARNING] - Timeout '0' is invalid. Using default page load timeout: '30'

2019-05-20 08:45:09 - [MESSAGE][FAILED] - Unable to wait for object 'Object Repository/ADMIN/Categories/Category/button_upload save' to be visible (Root cause: org.openqa.selenium.StaleElementReferenceException: stale element reference: element is not attached to the page document
  (Session info: chrome=74.0.3729.157)
  (Driver info: chromedriver=2.35.528161 (5b82f2d2aae0ca24b877009200ced9065a772e73),platform=Windows NT 6.1.7601 SP1 x86_64) (WARNING: The server did not provide any stacktrace information)
Command duration or timeout: 0 milliseconds
For documentation on this error, please visit: http://seleniumhq.org/exceptions/stale_element_reference.html
Build info: version: '3.7.1', revision: '8a0099a', time: '2017-11-06T21:07:36.161Z'
System info: host: 'ARCADIER-PC', ip: '10.10.31.95', os.name: 'Windows 7', os.arch: 'amd64', os.version: '6.1', java.version: '1.8.0_102'
Driver info: com.kms.katalon.core.webui.driver.ExistingRemoteWebDriver
Capabilities {javascriptEnabled: true, platform: ANY, platformName: ANY}
Session ID: 2609dc86013a09d8daebbf33ac0c67a9)
[[ATTACHMENT|C:\\Users\\Arcadier\\git\\Arctick\\Reports\\Suites\\Admin Add Category\\20190520_082941\\1558313108920.png]]

2019-05-20 08:45:10 - [TEST_STEP][PASSED] - setText: Text 'Description64' is set on object 'Object Repository/ADMIN/Categories/Category/textfield_category_description'

2019-05-20 08:45:11 - [MESSAGE][PASSED] - Text 'Description64' is set on object 'Object Repository/ADMIN/Categories/Category/textfield_category_description'

2019-05-20 08:45:11 - [TEST_STEP][PASSED] - click: Object: 'Object Repository/ADMIN/Categories/Category/button_Save' is clicked on

2019-05-20 08:45:11 - [MESSAGE][PASSED] - Object: 'Object Repository/ADMIN/Categories/Category/button_Save' is clicked on

2019-05-20 08:45:11 - [TEST_STEP][PASSED] - waitForElementVisible: Object 'Object Repository/ADMIN/Categories/Category/label_edit popup' is visible

2019-05-20 08:45:11 - [MESSAGE][WARNING] - Timeout '0' is invalid. Using default page load timeout: '30'

2019-05-20 08:45:12 - [MESSAGE][PASSED] - Object 'Object Repository/ADMIN/Categories/Category/label_edit popup' is visible

2019-05-20 08:45:12 - [TEST_STEP][PASSED] - waitForElementNotPresent: Web element with id: 'Object Repository/ADMIN/Categories/Category/label_edit popup' located by 'By.xpath: //div[(text() = 'Category was successfully saved.' or . = 'Category was successfully saved.')]' is not present after '30' second(s)

2019-05-20 08:45:12 - [MESSAGE][WARNING] - Timeout '0' is invalid. Using default page load timeout: '30'

2019-05-20 08:45:18 - [MESSAGE][PASSED] - Web element with id: 'Object Repository/ADMIN/Categories/Category/label_edit popup' located by 'By.xpath: //div[(text() = 'Category was successfully saved.' or . = 'Category was successfully saved.')]' is not present after '30' second(s)]]></system-out>
         <system-err><![CDATA[2019-05-20 08:45:01 - [TEST_CASE][FAILED] - Test Cases/ADMIN/Content Mgmt/Categories/Category Add-Edit/Add Category: Test Cases/ADMIN/Content Mgmt/Categories/Category Add-Edit/Add Category FAILED because (of) Unable to click on object 'Object Repository/ADMIN/Categories/Category List/button_Categories' (Root cause: org.openqa.selenium.ElementNotVisibleException: element not visible
  (Session info: chrome=74.0.3729.157)
  (Driver info: chromedriver=2.35.528161 (5b82f2d2aae0ca24b877009200ced9065a772e73),platform=Windows NT 6.1.7601 SP1 x86_64) (WARNING: The server did not provide any stacktrace information)
Command duration or timeout: 0 milliseconds
Build info: version: '3.7.1', revision: '8a0099a', time: '2017-11-06T21:07:36.161Z'
System info: host: 'ARCADIER-PC', ip: '10.10.31.95', os.name: 'Windows 7', os.arch: 'amd64', os.version: '6.1', java.version: '1.8.0_102'
Driver info: com.kms.katalon.core.webui.driver.ExistingRemoteWebDriver
Capabilities {javascriptEnabled: true, platform: ANY, platformName: ANY}
Session ID: 2609dc86013a09d8daebbf33ac0c67a9)]]></system-err>
      </testcase>
      <testcase name="Test Cases/ADMIN/Content Mgmt/Categories/Category Add-Edit/Add Category" classname="Test Cases/ADMIN/Content Mgmt/Categories/Category Add-Edit/Add Category" status="FAILED">
         <failure type="FAILED" message="Unable to wait for object 'Object Repository/ADMIN/Categories/Category/button_upload save' to be visible (Root cause: org.openqa.selenium.StaleElementReferenceException: stale element reference: element is not attached to the page document
  (Session info: chrome=74.0.3729.157)
  (Driver info: chromedriver=2.35.528161 (5b82f2d2aae0ca24b877009200ced9065a772e73),platform=Windows NT 6.1.7601 SP1 x86_64) (WARNING: The server did not provide any stacktrace information)
Command duration or timeout: 0 milliseconds
For documentation on this error, please visit: http://seleniumhq.org/exceptions/stale_element_reference.html
Build info: version: '3.7.1', revision: '8a0099a', time: '2017-11-06T21:07:36.161Z'
System info: host: 'ARCADIER-PC', ip: '10.10.31.95', os.name: 'Windows 7', os.arch: 'amd64', os.version: '6.1', java.version: '1.8.0_102'
Driver info: com.kms.katalon.core.webui.driver.ExistingRemoteWebDriver
Capabilities {javascriptEnabled: true, platform: ANY, platformName: ANY}
Session ID: 2609dc86013a09d8daebbf33ac0c67a9)"/>
         <system-out><![CDATA[2019-05-20 08:45:18 - [TEST_CASE][FAILED] - Test Cases/ADMIN/Content Mgmt/Categories/Category Add-Edit/Add Category: Test Cases/ADMIN/Content Mgmt/Categories/Category Add-Edit/Add Category FAILED because (of) Unable to wait for object 'Object Repository/ADMIN/Categories/Category/button_upload save' to be visible (Root cause: org.openqa.selenium.StaleElementReferenceException: stale element reference: element is not attached to the page document
  (Session info: chrome=74.0.3729.157)
  (Driver info: chromedriver=2.35.528161 (5b82f2d2aae0ca24b877009200ced9065a772e73),platform=Windows NT 6.1.7601 SP1 x86_64) (WARNING: The server did not provide any stacktrace information)
Command duration or timeout: 0 milliseconds
For documentation on this error, please visit: http://seleniumhq.org/exceptions/stale_element_reference.html
Build info: version: '3.7.1', revision: '8a0099a', time: '2017-11-06T21:07:36.161Z'
System info: host: 'ARCADIER-PC', ip: '10.10.31.95', os.name: 'Windows 7', os.arch: 'amd64', os.version: '6.1', java.version: '1.8.0_102'
Driver info: com.kms.katalon.core.webui.driver.ExistingRemoteWebDriver
Capabilities {javascriptEnabled: true, platform: ANY, platformName: ANY}
Session ID: 2609dc86013a09d8daebbf33ac0c67a9)

2019-05-20 08:45:18 - [TEST_STEP][PASSED] - waitForElementVisible: Object 'Object Repository/ADMIN/Categories/Category List/button_Content Mgmt' is visible

2019-05-20 08:45:18 - [MESSAGE][WARNING] - Timeout '0' is invalid. Using default page load timeout: '30'

2019-05-20 08:45:18 - [MESSAGE][PASSED] - Object 'Object Repository/ADMIN/Categories/Category List/button_Content Mgmt' is visible

2019-05-20 08:45:18 - [TEST_STEP][PASSED] - click: Object: 'Object Repository/ADMIN/Categories/Category List/button_Content Mgmt' is clicked on

2019-05-20 08:45:18 - [MESSAGE][PASSED] - Object: 'Object Repository/ADMIN/Categories/Category List/button_Content Mgmt' is clicked on

2019-05-20 08:45:18 - [TEST_STEP][PASSED] - waitForElementVisible: Object 'Object Repository/ADMIN/Categories/Category List/button_Categories' is visible

2019-05-20 08:45:18 - [MESSAGE][WARNING] - Timeout '0' is invalid. Using default page load timeout: '30'

2019-05-20 08:45:19 - [MESSAGE][PASSED] - Object 'Object Repository/ADMIN/Categories/Category List/button_Categories' is visible

2019-05-20 08:45:19 - [TEST_STEP][PASSED] - click: Object: 'Object Repository/ADMIN/Categories/Category List/button_Categories' is clicked on

2019-05-20 08:45:20 - [MESSAGE][PASSED] - Object: 'Object Repository/ADMIN/Categories/Category List/button_Categories' is clicked on

2019-05-20 08:45:20 - [TEST_STEP][PASSED] - waitForPageLoad: Wait for page load successfully

2019-05-20 08:45:20 - [MESSAGE][WARNING] - Timeout '0' is invalid. Using default page load timeout: '30'

2019-05-20 08:45:20 - [MESSAGE][PASSED] - Wait for page load successfully

2019-05-20 08:45:20 - [TEST_STEP][PASSED] - click: Object: 'Object Repository/ADMIN/Categories/Category List/button_Add a Category' is clicked on

2019-05-20 08:45:21 - [MESSAGE][PASSED] - Object: 'Object Repository/ADMIN/Categories/Category List/button_Add a Category' is clicked on

2019-05-20 08:45:21 - [TEST_STEP][PASSED] - waitForElementPresent: Object 'Object Repository/ADMIN/Categories/Category/dropdown_Parent' is present

2019-05-20 08:45:21 - [MESSAGE][PASSED] - Object 'Object Repository/ADMIN/Categories/Category/dropdown_Parent' is present

2019-05-20 08:45:21 - [TEST_STEP][PASSED] - delay: Delayed 1 second(s)

2019-05-20 08:45:22 - [MESSAGE][PASSED] - Delayed 1 second(s)

2019-05-20 08:45:22 - [TEST_STEP][PASSED] - setText: Text 'Category 4.10.3' is set on object 'Object Repository/ADMIN/Categories/Category/textfield_Category Name'

2019-05-20 08:45:22 - [MESSAGE][PASSED] - Text 'Category 4.10.3' is set on object 'Object Repository/ADMIN/Categories/Category/textfield_Category Name'

2019-05-20 08:45:22 - [TEST_STEP][PASSED] - click: Object: 'Object Repository/ADMIN/Categories/Category/dropdown_Parent' is clicked on

2019-05-20 08:45:22 - [MESSAGE][PASSED] - Object: 'Object Repository/ADMIN/Categories/Category/dropdown_Parent' is clicked on

2019-05-20 08:45:22 - [TEST_STEP][PASSED] - delay: Delayed 2 second(s)

2019-05-20 08:45:24 - [MESSAGE][PASSED] - Delayed 2 second(s)

2019-05-20 08:45:24 - [TEST_STEP][PASSED] - click: Object: 'Object Repository/ADMIN/Categories/Category/dropdown_Parent' is clicked on

2019-05-20 08:45:24 - [MESSAGE][PASSED] - Object: 'Object Repository/ADMIN/Categories/Category/dropdown_Parent' is clicked on

2019-05-20 08:45:24 - [TEST_STEP][PASSED] - selectOptionByLabel: All options with label 'Category 4.10' are selected in object 'Object Repository/ADMIN/Categories/Category/dropdown_Parent' 

2019-05-20 08:45:24 - [MESSAGE][PASSED] - All options with label 'Category 4.10' are selected in object 'Object Repository/ADMIN/Categories/Category/dropdown_Parent' 

2019-05-20 08:45:24 - [TEST_STEP][PASSED] - click: Object: 'Object Repository/ADMIN/Categories/Category/button_Browse' is clicked on

2019-05-20 08:45:24 - [MESSAGE][PASSED] - Object: 'Object Repository/ADMIN/Categories/Category/button_Browse' is clicked on

2019-05-20 08:45:24 - [TEST_STEP][PASSED] - delay: Delayed 1 second(s)

2019-05-20 08:45:25 - [MESSAGE][PASSED] - Delayed 1 second(s)

2019-05-20 08:45:25 - [TEST_STEP][PASSED] - uploadFile: File 'C:\\Katalon\\Image\\pic4.jpg' sent to object: 'Object Repository/ADMIN/Categories/Category/image_input image'

2019-05-20 08:45:25 - [MESSAGE][PASSED] - File 'C:\\Katalon\\Image\\pic4.jpg' sent to object: 'Object Repository/ADMIN/Categories/Category/image_input image'

2019-05-20 08:45:25 - [TEST_STEP][PASSED] - waitForElementVisible: Object 'Object Repository/ADMIN/Categories/Category/button_upload check' is visible

2019-05-20 08:45:25 - [MESSAGE][WARNING] - Timeout '0' is invalid. Using default page load timeout: '30'

2019-05-20 08:45:25 - [MESSAGE][PASSED] - Object 'Object Repository/ADMIN/Categories/Category/button_upload check' is visible

2019-05-20 08:45:25 - [TEST_STEP][PASSED] - click: Object: 'Object Repository/ADMIN/Categories/Category/button_upload check' is clicked on

2019-05-20 08:45:26 - [MESSAGE][PASSED] - Object: 'Object Repository/ADMIN/Categories/Category/button_upload check' is clicked on

2019-05-20 08:45:26 - [TEST_STEP][PASSED] - click: Object: 'Object Repository/ADMIN/Categories/Category/button_upload save' is clicked on

2019-05-20 08:45:26 - [MESSAGE][PASSED] - Object: 'Object Repository/ADMIN/Categories/Category/button_upload save' is clicked on

2019-05-20 08:45:26 - [TEST_STEP][FAILED] - waitForElementVisible: Unable to wait for object 'Object Repository/ADMIN/Categories/Category/button_upload save' to be visible (Root cause: org.openqa.selenium.StaleElementReferenceException: stale element reference: element is not attached to the page document
  (Session info: chrome=74.0.3729.157)
  (Driver info: chromedriver=2.35.528161 (5b82f2d2aae0ca24b877009200ced9065a772e73),platform=Windows NT 6.1.7601 SP1 x86_64) (WARNING: The server did not provide any stacktrace information)
Command duration or timeout: 0 milliseconds
For documentation on this error, please visit: http://seleniumhq.org/exceptions/stale_element_reference.html
Build info: version: '3.7.1', revision: '8a0099a', time: '2017-11-06T21:07:36.161Z'
System info: host: 'ARCADIER-PC', ip: '10.10.31.95', os.name: 'Windows 7', os.arch: 'amd64', os.version: '6.1', java.version: '1.8.0_102'
Driver info: com.kms.katalon.core.webui.driver.ExistingRemoteWebDriver
Capabilities {javascriptEnabled: true, platform: ANY, platformName: ANY}
Session ID: 2609dc86013a09d8daebbf33ac0c67a9)

2019-05-20 08:45:26 - [MESSAGE][WARNING] - Timeout '0' is invalid. Using default page load timeout: '30'

2019-05-20 08:45:27 - [MESSAGE][FAILED] - Unable to wait for object 'Object Repository/ADMIN/Categories/Category/button_upload save' to be visible (Root cause: org.openqa.selenium.StaleElementReferenceException: stale element reference: element is not attached to the page document
  (Session info: chrome=74.0.3729.157)
  (Driver info: chromedriver=2.35.528161 (5b82f2d2aae0ca24b877009200ced9065a772e73),platform=Windows NT 6.1.7601 SP1 x86_64) (WARNING: The server did not provide any stacktrace information)
Command duration or timeout: 0 milliseconds
For documentation on this error, please visit: http://seleniumhq.org/exceptions/stale_element_reference.html
Build info: version: '3.7.1', revision: '8a0099a', time: '2017-11-06T21:07:36.161Z'
System info: host: 'ARCADIER-PC', ip: '10.10.31.95', os.name: 'Windows 7', os.arch: 'amd64', os.version: '6.1', java.version: '1.8.0_102'
Driver info: com.kms.katalon.core.webui.driver.ExistingRemoteWebDriver
Capabilities {javascriptEnabled: true, platform: ANY, platformName: ANY}
Session ID: 2609dc86013a09d8daebbf33ac0c67a9)
[[ATTACHMENT|C:\\Users\\Arcadier\\git\\Arctick\\Reports\\Suites\\Admin Add Category\\20190520_082941\\1558313126913.png]]

2019-05-20 08:45:27 - [TEST_STEP][PASSED] - setText: Text 'Description65' is set on object 'Object Repository/ADMIN/Categories/Category/textfield_category_description'

2019-05-20 08:45:27 - [MESSAGE][PASSED] - Text 'Description65' is set on object 'Object Repository/ADMIN/Categories/Category/textfield_category_description'

2019-05-20 08:45:27 - [TEST_STEP][PASSED] - click: Object: 'Object Repository/ADMIN/Categories/Category/button_Save' is clicked on

2019-05-20 08:45:27 - [MESSAGE][PASSED] - Object: 'Object Repository/ADMIN/Categories/Category/button_Save' is clicked on

2019-05-20 08:45:27 - [TEST_STEP][PASSED] - waitForElementVisible: Object 'Object Repository/ADMIN/Categories/Category/label_edit popup' is visible

2019-05-20 08:45:27 - [MESSAGE][WARNING] - Timeout '0' is invalid. Using default page load timeout: '30'

2019-05-20 08:45:28 - [MESSAGE][PASSED] - Object 'Object Repository/ADMIN/Categories/Category/label_edit popup' is visible

2019-05-20 08:45:28 - [TEST_STEP][PASSED] - waitForElementNotPresent: Web element with id: 'Object Repository/ADMIN/Categories/Category/label_edit popup' located by 'By.xpath: //div[(text() = 'Category was successfully saved.' or . = 'Category was successfully saved.')]' is not present after '30' second(s)

2019-05-20 08:45:28 - [MESSAGE][WARNING] - Timeout '0' is invalid. Using default page load timeout: '30'

2019-05-20 08:45:34 - [MESSAGE][PASSED] - Web element with id: 'Object Repository/ADMIN/Categories/Category/label_edit popup' located by 'By.xpath: //div[(text() = 'Category was successfully saved.' or . = 'Category was successfully saved.')]' is not present after '30' second(s)]]></system-out>
         <system-err><![CDATA[2019-05-20 08:45:18 - [TEST_CASE][FAILED] - Test Cases/ADMIN/Content Mgmt/Categories/Category Add-Edit/Add Category: Test Cases/ADMIN/Content Mgmt/Categories/Category Add-Edit/Add Category FAILED because (of) Unable to wait for object 'Object Repository/ADMIN/Categories/Category/button_upload save' to be visible (Root cause: org.openqa.selenium.StaleElementReferenceException: stale element reference: element is not attached to the page document
  (Session info: chrome=74.0.3729.157)
  (Driver info: chromedriver=2.35.528161 (5b82f2d2aae0ca24b877009200ced9065a772e73),platform=Windows NT 6.1.7601 SP1 x86_64) (WARNING: The server did not provide any stacktrace information)
Command duration or timeout: 0 milliseconds
For documentation on this error, please visit: http://seleniumhq.org/exceptions/stale_element_reference.html
Build info: version: '3.7.1', revision: '8a0099a', time: '2017-11-06T21:07:36.161Z'
System info: host: 'ARCADIER-PC', ip: '10.10.31.95', os.name: 'Windows 7', os.arch: 'amd64', os.version: '6.1', java.version: '1.8.0_102'
Driver info: com.kms.katalon.core.webui.driver.ExistingRemoteWebDriver
Capabilities {javascriptEnabled: true, platform: ANY, platformName: ANY}
Session ID: 2609dc86013a09d8daebbf33ac0c67a9)]]></system-err>
      </testcase>
      <testcase name="Test Cases/ADMIN/Content Mgmt/Categories/Category Add-Edit/Add Category" classname="Test Cases/ADMIN/Content Mgmt/Categories/Category Add-Edit/Add Category" status="PASSED">
         <system-out><![CDATA[2019-05-20 08:45:34 - [TEST_CASE][PASSED] - Test Cases/ADMIN/Content Mgmt/Categories/Category Add-Edit/Add Category: Test Cases/ADMIN/Content Mgmt/Categories/Category Add-Edit/Add Category

2019-05-20 08:45:34 - [TEST_STEP][PASSED] - waitForElementVisible: Object 'Object Repository/ADMIN/Categories/Category List/button_Content Mgmt' is visible

2019-05-20 08:45:34 - [MESSAGE][WARNING] - Timeout '0' is invalid. Using default page load timeout: '30'

2019-05-20 08:45:34 - [MESSAGE][PASSED] - Object 'Object Repository/ADMIN/Categories/Category List/button_Content Mgmt' is visible

2019-05-20 08:45:34 - [TEST_STEP][PASSED] - click: Object: 'Object Repository/ADMIN/Categories/Category List/button_Content Mgmt' is clicked on

2019-05-20 08:45:34 - [MESSAGE][PASSED] - Object: 'Object Repository/ADMIN/Categories/Category List/button_Content Mgmt' is clicked on

2019-05-20 08:45:34 - [TEST_STEP][PASSED] - waitForElementVisible: Object 'Object Repository/ADMIN/Categories/Category List/button_Categories' is visible

2019-05-20 08:45:34 - [MESSAGE][WARNING] - Timeout '0' is invalid. Using default page load timeout: '30'

2019-05-20 08:45:34 - [MESSAGE][PASSED] - Object 'Object Repository/ADMIN/Categories/Category List/button_Categories' is visible

2019-05-20 08:45:34 - [TEST_STEP][PASSED] - click: Object: 'Object Repository/ADMIN/Categories/Category List/button_Categories' is clicked on

2019-05-20 08:45:35 - [MESSAGE][PASSED] - Object: 'Object Repository/ADMIN/Categories/Category List/button_Categories' is clicked on

2019-05-20 08:45:35 - [TEST_STEP][PASSED] - waitForPageLoad: Wait for page load successfully

2019-05-20 08:45:35 - [MESSAGE][WARNING] - Timeout '0' is invalid. Using default page load timeout: '30'

2019-05-20 08:45:35 - [MESSAGE][PASSED] - Wait for page load successfully

2019-05-20 08:45:35 - [TEST_STEP][PASSED] - click: Object: 'Object Repository/ADMIN/Categories/Category List/button_Add a Category' is clicked on

2019-05-20 08:45:36 - [MESSAGE][PASSED] - Object: 'Object Repository/ADMIN/Categories/Category List/button_Add a Category' is clicked on

2019-05-20 08:45:36 - [TEST_STEP][PASSED] - waitForElementPresent: Object 'Object Repository/ADMIN/Categories/Category/dropdown_Parent' is present

2019-05-20 08:45:36 - [MESSAGE][PASSED] - Object 'Object Repository/ADMIN/Categories/Category/dropdown_Parent' is present

2019-05-20 08:45:36 - [TEST_STEP][PASSED] - delay: Delayed 1 second(s)

2019-05-20 08:45:37 - [MESSAGE][PASSED] - Delayed 1 second(s)

2019-05-20 08:45:37 - [TEST_STEP][PASSED] - setText: Text 'Category 4.10.4' is set on object 'Object Repository/ADMIN/Categories/Category/textfield_Category Name'

2019-05-20 08:45:37 - [MESSAGE][PASSED] - Text 'Category 4.10.4' is set on object 'Object Repository/ADMIN/Categories/Category/textfield_Category Name'

2019-05-20 08:45:37 - [TEST_STEP][PASSED] - click: Object: 'Object Repository/ADMIN/Categories/Category/dropdown_Parent' is clicked on

2019-05-20 08:45:37 - [MESSAGE][PASSED] - Object: 'Object Repository/ADMIN/Categories/Category/dropdown_Parent' is clicked on

2019-05-20 08:45:37 - [TEST_STEP][PASSED] - delay: Delayed 2 second(s)

2019-05-20 08:45:39 - [MESSAGE][PASSED] - Delayed 2 second(s)

2019-05-20 08:45:39 - [TEST_STEP][PASSED] - click: Object: 'Object Repository/ADMIN/Categories/Category/dropdown_Parent' is clicked on

2019-05-20 08:45:39 - [MESSAGE][PASSED] - Object: 'Object Repository/ADMIN/Categories/Category/dropdown_Parent' is clicked on

2019-05-20 08:45:39 - [TEST_STEP][PASSED] - selectOptionByLabel: All options with label 'Category 4.10' are selected in object 'Object Repository/ADMIN/Categories/Category/dropdown_Parent' 

2019-05-20 08:45:40 - [MESSAGE][PASSED] - All options with label 'Category 4.10' are selected in object 'Object Repository/ADMIN/Categories/Category/dropdown_Parent' 

2019-05-20 08:45:40 - [TEST_STEP][PASSED] - click: Object: 'Object Repository/ADMIN/Categories/Category/button_Browse' is clicked on

2019-05-20 08:45:40 - [MESSAGE][PASSED] - Object: 'Object Repository/ADMIN/Categories/Category/button_Browse' is clicked on

2019-05-20 08:45:40 - [TEST_STEP][PASSED] - delay: Delayed 1 second(s)

2019-05-20 08:45:41 - [MESSAGE][PASSED] - Delayed 1 second(s)

2019-05-20 08:45:41 - [TEST_STEP][PASSED] - uploadFile: File 'C:\\Katalon\\Image\\pic5.jpg' sent to object: 'Object Repository/ADMIN/Categories/Category/image_input image'

2019-05-20 08:45:41 - [MESSAGE][PASSED] - File 'C:\\Katalon\\Image\\pic5.jpg' sent to object: 'Object Repository/ADMIN/Categories/Category/image_input image'

2019-05-20 08:45:41 - [TEST_STEP][PASSED] - waitForElementVisible: Object 'Object Repository/ADMIN/Categories/Category/button_upload check' is visible

2019-05-20 08:45:41 - [MESSAGE][WARNING] - Timeout '0' is invalid. Using default page load timeout: '30'

2019-05-20 08:45:41 - [MESSAGE][PASSED] - Object 'Object Repository/ADMIN/Categories/Category/button_upload check' is visible

2019-05-20 08:45:41 - [TEST_STEP][PASSED] - click: Object: 'Object Repository/ADMIN/Categories/Category/button_upload check' is clicked on

2019-05-20 08:45:41 - [MESSAGE][PASSED] - Object: 'Object Repository/ADMIN/Categories/Category/button_upload check' is clicked on

2019-05-20 08:45:41 - [TEST_STEP][PASSED] - click: Object: 'Object Repository/ADMIN/Categories/Category/button_upload save' is clicked on

2019-05-20 08:45:41 - [MESSAGE][PASSED] - Object: 'Object Repository/ADMIN/Categories/Category/button_upload save' is clicked on

2019-05-20 08:45:41 - [TEST_STEP][PASSED] - waitForElementVisible: Web element with id: 'Object Repository/ADMIN/Categories/Category/button_upload save' located by 'By.xpath: //a[@class = 'btn btn-warning download' and (text() = ' Add Photo' or . = ' Add Photo')]' not found

2019-05-20 08:45:41 - [MESSAGE][WARNING] - Timeout '0' is invalid. Using default page load timeout: '30'

2019-05-20 08:46:16 - [MESSAGE][WARNING] - Web element with id: 'Object Repository/ADMIN/Categories/Category/button_upload save' located by 'By.xpath: //a[@class = 'btn btn-warning download' and (text() = ' Add Photo' or . = ' Add Photo')]' not found

2019-05-20 08:46:16 - [TEST_STEP][PASSED] - setText: Text 'Description66' is set on object 'Object Repository/ADMIN/Categories/Category/textfield_category_description'

2019-05-20 08:46:16 - [MESSAGE][PASSED] - Text 'Description66' is set on object 'Object Repository/ADMIN/Categories/Category/textfield_category_description'

2019-05-20 08:46:16 - [TEST_STEP][PASSED] - click: Object: 'Object Repository/ADMIN/Categories/Category/button_Save' is clicked on

2019-05-20 08:46:16 - [MESSAGE][PASSED] - Object: 'Object Repository/ADMIN/Categories/Category/button_Save' is clicked on

2019-05-20 08:46:16 - [TEST_STEP][PASSED] - waitForElementVisible: Object 'Object Repository/ADMIN/Categories/Category/label_edit popup' is visible

2019-05-20 08:46:16 - [MESSAGE][WARNING] - Timeout '0' is invalid. Using default page load timeout: '30'

2019-05-20 08:46:16 - [MESSAGE][PASSED] - Object 'Object Repository/ADMIN/Categories/Category/label_edit popup' is visible

2019-05-20 08:46:16 - [TEST_STEP][PASSED] - waitForElementNotPresent: Web element with id: 'Object Repository/ADMIN/Categories/Category/label_edit popup' located by 'By.xpath: //div[(text() = 'Category was successfully saved.' or . = 'Category was successfully saved.')]' is not present after '30' second(s)

2019-05-20 08:46:16 - [MESSAGE][WARNING] - Timeout '0' is invalid. Using default page load timeout: '30'

2019-05-20 08:46:22 - [MESSAGE][PASSED] - Web element with id: 'Object Repository/ADMIN/Categories/Category/label_edit popup' located by 'By.xpath: //div[(text() = 'Category was successfully saved.' or . = 'Category was successfully saved.')]' is not present after '30' second(s)]]></system-out>
         <system-err><![CDATA[]]></system-err>
      </testcase>
      <testcase name="Test Cases/ADMIN/Content Mgmt/Categories/Category Add-Edit/Add Category" classname="Test Cases/ADMIN/Content Mgmt/Categories/Category Add-Edit/Add Category" status="PASSED">
         <system-out><![CDATA[2019-05-20 08:46:22 - [TEST_CASE][PASSED] - Test Cases/ADMIN/Content Mgmt/Categories/Category Add-Edit/Add Category: Test Cases/ADMIN/Content Mgmt/Categories/Category Add-Edit/Add Category

2019-05-20 08:46:22 - [TEST_STEP][PASSED] - waitForElementVisible: Object 'Object Repository/ADMIN/Categories/Category List/button_Content Mgmt' is visible

2019-05-20 08:46:22 - [MESSAGE][WARNING] - Timeout '0' is invalid. Using default page load timeout: '30'

2019-05-20 08:46:23 - [MESSAGE][PASSED] - Object 'Object Repository/ADMIN/Categories/Category List/button_Content Mgmt' is visible

2019-05-20 08:46:23 - [TEST_STEP][PASSED] - click: Object: 'Object Repository/ADMIN/Categories/Category List/button_Content Mgmt' is clicked on

2019-05-20 08:46:23 - [MESSAGE][PASSED] - Object: 'Object Repository/ADMIN/Categories/Category List/button_Content Mgmt' is clicked on

2019-05-20 08:46:23 - [TEST_STEP][PASSED] - waitForElementVisible: Object 'Object Repository/ADMIN/Categories/Category List/button_Categories' is visible

2019-05-20 08:46:23 - [MESSAGE][WARNING] - Timeout '0' is invalid. Using default page load timeout: '30'

2019-05-20 08:46:23 - [MESSAGE][PASSED] - Object 'Object Repository/ADMIN/Categories/Category List/button_Categories' is visible

2019-05-20 08:46:23 - [TEST_STEP][PASSED] - click: Object: 'Object Repository/ADMIN/Categories/Category List/button_Categories' is clicked on

2019-05-20 08:46:23 - [MESSAGE][PASSED] - Object: 'Object Repository/ADMIN/Categories/Category List/button_Categories' is clicked on

2019-05-20 08:46:23 - [TEST_STEP][PASSED] - waitForPageLoad: Wait for page load successfully

2019-05-20 08:46:23 - [MESSAGE][WARNING] - Timeout '0' is invalid. Using default page load timeout: '30'

2019-05-20 08:46:23 - [MESSAGE][PASSED] - Wait for page load successfully

2019-05-20 08:46:23 - [TEST_STEP][PASSED] - click: Object: 'Object Repository/ADMIN/Categories/Category List/button_Add a Category' is clicked on

2019-05-20 08:46:24 - [MESSAGE][PASSED] - Object: 'Object Repository/ADMIN/Categories/Category List/button_Add a Category' is clicked on

2019-05-20 08:46:24 - [TEST_STEP][PASSED] - waitForElementPresent: Object 'Object Repository/ADMIN/Categories/Category/dropdown_Parent' is present

2019-05-20 08:46:24 - [MESSAGE][PASSED] - Object 'Object Repository/ADMIN/Categories/Category/dropdown_Parent' is present

2019-05-20 08:46:24 - [TEST_STEP][PASSED] - delay: Delayed 1 second(s)

2019-05-20 08:46:25 - [MESSAGE][PASSED] - Delayed 1 second(s)

2019-05-20 08:46:25 - [TEST_STEP][PASSED] - setText: Text 'Category 4.10.5' is set on object 'Object Repository/ADMIN/Categories/Category/textfield_Category Name'

2019-05-20 08:46:25 - [MESSAGE][PASSED] - Text 'Category 4.10.5' is set on object 'Object Repository/ADMIN/Categories/Category/textfield_Category Name'

2019-05-20 08:46:25 - [TEST_STEP][PASSED] - click: Object: 'Object Repository/ADMIN/Categories/Category/dropdown_Parent' is clicked on

2019-05-20 08:46:25 - [MESSAGE][PASSED] - Object: 'Object Repository/ADMIN/Categories/Category/dropdown_Parent' is clicked on

2019-05-20 08:46:25 - [TEST_STEP][PASSED] - delay: Delayed 2 second(s)

2019-05-20 08:46:27 - [MESSAGE][PASSED] - Delayed 2 second(s)

2019-05-20 08:46:27 - [TEST_STEP][PASSED] - click: Object: 'Object Repository/ADMIN/Categories/Category/dropdown_Parent' is clicked on

2019-05-20 08:46:28 - [MESSAGE][PASSED] - Object: 'Object Repository/ADMIN/Categories/Category/dropdown_Parent' is clicked on

2019-05-20 08:46:28 - [TEST_STEP][PASSED] - selectOptionByLabel: All options with label 'Category 4.10' are selected in object 'Object Repository/ADMIN/Categories/Category/dropdown_Parent' 

2019-05-20 08:46:28 - [MESSAGE][PASSED] - All options with label 'Category 4.10' are selected in object 'Object Repository/ADMIN/Categories/Category/dropdown_Parent' 

2019-05-20 08:46:28 - [TEST_STEP][PASSED] - click: Object: 'Object Repository/ADMIN/Categories/Category/button_Browse' is clicked on

2019-05-20 08:46:28 - [MESSAGE][PASSED] - Object: 'Object Repository/ADMIN/Categories/Category/button_Browse' is clicked on

2019-05-20 08:46:28 - [TEST_STEP][PASSED] - delay: Delayed 1 second(s)

2019-05-20 08:46:29 - [MESSAGE][PASSED] - Delayed 1 second(s)

2019-05-20 08:46:29 - [TEST_STEP][PASSED] - uploadFile: File 'C:\\Katalon\\Image\\pic6.jpg' sent to object: 'Object Repository/ADMIN/Categories/Category/image_input image'

2019-05-20 08:46:29 - [MESSAGE][PASSED] - File 'C:\\Katalon\\Image\\pic6.jpg' sent to object: 'Object Repository/ADMIN/Categories/Category/image_input image'

2019-05-20 08:46:29 - [TEST_STEP][PASSED] - waitForElementVisible: Object 'Object Repository/ADMIN/Categories/Category/button_upload check' is visible

2019-05-20 08:46:29 - [MESSAGE][WARNING] - Timeout '0' is invalid. Using default page load timeout: '30'

2019-05-20 08:46:29 - [MESSAGE][PASSED] - Object 'Object Repository/ADMIN/Categories/Category/button_upload check' is visible

2019-05-20 08:46:29 - [TEST_STEP][PASSED] - click: Object: 'Object Repository/ADMIN/Categories/Category/button_upload check' is clicked on

2019-05-20 08:46:29 - [MESSAGE][PASSED] - Object: 'Object Repository/ADMIN/Categories/Category/button_upload check' is clicked on

2019-05-20 08:46:29 - [TEST_STEP][PASSED] - click: Object: 'Object Repository/ADMIN/Categories/Category/button_upload save' is clicked on

2019-05-20 08:46:29 - [MESSAGE][PASSED] - Object: 'Object Repository/ADMIN/Categories/Category/button_upload save' is clicked on

2019-05-20 08:46:29 - [TEST_STEP][PASSED] - waitForElementVisible: Web element with id: 'Object Repository/ADMIN/Categories/Category/button_upload save' located by 'By.xpath: //a[@class = 'btn btn-warning download' and (text() = ' Add Photo' or . = ' Add Photo')]' not found

2019-05-20 08:46:29 - [MESSAGE][WARNING] - Timeout '0' is invalid. Using default page load timeout: '30'

2019-05-20 08:47:02 - [MESSAGE][WARNING] - Web element with id: 'Object Repository/ADMIN/Categories/Category/button_upload save' located by 'By.xpath: //a[@class = 'btn btn-warning download' and (text() = ' Add Photo' or . = ' Add Photo')]' not found

2019-05-20 08:47:02 - [TEST_STEP][PASSED] - setText: Text 'Description67' is set on object 'Object Repository/ADMIN/Categories/Category/textfield_category_description'

2019-05-20 08:47:02 - [MESSAGE][PASSED] - Text 'Description67' is set on object 'Object Repository/ADMIN/Categories/Category/textfield_category_description'

2019-05-20 08:47:02 - [TEST_STEP][PASSED] - click: Object: 'Object Repository/ADMIN/Categories/Category/button_Save' is clicked on

2019-05-20 08:47:02 - [MESSAGE][PASSED] - Object: 'Object Repository/ADMIN/Categories/Category/button_Save' is clicked on

2019-05-20 08:47:02 - [TEST_STEP][PASSED] - waitForElementVisible: Object 'Object Repository/ADMIN/Categories/Category/label_edit popup' is visible

2019-05-20 08:47:02 - [MESSAGE][WARNING] - Timeout '0' is invalid. Using default page load timeout: '30'

2019-05-20 08:47:03 - [MESSAGE][PASSED] - Object 'Object Repository/ADMIN/Categories/Category/label_edit popup' is visible

2019-05-20 08:47:03 - [TEST_STEP][PASSED] - waitForElementNotPresent: Web element with id: 'Object Repository/ADMIN/Categories/Category/label_edit popup' located by 'By.xpath: //div[(text() = 'Category was successfully saved.' or . = 'Category was successfully saved.')]' is not present after '30' second(s)

2019-05-20 08:47:03 - [MESSAGE][WARNING] - Timeout '0' is invalid. Using default page load timeout: '30'

2019-05-20 08:47:09 - [MESSAGE][PASSED] - Web element with id: 'Object Repository/ADMIN/Categories/Category/label_edit popup' located by 'By.xpath: //div[(text() = 'Category was successfully saved.' or . = 'Category was successfully saved.')]' is not present after '30' second(s)]]></system-out>
         <system-err><![CDATA[]]></system-err>
      </testcase>
      <testcase name="Test Cases/ADMIN/Content Mgmt/Categories/Category Add-Edit/Add Category" classname="Test Cases/ADMIN/Content Mgmt/Categories/Category Add-Edit/Add Category" status="PASSED">
         <system-out><![CDATA[2019-05-20 08:47:09 - [TEST_CASE][PASSED] - Test Cases/ADMIN/Content Mgmt/Categories/Category Add-Edit/Add Category: Test Cases/ADMIN/Content Mgmt/Categories/Category Add-Edit/Add Category

2019-05-20 08:47:09 - [TEST_STEP][PASSED] - waitForElementVisible: Object 'Object Repository/ADMIN/Categories/Category List/button_Content Mgmt' is visible

2019-05-20 08:47:09 - [MESSAGE][WARNING] - Timeout '0' is invalid. Using default page load timeout: '30'

2019-05-20 08:47:09 - [MESSAGE][PASSED] - Object 'Object Repository/ADMIN/Categories/Category List/button_Content Mgmt' is visible

2019-05-20 08:47:09 - [TEST_STEP][PASSED] - click: Object: 'Object Repository/ADMIN/Categories/Category List/button_Content Mgmt' is clicked on

2019-05-20 08:47:10 - [MESSAGE][PASSED] - Object: 'Object Repository/ADMIN/Categories/Category List/button_Content Mgmt' is clicked on

2019-05-20 08:47:10 - [TEST_STEP][PASSED] - waitForElementVisible: Object 'Object Repository/ADMIN/Categories/Category List/button_Categories' is visible

2019-05-20 08:47:10 - [MESSAGE][WARNING] - Timeout '0' is invalid. Using default page load timeout: '30'

2019-05-20 08:47:10 - [MESSAGE][PASSED] - Object 'Object Repository/ADMIN/Categories/Category List/button_Categories' is visible

2019-05-20 08:47:10 - [TEST_STEP][PASSED] - click: Object: 'Object Repository/ADMIN/Categories/Category List/button_Categories' is clicked on

2019-05-20 08:47:11 - [MESSAGE][PASSED] - Object: 'Object Repository/ADMIN/Categories/Category List/button_Categories' is clicked on

2019-05-20 08:47:11 - [TEST_STEP][PASSED] - waitForPageLoad: Wait for page load successfully

2019-05-20 08:47:11 - [MESSAGE][WARNING] - Timeout '0' is invalid. Using default page load timeout: '30'

2019-05-20 08:47:11 - [MESSAGE][PASSED] - Wait for page load successfully

2019-05-20 08:47:11 - [TEST_STEP][PASSED] - click: Object: 'Object Repository/ADMIN/Categories/Category List/button_Add a Category' is clicked on

2019-05-20 08:47:11 - [MESSAGE][PASSED] - Object: 'Object Repository/ADMIN/Categories/Category List/button_Add a Category' is clicked on

2019-05-20 08:47:11 - [TEST_STEP][PASSED] - waitForElementPresent: Object 'Object Repository/ADMIN/Categories/Category/dropdown_Parent' is present

2019-05-20 08:47:11 - [MESSAGE][PASSED] - Object 'Object Repository/ADMIN/Categories/Category/dropdown_Parent' is present

2019-05-20 08:47:11 - [TEST_STEP][PASSED] - delay: Delayed 1 second(s)

2019-05-20 08:47:12 - [MESSAGE][PASSED] - Delayed 1 second(s)

2019-05-20 08:47:12 - [TEST_STEP][PASSED] - setText: Text 'Category 4.10.5.1' is set on object 'Object Repository/ADMIN/Categories/Category/textfield_Category Name'

2019-05-20 08:47:13 - [MESSAGE][PASSED] - Text 'Category 4.10.5.1' is set on object 'Object Repository/ADMIN/Categories/Category/textfield_Category Name'

2019-05-20 08:47:13 - [TEST_STEP][PASSED] - click: Object: 'Object Repository/ADMIN/Categories/Category/dropdown_Parent' is clicked on

2019-05-20 08:47:13 - [MESSAGE][PASSED] - Object: 'Object Repository/ADMIN/Categories/Category/dropdown_Parent' is clicked on

2019-05-20 08:47:13 - [TEST_STEP][PASSED] - delay: Delayed 2 second(s)

2019-05-20 08:47:15 - [MESSAGE][PASSED] - Delayed 2 second(s)

2019-05-20 08:47:15 - [TEST_STEP][PASSED] - click: Object: 'Object Repository/ADMIN/Categories/Category/dropdown_Parent' is clicked on

2019-05-20 08:47:15 - [MESSAGE][PASSED] - Object: 'Object Repository/ADMIN/Categories/Category/dropdown_Parent' is clicked on

2019-05-20 08:47:15 - [TEST_STEP][PASSED] - selectOptionByLabel: All options with label 'Category 4.10.5' are selected in object 'Object Repository/ADMIN/Categories/Category/dropdown_Parent' 

2019-05-20 08:47:15 - [MESSAGE][PASSED] - All options with label 'Category 4.10.5' are selected in object 'Object Repository/ADMIN/Categories/Category/dropdown_Parent' 

2019-05-20 08:47:15 - [TEST_STEP][PASSED] - click: Object: 'Object Repository/ADMIN/Categories/Category/button_Browse' is clicked on

2019-05-20 08:47:15 - [MESSAGE][PASSED] - Object: 'Object Repository/ADMIN/Categories/Category/button_Browse' is clicked on

2019-05-20 08:47:15 - [TEST_STEP][PASSED] - delay: Delayed 1 second(s)

2019-05-20 08:47:16 - [MESSAGE][PASSED] - Delayed 1 second(s)

2019-05-20 08:47:16 - [TEST_STEP][PASSED] - uploadFile: File 'C:\\Katalon\\Image\\pic7.jpg' sent to object: 'Object Repository/ADMIN/Categories/Category/image_input image'

2019-05-20 08:47:16 - [MESSAGE][PASSED] - File 'C:\\Katalon\\Image\\pic7.jpg' sent to object: 'Object Repository/ADMIN/Categories/Category/image_input image'

2019-05-20 08:47:16 - [TEST_STEP][PASSED] - waitForElementVisible: Object 'Object Repository/ADMIN/Categories/Category/button_upload check' is visible

2019-05-20 08:47:16 - [MESSAGE][WARNING] - Timeout '0' is invalid. Using default page load timeout: '30'

2019-05-20 08:47:16 - [MESSAGE][PASSED] - Object 'Object Repository/ADMIN/Categories/Category/button_upload check' is visible

2019-05-20 08:47:16 - [TEST_STEP][PASSED] - click: Object: 'Object Repository/ADMIN/Categories/Category/button_upload check' is clicked on

2019-05-20 08:47:16 - [MESSAGE][PASSED] - Object: 'Object Repository/ADMIN/Categories/Category/button_upload check' is clicked on

2019-05-20 08:47:16 - [TEST_STEP][PASSED] - click: Object: 'Object Repository/ADMIN/Categories/Category/button_upload save' is clicked on

2019-05-20 08:47:17 - [MESSAGE][PASSED] - Object: 'Object Repository/ADMIN/Categories/Category/button_upload save' is clicked on

2019-05-20 08:47:17 - [TEST_STEP][PASSED] - waitForElementVisible: Web element with id: 'Object Repository/ADMIN/Categories/Category/button_upload save' located by 'By.xpath: //a[@class = 'btn btn-warning download' and (text() = ' Add Photo' or . = ' Add Photo')]' not found

2019-05-20 08:47:17 - [MESSAGE][WARNING] - Timeout '0' is invalid. Using default page load timeout: '30'

2019-05-20 08:47:49 - [MESSAGE][WARNING] - Web element with id: 'Object Repository/ADMIN/Categories/Category/button_upload save' located by 'By.xpath: //a[@class = 'btn btn-warning download' and (text() = ' Add Photo' or . = ' Add Photo')]' not found

2019-05-20 08:47:49 - [TEST_STEP][PASSED] - setText: Text 'Description68' is set on object 'Object Repository/ADMIN/Categories/Category/textfield_category_description'

2019-05-20 08:47:49 - [MESSAGE][PASSED] - Text 'Description68' is set on object 'Object Repository/ADMIN/Categories/Category/textfield_category_description'

2019-05-20 08:47:49 - [TEST_STEP][PASSED] - click: Object: 'Object Repository/ADMIN/Categories/Category/button_Save' is clicked on

2019-05-20 08:47:49 - [MESSAGE][PASSED] - Object: 'Object Repository/ADMIN/Categories/Category/button_Save' is clicked on

2019-05-20 08:47:49 - [TEST_STEP][PASSED] - waitForElementVisible: Object 'Object Repository/ADMIN/Categories/Category/label_edit popup' is visible

2019-05-20 08:47:49 - [MESSAGE][WARNING] - Timeout '0' is invalid. Using default page load timeout: '30'

2019-05-20 08:47:50 - [MESSAGE][PASSED] - Object 'Object Repository/ADMIN/Categories/Category/label_edit popup' is visible

2019-05-20 08:47:50 - [TEST_STEP][PASSED] - waitForElementNotPresent: Web element with id: 'Object Repository/ADMIN/Categories/Category/label_edit popup' located by 'By.xpath: //div[(text() = 'Category was successfully saved.' or . = 'Category was successfully saved.')]' is not present after '30' second(s)

2019-05-20 08:47:50 - [MESSAGE][WARNING] - Timeout '0' is invalid. Using default page load timeout: '30'

2019-05-20 08:47:56 - [MESSAGE][PASSED] - Web element with id: 'Object Repository/ADMIN/Categories/Category/label_edit popup' located by 'By.xpath: //div[(text() = 'Category was successfully saved.' or . = 'Category was successfully saved.')]' is not present after '30' second(s)]]></system-out>
         <system-err><![CDATA[]]></system-err>
      </testcase>
      <testcase name="Test Cases/ADMIN/Content Mgmt/Categories/Category Add-Edit/Add Category" classname="Test Cases/ADMIN/Content Mgmt/Categories/Category Add-Edit/Add Category" status="FAILED">
         <failure type="FAILED" message="Unable to click on object 'Object Repository/ADMIN/Categories/Category List/button_Categories' (Root cause: org.openqa.selenium.ElementNotVisibleException: element not visible
  (Session info: chrome=74.0.3729.157)
  (Driver info: chromedriver=2.35.528161 (5b82f2d2aae0ca24b877009200ced9065a772e73),platform=Windows NT 6.1.7601 SP1 x86_64) (WARNING: The server did not provide any stacktrace information)
Command duration or timeout: 0 milliseconds
Build info: version: '3.7.1', revision: '8a0099a', time: '2017-11-06T21:07:36.161Z'
System info: host: 'ARCADIER-PC', ip: '10.10.31.95', os.name: 'Windows 7', os.arch: 'amd64', os.version: '6.1', java.version: '1.8.0_102'
Driver info: com.kms.katalon.core.webui.driver.ExistingRemoteWebDriver
Capabilities {javascriptEnabled: true, platform: ANY, platformName: ANY}
Session ID: 2609dc86013a09d8daebbf33ac0c67a9)"/>
         <system-out><![CDATA[2019-05-20 08:47:56 - [TEST_CASE][FAILED] - Test Cases/ADMIN/Content Mgmt/Categories/Category Add-Edit/Add Category: Test Cases/ADMIN/Content Mgmt/Categories/Category Add-Edit/Add Category FAILED because (of) Unable to click on object 'Object Repository/ADMIN/Categories/Category List/button_Categories' (Root cause: org.openqa.selenium.ElementNotVisibleException: element not visible
  (Session info: chrome=74.0.3729.157)
  (Driver info: chromedriver=2.35.528161 (5b82f2d2aae0ca24b877009200ced9065a772e73),platform=Windows NT 6.1.7601 SP1 x86_64) (WARNING: The server did not provide any stacktrace information)
Command duration or timeout: 0 milliseconds
Build info: version: '3.7.1', revision: '8a0099a', time: '2017-11-06T21:07:36.161Z'
System info: host: 'ARCADIER-PC', ip: '10.10.31.95', os.name: 'Windows 7', os.arch: 'amd64', os.version: '6.1', java.version: '1.8.0_102'
Driver info: com.kms.katalon.core.webui.driver.ExistingRemoteWebDriver
Capabilities {javascriptEnabled: true, platform: ANY, platformName: ANY}
Session ID: 2609dc86013a09d8daebbf33ac0c67a9)

2019-05-20 08:47:56 - [TEST_STEP][PASSED] - waitForElementVisible: Object 'Object Repository/ADMIN/Categories/Category List/button_Content Mgmt' is visible

2019-05-20 08:47:56 - [MESSAGE][WARNING] - Timeout '0' is invalid. Using default page load timeout: '30'

2019-05-20 08:47:56 - [MESSAGE][PASSED] - Object 'Object Repository/ADMIN/Categories/Category List/button_Content Mgmt' is visible

2019-05-20 08:47:56 - [TEST_STEP][PASSED] - click: Object: 'Object Repository/ADMIN/Categories/Category List/button_Content Mgmt' is clicked on

2019-05-20 08:47:57 - [MESSAGE][PASSED] - Object: 'Object Repository/ADMIN/Categories/Category List/button_Content Mgmt' is clicked on

2019-05-20 08:47:57 - [TEST_STEP][PASSED] - waitForElementVisible: Object 'Object Repository/ADMIN/Categories/Category List/button_Categories' is visible

2019-05-20 08:47:57 - [MESSAGE][WARNING] - Timeout '0' is invalid. Using default page load timeout: '30'

2019-05-20 08:47:57 - [MESSAGE][PASSED] - Object 'Object Repository/ADMIN/Categories/Category List/button_Categories' is visible

2019-05-20 08:47:57 - [TEST_STEP][FAILED] - click: Unable to click on object 'Object Repository/ADMIN/Categories/Category List/button_Categories' (Root cause: org.openqa.selenium.ElementNotVisibleException: element not visible
  (Session info: chrome=74.0.3729.157)
  (Driver info: chromedriver=2.35.528161 (5b82f2d2aae0ca24b877009200ced9065a772e73),platform=Windows NT 6.1.7601 SP1 x86_64) (WARNING: The server did not provide any stacktrace information)
Command duration or timeout: 0 milliseconds
Build info: version: '3.7.1', revision: '8a0099a', time: '2017-11-06T21:07:36.161Z'
System info: host: 'ARCADIER-PC', ip: '10.10.31.95', os.name: 'Windows 7', os.arch: 'amd64', os.version: '6.1', java.version: '1.8.0_102'
Driver info: com.kms.katalon.core.webui.driver.ExistingRemoteWebDriver
Capabilities {javascriptEnabled: true, platform: ANY, platformName: ANY}
Session ID: 2609dc86013a09d8daebbf33ac0c67a9)

2019-05-20 08:47:57 - [MESSAGE][FAILED] - Unable to click on object 'Object Repository/ADMIN/Categories/Category List/button_Categories' (Root cause: org.openqa.selenium.ElementNotVisibleException: element not visible
  (Session info: chrome=74.0.3729.157)
  (Driver info: chromedriver=2.35.528161 (5b82f2d2aae0ca24b877009200ced9065a772e73),platform=Windows NT 6.1.7601 SP1 x86_64) (WARNING: The server did not provide any stacktrace information)
Command duration or timeout: 0 milliseconds
Build info: version: '3.7.1', revision: '8a0099a', time: '2017-11-06T21:07:36.161Z'
System info: host: 'ARCADIER-PC', ip: '10.10.31.95', os.name: 'Windows 7', os.arch: 'amd64', os.version: '6.1', java.version: '1.8.0_102'
Driver info: com.kms.katalon.core.webui.driver.ExistingRemoteWebDriver
Capabilities {javascriptEnabled: true, platform: ANY, platformName: ANY}
Session ID: 2609dc86013a09d8daebbf33ac0c67a9)
[[ATTACHMENT|C:\\Users\\Arcadier\\git\\Arctick\\Reports\\Suites\\Admin Add Category\\20190520_082941\\1558313277312.png]]

2019-05-20 08:47:57 - [TEST_STEP][PASSED] - waitForPageLoad: Wait for page load successfully

2019-05-20 08:47:57 - [MESSAGE][WARNING] - Timeout '0' is invalid. Using default page load timeout: '30'

2019-05-20 08:47:58 - [MESSAGE][PASSED] - Wait for page load successfully

2019-05-20 08:47:58 - [TEST_STEP][PASSED] - click: Object: 'Object Repository/ADMIN/Categories/Category List/button_Add a Category' is clicked on

2019-05-20 08:47:58 - [MESSAGE][PASSED] - Object: 'Object Repository/ADMIN/Categories/Category List/button_Add a Category' is clicked on

2019-05-20 08:47:58 - [TEST_STEP][PASSED] - waitForElementPresent: Object 'Object Repository/ADMIN/Categories/Category/dropdown_Parent' is present

2019-05-20 08:47:58 - [MESSAGE][PASSED] - Object 'Object Repository/ADMIN/Categories/Category/dropdown_Parent' is present

2019-05-20 08:47:58 - [TEST_STEP][PASSED] - delay: Delayed 1 second(s)

2019-05-20 08:47:59 - [MESSAGE][PASSED] - Delayed 1 second(s)

2019-05-20 08:47:59 - [TEST_STEP][PASSED] - setText: Text 'Category 4.10.5.2' is set on object 'Object Repository/ADMIN/Categories/Category/textfield_Category Name'

2019-05-20 08:47:59 - [MESSAGE][PASSED] - Text 'Category 4.10.5.2' is set on object 'Object Repository/ADMIN/Categories/Category/textfield_Category Name'

2019-05-20 08:47:59 - [TEST_STEP][PASSED] - click: Object: 'Object Repository/ADMIN/Categories/Category/dropdown_Parent' is clicked on

2019-05-20 08:47:59 - [MESSAGE][PASSED] - Object: 'Object Repository/ADMIN/Categories/Category/dropdown_Parent' is clicked on

2019-05-20 08:47:59 - [TEST_STEP][PASSED] - delay: Delayed 2 second(s)

2019-05-20 08:48:01 - [MESSAGE][PASSED] - Delayed 2 second(s)

2019-05-20 08:48:01 - [TEST_STEP][PASSED] - click: Object: 'Object Repository/ADMIN/Categories/Category/dropdown_Parent' is clicked on

2019-05-20 08:48:02 - [MESSAGE][PASSED] - Object: 'Object Repository/ADMIN/Categories/Category/dropdown_Parent' is clicked on

2019-05-20 08:48:02 - [TEST_STEP][PASSED] - selectOptionByLabel: All options with label 'Category 4.10.5' are selected in object 'Object Repository/ADMIN/Categories/Category/dropdown_Parent' 

2019-05-20 08:48:02 - [MESSAGE][PASSED] - All options with label 'Category 4.10.5' are selected in object 'Object Repository/ADMIN/Categories/Category/dropdown_Parent' 

2019-05-20 08:48:02 - [TEST_STEP][PASSED] - click: Object: 'Object Repository/ADMIN/Categories/Category/button_Browse' is clicked on

2019-05-20 08:48:02 - [MESSAGE][PASSED] - Object: 'Object Repository/ADMIN/Categories/Category/button_Browse' is clicked on

2019-05-20 08:48:02 - [TEST_STEP][PASSED] - delay: Delayed 1 second(s)

2019-05-20 08:48:03 - [MESSAGE][PASSED] - Delayed 1 second(s)

2019-05-20 08:48:03 - [TEST_STEP][PASSED] - uploadFile: File 'C:\\Katalon\\Image\\pic8.jpg' sent to object: 'Object Repository/ADMIN/Categories/Category/image_input image'

2019-05-20 08:48:03 - [MESSAGE][PASSED] - File 'C:\\Katalon\\Image\\pic8.jpg' sent to object: 'Object Repository/ADMIN/Categories/Category/image_input image'

2019-05-20 08:48:03 - [TEST_STEP][PASSED] - waitForElementVisible: Object 'Object Repository/ADMIN/Categories/Category/button_upload check' is visible

2019-05-20 08:48:03 - [MESSAGE][WARNING] - Timeout '0' is invalid. Using default page load timeout: '30'

2019-05-20 08:48:03 - [MESSAGE][PASSED] - Object 'Object Repository/ADMIN/Categories/Category/button_upload check' is visible

2019-05-20 08:48:03 - [TEST_STEP][PASSED] - click: Object: 'Object Repository/ADMIN/Categories/Category/button_upload check' is clicked on

2019-05-20 08:48:03 - [MESSAGE][PASSED] - Object: 'Object Repository/ADMIN/Categories/Category/button_upload check' is clicked on

2019-05-20 08:48:03 - [TEST_STEP][PASSED] - click: Object: 'Object Repository/ADMIN/Categories/Category/button_upload save' is clicked on

2019-05-20 08:48:03 - [MESSAGE][PASSED] - Object: 'Object Repository/ADMIN/Categories/Category/button_upload save' is clicked on

2019-05-20 08:48:04 - [TEST_STEP][PASSED] - waitForElementVisible: Web element with id: 'Object Repository/ADMIN/Categories/Category/button_upload save' located by 'By.xpath: //a[@class = 'btn btn-warning download' and (text() = ' Add Photo' or . = ' Add Photo')]' not found

2019-05-20 08:48:04 - [MESSAGE][WARNING] - Timeout '0' is invalid. Using default page load timeout: '30'

2019-05-20 08:48:36 - [MESSAGE][WARNING] - Web element with id: 'Object Repository/ADMIN/Categories/Category/button_upload save' located by 'By.xpath: //a[@class = 'btn btn-warning download' and (text() = ' Add Photo' or . = ' Add Photo')]' not found

2019-05-20 08:48:36 - [TEST_STEP][PASSED] - setText: Text 'Description69' is set on object 'Object Repository/ADMIN/Categories/Category/textfield_category_description'

2019-05-20 08:48:36 - [MESSAGE][PASSED] - Text 'Description69' is set on object 'Object Repository/ADMIN/Categories/Category/textfield_category_description'

2019-05-20 08:48:36 - [TEST_STEP][PASSED] - click: Object: 'Object Repository/ADMIN/Categories/Category/button_Save' is clicked on

2019-05-20 08:48:36 - [MESSAGE][PASSED] - Object: 'Object Repository/ADMIN/Categories/Category/button_Save' is clicked on

2019-05-20 08:48:36 - [TEST_STEP][PASSED] - waitForElementVisible: Object 'Object Repository/ADMIN/Categories/Category/label_edit popup' is visible

2019-05-20 08:48:36 - [MESSAGE][WARNING] - Timeout '0' is invalid. Using default page load timeout: '30'

2019-05-20 08:48:37 - [MESSAGE][PASSED] - Object 'Object Repository/ADMIN/Categories/Category/label_edit popup' is visible

2019-05-20 08:48:37 - [TEST_STEP][PASSED] - waitForElementNotPresent: Web element with id: 'Object Repository/ADMIN/Categories/Category/label_edit popup' located by 'By.xpath: //div[(text() = 'Category was successfully saved.' or . = 'Category was successfully saved.')]' is not present after '30' second(s)

2019-05-20 08:48:37 - [MESSAGE][WARNING] - Timeout '0' is invalid. Using default page load timeout: '30'

2019-05-20 08:48:43 - [MESSAGE][PASSED] - Web element with id: 'Object Repository/ADMIN/Categories/Category/label_edit popup' located by 'By.xpath: //div[(text() = 'Category was successfully saved.' or . = 'Category was successfully saved.')]' is not present after '30' second(s)]]></system-out>
         <system-err><![CDATA[2019-05-20 08:47:56 - [TEST_CASE][FAILED] - Test Cases/ADMIN/Content Mgmt/Categories/Category Add-Edit/Add Category: Test Cases/ADMIN/Content Mgmt/Categories/Category Add-Edit/Add Category FAILED because (of) Unable to click on object 'Object Repository/ADMIN/Categories/Category List/button_Categories' (Root cause: org.openqa.selenium.ElementNotVisibleException: element not visible
  (Session info: chrome=74.0.3729.157)
  (Driver info: chromedriver=2.35.528161 (5b82f2d2aae0ca24b877009200ced9065a772e73),platform=Windows NT 6.1.7601 SP1 x86_64) (WARNING: The server did not provide any stacktrace information)
Command duration or timeout: 0 milliseconds
Build info: version: '3.7.1', revision: '8a0099a', time: '2017-11-06T21:07:36.161Z'
System info: host: 'ARCADIER-PC', ip: '10.10.31.95', os.name: 'Windows 7', os.arch: 'amd64', os.version: '6.1', java.version: '1.8.0_102'
Driver info: com.kms.katalon.core.webui.driver.ExistingRemoteWebDriver
Capabilities {javascriptEnabled: true, platform: ANY, platformName: ANY}
Session ID: 2609dc86013a09d8daebbf33ac0c67a9)]]></system-err>
      </testcase>
      <testcase name="Test Cases/ADMIN/Content Mgmt/Categories/Category Add-Edit/Add Category" classname="Test Cases/ADMIN/Content Mgmt/Categories/Category Add-Edit/Add Category" status="PASSED">
         <system-out><![CDATA[2019-05-20 08:48:43 - [TEST_CASE][PASSED] - Test Cases/ADMIN/Content Mgmt/Categories/Category Add-Edit/Add Category: Test Cases/ADMIN/Content Mgmt/Categories/Category Add-Edit/Add Category

2019-05-20 08:48:43 - [TEST_STEP][PASSED] - waitForElementVisible: Object 'Object Repository/ADMIN/Categories/Category List/button_Content Mgmt' is visible

2019-05-20 08:48:43 - [MESSAGE][WARNING] - Timeout '0' is invalid. Using default page load timeout: '30'

2019-05-20 08:48:43 - [MESSAGE][PASSED] - Object 'Object Repository/ADMIN/Categories/Category List/button_Content Mgmt' is visible

2019-05-20 08:48:43 - [TEST_STEP][PASSED] - click: Object: 'Object Repository/ADMIN/Categories/Category List/button_Content Mgmt' is clicked on

2019-05-20 08:48:43 - [MESSAGE][PASSED] - Object: 'Object Repository/ADMIN/Categories/Category List/button_Content Mgmt' is clicked on

2019-05-20 08:48:43 - [TEST_STEP][PASSED] - waitForElementVisible: Object 'Object Repository/ADMIN/Categories/Category List/button_Categories' is visible

2019-05-20 08:48:43 - [MESSAGE][WARNING] - Timeout '0' is invalid. Using default page load timeout: '30'

2019-05-20 08:48:44 - [MESSAGE][PASSED] - Object 'Object Repository/ADMIN/Categories/Category List/button_Categories' is visible

2019-05-20 08:48:44 - [TEST_STEP][PASSED] - click: Object: 'Object Repository/ADMIN/Categories/Category List/button_Categories' is clicked on

2019-05-20 08:48:45 - [MESSAGE][PASSED] - Object: 'Object Repository/ADMIN/Categories/Category List/button_Categories' is clicked on

2019-05-20 08:48:45 - [TEST_STEP][PASSED] - waitForPageLoad: Wait for page load successfully

2019-05-20 08:48:45 - [MESSAGE][WARNING] - Timeout '0' is invalid. Using default page load timeout: '30'

2019-05-20 08:48:45 - [MESSAGE][PASSED] - Wait for page load successfully

2019-05-20 08:48:45 - [TEST_STEP][PASSED] - click: Object: 'Object Repository/ADMIN/Categories/Category List/button_Add a Category' is clicked on

2019-05-20 08:48:45 - [MESSAGE][PASSED] - Object: 'Object Repository/ADMIN/Categories/Category List/button_Add a Category' is clicked on

2019-05-20 08:48:45 - [TEST_STEP][PASSED] - waitForElementPresent: Object 'Object Repository/ADMIN/Categories/Category/dropdown_Parent' is present

2019-05-20 08:48:45 - [MESSAGE][PASSED] - Object 'Object Repository/ADMIN/Categories/Category/dropdown_Parent' is present

2019-05-20 08:48:45 - [TEST_STEP][PASSED] - delay: Delayed 1 second(s)

2019-05-20 08:48:46 - [MESSAGE][PASSED] - Delayed 1 second(s)

2019-05-20 08:48:46 - [TEST_STEP][PASSED] - setText: Text 'Category 4.10.5.3' is set on object 'Object Repository/ADMIN/Categories/Category/textfield_Category Name'

2019-05-20 08:48:47 - [MESSAGE][PASSED] - Text 'Category 4.10.5.3' is set on object 'Object Repository/ADMIN/Categories/Category/textfield_Category Name'

2019-05-20 08:48:47 - [TEST_STEP][PASSED] - click: Object: 'Object Repository/ADMIN/Categories/Category/dropdown_Parent' is clicked on

2019-05-20 08:48:47 - [MESSAGE][PASSED] - Object: 'Object Repository/ADMIN/Categories/Category/dropdown_Parent' is clicked on

2019-05-20 08:48:47 - [TEST_STEP][PASSED] - delay: Delayed 2 second(s)

2019-05-20 08:48:49 - [MESSAGE][PASSED] - Delayed 2 second(s)

2019-05-20 08:48:49 - [TEST_STEP][PASSED] - click: Object: 'Object Repository/ADMIN/Categories/Category/dropdown_Parent' is clicked on

2019-05-20 08:48:49 - [MESSAGE][PASSED] - Object: 'Object Repository/ADMIN/Categories/Category/dropdown_Parent' is clicked on

2019-05-20 08:48:49 - [TEST_STEP][PASSED] - selectOptionByLabel: All options with label 'Category 4.10.5' are selected in object 'Object Repository/ADMIN/Categories/Category/dropdown_Parent' 

2019-05-20 08:48:49 - [MESSAGE][PASSED] - All options with label 'Category 4.10.5' are selected in object 'Object Repository/ADMIN/Categories/Category/dropdown_Parent' 

2019-05-20 08:48:49 - [TEST_STEP][PASSED] - click: Object: 'Object Repository/ADMIN/Categories/Category/button_Browse' is clicked on

2019-05-20 08:48:50 - [MESSAGE][PASSED] - Object: 'Object Repository/ADMIN/Categories/Category/button_Browse' is clicked on

2019-05-20 08:48:50 - [TEST_STEP][PASSED] - delay: Delayed 1 second(s)

2019-05-20 08:48:51 - [MESSAGE][PASSED] - Delayed 1 second(s)

2019-05-20 08:48:51 - [TEST_STEP][PASSED] - uploadFile: File 'C:\\Katalon\\Image\\pic9.jpg' sent to object: 'Object Repository/ADMIN/Categories/Category/image_input image'

2019-05-20 08:48:51 - [MESSAGE][PASSED] - File 'C:\\Katalon\\Image\\pic9.jpg' sent to object: 'Object Repository/ADMIN/Categories/Category/image_input image'

2019-05-20 08:48:51 - [TEST_STEP][PASSED] - waitForElementVisible: Object 'Object Repository/ADMIN/Categories/Category/button_upload check' is visible

2019-05-20 08:48:51 - [MESSAGE][WARNING] - Timeout '0' is invalid. Using default page load timeout: '30'

2019-05-20 08:48:51 - [MESSAGE][PASSED] - Object 'Object Repository/ADMIN/Categories/Category/button_upload check' is visible

2019-05-20 08:48:51 - [TEST_STEP][PASSED] - click: Object: 'Object Repository/ADMIN/Categories/Category/button_upload check' is clicked on

2019-05-20 08:48:51 - [MESSAGE][PASSED] - Object: 'Object Repository/ADMIN/Categories/Category/button_upload check' is clicked on

2019-05-20 08:48:51 - [TEST_STEP][PASSED] - click: Object: 'Object Repository/ADMIN/Categories/Category/button_upload save' is clicked on

2019-05-20 08:48:51 - [MESSAGE][PASSED] - Object: 'Object Repository/ADMIN/Categories/Category/button_upload save' is clicked on

2019-05-20 08:48:51 - [TEST_STEP][PASSED] - waitForElementVisible: Web element with id: 'Object Repository/ADMIN/Categories/Category/button_upload save' located by 'By.xpath: //a[@class = 'btn btn-warning download' and (text() = ' Add Photo' or . = ' Add Photo')]' not found

2019-05-20 08:48:52 - [MESSAGE][WARNING] - Timeout '0' is invalid. Using default page load timeout: '30'

2019-05-20 08:49:24 - [MESSAGE][WARNING] - Web element with id: 'Object Repository/ADMIN/Categories/Category/button_upload save' located by 'By.xpath: //a[@class = 'btn btn-warning download' and (text() = ' Add Photo' or . = ' Add Photo')]' not found

2019-05-20 08:49:24 - [TEST_STEP][PASSED] - setText: Text 'Description70' is set on object 'Object Repository/ADMIN/Categories/Category/textfield_category_description'

2019-05-20 08:49:24 - [MESSAGE][PASSED] - Text 'Description70' is set on object 'Object Repository/ADMIN/Categories/Category/textfield_category_description'

2019-05-20 08:49:24 - [TEST_STEP][PASSED] - click: Object: 'Object Repository/ADMIN/Categories/Category/button_Save' is clicked on

2019-05-20 08:49:24 - [MESSAGE][PASSED] - Object: 'Object Repository/ADMIN/Categories/Category/button_Save' is clicked on

2019-05-20 08:49:24 - [TEST_STEP][PASSED] - waitForElementVisible: Object 'Object Repository/ADMIN/Categories/Category/label_edit popup' is visible

2019-05-20 08:49:24 - [MESSAGE][WARNING] - Timeout '0' is invalid. Using default page load timeout: '30'

2019-05-20 08:49:25 - [MESSAGE][PASSED] - Object 'Object Repository/ADMIN/Categories/Category/label_edit popup' is visible

2019-05-20 08:49:25 - [TEST_STEP][PASSED] - waitForElementNotPresent: Web element with id: 'Object Repository/ADMIN/Categories/Category/label_edit popup' located by 'By.xpath: //div[(text() = 'Category was successfully saved.' or . = 'Category was successfully saved.')]' is not present after '30' second(s)

2019-05-20 08:49:25 - [MESSAGE][WARNING] - Timeout '0' is invalid. Using default page load timeout: '30'

2019-05-20 08:49:31 - [MESSAGE][PASSED] - Web element with id: 'Object Repository/ADMIN/Categories/Category/label_edit popup' located by 'By.xpath: //div[(text() = 'Category was successfully saved.' or . = 'Category was successfully saved.')]' is not present after '30' second(s)]]></system-out>
         <system-err><![CDATA[]]></system-err>
      </testcase>
      <testcase name="Test Cases/ADMIN/Content Mgmt/Categories/Category Add-Edit/Add Category" classname="Test Cases/ADMIN/Content Mgmt/Categories/Category Add-Edit/Add Category" status="FAILED">
         <failure type="FAILED" message="Unable to wait for object 'Object Repository/ADMIN/Categories/Category/button_upload save' to be visible (Root cause: org.openqa.selenium.StaleElementReferenceException: stale element reference: element is not attached to the page document
  (Session info: chrome=74.0.3729.157)
  (Driver info: chromedriver=2.35.528161 (5b82f2d2aae0ca24b877009200ced9065a772e73),platform=Windows NT 6.1.7601 SP1 x86_64) (WARNING: The server did not provide any stacktrace information)
Command duration or timeout: 0 milliseconds
For documentation on this error, please visit: http://seleniumhq.org/exceptions/stale_element_reference.html
Build info: version: '3.7.1', revision: '8a0099a', time: '2017-11-06T21:07:36.161Z'
System info: host: 'ARCADIER-PC', ip: '10.10.31.95', os.name: 'Windows 7', os.arch: 'amd64', os.version: '6.1', java.version: '1.8.0_102'
Driver info: com.kms.katalon.core.webui.driver.ExistingRemoteWebDriver
Capabilities {javascriptEnabled: true, platform: ANY, platformName: ANY}
Session ID: 2609dc86013a09d8daebbf33ac0c67a9)"/>
         <system-out><![CDATA[2019-05-20 08:49:31 - [TEST_CASE][FAILED] - Test Cases/ADMIN/Content Mgmt/Categories/Category Add-Edit/Add Category: Test Cases/ADMIN/Content Mgmt/Categories/Category Add-Edit/Add Category FAILED because (of) Unable to wait for object 'Object Repository/ADMIN/Categories/Category/button_upload save' to be visible (Root cause: org.openqa.selenium.StaleElementReferenceException: stale element reference: element is not attached to the page document
  (Session info: chrome=74.0.3729.157)
  (Driver info: chromedriver=2.35.528161 (5b82f2d2aae0ca24b877009200ced9065a772e73),platform=Windows NT 6.1.7601 SP1 x86_64) (WARNING: The server did not provide any stacktrace information)
Command duration or timeout: 0 milliseconds
For documentation on this error, please visit: http://seleniumhq.org/exceptions/stale_element_reference.html
Build info: version: '3.7.1', revision: '8a0099a', time: '2017-11-06T21:07:36.161Z'
System info: host: 'ARCADIER-PC', ip: '10.10.31.95', os.name: 'Windows 7', os.arch: 'amd64', os.version: '6.1', java.version: '1.8.0_102'
Driver info: com.kms.katalon.core.webui.driver.ExistingRemoteWebDriver
Capabilities {javascriptEnabled: true, platform: ANY, platformName: ANY}
Session ID: 2609dc86013a09d8daebbf33ac0c67a9)

2019-05-20 08:49:31 - [TEST_STEP][PASSED] - waitForElementVisible: Object 'Object Repository/ADMIN/Categories/Category List/button_Content Mgmt' is visible

2019-05-20 08:49:31 - [MESSAGE][WARNING] - Timeout '0' is invalid. Using default page load timeout: '30'

2019-05-20 08:49:31 - [MESSAGE][PASSED] - Object 'Object Repository/ADMIN/Categories/Category List/button_Content Mgmt' is visible

2019-05-20 08:49:31 - [TEST_STEP][PASSED] - click: Object: 'Object Repository/ADMIN/Categories/Category List/button_Content Mgmt' is clicked on

2019-05-20 08:49:32 - [MESSAGE][PASSED] - Object: 'Object Repository/ADMIN/Categories/Category List/button_Content Mgmt' is clicked on

2019-05-20 08:49:32 - [TEST_STEP][PASSED] - waitForElementVisible: Object 'Object Repository/ADMIN/Categories/Category List/button_Categories' is visible

2019-05-20 08:49:32 - [MESSAGE][WARNING] - Timeout '0' is invalid. Using default page load timeout: '30'

2019-05-20 08:49:32 - [MESSAGE][PASSED] - Object 'Object Repository/ADMIN/Categories/Category List/button_Categories' is visible

2019-05-20 08:49:32 - [TEST_STEP][PASSED] - click: Object: 'Object Repository/ADMIN/Categories/Category List/button_Categories' is clicked on

2019-05-20 08:49:32 - [MESSAGE][PASSED] - Object: 'Object Repository/ADMIN/Categories/Category List/button_Categories' is clicked on

2019-05-20 08:49:32 - [TEST_STEP][PASSED] - waitForPageLoad: Wait for page load successfully

2019-05-20 08:49:32 - [MESSAGE][WARNING] - Timeout '0' is invalid. Using default page load timeout: '30'

2019-05-20 08:49:32 - [MESSAGE][PASSED] - Wait for page load successfully

2019-05-20 08:49:32 - [TEST_STEP][PASSED] - click: Object: 'Object Repository/ADMIN/Categories/Category List/button_Add a Category' is clicked on

2019-05-20 08:49:32 - [MESSAGE][PASSED] - Object: 'Object Repository/ADMIN/Categories/Category List/button_Add a Category' is clicked on

2019-05-20 08:49:32 - [TEST_STEP][PASSED] - waitForElementPresent: Object 'Object Repository/ADMIN/Categories/Category/dropdown_Parent' is present

2019-05-20 08:49:32 - [MESSAGE][PASSED] - Object 'Object Repository/ADMIN/Categories/Category/dropdown_Parent' is present

2019-05-20 08:49:32 - [TEST_STEP][PASSED] - delay: Delayed 1 second(s)

2019-05-20 08:49:34 - [MESSAGE][PASSED] - Delayed 1 second(s)

2019-05-20 08:49:34 - [TEST_STEP][PASSED] - setText: Text 'Category 4.10.5.3.1' is set on object 'Object Repository/ADMIN/Categories/Category/textfield_Category Name'

2019-05-20 08:49:34 - [MESSAGE][PASSED] - Text 'Category 4.10.5.3.1' is set on object 'Object Repository/ADMIN/Categories/Category/textfield_Category Name'

2019-05-20 08:49:34 - [TEST_STEP][PASSED] - click: Object: 'Object Repository/ADMIN/Categories/Category/dropdown_Parent' is clicked on

2019-05-20 08:49:34 - [MESSAGE][PASSED] - Object: 'Object Repository/ADMIN/Categories/Category/dropdown_Parent' is clicked on

2019-05-20 08:49:34 - [TEST_STEP][PASSED] - delay: Delayed 2 second(s)

2019-05-20 08:49:36 - [MESSAGE][PASSED] - Delayed 2 second(s)

2019-05-20 08:49:36 - [TEST_STEP][PASSED] - click: Object: 'Object Repository/ADMIN/Categories/Category/dropdown_Parent' is clicked on

2019-05-20 08:49:37 - [MESSAGE][PASSED] - Object: 'Object Repository/ADMIN/Categories/Category/dropdown_Parent' is clicked on

2019-05-20 08:49:37 - [TEST_STEP][PASSED] - selectOptionByLabel: All options with label 'Category 4.10.5.3' are selected in object 'Object Repository/ADMIN/Categories/Category/dropdown_Parent' 

2019-05-20 08:49:37 - [MESSAGE][PASSED] - All options with label 'Category 4.10.5.3' are selected in object 'Object Repository/ADMIN/Categories/Category/dropdown_Parent' 

2019-05-20 08:49:37 - [TEST_STEP][PASSED] - click: Object: 'Object Repository/ADMIN/Categories/Category/button_Browse' is clicked on

2019-05-20 08:49:37 - [MESSAGE][PASSED] - Object: 'Object Repository/ADMIN/Categories/Category/button_Browse' is clicked on

2019-05-20 08:49:37 - [TEST_STEP][PASSED] - delay: Delayed 1 second(s)

2019-05-20 08:49:38 - [MESSAGE][PASSED] - Delayed 1 second(s)

2019-05-20 08:49:38 - [TEST_STEP][PASSED] - uploadFile: File 'C:\\Katalon\\Image\\pic10.jpg' sent to object: 'Object Repository/ADMIN/Categories/Category/image_input image'

2019-05-20 08:49:38 - [MESSAGE][PASSED] - File 'C:\\Katalon\\Image\\pic10.jpg' sent to object: 'Object Repository/ADMIN/Categories/Category/image_input image'

2019-05-20 08:49:38 - [TEST_STEP][PASSED] - waitForElementVisible: Object 'Object Repository/ADMIN/Categories/Category/button_upload check' is visible

2019-05-20 08:49:38 - [MESSAGE][WARNING] - Timeout '0' is invalid. Using default page load timeout: '30'

2019-05-20 08:49:38 - [MESSAGE][PASSED] - Object 'Object Repository/ADMIN/Categories/Category/button_upload check' is visible

2019-05-20 08:49:38 - [TEST_STEP][PASSED] - click: Object: 'Object Repository/ADMIN/Categories/Category/button_upload check' is clicked on

2019-05-20 08:49:38 - [MESSAGE][PASSED] - Object: 'Object Repository/ADMIN/Categories/Category/button_upload check' is clicked on

2019-05-20 08:49:38 - [TEST_STEP][PASSED] - click: Object: 'Object Repository/ADMIN/Categories/Category/button_upload save' is clicked on

2019-05-20 08:49:38 - [MESSAGE][PASSED] - Object: 'Object Repository/ADMIN/Categories/Category/button_upload save' is clicked on

2019-05-20 08:49:38 - [TEST_STEP][FAILED] - waitForElementVisible: Unable to wait for object 'Object Repository/ADMIN/Categories/Category/button_upload save' to be visible (Root cause: org.openqa.selenium.StaleElementReferenceException: stale element reference: element is not attached to the page document
  (Session info: chrome=74.0.3729.157)
  (Driver info: chromedriver=2.35.528161 (5b82f2d2aae0ca24b877009200ced9065a772e73),platform=Windows NT 6.1.7601 SP1 x86_64) (WARNING: The server did not provide any stacktrace information)
Command duration or timeout: 0 milliseconds
For documentation on this error, please visit: http://seleniumhq.org/exceptions/stale_element_reference.html
Build info: version: '3.7.1', revision: '8a0099a', time: '2017-11-06T21:07:36.161Z'
System info: host: 'ARCADIER-PC', ip: '10.10.31.95', os.name: 'Windows 7', os.arch: 'amd64', os.version: '6.1', java.version: '1.8.0_102'
Driver info: com.kms.katalon.core.webui.driver.ExistingRemoteWebDriver
Capabilities {javascriptEnabled: true, platform: ANY, platformName: ANY}
Session ID: 2609dc86013a09d8daebbf33ac0c67a9)

2019-05-20 08:49:38 - [MESSAGE][WARNING] - Timeout '0' is invalid. Using default page load timeout: '30'

2019-05-20 08:49:40 - [MESSAGE][FAILED] - Unable to wait for object 'Object Repository/ADMIN/Categories/Category/button_upload save' to be visible (Root cause: org.openqa.selenium.StaleElementReferenceException: stale element reference: element is not attached to the page document
  (Session info: chrome=74.0.3729.157)
  (Driver info: chromedriver=2.35.528161 (5b82f2d2aae0ca24b877009200ced9065a772e73),platform=Windows NT 6.1.7601 SP1 x86_64) (WARNING: The server did not provide any stacktrace information)
Command duration or timeout: 0 milliseconds
For documentation on this error, please visit: http://seleniumhq.org/exceptions/stale_element_reference.html
Build info: version: '3.7.1', revision: '8a0099a', time: '2017-11-06T21:07:36.161Z'
System info: host: 'ARCADIER-PC', ip: '10.10.31.95', os.name: 'Windows 7', os.arch: 'amd64', os.version: '6.1', java.version: '1.8.0_102'
Driver info: com.kms.katalon.core.webui.driver.ExistingRemoteWebDriver
Capabilities {javascriptEnabled: true, platform: ANY, platformName: ANY}
Session ID: 2609dc86013a09d8daebbf33ac0c67a9)
[[ATTACHMENT|C:\\Users\\Arcadier\\git\\Arctick\\Reports\\Suites\\Admin Add Category\\20190520_082941\\1558313379658.png]]

2019-05-20 08:49:40 - [TEST_STEP][PASSED] - setText: Text 'Description71' is set on object 'Object Repository/ADMIN/Categories/Category/textfield_category_description'

2019-05-20 08:49:40 - [MESSAGE][PASSED] - Text 'Description71' is set on object 'Object Repository/ADMIN/Categories/Category/textfield_category_description'

2019-05-20 08:49:40 - [TEST_STEP][PASSED] - click: Object: 'Object Repository/ADMIN/Categories/Category/button_Save' is clicked on

2019-05-20 08:49:42 - [MESSAGE][PASSED] - Object: 'Object Repository/ADMIN/Categories/Category/button_Save' is clicked on

2019-05-20 08:49:42 - [TEST_STEP][PASSED] - waitForElementVisible: Object 'Object Repository/ADMIN/Categories/Category/label_edit popup' is visible

2019-05-20 08:49:42 - [MESSAGE][WARNING] - Timeout '0' is invalid. Using default page load timeout: '30'

2019-05-20 08:49:42 - [MESSAGE][PASSED] - Object 'Object Repository/ADMIN/Categories/Category/label_edit popup' is visible

2019-05-20 08:49:42 - [TEST_STEP][PASSED] - waitForElementNotPresent: Web element with id: 'Object Repository/ADMIN/Categories/Category/label_edit popup' located by 'By.xpath: //div[(text() = 'Category was successfully saved.' or . = 'Category was successfully saved.')]' is not present after '30' second(s)

2019-05-20 08:49:42 - [MESSAGE][WARNING] - Timeout '0' is invalid. Using default page load timeout: '30'

2019-05-20 08:49:48 - [MESSAGE][PASSED] - Web element with id: 'Object Repository/ADMIN/Categories/Category/label_edit popup' located by 'By.xpath: //div[(text() = 'Category was successfully saved.' or . = 'Category was successfully saved.')]' is not present after '30' second(s)]]></system-out>
         <system-err><![CDATA[2019-05-20 08:49:31 - [TEST_CASE][FAILED] - Test Cases/ADMIN/Content Mgmt/Categories/Category Add-Edit/Add Category: Test Cases/ADMIN/Content Mgmt/Categories/Category Add-Edit/Add Category FAILED because (of) Unable to wait for object 'Object Repository/ADMIN/Categories/Category/button_upload save' to be visible (Root cause: org.openqa.selenium.StaleElementReferenceException: stale element reference: element is not attached to the page document
  (Session info: chrome=74.0.3729.157)
  (Driver info: chromedriver=2.35.528161 (5b82f2d2aae0ca24b877009200ced9065a772e73),platform=Windows NT 6.1.7601 SP1 x86_64) (WARNING: The server did not provide any stacktrace information)
Command duration or timeout: 0 milliseconds
For documentation on this error, please visit: http://seleniumhq.org/exceptions/stale_element_reference.html
Build info: version: '3.7.1', revision: '8a0099a', time: '2017-11-06T21:07:36.161Z'
System info: host: 'ARCADIER-PC', ip: '10.10.31.95', os.name: 'Windows 7', os.arch: 'amd64', os.version: '6.1', java.version: '1.8.0_102'
Driver info: com.kms.katalon.core.webui.driver.ExistingRemoteWebDriver
Capabilities {javascriptEnabled: true, platform: ANY, platformName: ANY}
Session ID: 2609dc86013a09d8daebbf33ac0c67a9)]]></system-err>
      </testcase>
      <testcase name="Test Cases/ADMIN/Content Mgmt/Categories/Category Add-Edit/Add Category" classname="Test Cases/ADMIN/Content Mgmt/Categories/Category Add-Edit/Add Category" status="PASSED">
         <system-out><![CDATA[2019-05-20 08:49:48 - [TEST_CASE][PASSED] - Test Cases/ADMIN/Content Mgmt/Categories/Category Add-Edit/Add Category: Test Cases/ADMIN/Content Mgmt/Categories/Category Add-Edit/Add Category

2019-05-20 08:49:48 - [TEST_STEP][PASSED] - waitForElementVisible: Object 'Object Repository/ADMIN/Categories/Category List/button_Content Mgmt' is visible

2019-05-20 08:49:49 - [MESSAGE][WARNING] - Timeout '0' is invalid. Using default page load timeout: '30'

2019-05-20 08:49:49 - [MESSAGE][PASSED] - Object 'Object Repository/ADMIN/Categories/Category List/button_Content Mgmt' is visible

2019-05-20 08:49:49 - [TEST_STEP][PASSED] - click: Object: 'Object Repository/ADMIN/Categories/Category List/button_Content Mgmt' is clicked on

2019-05-20 08:49:49 - [MESSAGE][PASSED] - Object: 'Object Repository/ADMIN/Categories/Category List/button_Content Mgmt' is clicked on

2019-05-20 08:49:49 - [TEST_STEP][PASSED] - waitForElementVisible: Object 'Object Repository/ADMIN/Categories/Category List/button_Categories' is visible

2019-05-20 08:49:49 - [MESSAGE][WARNING] - Timeout '0' is invalid. Using default page load timeout: '30'

2019-05-20 08:49:49 - [MESSAGE][PASSED] - Object 'Object Repository/ADMIN/Categories/Category List/button_Categories' is visible

2019-05-20 08:49:49 - [TEST_STEP][PASSED] - click: Object: 'Object Repository/ADMIN/Categories/Category List/button_Categories' is clicked on

2019-05-20 08:49:50 - [MESSAGE][PASSED] - Object: 'Object Repository/ADMIN/Categories/Category List/button_Categories' is clicked on

2019-05-20 08:49:50 - [TEST_STEP][PASSED] - waitForPageLoad: Wait for page load successfully

2019-05-20 08:49:50 - [MESSAGE][WARNING] - Timeout '0' is invalid. Using default page load timeout: '30'

2019-05-20 08:49:50 - [MESSAGE][PASSED] - Wait for page load successfully

2019-05-20 08:49:50 - [TEST_STEP][PASSED] - click: Object: 'Object Repository/ADMIN/Categories/Category List/button_Add a Category' is clicked on

2019-05-20 08:49:50 - [MESSAGE][PASSED] - Object: 'Object Repository/ADMIN/Categories/Category List/button_Add a Category' is clicked on

2019-05-20 08:49:50 - [TEST_STEP][PASSED] - waitForElementPresent: Object 'Object Repository/ADMIN/Categories/Category/dropdown_Parent' is present

2019-05-20 08:49:51 - [MESSAGE][PASSED] - Object 'Object Repository/ADMIN/Categories/Category/dropdown_Parent' is present

2019-05-20 08:49:51 - [TEST_STEP][PASSED] - delay: Delayed 1 second(s)

2019-05-20 08:49:52 - [MESSAGE][PASSED] - Delayed 1 second(s)

2019-05-20 08:49:52 - [TEST_STEP][PASSED] - setText: Text 'Category 5' is set on object 'Object Repository/ADMIN/Categories/Category/textfield_Category Name'

2019-05-20 08:49:52 - [MESSAGE][PASSED] - Text 'Category 5' is set on object 'Object Repository/ADMIN/Categories/Category/textfield_Category Name'

2019-05-20 08:49:52 - [TEST_STEP][PASSED] - click: Object: 'Object Repository/ADMIN/Categories/Category/dropdown_Parent' is clicked on

2019-05-20 08:49:52 - [MESSAGE][PASSED] - Object: 'Object Repository/ADMIN/Categories/Category/dropdown_Parent' is clicked on

2019-05-20 08:49:52 - [TEST_STEP][PASSED] - delay: Delayed 2 second(s)

2019-05-20 08:49:54 - [MESSAGE][PASSED] - Delayed 2 second(s)

2019-05-20 08:49:54 - [TEST_STEP][PASSED] - click: Object: 'Object Repository/ADMIN/Categories/Category/dropdown_Parent' is clicked on

2019-05-20 08:49:55 - [MESSAGE][PASSED] - Object: 'Object Repository/ADMIN/Categories/Category/dropdown_Parent' is clicked on

2019-05-20 08:49:55 - [TEST_STEP][PASSED] - selectOptionByLabel: All options with label '-' are selected in object 'Object Repository/ADMIN/Categories/Category/dropdown_Parent' 

2019-05-20 08:49:55 - [MESSAGE][PASSED] - All options with label '-' are selected in object 'Object Repository/ADMIN/Categories/Category/dropdown_Parent' 

2019-05-20 08:49:55 - [TEST_STEP][PASSED] - click: Object: 'Object Repository/ADMIN/Categories/Category/button_Browse' is clicked on

2019-05-20 08:49:55 - [MESSAGE][PASSED] - Object: 'Object Repository/ADMIN/Categories/Category/button_Browse' is clicked on

2019-05-20 08:49:55 - [TEST_STEP][PASSED] - delay: Delayed 1 second(s)

2019-05-20 08:49:56 - [MESSAGE][PASSED] - Delayed 1 second(s)

2019-05-20 08:49:56 - [TEST_STEP][PASSED] - uploadFile: File 'C:\\Katalon\\Image\\pic11.jpg' sent to object: 'Object Repository/ADMIN/Categories/Category/image_input image'

2019-05-20 08:49:56 - [MESSAGE][PASSED] - File 'C:\\Katalon\\Image\\pic11.jpg' sent to object: 'Object Repository/ADMIN/Categories/Category/image_input image'

2019-05-20 08:49:56 - [TEST_STEP][PASSED] - waitForElementVisible: Object 'Object Repository/ADMIN/Categories/Category/button_upload check' is visible

2019-05-20 08:49:56 - [MESSAGE][WARNING] - Timeout '0' is invalid. Using default page load timeout: '30'

2019-05-20 08:49:56 - [MESSAGE][PASSED] - Object 'Object Repository/ADMIN/Categories/Category/button_upload check' is visible

2019-05-20 08:49:56 - [TEST_STEP][PASSED] - click: Object: 'Object Repository/ADMIN/Categories/Category/button_upload check' is clicked on

2019-05-20 08:49:56 - [MESSAGE][PASSED] - Object: 'Object Repository/ADMIN/Categories/Category/button_upload check' is clicked on

2019-05-20 08:49:56 - [TEST_STEP][PASSED] - click: Object: 'Object Repository/ADMIN/Categories/Category/button_upload save' is clicked on

2019-05-20 08:49:57 - [MESSAGE][PASSED] - Object: 'Object Repository/ADMIN/Categories/Category/button_upload save' is clicked on

2019-05-20 08:49:57 - [TEST_STEP][PASSED] - waitForElementVisible: Object 'Object Repository/ADMIN/Categories/Category/button_upload save' is visible

2019-05-20 08:49:57 - [MESSAGE][WARNING] - Timeout '0' is invalid. Using default page load timeout: '30'

2019-05-20 08:49:57 - [MESSAGE][PASSED] - Object 'Object Repository/ADMIN/Categories/Category/button_upload save' is visible

2019-05-20 08:49:57 - [TEST_STEP][PASSED] - setText: Text 'Description72' is set on object 'Object Repository/ADMIN/Categories/Category/textfield_category_description'

2019-05-20 08:49:57 - [MESSAGE][PASSED] - Text 'Description72' is set on object 'Object Repository/ADMIN/Categories/Category/textfield_category_description'

2019-05-20 08:49:57 - [TEST_STEP][PASSED] - click: Object: 'Object Repository/ADMIN/Categories/Category/button_Save' is clicked on

2019-05-20 08:49:58 - [MESSAGE][PASSED] - Object: 'Object Repository/ADMIN/Categories/Category/button_Save' is clicked on

2019-05-20 08:49:58 - [TEST_STEP][PASSED] - waitForElementVisible: Object 'Object Repository/ADMIN/Categories/Category/label_edit popup' is visible

2019-05-20 08:49:58 - [MESSAGE][WARNING] - Timeout '0' is invalid. Using default page load timeout: '30'

2019-05-20 08:49:59 - [MESSAGE][PASSED] - Object 'Object Repository/ADMIN/Categories/Category/label_edit popup' is visible

2019-05-20 08:49:59 - [TEST_STEP][PASSED] - waitForElementNotPresent: Web element with id: 'Object Repository/ADMIN/Categories/Category/label_edit popup' located by 'By.xpath: //div[(text() = 'Category was successfully saved.' or . = 'Category was successfully saved.')]' is not present after '30' second(s)

2019-05-20 08:49:59 - [MESSAGE][WARNING] - Timeout '0' is invalid. Using default page load timeout: '30'

2019-05-20 08:50:05 - [MESSAGE][PASSED] - Web element with id: 'Object Repository/ADMIN/Categories/Category/label_edit popup' located by 'By.xpath: //div[(text() = 'Category was successfully saved.' or . = 'Category was successfully saved.')]' is not present after '30' second(s)]]></system-out>
         <system-err><![CDATA[]]></system-err>
      </testcase>
      <testcase name="Test Cases/ADMIN/Content Mgmt/Categories/Category Add-Edit/Add Category" classname="Test Cases/ADMIN/Content Mgmt/Categories/Category Add-Edit/Add Category" status="PASSED">
         <system-out><![CDATA[2019-05-20 08:50:05 - [TEST_CASE][PASSED] - Test Cases/ADMIN/Content Mgmt/Categories/Category Add-Edit/Add Category: Test Cases/ADMIN/Content Mgmt/Categories/Category Add-Edit/Add Category

2019-05-20 08:50:05 - [TEST_STEP][PASSED] - waitForElementVisible: Object 'Object Repository/ADMIN/Categories/Category List/button_Content Mgmt' is visible

2019-05-20 08:50:05 - [MESSAGE][WARNING] - Timeout '0' is invalid. Using default page load timeout: '30'

2019-05-20 08:50:05 - [MESSAGE][PASSED] - Object 'Object Repository/ADMIN/Categories/Category List/button_Content Mgmt' is visible

2019-05-20 08:50:05 - [TEST_STEP][PASSED] - click: Object: 'Object Repository/ADMIN/Categories/Category List/button_Content Mgmt' is clicked on

2019-05-20 08:50:05 - [MESSAGE][PASSED] - Object: 'Object Repository/ADMIN/Categories/Category List/button_Content Mgmt' is clicked on

2019-05-20 08:50:05 - [TEST_STEP][PASSED] - waitForElementVisible: Object 'Object Repository/ADMIN/Categories/Category List/button_Categories' is visible

2019-05-20 08:50:05 - [MESSAGE][WARNING] - Timeout '0' is invalid. Using default page load timeout: '30'

2019-05-20 08:50:05 - [MESSAGE][PASSED] - Object 'Object Repository/ADMIN/Categories/Category List/button_Categories' is visible

2019-05-20 08:50:05 - [TEST_STEP][PASSED] - click: Object: 'Object Repository/ADMIN/Categories/Category List/button_Categories' is clicked on

2019-05-20 08:50:06 - [MESSAGE][PASSED] - Object: 'Object Repository/ADMIN/Categories/Category List/button_Categories' is clicked on

2019-05-20 08:50:06 - [TEST_STEP][PASSED] - waitForPageLoad: Wait for page load successfully

2019-05-20 08:50:06 - [MESSAGE][WARNING] - Timeout '0' is invalid. Using default page load timeout: '30'

2019-05-20 08:50:06 - [MESSAGE][PASSED] - Wait for page load successfully

2019-05-20 08:50:06 - [TEST_STEP][PASSED] - click: Object: 'Object Repository/ADMIN/Categories/Category List/button_Add a Category' is clicked on

2019-05-20 08:50:06 - [MESSAGE][PASSED] - Object: 'Object Repository/ADMIN/Categories/Category List/button_Add a Category' is clicked on

2019-05-20 08:50:06 - [TEST_STEP][PASSED] - waitForElementPresent: Object 'Object Repository/ADMIN/Categories/Category/dropdown_Parent' is present

2019-05-20 08:50:06 - [MESSAGE][PASSED] - Object 'Object Repository/ADMIN/Categories/Category/dropdown_Parent' is present

2019-05-20 08:50:06 - [TEST_STEP][PASSED] - delay: Delayed 1 second(s)

2019-05-20 08:50:07 - [MESSAGE][PASSED] - Delayed 1 second(s)

2019-05-20 08:50:07 - [TEST_STEP][PASSED] - setText: Text 'Category 5.1' is set on object 'Object Repository/ADMIN/Categories/Category/textfield_Category Name'

2019-05-20 08:50:07 - [MESSAGE][PASSED] - Text 'Category 5.1' is set on object 'Object Repository/ADMIN/Categories/Category/textfield_Category Name'

2019-05-20 08:50:07 - [TEST_STEP][PASSED] - click: Object: 'Object Repository/ADMIN/Categories/Category/dropdown_Parent' is clicked on

2019-05-20 08:50:08 - [MESSAGE][PASSED] - Object: 'Object Repository/ADMIN/Categories/Category/dropdown_Parent' is clicked on

2019-05-20 08:50:09 - [TEST_STEP][PASSED] - delay: Delayed 2 second(s)

2019-05-20 08:50:11 - [MESSAGE][PASSED] - Delayed 2 second(s)

2019-05-20 08:50:11 - [TEST_STEP][PASSED] - click: Object: 'Object Repository/ADMIN/Categories/Category/dropdown_Parent' is clicked on

2019-05-20 08:50:11 - [MESSAGE][PASSED] - Object: 'Object Repository/ADMIN/Categories/Category/dropdown_Parent' is clicked on

2019-05-20 08:50:11 - [TEST_STEP][PASSED] - selectOptionByLabel: All options with label 'Category 5' are selected in object 'Object Repository/ADMIN/Categories/Category/dropdown_Parent' 

2019-05-20 08:50:11 - [MESSAGE][PASSED] - All options with label 'Category 5' are selected in object 'Object Repository/ADMIN/Categories/Category/dropdown_Parent' 

2019-05-20 08:50:11 - [TEST_STEP][PASSED] - click: Object: 'Object Repository/ADMIN/Categories/Category/button_Browse' is clicked on

2019-05-20 08:50:11 - [MESSAGE][PASSED] - Object: 'Object Repository/ADMIN/Categories/Category/button_Browse' is clicked on

2019-05-20 08:50:11 - [TEST_STEP][PASSED] - delay: Delayed 1 second(s)

2019-05-20 08:50:12 - [MESSAGE][PASSED] - Delayed 1 second(s)

2019-05-20 08:50:12 - [TEST_STEP][PASSED] - uploadFile: File 'C:\\Katalon\\Image\\pic12.jpg' sent to object: 'Object Repository/ADMIN/Categories/Category/image_input image'

2019-05-20 08:50:12 - [MESSAGE][PASSED] - File 'C:\\Katalon\\Image\\pic12.jpg' sent to object: 'Object Repository/ADMIN/Categories/Category/image_input image'

2019-05-20 08:50:12 - [TEST_STEP][PASSED] - waitForElementVisible: Object 'Object Repository/ADMIN/Categories/Category/button_upload check' is visible

2019-05-20 08:50:12 - [MESSAGE][WARNING] - Timeout '0' is invalid. Using default page load timeout: '30'

2019-05-20 08:50:12 - [MESSAGE][PASSED] - Object 'Object Repository/ADMIN/Categories/Category/button_upload check' is visible

2019-05-20 08:50:12 - [TEST_STEP][PASSED] - click: Object: 'Object Repository/ADMIN/Categories/Category/button_upload check' is clicked on

2019-05-20 08:50:13 - [MESSAGE][PASSED] - Object: 'Object Repository/ADMIN/Categories/Category/button_upload check' is clicked on

2019-05-20 08:50:13 - [TEST_STEP][PASSED] - click: Object: 'Object Repository/ADMIN/Categories/Category/button_upload save' is clicked on

2019-05-20 08:50:13 - [MESSAGE][PASSED] - Object: 'Object Repository/ADMIN/Categories/Category/button_upload save' is clicked on

2019-05-20 08:50:13 - [TEST_STEP][PASSED] - waitForElementVisible: Object 'Object Repository/ADMIN/Categories/Category/button_upload save' is visible

2019-05-20 08:50:13 - [MESSAGE][WARNING] - Timeout '0' is invalid. Using default page load timeout: '30'

2019-05-20 08:50:13 - [MESSAGE][PASSED] - Object 'Object Repository/ADMIN/Categories/Category/button_upload save' is visible

2019-05-20 08:50:13 - [TEST_STEP][PASSED] - setText: Text 'Description73' is set on object 'Object Repository/ADMIN/Categories/Category/textfield_category_description'

2019-05-20 08:50:13 - [MESSAGE][PASSED] - Text 'Description73' is set on object 'Object Repository/ADMIN/Categories/Category/textfield_category_description'

2019-05-20 08:50:15 - [TEST_STEP][PASSED] - click: Object: 'Object Repository/ADMIN/Categories/Category/button_Save' is clicked on

2019-05-20 08:50:15 - [MESSAGE][PASSED] - Object: 'Object Repository/ADMIN/Categories/Category/button_Save' is clicked on

2019-05-20 08:50:15 - [TEST_STEP][PASSED] - waitForElementVisible: Object 'Object Repository/ADMIN/Categories/Category/label_edit popup' is visible

2019-05-20 08:50:15 - [MESSAGE][WARNING] - Timeout '0' is invalid. Using default page load timeout: '30'

2019-05-20 08:50:16 - [MESSAGE][PASSED] - Object 'Object Repository/ADMIN/Categories/Category/label_edit popup' is visible

2019-05-20 08:50:16 - [TEST_STEP][PASSED] - waitForElementNotPresent: Web element with id: 'Object Repository/ADMIN/Categories/Category/label_edit popup' located by 'By.xpath: //div[(text() = 'Category was successfully saved.' or . = 'Category was successfully saved.')]' is not present after '30' second(s)

2019-05-20 08:50:16 - [MESSAGE][WARNING] - Timeout '0' is invalid. Using default page load timeout: '30'

2019-05-20 08:50:22 - [MESSAGE][PASSED] - Web element with id: 'Object Repository/ADMIN/Categories/Category/label_edit popup' located by 'By.xpath: //div[(text() = 'Category was successfully saved.' or . = 'Category was successfully saved.')]' is not present after '30' second(s)]]></system-out>
         <system-err><![CDATA[]]></system-err>
      </testcase>
      <testcase name="Test Cases/ADMIN/Content Mgmt/Categories/Category Add-Edit/Add Category" classname="Test Cases/ADMIN/Content Mgmt/Categories/Category Add-Edit/Add Category" status="PASSED">
         <system-out><![CDATA[2019-05-20 08:50:22 - [TEST_CASE][PASSED] - Test Cases/ADMIN/Content Mgmt/Categories/Category Add-Edit/Add Category: Test Cases/ADMIN/Content Mgmt/Categories/Category Add-Edit/Add Category

2019-05-20 08:50:22 - [TEST_STEP][PASSED] - waitForElementVisible: Object 'Object Repository/ADMIN/Categories/Category List/button_Content Mgmt' is visible

2019-05-20 08:50:22 - [MESSAGE][WARNING] - Timeout '0' is invalid. Using default page load timeout: '30'

2019-05-20 08:50:22 - [MESSAGE][PASSED] - Object 'Object Repository/ADMIN/Categories/Category List/button_Content Mgmt' is visible

2019-05-20 08:50:22 - [TEST_STEP][PASSED] - click: Object: 'Object Repository/ADMIN/Categories/Category List/button_Content Mgmt' is clicked on

2019-05-20 08:50:23 - [MESSAGE][PASSED] - Object: 'Object Repository/ADMIN/Categories/Category List/button_Content Mgmt' is clicked on

2019-05-20 08:50:23 - [TEST_STEP][PASSED] - waitForElementVisible: Object 'Object Repository/ADMIN/Categories/Category List/button_Categories' is visible

2019-05-20 08:50:23 - [MESSAGE][WARNING] - Timeout '0' is invalid. Using default page load timeout: '30'

2019-05-20 08:50:23 - [MESSAGE][PASSED] - Object 'Object Repository/ADMIN/Categories/Category List/button_Categories' is visible

2019-05-20 08:50:23 - [TEST_STEP][PASSED] - click: Object: 'Object Repository/ADMIN/Categories/Category List/button_Categories' is clicked on

2019-05-20 08:50:24 - [MESSAGE][PASSED] - Object: 'Object Repository/ADMIN/Categories/Category List/button_Categories' is clicked on

2019-05-20 08:50:24 - [TEST_STEP][PASSED] - waitForPageLoad: Wait for page load successfully

2019-05-20 08:50:24 - [MESSAGE][WARNING] - Timeout '0' is invalid. Using default page load timeout: '30'

2019-05-20 08:50:24 - [MESSAGE][PASSED] - Wait for page load successfully

2019-05-20 08:50:24 - [TEST_STEP][PASSED] - click: Object: 'Object Repository/ADMIN/Categories/Category List/button_Add a Category' is clicked on

2019-05-20 08:50:24 - [MESSAGE][PASSED] - Object: 'Object Repository/ADMIN/Categories/Category List/button_Add a Category' is clicked on

2019-05-20 08:50:24 - [TEST_STEP][PASSED] - waitForElementPresent: Object 'Object Repository/ADMIN/Categories/Category/dropdown_Parent' is present

2019-05-20 08:50:24 - [MESSAGE][PASSED] - Object 'Object Repository/ADMIN/Categories/Category/dropdown_Parent' is present

2019-05-20 08:50:24 - [TEST_STEP][PASSED] - delay: Delayed 1 second(s)

2019-05-20 08:50:25 - [MESSAGE][PASSED] - Delayed 1 second(s)

2019-05-20 08:50:25 - [TEST_STEP][PASSED] - setText: Text 'Category 5.2' is set on object 'Object Repository/ADMIN/Categories/Category/textfield_Category Name'

2019-05-20 08:50:26 - [MESSAGE][PASSED] - Text 'Category 5.2' is set on object 'Object Repository/ADMIN/Categories/Category/textfield_Category Name'

2019-05-20 08:50:26 - [TEST_STEP][PASSED] - click: Object: 'Object Repository/ADMIN/Categories/Category/dropdown_Parent' is clicked on

2019-05-20 08:50:26 - [MESSAGE][PASSED] - Object: 'Object Repository/ADMIN/Categories/Category/dropdown_Parent' is clicked on

2019-05-20 08:50:26 - [TEST_STEP][PASSED] - delay: Delayed 2 second(s)

2019-05-20 08:50:28 - [MESSAGE][PASSED] - Delayed 2 second(s)

2019-05-20 08:50:28 - [TEST_STEP][PASSED] - click: Object: 'Object Repository/ADMIN/Categories/Category/dropdown_Parent' is clicked on

2019-05-20 08:50:29 - [MESSAGE][PASSED] - Object: 'Object Repository/ADMIN/Categories/Category/dropdown_Parent' is clicked on

2019-05-20 08:50:29 - [TEST_STEP][PASSED] - selectOptionByLabel: All options with label 'Category 5' are selected in object 'Object Repository/ADMIN/Categories/Category/dropdown_Parent' 

2019-05-20 08:50:29 - [MESSAGE][PASSED] - All options with label 'Category 5' are selected in object 'Object Repository/ADMIN/Categories/Category/dropdown_Parent' 

2019-05-20 08:50:29 - [TEST_STEP][PASSED] - click: Object: 'Object Repository/ADMIN/Categories/Category/button_Browse' is clicked on

2019-05-20 08:50:29 - [MESSAGE][PASSED] - Object: 'Object Repository/ADMIN/Categories/Category/button_Browse' is clicked on

2019-05-20 08:50:29 - [TEST_STEP][PASSED] - delay: Delayed 1 second(s)

2019-05-20 08:50:30 - [MESSAGE][PASSED] - Delayed 1 second(s)

2019-05-20 08:50:30 - [TEST_STEP][PASSED] - uploadFile: File 'C:\\Katalon\\Image\\pic1.jpg' sent to object: 'Object Repository/ADMIN/Categories/Category/image_input image'

2019-05-20 08:50:30 - [MESSAGE][PASSED] - File 'C:\\Katalon\\Image\\pic1.jpg' sent to object: 'Object Repository/ADMIN/Categories/Category/image_input image'

2019-05-20 08:50:30 - [TEST_STEP][PASSED] - waitForElementVisible: Object 'Object Repository/ADMIN/Categories/Category/button_upload check' is visible

2019-05-20 08:50:30 - [MESSAGE][WARNING] - Timeout '0' is invalid. Using default page load timeout: '30'

2019-05-20 08:50:30 - [MESSAGE][PASSED] - Object 'Object Repository/ADMIN/Categories/Category/button_upload check' is visible

2019-05-20 08:50:30 - [TEST_STEP][PASSED] - click: Object: 'Object Repository/ADMIN/Categories/Category/button_upload check' is clicked on

2019-05-20 08:50:30 - [MESSAGE][PASSED] - Object: 'Object Repository/ADMIN/Categories/Category/button_upload check' is clicked on

2019-05-20 08:50:30 - [TEST_STEP][PASSED] - click: Object: 'Object Repository/ADMIN/Categories/Category/button_upload save' is clicked on

2019-05-20 08:50:31 - [MESSAGE][PASSED] - Object: 'Object Repository/ADMIN/Categories/Category/button_upload save' is clicked on

2019-05-20 08:50:31 - [TEST_STEP][PASSED] - waitForElementVisible: Object 'Object Repository/ADMIN/Categories/Category/button_upload save' is visible

2019-05-20 08:50:31 - [MESSAGE][WARNING] - Timeout '0' is invalid. Using default page load timeout: '30'

2019-05-20 08:50:31 - [MESSAGE][PASSED] - Object 'Object Repository/ADMIN/Categories/Category/button_upload save' is visible

2019-05-20 08:50:31 - [TEST_STEP][PASSED] - setText: Text 'Description74' is set on object 'Object Repository/ADMIN/Categories/Category/textfield_category_description'

2019-05-20 08:50:32 - [MESSAGE][PASSED] - Text 'Description74' is set on object 'Object Repository/ADMIN/Categories/Category/textfield_category_description'

2019-05-20 08:50:32 - [TEST_STEP][PASSED] - click: Object: 'Object Repository/ADMIN/Categories/Category/button_Save' is clicked on

2019-05-20 08:50:34 - [MESSAGE][PASSED] - Object: 'Object Repository/ADMIN/Categories/Category/button_Save' is clicked on

2019-05-20 08:50:34 - [TEST_STEP][PASSED] - waitForElementVisible: Object 'Object Repository/ADMIN/Categories/Category/label_edit popup' is visible

2019-05-20 08:50:34 - [MESSAGE][WARNING] - Timeout '0' is invalid. Using default page load timeout: '30'

2019-05-20 08:50:34 - [MESSAGE][PASSED] - Object 'Object Repository/ADMIN/Categories/Category/label_edit popup' is visible

2019-05-20 08:50:34 - [TEST_STEP][PASSED] - waitForElementNotPresent: Web element with id: 'Object Repository/ADMIN/Categories/Category/label_edit popup' located by 'By.xpath: //div[(text() = 'Category was successfully saved.' or . = 'Category was successfully saved.')]' is not present after '30' second(s)

2019-05-20 08:50:34 - [MESSAGE][WARNING] - Timeout '0' is invalid. Using default page load timeout: '30'

2019-05-20 08:50:40 - [MESSAGE][PASSED] - Web element with id: 'Object Repository/ADMIN/Categories/Category/label_edit popup' located by 'By.xpath: //div[(text() = 'Category was successfully saved.' or . = 'Category was successfully saved.')]' is not present after '30' second(s)]]></system-out>
         <system-err><![CDATA[]]></system-err>
      </testcase>
      <testcase name="Test Cases/ADMIN/Content Mgmt/Categories/Category Add-Edit/Add Category" classname="Test Cases/ADMIN/Content Mgmt/Categories/Category Add-Edit/Add Category" status="FAILED">
         <failure type="FAILED" message="Unable to click on object 'Object Repository/ADMIN/Categories/Category List/button_Categories' (Root cause: org.openqa.selenium.ElementNotVisibleException: element not visible
  (Session info: chrome=74.0.3729.157)
  (Driver info: chromedriver=2.35.528161 (5b82f2d2aae0ca24b877009200ced9065a772e73),platform=Windows NT 6.1.7601 SP1 x86_64) (WARNING: The server did not provide any stacktrace information)
Command duration or timeout: 0 milliseconds
Build info: version: '3.7.1', revision: '8a0099a', time: '2017-11-06T21:07:36.161Z'
System info: host: 'ARCADIER-PC', ip: '10.10.31.95', os.name: 'Windows 7', os.arch: 'amd64', os.version: '6.1', java.version: '1.8.0_102'
Driver info: com.kms.katalon.core.webui.driver.ExistingRemoteWebDriver
Capabilities {javascriptEnabled: true, platform: ANY, platformName: ANY}
Session ID: 2609dc86013a09d8daebbf33ac0c67a9)"/>
         <system-out><![CDATA[2019-05-20 08:50:40 - [TEST_CASE][FAILED] - Test Cases/ADMIN/Content Mgmt/Categories/Category Add-Edit/Add Category: Test Cases/ADMIN/Content Mgmt/Categories/Category Add-Edit/Add Category FAILED because (of) Unable to click on object 'Object Repository/ADMIN/Categories/Category List/button_Categories' (Root cause: org.openqa.selenium.ElementNotVisibleException: element not visible
  (Session info: chrome=74.0.3729.157)
  (Driver info: chromedriver=2.35.528161 (5b82f2d2aae0ca24b877009200ced9065a772e73),platform=Windows NT 6.1.7601 SP1 x86_64) (WARNING: The server did not provide any stacktrace information)
Command duration or timeout: 0 milliseconds
Build info: version: '3.7.1', revision: '8a0099a', time: '2017-11-06T21:07:36.161Z'
System info: host: 'ARCADIER-PC', ip: '10.10.31.95', os.name: 'Windows 7', os.arch: 'amd64', os.version: '6.1', java.version: '1.8.0_102'
Driver info: com.kms.katalon.core.webui.driver.ExistingRemoteWebDriver
Capabilities {javascriptEnabled: true, platform: ANY, platformName: ANY}
Session ID: 2609dc86013a09d8daebbf33ac0c67a9)

2019-05-20 08:50:40 - [TEST_STEP][PASSED] - waitForElementVisible: Object 'Object Repository/ADMIN/Categories/Category List/button_Content Mgmt' is visible

2019-05-20 08:50:40 - [MESSAGE][WARNING] - Timeout '0' is invalid. Using default page load timeout: '30'

2019-05-20 08:50:40 - [MESSAGE][PASSED] - Object 'Object Repository/ADMIN/Categories/Category List/button_Content Mgmt' is visible

2019-05-20 08:50:40 - [TEST_STEP][PASSED] - click: Object: 'Object Repository/ADMIN/Categories/Category List/button_Content Mgmt' is clicked on

2019-05-20 08:50:40 - [MESSAGE][PASSED] - Object: 'Object Repository/ADMIN/Categories/Category List/button_Content Mgmt' is clicked on

2019-05-20 08:50:40 - [TEST_STEP][PASSED] - waitForElementVisible: Object 'Object Repository/ADMIN/Categories/Category List/button_Categories' is visible

2019-05-20 08:50:40 - [MESSAGE][WARNING] - Timeout '0' is invalid. Using default page load timeout: '30'

2019-05-20 08:50:40 - [MESSAGE][PASSED] - Object 'Object Repository/ADMIN/Categories/Category List/button_Categories' is visible

2019-05-20 08:50:40 - [TEST_STEP][FAILED] - click: Unable to click on object 'Object Repository/ADMIN/Categories/Category List/button_Categories' (Root cause: org.openqa.selenium.ElementNotVisibleException: element not visible
  (Session info: chrome=74.0.3729.157)
  (Driver info: chromedriver=2.35.528161 (5b82f2d2aae0ca24b877009200ced9065a772e73),platform=Windows NT 6.1.7601 SP1 x86_64) (WARNING: The server did not provide any stacktrace information)
Command duration or timeout: 0 milliseconds
Build info: version: '3.7.1', revision: '8a0099a', time: '2017-11-06T21:07:36.161Z'
System info: host: 'ARCADIER-PC', ip: '10.10.31.95', os.name: 'Windows 7', os.arch: 'amd64', os.version: '6.1', java.version: '1.8.0_102'
Driver info: com.kms.katalon.core.webui.driver.ExistingRemoteWebDriver
Capabilities {javascriptEnabled: true, platform: ANY, platformName: ANY}
Session ID: 2609dc86013a09d8daebbf33ac0c67a9)

2019-05-20 08:50:41 - [MESSAGE][FAILED] - Unable to click on object 'Object Repository/ADMIN/Categories/Category List/button_Categories' (Root cause: org.openqa.selenium.ElementNotVisibleException: element not visible
  (Session info: chrome=74.0.3729.157)
  (Driver info: chromedriver=2.35.528161 (5b82f2d2aae0ca24b877009200ced9065a772e73),platform=Windows NT 6.1.7601 SP1 x86_64) (WARNING: The server did not provide any stacktrace information)
Command duration or timeout: 0 milliseconds
Build info: version: '3.7.1', revision: '8a0099a', time: '2017-11-06T21:07:36.161Z'
System info: host: 'ARCADIER-PC', ip: '10.10.31.95', os.name: 'Windows 7', os.arch: 'amd64', os.version: '6.1', java.version: '1.8.0_102'
Driver info: com.kms.katalon.core.webui.driver.ExistingRemoteWebDriver
Capabilities {javascriptEnabled: true, platform: ANY, platformName: ANY}
Session ID: 2609dc86013a09d8daebbf33ac0c67a9)
[[ATTACHMENT|C:\\Users\\Arcadier\\git\\Arctick\\Reports\\Suites\\Admin Add Category\\20190520_082941\\1558313441018.png]]

2019-05-20 08:50:41 - [TEST_STEP][PASSED] - waitForPageLoad: Wait for page load successfully

2019-05-20 08:50:41 - [MESSAGE][WARNING] - Timeout '0' is invalid. Using default page load timeout: '30'

2019-05-20 08:50:41 - [MESSAGE][PASSED] - Wait for page load successfully

2019-05-20 08:50:41 - [TEST_STEP][PASSED] - click: Object: 'Object Repository/ADMIN/Categories/Category List/button_Add a Category' is clicked on

2019-05-20 08:50:41 - [MESSAGE][PASSED] - Object: 'Object Repository/ADMIN/Categories/Category List/button_Add a Category' is clicked on

2019-05-20 08:50:41 - [TEST_STEP][PASSED] - waitForElementPresent: Object 'Object Repository/ADMIN/Categories/Category/dropdown_Parent' is present

2019-05-20 08:50:41 - [MESSAGE][PASSED] - Object 'Object Repository/ADMIN/Categories/Category/dropdown_Parent' is present

2019-05-20 08:50:41 - [TEST_STEP][PASSED] - delay: Delayed 1 second(s)

2019-05-20 08:50:42 - [MESSAGE][PASSED] - Delayed 1 second(s)

2019-05-20 08:50:42 - [TEST_STEP][PASSED] - setText: Text 'Category 5.2.1' is set on object 'Object Repository/ADMIN/Categories/Category/textfield_Category Name'

2019-05-20 08:50:44 - [MESSAGE][PASSED] - Text 'Category 5.2.1' is set on object 'Object Repository/ADMIN/Categories/Category/textfield_Category Name'

2019-05-20 08:50:44 - [TEST_STEP][PASSED] - click: Object: 'Object Repository/ADMIN/Categories/Category/dropdown_Parent' is clicked on

2019-05-20 08:50:44 - [MESSAGE][PASSED] - Object: 'Object Repository/ADMIN/Categories/Category/dropdown_Parent' is clicked on

2019-05-20 08:50:44 - [TEST_STEP][PASSED] - delay: Delayed 2 second(s)

2019-05-20 08:50:46 - [MESSAGE][PASSED] - Delayed 2 second(s)

2019-05-20 08:50:46 - [TEST_STEP][PASSED] - click: Object: 'Object Repository/ADMIN/Categories/Category/dropdown_Parent' is clicked on

2019-05-20 08:50:46 - [MESSAGE][PASSED] - Object: 'Object Repository/ADMIN/Categories/Category/dropdown_Parent' is clicked on

2019-05-20 08:50:46 - [TEST_STEP][PASSED] - selectOptionByLabel: All options with label 'Category 5.2' are selected in object 'Object Repository/ADMIN/Categories/Category/dropdown_Parent' 

2019-05-20 08:50:46 - [MESSAGE][PASSED] - All options with label 'Category 5.2' are selected in object 'Object Repository/ADMIN/Categories/Category/dropdown_Parent' 

2019-05-20 08:50:46 - [TEST_STEP][PASSED] - click: Object: 'Object Repository/ADMIN/Categories/Category/button_Browse' is clicked on

2019-05-20 08:50:46 - [MESSAGE][PASSED] - Object: 'Object Repository/ADMIN/Categories/Category/button_Browse' is clicked on

2019-05-20 08:50:46 - [TEST_STEP][PASSED] - delay: Delayed 1 second(s)

2019-05-20 08:50:47 - [MESSAGE][PASSED] - Delayed 1 second(s)

2019-05-20 08:50:47 - [TEST_STEP][PASSED] - uploadFile: File 'C:\\Katalon\\Image\\pic2.jpg' sent to object: 'Object Repository/ADMIN/Categories/Category/image_input image'

2019-05-20 08:50:47 - [MESSAGE][PASSED] - File 'C:\\Katalon\\Image\\pic2.jpg' sent to object: 'Object Repository/ADMIN/Categories/Category/image_input image'

2019-05-20 08:50:47 - [TEST_STEP][PASSED] - waitForElementVisible: Object 'Object Repository/ADMIN/Categories/Category/button_upload check' is visible

2019-05-20 08:50:47 - [MESSAGE][WARNING] - Timeout '0' is invalid. Using default page load timeout: '30'

2019-05-20 08:50:47 - [MESSAGE][PASSED] - Object 'Object Repository/ADMIN/Categories/Category/button_upload check' is visible

2019-05-20 08:50:47 - [TEST_STEP][PASSED] - click: Object: 'Object Repository/ADMIN/Categories/Category/button_upload check' is clicked on

2019-05-20 08:50:47 - [MESSAGE][PASSED] - Object: 'Object Repository/ADMIN/Categories/Category/button_upload check' is clicked on

2019-05-20 08:50:47 - [TEST_STEP][PASSED] - click: Object: 'Object Repository/ADMIN/Categories/Category/button_upload save' is clicked on

2019-05-20 08:50:47 - [MESSAGE][PASSED] - Object: 'Object Repository/ADMIN/Categories/Category/button_upload save' is clicked on

2019-05-20 08:50:48 - [TEST_STEP][PASSED] - waitForElementVisible: Web element with id: 'Object Repository/ADMIN/Categories/Category/button_upload save' located by 'By.xpath: //a[@class = 'btn btn-warning download' and (text() = ' Add Photo' or . = ' Add Photo')]' not found

2019-05-20 08:50:48 - [MESSAGE][WARNING] - Timeout '0' is invalid. Using default page load timeout: '30'

2019-05-20 08:51:20 - [MESSAGE][WARNING] - Web element with id: 'Object Repository/ADMIN/Categories/Category/button_upload save' located by 'By.xpath: //a[@class = 'btn btn-warning download' and (text() = ' Add Photo' or . = ' Add Photo')]' not found

2019-05-20 08:51:20 - [TEST_STEP][PASSED] - setText: Text 'Description75' is set on object 'Object Repository/ADMIN/Categories/Category/textfield_category_description'

2019-05-20 08:51:20 - [MESSAGE][PASSED] - Text 'Description75' is set on object 'Object Repository/ADMIN/Categories/Category/textfield_category_description'

2019-05-20 08:51:20 - [TEST_STEP][PASSED] - click: Object: 'Object Repository/ADMIN/Categories/Category/button_Save' is clicked on

2019-05-20 08:51:21 - [MESSAGE][PASSED] - Object: 'Object Repository/ADMIN/Categories/Category/button_Save' is clicked on

2019-05-20 08:51:21 - [TEST_STEP][PASSED] - waitForElementVisible: Object 'Object Repository/ADMIN/Categories/Category/label_edit popup' is visible

2019-05-20 08:51:21 - [MESSAGE][WARNING] - Timeout '0' is invalid. Using default page load timeout: '30'

2019-05-20 08:51:21 - [MESSAGE][PASSED] - Object 'Object Repository/ADMIN/Categories/Category/label_edit popup' is visible

2019-05-20 08:51:21 - [TEST_STEP][PASSED] - waitForElementNotPresent: Web element with id: 'Object Repository/ADMIN/Categories/Category/label_edit popup' located by 'By.xpath: //div[(text() = 'Category was successfully saved.' or . = 'Category was successfully saved.')]' is not present after '30' second(s)

2019-05-20 08:51:21 - [MESSAGE][WARNING] - Timeout '0' is invalid. Using default page load timeout: '30'

2019-05-20 08:51:27 - [MESSAGE][PASSED] - Web element with id: 'Object Repository/ADMIN/Categories/Category/label_edit popup' located by 'By.xpath: //div[(text() = 'Category was successfully saved.' or . = 'Category was successfully saved.')]' is not present after '30' second(s)]]></system-out>
         <system-err><![CDATA[2019-05-20 08:50:40 - [TEST_CASE][FAILED] - Test Cases/ADMIN/Content Mgmt/Categories/Category Add-Edit/Add Category: Test Cases/ADMIN/Content Mgmt/Categories/Category Add-Edit/Add Category FAILED because (of) Unable to click on object 'Object Repository/ADMIN/Categories/Category List/button_Categories' (Root cause: org.openqa.selenium.ElementNotVisibleException: element not visible
  (Session info: chrome=74.0.3729.157)
  (Driver info: chromedriver=2.35.528161 (5b82f2d2aae0ca24b877009200ced9065a772e73),platform=Windows NT 6.1.7601 SP1 x86_64) (WARNING: The server did not provide any stacktrace information)
Command duration or timeout: 0 milliseconds
Build info: version: '3.7.1', revision: '8a0099a', time: '2017-11-06T21:07:36.161Z'
System info: host: 'ARCADIER-PC', ip: '10.10.31.95', os.name: 'Windows 7', os.arch: 'amd64', os.version: '6.1', java.version: '1.8.0_102'
Driver info: com.kms.katalon.core.webui.driver.ExistingRemoteWebDriver
Capabilities {javascriptEnabled: true, platform: ANY, platformName: ANY}
Session ID: 2609dc86013a09d8daebbf33ac0c67a9)]]></system-err>
      </testcase>
      <testcase name="Test Cases/ADMIN/Content Mgmt/Categories/Category Add-Edit/Add Category" classname="Test Cases/ADMIN/Content Mgmt/Categories/Category Add-Edit/Add Category" status="FAILED">
         <failure type="FAILED" message="Unable to click on object 'Object Repository/ADMIN/Categories/Category List/button_Categories' (Root cause: org.openqa.selenium.WebDriverException: unknown error: Element &lt;a href=&quot;/admin/categorymanager/index&quot;>...&lt;/a> is not clickable at point (129, 363). Other element would receive the click: &lt;a href=&quot;#&quot;>...&lt;/a>
  (Session info: chrome=74.0.3729.157)
  (Driver info: chromedriver=2.35.528161 (5b82f2d2aae0ca24b877009200ced9065a772e73),platform=Windows NT 6.1.7601 SP1 x86_64) (WARNING: The server did not provide any stacktrace information)
Command duration or timeout: 0 milliseconds
Build info: version: '3.7.1', revision: '8a0099a', time: '2017-11-06T21:07:36.161Z'
System info: host: 'ARCADIER-PC', ip: '10.10.31.95', os.name: 'Windows 7', os.arch: 'amd64', os.version: '6.1', java.version: '1.8.0_102'
Driver info: com.kms.katalon.core.webui.driver.ExistingRemoteWebDriver
Capabilities {javascriptEnabled: true, platform: ANY, platformName: ANY}
Session ID: 2609dc86013a09d8daebbf33ac0c67a9)"/>
         <system-out><![CDATA[2019-05-20 08:51:27 - [TEST_CASE][FAILED] - Test Cases/ADMIN/Content Mgmt/Categories/Category Add-Edit/Add Category: Test Cases/ADMIN/Content Mgmt/Categories/Category Add-Edit/Add Category FAILED because (of) Unable to click on object 'Object Repository/ADMIN/Categories/Category List/button_Categories' (Root cause: org.openqa.selenium.WebDriverException: unknown error: Element <a href="/admin/categorymanager/index">...</a> is not clickable at point (129, 363). Other element would receive the click: <a href="#">...</a>
  (Session info: chrome=74.0.3729.157)
  (Driver info: chromedriver=2.35.528161 (5b82f2d2aae0ca24b877009200ced9065a772e73),platform=Windows NT 6.1.7601 SP1 x86_64) (WARNING: The server did not provide any stacktrace information)
Command duration or timeout: 0 milliseconds
Build info: version: '3.7.1', revision: '8a0099a', time: '2017-11-06T21:07:36.161Z'
System info: host: 'ARCADIER-PC', ip: '10.10.31.95', os.name: 'Windows 7', os.arch: 'amd64', os.version: '6.1', java.version: '1.8.0_102'
Driver info: com.kms.katalon.core.webui.driver.ExistingRemoteWebDriver
Capabilities {javascriptEnabled: true, platform: ANY, platformName: ANY}
Session ID: 2609dc86013a09d8daebbf33ac0c67a9)

2019-05-20 08:51:27 - [TEST_STEP][PASSED] - waitForElementVisible: Object 'Object Repository/ADMIN/Categories/Category List/button_Content Mgmt' is visible

2019-05-20 08:51:27 - [MESSAGE][WARNING] - Timeout '0' is invalid. Using default page load timeout: '30'

2019-05-20 08:51:27 - [MESSAGE][PASSED] - Object 'Object Repository/ADMIN/Categories/Category List/button_Content Mgmt' is visible

2019-05-20 08:51:27 - [TEST_STEP][PASSED] - click: Object: 'Object Repository/ADMIN/Categories/Category List/button_Content Mgmt' is clicked on

2019-05-20 08:51:27 - [MESSAGE][PASSED] - Object: 'Object Repository/ADMIN/Categories/Category List/button_Content Mgmt' is clicked on

2019-05-20 08:51:27 - [TEST_STEP][PASSED] - waitForElementVisible: Object 'Object Repository/ADMIN/Categories/Category List/button_Categories' is visible

2019-05-20 08:51:27 - [MESSAGE][WARNING] - Timeout '0' is invalid. Using default page load timeout: '30'

2019-05-20 08:51:28 - [MESSAGE][PASSED] - Object 'Object Repository/ADMIN/Categories/Category List/button_Categories' is visible

2019-05-20 08:51:28 - [TEST_STEP][FAILED] - click: Unable to click on object 'Object Repository/ADMIN/Categories/Category List/button_Categories' (Root cause: org.openqa.selenium.WebDriverException: unknown error: Element <a href="/admin/categorymanager/index">...</a> is not clickable at point (129, 363). Other element would receive the click: <a href="#">...</a>
  (Session info: chrome=74.0.3729.157)
  (Driver info: chromedriver=2.35.528161 (5b82f2d2aae0ca24b877009200ced9065a772e73),platform=Windows NT 6.1.7601 SP1 x86_64) (WARNING: The server did not provide any stacktrace information)
Command duration or timeout: 0 milliseconds
Build info: version: '3.7.1', revision: '8a0099a', time: '2017-11-06T21:07:36.161Z'
System info: host: 'ARCADIER-PC', ip: '10.10.31.95', os.name: 'Windows 7', os.arch: 'amd64', os.version: '6.1', java.version: '1.8.0_102'
Driver info: com.kms.katalon.core.webui.driver.ExistingRemoteWebDriver
Capabilities {javascriptEnabled: true, platform: ANY, platformName: ANY}
Session ID: 2609dc86013a09d8daebbf33ac0c67a9)

2019-05-20 08:51:28 - [MESSAGE][FAILED] - Unable to click on object 'Object Repository/ADMIN/Categories/Category List/button_Categories' (Root cause: org.openqa.selenium.WebDriverException: unknown error: Element <a href="/admin/categorymanager/index">...</a> is not clickable at point (129, 363). Other element would receive the click: <a href="#">...</a>
  (Session info: chrome=74.0.3729.157)
  (Driver info: chromedriver=2.35.528161 (5b82f2d2aae0ca24b877009200ced9065a772e73),platform=Windows NT 6.1.7601 SP1 x86_64) (WARNING: The server did not provide any stacktrace information)
Command duration or timeout: 0 milliseconds
Build info: version: '3.7.1', revision: '8a0099a', time: '2017-11-06T21:07:36.161Z'
System info: host: 'ARCADIER-PC', ip: '10.10.31.95', os.name: 'Windows 7', os.arch: 'amd64', os.version: '6.1', java.version: '1.8.0_102'
Driver info: com.kms.katalon.core.webui.driver.ExistingRemoteWebDriver
Capabilities {javascriptEnabled: true, platform: ANY, platformName: ANY}
Session ID: 2609dc86013a09d8daebbf33ac0c67a9)
[[ATTACHMENT|C:\\Users\\Arcadier\\git\\Arctick\\Reports\\Suites\\Admin Add Category\\20190520_082941\\1558313488158.png]]

2019-05-20 08:51:28 - [TEST_STEP][PASSED] - waitForPageLoad: Wait for page load successfully

2019-05-20 08:51:28 - [MESSAGE][WARNING] - Timeout '0' is invalid. Using default page load timeout: '30'

2019-05-20 08:51:28 - [MESSAGE][PASSED] - Wait for page load successfully

2019-05-20 08:51:28 - [TEST_STEP][PASSED] - click: Object: 'Object Repository/ADMIN/Categories/Category List/button_Add a Category' is clicked on

2019-05-20 08:51:28 - [MESSAGE][PASSED] - Object: 'Object Repository/ADMIN/Categories/Category List/button_Add a Category' is clicked on

2019-05-20 08:51:28 - [TEST_STEP][PASSED] - waitForElementPresent: Object 'Object Repository/ADMIN/Categories/Category/dropdown_Parent' is present

2019-05-20 08:51:28 - [MESSAGE][PASSED] - Object 'Object Repository/ADMIN/Categories/Category/dropdown_Parent' is present

2019-05-20 08:51:28 - [TEST_STEP][PASSED] - delay: Delayed 1 second(s)

2019-05-20 08:51:29 - [MESSAGE][PASSED] - Delayed 1 second(s)

2019-05-20 08:51:29 - [TEST_STEP][PASSED] - setText: Text 'Category 5.2.2' is set on object 'Object Repository/ADMIN/Categories/Category/textfield_Category Name'

2019-05-20 08:51:30 - [MESSAGE][PASSED] - Text 'Category 5.2.2' is set on object 'Object Repository/ADMIN/Categories/Category/textfield_Category Name'

2019-05-20 08:51:30 - [TEST_STEP][PASSED] - click: Object: 'Object Repository/ADMIN/Categories/Category/dropdown_Parent' is clicked on

2019-05-20 08:51:30 - [MESSAGE][PASSED] - Object: 'Object Repository/ADMIN/Categories/Category/dropdown_Parent' is clicked on

2019-05-20 08:51:30 - [TEST_STEP][PASSED] - delay: Delayed 2 second(s)

2019-05-20 08:51:32 - [MESSAGE][PASSED] - Delayed 2 second(s)

2019-05-20 08:51:32 - [TEST_STEP][PASSED] - click: Object: 'Object Repository/ADMIN/Categories/Category/dropdown_Parent' is clicked on

2019-05-20 08:51:32 - [MESSAGE][PASSED] - Object: 'Object Repository/ADMIN/Categories/Category/dropdown_Parent' is clicked on

2019-05-20 08:51:32 - [TEST_STEP][PASSED] - selectOptionByLabel: All options with label 'Category 5.2' are selected in object 'Object Repository/ADMIN/Categories/Category/dropdown_Parent' 

2019-05-20 08:51:32 - [MESSAGE][PASSED] - All options with label 'Category 5.2' are selected in object 'Object Repository/ADMIN/Categories/Category/dropdown_Parent' 

2019-05-20 08:51:32 - [TEST_STEP][PASSED] - click: Object: 'Object Repository/ADMIN/Categories/Category/button_Browse' is clicked on

2019-05-20 08:51:33 - [MESSAGE][PASSED] - Object: 'Object Repository/ADMIN/Categories/Category/button_Browse' is clicked on

2019-05-20 08:51:33 - [TEST_STEP][PASSED] - delay: Delayed 1 second(s)

2019-05-20 08:51:34 - [MESSAGE][PASSED] - Delayed 1 second(s)

2019-05-20 08:51:34 - [TEST_STEP][PASSED] - uploadFile: File 'C:\\Katalon\\Image\\pic3.jpg' sent to object: 'Object Repository/ADMIN/Categories/Category/image_input image'

2019-05-20 08:51:34 - [MESSAGE][PASSED] - File 'C:\\Katalon\\Image\\pic3.jpg' sent to object: 'Object Repository/ADMIN/Categories/Category/image_input image'

2019-05-20 08:51:34 - [TEST_STEP][PASSED] - waitForElementVisible: Object 'Object Repository/ADMIN/Categories/Category/button_upload check' is visible

2019-05-20 08:51:34 - [MESSAGE][WARNING] - Timeout '0' is invalid. Using default page load timeout: '30'

2019-05-20 08:51:34 - [MESSAGE][PASSED] - Object 'Object Repository/ADMIN/Categories/Category/button_upload check' is visible

2019-05-20 08:51:34 - [TEST_STEP][PASSED] - click: Object: 'Object Repository/ADMIN/Categories/Category/button_upload check' is clicked on

2019-05-20 08:51:34 - [MESSAGE][PASSED] - Object: 'Object Repository/ADMIN/Categories/Category/button_upload check' is clicked on

2019-05-20 08:51:34 - [TEST_STEP][PASSED] - click: Object: 'Object Repository/ADMIN/Categories/Category/button_upload save' is clicked on

2019-05-20 08:51:35 - [MESSAGE][PASSED] - Object: 'Object Repository/ADMIN/Categories/Category/button_upload save' is clicked on

2019-05-20 08:51:35 - [TEST_STEP][PASSED] - waitForElementVisible: Object 'Object Repository/ADMIN/Categories/Category/button_upload save' is visible

2019-05-20 08:51:35 - [MESSAGE][WARNING] - Timeout '0' is invalid. Using default page load timeout: '30'

2019-05-20 08:51:35 - [MESSAGE][PASSED] - Object 'Object Repository/ADMIN/Categories/Category/button_upload save' is visible

2019-05-20 08:51:35 - [TEST_STEP][PASSED] - setText: Text 'Description76' is set on object 'Object Repository/ADMIN/Categories/Category/textfield_category_description'

2019-05-20 08:51:35 - [MESSAGE][PASSED] - Text 'Description76' is set on object 'Object Repository/ADMIN/Categories/Category/textfield_category_description'

2019-05-20 08:51:35 - [TEST_STEP][PASSED] - click: Object: 'Object Repository/ADMIN/Categories/Category/button_Save' is clicked on

2019-05-20 08:51:37 - [MESSAGE][PASSED] - Object: 'Object Repository/ADMIN/Categories/Category/button_Save' is clicked on

2019-05-20 08:51:37 - [TEST_STEP][PASSED] - waitForElementVisible: Object 'Object Repository/ADMIN/Categories/Category/label_edit popup' is visible

2019-05-20 08:51:37 - [MESSAGE][WARNING] - Timeout '0' is invalid. Using default page load timeout: '30'

2019-05-20 08:51:37 - [MESSAGE][PASSED] - Object 'Object Repository/ADMIN/Categories/Category/label_edit popup' is visible

2019-05-20 08:51:37 - [TEST_STEP][PASSED] - waitForElementNotPresent: Web element with id: 'Object Repository/ADMIN/Categories/Category/label_edit popup' located by 'By.xpath: //div[(text() = 'Category was successfully saved.' or . = 'Category was successfully saved.')]' is not present after '30' second(s)

2019-05-20 08:51:37 - [MESSAGE][WARNING] - Timeout '0' is invalid. Using default page load timeout: '30'

2019-05-20 08:51:43 - [MESSAGE][PASSED] - Web element with id: 'Object Repository/ADMIN/Categories/Category/label_edit popup' located by 'By.xpath: //div[(text() = 'Category was successfully saved.' or . = 'Category was successfully saved.')]' is not present after '30' second(s)]]></system-out>
         <system-err><![CDATA[2019-05-20 08:51:27 - [TEST_CASE][FAILED] - Test Cases/ADMIN/Content Mgmt/Categories/Category Add-Edit/Add Category: Test Cases/ADMIN/Content Mgmt/Categories/Category Add-Edit/Add Category FAILED because (of) Unable to click on object 'Object Repository/ADMIN/Categories/Category List/button_Categories' (Root cause: org.openqa.selenium.WebDriverException: unknown error: Element <a href="/admin/categorymanager/index">...</a> is not clickable at point (129, 363). Other element would receive the click: <a href="#">...</a>
  (Session info: chrome=74.0.3729.157)
  (Driver info: chromedriver=2.35.528161 (5b82f2d2aae0ca24b877009200ced9065a772e73),platform=Windows NT 6.1.7601 SP1 x86_64) (WARNING: The server did not provide any stacktrace information)
Command duration or timeout: 0 milliseconds
Build info: version: '3.7.1', revision: '8a0099a', time: '2017-11-06T21:07:36.161Z'
System info: host: 'ARCADIER-PC', ip: '10.10.31.95', os.name: 'Windows 7', os.arch: 'amd64', os.version: '6.1', java.version: '1.8.0_102'
Driver info: com.kms.katalon.core.webui.driver.ExistingRemoteWebDriver
Capabilities {javascriptEnabled: true, platform: ANY, platformName: ANY}
Session ID: 2609dc86013a09d8daebbf33ac0c67a9)]]></system-err>
      </testcase>
      <testcase name="Test Cases/ADMIN/Content Mgmt/Categories/Category Add-Edit/Add Category" classname="Test Cases/ADMIN/Content Mgmt/Categories/Category Add-Edit/Add Category" status="FAILED">
         <failure type="FAILED" message="Unable to wait for object 'Object Repository/ADMIN/Categories/Category/button_upload save' to be visible (Root cause: org.openqa.selenium.StaleElementReferenceException: stale element reference: element is not attached to the page document
  (Session info: chrome=74.0.3729.157)
  (Driver info: chromedriver=2.35.528161 (5b82f2d2aae0ca24b877009200ced9065a772e73),platform=Windows NT 6.1.7601 SP1 x86_64) (WARNING: The server did not provide any stacktrace information)
Command duration or timeout: 0 milliseconds
For documentation on this error, please visit: http://seleniumhq.org/exceptions/stale_element_reference.html
Build info: version: '3.7.1', revision: '8a0099a', time: '2017-11-06T21:07:36.161Z'
System info: host: 'ARCADIER-PC', ip: '10.10.31.95', os.name: 'Windows 7', os.arch: 'amd64', os.version: '6.1', java.version: '1.8.0_102'
Driver info: com.kms.katalon.core.webui.driver.ExistingRemoteWebDriver
Capabilities {javascriptEnabled: true, platform: ANY, platformName: ANY}
Session ID: 2609dc86013a09d8daebbf33ac0c67a9)"/>
         <system-out><![CDATA[2019-05-20 08:51:44 - [TEST_CASE][FAILED] - Test Cases/ADMIN/Content Mgmt/Categories/Category Add-Edit/Add Category: Test Cases/ADMIN/Content Mgmt/Categories/Category Add-Edit/Add Category FAILED because (of) Unable to wait for object 'Object Repository/ADMIN/Categories/Category/button_upload save' to be visible (Root cause: org.openqa.selenium.StaleElementReferenceException: stale element reference: element is not attached to the page document
  (Session info: chrome=74.0.3729.157)
  (Driver info: chromedriver=2.35.528161 (5b82f2d2aae0ca24b877009200ced9065a772e73),platform=Windows NT 6.1.7601 SP1 x86_64) (WARNING: The server did not provide any stacktrace information)
Command duration or timeout: 0 milliseconds
For documentation on this error, please visit: http://seleniumhq.org/exceptions/stale_element_reference.html
Build info: version: '3.7.1', revision: '8a0099a', time: '2017-11-06T21:07:36.161Z'
System info: host: 'ARCADIER-PC', ip: '10.10.31.95', os.name: 'Windows 7', os.arch: 'amd64', os.version: '6.1', java.version: '1.8.0_102'
Driver info: com.kms.katalon.core.webui.driver.ExistingRemoteWebDriver
Capabilities {javascriptEnabled: true, platform: ANY, platformName: ANY}
Session ID: 2609dc86013a09d8daebbf33ac0c67a9)

2019-05-20 08:51:44 - [TEST_STEP][PASSED] - waitForElementVisible: Object 'Object Repository/ADMIN/Categories/Category List/button_Content Mgmt' is visible

2019-05-20 08:51:44 - [MESSAGE][WARNING] - Timeout '0' is invalid. Using default page load timeout: '30'

2019-05-20 08:51:44 - [MESSAGE][PASSED] - Object 'Object Repository/ADMIN/Categories/Category List/button_Content Mgmt' is visible

2019-05-20 08:51:44 - [TEST_STEP][PASSED] - click: Object: 'Object Repository/ADMIN/Categories/Category List/button_Content Mgmt' is clicked on

2019-05-20 08:51:44 - [MESSAGE][PASSED] - Object: 'Object Repository/ADMIN/Categories/Category List/button_Content Mgmt' is clicked on

2019-05-20 08:51:44 - [TEST_STEP][PASSED] - waitForElementVisible: Object 'Object Repository/ADMIN/Categories/Category List/button_Categories' is visible

2019-05-20 08:51:44 - [MESSAGE][WARNING] - Timeout '0' is invalid. Using default page load timeout: '30'

2019-05-20 08:51:44 - [MESSAGE][PASSED] - Object 'Object Repository/ADMIN/Categories/Category List/button_Categories' is visible

2019-05-20 08:51:44 - [TEST_STEP][PASSED] - click: Object: 'Object Repository/ADMIN/Categories/Category List/button_Categories' is clicked on

2019-05-20 08:51:45 - [MESSAGE][PASSED] - Object: 'Object Repository/ADMIN/Categories/Category List/button_Categories' is clicked on

2019-05-20 08:51:45 - [TEST_STEP][PASSED] - waitForPageLoad: Wait for page load successfully

2019-05-20 08:51:45 - [MESSAGE][WARNING] - Timeout '0' is invalid. Using default page load timeout: '30'

2019-05-20 08:51:45 - [MESSAGE][PASSED] - Wait for page load successfully

2019-05-20 08:51:45 - [TEST_STEP][PASSED] - click: Object: 'Object Repository/ADMIN/Categories/Category List/button_Add a Category' is clicked on

2019-05-20 08:51:45 - [MESSAGE][PASSED] - Object: 'Object Repository/ADMIN/Categories/Category List/button_Add a Category' is clicked on

2019-05-20 08:51:45 - [TEST_STEP][PASSED] - waitForElementPresent: Object 'Object Repository/ADMIN/Categories/Category/dropdown_Parent' is present

2019-05-20 08:51:45 - [MESSAGE][PASSED] - Object 'Object Repository/ADMIN/Categories/Category/dropdown_Parent' is present

2019-05-20 08:51:45 - [TEST_STEP][PASSED] - delay: Delayed 1 second(s)

2019-05-20 08:51:46 - [MESSAGE][PASSED] - Delayed 1 second(s)

2019-05-20 08:51:46 - [TEST_STEP][PASSED] - setText: Text 'Category 5.2.3' is set on object 'Object Repository/ADMIN/Categories/Category/textfield_Category Name'

2019-05-20 08:51:48 - [MESSAGE][PASSED] - Text 'Category 5.2.3' is set on object 'Object Repository/ADMIN/Categories/Category/textfield_Category Name'

2019-05-20 08:51:48 - [TEST_STEP][PASSED] - click: Object: 'Object Repository/ADMIN/Categories/Category/dropdown_Parent' is clicked on

2019-05-20 08:51:48 - [MESSAGE][PASSED] - Object: 'Object Repository/ADMIN/Categories/Category/dropdown_Parent' is clicked on

2019-05-20 08:51:48 - [TEST_STEP][PASSED] - delay: Delayed 2 second(s)

2019-05-20 08:51:50 - [MESSAGE][PASSED] - Delayed 2 second(s)

2019-05-20 08:51:50 - [TEST_STEP][PASSED] - click: Object: 'Object Repository/ADMIN/Categories/Category/dropdown_Parent' is clicked on

2019-05-20 08:51:50 - [MESSAGE][PASSED] - Object: 'Object Repository/ADMIN/Categories/Category/dropdown_Parent' is clicked on

2019-05-20 08:51:50 - [TEST_STEP][PASSED] - selectOptionByLabel: All options with label 'Category 5.2' are selected in object 'Object Repository/ADMIN/Categories/Category/dropdown_Parent' 

2019-05-20 08:51:50 - [MESSAGE][PASSED] - All options with label 'Category 5.2' are selected in object 'Object Repository/ADMIN/Categories/Category/dropdown_Parent' 

2019-05-20 08:51:50 - [TEST_STEP][PASSED] - click: Object: 'Object Repository/ADMIN/Categories/Category/button_Browse' is clicked on

2019-05-20 08:51:50 - [MESSAGE][PASSED] - Object: 'Object Repository/ADMIN/Categories/Category/button_Browse' is clicked on

2019-05-20 08:51:50 - [TEST_STEP][PASSED] - delay: Delayed 1 second(s)

2019-05-20 08:51:51 - [MESSAGE][PASSED] - Delayed 1 second(s)

2019-05-20 08:51:51 - [TEST_STEP][PASSED] - uploadFile: File 'C:\\Katalon\\Image\\pic4.jpg' sent to object: 'Object Repository/ADMIN/Categories/Category/image_input image'

2019-05-20 08:51:51 - [MESSAGE][PASSED] - File 'C:\\Katalon\\Image\\pic4.jpg' sent to object: 'Object Repository/ADMIN/Categories/Category/image_input image'

2019-05-20 08:51:51 - [TEST_STEP][PASSED] - waitForElementVisible: Object 'Object Repository/ADMIN/Categories/Category/button_upload check' is visible

2019-05-20 08:51:51 - [MESSAGE][WARNING] - Timeout '0' is invalid. Using default page load timeout: '30'

2019-05-20 08:51:51 - [MESSAGE][PASSED] - Object 'Object Repository/ADMIN/Categories/Category/button_upload check' is visible

2019-05-20 08:51:51 - [TEST_STEP][PASSED] - click: Object: 'Object Repository/ADMIN/Categories/Category/button_upload check' is clicked on

2019-05-20 08:51:51 - [MESSAGE][PASSED] - Object: 'Object Repository/ADMIN/Categories/Category/button_upload check' is clicked on

2019-05-20 08:51:51 - [TEST_STEP][PASSED] - click: Object: 'Object Repository/ADMIN/Categories/Category/button_upload save' is clicked on

2019-05-20 08:51:52 - [MESSAGE][PASSED] - Object: 'Object Repository/ADMIN/Categories/Category/button_upload save' is clicked on

2019-05-20 08:51:52 - [TEST_STEP][FAILED] - waitForElementVisible: Unable to wait for object 'Object Repository/ADMIN/Categories/Category/button_upload save' to be visible (Root cause: org.openqa.selenium.StaleElementReferenceException: stale element reference: element is not attached to the page document
  (Session info: chrome=74.0.3729.157)
  (Driver info: chromedriver=2.35.528161 (5b82f2d2aae0ca24b877009200ced9065a772e73),platform=Windows NT 6.1.7601 SP1 x86_64) (WARNING: The server did not provide any stacktrace information)
Command duration or timeout: 0 milliseconds
For documentation on this error, please visit: http://seleniumhq.org/exceptions/stale_element_reference.html
Build info: version: '3.7.1', revision: '8a0099a', time: '2017-11-06T21:07:36.161Z'
System info: host: 'ARCADIER-PC', ip: '10.10.31.95', os.name: 'Windows 7', os.arch: 'amd64', os.version: '6.1', java.version: '1.8.0_102'
Driver info: com.kms.katalon.core.webui.driver.ExistingRemoteWebDriver
Capabilities {javascriptEnabled: true, platform: ANY, platformName: ANY}
Session ID: 2609dc86013a09d8daebbf33ac0c67a9)

2019-05-20 08:51:52 - [MESSAGE][WARNING] - Timeout '0' is invalid. Using default page load timeout: '30'

2019-05-20 08:51:53 - [MESSAGE][FAILED] - Unable to wait for object 'Object Repository/ADMIN/Categories/Category/button_upload save' to be visible (Root cause: org.openqa.selenium.StaleElementReferenceException: stale element reference: element is not attached to the page document
  (Session info: chrome=74.0.3729.157)
  (Driver info: chromedriver=2.35.528161 (5b82f2d2aae0ca24b877009200ced9065a772e73),platform=Windows NT 6.1.7601 SP1 x86_64) (WARNING: The server did not provide any stacktrace information)
Command duration or timeout: 0 milliseconds
For documentation on this error, please visit: http://seleniumhq.org/exceptions/stale_element_reference.html
Build info: version: '3.7.1', revision: '8a0099a', time: '2017-11-06T21:07:36.161Z'
System info: host: 'ARCADIER-PC', ip: '10.10.31.95', os.name: 'Windows 7', os.arch: 'amd64', os.version: '6.1', java.version: '1.8.0_102'
Driver info: com.kms.katalon.core.webui.driver.ExistingRemoteWebDriver
Capabilities {javascriptEnabled: true, platform: ANY, platformName: ANY}
Session ID: 2609dc86013a09d8daebbf33ac0c67a9)
[[ATTACHMENT|C:\\Users\\Arcadier\\git\\Arctick\\Reports\\Suites\\Admin Add Category\\20190520_082941\\1558313513154.png]]

2019-05-20 08:51:54 - [TEST_STEP][PASSED] - setText: Text 'Description77' is set on object 'Object Repository/ADMIN/Categories/Category/textfield_category_description'

2019-05-20 08:51:55 - [MESSAGE][PASSED] - Text 'Description77' is set on object 'Object Repository/ADMIN/Categories/Category/textfield_category_description'

2019-05-20 08:51:55 - [TEST_STEP][PASSED] - click: Object: 'Object Repository/ADMIN/Categories/Category/button_Save' is clicked on

2019-05-20 08:51:55 - [MESSAGE][PASSED] - Object: 'Object Repository/ADMIN/Categories/Category/button_Save' is clicked on

2019-05-20 08:51:55 - [TEST_STEP][PASSED] - waitForElementVisible: Object 'Object Repository/ADMIN/Categories/Category/label_edit popup' is visible

2019-05-20 08:51:55 - [MESSAGE][WARNING] - Timeout '0' is invalid. Using default page load timeout: '30'

2019-05-20 08:51:56 - [MESSAGE][PASSED] - Object 'Object Repository/ADMIN/Categories/Category/label_edit popup' is visible

2019-05-20 08:51:56 - [TEST_STEP][PASSED] - waitForElementNotPresent: Web element with id: 'Object Repository/ADMIN/Categories/Category/label_edit popup' located by 'By.xpath: //div[(text() = 'Category was successfully saved.' or . = 'Category was successfully saved.')]' is not present after '30' second(s)

2019-05-20 08:51:56 - [MESSAGE][WARNING] - Timeout '0' is invalid. Using default page load timeout: '30'

2019-05-20 08:52:01 - [MESSAGE][PASSED] - Web element with id: 'Object Repository/ADMIN/Categories/Category/label_edit popup' located by 'By.xpath: //div[(text() = 'Category was successfully saved.' or . = 'Category was successfully saved.')]' is not present after '30' second(s)]]></system-out>
         <system-err><![CDATA[2019-05-20 08:51:44 - [TEST_CASE][FAILED] - Test Cases/ADMIN/Content Mgmt/Categories/Category Add-Edit/Add Category: Test Cases/ADMIN/Content Mgmt/Categories/Category Add-Edit/Add Category FAILED because (of) Unable to wait for object 'Object Repository/ADMIN/Categories/Category/button_upload save' to be visible (Root cause: org.openqa.selenium.StaleElementReferenceException: stale element reference: element is not attached to the page document
  (Session info: chrome=74.0.3729.157)
  (Driver info: chromedriver=2.35.528161 (5b82f2d2aae0ca24b877009200ced9065a772e73),platform=Windows NT 6.1.7601 SP1 x86_64) (WARNING: The server did not provide any stacktrace information)
Command duration or timeout: 0 milliseconds
For documentation on this error, please visit: http://seleniumhq.org/exceptions/stale_element_reference.html
Build info: version: '3.7.1', revision: '8a0099a', time: '2017-11-06T21:07:36.161Z'
System info: host: 'ARCADIER-PC', ip: '10.10.31.95', os.name: 'Windows 7', os.arch: 'amd64', os.version: '6.1', java.version: '1.8.0_102'
Driver info: com.kms.katalon.core.webui.driver.ExistingRemoteWebDriver
Capabilities {javascriptEnabled: true, platform: ANY, platformName: ANY}
Session ID: 2609dc86013a09d8daebbf33ac0c67a9)]]></system-err>
      </testcase>
      <testcase name="Test Cases/ADMIN/Content Mgmt/Categories/Category Add-Edit/Add Category" classname="Test Cases/ADMIN/Content Mgmt/Categories/Category Add-Edit/Add Category" status="FAILED">
         <failure type="FAILED" message="Unable to click on object 'Object Repository/ADMIN/Categories/Category List/button_Categories' (Root cause: org.openqa.selenium.ElementNotVisibleException: element not visible
  (Session info: chrome=74.0.3729.157)
  (Driver info: chromedriver=2.35.528161 (5b82f2d2aae0ca24b877009200ced9065a772e73),platform=Windows NT 6.1.7601 SP1 x86_64) (WARNING: The server did not provide any stacktrace information)
Command duration or timeout: 0 milliseconds
Build info: version: '3.7.1', revision: '8a0099a', time: '2017-11-06T21:07:36.161Z'
System info: host: 'ARCADIER-PC', ip: '10.10.31.95', os.name: 'Windows 7', os.arch: 'amd64', os.version: '6.1', java.version: '1.8.0_102'
Driver info: com.kms.katalon.core.webui.driver.ExistingRemoteWebDriver
Capabilities {javascriptEnabled: true, platform: ANY, platformName: ANY}
Session ID: 2609dc86013a09d8daebbf33ac0c67a9)"/>
         <system-out><![CDATA[2019-05-20 08:52:01 - [TEST_CASE][FAILED] - Test Cases/ADMIN/Content Mgmt/Categories/Category Add-Edit/Add Category: Test Cases/ADMIN/Content Mgmt/Categories/Category Add-Edit/Add Category FAILED because (of) Unable to click on object 'Object Repository/ADMIN/Categories/Category List/button_Categories' (Root cause: org.openqa.selenium.ElementNotVisibleException: element not visible
  (Session info: chrome=74.0.3729.157)
  (Driver info: chromedriver=2.35.528161 (5b82f2d2aae0ca24b877009200ced9065a772e73),platform=Windows NT 6.1.7601 SP1 x86_64) (WARNING: The server did not provide any stacktrace information)
Command duration or timeout: 0 milliseconds
Build info: version: '3.7.1', revision: '8a0099a', time: '2017-11-06T21:07:36.161Z'
System info: host: 'ARCADIER-PC', ip: '10.10.31.95', os.name: 'Windows 7', os.arch: 'amd64', os.version: '6.1', java.version: '1.8.0_102'
Driver info: com.kms.katalon.core.webui.driver.ExistingRemoteWebDriver
Capabilities {javascriptEnabled: true, platform: ANY, platformName: ANY}
Session ID: 2609dc86013a09d8daebbf33ac0c67a9)

2019-05-20 08:52:01 - [TEST_STEP][PASSED] - waitForElementVisible: Object 'Object Repository/ADMIN/Categories/Category List/button_Content Mgmt' is visible

2019-05-20 08:52:01 - [MESSAGE][WARNING] - Timeout '0' is invalid. Using default page load timeout: '30'

2019-05-20 08:52:01 - [MESSAGE][PASSED] - Object 'Object Repository/ADMIN/Categories/Category List/button_Content Mgmt' is visible

2019-05-20 08:52:01 - [TEST_STEP][PASSED] - click: Object: 'Object Repository/ADMIN/Categories/Category List/button_Content Mgmt' is clicked on

2019-05-20 08:52:02 - [MESSAGE][PASSED] - Object: 'Object Repository/ADMIN/Categories/Category List/button_Content Mgmt' is clicked on

2019-05-20 08:52:02 - [TEST_STEP][PASSED] - waitForElementVisible: Object 'Object Repository/ADMIN/Categories/Category List/button_Categories' is visible

2019-05-20 08:52:02 - [MESSAGE][WARNING] - Timeout '0' is invalid. Using default page load timeout: '30'

2019-05-20 08:52:02 - [MESSAGE][PASSED] - Object 'Object Repository/ADMIN/Categories/Category List/button_Categories' is visible

2019-05-20 08:52:02 - [TEST_STEP][FAILED] - click: Unable to click on object 'Object Repository/ADMIN/Categories/Category List/button_Categories' (Root cause: org.openqa.selenium.ElementNotVisibleException: element not visible
  (Session info: chrome=74.0.3729.157)
  (Driver info: chromedriver=2.35.528161 (5b82f2d2aae0ca24b877009200ced9065a772e73),platform=Windows NT 6.1.7601 SP1 x86_64) (WARNING: The server did not provide any stacktrace information)
Command duration or timeout: 0 milliseconds
Build info: version: '3.7.1', revision: '8a0099a', time: '2017-11-06T21:07:36.161Z'
System info: host: 'ARCADIER-PC', ip: '10.10.31.95', os.name: 'Windows 7', os.arch: 'amd64', os.version: '6.1', java.version: '1.8.0_102'
Driver info: com.kms.katalon.core.webui.driver.ExistingRemoteWebDriver
Capabilities {javascriptEnabled: true, platform: ANY, platformName: ANY}
Session ID: 2609dc86013a09d8daebbf33ac0c67a9)

2019-05-20 08:52:03 - [MESSAGE][FAILED] - Unable to click on object 'Object Repository/ADMIN/Categories/Category List/button_Categories' (Root cause: org.openqa.selenium.ElementNotVisibleException: element not visible
  (Session info: chrome=74.0.3729.157)
  (Driver info: chromedriver=2.35.528161 (5b82f2d2aae0ca24b877009200ced9065a772e73),platform=Windows NT 6.1.7601 SP1 x86_64) (WARNING: The server did not provide any stacktrace information)
Command duration or timeout: 0 milliseconds
Build info: version: '3.7.1', revision: '8a0099a', time: '2017-11-06T21:07:36.161Z'
System info: host: 'ARCADIER-PC', ip: '10.10.31.95', os.name: 'Windows 7', os.arch: 'amd64', os.version: '6.1', java.version: '1.8.0_102'
Driver info: com.kms.katalon.core.webui.driver.ExistingRemoteWebDriver
Capabilities {javascriptEnabled: true, platform: ANY, platformName: ANY}
Session ID: 2609dc86013a09d8daebbf33ac0c67a9)
[[ATTACHMENT|C:\\Users\\Arcadier\\git\\Arctick\\Reports\\Suites\\Admin Add Category\\20190520_082941\\1558313522394.png]]

2019-05-20 08:52:03 - [TEST_STEP][PASSED] - waitForPageLoad: Wait for page load successfully

2019-05-20 08:52:03 - [MESSAGE][WARNING] - Timeout '0' is invalid. Using default page load timeout: '30'

2019-05-20 08:52:03 - [MESSAGE][PASSED] - Wait for page load successfully

2019-05-20 08:52:03 - [TEST_STEP][PASSED] - click: Object: 'Object Repository/ADMIN/Categories/Category List/button_Add a Category' is clicked on

2019-05-20 08:52:03 - [MESSAGE][PASSED] - Object: 'Object Repository/ADMIN/Categories/Category List/button_Add a Category' is clicked on

2019-05-20 08:52:03 - [TEST_STEP][PASSED] - waitForElementPresent: Object 'Object Repository/ADMIN/Categories/Category/dropdown_Parent' is present

2019-05-20 08:52:03 - [MESSAGE][PASSED] - Object 'Object Repository/ADMIN/Categories/Category/dropdown_Parent' is present

2019-05-20 08:52:03 - [TEST_STEP][PASSED] - delay: Delayed 1 second(s)

2019-05-20 08:52:04 - [MESSAGE][PASSED] - Delayed 1 second(s)

2019-05-20 08:52:04 - [TEST_STEP][PASSED] - setText: Text 'Category 5.3' is set on object 'Object Repository/ADMIN/Categories/Category/textfield_Category Name'

2019-05-20 08:52:05 - [MESSAGE][PASSED] - Text 'Category 5.3' is set on object 'Object Repository/ADMIN/Categories/Category/textfield_Category Name'

2019-05-20 08:52:05 - [TEST_STEP][PASSED] - click: Object: 'Object Repository/ADMIN/Categories/Category/dropdown_Parent' is clicked on

2019-05-20 08:52:05 - [MESSAGE][PASSED] - Object: 'Object Repository/ADMIN/Categories/Category/dropdown_Parent' is clicked on

2019-05-20 08:52:05 - [TEST_STEP][PASSED] - delay: Delayed 2 second(s)

2019-05-20 08:52:07 - [MESSAGE][PASSED] - Delayed 2 second(s)

2019-05-20 08:52:07 - [TEST_STEP][PASSED] - click: Object: 'Object Repository/ADMIN/Categories/Category/dropdown_Parent' is clicked on

2019-05-20 08:52:07 - [MESSAGE][PASSED] - Object: 'Object Repository/ADMIN/Categories/Category/dropdown_Parent' is clicked on

2019-05-20 08:52:07 - [TEST_STEP][PASSED] - selectOptionByLabel: All options with label 'Category 5' are selected in object 'Object Repository/ADMIN/Categories/Category/dropdown_Parent' 

2019-05-20 08:52:07 - [MESSAGE][PASSED] - All options with label 'Category 5' are selected in object 'Object Repository/ADMIN/Categories/Category/dropdown_Parent' 

2019-05-20 08:52:07 - [TEST_STEP][PASSED] - click: Object: 'Object Repository/ADMIN/Categories/Category/button_Browse' is clicked on

2019-05-20 08:52:07 - [MESSAGE][PASSED] - Object: 'Object Repository/ADMIN/Categories/Category/button_Browse' is clicked on

2019-05-20 08:52:07 - [TEST_STEP][PASSED] - delay: Delayed 1 second(s)

2019-05-20 08:52:08 - [MESSAGE][PASSED] - Delayed 1 second(s)

2019-05-20 08:52:08 - [TEST_STEP][PASSED] - uploadFile: File 'C:\\Katalon\\Image\\pic5.jpg' sent to object: 'Object Repository/ADMIN/Categories/Category/image_input image'

2019-05-20 08:52:08 - [MESSAGE][PASSED] - File 'C:\\Katalon\\Image\\pic5.jpg' sent to object: 'Object Repository/ADMIN/Categories/Category/image_input image'

2019-05-20 08:52:08 - [TEST_STEP][PASSED] - waitForElementVisible: Object 'Object Repository/ADMIN/Categories/Category/button_upload check' is visible

2019-05-20 08:52:08 - [MESSAGE][WARNING] - Timeout '0' is invalid. Using default page load timeout: '30'

2019-05-20 08:52:08 - [MESSAGE][PASSED] - Object 'Object Repository/ADMIN/Categories/Category/button_upload check' is visible

2019-05-20 08:52:08 - [TEST_STEP][PASSED] - click: Object: 'Object Repository/ADMIN/Categories/Category/button_upload check' is clicked on

2019-05-20 08:52:09 - [MESSAGE][PASSED] - Object: 'Object Repository/ADMIN/Categories/Category/button_upload check' is clicked on

2019-05-20 08:52:09 - [TEST_STEP][PASSED] - click: Object: 'Object Repository/ADMIN/Categories/Category/button_upload save' is clicked on

2019-05-20 08:52:09 - [MESSAGE][PASSED] - Object: 'Object Repository/ADMIN/Categories/Category/button_upload save' is clicked on

2019-05-20 08:52:09 - [TEST_STEP][FAILED] - waitForElementVisible: Unable to wait for object 'Object Repository/ADMIN/Categories/Category/button_upload save' to be visible (Root cause: org.openqa.selenium.StaleElementReferenceException: stale element reference: element is not attached to the page document
  (Session info: chrome=74.0.3729.157)
  (Driver info: chromedriver=2.35.528161 (5b82f2d2aae0ca24b877009200ced9065a772e73),platform=Windows NT 6.1.7601 SP1 x86_64) (WARNING: The server did not provide any stacktrace information)
Command duration or timeout: 0 milliseconds
For documentation on this error, please visit: http://seleniumhq.org/exceptions/stale_element_reference.html
Build info: version: '3.7.1', revision: '8a0099a', time: '2017-11-06T21:07:36.161Z'
System info: host: 'ARCADIER-PC', ip: '10.10.31.95', os.name: 'Windows 7', os.arch: 'amd64', os.version: '6.1', java.version: '1.8.0_102'
Driver info: com.kms.katalon.core.webui.driver.ExistingRemoteWebDriver
Capabilities {javascriptEnabled: true, platform: ANY, platformName: ANY}
Session ID: 2609dc86013a09d8daebbf33ac0c67a9)

2019-05-20 08:52:09 - [MESSAGE][WARNING] - Timeout '0' is invalid. Using default page load timeout: '30'

2019-05-20 08:52:10 - [MESSAGE][FAILED] - Unable to wait for object 'Object Repository/ADMIN/Categories/Category/button_upload save' to be visible (Root cause: org.openqa.selenium.StaleElementReferenceException: stale element reference: element is not attached to the page document
  (Session info: chrome=74.0.3729.157)
  (Driver info: chromedriver=2.35.528161 (5b82f2d2aae0ca24b877009200ced9065a772e73),platform=Windows NT 6.1.7601 SP1 x86_64) (WARNING: The server did not provide any stacktrace information)
Command duration or timeout: 0 milliseconds
For documentation on this error, please visit: http://seleniumhq.org/exceptions/stale_element_reference.html
Build info: version: '3.7.1', revision: '8a0099a', time: '2017-11-06T21:07:36.161Z'
System info: host: 'ARCADIER-PC', ip: '10.10.31.95', os.name: 'Windows 7', os.arch: 'amd64', os.version: '6.1', java.version: '1.8.0_102'
Driver info: com.kms.katalon.core.webui.driver.ExistingRemoteWebDriver
Capabilities {javascriptEnabled: true, platform: ANY, platformName: ANY}
Session ID: 2609dc86013a09d8daebbf33ac0c67a9)
[[ATTACHMENT|C:\\Users\\Arcadier\\git\\Arctick\\Reports\\Suites\\Admin Add Category\\20190520_082941\\1558313530398.png]]

2019-05-20 08:52:10 - [TEST_STEP][PASSED] - setText: Text 'Description78' is set on object 'Object Repository/ADMIN/Categories/Category/textfield_category_description'

2019-05-20 08:52:11 - [MESSAGE][PASSED] - Text 'Description78' is set on object 'Object Repository/ADMIN/Categories/Category/textfield_category_description'

2019-05-20 08:52:11 - [TEST_STEP][PASSED] - click: Object: 'Object Repository/ADMIN/Categories/Category/button_Save' is clicked on

2019-05-20 08:52:12 - [MESSAGE][PASSED] - Object: 'Object Repository/ADMIN/Categories/Category/button_Save' is clicked on

2019-05-20 08:52:12 - [TEST_STEP][PASSED] - waitForElementVisible: Object 'Object Repository/ADMIN/Categories/Category/label_edit popup' is visible

2019-05-20 08:52:12 - [MESSAGE][WARNING] - Timeout '0' is invalid. Using default page load timeout: '30'

2019-05-20 08:52:12 - [MESSAGE][PASSED] - Object 'Object Repository/ADMIN/Categories/Category/label_edit popup' is visible

2019-05-20 08:52:13 - [TEST_STEP][PASSED] - waitForElementNotPresent: Web element with id: 'Object Repository/ADMIN/Categories/Category/label_edit popup' located by 'By.xpath: //div[(text() = 'Category was successfully saved.' or . = 'Category was successfully saved.')]' is not present after '30' second(s)

2019-05-20 08:52:13 - [MESSAGE][WARNING] - Timeout '0' is invalid. Using default page load timeout: '30'

2019-05-20 08:52:18 - [MESSAGE][PASSED] - Web element with id: 'Object Repository/ADMIN/Categories/Category/label_edit popup' located by 'By.xpath: //div[(text() = 'Category was successfully saved.' or . = 'Category was successfully saved.')]' is not present after '30' second(s)]]></system-out>
         <system-err><![CDATA[2019-05-20 08:52:01 - [TEST_CASE][FAILED] - Test Cases/ADMIN/Content Mgmt/Categories/Category Add-Edit/Add Category: Test Cases/ADMIN/Content Mgmt/Categories/Category Add-Edit/Add Category FAILED because (of) Unable to click on object 'Object Repository/ADMIN/Categories/Category List/button_Categories' (Root cause: org.openqa.selenium.ElementNotVisibleException: element not visible
  (Session info: chrome=74.0.3729.157)
  (Driver info: chromedriver=2.35.528161 (5b82f2d2aae0ca24b877009200ced9065a772e73),platform=Windows NT 6.1.7601 SP1 x86_64) (WARNING: The server did not provide any stacktrace information)
Command duration or timeout: 0 milliseconds
Build info: version: '3.7.1', revision: '8a0099a', time: '2017-11-06T21:07:36.161Z'
System info: host: 'ARCADIER-PC', ip: '10.10.31.95', os.name: 'Windows 7', os.arch: 'amd64', os.version: '6.1', java.version: '1.8.0_102'
Driver info: com.kms.katalon.core.webui.driver.ExistingRemoteWebDriver
Capabilities {javascriptEnabled: true, platform: ANY, platformName: ANY}
Session ID: 2609dc86013a09d8daebbf33ac0c67a9)]]></system-err>
      </testcase>
      <testcase name="Test Cases/ADMIN/Content Mgmt/Categories/Category Add-Edit/Add Category" classname="Test Cases/ADMIN/Content Mgmt/Categories/Category Add-Edit/Add Category" status="PASSED">
         <system-out><![CDATA[2019-05-20 08:52:18 - [TEST_CASE][PASSED] - Test Cases/ADMIN/Content Mgmt/Categories/Category Add-Edit/Add Category: Test Cases/ADMIN/Content Mgmt/Categories/Category Add-Edit/Add Category

2019-05-20 08:52:18 - [TEST_STEP][PASSED] - waitForElementVisible: Object 'Object Repository/ADMIN/Categories/Category List/button_Content Mgmt' is visible

2019-05-20 08:52:18 - [MESSAGE][WARNING] - Timeout '0' is invalid. Using default page load timeout: '30'

2019-05-20 08:52:19 - [MESSAGE][PASSED] - Object 'Object Repository/ADMIN/Categories/Category List/button_Content Mgmt' is visible

2019-05-20 08:52:19 - [TEST_STEP][PASSED] - click: Object: 'Object Repository/ADMIN/Categories/Category List/button_Content Mgmt' is clicked on

2019-05-20 08:52:19 - [MESSAGE][PASSED] - Object: 'Object Repository/ADMIN/Categories/Category List/button_Content Mgmt' is clicked on

2019-05-20 08:52:19 - [TEST_STEP][PASSED] - waitForElementVisible: Object 'Object Repository/ADMIN/Categories/Category List/button_Categories' is visible

2019-05-20 08:52:19 - [MESSAGE][WARNING] - Timeout '0' is invalid. Using default page load timeout: '30'

2019-05-20 08:52:19 - [MESSAGE][PASSED] - Object 'Object Repository/ADMIN/Categories/Category List/button_Categories' is visible

2019-05-20 08:52:19 - [TEST_STEP][PASSED] - click: Object: 'Object Repository/ADMIN/Categories/Category List/button_Categories' is clicked on

2019-05-20 08:52:19 - [MESSAGE][PASSED] - Object: 'Object Repository/ADMIN/Categories/Category List/button_Categories' is clicked on

2019-05-20 08:52:19 - [TEST_STEP][PASSED] - waitForPageLoad: Wait for page load successfully

2019-05-20 08:52:19 - [MESSAGE][WARNING] - Timeout '0' is invalid. Using default page load timeout: '30'

2019-05-20 08:52:20 - [MESSAGE][PASSED] - Wait for page load successfully

2019-05-20 08:52:20 - [TEST_STEP][PASSED] - click: Object: 'Object Repository/ADMIN/Categories/Category List/button_Add a Category' is clicked on

2019-05-20 08:52:20 - [MESSAGE][PASSED] - Object: 'Object Repository/ADMIN/Categories/Category List/button_Add a Category' is clicked on

2019-05-20 08:52:20 - [TEST_STEP][PASSED] - waitForElementPresent: Object 'Object Repository/ADMIN/Categories/Category/dropdown_Parent' is present

2019-05-20 08:52:20 - [MESSAGE][PASSED] - Object 'Object Repository/ADMIN/Categories/Category/dropdown_Parent' is present

2019-05-20 08:52:20 - [TEST_STEP][PASSED] - delay: Delayed 1 second(s)

2019-05-20 08:52:21 - [MESSAGE][PASSED] - Delayed 1 second(s)

2019-05-20 08:52:21 - [TEST_STEP][PASSED] - setText: Text 'Category 5.4' is set on object 'Object Repository/ADMIN/Categories/Category/textfield_Category Name'

2019-05-20 08:52:21 - [MESSAGE][PASSED] - Text 'Category 5.4' is set on object 'Object Repository/ADMIN/Categories/Category/textfield_Category Name'

2019-05-20 08:52:22 - [TEST_STEP][PASSED] - click: Object: 'Object Repository/ADMIN/Categories/Category/dropdown_Parent' is clicked on

2019-05-20 08:52:22 - [MESSAGE][PASSED] - Object: 'Object Repository/ADMIN/Categories/Category/dropdown_Parent' is clicked on

2019-05-20 08:52:22 - [TEST_STEP][PASSED] - delay: Delayed 2 second(s)

2019-05-20 08:52:24 - [MESSAGE][PASSED] - Delayed 2 second(s)

2019-05-20 08:52:24 - [TEST_STEP][PASSED] - click: Object: 'Object Repository/ADMIN/Categories/Category/dropdown_Parent' is clicked on

2019-05-20 08:52:24 - [MESSAGE][PASSED] - Object: 'Object Repository/ADMIN/Categories/Category/dropdown_Parent' is clicked on

2019-05-20 08:52:24 - [TEST_STEP][PASSED] - selectOptionByLabel: All options with label 'Category 5' are selected in object 'Object Repository/ADMIN/Categories/Category/dropdown_Parent' 

2019-05-20 08:52:25 - [MESSAGE][PASSED] - All options with label 'Category 5' are selected in object 'Object Repository/ADMIN/Categories/Category/dropdown_Parent' 

2019-05-20 08:52:25 - [TEST_STEP][PASSED] - click: Object: 'Object Repository/ADMIN/Categories/Category/button_Browse' is clicked on

2019-05-20 08:52:25 - [MESSAGE][PASSED] - Object: 'Object Repository/ADMIN/Categories/Category/button_Browse' is clicked on

2019-05-20 08:52:25 - [TEST_STEP][PASSED] - delay: Delayed 1 second(s)

2019-05-20 08:52:26 - [MESSAGE][PASSED] - Delayed 1 second(s)

2019-05-20 08:52:26 - [TEST_STEP][PASSED] - uploadFile: File 'C:\\Katalon\\Image\\pic6.jpg' sent to object: 'Object Repository/ADMIN/Categories/Category/image_input image'

2019-05-20 08:52:26 - [MESSAGE][PASSED] - File 'C:\\Katalon\\Image\\pic6.jpg' sent to object: 'Object Repository/ADMIN/Categories/Category/image_input image'

2019-05-20 08:52:26 - [TEST_STEP][PASSED] - waitForElementVisible: Object 'Object Repository/ADMIN/Categories/Category/button_upload check' is visible

2019-05-20 08:52:26 - [MESSAGE][WARNING] - Timeout '0' is invalid. Using default page load timeout: '30'

2019-05-20 08:52:26 - [MESSAGE][PASSED] - Object 'Object Repository/ADMIN/Categories/Category/button_upload check' is visible

2019-05-20 08:52:26 - [TEST_STEP][PASSED] - click: Object: 'Object Repository/ADMIN/Categories/Category/button_upload check' is clicked on

2019-05-20 08:52:26 - [MESSAGE][PASSED] - Object: 'Object Repository/ADMIN/Categories/Category/button_upload check' is clicked on

2019-05-20 08:52:26 - [TEST_STEP][PASSED] - click: Object: 'Object Repository/ADMIN/Categories/Category/button_upload save' is clicked on

2019-05-20 08:52:27 - [MESSAGE][PASSED] - Object: 'Object Repository/ADMIN/Categories/Category/button_upload save' is clicked on

2019-05-20 08:52:27 - [TEST_STEP][PASSED] - waitForElementVisible: Object 'Object Repository/ADMIN/Categories/Category/button_upload save' is visible

2019-05-20 08:52:27 - [MESSAGE][WARNING] - Timeout '0' is invalid. Using default page load timeout: '30'

2019-05-20 08:52:28 - [MESSAGE][PASSED] - Object 'Object Repository/ADMIN/Categories/Category/button_upload save' is visible

2019-05-20 08:52:28 - [TEST_STEP][PASSED] - setText: Text 'Description79' is set on object 'Object Repository/ADMIN/Categories/Category/textfield_category_description'

2019-05-20 08:52:28 - [MESSAGE][PASSED] - Text 'Description79' is set on object 'Object Repository/ADMIN/Categories/Category/textfield_category_description'

2019-05-20 08:52:28 - [TEST_STEP][PASSED] - click: Object: 'Object Repository/ADMIN/Categories/Category/button_Save' is clicked on

2019-05-20 08:52:29 - [MESSAGE][PASSED] - Object: 'Object Repository/ADMIN/Categories/Category/button_Save' is clicked on

2019-05-20 08:52:29 - [TEST_STEP][PASSED] - waitForElementVisible: Object 'Object Repository/ADMIN/Categories/Category/label_edit popup' is visible

2019-05-20 08:52:29 - [MESSAGE][WARNING] - Timeout '0' is invalid. Using default page load timeout: '30'

2019-05-20 08:52:30 - [MESSAGE][PASSED] - Object 'Object Repository/ADMIN/Categories/Category/label_edit popup' is visible

2019-05-20 08:52:30 - [TEST_STEP][PASSED] - waitForElementNotPresent: Web element with id: 'Object Repository/ADMIN/Categories/Category/label_edit popup' located by 'By.xpath: //div[(text() = 'Category was successfully saved.' or . = 'Category was successfully saved.')]' is not present after '30' second(s)

2019-05-20 08:52:30 - [MESSAGE][WARNING] - Timeout '0' is invalid. Using default page load timeout: '30'

2019-05-20 08:52:36 - [MESSAGE][PASSED] - Web element with id: 'Object Repository/ADMIN/Categories/Category/label_edit popup' located by 'By.xpath: //div[(text() = 'Category was successfully saved.' or . = 'Category was successfully saved.')]' is not present after '30' second(s)]]></system-out>
         <system-err><![CDATA[]]></system-err>
      </testcase>
      <testcase name="Test Cases/ADMIN/Content Mgmt/Categories/Category Add-Edit/Add Category" classname="Test Cases/ADMIN/Content Mgmt/Categories/Category Add-Edit/Add Category" status="PASSED">
         <system-out><![CDATA[2019-05-20 08:52:36 - [TEST_CASE][PASSED] - Test Cases/ADMIN/Content Mgmt/Categories/Category Add-Edit/Add Category: Test Cases/ADMIN/Content Mgmt/Categories/Category Add-Edit/Add Category

2019-05-20 08:52:36 - [TEST_STEP][PASSED] - waitForElementVisible: Object 'Object Repository/ADMIN/Categories/Category List/button_Content Mgmt' is visible

2019-05-20 08:52:36 - [MESSAGE][WARNING] - Timeout '0' is invalid. Using default page load timeout: '30'

2019-05-20 08:52:36 - [MESSAGE][PASSED] - Object 'Object Repository/ADMIN/Categories/Category List/button_Content Mgmt' is visible

2019-05-20 08:52:36 - [TEST_STEP][PASSED] - click: Object: 'Object Repository/ADMIN/Categories/Category List/button_Content Mgmt' is clicked on

2019-05-20 08:52:36 - [MESSAGE][PASSED] - Object: 'Object Repository/ADMIN/Categories/Category List/button_Content Mgmt' is clicked on

2019-05-20 08:52:36 - [TEST_STEP][PASSED] - waitForElementVisible: Object 'Object Repository/ADMIN/Categories/Category List/button_Categories' is visible

2019-05-20 08:52:36 - [MESSAGE][WARNING] - Timeout '0' is invalid. Using default page load timeout: '30'

2019-05-20 08:52:36 - [MESSAGE][PASSED] - Object 'Object Repository/ADMIN/Categories/Category List/button_Categories' is visible

2019-05-20 08:52:36 - [TEST_STEP][PASSED] - click: Object: 'Object Repository/ADMIN/Categories/Category List/button_Categories' is clicked on

2019-05-20 08:52:36 - [MESSAGE][PASSED] - Object: 'Object Repository/ADMIN/Categories/Category List/button_Categories' is clicked on

2019-05-20 08:52:36 - [TEST_STEP][PASSED] - waitForPageLoad: Wait for page load successfully

2019-05-20 08:52:36 - [MESSAGE][WARNING] - Timeout '0' is invalid. Using default page load timeout: '30'

2019-05-20 08:52:36 - [MESSAGE][PASSED] - Wait for page load successfully

2019-05-20 08:52:36 - [TEST_STEP][PASSED] - click: Object: 'Object Repository/ADMIN/Categories/Category List/button_Add a Category' is clicked on

2019-05-20 08:52:38 - [MESSAGE][PASSED] - Object: 'Object Repository/ADMIN/Categories/Category List/button_Add a Category' is clicked on

2019-05-20 08:52:38 - [TEST_STEP][PASSED] - waitForElementPresent: Object 'Object Repository/ADMIN/Categories/Category/dropdown_Parent' is present

2019-05-20 08:52:38 - [MESSAGE][PASSED] - Object 'Object Repository/ADMIN/Categories/Category/dropdown_Parent' is present

2019-05-20 08:52:38 - [TEST_STEP][PASSED] - delay: Delayed 1 second(s)

2019-05-20 08:52:39 - [MESSAGE][PASSED] - Delayed 1 second(s)

2019-05-20 08:52:39 - [TEST_STEP][PASSED] - setText: Text 'Category 6' is set on object 'Object Repository/ADMIN/Categories/Category/textfield_Category Name'

2019-05-20 08:52:39 - [MESSAGE][PASSED] - Text 'Category 6' is set on object 'Object Repository/ADMIN/Categories/Category/textfield_Category Name'

2019-05-20 08:52:39 - [TEST_STEP][PASSED] - click: Object: 'Object Repository/ADMIN/Categories/Category/dropdown_Parent' is clicked on

2019-05-20 08:52:39 - [MESSAGE][PASSED] - Object: 'Object Repository/ADMIN/Categories/Category/dropdown_Parent' is clicked on

2019-05-20 08:52:39 - [TEST_STEP][PASSED] - delay: Delayed 2 second(s)

2019-05-20 08:52:41 - [MESSAGE][PASSED] - Delayed 2 second(s)

2019-05-20 08:52:41 - [TEST_STEP][PASSED] - click: Object: 'Object Repository/ADMIN/Categories/Category/dropdown_Parent' is clicked on

2019-05-20 08:52:41 - [MESSAGE][PASSED] - Object: 'Object Repository/ADMIN/Categories/Category/dropdown_Parent' is clicked on

2019-05-20 08:52:41 - [TEST_STEP][PASSED] - selectOptionByLabel: All options with label '-' are selected in object 'Object Repository/ADMIN/Categories/Category/dropdown_Parent' 

2019-05-20 08:52:41 - [MESSAGE][PASSED] - All options with label '-' are selected in object 'Object Repository/ADMIN/Categories/Category/dropdown_Parent' 

2019-05-20 08:52:41 - [TEST_STEP][PASSED] - click: Object: 'Object Repository/ADMIN/Categories/Category/button_Browse' is clicked on

2019-05-20 08:52:41 - [MESSAGE][PASSED] - Object: 'Object Repository/ADMIN/Categories/Category/button_Browse' is clicked on

2019-05-20 08:52:41 - [TEST_STEP][PASSED] - delay: Delayed 1 second(s)

2019-05-20 08:52:42 - [MESSAGE][PASSED] - Delayed 1 second(s)

2019-05-20 08:52:42 - [TEST_STEP][PASSED] - uploadFile: File 'C:\\Katalon\\Image\\pic7.jpg' sent to object: 'Object Repository/ADMIN/Categories/Category/image_input image'

2019-05-20 08:52:42 - [MESSAGE][PASSED] - File 'C:\\Katalon\\Image\\pic7.jpg' sent to object: 'Object Repository/ADMIN/Categories/Category/image_input image'

2019-05-20 08:52:42 - [TEST_STEP][PASSED] - waitForElementVisible: Object 'Object Repository/ADMIN/Categories/Category/button_upload check' is visible

2019-05-20 08:52:42 - [MESSAGE][WARNING] - Timeout '0' is invalid. Using default page load timeout: '30'

2019-05-20 08:52:42 - [MESSAGE][PASSED] - Object 'Object Repository/ADMIN/Categories/Category/button_upload check' is visible

2019-05-20 08:52:42 - [TEST_STEP][PASSED] - click: Object: 'Object Repository/ADMIN/Categories/Category/button_upload check' is clicked on

2019-05-20 08:52:43 - [MESSAGE][PASSED] - Object: 'Object Repository/ADMIN/Categories/Category/button_upload check' is clicked on

2019-05-20 08:52:43 - [TEST_STEP][PASSED] - click: Object: 'Object Repository/ADMIN/Categories/Category/button_upload save' is clicked on

2019-05-20 08:52:43 - [MESSAGE][PASSED] - Object: 'Object Repository/ADMIN/Categories/Category/button_upload save' is clicked on

2019-05-20 08:52:43 - [TEST_STEP][PASSED] - waitForElementVisible: Web element with id: 'Object Repository/ADMIN/Categories/Category/button_upload save' located by 'By.xpath: //a[@class = 'btn btn-warning download' and (text() = ' Add Photo' or . = ' Add Photo')]' not found

2019-05-20 08:52:43 - [MESSAGE][WARNING] - Timeout '0' is invalid. Using default page load timeout: '30'

2019-05-20 08:53:17 - [MESSAGE][WARNING] - Web element with id: 'Object Repository/ADMIN/Categories/Category/button_upload save' located by 'By.xpath: //a[@class = 'btn btn-warning download' and (text() = ' Add Photo' or . = ' Add Photo')]' not found

2019-05-20 08:53:17 - [TEST_STEP][PASSED] - setText: Text '' is set on object 'Object Repository/ADMIN/Categories/Category/textfield_category_description'

2019-05-20 08:53:17 - [MESSAGE][PASSED] - Text '' is set on object 'Object Repository/ADMIN/Categories/Category/textfield_category_description'

2019-05-20 08:53:17 - [TEST_STEP][PASSED] - click: Object: 'Object Repository/ADMIN/Categories/Category/button_Save' is clicked on

2019-05-20 08:53:17 - [MESSAGE][PASSED] - Object: 'Object Repository/ADMIN/Categories/Category/button_Save' is clicked on

2019-05-20 08:53:17 - [TEST_STEP][PASSED] - waitForElementVisible: Object 'Object Repository/ADMIN/Categories/Category/label_edit popup' is visible

2019-05-20 08:53:17 - [MESSAGE][WARNING] - Timeout '0' is invalid. Using default page load timeout: '30'

2019-05-20 08:53:18 - [MESSAGE][PASSED] - Object 'Object Repository/ADMIN/Categories/Category/label_edit popup' is visible

2019-05-20 08:53:18 - [TEST_STEP][PASSED] - waitForElementNotPresent: Web element with id: 'Object Repository/ADMIN/Categories/Category/label_edit popup' located by 'By.xpath: //div[(text() = 'Category was successfully saved.' or . = 'Category was successfully saved.')]' is not present after '30' second(s)

2019-05-20 08:53:18 - [MESSAGE][WARNING] - Timeout '0' is invalid. Using default page load timeout: '30'

2019-05-20 08:53:24 - [MESSAGE][PASSED] - Web element with id: 'Object Repository/ADMIN/Categories/Category/label_edit popup' located by 'By.xpath: //div[(text() = 'Category was successfully saved.' or . = 'Category was successfully saved.')]' is not present after '30' second(s)]]></system-out>
         <system-err><![CDATA[]]></system-err>
      </testcase>
      <testcase name="Test Cases/ADMIN/Content Mgmt/Categories/Category Add-Edit/Add Category" classname="Test Cases/ADMIN/Content Mgmt/Categories/Category Add-Edit/Add Category" status="FAILED">
         <failure type="FAILED" message="Unable to click on object 'Object Repository/ADMIN/Categories/Category List/button_Categories' (Root cause: org.openqa.selenium.ElementNotVisibleException: element not visible
  (Session info: chrome=74.0.3729.157)
  (Driver info: chromedriver=2.35.528161 (5b82f2d2aae0ca24b877009200ced9065a772e73),platform=Windows NT 6.1.7601 SP1 x86_64) (WARNING: The server did not provide any stacktrace information)
Command duration or timeout: 0 milliseconds
Build info: version: '3.7.1', revision: '8a0099a', time: '2017-11-06T21:07:36.161Z'
System info: host: 'ARCADIER-PC', ip: '10.10.31.95', os.name: 'Windows 7', os.arch: 'amd64', os.version: '6.1', java.version: '1.8.0_102'
Driver info: com.kms.katalon.core.webui.driver.ExistingRemoteWebDriver
Capabilities {javascriptEnabled: true, platform: ANY, platformName: ANY}
Session ID: 2609dc86013a09d8daebbf33ac0c67a9)"/>
         <system-out><![CDATA[2019-05-20 08:53:24 - [TEST_CASE][FAILED] - Test Cases/ADMIN/Content Mgmt/Categories/Category Add-Edit/Add Category: Test Cases/ADMIN/Content Mgmt/Categories/Category Add-Edit/Add Category FAILED because (of) Unable to click on object 'Object Repository/ADMIN/Categories/Category List/button_Categories' (Root cause: org.openqa.selenium.ElementNotVisibleException: element not visible
  (Session info: chrome=74.0.3729.157)
  (Driver info: chromedriver=2.35.528161 (5b82f2d2aae0ca24b877009200ced9065a772e73),platform=Windows NT 6.1.7601 SP1 x86_64) (WARNING: The server did not provide any stacktrace information)
Command duration or timeout: 0 milliseconds
Build info: version: '3.7.1', revision: '8a0099a', time: '2017-11-06T21:07:36.161Z'
System info: host: 'ARCADIER-PC', ip: '10.10.31.95', os.name: 'Windows 7', os.arch: 'amd64', os.version: '6.1', java.version: '1.8.0_102'
Driver info: com.kms.katalon.core.webui.driver.ExistingRemoteWebDriver
Capabilities {javascriptEnabled: true, platform: ANY, platformName: ANY}
Session ID: 2609dc86013a09d8daebbf33ac0c67a9)

2019-05-20 08:53:24 - [TEST_STEP][PASSED] - waitForElementVisible: Object 'Object Repository/ADMIN/Categories/Category List/button_Content Mgmt' is visible

2019-05-20 08:53:24 - [MESSAGE][WARNING] - Timeout '0' is invalid. Using default page load timeout: '30'

2019-05-20 08:53:24 - [MESSAGE][PASSED] - Object 'Object Repository/ADMIN/Categories/Category List/button_Content Mgmt' is visible

2019-05-20 08:53:24 - [TEST_STEP][PASSED] - click: Object: 'Object Repository/ADMIN/Categories/Category List/button_Content Mgmt' is clicked on

2019-05-20 08:53:24 - [MESSAGE][PASSED] - Object: 'Object Repository/ADMIN/Categories/Category List/button_Content Mgmt' is clicked on

2019-05-20 08:53:24 - [TEST_STEP][PASSED] - waitForElementVisible: Object 'Object Repository/ADMIN/Categories/Category List/button_Categories' is visible

2019-05-20 08:53:24 - [MESSAGE][WARNING] - Timeout '0' is invalid. Using default page load timeout: '30'

2019-05-20 08:53:24 - [MESSAGE][PASSED] - Object 'Object Repository/ADMIN/Categories/Category List/button_Categories' is visible

2019-05-20 08:53:24 - [TEST_STEP][FAILED] - click: Unable to click on object 'Object Repository/ADMIN/Categories/Category List/button_Categories' (Root cause: org.openqa.selenium.ElementNotVisibleException: element not visible
  (Session info: chrome=74.0.3729.157)
  (Driver info: chromedriver=2.35.528161 (5b82f2d2aae0ca24b877009200ced9065a772e73),platform=Windows NT 6.1.7601 SP1 x86_64) (WARNING: The server did not provide any stacktrace information)
Command duration or timeout: 0 milliseconds
Build info: version: '3.7.1', revision: '8a0099a', time: '2017-11-06T21:07:36.161Z'
System info: host: 'ARCADIER-PC', ip: '10.10.31.95', os.name: 'Windows 7', os.arch: 'amd64', os.version: '6.1', java.version: '1.8.0_102'
Driver info: com.kms.katalon.core.webui.driver.ExistingRemoteWebDriver
Capabilities {javascriptEnabled: true, platform: ANY, platformName: ANY}
Session ID: 2609dc86013a09d8daebbf33ac0c67a9)

2019-05-20 08:53:25 - [MESSAGE][FAILED] - Unable to click on object 'Object Repository/ADMIN/Categories/Category List/button_Categories' (Root cause: org.openqa.selenium.ElementNotVisibleException: element not visible
  (Session info: chrome=74.0.3729.157)
  (Driver info: chromedriver=2.35.528161 (5b82f2d2aae0ca24b877009200ced9065a772e73),platform=Windows NT 6.1.7601 SP1 x86_64) (WARNING: The server did not provide any stacktrace information)
Command duration or timeout: 0 milliseconds
Build info: version: '3.7.1', revision: '8a0099a', time: '2017-11-06T21:07:36.161Z'
System info: host: 'ARCADIER-PC', ip: '10.10.31.95', os.name: 'Windows 7', os.arch: 'amd64', os.version: '6.1', java.version: '1.8.0_102'
Driver info: com.kms.katalon.core.webui.driver.ExistingRemoteWebDriver
Capabilities {javascriptEnabled: true, platform: ANY, platformName: ANY}
Session ID: 2609dc86013a09d8daebbf33ac0c67a9)
[[ATTACHMENT|C:\\Users\\Arcadier\\git\\Arctick\\Reports\\Suites\\Admin Add Category\\20190520_082941\\1558313604882.png]]

2019-05-20 08:53:25 - [TEST_STEP][PASSED] - waitForPageLoad: Wait for page load successfully

2019-05-20 08:53:25 - [MESSAGE][WARNING] - Timeout '0' is invalid. Using default page load timeout: '30'

2019-05-20 08:53:25 - [MESSAGE][PASSED] - Wait for page load successfully

2019-05-20 08:53:25 - [TEST_STEP][PASSED] - click: Object: 'Object Repository/ADMIN/Categories/Category List/button_Add a Category' is clicked on

2019-05-20 08:53:25 - [MESSAGE][PASSED] - Object: 'Object Repository/ADMIN/Categories/Category List/button_Add a Category' is clicked on

2019-05-20 08:53:25 - [TEST_STEP][PASSED] - waitForElementPresent: Object 'Object Repository/ADMIN/Categories/Category/dropdown_Parent' is present

2019-05-20 08:53:25 - [MESSAGE][PASSED] - Object 'Object Repository/ADMIN/Categories/Category/dropdown_Parent' is present

2019-05-20 08:53:25 - [TEST_STEP][PASSED] - delay: Delayed 1 second(s)

2019-05-20 08:53:26 - [MESSAGE][PASSED] - Delayed 1 second(s)

2019-05-20 08:53:26 - [TEST_STEP][PASSED] - setText: Text 'Category 7' is set on object 'Object Repository/ADMIN/Categories/Category/textfield_Category Name'

2019-05-20 08:53:28 - [MESSAGE][PASSED] - Text 'Category 7' is set on object 'Object Repository/ADMIN/Categories/Category/textfield_Category Name'

2019-05-20 08:53:28 - [TEST_STEP][PASSED] - click: Object: 'Object Repository/ADMIN/Categories/Category/dropdown_Parent' is clicked on

2019-05-20 08:53:28 - [MESSAGE][PASSED] - Object: 'Object Repository/ADMIN/Categories/Category/dropdown_Parent' is clicked on

2019-05-20 08:53:28 - [TEST_STEP][PASSED] - delay: Delayed 2 second(s)

2019-05-20 08:53:30 - [MESSAGE][PASSED] - Delayed 2 second(s)

2019-05-20 08:53:30 - [TEST_STEP][PASSED] - click: Object: 'Object Repository/ADMIN/Categories/Category/dropdown_Parent' is clicked on

2019-05-20 08:53:30 - [MESSAGE][PASSED] - Object: 'Object Repository/ADMIN/Categories/Category/dropdown_Parent' is clicked on

2019-05-20 08:53:30 - [TEST_STEP][PASSED] - selectOptionByLabel: All options with label '-' are selected in object 'Object Repository/ADMIN/Categories/Category/dropdown_Parent' 

2019-05-20 08:53:30 - [MESSAGE][PASSED] - All options with label '-' are selected in object 'Object Repository/ADMIN/Categories/Category/dropdown_Parent' 

2019-05-20 08:53:30 - [TEST_STEP][PASSED] - click: Object: 'Object Repository/ADMIN/Categories/Category/button_Browse' is clicked on

2019-05-20 08:53:30 - [MESSAGE][PASSED] - Object: 'Object Repository/ADMIN/Categories/Category/button_Browse' is clicked on

2019-05-20 08:53:30 - [TEST_STEP][PASSED] - delay: Delayed 1 second(s)

2019-05-20 08:53:31 - [MESSAGE][PASSED] - Delayed 1 second(s)

2019-05-20 08:53:31 - [TEST_STEP][PASSED] - uploadFile: File 'C:\\Katalon\\Image\\pic8.jpg' sent to object: 'Object Repository/ADMIN/Categories/Category/image_input image'

2019-05-20 08:53:31 - [MESSAGE][PASSED] - File 'C:\\Katalon\\Image\\pic8.jpg' sent to object: 'Object Repository/ADMIN/Categories/Category/image_input image'

2019-05-20 08:53:31 - [TEST_STEP][PASSED] - waitForElementVisible: Object 'Object Repository/ADMIN/Categories/Category/button_upload check' is visible

2019-05-20 08:53:31 - [MESSAGE][WARNING] - Timeout '0' is invalid. Using default page load timeout: '30'

2019-05-20 08:53:31 - [MESSAGE][PASSED] - Object 'Object Repository/ADMIN/Categories/Category/button_upload check' is visible

2019-05-20 08:53:31 - [TEST_STEP][PASSED] - click: Object: 'Object Repository/ADMIN/Categories/Category/button_upload check' is clicked on

2019-05-20 08:53:31 - [MESSAGE][PASSED] - Object: 'Object Repository/ADMIN/Categories/Category/button_upload check' is clicked on

2019-05-20 08:53:31 - [TEST_STEP][PASSED] - click: Object: 'Object Repository/ADMIN/Categories/Category/button_upload save' is clicked on

2019-05-20 08:53:31 - [MESSAGE][PASSED] - Object: 'Object Repository/ADMIN/Categories/Category/button_upload save' is clicked on

2019-05-20 08:53:31 - [TEST_STEP][PASSED] - waitForElementVisible: Object 'Object Repository/ADMIN/Categories/Category/button_upload save' is visible

2019-05-20 08:53:31 - [MESSAGE][WARNING] - Timeout '0' is invalid. Using default page load timeout: '30'

2019-05-20 08:53:31 - [MESSAGE][PASSED] - Object 'Object Repository/ADMIN/Categories/Category/button_upload save' is visible

2019-05-20 08:53:33 - [TEST_STEP][PASSED] - setText: Text '' is set on object 'Object Repository/ADMIN/Categories/Category/textfield_category_description'

2019-05-20 08:53:33 - [MESSAGE][PASSED] - Text '' is set on object 'Object Repository/ADMIN/Categories/Category/textfield_category_description'

2019-05-20 08:53:33 - [TEST_STEP][PASSED] - click: Object: 'Object Repository/ADMIN/Categories/Category/button_Save' is clicked on

2019-05-20 08:53:35 - [MESSAGE][PASSED] - Object: 'Object Repository/ADMIN/Categories/Category/button_Save' is clicked on

2019-05-20 08:53:35 - [TEST_STEP][PASSED] - waitForElementVisible: Object 'Object Repository/ADMIN/Categories/Category/label_edit popup' is visible

2019-05-20 08:53:35 - [MESSAGE][WARNING] - Timeout '0' is invalid. Using default page load timeout: '30'

2019-05-20 08:53:35 - [MESSAGE][PASSED] - Object 'Object Repository/ADMIN/Categories/Category/label_edit popup' is visible

2019-05-20 08:53:35 - [TEST_STEP][PASSED] - waitForElementNotPresent: Web element with id: 'Object Repository/ADMIN/Categories/Category/label_edit popup' located by 'By.xpath: //div[(text() = 'Category was successfully saved.' or . = 'Category was successfully saved.')]' is not present after '30' second(s)

2019-05-20 08:53:36 - [MESSAGE][WARNING] - Timeout '0' is invalid. Using default page load timeout: '30'

2019-05-20 08:53:41 - [MESSAGE][PASSED] - Web element with id: 'Object Repository/ADMIN/Categories/Category/label_edit popup' located by 'By.xpath: //div[(text() = 'Category was successfully saved.' or . = 'Category was successfully saved.')]' is not present after '30' second(s)]]></system-out>
         <system-err><![CDATA[2019-05-20 08:53:24 - [TEST_CASE][FAILED] - Test Cases/ADMIN/Content Mgmt/Categories/Category Add-Edit/Add Category: Test Cases/ADMIN/Content Mgmt/Categories/Category Add-Edit/Add Category FAILED because (of) Unable to click on object 'Object Repository/ADMIN/Categories/Category List/button_Categories' (Root cause: org.openqa.selenium.ElementNotVisibleException: element not visible
  (Session info: chrome=74.0.3729.157)
  (Driver info: chromedriver=2.35.528161 (5b82f2d2aae0ca24b877009200ced9065a772e73),platform=Windows NT 6.1.7601 SP1 x86_64) (WARNING: The server did not provide any stacktrace information)
Command duration or timeout: 0 milliseconds
Build info: version: '3.7.1', revision: '8a0099a', time: '2017-11-06T21:07:36.161Z'
System info: host: 'ARCADIER-PC', ip: '10.10.31.95', os.name: 'Windows 7', os.arch: 'amd64', os.version: '6.1', java.version: '1.8.0_102'
Driver info: com.kms.katalon.core.webui.driver.ExistingRemoteWebDriver
Capabilities {javascriptEnabled: true, platform: ANY, platformName: ANY}
Session ID: 2609dc86013a09d8daebbf33ac0c67a9)]]></system-err>
      </testcase>
      <testcase name="Test Cases/ADMIN/Content Mgmt/Categories/Category Add-Edit/Add Category" classname="Test Cases/ADMIN/Content Mgmt/Categories/Category Add-Edit/Add Category" status="FAILED">
         <failure type="FAILED" message="Unable to click on object 'Object Repository/ADMIN/Categories/Category List/button_Categories' (Root cause: org.openqa.selenium.ElementNotVisibleException: element not visible
  (Session info: chrome=74.0.3729.157)
  (Driver info: chromedriver=2.35.528161 (5b82f2d2aae0ca24b877009200ced9065a772e73),platform=Windows NT 6.1.7601 SP1 x86_64) (WARNING: The server did not provide any stacktrace information)
Command duration or timeout: 0 milliseconds
Build info: version: '3.7.1', revision: '8a0099a', time: '2017-11-06T21:07:36.161Z'
System info: host: 'ARCADIER-PC', ip: '10.10.31.95', os.name: 'Windows 7', os.arch: 'amd64', os.version: '6.1', java.version: '1.8.0_102'
Driver info: com.kms.katalon.core.webui.driver.ExistingRemoteWebDriver
Capabilities {javascriptEnabled: true, platform: ANY, platformName: ANY}
Session ID: 2609dc86013a09d8daebbf33ac0c67a9)"/>
         <system-out><![CDATA[2019-05-20 08:53:41 - [TEST_CASE][FAILED] - Test Cases/ADMIN/Content Mgmt/Categories/Category Add-Edit/Add Category: Test Cases/ADMIN/Content Mgmt/Categories/Category Add-Edit/Add Category FAILED because (of) Unable to click on object 'Object Repository/ADMIN/Categories/Category List/button_Categories' (Root cause: org.openqa.selenium.ElementNotVisibleException: element not visible
  (Session info: chrome=74.0.3729.157)
  (Driver info: chromedriver=2.35.528161 (5b82f2d2aae0ca24b877009200ced9065a772e73),platform=Windows NT 6.1.7601 SP1 x86_64) (WARNING: The server did not provide any stacktrace information)
Command duration or timeout: 0 milliseconds
Build info: version: '3.7.1', revision: '8a0099a', time: '2017-11-06T21:07:36.161Z'
System info: host: 'ARCADIER-PC', ip: '10.10.31.95', os.name: 'Windows 7', os.arch: 'amd64', os.version: '6.1', java.version: '1.8.0_102'
Driver info: com.kms.katalon.core.webui.driver.ExistingRemoteWebDriver
Capabilities {javascriptEnabled: true, platform: ANY, platformName: ANY}
Session ID: 2609dc86013a09d8daebbf33ac0c67a9)

2019-05-20 08:53:41 - [TEST_STEP][PASSED] - waitForElementVisible: Object 'Object Repository/ADMIN/Categories/Category List/button_Content Mgmt' is visible

2019-05-20 08:53:41 - [MESSAGE][WARNING] - Timeout '0' is invalid. Using default page load timeout: '30'

2019-05-20 08:53:42 - [MESSAGE][PASSED] - Object 'Object Repository/ADMIN/Categories/Category List/button_Content Mgmt' is visible

2019-05-20 08:53:42 - [TEST_STEP][PASSED] - click: Object: 'Object Repository/ADMIN/Categories/Category List/button_Content Mgmt' is clicked on

2019-05-20 08:53:42 - [MESSAGE][PASSED] - Object: 'Object Repository/ADMIN/Categories/Category List/button_Content Mgmt' is clicked on

2019-05-20 08:53:42 - [TEST_STEP][PASSED] - waitForElementVisible: Object 'Object Repository/ADMIN/Categories/Category List/button_Categories' is visible

2019-05-20 08:53:42 - [MESSAGE][WARNING] - Timeout '0' is invalid. Using default page load timeout: '30'

2019-05-20 08:53:42 - [MESSAGE][PASSED] - Object 'Object Repository/ADMIN/Categories/Category List/button_Categories' is visible

2019-05-20 08:53:42 - [TEST_STEP][FAILED] - click: Unable to click on object 'Object Repository/ADMIN/Categories/Category List/button_Categories' (Root cause: org.openqa.selenium.ElementNotVisibleException: element not visible
  (Session info: chrome=74.0.3729.157)
  (Driver info: chromedriver=2.35.528161 (5b82f2d2aae0ca24b877009200ced9065a772e73),platform=Windows NT 6.1.7601 SP1 x86_64) (WARNING: The server did not provide any stacktrace information)
Command duration or timeout: 0 milliseconds
Build info: version: '3.7.1', revision: '8a0099a', time: '2017-11-06T21:07:36.161Z'
System info: host: 'ARCADIER-PC', ip: '10.10.31.95', os.name: 'Windows 7', os.arch: 'amd64', os.version: '6.1', java.version: '1.8.0_102'
Driver info: com.kms.katalon.core.webui.driver.ExistingRemoteWebDriver
Capabilities {javascriptEnabled: true, platform: ANY, platformName: ANY}
Session ID: 2609dc86013a09d8daebbf33ac0c67a9)

2019-05-20 08:53:43 - [MESSAGE][FAILED] - Unable to click on object 'Object Repository/ADMIN/Categories/Category List/button_Categories' (Root cause: org.openqa.selenium.ElementNotVisibleException: element not visible
  (Session info: chrome=74.0.3729.157)
  (Driver info: chromedriver=2.35.528161 (5b82f2d2aae0ca24b877009200ced9065a772e73),platform=Windows NT 6.1.7601 SP1 x86_64) (WARNING: The server did not provide any stacktrace information)
Command duration or timeout: 0 milliseconds
Build info: version: '3.7.1', revision: '8a0099a', time: '2017-11-06T21:07:36.161Z'
System info: host: 'ARCADIER-PC', ip: '10.10.31.95', os.name: 'Windows 7', os.arch: 'amd64', os.version: '6.1', java.version: '1.8.0_102'
Driver info: com.kms.katalon.core.webui.driver.ExistingRemoteWebDriver
Capabilities {javascriptEnabled: true, platform: ANY, platformName: ANY}
Session ID: 2609dc86013a09d8daebbf33ac0c67a9)
[[ATTACHMENT|C:\\Users\\Arcadier\\git\\Arctick\\Reports\\Suites\\Admin Add Category\\20190520_082941\\1558313622716.png]]

2019-05-20 08:53:43 - [TEST_STEP][PASSED] - waitForPageLoad: Wait for page load successfully

2019-05-20 08:53:43 - [MESSAGE][WARNING] - Timeout '0' is invalid. Using default page load timeout: '30'

2019-05-20 08:53:43 - [MESSAGE][PASSED] - Wait for page load successfully

2019-05-20 08:53:43 - [TEST_STEP][PASSED] - click: Object: 'Object Repository/ADMIN/Categories/Category List/button_Add a Category' is clicked on

2019-05-20 08:53:43 - [MESSAGE][PASSED] - Object: 'Object Repository/ADMIN/Categories/Category List/button_Add a Category' is clicked on

2019-05-20 08:53:43 - [TEST_STEP][PASSED] - waitForElementPresent: Object 'Object Repository/ADMIN/Categories/Category/dropdown_Parent' is present

2019-05-20 08:53:43 - [MESSAGE][PASSED] - Object 'Object Repository/ADMIN/Categories/Category/dropdown_Parent' is present

2019-05-20 08:53:43 - [TEST_STEP][PASSED] - delay: Delayed 1 second(s)

2019-05-20 08:53:44 - [MESSAGE][PASSED] - Delayed 1 second(s)

2019-05-20 08:53:44 - [TEST_STEP][PASSED] - setText: Text 'Category 8' is set on object 'Object Repository/ADMIN/Categories/Category/textfield_Category Name'

2019-05-20 08:53:44 - [MESSAGE][PASSED] - Text 'Category 8' is set on object 'Object Repository/ADMIN/Categories/Category/textfield_Category Name'

2019-05-20 08:53:44 - [TEST_STEP][PASSED] - click: Object: 'Object Repository/ADMIN/Categories/Category/dropdown_Parent' is clicked on

2019-05-20 08:53:45 - [MESSAGE][PASSED] - Object: 'Object Repository/ADMIN/Categories/Category/dropdown_Parent' is clicked on

2019-05-20 08:53:45 - [TEST_STEP][PASSED] - delay: Delayed 2 second(s)

2019-05-20 08:53:47 - [MESSAGE][PASSED] - Delayed 2 second(s)

2019-05-20 08:53:47 - [TEST_STEP][PASSED] - click: Object: 'Object Repository/ADMIN/Categories/Category/dropdown_Parent' is clicked on

2019-05-20 08:53:48 - [MESSAGE][PASSED] - Object: 'Object Repository/ADMIN/Categories/Category/dropdown_Parent' is clicked on

2019-05-20 08:53:48 - [TEST_STEP][PASSED] - selectOptionByLabel: All options with label '-' are selected in object 'Object Repository/ADMIN/Categories/Category/dropdown_Parent' 

2019-05-20 08:53:48 - [MESSAGE][PASSED] - All options with label '-' are selected in object 'Object Repository/ADMIN/Categories/Category/dropdown_Parent' 

2019-05-20 08:53:48 - [TEST_STEP][PASSED] - click: Object: 'Object Repository/ADMIN/Categories/Category/button_Browse' is clicked on

2019-05-20 08:53:48 - [MESSAGE][PASSED] - Object: 'Object Repository/ADMIN/Categories/Category/button_Browse' is clicked on

2019-05-20 08:53:48 - [TEST_STEP][PASSED] - delay: Delayed 1 second(s)

2019-05-20 08:53:49 - [MESSAGE][PASSED] - Delayed 1 second(s)

2019-05-20 08:53:49 - [TEST_STEP][PASSED] - uploadFile: File 'C:\\Katalon\\Image\\pic9.jpg' sent to object: 'Object Repository/ADMIN/Categories/Category/image_input image'

2019-05-20 08:53:49 - [MESSAGE][PASSED] - File 'C:\\Katalon\\Image\\pic9.jpg' sent to object: 'Object Repository/ADMIN/Categories/Category/image_input image'

2019-05-20 08:53:49 - [TEST_STEP][PASSED] - waitForElementVisible: Object 'Object Repository/ADMIN/Categories/Category/button_upload check' is visible

2019-05-20 08:53:49 - [MESSAGE][WARNING] - Timeout '0' is invalid. Using default page load timeout: '30'

2019-05-20 08:53:49 - [MESSAGE][PASSED] - Object 'Object Repository/ADMIN/Categories/Category/button_upload check' is visible

2019-05-20 08:53:49 - [TEST_STEP][PASSED] - click: Object: 'Object Repository/ADMIN/Categories/Category/button_upload check' is clicked on

2019-05-20 08:53:49 - [MESSAGE][PASSED] - Object: 'Object Repository/ADMIN/Categories/Category/button_upload check' is clicked on

2019-05-20 08:53:49 - [TEST_STEP][PASSED] - click: Object: 'Object Repository/ADMIN/Categories/Category/button_upload save' is clicked on

2019-05-20 08:53:51 - [MESSAGE][PASSED] - Object: 'Object Repository/ADMIN/Categories/Category/button_upload save' is clicked on

2019-05-20 08:53:51 - [TEST_STEP][PASSED] - waitForElementVisible: Object 'Object Repository/ADMIN/Categories/Category/button_upload save' is visible

2019-05-20 08:53:51 - [MESSAGE][WARNING] - Timeout '0' is invalid. Using default page load timeout: '30'

2019-05-20 08:53:51 - [MESSAGE][PASSED] - Object 'Object Repository/ADMIN/Categories/Category/button_upload save' is visible

2019-05-20 08:53:51 - [TEST_STEP][PASSED] - setText: Text '' is set on object 'Object Repository/ADMIN/Categories/Category/textfield_category_description'

2019-05-20 08:53:51 - [MESSAGE][PASSED] - Text '' is set on object 'Object Repository/ADMIN/Categories/Category/textfield_category_description'

2019-05-20 08:53:51 - [TEST_STEP][PASSED] - click: Object: 'Object Repository/ADMIN/Categories/Category/button_Save' is clicked on

2019-05-20 08:53:51 - [MESSAGE][PASSED] - Object: 'Object Repository/ADMIN/Categories/Category/button_Save' is clicked on

2019-05-20 08:53:53 - [TEST_STEP][PASSED] - waitForElementVisible: Object 'Object Repository/ADMIN/Categories/Category/label_edit popup' is visible

2019-05-20 08:53:53 - [MESSAGE][WARNING] - Timeout '0' is invalid. Using default page load timeout: '30'

2019-05-20 08:53:55 - [MESSAGE][PASSED] - Object 'Object Repository/ADMIN/Categories/Category/label_edit popup' is visible

2019-05-20 08:53:55 - [TEST_STEP][PASSED] - waitForElementNotPresent: Web element with id: 'Object Repository/ADMIN/Categories/Category/label_edit popup' located by 'By.xpath: //div[(text() = 'Category was successfully saved.' or . = 'Category was successfully saved.')]' is not present after '30' second(s)

2019-05-20 08:53:55 - [MESSAGE][WARNING] - Timeout '0' is invalid. Using default page load timeout: '30'

2019-05-20 08:53:58 - [MESSAGE][PASSED] - Web element with id: 'Object Repository/ADMIN/Categories/Category/label_edit popup' located by 'By.xpath: //div[(text() = 'Category was successfully saved.' or . = 'Category was successfully saved.')]' is not present after '30' second(s)]]></system-out>
         <system-err><![CDATA[2019-05-20 08:53:41 - [TEST_CASE][FAILED] - Test Cases/ADMIN/Content Mgmt/Categories/Category Add-Edit/Add Category: Test Cases/ADMIN/Content Mgmt/Categories/Category Add-Edit/Add Category FAILED because (of) Unable to click on object 'Object Repository/ADMIN/Categories/Category List/button_Categories' (Root cause: org.openqa.selenium.ElementNotVisibleException: element not visible
  (Session info: chrome=74.0.3729.157)
  (Driver info: chromedriver=2.35.528161 (5b82f2d2aae0ca24b877009200ced9065a772e73),platform=Windows NT 6.1.7601 SP1 x86_64) (WARNING: The server did not provide any stacktrace information)
Command duration or timeout: 0 milliseconds
Build info: version: '3.7.1', revision: '8a0099a', time: '2017-11-06T21:07:36.161Z'
System info: host: 'ARCADIER-PC', ip: '10.10.31.95', os.name: 'Windows 7', os.arch: 'amd64', os.version: '6.1', java.version: '1.8.0_102'
Driver info: com.kms.katalon.core.webui.driver.ExistingRemoteWebDriver
Capabilities {javascriptEnabled: true, platform: ANY, platformName: ANY}
Session ID: 2609dc86013a09d8daebbf33ac0c67a9)]]></system-err>
      </testcase>
      <testcase name="Test Cases/Utilities/ADMIN/Admin Logout" classname="Test Cases/Utilities/ADMIN/Admin Logout" status="PASSED">
         <system-out><![CDATA[2019-05-20 08:53:58 - [TEST_CASE][PASSED] - Test Cases/Utilities/ADMIN/Admin Logout: Test Cases/Utilities/ADMIN/Admin Logout

2019-05-20 08:53:58 - [TEST_STEP][PASSED] - waitForElementVisible: Object 'Object Repository/Utilities/Admin Logout/button_Logout' is visible

2019-05-20 08:53:58 - [MESSAGE][WARNING] - Timeout '0' is invalid. Using default page load timeout: '30'

2019-05-20 08:53:58 - [MESSAGE][PASSED] - Object 'Object Repository/Utilities/Admin Logout/button_Logout' is visible

2019-05-20 08:53:58 - [TEST_STEP][PASSED] - click: Object: 'Object Repository/Utilities/Admin Logout/button_Logout' is clicked on

2019-05-20 08:54:00 - [MESSAGE][PASSED] - Object: 'Object Repository/Utilities/Admin Logout/button_Logout' is clicked on]]></system-out>
         <system-err><![CDATA[]]></system-err>
      </testcase>
      <system-out><![CDATA[2019-05-20 08:29:44 - [TEST_SUITE][FAILED] - Admin Add Category: Test Cases/ADMIN/Content Mgmt/Categories/Category Add-Edit/Add Category FAILED because (of) Unable to click on object 'Object Repository/ADMIN/Categories/Category List/button_Categories' (Root cause: org.openqa.selenium.ElementNotVisibleException: element not visible
  (Session info: chrome=74.0.3729.157)
  (Driver info: chromedriver=2.35.528161 (5b82f2d2aae0ca24b877009200ced9065a772e73),platform=Windows NT 6.1.7601 SP1 x86_64) (WARNING: The server did not provide any stacktrace information)
Command duration or timeout: 0 milliseconds
Build info: version: '3.7.1', revision: '8a0099a', time: '2017-11-06T21:07:36.161Z'
System info: host: 'ARCADIER-PC', ip: '10.10.31.95', os.name: 'Windows 7', os.arch: 'amd64', os.version: '6.1', java.version: '1.8.0_102'
Driver info: com.kms.katalon.core.webui.driver.ExistingRemoteWebDriver
Capabilities {javascriptEnabled: true, platform: ANY, platformName: ANY}
Session ID: 2609dc86013a09d8daebbf33ac0c67a9)]]></system-out>
      <system-err><![CDATA[2019-05-20 08:29:44 - [TEST_SUITE][FAILED] - Admin Add Category: Test Cases/ADMIN/Content Mgmt/Categories/Category Add-Edit/Add Category FAILED because (of) Unable to click on object 'Object Repository/ADMIN/Categories/Category List/button_Categories' (Root cause: org.openqa.selenium.ElementNotVisibleException: element not visible
  (Session info: chrome=74.0.3729.157)
  (Driver info: chromedriver=2.35.528161 (5b82f2d2aae0ca24b877009200ced9065a772e73),platform=Windows NT 6.1.7601 SP1 x86_64) (WARNING: The server did not provide any stacktrace information)
Command duration or timeout: 0 milliseconds
Build info: version: '3.7.1', revision: '8a0099a', time: '2017-11-06T21:07:36.161Z'
System info: host: 'ARCADIER-PC', ip: '10.10.31.95', os.name: 'Windows 7', os.arch: 'amd64', os.version: '6.1', java.version: '1.8.0_102'
Driver info: com.kms.katalon.core.webui.driver.ExistingRemoteWebDriver
Capabilities {javascriptEnabled: true, platform: ANY, platformName: ANY}
Session ID: 2609dc86013a09d8daebbf33ac0c67a9)]]></system-err>
   </testsuite>
</testsuites>
